<?xml version="1.0" encoding="UTF-8"?>
<testsuite xmlns:xsi="http://www.w3.org/2001/XMLSchema-instance" xsi:noNamespaceSchemaLocation="https://maven.apache.org/surefire/maven-surefire-plugin/xsd/surefire-test-report.xsd" name="org.apache.hadoop.ozone.client.rpc.TestOzoneClientRetriesOnException" time="181.293" tests="2" errors="1" skipped="0" failures="0">
  <properties>
    <property name="awt.toolkit" value="sun.awt.X11.XToolkit"/>
    <property name="file.encoding.pkg" value="sun.io"/>
    <property name="java.specification.version" value="1.8"/>
    <property name="sun.cpu.isalist" value=""/>
    <property name="sun.jnu.encoding" value="UTF-8"/>
    <property name="java.class.path" value="/workdir/hadoop-ozone/integration-test/target/test-classes:/workdir/hadoop-ozone/integration-test/target/classes:/home/user/.m2/repository/org/apache/hadoop/hadoop-ozone-common/0.5.0-SNAPSHOT/hadoop-ozone-common-0.5.0-SNAPSHOT.jar:/home/user/.m2/repository/org/apache/commons/commons-compress/1.4.1/commons-compress-1.4.1.jar:/home/user/.m2/repository/org/tukaani/xz/1.0/xz-1.0.jar:/home/user/.m2/repository/org/apache/hadoop/hadoop-common/3.2.0/hadoop-common-3.2.0.jar:/home/user/.m2/repository/org/apache/hadoop/hadoop-hdfs/3.2.0/hadoop-hdfs-3.2.0.jar:/home/user/.m2/repository/org/apache/hadoop/hadoop-hdfs-client/3.2.0/hadoop-hdfs-client-3.2.0.jar:/home/user/.m2/repository/com/fasterxml/jackson/core/jackson-annotations/2.9.9/jackson-annotations-2.9.9.jar:/home/user/.m2/repository/org/apache/hadoop/hadoop-hdds-common/0.5.0-SNAPSHOT/hadoop-hdds-common-0.5.0-SNAPSHOT.jar:/home/user/.m2/repository/javax/annotation/javax.annotation-api/1.2/javax.annotation-api-1.2.jar:/home/user/.m2/repository/org/apache/ratis/ratis-server/0.5.0-201fc85-SNAPSHOT/ratis-server-0.5.0-201fc85-SNAPSHOT.jar:/home/user/.m2/repository/org/apache/ratis/ratis-thirdparty-misc/0.2.0/ratis-thirdparty-misc-0.2.0.jar:/home/user/.m2/repository/org/apache/ratis/ratis-proto/0.5.0-201fc85-SNAPSHOT/ratis-proto-0.5.0-201fc85-SNAPSHOT.jar:/home/user/.m2/repository/org/apache/ratis/ratis-common/0.5.0-201fc85-SNAPSHOT/ratis-common-0.5.0-201fc85-SNAPSHOT.jar:/home/user/.m2/repository/org/apache/ratis/ratis-client/0.5.0-201fc85-SNAPSHOT/ratis-client-0.5.0-201fc85-SNAPSHOT.jar:/home/user/.m2/repository/org/apache/ratis/ratis-metrics/0.5.0-201fc85-SNAPSHOT/ratis-metrics-0.5.0-201fc85-SNAPSHOT.jar:/home/user/.m2/repository/com/github/joshelser/dropwizard-metrics-hadoop-metrics2-reporter/0.1.2/dropwizard-metrics-hadoop-metrics2-reporter-0.1.2.jar:/home/user/.m2/repository/io/dropwizard/metrics/metrics-jvm/3.2.5/metrics-jvm-3.2.5.jar:/home/user/.m2/repository/io/dropwizard/metrics/metrics-ganglia/3.2.5/metrics-ganglia-3.2.5.jar:/home/user/.m2/repository/info/ganglia/gmetric4j/gmetric4j/1.0.7/gmetric4j-1.0.7.jar:/home/user/.m2/repository/org/apache/ratis/ratis-netty/0.5.0-201fc85-SNAPSHOT/ratis-netty-0.5.0-201fc85-SNAPSHOT.jar:/home/user/.m2/repository/org/apache/ratis/ratis-grpc/0.5.0-201fc85-SNAPSHOT/ratis-grpc-0.5.0-201fc85-SNAPSHOT.jar:/home/user/.m2/repository/org/rocksdb/rocksdbjni/6.0.1/rocksdbjni-6.0.1.jar:/home/user/.m2/repository/org/apache/logging/log4j/log4j-api/2.11.0/log4j-api-2.11.0.jar:/home/user/.m2/repository/org/apache/logging/log4j/log4j-core/2.11.0/log4j-core-2.11.0.jar:/home/user/.m2/repository/com/lmax/disruptor/3.4.2/disruptor-3.4.2.jar:/home/user/.m2/repository/org/apache/commons/commons-pool2/2.6.0/commons-pool2-2.6.0.jar:/home/user/.m2/repository/org/bouncycastle/bcpkix-jdk15on/1.60/bcpkix-jdk15on-1.60.jar:/home/user/.m2/repository/commons-validator/commons-validator/1.6/commons-validator-1.6.jar:/home/user/.m2/repository/commons-digester/commons-digester/1.8.1/commons-digester-1.8.1.jar:/home/user/.m2/repository/io/jaegertracing/jaeger-client/0.34.0/jaeger-client-0.34.0.jar:/home/user/.m2/repository/io/jaegertracing/jaeger-thrift/0.34.0/jaeger-thrift-0.34.0.jar:/home/user/.m2/repository/org/apache/thrift/libthrift/0.12.0/libthrift-0.12.0.jar:/home/user/.m2/repository/com/squareup/okhttp3/okhttp/3.9.0/okhttp-3.9.0.jar:/home/user/.m2/repository/com/squareup/okio/okio/1.13.0/okio-1.13.0.jar:/home/user/.m2/repository/io/jaegertracing/jaeger-core/0.34.0/jaeger-core-0.34.0.jar:/home/user/.m2/repository/io/jaegertracing/jaeger-tracerresolver/0.34.0/jaeger-tracerresolver-0.34.0.jar:/home/user/.m2/repository/io/opentracing/contrib/opentracing-tracerresolver/0.1.5/opentracing-tracerresolver-0.1.5.jar:/home/user/.m2/repository/io/opentracing/opentracing-util/0.31.0/opentracing-util-0.31.0.jar:/home/user/.m2/repository/io/opentracing/opentracing-api/0.31.0/opentracing-api-0.31.0.jar:/home/user/.m2/repository/io/opentracing/opentracing-noop/0.31.0/opentracing-noop-0.31.0.jar:/home/user/.m2/repository/org/apache/hadoop/hadoop-hdds-server-framework/0.5.0-SNAPSHOT/hadoop-hdds-server-framework-0.5.0-SNAPSHOT.jar:/home/user/.m2/repository/org/apache/hadoop/hadoop-hdds-container-service/0.5.0-SNAPSHOT/hadoop-hdds-container-service-0.5.0-SNAPSHOT.jar:/home/user/.m2/repository/org/apache/hadoop/hadoop-hdds-client/0.5.0-SNAPSHOT/hadoop-hdds-client-0.5.0-SNAPSHOT.jar:/home/user/.m2/repository/org/apache/hadoop/hadoop-hdds-tools/0.5.0-SNAPSHOT/hadoop-hdds-tools-0.5.0-SNAPSHOT.jar:/home/user/.m2/repository/org/apache/hadoop/hadoop-hdds-server-scm/0.5.0-SNAPSHOT/hadoop-hdds-server-scm-0.5.0-SNAPSHOT.jar:/home/user/.m2/repository/org/apache/hadoop/hadoop-hdds-docs/0.5.0-SNAPSHOT/hadoop-hdds-docs-0.5.0-SNAPSHOT.jar:/home/user/.m2/repository/io/dropwizard/metrics/metrics-core/3.2.4/metrics-core-3.2.4.jar:/home/user/.m2/repository/org/hamcrest/hamcrest-all/1.3/hamcrest-all-1.3.jar:/home/user/.m2/repository/org/bouncycastle/bcprov-jdk15on/1.60/bcprov-jdk15on-1.60.jar:/home/user/.m2/repository/info/picocli/picocli/3.9.6/picocli-3.9.6.jar:/home/user/.m2/repository/com/google/protobuf/protobuf-java/2.5.0/protobuf-java-2.5.0.jar:/home/user/.m2/repository/com/google/guava/guava/11.0.2/guava-11.0.2.jar:/home/user/.m2/repository/org/apache/hadoop/hadoop-ozone-ozone-manager/0.5.0-SNAPSHOT/hadoop-ozone-ozone-manager-0.5.0-SNAPSHOT.jar:/home/user/.m2/repository/org/apache/hadoop/hadoop-minikdc/3.2.0/hadoop-minikdc-3.2.0.jar:/home/user/.m2/repository/commons-io/commons-io/2.5/commons-io-2.5.jar:/home/user/.m2/repository/org/apache/kerby/kerb-simplekdc/1.0.1/kerb-simplekdc-1.0.1.jar:/home/user/.m2/repository/org/apache/kerby/kerb-client/1.0.1/kerb-client-1.0.1.jar:/home/user/.m2/repository/org/apache/kerby/kerby-config/1.0.1/kerby-config-1.0.1.jar:/home/user/.m2/repository/org/apache/kerby/kerb-core/1.0.1/kerb-core-1.0.1.jar:/home/user/.m2/repository/org/apache/kerby/kerby-pkix/1.0.1/kerby-pkix-1.0.1.jar:/home/user/.m2/repository/org/apache/kerby/kerby-asn1/1.0.1/kerby-asn1-1.0.1.jar:/home/user/.m2/repository/org/apache/kerby/kerby-util/1.0.1/kerby-util-1.0.1.jar:/home/user/.m2/repository/org/apache/kerby/kerb-common/1.0.1/kerb-common-1.0.1.jar:/home/user/.m2/repository/org/apache/kerby/kerb-crypto/1.0.1/kerb-crypto-1.0.1.jar:/home/user/.m2/repository/org/apache/kerby/kerb-util/1.0.1/kerb-util-1.0.1.jar:/home/user/.m2/repository/org/apache/kerby/token-provider/1.0.1/token-provider-1.0.1.jar:/home/user/.m2/repository/org/apache/kerby/kerb-admin/1.0.1/kerb-admin-1.0.1.jar:/home/user/.m2/repository/org/apache/kerby/kerb-server/1.0.1/kerb-server-1.0.1.jar:/home/user/.m2/repository/org/apache/kerby/kerb-identity/1.0.1/kerb-identity-1.0.1.jar:/home/user/.m2/repository/org/apache/kerby/kerby-xdr/1.0.1/kerby-xdr-1.0.1.jar:/home/user/.m2/repository/org/slf4j/slf4j-log4j12/1.7.25/slf4j-log4j12-1.7.25.jar:/home/user/.m2/repository/org/apache/hadoop/hadoop-ozone-s3gateway/0.5.0-SNAPSHOT/hadoop-ozone-s3gateway-0.5.0-SNAPSHOT.jar:/home/user/.m2/repository/org/jboss/weld/servlet/weld-servlet/2.4.7.Final/weld-servlet-2.4.7.Final.jar:/home/user/.m2/repository/org/glassfish/jersey/containers/jersey-container-servlet-core/2.27/jersey-container-servlet-core-2.27.jar:/home/user/.m2/repository/org/glassfish/hk2/external/javax.inject/2.5.0-b42/javax.inject-2.5.0-b42.jar:/home/user/.m2/repository/org/glassfish/jersey/core/jersey-common/2.27/jersey-common-2.27.jar:/home/user/.m2/repository/org/glassfish/hk2/osgi-resource-locator/1.0.1/osgi-resource-locator-1.0.1.jar:/home/user/.m2/repository/javax/ws/rs/javax.ws.rs-api/2.1/javax.ws.rs-api-2.1.jar:/home/user/.m2/repository/org/glassfish/jersey/ext/cdi/jersey-cdi1x/2.27/jersey-cdi1x-2.27.jar:/home/user/.m2/repository/org/glassfish/jersey/inject/jersey-hk2/2.27/jersey-hk2-2.27.jar:/home/user/.m2/repository/org/glassfish/hk2/hk2-locator/2.5.0-b42/hk2-locator-2.5.0-b42.jar:/home/user/.m2/repository/org/javassist/javassist/3.22.0-CR2/javassist-3.22.0-CR2.jar:/home/user/.m2/repository/org/glassfish/hk2/hk2-api/2.5.0/hk2-api-2.5.0.jar:/home/user/.m2/repository/org/glassfish/hk2/external/jakarta.inject/2.5.0/jakarta.inject-2.5.0.jar:/home/user/.m2/repository/org/glassfish/hk2/hk2-utils/2.5.0/hk2-utils-2.5.0.jar:/home/user/.m2/repository/jakarta/annotation/jakarta.annotation-api/1.3.4/jakarta.annotation-api-1.3.4.jar:/home/user/.m2/repository/org/glassfish/hk2/external/aopalliance-repackaged/2.5.0/aopalliance-repackaged-2.5.0.jar:/home/user/.m2/repository/com/fasterxml/jackson/dataformat/jackson-dataformat-xml/2.9.0/jackson-dataformat-xml-2.9.0.jar:/home/user/.m2/repository/com/fasterxml/jackson/core/jackson-core/2.9.9/jackson-core-2.9.9.jar:/home/user/.m2/repository/com/fasterxml/jackson/module/jackson-module-jaxb-annotations/2.9.9/jackson-module-jaxb-annotations-2.9.9.jar:/home/user/.m2/repository/javax/enterprise/cdi-api/1.2/cdi-api-1.2.jar:/home/user/.m2/repository/javax/el/javax.el-api/3.0.0/javax.el-api-3.0.0.jar:/home/user/.m2/repository/javax/interceptor/javax.interceptor-api/1.2/javax.interceptor-api-1.2.jar:/home/user/.m2/repository/javax/inject/javax.inject/1/javax.inject-1.jar:/home/user/.m2/repository/com/sun/xml/bind/jaxb-impl/2.3.0.1/jaxb-impl-2.3.0.1.jar:/home/user/.m2/repository/com/sun/xml/bind/jaxb-core/2.3.0.1/jaxb-core-2.3.0.1.jar:/home/user/.m2/repository/javax/xml/bind/jaxb-api/2.3.0/jaxb-api-2.3.0.jar:/home/user/.m2/repository/javax/activation/activation/1.1.1/activation-1.1.1.jar:/home/user/.m2/repository/org/apache/hadoop/hadoop-ozone-csi/0.5.0-SNAPSHOT/hadoop-ozone-csi-0.5.0-SNAPSHOT.jar:/home/user/.m2/repository/com/google/protobuf/protobuf-java-util/3.5.1/protobuf-java-util-3.5.1.jar:/home/user/.m2/repository/org/apache/hadoop/hadoop-hdds-config/0.5.0-SNAPSHOT/hadoop-hdds-config-0.5.0-SNAPSHOT.jar:/home/user/.m2/repository/io/grpc/grpc-netty/1.17.1/grpc-netty-1.17.1.jar:/home/user/.m2/repository/io/grpc/grpc-core/1.17.1/grpc-core-1.17.1.jar:/home/user/.m2/repository/io/grpc/grpc-context/1.17.1/grpc-context-1.17.1.jar:/home/user/.m2/repository/com/google/errorprone/error_prone_annotations/2.2.0/error_prone_annotations-2.2.0.jar:/home/user/.m2/repository/org/codehaus/mojo/animal-sniffer-annotations/1.17/animal-sniffer-annotations-1.17.jar:/home/user/.m2/repository/io/opencensus/opencensus-api/0.17.0/opencensus-api-0.17.0.jar:/home/user/.m2/repository/io/opencensus/opencensus-contrib-grpc-metrics/0.17.0/opencensus-contrib-grpc-metrics-0.17.0.jar:/home/user/.m2/repository/io/netty/netty-codec-http2/4.1.30.Final/netty-codec-http2-4.1.30.Final.jar:/home/user/.m2/repository/io/netty/netty-codec-http/4.1.30.Final/netty-codec-http-4.1.30.Final.jar:/home/user/.m2/repository/io/netty/netty-codec/4.1.30.Final/netty-codec-4.1.30.Final.jar:/home/user/.m2/repository/io/netty/netty-handler/4.1.30.Final/netty-handler-4.1.30.Final.jar:/home/user/.m2/repository/io/netty/netty-handler-proxy/4.1.30.Final/netty-handler-proxy-4.1.30.Final.jar:/home/user/.m2/repository/io/netty/netty-codec-socks/4.1.30.Final/netty-codec-socks-4.1.30.Final.jar:/home/user/.m2/repository/io/netty/netty-transport-native-epoll/4.1.30.Final/netty-transport-native-epoll-4.1.30.Final.jar:/home/user/.m2/repository/io/netty/netty-common/4.1.30.Final/netty-common-4.1.30.Final.jar:/home/user/.m2/repository/io/netty/netty-buffer/4.1.30.Final/netty-buffer-4.1.30.Final.jar:/home/user/.m2/repository/io/netty/netty-transport/4.1.30.Final/netty-transport-4.1.30.Final.jar:/home/user/.m2/repository/io/netty/netty-resolver/4.1.30.Final/netty-resolver-4.1.30.Final.jar:/home/user/.m2/repository/io/netty/netty-transport-native-unix-common/4.1.30.Final/netty-transport-native-unix-common-4.1.30.Final.jar:/home/user/.m2/repository/io/grpc/grpc-protobuf/1.17.1/grpc-protobuf-1.17.1.jar:/home/user/.m2/repository/com/google/api/grpc/proto-google-common-protos/1.0.0/proto-google-common-protos-1.0.0.jar:/home/user/.m2/repository/io/grpc/grpc-protobuf-lite/1.17.1/grpc-protobuf-lite-1.17.1.jar:/home/user/.m2/repository/io/grpc/grpc-stub/1.17.1/grpc-stub-1.17.1.jar:/home/user/.m2/repository/org/apache/hadoop/hadoop-ozone-recon/0.5.0-SNAPSHOT/hadoop-ozone-recon-0.5.0-SNAPSHOT.jar:/home/user/.m2/repository/org/apache/hadoop/hadoop-ozone-reconcodegen/0.5.0-SNAPSHOT/hadoop-ozone-reconcodegen-0.5.0-SNAPSHOT.jar:/home/user/.m2/repository/com/google/inject/extensions/guice-multibindings/4.0/guice-multibindings-4.0.jar:/home/user/.m2/repository/com/google/inject/guice/4.0/guice-4.0.jar:/home/user/.m2/repository/aopalliance/aopalliance/1.0/aopalliance-1.0.jar:/home/user/.m2/repository/com/google/inject/extensions/guice-servlet/4.0/guice-servlet-4.0.jar:/home/user/.m2/repository/org/glassfish/jersey/containers/jersey-container-servlet/2.27/jersey-container-servlet-2.27.jar:/home/user/.m2/repository/org/glassfish/hk2/guice-bridge/2.5.0/guice-bridge-2.5.0.jar:/home/user/.m2/repository/org/glassfish/jersey/core/jersey-server/2.27/jersey-server-2.27.jar:/home/user/.m2/repository/org/glassfish/jersey/core/jersey-client/2.27/jersey-client-2.27.jar:/home/user/.m2/repository/org/glassfish/jersey/media/jersey-media-jaxb/2.27/jersey-media-jaxb-2.27.jar:/home/user/.m2/repository/javax/validation/validation-api/1.1.0.Final/validation-api-1.1.0.Final.jar:/home/user/.m2/repository/org/glassfish/jersey/media/jersey-media-json-jackson/2.27/jersey-media-json-jackson-2.27.jar:/home/user/.m2/repository/org/glassfish/jersey/ext/jersey-entity-filtering/2.27/jersey-entity-filtering-2.27.jar:/home/user/.m2/repository/com/google/inject/extensions/guice-assistedinject/4.0/guice-assistedinject-4.0.jar:/home/user/.m2/repository/org/jooq/jooq/3.11.10/jooq-3.11.10.jar:/home/user/.m2/repository/org/jooq/jooq-meta/3.11.10/jooq-meta-3.11.10.jar:/home/user/.m2/repository/org/jooq/jooq-codegen/3.11.10/jooq-codegen-3.11.10.jar:/home/user/.m2/repository/com/jolbox/bonecp/0.8.0.RELEASE/bonecp-0.8.0.RELEASE.jar:/home/user/.m2/repository/org/xerial/sqlite-jdbc/3.25.2/sqlite-jdbc-3.25.2.jar:/home/user/.m2/repository/org/springframework/spring-jdbc/5.1.3.RELEASE/spring-jdbc-5.1.3.RELEASE.jar:/home/user/.m2/repository/org/springframework/spring-beans/5.1.3.RELEASE/spring-beans-5.1.3.RELEASE.jar:/home/user/.m2/repository/org/springframework/spring-core/5.1.3.RELEASE/spring-core-5.1.3.RELEASE.jar:/home/user/.m2/repository/org/springframework/spring-jcl/5.1.3.RELEASE/spring-jcl-5.1.3.RELEASE.jar:/home/user/.m2/repository/org/springframework/spring-tx/5.1.3.RELEASE/spring-tx-5.1.3.RELEASE.jar:/home/user/.m2/repository/org/apache/hadoop/hadoop-ozone-client/0.5.0-SNAPSHOT/hadoop-ozone-client-0.5.0-SNAPSHOT.jar:/home/user/.m2/repository/commons-lang/commons-lang/2.6/commons-lang-2.6.jar:/home/user/.m2/repository/org/apache/hadoop/hadoop-ozone-ozone-manager/0.5.0-SNAPSHOT/hadoop-ozone-ozone-manager-0.5.0-SNAPSHOT-tests.jar:/home/user/.m2/repository/junit/junit/4.11/junit-4.11.jar:/home/user/.m2/repository/org/hamcrest/hamcrest-core/1.3/hamcrest-core-1.3.jar:/home/user/.m2/repository/org/openjdk/jmh/jmh-core/1.19/jmh-core-1.19.jar:/home/user/.m2/repository/net/sf/jopt-simple/jopt-simple/4.6/jopt-simple-4.6.jar:/home/user/.m2/repository/org/apache/commons/commons-math3/3.1.1/commons-math3-3.1.1.jar:/home/user/.m2/repository/org/openjdk/jmh/jmh-generator-annprocess/1.19/jmh-generator-annprocess-1.19.jar:/home/user/.m2/repository/org/mockito/mockito-all/1.8.5/mockito-all-1.8.5.jar:/home/user/.m2/repository/org/apache/hadoop/hadoop-kms/3.2.0/hadoop-kms-3.2.0.jar:/home/user/.m2/repository/org/apache/hadoop/hadoop-auth/3.2.0/hadoop-auth-3.2.0.jar:/home/user/.m2/repository/com/nimbusds/nimbus-jose-jwt/4.41.1/nimbus-jose-jwt-4.41.1.jar:/home/user/.m2/repository/com/github/stephenc/jcip/jcip-annotations/1.0-1/jcip-annotations-1.0-1.jar:/home/user/.m2/repository/net/minidev/json-smart/2.3/json-smart-2.3.jar:/home/user/.m2/repository/net/minidev/accessors-smart/1.2/accessors-smart-1.2.jar:/home/user/.m2/repository/org/ow2/asm/asm/5.0.4/asm-5.0.4.jar:/home/user/.m2/repository/org/apache/curator/curator-framework/2.12.0/curator-framework-2.12.0.jar:/home/user/.m2/repository/com/sun/jersey/jersey-core/1.19/jersey-core-1.19.jar:/home/user/.m2/repository/javax/ws/rs/jsr311-api/1.1.1/jsr311-api-1.1.1.jar:/home/user/.m2/repository/com/sun/jersey/jersey-server/1.19/jersey-server-1.19.jar:/home/user/.m2/repository/javax/servlet/javax.servlet-api/3.1.0/javax.servlet-api-3.1.0.jar:/home/user/.m2/repository/org/eclipse/jetty/jetty-server/9.3.25.v20180904/jetty-server-9.3.25.v20180904.jar:/home/user/.m2/repository/org/eclipse/jetty/jetty-http/9.3.25.v20180904/jetty-http-9.3.25.v20180904.jar:/home/user/.m2/repository/org/eclipse/jetty/jetty-io/9.3.25.v20180904/jetty-io-9.3.25.v20180904.jar:/home/user/.m2/repository/org/eclipse/jetty/jetty-webapp/9.3.25.v20180904/jetty-webapp-9.3.25.v20180904.jar:/home/user/.m2/repository/org/eclipse/jetty/jetty-xml/9.3.25.v20180904/jetty-xml-9.3.25.v20180904.jar:/home/user/.m2/repository/log4j/log4j/1.2.17/log4j-1.2.17.jar:/home/user/.m2/repository/org/slf4j/slf4j-api/1.7.25/slf4j-api-1.7.25.jar:/home/user/.m2/repository/org/slf4j/jul-to-slf4j/1.7.25/jul-to-slf4j-1.7.25.jar:/home/user/.m2/repository/org/eclipse/jetty/jetty-util/9.3.25.v20180904/jetty-util-9.3.25.v20180904.jar:/home/user/.m2/repository/com/fasterxml/jackson/core/jackson-databind/2.9.9/jackson-databind-2.9.9.jar:/home/user/.m2/repository/org/apache/hadoop/hadoop-kms/3.2.0/hadoop-kms-3.2.0-tests.jar:/home/user/.m2/repository/org/apache/hadoop/hadoop-hdds-server-scm/0.5.0-SNAPSHOT/hadoop-hdds-server-scm-0.5.0-SNAPSHOT-tests.jar:/home/user/.m2/repository/org/apache/hadoop/hadoop-hdds-container-service/0.5.0-SNAPSHOT/hadoop-hdds-container-service-0.5.0-SNAPSHOT-tests.jar:/home/user/.m2/repository/org/yaml/snakeyaml/1.16/snakeyaml-1.16.jar:/home/user/.m2/repository/org/apache/hadoop/hadoop-common/3.2.0/hadoop-common-3.2.0-tests.jar:/home/user/.m2/repository/org/apache/hadoop/hadoop-annotations/3.2.0/hadoop-annotations-3.2.0.jar:/usr/lib/jvm/java-1.8-openjdk/jre/../lib/tools.jar:/home/user/.m2/repository/commons-cli/commons-cli/1.2/commons-cli-1.2.jar:/home/user/.m2/repository/org/apache/httpcomponents/httpclient/4.5.2/httpclient-4.5.2.jar:/home/user/.m2/repository/org/apache/httpcomponents/httpcore/4.4.4/httpcore-4.4.4.jar:/home/user/.m2/repository/commons-codec/commons-codec/1.11/commons-codec-1.11.jar:/home/user/.m2/repository/commons-net/commons-net/3.6/commons-net-3.6.jar:/home/user/.m2/repository/commons-collections/commons-collections/3.2.2/commons-collections-3.2.2.jar:/home/user/.m2/repository/org/eclipse/jetty/jetty-servlet/9.3.25.v20180904/jetty-servlet-9.3.25.v20180904.jar:/home/user/.m2/repository/org/eclipse/jetty/jetty-security/9.3.25.v20180904/jetty-security-9.3.25.v20180904.jar:/home/user/.m2/repository/javax/servlet/jsp/jsp-api/2.1/jsp-api-2.1.jar:/home/user/.m2/repository/com/sun/jersey/jersey-servlet/1.19/jersey-servlet-1.19.jar:/home/user/.m2/repository/com/sun/jersey/jersey-json/1.19/jersey-json-1.19.jar:/home/user/.m2/repository/org/codehaus/jettison/jettison/1.1/jettison-1.1.jar:/home/user/.m2/repository/org/codehaus/jackson/jackson-core-asl/1.9.13/jackson-core-asl-1.9.13.jar:/home/user/.m2/repository/org/codehaus/jackson/jackson-mapper-asl/1.9.13/jackson-mapper-asl-1.9.13.jar:/home/user/.m2/repository/org/codehaus/jackson/jackson-jaxrs/1.9.13/jackson-jaxrs-1.9.13.jar:/home/user/.m2/repository/org/codehaus/jackson/jackson-xc/1.9.13/jackson-xc-1.9.13.jar:/home/user/.m2/repository/commons-logging/commons-logging/1.1.3/commons-logging-1.1.3.jar:/home/user/.m2/repository/commons-beanutils/commons-beanutils/1.9.4/commons-beanutils-1.9.4.jar:/home/user/.m2/repository/org/apache/commons/commons-configuration2/2.1.1/commons-configuration2-2.1.1.jar:/home/user/.m2/repository/org/apache/commons/commons-lang3/3.7/commons-lang3-3.7.jar:/home/user/.m2/repository/org/apache/commons/commons-text/1.4/commons-text-1.4.jar:/home/user/.m2/repository/org/apache/avro/avro/1.7.7/avro-1.7.7.jar:/home/user/.m2/repository/com/thoughtworks/paranamer/paranamer/2.3/paranamer-2.3.jar:/home/user/.m2/repository/org/xerial/snappy/snappy-java/1.0.5/snappy-java-1.0.5.jar:/home/user/.m2/repository/com/google/re2j/re2j/1.1/re2j-1.1.jar:/home/user/.m2/repository/com/google/code/gson/gson/2.2.4/gson-2.2.4.jar:/home/user/.m2/repository/com/jcraft/jsch/0.1.54/jsch-0.1.54.jar:/home/user/.m2/repository/org/apache/curator/curator-client/2.12.0/curator-client-2.12.0.jar:/home/user/.m2/repository/org/apache/curator/curator-recipes/2.12.0/curator-recipes-2.12.0.jar:/home/user/.m2/repository/com/google/code/findbugs/jsr305/3.0.0/jsr305-3.0.0.jar:/home/user/.m2/repository/org/apache/htrace/htrace-core4/4.1.0-incubating/htrace-core4-4.1.0-incubating.jar:/home/user/.m2/repository/org/apache/zookeeper/zookeeper/3.4.13/zookeeper-3.4.13.jar:/home/user/.m2/repository/jline/jline/0.9.94/jline-0.9.94.jar:/home/user/.m2/repository/org/apache/yetus/audience-annotations/0.5.0/audience-annotations-0.5.0.jar:/home/user/.m2/repository/org/codehaus/woodstox/stax2-api/3.1.4/stax2-api-3.1.4.jar:/home/user/.m2/repository/com/fasterxml/woodstox/woodstox-core/5.0.3/woodstox-core-5.0.3.jar:/home/user/.m2/repository/dnsjava/dnsjava/2.1.7/dnsjava-2.1.7.jar:/home/user/.m2/repository/org/apache/hadoop/hadoop-hdfs/3.2.0/hadoop-hdfs-3.2.0-tests.jar:/home/user/.m2/repository/org/eclipse/jetty/jetty-util-ajax/9.3.25.v20180904/jetty-util-ajax-9.3.25.v20180904.jar:/home/user/.m2/repository/commons-daemon/commons-daemon/1.0.13/commons-daemon-1.0.13.jar:/home/user/.m2/repository/io/netty/netty/3.10.5.Final/netty-3.10.5.Final.jar:/home/user/.m2/repository/io/netty/netty-all/4.0.52.Final/netty-all-4.0.52.Final.jar:/home/user/.m2/repository/org/fusesource/leveldbjni/leveldbjni-all/1.8/leveldbjni-all-1.8.jar:"/>
    <property name="java.vm.vendor" value="IcedTea"/>
    <property name="sun.arch.data.model" value="64"/>
    <property name="test.build.dir" value="/workdir/hadoop-ozone/integration-test/target/test-dir"/>
    <property name="test.cache.data" value=""/>
    <property name="java.vendor.url" value="https://icedtea.classpath.org"/>
    <property name="user.timezone" value=""/>
    <property name="java.vm.specification.version" value="1.8"/>
    <property name="os.name" value="Linux"/>
    <property name="test.build.data" value="/workdir/hadoop-ozone/integration-test/target/test-dir"/>
    <property name="user.country" value="US"/>
    <property name="sun.java.launcher" value="SUN_STANDARD"/>
    <property name="sun.boot.library.path" value="/usr/lib/jvm/java-1.8-openjdk/jre/lib/amd64"/>
    <property name="sun.java.command" value="/workdir/hadoop-ozone/integration-test/target/surefire/surefirebooter1810112380964338016.jar /workdir/hadoop-ozone/integration-test/target/surefire 2019-10-10T12-39-59_080-jvmRun1 surefire544373428907849726tmp surefire_525088669125762521507tmp"/>
    <property name="test" value="!TestMiniChaosOzoneCluster"/>
    <property name="surefire.test.class.path" value="/workdir/hadoop-ozone/integration-test/target/test-classes:/workdir/hadoop-ozone/integration-test/target/classes:/home/user/.m2/repository/org/apache/hadoop/hadoop-ozone-common/0.5.0-SNAPSHOT/hadoop-ozone-common-0.5.0-SNAPSHOT.jar:/home/user/.m2/repository/org/apache/commons/commons-compress/1.4.1/commons-compress-1.4.1.jar:/home/user/.m2/repository/org/tukaani/xz/1.0/xz-1.0.jar:/home/user/.m2/repository/org/apache/hadoop/hadoop-common/3.2.0/hadoop-common-3.2.0.jar:/home/user/.m2/repository/org/apache/hadoop/hadoop-hdfs/3.2.0/hadoop-hdfs-3.2.0.jar:/home/user/.m2/repository/org/apache/hadoop/hadoop-hdfs-client/3.2.0/hadoop-hdfs-client-3.2.0.jar:/home/user/.m2/repository/com/fasterxml/jackson/core/jackson-annotations/2.9.9/jackson-annotations-2.9.9.jar:/home/user/.m2/repository/org/apache/hadoop/hadoop-hdds-common/0.5.0-SNAPSHOT/hadoop-hdds-common-0.5.0-SNAPSHOT.jar:/home/user/.m2/repository/javax/annotation/javax.annotation-api/1.2/javax.annotation-api-1.2.jar:/home/user/.m2/repository/org/apache/ratis/ratis-server/0.5.0-201fc85-SNAPSHOT/ratis-server-0.5.0-201fc85-SNAPSHOT.jar:/home/user/.m2/repository/org/apache/ratis/ratis-thirdparty-misc/0.2.0/ratis-thirdparty-misc-0.2.0.jar:/home/user/.m2/repository/org/apache/ratis/ratis-proto/0.5.0-201fc85-SNAPSHOT/ratis-proto-0.5.0-201fc85-SNAPSHOT.jar:/home/user/.m2/repository/org/apache/ratis/ratis-common/0.5.0-201fc85-SNAPSHOT/ratis-common-0.5.0-201fc85-SNAPSHOT.jar:/home/user/.m2/repository/org/apache/ratis/ratis-client/0.5.0-201fc85-SNAPSHOT/ratis-client-0.5.0-201fc85-SNAPSHOT.jar:/home/user/.m2/repository/org/apache/ratis/ratis-metrics/0.5.0-201fc85-SNAPSHOT/ratis-metrics-0.5.0-201fc85-SNAPSHOT.jar:/home/user/.m2/repository/com/github/joshelser/dropwizard-metrics-hadoop-metrics2-reporter/0.1.2/dropwizard-metrics-hadoop-metrics2-reporter-0.1.2.jar:/home/user/.m2/repository/io/dropwizard/metrics/metrics-jvm/3.2.5/metrics-jvm-3.2.5.jar:/home/user/.m2/repository/io/dropwizard/metrics/metrics-ganglia/3.2.5/metrics-ganglia-3.2.5.jar:/home/user/.m2/repository/info/ganglia/gmetric4j/gmetric4j/1.0.7/gmetric4j-1.0.7.jar:/home/user/.m2/repository/org/apache/ratis/ratis-netty/0.5.0-201fc85-SNAPSHOT/ratis-netty-0.5.0-201fc85-SNAPSHOT.jar:/home/user/.m2/repository/org/apache/ratis/ratis-grpc/0.5.0-201fc85-SNAPSHOT/ratis-grpc-0.5.0-201fc85-SNAPSHOT.jar:/home/user/.m2/repository/org/rocksdb/rocksdbjni/6.0.1/rocksdbjni-6.0.1.jar:/home/user/.m2/repository/org/apache/logging/log4j/log4j-api/2.11.0/log4j-api-2.11.0.jar:/home/user/.m2/repository/org/apache/logging/log4j/log4j-core/2.11.0/log4j-core-2.11.0.jar:/home/user/.m2/repository/com/lmax/disruptor/3.4.2/disruptor-3.4.2.jar:/home/user/.m2/repository/org/apache/commons/commons-pool2/2.6.0/commons-pool2-2.6.0.jar:/home/user/.m2/repository/org/bouncycastle/bcpkix-jdk15on/1.60/bcpkix-jdk15on-1.60.jar:/home/user/.m2/repository/commons-validator/commons-validator/1.6/commons-validator-1.6.jar:/home/user/.m2/repository/commons-digester/commons-digester/1.8.1/commons-digester-1.8.1.jar:/home/user/.m2/repository/io/jaegertracing/jaeger-client/0.34.0/jaeger-client-0.34.0.jar:/home/user/.m2/repository/io/jaegertracing/jaeger-thrift/0.34.0/jaeger-thrift-0.34.0.jar:/home/user/.m2/repository/org/apache/thrift/libthrift/0.12.0/libthrift-0.12.0.jar:/home/user/.m2/repository/com/squareup/okhttp3/okhttp/3.9.0/okhttp-3.9.0.jar:/home/user/.m2/repository/com/squareup/okio/okio/1.13.0/okio-1.13.0.jar:/home/user/.m2/repository/io/jaegertracing/jaeger-core/0.34.0/jaeger-core-0.34.0.jar:/home/user/.m2/repository/io/jaegertracing/jaeger-tracerresolver/0.34.0/jaeger-tracerresolver-0.34.0.jar:/home/user/.m2/repository/io/opentracing/contrib/opentracing-tracerresolver/0.1.5/opentracing-tracerresolver-0.1.5.jar:/home/user/.m2/repository/io/opentracing/opentracing-util/0.31.0/opentracing-util-0.31.0.jar:/home/user/.m2/repository/io/opentracing/opentracing-api/0.31.0/opentracing-api-0.31.0.jar:/home/user/.m2/repository/io/opentracing/opentracing-noop/0.31.0/opentracing-noop-0.31.0.jar:/home/user/.m2/repository/org/apache/hadoop/hadoop-hdds-server-framework/0.5.0-SNAPSHOT/hadoop-hdds-server-framework-0.5.0-SNAPSHOT.jar:/home/user/.m2/repository/org/apache/hadoop/hadoop-hdds-container-service/0.5.0-SNAPSHOT/hadoop-hdds-container-service-0.5.0-SNAPSHOT.jar:/home/user/.m2/repository/org/apache/hadoop/hadoop-hdds-client/0.5.0-SNAPSHOT/hadoop-hdds-client-0.5.0-SNAPSHOT.jar:/home/user/.m2/repository/org/apache/hadoop/hadoop-hdds-tools/0.5.0-SNAPSHOT/hadoop-hdds-tools-0.5.0-SNAPSHOT.jar:/home/user/.m2/repository/org/apache/hadoop/hadoop-hdds-server-scm/0.5.0-SNAPSHOT/hadoop-hdds-server-scm-0.5.0-SNAPSHOT.jar:/home/user/.m2/repository/org/apache/hadoop/hadoop-hdds-docs/0.5.0-SNAPSHOT/hadoop-hdds-docs-0.5.0-SNAPSHOT.jar:/home/user/.m2/repository/io/dropwizard/metrics/metrics-core/3.2.4/metrics-core-3.2.4.jar:/home/user/.m2/repository/org/hamcrest/hamcrest-all/1.3/hamcrest-all-1.3.jar:/home/user/.m2/repository/org/bouncycastle/bcprov-jdk15on/1.60/bcprov-jdk15on-1.60.jar:/home/user/.m2/repository/info/picocli/picocli/3.9.6/picocli-3.9.6.jar:/home/user/.m2/repository/com/google/protobuf/protobuf-java/2.5.0/protobuf-java-2.5.0.jar:/home/user/.m2/repository/com/google/guava/guava/11.0.2/guava-11.0.2.jar:/home/user/.m2/repository/org/apache/hadoop/hadoop-ozone-ozone-manager/0.5.0-SNAPSHOT/hadoop-ozone-ozone-manager-0.5.0-SNAPSHOT.jar:/home/user/.m2/repository/org/apache/hadoop/hadoop-minikdc/3.2.0/hadoop-minikdc-3.2.0.jar:/home/user/.m2/repository/commons-io/commons-io/2.5/commons-io-2.5.jar:/home/user/.m2/repository/org/apache/kerby/kerb-simplekdc/1.0.1/kerb-simplekdc-1.0.1.jar:/home/user/.m2/repository/org/apache/kerby/kerb-client/1.0.1/kerb-client-1.0.1.jar:/home/user/.m2/repository/org/apache/kerby/kerby-config/1.0.1/kerby-config-1.0.1.jar:/home/user/.m2/repository/org/apache/kerby/kerb-core/1.0.1/kerb-core-1.0.1.jar:/home/user/.m2/repository/org/apache/kerby/kerby-pkix/1.0.1/kerby-pkix-1.0.1.jar:/home/user/.m2/repository/org/apache/kerby/kerby-asn1/1.0.1/kerby-asn1-1.0.1.jar:/home/user/.m2/repository/org/apache/kerby/kerby-util/1.0.1/kerby-util-1.0.1.jar:/home/user/.m2/repository/org/apache/kerby/kerb-common/1.0.1/kerb-common-1.0.1.jar:/home/user/.m2/repository/org/apache/kerby/kerb-crypto/1.0.1/kerb-crypto-1.0.1.jar:/home/user/.m2/repository/org/apache/kerby/kerb-util/1.0.1/kerb-util-1.0.1.jar:/home/user/.m2/repository/org/apache/kerby/token-provider/1.0.1/token-provider-1.0.1.jar:/home/user/.m2/repository/org/apache/kerby/kerb-admin/1.0.1/kerb-admin-1.0.1.jar:/home/user/.m2/repository/org/apache/kerby/kerb-server/1.0.1/kerb-server-1.0.1.jar:/home/user/.m2/repository/org/apache/kerby/kerb-identity/1.0.1/kerb-identity-1.0.1.jar:/home/user/.m2/repository/org/apache/kerby/kerby-xdr/1.0.1/kerby-xdr-1.0.1.jar:/home/user/.m2/repository/org/slf4j/slf4j-log4j12/1.7.25/slf4j-log4j12-1.7.25.jar:/home/user/.m2/repository/org/apache/hadoop/hadoop-ozone-s3gateway/0.5.0-SNAPSHOT/hadoop-ozone-s3gateway-0.5.0-SNAPSHOT.jar:/home/user/.m2/repository/org/jboss/weld/servlet/weld-servlet/2.4.7.Final/weld-servlet-2.4.7.Final.jar:/home/user/.m2/repository/org/glassfish/jersey/containers/jersey-container-servlet-core/2.27/jersey-container-servlet-core-2.27.jar:/home/user/.m2/repository/org/glassfish/hk2/external/javax.inject/2.5.0-b42/javax.inject-2.5.0-b42.jar:/home/user/.m2/repository/org/glassfish/jersey/core/jersey-common/2.27/jersey-common-2.27.jar:/home/user/.m2/repository/org/glassfish/hk2/osgi-resource-locator/1.0.1/osgi-resource-locator-1.0.1.jar:/home/user/.m2/repository/javax/ws/rs/javax.ws.rs-api/2.1/javax.ws.rs-api-2.1.jar:/home/user/.m2/repository/org/glassfish/jersey/ext/cdi/jersey-cdi1x/2.27/jersey-cdi1x-2.27.jar:/home/user/.m2/repository/org/glassfish/jersey/inject/jersey-hk2/2.27/jersey-hk2-2.27.jar:/home/user/.m2/repository/org/glassfish/hk2/hk2-locator/2.5.0-b42/hk2-locator-2.5.0-b42.jar:/home/user/.m2/repository/org/javassist/javassist/3.22.0-CR2/javassist-3.22.0-CR2.jar:/home/user/.m2/repository/org/glassfish/hk2/hk2-api/2.5.0/hk2-api-2.5.0.jar:/home/user/.m2/repository/org/glassfish/hk2/external/jakarta.inject/2.5.0/jakarta.inject-2.5.0.jar:/home/user/.m2/repository/org/glassfish/hk2/hk2-utils/2.5.0/hk2-utils-2.5.0.jar:/home/user/.m2/repository/jakarta/annotation/jakarta.annotation-api/1.3.4/jakarta.annotation-api-1.3.4.jar:/home/user/.m2/repository/org/glassfish/hk2/external/aopalliance-repackaged/2.5.0/aopalliance-repackaged-2.5.0.jar:/home/user/.m2/repository/com/fasterxml/jackson/dataformat/jackson-dataformat-xml/2.9.0/jackson-dataformat-xml-2.9.0.jar:/home/user/.m2/repository/com/fasterxml/jackson/core/jackson-core/2.9.9/jackson-core-2.9.9.jar:/home/user/.m2/repository/com/fasterxml/jackson/module/jackson-module-jaxb-annotations/2.9.9/jackson-module-jaxb-annotations-2.9.9.jar:/home/user/.m2/repository/javax/enterprise/cdi-api/1.2/cdi-api-1.2.jar:/home/user/.m2/repository/javax/el/javax.el-api/3.0.0/javax.el-api-3.0.0.jar:/home/user/.m2/repository/javax/interceptor/javax.interceptor-api/1.2/javax.interceptor-api-1.2.jar:/home/user/.m2/repository/javax/inject/javax.inject/1/javax.inject-1.jar:/home/user/.m2/repository/com/sun/xml/bind/jaxb-impl/2.3.0.1/jaxb-impl-2.3.0.1.jar:/home/user/.m2/repository/com/sun/xml/bind/jaxb-core/2.3.0.1/jaxb-core-2.3.0.1.jar:/home/user/.m2/repository/javax/xml/bind/jaxb-api/2.3.0/jaxb-api-2.3.0.jar:/home/user/.m2/repository/javax/activation/activation/1.1.1/activation-1.1.1.jar:/home/user/.m2/repository/org/apache/hadoop/hadoop-ozone-csi/0.5.0-SNAPSHOT/hadoop-ozone-csi-0.5.0-SNAPSHOT.jar:/home/user/.m2/repository/com/google/protobuf/protobuf-java-util/3.5.1/protobuf-java-util-3.5.1.jar:/home/user/.m2/repository/org/apache/hadoop/hadoop-hdds-config/0.5.0-SNAPSHOT/hadoop-hdds-config-0.5.0-SNAPSHOT.jar:/home/user/.m2/repository/io/grpc/grpc-netty/1.17.1/grpc-netty-1.17.1.jar:/home/user/.m2/repository/io/grpc/grpc-core/1.17.1/grpc-core-1.17.1.jar:/home/user/.m2/repository/io/grpc/grpc-context/1.17.1/grpc-context-1.17.1.jar:/home/user/.m2/repository/com/google/errorprone/error_prone_annotations/2.2.0/error_prone_annotations-2.2.0.jar:/home/user/.m2/repository/org/codehaus/mojo/animal-sniffer-annotations/1.17/animal-sniffer-annotations-1.17.jar:/home/user/.m2/repository/io/opencensus/opencensus-api/0.17.0/opencensus-api-0.17.0.jar:/home/user/.m2/repository/io/opencensus/opencensus-contrib-grpc-metrics/0.17.0/opencensus-contrib-grpc-metrics-0.17.0.jar:/home/user/.m2/repository/io/netty/netty-codec-http2/4.1.30.Final/netty-codec-http2-4.1.30.Final.jar:/home/user/.m2/repository/io/netty/netty-codec-http/4.1.30.Final/netty-codec-http-4.1.30.Final.jar:/home/user/.m2/repository/io/netty/netty-codec/4.1.30.Final/netty-codec-4.1.30.Final.jar:/home/user/.m2/repository/io/netty/netty-handler/4.1.30.Final/netty-handler-4.1.30.Final.jar:/home/user/.m2/repository/io/netty/netty-handler-proxy/4.1.30.Final/netty-handler-proxy-4.1.30.Final.jar:/home/user/.m2/repository/io/netty/netty-codec-socks/4.1.30.Final/netty-codec-socks-4.1.30.Final.jar:/home/user/.m2/repository/io/netty/netty-transport-native-epoll/4.1.30.Final/netty-transport-native-epoll-4.1.30.Final.jar:/home/user/.m2/repository/io/netty/netty-common/4.1.30.Final/netty-common-4.1.30.Final.jar:/home/user/.m2/repository/io/netty/netty-buffer/4.1.30.Final/netty-buffer-4.1.30.Final.jar:/home/user/.m2/repository/io/netty/netty-transport/4.1.30.Final/netty-transport-4.1.30.Final.jar:/home/user/.m2/repository/io/netty/netty-resolver/4.1.30.Final/netty-resolver-4.1.30.Final.jar:/home/user/.m2/repository/io/netty/netty-transport-native-unix-common/4.1.30.Final/netty-transport-native-unix-common-4.1.30.Final.jar:/home/user/.m2/repository/io/grpc/grpc-protobuf/1.17.1/grpc-protobuf-1.17.1.jar:/home/user/.m2/repository/com/google/api/grpc/proto-google-common-protos/1.0.0/proto-google-common-protos-1.0.0.jar:/home/user/.m2/repository/io/grpc/grpc-protobuf-lite/1.17.1/grpc-protobuf-lite-1.17.1.jar:/home/user/.m2/repository/io/grpc/grpc-stub/1.17.1/grpc-stub-1.17.1.jar:/home/user/.m2/repository/org/apache/hadoop/hadoop-ozone-recon/0.5.0-SNAPSHOT/hadoop-ozone-recon-0.5.0-SNAPSHOT.jar:/home/user/.m2/repository/org/apache/hadoop/hadoop-ozone-reconcodegen/0.5.0-SNAPSHOT/hadoop-ozone-reconcodegen-0.5.0-SNAPSHOT.jar:/home/user/.m2/repository/com/google/inject/extensions/guice-multibindings/4.0/guice-multibindings-4.0.jar:/home/user/.m2/repository/com/google/inject/guice/4.0/guice-4.0.jar:/home/user/.m2/repository/aopalliance/aopalliance/1.0/aopalliance-1.0.jar:/home/user/.m2/repository/com/google/inject/extensions/guice-servlet/4.0/guice-servlet-4.0.jar:/home/user/.m2/repository/org/glassfish/jersey/containers/jersey-container-servlet/2.27/jersey-container-servlet-2.27.jar:/home/user/.m2/repository/org/glassfish/hk2/guice-bridge/2.5.0/guice-bridge-2.5.0.jar:/home/user/.m2/repository/org/glassfish/jersey/core/jersey-server/2.27/jersey-server-2.27.jar:/home/user/.m2/repository/org/glassfish/jersey/core/jersey-client/2.27/jersey-client-2.27.jar:/home/user/.m2/repository/org/glassfish/jersey/media/jersey-media-jaxb/2.27/jersey-media-jaxb-2.27.jar:/home/user/.m2/repository/javax/validation/validation-api/1.1.0.Final/validation-api-1.1.0.Final.jar:/home/user/.m2/repository/org/glassfish/jersey/media/jersey-media-json-jackson/2.27/jersey-media-json-jackson-2.27.jar:/home/user/.m2/repository/org/glassfish/jersey/ext/jersey-entity-filtering/2.27/jersey-entity-filtering-2.27.jar:/home/user/.m2/repository/com/google/inject/extensions/guice-assistedinject/4.0/guice-assistedinject-4.0.jar:/home/user/.m2/repository/org/jooq/jooq/3.11.10/jooq-3.11.10.jar:/home/user/.m2/repository/org/jooq/jooq-meta/3.11.10/jooq-meta-3.11.10.jar:/home/user/.m2/repository/org/jooq/jooq-codegen/3.11.10/jooq-codegen-3.11.10.jar:/home/user/.m2/repository/com/jolbox/bonecp/0.8.0.RELEASE/bonecp-0.8.0.RELEASE.jar:/home/user/.m2/repository/org/xerial/sqlite-jdbc/3.25.2/sqlite-jdbc-3.25.2.jar:/home/user/.m2/repository/org/springframework/spring-jdbc/5.1.3.RELEASE/spring-jdbc-5.1.3.RELEASE.jar:/home/user/.m2/repository/org/springframework/spring-beans/5.1.3.RELEASE/spring-beans-5.1.3.RELEASE.jar:/home/user/.m2/repository/org/springframework/spring-core/5.1.3.RELEASE/spring-core-5.1.3.RELEASE.jar:/home/user/.m2/repository/org/springframework/spring-jcl/5.1.3.RELEASE/spring-jcl-5.1.3.RELEASE.jar:/home/user/.m2/repository/org/springframework/spring-tx/5.1.3.RELEASE/spring-tx-5.1.3.RELEASE.jar:/home/user/.m2/repository/org/apache/hadoop/hadoop-ozone-client/0.5.0-SNAPSHOT/hadoop-ozone-client-0.5.0-SNAPSHOT.jar:/home/user/.m2/repository/commons-lang/commons-lang/2.6/commons-lang-2.6.jar:/home/user/.m2/repository/org/apache/hadoop/hadoop-ozone-ozone-manager/0.5.0-SNAPSHOT/hadoop-ozone-ozone-manager-0.5.0-SNAPSHOT-tests.jar:/home/user/.m2/repository/junit/junit/4.11/junit-4.11.jar:/home/user/.m2/repository/org/hamcrest/hamcrest-core/1.3/hamcrest-core-1.3.jar:/home/user/.m2/repository/org/openjdk/jmh/jmh-core/1.19/jmh-core-1.19.jar:/home/user/.m2/repository/net/sf/jopt-simple/jopt-simple/4.6/jopt-simple-4.6.jar:/home/user/.m2/repository/org/apache/commons/commons-math3/3.1.1/commons-math3-3.1.1.jar:/home/user/.m2/repository/org/openjdk/jmh/jmh-generator-annprocess/1.19/jmh-generator-annprocess-1.19.jar:/home/user/.m2/repository/org/mockito/mockito-all/1.8.5/mockito-all-1.8.5.jar:/home/user/.m2/repository/org/apache/hadoop/hadoop-kms/3.2.0/hadoop-kms-3.2.0.jar:/home/user/.m2/repository/org/apache/hadoop/hadoop-auth/3.2.0/hadoop-auth-3.2.0.jar:/home/user/.m2/repository/com/nimbusds/nimbus-jose-jwt/4.41.1/nimbus-jose-jwt-4.41.1.jar:/home/user/.m2/repository/com/github/stephenc/jcip/jcip-annotations/1.0-1/jcip-annotations-1.0-1.jar:/home/user/.m2/repository/net/minidev/json-smart/2.3/json-smart-2.3.jar:/home/user/.m2/repository/net/minidev/accessors-smart/1.2/accessors-smart-1.2.jar:/home/user/.m2/repository/org/ow2/asm/asm/5.0.4/asm-5.0.4.jar:/home/user/.m2/repository/org/apache/curator/curator-framework/2.12.0/curator-framework-2.12.0.jar:/home/user/.m2/repository/com/sun/jersey/jersey-core/1.19/jersey-core-1.19.jar:/home/user/.m2/repository/javax/ws/rs/jsr311-api/1.1.1/jsr311-api-1.1.1.jar:/home/user/.m2/repository/com/sun/jersey/jersey-server/1.19/jersey-server-1.19.jar:/home/user/.m2/repository/javax/servlet/javax.servlet-api/3.1.0/javax.servlet-api-3.1.0.jar:/home/user/.m2/repository/org/eclipse/jetty/jetty-server/9.3.25.v20180904/jetty-server-9.3.25.v20180904.jar:/home/user/.m2/repository/org/eclipse/jetty/jetty-http/9.3.25.v20180904/jetty-http-9.3.25.v20180904.jar:/home/user/.m2/repository/org/eclipse/jetty/jetty-io/9.3.25.v20180904/jetty-io-9.3.25.v20180904.jar:/home/user/.m2/repository/org/eclipse/jetty/jetty-webapp/9.3.25.v20180904/jetty-webapp-9.3.25.v20180904.jar:/home/user/.m2/repository/org/eclipse/jetty/jetty-xml/9.3.25.v20180904/jetty-xml-9.3.25.v20180904.jar:/home/user/.m2/repository/log4j/log4j/1.2.17/log4j-1.2.17.jar:/home/user/.m2/repository/org/slf4j/slf4j-api/1.7.25/slf4j-api-1.7.25.jar:/home/user/.m2/repository/org/slf4j/jul-to-slf4j/1.7.25/jul-to-slf4j-1.7.25.jar:/home/user/.m2/repository/org/eclipse/jetty/jetty-util/9.3.25.v20180904/jetty-util-9.3.25.v20180904.jar:/home/user/.m2/repository/com/fasterxml/jackson/core/jackson-databind/2.9.9/jackson-databind-2.9.9.jar:/home/user/.m2/repository/org/apache/hadoop/hadoop-kms/3.2.0/hadoop-kms-3.2.0-tests.jar:/home/user/.m2/repository/org/apache/hadoop/hadoop-hdds-server-scm/0.5.0-SNAPSHOT/hadoop-hdds-server-scm-0.5.0-SNAPSHOT-tests.jar:/home/user/.m2/repository/org/apache/hadoop/hadoop-hdds-container-service/0.5.0-SNAPSHOT/hadoop-hdds-container-service-0.5.0-SNAPSHOT-tests.jar:/home/user/.m2/repository/org/yaml/snakeyaml/1.16/snakeyaml-1.16.jar:/home/user/.m2/repository/org/apache/hadoop/hadoop-common/3.2.0/hadoop-common-3.2.0-tests.jar:/home/user/.m2/repository/org/apache/hadoop/hadoop-annotations/3.2.0/hadoop-annotations-3.2.0.jar:/usr/lib/jvm/java-1.8-openjdk/jre/../lib/tools.jar:/home/user/.m2/repository/commons-cli/commons-cli/1.2/commons-cli-1.2.jar:/home/user/.m2/repository/org/apache/httpcomponents/httpclient/4.5.2/httpclient-4.5.2.jar:/home/user/.m2/repository/org/apache/httpcomponents/httpcore/4.4.4/httpcore-4.4.4.jar:/home/user/.m2/repository/commons-codec/commons-codec/1.11/commons-codec-1.11.jar:/home/user/.m2/repository/commons-net/commons-net/3.6/commons-net-3.6.jar:/home/user/.m2/repository/commons-collections/commons-collections/3.2.2/commons-collections-3.2.2.jar:/home/user/.m2/repository/org/eclipse/jetty/jetty-servlet/9.3.25.v20180904/jetty-servlet-9.3.25.v20180904.jar:/home/user/.m2/repository/org/eclipse/jetty/jetty-security/9.3.25.v20180904/jetty-security-9.3.25.v20180904.jar:/home/user/.m2/repository/javax/servlet/jsp/jsp-api/2.1/jsp-api-2.1.jar:/home/user/.m2/repository/com/sun/jersey/jersey-servlet/1.19/jersey-servlet-1.19.jar:/home/user/.m2/repository/com/sun/jersey/jersey-json/1.19/jersey-json-1.19.jar:/home/user/.m2/repository/org/codehaus/jettison/jettison/1.1/jettison-1.1.jar:/home/user/.m2/repository/org/codehaus/jackson/jackson-core-asl/1.9.13/jackson-core-asl-1.9.13.jar:/home/user/.m2/repository/org/codehaus/jackson/jackson-mapper-asl/1.9.13/jackson-mapper-asl-1.9.13.jar:/home/user/.m2/repository/org/codehaus/jackson/jackson-jaxrs/1.9.13/jackson-jaxrs-1.9.13.jar:/home/user/.m2/repository/org/codehaus/jackson/jackson-xc/1.9.13/jackson-xc-1.9.13.jar:/home/user/.m2/repository/commons-logging/commons-logging/1.1.3/commons-logging-1.1.3.jar:/home/user/.m2/repository/commons-beanutils/commons-beanutils/1.9.4/commons-beanutils-1.9.4.jar:/home/user/.m2/repository/org/apache/commons/commons-configuration2/2.1.1/commons-configuration2-2.1.1.jar:/home/user/.m2/repository/org/apache/commons/commons-lang3/3.7/commons-lang3-3.7.jar:/home/user/.m2/repository/org/apache/commons/commons-text/1.4/commons-text-1.4.jar:/home/user/.m2/repository/org/apache/avro/avro/1.7.7/avro-1.7.7.jar:/home/user/.m2/repository/com/thoughtworks/paranamer/paranamer/2.3/paranamer-2.3.jar:/home/user/.m2/repository/org/xerial/snappy/snappy-java/1.0.5/snappy-java-1.0.5.jar:/home/user/.m2/repository/com/google/re2j/re2j/1.1/re2j-1.1.jar:/home/user/.m2/repository/com/google/code/gson/gson/2.2.4/gson-2.2.4.jar:/home/user/.m2/repository/com/jcraft/jsch/0.1.54/jsch-0.1.54.jar:/home/user/.m2/repository/org/apache/curator/curator-client/2.12.0/curator-client-2.12.0.jar:/home/user/.m2/repository/org/apache/curator/curator-recipes/2.12.0/curator-recipes-2.12.0.jar:/home/user/.m2/repository/com/google/code/findbugs/jsr305/3.0.0/jsr305-3.0.0.jar:/home/user/.m2/repository/org/apache/htrace/htrace-core4/4.1.0-incubating/htrace-core4-4.1.0-incubating.jar:/home/user/.m2/repository/org/apache/zookeeper/zookeeper/3.4.13/zookeeper-3.4.13.jar:/home/user/.m2/repository/jline/jline/0.9.94/jline-0.9.94.jar:/home/user/.m2/repository/org/apache/yetus/audience-annotations/0.5.0/audience-annotations-0.5.0.jar:/home/user/.m2/repository/org/codehaus/woodstox/stax2-api/3.1.4/stax2-api-3.1.4.jar:/home/user/.m2/repository/com/fasterxml/woodstox/woodstox-core/5.0.3/woodstox-core-5.0.3.jar:/home/user/.m2/repository/dnsjava/dnsjava/2.1.7/dnsjava-2.1.7.jar:/home/user/.m2/repository/org/apache/hadoop/hadoop-hdfs/3.2.0/hadoop-hdfs-3.2.0-tests.jar:/home/user/.m2/repository/org/eclipse/jetty/jetty-util-ajax/9.3.25.v20180904/jetty-util-ajax-9.3.25.v20180904.jar:/home/user/.m2/repository/commons-daemon/commons-daemon/1.0.13/commons-daemon-1.0.13.jar:/home/user/.m2/repository/io/netty/netty/3.10.5.Final/netty-3.10.5.Final.jar:/home/user/.m2/repository/io/netty/netty-all/4.0.52.Final/netty-all-4.0.52.Final.jar:/home/user/.m2/repository/org/fusesource/leveldbjni/leveldbjni-all/1.8/leveldbjni-all-1.8.jar:"/>
    <property name="sun.cpu.endian" value="little"/>
    <property name="user.home" value="/home/user"/>
    <property name="user.language" value="en"/>
    <property name="java.specification.vendor" value="Oracle Corporation"/>
    <property name="java.home" value="/usr/lib/jvm/java-1.8-openjdk/jre"/>
    <property name="java.security.krb5.conf" value="/workdir/hadoop-ozone/integration-test/target/test-classes/krb5.conf"/>
    <property name="basedir" value="/workdir/hadoop-ozone/integration-test"/>
    <property name="file.separator" value="/"/>
    <property name="line.separator" value="&#10;"/>
    <property name="java.vm.specification.vendor" value="Oracle Corporation"/>
    <property name="java.specification.name" value="Java Platform API Specification"/>
    <property name="java.awt.graphicsenv" value="sun.awt.X11GraphicsEnvironment"/>
    <property name="surefire.real.class.path" value="/workdir/hadoop-ozone/integration-test/target/surefire/surefirebooter1810112380964338016.jar"/>
    <property name="hadoop.log.dir" value="/workdir/hadoop-ozone/integration-test/target/log"/>
    <property name="sun.boot.class.path" value="/usr/lib/jvm/java-1.8-openjdk/jre/lib/resources.jar:/usr/lib/jvm/java-1.8-openjdk/jre/lib/rt.jar:/usr/lib/jvm/java-1.8-openjdk/jre/lib/sunrsasign.jar:/usr/lib/jvm/java-1.8-openjdk/jre/lib/jsse.jar:/usr/lib/jvm/java-1.8-openjdk/jre/lib/jce.jar:/usr/lib/jvm/java-1.8-openjdk/jre/lib/charsets.jar:/usr/lib/jvm/java-1.8-openjdk/jre/lib/jfr.jar:/usr/lib/jvm/java-1.8-openjdk/jre/classes"/>
    <property name="sun.management.compiler" value="HotSpot 64-Bit Tiered Compilers"/>
    <property name="java.runtime.version" value="1.8.0_212-b04"/>
    <property name="java.net.preferIPv4Stack" value="true"/>
    <property name="user.name" value="jenkins1000"/>
    <property name="path.separator" value=":"/>
    <property name="java.security.egd" value="file:///dev/urandom"/>
    <property name="os.version" value="3.10.0-957.12.2.el7.x86_64"/>
    <property name="java.endorsed.dirs" value="/usr/lib/jvm/java-1.8-openjdk/jre/lib/endorsed"/>
    <property name="java.runtime.name" value="OpenJDK Runtime Environment"/>
    <property name="file.encoding" value="UTF-8"/>
    <property name="java.vm.name" value="OpenJDK 64-Bit Server VM"/>
    <property name="test.build.webapps" value=""/>
    <property name="localRepository" value="/home/user/.m2/repository"/>
    <property name="java.vendor.url.bug" value="https://icedtea.classpath.org/bugzilla"/>
    <property name="java.io.tmpdir" value="/tmp"/>
    <property name="require.test.libhadoop" value=""/>
    <property name="java.version" value="1.8.0_212"/>
    <property name="user.dir" value="/workdir/hadoop-ozone/integration-test"/>
    <property name="os.arch" value="amd64"/>
    <property name="java.vm.specification.name" value="Java Virtual Machine Specification"/>
    <property name="test.build.classes" value="/workdir/hadoop-ozone/integration-test/target/test-classes"/>
    <property name="java.awt.printerjob" value="sun.print.PSPrinterJob"/>
    <property name="sun.os.patch.level" value="unknown"/>
    <property name="hadoop.tmp.dir" value="/workdir/hadoop-ozone/integration-test/target/tmp"/>
    <property name="java.library.path" value="/usr/lib/jvm/java-1.8-openjdk/jre/lib/amd64/server:/usr/lib/jvm/java-1.8-openjdk/jre/lib/amd64:/usr/lib/jvm/java-1.8-openjdk/jre/../lib/amd64:/workdir/hadoop-ozone/integration-test/target/native/target/usr/local/lib:/workdir/hadoop-ozone/integration-test/../../hadoop-common-project/hadoop-common/target/native/target/usr/local/lib:/usr/java/packages/lib/amd64:/usr/lib64:/lib64:/lib:/usr/lib"/>
    <property name="java.vm.info" value="mixed mode"/>
    <property name="java.vendor" value="IcedTea"/>
    <property name="java.vm.version" value="25.212-b04"/>
    <property name="java.ext.dirs" value="/usr/lib/jvm/java-1.8-openjdk/jre/lib/ext:/usr/java/packages/lib/ext"/>
    <property name="sun.io.unicode.encoding" value="UnicodeLittle"/>
    <property name="java.class.version" value="52.0"/>
  </properties>
  <testcase name="testGroupMismatchExceptionHandling" classname="org.apache.hadoop.ozone.client.rpc.TestOzoneClientRetriesOnException" time="50.631"/>
  <testcase name="testMaxRetriesByOzoneClient" classname="org.apache.hadoop.ozone.client.rpc.TestOzoneClientRetriesOnException" time="130.418">
    <error message="Failed to command cmdType: CreateContainer&#10;containerID: 1&#10;datanodeUuid: &quot;2353c1f1-726d-4738-890f-24cb4edef3db&quot;&#10;createContainer {&#10;}&#10;" type="java.io.IOException">java.io.IOException: 
Failed to command cmdType: CreateContainer
containerID: 1
datanodeUuid: "2353c1f1-726d-4738-890f-24cb4edef3db"
createContainer {
}

	at org.apache.hadoop.hdds.scm.XceiverClientSpi.sendCommand(XceiverClientSpi.java:113)
	at org.apache.hadoop.ozone.client.rpc.TestOzoneClientRetriesOnException.testMaxRetriesByOzoneClient(TestOzoneClientRetriesOnException.java:190)
	at sun.reflect.NativeMethodAccessorImpl.invoke0(Native Method)
	at sun.reflect.NativeMethodAccessorImpl.invoke(NativeMethodAccessorImpl.java:62)
	at sun.reflect.DelegatingMethodAccessorImpl.invoke(DelegatingMethodAccessorImpl.java:43)
	at java.lang.reflect.Method.invoke(Method.java:498)
	at org.junit.runners.model.FrameworkMethod$1.runReflectiveCall(FrameworkMethod.java:47)
	at org.junit.internal.runners.model.ReflectiveCallable.run(ReflectiveCallable.java:12)
	at org.junit.runners.model.FrameworkMethod.invokeExplosively(FrameworkMethod.java:44)
	at org.junit.internal.runners.statements.InvokeMethod.evaluate(InvokeMethod.java:17)
	at org.junit.internal.runners.statements.RunBefores.evaluate(RunBefores.java:26)
	at org.junit.internal.runners.statements.RunAfters.evaluate(RunAfters.java:27)
	at org.junit.runners.ParentRunner.runLeaf(ParentRunner.java:271)
	at org.junit.runners.BlockJUnit4ClassRunner.runChild(BlockJUnit4ClassRunner.java:70)
	at org.junit.runners.BlockJUnit4ClassRunner.runChild(BlockJUnit4ClassRunner.java:50)
	at org.junit.runners.ParentRunner$3.run(ParentRunner.java:238)
	at org.junit.runners.ParentRunner$1.schedule(ParentRunner.java:63)
	at org.junit.runners.ParentRunner.runChildren(ParentRunner.java:236)
	at org.junit.runners.ParentRunner.access$000(ParentRunner.java:53)
	at org.junit.runners.ParentRunner$2.evaluate(ParentRunner.java:229)
	at org.junit.runners.ParentRunner.run(ParentRunner.java:309)
	at org.apache.maven.surefire.junit4.JUnit4Provider.execute(JUnit4Provider.java:365)
	at org.apache.maven.surefire.junit4.JUnit4Provider.executeWithRerun(JUnit4Provider.java:273)
	at org.apache.maven.surefire.junit4.JUnit4Provider.executeTestSet(JUnit4Provider.java:238)
	at org.apache.maven.surefire.junit4.JUnit4Provider.invoke(JUnit4Provider.java:159)
	at org.apache.maven.surefire.booter.ForkedBooter.invokeProviderInSameClassLoader(ForkedBooter.java:384)
	at org.apache.maven.surefire.booter.ForkedBooter.runSuitesInProcess(ForkedBooter.java:345)
	at org.apache.maven.surefire.booter.ForkedBooter.execute(ForkedBooter.java:126)
	at org.apache.maven.surefire.booter.ForkedBooter.main(ForkedBooter.java:418)
Caused by: java.util.concurrent.ExecutionException: org.apache.ratis.protocol.RaftRetryFailureException: Failed RaftClientRequest:client-7843876CB9CA->220726a2-4ddc-4b09-adf5-65aa5b79b83d@group-91BDB29C4700, cid=45, seq=3*, RW, cmdType: CreateContainer
traceID: "33c3545d46c9e796:33c3545d46c9e796:0:0"
containerID: 1
datanodeUuid: "2353c1f1-726d-4738-890f-24cb4edef3db"
createContainer {
}
, data.size=0 for 180 attempts with RetryLimited(maxAttempts=180, sleepTime=1000ms)
	at java.util.concurrent.CompletableFuture.reportGet(CompletableFuture.java:357)
	at java.util.concurrent.CompletableFuture.get(CompletableFuture.java:1895)
	at org.apache.hadoop.hdds.scm.XceiverClientSpi.sendCommand(XceiverClientSpi.java:110)
	... 28 more
Caused by: org.apache.ratis.protocol.RaftRetryFailureException: Failed RaftClientRequest:client-7843876CB9CA->220726a2-4ddc-4b09-adf5-65aa5b79b83d@group-91BDB29C4700, cid=45, seq=3*, RW, cmdType: CreateContainer
traceID: "33c3545d46c9e796:33c3545d46c9e796:0:0"
containerID: 1
datanodeUuid: "2353c1f1-726d-4738-890f-24cb4edef3db"
createContainer {
}
, data.size=0 for 180 attempts with RetryLimited(maxAttempts=180, sleepTime=1000ms)
	at org.apache.ratis.client.impl.RaftClientImpl.noMoreRetries(RaftClientImpl.java:271)
	at org.apache.ratis.client.impl.OrderedAsync.handleAsyncRetryFailure(OrderedAsync.java:138)
	at org.apache.ratis.client.impl.OrderedAsync.lambda$sendRequest$10(OrderedAsync.java:230)
	at java.util.concurrent.CompletableFuture.uniExceptionally(CompletableFuture.java:870)
	at java.util.concurrent.CompletableFuture$UniExceptionally.tryFire(CompletableFuture.java:852)
	at java.util.concurrent.CompletableFuture.postComplete(CompletableFuture.java:474)
	at java.util.concurrent.CompletableFuture.completeExceptionally(CompletableFuture.java:1977)
	at org.apache.ratis.grpc.client.GrpcClientProtocolClient$AsyncStreamObservers.completeReplyExceptionally(GrpcClientProtocolClient.java:345)
	at org.apache.ratis.grpc.client.GrpcClientProtocolClient$AsyncStreamObservers.access$000(GrpcClientProtocolClient.java:261)
	at org.apache.ratis.grpc.client.GrpcClientProtocolClient$AsyncStreamObservers$1.onNext(GrpcClientProtocolClient.java:273)
	at org.apache.ratis.grpc.client.GrpcClientProtocolClient$AsyncStreamObservers$1.onNext(GrpcClientProtocolClient.java:264)
	at org.apache.ratis.thirdparty.io.grpc.stub.ClientCalls$StreamObserverToCallListenerAdapter.onMessage(ClientCalls.java:421)
	at org.apache.ratis.thirdparty.io.grpc.ForwardingClientCallListener.onMessage(ForwardingClientCallListener.java:33)
	at org.apache.ratis.thirdparty.io.grpc.ForwardingClientCallListener.onMessage(ForwardingClientCallListener.java:33)
	at org.apache.ratis.thirdparty.io.grpc.internal.ClientCallImpl$ClientStreamListenerImpl$1MessagesAvailable.runInContext(ClientCallImpl.java:519)
	at org.apache.ratis.thirdparty.io.grpc.internal.ContextRunnable.run(ContextRunnable.java:37)
	at org.apache.ratis.thirdparty.io.grpc.internal.SerializingExecutor.run(SerializingExecutor.java:123)
	at java.util.concurrent.ThreadPoolExecutor.runWorker(ThreadPoolExecutor.java:1149)
	at java.util.concurrent.ThreadPoolExecutor$Worker.run(ThreadPoolExecutor.java:624)
	at java.lang.Thread.run(Thread.java:748)
Caused by: org.apache.ratis.protocol.NotLeaderException: Server 220726a2-4ddc-4b09-adf5-65aa5b79b83d@group-91BDB29C4700 is not the leader 1ccbf5a0-3179-4f97-9461-e435a3f85abe:192.168.164.230:40090
	at org.apache.ratis.client.impl.ClientProtoUtils.toRaftClientReply(ClientProtoUtils.java:243)
	at org.apache.ratis.grpc.client.GrpcClientProtocolClient$AsyncStreamObservers$1.onNext(GrpcClientProtocolClient.java:269)
	... 10 more
</error>
    <system-out><![CDATA[2019-10-10 13:23:12,388 [main] WARN  server.ServerUtils (ServerUtils.java:getScmDbDir(145)) - ozone.scm.db.dirs is not configured. We recommend adding this setting. Falling back to ozone.metadata.dirs instead.
2019-10-10 13:23:12,403 [main] WARN  server.ServerUtils (ServerUtils.java:getScmDbDir(145)) - ozone.scm.db.dirs is not configured. We recommend adding this setting. Falling back to ozone.metadata.dirs instead.
2019-10-10 13:23:12,404 [main] WARN  server.ServerUtils (ServerUtils.java:getScmDbDir(145)) - ozone.scm.db.dirs is not configured. We recommend adding this setting. Falling back to ozone.metadata.dirs instead.
2019-10-10 13:23:12,404 [main] INFO  db.DBStoreBuilder (DBStoreBuilder.java:addTable(117)) - using custom profile for table: deletedBlocks
2019-10-10 13:23:12,405 [main] INFO  db.DBStoreBuilder (DBStoreBuilder.java:processTables(168)) - Using default column profile:DBProfile.DISK for Table:deletedBlocks
2019-10-10 13:23:12,405 [main] INFO  db.DBStoreBuilder (DBStoreBuilder.java:addTable(117)) - using custom profile for table: validCerts
2019-10-10 13:23:12,405 [main] INFO  db.DBStoreBuilder (DBStoreBuilder.java:processTables(168)) - Using default column profile:DBProfile.DISK for Table:validCerts
2019-10-10 13:23:12,405 [main] INFO  db.DBStoreBuilder (DBStoreBuilder.java:addTable(117)) - using custom profile for table: revokedCerts
2019-10-10 13:23:12,406 [main] INFO  db.DBStoreBuilder (DBStoreBuilder.java:processTables(168)) - Using default column profile:DBProfile.DISK for Table:revokedCerts
2019-10-10 13:23:12,406 [main] INFO  db.DBStoreBuilder (DBStoreBuilder.java:addTable(117)) - using custom profile for table: default
2019-10-10 13:23:12,406 [main] INFO  db.DBStoreBuilder (DBStoreBuilder.java:processTables(174)) - Using default column profile:DBProfile.DISK for Table:default
2019-10-10 13:23:12,406 [main] INFO  db.DBStoreBuilder (DBStoreBuilder.java:getDbProfile(205)) - Using default options. DBProfile.DISK
2019-10-10 13:23:12,670 [main] INFO  net.NodeSchemaLoader (NodeSchemaLoader.java:loadSchemaFromFile(125)) - Loading file from sun.misc.CompoundEnumeration@3e4e8fdf
2019-10-10 13:23:12,670 [main] INFO  net.NodeSchemaLoader (NodeSchemaLoader.java:loadSchema(171)) - Loading network topology layer schema file
2019-10-10 13:23:12,676 [main] WARN  server.ServerUtils (ServerUtils.java:sanitizeUserArgs(70)) - ozone.scm.stale.node.interval value = 300000 is larger than max = 100000 based on the key value of ozone.scm.heartbeat.thread.interval, reset to the max value 100000.
2019-10-10 13:23:12,676 [main] WARN  server.ServerUtils (ServerUtils.java:sanitizeUserArgs(70)) - ozone.scm.stale.node.interval value = 300000 is larger than max = 100000 based on the key value of ozone.scm.heartbeat.thread.interval, reset to the max value 100000.
2019-10-10 13:23:12,676 [main] INFO  node.SCMNodeManager (SCMNodeManager.java:<init>(116)) - Entering startup safe mode.
2019-10-10 13:23:12,677 [main] INFO  algorithms.ContainerPlacementPolicyFactory (ContainerPlacementPolicyFactory.java:getPolicy(57)) - Create container placement policy of type org.apache.hadoop.hdds.scm.container.placement.algorithms.SCMContainerPlacementRandom
2019-10-10 13:23:12,678 [main] WARN  server.ServerUtils (ServerUtils.java:getScmDbDir(145)) - ozone.scm.db.dirs is not configured. We recommend adding this setting. Falling back to ozone.metadata.dirs instead.
2019-10-10 13:23:12,814 [main] INFO  pipeline.SCMPipelineManager (SCMPipelineManager.java:initializePipelineState(132)) - No pipeline exists in current db
2019-10-10 13:23:12,814 [main] WARN  server.ServerUtils (ServerUtils.java:getScmDbDir(145)) - ozone.scm.db.dirs is not configured. We recommend adding this setting. Falling back to ozone.metadata.dirs instead.
2019-10-10 13:23:12,888 [main] WARN  events.EventQueue (EventQueue.java:fireEvent(183)) - No event handler registered for event TypedEvent{payloadType=SafeModeStatus, name='SafeModeStatus'}
2019-10-10 13:23:12,889 [main] INFO  ipc.CallQueueManager (CallQueueManager.java:<init>(84)) - Using callQueue: class java.util.concurrent.LinkedBlockingQueue, queueCapacity: 2000, scheduler: class org.apache.hadoop.ipc.DefaultRpcScheduler, ipcBackoff: false.
2019-10-10 13:23:12,890 [Socket Reader #1 for port 34870] INFO  ipc.Server (Server.java:run(1074)) - Starting Socket Reader #1 for port 34870
2019-10-10 13:23:12,893 [main] INFO  ipc.CallQueueManager (CallQueueManager.java:<init>(84)) - Using callQueue: class java.util.concurrent.LinkedBlockingQueue, queueCapacity: 2000, scheduler: class org.apache.hadoop.ipc.DefaultRpcScheduler, ipcBackoff: false.
2019-10-10 13:23:12,894 [Socket Reader #1 for port 39481] INFO  ipc.Server (Server.java:run(1074)) - Starting Socket Reader #1 for port 39481
2019-10-10 13:23:12,896 [main] INFO  ipc.CallQueueManager (CallQueueManager.java:<init>(84)) - Using callQueue: class java.util.concurrent.LinkedBlockingQueue, queueCapacity: 2000, scheduler: class org.apache.hadoop.ipc.DefaultRpcScheduler, ipcBackoff: false.
2019-10-10 13:23:12,897 [Socket Reader #1 for port 37441] INFO  ipc.Server (Server.java:run(1074)) - Starting Socket Reader #1 for port 37441
2019-10-10 13:23:12,899 [main] INFO  hdfs.DFSUtil (DFSUtil.java:httpServerTemplateForNNAndJN(1641)) - Starting Web-server for scm at: http://0.0.0.0:0
2019-10-10 13:23:12,902 [main] INFO  server.AuthenticationFilter (AuthenticationFilter.java:constructSecretProvider(240)) - Unable to initialize FileSignerSecretProvider, falling back to use random secrets.
2019-10-10 13:23:12,903 [main] WARN  http.HttpRequestLog (HttpRequestLog.java:getRequestLog(97)) - Jetty request log can only be enabled using Log4j
2019-10-10 13:23:12,905 [main] INFO  http.HttpServer2 (HttpServer2.java:addGlobalFilter(975)) - Added global filter 'safety' (class=org.apache.hadoop.http.HttpServer2$QuotingInputFilter)
2019-10-10 13:23:12,906 [main] INFO  http.HttpServer2 (HttpServer2.java:addFilter(948)) - Added filter static_user_filter (class=org.apache.hadoop.http.lib.StaticUserWebFilter$StaticUserFilter) to context scm
2019-10-10 13:23:12,906 [main] INFO  http.HttpServer2 (HttpServer2.java:addFilter(958)) - Added filter static_user_filter (class=org.apache.hadoop.http.lib.StaticUserWebFilter$StaticUserFilter) to context static
2019-10-10 13:23:12,906 [main] INFO  http.HttpServer2 (HttpServer2.java:addFilter(958)) - Added filter static_user_filter (class=org.apache.hadoop.http.lib.StaticUserWebFilter$StaticUserFilter) to context logs
2019-10-10 13:23:12,909 [main] INFO  server.StorageContainerManager (StorageContainerManager.java:start(772)) - StorageContainerLocationProtocol RPC server is listening at /0.0.0.0:37441
2019-10-10 13:23:12,912 [main] WARN  impl.MetricsConfig (MetricsConfig.java:loadFirst(134)) - Cannot locate configuration: tried hadoop-metrics2-storagecontainermanager.properties,hadoop-metrics2.properties
2019-10-10 13:23:12,913 [main] INFO  impl.MetricsSystemImpl (MetricsSystemImpl.java:startTimer(374)) - Scheduled Metric snapshot period at 10 second(s).
2019-10-10 13:23:12,914 [main] INFO  impl.MetricsSystemImpl (MetricsSystemImpl.java:start(191)) - StorageContainerManager metrics system started
2019-10-10 13:23:12,965 [main] WARN  impl.MetricsSystemImpl (MetricsSystemImpl.java:register(276)) - Sink prometheus already exists!
2019-10-10 13:23:12,973 [main] INFO  server.SCMClientProtocolServer (SCMClientProtocolServer.java:start(159)) - RPC server for Client  is listening at /0.0.0.0:37441
2019-10-10 13:23:12,973 [IPC Server Responder] INFO  ipc.Server (Server.java:run(1314)) - IPC Server Responder: starting
2019-10-10 13:23:12,973 [IPC Server listener on 37441] INFO  ipc.Server (Server.java:run(1153)) - IPC Server listener on 37441: starting
2019-10-10 13:23:12,978 [main] INFO  server.StorageContainerManager (StorageContainerManager.java:start(782)) - ScmBlockLocationProtocol RPC server is listening at /0.0.0.0:39481
2019-10-10 13:23:12,978 [main] INFO  server.SCMBlockProtocolServer (SCMBlockProtocolServer.java:start(146)) - RPC server for Block Protocol is listening at /0.0.0.0:39481
2019-10-10 13:23:12,979 [IPC Server Responder] INFO  ipc.Server (Server.java:run(1314)) - IPC Server Responder: starting
2019-10-10 13:23:12,979 [IPC Server listener on 39481] INFO  ipc.Server (Server.java:run(1153)) - IPC Server listener on 39481: starting
2019-10-10 13:23:12,983 [main] INFO  server.StorageContainerManager (StorageContainerManager.java:start(786)) - ScmDatanodeProtocl RPC server is listening at /0.0.0.0:34870
2019-10-10 13:23:12,984 [main] INFO  server.SCMDatanodeProtocolServer (SCMDatanodeProtocolServer.java:start(169)) - RPC server for DataNodes is listening at /0.0.0.0:34870
2019-10-10 13:23:12,985 [IPC Server Responder] INFO  ipc.Server (Server.java:run(1314)) - IPC Server Responder: starting
2019-10-10 13:23:12,985 [IPC Server listener on 34870] INFO  ipc.Server (Server.java:run(1153)) - IPC Server listener on 34870: starting
2019-10-10 13:23:12,990 [main] INFO  http.HttpServer2 (HttpServer2.java:bindListener(1191)) - Jetty bound to port 43659
2019-10-10 13:23:12,990 [main] INFO  server.Server (Server.java:doStart(351)) - jetty-9.3.25.v20180904, build timestamp: 2018-09-04T21:11:46Z, git hash: 3ce520221d0240229c862b122d2b06c12a625732
2019-10-10 13:23:12,992 [main] INFO  handler.ContextHandler (ContextHandler.java:doStart(781)) - Started o.e.j.s.ServletContextHandler@188598ad{/logs,file:///workdir/hadoop-ozone/integration-test/target/log,AVAILABLE}
2019-10-10 13:23:12,993 [main] INFO  handler.ContextHandler (ContextHandler.java:doStart(781)) - Started o.e.j.s.ServletContextHandler@7cf78c85{/static,file:///workdir/hadoop-ozone/integration-test/target/test-classes/webapps/static,AVAILABLE}
2019-10-10 13:23:12,999 [main] INFO  handler.ContextHandler (ContextHandler.java:doStart(781)) - Started o.e.j.w.WebAppContext@3667faa8{/,file:///workdir/hadoop-ozone/integration-test/target/test-classes/webapps/scm/,AVAILABLE}{/scm}
2019-10-10 13:23:13,000 [main] INFO  server.AbstractConnector (AbstractConnector.java:doStart(278)) - Started ServerConnector@1756f7cc{HTTP/1.1,[http/1.1]}{0.0.0.0:43659}
2019-10-10 13:23:13,001 [main] INFO  server.Server (Server.java:doStart(419)) - Started @51846ms
2019-10-10 13:23:13,001 [main] WARN  impl.MetricsSystemImpl (MetricsSystemImpl.java:register(276)) - Sink prometheus already exists!
2019-10-10 13:23:13,002 [main] INFO  server.BaseHttpServer (BaseHttpServer.java:updateConnectorAddress(215)) - HTTP server of SCM is listening at http://0.0.0.0:43659
2019-10-10 13:23:13,003 [main] WARN  server.ServerUtils (ServerUtils.java:getDBPath(222)) - ozone.om.db.dirs is not configured. We recommend adding this setting. Falling back to ozone.metadata.dirs instead.
2019-10-10 13:23:13,003 [org.apache.hadoop.util.JvmPauseMonitor$Monitor@27df95e] INFO  util.JvmPauseMonitor (JvmPauseMonitor.java:run(188)) - Starting JVM pause monitor
2019-10-10 13:23:13,016 [main] INFO  ha.OMHANodeDetails (OMHANodeDetails.java:loadOMHAConfig(190)) - Configuration either no ozone.om.address set. Falling back to the default OM address /127.0.0.1:0
2019-10-10 13:23:13,017 [main] INFO  ha.OMHANodeDetails (OMHANodeDetails.java:getOMNodeDetails(220)) - OM Service ID is not set. Setting it to the default ID: omServiceIdDefault
2019-10-10 13:23:13,017 [main] WARN  server.ServerUtils (ServerUtils.java:getDBPath(222)) - ozone.om.db.dirs is not configured. We recommend adding this setting. Falling back to ozone.metadata.dirs instead.
2019-10-10 13:23:13,017 [main] WARN  server.ServerUtils (ServerUtils.java:getDBPath(222)) - ozone.om.db.dirs is not configured. We recommend adding this setting. Falling back to ozone.metadata.dirs instead.
2019-10-10 13:23:13,025 [main] WARN  server.ServerUtils (ServerUtils.java:getDBPath(222)) - ozone.om.db.dirs is not configured. We recommend adding this setting. Falling back to ozone.metadata.dirs instead.
2019-10-10 13:23:13,025 [main] INFO  db.DBStoreBuilder (DBStoreBuilder.java:addTable(117)) - using custom profile for table: userTable
2019-10-10 13:23:13,025 [main] INFO  db.DBStoreBuilder (DBStoreBuilder.java:processTables(168)) - Using default column profile:DBProfile.DISK for Table:userTable
2019-10-10 13:23:13,026 [main] INFO  db.DBStoreBuilder (DBStoreBuilder.java:addTable(117)) - using custom profile for table: volumeTable
2019-10-10 13:23:13,026 [main] INFO  db.DBStoreBuilder (DBStoreBuilder.java:processTables(168)) - Using default column profile:DBProfile.DISK for Table:volumeTable
2019-10-10 13:23:13,026 [main] INFO  db.DBStoreBuilder (DBStoreBuilder.java:addTable(117)) - using custom profile for table: bucketTable
2019-10-10 13:23:13,026 [main] INFO  db.DBStoreBuilder (DBStoreBuilder.java:processTables(168)) - Using default column profile:DBProfile.DISK for Table:bucketTable
2019-10-10 13:23:13,026 [main] INFO  db.DBStoreBuilder (DBStoreBuilder.java:addTable(117)) - using custom profile for table: keyTable
2019-10-10 13:23:13,027 [main] INFO  db.DBStoreBuilder (DBStoreBuilder.java:processTables(168)) - Using default column profile:DBProfile.DISK for Table:keyTable
2019-10-10 13:23:13,027 [main] INFO  db.DBStoreBuilder (DBStoreBuilder.java:addTable(117)) - using custom profile for table: deletedTable
2019-10-10 13:23:13,027 [main] INFO  db.DBStoreBuilder (DBStoreBuilder.java:processTables(168)) - Using default column profile:DBProfile.DISK for Table:deletedTable
2019-10-10 13:23:13,027 [main] INFO  db.DBStoreBuilder (DBStoreBuilder.java:addTable(117)) - using custom profile for table: openKeyTable
2019-10-10 13:23:13,027 [main] INFO  db.DBStoreBuilder (DBStoreBuilder.java:processTables(168)) - Using default column profile:DBProfile.DISK for Table:openKeyTable
2019-10-10 13:23:13,027 [main] INFO  db.DBStoreBuilder (DBStoreBuilder.java:addTable(117)) - using custom profile for table: s3Table
2019-10-10 13:23:13,028 [main] INFO  db.DBStoreBuilder (DBStoreBuilder.java:processTables(168)) - Using default column profile:DBProfile.DISK for Table:s3Table
2019-10-10 13:23:13,028 [main] INFO  db.DBStoreBuilder (DBStoreBuilder.java:addTable(117)) - using custom profile for table: multipartInfoTable
2019-10-10 13:23:13,028 [main] INFO  db.DBStoreBuilder (DBStoreBuilder.java:processTables(168)) - Using default column profile:DBProfile.DISK for Table:multipartInfoTable
2019-10-10 13:23:13,028 [main] INFO  db.DBStoreBuilder (DBStoreBuilder.java:addTable(117)) - using custom profile for table: dTokenTable
2019-10-10 13:23:13,028 [main] INFO  db.DBStoreBuilder (DBStoreBuilder.java:processTables(168)) - Using default column profile:DBProfile.DISK for Table:dTokenTable
2019-10-10 13:23:13,029 [main] INFO  db.DBStoreBuilder (DBStoreBuilder.java:addTable(117)) - using custom profile for table: s3SecretTable
2019-10-10 13:23:13,029 [main] INFO  db.DBStoreBuilder (DBStoreBuilder.java:processTables(168)) - Using default column profile:DBProfile.DISK for Table:s3SecretTable
2019-10-10 13:23:13,029 [main] INFO  db.DBStoreBuilder (DBStoreBuilder.java:addTable(117)) - using custom profile for table: prefixTable
2019-10-10 13:23:13,029 [main] INFO  db.DBStoreBuilder (DBStoreBuilder.java:processTables(168)) - Using default column profile:DBProfile.DISK for Table:prefixTable
2019-10-10 13:23:13,029 [main] INFO  db.DBStoreBuilder (DBStoreBuilder.java:addTable(117)) - using custom profile for table: default
2019-10-10 13:23:13,029 [main] INFO  db.DBStoreBuilder (DBStoreBuilder.java:processTables(174)) - Using default column profile:DBProfile.DISK for Table:default
2019-10-10 13:23:13,030 [main] INFO  db.DBStoreBuilder (DBStoreBuilder.java:getDbProfile(205)) - Using default options. DBProfile.DISK
2019-10-10 13:23:13,728 [main] INFO  ipc.CallQueueManager (CallQueueManager.java:<init>(84)) - Using callQueue: class java.util.concurrent.LinkedBlockingQueue, queueCapacity: 2000, scheduler: class org.apache.hadoop.ipc.DefaultRpcScheduler, ipcBackoff: false.
2019-10-10 13:23:13,728 [Socket Reader #1 for port 39206] INFO  ipc.Server (Server.java:run(1074)) - Starting Socket Reader #1 for port 39206
2019-10-10 13:23:13,750 [main] INFO  om.OzoneManager (OzoneManager.java:start(1071)) - OzoneManager RPC server is listening at localhost/127.0.0.1:39206
2019-10-10 13:23:13,750 [main] INFO  impl.MetricsSystemImpl (MetricsSystemImpl.java:init(158)) - OzoneManager metrics system started (again)
2019-10-10 13:23:13,752 [IPC Server Responder] INFO  ipc.Server (Server.java:run(1314)) - IPC Server Responder: starting
2019-10-10 13:23:13,753 [IPC Server listener on 39206] INFO  ipc.Server (Server.java:run(1153)) - IPC Server listener on 39206: starting
2019-10-10 13:23:13,759 [main] INFO  hdfs.DFSUtil (DFSUtil.java:httpServerTemplateForNNAndJN(1641)) - Starting Web-server for ozoneManager at: http://0.0.0.0:0
2019-10-10 13:23:13,761 [main] INFO  server.AuthenticationFilter (AuthenticationFilter.java:constructSecretProvider(240)) - Unable to initialize FileSignerSecretProvider, falling back to use random secrets.
2019-10-10 13:23:13,762 [main] WARN  http.HttpRequestLog (HttpRequestLog.java:getRequestLog(97)) - Jetty request log can only be enabled using Log4j
2019-10-10 13:23:13,764 [main] INFO  http.HttpServer2 (HttpServer2.java:addGlobalFilter(975)) - Added global filter 'safety' (class=org.apache.hadoop.http.HttpServer2$QuotingInputFilter)
2019-10-10 13:23:13,765 [main] INFO  http.HttpServer2 (HttpServer2.java:addFilter(948)) - Added filter static_user_filter (class=org.apache.hadoop.http.lib.StaticUserWebFilter$StaticUserFilter) to context ozoneManager
2019-10-10 13:23:13,766 [main] INFO  http.HttpServer2 (HttpServer2.java:addFilter(958)) - Added filter static_user_filter (class=org.apache.hadoop.http.lib.StaticUserWebFilter$StaticUserFilter) to context logs
2019-10-10 13:23:13,766 [main] INFO  http.HttpServer2 (HttpServer2.java:addFilter(958)) - Added filter static_user_filter (class=org.apache.hadoop.http.lib.StaticUserWebFilter$StaticUserFilter) to context static
2019-10-10 13:23:13,767 [main] INFO  http.HttpServer2 (HttpServer2.java:bindListener(1191)) - Jetty bound to port 40384
2019-10-10 13:23:13,767 [main] INFO  server.Server (Server.java:doStart(351)) - jetty-9.3.25.v20180904, build timestamp: 2018-09-04T21:11:46Z, git hash: 3ce520221d0240229c862b122d2b06c12a625732
2019-10-10 13:23:13,769 [main] INFO  handler.ContextHandler (ContextHandler.java:doStart(781)) - Started o.e.j.s.ServletContextHandler@7668892a{/logs,file:///workdir/hadoop-ozone/integration-test/target/log,AVAILABLE}
2019-10-10 13:23:13,770 [main] INFO  handler.ContextHandler (ContextHandler.java:doStart(781)) - Started o.e.j.s.ServletContextHandler@7e83992{/static,file:///workdir/hadoop-ozone/integration-test/target/test-classes/webapps/static,AVAILABLE}
2019-10-10 13:23:13,776 [main] INFO  handler.ContextHandler (ContextHandler.java:doStart(781)) - Started o.e.j.w.WebAppContext@64deb58f{/,file:///workdir/hadoop-ozone/integration-test/target/test-classes/webapps/ozoneManager/,AVAILABLE}{/ozoneManager}
2019-10-10 13:23:13,777 [main] INFO  server.AbstractConnector (AbstractConnector.java:doStart(278)) - Started ServerConnector@2b1cd7bc{HTTP/1.1,[http/1.1]}{0.0.0.0:40384}
2019-10-10 13:23:13,778 [main] INFO  server.Server (Server.java:doStart(419)) - Started @52623ms
2019-10-10 13:23:13,778 [main] WARN  impl.MetricsSystemImpl (MetricsSystemImpl.java:register(276)) - Sink prometheus already exists!
2019-10-10 13:23:13,779 [main] INFO  server.BaseHttpServer (BaseHttpServer.java:updateConnectorAddress(215)) - HTTP server of OZONEMANAGER is listening at http://0.0.0.0:40384
2019-10-10 13:23:13,800 [main] INFO  impl.MetricsSystemImpl (MetricsSystemImpl.java:init(158)) - HddsDatanode metrics system started (again)
2019-10-10 13:23:13,803 [main] INFO  ozone.HddsDatanodeService (HddsDatanodeService.java:start(184)) - HddsDatanodeService host:pr-hdds-2280-tn9v7-3755420433 ip:192.168.164.230
2019-10-10 13:23:13,809 [main] INFO  volume.HddsVolume (HddsVolume.java:<init>(176)) - Creating Volume: /workdir/hadoop-ozone/integration-test/target/test-dir/MiniOzoneClusterImpl-9f2070aa-53b9-4d3a-8363-33cb6bbf0ea6/datanode-0/data/containers/hdds of  storage type : DISK and capacity : 1482555576320
2019-10-10 13:23:13,810 [main] INFO  volume.VolumeSet (VolumeSet.java:initializeVolumeSet(170)) - Added Volume : /workdir/hadoop-ozone/integration-test/target/test-dir/MiniOzoneClusterImpl-9f2070aa-53b9-4d3a-8363-33cb6bbf0ea6/datanode-0/data/containers/hdds to VolumeSet
2019-10-10 13:23:13,810 [main] INFO  volume.ThrottledAsyncChecker (ThrottledAsyncChecker.java:schedule(141)) - Scheduling a check for org.apache.hadoop.ozone.container.common.volume.HddsVolume@479111ba
2019-10-10 13:23:13,811 [main] INFO  volume.HddsVolumeChecker (HddsVolumeChecker.java:checkAllVolumes(204)) - Scheduled health check for volume org.apache.hadoop.ozone.container.common.volume.HddsVolume@479111ba
2019-10-10 13:23:13,827 [main] INFO  impl.RaftServerProxy (ConfUtils.java:logGet(43)) - raft.rpc.type = GRPC (default)
2019-10-10 13:23:13,828 [main] INFO  grpc.GrpcFactory (GrpcFactory.java:checkPooledByteBufAllocatorUseCacheForAllThreads(45)) - PERFORMANCE WARNING: useCacheForAllThreads is true that may cause Netty to create a lot garbage objects and, as a result, trigger GC.
	It is recommended to disable useCacheForAllThreads by setting -Dorg.apache.ratis.thirdparty.io.netty.allocator.useCacheForAllThreads=false in command line.
2019-10-10 13:23:13,828 [main] INFO  grpc.GrpcConfigKeys$Server (ConfUtils.java:logGet(43)) - raft.grpc.server.port = 0 (default)
2019-10-10 13:23:13,828 [main] INFO  server.GrpcService (ConfUtils.java:logGet(43)) - raft.grpc.message.size.max = 33570816 (custom)
2019-10-10 13:23:13,828 [main] INFO  server.RaftServerConfigKeys (ConfUtils.java:logGet(43)) - raft.server.log.appender.buffer.byte-limit = 33554432 (custom)
2019-10-10 13:23:13,829 [main] INFO  server.GrpcService (ConfUtils.java:logGet(43)) - raft.grpc.flow.control.window = 1MB (=1048576) (default)
2019-10-10 13:23:13,829 [main] INFO  server.RaftServerConfigKeys (ConfUtils.java:logGet(43)) - raft.server.rpc.request.timeout = 3000ms (default)
2019-10-10 13:23:13,830 [main] INFO  server.RaftServerConfigKeys (ConfUtils.java:logGet(43)) - raft.server.storage.dir = [/workdir/hadoop-ozone/integration-test/target/test-dir/MiniOzoneClusterImpl-9f2070aa-53b9-4d3a-8363-33cb6bbf0ea6/datanode-0/data/ratis] (custom)
2019-10-10 13:23:13,832 [main] INFO  hdfs.DFSUtil (DFSUtil.java:httpServerTemplateForNNAndJN(1641)) - Starting Web-server for hddsDatanode at: http://0.0.0.0:0
2019-10-10 13:23:13,834 [main] INFO  server.AuthenticationFilter (AuthenticationFilter.java:constructSecretProvider(240)) - Unable to initialize FileSignerSecretProvider, falling back to use random secrets.
2019-10-10 13:23:13,834 [main] WARN  http.HttpRequestLog (HttpRequestLog.java:getRequestLog(97)) - Jetty request log can only be enabled using Log4j
2019-10-10 13:23:13,837 [main] INFO  http.HttpServer2 (HttpServer2.java:addGlobalFilter(975)) - Added global filter 'safety' (class=org.apache.hadoop.http.HttpServer2$QuotingInputFilter)
2019-10-10 13:23:13,837 [main] INFO  http.HttpServer2 (HttpServer2.java:addFilter(948)) - Added filter static_user_filter (class=org.apache.hadoop.http.lib.StaticUserWebFilter$StaticUserFilter) to context hddsDatanode
2019-10-10 13:23:13,838 [main] INFO  http.HttpServer2 (HttpServer2.java:addFilter(958)) - Added filter static_user_filter (class=org.apache.hadoop.http.lib.StaticUserWebFilter$StaticUserFilter) to context static
2019-10-10 13:23:13,838 [main] INFO  http.HttpServer2 (HttpServer2.java:addFilter(958)) - Added filter static_user_filter (class=org.apache.hadoop.http.lib.StaticUserWebFilter$StaticUserFilter) to context logs
2019-10-10 13:23:13,839 [main] INFO  http.HttpServer2 (HttpServer2.java:bindListener(1191)) - Jetty bound to port 43706
2019-10-10 13:23:13,839 [main] INFO  server.Server (Server.java:doStart(351)) - jetty-9.3.25.v20180904, build timestamp: 2018-09-04T21:11:46Z, git hash: 3ce520221d0240229c862b122d2b06c12a625732
2019-10-10 13:23:13,841 [main] INFO  handler.ContextHandler (ContextHandler.java:doStart(781)) - Started o.e.j.s.ServletContextHandler@2c9a6717{/logs,file:///workdir/hadoop-ozone/integration-test/target/log,AVAILABLE}
2019-10-10 13:23:13,842 [main] INFO  handler.ContextHandler (ContextHandler.java:doStart(781)) - Started o.e.j.s.ServletContextHandler@6d091cad{/static,jar:file:/home/user/.m2/repository/org/apache/hadoop/hadoop-hdds-container-service/0.5.0-SNAPSHOT/hadoop-hdds-container-service-0.5.0-SNAPSHOT.jar!/webapps/static,AVAILABLE}
2019-10-10 13:23:13,886 [main] INFO  handler.ContextHandler (ContextHandler.java:doStart(781)) - Started o.e.j.w.WebAppContext@4130955c{/,file:///tmp/jetty-0.0.0.0-43706-hddsDatanode-_-any-6521062764998587901.dir/webapp/,AVAILABLE}{/hddsDatanode}
2019-10-10 13:23:13,887 [main] INFO  server.AbstractConnector (AbstractConnector.java:doStart(278)) - Started ServerConnector@2bfaba70{HTTP/1.1,[http/1.1]}{0.0.0.0:43706}
2019-10-10 13:23:13,888 [main] INFO  server.Server (Server.java:doStart(419)) - Started @52733ms
2019-10-10 13:23:13,888 [main] WARN  impl.MetricsSystemImpl (MetricsSystemImpl.java:register(276)) - Sink prometheus already exists!
2019-10-10 13:23:13,889 [main] INFO  server.BaseHttpServer (BaseHttpServer.java:updateConnectorAddress(215)) - HTTP server of HDDSDATANODE is listening at http://0.0.0.0:43706
2019-10-10 13:23:13,890 [main] INFO  impl.MetricsSystemImpl (MetricsSystemImpl.java:init(158)) - HddsDatanode metrics system started (again)
2019-10-10 13:23:13,894 [org.apache.hadoop.util.JvmPauseMonitor$Monitor@6efc6026] INFO  util.JvmPauseMonitor (JvmPauseMonitor.java:run(188)) - Starting JVM pause monitor
2019-10-10 13:23:13,894 [main] INFO  ozone.HddsDatanodeService (HddsDatanodeService.java:start(184)) - HddsDatanodeService host:pr-hdds-2280-tn9v7-3755420433 ip:192.168.164.230
2019-10-10 13:23:13,896 [Datanode State Machine Thread - 0] INFO  datanode.InitDatanodeState (InitDatanodeState.java:persistContainerDatanodeDetails(140)) - DatanodeDetails is persisted to /workdir/hadoop-ozone/integration-test/target/test-dir/MiniOzoneClusterImpl-9f2070aa-53b9-4d3a-8363-33cb6bbf0ea6/datanode-0/meta/datanode.id
2019-10-10 13:23:13,900 [main] INFO  volume.HddsVolume (HddsVolume.java:<init>(176)) - Creating Volume: /workdir/hadoop-ozone/integration-test/target/test-dir/MiniOzoneClusterImpl-9f2070aa-53b9-4d3a-8363-33cb6bbf0ea6/datanode-1/data/containers/hdds of  storage type : DISK and capacity : 1482555576320
2019-10-10 13:23:13,900 [main] INFO  volume.VolumeSet (VolumeSet.java:initializeVolumeSet(170)) - Added Volume : /workdir/hadoop-ozone/integration-test/target/test-dir/MiniOzoneClusterImpl-9f2070aa-53b9-4d3a-8363-33cb6bbf0ea6/datanode-1/data/containers/hdds to VolumeSet
2019-10-10 13:23:13,901 [main] INFO  volume.ThrottledAsyncChecker (ThrottledAsyncChecker.java:schedule(141)) - Scheduling a check for org.apache.hadoop.ozone.container.common.volume.HddsVolume@6680f714
2019-10-10 13:23:13,901 [main] INFO  volume.HddsVolumeChecker (HddsVolumeChecker.java:checkAllVolumes(204)) - Scheduled health check for volume org.apache.hadoop.ozone.container.common.volume.HddsVolume@6680f714
2019-10-10 13:23:13,915 [main] INFO  impl.RaftServerProxy (ConfUtils.java:logGet(43)) - raft.rpc.type = GRPC (default)
2019-10-10 13:23:13,915 [main] INFO  grpc.GrpcFactory (GrpcFactory.java:checkPooledByteBufAllocatorUseCacheForAllThreads(45)) - PERFORMANCE WARNING: useCacheForAllThreads is true that may cause Netty to create a lot garbage objects and, as a result, trigger GC.
	It is recommended to disable useCacheForAllThreads by setting -Dorg.apache.ratis.thirdparty.io.netty.allocator.useCacheForAllThreads=false in command line.
2019-10-10 13:23:13,915 [main] INFO  grpc.GrpcConfigKeys$Server (ConfUtils.java:logGet(43)) - raft.grpc.server.port = 0 (default)
2019-10-10 13:23:13,916 [main] INFO  server.GrpcService (ConfUtils.java:logGet(43)) - raft.grpc.message.size.max = 33570816 (custom)
2019-10-10 13:23:13,916 [main] INFO  server.RaftServerConfigKeys (ConfUtils.java:logGet(43)) - raft.server.log.appender.buffer.byte-limit = 33554432 (custom)
2019-10-10 13:23:13,916 [main] INFO  server.GrpcService (ConfUtils.java:logGet(43)) - raft.grpc.flow.control.window = 1MB (=1048576) (default)
2019-10-10 13:23:13,916 [main] INFO  server.RaftServerConfigKeys (ConfUtils.java:logGet(43)) - raft.server.rpc.request.timeout = 3000ms (default)
2019-10-10 13:23:13,917 [main] INFO  server.RaftServerConfigKeys (ConfUtils.java:logGet(43)) - raft.server.storage.dir = [/workdir/hadoop-ozone/integration-test/target/test-dir/MiniOzoneClusterImpl-9f2070aa-53b9-4d3a-8363-33cb6bbf0ea6/datanode-1/data/ratis] (custom)
2019-10-10 13:23:13,918 [main] INFO  hdfs.DFSUtil (DFSUtil.java:httpServerTemplateForNNAndJN(1641)) - Starting Web-server for hddsDatanode at: http://0.0.0.0:0
2019-10-10 13:23:13,919 [main] INFO  server.AuthenticationFilter (AuthenticationFilter.java:constructSecretProvider(240)) - Unable to initialize FileSignerSecretProvider, falling back to use random secrets.
2019-10-10 13:23:13,920 [main] WARN  http.HttpRequestLog (HttpRequestLog.java:getRequestLog(97)) - Jetty request log can only be enabled using Log4j
2019-10-10 13:23:13,921 [main] INFO  http.HttpServer2 (HttpServer2.java:addGlobalFilter(975)) - Added global filter 'safety' (class=org.apache.hadoop.http.HttpServer2$QuotingInputFilter)
2019-10-10 13:23:13,922 [main] INFO  http.HttpServer2 (HttpServer2.java:addFilter(948)) - Added filter static_user_filter (class=org.apache.hadoop.http.lib.StaticUserWebFilter$StaticUserFilter) to context hddsDatanode
2019-10-10 13:23:13,922 [main] INFO  http.HttpServer2 (HttpServer2.java:addFilter(958)) - Added filter static_user_filter (class=org.apache.hadoop.http.lib.StaticUserWebFilter$StaticUserFilter) to context logs
2019-10-10 13:23:13,922 [main] INFO  http.HttpServer2 (HttpServer2.java:addFilter(958)) - Added filter static_user_filter (class=org.apache.hadoop.http.lib.StaticUserWebFilter$StaticUserFilter) to context static
2019-10-10 13:23:13,923 [main] INFO  http.HttpServer2 (HttpServer2.java:bindListener(1191)) - Jetty bound to port 39824
2019-10-10 13:23:13,923 [main] INFO  server.Server (Server.java:doStart(351)) - jetty-9.3.25.v20180904, build timestamp: 2018-09-04T21:11:46Z, git hash: 3ce520221d0240229c862b122d2b06c12a625732
2019-10-10 13:23:13,924 [main] INFO  handler.ContextHandler (ContextHandler.java:doStart(781)) - Started o.e.j.s.ServletContextHandler@58af5076{/logs,file:///workdir/hadoop-ozone/integration-test/target/log,AVAILABLE}
2019-10-10 13:23:13,925 [main] INFO  handler.ContextHandler (ContextHandler.java:doStart(781)) - Started o.e.j.s.ServletContextHandler@4d9754a8{/static,jar:file:/home/user/.m2/repository/org/apache/hadoop/hadoop-hdds-container-service/0.5.0-SNAPSHOT/hadoop-hdds-container-service-0.5.0-SNAPSHOT.jar!/webapps/static,AVAILABLE}
2019-10-10 13:23:13,954 [main] INFO  handler.ContextHandler (ContextHandler.java:doStart(781)) - Started o.e.j.w.WebAppContext@46911148{/,file:///tmp/jetty-0.0.0.0-39824-hddsDatanode-_-any-1772460209069792698.dir/webapp/,AVAILABLE}{/hddsDatanode}
2019-10-10 13:23:13,954 [main] INFO  server.AbstractConnector (AbstractConnector.java:doStart(278)) - Started ServerConnector@2db1b657{HTTP/1.1,[http/1.1]}{0.0.0.0:39824}
2019-10-10 13:23:13,956 [main] INFO  server.Server (Server.java:doStart(419)) - Started @52801ms
2019-10-10 13:23:13,956 [main] WARN  impl.MetricsSystemImpl (MetricsSystemImpl.java:register(276)) - Sink prometheus already exists!
2019-10-10 13:23:13,956 [main] INFO  server.BaseHttpServer (BaseHttpServer.java:updateConnectorAddress(215)) - HTTP server of HDDSDATANODE is listening at http://0.0.0.0:39824
2019-10-10 13:23:13,957 [main] INFO  impl.MetricsSystemImpl (MetricsSystemImpl.java:init(158)) - HddsDatanode metrics system started (again)
2019-10-10 13:23:13,960 [org.apache.hadoop.util.JvmPauseMonitor$Monitor@4f5a9f7] INFO  util.JvmPauseMonitor (JvmPauseMonitor.java:run(188)) - Starting JVM pause monitor
2019-10-10 13:23:13,961 [main] INFO  ozone.HddsDatanodeService (HddsDatanodeService.java:start(184)) - HddsDatanodeService host:pr-hdds-2280-tn9v7-3755420433 ip:192.168.164.230
2019-10-10 13:23:13,963 [Datanode State Machine Thread - 0] INFO  datanode.InitDatanodeState (InitDatanodeState.java:persistContainerDatanodeDetails(140)) - DatanodeDetails is persisted to /workdir/hadoop-ozone/integration-test/target/test-dir/MiniOzoneClusterImpl-9f2070aa-53b9-4d3a-8363-33cb6bbf0ea6/datanode-1/meta/datanode.id
2019-10-10 13:23:13,967 [main] INFO  volume.HddsVolume (HddsVolume.java:<init>(176)) - Creating Volume: /workdir/hadoop-ozone/integration-test/target/test-dir/MiniOzoneClusterImpl-9f2070aa-53b9-4d3a-8363-33cb6bbf0ea6/datanode-2/data/containers/hdds of  storage type : DISK and capacity : 1482555576320
2019-10-10 13:23:13,967 [main] INFO  volume.VolumeSet (VolumeSet.java:initializeVolumeSet(170)) - Added Volume : /workdir/hadoop-ozone/integration-test/target/test-dir/MiniOzoneClusterImpl-9f2070aa-53b9-4d3a-8363-33cb6bbf0ea6/datanode-2/data/containers/hdds to VolumeSet
2019-10-10 13:23:13,967 [main] INFO  volume.ThrottledAsyncChecker (ThrottledAsyncChecker.java:schedule(141)) - Scheduling a check for org.apache.hadoop.ozone.container.common.volume.HddsVolume@5c9934da
2019-10-10 13:23:13,968 [main] INFO  volume.HddsVolumeChecker (HddsVolumeChecker.java:checkAllVolumes(204)) - Scheduled health check for volume org.apache.hadoop.ozone.container.common.volume.HddsVolume@5c9934da
2019-10-10 13:23:13,984 [main] INFO  impl.RaftServerProxy (ConfUtils.java:logGet(43)) - raft.rpc.type = GRPC (default)
2019-10-10 13:23:13,985 [main] INFO  grpc.GrpcFactory (GrpcFactory.java:checkPooledByteBufAllocatorUseCacheForAllThreads(45)) - PERFORMANCE WARNING: useCacheForAllThreads is true that may cause Netty to create a lot garbage objects and, as a result, trigger GC.
	It is recommended to disable useCacheForAllThreads by setting -Dorg.apache.ratis.thirdparty.io.netty.allocator.useCacheForAllThreads=false in command line.
2019-10-10 13:23:13,985 [main] INFO  grpc.GrpcConfigKeys$Server (ConfUtils.java:logGet(43)) - raft.grpc.server.port = 0 (default)
2019-10-10 13:23:13,985 [main] INFO  server.GrpcService (ConfUtils.java:logGet(43)) - raft.grpc.message.size.max = 33570816 (custom)
2019-10-10 13:23:13,985 [main] INFO  server.RaftServerConfigKeys (ConfUtils.java:logGet(43)) - raft.server.log.appender.buffer.byte-limit = 33554432 (custom)
2019-10-10 13:23:13,985 [main] INFO  server.GrpcService (ConfUtils.java:logGet(43)) - raft.grpc.flow.control.window = 1MB (=1048576) (default)
2019-10-10 13:23:13,986 [main] INFO  server.RaftServerConfigKeys (ConfUtils.java:logGet(43)) - raft.server.rpc.request.timeout = 3000ms (default)
2019-10-10 13:23:13,986 [main] INFO  server.RaftServerConfigKeys (ConfUtils.java:logGet(43)) - raft.server.storage.dir = [/workdir/hadoop-ozone/integration-test/target/test-dir/MiniOzoneClusterImpl-9f2070aa-53b9-4d3a-8363-33cb6bbf0ea6/datanode-2/data/ratis] (custom)
2019-10-10 13:23:13,987 [main] INFO  hdfs.DFSUtil (DFSUtil.java:httpServerTemplateForNNAndJN(1641)) - Starting Web-server for hddsDatanode at: http://0.0.0.0:0
2019-10-10 13:23:13,988 [main] INFO  server.AuthenticationFilter (AuthenticationFilter.java:constructSecretProvider(240)) - Unable to initialize FileSignerSecretProvider, falling back to use random secrets.
2019-10-10 13:23:13,989 [main] WARN  http.HttpRequestLog (HttpRequestLog.java:getRequestLog(97)) - Jetty request log can only be enabled using Log4j
2019-10-10 13:23:13,990 [main] INFO  http.HttpServer2 (HttpServer2.java:addGlobalFilter(975)) - Added global filter 'safety' (class=org.apache.hadoop.http.HttpServer2$QuotingInputFilter)
2019-10-10 13:23:13,992 [main] INFO  http.HttpServer2 (HttpServer2.java:addFilter(948)) - Added filter static_user_filter (class=org.apache.hadoop.http.lib.StaticUserWebFilter$StaticUserFilter) to context hddsDatanode
2019-10-10 13:23:13,992 [main] INFO  http.HttpServer2 (HttpServer2.java:addFilter(958)) - Added filter static_user_filter (class=org.apache.hadoop.http.lib.StaticUserWebFilter$StaticUserFilter) to context static
2019-10-10 13:23:13,992 [main] INFO  http.HttpServer2 (HttpServer2.java:addFilter(958)) - Added filter static_user_filter (class=org.apache.hadoop.http.lib.StaticUserWebFilter$StaticUserFilter) to context logs
2019-10-10 13:23:13,992 [main] INFO  http.HttpServer2 (HttpServer2.java:bindListener(1191)) - Jetty bound to port 37702
2019-10-10 13:23:13,993 [main] INFO  server.Server (Server.java:doStart(351)) - jetty-9.3.25.v20180904, build timestamp: 2018-09-04T21:11:46Z, git hash: 3ce520221d0240229c862b122d2b06c12a625732
2019-10-10 13:23:13,994 [main] INFO  handler.ContextHandler (ContextHandler.java:doStart(781)) - Started o.e.j.s.ServletContextHandler@493da830{/logs,file:///workdir/hadoop-ozone/integration-test/target/log,AVAILABLE}
2019-10-10 13:23:13,995 [main] INFO  handler.ContextHandler (ContextHandler.java:doStart(781)) - Started o.e.j.s.ServletContextHandler@45658133{/static,jar:file:/home/user/.m2/repository/org/apache/hadoop/hadoop-hdds-container-service/0.5.0-SNAPSHOT/hadoop-hdds-container-service-0.5.0-SNAPSHOT.jar!/webapps/static,AVAILABLE}
2019-10-10 13:23:14,023 [main] INFO  handler.ContextHandler (ContextHandler.java:doStart(781)) - Started o.e.j.w.WebAppContext@2f10f633{/,file:///tmp/jetty-0.0.0.0-37702-hddsDatanode-_-any-7951901377035575.dir/webapp/,AVAILABLE}{/hddsDatanode}
2019-10-10 13:23:14,023 [main] INFO  server.AbstractConnector (AbstractConnector.java:doStart(278)) - Started ServerConnector@1642eeae{HTTP/1.1,[http/1.1]}{0.0.0.0:37702}
2019-10-10 13:23:14,024 [main] INFO  server.Server (Server.java:doStart(419)) - Started @52870ms
2019-10-10 13:23:14,025 [main] WARN  impl.MetricsSystemImpl (MetricsSystemImpl.java:register(276)) - Sink prometheus already exists!
2019-10-10 13:23:14,025 [main] INFO  server.BaseHttpServer (BaseHttpServer.java:updateConnectorAddress(215)) - HTTP server of HDDSDATANODE is listening at http://0.0.0.0:37702
2019-10-10 13:23:14,026 [main] INFO  impl.MetricsSystemImpl (MetricsSystemImpl.java:init(158)) - HddsDatanode metrics system started (again)
2019-10-10 13:23:14,030 [org.apache.hadoop.util.JvmPauseMonitor$Monitor@26ef2fe2] INFO  util.JvmPauseMonitor (JvmPauseMonitor.java:run(188)) - Starting JVM pause monitor
2019-10-10 13:23:14,030 [main] INFO  ozone.HddsDatanodeService (HddsDatanodeService.java:start(184)) - HddsDatanodeService host:pr-hdds-2280-tn9v7-3755420433 ip:192.168.164.230
2019-10-10 13:23:14,032 [Datanode State Machine Thread - 0] INFO  datanode.InitDatanodeState (InitDatanodeState.java:persistContainerDatanodeDetails(140)) - DatanodeDetails is persisted to /workdir/hadoop-ozone/integration-test/target/test-dir/MiniOzoneClusterImpl-9f2070aa-53b9-4d3a-8363-33cb6bbf0ea6/datanode-2/meta/datanode.id
2019-10-10 13:23:14,037 [main] INFO  volume.HddsVolume (HddsVolume.java:<init>(176)) - Creating Volume: /workdir/hadoop-ozone/integration-test/target/test-dir/MiniOzoneClusterImpl-9f2070aa-53b9-4d3a-8363-33cb6bbf0ea6/datanode-3/data/containers/hdds of  storage type : DISK and capacity : 1482555576320
2019-10-10 13:23:14,037 [main] INFO  volume.VolumeSet (VolumeSet.java:initializeVolumeSet(170)) - Added Volume : /workdir/hadoop-ozone/integration-test/target/test-dir/MiniOzoneClusterImpl-9f2070aa-53b9-4d3a-8363-33cb6bbf0ea6/datanode-3/data/containers/hdds to VolumeSet
2019-10-10 13:23:14,037 [main] INFO  volume.ThrottledAsyncChecker (ThrottledAsyncChecker.java:schedule(141)) - Scheduling a check for org.apache.hadoop.ozone.container.common.volume.HddsVolume@e280403
2019-10-10 13:23:14,037 [main] INFO  volume.HddsVolumeChecker (HddsVolumeChecker.java:checkAllVolumes(204)) - Scheduled health check for volume org.apache.hadoop.ozone.container.common.volume.HddsVolume@e280403
2019-10-10 13:23:14,052 [main] INFO  impl.RaftServerProxy (ConfUtils.java:logGet(43)) - raft.rpc.type = GRPC (default)
2019-10-10 13:23:14,052 [main] INFO  grpc.GrpcFactory (GrpcFactory.java:checkPooledByteBufAllocatorUseCacheForAllThreads(45)) - PERFORMANCE WARNING: useCacheForAllThreads is true that may cause Netty to create a lot garbage objects and, as a result, trigger GC.
	It is recommended to disable useCacheForAllThreads by setting -Dorg.apache.ratis.thirdparty.io.netty.allocator.useCacheForAllThreads=false in command line.
2019-10-10 13:23:14,052 [main] INFO  grpc.GrpcConfigKeys$Server (ConfUtils.java:logGet(43)) - raft.grpc.server.port = 0 (default)
2019-10-10 13:23:14,052 [main] INFO  server.GrpcService (ConfUtils.java:logGet(43)) - raft.grpc.message.size.max = 33570816 (custom)
2019-10-10 13:23:14,052 [main] INFO  server.RaftServerConfigKeys (ConfUtils.java:logGet(43)) - raft.server.log.appender.buffer.byte-limit = 33554432 (custom)
2019-10-10 13:23:14,053 [main] INFO  server.GrpcService (ConfUtils.java:logGet(43)) - raft.grpc.flow.control.window = 1MB (=1048576) (default)
2019-10-10 13:23:14,053 [main] INFO  server.RaftServerConfigKeys (ConfUtils.java:logGet(43)) - raft.server.rpc.request.timeout = 3000ms (default)
2019-10-10 13:23:14,053 [main] INFO  server.RaftServerConfigKeys (ConfUtils.java:logGet(43)) - raft.server.storage.dir = [/workdir/hadoop-ozone/integration-test/target/test-dir/MiniOzoneClusterImpl-9f2070aa-53b9-4d3a-8363-33cb6bbf0ea6/datanode-3/data/ratis] (custom)
2019-10-10 13:23:14,055 [main] INFO  hdfs.DFSUtil (DFSUtil.java:httpServerTemplateForNNAndJN(1641)) - Starting Web-server for hddsDatanode at: http://0.0.0.0:0
2019-10-10 13:23:14,056 [main] INFO  server.AuthenticationFilter (AuthenticationFilter.java:constructSecretProvider(240)) - Unable to initialize FileSignerSecretProvider, falling back to use random secrets.
2019-10-10 13:23:14,056 [main] WARN  http.HttpRequestLog (HttpRequestLog.java:getRequestLog(97)) - Jetty request log can only be enabled using Log4j
2019-10-10 13:23:14,057 [main] INFO  http.HttpServer2 (HttpServer2.java:addGlobalFilter(975)) - Added global filter 'safety' (class=org.apache.hadoop.http.HttpServer2$QuotingInputFilter)
2019-10-10 13:23:14,058 [main] INFO  http.HttpServer2 (HttpServer2.java:addFilter(948)) - Added filter static_user_filter (class=org.apache.hadoop.http.lib.StaticUserWebFilter$StaticUserFilter) to context hddsDatanode
2019-10-10 13:23:14,058 [main] INFO  http.HttpServer2 (HttpServer2.java:addFilter(958)) - Added filter static_user_filter (class=org.apache.hadoop.http.lib.StaticUserWebFilter$StaticUserFilter) to context static
2019-10-10 13:23:14,058 [main] INFO  http.HttpServer2 (HttpServer2.java:addFilter(958)) - Added filter static_user_filter (class=org.apache.hadoop.http.lib.StaticUserWebFilter$StaticUserFilter) to context logs
2019-10-10 13:23:14,059 [main] INFO  http.HttpServer2 (HttpServer2.java:bindListener(1191)) - Jetty bound to port 39781
2019-10-10 13:23:14,059 [main] INFO  server.Server (Server.java:doStart(351)) - jetty-9.3.25.v20180904, build timestamp: 2018-09-04T21:11:46Z, git hash: 3ce520221d0240229c862b122d2b06c12a625732
2019-10-10 13:23:14,060 [main] INFO  handler.ContextHandler (ContextHandler.java:doStart(781)) - Started o.e.j.s.ServletContextHandler@78422efb{/logs,file:///workdir/hadoop-ozone/integration-test/target/log,AVAILABLE}
2019-10-10 13:23:14,061 [main] INFO  handler.ContextHandler (ContextHandler.java:doStart(781)) - Started o.e.j.s.ServletContextHandler@68e02f33{/static,jar:file:/home/user/.m2/repository/org/apache/hadoop/hadoop-hdds-container-service/0.5.0-SNAPSHOT/hadoop-hdds-container-service-0.5.0-SNAPSHOT.jar!/webapps/static,AVAILABLE}
2019-10-10 13:23:14,089 [main] INFO  handler.ContextHandler (ContextHandler.java:doStart(781)) - Started o.e.j.w.WebAppContext@1d06f16f{/,file:///tmp/jetty-0.0.0.0-39781-hddsDatanode-_-any-6632179049933619341.dir/webapp/,AVAILABLE}{/hddsDatanode}
2019-10-10 13:23:14,089 [main] INFO  server.AbstractConnector (AbstractConnector.java:doStart(278)) - Started ServerConnector@4fa4f485{HTTP/1.1,[http/1.1]}{0.0.0.0:39781}
2019-10-10 13:23:14,091 [main] INFO  server.Server (Server.java:doStart(419)) - Started @52936ms
2019-10-10 13:23:14,091 [main] WARN  impl.MetricsSystemImpl (MetricsSystemImpl.java:register(276)) - Sink prometheus already exists!
2019-10-10 13:23:14,092 [main] INFO  server.BaseHttpServer (BaseHttpServer.java:updateConnectorAddress(215)) - HTTP server of HDDSDATANODE is listening at http://0.0.0.0:39781
2019-10-10 13:23:14,092 [main] INFO  impl.MetricsSystemImpl (MetricsSystemImpl.java:init(158)) - HddsDatanode metrics system started (again)
2019-10-10 13:23:14,097 [org.apache.hadoop.util.JvmPauseMonitor$Monitor@560a2796] INFO  util.JvmPauseMonitor (JvmPauseMonitor.java:run(188)) - Starting JVM pause monitor
2019-10-10 13:23:14,097 [main] INFO  ozone.HddsDatanodeService (HddsDatanodeService.java:start(184)) - HddsDatanodeService host:pr-hdds-2280-tn9v7-3755420433 ip:192.168.164.230
2019-10-10 13:23:14,098 [Datanode State Machine Thread - 0] INFO  datanode.InitDatanodeState (InitDatanodeState.java:persistContainerDatanodeDetails(140)) - DatanodeDetails is persisted to /workdir/hadoop-ozone/integration-test/target/test-dir/MiniOzoneClusterImpl-9f2070aa-53b9-4d3a-8363-33cb6bbf0ea6/datanode-3/meta/datanode.id
2019-10-10 13:23:14,103 [main] INFO  volume.HddsVolume (HddsVolume.java:<init>(176)) - Creating Volume: /workdir/hadoop-ozone/integration-test/target/test-dir/MiniOzoneClusterImpl-9f2070aa-53b9-4d3a-8363-33cb6bbf0ea6/datanode-4/data/containers/hdds of  storage type : DISK and capacity : 1482555576320
2019-10-10 13:23:14,103 [main] INFO  volume.VolumeSet (VolumeSet.java:initializeVolumeSet(170)) - Added Volume : /workdir/hadoop-ozone/integration-test/target/test-dir/MiniOzoneClusterImpl-9f2070aa-53b9-4d3a-8363-33cb6bbf0ea6/datanode-4/data/containers/hdds to VolumeSet
2019-10-10 13:23:14,104 [main] INFO  volume.ThrottledAsyncChecker (ThrottledAsyncChecker.java:schedule(141)) - Scheduling a check for org.apache.hadoop.ozone.container.common.volume.HddsVolume@73a0f2b
2019-10-10 13:23:14,104 [main] INFO  volume.HddsVolumeChecker (HddsVolumeChecker.java:checkAllVolumes(204)) - Scheduled health check for volume org.apache.hadoop.ozone.container.common.volume.HddsVolume@73a0f2b
2019-10-10 13:23:14,124 [main] INFO  impl.RaftServerProxy (ConfUtils.java:logGet(43)) - raft.rpc.type = GRPC (default)
2019-10-10 13:23:14,124 [main] INFO  grpc.GrpcFactory (GrpcFactory.java:checkPooledByteBufAllocatorUseCacheForAllThreads(45)) - PERFORMANCE WARNING: useCacheForAllThreads is true that may cause Netty to create a lot garbage objects and, as a result, trigger GC.
	It is recommended to disable useCacheForAllThreads by setting -Dorg.apache.ratis.thirdparty.io.netty.allocator.useCacheForAllThreads=false in command line.
2019-10-10 13:23:14,125 [main] INFO  grpc.GrpcConfigKeys$Server (ConfUtils.java:logGet(43)) - raft.grpc.server.port = 0 (default)
2019-10-10 13:23:14,125 [main] INFO  server.GrpcService (ConfUtils.java:logGet(43)) - raft.grpc.message.size.max = 33570816 (custom)
2019-10-10 13:23:14,125 [main] INFO  server.RaftServerConfigKeys (ConfUtils.java:logGet(43)) - raft.server.log.appender.buffer.byte-limit = 33554432 (custom)
2019-10-10 13:23:14,125 [main] INFO  server.GrpcService (ConfUtils.java:logGet(43)) - raft.grpc.flow.control.window = 1MB (=1048576) (default)
2019-10-10 13:23:14,126 [main] INFO  server.RaftServerConfigKeys (ConfUtils.java:logGet(43)) - raft.server.rpc.request.timeout = 3000ms (default)
2019-10-10 13:23:14,126 [main] INFO  server.RaftServerConfigKeys (ConfUtils.java:logGet(43)) - raft.server.storage.dir = [/workdir/hadoop-ozone/integration-test/target/test-dir/MiniOzoneClusterImpl-9f2070aa-53b9-4d3a-8363-33cb6bbf0ea6/datanode-4/data/ratis] (custom)
2019-10-10 13:23:14,128 [main] INFO  hdfs.DFSUtil (DFSUtil.java:httpServerTemplateForNNAndJN(1641)) - Starting Web-server for hddsDatanode at: http://0.0.0.0:0
2019-10-10 13:23:14,130 [main] INFO  server.AuthenticationFilter (AuthenticationFilter.java:constructSecretProvider(240)) - Unable to initialize FileSignerSecretProvider, falling back to use random secrets.
2019-10-10 13:23:14,130 [main] WARN  http.HttpRequestLog (HttpRequestLog.java:getRequestLog(97)) - Jetty request log can only be enabled using Log4j
2019-10-10 13:23:14,132 [main] INFO  http.HttpServer2 (HttpServer2.java:addGlobalFilter(975)) - Added global filter 'safety' (class=org.apache.hadoop.http.HttpServer2$QuotingInputFilter)
2019-10-10 13:23:14,133 [main] INFO  http.HttpServer2 (HttpServer2.java:addFilter(948)) - Added filter static_user_filter (class=org.apache.hadoop.http.lib.StaticUserWebFilter$StaticUserFilter) to context hddsDatanode
2019-10-10 13:23:14,133 [main] INFO  http.HttpServer2 (HttpServer2.java:addFilter(958)) - Added filter static_user_filter (class=org.apache.hadoop.http.lib.StaticUserWebFilter$StaticUserFilter) to context static
2019-10-10 13:23:14,133 [main] INFO  http.HttpServer2 (HttpServer2.java:addFilter(958)) - Added filter static_user_filter (class=org.apache.hadoop.http.lib.StaticUserWebFilter$StaticUserFilter) to context logs
2019-10-10 13:23:14,134 [main] INFO  http.HttpServer2 (HttpServer2.java:bindListener(1191)) - Jetty bound to port 36279
2019-10-10 13:23:14,134 [main] INFO  server.Server (Server.java:doStart(351)) - jetty-9.3.25.v20180904, build timestamp: 2018-09-04T21:11:46Z, git hash: 3ce520221d0240229c862b122d2b06c12a625732
2019-10-10 13:23:14,137 [main] INFO  handler.ContextHandler (ContextHandler.java:doStart(781)) - Started o.e.j.s.ServletContextHandler@59b32539{/logs,file:///workdir/hadoop-ozone/integration-test/target/log,AVAILABLE}
2019-10-10 13:23:14,138 [main] INFO  handler.ContextHandler (ContextHandler.java:doStart(781)) - Started o.e.j.s.ServletContextHandler@233db8e9{/static,jar:file:/home/user/.m2/repository/org/apache/hadoop/hadoop-hdds-container-service/0.5.0-SNAPSHOT/hadoop-hdds-container-service-0.5.0-SNAPSHOT.jar!/webapps/static,AVAILABLE}
2019-10-10 13:23:14,174 [main] INFO  handler.ContextHandler (ContextHandler.java:doStart(781)) - Started o.e.j.w.WebAppContext@682abca7{/,file:///tmp/jetty-0.0.0.0-36279-hddsDatanode-_-any-3841027996520199101.dir/webapp/,AVAILABLE}{/hddsDatanode}
2019-10-10 13:23:14,175 [main] INFO  server.AbstractConnector (AbstractConnector.java:doStart(278)) - Started ServerConnector@1d858300{HTTP/1.1,[http/1.1]}{0.0.0.0:36279}
2019-10-10 13:23:14,176 [main] INFO  server.Server (Server.java:doStart(419)) - Started @53021ms
2019-10-10 13:23:14,176 [main] WARN  impl.MetricsSystemImpl (MetricsSystemImpl.java:register(276)) - Sink prometheus already exists!
2019-10-10 13:23:14,177 [main] INFO  server.BaseHttpServer (BaseHttpServer.java:updateConnectorAddress(215)) - HTTP server of HDDSDATANODE is listening at http://0.0.0.0:36279
2019-10-10 13:23:14,177 [main] INFO  impl.MetricsSystemImpl (MetricsSystemImpl.java:init(158)) - HddsDatanode metrics system started (again)
2019-10-10 13:23:14,182 [org.apache.hadoop.util.JvmPauseMonitor$Monitor@2d79bc29] INFO  util.JvmPauseMonitor (JvmPauseMonitor.java:run(188)) - Starting JVM pause monitor
2019-10-10 13:23:14,183 [main] INFO  ozone.HddsDatanodeService (HddsDatanodeService.java:start(184)) - HddsDatanodeService host:pr-hdds-2280-tn9v7-3755420433 ip:192.168.164.230
2019-10-10 13:23:14,184 [Datanode State Machine Thread - 0] INFO  datanode.InitDatanodeState (InitDatanodeState.java:persistContainerDatanodeDetails(140)) - DatanodeDetails is persisted to /workdir/hadoop-ozone/integration-test/target/test-dir/MiniOzoneClusterImpl-9f2070aa-53b9-4d3a-8363-33cb6bbf0ea6/datanode-4/meta/datanode.id
2019-10-10 13:23:14,189 [main] INFO  volume.HddsVolume (HddsVolume.java:<init>(176)) - Creating Volume: /workdir/hadoop-ozone/integration-test/target/test-dir/MiniOzoneClusterImpl-9f2070aa-53b9-4d3a-8363-33cb6bbf0ea6/datanode-5/data/containers/hdds of  storage type : DISK and capacity : 1482555576320
2019-10-10 13:23:14,189 [main] INFO  volume.VolumeSet (VolumeSet.java:initializeVolumeSet(170)) - Added Volume : /workdir/hadoop-ozone/integration-test/target/test-dir/MiniOzoneClusterImpl-9f2070aa-53b9-4d3a-8363-33cb6bbf0ea6/datanode-5/data/containers/hdds to VolumeSet
2019-10-10 13:23:14,189 [main] INFO  volume.ThrottledAsyncChecker (ThrottledAsyncChecker.java:schedule(141)) - Scheduling a check for org.apache.hadoop.ozone.container.common.volume.HddsVolume@7bcecef6
2019-10-10 13:23:14,189 [main] INFO  volume.HddsVolumeChecker (HddsVolumeChecker.java:checkAllVolumes(204)) - Scheduled health check for volume org.apache.hadoop.ozone.container.common.volume.HddsVolume@7bcecef6
2019-10-10 13:23:14,203 [main] INFO  impl.RaftServerProxy (ConfUtils.java:logGet(43)) - raft.rpc.type = GRPC (default)
2019-10-10 13:23:14,203 [main] INFO  grpc.GrpcFactory (GrpcFactory.java:checkPooledByteBufAllocatorUseCacheForAllThreads(45)) - PERFORMANCE WARNING: useCacheForAllThreads is true that may cause Netty to create a lot garbage objects and, as a result, trigger GC.
	It is recommended to disable useCacheForAllThreads by setting -Dorg.apache.ratis.thirdparty.io.netty.allocator.useCacheForAllThreads=false in command line.
2019-10-10 13:23:14,203 [main] INFO  grpc.GrpcConfigKeys$Server (ConfUtils.java:logGet(43)) - raft.grpc.server.port = 0 (default)
2019-10-10 13:23:14,203 [main] INFO  server.GrpcService (ConfUtils.java:logGet(43)) - raft.grpc.message.size.max = 33570816 (custom)
2019-10-10 13:23:14,204 [main] INFO  server.RaftServerConfigKeys (ConfUtils.java:logGet(43)) - raft.server.log.appender.buffer.byte-limit = 33554432 (custom)
2019-10-10 13:23:14,204 [main] INFO  server.GrpcService (ConfUtils.java:logGet(43)) - raft.grpc.flow.control.window = 1MB (=1048576) (default)
2019-10-10 13:23:14,204 [main] INFO  server.RaftServerConfigKeys (ConfUtils.java:logGet(43)) - raft.server.rpc.request.timeout = 3000ms (default)
2019-10-10 13:23:14,204 [main] INFO  server.RaftServerConfigKeys (ConfUtils.java:logGet(43)) - raft.server.storage.dir = [/workdir/hadoop-ozone/integration-test/target/test-dir/MiniOzoneClusterImpl-9f2070aa-53b9-4d3a-8363-33cb6bbf0ea6/datanode-5/data/ratis] (custom)
2019-10-10 13:23:14,206 [main] INFO  hdfs.DFSUtil (DFSUtil.java:httpServerTemplateForNNAndJN(1641)) - Starting Web-server for hddsDatanode at: http://0.0.0.0:0
2019-10-10 13:23:14,207 [main] INFO  server.AuthenticationFilter (AuthenticationFilter.java:constructSecretProvider(240)) - Unable to initialize FileSignerSecretProvider, falling back to use random secrets.
2019-10-10 13:23:14,207 [main] WARN  http.HttpRequestLog (HttpRequestLog.java:getRequestLog(97)) - Jetty request log can only be enabled using Log4j
2019-10-10 13:23:14,209 [main] INFO  http.HttpServer2 (HttpServer2.java:addGlobalFilter(975)) - Added global filter 'safety' (class=org.apache.hadoop.http.HttpServer2$QuotingInputFilter)
2019-10-10 13:23:14,209 [main] INFO  http.HttpServer2 (HttpServer2.java:addFilter(948)) - Added filter static_user_filter (class=org.apache.hadoop.http.lib.StaticUserWebFilter$StaticUserFilter) to context hddsDatanode
2019-10-10 13:23:14,209 [main] INFO  http.HttpServer2 (HttpServer2.java:addFilter(958)) - Added filter static_user_filter (class=org.apache.hadoop.http.lib.StaticUserWebFilter$StaticUserFilter) to context logs
2019-10-10 13:23:14,209 [main] INFO  http.HttpServer2 (HttpServer2.java:addFilter(958)) - Added filter static_user_filter (class=org.apache.hadoop.http.lib.StaticUserWebFilter$StaticUserFilter) to context static
2019-10-10 13:23:14,210 [main] INFO  http.HttpServer2 (HttpServer2.java:bindListener(1191)) - Jetty bound to port 45990
2019-10-10 13:23:14,210 [main] INFO  server.Server (Server.java:doStart(351)) - jetty-9.3.25.v20180904, build timestamp: 2018-09-04T21:11:46Z, git hash: 3ce520221d0240229c862b122d2b06c12a625732
2019-10-10 13:23:14,212 [main] INFO  handler.ContextHandler (ContextHandler.java:doStart(781)) - Started o.e.j.s.ServletContextHandler@af7e376{/logs,file:///workdir/hadoop-ozone/integration-test/target/log,AVAILABLE}
2019-10-10 13:23:14,212 [main] INFO  handler.ContextHandler (ContextHandler.java:doStart(781)) - Started o.e.j.s.ServletContextHandler@4fb04a72{/static,jar:file:/home/user/.m2/repository/org/apache/hadoop/hadoop-hdds-container-service/0.5.0-SNAPSHOT/hadoop-hdds-container-service-0.5.0-SNAPSHOT.jar!/webapps/static,AVAILABLE}
2019-10-10 13:23:14,241 [main] INFO  handler.ContextHandler (ContextHandler.java:doStart(781)) - Started o.e.j.w.WebAppContext@168b4cb0{/,file:///tmp/jetty-0.0.0.0-45990-hddsDatanode-_-any-2126334734226314686.dir/webapp/,AVAILABLE}{/hddsDatanode}
2019-10-10 13:23:14,241 [main] INFO  server.AbstractConnector (AbstractConnector.java:doStart(278)) - Started ServerConnector@3e05586b{HTTP/1.1,[http/1.1]}{0.0.0.0:45990}
2019-10-10 13:23:14,243 [main] INFO  server.Server (Server.java:doStart(419)) - Started @53088ms
2019-10-10 13:23:14,243 [main] WARN  impl.MetricsSystemImpl (MetricsSystemImpl.java:register(276)) - Sink prometheus already exists!
2019-10-10 13:23:14,244 [main] INFO  server.BaseHttpServer (BaseHttpServer.java:updateConnectorAddress(215)) - HTTP server of HDDSDATANODE is listening at http://0.0.0.0:45990
2019-10-10 13:23:14,244 [main] INFO  impl.MetricsSystemImpl (MetricsSystemImpl.java:init(158)) - HddsDatanode metrics system started (again)
2019-10-10 13:23:14,248 [org.apache.hadoop.util.JvmPauseMonitor$Monitor@3760344f] INFO  util.JvmPauseMonitor (JvmPauseMonitor.java:run(188)) - Starting JVM pause monitor
2019-10-10 13:23:14,249 [main] INFO  ozone.HddsDatanodeService (HddsDatanodeService.java:start(184)) - HddsDatanodeService host:pr-hdds-2280-tn9v7-3755420433 ip:192.168.164.230
2019-10-10 13:23:14,250 [Datanode State Machine Thread - 0] INFO  datanode.InitDatanodeState (InitDatanodeState.java:persistContainerDatanodeDetails(140)) - DatanodeDetails is persisted to /workdir/hadoop-ozone/integration-test/target/test-dir/MiniOzoneClusterImpl-9f2070aa-53b9-4d3a-8363-33cb6bbf0ea6/datanode-5/meta/datanode.id
2019-10-10 13:23:14,254 [main] INFO  volume.HddsVolume (HddsVolume.java:<init>(176)) - Creating Volume: /workdir/hadoop-ozone/integration-test/target/test-dir/MiniOzoneClusterImpl-9f2070aa-53b9-4d3a-8363-33cb6bbf0ea6/datanode-6/data/containers/hdds of  storage type : DISK and capacity : 1482555576320
2019-10-10 13:23:14,255 [main] INFO  volume.VolumeSet (VolumeSet.java:initializeVolumeSet(170)) - Added Volume : /workdir/hadoop-ozone/integration-test/target/test-dir/MiniOzoneClusterImpl-9f2070aa-53b9-4d3a-8363-33cb6bbf0ea6/datanode-6/data/containers/hdds to VolumeSet
2019-10-10 13:23:14,255 [main] INFO  volume.ThrottledAsyncChecker (ThrottledAsyncChecker.java:schedule(141)) - Scheduling a check for org.apache.hadoop.ozone.container.common.volume.HddsVolume@ebda593
2019-10-10 13:23:14,255 [main] INFO  volume.HddsVolumeChecker (HddsVolumeChecker.java:checkAllVolumes(204)) - Scheduled health check for volume org.apache.hadoop.ozone.container.common.volume.HddsVolume@ebda593
2019-10-10 13:23:14,268 [main] INFO  impl.RaftServerProxy (ConfUtils.java:logGet(43)) - raft.rpc.type = GRPC (default)
2019-10-10 13:23:14,269 [main] INFO  grpc.GrpcFactory (GrpcFactory.java:checkPooledByteBufAllocatorUseCacheForAllThreads(45)) - PERFORMANCE WARNING: useCacheForAllThreads is true that may cause Netty to create a lot garbage objects and, as a result, trigger GC.
	It is recommended to disable useCacheForAllThreads by setting -Dorg.apache.ratis.thirdparty.io.netty.allocator.useCacheForAllThreads=false in command line.
2019-10-10 13:23:14,269 [main] INFO  grpc.GrpcConfigKeys$Server (ConfUtils.java:logGet(43)) - raft.grpc.server.port = 0 (default)
2019-10-10 13:23:14,269 [main] INFO  server.GrpcService (ConfUtils.java:logGet(43)) - raft.grpc.message.size.max = 33570816 (custom)
2019-10-10 13:23:14,269 [main] INFO  server.RaftServerConfigKeys (ConfUtils.java:logGet(43)) - raft.server.log.appender.buffer.byte-limit = 33554432 (custom)
2019-10-10 13:23:14,269 [main] INFO  server.GrpcService (ConfUtils.java:logGet(43)) - raft.grpc.flow.control.window = 1MB (=1048576) (default)
2019-10-10 13:23:14,270 [main] INFO  server.RaftServerConfigKeys (ConfUtils.java:logGet(43)) - raft.server.rpc.request.timeout = 3000ms (default)
2019-10-10 13:23:14,270 [main] INFO  server.RaftServerConfigKeys (ConfUtils.java:logGet(43)) - raft.server.storage.dir = [/workdir/hadoop-ozone/integration-test/target/test-dir/MiniOzoneClusterImpl-9f2070aa-53b9-4d3a-8363-33cb6bbf0ea6/datanode-6/data/ratis] (custom)
2019-10-10 13:23:14,271 [main] INFO  hdfs.DFSUtil (DFSUtil.java:httpServerTemplateForNNAndJN(1641)) - Starting Web-server for hddsDatanode at: http://0.0.0.0:0
2019-10-10 13:23:14,272 [main] INFO  server.AuthenticationFilter (AuthenticationFilter.java:constructSecretProvider(240)) - Unable to initialize FileSignerSecretProvider, falling back to use random secrets.
2019-10-10 13:23:14,273 [main] WARN  http.HttpRequestLog (HttpRequestLog.java:getRequestLog(97)) - Jetty request log can only be enabled using Log4j
2019-10-10 13:23:14,274 [main] INFO  http.HttpServer2 (HttpServer2.java:addGlobalFilter(975)) - Added global filter 'safety' (class=org.apache.hadoop.http.HttpServer2$QuotingInputFilter)
2019-10-10 13:23:14,275 [main] INFO  http.HttpServer2 (HttpServer2.java:addFilter(948)) - Added filter static_user_filter (class=org.apache.hadoop.http.lib.StaticUserWebFilter$StaticUserFilter) to context hddsDatanode
2019-10-10 13:23:14,275 [main] INFO  http.HttpServer2 (HttpServer2.java:addFilter(958)) - Added filter static_user_filter (class=org.apache.hadoop.http.lib.StaticUserWebFilter$StaticUserFilter) to context static
2019-10-10 13:23:14,275 [main] INFO  http.HttpServer2 (HttpServer2.java:addFilter(958)) - Added filter static_user_filter (class=org.apache.hadoop.http.lib.StaticUserWebFilter$StaticUserFilter) to context logs
2019-10-10 13:23:14,276 [main] INFO  http.HttpServer2 (HttpServer2.java:bindListener(1191)) - Jetty bound to port 36087
2019-10-10 13:23:14,276 [main] INFO  server.Server (Server.java:doStart(351)) - jetty-9.3.25.v20180904, build timestamp: 2018-09-04T21:11:46Z, git hash: 3ce520221d0240229c862b122d2b06c12a625732
2019-10-10 13:23:14,277 [main] INFO  handler.ContextHandler (ContextHandler.java:doStart(781)) - Started o.e.j.s.ServletContextHandler@7ab1127c{/logs,file:///workdir/hadoop-ozone/integration-test/target/log,AVAILABLE}
2019-10-10 13:23:14,278 [main] INFO  handler.ContextHandler (ContextHandler.java:doStart(781)) - Started o.e.j.s.ServletContextHandler@5cf8676a{/static,jar:file:/home/user/.m2/repository/org/apache/hadoop/hadoop-hdds-container-service/0.5.0-SNAPSHOT/hadoop-hdds-container-service-0.5.0-SNAPSHOT.jar!/webapps/static,AVAILABLE}
2019-10-10 13:23:14,307 [main] INFO  handler.ContextHandler (ContextHandler.java:doStart(781)) - Started o.e.j.w.WebAppContext@7237f3c1{/,file:///tmp/jetty-0.0.0.0-36087-hddsDatanode-_-any-7544119020766486355.dir/webapp/,AVAILABLE}{/hddsDatanode}
2019-10-10 13:23:14,307 [main] INFO  server.AbstractConnector (AbstractConnector.java:doStart(278)) - Started ServerConnector@781711b7{HTTP/1.1,[http/1.1]}{0.0.0.0:36087}
2019-10-10 13:23:14,308 [main] INFO  server.Server (Server.java:doStart(419)) - Started @53154ms
2019-10-10 13:23:14,309 [main] WARN  impl.MetricsSystemImpl (MetricsSystemImpl.java:register(276)) - Sink prometheus already exists!
2019-10-10 13:23:14,310 [main] INFO  server.BaseHttpServer (BaseHttpServer.java:updateConnectorAddress(215)) - HTTP server of HDDSDATANODE is listening at http://0.0.0.0:36087
2019-10-10 13:23:14,310 [main] INFO  ozone.MiniOzoneClusterImpl (MiniOzoneClusterImpl.java:lambda$waitForClusterToBeReady$0(147)) - Waiting for cluster to be ready. Got 0 of 7 DN Heartbeats.
2019-10-10 13:23:14,313 [org.apache.hadoop.util.JvmPauseMonitor$Monitor@6bdaaec6] INFO  util.JvmPauseMonitor (JvmPauseMonitor.java:run(188)) - Starting JVM pause monitor
2019-10-10 13:23:14,314 [Datanode State Machine Thread - 0] INFO  datanode.InitDatanodeState (InitDatanodeState.java:persistContainerDatanodeDetails(140)) - DatanodeDetails is persisted to /workdir/hadoop-ozone/integration-test/target/test-dir/MiniOzoneClusterImpl-9f2070aa-53b9-4d3a-8363-33cb6bbf0ea6/datanode-6/meta/datanode.id
2019-10-10 13:23:15,310 [main] INFO  ozone.MiniOzoneClusterImpl (MiniOzoneClusterImpl.java:lambda$waitForClusterToBeReady$0(147)) - Waiting for cluster to be ready. Got 0 of 7 DN Heartbeats.
2019-10-10 13:23:15,937 [Datanode State Machine Thread - 0] INFO  ozoneimpl.OzoneContainer (OzoneContainer.java:start(213)) - Attempting to start container services.
2019-10-10 13:23:15,941 [Datanode State Machine Thread - 0] INFO  ozoneimpl.OzoneContainer (OzoneContainer.java:startContainerScrub(177)) - Background container scanner has been disabled.
2019-10-10 13:23:15,941 [Datanode State Machine Thread - 0] INFO  ratis.XceiverServerRatis (XceiverServerRatis.java:start(418)) - Starting XceiverServerRatis 220726a2-4ddc-4b09-adf5-65aa5b79b83d at port 0
2019-10-10 13:23:15,948 [Datanode State Machine Thread - 0] INFO  impl.RaftServerProxy (RaftServerProxy.java:lambda$start$3(299)) - 220726a2-4ddc-4b09-adf5-65aa5b79b83d: start RPC server
2019-10-10 13:23:15,952 [Datanode State Machine Thread - 0] INFO  server.GrpcService (GrpcService.java:startImpl(158)) - 220726a2-4ddc-4b09-adf5-65aa5b79b83d: GrpcService started, listening on 0.0.0.0/0.0.0.0:42301
2019-10-10 13:23:15,952 [Datanode State Machine Thread - 0] INFO  ratis.XceiverServerRatis (XceiverServerRatis.java:start(428)) - XceiverServerRatis 220726a2-4ddc-4b09-adf5-65aa5b79b83d is started using port 42301
2019-10-10 13:23:15,952 [Datanode State Machine Thread - 0] INFO  server.XceiverServerGrpc (XceiverServerGrpc.java:start(149)) - XceiverServerGrpc 220726a2-4ddc-4b09-adf5-65aa5b79b83d is started using port 40036
2019-10-10 13:23:15,976 [Datanode State Machine Thread - 0] INFO  ozoneimpl.OzoneContainer (OzoneContainer.java:start(213)) - Attempting to start container services.
2019-10-10 13:23:15,980 [Datanode State Machine Thread - 0] INFO  ozoneimpl.OzoneContainer (OzoneContainer.java:startContainerScrub(177)) - Background container scanner has been disabled.
2019-10-10 13:23:15,980 [Datanode State Machine Thread - 0] INFO  ratis.XceiverServerRatis (XceiverServerRatis.java:start(418)) - Starting XceiverServerRatis cb3659b2-5ca3-4b25-8b5d-9788a7da6980 at port 0
2019-10-10 13:23:15,987 [Datanode State Machine Thread - 0] INFO  impl.RaftServerProxy (RaftServerProxy.java:lambda$start$3(299)) - cb3659b2-5ca3-4b25-8b5d-9788a7da6980: start RPC server
2019-10-10 13:23:15,989 [Datanode State Machine Thread - 0] INFO  server.GrpcService (GrpcService.java:startImpl(158)) - cb3659b2-5ca3-4b25-8b5d-9788a7da6980: GrpcService started, listening on 0.0.0.0/0.0.0.0:40633
2019-10-10 13:23:15,989 [Datanode State Machine Thread - 0] INFO  ratis.XceiverServerRatis (XceiverServerRatis.java:start(428)) - XceiverServerRatis cb3659b2-5ca3-4b25-8b5d-9788a7da6980 is started using port 40633
2019-10-10 13:23:15,990 [Datanode State Machine Thread - 0] INFO  server.XceiverServerGrpc (XceiverServerGrpc.java:start(149)) - XceiverServerGrpc cb3659b2-5ca3-4b25-8b5d-9788a7da6980 is started using port 37391
2019-10-10 13:23:16,044 [Datanode State Machine Thread - 0] INFO  ozoneimpl.OzoneContainer (OzoneContainer.java:start(213)) - Attempting to start container services.
2019-10-10 13:23:16,050 [Datanode State Machine Thread - 0] INFO  ozoneimpl.OzoneContainer (OzoneContainer.java:startContainerScrub(177)) - Background container scanner has been disabled.
2019-10-10 13:23:16,050 [Datanode State Machine Thread - 0] INFO  ratis.XceiverServerRatis (XceiverServerRatis.java:start(418)) - Starting XceiverServerRatis 0a35b46b-2cae-405a-8e00-ec21236555b8 at port 0
2019-10-10 13:23:16,056 [Datanode State Machine Thread - 0] INFO  impl.RaftServerProxy (RaftServerProxy.java:lambda$start$3(299)) - 0a35b46b-2cae-405a-8e00-ec21236555b8: start RPC server
2019-10-10 13:23:16,057 [Datanode State Machine Thread - 0] INFO  server.GrpcService (GrpcService.java:startImpl(158)) - 0a35b46b-2cae-405a-8e00-ec21236555b8: GrpcService started, listening on 0.0.0.0/0.0.0.0:34806
2019-10-10 13:23:16,057 [Datanode State Machine Thread - 0] INFO  ratis.XceiverServerRatis (XceiverServerRatis.java:start(428)) - XceiverServerRatis 0a35b46b-2cae-405a-8e00-ec21236555b8 is started using port 34806
2019-10-10 13:23:16,067 [Datanode State Machine Thread - 0] INFO  server.XceiverServerGrpc (XceiverServerGrpc.java:start(149)) - XceiverServerGrpc 0a35b46b-2cae-405a-8e00-ec21236555b8 is started using port 43383
2019-10-10 13:23:16,112 [Datanode State Machine Thread - 0] INFO  ozoneimpl.OzoneContainer (OzoneContainer.java:start(213)) - Attempting to start container services.
2019-10-10 13:23:16,112 [Datanode State Machine Thread - 0] INFO  ozoneimpl.OzoneContainer (OzoneContainer.java:startContainerScrub(177)) - Background container scanner has been disabled.
2019-10-10 13:23:16,112 [Datanode State Machine Thread - 0] INFO  ratis.XceiverServerRatis (XceiverServerRatis.java:start(418)) - Starting XceiverServerRatis 8202782f-3bf2-4b72-939d-b383b7999cab at port 0
2019-10-10 13:23:16,118 [Datanode State Machine Thread - 0] INFO  impl.RaftServerProxy (RaftServerProxy.java:lambda$start$3(299)) - 8202782f-3bf2-4b72-939d-b383b7999cab: start RPC server
2019-10-10 13:23:16,119 [Datanode State Machine Thread - 0] INFO  server.GrpcService (GrpcService.java:startImpl(158)) - 8202782f-3bf2-4b72-939d-b383b7999cab: GrpcService started, listening on 0.0.0.0/0.0.0.0:38517
2019-10-10 13:23:16,119 [Datanode State Machine Thread - 0] INFO  ratis.XceiverServerRatis (XceiverServerRatis.java:start(428)) - XceiverServerRatis 8202782f-3bf2-4b72-939d-b383b7999cab is started using port 38517
2019-10-10 13:23:16,120 [Datanode State Machine Thread - 0] INFO  server.XceiverServerGrpc (XceiverServerGrpc.java:start(149)) - XceiverServerGrpc 8202782f-3bf2-4b72-939d-b383b7999cab is started using port 40891
2019-10-10 13:23:16,197 [Datanode State Machine Thread - 0] INFO  ozoneimpl.OzoneContainer (OzoneContainer.java:start(213)) - Attempting to start container services.
2019-10-10 13:23:16,197 [Datanode State Machine Thread - 0] INFO  ozoneimpl.OzoneContainer (OzoneContainer.java:startContainerScrub(177)) - Background container scanner has been disabled.
2019-10-10 13:23:16,197 [Datanode State Machine Thread - 0] INFO  ratis.XceiverServerRatis (XceiverServerRatis.java:start(418)) - Starting XceiverServerRatis c18184fb-90ff-486b-bf72-63a58cb108ad at port 0
2019-10-10 13:23:16,203 [Datanode State Machine Thread - 0] INFO  impl.RaftServerProxy (RaftServerProxy.java:lambda$start$3(299)) - c18184fb-90ff-486b-bf72-63a58cb108ad: start RPC server
2019-10-10 13:23:16,204 [Datanode State Machine Thread - 0] INFO  server.GrpcService (GrpcService.java:startImpl(158)) - c18184fb-90ff-486b-bf72-63a58cb108ad: GrpcService started, listening on 0.0.0.0/0.0.0.0:34020
2019-10-10 13:23:16,204 [Datanode State Machine Thread - 0] INFO  ratis.XceiverServerRatis (XceiverServerRatis.java:start(428)) - XceiverServerRatis c18184fb-90ff-486b-bf72-63a58cb108ad is started using port 34020
2019-10-10 13:23:16,205 [Datanode State Machine Thread - 0] INFO  server.XceiverServerGrpc (XceiverServerGrpc.java:start(149)) - XceiverServerGrpc c18184fb-90ff-486b-bf72-63a58cb108ad is started using port 37955
2019-10-10 13:23:16,273 [Datanode State Machine Thread - 0] INFO  ozoneimpl.OzoneContainer (OzoneContainer.java:start(213)) - Attempting to start container services.
2019-10-10 13:23:16,273 [Datanode State Machine Thread - 0] INFO  ozoneimpl.OzoneContainer (OzoneContainer.java:startContainerScrub(177)) - Background container scanner has been disabled.
2019-10-10 13:23:16,274 [Datanode State Machine Thread - 0] INFO  ratis.XceiverServerRatis (XceiverServerRatis.java:start(418)) - Starting XceiverServerRatis 1ccbf5a0-3179-4f97-9461-e435a3f85abe at port 0
2019-10-10 13:23:16,279 [Datanode State Machine Thread - 0] INFO  impl.RaftServerProxy (RaftServerProxy.java:lambda$start$3(299)) - 1ccbf5a0-3179-4f97-9461-e435a3f85abe: start RPC server
2019-10-10 13:23:16,280 [Datanode State Machine Thread - 0] INFO  server.GrpcService (GrpcService.java:startImpl(158)) - 1ccbf5a0-3179-4f97-9461-e435a3f85abe: GrpcService started, listening on 0.0.0.0/0.0.0.0:40090
2019-10-10 13:23:16,280 [Datanode State Machine Thread - 0] INFO  ratis.XceiverServerRatis (XceiverServerRatis.java:start(428)) - XceiverServerRatis 1ccbf5a0-3179-4f97-9461-e435a3f85abe is started using port 40090
2019-10-10 13:23:16,280 [Datanode State Machine Thread - 0] INFO  server.XceiverServerGrpc (XceiverServerGrpc.java:start(149)) - XceiverServerGrpc 1ccbf5a0-3179-4f97-9461-e435a3f85abe is started using port 40462
2019-10-10 13:23:16,311 [main] INFO  ozone.MiniOzoneClusterImpl (MiniOzoneClusterImpl.java:lambda$waitForClusterToBeReady$0(147)) - Waiting for cluster to be ready. Got 0 of 7 DN Heartbeats.
2019-10-10 13:23:16,329 [Datanode State Machine Thread - 0] INFO  ozoneimpl.OzoneContainer (OzoneContainer.java:start(213)) - Attempting to start container services.
2019-10-10 13:23:16,329 [Datanode State Machine Thread - 0] INFO  ozoneimpl.OzoneContainer (OzoneContainer.java:startContainerScrub(177)) - Background container scanner has been disabled.
2019-10-10 13:23:16,330 [Datanode State Machine Thread - 0] INFO  ratis.XceiverServerRatis (XceiverServerRatis.java:start(418)) - Starting XceiverServerRatis 2353c1f1-726d-4738-890f-24cb4edef3db at port 0
2019-10-10 13:23:16,337 [Datanode State Machine Thread - 0] INFO  impl.RaftServerProxy (RaftServerProxy.java:lambda$start$3(299)) - 2353c1f1-726d-4738-890f-24cb4edef3db: start RPC server
2019-10-10 13:23:16,338 [Datanode State Machine Thread - 0] INFO  server.GrpcService (GrpcService.java:startImpl(158)) - 2353c1f1-726d-4738-890f-24cb4edef3db: GrpcService started, listening on 0.0.0.0/0.0.0.0:38052
2019-10-10 13:23:16,338 [Datanode State Machine Thread - 0] INFO  ratis.XceiverServerRatis (XceiverServerRatis.java:start(428)) - XceiverServerRatis 2353c1f1-726d-4738-890f-24cb4edef3db is started using port 38052
2019-10-10 13:23:16,338 [Datanode State Machine Thread - 0] INFO  server.XceiverServerGrpc (XceiverServerGrpc.java:start(149)) - XceiverServerGrpc 2353c1f1-726d-4738-890f-24cb4edef3db is started using port 44952
2019-10-10 13:23:17,313 [main] INFO  ozone.MiniOzoneClusterImpl (MiniOzoneClusterImpl.java:lambda$waitForClusterToBeReady$0(147)) - Waiting for cluster to be ready. Got 0 of 7 DN Heartbeats.
2019-10-10 13:23:17,900 [IPC Server handler 3 on 34870] INFO  net.NetworkTopology (NetworkTopologyImpl.java:add(111)) - Added a new node: /default-rack/220726a2-4ddc-4b09-adf5-65aa5b79b83d
2019-10-10 13:23:17,903 [IPC Server handler 3 on 34870] INFO  node.SCMNodeManager (SCMNodeManager.java:register(268)) - Registered Data node : 220726a2-4ddc-4b09-adf5-65aa5b79b83d{ip: 192.168.164.230, host: pr-hdds-2280-tn9v7-3755420433, networkLocation: /default-rack, certSerialId: null}
2019-10-10 13:23:18,020 [EventQueue-NodeRegistrationContainerReportForDataNodeSafeModeRule] INFO  safemode.SCMSafeModeManager (DataNodeSafeModeRule.java:process(71)) - SCM in safe mode. 1 DataNodes registered, 1 required.
2019-10-10 13:23:18,035 [EventQueue-NodeRegistrationContainerReportForContainerSafeModeRule] INFO  safemode.SCMSafeModeManager (SCMSafeModeManager.java:validateSafeModeExitRules(177)) - ScmSafeModeManager, all rules are successfully validated
2019-10-10 13:23:18,035 [EventQueue-NodeRegistrationContainerReportForContainerSafeModeRule] INFO  safemode.SCMSafeModeManager (SCMSafeModeManager.java:exitSafeMode(193)) - SCM exiting safe mode.
2019-10-10 13:23:18,047 [IPC Server handler 10 on 34870] INFO  net.NetworkTopology (NetworkTopologyImpl.java:add(111)) - Added a new node: /default-rack/0a35b46b-2cae-405a-8e00-ec21236555b8
2019-10-10 13:23:18,047 [IPC Server handler 11 on 34870] INFO  net.NetworkTopology (NetworkTopologyImpl.java:add(111)) - Added a new node: /default-rack/cb3659b2-5ca3-4b25-8b5d-9788a7da6980
2019-10-10 13:23:18,064 [IPC Server handler 10 on 34870] INFO  node.SCMNodeManager (SCMNodeManager.java:register(268)) - Registered Data node : 0a35b46b-2cae-405a-8e00-ec21236555b8{ip: 192.168.164.230, host: pr-hdds-2280-tn9v7-3755420433, networkLocation: /default-rack, certSerialId: null}
2019-10-10 13:23:18,069 [IPC Server handler 11 on 34870] INFO  node.SCMNodeManager (SCMNodeManager.java:register(268)) - Registered Data node : cb3659b2-5ca3-4b25-8b5d-9788a7da6980{ip: 192.168.164.230, host: pr-hdds-2280-tn9v7-3755420433, networkLocation: /default-rack, certSerialId: null}
2019-10-10 13:23:18,119 [IPC Server handler 1 on 34870] INFO  net.NetworkTopology (NetworkTopologyImpl.java:add(111)) - Added a new node: /default-rack/8202782f-3bf2-4b72-939d-b383b7999cab
2019-10-10 13:23:18,119 [IPC Server handler 1 on 34870] INFO  node.SCMNodeManager (SCMNodeManager.java:register(268)) - Registered Data node : 8202782f-3bf2-4b72-939d-b383b7999cab{ip: 192.168.164.230, host: pr-hdds-2280-tn9v7-3755420433, networkLocation: /default-rack, certSerialId: null}
2019-10-10 13:23:18,167 [grpc-default-executor-2] INFO  impl.RaftServerProxy (RaftServerProxy.java:addNew(89)) - 220726a2-4ddc-4b09-adf5-65aa5b79b83d: addNew group-CA3B002BDA63:[220726a2-4ddc-4b09-adf5-65aa5b79b83d:192.168.164.230:42301] returns group-CA3B002BDA63:java.util.concurrent.CompletableFuture@3a2531c5[Not completed]
2019-10-10 13:23:18,169 [pool-119-thread-1] INFO  impl.RaftServerImpl (RaftServerImpl.java:<init>(95)) - 220726a2-4ddc-4b09-adf5-65aa5b79b83d: new RaftServerImpl for group-CA3B002BDA63:[220726a2-4ddc-4b09-adf5-65aa5b79b83d:192.168.164.230:42301] with ContainerStateMachine:uninitialized
2019-10-10 13:23:18,169 [pool-119-thread-1] INFO  server.RaftServerConfigKeys (ConfUtils.java:logGet(43)) - raft.server.rpc.timeout.min = 5s (custom)
2019-10-10 13:23:18,169 [pool-119-thread-1] INFO  server.RaftServerConfigKeys (ConfUtils.java:logGet(43)) - raft.server.rpc.timeout.max = 5200ms (custom)
2019-10-10 13:23:18,169 [pool-119-thread-1] INFO  server.RaftServerConfigKeys (ConfUtils.java:logGet(43)) - raft.server.rpcslowness.timeout = 120s (custom)
2019-10-10 13:23:18,170 [pool-119-thread-1] INFO  server.RaftServerConfigKeys (ConfUtils.java:logGet(43)) - raft.server.sleep.deviation.threshold = 300 (default)
2019-10-10 13:23:18,170 [pool-119-thread-1] INFO  server.RaftServerConfigKeys (ConfUtils.java:logGet(43)) - raft.server.log.appender.install.snapshot.enabled = false (custom)
2019-10-10 13:23:18,170 [pool-119-thread-1] INFO  impl.RaftServerImpl (ServerState.java:<init>(103)) - 220726a2-4ddc-4b09-adf5-65aa5b79b83d@group-CA3B002BDA63: ConfigurationManager, init=-1: [220726a2-4ddc-4b09-adf5-65aa5b79b83d:192.168.164.230:42301], old=null, confs=<EMPTY_MAP>
2019-10-10 13:23:18,170 [pool-119-thread-1] INFO  server.RaftServerConfigKeys (ConfUtils.java:logGet(43)) - raft.server.storage.dir = [/workdir/hadoop-ozone/integration-test/target/test-dir/MiniOzoneClusterImpl-9f2070aa-53b9-4d3a-8363-33cb6bbf0ea6/datanode-0/data/ratis] (custom)
2019-10-10 13:23:18,170 [pool-119-thread-1] INFO  server.RaftServerConfigKeys (ConfUtils.java:logGet(43)) - raft.server.log.corruption.policy = EXCEPTION (default)
2019-10-10 13:23:18,171 [pool-119-thread-1] INFO  storage.RaftStorageDirectory (RaftStorageDirectory.java:analyzeStorage(246)) - The storage directory /workdir/hadoop-ozone/integration-test/target/test-dir/MiniOzoneClusterImpl-9f2070aa-53b9-4d3a-8363-33cb6bbf0ea6/datanode-0/data/ratis/f41bad1b-a9fd-4ec1-b4bd-ca3b002bda63 does not exist. Creating ...
2019-10-10 13:23:18,183 [IPC Server handler 5 on 34870] INFO  net.NetworkTopology (NetworkTopologyImpl.java:add(111)) - Added a new node: /default-rack/c18184fb-90ff-486b-bf72-63a58cb108ad
2019-10-10 13:23:18,184 [IPC Server handler 5 on 34870] INFO  node.SCMNodeManager (SCMNodeManager.java:register(268)) - Registered Data node : c18184fb-90ff-486b-bf72-63a58cb108ad{ip: 192.168.164.230, host: pr-hdds-2280-tn9v7-3755420433, networkLocation: /default-rack, certSerialId: null}
2019-10-10 13:23:18,184 [pool-119-thread-1] INFO  storage.RaftStorageDirectory (RaftStorageDirectory.java:tryLock(328)) - Lock on /workdir/hadoop-ozone/integration-test/target/test-dir/MiniOzoneClusterImpl-9f2070aa-53b9-4d3a-8363-33cb6bbf0ea6/datanode-0/data/ratis/f41bad1b-a9fd-4ec1-b4bd-ca3b002bda63/in_use.lock acquired by nodename 11650@pr-hdds-2280-tn9v7-3755420433
2019-10-10 13:23:18,197 [pool-119-thread-1] INFO  storage.RaftStorage (RaftStorage.java:format(84)) - Storage directory /workdir/hadoop-ozone/integration-test/target/test-dir/MiniOzoneClusterImpl-9f2070aa-53b9-4d3a-8363-33cb6bbf0ea6/datanode-0/data/ratis/f41bad1b-a9fd-4ec1-b4bd-ca3b002bda63 has been successfully formatted.
2019-10-10 13:23:18,197 [pool-119-thread-1] INFO  ratis.ContainerStateMachine (ContainerStateMachine.java:loadSnapshot(231)) - group-CA3B002BDA63: The snapshot info is null. Setting the last applied indexto:(t:0, i:~)
2019-10-10 13:23:18,197 [pool-119-thread-1] INFO  server.RaftServerConfigKeys (ConfUtils.java:logGet(43)) - raft.server.notification.no-leader.timeout = 120s (custom)
2019-10-10 13:23:18,197 [pool-119-thread-1] INFO  server.RaftServerConfigKeys (ConfUtils.java:logGet(43)) - raft.server.log.use.memory = false (default)
2019-10-10 13:23:18,198 [pool-119-thread-1] INFO  server.RaftServerConfigKeys (ConfUtils.java:logGet(43)) - raft.server.log.purge.gap = 1000000 (custom)
2019-10-10 13:23:18,198 [pool-119-thread-1] INFO  server.RaftServerConfigKeys (ConfUtils.java:logGet(43)) - raft.server.log.appender.buffer.byte-limit = 33554432 (custom)
2019-10-10 13:23:18,198 [pool-119-thread-1] INFO  server.RaftServerConfigKeys (ConfUtils.java:logGet(43)) - raft.server.log.segment.size.max = 1048576 (custom)
2019-10-10 13:23:18,201 [pool-119-thread-1] INFO  server.RaftServerConfigKeys (ConfUtils.java:logGet(43)) - raft.server.log.segment.cache.num.max = 2 (custom)
2019-10-10 13:23:18,201 [pool-119-thread-1] INFO  segmented.SegmentedRaftLogWorker (SegmentedRaftLogWorker.java:<init>(173)) - new 220726a2-4ddc-4b09-adf5-65aa5b79b83d@group-CA3B002BDA63-SegmentedRaftLogWorker for RaftStorage:Storage Directory /workdir/hadoop-ozone/integration-test/target/test-dir/MiniOzoneClusterImpl-9f2070aa-53b9-4d3a-8363-33cb6bbf0ea6/datanode-0/data/ratis/f41bad1b-a9fd-4ec1-b4bd-ca3b002bda63
2019-10-10 13:23:18,201 [pool-119-thread-1] INFO  server.RaftServerConfigKeys (ConfUtils.java:logGet(43)) - raft.server.log.queue.byte-limit = 2147483647 (custom)
2019-10-10 13:23:18,201 [pool-119-thread-1] INFO  server.RaftServerConfigKeys (ConfUtils.java:logGet(43)) - raft.server.log.queue.element-limit = 1024 (custom)
2019-10-10 13:23:18,201 [pool-119-thread-1] INFO  server.RaftServerConfigKeys (ConfUtils.java:logGet(43)) - raft.server.log.segment.size.max = 1048576 (custom)
2019-10-10 13:23:18,201 [pool-119-thread-1] INFO  server.RaftServerConfigKeys (ConfUtils.java:logGet(43)) - raft.server.log.preallocated.size = 16384 (custom)
2019-10-10 13:23:18,202 [pool-119-thread-1] INFO  server.RaftServerConfigKeys (ConfUtils.java:logGet(43)) - raft.server.log.write.buffer.size = 33554432 (custom)
2019-10-10 13:23:18,202 [pool-119-thread-1] INFO  server.RaftServerConfigKeys (ConfUtils.java:logGet(43)) - raft.server.log.force.sync.num = 128 (default)
2019-10-10 13:23:18,202 [pool-119-thread-1] INFO  server.RaftServerConfigKeys (ConfUtils.java:logGet(43)) - raft.server.log.statemachine.data.sync = true (default)
2019-10-10 13:23:18,202 [pool-119-thread-1] INFO  server.RaftServerConfigKeys (ConfUtils.java:logGet(43)) - raft.server.log.statemachine.data.sync.timeout = 10s (default)
2019-10-10 13:23:18,202 [pool-119-thread-1] INFO  server.RaftServerConfigKeys (ConfUtils.java:logGet(43)) - raft.server.log.statemachine.data.sync.timeout.retry = -1 (default)
2019-10-10 13:23:18,203 [pool-119-thread-1] INFO  server.RaftServerConfigKeys (ConfUtils.java:logGet(43)) - raft.server.log.statemachine.data.caching.enabled = true (custom)
2019-10-10 13:23:18,203 [pool-119-thread-1] INFO  segmented.SegmentedRaftLogWorker (SegmentedRaftLogWorker.java:lambda$new$0(128)) - 220726a2-4ddc-4b09-adf5-65aa5b79b83d@group-CA3B002BDA63-SegmentedRaftLogWorker: flushIndex: setUnconditionally 0 -> -1
2019-10-10 13:23:18,204 [pool-119-thread-1] INFO  server.RaftServerConfigKeys (ConfUtils.java:logGet(43)) - raft.server.snapshot.auto.trigger.enabled = true (custom)
2019-10-10 13:23:18,204 [pool-119-thread-1] INFO  server.RaftServerConfigKeys (ConfUtils.java:logGet(43)) - raft.server.snapshot.auto.trigger.threshold = 10000 (custom)
2019-10-10 13:23:18,204 [pool-119-thread-1] INFO  server.RaftServerConfigKeys (ConfUtils.java:logGet(43)) - raft.server.snapshot.retention.file.num = 5 (custom)
2019-10-10 13:23:18,204 [pool-119-thread-1] INFO  server.RaftServerConfigKeys (ConfUtils.java:logGet(43)) - raft.server.retrycache.expirytime = 600000ms (custom)
2019-10-10 13:23:18,206 [pool-119-thread-1] INFO  impl.RaftServerImpl (RaftServerImpl.java:start(181)) - 220726a2-4ddc-4b09-adf5-65aa5b79b83d@group-CA3B002BDA63: start as a follower, conf=-1: [220726a2-4ddc-4b09-adf5-65aa5b79b83d:192.168.164.230:42301], old=null
2019-10-10 13:23:18,206 [pool-119-thread-1] INFO  impl.RaftServerImpl (RaftServerImpl.java:setRole(170)) - 220726a2-4ddc-4b09-adf5-65aa5b79b83d@group-CA3B002BDA63: changes role from      null to FOLLOWER at term 0 for startAsFollower
2019-10-10 13:23:18,206 [pool-119-thread-1] INFO  impl.RoleInfo (RoleInfo.java:updateAndGet(143)) - 220726a2-4ddc-4b09-adf5-65aa5b79b83d: start FollowerState
2019-10-10 13:23:18,206 [pool-119-thread-1] INFO  util.JmxRegister (JmxRegister.java:tryRegister(44)) - Successfully registered JMX Bean with object name Ratis:service=RaftServer,group=group-CA3B002BDA63,id=220726a2-4ddc-4b09-adf5-65aa5b79b83d
2019-10-10 13:23:18,227 [RatisPipelineUtilsThread] INFO  pipeline.PipelineStateManager (PipelineStateManager.java:addPipeline(56)) - Created pipeline Pipeline[ Id: f41bad1b-a9fd-4ec1-b4bd-ca3b002bda63, Nodes: 220726a2-4ddc-4b09-adf5-65aa5b79b83d{ip: 192.168.164.230, host: pr-hdds-2280-tn9v7-3755420433, networkLocation: /default-rack, certSerialId: null}, Type:RATIS, Factor:ONE, State:OPEN]
2019-10-10 13:23:18,236 [grpc-default-executor-2] INFO  impl.RaftServerProxy (RaftServerProxy.java:addNew(89)) - 8202782f-3bf2-4b72-939d-b383b7999cab: addNew group-A28AF8961A28:[8202782f-3bf2-4b72-939d-b383b7999cab:192.168.164.230:38517] returns group-A28AF8961A28:java.util.concurrent.CompletableFuture@7a395e28[Not completed]
2019-10-10 13:23:18,240 [pool-149-thread-1] INFO  impl.RaftServerImpl (RaftServerImpl.java:<init>(95)) - 8202782f-3bf2-4b72-939d-b383b7999cab: new RaftServerImpl for group-A28AF8961A28:[8202782f-3bf2-4b72-939d-b383b7999cab:192.168.164.230:38517] with ContainerStateMachine:uninitialized
2019-10-10 13:23:18,240 [pool-149-thread-1] INFO  server.RaftServerConfigKeys (ConfUtils.java:logGet(43)) - raft.server.rpc.timeout.min = 5s (custom)
2019-10-10 13:23:18,240 [pool-149-thread-1] INFO  server.RaftServerConfigKeys (ConfUtils.java:logGet(43)) - raft.server.rpc.timeout.max = 5200ms (custom)
2019-10-10 13:23:18,241 [pool-149-thread-1] INFO  server.RaftServerConfigKeys (ConfUtils.java:logGet(43)) - raft.server.rpcslowness.timeout = 120s (custom)
2019-10-10 13:23:18,241 [pool-149-thread-1] INFO  server.RaftServerConfigKeys (ConfUtils.java:logGet(43)) - raft.server.sleep.deviation.threshold = 300 (default)
2019-10-10 13:23:18,241 [pool-149-thread-1] INFO  server.RaftServerConfigKeys (ConfUtils.java:logGet(43)) - raft.server.log.appender.install.snapshot.enabled = false (custom)
2019-10-10 13:23:18,241 [pool-149-thread-1] INFO  impl.RaftServerImpl (ServerState.java:<init>(103)) - 8202782f-3bf2-4b72-939d-b383b7999cab@group-A28AF8961A28: ConfigurationManager, init=-1: [8202782f-3bf2-4b72-939d-b383b7999cab:192.168.164.230:38517], old=null, confs=<EMPTY_MAP>
2019-10-10 13:23:18,241 [pool-149-thread-1] INFO  server.RaftServerConfigKeys (ConfUtils.java:logGet(43)) - raft.server.storage.dir = [/workdir/hadoop-ozone/integration-test/target/test-dir/MiniOzoneClusterImpl-9f2070aa-53b9-4d3a-8363-33cb6bbf0ea6/datanode-3/data/ratis] (custom)
2019-10-10 13:23:18,242 [pool-149-thread-1] INFO  server.RaftServerConfigKeys (ConfUtils.java:logGet(43)) - raft.server.log.corruption.policy = EXCEPTION (default)
2019-10-10 13:23:18,242 [pool-149-thread-1] INFO  storage.RaftStorageDirectory (RaftStorageDirectory.java:analyzeStorage(246)) - The storage directory /workdir/hadoop-ozone/integration-test/target/test-dir/MiniOzoneClusterImpl-9f2070aa-53b9-4d3a-8363-33cb6bbf0ea6/datanode-3/data/ratis/5c00cc7e-912d-456a-8416-a28af8961a28 does not exist. Creating ...
2019-10-10 13:23:18,249 [IPC Server handler 19 on 34870] INFO  net.NetworkTopology (NetworkTopologyImpl.java:add(111)) - Added a new node: /default-rack/1ccbf5a0-3179-4f97-9461-e435a3f85abe
2019-10-10 13:23:18,250 [IPC Server handler 19 on 34870] INFO  node.SCMNodeManager (SCMNodeManager.java:register(268)) - Registered Data node : 1ccbf5a0-3179-4f97-9461-e435a3f85abe{ip: 192.168.164.230, host: pr-hdds-2280-tn9v7-3755420433, networkLocation: /default-rack, certSerialId: null}
2019-10-10 13:23:18,262 [pool-149-thread-1] INFO  storage.RaftStorageDirectory (RaftStorageDirectory.java:tryLock(328)) - Lock on /workdir/hadoop-ozone/integration-test/target/test-dir/MiniOzoneClusterImpl-9f2070aa-53b9-4d3a-8363-33cb6bbf0ea6/datanode-3/data/ratis/5c00cc7e-912d-456a-8416-a28af8961a28/in_use.lock acquired by nodename 11650@pr-hdds-2280-tn9v7-3755420433
2019-10-10 13:23:18,275 [pool-149-thread-1] INFO  storage.RaftStorage (RaftStorage.java:format(84)) - Storage directory /workdir/hadoop-ozone/integration-test/target/test-dir/MiniOzoneClusterImpl-9f2070aa-53b9-4d3a-8363-33cb6bbf0ea6/datanode-3/data/ratis/5c00cc7e-912d-456a-8416-a28af8961a28 has been successfully formatted.
2019-10-10 13:23:18,275 [pool-149-thread-1] INFO  ratis.ContainerStateMachine (ContainerStateMachine.java:loadSnapshot(231)) - group-A28AF8961A28: The snapshot info is null. Setting the last applied indexto:(t:0, i:~)
2019-10-10 13:23:18,276 [pool-149-thread-1] INFO  server.RaftServerConfigKeys (ConfUtils.java:logGet(43)) - raft.server.notification.no-leader.timeout = 120s (custom)
2019-10-10 13:23:18,276 [pool-149-thread-1] INFO  server.RaftServerConfigKeys (ConfUtils.java:logGet(43)) - raft.server.log.use.memory = false (default)
2019-10-10 13:23:18,276 [pool-149-thread-1] INFO  server.RaftServerConfigKeys (ConfUtils.java:logGet(43)) - raft.server.log.purge.gap = 1000000 (custom)
2019-10-10 13:23:18,276 [pool-149-thread-1] INFO  server.RaftServerConfigKeys (ConfUtils.java:logGet(43)) - raft.server.log.appender.buffer.byte-limit = 33554432 (custom)
2019-10-10 13:23:18,276 [pool-149-thread-1] INFO  server.RaftServerConfigKeys (ConfUtils.java:logGet(43)) - raft.server.log.segment.size.max = 1048576 (custom)
2019-10-10 13:23:18,279 [pool-149-thread-1] INFO  server.RaftServerConfigKeys (ConfUtils.java:logGet(43)) - raft.server.log.segment.cache.num.max = 2 (custom)
2019-10-10 13:23:18,279 [pool-149-thread-1] INFO  segmented.SegmentedRaftLogWorker (SegmentedRaftLogWorker.java:<init>(173)) - new 8202782f-3bf2-4b72-939d-b383b7999cab@group-A28AF8961A28-SegmentedRaftLogWorker for RaftStorage:Storage Directory /workdir/hadoop-ozone/integration-test/target/test-dir/MiniOzoneClusterImpl-9f2070aa-53b9-4d3a-8363-33cb6bbf0ea6/datanode-3/data/ratis/5c00cc7e-912d-456a-8416-a28af8961a28
2019-10-10 13:23:18,279 [pool-149-thread-1] INFO  server.RaftServerConfigKeys (ConfUtils.java:logGet(43)) - raft.server.log.queue.byte-limit = 2147483647 (custom)
2019-10-10 13:23:18,279 [pool-149-thread-1] INFO  server.RaftServerConfigKeys (ConfUtils.java:logGet(43)) - raft.server.log.queue.element-limit = 1024 (custom)
2019-10-10 13:23:18,279 [pool-149-thread-1] INFO  server.RaftServerConfigKeys (ConfUtils.java:logGet(43)) - raft.server.log.segment.size.max = 1048576 (custom)
2019-10-10 13:23:18,279 [pool-149-thread-1] INFO  server.RaftServerConfigKeys (ConfUtils.java:logGet(43)) - raft.server.log.preallocated.size = 16384 (custom)
2019-10-10 13:23:18,279 [pool-149-thread-1] INFO  server.RaftServerConfigKeys (ConfUtils.java:logGet(43)) - raft.server.log.write.buffer.size = 33554432 (custom)
2019-10-10 13:23:18,280 [pool-149-thread-1] INFO  server.RaftServerConfigKeys (ConfUtils.java:logGet(43)) - raft.server.log.force.sync.num = 128 (default)
2019-10-10 13:23:18,280 [pool-149-thread-1] INFO  server.RaftServerConfigKeys (ConfUtils.java:logGet(43)) - raft.server.log.statemachine.data.sync = true (default)
2019-10-10 13:23:18,280 [pool-149-thread-1] INFO  server.RaftServerConfigKeys (ConfUtils.java:logGet(43)) - raft.server.log.statemachine.data.sync.timeout = 10s (default)
2019-10-10 13:23:18,280 [pool-149-thread-1] INFO  server.RaftServerConfigKeys (ConfUtils.java:logGet(43)) - raft.server.log.statemachine.data.sync.timeout.retry = -1 (default)
2019-10-10 13:23:18,281 [pool-149-thread-1] INFO  server.RaftServerConfigKeys (ConfUtils.java:logGet(43)) - raft.server.log.statemachine.data.caching.enabled = true (custom)
2019-10-10 13:23:18,281 [pool-149-thread-1] INFO  segmented.SegmentedRaftLogWorker (SegmentedRaftLogWorker.java:lambda$new$0(128)) - 8202782f-3bf2-4b72-939d-b383b7999cab@group-A28AF8961A28-SegmentedRaftLogWorker: flushIndex: setUnconditionally 0 -> -1
2019-10-10 13:23:18,281 [pool-149-thread-1] INFO  server.RaftServerConfigKeys (ConfUtils.java:logGet(43)) - raft.server.snapshot.auto.trigger.enabled = true (custom)
2019-10-10 13:23:18,281 [pool-149-thread-1] INFO  server.RaftServerConfigKeys (ConfUtils.java:logGet(43)) - raft.server.snapshot.auto.trigger.threshold = 10000 (custom)
2019-10-10 13:23:18,281 [pool-149-thread-1] INFO  server.RaftServerConfigKeys (ConfUtils.java:logGet(43)) - raft.server.snapshot.retention.file.num = 5 (custom)
2019-10-10 13:23:18,282 [pool-149-thread-1] INFO  server.RaftServerConfigKeys (ConfUtils.java:logGet(43)) - raft.server.retrycache.expirytime = 600000ms (custom)
2019-10-10 13:23:18,284 [pool-149-thread-1] INFO  impl.RaftServerImpl (RaftServerImpl.java:start(181)) - 8202782f-3bf2-4b72-939d-b383b7999cab@group-A28AF8961A28: start as a follower, conf=-1: [8202782f-3bf2-4b72-939d-b383b7999cab:192.168.164.230:38517], old=null
2019-10-10 13:23:18,284 [pool-149-thread-1] INFO  impl.RaftServerImpl (RaftServerImpl.java:setRole(170)) - 8202782f-3bf2-4b72-939d-b383b7999cab@group-A28AF8961A28: changes role from      null to FOLLOWER at term 0 for startAsFollower
2019-10-10 13:23:18,284 [pool-149-thread-1] INFO  impl.RoleInfo (RoleInfo.java:updateAndGet(143)) - 8202782f-3bf2-4b72-939d-b383b7999cab: start FollowerState
2019-10-10 13:23:18,285 [pool-149-thread-1] INFO  util.JmxRegister (JmxRegister.java:tryRegister(44)) - Successfully registered JMX Bean with object name Ratis:service=RaftServer,group=group-A28AF8961A28,id=8202782f-3bf2-4b72-939d-b383b7999cab
2019-10-10 13:23:18,291 [RatisPipelineUtilsThread] INFO  pipeline.PipelineStateManager (PipelineStateManager.java:addPipeline(56)) - Created pipeline Pipeline[ Id: 5c00cc7e-912d-456a-8416-a28af8961a28, Nodes: 8202782f-3bf2-4b72-939d-b383b7999cab{ip: 192.168.164.230, host: pr-hdds-2280-tn9v7-3755420433, networkLocation: /default-rack, certSerialId: null}, Type:RATIS, Factor:ONE, State:OPEN]
2019-10-10 13:23:18,301 [grpc-default-executor-2] INFO  impl.RaftServerProxy (RaftServerProxy.java:addNew(89)) - c18184fb-90ff-486b-bf72-63a58cb108ad: addNew group-49D613E9107E:[c18184fb-90ff-486b-bf72-63a58cb108ad:192.168.164.230:34020] returns group-49D613E9107E:java.util.concurrent.CompletableFuture@2aa85887[Not completed]
2019-10-10 13:23:18,307 [pool-159-thread-1] INFO  impl.RaftServerImpl (RaftServerImpl.java:<init>(95)) - c18184fb-90ff-486b-bf72-63a58cb108ad: new RaftServerImpl for group-49D613E9107E:[c18184fb-90ff-486b-bf72-63a58cb108ad:192.168.164.230:34020] with ContainerStateMachine:uninitialized
2019-10-10 13:23:18,307 [pool-159-thread-1] INFO  server.RaftServerConfigKeys (ConfUtils.java:logGet(43)) - raft.server.rpc.timeout.min = 5s (custom)
2019-10-10 13:23:18,307 [pool-159-thread-1] INFO  server.RaftServerConfigKeys (ConfUtils.java:logGet(43)) - raft.server.rpc.timeout.max = 5200ms (custom)
2019-10-10 13:23:18,307 [pool-159-thread-1] INFO  server.RaftServerConfigKeys (ConfUtils.java:logGet(43)) - raft.server.rpcslowness.timeout = 120s (custom)
2019-10-10 13:23:18,307 [pool-159-thread-1] INFO  server.RaftServerConfigKeys (ConfUtils.java:logGet(43)) - raft.server.sleep.deviation.threshold = 300 (default)
2019-10-10 13:23:18,307 [pool-159-thread-1] INFO  server.RaftServerConfigKeys (ConfUtils.java:logGet(43)) - raft.server.log.appender.install.snapshot.enabled = false (custom)
2019-10-10 13:23:18,308 [pool-159-thread-1] INFO  impl.RaftServerImpl (ServerState.java:<init>(103)) - c18184fb-90ff-486b-bf72-63a58cb108ad@group-49D613E9107E: ConfigurationManager, init=-1: [c18184fb-90ff-486b-bf72-63a58cb108ad:192.168.164.230:34020], old=null, confs=<EMPTY_MAP>
2019-10-10 13:23:18,308 [pool-159-thread-1] INFO  server.RaftServerConfigKeys (ConfUtils.java:logGet(43)) - raft.server.storage.dir = [/workdir/hadoop-ozone/integration-test/target/test-dir/MiniOzoneClusterImpl-9f2070aa-53b9-4d3a-8363-33cb6bbf0ea6/datanode-4/data/ratis] (custom)
2019-10-10 13:23:18,308 [pool-159-thread-1] INFO  server.RaftServerConfigKeys (ConfUtils.java:logGet(43)) - raft.server.log.corruption.policy = EXCEPTION (default)
2019-10-10 13:23:18,308 [pool-159-thread-1] INFO  storage.RaftStorageDirectory (RaftStorageDirectory.java:analyzeStorage(246)) - The storage directory /workdir/hadoop-ozone/integration-test/target/test-dir/MiniOzoneClusterImpl-9f2070aa-53b9-4d3a-8363-33cb6bbf0ea6/datanode-4/data/ratis/bde6aa9b-63a3-4ce0-8832-49d613e9107e does not exist. Creating ...
2019-10-10 13:23:18,313 [main] INFO  ozone.MiniOzoneClusterImpl (MiniOzoneClusterImpl.java:lambda$waitForClusterToBeReady$0(147)) - Waiting for cluster to be ready. Got 6 of 7 DN Heartbeats.
2019-10-10 13:23:18,314 [IPC Server handler 18 on 34870] INFO  net.NetworkTopology (NetworkTopologyImpl.java:add(111)) - Added a new node: /default-rack/2353c1f1-726d-4738-890f-24cb4edef3db
2019-10-10 13:23:18,314 [IPC Server handler 18 on 34870] INFO  node.SCMNodeManager (SCMNodeManager.java:register(268)) - Registered Data node : 2353c1f1-726d-4738-890f-24cb4edef3db{ip: 192.168.164.230, host: pr-hdds-2280-tn9v7-3755420433, networkLocation: /default-rack, certSerialId: null}
2019-10-10 13:23:18,320 [pool-159-thread-1] INFO  storage.RaftStorageDirectory (RaftStorageDirectory.java:tryLock(328)) - Lock on /workdir/hadoop-ozone/integration-test/target/test-dir/MiniOzoneClusterImpl-9f2070aa-53b9-4d3a-8363-33cb6bbf0ea6/datanode-4/data/ratis/bde6aa9b-63a3-4ce0-8832-49d613e9107e/in_use.lock acquired by nodename 11650@pr-hdds-2280-tn9v7-3755420433
2019-10-10 13:23:18,333 [pool-159-thread-1] INFO  storage.RaftStorage (RaftStorage.java:format(84)) - Storage directory /workdir/hadoop-ozone/integration-test/target/test-dir/MiniOzoneClusterImpl-9f2070aa-53b9-4d3a-8363-33cb6bbf0ea6/datanode-4/data/ratis/bde6aa9b-63a3-4ce0-8832-49d613e9107e has been successfully formatted.
2019-10-10 13:23:18,333 [pool-159-thread-1] INFO  ratis.ContainerStateMachine (ContainerStateMachine.java:loadSnapshot(231)) - group-49D613E9107E: The snapshot info is null. Setting the last applied indexto:(t:0, i:~)
2019-10-10 13:23:18,333 [pool-159-thread-1] INFO  server.RaftServerConfigKeys (ConfUtils.java:logGet(43)) - raft.server.notification.no-leader.timeout = 120s (custom)
2019-10-10 13:23:18,333 [pool-159-thread-1] INFO  server.RaftServerConfigKeys (ConfUtils.java:logGet(43)) - raft.server.log.use.memory = false (default)
2019-10-10 13:23:18,333 [pool-159-thread-1] INFO  server.RaftServerConfigKeys (ConfUtils.java:logGet(43)) - raft.server.log.purge.gap = 1000000 (custom)
2019-10-10 13:23:18,334 [pool-159-thread-1] INFO  server.RaftServerConfigKeys (ConfUtils.java:logGet(43)) - raft.server.log.appender.buffer.byte-limit = 33554432 (custom)
2019-10-10 13:23:18,334 [pool-159-thread-1] INFO  server.RaftServerConfigKeys (ConfUtils.java:logGet(43)) - raft.server.log.segment.size.max = 1048576 (custom)
2019-10-10 13:23:18,336 [pool-159-thread-1] INFO  server.RaftServerConfigKeys (ConfUtils.java:logGet(43)) - raft.server.log.segment.cache.num.max = 2 (custom)
2019-10-10 13:23:18,336 [pool-159-thread-1] INFO  segmented.SegmentedRaftLogWorker (SegmentedRaftLogWorker.java:<init>(173)) - new c18184fb-90ff-486b-bf72-63a58cb108ad@group-49D613E9107E-SegmentedRaftLogWorker for RaftStorage:Storage Directory /workdir/hadoop-ozone/integration-test/target/test-dir/MiniOzoneClusterImpl-9f2070aa-53b9-4d3a-8363-33cb6bbf0ea6/datanode-4/data/ratis/bde6aa9b-63a3-4ce0-8832-49d613e9107e
2019-10-10 13:23:18,336 [pool-159-thread-1] INFO  server.RaftServerConfigKeys (ConfUtils.java:logGet(43)) - raft.server.log.queue.byte-limit = 2147483647 (custom)
2019-10-10 13:23:18,336 [pool-159-thread-1] INFO  server.RaftServerConfigKeys (ConfUtils.java:logGet(43)) - raft.server.log.queue.element-limit = 1024 (custom)
2019-10-10 13:23:18,336 [pool-159-thread-1] INFO  server.RaftServerConfigKeys (ConfUtils.java:logGet(43)) - raft.server.log.segment.size.max = 1048576 (custom)
2019-10-10 13:23:18,336 [pool-159-thread-1] INFO  server.RaftServerConfigKeys (ConfUtils.java:logGet(43)) - raft.server.log.preallocated.size = 16384 (custom)
2019-10-10 13:23:18,336 [pool-159-thread-1] INFO  server.RaftServerConfigKeys (ConfUtils.java:logGet(43)) - raft.server.log.write.buffer.size = 33554432 (custom)
2019-10-10 13:23:18,337 [pool-159-thread-1] INFO  server.RaftServerConfigKeys (ConfUtils.java:logGet(43)) - raft.server.log.force.sync.num = 128 (default)
2019-10-10 13:23:18,337 [pool-159-thread-1] INFO  server.RaftServerConfigKeys (ConfUtils.java:logGet(43)) - raft.server.log.statemachine.data.sync = true (default)
2019-10-10 13:23:18,337 [pool-159-thread-1] INFO  server.RaftServerConfigKeys (ConfUtils.java:logGet(43)) - raft.server.log.statemachine.data.sync.timeout = 10s (default)
2019-10-10 13:23:18,337 [pool-159-thread-1] INFO  server.RaftServerConfigKeys (ConfUtils.java:logGet(43)) - raft.server.log.statemachine.data.sync.timeout.retry = -1 (default)
2019-10-10 13:23:18,337 [pool-159-thread-1] INFO  server.RaftServerConfigKeys (ConfUtils.java:logGet(43)) - raft.server.log.statemachine.data.caching.enabled = true (custom)
2019-10-10 13:23:18,338 [pool-159-thread-1] INFO  segmented.SegmentedRaftLogWorker (SegmentedRaftLogWorker.java:lambda$new$0(128)) - c18184fb-90ff-486b-bf72-63a58cb108ad@group-49D613E9107E-SegmentedRaftLogWorker: flushIndex: setUnconditionally 0 -> -1
2019-10-10 13:23:18,338 [pool-159-thread-1] INFO  server.RaftServerConfigKeys (ConfUtils.java:logGet(43)) - raft.server.snapshot.auto.trigger.enabled = true (custom)
2019-10-10 13:23:18,338 [pool-159-thread-1] INFO  server.RaftServerConfigKeys (ConfUtils.java:logGet(43)) - raft.server.snapshot.auto.trigger.threshold = 10000 (custom)
2019-10-10 13:23:18,338 [pool-159-thread-1] INFO  server.RaftServerConfigKeys (ConfUtils.java:logGet(43)) - raft.server.snapshot.retention.file.num = 5 (custom)
2019-10-10 13:23:18,338 [pool-159-thread-1] INFO  server.RaftServerConfigKeys (ConfUtils.java:logGet(43)) - raft.server.retrycache.expirytime = 600000ms (custom)
2019-10-10 13:23:18,340 [pool-159-thread-1] INFO  impl.RaftServerImpl (RaftServerImpl.java:start(181)) - c18184fb-90ff-486b-bf72-63a58cb108ad@group-49D613E9107E: start as a follower, conf=-1: [c18184fb-90ff-486b-bf72-63a58cb108ad:192.168.164.230:34020], old=null
2019-10-10 13:23:18,340 [pool-159-thread-1] INFO  impl.RaftServerImpl (RaftServerImpl.java:setRole(170)) - c18184fb-90ff-486b-bf72-63a58cb108ad@group-49D613E9107E: changes role from      null to FOLLOWER at term 0 for startAsFollower
2019-10-10 13:23:18,340 [pool-159-thread-1] INFO  impl.RoleInfo (RoleInfo.java:updateAndGet(143)) - c18184fb-90ff-486b-bf72-63a58cb108ad: start FollowerState
2019-10-10 13:23:18,341 [pool-159-thread-1] INFO  util.JmxRegister (JmxRegister.java:tryRegister(44)) - Successfully registered JMX Bean with object name Ratis:service=RaftServer,group=group-49D613E9107E,id=c18184fb-90ff-486b-bf72-63a58cb108ad
2019-10-10 13:23:18,346 [RatisPipelineUtilsThread] INFO  pipeline.PipelineStateManager (PipelineStateManager.java:addPipeline(56)) - Created pipeline Pipeline[ Id: bde6aa9b-63a3-4ce0-8832-49d613e9107e, Nodes: c18184fb-90ff-486b-bf72-63a58cb108ad{ip: 192.168.164.230, host: pr-hdds-2280-tn9v7-3755420433, networkLocation: /default-rack, certSerialId: null}, Type:RATIS, Factor:ONE, State:OPEN]
2019-10-10 13:23:18,356 [grpc-default-executor-2] INFO  impl.RaftServerProxy (RaftServerProxy.java:addNew(89)) - 0a35b46b-2cae-405a-8e00-ec21236555b8: addNew group-3212ED39A6FC:[0a35b46b-2cae-405a-8e00-ec21236555b8:192.168.164.230:34806] returns group-3212ED39A6FC:java.util.concurrent.CompletableFuture@3d7793a1[Not completed]
2019-10-10 13:23:18,361 [pool-139-thread-1] INFO  impl.RaftServerImpl (RaftServerImpl.java:<init>(95)) - 0a35b46b-2cae-405a-8e00-ec21236555b8: new RaftServerImpl for group-3212ED39A6FC:[0a35b46b-2cae-405a-8e00-ec21236555b8:192.168.164.230:34806] with ContainerStateMachine:uninitialized
2019-10-10 13:23:18,361 [pool-139-thread-1] INFO  server.RaftServerConfigKeys (ConfUtils.java:logGet(43)) - raft.server.rpc.timeout.min = 5s (custom)
2019-10-10 13:23:18,361 [pool-139-thread-1] INFO  server.RaftServerConfigKeys (ConfUtils.java:logGet(43)) - raft.server.rpc.timeout.max = 5200ms (custom)
2019-10-10 13:23:18,361 [pool-139-thread-1] INFO  server.RaftServerConfigKeys (ConfUtils.java:logGet(43)) - raft.server.rpcslowness.timeout = 120s (custom)
2019-10-10 13:23:18,361 [pool-139-thread-1] INFO  server.RaftServerConfigKeys (ConfUtils.java:logGet(43)) - raft.server.sleep.deviation.threshold = 300 (default)
2019-10-10 13:23:18,362 [pool-139-thread-1] INFO  server.RaftServerConfigKeys (ConfUtils.java:logGet(43)) - raft.server.log.appender.install.snapshot.enabled = false (custom)
2019-10-10 13:23:18,362 [pool-139-thread-1] INFO  impl.RaftServerImpl (ServerState.java:<init>(103)) - 0a35b46b-2cae-405a-8e00-ec21236555b8@group-3212ED39A6FC: ConfigurationManager, init=-1: [0a35b46b-2cae-405a-8e00-ec21236555b8:192.168.164.230:34806], old=null, confs=<EMPTY_MAP>
2019-10-10 13:23:18,362 [pool-139-thread-1] INFO  server.RaftServerConfigKeys (ConfUtils.java:logGet(43)) - raft.server.storage.dir = [/workdir/hadoop-ozone/integration-test/target/test-dir/MiniOzoneClusterImpl-9f2070aa-53b9-4d3a-8363-33cb6bbf0ea6/datanode-2/data/ratis] (custom)
2019-10-10 13:23:18,362 [pool-139-thread-1] INFO  server.RaftServerConfigKeys (ConfUtils.java:logGet(43)) - raft.server.log.corruption.policy = EXCEPTION (default)
2019-10-10 13:23:18,362 [pool-139-thread-1] INFO  storage.RaftStorageDirectory (RaftStorageDirectory.java:analyzeStorage(246)) - The storage directory /workdir/hadoop-ozone/integration-test/target/test-dir/MiniOzoneClusterImpl-9f2070aa-53b9-4d3a-8363-33cb6bbf0ea6/datanode-2/data/ratis/6013681d-497a-4501-ba64-3212ed39a6fc does not exist. Creating ...
2019-10-10 13:23:18,375 [pool-139-thread-1] INFO  storage.RaftStorageDirectory (RaftStorageDirectory.java:tryLock(328)) - Lock on /workdir/hadoop-ozone/integration-test/target/test-dir/MiniOzoneClusterImpl-9f2070aa-53b9-4d3a-8363-33cb6bbf0ea6/datanode-2/data/ratis/6013681d-497a-4501-ba64-3212ed39a6fc/in_use.lock acquired by nodename 11650@pr-hdds-2280-tn9v7-3755420433
2019-10-10 13:23:18,387 [pool-139-thread-1] INFO  storage.RaftStorage (RaftStorage.java:format(84)) - Storage directory /workdir/hadoop-ozone/integration-test/target/test-dir/MiniOzoneClusterImpl-9f2070aa-53b9-4d3a-8363-33cb6bbf0ea6/datanode-2/data/ratis/6013681d-497a-4501-ba64-3212ed39a6fc has been successfully formatted.
2019-10-10 13:23:18,387 [pool-139-thread-1] INFO  ratis.ContainerStateMachine (ContainerStateMachine.java:loadSnapshot(231)) - group-3212ED39A6FC: The snapshot info is null. Setting the last applied indexto:(t:0, i:~)
2019-10-10 13:23:18,387 [pool-139-thread-1] INFO  server.RaftServerConfigKeys (ConfUtils.java:logGet(43)) - raft.server.notification.no-leader.timeout = 120s (custom)
2019-10-10 13:23:18,387 [pool-139-thread-1] INFO  server.RaftServerConfigKeys (ConfUtils.java:logGet(43)) - raft.server.log.use.memory = false (default)
2019-10-10 13:23:18,387 [pool-139-thread-1] INFO  server.RaftServerConfigKeys (ConfUtils.java:logGet(43)) - raft.server.log.purge.gap = 1000000 (custom)
2019-10-10 13:23:18,387 [pool-139-thread-1] INFO  server.RaftServerConfigKeys (ConfUtils.java:logGet(43)) - raft.server.log.appender.buffer.byte-limit = 33554432 (custom)
2019-10-10 13:23:18,387 [pool-139-thread-1] INFO  server.RaftServerConfigKeys (ConfUtils.java:logGet(43)) - raft.server.log.segment.size.max = 1048576 (custom)
2019-10-10 13:23:18,389 [pool-139-thread-1] INFO  server.RaftServerConfigKeys (ConfUtils.java:logGet(43)) - raft.server.log.segment.cache.num.max = 2 (custom)
2019-10-10 13:23:18,389 [pool-139-thread-1] INFO  segmented.SegmentedRaftLogWorker (SegmentedRaftLogWorker.java:<init>(173)) - new 0a35b46b-2cae-405a-8e00-ec21236555b8@group-3212ED39A6FC-SegmentedRaftLogWorker for RaftStorage:Storage Directory /workdir/hadoop-ozone/integration-test/target/test-dir/MiniOzoneClusterImpl-9f2070aa-53b9-4d3a-8363-33cb6bbf0ea6/datanode-2/data/ratis/6013681d-497a-4501-ba64-3212ed39a6fc
2019-10-10 13:23:18,389 [pool-139-thread-1] INFO  server.RaftServerConfigKeys (ConfUtils.java:logGet(43)) - raft.server.log.queue.byte-limit = 2147483647 (custom)
2019-10-10 13:23:18,389 [pool-139-thread-1] INFO  server.RaftServerConfigKeys (ConfUtils.java:logGet(43)) - raft.server.log.queue.element-limit = 1024 (custom)
2019-10-10 13:23:18,389 [pool-139-thread-1] INFO  server.RaftServerConfigKeys (ConfUtils.java:logGet(43)) - raft.server.log.segment.size.max = 1048576 (custom)
2019-10-10 13:23:18,389 [pool-139-thread-1] INFO  server.RaftServerConfigKeys (ConfUtils.java:logGet(43)) - raft.server.log.preallocated.size = 16384 (custom)
2019-10-10 13:23:18,390 [pool-139-thread-1] INFO  server.RaftServerConfigKeys (ConfUtils.java:logGet(43)) - raft.server.log.write.buffer.size = 33554432 (custom)
2019-10-10 13:23:18,390 [pool-139-thread-1] INFO  server.RaftServerConfigKeys (ConfUtils.java:logGet(43)) - raft.server.log.force.sync.num = 128 (default)
2019-10-10 13:23:18,390 [pool-139-thread-1] INFO  server.RaftServerConfigKeys (ConfUtils.java:logGet(43)) - raft.server.log.statemachine.data.sync = true (default)
2019-10-10 13:23:18,390 [pool-139-thread-1] INFO  server.RaftServerConfigKeys (ConfUtils.java:logGet(43)) - raft.server.log.statemachine.data.sync.timeout = 10s (default)
2019-10-10 13:23:18,390 [pool-139-thread-1] INFO  server.RaftServerConfigKeys (ConfUtils.java:logGet(43)) - raft.server.log.statemachine.data.sync.timeout.retry = -1 (default)
2019-10-10 13:23:18,390 [pool-139-thread-1] INFO  server.RaftServerConfigKeys (ConfUtils.java:logGet(43)) - raft.server.log.statemachine.data.caching.enabled = true (custom)
2019-10-10 13:23:18,391 [pool-139-thread-1] INFO  segmented.SegmentedRaftLogWorker (SegmentedRaftLogWorker.java:lambda$new$0(128)) - 0a35b46b-2cae-405a-8e00-ec21236555b8@group-3212ED39A6FC-SegmentedRaftLogWorker: flushIndex: setUnconditionally 0 -> -1
2019-10-10 13:23:18,391 [pool-139-thread-1] INFO  server.RaftServerConfigKeys (ConfUtils.java:logGet(43)) - raft.server.snapshot.auto.trigger.enabled = true (custom)
2019-10-10 13:23:18,391 [pool-139-thread-1] INFO  server.RaftServerConfigKeys (ConfUtils.java:logGet(43)) - raft.server.snapshot.auto.trigger.threshold = 10000 (custom)
2019-10-10 13:23:18,391 [pool-139-thread-1] INFO  server.RaftServerConfigKeys (ConfUtils.java:logGet(43)) - raft.server.snapshot.retention.file.num = 5 (custom)
2019-10-10 13:23:18,391 [pool-139-thread-1] INFO  server.RaftServerConfigKeys (ConfUtils.java:logGet(43)) - raft.server.retrycache.expirytime = 600000ms (custom)
2019-10-10 13:23:18,393 [pool-139-thread-1] INFO  impl.RaftServerImpl (RaftServerImpl.java:start(181)) - 0a35b46b-2cae-405a-8e00-ec21236555b8@group-3212ED39A6FC: start as a follower, conf=-1: [0a35b46b-2cae-405a-8e00-ec21236555b8:192.168.164.230:34806], old=null
2019-10-10 13:23:18,393 [pool-139-thread-1] INFO  impl.RaftServerImpl (RaftServerImpl.java:setRole(170)) - 0a35b46b-2cae-405a-8e00-ec21236555b8@group-3212ED39A6FC: changes role from      null to FOLLOWER at term 0 for startAsFollower
2019-10-10 13:23:18,393 [pool-139-thread-1] INFO  impl.RoleInfo (RoleInfo.java:updateAndGet(143)) - 0a35b46b-2cae-405a-8e00-ec21236555b8: start FollowerState
2019-10-10 13:23:18,401 [pool-139-thread-1] INFO  util.JmxRegister (JmxRegister.java:tryRegister(44)) - Successfully registered JMX Bean with object name Ratis:service=RaftServer,group=group-3212ED39A6FC,id=0a35b46b-2cae-405a-8e00-ec21236555b8
2019-10-10 13:23:18,412 [RatisPipelineUtilsThread] INFO  pipeline.PipelineStateManager (PipelineStateManager.java:addPipeline(56)) - Created pipeline Pipeline[ Id: 6013681d-497a-4501-ba64-3212ed39a6fc, Nodes: 0a35b46b-2cae-405a-8e00-ec21236555b8{ip: 192.168.164.230, host: pr-hdds-2280-tn9v7-3755420433, networkLocation: /default-rack, certSerialId: null}, Type:RATIS, Factor:ONE, State:OPEN]
2019-10-10 13:23:18,419 [grpc-default-executor-2] INFO  impl.RaftServerProxy (RaftServerProxy.java:addNew(89)) - 2353c1f1-726d-4738-890f-24cb4edef3db: addNew group-E6D18DE9A7B0:[2353c1f1-726d-4738-890f-24cb4edef3db:192.168.164.230:38052] returns group-E6D18DE9A7B0:java.util.concurrent.CompletableFuture@649c31dc[Not completed]
2019-10-10 13:23:18,423 [pool-179-thread-1] INFO  impl.RaftServerImpl (RaftServerImpl.java:<init>(95)) - 2353c1f1-726d-4738-890f-24cb4edef3db: new RaftServerImpl for group-E6D18DE9A7B0:[2353c1f1-726d-4738-890f-24cb4edef3db:192.168.164.230:38052] with ContainerStateMachine:uninitialized
2019-10-10 13:23:18,424 [pool-179-thread-1] INFO  server.RaftServerConfigKeys (ConfUtils.java:logGet(43)) - raft.server.rpc.timeout.min = 5s (custom)
2019-10-10 13:23:18,424 [pool-179-thread-1] INFO  server.RaftServerConfigKeys (ConfUtils.java:logGet(43)) - raft.server.rpc.timeout.max = 5200ms (custom)
2019-10-10 13:23:18,424 [pool-179-thread-1] INFO  server.RaftServerConfigKeys (ConfUtils.java:logGet(43)) - raft.server.rpcslowness.timeout = 120s (custom)
2019-10-10 13:23:18,424 [pool-179-thread-1] INFO  server.RaftServerConfigKeys (ConfUtils.java:logGet(43)) - raft.server.sleep.deviation.threshold = 300 (default)
2019-10-10 13:23:18,424 [pool-179-thread-1] INFO  server.RaftServerConfigKeys (ConfUtils.java:logGet(43)) - raft.server.log.appender.install.snapshot.enabled = false (custom)
2019-10-10 13:23:18,424 [pool-179-thread-1] INFO  impl.RaftServerImpl (ServerState.java:<init>(103)) - 2353c1f1-726d-4738-890f-24cb4edef3db@group-E6D18DE9A7B0: ConfigurationManager, init=-1: [2353c1f1-726d-4738-890f-24cb4edef3db:192.168.164.230:38052], old=null, confs=<EMPTY_MAP>
2019-10-10 13:23:18,424 [pool-179-thread-1] INFO  server.RaftServerConfigKeys (ConfUtils.java:logGet(43)) - raft.server.storage.dir = [/workdir/hadoop-ozone/integration-test/target/test-dir/MiniOzoneClusterImpl-9f2070aa-53b9-4d3a-8363-33cb6bbf0ea6/datanode-6/data/ratis] (custom)
2019-10-10 13:23:18,425 [pool-179-thread-1] INFO  server.RaftServerConfigKeys (ConfUtils.java:logGet(43)) - raft.server.log.corruption.policy = EXCEPTION (default)
2019-10-10 13:23:18,425 [pool-179-thread-1] INFO  storage.RaftStorageDirectory (RaftStorageDirectory.java:analyzeStorage(246)) - The storage directory /workdir/hadoop-ozone/integration-test/target/test-dir/MiniOzoneClusterImpl-9f2070aa-53b9-4d3a-8363-33cb6bbf0ea6/datanode-6/data/ratis/8c98bf9a-4497-44cf-9019-e6d18de9a7b0 does not exist. Creating ...
2019-10-10 13:23:18,437 [pool-179-thread-1] INFO  storage.RaftStorageDirectory (RaftStorageDirectory.java:tryLock(328)) - Lock on /workdir/hadoop-ozone/integration-test/target/test-dir/MiniOzoneClusterImpl-9f2070aa-53b9-4d3a-8363-33cb6bbf0ea6/datanode-6/data/ratis/8c98bf9a-4497-44cf-9019-e6d18de9a7b0/in_use.lock acquired by nodename 11650@pr-hdds-2280-tn9v7-3755420433
2019-10-10 13:23:18,463 [pool-179-thread-1] INFO  storage.RaftStorage (RaftStorage.java:format(84)) - Storage directory /workdir/hadoop-ozone/integration-test/target/test-dir/MiniOzoneClusterImpl-9f2070aa-53b9-4d3a-8363-33cb6bbf0ea6/datanode-6/data/ratis/8c98bf9a-4497-44cf-9019-e6d18de9a7b0 has been successfully formatted.
2019-10-10 13:23:18,464 [pool-179-thread-1] INFO  ratis.ContainerStateMachine (ContainerStateMachine.java:loadSnapshot(231)) - group-E6D18DE9A7B0: The snapshot info is null. Setting the last applied indexto:(t:0, i:~)
2019-10-10 13:23:18,464 [pool-179-thread-1] INFO  server.RaftServerConfigKeys (ConfUtils.java:logGet(43)) - raft.server.notification.no-leader.timeout = 120s (custom)
2019-10-10 13:23:18,464 [pool-179-thread-1] INFO  server.RaftServerConfigKeys (ConfUtils.java:logGet(43)) - raft.server.log.use.memory = false (default)
2019-10-10 13:23:18,464 [pool-179-thread-1] INFO  server.RaftServerConfigKeys (ConfUtils.java:logGet(43)) - raft.server.log.purge.gap = 1000000 (custom)
2019-10-10 13:23:18,464 [pool-179-thread-1] INFO  server.RaftServerConfigKeys (ConfUtils.java:logGet(43)) - raft.server.log.appender.buffer.byte-limit = 33554432 (custom)
2019-10-10 13:23:18,464 [pool-179-thread-1] INFO  server.RaftServerConfigKeys (ConfUtils.java:logGet(43)) - raft.server.log.segment.size.max = 1048576 (custom)
2019-10-10 13:23:18,466 [pool-179-thread-1] INFO  server.RaftServerConfigKeys (ConfUtils.java:logGet(43)) - raft.server.log.segment.cache.num.max = 2 (custom)
2019-10-10 13:23:18,466 [pool-179-thread-1] INFO  segmented.SegmentedRaftLogWorker (SegmentedRaftLogWorker.java:<init>(173)) - new 2353c1f1-726d-4738-890f-24cb4edef3db@group-E6D18DE9A7B0-SegmentedRaftLogWorker for RaftStorage:Storage Directory /workdir/hadoop-ozone/integration-test/target/test-dir/MiniOzoneClusterImpl-9f2070aa-53b9-4d3a-8363-33cb6bbf0ea6/datanode-6/data/ratis/8c98bf9a-4497-44cf-9019-e6d18de9a7b0
2019-10-10 13:23:18,466 [pool-179-thread-1] INFO  server.RaftServerConfigKeys (ConfUtils.java:logGet(43)) - raft.server.log.queue.byte-limit = 2147483647 (custom)
2019-10-10 13:23:18,466 [pool-179-thread-1] INFO  server.RaftServerConfigKeys (ConfUtils.java:logGet(43)) - raft.server.log.queue.element-limit = 1024 (custom)
2019-10-10 13:23:18,466 [pool-179-thread-1] INFO  server.RaftServerConfigKeys (ConfUtils.java:logGet(43)) - raft.server.log.segment.size.max = 1048576 (custom)
2019-10-10 13:23:18,466 [pool-179-thread-1] INFO  server.RaftServerConfigKeys (ConfUtils.java:logGet(43)) - raft.server.log.preallocated.size = 16384 (custom)
2019-10-10 13:23:18,466 [pool-179-thread-1] INFO  server.RaftServerConfigKeys (ConfUtils.java:logGet(43)) - raft.server.log.write.buffer.size = 33554432 (custom)
2019-10-10 13:23:18,467 [pool-179-thread-1] INFO  server.RaftServerConfigKeys (ConfUtils.java:logGet(43)) - raft.server.log.force.sync.num = 128 (default)
2019-10-10 13:23:18,467 [pool-179-thread-1] INFO  server.RaftServerConfigKeys (ConfUtils.java:logGet(43)) - raft.server.log.statemachine.data.sync = true (default)
2019-10-10 13:23:18,467 [pool-179-thread-1] INFO  server.RaftServerConfigKeys (ConfUtils.java:logGet(43)) - raft.server.log.statemachine.data.sync.timeout = 10s (default)
2019-10-10 13:23:18,467 [pool-179-thread-1] INFO  server.RaftServerConfigKeys (ConfUtils.java:logGet(43)) - raft.server.log.statemachine.data.sync.timeout.retry = -1 (default)
2019-10-10 13:23:18,467 [pool-179-thread-1] INFO  server.RaftServerConfigKeys (ConfUtils.java:logGet(43)) - raft.server.log.statemachine.data.caching.enabled = true (custom)
2019-10-10 13:23:18,468 [pool-179-thread-1] INFO  segmented.SegmentedRaftLogWorker (SegmentedRaftLogWorker.java:lambda$new$0(128)) - 2353c1f1-726d-4738-890f-24cb4edef3db@group-E6D18DE9A7B0-SegmentedRaftLogWorker: flushIndex: setUnconditionally 0 -> -1
2019-10-10 13:23:18,468 [pool-179-thread-1] INFO  server.RaftServerConfigKeys (ConfUtils.java:logGet(43)) - raft.server.snapshot.auto.trigger.enabled = true (custom)
2019-10-10 13:23:18,468 [pool-179-thread-1] INFO  server.RaftServerConfigKeys (ConfUtils.java:logGet(43)) - raft.server.snapshot.auto.trigger.threshold = 10000 (custom)
2019-10-10 13:23:18,468 [pool-179-thread-1] INFO  server.RaftServerConfigKeys (ConfUtils.java:logGet(43)) - raft.server.snapshot.retention.file.num = 5 (custom)
2019-10-10 13:23:18,468 [pool-179-thread-1] INFO  server.RaftServerConfigKeys (ConfUtils.java:logGet(43)) - raft.server.retrycache.expirytime = 600000ms (custom)
2019-10-10 13:23:18,470 [pool-179-thread-1] INFO  impl.RaftServerImpl (RaftServerImpl.java:start(181)) - 2353c1f1-726d-4738-890f-24cb4edef3db@group-E6D18DE9A7B0: start as a follower, conf=-1: [2353c1f1-726d-4738-890f-24cb4edef3db:192.168.164.230:38052], old=null
2019-10-10 13:23:18,470 [pool-179-thread-1] INFO  impl.RaftServerImpl (RaftServerImpl.java:setRole(170)) - 2353c1f1-726d-4738-890f-24cb4edef3db@group-E6D18DE9A7B0: changes role from      null to FOLLOWER at term 0 for startAsFollower
2019-10-10 13:23:18,470 [pool-179-thread-1] INFO  impl.RoleInfo (RoleInfo.java:updateAndGet(143)) - 2353c1f1-726d-4738-890f-24cb4edef3db: start FollowerState
2019-10-10 13:23:18,470 [pool-179-thread-1] INFO  util.JmxRegister (JmxRegister.java:tryRegister(44)) - Successfully registered JMX Bean with object name Ratis:service=RaftServer,group=group-E6D18DE9A7B0,id=2353c1f1-726d-4738-890f-24cb4edef3db
2019-10-10 13:23:18,474 [RatisPipelineUtilsThread] INFO  pipeline.PipelineStateManager (PipelineStateManager.java:addPipeline(56)) - Created pipeline Pipeline[ Id: 8c98bf9a-4497-44cf-9019-e6d18de9a7b0, Nodes: 2353c1f1-726d-4738-890f-24cb4edef3db{ip: 192.168.164.230, host: pr-hdds-2280-tn9v7-3755420433, networkLocation: /default-rack, certSerialId: null}, Type:RATIS, Factor:ONE, State:OPEN]
2019-10-10 13:23:18,482 [grpc-default-executor-2] INFO  impl.RaftServerProxy (RaftServerProxy.java:addNew(89)) - 1ccbf5a0-3179-4f97-9461-e435a3f85abe: addNew group-1F61892216E8:[1ccbf5a0-3179-4f97-9461-e435a3f85abe:192.168.164.230:40090] returns group-1F61892216E8:java.util.concurrent.CompletableFuture@7286859d[Not completed]
2019-10-10 13:23:18,486 [pool-169-thread-1] INFO  impl.RaftServerImpl (RaftServerImpl.java:<init>(95)) - 1ccbf5a0-3179-4f97-9461-e435a3f85abe: new RaftServerImpl for group-1F61892216E8:[1ccbf5a0-3179-4f97-9461-e435a3f85abe:192.168.164.230:40090] with ContainerStateMachine:uninitialized
2019-10-10 13:23:18,486 [pool-169-thread-1] INFO  server.RaftServerConfigKeys (ConfUtils.java:logGet(43)) - raft.server.rpc.timeout.min = 5s (custom)
2019-10-10 13:23:18,486 [pool-169-thread-1] INFO  server.RaftServerConfigKeys (ConfUtils.java:logGet(43)) - raft.server.rpc.timeout.max = 5200ms (custom)
2019-10-10 13:23:18,486 [pool-169-thread-1] INFO  server.RaftServerConfigKeys (ConfUtils.java:logGet(43)) - raft.server.rpcslowness.timeout = 120s (custom)
2019-10-10 13:23:18,487 [pool-169-thread-1] INFO  server.RaftServerConfigKeys (ConfUtils.java:logGet(43)) - raft.server.sleep.deviation.threshold = 300 (default)
2019-10-10 13:23:18,487 [pool-169-thread-1] INFO  server.RaftServerConfigKeys (ConfUtils.java:logGet(43)) - raft.server.log.appender.install.snapshot.enabled = false (custom)
2019-10-10 13:23:18,487 [pool-169-thread-1] INFO  impl.RaftServerImpl (ServerState.java:<init>(103)) - 1ccbf5a0-3179-4f97-9461-e435a3f85abe@group-1F61892216E8: ConfigurationManager, init=-1: [1ccbf5a0-3179-4f97-9461-e435a3f85abe:192.168.164.230:40090], old=null, confs=<EMPTY_MAP>
2019-10-10 13:23:18,487 [pool-169-thread-1] INFO  server.RaftServerConfigKeys (ConfUtils.java:logGet(43)) - raft.server.storage.dir = [/workdir/hadoop-ozone/integration-test/target/test-dir/MiniOzoneClusterImpl-9f2070aa-53b9-4d3a-8363-33cb6bbf0ea6/datanode-5/data/ratis] (custom)
2019-10-10 13:23:18,487 [pool-169-thread-1] INFO  server.RaftServerConfigKeys (ConfUtils.java:logGet(43)) - raft.server.log.corruption.policy = EXCEPTION (default)
2019-10-10 13:23:18,487 [pool-169-thread-1] INFO  storage.RaftStorageDirectory (RaftStorageDirectory.java:analyzeStorage(246)) - The storage directory /workdir/hadoop-ozone/integration-test/target/test-dir/MiniOzoneClusterImpl-9f2070aa-53b9-4d3a-8363-33cb6bbf0ea6/datanode-5/data/ratis/24b49052-04a3-4390-9f03-1f61892216e8 does not exist. Creating ...
2019-10-10 13:23:18,511 [pool-169-thread-1] INFO  storage.RaftStorageDirectory (RaftStorageDirectory.java:tryLock(328)) - Lock on /workdir/hadoop-ozone/integration-test/target/test-dir/MiniOzoneClusterImpl-9f2070aa-53b9-4d3a-8363-33cb6bbf0ea6/datanode-5/data/ratis/24b49052-04a3-4390-9f03-1f61892216e8/in_use.lock acquired by nodename 11650@pr-hdds-2280-tn9v7-3755420433
2019-10-10 13:23:18,534 [pool-169-thread-1] INFO  storage.RaftStorage (RaftStorage.java:format(84)) - Storage directory /workdir/hadoop-ozone/integration-test/target/test-dir/MiniOzoneClusterImpl-9f2070aa-53b9-4d3a-8363-33cb6bbf0ea6/datanode-5/data/ratis/24b49052-04a3-4390-9f03-1f61892216e8 has been successfully formatted.
2019-10-10 13:23:18,534 [pool-169-thread-1] INFO  ratis.ContainerStateMachine (ContainerStateMachine.java:loadSnapshot(231)) - group-1F61892216E8: The snapshot info is null. Setting the last applied indexto:(t:0, i:~)
2019-10-10 13:23:18,535 [pool-169-thread-1] INFO  server.RaftServerConfigKeys (ConfUtils.java:logGet(43)) - raft.server.notification.no-leader.timeout = 120s (custom)
2019-10-10 13:23:18,535 [pool-169-thread-1] INFO  server.RaftServerConfigKeys (ConfUtils.java:logGet(43)) - raft.server.log.use.memory = false (default)
2019-10-10 13:23:18,535 [pool-169-thread-1] INFO  server.RaftServerConfigKeys (ConfUtils.java:logGet(43)) - raft.server.log.purge.gap = 1000000 (custom)
2019-10-10 13:23:18,535 [pool-169-thread-1] INFO  server.RaftServerConfigKeys (ConfUtils.java:logGet(43)) - raft.server.log.appender.buffer.byte-limit = 33554432 (custom)
2019-10-10 13:23:18,535 [pool-169-thread-1] INFO  server.RaftServerConfigKeys (ConfUtils.java:logGet(43)) - raft.server.log.segment.size.max = 1048576 (custom)
2019-10-10 13:23:18,537 [pool-169-thread-1] INFO  server.RaftServerConfigKeys (ConfUtils.java:logGet(43)) - raft.server.log.segment.cache.num.max = 2 (custom)
2019-10-10 13:23:18,537 [pool-169-thread-1] INFO  segmented.SegmentedRaftLogWorker (SegmentedRaftLogWorker.java:<init>(173)) - new 1ccbf5a0-3179-4f97-9461-e435a3f85abe@group-1F61892216E8-SegmentedRaftLogWorker for RaftStorage:Storage Directory /workdir/hadoop-ozone/integration-test/target/test-dir/MiniOzoneClusterImpl-9f2070aa-53b9-4d3a-8363-33cb6bbf0ea6/datanode-5/data/ratis/24b49052-04a3-4390-9f03-1f61892216e8
2019-10-10 13:23:18,537 [pool-169-thread-1] INFO  server.RaftServerConfigKeys (ConfUtils.java:logGet(43)) - raft.server.log.queue.byte-limit = 2147483647 (custom)
2019-10-10 13:23:18,537 [pool-169-thread-1] INFO  server.RaftServerConfigKeys (ConfUtils.java:logGet(43)) - raft.server.log.queue.element-limit = 1024 (custom)
2019-10-10 13:23:18,537 [pool-169-thread-1] INFO  server.RaftServerConfigKeys (ConfUtils.java:logGet(43)) - raft.server.log.segment.size.max = 1048576 (custom)
2019-10-10 13:23:18,538 [pool-169-thread-1] INFO  server.RaftServerConfigKeys (ConfUtils.java:logGet(43)) - raft.server.log.preallocated.size = 16384 (custom)
2019-10-10 13:23:18,538 [pool-169-thread-1] INFO  server.RaftServerConfigKeys (ConfUtils.java:logGet(43)) - raft.server.log.write.buffer.size = 33554432 (custom)
2019-10-10 13:23:18,538 [pool-169-thread-1] INFO  server.RaftServerConfigKeys (ConfUtils.java:logGet(43)) - raft.server.log.force.sync.num = 128 (default)
2019-10-10 13:23:18,538 [pool-169-thread-1] INFO  server.RaftServerConfigKeys (ConfUtils.java:logGet(43)) - raft.server.log.statemachine.data.sync = true (default)
2019-10-10 13:23:18,538 [pool-169-thread-1] INFO  server.RaftServerConfigKeys (ConfUtils.java:logGet(43)) - raft.server.log.statemachine.data.sync.timeout = 10s (default)
2019-10-10 13:23:18,538 [pool-169-thread-1] INFO  server.RaftServerConfigKeys (ConfUtils.java:logGet(43)) - raft.server.log.statemachine.data.sync.timeout.retry = -1 (default)
2019-10-10 13:23:18,538 [pool-169-thread-1] INFO  server.RaftServerConfigKeys (ConfUtils.java:logGet(43)) - raft.server.log.statemachine.data.caching.enabled = true (custom)
2019-10-10 13:23:18,539 [pool-169-thread-1] INFO  segmented.SegmentedRaftLogWorker (SegmentedRaftLogWorker.java:lambda$new$0(128)) - 1ccbf5a0-3179-4f97-9461-e435a3f85abe@group-1F61892216E8-SegmentedRaftLogWorker: flushIndex: setUnconditionally 0 -> -1
2019-10-10 13:23:18,539 [pool-169-thread-1] INFO  server.RaftServerConfigKeys (ConfUtils.java:logGet(43)) - raft.server.snapshot.auto.trigger.enabled = true (custom)
2019-10-10 13:23:18,539 [pool-169-thread-1] INFO  server.RaftServerConfigKeys (ConfUtils.java:logGet(43)) - raft.server.snapshot.auto.trigger.threshold = 10000 (custom)
2019-10-10 13:23:18,539 [pool-169-thread-1] INFO  server.RaftServerConfigKeys (ConfUtils.java:logGet(43)) - raft.server.snapshot.retention.file.num = 5 (custom)
2019-10-10 13:23:18,539 [pool-169-thread-1] INFO  server.RaftServerConfigKeys (ConfUtils.java:logGet(43)) - raft.server.retrycache.expirytime = 600000ms (custom)
2019-10-10 13:23:18,541 [pool-169-thread-1] INFO  impl.RaftServerImpl (RaftServerImpl.java:start(181)) - 1ccbf5a0-3179-4f97-9461-e435a3f85abe@group-1F61892216E8: start as a follower, conf=-1: [1ccbf5a0-3179-4f97-9461-e435a3f85abe:192.168.164.230:40090], old=null
2019-10-10 13:23:18,541 [pool-169-thread-1] INFO  impl.RaftServerImpl (RaftServerImpl.java:setRole(170)) - 1ccbf5a0-3179-4f97-9461-e435a3f85abe@group-1F61892216E8: changes role from      null to FOLLOWER at term 0 for startAsFollower
2019-10-10 13:23:18,541 [pool-169-thread-1] INFO  impl.RoleInfo (RoleInfo.java:updateAndGet(143)) - 1ccbf5a0-3179-4f97-9461-e435a3f85abe: start FollowerState
2019-10-10 13:23:18,541 [pool-169-thread-1] INFO  util.JmxRegister (JmxRegister.java:tryRegister(44)) - Successfully registered JMX Bean with object name Ratis:service=RaftServer,group=group-1F61892216E8,id=1ccbf5a0-3179-4f97-9461-e435a3f85abe
2019-10-10 13:23:18,546 [RatisPipelineUtilsThread] INFO  pipeline.PipelineStateManager (PipelineStateManager.java:addPipeline(56)) - Created pipeline Pipeline[ Id: 24b49052-04a3-4390-9f03-1f61892216e8, Nodes: 1ccbf5a0-3179-4f97-9461-e435a3f85abe{ip: 192.168.164.230, host: pr-hdds-2280-tn9v7-3755420433, networkLocation: /default-rack, certSerialId: null}, Type:RATIS, Factor:ONE, State:OPEN]
2019-10-10 13:23:18,554 [grpc-default-executor-2] INFO  impl.RaftServerProxy (RaftServerProxy.java:addNew(89)) - cb3659b2-5ca3-4b25-8b5d-9788a7da6980: addNew group-5CBC92B58569:[cb3659b2-5ca3-4b25-8b5d-9788a7da6980:192.168.164.230:40633] returns group-5CBC92B58569:java.util.concurrent.CompletableFuture@514e3a37[Not completed]
2019-10-10 13:23:18,556 [pool-129-thread-1] INFO  impl.RaftServerImpl (RaftServerImpl.java:<init>(95)) - cb3659b2-5ca3-4b25-8b5d-9788a7da6980: new RaftServerImpl for group-5CBC92B58569:[cb3659b2-5ca3-4b25-8b5d-9788a7da6980:192.168.164.230:40633] with ContainerStateMachine:uninitialized
2019-10-10 13:23:18,556 [pool-129-thread-1] INFO  server.RaftServerConfigKeys (ConfUtils.java:logGet(43)) - raft.server.rpc.timeout.min = 5s (custom)
2019-10-10 13:23:18,556 [pool-129-thread-1] INFO  server.RaftServerConfigKeys (ConfUtils.java:logGet(43)) - raft.server.rpc.timeout.max = 5200ms (custom)
2019-10-10 13:23:18,556 [pool-129-thread-1] INFO  server.RaftServerConfigKeys (ConfUtils.java:logGet(43)) - raft.server.rpcslowness.timeout = 120s (custom)
2019-10-10 13:23:18,557 [pool-129-thread-1] INFO  server.RaftServerConfigKeys (ConfUtils.java:logGet(43)) - raft.server.sleep.deviation.threshold = 300 (default)
2019-10-10 13:23:18,557 [pool-129-thread-1] INFO  server.RaftServerConfigKeys (ConfUtils.java:logGet(43)) - raft.server.log.appender.install.snapshot.enabled = false (custom)
2019-10-10 13:23:18,557 [pool-129-thread-1] INFO  impl.RaftServerImpl (ServerState.java:<init>(103)) - cb3659b2-5ca3-4b25-8b5d-9788a7da6980@group-5CBC92B58569: ConfigurationManager, init=-1: [cb3659b2-5ca3-4b25-8b5d-9788a7da6980:192.168.164.230:40633], old=null, confs=<EMPTY_MAP>
2019-10-10 13:23:18,557 [pool-129-thread-1] INFO  server.RaftServerConfigKeys (ConfUtils.java:logGet(43)) - raft.server.storage.dir = [/workdir/hadoop-ozone/integration-test/target/test-dir/MiniOzoneClusterImpl-9f2070aa-53b9-4d3a-8363-33cb6bbf0ea6/datanode-1/data/ratis] (custom)
2019-10-10 13:23:18,557 [pool-129-thread-1] INFO  server.RaftServerConfigKeys (ConfUtils.java:logGet(43)) - raft.server.log.corruption.policy = EXCEPTION (default)
2019-10-10 13:23:18,558 [pool-129-thread-1] INFO  storage.RaftStorageDirectory (RaftStorageDirectory.java:analyzeStorage(246)) - The storage directory /workdir/hadoop-ozone/integration-test/target/test-dir/MiniOzoneClusterImpl-9f2070aa-53b9-4d3a-8363-33cb6bbf0ea6/datanode-1/data/ratis/e6078907-a9da-4720-bb38-5cbc92b58569 does not exist. Creating ...
2019-10-10 13:23:18,572 [pool-129-thread-1] INFO  storage.RaftStorageDirectory (RaftStorageDirectory.java:tryLock(328)) - Lock on /workdir/hadoop-ozone/integration-test/target/test-dir/MiniOzoneClusterImpl-9f2070aa-53b9-4d3a-8363-33cb6bbf0ea6/datanode-1/data/ratis/e6078907-a9da-4720-bb38-5cbc92b58569/in_use.lock acquired by nodename 11650@pr-hdds-2280-tn9v7-3755420433
2019-10-10 13:23:18,585 [pool-129-thread-1] INFO  storage.RaftStorage (RaftStorage.java:format(84)) - Storage directory /workdir/hadoop-ozone/integration-test/target/test-dir/MiniOzoneClusterImpl-9f2070aa-53b9-4d3a-8363-33cb6bbf0ea6/datanode-1/data/ratis/e6078907-a9da-4720-bb38-5cbc92b58569 has been successfully formatted.
2019-10-10 13:23:18,586 [pool-129-thread-1] INFO  ratis.ContainerStateMachine (ContainerStateMachine.java:loadSnapshot(231)) - group-5CBC92B58569: The snapshot info is null. Setting the last applied indexto:(t:0, i:~)
2019-10-10 13:23:18,586 [pool-129-thread-1] INFO  server.RaftServerConfigKeys (ConfUtils.java:logGet(43)) - raft.server.notification.no-leader.timeout = 120s (custom)
2019-10-10 13:23:18,586 [pool-129-thread-1] INFO  server.RaftServerConfigKeys (ConfUtils.java:logGet(43)) - raft.server.log.use.memory = false (default)
2019-10-10 13:23:18,586 [pool-129-thread-1] INFO  server.RaftServerConfigKeys (ConfUtils.java:logGet(43)) - raft.server.log.purge.gap = 1000000 (custom)
2019-10-10 13:23:18,586 [pool-129-thread-1] INFO  server.RaftServerConfigKeys (ConfUtils.java:logGet(43)) - raft.server.log.appender.buffer.byte-limit = 33554432 (custom)
2019-10-10 13:23:18,586 [pool-129-thread-1] INFO  server.RaftServerConfigKeys (ConfUtils.java:logGet(43)) - raft.server.log.segment.size.max = 1048576 (custom)
2019-10-10 13:23:18,589 [pool-129-thread-1] INFO  server.RaftServerConfigKeys (ConfUtils.java:logGet(43)) - raft.server.log.segment.cache.num.max = 2 (custom)
2019-10-10 13:23:18,589 [pool-129-thread-1] INFO  segmented.SegmentedRaftLogWorker (SegmentedRaftLogWorker.java:<init>(173)) - new cb3659b2-5ca3-4b25-8b5d-9788a7da6980@group-5CBC92B58569-SegmentedRaftLogWorker for RaftStorage:Storage Directory /workdir/hadoop-ozone/integration-test/target/test-dir/MiniOzoneClusterImpl-9f2070aa-53b9-4d3a-8363-33cb6bbf0ea6/datanode-1/data/ratis/e6078907-a9da-4720-bb38-5cbc92b58569
2019-10-10 13:23:18,589 [pool-129-thread-1] INFO  server.RaftServerConfigKeys (ConfUtils.java:logGet(43)) - raft.server.log.queue.byte-limit = 2147483647 (custom)
2019-10-10 13:23:18,589 [pool-129-thread-1] INFO  server.RaftServerConfigKeys (ConfUtils.java:logGet(43)) - raft.server.log.queue.element-limit = 1024 (custom)
2019-10-10 13:23:18,589 [pool-129-thread-1] INFO  server.RaftServerConfigKeys (ConfUtils.java:logGet(43)) - raft.server.log.segment.size.max = 1048576 (custom)
2019-10-10 13:23:18,589 [pool-129-thread-1] INFO  server.RaftServerConfigKeys (ConfUtils.java:logGet(43)) - raft.server.log.preallocated.size = 16384 (custom)
2019-10-10 13:23:18,589 [pool-129-thread-1] INFO  server.RaftServerConfigKeys (ConfUtils.java:logGet(43)) - raft.server.log.write.buffer.size = 33554432 (custom)
2019-10-10 13:23:18,590 [pool-129-thread-1] INFO  server.RaftServerConfigKeys (ConfUtils.java:logGet(43)) - raft.server.log.force.sync.num = 128 (default)
2019-10-10 13:23:18,590 [pool-129-thread-1] INFO  server.RaftServerConfigKeys (ConfUtils.java:logGet(43)) - raft.server.log.statemachine.data.sync = true (default)
2019-10-10 13:23:18,590 [pool-129-thread-1] INFO  server.RaftServerConfigKeys (ConfUtils.java:logGet(43)) - raft.server.log.statemachine.data.sync.timeout = 10s (default)
2019-10-10 13:23:18,590 [pool-129-thread-1] INFO  server.RaftServerConfigKeys (ConfUtils.java:logGet(43)) - raft.server.log.statemachine.data.sync.timeout.retry = -1 (default)
2019-10-10 13:23:18,590 [pool-129-thread-1] INFO  server.RaftServerConfigKeys (ConfUtils.java:logGet(43)) - raft.server.log.statemachine.data.caching.enabled = true (custom)
2019-10-10 13:23:18,591 [pool-129-thread-1] INFO  segmented.SegmentedRaftLogWorker (SegmentedRaftLogWorker.java:lambda$new$0(128)) - cb3659b2-5ca3-4b25-8b5d-9788a7da6980@group-5CBC92B58569-SegmentedRaftLogWorker: flushIndex: setUnconditionally 0 -> -1
2019-10-10 13:23:18,591 [pool-129-thread-1] INFO  server.RaftServerConfigKeys (ConfUtils.java:logGet(43)) - raft.server.snapshot.auto.trigger.enabled = true (custom)
2019-10-10 13:23:18,591 [pool-129-thread-1] INFO  server.RaftServerConfigKeys (ConfUtils.java:logGet(43)) - raft.server.snapshot.auto.trigger.threshold = 10000 (custom)
2019-10-10 13:23:18,591 [pool-129-thread-1] INFO  server.RaftServerConfigKeys (ConfUtils.java:logGet(43)) - raft.server.snapshot.retention.file.num = 5 (custom)
2019-10-10 13:23:18,591 [pool-129-thread-1] INFO  server.RaftServerConfigKeys (ConfUtils.java:logGet(43)) - raft.server.retrycache.expirytime = 600000ms (custom)
2019-10-10 13:23:18,593 [pool-129-thread-1] INFO  impl.RaftServerImpl (RaftServerImpl.java:start(181)) - cb3659b2-5ca3-4b25-8b5d-9788a7da6980@group-5CBC92B58569: start as a follower, conf=-1: [cb3659b2-5ca3-4b25-8b5d-9788a7da6980:192.168.164.230:40633], old=null
2019-10-10 13:23:18,594 [pool-129-thread-1] INFO  impl.RaftServerImpl (RaftServerImpl.java:setRole(170)) - cb3659b2-5ca3-4b25-8b5d-9788a7da6980@group-5CBC92B58569: changes role from      null to FOLLOWER at term 0 for startAsFollower
2019-10-10 13:23:18,594 [pool-129-thread-1] INFO  impl.RoleInfo (RoleInfo.java:updateAndGet(143)) - cb3659b2-5ca3-4b25-8b5d-9788a7da6980: start FollowerState
2019-10-10 13:23:18,594 [pool-129-thread-1] INFO  util.JmxRegister (JmxRegister.java:tryRegister(44)) - Successfully registered JMX Bean with object name Ratis:service=RaftServer,group=group-5CBC92B58569,id=cb3659b2-5ca3-4b25-8b5d-9788a7da6980
2019-10-10 13:23:18,598 [RatisPipelineUtilsThread] INFO  pipeline.PipelineStateManager (PipelineStateManager.java:addPipeline(56)) - Created pipeline Pipeline[ Id: e6078907-a9da-4720-bb38-5cbc92b58569, Nodes: cb3659b2-5ca3-4b25-8b5d-9788a7da6980{ip: 192.168.164.230, host: pr-hdds-2280-tn9v7-3755420433, networkLocation: /default-rack, certSerialId: null}, Type:RATIS, Factor:ONE, State:OPEN]
2019-10-10 13:23:18,614 [grpc-default-executor-0] INFO  impl.RaftServerProxy (RaftServerProxy.java:addNew(89)) - c18184fb-90ff-486b-bf72-63a58cb108ad: addNew group-CA186560047A:[c18184fb-90ff-486b-bf72-63a58cb108ad:192.168.164.230:34020, 8202782f-3bf2-4b72-939d-b383b7999cab:192.168.164.230:38517, 0a35b46b-2cae-405a-8e00-ec21236555b8:192.168.164.230:34806] returns group-CA186560047A:java.util.concurrent.CompletableFuture@7f9cce34[Not completed]
2019-10-10 13:23:18,614 [grpc-default-executor-3] INFO  impl.RaftServerProxy (RaftServerProxy.java:addNew(89)) - 0a35b46b-2cae-405a-8e00-ec21236555b8: addNew group-CA186560047A:[c18184fb-90ff-486b-bf72-63a58cb108ad:192.168.164.230:34020, 8202782f-3bf2-4b72-939d-b383b7999cab:192.168.164.230:38517, 0a35b46b-2cae-405a-8e00-ec21236555b8:192.168.164.230:34806] returns group-CA186560047A:java.util.concurrent.CompletableFuture@464d26f4[Not completed]
2019-10-10 13:23:18,614 [grpc-default-executor-2] INFO  impl.RaftServerProxy (RaftServerProxy.java:addNew(89)) - 8202782f-3bf2-4b72-939d-b383b7999cab: addNew group-CA186560047A:[c18184fb-90ff-486b-bf72-63a58cb108ad:192.168.164.230:34020, 8202782f-3bf2-4b72-939d-b383b7999cab:192.168.164.230:38517, 0a35b46b-2cae-405a-8e00-ec21236555b8:192.168.164.230:34806] returns group-CA186560047A:java.util.concurrent.CompletableFuture@6a88ea92[Not completed]
2019-10-10 13:23:18,615 [pool-159-thread-1] INFO  impl.RaftServerImpl (RaftServerImpl.java:<init>(95)) - c18184fb-90ff-486b-bf72-63a58cb108ad: new RaftServerImpl for group-CA186560047A:[c18184fb-90ff-486b-bf72-63a58cb108ad:192.168.164.230:34020, 8202782f-3bf2-4b72-939d-b383b7999cab:192.168.164.230:38517, 0a35b46b-2cae-405a-8e00-ec21236555b8:192.168.164.230:34806] with ContainerStateMachine:uninitialized
2019-10-10 13:23:18,615 [pool-159-thread-1] INFO  server.RaftServerConfigKeys (ConfUtils.java:logGet(43)) - raft.server.rpc.timeout.min = 5s (custom)
2019-10-10 13:23:18,616 [pool-159-thread-1] INFO  server.RaftServerConfigKeys (ConfUtils.java:logGet(43)) - raft.server.rpc.timeout.max = 5200ms (custom)
2019-10-10 13:23:18,616 [pool-159-thread-1] INFO  server.RaftServerConfigKeys (ConfUtils.java:logGet(43)) - raft.server.rpcslowness.timeout = 120s (custom)
2019-10-10 13:23:18,616 [pool-159-thread-1] INFO  server.RaftServerConfigKeys (ConfUtils.java:logGet(43)) - raft.server.sleep.deviation.threshold = 300 (default)
2019-10-10 13:23:18,616 [pool-159-thread-1] INFO  server.RaftServerConfigKeys (ConfUtils.java:logGet(43)) - raft.server.log.appender.install.snapshot.enabled = false (custom)
2019-10-10 13:23:18,616 [pool-139-thread-1] INFO  impl.RaftServerImpl (RaftServerImpl.java:<init>(95)) - 0a35b46b-2cae-405a-8e00-ec21236555b8: new RaftServerImpl for group-CA186560047A:[c18184fb-90ff-486b-bf72-63a58cb108ad:192.168.164.230:34020, 8202782f-3bf2-4b72-939d-b383b7999cab:192.168.164.230:38517, 0a35b46b-2cae-405a-8e00-ec21236555b8:192.168.164.230:34806] with ContainerStateMachine:uninitialized
2019-10-10 13:23:18,616 [pool-159-thread-1] INFO  impl.RaftServerImpl (ServerState.java:<init>(103)) - c18184fb-90ff-486b-bf72-63a58cb108ad@group-CA186560047A: ConfigurationManager, init=-1: [c18184fb-90ff-486b-bf72-63a58cb108ad:192.168.164.230:34020, 8202782f-3bf2-4b72-939d-b383b7999cab:192.168.164.230:38517, 0a35b46b-2cae-405a-8e00-ec21236555b8:192.168.164.230:34806], old=null, confs=<EMPTY_MAP>
2019-10-10 13:23:18,616 [pool-139-thread-1] INFO  server.RaftServerConfigKeys (ConfUtils.java:logGet(43)) - raft.server.rpc.timeout.min = 5s (custom)
2019-10-10 13:23:18,616 [pool-159-thread-1] INFO  server.RaftServerConfigKeys (ConfUtils.java:logGet(43)) - raft.server.storage.dir = [/workdir/hadoop-ozone/integration-test/target/test-dir/MiniOzoneClusterImpl-9f2070aa-53b9-4d3a-8363-33cb6bbf0ea6/datanode-4/data/ratis] (custom)
2019-10-10 13:23:18,617 [pool-149-thread-1] INFO  impl.RaftServerImpl (RaftServerImpl.java:<init>(95)) - 8202782f-3bf2-4b72-939d-b383b7999cab: new RaftServerImpl for group-CA186560047A:[c18184fb-90ff-486b-bf72-63a58cb108ad:192.168.164.230:34020, 8202782f-3bf2-4b72-939d-b383b7999cab:192.168.164.230:38517, 0a35b46b-2cae-405a-8e00-ec21236555b8:192.168.164.230:34806] with ContainerStateMachine:uninitialized
2019-10-10 13:23:18,616 [pool-139-thread-1] INFO  server.RaftServerConfigKeys (ConfUtils.java:logGet(43)) - raft.server.rpc.timeout.max = 5200ms (custom)
2019-10-10 13:23:18,617 [pool-159-thread-1] INFO  server.RaftServerConfigKeys (ConfUtils.java:logGet(43)) - raft.server.log.corruption.policy = EXCEPTION (default)
2019-10-10 13:23:18,617 [pool-149-thread-1] INFO  server.RaftServerConfigKeys (ConfUtils.java:logGet(43)) - raft.server.rpc.timeout.min = 5s (custom)
2019-10-10 13:23:18,617 [pool-159-thread-1] INFO  storage.RaftStorageDirectory (RaftStorageDirectory.java:analyzeStorage(246)) - The storage directory /workdir/hadoop-ozone/integration-test/target/test-dir/MiniOzoneClusterImpl-9f2070aa-53b9-4d3a-8363-33cb6bbf0ea6/datanode-4/data/ratis/52056529-188a-4ea3-9125-ca186560047a does not exist. Creating ...
2019-10-10 13:23:18,617 [pool-139-thread-1] INFO  server.RaftServerConfigKeys (ConfUtils.java:logGet(43)) - raft.server.rpcslowness.timeout = 120s (custom)
2019-10-10 13:23:18,617 [pool-149-thread-1] INFO  server.RaftServerConfigKeys (ConfUtils.java:logGet(43)) - raft.server.rpc.timeout.max = 5200ms (custom)
2019-10-10 13:23:18,617 [pool-139-thread-1] INFO  server.RaftServerConfigKeys (ConfUtils.java:logGet(43)) - raft.server.sleep.deviation.threshold = 300 (default)
2019-10-10 13:23:18,617 [pool-149-thread-1] INFO  server.RaftServerConfigKeys (ConfUtils.java:logGet(43)) - raft.server.rpcslowness.timeout = 120s (custom)
2019-10-10 13:23:18,618 [pool-139-thread-1] INFO  server.RaftServerConfigKeys (ConfUtils.java:logGet(43)) - raft.server.log.appender.install.snapshot.enabled = false (custom)
2019-10-10 13:23:18,618 [pool-149-thread-1] INFO  server.RaftServerConfigKeys (ConfUtils.java:logGet(43)) - raft.server.sleep.deviation.threshold = 300 (default)
2019-10-10 13:23:18,618 [pool-139-thread-1] INFO  impl.RaftServerImpl (ServerState.java:<init>(103)) - 0a35b46b-2cae-405a-8e00-ec21236555b8@group-CA186560047A: ConfigurationManager, init=-1: [c18184fb-90ff-486b-bf72-63a58cb108ad:192.168.164.230:34020, 8202782f-3bf2-4b72-939d-b383b7999cab:192.168.164.230:38517, 0a35b46b-2cae-405a-8e00-ec21236555b8:192.168.164.230:34806], old=null, confs=<EMPTY_MAP>
2019-10-10 13:23:18,618 [pool-149-thread-1] INFO  server.RaftServerConfigKeys (ConfUtils.java:logGet(43)) - raft.server.log.appender.install.snapshot.enabled = false (custom)
2019-10-10 13:23:18,618 [pool-139-thread-1] INFO  server.RaftServerConfigKeys (ConfUtils.java:logGet(43)) - raft.server.storage.dir = [/workdir/hadoop-ozone/integration-test/target/test-dir/MiniOzoneClusterImpl-9f2070aa-53b9-4d3a-8363-33cb6bbf0ea6/datanode-2/data/ratis] (custom)
2019-10-10 13:23:18,618 [pool-149-thread-1] INFO  impl.RaftServerImpl (ServerState.java:<init>(103)) - 8202782f-3bf2-4b72-939d-b383b7999cab@group-CA186560047A: ConfigurationManager, init=-1: [c18184fb-90ff-486b-bf72-63a58cb108ad:192.168.164.230:34020, 8202782f-3bf2-4b72-939d-b383b7999cab:192.168.164.230:38517, 0a35b46b-2cae-405a-8e00-ec21236555b8:192.168.164.230:34806], old=null, confs=<EMPTY_MAP>
2019-10-10 13:23:18,618 [pool-149-thread-1] INFO  server.RaftServerConfigKeys (ConfUtils.java:logGet(43)) - raft.server.storage.dir = [/workdir/hadoop-ozone/integration-test/target/test-dir/MiniOzoneClusterImpl-9f2070aa-53b9-4d3a-8363-33cb6bbf0ea6/datanode-3/data/ratis] (custom)
2019-10-10 13:23:18,618 [pool-139-thread-1] INFO  server.RaftServerConfigKeys (ConfUtils.java:logGet(43)) - raft.server.log.corruption.policy = EXCEPTION (default)
2019-10-10 13:23:18,619 [pool-149-thread-1] INFO  server.RaftServerConfigKeys (ConfUtils.java:logGet(43)) - raft.server.log.corruption.policy = EXCEPTION (default)
2019-10-10 13:23:18,619 [pool-139-thread-1] INFO  storage.RaftStorageDirectory (RaftStorageDirectory.java:analyzeStorage(246)) - The storage directory /workdir/hadoop-ozone/integration-test/target/test-dir/MiniOzoneClusterImpl-9f2070aa-53b9-4d3a-8363-33cb6bbf0ea6/datanode-2/data/ratis/52056529-188a-4ea3-9125-ca186560047a does not exist. Creating ...
2019-10-10 13:23:18,619 [pool-149-thread-1] INFO  storage.RaftStorageDirectory (RaftStorageDirectory.java:analyzeStorage(246)) - The storage directory /workdir/hadoop-ozone/integration-test/target/test-dir/MiniOzoneClusterImpl-9f2070aa-53b9-4d3a-8363-33cb6bbf0ea6/datanode-3/data/ratis/52056529-188a-4ea3-9125-ca186560047a does not exist. Creating ...
2019-10-10 13:23:18,642 [pool-149-thread-1] INFO  storage.RaftStorageDirectory (RaftStorageDirectory.java:tryLock(328)) - Lock on /workdir/hadoop-ozone/integration-test/target/test-dir/MiniOzoneClusterImpl-9f2070aa-53b9-4d3a-8363-33cb6bbf0ea6/datanode-3/data/ratis/52056529-188a-4ea3-9125-ca186560047a/in_use.lock acquired by nodename 11650@pr-hdds-2280-tn9v7-3755420433
2019-10-10 13:23:18,642 [pool-159-thread-1] INFO  storage.RaftStorageDirectory (RaftStorageDirectory.java:tryLock(328)) - Lock on /workdir/hadoop-ozone/integration-test/target/test-dir/MiniOzoneClusterImpl-9f2070aa-53b9-4d3a-8363-33cb6bbf0ea6/datanode-4/data/ratis/52056529-188a-4ea3-9125-ca186560047a/in_use.lock acquired by nodename 11650@pr-hdds-2280-tn9v7-3755420433
2019-10-10 13:23:18,642 [pool-139-thread-1] INFO  storage.RaftStorageDirectory (RaftStorageDirectory.java:tryLock(328)) - Lock on /workdir/hadoop-ozone/integration-test/target/test-dir/MiniOzoneClusterImpl-9f2070aa-53b9-4d3a-8363-33cb6bbf0ea6/datanode-2/data/ratis/52056529-188a-4ea3-9125-ca186560047a/in_use.lock acquired by nodename 11650@pr-hdds-2280-tn9v7-3755420433
2019-10-10 13:23:18,657 [pool-159-thread-1] INFO  storage.RaftStorage (RaftStorage.java:format(84)) - Storage directory /workdir/hadoop-ozone/integration-test/target/test-dir/MiniOzoneClusterImpl-9f2070aa-53b9-4d3a-8363-33cb6bbf0ea6/datanode-4/data/ratis/52056529-188a-4ea3-9125-ca186560047a has been successfully formatted.
2019-10-10 13:23:18,657 [pool-139-thread-1] INFO  storage.RaftStorage (RaftStorage.java:format(84)) - Storage directory /workdir/hadoop-ozone/integration-test/target/test-dir/MiniOzoneClusterImpl-9f2070aa-53b9-4d3a-8363-33cb6bbf0ea6/datanode-2/data/ratis/52056529-188a-4ea3-9125-ca186560047a has been successfully formatted.
2019-10-10 13:23:18,657 [pool-149-thread-1] INFO  storage.RaftStorage (RaftStorage.java:format(84)) - Storage directory /workdir/hadoop-ozone/integration-test/target/test-dir/MiniOzoneClusterImpl-9f2070aa-53b9-4d3a-8363-33cb6bbf0ea6/datanode-3/data/ratis/52056529-188a-4ea3-9125-ca186560047a has been successfully formatted.
2019-10-10 13:23:18,658 [pool-139-thread-1] INFO  ratis.ContainerStateMachine (ContainerStateMachine.java:loadSnapshot(231)) - group-CA186560047A: The snapshot info is null. Setting the last applied indexto:(t:0, i:~)
2019-10-10 13:23:18,658 [pool-149-thread-1] INFO  ratis.ContainerStateMachine (ContainerStateMachine.java:loadSnapshot(231)) - group-CA186560047A: The snapshot info is null. Setting the last applied indexto:(t:0, i:~)
2019-10-10 13:23:18,658 [pool-159-thread-1] INFO  ratis.ContainerStateMachine (ContainerStateMachine.java:loadSnapshot(231)) - group-CA186560047A: The snapshot info is null. Setting the last applied indexto:(t:0, i:~)
2019-10-10 13:23:18,658 [pool-149-thread-1] INFO  server.RaftServerConfigKeys (ConfUtils.java:logGet(43)) - raft.server.notification.no-leader.timeout = 120s (custom)
2019-10-10 13:23:18,658 [pool-139-thread-1] INFO  server.RaftServerConfigKeys (ConfUtils.java:logGet(43)) - raft.server.notification.no-leader.timeout = 120s (custom)
2019-10-10 13:23:18,658 [pool-149-thread-1] INFO  server.RaftServerConfigKeys (ConfUtils.java:logGet(43)) - raft.server.log.use.memory = false (default)
2019-10-10 13:23:18,658 [pool-159-thread-1] INFO  server.RaftServerConfigKeys (ConfUtils.java:logGet(43)) - raft.server.notification.no-leader.timeout = 120s (custom)
2019-10-10 13:23:18,659 [pool-149-thread-1] INFO  server.RaftServerConfigKeys (ConfUtils.java:logGet(43)) - raft.server.log.purge.gap = 1000000 (custom)
2019-10-10 13:23:18,659 [pool-139-thread-1] INFO  server.RaftServerConfigKeys (ConfUtils.java:logGet(43)) - raft.server.log.use.memory = false (default)
2019-10-10 13:23:18,659 [pool-149-thread-1] INFO  server.RaftServerConfigKeys (ConfUtils.java:logGet(43)) - raft.server.log.appender.buffer.byte-limit = 33554432 (custom)
2019-10-10 13:23:18,659 [pool-159-thread-1] INFO  server.RaftServerConfigKeys (ConfUtils.java:logGet(43)) - raft.server.log.use.memory = false (default)
2019-10-10 13:23:18,659 [pool-149-thread-1] INFO  server.RaftServerConfigKeys (ConfUtils.java:logGet(43)) - raft.server.log.segment.size.max = 1048576 (custom)
2019-10-10 13:23:18,659 [pool-139-thread-1] INFO  server.RaftServerConfigKeys (ConfUtils.java:logGet(43)) - raft.server.log.purge.gap = 1000000 (custom)
2019-10-10 13:23:18,660 [pool-149-thread-1] INFO  server.RaftServerConfigKeys (ConfUtils.java:logGet(43)) - raft.server.log.segment.cache.num.max = 2 (custom)
2019-10-10 13:23:18,659 [pool-159-thread-1] INFO  server.RaftServerConfigKeys (ConfUtils.java:logGet(43)) - raft.server.log.purge.gap = 1000000 (custom)
2019-10-10 13:23:18,660 [pool-149-thread-1] INFO  segmented.SegmentedRaftLogWorker (SegmentedRaftLogWorker.java:<init>(173)) - new 8202782f-3bf2-4b72-939d-b383b7999cab@group-CA186560047A-SegmentedRaftLogWorker for RaftStorage:Storage Directory /workdir/hadoop-ozone/integration-test/target/test-dir/MiniOzoneClusterImpl-9f2070aa-53b9-4d3a-8363-33cb6bbf0ea6/datanode-3/data/ratis/52056529-188a-4ea3-9125-ca186560047a
2019-10-10 13:23:18,660 [pool-139-thread-1] INFO  server.RaftServerConfigKeys (ConfUtils.java:logGet(43)) - raft.server.log.appender.buffer.byte-limit = 33554432 (custom)
2019-10-10 13:23:18,660 [pool-149-thread-1] INFO  server.RaftServerConfigKeys (ConfUtils.java:logGet(43)) - raft.server.log.queue.byte-limit = 2147483647 (custom)
2019-10-10 13:23:18,660 [pool-159-thread-1] INFO  server.RaftServerConfigKeys (ConfUtils.java:logGet(43)) - raft.server.log.appender.buffer.byte-limit = 33554432 (custom)
2019-10-10 13:23:18,660 [pool-149-thread-1] INFO  server.RaftServerConfigKeys (ConfUtils.java:logGet(43)) - raft.server.log.queue.element-limit = 1024 (custom)
2019-10-10 13:23:18,660 [pool-139-thread-1] INFO  server.RaftServerConfigKeys (ConfUtils.java:logGet(43)) - raft.server.log.segment.size.max = 1048576 (custom)
2019-10-10 13:23:18,661 [pool-149-thread-1] INFO  server.RaftServerConfigKeys (ConfUtils.java:logGet(43)) - raft.server.log.segment.size.max = 1048576 (custom)
2019-10-10 13:23:18,660 [pool-159-thread-1] INFO  server.RaftServerConfigKeys (ConfUtils.java:logGet(43)) - raft.server.log.segment.size.max = 1048576 (custom)
2019-10-10 13:23:18,661 [pool-149-thread-1] INFO  server.RaftServerConfigKeys (ConfUtils.java:logGet(43)) - raft.server.log.preallocated.size = 16384 (custom)
2019-10-10 13:23:18,661 [pool-139-thread-1] INFO  server.RaftServerConfigKeys (ConfUtils.java:logGet(43)) - raft.server.log.segment.cache.num.max = 2 (custom)
2019-10-10 13:23:18,661 [pool-149-thread-1] INFO  server.RaftServerConfigKeys (ConfUtils.java:logGet(43)) - raft.server.log.write.buffer.size = 33554432 (custom)
2019-10-10 13:23:18,661 [pool-159-thread-1] INFO  server.RaftServerConfigKeys (ConfUtils.java:logGet(43)) - raft.server.log.segment.cache.num.max = 2 (custom)
2019-10-10 13:23:18,662 [pool-149-thread-1] INFO  server.RaftServerConfigKeys (ConfUtils.java:logGet(43)) - raft.server.log.force.sync.num = 128 (default)
2019-10-10 13:23:18,661 [pool-139-thread-1] INFO  segmented.SegmentedRaftLogWorker (SegmentedRaftLogWorker.java:<init>(173)) - new 0a35b46b-2cae-405a-8e00-ec21236555b8@group-CA186560047A-SegmentedRaftLogWorker for RaftStorage:Storage Directory /workdir/hadoop-ozone/integration-test/target/test-dir/MiniOzoneClusterImpl-9f2070aa-53b9-4d3a-8363-33cb6bbf0ea6/datanode-2/data/ratis/52056529-188a-4ea3-9125-ca186560047a
2019-10-10 13:23:18,662 [pool-149-thread-1] INFO  server.RaftServerConfigKeys (ConfUtils.java:logGet(43)) - raft.server.log.statemachine.data.sync = true (default)
2019-10-10 13:23:18,662 [pool-159-thread-1] INFO  segmented.SegmentedRaftLogWorker (SegmentedRaftLogWorker.java:<init>(173)) - new c18184fb-90ff-486b-bf72-63a58cb108ad@group-CA186560047A-SegmentedRaftLogWorker for RaftStorage:Storage Directory /workdir/hadoop-ozone/integration-test/target/test-dir/MiniOzoneClusterImpl-9f2070aa-53b9-4d3a-8363-33cb6bbf0ea6/datanode-4/data/ratis/52056529-188a-4ea3-9125-ca186560047a
2019-10-10 13:23:18,662 [pool-149-thread-1] INFO  server.RaftServerConfigKeys (ConfUtils.java:logGet(43)) - raft.server.log.statemachine.data.sync.timeout = 10s (default)
2019-10-10 13:23:18,662 [pool-139-thread-1] INFO  server.RaftServerConfigKeys (ConfUtils.java:logGet(43)) - raft.server.log.queue.byte-limit = 2147483647 (custom)
2019-10-10 13:23:18,662 [pool-149-thread-1] INFO  server.RaftServerConfigKeys (ConfUtils.java:logGet(43)) - raft.server.log.statemachine.data.sync.timeout.retry = -1 (default)
2019-10-10 13:23:18,662 [pool-159-thread-1] INFO  server.RaftServerConfigKeys (ConfUtils.java:logGet(43)) - raft.server.log.queue.byte-limit = 2147483647 (custom)
2019-10-10 13:23:18,662 [pool-139-thread-1] INFO  server.RaftServerConfigKeys (ConfUtils.java:logGet(43)) - raft.server.log.queue.element-limit = 1024 (custom)
2019-10-10 13:23:18,663 [pool-149-thread-1] INFO  server.RaftServerConfigKeys (ConfUtils.java:logGet(43)) - raft.server.log.statemachine.data.caching.enabled = true (custom)
2019-10-10 13:23:18,663 [pool-159-thread-1] INFO  server.RaftServerConfigKeys (ConfUtils.java:logGet(43)) - raft.server.log.queue.element-limit = 1024 (custom)
2019-10-10 13:23:18,663 [pool-139-thread-1] INFO  server.RaftServerConfigKeys (ConfUtils.java:logGet(43)) - raft.server.log.segment.size.max = 1048576 (custom)
2019-10-10 13:23:18,663 [pool-149-thread-1] INFO  segmented.SegmentedRaftLogWorker (SegmentedRaftLogWorker.java:lambda$new$0(128)) - 8202782f-3bf2-4b72-939d-b383b7999cab@group-CA186560047A-SegmentedRaftLogWorker: flushIndex: setUnconditionally 0 -> -1
2019-10-10 13:23:18,663 [pool-159-thread-1] INFO  server.RaftServerConfigKeys (ConfUtils.java:logGet(43)) - raft.server.log.segment.size.max = 1048576 (custom)
2019-10-10 13:23:18,663 [pool-139-thread-1] INFO  server.RaftServerConfigKeys (ConfUtils.java:logGet(43)) - raft.server.log.preallocated.size = 16384 (custom)
2019-10-10 13:23:18,664 [pool-159-thread-1] INFO  server.RaftServerConfigKeys (ConfUtils.java:logGet(43)) - raft.server.log.preallocated.size = 16384 (custom)
2019-10-10 13:23:18,664 [pool-149-thread-1] INFO  server.RaftServerConfigKeys (ConfUtils.java:logGet(43)) - raft.server.snapshot.auto.trigger.enabled = true (custom)
2019-10-10 13:23:18,664 [pool-159-thread-1] INFO  server.RaftServerConfigKeys (ConfUtils.java:logGet(43)) - raft.server.log.write.buffer.size = 33554432 (custom)
2019-10-10 13:23:18,664 [pool-139-thread-1] INFO  server.RaftServerConfigKeys (ConfUtils.java:logGet(43)) - raft.server.log.write.buffer.size = 33554432 (custom)
2019-10-10 13:23:18,664 [pool-159-thread-1] INFO  server.RaftServerConfigKeys (ConfUtils.java:logGet(43)) - raft.server.log.force.sync.num = 128 (default)
2019-10-10 13:23:18,664 [pool-149-thread-1] INFO  server.RaftServerConfigKeys (ConfUtils.java:logGet(43)) - raft.server.snapshot.auto.trigger.threshold = 10000 (custom)
2019-10-10 13:23:18,664 [pool-159-thread-1] INFO  server.RaftServerConfigKeys (ConfUtils.java:logGet(43)) - raft.server.log.statemachine.data.sync = true (default)
2019-10-10 13:23:18,664 [pool-139-thread-1] INFO  server.RaftServerConfigKeys (ConfUtils.java:logGet(43)) - raft.server.log.force.sync.num = 128 (default)
2019-10-10 13:23:18,665 [pool-159-thread-1] INFO  server.RaftServerConfigKeys (ConfUtils.java:logGet(43)) - raft.server.log.statemachine.data.sync.timeout = 10s (default)
2019-10-10 13:23:18,664 [pool-149-thread-1] INFO  server.RaftServerConfigKeys (ConfUtils.java:logGet(43)) - raft.server.snapshot.retention.file.num = 5 (custom)
2019-10-10 13:23:18,665 [pool-159-thread-1] INFO  server.RaftServerConfigKeys (ConfUtils.java:logGet(43)) - raft.server.log.statemachine.data.sync.timeout.retry = -1 (default)
2019-10-10 13:23:18,665 [pool-139-thread-1] INFO  server.RaftServerConfigKeys (ConfUtils.java:logGet(43)) - raft.server.log.statemachine.data.sync = true (default)
2019-10-10 13:23:18,665 [pool-159-thread-1] INFO  server.RaftServerConfigKeys (ConfUtils.java:logGet(43)) - raft.server.log.statemachine.data.caching.enabled = true (custom)
2019-10-10 13:23:18,665 [pool-149-thread-1] INFO  server.RaftServerConfigKeys (ConfUtils.java:logGet(43)) - raft.server.retrycache.expirytime = 600000ms (custom)
2019-10-10 13:23:18,665 [pool-139-thread-1] INFO  server.RaftServerConfigKeys (ConfUtils.java:logGet(43)) - raft.server.log.statemachine.data.sync.timeout = 10s (default)
2019-10-10 13:23:18,665 [pool-159-thread-1] INFO  segmented.SegmentedRaftLogWorker (SegmentedRaftLogWorker.java:lambda$new$0(128)) - c18184fb-90ff-486b-bf72-63a58cb108ad@group-CA186560047A-SegmentedRaftLogWorker: flushIndex: setUnconditionally 0 -> -1
2019-10-10 13:23:18,665 [pool-139-thread-1] INFO  server.RaftServerConfigKeys (ConfUtils.java:logGet(43)) - raft.server.log.statemachine.data.sync.timeout.retry = -1 (default)
2019-10-10 13:23:18,666 [pool-159-thread-1] INFO  server.RaftServerConfigKeys (ConfUtils.java:logGet(43)) - raft.server.snapshot.auto.trigger.enabled = true (custom)
2019-10-10 13:23:18,666 [pool-139-thread-1] INFO  server.RaftServerConfigKeys (ConfUtils.java:logGet(43)) - raft.server.log.statemachine.data.caching.enabled = true (custom)
2019-10-10 13:23:18,666 [pool-159-thread-1] INFO  server.RaftServerConfigKeys (ConfUtils.java:logGet(43)) - raft.server.snapshot.auto.trigger.threshold = 10000 (custom)
2019-10-10 13:23:18,666 [pool-159-thread-1] INFO  server.RaftServerConfigKeys (ConfUtils.java:logGet(43)) - raft.server.snapshot.retention.file.num = 5 (custom)
2019-10-10 13:23:18,666 [pool-139-thread-1] INFO  segmented.SegmentedRaftLogWorker (SegmentedRaftLogWorker.java:lambda$new$0(128)) - 0a35b46b-2cae-405a-8e00-ec21236555b8@group-CA186560047A-SegmentedRaftLogWorker: flushIndex: setUnconditionally 0 -> -1
2019-10-10 13:23:18,666 [pool-159-thread-1] INFO  server.RaftServerConfigKeys (ConfUtils.java:logGet(43)) - raft.server.retrycache.expirytime = 600000ms (custom)
2019-10-10 13:23:18,666 [pool-139-thread-1] INFO  server.RaftServerConfigKeys (ConfUtils.java:logGet(43)) - raft.server.snapshot.auto.trigger.enabled = true (custom)
2019-10-10 13:23:18,667 [pool-139-thread-1] INFO  server.RaftServerConfigKeys (ConfUtils.java:logGet(43)) - raft.server.snapshot.auto.trigger.threshold = 10000 (custom)
2019-10-10 13:23:18,667 [pool-139-thread-1] INFO  server.RaftServerConfigKeys (ConfUtils.java:logGet(43)) - raft.server.snapshot.retention.file.num = 5 (custom)
2019-10-10 13:23:18,667 [pool-139-thread-1] INFO  server.RaftServerConfigKeys (ConfUtils.java:logGet(43)) - raft.server.retrycache.expirytime = 600000ms (custom)
2019-10-10 13:23:18,668 [pool-149-thread-1] INFO  impl.RaftServerImpl (RaftServerImpl.java:start(181)) - 8202782f-3bf2-4b72-939d-b383b7999cab@group-CA186560047A: start as a follower, conf=-1: [c18184fb-90ff-486b-bf72-63a58cb108ad:192.168.164.230:34020, 8202782f-3bf2-4b72-939d-b383b7999cab:192.168.164.230:38517, 0a35b46b-2cae-405a-8e00-ec21236555b8:192.168.164.230:34806], old=null
2019-10-10 13:23:18,668 [pool-149-thread-1] INFO  impl.RaftServerImpl (RaftServerImpl.java:setRole(170)) - 8202782f-3bf2-4b72-939d-b383b7999cab@group-CA186560047A: changes role from      null to FOLLOWER at term 0 for startAsFollower
2019-10-10 13:23:18,668 [pool-149-thread-1] INFO  impl.RoleInfo (RoleInfo.java:updateAndGet(143)) - 8202782f-3bf2-4b72-939d-b383b7999cab: start FollowerState
2019-10-10 13:23:18,669 [pool-159-thread-1] INFO  impl.RaftServerImpl (RaftServerImpl.java:start(181)) - c18184fb-90ff-486b-bf72-63a58cb108ad@group-CA186560047A: start as a follower, conf=-1: [c18184fb-90ff-486b-bf72-63a58cb108ad:192.168.164.230:34020, 8202782f-3bf2-4b72-939d-b383b7999cab:192.168.164.230:38517, 0a35b46b-2cae-405a-8e00-ec21236555b8:192.168.164.230:34806], old=null
2019-10-10 13:23:18,669 [pool-149-thread-1] INFO  util.JmxRegister (JmxRegister.java:tryRegister(44)) - Successfully registered JMX Bean with object name Ratis:service=RaftServer,group=group-CA186560047A,id=8202782f-3bf2-4b72-939d-b383b7999cab
2019-10-10 13:23:18,669 [pool-159-thread-1] INFO  impl.RaftServerImpl (RaftServerImpl.java:setRole(170)) - c18184fb-90ff-486b-bf72-63a58cb108ad@group-CA186560047A: changes role from      null to FOLLOWER at term 0 for startAsFollower
2019-10-10 13:23:18,669 [pool-139-thread-1] INFO  impl.RaftServerImpl (RaftServerImpl.java:start(181)) - 0a35b46b-2cae-405a-8e00-ec21236555b8@group-CA186560047A: start as a follower, conf=-1: [c18184fb-90ff-486b-bf72-63a58cb108ad:192.168.164.230:34020, 8202782f-3bf2-4b72-939d-b383b7999cab:192.168.164.230:38517, 0a35b46b-2cae-405a-8e00-ec21236555b8:192.168.164.230:34806], old=null
2019-10-10 13:23:18,669 [pool-159-thread-1] INFO  impl.RoleInfo (RoleInfo.java:updateAndGet(143)) - c18184fb-90ff-486b-bf72-63a58cb108ad: start FollowerState
2019-10-10 13:23:18,669 [pool-139-thread-1] INFO  impl.RaftServerImpl (RaftServerImpl.java:setRole(170)) - 0a35b46b-2cae-405a-8e00-ec21236555b8@group-CA186560047A: changes role from      null to FOLLOWER at term 0 for startAsFollower
2019-10-10 13:23:18,669 [pool-159-thread-1] INFO  util.JmxRegister (JmxRegister.java:tryRegister(44)) - Successfully registered JMX Bean with object name Ratis:service=RaftServer,group=group-CA186560047A,id=c18184fb-90ff-486b-bf72-63a58cb108ad
2019-10-10 13:23:18,670 [pool-139-thread-1] INFO  impl.RoleInfo (RoleInfo.java:updateAndGet(143)) - 0a35b46b-2cae-405a-8e00-ec21236555b8: start FollowerState
2019-10-10 13:23:18,670 [pool-139-thread-1] INFO  util.JmxRegister (JmxRegister.java:tryRegister(44)) - Successfully registered JMX Bean with object name Ratis:service=RaftServer,group=group-CA186560047A,id=0a35b46b-2cae-405a-8e00-ec21236555b8
2019-10-10 13:23:18,676 [RatisPipelineUtilsThread] INFO  pipeline.PipelineStateManager (PipelineStateManager.java:addPipeline(56)) - Created pipeline Pipeline[ Id: 52056529-188a-4ea3-9125-ca186560047a, Nodes: 8202782f-3bf2-4b72-939d-b383b7999cab{ip: 192.168.164.230, host: pr-hdds-2280-tn9v7-3755420433, networkLocation: /default-rack, certSerialId: null}c18184fb-90ff-486b-bf72-63a58cb108ad{ip: 192.168.164.230, host: pr-hdds-2280-tn9v7-3755420433, networkLocation: /default-rack, certSerialId: null}0a35b46b-2cae-405a-8e00-ec21236555b8{ip: 192.168.164.230, host: pr-hdds-2280-tn9v7-3755420433, networkLocation: /default-rack, certSerialId: null}, Type:RATIS, Factor:THREE, State:OPEN]
2019-10-10 13:23:18,688 [grpc-default-executor-3] INFO  impl.RaftServerProxy (RaftServerProxy.java:addNew(89)) - 1ccbf5a0-3179-4f97-9461-e435a3f85abe: addNew group-91BDB29C4700:[1ccbf5a0-3179-4f97-9461-e435a3f85abe:192.168.164.230:40090, 220726a2-4ddc-4b09-adf5-65aa5b79b83d:192.168.164.230:42301, 2353c1f1-726d-4738-890f-24cb4edef3db:192.168.164.230:38052] returns group-91BDB29C4700:java.util.concurrent.CompletableFuture@6aea7c10[Not completed]
2019-10-10 13:23:18,688 [grpc-default-executor-0] INFO  impl.RaftServerProxy (RaftServerProxy.java:addNew(89)) - 2353c1f1-726d-4738-890f-24cb4edef3db: addNew group-91BDB29C4700:[1ccbf5a0-3179-4f97-9461-e435a3f85abe:192.168.164.230:40090, 220726a2-4ddc-4b09-adf5-65aa5b79b83d:192.168.164.230:42301, 2353c1f1-726d-4738-890f-24cb4edef3db:192.168.164.230:38052] returns group-91BDB29C4700:java.util.concurrent.CompletableFuture@1818b18d[Not completed]
2019-10-10 13:23:18,688 [grpc-default-executor-2] INFO  impl.RaftServerProxy (RaftServerProxy.java:addNew(89)) - 220726a2-4ddc-4b09-adf5-65aa5b79b83d: addNew group-91BDB29C4700:[1ccbf5a0-3179-4f97-9461-e435a3f85abe:192.168.164.230:40090, 220726a2-4ddc-4b09-adf5-65aa5b79b83d:192.168.164.230:42301, 2353c1f1-726d-4738-890f-24cb4edef3db:192.168.164.230:38052] returns group-91BDB29C4700:java.util.concurrent.CompletableFuture@33a1a918[Not completed]
2019-10-10 13:23:18,691 [pool-169-thread-1] INFO  impl.RaftServerImpl (RaftServerImpl.java:<init>(95)) - 1ccbf5a0-3179-4f97-9461-e435a3f85abe: new RaftServerImpl for group-91BDB29C4700:[1ccbf5a0-3179-4f97-9461-e435a3f85abe:192.168.164.230:40090, 220726a2-4ddc-4b09-adf5-65aa5b79b83d:192.168.164.230:42301, 2353c1f1-726d-4738-890f-24cb4edef3db:192.168.164.230:38052] with ContainerStateMachine:uninitialized
2019-10-10 13:23:18,691 [pool-169-thread-1] INFO  server.RaftServerConfigKeys (ConfUtils.java:logGet(43)) - raft.server.rpc.timeout.min = 5s (custom)
2019-10-10 13:23:18,691 [pool-169-thread-1] INFO  server.RaftServerConfigKeys (ConfUtils.java:logGet(43)) - raft.server.rpc.timeout.max = 5200ms (custom)
2019-10-10 13:23:18,692 [pool-169-thread-1] INFO  server.RaftServerConfigKeys (ConfUtils.java:logGet(43)) - raft.server.rpcslowness.timeout = 120s (custom)
2019-10-10 13:23:18,692 [pool-169-thread-1] INFO  server.RaftServerConfigKeys (ConfUtils.java:logGet(43)) - raft.server.sleep.deviation.threshold = 300 (default)
2019-10-10 13:23:18,692 [pool-169-thread-1] INFO  server.RaftServerConfigKeys (ConfUtils.java:logGet(43)) - raft.server.log.appender.install.snapshot.enabled = false (custom)
2019-10-10 13:23:18,692 [pool-169-thread-1] INFO  impl.RaftServerImpl (ServerState.java:<init>(103)) - 1ccbf5a0-3179-4f97-9461-e435a3f85abe@group-91BDB29C4700: ConfigurationManager, init=-1: [1ccbf5a0-3179-4f97-9461-e435a3f85abe:192.168.164.230:40090, 220726a2-4ddc-4b09-adf5-65aa5b79b83d:192.168.164.230:42301, 2353c1f1-726d-4738-890f-24cb4edef3db:192.168.164.230:38052], old=null, confs=<EMPTY_MAP>
2019-10-10 13:23:18,692 [pool-169-thread-1] INFO  server.RaftServerConfigKeys (ConfUtils.java:logGet(43)) - raft.server.storage.dir = [/workdir/hadoop-ozone/integration-test/target/test-dir/MiniOzoneClusterImpl-9f2070aa-53b9-4d3a-8363-33cb6bbf0ea6/datanode-5/data/ratis] (custom)
2019-10-10 13:23:18,692 [pool-169-thread-1] INFO  server.RaftServerConfigKeys (ConfUtils.java:logGet(43)) - raft.server.log.corruption.policy = EXCEPTION (default)
2019-10-10 13:23:18,692 [pool-179-thread-1] INFO  impl.RaftServerImpl (RaftServerImpl.java:<init>(95)) - 2353c1f1-726d-4738-890f-24cb4edef3db: new RaftServerImpl for group-91BDB29C4700:[1ccbf5a0-3179-4f97-9461-e435a3f85abe:192.168.164.230:40090, 220726a2-4ddc-4b09-adf5-65aa5b79b83d:192.168.164.230:42301, 2353c1f1-726d-4738-890f-24cb4edef3db:192.168.164.230:38052] with ContainerStateMachine:uninitialized
2019-10-10 13:23:18,692 [pool-169-thread-1] INFO  storage.RaftStorageDirectory (RaftStorageDirectory.java:analyzeStorage(246)) - The storage directory /workdir/hadoop-ozone/integration-test/target/test-dir/MiniOzoneClusterImpl-9f2070aa-53b9-4d3a-8363-33cb6bbf0ea6/datanode-5/data/ratis/6b1b8ca0-a198-4498-8211-91bdb29c4700 does not exist. Creating ...
2019-10-10 13:23:18,693 [pool-179-thread-1] INFO  server.RaftServerConfigKeys (ConfUtils.java:logGet(43)) - raft.server.rpc.timeout.min = 5s (custom)
2019-10-10 13:23:18,693 [pool-179-thread-1] INFO  server.RaftServerConfigKeys (ConfUtils.java:logGet(43)) - raft.server.rpc.timeout.max = 5200ms (custom)
2019-10-10 13:23:18,693 [pool-179-thread-1] INFO  server.RaftServerConfigKeys (ConfUtils.java:logGet(43)) - raft.server.rpcslowness.timeout = 120s (custom)
2019-10-10 13:23:18,693 [pool-179-thread-1] INFO  server.RaftServerConfigKeys (ConfUtils.java:logGet(43)) - raft.server.sleep.deviation.threshold = 300 (default)
2019-10-10 13:23:18,693 [pool-179-thread-1] INFO  server.RaftServerConfigKeys (ConfUtils.java:logGet(43)) - raft.server.log.appender.install.snapshot.enabled = false (custom)
2019-10-10 13:23:18,693 [pool-119-thread-1] INFO  impl.RaftServerImpl (RaftServerImpl.java:<init>(95)) - 220726a2-4ddc-4b09-adf5-65aa5b79b83d: new RaftServerImpl for group-91BDB29C4700:[1ccbf5a0-3179-4f97-9461-e435a3f85abe:192.168.164.230:40090, 220726a2-4ddc-4b09-adf5-65aa5b79b83d:192.168.164.230:42301, 2353c1f1-726d-4738-890f-24cb4edef3db:192.168.164.230:38052] with ContainerStateMachine:uninitialized
2019-10-10 13:23:18,693 [pool-179-thread-1] INFO  impl.RaftServerImpl (ServerState.java:<init>(103)) - 2353c1f1-726d-4738-890f-24cb4edef3db@group-91BDB29C4700: ConfigurationManager, init=-1: [1ccbf5a0-3179-4f97-9461-e435a3f85abe:192.168.164.230:40090, 220726a2-4ddc-4b09-adf5-65aa5b79b83d:192.168.164.230:42301, 2353c1f1-726d-4738-890f-24cb4edef3db:192.168.164.230:38052], old=null, confs=<EMPTY_MAP>
2019-10-10 13:23:18,693 [pool-119-thread-1] INFO  server.RaftServerConfigKeys (ConfUtils.java:logGet(43)) - raft.server.rpc.timeout.min = 5s (custom)
2019-10-10 13:23:18,693 [pool-179-thread-1] INFO  server.RaftServerConfigKeys (ConfUtils.java:logGet(43)) - raft.server.storage.dir = [/workdir/hadoop-ozone/integration-test/target/test-dir/MiniOzoneClusterImpl-9f2070aa-53b9-4d3a-8363-33cb6bbf0ea6/datanode-6/data/ratis] (custom)
2019-10-10 13:23:18,694 [pool-119-thread-1] INFO  server.RaftServerConfigKeys (ConfUtils.java:logGet(43)) - raft.server.rpc.timeout.max = 5200ms (custom)
2019-10-10 13:23:18,694 [pool-119-thread-1] INFO  server.RaftServerConfigKeys (ConfUtils.java:logGet(43)) - raft.server.rpcslowness.timeout = 120s (custom)
2019-10-10 13:23:18,694 [pool-179-thread-1] INFO  server.RaftServerConfigKeys (ConfUtils.java:logGet(43)) - raft.server.log.corruption.policy = EXCEPTION (default)
2019-10-10 13:23:18,694 [pool-119-thread-1] INFO  server.RaftServerConfigKeys (ConfUtils.java:logGet(43)) - raft.server.sleep.deviation.threshold = 300 (default)
2019-10-10 13:23:18,694 [pool-179-thread-1] INFO  storage.RaftStorageDirectory (RaftStorageDirectory.java:analyzeStorage(246)) - The storage directory /workdir/hadoop-ozone/integration-test/target/test-dir/MiniOzoneClusterImpl-9f2070aa-53b9-4d3a-8363-33cb6bbf0ea6/datanode-6/data/ratis/6b1b8ca0-a198-4498-8211-91bdb29c4700 does not exist. Creating ...
2019-10-10 13:23:18,694 [pool-119-thread-1] INFO  server.RaftServerConfigKeys (ConfUtils.java:logGet(43)) - raft.server.log.appender.install.snapshot.enabled = false (custom)
2019-10-10 13:23:18,694 [pool-119-thread-1] INFO  impl.RaftServerImpl (ServerState.java:<init>(103)) - 220726a2-4ddc-4b09-adf5-65aa5b79b83d@group-91BDB29C4700: ConfigurationManager, init=-1: [1ccbf5a0-3179-4f97-9461-e435a3f85abe:192.168.164.230:40090, 220726a2-4ddc-4b09-adf5-65aa5b79b83d:192.168.164.230:42301, 2353c1f1-726d-4738-890f-24cb4edef3db:192.168.164.230:38052], old=null, confs=<EMPTY_MAP>
2019-10-10 13:23:18,695 [pool-119-thread-1] INFO  server.RaftServerConfigKeys (ConfUtils.java:logGet(43)) - raft.server.storage.dir = [/workdir/hadoop-ozone/integration-test/target/test-dir/MiniOzoneClusterImpl-9f2070aa-53b9-4d3a-8363-33cb6bbf0ea6/datanode-0/data/ratis] (custom)
2019-10-10 13:23:18,695 [pool-119-thread-1] INFO  server.RaftServerConfigKeys (ConfUtils.java:logGet(43)) - raft.server.log.corruption.policy = EXCEPTION (default)
2019-10-10 13:23:18,695 [pool-119-thread-1] INFO  storage.RaftStorageDirectory (RaftStorageDirectory.java:analyzeStorage(246)) - The storage directory /workdir/hadoop-ozone/integration-test/target/test-dir/MiniOzoneClusterImpl-9f2070aa-53b9-4d3a-8363-33cb6bbf0ea6/datanode-0/data/ratis/6b1b8ca0-a198-4498-8211-91bdb29c4700 does not exist. Creating ...
2019-10-10 13:23:18,719 [pool-179-thread-1] INFO  storage.RaftStorageDirectory (RaftStorageDirectory.java:tryLock(328)) - Lock on /workdir/hadoop-ozone/integration-test/target/test-dir/MiniOzoneClusterImpl-9f2070aa-53b9-4d3a-8363-33cb6bbf0ea6/datanode-6/data/ratis/6b1b8ca0-a198-4498-8211-91bdb29c4700/in_use.lock acquired by nodename 11650@pr-hdds-2280-tn9v7-3755420433
2019-10-10 13:23:18,719 [pool-119-thread-1] INFO  storage.RaftStorageDirectory (RaftStorageDirectory.java:tryLock(328)) - Lock on /workdir/hadoop-ozone/integration-test/target/test-dir/MiniOzoneClusterImpl-9f2070aa-53b9-4d3a-8363-33cb6bbf0ea6/datanode-0/data/ratis/6b1b8ca0-a198-4498-8211-91bdb29c4700/in_use.lock acquired by nodename 11650@pr-hdds-2280-tn9v7-3755420433
2019-10-10 13:23:18,719 [pool-169-thread-1] INFO  storage.RaftStorageDirectory (RaftStorageDirectory.java:tryLock(328)) - Lock on /workdir/hadoop-ozone/integration-test/target/test-dir/MiniOzoneClusterImpl-9f2070aa-53b9-4d3a-8363-33cb6bbf0ea6/datanode-5/data/ratis/6b1b8ca0-a198-4498-8211-91bdb29c4700/in_use.lock acquired by nodename 11650@pr-hdds-2280-tn9v7-3755420433
2019-10-10 13:23:18,739 [pool-179-thread-1] INFO  storage.RaftStorage (RaftStorage.java:format(84)) - Storage directory /workdir/hadoop-ozone/integration-test/target/test-dir/MiniOzoneClusterImpl-9f2070aa-53b9-4d3a-8363-33cb6bbf0ea6/datanode-6/data/ratis/6b1b8ca0-a198-4498-8211-91bdb29c4700 has been successfully formatted.
2019-10-10 13:23:18,739 [pool-119-thread-1] INFO  storage.RaftStorage (RaftStorage.java:format(84)) - Storage directory /workdir/hadoop-ozone/integration-test/target/test-dir/MiniOzoneClusterImpl-9f2070aa-53b9-4d3a-8363-33cb6bbf0ea6/datanode-0/data/ratis/6b1b8ca0-a198-4498-8211-91bdb29c4700 has been successfully formatted.
2019-10-10 13:23:18,739 [pool-169-thread-1] INFO  storage.RaftStorage (RaftStorage.java:format(84)) - Storage directory /workdir/hadoop-ozone/integration-test/target/test-dir/MiniOzoneClusterImpl-9f2070aa-53b9-4d3a-8363-33cb6bbf0ea6/datanode-5/data/ratis/6b1b8ca0-a198-4498-8211-91bdb29c4700 has been successfully formatted.
2019-10-10 13:23:18,740 [pool-179-thread-1] INFO  ratis.ContainerStateMachine (ContainerStateMachine.java:loadSnapshot(231)) - group-91BDB29C4700: The snapshot info is null. Setting the last applied indexto:(t:0, i:~)
2019-10-10 13:23:18,740 [pool-119-thread-1] INFO  ratis.ContainerStateMachine (ContainerStateMachine.java:loadSnapshot(231)) - group-91BDB29C4700: The snapshot info is null. Setting the last applied indexto:(t:0, i:~)
2019-10-10 13:23:18,740 [pool-169-thread-1] INFO  ratis.ContainerStateMachine (ContainerStateMachine.java:loadSnapshot(231)) - group-91BDB29C4700: The snapshot info is null. Setting the last applied indexto:(t:0, i:~)
2019-10-10 13:23:18,740 [pool-119-thread-1] INFO  server.RaftServerConfigKeys (ConfUtils.java:logGet(43)) - raft.server.notification.no-leader.timeout = 120s (custom)
2019-10-10 13:23:18,740 [pool-179-thread-1] INFO  server.RaftServerConfigKeys (ConfUtils.java:logGet(43)) - raft.server.notification.no-leader.timeout = 120s (custom)
2019-10-10 13:23:18,740 [pool-119-thread-1] INFO  server.RaftServerConfigKeys (ConfUtils.java:logGet(43)) - raft.server.log.use.memory = false (default)
2019-10-10 13:23:18,740 [pool-169-thread-1] INFO  server.RaftServerConfigKeys (ConfUtils.java:logGet(43)) - raft.server.notification.no-leader.timeout = 120s (custom)
2019-10-10 13:23:18,741 [pool-119-thread-1] INFO  server.RaftServerConfigKeys (ConfUtils.java:logGet(43)) - raft.server.log.purge.gap = 1000000 (custom)
2019-10-10 13:23:18,740 [pool-179-thread-1] INFO  server.RaftServerConfigKeys (ConfUtils.java:logGet(43)) - raft.server.log.use.memory = false (default)
2019-10-10 13:23:18,741 [pool-119-thread-1] INFO  server.RaftServerConfigKeys (ConfUtils.java:logGet(43)) - raft.server.log.appender.buffer.byte-limit = 33554432 (custom)
2019-10-10 13:23:18,741 [pool-169-thread-1] INFO  server.RaftServerConfigKeys (ConfUtils.java:logGet(43)) - raft.server.log.use.memory = false (default)
2019-10-10 13:23:18,741 [pool-119-thread-1] INFO  server.RaftServerConfigKeys (ConfUtils.java:logGet(43)) - raft.server.log.segment.size.max = 1048576 (custom)
2019-10-10 13:23:18,741 [pool-179-thread-1] INFO  server.RaftServerConfigKeys (ConfUtils.java:logGet(43)) - raft.server.log.purge.gap = 1000000 (custom)
2019-10-10 13:23:18,741 [pool-119-thread-1] INFO  server.RaftServerConfigKeys (ConfUtils.java:logGet(43)) - raft.server.log.segment.cache.num.max = 2 (custom)
2019-10-10 13:23:18,741 [pool-169-thread-1] INFO  server.RaftServerConfigKeys (ConfUtils.java:logGet(43)) - raft.server.log.purge.gap = 1000000 (custom)
2019-10-10 13:23:18,742 [pool-119-thread-1] INFO  segmented.SegmentedRaftLogWorker (SegmentedRaftLogWorker.java:<init>(173)) - new 220726a2-4ddc-4b09-adf5-65aa5b79b83d@group-91BDB29C4700-SegmentedRaftLogWorker for RaftStorage:Storage Directory /workdir/hadoop-ozone/integration-test/target/test-dir/MiniOzoneClusterImpl-9f2070aa-53b9-4d3a-8363-33cb6bbf0ea6/datanode-0/data/ratis/6b1b8ca0-a198-4498-8211-91bdb29c4700
2019-10-10 13:23:18,741 [pool-179-thread-1] INFO  server.RaftServerConfigKeys (ConfUtils.java:logGet(43)) - raft.server.log.appender.buffer.byte-limit = 33554432 (custom)
2019-10-10 13:23:18,742 [pool-119-thread-1] INFO  server.RaftServerConfigKeys (ConfUtils.java:logGet(43)) - raft.server.log.queue.byte-limit = 2147483647 (custom)
2019-10-10 13:23:18,742 [pool-169-thread-1] INFO  server.RaftServerConfigKeys (ConfUtils.java:logGet(43)) - raft.server.log.appender.buffer.byte-limit = 33554432 (custom)
2019-10-10 13:23:18,742 [pool-119-thread-1] INFO  server.RaftServerConfigKeys (ConfUtils.java:logGet(43)) - raft.server.log.queue.element-limit = 1024 (custom)
2019-10-10 13:23:18,742 [pool-179-thread-1] INFO  server.RaftServerConfigKeys (ConfUtils.java:logGet(43)) - raft.server.log.segment.size.max = 1048576 (custom)
2019-10-10 13:23:18,742 [pool-119-thread-1] INFO  server.RaftServerConfigKeys (ConfUtils.java:logGet(43)) - raft.server.log.segment.size.max = 1048576 (custom)
2019-10-10 13:23:18,742 [pool-169-thread-1] INFO  server.RaftServerConfigKeys (ConfUtils.java:logGet(43)) - raft.server.log.segment.size.max = 1048576 (custom)
2019-10-10 13:23:18,742 [pool-119-thread-1] INFO  server.RaftServerConfigKeys (ConfUtils.java:logGet(43)) - raft.server.log.preallocated.size = 16384 (custom)
2019-10-10 13:23:18,742 [pool-179-thread-1] INFO  server.RaftServerConfigKeys (ConfUtils.java:logGet(43)) - raft.server.log.segment.cache.num.max = 2 (custom)
2019-10-10 13:23:18,743 [pool-119-thread-1] INFO  server.RaftServerConfigKeys (ConfUtils.java:logGet(43)) - raft.server.log.write.buffer.size = 33554432 (custom)
2019-10-10 13:23:18,743 [pool-169-thread-1] INFO  server.RaftServerConfigKeys (ConfUtils.java:logGet(43)) - raft.server.log.segment.cache.num.max = 2 (custom)
2019-10-10 13:23:18,743 [pool-119-thread-1] INFO  server.RaftServerConfigKeys (ConfUtils.java:logGet(43)) - raft.server.log.force.sync.num = 128 (default)
2019-10-10 13:23:18,743 [pool-179-thread-1] INFO  segmented.SegmentedRaftLogWorker (SegmentedRaftLogWorker.java:<init>(173)) - new 2353c1f1-726d-4738-890f-24cb4edef3db@group-91BDB29C4700-SegmentedRaftLogWorker for RaftStorage:Storage Directory /workdir/hadoop-ozone/integration-test/target/test-dir/MiniOzoneClusterImpl-9f2070aa-53b9-4d3a-8363-33cb6bbf0ea6/datanode-6/data/ratis/6b1b8ca0-a198-4498-8211-91bdb29c4700
2019-10-10 13:23:18,743 [pool-119-thread-1] INFO  server.RaftServerConfigKeys (ConfUtils.java:logGet(43)) - raft.server.log.statemachine.data.sync = true (default)
2019-10-10 13:23:18,743 [pool-169-thread-1] INFO  segmented.SegmentedRaftLogWorker (SegmentedRaftLogWorker.java:<init>(173)) - new 1ccbf5a0-3179-4f97-9461-e435a3f85abe@group-91BDB29C4700-SegmentedRaftLogWorker for RaftStorage:Storage Directory /workdir/hadoop-ozone/integration-test/target/test-dir/MiniOzoneClusterImpl-9f2070aa-53b9-4d3a-8363-33cb6bbf0ea6/datanode-5/data/ratis/6b1b8ca0-a198-4498-8211-91bdb29c4700
2019-10-10 13:23:18,744 [pool-119-thread-1] INFO  server.RaftServerConfigKeys (ConfUtils.java:logGet(43)) - raft.server.log.statemachine.data.sync.timeout = 10s (default)
2019-10-10 13:23:18,743 [pool-179-thread-1] INFO  server.RaftServerConfigKeys (ConfUtils.java:logGet(43)) - raft.server.log.queue.byte-limit = 2147483647 (custom)
2019-10-10 13:23:18,744 [pool-119-thread-1] INFO  server.RaftServerConfigKeys (ConfUtils.java:logGet(43)) - raft.server.log.statemachine.data.sync.timeout.retry = -1 (default)
2019-10-10 13:23:18,744 [pool-169-thread-1] INFO  server.RaftServerConfigKeys (ConfUtils.java:logGet(43)) - raft.server.log.queue.byte-limit = 2147483647 (custom)
2019-10-10 13:23:18,744 [pool-179-thread-1] INFO  server.RaftServerConfigKeys (ConfUtils.java:logGet(43)) - raft.server.log.queue.element-limit = 1024 (custom)
2019-10-10 13:23:18,744 [pool-119-thread-1] INFO  server.RaftServerConfigKeys (ConfUtils.java:logGet(43)) - raft.server.log.statemachine.data.caching.enabled = true (custom)
2019-10-10 13:23:18,744 [pool-169-thread-1] INFO  server.RaftServerConfigKeys (ConfUtils.java:logGet(43)) - raft.server.log.queue.element-limit = 1024 (custom)
2019-10-10 13:23:18,744 [pool-179-thread-1] INFO  server.RaftServerConfigKeys (ConfUtils.java:logGet(43)) - raft.server.log.segment.size.max = 1048576 (custom)
2019-10-10 13:23:18,745 [pool-169-thread-1] INFO  server.RaftServerConfigKeys (ConfUtils.java:logGet(43)) - raft.server.log.segment.size.max = 1048576 (custom)
2019-10-10 13:23:18,745 [pool-119-thread-1] INFO  segmented.SegmentedRaftLogWorker (SegmentedRaftLogWorker.java:lambda$new$0(128)) - 220726a2-4ddc-4b09-adf5-65aa5b79b83d@group-91BDB29C4700-SegmentedRaftLogWorker: flushIndex: setUnconditionally 0 -> -1
2019-10-10 13:23:18,745 [pool-179-thread-1] INFO  server.RaftServerConfigKeys (ConfUtils.java:logGet(43)) - raft.server.log.preallocated.size = 16384 (custom)
2019-10-10 13:23:18,745 [pool-169-thread-1] INFO  server.RaftServerConfigKeys (ConfUtils.java:logGet(43)) - raft.server.log.preallocated.size = 16384 (custom)
2019-10-10 13:23:18,745 [pool-119-thread-1] INFO  server.RaftServerConfigKeys (ConfUtils.java:logGet(43)) - raft.server.snapshot.auto.trigger.enabled = true (custom)
2019-10-10 13:23:18,745 [pool-179-thread-1] INFO  server.RaftServerConfigKeys (ConfUtils.java:logGet(43)) - raft.server.log.write.buffer.size = 33554432 (custom)
2019-10-10 13:23:18,745 [pool-119-thread-1] INFO  server.RaftServerConfigKeys (ConfUtils.java:logGet(43)) - raft.server.snapshot.auto.trigger.threshold = 10000 (custom)
2019-10-10 13:23:18,745 [pool-169-thread-1] INFO  server.RaftServerConfigKeys (ConfUtils.java:logGet(43)) - raft.server.log.write.buffer.size = 33554432 (custom)
2019-10-10 13:23:18,746 [pool-119-thread-1] INFO  server.RaftServerConfigKeys (ConfUtils.java:logGet(43)) - raft.server.snapshot.retention.file.num = 5 (custom)
2019-10-10 13:23:18,745 [pool-179-thread-1] INFO  server.RaftServerConfigKeys (ConfUtils.java:logGet(43)) - raft.server.log.force.sync.num = 128 (default)
2019-10-10 13:23:18,746 [pool-119-thread-1] INFO  server.RaftServerConfigKeys (ConfUtils.java:logGet(43)) - raft.server.retrycache.expirytime = 600000ms (custom)
2019-10-10 13:23:18,746 [pool-169-thread-1] INFO  server.RaftServerConfigKeys (ConfUtils.java:logGet(43)) - raft.server.log.force.sync.num = 128 (default)
2019-10-10 13:23:18,746 [pool-179-thread-1] INFO  server.RaftServerConfigKeys (ConfUtils.java:logGet(43)) - raft.server.log.statemachine.data.sync = true (default)
2019-10-10 13:23:18,746 [pool-169-thread-1] INFO  server.RaftServerConfigKeys (ConfUtils.java:logGet(43)) - raft.server.log.statemachine.data.sync = true (default)
2019-10-10 13:23:18,746 [pool-179-thread-1] INFO  server.RaftServerConfigKeys (ConfUtils.java:logGet(43)) - raft.server.log.statemachine.data.sync.timeout = 10s (default)
2019-10-10 13:23:18,747 [pool-169-thread-1] INFO  server.RaftServerConfigKeys (ConfUtils.java:logGet(43)) - raft.server.log.statemachine.data.sync.timeout = 10s (default)
2019-10-10 13:23:18,747 [pool-179-thread-1] INFO  server.RaftServerConfigKeys (ConfUtils.java:logGet(43)) - raft.server.log.statemachine.data.sync.timeout.retry = -1 (default)
2019-10-10 13:23:18,747 [pool-169-thread-1] INFO  server.RaftServerConfigKeys (ConfUtils.java:logGet(43)) - raft.server.log.statemachine.data.sync.timeout.retry = -1 (default)
2019-10-10 13:23:18,747 [pool-179-thread-1] INFO  server.RaftServerConfigKeys (ConfUtils.java:logGet(43)) - raft.server.log.statemachine.data.caching.enabled = true (custom)
2019-10-10 13:23:18,747 [pool-169-thread-1] INFO  server.RaftServerConfigKeys (ConfUtils.java:logGet(43)) - raft.server.log.statemachine.data.caching.enabled = true (custom)
2019-10-10 13:23:18,747 [pool-179-thread-1] INFO  segmented.SegmentedRaftLogWorker (SegmentedRaftLogWorker.java:lambda$new$0(128)) - 2353c1f1-726d-4738-890f-24cb4edef3db@group-91BDB29C4700-SegmentedRaftLogWorker: flushIndex: setUnconditionally 0 -> -1
2019-10-10 13:23:18,747 [pool-169-thread-1] INFO  segmented.SegmentedRaftLogWorker (SegmentedRaftLogWorker.java:lambda$new$0(128)) - 1ccbf5a0-3179-4f97-9461-e435a3f85abe@group-91BDB29C4700-SegmentedRaftLogWorker: flushIndex: setUnconditionally 0 -> -1
2019-10-10 13:23:18,747 [pool-179-thread-1] INFO  server.RaftServerConfigKeys (ConfUtils.java:logGet(43)) - raft.server.snapshot.auto.trigger.enabled = true (custom)
2019-10-10 13:23:18,748 [pool-179-thread-1] INFO  server.RaftServerConfigKeys (ConfUtils.java:logGet(43)) - raft.server.snapshot.auto.trigger.threshold = 10000 (custom)
2019-10-10 13:23:18,748 [pool-169-thread-1] INFO  server.RaftServerConfigKeys (ConfUtils.java:logGet(43)) - raft.server.snapshot.auto.trigger.enabled = true (custom)
2019-10-10 13:23:18,748 [pool-179-thread-1] INFO  server.RaftServerConfigKeys (ConfUtils.java:logGet(43)) - raft.server.snapshot.retention.file.num = 5 (custom)
2019-10-10 13:23:18,748 [pool-169-thread-1] INFO  server.RaftServerConfigKeys (ConfUtils.java:logGet(43)) - raft.server.snapshot.auto.trigger.threshold = 10000 (custom)
2019-10-10 13:23:18,748 [pool-179-thread-1] INFO  server.RaftServerConfigKeys (ConfUtils.java:logGet(43)) - raft.server.retrycache.expirytime = 600000ms (custom)
2019-10-10 13:23:18,748 [pool-169-thread-1] INFO  server.RaftServerConfigKeys (ConfUtils.java:logGet(43)) - raft.server.snapshot.retention.file.num = 5 (custom)
2019-10-10 13:23:18,748 [pool-169-thread-1] INFO  server.RaftServerConfigKeys (ConfUtils.java:logGet(43)) - raft.server.retrycache.expirytime = 600000ms (custom)
2019-10-10 13:23:18,749 [pool-119-thread-1] INFO  impl.RaftServerImpl (RaftServerImpl.java:start(181)) - 220726a2-4ddc-4b09-adf5-65aa5b79b83d@group-91BDB29C4700: start as a follower, conf=-1: [1ccbf5a0-3179-4f97-9461-e435a3f85abe:192.168.164.230:40090, 220726a2-4ddc-4b09-adf5-65aa5b79b83d:192.168.164.230:42301, 2353c1f1-726d-4738-890f-24cb4edef3db:192.168.164.230:38052], old=null
2019-10-10 13:23:18,749 [pool-119-thread-1] INFO  impl.RaftServerImpl (RaftServerImpl.java:setRole(170)) - 220726a2-4ddc-4b09-adf5-65aa5b79b83d@group-91BDB29C4700: changes role from      null to FOLLOWER at term 0 for startAsFollower
2019-10-10 13:23:18,749 [pool-119-thread-1] INFO  impl.RoleInfo (RoleInfo.java:updateAndGet(143)) - 220726a2-4ddc-4b09-adf5-65aa5b79b83d: start FollowerState
2019-10-10 13:23:18,750 [pool-119-thread-1] INFO  util.JmxRegister (JmxRegister.java:tryRegister(44)) - Successfully registered JMX Bean with object name Ratis:service=RaftServer,group=group-91BDB29C4700,id=220726a2-4ddc-4b09-adf5-65aa5b79b83d
2019-10-10 13:23:18,751 [pool-179-thread-1] INFO  impl.RaftServerImpl (RaftServerImpl.java:start(181)) - 2353c1f1-726d-4738-890f-24cb4edef3db@group-91BDB29C4700: start as a follower, conf=-1: [1ccbf5a0-3179-4f97-9461-e435a3f85abe:192.168.164.230:40090, 220726a2-4ddc-4b09-adf5-65aa5b79b83d:192.168.164.230:42301, 2353c1f1-726d-4738-890f-24cb4edef3db:192.168.164.230:38052], old=null
2019-10-10 13:23:18,751 [pool-179-thread-1] INFO  impl.RaftServerImpl (RaftServerImpl.java:setRole(170)) - 2353c1f1-726d-4738-890f-24cb4edef3db@group-91BDB29C4700: changes role from      null to FOLLOWER at term 0 for startAsFollower
2019-10-10 13:23:18,751 [pool-179-thread-1] INFO  impl.RoleInfo (RoleInfo.java:updateAndGet(143)) - 2353c1f1-726d-4738-890f-24cb4edef3db: start FollowerState
2019-10-10 13:23:18,751 [pool-169-thread-1] INFO  impl.RaftServerImpl (RaftServerImpl.java:start(181)) - 1ccbf5a0-3179-4f97-9461-e435a3f85abe@group-91BDB29C4700: start as a follower, conf=-1: [1ccbf5a0-3179-4f97-9461-e435a3f85abe:192.168.164.230:40090, 220726a2-4ddc-4b09-adf5-65aa5b79b83d:192.168.164.230:42301, 2353c1f1-726d-4738-890f-24cb4edef3db:192.168.164.230:38052], old=null
2019-10-10 13:23:18,751 [pool-179-thread-1] INFO  util.JmxRegister (JmxRegister.java:tryRegister(44)) - Successfully registered JMX Bean with object name Ratis:service=RaftServer,group=group-91BDB29C4700,id=2353c1f1-726d-4738-890f-24cb4edef3db
2019-10-10 13:23:18,751 [pool-169-thread-1] INFO  impl.RaftServerImpl (RaftServerImpl.java:setRole(170)) - 1ccbf5a0-3179-4f97-9461-e435a3f85abe@group-91BDB29C4700: changes role from      null to FOLLOWER at term 0 for startAsFollower
2019-10-10 13:23:18,751 [pool-169-thread-1] INFO  impl.RoleInfo (RoleInfo.java:updateAndGet(143)) - 1ccbf5a0-3179-4f97-9461-e435a3f85abe: start FollowerState
2019-10-10 13:23:18,752 [pool-169-thread-1] INFO  util.JmxRegister (JmxRegister.java:tryRegister(44)) - Successfully registered JMX Bean with object name Ratis:service=RaftServer,group=group-91BDB29C4700,id=1ccbf5a0-3179-4f97-9461-e435a3f85abe
2019-10-10 13:23:18,756 [RatisPipelineUtilsThread] INFO  pipeline.PipelineStateManager (PipelineStateManager.java:addPipeline(56)) - Created pipeline Pipeline[ Id: 6b1b8ca0-a198-4498-8211-91bdb29c4700, Nodes: 2353c1f1-726d-4738-890f-24cb4edef3db{ip: 192.168.164.230, host: pr-hdds-2280-tn9v7-3755420433, networkLocation: /default-rack, certSerialId: null}1ccbf5a0-3179-4f97-9461-e435a3f85abe{ip: 192.168.164.230, host: pr-hdds-2280-tn9v7-3755420433, networkLocation: /default-rack, certSerialId: null}220726a2-4ddc-4b09-adf5-65aa5b79b83d{ip: 192.168.164.230, host: pr-hdds-2280-tn9v7-3755420433, networkLocation: /default-rack, certSerialId: null}, Type:RATIS, Factor:THREE, State:OPEN]
2019-10-10 13:23:19,314 [main] INFO  ozone.MiniOzoneClusterImpl (MiniOzoneClusterImpl.java:lambda$waitForClusterToBeReady$0(147)) - Cluster is ready. Got 7 of 7 DN Heartbeats.
2019-10-10 13:23:19,354 [main] INFO  rpc.RpcClient (RpcClient.java:createVolume(272)) - Creating Volume: testblockoutputstreamwithretries, with jenkins1000 as owner.
2019-10-10 13:23:19,357 [IPC Server handler 1 on 39206] INFO  volume.OMVolumeCreateRequest (OMVolumeCreateRequest.java:validateAndUpdateCache(193)) - created volume:testblockoutputstreamwithretries for user:jenkins1000
2019-10-10 13:23:19,383 [main] INFO  rpc.RpcClient (RpcClient.java:createBucket(411)) - Creating Bucket: testblockoutputstreamwithretries/testblockoutputstreamwithretries, with Versioning false and Storage Type set to DISK and Encryption set to false 
2019-10-10 13:23:21,101 [Thread-716] INFO  container.ReplicationManager (ReplicationManager.java:start(162)) - Starting Replication Monitor Thread.
2019-10-10 13:23:21,106 [ReplicationMonitor] INFO  container.ReplicationManager (ReplicationManager.java:run(225)) - Replication Monitor Thread took 1 milliseconds for processing 3 containers.
2019-10-10 13:23:23,315 [Thread-718] INFO  impl.FollowerState (FollowerState.java:run(108)) - 220726a2-4ddc-4b09-adf5-65aa5b79b83d@group-CA3B002BDA63-FollowerState: change to CANDIDATE, lastRpcTime:5108ms, electionTimeout:5108ms
2019-10-10 13:23:23,315 [Thread-718] INFO  impl.RoleInfo (RoleInfo.java:shutdownFollowerState(121)) - 220726a2-4ddc-4b09-adf5-65aa5b79b83d: shutdown FollowerState
2019-10-10 13:23:23,316 [Thread-718] INFO  impl.RaftServerImpl (RaftServerImpl.java:setRole(170)) - 220726a2-4ddc-4b09-adf5-65aa5b79b83d@group-CA3B002BDA63: changes role from  FOLLOWER to CANDIDATE at term 0 for changeToCandidate
2019-10-10 13:23:23,316 [Thread-718] INFO  impl.RoleInfo (RoleInfo.java:updateAndGet(143)) - 220726a2-4ddc-4b09-adf5-65aa5b79b83d: start LeaderElection
2019-10-10 13:23:23,349 [220726a2-4ddc-4b09-adf5-65aa5b79b83d@group-CA3B002BDA63-LeaderElection18] INFO  impl.LeaderElection (LeaderElection.java:askForVotes(178)) - 220726a2-4ddc-4b09-adf5-65aa5b79b83d@group-CA3B002BDA63-LeaderElection18: begin an election at term 1 for -1: [220726a2-4ddc-4b09-adf5-65aa5b79b83d:192.168.164.230:42301], old=null
2019-10-10 13:23:23,349 [220726a2-4ddc-4b09-adf5-65aa5b79b83d@group-CA3B002BDA63-LeaderElection18] INFO  impl.RoleInfo (RoleInfo.java:shutdownLeaderElection(134)) - 220726a2-4ddc-4b09-adf5-65aa5b79b83d: shutdown LeaderElection
2019-10-10 13:23:23,350 [220726a2-4ddc-4b09-adf5-65aa5b79b83d@group-CA3B002BDA63-LeaderElection18] INFO  impl.RaftServerImpl (RaftServerImpl.java:setRole(170)) - 220726a2-4ddc-4b09-adf5-65aa5b79b83d@group-CA3B002BDA63: changes role from CANDIDATE to LEADER at term 1 for changeToLeader
2019-10-10 13:23:23,350 [220726a2-4ddc-4b09-adf5-65aa5b79b83d@group-CA3B002BDA63-LeaderElection18] INFO  impl.RaftServerImpl (ServerState.java:setLeader(255)) - 220726a2-4ddc-4b09-adf5-65aa5b79b83d@group-CA3B002BDA63: change Leader from null to 220726a2-4ddc-4b09-adf5-65aa5b79b83d at term 1 for becomeLeader, leader elected after 5152ms
2019-10-10 13:23:23,352 [220726a2-4ddc-4b09-adf5-65aa5b79b83d@group-CA3B002BDA63-LeaderElection18] INFO  server.RaftServerConfigKeys (ConfUtils.java:logGet(43)) - raft.server.staging.catchup.gap = 1000 (default)
2019-10-10 13:23:23,353 [220726a2-4ddc-4b09-adf5-65aa5b79b83d@group-CA3B002BDA63-LeaderElection18] INFO  server.RaftServerConfigKeys (ConfUtils.java:logGet(43)) - raft.server.rpc.sleep.time = 25ms (default)
2019-10-10 13:23:23,353 [220726a2-4ddc-4b09-adf5-65aa5b79b83d@group-CA3B002BDA63-LeaderElection18] INFO  server.RaftServerConfigKeys (ConfUtils.java:logGet(43)) - raft.server.write.element-limit = 4096 (default)
2019-10-10 13:23:23,353 [220726a2-4ddc-4b09-adf5-65aa5b79b83d@group-CA3B002BDA63-LeaderElection18] INFO  server.RaftServerConfigKeys (ConfUtils.java:logGet(43)) - raft.server.watch.timeout = 10s (default)
2019-10-10 13:23:23,354 [220726a2-4ddc-4b09-adf5-65aa5b79b83d@group-CA3B002BDA63-LeaderElection18] INFO  server.RaftServerConfigKeys (ConfUtils.java:logGet(43)) - raft.server.watch.timeout.denomination = 1s (default)
2019-10-10 13:23:23,354 [220726a2-4ddc-4b09-adf5-65aa5b79b83d@group-CA3B002BDA63-LeaderElection18] INFO  server.RaftServerConfigKeys (ConfUtils.java:logGet(43)) - raft.server.watch.element-limit = 65536 (default)
2019-10-10 13:23:23,357 [220726a2-4ddc-4b09-adf5-65aa5b79b83d@group-CA3B002BDA63-LeaderElection18] INFO  impl.RoleInfo (RoleInfo.java:updateAndGet(143)) - 220726a2-4ddc-4b09-adf5-65aa5b79b83d: start LeaderState
2019-10-10 13:23:23,358 [220726a2-4ddc-4b09-adf5-65aa5b79b83d@group-CA3B002BDA63-LeaderElection18] INFO  segmented.SegmentedRaftLogWorker (SegmentedRaftLogWorker.java:startLogSegment(385)) - 220726a2-4ddc-4b09-adf5-65aa5b79b83d@group-CA3B002BDA63-SegmentedRaftLogWorker: Starting segment from index:0
2019-10-10 13:23:23,359 [220726a2-4ddc-4b09-adf5-65aa5b79b83d@group-CA3B002BDA63-LeaderElection18] INFO  impl.RaftServerImpl (ServerState.java:setRaftConf(356)) - 220726a2-4ddc-4b09-adf5-65aa5b79b83d@group-CA3B002BDA63: set configuration 0: [220726a2-4ddc-4b09-adf5-65aa5b79b83d:192.168.164.230:42301], old=null at 0
2019-10-10 13:23:23,397 [220726a2-4ddc-4b09-adf5-65aa5b79b83d@group-CA3B002BDA63-SegmentedRaftLogWorker] INFO  segmented.SegmentedRaftLogWorker (SegmentedRaftLogWorker.java:execute(574)) - 220726a2-4ddc-4b09-adf5-65aa5b79b83d@group-CA3B002BDA63-SegmentedRaftLogWorker: created new log segment /workdir/hadoop-ozone/integration-test/target/test-dir/MiniOzoneClusterImpl-9f2070aa-53b9-4d3a-8363-33cb6bbf0ea6/datanode-0/data/ratis/f41bad1b-a9fd-4ec1-b4bd-ca3b002bda63/current/log_inprogress_0
2019-10-10 13:23:23,448 [Thread-721] INFO  impl.FollowerState (FollowerState.java:run(108)) - 8202782f-3bf2-4b72-939d-b383b7999cab@group-A28AF8961A28-FollowerState: change to CANDIDATE, lastRpcTime:5163ms, electionTimeout:5163ms
2019-10-10 13:23:23,448 [Thread-721] INFO  impl.RoleInfo (RoleInfo.java:shutdownFollowerState(121)) - 8202782f-3bf2-4b72-939d-b383b7999cab: shutdown FollowerState
2019-10-10 13:23:23,448 [Thread-721] INFO  impl.RaftServerImpl (RaftServerImpl.java:setRole(170)) - 8202782f-3bf2-4b72-939d-b383b7999cab@group-A28AF8961A28: changes role from  FOLLOWER to CANDIDATE at term 0 for changeToCandidate
2019-10-10 13:23:23,448 [Thread-721] INFO  impl.RoleInfo (RoleInfo.java:updateAndGet(143)) - 8202782f-3bf2-4b72-939d-b383b7999cab: start LeaderElection
2019-10-10 13:23:23,473 [Thread-724] INFO  impl.FollowerState (FollowerState.java:run(108)) - c18184fb-90ff-486b-bf72-63a58cb108ad@group-49D613E9107E-FollowerState: change to CANDIDATE, lastRpcTime:5132ms, electionTimeout:5117ms
2019-10-10 13:23:23,473 [Thread-724] INFO  impl.RoleInfo (RoleInfo.java:shutdownFollowerState(121)) - c18184fb-90ff-486b-bf72-63a58cb108ad: shutdown FollowerState
2019-10-10 13:23:23,473 [Thread-724] INFO  impl.RaftServerImpl (RaftServerImpl.java:setRole(170)) - c18184fb-90ff-486b-bf72-63a58cb108ad@group-49D613E9107E: changes role from  FOLLOWER to CANDIDATE at term 0 for changeToCandidate
2019-10-10 13:23:23,473 [Thread-724] INFO  impl.RoleInfo (RoleInfo.java:updateAndGet(143)) - c18184fb-90ff-486b-bf72-63a58cb108ad: start LeaderElection
2019-10-10 13:23:23,490 [Thread-727] INFO  impl.FollowerState (FollowerState.java:run(108)) - 0a35b46b-2cae-405a-8e00-ec21236555b8@group-3212ED39A6FC-FollowerState: change to CANDIDATE, lastRpcTime:5096ms, electionTimeout:5089ms
2019-10-10 13:23:23,490 [Thread-727] INFO  impl.RoleInfo (RoleInfo.java:shutdownFollowerState(121)) - 0a35b46b-2cae-405a-8e00-ec21236555b8: shutdown FollowerState
2019-10-10 13:23:23,490 [Thread-727] INFO  impl.RaftServerImpl (RaftServerImpl.java:setRole(170)) - 0a35b46b-2cae-405a-8e00-ec21236555b8@group-3212ED39A6FC: changes role from  FOLLOWER to CANDIDATE at term 0 for changeToCandidate
2019-10-10 13:23:23,491 [Thread-727] INFO  impl.RoleInfo (RoleInfo.java:updateAndGet(143)) - 0a35b46b-2cae-405a-8e00-ec21236555b8: start LeaderElection
2019-10-10 13:23:23,502 [8202782f-3bf2-4b72-939d-b383b7999cab@group-A28AF8961A28-LeaderElection19] INFO  impl.LeaderElection (LeaderElection.java:askForVotes(178)) - 8202782f-3bf2-4b72-939d-b383b7999cab@group-A28AF8961A28-LeaderElection19: begin an election at term 1 for -1: [8202782f-3bf2-4b72-939d-b383b7999cab:192.168.164.230:38517], old=null
2019-10-10 13:23:23,502 [c18184fb-90ff-486b-bf72-63a58cb108ad@group-49D613E9107E-LeaderElection20] INFO  impl.LeaderElection (LeaderElection.java:askForVotes(178)) - c18184fb-90ff-486b-bf72-63a58cb108ad@group-49D613E9107E-LeaderElection20: begin an election at term 1 for -1: [c18184fb-90ff-486b-bf72-63a58cb108ad:192.168.164.230:34020], old=null
2019-10-10 13:23:23,503 [8202782f-3bf2-4b72-939d-b383b7999cab@group-A28AF8961A28-LeaderElection19] INFO  impl.RoleInfo (RoleInfo.java:shutdownLeaderElection(134)) - 8202782f-3bf2-4b72-939d-b383b7999cab: shutdown LeaderElection
2019-10-10 13:23:23,502 [Thread-730] INFO  impl.FollowerState (FollowerState.java:run(108)) - 2353c1f1-726d-4738-890f-24cb4edef3db@group-E6D18DE9A7B0-FollowerState: change to CANDIDATE, lastRpcTime:5032ms, electionTimeout:5026ms
2019-10-10 13:23:23,503 [8202782f-3bf2-4b72-939d-b383b7999cab@group-A28AF8961A28-LeaderElection19] INFO  impl.RaftServerImpl (RaftServerImpl.java:setRole(170)) - 8202782f-3bf2-4b72-939d-b383b7999cab@group-A28AF8961A28: changes role from CANDIDATE to LEADER at term 1 for changeToLeader
2019-10-10 13:23:23,503 [c18184fb-90ff-486b-bf72-63a58cb108ad@group-49D613E9107E-LeaderElection20] INFO  impl.RoleInfo (RoleInfo.java:shutdownLeaderElection(134)) - c18184fb-90ff-486b-bf72-63a58cb108ad: shutdown LeaderElection
2019-10-10 13:23:23,503 [8202782f-3bf2-4b72-939d-b383b7999cab@group-A28AF8961A28-LeaderElection19] INFO  impl.RaftServerImpl (ServerState.java:setLeader(255)) - 8202782f-3bf2-4b72-939d-b383b7999cab@group-A28AF8961A28: change Leader from null to 8202782f-3bf2-4b72-939d-b383b7999cab at term 1 for becomeLeader, leader elected after 5227ms
2019-10-10 13:23:23,503 [Thread-730] INFO  impl.RoleInfo (RoleInfo.java:shutdownFollowerState(121)) - 2353c1f1-726d-4738-890f-24cb4edef3db: shutdown FollowerState
2019-10-10 13:23:23,506 [8202782f-3bf2-4b72-939d-b383b7999cab@group-A28AF8961A28-LeaderElection19] INFO  server.RaftServerConfigKeys (ConfUtils.java:logGet(43)) - raft.server.staging.catchup.gap = 1000 (default)
2019-10-10 13:23:23,503 [c18184fb-90ff-486b-bf72-63a58cb108ad@group-49D613E9107E-LeaderElection20] INFO  impl.RaftServerImpl (RaftServerImpl.java:setRole(170)) - c18184fb-90ff-486b-bf72-63a58cb108ad@group-49D613E9107E: changes role from CANDIDATE to LEADER at term 1 for changeToLeader
2019-10-10 13:23:23,506 [8202782f-3bf2-4b72-939d-b383b7999cab@group-A28AF8961A28-LeaderElection19] INFO  server.RaftServerConfigKeys (ConfUtils.java:logGet(43)) - raft.server.rpc.sleep.time = 25ms (default)
2019-10-10 13:23:23,506 [Thread-730] INFO  impl.RaftServerImpl (RaftServerImpl.java:setRole(170)) - 2353c1f1-726d-4738-890f-24cb4edef3db@group-E6D18DE9A7B0: changes role from  FOLLOWER to CANDIDATE at term 0 for changeToCandidate
2019-10-10 13:23:23,507 [8202782f-3bf2-4b72-939d-b383b7999cab@group-A28AF8961A28-LeaderElection19] INFO  server.RaftServerConfigKeys (ConfUtils.java:logGet(43)) - raft.server.write.element-limit = 4096 (default)
2019-10-10 13:23:23,506 [c18184fb-90ff-486b-bf72-63a58cb108ad@group-49D613E9107E-LeaderElection20] INFO  impl.RaftServerImpl (ServerState.java:setLeader(255)) - c18184fb-90ff-486b-bf72-63a58cb108ad@group-49D613E9107E: change Leader from null to c18184fb-90ff-486b-bf72-63a58cb108ad at term 1 for becomeLeader, leader elected after 5173ms
2019-10-10 13:23:23,507 [8202782f-3bf2-4b72-939d-b383b7999cab@group-A28AF8961A28-LeaderElection19] INFO  server.RaftServerConfigKeys (ConfUtils.java:logGet(43)) - raft.server.watch.timeout = 10s (default)
2019-10-10 13:23:23,507 [Thread-730] INFO  impl.RoleInfo (RoleInfo.java:updateAndGet(143)) - 2353c1f1-726d-4738-890f-24cb4edef3db: start LeaderElection
2019-10-10 13:23:23,509 [8202782f-3bf2-4b72-939d-b383b7999cab@group-A28AF8961A28-LeaderElection19] INFO  server.RaftServerConfigKeys (ConfUtils.java:logGet(43)) - raft.server.watch.timeout.denomination = 1s (default)
2019-10-10 13:23:23,509 [c18184fb-90ff-486b-bf72-63a58cb108ad@group-49D613E9107E-LeaderElection20] INFO  server.RaftServerConfigKeys (ConfUtils.java:logGet(43)) - raft.server.staging.catchup.gap = 1000 (default)
2019-10-10 13:23:23,510 [8202782f-3bf2-4b72-939d-b383b7999cab@group-A28AF8961A28-LeaderElection19] INFO  server.RaftServerConfigKeys (ConfUtils.java:logGet(43)) - raft.server.watch.element-limit = 65536 (default)
2019-10-10 13:23:23,514 [c18184fb-90ff-486b-bf72-63a58cb108ad@group-49D613E9107E-LeaderElection20] INFO  server.RaftServerConfigKeys (ConfUtils.java:logGet(43)) - raft.server.rpc.sleep.time = 25ms (default)
2019-10-10 13:23:23,515 [c18184fb-90ff-486b-bf72-63a58cb108ad@group-49D613E9107E-LeaderElection20] INFO  server.RaftServerConfigKeys (ConfUtils.java:logGet(43)) - raft.server.write.element-limit = 4096 (default)
2019-10-10 13:23:23,515 [0a35b46b-2cae-405a-8e00-ec21236555b8@group-3212ED39A6FC-LeaderElection21] INFO  impl.LeaderElection (LeaderElection.java:askForVotes(178)) - 0a35b46b-2cae-405a-8e00-ec21236555b8@group-3212ED39A6FC-LeaderElection21: begin an election at term 1 for -1: [0a35b46b-2cae-405a-8e00-ec21236555b8:192.168.164.230:34806], old=null
2019-10-10 13:23:23,515 [c18184fb-90ff-486b-bf72-63a58cb108ad@group-49D613E9107E-LeaderElection20] INFO  server.RaftServerConfigKeys (ConfUtils.java:logGet(43)) - raft.server.watch.timeout = 10s (default)
2019-10-10 13:23:23,515 [0a35b46b-2cae-405a-8e00-ec21236555b8@group-3212ED39A6FC-LeaderElection21] INFO  impl.RoleInfo (RoleInfo.java:shutdownLeaderElection(134)) - 0a35b46b-2cae-405a-8e00-ec21236555b8: shutdown LeaderElection
2019-10-10 13:23:23,516 [c18184fb-90ff-486b-bf72-63a58cb108ad@group-49D613E9107E-LeaderElection20] INFO  server.RaftServerConfigKeys (ConfUtils.java:logGet(43)) - raft.server.watch.timeout.denomination = 1s (default)
2019-10-10 13:23:23,516 [0a35b46b-2cae-405a-8e00-ec21236555b8@group-3212ED39A6FC-LeaderElection21] INFO  impl.RaftServerImpl (RaftServerImpl.java:setRole(170)) - 0a35b46b-2cae-405a-8e00-ec21236555b8@group-3212ED39A6FC: changes role from CANDIDATE to LEADER at term 1 for changeToLeader
2019-10-10 13:23:23,516 [c18184fb-90ff-486b-bf72-63a58cb108ad@group-49D613E9107E-LeaderElection20] INFO  server.RaftServerConfigKeys (ConfUtils.java:logGet(43)) - raft.server.watch.element-limit = 65536 (default)
2019-10-10 13:23:23,516 [0a35b46b-2cae-405a-8e00-ec21236555b8@group-3212ED39A6FC-LeaderElection21] INFO  impl.RaftServerImpl (ServerState.java:setLeader(255)) - 0a35b46b-2cae-405a-8e00-ec21236555b8@group-3212ED39A6FC: change Leader from null to 0a35b46b-2cae-405a-8e00-ec21236555b8 at term 1 for becomeLeader, leader elected after 5129ms
2019-10-10 13:23:23,519 [0a35b46b-2cae-405a-8e00-ec21236555b8@group-3212ED39A6FC-LeaderElection21] INFO  server.RaftServerConfigKeys (ConfUtils.java:logGet(43)) - raft.server.staging.catchup.gap = 1000 (default)
2019-10-10 13:23:23,519 [0a35b46b-2cae-405a-8e00-ec21236555b8@group-3212ED39A6FC-LeaderElection21] INFO  server.RaftServerConfigKeys (ConfUtils.java:logGet(43)) - raft.server.rpc.sleep.time = 25ms (default)
2019-10-10 13:23:23,519 [0a35b46b-2cae-405a-8e00-ec21236555b8@group-3212ED39A6FC-LeaderElection21] INFO  server.RaftServerConfigKeys (ConfUtils.java:logGet(43)) - raft.server.write.element-limit = 4096 (default)
2019-10-10 13:23:23,520 [0a35b46b-2cae-405a-8e00-ec21236555b8@group-3212ED39A6FC-LeaderElection21] INFO  server.RaftServerConfigKeys (ConfUtils.java:logGet(43)) - raft.server.watch.timeout = 10s (default)
2019-10-10 13:23:23,520 [8202782f-3bf2-4b72-939d-b383b7999cab@group-A28AF8961A28-LeaderElection19] INFO  impl.RoleInfo (RoleInfo.java:updateAndGet(143)) - 8202782f-3bf2-4b72-939d-b383b7999cab: start LeaderState
2019-10-10 13:23:23,520 [0a35b46b-2cae-405a-8e00-ec21236555b8@group-3212ED39A6FC-LeaderElection21] INFO  server.RaftServerConfigKeys (ConfUtils.java:logGet(43)) - raft.server.watch.timeout.denomination = 1s (default)
2019-10-10 13:23:23,520 [8202782f-3bf2-4b72-939d-b383b7999cab@group-A28AF8961A28-LeaderElection19] INFO  segmented.SegmentedRaftLogWorker (SegmentedRaftLogWorker.java:startLogSegment(385)) - 8202782f-3bf2-4b72-939d-b383b7999cab@group-A28AF8961A28-SegmentedRaftLogWorker: Starting segment from index:0
2019-10-10 13:23:23,520 [0a35b46b-2cae-405a-8e00-ec21236555b8@group-3212ED39A6FC-LeaderElection21] INFO  server.RaftServerConfigKeys (ConfUtils.java:logGet(43)) - raft.server.watch.element-limit = 65536 (default)
2019-10-10 13:23:23,521 [8202782f-3bf2-4b72-939d-b383b7999cab@group-A28AF8961A28-LeaderElection19] INFO  impl.RaftServerImpl (ServerState.java:setRaftConf(356)) - 8202782f-3bf2-4b72-939d-b383b7999cab@group-A28AF8961A28: set configuration 0: [8202782f-3bf2-4b72-939d-b383b7999cab:192.168.164.230:38517], old=null at 0
2019-10-10 13:23:23,556 [2353c1f1-726d-4738-890f-24cb4edef3db@group-E6D18DE9A7B0-LeaderElection22] INFO  impl.LeaderElection (LeaderElection.java:askForVotes(178)) - 2353c1f1-726d-4738-890f-24cb4edef3db@group-E6D18DE9A7B0-LeaderElection22: begin an election at term 1 for -1: [2353c1f1-726d-4738-890f-24cb4edef3db:192.168.164.230:38052], old=null
2019-10-10 13:23:23,557 [2353c1f1-726d-4738-890f-24cb4edef3db@group-E6D18DE9A7B0-LeaderElection22] INFO  impl.RoleInfo (RoleInfo.java:shutdownLeaderElection(134)) - 2353c1f1-726d-4738-890f-24cb4edef3db: shutdown LeaderElection
2019-10-10 13:23:23,557 [2353c1f1-726d-4738-890f-24cb4edef3db@group-E6D18DE9A7B0-LeaderElection22] INFO  impl.RaftServerImpl (RaftServerImpl.java:setRole(170)) - 2353c1f1-726d-4738-890f-24cb4edef3db@group-E6D18DE9A7B0: changes role from CANDIDATE to LEADER at term 1 for changeToLeader
2019-10-10 13:23:23,557 [2353c1f1-726d-4738-890f-24cb4edef3db@group-E6D18DE9A7B0-LeaderElection22] INFO  impl.RaftServerImpl (ServerState.java:setLeader(255)) - 2353c1f1-726d-4738-890f-24cb4edef3db@group-E6D18DE9A7B0: change Leader from null to 2353c1f1-726d-4738-890f-24cb4edef3db at term 1 for becomeLeader, leader elected after 5093ms
2019-10-10 13:23:23,560 [2353c1f1-726d-4738-890f-24cb4edef3db@group-E6D18DE9A7B0-LeaderElection22] INFO  server.RaftServerConfigKeys (ConfUtils.java:logGet(43)) - raft.server.staging.catchup.gap = 1000 (default)
2019-10-10 13:23:23,560 [2353c1f1-726d-4738-890f-24cb4edef3db@group-E6D18DE9A7B0-LeaderElection22] INFO  server.RaftServerConfigKeys (ConfUtils.java:logGet(43)) - raft.server.rpc.sleep.time = 25ms (default)
2019-10-10 13:23:23,561 [2353c1f1-726d-4738-890f-24cb4edef3db@group-E6D18DE9A7B0-LeaderElection22] INFO  server.RaftServerConfigKeys (ConfUtils.java:logGet(43)) - raft.server.write.element-limit = 4096 (default)
2019-10-10 13:23:23,561 [2353c1f1-726d-4738-890f-24cb4edef3db@group-E6D18DE9A7B0-LeaderElection22] INFO  server.RaftServerConfigKeys (ConfUtils.java:logGet(43)) - raft.server.watch.timeout = 10s (default)
2019-10-10 13:23:23,561 [2353c1f1-726d-4738-890f-24cb4edef3db@group-E6D18DE9A7B0-LeaderElection22] INFO  server.RaftServerConfigKeys (ConfUtils.java:logGet(43)) - raft.server.watch.timeout.denomination = 1s (default)
2019-10-10 13:23:23,561 [2353c1f1-726d-4738-890f-24cb4edef3db@group-E6D18DE9A7B0-LeaderElection22] INFO  server.RaftServerConfigKeys (ConfUtils.java:logGet(43)) - raft.server.watch.element-limit = 65536 (default)
2019-10-10 13:23:23,562 [c18184fb-90ff-486b-bf72-63a58cb108ad@group-49D613E9107E-LeaderElection20] INFO  impl.RoleInfo (RoleInfo.java:updateAndGet(143)) - c18184fb-90ff-486b-bf72-63a58cb108ad: start LeaderState
2019-10-10 13:23:23,562 [c18184fb-90ff-486b-bf72-63a58cb108ad@group-49D613E9107E-LeaderElection20] INFO  segmented.SegmentedRaftLogWorker (SegmentedRaftLogWorker.java:startLogSegment(385)) - c18184fb-90ff-486b-bf72-63a58cb108ad@group-49D613E9107E-SegmentedRaftLogWorker: Starting segment from index:0
2019-10-10 13:23:23,562 [0a35b46b-2cae-405a-8e00-ec21236555b8@group-3212ED39A6FC-LeaderElection21] INFO  impl.RoleInfo (RoleInfo.java:updateAndGet(143)) - 0a35b46b-2cae-405a-8e00-ec21236555b8: start LeaderState
2019-10-10 13:23:23,563 [0a35b46b-2cae-405a-8e00-ec21236555b8@group-3212ED39A6FC-LeaderElection21] INFO  segmented.SegmentedRaftLogWorker (SegmentedRaftLogWorker.java:startLogSegment(385)) - 0a35b46b-2cae-405a-8e00-ec21236555b8@group-3212ED39A6FC-SegmentedRaftLogWorker: Starting segment from index:0
2019-10-10 13:23:23,563 [c18184fb-90ff-486b-bf72-63a58cb108ad@group-49D613E9107E-LeaderElection20] INFO  impl.RaftServerImpl (ServerState.java:setRaftConf(356)) - c18184fb-90ff-486b-bf72-63a58cb108ad@group-49D613E9107E: set configuration 0: [c18184fb-90ff-486b-bf72-63a58cb108ad:192.168.164.230:34020], old=null at 0
2019-10-10 13:23:23,601 [8202782f-3bf2-4b72-939d-b383b7999cab@group-A28AF8961A28-SegmentedRaftLogWorker] INFO  segmented.SegmentedRaftLogWorker (SegmentedRaftLogWorker.java:execute(574)) - 8202782f-3bf2-4b72-939d-b383b7999cab@group-A28AF8961A28-SegmentedRaftLogWorker: created new log segment /workdir/hadoop-ozone/integration-test/target/test-dir/MiniOzoneClusterImpl-9f2070aa-53b9-4d3a-8363-33cb6bbf0ea6/datanode-3/data/ratis/5c00cc7e-912d-456a-8416-a28af8961a28/current/log_inprogress_0
2019-10-10 13:23:23,601 [0a35b46b-2cae-405a-8e00-ec21236555b8@group-3212ED39A6FC-LeaderElection21] INFO  impl.RaftServerImpl (ServerState.java:setRaftConf(356)) - 0a35b46b-2cae-405a-8e00-ec21236555b8@group-3212ED39A6FC: set configuration 0: [0a35b46b-2cae-405a-8e00-ec21236555b8:192.168.164.230:34806], old=null at 0
2019-10-10 13:23:23,608 [2353c1f1-726d-4738-890f-24cb4edef3db@group-E6D18DE9A7B0-LeaderElection22] INFO  impl.RoleInfo (RoleInfo.java:updateAndGet(143)) - 2353c1f1-726d-4738-890f-24cb4edef3db: start LeaderState
2019-10-10 13:23:23,609 [2353c1f1-726d-4738-890f-24cb4edef3db@group-E6D18DE9A7B0-LeaderElection22] INFO  segmented.SegmentedRaftLogWorker (SegmentedRaftLogWorker.java:startLogSegment(385)) - 2353c1f1-726d-4738-890f-24cb4edef3db@group-E6D18DE9A7B0-SegmentedRaftLogWorker: Starting segment from index:0
2019-10-10 13:23:23,609 [2353c1f1-726d-4738-890f-24cb4edef3db@group-E6D18DE9A7B0-LeaderElection22] INFO  impl.RaftServerImpl (ServerState.java:setRaftConf(356)) - 2353c1f1-726d-4738-890f-24cb4edef3db@group-E6D18DE9A7B0: set configuration 0: [2353c1f1-726d-4738-890f-24cb4edef3db:192.168.164.230:38052], old=null at 0
2019-10-10 13:23:23,654 [c18184fb-90ff-486b-bf72-63a58cb108ad@group-49D613E9107E-SegmentedRaftLogWorker] INFO  segmented.SegmentedRaftLogWorker (SegmentedRaftLogWorker.java:execute(574)) - c18184fb-90ff-486b-bf72-63a58cb108ad@group-49D613E9107E-SegmentedRaftLogWorker: created new log segment /workdir/hadoop-ozone/integration-test/target/test-dir/MiniOzoneClusterImpl-9f2070aa-53b9-4d3a-8363-33cb6bbf0ea6/datanode-4/data/ratis/bde6aa9b-63a3-4ce0-8832-49d613e9107e/current/log_inprogress_0
2019-10-10 13:23:23,669 [0a35b46b-2cae-405a-8e00-ec21236555b8@group-3212ED39A6FC-SegmentedRaftLogWorker] INFO  segmented.SegmentedRaftLogWorker (SegmentedRaftLogWorker.java:execute(574)) - 0a35b46b-2cae-405a-8e00-ec21236555b8@group-3212ED39A6FC-SegmentedRaftLogWorker: created new log segment /workdir/hadoop-ozone/integration-test/target/test-dir/MiniOzoneClusterImpl-9f2070aa-53b9-4d3a-8363-33cb6bbf0ea6/datanode-2/data/ratis/6013681d-497a-4501-ba64-3212ed39a6fc/current/log_inprogress_0
2019-10-10 13:23:23,669 [2353c1f1-726d-4738-890f-24cb4edef3db@group-E6D18DE9A7B0-SegmentedRaftLogWorker] INFO  segmented.SegmentedRaftLogWorker (SegmentedRaftLogWorker.java:execute(574)) - 2353c1f1-726d-4738-890f-24cb4edef3db@group-E6D18DE9A7B0-SegmentedRaftLogWorker: created new log segment /workdir/hadoop-ozone/integration-test/target/test-dir/MiniOzoneClusterImpl-9f2070aa-53b9-4d3a-8363-33cb6bbf0ea6/datanode-6/data/ratis/8c98bf9a-4497-44cf-9019-e6d18de9a7b0/current/log_inprogress_0
2019-10-10 13:23:23,680 [Thread-741] INFO  impl.FollowerState (FollowerState.java:run(108)) - 8202782f-3bf2-4b72-939d-b383b7999cab@group-CA186560047A-FollowerState: change to CANDIDATE, lastRpcTime:5011ms, electionTimeout:5010ms
2019-10-10 13:23:23,680 [Thread-741] INFO  impl.RoleInfo (RoleInfo.java:shutdownFollowerState(121)) - 8202782f-3bf2-4b72-939d-b383b7999cab: shutdown FollowerState
2019-10-10 13:23:23,681 [Thread-741] INFO  impl.RaftServerImpl (RaftServerImpl.java:setRole(170)) - 8202782f-3bf2-4b72-939d-b383b7999cab@group-CA186560047A: changes role from  FOLLOWER to CANDIDATE at term 0 for changeToCandidate
2019-10-10 13:23:23,681 [Thread-741] INFO  impl.RoleInfo (RoleInfo.java:updateAndGet(143)) - 8202782f-3bf2-4b72-939d-b383b7999cab: start LeaderElection
2019-10-10 13:23:23,694 [8202782f-3bf2-4b72-939d-b383b7999cab@group-CA186560047A-LeaderElection23] INFO  impl.LeaderElection (LeaderElection.java:askForVotes(178)) - 8202782f-3bf2-4b72-939d-b383b7999cab@group-CA186560047A-LeaderElection23: begin an election at term 1 for -1: [c18184fb-90ff-486b-bf72-63a58cb108ad:192.168.164.230:34020, 8202782f-3bf2-4b72-939d-b383b7999cab:192.168.164.230:38517, 0a35b46b-2cae-405a-8e00-ec21236555b8:192.168.164.230:34806], old=null
2019-10-10 13:23:23,703 [grpc-default-executor-0] INFO  impl.RaftServerImpl (RaftServerImpl.java:setRole(170)) - c18184fb-90ff-486b-bf72-63a58cb108ad@group-CA186560047A: changes role from  FOLLOWER to FOLLOWER at term 1 for recognizeCandidate:8202782f-3bf2-4b72-939d-b383b7999cab
2019-10-10 13:23:23,703 [grpc-default-executor-2] INFO  impl.RaftServerImpl (RaftServerImpl.java:setRole(170)) - 0a35b46b-2cae-405a-8e00-ec21236555b8@group-CA186560047A: changes role from  FOLLOWER to FOLLOWER at term 1 for recognizeCandidate:8202782f-3bf2-4b72-939d-b383b7999cab
2019-10-10 13:23:23,704 [grpc-default-executor-0] INFO  impl.RoleInfo (RoleInfo.java:shutdownFollowerState(121)) - c18184fb-90ff-486b-bf72-63a58cb108ad: shutdown FollowerState
2019-10-10 13:23:23,704 [grpc-default-executor-2] INFO  impl.RoleInfo (RoleInfo.java:shutdownFollowerState(121)) - 0a35b46b-2cae-405a-8e00-ec21236555b8: shutdown FollowerState
2019-10-10 13:23:23,704 [grpc-default-executor-0] INFO  impl.RoleInfo (RoleInfo.java:updateAndGet(143)) - c18184fb-90ff-486b-bf72-63a58cb108ad: start FollowerState
2019-10-10 13:23:23,704 [grpc-default-executor-2] INFO  impl.RoleInfo (RoleInfo.java:updateAndGet(143)) - 0a35b46b-2cae-405a-8e00-ec21236555b8: start FollowerState
2019-10-10 13:23:23,704 [Thread-742] INFO  impl.FollowerState (FollowerState.java:run(117)) - c18184fb-90ff-486b-bf72-63a58cb108ad@group-CA186560047A-FollowerState was interrupted: java.lang.InterruptedException: sleep interrupted
2019-10-10 13:23:23,705 [Thread-743] INFO  impl.FollowerState (FollowerState.java:run(117)) - 0a35b46b-2cae-405a-8e00-ec21236555b8@group-CA186560047A-FollowerState was interrupted: java.lang.InterruptedException: sleep interrupted
2019-10-10 13:23:23,731 [Thread-733] INFO  impl.FollowerState (FollowerState.java:run(108)) - 1ccbf5a0-3179-4f97-9461-e435a3f85abe@group-1F61892216E8-FollowerState: change to CANDIDATE, lastRpcTime:5190ms, electionTimeout:5190ms
2019-10-10 13:23:23,732 [Thread-733] INFO  impl.RoleInfo (RoleInfo.java:shutdownFollowerState(121)) - 1ccbf5a0-3179-4f97-9461-e435a3f85abe: shutdown FollowerState
2019-10-10 13:23:23,732 [Thread-733] INFO  impl.RaftServerImpl (RaftServerImpl.java:setRole(170)) - 1ccbf5a0-3179-4f97-9461-e435a3f85abe@group-1F61892216E8: changes role from  FOLLOWER to CANDIDATE at term 0 for changeToCandidate
2019-10-10 13:23:23,732 [Thread-733] INFO  impl.RoleInfo (RoleInfo.java:updateAndGet(143)) - 1ccbf5a0-3179-4f97-9461-e435a3f85abe: start LeaderElection
2019-10-10 13:23:23,739 [8202782f-3bf2-4b72-939d-b383b7999cab@group-CA186560047A-LeaderElection23] INFO  impl.LeaderElection (LeaderElection.java:logAndReturn(56)) - 8202782f-3bf2-4b72-939d-b383b7999cab@group-CA186560047A-LeaderElection23: Election PASSED; received 1 response(s) [8202782f-3bf2-4b72-939d-b383b7999cab<-c18184fb-90ff-486b-bf72-63a58cb108ad#0:OK-t1] and 0 exception(s); 8202782f-3bf2-4b72-939d-b383b7999cab@group-CA186560047A:t1, leader=null, voted=8202782f-3bf2-4b72-939d-b383b7999cab, raftlog=8202782f-3bf2-4b72-939d-b383b7999cab@group-CA186560047A-SegmentedRaftLog:OPENED:c-1,f-1,i0, conf=-1: [c18184fb-90ff-486b-bf72-63a58cb108ad:192.168.164.230:34020, 8202782f-3bf2-4b72-939d-b383b7999cab:192.168.164.230:38517, 0a35b46b-2cae-405a-8e00-ec21236555b8:192.168.164.230:34806], old=null
2019-10-10 13:23:23,739 [8202782f-3bf2-4b72-939d-b383b7999cab@group-CA186560047A-LeaderElection23] INFO  impl.RoleInfo (RoleInfo.java:shutdownLeaderElection(134)) - 8202782f-3bf2-4b72-939d-b383b7999cab: shutdown LeaderElection
2019-10-10 13:23:23,739 [8202782f-3bf2-4b72-939d-b383b7999cab@group-CA186560047A-LeaderElection23] INFO  impl.RaftServerImpl (RaftServerImpl.java:setRole(170)) - 8202782f-3bf2-4b72-939d-b383b7999cab@group-CA186560047A: changes role from CANDIDATE to LEADER at term 1 for changeToLeader
2019-10-10 13:23:23,740 [8202782f-3bf2-4b72-939d-b383b7999cab@group-CA186560047A-LeaderElection23] INFO  impl.RaftServerImpl (ServerState.java:setLeader(255)) - 8202782f-3bf2-4b72-939d-b383b7999cab@group-CA186560047A: change Leader from null to 8202782f-3bf2-4b72-939d-b383b7999cab at term 1 for becomeLeader, leader elected after 5081ms
2019-10-10 13:23:23,740 [8202782f-3bf2-4b72-939d-b383b7999cab@group-CA186560047A-LeaderElection23] INFO  server.RaftServerConfigKeys (ConfUtils.java:logGet(43)) - raft.server.staging.catchup.gap = 1000 (default)
2019-10-10 13:23:23,740 [8202782f-3bf2-4b72-939d-b383b7999cab@group-CA186560047A-LeaderElection23] INFO  server.RaftServerConfigKeys (ConfUtils.java:logGet(43)) - raft.server.rpc.sleep.time = 25ms (default)
2019-10-10 13:23:23,740 [8202782f-3bf2-4b72-939d-b383b7999cab@group-CA186560047A-LeaderElection23] INFO  server.RaftServerConfigKeys (ConfUtils.java:logGet(43)) - raft.server.write.element-limit = 4096 (default)
2019-10-10 13:23:23,741 [8202782f-3bf2-4b72-939d-b383b7999cab@group-CA186560047A-LeaderElection23] INFO  server.RaftServerConfigKeys (ConfUtils.java:logGet(43)) - raft.server.watch.timeout = 10s (default)
2019-10-10 13:23:23,741 [8202782f-3bf2-4b72-939d-b383b7999cab@group-CA186560047A-LeaderElection23] INFO  server.RaftServerConfigKeys (ConfUtils.java:logGet(43)) - raft.server.watch.timeout.denomination = 1s (default)
2019-10-10 13:23:23,741 [8202782f-3bf2-4b72-939d-b383b7999cab@group-CA186560047A-LeaderElection23] INFO  server.RaftServerConfigKeys (ConfUtils.java:logGet(43)) - raft.server.watch.element-limit = 65536 (default)
2019-10-10 13:23:23,743 [Thread-736] INFO  impl.FollowerState (FollowerState.java:run(108)) - cb3659b2-5ca3-4b25-8b5d-9788a7da6980@group-5CBC92B58569-FollowerState: change to CANDIDATE, lastRpcTime:5149ms, electionTimeout:5149ms
2019-10-10 13:23:23,746 [Thread-736] INFO  impl.RoleInfo (RoleInfo.java:shutdownFollowerState(121)) - cb3659b2-5ca3-4b25-8b5d-9788a7da6980: shutdown FollowerState
2019-10-10 13:23:23,746 [Thread-736] INFO  impl.RaftServerImpl (RaftServerImpl.java:setRole(170)) - cb3659b2-5ca3-4b25-8b5d-9788a7da6980@group-5CBC92B58569: changes role from  FOLLOWER to CANDIDATE at term 0 for changeToCandidate
2019-10-10 13:23:23,746 [Thread-736] INFO  impl.RoleInfo (RoleInfo.java:updateAndGet(143)) - cb3659b2-5ca3-4b25-8b5d-9788a7da6980: start LeaderElection
2019-10-10 13:23:23,747 [8202782f-3bf2-4b72-939d-b383b7999cab@group-CA186560047A-LeaderElection23] INFO  server.RaftServerConfigKeys (ConfUtils.java:logGet(43)) - raft.server.log.appender.snapshot.chunk.size.max = 16MB (=16777216) (default)
2019-10-10 13:23:23,750 [8202782f-3bf2-4b72-939d-b383b7999cab@group-CA186560047A-LeaderElection23] INFO  server.RaftServerConfigKeys (ConfUtils.java:logGet(43)) - raft.server.log.appender.buffer.byte-limit = 33554432 (custom)
2019-10-10 13:23:23,750 [8202782f-3bf2-4b72-939d-b383b7999cab@group-CA186560047A-LeaderElection23] INFO  server.RaftServerConfigKeys (ConfUtils.java:logGet(43)) - raft.server.log.appender.buffer.element-limit = 1 (custom)
2019-10-10 13:23:23,750 [8202782f-3bf2-4b72-939d-b383b7999cab@group-CA186560047A-LeaderElection23] INFO  grpc.GrpcConfigKeys$Server (ConfUtils.java:logGet(43)) - raft.grpc.server.leader.outstanding.appends.max = 128 (default)
2019-10-10 13:23:23,750 [1ccbf5a0-3179-4f97-9461-e435a3f85abe@group-1F61892216E8-LeaderElection24] INFO  impl.LeaderElection (LeaderElection.java:askForVotes(178)) - 1ccbf5a0-3179-4f97-9461-e435a3f85abe@group-1F61892216E8-LeaderElection24: begin an election at term 1 for -1: [1ccbf5a0-3179-4f97-9461-e435a3f85abe:192.168.164.230:40090], old=null
2019-10-10 13:23:23,751 [8202782f-3bf2-4b72-939d-b383b7999cab@group-CA186560047A-LeaderElection23] INFO  server.RaftServerConfigKeys (ConfUtils.java:logGet(43)) - raft.server.rpc.request.timeout = 3000ms (default)
2019-10-10 13:23:23,751 [1ccbf5a0-3179-4f97-9461-e435a3f85abe@group-1F61892216E8-LeaderElection24] INFO  impl.RoleInfo (RoleInfo.java:shutdownLeaderElection(134)) - 1ccbf5a0-3179-4f97-9461-e435a3f85abe: shutdown LeaderElection
2019-10-10 13:23:23,751 [8202782f-3bf2-4b72-939d-b383b7999cab@group-CA186560047A-LeaderElection23] INFO  server.RaftServerConfigKeys (ConfUtils.java:logGet(43)) - raft.server.log.appender.install.snapshot.enabled = false (custom)
2019-10-10 13:23:23,751 [1ccbf5a0-3179-4f97-9461-e435a3f85abe@group-1F61892216E8-LeaderElection24] INFO  impl.RaftServerImpl (RaftServerImpl.java:setRole(170)) - 1ccbf5a0-3179-4f97-9461-e435a3f85abe@group-1F61892216E8: changes role from CANDIDATE to LEADER at term 1 for changeToLeader
2019-10-10 13:23:23,751 [8202782f-3bf2-4b72-939d-b383b7999cab@group-CA186560047A-LeaderElection23] INFO  server.RaftServerConfigKeys (ConfUtils.java:logGet(43)) - raft.server.log.appender.snapshot.chunk.size.max = 16MB (=16777216) (default)
2019-10-10 13:23:23,751 [1ccbf5a0-3179-4f97-9461-e435a3f85abe@group-1F61892216E8-LeaderElection24] INFO  impl.RaftServerImpl (ServerState.java:setLeader(255)) - 1ccbf5a0-3179-4f97-9461-e435a3f85abe@group-1F61892216E8: change Leader from null to 1ccbf5a0-3179-4f97-9461-e435a3f85abe at term 1 for becomeLeader, leader elected after 5216ms
2019-10-10 13:23:23,752 [8202782f-3bf2-4b72-939d-b383b7999cab@group-CA186560047A-LeaderElection23] INFO  server.RaftServerConfigKeys (ConfUtils.java:logGet(43)) - raft.server.log.appender.buffer.byte-limit = 33554432 (custom)
2019-10-10 13:23:23,754 [cb3659b2-5ca3-4b25-8b5d-9788a7da6980@group-5CBC92B58569-LeaderElection25] INFO  impl.LeaderElection (LeaderElection.java:askForVotes(178)) - cb3659b2-5ca3-4b25-8b5d-9788a7da6980@group-5CBC92B58569-LeaderElection25: begin an election at term 1 for -1: [cb3659b2-5ca3-4b25-8b5d-9788a7da6980:192.168.164.230:40633], old=null
2019-10-10 13:23:23,754 [1ccbf5a0-3179-4f97-9461-e435a3f85abe@group-1F61892216E8-LeaderElection24] INFO  server.RaftServerConfigKeys (ConfUtils.java:logGet(43)) - raft.server.staging.catchup.gap = 1000 (default)
2019-10-10 13:23:23,754 [cb3659b2-5ca3-4b25-8b5d-9788a7da6980@group-5CBC92B58569-LeaderElection25] INFO  impl.RoleInfo (RoleInfo.java:shutdownLeaderElection(134)) - cb3659b2-5ca3-4b25-8b5d-9788a7da6980: shutdown LeaderElection
2019-10-10 13:23:23,754 [8202782f-3bf2-4b72-939d-b383b7999cab@group-CA186560047A-LeaderElection23] INFO  server.RaftServerConfigKeys (ConfUtils.java:logGet(43)) - raft.server.log.appender.buffer.element-limit = 1 (custom)
2019-10-10 13:23:23,755 [cb3659b2-5ca3-4b25-8b5d-9788a7da6980@group-5CBC92B58569-LeaderElection25] INFO  impl.RaftServerImpl (RaftServerImpl.java:setRole(170)) - cb3659b2-5ca3-4b25-8b5d-9788a7da6980@group-5CBC92B58569: changes role from CANDIDATE to LEADER at term 1 for changeToLeader
2019-10-10 13:23:23,755 [1ccbf5a0-3179-4f97-9461-e435a3f85abe@group-1F61892216E8-LeaderElection24] INFO  server.RaftServerConfigKeys (ConfUtils.java:logGet(43)) - raft.server.rpc.sleep.time = 25ms (default)
2019-10-10 13:23:23,755 [cb3659b2-5ca3-4b25-8b5d-9788a7da6980@group-5CBC92B58569-LeaderElection25] INFO  impl.RaftServerImpl (ServerState.java:setLeader(255)) - cb3659b2-5ca3-4b25-8b5d-9788a7da6980@group-5CBC92B58569: change Leader from null to cb3659b2-5ca3-4b25-8b5d-9788a7da6980 at term 1 for becomeLeader, leader elected after 5169ms
2019-10-10 13:23:23,755 [8202782f-3bf2-4b72-939d-b383b7999cab@group-CA186560047A-LeaderElection23] INFO  grpc.GrpcConfigKeys$Server (ConfUtils.java:logGet(43)) - raft.grpc.server.leader.outstanding.appends.max = 128 (default)
2019-10-10 13:23:23,766 [cb3659b2-5ca3-4b25-8b5d-9788a7da6980@group-5CBC92B58569-LeaderElection25] INFO  server.RaftServerConfigKeys (ConfUtils.java:logGet(43)) - raft.server.staging.catchup.gap = 1000 (default)
2019-10-10 13:23:23,755 [1ccbf5a0-3179-4f97-9461-e435a3f85abe@group-1F61892216E8-LeaderElection24] INFO  server.RaftServerConfigKeys (ConfUtils.java:logGet(43)) - raft.server.write.element-limit = 4096 (default)
2019-10-10 13:23:23,767 [cb3659b2-5ca3-4b25-8b5d-9788a7da6980@group-5CBC92B58569-LeaderElection25] INFO  server.RaftServerConfigKeys (ConfUtils.java:logGet(43)) - raft.server.rpc.sleep.time = 25ms (default)
2019-10-10 13:23:23,767 [8202782f-3bf2-4b72-939d-b383b7999cab@group-CA186560047A-LeaderElection23] INFO  server.RaftServerConfigKeys (ConfUtils.java:logGet(43)) - raft.server.rpc.request.timeout = 3000ms (default)
2019-10-10 13:23:23,768 [cb3659b2-5ca3-4b25-8b5d-9788a7da6980@group-5CBC92B58569-LeaderElection25] INFO  server.RaftServerConfigKeys (ConfUtils.java:logGet(43)) - raft.server.write.element-limit = 4096 (default)
2019-10-10 13:23:23,768 [1ccbf5a0-3179-4f97-9461-e435a3f85abe@group-1F61892216E8-LeaderElection24] INFO  server.RaftServerConfigKeys (ConfUtils.java:logGet(43)) - raft.server.watch.timeout = 10s (default)
2019-10-10 13:23:23,768 [cb3659b2-5ca3-4b25-8b5d-9788a7da6980@group-5CBC92B58569-LeaderElection25] INFO  server.RaftServerConfigKeys (ConfUtils.java:logGet(43)) - raft.server.watch.timeout = 10s (default)
2019-10-10 13:23:23,768 [8202782f-3bf2-4b72-939d-b383b7999cab@group-CA186560047A-LeaderElection23] INFO  server.RaftServerConfigKeys (ConfUtils.java:logGet(43)) - raft.server.log.appender.install.snapshot.enabled = false (custom)
2019-10-10 13:23:23,769 [cb3659b2-5ca3-4b25-8b5d-9788a7da6980@group-5CBC92B58569-LeaderElection25] INFO  server.RaftServerConfigKeys (ConfUtils.java:logGet(43)) - raft.server.watch.timeout.denomination = 1s (default)
2019-10-10 13:23:23,768 [1ccbf5a0-3179-4f97-9461-e435a3f85abe@group-1F61892216E8-LeaderElection24] INFO  server.RaftServerConfigKeys (ConfUtils.java:logGet(43)) - raft.server.watch.timeout.denomination = 1s (default)
2019-10-10 13:23:23,769 [cb3659b2-5ca3-4b25-8b5d-9788a7da6980@group-5CBC92B58569-LeaderElection25] INFO  server.RaftServerConfigKeys (ConfUtils.java:logGet(43)) - raft.server.watch.element-limit = 65536 (default)
2019-10-10 13:23:23,769 [8202782f-3bf2-4b72-939d-b383b7999cab@group-CA186560047A-LeaderElection23] INFO  impl.RoleInfo (RoleInfo.java:updateAndGet(143)) - 8202782f-3bf2-4b72-939d-b383b7999cab: start LeaderState
2019-10-10 13:23:23,769 [1ccbf5a0-3179-4f97-9461-e435a3f85abe@group-1F61892216E8-LeaderElection24] INFO  server.RaftServerConfigKeys (ConfUtils.java:logGet(43)) - raft.server.watch.element-limit = 65536 (default)
2019-10-10 13:23:23,770 [8202782f-3bf2-4b72-939d-b383b7999cab@group-CA186560047A-LeaderElection23] INFO  segmented.SegmentedRaftLogWorker (SegmentedRaftLogWorker.java:startLogSegment(385)) - 8202782f-3bf2-4b72-939d-b383b7999cab@group-CA186560047A-SegmentedRaftLogWorker: Starting segment from index:0
2019-10-10 13:23:23,771 [8202782f-3bf2-4b72-939d-b383b7999cab@group-CA186560047A-LeaderElection23] INFO  impl.RaftServerImpl (ServerState.java:setRaftConf(356)) - 8202782f-3bf2-4b72-939d-b383b7999cab@group-CA186560047A: set configuration 0: [c18184fb-90ff-486b-bf72-63a58cb108ad:192.168.164.230:34020, 8202782f-3bf2-4b72-939d-b383b7999cab:192.168.164.230:38517, 0a35b46b-2cae-405a-8e00-ec21236555b8:192.168.164.230:34806], old=null at 0
2019-10-10 13:23:23,812 [cb3659b2-5ca3-4b25-8b5d-9788a7da6980@group-5CBC92B58569-LeaderElection25] INFO  impl.RoleInfo (RoleInfo.java:updateAndGet(143)) - cb3659b2-5ca3-4b25-8b5d-9788a7da6980: start LeaderState
2019-10-10 13:23:23,812 [1ccbf5a0-3179-4f97-9461-e435a3f85abe@group-1F61892216E8-LeaderElection24] INFO  impl.RoleInfo (RoleInfo.java:updateAndGet(143)) - 1ccbf5a0-3179-4f97-9461-e435a3f85abe: start LeaderState
2019-10-10 13:23:23,812 [cb3659b2-5ca3-4b25-8b5d-9788a7da6980@group-5CBC92B58569-LeaderElection25] INFO  segmented.SegmentedRaftLogWorker (SegmentedRaftLogWorker.java:startLogSegment(385)) - cb3659b2-5ca3-4b25-8b5d-9788a7da6980@group-5CBC92B58569-SegmentedRaftLogWorker: Starting segment from index:0
2019-10-10 13:23:23,813 [1ccbf5a0-3179-4f97-9461-e435a3f85abe@group-1F61892216E8-LeaderElection24] INFO  segmented.SegmentedRaftLogWorker (SegmentedRaftLogWorker.java:startLogSegment(385)) - 1ccbf5a0-3179-4f97-9461-e435a3f85abe@group-1F61892216E8-SegmentedRaftLogWorker: Starting segment from index:0
2019-10-10 13:23:23,813 [cb3659b2-5ca3-4b25-8b5d-9788a7da6980@group-5CBC92B58569-LeaderElection25] INFO  impl.RaftServerImpl (ServerState.java:setRaftConf(356)) - cb3659b2-5ca3-4b25-8b5d-9788a7da6980@group-5CBC92B58569: set configuration 0: [cb3659b2-5ca3-4b25-8b5d-9788a7da6980:192.168.164.230:40633], old=null at 0
2019-10-10 13:23:23,819 [Thread-750] INFO  impl.FollowerState (FollowerState.java:run(108)) - 220726a2-4ddc-4b09-adf5-65aa5b79b83d@group-91BDB29C4700-FollowerState: change to CANDIDATE, lastRpcTime:5070ms, electionTimeout:5064ms
2019-10-10 13:23:23,861 [Thread-752] INFO  impl.FollowerState (FollowerState.java:run(108)) - 1ccbf5a0-3179-4f97-9461-e435a3f85abe@group-91BDB29C4700-FollowerState: change to CANDIDATE, lastRpcTime:5109ms, electionTimeout:5068ms
2019-10-10 13:23:23,819 [1ccbf5a0-3179-4f97-9461-e435a3f85abe@group-1F61892216E8-LeaderElection24] INFO  impl.RaftServerImpl (ServerState.java:setRaftConf(356)) - 1ccbf5a0-3179-4f97-9461-e435a3f85abe@group-1F61892216E8: set configuration 0: [1ccbf5a0-3179-4f97-9461-e435a3f85abe:192.168.164.230:40090], old=null at 0
2019-10-10 13:23:23,819 [grpc-default-executor-0] INFO  impl.RaftServerImpl (ServerState.java:setLeader(255)) - 0a35b46b-2cae-405a-8e00-ec21236555b8@group-CA186560047A: change Leader from null to 8202782f-3bf2-4b72-939d-b383b7999cab at term 1 for appendEntries, leader elected after 5159ms
2019-10-10 13:23:23,819 [grpc-default-executor-2] INFO  impl.RaftServerImpl (ServerState.java:setLeader(255)) - c18184fb-90ff-486b-bf72-63a58cb108ad@group-CA186560047A: change Leader from null to 8202782f-3bf2-4b72-939d-b383b7999cab at term 1 for appendEntries, leader elected after 5158ms
2019-10-10 13:23:23,862 [Thread-752] INFO  impl.RoleInfo (RoleInfo.java:shutdownFollowerState(121)) - 1ccbf5a0-3179-4f97-9461-e435a3f85abe: shutdown FollowerState
2019-10-10 13:23:23,861 [Thread-750] INFO  impl.RoleInfo (RoleInfo.java:shutdownFollowerState(121)) - 220726a2-4ddc-4b09-adf5-65aa5b79b83d: shutdown FollowerState
2019-10-10 13:23:23,861 [8202782f-3bf2-4b72-939d-b383b7999cab@group-CA186560047A-SegmentedRaftLogWorker] INFO  segmented.SegmentedRaftLogWorker (SegmentedRaftLogWorker.java:execute(574)) - 8202782f-3bf2-4b72-939d-b383b7999cab@group-CA186560047A-SegmentedRaftLogWorker: created new log segment /workdir/hadoop-ozone/integration-test/target/test-dir/MiniOzoneClusterImpl-9f2070aa-53b9-4d3a-8363-33cb6bbf0ea6/datanode-3/data/ratis/52056529-188a-4ea3-9125-ca186560047a/current/log_inprogress_0
2019-10-10 13:23:23,866 [Thread-750] INFO  impl.RaftServerImpl (RaftServerImpl.java:setRole(170)) - 220726a2-4ddc-4b09-adf5-65aa5b79b83d@group-91BDB29C4700: changes role from  FOLLOWER to CANDIDATE at term 0 for changeToCandidate
2019-10-10 13:23:23,865 [Thread-751] INFO  impl.FollowerState (FollowerState.java:run(108)) - 2353c1f1-726d-4738-890f-24cb4edef3db@group-91BDB29C4700-FollowerState: change to CANDIDATE, lastRpcTime:5114ms, electionTimeout:5114ms
2019-10-10 13:23:23,865 [Thread-752] INFO  impl.RaftServerImpl (RaftServerImpl.java:setRole(170)) - 1ccbf5a0-3179-4f97-9461-e435a3f85abe@group-91BDB29C4700: changes role from  FOLLOWER to CANDIDATE at term 0 for changeToCandidate
2019-10-10 13:23:23,866 [Thread-751] INFO  impl.RoleInfo (RoleInfo.java:shutdownFollowerState(121)) - 2353c1f1-726d-4738-890f-24cb4edef3db: shutdown FollowerState
2019-10-10 13:23:23,866 [Thread-750] INFO  impl.RoleInfo (RoleInfo.java:updateAndGet(143)) - 220726a2-4ddc-4b09-adf5-65aa5b79b83d: start LeaderElection
2019-10-10 13:23:23,866 [Thread-751] INFO  impl.RaftServerImpl (RaftServerImpl.java:setRole(170)) - 2353c1f1-726d-4738-890f-24cb4edef3db@group-91BDB29C4700: changes role from  FOLLOWER to CANDIDATE at term 0 for changeToCandidate
2019-10-10 13:23:23,866 [Thread-752] INFO  impl.RoleInfo (RoleInfo.java:updateAndGet(143)) - 1ccbf5a0-3179-4f97-9461-e435a3f85abe: start LeaderElection
2019-10-10 13:23:23,867 [Thread-751] INFO  impl.RoleInfo (RoleInfo.java:updateAndGet(143)) - 2353c1f1-726d-4738-890f-24cb4edef3db: start LeaderElection
2019-10-10 13:23:23,880 [grpc-default-executor-2] INFO  impl.RaftServerImpl (ServerState.java:setRaftConf(356)) - c18184fb-90ff-486b-bf72-63a58cb108ad@group-CA186560047A: set configuration 0: [c18184fb-90ff-486b-bf72-63a58cb108ad:192.168.164.230:34020, 8202782f-3bf2-4b72-939d-b383b7999cab:192.168.164.230:38517, 0a35b46b-2cae-405a-8e00-ec21236555b8:192.168.164.230:34806], old=null at 0
2019-10-10 13:23:23,880 [grpc-default-executor-0] INFO  impl.RaftServerImpl (ServerState.java:setRaftConf(356)) - 0a35b46b-2cae-405a-8e00-ec21236555b8@group-CA186560047A: set configuration 0: [c18184fb-90ff-486b-bf72-63a58cb108ad:192.168.164.230:34020, 8202782f-3bf2-4b72-939d-b383b7999cab:192.168.164.230:38517, 0a35b46b-2cae-405a-8e00-ec21236555b8:192.168.164.230:34806], old=null at 0
2019-10-10 13:23:23,881 [grpc-default-executor-2] INFO  segmented.SegmentedRaftLogWorker (SegmentedRaftLogWorker.java:startLogSegment(385)) - c18184fb-90ff-486b-bf72-63a58cb108ad@group-CA186560047A-SegmentedRaftLogWorker: Starting segment from index:0
2019-10-10 13:23:23,881 [grpc-default-executor-0] INFO  segmented.SegmentedRaftLogWorker (SegmentedRaftLogWorker.java:startLogSegment(385)) - 0a35b46b-2cae-405a-8e00-ec21236555b8@group-CA186560047A-SegmentedRaftLogWorker: Starting segment from index:0
2019-10-10 13:23:23,885 [cb3659b2-5ca3-4b25-8b5d-9788a7da6980@group-5CBC92B58569-SegmentedRaftLogWorker] INFO  segmented.SegmentedRaftLogWorker (SegmentedRaftLogWorker.java:execute(574)) - cb3659b2-5ca3-4b25-8b5d-9788a7da6980@group-5CBC92B58569-SegmentedRaftLogWorker: created new log segment /workdir/hadoop-ozone/integration-test/target/test-dir/MiniOzoneClusterImpl-9f2070aa-53b9-4d3a-8363-33cb6bbf0ea6/datanode-1/data/ratis/e6078907-a9da-4720-bb38-5cbc92b58569/current/log_inprogress_0
2019-10-10 13:23:23,885 [1ccbf5a0-3179-4f97-9461-e435a3f85abe@group-1F61892216E8-SegmentedRaftLogWorker] INFO  segmented.SegmentedRaftLogWorker (SegmentedRaftLogWorker.java:execute(574)) - 1ccbf5a0-3179-4f97-9461-e435a3f85abe@group-1F61892216E8-SegmentedRaftLogWorker: created new log segment /workdir/hadoop-ozone/integration-test/target/test-dir/MiniOzoneClusterImpl-9f2070aa-53b9-4d3a-8363-33cb6bbf0ea6/datanode-5/data/ratis/24b49052-04a3-4390-9f03-1f61892216e8/current/log_inprogress_0
2019-10-10 13:23:23,901 [1ccbf5a0-3179-4f97-9461-e435a3f85abe@group-91BDB29C4700-LeaderElection27] INFO  impl.LeaderElection (LeaderElection.java:askForVotes(178)) - 1ccbf5a0-3179-4f97-9461-e435a3f85abe@group-91BDB29C4700-LeaderElection27: begin an election at term 1 for -1: [1ccbf5a0-3179-4f97-9461-e435a3f85abe:192.168.164.230:40090, 220726a2-4ddc-4b09-adf5-65aa5b79b83d:192.168.164.230:42301, 2353c1f1-726d-4738-890f-24cb4edef3db:192.168.164.230:38052], old=null
2019-10-10 13:23:23,901 [220726a2-4ddc-4b09-adf5-65aa5b79b83d@group-91BDB29C4700-LeaderElection26] INFO  impl.LeaderElection (LeaderElection.java:askForVotes(178)) - 220726a2-4ddc-4b09-adf5-65aa5b79b83d@group-91BDB29C4700-LeaderElection26: begin an election at term 1 for -1: [1ccbf5a0-3179-4f97-9461-e435a3f85abe:192.168.164.230:40090, 220726a2-4ddc-4b09-adf5-65aa5b79b83d:192.168.164.230:42301, 2353c1f1-726d-4738-890f-24cb4edef3db:192.168.164.230:38052], old=null
2019-10-10 13:23:23,901 [2353c1f1-726d-4738-890f-24cb4edef3db@group-91BDB29C4700-LeaderElection28] INFO  impl.LeaderElection (LeaderElection.java:askForVotes(178)) - 2353c1f1-726d-4738-890f-24cb4edef3db@group-91BDB29C4700-LeaderElection28: begin an election at term 1 for -1: [1ccbf5a0-3179-4f97-9461-e435a3f85abe:192.168.164.230:40090, 220726a2-4ddc-4b09-adf5-65aa5b79b83d:192.168.164.230:42301, 2353c1f1-726d-4738-890f-24cb4edef3db:192.168.164.230:38052], old=null
2019-10-10 13:23:23,919 [220726a2-4ddc-4b09-adf5-65aa5b79b83d@group-91BDB29C4700-LeaderElection26] INFO  impl.LeaderElection (LeaderElection.java:logAndReturn(56)) - 220726a2-4ddc-4b09-adf5-65aa5b79b83d@group-91BDB29C4700-LeaderElection26: Election REJECTED; received 2 response(s) [220726a2-4ddc-4b09-adf5-65aa5b79b83d<-1ccbf5a0-3179-4f97-9461-e435a3f85abe#0:FAIL-t1, 220726a2-4ddc-4b09-adf5-65aa5b79b83d<-2353c1f1-726d-4738-890f-24cb4edef3db#0:FAIL-t1] and 0 exception(s); 220726a2-4ddc-4b09-adf5-65aa5b79b83d@group-91BDB29C4700:t1, leader=null, voted=220726a2-4ddc-4b09-adf5-65aa5b79b83d, raftlog=220726a2-4ddc-4b09-adf5-65aa5b79b83d@group-91BDB29C4700-SegmentedRaftLog:OPENED:c-1,f-1,i0, conf=-1: [1ccbf5a0-3179-4f97-9461-e435a3f85abe:192.168.164.230:40090, 220726a2-4ddc-4b09-adf5-65aa5b79b83d:192.168.164.230:42301, 2353c1f1-726d-4738-890f-24cb4edef3db:192.168.164.230:38052], old=null
2019-10-10 13:23:23,919 [220726a2-4ddc-4b09-adf5-65aa5b79b83d@group-91BDB29C4700-LeaderElection26] INFO  impl.RaftServerImpl (RaftServerImpl.java:setRole(170)) - 220726a2-4ddc-4b09-adf5-65aa5b79b83d@group-91BDB29C4700: changes role from CANDIDATE to FOLLOWER at term 1 for DISCOVERED_A_NEW_TERM
2019-10-10 13:23:23,919 [220726a2-4ddc-4b09-adf5-65aa5b79b83d@group-91BDB29C4700-LeaderElection26] INFO  impl.RoleInfo (RoleInfo.java:shutdownLeaderElection(134)) - 220726a2-4ddc-4b09-adf5-65aa5b79b83d: shutdown LeaderElection
2019-10-10 13:23:23,919 [220726a2-4ddc-4b09-adf5-65aa5b79b83d@group-91BDB29C4700-LeaderElection26] INFO  impl.RoleInfo (RoleInfo.java:updateAndGet(143)) - 220726a2-4ddc-4b09-adf5-65aa5b79b83d: start FollowerState
2019-10-10 13:23:23,919 [1ccbf5a0-3179-4f97-9461-e435a3f85abe@group-91BDB29C4700-LeaderElection27] INFO  impl.LeaderElection (LeaderElection.java:logAndReturn(56)) - 1ccbf5a0-3179-4f97-9461-e435a3f85abe@group-91BDB29C4700-LeaderElection27: Election REJECTED; received 2 response(s) [1ccbf5a0-3179-4f97-9461-e435a3f85abe<-220726a2-4ddc-4b09-adf5-65aa5b79b83d#0:FAIL-t1, 1ccbf5a0-3179-4f97-9461-e435a3f85abe<-2353c1f1-726d-4738-890f-24cb4edef3db#0:FAIL-t1] and 0 exception(s); 1ccbf5a0-3179-4f97-9461-e435a3f85abe@group-91BDB29C4700:t1, leader=null, voted=1ccbf5a0-3179-4f97-9461-e435a3f85abe, raftlog=1ccbf5a0-3179-4f97-9461-e435a3f85abe@group-91BDB29C4700-SegmentedRaftLog:OPENED:c-1,f-1,i0, conf=-1: [1ccbf5a0-3179-4f97-9461-e435a3f85abe:192.168.164.230:40090, 220726a2-4ddc-4b09-adf5-65aa5b79b83d:192.168.164.230:42301, 2353c1f1-726d-4738-890f-24cb4edef3db:192.168.164.230:38052], old=null
2019-10-10 13:23:23,920 [2353c1f1-726d-4738-890f-24cb4edef3db@group-91BDB29C4700-LeaderElection28] INFO  impl.LeaderElection (LeaderElection.java:logAndReturn(56)) - 2353c1f1-726d-4738-890f-24cb4edef3db@group-91BDB29C4700-LeaderElection28: Election REJECTED; received 2 response(s) [2353c1f1-726d-4738-890f-24cb4edef3db<-1ccbf5a0-3179-4f97-9461-e435a3f85abe#0:FAIL-t1, 2353c1f1-726d-4738-890f-24cb4edef3db<-220726a2-4ddc-4b09-adf5-65aa5b79b83d#0:FAIL-t1] and 0 exception(s); 2353c1f1-726d-4738-890f-24cb4edef3db@group-91BDB29C4700:t1, leader=null, voted=2353c1f1-726d-4738-890f-24cb4edef3db, raftlog=2353c1f1-726d-4738-890f-24cb4edef3db@group-91BDB29C4700-SegmentedRaftLog:OPENED:c-1,f-1,i0, conf=-1: [1ccbf5a0-3179-4f97-9461-e435a3f85abe:192.168.164.230:40090, 220726a2-4ddc-4b09-adf5-65aa5b79b83d:192.168.164.230:42301, 2353c1f1-726d-4738-890f-24cb4edef3db:192.168.164.230:38052], old=null
2019-10-10 13:23:23,931 [1ccbf5a0-3179-4f97-9461-e435a3f85abe@group-91BDB29C4700-LeaderElection27] INFO  impl.RaftServerImpl (RaftServerImpl.java:setRole(170)) - 1ccbf5a0-3179-4f97-9461-e435a3f85abe@group-91BDB29C4700: changes role from CANDIDATE to FOLLOWER at term 1 for DISCOVERED_A_NEW_TERM
2019-10-10 13:23:23,934 [2353c1f1-726d-4738-890f-24cb4edef3db@group-91BDB29C4700-LeaderElection28] INFO  impl.RaftServerImpl (RaftServerImpl.java:setRole(170)) - 2353c1f1-726d-4738-890f-24cb4edef3db@group-91BDB29C4700: changes role from CANDIDATE to FOLLOWER at term 1 for DISCOVERED_A_NEW_TERM
2019-10-10 13:23:23,936 [2353c1f1-726d-4738-890f-24cb4edef3db@group-91BDB29C4700-LeaderElection28] INFO  impl.RoleInfo (RoleInfo.java:shutdownLeaderElection(134)) - 2353c1f1-726d-4738-890f-24cb4edef3db: shutdown LeaderElection
2019-10-10 13:23:23,934 [1ccbf5a0-3179-4f97-9461-e435a3f85abe@group-91BDB29C4700-LeaderElection27] INFO  impl.RoleInfo (RoleInfo.java:shutdownLeaderElection(134)) - 1ccbf5a0-3179-4f97-9461-e435a3f85abe: shutdown LeaderElection
2019-10-10 13:23:23,936 [2353c1f1-726d-4738-890f-24cb4edef3db@group-91BDB29C4700-LeaderElection28] INFO  impl.RoleInfo (RoleInfo.java:updateAndGet(143)) - 2353c1f1-726d-4738-890f-24cb4edef3db: start FollowerState
2019-10-10 13:23:23,936 [1ccbf5a0-3179-4f97-9461-e435a3f85abe@group-91BDB29C4700-LeaderElection27] INFO  impl.RoleInfo (RoleInfo.java:updateAndGet(143)) - 1ccbf5a0-3179-4f97-9461-e435a3f85abe: start FollowerState
2019-10-10 13:23:23,943 [0a35b46b-2cae-405a-8e00-ec21236555b8@group-CA186560047A-SegmentedRaftLogWorker] INFO  segmented.SegmentedRaftLogWorker (SegmentedRaftLogWorker.java:execute(574)) - 0a35b46b-2cae-405a-8e00-ec21236555b8@group-CA186560047A-SegmentedRaftLogWorker: created new log segment /workdir/hadoop-ozone/integration-test/target/test-dir/MiniOzoneClusterImpl-9f2070aa-53b9-4d3a-8363-33cb6bbf0ea6/datanode-2/data/ratis/52056529-188a-4ea3-9125-ca186560047a/current/log_inprogress_0
2019-10-10 13:23:23,943 [c18184fb-90ff-486b-bf72-63a58cb108ad@group-CA186560047A-SegmentedRaftLogWorker] INFO  segmented.SegmentedRaftLogWorker (SegmentedRaftLogWorker.java:execute(574)) - c18184fb-90ff-486b-bf72-63a58cb108ad@group-CA186560047A-SegmentedRaftLogWorker: created new log segment /workdir/hadoop-ozone/integration-test/target/test-dir/MiniOzoneClusterImpl-9f2070aa-53b9-4d3a-8363-33cb6bbf0ea6/datanode-4/data/ratis/52056529-188a-4ea3-9125-ca186560047a/current/log_inprogress_0
2019-10-10 13:23:29,026 [Thread-807] INFO  impl.FollowerState (FollowerState.java:run(108)) - 1ccbf5a0-3179-4f97-9461-e435a3f85abe@group-91BDB29C4700-FollowerState: change to CANDIDATE, lastRpcTime:5089ms, electionTimeout:5089ms
2019-10-10 13:23:29,026 [Thread-807] INFO  impl.RoleInfo (RoleInfo.java:shutdownFollowerState(121)) - 1ccbf5a0-3179-4f97-9461-e435a3f85abe: shutdown FollowerState
2019-10-10 13:23:29,026 [Thread-807] INFO  impl.RaftServerImpl (RaftServerImpl.java:setRole(170)) - 1ccbf5a0-3179-4f97-9461-e435a3f85abe@group-91BDB29C4700: changes role from  FOLLOWER to CANDIDATE at term 1 for changeToCandidate
2019-10-10 13:23:29,026 [Thread-807] INFO  impl.RoleInfo (RoleInfo.java:updateAndGet(143)) - 1ccbf5a0-3179-4f97-9461-e435a3f85abe: start LeaderElection
2019-10-10 13:23:29,044 [1ccbf5a0-3179-4f97-9461-e435a3f85abe@group-91BDB29C4700-LeaderElection29] INFO  impl.LeaderElection (LeaderElection.java:askForVotes(178)) - 1ccbf5a0-3179-4f97-9461-e435a3f85abe@group-91BDB29C4700-LeaderElection29: begin an election at term 2 for -1: [1ccbf5a0-3179-4f97-9461-e435a3f85abe:192.168.164.230:40090, 220726a2-4ddc-4b09-adf5-65aa5b79b83d:192.168.164.230:42301, 2353c1f1-726d-4738-890f-24cb4edef3db:192.168.164.230:38052], old=null
2019-10-10 13:23:29,047 [grpc-default-executor-1] INFO  impl.RaftServerImpl (RaftServerImpl.java:setRole(170)) - 220726a2-4ddc-4b09-adf5-65aa5b79b83d@group-91BDB29C4700: changes role from  FOLLOWER to FOLLOWER at term 2 for recognizeCandidate:1ccbf5a0-3179-4f97-9461-e435a3f85abe
2019-10-10 13:23:29,047 [grpc-default-executor-2] INFO  impl.RaftServerImpl (RaftServerImpl.java:setRole(170)) - 2353c1f1-726d-4738-890f-24cb4edef3db@group-91BDB29C4700: changes role from  FOLLOWER to FOLLOWER at term 2 for recognizeCandidate:1ccbf5a0-3179-4f97-9461-e435a3f85abe
2019-10-10 13:23:29,047 [grpc-default-executor-1] INFO  impl.RoleInfo (RoleInfo.java:shutdownFollowerState(121)) - 220726a2-4ddc-4b09-adf5-65aa5b79b83d: shutdown FollowerState
2019-10-10 13:23:29,047 [grpc-default-executor-2] INFO  impl.RoleInfo (RoleInfo.java:shutdownFollowerState(121)) - 2353c1f1-726d-4738-890f-24cb4edef3db: shutdown FollowerState
2019-10-10 13:23:29,048 [Thread-805] INFO  impl.FollowerState (FollowerState.java:run(117)) - 220726a2-4ddc-4b09-adf5-65aa5b79b83d@group-91BDB29C4700-FollowerState was interrupted: java.lang.InterruptedException: sleep interrupted
2019-10-10 13:23:29,048 [grpc-default-executor-1] INFO  impl.RoleInfo (RoleInfo.java:updateAndGet(143)) - 220726a2-4ddc-4b09-adf5-65aa5b79b83d: start FollowerState
2019-10-10 13:23:29,048 [Thread-806] INFO  impl.FollowerState (FollowerState.java:run(117)) - 2353c1f1-726d-4738-890f-24cb4edef3db@group-91BDB29C4700-FollowerState was interrupted: java.lang.InterruptedException: sleep interrupted
2019-10-10 13:23:29,048 [grpc-default-executor-2] INFO  impl.RoleInfo (RoleInfo.java:updateAndGet(143)) - 2353c1f1-726d-4738-890f-24cb4edef3db: start FollowerState
2019-10-10 13:23:29,080 [1ccbf5a0-3179-4f97-9461-e435a3f85abe@group-91BDB29C4700-LeaderElection29] INFO  impl.LeaderElection (LeaderElection.java:logAndReturn(56)) - 1ccbf5a0-3179-4f97-9461-e435a3f85abe@group-91BDB29C4700-LeaderElection29: Election PASSED; received 1 response(s) [1ccbf5a0-3179-4f97-9461-e435a3f85abe<-2353c1f1-726d-4738-890f-24cb4edef3db#0:OK-t2] and 0 exception(s); 1ccbf5a0-3179-4f97-9461-e435a3f85abe@group-91BDB29C4700:t2, leader=null, voted=1ccbf5a0-3179-4f97-9461-e435a3f85abe, raftlog=1ccbf5a0-3179-4f97-9461-e435a3f85abe@group-91BDB29C4700-SegmentedRaftLog:OPENED:c-1,f-1,i0, conf=-1: [1ccbf5a0-3179-4f97-9461-e435a3f85abe:192.168.164.230:40090, 220726a2-4ddc-4b09-adf5-65aa5b79b83d:192.168.164.230:42301, 2353c1f1-726d-4738-890f-24cb4edef3db:192.168.164.230:38052], old=null
2019-10-10 13:23:29,080 [1ccbf5a0-3179-4f97-9461-e435a3f85abe@group-91BDB29C4700-LeaderElection29] INFO  impl.RoleInfo (RoleInfo.java:shutdownLeaderElection(134)) - 1ccbf5a0-3179-4f97-9461-e435a3f85abe: shutdown LeaderElection
2019-10-10 13:23:29,081 [1ccbf5a0-3179-4f97-9461-e435a3f85abe@group-91BDB29C4700-LeaderElection29] INFO  impl.RaftServerImpl (RaftServerImpl.java:setRole(170)) - 1ccbf5a0-3179-4f97-9461-e435a3f85abe@group-91BDB29C4700: changes role from CANDIDATE to LEADER at term 2 for changeToLeader
2019-10-10 13:23:29,081 [1ccbf5a0-3179-4f97-9461-e435a3f85abe@group-91BDB29C4700-LeaderElection29] INFO  impl.RaftServerImpl (ServerState.java:setLeader(255)) - 1ccbf5a0-3179-4f97-9461-e435a3f85abe@group-91BDB29C4700: change Leader from null to 1ccbf5a0-3179-4f97-9461-e435a3f85abe at term 2 for becomeLeader, leader elected after 10340ms
2019-10-10 13:23:29,081 [1ccbf5a0-3179-4f97-9461-e435a3f85abe@group-91BDB29C4700-LeaderElection29] INFO  server.RaftServerConfigKeys (ConfUtils.java:logGet(43)) - raft.server.staging.catchup.gap = 1000 (default)
2019-10-10 13:23:29,081 [1ccbf5a0-3179-4f97-9461-e435a3f85abe@group-91BDB29C4700-LeaderElection29] INFO  server.RaftServerConfigKeys (ConfUtils.java:logGet(43)) - raft.server.rpc.sleep.time = 25ms (default)
2019-10-10 13:23:29,081 [1ccbf5a0-3179-4f97-9461-e435a3f85abe@group-91BDB29C4700-LeaderElection29] INFO  server.RaftServerConfigKeys (ConfUtils.java:logGet(43)) - raft.server.write.element-limit = 4096 (default)
2019-10-10 13:23:29,082 [1ccbf5a0-3179-4f97-9461-e435a3f85abe@group-91BDB29C4700-LeaderElection29] INFO  server.RaftServerConfigKeys (ConfUtils.java:logGet(43)) - raft.server.watch.timeout = 10s (default)
2019-10-10 13:23:29,082 [1ccbf5a0-3179-4f97-9461-e435a3f85abe@group-91BDB29C4700-LeaderElection29] INFO  server.RaftServerConfigKeys (ConfUtils.java:logGet(43)) - raft.server.watch.timeout.denomination = 1s (default)
2019-10-10 13:23:29,082 [1ccbf5a0-3179-4f97-9461-e435a3f85abe@group-91BDB29C4700-LeaderElection29] INFO  server.RaftServerConfigKeys (ConfUtils.java:logGet(43)) - raft.server.watch.element-limit = 65536 (default)
2019-10-10 13:23:29,085 [1ccbf5a0-3179-4f97-9461-e435a3f85abe@group-91BDB29C4700-LeaderElection29] INFO  server.RaftServerConfigKeys (ConfUtils.java:logGet(43)) - raft.server.log.appender.snapshot.chunk.size.max = 16MB (=16777216) (default)
2019-10-10 13:23:29,086 [1ccbf5a0-3179-4f97-9461-e435a3f85abe@group-91BDB29C4700-LeaderElection29] INFO  server.RaftServerConfigKeys (ConfUtils.java:logGet(43)) - raft.server.log.appender.buffer.byte-limit = 33554432 (custom)
2019-10-10 13:23:29,086 [1ccbf5a0-3179-4f97-9461-e435a3f85abe@group-91BDB29C4700-LeaderElection29] INFO  server.RaftServerConfigKeys (ConfUtils.java:logGet(43)) - raft.server.log.appender.buffer.element-limit = 1 (custom)
2019-10-10 13:23:29,086 [1ccbf5a0-3179-4f97-9461-e435a3f85abe@group-91BDB29C4700-LeaderElection29] INFO  grpc.GrpcConfigKeys$Server (ConfUtils.java:logGet(43)) - raft.grpc.server.leader.outstanding.appends.max = 128 (default)
2019-10-10 13:23:29,086 [1ccbf5a0-3179-4f97-9461-e435a3f85abe@group-91BDB29C4700-LeaderElection29] INFO  server.RaftServerConfigKeys (ConfUtils.java:logGet(43)) - raft.server.rpc.request.timeout = 3000ms (default)
2019-10-10 13:23:29,087 [1ccbf5a0-3179-4f97-9461-e435a3f85abe@group-91BDB29C4700-LeaderElection29] INFO  server.RaftServerConfigKeys (ConfUtils.java:logGet(43)) - raft.server.log.appender.install.snapshot.enabled = false (custom)
2019-10-10 13:23:29,087 [1ccbf5a0-3179-4f97-9461-e435a3f85abe@group-91BDB29C4700-LeaderElection29] INFO  server.RaftServerConfigKeys (ConfUtils.java:logGet(43)) - raft.server.log.appender.snapshot.chunk.size.max = 16MB (=16777216) (default)
2019-10-10 13:23:29,087 [1ccbf5a0-3179-4f97-9461-e435a3f85abe@group-91BDB29C4700-LeaderElection29] INFO  server.RaftServerConfigKeys (ConfUtils.java:logGet(43)) - raft.server.log.appender.buffer.byte-limit = 33554432 (custom)
2019-10-10 13:23:29,087 [1ccbf5a0-3179-4f97-9461-e435a3f85abe@group-91BDB29C4700-LeaderElection29] INFO  server.RaftServerConfigKeys (ConfUtils.java:logGet(43)) - raft.server.log.appender.buffer.element-limit = 1 (custom)
2019-10-10 13:23:29,087 [1ccbf5a0-3179-4f97-9461-e435a3f85abe@group-91BDB29C4700-LeaderElection29] INFO  grpc.GrpcConfigKeys$Server (ConfUtils.java:logGet(43)) - raft.grpc.server.leader.outstanding.appends.max = 128 (default)
2019-10-10 13:23:29,088 [1ccbf5a0-3179-4f97-9461-e435a3f85abe@group-91BDB29C4700-LeaderElection29] INFO  server.RaftServerConfigKeys (ConfUtils.java:logGet(43)) - raft.server.rpc.request.timeout = 3000ms (default)
2019-10-10 13:23:29,088 [1ccbf5a0-3179-4f97-9461-e435a3f85abe@group-91BDB29C4700-LeaderElection29] INFO  server.RaftServerConfigKeys (ConfUtils.java:logGet(43)) - raft.server.log.appender.install.snapshot.enabled = false (custom)
2019-10-10 13:23:29,088 [1ccbf5a0-3179-4f97-9461-e435a3f85abe@group-91BDB29C4700-LeaderElection29] INFO  impl.RoleInfo (RoleInfo.java:updateAndGet(143)) - 1ccbf5a0-3179-4f97-9461-e435a3f85abe: start LeaderState
2019-10-10 13:23:29,088 [1ccbf5a0-3179-4f97-9461-e435a3f85abe@group-91BDB29C4700-LeaderElection29] INFO  segmented.SegmentedRaftLogWorker (SegmentedRaftLogWorker.java:startLogSegment(385)) - 1ccbf5a0-3179-4f97-9461-e435a3f85abe@group-91BDB29C4700-SegmentedRaftLogWorker: Starting segment from index:0
2019-10-10 13:23:29,090 [1ccbf5a0-3179-4f97-9461-e435a3f85abe@group-91BDB29C4700-LeaderElection29] INFO  impl.RaftServerImpl (ServerState.java:setRaftConf(356)) - 1ccbf5a0-3179-4f97-9461-e435a3f85abe@group-91BDB29C4700: set configuration 0: [1ccbf5a0-3179-4f97-9461-e435a3f85abe:192.168.164.230:40090, 220726a2-4ddc-4b09-adf5-65aa5b79b83d:192.168.164.230:42301, 2353c1f1-726d-4738-890f-24cb4edef3db:192.168.164.230:38052], old=null at 0
2019-10-10 13:23:29,136 [grpc-default-executor-2] INFO  impl.RaftServerImpl (ServerState.java:setLeader(255)) - 220726a2-4ddc-4b09-adf5-65aa5b79b83d@group-91BDB29C4700: change Leader from null to 1ccbf5a0-3179-4f97-9461-e435a3f85abe at term 2 for appendEntries, leader elected after 10396ms
2019-10-10 13:23:29,140 [grpc-default-executor-1] INFO  impl.RaftServerImpl (ServerState.java:setLeader(255)) - 2353c1f1-726d-4738-890f-24cb4edef3db@group-91BDB29C4700: change Leader from null to 1ccbf5a0-3179-4f97-9461-e435a3f85abe at term 2 for appendEntries, leader elected after 10400ms
2019-10-10 13:23:29,143 [grpc-default-executor-1] INFO  impl.RaftServerImpl (ServerState.java:setRaftConf(356)) - 220726a2-4ddc-4b09-adf5-65aa5b79b83d@group-91BDB29C4700: set configuration 0: [1ccbf5a0-3179-4f97-9461-e435a3f85abe:192.168.164.230:40090, 220726a2-4ddc-4b09-adf5-65aa5b79b83d:192.168.164.230:42301, 2353c1f1-726d-4738-890f-24cb4edef3db:192.168.164.230:38052], old=null at 0
2019-10-10 13:23:29,143 [grpc-default-executor-2] INFO  impl.RaftServerImpl (ServerState.java:setRaftConf(356)) - 2353c1f1-726d-4738-890f-24cb4edef3db@group-91BDB29C4700: set configuration 0: [1ccbf5a0-3179-4f97-9461-e435a3f85abe:192.168.164.230:40090, 220726a2-4ddc-4b09-adf5-65aa5b79b83d:192.168.164.230:42301, 2353c1f1-726d-4738-890f-24cb4edef3db:192.168.164.230:38052], old=null at 0
2019-10-10 13:23:29,143 [grpc-default-executor-1] INFO  segmented.SegmentedRaftLogWorker (SegmentedRaftLogWorker.java:startLogSegment(385)) - 220726a2-4ddc-4b09-adf5-65aa5b79b83d@group-91BDB29C4700-SegmentedRaftLogWorker: Starting segment from index:0
2019-10-10 13:23:29,143 [grpc-default-executor-2] INFO  segmented.SegmentedRaftLogWorker (SegmentedRaftLogWorker.java:startLogSegment(385)) - 2353c1f1-726d-4738-890f-24cb4edef3db@group-91BDB29C4700-SegmentedRaftLogWorker: Starting segment from index:0
2019-10-10 13:23:29,146 [1ccbf5a0-3179-4f97-9461-e435a3f85abe@group-91BDB29C4700-SegmentedRaftLogWorker] INFO  segmented.SegmentedRaftLogWorker (SegmentedRaftLogWorker.java:execute(574)) - 1ccbf5a0-3179-4f97-9461-e435a3f85abe@group-91BDB29C4700-SegmentedRaftLogWorker: created new log segment /workdir/hadoop-ozone/integration-test/target/test-dir/MiniOzoneClusterImpl-9f2070aa-53b9-4d3a-8363-33cb6bbf0ea6/datanode-5/data/ratis/6b1b8ca0-a198-4498-8211-91bdb29c4700/current/log_inprogress_0
2019-10-10 13:23:29,191 [220726a2-4ddc-4b09-adf5-65aa5b79b83d@group-91BDB29C4700-SegmentedRaftLogWorker] INFO  segmented.SegmentedRaftLogWorker (SegmentedRaftLogWorker.java:execute(574)) - 220726a2-4ddc-4b09-adf5-65aa5b79b83d@group-91BDB29C4700-SegmentedRaftLogWorker: created new log segment /workdir/hadoop-ozone/integration-test/target/test-dir/MiniOzoneClusterImpl-9f2070aa-53b9-4d3a-8363-33cb6bbf0ea6/datanode-0/data/ratis/6b1b8ca0-a198-4498-8211-91bdb29c4700/current/log_inprogress_0
2019-10-10 13:23:29,191 [2353c1f1-726d-4738-890f-24cb4edef3db@group-91BDB29C4700-SegmentedRaftLogWorker] INFO  segmented.SegmentedRaftLogWorker (SegmentedRaftLogWorker.java:execute(574)) - 2353c1f1-726d-4738-890f-24cb4edef3db@group-91BDB29C4700-SegmentedRaftLogWorker: created new log segment /workdir/hadoop-ozone/integration-test/target/test-dir/MiniOzoneClusterImpl-9f2070aa-53b9-4d3a-8363-33cb6bbf0ea6/datanode-6/data/ratis/6b1b8ca0-a198-4498-8211-91bdb29c4700/current/log_inprogress_0
2019-10-10 13:23:30,358 [RatisApplyTransactionExecutor 1] ERROR ratis.ContainerStateMachine (ContainerStateMachine.java:lambda$applyTransaction$6(739)) - gid group-91BDB29C4700 : ApplyTransaction failed. cmd CreateContainer logIndex 7 exception {}
java.lang.IllegalArgumentException
	at com.google.common.base.Preconditions.checkArgument(Preconditions.java:72)
	at org.apache.hadoop.ozone.container.keyvalue.KeyValueHandler.handleCreateContainer(KeyValueHandler.java:217)
	at org.apache.hadoop.ozone.container.keyvalue.KeyValueHandler.handle(KeyValueHandler.java:152)
	at org.apache.hadoop.ozone.container.common.impl.HddsDispatcher.dispatchRequest(HddsDispatcher.java:277)
	at org.apache.hadoop.ozone.container.common.impl.HddsDispatcher.dispatch(HddsDispatcher.java:150)
	at org.apache.hadoop.ozone.container.common.transport.server.ratis.ContainerStateMachine.dispatchCommand(ContainerStateMachine.java:413)
	at org.apache.hadoop.ozone.container.common.transport.server.ratis.ContainerStateMachine.runCommand(ContainerStateMachine.java:423)
	at org.apache.hadoop.ozone.container.common.transport.server.ratis.ContainerStateMachine.lambda$applyTransaction$6(ContainerStateMachine.java:737)
	at java.util.concurrent.CompletableFuture$AsyncSupply.run(CompletableFuture.java:1590)
	at java.util.concurrent.ThreadPoolExecutor.runWorker(ThreadPoolExecutor.java:1149)
	at java.util.concurrent.ThreadPoolExecutor$Worker.run(ThreadPoolExecutor.java:624)
	at java.lang.Thread.run(Thread.java:748)
2019-10-10 13:23:30,360 [RatisApplyTransactionExecutor 1] ERROR ratis.ContainerStateMachine (ContainerStateMachine.java:lambda$applyTransaction$6(739)) - gid group-91BDB29C4700 : ApplyTransaction failed. cmd CreateContainer logIndex 7 exception {}
java.lang.IllegalArgumentException
	at com.google.common.base.Preconditions.checkArgument(Preconditions.java:72)
	at org.apache.hadoop.ozone.container.keyvalue.KeyValueHandler.handleCreateContainer(KeyValueHandler.java:217)
	at org.apache.hadoop.ozone.container.keyvalue.KeyValueHandler.handle(KeyValueHandler.java:152)
	at org.apache.hadoop.ozone.container.common.impl.HddsDispatcher.dispatchRequest(HddsDispatcher.java:277)
	at org.apache.hadoop.ozone.container.common.impl.HddsDispatcher.dispatch(HddsDispatcher.java:150)
	at org.apache.hadoop.ozone.container.common.transport.server.ratis.ContainerStateMachine.dispatchCommand(ContainerStateMachine.java:413)
	at org.apache.hadoop.ozone.container.common.transport.server.ratis.ContainerStateMachine.runCommand(ContainerStateMachine.java:423)
	at org.apache.hadoop.ozone.container.common.transport.server.ratis.ContainerStateMachine.lambda$applyTransaction$6(ContainerStateMachine.java:737)
	at java.util.concurrent.CompletableFuture$AsyncSupply.run(CompletableFuture.java:1590)
	at java.util.concurrent.ThreadPoolExecutor.runWorker(ThreadPoolExecutor.java:1149)
	at java.util.concurrent.ThreadPoolExecutor$Worker.run(ThreadPoolExecutor.java:624)
	at java.lang.Thread.run(Thread.java:748)
2019-10-10 13:23:30,364 [RatisApplyTransactionExecutor 1] ERROR ratis.ContainerStateMachine (ContainerStateMachine.java:lambda$applyTransaction$6(739)) - gid group-91BDB29C4700 : ApplyTransaction failed. cmd CreateContainer logIndex 7 exception {}
java.lang.IllegalArgumentException
	at com.google.common.base.Preconditions.checkArgument(Preconditions.java:72)
	at org.apache.hadoop.ozone.container.keyvalue.KeyValueHandler.handleCreateContainer(KeyValueHandler.java:217)
	at org.apache.hadoop.ozone.container.keyvalue.KeyValueHandler.handle(KeyValueHandler.java:152)
	at org.apache.hadoop.ozone.container.common.impl.HddsDispatcher.dispatchRequest(HddsDispatcher.java:277)
	at org.apache.hadoop.ozone.container.common.impl.HddsDispatcher.dispatch(HddsDispatcher.java:150)
	at org.apache.hadoop.ozone.container.common.transport.server.ratis.ContainerStateMachine.dispatchCommand(ContainerStateMachine.java:413)
	at org.apache.hadoop.ozone.container.common.transport.server.ratis.ContainerStateMachine.runCommand(ContainerStateMachine.java:423)
	at org.apache.hadoop.ozone.container.common.transport.server.ratis.ContainerStateMachine.lambda$applyTransaction$6(ContainerStateMachine.java:737)
	at java.util.concurrent.CompletableFuture$AsyncSupply.run(CompletableFuture.java:1590)
	at java.util.concurrent.ThreadPoolExecutor.runWorker(ThreadPoolExecutor.java:1149)
	at java.util.concurrent.ThreadPoolExecutor$Worker.run(ThreadPoolExecutor.java:624)
	at java.lang.Thread.run(Thread.java:748)
2019-10-10 13:25:02,183 [main] INFO  ozone.MiniOzoneClusterImpl (MiniOzoneClusterImpl.java:shutdown(314)) - Shutting down the Mini Ozone Cluster
2019-10-10 13:25:02,184 [main] INFO  ozone.MiniOzoneClusterImpl (MiniOzoneClusterImpl.java:stop(330)) - Stopping the Mini Ozone Cluster
2019-10-10 13:25:02,184 [main] INFO  ozone.MiniOzoneClusterImpl (MiniOzoneClusterImpl.java:stopOM(400)) - Stopping the OzoneManager
2019-10-10 13:25:02,185 [main] INFO  ipc.Server (Server.java:stop(3082)) - Stopping server on 39206
2019-10-10 13:25:02,210 [IPC Server listener on 39206] INFO  ipc.Server (Server.java:run(1185)) - Stopping IPC Server listener on 39206
2019-10-10 13:25:02,210 [main] INFO  ratis.OzoneManagerDoubleBuffer (OzoneManagerDoubleBuffer.java:stop(250)) - Stopping OMDoubleBuffer flush thread
2019-10-10 13:25:02,210 [IPC Server Responder] INFO  ipc.Server (Server.java:run(1319)) - Stopping IPC Server Responder
2019-10-10 13:25:02,214 [OMDoubleBufferFlushThread] INFO  ratis.OzoneManagerDoubleBuffer (OzoneManagerDoubleBuffer.java:flushTransactions(193)) - OMDoubleBuffer flush thread OMDoubleBufferFlushThread is interrupted and will exit. OMDoubleBufferFlushThread
2019-10-10 13:25:02,214 [main] INFO  utils.BackgroundService (BackgroundService.java:shutdown(151)) - Shutting down service KeyDeletingService
2019-10-10 13:25:02,227 [main] INFO  handler.ContextHandler (ContextHandler.java:doStop(910)) - Stopped o.e.j.w.WebAppContext@64deb58f{/,null,UNAVAILABLE}{/ozoneManager}
2019-10-10 13:25:02,228 [main] INFO  server.AbstractConnector (AbstractConnector.java:doStop(318)) - Stopped ServerConnector@2b1cd7bc{HTTP/1.1,[http/1.1]}{0.0.0.0:0}
2019-10-10 13:25:02,228 [main] INFO  handler.ContextHandler (ContextHandler.java:doStop(910)) - Stopped o.e.j.s.ServletContextHandler@7e83992{/static,file:///workdir/hadoop-ozone/integration-test/target/test-classes/webapps/static,UNAVAILABLE}
2019-10-10 13:25:02,229 [main] INFO  handler.ContextHandler (ContextHandler.java:doStop(910)) - Stopped o.e.j.s.ServletContextHandler@7668892a{/logs,file:///workdir/hadoop-ozone/integration-test/target/log,UNAVAILABLE}
2019-10-10 13:25:02,233 [main] INFO  ozone.MiniOzoneClusterImpl (MiniOzoneClusterImpl.java:stopDatanodes(377)) - Stopping the HddsDatanodes
2019-10-10 13:25:03,035 [Datanode State Machine Thread - 0] INFO  statemachine.DatanodeStateMachine (DatanodeStateMachine.java:lambda$startDaemon$0(350)) - Ozone container server started.
2019-10-10 13:25:03,201 [Datanode State Machine Thread - 0] INFO  statemachine.DatanodeStateMachine (DatanodeStateMachine.java:lambda$startDaemon$0(350)) - Ozone container server started.
2019-10-10 13:25:07,235 [main] INFO  ozoneimpl.OzoneContainer (OzoneContainer.java:stop(227)) - Attempting to stop container services.
2019-10-10 13:25:07,235 [ForkJoinPool.commonPool-worker-0] INFO  ozoneimpl.OzoneContainer (OzoneContainer.java:stop(227)) - Attempting to stop container services.
2019-10-10 13:25:07,236 [main] INFO  impl.RaftServerProxy (RaftServerProxy.java:lambda$close$4(314)) - c18184fb-90ff-486b-bf72-63a58cb108ad: close
2019-10-10 13:25:07,236 [ForkJoinPool.commonPool-worker-0] INFO  impl.RaftServerProxy (RaftServerProxy.java:lambda$close$4(314)) - cb3659b2-5ca3-4b25-8b5d-9788a7da6980: close
2019-10-10 13:25:07,237 [main] INFO  impl.RaftServerImpl (RaftServerImpl.java:lambda$shutdown$3(247)) - c18184fb-90ff-486b-bf72-63a58cb108ad@group-CA186560047A: shutdown
2019-10-10 13:25:07,237 [ForkJoinPool.commonPool-worker-0] INFO  impl.RaftServerImpl (RaftServerImpl.java:lambda$shutdown$3(247)) - cb3659b2-5ca3-4b25-8b5d-9788a7da6980@group-5CBC92B58569: shutdown
2019-10-10 13:25:07,237 [main] INFO  util.JmxRegister (JmxRegister.java:unregister(73)) - Successfully un-registered JMX Bean with object name Ratis:service=RaftServer,group=group-CA186560047A,id=c18184fb-90ff-486b-bf72-63a58cb108ad
2019-10-10 13:25:07,237 [ForkJoinPool.commonPool-worker-0] INFO  util.JmxRegister (JmxRegister.java:unregister(73)) - Successfully un-registered JMX Bean with object name Ratis:service=RaftServer,group=group-5CBC92B58569,id=cb3659b2-5ca3-4b25-8b5d-9788a7da6980
2019-10-10 13:25:07,238 [main] INFO  impl.RoleInfo (RoleInfo.java:shutdownFollowerState(121)) - c18184fb-90ff-486b-bf72-63a58cb108ad: shutdown FollowerState
2019-10-10 13:25:07,238 [ForkJoinPool.commonPool-worker-0] INFO  impl.RoleInfo (RoleInfo.java:shutdownLeaderState(104)) - cb3659b2-5ca3-4b25-8b5d-9788a7da6980: shutdown LeaderState
2019-10-10 13:25:07,238 [main] INFO  impl.StateMachineUpdater (StateMachineUpdater.java:stopAndJoin(136)) - c18184fb-90ff-486b-bf72-63a58cb108ad@group-CA186560047A-StateMachineUpdater: set stopIndex = 0
2019-10-10 13:25:07,239 [ForkJoinPool.commonPool-worker-0] INFO  impl.PendingRequests (PendingRequests.java:sendNotLeaderResponses(202)) - cb3659b2-5ca3-4b25-8b5d-9788a7da6980@group-5CBC92B58569-PendingRequests: sendNotLeaderResponses
2019-10-10 13:25:07,238 [Thread-783] INFO  impl.FollowerState (FollowerState.java:run(117)) - c18184fb-90ff-486b-bf72-63a58cb108ad@group-CA186560047A-FollowerState was interrupted: java.lang.InterruptedException: sleep interrupted
2019-10-10 13:25:07,239 [main] INFO  impl.RaftServerImpl (ServerState.java:close(387)) - c18184fb-90ff-486b-bf72-63a58cb108ad@group-CA186560047A: closes. applyIndex: 0
2019-10-10 13:25:07,242 [ForkJoinPool.commonPool-worker-0] INFO  impl.StateMachineUpdater (StateMachineUpdater.java:stopAndJoin(136)) - cb3659b2-5ca3-4b25-8b5d-9788a7da6980@group-5CBC92B58569-StateMachineUpdater: set stopIndex = 0
2019-10-10 13:25:07,243 [ForkJoinPool.commonPool-worker-0] INFO  impl.RaftServerImpl (ServerState.java:close(387)) - cb3659b2-5ca3-4b25-8b5d-9788a7da6980@group-5CBC92B58569: closes. applyIndex: 0
2019-10-10 13:25:07,243 [c18184fb-90ff-486b-bf72-63a58cb108ad@group-CA186560047A-SegmentedRaftLogWorker] INFO  segmented.SegmentedRaftLogWorker (SegmentedRaftLogWorker.java:run(316)) - c18184fb-90ff-486b-bf72-63a58cb108ad@group-CA186560047A-SegmentedRaftLogWorker was interrupted, exiting. There are 0 tasks remaining in the queue.
2019-10-10 13:25:07,243 [cb3659b2-5ca3-4b25-8b5d-9788a7da6980@group-5CBC92B58569-SegmentedRaftLogWorker] INFO  segmented.SegmentedRaftLogWorker (SegmentedRaftLogWorker.java:run(316)) - cb3659b2-5ca3-4b25-8b5d-9788a7da6980@group-5CBC92B58569-SegmentedRaftLogWorker was interrupted, exiting. There are 0 tasks remaining in the queue.
2019-10-10 13:25:07,249 [ForkJoinPool.commonPool-worker-0] INFO  segmented.SegmentedRaftLogWorker (SegmentedRaftLogWorker.java:close(224)) - cb3659b2-5ca3-4b25-8b5d-9788a7da6980@group-5CBC92B58569-SegmentedRaftLogWorker close()
2019-10-10 13:25:07,249 [main] INFO  segmented.SegmentedRaftLogWorker (SegmentedRaftLogWorker.java:close(224)) - c18184fb-90ff-486b-bf72-63a58cb108ad@group-CA186560047A-SegmentedRaftLogWorker close()
2019-10-10 13:25:07,253 [ForkJoinPool.commonPool-worker-0] INFO  server.GrpcService (GrpcService.java:closeImpl(164)) - cb3659b2-5ca3-4b25-8b5d-9788a7da6980: shutdown server with port 40633 now
2019-10-10 13:25:07,258 [main] INFO  impl.RaftServerImpl (RaftServerImpl.java:lambda$shutdown$3(247)) - c18184fb-90ff-486b-bf72-63a58cb108ad@group-49D613E9107E: shutdown
2019-10-10 13:25:07,258 [main] INFO  util.JmxRegister (JmxRegister.java:unregister(73)) - Successfully un-registered JMX Bean with object name Ratis:service=RaftServer,group=group-49D613E9107E,id=c18184fb-90ff-486b-bf72-63a58cb108ad
2019-10-10 13:25:07,261 [main] INFO  impl.RoleInfo (RoleInfo.java:shutdownLeaderState(104)) - c18184fb-90ff-486b-bf72-63a58cb108ad: shutdown LeaderState
2019-10-10 13:25:07,261 [ForkJoinPool.commonPool-worker-0] INFO  server.GrpcService (GrpcService.java:closeImpl(172)) - cb3659b2-5ca3-4b25-8b5d-9788a7da6980: shutdown server with port 40633 successfully
2019-10-10 13:25:07,261 [main] INFO  impl.PendingRequests (PendingRequests.java:sendNotLeaderResponses(202)) - c18184fb-90ff-486b-bf72-63a58cb108ad@group-49D613E9107E-PendingRequests: sendNotLeaderResponses
2019-10-10 13:25:07,261 [main] INFO  impl.StateMachineUpdater (StateMachineUpdater.java:stopAndJoin(136)) - c18184fb-90ff-486b-bf72-63a58cb108ad@group-49D613E9107E-StateMachineUpdater: set stopIndex = 0
2019-10-10 13:25:07,262 [main] INFO  impl.RaftServerImpl (ServerState.java:close(387)) - c18184fb-90ff-486b-bf72-63a58cb108ad@group-49D613E9107E: closes. applyIndex: 0
2019-10-10 13:25:07,263 [refreshUsed-/workdir/hadoop-ozone/integration-test/target/test-dir/MiniOzoneClusterImpl-9f2070aa-53b9-4d3a-8363-33cb6bbf0ea6/datanode-1/data/containers] WARN  fs.CachingGetSpaceUsed (CachingGetSpaceUsed.java:run(183)) - Thread Interrupted waiting to refresh disk information: sleep interrupted
2019-10-10 13:25:07,263 [c18184fb-90ff-486b-bf72-63a58cb108ad@group-49D613E9107E-SegmentedRaftLogWorker] INFO  segmented.SegmentedRaftLogWorker (SegmentedRaftLogWorker.java:run(316)) - c18184fb-90ff-486b-bf72-63a58cb108ad@group-49D613E9107E-SegmentedRaftLogWorker was interrupted, exiting. There are 0 tasks remaining in the queue.
2019-10-10 13:25:07,265 [main] INFO  segmented.SegmentedRaftLogWorker (SegmentedRaftLogWorker.java:close(224)) - c18184fb-90ff-486b-bf72-63a58cb108ad@group-49D613E9107E-SegmentedRaftLogWorker close()
2019-10-10 13:25:07,271 [main] INFO  server.GrpcService (GrpcService.java:closeImpl(164)) - c18184fb-90ff-486b-bf72-63a58cb108ad: shutdown server with port 34020 now
2019-10-10 13:25:07,275 [grpc-default-executor-2] WARN  server.GrpcServerProtocolService (LogUtils.java:warn(134)) - c18184fb-90ff-486b-bf72-63a58cb108ad: installSnapshot onError, lastRequest: 8202782f-3bf2-4b72-939d-b383b7999cab->c18184fb-90ff-486b-bf72-63a58cb108ad#42-t1, previous=(t:1, i:0), leaderCommit=0, initializing? false, entries: <empty>: org.apache.ratis.thirdparty.io.grpc.StatusRuntimeException: CANCELLED: cancelled before receiving half close
2019-10-10 13:25:07,275 [grpc-default-executor-1] WARN  server.GrpcLogAppender (LogUtils.java:warn(134)) - 8202782f-3bf2-4b72-939d-b383b7999cab@group-CA186560047A->c18184fb-90ff-486b-bf72-63a58cb108ad-AppendLogResponseHandler: Failed appendEntries: org.apache.ratis.thirdparty.io.grpc.StatusRuntimeException: CANCELLED: HTTP/2 error code: CANCEL
Received Rst Stream
2019-10-10 13:25:07,275 [main] INFO  server.GrpcService (GrpcService.java:closeImpl(172)) - c18184fb-90ff-486b-bf72-63a58cb108ad: shutdown server with port 34020 successfully
2019-10-10 13:25:07,275 [grpc-default-executor-1] INFO  impl.FollowerInfo (FollowerInfo.java:lambda$new$0(51)) - 8202782f-3bf2-4b72-939d-b383b7999cab@group-CA186560047A->c18184fb-90ff-486b-bf72-63a58cb108ad: nextIndex: updateUnconditionally 1 -> 0
2019-10-10 13:25:07,277 [refreshUsed-/workdir/hadoop-ozone/integration-test/target/test-dir/MiniOzoneClusterImpl-9f2070aa-53b9-4d3a-8363-33cb6bbf0ea6/datanode-4/data/containers] WARN  fs.CachingGetSpaceUsed (CachingGetSpaceUsed.java:run(183)) - Thread Interrupted waiting to refresh disk information: sleep interrupted
2019-10-10 13:25:07,288 [ForkJoinPool.commonPool-worker-0] INFO  utils.BackgroundService (BackgroundService.java:shutdown(151)) - Shutting down service BlockDeletingService
2019-10-10 13:25:07,296 [ForkJoinPool.commonPool-worker-0] INFO  statemachine.DatanodeStateMachine (DatanodeStateMachine.java:stopDaemon(395)) - Ozone container server stopped.
2019-10-10 13:25:07,306 [main] INFO  utils.BackgroundService (BackgroundService.java:shutdown(151)) - Shutting down service BlockDeletingService
2019-10-10 13:25:07,311 [main] INFO  statemachine.DatanodeStateMachine (DatanodeStateMachine.java:stopDaemon(395)) - Ozone container server stopped.
2019-10-10 13:25:07,314 [ForkJoinPool.commonPool-worker-0] INFO  handler.ContextHandler (ContextHandler.java:doStop(910)) - Stopped o.e.j.w.WebAppContext@46911148{/,null,UNAVAILABLE}{/hddsDatanode}
2019-10-10 13:25:07,314 [main] INFO  handler.ContextHandler (ContextHandler.java:doStop(910)) - Stopped o.e.j.w.WebAppContext@682abca7{/,null,UNAVAILABLE}{/hddsDatanode}
2019-10-10 13:25:07,314 [ForkJoinPool.commonPool-worker-0] INFO  server.AbstractConnector (AbstractConnector.java:doStop(318)) - Stopped ServerConnector@2db1b657{HTTP/1.1,[http/1.1]}{0.0.0.0:0}
2019-10-10 13:25:07,316 [ForkJoinPool.commonPool-worker-0] INFO  handler.ContextHandler (ContextHandler.java:doStop(910)) - Stopped o.e.j.s.ServletContextHandler@4d9754a8{/static,jar:file:/home/user/.m2/repository/org/apache/hadoop/hadoop-hdds-container-service/0.5.0-SNAPSHOT/hadoop-hdds-container-service-0.5.0-SNAPSHOT.jar!/webapps/static,UNAVAILABLE}
2019-10-10 13:25:07,316 [main] INFO  server.AbstractConnector (AbstractConnector.java:doStop(318)) - Stopped ServerConnector@1d858300{HTTP/1.1,[http/1.1]}{0.0.0.0:0}
2019-10-10 13:25:07,319 [ForkJoinPool.commonPool-worker-0] INFO  handler.ContextHandler (ContextHandler.java:doStop(910)) - Stopped o.e.j.s.ServletContextHandler@58af5076{/logs,file:///workdir/hadoop-ozone/integration-test/target/log,UNAVAILABLE}
2019-10-10 13:25:07,319 [main] INFO  handler.ContextHandler (ContextHandler.java:doStop(910)) - Stopped o.e.j.s.ServletContextHandler@233db8e9{/static,jar:file:/home/user/.m2/repository/org/apache/hadoop/hadoop-hdds-container-service/0.5.0-SNAPSHOT/hadoop-hdds-container-service-0.5.0-SNAPSHOT.jar!/webapps/static,UNAVAILABLE}
2019-10-10 13:25:07,320 [main] INFO  handler.ContextHandler (ContextHandler.java:doStop(910)) - Stopped o.e.j.s.ServletContextHandler@59b32539{/logs,file:///workdir/hadoop-ozone/integration-test/target/log,UNAVAILABLE}
2019-10-10 13:25:08,051 [Datanode State Machine Thread - 0] INFO  statemachine.DatanodeStateMachine (DatanodeStateMachine.java:lambda$startDaemon$0(350)) - Ozone container server started.
2019-10-10 13:25:08,145 [Datanode State Machine Thread - 0] INFO  statemachine.DatanodeStateMachine (DatanodeStateMachine.java:lambda$startDaemon$0(350)) - Ozone container server started.
2019-10-10 13:25:09,155 [grpc-default-executor-2] WARN  server.GrpcLogAppender (LogUtils.java:warn(134)) - 8202782f-3bf2-4b72-939d-b383b7999cab@group-CA186560047A->c18184fb-90ff-486b-bf72-63a58cb108ad-AppendLogResponseHandler: Failed appendEntries: org.apache.ratis.thirdparty.io.grpc.StatusRuntimeException: UNAVAILABLE: io exception
2019-10-10 13:25:09,155 [grpc-default-executor-2] INFO  impl.FollowerInfo (FollowerInfo.java:lambda$new$0(51)) - 8202782f-3bf2-4b72-939d-b383b7999cab@group-CA186560047A->c18184fb-90ff-486b-bf72-63a58cb108ad: nextIndex: updateUnconditionally 0 -> 0
2019-10-10 13:25:11,661 [grpc-default-executor-2] WARN  server.GrpcLogAppender (LogUtils.java:warn(134)) - 8202782f-3bf2-4b72-939d-b383b7999cab@group-CA186560047A->c18184fb-90ff-486b-bf72-63a58cb108ad-AppendLogResponseHandler: Failed appendEntries: org.apache.ratis.thirdparty.io.grpc.StatusRuntimeException: UNAVAILABLE: io exception
2019-10-10 13:25:11,663 [grpc-default-executor-2] INFO  impl.FollowerInfo (FollowerInfo.java:lambda$new$0(51)) - 8202782f-3bf2-4b72-939d-b383b7999cab@group-CA186560047A->c18184fb-90ff-486b-bf72-63a58cb108ad: nextIndex: updateUnconditionally 0 -> 0
2019-10-10 13:25:12,322 [ForkJoinPool.commonPool-worker-0] INFO  ozoneimpl.OzoneContainer (OzoneContainer.java:stop(227)) - Attempting to stop container services.
2019-10-10 13:25:12,322 [main] INFO  ozoneimpl.OzoneContainer (OzoneContainer.java:stop(227)) - Attempting to stop container services.
2019-10-10 13:25:12,325 [ForkJoinPool.commonPool-worker-0] INFO  impl.RaftServerProxy (RaftServerProxy.java:lambda$close$4(314)) - 0a35b46b-2cae-405a-8e00-ec21236555b8: close
2019-10-10 13:25:12,325 [main] INFO  impl.RaftServerProxy (RaftServerProxy.java:lambda$close$4(314)) - 8202782f-3bf2-4b72-939d-b383b7999cab: close
2019-10-10 13:25:12,326 [ForkJoinPool.commonPool-worker-0] INFO  impl.RaftServerImpl (RaftServerImpl.java:lambda$shutdown$3(247)) - 0a35b46b-2cae-405a-8e00-ec21236555b8@group-CA186560047A: shutdown
2019-10-10 13:25:12,326 [main] INFO  impl.RaftServerImpl (RaftServerImpl.java:lambda$shutdown$3(247)) - 8202782f-3bf2-4b72-939d-b383b7999cab@group-CA186560047A: shutdown
2019-10-10 13:25:12,326 [ForkJoinPool.commonPool-worker-0] INFO  util.JmxRegister (JmxRegister.java:unregister(73)) - Successfully un-registered JMX Bean with object name Ratis:service=RaftServer,group=group-CA186560047A,id=0a35b46b-2cae-405a-8e00-ec21236555b8
2019-10-10 13:25:12,326 [main] INFO  util.JmxRegister (JmxRegister.java:unregister(73)) - Successfully un-registered JMX Bean with object name Ratis:service=RaftServer,group=group-CA186560047A,id=8202782f-3bf2-4b72-939d-b383b7999cab
2019-10-10 13:25:12,327 [ForkJoinPool.commonPool-worker-0] INFO  impl.RoleInfo (RoleInfo.java:shutdownFollowerState(121)) - 0a35b46b-2cae-405a-8e00-ec21236555b8: shutdown FollowerState
2019-10-10 13:25:12,327 [main] INFO  impl.RoleInfo (RoleInfo.java:shutdownLeaderState(104)) - 8202782f-3bf2-4b72-939d-b383b7999cab: shutdown LeaderState
2019-10-10 13:25:12,328 [Thread-784] INFO  impl.FollowerState (FollowerState.java:run(117)) - 0a35b46b-2cae-405a-8e00-ec21236555b8@group-CA186560047A-FollowerState was interrupted: java.lang.InterruptedException: sleep interrupted
2019-10-10 13:25:12,328 [ForkJoinPool.commonPool-worker-0] INFO  impl.StateMachineUpdater (StateMachineUpdater.java:stopAndJoin(136)) - 0a35b46b-2cae-405a-8e00-ec21236555b8@group-CA186560047A-StateMachineUpdater: set stopIndex = 0
2019-10-10 13:25:12,335 [main] INFO  impl.PendingRequests (PendingRequests.java:sendNotLeaderResponses(202)) - 8202782f-3bf2-4b72-939d-b383b7999cab@group-CA186560047A-PendingRequests: sendNotLeaderResponses
2019-10-10 13:25:12,335 [org.apache.ratis.server.impl.LogAppender$AppenderDaemon$$Lambda$519/1053451969@59b9ad9b] WARN  server.GrpcLogAppender (GrpcLogAppender.java:mayWait(143)) - 8202782f-3bf2-4b72-939d-b383b7999cab@group-CA186560047A->c18184fb-90ff-486b-bf72-63a58cb108ad-GrpcLogAppender: Wait interrupted by java.lang.InterruptedException
2019-10-10 13:25:12,335 [org.apache.ratis.server.impl.LogAppender$AppenderDaemon$$Lambda$519/1053451969@552e363f] WARN  server.GrpcLogAppender (GrpcLogAppender.java:mayWait(143)) - 8202782f-3bf2-4b72-939d-b383b7999cab@group-CA186560047A->0a35b46b-2cae-405a-8e00-ec21236555b8-GrpcLogAppender: Wait interrupted by java.lang.InterruptedException
2019-10-10 13:25:12,336 [main] INFO  impl.StateMachineUpdater (StateMachineUpdater.java:stopAndJoin(136)) - 8202782f-3bf2-4b72-939d-b383b7999cab@group-CA186560047A-StateMachineUpdater: set stopIndex = 0
2019-10-10 13:25:12,336 [ForkJoinPool.commonPool-worker-0] INFO  impl.RaftServerImpl (ServerState.java:close(387)) - 0a35b46b-2cae-405a-8e00-ec21236555b8@group-CA186560047A: closes. applyIndex: 0
2019-10-10 13:25:12,336 [main] INFO  impl.RaftServerImpl (ServerState.java:close(387)) - 8202782f-3bf2-4b72-939d-b383b7999cab@group-CA186560047A: closes. applyIndex: 0
2019-10-10 13:25:12,337 [8202782f-3bf2-4b72-939d-b383b7999cab@group-CA186560047A-SegmentedRaftLogWorker] INFO  segmented.SegmentedRaftLogWorker (SegmentedRaftLogWorker.java:run(316)) - 8202782f-3bf2-4b72-939d-b383b7999cab@group-CA186560047A-SegmentedRaftLogWorker was interrupted, exiting. There are 0 tasks remaining in the queue.
2019-10-10 13:25:12,337 [0a35b46b-2cae-405a-8e00-ec21236555b8@group-CA186560047A-SegmentedRaftLogWorker] INFO  segmented.SegmentedRaftLogWorker (SegmentedRaftLogWorker.java:run(316)) - 0a35b46b-2cae-405a-8e00-ec21236555b8@group-CA186560047A-SegmentedRaftLogWorker was interrupted, exiting. There are 0 tasks remaining in the queue.
2019-10-10 13:25:12,339 [main] INFO  segmented.SegmentedRaftLogWorker (SegmentedRaftLogWorker.java:close(224)) - 8202782f-3bf2-4b72-939d-b383b7999cab@group-CA186560047A-SegmentedRaftLogWorker close()
2019-10-10 13:25:12,351 [ForkJoinPool.commonPool-worker-0] INFO  segmented.SegmentedRaftLogWorker (SegmentedRaftLogWorker.java:close(224)) - 0a35b46b-2cae-405a-8e00-ec21236555b8@group-CA186560047A-SegmentedRaftLogWorker close()
2019-10-10 13:25:12,351 [grpc-default-executor-2] INFO  server.GrpcServerProtocolService (GrpcServerProtocolService.java:onCompleted(113)) - 0a35b46b-2cae-405a-8e00-ec21236555b8: Completed APPEND_ENTRIES, lastRequest: 8202782f-3bf2-4b72-939d-b383b7999cab->0a35b46b-2cae-405a-8e00-ec21236555b8#44-t1, previous=(t:1, i:0), leaderCommit=0, initializing? false, entries: <empty>
2019-10-10 13:25:12,351 [main] INFO  impl.RaftServerImpl (RaftServerImpl.java:lambda$shutdown$3(247)) - 8202782f-3bf2-4b72-939d-b383b7999cab@group-A28AF8961A28: shutdown
2019-10-10 13:25:12,352 [ForkJoinPool.commonPool-worker-0] INFO  impl.RaftServerImpl (RaftServerImpl.java:lambda$shutdown$3(247)) - 0a35b46b-2cae-405a-8e00-ec21236555b8@group-3212ED39A6FC: shutdown
2019-10-10 13:25:12,353 [main] INFO  util.JmxRegister (JmxRegister.java:unregister(73)) - Successfully un-registered JMX Bean with object name Ratis:service=RaftServer,group=group-A28AF8961A28,id=8202782f-3bf2-4b72-939d-b383b7999cab
2019-10-10 13:25:12,353 [ForkJoinPool.commonPool-worker-0] INFO  util.JmxRegister (JmxRegister.java:unregister(73)) - Successfully un-registered JMX Bean with object name Ratis:service=RaftServer,group=group-3212ED39A6FC,id=0a35b46b-2cae-405a-8e00-ec21236555b8
2019-10-10 13:25:12,353 [main] INFO  impl.RoleInfo (RoleInfo.java:shutdownLeaderState(104)) - 8202782f-3bf2-4b72-939d-b383b7999cab: shutdown LeaderState
2019-10-10 13:25:12,353 [grpc-default-executor-2] INFO  server.GrpcLogAppender (GrpcLogAppender.java:onCompleted(293)) - 8202782f-3bf2-4b72-939d-b383b7999cab@group-CA186560047A->0a35b46b-2cae-405a-8e00-ec21236555b8-AppendLogResponseHandler: follower responses appendEntries COMPLETED
2019-10-10 13:25:12,353 [ForkJoinPool.commonPool-worker-0] INFO  impl.RoleInfo (RoleInfo.java:shutdownLeaderState(104)) - 0a35b46b-2cae-405a-8e00-ec21236555b8: shutdown LeaderState
2019-10-10 13:25:12,354 [main] INFO  impl.PendingRequests (PendingRequests.java:sendNotLeaderResponses(202)) - 8202782f-3bf2-4b72-939d-b383b7999cab@group-A28AF8961A28-PendingRequests: sendNotLeaderResponses
2019-10-10 13:25:12,354 [ForkJoinPool.commonPool-worker-0] INFO  impl.PendingRequests (PendingRequests.java:sendNotLeaderResponses(202)) - 0a35b46b-2cae-405a-8e00-ec21236555b8@group-3212ED39A6FC-PendingRequests: sendNotLeaderResponses
2019-10-10 13:25:12,355 [main] INFO  impl.StateMachineUpdater (StateMachineUpdater.java:stopAndJoin(136)) - 8202782f-3bf2-4b72-939d-b383b7999cab@group-A28AF8961A28-StateMachineUpdater: set stopIndex = 0
2019-10-10 13:25:12,355 [grpc-default-executor-2] INFO  impl.FollowerInfo (FollowerInfo.java:lambda$new$0(51)) - 8202782f-3bf2-4b72-939d-b383b7999cab@group-CA186560047A->0a35b46b-2cae-405a-8e00-ec21236555b8: nextIndex: updateUnconditionally 1 -> 0
2019-10-10 13:25:12,355 [ForkJoinPool.commonPool-worker-0] INFO  impl.StateMachineUpdater (StateMachineUpdater.java:stopAndJoin(136)) - 0a35b46b-2cae-405a-8e00-ec21236555b8@group-3212ED39A6FC-StateMachineUpdater: set stopIndex = 0
2019-10-10 13:25:12,355 [main] INFO  impl.RaftServerImpl (ServerState.java:close(387)) - 8202782f-3bf2-4b72-939d-b383b7999cab@group-A28AF8961A28: closes. applyIndex: 0
2019-10-10 13:25:12,356 [ForkJoinPool.commonPool-worker-0] INFO  impl.RaftServerImpl (ServerState.java:close(387)) - 0a35b46b-2cae-405a-8e00-ec21236555b8@group-3212ED39A6FC: closes. applyIndex: 0
2019-10-10 13:25:12,357 [8202782f-3bf2-4b72-939d-b383b7999cab@group-A28AF8961A28-SegmentedRaftLogWorker] INFO  segmented.SegmentedRaftLogWorker (SegmentedRaftLogWorker.java:run(316)) - 8202782f-3bf2-4b72-939d-b383b7999cab@group-A28AF8961A28-SegmentedRaftLogWorker was interrupted, exiting. There are 0 tasks remaining in the queue.
2019-10-10 13:25:12,357 [0a35b46b-2cae-405a-8e00-ec21236555b8@group-3212ED39A6FC-SegmentedRaftLogWorker] INFO  segmented.SegmentedRaftLogWorker (SegmentedRaftLogWorker.java:run(316)) - 0a35b46b-2cae-405a-8e00-ec21236555b8@group-3212ED39A6FC-SegmentedRaftLogWorker was interrupted, exiting. There are 0 tasks remaining in the queue.
2019-10-10 13:25:12,358 [main] INFO  segmented.SegmentedRaftLogWorker (SegmentedRaftLogWorker.java:close(224)) - 8202782f-3bf2-4b72-939d-b383b7999cab@group-A28AF8961A28-SegmentedRaftLogWorker close()
2019-10-10 13:25:12,360 [ForkJoinPool.commonPool-worker-0] INFO  segmented.SegmentedRaftLogWorker (SegmentedRaftLogWorker.java:close(224)) - 0a35b46b-2cae-405a-8e00-ec21236555b8@group-3212ED39A6FC-SegmentedRaftLogWorker close()
2019-10-10 13:25:12,361 [main] INFO  server.GrpcService (GrpcService.java:closeImpl(164)) - 8202782f-3bf2-4b72-939d-b383b7999cab: shutdown server with port 38517 now
2019-10-10 13:25:12,362 [ForkJoinPool.commonPool-worker-0] INFO  server.GrpcService (GrpcService.java:closeImpl(164)) - 0a35b46b-2cae-405a-8e00-ec21236555b8: shutdown server with port 34806 now
2019-10-10 13:25:12,363 [main] INFO  server.GrpcService (GrpcService.java:closeImpl(172)) - 8202782f-3bf2-4b72-939d-b383b7999cab: shutdown server with port 38517 successfully
2019-10-10 13:25:12,363 [ForkJoinPool.commonPool-worker-0] INFO  server.GrpcService (GrpcService.java:closeImpl(172)) - 0a35b46b-2cae-405a-8e00-ec21236555b8: shutdown server with port 34806 successfully
2019-10-10 13:25:12,366 [refreshUsed-/workdir/hadoop-ozone/integration-test/target/test-dir/MiniOzoneClusterImpl-9f2070aa-53b9-4d3a-8363-33cb6bbf0ea6/datanode-3/data/containers] WARN  fs.CachingGetSpaceUsed (CachingGetSpaceUsed.java:run(183)) - Thread Interrupted waiting to refresh disk information: sleep interrupted
2019-10-10 13:25:12,367 [refreshUsed-/workdir/hadoop-ozone/integration-test/target/test-dir/MiniOzoneClusterImpl-9f2070aa-53b9-4d3a-8363-33cb6bbf0ea6/datanode-2/data/containers] WARN  fs.CachingGetSpaceUsed (CachingGetSpaceUsed.java:run(183)) - Thread Interrupted waiting to refresh disk information: sleep interrupted
2019-10-10 13:25:12,384 [main] INFO  utils.BackgroundService (BackgroundService.java:shutdown(151)) - Shutting down service BlockDeletingService
2019-10-10 13:25:12,388 [main] INFO  statemachine.DatanodeStateMachine (DatanodeStateMachine.java:stopDaemon(395)) - Ozone container server stopped.
2019-10-10 13:25:12,390 [main] INFO  handler.ContextHandler (ContextHandler.java:doStop(910)) - Stopped o.e.j.w.WebAppContext@1d06f16f{/,null,UNAVAILABLE}{/hddsDatanode}
2019-10-10 13:25:12,390 [main] INFO  server.AbstractConnector (AbstractConnector.java:doStop(318)) - Stopped ServerConnector@4fa4f485{HTTP/1.1,[http/1.1]}{0.0.0.0:0}
2019-10-10 13:25:12,391 [main] INFO  handler.ContextHandler (ContextHandler.java:doStop(910)) - Stopped o.e.j.s.ServletContextHandler@68e02f33{/static,jar:file:/home/user/.m2/repository/org/apache/hadoop/hadoop-hdds-container-service/0.5.0-SNAPSHOT/hadoop-hdds-container-service-0.5.0-SNAPSHOT.jar!/webapps/static,UNAVAILABLE}
2019-10-10 13:25:12,391 [main] INFO  handler.ContextHandler (ContextHandler.java:doStop(910)) - Stopped o.e.j.s.ServletContextHandler@78422efb{/logs,file:///workdir/hadoop-ozone/integration-test/target/log,UNAVAILABLE}
2019-10-10 13:25:12,394 [ForkJoinPool.commonPool-worker-0] INFO  utils.BackgroundService (BackgroundService.java:shutdown(151)) - Shutting down service BlockDeletingService
2019-10-10 13:25:12,397 [ForkJoinPool.commonPool-worker-0] INFO  statemachine.DatanodeStateMachine (DatanodeStateMachine.java:stopDaemon(395)) - Ozone container server stopped.
2019-10-10 13:25:12,401 [ForkJoinPool.commonPool-worker-0] INFO  handler.ContextHandler (ContextHandler.java:doStop(910)) - Stopped o.e.j.w.WebAppContext@2f10f633{/,null,UNAVAILABLE}{/hddsDatanode}
2019-10-10 13:25:12,402 [ForkJoinPool.commonPool-worker-0] INFO  server.AbstractConnector (AbstractConnector.java:doStop(318)) - Stopped ServerConnector@1642eeae{HTTP/1.1,[http/1.1]}{0.0.0.0:0}
2019-10-10 13:25:12,403 [ForkJoinPool.commonPool-worker-0] INFO  handler.ContextHandler (ContextHandler.java:doStop(910)) - Stopped o.e.j.s.ServletContextHandler@45658133{/static,jar:file:/home/user/.m2/repository/org/apache/hadoop/hadoop-hdds-container-service/0.5.0-SNAPSHOT/hadoop-hdds-container-service-0.5.0-SNAPSHOT.jar!/webapps/static,UNAVAILABLE}
2019-10-10 13:25:12,404 [ForkJoinPool.commonPool-worker-0] INFO  handler.ContextHandler (ContextHandler.java:doStop(910)) - Stopped o.e.j.s.ServletContextHandler@493da830{/logs,file:///workdir/hadoop-ozone/integration-test/target/log,UNAVAILABLE}
2019-10-10 13:25:13,354 [Datanode State Machine Thread - 0] INFO  statemachine.DatanodeStateMachine (DatanodeStateMachine.java:lambda$startDaemon$0(350)) - Ozone container server started.
2019-10-10 13:25:13,363 [Datanode State Machine Thread - 0] INFO  statemachine.DatanodeStateMachine (DatanodeStateMachine.java:lambda$startDaemon$0(350)) - Ozone container server started.
2019-10-10 13:25:17,393 [main] INFO  ozoneimpl.OzoneContainer (OzoneContainer.java:stop(227)) - Attempting to stop container services.
2019-10-10 13:25:17,395 [main] INFO  impl.RaftServerProxy (RaftServerProxy.java:lambda$close$4(314)) - 2353c1f1-726d-4738-890f-24cb4edef3db: close
2019-10-10 13:25:17,396 [main] INFO  impl.RaftServerImpl (RaftServerImpl.java:lambda$shutdown$3(247)) - 2353c1f1-726d-4738-890f-24cb4edef3db@group-E6D18DE9A7B0: shutdown
2019-10-10 13:25:17,396 [main] INFO  util.JmxRegister (JmxRegister.java:unregister(73)) - Successfully un-registered JMX Bean with object name Ratis:service=RaftServer,group=group-E6D18DE9A7B0,id=2353c1f1-726d-4738-890f-24cb4edef3db
2019-10-10 13:25:17,397 [main] INFO  impl.RoleInfo (RoleInfo.java:shutdownLeaderState(104)) - 2353c1f1-726d-4738-890f-24cb4edef3db: shutdown LeaderState
2019-10-10 13:25:17,397 [main] INFO  impl.PendingRequests (PendingRequests.java:sendNotLeaderResponses(202)) - 2353c1f1-726d-4738-890f-24cb4edef3db@group-E6D18DE9A7B0-PendingRequests: sendNotLeaderResponses
2019-10-10 13:25:17,398 [main] INFO  impl.StateMachineUpdater (StateMachineUpdater.java:stopAndJoin(136)) - 2353c1f1-726d-4738-890f-24cb4edef3db@group-E6D18DE9A7B0-StateMachineUpdater: set stopIndex = 0
2019-10-10 13:25:17,398 [main] INFO  impl.RaftServerImpl (ServerState.java:close(387)) - 2353c1f1-726d-4738-890f-24cb4edef3db@group-E6D18DE9A7B0: closes. applyIndex: 0
2019-10-10 13:25:17,399 [2353c1f1-726d-4738-890f-24cb4edef3db@group-E6D18DE9A7B0-SegmentedRaftLogWorker] INFO  segmented.SegmentedRaftLogWorker (SegmentedRaftLogWorker.java:run(316)) - 2353c1f1-726d-4738-890f-24cb4edef3db@group-E6D18DE9A7B0-SegmentedRaftLogWorker was interrupted, exiting. There are 0 tasks remaining in the queue.
2019-10-10 13:25:17,403 [main] INFO  segmented.SegmentedRaftLogWorker (SegmentedRaftLogWorker.java:close(224)) - 2353c1f1-726d-4738-890f-24cb4edef3db@group-E6D18DE9A7B0-SegmentedRaftLogWorker close()
2019-10-10 13:25:17,405 [main] INFO  impl.RaftServerImpl (RaftServerImpl.java:lambda$shutdown$3(247)) - 2353c1f1-726d-4738-890f-24cb4edef3db@group-91BDB29C4700: shutdown
2019-10-10 13:25:17,405 [main] INFO  util.JmxRegister (JmxRegister.java:unregister(73)) - Successfully un-registered JMX Bean with object name Ratis:service=RaftServer,group=group-91BDB29C4700,id=2353c1f1-726d-4738-890f-24cb4edef3db
2019-10-10 13:25:17,406 [main] INFO  impl.RoleInfo (RoleInfo.java:shutdownFollowerState(121)) - 2353c1f1-726d-4738-890f-24cb4edef3db: shutdown FollowerState
2019-10-10 13:25:17,406 [ForkJoinPool.commonPool-worker-0] INFO  ozoneimpl.OzoneContainer (OzoneContainer.java:stop(227)) - Attempting to stop container services.
2019-10-10 13:25:17,406 [main] INFO  impl.StateMachineUpdater (StateMachineUpdater.java:stopAndJoin(136)) - 2353c1f1-726d-4738-890f-24cb4edef3db@group-91BDB29C4700-StateMachineUpdater: set stopIndex = 8
2019-10-10 13:25:17,407 [ForkJoinPool.commonPool-worker-0] INFO  impl.RaftServerProxy (RaftServerProxy.java:lambda$close$4(314)) - 220726a2-4ddc-4b09-adf5-65aa5b79b83d: close
2019-10-10 13:25:17,407 [2353c1f1-726d-4738-890f-24cb4edef3db@group-91BDB29C4700-StateMachineUpdater] INFO  ratis.ContainerStateMachine (ContainerStateMachine.java:takeSnapshot(294)) - group-91BDB29C4700: Taking a snapshot at:(t:2, i:5) file /workdir/hadoop-ozone/integration-test/target/test-dir/MiniOzoneClusterImpl-9f2070aa-53b9-4d3a-8363-33cb6bbf0ea6/datanode-6/data/ratis/6b1b8ca0-a198-4498-8211-91bdb29c4700/sm/snapshot.2_5
2019-10-10 13:25:17,406 [Thread-828] INFO  impl.FollowerState (FollowerState.java:run(117)) - 2353c1f1-726d-4738-890f-24cb4edef3db@group-91BDB29C4700-FollowerState was interrupted: java.lang.InterruptedException: sleep interrupted
2019-10-10 13:25:17,407 [ForkJoinPool.commonPool-worker-0] INFO  impl.RaftServerImpl (RaftServerImpl.java:lambda$shutdown$3(247)) - 220726a2-4ddc-4b09-adf5-65aa5b79b83d@group-CA3B002BDA63: shutdown
2019-10-10 13:25:17,409 [ForkJoinPool.commonPool-worker-0] INFO  util.JmxRegister (JmxRegister.java:unregister(73)) - Successfully un-registered JMX Bean with object name Ratis:service=RaftServer,group=group-CA3B002BDA63,id=220726a2-4ddc-4b09-adf5-65aa5b79b83d
2019-10-10 13:25:17,409 [ForkJoinPool.commonPool-worker-0] INFO  impl.RoleInfo (RoleInfo.java:shutdownLeaderState(104)) - 220726a2-4ddc-4b09-adf5-65aa5b79b83d: shutdown LeaderState
2019-10-10 13:25:17,410 [ForkJoinPool.commonPool-worker-0] INFO  impl.PendingRequests (PendingRequests.java:sendNotLeaderResponses(202)) - 220726a2-4ddc-4b09-adf5-65aa5b79b83d@group-CA3B002BDA63-PendingRequests: sendNotLeaderResponses
2019-10-10 13:25:17,410 [ForkJoinPool.commonPool-worker-0] INFO  impl.StateMachineUpdater (StateMachineUpdater.java:stopAndJoin(136)) - 220726a2-4ddc-4b09-adf5-65aa5b79b83d@group-CA3B002BDA63-StateMachineUpdater: set stopIndex = 0
2019-10-10 13:25:17,411 [ForkJoinPool.commonPool-worker-0] INFO  impl.RaftServerImpl (ServerState.java:close(387)) - 220726a2-4ddc-4b09-adf5-65aa5b79b83d@group-CA3B002BDA63: closes. applyIndex: 0
2019-10-10 13:25:17,411 [220726a2-4ddc-4b09-adf5-65aa5b79b83d@group-CA3B002BDA63-SegmentedRaftLogWorker] INFO  segmented.SegmentedRaftLogWorker (SegmentedRaftLogWorker.java:run(316)) - 220726a2-4ddc-4b09-adf5-65aa5b79b83d@group-CA3B002BDA63-SegmentedRaftLogWorker was interrupted, exiting. There are 0 tasks remaining in the queue.
2019-10-10 13:25:17,413 [ForkJoinPool.commonPool-worker-0] INFO  segmented.SegmentedRaftLogWorker (SegmentedRaftLogWorker.java:close(224)) - 220726a2-4ddc-4b09-adf5-65aa5b79b83d@group-CA3B002BDA63-SegmentedRaftLogWorker close()
2019-10-10 13:25:17,414 [ForkJoinPool.commonPool-worker-0] INFO  impl.RaftServerImpl (RaftServerImpl.java:lambda$shutdown$3(247)) - 220726a2-4ddc-4b09-adf5-65aa5b79b83d@group-91BDB29C4700: shutdown
2019-10-10 13:25:17,415 [ForkJoinPool.commonPool-worker-0] INFO  util.JmxRegister (JmxRegister.java:unregister(73)) - Successfully un-registered JMX Bean with object name Ratis:service=RaftServer,group=group-91BDB29C4700,id=220726a2-4ddc-4b09-adf5-65aa5b79b83d
2019-10-10 13:25:17,415 [ForkJoinPool.commonPool-worker-0] INFO  impl.RoleInfo (RoleInfo.java:shutdownFollowerState(121)) - 220726a2-4ddc-4b09-adf5-65aa5b79b83d: shutdown FollowerState
2019-10-10 13:25:17,415 [ForkJoinPool.commonPool-worker-0] INFO  impl.StateMachineUpdater (StateMachineUpdater.java:stopAndJoin(136)) - 220726a2-4ddc-4b09-adf5-65aa5b79b83d@group-91BDB29C4700-StateMachineUpdater: set stopIndex = 8
2019-10-10 13:25:17,416 [Thread-827] INFO  impl.FollowerState (FollowerState.java:run(117)) - 220726a2-4ddc-4b09-adf5-65aa5b79b83d@group-91BDB29C4700-FollowerState was interrupted: java.lang.InterruptedException: sleep interrupted
2019-10-10 13:25:17,416 [220726a2-4ddc-4b09-adf5-65aa5b79b83d@group-91BDB29C4700-StateMachineUpdater] INFO  ratis.ContainerStateMachine (ContainerStateMachine.java:takeSnapshot(294)) - group-91BDB29C4700: Taking a snapshot at:(t:2, i:5) file /workdir/hadoop-ozone/integration-test/target/test-dir/MiniOzoneClusterImpl-9f2070aa-53b9-4d3a-8363-33cb6bbf0ea6/datanode-0/data/ratis/6b1b8ca0-a198-4498-8211-91bdb29c4700/sm/snapshot.2_5
2019-10-10 13:25:17,423 [2353c1f1-726d-4738-890f-24cb4edef3db@group-91BDB29C4700-StateMachineUpdater] INFO  ratis.ContainerStateMachine (ContainerStateMachine.java:takeSnapshot(305)) - group-91BDB29C4700: Finished taking a snapshot at:(t:2, i:5) file:/workdir/hadoop-ozone/integration-test/target/test-dir/MiniOzoneClusterImpl-9f2070aa-53b9-4d3a-8363-33cb6bbf0ea6/datanode-6/data/ratis/6b1b8ca0-a198-4498-8211-91bdb29c4700/sm/snapshot.2_5 time:16
2019-10-10 13:25:17,424 [2353c1f1-726d-4738-890f-24cb4edef3db@group-91BDB29C4700-StateMachineUpdater] INFO  impl.StateMachineUpdater (StateMachineUpdater.java:takeSnapshot(269)) - 2353c1f1-726d-4738-890f-24cb4edef3db@group-91BDB29C4700-StateMachineUpdater: Took a snapshot at index 5
2019-10-10 13:25:17,424 [2353c1f1-726d-4738-890f-24cb4edef3db@group-91BDB29C4700-StateMachineUpdater] INFO  impl.StateMachineUpdater (StateMachineUpdater.java:lambda$new$0(84)) - 2353c1f1-726d-4738-890f-24cb4edef3db@group-91BDB29C4700-StateMachineUpdater: snapshotIndex: updateIncreasingly -1 -> 5
2019-10-10 13:25:17,425 [2353c1f1-726d-4738-890f-24cb4edef3db@group-91BDB29C4700-StateMachineUpdater] INFO  ratis.ContainerStateMachine (ContainerStateMachine.java:takeSnapshot(294)) - group-91BDB29C4700: Taking a snapshot at:(t:2, i:5) file /workdir/hadoop-ozone/integration-test/target/test-dir/MiniOzoneClusterImpl-9f2070aa-53b9-4d3a-8363-33cb6bbf0ea6/datanode-6/data/ratis/6b1b8ca0-a198-4498-8211-91bdb29c4700/sm/snapshot.2_5
2019-10-10 13:25:17,447 [220726a2-4ddc-4b09-adf5-65aa5b79b83d@group-91BDB29C4700-StateMachineUpdater] INFO  ratis.ContainerStateMachine (ContainerStateMachine.java:takeSnapshot(305)) - group-91BDB29C4700: Finished taking a snapshot at:(t:2, i:5) file:/workdir/hadoop-ozone/integration-test/target/test-dir/MiniOzoneClusterImpl-9f2070aa-53b9-4d3a-8363-33cb6bbf0ea6/datanode-0/data/ratis/6b1b8ca0-a198-4498-8211-91bdb29c4700/sm/snapshot.2_5 time:32
2019-10-10 13:25:17,447 [2353c1f1-726d-4738-890f-24cb4edef3db@group-91BDB29C4700-StateMachineUpdater] INFO  ratis.ContainerStateMachine (ContainerStateMachine.java:takeSnapshot(305)) - group-91BDB29C4700: Finished taking a snapshot at:(t:2, i:5) file:/workdir/hadoop-ozone/integration-test/target/test-dir/MiniOzoneClusterImpl-9f2070aa-53b9-4d3a-8363-33cb6bbf0ea6/datanode-6/data/ratis/6b1b8ca0-a198-4498-8211-91bdb29c4700/sm/snapshot.2_5 time:23
2019-10-10 13:25:17,448 [220726a2-4ddc-4b09-adf5-65aa5b79b83d@group-91BDB29C4700-StateMachineUpdater] INFO  impl.StateMachineUpdater (StateMachineUpdater.java:takeSnapshot(269)) - 220726a2-4ddc-4b09-adf5-65aa5b79b83d@group-91BDB29C4700-StateMachineUpdater: Took a snapshot at index 5
2019-10-10 13:25:17,448 [220726a2-4ddc-4b09-adf5-65aa5b79b83d@group-91BDB29C4700-StateMachineUpdater] INFO  impl.StateMachineUpdater (StateMachineUpdater.java:lambda$new$0(84)) - 220726a2-4ddc-4b09-adf5-65aa5b79b83d@group-91BDB29C4700-StateMachineUpdater: snapshotIndex: updateIncreasingly -1 -> 5
2019-10-10 13:25:17,448 [2353c1f1-726d-4738-890f-24cb4edef3db@group-91BDB29C4700-StateMachineUpdater] INFO  impl.StateMachineUpdater (StateMachineUpdater.java:takeSnapshot(269)) - 2353c1f1-726d-4738-890f-24cb4edef3db@group-91BDB29C4700-StateMachineUpdater: Took a snapshot at index 5
2019-10-10 13:25:17,448 [220726a2-4ddc-4b09-adf5-65aa5b79b83d@group-91BDB29C4700-StateMachineUpdater] INFO  ratis.ContainerStateMachine (ContainerStateMachine.java:takeSnapshot(294)) - group-91BDB29C4700: Taking a snapshot at:(t:2, i:5) file /workdir/hadoop-ozone/integration-test/target/test-dir/MiniOzoneClusterImpl-9f2070aa-53b9-4d3a-8363-33cb6bbf0ea6/datanode-0/data/ratis/6b1b8ca0-a198-4498-8211-91bdb29c4700/sm/snapshot.2_5
2019-10-10 13:25:17,448 [2353c1f1-726d-4738-890f-24cb4edef3db@group-91BDB29C4700-StateMachineUpdater] INFO  impl.StateMachineUpdater (StateMachineUpdater.java:lambda$new$0(84)) - 2353c1f1-726d-4738-890f-24cb4edef3db@group-91BDB29C4700-StateMachineUpdater: snapshotIndex: updateIncreasingly 5 -> 5
2019-10-10 13:25:17,449 [main] INFO  impl.RaftServerImpl (ServerState.java:close(387)) - 2353c1f1-726d-4738-890f-24cb4edef3db@group-91BDB29C4700: closes. applyIndex: 8
2019-10-10 13:25:17,449 [2353c1f1-726d-4738-890f-24cb4edef3db@group-91BDB29C4700-SegmentedRaftLogWorker] INFO  segmented.SegmentedRaftLogWorker (SegmentedRaftLogWorker.java:run(316)) - 2353c1f1-726d-4738-890f-24cb4edef3db@group-91BDB29C4700-SegmentedRaftLogWorker was interrupted, exiting. There are 0 tasks remaining in the queue.
2019-10-10 13:25:17,450 [main] INFO  segmented.SegmentedRaftLogWorker (SegmentedRaftLogWorker.java:close(224)) - 2353c1f1-726d-4738-890f-24cb4edef3db@group-91BDB29C4700-SegmentedRaftLogWorker close()
2019-10-10 13:25:17,454 [main] INFO  server.GrpcService (GrpcService.java:closeImpl(164)) - 2353c1f1-726d-4738-890f-24cb4edef3db: shutdown server with port 38052 now
2019-10-10 13:25:17,456 [grpc-default-executor-2] WARN  server.GrpcServerProtocolService (LogUtils.java:warn(134)) - 2353c1f1-726d-4738-890f-24cb4edef3db: installSnapshot onError, lastRequest: 1ccbf5a0-3179-4f97-9461-e435a3f85abe->2353c1f1-726d-4738-890f-24cb4edef3db#51-t2, previous=(t:2, i:8), leaderCommit=8, initializing? false, entries: <empty>: org.apache.ratis.thirdparty.io.grpc.StatusRuntimeException: CANCELLED: cancelled before receiving half close
2019-10-10 13:25:17,457 [main] INFO  server.GrpcService (GrpcService.java:closeImpl(172)) - 2353c1f1-726d-4738-890f-24cb4edef3db: shutdown server with port 38052 successfully
2019-10-10 13:25:17,457 [grpc-default-executor-4] WARN  server.GrpcLogAppender (LogUtils.java:warn(134)) - 1ccbf5a0-3179-4f97-9461-e435a3f85abe@group-91BDB29C4700->2353c1f1-726d-4738-890f-24cb4edef3db-AppendLogResponseHandler: Failed appendEntries: org.apache.ratis.thirdparty.io.grpc.StatusRuntimeException: CANCELLED: HTTP/2 error code: CANCEL
Received Rst Stream
2019-10-10 13:25:17,458 [grpc-default-executor-4] INFO  impl.FollowerInfo (FollowerInfo.java:lambda$new$0(51)) - 1ccbf5a0-3179-4f97-9461-e435a3f85abe@group-91BDB29C4700->2353c1f1-726d-4738-890f-24cb4edef3db: nextIndex: updateUnconditionally 9 -> 8
2019-10-10 13:25:17,459 [refreshUsed-/workdir/hadoop-ozone/integration-test/target/test-dir/MiniOzoneClusterImpl-9f2070aa-53b9-4d3a-8363-33cb6bbf0ea6/datanode-6/data/containers] WARN  fs.CachingGetSpaceUsed (CachingGetSpaceUsed.java:run(183)) - Thread Interrupted waiting to refresh disk information: sleep interrupted
2019-10-10 13:25:17,461 [220726a2-4ddc-4b09-adf5-65aa5b79b83d@group-91BDB29C4700-StateMachineUpdater] INFO  ratis.ContainerStateMachine (ContainerStateMachine.java:takeSnapshot(305)) - group-91BDB29C4700: Finished taking a snapshot at:(t:2, i:5) file:/workdir/hadoop-ozone/integration-test/target/test-dir/MiniOzoneClusterImpl-9f2070aa-53b9-4d3a-8363-33cb6bbf0ea6/datanode-0/data/ratis/6b1b8ca0-a198-4498-8211-91bdb29c4700/sm/snapshot.2_5 time:13
2019-10-10 13:25:17,461 [220726a2-4ddc-4b09-adf5-65aa5b79b83d@group-91BDB29C4700-StateMachineUpdater] INFO  impl.StateMachineUpdater (StateMachineUpdater.java:takeSnapshot(269)) - 220726a2-4ddc-4b09-adf5-65aa5b79b83d@group-91BDB29C4700-StateMachineUpdater: Took a snapshot at index 5
2019-10-10 13:25:17,462 [220726a2-4ddc-4b09-adf5-65aa5b79b83d@group-91BDB29C4700-StateMachineUpdater] INFO  impl.StateMachineUpdater (StateMachineUpdater.java:lambda$new$0(84)) - 220726a2-4ddc-4b09-adf5-65aa5b79b83d@group-91BDB29C4700-StateMachineUpdater: snapshotIndex: updateIncreasingly 5 -> 5
2019-10-10 13:25:17,463 [ForkJoinPool.commonPool-worker-0] INFO  impl.RaftServerImpl (ServerState.java:close(387)) - 220726a2-4ddc-4b09-adf5-65aa5b79b83d@group-91BDB29C4700: closes. applyIndex: 8
2019-10-10 13:25:17,464 [220726a2-4ddc-4b09-adf5-65aa5b79b83d@group-91BDB29C4700-SegmentedRaftLogWorker] INFO  segmented.SegmentedRaftLogWorker (SegmentedRaftLogWorker.java:run(316)) - 220726a2-4ddc-4b09-adf5-65aa5b79b83d@group-91BDB29C4700-SegmentedRaftLogWorker was interrupted, exiting. There are 0 tasks remaining in the queue.
2019-10-10 13:25:17,464 [ForkJoinPool.commonPool-worker-0] INFO  segmented.SegmentedRaftLogWorker (SegmentedRaftLogWorker.java:close(224)) - 220726a2-4ddc-4b09-adf5-65aa5b79b83d@group-91BDB29C4700-SegmentedRaftLogWorker close()
2019-10-10 13:25:17,465 [ForkJoinPool.commonPool-worker-0] INFO  server.GrpcService (GrpcService.java:closeImpl(164)) - 220726a2-4ddc-4b09-adf5-65aa5b79b83d: shutdown server with port 42301 now
2019-10-10 13:25:17,466 [grpc-default-executor-4] WARN  server.GrpcServerProtocolService (LogUtils.java:warn(134)) - 220726a2-4ddc-4b09-adf5-65aa5b79b83d: installSnapshot onError, lastRequest: 1ccbf5a0-3179-4f97-9461-e435a3f85abe->220726a2-4ddc-4b09-adf5-65aa5b79b83d#51-t2, previous=(t:2, i:8), leaderCommit=8, initializing? false, entries: <empty>: org.apache.ratis.thirdparty.io.grpc.StatusRuntimeException: CANCELLED: cancelled before receiving half close
2019-10-10 13:25:17,466 [ForkJoinPool.commonPool-worker-0] INFO  server.GrpcService (GrpcService.java:closeImpl(172)) - 220726a2-4ddc-4b09-adf5-65aa5b79b83d: shutdown server with port 42301 successfully
2019-10-10 13:25:17,466 [grpc-default-executor-1] WARN  server.GrpcLogAppender (LogUtils.java:warn(134)) - 1ccbf5a0-3179-4f97-9461-e435a3f85abe@group-91BDB29C4700->220726a2-4ddc-4b09-adf5-65aa5b79b83d-AppendLogResponseHandler: Failed appendEntries: org.apache.ratis.thirdparty.io.grpc.StatusRuntimeException: CANCELLED: HTTP/2 error code: CANCEL
Received Rst Stream
2019-10-10 13:25:17,467 [grpc-default-executor-1] INFO  impl.FollowerInfo (FollowerInfo.java:lambda$new$0(51)) - 1ccbf5a0-3179-4f97-9461-e435a3f85abe@group-91BDB29C4700->220726a2-4ddc-4b09-adf5-65aa5b79b83d: nextIndex: updateUnconditionally 9 -> 8
2019-10-10 13:25:17,467 [grpc-default-executor-5] WARN  client.GrpcClientProtocolService (LogUtils.java:warn(134)) - 46-OrderedRequestStreamObserver46: onError: org.apache.ratis.thirdparty.io.grpc.StatusRuntimeException: CANCELLED: cancelled before receiving half close
2019-10-10 13:25:17,468 [refreshUsed-/workdir/hadoop-ozone/integration-test/target/test-dir/MiniOzoneClusterImpl-9f2070aa-53b9-4d3a-8363-33cb6bbf0ea6/datanode-0/data/containers] WARN  fs.CachingGetSpaceUsed (CachingGetSpaceUsed.java:run(183)) - Thread Interrupted waiting to refresh disk information: sleep interrupted
2019-10-10 13:25:17,480 [main] INFO  utils.BackgroundService (BackgroundService.java:shutdown(151)) - Shutting down service BlockDeletingService
2019-10-10 13:25:17,483 [main] INFO  statemachine.DatanodeStateMachine (DatanodeStateMachine.java:stopDaemon(395)) - Ozone container server stopped.
2019-10-10 13:25:17,487 [ForkJoinPool.commonPool-worker-0] INFO  utils.BackgroundService (BackgroundService.java:shutdown(151)) - Shutting down service BlockDeletingService
2019-10-10 13:25:17,490 [ForkJoinPool.commonPool-worker-0] INFO  statemachine.DatanodeStateMachine (DatanodeStateMachine.java:stopDaemon(395)) - Ozone container server stopped.
2019-10-10 13:25:17,496 [main] INFO  handler.ContextHandler (ContextHandler.java:doStop(910)) - Stopped o.e.j.w.WebAppContext@7237f3c1{/,null,UNAVAILABLE}{/hddsDatanode}
2019-10-10 13:25:17,497 [ForkJoinPool.commonPool-worker-0] INFO  handler.ContextHandler (ContextHandler.java:doStop(910)) - Stopped o.e.j.w.WebAppContext@4130955c{/,null,UNAVAILABLE}{/hddsDatanode}
2019-10-10 13:25:17,497 [main] INFO  server.AbstractConnector (AbstractConnector.java:doStop(318)) - Stopped ServerConnector@781711b7{HTTP/1.1,[http/1.1]}{0.0.0.0:0}
2019-10-10 13:25:17,498 [ForkJoinPool.commonPool-worker-0] INFO  server.AbstractConnector (AbstractConnector.java:doStop(318)) - Stopped ServerConnector@2bfaba70{HTTP/1.1,[http/1.1]}{0.0.0.0:0}
2019-10-10 13:25:17,498 [main] INFO  handler.ContextHandler (ContextHandler.java:doStop(910)) - Stopped o.e.j.s.ServletContextHandler@5cf8676a{/static,jar:file:/home/user/.m2/repository/org/apache/hadoop/hadoop-hdds-container-service/0.5.0-SNAPSHOT/hadoop-hdds-container-service-0.5.0-SNAPSHOT.jar!/webapps/static,UNAVAILABLE}
2019-10-10 13:25:17,499 [ForkJoinPool.commonPool-worker-0] INFO  handler.ContextHandler (ContextHandler.java:doStop(910)) - Stopped o.e.j.s.ServletContextHandler@6d091cad{/static,jar:file:/home/user/.m2/repository/org/apache/hadoop/hadoop-hdds-container-service/0.5.0-SNAPSHOT/hadoop-hdds-container-service-0.5.0-SNAPSHOT.jar!/webapps/static,UNAVAILABLE}
2019-10-10 13:25:17,499 [main] INFO  handler.ContextHandler (ContextHandler.java:doStop(910)) - Stopped o.e.j.s.ServletContextHandler@7ab1127c{/logs,file:///workdir/hadoop-ozone/integration-test/target/log,UNAVAILABLE}
2019-10-10 13:25:17,500 [ForkJoinPool.commonPool-worker-0] INFO  handler.ContextHandler (ContextHandler.java:doStop(910)) - Stopped o.e.j.s.ServletContextHandler@2c9a6717{/logs,file:///workdir/hadoop-ozone/integration-test/target/log,UNAVAILABLE}
2019-10-10 13:25:18,057 [grpc-default-executor-6] WARN  server.GrpcLogAppender (LogUtils.java:warn(134)) - 1ccbf5a0-3179-4f97-9461-e435a3f85abe@group-91BDB29C4700->2353c1f1-726d-4738-890f-24cb4edef3db-AppendLogResponseHandler: Failed appendEntries: org.apache.ratis.thirdparty.io.grpc.StatusRuntimeException: UNAVAILABLE: io exception
2019-10-10 13:25:18,057 [grpc-default-executor-7] WARN  server.GrpcLogAppender (LogUtils.java:warn(134)) - 1ccbf5a0-3179-4f97-9461-e435a3f85abe@group-91BDB29C4700->220726a2-4ddc-4b09-adf5-65aa5b79b83d-AppendLogResponseHandler: Failed appendEntries: org.apache.ratis.thirdparty.io.grpc.StatusRuntimeException: UNAVAILABLE: io exception
2019-10-10 13:25:18,057 [grpc-default-executor-6] INFO  impl.FollowerInfo (FollowerInfo.java:lambda$new$0(51)) - 1ccbf5a0-3179-4f97-9461-e435a3f85abe@group-91BDB29C4700->2353c1f1-726d-4738-890f-24cb4edef3db: nextIndex: updateUnconditionally 8 -> 7
2019-10-10 13:25:18,057 [grpc-default-executor-7] INFO  impl.FollowerInfo (FollowerInfo.java:lambda$new$0(51)) - 1ccbf5a0-3179-4f97-9461-e435a3f85abe@group-91BDB29C4700->220726a2-4ddc-4b09-adf5-65aa5b79b83d: nextIndex: updateUnconditionally 8 -> 7
2019-10-10 13:25:18,355 [Datanode State Machine Thread - 0] INFO  statemachine.DatanodeStateMachine (DatanodeStateMachine.java:lambda$startDaemon$0(350)) - Ozone container server started.
2019-10-10 13:25:20,558 [grpc-default-executor-1] WARN  server.GrpcLogAppender (LogUtils.java:warn(134)) - 1ccbf5a0-3179-4f97-9461-e435a3f85abe@group-91BDB29C4700->220726a2-4ddc-4b09-adf5-65aa5b79b83d-AppendLogResponseHandler: Failed appendEntries: org.apache.ratis.thirdparty.io.grpc.StatusRuntimeException: UNAVAILABLE: io exception
2019-10-10 13:25:20,558 [grpc-default-executor-5] WARN  server.GrpcLogAppender (LogUtils.java:warn(134)) - 1ccbf5a0-3179-4f97-9461-e435a3f85abe@group-91BDB29C4700->2353c1f1-726d-4738-890f-24cb4edef3db-AppendLogResponseHandler: Failed appendEntries: org.apache.ratis.thirdparty.io.grpc.StatusRuntimeException: UNAVAILABLE: io exception
2019-10-10 13:25:20,558 [grpc-default-executor-1] INFO  impl.FollowerInfo (FollowerInfo.java:lambda$new$0(51)) - 1ccbf5a0-3179-4f97-9461-e435a3f85abe@group-91BDB29C4700->220726a2-4ddc-4b09-adf5-65aa5b79b83d: nextIndex: updateUnconditionally 7 -> 6
2019-10-10 13:25:20,559 [grpc-default-executor-5] INFO  impl.FollowerInfo (FollowerInfo.java:lambda$new$0(51)) - 1ccbf5a0-3179-4f97-9461-e435a3f85abe@group-91BDB29C4700->2353c1f1-726d-4738-890f-24cb4edef3db: nextIndex: updateUnconditionally 7 -> 6
2019-10-10 13:25:22,504 [main] INFO  ozoneimpl.OzoneContainer (OzoneContainer.java:stop(227)) - Attempting to stop container services.
2019-10-10 13:25:22,506 [main] INFO  impl.RaftServerProxy (RaftServerProxy.java:lambda$close$4(314)) - 1ccbf5a0-3179-4f97-9461-e435a3f85abe: close
2019-10-10 13:25:22,507 [main] INFO  impl.RaftServerImpl (RaftServerImpl.java:lambda$shutdown$3(247)) - 1ccbf5a0-3179-4f97-9461-e435a3f85abe@group-91BDB29C4700: shutdown
2019-10-10 13:25:22,508 [main] INFO  util.JmxRegister (JmxRegister.java:unregister(73)) - Successfully un-registered JMX Bean with object name Ratis:service=RaftServer,group=group-91BDB29C4700,id=1ccbf5a0-3179-4f97-9461-e435a3f85abe
2019-10-10 13:25:22,508 [main] INFO  impl.RoleInfo (RoleInfo.java:shutdownLeaderState(104)) - 1ccbf5a0-3179-4f97-9461-e435a3f85abe: shutdown LeaderState
2019-10-10 13:25:22,513 [org.apache.ratis.server.impl.LogAppender$AppenderDaemon$$Lambda$519/1053451969@1cbf3c4d] WARN  server.GrpcLogAppender (GrpcLogAppender.java:mayWait(143)) - 1ccbf5a0-3179-4f97-9461-e435a3f85abe@group-91BDB29C4700->2353c1f1-726d-4738-890f-24cb4edef3db-GrpcLogAppender: Wait interrupted by java.lang.InterruptedException
2019-10-10 13:25:22,513 [org.apache.ratis.server.impl.LogAppender$AppenderDaemon$$Lambda$519/1053451969@12608688] WARN  server.GrpcLogAppender (GrpcLogAppender.java:mayWait(143)) - 1ccbf5a0-3179-4f97-9461-e435a3f85abe@group-91BDB29C4700->220726a2-4ddc-4b09-adf5-65aa5b79b83d-GrpcLogAppender: Wait interrupted by java.lang.InterruptedException
2019-10-10 13:25:22,514 [main] INFO  impl.PendingRequests (PendingRequests.java:sendNotLeaderResponses(202)) - 1ccbf5a0-3179-4f97-9461-e435a3f85abe@group-91BDB29C4700-PendingRequests: sendNotLeaderResponses
2019-10-10 13:25:22,517 [main] INFO  impl.StateMachineUpdater (StateMachineUpdater.java:stopAndJoin(136)) - 1ccbf5a0-3179-4f97-9461-e435a3f85abe@group-91BDB29C4700-StateMachineUpdater: set stopIndex = 8
2019-10-10 13:25:22,517 [1ccbf5a0-3179-4f97-9461-e435a3f85abe@group-91BDB29C4700-StateMachineUpdater] INFO  ratis.ContainerStateMachine (ContainerStateMachine.java:takeSnapshot(294)) - group-91BDB29C4700: Taking a snapshot at:(t:2, i:6) file /workdir/hadoop-ozone/integration-test/target/test-dir/MiniOzoneClusterImpl-9f2070aa-53b9-4d3a-8363-33cb6bbf0ea6/datanode-5/data/ratis/6b1b8ca0-a198-4498-8211-91bdb29c4700/sm/snapshot.2_6
2019-10-10 13:25:22,528 [1ccbf5a0-3179-4f97-9461-e435a3f85abe@group-91BDB29C4700-StateMachineUpdater] INFO  ratis.ContainerStateMachine (ContainerStateMachine.java:takeSnapshot(305)) - group-91BDB29C4700: Finished taking a snapshot at:(t:2, i:6) file:/workdir/hadoop-ozone/integration-test/target/test-dir/MiniOzoneClusterImpl-9f2070aa-53b9-4d3a-8363-33cb6bbf0ea6/datanode-5/data/ratis/6b1b8ca0-a198-4498-8211-91bdb29c4700/sm/snapshot.2_6 time:11
2019-10-10 13:25:22,528 [1ccbf5a0-3179-4f97-9461-e435a3f85abe@group-91BDB29C4700-StateMachineUpdater] INFO  impl.StateMachineUpdater (StateMachineUpdater.java:takeSnapshot(269)) - 1ccbf5a0-3179-4f97-9461-e435a3f85abe@group-91BDB29C4700-StateMachineUpdater: Took a snapshot at index 6
2019-10-10 13:25:22,528 [1ccbf5a0-3179-4f97-9461-e435a3f85abe@group-91BDB29C4700-StateMachineUpdater] INFO  impl.StateMachineUpdater (StateMachineUpdater.java:lambda$new$0(84)) - 1ccbf5a0-3179-4f97-9461-e435a3f85abe@group-91BDB29C4700-StateMachineUpdater: snapshotIndex: updateIncreasingly -1 -> 6
2019-10-10 13:25:22,529 [1ccbf5a0-3179-4f97-9461-e435a3f85abe@group-91BDB29C4700-StateMachineUpdater] INFO  ratis.ContainerStateMachine (ContainerStateMachine.java:takeSnapshot(294)) - group-91BDB29C4700: Taking a snapshot at:(t:2, i:6) file /workdir/hadoop-ozone/integration-test/target/test-dir/MiniOzoneClusterImpl-9f2070aa-53b9-4d3a-8363-33cb6bbf0ea6/datanode-5/data/ratis/6b1b8ca0-a198-4498-8211-91bdb29c4700/sm/snapshot.2_6
2019-10-10 13:25:22,541 [1ccbf5a0-3179-4f97-9461-e435a3f85abe@group-91BDB29C4700-StateMachineUpdater] INFO  ratis.ContainerStateMachine (ContainerStateMachine.java:takeSnapshot(305)) - group-91BDB29C4700: Finished taking a snapshot at:(t:2, i:6) file:/workdir/hadoop-ozone/integration-test/target/test-dir/MiniOzoneClusterImpl-9f2070aa-53b9-4d3a-8363-33cb6bbf0ea6/datanode-5/data/ratis/6b1b8ca0-a198-4498-8211-91bdb29c4700/sm/snapshot.2_6 time:12
2019-10-10 13:25:22,541 [1ccbf5a0-3179-4f97-9461-e435a3f85abe@group-91BDB29C4700-StateMachineUpdater] INFO  impl.StateMachineUpdater (StateMachineUpdater.java:takeSnapshot(269)) - 1ccbf5a0-3179-4f97-9461-e435a3f85abe@group-91BDB29C4700-StateMachineUpdater: Took a snapshot at index 6
2019-10-10 13:25:22,542 [1ccbf5a0-3179-4f97-9461-e435a3f85abe@group-91BDB29C4700-StateMachineUpdater] INFO  impl.StateMachineUpdater (StateMachineUpdater.java:lambda$new$0(84)) - 1ccbf5a0-3179-4f97-9461-e435a3f85abe@group-91BDB29C4700-StateMachineUpdater: snapshotIndex: updateIncreasingly 6 -> 6
2019-10-10 13:25:22,542 [main] INFO  impl.RaftServerImpl (ServerState.java:close(387)) - 1ccbf5a0-3179-4f97-9461-e435a3f85abe@group-91BDB29C4700: closes. applyIndex: 8
2019-10-10 13:25:22,543 [1ccbf5a0-3179-4f97-9461-e435a3f85abe@group-91BDB29C4700-SegmentedRaftLogWorker] INFO  segmented.SegmentedRaftLogWorker (SegmentedRaftLogWorker.java:run(316)) - 1ccbf5a0-3179-4f97-9461-e435a3f85abe@group-91BDB29C4700-SegmentedRaftLogWorker was interrupted, exiting. There are 0 tasks remaining in the queue.
2019-10-10 13:25:22,544 [main] INFO  segmented.SegmentedRaftLogWorker (SegmentedRaftLogWorker.java:close(224)) - 1ccbf5a0-3179-4f97-9461-e435a3f85abe@group-91BDB29C4700-SegmentedRaftLogWorker close()
2019-10-10 13:25:22,544 [main] INFO  impl.RaftServerImpl (RaftServerImpl.java:lambda$shutdown$3(247)) - 1ccbf5a0-3179-4f97-9461-e435a3f85abe@group-1F61892216E8: shutdown
2019-10-10 13:25:22,545 [main] INFO  util.JmxRegister (JmxRegister.java:unregister(73)) - Successfully un-registered JMX Bean with object name Ratis:service=RaftServer,group=group-1F61892216E8,id=1ccbf5a0-3179-4f97-9461-e435a3f85abe
2019-10-10 13:25:22,545 [main] INFO  impl.RoleInfo (RoleInfo.java:shutdownLeaderState(104)) - 1ccbf5a0-3179-4f97-9461-e435a3f85abe: shutdown LeaderState
2019-10-10 13:25:22,546 [main] INFO  impl.PendingRequests (PendingRequests.java:sendNotLeaderResponses(202)) - 1ccbf5a0-3179-4f97-9461-e435a3f85abe@group-1F61892216E8-PendingRequests: sendNotLeaderResponses
2019-10-10 13:25:22,546 [main] INFO  impl.StateMachineUpdater (StateMachineUpdater.java:stopAndJoin(136)) - 1ccbf5a0-3179-4f97-9461-e435a3f85abe@group-1F61892216E8-StateMachineUpdater: set stopIndex = 0
2019-10-10 13:25:22,547 [main] INFO  impl.RaftServerImpl (ServerState.java:close(387)) - 1ccbf5a0-3179-4f97-9461-e435a3f85abe@group-1F61892216E8: closes. applyIndex: 0
2019-10-10 13:25:22,547 [1ccbf5a0-3179-4f97-9461-e435a3f85abe@group-1F61892216E8-SegmentedRaftLogWorker] INFO  segmented.SegmentedRaftLogWorker (SegmentedRaftLogWorker.java:run(316)) - 1ccbf5a0-3179-4f97-9461-e435a3f85abe@group-1F61892216E8-SegmentedRaftLogWorker was interrupted, exiting. There are 0 tasks remaining in the queue.
2019-10-10 13:25:22,548 [main] INFO  segmented.SegmentedRaftLogWorker (SegmentedRaftLogWorker.java:close(224)) - 1ccbf5a0-3179-4f97-9461-e435a3f85abe@group-1F61892216E8-SegmentedRaftLogWorker close()
2019-10-10 13:25:22,548 [main] INFO  server.GrpcService (GrpcService.java:closeImpl(164)) - 1ccbf5a0-3179-4f97-9461-e435a3f85abe: shutdown server with port 40090 now
2019-10-10 13:25:22,549 [main] INFO  server.GrpcService (GrpcService.java:closeImpl(172)) - 1ccbf5a0-3179-4f97-9461-e435a3f85abe: shutdown server with port 40090 successfully
2019-10-10 13:25:22,552 [refreshUsed-/workdir/hadoop-ozone/integration-test/target/test-dir/MiniOzoneClusterImpl-9f2070aa-53b9-4d3a-8363-33cb6bbf0ea6/datanode-5/data/containers] WARN  fs.CachingGetSpaceUsed (CachingGetSpaceUsed.java:run(183)) - Thread Interrupted waiting to refresh disk information: sleep interrupted
2019-10-10 13:25:22,577 [main] INFO  utils.BackgroundService (BackgroundService.java:shutdown(151)) - Shutting down service BlockDeletingService
2019-10-10 13:25:22,581 [main] INFO  statemachine.DatanodeStateMachine (DatanodeStateMachine.java:stopDaemon(395)) - Ozone container server stopped.
2019-10-10 13:25:22,594 [main] INFO  handler.ContextHandler (ContextHandler.java:doStop(910)) - Stopped o.e.j.w.WebAppContext@168b4cb0{/,null,UNAVAILABLE}{/hddsDatanode}
2019-10-10 13:25:22,595 [main] INFO  server.AbstractConnector (AbstractConnector.java:doStop(318)) - Stopped ServerConnector@3e05586b{HTTP/1.1,[http/1.1]}{0.0.0.0:0}
2019-10-10 13:25:22,595 [main] INFO  handler.ContextHandler (ContextHandler.java:doStop(910)) - Stopped o.e.j.s.ServletContextHandler@4fb04a72{/static,jar:file:/home/user/.m2/repository/org/apache/hadoop/hadoop-hdds-container-service/0.5.0-SNAPSHOT/hadoop-hdds-container-service-0.5.0-SNAPSHOT.jar!/webapps/static,UNAVAILABLE}
2019-10-10 13:25:22,596 [main] INFO  handler.ContextHandler (ContextHandler.java:doStop(910)) - Stopped o.e.j.s.ServletContextHandler@af7e376{/logs,file:///workdir/hadoop-ozone/integration-test/target/log,UNAVAILABLE}
2019-10-10 13:25:22,597 [main] INFO  ozone.MiniOzoneClusterImpl (MiniOzoneClusterImpl.java:stopSCM(392)) - Stopping the StorageContainerManager
2019-10-10 13:25:22,597 [main] INFO  server.StorageContainerManager (StorageContainerManager.java:stop(810)) - Stopping Replication Manager Service.
2019-10-10 13:25:22,598 [main] INFO  container.ReplicationManager (ReplicationManager.java:stop(203)) - Stopping Replication Monitor Thread.
2019-10-10 13:25:22,598 [main] INFO  server.StorageContainerManager (StorageContainerManager.java:stop(817)) - Stopping Lease Manager of the command watchers
2019-10-10 13:25:22,598 [main] INFO  server.StorageContainerManager (StorageContainerManager.java:stop(824)) - Stopping datanode service RPC server
2019-10-10 13:25:22,598 [main] INFO  server.SCMDatanodeProtocolServer (SCMDatanodeProtocolServer.java:stop(346)) - Stopping the RPC server for DataNodes
2019-10-10 13:25:22,598 [main] INFO  ipc.Server (Server.java:stop(3082)) - Stopping server on 34870
2019-10-10 13:25:22,601 [IPC Server listener on 34870] INFO  ipc.Server (Server.java:run(1185)) - Stopping IPC Server listener on 34870
2019-10-10 13:25:22,602 [IPC Server Responder] INFO  ipc.Server (Server.java:run(1319)) - Stopping IPC Server Responder
2019-10-10 13:25:22,702 [SCM Heartbeat Processing Thread - 0] WARN  node.NodeStateManager (NodeStateManager.java:scheduleNextHealthCheck(646)) - Current Thread is interrupted, shutting down HB processing thread for Node Manager.
2019-10-10 13:25:22,702 [main] INFO  server.StorageContainerManager (StorageContainerManager.java:stop(832)) - Stopping block service RPC server
2019-10-10 13:25:22,703 [main] INFO  server.SCMBlockProtocolServer (SCMBlockProtocolServer.java:stop(155)) - Stopping the RPC server for Block Protocol
2019-10-10 13:25:22,703 [main] INFO  ipc.Server (Server.java:stop(3082)) - Stopping server on 39481
2019-10-10 13:25:22,705 [IPC Server listener on 39481] INFO  ipc.Server (Server.java:run(1185)) - Stopping IPC Server listener on 39481
2019-10-10 13:25:22,706 [main] INFO  server.StorageContainerManager (StorageContainerManager.java:stop(839)) - Stopping the StorageContainerLocationProtocol RPC server
2019-10-10 13:25:22,706 [IPC Server Responder] INFO  ipc.Server (Server.java:run(1319)) - Stopping IPC Server Responder
2019-10-10 13:25:22,706 [main] INFO  server.SCMClientProtocolServer (SCMClientProtocolServer.java:stop(168)) - Stopping the RPC server for Client Protocol
2019-10-10 13:25:22,707 [main] INFO  ipc.Server (Server.java:stop(3082)) - Stopping server on 37441
2019-10-10 13:25:22,709 [IPC Server listener on 37441] INFO  ipc.Server (Server.java:run(1185)) - Stopping IPC Server listener on 37441
2019-10-10 13:25:22,709 [main] INFO  server.StorageContainerManager (StorageContainerManager.java:stop(846)) - Stopping Storage Container Manager HTTP server.
2019-10-10 13:25:22,710 [IPC Server Responder] INFO  ipc.Server (Server.java:run(1319)) - Stopping IPC Server Responder
2019-10-10 13:25:22,712 [main] INFO  handler.ContextHandler (ContextHandler.java:doStop(910)) - Stopped o.e.j.w.WebAppContext@3667faa8{/,null,UNAVAILABLE}{/scm}
2019-10-10 13:25:22,713 [main] INFO  server.AbstractConnector (AbstractConnector.java:doStop(318)) - Stopped ServerConnector@1756f7cc{HTTP/1.1,[http/1.1]}{0.0.0.0:0}
2019-10-10 13:25:22,713 [main] INFO  handler.ContextHandler (ContextHandler.java:doStop(910)) - Stopped o.e.j.s.ServletContextHandler@7cf78c85{/static,file:///workdir/hadoop-ozone/integration-test/target/test-classes/webapps/static,UNAVAILABLE}
2019-10-10 13:25:22,714 [main] INFO  handler.ContextHandler (ContextHandler.java:doStop(910)) - Stopped o.e.j.s.ServletContextHandler@188598ad{/logs,file:///workdir/hadoop-ozone/integration-test/target/log,UNAVAILABLE}
2019-10-10 13:25:22,715 [main] INFO  server.StorageContainerManager (StorageContainerManager.java:stop(857)) - Stopping Block Manager Service.
2019-10-10 13:25:22,715 [main] INFO  utils.BackgroundService (BackgroundService.java:shutdown(151)) - Shutting down service SCMBlockDeletingService
2019-10-10 13:25:22,716 [main] INFO  utils.BackgroundService (BackgroundService.java:shutdown(151)) - Shutting down service SCMBlockDeletingService
2019-10-10 13:25:22,716 [main] INFO  server.StorageContainerManager (StorageContainerManager.java:stop(879)) - Stopping SCM Event Queue.
2019-10-10 13:25:22,722 [main] INFO  impl.MetricsSystemImpl (MetricsSystemImpl.java:stop(210)) - Stopping HddsDatanode metrics system...
2019-10-10 13:25:22,741 [main] INFO  impl.MetricsSystemImpl (MetricsSystemImpl.java:stop(216)) - HddsDatanode metrics system stopped.
]]></system-out>
    <system-err><![CDATA[Oct 10, 2019 1:25:07 PM org.apache.ratis.thirdparty.io.grpc.internal.SerializingExecutor run
SEVERE: Exception while executing runnable org.apache.ratis.thirdparty.io.grpc.internal.ServerImpl$JumpToApplicationThreadServerStreamListener$1Closed@5d78d7fc
org.apache.ratis.thirdparty.io.grpc.StatusRuntimeException: CANCELLED: call already cancelled
	at org.apache.ratis.thirdparty.io.grpc.Status.asRuntimeException(Status.java:517)
	at org.apache.ratis.thirdparty.io.grpc.stub.ServerCalls$ServerCallStreamObserverImpl.onCompleted(ServerCalls.java:356)
	at org.apache.ratis.grpc.server.GrpcServerProtocolService$ServerRequestStreamObserver.onError(GrpcServerProtocolService.java:121)
	at org.apache.ratis.thirdparty.io.grpc.stub.ServerCalls$StreamingServerCallHandler$StreamingServerCallListener.onCancel(ServerCalls.java:269)
	at org.apache.ratis.thirdparty.io.grpc.internal.ServerCallImpl$ServerStreamListenerImpl.closed(ServerCallImpl.java:293)
	at org.apache.ratis.thirdparty.io.grpc.internal.ServerImpl$JumpToApplicationThreadServerStreamListener$1Closed.runInContext(ServerImpl.java:741)
	at org.apache.ratis.thirdparty.io.grpc.internal.ContextRunnable.run(ContextRunnable.java:37)
	at org.apache.ratis.thirdparty.io.grpc.internal.SerializingExecutor.run(SerializingExecutor.java:123)
	at java.util.concurrent.ThreadPoolExecutor.runWorker(ThreadPoolExecutor.java:1149)
	at java.util.concurrent.ThreadPoolExecutor$Worker.run(ThreadPoolExecutor.java:624)
	at java.lang.Thread.run(Thread.java:748)

Oct 10, 2019 1:25:17 PM org.apache.ratis.thirdparty.io.grpc.internal.SerializingExecutor run
SEVERE: Exception while executing runnable org.apache.ratis.thirdparty.io.grpc.internal.ServerImpl$JumpToApplicationThreadServerStreamListener$1Closed@2b4dad2
org.apache.ratis.thirdparty.io.grpc.StatusRuntimeException: CANCELLED: call already cancelled
	at org.apache.ratis.thirdparty.io.grpc.Status.asRuntimeException(Status.java:517)
	at org.apache.ratis.thirdparty.io.grpc.stub.ServerCalls$ServerCallStreamObserverImpl.onCompleted(ServerCalls.java:356)
	at org.apache.ratis.grpc.server.GrpcServerProtocolService$ServerRequestStreamObserver.onError(GrpcServerProtocolService.java:121)
	at org.apache.ratis.thirdparty.io.grpc.stub.ServerCalls$StreamingServerCallHandler$StreamingServerCallListener.onCancel(ServerCalls.java:269)
	at org.apache.ratis.thirdparty.io.grpc.internal.ServerCallImpl$ServerStreamListenerImpl.closed(ServerCallImpl.java:293)
	at org.apache.ratis.thirdparty.io.grpc.internal.ServerImpl$JumpToApplicationThreadServerStreamListener$1Closed.runInContext(ServerImpl.java:741)
	at org.apache.ratis.thirdparty.io.grpc.internal.ContextRunnable.run(ContextRunnable.java:37)
	at org.apache.ratis.thirdparty.io.grpc.internal.SerializingExecutor.run(SerializingExecutor.java:123)
	at java.util.concurrent.ThreadPoolExecutor.runWorker(ThreadPoolExecutor.java:1149)
	at java.util.concurrent.ThreadPoolExecutor$Worker.run(ThreadPoolExecutor.java:624)
	at java.lang.Thread.run(Thread.java:748)

Oct 10, 2019 1:25:17 PM org.apache.ratis.thirdparty.io.grpc.internal.SerializingExecutor run
SEVERE: Exception while executing runnable org.apache.ratis.thirdparty.io.grpc.internal.ServerImpl$JumpToApplicationThreadServerStreamListener$1Closed@38787e1a
org.apache.ratis.thirdparty.io.grpc.StatusRuntimeException: CANCELLED: call already cancelled
	at org.apache.ratis.thirdparty.io.grpc.Status.asRuntimeException(Status.java:517)
	at org.apache.ratis.thirdparty.io.grpc.stub.ServerCalls$ServerCallStreamObserverImpl.onCompleted(ServerCalls.java:356)
	at org.apache.ratis.grpc.server.GrpcServerProtocolService$ServerRequestStreamObserver.onError(GrpcServerProtocolService.java:121)
	at org.apache.ratis.thirdparty.io.grpc.stub.ServerCalls$StreamingServerCallHandler$StreamingServerCallListener.onCancel(ServerCalls.java:269)
	at org.apache.ratis.thirdparty.io.grpc.internal.ServerCallImpl$ServerStreamListenerImpl.closed(ServerCallImpl.java:293)
	at org.apache.ratis.thirdparty.io.grpc.internal.ServerImpl$JumpToApplicationThreadServerStreamListener$1Closed.runInContext(ServerImpl.java:741)
	at org.apache.ratis.thirdparty.io.grpc.internal.ContextRunnable.run(ContextRunnable.java:37)
	at org.apache.ratis.thirdparty.io.grpc.internal.SerializingExecutor.run(SerializingExecutor.java:123)
	at java.util.concurrent.ThreadPoolExecutor.runWorker(ThreadPoolExecutor.java:1149)
	at java.util.concurrent.ThreadPoolExecutor$Worker.run(ThreadPoolExecutor.java:624)
	at java.lang.Thread.run(Thread.java:748)

]]></system-err>
  </testcase>
</testsuite>