<?xml version="1.0" encoding="UTF-8"?>
<testsuite xmlns:xsi="http://www.w3.org/2001/XMLSchema-instance" xsi:noNamespaceSchemaLocation="https://maven.apache.org/surefire/maven-surefire-plugin/xsd/surefire-test-report.xsd" name="org.apache.hadoop.ozone.client.rpc.TestWatchForCommit" time="235.933" tests="5" errors="1" skipped="0" failures="0">
  <properties>
    <property name="awt.toolkit" value="sun.awt.X11.XToolkit"/>
    <property name="file.encoding.pkg" value="sun.io"/>
    <property name="java.specification.version" value="1.8"/>
    <property name="sun.cpu.isalist" value=""/>
    <property name="sun.jnu.encoding" value="UTF-8"/>
    <property name="java.class.path" value="/workdir/hadoop-ozone/integration-test/target/test-classes:/workdir/hadoop-ozone/integration-test/target/classes:/home/user/.m2/repository/org/apache/hadoop/hadoop-ozone-common/0.5.0-SNAPSHOT/hadoop-ozone-common-0.5.0-SNAPSHOT.jar:/home/user/.m2/repository/org/apache/commons/commons-compress/1.4.1/commons-compress-1.4.1.jar:/home/user/.m2/repository/org/tukaani/xz/1.0/xz-1.0.jar:/home/user/.m2/repository/org/apache/hadoop/hadoop-common/3.2.0/hadoop-common-3.2.0.jar:/home/user/.m2/repository/org/apache/hadoop/hadoop-hdfs/3.2.0/hadoop-hdfs-3.2.0.jar:/home/user/.m2/repository/org/apache/hadoop/hadoop-hdfs-client/3.2.0/hadoop-hdfs-client-3.2.0.jar:/home/user/.m2/repository/com/fasterxml/jackson/core/jackson-annotations/2.9.9/jackson-annotations-2.9.9.jar:/home/user/.m2/repository/org/apache/hadoop/hadoop-hdds-common/0.5.0-SNAPSHOT/hadoop-hdds-common-0.5.0-SNAPSHOT.jar:/home/user/.m2/repository/javax/annotation/javax.annotation-api/1.2/javax.annotation-api-1.2.jar:/home/user/.m2/repository/org/apache/ratis/ratis-server/0.5.0-201fc85-SNAPSHOT/ratis-server-0.5.0-201fc85-SNAPSHOT.jar:/home/user/.m2/repository/org/apache/ratis/ratis-thirdparty-misc/0.2.0/ratis-thirdparty-misc-0.2.0.jar:/home/user/.m2/repository/org/apache/ratis/ratis-proto/0.5.0-201fc85-SNAPSHOT/ratis-proto-0.5.0-201fc85-SNAPSHOT.jar:/home/user/.m2/repository/org/apache/ratis/ratis-common/0.5.0-201fc85-SNAPSHOT/ratis-common-0.5.0-201fc85-SNAPSHOT.jar:/home/user/.m2/repository/org/apache/ratis/ratis-client/0.5.0-201fc85-SNAPSHOT/ratis-client-0.5.0-201fc85-SNAPSHOT.jar:/home/user/.m2/repository/org/apache/ratis/ratis-metrics/0.5.0-201fc85-SNAPSHOT/ratis-metrics-0.5.0-201fc85-SNAPSHOT.jar:/home/user/.m2/repository/com/github/joshelser/dropwizard-metrics-hadoop-metrics2-reporter/0.1.2/dropwizard-metrics-hadoop-metrics2-reporter-0.1.2.jar:/home/user/.m2/repository/io/dropwizard/metrics/metrics-jvm/3.2.5/metrics-jvm-3.2.5.jar:/home/user/.m2/repository/io/dropwizard/metrics/metrics-ganglia/3.2.5/metrics-ganglia-3.2.5.jar:/home/user/.m2/repository/info/ganglia/gmetric4j/gmetric4j/1.0.7/gmetric4j-1.0.7.jar:/home/user/.m2/repository/org/apache/ratis/ratis-netty/0.5.0-201fc85-SNAPSHOT/ratis-netty-0.5.0-201fc85-SNAPSHOT.jar:/home/user/.m2/repository/org/apache/ratis/ratis-grpc/0.5.0-201fc85-SNAPSHOT/ratis-grpc-0.5.0-201fc85-SNAPSHOT.jar:/home/user/.m2/repository/org/rocksdb/rocksdbjni/6.0.1/rocksdbjni-6.0.1.jar:/home/user/.m2/repository/org/apache/logging/log4j/log4j-api/2.11.0/log4j-api-2.11.0.jar:/home/user/.m2/repository/org/apache/logging/log4j/log4j-core/2.11.0/log4j-core-2.11.0.jar:/home/user/.m2/repository/com/lmax/disruptor/3.4.2/disruptor-3.4.2.jar:/home/user/.m2/repository/org/apache/commons/commons-pool2/2.6.0/commons-pool2-2.6.0.jar:/home/user/.m2/repository/org/bouncycastle/bcpkix-jdk15on/1.60/bcpkix-jdk15on-1.60.jar:/home/user/.m2/repository/commons-validator/commons-validator/1.6/commons-validator-1.6.jar:/home/user/.m2/repository/commons-digester/commons-digester/1.8.1/commons-digester-1.8.1.jar:/home/user/.m2/repository/io/jaegertracing/jaeger-client/0.34.0/jaeger-client-0.34.0.jar:/home/user/.m2/repository/io/jaegertracing/jaeger-thrift/0.34.0/jaeger-thrift-0.34.0.jar:/home/user/.m2/repository/org/apache/thrift/libthrift/0.12.0/libthrift-0.12.0.jar:/home/user/.m2/repository/com/squareup/okhttp3/okhttp/3.9.0/okhttp-3.9.0.jar:/home/user/.m2/repository/com/squareup/okio/okio/1.13.0/okio-1.13.0.jar:/home/user/.m2/repository/io/jaegertracing/jaeger-core/0.34.0/jaeger-core-0.34.0.jar:/home/user/.m2/repository/io/jaegertracing/jaeger-tracerresolver/0.34.0/jaeger-tracerresolver-0.34.0.jar:/home/user/.m2/repository/io/opentracing/contrib/opentracing-tracerresolver/0.1.5/opentracing-tracerresolver-0.1.5.jar:/home/user/.m2/repository/io/opentracing/opentracing-util/0.31.0/opentracing-util-0.31.0.jar:/home/user/.m2/repository/io/opentracing/opentracing-api/0.31.0/opentracing-api-0.31.0.jar:/home/user/.m2/repository/io/opentracing/opentracing-noop/0.31.0/opentracing-noop-0.31.0.jar:/home/user/.m2/repository/org/apache/hadoop/hadoop-hdds-server-framework/0.5.0-SNAPSHOT/hadoop-hdds-server-framework-0.5.0-SNAPSHOT.jar:/home/user/.m2/repository/org/apache/hadoop/hadoop-hdds-container-service/0.5.0-SNAPSHOT/hadoop-hdds-container-service-0.5.0-SNAPSHOT.jar:/home/user/.m2/repository/org/apache/hadoop/hadoop-hdds-client/0.5.0-SNAPSHOT/hadoop-hdds-client-0.5.0-SNAPSHOT.jar:/home/user/.m2/repository/org/apache/hadoop/hadoop-hdds-tools/0.5.0-SNAPSHOT/hadoop-hdds-tools-0.5.0-SNAPSHOT.jar:/home/user/.m2/repository/org/apache/hadoop/hadoop-hdds-server-scm/0.5.0-SNAPSHOT/hadoop-hdds-server-scm-0.5.0-SNAPSHOT.jar:/home/user/.m2/repository/org/apache/hadoop/hadoop-hdds-docs/0.5.0-SNAPSHOT/hadoop-hdds-docs-0.5.0-SNAPSHOT.jar:/home/user/.m2/repository/io/dropwizard/metrics/metrics-core/3.2.4/metrics-core-3.2.4.jar:/home/user/.m2/repository/org/hamcrest/hamcrest-all/1.3/hamcrest-all-1.3.jar:/home/user/.m2/repository/org/bouncycastle/bcprov-jdk15on/1.60/bcprov-jdk15on-1.60.jar:/home/user/.m2/repository/info/picocli/picocli/3.9.6/picocli-3.9.6.jar:/home/user/.m2/repository/com/google/protobuf/protobuf-java/2.5.0/protobuf-java-2.5.0.jar:/home/user/.m2/repository/com/google/guava/guava/11.0.2/guava-11.0.2.jar:/home/user/.m2/repository/org/apache/hadoop/hadoop-ozone-ozone-manager/0.5.0-SNAPSHOT/hadoop-ozone-ozone-manager-0.5.0-SNAPSHOT.jar:/home/user/.m2/repository/org/apache/hadoop/hadoop-minikdc/3.2.0/hadoop-minikdc-3.2.0.jar:/home/user/.m2/repository/commons-io/commons-io/2.5/commons-io-2.5.jar:/home/user/.m2/repository/org/apache/kerby/kerb-simplekdc/1.0.1/kerb-simplekdc-1.0.1.jar:/home/user/.m2/repository/org/apache/kerby/kerb-client/1.0.1/kerb-client-1.0.1.jar:/home/user/.m2/repository/org/apache/kerby/kerby-config/1.0.1/kerby-config-1.0.1.jar:/home/user/.m2/repository/org/apache/kerby/kerb-core/1.0.1/kerb-core-1.0.1.jar:/home/user/.m2/repository/org/apache/kerby/kerby-pkix/1.0.1/kerby-pkix-1.0.1.jar:/home/user/.m2/repository/org/apache/kerby/kerby-asn1/1.0.1/kerby-asn1-1.0.1.jar:/home/user/.m2/repository/org/apache/kerby/kerby-util/1.0.1/kerby-util-1.0.1.jar:/home/user/.m2/repository/org/apache/kerby/kerb-common/1.0.1/kerb-common-1.0.1.jar:/home/user/.m2/repository/org/apache/kerby/kerb-crypto/1.0.1/kerb-crypto-1.0.1.jar:/home/user/.m2/repository/org/apache/kerby/kerb-util/1.0.1/kerb-util-1.0.1.jar:/home/user/.m2/repository/org/apache/kerby/token-provider/1.0.1/token-provider-1.0.1.jar:/home/user/.m2/repository/org/apache/kerby/kerb-admin/1.0.1/kerb-admin-1.0.1.jar:/home/user/.m2/repository/org/apache/kerby/kerb-server/1.0.1/kerb-server-1.0.1.jar:/home/user/.m2/repository/org/apache/kerby/kerb-identity/1.0.1/kerb-identity-1.0.1.jar:/home/user/.m2/repository/org/apache/kerby/kerby-xdr/1.0.1/kerby-xdr-1.0.1.jar:/home/user/.m2/repository/org/slf4j/slf4j-log4j12/1.7.25/slf4j-log4j12-1.7.25.jar:/home/user/.m2/repository/org/apache/hadoop/hadoop-ozone-s3gateway/0.5.0-SNAPSHOT/hadoop-ozone-s3gateway-0.5.0-SNAPSHOT.jar:/home/user/.m2/repository/org/jboss/weld/servlet/weld-servlet/2.4.7.Final/weld-servlet-2.4.7.Final.jar:/home/user/.m2/repository/org/glassfish/jersey/containers/jersey-container-servlet-core/2.27/jersey-container-servlet-core-2.27.jar:/home/user/.m2/repository/org/glassfish/hk2/external/javax.inject/2.5.0-b42/javax.inject-2.5.0-b42.jar:/home/user/.m2/repository/org/glassfish/jersey/core/jersey-common/2.27/jersey-common-2.27.jar:/home/user/.m2/repository/org/glassfish/hk2/osgi-resource-locator/1.0.1/osgi-resource-locator-1.0.1.jar:/home/user/.m2/repository/javax/ws/rs/javax.ws.rs-api/2.1/javax.ws.rs-api-2.1.jar:/home/user/.m2/repository/org/glassfish/jersey/ext/cdi/jersey-cdi1x/2.27/jersey-cdi1x-2.27.jar:/home/user/.m2/repository/org/glassfish/jersey/inject/jersey-hk2/2.27/jersey-hk2-2.27.jar:/home/user/.m2/repository/org/glassfish/hk2/hk2-locator/2.5.0-b42/hk2-locator-2.5.0-b42.jar:/home/user/.m2/repository/org/javassist/javassist/3.22.0-CR2/javassist-3.22.0-CR2.jar:/home/user/.m2/repository/org/glassfish/hk2/hk2-api/2.5.0/hk2-api-2.5.0.jar:/home/user/.m2/repository/org/glassfish/hk2/external/jakarta.inject/2.5.0/jakarta.inject-2.5.0.jar:/home/user/.m2/repository/org/glassfish/hk2/hk2-utils/2.5.0/hk2-utils-2.5.0.jar:/home/user/.m2/repository/jakarta/annotation/jakarta.annotation-api/1.3.4/jakarta.annotation-api-1.3.4.jar:/home/user/.m2/repository/org/glassfish/hk2/external/aopalliance-repackaged/2.5.0/aopalliance-repackaged-2.5.0.jar:/home/user/.m2/repository/com/fasterxml/jackson/dataformat/jackson-dataformat-xml/2.9.0/jackson-dataformat-xml-2.9.0.jar:/home/user/.m2/repository/com/fasterxml/jackson/core/jackson-core/2.9.9/jackson-core-2.9.9.jar:/home/user/.m2/repository/com/fasterxml/jackson/module/jackson-module-jaxb-annotations/2.9.9/jackson-module-jaxb-annotations-2.9.9.jar:/home/user/.m2/repository/javax/enterprise/cdi-api/1.2/cdi-api-1.2.jar:/home/user/.m2/repository/javax/el/javax.el-api/3.0.0/javax.el-api-3.0.0.jar:/home/user/.m2/repository/javax/interceptor/javax.interceptor-api/1.2/javax.interceptor-api-1.2.jar:/home/user/.m2/repository/javax/inject/javax.inject/1/javax.inject-1.jar:/home/user/.m2/repository/com/sun/xml/bind/jaxb-impl/2.3.0.1/jaxb-impl-2.3.0.1.jar:/home/user/.m2/repository/com/sun/xml/bind/jaxb-core/2.3.0.1/jaxb-core-2.3.0.1.jar:/home/user/.m2/repository/javax/xml/bind/jaxb-api/2.3.0/jaxb-api-2.3.0.jar:/home/user/.m2/repository/javax/activation/activation/1.1.1/activation-1.1.1.jar:/home/user/.m2/repository/org/apache/hadoop/hadoop-ozone-csi/0.5.0-SNAPSHOT/hadoop-ozone-csi-0.5.0-SNAPSHOT.jar:/home/user/.m2/repository/com/google/protobuf/protobuf-java-util/3.5.1/protobuf-java-util-3.5.1.jar:/home/user/.m2/repository/org/apache/hadoop/hadoop-hdds-config/0.5.0-SNAPSHOT/hadoop-hdds-config-0.5.0-SNAPSHOT.jar:/home/user/.m2/repository/io/grpc/grpc-netty/1.17.1/grpc-netty-1.17.1.jar:/home/user/.m2/repository/io/grpc/grpc-core/1.17.1/grpc-core-1.17.1.jar:/home/user/.m2/repository/io/grpc/grpc-context/1.17.1/grpc-context-1.17.1.jar:/home/user/.m2/repository/com/google/errorprone/error_prone_annotations/2.2.0/error_prone_annotations-2.2.0.jar:/home/user/.m2/repository/org/codehaus/mojo/animal-sniffer-annotations/1.17/animal-sniffer-annotations-1.17.jar:/home/user/.m2/repository/io/opencensus/opencensus-api/0.17.0/opencensus-api-0.17.0.jar:/home/user/.m2/repository/io/opencensus/opencensus-contrib-grpc-metrics/0.17.0/opencensus-contrib-grpc-metrics-0.17.0.jar:/home/user/.m2/repository/io/netty/netty-codec-http2/4.1.30.Final/netty-codec-http2-4.1.30.Final.jar:/home/user/.m2/repository/io/netty/netty-codec-http/4.1.30.Final/netty-codec-http-4.1.30.Final.jar:/home/user/.m2/repository/io/netty/netty-codec/4.1.30.Final/netty-codec-4.1.30.Final.jar:/home/user/.m2/repository/io/netty/netty-handler/4.1.30.Final/netty-handler-4.1.30.Final.jar:/home/user/.m2/repository/io/netty/netty-handler-proxy/4.1.30.Final/netty-handler-proxy-4.1.30.Final.jar:/home/user/.m2/repository/io/netty/netty-codec-socks/4.1.30.Final/netty-codec-socks-4.1.30.Final.jar:/home/user/.m2/repository/io/netty/netty-transport-native-epoll/4.1.30.Final/netty-transport-native-epoll-4.1.30.Final.jar:/home/user/.m2/repository/io/netty/netty-common/4.1.30.Final/netty-common-4.1.30.Final.jar:/home/user/.m2/repository/io/netty/netty-buffer/4.1.30.Final/netty-buffer-4.1.30.Final.jar:/home/user/.m2/repository/io/netty/netty-transport/4.1.30.Final/netty-transport-4.1.30.Final.jar:/home/user/.m2/repository/io/netty/netty-resolver/4.1.30.Final/netty-resolver-4.1.30.Final.jar:/home/user/.m2/repository/io/netty/netty-transport-native-unix-common/4.1.30.Final/netty-transport-native-unix-common-4.1.30.Final.jar:/home/user/.m2/repository/io/grpc/grpc-protobuf/1.17.1/grpc-protobuf-1.17.1.jar:/home/user/.m2/repository/com/google/api/grpc/proto-google-common-protos/1.0.0/proto-google-common-protos-1.0.0.jar:/home/user/.m2/repository/io/grpc/grpc-protobuf-lite/1.17.1/grpc-protobuf-lite-1.17.1.jar:/home/user/.m2/repository/io/grpc/grpc-stub/1.17.1/grpc-stub-1.17.1.jar:/home/user/.m2/repository/org/apache/hadoop/hadoop-ozone-recon/0.5.0-SNAPSHOT/hadoop-ozone-recon-0.5.0-SNAPSHOT.jar:/home/user/.m2/repository/org/apache/hadoop/hadoop-ozone-reconcodegen/0.5.0-SNAPSHOT/hadoop-ozone-reconcodegen-0.5.0-SNAPSHOT.jar:/home/user/.m2/repository/com/google/inject/extensions/guice-multibindings/4.0/guice-multibindings-4.0.jar:/home/user/.m2/repository/com/google/inject/guice/4.0/guice-4.0.jar:/home/user/.m2/repository/aopalliance/aopalliance/1.0/aopalliance-1.0.jar:/home/user/.m2/repository/com/google/inject/extensions/guice-servlet/4.0/guice-servlet-4.0.jar:/home/user/.m2/repository/org/glassfish/jersey/containers/jersey-container-servlet/2.27/jersey-container-servlet-2.27.jar:/home/user/.m2/repository/org/glassfish/hk2/guice-bridge/2.5.0/guice-bridge-2.5.0.jar:/home/user/.m2/repository/org/glassfish/jersey/core/jersey-server/2.27/jersey-server-2.27.jar:/home/user/.m2/repository/org/glassfish/jersey/core/jersey-client/2.27/jersey-client-2.27.jar:/home/user/.m2/repository/org/glassfish/jersey/media/jersey-media-jaxb/2.27/jersey-media-jaxb-2.27.jar:/home/user/.m2/repository/javax/validation/validation-api/1.1.0.Final/validation-api-1.1.0.Final.jar:/home/user/.m2/repository/org/glassfish/jersey/media/jersey-media-json-jackson/2.27/jersey-media-json-jackson-2.27.jar:/home/user/.m2/repository/org/glassfish/jersey/ext/jersey-entity-filtering/2.27/jersey-entity-filtering-2.27.jar:/home/user/.m2/repository/com/google/inject/extensions/guice-assistedinject/4.0/guice-assistedinject-4.0.jar:/home/user/.m2/repository/org/jooq/jooq/3.11.10/jooq-3.11.10.jar:/home/user/.m2/repository/org/jooq/jooq-meta/3.11.10/jooq-meta-3.11.10.jar:/home/user/.m2/repository/org/jooq/jooq-codegen/3.11.10/jooq-codegen-3.11.10.jar:/home/user/.m2/repository/com/jolbox/bonecp/0.8.0.RELEASE/bonecp-0.8.0.RELEASE.jar:/home/user/.m2/repository/org/xerial/sqlite-jdbc/3.25.2/sqlite-jdbc-3.25.2.jar:/home/user/.m2/repository/org/springframework/spring-jdbc/5.1.3.RELEASE/spring-jdbc-5.1.3.RELEASE.jar:/home/user/.m2/repository/org/springframework/spring-beans/5.1.3.RELEASE/spring-beans-5.1.3.RELEASE.jar:/home/user/.m2/repository/org/springframework/spring-core/5.1.3.RELEASE/spring-core-5.1.3.RELEASE.jar:/home/user/.m2/repository/org/springframework/spring-jcl/5.1.3.RELEASE/spring-jcl-5.1.3.RELEASE.jar:/home/user/.m2/repository/org/springframework/spring-tx/5.1.3.RELEASE/spring-tx-5.1.3.RELEASE.jar:/home/user/.m2/repository/org/apache/hadoop/hadoop-ozone-client/0.5.0-SNAPSHOT/hadoop-ozone-client-0.5.0-SNAPSHOT.jar:/home/user/.m2/repository/commons-lang/commons-lang/2.6/commons-lang-2.6.jar:/home/user/.m2/repository/org/apache/hadoop/hadoop-ozone-ozone-manager/0.5.0-SNAPSHOT/hadoop-ozone-ozone-manager-0.5.0-SNAPSHOT-tests.jar:/home/user/.m2/repository/junit/junit/4.11/junit-4.11.jar:/home/user/.m2/repository/org/hamcrest/hamcrest-core/1.3/hamcrest-core-1.3.jar:/home/user/.m2/repository/org/openjdk/jmh/jmh-core/1.19/jmh-core-1.19.jar:/home/user/.m2/repository/net/sf/jopt-simple/jopt-simple/4.6/jopt-simple-4.6.jar:/home/user/.m2/repository/org/apache/commons/commons-math3/3.1.1/commons-math3-3.1.1.jar:/home/user/.m2/repository/org/openjdk/jmh/jmh-generator-annprocess/1.19/jmh-generator-annprocess-1.19.jar:/home/user/.m2/repository/org/mockito/mockito-all/1.8.5/mockito-all-1.8.5.jar:/home/user/.m2/repository/org/apache/hadoop/hadoop-kms/3.2.0/hadoop-kms-3.2.0.jar:/home/user/.m2/repository/org/apache/hadoop/hadoop-auth/3.2.0/hadoop-auth-3.2.0.jar:/home/user/.m2/repository/com/nimbusds/nimbus-jose-jwt/4.41.1/nimbus-jose-jwt-4.41.1.jar:/home/user/.m2/repository/com/github/stephenc/jcip/jcip-annotations/1.0-1/jcip-annotations-1.0-1.jar:/home/user/.m2/repository/net/minidev/json-smart/2.3/json-smart-2.3.jar:/home/user/.m2/repository/net/minidev/accessors-smart/1.2/accessors-smart-1.2.jar:/home/user/.m2/repository/org/ow2/asm/asm/5.0.4/asm-5.0.4.jar:/home/user/.m2/repository/org/apache/curator/curator-framework/2.12.0/curator-framework-2.12.0.jar:/home/user/.m2/repository/com/sun/jersey/jersey-core/1.19/jersey-core-1.19.jar:/home/user/.m2/repository/javax/ws/rs/jsr311-api/1.1.1/jsr311-api-1.1.1.jar:/home/user/.m2/repository/com/sun/jersey/jersey-server/1.19/jersey-server-1.19.jar:/home/user/.m2/repository/javax/servlet/javax.servlet-api/3.1.0/javax.servlet-api-3.1.0.jar:/home/user/.m2/repository/org/eclipse/jetty/jetty-server/9.3.25.v20180904/jetty-server-9.3.25.v20180904.jar:/home/user/.m2/repository/org/eclipse/jetty/jetty-http/9.3.25.v20180904/jetty-http-9.3.25.v20180904.jar:/home/user/.m2/repository/org/eclipse/jetty/jetty-io/9.3.25.v20180904/jetty-io-9.3.25.v20180904.jar:/home/user/.m2/repository/org/eclipse/jetty/jetty-webapp/9.3.25.v20180904/jetty-webapp-9.3.25.v20180904.jar:/home/user/.m2/repository/org/eclipse/jetty/jetty-xml/9.3.25.v20180904/jetty-xml-9.3.25.v20180904.jar:/home/user/.m2/repository/log4j/log4j/1.2.17/log4j-1.2.17.jar:/home/user/.m2/repository/org/slf4j/slf4j-api/1.7.25/slf4j-api-1.7.25.jar:/home/user/.m2/repository/org/slf4j/jul-to-slf4j/1.7.25/jul-to-slf4j-1.7.25.jar:/home/user/.m2/repository/org/eclipse/jetty/jetty-util/9.3.25.v20180904/jetty-util-9.3.25.v20180904.jar:/home/user/.m2/repository/com/fasterxml/jackson/core/jackson-databind/2.9.9/jackson-databind-2.9.9.jar:/home/user/.m2/repository/org/apache/hadoop/hadoop-kms/3.2.0/hadoop-kms-3.2.0-tests.jar:/home/user/.m2/repository/org/apache/hadoop/hadoop-hdds-server-scm/0.5.0-SNAPSHOT/hadoop-hdds-server-scm-0.5.0-SNAPSHOT-tests.jar:/home/user/.m2/repository/org/apache/hadoop/hadoop-hdds-container-service/0.5.0-SNAPSHOT/hadoop-hdds-container-service-0.5.0-SNAPSHOT-tests.jar:/home/user/.m2/repository/org/yaml/snakeyaml/1.16/snakeyaml-1.16.jar:/home/user/.m2/repository/org/apache/hadoop/hadoop-common/3.2.0/hadoop-common-3.2.0-tests.jar:/home/user/.m2/repository/org/apache/hadoop/hadoop-annotations/3.2.0/hadoop-annotations-3.2.0.jar:/usr/lib/jvm/java-1.8-openjdk/jre/../lib/tools.jar:/home/user/.m2/repository/commons-cli/commons-cli/1.2/commons-cli-1.2.jar:/home/user/.m2/repository/org/apache/httpcomponents/httpclient/4.5.2/httpclient-4.5.2.jar:/home/user/.m2/repository/org/apache/httpcomponents/httpcore/4.4.4/httpcore-4.4.4.jar:/home/user/.m2/repository/commons-codec/commons-codec/1.11/commons-codec-1.11.jar:/home/user/.m2/repository/commons-net/commons-net/3.6/commons-net-3.6.jar:/home/user/.m2/repository/commons-collections/commons-collections/3.2.2/commons-collections-3.2.2.jar:/home/user/.m2/repository/org/eclipse/jetty/jetty-servlet/9.3.25.v20180904/jetty-servlet-9.3.25.v20180904.jar:/home/user/.m2/repository/org/eclipse/jetty/jetty-security/9.3.25.v20180904/jetty-security-9.3.25.v20180904.jar:/home/user/.m2/repository/javax/servlet/jsp/jsp-api/2.1/jsp-api-2.1.jar:/home/user/.m2/repository/com/sun/jersey/jersey-servlet/1.19/jersey-servlet-1.19.jar:/home/user/.m2/repository/com/sun/jersey/jersey-json/1.19/jersey-json-1.19.jar:/home/user/.m2/repository/org/codehaus/jettison/jettison/1.1/jettison-1.1.jar:/home/user/.m2/repository/org/codehaus/jackson/jackson-core-asl/1.9.13/jackson-core-asl-1.9.13.jar:/home/user/.m2/repository/org/codehaus/jackson/jackson-mapper-asl/1.9.13/jackson-mapper-asl-1.9.13.jar:/home/user/.m2/repository/org/codehaus/jackson/jackson-jaxrs/1.9.13/jackson-jaxrs-1.9.13.jar:/home/user/.m2/repository/org/codehaus/jackson/jackson-xc/1.9.13/jackson-xc-1.9.13.jar:/home/user/.m2/repository/commons-logging/commons-logging/1.1.3/commons-logging-1.1.3.jar:/home/user/.m2/repository/commons-beanutils/commons-beanutils/1.9.4/commons-beanutils-1.9.4.jar:/home/user/.m2/repository/org/apache/commons/commons-configuration2/2.1.1/commons-configuration2-2.1.1.jar:/home/user/.m2/repository/org/apache/commons/commons-lang3/3.7/commons-lang3-3.7.jar:/home/user/.m2/repository/org/apache/commons/commons-text/1.4/commons-text-1.4.jar:/home/user/.m2/repository/org/apache/avro/avro/1.7.7/avro-1.7.7.jar:/home/user/.m2/repository/com/thoughtworks/paranamer/paranamer/2.3/paranamer-2.3.jar:/home/user/.m2/repository/org/xerial/snappy/snappy-java/1.0.5/snappy-java-1.0.5.jar:/home/user/.m2/repository/com/google/re2j/re2j/1.1/re2j-1.1.jar:/home/user/.m2/repository/com/google/code/gson/gson/2.2.4/gson-2.2.4.jar:/home/user/.m2/repository/com/jcraft/jsch/0.1.54/jsch-0.1.54.jar:/home/user/.m2/repository/org/apache/curator/curator-client/2.12.0/curator-client-2.12.0.jar:/home/user/.m2/repository/org/apache/curator/curator-recipes/2.12.0/curator-recipes-2.12.0.jar:/home/user/.m2/repository/com/google/code/findbugs/jsr305/3.0.0/jsr305-3.0.0.jar:/home/user/.m2/repository/org/apache/htrace/htrace-core4/4.1.0-incubating/htrace-core4-4.1.0-incubating.jar:/home/user/.m2/repository/org/apache/zookeeper/zookeeper/3.4.13/zookeeper-3.4.13.jar:/home/user/.m2/repository/jline/jline/0.9.94/jline-0.9.94.jar:/home/user/.m2/repository/org/apache/yetus/audience-annotations/0.5.0/audience-annotations-0.5.0.jar:/home/user/.m2/repository/org/codehaus/woodstox/stax2-api/3.1.4/stax2-api-3.1.4.jar:/home/user/.m2/repository/com/fasterxml/woodstox/woodstox-core/5.0.3/woodstox-core-5.0.3.jar:/home/user/.m2/repository/dnsjava/dnsjava/2.1.7/dnsjava-2.1.7.jar:/home/user/.m2/repository/org/apache/hadoop/hadoop-hdfs/3.2.0/hadoop-hdfs-3.2.0-tests.jar:/home/user/.m2/repository/org/eclipse/jetty/jetty-util-ajax/9.3.25.v20180904/jetty-util-ajax-9.3.25.v20180904.jar:/home/user/.m2/repository/commons-daemon/commons-daemon/1.0.13/commons-daemon-1.0.13.jar:/home/user/.m2/repository/io/netty/netty/3.10.5.Final/netty-3.10.5.Final.jar:/home/user/.m2/repository/io/netty/netty-all/4.0.52.Final/netty-all-4.0.52.Final.jar:/home/user/.m2/repository/org/fusesource/leveldbjni/leveldbjni-all/1.8/leveldbjni-all-1.8.jar:"/>
    <property name="java.vm.vendor" value="IcedTea"/>
    <property name="sun.arch.data.model" value="64"/>
    <property name="test.build.dir" value="/workdir/hadoop-ozone/integration-test/target/test-dir"/>
    <property name="test.cache.data" value=""/>
    <property name="java.vendor.url" value="https://icedtea.classpath.org"/>
    <property name="user.timezone" value=""/>
    <property name="java.vm.specification.version" value="1.8"/>
    <property name="os.name" value="Linux"/>
    <property name="test.build.data" value="/workdir/hadoop-ozone/integration-test/target/test-dir"/>
    <property name="user.country" value="US"/>
    <property name="sun.java.launcher" value="SUN_STANDARD"/>
    <property name="sun.boot.library.path" value="/usr/lib/jvm/java-1.8-openjdk/jre/lib/amd64"/>
    <property name="sun.java.command" value="/workdir/hadoop-ozone/integration-test/target/surefire/surefirebooter5000260464416100373.jar /workdir/hadoop-ozone/integration-test/target/surefire 2019-10-10T12-39-59_080-jvmRun1 surefire936692964702665959tmp surefire_558659228301264628625tmp"/>
    <property name="test" value="!TestMiniChaosOzoneCluster"/>
    <property name="surefire.test.class.path" value="/workdir/hadoop-ozone/integration-test/target/test-classes:/workdir/hadoop-ozone/integration-test/target/classes:/home/user/.m2/repository/org/apache/hadoop/hadoop-ozone-common/0.5.0-SNAPSHOT/hadoop-ozone-common-0.5.0-SNAPSHOT.jar:/home/user/.m2/repository/org/apache/commons/commons-compress/1.4.1/commons-compress-1.4.1.jar:/home/user/.m2/repository/org/tukaani/xz/1.0/xz-1.0.jar:/home/user/.m2/repository/org/apache/hadoop/hadoop-common/3.2.0/hadoop-common-3.2.0.jar:/home/user/.m2/repository/org/apache/hadoop/hadoop-hdfs/3.2.0/hadoop-hdfs-3.2.0.jar:/home/user/.m2/repository/org/apache/hadoop/hadoop-hdfs-client/3.2.0/hadoop-hdfs-client-3.2.0.jar:/home/user/.m2/repository/com/fasterxml/jackson/core/jackson-annotations/2.9.9/jackson-annotations-2.9.9.jar:/home/user/.m2/repository/org/apache/hadoop/hadoop-hdds-common/0.5.0-SNAPSHOT/hadoop-hdds-common-0.5.0-SNAPSHOT.jar:/home/user/.m2/repository/javax/annotation/javax.annotation-api/1.2/javax.annotation-api-1.2.jar:/home/user/.m2/repository/org/apache/ratis/ratis-server/0.5.0-201fc85-SNAPSHOT/ratis-server-0.5.0-201fc85-SNAPSHOT.jar:/home/user/.m2/repository/org/apache/ratis/ratis-thirdparty-misc/0.2.0/ratis-thirdparty-misc-0.2.0.jar:/home/user/.m2/repository/org/apache/ratis/ratis-proto/0.5.0-201fc85-SNAPSHOT/ratis-proto-0.5.0-201fc85-SNAPSHOT.jar:/home/user/.m2/repository/org/apache/ratis/ratis-common/0.5.0-201fc85-SNAPSHOT/ratis-common-0.5.0-201fc85-SNAPSHOT.jar:/home/user/.m2/repository/org/apache/ratis/ratis-client/0.5.0-201fc85-SNAPSHOT/ratis-client-0.5.0-201fc85-SNAPSHOT.jar:/home/user/.m2/repository/org/apache/ratis/ratis-metrics/0.5.0-201fc85-SNAPSHOT/ratis-metrics-0.5.0-201fc85-SNAPSHOT.jar:/home/user/.m2/repository/com/github/joshelser/dropwizard-metrics-hadoop-metrics2-reporter/0.1.2/dropwizard-metrics-hadoop-metrics2-reporter-0.1.2.jar:/home/user/.m2/repository/io/dropwizard/metrics/metrics-jvm/3.2.5/metrics-jvm-3.2.5.jar:/home/user/.m2/repository/io/dropwizard/metrics/metrics-ganglia/3.2.5/metrics-ganglia-3.2.5.jar:/home/user/.m2/repository/info/ganglia/gmetric4j/gmetric4j/1.0.7/gmetric4j-1.0.7.jar:/home/user/.m2/repository/org/apache/ratis/ratis-netty/0.5.0-201fc85-SNAPSHOT/ratis-netty-0.5.0-201fc85-SNAPSHOT.jar:/home/user/.m2/repository/org/apache/ratis/ratis-grpc/0.5.0-201fc85-SNAPSHOT/ratis-grpc-0.5.0-201fc85-SNAPSHOT.jar:/home/user/.m2/repository/org/rocksdb/rocksdbjni/6.0.1/rocksdbjni-6.0.1.jar:/home/user/.m2/repository/org/apache/logging/log4j/log4j-api/2.11.0/log4j-api-2.11.0.jar:/home/user/.m2/repository/org/apache/logging/log4j/log4j-core/2.11.0/log4j-core-2.11.0.jar:/home/user/.m2/repository/com/lmax/disruptor/3.4.2/disruptor-3.4.2.jar:/home/user/.m2/repository/org/apache/commons/commons-pool2/2.6.0/commons-pool2-2.6.0.jar:/home/user/.m2/repository/org/bouncycastle/bcpkix-jdk15on/1.60/bcpkix-jdk15on-1.60.jar:/home/user/.m2/repository/commons-validator/commons-validator/1.6/commons-validator-1.6.jar:/home/user/.m2/repository/commons-digester/commons-digester/1.8.1/commons-digester-1.8.1.jar:/home/user/.m2/repository/io/jaegertracing/jaeger-client/0.34.0/jaeger-client-0.34.0.jar:/home/user/.m2/repository/io/jaegertracing/jaeger-thrift/0.34.0/jaeger-thrift-0.34.0.jar:/home/user/.m2/repository/org/apache/thrift/libthrift/0.12.0/libthrift-0.12.0.jar:/home/user/.m2/repository/com/squareup/okhttp3/okhttp/3.9.0/okhttp-3.9.0.jar:/home/user/.m2/repository/com/squareup/okio/okio/1.13.0/okio-1.13.0.jar:/home/user/.m2/repository/io/jaegertracing/jaeger-core/0.34.0/jaeger-core-0.34.0.jar:/home/user/.m2/repository/io/jaegertracing/jaeger-tracerresolver/0.34.0/jaeger-tracerresolver-0.34.0.jar:/home/user/.m2/repository/io/opentracing/contrib/opentracing-tracerresolver/0.1.5/opentracing-tracerresolver-0.1.5.jar:/home/user/.m2/repository/io/opentracing/opentracing-util/0.31.0/opentracing-util-0.31.0.jar:/home/user/.m2/repository/io/opentracing/opentracing-api/0.31.0/opentracing-api-0.31.0.jar:/home/user/.m2/repository/io/opentracing/opentracing-noop/0.31.0/opentracing-noop-0.31.0.jar:/home/user/.m2/repository/org/apache/hadoop/hadoop-hdds-server-framework/0.5.0-SNAPSHOT/hadoop-hdds-server-framework-0.5.0-SNAPSHOT.jar:/home/user/.m2/repository/org/apache/hadoop/hadoop-hdds-container-service/0.5.0-SNAPSHOT/hadoop-hdds-container-service-0.5.0-SNAPSHOT.jar:/home/user/.m2/repository/org/apache/hadoop/hadoop-hdds-client/0.5.0-SNAPSHOT/hadoop-hdds-client-0.5.0-SNAPSHOT.jar:/home/user/.m2/repository/org/apache/hadoop/hadoop-hdds-tools/0.5.0-SNAPSHOT/hadoop-hdds-tools-0.5.0-SNAPSHOT.jar:/home/user/.m2/repository/org/apache/hadoop/hadoop-hdds-server-scm/0.5.0-SNAPSHOT/hadoop-hdds-server-scm-0.5.0-SNAPSHOT.jar:/home/user/.m2/repository/org/apache/hadoop/hadoop-hdds-docs/0.5.0-SNAPSHOT/hadoop-hdds-docs-0.5.0-SNAPSHOT.jar:/home/user/.m2/repository/io/dropwizard/metrics/metrics-core/3.2.4/metrics-core-3.2.4.jar:/home/user/.m2/repository/org/hamcrest/hamcrest-all/1.3/hamcrest-all-1.3.jar:/home/user/.m2/repository/org/bouncycastle/bcprov-jdk15on/1.60/bcprov-jdk15on-1.60.jar:/home/user/.m2/repository/info/picocli/picocli/3.9.6/picocli-3.9.6.jar:/home/user/.m2/repository/com/google/protobuf/protobuf-java/2.5.0/protobuf-java-2.5.0.jar:/home/user/.m2/repository/com/google/guava/guava/11.0.2/guava-11.0.2.jar:/home/user/.m2/repository/org/apache/hadoop/hadoop-ozone-ozone-manager/0.5.0-SNAPSHOT/hadoop-ozone-ozone-manager-0.5.0-SNAPSHOT.jar:/home/user/.m2/repository/org/apache/hadoop/hadoop-minikdc/3.2.0/hadoop-minikdc-3.2.0.jar:/home/user/.m2/repository/commons-io/commons-io/2.5/commons-io-2.5.jar:/home/user/.m2/repository/org/apache/kerby/kerb-simplekdc/1.0.1/kerb-simplekdc-1.0.1.jar:/home/user/.m2/repository/org/apache/kerby/kerb-client/1.0.1/kerb-client-1.0.1.jar:/home/user/.m2/repository/org/apache/kerby/kerby-config/1.0.1/kerby-config-1.0.1.jar:/home/user/.m2/repository/org/apache/kerby/kerb-core/1.0.1/kerb-core-1.0.1.jar:/home/user/.m2/repository/org/apache/kerby/kerby-pkix/1.0.1/kerby-pkix-1.0.1.jar:/home/user/.m2/repository/org/apache/kerby/kerby-asn1/1.0.1/kerby-asn1-1.0.1.jar:/home/user/.m2/repository/org/apache/kerby/kerby-util/1.0.1/kerby-util-1.0.1.jar:/home/user/.m2/repository/org/apache/kerby/kerb-common/1.0.1/kerb-common-1.0.1.jar:/home/user/.m2/repository/org/apache/kerby/kerb-crypto/1.0.1/kerb-crypto-1.0.1.jar:/home/user/.m2/repository/org/apache/kerby/kerb-util/1.0.1/kerb-util-1.0.1.jar:/home/user/.m2/repository/org/apache/kerby/token-provider/1.0.1/token-provider-1.0.1.jar:/home/user/.m2/repository/org/apache/kerby/kerb-admin/1.0.1/kerb-admin-1.0.1.jar:/home/user/.m2/repository/org/apache/kerby/kerb-server/1.0.1/kerb-server-1.0.1.jar:/home/user/.m2/repository/org/apache/kerby/kerb-identity/1.0.1/kerb-identity-1.0.1.jar:/home/user/.m2/repository/org/apache/kerby/kerby-xdr/1.0.1/kerby-xdr-1.0.1.jar:/home/user/.m2/repository/org/slf4j/slf4j-log4j12/1.7.25/slf4j-log4j12-1.7.25.jar:/home/user/.m2/repository/org/apache/hadoop/hadoop-ozone-s3gateway/0.5.0-SNAPSHOT/hadoop-ozone-s3gateway-0.5.0-SNAPSHOT.jar:/home/user/.m2/repository/org/jboss/weld/servlet/weld-servlet/2.4.7.Final/weld-servlet-2.4.7.Final.jar:/home/user/.m2/repository/org/glassfish/jersey/containers/jersey-container-servlet-core/2.27/jersey-container-servlet-core-2.27.jar:/home/user/.m2/repository/org/glassfish/hk2/external/javax.inject/2.5.0-b42/javax.inject-2.5.0-b42.jar:/home/user/.m2/repository/org/glassfish/jersey/core/jersey-common/2.27/jersey-common-2.27.jar:/home/user/.m2/repository/org/glassfish/hk2/osgi-resource-locator/1.0.1/osgi-resource-locator-1.0.1.jar:/home/user/.m2/repository/javax/ws/rs/javax.ws.rs-api/2.1/javax.ws.rs-api-2.1.jar:/home/user/.m2/repository/org/glassfish/jersey/ext/cdi/jersey-cdi1x/2.27/jersey-cdi1x-2.27.jar:/home/user/.m2/repository/org/glassfish/jersey/inject/jersey-hk2/2.27/jersey-hk2-2.27.jar:/home/user/.m2/repository/org/glassfish/hk2/hk2-locator/2.5.0-b42/hk2-locator-2.5.0-b42.jar:/home/user/.m2/repository/org/javassist/javassist/3.22.0-CR2/javassist-3.22.0-CR2.jar:/home/user/.m2/repository/org/glassfish/hk2/hk2-api/2.5.0/hk2-api-2.5.0.jar:/home/user/.m2/repository/org/glassfish/hk2/external/jakarta.inject/2.5.0/jakarta.inject-2.5.0.jar:/home/user/.m2/repository/org/glassfish/hk2/hk2-utils/2.5.0/hk2-utils-2.5.0.jar:/home/user/.m2/repository/jakarta/annotation/jakarta.annotation-api/1.3.4/jakarta.annotation-api-1.3.4.jar:/home/user/.m2/repository/org/glassfish/hk2/external/aopalliance-repackaged/2.5.0/aopalliance-repackaged-2.5.0.jar:/home/user/.m2/repository/com/fasterxml/jackson/dataformat/jackson-dataformat-xml/2.9.0/jackson-dataformat-xml-2.9.0.jar:/home/user/.m2/repository/com/fasterxml/jackson/core/jackson-core/2.9.9/jackson-core-2.9.9.jar:/home/user/.m2/repository/com/fasterxml/jackson/module/jackson-module-jaxb-annotations/2.9.9/jackson-module-jaxb-annotations-2.9.9.jar:/home/user/.m2/repository/javax/enterprise/cdi-api/1.2/cdi-api-1.2.jar:/home/user/.m2/repository/javax/el/javax.el-api/3.0.0/javax.el-api-3.0.0.jar:/home/user/.m2/repository/javax/interceptor/javax.interceptor-api/1.2/javax.interceptor-api-1.2.jar:/home/user/.m2/repository/javax/inject/javax.inject/1/javax.inject-1.jar:/home/user/.m2/repository/com/sun/xml/bind/jaxb-impl/2.3.0.1/jaxb-impl-2.3.0.1.jar:/home/user/.m2/repository/com/sun/xml/bind/jaxb-core/2.3.0.1/jaxb-core-2.3.0.1.jar:/home/user/.m2/repository/javax/xml/bind/jaxb-api/2.3.0/jaxb-api-2.3.0.jar:/home/user/.m2/repository/javax/activation/activation/1.1.1/activation-1.1.1.jar:/home/user/.m2/repository/org/apache/hadoop/hadoop-ozone-csi/0.5.0-SNAPSHOT/hadoop-ozone-csi-0.5.0-SNAPSHOT.jar:/home/user/.m2/repository/com/google/protobuf/protobuf-java-util/3.5.1/protobuf-java-util-3.5.1.jar:/home/user/.m2/repository/org/apache/hadoop/hadoop-hdds-config/0.5.0-SNAPSHOT/hadoop-hdds-config-0.5.0-SNAPSHOT.jar:/home/user/.m2/repository/io/grpc/grpc-netty/1.17.1/grpc-netty-1.17.1.jar:/home/user/.m2/repository/io/grpc/grpc-core/1.17.1/grpc-core-1.17.1.jar:/home/user/.m2/repository/io/grpc/grpc-context/1.17.1/grpc-context-1.17.1.jar:/home/user/.m2/repository/com/google/errorprone/error_prone_annotations/2.2.0/error_prone_annotations-2.2.0.jar:/home/user/.m2/repository/org/codehaus/mojo/animal-sniffer-annotations/1.17/animal-sniffer-annotations-1.17.jar:/home/user/.m2/repository/io/opencensus/opencensus-api/0.17.0/opencensus-api-0.17.0.jar:/home/user/.m2/repository/io/opencensus/opencensus-contrib-grpc-metrics/0.17.0/opencensus-contrib-grpc-metrics-0.17.0.jar:/home/user/.m2/repository/io/netty/netty-codec-http2/4.1.30.Final/netty-codec-http2-4.1.30.Final.jar:/home/user/.m2/repository/io/netty/netty-codec-http/4.1.30.Final/netty-codec-http-4.1.30.Final.jar:/home/user/.m2/repository/io/netty/netty-codec/4.1.30.Final/netty-codec-4.1.30.Final.jar:/home/user/.m2/repository/io/netty/netty-handler/4.1.30.Final/netty-handler-4.1.30.Final.jar:/home/user/.m2/repository/io/netty/netty-handler-proxy/4.1.30.Final/netty-handler-proxy-4.1.30.Final.jar:/home/user/.m2/repository/io/netty/netty-codec-socks/4.1.30.Final/netty-codec-socks-4.1.30.Final.jar:/home/user/.m2/repository/io/netty/netty-transport-native-epoll/4.1.30.Final/netty-transport-native-epoll-4.1.30.Final.jar:/home/user/.m2/repository/io/netty/netty-common/4.1.30.Final/netty-common-4.1.30.Final.jar:/home/user/.m2/repository/io/netty/netty-buffer/4.1.30.Final/netty-buffer-4.1.30.Final.jar:/home/user/.m2/repository/io/netty/netty-transport/4.1.30.Final/netty-transport-4.1.30.Final.jar:/home/user/.m2/repository/io/netty/netty-resolver/4.1.30.Final/netty-resolver-4.1.30.Final.jar:/home/user/.m2/repository/io/netty/netty-transport-native-unix-common/4.1.30.Final/netty-transport-native-unix-common-4.1.30.Final.jar:/home/user/.m2/repository/io/grpc/grpc-protobuf/1.17.1/grpc-protobuf-1.17.1.jar:/home/user/.m2/repository/com/google/api/grpc/proto-google-common-protos/1.0.0/proto-google-common-protos-1.0.0.jar:/home/user/.m2/repository/io/grpc/grpc-protobuf-lite/1.17.1/grpc-protobuf-lite-1.17.1.jar:/home/user/.m2/repository/io/grpc/grpc-stub/1.17.1/grpc-stub-1.17.1.jar:/home/user/.m2/repository/org/apache/hadoop/hadoop-ozone-recon/0.5.0-SNAPSHOT/hadoop-ozone-recon-0.5.0-SNAPSHOT.jar:/home/user/.m2/repository/org/apache/hadoop/hadoop-ozone-reconcodegen/0.5.0-SNAPSHOT/hadoop-ozone-reconcodegen-0.5.0-SNAPSHOT.jar:/home/user/.m2/repository/com/google/inject/extensions/guice-multibindings/4.0/guice-multibindings-4.0.jar:/home/user/.m2/repository/com/google/inject/guice/4.0/guice-4.0.jar:/home/user/.m2/repository/aopalliance/aopalliance/1.0/aopalliance-1.0.jar:/home/user/.m2/repository/com/google/inject/extensions/guice-servlet/4.0/guice-servlet-4.0.jar:/home/user/.m2/repository/org/glassfish/jersey/containers/jersey-container-servlet/2.27/jersey-container-servlet-2.27.jar:/home/user/.m2/repository/org/glassfish/hk2/guice-bridge/2.5.0/guice-bridge-2.5.0.jar:/home/user/.m2/repository/org/glassfish/jersey/core/jersey-server/2.27/jersey-server-2.27.jar:/home/user/.m2/repository/org/glassfish/jersey/core/jersey-client/2.27/jersey-client-2.27.jar:/home/user/.m2/repository/org/glassfish/jersey/media/jersey-media-jaxb/2.27/jersey-media-jaxb-2.27.jar:/home/user/.m2/repository/javax/validation/validation-api/1.1.0.Final/validation-api-1.1.0.Final.jar:/home/user/.m2/repository/org/glassfish/jersey/media/jersey-media-json-jackson/2.27/jersey-media-json-jackson-2.27.jar:/home/user/.m2/repository/org/glassfish/jersey/ext/jersey-entity-filtering/2.27/jersey-entity-filtering-2.27.jar:/home/user/.m2/repository/com/google/inject/extensions/guice-assistedinject/4.0/guice-assistedinject-4.0.jar:/home/user/.m2/repository/org/jooq/jooq/3.11.10/jooq-3.11.10.jar:/home/user/.m2/repository/org/jooq/jooq-meta/3.11.10/jooq-meta-3.11.10.jar:/home/user/.m2/repository/org/jooq/jooq-codegen/3.11.10/jooq-codegen-3.11.10.jar:/home/user/.m2/repository/com/jolbox/bonecp/0.8.0.RELEASE/bonecp-0.8.0.RELEASE.jar:/home/user/.m2/repository/org/xerial/sqlite-jdbc/3.25.2/sqlite-jdbc-3.25.2.jar:/home/user/.m2/repository/org/springframework/spring-jdbc/5.1.3.RELEASE/spring-jdbc-5.1.3.RELEASE.jar:/home/user/.m2/repository/org/springframework/spring-beans/5.1.3.RELEASE/spring-beans-5.1.3.RELEASE.jar:/home/user/.m2/repository/org/springframework/spring-core/5.1.3.RELEASE/spring-core-5.1.3.RELEASE.jar:/home/user/.m2/repository/org/springframework/spring-jcl/5.1.3.RELEASE/spring-jcl-5.1.3.RELEASE.jar:/home/user/.m2/repository/org/springframework/spring-tx/5.1.3.RELEASE/spring-tx-5.1.3.RELEASE.jar:/home/user/.m2/repository/org/apache/hadoop/hadoop-ozone-client/0.5.0-SNAPSHOT/hadoop-ozone-client-0.5.0-SNAPSHOT.jar:/home/user/.m2/repository/commons-lang/commons-lang/2.6/commons-lang-2.6.jar:/home/user/.m2/repository/org/apache/hadoop/hadoop-ozone-ozone-manager/0.5.0-SNAPSHOT/hadoop-ozone-ozone-manager-0.5.0-SNAPSHOT-tests.jar:/home/user/.m2/repository/junit/junit/4.11/junit-4.11.jar:/home/user/.m2/repository/org/hamcrest/hamcrest-core/1.3/hamcrest-core-1.3.jar:/home/user/.m2/repository/org/openjdk/jmh/jmh-core/1.19/jmh-core-1.19.jar:/home/user/.m2/repository/net/sf/jopt-simple/jopt-simple/4.6/jopt-simple-4.6.jar:/home/user/.m2/repository/org/apache/commons/commons-math3/3.1.1/commons-math3-3.1.1.jar:/home/user/.m2/repository/org/openjdk/jmh/jmh-generator-annprocess/1.19/jmh-generator-annprocess-1.19.jar:/home/user/.m2/repository/org/mockito/mockito-all/1.8.5/mockito-all-1.8.5.jar:/home/user/.m2/repository/org/apache/hadoop/hadoop-kms/3.2.0/hadoop-kms-3.2.0.jar:/home/user/.m2/repository/org/apache/hadoop/hadoop-auth/3.2.0/hadoop-auth-3.2.0.jar:/home/user/.m2/repository/com/nimbusds/nimbus-jose-jwt/4.41.1/nimbus-jose-jwt-4.41.1.jar:/home/user/.m2/repository/com/github/stephenc/jcip/jcip-annotations/1.0-1/jcip-annotations-1.0-1.jar:/home/user/.m2/repository/net/minidev/json-smart/2.3/json-smart-2.3.jar:/home/user/.m2/repository/net/minidev/accessors-smart/1.2/accessors-smart-1.2.jar:/home/user/.m2/repository/org/ow2/asm/asm/5.0.4/asm-5.0.4.jar:/home/user/.m2/repository/org/apache/curator/curator-framework/2.12.0/curator-framework-2.12.0.jar:/home/user/.m2/repository/com/sun/jersey/jersey-core/1.19/jersey-core-1.19.jar:/home/user/.m2/repository/javax/ws/rs/jsr311-api/1.1.1/jsr311-api-1.1.1.jar:/home/user/.m2/repository/com/sun/jersey/jersey-server/1.19/jersey-server-1.19.jar:/home/user/.m2/repository/javax/servlet/javax.servlet-api/3.1.0/javax.servlet-api-3.1.0.jar:/home/user/.m2/repository/org/eclipse/jetty/jetty-server/9.3.25.v20180904/jetty-server-9.3.25.v20180904.jar:/home/user/.m2/repository/org/eclipse/jetty/jetty-http/9.3.25.v20180904/jetty-http-9.3.25.v20180904.jar:/home/user/.m2/repository/org/eclipse/jetty/jetty-io/9.3.25.v20180904/jetty-io-9.3.25.v20180904.jar:/home/user/.m2/repository/org/eclipse/jetty/jetty-webapp/9.3.25.v20180904/jetty-webapp-9.3.25.v20180904.jar:/home/user/.m2/repository/org/eclipse/jetty/jetty-xml/9.3.25.v20180904/jetty-xml-9.3.25.v20180904.jar:/home/user/.m2/repository/log4j/log4j/1.2.17/log4j-1.2.17.jar:/home/user/.m2/repository/org/slf4j/slf4j-api/1.7.25/slf4j-api-1.7.25.jar:/home/user/.m2/repository/org/slf4j/jul-to-slf4j/1.7.25/jul-to-slf4j-1.7.25.jar:/home/user/.m2/repository/org/eclipse/jetty/jetty-util/9.3.25.v20180904/jetty-util-9.3.25.v20180904.jar:/home/user/.m2/repository/com/fasterxml/jackson/core/jackson-databind/2.9.9/jackson-databind-2.9.9.jar:/home/user/.m2/repository/org/apache/hadoop/hadoop-kms/3.2.0/hadoop-kms-3.2.0-tests.jar:/home/user/.m2/repository/org/apache/hadoop/hadoop-hdds-server-scm/0.5.0-SNAPSHOT/hadoop-hdds-server-scm-0.5.0-SNAPSHOT-tests.jar:/home/user/.m2/repository/org/apache/hadoop/hadoop-hdds-container-service/0.5.0-SNAPSHOT/hadoop-hdds-container-service-0.5.0-SNAPSHOT-tests.jar:/home/user/.m2/repository/org/yaml/snakeyaml/1.16/snakeyaml-1.16.jar:/home/user/.m2/repository/org/apache/hadoop/hadoop-common/3.2.0/hadoop-common-3.2.0-tests.jar:/home/user/.m2/repository/org/apache/hadoop/hadoop-annotations/3.2.0/hadoop-annotations-3.2.0.jar:/usr/lib/jvm/java-1.8-openjdk/jre/../lib/tools.jar:/home/user/.m2/repository/commons-cli/commons-cli/1.2/commons-cli-1.2.jar:/home/user/.m2/repository/org/apache/httpcomponents/httpclient/4.5.2/httpclient-4.5.2.jar:/home/user/.m2/repository/org/apache/httpcomponents/httpcore/4.4.4/httpcore-4.4.4.jar:/home/user/.m2/repository/commons-codec/commons-codec/1.11/commons-codec-1.11.jar:/home/user/.m2/repository/commons-net/commons-net/3.6/commons-net-3.6.jar:/home/user/.m2/repository/commons-collections/commons-collections/3.2.2/commons-collections-3.2.2.jar:/home/user/.m2/repository/org/eclipse/jetty/jetty-servlet/9.3.25.v20180904/jetty-servlet-9.3.25.v20180904.jar:/home/user/.m2/repository/org/eclipse/jetty/jetty-security/9.3.25.v20180904/jetty-security-9.3.25.v20180904.jar:/home/user/.m2/repository/javax/servlet/jsp/jsp-api/2.1/jsp-api-2.1.jar:/home/user/.m2/repository/com/sun/jersey/jersey-servlet/1.19/jersey-servlet-1.19.jar:/home/user/.m2/repository/com/sun/jersey/jersey-json/1.19/jersey-json-1.19.jar:/home/user/.m2/repository/org/codehaus/jettison/jettison/1.1/jettison-1.1.jar:/home/user/.m2/repository/org/codehaus/jackson/jackson-core-asl/1.9.13/jackson-core-asl-1.9.13.jar:/home/user/.m2/repository/org/codehaus/jackson/jackson-mapper-asl/1.9.13/jackson-mapper-asl-1.9.13.jar:/home/user/.m2/repository/org/codehaus/jackson/jackson-jaxrs/1.9.13/jackson-jaxrs-1.9.13.jar:/home/user/.m2/repository/org/codehaus/jackson/jackson-xc/1.9.13/jackson-xc-1.9.13.jar:/home/user/.m2/repository/commons-logging/commons-logging/1.1.3/commons-logging-1.1.3.jar:/home/user/.m2/repository/commons-beanutils/commons-beanutils/1.9.4/commons-beanutils-1.9.4.jar:/home/user/.m2/repository/org/apache/commons/commons-configuration2/2.1.1/commons-configuration2-2.1.1.jar:/home/user/.m2/repository/org/apache/commons/commons-lang3/3.7/commons-lang3-3.7.jar:/home/user/.m2/repository/org/apache/commons/commons-text/1.4/commons-text-1.4.jar:/home/user/.m2/repository/org/apache/avro/avro/1.7.7/avro-1.7.7.jar:/home/user/.m2/repository/com/thoughtworks/paranamer/paranamer/2.3/paranamer-2.3.jar:/home/user/.m2/repository/org/xerial/snappy/snappy-java/1.0.5/snappy-java-1.0.5.jar:/home/user/.m2/repository/com/google/re2j/re2j/1.1/re2j-1.1.jar:/home/user/.m2/repository/com/google/code/gson/gson/2.2.4/gson-2.2.4.jar:/home/user/.m2/repository/com/jcraft/jsch/0.1.54/jsch-0.1.54.jar:/home/user/.m2/repository/org/apache/curator/curator-client/2.12.0/curator-client-2.12.0.jar:/home/user/.m2/repository/org/apache/curator/curator-recipes/2.12.0/curator-recipes-2.12.0.jar:/home/user/.m2/repository/com/google/code/findbugs/jsr305/3.0.0/jsr305-3.0.0.jar:/home/user/.m2/repository/org/apache/htrace/htrace-core4/4.1.0-incubating/htrace-core4-4.1.0-incubating.jar:/home/user/.m2/repository/org/apache/zookeeper/zookeeper/3.4.13/zookeeper-3.4.13.jar:/home/user/.m2/repository/jline/jline/0.9.94/jline-0.9.94.jar:/home/user/.m2/repository/org/apache/yetus/audience-annotations/0.5.0/audience-annotations-0.5.0.jar:/home/user/.m2/repository/org/codehaus/woodstox/stax2-api/3.1.4/stax2-api-3.1.4.jar:/home/user/.m2/repository/com/fasterxml/woodstox/woodstox-core/5.0.3/woodstox-core-5.0.3.jar:/home/user/.m2/repository/dnsjava/dnsjava/2.1.7/dnsjava-2.1.7.jar:/home/user/.m2/repository/org/apache/hadoop/hadoop-hdfs/3.2.0/hadoop-hdfs-3.2.0-tests.jar:/home/user/.m2/repository/org/eclipse/jetty/jetty-util-ajax/9.3.25.v20180904/jetty-util-ajax-9.3.25.v20180904.jar:/home/user/.m2/repository/commons-daemon/commons-daemon/1.0.13/commons-daemon-1.0.13.jar:/home/user/.m2/repository/io/netty/netty/3.10.5.Final/netty-3.10.5.Final.jar:/home/user/.m2/repository/io/netty/netty-all/4.0.52.Final/netty-all-4.0.52.Final.jar:/home/user/.m2/repository/org/fusesource/leveldbjni/leveldbjni-all/1.8/leveldbjni-all-1.8.jar:"/>
    <property name="sun.cpu.endian" value="little"/>
    <property name="user.home" value="/home/user"/>
    <property name="user.language" value="en"/>
    <property name="java.specification.vendor" value="Oracle Corporation"/>
    <property name="java.home" value="/usr/lib/jvm/java-1.8-openjdk/jre"/>
    <property name="java.security.krb5.conf" value="/workdir/hadoop-ozone/integration-test/target/test-classes/krb5.conf"/>
    <property name="basedir" value="/workdir/hadoop-ozone/integration-test"/>
    <property name="file.separator" value="/"/>
    <property name="line.separator" value="&#10;"/>
    <property name="java.vm.specification.vendor" value="Oracle Corporation"/>
    <property name="java.specification.name" value="Java Platform API Specification"/>
    <property name="java.awt.graphicsenv" value="sun.awt.X11GraphicsEnvironment"/>
    <property name="surefire.real.class.path" value="/workdir/hadoop-ozone/integration-test/target/surefire/surefirebooter5000260464416100373.jar"/>
    <property name="hadoop.log.dir" value="/workdir/hadoop-ozone/integration-test/target/log"/>
    <property name="sun.boot.class.path" value="/usr/lib/jvm/java-1.8-openjdk/jre/lib/resources.jar:/usr/lib/jvm/java-1.8-openjdk/jre/lib/rt.jar:/usr/lib/jvm/java-1.8-openjdk/jre/lib/sunrsasign.jar:/usr/lib/jvm/java-1.8-openjdk/jre/lib/jsse.jar:/usr/lib/jvm/java-1.8-openjdk/jre/lib/jce.jar:/usr/lib/jvm/java-1.8-openjdk/jre/lib/charsets.jar:/usr/lib/jvm/java-1.8-openjdk/jre/lib/jfr.jar:/usr/lib/jvm/java-1.8-openjdk/jre/classes"/>
    <property name="sun.management.compiler" value="HotSpot 64-Bit Tiered Compilers"/>
    <property name="java.runtime.version" value="1.8.0_212-b04"/>
    <property name="java.net.preferIPv4Stack" value="true"/>
    <property name="user.name" value="jenkins1000"/>
    <property name="path.separator" value=":"/>
    <property name="java.security.egd" value="file:///dev/urandom"/>
    <property name="os.version" value="3.10.0-957.12.2.el7.x86_64"/>
    <property name="java.endorsed.dirs" value="/usr/lib/jvm/java-1.8-openjdk/jre/lib/endorsed"/>
    <property name="java.runtime.name" value="OpenJDK Runtime Environment"/>
    <property name="file.encoding" value="UTF-8"/>
    <property name="java.vm.name" value="OpenJDK 64-Bit Server VM"/>
    <property name="test.build.webapps" value=""/>
    <property name="localRepository" value="/home/user/.m2/repository"/>
    <property name="java.vendor.url.bug" value="https://icedtea.classpath.org/bugzilla"/>
    <property name="java.io.tmpdir" value="/tmp"/>
    <property name="require.test.libhadoop" value=""/>
    <property name="java.version" value="1.8.0_212"/>
    <property name="user.dir" value="/workdir/hadoop-ozone/integration-test"/>
    <property name="os.arch" value="amd64"/>
    <property name="java.vm.specification.name" value="Java Virtual Machine Specification"/>
    <property name="test.build.classes" value="/workdir/hadoop-ozone/integration-test/target/test-classes"/>
    <property name="java.awt.printerjob" value="sun.print.PSPrinterJob"/>
    <property name="sun.os.patch.level" value="unknown"/>
    <property name="hadoop.tmp.dir" value="/workdir/hadoop-ozone/integration-test/target/tmp"/>
    <property name="java.library.path" value="/usr/lib/jvm/java-1.8-openjdk/jre/lib/amd64/server:/usr/lib/jvm/java-1.8-openjdk/jre/lib/amd64:/usr/lib/jvm/java-1.8-openjdk/jre/../lib/amd64:/workdir/hadoop-ozone/integration-test/target/native/target/usr/local/lib:/workdir/hadoop-ozone/integration-test/../../hadoop-common-project/hadoop-common/target/native/target/usr/local/lib:/usr/java/packages/lib/amd64:/usr/lib64:/lib64:/lib:/usr/lib"/>
    <property name="java.vm.info" value="mixed mode"/>
    <property name="java.vendor" value="IcedTea"/>
    <property name="java.vm.version" value="25.212-b04"/>
    <property name="java.ext.dirs" value="/usr/lib/jvm/java-1.8-openjdk/jre/lib/ext:/usr/java/packages/lib/ext"/>
    <property name="sun.io.unicode.encoding" value="UnicodeLittle"/>
    <property name="java.class.version" value="52.0"/>
  </properties>
  <testcase name="testWatchForCommitWithKeyWrite" classname="org.apache.hadoop.ozone.client.rpc.TestWatchForCommit" time="60.122"/>
  <testcase name="testWatchForCommitWithSmallerTimeoutValue" classname="org.apache.hadoop.ozone.client.rpc.TestWatchForCommit" time="43.111"/>
  <testcase name="testWatchForCommitForRetryfailure" classname="org.apache.hadoop.ozone.client.rpc.TestWatchForCommit" time="72.396"/>
  <testcase name="testWatchForCommitForGroupMismatchException" classname="org.apache.hadoop.ozone.client.rpc.TestWatchForCommit" time="37.698"/>
  <testcase name="test2WayCommitForTimeoutException" classname="org.apache.hadoop.ozone.client.rpc.TestWatchForCommit" time="22.541">
    <error type="java.util.concurrent.TimeoutException">java.util.concurrent.TimeoutException
	at java.util.concurrent.CompletableFuture.timedGet(CompletableFuture.java:1771)
	at java.util.concurrent.CompletableFuture.get(CompletableFuture.java:1915)
	at org.apache.hadoop.hdds.scm.XceiverClientRatis.watchForCommit(XceiverClientRatis.java:283)
	at org.apache.hadoop.ozone.client.rpc.TestWatchForCommit.test2WayCommitForTimeoutException(TestWatchForCommit.java:391)
	at sun.reflect.NativeMethodAccessorImpl.invoke0(Native Method)
	at sun.reflect.NativeMethodAccessorImpl.invoke(NativeMethodAccessorImpl.java:62)
	at sun.reflect.DelegatingMethodAccessorImpl.invoke(DelegatingMethodAccessorImpl.java:43)
	at java.lang.reflect.Method.invoke(Method.java:498)
	at org.junit.runners.model.FrameworkMethod$1.runReflectiveCall(FrameworkMethod.java:47)
	at org.junit.internal.runners.model.ReflectiveCallable.run(ReflectiveCallable.java:12)
	at org.junit.runners.model.FrameworkMethod.invokeExplosively(FrameworkMethod.java:44)
	at org.junit.internal.runners.statements.InvokeMethod.evaluate(InvokeMethod.java:17)
	at org.junit.runners.ParentRunner.runLeaf(ParentRunner.java:271)
	at org.junit.runners.BlockJUnit4ClassRunner.runChild(BlockJUnit4ClassRunner.java:70)
	at org.junit.runners.BlockJUnit4ClassRunner.runChild(BlockJUnit4ClassRunner.java:50)
	at org.junit.runners.ParentRunner$3.run(ParentRunner.java:238)
	at org.junit.runners.ParentRunner$1.schedule(ParentRunner.java:63)
	at org.junit.runners.ParentRunner.runChildren(ParentRunner.java:236)
	at org.junit.runners.ParentRunner.access$000(ParentRunner.java:53)
	at org.junit.runners.ParentRunner$2.evaluate(ParentRunner.java:229)
	at org.junit.runners.ParentRunner.run(ParentRunner.java:309)
	at org.apache.maven.surefire.junit4.JUnit4Provider.execute(JUnit4Provider.java:365)
	at org.apache.maven.surefire.junit4.JUnit4Provider.executeWithRerun(JUnit4Provider.java:273)
	at org.apache.maven.surefire.junit4.JUnit4Provider.executeTestSet(JUnit4Provider.java:238)
	at org.apache.maven.surefire.junit4.JUnit4Provider.invoke(JUnit4Provider.java:159)
	at org.apache.maven.surefire.booter.ForkedBooter.invokeProviderInSameClassLoader(ForkedBooter.java:384)
	at org.apache.maven.surefire.booter.ForkedBooter.runSuitesInProcess(ForkedBooter.java:345)
	at org.apache.maven.surefire.booter.ForkedBooter.execute(ForkedBooter.java:126)
	at org.apache.maven.surefire.booter.ForkedBooter.main(ForkedBooter.java:418)
</error>
    <system-out><![CDATA[2019-10-10 13:31:57,999 [main] WARN  server.ServerUtils (ServerUtils.java:getScmDbDir(145)) - ozone.scm.db.dirs is not configured. We recommend adding this setting. Falling back to ozone.metadata.dirs instead.
2019-10-10 13:31:58,014 [main] WARN  server.ServerUtils (ServerUtils.java:getScmDbDir(145)) - ozone.scm.db.dirs is not configured. We recommend adding this setting. Falling back to ozone.metadata.dirs instead.
2019-10-10 13:31:58,015 [main] WARN  server.ServerUtils (ServerUtils.java:getScmDbDir(145)) - ozone.scm.db.dirs is not configured. We recommend adding this setting. Falling back to ozone.metadata.dirs instead.
2019-10-10 13:31:58,015 [main] INFO  db.DBStoreBuilder (DBStoreBuilder.java:addTable(117)) - using custom profile for table: deletedBlocks
2019-10-10 13:31:58,016 [main] INFO  db.DBStoreBuilder (DBStoreBuilder.java:processTables(168)) - Using default column profile:DBProfile.DISK for Table:deletedBlocks
2019-10-10 13:31:58,016 [main] INFO  db.DBStoreBuilder (DBStoreBuilder.java:addTable(117)) - using custom profile for table: validCerts
2019-10-10 13:31:58,016 [main] INFO  db.DBStoreBuilder (DBStoreBuilder.java:processTables(168)) - Using default column profile:DBProfile.DISK for Table:validCerts
2019-10-10 13:31:58,016 [main] INFO  db.DBStoreBuilder (DBStoreBuilder.java:addTable(117)) - using custom profile for table: revokedCerts
2019-10-10 13:31:58,016 [main] INFO  db.DBStoreBuilder (DBStoreBuilder.java:processTables(168)) - Using default column profile:DBProfile.DISK for Table:revokedCerts
2019-10-10 13:31:58,016 [main] INFO  db.DBStoreBuilder (DBStoreBuilder.java:addTable(117)) - using custom profile for table: default
2019-10-10 13:31:58,017 [main] INFO  db.DBStoreBuilder (DBStoreBuilder.java:processTables(174)) - Using default column profile:DBProfile.DISK for Table:default
2019-10-10 13:31:58,017 [main] INFO  db.DBStoreBuilder (DBStoreBuilder.java:getDbProfile(205)) - Using default options. DBProfile.DISK
2019-10-10 13:31:58,246 [main] INFO  net.NodeSchemaLoader (NodeSchemaLoader.java:loadSchemaFromFile(125)) - Loading file from sun.misc.CompoundEnumeration@6f930e0
2019-10-10 13:31:58,247 [main] INFO  net.NodeSchemaLoader (NodeSchemaLoader.java:loadSchema(171)) - Loading network topology layer schema file
2019-10-10 13:31:58,252 [main] WARN  server.ServerUtils (ServerUtils.java:sanitizeUserArgs(70)) - ozone.scm.stale.node.interval value = 300000 is larger than max = 100000 based on the key value of ozone.scm.heartbeat.thread.interval, reset to the max value 100000.
2019-10-10 13:31:58,252 [main] WARN  server.ServerUtils (ServerUtils.java:sanitizeUserArgs(70)) - ozone.scm.stale.node.interval value = 300000 is larger than max = 100000 based on the key value of ozone.scm.heartbeat.thread.interval, reset to the max value 100000.
2019-10-10 13:31:58,253 [main] INFO  node.SCMNodeManager (SCMNodeManager.java:<init>(116)) - Entering startup safe mode.
2019-10-10 13:31:58,253 [main] INFO  algorithms.ContainerPlacementPolicyFactory (ContainerPlacementPolicyFactory.java:getPolicy(57)) - Create container placement policy of type org.apache.hadoop.hdds.scm.container.placement.algorithms.SCMContainerPlacementRandom
2019-10-10 13:31:58,254 [main] WARN  server.ServerUtils (ServerUtils.java:getScmDbDir(145)) - ozone.scm.db.dirs is not configured. We recommend adding this setting. Falling back to ozone.metadata.dirs instead.
2019-10-10 13:31:58,334 [main] INFO  pipeline.SCMPipelineManager (SCMPipelineManager.java:initializePipelineState(132)) - No pipeline exists in current db
2019-10-10 13:31:58,335 [main] WARN  server.ServerUtils (ServerUtils.java:getScmDbDir(145)) - ozone.scm.db.dirs is not configured. We recommend adding this setting. Falling back to ozone.metadata.dirs instead.
2019-10-10 13:31:58,426 [main] WARN  events.EventQueue (EventQueue.java:fireEvent(183)) - No event handler registered for event TypedEvent{payloadType=SafeModeStatus, name='SafeModeStatus'}
2019-10-10 13:31:58,427 [main] INFO  ipc.CallQueueManager (CallQueueManager.java:<init>(84)) - Using callQueue: class java.util.concurrent.LinkedBlockingQueue, queueCapacity: 2000, scheduler: class org.apache.hadoop.ipc.DefaultRpcScheduler, ipcBackoff: false.
2019-10-10 13:31:58,428 [Socket Reader #1 for port 33128] INFO  ipc.Server (Server.java:run(1074)) - Starting Socket Reader #1 for port 33128
2019-10-10 13:31:58,430 [main] INFO  ipc.CallQueueManager (CallQueueManager.java:<init>(84)) - Using callQueue: class java.util.concurrent.LinkedBlockingQueue, queueCapacity: 2000, scheduler: class org.apache.hadoop.ipc.DefaultRpcScheduler, ipcBackoff: false.
2019-10-10 13:31:58,431 [Socket Reader #1 for port 38079] INFO  ipc.Server (Server.java:run(1074)) - Starting Socket Reader #1 for port 38079
2019-10-10 13:31:58,432 [main] INFO  ipc.CallQueueManager (CallQueueManager.java:<init>(84)) - Using callQueue: class java.util.concurrent.LinkedBlockingQueue, queueCapacity: 2000, scheduler: class org.apache.hadoop.ipc.DefaultRpcScheduler, ipcBackoff: false.
2019-10-10 13:31:58,433 [Socket Reader #1 for port 42139] INFO  ipc.Server (Server.java:run(1074)) - Starting Socket Reader #1 for port 42139
2019-10-10 13:31:58,437 [main] INFO  hdfs.DFSUtil (DFSUtil.java:httpServerTemplateForNNAndJN(1641)) - Starting Web-server for scm at: http://0.0.0.0:0
2019-10-10 13:31:58,438 [main] INFO  server.AuthenticationFilter (AuthenticationFilter.java:constructSecretProvider(240)) - Unable to initialize FileSignerSecretProvider, falling back to use random secrets.
2019-10-10 13:31:58,439 [main] WARN  http.HttpRequestLog (HttpRequestLog.java:getRequestLog(97)) - Jetty request log can only be enabled using Log4j
2019-10-10 13:31:58,441 [main] INFO  http.HttpServer2 (HttpServer2.java:addGlobalFilter(975)) - Added global filter 'safety' (class=org.apache.hadoop.http.HttpServer2$QuotingInputFilter)
2019-10-10 13:31:58,441 [main] INFO  http.HttpServer2 (HttpServer2.java:addFilter(948)) - Added filter static_user_filter (class=org.apache.hadoop.http.lib.StaticUserWebFilter$StaticUserFilter) to context scm
2019-10-10 13:31:58,441 [main] INFO  http.HttpServer2 (HttpServer2.java:addFilter(958)) - Added filter static_user_filter (class=org.apache.hadoop.http.lib.StaticUserWebFilter$StaticUserFilter) to context logs
2019-10-10 13:31:58,441 [main] INFO  http.HttpServer2 (HttpServer2.java:addFilter(958)) - Added filter static_user_filter (class=org.apache.hadoop.http.lib.StaticUserWebFilter$StaticUserFilter) to context static
2019-10-10 13:31:58,443 [main] INFO  server.StorageContainerManager (StorageContainerManager.java:start(772)) - StorageContainerLocationProtocol RPC server is listening at /0.0.0.0:42139
2019-10-10 13:31:58,446 [main] WARN  impl.MetricsConfig (MetricsConfig.java:loadFirst(134)) - Cannot locate configuration: tried hadoop-metrics2-storagecontainermanager.properties,hadoop-metrics2.properties
2019-10-10 13:31:58,447 [main] INFO  impl.MetricsSystemImpl (MetricsSystemImpl.java:startTimer(374)) - Scheduled Metric snapshot period at 10 second(s).
2019-10-10 13:31:58,447 [main] INFO  impl.MetricsSystemImpl (MetricsSystemImpl.java:start(191)) - StorageContainerManager metrics system started
2019-10-10 13:31:58,511 [main] WARN  impl.MetricsSystemImpl (MetricsSystemImpl.java:register(276)) - Sink prometheus already exists!
2019-10-10 13:31:58,607 [main] INFO  server.SCMClientProtocolServer (SCMClientProtocolServer.java:start(159)) - RPC server for Client  is listening at /0.0.0.0:42139
2019-10-10 13:31:58,607 [IPC Server Responder] INFO  ipc.Server (Server.java:run(1314)) - IPC Server Responder: starting
2019-10-10 13:31:58,607 [IPC Server listener on 42139] INFO  ipc.Server (Server.java:run(1153)) - IPC Server listener on 42139: starting
2019-10-10 13:31:58,612 [main] INFO  server.StorageContainerManager (StorageContainerManager.java:start(782)) - ScmBlockLocationProtocol RPC server is listening at /0.0.0.0:38079
2019-10-10 13:31:58,613 [main] INFO  server.SCMBlockProtocolServer (SCMBlockProtocolServer.java:start(146)) - RPC server for Block Protocol is listening at /0.0.0.0:38079
2019-10-10 13:31:58,613 [IPC Server Responder] INFO  ipc.Server (Server.java:run(1314)) - IPC Server Responder: starting
2019-10-10 13:31:58,613 [IPC Server listener on 38079] INFO  ipc.Server (Server.java:run(1153)) - IPC Server listener on 38079: starting
2019-10-10 13:31:58,619 [main] INFO  server.StorageContainerManager (StorageContainerManager.java:start(786)) - ScmDatanodeProtocl RPC server is listening at /0.0.0.0:33128
2019-10-10 13:31:58,619 [main] INFO  server.SCMDatanodeProtocolServer (SCMDatanodeProtocolServer.java:start(169)) - RPC server for DataNodes is listening at /0.0.0.0:33128
2019-10-10 13:31:58,620 [IPC Server Responder] INFO  ipc.Server (Server.java:run(1314)) - IPC Server Responder: starting
2019-10-10 13:31:58,620 [IPC Server listener on 33128] INFO  ipc.Server (Server.java:run(1153)) - IPC Server listener on 33128: starting
2019-10-10 13:31:58,624 [main] INFO  http.HttpServer2 (HttpServer2.java:bindListener(1191)) - Jetty bound to port 38173
2019-10-10 13:31:58,624 [main] INFO  server.Server (Server.java:doStart(351)) - jetty-9.3.25.v20180904, build timestamp: 2018-09-04T21:11:46Z, git hash: 3ce520221d0240229c862b122d2b06c12a625732
2019-10-10 13:31:58,626 [main] INFO  handler.ContextHandler (ContextHandler.java:doStart(781)) - Started o.e.j.s.ServletContextHandler@209f3887{/logs,file:///workdir/hadoop-ozone/integration-test/target/log,AVAILABLE}
2019-10-10 13:31:58,627 [main] INFO  handler.ContextHandler (ContextHandler.java:doStart(781)) - Started o.e.j.s.ServletContextHandler@3b35798{/static,file:///workdir/hadoop-ozone/integration-test/target/test-classes/webapps/static,AVAILABLE}
2019-10-10 13:31:58,631 [main] INFO  handler.ContextHandler (ContextHandler.java:doStart(781)) - Started o.e.j.w.WebAppContext@4966bab1{/,file:///workdir/hadoop-ozone/integration-test/target/test-classes/webapps/scm/,AVAILABLE}{/scm}
2019-10-10 13:31:58,632 [main] INFO  server.AbstractConnector (AbstractConnector.java:doStart(278)) - Started ServerConnector@7f0f84d4{HTTP/1.1,[http/1.1]}{0.0.0.0:38173}
2019-10-10 13:31:58,633 [main] INFO  server.Server (Server.java:doStart(419)) - Started @214389ms
2019-10-10 13:31:58,633 [main] WARN  impl.MetricsSystemImpl (MetricsSystemImpl.java:register(276)) - Sink prometheus already exists!
2019-10-10 13:31:58,634 [main] INFO  server.BaseHttpServer (BaseHttpServer.java:updateConnectorAddress(215)) - HTTP server of SCM is listening at http://0.0.0.0:38173
2019-10-10 13:31:58,634 [main] WARN  server.ServerUtils (ServerUtils.java:getDBPath(222)) - ozone.om.db.dirs is not configured. We recommend adding this setting. Falling back to ozone.metadata.dirs instead.
2019-10-10 13:31:58,635 [org.apache.hadoop.util.JvmPauseMonitor$Monitor@26e8ff8c] INFO  util.JvmPauseMonitor (JvmPauseMonitor.java:run(188)) - Starting JVM pause monitor
2019-10-10 13:31:58,661 [main] INFO  ha.OMHANodeDetails (OMHANodeDetails.java:loadOMHAConfig(190)) - Configuration either no ozone.om.address set. Falling back to the default OM address /127.0.0.1:0
2019-10-10 13:31:58,662 [main] INFO  ha.OMHANodeDetails (OMHANodeDetails.java:getOMNodeDetails(220)) - OM Service ID is not set. Setting it to the default ID: omServiceIdDefault
2019-10-10 13:31:58,662 [main] WARN  server.ServerUtils (ServerUtils.java:getDBPath(222)) - ozone.om.db.dirs is not configured. We recommend adding this setting. Falling back to ozone.metadata.dirs instead.
2019-10-10 13:31:58,662 [main] WARN  server.ServerUtils (ServerUtils.java:getDBPath(222)) - ozone.om.db.dirs is not configured. We recommend adding this setting. Falling back to ozone.metadata.dirs instead.
2019-10-10 13:31:58,677 [main] WARN  server.ServerUtils (ServerUtils.java:getDBPath(222)) - ozone.om.db.dirs is not configured. We recommend adding this setting. Falling back to ozone.metadata.dirs instead.
2019-10-10 13:31:58,677 [main] INFO  db.DBStoreBuilder (DBStoreBuilder.java:addTable(117)) - using custom profile for table: userTable
2019-10-10 13:31:58,677 [main] INFO  db.DBStoreBuilder (DBStoreBuilder.java:processTables(168)) - Using default column profile:DBProfile.DISK for Table:userTable
2019-10-10 13:31:58,678 [main] INFO  db.DBStoreBuilder (DBStoreBuilder.java:addTable(117)) - using custom profile for table: volumeTable
2019-10-10 13:31:58,678 [main] INFO  db.DBStoreBuilder (DBStoreBuilder.java:processTables(168)) - Using default column profile:DBProfile.DISK for Table:volumeTable
2019-10-10 13:31:58,678 [main] INFO  db.DBStoreBuilder (DBStoreBuilder.java:addTable(117)) - using custom profile for table: bucketTable
2019-10-10 13:31:58,678 [main] INFO  db.DBStoreBuilder (DBStoreBuilder.java:processTables(168)) - Using default column profile:DBProfile.DISK for Table:bucketTable
2019-10-10 13:31:58,678 [main] INFO  db.DBStoreBuilder (DBStoreBuilder.java:addTable(117)) - using custom profile for table: keyTable
2019-10-10 13:31:58,678 [main] INFO  db.DBStoreBuilder (DBStoreBuilder.java:processTables(168)) - Using default column profile:DBProfile.DISK for Table:keyTable
2019-10-10 13:31:58,679 [main] INFO  db.DBStoreBuilder (DBStoreBuilder.java:addTable(117)) - using custom profile for table: deletedTable
2019-10-10 13:31:58,679 [main] INFO  db.DBStoreBuilder (DBStoreBuilder.java:processTables(168)) - Using default column profile:DBProfile.DISK for Table:deletedTable
2019-10-10 13:31:58,679 [main] INFO  db.DBStoreBuilder (DBStoreBuilder.java:addTable(117)) - using custom profile for table: openKeyTable
2019-10-10 13:31:58,679 [main] INFO  db.DBStoreBuilder (DBStoreBuilder.java:processTables(168)) - Using default column profile:DBProfile.DISK for Table:openKeyTable
2019-10-10 13:31:58,679 [main] INFO  db.DBStoreBuilder (DBStoreBuilder.java:addTable(117)) - using custom profile for table: s3Table
2019-10-10 13:31:58,679 [main] INFO  db.DBStoreBuilder (DBStoreBuilder.java:processTables(168)) - Using default column profile:DBProfile.DISK for Table:s3Table
2019-10-10 13:31:58,679 [main] INFO  db.DBStoreBuilder (DBStoreBuilder.java:addTable(117)) - using custom profile for table: multipartInfoTable
2019-10-10 13:31:58,680 [main] INFO  db.DBStoreBuilder (DBStoreBuilder.java:processTables(168)) - Using default column profile:DBProfile.DISK for Table:multipartInfoTable
2019-10-10 13:31:58,680 [main] INFO  db.DBStoreBuilder (DBStoreBuilder.java:addTable(117)) - using custom profile for table: dTokenTable
2019-10-10 13:31:58,680 [main] INFO  db.DBStoreBuilder (DBStoreBuilder.java:processTables(168)) - Using default column profile:DBProfile.DISK for Table:dTokenTable
2019-10-10 13:31:58,680 [main] INFO  db.DBStoreBuilder (DBStoreBuilder.java:addTable(117)) - using custom profile for table: s3SecretTable
2019-10-10 13:31:58,680 [main] INFO  db.DBStoreBuilder (DBStoreBuilder.java:processTables(168)) - Using default column profile:DBProfile.DISK for Table:s3SecretTable
2019-10-10 13:31:58,680 [main] INFO  db.DBStoreBuilder (DBStoreBuilder.java:addTable(117)) - using custom profile for table: prefixTable
2019-10-10 13:31:58,681 [main] INFO  db.DBStoreBuilder (DBStoreBuilder.java:processTables(168)) - Using default column profile:DBProfile.DISK for Table:prefixTable
2019-10-10 13:31:58,681 [main] INFO  db.DBStoreBuilder (DBStoreBuilder.java:addTable(117)) - using custom profile for table: default
2019-10-10 13:31:58,681 [main] INFO  db.DBStoreBuilder (DBStoreBuilder.java:processTables(174)) - Using default column profile:DBProfile.DISK for Table:default
2019-10-10 13:31:58,681 [main] INFO  db.DBStoreBuilder (DBStoreBuilder.java:getDbProfile(205)) - Using default options. DBProfile.DISK
2019-10-10 13:31:59,330 [main] INFO  ipc.CallQueueManager (CallQueueManager.java:<init>(84)) - Using callQueue: class java.util.concurrent.LinkedBlockingQueue, queueCapacity: 2000, scheduler: class org.apache.hadoop.ipc.DefaultRpcScheduler, ipcBackoff: false.
2019-10-10 13:31:59,331 [Socket Reader #1 for port 44957] INFO  ipc.Server (Server.java:run(1074)) - Starting Socket Reader #1 for port 44957
2019-10-10 13:31:59,345 [main] INFO  om.OzoneManager (OzoneManager.java:start(1071)) - OzoneManager RPC server is listening at localhost/127.0.0.1:44957
2019-10-10 13:31:59,346 [main] INFO  impl.MetricsSystemImpl (MetricsSystemImpl.java:init(158)) - OzoneManager metrics system started (again)
2019-10-10 13:31:59,347 [IPC Server Responder] INFO  ipc.Server (Server.java:run(1314)) - IPC Server Responder: starting
2019-10-10 13:31:59,348 [IPC Server listener on 44957] INFO  ipc.Server (Server.java:run(1153)) - IPC Server listener on 44957: starting
2019-10-10 13:31:59,353 [main] INFO  hdfs.DFSUtil (DFSUtil.java:httpServerTemplateForNNAndJN(1641)) - Starting Web-server for ozoneManager at: http://0.0.0.0:0
2019-10-10 13:31:59,355 [main] INFO  server.AuthenticationFilter (AuthenticationFilter.java:constructSecretProvider(240)) - Unable to initialize FileSignerSecretProvider, falling back to use random secrets.
2019-10-10 13:31:59,355 [main] WARN  http.HttpRequestLog (HttpRequestLog.java:getRequestLog(97)) - Jetty request log can only be enabled using Log4j
2019-10-10 13:31:59,358 [main] INFO  http.HttpServer2 (HttpServer2.java:addGlobalFilter(975)) - Added global filter 'safety' (class=org.apache.hadoop.http.HttpServer2$QuotingInputFilter)
2019-10-10 13:31:59,358 [main] INFO  http.HttpServer2 (HttpServer2.java:addFilter(948)) - Added filter static_user_filter (class=org.apache.hadoop.http.lib.StaticUserWebFilter$StaticUserFilter) to context ozoneManager
2019-10-10 13:31:59,359 [main] INFO  http.HttpServer2 (HttpServer2.java:addFilter(958)) - Added filter static_user_filter (class=org.apache.hadoop.http.lib.StaticUserWebFilter$StaticUserFilter) to context logs
2019-10-10 13:31:59,359 [main] INFO  http.HttpServer2 (HttpServer2.java:addFilter(958)) - Added filter static_user_filter (class=org.apache.hadoop.http.lib.StaticUserWebFilter$StaticUserFilter) to context static
2019-10-10 13:31:59,360 [main] INFO  http.HttpServer2 (HttpServer2.java:bindListener(1191)) - Jetty bound to port 46130
2019-10-10 13:31:59,360 [main] INFO  server.Server (Server.java:doStart(351)) - jetty-9.3.25.v20180904, build timestamp: 2018-09-04T21:11:46Z, git hash: 3ce520221d0240229c862b122d2b06c12a625732
2019-10-10 13:31:59,362 [main] INFO  handler.ContextHandler (ContextHandler.java:doStart(781)) - Started o.e.j.s.ServletContextHandler@706f6d26{/logs,file:///workdir/hadoop-ozone/integration-test/target/log,AVAILABLE}
2019-10-10 13:31:59,363 [main] INFO  handler.ContextHandler (ContextHandler.java:doStart(781)) - Started o.e.j.s.ServletContextHandler@6af65f29{/static,file:///workdir/hadoop-ozone/integration-test/target/test-classes/webapps/static,AVAILABLE}
2019-10-10 13:31:59,367 [main] INFO  handler.ContextHandler (ContextHandler.java:doStart(781)) - Started o.e.j.w.WebAppContext@5287ba5f{/,file:///workdir/hadoop-ozone/integration-test/target/test-classes/webapps/ozoneManager/,AVAILABLE}{/ozoneManager}
2019-10-10 13:31:59,368 [main] INFO  server.AbstractConnector (AbstractConnector.java:doStart(278)) - Started ServerConnector@b768a65{HTTP/1.1,[http/1.1]}{0.0.0.0:46130}
2019-10-10 13:31:59,370 [main] INFO  server.Server (Server.java:doStart(419)) - Started @215126ms
2019-10-10 13:31:59,370 [main] WARN  impl.MetricsSystemImpl (MetricsSystemImpl.java:register(276)) - Sink prometheus already exists!
2019-10-10 13:31:59,371 [main] INFO  server.BaseHttpServer (BaseHttpServer.java:updateConnectorAddress(215)) - HTTP server of OZONEMANAGER is listening at http://0.0.0.0:46130
2019-10-10 13:31:59,389 [main] INFO  impl.MetricsSystemImpl (MetricsSystemImpl.java:init(158)) - HddsDatanode metrics system started (again)
2019-10-10 13:31:59,393 [main] INFO  ozone.HddsDatanodeService (HddsDatanodeService.java:start(184)) - HddsDatanodeService host:pr-hdds-2280-tn9v7-3755420433 ip:192.168.164.230
2019-10-10 13:31:59,402 [main] INFO  volume.HddsVolume (HddsVolume.java:<init>(176)) - Creating Volume: /workdir/hadoop-ozone/integration-test/target/test-dir/MiniOzoneClusterImpl-c188a606-c3de-4bac-92d1-570b5b7100db/datanode-0/data/containers/hdds of  storage type : DISK and capacity : 1482555576320
2019-10-10 13:31:59,402 [main] INFO  volume.VolumeSet (VolumeSet.java:initializeVolumeSet(170)) - Added Volume : /workdir/hadoop-ozone/integration-test/target/test-dir/MiniOzoneClusterImpl-c188a606-c3de-4bac-92d1-570b5b7100db/datanode-0/data/containers/hdds to VolumeSet
2019-10-10 13:31:59,403 [main] INFO  volume.ThrottledAsyncChecker (ThrottledAsyncChecker.java:schedule(141)) - Scheduling a check for org.apache.hadoop.ozone.container.common.volume.HddsVolume@53dd42d6
2019-10-10 13:31:59,403 [main] INFO  volume.HddsVolumeChecker (HddsVolumeChecker.java:checkAllVolumes(204)) - Scheduled health check for volume org.apache.hadoop.ozone.container.common.volume.HddsVolume@53dd42d6
2019-10-10 13:31:59,420 [main] INFO  impl.RaftServerProxy (ConfUtils.java:logGet(43)) - raft.rpc.type = GRPC (default)
2019-10-10 13:31:59,420 [main] INFO  grpc.GrpcFactory (GrpcFactory.java:checkPooledByteBufAllocatorUseCacheForAllThreads(45)) - PERFORMANCE WARNING: useCacheForAllThreads is true that may cause Netty to create a lot garbage objects and, as a result, trigger GC.
	It is recommended to disable useCacheForAllThreads by setting -Dorg.apache.ratis.thirdparty.io.netty.allocator.useCacheForAllThreads=false in command line.
2019-10-10 13:31:59,420 [main] INFO  grpc.GrpcConfigKeys$Server (ConfUtils.java:logGet(43)) - raft.grpc.server.port = 0 (default)
2019-10-10 13:31:59,421 [main] INFO  server.GrpcService (ConfUtils.java:logGet(43)) - raft.grpc.message.size.max = 33570816 (custom)
2019-10-10 13:31:59,421 [main] INFO  server.RaftServerConfigKeys (ConfUtils.java:logGet(43)) - raft.server.log.appender.buffer.byte-limit = 33554432 (custom)
2019-10-10 13:31:59,421 [main] INFO  server.GrpcService (ConfUtils.java:logGet(43)) - raft.grpc.flow.control.window = 1MB (=1048576) (default)
2019-10-10 13:31:59,421 [main] INFO  server.RaftServerConfigKeys (ConfUtils.java:logGet(43)) - raft.server.rpc.request.timeout = 3000ms (default)
2019-10-10 13:31:59,422 [main] INFO  server.RaftServerConfigKeys (ConfUtils.java:logGet(43)) - raft.server.storage.dir = [/workdir/hadoop-ozone/integration-test/target/test-dir/MiniOzoneClusterImpl-c188a606-c3de-4bac-92d1-570b5b7100db/datanode-0/data/ratis] (custom)
2019-10-10 13:31:59,424 [main] INFO  hdfs.DFSUtil (DFSUtil.java:httpServerTemplateForNNAndJN(1641)) - Starting Web-server for hddsDatanode at: http://0.0.0.0:0
2019-10-10 13:31:59,426 [main] INFO  server.AuthenticationFilter (AuthenticationFilter.java:constructSecretProvider(240)) - Unable to initialize FileSignerSecretProvider, falling back to use random secrets.
2019-10-10 13:31:59,426 [main] WARN  http.HttpRequestLog (HttpRequestLog.java:getRequestLog(97)) - Jetty request log can only be enabled using Log4j
2019-10-10 13:31:59,428 [main] INFO  http.HttpServer2 (HttpServer2.java:addGlobalFilter(975)) - Added global filter 'safety' (class=org.apache.hadoop.http.HttpServer2$QuotingInputFilter)
2019-10-10 13:31:59,428 [main] INFO  http.HttpServer2 (HttpServer2.java:addFilter(948)) - Added filter static_user_filter (class=org.apache.hadoop.http.lib.StaticUserWebFilter$StaticUserFilter) to context hddsDatanode
2019-10-10 13:31:59,429 [main] INFO  http.HttpServer2 (HttpServer2.java:addFilter(958)) - Added filter static_user_filter (class=org.apache.hadoop.http.lib.StaticUserWebFilter$StaticUserFilter) to context static
2019-10-10 13:31:59,429 [main] INFO  http.HttpServer2 (HttpServer2.java:addFilter(958)) - Added filter static_user_filter (class=org.apache.hadoop.http.lib.StaticUserWebFilter$StaticUserFilter) to context logs
2019-10-10 13:31:59,430 [main] INFO  http.HttpServer2 (HttpServer2.java:bindListener(1191)) - Jetty bound to port 45861
2019-10-10 13:31:59,430 [main] INFO  server.Server (Server.java:doStart(351)) - jetty-9.3.25.v20180904, build timestamp: 2018-09-04T21:11:46Z, git hash: 3ce520221d0240229c862b122d2b06c12a625732
2019-10-10 13:31:59,432 [main] INFO  handler.ContextHandler (ContextHandler.java:doStart(781)) - Started o.e.j.s.ServletContextHandler@299b9851{/logs,file:///workdir/hadoop-ozone/integration-test/target/log,AVAILABLE}
2019-10-10 13:31:59,432 [main] INFO  handler.ContextHandler (ContextHandler.java:doStart(781)) - Started o.e.j.s.ServletContextHandler@67328bcb{/static,jar:file:/home/user/.m2/repository/org/apache/hadoop/hadoop-hdds-container-service/0.5.0-SNAPSHOT/hadoop-hdds-container-service-0.5.0-SNAPSHOT.jar!/webapps/static,AVAILABLE}
2019-10-10 13:31:59,468 [main] INFO  handler.ContextHandler (ContextHandler.java:doStart(781)) - Started o.e.j.w.WebAppContext@281b2dfd{/,file:///tmp/jetty-0.0.0.0-45861-hddsDatanode-_-any-3205816700316140965.dir/webapp/,AVAILABLE}{/hddsDatanode}
2019-10-10 13:31:59,468 [main] INFO  server.AbstractConnector (AbstractConnector.java:doStart(278)) - Started ServerConnector@492be039{HTTP/1.1,[http/1.1]}{0.0.0.0:45861}
2019-10-10 13:31:59,470 [main] INFO  server.Server (Server.java:doStart(419)) - Started @215226ms
2019-10-10 13:31:59,470 [main] WARN  impl.MetricsSystemImpl (MetricsSystemImpl.java:register(276)) - Sink prometheus already exists!
2019-10-10 13:31:59,471 [main] INFO  server.BaseHttpServer (BaseHttpServer.java:updateConnectorAddress(215)) - HTTP server of HDDSDATANODE is listening at http://0.0.0.0:45861
2019-10-10 13:31:59,471 [main] INFO  impl.MetricsSystemImpl (MetricsSystemImpl.java:init(158)) - HddsDatanode metrics system started (again)
2019-10-10 13:31:59,475 [org.apache.hadoop.util.JvmPauseMonitor$Monitor@4808cee1] INFO  util.JvmPauseMonitor (JvmPauseMonitor.java:run(188)) - Starting JVM pause monitor
2019-10-10 13:31:59,475 [main] INFO  ozone.HddsDatanodeService (HddsDatanodeService.java:start(184)) - HddsDatanodeService host:pr-hdds-2280-tn9v7-3755420433 ip:192.168.164.230
2019-10-10 13:31:59,477 [Datanode State Machine Thread - 0] INFO  datanode.InitDatanodeState (InitDatanodeState.java:persistContainerDatanodeDetails(140)) - DatanodeDetails is persisted to /workdir/hadoop-ozone/integration-test/target/test-dir/MiniOzoneClusterImpl-c188a606-c3de-4bac-92d1-570b5b7100db/datanode-0/meta/datanode.id
2019-10-10 13:31:59,482 [main] INFO  volume.HddsVolume (HddsVolume.java:<init>(176)) - Creating Volume: /workdir/hadoop-ozone/integration-test/target/test-dir/MiniOzoneClusterImpl-c188a606-c3de-4bac-92d1-570b5b7100db/datanode-1/data/containers/hdds of  storage type : DISK and capacity : 1482555576320
2019-10-10 13:31:59,482 [main] INFO  volume.VolumeSet (VolumeSet.java:initializeVolumeSet(170)) - Added Volume : /workdir/hadoop-ozone/integration-test/target/test-dir/MiniOzoneClusterImpl-c188a606-c3de-4bac-92d1-570b5b7100db/datanode-1/data/containers/hdds to VolumeSet
2019-10-10 13:31:59,482 [main] INFO  volume.ThrottledAsyncChecker (ThrottledAsyncChecker.java:schedule(141)) - Scheduling a check for org.apache.hadoop.ozone.container.common.volume.HddsVolume@4f114b
2019-10-10 13:31:59,483 [main] INFO  volume.HddsVolumeChecker (HddsVolumeChecker.java:checkAllVolumes(204)) - Scheduled health check for volume org.apache.hadoop.ozone.container.common.volume.HddsVolume@4f114b
2019-10-10 13:31:59,495 [main] INFO  impl.RaftServerProxy (ConfUtils.java:logGet(43)) - raft.rpc.type = GRPC (default)
2019-10-10 13:31:59,496 [main] INFO  grpc.GrpcFactory (GrpcFactory.java:checkPooledByteBufAllocatorUseCacheForAllThreads(45)) - PERFORMANCE WARNING: useCacheForAllThreads is true that may cause Netty to create a lot garbage objects and, as a result, trigger GC.
	It is recommended to disable useCacheForAllThreads by setting -Dorg.apache.ratis.thirdparty.io.netty.allocator.useCacheForAllThreads=false in command line.
2019-10-10 13:31:59,496 [main] INFO  grpc.GrpcConfigKeys$Server (ConfUtils.java:logGet(43)) - raft.grpc.server.port = 0 (default)
2019-10-10 13:31:59,496 [main] INFO  server.GrpcService (ConfUtils.java:logGet(43)) - raft.grpc.message.size.max = 33570816 (custom)
2019-10-10 13:31:59,496 [main] INFO  server.RaftServerConfigKeys (ConfUtils.java:logGet(43)) - raft.server.log.appender.buffer.byte-limit = 33554432 (custom)
2019-10-10 13:31:59,496 [main] INFO  server.GrpcService (ConfUtils.java:logGet(43)) - raft.grpc.flow.control.window = 1MB (=1048576) (default)
2019-10-10 13:31:59,496 [main] INFO  server.RaftServerConfigKeys (ConfUtils.java:logGet(43)) - raft.server.rpc.request.timeout = 3000ms (default)
2019-10-10 13:31:59,497 [main] INFO  server.RaftServerConfigKeys (ConfUtils.java:logGet(43)) - raft.server.storage.dir = [/workdir/hadoop-ozone/integration-test/target/test-dir/MiniOzoneClusterImpl-c188a606-c3de-4bac-92d1-570b5b7100db/datanode-1/data/ratis] (custom)
2019-10-10 13:31:59,498 [main] INFO  hdfs.DFSUtil (DFSUtil.java:httpServerTemplateForNNAndJN(1641)) - Starting Web-server for hddsDatanode at: http://0.0.0.0:0
2019-10-10 13:31:59,499 [main] INFO  server.AuthenticationFilter (AuthenticationFilter.java:constructSecretProvider(240)) - Unable to initialize FileSignerSecretProvider, falling back to use random secrets.
2019-10-10 13:31:59,499 [main] WARN  http.HttpRequestLog (HttpRequestLog.java:getRequestLog(97)) - Jetty request log can only be enabled using Log4j
2019-10-10 13:31:59,500 [main] INFO  http.HttpServer2 (HttpServer2.java:addGlobalFilter(975)) - Added global filter 'safety' (class=org.apache.hadoop.http.HttpServer2$QuotingInputFilter)
2019-10-10 13:31:59,500 [main] INFO  http.HttpServer2 (HttpServer2.java:addFilter(948)) - Added filter static_user_filter (class=org.apache.hadoop.http.lib.StaticUserWebFilter$StaticUserFilter) to context hddsDatanode
2019-10-10 13:31:59,501 [main] INFO  http.HttpServer2 (HttpServer2.java:addFilter(958)) - Added filter static_user_filter (class=org.apache.hadoop.http.lib.StaticUserWebFilter$StaticUserFilter) to context static
2019-10-10 13:31:59,501 [main] INFO  http.HttpServer2 (HttpServer2.java:addFilter(958)) - Added filter static_user_filter (class=org.apache.hadoop.http.lib.StaticUserWebFilter$StaticUserFilter) to context logs
2019-10-10 13:31:59,501 [main] INFO  http.HttpServer2 (HttpServer2.java:bindListener(1191)) - Jetty bound to port 41444
2019-10-10 13:31:59,501 [main] INFO  server.Server (Server.java:doStart(351)) - jetty-9.3.25.v20180904, build timestamp: 2018-09-04T21:11:46Z, git hash: 3ce520221d0240229c862b122d2b06c12a625732
2019-10-10 13:31:59,503 [main] INFO  handler.ContextHandler (ContextHandler.java:doStart(781)) - Started o.e.j.s.ServletContextHandler@3e5beab5{/logs,file:///workdir/hadoop-ozone/integration-test/target/log,AVAILABLE}
2019-10-10 13:31:59,503 [main] INFO  handler.ContextHandler (ContextHandler.java:doStart(781)) - Started o.e.j.s.ServletContextHandler@33ec2c0c{/static,jar:file:/home/user/.m2/repository/org/apache/hadoop/hadoop-hdds-container-service/0.5.0-SNAPSHOT/hadoop-hdds-container-service-0.5.0-SNAPSHOT.jar!/webapps/static,AVAILABLE}
2019-10-10 13:31:59,528 [main] INFO  handler.ContextHandler (ContextHandler.java:doStart(781)) - Started o.e.j.w.WebAppContext@51ac12ac{/,file:///tmp/jetty-0.0.0.0-41444-hddsDatanode-_-any-109626201797100925.dir/webapp/,AVAILABLE}{/hddsDatanode}
2019-10-10 13:31:59,528 [main] INFO  server.AbstractConnector (AbstractConnector.java:doStart(278)) - Started ServerConnector@463afa6e{HTTP/1.1,[http/1.1]}{0.0.0.0:41444}
2019-10-10 13:31:59,530 [main] INFO  server.Server (Server.java:doStart(419)) - Started @215286ms
2019-10-10 13:31:59,530 [main] WARN  impl.MetricsSystemImpl (MetricsSystemImpl.java:register(276)) - Sink prometheus already exists!
2019-10-10 13:31:59,531 [main] INFO  server.BaseHttpServer (BaseHttpServer.java:updateConnectorAddress(215)) - HTTP server of HDDSDATANODE is listening at http://0.0.0.0:41444
2019-10-10 13:31:59,532 [main] INFO  impl.MetricsSystemImpl (MetricsSystemImpl.java:init(158)) - HddsDatanode metrics system started (again)
2019-10-10 13:31:59,537 [org.apache.hadoop.util.JvmPauseMonitor$Monitor@42ba57f4] INFO  util.JvmPauseMonitor (JvmPauseMonitor.java:run(188)) - Starting JVM pause monitor
2019-10-10 13:31:59,538 [main] INFO  ozone.HddsDatanodeService (HddsDatanodeService.java:start(184)) - HddsDatanodeService host:pr-hdds-2280-tn9v7-3755420433 ip:192.168.164.230
2019-10-10 13:31:59,539 [Datanode State Machine Thread - 0] INFO  datanode.InitDatanodeState (InitDatanodeState.java:persistContainerDatanodeDetails(140)) - DatanodeDetails is persisted to /workdir/hadoop-ozone/integration-test/target/test-dir/MiniOzoneClusterImpl-c188a606-c3de-4bac-92d1-570b5b7100db/datanode-1/meta/datanode.id
2019-10-10 13:31:59,545 [main] INFO  volume.HddsVolume (HddsVolume.java:<init>(176)) - Creating Volume: /workdir/hadoop-ozone/integration-test/target/test-dir/MiniOzoneClusterImpl-c188a606-c3de-4bac-92d1-570b5b7100db/datanode-2/data/containers/hdds of  storage type : DISK and capacity : 1482555576320
2019-10-10 13:31:59,546 [main] INFO  volume.VolumeSet (VolumeSet.java:initializeVolumeSet(170)) - Added Volume : /workdir/hadoop-ozone/integration-test/target/test-dir/MiniOzoneClusterImpl-c188a606-c3de-4bac-92d1-570b5b7100db/datanode-2/data/containers/hdds to VolumeSet
2019-10-10 13:31:59,546 [main] INFO  volume.ThrottledAsyncChecker (ThrottledAsyncChecker.java:schedule(141)) - Scheduling a check for org.apache.hadoop.ozone.container.common.volume.HddsVolume@256bb5be
2019-10-10 13:31:59,546 [main] INFO  volume.HddsVolumeChecker (HddsVolumeChecker.java:checkAllVolumes(204)) - Scheduled health check for volume org.apache.hadoop.ozone.container.common.volume.HddsVolume@256bb5be
2019-10-10 13:31:59,566 [main] INFO  impl.RaftServerProxy (ConfUtils.java:logGet(43)) - raft.rpc.type = GRPC (default)
2019-10-10 13:31:59,566 [main] INFO  grpc.GrpcFactory (GrpcFactory.java:checkPooledByteBufAllocatorUseCacheForAllThreads(45)) - PERFORMANCE WARNING: useCacheForAllThreads is true that may cause Netty to create a lot garbage objects and, as a result, trigger GC.
	It is recommended to disable useCacheForAllThreads by setting -Dorg.apache.ratis.thirdparty.io.netty.allocator.useCacheForAllThreads=false in command line.
2019-10-10 13:31:59,566 [main] INFO  grpc.GrpcConfigKeys$Server (ConfUtils.java:logGet(43)) - raft.grpc.server.port = 0 (default)
2019-10-10 13:31:59,567 [main] INFO  server.GrpcService (ConfUtils.java:logGet(43)) - raft.grpc.message.size.max = 33570816 (custom)
2019-10-10 13:31:59,567 [main] INFO  server.RaftServerConfigKeys (ConfUtils.java:logGet(43)) - raft.server.log.appender.buffer.byte-limit = 33554432 (custom)
2019-10-10 13:31:59,567 [main] INFO  server.GrpcService (ConfUtils.java:logGet(43)) - raft.grpc.flow.control.window = 1MB (=1048576) (default)
2019-10-10 13:31:59,567 [main] INFO  server.RaftServerConfigKeys (ConfUtils.java:logGet(43)) - raft.server.rpc.request.timeout = 3000ms (default)
2019-10-10 13:31:59,568 [main] INFO  server.RaftServerConfigKeys (ConfUtils.java:logGet(43)) - raft.server.storage.dir = [/workdir/hadoop-ozone/integration-test/target/test-dir/MiniOzoneClusterImpl-c188a606-c3de-4bac-92d1-570b5b7100db/datanode-2/data/ratis] (custom)
2019-10-10 13:31:59,569 [main] INFO  hdfs.DFSUtil (DFSUtil.java:httpServerTemplateForNNAndJN(1641)) - Starting Web-server for hddsDatanode at: http://0.0.0.0:0
2019-10-10 13:31:59,571 [main] INFO  server.AuthenticationFilter (AuthenticationFilter.java:constructSecretProvider(240)) - Unable to initialize FileSignerSecretProvider, falling back to use random secrets.
2019-10-10 13:31:59,572 [main] WARN  http.HttpRequestLog (HttpRequestLog.java:getRequestLog(97)) - Jetty request log can only be enabled using Log4j
2019-10-10 13:31:59,574 [main] INFO  http.HttpServer2 (HttpServer2.java:addGlobalFilter(975)) - Added global filter 'safety' (class=org.apache.hadoop.http.HttpServer2$QuotingInputFilter)
2019-10-10 13:31:59,574 [main] INFO  http.HttpServer2 (HttpServer2.java:addFilter(948)) - Added filter static_user_filter (class=org.apache.hadoop.http.lib.StaticUserWebFilter$StaticUserFilter) to context hddsDatanode
2019-10-10 13:31:59,574 [main] INFO  http.HttpServer2 (HttpServer2.java:addFilter(958)) - Added filter static_user_filter (class=org.apache.hadoop.http.lib.StaticUserWebFilter$StaticUserFilter) to context logs
2019-10-10 13:31:59,575 [main] INFO  http.HttpServer2 (HttpServer2.java:addFilter(958)) - Added filter static_user_filter (class=org.apache.hadoop.http.lib.StaticUserWebFilter$StaticUserFilter) to context static
2019-10-10 13:31:59,575 [main] INFO  http.HttpServer2 (HttpServer2.java:bindListener(1191)) - Jetty bound to port 33012
2019-10-10 13:31:59,576 [main] INFO  server.Server (Server.java:doStart(351)) - jetty-9.3.25.v20180904, build timestamp: 2018-09-04T21:11:46Z, git hash: 3ce520221d0240229c862b122d2b06c12a625732
2019-10-10 13:31:59,577 [main] INFO  handler.ContextHandler (ContextHandler.java:doStart(781)) - Started o.e.j.s.ServletContextHandler@11f23038{/logs,file:///workdir/hadoop-ozone/integration-test/target/log,AVAILABLE}
2019-10-10 13:31:59,578 [main] INFO  handler.ContextHandler (ContextHandler.java:doStart(781)) - Started o.e.j.s.ServletContextHandler@691567ea{/static,jar:file:/home/user/.m2/repository/org/apache/hadoop/hadoop-hdds-container-service/0.5.0-SNAPSHOT/hadoop-hdds-container-service-0.5.0-SNAPSHOT.jar!/webapps/static,AVAILABLE}
2019-10-10 13:31:59,615 [main] INFO  handler.ContextHandler (ContextHandler.java:doStart(781)) - Started o.e.j.w.WebAppContext@27a9f025{/,file:///tmp/jetty-0.0.0.0-33012-hddsDatanode-_-any-5327110958737239377.dir/webapp/,AVAILABLE}{/hddsDatanode}
2019-10-10 13:31:59,616 [main] INFO  server.AbstractConnector (AbstractConnector.java:doStart(278)) - Started ServerConnector@71936a92{HTTP/1.1,[http/1.1]}{0.0.0.0:33012}
2019-10-10 13:31:59,618 [main] INFO  server.Server (Server.java:doStart(419)) - Started @215374ms
2019-10-10 13:31:59,618 [main] WARN  impl.MetricsSystemImpl (MetricsSystemImpl.java:register(276)) - Sink prometheus already exists!
2019-10-10 13:31:59,618 [main] INFO  server.BaseHttpServer (BaseHttpServer.java:updateConnectorAddress(215)) - HTTP server of HDDSDATANODE is listening at http://0.0.0.0:33012
2019-10-10 13:31:59,619 [main] INFO  impl.MetricsSystemImpl (MetricsSystemImpl.java:init(158)) - HddsDatanode metrics system started (again)
2019-10-10 13:31:59,624 [org.apache.hadoop.util.JvmPauseMonitor$Monitor@13937578] INFO  util.JvmPauseMonitor (JvmPauseMonitor.java:run(188)) - Starting JVM pause monitor
2019-10-10 13:31:59,624 [main] INFO  ozone.HddsDatanodeService (HddsDatanodeService.java:start(184)) - HddsDatanodeService host:pr-hdds-2280-tn9v7-3755420433 ip:192.168.164.230
2019-10-10 13:31:59,625 [Datanode State Machine Thread - 0] INFO  datanode.InitDatanodeState (InitDatanodeState.java:persistContainerDatanodeDetails(140)) - DatanodeDetails is persisted to /workdir/hadoop-ozone/integration-test/target/test-dir/MiniOzoneClusterImpl-c188a606-c3de-4bac-92d1-570b5b7100db/datanode-2/meta/datanode.id
2019-10-10 13:31:59,631 [main] INFO  volume.HddsVolume (HddsVolume.java:<init>(176)) - Creating Volume: /workdir/hadoop-ozone/integration-test/target/test-dir/MiniOzoneClusterImpl-c188a606-c3de-4bac-92d1-570b5b7100db/datanode-3/data/containers/hdds of  storage type : DISK and capacity : 1482555576320
2019-10-10 13:31:59,631 [main] INFO  volume.VolumeSet (VolumeSet.java:initializeVolumeSet(170)) - Added Volume : /workdir/hadoop-ozone/integration-test/target/test-dir/MiniOzoneClusterImpl-c188a606-c3de-4bac-92d1-570b5b7100db/datanode-3/data/containers/hdds to VolumeSet
2019-10-10 13:31:59,632 [main] INFO  volume.ThrottledAsyncChecker (ThrottledAsyncChecker.java:schedule(141)) - Scheduling a check for org.apache.hadoop.ozone.container.common.volume.HddsVolume@6cbb7a7d
2019-10-10 13:31:59,632 [main] INFO  volume.HddsVolumeChecker (HddsVolumeChecker.java:checkAllVolumes(204)) - Scheduled health check for volume org.apache.hadoop.ozone.container.common.volume.HddsVolume@6cbb7a7d
2019-10-10 13:31:59,646 [main] INFO  impl.RaftServerProxy (ConfUtils.java:logGet(43)) - raft.rpc.type = GRPC (default)
2019-10-10 13:31:59,646 [main] INFO  grpc.GrpcFactory (GrpcFactory.java:checkPooledByteBufAllocatorUseCacheForAllThreads(45)) - PERFORMANCE WARNING: useCacheForAllThreads is true that may cause Netty to create a lot garbage objects and, as a result, trigger GC.
	It is recommended to disable useCacheForAllThreads by setting -Dorg.apache.ratis.thirdparty.io.netty.allocator.useCacheForAllThreads=false in command line.
2019-10-10 13:31:59,646 [main] INFO  grpc.GrpcConfigKeys$Server (ConfUtils.java:logGet(43)) - raft.grpc.server.port = 0 (default)
2019-10-10 13:31:59,647 [main] INFO  server.GrpcService (ConfUtils.java:logGet(43)) - raft.grpc.message.size.max = 33570816 (custom)
2019-10-10 13:31:59,647 [main] INFO  server.RaftServerConfigKeys (ConfUtils.java:logGet(43)) - raft.server.log.appender.buffer.byte-limit = 33554432 (custom)
2019-10-10 13:31:59,647 [main] INFO  server.GrpcService (ConfUtils.java:logGet(43)) - raft.grpc.flow.control.window = 1MB (=1048576) (default)
2019-10-10 13:31:59,647 [main] INFO  server.RaftServerConfigKeys (ConfUtils.java:logGet(43)) - raft.server.rpc.request.timeout = 3000ms (default)
2019-10-10 13:31:59,648 [main] INFO  server.RaftServerConfigKeys (ConfUtils.java:logGet(43)) - raft.server.storage.dir = [/workdir/hadoop-ozone/integration-test/target/test-dir/MiniOzoneClusterImpl-c188a606-c3de-4bac-92d1-570b5b7100db/datanode-3/data/ratis] (custom)
2019-10-10 13:31:59,648 [main] INFO  hdfs.DFSUtil (DFSUtil.java:httpServerTemplateForNNAndJN(1641)) - Starting Web-server for hddsDatanode at: http://0.0.0.0:0
2019-10-10 13:31:59,649 [main] INFO  server.AuthenticationFilter (AuthenticationFilter.java:constructSecretProvider(240)) - Unable to initialize FileSignerSecretProvider, falling back to use random secrets.
2019-10-10 13:31:59,650 [main] WARN  http.HttpRequestLog (HttpRequestLog.java:getRequestLog(97)) - Jetty request log can only be enabled using Log4j
2019-10-10 13:31:59,651 [main] INFO  http.HttpServer2 (HttpServer2.java:addGlobalFilter(975)) - Added global filter 'safety' (class=org.apache.hadoop.http.HttpServer2$QuotingInputFilter)
2019-10-10 13:31:59,651 [main] INFO  http.HttpServer2 (HttpServer2.java:addFilter(948)) - Added filter static_user_filter (class=org.apache.hadoop.http.lib.StaticUserWebFilter$StaticUserFilter) to context hddsDatanode
2019-10-10 13:31:59,652 [main] INFO  http.HttpServer2 (HttpServer2.java:addFilter(958)) - Added filter static_user_filter (class=org.apache.hadoop.http.lib.StaticUserWebFilter$StaticUserFilter) to context static
2019-10-10 13:31:59,652 [main] INFO  http.HttpServer2 (HttpServer2.java:addFilter(958)) - Added filter static_user_filter (class=org.apache.hadoop.http.lib.StaticUserWebFilter$StaticUserFilter) to context logs
2019-10-10 13:31:59,652 [main] INFO  http.HttpServer2 (HttpServer2.java:bindListener(1191)) - Jetty bound to port 33761
2019-10-10 13:31:59,653 [main] INFO  server.Server (Server.java:doStart(351)) - jetty-9.3.25.v20180904, build timestamp: 2018-09-04T21:11:46Z, git hash: 3ce520221d0240229c862b122d2b06c12a625732
2019-10-10 13:31:59,654 [main] INFO  handler.ContextHandler (ContextHandler.java:doStart(781)) - Started o.e.j.s.ServletContextHandler@37c7766e{/logs,file:///workdir/hadoop-ozone/integration-test/target/log,AVAILABLE}
2019-10-10 13:31:59,655 [main] INFO  handler.ContextHandler (ContextHandler.java:doStart(781)) - Started o.e.j.s.ServletContextHandler@4b7ed03e{/static,jar:file:/home/user/.m2/repository/org/apache/hadoop/hadoop-hdds-container-service/0.5.0-SNAPSHOT/hadoop-hdds-container-service-0.5.0-SNAPSHOT.jar!/webapps/static,AVAILABLE}
2019-10-10 13:31:59,682 [main] INFO  handler.ContextHandler (ContextHandler.java:doStart(781)) - Started o.e.j.w.WebAppContext@2801827a{/,file:///tmp/jetty-0.0.0.0-33761-hddsDatanode-_-any-3462009319224052219.dir/webapp/,AVAILABLE}{/hddsDatanode}
2019-10-10 13:31:59,683 [main] INFO  server.AbstractConnector (AbstractConnector.java:doStart(278)) - Started ServerConnector@50bc3219{HTTP/1.1,[http/1.1]}{0.0.0.0:33761}
2019-10-10 13:31:59,684 [main] INFO  server.Server (Server.java:doStart(419)) - Started @215440ms
2019-10-10 13:31:59,684 [main] WARN  impl.MetricsSystemImpl (MetricsSystemImpl.java:register(276)) - Sink prometheus already exists!
2019-10-10 13:31:59,685 [main] INFO  server.BaseHttpServer (BaseHttpServer.java:updateConnectorAddress(215)) - HTTP server of HDDSDATANODE is listening at http://0.0.0.0:33761
2019-10-10 13:31:59,685 [main] INFO  impl.MetricsSystemImpl (MetricsSystemImpl.java:init(158)) - HddsDatanode metrics system started (again)
2019-10-10 13:31:59,689 [org.apache.hadoop.util.JvmPauseMonitor$Monitor@4d3c0cc2] INFO  util.JvmPauseMonitor (JvmPauseMonitor.java:run(188)) - Starting JVM pause monitor
2019-10-10 13:31:59,690 [main] INFO  ozone.HddsDatanodeService (HddsDatanodeService.java:start(184)) - HddsDatanodeService host:pr-hdds-2280-tn9v7-3755420433 ip:192.168.164.230
2019-10-10 13:31:59,691 [Datanode State Machine Thread - 0] INFO  datanode.InitDatanodeState (InitDatanodeState.java:persistContainerDatanodeDetails(140)) - DatanodeDetails is persisted to /workdir/hadoop-ozone/integration-test/target/test-dir/MiniOzoneClusterImpl-c188a606-c3de-4bac-92d1-570b5b7100db/datanode-3/meta/datanode.id
2019-10-10 13:31:59,696 [main] INFO  volume.HddsVolume (HddsVolume.java:<init>(176)) - Creating Volume: /workdir/hadoop-ozone/integration-test/target/test-dir/MiniOzoneClusterImpl-c188a606-c3de-4bac-92d1-570b5b7100db/datanode-4/data/containers/hdds of  storage type : DISK and capacity : 1482555576320
2019-10-10 13:31:59,697 [main] INFO  volume.VolumeSet (VolumeSet.java:initializeVolumeSet(170)) - Added Volume : /workdir/hadoop-ozone/integration-test/target/test-dir/MiniOzoneClusterImpl-c188a606-c3de-4bac-92d1-570b5b7100db/datanode-4/data/containers/hdds to VolumeSet
2019-10-10 13:31:59,697 [main] INFO  volume.ThrottledAsyncChecker (ThrottledAsyncChecker.java:schedule(141)) - Scheduling a check for org.apache.hadoop.ozone.container.common.volume.HddsVolume@2725ca05
2019-10-10 13:31:59,697 [main] INFO  volume.HddsVolumeChecker (HddsVolumeChecker.java:checkAllVolumes(204)) - Scheduled health check for volume org.apache.hadoop.ozone.container.common.volume.HddsVolume@2725ca05
2019-10-10 13:31:59,711 [main] INFO  impl.RaftServerProxy (ConfUtils.java:logGet(43)) - raft.rpc.type = GRPC (default)
2019-10-10 13:31:59,711 [main] INFO  grpc.GrpcFactory (GrpcFactory.java:checkPooledByteBufAllocatorUseCacheForAllThreads(45)) - PERFORMANCE WARNING: useCacheForAllThreads is true that may cause Netty to create a lot garbage objects and, as a result, trigger GC.
	It is recommended to disable useCacheForAllThreads by setting -Dorg.apache.ratis.thirdparty.io.netty.allocator.useCacheForAllThreads=false in command line.
2019-10-10 13:31:59,711 [main] INFO  grpc.GrpcConfigKeys$Server (ConfUtils.java:logGet(43)) - raft.grpc.server.port = 0 (default)
2019-10-10 13:31:59,711 [main] INFO  server.GrpcService (ConfUtils.java:logGet(43)) - raft.grpc.message.size.max = 33570816 (custom)
2019-10-10 13:31:59,712 [main] INFO  server.RaftServerConfigKeys (ConfUtils.java:logGet(43)) - raft.server.log.appender.buffer.byte-limit = 33554432 (custom)
2019-10-10 13:31:59,712 [main] INFO  server.GrpcService (ConfUtils.java:logGet(43)) - raft.grpc.flow.control.window = 1MB (=1048576) (default)
2019-10-10 13:31:59,712 [main] INFO  server.RaftServerConfigKeys (ConfUtils.java:logGet(43)) - raft.server.rpc.request.timeout = 3000ms (default)
2019-10-10 13:31:59,712 [main] INFO  server.RaftServerConfigKeys (ConfUtils.java:logGet(43)) - raft.server.storage.dir = [/workdir/hadoop-ozone/integration-test/target/test-dir/MiniOzoneClusterImpl-c188a606-c3de-4bac-92d1-570b5b7100db/datanode-4/data/ratis] (custom)
2019-10-10 13:31:59,713 [main] INFO  hdfs.DFSUtil (DFSUtil.java:httpServerTemplateForNNAndJN(1641)) - Starting Web-server for hddsDatanode at: http://0.0.0.0:0
2019-10-10 13:31:59,714 [main] INFO  server.AuthenticationFilter (AuthenticationFilter.java:constructSecretProvider(240)) - Unable to initialize FileSignerSecretProvider, falling back to use random secrets.
2019-10-10 13:31:59,714 [main] WARN  http.HttpRequestLog (HttpRequestLog.java:getRequestLog(97)) - Jetty request log can only be enabled using Log4j
2019-10-10 13:31:59,716 [main] INFO  http.HttpServer2 (HttpServer2.java:addGlobalFilter(975)) - Added global filter 'safety' (class=org.apache.hadoop.http.HttpServer2$QuotingInputFilter)
2019-10-10 13:31:59,716 [main] INFO  http.HttpServer2 (HttpServer2.java:addFilter(948)) - Added filter static_user_filter (class=org.apache.hadoop.http.lib.StaticUserWebFilter$StaticUserFilter) to context hddsDatanode
2019-10-10 13:31:59,716 [main] INFO  http.HttpServer2 (HttpServer2.java:addFilter(958)) - Added filter static_user_filter (class=org.apache.hadoop.http.lib.StaticUserWebFilter$StaticUserFilter) to context logs
2019-10-10 13:31:59,716 [main] INFO  http.HttpServer2 (HttpServer2.java:addFilter(958)) - Added filter static_user_filter (class=org.apache.hadoop.http.lib.StaticUserWebFilter$StaticUserFilter) to context static
2019-10-10 13:31:59,717 [main] INFO  http.HttpServer2 (HttpServer2.java:bindListener(1191)) - Jetty bound to port 43349
2019-10-10 13:31:59,717 [main] INFO  server.Server (Server.java:doStart(351)) - jetty-9.3.25.v20180904, build timestamp: 2018-09-04T21:11:46Z, git hash: 3ce520221d0240229c862b122d2b06c12a625732
2019-10-10 13:31:59,719 [main] INFO  handler.ContextHandler (ContextHandler.java:doStart(781)) - Started o.e.j.s.ServletContextHandler@231cdda8{/logs,file:///workdir/hadoop-ozone/integration-test/target/log,AVAILABLE}
2019-10-10 13:31:59,719 [main] INFO  handler.ContextHandler (ContextHandler.java:doStart(781)) - Started o.e.j.s.ServletContextHandler@3002e397{/static,jar:file:/home/user/.m2/repository/org/apache/hadoop/hadoop-hdds-container-service/0.5.0-SNAPSHOT/hadoop-hdds-container-service-0.5.0-SNAPSHOT.jar!/webapps/static,AVAILABLE}
2019-10-10 13:31:59,747 [main] INFO  handler.ContextHandler (ContextHandler.java:doStart(781)) - Started o.e.j.w.WebAppContext@586cc15d{/,file:///tmp/jetty-0.0.0.0-43349-hddsDatanode-_-any-840546619843366160.dir/webapp/,AVAILABLE}{/hddsDatanode}
2019-10-10 13:31:59,747 [main] INFO  server.AbstractConnector (AbstractConnector.java:doStart(278)) - Started ServerConnector@6c835217{HTTP/1.1,[http/1.1]}{0.0.0.0:43349}
2019-10-10 13:31:59,749 [main] INFO  server.Server (Server.java:doStart(419)) - Started @215505ms
2019-10-10 13:31:59,749 [main] WARN  impl.MetricsSystemImpl (MetricsSystemImpl.java:register(276)) - Sink prometheus already exists!
2019-10-10 13:31:59,750 [main] INFO  server.BaseHttpServer (BaseHttpServer.java:updateConnectorAddress(215)) - HTTP server of HDDSDATANODE is listening at http://0.0.0.0:43349
2019-10-10 13:31:59,750 [main] INFO  impl.MetricsSystemImpl (MetricsSystemImpl.java:init(158)) - HddsDatanode metrics system started (again)
2019-10-10 13:31:59,755 [org.apache.hadoop.util.JvmPauseMonitor$Monitor@203a8b34] INFO  util.JvmPauseMonitor (JvmPauseMonitor.java:run(188)) - Starting JVM pause monitor
2019-10-10 13:31:59,755 [main] INFO  ozone.HddsDatanodeService (HddsDatanodeService.java:start(184)) - HddsDatanodeService host:pr-hdds-2280-tn9v7-3755420433 ip:192.168.164.230
2019-10-10 13:31:59,756 [Datanode State Machine Thread - 0] INFO  datanode.InitDatanodeState (InitDatanodeState.java:persistContainerDatanodeDetails(140)) - DatanodeDetails is persisted to /workdir/hadoop-ozone/integration-test/target/test-dir/MiniOzoneClusterImpl-c188a606-c3de-4bac-92d1-570b5b7100db/datanode-4/meta/datanode.id
2019-10-10 13:31:59,763 [main] INFO  volume.HddsVolume (HddsVolume.java:<init>(176)) - Creating Volume: /workdir/hadoop-ozone/integration-test/target/test-dir/MiniOzoneClusterImpl-c188a606-c3de-4bac-92d1-570b5b7100db/datanode-5/data/containers/hdds of  storage type : DISK and capacity : 1482555576320
2019-10-10 13:31:59,763 [main] INFO  volume.VolumeSet (VolumeSet.java:initializeVolumeSet(170)) - Added Volume : /workdir/hadoop-ozone/integration-test/target/test-dir/MiniOzoneClusterImpl-c188a606-c3de-4bac-92d1-570b5b7100db/datanode-5/data/containers/hdds to VolumeSet
2019-10-10 13:31:59,763 [main] INFO  volume.ThrottledAsyncChecker (ThrottledAsyncChecker.java:schedule(141)) - Scheduling a check for org.apache.hadoop.ozone.container.common.volume.HddsVolume@28b8f98a
2019-10-10 13:31:59,763 [main] INFO  volume.HddsVolumeChecker (HddsVolumeChecker.java:checkAllVolumes(204)) - Scheduled health check for volume org.apache.hadoop.ozone.container.common.volume.HddsVolume@28b8f98a
2019-10-10 13:31:59,776 [main] INFO  impl.RaftServerProxy (ConfUtils.java:logGet(43)) - raft.rpc.type = GRPC (default)
2019-10-10 13:31:59,776 [main] INFO  grpc.GrpcFactory (GrpcFactory.java:checkPooledByteBufAllocatorUseCacheForAllThreads(45)) - PERFORMANCE WARNING: useCacheForAllThreads is true that may cause Netty to create a lot garbage objects and, as a result, trigger GC.
	It is recommended to disable useCacheForAllThreads by setting -Dorg.apache.ratis.thirdparty.io.netty.allocator.useCacheForAllThreads=false in command line.
2019-10-10 13:31:59,776 [main] INFO  grpc.GrpcConfigKeys$Server (ConfUtils.java:logGet(43)) - raft.grpc.server.port = 0 (default)
2019-10-10 13:31:59,776 [main] INFO  server.GrpcService (ConfUtils.java:logGet(43)) - raft.grpc.message.size.max = 33570816 (custom)
2019-10-10 13:31:59,776 [main] INFO  server.RaftServerConfigKeys (ConfUtils.java:logGet(43)) - raft.server.log.appender.buffer.byte-limit = 33554432 (custom)
2019-10-10 13:31:59,777 [main] INFO  server.GrpcService (ConfUtils.java:logGet(43)) - raft.grpc.flow.control.window = 1MB (=1048576) (default)
2019-10-10 13:31:59,777 [main] INFO  server.RaftServerConfigKeys (ConfUtils.java:logGet(43)) - raft.server.rpc.request.timeout = 3000ms (default)
2019-10-10 13:31:59,777 [main] INFO  server.RaftServerConfigKeys (ConfUtils.java:logGet(43)) - raft.server.storage.dir = [/workdir/hadoop-ozone/integration-test/target/test-dir/MiniOzoneClusterImpl-c188a606-c3de-4bac-92d1-570b5b7100db/datanode-5/data/ratis] (custom)
2019-10-10 13:31:59,778 [main] INFO  hdfs.DFSUtil (DFSUtil.java:httpServerTemplateForNNAndJN(1641)) - Starting Web-server for hddsDatanode at: http://0.0.0.0:0
2019-10-10 13:31:59,779 [main] INFO  server.AuthenticationFilter (AuthenticationFilter.java:constructSecretProvider(240)) - Unable to initialize FileSignerSecretProvider, falling back to use random secrets.
2019-10-10 13:31:59,780 [main] WARN  http.HttpRequestLog (HttpRequestLog.java:getRequestLog(97)) - Jetty request log can only be enabled using Log4j
2019-10-10 13:31:59,781 [main] INFO  http.HttpServer2 (HttpServer2.java:addGlobalFilter(975)) - Added global filter 'safety' (class=org.apache.hadoop.http.HttpServer2$QuotingInputFilter)
2019-10-10 13:31:59,781 [main] INFO  http.HttpServer2 (HttpServer2.java:addFilter(948)) - Added filter static_user_filter (class=org.apache.hadoop.http.lib.StaticUserWebFilter$StaticUserFilter) to context hddsDatanode
2019-10-10 13:31:59,781 [main] INFO  http.HttpServer2 (HttpServer2.java:addFilter(958)) - Added filter static_user_filter (class=org.apache.hadoop.http.lib.StaticUserWebFilter$StaticUserFilter) to context static
2019-10-10 13:31:59,781 [main] INFO  http.HttpServer2 (HttpServer2.java:addFilter(958)) - Added filter static_user_filter (class=org.apache.hadoop.http.lib.StaticUserWebFilter$StaticUserFilter) to context logs
2019-10-10 13:31:59,782 [main] INFO  http.HttpServer2 (HttpServer2.java:bindListener(1191)) - Jetty bound to port 45994
2019-10-10 13:31:59,782 [main] INFO  server.Server (Server.java:doStart(351)) - jetty-9.3.25.v20180904, build timestamp: 2018-09-04T21:11:46Z, git hash: 3ce520221d0240229c862b122d2b06c12a625732
2019-10-10 13:31:59,784 [main] INFO  handler.ContextHandler (ContextHandler.java:doStart(781)) - Started o.e.j.s.ServletContextHandler@29bbc391{/logs,file:///workdir/hadoop-ozone/integration-test/target/log,AVAILABLE}
2019-10-10 13:31:59,784 [main] INFO  handler.ContextHandler (ContextHandler.java:doStart(781)) - Started o.e.j.s.ServletContextHandler@530ee28b{/static,jar:file:/home/user/.m2/repository/org/apache/hadoop/hadoop-hdds-container-service/0.5.0-SNAPSHOT/hadoop-hdds-container-service-0.5.0-SNAPSHOT.jar!/webapps/static,AVAILABLE}
2019-10-10 13:31:59,812 [main] INFO  handler.ContextHandler (ContextHandler.java:doStart(781)) - Started o.e.j.w.WebAppContext@686cf8ad{/,file:///tmp/jetty-0.0.0.0-45994-hddsDatanode-_-any-7287469126078813897.dir/webapp/,AVAILABLE}{/hddsDatanode}
2019-10-10 13:31:59,812 [main] INFO  server.AbstractConnector (AbstractConnector.java:doStart(278)) - Started ServerConnector@747f6c5a{HTTP/1.1,[http/1.1]}{0.0.0.0:45994}
2019-10-10 13:31:59,813 [main] INFO  server.Server (Server.java:doStart(419)) - Started @215569ms
2019-10-10 13:31:59,813 [main] WARN  impl.MetricsSystemImpl (MetricsSystemImpl.java:register(276)) - Sink prometheus already exists!
2019-10-10 13:31:59,816 [main] INFO  server.BaseHttpServer (BaseHttpServer.java:updateConnectorAddress(215)) - HTTP server of HDDSDATANODE is listening at http://0.0.0.0:45994
2019-10-10 13:31:59,816 [main] INFO  impl.MetricsSystemImpl (MetricsSystemImpl.java:init(158)) - HddsDatanode metrics system started (again)
2019-10-10 13:31:59,821 [org.apache.hadoop.util.JvmPauseMonitor$Monitor@58119e70] INFO  util.JvmPauseMonitor (JvmPauseMonitor.java:run(188)) - Starting JVM pause monitor
2019-10-10 13:31:59,822 [main] INFO  ozone.HddsDatanodeService (HddsDatanodeService.java:start(184)) - HddsDatanodeService host:pr-hdds-2280-tn9v7-3755420433 ip:192.168.164.230
2019-10-10 13:31:59,823 [Datanode State Machine Thread - 0] INFO  datanode.InitDatanodeState (InitDatanodeState.java:persistContainerDatanodeDetails(140)) - DatanodeDetails is persisted to /workdir/hadoop-ozone/integration-test/target/test-dir/MiniOzoneClusterImpl-c188a606-c3de-4bac-92d1-570b5b7100db/datanode-5/meta/datanode.id
2019-10-10 13:31:59,828 [main] INFO  volume.HddsVolume (HddsVolume.java:<init>(176)) - Creating Volume: /workdir/hadoop-ozone/integration-test/target/test-dir/MiniOzoneClusterImpl-c188a606-c3de-4bac-92d1-570b5b7100db/datanode-6/data/containers/hdds of  storage type : DISK and capacity : 1482555576320
2019-10-10 13:31:59,829 [main] INFO  volume.VolumeSet (VolumeSet.java:initializeVolumeSet(170)) - Added Volume : /workdir/hadoop-ozone/integration-test/target/test-dir/MiniOzoneClusterImpl-c188a606-c3de-4bac-92d1-570b5b7100db/datanode-6/data/containers/hdds to VolumeSet
2019-10-10 13:31:59,829 [main] INFO  volume.ThrottledAsyncChecker (ThrottledAsyncChecker.java:schedule(141)) - Scheduling a check for org.apache.hadoop.ozone.container.common.volume.HddsVolume@7a606260
2019-10-10 13:31:59,829 [main] INFO  volume.HddsVolumeChecker (HddsVolumeChecker.java:checkAllVolumes(204)) - Scheduled health check for volume org.apache.hadoop.ozone.container.common.volume.HddsVolume@7a606260
2019-10-10 13:31:59,845 [main] INFO  impl.RaftServerProxy (ConfUtils.java:logGet(43)) - raft.rpc.type = GRPC (default)
2019-10-10 13:31:59,846 [main] INFO  grpc.GrpcFactory (GrpcFactory.java:checkPooledByteBufAllocatorUseCacheForAllThreads(45)) - PERFORMANCE WARNING: useCacheForAllThreads is true that may cause Netty to create a lot garbage objects and, as a result, trigger GC.
	It is recommended to disable useCacheForAllThreads by setting -Dorg.apache.ratis.thirdparty.io.netty.allocator.useCacheForAllThreads=false in command line.
2019-10-10 13:31:59,846 [main] INFO  grpc.GrpcConfigKeys$Server (ConfUtils.java:logGet(43)) - raft.grpc.server.port = 0 (default)
2019-10-10 13:31:59,846 [main] INFO  server.GrpcService (ConfUtils.java:logGet(43)) - raft.grpc.message.size.max = 33570816 (custom)
2019-10-10 13:31:59,846 [main] INFO  server.RaftServerConfigKeys (ConfUtils.java:logGet(43)) - raft.server.log.appender.buffer.byte-limit = 33554432 (custom)
2019-10-10 13:31:59,846 [main] INFO  server.GrpcService (ConfUtils.java:logGet(43)) - raft.grpc.flow.control.window = 1MB (=1048576) (default)
2019-10-10 13:31:59,847 [main] INFO  server.RaftServerConfigKeys (ConfUtils.java:logGet(43)) - raft.server.rpc.request.timeout = 3000ms (default)
2019-10-10 13:31:59,847 [main] INFO  server.RaftServerConfigKeys (ConfUtils.java:logGet(43)) - raft.server.storage.dir = [/workdir/hadoop-ozone/integration-test/target/test-dir/MiniOzoneClusterImpl-c188a606-c3de-4bac-92d1-570b5b7100db/datanode-6/data/ratis] (custom)
2019-10-10 13:31:59,848 [main] INFO  hdfs.DFSUtil (DFSUtil.java:httpServerTemplateForNNAndJN(1641)) - Starting Web-server for hddsDatanode at: http://0.0.0.0:0
2019-10-10 13:31:59,849 [main] INFO  server.AuthenticationFilter (AuthenticationFilter.java:constructSecretProvider(240)) - Unable to initialize FileSignerSecretProvider, falling back to use random secrets.
2019-10-10 13:31:59,850 [main] WARN  http.HttpRequestLog (HttpRequestLog.java:getRequestLog(97)) - Jetty request log can only be enabled using Log4j
2019-10-10 13:31:59,851 [main] INFO  http.HttpServer2 (HttpServer2.java:addGlobalFilter(975)) - Added global filter 'safety' (class=org.apache.hadoop.http.HttpServer2$QuotingInputFilter)
2019-10-10 13:31:59,852 [main] INFO  http.HttpServer2 (HttpServer2.java:addFilter(948)) - Added filter static_user_filter (class=org.apache.hadoop.http.lib.StaticUserWebFilter$StaticUserFilter) to context hddsDatanode
2019-10-10 13:31:59,852 [main] INFO  http.HttpServer2 (HttpServer2.java:addFilter(958)) - Added filter static_user_filter (class=org.apache.hadoop.http.lib.StaticUserWebFilter$StaticUserFilter) to context static
2019-10-10 13:31:59,852 [main] INFO  http.HttpServer2 (HttpServer2.java:addFilter(958)) - Added filter static_user_filter (class=org.apache.hadoop.http.lib.StaticUserWebFilter$StaticUserFilter) to context logs
2019-10-10 13:31:59,853 [main] INFO  http.HttpServer2 (HttpServer2.java:bindListener(1191)) - Jetty bound to port 35764
2019-10-10 13:31:59,853 [main] INFO  server.Server (Server.java:doStart(351)) - jetty-9.3.25.v20180904, build timestamp: 2018-09-04T21:11:46Z, git hash: 3ce520221d0240229c862b122d2b06c12a625732
2019-10-10 13:31:59,854 [main] INFO  handler.ContextHandler (ContextHandler.java:doStart(781)) - Started o.e.j.s.ServletContextHandler@539c4830{/logs,file:///workdir/hadoop-ozone/integration-test/target/log,AVAILABLE}
2019-10-10 13:31:59,855 [main] INFO  handler.ContextHandler (ContextHandler.java:doStart(781)) - Started o.e.j.s.ServletContextHandler@28b523a{/static,jar:file:/home/user/.m2/repository/org/apache/hadoop/hadoop-hdds-container-service/0.5.0-SNAPSHOT/hadoop-hdds-container-service-0.5.0-SNAPSHOT.jar!/webapps/static,AVAILABLE}
2019-10-10 13:31:59,891 [main] INFO  handler.ContextHandler (ContextHandler.java:doStart(781)) - Started o.e.j.w.WebAppContext@2cccf134{/,file:///tmp/jetty-0.0.0.0-35764-hddsDatanode-_-any-2186833603161324561.dir/webapp/,AVAILABLE}{/hddsDatanode}
2019-10-10 13:31:59,891 [main] INFO  server.AbstractConnector (AbstractConnector.java:doStart(278)) - Started ServerConnector@3c18942{HTTP/1.1,[http/1.1]}{0.0.0.0:35764}
2019-10-10 13:31:59,894 [main] INFO  server.Server (Server.java:doStart(419)) - Started @215650ms
2019-10-10 13:31:59,894 [main] WARN  impl.MetricsSystemImpl (MetricsSystemImpl.java:register(276)) - Sink prometheus already exists!
2019-10-10 13:31:59,895 [main] INFO  server.BaseHttpServer (BaseHttpServer.java:updateConnectorAddress(215)) - HTTP server of HDDSDATANODE is listening at http://0.0.0.0:35764
2019-10-10 13:31:59,897 [main] INFO  ozone.MiniOzoneClusterImpl (MiniOzoneClusterImpl.java:lambda$waitForClusterToBeReady$0(147)) - Waiting for cluster to be ready. Got 0 of 7 DN Heartbeats.
2019-10-10 13:31:59,898 [org.apache.hadoop.util.JvmPauseMonitor$Monitor@7f59dfd9] INFO  util.JvmPauseMonitor (JvmPauseMonitor.java:run(188)) - Starting JVM pause monitor
2019-10-10 13:31:59,899 [Datanode State Machine Thread - 0] INFO  datanode.InitDatanodeState (InitDatanodeState.java:persistContainerDatanodeDetails(140)) - DatanodeDetails is persisted to /workdir/hadoop-ozone/integration-test/target/test-dir/MiniOzoneClusterImpl-c188a606-c3de-4bac-92d1-570b5b7100db/datanode-6/meta/datanode.id
2019-10-10 13:32:00,897 [main] INFO  ozone.MiniOzoneClusterImpl (MiniOzoneClusterImpl.java:lambda$waitForClusterToBeReady$0(147)) - Waiting for cluster to be ready. Got 0 of 7 DN Heartbeats.
2019-10-10 13:32:01,516 [Datanode State Machine Thread - 0] INFO  ozoneimpl.OzoneContainer (OzoneContainer.java:start(213)) - Attempting to start container services.
2019-10-10 13:32:01,517 [Datanode State Machine Thread - 0] INFO  ozoneimpl.OzoneContainer (OzoneContainer.java:startContainerScrub(177)) - Background container scanner has been disabled.
2019-10-10 13:32:01,517 [Datanode State Machine Thread - 0] INFO  ratis.XceiverServerRatis (XceiverServerRatis.java:start(418)) - Starting XceiverServerRatis 01247d78-405c-426d-b11b-2d4d014ef41a at port 0
2019-10-10 13:32:01,523 [Datanode State Machine Thread - 0] INFO  impl.RaftServerProxy (RaftServerProxy.java:lambda$start$3(299)) - 01247d78-405c-426d-b11b-2d4d014ef41a: start RPC server
2019-10-10 13:32:01,525 [Datanode State Machine Thread - 0] INFO  server.GrpcService (GrpcService.java:startImpl(158)) - 01247d78-405c-426d-b11b-2d4d014ef41a: GrpcService started, listening on 0.0.0.0/0.0.0.0:40741
2019-10-10 13:32:01,525 [Datanode State Machine Thread - 0] INFO  ratis.XceiverServerRatis (XceiverServerRatis.java:start(428)) - XceiverServerRatis 01247d78-405c-426d-b11b-2d4d014ef41a is started using port 40741
2019-10-10 13:32:01,525 [Datanode State Machine Thread - 0] INFO  server.XceiverServerGrpc (XceiverServerGrpc.java:start(149)) - XceiverServerGrpc 01247d78-405c-426d-b11b-2d4d014ef41a is started using port 34934
2019-10-10 13:32:01,551 [Datanode State Machine Thread - 0] INFO  ozoneimpl.OzoneContainer (OzoneContainer.java:start(213)) - Attempting to start container services.
2019-10-10 13:32:01,552 [Datanode State Machine Thread - 0] INFO  ozoneimpl.OzoneContainer (OzoneContainer.java:startContainerScrub(177)) - Background container scanner has been disabled.
2019-10-10 13:32:01,552 [Datanode State Machine Thread - 0] INFO  ratis.XceiverServerRatis (XceiverServerRatis.java:start(418)) - Starting XceiverServerRatis 3b32bea8-1ccf-4f4b-b3ee-8cb582149656 at port 0
2019-10-10 13:32:01,561 [Datanode State Machine Thread - 0] INFO  impl.RaftServerProxy (RaftServerProxy.java:lambda$start$3(299)) - 3b32bea8-1ccf-4f4b-b3ee-8cb582149656: start RPC server
2019-10-10 13:32:01,562 [Datanode State Machine Thread - 0] INFO  server.GrpcService (GrpcService.java:startImpl(158)) - 3b32bea8-1ccf-4f4b-b3ee-8cb582149656: GrpcService started, listening on 0.0.0.0/0.0.0.0:36925
2019-10-10 13:32:01,562 [Datanode State Machine Thread - 0] INFO  ratis.XceiverServerRatis (XceiverServerRatis.java:start(428)) - XceiverServerRatis 3b32bea8-1ccf-4f4b-b3ee-8cb582149656 is started using port 36925
2019-10-10 13:32:01,562 [Datanode State Machine Thread - 0] INFO  server.XceiverServerGrpc (XceiverServerGrpc.java:start(149)) - XceiverServerGrpc 3b32bea8-1ccf-4f4b-b3ee-8cb582149656 is started using port 33774
2019-10-10 13:32:01,637 [Datanode State Machine Thread - 0] INFO  ozoneimpl.OzoneContainer (OzoneContainer.java:start(213)) - Attempting to start container services.
2019-10-10 13:32:01,637 [Datanode State Machine Thread - 0] INFO  ozoneimpl.OzoneContainer (OzoneContainer.java:startContainerScrub(177)) - Background container scanner has been disabled.
2019-10-10 13:32:01,637 [Datanode State Machine Thread - 0] INFO  ratis.XceiverServerRatis (XceiverServerRatis.java:start(418)) - Starting XceiverServerRatis 48fcb2fe-0535-4a72-85bb-b0f801b676d2 at port 0
2019-10-10 13:32:01,646 [Datanode State Machine Thread - 0] INFO  impl.RaftServerProxy (RaftServerProxy.java:lambda$start$3(299)) - 48fcb2fe-0535-4a72-85bb-b0f801b676d2: start RPC server
2019-10-10 13:32:01,648 [Datanode State Machine Thread - 0] INFO  server.GrpcService (GrpcService.java:startImpl(158)) - 48fcb2fe-0535-4a72-85bb-b0f801b676d2: GrpcService started, listening on 0.0.0.0/0.0.0.0:41547
2019-10-10 13:32:01,648 [Datanode State Machine Thread - 0] INFO  ratis.XceiverServerRatis (XceiverServerRatis.java:start(428)) - XceiverServerRatis 48fcb2fe-0535-4a72-85bb-b0f801b676d2 is started using port 41547
2019-10-10 13:32:01,651 [Datanode State Machine Thread - 0] INFO  server.XceiverServerGrpc (XceiverServerGrpc.java:start(149)) - XceiverServerGrpc 48fcb2fe-0535-4a72-85bb-b0f801b676d2 is started using port 44231
2019-10-10 13:32:01,703 [Datanode State Machine Thread - 0] INFO  ozoneimpl.OzoneContainer (OzoneContainer.java:start(213)) - Attempting to start container services.
2019-10-10 13:32:01,703 [Datanode State Machine Thread - 0] INFO  ozoneimpl.OzoneContainer (OzoneContainer.java:startContainerScrub(177)) - Background container scanner has been disabled.
2019-10-10 13:32:01,703 [Datanode State Machine Thread - 0] INFO  ratis.XceiverServerRatis (XceiverServerRatis.java:start(418)) - Starting XceiverServerRatis b23aa8e4-3d65-46af-963e-a28b41db5fb0 at port 0
2019-10-10 13:32:01,710 [Datanode State Machine Thread - 0] INFO  impl.RaftServerProxy (RaftServerProxy.java:lambda$start$3(299)) - b23aa8e4-3d65-46af-963e-a28b41db5fb0: start RPC server
2019-10-10 13:32:01,713 [Datanode State Machine Thread - 0] INFO  server.GrpcService (GrpcService.java:startImpl(158)) - b23aa8e4-3d65-46af-963e-a28b41db5fb0: GrpcService started, listening on 0.0.0.0/0.0.0.0:46615
2019-10-10 13:32:01,713 [Datanode State Machine Thread - 0] INFO  ratis.XceiverServerRatis (XceiverServerRatis.java:start(428)) - XceiverServerRatis b23aa8e4-3d65-46af-963e-a28b41db5fb0 is started using port 46615
2019-10-10 13:32:01,713 [Datanode State Machine Thread - 0] INFO  server.XceiverServerGrpc (XceiverServerGrpc.java:start(149)) - XceiverServerGrpc b23aa8e4-3d65-46af-963e-a28b41db5fb0 is started using port 37509
2019-10-10 13:32:01,768 [Datanode State Machine Thread - 0] INFO  ozoneimpl.OzoneContainer (OzoneContainer.java:start(213)) - Attempting to start container services.
2019-10-10 13:32:01,768 [Datanode State Machine Thread - 0] INFO  ozoneimpl.OzoneContainer (OzoneContainer.java:startContainerScrub(177)) - Background container scanner has been disabled.
2019-10-10 13:32:01,768 [Datanode State Machine Thread - 0] INFO  ratis.XceiverServerRatis (XceiverServerRatis.java:start(418)) - Starting XceiverServerRatis b415fcc4-6df1-4ef2-a996-fc4ba4d7bef8 at port 0
2019-10-10 13:32:01,777 [Datanode State Machine Thread - 0] INFO  impl.RaftServerProxy (RaftServerProxy.java:lambda$start$3(299)) - b415fcc4-6df1-4ef2-a996-fc4ba4d7bef8: start RPC server
2019-10-10 13:32:01,778 [Datanode State Machine Thread - 0] INFO  server.GrpcService (GrpcService.java:startImpl(158)) - b415fcc4-6df1-4ef2-a996-fc4ba4d7bef8: GrpcService started, listening on 0.0.0.0/0.0.0.0:33911
2019-10-10 13:32:01,778 [Datanode State Machine Thread - 0] INFO  ratis.XceiverServerRatis (XceiverServerRatis.java:start(428)) - XceiverServerRatis b415fcc4-6df1-4ef2-a996-fc4ba4d7bef8 is started using port 33911
2019-10-10 13:32:01,778 [Datanode State Machine Thread - 0] INFO  server.XceiverServerGrpc (XceiverServerGrpc.java:start(149)) - XceiverServerGrpc b415fcc4-6df1-4ef2-a996-fc4ba4d7bef8 is started using port 34899
2019-10-10 13:32:01,836 [Datanode State Machine Thread - 0] INFO  ozoneimpl.OzoneContainer (OzoneContainer.java:start(213)) - Attempting to start container services.
2019-10-10 13:32:01,836 [Datanode State Machine Thread - 0] INFO  ozoneimpl.OzoneContainer (OzoneContainer.java:startContainerScrub(177)) - Background container scanner has been disabled.
2019-10-10 13:32:01,836 [Datanode State Machine Thread - 0] INFO  ratis.XceiverServerRatis (XceiverServerRatis.java:start(418)) - Starting XceiverServerRatis 8010a7e6-8fd0-47b5-90e9-f8c60b8ca0e7 at port 0
2019-10-10 13:32:01,844 [Datanode State Machine Thread - 0] INFO  impl.RaftServerProxy (RaftServerProxy.java:lambda$start$3(299)) - 8010a7e6-8fd0-47b5-90e9-f8c60b8ca0e7: start RPC server
2019-10-10 13:32:01,844 [Datanode State Machine Thread - 0] INFO  server.GrpcService (GrpcService.java:startImpl(158)) - 8010a7e6-8fd0-47b5-90e9-f8c60b8ca0e7: GrpcService started, listening on 0.0.0.0/0.0.0.0:42313
2019-10-10 13:32:01,844 [Datanode State Machine Thread - 0] INFO  ratis.XceiverServerRatis (XceiverServerRatis.java:start(428)) - XceiverServerRatis 8010a7e6-8fd0-47b5-90e9-f8c60b8ca0e7 is started using port 42313
2019-10-10 13:32:01,844 [Datanode State Machine Thread - 0] INFO  server.XceiverServerGrpc (XceiverServerGrpc.java:start(149)) - XceiverServerGrpc 8010a7e6-8fd0-47b5-90e9-f8c60b8ca0e7 is started using port 34606
2019-10-10 13:32:01,897 [main] INFO  ozone.MiniOzoneClusterImpl (MiniOzoneClusterImpl.java:lambda$waitForClusterToBeReady$0(147)) - Waiting for cluster to be ready. Got 0 of 7 DN Heartbeats.
2019-10-10 13:32:01,912 [Datanode State Machine Thread - 0] INFO  ozoneimpl.OzoneContainer (OzoneContainer.java:start(213)) - Attempting to start container services.
2019-10-10 13:32:01,912 [Datanode State Machine Thread - 0] INFO  ozoneimpl.OzoneContainer (OzoneContainer.java:startContainerScrub(177)) - Background container scanner has been disabled.
2019-10-10 13:32:01,913 [Datanode State Machine Thread - 0] INFO  ratis.XceiverServerRatis (XceiverServerRatis.java:start(418)) - Starting XceiverServerRatis 9a405eda-bea2-4e42-9c5b-926ff9297bde at port 0
2019-10-10 13:32:01,925 [Datanode State Machine Thread - 0] INFO  impl.RaftServerProxy (RaftServerProxy.java:lambda$start$3(299)) - 9a405eda-bea2-4e42-9c5b-926ff9297bde: start RPC server
2019-10-10 13:32:01,932 [Datanode State Machine Thread - 0] INFO  server.GrpcService (GrpcService.java:startImpl(158)) - 9a405eda-bea2-4e42-9c5b-926ff9297bde: GrpcService started, listening on 0.0.0.0/0.0.0.0:37479
2019-10-10 13:32:01,932 [Datanode State Machine Thread - 0] INFO  ratis.XceiverServerRatis (XceiverServerRatis.java:start(428)) - XceiverServerRatis 9a405eda-bea2-4e42-9c5b-926ff9297bde is started using port 37479
2019-10-10 13:32:01,959 [Datanode State Machine Thread - 0] INFO  server.XceiverServerGrpc (XceiverServerGrpc.java:start(149)) - XceiverServerGrpc 9a405eda-bea2-4e42-9c5b-926ff9297bde is started using port 46600
2019-10-10 13:32:02,898 [main] INFO  ozone.MiniOzoneClusterImpl (MiniOzoneClusterImpl.java:lambda$waitForClusterToBeReady$0(147)) - Waiting for cluster to be ready. Got 0 of 7 DN Heartbeats.
2019-10-10 13:32:03,487 [IPC Server handler 2 on 33128] INFO  net.NetworkTopology (NetworkTopologyImpl.java:add(111)) - Added a new node: /default-rack/01247d78-405c-426d-b11b-2d4d014ef41a
2019-10-10 13:32:03,491 [IPC Server handler 2 on 33128] INFO  node.SCMNodeManager (SCMNodeManager.java:register(268)) - Registered Data node : 01247d78-405c-426d-b11b-2d4d014ef41a{ip: 192.168.164.230, host: pr-hdds-2280-tn9v7-3755420433, networkLocation: /default-rack, certSerialId: null}
2019-10-10 13:32:03,492 [EventQueue-NodeRegistrationContainerReportForDataNodeSafeModeRule] INFO  safemode.SCMSafeModeManager (DataNodeSafeModeRule.java:process(71)) - SCM in safe mode. 1 DataNodes registered, 1 required.
2019-10-10 13:32:03,495 [EventQueue-NodeRegistrationContainerReportForDataNodeSafeModeRule] INFO  safemode.SCMSafeModeManager (SCMSafeModeManager.java:validateSafeModeExitRules(177)) - ScmSafeModeManager, all rules are successfully validated
2019-10-10 13:32:03,495 [EventQueue-NodeRegistrationContainerReportForDataNodeSafeModeRule] INFO  safemode.SCMSafeModeManager (SCMSafeModeManager.java:exitSafeMode(193)) - SCM exiting safe mode.
2019-10-10 13:32:03,509 [grpc-default-executor-8] INFO  impl.RaftServerProxy (RaftServerProxy.java:addNew(89)) - 01247d78-405c-426d-b11b-2d4d014ef41a: addNew group-B82BDAECEF6D:[01247d78-405c-426d-b11b-2d4d014ef41a:192.168.164.230:40741] returns group-B82BDAECEF6D:java.util.concurrent.CompletableFuture@6bb71bc9[Not completed]
2019-10-10 13:32:03,512 [pool-383-thread-1] INFO  impl.RaftServerImpl (RaftServerImpl.java:<init>(95)) - 01247d78-405c-426d-b11b-2d4d014ef41a: new RaftServerImpl for group-B82BDAECEF6D:[01247d78-405c-426d-b11b-2d4d014ef41a:192.168.164.230:40741] with ContainerStateMachine:uninitialized
2019-10-10 13:32:03,513 [pool-383-thread-1] INFO  server.RaftServerConfigKeys (ConfUtils.java:logGet(43)) - raft.server.rpc.timeout.min = 5s (custom)
2019-10-10 13:32:03,513 [pool-383-thread-1] INFO  server.RaftServerConfigKeys (ConfUtils.java:logGet(43)) - raft.server.rpc.timeout.max = 5200ms (custom)
2019-10-10 13:32:03,513 [pool-383-thread-1] INFO  server.RaftServerConfigKeys (ConfUtils.java:logGet(43)) - raft.server.rpcslowness.timeout = 120s (custom)
2019-10-10 13:32:03,513 [pool-383-thread-1] INFO  server.RaftServerConfigKeys (ConfUtils.java:logGet(43)) - raft.server.sleep.deviation.threshold = 300 (default)
2019-10-10 13:32:03,513 [pool-383-thread-1] INFO  server.RaftServerConfigKeys (ConfUtils.java:logGet(43)) - raft.server.log.appender.install.snapshot.enabled = false (custom)
2019-10-10 13:32:03,513 [pool-383-thread-1] INFO  impl.RaftServerImpl (ServerState.java:<init>(103)) - 01247d78-405c-426d-b11b-2d4d014ef41a@group-B82BDAECEF6D: ConfigurationManager, init=-1: [01247d78-405c-426d-b11b-2d4d014ef41a:192.168.164.230:40741], old=null, confs=<EMPTY_MAP>
2019-10-10 13:32:03,514 [pool-383-thread-1] INFO  server.RaftServerConfigKeys (ConfUtils.java:logGet(43)) - raft.server.storage.dir = [/workdir/hadoop-ozone/integration-test/target/test-dir/MiniOzoneClusterImpl-c188a606-c3de-4bac-92d1-570b5b7100db/datanode-0/data/ratis] (custom)
2019-10-10 13:32:03,514 [pool-383-thread-1] INFO  server.RaftServerConfigKeys (ConfUtils.java:logGet(43)) - raft.server.log.corruption.policy = EXCEPTION (default)
2019-10-10 13:32:03,514 [pool-383-thread-1] INFO  storage.RaftStorageDirectory (RaftStorageDirectory.java:analyzeStorage(246)) - The storage directory /workdir/hadoop-ozone/integration-test/target/test-dir/MiniOzoneClusterImpl-c188a606-c3de-4bac-92d1-570b5b7100db/datanode-0/data/ratis/d0ca7029-d6d6-482a-bac8-b82bdaecef6d does not exist. Creating ...
2019-10-10 13:32:03,528 [pool-383-thread-1] INFO  storage.RaftStorageDirectory (RaftStorageDirectory.java:tryLock(328)) - Lock on /workdir/hadoop-ozone/integration-test/target/test-dir/MiniOzoneClusterImpl-c188a606-c3de-4bac-92d1-570b5b7100db/datanode-0/data/ratis/d0ca7029-d6d6-482a-bac8-b82bdaecef6d/in_use.lock acquired by nodename 18129@pr-hdds-2280-tn9v7-3755420433
2019-10-10 13:32:03,538 [IPC Server handler 7 on 33128] INFO  net.NetworkTopology (NetworkTopologyImpl.java:add(111)) - Added a new node: /default-rack/3b32bea8-1ccf-4f4b-b3ee-8cb582149656
2019-10-10 13:32:03,538 [IPC Server handler 7 on 33128] INFO  node.SCMNodeManager (SCMNodeManager.java:register(268)) - Registered Data node : 3b32bea8-1ccf-4f4b-b3ee-8cb582149656{ip: 192.168.164.230, host: pr-hdds-2280-tn9v7-3755420433, networkLocation: /default-rack, certSerialId: null}
2019-10-10 13:32:03,541 [pool-383-thread-1] INFO  storage.RaftStorage (RaftStorage.java:format(84)) - Storage directory /workdir/hadoop-ozone/integration-test/target/test-dir/MiniOzoneClusterImpl-c188a606-c3de-4bac-92d1-570b5b7100db/datanode-0/data/ratis/d0ca7029-d6d6-482a-bac8-b82bdaecef6d has been successfully formatted.
2019-10-10 13:32:03,541 [pool-383-thread-1] INFO  ratis.ContainerStateMachine (ContainerStateMachine.java:loadSnapshot(231)) - group-B82BDAECEF6D: The snapshot info is null. Setting the last applied indexto:(t:0, i:~)
2019-10-10 13:32:03,541 [pool-383-thread-1] INFO  server.RaftServerConfigKeys (ConfUtils.java:logGet(43)) - raft.server.notification.no-leader.timeout = 120s (custom)
2019-10-10 13:32:03,542 [pool-383-thread-1] INFO  server.RaftServerConfigKeys (ConfUtils.java:logGet(43)) - raft.server.log.use.memory = false (default)
2019-10-10 13:32:03,542 [pool-383-thread-1] INFO  server.RaftServerConfigKeys (ConfUtils.java:logGet(43)) - raft.server.log.purge.gap = 1000000 (custom)
2019-10-10 13:32:03,542 [pool-383-thread-1] INFO  server.RaftServerConfigKeys (ConfUtils.java:logGet(43)) - raft.server.log.appender.buffer.byte-limit = 33554432 (custom)
2019-10-10 13:32:03,542 [pool-383-thread-1] INFO  server.RaftServerConfigKeys (ConfUtils.java:logGet(43)) - raft.server.log.segment.size.max = 1048576 (custom)
2019-10-10 13:32:03,545 [pool-383-thread-1] INFO  server.RaftServerConfigKeys (ConfUtils.java:logGet(43)) - raft.server.log.segment.cache.num.max = 2 (custom)
2019-10-10 13:32:03,545 [pool-383-thread-1] INFO  segmented.SegmentedRaftLogWorker (SegmentedRaftLogWorker.java:<init>(173)) - new 01247d78-405c-426d-b11b-2d4d014ef41a@group-B82BDAECEF6D-SegmentedRaftLogWorker for RaftStorage:Storage Directory /workdir/hadoop-ozone/integration-test/target/test-dir/MiniOzoneClusterImpl-c188a606-c3de-4bac-92d1-570b5b7100db/datanode-0/data/ratis/d0ca7029-d6d6-482a-bac8-b82bdaecef6d
2019-10-10 13:32:03,546 [pool-383-thread-1] INFO  server.RaftServerConfigKeys (ConfUtils.java:logGet(43)) - raft.server.log.queue.byte-limit = 2147483647 (custom)
2019-10-10 13:32:03,546 [pool-383-thread-1] INFO  server.RaftServerConfigKeys (ConfUtils.java:logGet(43)) - raft.server.log.queue.element-limit = 1024 (custom)
2019-10-10 13:32:03,546 [pool-383-thread-1] INFO  server.RaftServerConfigKeys (ConfUtils.java:logGet(43)) - raft.server.log.segment.size.max = 1048576 (custom)
2019-10-10 13:32:03,546 [pool-383-thread-1] INFO  server.RaftServerConfigKeys (ConfUtils.java:logGet(43)) - raft.server.log.preallocated.size = 16384 (custom)
2019-10-10 13:32:03,546 [pool-383-thread-1] INFO  server.RaftServerConfigKeys (ConfUtils.java:logGet(43)) - raft.server.log.write.buffer.size = 33554432 (custom)
2019-10-10 13:32:03,546 [pool-383-thread-1] INFO  server.RaftServerConfigKeys (ConfUtils.java:logGet(43)) - raft.server.log.force.sync.num = 128 (default)
2019-10-10 13:32:03,547 [pool-383-thread-1] INFO  server.RaftServerConfigKeys (ConfUtils.java:logGet(43)) - raft.server.log.statemachine.data.sync = true (default)
2019-10-10 13:32:03,547 [pool-383-thread-1] INFO  server.RaftServerConfigKeys (ConfUtils.java:logGet(43)) - raft.server.log.statemachine.data.sync.timeout = 10s (default)
2019-10-10 13:32:03,547 [pool-383-thread-1] INFO  server.RaftServerConfigKeys (ConfUtils.java:logGet(43)) - raft.server.log.statemachine.data.sync.timeout.retry = -1 (default)
2019-10-10 13:32:03,548 [pool-383-thread-1] INFO  server.RaftServerConfigKeys (ConfUtils.java:logGet(43)) - raft.server.log.statemachine.data.caching.enabled = true (custom)
2019-10-10 13:32:03,548 [pool-383-thread-1] INFO  segmented.SegmentedRaftLogWorker (SegmentedRaftLogWorker.java:lambda$new$0(128)) - 01247d78-405c-426d-b11b-2d4d014ef41a@group-B82BDAECEF6D-SegmentedRaftLogWorker: flushIndex: setUnconditionally 0 -> -1
2019-10-10 13:32:03,548 [pool-383-thread-1] INFO  server.RaftServerConfigKeys (ConfUtils.java:logGet(43)) - raft.server.snapshot.auto.trigger.enabled = true (custom)
2019-10-10 13:32:03,549 [pool-383-thread-1] INFO  server.RaftServerConfigKeys (ConfUtils.java:logGet(43)) - raft.server.snapshot.auto.trigger.threshold = 10000 (custom)
2019-10-10 13:32:03,549 [pool-383-thread-1] INFO  server.RaftServerConfigKeys (ConfUtils.java:logGet(43)) - raft.server.snapshot.retention.file.num = 5 (custom)
2019-10-10 13:32:03,549 [pool-383-thread-1] INFO  server.RaftServerConfigKeys (ConfUtils.java:logGet(43)) - raft.server.retrycache.expirytime = 600000ms (custom)
2019-10-10 13:32:03,551 [pool-383-thread-1] INFO  impl.RaftServerImpl (RaftServerImpl.java:start(181)) - 01247d78-405c-426d-b11b-2d4d014ef41a@group-B82BDAECEF6D: start as a follower, conf=-1: [01247d78-405c-426d-b11b-2d4d014ef41a:192.168.164.230:40741], old=null
2019-10-10 13:32:03,551 [pool-383-thread-1] INFO  impl.RaftServerImpl (RaftServerImpl.java:setRole(170)) - 01247d78-405c-426d-b11b-2d4d014ef41a@group-B82BDAECEF6D: changes role from      null to FOLLOWER at term 0 for startAsFollower
2019-10-10 13:32:03,551 [pool-383-thread-1] INFO  impl.RoleInfo (RoleInfo.java:updateAndGet(143)) - 01247d78-405c-426d-b11b-2d4d014ef41a: start FollowerState
2019-10-10 13:32:03,552 [pool-383-thread-1] INFO  util.JmxRegister (JmxRegister.java:tryRegister(44)) - Successfully registered JMX Bean with object name Ratis:service=RaftServer,group=group-B82BDAECEF6D,id=01247d78-405c-426d-b11b-2d4d014ef41a
2019-10-10 13:32:03,558 [RatisPipelineUtilsThread] INFO  pipeline.PipelineStateManager (PipelineStateManager.java:addPipeline(56)) - Created pipeline Pipeline[ Id: d0ca7029-d6d6-482a-bac8-b82bdaecef6d, Nodes: 01247d78-405c-426d-b11b-2d4d014ef41a{ip: 192.168.164.230, host: pr-hdds-2280-tn9v7-3755420433, networkLocation: /default-rack, certSerialId: null}, Type:RATIS, Factor:ONE, State:OPEN]
2019-10-10 13:32:03,568 [grpc-default-executor-8] INFO  impl.RaftServerProxy (RaftServerProxy.java:addNew(89)) - 3b32bea8-1ccf-4f4b-b3ee-8cb582149656: addNew group-8FB6DFFB2227:[3b32bea8-1ccf-4f4b-b3ee-8cb582149656:192.168.164.230:36925] returns group-8FB6DFFB2227:java.util.concurrent.CompletableFuture@5343c6b4[Not completed]
2019-10-10 13:32:03,570 [pool-393-thread-1] INFO  impl.RaftServerImpl (RaftServerImpl.java:<init>(95)) - 3b32bea8-1ccf-4f4b-b3ee-8cb582149656: new RaftServerImpl for group-8FB6DFFB2227:[3b32bea8-1ccf-4f4b-b3ee-8cb582149656:192.168.164.230:36925] with ContainerStateMachine:uninitialized
2019-10-10 13:32:03,570 [pool-393-thread-1] INFO  server.RaftServerConfigKeys (ConfUtils.java:logGet(43)) - raft.server.rpc.timeout.min = 5s (custom)
2019-10-10 13:32:03,570 [pool-393-thread-1] INFO  server.RaftServerConfigKeys (ConfUtils.java:logGet(43)) - raft.server.rpc.timeout.max = 5200ms (custom)
2019-10-10 13:32:03,570 [pool-393-thread-1] INFO  server.RaftServerConfigKeys (ConfUtils.java:logGet(43)) - raft.server.rpcslowness.timeout = 120s (custom)
2019-10-10 13:32:03,570 [pool-393-thread-1] INFO  server.RaftServerConfigKeys (ConfUtils.java:logGet(43)) - raft.server.sleep.deviation.threshold = 300 (default)
2019-10-10 13:32:03,570 [pool-393-thread-1] INFO  server.RaftServerConfigKeys (ConfUtils.java:logGet(43)) - raft.server.log.appender.install.snapshot.enabled = false (custom)
2019-10-10 13:32:03,571 [pool-393-thread-1] INFO  impl.RaftServerImpl (ServerState.java:<init>(103)) - 3b32bea8-1ccf-4f4b-b3ee-8cb582149656@group-8FB6DFFB2227: ConfigurationManager, init=-1: [3b32bea8-1ccf-4f4b-b3ee-8cb582149656:192.168.164.230:36925], old=null, confs=<EMPTY_MAP>
2019-10-10 13:32:03,571 [pool-393-thread-1] INFO  server.RaftServerConfigKeys (ConfUtils.java:logGet(43)) - raft.server.storage.dir = [/workdir/hadoop-ozone/integration-test/target/test-dir/MiniOzoneClusterImpl-c188a606-c3de-4bac-92d1-570b5b7100db/datanode-1/data/ratis] (custom)
2019-10-10 13:32:03,571 [pool-393-thread-1] INFO  server.RaftServerConfigKeys (ConfUtils.java:logGet(43)) - raft.server.log.corruption.policy = EXCEPTION (default)
2019-10-10 13:32:03,571 [pool-393-thread-1] INFO  storage.RaftStorageDirectory (RaftStorageDirectory.java:analyzeStorage(246)) - The storage directory /workdir/hadoop-ozone/integration-test/target/test-dir/MiniOzoneClusterImpl-c188a606-c3de-4bac-92d1-570b5b7100db/datanode-1/data/ratis/d6c7445d-f9ed-40d7-9674-8fb6dffb2227 does not exist. Creating ...
2019-10-10 13:32:03,585 [pool-393-thread-1] INFO  storage.RaftStorageDirectory (RaftStorageDirectory.java:tryLock(328)) - Lock on /workdir/hadoop-ozone/integration-test/target/test-dir/MiniOzoneClusterImpl-c188a606-c3de-4bac-92d1-570b5b7100db/datanode-1/data/ratis/d6c7445d-f9ed-40d7-9674-8fb6dffb2227/in_use.lock acquired by nodename 18129@pr-hdds-2280-tn9v7-3755420433
2019-10-10 13:32:03,599 [pool-393-thread-1] INFO  storage.RaftStorage (RaftStorage.java:format(84)) - Storage directory /workdir/hadoop-ozone/integration-test/target/test-dir/MiniOzoneClusterImpl-c188a606-c3de-4bac-92d1-570b5b7100db/datanode-1/data/ratis/d6c7445d-f9ed-40d7-9674-8fb6dffb2227 has been successfully formatted.
2019-10-10 13:32:03,599 [pool-393-thread-1] INFO  ratis.ContainerStateMachine (ContainerStateMachine.java:loadSnapshot(231)) - group-8FB6DFFB2227: The snapshot info is null. Setting the last applied indexto:(t:0, i:~)
2019-10-10 13:32:03,599 [pool-393-thread-1] INFO  server.RaftServerConfigKeys (ConfUtils.java:logGet(43)) - raft.server.notification.no-leader.timeout = 120s (custom)
2019-10-10 13:32:03,599 [pool-393-thread-1] INFO  server.RaftServerConfigKeys (ConfUtils.java:logGet(43)) - raft.server.log.use.memory = false (default)
2019-10-10 13:32:03,599 [pool-393-thread-1] INFO  server.RaftServerConfigKeys (ConfUtils.java:logGet(43)) - raft.server.log.purge.gap = 1000000 (custom)
2019-10-10 13:32:03,600 [pool-393-thread-1] INFO  server.RaftServerConfigKeys (ConfUtils.java:logGet(43)) - raft.server.log.appender.buffer.byte-limit = 33554432 (custom)
2019-10-10 13:32:03,600 [pool-393-thread-1] INFO  server.RaftServerConfigKeys (ConfUtils.java:logGet(43)) - raft.server.log.segment.size.max = 1048576 (custom)
2019-10-10 13:32:03,602 [pool-393-thread-1] INFO  server.RaftServerConfigKeys (ConfUtils.java:logGet(43)) - raft.server.log.segment.cache.num.max = 2 (custom)
2019-10-10 13:32:03,602 [pool-393-thread-1] INFO  segmented.SegmentedRaftLogWorker (SegmentedRaftLogWorker.java:<init>(173)) - new 3b32bea8-1ccf-4f4b-b3ee-8cb582149656@group-8FB6DFFB2227-SegmentedRaftLogWorker for RaftStorage:Storage Directory /workdir/hadoop-ozone/integration-test/target/test-dir/MiniOzoneClusterImpl-c188a606-c3de-4bac-92d1-570b5b7100db/datanode-1/data/ratis/d6c7445d-f9ed-40d7-9674-8fb6dffb2227
2019-10-10 13:32:03,602 [pool-393-thread-1] INFO  server.RaftServerConfigKeys (ConfUtils.java:logGet(43)) - raft.server.log.queue.byte-limit = 2147483647 (custom)
2019-10-10 13:32:03,602 [pool-393-thread-1] INFO  server.RaftServerConfigKeys (ConfUtils.java:logGet(43)) - raft.server.log.queue.element-limit = 1024 (custom)
2019-10-10 13:32:03,602 [pool-393-thread-1] INFO  server.RaftServerConfigKeys (ConfUtils.java:logGet(43)) - raft.server.log.segment.size.max = 1048576 (custom)
2019-10-10 13:32:03,603 [pool-393-thread-1] INFO  server.RaftServerConfigKeys (ConfUtils.java:logGet(43)) - raft.server.log.preallocated.size = 16384 (custom)
2019-10-10 13:32:03,603 [pool-393-thread-1] INFO  server.RaftServerConfigKeys (ConfUtils.java:logGet(43)) - raft.server.log.write.buffer.size = 33554432 (custom)
2019-10-10 13:32:03,603 [pool-393-thread-1] INFO  server.RaftServerConfigKeys (ConfUtils.java:logGet(43)) - raft.server.log.force.sync.num = 128 (default)
2019-10-10 13:32:03,603 [pool-393-thread-1] INFO  server.RaftServerConfigKeys (ConfUtils.java:logGet(43)) - raft.server.log.statemachine.data.sync = true (default)
2019-10-10 13:32:03,603 [pool-393-thread-1] INFO  server.RaftServerConfigKeys (ConfUtils.java:logGet(43)) - raft.server.log.statemachine.data.sync.timeout = 10s (default)
2019-10-10 13:32:03,603 [pool-393-thread-1] INFO  server.RaftServerConfigKeys (ConfUtils.java:logGet(43)) - raft.server.log.statemachine.data.sync.timeout.retry = -1 (default)
2019-10-10 13:32:03,604 [pool-393-thread-1] INFO  server.RaftServerConfigKeys (ConfUtils.java:logGet(43)) - raft.server.log.statemachine.data.caching.enabled = true (custom)
2019-10-10 13:32:03,604 [pool-393-thread-1] INFO  segmented.SegmentedRaftLogWorker (SegmentedRaftLogWorker.java:lambda$new$0(128)) - 3b32bea8-1ccf-4f4b-b3ee-8cb582149656@group-8FB6DFFB2227-SegmentedRaftLogWorker: flushIndex: setUnconditionally 0 -> -1
2019-10-10 13:32:03,604 [pool-393-thread-1] INFO  server.RaftServerConfigKeys (ConfUtils.java:logGet(43)) - raft.server.snapshot.auto.trigger.enabled = true (custom)
2019-10-10 13:32:03,605 [pool-393-thread-1] INFO  server.RaftServerConfigKeys (ConfUtils.java:logGet(43)) - raft.server.snapshot.auto.trigger.threshold = 10000 (custom)
2019-10-10 13:32:03,605 [pool-393-thread-1] INFO  server.RaftServerConfigKeys (ConfUtils.java:logGet(43)) - raft.server.snapshot.retention.file.num = 5 (custom)
2019-10-10 13:32:03,605 [pool-393-thread-1] INFO  server.RaftServerConfigKeys (ConfUtils.java:logGet(43)) - raft.server.retrycache.expirytime = 600000ms (custom)
2019-10-10 13:32:03,607 [pool-393-thread-1] INFO  impl.RaftServerImpl (RaftServerImpl.java:start(181)) - 3b32bea8-1ccf-4f4b-b3ee-8cb582149656@group-8FB6DFFB2227: start as a follower, conf=-1: [3b32bea8-1ccf-4f4b-b3ee-8cb582149656:192.168.164.230:36925], old=null
2019-10-10 13:32:03,607 [pool-393-thread-1] INFO  impl.RaftServerImpl (RaftServerImpl.java:setRole(170)) - 3b32bea8-1ccf-4f4b-b3ee-8cb582149656@group-8FB6DFFB2227: changes role from      null to FOLLOWER at term 0 for startAsFollower
2019-10-10 13:32:03,607 [pool-393-thread-1] INFO  impl.RoleInfo (RoleInfo.java:updateAndGet(143)) - 3b32bea8-1ccf-4f4b-b3ee-8cb582149656: start FollowerState
2019-10-10 13:32:03,607 [pool-393-thread-1] INFO  util.JmxRegister (JmxRegister.java:tryRegister(44)) - Successfully registered JMX Bean with object name Ratis:service=RaftServer,group=group-8FB6DFFB2227,id=3b32bea8-1ccf-4f4b-b3ee-8cb582149656
2019-10-10 13:32:03,612 [RatisPipelineUtilsThread] INFO  pipeline.PipelineStateManager (PipelineStateManager.java:addPipeline(56)) - Created pipeline Pipeline[ Id: d6c7445d-f9ed-40d7-9674-8fb6dffb2227, Nodes: 3b32bea8-1ccf-4f4b-b3ee-8cb582149656{ip: 192.168.164.230, host: pr-hdds-2280-tn9v7-3755420433, networkLocation: /default-rack, certSerialId: null}, Type:RATIS, Factor:ONE, State:OPEN]
2019-10-10 13:32:03,629 [IPC Server handler 1 on 33128] INFO  net.NetworkTopology (NetworkTopologyImpl.java:add(111)) - Added a new node: /default-rack/48fcb2fe-0535-4a72-85bb-b0f801b676d2
2019-10-10 13:32:03,629 [IPC Server handler 1 on 33128] INFO  node.SCMNodeManager (SCMNodeManager.java:register(268)) - Registered Data node : 48fcb2fe-0535-4a72-85bb-b0f801b676d2{ip: 192.168.164.230, host: pr-hdds-2280-tn9v7-3755420433, networkLocation: /default-rack, certSerialId: null}
2019-10-10 13:32:03,636 [grpc-default-executor-8] INFO  impl.RaftServerProxy (RaftServerProxy.java:addNew(89)) - 48fcb2fe-0535-4a72-85bb-b0f801b676d2: addNew group-3F88189B7428:[48fcb2fe-0535-4a72-85bb-b0f801b676d2:192.168.164.230:41547] returns group-3F88189B7428:java.util.concurrent.CompletableFuture@7862ed0b[Not completed]
2019-10-10 13:32:03,638 [pool-403-thread-1] INFO  impl.RaftServerImpl (RaftServerImpl.java:<init>(95)) - 48fcb2fe-0535-4a72-85bb-b0f801b676d2: new RaftServerImpl for group-3F88189B7428:[48fcb2fe-0535-4a72-85bb-b0f801b676d2:192.168.164.230:41547] with ContainerStateMachine:uninitialized
2019-10-10 13:32:03,638 [pool-403-thread-1] INFO  server.RaftServerConfigKeys (ConfUtils.java:logGet(43)) - raft.server.rpc.timeout.min = 5s (custom)
2019-10-10 13:32:03,638 [pool-403-thread-1] INFO  server.RaftServerConfigKeys (ConfUtils.java:logGet(43)) - raft.server.rpc.timeout.max = 5200ms (custom)
2019-10-10 13:32:03,638 [pool-403-thread-1] INFO  server.RaftServerConfigKeys (ConfUtils.java:logGet(43)) - raft.server.rpcslowness.timeout = 120s (custom)
2019-10-10 13:32:03,639 [pool-403-thread-1] INFO  server.RaftServerConfigKeys (ConfUtils.java:logGet(43)) - raft.server.sleep.deviation.threshold = 300 (default)
2019-10-10 13:32:03,639 [pool-403-thread-1] INFO  server.RaftServerConfigKeys (ConfUtils.java:logGet(43)) - raft.server.log.appender.install.snapshot.enabled = false (custom)
2019-10-10 13:32:03,639 [pool-403-thread-1] INFO  impl.RaftServerImpl (ServerState.java:<init>(103)) - 48fcb2fe-0535-4a72-85bb-b0f801b676d2@group-3F88189B7428: ConfigurationManager, init=-1: [48fcb2fe-0535-4a72-85bb-b0f801b676d2:192.168.164.230:41547], old=null, confs=<EMPTY_MAP>
2019-10-10 13:32:03,639 [pool-403-thread-1] INFO  server.RaftServerConfigKeys (ConfUtils.java:logGet(43)) - raft.server.storage.dir = [/workdir/hadoop-ozone/integration-test/target/test-dir/MiniOzoneClusterImpl-c188a606-c3de-4bac-92d1-570b5b7100db/datanode-2/data/ratis] (custom)
2019-10-10 13:32:03,639 [pool-403-thread-1] INFO  server.RaftServerConfigKeys (ConfUtils.java:logGet(43)) - raft.server.log.corruption.policy = EXCEPTION (default)
2019-10-10 13:32:03,640 [pool-403-thread-1] INFO  storage.RaftStorageDirectory (RaftStorageDirectory.java:analyzeStorage(246)) - The storage directory /workdir/hadoop-ozone/integration-test/target/test-dir/MiniOzoneClusterImpl-c188a606-c3de-4bac-92d1-570b5b7100db/datanode-2/data/ratis/3ce81311-154b-41df-9fca-3f88189b7428 does not exist. Creating ...
2019-10-10 13:32:03,652 [pool-403-thread-1] INFO  storage.RaftStorageDirectory (RaftStorageDirectory.java:tryLock(328)) - Lock on /workdir/hadoop-ozone/integration-test/target/test-dir/MiniOzoneClusterImpl-c188a606-c3de-4bac-92d1-570b5b7100db/datanode-2/data/ratis/3ce81311-154b-41df-9fca-3f88189b7428/in_use.lock acquired by nodename 18129@pr-hdds-2280-tn9v7-3755420433
2019-10-10 13:32:03,664 [pool-403-thread-1] INFO  storage.RaftStorage (RaftStorage.java:format(84)) - Storage directory /workdir/hadoop-ozone/integration-test/target/test-dir/MiniOzoneClusterImpl-c188a606-c3de-4bac-92d1-570b5b7100db/datanode-2/data/ratis/3ce81311-154b-41df-9fca-3f88189b7428 has been successfully formatted.
2019-10-10 13:32:03,664 [pool-403-thread-1] INFO  ratis.ContainerStateMachine (ContainerStateMachine.java:loadSnapshot(231)) - group-3F88189B7428: The snapshot info is null. Setting the last applied indexto:(t:0, i:~)
2019-10-10 13:32:03,665 [pool-403-thread-1] INFO  server.RaftServerConfigKeys (ConfUtils.java:logGet(43)) - raft.server.notification.no-leader.timeout = 120s (custom)
2019-10-10 13:32:03,665 [pool-403-thread-1] INFO  server.RaftServerConfigKeys (ConfUtils.java:logGet(43)) - raft.server.log.use.memory = false (default)
2019-10-10 13:32:03,665 [pool-403-thread-1] INFO  server.RaftServerConfigKeys (ConfUtils.java:logGet(43)) - raft.server.log.purge.gap = 1000000 (custom)
2019-10-10 13:32:03,665 [pool-403-thread-1] INFO  server.RaftServerConfigKeys (ConfUtils.java:logGet(43)) - raft.server.log.appender.buffer.byte-limit = 33554432 (custom)
2019-10-10 13:32:03,665 [pool-403-thread-1] INFO  server.RaftServerConfigKeys (ConfUtils.java:logGet(43)) - raft.server.log.segment.size.max = 1048576 (custom)
2019-10-10 13:32:03,667 [pool-403-thread-1] INFO  server.RaftServerConfigKeys (ConfUtils.java:logGet(43)) - raft.server.log.segment.cache.num.max = 2 (custom)
2019-10-10 13:32:03,667 [pool-403-thread-1] INFO  segmented.SegmentedRaftLogWorker (SegmentedRaftLogWorker.java:<init>(173)) - new 48fcb2fe-0535-4a72-85bb-b0f801b676d2@group-3F88189B7428-SegmentedRaftLogWorker for RaftStorage:Storage Directory /workdir/hadoop-ozone/integration-test/target/test-dir/MiniOzoneClusterImpl-c188a606-c3de-4bac-92d1-570b5b7100db/datanode-2/data/ratis/3ce81311-154b-41df-9fca-3f88189b7428
2019-10-10 13:32:03,667 [pool-403-thread-1] INFO  server.RaftServerConfigKeys (ConfUtils.java:logGet(43)) - raft.server.log.queue.byte-limit = 2147483647 (custom)
2019-10-10 13:32:03,667 [pool-403-thread-1] INFO  server.RaftServerConfigKeys (ConfUtils.java:logGet(43)) - raft.server.log.queue.element-limit = 1024 (custom)
2019-10-10 13:32:03,667 [pool-403-thread-1] INFO  server.RaftServerConfigKeys (ConfUtils.java:logGet(43)) - raft.server.log.segment.size.max = 1048576 (custom)
2019-10-10 13:32:03,667 [pool-403-thread-1] INFO  server.RaftServerConfigKeys (ConfUtils.java:logGet(43)) - raft.server.log.preallocated.size = 16384 (custom)
2019-10-10 13:32:03,668 [pool-403-thread-1] INFO  server.RaftServerConfigKeys (ConfUtils.java:logGet(43)) - raft.server.log.write.buffer.size = 33554432 (custom)
2019-10-10 13:32:03,668 [pool-403-thread-1] INFO  server.RaftServerConfigKeys (ConfUtils.java:logGet(43)) - raft.server.log.force.sync.num = 128 (default)
2019-10-10 13:32:03,668 [pool-403-thread-1] INFO  server.RaftServerConfigKeys (ConfUtils.java:logGet(43)) - raft.server.log.statemachine.data.sync = true (default)
2019-10-10 13:32:03,668 [pool-403-thread-1] INFO  server.RaftServerConfigKeys (ConfUtils.java:logGet(43)) - raft.server.log.statemachine.data.sync.timeout = 10s (default)
2019-10-10 13:32:03,668 [pool-403-thread-1] INFO  server.RaftServerConfigKeys (ConfUtils.java:logGet(43)) - raft.server.log.statemachine.data.sync.timeout.retry = -1 (default)
2019-10-10 13:32:03,668 [pool-403-thread-1] INFO  server.RaftServerConfigKeys (ConfUtils.java:logGet(43)) - raft.server.log.statemachine.data.caching.enabled = true (custom)
2019-10-10 13:32:03,669 [pool-403-thread-1] INFO  segmented.SegmentedRaftLogWorker (SegmentedRaftLogWorker.java:lambda$new$0(128)) - 48fcb2fe-0535-4a72-85bb-b0f801b676d2@group-3F88189B7428-SegmentedRaftLogWorker: flushIndex: setUnconditionally 0 -> -1
2019-10-10 13:32:03,669 [pool-403-thread-1] INFO  server.RaftServerConfigKeys (ConfUtils.java:logGet(43)) - raft.server.snapshot.auto.trigger.enabled = true (custom)
2019-10-10 13:32:03,669 [pool-403-thread-1] INFO  server.RaftServerConfigKeys (ConfUtils.java:logGet(43)) - raft.server.snapshot.auto.trigger.threshold = 10000 (custom)
2019-10-10 13:32:03,669 [pool-403-thread-1] INFO  server.RaftServerConfigKeys (ConfUtils.java:logGet(43)) - raft.server.snapshot.retention.file.num = 5 (custom)
2019-10-10 13:32:03,670 [pool-403-thread-1] INFO  server.RaftServerConfigKeys (ConfUtils.java:logGet(43)) - raft.server.retrycache.expirytime = 600000ms (custom)
2019-10-10 13:32:03,671 [pool-403-thread-1] INFO  impl.RaftServerImpl (RaftServerImpl.java:start(181)) - 48fcb2fe-0535-4a72-85bb-b0f801b676d2@group-3F88189B7428: start as a follower, conf=-1: [48fcb2fe-0535-4a72-85bb-b0f801b676d2:192.168.164.230:41547], old=null
2019-10-10 13:32:03,672 [pool-403-thread-1] INFO  impl.RaftServerImpl (RaftServerImpl.java:setRole(170)) - 48fcb2fe-0535-4a72-85bb-b0f801b676d2@group-3F88189B7428: changes role from      null to FOLLOWER at term 0 for startAsFollower
2019-10-10 13:32:03,672 [pool-403-thread-1] INFO  impl.RoleInfo (RoleInfo.java:updateAndGet(143)) - 48fcb2fe-0535-4a72-85bb-b0f801b676d2: start FollowerState
2019-10-10 13:32:03,672 [pool-403-thread-1] INFO  util.JmxRegister (JmxRegister.java:tryRegister(44)) - Successfully registered JMX Bean with object name Ratis:service=RaftServer,group=group-3F88189B7428,id=48fcb2fe-0535-4a72-85bb-b0f801b676d2
2019-10-10 13:32:03,677 [RatisPipelineUtilsThread] INFO  pipeline.PipelineStateManager (PipelineStateManager.java:addPipeline(56)) - Created pipeline Pipeline[ Id: 3ce81311-154b-41df-9fca-3f88189b7428, Nodes: 48fcb2fe-0535-4a72-85bb-b0f801b676d2{ip: 192.168.164.230, host: pr-hdds-2280-tn9v7-3755420433, networkLocation: /default-rack, certSerialId: null}, Type:RATIS, Factor:ONE, State:OPEN]
2019-10-10 13:32:03,693 [IPC Server handler 3 on 33128] INFO  net.NetworkTopology (NetworkTopologyImpl.java:add(111)) - Added a new node: /default-rack/b23aa8e4-3d65-46af-963e-a28b41db5fb0
2019-10-10 13:32:03,693 [IPC Server handler 3 on 33128] INFO  node.SCMNodeManager (SCMNodeManager.java:register(268)) - Registered Data node : b23aa8e4-3d65-46af-963e-a28b41db5fb0{ip: 192.168.164.230, host: pr-hdds-2280-tn9v7-3755420433, networkLocation: /default-rack, certSerialId: null}
2019-10-10 13:32:03,693 [grpc-default-executor-3] INFO  impl.RaftServerProxy (RaftServerProxy.java:addNew(89)) - 3b32bea8-1ccf-4f4b-b3ee-8cb582149656: addNew group-79D9CFC324D4:[01247d78-405c-426d-b11b-2d4d014ef41a:192.168.164.230:40741, 3b32bea8-1ccf-4f4b-b3ee-8cb582149656:192.168.164.230:36925, 48fcb2fe-0535-4a72-85bb-b0f801b676d2:192.168.164.230:41547] returns group-79D9CFC324D4:java.util.concurrent.CompletableFuture@53ee10e8[Not completed]
2019-10-10 13:32:03,694 [grpc-default-executor-8] INFO  impl.RaftServerProxy (RaftServerProxy.java:addNew(89)) - 01247d78-405c-426d-b11b-2d4d014ef41a: addNew group-79D9CFC324D4:[01247d78-405c-426d-b11b-2d4d014ef41a:192.168.164.230:40741, 3b32bea8-1ccf-4f4b-b3ee-8cb582149656:192.168.164.230:36925, 48fcb2fe-0535-4a72-85bb-b0f801b676d2:192.168.164.230:41547] returns group-79D9CFC324D4:java.util.concurrent.CompletableFuture@40a9a3c3[Not completed]
2019-10-10 13:32:03,695 [grpc-default-executor-3] INFO  impl.RaftServerProxy (RaftServerProxy.java:addNew(89)) - 48fcb2fe-0535-4a72-85bb-b0f801b676d2: addNew group-79D9CFC324D4:[01247d78-405c-426d-b11b-2d4d014ef41a:192.168.164.230:40741, 3b32bea8-1ccf-4f4b-b3ee-8cb582149656:192.168.164.230:36925, 48fcb2fe-0535-4a72-85bb-b0f801b676d2:192.168.164.230:41547] returns group-79D9CFC324D4:java.util.concurrent.CompletableFuture@3de6bcbb[Not completed]
2019-10-10 13:32:03,695 [pool-393-thread-1] INFO  impl.RaftServerImpl (RaftServerImpl.java:<init>(95)) - 3b32bea8-1ccf-4f4b-b3ee-8cb582149656: new RaftServerImpl for group-79D9CFC324D4:[01247d78-405c-426d-b11b-2d4d014ef41a:192.168.164.230:40741, 3b32bea8-1ccf-4f4b-b3ee-8cb582149656:192.168.164.230:36925, 48fcb2fe-0535-4a72-85bb-b0f801b676d2:192.168.164.230:41547] with ContainerStateMachine:uninitialized
2019-10-10 13:32:03,695 [pool-393-thread-1] INFO  server.RaftServerConfigKeys (ConfUtils.java:logGet(43)) - raft.server.rpc.timeout.min = 5s (custom)
2019-10-10 13:32:03,695 [pool-393-thread-1] INFO  server.RaftServerConfigKeys (ConfUtils.java:logGet(43)) - raft.server.rpc.timeout.max = 5200ms (custom)
2019-10-10 13:32:03,696 [pool-393-thread-1] INFO  server.RaftServerConfigKeys (ConfUtils.java:logGet(43)) - raft.server.rpcslowness.timeout = 120s (custom)
2019-10-10 13:32:03,696 [pool-393-thread-1] INFO  server.RaftServerConfigKeys (ConfUtils.java:logGet(43)) - raft.server.sleep.deviation.threshold = 300 (default)
2019-10-10 13:32:03,696 [pool-393-thread-1] INFO  server.RaftServerConfigKeys (ConfUtils.java:logGet(43)) - raft.server.log.appender.install.snapshot.enabled = false (custom)
2019-10-10 13:32:03,696 [pool-393-thread-1] INFO  impl.RaftServerImpl (ServerState.java:<init>(103)) - 3b32bea8-1ccf-4f4b-b3ee-8cb582149656@group-79D9CFC324D4: ConfigurationManager, init=-1: [01247d78-405c-426d-b11b-2d4d014ef41a:192.168.164.230:40741, 3b32bea8-1ccf-4f4b-b3ee-8cb582149656:192.168.164.230:36925, 48fcb2fe-0535-4a72-85bb-b0f801b676d2:192.168.164.230:41547], old=null, confs=<EMPTY_MAP>
2019-10-10 13:32:03,696 [pool-393-thread-1] INFO  server.RaftServerConfigKeys (ConfUtils.java:logGet(43)) - raft.server.storage.dir = [/workdir/hadoop-ozone/integration-test/target/test-dir/MiniOzoneClusterImpl-c188a606-c3de-4bac-92d1-570b5b7100db/datanode-1/data/ratis] (custom)
2019-10-10 13:32:03,697 [pool-393-thread-1] INFO  server.RaftServerConfigKeys (ConfUtils.java:logGet(43)) - raft.server.log.corruption.policy = EXCEPTION (default)
2019-10-10 13:32:03,697 [pool-393-thread-1] INFO  storage.RaftStorageDirectory (RaftStorageDirectory.java:analyzeStorage(246)) - The storage directory /workdir/hadoop-ozone/integration-test/target/test-dir/MiniOzoneClusterImpl-c188a606-c3de-4bac-92d1-570b5b7100db/datanode-1/data/ratis/404c85a7-267e-4de8-b2f6-79d9cfc324d4 does not exist. Creating ...
2019-10-10 13:32:03,698 [pool-383-thread-1] INFO  impl.RaftServerImpl (RaftServerImpl.java:<init>(95)) - 01247d78-405c-426d-b11b-2d4d014ef41a: new RaftServerImpl for group-79D9CFC324D4:[01247d78-405c-426d-b11b-2d4d014ef41a:192.168.164.230:40741, 3b32bea8-1ccf-4f4b-b3ee-8cb582149656:192.168.164.230:36925, 48fcb2fe-0535-4a72-85bb-b0f801b676d2:192.168.164.230:41547] with ContainerStateMachine:uninitialized
2019-10-10 13:32:03,698 [pool-383-thread-1] INFO  server.RaftServerConfigKeys (ConfUtils.java:logGet(43)) - raft.server.rpc.timeout.min = 5s (custom)
2019-10-10 13:32:03,698 [pool-383-thread-1] INFO  server.RaftServerConfigKeys (ConfUtils.java:logGet(43)) - raft.server.rpc.timeout.max = 5200ms (custom)
2019-10-10 13:32:03,698 [pool-383-thread-1] INFO  server.RaftServerConfigKeys (ConfUtils.java:logGet(43)) - raft.server.rpcslowness.timeout = 120s (custom)
2019-10-10 13:32:03,698 [pool-403-thread-1] INFO  impl.RaftServerImpl (RaftServerImpl.java:<init>(95)) - 48fcb2fe-0535-4a72-85bb-b0f801b676d2: new RaftServerImpl for group-79D9CFC324D4:[01247d78-405c-426d-b11b-2d4d014ef41a:192.168.164.230:40741, 3b32bea8-1ccf-4f4b-b3ee-8cb582149656:192.168.164.230:36925, 48fcb2fe-0535-4a72-85bb-b0f801b676d2:192.168.164.230:41547] with ContainerStateMachine:uninitialized
2019-10-10 13:32:03,699 [pool-383-thread-1] INFO  server.RaftServerConfigKeys (ConfUtils.java:logGet(43)) - raft.server.sleep.deviation.threshold = 300 (default)
2019-10-10 13:32:03,699 [pool-403-thread-1] INFO  server.RaftServerConfigKeys (ConfUtils.java:logGet(43)) - raft.server.rpc.timeout.min = 5s (custom)
2019-10-10 13:32:03,699 [pool-383-thread-1] INFO  server.RaftServerConfigKeys (ConfUtils.java:logGet(43)) - raft.server.log.appender.install.snapshot.enabled = false (custom)
2019-10-10 13:32:03,699 [pool-403-thread-1] INFO  server.RaftServerConfigKeys (ConfUtils.java:logGet(43)) - raft.server.rpc.timeout.max = 5200ms (custom)
2019-10-10 13:32:03,699 [pool-383-thread-1] INFO  impl.RaftServerImpl (ServerState.java:<init>(103)) - 01247d78-405c-426d-b11b-2d4d014ef41a@group-79D9CFC324D4: ConfigurationManager, init=-1: [01247d78-405c-426d-b11b-2d4d014ef41a:192.168.164.230:40741, 3b32bea8-1ccf-4f4b-b3ee-8cb582149656:192.168.164.230:36925, 48fcb2fe-0535-4a72-85bb-b0f801b676d2:192.168.164.230:41547], old=null, confs=<EMPTY_MAP>
2019-10-10 13:32:03,699 [pool-403-thread-1] INFO  server.RaftServerConfigKeys (ConfUtils.java:logGet(43)) - raft.server.rpcslowness.timeout = 120s (custom)
2019-10-10 13:32:03,699 [pool-383-thread-1] INFO  server.RaftServerConfigKeys (ConfUtils.java:logGet(43)) - raft.server.storage.dir = [/workdir/hadoop-ozone/integration-test/target/test-dir/MiniOzoneClusterImpl-c188a606-c3de-4bac-92d1-570b5b7100db/datanode-0/data/ratis] (custom)
2019-10-10 13:32:03,699 [pool-403-thread-1] INFO  server.RaftServerConfigKeys (ConfUtils.java:logGet(43)) - raft.server.sleep.deviation.threshold = 300 (default)
2019-10-10 13:32:03,700 [pool-403-thread-1] INFO  server.RaftServerConfigKeys (ConfUtils.java:logGet(43)) - raft.server.log.appender.install.snapshot.enabled = false (custom)
2019-10-10 13:32:03,700 [pool-383-thread-1] INFO  server.RaftServerConfigKeys (ConfUtils.java:logGet(43)) - raft.server.log.corruption.policy = EXCEPTION (default)
2019-10-10 13:32:03,700 [pool-403-thread-1] INFO  impl.RaftServerImpl (ServerState.java:<init>(103)) - 48fcb2fe-0535-4a72-85bb-b0f801b676d2@group-79D9CFC324D4: ConfigurationManager, init=-1: [01247d78-405c-426d-b11b-2d4d014ef41a:192.168.164.230:40741, 3b32bea8-1ccf-4f4b-b3ee-8cb582149656:192.168.164.230:36925, 48fcb2fe-0535-4a72-85bb-b0f801b676d2:192.168.164.230:41547], old=null, confs=<EMPTY_MAP>
2019-10-10 13:32:03,700 [pool-383-thread-1] INFO  storage.RaftStorageDirectory (RaftStorageDirectory.java:analyzeStorage(246)) - The storage directory /workdir/hadoop-ozone/integration-test/target/test-dir/MiniOzoneClusterImpl-c188a606-c3de-4bac-92d1-570b5b7100db/datanode-0/data/ratis/404c85a7-267e-4de8-b2f6-79d9cfc324d4 does not exist. Creating ...
2019-10-10 13:32:03,700 [pool-403-thread-1] INFO  server.RaftServerConfigKeys (ConfUtils.java:logGet(43)) - raft.server.storage.dir = [/workdir/hadoop-ozone/integration-test/target/test-dir/MiniOzoneClusterImpl-c188a606-c3de-4bac-92d1-570b5b7100db/datanode-2/data/ratis] (custom)
2019-10-10 13:32:03,700 [pool-403-thread-1] INFO  server.RaftServerConfigKeys (ConfUtils.java:logGet(43)) - raft.server.log.corruption.policy = EXCEPTION (default)
2019-10-10 13:32:03,700 [pool-403-thread-1] INFO  storage.RaftStorageDirectory (RaftStorageDirectory.java:analyzeStorage(246)) - The storage directory /workdir/hadoop-ozone/integration-test/target/test-dir/MiniOzoneClusterImpl-c188a606-c3de-4bac-92d1-570b5b7100db/datanode-2/data/ratis/404c85a7-267e-4de8-b2f6-79d9cfc324d4 does not exist. Creating ...
2019-10-10 13:32:03,722 [pool-393-thread-1] INFO  storage.RaftStorageDirectory (RaftStorageDirectory.java:tryLock(328)) - Lock on /workdir/hadoop-ozone/integration-test/target/test-dir/MiniOzoneClusterImpl-c188a606-c3de-4bac-92d1-570b5b7100db/datanode-1/data/ratis/404c85a7-267e-4de8-b2f6-79d9cfc324d4/in_use.lock acquired by nodename 18129@pr-hdds-2280-tn9v7-3755420433
2019-10-10 13:32:03,722 [pool-383-thread-1] INFO  storage.RaftStorageDirectory (RaftStorageDirectory.java:tryLock(328)) - Lock on /workdir/hadoop-ozone/integration-test/target/test-dir/MiniOzoneClusterImpl-c188a606-c3de-4bac-92d1-570b5b7100db/datanode-0/data/ratis/404c85a7-267e-4de8-b2f6-79d9cfc324d4/in_use.lock acquired by nodename 18129@pr-hdds-2280-tn9v7-3755420433
2019-10-10 13:32:03,722 [pool-403-thread-1] INFO  storage.RaftStorageDirectory (RaftStorageDirectory.java:tryLock(328)) - Lock on /workdir/hadoop-ozone/integration-test/target/test-dir/MiniOzoneClusterImpl-c188a606-c3de-4bac-92d1-570b5b7100db/datanode-2/data/ratis/404c85a7-267e-4de8-b2f6-79d9cfc324d4/in_use.lock acquired by nodename 18129@pr-hdds-2280-tn9v7-3755420433
2019-10-10 13:32:03,747 [pool-393-thread-1] INFO  storage.RaftStorage (RaftStorage.java:format(84)) - Storage directory /workdir/hadoop-ozone/integration-test/target/test-dir/MiniOzoneClusterImpl-c188a606-c3de-4bac-92d1-570b5b7100db/datanode-1/data/ratis/404c85a7-267e-4de8-b2f6-79d9cfc324d4 has been successfully formatted.
2019-10-10 13:32:03,747 [pool-383-thread-1] INFO  storage.RaftStorage (RaftStorage.java:format(84)) - Storage directory /workdir/hadoop-ozone/integration-test/target/test-dir/MiniOzoneClusterImpl-c188a606-c3de-4bac-92d1-570b5b7100db/datanode-0/data/ratis/404c85a7-267e-4de8-b2f6-79d9cfc324d4 has been successfully formatted.
2019-10-10 13:32:03,747 [pool-403-thread-1] INFO  storage.RaftStorage (RaftStorage.java:format(84)) - Storage directory /workdir/hadoop-ozone/integration-test/target/test-dir/MiniOzoneClusterImpl-c188a606-c3de-4bac-92d1-570b5b7100db/datanode-2/data/ratis/404c85a7-267e-4de8-b2f6-79d9cfc324d4 has been successfully formatted.
2019-10-10 13:32:03,748 [pool-383-thread-1] INFO  ratis.ContainerStateMachine (ContainerStateMachine.java:loadSnapshot(231)) - group-79D9CFC324D4: The snapshot info is null. Setting the last applied indexto:(t:0, i:~)
2019-10-10 13:32:03,747 [pool-393-thread-1] INFO  ratis.ContainerStateMachine (ContainerStateMachine.java:loadSnapshot(231)) - group-79D9CFC324D4: The snapshot info is null. Setting the last applied indexto:(t:0, i:~)
2019-10-10 13:32:03,748 [pool-393-thread-1] INFO  server.RaftServerConfigKeys (ConfUtils.java:logGet(43)) - raft.server.notification.no-leader.timeout = 120s (custom)
2019-10-10 13:32:03,748 [pool-383-thread-1] INFO  server.RaftServerConfigKeys (ConfUtils.java:logGet(43)) - raft.server.notification.no-leader.timeout = 120s (custom)
2019-10-10 13:32:03,748 [pool-403-thread-1] INFO  ratis.ContainerStateMachine (ContainerStateMachine.java:loadSnapshot(231)) - group-79D9CFC324D4: The snapshot info is null. Setting the last applied indexto:(t:0, i:~)
2019-10-10 13:32:03,748 [pool-383-thread-1] INFO  server.RaftServerConfigKeys (ConfUtils.java:logGet(43)) - raft.server.log.use.memory = false (default)
2019-10-10 13:32:03,748 [pool-393-thread-1] INFO  server.RaftServerConfigKeys (ConfUtils.java:logGet(43)) - raft.server.log.use.memory = false (default)
2019-10-10 13:32:03,748 [pool-383-thread-1] INFO  server.RaftServerConfigKeys (ConfUtils.java:logGet(43)) - raft.server.log.purge.gap = 1000000 (custom)
2019-10-10 13:32:03,748 [pool-403-thread-1] INFO  server.RaftServerConfigKeys (ConfUtils.java:logGet(43)) - raft.server.notification.no-leader.timeout = 120s (custom)
2019-10-10 13:32:03,749 [pool-383-thread-1] INFO  server.RaftServerConfigKeys (ConfUtils.java:logGet(43)) - raft.server.log.appender.buffer.byte-limit = 33554432 (custom)
2019-10-10 13:32:03,749 [pool-393-thread-1] INFO  server.RaftServerConfigKeys (ConfUtils.java:logGet(43)) - raft.server.log.purge.gap = 1000000 (custom)
2019-10-10 13:32:03,749 [pool-383-thread-1] INFO  server.RaftServerConfigKeys (ConfUtils.java:logGet(43)) - raft.server.log.segment.size.max = 1048576 (custom)
2019-10-10 13:32:03,749 [pool-403-thread-1] INFO  server.RaftServerConfigKeys (ConfUtils.java:logGet(43)) - raft.server.log.use.memory = false (default)
2019-10-10 13:32:03,749 [pool-383-thread-1] INFO  server.RaftServerConfigKeys (ConfUtils.java:logGet(43)) - raft.server.log.segment.cache.num.max = 2 (custom)
2019-10-10 13:32:03,749 [pool-393-thread-1] INFO  server.RaftServerConfigKeys (ConfUtils.java:logGet(43)) - raft.server.log.appender.buffer.byte-limit = 33554432 (custom)
2019-10-10 13:32:03,750 [pool-383-thread-1] INFO  segmented.SegmentedRaftLogWorker (SegmentedRaftLogWorker.java:<init>(173)) - new 01247d78-405c-426d-b11b-2d4d014ef41a@group-79D9CFC324D4-SegmentedRaftLogWorker for RaftStorage:Storage Directory /workdir/hadoop-ozone/integration-test/target/test-dir/MiniOzoneClusterImpl-c188a606-c3de-4bac-92d1-570b5b7100db/datanode-0/data/ratis/404c85a7-267e-4de8-b2f6-79d9cfc324d4
2019-10-10 13:32:03,749 [pool-403-thread-1] INFO  server.RaftServerConfigKeys (ConfUtils.java:logGet(43)) - raft.server.log.purge.gap = 1000000 (custom)
2019-10-10 13:32:03,750 [pool-383-thread-1] INFO  server.RaftServerConfigKeys (ConfUtils.java:logGet(43)) - raft.server.log.queue.byte-limit = 2147483647 (custom)
2019-10-10 13:32:03,750 [pool-393-thread-1] INFO  server.RaftServerConfigKeys (ConfUtils.java:logGet(43)) - raft.server.log.segment.size.max = 1048576 (custom)
2019-10-10 13:32:03,750 [pool-383-thread-1] INFO  server.RaftServerConfigKeys (ConfUtils.java:logGet(43)) - raft.server.log.queue.element-limit = 1024 (custom)
2019-10-10 13:32:03,750 [pool-403-thread-1] INFO  server.RaftServerConfigKeys (ConfUtils.java:logGet(43)) - raft.server.log.appender.buffer.byte-limit = 33554432 (custom)
2019-10-10 13:32:03,750 [pool-383-thread-1] INFO  server.RaftServerConfigKeys (ConfUtils.java:logGet(43)) - raft.server.log.segment.size.max = 1048576 (custom)
2019-10-10 13:32:03,750 [pool-393-thread-1] INFO  server.RaftServerConfigKeys (ConfUtils.java:logGet(43)) - raft.server.log.segment.cache.num.max = 2 (custom)
2019-10-10 13:32:03,751 [pool-383-thread-1] INFO  server.RaftServerConfigKeys (ConfUtils.java:logGet(43)) - raft.server.log.preallocated.size = 16384 (custom)
2019-10-10 13:32:03,750 [pool-403-thread-1] INFO  server.RaftServerConfigKeys (ConfUtils.java:logGet(43)) - raft.server.log.segment.size.max = 1048576 (custom)
2019-10-10 13:32:03,751 [pool-383-thread-1] INFO  server.RaftServerConfigKeys (ConfUtils.java:logGet(43)) - raft.server.log.write.buffer.size = 33554432 (custom)
2019-10-10 13:32:03,751 [pool-393-thread-1] INFO  segmented.SegmentedRaftLogWorker (SegmentedRaftLogWorker.java:<init>(173)) - new 3b32bea8-1ccf-4f4b-b3ee-8cb582149656@group-79D9CFC324D4-SegmentedRaftLogWorker for RaftStorage:Storage Directory /workdir/hadoop-ozone/integration-test/target/test-dir/MiniOzoneClusterImpl-c188a606-c3de-4bac-92d1-570b5b7100db/datanode-1/data/ratis/404c85a7-267e-4de8-b2f6-79d9cfc324d4
2019-10-10 13:32:03,751 [pool-383-thread-1] INFO  server.RaftServerConfigKeys (ConfUtils.java:logGet(43)) - raft.server.log.force.sync.num = 128 (default)
2019-10-10 13:32:03,751 [pool-403-thread-1] INFO  server.RaftServerConfigKeys (ConfUtils.java:logGet(43)) - raft.server.log.segment.cache.num.max = 2 (custom)
2019-10-10 13:32:03,751 [pool-383-thread-1] INFO  server.RaftServerConfigKeys (ConfUtils.java:logGet(43)) - raft.server.log.statemachine.data.sync = true (default)
2019-10-10 13:32:03,751 [pool-393-thread-1] INFO  server.RaftServerConfigKeys (ConfUtils.java:logGet(43)) - raft.server.log.queue.byte-limit = 2147483647 (custom)
2019-10-10 13:32:03,752 [pool-383-thread-1] INFO  server.RaftServerConfigKeys (ConfUtils.java:logGet(43)) - raft.server.log.statemachine.data.sync.timeout = 10s (default)
2019-10-10 13:32:03,752 [pool-403-thread-1] INFO  segmented.SegmentedRaftLogWorker (SegmentedRaftLogWorker.java:<init>(173)) - new 48fcb2fe-0535-4a72-85bb-b0f801b676d2@group-79D9CFC324D4-SegmentedRaftLogWorker for RaftStorage:Storage Directory /workdir/hadoop-ozone/integration-test/target/test-dir/MiniOzoneClusterImpl-c188a606-c3de-4bac-92d1-570b5b7100db/datanode-2/data/ratis/404c85a7-267e-4de8-b2f6-79d9cfc324d4
2019-10-10 13:32:03,752 [pool-383-thread-1] INFO  server.RaftServerConfigKeys (ConfUtils.java:logGet(43)) - raft.server.log.statemachine.data.sync.timeout.retry = -1 (default)
2019-10-10 13:32:03,752 [pool-393-thread-1] INFO  server.RaftServerConfigKeys (ConfUtils.java:logGet(43)) - raft.server.log.queue.element-limit = 1024 (custom)
2019-10-10 13:32:03,752 [pool-383-thread-1] INFO  server.RaftServerConfigKeys (ConfUtils.java:logGet(43)) - raft.server.log.statemachine.data.caching.enabled = true (custom)
2019-10-10 13:32:03,752 [pool-403-thread-1] INFO  server.RaftServerConfigKeys (ConfUtils.java:logGet(43)) - raft.server.log.queue.byte-limit = 2147483647 (custom)
2019-10-10 13:32:03,752 [pool-393-thread-1] INFO  server.RaftServerConfigKeys (ConfUtils.java:logGet(43)) - raft.server.log.segment.size.max = 1048576 (custom)
2019-10-10 13:32:03,753 [pool-383-thread-1] INFO  segmented.SegmentedRaftLogWorker (SegmentedRaftLogWorker.java:lambda$new$0(128)) - 01247d78-405c-426d-b11b-2d4d014ef41a@group-79D9CFC324D4-SegmentedRaftLogWorker: flushIndex: setUnconditionally 0 -> -1
2019-10-10 13:32:03,753 [pool-403-thread-1] INFO  server.RaftServerConfigKeys (ConfUtils.java:logGet(43)) - raft.server.log.queue.element-limit = 1024 (custom)
2019-10-10 13:32:03,753 [pool-393-thread-1] INFO  server.RaftServerConfigKeys (ConfUtils.java:logGet(43)) - raft.server.log.preallocated.size = 16384 (custom)
2019-10-10 13:32:03,753 [pool-383-thread-1] INFO  server.RaftServerConfigKeys (ConfUtils.java:logGet(43)) - raft.server.snapshot.auto.trigger.enabled = true (custom)
2019-10-10 13:32:03,753 [pool-403-thread-1] INFO  server.RaftServerConfigKeys (ConfUtils.java:logGet(43)) - raft.server.log.segment.size.max = 1048576 (custom)
2019-10-10 13:32:03,753 [pool-383-thread-1] INFO  server.RaftServerConfigKeys (ConfUtils.java:logGet(43)) - raft.server.snapshot.auto.trigger.threshold = 10000 (custom)
2019-10-10 13:32:03,753 [pool-393-thread-1] INFO  server.RaftServerConfigKeys (ConfUtils.java:logGet(43)) - raft.server.log.write.buffer.size = 33554432 (custom)
2019-10-10 13:32:03,754 [pool-383-thread-1] INFO  server.RaftServerConfigKeys (ConfUtils.java:logGet(43)) - raft.server.snapshot.retention.file.num = 5 (custom)
2019-10-10 13:32:03,753 [pool-403-thread-1] INFO  server.RaftServerConfigKeys (ConfUtils.java:logGet(43)) - raft.server.log.preallocated.size = 16384 (custom)
2019-10-10 13:32:03,754 [pool-383-thread-1] INFO  server.RaftServerConfigKeys (ConfUtils.java:logGet(43)) - raft.server.retrycache.expirytime = 600000ms (custom)
2019-10-10 13:32:03,754 [pool-393-thread-1] INFO  server.RaftServerConfigKeys (ConfUtils.java:logGet(43)) - raft.server.log.force.sync.num = 128 (default)
2019-10-10 13:32:03,754 [pool-403-thread-1] INFO  server.RaftServerConfigKeys (ConfUtils.java:logGet(43)) - raft.server.log.write.buffer.size = 33554432 (custom)
2019-10-10 13:32:03,754 [pool-393-thread-1] INFO  server.RaftServerConfigKeys (ConfUtils.java:logGet(43)) - raft.server.log.statemachine.data.sync = true (default)
2019-10-10 13:32:03,754 [pool-403-thread-1] INFO  server.RaftServerConfigKeys (ConfUtils.java:logGet(43)) - raft.server.log.force.sync.num = 128 (default)
2019-10-10 13:32:03,754 [pool-393-thread-1] INFO  server.RaftServerConfigKeys (ConfUtils.java:logGet(43)) - raft.server.log.statemachine.data.sync.timeout = 10s (default)
2019-10-10 13:32:03,755 [pool-403-thread-1] INFO  server.RaftServerConfigKeys (ConfUtils.java:logGet(43)) - raft.server.log.statemachine.data.sync = true (default)
2019-10-10 13:32:03,755 [pool-393-thread-1] INFO  server.RaftServerConfigKeys (ConfUtils.java:logGet(43)) - raft.server.log.statemachine.data.sync.timeout.retry = -1 (default)
2019-10-10 13:32:03,755 [pool-403-thread-1] INFO  server.RaftServerConfigKeys (ConfUtils.java:logGet(43)) - raft.server.log.statemachine.data.sync.timeout = 10s (default)
2019-10-10 13:32:03,755 [pool-403-thread-1] INFO  server.RaftServerConfigKeys (ConfUtils.java:logGet(43)) - raft.server.log.statemachine.data.sync.timeout.retry = -1 (default)
2019-10-10 13:32:03,755 [pool-393-thread-1] INFO  server.RaftServerConfigKeys (ConfUtils.java:logGet(43)) - raft.server.log.statemachine.data.caching.enabled = true (custom)
2019-10-10 13:32:03,755 [pool-403-thread-1] INFO  server.RaftServerConfigKeys (ConfUtils.java:logGet(43)) - raft.server.log.statemachine.data.caching.enabled = true (custom)
2019-10-10 13:32:03,756 [IPC Server handler 4 on 33128] INFO  net.NetworkTopology (NetworkTopologyImpl.java:add(111)) - Added a new node: /default-rack/b415fcc4-6df1-4ef2-a996-fc4ba4d7bef8
2019-10-10 13:32:03,756 [pool-393-thread-1] INFO  segmented.SegmentedRaftLogWorker (SegmentedRaftLogWorker.java:lambda$new$0(128)) - 3b32bea8-1ccf-4f4b-b3ee-8cb582149656@group-79D9CFC324D4-SegmentedRaftLogWorker: flushIndex: setUnconditionally 0 -> -1
2019-10-10 13:32:03,756 [IPC Server handler 4 on 33128] INFO  node.SCMNodeManager (SCMNodeManager.java:register(268)) - Registered Data node : b415fcc4-6df1-4ef2-a996-fc4ba4d7bef8{ip: 192.168.164.230, host: pr-hdds-2280-tn9v7-3755420433, networkLocation: /default-rack, certSerialId: null}
2019-10-10 13:32:03,756 [pool-393-thread-1] INFO  server.RaftServerConfigKeys (ConfUtils.java:logGet(43)) - raft.server.snapshot.auto.trigger.enabled = true (custom)
2019-10-10 13:32:03,756 [pool-383-thread-1] INFO  impl.RaftServerImpl (RaftServerImpl.java:start(181)) - 01247d78-405c-426d-b11b-2d4d014ef41a@group-79D9CFC324D4: start as a follower, conf=-1: [01247d78-405c-426d-b11b-2d4d014ef41a:192.168.164.230:40741, 3b32bea8-1ccf-4f4b-b3ee-8cb582149656:192.168.164.230:36925, 48fcb2fe-0535-4a72-85bb-b0f801b676d2:192.168.164.230:41547], old=null
2019-10-10 13:32:03,756 [pool-393-thread-1] INFO  server.RaftServerConfigKeys (ConfUtils.java:logGet(43)) - raft.server.snapshot.auto.trigger.threshold = 10000 (custom)
2019-10-10 13:32:03,756 [pool-383-thread-1] INFO  impl.RaftServerImpl (RaftServerImpl.java:setRole(170)) - 01247d78-405c-426d-b11b-2d4d014ef41a@group-79D9CFC324D4: changes role from      null to FOLLOWER at term 0 for startAsFollower
2019-10-10 13:32:03,756 [pool-403-thread-1] INFO  segmented.SegmentedRaftLogWorker (SegmentedRaftLogWorker.java:lambda$new$0(128)) - 48fcb2fe-0535-4a72-85bb-b0f801b676d2@group-79D9CFC324D4-SegmentedRaftLogWorker: flushIndex: setUnconditionally 0 -> -1
2019-10-10 13:32:03,757 [pool-383-thread-1] INFO  impl.RoleInfo (RoleInfo.java:updateAndGet(143)) - 01247d78-405c-426d-b11b-2d4d014ef41a: start FollowerState
2019-10-10 13:32:03,757 [pool-393-thread-1] INFO  server.RaftServerConfigKeys (ConfUtils.java:logGet(43)) - raft.server.snapshot.retention.file.num = 5 (custom)
2019-10-10 13:32:03,757 [pool-403-thread-1] INFO  server.RaftServerConfigKeys (ConfUtils.java:logGet(43)) - raft.server.snapshot.auto.trigger.enabled = true (custom)
2019-10-10 13:32:03,757 [pool-383-thread-1] INFO  util.JmxRegister (JmxRegister.java:tryRegister(44)) - Successfully registered JMX Bean with object name Ratis:service=RaftServer,group=group-79D9CFC324D4,id=01247d78-405c-426d-b11b-2d4d014ef41a
2019-10-10 13:32:03,757 [pool-393-thread-1] INFO  server.RaftServerConfigKeys (ConfUtils.java:logGet(43)) - raft.server.retrycache.expirytime = 600000ms (custom)
2019-10-10 13:32:03,757 [pool-403-thread-1] INFO  server.RaftServerConfigKeys (ConfUtils.java:logGet(43)) - raft.server.snapshot.auto.trigger.threshold = 10000 (custom)
2019-10-10 13:32:03,758 [pool-403-thread-1] INFO  server.RaftServerConfigKeys (ConfUtils.java:logGet(43)) - raft.server.snapshot.retention.file.num = 5 (custom)
2019-10-10 13:32:03,758 [pool-403-thread-1] INFO  server.RaftServerConfigKeys (ConfUtils.java:logGet(43)) - raft.server.retrycache.expirytime = 600000ms (custom)
2019-10-10 13:32:03,762 [pool-393-thread-1] INFO  impl.RaftServerImpl (RaftServerImpl.java:start(181)) - 3b32bea8-1ccf-4f4b-b3ee-8cb582149656@group-79D9CFC324D4: start as a follower, conf=-1: [01247d78-405c-426d-b11b-2d4d014ef41a:192.168.164.230:40741, 3b32bea8-1ccf-4f4b-b3ee-8cb582149656:192.168.164.230:36925, 48fcb2fe-0535-4a72-85bb-b0f801b676d2:192.168.164.230:41547], old=null
2019-10-10 13:32:03,762 [pool-393-thread-1] INFO  impl.RaftServerImpl (RaftServerImpl.java:setRole(170)) - 3b32bea8-1ccf-4f4b-b3ee-8cb582149656@group-79D9CFC324D4: changes role from      null to FOLLOWER at term 0 for startAsFollower
2019-10-10 13:32:03,762 [pool-403-thread-1] INFO  impl.RaftServerImpl (RaftServerImpl.java:start(181)) - 48fcb2fe-0535-4a72-85bb-b0f801b676d2@group-79D9CFC324D4: start as a follower, conf=-1: [01247d78-405c-426d-b11b-2d4d014ef41a:192.168.164.230:40741, 3b32bea8-1ccf-4f4b-b3ee-8cb582149656:192.168.164.230:36925, 48fcb2fe-0535-4a72-85bb-b0f801b676d2:192.168.164.230:41547], old=null
2019-10-10 13:32:03,762 [pool-393-thread-1] INFO  impl.RoleInfo (RoleInfo.java:updateAndGet(143)) - 3b32bea8-1ccf-4f4b-b3ee-8cb582149656: start FollowerState
2019-10-10 13:32:03,762 [pool-403-thread-1] INFO  impl.RaftServerImpl (RaftServerImpl.java:setRole(170)) - 48fcb2fe-0535-4a72-85bb-b0f801b676d2@group-79D9CFC324D4: changes role from      null to FOLLOWER at term 0 for startAsFollower
2019-10-10 13:32:03,762 [pool-403-thread-1] INFO  impl.RoleInfo (RoleInfo.java:updateAndGet(143)) - 48fcb2fe-0535-4a72-85bb-b0f801b676d2: start FollowerState
2019-10-10 13:32:03,762 [pool-393-thread-1] INFO  util.JmxRegister (JmxRegister.java:tryRegister(44)) - Successfully registered JMX Bean with object name Ratis:service=RaftServer,group=group-79D9CFC324D4,id=3b32bea8-1ccf-4f4b-b3ee-8cb582149656
2019-10-10 13:32:03,763 [pool-403-thread-1] INFO  util.JmxRegister (JmxRegister.java:tryRegister(44)) - Successfully registered JMX Bean with object name Ratis:service=RaftServer,group=group-79D9CFC324D4,id=48fcb2fe-0535-4a72-85bb-b0f801b676d2
2019-10-10 13:32:03,768 [RatisPipelineUtilsThread] INFO  pipeline.PipelineStateManager (PipelineStateManager.java:addPipeline(56)) - Created pipeline Pipeline[ Id: 404c85a7-267e-4de8-b2f6-79d9cfc324d4, Nodes: 48fcb2fe-0535-4a72-85bb-b0f801b676d2{ip: 192.168.164.230, host: pr-hdds-2280-tn9v7-3755420433, networkLocation: /default-rack, certSerialId: null}3b32bea8-1ccf-4f4b-b3ee-8cb582149656{ip: 192.168.164.230, host: pr-hdds-2280-tn9v7-3755420433, networkLocation: /default-rack, certSerialId: null}01247d78-405c-426d-b11b-2d4d014ef41a{ip: 192.168.164.230, host: pr-hdds-2280-tn9v7-3755420433, networkLocation: /default-rack, certSerialId: null}, Type:RATIS, Factor:THREE, State:OPEN]
2019-10-10 13:32:03,823 [IPC Server handler 5 on 33128] INFO  net.NetworkTopology (NetworkTopologyImpl.java:add(111)) - Added a new node: /default-rack/8010a7e6-8fd0-47b5-90e9-f8c60b8ca0e7
2019-10-10 13:32:03,823 [IPC Server handler 5 on 33128] INFO  node.SCMNodeManager (SCMNodeManager.java:register(268)) - Registered Data node : 8010a7e6-8fd0-47b5-90e9-f8c60b8ca0e7{ip: 192.168.164.230, host: pr-hdds-2280-tn9v7-3755420433, networkLocation: /default-rack, certSerialId: null}
2019-10-10 13:32:03,835 [grpc-default-executor-3] INFO  impl.RaftServerProxy (RaftServerProxy.java:addNew(89)) - b415fcc4-6df1-4ef2-a996-fc4ba4d7bef8: addNew group-A8450583295E:[b415fcc4-6df1-4ef2-a996-fc4ba4d7bef8:192.168.164.230:33911] returns group-A8450583295E:java.util.concurrent.CompletableFuture@51bd9e20[Not completed]
2019-10-10 13:32:03,837 [pool-423-thread-1] INFO  impl.RaftServerImpl (RaftServerImpl.java:<init>(95)) - b415fcc4-6df1-4ef2-a996-fc4ba4d7bef8: new RaftServerImpl for group-A8450583295E:[b415fcc4-6df1-4ef2-a996-fc4ba4d7bef8:192.168.164.230:33911] with ContainerStateMachine:uninitialized
2019-10-10 13:32:03,837 [pool-423-thread-1] INFO  server.RaftServerConfigKeys (ConfUtils.java:logGet(43)) - raft.server.rpc.timeout.min = 5s (custom)
2019-10-10 13:32:03,837 [pool-423-thread-1] INFO  server.RaftServerConfigKeys (ConfUtils.java:logGet(43)) - raft.server.rpc.timeout.max = 5200ms (custom)
2019-10-10 13:32:03,837 [pool-423-thread-1] INFO  server.RaftServerConfigKeys (ConfUtils.java:logGet(43)) - raft.server.rpcslowness.timeout = 120s (custom)
2019-10-10 13:32:03,837 [pool-423-thread-1] INFO  server.RaftServerConfigKeys (ConfUtils.java:logGet(43)) - raft.server.sleep.deviation.threshold = 300 (default)
2019-10-10 13:32:03,837 [pool-423-thread-1] INFO  server.RaftServerConfigKeys (ConfUtils.java:logGet(43)) - raft.server.log.appender.install.snapshot.enabled = false (custom)
2019-10-10 13:32:03,837 [pool-423-thread-1] INFO  impl.RaftServerImpl (ServerState.java:<init>(103)) - b415fcc4-6df1-4ef2-a996-fc4ba4d7bef8@group-A8450583295E: ConfigurationManager, init=-1: [b415fcc4-6df1-4ef2-a996-fc4ba4d7bef8:192.168.164.230:33911], old=null, confs=<EMPTY_MAP>
2019-10-10 13:32:03,838 [pool-423-thread-1] INFO  server.RaftServerConfigKeys (ConfUtils.java:logGet(43)) - raft.server.storage.dir = [/workdir/hadoop-ozone/integration-test/target/test-dir/MiniOzoneClusterImpl-c188a606-c3de-4bac-92d1-570b5b7100db/datanode-4/data/ratis] (custom)
2019-10-10 13:32:03,838 [pool-423-thread-1] INFO  server.RaftServerConfigKeys (ConfUtils.java:logGet(43)) - raft.server.log.corruption.policy = EXCEPTION (default)
2019-10-10 13:32:03,838 [pool-423-thread-1] INFO  storage.RaftStorageDirectory (RaftStorageDirectory.java:analyzeStorage(246)) - The storage directory /workdir/hadoop-ozone/integration-test/target/test-dir/MiniOzoneClusterImpl-c188a606-c3de-4bac-92d1-570b5b7100db/datanode-4/data/ratis/7651da5b-2e5c-4af7-b087-a8450583295e does not exist. Creating ...
2019-10-10 13:32:03,868 [pool-423-thread-1] INFO  storage.RaftStorageDirectory (RaftStorageDirectory.java:tryLock(328)) - Lock on /workdir/hadoop-ozone/integration-test/target/test-dir/MiniOzoneClusterImpl-c188a606-c3de-4bac-92d1-570b5b7100db/datanode-4/data/ratis/7651da5b-2e5c-4af7-b087-a8450583295e/in_use.lock acquired by nodename 18129@pr-hdds-2280-tn9v7-3755420433
2019-10-10 13:32:03,881 [pool-423-thread-1] INFO  storage.RaftStorage (RaftStorage.java:format(84)) - Storage directory /workdir/hadoop-ozone/integration-test/target/test-dir/MiniOzoneClusterImpl-c188a606-c3de-4bac-92d1-570b5b7100db/datanode-4/data/ratis/7651da5b-2e5c-4af7-b087-a8450583295e has been successfully formatted.
2019-10-10 13:32:03,881 [pool-423-thread-1] INFO  ratis.ContainerStateMachine (ContainerStateMachine.java:loadSnapshot(231)) - group-A8450583295E: The snapshot info is null. Setting the last applied indexto:(t:0, i:~)
2019-10-10 13:32:03,882 [pool-423-thread-1] INFO  server.RaftServerConfigKeys (ConfUtils.java:logGet(43)) - raft.server.notification.no-leader.timeout = 120s (custom)
2019-10-10 13:32:03,882 [pool-423-thread-1] INFO  server.RaftServerConfigKeys (ConfUtils.java:logGet(43)) - raft.server.log.use.memory = false (default)
2019-10-10 13:32:03,882 [pool-423-thread-1] INFO  server.RaftServerConfigKeys (ConfUtils.java:logGet(43)) - raft.server.log.purge.gap = 1000000 (custom)
2019-10-10 13:32:03,882 [pool-423-thread-1] INFO  server.RaftServerConfigKeys (ConfUtils.java:logGet(43)) - raft.server.log.appender.buffer.byte-limit = 33554432 (custom)
2019-10-10 13:32:03,882 [pool-423-thread-1] INFO  server.RaftServerConfigKeys (ConfUtils.java:logGet(43)) - raft.server.log.segment.size.max = 1048576 (custom)
2019-10-10 13:32:03,883 [pool-423-thread-1] INFO  server.RaftServerConfigKeys (ConfUtils.java:logGet(43)) - raft.server.log.segment.cache.num.max = 2 (custom)
2019-10-10 13:32:03,884 [pool-423-thread-1] INFO  segmented.SegmentedRaftLogWorker (SegmentedRaftLogWorker.java:<init>(173)) - new b415fcc4-6df1-4ef2-a996-fc4ba4d7bef8@group-A8450583295E-SegmentedRaftLogWorker for RaftStorage:Storage Directory /workdir/hadoop-ozone/integration-test/target/test-dir/MiniOzoneClusterImpl-c188a606-c3de-4bac-92d1-570b5b7100db/datanode-4/data/ratis/7651da5b-2e5c-4af7-b087-a8450583295e
2019-10-10 13:32:03,884 [pool-423-thread-1] INFO  server.RaftServerConfigKeys (ConfUtils.java:logGet(43)) - raft.server.log.queue.byte-limit = 2147483647 (custom)
2019-10-10 13:32:03,884 [pool-423-thread-1] INFO  server.RaftServerConfigKeys (ConfUtils.java:logGet(43)) - raft.server.log.queue.element-limit = 1024 (custom)
2019-10-10 13:32:03,884 [pool-423-thread-1] INFO  server.RaftServerConfigKeys (ConfUtils.java:logGet(43)) - raft.server.log.segment.size.max = 1048576 (custom)
2019-10-10 13:32:03,884 [pool-423-thread-1] INFO  server.RaftServerConfigKeys (ConfUtils.java:logGet(43)) - raft.server.log.preallocated.size = 16384 (custom)
2019-10-10 13:32:03,884 [pool-423-thread-1] INFO  server.RaftServerConfigKeys (ConfUtils.java:logGet(43)) - raft.server.log.write.buffer.size = 33554432 (custom)
2019-10-10 13:32:03,884 [pool-423-thread-1] INFO  server.RaftServerConfigKeys (ConfUtils.java:logGet(43)) - raft.server.log.force.sync.num = 128 (default)
2019-10-10 13:32:03,884 [pool-423-thread-1] INFO  server.RaftServerConfigKeys (ConfUtils.java:logGet(43)) - raft.server.log.statemachine.data.sync = true (default)
2019-10-10 13:32:03,884 [pool-423-thread-1] INFO  server.RaftServerConfigKeys (ConfUtils.java:logGet(43)) - raft.server.log.statemachine.data.sync.timeout = 10s (default)
2019-10-10 13:32:03,884 [pool-423-thread-1] INFO  server.RaftServerConfigKeys (ConfUtils.java:logGet(43)) - raft.server.log.statemachine.data.sync.timeout.retry = -1 (default)
2019-10-10 13:32:03,885 [pool-423-thread-1] INFO  server.RaftServerConfigKeys (ConfUtils.java:logGet(43)) - raft.server.log.statemachine.data.caching.enabled = true (custom)
2019-10-10 13:32:03,885 [pool-423-thread-1] INFO  segmented.SegmentedRaftLogWorker (SegmentedRaftLogWorker.java:lambda$new$0(128)) - b415fcc4-6df1-4ef2-a996-fc4ba4d7bef8@group-A8450583295E-SegmentedRaftLogWorker: flushIndex: setUnconditionally 0 -> -1
2019-10-10 13:32:03,885 [pool-423-thread-1] INFO  server.RaftServerConfigKeys (ConfUtils.java:logGet(43)) - raft.server.snapshot.auto.trigger.enabled = true (custom)
2019-10-10 13:32:03,885 [pool-423-thread-1] INFO  server.RaftServerConfigKeys (ConfUtils.java:logGet(43)) - raft.server.snapshot.auto.trigger.threshold = 10000 (custom)
2019-10-10 13:32:03,885 [pool-423-thread-1] INFO  server.RaftServerConfigKeys (ConfUtils.java:logGet(43)) - raft.server.snapshot.retention.file.num = 5 (custom)
2019-10-10 13:32:03,886 [pool-423-thread-1] INFO  server.RaftServerConfigKeys (ConfUtils.java:logGet(43)) - raft.server.retrycache.expirytime = 600000ms (custom)
2019-10-10 13:32:03,887 [pool-423-thread-1] INFO  impl.RaftServerImpl (RaftServerImpl.java:start(181)) - b415fcc4-6df1-4ef2-a996-fc4ba4d7bef8@group-A8450583295E: start as a follower, conf=-1: [b415fcc4-6df1-4ef2-a996-fc4ba4d7bef8:192.168.164.230:33911], old=null
2019-10-10 13:32:03,887 [pool-423-thread-1] INFO  impl.RaftServerImpl (RaftServerImpl.java:setRole(170)) - b415fcc4-6df1-4ef2-a996-fc4ba4d7bef8@group-A8450583295E: changes role from      null to FOLLOWER at term 0 for startAsFollower
2019-10-10 13:32:03,887 [pool-423-thread-1] INFO  impl.RoleInfo (RoleInfo.java:updateAndGet(143)) - b415fcc4-6df1-4ef2-a996-fc4ba4d7bef8: start FollowerState
2019-10-10 13:32:03,887 [pool-423-thread-1] INFO  util.JmxRegister (JmxRegister.java:tryRegister(44)) - Successfully registered JMX Bean with object name Ratis:service=RaftServer,group=group-A8450583295E,id=b415fcc4-6df1-4ef2-a996-fc4ba4d7bef8
2019-10-10 13:32:03,891 [RatisPipelineUtilsThread] INFO  pipeline.PipelineStateManager (PipelineStateManager.java:addPipeline(56)) - Created pipeline Pipeline[ Id: 7651da5b-2e5c-4af7-b087-a8450583295e, Nodes: b415fcc4-6df1-4ef2-a996-fc4ba4d7bef8{ip: 192.168.164.230, host: pr-hdds-2280-tn9v7-3755420433, networkLocation: /default-rack, certSerialId: null}, Type:RATIS, Factor:ONE, State:OPEN]
2019-10-10 13:32:03,899 [main] INFO  ozone.MiniOzoneClusterImpl (MiniOzoneClusterImpl.java:lambda$waitForClusterToBeReady$0(147)) - Waiting for cluster to be ready. Got 6 of 7 DN Heartbeats.
2019-10-10 13:32:03,899 [grpc-default-executor-3] INFO  impl.RaftServerProxy (RaftServerProxy.java:addNew(89)) - 8010a7e6-8fd0-47b5-90e9-f8c60b8ca0e7: addNew group-19EA66E8FA92:[8010a7e6-8fd0-47b5-90e9-f8c60b8ca0e7:192.168.164.230:42313] returns group-19EA66E8FA92:java.util.concurrent.CompletableFuture@26a5f577[Not completed]
2019-10-10 13:32:03,900 [IPC Server handler 2 on 33128] INFO  net.NetworkTopology (NetworkTopologyImpl.java:add(111)) - Added a new node: /default-rack/9a405eda-bea2-4e42-9c5b-926ff9297bde
2019-10-10 13:32:03,900 [IPC Server handler 2 on 33128] INFO  node.SCMNodeManager (SCMNodeManager.java:register(268)) - Registered Data node : 9a405eda-bea2-4e42-9c5b-926ff9297bde{ip: 192.168.164.230, host: pr-hdds-2280-tn9v7-3755420433, networkLocation: /default-rack, certSerialId: null}
2019-10-10 13:32:03,901 [pool-433-thread-1] INFO  impl.RaftServerImpl (RaftServerImpl.java:<init>(95)) - 8010a7e6-8fd0-47b5-90e9-f8c60b8ca0e7: new RaftServerImpl for group-19EA66E8FA92:[8010a7e6-8fd0-47b5-90e9-f8c60b8ca0e7:192.168.164.230:42313] with ContainerStateMachine:uninitialized
2019-10-10 13:32:03,901 [pool-433-thread-1] INFO  server.RaftServerConfigKeys (ConfUtils.java:logGet(43)) - raft.server.rpc.timeout.min = 5s (custom)
2019-10-10 13:32:03,901 [pool-433-thread-1] INFO  server.RaftServerConfigKeys (ConfUtils.java:logGet(43)) - raft.server.rpc.timeout.max = 5200ms (custom)
2019-10-10 13:32:03,901 [pool-433-thread-1] INFO  server.RaftServerConfigKeys (ConfUtils.java:logGet(43)) - raft.server.rpcslowness.timeout = 120s (custom)
2019-10-10 13:32:03,901 [pool-433-thread-1] INFO  server.RaftServerConfigKeys (ConfUtils.java:logGet(43)) - raft.server.sleep.deviation.threshold = 300 (default)
2019-10-10 13:32:03,901 [pool-433-thread-1] INFO  server.RaftServerConfigKeys (ConfUtils.java:logGet(43)) - raft.server.log.appender.install.snapshot.enabled = false (custom)
2019-10-10 13:32:03,901 [pool-433-thread-1] INFO  impl.RaftServerImpl (ServerState.java:<init>(103)) - 8010a7e6-8fd0-47b5-90e9-f8c60b8ca0e7@group-19EA66E8FA92: ConfigurationManager, init=-1: [8010a7e6-8fd0-47b5-90e9-f8c60b8ca0e7:192.168.164.230:42313], old=null, confs=<EMPTY_MAP>
2019-10-10 13:32:03,902 [pool-433-thread-1] INFO  server.RaftServerConfigKeys (ConfUtils.java:logGet(43)) - raft.server.storage.dir = [/workdir/hadoop-ozone/integration-test/target/test-dir/MiniOzoneClusterImpl-c188a606-c3de-4bac-92d1-570b5b7100db/datanode-5/data/ratis] (custom)
2019-10-10 13:32:03,902 [pool-433-thread-1] INFO  server.RaftServerConfigKeys (ConfUtils.java:logGet(43)) - raft.server.log.corruption.policy = EXCEPTION (default)
2019-10-10 13:32:03,902 [pool-433-thread-1] INFO  storage.RaftStorageDirectory (RaftStorageDirectory.java:analyzeStorage(246)) - The storage directory /workdir/hadoop-ozone/integration-test/target/test-dir/MiniOzoneClusterImpl-c188a606-c3de-4bac-92d1-570b5b7100db/datanode-5/data/ratis/a78ff361-5745-4e26-b71d-19ea66e8fa92 does not exist. Creating ...
2019-10-10 13:32:03,914 [pool-433-thread-1] INFO  storage.RaftStorageDirectory (RaftStorageDirectory.java:tryLock(328)) - Lock on /workdir/hadoop-ozone/integration-test/target/test-dir/MiniOzoneClusterImpl-c188a606-c3de-4bac-92d1-570b5b7100db/datanode-5/data/ratis/a78ff361-5745-4e26-b71d-19ea66e8fa92/in_use.lock acquired by nodename 18129@pr-hdds-2280-tn9v7-3755420433
2019-10-10 13:32:03,927 [pool-433-thread-1] INFO  storage.RaftStorage (RaftStorage.java:format(84)) - Storage directory /workdir/hadoop-ozone/integration-test/target/test-dir/MiniOzoneClusterImpl-c188a606-c3de-4bac-92d1-570b5b7100db/datanode-5/data/ratis/a78ff361-5745-4e26-b71d-19ea66e8fa92 has been successfully formatted.
2019-10-10 13:32:03,927 [pool-433-thread-1] INFO  ratis.ContainerStateMachine (ContainerStateMachine.java:loadSnapshot(231)) - group-19EA66E8FA92: The snapshot info is null. Setting the last applied indexto:(t:0, i:~)
2019-10-10 13:32:03,928 [pool-433-thread-1] INFO  server.RaftServerConfigKeys (ConfUtils.java:logGet(43)) - raft.server.notification.no-leader.timeout = 120s (custom)
2019-10-10 13:32:03,928 [pool-433-thread-1] INFO  server.RaftServerConfigKeys (ConfUtils.java:logGet(43)) - raft.server.log.use.memory = false (default)
2019-10-10 13:32:03,928 [pool-433-thread-1] INFO  server.RaftServerConfigKeys (ConfUtils.java:logGet(43)) - raft.server.log.purge.gap = 1000000 (custom)
2019-10-10 13:32:03,928 [pool-433-thread-1] INFO  server.RaftServerConfigKeys (ConfUtils.java:logGet(43)) - raft.server.log.appender.buffer.byte-limit = 33554432 (custom)
2019-10-10 13:32:03,928 [pool-433-thread-1] INFO  server.RaftServerConfigKeys (ConfUtils.java:logGet(43)) - raft.server.log.segment.size.max = 1048576 (custom)
2019-10-10 13:32:03,930 [pool-433-thread-1] INFO  server.RaftServerConfigKeys (ConfUtils.java:logGet(43)) - raft.server.log.segment.cache.num.max = 2 (custom)
2019-10-10 13:32:03,930 [pool-433-thread-1] INFO  segmented.SegmentedRaftLogWorker (SegmentedRaftLogWorker.java:<init>(173)) - new 8010a7e6-8fd0-47b5-90e9-f8c60b8ca0e7@group-19EA66E8FA92-SegmentedRaftLogWorker for RaftStorage:Storage Directory /workdir/hadoop-ozone/integration-test/target/test-dir/MiniOzoneClusterImpl-c188a606-c3de-4bac-92d1-570b5b7100db/datanode-5/data/ratis/a78ff361-5745-4e26-b71d-19ea66e8fa92
2019-10-10 13:32:03,930 [pool-433-thread-1] INFO  server.RaftServerConfigKeys (ConfUtils.java:logGet(43)) - raft.server.log.queue.byte-limit = 2147483647 (custom)
2019-10-10 13:32:03,930 [pool-433-thread-1] INFO  server.RaftServerConfigKeys (ConfUtils.java:logGet(43)) - raft.server.log.queue.element-limit = 1024 (custom)
2019-10-10 13:32:03,930 [pool-433-thread-1] INFO  server.RaftServerConfigKeys (ConfUtils.java:logGet(43)) - raft.server.log.segment.size.max = 1048576 (custom)
2019-10-10 13:32:03,930 [pool-433-thread-1] INFO  server.RaftServerConfigKeys (ConfUtils.java:logGet(43)) - raft.server.log.preallocated.size = 16384 (custom)
2019-10-10 13:32:03,931 [pool-433-thread-1] INFO  server.RaftServerConfigKeys (ConfUtils.java:logGet(43)) - raft.server.log.write.buffer.size = 33554432 (custom)
2019-10-10 13:32:03,931 [pool-433-thread-1] INFO  server.RaftServerConfigKeys (ConfUtils.java:logGet(43)) - raft.server.log.force.sync.num = 128 (default)
2019-10-10 13:32:03,931 [pool-433-thread-1] INFO  server.RaftServerConfigKeys (ConfUtils.java:logGet(43)) - raft.server.log.statemachine.data.sync = true (default)
2019-10-10 13:32:03,931 [pool-433-thread-1] INFO  server.RaftServerConfigKeys (ConfUtils.java:logGet(43)) - raft.server.log.statemachine.data.sync.timeout = 10s (default)
2019-10-10 13:32:03,931 [pool-433-thread-1] INFO  server.RaftServerConfigKeys (ConfUtils.java:logGet(43)) - raft.server.log.statemachine.data.sync.timeout.retry = -1 (default)
2019-10-10 13:32:03,931 [pool-433-thread-1] INFO  server.RaftServerConfigKeys (ConfUtils.java:logGet(43)) - raft.server.log.statemachine.data.caching.enabled = true (custom)
2019-10-10 13:32:03,932 [pool-433-thread-1] INFO  segmented.SegmentedRaftLogWorker (SegmentedRaftLogWorker.java:lambda$new$0(128)) - 8010a7e6-8fd0-47b5-90e9-f8c60b8ca0e7@group-19EA66E8FA92-SegmentedRaftLogWorker: flushIndex: setUnconditionally 0 -> -1
2019-10-10 13:32:03,932 [pool-433-thread-1] INFO  server.RaftServerConfigKeys (ConfUtils.java:logGet(43)) - raft.server.snapshot.auto.trigger.enabled = true (custom)
2019-10-10 13:32:03,932 [pool-433-thread-1] INFO  server.RaftServerConfigKeys (ConfUtils.java:logGet(43)) - raft.server.snapshot.auto.trigger.threshold = 10000 (custom)
2019-10-10 13:32:03,932 [pool-433-thread-1] INFO  server.RaftServerConfigKeys (ConfUtils.java:logGet(43)) - raft.server.snapshot.retention.file.num = 5 (custom)
2019-10-10 13:32:03,932 [pool-433-thread-1] INFO  server.RaftServerConfigKeys (ConfUtils.java:logGet(43)) - raft.server.retrycache.expirytime = 600000ms (custom)
2019-10-10 13:32:03,934 [pool-433-thread-1] INFO  impl.RaftServerImpl (RaftServerImpl.java:start(181)) - 8010a7e6-8fd0-47b5-90e9-f8c60b8ca0e7@group-19EA66E8FA92: start as a follower, conf=-1: [8010a7e6-8fd0-47b5-90e9-f8c60b8ca0e7:192.168.164.230:42313], old=null
2019-10-10 13:32:03,934 [pool-433-thread-1] INFO  impl.RaftServerImpl (RaftServerImpl.java:setRole(170)) - 8010a7e6-8fd0-47b5-90e9-f8c60b8ca0e7@group-19EA66E8FA92: changes role from      null to FOLLOWER at term 0 for startAsFollower
2019-10-10 13:32:03,934 [pool-433-thread-1] INFO  impl.RoleInfo (RoleInfo.java:updateAndGet(143)) - 8010a7e6-8fd0-47b5-90e9-f8c60b8ca0e7: start FollowerState
2019-10-10 13:32:03,934 [pool-433-thread-1] INFO  util.JmxRegister (JmxRegister.java:tryRegister(44)) - Successfully registered JMX Bean with object name Ratis:service=RaftServer,group=group-19EA66E8FA92,id=8010a7e6-8fd0-47b5-90e9-f8c60b8ca0e7
2019-10-10 13:32:03,939 [RatisPipelineUtilsThread] INFO  pipeline.PipelineStateManager (PipelineStateManager.java:addPipeline(56)) - Created pipeline Pipeline[ Id: a78ff361-5745-4e26-b71d-19ea66e8fa92, Nodes: 8010a7e6-8fd0-47b5-90e9-f8c60b8ca0e7{ip: 192.168.164.230, host: pr-hdds-2280-tn9v7-3755420433, networkLocation: /default-rack, certSerialId: null}, Type:RATIS, Factor:ONE, State:OPEN]
2019-10-10 13:32:03,951 [grpc-default-executor-3] INFO  impl.RaftServerProxy (RaftServerProxy.java:addNew(89)) - 9a405eda-bea2-4e42-9c5b-926ff9297bde: addNew group-6D4E63A0E396:[9a405eda-bea2-4e42-9c5b-926ff9297bde:192.168.164.230:37479] returns group-6D4E63A0E396:java.util.concurrent.CompletableFuture@2766ef4[Not completed]
2019-10-10 13:32:03,956 [pool-443-thread-1] INFO  impl.RaftServerImpl (RaftServerImpl.java:<init>(95)) - 9a405eda-bea2-4e42-9c5b-926ff9297bde: new RaftServerImpl for group-6D4E63A0E396:[9a405eda-bea2-4e42-9c5b-926ff9297bde:192.168.164.230:37479] with ContainerStateMachine:uninitialized
2019-10-10 13:32:03,956 [pool-443-thread-1] INFO  server.RaftServerConfigKeys (ConfUtils.java:logGet(43)) - raft.server.rpc.timeout.min = 5s (custom)
2019-10-10 13:32:03,956 [pool-443-thread-1] INFO  server.RaftServerConfigKeys (ConfUtils.java:logGet(43)) - raft.server.rpc.timeout.max = 5200ms (custom)
2019-10-10 13:32:03,957 [pool-443-thread-1] INFO  server.RaftServerConfigKeys (ConfUtils.java:logGet(43)) - raft.server.rpcslowness.timeout = 120s (custom)
2019-10-10 13:32:03,957 [pool-443-thread-1] INFO  server.RaftServerConfigKeys (ConfUtils.java:logGet(43)) - raft.server.sleep.deviation.threshold = 300 (default)
2019-10-10 13:32:03,957 [pool-443-thread-1] INFO  server.RaftServerConfigKeys (ConfUtils.java:logGet(43)) - raft.server.log.appender.install.snapshot.enabled = false (custom)
2019-10-10 13:32:03,957 [pool-443-thread-1] INFO  impl.RaftServerImpl (ServerState.java:<init>(103)) - 9a405eda-bea2-4e42-9c5b-926ff9297bde@group-6D4E63A0E396: ConfigurationManager, init=-1: [9a405eda-bea2-4e42-9c5b-926ff9297bde:192.168.164.230:37479], old=null, confs=<EMPTY_MAP>
2019-10-10 13:32:03,957 [pool-443-thread-1] INFO  server.RaftServerConfigKeys (ConfUtils.java:logGet(43)) - raft.server.storage.dir = [/workdir/hadoop-ozone/integration-test/target/test-dir/MiniOzoneClusterImpl-c188a606-c3de-4bac-92d1-570b5b7100db/datanode-6/data/ratis] (custom)
2019-10-10 13:32:03,958 [pool-443-thread-1] INFO  server.RaftServerConfigKeys (ConfUtils.java:logGet(43)) - raft.server.log.corruption.policy = EXCEPTION (default)
2019-10-10 13:32:03,958 [pool-443-thread-1] INFO  storage.RaftStorageDirectory (RaftStorageDirectory.java:analyzeStorage(246)) - The storage directory /workdir/hadoop-ozone/integration-test/target/test-dir/MiniOzoneClusterImpl-c188a606-c3de-4bac-92d1-570b5b7100db/datanode-6/data/ratis/7bf2dd79-5388-4703-95b3-6d4e63a0e396 does not exist. Creating ...
2019-10-10 13:32:03,970 [pool-443-thread-1] INFO  storage.RaftStorageDirectory (RaftStorageDirectory.java:tryLock(328)) - Lock on /workdir/hadoop-ozone/integration-test/target/test-dir/MiniOzoneClusterImpl-c188a606-c3de-4bac-92d1-570b5b7100db/datanode-6/data/ratis/7bf2dd79-5388-4703-95b3-6d4e63a0e396/in_use.lock acquired by nodename 18129@pr-hdds-2280-tn9v7-3755420433
2019-10-10 13:32:03,982 [pool-443-thread-1] INFO  storage.RaftStorage (RaftStorage.java:format(84)) - Storage directory /workdir/hadoop-ozone/integration-test/target/test-dir/MiniOzoneClusterImpl-c188a606-c3de-4bac-92d1-570b5b7100db/datanode-6/data/ratis/7bf2dd79-5388-4703-95b3-6d4e63a0e396 has been successfully formatted.
2019-10-10 13:32:03,983 [pool-443-thread-1] INFO  ratis.ContainerStateMachine (ContainerStateMachine.java:loadSnapshot(231)) - group-6D4E63A0E396: The snapshot info is null. Setting the last applied indexto:(t:0, i:~)
2019-10-10 13:32:03,983 [pool-443-thread-1] INFO  server.RaftServerConfigKeys (ConfUtils.java:logGet(43)) - raft.server.notification.no-leader.timeout = 120s (custom)
2019-10-10 13:32:03,983 [pool-443-thread-1] INFO  server.RaftServerConfigKeys (ConfUtils.java:logGet(43)) - raft.server.log.use.memory = false (default)
2019-10-10 13:32:03,983 [pool-443-thread-1] INFO  server.RaftServerConfigKeys (ConfUtils.java:logGet(43)) - raft.server.log.purge.gap = 1000000 (custom)
2019-10-10 13:32:03,983 [pool-443-thread-1] INFO  server.RaftServerConfigKeys (ConfUtils.java:logGet(43)) - raft.server.log.appender.buffer.byte-limit = 33554432 (custom)
2019-10-10 13:32:03,983 [pool-443-thread-1] INFO  server.RaftServerConfigKeys (ConfUtils.java:logGet(43)) - raft.server.log.segment.size.max = 1048576 (custom)
2019-10-10 13:32:03,985 [pool-443-thread-1] INFO  server.RaftServerConfigKeys (ConfUtils.java:logGet(43)) - raft.server.log.segment.cache.num.max = 2 (custom)
2019-10-10 13:32:03,986 [pool-443-thread-1] INFO  segmented.SegmentedRaftLogWorker (SegmentedRaftLogWorker.java:<init>(173)) - new 9a405eda-bea2-4e42-9c5b-926ff9297bde@group-6D4E63A0E396-SegmentedRaftLogWorker for RaftStorage:Storage Directory /workdir/hadoop-ozone/integration-test/target/test-dir/MiniOzoneClusterImpl-c188a606-c3de-4bac-92d1-570b5b7100db/datanode-6/data/ratis/7bf2dd79-5388-4703-95b3-6d4e63a0e396
2019-10-10 13:32:03,986 [pool-443-thread-1] INFO  server.RaftServerConfigKeys (ConfUtils.java:logGet(43)) - raft.server.log.queue.byte-limit = 2147483647 (custom)
2019-10-10 13:32:03,986 [pool-443-thread-1] INFO  server.RaftServerConfigKeys (ConfUtils.java:logGet(43)) - raft.server.log.queue.element-limit = 1024 (custom)
2019-10-10 13:32:03,986 [pool-443-thread-1] INFO  server.RaftServerConfigKeys (ConfUtils.java:logGet(43)) - raft.server.log.segment.size.max = 1048576 (custom)
2019-10-10 13:32:03,986 [pool-443-thread-1] INFO  server.RaftServerConfigKeys (ConfUtils.java:logGet(43)) - raft.server.log.preallocated.size = 16384 (custom)
2019-10-10 13:32:03,986 [pool-443-thread-1] INFO  server.RaftServerConfigKeys (ConfUtils.java:logGet(43)) - raft.server.log.write.buffer.size = 33554432 (custom)
2019-10-10 13:32:03,986 [pool-443-thread-1] INFO  server.RaftServerConfigKeys (ConfUtils.java:logGet(43)) - raft.server.log.force.sync.num = 128 (default)
2019-10-10 13:32:03,986 [pool-443-thread-1] INFO  server.RaftServerConfigKeys (ConfUtils.java:logGet(43)) - raft.server.log.statemachine.data.sync = true (default)
2019-10-10 13:32:03,987 [pool-443-thread-1] INFO  server.RaftServerConfigKeys (ConfUtils.java:logGet(43)) - raft.server.log.statemachine.data.sync.timeout = 10s (default)
2019-10-10 13:32:03,987 [pool-443-thread-1] INFO  server.RaftServerConfigKeys (ConfUtils.java:logGet(43)) - raft.server.log.statemachine.data.sync.timeout.retry = -1 (default)
2019-10-10 13:32:03,987 [pool-443-thread-1] INFO  server.RaftServerConfigKeys (ConfUtils.java:logGet(43)) - raft.server.log.statemachine.data.caching.enabled = true (custom)
2019-10-10 13:32:03,987 [pool-443-thread-1] INFO  segmented.SegmentedRaftLogWorker (SegmentedRaftLogWorker.java:lambda$new$0(128)) - 9a405eda-bea2-4e42-9c5b-926ff9297bde@group-6D4E63A0E396-SegmentedRaftLogWorker: flushIndex: setUnconditionally 0 -> -1
2019-10-10 13:32:03,988 [pool-443-thread-1] INFO  server.RaftServerConfigKeys (ConfUtils.java:logGet(43)) - raft.server.snapshot.auto.trigger.enabled = true (custom)
2019-10-10 13:32:03,988 [pool-443-thread-1] INFO  server.RaftServerConfigKeys (ConfUtils.java:logGet(43)) - raft.server.snapshot.auto.trigger.threshold = 10000 (custom)
2019-10-10 13:32:03,988 [pool-443-thread-1] INFO  server.RaftServerConfigKeys (ConfUtils.java:logGet(43)) - raft.server.snapshot.retention.file.num = 5 (custom)
2019-10-10 13:32:03,988 [pool-443-thread-1] INFO  server.RaftServerConfigKeys (ConfUtils.java:logGet(43)) - raft.server.retrycache.expirytime = 600000ms (custom)
2019-10-10 13:32:03,990 [pool-443-thread-1] INFO  impl.RaftServerImpl (RaftServerImpl.java:start(181)) - 9a405eda-bea2-4e42-9c5b-926ff9297bde@group-6D4E63A0E396: start as a follower, conf=-1: [9a405eda-bea2-4e42-9c5b-926ff9297bde:192.168.164.230:37479], old=null
2019-10-10 13:32:03,990 [pool-443-thread-1] INFO  impl.RaftServerImpl (RaftServerImpl.java:setRole(170)) - 9a405eda-bea2-4e42-9c5b-926ff9297bde@group-6D4E63A0E396: changes role from      null to FOLLOWER at term 0 for startAsFollower
2019-10-10 13:32:03,990 [pool-443-thread-1] INFO  impl.RoleInfo (RoleInfo.java:updateAndGet(143)) - 9a405eda-bea2-4e42-9c5b-926ff9297bde: start FollowerState
2019-10-10 13:32:03,991 [pool-443-thread-1] INFO  util.JmxRegister (JmxRegister.java:tryRegister(44)) - Successfully registered JMX Bean with object name Ratis:service=RaftServer,group=group-6D4E63A0E396,id=9a405eda-bea2-4e42-9c5b-926ff9297bde
2019-10-10 13:32:03,995 [RatisPipelineUtilsThread] INFO  pipeline.PipelineStateManager (PipelineStateManager.java:addPipeline(56)) - Created pipeline Pipeline[ Id: 7bf2dd79-5388-4703-95b3-6d4e63a0e396, Nodes: 9a405eda-bea2-4e42-9c5b-926ff9297bde{ip: 192.168.164.230, host: pr-hdds-2280-tn9v7-3755420433, networkLocation: /default-rack, certSerialId: null}, Type:RATIS, Factor:ONE, State:OPEN]
2019-10-10 13:32:04,003 [grpc-default-executor-3] INFO  impl.RaftServerProxy (RaftServerProxy.java:addNew(89)) - b23aa8e4-3d65-46af-963e-a28b41db5fb0: addNew group-FD58D0B2C000:[b23aa8e4-3d65-46af-963e-a28b41db5fb0:192.168.164.230:46615] returns group-FD58D0B2C000:java.util.concurrent.CompletableFuture@512dacdf[Not completed]
2019-10-10 13:32:04,004 [pool-413-thread-1] INFO  impl.RaftServerImpl (RaftServerImpl.java:<init>(95)) - b23aa8e4-3d65-46af-963e-a28b41db5fb0: new RaftServerImpl for group-FD58D0B2C000:[b23aa8e4-3d65-46af-963e-a28b41db5fb0:192.168.164.230:46615] with ContainerStateMachine:uninitialized
2019-10-10 13:32:04,004 [pool-413-thread-1] INFO  server.RaftServerConfigKeys (ConfUtils.java:logGet(43)) - raft.server.rpc.timeout.min = 5s (custom)
2019-10-10 13:32:04,004 [pool-413-thread-1] INFO  server.RaftServerConfigKeys (ConfUtils.java:logGet(43)) - raft.server.rpc.timeout.max = 5200ms (custom)
2019-10-10 13:32:04,005 [pool-413-thread-1] INFO  server.RaftServerConfigKeys (ConfUtils.java:logGet(43)) - raft.server.rpcslowness.timeout = 120s (custom)
2019-10-10 13:32:04,005 [pool-413-thread-1] INFO  server.RaftServerConfigKeys (ConfUtils.java:logGet(43)) - raft.server.sleep.deviation.threshold = 300 (default)
2019-10-10 13:32:04,005 [pool-413-thread-1] INFO  server.RaftServerConfigKeys (ConfUtils.java:logGet(43)) - raft.server.log.appender.install.snapshot.enabled = false (custom)
2019-10-10 13:32:04,005 [pool-413-thread-1] INFO  impl.RaftServerImpl (ServerState.java:<init>(103)) - b23aa8e4-3d65-46af-963e-a28b41db5fb0@group-FD58D0B2C000: ConfigurationManager, init=-1: [b23aa8e4-3d65-46af-963e-a28b41db5fb0:192.168.164.230:46615], old=null, confs=<EMPTY_MAP>
2019-10-10 13:32:04,005 [pool-413-thread-1] INFO  server.RaftServerConfigKeys (ConfUtils.java:logGet(43)) - raft.server.storage.dir = [/workdir/hadoop-ozone/integration-test/target/test-dir/MiniOzoneClusterImpl-c188a606-c3de-4bac-92d1-570b5b7100db/datanode-3/data/ratis] (custom)
2019-10-10 13:32:04,005 [pool-413-thread-1] INFO  server.RaftServerConfigKeys (ConfUtils.java:logGet(43)) - raft.server.log.corruption.policy = EXCEPTION (default)
2019-10-10 13:32:04,005 [pool-413-thread-1] INFO  storage.RaftStorageDirectory (RaftStorageDirectory.java:analyzeStorage(246)) - The storage directory /workdir/hadoop-ozone/integration-test/target/test-dir/MiniOzoneClusterImpl-c188a606-c3de-4bac-92d1-570b5b7100db/datanode-3/data/ratis/fd770c3e-fbce-41bc-9a25-fd58d0b2c000 does not exist. Creating ...
2019-10-10 13:32:04,018 [pool-413-thread-1] INFO  storage.RaftStorageDirectory (RaftStorageDirectory.java:tryLock(328)) - Lock on /workdir/hadoop-ozone/integration-test/target/test-dir/MiniOzoneClusterImpl-c188a606-c3de-4bac-92d1-570b5b7100db/datanode-3/data/ratis/fd770c3e-fbce-41bc-9a25-fd58d0b2c000/in_use.lock acquired by nodename 18129@pr-hdds-2280-tn9v7-3755420433
2019-10-10 13:32:04,031 [pool-413-thread-1] INFO  storage.RaftStorage (RaftStorage.java:format(84)) - Storage directory /workdir/hadoop-ozone/integration-test/target/test-dir/MiniOzoneClusterImpl-c188a606-c3de-4bac-92d1-570b5b7100db/datanode-3/data/ratis/fd770c3e-fbce-41bc-9a25-fd58d0b2c000 has been successfully formatted.
2019-10-10 13:32:04,031 [pool-413-thread-1] INFO  ratis.ContainerStateMachine (ContainerStateMachine.java:loadSnapshot(231)) - group-FD58D0B2C000: The snapshot info is null. Setting the last applied indexto:(t:0, i:~)
2019-10-10 13:32:04,031 [pool-413-thread-1] INFO  server.RaftServerConfigKeys (ConfUtils.java:logGet(43)) - raft.server.notification.no-leader.timeout = 120s (custom)
2019-10-10 13:32:04,031 [pool-413-thread-1] INFO  server.RaftServerConfigKeys (ConfUtils.java:logGet(43)) - raft.server.log.use.memory = false (default)
2019-10-10 13:32:04,031 [pool-413-thread-1] INFO  server.RaftServerConfigKeys (ConfUtils.java:logGet(43)) - raft.server.log.purge.gap = 1000000 (custom)
2019-10-10 13:32:04,031 [pool-413-thread-1] INFO  server.RaftServerConfigKeys (ConfUtils.java:logGet(43)) - raft.server.log.appender.buffer.byte-limit = 33554432 (custom)
2019-10-10 13:32:04,032 [pool-413-thread-1] INFO  server.RaftServerConfigKeys (ConfUtils.java:logGet(43)) - raft.server.log.segment.size.max = 1048576 (custom)
2019-10-10 13:32:04,033 [pool-413-thread-1] INFO  server.RaftServerConfigKeys (ConfUtils.java:logGet(43)) - raft.server.log.segment.cache.num.max = 2 (custom)
2019-10-10 13:32:04,033 [pool-413-thread-1] INFO  segmented.SegmentedRaftLogWorker (SegmentedRaftLogWorker.java:<init>(173)) - new b23aa8e4-3d65-46af-963e-a28b41db5fb0@group-FD58D0B2C000-SegmentedRaftLogWorker for RaftStorage:Storage Directory /workdir/hadoop-ozone/integration-test/target/test-dir/MiniOzoneClusterImpl-c188a606-c3de-4bac-92d1-570b5b7100db/datanode-3/data/ratis/fd770c3e-fbce-41bc-9a25-fd58d0b2c000
2019-10-10 13:32:04,033 [pool-413-thread-1] INFO  server.RaftServerConfigKeys (ConfUtils.java:logGet(43)) - raft.server.log.queue.byte-limit = 2147483647 (custom)
2019-10-10 13:32:04,033 [pool-413-thread-1] INFO  server.RaftServerConfigKeys (ConfUtils.java:logGet(43)) - raft.server.log.queue.element-limit = 1024 (custom)
2019-10-10 13:32:04,033 [pool-413-thread-1] INFO  server.RaftServerConfigKeys (ConfUtils.java:logGet(43)) - raft.server.log.segment.size.max = 1048576 (custom)
2019-10-10 13:32:04,034 [pool-413-thread-1] INFO  server.RaftServerConfigKeys (ConfUtils.java:logGet(43)) - raft.server.log.preallocated.size = 16384 (custom)
2019-10-10 13:32:04,034 [pool-413-thread-1] INFO  server.RaftServerConfigKeys (ConfUtils.java:logGet(43)) - raft.server.log.write.buffer.size = 33554432 (custom)
2019-10-10 13:32:04,034 [pool-413-thread-1] INFO  server.RaftServerConfigKeys (ConfUtils.java:logGet(43)) - raft.server.log.force.sync.num = 128 (default)
2019-10-10 13:32:04,034 [pool-413-thread-1] INFO  server.RaftServerConfigKeys (ConfUtils.java:logGet(43)) - raft.server.log.statemachine.data.sync = true (default)
2019-10-10 13:32:04,034 [pool-413-thread-1] INFO  server.RaftServerConfigKeys (ConfUtils.java:logGet(43)) - raft.server.log.statemachine.data.sync.timeout = 10s (default)
2019-10-10 13:32:04,034 [pool-413-thread-1] INFO  server.RaftServerConfigKeys (ConfUtils.java:logGet(43)) - raft.server.log.statemachine.data.sync.timeout.retry = -1 (default)
2019-10-10 13:32:04,034 [pool-413-thread-1] INFO  server.RaftServerConfigKeys (ConfUtils.java:logGet(43)) - raft.server.log.statemachine.data.caching.enabled = true (custom)
2019-10-10 13:32:04,035 [pool-413-thread-1] INFO  segmented.SegmentedRaftLogWorker (SegmentedRaftLogWorker.java:lambda$new$0(128)) - b23aa8e4-3d65-46af-963e-a28b41db5fb0@group-FD58D0B2C000-SegmentedRaftLogWorker: flushIndex: setUnconditionally 0 -> -1
2019-10-10 13:32:04,035 [pool-413-thread-1] INFO  server.RaftServerConfigKeys (ConfUtils.java:logGet(43)) - raft.server.snapshot.auto.trigger.enabled = true (custom)
2019-10-10 13:32:04,035 [pool-413-thread-1] INFO  server.RaftServerConfigKeys (ConfUtils.java:logGet(43)) - raft.server.snapshot.auto.trigger.threshold = 10000 (custom)
2019-10-10 13:32:04,035 [pool-413-thread-1] INFO  server.RaftServerConfigKeys (ConfUtils.java:logGet(43)) - raft.server.snapshot.retention.file.num = 5 (custom)
2019-10-10 13:32:04,035 [pool-413-thread-1] INFO  server.RaftServerConfigKeys (ConfUtils.java:logGet(43)) - raft.server.retrycache.expirytime = 600000ms (custom)
2019-10-10 13:32:04,036 [pool-413-thread-1] INFO  impl.RaftServerImpl (RaftServerImpl.java:start(181)) - b23aa8e4-3d65-46af-963e-a28b41db5fb0@group-FD58D0B2C000: start as a follower, conf=-1: [b23aa8e4-3d65-46af-963e-a28b41db5fb0:192.168.164.230:46615], old=null
2019-10-10 13:32:04,036 [pool-413-thread-1] INFO  impl.RaftServerImpl (RaftServerImpl.java:setRole(170)) - b23aa8e4-3d65-46af-963e-a28b41db5fb0@group-FD58D0B2C000: changes role from      null to FOLLOWER at term 0 for startAsFollower
2019-10-10 13:32:04,037 [pool-413-thread-1] INFO  impl.RoleInfo (RoleInfo.java:updateAndGet(143)) - b23aa8e4-3d65-46af-963e-a28b41db5fb0: start FollowerState
2019-10-10 13:32:04,037 [pool-413-thread-1] INFO  util.JmxRegister (JmxRegister.java:tryRegister(44)) - Successfully registered JMX Bean with object name Ratis:service=RaftServer,group=group-FD58D0B2C000,id=b23aa8e4-3d65-46af-963e-a28b41db5fb0
2019-10-10 13:32:04,041 [RatisPipelineUtilsThread] INFO  pipeline.PipelineStateManager (PipelineStateManager.java:addPipeline(56)) - Created pipeline Pipeline[ Id: fd770c3e-fbce-41bc-9a25-fd58d0b2c000, Nodes: b23aa8e4-3d65-46af-963e-a28b41db5fb0{ip: 192.168.164.230, host: pr-hdds-2280-tn9v7-3755420433, networkLocation: /default-rack, certSerialId: null}, Type:RATIS, Factor:ONE, State:OPEN]
2019-10-10 13:32:04,061 [grpc-default-executor-8] INFO  impl.RaftServerProxy (RaftServerProxy.java:addNew(89)) - 9a405eda-bea2-4e42-9c5b-926ff9297bde: addNew group-CF01E124039D:[8010a7e6-8fd0-47b5-90e9-f8c60b8ca0e7:192.168.164.230:42313, b415fcc4-6df1-4ef2-a996-fc4ba4d7bef8:192.168.164.230:33911, 9a405eda-bea2-4e42-9c5b-926ff9297bde:192.168.164.230:37479] returns group-CF01E124039D:java.util.concurrent.CompletableFuture@407e1556[Not completed]
2019-10-10 13:32:04,061 [grpc-default-executor-3] INFO  impl.RaftServerProxy (RaftServerProxy.java:addNew(89)) - 8010a7e6-8fd0-47b5-90e9-f8c60b8ca0e7: addNew group-CF01E124039D:[8010a7e6-8fd0-47b5-90e9-f8c60b8ca0e7:192.168.164.230:42313, b415fcc4-6df1-4ef2-a996-fc4ba4d7bef8:192.168.164.230:33911, 9a405eda-bea2-4e42-9c5b-926ff9297bde:192.168.164.230:37479] returns group-CF01E124039D:java.util.concurrent.CompletableFuture@6202457e[Not completed]
2019-10-10 13:32:04,061 [grpc-default-executor-5] INFO  impl.RaftServerProxy (RaftServerProxy.java:addNew(89)) - b415fcc4-6df1-4ef2-a996-fc4ba4d7bef8: addNew group-CF01E124039D:[8010a7e6-8fd0-47b5-90e9-f8c60b8ca0e7:192.168.164.230:42313, b415fcc4-6df1-4ef2-a996-fc4ba4d7bef8:192.168.164.230:33911, 9a405eda-bea2-4e42-9c5b-926ff9297bde:192.168.164.230:37479] returns group-CF01E124039D:java.util.concurrent.CompletableFuture@544ff3e[Not completed]
2019-10-10 13:32:04,062 [pool-443-thread-1] INFO  impl.RaftServerImpl (RaftServerImpl.java:<init>(95)) - 9a405eda-bea2-4e42-9c5b-926ff9297bde: new RaftServerImpl for group-CF01E124039D:[8010a7e6-8fd0-47b5-90e9-f8c60b8ca0e7:192.168.164.230:42313, b415fcc4-6df1-4ef2-a996-fc4ba4d7bef8:192.168.164.230:33911, 9a405eda-bea2-4e42-9c5b-926ff9297bde:192.168.164.230:37479] with ContainerStateMachine:uninitialized
2019-10-10 13:32:04,062 [pool-443-thread-1] INFO  server.RaftServerConfigKeys (ConfUtils.java:logGet(43)) - raft.server.rpc.timeout.min = 5s (custom)
2019-10-10 13:32:04,062 [pool-433-thread-1] INFO  impl.RaftServerImpl (RaftServerImpl.java:<init>(95)) - 8010a7e6-8fd0-47b5-90e9-f8c60b8ca0e7: new RaftServerImpl for group-CF01E124039D:[8010a7e6-8fd0-47b5-90e9-f8c60b8ca0e7:192.168.164.230:42313, b415fcc4-6df1-4ef2-a996-fc4ba4d7bef8:192.168.164.230:33911, 9a405eda-bea2-4e42-9c5b-926ff9297bde:192.168.164.230:37479] with ContainerStateMachine:uninitialized
2019-10-10 13:32:04,062 [pool-443-thread-1] INFO  server.RaftServerConfigKeys (ConfUtils.java:logGet(43)) - raft.server.rpc.timeout.max = 5200ms (custom)
2019-10-10 13:32:04,062 [pool-433-thread-1] INFO  server.RaftServerConfigKeys (ConfUtils.java:logGet(43)) - raft.server.rpc.timeout.min = 5s (custom)
2019-10-10 13:32:04,063 [pool-443-thread-1] INFO  server.RaftServerConfigKeys (ConfUtils.java:logGet(43)) - raft.server.rpcslowness.timeout = 120s (custom)
2019-10-10 13:32:04,063 [pool-423-thread-1] INFO  impl.RaftServerImpl (RaftServerImpl.java:<init>(95)) - b415fcc4-6df1-4ef2-a996-fc4ba4d7bef8: new RaftServerImpl for group-CF01E124039D:[8010a7e6-8fd0-47b5-90e9-f8c60b8ca0e7:192.168.164.230:42313, b415fcc4-6df1-4ef2-a996-fc4ba4d7bef8:192.168.164.230:33911, 9a405eda-bea2-4e42-9c5b-926ff9297bde:192.168.164.230:37479] with ContainerStateMachine:uninitialized
2019-10-10 13:32:04,063 [pool-433-thread-1] INFO  server.RaftServerConfigKeys (ConfUtils.java:logGet(43)) - raft.server.rpc.timeout.max = 5200ms (custom)
2019-10-10 13:32:04,063 [pool-423-thread-1] INFO  server.RaftServerConfigKeys (ConfUtils.java:logGet(43)) - raft.server.rpc.timeout.min = 5s (custom)
2019-10-10 13:32:04,063 [pool-443-thread-1] INFO  server.RaftServerConfigKeys (ConfUtils.java:logGet(43)) - raft.server.sleep.deviation.threshold = 300 (default)
2019-10-10 13:32:04,063 [pool-423-thread-1] INFO  server.RaftServerConfigKeys (ConfUtils.java:logGet(43)) - raft.server.rpc.timeout.max = 5200ms (custom)
2019-10-10 13:32:04,063 [pool-433-thread-1] INFO  server.RaftServerConfigKeys (ConfUtils.java:logGet(43)) - raft.server.rpcslowness.timeout = 120s (custom)
2019-10-10 13:32:04,063 [pool-423-thread-1] INFO  server.RaftServerConfigKeys (ConfUtils.java:logGet(43)) - raft.server.rpcslowness.timeout = 120s (custom)
2019-10-10 13:32:04,063 [pool-443-thread-1] INFO  server.RaftServerConfigKeys (ConfUtils.java:logGet(43)) - raft.server.log.appender.install.snapshot.enabled = false (custom)
2019-10-10 13:32:04,064 [pool-423-thread-1] INFO  server.RaftServerConfigKeys (ConfUtils.java:logGet(43)) - raft.server.sleep.deviation.threshold = 300 (default)
2019-10-10 13:32:04,064 [pool-423-thread-1] INFO  server.RaftServerConfigKeys (ConfUtils.java:logGet(43)) - raft.server.log.appender.install.snapshot.enabled = false (custom)
2019-10-10 13:32:04,064 [pool-433-thread-1] INFO  server.RaftServerConfigKeys (ConfUtils.java:logGet(43)) - raft.server.sleep.deviation.threshold = 300 (default)
2019-10-10 13:32:04,064 [pool-423-thread-1] INFO  impl.RaftServerImpl (ServerState.java:<init>(103)) - b415fcc4-6df1-4ef2-a996-fc4ba4d7bef8@group-CF01E124039D: ConfigurationManager, init=-1: [8010a7e6-8fd0-47b5-90e9-f8c60b8ca0e7:192.168.164.230:42313, b415fcc4-6df1-4ef2-a996-fc4ba4d7bef8:192.168.164.230:33911, 9a405eda-bea2-4e42-9c5b-926ff9297bde:192.168.164.230:37479], old=null, confs=<EMPTY_MAP>
2019-10-10 13:32:04,064 [pool-443-thread-1] INFO  impl.RaftServerImpl (ServerState.java:<init>(103)) - 9a405eda-bea2-4e42-9c5b-926ff9297bde@group-CF01E124039D: ConfigurationManager, init=-1: [8010a7e6-8fd0-47b5-90e9-f8c60b8ca0e7:192.168.164.230:42313, b415fcc4-6df1-4ef2-a996-fc4ba4d7bef8:192.168.164.230:33911, 9a405eda-bea2-4e42-9c5b-926ff9297bde:192.168.164.230:37479], old=null, confs=<EMPTY_MAP>
2019-10-10 13:32:04,064 [pool-423-thread-1] INFO  server.RaftServerConfigKeys (ConfUtils.java:logGet(43)) - raft.server.storage.dir = [/workdir/hadoop-ozone/integration-test/target/test-dir/MiniOzoneClusterImpl-c188a606-c3de-4bac-92d1-570b5b7100db/datanode-4/data/ratis] (custom)
2019-10-10 13:32:04,064 [pool-433-thread-1] INFO  server.RaftServerConfigKeys (ConfUtils.java:logGet(43)) - raft.server.log.appender.install.snapshot.enabled = false (custom)
2019-10-10 13:32:04,064 [pool-443-thread-1] INFO  server.RaftServerConfigKeys (ConfUtils.java:logGet(43)) - raft.server.storage.dir = [/workdir/hadoop-ozone/integration-test/target/test-dir/MiniOzoneClusterImpl-c188a606-c3de-4bac-92d1-570b5b7100db/datanode-6/data/ratis] (custom)
2019-10-10 13:32:04,065 [pool-423-thread-1] INFO  server.RaftServerConfigKeys (ConfUtils.java:logGet(43)) - raft.server.log.corruption.policy = EXCEPTION (default)
2019-10-10 13:32:04,065 [pool-443-thread-1] INFO  server.RaftServerConfigKeys (ConfUtils.java:logGet(43)) - raft.server.log.corruption.policy = EXCEPTION (default)
2019-10-10 13:32:04,065 [pool-433-thread-1] INFO  impl.RaftServerImpl (ServerState.java:<init>(103)) - 8010a7e6-8fd0-47b5-90e9-f8c60b8ca0e7@group-CF01E124039D: ConfigurationManager, init=-1: [8010a7e6-8fd0-47b5-90e9-f8c60b8ca0e7:192.168.164.230:42313, b415fcc4-6df1-4ef2-a996-fc4ba4d7bef8:192.168.164.230:33911, 9a405eda-bea2-4e42-9c5b-926ff9297bde:192.168.164.230:37479], old=null, confs=<EMPTY_MAP>
2019-10-10 13:32:04,065 [pool-423-thread-1] INFO  storage.RaftStorageDirectory (RaftStorageDirectory.java:analyzeStorage(246)) - The storage directory /workdir/hadoop-ozone/integration-test/target/test-dir/MiniOzoneClusterImpl-c188a606-c3de-4bac-92d1-570b5b7100db/datanode-4/data/ratis/f4299fb2-196c-4166-b545-cf01e124039d does not exist. Creating ...
2019-10-10 13:32:04,065 [pool-433-thread-1] INFO  server.RaftServerConfigKeys (ConfUtils.java:logGet(43)) - raft.server.storage.dir = [/workdir/hadoop-ozone/integration-test/target/test-dir/MiniOzoneClusterImpl-c188a606-c3de-4bac-92d1-570b5b7100db/datanode-5/data/ratis] (custom)
2019-10-10 13:32:04,065 [pool-443-thread-1] INFO  storage.RaftStorageDirectory (RaftStorageDirectory.java:analyzeStorage(246)) - The storage directory /workdir/hadoop-ozone/integration-test/target/test-dir/MiniOzoneClusterImpl-c188a606-c3de-4bac-92d1-570b5b7100db/datanode-6/data/ratis/f4299fb2-196c-4166-b545-cf01e124039d does not exist. Creating ...
2019-10-10 13:32:04,065 [pool-433-thread-1] INFO  server.RaftServerConfigKeys (ConfUtils.java:logGet(43)) - raft.server.log.corruption.policy = EXCEPTION (default)
2019-10-10 13:32:04,066 [pool-433-thread-1] INFO  storage.RaftStorageDirectory (RaftStorageDirectory.java:analyzeStorage(246)) - The storage directory /workdir/hadoop-ozone/integration-test/target/test-dir/MiniOzoneClusterImpl-c188a606-c3de-4bac-92d1-570b5b7100db/datanode-5/data/ratis/f4299fb2-196c-4166-b545-cf01e124039d does not exist. Creating ...
2019-10-10 13:32:04,090 [pool-423-thread-1] INFO  storage.RaftStorageDirectory (RaftStorageDirectory.java:tryLock(328)) - Lock on /workdir/hadoop-ozone/integration-test/target/test-dir/MiniOzoneClusterImpl-c188a606-c3de-4bac-92d1-570b5b7100db/datanode-4/data/ratis/f4299fb2-196c-4166-b545-cf01e124039d/in_use.lock acquired by nodename 18129@pr-hdds-2280-tn9v7-3755420433
2019-10-10 13:32:04,090 [pool-433-thread-1] INFO  storage.RaftStorageDirectory (RaftStorageDirectory.java:tryLock(328)) - Lock on /workdir/hadoop-ozone/integration-test/target/test-dir/MiniOzoneClusterImpl-c188a606-c3de-4bac-92d1-570b5b7100db/datanode-5/data/ratis/f4299fb2-196c-4166-b545-cf01e124039d/in_use.lock acquired by nodename 18129@pr-hdds-2280-tn9v7-3755420433
2019-10-10 13:32:04,090 [pool-443-thread-1] INFO  storage.RaftStorageDirectory (RaftStorageDirectory.java:tryLock(328)) - Lock on /workdir/hadoop-ozone/integration-test/target/test-dir/MiniOzoneClusterImpl-c188a606-c3de-4bac-92d1-570b5b7100db/datanode-6/data/ratis/f4299fb2-196c-4166-b545-cf01e124039d/in_use.lock acquired by nodename 18129@pr-hdds-2280-tn9v7-3755420433
2019-10-10 13:32:04,097 [pool-423-thread-1] INFO  storage.RaftStorage (RaftStorage.java:format(84)) - Storage directory /workdir/hadoop-ozone/integration-test/target/test-dir/MiniOzoneClusterImpl-c188a606-c3de-4bac-92d1-570b5b7100db/datanode-4/data/ratis/f4299fb2-196c-4166-b545-cf01e124039d has been successfully formatted.
2019-10-10 13:32:04,097 [pool-433-thread-1] INFO  storage.RaftStorage (RaftStorage.java:format(84)) - Storage directory /workdir/hadoop-ozone/integration-test/target/test-dir/MiniOzoneClusterImpl-c188a606-c3de-4bac-92d1-570b5b7100db/datanode-5/data/ratis/f4299fb2-196c-4166-b545-cf01e124039d has been successfully formatted.
2019-10-10 13:32:04,097 [pool-443-thread-1] INFO  storage.RaftStorage (RaftStorage.java:format(84)) - Storage directory /workdir/hadoop-ozone/integration-test/target/test-dir/MiniOzoneClusterImpl-c188a606-c3de-4bac-92d1-570b5b7100db/datanode-6/data/ratis/f4299fb2-196c-4166-b545-cf01e124039d has been successfully formatted.
2019-10-10 13:32:04,097 [pool-423-thread-1] INFO  ratis.ContainerStateMachine (ContainerStateMachine.java:loadSnapshot(231)) - group-CF01E124039D: The snapshot info is null. Setting the last applied indexto:(t:0, i:~)
2019-10-10 13:32:04,097 [pool-433-thread-1] INFO  ratis.ContainerStateMachine (ContainerStateMachine.java:loadSnapshot(231)) - group-CF01E124039D: The snapshot info is null. Setting the last applied indexto:(t:0, i:~)
2019-10-10 13:32:04,097 [pool-443-thread-1] INFO  ratis.ContainerStateMachine (ContainerStateMachine.java:loadSnapshot(231)) - group-CF01E124039D: The snapshot info is null. Setting the last applied indexto:(t:0, i:~)
2019-10-10 13:32:04,097 [pool-433-thread-1] INFO  server.RaftServerConfigKeys (ConfUtils.java:logGet(43)) - raft.server.notification.no-leader.timeout = 120s (custom)
2019-10-10 13:32:04,097 [pool-423-thread-1] INFO  server.RaftServerConfigKeys (ConfUtils.java:logGet(43)) - raft.server.notification.no-leader.timeout = 120s (custom)
2019-10-10 13:32:04,097 [pool-433-thread-1] INFO  server.RaftServerConfigKeys (ConfUtils.java:logGet(43)) - raft.server.log.use.memory = false (default)
2019-10-10 13:32:04,097 [pool-443-thread-1] INFO  server.RaftServerConfigKeys (ConfUtils.java:logGet(43)) - raft.server.notification.no-leader.timeout = 120s (custom)
2019-10-10 13:32:04,098 [pool-433-thread-1] INFO  server.RaftServerConfigKeys (ConfUtils.java:logGet(43)) - raft.server.log.purge.gap = 1000000 (custom)
2019-10-10 13:32:04,098 [pool-423-thread-1] INFO  server.RaftServerConfigKeys (ConfUtils.java:logGet(43)) - raft.server.log.use.memory = false (default)
2019-10-10 13:32:04,098 [pool-433-thread-1] INFO  server.RaftServerConfigKeys (ConfUtils.java:logGet(43)) - raft.server.log.appender.buffer.byte-limit = 33554432 (custom)
2019-10-10 13:32:04,098 [pool-443-thread-1] INFO  server.RaftServerConfigKeys (ConfUtils.java:logGet(43)) - raft.server.log.use.memory = false (default)
2019-10-10 13:32:04,098 [pool-433-thread-1] INFO  server.RaftServerConfigKeys (ConfUtils.java:logGet(43)) - raft.server.log.segment.size.max = 1048576 (custom)
2019-10-10 13:32:04,098 [pool-423-thread-1] INFO  server.RaftServerConfigKeys (ConfUtils.java:logGet(43)) - raft.server.log.purge.gap = 1000000 (custom)
2019-10-10 13:32:04,098 [pool-433-thread-1] INFO  server.RaftServerConfigKeys (ConfUtils.java:logGet(43)) - raft.server.log.segment.cache.num.max = 2 (custom)
2019-10-10 13:32:04,098 [pool-443-thread-1] INFO  server.RaftServerConfigKeys (ConfUtils.java:logGet(43)) - raft.server.log.purge.gap = 1000000 (custom)
2019-10-10 13:32:04,099 [pool-433-thread-1] INFO  segmented.SegmentedRaftLogWorker (SegmentedRaftLogWorker.java:<init>(173)) - new 8010a7e6-8fd0-47b5-90e9-f8c60b8ca0e7@group-CF01E124039D-SegmentedRaftLogWorker for RaftStorage:Storage Directory /workdir/hadoop-ozone/integration-test/target/test-dir/MiniOzoneClusterImpl-c188a606-c3de-4bac-92d1-570b5b7100db/datanode-5/data/ratis/f4299fb2-196c-4166-b545-cf01e124039d
2019-10-10 13:32:04,099 [pool-423-thread-1] INFO  server.RaftServerConfigKeys (ConfUtils.java:logGet(43)) - raft.server.log.appender.buffer.byte-limit = 33554432 (custom)
2019-10-10 13:32:04,099 [pool-433-thread-1] INFO  server.RaftServerConfigKeys (ConfUtils.java:logGet(43)) - raft.server.log.queue.byte-limit = 2147483647 (custom)
2019-10-10 13:32:04,099 [pool-443-thread-1] INFO  server.RaftServerConfigKeys (ConfUtils.java:logGet(43)) - raft.server.log.appender.buffer.byte-limit = 33554432 (custom)
2019-10-10 13:32:04,099 [pool-433-thread-1] INFO  server.RaftServerConfigKeys (ConfUtils.java:logGet(43)) - raft.server.log.queue.element-limit = 1024 (custom)
2019-10-10 13:32:04,099 [pool-423-thread-1] INFO  server.RaftServerConfigKeys (ConfUtils.java:logGet(43)) - raft.server.log.segment.size.max = 1048576 (custom)
2019-10-10 13:32:04,099 [pool-433-thread-1] INFO  server.RaftServerConfigKeys (ConfUtils.java:logGet(43)) - raft.server.log.segment.size.max = 1048576 (custom)
2019-10-10 13:32:04,099 [pool-443-thread-1] INFO  server.RaftServerConfigKeys (ConfUtils.java:logGet(43)) - raft.server.log.segment.size.max = 1048576 (custom)
2019-10-10 13:32:04,100 [pool-433-thread-1] INFO  server.RaftServerConfigKeys (ConfUtils.java:logGet(43)) - raft.server.log.preallocated.size = 16384 (custom)
2019-10-10 13:32:04,099 [pool-423-thread-1] INFO  server.RaftServerConfigKeys (ConfUtils.java:logGet(43)) - raft.server.log.segment.cache.num.max = 2 (custom)
2019-10-10 13:32:04,100 [pool-433-thread-1] INFO  server.RaftServerConfigKeys (ConfUtils.java:logGet(43)) - raft.server.log.write.buffer.size = 33554432 (custom)
2019-10-10 13:32:04,100 [pool-443-thread-1] INFO  server.RaftServerConfigKeys (ConfUtils.java:logGet(43)) - raft.server.log.segment.cache.num.max = 2 (custom)
2019-10-10 13:32:04,100 [pool-433-thread-1] INFO  server.RaftServerConfigKeys (ConfUtils.java:logGet(43)) - raft.server.log.force.sync.num = 128 (default)
2019-10-10 13:32:04,100 [pool-423-thread-1] INFO  segmented.SegmentedRaftLogWorker (SegmentedRaftLogWorker.java:<init>(173)) - new b415fcc4-6df1-4ef2-a996-fc4ba4d7bef8@group-CF01E124039D-SegmentedRaftLogWorker for RaftStorage:Storage Directory /workdir/hadoop-ozone/integration-test/target/test-dir/MiniOzoneClusterImpl-c188a606-c3de-4bac-92d1-570b5b7100db/datanode-4/data/ratis/f4299fb2-196c-4166-b545-cf01e124039d
2019-10-10 13:32:04,100 [pool-433-thread-1] INFO  server.RaftServerConfigKeys (ConfUtils.java:logGet(43)) - raft.server.log.statemachine.data.sync = true (default)
2019-10-10 13:32:04,100 [pool-443-thread-1] INFO  segmented.SegmentedRaftLogWorker (SegmentedRaftLogWorker.java:<init>(173)) - new 9a405eda-bea2-4e42-9c5b-926ff9297bde@group-CF01E124039D-SegmentedRaftLogWorker for RaftStorage:Storage Directory /workdir/hadoop-ozone/integration-test/target/test-dir/MiniOzoneClusterImpl-c188a606-c3de-4bac-92d1-570b5b7100db/datanode-6/data/ratis/f4299fb2-196c-4166-b545-cf01e124039d
2019-10-10 13:32:04,101 [pool-433-thread-1] INFO  server.RaftServerConfigKeys (ConfUtils.java:logGet(43)) - raft.server.log.statemachine.data.sync.timeout = 10s (default)
2019-10-10 13:32:04,100 [pool-423-thread-1] INFO  server.RaftServerConfigKeys (ConfUtils.java:logGet(43)) - raft.server.log.queue.byte-limit = 2147483647 (custom)
2019-10-10 13:32:04,101 [pool-433-thread-1] INFO  server.RaftServerConfigKeys (ConfUtils.java:logGet(43)) - raft.server.log.statemachine.data.sync.timeout.retry = -1 (default)
2019-10-10 13:32:04,101 [pool-443-thread-1] INFO  server.RaftServerConfigKeys (ConfUtils.java:logGet(43)) - raft.server.log.queue.byte-limit = 2147483647 (custom)
2019-10-10 13:32:04,101 [pool-433-thread-1] INFO  server.RaftServerConfigKeys (ConfUtils.java:logGet(43)) - raft.server.log.statemachine.data.caching.enabled = true (custom)
2019-10-10 13:32:04,101 [pool-423-thread-1] INFO  server.RaftServerConfigKeys (ConfUtils.java:logGet(43)) - raft.server.log.queue.element-limit = 1024 (custom)
2019-10-10 13:32:04,101 [pool-433-thread-1] INFO  segmented.SegmentedRaftLogWorker (SegmentedRaftLogWorker.java:lambda$new$0(128)) - 8010a7e6-8fd0-47b5-90e9-f8c60b8ca0e7@group-CF01E124039D-SegmentedRaftLogWorker: flushIndex: setUnconditionally 0 -> -1
2019-10-10 13:32:04,101 [pool-443-thread-1] INFO  server.RaftServerConfigKeys (ConfUtils.java:logGet(43)) - raft.server.log.queue.element-limit = 1024 (custom)
2019-10-10 13:32:04,101 [pool-423-thread-1] INFO  server.RaftServerConfigKeys (ConfUtils.java:logGet(43)) - raft.server.log.segment.size.max = 1048576 (custom)
2019-10-10 13:32:04,102 [pool-433-thread-1] INFO  server.RaftServerConfigKeys (ConfUtils.java:logGet(43)) - raft.server.snapshot.auto.trigger.enabled = true (custom)
2019-10-10 13:32:04,102 [pool-443-thread-1] INFO  server.RaftServerConfigKeys (ConfUtils.java:logGet(43)) - raft.server.log.segment.size.max = 1048576 (custom)
2019-10-10 13:32:04,102 [pool-433-thread-1] INFO  server.RaftServerConfigKeys (ConfUtils.java:logGet(43)) - raft.server.snapshot.auto.trigger.threshold = 10000 (custom)
2019-10-10 13:32:04,102 [pool-423-thread-1] INFO  server.RaftServerConfigKeys (ConfUtils.java:logGet(43)) - raft.server.log.preallocated.size = 16384 (custom)
2019-10-10 13:32:04,102 [pool-433-thread-1] INFO  server.RaftServerConfigKeys (ConfUtils.java:logGet(43)) - raft.server.snapshot.retention.file.num = 5 (custom)
2019-10-10 13:32:04,102 [pool-443-thread-1] INFO  server.RaftServerConfigKeys (ConfUtils.java:logGet(43)) - raft.server.log.preallocated.size = 16384 (custom)
2019-10-10 13:32:04,102 [pool-433-thread-1] INFO  server.RaftServerConfigKeys (ConfUtils.java:logGet(43)) - raft.server.retrycache.expirytime = 600000ms (custom)
2019-10-10 13:32:04,102 [pool-423-thread-1] INFO  server.RaftServerConfigKeys (ConfUtils.java:logGet(43)) - raft.server.log.write.buffer.size = 33554432 (custom)
2019-10-10 13:32:04,103 [pool-443-thread-1] INFO  server.RaftServerConfigKeys (ConfUtils.java:logGet(43)) - raft.server.log.write.buffer.size = 33554432 (custom)
2019-10-10 13:32:04,103 [pool-423-thread-1] INFO  server.RaftServerConfigKeys (ConfUtils.java:logGet(43)) - raft.server.log.force.sync.num = 128 (default)
2019-10-10 13:32:04,103 [pool-443-thread-1] INFO  server.RaftServerConfigKeys (ConfUtils.java:logGet(43)) - raft.server.log.force.sync.num = 128 (default)
2019-10-10 13:32:04,103 [pool-423-thread-1] INFO  server.RaftServerConfigKeys (ConfUtils.java:logGet(43)) - raft.server.log.statemachine.data.sync = true (default)
2019-10-10 13:32:04,103 [pool-443-thread-1] INFO  server.RaftServerConfigKeys (ConfUtils.java:logGet(43)) - raft.server.log.statemachine.data.sync = true (default)
2019-10-10 13:32:04,103 [pool-423-thread-1] INFO  server.RaftServerConfigKeys (ConfUtils.java:logGet(43)) - raft.server.log.statemachine.data.sync.timeout = 10s (default)
2019-10-10 13:32:04,103 [pool-443-thread-1] INFO  server.RaftServerConfigKeys (ConfUtils.java:logGet(43)) - raft.server.log.statemachine.data.sync.timeout = 10s (default)
2019-10-10 13:32:04,103 [pool-423-thread-1] INFO  server.RaftServerConfigKeys (ConfUtils.java:logGet(43)) - raft.server.log.statemachine.data.sync.timeout.retry = -1 (default)
2019-10-10 13:32:04,104 [pool-443-thread-1] INFO  server.RaftServerConfigKeys (ConfUtils.java:logGet(43)) - raft.server.log.statemachine.data.sync.timeout.retry = -1 (default)
2019-10-10 13:32:04,104 [pool-423-thread-1] INFO  server.RaftServerConfigKeys (ConfUtils.java:logGet(43)) - raft.server.log.statemachine.data.caching.enabled = true (custom)
2019-10-10 13:32:04,104 [pool-443-thread-1] INFO  server.RaftServerConfigKeys (ConfUtils.java:logGet(43)) - raft.server.log.statemachine.data.caching.enabled = true (custom)
2019-10-10 13:32:04,104 [pool-423-thread-1] INFO  segmented.SegmentedRaftLogWorker (SegmentedRaftLogWorker.java:lambda$new$0(128)) - b415fcc4-6df1-4ef2-a996-fc4ba4d7bef8@group-CF01E124039D-SegmentedRaftLogWorker: flushIndex: setUnconditionally 0 -> -1
2019-10-10 13:32:04,104 [pool-443-thread-1] INFO  segmented.SegmentedRaftLogWorker (SegmentedRaftLogWorker.java:lambda$new$0(128)) - 9a405eda-bea2-4e42-9c5b-926ff9297bde@group-CF01E124039D-SegmentedRaftLogWorker: flushIndex: setUnconditionally 0 -> -1
2019-10-10 13:32:04,104 [pool-433-thread-1] INFO  impl.RaftServerImpl (RaftServerImpl.java:start(181)) - 8010a7e6-8fd0-47b5-90e9-f8c60b8ca0e7@group-CF01E124039D: start as a follower, conf=-1: [8010a7e6-8fd0-47b5-90e9-f8c60b8ca0e7:192.168.164.230:42313, b415fcc4-6df1-4ef2-a996-fc4ba4d7bef8:192.168.164.230:33911, 9a405eda-bea2-4e42-9c5b-926ff9297bde:192.168.164.230:37479], old=null
2019-10-10 13:32:04,105 [pool-443-thread-1] INFO  server.RaftServerConfigKeys (ConfUtils.java:logGet(43)) - raft.server.snapshot.auto.trigger.enabled = true (custom)
2019-10-10 13:32:04,104 [pool-423-thread-1] INFO  server.RaftServerConfigKeys (ConfUtils.java:logGet(43)) - raft.server.snapshot.auto.trigger.enabled = true (custom)
2019-10-10 13:32:04,105 [pool-443-thread-1] INFO  server.RaftServerConfigKeys (ConfUtils.java:logGet(43)) - raft.server.snapshot.auto.trigger.threshold = 10000 (custom)
2019-10-10 13:32:04,105 [pool-433-thread-1] INFO  impl.RaftServerImpl (RaftServerImpl.java:setRole(170)) - 8010a7e6-8fd0-47b5-90e9-f8c60b8ca0e7@group-CF01E124039D: changes role from      null to FOLLOWER at term 0 for startAsFollower
2019-10-10 13:32:04,105 [pool-443-thread-1] INFO  server.RaftServerConfigKeys (ConfUtils.java:logGet(43)) - raft.server.snapshot.retention.file.num = 5 (custom)
2019-10-10 13:32:04,105 [pool-423-thread-1] INFO  server.RaftServerConfigKeys (ConfUtils.java:logGet(43)) - raft.server.snapshot.auto.trigger.threshold = 10000 (custom)
2019-10-10 13:32:04,105 [pool-443-thread-1] INFO  server.RaftServerConfigKeys (ConfUtils.java:logGet(43)) - raft.server.retrycache.expirytime = 600000ms (custom)
2019-10-10 13:32:04,105 [pool-433-thread-1] INFO  impl.RoleInfo (RoleInfo.java:updateAndGet(143)) - 8010a7e6-8fd0-47b5-90e9-f8c60b8ca0e7: start FollowerState
2019-10-10 13:32:04,105 [pool-423-thread-1] INFO  server.RaftServerConfigKeys (ConfUtils.java:logGet(43)) - raft.server.snapshot.retention.file.num = 5 (custom)
2019-10-10 13:32:04,106 [pool-433-thread-1] INFO  util.JmxRegister (JmxRegister.java:tryRegister(44)) - Successfully registered JMX Bean with object name Ratis:service=RaftServer,group=group-CF01E124039D,id=8010a7e6-8fd0-47b5-90e9-f8c60b8ca0e7
2019-10-10 13:32:04,106 [pool-423-thread-1] INFO  server.RaftServerConfigKeys (ConfUtils.java:logGet(43)) - raft.server.retrycache.expirytime = 600000ms (custom)
2019-10-10 13:32:04,109 [pool-443-thread-1] INFO  impl.RaftServerImpl (RaftServerImpl.java:start(181)) - 9a405eda-bea2-4e42-9c5b-926ff9297bde@group-CF01E124039D: start as a follower, conf=-1: [8010a7e6-8fd0-47b5-90e9-f8c60b8ca0e7:192.168.164.230:42313, b415fcc4-6df1-4ef2-a996-fc4ba4d7bef8:192.168.164.230:33911, 9a405eda-bea2-4e42-9c5b-926ff9297bde:192.168.164.230:37479], old=null
2019-10-10 13:32:04,109 [pool-443-thread-1] INFO  impl.RaftServerImpl (RaftServerImpl.java:setRole(170)) - 9a405eda-bea2-4e42-9c5b-926ff9297bde@group-CF01E124039D: changes role from      null to FOLLOWER at term 0 for startAsFollower
2019-10-10 13:32:04,109 [pool-443-thread-1] INFO  impl.RoleInfo (RoleInfo.java:updateAndGet(143)) - 9a405eda-bea2-4e42-9c5b-926ff9297bde: start FollowerState
2019-10-10 13:32:04,109 [pool-443-thread-1] INFO  util.JmxRegister (JmxRegister.java:tryRegister(44)) - Successfully registered JMX Bean with object name Ratis:service=RaftServer,group=group-CF01E124039D,id=9a405eda-bea2-4e42-9c5b-926ff9297bde
2019-10-10 13:32:04,110 [pool-423-thread-1] INFO  impl.RaftServerImpl (RaftServerImpl.java:start(181)) - b415fcc4-6df1-4ef2-a996-fc4ba4d7bef8@group-CF01E124039D: start as a follower, conf=-1: [8010a7e6-8fd0-47b5-90e9-f8c60b8ca0e7:192.168.164.230:42313, b415fcc4-6df1-4ef2-a996-fc4ba4d7bef8:192.168.164.230:33911, 9a405eda-bea2-4e42-9c5b-926ff9297bde:192.168.164.230:37479], old=null
2019-10-10 13:32:04,110 [pool-423-thread-1] INFO  impl.RaftServerImpl (RaftServerImpl.java:setRole(170)) - b415fcc4-6df1-4ef2-a996-fc4ba4d7bef8@group-CF01E124039D: changes role from      null to FOLLOWER at term 0 for startAsFollower
2019-10-10 13:32:04,110 [pool-423-thread-1] INFO  impl.RoleInfo (RoleInfo.java:updateAndGet(143)) - b415fcc4-6df1-4ef2-a996-fc4ba4d7bef8: start FollowerState
2019-10-10 13:32:04,110 [pool-423-thread-1] INFO  util.JmxRegister (JmxRegister.java:tryRegister(44)) - Successfully registered JMX Bean with object name Ratis:service=RaftServer,group=group-CF01E124039D,id=b415fcc4-6df1-4ef2-a996-fc4ba4d7bef8
2019-10-10 13:32:04,116 [RatisPipelineUtilsThread] INFO  pipeline.PipelineStateManager (PipelineStateManager.java:addPipeline(56)) - Created pipeline Pipeline[ Id: f4299fb2-196c-4166-b545-cf01e124039d, Nodes: b415fcc4-6df1-4ef2-a996-fc4ba4d7bef8{ip: 192.168.164.230, host: pr-hdds-2280-tn9v7-3755420433, networkLocation: /default-rack, certSerialId: null}8010a7e6-8fd0-47b5-90e9-f8c60b8ca0e7{ip: 192.168.164.230, host: pr-hdds-2280-tn9v7-3755420433, networkLocation: /default-rack, certSerialId: null}9a405eda-bea2-4e42-9c5b-926ff9297bde{ip: 192.168.164.230, host: pr-hdds-2280-tn9v7-3755420433, networkLocation: /default-rack, certSerialId: null}, Type:RATIS, Factor:THREE, State:OPEN]
2019-10-10 13:32:04,899 [main] INFO  ozone.MiniOzoneClusterImpl (MiniOzoneClusterImpl.java:lambda$waitForClusterToBeReady$0(147)) - Cluster is ready. Got 7 of 7 DN Heartbeats.
2019-10-10 13:32:04,947 [main] INFO  rpc.RpcClient (RpcClient.java:createVolume(272)) - Creating Volume: watchforcommithandlingtest, with jenkins1000 as owner.
2019-10-10 13:32:04,950 [IPC Server handler 4 on 44957] INFO  volume.OMVolumeCreateRequest (OMVolumeCreateRequest.java:validateAndUpdateCache(193)) - created volume:watchforcommithandlingtest for user:jenkins1000
2019-10-10 13:32:04,964 [main] INFO  rpc.RpcClient (RpcClient.java:createBucket(411)) - Creating Bucket: watchforcommithandlingtest/watchforcommithandlingtest, with Versioning false and Storage Type set to DISK and Encryption set to false 
2019-10-10 13:32:04,969 [main] INFO  ozone.MiniOzoneClusterImpl (MiniOzoneClusterImpl.java:getStorageContainerLocationClient(234)) - Creating StorageContainerLocationProtocol RPC client with address /0.0.0.0:42139
2019-10-10 13:32:06,497 [Thread-2395] INFO  container.ReplicationManager (ReplicationManager.java:start(162)) - Starting Replication Monitor Thread.
2019-10-10 13:32:06,504 [ReplicationMonitor] INFO  container.ReplicationManager (ReplicationManager.java:run(225)) - Replication Monitor Thread took 1 milliseconds for processing 1 containers.
2019-10-10 13:32:08,692 [Thread-2400] INFO  impl.FollowerState (FollowerState.java:run(108)) - 3b32bea8-1ccf-4f4b-b3ee-8cb582149656@group-8FB6DFFB2227-FollowerState: change to CANDIDATE, lastRpcTime:5084ms, electionTimeout:5084ms
2019-10-10 13:32:08,693 [Thread-2400] INFO  impl.RoleInfo (RoleInfo.java:shutdownFollowerState(121)) - 3b32bea8-1ccf-4f4b-b3ee-8cb582149656: shutdown FollowerState
2019-10-10 13:32:08,694 [Thread-2400] INFO  impl.RaftServerImpl (RaftServerImpl.java:setRole(170)) - 3b32bea8-1ccf-4f4b-b3ee-8cb582149656@group-8FB6DFFB2227: changes role from  FOLLOWER to CANDIDATE at term 0 for changeToCandidate
2019-10-10 13:32:08,694 [Thread-2400] INFO  impl.RoleInfo (RoleInfo.java:updateAndGet(143)) - 3b32bea8-1ccf-4f4b-b3ee-8cb582149656: start LeaderElection
2019-10-10 13:32:08,714 [Thread-2403] INFO  impl.FollowerState (FollowerState.java:run(108)) - 48fcb2fe-0535-4a72-85bb-b0f801b676d2@group-3F88189B7428-FollowerState: change to CANDIDATE, lastRpcTime:5042ms, electionTimeout:5042ms
2019-10-10 13:32:08,714 [Thread-2403] INFO  impl.RoleInfo (RoleInfo.java:shutdownFollowerState(121)) - 48fcb2fe-0535-4a72-85bb-b0f801b676d2: shutdown FollowerState
2019-10-10 13:32:08,714 [Thread-2403] INFO  impl.RaftServerImpl (RaftServerImpl.java:setRole(170)) - 48fcb2fe-0535-4a72-85bb-b0f801b676d2@group-3F88189B7428: changes role from  FOLLOWER to CANDIDATE at term 0 for changeToCandidate
2019-10-10 13:32:08,715 [Thread-2403] INFO  impl.RoleInfo (RoleInfo.java:updateAndGet(143)) - 48fcb2fe-0535-4a72-85bb-b0f801b676d2: start LeaderElection
2019-10-10 13:32:08,718 [Thread-2397] INFO  impl.FollowerState (FollowerState.java:run(108)) - 01247d78-405c-426d-b11b-2d4d014ef41a@group-B82BDAECEF6D-FollowerState: change to CANDIDATE, lastRpcTime:5166ms, electionTimeout:5165ms
2019-10-10 13:32:08,723 [Thread-2397] INFO  impl.RoleInfo (RoleInfo.java:shutdownFollowerState(121)) - 01247d78-405c-426d-b11b-2d4d014ef41a: shutdown FollowerState
2019-10-10 13:32:08,723 [Thread-2397] INFO  impl.RaftServerImpl (RaftServerImpl.java:setRole(170)) - 01247d78-405c-426d-b11b-2d4d014ef41a@group-B82BDAECEF6D: changes role from  FOLLOWER to CANDIDATE at term 0 for changeToCandidate
2019-10-10 13:32:08,723 [Thread-2397] INFO  impl.RoleInfo (RoleInfo.java:updateAndGet(143)) - 01247d78-405c-426d-b11b-2d4d014ef41a: start LeaderElection
2019-10-10 13:32:08,731 [3b32bea8-1ccf-4f4b-b3ee-8cb582149656@group-8FB6DFFB2227-LeaderElection99] INFO  impl.LeaderElection (LeaderElection.java:askForVotes(178)) - 3b32bea8-1ccf-4f4b-b3ee-8cb582149656@group-8FB6DFFB2227-LeaderElection99: begin an election at term 1 for -1: [3b32bea8-1ccf-4f4b-b3ee-8cb582149656:192.168.164.230:36925], old=null
2019-10-10 13:32:08,732 [3b32bea8-1ccf-4f4b-b3ee-8cb582149656@group-8FB6DFFB2227-LeaderElection99] INFO  impl.RoleInfo (RoleInfo.java:shutdownLeaderElection(134)) - 3b32bea8-1ccf-4f4b-b3ee-8cb582149656: shutdown LeaderElection
2019-10-10 13:32:08,732 [48fcb2fe-0535-4a72-85bb-b0f801b676d2@group-3F88189B7428-LeaderElection100] INFO  impl.LeaderElection (LeaderElection.java:askForVotes(178)) - 48fcb2fe-0535-4a72-85bb-b0f801b676d2@group-3F88189B7428-LeaderElection100: begin an election at term 1 for -1: [48fcb2fe-0535-4a72-85bb-b0f801b676d2:192.168.164.230:41547], old=null
2019-10-10 13:32:08,732 [3b32bea8-1ccf-4f4b-b3ee-8cb582149656@group-8FB6DFFB2227-LeaderElection99] INFO  impl.RaftServerImpl (RaftServerImpl.java:setRole(170)) - 3b32bea8-1ccf-4f4b-b3ee-8cb582149656@group-8FB6DFFB2227: changes role from CANDIDATE to LEADER at term 1 for changeToLeader
2019-10-10 13:32:08,732 [48fcb2fe-0535-4a72-85bb-b0f801b676d2@group-3F88189B7428-LeaderElection100] INFO  impl.RoleInfo (RoleInfo.java:shutdownLeaderElection(134)) - 48fcb2fe-0535-4a72-85bb-b0f801b676d2: shutdown LeaderElection
2019-10-10 13:32:08,732 [3b32bea8-1ccf-4f4b-b3ee-8cb582149656@group-8FB6DFFB2227-LeaderElection99] INFO  impl.RaftServerImpl (ServerState.java:setLeader(255)) - 3b32bea8-1ccf-4f4b-b3ee-8cb582149656@group-8FB6DFFB2227: change Leader from null to 3b32bea8-1ccf-4f4b-b3ee-8cb582149656 at term 1 for becomeLeader, leader elected after 5133ms
2019-10-10 13:32:08,732 [48fcb2fe-0535-4a72-85bb-b0f801b676d2@group-3F88189B7428-LeaderElection100] INFO  impl.RaftServerImpl (RaftServerImpl.java:setRole(170)) - 48fcb2fe-0535-4a72-85bb-b0f801b676d2@group-3F88189B7428: changes role from CANDIDATE to LEADER at term 1 for changeToLeader
2019-10-10 13:32:08,733 [48fcb2fe-0535-4a72-85bb-b0f801b676d2@group-3F88189B7428-LeaderElection100] INFO  impl.RaftServerImpl (ServerState.java:setLeader(255)) - 48fcb2fe-0535-4a72-85bb-b0f801b676d2@group-3F88189B7428: change Leader from null to 48fcb2fe-0535-4a72-85bb-b0f801b676d2 at term 1 for becomeLeader, leader elected after 5067ms
2019-10-10 13:32:08,733 [3b32bea8-1ccf-4f4b-b3ee-8cb582149656@group-8FB6DFFB2227-LeaderElection99] INFO  server.RaftServerConfigKeys (ConfUtils.java:logGet(43)) - raft.server.staging.catchup.gap = 1000 (default)
2019-10-10 13:32:08,733 [48fcb2fe-0535-4a72-85bb-b0f801b676d2@group-3F88189B7428-LeaderElection100] INFO  server.RaftServerConfigKeys (ConfUtils.java:logGet(43)) - raft.server.staging.catchup.gap = 1000 (default)
2019-10-10 13:32:08,733 [3b32bea8-1ccf-4f4b-b3ee-8cb582149656@group-8FB6DFFB2227-LeaderElection99] INFO  server.RaftServerConfigKeys (ConfUtils.java:logGet(43)) - raft.server.rpc.sleep.time = 25ms (default)
2019-10-10 13:32:08,733 [48fcb2fe-0535-4a72-85bb-b0f801b676d2@group-3F88189B7428-LeaderElection100] INFO  server.RaftServerConfigKeys (ConfUtils.java:logGet(43)) - raft.server.rpc.sleep.time = 25ms (default)
2019-10-10 13:32:08,734 [3b32bea8-1ccf-4f4b-b3ee-8cb582149656@group-8FB6DFFB2227-LeaderElection99] INFO  server.RaftServerConfigKeys (ConfUtils.java:logGet(43)) - raft.server.write.element-limit = 4096 (default)
2019-10-10 13:32:08,734 [48fcb2fe-0535-4a72-85bb-b0f801b676d2@group-3F88189B7428-LeaderElection100] INFO  server.RaftServerConfigKeys (ConfUtils.java:logGet(43)) - raft.server.write.element-limit = 4096 (default)
2019-10-10 13:32:08,734 [48fcb2fe-0535-4a72-85bb-b0f801b676d2@group-3F88189B7428-LeaderElection100] INFO  server.RaftServerConfigKeys (ConfUtils.java:logGet(43)) - raft.server.watch.timeout = 10s (default)
2019-10-10 13:32:08,734 [3b32bea8-1ccf-4f4b-b3ee-8cb582149656@group-8FB6DFFB2227-LeaderElection99] INFO  server.RaftServerConfigKeys (ConfUtils.java:logGet(43)) - raft.server.watch.timeout = 10s (default)
2019-10-10 13:32:08,734 [48fcb2fe-0535-4a72-85bb-b0f801b676d2@group-3F88189B7428-LeaderElection100] INFO  server.RaftServerConfigKeys (ConfUtils.java:logGet(43)) - raft.server.watch.timeout.denomination = 1s (default)
2019-10-10 13:32:08,734 [3b32bea8-1ccf-4f4b-b3ee-8cb582149656@group-8FB6DFFB2227-LeaderElection99] INFO  server.RaftServerConfigKeys (ConfUtils.java:logGet(43)) - raft.server.watch.timeout.denomination = 1s (default)
2019-10-10 13:32:08,734 [48fcb2fe-0535-4a72-85bb-b0f801b676d2@group-3F88189B7428-LeaderElection100] INFO  server.RaftServerConfigKeys (ConfUtils.java:logGet(43)) - raft.server.watch.element-limit = 65536 (default)
2019-10-10 13:32:08,735 [3b32bea8-1ccf-4f4b-b3ee-8cb582149656@group-8FB6DFFB2227-LeaderElection99] INFO  server.RaftServerConfigKeys (ConfUtils.java:logGet(43)) - raft.server.watch.element-limit = 65536 (default)
2019-10-10 13:32:08,740 [48fcb2fe-0535-4a72-85bb-b0f801b676d2@group-3F88189B7428-LeaderElection100] INFO  impl.RoleInfo (RoleInfo.java:updateAndGet(143)) - 48fcb2fe-0535-4a72-85bb-b0f801b676d2: start LeaderState
2019-10-10 13:32:08,740 [3b32bea8-1ccf-4f4b-b3ee-8cb582149656@group-8FB6DFFB2227-LeaderElection99] INFO  impl.RoleInfo (RoleInfo.java:updateAndGet(143)) - 3b32bea8-1ccf-4f4b-b3ee-8cb582149656: start LeaderState
2019-10-10 13:32:08,741 [48fcb2fe-0535-4a72-85bb-b0f801b676d2@group-3F88189B7428-LeaderElection100] INFO  segmented.SegmentedRaftLogWorker (SegmentedRaftLogWorker.java:startLogSegment(385)) - 48fcb2fe-0535-4a72-85bb-b0f801b676d2@group-3F88189B7428-SegmentedRaftLogWorker: Starting segment from index:0
2019-10-10 13:32:08,741 [3b32bea8-1ccf-4f4b-b3ee-8cb582149656@group-8FB6DFFB2227-LeaderElection99] INFO  segmented.SegmentedRaftLogWorker (SegmentedRaftLogWorker.java:startLogSegment(385)) - 3b32bea8-1ccf-4f4b-b3ee-8cb582149656@group-8FB6DFFB2227-SegmentedRaftLogWorker: Starting segment from index:0
2019-10-10 13:32:08,742 [48fcb2fe-0535-4a72-85bb-b0f801b676d2@group-3F88189B7428-LeaderElection100] INFO  impl.RaftServerImpl (ServerState.java:setRaftConf(356)) - 48fcb2fe-0535-4a72-85bb-b0f801b676d2@group-3F88189B7428: set configuration 0: [48fcb2fe-0535-4a72-85bb-b0f801b676d2:192.168.164.230:41547], old=null at 0
2019-10-10 13:32:08,742 [3b32bea8-1ccf-4f4b-b3ee-8cb582149656@group-8FB6DFFB2227-LeaderElection99] INFO  impl.RaftServerImpl (ServerState.java:setRaftConf(356)) - 3b32bea8-1ccf-4f4b-b3ee-8cb582149656@group-8FB6DFFB2227: set configuration 0: [3b32bea8-1ccf-4f4b-b3ee-8cb582149656:192.168.164.230:36925], old=null at 0
2019-10-10 13:32:08,754 [01247d78-405c-426d-b11b-2d4d014ef41a@group-B82BDAECEF6D-LeaderElection101] INFO  impl.LeaderElection (LeaderElection.java:askForVotes(178)) - 01247d78-405c-426d-b11b-2d4d014ef41a@group-B82BDAECEF6D-LeaderElection101: begin an election at term 1 for -1: [01247d78-405c-426d-b11b-2d4d014ef41a:192.168.164.230:40741], old=null
2019-10-10 13:32:08,754 [01247d78-405c-426d-b11b-2d4d014ef41a@group-B82BDAECEF6D-LeaderElection101] INFO  impl.RoleInfo (RoleInfo.java:shutdownLeaderElection(134)) - 01247d78-405c-426d-b11b-2d4d014ef41a: shutdown LeaderElection
2019-10-10 13:32:08,754 [01247d78-405c-426d-b11b-2d4d014ef41a@group-B82BDAECEF6D-LeaderElection101] INFO  impl.RaftServerImpl (RaftServerImpl.java:setRole(170)) - 01247d78-405c-426d-b11b-2d4d014ef41a@group-B82BDAECEF6D: changes role from CANDIDATE to LEADER at term 1 for changeToLeader
2019-10-10 13:32:08,754 [01247d78-405c-426d-b11b-2d4d014ef41a@group-B82BDAECEF6D-LeaderElection101] INFO  impl.RaftServerImpl (ServerState.java:setLeader(255)) - 01247d78-405c-426d-b11b-2d4d014ef41a@group-B82BDAECEF6D: change Leader from null to 01247d78-405c-426d-b11b-2d4d014ef41a at term 1 for becomeLeader, leader elected after 5213ms
2019-10-10 13:32:08,755 [01247d78-405c-426d-b11b-2d4d014ef41a@group-B82BDAECEF6D-LeaderElection101] INFO  server.RaftServerConfigKeys (ConfUtils.java:logGet(43)) - raft.server.staging.catchup.gap = 1000 (default)
2019-10-10 13:32:08,755 [01247d78-405c-426d-b11b-2d4d014ef41a@group-B82BDAECEF6D-LeaderElection101] INFO  server.RaftServerConfigKeys (ConfUtils.java:logGet(43)) - raft.server.rpc.sleep.time = 25ms (default)
2019-10-10 13:32:08,755 [01247d78-405c-426d-b11b-2d4d014ef41a@group-B82BDAECEF6D-LeaderElection101] INFO  server.RaftServerConfigKeys (ConfUtils.java:logGet(43)) - raft.server.write.element-limit = 4096 (default)
2019-10-10 13:32:08,755 [01247d78-405c-426d-b11b-2d4d014ef41a@group-B82BDAECEF6D-LeaderElection101] INFO  server.RaftServerConfigKeys (ConfUtils.java:logGet(43)) - raft.server.watch.timeout = 10s (default)
2019-10-10 13:32:08,755 [01247d78-405c-426d-b11b-2d4d014ef41a@group-B82BDAECEF6D-LeaderElection101] INFO  server.RaftServerConfigKeys (ConfUtils.java:logGet(43)) - raft.server.watch.timeout.denomination = 1s (default)
2019-10-10 13:32:08,755 [01247d78-405c-426d-b11b-2d4d014ef41a@group-B82BDAECEF6D-LeaderElection101] INFO  server.RaftServerConfigKeys (ConfUtils.java:logGet(43)) - raft.server.watch.element-limit = 65536 (default)
2019-10-10 13:32:08,757 [01247d78-405c-426d-b11b-2d4d014ef41a@group-B82BDAECEF6D-LeaderElection101] INFO  impl.RoleInfo (RoleInfo.java:updateAndGet(143)) - 01247d78-405c-426d-b11b-2d4d014ef41a: start LeaderState
2019-10-10 13:32:08,758 [01247d78-405c-426d-b11b-2d4d014ef41a@group-B82BDAECEF6D-LeaderElection101] INFO  segmented.SegmentedRaftLogWorker (SegmentedRaftLogWorker.java:startLogSegment(385)) - 01247d78-405c-426d-b11b-2d4d014ef41a@group-B82BDAECEF6D-SegmentedRaftLogWorker: Starting segment from index:0
2019-10-10 13:32:08,758 [01247d78-405c-426d-b11b-2d4d014ef41a@group-B82BDAECEF6D-LeaderElection101] INFO  impl.RaftServerImpl (ServerState.java:setRaftConf(356)) - 01247d78-405c-426d-b11b-2d4d014ef41a@group-B82BDAECEF6D: set configuration 0: [01247d78-405c-426d-b11b-2d4d014ef41a:192.168.164.230:40741], old=null at 0
2019-10-10 13:32:08,786 [Thread-2406] INFO  impl.FollowerState (FollowerState.java:run(108)) - 01247d78-405c-426d-b11b-2d4d014ef41a@group-79D9CFC324D4-FollowerState: change to CANDIDATE, lastRpcTime:5029ms, electionTimeout:5029ms
2019-10-10 13:32:08,787 [Thread-2406] INFO  impl.RoleInfo (RoleInfo.java:shutdownFollowerState(121)) - 01247d78-405c-426d-b11b-2d4d014ef41a: shutdown FollowerState
2019-10-10 13:32:08,787 [Thread-2406] INFO  impl.RaftServerImpl (RaftServerImpl.java:setRole(170)) - 01247d78-405c-426d-b11b-2d4d014ef41a@group-79D9CFC324D4: changes role from  FOLLOWER to CANDIDATE at term 0 for changeToCandidate
2019-10-10 13:32:08,787 [Thread-2406] INFO  impl.RoleInfo (RoleInfo.java:updateAndGet(143)) - 01247d78-405c-426d-b11b-2d4d014ef41a: start LeaderElection
2019-10-10 13:32:08,801 [48fcb2fe-0535-4a72-85bb-b0f801b676d2@group-3F88189B7428-SegmentedRaftLogWorker] INFO  segmented.SegmentedRaftLogWorker (SegmentedRaftLogWorker.java:execute(574)) - 48fcb2fe-0535-4a72-85bb-b0f801b676d2@group-3F88189B7428-SegmentedRaftLogWorker: created new log segment /workdir/hadoop-ozone/integration-test/target/test-dir/MiniOzoneClusterImpl-c188a606-c3de-4bac-92d1-570b5b7100db/datanode-2/data/ratis/3ce81311-154b-41df-9fca-3f88189b7428/current/log_inprogress_0
2019-10-10 13:32:08,801 [3b32bea8-1ccf-4f4b-b3ee-8cb582149656@group-8FB6DFFB2227-SegmentedRaftLogWorker] INFO  segmented.SegmentedRaftLogWorker (SegmentedRaftLogWorker.java:execute(574)) - 3b32bea8-1ccf-4f4b-b3ee-8cb582149656@group-8FB6DFFB2227-SegmentedRaftLogWorker: created new log segment /workdir/hadoop-ozone/integration-test/target/test-dir/MiniOzoneClusterImpl-c188a606-c3de-4bac-92d1-570b5b7100db/datanode-1/data/ratis/d6c7445d-f9ed-40d7-9674-8fb6dffb2227/current/log_inprogress_0
2019-10-10 13:32:08,825 [01247d78-405c-426d-b11b-2d4d014ef41a@group-B82BDAECEF6D-SegmentedRaftLogWorker] INFO  segmented.SegmentedRaftLogWorker (SegmentedRaftLogWorker.java:execute(574)) - 01247d78-405c-426d-b11b-2d4d014ef41a@group-B82BDAECEF6D-SegmentedRaftLogWorker: created new log segment /workdir/hadoop-ozone/integration-test/target/test-dir/MiniOzoneClusterImpl-c188a606-c3de-4bac-92d1-570b5b7100db/datanode-0/data/ratis/d0ca7029-d6d6-482a-bac8-b82bdaecef6d/current/log_inprogress_0
2019-10-10 13:32:08,825 [01247d78-405c-426d-b11b-2d4d014ef41a@group-79D9CFC324D4-LeaderElection102] INFO  impl.LeaderElection (LeaderElection.java:askForVotes(178)) - 01247d78-405c-426d-b11b-2d4d014ef41a@group-79D9CFC324D4-LeaderElection102: begin an election at term 1 for -1: [01247d78-405c-426d-b11b-2d4d014ef41a:192.168.164.230:40741, 3b32bea8-1ccf-4f4b-b3ee-8cb582149656:192.168.164.230:36925, 48fcb2fe-0535-4a72-85bb-b0f801b676d2:192.168.164.230:41547], old=null
2019-10-10 13:32:08,830 [grpc-default-executor-5] INFO  impl.RaftServerImpl (RaftServerImpl.java:setRole(170)) - 48fcb2fe-0535-4a72-85bb-b0f801b676d2@group-79D9CFC324D4: changes role from  FOLLOWER to FOLLOWER at term 1 for recognizeCandidate:01247d78-405c-426d-b11b-2d4d014ef41a
2019-10-10 13:32:08,830 [grpc-default-executor-3] INFO  impl.RaftServerImpl (RaftServerImpl.java:setRole(170)) - 3b32bea8-1ccf-4f4b-b3ee-8cb582149656@group-79D9CFC324D4: changes role from  FOLLOWER to FOLLOWER at term 1 for recognizeCandidate:01247d78-405c-426d-b11b-2d4d014ef41a
2019-10-10 13:32:08,830 [grpc-default-executor-5] INFO  impl.RoleInfo (RoleInfo.java:shutdownFollowerState(121)) - 48fcb2fe-0535-4a72-85bb-b0f801b676d2: shutdown FollowerState
2019-10-10 13:32:08,831 [grpc-default-executor-3] INFO  impl.RoleInfo (RoleInfo.java:shutdownFollowerState(121)) - 3b32bea8-1ccf-4f4b-b3ee-8cb582149656: shutdown FollowerState
2019-10-10 13:32:08,831 [grpc-default-executor-5] INFO  impl.RoleInfo (RoleInfo.java:updateAndGet(143)) - 48fcb2fe-0535-4a72-85bb-b0f801b676d2: start FollowerState
2019-10-10 13:32:08,831 [Thread-2411] INFO  impl.FollowerState (FollowerState.java:run(117)) - 48fcb2fe-0535-4a72-85bb-b0f801b676d2@group-79D9CFC324D4-FollowerState was interrupted: java.lang.InterruptedException: sleep interrupted
2019-10-10 13:32:08,831 [Thread-2410] INFO  impl.FollowerState (FollowerState.java:run(117)) - 3b32bea8-1ccf-4f4b-b3ee-8cb582149656@group-79D9CFC324D4-FollowerState was interrupted: java.lang.InterruptedException: sleep interrupted
2019-10-10 13:32:08,831 [grpc-default-executor-3] INFO  impl.RoleInfo (RoleInfo.java:updateAndGet(143)) - 3b32bea8-1ccf-4f4b-b3ee-8cb582149656: start FollowerState
2019-10-10 13:32:08,855 [01247d78-405c-426d-b11b-2d4d014ef41a@group-79D9CFC324D4-LeaderElection102] INFO  impl.LeaderElection (LeaderElection.java:logAndReturn(56)) - 01247d78-405c-426d-b11b-2d4d014ef41a@group-79D9CFC324D4-LeaderElection102: Election PASSED; received 1 response(s) [01247d78-405c-426d-b11b-2d4d014ef41a<-48fcb2fe-0535-4a72-85bb-b0f801b676d2#0:OK-t1] and 0 exception(s); 01247d78-405c-426d-b11b-2d4d014ef41a@group-79D9CFC324D4:t1, leader=null, voted=01247d78-405c-426d-b11b-2d4d014ef41a, raftlog=01247d78-405c-426d-b11b-2d4d014ef41a@group-79D9CFC324D4-SegmentedRaftLog:OPENED:c-1,f-1,i0, conf=-1: [01247d78-405c-426d-b11b-2d4d014ef41a:192.168.164.230:40741, 3b32bea8-1ccf-4f4b-b3ee-8cb582149656:192.168.164.230:36925, 48fcb2fe-0535-4a72-85bb-b0f801b676d2:192.168.164.230:41547], old=null
2019-10-10 13:32:08,855 [01247d78-405c-426d-b11b-2d4d014ef41a@group-79D9CFC324D4-LeaderElection102] INFO  impl.RoleInfo (RoleInfo.java:shutdownLeaderElection(134)) - 01247d78-405c-426d-b11b-2d4d014ef41a: shutdown LeaderElection
2019-10-10 13:32:08,856 [01247d78-405c-426d-b11b-2d4d014ef41a@group-79D9CFC324D4-LeaderElection102] INFO  impl.RaftServerImpl (RaftServerImpl.java:setRole(170)) - 01247d78-405c-426d-b11b-2d4d014ef41a@group-79D9CFC324D4: changes role from CANDIDATE to LEADER at term 1 for changeToLeader
2019-10-10 13:32:08,856 [01247d78-405c-426d-b11b-2d4d014ef41a@group-79D9CFC324D4-LeaderElection102] INFO  impl.RaftServerImpl (ServerState.java:setLeader(255)) - 01247d78-405c-426d-b11b-2d4d014ef41a@group-79D9CFC324D4: change Leader from null to 01247d78-405c-426d-b11b-2d4d014ef41a at term 1 for becomeLeader, leader elected after 5107ms
2019-10-10 13:32:08,856 [01247d78-405c-426d-b11b-2d4d014ef41a@group-79D9CFC324D4-LeaderElection102] INFO  server.RaftServerConfigKeys (ConfUtils.java:logGet(43)) - raft.server.staging.catchup.gap = 1000 (default)
2019-10-10 13:32:08,856 [01247d78-405c-426d-b11b-2d4d014ef41a@group-79D9CFC324D4-LeaderElection102] INFO  server.RaftServerConfigKeys (ConfUtils.java:logGet(43)) - raft.server.rpc.sleep.time = 25ms (default)
2019-10-10 13:32:08,856 [01247d78-405c-426d-b11b-2d4d014ef41a@group-79D9CFC324D4-LeaderElection102] INFO  server.RaftServerConfigKeys (ConfUtils.java:logGet(43)) - raft.server.write.element-limit = 4096 (default)
2019-10-10 13:32:08,856 [01247d78-405c-426d-b11b-2d4d014ef41a@group-79D9CFC324D4-LeaderElection102] INFO  server.RaftServerConfigKeys (ConfUtils.java:logGet(43)) - raft.server.watch.timeout = 10s (default)
2019-10-10 13:32:08,856 [01247d78-405c-426d-b11b-2d4d014ef41a@group-79D9CFC324D4-LeaderElection102] INFO  server.RaftServerConfigKeys (ConfUtils.java:logGet(43)) - raft.server.watch.timeout.denomination = 1s (default)
2019-10-10 13:32:08,856 [01247d78-405c-426d-b11b-2d4d014ef41a@group-79D9CFC324D4-LeaderElection102] INFO  server.RaftServerConfigKeys (ConfUtils.java:logGet(43)) - raft.server.watch.element-limit = 65536 (default)
2019-10-10 13:32:08,858 [01247d78-405c-426d-b11b-2d4d014ef41a@group-79D9CFC324D4-LeaderElection102] INFO  server.RaftServerConfigKeys (ConfUtils.java:logGet(43)) - raft.server.log.appender.snapshot.chunk.size.max = 16MB (=16777216) (default)
2019-10-10 13:32:08,859 [01247d78-405c-426d-b11b-2d4d014ef41a@group-79D9CFC324D4-LeaderElection102] INFO  server.RaftServerConfigKeys (ConfUtils.java:logGet(43)) - raft.server.log.appender.buffer.byte-limit = 33554432 (custom)
2019-10-10 13:32:08,859 [01247d78-405c-426d-b11b-2d4d014ef41a@group-79D9CFC324D4-LeaderElection102] INFO  server.RaftServerConfigKeys (ConfUtils.java:logGet(43)) - raft.server.log.appender.buffer.element-limit = 1 (custom)
2019-10-10 13:32:08,859 [01247d78-405c-426d-b11b-2d4d014ef41a@group-79D9CFC324D4-LeaderElection102] INFO  grpc.GrpcConfigKeys$Server (ConfUtils.java:logGet(43)) - raft.grpc.server.leader.outstanding.appends.max = 128 (default)
2019-10-10 13:32:08,859 [01247d78-405c-426d-b11b-2d4d014ef41a@group-79D9CFC324D4-LeaderElection102] INFO  server.RaftServerConfigKeys (ConfUtils.java:logGet(43)) - raft.server.rpc.request.timeout = 3000ms (default)
2019-10-10 13:32:08,859 [01247d78-405c-426d-b11b-2d4d014ef41a@group-79D9CFC324D4-LeaderElection102] INFO  server.RaftServerConfigKeys (ConfUtils.java:logGet(43)) - raft.server.log.appender.install.snapshot.enabled = false (custom)
2019-10-10 13:32:08,860 [01247d78-405c-426d-b11b-2d4d014ef41a@group-79D9CFC324D4-LeaderElection102] INFO  server.RaftServerConfigKeys (ConfUtils.java:logGet(43)) - raft.server.log.appender.snapshot.chunk.size.max = 16MB (=16777216) (default)
2019-10-10 13:32:08,860 [01247d78-405c-426d-b11b-2d4d014ef41a@group-79D9CFC324D4-LeaderElection102] INFO  server.RaftServerConfigKeys (ConfUtils.java:logGet(43)) - raft.server.log.appender.buffer.byte-limit = 33554432 (custom)
2019-10-10 13:32:08,860 [01247d78-405c-426d-b11b-2d4d014ef41a@group-79D9CFC324D4-LeaderElection102] INFO  server.RaftServerConfigKeys (ConfUtils.java:logGet(43)) - raft.server.log.appender.buffer.element-limit = 1 (custom)
2019-10-10 13:32:08,860 [01247d78-405c-426d-b11b-2d4d014ef41a@group-79D9CFC324D4-LeaderElection102] INFO  grpc.GrpcConfigKeys$Server (ConfUtils.java:logGet(43)) - raft.grpc.server.leader.outstanding.appends.max = 128 (default)
2019-10-10 13:32:08,860 [01247d78-405c-426d-b11b-2d4d014ef41a@group-79D9CFC324D4-LeaderElection102] INFO  server.RaftServerConfigKeys (ConfUtils.java:logGet(43)) - raft.server.rpc.request.timeout = 3000ms (default)
2019-10-10 13:32:08,860 [01247d78-405c-426d-b11b-2d4d014ef41a@group-79D9CFC324D4-LeaderElection102] INFO  server.RaftServerConfigKeys (ConfUtils.java:logGet(43)) - raft.server.log.appender.install.snapshot.enabled = false (custom)
2019-10-10 13:32:08,861 [01247d78-405c-426d-b11b-2d4d014ef41a@group-79D9CFC324D4-LeaderElection102] INFO  impl.RoleInfo (RoleInfo.java:updateAndGet(143)) - 01247d78-405c-426d-b11b-2d4d014ef41a: start LeaderState
2019-10-10 13:32:08,861 [01247d78-405c-426d-b11b-2d4d014ef41a@group-79D9CFC324D4-LeaderElection102] INFO  segmented.SegmentedRaftLogWorker (SegmentedRaftLogWorker.java:startLogSegment(385)) - 01247d78-405c-426d-b11b-2d4d014ef41a@group-79D9CFC324D4-SegmentedRaftLogWorker: Starting segment from index:0
2019-10-10 13:32:08,861 [01247d78-405c-426d-b11b-2d4d014ef41a@group-79D9CFC324D4-LeaderElection102] INFO  impl.RaftServerImpl (ServerState.java:setRaftConf(356)) - 01247d78-405c-426d-b11b-2d4d014ef41a@group-79D9CFC324D4: set configuration 0: [01247d78-405c-426d-b11b-2d4d014ef41a:192.168.164.230:40741, 3b32bea8-1ccf-4f4b-b3ee-8cb582149656:192.168.164.230:36925, 48fcb2fe-0535-4a72-85bb-b0f801b676d2:192.168.164.230:41547], old=null at 0
2019-10-10 13:32:08,902 [grpc-default-executor-3] INFO  impl.RaftServerImpl (ServerState.java:setLeader(255)) - 3b32bea8-1ccf-4f4b-b3ee-8cb582149656@group-79D9CFC324D4: change Leader from null to 01247d78-405c-426d-b11b-2d4d014ef41a at term 1 for appendEntries, leader elected after 5153ms
2019-10-10 13:32:08,902 [grpc-default-executor-5] INFO  impl.RaftServerImpl (ServerState.java:setLeader(255)) - 48fcb2fe-0535-4a72-85bb-b0f801b676d2@group-79D9CFC324D4: change Leader from null to 01247d78-405c-426d-b11b-2d4d014ef41a at term 1 for appendEntries, leader elected after 5153ms
2019-10-10 13:32:08,911 [grpc-default-executor-3] INFO  impl.RaftServerImpl (ServerState.java:setRaftConf(356)) - 3b32bea8-1ccf-4f4b-b3ee-8cb582149656@group-79D9CFC324D4: set configuration 0: [01247d78-405c-426d-b11b-2d4d014ef41a:192.168.164.230:40741, 3b32bea8-1ccf-4f4b-b3ee-8cb582149656:192.168.164.230:36925, 48fcb2fe-0535-4a72-85bb-b0f801b676d2:192.168.164.230:41547], old=null at 0
2019-10-10 13:32:08,911 [grpc-default-executor-3] INFO  segmented.SegmentedRaftLogWorker (SegmentedRaftLogWorker.java:startLogSegment(385)) - 3b32bea8-1ccf-4f4b-b3ee-8cb582149656@group-79D9CFC324D4-SegmentedRaftLogWorker: Starting segment from index:0
2019-10-10 13:32:08,911 [grpc-default-executor-5] INFO  impl.RaftServerImpl (ServerState.java:setRaftConf(356)) - 48fcb2fe-0535-4a72-85bb-b0f801b676d2@group-79D9CFC324D4: set configuration 0: [01247d78-405c-426d-b11b-2d4d014ef41a:192.168.164.230:40741, 3b32bea8-1ccf-4f4b-b3ee-8cb582149656:192.168.164.230:36925, 48fcb2fe-0535-4a72-85bb-b0f801b676d2:192.168.164.230:41547], old=null at 0
2019-10-10 13:32:08,912 [grpc-default-executor-5] INFO  segmented.SegmentedRaftLogWorker (SegmentedRaftLogWorker.java:startLogSegment(385)) - 48fcb2fe-0535-4a72-85bb-b0f801b676d2@group-79D9CFC324D4-SegmentedRaftLogWorker: Starting segment from index:0
2019-10-10 13:32:08,913 [01247d78-405c-426d-b11b-2d4d014ef41a@group-79D9CFC324D4-SegmentedRaftLogWorker] INFO  segmented.SegmentedRaftLogWorker (SegmentedRaftLogWorker.java:execute(574)) - 01247d78-405c-426d-b11b-2d4d014ef41a@group-79D9CFC324D4-SegmentedRaftLogWorker: created new log segment /workdir/hadoop-ozone/integration-test/target/test-dir/MiniOzoneClusterImpl-c188a606-c3de-4bac-92d1-570b5b7100db/datanode-0/data/ratis/404c85a7-267e-4de8-b2f6-79d9cfc324d4/current/log_inprogress_0
2019-10-10 13:32:08,937 [Thread-2415] INFO  impl.FollowerState (FollowerState.java:run(108)) - b415fcc4-6df1-4ef2-a996-fc4ba4d7bef8@group-A8450583295E-FollowerState: change to CANDIDATE, lastRpcTime:5049ms, electionTimeout:5049ms
2019-10-10 13:32:08,937 [Thread-2415] INFO  impl.RoleInfo (RoleInfo.java:shutdownFollowerState(121)) - b415fcc4-6df1-4ef2-a996-fc4ba4d7bef8: shutdown FollowerState
2019-10-10 13:32:08,937 [Thread-2415] INFO  impl.RaftServerImpl (RaftServerImpl.java:setRole(170)) - b415fcc4-6df1-4ef2-a996-fc4ba4d7bef8@group-A8450583295E: changes role from  FOLLOWER to CANDIDATE at term 0 for changeToCandidate
2019-10-10 13:32:08,937 [Thread-2415] INFO  impl.RoleInfo (RoleInfo.java:updateAndGet(143)) - b415fcc4-6df1-4ef2-a996-fc4ba4d7bef8: start LeaderElection
2019-10-10 13:32:08,955 [48fcb2fe-0535-4a72-85bb-b0f801b676d2@group-79D9CFC324D4-SegmentedRaftLogWorker] INFO  segmented.SegmentedRaftLogWorker (SegmentedRaftLogWorker.java:execute(574)) - 48fcb2fe-0535-4a72-85bb-b0f801b676d2@group-79D9CFC324D4-SegmentedRaftLogWorker: created new log segment /workdir/hadoop-ozone/integration-test/target/test-dir/MiniOzoneClusterImpl-c188a606-c3de-4bac-92d1-570b5b7100db/datanode-2/data/ratis/404c85a7-267e-4de8-b2f6-79d9cfc324d4/current/log_inprogress_0
2019-10-10 13:32:08,955 [3b32bea8-1ccf-4f4b-b3ee-8cb582149656@group-79D9CFC324D4-SegmentedRaftLogWorker] INFO  segmented.SegmentedRaftLogWorker (SegmentedRaftLogWorker.java:execute(574)) - 3b32bea8-1ccf-4f4b-b3ee-8cb582149656@group-79D9CFC324D4-SegmentedRaftLogWorker: created new log segment /workdir/hadoop-ozone/integration-test/target/test-dir/MiniOzoneClusterImpl-c188a606-c3de-4bac-92d1-570b5b7100db/datanode-1/data/ratis/404c85a7-267e-4de8-b2f6-79d9cfc324d4/current/log_inprogress_0
2019-10-10 13:32:08,969 [b415fcc4-6df1-4ef2-a996-fc4ba4d7bef8@group-A8450583295E-LeaderElection103] INFO  impl.LeaderElection (LeaderElection.java:askForVotes(178)) - b415fcc4-6df1-4ef2-a996-fc4ba4d7bef8@group-A8450583295E-LeaderElection103: begin an election at term 1 for -1: [b415fcc4-6df1-4ef2-a996-fc4ba4d7bef8:192.168.164.230:33911], old=null
2019-10-10 13:32:08,969 [b415fcc4-6df1-4ef2-a996-fc4ba4d7bef8@group-A8450583295E-LeaderElection103] INFO  impl.RoleInfo (RoleInfo.java:shutdownLeaderElection(134)) - b415fcc4-6df1-4ef2-a996-fc4ba4d7bef8: shutdown LeaderElection
2019-10-10 13:32:08,969 [b415fcc4-6df1-4ef2-a996-fc4ba4d7bef8@group-A8450583295E-LeaderElection103] INFO  impl.RaftServerImpl (RaftServerImpl.java:setRole(170)) - b415fcc4-6df1-4ef2-a996-fc4ba4d7bef8@group-A8450583295E: changes role from CANDIDATE to LEADER at term 1 for changeToLeader
2019-10-10 13:32:08,969 [b415fcc4-6df1-4ef2-a996-fc4ba4d7bef8@group-A8450583295E-LeaderElection103] INFO  impl.RaftServerImpl (ServerState.java:setLeader(255)) - b415fcc4-6df1-4ef2-a996-fc4ba4d7bef8@group-A8450583295E: change Leader from null to b415fcc4-6df1-4ef2-a996-fc4ba4d7bef8 at term 1 for becomeLeader, leader elected after 5087ms
2019-10-10 13:32:08,969 [b415fcc4-6df1-4ef2-a996-fc4ba4d7bef8@group-A8450583295E-LeaderElection103] INFO  server.RaftServerConfigKeys (ConfUtils.java:logGet(43)) - raft.server.staging.catchup.gap = 1000 (default)
2019-10-10 13:32:08,970 [b415fcc4-6df1-4ef2-a996-fc4ba4d7bef8@group-A8450583295E-LeaderElection103] INFO  server.RaftServerConfigKeys (ConfUtils.java:logGet(43)) - raft.server.rpc.sleep.time = 25ms (default)
2019-10-10 13:32:08,970 [b415fcc4-6df1-4ef2-a996-fc4ba4d7bef8@group-A8450583295E-LeaderElection103] INFO  server.RaftServerConfigKeys (ConfUtils.java:logGet(43)) - raft.server.write.element-limit = 4096 (default)
2019-10-10 13:32:08,970 [b415fcc4-6df1-4ef2-a996-fc4ba4d7bef8@group-A8450583295E-LeaderElection103] INFO  server.RaftServerConfigKeys (ConfUtils.java:logGet(43)) - raft.server.watch.timeout = 10s (default)
2019-10-10 13:32:08,970 [b415fcc4-6df1-4ef2-a996-fc4ba4d7bef8@group-A8450583295E-LeaderElection103] INFO  server.RaftServerConfigKeys (ConfUtils.java:logGet(43)) - raft.server.watch.timeout.denomination = 1s (default)
2019-10-10 13:32:08,970 [b415fcc4-6df1-4ef2-a996-fc4ba4d7bef8@group-A8450583295E-LeaderElection103] INFO  server.RaftServerConfigKeys (ConfUtils.java:logGet(43)) - raft.server.watch.element-limit = 65536 (default)
2019-10-10 13:32:08,972 [b415fcc4-6df1-4ef2-a996-fc4ba4d7bef8@group-A8450583295E-LeaderElection103] INFO  impl.RoleInfo (RoleInfo.java:updateAndGet(143)) - b415fcc4-6df1-4ef2-a996-fc4ba4d7bef8: start LeaderState
2019-10-10 13:32:08,972 [b415fcc4-6df1-4ef2-a996-fc4ba4d7bef8@group-A8450583295E-LeaderElection103] INFO  segmented.SegmentedRaftLogWorker (SegmentedRaftLogWorker.java:startLogSegment(385)) - b415fcc4-6df1-4ef2-a996-fc4ba4d7bef8@group-A8450583295E-SegmentedRaftLogWorker: Starting segment from index:0
2019-10-10 13:32:08,973 [b415fcc4-6df1-4ef2-a996-fc4ba4d7bef8@group-A8450583295E-LeaderElection103] INFO  impl.RaftServerImpl (ServerState.java:setRaftConf(356)) - b415fcc4-6df1-4ef2-a996-fc4ba4d7bef8@group-A8450583295E: set configuration 0: [b415fcc4-6df1-4ef2-a996-fc4ba4d7bef8:192.168.164.230:33911], old=null at 0
2019-10-10 13:32:09,031 [b415fcc4-6df1-4ef2-a996-fc4ba4d7bef8@group-A8450583295E-SegmentedRaftLogWorker] INFO  segmented.SegmentedRaftLogWorker (SegmentedRaftLogWorker.java:execute(574)) - b415fcc4-6df1-4ef2-a996-fc4ba4d7bef8@group-A8450583295E-SegmentedRaftLogWorker: created new log segment /workdir/hadoop-ozone/integration-test/target/test-dir/MiniOzoneClusterImpl-c188a606-c3de-4bac-92d1-570b5b7100db/datanode-4/data/ratis/7651da5b-2e5c-4af7-b087-a8450583295e/current/log_inprogress_0
2019-10-10 13:32:09,117 [Thread-2418] INFO  impl.FollowerState (FollowerState.java:run(108)) - 8010a7e6-8fd0-47b5-90e9-f8c60b8ca0e7@group-19EA66E8FA92-FollowerState: change to CANDIDATE, lastRpcTime:5183ms, electionTimeout:5183ms
2019-10-10 13:32:09,118 [Thread-2418] INFO  impl.RoleInfo (RoleInfo.java:shutdownFollowerState(121)) - 8010a7e6-8fd0-47b5-90e9-f8c60b8ca0e7: shutdown FollowerState
2019-10-10 13:32:09,118 [Thread-2418] INFO  impl.RaftServerImpl (RaftServerImpl.java:setRole(170)) - 8010a7e6-8fd0-47b5-90e9-f8c60b8ca0e7@group-19EA66E8FA92: changes role from  FOLLOWER to CANDIDATE at term 0 for changeToCandidate
2019-10-10 13:32:09,118 [Thread-2418] INFO  impl.RoleInfo (RoleInfo.java:updateAndGet(143)) - 8010a7e6-8fd0-47b5-90e9-f8c60b8ca0e7: start LeaderElection
2019-10-10 13:32:09,126 [Thread-2427] INFO  impl.FollowerState (FollowerState.java:run(108)) - 8010a7e6-8fd0-47b5-90e9-f8c60b8ca0e7@group-CF01E124039D-FollowerState: change to CANDIDATE, lastRpcTime:5021ms, electionTimeout:5019ms
2019-10-10 13:32:09,126 [Thread-2427] INFO  impl.RoleInfo (RoleInfo.java:shutdownFollowerState(121)) - 8010a7e6-8fd0-47b5-90e9-f8c60b8ca0e7: shutdown FollowerState
2019-10-10 13:32:09,127 [Thread-2427] INFO  impl.RaftServerImpl (RaftServerImpl.java:setRole(170)) - 8010a7e6-8fd0-47b5-90e9-f8c60b8ca0e7@group-CF01E124039D: changes role from  FOLLOWER to CANDIDATE at term 0 for changeToCandidate
2019-10-10 13:32:09,127 [Thread-2427] INFO  impl.RoleInfo (RoleInfo.java:updateAndGet(143)) - 8010a7e6-8fd0-47b5-90e9-f8c60b8ca0e7: start LeaderElection
2019-10-10 13:32:09,136 [Thread-2432] INFO  impl.FollowerState (FollowerState.java:run(108)) - b415fcc4-6df1-4ef2-a996-fc4ba4d7bef8@group-CF01E124039D-FollowerState: change to CANDIDATE, lastRpcTime:5026ms, electionTimeout:5022ms
2019-10-10 13:32:09,137 [Thread-2432] INFO  impl.RoleInfo (RoleInfo.java:shutdownFollowerState(121)) - b415fcc4-6df1-4ef2-a996-fc4ba4d7bef8: shutdown FollowerState
2019-10-10 13:32:09,137 [Thread-2432] INFO  impl.RaftServerImpl (RaftServerImpl.java:setRole(170)) - b415fcc4-6df1-4ef2-a996-fc4ba4d7bef8@group-CF01E124039D: changes role from  FOLLOWER to CANDIDATE at term 0 for changeToCandidate
2019-10-10 13:32:09,137 [Thread-2432] INFO  impl.RoleInfo (RoleInfo.java:updateAndGet(143)) - b415fcc4-6df1-4ef2-a996-fc4ba4d7bef8: start LeaderElection
2019-10-10 13:32:09,156 [8010a7e6-8fd0-47b5-90e9-f8c60b8ca0e7@group-19EA66E8FA92-LeaderElection104] INFO  impl.LeaderElection (LeaderElection.java:askForVotes(178)) - 8010a7e6-8fd0-47b5-90e9-f8c60b8ca0e7@group-19EA66E8FA92-LeaderElection104: begin an election at term 1 for -1: [8010a7e6-8fd0-47b5-90e9-f8c60b8ca0e7:192.168.164.230:42313], old=null
2019-10-10 13:32:09,156 [8010a7e6-8fd0-47b5-90e9-f8c60b8ca0e7@group-CF01E124039D-LeaderElection105] INFO  impl.LeaderElection (LeaderElection.java:askForVotes(178)) - 8010a7e6-8fd0-47b5-90e9-f8c60b8ca0e7@group-CF01E124039D-LeaderElection105: begin an election at term 1 for -1: [8010a7e6-8fd0-47b5-90e9-f8c60b8ca0e7:192.168.164.230:42313, b415fcc4-6df1-4ef2-a996-fc4ba4d7bef8:192.168.164.230:33911, 9a405eda-bea2-4e42-9c5b-926ff9297bde:192.168.164.230:37479], old=null
2019-10-10 13:32:09,157 [8010a7e6-8fd0-47b5-90e9-f8c60b8ca0e7@group-19EA66E8FA92-LeaderElection104] INFO  impl.RoleInfo (RoleInfo.java:shutdownLeaderElection(134)) - 8010a7e6-8fd0-47b5-90e9-f8c60b8ca0e7: shutdown LeaderElection
2019-10-10 13:32:09,157 [8010a7e6-8fd0-47b5-90e9-f8c60b8ca0e7@group-19EA66E8FA92-LeaderElection104] INFO  impl.RaftServerImpl (RaftServerImpl.java:setRole(170)) - 8010a7e6-8fd0-47b5-90e9-f8c60b8ca0e7@group-19EA66E8FA92: changes role from CANDIDATE to LEADER at term 1 for changeToLeader
2019-10-10 13:32:09,157 [8010a7e6-8fd0-47b5-90e9-f8c60b8ca0e7@group-19EA66E8FA92-LeaderElection104] INFO  impl.RaftServerImpl (ServerState.java:setLeader(255)) - 8010a7e6-8fd0-47b5-90e9-f8c60b8ca0e7@group-19EA66E8FA92: change Leader from null to 8010a7e6-8fd0-47b5-90e9-f8c60b8ca0e7 at term 1 for becomeLeader, leader elected after 5229ms
2019-10-10 13:32:09,157 [8010a7e6-8fd0-47b5-90e9-f8c60b8ca0e7@group-19EA66E8FA92-LeaderElection104] INFO  server.RaftServerConfigKeys (ConfUtils.java:logGet(43)) - raft.server.staging.catchup.gap = 1000 (default)
2019-10-10 13:32:09,157 [8010a7e6-8fd0-47b5-90e9-f8c60b8ca0e7@group-19EA66E8FA92-LeaderElection104] INFO  server.RaftServerConfigKeys (ConfUtils.java:logGet(43)) - raft.server.rpc.sleep.time = 25ms (default)
2019-10-10 13:32:09,158 [8010a7e6-8fd0-47b5-90e9-f8c60b8ca0e7@group-19EA66E8FA92-LeaderElection104] INFO  server.RaftServerConfigKeys (ConfUtils.java:logGet(43)) - raft.server.write.element-limit = 4096 (default)
2019-10-10 13:32:09,158 [8010a7e6-8fd0-47b5-90e9-f8c60b8ca0e7@group-19EA66E8FA92-LeaderElection104] INFO  server.RaftServerConfigKeys (ConfUtils.java:logGet(43)) - raft.server.watch.timeout = 10s (default)
2019-10-10 13:32:09,158 [8010a7e6-8fd0-47b5-90e9-f8c60b8ca0e7@group-19EA66E8FA92-LeaderElection104] INFO  server.RaftServerConfigKeys (ConfUtils.java:logGet(43)) - raft.server.watch.timeout.denomination = 1s (default)
2019-10-10 13:32:09,158 [8010a7e6-8fd0-47b5-90e9-f8c60b8ca0e7@group-19EA66E8FA92-LeaderElection104] INFO  server.RaftServerConfigKeys (ConfUtils.java:logGet(43)) - raft.server.watch.element-limit = 65536 (default)
2019-10-10 13:32:09,163 [Thread-2421] INFO  impl.FollowerState (FollowerState.java:run(108)) - 9a405eda-bea2-4e42-9c5b-926ff9297bde@group-6D4E63A0E396-FollowerState: change to CANDIDATE, lastRpcTime:5172ms, electionTimeout:5172ms
2019-10-10 13:32:09,163 [Thread-2421] INFO  impl.RoleInfo (RoleInfo.java:shutdownFollowerState(121)) - 9a405eda-bea2-4e42-9c5b-926ff9297bde: shutdown FollowerState
2019-10-10 13:32:09,163 [Thread-2421] INFO  impl.RaftServerImpl (RaftServerImpl.java:setRole(170)) - 9a405eda-bea2-4e42-9c5b-926ff9297bde@group-6D4E63A0E396: changes role from  FOLLOWER to CANDIDATE at term 0 for changeToCandidate
2019-10-10 13:32:09,163 [Thread-2421] INFO  impl.RoleInfo (RoleInfo.java:updateAndGet(143)) - 9a405eda-bea2-4e42-9c5b-926ff9297bde: start LeaderElection
2019-10-10 13:32:09,174 [grpc-default-executor-5] INFO  impl.RaftServerImpl (RaftServerImpl.java:setRole(170)) - 9a405eda-bea2-4e42-9c5b-926ff9297bde@group-CF01E124039D: changes role from  FOLLOWER to FOLLOWER at term 1 for recognizeCandidate:8010a7e6-8fd0-47b5-90e9-f8c60b8ca0e7
2019-10-10 13:32:09,174 [b415fcc4-6df1-4ef2-a996-fc4ba4d7bef8@group-CF01E124039D-LeaderElection106] INFO  impl.LeaderElection (LeaderElection.java:askForVotes(178)) - b415fcc4-6df1-4ef2-a996-fc4ba4d7bef8@group-CF01E124039D-LeaderElection106: begin an election at term 1 for -1: [8010a7e6-8fd0-47b5-90e9-f8c60b8ca0e7:192.168.164.230:42313, b415fcc4-6df1-4ef2-a996-fc4ba4d7bef8:192.168.164.230:33911, 9a405eda-bea2-4e42-9c5b-926ff9297bde:192.168.164.230:37479], old=null
2019-10-10 13:32:09,174 [grpc-default-executor-5] INFO  impl.RoleInfo (RoleInfo.java:shutdownFollowerState(121)) - 9a405eda-bea2-4e42-9c5b-926ff9297bde: shutdown FollowerState
2019-10-10 13:32:09,175 [Thread-2430] INFO  impl.FollowerState (FollowerState.java:run(117)) - 9a405eda-bea2-4e42-9c5b-926ff9297bde@group-CF01E124039D-FollowerState was interrupted: java.lang.InterruptedException: sleep interrupted
2019-10-10 13:32:09,175 [8010a7e6-8fd0-47b5-90e9-f8c60b8ca0e7@group-19EA66E8FA92-LeaderElection104] INFO  impl.RoleInfo (RoleInfo.java:updateAndGet(143)) - 8010a7e6-8fd0-47b5-90e9-f8c60b8ca0e7: start LeaderState
2019-10-10 13:32:09,175 [grpc-default-executor-5] INFO  impl.RoleInfo (RoleInfo.java:updateAndGet(143)) - 9a405eda-bea2-4e42-9c5b-926ff9297bde: start FollowerState
2019-10-10 13:32:09,177 [8010a7e6-8fd0-47b5-90e9-f8c60b8ca0e7@group-19EA66E8FA92-LeaderElection104] INFO  segmented.SegmentedRaftLogWorker (SegmentedRaftLogWorker.java:startLogSegment(385)) - 8010a7e6-8fd0-47b5-90e9-f8c60b8ca0e7@group-19EA66E8FA92-SegmentedRaftLogWorker: Starting segment from index:0
2019-10-10 13:32:09,178 [8010a7e6-8fd0-47b5-90e9-f8c60b8ca0e7@group-19EA66E8FA92-LeaderElection104] INFO  impl.RaftServerImpl (ServerState.java:setRaftConf(356)) - 8010a7e6-8fd0-47b5-90e9-f8c60b8ca0e7@group-19EA66E8FA92: set configuration 0: [8010a7e6-8fd0-47b5-90e9-f8c60b8ca0e7:192.168.164.230:42313], old=null at 0
2019-10-10 13:32:09,207 [9a405eda-bea2-4e42-9c5b-926ff9297bde@group-6D4E63A0E396-LeaderElection107] INFO  impl.LeaderElection (LeaderElection.java:askForVotes(178)) - 9a405eda-bea2-4e42-9c5b-926ff9297bde@group-6D4E63A0E396-LeaderElection107: begin an election at term 1 for -1: [9a405eda-bea2-4e42-9c5b-926ff9297bde:192.168.164.230:37479], old=null
2019-10-10 13:32:09,207 [9a405eda-bea2-4e42-9c5b-926ff9297bde@group-6D4E63A0E396-LeaderElection107] INFO  impl.RoleInfo (RoleInfo.java:shutdownLeaderElection(134)) - 9a405eda-bea2-4e42-9c5b-926ff9297bde: shutdown LeaderElection
2019-10-10 13:32:09,207 [9a405eda-bea2-4e42-9c5b-926ff9297bde@group-6D4E63A0E396-LeaderElection107] INFO  impl.RaftServerImpl (RaftServerImpl.java:setRole(170)) - 9a405eda-bea2-4e42-9c5b-926ff9297bde@group-6D4E63A0E396: changes role from CANDIDATE to LEADER at term 1 for changeToLeader
2019-10-10 13:32:09,207 [9a405eda-bea2-4e42-9c5b-926ff9297bde@group-6D4E63A0E396-LeaderElection107] INFO  impl.RaftServerImpl (ServerState.java:setLeader(255)) - 9a405eda-bea2-4e42-9c5b-926ff9297bde@group-6D4E63A0E396: change Leader from null to 9a405eda-bea2-4e42-9c5b-926ff9297bde at term 1 for becomeLeader, leader elected after 5224ms
2019-10-10 13:32:09,207 [9a405eda-bea2-4e42-9c5b-926ff9297bde@group-6D4E63A0E396-LeaderElection107] INFO  server.RaftServerConfigKeys (ConfUtils.java:logGet(43)) - raft.server.staging.catchup.gap = 1000 (default)
2019-10-10 13:32:09,207 [9a405eda-bea2-4e42-9c5b-926ff9297bde@group-6D4E63A0E396-LeaderElection107] INFO  server.RaftServerConfigKeys (ConfUtils.java:logGet(43)) - raft.server.rpc.sleep.time = 25ms (default)
2019-10-10 13:32:09,208 [9a405eda-bea2-4e42-9c5b-926ff9297bde@group-6D4E63A0E396-LeaderElection107] INFO  server.RaftServerConfigKeys (ConfUtils.java:logGet(43)) - raft.server.write.element-limit = 4096 (default)
2019-10-10 13:32:09,208 [8010a7e6-8fd0-47b5-90e9-f8c60b8ca0e7@group-CF01E124039D-LeaderElection105] INFO  impl.LeaderElection (LeaderElection.java:logAndReturn(56)) - 8010a7e6-8fd0-47b5-90e9-f8c60b8ca0e7@group-CF01E124039D-LeaderElection105: Election PASSED; received 2 response(s) [8010a7e6-8fd0-47b5-90e9-f8c60b8ca0e7<-b415fcc4-6df1-4ef2-a996-fc4ba4d7bef8#0:FAIL-t1, 8010a7e6-8fd0-47b5-90e9-f8c60b8ca0e7<-9a405eda-bea2-4e42-9c5b-926ff9297bde#0:OK-t1] and 0 exception(s); 8010a7e6-8fd0-47b5-90e9-f8c60b8ca0e7@group-CF01E124039D:t1, leader=null, voted=8010a7e6-8fd0-47b5-90e9-f8c60b8ca0e7, raftlog=8010a7e6-8fd0-47b5-90e9-f8c60b8ca0e7@group-CF01E124039D-SegmentedRaftLog:OPENED:c-1,f-1,i0, conf=-1: [8010a7e6-8fd0-47b5-90e9-f8c60b8ca0e7:192.168.164.230:42313, b415fcc4-6df1-4ef2-a996-fc4ba4d7bef8:192.168.164.230:33911, 9a405eda-bea2-4e42-9c5b-926ff9297bde:192.168.164.230:37479], old=null
2019-10-10 13:32:09,208 [b415fcc4-6df1-4ef2-a996-fc4ba4d7bef8@group-CF01E124039D-LeaderElection106] INFO  impl.LeaderElection (LeaderElection.java:logAndReturn(56)) - b415fcc4-6df1-4ef2-a996-fc4ba4d7bef8@group-CF01E124039D-LeaderElection106: Election REJECTED; received 2 response(s) [b415fcc4-6df1-4ef2-a996-fc4ba4d7bef8<-8010a7e6-8fd0-47b5-90e9-f8c60b8ca0e7#0:FAIL-t1, b415fcc4-6df1-4ef2-a996-fc4ba4d7bef8<-9a405eda-bea2-4e42-9c5b-926ff9297bde#0:FAIL-t1] and 0 exception(s); b415fcc4-6df1-4ef2-a996-fc4ba4d7bef8@group-CF01E124039D:t1, leader=null, voted=b415fcc4-6df1-4ef2-a996-fc4ba4d7bef8, raftlog=b415fcc4-6df1-4ef2-a996-fc4ba4d7bef8@group-CF01E124039D-SegmentedRaftLog:OPENED:c-1,f-1,i0, conf=-1: [8010a7e6-8fd0-47b5-90e9-f8c60b8ca0e7:192.168.164.230:42313, b415fcc4-6df1-4ef2-a996-fc4ba4d7bef8:192.168.164.230:33911, 9a405eda-bea2-4e42-9c5b-926ff9297bde:192.168.164.230:37479], old=null
2019-10-10 13:32:09,208 [8010a7e6-8fd0-47b5-90e9-f8c60b8ca0e7@group-CF01E124039D-LeaderElection105] INFO  impl.RoleInfo (RoleInfo.java:shutdownLeaderElection(134)) - 8010a7e6-8fd0-47b5-90e9-f8c60b8ca0e7: shutdown LeaderElection
2019-10-10 13:32:09,208 [9a405eda-bea2-4e42-9c5b-926ff9297bde@group-6D4E63A0E396-LeaderElection107] INFO  server.RaftServerConfigKeys (ConfUtils.java:logGet(43)) - raft.server.watch.timeout = 10s (default)
2019-10-10 13:32:09,209 [8010a7e6-8fd0-47b5-90e9-f8c60b8ca0e7@group-CF01E124039D-LeaderElection105] INFO  impl.RaftServerImpl (RaftServerImpl.java:setRole(170)) - 8010a7e6-8fd0-47b5-90e9-f8c60b8ca0e7@group-CF01E124039D: changes role from CANDIDATE to LEADER at term 1 for changeToLeader
2019-10-10 13:32:09,208 [b415fcc4-6df1-4ef2-a996-fc4ba4d7bef8@group-CF01E124039D-LeaderElection106] INFO  impl.RaftServerImpl (RaftServerImpl.java:setRole(170)) - b415fcc4-6df1-4ef2-a996-fc4ba4d7bef8@group-CF01E124039D: changes role from CANDIDATE to FOLLOWER at term 1 for DISCOVERED_A_NEW_TERM
2019-10-10 13:32:09,209 [8010a7e6-8fd0-47b5-90e9-f8c60b8ca0e7@group-CF01E124039D-LeaderElection105] INFO  impl.RaftServerImpl (ServerState.java:setLeader(255)) - 8010a7e6-8fd0-47b5-90e9-f8c60b8ca0e7@group-CF01E124039D: change Leader from null to 8010a7e6-8fd0-47b5-90e9-f8c60b8ca0e7 at term 1 for becomeLeader, leader elected after 5111ms
2019-10-10 13:32:09,209 [9a405eda-bea2-4e42-9c5b-926ff9297bde@group-6D4E63A0E396-LeaderElection107] INFO  server.RaftServerConfigKeys (ConfUtils.java:logGet(43)) - raft.server.watch.timeout.denomination = 1s (default)
2019-10-10 13:32:09,209 [8010a7e6-8fd0-47b5-90e9-f8c60b8ca0e7@group-19EA66E8FA92-SegmentedRaftLogWorker] INFO  segmented.SegmentedRaftLogWorker (SegmentedRaftLogWorker.java:execute(574)) - 8010a7e6-8fd0-47b5-90e9-f8c60b8ca0e7@group-19EA66E8FA92-SegmentedRaftLogWorker: created new log segment /workdir/hadoop-ozone/integration-test/target/test-dir/MiniOzoneClusterImpl-c188a606-c3de-4bac-92d1-570b5b7100db/datanode-5/data/ratis/a78ff361-5745-4e26-b71d-19ea66e8fa92/current/log_inprogress_0
2019-10-10 13:32:09,209 [8010a7e6-8fd0-47b5-90e9-f8c60b8ca0e7@group-CF01E124039D-LeaderElection105] INFO  server.RaftServerConfigKeys (ConfUtils.java:logGet(43)) - raft.server.staging.catchup.gap = 1000 (default)
2019-10-10 13:32:09,209 [b415fcc4-6df1-4ef2-a996-fc4ba4d7bef8@group-CF01E124039D-LeaderElection106] INFO  impl.RoleInfo (RoleInfo.java:shutdownLeaderElection(134)) - b415fcc4-6df1-4ef2-a996-fc4ba4d7bef8: shutdown LeaderElection
2019-10-10 13:32:09,210 [8010a7e6-8fd0-47b5-90e9-f8c60b8ca0e7@group-CF01E124039D-LeaderElection105] INFO  server.RaftServerConfigKeys (ConfUtils.java:logGet(43)) - raft.server.rpc.sleep.time = 25ms (default)
2019-10-10 13:32:09,209 [9a405eda-bea2-4e42-9c5b-926ff9297bde@group-6D4E63A0E396-LeaderElection107] INFO  server.RaftServerConfigKeys (ConfUtils.java:logGet(43)) - raft.server.watch.element-limit = 65536 (default)
2019-10-10 13:32:09,210 [b415fcc4-6df1-4ef2-a996-fc4ba4d7bef8@group-CF01E124039D-LeaderElection106] INFO  impl.RoleInfo (RoleInfo.java:updateAndGet(143)) - b415fcc4-6df1-4ef2-a996-fc4ba4d7bef8: start FollowerState
2019-10-10 13:32:09,210 [8010a7e6-8fd0-47b5-90e9-f8c60b8ca0e7@group-CF01E124039D-LeaderElection105] INFO  server.RaftServerConfigKeys (ConfUtils.java:logGet(43)) - raft.server.write.element-limit = 4096 (default)
2019-10-10 13:32:09,210 [8010a7e6-8fd0-47b5-90e9-f8c60b8ca0e7@group-CF01E124039D-LeaderElection105] INFO  server.RaftServerConfigKeys (ConfUtils.java:logGet(43)) - raft.server.watch.timeout = 10s (default)
2019-10-10 13:32:09,210 [8010a7e6-8fd0-47b5-90e9-f8c60b8ca0e7@group-CF01E124039D-LeaderElection105] INFO  server.RaftServerConfigKeys (ConfUtils.java:logGet(43)) - raft.server.watch.timeout.denomination = 1s (default)
2019-10-10 13:32:09,210 [8010a7e6-8fd0-47b5-90e9-f8c60b8ca0e7@group-CF01E124039D-LeaderElection105] INFO  server.RaftServerConfigKeys (ConfUtils.java:logGet(43)) - raft.server.watch.element-limit = 65536 (default)
2019-10-10 13:32:09,212 [9a405eda-bea2-4e42-9c5b-926ff9297bde@group-6D4E63A0E396-LeaderElection107] INFO  impl.RoleInfo (RoleInfo.java:updateAndGet(143)) - 9a405eda-bea2-4e42-9c5b-926ff9297bde: start LeaderState
2019-10-10 13:32:09,212 [9a405eda-bea2-4e42-9c5b-926ff9297bde@group-6D4E63A0E396-LeaderElection107] INFO  segmented.SegmentedRaftLogWorker (SegmentedRaftLogWorker.java:startLogSegment(385)) - 9a405eda-bea2-4e42-9c5b-926ff9297bde@group-6D4E63A0E396-SegmentedRaftLogWorker: Starting segment from index:0
2019-10-10 13:32:09,212 [9a405eda-bea2-4e42-9c5b-926ff9297bde@group-6D4E63A0E396-LeaderElection107] INFO  impl.RaftServerImpl (ServerState.java:setRaftConf(356)) - 9a405eda-bea2-4e42-9c5b-926ff9297bde@group-6D4E63A0E396: set configuration 0: [9a405eda-bea2-4e42-9c5b-926ff9297bde:192.168.164.230:37479], old=null at 0
2019-10-10 13:32:09,212 [8010a7e6-8fd0-47b5-90e9-f8c60b8ca0e7@group-CF01E124039D-LeaderElection105] INFO  server.RaftServerConfigKeys (ConfUtils.java:logGet(43)) - raft.server.log.appender.snapshot.chunk.size.max = 16MB (=16777216) (default)
2019-10-10 13:32:09,213 [8010a7e6-8fd0-47b5-90e9-f8c60b8ca0e7@group-CF01E124039D-LeaderElection105] INFO  server.RaftServerConfigKeys (ConfUtils.java:logGet(43)) - raft.server.log.appender.buffer.byte-limit = 33554432 (custom)
2019-10-10 13:32:09,213 [8010a7e6-8fd0-47b5-90e9-f8c60b8ca0e7@group-CF01E124039D-LeaderElection105] INFO  server.RaftServerConfigKeys (ConfUtils.java:logGet(43)) - raft.server.log.appender.buffer.element-limit = 1 (custom)
2019-10-10 13:32:09,213 [8010a7e6-8fd0-47b5-90e9-f8c60b8ca0e7@group-CF01E124039D-LeaderElection105] INFO  grpc.GrpcConfigKeys$Server (ConfUtils.java:logGet(43)) - raft.grpc.server.leader.outstanding.appends.max = 128 (default)
2019-10-10 13:32:09,213 [8010a7e6-8fd0-47b5-90e9-f8c60b8ca0e7@group-CF01E124039D-LeaderElection105] INFO  server.RaftServerConfigKeys (ConfUtils.java:logGet(43)) - raft.server.rpc.request.timeout = 3000ms (default)
2019-10-10 13:32:09,213 [8010a7e6-8fd0-47b5-90e9-f8c60b8ca0e7@group-CF01E124039D-LeaderElection105] INFO  server.RaftServerConfigKeys (ConfUtils.java:logGet(43)) - raft.server.log.appender.install.snapshot.enabled = false (custom)
2019-10-10 13:32:09,213 [8010a7e6-8fd0-47b5-90e9-f8c60b8ca0e7@group-CF01E124039D-LeaderElection105] INFO  server.RaftServerConfigKeys (ConfUtils.java:logGet(43)) - raft.server.log.appender.snapshot.chunk.size.max = 16MB (=16777216) (default)
2019-10-10 13:32:09,214 [8010a7e6-8fd0-47b5-90e9-f8c60b8ca0e7@group-CF01E124039D-LeaderElection105] INFO  server.RaftServerConfigKeys (ConfUtils.java:logGet(43)) - raft.server.log.appender.buffer.byte-limit = 33554432 (custom)
2019-10-10 13:32:09,214 [8010a7e6-8fd0-47b5-90e9-f8c60b8ca0e7@group-CF01E124039D-LeaderElection105] INFO  server.RaftServerConfigKeys (ConfUtils.java:logGet(43)) - raft.server.log.appender.buffer.element-limit = 1 (custom)
2019-10-10 13:32:09,214 [8010a7e6-8fd0-47b5-90e9-f8c60b8ca0e7@group-CF01E124039D-LeaderElection105] INFO  grpc.GrpcConfigKeys$Server (ConfUtils.java:logGet(43)) - raft.grpc.server.leader.outstanding.appends.max = 128 (default)
2019-10-10 13:32:09,214 [8010a7e6-8fd0-47b5-90e9-f8c60b8ca0e7@group-CF01E124039D-LeaderElection105] INFO  server.RaftServerConfigKeys (ConfUtils.java:logGet(43)) - raft.server.rpc.request.timeout = 3000ms (default)
2019-10-10 13:32:09,214 [8010a7e6-8fd0-47b5-90e9-f8c60b8ca0e7@group-CF01E124039D-LeaderElection105] INFO  server.RaftServerConfigKeys (ConfUtils.java:logGet(43)) - raft.server.log.appender.install.snapshot.enabled = false (custom)
2019-10-10 13:32:09,214 [8010a7e6-8fd0-47b5-90e9-f8c60b8ca0e7@group-CF01E124039D-LeaderElection105] INFO  impl.RoleInfo (RoleInfo.java:updateAndGet(143)) - 8010a7e6-8fd0-47b5-90e9-f8c60b8ca0e7: start LeaderState
2019-10-10 13:32:09,214 [8010a7e6-8fd0-47b5-90e9-f8c60b8ca0e7@group-CF01E124039D-LeaderElection105] INFO  segmented.SegmentedRaftLogWorker (SegmentedRaftLogWorker.java:startLogSegment(385)) - 8010a7e6-8fd0-47b5-90e9-f8c60b8ca0e7@group-CF01E124039D-SegmentedRaftLogWorker: Starting segment from index:0
2019-10-10 13:32:09,215 [8010a7e6-8fd0-47b5-90e9-f8c60b8ca0e7@group-CF01E124039D-LeaderElection105] INFO  impl.RaftServerImpl (ServerState.java:setRaftConf(356)) - 8010a7e6-8fd0-47b5-90e9-f8c60b8ca0e7@group-CF01E124039D: set configuration 0: [8010a7e6-8fd0-47b5-90e9-f8c60b8ca0e7:192.168.164.230:42313, b415fcc4-6df1-4ef2-a996-fc4ba4d7bef8:192.168.164.230:33911, 9a405eda-bea2-4e42-9c5b-926ff9297bde:192.168.164.230:37479], old=null at 0
2019-10-10 13:32:09,254 [Thread-2424] INFO  impl.FollowerState (FollowerState.java:run(108)) - b23aa8e4-3d65-46af-963e-a28b41db5fb0@group-FD58D0B2C000-FollowerState: change to CANDIDATE, lastRpcTime:5217ms, electionTimeout:5182ms
2019-10-10 13:32:09,256 [Thread-2424] INFO  impl.RoleInfo (RoleInfo.java:shutdownFollowerState(121)) - b23aa8e4-3d65-46af-963e-a28b41db5fb0: shutdown FollowerState
2019-10-10 13:32:09,256 [8010a7e6-8fd0-47b5-90e9-f8c60b8ca0e7@group-CF01E124039D-SegmentedRaftLogWorker] INFO  segmented.SegmentedRaftLogWorker (SegmentedRaftLogWorker.java:execute(574)) - 8010a7e6-8fd0-47b5-90e9-f8c60b8ca0e7@group-CF01E124039D-SegmentedRaftLogWorker: created new log segment /workdir/hadoop-ozone/integration-test/target/test-dir/MiniOzoneClusterImpl-c188a606-c3de-4bac-92d1-570b5b7100db/datanode-5/data/ratis/f4299fb2-196c-4166-b545-cf01e124039d/current/log_inprogress_0
2019-10-10 13:32:09,258 [Thread-2424] INFO  impl.RaftServerImpl (RaftServerImpl.java:setRole(170)) - b23aa8e4-3d65-46af-963e-a28b41db5fb0@group-FD58D0B2C000: changes role from  FOLLOWER to CANDIDATE at term 0 for changeToCandidate
2019-10-10 13:32:09,258 [Thread-2424] INFO  impl.RoleInfo (RoleInfo.java:updateAndGet(143)) - b23aa8e4-3d65-46af-963e-a28b41db5fb0: start LeaderElection
2019-10-10 13:32:09,265 [grpc-default-executor-5] INFO  impl.RaftServerImpl (ServerState.java:setLeader(255)) - 9a405eda-bea2-4e42-9c5b-926ff9297bde@group-CF01E124039D: change Leader from null to 8010a7e6-8fd0-47b5-90e9-f8c60b8ca0e7 at term 1 for appendEntries, leader elected after 5167ms
2019-10-10 13:32:09,266 [grpc-default-executor-8] INFO  impl.RaftServerImpl (ServerState.java:setLeader(255)) - b415fcc4-6df1-4ef2-a996-fc4ba4d7bef8@group-CF01E124039D: change Leader from null to 8010a7e6-8fd0-47b5-90e9-f8c60b8ca0e7 at term 1 for appendEntries, leader elected after 5168ms
2019-10-10 13:32:09,268 [grpc-default-executor-5] INFO  impl.RaftServerImpl (ServerState.java:setRaftConf(356)) - 9a405eda-bea2-4e42-9c5b-926ff9297bde@group-CF01E124039D: set configuration 0: [8010a7e6-8fd0-47b5-90e9-f8c60b8ca0e7:192.168.164.230:42313, b415fcc4-6df1-4ef2-a996-fc4ba4d7bef8:192.168.164.230:33911, 9a405eda-bea2-4e42-9c5b-926ff9297bde:192.168.164.230:37479], old=null at 0
2019-10-10 13:32:09,268 [grpc-default-executor-5] INFO  segmented.SegmentedRaftLogWorker (SegmentedRaftLogWorker.java:startLogSegment(385)) - 9a405eda-bea2-4e42-9c5b-926ff9297bde@group-CF01E124039D-SegmentedRaftLogWorker: Starting segment from index:0
2019-10-10 13:32:09,268 [grpc-default-executor-8] INFO  impl.RaftServerImpl (ServerState.java:setRaftConf(356)) - b415fcc4-6df1-4ef2-a996-fc4ba4d7bef8@group-CF01E124039D: set configuration 0: [8010a7e6-8fd0-47b5-90e9-f8c60b8ca0e7:192.168.164.230:42313, b415fcc4-6df1-4ef2-a996-fc4ba4d7bef8:192.168.164.230:33911, 9a405eda-bea2-4e42-9c5b-926ff9297bde:192.168.164.230:37479], old=null at 0
2019-10-10 13:32:09,269 [grpc-default-executor-8] INFO  segmented.SegmentedRaftLogWorker (SegmentedRaftLogWorker.java:startLogSegment(385)) - b415fcc4-6df1-4ef2-a996-fc4ba4d7bef8@group-CF01E124039D-SegmentedRaftLogWorker: Starting segment from index:0
2019-10-10 13:32:09,284 [9a405eda-bea2-4e42-9c5b-926ff9297bde@group-6D4E63A0E396-SegmentedRaftLogWorker] INFO  segmented.SegmentedRaftLogWorker (SegmentedRaftLogWorker.java:execute(574)) - 9a405eda-bea2-4e42-9c5b-926ff9297bde@group-6D4E63A0E396-SegmentedRaftLogWorker: created new log segment /workdir/hadoop-ozone/integration-test/target/test-dir/MiniOzoneClusterImpl-c188a606-c3de-4bac-92d1-570b5b7100db/datanode-6/data/ratis/7bf2dd79-5388-4703-95b3-6d4e63a0e396/current/log_inprogress_0
2019-10-10 13:32:09,284 [b23aa8e4-3d65-46af-963e-a28b41db5fb0@group-FD58D0B2C000-LeaderElection108] INFO  impl.LeaderElection (LeaderElection.java:askForVotes(178)) - b23aa8e4-3d65-46af-963e-a28b41db5fb0@group-FD58D0B2C000-LeaderElection108: begin an election at term 1 for -1: [b23aa8e4-3d65-46af-963e-a28b41db5fb0:192.168.164.230:46615], old=null
2019-10-10 13:32:09,285 [b23aa8e4-3d65-46af-963e-a28b41db5fb0@group-FD58D0B2C000-LeaderElection108] INFO  impl.RoleInfo (RoleInfo.java:shutdownLeaderElection(134)) - b23aa8e4-3d65-46af-963e-a28b41db5fb0: shutdown LeaderElection
2019-10-10 13:32:09,285 [b23aa8e4-3d65-46af-963e-a28b41db5fb0@group-FD58D0B2C000-LeaderElection108] INFO  impl.RaftServerImpl (RaftServerImpl.java:setRole(170)) - b23aa8e4-3d65-46af-963e-a28b41db5fb0@group-FD58D0B2C000: changes role from CANDIDATE to LEADER at term 1 for changeToLeader
2019-10-10 13:32:09,285 [b23aa8e4-3d65-46af-963e-a28b41db5fb0@group-FD58D0B2C000-LeaderElection108] INFO  impl.RaftServerImpl (ServerState.java:setLeader(255)) - b23aa8e4-3d65-46af-963e-a28b41db5fb0@group-FD58D0B2C000: change Leader from null to b23aa8e4-3d65-46af-963e-a28b41db5fb0 at term 1 for becomeLeader, leader elected after 5253ms
2019-10-10 13:32:09,285 [b23aa8e4-3d65-46af-963e-a28b41db5fb0@group-FD58D0B2C000-LeaderElection108] INFO  server.RaftServerConfigKeys (ConfUtils.java:logGet(43)) - raft.server.staging.catchup.gap = 1000 (default)
2019-10-10 13:32:09,285 [b23aa8e4-3d65-46af-963e-a28b41db5fb0@group-FD58D0B2C000-LeaderElection108] INFO  server.RaftServerConfigKeys (ConfUtils.java:logGet(43)) - raft.server.rpc.sleep.time = 25ms (default)
2019-10-10 13:32:09,285 [b23aa8e4-3d65-46af-963e-a28b41db5fb0@group-FD58D0B2C000-LeaderElection108] INFO  server.RaftServerConfigKeys (ConfUtils.java:logGet(43)) - raft.server.write.element-limit = 4096 (default)
2019-10-10 13:32:09,285 [b23aa8e4-3d65-46af-963e-a28b41db5fb0@group-FD58D0B2C000-LeaderElection108] INFO  server.RaftServerConfigKeys (ConfUtils.java:logGet(43)) - raft.server.watch.timeout = 10s (default)
2019-10-10 13:32:09,285 [b23aa8e4-3d65-46af-963e-a28b41db5fb0@group-FD58D0B2C000-LeaderElection108] INFO  server.RaftServerConfigKeys (ConfUtils.java:logGet(43)) - raft.server.watch.timeout.denomination = 1s (default)
2019-10-10 13:32:09,286 [b23aa8e4-3d65-46af-963e-a28b41db5fb0@group-FD58D0B2C000-LeaderElection108] INFO  server.RaftServerConfigKeys (ConfUtils.java:logGet(43)) - raft.server.watch.element-limit = 65536 (default)
2019-10-10 13:32:09,287 [b23aa8e4-3d65-46af-963e-a28b41db5fb0@group-FD58D0B2C000-LeaderElection108] INFO  impl.RoleInfo (RoleInfo.java:updateAndGet(143)) - b23aa8e4-3d65-46af-963e-a28b41db5fb0: start LeaderState
2019-10-10 13:32:09,287 [b23aa8e4-3d65-46af-963e-a28b41db5fb0@group-FD58D0B2C000-LeaderElection108] INFO  segmented.SegmentedRaftLogWorker (SegmentedRaftLogWorker.java:startLogSegment(385)) - b23aa8e4-3d65-46af-963e-a28b41db5fb0@group-FD58D0B2C000-SegmentedRaftLogWorker: Starting segment from index:0
2019-10-10 13:32:09,288 [b23aa8e4-3d65-46af-963e-a28b41db5fb0@group-FD58D0B2C000-LeaderElection108] INFO  impl.RaftServerImpl (ServerState.java:setRaftConf(356)) - b23aa8e4-3d65-46af-963e-a28b41db5fb0@group-FD58D0B2C000: set configuration 0: [b23aa8e4-3d65-46af-963e-a28b41db5fb0:192.168.164.230:46615], old=null at 0
2019-10-10 13:32:09,297 [b415fcc4-6df1-4ef2-a996-fc4ba4d7bef8@group-CF01E124039D-SegmentedRaftLogWorker] INFO  segmented.SegmentedRaftLogWorker (SegmentedRaftLogWorker.java:execute(574)) - b415fcc4-6df1-4ef2-a996-fc4ba4d7bef8@group-CF01E124039D-SegmentedRaftLogWorker: created new log segment /workdir/hadoop-ozone/integration-test/target/test-dir/MiniOzoneClusterImpl-c188a606-c3de-4bac-92d1-570b5b7100db/datanode-4/data/ratis/f4299fb2-196c-4166-b545-cf01e124039d/current/log_inprogress_0
2019-10-10 13:32:09,315 [9a405eda-bea2-4e42-9c5b-926ff9297bde@group-CF01E124039D-SegmentedRaftLogWorker] INFO  segmented.SegmentedRaftLogWorker (SegmentedRaftLogWorker.java:execute(574)) - 9a405eda-bea2-4e42-9c5b-926ff9297bde@group-CF01E124039D-SegmentedRaftLogWorker: created new log segment /workdir/hadoop-ozone/integration-test/target/test-dir/MiniOzoneClusterImpl-c188a606-c3de-4bac-92d1-570b5b7100db/datanode-6/data/ratis/f4299fb2-196c-4166-b545-cf01e124039d/current/log_inprogress_0
2019-10-10 13:32:09,318 [b23aa8e4-3d65-46af-963e-a28b41db5fb0@group-FD58D0B2C000-SegmentedRaftLogWorker] INFO  segmented.SegmentedRaftLogWorker (SegmentedRaftLogWorker.java:execute(574)) - b23aa8e4-3d65-46af-963e-a28b41db5fb0@group-FD58D0B2C000-SegmentedRaftLogWorker: created new log segment /workdir/hadoop-ozone/integration-test/target/test-dir/MiniOzoneClusterImpl-c188a606-c3de-4bac-92d1-570b5b7100db/datanode-3/data/ratis/fd770c3e-fbce-41bc-9a25-fd58d0b2c000/current/log_inprogress_0
2019-10-10 13:32:10,244 [Datanode State Machine Thread - 0] INFO  statemachine.DatanodeStateMachine (DatanodeStateMachine.java:lambda$startDaemon$0(350)) - Ozone container server started.
2019-10-10 13:32:14,267 [main] INFO  ozoneimpl.OzoneContainer (OzoneContainer.java:stop(227)) - Attempting to stop container services.
2019-10-10 13:32:14,269 [main] INFO  impl.RaftServerProxy (RaftServerProxy.java:lambda$close$4(314)) - 48fcb2fe-0535-4a72-85bb-b0f801b676d2: close
2019-10-10 13:32:14,270 [main] INFO  impl.RaftServerImpl (RaftServerImpl.java:lambda$shutdown$3(247)) - 48fcb2fe-0535-4a72-85bb-b0f801b676d2@group-79D9CFC324D4: shutdown
2019-10-10 13:32:14,270 [ForkJoinPool.commonPool-worker-0] INFO  impl.RaftServerImpl (RaftServerImpl.java:lambda$shutdown$3(247)) - 48fcb2fe-0535-4a72-85bb-b0f801b676d2@group-3F88189B7428: shutdown
2019-10-10 13:32:14,271 [main] INFO  util.JmxRegister (JmxRegister.java:unregister(73)) - Successfully un-registered JMX Bean with object name Ratis:service=RaftServer,group=group-79D9CFC324D4,id=48fcb2fe-0535-4a72-85bb-b0f801b676d2
2019-10-10 13:32:14,271 [ForkJoinPool.commonPool-worker-0] INFO  util.JmxRegister (JmxRegister.java:unregister(73)) - Successfully un-registered JMX Bean with object name Ratis:service=RaftServer,group=group-3F88189B7428,id=48fcb2fe-0535-4a72-85bb-b0f801b676d2
2019-10-10 13:32:14,271 [main] INFO  impl.RoleInfo (RoleInfo.java:shutdownFollowerState(121)) - 48fcb2fe-0535-4a72-85bb-b0f801b676d2: shutdown FollowerState
2019-10-10 13:32:14,271 [ForkJoinPool.commonPool-worker-0] INFO  impl.RoleInfo (RoleInfo.java:shutdownLeaderState(104)) - 48fcb2fe-0535-4a72-85bb-b0f801b676d2: shutdown LeaderState
2019-10-10 13:32:14,272 [main] INFO  impl.StateMachineUpdater (StateMachineUpdater.java:stopAndJoin(136)) - 48fcb2fe-0535-4a72-85bb-b0f801b676d2@group-79D9CFC324D4-StateMachineUpdater: set stopIndex = 2
2019-10-10 13:32:14,272 [ForkJoinPool.commonPool-worker-0] INFO  impl.PendingRequests (PendingRequests.java:sendNotLeaderResponses(202)) - 48fcb2fe-0535-4a72-85bb-b0f801b676d2@group-3F88189B7428-PendingRequests: sendNotLeaderResponses
2019-10-10 13:32:14,272 [Thread-2456] INFO  impl.FollowerState (FollowerState.java:run(117)) - 48fcb2fe-0535-4a72-85bb-b0f801b676d2@group-79D9CFC324D4-FollowerState was interrupted: java.lang.InterruptedException: sleep interrupted
2019-10-10 13:32:14,290 [ForkJoinPool.commonPool-worker-0] INFO  impl.StateMachineUpdater (StateMachineUpdater.java:stopAndJoin(136)) - 48fcb2fe-0535-4a72-85bb-b0f801b676d2@group-3F88189B7428-StateMachineUpdater: set stopIndex = 0
2019-10-10 13:32:14,290 [48fcb2fe-0535-4a72-85bb-b0f801b676d2@group-79D9CFC324D4-StateMachineUpdater] INFO  ratis.ContainerStateMachine (ContainerStateMachine.java:takeSnapshot(294)) - group-79D9CFC324D4: Taking a snapshot at:(t:1, i:1) file /workdir/hadoop-ozone/integration-test/target/test-dir/MiniOzoneClusterImpl-c188a606-c3de-4bac-92d1-570b5b7100db/datanode-2/data/ratis/404c85a7-267e-4de8-b2f6-79d9cfc324d4/sm/snapshot.1_1
2019-10-10 13:32:14,291 [ForkJoinPool.commonPool-worker-0] INFO  impl.RaftServerImpl (ServerState.java:close(387)) - 48fcb2fe-0535-4a72-85bb-b0f801b676d2@group-3F88189B7428: closes. applyIndex: 0
2019-10-10 13:32:14,291 [48fcb2fe-0535-4a72-85bb-b0f801b676d2@group-3F88189B7428-SegmentedRaftLogWorker] INFO  segmented.SegmentedRaftLogWorker (SegmentedRaftLogWorker.java:run(316)) - 48fcb2fe-0535-4a72-85bb-b0f801b676d2@group-3F88189B7428-SegmentedRaftLogWorker was interrupted, exiting. There are 0 tasks remaining in the queue.
2019-10-10 13:32:14,295 [ForkJoinPool.commonPool-worker-0] INFO  segmented.SegmentedRaftLogWorker (SegmentedRaftLogWorker.java:close(224)) - 48fcb2fe-0535-4a72-85bb-b0f801b676d2@group-3F88189B7428-SegmentedRaftLogWorker close()
2019-10-10 13:32:14,308 [48fcb2fe-0535-4a72-85bb-b0f801b676d2@group-79D9CFC324D4-StateMachineUpdater] INFO  ratis.ContainerStateMachine (ContainerStateMachine.java:takeSnapshot(305)) - group-79D9CFC324D4: Finished taking a snapshot at:(t:1, i:1) file:/workdir/hadoop-ozone/integration-test/target/test-dir/MiniOzoneClusterImpl-c188a606-c3de-4bac-92d1-570b5b7100db/datanode-2/data/ratis/404c85a7-267e-4de8-b2f6-79d9cfc324d4/sm/snapshot.1_1 time:36
2019-10-10 13:32:14,308 [48fcb2fe-0535-4a72-85bb-b0f801b676d2@group-79D9CFC324D4-StateMachineUpdater] INFO  impl.StateMachineUpdater (StateMachineUpdater.java:takeSnapshot(269)) - 48fcb2fe-0535-4a72-85bb-b0f801b676d2@group-79D9CFC324D4-StateMachineUpdater: Took a snapshot at index 1
2019-10-10 13:32:14,308 [48fcb2fe-0535-4a72-85bb-b0f801b676d2@group-79D9CFC324D4-StateMachineUpdater] INFO  impl.StateMachineUpdater (StateMachineUpdater.java:lambda$new$0(84)) - 48fcb2fe-0535-4a72-85bb-b0f801b676d2@group-79D9CFC324D4-StateMachineUpdater: snapshotIndex: updateIncreasingly -1 -> 1
2019-10-10 13:32:14,309 [48fcb2fe-0535-4a72-85bb-b0f801b676d2@group-79D9CFC324D4-StateMachineUpdater] INFO  ratis.ContainerStateMachine (ContainerStateMachine.java:takeSnapshot(294)) - group-79D9CFC324D4: Taking a snapshot at:(t:1, i:1) file /workdir/hadoop-ozone/integration-test/target/test-dir/MiniOzoneClusterImpl-c188a606-c3de-4bac-92d1-570b5b7100db/datanode-2/data/ratis/404c85a7-267e-4de8-b2f6-79d9cfc324d4/sm/snapshot.1_1
2019-10-10 13:32:14,321 [48fcb2fe-0535-4a72-85bb-b0f801b676d2@group-79D9CFC324D4-StateMachineUpdater] INFO  ratis.ContainerStateMachine (ContainerStateMachine.java:takeSnapshot(305)) - group-79D9CFC324D4: Finished taking a snapshot at:(t:1, i:1) file:/workdir/hadoop-ozone/integration-test/target/test-dir/MiniOzoneClusterImpl-c188a606-c3de-4bac-92d1-570b5b7100db/datanode-2/data/ratis/404c85a7-267e-4de8-b2f6-79d9cfc324d4/sm/snapshot.1_1 time:13
2019-10-10 13:32:14,322 [48fcb2fe-0535-4a72-85bb-b0f801b676d2@group-79D9CFC324D4-StateMachineUpdater] INFO  impl.StateMachineUpdater (StateMachineUpdater.java:takeSnapshot(269)) - 48fcb2fe-0535-4a72-85bb-b0f801b676d2@group-79D9CFC324D4-StateMachineUpdater: Took a snapshot at index 1
2019-10-10 13:32:14,322 [48fcb2fe-0535-4a72-85bb-b0f801b676d2@group-79D9CFC324D4-StateMachineUpdater] INFO  impl.StateMachineUpdater (StateMachineUpdater.java:lambda$new$0(84)) - 48fcb2fe-0535-4a72-85bb-b0f801b676d2@group-79D9CFC324D4-StateMachineUpdater: snapshotIndex: updateIncreasingly 1 -> 1
2019-10-10 13:32:14,322 [main] INFO  impl.RaftServerImpl (ServerState.java:close(387)) - 48fcb2fe-0535-4a72-85bb-b0f801b676d2@group-79D9CFC324D4: closes. applyIndex: 2
2019-10-10 13:32:14,322 [48fcb2fe-0535-4a72-85bb-b0f801b676d2@group-79D9CFC324D4-SegmentedRaftLogWorker] INFO  segmented.SegmentedRaftLogWorker (SegmentedRaftLogWorker.java:run(316)) - 48fcb2fe-0535-4a72-85bb-b0f801b676d2@group-79D9CFC324D4-SegmentedRaftLogWorker was interrupted, exiting. There are 0 tasks remaining in the queue.
2019-10-10 13:32:14,326 [main] INFO  segmented.SegmentedRaftLogWorker (SegmentedRaftLogWorker.java:close(224)) - 48fcb2fe-0535-4a72-85bb-b0f801b676d2@group-79D9CFC324D4-SegmentedRaftLogWorker close()
2019-10-10 13:32:14,331 [main] INFO  server.GrpcService (GrpcService.java:closeImpl(164)) - 48fcb2fe-0535-4a72-85bb-b0f801b676d2: shutdown server with port 41547 now
2019-10-10 13:32:14,333 [grpc-default-executor-8] WARN  server.GrpcServerProtocolService (LogUtils.java:warn(134)) - 48fcb2fe-0535-4a72-85bb-b0f801b676d2: installSnapshot onError, lastRequest: 01247d78-405c-426d-b11b-2d4d014ef41a->48fcb2fe-0535-4a72-85bb-b0f801b676d2#5-t1, previous=(t:1, i:2), leaderCommit=2, initializing? false, entries: <empty>: org.apache.ratis.thirdparty.io.grpc.StatusRuntimeException: CANCELLED: cancelled before receiving half close
2019-10-10 13:32:14,333 [main] INFO  server.GrpcService (GrpcService.java:closeImpl(172)) - 48fcb2fe-0535-4a72-85bb-b0f801b676d2: shutdown server with port 41547 successfully
2019-10-10 13:32:14,334 [grpc-default-executor-3] WARN  server.GrpcLogAppender (LogUtils.java:warn(134)) - 01247d78-405c-426d-b11b-2d4d014ef41a@group-79D9CFC324D4->48fcb2fe-0535-4a72-85bb-b0f801b676d2-AppendLogResponseHandler: Failed appendEntries: org.apache.ratis.thirdparty.io.grpc.StatusRuntimeException: CANCELLED: HTTP/2 error code: CANCEL
Received Rst Stream
2019-10-10 13:32:14,334 [grpc-default-executor-3] INFO  impl.FollowerInfo (FollowerInfo.java:lambda$new$0(51)) - 01247d78-405c-426d-b11b-2d4d014ef41a@group-79D9CFC324D4->48fcb2fe-0535-4a72-85bb-b0f801b676d2: nextIndex: updateUnconditionally 3 -> 2
2019-10-10 13:32:14,336 [refreshUsed-/workdir/hadoop-ozone/integration-test/target/test-dir/MiniOzoneClusterImpl-c188a606-c3de-4bac-92d1-570b5b7100db/datanode-2/data/containers] WARN  fs.CachingGetSpaceUsed (CachingGetSpaceUsed.java:run(183)) - Thread Interrupted waiting to refresh disk information: sleep interrupted
2019-10-10 13:32:14,351 [main] INFO  utils.BackgroundService (BackgroundService.java:shutdown(151)) - Shutting down service BlockDeletingService
2019-10-10 13:32:14,359 [main] INFO  statemachine.DatanodeStateMachine (DatanodeStateMachine.java:stopDaemon(395)) - Ozone container server stopped.
2019-10-10 13:32:14,361 [main] INFO  handler.ContextHandler (ContextHandler.java:doStop(910)) - Stopped o.e.j.w.WebAppContext@27a9f025{/,null,UNAVAILABLE}{/hddsDatanode}
2019-10-10 13:32:14,362 [main] INFO  server.AbstractConnector (AbstractConnector.java:doStop(318)) - Stopped ServerConnector@71936a92{HTTP/1.1,[http/1.1]}{0.0.0.0:0}
2019-10-10 13:32:14,362 [main] INFO  handler.ContextHandler (ContextHandler.java:doStop(910)) - Stopped o.e.j.s.ServletContextHandler@691567ea{/static,jar:file:/home/user/.m2/repository/org/apache/hadoop/hadoop-hdds-container-service/0.5.0-SNAPSHOT/hadoop-hdds-container-service-0.5.0-SNAPSHOT.jar!/webapps/static,UNAVAILABLE}
2019-10-10 13:32:14,363 [main] INFO  handler.ContextHandler (ContextHandler.java:doStop(910)) - Stopped o.e.j.s.ServletContextHandler@11f23038{/logs,file:///workdir/hadoop-ozone/integration-test/target/log,UNAVAILABLE}
2019-10-10 13:32:14,373 [grpc-default-executor-8] WARN  server.GrpcLogAppender (LogUtils.java:warn(134)) - 01247d78-405c-426d-b11b-2d4d014ef41a@group-79D9CFC324D4->48fcb2fe-0535-4a72-85bb-b0f801b676d2-AppendLogResponseHandler: Failed appendEntries: org.apache.ratis.thirdparty.io.grpc.StatusRuntimeException: UNAVAILABLE: io exception
2019-10-10 13:32:14,373 [grpc-default-executor-8] INFO  impl.FollowerInfo (FollowerInfo.java:lambda$new$0(51)) - 01247d78-405c-426d-b11b-2d4d014ef41a@group-79D9CFC324D4->48fcb2fe-0535-4a72-85bb-b0f801b676d2: nextIndex: updateUnconditionally 3 -> 2
2019-10-10 13:32:14,384 [grpc-default-executor-5] WARN  server.GrpcLogAppender (LogUtils.java:warn(134)) - 01247d78-405c-426d-b11b-2d4d014ef41a@group-79D9CFC324D4->48fcb2fe-0535-4a72-85bb-b0f801b676d2-AppendLogResponseHandler: Failed appendEntries: org.apache.ratis.thirdparty.io.grpc.StatusRuntimeException: UNAVAILABLE: io exception
2019-10-10 13:32:14,385 [grpc-default-executor-5] INFO  impl.FollowerInfo (FollowerInfo.java:lambda$new$0(51)) - 01247d78-405c-426d-b11b-2d4d014ef41a@group-79D9CFC324D4->48fcb2fe-0535-4a72-85bb-b0f801b676d2: nextIndex: updateUnconditionally 3 -> 2
2019-10-10 13:32:14,398 [grpc-default-executor-3] WARN  server.GrpcLogAppender (LogUtils.java:warn(134)) - 01247d78-405c-426d-b11b-2d4d014ef41a@group-79D9CFC324D4->48fcb2fe-0535-4a72-85bb-b0f801b676d2-AppendLogResponseHandler: Failed appendEntries: org.apache.ratis.thirdparty.io.grpc.StatusRuntimeException: UNAVAILABLE: io exception
2019-10-10 13:32:14,398 [grpc-default-executor-3] INFO  impl.FollowerInfo (FollowerInfo.java:lambda$new$0(51)) - 01247d78-405c-426d-b11b-2d4d014ef41a@group-79D9CFC324D4->48fcb2fe-0535-4a72-85bb-b0f801b676d2: nextIndex: updateUnconditionally 3 -> 2
2019-10-10 13:32:14,410 [EventQueue-IncrementalContainerReportForIncrementalContainerReportHandler] WARN  container.IncrementalContainerReportHandler (AbstractContainerReportHandler.java:updateContainerState(145)) - Container #1 is in OPEN state, but the datanode 01247d78-405c-426d-b11b-2d4d014ef41a{ip: 192.168.164.230, host: pr-hdds-2280-tn9v7-3755420433, networkLocation: /default-rack, certSerialId: null} reports an CLOSING replica.
2019-10-10 13:32:14,413 [EventQueue-IncrementalContainerReportForIncrementalContainerReportHandler] WARN  container.IncrementalContainerReportHandler (AbstractContainerReportHandler.java:updateContainerState(145)) - Container #1 is in OPEN state, but the datanode 3b32bea8-1ccf-4f4b-b3ee-8cb582149656{ip: 192.168.164.230, host: pr-hdds-2280-tn9v7-3755420433, networkLocation: /default-rack, certSerialId: null} reports an CLOSING replica.
2019-10-10 13:32:14,439 [RatisApplyTransactionExecutor 1] INFO  interfaces.Container (KeyValueContainer.java:flushAndSyncDB(386)) - Container 1 is synced with bcsId 0.
2019-10-10 13:32:14,465 [RatisApplyTransactionExecutor 1] INFO  interfaces.Container (KeyValueContainer.java:flushAndSyncDB(386)) - Container 1 is synced with bcsId 0.
2019-10-10 13:32:14,467 [RatisApplyTransactionExecutor 1] INFO  interfaces.Container (KeyValueContainer.java:flushAndSyncDB(386)) - Container 1 is synced with bcsId 0.
2019-10-10 13:32:14,467 [RatisApplyTransactionExecutor 1] INFO  interfaces.Container (KeyValueContainer.java:flushAndSyncDB(386)) - Container 1 is synced with bcsId 0.
2019-10-10 13:32:14,472 [RatisApplyTransactionExecutor 1] INFO  interfaces.Container (KeyValueContainer.java:close(335)) - Container 1 is closed with bcsId 0.
2019-10-10 13:32:14,477 [RatisApplyTransactionExecutor 1] INFO  interfaces.Container (KeyValueContainer.java:close(335)) - Container 1 is closed with bcsId 0.
2019-10-10 13:32:14,481 [EventQueue-IncrementalContainerReportForIncrementalContainerReportHandler] WARN  container.IncrementalContainerReportHandler (AbstractContainerReportHandler.java:updateContainerState(145)) - Container #1 is in OPEN state, but the datanode 01247d78-405c-426d-b11b-2d4d014ef41a{ip: 192.168.164.230, host: pr-hdds-2280-tn9v7-3755420433, networkLocation: /default-rack, certSerialId: null} reports an CLOSED replica.
2019-10-10 13:32:14,482 [EventQueue-IncrementalContainerReportForIncrementalContainerReportHandler] WARN  container.IncrementalContainerReportHandler (AbstractContainerReportHandler.java:updateContainerState(145)) - Container #1 is in OPEN state, but the datanode 3b32bea8-1ccf-4f4b-b3ee-8cb582149656{ip: 192.168.164.230, host: pr-hdds-2280-tn9v7-3755420433, networkLocation: /default-rack, certSerialId: null} reports an CLOSED replica.
2019-10-10 13:32:16,901 [grpc-default-executor-3] WARN  server.GrpcLogAppender (LogUtils.java:warn(134)) - 01247d78-405c-426d-b11b-2d4d014ef41a@group-79D9CFC324D4->48fcb2fe-0535-4a72-85bb-b0f801b676d2-AppendLogResponseHandler: Failed appendEntries: org.apache.ratis.thirdparty.io.grpc.StatusRuntimeException: UNAVAILABLE: io exception
2019-10-10 13:32:16,902 [grpc-default-executor-3] INFO  impl.FollowerInfo (FollowerInfo.java:lambda$new$0(51)) - 01247d78-405c-426d-b11b-2d4d014ef41a@group-79D9CFC324D4->48fcb2fe-0535-4a72-85bb-b0f801b676d2: nextIndex: updateUnconditionally 2 -> 1
2019-10-10 13:32:17,498 [main] WARN  scm.XceiverClientRatis (XceiverClientRatis.java:watchForCommit(277)) - 3 way commit failed on pipeline Pipeline[ Id: 404c85a7-267e-4de8-b2f6-79d9cfc324d4, Nodes: 48fcb2fe-0535-4a72-85bb-b0f801b676d2{ip: 192.168.164.230, host: pr-hdds-2280-tn9v7-3755420433, networkLocation: /default-rack, certSerialId: null}3b32bea8-1ccf-4f4b-b3ee-8cb582149656{ip: 192.168.164.230, host: pr-hdds-2280-tn9v7-3755420433, networkLocation: /default-rack, certSerialId: null}01247d78-405c-426d-b11b-2d4d014ef41a{ip: 192.168.164.230, host: pr-hdds-2280-tn9v7-3755420433, networkLocation: /default-rack, certSerialId: null}, Type:RATIS, Factor:THREE, State:OPEN]
java.util.concurrent.TimeoutException
	at java.util.concurrent.CompletableFuture.timedGet(CompletableFuture.java:1771)
	at java.util.concurrent.CompletableFuture.get(CompletableFuture.java:1915)
	at org.apache.hadoop.hdds.scm.XceiverClientRatis.watchForCommit(XceiverClientRatis.java:274)
	at org.apache.hadoop.ozone.client.rpc.TestWatchForCommit.test2WayCommitForTimeoutException(TestWatchForCommit.java:391)
	at sun.reflect.NativeMethodAccessorImpl.invoke0(Native Method)
	at sun.reflect.NativeMethodAccessorImpl.invoke(NativeMethodAccessorImpl.java:62)
	at sun.reflect.DelegatingMethodAccessorImpl.invoke(DelegatingMethodAccessorImpl.java:43)
	at java.lang.reflect.Method.invoke(Method.java:498)
	at org.junit.runners.model.FrameworkMethod$1.runReflectiveCall(FrameworkMethod.java:47)
	at org.junit.internal.runners.model.ReflectiveCallable.run(ReflectiveCallable.java:12)
	at org.junit.runners.model.FrameworkMethod.invokeExplosively(FrameworkMethod.java:44)
	at org.junit.internal.runners.statements.InvokeMethod.evaluate(InvokeMethod.java:17)
	at org.junit.runners.ParentRunner.runLeaf(ParentRunner.java:271)
	at org.junit.runners.BlockJUnit4ClassRunner.runChild(BlockJUnit4ClassRunner.java:70)
	at org.junit.runners.BlockJUnit4ClassRunner.runChild(BlockJUnit4ClassRunner.java:50)
	at org.junit.runners.ParentRunner$3.run(ParentRunner.java:238)
	at org.junit.runners.ParentRunner$1.schedule(ParentRunner.java:63)
	at org.junit.runners.ParentRunner.runChildren(ParentRunner.java:236)
	at org.junit.runners.ParentRunner.access$000(ParentRunner.java:53)
	at org.junit.runners.ParentRunner$2.evaluate(ParentRunner.java:229)
	at org.junit.runners.ParentRunner.run(ParentRunner.java:309)
	at org.apache.maven.surefire.junit4.JUnit4Provider.execute(JUnit4Provider.java:365)
	at org.apache.maven.surefire.junit4.JUnit4Provider.executeWithRerun(JUnit4Provider.java:273)
	at org.apache.maven.surefire.junit4.JUnit4Provider.executeTestSet(JUnit4Provider.java:238)
	at org.apache.maven.surefire.junit4.JUnit4Provider.invoke(JUnit4Provider.java:159)
	at org.apache.maven.surefire.booter.ForkedBooter.invokeProviderInSameClassLoader(ForkedBooter.java:384)
	at org.apache.maven.surefire.booter.ForkedBooter.runSuitesInProcess(ForkedBooter.java:345)
	at org.apache.maven.surefire.booter.ForkedBooter.execute(ForkedBooter.java:126)
	at org.apache.maven.surefire.booter.ForkedBooter.main(ForkedBooter.java:418)
2019-10-10 13:32:17,509 [Thread-2519] INFO  client.GrpcClientProtocolService (GrpcClientProtocolService.java:lambda$processClientRequest$0(278)) - Failed RaftClientRequest:client-8F61B6ED2EE3->3b32bea8-1ccf-4f4b-b3ee-8cb582149656@group-79D9CFC324D4, cid=103, seq=0, Watch-MAJORITY_COMMITTED(3), Message:<EMPTY>, reply=RaftClientReply:client-8F61B6ED2EE3->3b32bea8-1ccf-4f4b-b3ee-8cb582149656@group-79D9CFC324D4, cid=103, FAILED org.apache.ratis.protocol.NotLeaderException: Server 3b32bea8-1ccf-4f4b-b3ee-8cb582149656@group-79D9CFC324D4 is not the leader 01247d78-405c-426d-b11b-2d4d014ef41a:192.168.164.230:40741, logIndex=0, commits[3b32bea8-1ccf-4f4b-b3ee-8cb582149656:c4, 01247d78-405c-426d-b11b-2d4d014ef41a:c4, 48fcb2fe-0535-4a72-85bb-b0f801b676d2:c2]
2019-10-10 13:32:19,404 [grpc-default-executor-5] WARN  server.GrpcLogAppender (LogUtils.java:warn(134)) - 01247d78-405c-426d-b11b-2d4d014ef41a@group-79D9CFC324D4->48fcb2fe-0535-4a72-85bb-b0f801b676d2-AppendLogResponseHandler: Failed appendEntries: org.apache.ratis.thirdparty.io.grpc.StatusRuntimeException: UNAVAILABLE: io exception
2019-10-10 13:32:19,405 [grpc-default-executor-5] INFO  impl.FollowerInfo (FollowerInfo.java:lambda$new$0(51)) - 01247d78-405c-426d-b11b-2d4d014ef41a@group-79D9CFC324D4->48fcb2fe-0535-4a72-85bb-b0f801b676d2: nextIndex: updateUnconditionally 1 -> 0
]]></system-out>
    <system-err><![CDATA[Oct 10, 2019 1:32:14 PM org.apache.ratis.thirdparty.io.grpc.internal.SerializingExecutor run
SEVERE: Exception while executing runnable org.apache.ratis.thirdparty.io.grpc.internal.ServerImpl$JumpToApplicationThreadServerStreamListener$1Closed@264a3a5
org.apache.ratis.thirdparty.io.grpc.StatusRuntimeException: CANCELLED: call already cancelled
	at org.apache.ratis.thirdparty.io.grpc.Status.asRuntimeException(Status.java:517)
	at org.apache.ratis.thirdparty.io.grpc.stub.ServerCalls$ServerCallStreamObserverImpl.onCompleted(ServerCalls.java:356)
	at org.apache.ratis.grpc.server.GrpcServerProtocolService$ServerRequestStreamObserver.onError(GrpcServerProtocolService.java:121)
	at org.apache.ratis.thirdparty.io.grpc.stub.ServerCalls$StreamingServerCallHandler$StreamingServerCallListener.onCancel(ServerCalls.java:269)
	at org.apache.ratis.thirdparty.io.grpc.internal.ServerCallImpl$ServerStreamListenerImpl.closed(ServerCallImpl.java:293)
	at org.apache.ratis.thirdparty.io.grpc.internal.ServerImpl$JumpToApplicationThreadServerStreamListener$1Closed.runInContext(ServerImpl.java:741)
	at org.apache.ratis.thirdparty.io.grpc.internal.ContextRunnable.run(ContextRunnable.java:37)
	at org.apache.ratis.thirdparty.io.grpc.internal.SerializingExecutor.run(SerializingExecutor.java:123)
	at java.util.concurrent.ThreadPoolExecutor.runWorker(ThreadPoolExecutor.java:1149)
	at java.util.concurrent.ThreadPoolExecutor$Worker.run(ThreadPoolExecutor.java:624)
	at java.lang.Thread.run(Thread.java:748)

]]></system-err>
  </testcase>
</testsuite>