<?xml version="1.0" encoding="UTF-8"?>
<testsuite xmlns:xsi="http://www.w3.org/2001/XMLSchema-instance" xsi:noNamespaceSchemaLocation="https://maven.apache.org/surefire/maven-surefire-plugin/xsd/surefire-test-report.xsd" name="org.apache.hadoop.ozone.client.rpc.TestBlockOutputStreamWithFailures" time="734.142" tests="8" errors="0" skipped="0" failures="1">
  <properties>
    <property name="awt.toolkit" value="sun.awt.X11.XToolkit"/>
    <property name="file.encoding.pkg" value="sun.io"/>
    <property name="java.specification.version" value="1.8"/>
    <property name="sun.cpu.isalist" value=""/>
    <property name="sun.jnu.encoding" value="UTF-8"/>
    <property name="java.class.path" value="/workdir/hadoop-ozone/integration-test/target/test-classes:/workdir/hadoop-ozone/integration-test/target/classes:/home/user/.m2/repository/org/apache/hadoop/hadoop-ozone-common/0.5.0-SNAPSHOT/hadoop-ozone-common-0.5.0-SNAPSHOT.jar:/home/user/.m2/repository/org/apache/commons/commons-compress/1.4.1/commons-compress-1.4.1.jar:/home/user/.m2/repository/org/tukaani/xz/1.0/xz-1.0.jar:/home/user/.m2/repository/org/apache/hadoop/hadoop-common/3.2.0/hadoop-common-3.2.0.jar:/home/user/.m2/repository/org/apache/hadoop/hadoop-hdfs/3.2.0/hadoop-hdfs-3.2.0.jar:/home/user/.m2/repository/org/apache/hadoop/hadoop-hdfs-client/3.2.0/hadoop-hdfs-client-3.2.0.jar:/home/user/.m2/repository/com/fasterxml/jackson/core/jackson-annotations/2.9.9/jackson-annotations-2.9.9.jar:/home/user/.m2/repository/org/apache/hadoop/hadoop-hdds-common/0.5.0-SNAPSHOT/hadoop-hdds-common-0.5.0-SNAPSHOT.jar:/home/user/.m2/repository/javax/annotation/javax.annotation-api/1.2/javax.annotation-api-1.2.jar:/home/user/.m2/repository/org/apache/ratis/ratis-server/0.5.0-201fc85-SNAPSHOT/ratis-server-0.5.0-201fc85-SNAPSHOT.jar:/home/user/.m2/repository/org/apache/ratis/ratis-thirdparty-misc/0.2.0/ratis-thirdparty-misc-0.2.0.jar:/home/user/.m2/repository/org/apache/ratis/ratis-proto/0.5.0-201fc85-SNAPSHOT/ratis-proto-0.5.0-201fc85-SNAPSHOT.jar:/home/user/.m2/repository/org/apache/ratis/ratis-common/0.5.0-201fc85-SNAPSHOT/ratis-common-0.5.0-201fc85-SNAPSHOT.jar:/home/user/.m2/repository/org/apache/ratis/ratis-client/0.5.0-201fc85-SNAPSHOT/ratis-client-0.5.0-201fc85-SNAPSHOT.jar:/home/user/.m2/repository/org/apache/ratis/ratis-metrics/0.5.0-201fc85-SNAPSHOT/ratis-metrics-0.5.0-201fc85-SNAPSHOT.jar:/home/user/.m2/repository/com/github/joshelser/dropwizard-metrics-hadoop-metrics2-reporter/0.1.2/dropwizard-metrics-hadoop-metrics2-reporter-0.1.2.jar:/home/user/.m2/repository/io/dropwizard/metrics/metrics-jvm/3.2.5/metrics-jvm-3.2.5.jar:/home/user/.m2/repository/io/dropwizard/metrics/metrics-ganglia/3.2.5/metrics-ganglia-3.2.5.jar:/home/user/.m2/repository/info/ganglia/gmetric4j/gmetric4j/1.0.7/gmetric4j-1.0.7.jar:/home/user/.m2/repository/org/apache/ratis/ratis-netty/0.5.0-201fc85-SNAPSHOT/ratis-netty-0.5.0-201fc85-SNAPSHOT.jar:/home/user/.m2/repository/org/apache/ratis/ratis-grpc/0.5.0-201fc85-SNAPSHOT/ratis-grpc-0.5.0-201fc85-SNAPSHOT.jar:/home/user/.m2/repository/org/rocksdb/rocksdbjni/6.0.1/rocksdbjni-6.0.1.jar:/home/user/.m2/repository/org/apache/logging/log4j/log4j-api/2.11.0/log4j-api-2.11.0.jar:/home/user/.m2/repository/org/apache/logging/log4j/log4j-core/2.11.0/log4j-core-2.11.0.jar:/home/user/.m2/repository/com/lmax/disruptor/3.4.2/disruptor-3.4.2.jar:/home/user/.m2/repository/org/apache/commons/commons-pool2/2.6.0/commons-pool2-2.6.0.jar:/home/user/.m2/repository/org/bouncycastle/bcpkix-jdk15on/1.60/bcpkix-jdk15on-1.60.jar:/home/user/.m2/repository/commons-validator/commons-validator/1.6/commons-validator-1.6.jar:/home/user/.m2/repository/commons-digester/commons-digester/1.8.1/commons-digester-1.8.1.jar:/home/user/.m2/repository/io/jaegertracing/jaeger-client/0.34.0/jaeger-client-0.34.0.jar:/home/user/.m2/repository/io/jaegertracing/jaeger-thrift/0.34.0/jaeger-thrift-0.34.0.jar:/home/user/.m2/repository/org/apache/thrift/libthrift/0.12.0/libthrift-0.12.0.jar:/home/user/.m2/repository/com/squareup/okhttp3/okhttp/3.9.0/okhttp-3.9.0.jar:/home/user/.m2/repository/com/squareup/okio/okio/1.13.0/okio-1.13.0.jar:/home/user/.m2/repository/io/jaegertracing/jaeger-core/0.34.0/jaeger-core-0.34.0.jar:/home/user/.m2/repository/io/jaegertracing/jaeger-tracerresolver/0.34.0/jaeger-tracerresolver-0.34.0.jar:/home/user/.m2/repository/io/opentracing/contrib/opentracing-tracerresolver/0.1.5/opentracing-tracerresolver-0.1.5.jar:/home/user/.m2/repository/io/opentracing/opentracing-util/0.31.0/opentracing-util-0.31.0.jar:/home/user/.m2/repository/io/opentracing/opentracing-api/0.31.0/opentracing-api-0.31.0.jar:/home/user/.m2/repository/io/opentracing/opentracing-noop/0.31.0/opentracing-noop-0.31.0.jar:/home/user/.m2/repository/org/apache/hadoop/hadoop-hdds-server-framework/0.5.0-SNAPSHOT/hadoop-hdds-server-framework-0.5.0-SNAPSHOT.jar:/home/user/.m2/repository/org/apache/hadoop/hadoop-hdds-container-service/0.5.0-SNAPSHOT/hadoop-hdds-container-service-0.5.0-SNAPSHOT.jar:/home/user/.m2/repository/org/apache/hadoop/hadoop-hdds-client/0.5.0-SNAPSHOT/hadoop-hdds-client-0.5.0-SNAPSHOT.jar:/home/user/.m2/repository/org/apache/hadoop/hadoop-hdds-tools/0.5.0-SNAPSHOT/hadoop-hdds-tools-0.5.0-SNAPSHOT.jar:/home/user/.m2/repository/org/apache/hadoop/hadoop-hdds-server-scm/0.5.0-SNAPSHOT/hadoop-hdds-server-scm-0.5.0-SNAPSHOT.jar:/home/user/.m2/repository/org/apache/hadoop/hadoop-hdds-docs/0.5.0-SNAPSHOT/hadoop-hdds-docs-0.5.0-SNAPSHOT.jar:/home/user/.m2/repository/io/dropwizard/metrics/metrics-core/3.2.4/metrics-core-3.2.4.jar:/home/user/.m2/repository/org/hamcrest/hamcrest-all/1.3/hamcrest-all-1.3.jar:/home/user/.m2/repository/org/bouncycastle/bcprov-jdk15on/1.60/bcprov-jdk15on-1.60.jar:/home/user/.m2/repository/info/picocli/picocli/3.9.6/picocli-3.9.6.jar:/home/user/.m2/repository/com/google/protobuf/protobuf-java/2.5.0/protobuf-java-2.5.0.jar:/home/user/.m2/repository/com/google/guava/guava/11.0.2/guava-11.0.2.jar:/home/user/.m2/repository/org/apache/hadoop/hadoop-ozone-ozone-manager/0.5.0-SNAPSHOT/hadoop-ozone-ozone-manager-0.5.0-SNAPSHOT.jar:/home/user/.m2/repository/org/apache/hadoop/hadoop-minikdc/3.2.0/hadoop-minikdc-3.2.0.jar:/home/user/.m2/repository/commons-io/commons-io/2.5/commons-io-2.5.jar:/home/user/.m2/repository/org/apache/kerby/kerb-simplekdc/1.0.1/kerb-simplekdc-1.0.1.jar:/home/user/.m2/repository/org/apache/kerby/kerb-client/1.0.1/kerb-client-1.0.1.jar:/home/user/.m2/repository/org/apache/kerby/kerby-config/1.0.1/kerby-config-1.0.1.jar:/home/user/.m2/repository/org/apache/kerby/kerb-core/1.0.1/kerb-core-1.0.1.jar:/home/user/.m2/repository/org/apache/kerby/kerby-pkix/1.0.1/kerby-pkix-1.0.1.jar:/home/user/.m2/repository/org/apache/kerby/kerby-asn1/1.0.1/kerby-asn1-1.0.1.jar:/home/user/.m2/repository/org/apache/kerby/kerby-util/1.0.1/kerby-util-1.0.1.jar:/home/user/.m2/repository/org/apache/kerby/kerb-common/1.0.1/kerb-common-1.0.1.jar:/home/user/.m2/repository/org/apache/kerby/kerb-crypto/1.0.1/kerb-crypto-1.0.1.jar:/home/user/.m2/repository/org/apache/kerby/kerb-util/1.0.1/kerb-util-1.0.1.jar:/home/user/.m2/repository/org/apache/kerby/token-provider/1.0.1/token-provider-1.0.1.jar:/home/user/.m2/repository/org/apache/kerby/kerb-admin/1.0.1/kerb-admin-1.0.1.jar:/home/user/.m2/repository/org/apache/kerby/kerb-server/1.0.1/kerb-server-1.0.1.jar:/home/user/.m2/repository/org/apache/kerby/kerb-identity/1.0.1/kerb-identity-1.0.1.jar:/home/user/.m2/repository/org/apache/kerby/kerby-xdr/1.0.1/kerby-xdr-1.0.1.jar:/home/user/.m2/repository/org/slf4j/slf4j-log4j12/1.7.25/slf4j-log4j12-1.7.25.jar:/home/user/.m2/repository/org/apache/hadoop/hadoop-ozone-s3gateway/0.5.0-SNAPSHOT/hadoop-ozone-s3gateway-0.5.0-SNAPSHOT.jar:/home/user/.m2/repository/org/jboss/weld/servlet/weld-servlet/2.4.7.Final/weld-servlet-2.4.7.Final.jar:/home/user/.m2/repository/org/glassfish/jersey/containers/jersey-container-servlet-core/2.27/jersey-container-servlet-core-2.27.jar:/home/user/.m2/repository/org/glassfish/hk2/external/javax.inject/2.5.0-b42/javax.inject-2.5.0-b42.jar:/home/user/.m2/repository/org/glassfish/jersey/core/jersey-common/2.27/jersey-common-2.27.jar:/home/user/.m2/repository/org/glassfish/hk2/osgi-resource-locator/1.0.1/osgi-resource-locator-1.0.1.jar:/home/user/.m2/repository/javax/ws/rs/javax.ws.rs-api/2.1/javax.ws.rs-api-2.1.jar:/home/user/.m2/repository/org/glassfish/jersey/ext/cdi/jersey-cdi1x/2.27/jersey-cdi1x-2.27.jar:/home/user/.m2/repository/org/glassfish/jersey/inject/jersey-hk2/2.27/jersey-hk2-2.27.jar:/home/user/.m2/repository/org/glassfish/hk2/hk2-locator/2.5.0-b42/hk2-locator-2.5.0-b42.jar:/home/user/.m2/repository/org/javassist/javassist/3.22.0-CR2/javassist-3.22.0-CR2.jar:/home/user/.m2/repository/org/glassfish/hk2/hk2-api/2.5.0/hk2-api-2.5.0.jar:/home/user/.m2/repository/org/glassfish/hk2/external/jakarta.inject/2.5.0/jakarta.inject-2.5.0.jar:/home/user/.m2/repository/org/glassfish/hk2/hk2-utils/2.5.0/hk2-utils-2.5.0.jar:/home/user/.m2/repository/jakarta/annotation/jakarta.annotation-api/1.3.4/jakarta.annotation-api-1.3.4.jar:/home/user/.m2/repository/org/glassfish/hk2/external/aopalliance-repackaged/2.5.0/aopalliance-repackaged-2.5.0.jar:/home/user/.m2/repository/com/fasterxml/jackson/dataformat/jackson-dataformat-xml/2.9.0/jackson-dataformat-xml-2.9.0.jar:/home/user/.m2/repository/com/fasterxml/jackson/core/jackson-core/2.9.9/jackson-core-2.9.9.jar:/home/user/.m2/repository/com/fasterxml/jackson/module/jackson-module-jaxb-annotations/2.9.9/jackson-module-jaxb-annotations-2.9.9.jar:/home/user/.m2/repository/javax/enterprise/cdi-api/1.2/cdi-api-1.2.jar:/home/user/.m2/repository/javax/el/javax.el-api/3.0.0/javax.el-api-3.0.0.jar:/home/user/.m2/repository/javax/interceptor/javax.interceptor-api/1.2/javax.interceptor-api-1.2.jar:/home/user/.m2/repository/javax/inject/javax.inject/1/javax.inject-1.jar:/home/user/.m2/repository/com/sun/xml/bind/jaxb-impl/2.3.0.1/jaxb-impl-2.3.0.1.jar:/home/user/.m2/repository/com/sun/xml/bind/jaxb-core/2.3.0.1/jaxb-core-2.3.0.1.jar:/home/user/.m2/repository/javax/xml/bind/jaxb-api/2.3.0/jaxb-api-2.3.0.jar:/home/user/.m2/repository/javax/activation/activation/1.1.1/activation-1.1.1.jar:/home/user/.m2/repository/org/apache/hadoop/hadoop-ozone-csi/0.5.0-SNAPSHOT/hadoop-ozone-csi-0.5.0-SNAPSHOT.jar:/home/user/.m2/repository/com/google/protobuf/protobuf-java-util/3.5.1/protobuf-java-util-3.5.1.jar:/home/user/.m2/repository/org/apache/hadoop/hadoop-hdds-config/0.5.0-SNAPSHOT/hadoop-hdds-config-0.5.0-SNAPSHOT.jar:/home/user/.m2/repository/io/grpc/grpc-netty/1.17.1/grpc-netty-1.17.1.jar:/home/user/.m2/repository/io/grpc/grpc-core/1.17.1/grpc-core-1.17.1.jar:/home/user/.m2/repository/io/grpc/grpc-context/1.17.1/grpc-context-1.17.1.jar:/home/user/.m2/repository/com/google/errorprone/error_prone_annotations/2.2.0/error_prone_annotations-2.2.0.jar:/home/user/.m2/repository/org/codehaus/mojo/animal-sniffer-annotations/1.17/animal-sniffer-annotations-1.17.jar:/home/user/.m2/repository/io/opencensus/opencensus-api/0.17.0/opencensus-api-0.17.0.jar:/home/user/.m2/repository/io/opencensus/opencensus-contrib-grpc-metrics/0.17.0/opencensus-contrib-grpc-metrics-0.17.0.jar:/home/user/.m2/repository/io/netty/netty-codec-http2/4.1.30.Final/netty-codec-http2-4.1.30.Final.jar:/home/user/.m2/repository/io/netty/netty-codec-http/4.1.30.Final/netty-codec-http-4.1.30.Final.jar:/home/user/.m2/repository/io/netty/netty-codec/4.1.30.Final/netty-codec-4.1.30.Final.jar:/home/user/.m2/repository/io/netty/netty-handler/4.1.30.Final/netty-handler-4.1.30.Final.jar:/home/user/.m2/repository/io/netty/netty-handler-proxy/4.1.30.Final/netty-handler-proxy-4.1.30.Final.jar:/home/user/.m2/repository/io/netty/netty-codec-socks/4.1.30.Final/netty-codec-socks-4.1.30.Final.jar:/home/user/.m2/repository/io/netty/netty-transport-native-epoll/4.1.30.Final/netty-transport-native-epoll-4.1.30.Final.jar:/home/user/.m2/repository/io/netty/netty-common/4.1.30.Final/netty-common-4.1.30.Final.jar:/home/user/.m2/repository/io/netty/netty-buffer/4.1.30.Final/netty-buffer-4.1.30.Final.jar:/home/user/.m2/repository/io/netty/netty-transport/4.1.30.Final/netty-transport-4.1.30.Final.jar:/home/user/.m2/repository/io/netty/netty-resolver/4.1.30.Final/netty-resolver-4.1.30.Final.jar:/home/user/.m2/repository/io/netty/netty-transport-native-unix-common/4.1.30.Final/netty-transport-native-unix-common-4.1.30.Final.jar:/home/user/.m2/repository/io/grpc/grpc-protobuf/1.17.1/grpc-protobuf-1.17.1.jar:/home/user/.m2/repository/com/google/api/grpc/proto-google-common-protos/1.0.0/proto-google-common-protos-1.0.0.jar:/home/user/.m2/repository/io/grpc/grpc-protobuf-lite/1.17.1/grpc-protobuf-lite-1.17.1.jar:/home/user/.m2/repository/io/grpc/grpc-stub/1.17.1/grpc-stub-1.17.1.jar:/home/user/.m2/repository/org/apache/hadoop/hadoop-ozone-recon/0.5.0-SNAPSHOT/hadoop-ozone-recon-0.5.0-SNAPSHOT.jar:/home/user/.m2/repository/org/apache/hadoop/hadoop-ozone-reconcodegen/0.5.0-SNAPSHOT/hadoop-ozone-reconcodegen-0.5.0-SNAPSHOT.jar:/home/user/.m2/repository/com/google/inject/extensions/guice-multibindings/4.0/guice-multibindings-4.0.jar:/home/user/.m2/repository/com/google/inject/guice/4.0/guice-4.0.jar:/home/user/.m2/repository/aopalliance/aopalliance/1.0/aopalliance-1.0.jar:/home/user/.m2/repository/com/google/inject/extensions/guice-servlet/4.0/guice-servlet-4.0.jar:/home/user/.m2/repository/org/glassfish/jersey/containers/jersey-container-servlet/2.27/jersey-container-servlet-2.27.jar:/home/user/.m2/repository/org/glassfish/hk2/guice-bridge/2.5.0/guice-bridge-2.5.0.jar:/home/user/.m2/repository/org/glassfish/jersey/core/jersey-server/2.27/jersey-server-2.27.jar:/home/user/.m2/repository/org/glassfish/jersey/core/jersey-client/2.27/jersey-client-2.27.jar:/home/user/.m2/repository/org/glassfish/jersey/media/jersey-media-jaxb/2.27/jersey-media-jaxb-2.27.jar:/home/user/.m2/repository/javax/validation/validation-api/1.1.0.Final/validation-api-1.1.0.Final.jar:/home/user/.m2/repository/org/glassfish/jersey/media/jersey-media-json-jackson/2.27/jersey-media-json-jackson-2.27.jar:/home/user/.m2/repository/org/glassfish/jersey/ext/jersey-entity-filtering/2.27/jersey-entity-filtering-2.27.jar:/home/user/.m2/repository/com/google/inject/extensions/guice-assistedinject/4.0/guice-assistedinject-4.0.jar:/home/user/.m2/repository/org/jooq/jooq/3.11.10/jooq-3.11.10.jar:/home/user/.m2/repository/org/jooq/jooq-meta/3.11.10/jooq-meta-3.11.10.jar:/home/user/.m2/repository/org/jooq/jooq-codegen/3.11.10/jooq-codegen-3.11.10.jar:/home/user/.m2/repository/com/jolbox/bonecp/0.8.0.RELEASE/bonecp-0.8.0.RELEASE.jar:/home/user/.m2/repository/org/xerial/sqlite-jdbc/3.25.2/sqlite-jdbc-3.25.2.jar:/home/user/.m2/repository/org/springframework/spring-jdbc/5.1.3.RELEASE/spring-jdbc-5.1.3.RELEASE.jar:/home/user/.m2/repository/org/springframework/spring-beans/5.1.3.RELEASE/spring-beans-5.1.3.RELEASE.jar:/home/user/.m2/repository/org/springframework/spring-core/5.1.3.RELEASE/spring-core-5.1.3.RELEASE.jar:/home/user/.m2/repository/org/springframework/spring-jcl/5.1.3.RELEASE/spring-jcl-5.1.3.RELEASE.jar:/home/user/.m2/repository/org/springframework/spring-tx/5.1.3.RELEASE/spring-tx-5.1.3.RELEASE.jar:/home/user/.m2/repository/org/apache/hadoop/hadoop-ozone-client/0.5.0-SNAPSHOT/hadoop-ozone-client-0.5.0-SNAPSHOT.jar:/home/user/.m2/repository/commons-lang/commons-lang/2.6/commons-lang-2.6.jar:/home/user/.m2/repository/org/apache/hadoop/hadoop-ozone-ozone-manager/0.5.0-SNAPSHOT/hadoop-ozone-ozone-manager-0.5.0-SNAPSHOT-tests.jar:/home/user/.m2/repository/junit/junit/4.11/junit-4.11.jar:/home/user/.m2/repository/org/hamcrest/hamcrest-core/1.3/hamcrest-core-1.3.jar:/home/user/.m2/repository/org/openjdk/jmh/jmh-core/1.19/jmh-core-1.19.jar:/home/user/.m2/repository/net/sf/jopt-simple/jopt-simple/4.6/jopt-simple-4.6.jar:/home/user/.m2/repository/org/apache/commons/commons-math3/3.1.1/commons-math3-3.1.1.jar:/home/user/.m2/repository/org/openjdk/jmh/jmh-generator-annprocess/1.19/jmh-generator-annprocess-1.19.jar:/home/user/.m2/repository/org/mockito/mockito-all/1.8.5/mockito-all-1.8.5.jar:/home/user/.m2/repository/org/apache/hadoop/hadoop-kms/3.2.0/hadoop-kms-3.2.0.jar:/home/user/.m2/repository/org/apache/hadoop/hadoop-auth/3.2.0/hadoop-auth-3.2.0.jar:/home/user/.m2/repository/com/nimbusds/nimbus-jose-jwt/4.41.1/nimbus-jose-jwt-4.41.1.jar:/home/user/.m2/repository/com/github/stephenc/jcip/jcip-annotations/1.0-1/jcip-annotations-1.0-1.jar:/home/user/.m2/repository/net/minidev/json-smart/2.3/json-smart-2.3.jar:/home/user/.m2/repository/net/minidev/accessors-smart/1.2/accessors-smart-1.2.jar:/home/user/.m2/repository/org/ow2/asm/asm/5.0.4/asm-5.0.4.jar:/home/user/.m2/repository/org/apache/curator/curator-framework/2.12.0/curator-framework-2.12.0.jar:/home/user/.m2/repository/com/sun/jersey/jersey-core/1.19/jersey-core-1.19.jar:/home/user/.m2/repository/javax/ws/rs/jsr311-api/1.1.1/jsr311-api-1.1.1.jar:/home/user/.m2/repository/com/sun/jersey/jersey-server/1.19/jersey-server-1.19.jar:/home/user/.m2/repository/javax/servlet/javax.servlet-api/3.1.0/javax.servlet-api-3.1.0.jar:/home/user/.m2/repository/org/eclipse/jetty/jetty-server/9.3.25.v20180904/jetty-server-9.3.25.v20180904.jar:/home/user/.m2/repository/org/eclipse/jetty/jetty-http/9.3.25.v20180904/jetty-http-9.3.25.v20180904.jar:/home/user/.m2/repository/org/eclipse/jetty/jetty-io/9.3.25.v20180904/jetty-io-9.3.25.v20180904.jar:/home/user/.m2/repository/org/eclipse/jetty/jetty-webapp/9.3.25.v20180904/jetty-webapp-9.3.25.v20180904.jar:/home/user/.m2/repository/org/eclipse/jetty/jetty-xml/9.3.25.v20180904/jetty-xml-9.3.25.v20180904.jar:/home/user/.m2/repository/log4j/log4j/1.2.17/log4j-1.2.17.jar:/home/user/.m2/repository/org/slf4j/slf4j-api/1.7.25/slf4j-api-1.7.25.jar:/home/user/.m2/repository/org/slf4j/jul-to-slf4j/1.7.25/jul-to-slf4j-1.7.25.jar:/home/user/.m2/repository/org/eclipse/jetty/jetty-util/9.3.25.v20180904/jetty-util-9.3.25.v20180904.jar:/home/user/.m2/repository/com/fasterxml/jackson/core/jackson-databind/2.9.9/jackson-databind-2.9.9.jar:/home/user/.m2/repository/org/apache/hadoop/hadoop-kms/3.2.0/hadoop-kms-3.2.0-tests.jar:/home/user/.m2/repository/org/apache/hadoop/hadoop-hdds-server-scm/0.5.0-SNAPSHOT/hadoop-hdds-server-scm-0.5.0-SNAPSHOT-tests.jar:/home/user/.m2/repository/org/apache/hadoop/hadoop-hdds-container-service/0.5.0-SNAPSHOT/hadoop-hdds-container-service-0.5.0-SNAPSHOT-tests.jar:/home/user/.m2/repository/org/yaml/snakeyaml/1.16/snakeyaml-1.16.jar:/home/user/.m2/repository/org/apache/hadoop/hadoop-common/3.2.0/hadoop-common-3.2.0-tests.jar:/home/user/.m2/repository/org/apache/hadoop/hadoop-annotations/3.2.0/hadoop-annotations-3.2.0.jar:/usr/lib/jvm/java-1.8-openjdk/jre/../lib/tools.jar:/home/user/.m2/repository/commons-cli/commons-cli/1.2/commons-cli-1.2.jar:/home/user/.m2/repository/org/apache/httpcomponents/httpclient/4.5.2/httpclient-4.5.2.jar:/home/user/.m2/repository/org/apache/httpcomponents/httpcore/4.4.4/httpcore-4.4.4.jar:/home/user/.m2/repository/commons-codec/commons-codec/1.11/commons-codec-1.11.jar:/home/user/.m2/repository/commons-net/commons-net/3.6/commons-net-3.6.jar:/home/user/.m2/repository/commons-collections/commons-collections/3.2.2/commons-collections-3.2.2.jar:/home/user/.m2/repository/org/eclipse/jetty/jetty-servlet/9.3.25.v20180904/jetty-servlet-9.3.25.v20180904.jar:/home/user/.m2/repository/org/eclipse/jetty/jetty-security/9.3.25.v20180904/jetty-security-9.3.25.v20180904.jar:/home/user/.m2/repository/javax/servlet/jsp/jsp-api/2.1/jsp-api-2.1.jar:/home/user/.m2/repository/com/sun/jersey/jersey-servlet/1.19/jersey-servlet-1.19.jar:/home/user/.m2/repository/com/sun/jersey/jersey-json/1.19/jersey-json-1.19.jar:/home/user/.m2/repository/org/codehaus/jettison/jettison/1.1/jettison-1.1.jar:/home/user/.m2/repository/org/codehaus/jackson/jackson-core-asl/1.9.13/jackson-core-asl-1.9.13.jar:/home/user/.m2/repository/org/codehaus/jackson/jackson-mapper-asl/1.9.13/jackson-mapper-asl-1.9.13.jar:/home/user/.m2/repository/org/codehaus/jackson/jackson-jaxrs/1.9.13/jackson-jaxrs-1.9.13.jar:/home/user/.m2/repository/org/codehaus/jackson/jackson-xc/1.9.13/jackson-xc-1.9.13.jar:/home/user/.m2/repository/commons-logging/commons-logging/1.1.3/commons-logging-1.1.3.jar:/home/user/.m2/repository/commons-beanutils/commons-beanutils/1.9.4/commons-beanutils-1.9.4.jar:/home/user/.m2/repository/org/apache/commons/commons-configuration2/2.1.1/commons-configuration2-2.1.1.jar:/home/user/.m2/repository/org/apache/commons/commons-lang3/3.7/commons-lang3-3.7.jar:/home/user/.m2/repository/org/apache/commons/commons-text/1.4/commons-text-1.4.jar:/home/user/.m2/repository/org/apache/avro/avro/1.7.7/avro-1.7.7.jar:/home/user/.m2/repository/com/thoughtworks/paranamer/paranamer/2.3/paranamer-2.3.jar:/home/user/.m2/repository/org/xerial/snappy/snappy-java/1.0.5/snappy-java-1.0.5.jar:/home/user/.m2/repository/com/google/re2j/re2j/1.1/re2j-1.1.jar:/home/user/.m2/repository/com/google/code/gson/gson/2.2.4/gson-2.2.4.jar:/home/user/.m2/repository/com/jcraft/jsch/0.1.54/jsch-0.1.54.jar:/home/user/.m2/repository/org/apache/curator/curator-client/2.12.0/curator-client-2.12.0.jar:/home/user/.m2/repository/org/apache/curator/curator-recipes/2.12.0/curator-recipes-2.12.0.jar:/home/user/.m2/repository/com/google/code/findbugs/jsr305/3.0.0/jsr305-3.0.0.jar:/home/user/.m2/repository/org/apache/htrace/htrace-core4/4.1.0-incubating/htrace-core4-4.1.0-incubating.jar:/home/user/.m2/repository/org/apache/zookeeper/zookeeper/3.4.13/zookeeper-3.4.13.jar:/home/user/.m2/repository/jline/jline/0.9.94/jline-0.9.94.jar:/home/user/.m2/repository/org/apache/yetus/audience-annotations/0.5.0/audience-annotations-0.5.0.jar:/home/user/.m2/repository/org/codehaus/woodstox/stax2-api/3.1.4/stax2-api-3.1.4.jar:/home/user/.m2/repository/com/fasterxml/woodstox/woodstox-core/5.0.3/woodstox-core-5.0.3.jar:/home/user/.m2/repository/dnsjava/dnsjava/2.1.7/dnsjava-2.1.7.jar:/home/user/.m2/repository/org/apache/hadoop/hadoop-hdfs/3.2.0/hadoop-hdfs-3.2.0-tests.jar:/home/user/.m2/repository/org/eclipse/jetty/jetty-util-ajax/9.3.25.v20180904/jetty-util-ajax-9.3.25.v20180904.jar:/home/user/.m2/repository/commons-daemon/commons-daemon/1.0.13/commons-daemon-1.0.13.jar:/home/user/.m2/repository/io/netty/netty/3.10.5.Final/netty-3.10.5.Final.jar:/home/user/.m2/repository/io/netty/netty-all/4.0.52.Final/netty-all-4.0.52.Final.jar:/home/user/.m2/repository/org/fusesource/leveldbjni/leveldbjni-all/1.8/leveldbjni-all-1.8.jar:"/>
    <property name="java.vm.vendor" value="IcedTea"/>
    <property name="sun.arch.data.model" value="64"/>
    <property name="test.build.dir" value="/workdir/hadoop-ozone/integration-test/target/test-dir"/>
    <property name="test.cache.data" value=""/>
    <property name="java.vendor.url" value="https://icedtea.classpath.org"/>
    <property name="user.timezone" value=""/>
    <property name="java.vm.specification.version" value="1.8"/>
    <property name="os.name" value="Linux"/>
    <property name="test.build.data" value="/workdir/hadoop-ozone/integration-test/target/test-dir"/>
    <property name="user.country" value="US"/>
    <property name="sun.java.launcher" value="SUN_STANDARD"/>
    <property name="sun.boot.library.path" value="/usr/lib/jvm/java-1.8-openjdk/jre/lib/amd64"/>
    <property name="sun.java.command" value="/workdir/hadoop-ozone/integration-test/target/surefire/surefirebooter1506511165110164243.jar /workdir/hadoop-ozone/integration-test/target/surefire 2019-10-10T12-39-59_080-jvmRun1 surefire6888496294214589363tmp surefire_665416538177475656145tmp"/>
    <property name="test" value="!TestMiniChaosOzoneCluster"/>
    <property name="surefire.test.class.path" value="/workdir/hadoop-ozone/integration-test/target/test-classes:/workdir/hadoop-ozone/integration-test/target/classes:/home/user/.m2/repository/org/apache/hadoop/hadoop-ozone-common/0.5.0-SNAPSHOT/hadoop-ozone-common-0.5.0-SNAPSHOT.jar:/home/user/.m2/repository/org/apache/commons/commons-compress/1.4.1/commons-compress-1.4.1.jar:/home/user/.m2/repository/org/tukaani/xz/1.0/xz-1.0.jar:/home/user/.m2/repository/org/apache/hadoop/hadoop-common/3.2.0/hadoop-common-3.2.0.jar:/home/user/.m2/repository/org/apache/hadoop/hadoop-hdfs/3.2.0/hadoop-hdfs-3.2.0.jar:/home/user/.m2/repository/org/apache/hadoop/hadoop-hdfs-client/3.2.0/hadoop-hdfs-client-3.2.0.jar:/home/user/.m2/repository/com/fasterxml/jackson/core/jackson-annotations/2.9.9/jackson-annotations-2.9.9.jar:/home/user/.m2/repository/org/apache/hadoop/hadoop-hdds-common/0.5.0-SNAPSHOT/hadoop-hdds-common-0.5.0-SNAPSHOT.jar:/home/user/.m2/repository/javax/annotation/javax.annotation-api/1.2/javax.annotation-api-1.2.jar:/home/user/.m2/repository/org/apache/ratis/ratis-server/0.5.0-201fc85-SNAPSHOT/ratis-server-0.5.0-201fc85-SNAPSHOT.jar:/home/user/.m2/repository/org/apache/ratis/ratis-thirdparty-misc/0.2.0/ratis-thirdparty-misc-0.2.0.jar:/home/user/.m2/repository/org/apache/ratis/ratis-proto/0.5.0-201fc85-SNAPSHOT/ratis-proto-0.5.0-201fc85-SNAPSHOT.jar:/home/user/.m2/repository/org/apache/ratis/ratis-common/0.5.0-201fc85-SNAPSHOT/ratis-common-0.5.0-201fc85-SNAPSHOT.jar:/home/user/.m2/repository/org/apache/ratis/ratis-client/0.5.0-201fc85-SNAPSHOT/ratis-client-0.5.0-201fc85-SNAPSHOT.jar:/home/user/.m2/repository/org/apache/ratis/ratis-metrics/0.5.0-201fc85-SNAPSHOT/ratis-metrics-0.5.0-201fc85-SNAPSHOT.jar:/home/user/.m2/repository/com/github/joshelser/dropwizard-metrics-hadoop-metrics2-reporter/0.1.2/dropwizard-metrics-hadoop-metrics2-reporter-0.1.2.jar:/home/user/.m2/repository/io/dropwizard/metrics/metrics-jvm/3.2.5/metrics-jvm-3.2.5.jar:/home/user/.m2/repository/io/dropwizard/metrics/metrics-ganglia/3.2.5/metrics-ganglia-3.2.5.jar:/home/user/.m2/repository/info/ganglia/gmetric4j/gmetric4j/1.0.7/gmetric4j-1.0.7.jar:/home/user/.m2/repository/org/apache/ratis/ratis-netty/0.5.0-201fc85-SNAPSHOT/ratis-netty-0.5.0-201fc85-SNAPSHOT.jar:/home/user/.m2/repository/org/apache/ratis/ratis-grpc/0.5.0-201fc85-SNAPSHOT/ratis-grpc-0.5.0-201fc85-SNAPSHOT.jar:/home/user/.m2/repository/org/rocksdb/rocksdbjni/6.0.1/rocksdbjni-6.0.1.jar:/home/user/.m2/repository/org/apache/logging/log4j/log4j-api/2.11.0/log4j-api-2.11.0.jar:/home/user/.m2/repository/org/apache/logging/log4j/log4j-core/2.11.0/log4j-core-2.11.0.jar:/home/user/.m2/repository/com/lmax/disruptor/3.4.2/disruptor-3.4.2.jar:/home/user/.m2/repository/org/apache/commons/commons-pool2/2.6.0/commons-pool2-2.6.0.jar:/home/user/.m2/repository/org/bouncycastle/bcpkix-jdk15on/1.60/bcpkix-jdk15on-1.60.jar:/home/user/.m2/repository/commons-validator/commons-validator/1.6/commons-validator-1.6.jar:/home/user/.m2/repository/commons-digester/commons-digester/1.8.1/commons-digester-1.8.1.jar:/home/user/.m2/repository/io/jaegertracing/jaeger-client/0.34.0/jaeger-client-0.34.0.jar:/home/user/.m2/repository/io/jaegertracing/jaeger-thrift/0.34.0/jaeger-thrift-0.34.0.jar:/home/user/.m2/repository/org/apache/thrift/libthrift/0.12.0/libthrift-0.12.0.jar:/home/user/.m2/repository/com/squareup/okhttp3/okhttp/3.9.0/okhttp-3.9.0.jar:/home/user/.m2/repository/com/squareup/okio/okio/1.13.0/okio-1.13.0.jar:/home/user/.m2/repository/io/jaegertracing/jaeger-core/0.34.0/jaeger-core-0.34.0.jar:/home/user/.m2/repository/io/jaegertracing/jaeger-tracerresolver/0.34.0/jaeger-tracerresolver-0.34.0.jar:/home/user/.m2/repository/io/opentracing/contrib/opentracing-tracerresolver/0.1.5/opentracing-tracerresolver-0.1.5.jar:/home/user/.m2/repository/io/opentracing/opentracing-util/0.31.0/opentracing-util-0.31.0.jar:/home/user/.m2/repository/io/opentracing/opentracing-api/0.31.0/opentracing-api-0.31.0.jar:/home/user/.m2/repository/io/opentracing/opentracing-noop/0.31.0/opentracing-noop-0.31.0.jar:/home/user/.m2/repository/org/apache/hadoop/hadoop-hdds-server-framework/0.5.0-SNAPSHOT/hadoop-hdds-server-framework-0.5.0-SNAPSHOT.jar:/home/user/.m2/repository/org/apache/hadoop/hadoop-hdds-container-service/0.5.0-SNAPSHOT/hadoop-hdds-container-service-0.5.0-SNAPSHOT.jar:/home/user/.m2/repository/org/apache/hadoop/hadoop-hdds-client/0.5.0-SNAPSHOT/hadoop-hdds-client-0.5.0-SNAPSHOT.jar:/home/user/.m2/repository/org/apache/hadoop/hadoop-hdds-tools/0.5.0-SNAPSHOT/hadoop-hdds-tools-0.5.0-SNAPSHOT.jar:/home/user/.m2/repository/org/apache/hadoop/hadoop-hdds-server-scm/0.5.0-SNAPSHOT/hadoop-hdds-server-scm-0.5.0-SNAPSHOT.jar:/home/user/.m2/repository/org/apache/hadoop/hadoop-hdds-docs/0.5.0-SNAPSHOT/hadoop-hdds-docs-0.5.0-SNAPSHOT.jar:/home/user/.m2/repository/io/dropwizard/metrics/metrics-core/3.2.4/metrics-core-3.2.4.jar:/home/user/.m2/repository/org/hamcrest/hamcrest-all/1.3/hamcrest-all-1.3.jar:/home/user/.m2/repository/org/bouncycastle/bcprov-jdk15on/1.60/bcprov-jdk15on-1.60.jar:/home/user/.m2/repository/info/picocli/picocli/3.9.6/picocli-3.9.6.jar:/home/user/.m2/repository/com/google/protobuf/protobuf-java/2.5.0/protobuf-java-2.5.0.jar:/home/user/.m2/repository/com/google/guava/guava/11.0.2/guava-11.0.2.jar:/home/user/.m2/repository/org/apache/hadoop/hadoop-ozone-ozone-manager/0.5.0-SNAPSHOT/hadoop-ozone-ozone-manager-0.5.0-SNAPSHOT.jar:/home/user/.m2/repository/org/apache/hadoop/hadoop-minikdc/3.2.0/hadoop-minikdc-3.2.0.jar:/home/user/.m2/repository/commons-io/commons-io/2.5/commons-io-2.5.jar:/home/user/.m2/repository/org/apache/kerby/kerb-simplekdc/1.0.1/kerb-simplekdc-1.0.1.jar:/home/user/.m2/repository/org/apache/kerby/kerb-client/1.0.1/kerb-client-1.0.1.jar:/home/user/.m2/repository/org/apache/kerby/kerby-config/1.0.1/kerby-config-1.0.1.jar:/home/user/.m2/repository/org/apache/kerby/kerb-core/1.0.1/kerb-core-1.0.1.jar:/home/user/.m2/repository/org/apache/kerby/kerby-pkix/1.0.1/kerby-pkix-1.0.1.jar:/home/user/.m2/repository/org/apache/kerby/kerby-asn1/1.0.1/kerby-asn1-1.0.1.jar:/home/user/.m2/repository/org/apache/kerby/kerby-util/1.0.1/kerby-util-1.0.1.jar:/home/user/.m2/repository/org/apache/kerby/kerb-common/1.0.1/kerb-common-1.0.1.jar:/home/user/.m2/repository/org/apache/kerby/kerb-crypto/1.0.1/kerb-crypto-1.0.1.jar:/home/user/.m2/repository/org/apache/kerby/kerb-util/1.0.1/kerb-util-1.0.1.jar:/home/user/.m2/repository/org/apache/kerby/token-provider/1.0.1/token-provider-1.0.1.jar:/home/user/.m2/repository/org/apache/kerby/kerb-admin/1.0.1/kerb-admin-1.0.1.jar:/home/user/.m2/repository/org/apache/kerby/kerb-server/1.0.1/kerb-server-1.0.1.jar:/home/user/.m2/repository/org/apache/kerby/kerb-identity/1.0.1/kerb-identity-1.0.1.jar:/home/user/.m2/repository/org/apache/kerby/kerby-xdr/1.0.1/kerby-xdr-1.0.1.jar:/home/user/.m2/repository/org/slf4j/slf4j-log4j12/1.7.25/slf4j-log4j12-1.7.25.jar:/home/user/.m2/repository/org/apache/hadoop/hadoop-ozone-s3gateway/0.5.0-SNAPSHOT/hadoop-ozone-s3gateway-0.5.0-SNAPSHOT.jar:/home/user/.m2/repository/org/jboss/weld/servlet/weld-servlet/2.4.7.Final/weld-servlet-2.4.7.Final.jar:/home/user/.m2/repository/org/glassfish/jersey/containers/jersey-container-servlet-core/2.27/jersey-container-servlet-core-2.27.jar:/home/user/.m2/repository/org/glassfish/hk2/external/javax.inject/2.5.0-b42/javax.inject-2.5.0-b42.jar:/home/user/.m2/repository/org/glassfish/jersey/core/jersey-common/2.27/jersey-common-2.27.jar:/home/user/.m2/repository/org/glassfish/hk2/osgi-resource-locator/1.0.1/osgi-resource-locator-1.0.1.jar:/home/user/.m2/repository/javax/ws/rs/javax.ws.rs-api/2.1/javax.ws.rs-api-2.1.jar:/home/user/.m2/repository/org/glassfish/jersey/ext/cdi/jersey-cdi1x/2.27/jersey-cdi1x-2.27.jar:/home/user/.m2/repository/org/glassfish/jersey/inject/jersey-hk2/2.27/jersey-hk2-2.27.jar:/home/user/.m2/repository/org/glassfish/hk2/hk2-locator/2.5.0-b42/hk2-locator-2.5.0-b42.jar:/home/user/.m2/repository/org/javassist/javassist/3.22.0-CR2/javassist-3.22.0-CR2.jar:/home/user/.m2/repository/org/glassfish/hk2/hk2-api/2.5.0/hk2-api-2.5.0.jar:/home/user/.m2/repository/org/glassfish/hk2/external/jakarta.inject/2.5.0/jakarta.inject-2.5.0.jar:/home/user/.m2/repository/org/glassfish/hk2/hk2-utils/2.5.0/hk2-utils-2.5.0.jar:/home/user/.m2/repository/jakarta/annotation/jakarta.annotation-api/1.3.4/jakarta.annotation-api-1.3.4.jar:/home/user/.m2/repository/org/glassfish/hk2/external/aopalliance-repackaged/2.5.0/aopalliance-repackaged-2.5.0.jar:/home/user/.m2/repository/com/fasterxml/jackson/dataformat/jackson-dataformat-xml/2.9.0/jackson-dataformat-xml-2.9.0.jar:/home/user/.m2/repository/com/fasterxml/jackson/core/jackson-core/2.9.9/jackson-core-2.9.9.jar:/home/user/.m2/repository/com/fasterxml/jackson/module/jackson-module-jaxb-annotations/2.9.9/jackson-module-jaxb-annotations-2.9.9.jar:/home/user/.m2/repository/javax/enterprise/cdi-api/1.2/cdi-api-1.2.jar:/home/user/.m2/repository/javax/el/javax.el-api/3.0.0/javax.el-api-3.0.0.jar:/home/user/.m2/repository/javax/interceptor/javax.interceptor-api/1.2/javax.interceptor-api-1.2.jar:/home/user/.m2/repository/javax/inject/javax.inject/1/javax.inject-1.jar:/home/user/.m2/repository/com/sun/xml/bind/jaxb-impl/2.3.0.1/jaxb-impl-2.3.0.1.jar:/home/user/.m2/repository/com/sun/xml/bind/jaxb-core/2.3.0.1/jaxb-core-2.3.0.1.jar:/home/user/.m2/repository/javax/xml/bind/jaxb-api/2.3.0/jaxb-api-2.3.0.jar:/home/user/.m2/repository/javax/activation/activation/1.1.1/activation-1.1.1.jar:/home/user/.m2/repository/org/apache/hadoop/hadoop-ozone-csi/0.5.0-SNAPSHOT/hadoop-ozone-csi-0.5.0-SNAPSHOT.jar:/home/user/.m2/repository/com/google/protobuf/protobuf-java-util/3.5.1/protobuf-java-util-3.5.1.jar:/home/user/.m2/repository/org/apache/hadoop/hadoop-hdds-config/0.5.0-SNAPSHOT/hadoop-hdds-config-0.5.0-SNAPSHOT.jar:/home/user/.m2/repository/io/grpc/grpc-netty/1.17.1/grpc-netty-1.17.1.jar:/home/user/.m2/repository/io/grpc/grpc-core/1.17.1/grpc-core-1.17.1.jar:/home/user/.m2/repository/io/grpc/grpc-context/1.17.1/grpc-context-1.17.1.jar:/home/user/.m2/repository/com/google/errorprone/error_prone_annotations/2.2.0/error_prone_annotations-2.2.0.jar:/home/user/.m2/repository/org/codehaus/mojo/animal-sniffer-annotations/1.17/animal-sniffer-annotations-1.17.jar:/home/user/.m2/repository/io/opencensus/opencensus-api/0.17.0/opencensus-api-0.17.0.jar:/home/user/.m2/repository/io/opencensus/opencensus-contrib-grpc-metrics/0.17.0/opencensus-contrib-grpc-metrics-0.17.0.jar:/home/user/.m2/repository/io/netty/netty-codec-http2/4.1.30.Final/netty-codec-http2-4.1.30.Final.jar:/home/user/.m2/repository/io/netty/netty-codec-http/4.1.30.Final/netty-codec-http-4.1.30.Final.jar:/home/user/.m2/repository/io/netty/netty-codec/4.1.30.Final/netty-codec-4.1.30.Final.jar:/home/user/.m2/repository/io/netty/netty-handler/4.1.30.Final/netty-handler-4.1.30.Final.jar:/home/user/.m2/repository/io/netty/netty-handler-proxy/4.1.30.Final/netty-handler-proxy-4.1.30.Final.jar:/home/user/.m2/repository/io/netty/netty-codec-socks/4.1.30.Final/netty-codec-socks-4.1.30.Final.jar:/home/user/.m2/repository/io/netty/netty-transport-native-epoll/4.1.30.Final/netty-transport-native-epoll-4.1.30.Final.jar:/home/user/.m2/repository/io/netty/netty-common/4.1.30.Final/netty-common-4.1.30.Final.jar:/home/user/.m2/repository/io/netty/netty-buffer/4.1.30.Final/netty-buffer-4.1.30.Final.jar:/home/user/.m2/repository/io/netty/netty-transport/4.1.30.Final/netty-transport-4.1.30.Final.jar:/home/user/.m2/repository/io/netty/netty-resolver/4.1.30.Final/netty-resolver-4.1.30.Final.jar:/home/user/.m2/repository/io/netty/netty-transport-native-unix-common/4.1.30.Final/netty-transport-native-unix-common-4.1.30.Final.jar:/home/user/.m2/repository/io/grpc/grpc-protobuf/1.17.1/grpc-protobuf-1.17.1.jar:/home/user/.m2/repository/com/google/api/grpc/proto-google-common-protos/1.0.0/proto-google-common-protos-1.0.0.jar:/home/user/.m2/repository/io/grpc/grpc-protobuf-lite/1.17.1/grpc-protobuf-lite-1.17.1.jar:/home/user/.m2/repository/io/grpc/grpc-stub/1.17.1/grpc-stub-1.17.1.jar:/home/user/.m2/repository/org/apache/hadoop/hadoop-ozone-recon/0.5.0-SNAPSHOT/hadoop-ozone-recon-0.5.0-SNAPSHOT.jar:/home/user/.m2/repository/org/apache/hadoop/hadoop-ozone-reconcodegen/0.5.0-SNAPSHOT/hadoop-ozone-reconcodegen-0.5.0-SNAPSHOT.jar:/home/user/.m2/repository/com/google/inject/extensions/guice-multibindings/4.0/guice-multibindings-4.0.jar:/home/user/.m2/repository/com/google/inject/guice/4.0/guice-4.0.jar:/home/user/.m2/repository/aopalliance/aopalliance/1.0/aopalliance-1.0.jar:/home/user/.m2/repository/com/google/inject/extensions/guice-servlet/4.0/guice-servlet-4.0.jar:/home/user/.m2/repository/org/glassfish/jersey/containers/jersey-container-servlet/2.27/jersey-container-servlet-2.27.jar:/home/user/.m2/repository/org/glassfish/hk2/guice-bridge/2.5.0/guice-bridge-2.5.0.jar:/home/user/.m2/repository/org/glassfish/jersey/core/jersey-server/2.27/jersey-server-2.27.jar:/home/user/.m2/repository/org/glassfish/jersey/core/jersey-client/2.27/jersey-client-2.27.jar:/home/user/.m2/repository/org/glassfish/jersey/media/jersey-media-jaxb/2.27/jersey-media-jaxb-2.27.jar:/home/user/.m2/repository/javax/validation/validation-api/1.1.0.Final/validation-api-1.1.0.Final.jar:/home/user/.m2/repository/org/glassfish/jersey/media/jersey-media-json-jackson/2.27/jersey-media-json-jackson-2.27.jar:/home/user/.m2/repository/org/glassfish/jersey/ext/jersey-entity-filtering/2.27/jersey-entity-filtering-2.27.jar:/home/user/.m2/repository/com/google/inject/extensions/guice-assistedinject/4.0/guice-assistedinject-4.0.jar:/home/user/.m2/repository/org/jooq/jooq/3.11.10/jooq-3.11.10.jar:/home/user/.m2/repository/org/jooq/jooq-meta/3.11.10/jooq-meta-3.11.10.jar:/home/user/.m2/repository/org/jooq/jooq-codegen/3.11.10/jooq-codegen-3.11.10.jar:/home/user/.m2/repository/com/jolbox/bonecp/0.8.0.RELEASE/bonecp-0.8.0.RELEASE.jar:/home/user/.m2/repository/org/xerial/sqlite-jdbc/3.25.2/sqlite-jdbc-3.25.2.jar:/home/user/.m2/repository/org/springframework/spring-jdbc/5.1.3.RELEASE/spring-jdbc-5.1.3.RELEASE.jar:/home/user/.m2/repository/org/springframework/spring-beans/5.1.3.RELEASE/spring-beans-5.1.3.RELEASE.jar:/home/user/.m2/repository/org/springframework/spring-core/5.1.3.RELEASE/spring-core-5.1.3.RELEASE.jar:/home/user/.m2/repository/org/springframework/spring-jcl/5.1.3.RELEASE/spring-jcl-5.1.3.RELEASE.jar:/home/user/.m2/repository/org/springframework/spring-tx/5.1.3.RELEASE/spring-tx-5.1.3.RELEASE.jar:/home/user/.m2/repository/org/apache/hadoop/hadoop-ozone-client/0.5.0-SNAPSHOT/hadoop-ozone-client-0.5.0-SNAPSHOT.jar:/home/user/.m2/repository/commons-lang/commons-lang/2.6/commons-lang-2.6.jar:/home/user/.m2/repository/org/apache/hadoop/hadoop-ozone-ozone-manager/0.5.0-SNAPSHOT/hadoop-ozone-ozone-manager-0.5.0-SNAPSHOT-tests.jar:/home/user/.m2/repository/junit/junit/4.11/junit-4.11.jar:/home/user/.m2/repository/org/hamcrest/hamcrest-core/1.3/hamcrest-core-1.3.jar:/home/user/.m2/repository/org/openjdk/jmh/jmh-core/1.19/jmh-core-1.19.jar:/home/user/.m2/repository/net/sf/jopt-simple/jopt-simple/4.6/jopt-simple-4.6.jar:/home/user/.m2/repository/org/apache/commons/commons-math3/3.1.1/commons-math3-3.1.1.jar:/home/user/.m2/repository/org/openjdk/jmh/jmh-generator-annprocess/1.19/jmh-generator-annprocess-1.19.jar:/home/user/.m2/repository/org/mockito/mockito-all/1.8.5/mockito-all-1.8.5.jar:/home/user/.m2/repository/org/apache/hadoop/hadoop-kms/3.2.0/hadoop-kms-3.2.0.jar:/home/user/.m2/repository/org/apache/hadoop/hadoop-auth/3.2.0/hadoop-auth-3.2.0.jar:/home/user/.m2/repository/com/nimbusds/nimbus-jose-jwt/4.41.1/nimbus-jose-jwt-4.41.1.jar:/home/user/.m2/repository/com/github/stephenc/jcip/jcip-annotations/1.0-1/jcip-annotations-1.0-1.jar:/home/user/.m2/repository/net/minidev/json-smart/2.3/json-smart-2.3.jar:/home/user/.m2/repository/net/minidev/accessors-smart/1.2/accessors-smart-1.2.jar:/home/user/.m2/repository/org/ow2/asm/asm/5.0.4/asm-5.0.4.jar:/home/user/.m2/repository/org/apache/curator/curator-framework/2.12.0/curator-framework-2.12.0.jar:/home/user/.m2/repository/com/sun/jersey/jersey-core/1.19/jersey-core-1.19.jar:/home/user/.m2/repository/javax/ws/rs/jsr311-api/1.1.1/jsr311-api-1.1.1.jar:/home/user/.m2/repository/com/sun/jersey/jersey-server/1.19/jersey-server-1.19.jar:/home/user/.m2/repository/javax/servlet/javax.servlet-api/3.1.0/javax.servlet-api-3.1.0.jar:/home/user/.m2/repository/org/eclipse/jetty/jetty-server/9.3.25.v20180904/jetty-server-9.3.25.v20180904.jar:/home/user/.m2/repository/org/eclipse/jetty/jetty-http/9.3.25.v20180904/jetty-http-9.3.25.v20180904.jar:/home/user/.m2/repository/org/eclipse/jetty/jetty-io/9.3.25.v20180904/jetty-io-9.3.25.v20180904.jar:/home/user/.m2/repository/org/eclipse/jetty/jetty-webapp/9.3.25.v20180904/jetty-webapp-9.3.25.v20180904.jar:/home/user/.m2/repository/org/eclipse/jetty/jetty-xml/9.3.25.v20180904/jetty-xml-9.3.25.v20180904.jar:/home/user/.m2/repository/log4j/log4j/1.2.17/log4j-1.2.17.jar:/home/user/.m2/repository/org/slf4j/slf4j-api/1.7.25/slf4j-api-1.7.25.jar:/home/user/.m2/repository/org/slf4j/jul-to-slf4j/1.7.25/jul-to-slf4j-1.7.25.jar:/home/user/.m2/repository/org/eclipse/jetty/jetty-util/9.3.25.v20180904/jetty-util-9.3.25.v20180904.jar:/home/user/.m2/repository/com/fasterxml/jackson/core/jackson-databind/2.9.9/jackson-databind-2.9.9.jar:/home/user/.m2/repository/org/apache/hadoop/hadoop-kms/3.2.0/hadoop-kms-3.2.0-tests.jar:/home/user/.m2/repository/org/apache/hadoop/hadoop-hdds-server-scm/0.5.0-SNAPSHOT/hadoop-hdds-server-scm-0.5.0-SNAPSHOT-tests.jar:/home/user/.m2/repository/org/apache/hadoop/hadoop-hdds-container-service/0.5.0-SNAPSHOT/hadoop-hdds-container-service-0.5.0-SNAPSHOT-tests.jar:/home/user/.m2/repository/org/yaml/snakeyaml/1.16/snakeyaml-1.16.jar:/home/user/.m2/repository/org/apache/hadoop/hadoop-common/3.2.0/hadoop-common-3.2.0-tests.jar:/home/user/.m2/repository/org/apache/hadoop/hadoop-annotations/3.2.0/hadoop-annotations-3.2.0.jar:/usr/lib/jvm/java-1.8-openjdk/jre/../lib/tools.jar:/home/user/.m2/repository/commons-cli/commons-cli/1.2/commons-cli-1.2.jar:/home/user/.m2/repository/org/apache/httpcomponents/httpclient/4.5.2/httpclient-4.5.2.jar:/home/user/.m2/repository/org/apache/httpcomponents/httpcore/4.4.4/httpcore-4.4.4.jar:/home/user/.m2/repository/commons-codec/commons-codec/1.11/commons-codec-1.11.jar:/home/user/.m2/repository/commons-net/commons-net/3.6/commons-net-3.6.jar:/home/user/.m2/repository/commons-collections/commons-collections/3.2.2/commons-collections-3.2.2.jar:/home/user/.m2/repository/org/eclipse/jetty/jetty-servlet/9.3.25.v20180904/jetty-servlet-9.3.25.v20180904.jar:/home/user/.m2/repository/org/eclipse/jetty/jetty-security/9.3.25.v20180904/jetty-security-9.3.25.v20180904.jar:/home/user/.m2/repository/javax/servlet/jsp/jsp-api/2.1/jsp-api-2.1.jar:/home/user/.m2/repository/com/sun/jersey/jersey-servlet/1.19/jersey-servlet-1.19.jar:/home/user/.m2/repository/com/sun/jersey/jersey-json/1.19/jersey-json-1.19.jar:/home/user/.m2/repository/org/codehaus/jettison/jettison/1.1/jettison-1.1.jar:/home/user/.m2/repository/org/codehaus/jackson/jackson-core-asl/1.9.13/jackson-core-asl-1.9.13.jar:/home/user/.m2/repository/org/codehaus/jackson/jackson-mapper-asl/1.9.13/jackson-mapper-asl-1.9.13.jar:/home/user/.m2/repository/org/codehaus/jackson/jackson-jaxrs/1.9.13/jackson-jaxrs-1.9.13.jar:/home/user/.m2/repository/org/codehaus/jackson/jackson-xc/1.9.13/jackson-xc-1.9.13.jar:/home/user/.m2/repository/commons-logging/commons-logging/1.1.3/commons-logging-1.1.3.jar:/home/user/.m2/repository/commons-beanutils/commons-beanutils/1.9.4/commons-beanutils-1.9.4.jar:/home/user/.m2/repository/org/apache/commons/commons-configuration2/2.1.1/commons-configuration2-2.1.1.jar:/home/user/.m2/repository/org/apache/commons/commons-lang3/3.7/commons-lang3-3.7.jar:/home/user/.m2/repository/org/apache/commons/commons-text/1.4/commons-text-1.4.jar:/home/user/.m2/repository/org/apache/avro/avro/1.7.7/avro-1.7.7.jar:/home/user/.m2/repository/com/thoughtworks/paranamer/paranamer/2.3/paranamer-2.3.jar:/home/user/.m2/repository/org/xerial/snappy/snappy-java/1.0.5/snappy-java-1.0.5.jar:/home/user/.m2/repository/com/google/re2j/re2j/1.1/re2j-1.1.jar:/home/user/.m2/repository/com/google/code/gson/gson/2.2.4/gson-2.2.4.jar:/home/user/.m2/repository/com/jcraft/jsch/0.1.54/jsch-0.1.54.jar:/home/user/.m2/repository/org/apache/curator/curator-client/2.12.0/curator-client-2.12.0.jar:/home/user/.m2/repository/org/apache/curator/curator-recipes/2.12.0/curator-recipes-2.12.0.jar:/home/user/.m2/repository/com/google/code/findbugs/jsr305/3.0.0/jsr305-3.0.0.jar:/home/user/.m2/repository/org/apache/htrace/htrace-core4/4.1.0-incubating/htrace-core4-4.1.0-incubating.jar:/home/user/.m2/repository/org/apache/zookeeper/zookeeper/3.4.13/zookeeper-3.4.13.jar:/home/user/.m2/repository/jline/jline/0.9.94/jline-0.9.94.jar:/home/user/.m2/repository/org/apache/yetus/audience-annotations/0.5.0/audience-annotations-0.5.0.jar:/home/user/.m2/repository/org/codehaus/woodstox/stax2-api/3.1.4/stax2-api-3.1.4.jar:/home/user/.m2/repository/com/fasterxml/woodstox/woodstox-core/5.0.3/woodstox-core-5.0.3.jar:/home/user/.m2/repository/dnsjava/dnsjava/2.1.7/dnsjava-2.1.7.jar:/home/user/.m2/repository/org/apache/hadoop/hadoop-hdfs/3.2.0/hadoop-hdfs-3.2.0-tests.jar:/home/user/.m2/repository/org/eclipse/jetty/jetty-util-ajax/9.3.25.v20180904/jetty-util-ajax-9.3.25.v20180904.jar:/home/user/.m2/repository/commons-daemon/commons-daemon/1.0.13/commons-daemon-1.0.13.jar:/home/user/.m2/repository/io/netty/netty/3.10.5.Final/netty-3.10.5.Final.jar:/home/user/.m2/repository/io/netty/netty-all/4.0.52.Final/netty-all-4.0.52.Final.jar:/home/user/.m2/repository/org/fusesource/leveldbjni/leveldbjni-all/1.8/leveldbjni-all-1.8.jar:"/>
    <property name="sun.cpu.endian" value="little"/>
    <property name="user.home" value="/home/user"/>
    <property name="user.language" value="en"/>
    <property name="java.specification.vendor" value="Oracle Corporation"/>
    <property name="java.home" value="/usr/lib/jvm/java-1.8-openjdk/jre"/>
    <property name="java.security.krb5.conf" value="/workdir/hadoop-ozone/integration-test/target/test-classes/krb5.conf"/>
    <property name="basedir" value="/workdir/hadoop-ozone/integration-test"/>
    <property name="file.separator" value="/"/>
    <property name="line.separator" value="&#10;"/>
    <property name="java.vm.specification.vendor" value="Oracle Corporation"/>
    <property name="java.specification.name" value="Java Platform API Specification"/>
    <property name="java.awt.graphicsenv" value="sun.awt.X11GraphicsEnvironment"/>
    <property name="surefire.real.class.path" value="/workdir/hadoop-ozone/integration-test/target/surefire/surefirebooter1506511165110164243.jar"/>
    <property name="hadoop.log.dir" value="/workdir/hadoop-ozone/integration-test/target/log"/>
    <property name="sun.boot.class.path" value="/usr/lib/jvm/java-1.8-openjdk/jre/lib/resources.jar:/usr/lib/jvm/java-1.8-openjdk/jre/lib/rt.jar:/usr/lib/jvm/java-1.8-openjdk/jre/lib/sunrsasign.jar:/usr/lib/jvm/java-1.8-openjdk/jre/lib/jsse.jar:/usr/lib/jvm/java-1.8-openjdk/jre/lib/jce.jar:/usr/lib/jvm/java-1.8-openjdk/jre/lib/charsets.jar:/usr/lib/jvm/java-1.8-openjdk/jre/lib/jfr.jar:/usr/lib/jvm/java-1.8-openjdk/jre/classes"/>
    <property name="sun.management.compiler" value="HotSpot 64-Bit Tiered Compilers"/>
    <property name="java.runtime.version" value="1.8.0_212-b04"/>
    <property name="java.net.preferIPv4Stack" value="true"/>
    <property name="user.name" value="jenkins1000"/>
    <property name="path.separator" value=":"/>
    <property name="java.security.egd" value="file:///dev/urandom"/>
    <property name="os.version" value="3.10.0-957.12.2.el7.x86_64"/>
    <property name="java.endorsed.dirs" value="/usr/lib/jvm/java-1.8-openjdk/jre/lib/endorsed"/>
    <property name="java.runtime.name" value="OpenJDK Runtime Environment"/>
    <property name="file.encoding" value="UTF-8"/>
    <property name="java.vm.name" value="OpenJDK 64-Bit Server VM"/>
    <property name="test.build.webapps" value=""/>
    <property name="localRepository" value="/home/user/.m2/repository"/>
    <property name="java.vendor.url.bug" value="https://icedtea.classpath.org/bugzilla"/>
    <property name="java.io.tmpdir" value="/tmp"/>
    <property name="require.test.libhadoop" value=""/>
    <property name="java.version" value="1.8.0_212"/>
    <property name="user.dir" value="/workdir/hadoop-ozone/integration-test"/>
    <property name="os.arch" value="amd64"/>
    <property name="java.vm.specification.name" value="Java Virtual Machine Specification"/>
    <property name="test.build.classes" value="/workdir/hadoop-ozone/integration-test/target/test-classes"/>
    <property name="java.awt.printerjob" value="sun.print.PSPrinterJob"/>
    <property name="sun.os.patch.level" value="unknown"/>
    <property name="hadoop.tmp.dir" value="/workdir/hadoop-ozone/integration-test/target/tmp"/>
    <property name="java.library.path" value="/usr/lib/jvm/java-1.8-openjdk/jre/lib/amd64/server:/usr/lib/jvm/java-1.8-openjdk/jre/lib/amd64:/usr/lib/jvm/java-1.8-openjdk/jre/../lib/amd64:/workdir/hadoop-ozone/integration-test/target/native/target/usr/local/lib:/workdir/hadoop-ozone/integration-test/../../hadoop-common-project/hadoop-common/target/native/target/usr/local/lib:/usr/java/packages/lib/amd64:/usr/lib64:/lib64:/lib:/usr/lib"/>
    <property name="java.vm.info" value="mixed mode"/>
    <property name="java.vendor" value="IcedTea"/>
    <property name="java.vm.version" value="25.212-b04"/>
    <property name="java.ext.dirs" value="/usr/lib/jvm/java-1.8-openjdk/jre/lib/ext:/usr/java/packages/lib/ext"/>
    <property name="sun.io.unicode.encoding" value="UnicodeLittle"/>
    <property name="java.class.version" value="52.0"/>
  </properties>
  <testcase name="test2DatanodesFailure" classname="org.apache.hadoop.ozone.client.rpc.TestBlockOutputStreamWithFailures" time="105.736"/>
  <testcase name="testDatanodeFailureWithPreAllocation" classname="org.apache.hadoop.ozone.client.rpc.TestBlockOutputStreamWithFailures" time="222.239"/>
  <testcase name="testDatanodeFailureWithSingleNodeRatis" classname="org.apache.hadoop.ozone.client.rpc.TestBlockOutputStreamWithFailures" time="223.293"/>
  <testcase name="testWatchForCommitWithSingleNodeRatis" classname="org.apache.hadoop.ozone.client.rpc.TestBlockOutputStreamWithFailures" time="35.669"/>
  <testcase name="testWatchForCommitDatanodeFailure" classname="org.apache.hadoop.ozone.client.rpc.TestBlockOutputStreamWithFailures" time="40.36"/>
  <testcase name="testFailureWithPrimeSizedData" classname="org.apache.hadoop.ozone.client.rpc.TestBlockOutputStreamWithFailures" time="33.991"/>
  <testcase name="testWatchForCommitWithCloseContainerException" classname="org.apache.hadoop.ozone.client.rpc.TestBlockOutputStreamWithFailures" time="38.01">
    <failure message="expected:&lt;2&gt; but was:&lt;3&gt;" type="java.lang.AssertionError"><![CDATA[java.lang.AssertionError: expected:<2> but was:<3>
	at org.junit.Assert.fail(Assert.java:88)
	at org.junit.Assert.failNotEquals(Assert.java:743)
	at org.junit.Assert.assertEquals(Assert.java:118)
	at org.junit.Assert.assertEquals(Assert.java:555)
	at org.junit.Assert.assertEquals(Assert.java:542)
	at org.apache.hadoop.ozone.client.rpc.TestBlockOutputStreamWithFailures.testWatchForCommitWithCloseContainerException(TestBlockOutputStreamWithFailures.java:233)
	at sun.reflect.NativeMethodAccessorImpl.invoke0(Native Method)
	at sun.reflect.NativeMethodAccessorImpl.invoke(NativeMethodAccessorImpl.java:62)
	at sun.reflect.DelegatingMethodAccessorImpl.invoke(DelegatingMethodAccessorImpl.java:43)
	at java.lang.reflect.Method.invoke(Method.java:498)
	at org.junit.runners.model.FrameworkMethod$1.runReflectiveCall(FrameworkMethod.java:47)
	at org.junit.internal.runners.model.ReflectiveCallable.run(ReflectiveCallable.java:12)
	at org.junit.runners.model.FrameworkMethod.invokeExplosively(FrameworkMethod.java:44)
	at org.junit.internal.runners.statements.InvokeMethod.evaluate(InvokeMethod.java:17)
	at org.junit.internal.runners.statements.RunBefores.evaluate(RunBefores.java:26)
	at org.junit.internal.runners.statements.RunAfters.evaluate(RunAfters.java:27)
	at org.junit.runners.ParentRunner.runLeaf(ParentRunner.java:271)
	at org.junit.runners.BlockJUnit4ClassRunner.runChild(BlockJUnit4ClassRunner.java:70)
	at org.junit.runners.BlockJUnit4ClassRunner.runChild(BlockJUnit4ClassRunner.java:50)
	at org.junit.runners.ParentRunner$3.run(ParentRunner.java:238)
	at org.junit.runners.ParentRunner$1.schedule(ParentRunner.java:63)
	at org.junit.runners.ParentRunner.runChildren(ParentRunner.java:236)
	at org.junit.runners.ParentRunner.access$000(ParentRunner.java:53)
	at org.junit.runners.ParentRunner$2.evaluate(ParentRunner.java:229)
	at org.junit.runners.ParentRunner.run(ParentRunner.java:309)
	at org.apache.maven.surefire.junit4.JUnit4Provider.execute(JUnit4Provider.java:365)
	at org.apache.maven.surefire.junit4.JUnit4Provider.executeWithRerun(JUnit4Provider.java:273)
	at org.apache.maven.surefire.junit4.JUnit4Provider.executeTestSet(JUnit4Provider.java:238)
	at org.apache.maven.surefire.junit4.JUnit4Provider.invoke(JUnit4Provider.java:159)
	at org.apache.maven.surefire.booter.ForkedBooter.invokeProviderInSameClassLoader(ForkedBooter.java:384)
	at org.apache.maven.surefire.booter.ForkedBooter.runSuitesInProcess(ForkedBooter.java:345)
	at org.apache.maven.surefire.booter.ForkedBooter.execute(ForkedBooter.java:126)
	at org.apache.maven.surefire.booter.ForkedBooter.main(ForkedBooter.java:418)
]]></failure>
    <system-out><![CDATA[2019-10-10 13:54:09,741 [main] WARN  server.ServerUtils (ServerUtils.java:getScmDbDir(145)) - ozone.scm.db.dirs is not configured. We recommend adding this setting. Falling back to ozone.metadata.dirs instead.
2019-10-10 13:54:09,756 [main] WARN  server.ServerUtils (ServerUtils.java:getScmDbDir(145)) - ozone.scm.db.dirs is not configured. We recommend adding this setting. Falling back to ozone.metadata.dirs instead.
2019-10-10 13:54:09,756 [main] WARN  server.ServerUtils (ServerUtils.java:getScmDbDir(145)) - ozone.scm.db.dirs is not configured. We recommend adding this setting. Falling back to ozone.metadata.dirs instead.
2019-10-10 13:54:09,757 [main] INFO  db.DBStoreBuilder (DBStoreBuilder.java:addTable(117)) - using custom profile for table: deletedBlocks
2019-10-10 13:54:09,757 [main] INFO  db.DBStoreBuilder (DBStoreBuilder.java:processTables(168)) - Using default column profile:DBProfile.DISK for Table:deletedBlocks
2019-10-10 13:54:09,757 [main] INFO  db.DBStoreBuilder (DBStoreBuilder.java:addTable(117)) - using custom profile for table: validCerts
2019-10-10 13:54:09,758 [main] INFO  db.DBStoreBuilder (DBStoreBuilder.java:processTables(168)) - Using default column profile:DBProfile.DISK for Table:validCerts
2019-10-10 13:54:09,758 [main] INFO  db.DBStoreBuilder (DBStoreBuilder.java:addTable(117)) - using custom profile for table: revokedCerts
2019-10-10 13:54:09,758 [main] INFO  db.DBStoreBuilder (DBStoreBuilder.java:processTables(168)) - Using default column profile:DBProfile.DISK for Table:revokedCerts
2019-10-10 13:54:09,758 [main] INFO  db.DBStoreBuilder (DBStoreBuilder.java:addTable(117)) - using custom profile for table: default
2019-10-10 13:54:09,758 [main] INFO  db.DBStoreBuilder (DBStoreBuilder.java:processTables(174)) - Using default column profile:DBProfile.DISK for Table:default
2019-10-10 13:54:09,759 [main] INFO  db.DBStoreBuilder (DBStoreBuilder.java:getDbProfile(205)) - Using default options. DBProfile.DISK
2019-10-10 13:54:09,957 [main] INFO  net.NodeSchemaLoader (NodeSchemaLoader.java:loadSchemaFromFile(125)) - Loading file from sun.misc.CompoundEnumeration@2ba024cb
2019-10-10 13:54:09,957 [main] INFO  net.NodeSchemaLoader (NodeSchemaLoader.java:loadSchema(171)) - Loading network topology layer schema file
2019-10-10 13:54:09,961 [main] INFO  node.SCMNodeManager (SCMNodeManager.java:<init>(116)) - Entering startup safe mode.
2019-10-10 13:54:09,962 [main] INFO  algorithms.ContainerPlacementPolicyFactory (ContainerPlacementPolicyFactory.java:getPolicy(57)) - Create container placement policy of type org.apache.hadoop.hdds.scm.container.placement.algorithms.SCMContainerPlacementRandom
2019-10-10 13:54:09,962 [main] WARN  server.ServerUtils (ServerUtils.java:getScmDbDir(145)) - ozone.scm.db.dirs is not configured. We recommend adding this setting. Falling back to ozone.metadata.dirs instead.
2019-10-10 13:54:10,020 [main] INFO  pipeline.SCMPipelineManager (SCMPipelineManager.java:initializePipelineState(132)) - No pipeline exists in current db
2019-10-10 13:54:10,020 [main] WARN  server.ServerUtils (ServerUtils.java:getScmDbDir(145)) - ozone.scm.db.dirs is not configured. We recommend adding this setting. Falling back to ozone.metadata.dirs instead.
2019-10-10 13:54:10,089 [main] WARN  events.EventQueue (EventQueue.java:fireEvent(183)) - No event handler registered for event TypedEvent{payloadType=SafeModeStatus, name='SafeModeStatus'}
2019-10-10 13:54:10,089 [main] INFO  ipc.CallQueueManager (CallQueueManager.java:<init>(84)) - Using callQueue: class java.util.concurrent.LinkedBlockingQueue, queueCapacity: 2000, scheduler: class org.apache.hadoop.ipc.DefaultRpcScheduler, ipcBackoff: false.
2019-10-10 13:54:10,090 [Socket Reader #1 for port 40949] INFO  ipc.Server (Server.java:run(1074)) - Starting Socket Reader #1 for port 40949
2019-10-10 13:54:10,093 [main] INFO  ipc.CallQueueManager (CallQueueManager.java:<init>(84)) - Using callQueue: class java.util.concurrent.LinkedBlockingQueue, queueCapacity: 2000, scheduler: class org.apache.hadoop.ipc.DefaultRpcScheduler, ipcBackoff: false.
2019-10-10 13:54:10,094 [Socket Reader #1 for port 37326] INFO  ipc.Server (Server.java:run(1074)) - Starting Socket Reader #1 for port 37326
2019-10-10 13:54:10,095 [main] INFO  ipc.CallQueueManager (CallQueueManager.java:<init>(84)) - Using callQueue: class java.util.concurrent.LinkedBlockingQueue, queueCapacity: 2000, scheduler: class org.apache.hadoop.ipc.DefaultRpcScheduler, ipcBackoff: false.
2019-10-10 13:54:10,096 [Socket Reader #1 for port 46284] INFO  ipc.Server (Server.java:run(1074)) - Starting Socket Reader #1 for port 46284
2019-10-10 13:54:10,100 [main] INFO  hdfs.DFSUtil (DFSUtil.java:httpServerTemplateForNNAndJN(1641)) - Starting Web-server for scm at: http://0.0.0.0:0
2019-10-10 13:54:10,103 [main] INFO  server.AuthenticationFilter (AuthenticationFilter.java:constructSecretProvider(240)) - Unable to initialize FileSignerSecretProvider, falling back to use random secrets.
2019-10-10 13:54:10,104 [main] WARN  http.HttpRequestLog (HttpRequestLog.java:getRequestLog(97)) - Jetty request log can only be enabled using Log4j
2019-10-10 13:54:10,106 [main] INFO  http.HttpServer2 (HttpServer2.java:addGlobalFilter(975)) - Added global filter 'safety' (class=org.apache.hadoop.http.HttpServer2$QuotingInputFilter)
2019-10-10 13:54:10,107 [main] INFO  http.HttpServer2 (HttpServer2.java:addFilter(948)) - Added filter static_user_filter (class=org.apache.hadoop.http.lib.StaticUserWebFilter$StaticUserFilter) to context scm
2019-10-10 13:54:10,108 [main] INFO  http.HttpServer2 (HttpServer2.java:addFilter(958)) - Added filter static_user_filter (class=org.apache.hadoop.http.lib.StaticUserWebFilter$StaticUserFilter) to context logs
2019-10-10 13:54:10,108 [main] INFO  http.HttpServer2 (HttpServer2.java:addFilter(958)) - Added filter static_user_filter (class=org.apache.hadoop.http.lib.StaticUserWebFilter$StaticUserFilter) to context static
2019-10-10 13:54:10,110 [main] INFO  server.StorageContainerManager (StorageContainerManager.java:start(772)) - StorageContainerLocationProtocol RPC server is listening at /0.0.0.0:46284
2019-10-10 13:54:10,113 [main] WARN  impl.MetricsConfig (MetricsConfig.java:loadFirst(134)) - Cannot locate configuration: tried hadoop-metrics2-storagecontainermanager.properties,hadoop-metrics2.properties
2019-10-10 13:54:10,115 [main] INFO  impl.MetricsSystemImpl (MetricsSystemImpl.java:startTimer(374)) - Scheduled Metric snapshot period at 10 second(s).
2019-10-10 13:54:10,115 [main] INFO  impl.MetricsSystemImpl (MetricsSystemImpl.java:start(191)) - StorageContainerManager metrics system started
2019-10-10 13:54:10,318 [main] WARN  impl.MetricsSystemImpl (MetricsSystemImpl.java:register(276)) - Sink prometheus already exists!
2019-10-10 13:54:10,406 [main] INFO  server.SCMClientProtocolServer (SCMClientProtocolServer.java:start(159)) - RPC server for Client  is listening at /0.0.0.0:46284
2019-10-10 13:54:10,407 [IPC Server Responder] INFO  ipc.Server (Server.java:run(1314)) - IPC Server Responder: starting
2019-10-10 13:54:10,407 [IPC Server listener on 46284] INFO  ipc.Server (Server.java:run(1153)) - IPC Server listener on 46284: starting
2019-10-10 13:54:10,412 [main] INFO  server.StorageContainerManager (StorageContainerManager.java:start(782)) - ScmBlockLocationProtocol RPC server is listening at /0.0.0.0:37326
2019-10-10 13:54:10,412 [main] INFO  server.SCMBlockProtocolServer (SCMBlockProtocolServer.java:start(146)) - RPC server for Block Protocol is listening at /0.0.0.0:37326
2019-10-10 13:54:10,413 [IPC Server Responder] INFO  ipc.Server (Server.java:run(1314)) - IPC Server Responder: starting
2019-10-10 13:54:10,413 [IPC Server listener on 37326] INFO  ipc.Server (Server.java:run(1153)) - IPC Server listener on 37326: starting
2019-10-10 13:54:10,418 [main] INFO  server.StorageContainerManager (StorageContainerManager.java:start(786)) - ScmDatanodeProtocl RPC server is listening at /0.0.0.0:40949
2019-10-10 13:54:10,418 [main] INFO  server.SCMDatanodeProtocolServer (SCMDatanodeProtocolServer.java:start(169)) - RPC server for DataNodes is listening at /0.0.0.0:40949
2019-10-10 13:54:10,419 [IPC Server listener on 40949] INFO  ipc.Server (Server.java:run(1153)) - IPC Server listener on 40949: starting
2019-10-10 13:54:10,419 [IPC Server Responder] INFO  ipc.Server (Server.java:run(1314)) - IPC Server Responder: starting
2019-10-10 13:54:10,423 [main] INFO  http.HttpServer2 (HttpServer2.java:bindListener(1191)) - Jetty bound to port 40097
2019-10-10 13:54:10,423 [main] INFO  server.Server (Server.java:doStart(351)) - jetty-9.3.25.v20180904, build timestamp: 2018-09-04T21:11:46Z, git hash: 3ce520221d0240229c862b122d2b06c12a625732
2019-10-10 13:54:10,425 [main] INFO  handler.ContextHandler (ContextHandler.java:doStart(781)) - Started o.e.j.s.ServletContextHandler@ca546a1{/logs,file:///workdir/hadoop-ozone/integration-test/target/log,AVAILABLE}
2019-10-10 13:54:10,425 [main] INFO  handler.ContextHandler (ContextHandler.java:doStart(781)) - Started o.e.j.s.ServletContextHandler@356b6b5d{/static,file:///workdir/hadoop-ozone/integration-test/target/test-classes/webapps/static,AVAILABLE}
2019-10-10 13:54:10,429 [main] INFO  handler.ContextHandler (ContextHandler.java:doStart(781)) - Started o.e.j.w.WebAppContext@22fb9a2c{/,file:///workdir/hadoop-ozone/integration-test/target/test-classes/webapps/scm/,AVAILABLE}{/scm}
2019-10-10 13:54:10,430 [main] INFO  server.AbstractConnector (AbstractConnector.java:doStart(278)) - Started ServerConnector@2084e65a{HTTP/1.1,[http/1.1]}{0.0.0.0:40097}
2019-10-10 13:54:10,431 [main] INFO  server.Server (Server.java:doStart(419)) - Started @662628ms
2019-10-10 13:54:10,431 [main] WARN  impl.MetricsSystemImpl (MetricsSystemImpl.java:register(276)) - Sink prometheus already exists!
2019-10-10 13:54:10,432 [main] INFO  server.BaseHttpServer (BaseHttpServer.java:updateConnectorAddress(215)) - HTTP server of SCM is listening at http://0.0.0.0:40097
2019-10-10 13:54:10,433 [main] WARN  server.ServerUtils (ServerUtils.java:getDBPath(222)) - ozone.om.db.dirs is not configured. We recommend adding this setting. Falling back to ozone.metadata.dirs instead.
2019-10-10 13:54:10,434 [org.apache.hadoop.util.JvmPauseMonitor$Monitor@21527b8] INFO  util.JvmPauseMonitor (JvmPauseMonitor.java:run(188)) - Starting JVM pause monitor
2019-10-10 13:54:10,448 [main] INFO  ha.OMHANodeDetails (OMHANodeDetails.java:loadOMHAConfig(190)) - Configuration either no ozone.om.address set. Falling back to the default OM address /127.0.0.1:0
2019-10-10 13:54:10,448 [main] INFO  ha.OMHANodeDetails (OMHANodeDetails.java:getOMNodeDetails(220)) - OM Service ID is not set. Setting it to the default ID: omServiceIdDefault
2019-10-10 13:54:10,448 [main] WARN  server.ServerUtils (ServerUtils.java:getDBPath(222)) - ozone.om.db.dirs is not configured. We recommend adding this setting. Falling back to ozone.metadata.dirs instead.
2019-10-10 13:54:10,448 [main] WARN  server.ServerUtils (ServerUtils.java:getDBPath(222)) - ozone.om.db.dirs is not configured. We recommend adding this setting. Falling back to ozone.metadata.dirs instead.
2019-10-10 13:54:10,457 [main] WARN  server.ServerUtils (ServerUtils.java:getDBPath(222)) - ozone.om.db.dirs is not configured. We recommend adding this setting. Falling back to ozone.metadata.dirs instead.
2019-10-10 13:54:10,457 [main] INFO  db.DBStoreBuilder (DBStoreBuilder.java:addTable(117)) - using custom profile for table: userTable
2019-10-10 13:54:10,457 [main] INFO  db.DBStoreBuilder (DBStoreBuilder.java:processTables(168)) - Using default column profile:DBProfile.DISK for Table:userTable
2019-10-10 13:54:10,458 [main] INFO  db.DBStoreBuilder (DBStoreBuilder.java:addTable(117)) - using custom profile for table: volumeTable
2019-10-10 13:54:10,458 [main] INFO  db.DBStoreBuilder (DBStoreBuilder.java:processTables(168)) - Using default column profile:DBProfile.DISK for Table:volumeTable
2019-10-10 13:54:10,458 [main] INFO  db.DBStoreBuilder (DBStoreBuilder.java:addTable(117)) - using custom profile for table: bucketTable
2019-10-10 13:54:10,458 [main] INFO  db.DBStoreBuilder (DBStoreBuilder.java:processTables(168)) - Using default column profile:DBProfile.DISK for Table:bucketTable
2019-10-10 13:54:10,458 [main] INFO  db.DBStoreBuilder (DBStoreBuilder.java:addTable(117)) - using custom profile for table: keyTable
2019-10-10 13:54:10,458 [main] INFO  db.DBStoreBuilder (DBStoreBuilder.java:processTables(168)) - Using default column profile:DBProfile.DISK for Table:keyTable
2019-10-10 13:54:10,458 [main] INFO  db.DBStoreBuilder (DBStoreBuilder.java:addTable(117)) - using custom profile for table: deletedTable
2019-10-10 13:54:10,459 [main] INFO  db.DBStoreBuilder (DBStoreBuilder.java:processTables(168)) - Using default column profile:DBProfile.DISK for Table:deletedTable
2019-10-10 13:54:10,459 [main] INFO  db.DBStoreBuilder (DBStoreBuilder.java:addTable(117)) - using custom profile for table: openKeyTable
2019-10-10 13:54:10,459 [main] INFO  db.DBStoreBuilder (DBStoreBuilder.java:processTables(168)) - Using default column profile:DBProfile.DISK for Table:openKeyTable
2019-10-10 13:54:10,459 [main] INFO  db.DBStoreBuilder (DBStoreBuilder.java:addTable(117)) - using custom profile for table: s3Table
2019-10-10 13:54:10,459 [main] INFO  db.DBStoreBuilder (DBStoreBuilder.java:processTables(168)) - Using default column profile:DBProfile.DISK for Table:s3Table
2019-10-10 13:54:10,459 [main] INFO  db.DBStoreBuilder (DBStoreBuilder.java:addTable(117)) - using custom profile for table: multipartInfoTable
2019-10-10 13:54:10,460 [main] INFO  db.DBStoreBuilder (DBStoreBuilder.java:processTables(168)) - Using default column profile:DBProfile.DISK for Table:multipartInfoTable
2019-10-10 13:54:10,460 [main] INFO  db.DBStoreBuilder (DBStoreBuilder.java:addTable(117)) - using custom profile for table: dTokenTable
2019-10-10 13:54:10,460 [main] INFO  db.DBStoreBuilder (DBStoreBuilder.java:processTables(168)) - Using default column profile:DBProfile.DISK for Table:dTokenTable
2019-10-10 13:54:10,460 [main] INFO  db.DBStoreBuilder (DBStoreBuilder.java:addTable(117)) - using custom profile for table: s3SecretTable
2019-10-10 13:54:10,460 [main] INFO  db.DBStoreBuilder (DBStoreBuilder.java:processTables(168)) - Using default column profile:DBProfile.DISK for Table:s3SecretTable
2019-10-10 13:54:10,460 [main] INFO  db.DBStoreBuilder (DBStoreBuilder.java:addTable(117)) - using custom profile for table: prefixTable
2019-10-10 13:54:10,460 [main] INFO  db.DBStoreBuilder (DBStoreBuilder.java:processTables(168)) - Using default column profile:DBProfile.DISK for Table:prefixTable
2019-10-10 13:54:10,461 [main] INFO  db.DBStoreBuilder (DBStoreBuilder.java:addTable(117)) - using custom profile for table: default
2019-10-10 13:54:10,461 [main] INFO  db.DBStoreBuilder (DBStoreBuilder.java:processTables(174)) - Using default column profile:DBProfile.DISK for Table:default
2019-10-10 13:54:10,461 [main] INFO  db.DBStoreBuilder (DBStoreBuilder.java:getDbProfile(205)) - Using default options. DBProfile.DISK
2019-10-10 13:54:11,079 [main] INFO  ipc.CallQueueManager (CallQueueManager.java:<init>(84)) - Using callQueue: class java.util.concurrent.LinkedBlockingQueue, queueCapacity: 2000, scheduler: class org.apache.hadoop.ipc.DefaultRpcScheduler, ipcBackoff: false.
2019-10-10 13:54:11,080 [Socket Reader #1 for port 35700] INFO  ipc.Server (Server.java:run(1074)) - Starting Socket Reader #1 for port 35700
2019-10-10 13:54:11,094 [main] INFO  om.OzoneManager (OzoneManager.java:start(1071)) - OzoneManager RPC server is listening at localhost/127.0.0.1:35700
2019-10-10 13:54:11,094 [main] INFO  impl.MetricsSystemImpl (MetricsSystemImpl.java:init(158)) - OzoneManager metrics system started (again)
2019-10-10 13:54:11,095 [IPC Server Responder] INFO  ipc.Server (Server.java:run(1314)) - IPC Server Responder: starting
2019-10-10 13:54:11,098 [IPC Server listener on 35700] INFO  ipc.Server (Server.java:run(1153)) - IPC Server listener on 35700: starting
2019-10-10 13:54:11,103 [main] INFO  hdfs.DFSUtil (DFSUtil.java:httpServerTemplateForNNAndJN(1641)) - Starting Web-server for ozoneManager at: http://0.0.0.0:0
2019-10-10 13:54:11,104 [main] INFO  server.AuthenticationFilter (AuthenticationFilter.java:constructSecretProvider(240)) - Unable to initialize FileSignerSecretProvider, falling back to use random secrets.
2019-10-10 13:54:11,104 [main] WARN  http.HttpRequestLog (HttpRequestLog.java:getRequestLog(97)) - Jetty request log can only be enabled using Log4j
2019-10-10 13:54:11,105 [main] INFO  http.HttpServer2 (HttpServer2.java:addGlobalFilter(975)) - Added global filter 'safety' (class=org.apache.hadoop.http.HttpServer2$QuotingInputFilter)
2019-10-10 13:54:11,106 [main] INFO  http.HttpServer2 (HttpServer2.java:addFilter(948)) - Added filter static_user_filter (class=org.apache.hadoop.http.lib.StaticUserWebFilter$StaticUserFilter) to context ozoneManager
2019-10-10 13:54:11,106 [main] INFO  http.HttpServer2 (HttpServer2.java:addFilter(958)) - Added filter static_user_filter (class=org.apache.hadoop.http.lib.StaticUserWebFilter$StaticUserFilter) to context logs
2019-10-10 13:54:11,106 [main] INFO  http.HttpServer2 (HttpServer2.java:addFilter(958)) - Added filter static_user_filter (class=org.apache.hadoop.http.lib.StaticUserWebFilter$StaticUserFilter) to context static
2019-10-10 13:54:11,106 [main] INFO  http.HttpServer2 (HttpServer2.java:bindListener(1191)) - Jetty bound to port 35681
2019-10-10 13:54:11,107 [main] INFO  server.Server (Server.java:doStart(351)) - jetty-9.3.25.v20180904, build timestamp: 2018-09-04T21:11:46Z, git hash: 3ce520221d0240229c862b122d2b06c12a625732
2019-10-10 13:54:11,108 [main] INFO  handler.ContextHandler (ContextHandler.java:doStart(781)) - Started o.e.j.s.ServletContextHandler@4cd7d5e1{/logs,file:///workdir/hadoop-ozone/integration-test/target/log,AVAILABLE}
2019-10-10 13:54:11,108 [main] INFO  handler.ContextHandler (ContextHandler.java:doStart(781)) - Started o.e.j.s.ServletContextHandler@46b6701e{/static,file:///workdir/hadoop-ozone/integration-test/target/test-classes/webapps/static,AVAILABLE}
2019-10-10 13:54:11,112 [main] INFO  handler.ContextHandler (ContextHandler.java:doStart(781)) - Started o.e.j.w.WebAppContext@472c9f88{/,file:///workdir/hadoop-ozone/integration-test/target/test-classes/webapps/ozoneManager/,AVAILABLE}{/ozoneManager}
2019-10-10 13:54:11,112 [main] INFO  server.AbstractConnector (AbstractConnector.java:doStart(278)) - Started ServerConnector@37a67cf{HTTP/1.1,[http/1.1]}{0.0.0.0:35681}
2019-10-10 13:54:11,114 [main] INFO  server.Server (Server.java:doStart(419)) - Started @663309ms
2019-10-10 13:54:11,114 [main] WARN  impl.MetricsSystemImpl (MetricsSystemImpl.java:register(276)) - Sink prometheus already exists!
2019-10-10 13:54:11,114 [main] INFO  server.BaseHttpServer (BaseHttpServer.java:updateConnectorAddress(215)) - HTTP server of OZONEMANAGER is listening at http://0.0.0.0:35681
2019-10-10 13:54:11,127 [main] INFO  impl.MetricsSystemImpl (MetricsSystemImpl.java:init(158)) - HddsDatanode metrics system started (again)
2019-10-10 13:54:11,132 [main] INFO  ozone.HddsDatanodeService (HddsDatanodeService.java:start(184)) - HddsDatanodeService host:pr-hdds-2280-tn9v7-3755420433 ip:192.168.164.230
2019-10-10 13:54:11,139 [main] INFO  volume.HddsVolume (HddsVolume.java:<init>(176)) - Creating Volume: /workdir/hadoop-ozone/integration-test/target/test-dir/MiniOzoneClusterImpl-94337b2b-47d0-4fc3-ad18-0e9fb5ac94e5/datanode-0/data/containers/hdds of  storage type : DISK and capacity : 1482555576320
2019-10-10 13:54:11,139 [main] INFO  volume.VolumeSet (VolumeSet.java:initializeVolumeSet(170)) - Added Volume : /workdir/hadoop-ozone/integration-test/target/test-dir/MiniOzoneClusterImpl-94337b2b-47d0-4fc3-ad18-0e9fb5ac94e5/datanode-0/data/containers/hdds to VolumeSet
2019-10-10 13:54:11,139 [main] INFO  volume.ThrottledAsyncChecker (ThrottledAsyncChecker.java:schedule(141)) - Scheduling a check for org.apache.hadoop.ozone.container.common.volume.HddsVolume@40016ce1
2019-10-10 13:54:11,140 [main] INFO  volume.HddsVolumeChecker (HddsVolumeChecker.java:checkAllVolumes(204)) - Scheduled health check for volume org.apache.hadoop.ozone.container.common.volume.HddsVolume@40016ce1
2019-10-10 13:54:11,154 [main] INFO  impl.RaftServerProxy (ConfUtils.java:logGet(43)) - raft.rpc.type = GRPC (default)
2019-10-10 13:54:11,155 [main] INFO  grpc.GrpcFactory (GrpcFactory.java:checkPooledByteBufAllocatorUseCacheForAllThreads(45)) - PERFORMANCE WARNING: useCacheForAllThreads is true that may cause Netty to create a lot garbage objects and, as a result, trigger GC.
	It is recommended to disable useCacheForAllThreads by setting -Dorg.apache.ratis.thirdparty.io.netty.allocator.useCacheForAllThreads=false in command line.
2019-10-10 13:54:11,155 [main] INFO  grpc.GrpcConfigKeys$Server (ConfUtils.java:logGet(43)) - raft.grpc.server.port = 0 (default)
2019-10-10 13:54:11,155 [main] INFO  server.GrpcService (ConfUtils.java:logGet(43)) - raft.grpc.message.size.max = 33570816 (custom)
2019-10-10 13:54:11,155 [main] INFO  server.RaftServerConfigKeys (ConfUtils.java:logGet(43)) - raft.server.log.appender.buffer.byte-limit = 33554432 (custom)
2019-10-10 13:54:11,156 [main] INFO  server.GrpcService (ConfUtils.java:logGet(43)) - raft.grpc.flow.control.window = 1MB (=1048576) (default)
2019-10-10 13:54:11,156 [main] INFO  server.RaftServerConfigKeys (ConfUtils.java:logGet(43)) - raft.server.rpc.request.timeout = 3000ms (default)
2019-10-10 13:54:11,156 [main] INFO  server.RaftServerConfigKeys (ConfUtils.java:logGet(43)) - raft.server.storage.dir = [/workdir/hadoop-ozone/integration-test/target/test-dir/MiniOzoneClusterImpl-94337b2b-47d0-4fc3-ad18-0e9fb5ac94e5/datanode-0/data/ratis] (custom)
2019-10-10 13:54:11,158 [main] INFO  hdfs.DFSUtil (DFSUtil.java:httpServerTemplateForNNAndJN(1641)) - Starting Web-server for hddsDatanode at: http://0.0.0.0:0
2019-10-10 13:54:11,159 [main] INFO  server.AuthenticationFilter (AuthenticationFilter.java:constructSecretProvider(240)) - Unable to initialize FileSignerSecretProvider, falling back to use random secrets.
2019-10-10 13:54:11,159 [main] WARN  http.HttpRequestLog (HttpRequestLog.java:getRequestLog(97)) - Jetty request log can only be enabled using Log4j
2019-10-10 13:54:11,161 [main] INFO  http.HttpServer2 (HttpServer2.java:addGlobalFilter(975)) - Added global filter 'safety' (class=org.apache.hadoop.http.HttpServer2$QuotingInputFilter)
2019-10-10 13:54:11,161 [main] INFO  http.HttpServer2 (HttpServer2.java:addFilter(948)) - Added filter static_user_filter (class=org.apache.hadoop.http.lib.StaticUserWebFilter$StaticUserFilter) to context hddsDatanode
2019-10-10 13:54:11,161 [main] INFO  http.HttpServer2 (HttpServer2.java:addFilter(958)) - Added filter static_user_filter (class=org.apache.hadoop.http.lib.StaticUserWebFilter$StaticUserFilter) to context logs
2019-10-10 13:54:11,162 [main] INFO  http.HttpServer2 (HttpServer2.java:addFilter(958)) - Added filter static_user_filter (class=org.apache.hadoop.http.lib.StaticUserWebFilter$StaticUserFilter) to context static
2019-10-10 13:54:11,162 [main] INFO  http.HttpServer2 (HttpServer2.java:bindListener(1191)) - Jetty bound to port 35782
2019-10-10 13:54:11,162 [main] INFO  server.Server (Server.java:doStart(351)) - jetty-9.3.25.v20180904, build timestamp: 2018-09-04T21:11:46Z, git hash: 3ce520221d0240229c862b122d2b06c12a625732
2019-10-10 13:54:11,164 [main] INFO  handler.ContextHandler (ContextHandler.java:doStart(781)) - Started o.e.j.s.ServletContextHandler@15c16f19{/logs,file:///workdir/hadoop-ozone/integration-test/target/log,AVAILABLE}
2019-10-10 13:54:11,164 [main] INFO  handler.ContextHandler (ContextHandler.java:doStart(781)) - Started o.e.j.s.ServletContextHandler@be6d228{/static,jar:file:/home/user/.m2/repository/org/apache/hadoop/hadoop-hdds-container-service/0.5.0-SNAPSHOT/hadoop-hdds-container-service-0.5.0-SNAPSHOT.jar!/webapps/static,AVAILABLE}
2019-10-10 13:54:11,197 [main] INFO  handler.ContextHandler (ContextHandler.java:doStart(781)) - Started o.e.j.w.WebAppContext@c262f2f{/,file:///tmp/jetty-0.0.0.0-35782-hddsDatanode-_-any-3929056116169308081.dir/webapp/,AVAILABLE}{/hddsDatanode}
2019-10-10 13:54:11,197 [main] INFO  server.AbstractConnector (AbstractConnector.java:doStart(278)) - Started ServerConnector@5563bb40{HTTP/1.1,[http/1.1]}{0.0.0.0:35782}
2019-10-10 13:54:11,199 [main] INFO  server.Server (Server.java:doStart(419)) - Started @663396ms
2019-10-10 13:54:11,199 [main] WARN  impl.MetricsSystemImpl (MetricsSystemImpl.java:register(276)) - Sink prometheus already exists!
2019-10-10 13:54:11,201 [main] INFO  server.BaseHttpServer (BaseHttpServer.java:updateConnectorAddress(215)) - HTTP server of HDDSDATANODE is listening at http://0.0.0.0:35782
2019-10-10 13:54:11,202 [main] INFO  impl.MetricsSystemImpl (MetricsSystemImpl.java:init(158)) - HddsDatanode metrics system started (again)
2019-10-10 13:54:11,209 [org.apache.hadoop.util.JvmPauseMonitor$Monitor@56852510] INFO  util.JvmPauseMonitor (JvmPauseMonitor.java:run(188)) - Starting JVM pause monitor
2019-10-10 13:54:11,210 [Datanode State Machine Thread - 0] INFO  datanode.InitDatanodeState (InitDatanodeState.java:persistContainerDatanodeDetails(140)) - DatanodeDetails is persisted to /workdir/hadoop-ozone/integration-test/target/test-dir/MiniOzoneClusterImpl-94337b2b-47d0-4fc3-ad18-0e9fb5ac94e5/datanode-0/meta/datanode.id
2019-10-10 13:54:11,211 [main] INFO  ozone.HddsDatanodeService (HddsDatanodeService.java:start(184)) - HddsDatanodeService host:pr-hdds-2280-tn9v7-3755420433 ip:192.168.164.230
2019-10-10 13:54:11,218 [main] INFO  volume.HddsVolume (HddsVolume.java:<init>(176)) - Creating Volume: /workdir/hadoop-ozone/integration-test/target/test-dir/MiniOzoneClusterImpl-94337b2b-47d0-4fc3-ad18-0e9fb5ac94e5/datanode-1/data/containers/hdds of  storage type : DISK and capacity : 1482555576320
2019-10-10 13:54:11,218 [main] INFO  volume.VolumeSet (VolumeSet.java:initializeVolumeSet(170)) - Added Volume : /workdir/hadoop-ozone/integration-test/target/test-dir/MiniOzoneClusterImpl-94337b2b-47d0-4fc3-ad18-0e9fb5ac94e5/datanode-1/data/containers/hdds to VolumeSet
2019-10-10 13:54:11,219 [main] INFO  volume.ThrottledAsyncChecker (ThrottledAsyncChecker.java:schedule(141)) - Scheduling a check for org.apache.hadoop.ozone.container.common.volume.HddsVolume@67eeb310
2019-10-10 13:54:11,219 [main] INFO  volume.HddsVolumeChecker (HddsVolumeChecker.java:checkAllVolumes(204)) - Scheduled health check for volume org.apache.hadoop.ozone.container.common.volume.HddsVolume@67eeb310
2019-10-10 13:54:11,241 [main] INFO  impl.RaftServerProxy (ConfUtils.java:logGet(43)) - raft.rpc.type = GRPC (default)
2019-10-10 13:54:11,241 [main] INFO  grpc.GrpcFactory (GrpcFactory.java:checkPooledByteBufAllocatorUseCacheForAllThreads(45)) - PERFORMANCE WARNING: useCacheForAllThreads is true that may cause Netty to create a lot garbage objects and, as a result, trigger GC.
	It is recommended to disable useCacheForAllThreads by setting -Dorg.apache.ratis.thirdparty.io.netty.allocator.useCacheForAllThreads=false in command line.
2019-10-10 13:54:11,241 [main] INFO  grpc.GrpcConfigKeys$Server (ConfUtils.java:logGet(43)) - raft.grpc.server.port = 0 (default)
2019-10-10 13:54:11,241 [main] INFO  server.GrpcService (ConfUtils.java:logGet(43)) - raft.grpc.message.size.max = 33570816 (custom)
2019-10-10 13:54:11,242 [main] INFO  server.RaftServerConfigKeys (ConfUtils.java:logGet(43)) - raft.server.log.appender.buffer.byte-limit = 33554432 (custom)
2019-10-10 13:54:11,242 [main] INFO  server.GrpcService (ConfUtils.java:logGet(43)) - raft.grpc.flow.control.window = 1MB (=1048576) (default)
2019-10-10 13:54:11,242 [main] INFO  server.RaftServerConfigKeys (ConfUtils.java:logGet(43)) - raft.server.rpc.request.timeout = 3000ms (default)
2019-10-10 13:54:11,243 [main] INFO  server.RaftServerConfigKeys (ConfUtils.java:logGet(43)) - raft.server.storage.dir = [/workdir/hadoop-ozone/integration-test/target/test-dir/MiniOzoneClusterImpl-94337b2b-47d0-4fc3-ad18-0e9fb5ac94e5/datanode-1/data/ratis] (custom)
2019-10-10 13:54:11,244 [main] INFO  hdfs.DFSUtil (DFSUtil.java:httpServerTemplateForNNAndJN(1641)) - Starting Web-server for hddsDatanode at: http://0.0.0.0:0
2019-10-10 13:54:11,246 [main] INFO  server.AuthenticationFilter (AuthenticationFilter.java:constructSecretProvider(240)) - Unable to initialize FileSignerSecretProvider, falling back to use random secrets.
2019-10-10 13:54:11,247 [main] WARN  http.HttpRequestLog (HttpRequestLog.java:getRequestLog(97)) - Jetty request log can only be enabled using Log4j
2019-10-10 13:54:11,250 [main] INFO  http.HttpServer2 (HttpServer2.java:addGlobalFilter(975)) - Added global filter 'safety' (class=org.apache.hadoop.http.HttpServer2$QuotingInputFilter)
2019-10-10 13:54:11,250 [main] INFO  http.HttpServer2 (HttpServer2.java:addFilter(948)) - Added filter static_user_filter (class=org.apache.hadoop.http.lib.StaticUserWebFilter$StaticUserFilter) to context hddsDatanode
2019-10-10 13:54:11,251 [main] INFO  http.HttpServer2 (HttpServer2.java:addFilter(958)) - Added filter static_user_filter (class=org.apache.hadoop.http.lib.StaticUserWebFilter$StaticUserFilter) to context logs
2019-10-10 13:54:11,251 [main] INFO  http.HttpServer2 (HttpServer2.java:addFilter(958)) - Added filter static_user_filter (class=org.apache.hadoop.http.lib.StaticUserWebFilter$StaticUserFilter) to context static
2019-10-10 13:54:11,252 [main] INFO  http.HttpServer2 (HttpServer2.java:bindListener(1191)) - Jetty bound to port 42973
2019-10-10 13:54:11,252 [main] INFO  server.Server (Server.java:doStart(351)) - jetty-9.3.25.v20180904, build timestamp: 2018-09-04T21:11:46Z, git hash: 3ce520221d0240229c862b122d2b06c12a625732
2019-10-10 13:54:11,254 [main] INFO  handler.ContextHandler (ContextHandler.java:doStart(781)) - Started o.e.j.s.ServletContextHandler@5fb07347{/logs,file:///workdir/hadoop-ozone/integration-test/target/log,AVAILABLE}
2019-10-10 13:54:11,255 [main] INFO  handler.ContextHandler (ContextHandler.java:doStart(781)) - Started o.e.j.s.ServletContextHandler@49190ed6{/static,jar:file:/home/user/.m2/repository/org/apache/hadoop/hadoop-hdds-container-service/0.5.0-SNAPSHOT/hadoop-hdds-container-service-0.5.0-SNAPSHOT.jar!/webapps/static,AVAILABLE}
2019-10-10 13:54:11,296 [main] INFO  handler.ContextHandler (ContextHandler.java:doStart(781)) - Started o.e.j.w.WebAppContext@45d7495e{/,file:///tmp/jetty-0.0.0.0-42973-hddsDatanode-_-any-4229663259864962511.dir/webapp/,AVAILABLE}{/hddsDatanode}
2019-10-10 13:54:11,297 [main] INFO  server.AbstractConnector (AbstractConnector.java:doStart(278)) - Started ServerConnector@30517a57{HTTP/1.1,[http/1.1]}{0.0.0.0:42973}
2019-10-10 13:54:11,298 [main] INFO  server.Server (Server.java:doStart(419)) - Started @663495ms
2019-10-10 13:54:11,298 [main] WARN  impl.MetricsSystemImpl (MetricsSystemImpl.java:register(276)) - Sink prometheus already exists!
2019-10-10 13:54:11,299 [main] INFO  server.BaseHttpServer (BaseHttpServer.java:updateConnectorAddress(215)) - HTTP server of HDDSDATANODE is listening at http://0.0.0.0:42973
2019-10-10 13:54:11,299 [main] INFO  impl.MetricsSystemImpl (MetricsSystemImpl.java:init(158)) - HddsDatanode metrics system started (again)
2019-10-10 13:54:11,305 [org.apache.hadoop.util.JvmPauseMonitor$Monitor@47b7bdd9] INFO  util.JvmPauseMonitor (JvmPauseMonitor.java:run(188)) - Starting JVM pause monitor
2019-10-10 13:54:11,307 [main] INFO  ozone.HddsDatanodeService (HddsDatanodeService.java:start(184)) - HddsDatanodeService host:pr-hdds-2280-tn9v7-3755420433 ip:192.168.164.230
2019-10-10 13:54:11,307 [Datanode State Machine Thread - 0] INFO  datanode.InitDatanodeState (InitDatanodeState.java:persistContainerDatanodeDetails(140)) - DatanodeDetails is persisted to /workdir/hadoop-ozone/integration-test/target/test-dir/MiniOzoneClusterImpl-94337b2b-47d0-4fc3-ad18-0e9fb5ac94e5/datanode-1/meta/datanode.id
2019-10-10 13:54:11,314 [main] INFO  volume.HddsVolume (HddsVolume.java:<init>(176)) - Creating Volume: /workdir/hadoop-ozone/integration-test/target/test-dir/MiniOzoneClusterImpl-94337b2b-47d0-4fc3-ad18-0e9fb5ac94e5/datanode-2/data/containers/hdds of  storage type : DISK and capacity : 1482555576320
2019-10-10 13:54:11,314 [main] INFO  volume.VolumeSet (VolumeSet.java:initializeVolumeSet(170)) - Added Volume : /workdir/hadoop-ozone/integration-test/target/test-dir/MiniOzoneClusterImpl-94337b2b-47d0-4fc3-ad18-0e9fb5ac94e5/datanode-2/data/containers/hdds to VolumeSet
2019-10-10 13:54:11,314 [main] INFO  volume.ThrottledAsyncChecker (ThrottledAsyncChecker.java:schedule(141)) - Scheduling a check for org.apache.hadoop.ozone.container.common.volume.HddsVolume@300bb303
2019-10-10 13:54:11,315 [main] INFO  volume.HddsVolumeChecker (HddsVolumeChecker.java:checkAllVolumes(204)) - Scheduled health check for volume org.apache.hadoop.ozone.container.common.volume.HddsVolume@300bb303
2019-10-10 13:54:11,330 [main] INFO  impl.RaftServerProxy (ConfUtils.java:logGet(43)) - raft.rpc.type = GRPC (default)
2019-10-10 13:54:11,330 [main] INFO  grpc.GrpcFactory (GrpcFactory.java:checkPooledByteBufAllocatorUseCacheForAllThreads(45)) - PERFORMANCE WARNING: useCacheForAllThreads is true that may cause Netty to create a lot garbage objects and, as a result, trigger GC.
	It is recommended to disable useCacheForAllThreads by setting -Dorg.apache.ratis.thirdparty.io.netty.allocator.useCacheForAllThreads=false in command line.
2019-10-10 13:54:11,331 [main] INFO  grpc.GrpcConfigKeys$Server (ConfUtils.java:logGet(43)) - raft.grpc.server.port = 0 (default)
2019-10-10 13:54:11,331 [main] INFO  server.GrpcService (ConfUtils.java:logGet(43)) - raft.grpc.message.size.max = 33570816 (custom)
2019-10-10 13:54:11,331 [main] INFO  server.RaftServerConfigKeys (ConfUtils.java:logGet(43)) - raft.server.log.appender.buffer.byte-limit = 33554432 (custom)
2019-10-10 13:54:11,331 [main] INFO  server.GrpcService (ConfUtils.java:logGet(43)) - raft.grpc.flow.control.window = 1MB (=1048576) (default)
2019-10-10 13:54:11,331 [main] INFO  server.RaftServerConfigKeys (ConfUtils.java:logGet(43)) - raft.server.rpc.request.timeout = 3000ms (default)
2019-10-10 13:54:11,332 [main] INFO  server.RaftServerConfigKeys (ConfUtils.java:logGet(43)) - raft.server.storage.dir = [/workdir/hadoop-ozone/integration-test/target/test-dir/MiniOzoneClusterImpl-94337b2b-47d0-4fc3-ad18-0e9fb5ac94e5/datanode-2/data/ratis] (custom)
2019-10-10 13:54:11,333 [main] INFO  hdfs.DFSUtil (DFSUtil.java:httpServerTemplateForNNAndJN(1641)) - Starting Web-server for hddsDatanode at: http://0.0.0.0:0
2019-10-10 13:54:11,334 [main] INFO  server.AuthenticationFilter (AuthenticationFilter.java:constructSecretProvider(240)) - Unable to initialize FileSignerSecretProvider, falling back to use random secrets.
2019-10-10 13:54:11,334 [main] WARN  http.HttpRequestLog (HttpRequestLog.java:getRequestLog(97)) - Jetty request log can only be enabled using Log4j
2019-10-10 13:54:11,336 [main] INFO  http.HttpServer2 (HttpServer2.java:addGlobalFilter(975)) - Added global filter 'safety' (class=org.apache.hadoop.http.HttpServer2$QuotingInputFilter)
2019-10-10 13:54:11,336 [main] INFO  http.HttpServer2 (HttpServer2.java:addFilter(948)) - Added filter static_user_filter (class=org.apache.hadoop.http.lib.StaticUserWebFilter$StaticUserFilter) to context hddsDatanode
2019-10-10 13:54:11,336 [main] INFO  http.HttpServer2 (HttpServer2.java:addFilter(958)) - Added filter static_user_filter (class=org.apache.hadoop.http.lib.StaticUserWebFilter$StaticUserFilter) to context static
2019-10-10 13:54:11,336 [main] INFO  http.HttpServer2 (HttpServer2.java:addFilter(958)) - Added filter static_user_filter (class=org.apache.hadoop.http.lib.StaticUserWebFilter$StaticUserFilter) to context logs
2019-10-10 13:54:11,337 [main] INFO  http.HttpServer2 (HttpServer2.java:bindListener(1191)) - Jetty bound to port 38037
2019-10-10 13:54:11,337 [main] INFO  server.Server (Server.java:doStart(351)) - jetty-9.3.25.v20180904, build timestamp: 2018-09-04T21:11:46Z, git hash: 3ce520221d0240229c862b122d2b06c12a625732
2019-10-10 13:54:11,339 [main] INFO  handler.ContextHandler (ContextHandler.java:doStart(781)) - Started o.e.j.s.ServletContextHandler@60fc7f43{/logs,file:///workdir/hadoop-ozone/integration-test/target/log,AVAILABLE}
2019-10-10 13:54:11,339 [main] INFO  handler.ContextHandler (ContextHandler.java:doStart(781)) - Started o.e.j.s.ServletContextHandler@3212d853{/static,jar:file:/home/user/.m2/repository/org/apache/hadoop/hadoop-hdds-container-service/0.5.0-SNAPSHOT/hadoop-hdds-container-service-0.5.0-SNAPSHOT.jar!/webapps/static,AVAILABLE}
2019-10-10 13:54:11,373 [main] INFO  handler.ContextHandler (ContextHandler.java:doStart(781)) - Started o.e.j.w.WebAppContext@720a1fd0{/,file:///tmp/jetty-0.0.0.0-38037-hddsDatanode-_-any-5837261796516663661.dir/webapp/,AVAILABLE}{/hddsDatanode}
2019-10-10 13:54:11,374 [main] INFO  server.AbstractConnector (AbstractConnector.java:doStart(278)) - Started ServerConnector@5ab7ac02{HTTP/1.1,[http/1.1]}{0.0.0.0:38037}
2019-10-10 13:54:11,376 [main] INFO  server.Server (Server.java:doStart(419)) - Started @663573ms
2019-10-10 13:54:11,376 [main] WARN  impl.MetricsSystemImpl (MetricsSystemImpl.java:register(276)) - Sink prometheus already exists!
2019-10-10 13:54:11,377 [main] INFO  server.BaseHttpServer (BaseHttpServer.java:updateConnectorAddress(215)) - HTTP server of HDDSDATANODE is listening at http://0.0.0.0:38037
2019-10-10 13:54:11,377 [main] INFO  impl.MetricsSystemImpl (MetricsSystemImpl.java:init(158)) - HddsDatanode metrics system started (again)
2019-10-10 13:54:11,383 [org.apache.hadoop.util.JvmPauseMonitor$Monitor@6e4f5ef2] INFO  util.JvmPauseMonitor (JvmPauseMonitor.java:run(188)) - Starting JVM pause monitor
2019-10-10 13:54:11,385 [main] INFO  ozone.HddsDatanodeService (HddsDatanodeService.java:start(184)) - HddsDatanodeService host:pr-hdds-2280-tn9v7-3755420433 ip:192.168.164.230
2019-10-10 13:54:11,385 [Datanode State Machine Thread - 0] INFO  datanode.InitDatanodeState (InitDatanodeState.java:persistContainerDatanodeDetails(140)) - DatanodeDetails is persisted to /workdir/hadoop-ozone/integration-test/target/test-dir/MiniOzoneClusterImpl-94337b2b-47d0-4fc3-ad18-0e9fb5ac94e5/datanode-2/meta/datanode.id
2019-10-10 13:54:11,391 [main] INFO  volume.HddsVolume (HddsVolume.java:<init>(176)) - Creating Volume: /workdir/hadoop-ozone/integration-test/target/test-dir/MiniOzoneClusterImpl-94337b2b-47d0-4fc3-ad18-0e9fb5ac94e5/datanode-3/data/containers/hdds of  storage type : DISK and capacity : 1482555576320
2019-10-10 13:54:11,391 [main] INFO  volume.VolumeSet (VolumeSet.java:initializeVolumeSet(170)) - Added Volume : /workdir/hadoop-ozone/integration-test/target/test-dir/MiniOzoneClusterImpl-94337b2b-47d0-4fc3-ad18-0e9fb5ac94e5/datanode-3/data/containers/hdds to VolumeSet
2019-10-10 13:54:11,392 [main] INFO  volume.ThrottledAsyncChecker (ThrottledAsyncChecker.java:schedule(141)) - Scheduling a check for org.apache.hadoop.ozone.container.common.volume.HddsVolume@7f8c48f3
2019-10-10 13:54:11,392 [main] INFO  volume.HddsVolumeChecker (HddsVolumeChecker.java:checkAllVolumes(204)) - Scheduled health check for volume org.apache.hadoop.ozone.container.common.volume.HddsVolume@7f8c48f3
2019-10-10 13:54:11,407 [main] INFO  impl.RaftServerProxy (ConfUtils.java:logGet(43)) - raft.rpc.type = GRPC (default)
2019-10-10 13:54:11,407 [main] INFO  grpc.GrpcFactory (GrpcFactory.java:checkPooledByteBufAllocatorUseCacheForAllThreads(45)) - PERFORMANCE WARNING: useCacheForAllThreads is true that may cause Netty to create a lot garbage objects and, as a result, trigger GC.
	It is recommended to disable useCacheForAllThreads by setting -Dorg.apache.ratis.thirdparty.io.netty.allocator.useCacheForAllThreads=false in command line.
2019-10-10 13:54:11,407 [main] INFO  grpc.GrpcConfigKeys$Server (ConfUtils.java:logGet(43)) - raft.grpc.server.port = 0 (default)
2019-10-10 13:54:11,407 [main] INFO  server.GrpcService (ConfUtils.java:logGet(43)) - raft.grpc.message.size.max = 33570816 (custom)
2019-10-10 13:54:11,408 [main] INFO  server.RaftServerConfigKeys (ConfUtils.java:logGet(43)) - raft.server.log.appender.buffer.byte-limit = 33554432 (custom)
2019-10-10 13:54:11,408 [main] INFO  server.GrpcService (ConfUtils.java:logGet(43)) - raft.grpc.flow.control.window = 1MB (=1048576) (default)
2019-10-10 13:54:11,408 [main] INFO  server.RaftServerConfigKeys (ConfUtils.java:logGet(43)) - raft.server.rpc.request.timeout = 3000ms (default)
2019-10-10 13:54:11,408 [main] INFO  server.RaftServerConfigKeys (ConfUtils.java:logGet(43)) - raft.server.storage.dir = [/workdir/hadoop-ozone/integration-test/target/test-dir/MiniOzoneClusterImpl-94337b2b-47d0-4fc3-ad18-0e9fb5ac94e5/datanode-3/data/ratis] (custom)
2019-10-10 13:54:11,409 [main] INFO  hdfs.DFSUtil (DFSUtil.java:httpServerTemplateForNNAndJN(1641)) - Starting Web-server for hddsDatanode at: http://0.0.0.0:0
2019-10-10 13:54:11,410 [main] INFO  server.AuthenticationFilter (AuthenticationFilter.java:constructSecretProvider(240)) - Unable to initialize FileSignerSecretProvider, falling back to use random secrets.
2019-10-10 13:54:11,411 [main] WARN  http.HttpRequestLog (HttpRequestLog.java:getRequestLog(97)) - Jetty request log can only be enabled using Log4j
2019-10-10 13:54:11,412 [main] INFO  http.HttpServer2 (HttpServer2.java:addGlobalFilter(975)) - Added global filter 'safety' (class=org.apache.hadoop.http.HttpServer2$QuotingInputFilter)
2019-10-10 13:54:11,413 [main] INFO  http.HttpServer2 (HttpServer2.java:addFilter(948)) - Added filter static_user_filter (class=org.apache.hadoop.http.lib.StaticUserWebFilter$StaticUserFilter) to context hddsDatanode
2019-10-10 13:54:11,413 [main] INFO  http.HttpServer2 (HttpServer2.java:addFilter(958)) - Added filter static_user_filter (class=org.apache.hadoop.http.lib.StaticUserWebFilter$StaticUserFilter) to context logs
2019-10-10 13:54:11,413 [main] INFO  http.HttpServer2 (HttpServer2.java:addFilter(958)) - Added filter static_user_filter (class=org.apache.hadoop.http.lib.StaticUserWebFilter$StaticUserFilter) to context static
2019-10-10 13:54:11,413 [main] INFO  http.HttpServer2 (HttpServer2.java:bindListener(1191)) - Jetty bound to port 33668
2019-10-10 13:54:11,414 [main] INFO  server.Server (Server.java:doStart(351)) - jetty-9.3.25.v20180904, build timestamp: 2018-09-04T21:11:46Z, git hash: 3ce520221d0240229c862b122d2b06c12a625732
2019-10-10 13:54:11,415 [main] INFO  handler.ContextHandler (ContextHandler.java:doStart(781)) - Started o.e.j.s.ServletContextHandler@6f0c45f4{/logs,file:///workdir/hadoop-ozone/integration-test/target/log,AVAILABLE}
2019-10-10 13:54:11,415 [main] INFO  handler.ContextHandler (ContextHandler.java:doStart(781)) - Started o.e.j.s.ServletContextHandler@faec277{/static,jar:file:/home/user/.m2/repository/org/apache/hadoop/hadoop-hdds-container-service/0.5.0-SNAPSHOT/hadoop-hdds-container-service-0.5.0-SNAPSHOT.jar!/webapps/static,AVAILABLE}
2019-10-10 13:54:11,444 [main] INFO  handler.ContextHandler (ContextHandler.java:doStart(781)) - Started o.e.j.w.WebAppContext@4a9869a8{/,file:///tmp/jetty-0.0.0.0-33668-hddsDatanode-_-any-3321593939950459058.dir/webapp/,AVAILABLE}{/hddsDatanode}
2019-10-10 13:54:11,444 [main] INFO  server.AbstractConnector (AbstractConnector.java:doStart(278)) - Started ServerConnector@75e0a54c{HTTP/1.1,[http/1.1]}{0.0.0.0:33668}
2019-10-10 13:54:11,444 [main] INFO  server.Server (Server.java:doStart(419)) - Started @663641ms
2019-10-10 13:54:11,446 [main] WARN  impl.MetricsSystemImpl (MetricsSystemImpl.java:register(276)) - Sink prometheus already exists!
2019-10-10 13:54:11,447 [main] INFO  server.BaseHttpServer (BaseHttpServer.java:updateConnectorAddress(215)) - HTTP server of HDDSDATANODE is listening at http://0.0.0.0:33668
2019-10-10 13:54:11,447 [main] INFO  impl.MetricsSystemImpl (MetricsSystemImpl.java:init(158)) - HddsDatanode metrics system started (again)
2019-10-10 13:54:11,453 [org.apache.hadoop.util.JvmPauseMonitor$Monitor@6ee74d6] INFO  util.JvmPauseMonitor (JvmPauseMonitor.java:run(188)) - Starting JVM pause monitor
2019-10-10 13:54:11,454 [main] INFO  ozone.HddsDatanodeService (HddsDatanodeService.java:start(184)) - HddsDatanodeService host:pr-hdds-2280-tn9v7-3755420433 ip:192.168.164.230
2019-10-10 13:54:11,455 [Datanode State Machine Thread - 0] INFO  datanode.InitDatanodeState (InitDatanodeState.java:persistContainerDatanodeDetails(140)) - DatanodeDetails is persisted to /workdir/hadoop-ozone/integration-test/target/test-dir/MiniOzoneClusterImpl-94337b2b-47d0-4fc3-ad18-0e9fb5ac94e5/datanode-3/meta/datanode.id
2019-10-10 13:54:11,462 [main] INFO  volume.HddsVolume (HddsVolume.java:<init>(176)) - Creating Volume: /workdir/hadoop-ozone/integration-test/target/test-dir/MiniOzoneClusterImpl-94337b2b-47d0-4fc3-ad18-0e9fb5ac94e5/datanode-4/data/containers/hdds of  storage type : DISK and capacity : 1482555576320
2019-10-10 13:54:11,462 [main] INFO  volume.VolumeSet (VolumeSet.java:initializeVolumeSet(170)) - Added Volume : /workdir/hadoop-ozone/integration-test/target/test-dir/MiniOzoneClusterImpl-94337b2b-47d0-4fc3-ad18-0e9fb5ac94e5/datanode-4/data/containers/hdds to VolumeSet
2019-10-10 13:54:11,462 [main] INFO  volume.ThrottledAsyncChecker (ThrottledAsyncChecker.java:schedule(141)) - Scheduling a check for org.apache.hadoop.ozone.container.common.volume.HddsVolume@690df641
2019-10-10 13:54:11,462 [main] INFO  volume.HddsVolumeChecker (HddsVolumeChecker.java:checkAllVolumes(204)) - Scheduled health check for volume org.apache.hadoop.ozone.container.common.volume.HddsVolume@690df641
2019-10-10 13:54:11,476 [main] INFO  impl.RaftServerProxy (ConfUtils.java:logGet(43)) - raft.rpc.type = GRPC (default)
2019-10-10 13:54:11,476 [main] INFO  grpc.GrpcFactory (GrpcFactory.java:checkPooledByteBufAllocatorUseCacheForAllThreads(45)) - PERFORMANCE WARNING: useCacheForAllThreads is true that may cause Netty to create a lot garbage objects and, as a result, trigger GC.
	It is recommended to disable useCacheForAllThreads by setting -Dorg.apache.ratis.thirdparty.io.netty.allocator.useCacheForAllThreads=false in command line.
2019-10-10 13:54:11,477 [main] INFO  grpc.GrpcConfigKeys$Server (ConfUtils.java:logGet(43)) - raft.grpc.server.port = 0 (default)
2019-10-10 13:54:11,477 [main] INFO  server.GrpcService (ConfUtils.java:logGet(43)) - raft.grpc.message.size.max = 33570816 (custom)
2019-10-10 13:54:11,477 [main] INFO  server.RaftServerConfigKeys (ConfUtils.java:logGet(43)) - raft.server.log.appender.buffer.byte-limit = 33554432 (custom)
2019-10-10 13:54:11,477 [main] INFO  server.GrpcService (ConfUtils.java:logGet(43)) - raft.grpc.flow.control.window = 1MB (=1048576) (default)
2019-10-10 13:54:11,477 [main] INFO  server.RaftServerConfigKeys (ConfUtils.java:logGet(43)) - raft.server.rpc.request.timeout = 3000ms (default)
2019-10-10 13:54:11,478 [main] INFO  server.RaftServerConfigKeys (ConfUtils.java:logGet(43)) - raft.server.storage.dir = [/workdir/hadoop-ozone/integration-test/target/test-dir/MiniOzoneClusterImpl-94337b2b-47d0-4fc3-ad18-0e9fb5ac94e5/datanode-4/data/ratis] (custom)
2019-10-10 13:54:11,479 [main] INFO  hdfs.DFSUtil (DFSUtil.java:httpServerTemplateForNNAndJN(1641)) - Starting Web-server for hddsDatanode at: http://0.0.0.0:0
2019-10-10 13:54:11,479 [main] INFO  server.AuthenticationFilter (AuthenticationFilter.java:constructSecretProvider(240)) - Unable to initialize FileSignerSecretProvider, falling back to use random secrets.
2019-10-10 13:54:11,480 [main] WARN  http.HttpRequestLog (HttpRequestLog.java:getRequestLog(97)) - Jetty request log can only be enabled using Log4j
2019-10-10 13:54:11,481 [main] INFO  http.HttpServer2 (HttpServer2.java:addGlobalFilter(975)) - Added global filter 'safety' (class=org.apache.hadoop.http.HttpServer2$QuotingInputFilter)
2019-10-10 13:54:11,481 [main] INFO  http.HttpServer2 (HttpServer2.java:addFilter(948)) - Added filter static_user_filter (class=org.apache.hadoop.http.lib.StaticUserWebFilter$StaticUserFilter) to context hddsDatanode
2019-10-10 13:54:11,481 [main] INFO  http.HttpServer2 (HttpServer2.java:addFilter(958)) - Added filter static_user_filter (class=org.apache.hadoop.http.lib.StaticUserWebFilter$StaticUserFilter) to context logs
2019-10-10 13:54:11,482 [main] INFO  http.HttpServer2 (HttpServer2.java:addFilter(958)) - Added filter static_user_filter (class=org.apache.hadoop.http.lib.StaticUserWebFilter$StaticUserFilter) to context static
2019-10-10 13:54:11,482 [main] INFO  http.HttpServer2 (HttpServer2.java:bindListener(1191)) - Jetty bound to port 39623
2019-10-10 13:54:11,482 [main] INFO  server.Server (Server.java:doStart(351)) - jetty-9.3.25.v20180904, build timestamp: 2018-09-04T21:11:46Z, git hash: 3ce520221d0240229c862b122d2b06c12a625732
2019-10-10 13:54:11,484 [main] INFO  handler.ContextHandler (ContextHandler.java:doStart(781)) - Started o.e.j.s.ServletContextHandler@316d30ad{/logs,file:///workdir/hadoop-ozone/integration-test/target/log,AVAILABLE}
2019-10-10 13:54:11,484 [main] INFO  handler.ContextHandler (ContextHandler.java:doStart(781)) - Started o.e.j.s.ServletContextHandler@30d5e37c{/static,jar:file:/home/user/.m2/repository/org/apache/hadoop/hadoop-hdds-container-service/0.5.0-SNAPSHOT/hadoop-hdds-container-service-0.5.0-SNAPSHOT.jar!/webapps/static,AVAILABLE}
2019-10-10 13:54:11,512 [main] INFO  handler.ContextHandler (ContextHandler.java:doStart(781)) - Started o.e.j.w.WebAppContext@77cddc0c{/,file:///tmp/jetty-0.0.0.0-39623-hddsDatanode-_-any-3699994221771365386.dir/webapp/,AVAILABLE}{/hddsDatanode}
2019-10-10 13:54:11,512 [main] INFO  server.AbstractConnector (AbstractConnector.java:doStart(278)) - Started ServerConnector@671d97bc{HTTP/1.1,[http/1.1]}{0.0.0.0:39623}
2019-10-10 13:54:11,513 [main] INFO  server.Server (Server.java:doStart(419)) - Started @663710ms
2019-10-10 13:54:11,515 [main] WARN  impl.MetricsSystemImpl (MetricsSystemImpl.java:register(276)) - Sink prometheus already exists!
2019-10-10 13:54:11,515 [main] INFO  server.BaseHttpServer (BaseHttpServer.java:updateConnectorAddress(215)) - HTTP server of HDDSDATANODE is listening at http://0.0.0.0:39623
2019-10-10 13:54:11,516 [main] INFO  impl.MetricsSystemImpl (MetricsSystemImpl.java:init(158)) - HddsDatanode metrics system started (again)
2019-10-10 13:54:11,523 [org.apache.hadoop.util.JvmPauseMonitor$Monitor@25e2f465] INFO  util.JvmPauseMonitor (JvmPauseMonitor.java:run(188)) - Starting JVM pause monitor
2019-10-10 13:54:11,523 [main] INFO  ozone.HddsDatanodeService (HddsDatanodeService.java:start(184)) - HddsDatanodeService host:pr-hdds-2280-tn9v7-3755420433 ip:192.168.164.230
2019-10-10 13:54:11,524 [Datanode State Machine Thread - 0] INFO  datanode.InitDatanodeState (InitDatanodeState.java:persistContainerDatanodeDetails(140)) - DatanodeDetails is persisted to /workdir/hadoop-ozone/integration-test/target/test-dir/MiniOzoneClusterImpl-94337b2b-47d0-4fc3-ad18-0e9fb5ac94e5/datanode-4/meta/datanode.id
2019-10-10 13:54:11,531 [main] INFO  volume.HddsVolume (HddsVolume.java:<init>(176)) - Creating Volume: /workdir/hadoop-ozone/integration-test/target/test-dir/MiniOzoneClusterImpl-94337b2b-47d0-4fc3-ad18-0e9fb5ac94e5/datanode-5/data/containers/hdds of  storage type : DISK and capacity : 1482555576320
2019-10-10 13:54:11,531 [main] INFO  volume.VolumeSet (VolumeSet.java:initializeVolumeSet(170)) - Added Volume : /workdir/hadoop-ozone/integration-test/target/test-dir/MiniOzoneClusterImpl-94337b2b-47d0-4fc3-ad18-0e9fb5ac94e5/datanode-5/data/containers/hdds to VolumeSet
2019-10-10 13:54:11,531 [main] INFO  volume.ThrottledAsyncChecker (ThrottledAsyncChecker.java:schedule(141)) - Scheduling a check for org.apache.hadoop.ozone.container.common.volume.HddsVolume@3dfe92ef
2019-10-10 13:54:11,532 [main] INFO  volume.HddsVolumeChecker (HddsVolumeChecker.java:checkAllVolumes(204)) - Scheduled health check for volume org.apache.hadoop.ozone.container.common.volume.HddsVolume@3dfe92ef
2019-10-10 13:54:11,547 [main] INFO  impl.RaftServerProxy (ConfUtils.java:logGet(43)) - raft.rpc.type = GRPC (default)
2019-10-10 13:54:11,547 [main] INFO  grpc.GrpcFactory (GrpcFactory.java:checkPooledByteBufAllocatorUseCacheForAllThreads(45)) - PERFORMANCE WARNING: useCacheForAllThreads is true that may cause Netty to create a lot garbage objects and, as a result, trigger GC.
	It is recommended to disable useCacheForAllThreads by setting -Dorg.apache.ratis.thirdparty.io.netty.allocator.useCacheForAllThreads=false in command line.
2019-10-10 13:54:11,547 [main] INFO  grpc.GrpcConfigKeys$Server (ConfUtils.java:logGet(43)) - raft.grpc.server.port = 0 (default)
2019-10-10 13:54:11,547 [main] INFO  server.GrpcService (ConfUtils.java:logGet(43)) - raft.grpc.message.size.max = 33570816 (custom)
2019-10-10 13:54:11,547 [main] INFO  server.RaftServerConfigKeys (ConfUtils.java:logGet(43)) - raft.server.log.appender.buffer.byte-limit = 33554432 (custom)
2019-10-10 13:54:11,547 [main] INFO  server.GrpcService (ConfUtils.java:logGet(43)) - raft.grpc.flow.control.window = 1MB (=1048576) (default)
2019-10-10 13:54:11,548 [main] INFO  server.RaftServerConfigKeys (ConfUtils.java:logGet(43)) - raft.server.rpc.request.timeout = 3000ms (default)
2019-10-10 13:54:11,548 [main] INFO  server.RaftServerConfigKeys (ConfUtils.java:logGet(43)) - raft.server.storage.dir = [/workdir/hadoop-ozone/integration-test/target/test-dir/MiniOzoneClusterImpl-94337b2b-47d0-4fc3-ad18-0e9fb5ac94e5/datanode-5/data/ratis] (custom)
2019-10-10 13:54:11,549 [main] INFO  hdfs.DFSUtil (DFSUtil.java:httpServerTemplateForNNAndJN(1641)) - Starting Web-server for hddsDatanode at: http://0.0.0.0:0
2019-10-10 13:54:11,550 [main] INFO  server.AuthenticationFilter (AuthenticationFilter.java:constructSecretProvider(240)) - Unable to initialize FileSignerSecretProvider, falling back to use random secrets.
2019-10-10 13:54:11,550 [main] WARN  http.HttpRequestLog (HttpRequestLog.java:getRequestLog(97)) - Jetty request log can only be enabled using Log4j
2019-10-10 13:54:11,551 [main] INFO  http.HttpServer2 (HttpServer2.java:addGlobalFilter(975)) - Added global filter 'safety' (class=org.apache.hadoop.http.HttpServer2$QuotingInputFilter)
2019-10-10 13:54:11,552 [main] INFO  http.HttpServer2 (HttpServer2.java:addFilter(948)) - Added filter static_user_filter (class=org.apache.hadoop.http.lib.StaticUserWebFilter$StaticUserFilter) to context hddsDatanode
2019-10-10 13:54:11,552 [main] INFO  http.HttpServer2 (HttpServer2.java:addFilter(958)) - Added filter static_user_filter (class=org.apache.hadoop.http.lib.StaticUserWebFilter$StaticUserFilter) to context logs
2019-10-10 13:54:11,552 [main] INFO  http.HttpServer2 (HttpServer2.java:addFilter(958)) - Added filter static_user_filter (class=org.apache.hadoop.http.lib.StaticUserWebFilter$StaticUserFilter) to context static
2019-10-10 13:54:11,553 [main] INFO  http.HttpServer2 (HttpServer2.java:bindListener(1191)) - Jetty bound to port 42813
2019-10-10 13:54:11,553 [main] INFO  server.Server (Server.java:doStart(351)) - jetty-9.3.25.v20180904, build timestamp: 2018-09-04T21:11:46Z, git hash: 3ce520221d0240229c862b122d2b06c12a625732
2019-10-10 13:54:11,554 [main] INFO  handler.ContextHandler (ContextHandler.java:doStart(781)) - Started o.e.j.s.ServletContextHandler@6d8b7ea9{/logs,file:///workdir/hadoop-ozone/integration-test/target/log,AVAILABLE}
2019-10-10 13:54:11,555 [main] INFO  handler.ContextHandler (ContextHandler.java:doStart(781)) - Started o.e.j.s.ServletContextHandler@333d44f6{/static,jar:file:/home/user/.m2/repository/org/apache/hadoop/hadoop-hdds-container-service/0.5.0-SNAPSHOT/hadoop-hdds-container-service-0.5.0-SNAPSHOT.jar!/webapps/static,AVAILABLE}
2019-10-10 13:54:11,583 [main] INFO  handler.ContextHandler (ContextHandler.java:doStart(781)) - Started o.e.j.w.WebAppContext@4492b393{/,file:///tmp/jetty-0.0.0.0-42813-hddsDatanode-_-any-6888705721946868537.dir/webapp/,AVAILABLE}{/hddsDatanode}
2019-10-10 13:54:11,583 [main] INFO  server.AbstractConnector (AbstractConnector.java:doStart(278)) - Started ServerConnector@55fb36de{HTTP/1.1,[http/1.1]}{0.0.0.0:42813}
2019-10-10 13:54:11,583 [main] INFO  server.Server (Server.java:doStart(419)) - Started @663780ms
2019-10-10 13:54:11,586 [main] WARN  impl.MetricsSystemImpl (MetricsSystemImpl.java:register(276)) - Sink prometheus already exists!
2019-10-10 13:54:11,587 [main] INFO  server.BaseHttpServer (BaseHttpServer.java:updateConnectorAddress(215)) - HTTP server of HDDSDATANODE is listening at http://0.0.0.0:42813
2019-10-10 13:54:11,587 [main] INFO  impl.MetricsSystemImpl (MetricsSystemImpl.java:init(158)) - HddsDatanode metrics system started (again)
2019-10-10 13:54:11,595 [org.apache.hadoop.util.JvmPauseMonitor$Monitor@3946904d] INFO  util.JvmPauseMonitor (JvmPauseMonitor.java:run(188)) - Starting JVM pause monitor
2019-10-10 13:54:11,595 [main] INFO  ozone.HddsDatanodeService (HddsDatanodeService.java:start(184)) - HddsDatanodeService host:pr-hdds-2280-tn9v7-3755420433 ip:192.168.164.230
2019-10-10 13:54:11,596 [Datanode State Machine Thread - 0] INFO  datanode.InitDatanodeState (InitDatanodeState.java:persistContainerDatanodeDetails(140)) - DatanodeDetails is persisted to /workdir/hadoop-ozone/integration-test/target/test-dir/MiniOzoneClusterImpl-94337b2b-47d0-4fc3-ad18-0e9fb5ac94e5/datanode-5/meta/datanode.id
2019-10-10 13:54:11,603 [main] INFO  volume.HddsVolume (HddsVolume.java:<init>(176)) - Creating Volume: /workdir/hadoop-ozone/integration-test/target/test-dir/MiniOzoneClusterImpl-94337b2b-47d0-4fc3-ad18-0e9fb5ac94e5/datanode-6/data/containers/hdds of  storage type : DISK and capacity : 1482555576320
2019-10-10 13:54:11,603 [main] INFO  volume.VolumeSet (VolumeSet.java:initializeVolumeSet(170)) - Added Volume : /workdir/hadoop-ozone/integration-test/target/test-dir/MiniOzoneClusterImpl-94337b2b-47d0-4fc3-ad18-0e9fb5ac94e5/datanode-6/data/containers/hdds to VolumeSet
2019-10-10 13:54:11,603 [main] INFO  volume.ThrottledAsyncChecker (ThrottledAsyncChecker.java:schedule(141)) - Scheduling a check for org.apache.hadoop.ozone.container.common.volume.HddsVolume@7e3ee128
2019-10-10 13:54:11,604 [main] INFO  volume.HddsVolumeChecker (HddsVolumeChecker.java:checkAllVolumes(204)) - Scheduled health check for volume org.apache.hadoop.ozone.container.common.volume.HddsVolume@7e3ee128
2019-10-10 13:54:11,619 [main] INFO  impl.RaftServerProxy (ConfUtils.java:logGet(43)) - raft.rpc.type = GRPC (default)
2019-10-10 13:54:11,619 [main] INFO  grpc.GrpcFactory (GrpcFactory.java:checkPooledByteBufAllocatorUseCacheForAllThreads(45)) - PERFORMANCE WARNING: useCacheForAllThreads is true that may cause Netty to create a lot garbage objects and, as a result, trigger GC.
	It is recommended to disable useCacheForAllThreads by setting -Dorg.apache.ratis.thirdparty.io.netty.allocator.useCacheForAllThreads=false in command line.
2019-10-10 13:54:11,619 [main] INFO  grpc.GrpcConfigKeys$Server (ConfUtils.java:logGet(43)) - raft.grpc.server.port = 0 (default)
2019-10-10 13:54:11,619 [main] INFO  server.GrpcService (ConfUtils.java:logGet(43)) - raft.grpc.message.size.max = 33570816 (custom)
2019-10-10 13:54:11,619 [main] INFO  server.RaftServerConfigKeys (ConfUtils.java:logGet(43)) - raft.server.log.appender.buffer.byte-limit = 33554432 (custom)
2019-10-10 13:54:11,620 [main] INFO  server.GrpcService (ConfUtils.java:logGet(43)) - raft.grpc.flow.control.window = 1MB (=1048576) (default)
2019-10-10 13:54:11,620 [main] INFO  server.RaftServerConfigKeys (ConfUtils.java:logGet(43)) - raft.server.rpc.request.timeout = 3000ms (default)
2019-10-10 13:54:11,620 [main] INFO  server.RaftServerConfigKeys (ConfUtils.java:logGet(43)) - raft.server.storage.dir = [/workdir/hadoop-ozone/integration-test/target/test-dir/MiniOzoneClusterImpl-94337b2b-47d0-4fc3-ad18-0e9fb5ac94e5/datanode-6/data/ratis] (custom)
2019-10-10 13:54:11,621 [main] INFO  hdfs.DFSUtil (DFSUtil.java:httpServerTemplateForNNAndJN(1641)) - Starting Web-server for hddsDatanode at: http://0.0.0.0:0
2019-10-10 13:54:11,623 [main] INFO  server.AuthenticationFilter (AuthenticationFilter.java:constructSecretProvider(240)) - Unable to initialize FileSignerSecretProvider, falling back to use random secrets.
2019-10-10 13:54:11,623 [main] WARN  http.HttpRequestLog (HttpRequestLog.java:getRequestLog(97)) - Jetty request log can only be enabled using Log4j
2019-10-10 13:54:11,624 [main] INFO  http.HttpServer2 (HttpServer2.java:addGlobalFilter(975)) - Added global filter 'safety' (class=org.apache.hadoop.http.HttpServer2$QuotingInputFilter)
2019-10-10 13:54:11,625 [main] INFO  http.HttpServer2 (HttpServer2.java:addFilter(948)) - Added filter static_user_filter (class=org.apache.hadoop.http.lib.StaticUserWebFilter$StaticUserFilter) to context hddsDatanode
2019-10-10 13:54:11,625 [main] INFO  http.HttpServer2 (HttpServer2.java:addFilter(958)) - Added filter static_user_filter (class=org.apache.hadoop.http.lib.StaticUserWebFilter$StaticUserFilter) to context logs
2019-10-10 13:54:11,625 [main] INFO  http.HttpServer2 (HttpServer2.java:addFilter(958)) - Added filter static_user_filter (class=org.apache.hadoop.http.lib.StaticUserWebFilter$StaticUserFilter) to context static
2019-10-10 13:54:11,625 [main] INFO  http.HttpServer2 (HttpServer2.java:bindListener(1191)) - Jetty bound to port 38249
2019-10-10 13:54:11,626 [main] INFO  server.Server (Server.java:doStart(351)) - jetty-9.3.25.v20180904, build timestamp: 2018-09-04T21:11:46Z, git hash: 3ce520221d0240229c862b122d2b06c12a625732
2019-10-10 13:54:11,627 [main] INFO  handler.ContextHandler (ContextHandler.java:doStart(781)) - Started o.e.j.s.ServletContextHandler@1a2724d3{/logs,file:///workdir/hadoop-ozone/integration-test/target/log,AVAILABLE}
2019-10-10 13:54:11,628 [main] INFO  handler.ContextHandler (ContextHandler.java:doStart(781)) - Started o.e.j.s.ServletContextHandler@1c2dd89b{/static,jar:file:/home/user/.m2/repository/org/apache/hadoop/hadoop-hdds-container-service/0.5.0-SNAPSHOT/hadoop-hdds-container-service-0.5.0-SNAPSHOT.jar!/webapps/static,AVAILABLE}
2019-10-10 13:54:11,663 [main] INFO  handler.ContextHandler (ContextHandler.java:doStart(781)) - Started o.e.j.w.WebAppContext@75ed7512{/,file:///tmp/jetty-0.0.0.0-38249-hddsDatanode-_-any-786450079022037457.dir/webapp/,AVAILABLE}{/hddsDatanode}
2019-10-10 13:54:11,663 [main] INFO  server.AbstractConnector (AbstractConnector.java:doStart(278)) - Started ServerConnector@5ab5924c{HTTP/1.1,[http/1.1]}{0.0.0.0:38249}
2019-10-10 13:54:11,666 [main] INFO  server.Server (Server.java:doStart(419)) - Started @663863ms
2019-10-10 13:54:11,666 [main] WARN  impl.MetricsSystemImpl (MetricsSystemImpl.java:register(276)) - Sink prometheus already exists!
2019-10-10 13:54:11,667 [main] INFO  server.BaseHttpServer (BaseHttpServer.java:updateConnectorAddress(215)) - HTTP server of HDDSDATANODE is listening at http://0.0.0.0:38249
2019-10-10 13:54:11,667 [main] INFO  ozone.MiniOzoneClusterImpl (MiniOzoneClusterImpl.java:lambda$waitForClusterToBeReady$0(147)) - Waiting for cluster to be ready. Got 0 of 7 DN Heartbeats.
2019-10-10 13:54:11,668 [org.apache.hadoop.util.JvmPauseMonitor$Monitor@52597799] INFO  util.JvmPauseMonitor (JvmPauseMonitor.java:run(188)) - Starting JVM pause monitor
2019-10-10 13:54:11,670 [Datanode State Machine Thread - 0] INFO  datanode.InitDatanodeState (InitDatanodeState.java:persistContainerDatanodeDetails(140)) - DatanodeDetails is persisted to /workdir/hadoop-ozone/integration-test/target/test-dir/MiniOzoneClusterImpl-94337b2b-47d0-4fc3-ad18-0e9fb5ac94e5/datanode-6/meta/datanode.id
2019-10-10 13:54:12,668 [main] INFO  ozone.MiniOzoneClusterImpl (MiniOzoneClusterImpl.java:lambda$waitForClusterToBeReady$0(147)) - Waiting for cluster to be ready. Got 0 of 7 DN Heartbeats.
2019-10-10 13:54:13,234 [Datanode State Machine Thread - 0] INFO  ozoneimpl.OzoneContainer (OzoneContainer.java:start(213)) - Attempting to start container services.
2019-10-10 13:54:13,234 [Datanode State Machine Thread - 0] INFO  ozoneimpl.OzoneContainer (OzoneContainer.java:startContainerScrub(177)) - Background container scanner has been disabled.
2019-10-10 13:54:13,234 [Datanode State Machine Thread - 0] INFO  ratis.XceiverServerRatis (XceiverServerRatis.java:start(418)) - Starting XceiverServerRatis eb8bd58c-94df-4b53-a658-943c19ea9612 at port 0
2019-10-10 13:54:13,239 [Datanode State Machine Thread - 0] INFO  impl.RaftServerProxy (RaftServerProxy.java:lambda$start$3(299)) - eb8bd58c-94df-4b53-a658-943c19ea9612: start RPC server
2019-10-10 13:54:13,241 [Datanode State Machine Thread - 0] INFO  server.GrpcService (GrpcService.java:startImpl(158)) - eb8bd58c-94df-4b53-a658-943c19ea9612: GrpcService started, listening on 0.0.0.0/0.0.0.0:32970
2019-10-10 13:54:13,241 [Datanode State Machine Thread - 0] INFO  ratis.XceiverServerRatis (XceiverServerRatis.java:start(428)) - XceiverServerRatis eb8bd58c-94df-4b53-a658-943c19ea9612 is started using port 32970
2019-10-10 13:54:13,242 [Datanode State Machine Thread - 0] INFO  server.XceiverServerGrpc (XceiverServerGrpc.java:start(149)) - XceiverServerGrpc eb8bd58c-94df-4b53-a658-943c19ea9612 is started using port 38638
2019-10-10 13:54:13,321 [Datanode State Machine Thread - 0] INFO  ozoneimpl.OzoneContainer (OzoneContainer.java:start(213)) - Attempting to start container services.
2019-10-10 13:54:13,322 [Datanode State Machine Thread - 0] INFO  ozoneimpl.OzoneContainer (OzoneContainer.java:startContainerScrub(177)) - Background container scanner has been disabled.
2019-10-10 13:54:13,322 [Datanode State Machine Thread - 0] INFO  ratis.XceiverServerRatis (XceiverServerRatis.java:start(418)) - Starting XceiverServerRatis 54a8b3b1-cb59-4956-9183-4f9844315b90 at port 0
2019-10-10 13:54:13,328 [Datanode State Machine Thread - 0] INFO  impl.RaftServerProxy (RaftServerProxy.java:lambda$start$3(299)) - 54a8b3b1-cb59-4956-9183-4f9844315b90: start RPC server
2019-10-10 13:54:13,328 [Datanode State Machine Thread - 0] INFO  server.GrpcService (GrpcService.java:startImpl(158)) - 54a8b3b1-cb59-4956-9183-4f9844315b90: GrpcService started, listening on 0.0.0.0/0.0.0.0:43616
2019-10-10 13:54:13,329 [Datanode State Machine Thread - 0] INFO  ratis.XceiverServerRatis (XceiverServerRatis.java:start(428)) - XceiverServerRatis 54a8b3b1-cb59-4956-9183-4f9844315b90 is started using port 43616
2019-10-10 13:54:13,330 [Datanode State Machine Thread - 0] INFO  server.XceiverServerGrpc (XceiverServerGrpc.java:start(149)) - XceiverServerGrpc 54a8b3b1-cb59-4956-9183-4f9844315b90 is started using port 43254
2019-10-10 13:54:13,397 [Datanode State Machine Thread - 0] INFO  ozoneimpl.OzoneContainer (OzoneContainer.java:start(213)) - Attempting to start container services.
2019-10-10 13:54:13,397 [Datanode State Machine Thread - 0] INFO  ozoneimpl.OzoneContainer (OzoneContainer.java:startContainerScrub(177)) - Background container scanner has been disabled.
2019-10-10 13:54:13,398 [Datanode State Machine Thread - 0] INFO  ratis.XceiverServerRatis (XceiverServerRatis.java:start(418)) - Starting XceiverServerRatis cd1234b5-0de1-4fd3-b9d5-d50083d3c43c at port 0
2019-10-10 13:54:13,404 [Datanode State Machine Thread - 0] INFO  impl.RaftServerProxy (RaftServerProxy.java:lambda$start$3(299)) - cd1234b5-0de1-4fd3-b9d5-d50083d3c43c: start RPC server
2019-10-10 13:54:13,405 [Datanode State Machine Thread - 0] INFO  server.GrpcService (GrpcService.java:startImpl(158)) - cd1234b5-0de1-4fd3-b9d5-d50083d3c43c: GrpcService started, listening on 0.0.0.0/0.0.0.0:45782
2019-10-10 13:54:13,405 [Datanode State Machine Thread - 0] INFO  ratis.XceiverServerRatis (XceiverServerRatis.java:start(428)) - XceiverServerRatis cd1234b5-0de1-4fd3-b9d5-d50083d3c43c is started using port 45782
2019-10-10 13:54:13,406 [Datanode State Machine Thread - 0] INFO  server.XceiverServerGrpc (XceiverServerGrpc.java:start(149)) - XceiverServerGrpc cd1234b5-0de1-4fd3-b9d5-d50083d3c43c is started using port 46603
2019-10-10 13:54:13,466 [Datanode State Machine Thread - 0] INFO  ozoneimpl.OzoneContainer (OzoneContainer.java:start(213)) - Attempting to start container services.
2019-10-10 13:54:13,466 [Datanode State Machine Thread - 0] INFO  ozoneimpl.OzoneContainer (OzoneContainer.java:startContainerScrub(177)) - Background container scanner has been disabled.
2019-10-10 13:54:13,467 [Datanode State Machine Thread - 0] INFO  ratis.XceiverServerRatis (XceiverServerRatis.java:start(418)) - Starting XceiverServerRatis 879d252b-2a05-4827-9377-7fbe1b4b2325 at port 0
2019-10-10 13:54:13,473 [Datanode State Machine Thread - 0] INFO  impl.RaftServerProxy (RaftServerProxy.java:lambda$start$3(299)) - 879d252b-2a05-4827-9377-7fbe1b4b2325: start RPC server
2019-10-10 13:54:13,473 [Datanode State Machine Thread - 0] INFO  server.GrpcService (GrpcService.java:startImpl(158)) - 879d252b-2a05-4827-9377-7fbe1b4b2325: GrpcService started, listening on 0.0.0.0/0.0.0.0:46261
2019-10-10 13:54:13,473 [Datanode State Machine Thread - 0] INFO  ratis.XceiverServerRatis (XceiverServerRatis.java:start(428)) - XceiverServerRatis 879d252b-2a05-4827-9377-7fbe1b4b2325 is started using port 46261
2019-10-10 13:54:13,474 [Datanode State Machine Thread - 0] INFO  server.XceiverServerGrpc (XceiverServerGrpc.java:start(149)) - XceiverServerGrpc 879d252b-2a05-4827-9377-7fbe1b4b2325 is started using port 46511
2019-10-10 13:54:13,536 [Datanode State Machine Thread - 0] INFO  ozoneimpl.OzoneContainer (OzoneContainer.java:start(213)) - Attempting to start container services.
2019-10-10 13:54:13,536 [Datanode State Machine Thread - 0] INFO  ozoneimpl.OzoneContainer (OzoneContainer.java:startContainerScrub(177)) - Background container scanner has been disabled.
2019-10-10 13:54:13,536 [Datanode State Machine Thread - 0] INFO  ratis.XceiverServerRatis (XceiverServerRatis.java:start(418)) - Starting XceiverServerRatis 1179372a-faa2-49b5-baee-70d755ab77f9 at port 0
2019-10-10 13:54:13,542 [Datanode State Machine Thread - 0] INFO  impl.RaftServerProxy (RaftServerProxy.java:lambda$start$3(299)) - 1179372a-faa2-49b5-baee-70d755ab77f9: start RPC server
2019-10-10 13:54:13,555 [Datanode State Machine Thread - 0] INFO  server.GrpcService (GrpcService.java:startImpl(158)) - 1179372a-faa2-49b5-baee-70d755ab77f9: GrpcService started, listening on 0.0.0.0/0.0.0.0:32914
2019-10-10 13:54:13,555 [Datanode State Machine Thread - 0] INFO  ratis.XceiverServerRatis (XceiverServerRatis.java:start(428)) - XceiverServerRatis 1179372a-faa2-49b5-baee-70d755ab77f9 is started using port 32914
2019-10-10 13:54:13,555 [Datanode State Machine Thread - 0] INFO  server.XceiverServerGrpc (XceiverServerGrpc.java:start(149)) - XceiverServerGrpc 1179372a-faa2-49b5-baee-70d755ab77f9 is started using port 43621
2019-10-10 13:54:13,609 [Datanode State Machine Thread - 0] INFO  ozoneimpl.OzoneContainer (OzoneContainer.java:start(213)) - Attempting to start container services.
2019-10-10 13:54:13,609 [Datanode State Machine Thread - 0] INFO  ozoneimpl.OzoneContainer (OzoneContainer.java:startContainerScrub(177)) - Background container scanner has been disabled.
2019-10-10 13:54:13,609 [Datanode State Machine Thread - 0] INFO  ratis.XceiverServerRatis (XceiverServerRatis.java:start(418)) - Starting XceiverServerRatis af1b0ec7-0cc6-47df-a217-7d3b9288f5b8 at port 0
2019-10-10 13:54:13,615 [Datanode State Machine Thread - 0] INFO  impl.RaftServerProxy (RaftServerProxy.java:lambda$start$3(299)) - af1b0ec7-0cc6-47df-a217-7d3b9288f5b8: start RPC server
2019-10-10 13:54:13,615 [Datanode State Machine Thread - 0] INFO  server.GrpcService (GrpcService.java:startImpl(158)) - af1b0ec7-0cc6-47df-a217-7d3b9288f5b8: GrpcService started, listening on 0.0.0.0/0.0.0.0:44539
2019-10-10 13:54:13,615 [Datanode State Machine Thread - 0] INFO  ratis.XceiverServerRatis (XceiverServerRatis.java:start(428)) - XceiverServerRatis af1b0ec7-0cc6-47df-a217-7d3b9288f5b8 is started using port 44539
2019-10-10 13:54:13,616 [Datanode State Machine Thread - 0] INFO  server.XceiverServerGrpc (XceiverServerGrpc.java:start(149)) - XceiverServerGrpc af1b0ec7-0cc6-47df-a217-7d3b9288f5b8 is started using port 46362
2019-10-10 13:54:13,669 [main] INFO  ozone.MiniOzoneClusterImpl (MiniOzoneClusterImpl.java:lambda$waitForClusterToBeReady$0(147)) - Waiting for cluster to be ready. Got 0 of 7 DN Heartbeats.
2019-10-10 13:54:13,682 [Datanode State Machine Thread - 0] INFO  ozoneimpl.OzoneContainer (OzoneContainer.java:start(213)) - Attempting to start container services.
2019-10-10 13:54:13,683 [Datanode State Machine Thread - 0] INFO  ozoneimpl.OzoneContainer (OzoneContainer.java:startContainerScrub(177)) - Background container scanner has been disabled.
2019-10-10 13:54:13,683 [Datanode State Machine Thread - 0] INFO  ratis.XceiverServerRatis (XceiverServerRatis.java:start(418)) - Starting XceiverServerRatis 05e1d7c8-a800-4306-8ffe-d9206de7ec8b at port 0
2019-10-10 13:54:13,689 [Datanode State Machine Thread - 0] INFO  impl.RaftServerProxy (RaftServerProxy.java:lambda$start$3(299)) - 05e1d7c8-a800-4306-8ffe-d9206de7ec8b: start RPC server
2019-10-10 13:54:13,692 [Datanode State Machine Thread - 0] INFO  server.GrpcService (GrpcService.java:startImpl(158)) - 05e1d7c8-a800-4306-8ffe-d9206de7ec8b: GrpcService started, listening on 0.0.0.0/0.0.0.0:45331
2019-10-10 13:54:13,693 [Datanode State Machine Thread - 0] INFO  ratis.XceiverServerRatis (XceiverServerRatis.java:start(428)) - XceiverServerRatis 05e1d7c8-a800-4306-8ffe-d9206de7ec8b is started using port 45331
2019-10-10 13:54:13,693 [Datanode State Machine Thread - 0] INFO  server.XceiverServerGrpc (XceiverServerGrpc.java:start(149)) - XceiverServerGrpc 05e1d7c8-a800-4306-8ffe-d9206de7ec8b is started using port 40114
2019-10-10 13:54:14,669 [main] INFO  ozone.MiniOzoneClusterImpl (MiniOzoneClusterImpl.java:lambda$waitForClusterToBeReady$0(147)) - Waiting for cluster to be ready. Got 0 of 7 DN Heartbeats.
2019-10-10 13:54:15,223 [IPC Server handler 6 on 40949] INFO  net.NetworkTopology (NetworkTopologyImpl.java:add(111)) - Added a new node: /default-rack/eb8bd58c-94df-4b53-a658-943c19ea9612
2019-10-10 13:54:15,227 [IPC Server handler 6 on 40949] INFO  node.SCMNodeManager (SCMNodeManager.java:register(268)) - Registered Data node : eb8bd58c-94df-4b53-a658-943c19ea9612{ip: 192.168.164.230, host: pr-hdds-2280-tn9v7-3755420433, networkLocation: /default-rack, certSerialId: null}
2019-10-10 13:54:15,228 [EventQueue-NodeRegistrationContainerReportForDataNodeSafeModeRule] INFO  safemode.SCMSafeModeManager (DataNodeSafeModeRule.java:process(71)) - SCM in safe mode. 1 DataNodes registered, 1 required.
2019-10-10 13:54:15,231 [EventQueue-NodeRegistrationContainerReportForDataNodeSafeModeRule] INFO  safemode.SCMSafeModeManager (SCMSafeModeManager.java:validateSafeModeExitRules(177)) - ScmSafeModeManager, all rules are successfully validated
2019-10-10 13:54:15,231 [EventQueue-NodeRegistrationContainerReportForDataNodeSafeModeRule] INFO  safemode.SCMSafeModeManager (SCMSafeModeManager.java:exitSafeMode(193)) - SCM exiting safe mode.
2019-10-10 13:54:15,241 [grpc-default-executor-5] INFO  impl.RaftServerProxy (RaftServerProxy.java:addNew(89)) - eb8bd58c-94df-4b53-a658-943c19ea9612: addNew group-4977270B342A:[eb8bd58c-94df-4b53-a658-943c19ea9612:192.168.164.230:32970] returns group-4977270B342A:java.util.concurrent.CompletableFuture@5a1f191c[Not completed]
2019-10-10 13:54:15,245 [pool-589-thread-1] INFO  impl.RaftServerImpl (RaftServerImpl.java:<init>(95)) - eb8bd58c-94df-4b53-a658-943c19ea9612: new RaftServerImpl for group-4977270B342A:[eb8bd58c-94df-4b53-a658-943c19ea9612:192.168.164.230:32970] with ContainerStateMachine:uninitialized
2019-10-10 13:54:15,245 [pool-589-thread-1] INFO  server.RaftServerConfigKeys (ConfUtils.java:logGet(43)) - raft.server.rpc.timeout.min = 5s (custom)
2019-10-10 13:54:15,245 [pool-589-thread-1] INFO  server.RaftServerConfigKeys (ConfUtils.java:logGet(43)) - raft.server.rpc.timeout.max = 5200ms (custom)
2019-10-10 13:54:15,245 [pool-589-thread-1] INFO  server.RaftServerConfigKeys (ConfUtils.java:logGet(43)) - raft.server.rpcslowness.timeout = 120s (custom)
2019-10-10 13:54:15,245 [pool-589-thread-1] INFO  server.RaftServerConfigKeys (ConfUtils.java:logGet(43)) - raft.server.sleep.deviation.threshold = 300 (default)
2019-10-10 13:54:15,246 [pool-589-thread-1] INFO  server.RaftServerConfigKeys (ConfUtils.java:logGet(43)) - raft.server.log.appender.install.snapshot.enabled = false (custom)
2019-10-10 13:54:15,246 [pool-589-thread-1] INFO  impl.RaftServerImpl (ServerState.java:<init>(103)) - eb8bd58c-94df-4b53-a658-943c19ea9612@group-4977270B342A: ConfigurationManager, init=-1: [eb8bd58c-94df-4b53-a658-943c19ea9612:192.168.164.230:32970], old=null, confs=<EMPTY_MAP>
2019-10-10 13:54:15,246 [pool-589-thread-1] INFO  server.RaftServerConfigKeys (ConfUtils.java:logGet(43)) - raft.server.storage.dir = [/workdir/hadoop-ozone/integration-test/target/test-dir/MiniOzoneClusterImpl-94337b2b-47d0-4fc3-ad18-0e9fb5ac94e5/datanode-0/data/ratis] (custom)
2019-10-10 13:54:15,246 [pool-589-thread-1] INFO  server.RaftServerConfigKeys (ConfUtils.java:logGet(43)) - raft.server.log.corruption.policy = EXCEPTION (default)
2019-10-10 13:54:15,247 [pool-589-thread-1] INFO  storage.RaftStorageDirectory (RaftStorageDirectory.java:analyzeStorage(246)) - The storage directory /workdir/hadoop-ozone/integration-test/target/test-dir/MiniOzoneClusterImpl-94337b2b-47d0-4fc3-ad18-0e9fb5ac94e5/datanode-0/data/ratis/05cbcff1-da0a-4a64-ae45-4977270b342a does not exist. Creating ...
2019-10-10 13:54:15,260 [pool-589-thread-1] INFO  storage.RaftStorageDirectory (RaftStorageDirectory.java:tryLock(328)) - Lock on /workdir/hadoop-ozone/integration-test/target/test-dir/MiniOzoneClusterImpl-94337b2b-47d0-4fc3-ad18-0e9fb5ac94e5/datanode-0/data/ratis/05cbcff1-da0a-4a64-ae45-4977270b342a/in_use.lock acquired by nodename 15153@pr-hdds-2280-tn9v7-3755420433
2019-10-10 13:54:15,273 [pool-589-thread-1] INFO  storage.RaftStorage (RaftStorage.java:format(84)) - Storage directory /workdir/hadoop-ozone/integration-test/target/test-dir/MiniOzoneClusterImpl-94337b2b-47d0-4fc3-ad18-0e9fb5ac94e5/datanode-0/data/ratis/05cbcff1-da0a-4a64-ae45-4977270b342a has been successfully formatted.
2019-10-10 13:54:15,273 [pool-589-thread-1] INFO  ratis.ContainerStateMachine (ContainerStateMachine.java:loadSnapshot(231)) - group-4977270B342A: The snapshot info is null. Setting the last applied indexto:(t:0, i:~)
2019-10-10 13:54:15,273 [pool-589-thread-1] INFO  server.RaftServerConfigKeys (ConfUtils.java:logGet(43)) - raft.server.notification.no-leader.timeout = 120s (custom)
2019-10-10 13:54:15,274 [pool-589-thread-1] INFO  server.RaftServerConfigKeys (ConfUtils.java:logGet(43)) - raft.server.log.use.memory = false (default)
2019-10-10 13:54:15,274 [pool-589-thread-1] INFO  server.RaftServerConfigKeys (ConfUtils.java:logGet(43)) - raft.server.log.purge.gap = 1000000 (custom)
2019-10-10 13:54:15,274 [pool-589-thread-1] INFO  server.RaftServerConfigKeys (ConfUtils.java:logGet(43)) - raft.server.log.appender.buffer.byte-limit = 33554432 (custom)
2019-10-10 13:54:15,274 [pool-589-thread-1] INFO  server.RaftServerConfigKeys (ConfUtils.java:logGet(43)) - raft.server.log.segment.size.max = 1048576 (custom)
2019-10-10 13:54:15,276 [pool-589-thread-1] INFO  server.RaftServerConfigKeys (ConfUtils.java:logGet(43)) - raft.server.log.segment.cache.num.max = 2 (custom)
2019-10-10 13:54:15,277 [pool-589-thread-1] INFO  segmented.SegmentedRaftLogWorker (SegmentedRaftLogWorker.java:<init>(173)) - new eb8bd58c-94df-4b53-a658-943c19ea9612@group-4977270B342A-SegmentedRaftLogWorker for RaftStorage:Storage Directory /workdir/hadoop-ozone/integration-test/target/test-dir/MiniOzoneClusterImpl-94337b2b-47d0-4fc3-ad18-0e9fb5ac94e5/datanode-0/data/ratis/05cbcff1-da0a-4a64-ae45-4977270b342a
2019-10-10 13:54:15,277 [pool-589-thread-1] INFO  server.RaftServerConfigKeys (ConfUtils.java:logGet(43)) - raft.server.log.queue.byte-limit = 2147483647 (custom)
2019-10-10 13:54:15,277 [pool-589-thread-1] INFO  server.RaftServerConfigKeys (ConfUtils.java:logGet(43)) - raft.server.log.queue.element-limit = 1024 (custom)
2019-10-10 13:54:15,277 [pool-589-thread-1] INFO  server.RaftServerConfigKeys (ConfUtils.java:logGet(43)) - raft.server.log.segment.size.max = 1048576 (custom)
2019-10-10 13:54:15,277 [pool-589-thread-1] INFO  server.RaftServerConfigKeys (ConfUtils.java:logGet(43)) - raft.server.log.preallocated.size = 16384 (custom)
2019-10-10 13:54:15,277 [pool-589-thread-1] INFO  server.RaftServerConfigKeys (ConfUtils.java:logGet(43)) - raft.server.log.write.buffer.size = 33554432 (custom)
2019-10-10 13:54:15,277 [pool-589-thread-1] INFO  server.RaftServerConfigKeys (ConfUtils.java:logGet(43)) - raft.server.log.force.sync.num = 128 (default)
2019-10-10 13:54:15,278 [pool-589-thread-1] INFO  server.RaftServerConfigKeys (ConfUtils.java:logGet(43)) - raft.server.log.statemachine.data.sync = true (default)
2019-10-10 13:54:15,278 [pool-589-thread-1] INFO  server.RaftServerConfigKeys (ConfUtils.java:logGet(43)) - raft.server.log.statemachine.data.sync.timeout = 10s (default)
2019-10-10 13:54:15,278 [pool-589-thread-1] INFO  server.RaftServerConfigKeys (ConfUtils.java:logGet(43)) - raft.server.log.statemachine.data.sync.timeout.retry = -1 (default)
2019-10-10 13:54:15,279 [pool-589-thread-1] INFO  server.RaftServerConfigKeys (ConfUtils.java:logGet(43)) - raft.server.log.statemachine.data.caching.enabled = true (custom)
2019-10-10 13:54:15,279 [pool-589-thread-1] INFO  segmented.SegmentedRaftLogWorker (SegmentedRaftLogWorker.java:lambda$new$0(128)) - eb8bd58c-94df-4b53-a658-943c19ea9612@group-4977270B342A-SegmentedRaftLogWorker: flushIndex: setUnconditionally 0 -> -1
2019-10-10 13:54:15,279 [pool-589-thread-1] INFO  server.RaftServerConfigKeys (ConfUtils.java:logGet(43)) - raft.server.snapshot.auto.trigger.enabled = true (custom)
2019-10-10 13:54:15,280 [pool-589-thread-1] INFO  server.RaftServerConfigKeys (ConfUtils.java:logGet(43)) - raft.server.snapshot.auto.trigger.threshold = 10000 (custom)
2019-10-10 13:54:15,280 [pool-589-thread-1] INFO  server.RaftServerConfigKeys (ConfUtils.java:logGet(43)) - raft.server.snapshot.retention.file.num = 5 (custom)
2019-10-10 13:54:15,280 [pool-589-thread-1] INFO  server.RaftServerConfigKeys (ConfUtils.java:logGet(43)) - raft.server.retrycache.expirytime = 600000ms (custom)
2019-10-10 13:54:15,282 [pool-589-thread-1] INFO  impl.RaftServerImpl (RaftServerImpl.java:start(181)) - eb8bd58c-94df-4b53-a658-943c19ea9612@group-4977270B342A: start as a follower, conf=-1: [eb8bd58c-94df-4b53-a658-943c19ea9612:192.168.164.230:32970], old=null
2019-10-10 13:54:15,282 [pool-589-thread-1] INFO  impl.RaftServerImpl (RaftServerImpl.java:setRole(170)) - eb8bd58c-94df-4b53-a658-943c19ea9612@group-4977270B342A: changes role from      null to FOLLOWER at term 0 for startAsFollower
2019-10-10 13:54:15,282 [pool-589-thread-1] INFO  impl.RoleInfo (RoleInfo.java:updateAndGet(143)) - eb8bd58c-94df-4b53-a658-943c19ea9612: start FollowerState
2019-10-10 13:54:15,283 [pool-589-thread-1] INFO  util.JmxRegister (JmxRegister.java:tryRegister(44)) - Successfully registered JMX Bean with object name Ratis:service=RaftServer,group=group-4977270B342A,id=eb8bd58c-94df-4b53-a658-943c19ea9612
2019-10-10 13:54:15,288 [RatisPipelineUtilsThread] INFO  pipeline.PipelineStateManager (PipelineStateManager.java:addPipeline(56)) - Created pipeline Pipeline[ Id: 05cbcff1-da0a-4a64-ae45-4977270b342a, Nodes: eb8bd58c-94df-4b53-a658-943c19ea9612{ip: 192.168.164.230, host: pr-hdds-2280-tn9v7-3755420433, networkLocation: /default-rack, certSerialId: null}, Type:RATIS, Factor:ONE, State:OPEN]
2019-10-10 13:54:15,307 [IPC Server handler 5 on 40949] INFO  net.NetworkTopology (NetworkTopologyImpl.java:add(111)) - Added a new node: /default-rack/54a8b3b1-cb59-4956-9183-4f9844315b90
2019-10-10 13:54:15,308 [IPC Server handler 5 on 40949] INFO  node.SCMNodeManager (SCMNodeManager.java:register(268)) - Registered Data node : 54a8b3b1-cb59-4956-9183-4f9844315b90{ip: 192.168.164.230, host: pr-hdds-2280-tn9v7-3755420433, networkLocation: /default-rack, certSerialId: null}
2019-10-10 13:54:15,346 [grpc-default-executor-5] INFO  impl.RaftServerProxy (RaftServerProxy.java:addNew(89)) - 54a8b3b1-cb59-4956-9183-4f9844315b90: addNew group-BAE3A538B5F4:[54a8b3b1-cb59-4956-9183-4f9844315b90:192.168.164.230:43616] returns group-BAE3A538B5F4:java.util.concurrent.CompletableFuture@6972947f[Not completed]
2019-10-10 13:54:15,348 [pool-599-thread-1] INFO  impl.RaftServerImpl (RaftServerImpl.java:<init>(95)) - 54a8b3b1-cb59-4956-9183-4f9844315b90: new RaftServerImpl for group-BAE3A538B5F4:[54a8b3b1-cb59-4956-9183-4f9844315b90:192.168.164.230:43616] with ContainerStateMachine:uninitialized
2019-10-10 13:54:15,348 [pool-599-thread-1] INFO  server.RaftServerConfigKeys (ConfUtils.java:logGet(43)) - raft.server.rpc.timeout.min = 5s (custom)
2019-10-10 13:54:15,348 [pool-599-thread-1] INFO  server.RaftServerConfigKeys (ConfUtils.java:logGet(43)) - raft.server.rpc.timeout.max = 5200ms (custom)
2019-10-10 13:54:15,348 [pool-599-thread-1] INFO  server.RaftServerConfigKeys (ConfUtils.java:logGet(43)) - raft.server.rpcslowness.timeout = 120s (custom)
2019-10-10 13:54:15,348 [pool-599-thread-1] INFO  server.RaftServerConfigKeys (ConfUtils.java:logGet(43)) - raft.server.sleep.deviation.threshold = 300 (default)
2019-10-10 13:54:15,349 [pool-599-thread-1] INFO  server.RaftServerConfigKeys (ConfUtils.java:logGet(43)) - raft.server.log.appender.install.snapshot.enabled = false (custom)
2019-10-10 13:54:15,349 [pool-599-thread-1] INFO  impl.RaftServerImpl (ServerState.java:<init>(103)) - 54a8b3b1-cb59-4956-9183-4f9844315b90@group-BAE3A538B5F4: ConfigurationManager, init=-1: [54a8b3b1-cb59-4956-9183-4f9844315b90:192.168.164.230:43616], old=null, confs=<EMPTY_MAP>
2019-10-10 13:54:15,349 [pool-599-thread-1] INFO  server.RaftServerConfigKeys (ConfUtils.java:logGet(43)) - raft.server.storage.dir = [/workdir/hadoop-ozone/integration-test/target/test-dir/MiniOzoneClusterImpl-94337b2b-47d0-4fc3-ad18-0e9fb5ac94e5/datanode-1/data/ratis] (custom)
2019-10-10 13:54:15,349 [pool-599-thread-1] INFO  server.RaftServerConfigKeys (ConfUtils.java:logGet(43)) - raft.server.log.corruption.policy = EXCEPTION (default)
2019-10-10 13:54:15,350 [pool-599-thread-1] INFO  storage.RaftStorageDirectory (RaftStorageDirectory.java:analyzeStorage(246)) - The storage directory /workdir/hadoop-ozone/integration-test/target/test-dir/MiniOzoneClusterImpl-94337b2b-47d0-4fc3-ad18-0e9fb5ac94e5/datanode-1/data/ratis/3d913251-46ac-43ed-90eb-bae3a538b5f4 does not exist. Creating ...
2019-10-10 13:54:15,363 [pool-599-thread-1] INFO  storage.RaftStorageDirectory (RaftStorageDirectory.java:tryLock(328)) - Lock on /workdir/hadoop-ozone/integration-test/target/test-dir/MiniOzoneClusterImpl-94337b2b-47d0-4fc3-ad18-0e9fb5ac94e5/datanode-1/data/ratis/3d913251-46ac-43ed-90eb-bae3a538b5f4/in_use.lock acquired by nodename 15153@pr-hdds-2280-tn9v7-3755420433
2019-10-10 13:54:15,376 [pool-599-thread-1] INFO  storage.RaftStorage (RaftStorage.java:format(84)) - Storage directory /workdir/hadoop-ozone/integration-test/target/test-dir/MiniOzoneClusterImpl-94337b2b-47d0-4fc3-ad18-0e9fb5ac94e5/datanode-1/data/ratis/3d913251-46ac-43ed-90eb-bae3a538b5f4 has been successfully formatted.
2019-10-10 13:54:15,376 [pool-599-thread-1] INFO  ratis.ContainerStateMachine (ContainerStateMachine.java:loadSnapshot(231)) - group-BAE3A538B5F4: The snapshot info is null. Setting the last applied indexto:(t:0, i:~)
2019-10-10 13:54:15,376 [pool-599-thread-1] INFO  server.RaftServerConfigKeys (ConfUtils.java:logGet(43)) - raft.server.notification.no-leader.timeout = 120s (custom)
2019-10-10 13:54:15,376 [pool-599-thread-1] INFO  server.RaftServerConfigKeys (ConfUtils.java:logGet(43)) - raft.server.log.use.memory = false (default)
2019-10-10 13:54:15,376 [pool-599-thread-1] INFO  server.RaftServerConfigKeys (ConfUtils.java:logGet(43)) - raft.server.log.purge.gap = 1000000 (custom)
2019-10-10 13:54:15,376 [pool-599-thread-1] INFO  server.RaftServerConfigKeys (ConfUtils.java:logGet(43)) - raft.server.log.appender.buffer.byte-limit = 33554432 (custom)
2019-10-10 13:54:15,377 [pool-599-thread-1] INFO  server.RaftServerConfigKeys (ConfUtils.java:logGet(43)) - raft.server.log.segment.size.max = 1048576 (custom)
2019-10-10 13:54:15,379 [pool-599-thread-1] INFO  server.RaftServerConfigKeys (ConfUtils.java:logGet(43)) - raft.server.log.segment.cache.num.max = 2 (custom)
2019-10-10 13:54:15,379 [pool-599-thread-1] INFO  segmented.SegmentedRaftLogWorker (SegmentedRaftLogWorker.java:<init>(173)) - new 54a8b3b1-cb59-4956-9183-4f9844315b90@group-BAE3A538B5F4-SegmentedRaftLogWorker for RaftStorage:Storage Directory /workdir/hadoop-ozone/integration-test/target/test-dir/MiniOzoneClusterImpl-94337b2b-47d0-4fc3-ad18-0e9fb5ac94e5/datanode-1/data/ratis/3d913251-46ac-43ed-90eb-bae3a538b5f4
2019-10-10 13:54:15,379 [pool-599-thread-1] INFO  server.RaftServerConfigKeys (ConfUtils.java:logGet(43)) - raft.server.log.queue.byte-limit = 2147483647 (custom)
2019-10-10 13:54:15,379 [pool-599-thread-1] INFO  server.RaftServerConfigKeys (ConfUtils.java:logGet(43)) - raft.server.log.queue.element-limit = 1024 (custom)
2019-10-10 13:54:15,380 [pool-599-thread-1] INFO  server.RaftServerConfigKeys (ConfUtils.java:logGet(43)) - raft.server.log.segment.size.max = 1048576 (custom)
2019-10-10 13:54:15,380 [pool-599-thread-1] INFO  server.RaftServerConfigKeys (ConfUtils.java:logGet(43)) - raft.server.log.preallocated.size = 16384 (custom)
2019-10-10 13:54:15,380 [pool-599-thread-1] INFO  server.RaftServerConfigKeys (ConfUtils.java:logGet(43)) - raft.server.log.write.buffer.size = 33554432 (custom)
2019-10-10 13:54:15,380 [pool-599-thread-1] INFO  server.RaftServerConfigKeys (ConfUtils.java:logGet(43)) - raft.server.log.force.sync.num = 128 (default)
2019-10-10 13:54:15,380 [pool-599-thread-1] INFO  server.RaftServerConfigKeys (ConfUtils.java:logGet(43)) - raft.server.log.statemachine.data.sync = true (default)
2019-10-10 13:54:15,380 [pool-599-thread-1] INFO  server.RaftServerConfigKeys (ConfUtils.java:logGet(43)) - raft.server.log.statemachine.data.sync.timeout = 10s (default)
2019-10-10 13:54:15,381 [pool-599-thread-1] INFO  server.RaftServerConfigKeys (ConfUtils.java:logGet(43)) - raft.server.log.statemachine.data.sync.timeout.retry = -1 (default)
2019-10-10 13:54:15,381 [pool-599-thread-1] INFO  server.RaftServerConfigKeys (ConfUtils.java:logGet(43)) - raft.server.log.statemachine.data.caching.enabled = true (custom)
2019-10-10 13:54:15,381 [pool-599-thread-1] INFO  segmented.SegmentedRaftLogWorker (SegmentedRaftLogWorker.java:lambda$new$0(128)) - 54a8b3b1-cb59-4956-9183-4f9844315b90@group-BAE3A538B5F4-SegmentedRaftLogWorker: flushIndex: setUnconditionally 0 -> -1
2019-10-10 13:54:15,382 [pool-599-thread-1] INFO  server.RaftServerConfigKeys (ConfUtils.java:logGet(43)) - raft.server.snapshot.auto.trigger.enabled = true (custom)
2019-10-10 13:54:15,382 [pool-599-thread-1] INFO  server.RaftServerConfigKeys (ConfUtils.java:logGet(43)) - raft.server.snapshot.auto.trigger.threshold = 10000 (custom)
2019-10-10 13:54:15,382 [pool-599-thread-1] INFO  server.RaftServerConfigKeys (ConfUtils.java:logGet(43)) - raft.server.snapshot.retention.file.num = 5 (custom)
2019-10-10 13:54:15,382 [pool-599-thread-1] INFO  server.RaftServerConfigKeys (ConfUtils.java:logGet(43)) - raft.server.retrycache.expirytime = 600000ms (custom)
2019-10-10 13:54:15,384 [IPC Server handler 2 on 40949] INFO  net.NetworkTopology (NetworkTopologyImpl.java:add(111)) - Added a new node: /default-rack/cd1234b5-0de1-4fd3-b9d5-d50083d3c43c
2019-10-10 13:54:15,385 [pool-599-thread-1] INFO  impl.RaftServerImpl (RaftServerImpl.java:start(181)) - 54a8b3b1-cb59-4956-9183-4f9844315b90@group-BAE3A538B5F4: start as a follower, conf=-1: [54a8b3b1-cb59-4956-9183-4f9844315b90:192.168.164.230:43616], old=null
2019-10-10 13:54:15,385 [IPC Server handler 2 on 40949] INFO  node.SCMNodeManager (SCMNodeManager.java:register(268)) - Registered Data node : cd1234b5-0de1-4fd3-b9d5-d50083d3c43c{ip: 192.168.164.230, host: pr-hdds-2280-tn9v7-3755420433, networkLocation: /default-rack, certSerialId: null}
2019-10-10 13:54:15,385 [pool-599-thread-1] INFO  impl.RaftServerImpl (RaftServerImpl.java:setRole(170)) - 54a8b3b1-cb59-4956-9183-4f9844315b90@group-BAE3A538B5F4: changes role from      null to FOLLOWER at term 0 for startAsFollower
2019-10-10 13:54:15,385 [pool-599-thread-1] INFO  impl.RoleInfo (RoleInfo.java:updateAndGet(143)) - 54a8b3b1-cb59-4956-9183-4f9844315b90: start FollowerState
2019-10-10 13:54:15,385 [pool-599-thread-1] INFO  util.JmxRegister (JmxRegister.java:tryRegister(44)) - Successfully registered JMX Bean with object name Ratis:service=RaftServer,group=group-BAE3A538B5F4,id=54a8b3b1-cb59-4956-9183-4f9844315b90
2019-10-10 13:54:15,389 [RatisPipelineUtilsThread] INFO  pipeline.PipelineStateManager (PipelineStateManager.java:addPipeline(56)) - Created pipeline Pipeline[ Id: 3d913251-46ac-43ed-90eb-bae3a538b5f4, Nodes: 54a8b3b1-cb59-4956-9183-4f9844315b90{ip: 192.168.164.230, host: pr-hdds-2280-tn9v7-3755420433, networkLocation: /default-rack, certSerialId: null}, Type:RATIS, Factor:ONE, State:OPEN]
2019-10-10 13:54:15,395 [grpc-default-executor-5] INFO  impl.RaftServerProxy (RaftServerProxy.java:addNew(89)) - cd1234b5-0de1-4fd3-b9d5-d50083d3c43c: addNew group-1A373295362F:[cd1234b5-0de1-4fd3-b9d5-d50083d3c43c:192.168.164.230:45782] returns group-1A373295362F:java.util.concurrent.CompletableFuture@33ed5938[Not completed]
2019-10-10 13:54:15,397 [pool-609-thread-1] INFO  impl.RaftServerImpl (RaftServerImpl.java:<init>(95)) - cd1234b5-0de1-4fd3-b9d5-d50083d3c43c: new RaftServerImpl for group-1A373295362F:[cd1234b5-0de1-4fd3-b9d5-d50083d3c43c:192.168.164.230:45782] with ContainerStateMachine:uninitialized
2019-10-10 13:54:15,397 [pool-609-thread-1] INFO  server.RaftServerConfigKeys (ConfUtils.java:logGet(43)) - raft.server.rpc.timeout.min = 5s (custom)
2019-10-10 13:54:15,397 [pool-609-thread-1] INFO  server.RaftServerConfigKeys (ConfUtils.java:logGet(43)) - raft.server.rpc.timeout.max = 5200ms (custom)
2019-10-10 13:54:15,397 [pool-609-thread-1] INFO  server.RaftServerConfigKeys (ConfUtils.java:logGet(43)) - raft.server.rpcslowness.timeout = 120s (custom)
2019-10-10 13:54:15,397 [pool-609-thread-1] INFO  server.RaftServerConfigKeys (ConfUtils.java:logGet(43)) - raft.server.sleep.deviation.threshold = 300 (default)
2019-10-10 13:54:15,398 [pool-609-thread-1] INFO  server.RaftServerConfigKeys (ConfUtils.java:logGet(43)) - raft.server.log.appender.install.snapshot.enabled = false (custom)
2019-10-10 13:54:15,398 [pool-609-thread-1] INFO  impl.RaftServerImpl (ServerState.java:<init>(103)) - cd1234b5-0de1-4fd3-b9d5-d50083d3c43c@group-1A373295362F: ConfigurationManager, init=-1: [cd1234b5-0de1-4fd3-b9d5-d50083d3c43c:192.168.164.230:45782], old=null, confs=<EMPTY_MAP>
2019-10-10 13:54:15,398 [pool-609-thread-1] INFO  server.RaftServerConfigKeys (ConfUtils.java:logGet(43)) - raft.server.storage.dir = [/workdir/hadoop-ozone/integration-test/target/test-dir/MiniOzoneClusterImpl-94337b2b-47d0-4fc3-ad18-0e9fb5ac94e5/datanode-2/data/ratis] (custom)
2019-10-10 13:54:15,398 [pool-609-thread-1] INFO  server.RaftServerConfigKeys (ConfUtils.java:logGet(43)) - raft.server.log.corruption.policy = EXCEPTION (default)
2019-10-10 13:54:15,398 [pool-609-thread-1] INFO  storage.RaftStorageDirectory (RaftStorageDirectory.java:analyzeStorage(246)) - The storage directory /workdir/hadoop-ozone/integration-test/target/test-dir/MiniOzoneClusterImpl-94337b2b-47d0-4fc3-ad18-0e9fb5ac94e5/datanode-2/data/ratis/8dc81480-09d2-43cb-85c0-1a373295362f does not exist. Creating ...
2019-10-10 13:54:15,411 [pool-609-thread-1] INFO  storage.RaftStorageDirectory (RaftStorageDirectory.java:tryLock(328)) - Lock on /workdir/hadoop-ozone/integration-test/target/test-dir/MiniOzoneClusterImpl-94337b2b-47d0-4fc3-ad18-0e9fb5ac94e5/datanode-2/data/ratis/8dc81480-09d2-43cb-85c0-1a373295362f/in_use.lock acquired by nodename 15153@pr-hdds-2280-tn9v7-3755420433
2019-10-10 13:54:15,424 [pool-609-thread-1] INFO  storage.RaftStorage (RaftStorage.java:format(84)) - Storage directory /workdir/hadoop-ozone/integration-test/target/test-dir/MiniOzoneClusterImpl-94337b2b-47d0-4fc3-ad18-0e9fb5ac94e5/datanode-2/data/ratis/8dc81480-09d2-43cb-85c0-1a373295362f has been successfully formatted.
2019-10-10 13:54:15,424 [pool-609-thread-1] INFO  ratis.ContainerStateMachine (ContainerStateMachine.java:loadSnapshot(231)) - group-1A373295362F: The snapshot info is null. Setting the last applied indexto:(t:0, i:~)
2019-10-10 13:54:15,424 [pool-609-thread-1] INFO  server.RaftServerConfigKeys (ConfUtils.java:logGet(43)) - raft.server.notification.no-leader.timeout = 120s (custom)
2019-10-10 13:54:15,424 [pool-609-thread-1] INFO  server.RaftServerConfigKeys (ConfUtils.java:logGet(43)) - raft.server.log.use.memory = false (default)
2019-10-10 13:54:15,424 [pool-609-thread-1] INFO  server.RaftServerConfigKeys (ConfUtils.java:logGet(43)) - raft.server.log.purge.gap = 1000000 (custom)
2019-10-10 13:54:15,424 [pool-609-thread-1] INFO  server.RaftServerConfigKeys (ConfUtils.java:logGet(43)) - raft.server.log.appender.buffer.byte-limit = 33554432 (custom)
2019-10-10 13:54:15,424 [pool-609-thread-1] INFO  server.RaftServerConfigKeys (ConfUtils.java:logGet(43)) - raft.server.log.segment.size.max = 1048576 (custom)
2019-10-10 13:54:15,426 [pool-609-thread-1] INFO  server.RaftServerConfigKeys (ConfUtils.java:logGet(43)) - raft.server.log.segment.cache.num.max = 2 (custom)
2019-10-10 13:54:15,426 [pool-609-thread-1] INFO  segmented.SegmentedRaftLogWorker (SegmentedRaftLogWorker.java:<init>(173)) - new cd1234b5-0de1-4fd3-b9d5-d50083d3c43c@group-1A373295362F-SegmentedRaftLogWorker for RaftStorage:Storage Directory /workdir/hadoop-ozone/integration-test/target/test-dir/MiniOzoneClusterImpl-94337b2b-47d0-4fc3-ad18-0e9fb5ac94e5/datanode-2/data/ratis/8dc81480-09d2-43cb-85c0-1a373295362f
2019-10-10 13:54:15,426 [pool-609-thread-1] INFO  server.RaftServerConfigKeys (ConfUtils.java:logGet(43)) - raft.server.log.queue.byte-limit = 2147483647 (custom)
2019-10-10 13:54:15,426 [pool-609-thread-1] INFO  server.RaftServerConfigKeys (ConfUtils.java:logGet(43)) - raft.server.log.queue.element-limit = 1024 (custom)
2019-10-10 13:54:15,426 [pool-609-thread-1] INFO  server.RaftServerConfigKeys (ConfUtils.java:logGet(43)) - raft.server.log.segment.size.max = 1048576 (custom)
2019-10-10 13:54:15,426 [pool-609-thread-1] INFO  server.RaftServerConfigKeys (ConfUtils.java:logGet(43)) - raft.server.log.preallocated.size = 16384 (custom)
2019-10-10 13:54:15,426 [pool-609-thread-1] INFO  server.RaftServerConfigKeys (ConfUtils.java:logGet(43)) - raft.server.log.write.buffer.size = 33554432 (custom)
2019-10-10 13:54:15,427 [pool-609-thread-1] INFO  server.RaftServerConfigKeys (ConfUtils.java:logGet(43)) - raft.server.log.force.sync.num = 128 (default)
2019-10-10 13:54:15,427 [pool-609-thread-1] INFO  server.RaftServerConfigKeys (ConfUtils.java:logGet(43)) - raft.server.log.statemachine.data.sync = true (default)
2019-10-10 13:54:15,427 [pool-609-thread-1] INFO  server.RaftServerConfigKeys (ConfUtils.java:logGet(43)) - raft.server.log.statemachine.data.sync.timeout = 10s (default)
2019-10-10 13:54:15,427 [pool-609-thread-1] INFO  server.RaftServerConfigKeys (ConfUtils.java:logGet(43)) - raft.server.log.statemachine.data.sync.timeout.retry = -1 (default)
2019-10-10 13:54:15,427 [pool-609-thread-1] INFO  server.RaftServerConfigKeys (ConfUtils.java:logGet(43)) - raft.server.log.statemachine.data.caching.enabled = true (custom)
2019-10-10 13:54:15,427 [pool-609-thread-1] INFO  segmented.SegmentedRaftLogWorker (SegmentedRaftLogWorker.java:lambda$new$0(128)) - cd1234b5-0de1-4fd3-b9d5-d50083d3c43c@group-1A373295362F-SegmentedRaftLogWorker: flushIndex: setUnconditionally 0 -> -1
2019-10-10 13:54:15,428 [pool-609-thread-1] INFO  server.RaftServerConfigKeys (ConfUtils.java:logGet(43)) - raft.server.snapshot.auto.trigger.enabled = true (custom)
2019-10-10 13:54:15,428 [pool-609-thread-1] INFO  server.RaftServerConfigKeys (ConfUtils.java:logGet(43)) - raft.server.snapshot.auto.trigger.threshold = 10000 (custom)
2019-10-10 13:54:15,428 [pool-609-thread-1] INFO  server.RaftServerConfigKeys (ConfUtils.java:logGet(43)) - raft.server.snapshot.retention.file.num = 5 (custom)
2019-10-10 13:54:15,428 [pool-609-thread-1] INFO  server.RaftServerConfigKeys (ConfUtils.java:logGet(43)) - raft.server.retrycache.expirytime = 600000ms (custom)
2019-10-10 13:54:15,429 [pool-609-thread-1] INFO  impl.RaftServerImpl (RaftServerImpl.java:start(181)) - cd1234b5-0de1-4fd3-b9d5-d50083d3c43c@group-1A373295362F: start as a follower, conf=-1: [cd1234b5-0de1-4fd3-b9d5-d50083d3c43c:192.168.164.230:45782], old=null
2019-10-10 13:54:15,430 [pool-609-thread-1] INFO  impl.RaftServerImpl (RaftServerImpl.java:setRole(170)) - cd1234b5-0de1-4fd3-b9d5-d50083d3c43c@group-1A373295362F: changes role from      null to FOLLOWER at term 0 for startAsFollower
2019-10-10 13:54:15,430 [pool-609-thread-1] INFO  impl.RoleInfo (RoleInfo.java:updateAndGet(143)) - cd1234b5-0de1-4fd3-b9d5-d50083d3c43c: start FollowerState
2019-10-10 13:54:15,430 [pool-609-thread-1] INFO  util.JmxRegister (JmxRegister.java:tryRegister(44)) - Successfully registered JMX Bean with object name Ratis:service=RaftServer,group=group-1A373295362F,id=cd1234b5-0de1-4fd3-b9d5-d50083d3c43c
2019-10-10 13:54:15,433 [RatisPipelineUtilsThread] INFO  pipeline.PipelineStateManager (PipelineStateManager.java:addPipeline(56)) - Created pipeline Pipeline[ Id: 8dc81480-09d2-43cb-85c0-1a373295362f, Nodes: cd1234b5-0de1-4fd3-b9d5-d50083d3c43c{ip: 192.168.164.230, host: pr-hdds-2280-tn9v7-3755420433, networkLocation: /default-rack, certSerialId: null}, Type:RATIS, Factor:ONE, State:OPEN]
2019-10-10 13:54:15,444 [grpc-default-executor-8] INFO  impl.RaftServerProxy (RaftServerProxy.java:addNew(89)) - 54a8b3b1-cb59-4956-9183-4f9844315b90: addNew group-2E211A40073F:[54a8b3b1-cb59-4956-9183-4f9844315b90:192.168.164.230:43616, cd1234b5-0de1-4fd3-b9d5-d50083d3c43c:192.168.164.230:45782, eb8bd58c-94df-4b53-a658-943c19ea9612:192.168.164.230:32970] returns group-2E211A40073F:java.util.concurrent.CompletableFuture@7097c3dc[Not completed]
2019-10-10 13:54:15,444 [grpc-default-executor-9] INFO  impl.RaftServerProxy (RaftServerProxy.java:addNew(89)) - eb8bd58c-94df-4b53-a658-943c19ea9612: addNew group-2E211A40073F:[54a8b3b1-cb59-4956-9183-4f9844315b90:192.168.164.230:43616, cd1234b5-0de1-4fd3-b9d5-d50083d3c43c:192.168.164.230:45782, eb8bd58c-94df-4b53-a658-943c19ea9612:192.168.164.230:32970] returns group-2E211A40073F:java.util.concurrent.CompletableFuture@3c1f9765[Not completed]
2019-10-10 13:54:15,444 [grpc-default-executor-9] INFO  impl.RaftServerProxy (RaftServerProxy.java:addNew(89)) - cd1234b5-0de1-4fd3-b9d5-d50083d3c43c: addNew group-2E211A40073F:[54a8b3b1-cb59-4956-9183-4f9844315b90:192.168.164.230:43616, cd1234b5-0de1-4fd3-b9d5-d50083d3c43c:192.168.164.230:45782, eb8bd58c-94df-4b53-a658-943c19ea9612:192.168.164.230:32970] returns group-2E211A40073F:java.util.concurrent.CompletableFuture@ef849ac[Not completed]
2019-10-10 13:54:15,445 [pool-599-thread-1] INFO  impl.RaftServerImpl (RaftServerImpl.java:<init>(95)) - 54a8b3b1-cb59-4956-9183-4f9844315b90: new RaftServerImpl for group-2E211A40073F:[54a8b3b1-cb59-4956-9183-4f9844315b90:192.168.164.230:43616, cd1234b5-0de1-4fd3-b9d5-d50083d3c43c:192.168.164.230:45782, eb8bd58c-94df-4b53-a658-943c19ea9612:192.168.164.230:32970] with ContainerStateMachine:uninitialized
2019-10-10 13:54:15,445 [pool-599-thread-1] INFO  server.RaftServerConfigKeys (ConfUtils.java:logGet(43)) - raft.server.rpc.timeout.min = 5s (custom)
2019-10-10 13:54:15,445 [pool-599-thread-1] INFO  server.RaftServerConfigKeys (ConfUtils.java:logGet(43)) - raft.server.rpc.timeout.max = 5200ms (custom)
2019-10-10 13:54:15,445 [pool-599-thread-1] INFO  server.RaftServerConfigKeys (ConfUtils.java:logGet(43)) - raft.server.rpcslowness.timeout = 120s (custom)
2019-10-10 13:54:15,445 [pool-599-thread-1] INFO  server.RaftServerConfigKeys (ConfUtils.java:logGet(43)) - raft.server.sleep.deviation.threshold = 300 (default)
2019-10-10 13:54:15,445 [pool-599-thread-1] INFO  server.RaftServerConfigKeys (ConfUtils.java:logGet(43)) - raft.server.log.appender.install.snapshot.enabled = false (custom)
2019-10-10 13:54:15,446 [pool-599-thread-1] INFO  impl.RaftServerImpl (ServerState.java:<init>(103)) - 54a8b3b1-cb59-4956-9183-4f9844315b90@group-2E211A40073F: ConfigurationManager, init=-1: [54a8b3b1-cb59-4956-9183-4f9844315b90:192.168.164.230:43616, cd1234b5-0de1-4fd3-b9d5-d50083d3c43c:192.168.164.230:45782, eb8bd58c-94df-4b53-a658-943c19ea9612:192.168.164.230:32970], old=null, confs=<EMPTY_MAP>
2019-10-10 13:54:15,446 [pool-599-thread-1] INFO  server.RaftServerConfigKeys (ConfUtils.java:logGet(43)) - raft.server.storage.dir = [/workdir/hadoop-ozone/integration-test/target/test-dir/MiniOzoneClusterImpl-94337b2b-47d0-4fc3-ad18-0e9fb5ac94e5/datanode-1/data/ratis] (custom)
2019-10-10 13:54:15,446 [pool-609-thread-1] INFO  impl.RaftServerImpl (RaftServerImpl.java:<init>(95)) - cd1234b5-0de1-4fd3-b9d5-d50083d3c43c: new RaftServerImpl for group-2E211A40073F:[54a8b3b1-cb59-4956-9183-4f9844315b90:192.168.164.230:43616, cd1234b5-0de1-4fd3-b9d5-d50083d3c43c:192.168.164.230:45782, eb8bd58c-94df-4b53-a658-943c19ea9612:192.168.164.230:32970] with ContainerStateMachine:uninitialized
2019-10-10 13:54:15,446 [pool-599-thread-1] INFO  server.RaftServerConfigKeys (ConfUtils.java:logGet(43)) - raft.server.log.corruption.policy = EXCEPTION (default)
2019-10-10 13:54:15,446 [pool-609-thread-1] INFO  server.RaftServerConfigKeys (ConfUtils.java:logGet(43)) - raft.server.rpc.timeout.min = 5s (custom)
2019-10-10 13:54:15,446 [pool-589-thread-1] INFO  impl.RaftServerImpl (RaftServerImpl.java:<init>(95)) - eb8bd58c-94df-4b53-a658-943c19ea9612: new RaftServerImpl for group-2E211A40073F:[54a8b3b1-cb59-4956-9183-4f9844315b90:192.168.164.230:43616, cd1234b5-0de1-4fd3-b9d5-d50083d3c43c:192.168.164.230:45782, eb8bd58c-94df-4b53-a658-943c19ea9612:192.168.164.230:32970] with ContainerStateMachine:uninitialized
2019-10-10 13:54:15,446 [pool-609-thread-1] INFO  server.RaftServerConfigKeys (ConfUtils.java:logGet(43)) - raft.server.rpc.timeout.max = 5200ms (custom)
2019-10-10 13:54:15,446 [pool-599-thread-1] INFO  storage.RaftStorageDirectory (RaftStorageDirectory.java:analyzeStorage(246)) - The storage directory /workdir/hadoop-ozone/integration-test/target/test-dir/MiniOzoneClusterImpl-94337b2b-47d0-4fc3-ad18-0e9fb5ac94e5/datanode-1/data/ratis/9d24df39-e9ac-42ac-b6f1-2e211a40073f does not exist. Creating ...
2019-10-10 13:54:15,447 [pool-609-thread-1] INFO  server.RaftServerConfigKeys (ConfUtils.java:logGet(43)) - raft.server.rpcslowness.timeout = 120s (custom)
2019-10-10 13:54:15,446 [pool-589-thread-1] INFO  server.RaftServerConfigKeys (ConfUtils.java:logGet(43)) - raft.server.rpc.timeout.min = 5s (custom)
2019-10-10 13:54:15,447 [pool-609-thread-1] INFO  server.RaftServerConfigKeys (ConfUtils.java:logGet(43)) - raft.server.sleep.deviation.threshold = 300 (default)
2019-10-10 13:54:15,447 [pool-589-thread-1] INFO  server.RaftServerConfigKeys (ConfUtils.java:logGet(43)) - raft.server.rpc.timeout.max = 5200ms (custom)
2019-10-10 13:54:15,447 [pool-609-thread-1] INFO  server.RaftServerConfigKeys (ConfUtils.java:logGet(43)) - raft.server.log.appender.install.snapshot.enabled = false (custom)
2019-10-10 13:54:15,447 [pool-589-thread-1] INFO  server.RaftServerConfigKeys (ConfUtils.java:logGet(43)) - raft.server.rpcslowness.timeout = 120s (custom)
2019-10-10 13:54:15,447 [pool-609-thread-1] INFO  impl.RaftServerImpl (ServerState.java:<init>(103)) - cd1234b5-0de1-4fd3-b9d5-d50083d3c43c@group-2E211A40073F: ConfigurationManager, init=-1: [54a8b3b1-cb59-4956-9183-4f9844315b90:192.168.164.230:43616, cd1234b5-0de1-4fd3-b9d5-d50083d3c43c:192.168.164.230:45782, eb8bd58c-94df-4b53-a658-943c19ea9612:192.168.164.230:32970], old=null, confs=<EMPTY_MAP>
2019-10-10 13:54:15,447 [pool-589-thread-1] INFO  server.RaftServerConfigKeys (ConfUtils.java:logGet(43)) - raft.server.sleep.deviation.threshold = 300 (default)
2019-10-10 13:54:15,448 [pool-609-thread-1] INFO  server.RaftServerConfigKeys (ConfUtils.java:logGet(43)) - raft.server.storage.dir = [/workdir/hadoop-ozone/integration-test/target/test-dir/MiniOzoneClusterImpl-94337b2b-47d0-4fc3-ad18-0e9fb5ac94e5/datanode-2/data/ratis] (custom)
2019-10-10 13:54:15,448 [pool-589-thread-1] INFO  server.RaftServerConfigKeys (ConfUtils.java:logGet(43)) - raft.server.log.appender.install.snapshot.enabled = false (custom)
2019-10-10 13:54:15,448 [pool-589-thread-1] INFO  impl.RaftServerImpl (ServerState.java:<init>(103)) - eb8bd58c-94df-4b53-a658-943c19ea9612@group-2E211A40073F: ConfigurationManager, init=-1: [54a8b3b1-cb59-4956-9183-4f9844315b90:192.168.164.230:43616, cd1234b5-0de1-4fd3-b9d5-d50083d3c43c:192.168.164.230:45782, eb8bd58c-94df-4b53-a658-943c19ea9612:192.168.164.230:32970], old=null, confs=<EMPTY_MAP>
2019-10-10 13:54:15,448 [pool-589-thread-1] INFO  server.RaftServerConfigKeys (ConfUtils.java:logGet(43)) - raft.server.storage.dir = [/workdir/hadoop-ozone/integration-test/target/test-dir/MiniOzoneClusterImpl-94337b2b-47d0-4fc3-ad18-0e9fb5ac94e5/datanode-0/data/ratis] (custom)
2019-10-10 13:54:15,448 [pool-609-thread-1] INFO  server.RaftServerConfigKeys (ConfUtils.java:logGet(43)) - raft.server.log.corruption.policy = EXCEPTION (default)
2019-10-10 13:54:15,448 [pool-589-thread-1] INFO  server.RaftServerConfigKeys (ConfUtils.java:logGet(43)) - raft.server.log.corruption.policy = EXCEPTION (default)
2019-10-10 13:54:15,448 [pool-609-thread-1] INFO  storage.RaftStorageDirectory (RaftStorageDirectory.java:analyzeStorage(246)) - The storage directory /workdir/hadoop-ozone/integration-test/target/test-dir/MiniOzoneClusterImpl-94337b2b-47d0-4fc3-ad18-0e9fb5ac94e5/datanode-2/data/ratis/9d24df39-e9ac-42ac-b6f1-2e211a40073f does not exist. Creating ...
2019-10-10 13:54:15,448 [pool-589-thread-1] INFO  storage.RaftStorageDirectory (RaftStorageDirectory.java:analyzeStorage(246)) - The storage directory /workdir/hadoop-ozone/integration-test/target/test-dir/MiniOzoneClusterImpl-94337b2b-47d0-4fc3-ad18-0e9fb5ac94e5/datanode-0/data/ratis/9d24df39-e9ac-42ac-b6f1-2e211a40073f does not exist. Creating ...
2019-10-10 13:54:15,454 [IPC Server handler 0 on 40949] INFO  net.NetworkTopology (NetworkTopologyImpl.java:add(111)) - Added a new node: /default-rack/879d252b-2a05-4827-9377-7fbe1b4b2325
2019-10-10 13:54:15,454 [IPC Server handler 0 on 40949] INFO  node.SCMNodeManager (SCMNodeManager.java:register(268)) - Registered Data node : 879d252b-2a05-4827-9377-7fbe1b4b2325{ip: 192.168.164.230, host: pr-hdds-2280-tn9v7-3755420433, networkLocation: /default-rack, certSerialId: null}
2019-10-10 13:54:15,460 [pool-589-thread-1] INFO  storage.RaftStorageDirectory (RaftStorageDirectory.java:tryLock(328)) - Lock on /workdir/hadoop-ozone/integration-test/target/test-dir/MiniOzoneClusterImpl-94337b2b-47d0-4fc3-ad18-0e9fb5ac94e5/datanode-0/data/ratis/9d24df39-e9ac-42ac-b6f1-2e211a40073f/in_use.lock acquired by nodename 15153@pr-hdds-2280-tn9v7-3755420433
2019-10-10 13:54:15,460 [pool-599-thread-1] INFO  storage.RaftStorageDirectory (RaftStorageDirectory.java:tryLock(328)) - Lock on /workdir/hadoop-ozone/integration-test/target/test-dir/MiniOzoneClusterImpl-94337b2b-47d0-4fc3-ad18-0e9fb5ac94e5/datanode-1/data/ratis/9d24df39-e9ac-42ac-b6f1-2e211a40073f/in_use.lock acquired by nodename 15153@pr-hdds-2280-tn9v7-3755420433
2019-10-10 13:54:15,460 [pool-609-thread-1] INFO  storage.RaftStorageDirectory (RaftStorageDirectory.java:tryLock(328)) - Lock on /workdir/hadoop-ozone/integration-test/target/test-dir/MiniOzoneClusterImpl-94337b2b-47d0-4fc3-ad18-0e9fb5ac94e5/datanode-2/data/ratis/9d24df39-e9ac-42ac-b6f1-2e211a40073f/in_use.lock acquired by nodename 15153@pr-hdds-2280-tn9v7-3755420433
2019-10-10 13:54:15,473 [pool-589-thread-1] INFO  storage.RaftStorage (RaftStorage.java:format(84)) - Storage directory /workdir/hadoop-ozone/integration-test/target/test-dir/MiniOzoneClusterImpl-94337b2b-47d0-4fc3-ad18-0e9fb5ac94e5/datanode-0/data/ratis/9d24df39-e9ac-42ac-b6f1-2e211a40073f has been successfully formatted.
2019-10-10 13:54:15,473 [pool-609-thread-1] INFO  storage.RaftStorage (RaftStorage.java:format(84)) - Storage directory /workdir/hadoop-ozone/integration-test/target/test-dir/MiniOzoneClusterImpl-94337b2b-47d0-4fc3-ad18-0e9fb5ac94e5/datanode-2/data/ratis/9d24df39-e9ac-42ac-b6f1-2e211a40073f has been successfully formatted.
2019-10-10 13:54:15,473 [pool-599-thread-1] INFO  storage.RaftStorage (RaftStorage.java:format(84)) - Storage directory /workdir/hadoop-ozone/integration-test/target/test-dir/MiniOzoneClusterImpl-94337b2b-47d0-4fc3-ad18-0e9fb5ac94e5/datanode-1/data/ratis/9d24df39-e9ac-42ac-b6f1-2e211a40073f has been successfully formatted.
2019-10-10 13:54:15,473 [pool-589-thread-1] INFO  ratis.ContainerStateMachine (ContainerStateMachine.java:loadSnapshot(231)) - group-2E211A40073F: The snapshot info is null. Setting the last applied indexto:(t:0, i:~)
2019-10-10 13:54:15,474 [pool-609-thread-1] INFO  ratis.ContainerStateMachine (ContainerStateMachine.java:loadSnapshot(231)) - group-2E211A40073F: The snapshot info is null. Setting the last applied indexto:(t:0, i:~)
2019-10-10 13:54:15,474 [pool-589-thread-1] INFO  server.RaftServerConfigKeys (ConfUtils.java:logGet(43)) - raft.server.notification.no-leader.timeout = 120s (custom)
2019-10-10 13:54:15,474 [pool-609-thread-1] INFO  server.RaftServerConfigKeys (ConfUtils.java:logGet(43)) - raft.server.notification.no-leader.timeout = 120s (custom)
2019-10-10 13:54:15,474 [pool-589-thread-1] INFO  server.RaftServerConfigKeys (ConfUtils.java:logGet(43)) - raft.server.log.use.memory = false (default)
2019-10-10 13:54:15,474 [pool-609-thread-1] INFO  server.RaftServerConfigKeys (ConfUtils.java:logGet(43)) - raft.server.log.use.memory = false (default)
2019-10-10 13:54:15,474 [pool-589-thread-1] INFO  server.RaftServerConfigKeys (ConfUtils.java:logGet(43)) - raft.server.log.purge.gap = 1000000 (custom)
2019-10-10 13:54:15,474 [pool-609-thread-1] INFO  server.RaftServerConfigKeys (ConfUtils.java:logGet(43)) - raft.server.log.purge.gap = 1000000 (custom)
2019-10-10 13:54:15,474 [pool-589-thread-1] INFO  server.RaftServerConfigKeys (ConfUtils.java:logGet(43)) - raft.server.log.appender.buffer.byte-limit = 33554432 (custom)
2019-10-10 13:54:15,474 [pool-599-thread-1] INFO  ratis.ContainerStateMachine (ContainerStateMachine.java:loadSnapshot(231)) - group-2E211A40073F: The snapshot info is null. Setting the last applied indexto:(t:0, i:~)
2019-10-10 13:54:15,474 [pool-609-thread-1] INFO  server.RaftServerConfigKeys (ConfUtils.java:logGet(43)) - raft.server.log.appender.buffer.byte-limit = 33554432 (custom)
2019-10-10 13:54:15,475 [pool-599-thread-1] INFO  server.RaftServerConfigKeys (ConfUtils.java:logGet(43)) - raft.server.notification.no-leader.timeout = 120s (custom)
2019-10-10 13:54:15,475 [pool-589-thread-1] INFO  server.RaftServerConfigKeys (ConfUtils.java:logGet(43)) - raft.server.log.segment.size.max = 1048576 (custom)
2019-10-10 13:54:15,475 [pool-599-thread-1] INFO  server.RaftServerConfigKeys (ConfUtils.java:logGet(43)) - raft.server.log.use.memory = false (default)
2019-10-10 13:54:15,475 [pool-609-thread-1] INFO  server.RaftServerConfigKeys (ConfUtils.java:logGet(43)) - raft.server.log.segment.size.max = 1048576 (custom)
2019-10-10 13:54:15,475 [pool-599-thread-1] INFO  server.RaftServerConfigKeys (ConfUtils.java:logGet(43)) - raft.server.log.purge.gap = 1000000 (custom)
2019-10-10 13:54:15,475 [pool-589-thread-1] INFO  server.RaftServerConfigKeys (ConfUtils.java:logGet(43)) - raft.server.log.segment.cache.num.max = 2 (custom)
2019-10-10 13:54:15,475 [pool-599-thread-1] INFO  server.RaftServerConfigKeys (ConfUtils.java:logGet(43)) - raft.server.log.appender.buffer.byte-limit = 33554432 (custom)
2019-10-10 13:54:15,475 [pool-609-thread-1] INFO  server.RaftServerConfigKeys (ConfUtils.java:logGet(43)) - raft.server.log.segment.cache.num.max = 2 (custom)
2019-10-10 13:54:15,476 [pool-599-thread-1] INFO  server.RaftServerConfigKeys (ConfUtils.java:logGet(43)) - raft.server.log.segment.size.max = 1048576 (custom)
2019-10-10 13:54:15,475 [pool-589-thread-1] INFO  segmented.SegmentedRaftLogWorker (SegmentedRaftLogWorker.java:<init>(173)) - new eb8bd58c-94df-4b53-a658-943c19ea9612@group-2E211A40073F-SegmentedRaftLogWorker for RaftStorage:Storage Directory /workdir/hadoop-ozone/integration-test/target/test-dir/MiniOzoneClusterImpl-94337b2b-47d0-4fc3-ad18-0e9fb5ac94e5/datanode-0/data/ratis/9d24df39-e9ac-42ac-b6f1-2e211a40073f
2019-10-10 13:54:15,476 [pool-599-thread-1] INFO  server.RaftServerConfigKeys (ConfUtils.java:logGet(43)) - raft.server.log.segment.cache.num.max = 2 (custom)
2019-10-10 13:54:15,476 [pool-609-thread-1] INFO  segmented.SegmentedRaftLogWorker (SegmentedRaftLogWorker.java:<init>(173)) - new cd1234b5-0de1-4fd3-b9d5-d50083d3c43c@group-2E211A40073F-SegmentedRaftLogWorker for RaftStorage:Storage Directory /workdir/hadoop-ozone/integration-test/target/test-dir/MiniOzoneClusterImpl-94337b2b-47d0-4fc3-ad18-0e9fb5ac94e5/datanode-2/data/ratis/9d24df39-e9ac-42ac-b6f1-2e211a40073f
2019-10-10 13:54:15,476 [pool-599-thread-1] INFO  segmented.SegmentedRaftLogWorker (SegmentedRaftLogWorker.java:<init>(173)) - new 54a8b3b1-cb59-4956-9183-4f9844315b90@group-2E211A40073F-SegmentedRaftLogWorker for RaftStorage:Storage Directory /workdir/hadoop-ozone/integration-test/target/test-dir/MiniOzoneClusterImpl-94337b2b-47d0-4fc3-ad18-0e9fb5ac94e5/datanode-1/data/ratis/9d24df39-e9ac-42ac-b6f1-2e211a40073f
2019-10-10 13:54:15,476 [pool-589-thread-1] INFO  server.RaftServerConfigKeys (ConfUtils.java:logGet(43)) - raft.server.log.queue.byte-limit = 2147483647 (custom)
2019-10-10 13:54:15,476 [pool-599-thread-1] INFO  server.RaftServerConfigKeys (ConfUtils.java:logGet(43)) - raft.server.log.queue.byte-limit = 2147483647 (custom)
2019-10-10 13:54:15,476 [pool-609-thread-1] INFO  server.RaftServerConfigKeys (ConfUtils.java:logGet(43)) - raft.server.log.queue.byte-limit = 2147483647 (custom)
2019-10-10 13:54:15,476 [pool-599-thread-1] INFO  server.RaftServerConfigKeys (ConfUtils.java:logGet(43)) - raft.server.log.queue.element-limit = 1024 (custom)
2019-10-10 13:54:15,476 [pool-589-thread-1] INFO  server.RaftServerConfigKeys (ConfUtils.java:logGet(43)) - raft.server.log.queue.element-limit = 1024 (custom)
2019-10-10 13:54:15,477 [pool-599-thread-1] INFO  server.RaftServerConfigKeys (ConfUtils.java:logGet(43)) - raft.server.log.segment.size.max = 1048576 (custom)
2019-10-10 13:54:15,476 [pool-609-thread-1] INFO  server.RaftServerConfigKeys (ConfUtils.java:logGet(43)) - raft.server.log.queue.element-limit = 1024 (custom)
2019-10-10 13:54:15,477 [pool-599-thread-1] INFO  server.RaftServerConfigKeys (ConfUtils.java:logGet(43)) - raft.server.log.preallocated.size = 16384 (custom)
2019-10-10 13:54:15,477 [pool-589-thread-1] INFO  server.RaftServerConfigKeys (ConfUtils.java:logGet(43)) - raft.server.log.segment.size.max = 1048576 (custom)
2019-10-10 13:54:15,477 [pool-599-thread-1] INFO  server.RaftServerConfigKeys (ConfUtils.java:logGet(43)) - raft.server.log.write.buffer.size = 33554432 (custom)
2019-10-10 13:54:15,477 [pool-609-thread-1] INFO  server.RaftServerConfigKeys (ConfUtils.java:logGet(43)) - raft.server.log.segment.size.max = 1048576 (custom)
2019-10-10 13:54:15,477 [pool-599-thread-1] INFO  server.RaftServerConfigKeys (ConfUtils.java:logGet(43)) - raft.server.log.force.sync.num = 128 (default)
2019-10-10 13:54:15,477 [pool-589-thread-1] INFO  server.RaftServerConfigKeys (ConfUtils.java:logGet(43)) - raft.server.log.preallocated.size = 16384 (custom)
2019-10-10 13:54:15,478 [pool-599-thread-1] INFO  server.RaftServerConfigKeys (ConfUtils.java:logGet(43)) - raft.server.log.statemachine.data.sync = true (default)
2019-10-10 13:54:15,478 [pool-599-thread-1] INFO  server.RaftServerConfigKeys (ConfUtils.java:logGet(43)) - raft.server.log.statemachine.data.sync.timeout = 10s (default)
2019-10-10 13:54:15,477 [pool-609-thread-1] INFO  server.RaftServerConfigKeys (ConfUtils.java:logGet(43)) - raft.server.log.preallocated.size = 16384 (custom)
2019-10-10 13:54:15,478 [pool-599-thread-1] INFO  server.RaftServerConfigKeys (ConfUtils.java:logGet(43)) - raft.server.log.statemachine.data.sync.timeout.retry = -1 (default)
2019-10-10 13:54:15,478 [pool-589-thread-1] INFO  server.RaftServerConfigKeys (ConfUtils.java:logGet(43)) - raft.server.log.write.buffer.size = 33554432 (custom)
2019-10-10 13:54:15,478 [pool-599-thread-1] INFO  server.RaftServerConfigKeys (ConfUtils.java:logGet(43)) - raft.server.log.statemachine.data.caching.enabled = true (custom)
2019-10-10 13:54:15,478 [pool-609-thread-1] INFO  server.RaftServerConfigKeys (ConfUtils.java:logGet(43)) - raft.server.log.write.buffer.size = 33554432 (custom)
2019-10-10 13:54:15,478 [pool-599-thread-1] INFO  segmented.SegmentedRaftLogWorker (SegmentedRaftLogWorker.java:lambda$new$0(128)) - 54a8b3b1-cb59-4956-9183-4f9844315b90@group-2E211A40073F-SegmentedRaftLogWorker: flushIndex: setUnconditionally 0 -> -1
2019-10-10 13:54:15,478 [pool-589-thread-1] INFO  server.RaftServerConfigKeys (ConfUtils.java:logGet(43)) - raft.server.log.force.sync.num = 128 (default)
2019-10-10 13:54:15,479 [pool-609-thread-1] INFO  server.RaftServerConfigKeys (ConfUtils.java:logGet(43)) - raft.server.log.force.sync.num = 128 (default)
2019-10-10 13:54:15,479 [pool-599-thread-1] INFO  server.RaftServerConfigKeys (ConfUtils.java:logGet(43)) - raft.server.snapshot.auto.trigger.enabled = true (custom)
2019-10-10 13:54:15,479 [pool-589-thread-1] INFO  server.RaftServerConfigKeys (ConfUtils.java:logGet(43)) - raft.server.log.statemachine.data.sync = true (default)
2019-10-10 13:54:15,479 [pool-599-thread-1] INFO  server.RaftServerConfigKeys (ConfUtils.java:logGet(43)) - raft.server.snapshot.auto.trigger.threshold = 10000 (custom)
2019-10-10 13:54:15,479 [pool-609-thread-1] INFO  server.RaftServerConfigKeys (ConfUtils.java:logGet(43)) - raft.server.log.statemachine.data.sync = true (default)
2019-10-10 13:54:15,479 [pool-599-thread-1] INFO  server.RaftServerConfigKeys (ConfUtils.java:logGet(43)) - raft.server.snapshot.retention.file.num = 5 (custom)
2019-10-10 13:54:15,479 [pool-589-thread-1] INFO  server.RaftServerConfigKeys (ConfUtils.java:logGet(43)) - raft.server.log.statemachine.data.sync.timeout = 10s (default)
2019-10-10 13:54:15,480 [pool-589-thread-1] INFO  server.RaftServerConfigKeys (ConfUtils.java:logGet(43)) - raft.server.log.statemachine.data.sync.timeout.retry = -1 (default)
2019-10-10 13:54:15,480 [pool-599-thread-1] INFO  server.RaftServerConfigKeys (ConfUtils.java:logGet(43)) - raft.server.retrycache.expirytime = 600000ms (custom)
2019-10-10 13:54:15,479 [pool-609-thread-1] INFO  server.RaftServerConfigKeys (ConfUtils.java:logGet(43)) - raft.server.log.statemachine.data.sync.timeout = 10s (default)
2019-10-10 13:54:15,480 [pool-589-thread-1] INFO  server.RaftServerConfigKeys (ConfUtils.java:logGet(43)) - raft.server.log.statemachine.data.caching.enabled = true (custom)
2019-10-10 13:54:15,480 [pool-609-thread-1] INFO  server.RaftServerConfigKeys (ConfUtils.java:logGet(43)) - raft.server.log.statemachine.data.sync.timeout.retry = -1 (default)
2019-10-10 13:54:15,480 [pool-589-thread-1] INFO  segmented.SegmentedRaftLogWorker (SegmentedRaftLogWorker.java:lambda$new$0(128)) - eb8bd58c-94df-4b53-a658-943c19ea9612@group-2E211A40073F-SegmentedRaftLogWorker: flushIndex: setUnconditionally 0 -> -1
2019-10-10 13:54:15,480 [pool-609-thread-1] INFO  server.RaftServerConfigKeys (ConfUtils.java:logGet(43)) - raft.server.log.statemachine.data.caching.enabled = true (custom)
2019-10-10 13:54:15,480 [pool-589-thread-1] INFO  server.RaftServerConfigKeys (ConfUtils.java:logGet(43)) - raft.server.snapshot.auto.trigger.enabled = true (custom)
2019-10-10 13:54:15,481 [pool-589-thread-1] INFO  server.RaftServerConfigKeys (ConfUtils.java:logGet(43)) - raft.server.snapshot.auto.trigger.threshold = 10000 (custom)
2019-10-10 13:54:15,481 [pool-589-thread-1] INFO  server.RaftServerConfigKeys (ConfUtils.java:logGet(43)) - raft.server.snapshot.retention.file.num = 5 (custom)
2019-10-10 13:54:15,481 [pool-609-thread-1] INFO  segmented.SegmentedRaftLogWorker (SegmentedRaftLogWorker.java:lambda$new$0(128)) - cd1234b5-0de1-4fd3-b9d5-d50083d3c43c@group-2E211A40073F-SegmentedRaftLogWorker: flushIndex: setUnconditionally 0 -> -1
2019-10-10 13:54:15,481 [pool-589-thread-1] INFO  server.RaftServerConfigKeys (ConfUtils.java:logGet(43)) - raft.server.retrycache.expirytime = 600000ms (custom)
2019-10-10 13:54:15,481 [pool-599-thread-1] INFO  impl.RaftServerImpl (RaftServerImpl.java:start(181)) - 54a8b3b1-cb59-4956-9183-4f9844315b90@group-2E211A40073F: start as a follower, conf=-1: [54a8b3b1-cb59-4956-9183-4f9844315b90:192.168.164.230:43616, cd1234b5-0de1-4fd3-b9d5-d50083d3c43c:192.168.164.230:45782, eb8bd58c-94df-4b53-a658-943c19ea9612:192.168.164.230:32970], old=null
2019-10-10 13:54:15,481 [pool-609-thread-1] INFO  server.RaftServerConfigKeys (ConfUtils.java:logGet(43)) - raft.server.snapshot.auto.trigger.enabled = true (custom)
2019-10-10 13:54:15,481 [pool-599-thread-1] INFO  impl.RaftServerImpl (RaftServerImpl.java:setRole(170)) - 54a8b3b1-cb59-4956-9183-4f9844315b90@group-2E211A40073F: changes role from      null to FOLLOWER at term 0 for startAsFollower
2019-10-10 13:54:15,481 [pool-609-thread-1] INFO  server.RaftServerConfigKeys (ConfUtils.java:logGet(43)) - raft.server.snapshot.auto.trigger.threshold = 10000 (custom)
2019-10-10 13:54:15,481 [pool-599-thread-1] INFO  impl.RoleInfo (RoleInfo.java:updateAndGet(143)) - 54a8b3b1-cb59-4956-9183-4f9844315b90: start FollowerState
2019-10-10 13:54:15,482 [pool-609-thread-1] INFO  server.RaftServerConfigKeys (ConfUtils.java:logGet(43)) - raft.server.snapshot.retention.file.num = 5 (custom)
2019-10-10 13:54:15,482 [pool-609-thread-1] INFO  server.RaftServerConfigKeys (ConfUtils.java:logGet(43)) - raft.server.retrycache.expirytime = 600000ms (custom)
2019-10-10 13:54:15,482 [pool-589-thread-1] INFO  impl.RaftServerImpl (RaftServerImpl.java:start(181)) - eb8bd58c-94df-4b53-a658-943c19ea9612@group-2E211A40073F: start as a follower, conf=-1: [54a8b3b1-cb59-4956-9183-4f9844315b90:192.168.164.230:43616, cd1234b5-0de1-4fd3-b9d5-d50083d3c43c:192.168.164.230:45782, eb8bd58c-94df-4b53-a658-943c19ea9612:192.168.164.230:32970], old=null
2019-10-10 13:54:15,482 [pool-599-thread-1] INFO  util.JmxRegister (JmxRegister.java:tryRegister(44)) - Successfully registered JMX Bean with object name Ratis:service=RaftServer,group=group-2E211A40073F,id=54a8b3b1-cb59-4956-9183-4f9844315b90
2019-10-10 13:54:15,482 [pool-589-thread-1] INFO  impl.RaftServerImpl (RaftServerImpl.java:setRole(170)) - eb8bd58c-94df-4b53-a658-943c19ea9612@group-2E211A40073F: changes role from      null to FOLLOWER at term 0 for startAsFollower
2019-10-10 13:54:15,482 [pool-589-thread-1] INFO  impl.RoleInfo (RoleInfo.java:updateAndGet(143)) - eb8bd58c-94df-4b53-a658-943c19ea9612: start FollowerState
2019-10-10 13:54:15,483 [pool-589-thread-1] INFO  util.JmxRegister (JmxRegister.java:tryRegister(44)) - Successfully registered JMX Bean with object name Ratis:service=RaftServer,group=group-2E211A40073F,id=eb8bd58c-94df-4b53-a658-943c19ea9612
2019-10-10 13:54:15,487 [pool-609-thread-1] INFO  impl.RaftServerImpl (RaftServerImpl.java:start(181)) - cd1234b5-0de1-4fd3-b9d5-d50083d3c43c@group-2E211A40073F: start as a follower, conf=-1: [54a8b3b1-cb59-4956-9183-4f9844315b90:192.168.164.230:43616, cd1234b5-0de1-4fd3-b9d5-d50083d3c43c:192.168.164.230:45782, eb8bd58c-94df-4b53-a658-943c19ea9612:192.168.164.230:32970], old=null
2019-10-10 13:54:15,487 [pool-609-thread-1] INFO  impl.RaftServerImpl (RaftServerImpl.java:setRole(170)) - cd1234b5-0de1-4fd3-b9d5-d50083d3c43c@group-2E211A40073F: changes role from      null to FOLLOWER at term 0 for startAsFollower
2019-10-10 13:54:15,487 [pool-609-thread-1] INFO  impl.RoleInfo (RoleInfo.java:updateAndGet(143)) - cd1234b5-0de1-4fd3-b9d5-d50083d3c43c: start FollowerState
2019-10-10 13:54:15,488 [pool-609-thread-1] INFO  util.JmxRegister (JmxRegister.java:tryRegister(44)) - Successfully registered JMX Bean with object name Ratis:service=RaftServer,group=group-2E211A40073F,id=cd1234b5-0de1-4fd3-b9d5-d50083d3c43c
2019-10-10 13:54:15,492 [RatisPipelineUtilsThread] INFO  pipeline.PipelineStateManager (PipelineStateManager.java:addPipeline(56)) - Created pipeline Pipeline[ Id: 9d24df39-e9ac-42ac-b6f1-2e211a40073f, Nodes: eb8bd58c-94df-4b53-a658-943c19ea9612{ip: 192.168.164.230, host: pr-hdds-2280-tn9v7-3755420433, networkLocation: /default-rack, certSerialId: null}54a8b3b1-cb59-4956-9183-4f9844315b90{ip: 192.168.164.230, host: pr-hdds-2280-tn9v7-3755420433, networkLocation: /default-rack, certSerialId: null}cd1234b5-0de1-4fd3-b9d5-d50083d3c43c{ip: 192.168.164.230, host: pr-hdds-2280-tn9v7-3755420433, networkLocation: /default-rack, certSerialId: null}, Type:RATIS, Factor:THREE, State:OPEN]
2019-10-10 13:54:15,524 [IPC Server handler 1 on 40949] INFO  net.NetworkTopology (NetworkTopologyImpl.java:add(111)) - Added a new node: /default-rack/1179372a-faa2-49b5-baee-70d755ab77f9
2019-10-10 13:54:15,524 [IPC Server handler 1 on 40949] INFO  node.SCMNodeManager (SCMNodeManager.java:register(268)) - Registered Data node : 1179372a-faa2-49b5-baee-70d755ab77f9{ip: 192.168.164.230, host: pr-hdds-2280-tn9v7-3755420433, networkLocation: /default-rack, certSerialId: null}
2019-10-10 13:54:15,534 [grpc-default-executor-9] INFO  impl.RaftServerProxy (RaftServerProxy.java:addNew(89)) - 879d252b-2a05-4827-9377-7fbe1b4b2325: addNew group-D199D0C62226:[879d252b-2a05-4827-9377-7fbe1b4b2325:192.168.164.230:46261] returns group-D199D0C62226:java.util.concurrent.CompletableFuture@309fb7c5[Not completed]
2019-10-10 13:54:15,538 [pool-619-thread-1] INFO  impl.RaftServerImpl (RaftServerImpl.java:<init>(95)) - 879d252b-2a05-4827-9377-7fbe1b4b2325: new RaftServerImpl for group-D199D0C62226:[879d252b-2a05-4827-9377-7fbe1b4b2325:192.168.164.230:46261] with ContainerStateMachine:uninitialized
2019-10-10 13:54:15,538 [pool-619-thread-1] INFO  server.RaftServerConfigKeys (ConfUtils.java:logGet(43)) - raft.server.rpc.timeout.min = 5s (custom)
2019-10-10 13:54:15,538 [pool-619-thread-1] INFO  server.RaftServerConfigKeys (ConfUtils.java:logGet(43)) - raft.server.rpc.timeout.max = 5200ms (custom)
2019-10-10 13:54:15,538 [pool-619-thread-1] INFO  server.RaftServerConfigKeys (ConfUtils.java:logGet(43)) - raft.server.rpcslowness.timeout = 120s (custom)
2019-10-10 13:54:15,538 [pool-619-thread-1] INFO  server.RaftServerConfigKeys (ConfUtils.java:logGet(43)) - raft.server.sleep.deviation.threshold = 300 (default)
2019-10-10 13:54:15,539 [pool-619-thread-1] INFO  server.RaftServerConfigKeys (ConfUtils.java:logGet(43)) - raft.server.log.appender.install.snapshot.enabled = false (custom)
2019-10-10 13:54:15,539 [pool-619-thread-1] INFO  impl.RaftServerImpl (ServerState.java:<init>(103)) - 879d252b-2a05-4827-9377-7fbe1b4b2325@group-D199D0C62226: ConfigurationManager, init=-1: [879d252b-2a05-4827-9377-7fbe1b4b2325:192.168.164.230:46261], old=null, confs=<EMPTY_MAP>
2019-10-10 13:54:15,539 [pool-619-thread-1] INFO  server.RaftServerConfigKeys (ConfUtils.java:logGet(43)) - raft.server.storage.dir = [/workdir/hadoop-ozone/integration-test/target/test-dir/MiniOzoneClusterImpl-94337b2b-47d0-4fc3-ad18-0e9fb5ac94e5/datanode-3/data/ratis] (custom)
2019-10-10 13:54:15,539 [pool-619-thread-1] INFO  server.RaftServerConfigKeys (ConfUtils.java:logGet(43)) - raft.server.log.corruption.policy = EXCEPTION (default)
2019-10-10 13:54:15,540 [pool-619-thread-1] INFO  storage.RaftStorageDirectory (RaftStorageDirectory.java:analyzeStorage(246)) - The storage directory /workdir/hadoop-ozone/integration-test/target/test-dir/MiniOzoneClusterImpl-94337b2b-47d0-4fc3-ad18-0e9fb5ac94e5/datanode-3/data/ratis/7cb191fb-1af0-435e-865b-d199d0c62226 does not exist. Creating ...
2019-10-10 13:54:15,576 [pool-619-thread-1] INFO  storage.RaftStorageDirectory (RaftStorageDirectory.java:tryLock(328)) - Lock on /workdir/hadoop-ozone/integration-test/target/test-dir/MiniOzoneClusterImpl-94337b2b-47d0-4fc3-ad18-0e9fb5ac94e5/datanode-3/data/ratis/7cb191fb-1af0-435e-865b-d199d0c62226/in_use.lock acquired by nodename 15153@pr-hdds-2280-tn9v7-3755420433
2019-10-10 13:54:15,589 [pool-619-thread-1] INFO  storage.RaftStorage (RaftStorage.java:format(84)) - Storage directory /workdir/hadoop-ozone/integration-test/target/test-dir/MiniOzoneClusterImpl-94337b2b-47d0-4fc3-ad18-0e9fb5ac94e5/datanode-3/data/ratis/7cb191fb-1af0-435e-865b-d199d0c62226 has been successfully formatted.
2019-10-10 13:54:15,589 [pool-619-thread-1] INFO  ratis.ContainerStateMachine (ContainerStateMachine.java:loadSnapshot(231)) - group-D199D0C62226: The snapshot info is null. Setting the last applied indexto:(t:0, i:~)
2019-10-10 13:54:15,589 [pool-619-thread-1] INFO  server.RaftServerConfigKeys (ConfUtils.java:logGet(43)) - raft.server.notification.no-leader.timeout = 120s (custom)
2019-10-10 13:54:15,590 [pool-619-thread-1] INFO  server.RaftServerConfigKeys (ConfUtils.java:logGet(43)) - raft.server.log.use.memory = false (default)
2019-10-10 13:54:15,590 [pool-619-thread-1] INFO  server.RaftServerConfigKeys (ConfUtils.java:logGet(43)) - raft.server.log.purge.gap = 1000000 (custom)
2019-10-10 13:54:15,590 [pool-619-thread-1] INFO  server.RaftServerConfigKeys (ConfUtils.java:logGet(43)) - raft.server.log.appender.buffer.byte-limit = 33554432 (custom)
2019-10-10 13:54:15,590 [pool-619-thread-1] INFO  server.RaftServerConfigKeys (ConfUtils.java:logGet(43)) - raft.server.log.segment.size.max = 1048576 (custom)
2019-10-10 13:54:15,593 [pool-619-thread-1] INFO  server.RaftServerConfigKeys (ConfUtils.java:logGet(43)) - raft.server.log.segment.cache.num.max = 2 (custom)
2019-10-10 13:54:15,594 [pool-619-thread-1] INFO  segmented.SegmentedRaftLogWorker (SegmentedRaftLogWorker.java:<init>(173)) - new 879d252b-2a05-4827-9377-7fbe1b4b2325@group-D199D0C62226-SegmentedRaftLogWorker for RaftStorage:Storage Directory /workdir/hadoop-ozone/integration-test/target/test-dir/MiniOzoneClusterImpl-94337b2b-47d0-4fc3-ad18-0e9fb5ac94e5/datanode-3/data/ratis/7cb191fb-1af0-435e-865b-d199d0c62226
2019-10-10 13:54:15,594 [pool-619-thread-1] INFO  server.RaftServerConfigKeys (ConfUtils.java:logGet(43)) - raft.server.log.queue.byte-limit = 2147483647 (custom)
2019-10-10 13:54:15,594 [pool-619-thread-1] INFO  server.RaftServerConfigKeys (ConfUtils.java:logGet(43)) - raft.server.log.queue.element-limit = 1024 (custom)
2019-10-10 13:54:15,594 [pool-619-thread-1] INFO  server.RaftServerConfigKeys (ConfUtils.java:logGet(43)) - raft.server.log.segment.size.max = 1048576 (custom)
2019-10-10 13:54:15,595 [pool-619-thread-1] INFO  server.RaftServerConfigKeys (ConfUtils.java:logGet(43)) - raft.server.log.preallocated.size = 16384 (custom)
2019-10-10 13:54:15,595 [pool-619-thread-1] INFO  server.RaftServerConfigKeys (ConfUtils.java:logGet(43)) - raft.server.log.write.buffer.size = 33554432 (custom)
2019-10-10 13:54:15,595 [pool-619-thread-1] INFO  server.RaftServerConfigKeys (ConfUtils.java:logGet(43)) - raft.server.log.force.sync.num = 128 (default)
2019-10-10 13:54:15,595 [pool-619-thread-1] INFO  server.RaftServerConfigKeys (ConfUtils.java:logGet(43)) - raft.server.log.statemachine.data.sync = true (default)
2019-10-10 13:54:15,596 [pool-619-thread-1] INFO  server.RaftServerConfigKeys (ConfUtils.java:logGet(43)) - raft.server.log.statemachine.data.sync.timeout = 10s (default)
2019-10-10 13:54:15,596 [pool-619-thread-1] INFO  server.RaftServerConfigKeys (ConfUtils.java:logGet(43)) - raft.server.log.statemachine.data.sync.timeout.retry = -1 (default)
2019-10-10 13:54:15,596 [pool-619-thread-1] INFO  server.RaftServerConfigKeys (ConfUtils.java:logGet(43)) - raft.server.log.statemachine.data.caching.enabled = true (custom)
2019-10-10 13:54:15,597 [IPC Server handler 4 on 40949] INFO  net.NetworkTopology (NetworkTopologyImpl.java:add(111)) - Added a new node: /default-rack/af1b0ec7-0cc6-47df-a217-7d3b9288f5b8
2019-10-10 13:54:15,597 [pool-619-thread-1] INFO  segmented.SegmentedRaftLogWorker (SegmentedRaftLogWorker.java:lambda$new$0(128)) - 879d252b-2a05-4827-9377-7fbe1b4b2325@group-D199D0C62226-SegmentedRaftLogWorker: flushIndex: setUnconditionally 0 -> -1
2019-10-10 13:54:15,597 [IPC Server handler 4 on 40949] INFO  node.SCMNodeManager (SCMNodeManager.java:register(268)) - Registered Data node : af1b0ec7-0cc6-47df-a217-7d3b9288f5b8{ip: 192.168.164.230, host: pr-hdds-2280-tn9v7-3755420433, networkLocation: /default-rack, certSerialId: null}
2019-10-10 13:54:15,597 [pool-619-thread-1] INFO  server.RaftServerConfigKeys (ConfUtils.java:logGet(43)) - raft.server.snapshot.auto.trigger.enabled = true (custom)
2019-10-10 13:54:15,598 [pool-619-thread-1] INFO  server.RaftServerConfigKeys (ConfUtils.java:logGet(43)) - raft.server.snapshot.auto.trigger.threshold = 10000 (custom)
2019-10-10 13:54:15,598 [pool-619-thread-1] INFO  server.RaftServerConfigKeys (ConfUtils.java:logGet(43)) - raft.server.snapshot.retention.file.num = 5 (custom)
2019-10-10 13:54:15,598 [pool-619-thread-1] INFO  server.RaftServerConfigKeys (ConfUtils.java:logGet(43)) - raft.server.retrycache.expirytime = 600000ms (custom)
2019-10-10 13:54:15,601 [pool-619-thread-1] INFO  impl.RaftServerImpl (RaftServerImpl.java:start(181)) - 879d252b-2a05-4827-9377-7fbe1b4b2325@group-D199D0C62226: start as a follower, conf=-1: [879d252b-2a05-4827-9377-7fbe1b4b2325:192.168.164.230:46261], old=null
2019-10-10 13:54:15,601 [pool-619-thread-1] INFO  impl.RaftServerImpl (RaftServerImpl.java:setRole(170)) - 879d252b-2a05-4827-9377-7fbe1b4b2325@group-D199D0C62226: changes role from      null to FOLLOWER at term 0 for startAsFollower
2019-10-10 13:54:15,601 [pool-619-thread-1] INFO  impl.RoleInfo (RoleInfo.java:updateAndGet(143)) - 879d252b-2a05-4827-9377-7fbe1b4b2325: start FollowerState
2019-10-10 13:54:15,614 [pool-619-thread-1] INFO  util.JmxRegister (JmxRegister.java:tryRegister(44)) - Successfully registered JMX Bean with object name Ratis:service=RaftServer,group=group-D199D0C62226,id=879d252b-2a05-4827-9377-7fbe1b4b2325
2019-10-10 13:54:15,630 [RatisPipelineUtilsThread] INFO  pipeline.PipelineStateManager (PipelineStateManager.java:addPipeline(56)) - Created pipeline Pipeline[ Id: 7cb191fb-1af0-435e-865b-d199d0c62226, Nodes: 879d252b-2a05-4827-9377-7fbe1b4b2325{ip: 192.168.164.230, host: pr-hdds-2280-tn9v7-3755420433, networkLocation: /default-rack, certSerialId: null}, Type:RATIS, Factor:ONE, State:OPEN]
2019-10-10 13:54:15,640 [grpc-default-executor-9] INFO  impl.RaftServerProxy (RaftServerProxy.java:addNew(89)) - af1b0ec7-0cc6-47df-a217-7d3b9288f5b8: addNew group-6C7DC17C69A7:[af1b0ec7-0cc6-47df-a217-7d3b9288f5b8:192.168.164.230:44539] returns group-6C7DC17C69A7:java.util.concurrent.CompletableFuture@2c357ce9[Not completed]
2019-10-10 13:54:15,641 [pool-639-thread-1] INFO  impl.RaftServerImpl (RaftServerImpl.java:<init>(95)) - af1b0ec7-0cc6-47df-a217-7d3b9288f5b8: new RaftServerImpl for group-6C7DC17C69A7:[af1b0ec7-0cc6-47df-a217-7d3b9288f5b8:192.168.164.230:44539] with ContainerStateMachine:uninitialized
2019-10-10 13:54:15,642 [pool-639-thread-1] INFO  server.RaftServerConfigKeys (ConfUtils.java:logGet(43)) - raft.server.rpc.timeout.min = 5s (custom)
2019-10-10 13:54:15,642 [pool-639-thread-1] INFO  server.RaftServerConfigKeys (ConfUtils.java:logGet(43)) - raft.server.rpc.timeout.max = 5200ms (custom)
2019-10-10 13:54:15,642 [pool-639-thread-1] INFO  server.RaftServerConfigKeys (ConfUtils.java:logGet(43)) - raft.server.rpcslowness.timeout = 120s (custom)
2019-10-10 13:54:15,642 [pool-639-thread-1] INFO  server.RaftServerConfigKeys (ConfUtils.java:logGet(43)) - raft.server.sleep.deviation.threshold = 300 (default)
2019-10-10 13:54:15,642 [pool-639-thread-1] INFO  server.RaftServerConfigKeys (ConfUtils.java:logGet(43)) - raft.server.log.appender.install.snapshot.enabled = false (custom)
2019-10-10 13:54:15,642 [pool-639-thread-1] INFO  impl.RaftServerImpl (ServerState.java:<init>(103)) - af1b0ec7-0cc6-47df-a217-7d3b9288f5b8@group-6C7DC17C69A7: ConfigurationManager, init=-1: [af1b0ec7-0cc6-47df-a217-7d3b9288f5b8:192.168.164.230:44539], old=null, confs=<EMPTY_MAP>
2019-10-10 13:54:15,642 [pool-639-thread-1] INFO  server.RaftServerConfigKeys (ConfUtils.java:logGet(43)) - raft.server.storage.dir = [/workdir/hadoop-ozone/integration-test/target/test-dir/MiniOzoneClusterImpl-94337b2b-47d0-4fc3-ad18-0e9fb5ac94e5/datanode-5/data/ratis] (custom)
2019-10-10 13:54:15,643 [pool-639-thread-1] INFO  server.RaftServerConfigKeys (ConfUtils.java:logGet(43)) - raft.server.log.corruption.policy = EXCEPTION (default)
2019-10-10 13:54:15,643 [pool-639-thread-1] INFO  storage.RaftStorageDirectory (RaftStorageDirectory.java:analyzeStorage(246)) - The storage directory /workdir/hadoop-ozone/integration-test/target/test-dir/MiniOzoneClusterImpl-94337b2b-47d0-4fc3-ad18-0e9fb5ac94e5/datanode-5/data/ratis/69b51b22-26e0-4f70-b18d-6c7dc17c69a7 does not exist. Creating ...
2019-10-10 13:54:15,656 [pool-639-thread-1] INFO  storage.RaftStorageDirectory (RaftStorageDirectory.java:tryLock(328)) - Lock on /workdir/hadoop-ozone/integration-test/target/test-dir/MiniOzoneClusterImpl-94337b2b-47d0-4fc3-ad18-0e9fb5ac94e5/datanode-5/data/ratis/69b51b22-26e0-4f70-b18d-6c7dc17c69a7/in_use.lock acquired by nodename 15153@pr-hdds-2280-tn9v7-3755420433
2019-10-10 13:54:15,668 [pool-639-thread-1] INFO  storage.RaftStorage (RaftStorage.java:format(84)) - Storage directory /workdir/hadoop-ozone/integration-test/target/test-dir/MiniOzoneClusterImpl-94337b2b-47d0-4fc3-ad18-0e9fb5ac94e5/datanode-5/data/ratis/69b51b22-26e0-4f70-b18d-6c7dc17c69a7 has been successfully formatted.
2019-10-10 13:54:15,669 [pool-639-thread-1] INFO  ratis.ContainerStateMachine (ContainerStateMachine.java:loadSnapshot(231)) - group-6C7DC17C69A7: The snapshot info is null. Setting the last applied indexto:(t:0, i:~)
2019-10-10 13:54:15,669 [IPC Server handler 6 on 40949] INFO  net.NetworkTopology (NetworkTopologyImpl.java:add(111)) - Added a new node: /default-rack/05e1d7c8-a800-4306-8ffe-d9206de7ec8b
2019-10-10 13:54:15,669 [pool-639-thread-1] INFO  server.RaftServerConfigKeys (ConfUtils.java:logGet(43)) - raft.server.notification.no-leader.timeout = 120s (custom)
2019-10-10 13:54:15,669 [IPC Server handler 6 on 40949] INFO  node.SCMNodeManager (SCMNodeManager.java:register(268)) - Registered Data node : 05e1d7c8-a800-4306-8ffe-d9206de7ec8b{ip: 192.168.164.230, host: pr-hdds-2280-tn9v7-3755420433, networkLocation: /default-rack, certSerialId: null}
2019-10-10 13:54:15,669 [main] INFO  ozone.MiniOzoneClusterImpl (MiniOzoneClusterImpl.java:lambda$waitForClusterToBeReady$0(147)) - Cluster is ready. Got 7 of 7 DN Heartbeats.
2019-10-10 13:54:15,669 [pool-639-thread-1] INFO  server.RaftServerConfigKeys (ConfUtils.java:logGet(43)) - raft.server.log.use.memory = false (default)
2019-10-10 13:54:15,670 [pool-639-thread-1] INFO  server.RaftServerConfigKeys (ConfUtils.java:logGet(43)) - raft.server.log.purge.gap = 1000000 (custom)
2019-10-10 13:54:15,670 [pool-639-thread-1] INFO  server.RaftServerConfigKeys (ConfUtils.java:logGet(43)) - raft.server.log.appender.buffer.byte-limit = 33554432 (custom)
2019-10-10 13:54:15,670 [pool-639-thread-1] INFO  server.RaftServerConfigKeys (ConfUtils.java:logGet(43)) - raft.server.log.segment.size.max = 1048576 (custom)
2019-10-10 13:54:15,672 [pool-639-thread-1] INFO  server.RaftServerConfigKeys (ConfUtils.java:logGet(43)) - raft.server.log.segment.cache.num.max = 2 (custom)
2019-10-10 13:54:15,672 [pool-639-thread-1] INFO  segmented.SegmentedRaftLogWorker (SegmentedRaftLogWorker.java:<init>(173)) - new af1b0ec7-0cc6-47df-a217-7d3b9288f5b8@group-6C7DC17C69A7-SegmentedRaftLogWorker for RaftStorage:Storage Directory /workdir/hadoop-ozone/integration-test/target/test-dir/MiniOzoneClusterImpl-94337b2b-47d0-4fc3-ad18-0e9fb5ac94e5/datanode-5/data/ratis/69b51b22-26e0-4f70-b18d-6c7dc17c69a7
2019-10-10 13:54:15,672 [pool-639-thread-1] INFO  server.RaftServerConfigKeys (ConfUtils.java:logGet(43)) - raft.server.log.queue.byte-limit = 2147483647 (custom)
2019-10-10 13:54:15,672 [pool-639-thread-1] INFO  server.RaftServerConfigKeys (ConfUtils.java:logGet(43)) - raft.server.log.queue.element-limit = 1024 (custom)
2019-10-10 13:54:15,673 [pool-639-thread-1] INFO  server.RaftServerConfigKeys (ConfUtils.java:logGet(43)) - raft.server.log.segment.size.max = 1048576 (custom)
2019-10-10 13:54:15,673 [pool-639-thread-1] INFO  server.RaftServerConfigKeys (ConfUtils.java:logGet(43)) - raft.server.log.preallocated.size = 16384 (custom)
2019-10-10 13:54:15,673 [pool-639-thread-1] INFO  server.RaftServerConfigKeys (ConfUtils.java:logGet(43)) - raft.server.log.write.buffer.size = 33554432 (custom)
2019-10-10 13:54:15,673 [pool-639-thread-1] INFO  server.RaftServerConfigKeys (ConfUtils.java:logGet(43)) - raft.server.log.force.sync.num = 128 (default)
2019-10-10 13:54:15,673 [pool-639-thread-1] INFO  server.RaftServerConfigKeys (ConfUtils.java:logGet(43)) - raft.server.log.statemachine.data.sync = true (default)
2019-10-10 13:54:15,673 [pool-639-thread-1] INFO  server.RaftServerConfigKeys (ConfUtils.java:logGet(43)) - raft.server.log.statemachine.data.sync.timeout = 10s (default)
2019-10-10 13:54:15,673 [pool-639-thread-1] INFO  server.RaftServerConfigKeys (ConfUtils.java:logGet(43)) - raft.server.log.statemachine.data.sync.timeout.retry = -1 (default)
2019-10-10 13:54:15,682 [pool-639-thread-1] INFO  server.RaftServerConfigKeys (ConfUtils.java:logGet(43)) - raft.server.log.statemachine.data.caching.enabled = true (custom)
2019-10-10 13:54:15,682 [pool-639-thread-1] INFO  segmented.SegmentedRaftLogWorker (SegmentedRaftLogWorker.java:lambda$new$0(128)) - af1b0ec7-0cc6-47df-a217-7d3b9288f5b8@group-6C7DC17C69A7-SegmentedRaftLogWorker: flushIndex: setUnconditionally 0 -> -1
2019-10-10 13:54:15,682 [pool-639-thread-1] INFO  server.RaftServerConfigKeys (ConfUtils.java:logGet(43)) - raft.server.snapshot.auto.trigger.enabled = true (custom)
2019-10-10 13:54:15,682 [pool-639-thread-1] INFO  server.RaftServerConfigKeys (ConfUtils.java:logGet(43)) - raft.server.snapshot.auto.trigger.threshold = 10000 (custom)
2019-10-10 13:54:15,682 [pool-639-thread-1] INFO  server.RaftServerConfigKeys (ConfUtils.java:logGet(43)) - raft.server.snapshot.retention.file.num = 5 (custom)
2019-10-10 13:54:15,683 [pool-639-thread-1] INFO  server.RaftServerConfigKeys (ConfUtils.java:logGet(43)) - raft.server.retrycache.expirytime = 600000ms (custom)
2019-10-10 13:54:15,684 [pool-639-thread-1] INFO  impl.RaftServerImpl (RaftServerImpl.java:start(181)) - af1b0ec7-0cc6-47df-a217-7d3b9288f5b8@group-6C7DC17C69A7: start as a follower, conf=-1: [af1b0ec7-0cc6-47df-a217-7d3b9288f5b8:192.168.164.230:44539], old=null
2019-10-10 13:54:15,684 [pool-639-thread-1] INFO  impl.RaftServerImpl (RaftServerImpl.java:setRole(170)) - af1b0ec7-0cc6-47df-a217-7d3b9288f5b8@group-6C7DC17C69A7: changes role from      null to FOLLOWER at term 0 for startAsFollower
2019-10-10 13:54:15,684 [pool-639-thread-1] INFO  impl.RoleInfo (RoleInfo.java:updateAndGet(143)) - af1b0ec7-0cc6-47df-a217-7d3b9288f5b8: start FollowerState
2019-10-10 13:54:15,685 [pool-639-thread-1] INFO  util.JmxRegister (JmxRegister.java:tryRegister(44)) - Successfully registered JMX Bean with object name Ratis:service=RaftServer,group=group-6C7DC17C69A7,id=af1b0ec7-0cc6-47df-a217-7d3b9288f5b8
2019-10-10 13:54:15,715 [RatisPipelineUtilsThread] INFO  pipeline.PipelineStateManager (PipelineStateManager.java:addPipeline(56)) - Created pipeline Pipeline[ Id: 69b51b22-26e0-4f70-b18d-6c7dc17c69a7, Nodes: af1b0ec7-0cc6-47df-a217-7d3b9288f5b8{ip: 192.168.164.230, host: pr-hdds-2280-tn9v7-3755420433, networkLocation: /default-rack, certSerialId: null}, Type:RATIS, Factor:ONE, State:OPEN]
2019-10-10 13:54:15,726 [grpc-default-executor-9] INFO  impl.RaftServerProxy (RaftServerProxy.java:addNew(89)) - 05e1d7c8-a800-4306-8ffe-d9206de7ec8b: addNew group-D4652DAED68D:[05e1d7c8-a800-4306-8ffe-d9206de7ec8b:192.168.164.230:45331] returns group-D4652DAED68D:java.util.concurrent.CompletableFuture@16797de5[Not completed]
2019-10-10 13:54:15,727 [pool-649-thread-1] INFO  impl.RaftServerImpl (RaftServerImpl.java:<init>(95)) - 05e1d7c8-a800-4306-8ffe-d9206de7ec8b: new RaftServerImpl for group-D4652DAED68D:[05e1d7c8-a800-4306-8ffe-d9206de7ec8b:192.168.164.230:45331] with ContainerStateMachine:uninitialized
2019-10-10 13:54:15,727 [pool-649-thread-1] INFO  server.RaftServerConfigKeys (ConfUtils.java:logGet(43)) - raft.server.rpc.timeout.min = 5s (custom)
2019-10-10 13:54:15,728 [pool-649-thread-1] INFO  server.RaftServerConfigKeys (ConfUtils.java:logGet(43)) - raft.server.rpc.timeout.max = 5200ms (custom)
2019-10-10 13:54:15,728 [pool-649-thread-1] INFO  server.RaftServerConfigKeys (ConfUtils.java:logGet(43)) - raft.server.rpcslowness.timeout = 120s (custom)
2019-10-10 13:54:15,728 [pool-649-thread-1] INFO  server.RaftServerConfigKeys (ConfUtils.java:logGet(43)) - raft.server.sleep.deviation.threshold = 300 (default)
2019-10-10 13:54:15,728 [pool-649-thread-1] INFO  server.RaftServerConfigKeys (ConfUtils.java:logGet(43)) - raft.server.log.appender.install.snapshot.enabled = false (custom)
2019-10-10 13:54:15,728 [pool-649-thread-1] INFO  impl.RaftServerImpl (ServerState.java:<init>(103)) - 05e1d7c8-a800-4306-8ffe-d9206de7ec8b@group-D4652DAED68D: ConfigurationManager, init=-1: [05e1d7c8-a800-4306-8ffe-d9206de7ec8b:192.168.164.230:45331], old=null, confs=<EMPTY_MAP>
2019-10-10 13:54:15,728 [pool-649-thread-1] INFO  server.RaftServerConfigKeys (ConfUtils.java:logGet(43)) - raft.server.storage.dir = [/workdir/hadoop-ozone/integration-test/target/test-dir/MiniOzoneClusterImpl-94337b2b-47d0-4fc3-ad18-0e9fb5ac94e5/datanode-6/data/ratis] (custom)
2019-10-10 13:54:15,728 [pool-649-thread-1] INFO  server.RaftServerConfigKeys (ConfUtils.java:logGet(43)) - raft.server.log.corruption.policy = EXCEPTION (default)
2019-10-10 13:54:15,729 [pool-649-thread-1] INFO  storage.RaftStorageDirectory (RaftStorageDirectory.java:analyzeStorage(246)) - The storage directory /workdir/hadoop-ozone/integration-test/target/test-dir/MiniOzoneClusterImpl-94337b2b-47d0-4fc3-ad18-0e9fb5ac94e5/datanode-6/data/ratis/e8da1c30-7a35-47fb-b68f-d4652daed68d does not exist. Creating ...
2019-10-10 13:54:15,738 [main] INFO  rpc.RpcClient (RpcClient.java:createVolume(272)) - Creating Volume: testblockoutputstream, with jenkins1000 as owner.
2019-10-10 13:54:15,741 [pool-649-thread-1] INFO  storage.RaftStorageDirectory (RaftStorageDirectory.java:tryLock(328)) - Lock on /workdir/hadoop-ozone/integration-test/target/test-dir/MiniOzoneClusterImpl-94337b2b-47d0-4fc3-ad18-0e9fb5ac94e5/datanode-6/data/ratis/e8da1c30-7a35-47fb-b68f-d4652daed68d/in_use.lock acquired by nodename 15153@pr-hdds-2280-tn9v7-3755420433
2019-10-10 13:54:15,741 [IPC Server handler 2 on 35700] INFO  volume.OMVolumeCreateRequest (OMVolumeCreateRequest.java:validateAndUpdateCache(193)) - created volume:testblockoutputstream for user:jenkins1000
2019-10-10 13:54:15,755 [pool-649-thread-1] INFO  storage.RaftStorage (RaftStorage.java:format(84)) - Storage directory /workdir/hadoop-ozone/integration-test/target/test-dir/MiniOzoneClusterImpl-94337b2b-47d0-4fc3-ad18-0e9fb5ac94e5/datanode-6/data/ratis/e8da1c30-7a35-47fb-b68f-d4652daed68d has been successfully formatted.
2019-10-10 13:54:15,755 [pool-649-thread-1] INFO  ratis.ContainerStateMachine (ContainerStateMachine.java:loadSnapshot(231)) - group-D4652DAED68D: The snapshot info is null. Setting the last applied indexto:(t:0, i:~)
2019-10-10 13:54:15,755 [pool-649-thread-1] INFO  server.RaftServerConfigKeys (ConfUtils.java:logGet(43)) - raft.server.notification.no-leader.timeout = 120s (custom)
2019-10-10 13:54:15,755 [pool-649-thread-1] INFO  server.RaftServerConfigKeys (ConfUtils.java:logGet(43)) - raft.server.log.use.memory = false (default)
2019-10-10 13:54:15,755 [pool-649-thread-1] INFO  server.RaftServerConfigKeys (ConfUtils.java:logGet(43)) - raft.server.log.purge.gap = 1000000 (custom)
2019-10-10 13:54:15,755 [pool-649-thread-1] INFO  server.RaftServerConfigKeys (ConfUtils.java:logGet(43)) - raft.server.log.appender.buffer.byte-limit = 33554432 (custom)
2019-10-10 13:54:15,755 [main] INFO  rpc.RpcClient (RpcClient.java:createBucket(411)) - Creating Bucket: testblockoutputstream/testblockoutputstream, with Versioning false and Storage Type set to DISK and Encryption set to false 
2019-10-10 13:54:15,755 [pool-649-thread-1] INFO  server.RaftServerConfigKeys (ConfUtils.java:logGet(43)) - raft.server.log.segment.size.max = 1048576 (custom)
2019-10-10 13:54:15,757 [pool-649-thread-1] INFO  server.RaftServerConfigKeys (ConfUtils.java:logGet(43)) - raft.server.log.segment.cache.num.max = 2 (custom)
2019-10-10 13:54:15,760 [pool-649-thread-1] INFO  segmented.SegmentedRaftLogWorker (SegmentedRaftLogWorker.java:<init>(173)) - new 05e1d7c8-a800-4306-8ffe-d9206de7ec8b@group-D4652DAED68D-SegmentedRaftLogWorker for RaftStorage:Storage Directory /workdir/hadoop-ozone/integration-test/target/test-dir/MiniOzoneClusterImpl-94337b2b-47d0-4fc3-ad18-0e9fb5ac94e5/datanode-6/data/ratis/e8da1c30-7a35-47fb-b68f-d4652daed68d
2019-10-10 13:54:15,760 [pool-649-thread-1] INFO  server.RaftServerConfigKeys (ConfUtils.java:logGet(43)) - raft.server.log.queue.byte-limit = 2147483647 (custom)
2019-10-10 13:54:15,760 [pool-649-thread-1] INFO  server.RaftServerConfigKeys (ConfUtils.java:logGet(43)) - raft.server.log.queue.element-limit = 1024 (custom)
2019-10-10 13:54:15,760 [pool-649-thread-1] INFO  server.RaftServerConfigKeys (ConfUtils.java:logGet(43)) - raft.server.log.segment.size.max = 1048576 (custom)
2019-10-10 13:54:15,760 [pool-649-thread-1] INFO  server.RaftServerConfigKeys (ConfUtils.java:logGet(43)) - raft.server.log.preallocated.size = 16384 (custom)
2019-10-10 13:54:15,760 [pool-649-thread-1] INFO  server.RaftServerConfigKeys (ConfUtils.java:logGet(43)) - raft.server.log.write.buffer.size = 33554432 (custom)
2019-10-10 13:54:15,760 [pool-649-thread-1] INFO  server.RaftServerConfigKeys (ConfUtils.java:logGet(43)) - raft.server.log.force.sync.num = 128 (default)
2019-10-10 13:54:15,760 [pool-649-thread-1] INFO  server.RaftServerConfigKeys (ConfUtils.java:logGet(43)) - raft.server.log.statemachine.data.sync = true (default)
2019-10-10 13:54:15,760 [pool-649-thread-1] INFO  server.RaftServerConfigKeys (ConfUtils.java:logGet(43)) - raft.server.log.statemachine.data.sync.timeout = 10s (default)
2019-10-10 13:54:15,761 [pool-649-thread-1] INFO  server.RaftServerConfigKeys (ConfUtils.java:logGet(43)) - raft.server.log.statemachine.data.sync.timeout.retry = -1 (default)
2019-10-10 13:54:15,761 [pool-649-thread-1] INFO  server.RaftServerConfigKeys (ConfUtils.java:logGet(43)) - raft.server.log.statemachine.data.caching.enabled = true (custom)
2019-10-10 13:54:15,761 [pool-649-thread-1] INFO  segmented.SegmentedRaftLogWorker (SegmentedRaftLogWorker.java:lambda$new$0(128)) - 05e1d7c8-a800-4306-8ffe-d9206de7ec8b@group-D4652DAED68D-SegmentedRaftLogWorker: flushIndex: setUnconditionally 0 -> -1
2019-10-10 13:54:15,761 [pool-649-thread-1] INFO  server.RaftServerConfigKeys (ConfUtils.java:logGet(43)) - raft.server.snapshot.auto.trigger.enabled = true (custom)
2019-10-10 13:54:15,762 [pool-649-thread-1] INFO  server.RaftServerConfigKeys (ConfUtils.java:logGet(43)) - raft.server.snapshot.auto.trigger.threshold = 10000 (custom)
2019-10-10 13:54:15,762 [pool-649-thread-1] INFO  server.RaftServerConfigKeys (ConfUtils.java:logGet(43)) - raft.server.snapshot.retention.file.num = 5 (custom)
2019-10-10 13:54:15,762 [pool-649-thread-1] INFO  server.RaftServerConfigKeys (ConfUtils.java:logGet(43)) - raft.server.retrycache.expirytime = 600000ms (custom)
2019-10-10 13:54:15,763 [pool-649-thread-1] INFO  impl.RaftServerImpl (RaftServerImpl.java:start(181)) - 05e1d7c8-a800-4306-8ffe-d9206de7ec8b@group-D4652DAED68D: start as a follower, conf=-1: [05e1d7c8-a800-4306-8ffe-d9206de7ec8b:192.168.164.230:45331], old=null
2019-10-10 13:54:15,764 [pool-649-thread-1] INFO  impl.RaftServerImpl (RaftServerImpl.java:setRole(170)) - 05e1d7c8-a800-4306-8ffe-d9206de7ec8b@group-D4652DAED68D: changes role from      null to FOLLOWER at term 0 for startAsFollower
2019-10-10 13:54:15,764 [pool-649-thread-1] INFO  impl.RoleInfo (RoleInfo.java:updateAndGet(143)) - 05e1d7c8-a800-4306-8ffe-d9206de7ec8b: start FollowerState
2019-10-10 13:54:15,764 [pool-649-thread-1] INFO  util.JmxRegister (JmxRegister.java:tryRegister(44)) - Successfully registered JMX Bean with object name Ratis:service=RaftServer,group=group-D4652DAED68D,id=05e1d7c8-a800-4306-8ffe-d9206de7ec8b
2019-10-10 13:54:15,768 [RatisPipelineUtilsThread] INFO  pipeline.PipelineStateManager (PipelineStateManager.java:addPipeline(56)) - Created pipeline Pipeline[ Id: e8da1c30-7a35-47fb-b68f-d4652daed68d, Nodes: 05e1d7c8-a800-4306-8ffe-d9206de7ec8b{ip: 192.168.164.230, host: pr-hdds-2280-tn9v7-3755420433, networkLocation: /default-rack, certSerialId: null}, Type:RATIS, Factor:ONE, State:OPEN]
2019-10-10 13:54:15,784 [grpc-default-executor-9] INFO  impl.RaftServerProxy (RaftServerProxy.java:addNew(89)) - 1179372a-faa2-49b5-baee-70d755ab77f9: addNew group-61595BF6CE92:[1179372a-faa2-49b5-baee-70d755ab77f9:192.168.164.230:32914] returns group-61595BF6CE92:java.util.concurrent.CompletableFuture@79000e2[Not completed]
2019-10-10 13:54:15,786 [pool-629-thread-1] INFO  impl.RaftServerImpl (RaftServerImpl.java:<init>(95)) - 1179372a-faa2-49b5-baee-70d755ab77f9: new RaftServerImpl for group-61595BF6CE92:[1179372a-faa2-49b5-baee-70d755ab77f9:192.168.164.230:32914] with ContainerStateMachine:uninitialized
2019-10-10 13:54:15,786 [pool-629-thread-1] INFO  server.RaftServerConfigKeys (ConfUtils.java:logGet(43)) - raft.server.rpc.timeout.min = 5s (custom)
2019-10-10 13:54:15,786 [pool-629-thread-1] INFO  server.RaftServerConfigKeys (ConfUtils.java:logGet(43)) - raft.server.rpc.timeout.max = 5200ms (custom)
2019-10-10 13:54:15,786 [pool-629-thread-1] INFO  server.RaftServerConfigKeys (ConfUtils.java:logGet(43)) - raft.server.rpcslowness.timeout = 120s (custom)
2019-10-10 13:54:15,786 [pool-629-thread-1] INFO  server.RaftServerConfigKeys (ConfUtils.java:logGet(43)) - raft.server.sleep.deviation.threshold = 300 (default)
2019-10-10 13:54:15,786 [pool-629-thread-1] INFO  server.RaftServerConfigKeys (ConfUtils.java:logGet(43)) - raft.server.log.appender.install.snapshot.enabled = false (custom)
2019-10-10 13:54:15,786 [pool-629-thread-1] INFO  impl.RaftServerImpl (ServerState.java:<init>(103)) - 1179372a-faa2-49b5-baee-70d755ab77f9@group-61595BF6CE92: ConfigurationManager, init=-1: [1179372a-faa2-49b5-baee-70d755ab77f9:192.168.164.230:32914], old=null, confs=<EMPTY_MAP>
2019-10-10 13:54:15,787 [pool-629-thread-1] INFO  server.RaftServerConfigKeys (ConfUtils.java:logGet(43)) - raft.server.storage.dir = [/workdir/hadoop-ozone/integration-test/target/test-dir/MiniOzoneClusterImpl-94337b2b-47d0-4fc3-ad18-0e9fb5ac94e5/datanode-4/data/ratis] (custom)
2019-10-10 13:54:15,787 [pool-629-thread-1] INFO  server.RaftServerConfigKeys (ConfUtils.java:logGet(43)) - raft.server.log.corruption.policy = EXCEPTION (default)
2019-10-10 13:54:15,787 [pool-629-thread-1] INFO  storage.RaftStorageDirectory (RaftStorageDirectory.java:analyzeStorage(246)) - The storage directory /workdir/hadoop-ozone/integration-test/target/test-dir/MiniOzoneClusterImpl-94337b2b-47d0-4fc3-ad18-0e9fb5ac94e5/datanode-4/data/ratis/5de9d8ea-66cf-4e4e-a36f-61595bf6ce92 does not exist. Creating ...
2019-10-10 13:54:15,800 [pool-629-thread-1] INFO  storage.RaftStorageDirectory (RaftStorageDirectory.java:tryLock(328)) - Lock on /workdir/hadoop-ozone/integration-test/target/test-dir/MiniOzoneClusterImpl-94337b2b-47d0-4fc3-ad18-0e9fb5ac94e5/datanode-4/data/ratis/5de9d8ea-66cf-4e4e-a36f-61595bf6ce92/in_use.lock acquired by nodename 15153@pr-hdds-2280-tn9v7-3755420433
2019-10-10 13:54:15,813 [pool-629-thread-1] INFO  storage.RaftStorage (RaftStorage.java:format(84)) - Storage directory /workdir/hadoop-ozone/integration-test/target/test-dir/MiniOzoneClusterImpl-94337b2b-47d0-4fc3-ad18-0e9fb5ac94e5/datanode-4/data/ratis/5de9d8ea-66cf-4e4e-a36f-61595bf6ce92 has been successfully formatted.
2019-10-10 13:54:15,813 [pool-629-thread-1] INFO  ratis.ContainerStateMachine (ContainerStateMachine.java:loadSnapshot(231)) - group-61595BF6CE92: The snapshot info is null. Setting the last applied indexto:(t:0, i:~)
2019-10-10 13:54:15,813 [pool-629-thread-1] INFO  server.RaftServerConfigKeys (ConfUtils.java:logGet(43)) - raft.server.notification.no-leader.timeout = 120s (custom)
2019-10-10 13:54:15,813 [pool-629-thread-1] INFO  server.RaftServerConfigKeys (ConfUtils.java:logGet(43)) - raft.server.log.use.memory = false (default)
2019-10-10 13:54:15,813 [pool-629-thread-1] INFO  server.RaftServerConfigKeys (ConfUtils.java:logGet(43)) - raft.server.log.purge.gap = 1000000 (custom)
2019-10-10 13:54:15,814 [pool-629-thread-1] INFO  server.RaftServerConfigKeys (ConfUtils.java:logGet(43)) - raft.server.log.appender.buffer.byte-limit = 33554432 (custom)
2019-10-10 13:54:15,814 [pool-629-thread-1] INFO  server.RaftServerConfigKeys (ConfUtils.java:logGet(43)) - raft.server.log.segment.size.max = 1048576 (custom)
2019-10-10 13:54:15,815 [pool-629-thread-1] INFO  server.RaftServerConfigKeys (ConfUtils.java:logGet(43)) - raft.server.log.segment.cache.num.max = 2 (custom)
2019-10-10 13:54:15,815 [pool-629-thread-1] INFO  segmented.SegmentedRaftLogWorker (SegmentedRaftLogWorker.java:<init>(173)) - new 1179372a-faa2-49b5-baee-70d755ab77f9@group-61595BF6CE92-SegmentedRaftLogWorker for RaftStorage:Storage Directory /workdir/hadoop-ozone/integration-test/target/test-dir/MiniOzoneClusterImpl-94337b2b-47d0-4fc3-ad18-0e9fb5ac94e5/datanode-4/data/ratis/5de9d8ea-66cf-4e4e-a36f-61595bf6ce92
2019-10-10 13:54:15,816 [pool-629-thread-1] INFO  server.RaftServerConfigKeys (ConfUtils.java:logGet(43)) - raft.server.log.queue.byte-limit = 2147483647 (custom)
2019-10-10 13:54:15,816 [pool-629-thread-1] INFO  server.RaftServerConfigKeys (ConfUtils.java:logGet(43)) - raft.server.log.queue.element-limit = 1024 (custom)
2019-10-10 13:54:15,816 [pool-629-thread-1] INFO  server.RaftServerConfigKeys (ConfUtils.java:logGet(43)) - raft.server.log.segment.size.max = 1048576 (custom)
2019-10-10 13:54:15,816 [pool-629-thread-1] INFO  server.RaftServerConfigKeys (ConfUtils.java:logGet(43)) - raft.server.log.preallocated.size = 16384 (custom)
2019-10-10 13:54:15,816 [pool-629-thread-1] INFO  server.RaftServerConfigKeys (ConfUtils.java:logGet(43)) - raft.server.log.write.buffer.size = 33554432 (custom)
2019-10-10 13:54:15,816 [pool-629-thread-1] INFO  server.RaftServerConfigKeys (ConfUtils.java:logGet(43)) - raft.server.log.force.sync.num = 128 (default)
2019-10-10 13:54:15,816 [pool-629-thread-1] INFO  server.RaftServerConfigKeys (ConfUtils.java:logGet(43)) - raft.server.log.statemachine.data.sync = true (default)
2019-10-10 13:54:15,816 [pool-629-thread-1] INFO  server.RaftServerConfigKeys (ConfUtils.java:logGet(43)) - raft.server.log.statemachine.data.sync.timeout = 10s (default)
2019-10-10 13:54:15,816 [pool-629-thread-1] INFO  server.RaftServerConfigKeys (ConfUtils.java:logGet(43)) - raft.server.log.statemachine.data.sync.timeout.retry = -1 (default)
2019-10-10 13:54:15,817 [pool-629-thread-1] INFO  server.RaftServerConfigKeys (ConfUtils.java:logGet(43)) - raft.server.log.statemachine.data.caching.enabled = true (custom)
2019-10-10 13:54:15,817 [pool-629-thread-1] INFO  segmented.SegmentedRaftLogWorker (SegmentedRaftLogWorker.java:lambda$new$0(128)) - 1179372a-faa2-49b5-baee-70d755ab77f9@group-61595BF6CE92-SegmentedRaftLogWorker: flushIndex: setUnconditionally 0 -> -1
2019-10-10 13:54:15,817 [pool-629-thread-1] INFO  server.RaftServerConfigKeys (ConfUtils.java:logGet(43)) - raft.server.snapshot.auto.trigger.enabled = true (custom)
2019-10-10 13:54:15,817 [pool-629-thread-1] INFO  server.RaftServerConfigKeys (ConfUtils.java:logGet(43)) - raft.server.snapshot.auto.trigger.threshold = 10000 (custom)
2019-10-10 13:54:15,818 [pool-629-thread-1] INFO  server.RaftServerConfigKeys (ConfUtils.java:logGet(43)) - raft.server.snapshot.retention.file.num = 5 (custom)
2019-10-10 13:54:15,818 [pool-629-thread-1] INFO  server.RaftServerConfigKeys (ConfUtils.java:logGet(43)) - raft.server.retrycache.expirytime = 600000ms (custom)
2019-10-10 13:54:15,819 [pool-629-thread-1] INFO  impl.RaftServerImpl (RaftServerImpl.java:start(181)) - 1179372a-faa2-49b5-baee-70d755ab77f9@group-61595BF6CE92: start as a follower, conf=-1: [1179372a-faa2-49b5-baee-70d755ab77f9:192.168.164.230:32914], old=null
2019-10-10 13:54:15,819 [pool-629-thread-1] INFO  impl.RaftServerImpl (RaftServerImpl.java:setRole(170)) - 1179372a-faa2-49b5-baee-70d755ab77f9@group-61595BF6CE92: changes role from      null to FOLLOWER at term 0 for startAsFollower
2019-10-10 13:54:15,819 [pool-629-thread-1] INFO  impl.RoleInfo (RoleInfo.java:updateAndGet(143)) - 1179372a-faa2-49b5-baee-70d755ab77f9: start FollowerState
2019-10-10 13:54:15,820 [pool-629-thread-1] INFO  util.JmxRegister (JmxRegister.java:tryRegister(44)) - Successfully registered JMX Bean with object name Ratis:service=RaftServer,group=group-61595BF6CE92,id=1179372a-faa2-49b5-baee-70d755ab77f9
2019-10-10 13:54:15,823 [RatisPipelineUtilsThread] INFO  pipeline.PipelineStateManager (PipelineStateManager.java:addPipeline(56)) - Created pipeline Pipeline[ Id: 5de9d8ea-66cf-4e4e-a36f-61595bf6ce92, Nodes: 1179372a-faa2-49b5-baee-70d755ab77f9{ip: 192.168.164.230, host: pr-hdds-2280-tn9v7-3755420433, networkLocation: /default-rack, certSerialId: null}, Type:RATIS, Factor:ONE, State:OPEN]
2019-10-10 13:54:15,843 [grpc-default-executor-9] INFO  impl.RaftServerProxy (RaftServerProxy.java:addNew(89)) - 05e1d7c8-a800-4306-8ffe-d9206de7ec8b: addNew group-695DAE03FDF5:[05e1d7c8-a800-4306-8ffe-d9206de7ec8b:192.168.164.230:45331, 879d252b-2a05-4827-9377-7fbe1b4b2325:192.168.164.230:46261, af1b0ec7-0cc6-47df-a217-7d3b9288f5b8:192.168.164.230:44539] returns group-695DAE03FDF5:java.util.concurrent.CompletableFuture@2f4d9a2d[Not completed]
2019-10-10 13:54:15,843 [grpc-default-executor-5] INFO  impl.RaftServerProxy (RaftServerProxy.java:addNew(89)) - af1b0ec7-0cc6-47df-a217-7d3b9288f5b8: addNew group-695DAE03FDF5:[05e1d7c8-a800-4306-8ffe-d9206de7ec8b:192.168.164.230:45331, 879d252b-2a05-4827-9377-7fbe1b4b2325:192.168.164.230:46261, af1b0ec7-0cc6-47df-a217-7d3b9288f5b8:192.168.164.230:44539] returns group-695DAE03FDF5:java.util.concurrent.CompletableFuture@20fc1177[Not completed]
2019-10-10 13:54:15,843 [grpc-default-executor-8] INFO  impl.RaftServerProxy (RaftServerProxy.java:addNew(89)) - 879d252b-2a05-4827-9377-7fbe1b4b2325: addNew group-695DAE03FDF5:[05e1d7c8-a800-4306-8ffe-d9206de7ec8b:192.168.164.230:45331, 879d252b-2a05-4827-9377-7fbe1b4b2325:192.168.164.230:46261, af1b0ec7-0cc6-47df-a217-7d3b9288f5b8:192.168.164.230:44539] returns group-695DAE03FDF5:java.util.concurrent.CompletableFuture@2ab1b84f[Not completed]
2019-10-10 13:54:15,844 [pool-649-thread-1] INFO  impl.RaftServerImpl (RaftServerImpl.java:<init>(95)) - 05e1d7c8-a800-4306-8ffe-d9206de7ec8b: new RaftServerImpl for group-695DAE03FDF5:[05e1d7c8-a800-4306-8ffe-d9206de7ec8b:192.168.164.230:45331, 879d252b-2a05-4827-9377-7fbe1b4b2325:192.168.164.230:46261, af1b0ec7-0cc6-47df-a217-7d3b9288f5b8:192.168.164.230:44539] with ContainerStateMachine:uninitialized
2019-10-10 13:54:15,844 [pool-649-thread-1] INFO  server.RaftServerConfigKeys (ConfUtils.java:logGet(43)) - raft.server.rpc.timeout.min = 5s (custom)
2019-10-10 13:54:15,844 [pool-649-thread-1] INFO  server.RaftServerConfigKeys (ConfUtils.java:logGet(43)) - raft.server.rpc.timeout.max = 5200ms (custom)
2019-10-10 13:54:15,844 [pool-649-thread-1] INFO  server.RaftServerConfigKeys (ConfUtils.java:logGet(43)) - raft.server.rpcslowness.timeout = 120s (custom)
2019-10-10 13:54:15,844 [pool-649-thread-1] INFO  server.RaftServerConfigKeys (ConfUtils.java:logGet(43)) - raft.server.sleep.deviation.threshold = 300 (default)
2019-10-10 13:54:15,844 [pool-649-thread-1] INFO  server.RaftServerConfigKeys (ConfUtils.java:logGet(43)) - raft.server.log.appender.install.snapshot.enabled = false (custom)
2019-10-10 13:54:15,844 [pool-639-thread-1] INFO  impl.RaftServerImpl (RaftServerImpl.java:<init>(95)) - af1b0ec7-0cc6-47df-a217-7d3b9288f5b8: new RaftServerImpl for group-695DAE03FDF5:[05e1d7c8-a800-4306-8ffe-d9206de7ec8b:192.168.164.230:45331, 879d252b-2a05-4827-9377-7fbe1b4b2325:192.168.164.230:46261, af1b0ec7-0cc6-47df-a217-7d3b9288f5b8:192.168.164.230:44539] with ContainerStateMachine:uninitialized
2019-10-10 13:54:15,844 [pool-649-thread-1] INFO  impl.RaftServerImpl (ServerState.java:<init>(103)) - 05e1d7c8-a800-4306-8ffe-d9206de7ec8b@group-695DAE03FDF5: ConfigurationManager, init=-1: [05e1d7c8-a800-4306-8ffe-d9206de7ec8b:192.168.164.230:45331, 879d252b-2a05-4827-9377-7fbe1b4b2325:192.168.164.230:46261, af1b0ec7-0cc6-47df-a217-7d3b9288f5b8:192.168.164.230:44539], old=null, confs=<EMPTY_MAP>
2019-10-10 13:54:15,844 [pool-639-thread-1] INFO  server.RaftServerConfigKeys (ConfUtils.java:logGet(43)) - raft.server.rpc.timeout.min = 5s (custom)
2019-10-10 13:54:15,845 [pool-649-thread-1] INFO  server.RaftServerConfigKeys (ConfUtils.java:logGet(43)) - raft.server.storage.dir = [/workdir/hadoop-ozone/integration-test/target/test-dir/MiniOzoneClusterImpl-94337b2b-47d0-4fc3-ad18-0e9fb5ac94e5/datanode-6/data/ratis] (custom)
2019-10-10 13:54:15,845 [pool-639-thread-1] INFO  server.RaftServerConfigKeys (ConfUtils.java:logGet(43)) - raft.server.rpc.timeout.max = 5200ms (custom)
2019-10-10 13:54:15,845 [pool-639-thread-1] INFO  server.RaftServerConfigKeys (ConfUtils.java:logGet(43)) - raft.server.rpcslowness.timeout = 120s (custom)
2019-10-10 13:54:15,845 [pool-639-thread-1] INFO  server.RaftServerConfigKeys (ConfUtils.java:logGet(43)) - raft.server.sleep.deviation.threshold = 300 (default)
2019-10-10 13:54:15,845 [pool-649-thread-1] INFO  server.RaftServerConfigKeys (ConfUtils.java:logGet(43)) - raft.server.log.corruption.policy = EXCEPTION (default)
2019-10-10 13:54:15,845 [pool-639-thread-1] INFO  server.RaftServerConfigKeys (ConfUtils.java:logGet(43)) - raft.server.log.appender.install.snapshot.enabled = false (custom)
2019-10-10 13:54:15,845 [pool-619-thread-1] INFO  impl.RaftServerImpl (RaftServerImpl.java:<init>(95)) - 879d252b-2a05-4827-9377-7fbe1b4b2325: new RaftServerImpl for group-695DAE03FDF5:[05e1d7c8-a800-4306-8ffe-d9206de7ec8b:192.168.164.230:45331, 879d252b-2a05-4827-9377-7fbe1b4b2325:192.168.164.230:46261, af1b0ec7-0cc6-47df-a217-7d3b9288f5b8:192.168.164.230:44539] with ContainerStateMachine:uninitialized
2019-10-10 13:54:15,845 [pool-639-thread-1] INFO  impl.RaftServerImpl (ServerState.java:<init>(103)) - af1b0ec7-0cc6-47df-a217-7d3b9288f5b8@group-695DAE03FDF5: ConfigurationManager, init=-1: [05e1d7c8-a800-4306-8ffe-d9206de7ec8b:192.168.164.230:45331, 879d252b-2a05-4827-9377-7fbe1b4b2325:192.168.164.230:46261, af1b0ec7-0cc6-47df-a217-7d3b9288f5b8:192.168.164.230:44539], old=null, confs=<EMPTY_MAP>
2019-10-10 13:54:15,845 [pool-649-thread-1] INFO  storage.RaftStorageDirectory (RaftStorageDirectory.java:analyzeStorage(246)) - The storage directory /workdir/hadoop-ozone/integration-test/target/test-dir/MiniOzoneClusterImpl-94337b2b-47d0-4fc3-ad18-0e9fb5ac94e5/datanode-6/data/ratis/a0542868-a800-4c3a-af97-695dae03fdf5 does not exist. Creating ...
2019-10-10 13:54:15,845 [pool-639-thread-1] INFO  server.RaftServerConfigKeys (ConfUtils.java:logGet(43)) - raft.server.storage.dir = [/workdir/hadoop-ozone/integration-test/target/test-dir/MiniOzoneClusterImpl-94337b2b-47d0-4fc3-ad18-0e9fb5ac94e5/datanode-5/data/ratis] (custom)
2019-10-10 13:54:15,845 [pool-619-thread-1] INFO  server.RaftServerConfigKeys (ConfUtils.java:logGet(43)) - raft.server.rpc.timeout.min = 5s (custom)
2019-10-10 13:54:15,846 [pool-619-thread-1] INFO  server.RaftServerConfigKeys (ConfUtils.java:logGet(43)) - raft.server.rpc.timeout.max = 5200ms (custom)
2019-10-10 13:54:15,846 [pool-639-thread-1] INFO  server.RaftServerConfigKeys (ConfUtils.java:logGet(43)) - raft.server.log.corruption.policy = EXCEPTION (default)
2019-10-10 13:54:15,846 [pool-619-thread-1] INFO  server.RaftServerConfigKeys (ConfUtils.java:logGet(43)) - raft.server.rpcslowness.timeout = 120s (custom)
2019-10-10 13:54:15,846 [pool-639-thread-1] INFO  storage.RaftStorageDirectory (RaftStorageDirectory.java:analyzeStorage(246)) - The storage directory /workdir/hadoop-ozone/integration-test/target/test-dir/MiniOzoneClusterImpl-94337b2b-47d0-4fc3-ad18-0e9fb5ac94e5/datanode-5/data/ratis/a0542868-a800-4c3a-af97-695dae03fdf5 does not exist. Creating ...
2019-10-10 13:54:15,846 [pool-619-thread-1] INFO  server.RaftServerConfigKeys (ConfUtils.java:logGet(43)) - raft.server.sleep.deviation.threshold = 300 (default)
2019-10-10 13:54:15,846 [pool-619-thread-1] INFO  server.RaftServerConfigKeys (ConfUtils.java:logGet(43)) - raft.server.log.appender.install.snapshot.enabled = false (custom)
2019-10-10 13:54:15,846 [pool-619-thread-1] INFO  impl.RaftServerImpl (ServerState.java:<init>(103)) - 879d252b-2a05-4827-9377-7fbe1b4b2325@group-695DAE03FDF5: ConfigurationManager, init=-1: [05e1d7c8-a800-4306-8ffe-d9206de7ec8b:192.168.164.230:45331, 879d252b-2a05-4827-9377-7fbe1b4b2325:192.168.164.230:46261, af1b0ec7-0cc6-47df-a217-7d3b9288f5b8:192.168.164.230:44539], old=null, confs=<EMPTY_MAP>
2019-10-10 13:54:15,846 [pool-619-thread-1] INFO  server.RaftServerConfigKeys (ConfUtils.java:logGet(43)) - raft.server.storage.dir = [/workdir/hadoop-ozone/integration-test/target/test-dir/MiniOzoneClusterImpl-94337b2b-47d0-4fc3-ad18-0e9fb5ac94e5/datanode-3/data/ratis] (custom)
2019-10-10 13:54:15,847 [pool-619-thread-1] INFO  server.RaftServerConfigKeys (ConfUtils.java:logGet(43)) - raft.server.log.corruption.policy = EXCEPTION (default)
2019-10-10 13:54:15,847 [pool-619-thread-1] INFO  storage.RaftStorageDirectory (RaftStorageDirectory.java:analyzeStorage(246)) - The storage directory /workdir/hadoop-ozone/integration-test/target/test-dir/MiniOzoneClusterImpl-94337b2b-47d0-4fc3-ad18-0e9fb5ac94e5/datanode-3/data/ratis/a0542868-a800-4c3a-af97-695dae03fdf5 does not exist. Creating ...
2019-10-10 13:54:15,859 [pool-639-thread-1] INFO  storage.RaftStorageDirectory (RaftStorageDirectory.java:tryLock(328)) - Lock on /workdir/hadoop-ozone/integration-test/target/test-dir/MiniOzoneClusterImpl-94337b2b-47d0-4fc3-ad18-0e9fb5ac94e5/datanode-5/data/ratis/a0542868-a800-4c3a-af97-695dae03fdf5/in_use.lock acquired by nodename 15153@pr-hdds-2280-tn9v7-3755420433
2019-10-10 13:54:15,859 [pool-649-thread-1] INFO  storage.RaftStorageDirectory (RaftStorageDirectory.java:tryLock(328)) - Lock on /workdir/hadoop-ozone/integration-test/target/test-dir/MiniOzoneClusterImpl-94337b2b-47d0-4fc3-ad18-0e9fb5ac94e5/datanode-6/data/ratis/a0542868-a800-4c3a-af97-695dae03fdf5/in_use.lock acquired by nodename 15153@pr-hdds-2280-tn9v7-3755420433
2019-10-10 13:54:15,859 [pool-619-thread-1] INFO  storage.RaftStorageDirectory (RaftStorageDirectory.java:tryLock(328)) - Lock on /workdir/hadoop-ozone/integration-test/target/test-dir/MiniOzoneClusterImpl-94337b2b-47d0-4fc3-ad18-0e9fb5ac94e5/datanode-3/data/ratis/a0542868-a800-4c3a-af97-695dae03fdf5/in_use.lock acquired by nodename 15153@pr-hdds-2280-tn9v7-3755420433
2019-10-10 13:54:15,872 [pool-639-thread-1] INFO  storage.RaftStorage (RaftStorage.java:format(84)) - Storage directory /workdir/hadoop-ozone/integration-test/target/test-dir/MiniOzoneClusterImpl-94337b2b-47d0-4fc3-ad18-0e9fb5ac94e5/datanode-5/data/ratis/a0542868-a800-4c3a-af97-695dae03fdf5 has been successfully formatted.
2019-10-10 13:54:15,872 [pool-649-thread-1] INFO  storage.RaftStorage (RaftStorage.java:format(84)) - Storage directory /workdir/hadoop-ozone/integration-test/target/test-dir/MiniOzoneClusterImpl-94337b2b-47d0-4fc3-ad18-0e9fb5ac94e5/datanode-6/data/ratis/a0542868-a800-4c3a-af97-695dae03fdf5 has been successfully formatted.
2019-10-10 13:54:15,872 [pool-619-thread-1] INFO  storage.RaftStorage (RaftStorage.java:format(84)) - Storage directory /workdir/hadoop-ozone/integration-test/target/test-dir/MiniOzoneClusterImpl-94337b2b-47d0-4fc3-ad18-0e9fb5ac94e5/datanode-3/data/ratis/a0542868-a800-4c3a-af97-695dae03fdf5 has been successfully formatted.
2019-10-10 13:54:15,872 [pool-639-thread-1] INFO  ratis.ContainerStateMachine (ContainerStateMachine.java:loadSnapshot(231)) - group-695DAE03FDF5: The snapshot info is null. Setting the last applied indexto:(t:0, i:~)
2019-10-10 13:54:15,873 [pool-619-thread-1] INFO  ratis.ContainerStateMachine (ContainerStateMachine.java:loadSnapshot(231)) - group-695DAE03FDF5: The snapshot info is null. Setting the last applied indexto:(t:0, i:~)
2019-10-10 13:54:15,873 [pool-649-thread-1] INFO  ratis.ContainerStateMachine (ContainerStateMachine.java:loadSnapshot(231)) - group-695DAE03FDF5: The snapshot info is null. Setting the last applied indexto:(t:0, i:~)
2019-10-10 13:54:15,873 [pool-619-thread-1] INFO  server.RaftServerConfigKeys (ConfUtils.java:logGet(43)) - raft.server.notification.no-leader.timeout = 120s (custom)
2019-10-10 13:54:15,873 [pool-639-thread-1] INFO  server.RaftServerConfigKeys (ConfUtils.java:logGet(43)) - raft.server.notification.no-leader.timeout = 120s (custom)
2019-10-10 13:54:15,873 [pool-619-thread-1] INFO  server.RaftServerConfigKeys (ConfUtils.java:logGet(43)) - raft.server.log.use.memory = false (default)
2019-10-10 13:54:15,873 [pool-649-thread-1] INFO  server.RaftServerConfigKeys (ConfUtils.java:logGet(43)) - raft.server.notification.no-leader.timeout = 120s (custom)
2019-10-10 13:54:15,873 [pool-619-thread-1] INFO  server.RaftServerConfigKeys (ConfUtils.java:logGet(43)) - raft.server.log.purge.gap = 1000000 (custom)
2019-10-10 13:54:15,873 [pool-639-thread-1] INFO  server.RaftServerConfigKeys (ConfUtils.java:logGet(43)) - raft.server.log.use.memory = false (default)
2019-10-10 13:54:15,873 [pool-619-thread-1] INFO  server.RaftServerConfigKeys (ConfUtils.java:logGet(43)) - raft.server.log.appender.buffer.byte-limit = 33554432 (custom)
2019-10-10 13:54:15,873 [pool-649-thread-1] INFO  server.RaftServerConfigKeys (ConfUtils.java:logGet(43)) - raft.server.log.use.memory = false (default)
2019-10-10 13:54:15,874 [pool-619-thread-1] INFO  server.RaftServerConfigKeys (ConfUtils.java:logGet(43)) - raft.server.log.segment.size.max = 1048576 (custom)
2019-10-10 13:54:15,874 [pool-639-thread-1] INFO  server.RaftServerConfigKeys (ConfUtils.java:logGet(43)) - raft.server.log.purge.gap = 1000000 (custom)
2019-10-10 13:54:15,874 [pool-619-thread-1] INFO  server.RaftServerConfigKeys (ConfUtils.java:logGet(43)) - raft.server.log.segment.cache.num.max = 2 (custom)
2019-10-10 13:54:15,874 [pool-649-thread-1] INFO  server.RaftServerConfigKeys (ConfUtils.java:logGet(43)) - raft.server.log.purge.gap = 1000000 (custom)
2019-10-10 13:54:15,874 [pool-619-thread-1] INFO  segmented.SegmentedRaftLogWorker (SegmentedRaftLogWorker.java:<init>(173)) - new 879d252b-2a05-4827-9377-7fbe1b4b2325@group-695DAE03FDF5-SegmentedRaftLogWorker for RaftStorage:Storage Directory /workdir/hadoop-ozone/integration-test/target/test-dir/MiniOzoneClusterImpl-94337b2b-47d0-4fc3-ad18-0e9fb5ac94e5/datanode-3/data/ratis/a0542868-a800-4c3a-af97-695dae03fdf5
2019-10-10 13:54:15,874 [pool-639-thread-1] INFO  server.RaftServerConfigKeys (ConfUtils.java:logGet(43)) - raft.server.log.appender.buffer.byte-limit = 33554432 (custom)
2019-10-10 13:54:15,874 [pool-619-thread-1] INFO  server.RaftServerConfigKeys (ConfUtils.java:logGet(43)) - raft.server.log.queue.byte-limit = 2147483647 (custom)
2019-10-10 13:54:15,874 [pool-649-thread-1] INFO  server.RaftServerConfigKeys (ConfUtils.java:logGet(43)) - raft.server.log.appender.buffer.byte-limit = 33554432 (custom)
2019-10-10 13:54:15,875 [pool-619-thread-1] INFO  server.RaftServerConfigKeys (ConfUtils.java:logGet(43)) - raft.server.log.queue.element-limit = 1024 (custom)
2019-10-10 13:54:15,874 [pool-639-thread-1] INFO  server.RaftServerConfigKeys (ConfUtils.java:logGet(43)) - raft.server.log.segment.size.max = 1048576 (custom)
2019-10-10 13:54:15,875 [pool-619-thread-1] INFO  server.RaftServerConfigKeys (ConfUtils.java:logGet(43)) - raft.server.log.segment.size.max = 1048576 (custom)
2019-10-10 13:54:15,875 [pool-649-thread-1] INFO  server.RaftServerConfigKeys (ConfUtils.java:logGet(43)) - raft.server.log.segment.size.max = 1048576 (custom)
2019-10-10 13:54:15,875 [pool-619-thread-1] INFO  server.RaftServerConfigKeys (ConfUtils.java:logGet(43)) - raft.server.log.preallocated.size = 16384 (custom)
2019-10-10 13:54:15,875 [pool-639-thread-1] INFO  server.RaftServerConfigKeys (ConfUtils.java:logGet(43)) - raft.server.log.segment.cache.num.max = 2 (custom)
2019-10-10 13:54:15,875 [pool-619-thread-1] INFO  server.RaftServerConfigKeys (ConfUtils.java:logGet(43)) - raft.server.log.write.buffer.size = 33554432 (custom)
2019-10-10 13:54:15,875 [pool-649-thread-1] INFO  server.RaftServerConfigKeys (ConfUtils.java:logGet(43)) - raft.server.log.segment.cache.num.max = 2 (custom)
2019-10-10 13:54:15,875 [pool-619-thread-1] INFO  server.RaftServerConfigKeys (ConfUtils.java:logGet(43)) - raft.server.log.force.sync.num = 128 (default)
2019-10-10 13:54:15,875 [pool-639-thread-1] INFO  segmented.SegmentedRaftLogWorker (SegmentedRaftLogWorker.java:<init>(173)) - new af1b0ec7-0cc6-47df-a217-7d3b9288f5b8@group-695DAE03FDF5-SegmentedRaftLogWorker for RaftStorage:Storage Directory /workdir/hadoop-ozone/integration-test/target/test-dir/MiniOzoneClusterImpl-94337b2b-47d0-4fc3-ad18-0e9fb5ac94e5/datanode-5/data/ratis/a0542868-a800-4c3a-af97-695dae03fdf5
2019-10-10 13:54:15,876 [pool-619-thread-1] INFO  server.RaftServerConfigKeys (ConfUtils.java:logGet(43)) - raft.server.log.statemachine.data.sync = true (default)
2019-10-10 13:54:15,876 [pool-619-thread-1] INFO  server.RaftServerConfigKeys (ConfUtils.java:logGet(43)) - raft.server.log.statemachine.data.sync.timeout = 10s (default)
2019-10-10 13:54:15,876 [pool-649-thread-1] INFO  segmented.SegmentedRaftLogWorker (SegmentedRaftLogWorker.java:<init>(173)) - new 05e1d7c8-a800-4306-8ffe-d9206de7ec8b@group-695DAE03FDF5-SegmentedRaftLogWorker for RaftStorage:Storage Directory /workdir/hadoop-ozone/integration-test/target/test-dir/MiniOzoneClusterImpl-94337b2b-47d0-4fc3-ad18-0e9fb5ac94e5/datanode-6/data/ratis/a0542868-a800-4c3a-af97-695dae03fdf5
2019-10-10 13:54:15,876 [pool-619-thread-1] INFO  server.RaftServerConfigKeys (ConfUtils.java:logGet(43)) - raft.server.log.statemachine.data.sync.timeout.retry = -1 (default)
2019-10-10 13:54:15,876 [pool-639-thread-1] INFO  server.RaftServerConfigKeys (ConfUtils.java:logGet(43)) - raft.server.log.queue.byte-limit = 2147483647 (custom)
2019-10-10 13:54:15,876 [pool-619-thread-1] INFO  server.RaftServerConfigKeys (ConfUtils.java:logGet(43)) - raft.server.log.statemachine.data.caching.enabled = true (custom)
2019-10-10 13:54:15,876 [pool-649-thread-1] INFO  server.RaftServerConfigKeys (ConfUtils.java:logGet(43)) - raft.server.log.queue.byte-limit = 2147483647 (custom)
2019-10-10 13:54:15,876 [pool-639-thread-1] INFO  server.RaftServerConfigKeys (ConfUtils.java:logGet(43)) - raft.server.log.queue.element-limit = 1024 (custom)
2019-10-10 13:54:15,876 [pool-619-thread-1] INFO  segmented.SegmentedRaftLogWorker (SegmentedRaftLogWorker.java:lambda$new$0(128)) - 879d252b-2a05-4827-9377-7fbe1b4b2325@group-695DAE03FDF5-SegmentedRaftLogWorker: flushIndex: setUnconditionally 0 -> -1
2019-10-10 13:54:15,876 [pool-649-thread-1] INFO  server.RaftServerConfigKeys (ConfUtils.java:logGet(43)) - raft.server.log.queue.element-limit = 1024 (custom)
2019-10-10 13:54:15,877 [pool-639-thread-1] INFO  server.RaftServerConfigKeys (ConfUtils.java:logGet(43)) - raft.server.log.segment.size.max = 1048576 (custom)
2019-10-10 13:54:15,877 [pool-649-thread-1] INFO  server.RaftServerConfigKeys (ConfUtils.java:logGet(43)) - raft.server.log.segment.size.max = 1048576 (custom)
2019-10-10 13:54:15,877 [pool-619-thread-1] INFO  server.RaftServerConfigKeys (ConfUtils.java:logGet(43)) - raft.server.snapshot.auto.trigger.enabled = true (custom)
2019-10-10 13:54:15,877 [pool-649-thread-1] INFO  server.RaftServerConfigKeys (ConfUtils.java:logGet(43)) - raft.server.log.preallocated.size = 16384 (custom)
2019-10-10 13:54:15,877 [pool-639-thread-1] INFO  server.RaftServerConfigKeys (ConfUtils.java:logGet(43)) - raft.server.log.preallocated.size = 16384 (custom)
2019-10-10 13:54:15,877 [pool-649-thread-1] INFO  server.RaftServerConfigKeys (ConfUtils.java:logGet(43)) - raft.server.log.write.buffer.size = 33554432 (custom)
2019-10-10 13:54:15,877 [pool-619-thread-1] INFO  server.RaftServerConfigKeys (ConfUtils.java:logGet(43)) - raft.server.snapshot.auto.trigger.threshold = 10000 (custom)
2019-10-10 13:54:15,878 [pool-649-thread-1] INFO  server.RaftServerConfigKeys (ConfUtils.java:logGet(43)) - raft.server.log.force.sync.num = 128 (default)
2019-10-10 13:54:15,877 [pool-639-thread-1] INFO  server.RaftServerConfigKeys (ConfUtils.java:logGet(43)) - raft.server.log.write.buffer.size = 33554432 (custom)
2019-10-10 13:54:15,878 [pool-649-thread-1] INFO  server.RaftServerConfigKeys (ConfUtils.java:logGet(43)) - raft.server.log.statemachine.data.sync = true (default)
2019-10-10 13:54:15,878 [pool-619-thread-1] INFO  server.RaftServerConfigKeys (ConfUtils.java:logGet(43)) - raft.server.snapshot.retention.file.num = 5 (custom)
2019-10-10 13:54:15,878 [pool-649-thread-1] INFO  server.RaftServerConfigKeys (ConfUtils.java:logGet(43)) - raft.server.log.statemachine.data.sync.timeout = 10s (default)
2019-10-10 13:54:15,878 [pool-639-thread-1] INFO  server.RaftServerConfigKeys (ConfUtils.java:logGet(43)) - raft.server.log.force.sync.num = 128 (default)
2019-10-10 13:54:15,878 [pool-649-thread-1] INFO  server.RaftServerConfigKeys (ConfUtils.java:logGet(43)) - raft.server.log.statemachine.data.sync.timeout.retry = -1 (default)
2019-10-10 13:54:15,878 [pool-619-thread-1] INFO  server.RaftServerConfigKeys (ConfUtils.java:logGet(43)) - raft.server.retrycache.expirytime = 600000ms (custom)
2019-10-10 13:54:15,879 [pool-649-thread-1] INFO  server.RaftServerConfigKeys (ConfUtils.java:logGet(43)) - raft.server.log.statemachine.data.caching.enabled = true (custom)
2019-10-10 13:54:15,878 [pool-639-thread-1] INFO  server.RaftServerConfigKeys (ConfUtils.java:logGet(43)) - raft.server.log.statemachine.data.sync = true (default)
2019-10-10 13:54:15,879 [pool-639-thread-1] INFO  server.RaftServerConfigKeys (ConfUtils.java:logGet(43)) - raft.server.log.statemachine.data.sync.timeout = 10s (default)
2019-10-10 13:54:15,879 [pool-639-thread-1] INFO  server.RaftServerConfigKeys (ConfUtils.java:logGet(43)) - raft.server.log.statemachine.data.sync.timeout.retry = -1 (default)
2019-10-10 13:54:15,879 [pool-649-thread-1] INFO  segmented.SegmentedRaftLogWorker (SegmentedRaftLogWorker.java:lambda$new$0(128)) - 05e1d7c8-a800-4306-8ffe-d9206de7ec8b@group-695DAE03FDF5-SegmentedRaftLogWorker: flushIndex: setUnconditionally 0 -> -1
2019-10-10 13:54:15,879 [pool-639-thread-1] INFO  server.RaftServerConfigKeys (ConfUtils.java:logGet(43)) - raft.server.log.statemachine.data.caching.enabled = true (custom)
2019-10-10 13:54:15,880 [pool-639-thread-1] INFO  segmented.SegmentedRaftLogWorker (SegmentedRaftLogWorker.java:lambda$new$0(128)) - af1b0ec7-0cc6-47df-a217-7d3b9288f5b8@group-695DAE03FDF5-SegmentedRaftLogWorker: flushIndex: setUnconditionally 0 -> -1
2019-10-10 13:54:15,880 [pool-649-thread-1] INFO  server.RaftServerConfigKeys (ConfUtils.java:logGet(43)) - raft.server.snapshot.auto.trigger.enabled = true (custom)
2019-10-10 13:54:15,880 [pool-639-thread-1] INFO  server.RaftServerConfigKeys (ConfUtils.java:logGet(43)) - raft.server.snapshot.auto.trigger.enabled = true (custom)
2019-10-10 13:54:15,880 [pool-649-thread-1] INFO  server.RaftServerConfigKeys (ConfUtils.java:logGet(43)) - raft.server.snapshot.auto.trigger.threshold = 10000 (custom)
2019-10-10 13:54:15,880 [pool-619-thread-1] INFO  impl.RaftServerImpl (RaftServerImpl.java:start(181)) - 879d252b-2a05-4827-9377-7fbe1b4b2325@group-695DAE03FDF5: start as a follower, conf=-1: [05e1d7c8-a800-4306-8ffe-d9206de7ec8b:192.168.164.230:45331, 879d252b-2a05-4827-9377-7fbe1b4b2325:192.168.164.230:46261, af1b0ec7-0cc6-47df-a217-7d3b9288f5b8:192.168.164.230:44539], old=null
2019-10-10 13:54:15,880 [pool-639-thread-1] INFO  server.RaftServerConfigKeys (ConfUtils.java:logGet(43)) - raft.server.snapshot.auto.trigger.threshold = 10000 (custom)
2019-10-10 13:54:15,880 [pool-619-thread-1] INFO  impl.RaftServerImpl (RaftServerImpl.java:setRole(170)) - 879d252b-2a05-4827-9377-7fbe1b4b2325@group-695DAE03FDF5: changes role from      null to FOLLOWER at term 0 for startAsFollower
2019-10-10 13:54:15,880 [pool-649-thread-1] INFO  server.RaftServerConfigKeys (ConfUtils.java:logGet(43)) - raft.server.snapshot.retention.file.num = 5 (custom)
2019-10-10 13:54:15,881 [pool-619-thread-1] INFO  impl.RoleInfo (RoleInfo.java:updateAndGet(143)) - 879d252b-2a05-4827-9377-7fbe1b4b2325: start FollowerState
2019-10-10 13:54:15,880 [pool-639-thread-1] INFO  server.RaftServerConfigKeys (ConfUtils.java:logGet(43)) - raft.server.snapshot.retention.file.num = 5 (custom)
2019-10-10 13:54:15,881 [pool-649-thread-1] INFO  server.RaftServerConfigKeys (ConfUtils.java:logGet(43)) - raft.server.retrycache.expirytime = 600000ms (custom)
2019-10-10 13:54:15,881 [pool-619-thread-1] INFO  util.JmxRegister (JmxRegister.java:tryRegister(44)) - Successfully registered JMX Bean with object name Ratis:service=RaftServer,group=group-695DAE03FDF5,id=879d252b-2a05-4827-9377-7fbe1b4b2325
2019-10-10 13:54:15,881 [pool-639-thread-1] INFO  server.RaftServerConfigKeys (ConfUtils.java:logGet(43)) - raft.server.retrycache.expirytime = 600000ms (custom)
2019-10-10 13:54:15,885 [pool-639-thread-1] INFO  impl.RaftServerImpl (RaftServerImpl.java:start(181)) - af1b0ec7-0cc6-47df-a217-7d3b9288f5b8@group-695DAE03FDF5: start as a follower, conf=-1: [05e1d7c8-a800-4306-8ffe-d9206de7ec8b:192.168.164.230:45331, 879d252b-2a05-4827-9377-7fbe1b4b2325:192.168.164.230:46261, af1b0ec7-0cc6-47df-a217-7d3b9288f5b8:192.168.164.230:44539], old=null
2019-10-10 13:54:15,885 [pool-639-thread-1] INFO  impl.RaftServerImpl (RaftServerImpl.java:setRole(170)) - af1b0ec7-0cc6-47df-a217-7d3b9288f5b8@group-695DAE03FDF5: changes role from      null to FOLLOWER at term 0 for startAsFollower
2019-10-10 13:54:15,885 [pool-649-thread-1] INFO  impl.RaftServerImpl (RaftServerImpl.java:start(181)) - 05e1d7c8-a800-4306-8ffe-d9206de7ec8b@group-695DAE03FDF5: start as a follower, conf=-1: [05e1d7c8-a800-4306-8ffe-d9206de7ec8b:192.168.164.230:45331, 879d252b-2a05-4827-9377-7fbe1b4b2325:192.168.164.230:46261, af1b0ec7-0cc6-47df-a217-7d3b9288f5b8:192.168.164.230:44539], old=null
2019-10-10 13:54:15,885 [pool-639-thread-1] INFO  impl.RoleInfo (RoleInfo.java:updateAndGet(143)) - af1b0ec7-0cc6-47df-a217-7d3b9288f5b8: start FollowerState
2019-10-10 13:54:15,885 [pool-649-thread-1] INFO  impl.RaftServerImpl (RaftServerImpl.java:setRole(170)) - 05e1d7c8-a800-4306-8ffe-d9206de7ec8b@group-695DAE03FDF5: changes role from      null to FOLLOWER at term 0 for startAsFollower
2019-10-10 13:54:15,886 [pool-649-thread-1] INFO  impl.RoleInfo (RoleInfo.java:updateAndGet(143)) - 05e1d7c8-a800-4306-8ffe-d9206de7ec8b: start FollowerState
2019-10-10 13:54:15,886 [pool-639-thread-1] INFO  util.JmxRegister (JmxRegister.java:tryRegister(44)) - Successfully registered JMX Bean with object name Ratis:service=RaftServer,group=group-695DAE03FDF5,id=af1b0ec7-0cc6-47df-a217-7d3b9288f5b8
2019-10-10 13:54:15,886 [pool-649-thread-1] INFO  util.JmxRegister (JmxRegister.java:tryRegister(44)) - Successfully registered JMX Bean with object name Ratis:service=RaftServer,group=group-695DAE03FDF5,id=05e1d7c8-a800-4306-8ffe-d9206de7ec8b
2019-10-10 13:54:15,892 [RatisPipelineUtilsThread] INFO  pipeline.PipelineStateManager (PipelineStateManager.java:addPipeline(56)) - Created pipeline Pipeline[ Id: a0542868-a800-4c3a-af97-695dae03fdf5, Nodes: 879d252b-2a05-4827-9377-7fbe1b4b2325{ip: 192.168.164.230, host: pr-hdds-2280-tn9v7-3755420433, networkLocation: /default-rack, certSerialId: null}af1b0ec7-0cc6-47df-a217-7d3b9288f5b8{ip: 192.168.164.230, host: pr-hdds-2280-tn9v7-3755420433, networkLocation: /default-rack, certSerialId: null}05e1d7c8-a800-4306-8ffe-d9206de7ec8b{ip: 192.168.164.230, host: pr-hdds-2280-tn9v7-3755420433, networkLocation: /default-rack, certSerialId: null}, Type:RATIS, Factor:THREE, State:OPEN]
2019-10-10 13:54:18,233 [Thread-4015] INFO  container.ReplicationManager (ReplicationManager.java:start(162)) - Starting Replication Monitor Thread.
2019-10-10 13:54:18,236 [ReplicationMonitor] INFO  container.ReplicationManager (ReplicationManager.java:run(225)) - Replication Monitor Thread took 1 milliseconds for processing 1 containers.
2019-10-10 13:54:20,384 [Thread-4017] INFO  impl.FollowerState (FollowerState.java:run(108)) - eb8bd58c-94df-4b53-a658-943c19ea9612@group-4977270B342A-FollowerState: change to CANDIDATE, lastRpcTime:5101ms, electionTimeout:5101ms
2019-10-10 13:54:20,384 [Thread-4017] INFO  impl.RoleInfo (RoleInfo.java:shutdownFollowerState(121)) - eb8bd58c-94df-4b53-a658-943c19ea9612: shutdown FollowerState
2019-10-10 13:54:20,384 [Thread-4017] INFO  impl.RaftServerImpl (RaftServerImpl.java:setRole(170)) - eb8bd58c-94df-4b53-a658-943c19ea9612@group-4977270B342A: changes role from  FOLLOWER to CANDIDATE at term 0 for changeToCandidate
2019-10-10 13:54:20,384 [Thread-4017] INFO  impl.RoleInfo (RoleInfo.java:updateAndGet(143)) - eb8bd58c-94df-4b53-a658-943c19ea9612: start LeaderElection
2019-10-10 13:54:20,410 [eb8bd58c-94df-4b53-a658-943c19ea9612@group-4977270B342A-LeaderElection87] INFO  impl.LeaderElection (LeaderElection.java:askForVotes(178)) - eb8bd58c-94df-4b53-a658-943c19ea9612@group-4977270B342A-LeaderElection87: begin an election at term 1 for -1: [eb8bd58c-94df-4b53-a658-943c19ea9612:192.168.164.230:32970], old=null
2019-10-10 13:54:20,410 [eb8bd58c-94df-4b53-a658-943c19ea9612@group-4977270B342A-LeaderElection87] INFO  impl.RoleInfo (RoleInfo.java:shutdownLeaderElection(134)) - eb8bd58c-94df-4b53-a658-943c19ea9612: shutdown LeaderElection
2019-10-10 13:54:20,410 [eb8bd58c-94df-4b53-a658-943c19ea9612@group-4977270B342A-LeaderElection87] INFO  impl.RaftServerImpl (RaftServerImpl.java:setRole(170)) - eb8bd58c-94df-4b53-a658-943c19ea9612@group-4977270B342A: changes role from CANDIDATE to LEADER at term 1 for changeToLeader
2019-10-10 13:54:20,410 [eb8bd58c-94df-4b53-a658-943c19ea9612@group-4977270B342A-LeaderElection87] INFO  impl.RaftServerImpl (ServerState.java:setLeader(255)) - eb8bd58c-94df-4b53-a658-943c19ea9612@group-4977270B342A: change Leader from null to eb8bd58c-94df-4b53-a658-943c19ea9612 at term 1 for becomeLeader, leader elected after 5136ms
2019-10-10 13:54:20,410 [eb8bd58c-94df-4b53-a658-943c19ea9612@group-4977270B342A-LeaderElection87] INFO  server.RaftServerConfigKeys (ConfUtils.java:logGet(43)) - raft.server.staging.catchup.gap = 1000 (default)
2019-10-10 13:54:20,411 [eb8bd58c-94df-4b53-a658-943c19ea9612@group-4977270B342A-LeaderElection87] INFO  server.RaftServerConfigKeys (ConfUtils.java:logGet(43)) - raft.server.rpc.sleep.time = 25ms (default)
2019-10-10 13:54:20,411 [eb8bd58c-94df-4b53-a658-943c19ea9612@group-4977270B342A-LeaderElection87] INFO  server.RaftServerConfigKeys (ConfUtils.java:logGet(43)) - raft.server.write.element-limit = 4096 (default)
2019-10-10 13:54:20,411 [eb8bd58c-94df-4b53-a658-943c19ea9612@group-4977270B342A-LeaderElection87] INFO  server.RaftServerConfigKeys (ConfUtils.java:logGet(43)) - raft.server.watch.timeout = 10s (default)
2019-10-10 13:54:20,411 [eb8bd58c-94df-4b53-a658-943c19ea9612@group-4977270B342A-LeaderElection87] INFO  server.RaftServerConfigKeys (ConfUtils.java:logGet(43)) - raft.server.watch.timeout.denomination = 1s (default)
2019-10-10 13:54:20,411 [eb8bd58c-94df-4b53-a658-943c19ea9612@group-4977270B342A-LeaderElection87] INFO  server.RaftServerConfigKeys (ConfUtils.java:logGet(43)) - raft.server.watch.element-limit = 65536 (default)
2019-10-10 13:54:20,414 [eb8bd58c-94df-4b53-a658-943c19ea9612@group-4977270B342A-LeaderElection87] INFO  impl.RoleInfo (RoleInfo.java:updateAndGet(143)) - eb8bd58c-94df-4b53-a658-943c19ea9612: start LeaderState
2019-10-10 13:54:20,415 [eb8bd58c-94df-4b53-a658-943c19ea9612@group-4977270B342A-LeaderElection87] INFO  segmented.SegmentedRaftLogWorker (SegmentedRaftLogWorker.java:startLogSegment(385)) - eb8bd58c-94df-4b53-a658-943c19ea9612@group-4977270B342A-SegmentedRaftLogWorker: Starting segment from index:0
2019-10-10 13:54:20,416 [eb8bd58c-94df-4b53-a658-943c19ea9612@group-4977270B342A-LeaderElection87] INFO  impl.RaftServerImpl (ServerState.java:setRaftConf(356)) - eb8bd58c-94df-4b53-a658-943c19ea9612@group-4977270B342A: set configuration 0: [eb8bd58c-94df-4b53-a658-943c19ea9612:192.168.164.230:32970], old=null at 0
2019-10-10 13:54:20,456 [eb8bd58c-94df-4b53-a658-943c19ea9612@group-4977270B342A-SegmentedRaftLogWorker] INFO  segmented.SegmentedRaftLogWorker (SegmentedRaftLogWorker.java:execute(574)) - eb8bd58c-94df-4b53-a658-943c19ea9612@group-4977270B342A-SegmentedRaftLogWorker: created new log segment /workdir/hadoop-ozone/integration-test/target/test-dir/MiniOzoneClusterImpl-94337b2b-47d0-4fc3-ad18-0e9fb5ac94e5/datanode-0/data/ratis/05cbcff1-da0a-4a64-ae45-4977270b342a/current/log_inprogress_0
2019-10-10 13:54:20,539 [Thread-4033] INFO  impl.FollowerState (FollowerState.java:run(108)) - cd1234b5-0de1-4fd3-b9d5-d50083d3c43c@group-2E211A40073F-FollowerState: change to CANDIDATE, lastRpcTime:5051ms, electionTimeout:5051ms
2019-10-10 13:54:20,539 [Thread-4033] INFO  impl.RoleInfo (RoleInfo.java:shutdownFollowerState(121)) - cd1234b5-0de1-4fd3-b9d5-d50083d3c43c: shutdown FollowerState
2019-10-10 13:54:20,539 [Thread-4033] INFO  impl.RaftServerImpl (RaftServerImpl.java:setRole(170)) - cd1234b5-0de1-4fd3-b9d5-d50083d3c43c@group-2E211A40073F: changes role from  FOLLOWER to CANDIDATE at term 0 for changeToCandidate
2019-10-10 13:54:20,539 [Thread-4033] INFO  impl.RoleInfo (RoleInfo.java:updateAndGet(143)) - cd1234b5-0de1-4fd3-b9d5-d50083d3c43c: start LeaderElection
2019-10-10 13:54:20,552 [Thread-4023] INFO  impl.FollowerState (FollowerState.java:run(108)) - cd1234b5-0de1-4fd3-b9d5-d50083d3c43c@group-1A373295362F-FollowerState: change to CANDIDATE, lastRpcTime:5122ms, electionTimeout:5122ms
2019-10-10 13:54:20,552 [Thread-4023] INFO  impl.RoleInfo (RoleInfo.java:shutdownFollowerState(121)) - cd1234b5-0de1-4fd3-b9d5-d50083d3c43c: shutdown FollowerState
2019-10-10 13:54:20,552 [Thread-4023] INFO  impl.RaftServerImpl (RaftServerImpl.java:setRole(170)) - cd1234b5-0de1-4fd3-b9d5-d50083d3c43c@group-1A373295362F: changes role from  FOLLOWER to CANDIDATE at term 0 for changeToCandidate
2019-10-10 13:54:20,553 [Thread-4023] INFO  impl.RoleInfo (RoleInfo.java:updateAndGet(143)) - cd1234b5-0de1-4fd3-b9d5-d50083d3c43c: start LeaderElection
2019-10-10 13:54:20,564 [cd1234b5-0de1-4fd3-b9d5-d50083d3c43c@group-2E211A40073F-LeaderElection88] INFO  impl.LeaderElection (LeaderElection.java:askForVotes(178)) - cd1234b5-0de1-4fd3-b9d5-d50083d3c43c@group-2E211A40073F-LeaderElection88: begin an election at term 1 for -1: [54a8b3b1-cb59-4956-9183-4f9844315b90:192.168.164.230:43616, cd1234b5-0de1-4fd3-b9d5-d50083d3c43c:192.168.164.230:45782, eb8bd58c-94df-4b53-a658-943c19ea9612:192.168.164.230:32970], old=null
2019-10-10 13:54:20,564 [cd1234b5-0de1-4fd3-b9d5-d50083d3c43c@group-1A373295362F-LeaderElection89] INFO  impl.LeaderElection (LeaderElection.java:askForVotes(178)) - cd1234b5-0de1-4fd3-b9d5-d50083d3c43c@group-1A373295362F-LeaderElection89: begin an election at term 1 for -1: [cd1234b5-0de1-4fd3-b9d5-d50083d3c43c:192.168.164.230:45782], old=null
2019-10-10 13:54:20,564 [cd1234b5-0de1-4fd3-b9d5-d50083d3c43c@group-1A373295362F-LeaderElection89] INFO  impl.RoleInfo (RoleInfo.java:shutdownLeaderElection(134)) - cd1234b5-0de1-4fd3-b9d5-d50083d3c43c: shutdown LeaderElection
2019-10-10 13:54:20,565 [cd1234b5-0de1-4fd3-b9d5-d50083d3c43c@group-1A373295362F-LeaderElection89] INFO  impl.RaftServerImpl (RaftServerImpl.java:setRole(170)) - cd1234b5-0de1-4fd3-b9d5-d50083d3c43c@group-1A373295362F: changes role from CANDIDATE to LEADER at term 1 for changeToLeader
2019-10-10 13:54:20,565 [Thread-4020] INFO  impl.FollowerState (FollowerState.java:run(108)) - 54a8b3b1-cb59-4956-9183-4f9844315b90@group-BAE3A538B5F4-FollowerState: change to CANDIDATE, lastRpcTime:5179ms, electionTimeout:5179ms
2019-10-10 13:54:20,565 [cd1234b5-0de1-4fd3-b9d5-d50083d3c43c@group-1A373295362F-LeaderElection89] INFO  impl.RaftServerImpl (ServerState.java:setLeader(255)) - cd1234b5-0de1-4fd3-b9d5-d50083d3c43c@group-1A373295362F: change Leader from null to cd1234b5-0de1-4fd3-b9d5-d50083d3c43c at term 1 for becomeLeader, leader elected after 5140ms
2019-10-10 13:54:20,565 [Thread-4020] INFO  impl.RoleInfo (RoleInfo.java:shutdownFollowerState(121)) - 54a8b3b1-cb59-4956-9183-4f9844315b90: shutdown FollowerState
2019-10-10 13:54:20,565 [cd1234b5-0de1-4fd3-b9d5-d50083d3c43c@group-1A373295362F-LeaderElection89] INFO  server.RaftServerConfigKeys (ConfUtils.java:logGet(43)) - raft.server.staging.catchup.gap = 1000 (default)
2019-10-10 13:54:20,565 [Thread-4020] INFO  impl.RaftServerImpl (RaftServerImpl.java:setRole(170)) - 54a8b3b1-cb59-4956-9183-4f9844315b90@group-BAE3A538B5F4: changes role from  FOLLOWER to CANDIDATE at term 0 for changeToCandidate
2019-10-10 13:54:20,565 [cd1234b5-0de1-4fd3-b9d5-d50083d3c43c@group-1A373295362F-LeaderElection89] INFO  server.RaftServerConfigKeys (ConfUtils.java:logGet(43)) - raft.server.rpc.sleep.time = 25ms (default)
2019-10-10 13:54:20,565 [Thread-4020] INFO  impl.RoleInfo (RoleInfo.java:updateAndGet(143)) - 54a8b3b1-cb59-4956-9183-4f9844315b90: start LeaderElection
2019-10-10 13:54:20,566 [cd1234b5-0de1-4fd3-b9d5-d50083d3c43c@group-1A373295362F-LeaderElection89] INFO  server.RaftServerConfigKeys (ConfUtils.java:logGet(43)) - raft.server.write.element-limit = 4096 (default)
2019-10-10 13:54:20,566 [cd1234b5-0de1-4fd3-b9d5-d50083d3c43c@group-1A373295362F-LeaderElection89] INFO  server.RaftServerConfigKeys (ConfUtils.java:logGet(43)) - raft.server.watch.timeout = 10s (default)
2019-10-10 13:54:20,589 [Thread-4029] INFO  impl.FollowerState (FollowerState.java:run(108)) - 54a8b3b1-cb59-4956-9183-4f9844315b90@group-2E211A40073F-FollowerState: change to CANDIDATE, lastRpcTime:5107ms, electionTimeout:5099ms
2019-10-10 13:54:20,589 [cd1234b5-0de1-4fd3-b9d5-d50083d3c43c@group-1A373295362F-LeaderElection89] INFO  server.RaftServerConfigKeys (ConfUtils.java:logGet(43)) - raft.server.watch.timeout.denomination = 1s (default)
2019-10-10 13:54:20,590 [Thread-4029] INFO  impl.RoleInfo (RoleInfo.java:shutdownFollowerState(121)) - 54a8b3b1-cb59-4956-9183-4f9844315b90: shutdown FollowerState
2019-10-10 13:54:20,590 [cd1234b5-0de1-4fd3-b9d5-d50083d3c43c@group-1A373295362F-LeaderElection89] INFO  server.RaftServerConfigKeys (ConfUtils.java:logGet(43)) - raft.server.watch.element-limit = 65536 (default)
2019-10-10 13:54:20,590 [Thread-4029] INFO  impl.RaftServerImpl (RaftServerImpl.java:setRole(170)) - 54a8b3b1-cb59-4956-9183-4f9844315b90@group-2E211A40073F: changes role from  FOLLOWER to CANDIDATE at term 0 for changeToCandidate
2019-10-10 13:54:20,590 [Thread-4029] INFO  impl.RoleInfo (RoleInfo.java:updateAndGet(143)) - 54a8b3b1-cb59-4956-9183-4f9844315b90: start LeaderElection
2019-10-10 13:54:20,595 [grpc-default-executor-5] INFO  impl.RaftServerImpl (RaftServerImpl.java:setRole(170)) - eb8bd58c-94df-4b53-a658-943c19ea9612@group-2E211A40073F: changes role from  FOLLOWER to FOLLOWER at term 1 for recognizeCandidate:cd1234b5-0de1-4fd3-b9d5-d50083d3c43c
2019-10-10 13:54:20,595 [grpc-default-executor-5] INFO  impl.RoleInfo (RoleInfo.java:shutdownFollowerState(121)) - eb8bd58c-94df-4b53-a658-943c19ea9612: shutdown FollowerState
2019-10-10 13:54:20,595 [grpc-default-executor-5] INFO  impl.RoleInfo (RoleInfo.java:updateAndGet(143)) - eb8bd58c-94df-4b53-a658-943c19ea9612: start FollowerState
2019-10-10 13:54:20,595 [Thread-4031] INFO  impl.FollowerState (FollowerState.java:run(117)) - eb8bd58c-94df-4b53-a658-943c19ea9612@group-2E211A40073F-FollowerState was interrupted: java.lang.InterruptedException: sleep interrupted
2019-10-10 13:54:20,599 [cd1234b5-0de1-4fd3-b9d5-d50083d3c43c@group-1A373295362F-LeaderElection89] INFO  impl.RoleInfo (RoleInfo.java:updateAndGet(143)) - cd1234b5-0de1-4fd3-b9d5-d50083d3c43c: start LeaderState
2019-10-10 13:54:20,600 [cd1234b5-0de1-4fd3-b9d5-d50083d3c43c@group-1A373295362F-LeaderElection89] INFO  segmented.SegmentedRaftLogWorker (SegmentedRaftLogWorker.java:startLogSegment(385)) - cd1234b5-0de1-4fd3-b9d5-d50083d3c43c@group-1A373295362F-SegmentedRaftLogWorker: Starting segment from index:0
2019-10-10 13:54:20,600 [cd1234b5-0de1-4fd3-b9d5-d50083d3c43c@group-1A373295362F-LeaderElection89] INFO  impl.RaftServerImpl (ServerState.java:setRaftConf(356)) - cd1234b5-0de1-4fd3-b9d5-d50083d3c43c@group-1A373295362F: set configuration 0: [cd1234b5-0de1-4fd3-b9d5-d50083d3c43c:192.168.164.230:45782], old=null at 0
2019-10-10 13:54:20,602 [54a8b3b1-cb59-4956-9183-4f9844315b90@group-2E211A40073F-LeaderElection91] INFO  impl.LeaderElection (LeaderElection.java:askForVotes(178)) - 54a8b3b1-cb59-4956-9183-4f9844315b90@group-2E211A40073F-LeaderElection91: begin an election at term 1 for -1: [54a8b3b1-cb59-4956-9183-4f9844315b90:192.168.164.230:43616, cd1234b5-0de1-4fd3-b9d5-d50083d3c43c:192.168.164.230:45782, eb8bd58c-94df-4b53-a658-943c19ea9612:192.168.164.230:32970], old=null
2019-10-10 13:54:20,618 [54a8b3b1-cb59-4956-9183-4f9844315b90@group-BAE3A538B5F4-LeaderElection90] INFO  impl.LeaderElection (LeaderElection.java:askForVotes(178)) - 54a8b3b1-cb59-4956-9183-4f9844315b90@group-BAE3A538B5F4-LeaderElection90: begin an election at term 1 for -1: [54a8b3b1-cb59-4956-9183-4f9844315b90:192.168.164.230:43616], old=null
2019-10-10 13:54:20,618 [54a8b3b1-cb59-4956-9183-4f9844315b90@group-BAE3A538B5F4-LeaderElection90] INFO  impl.RoleInfo (RoleInfo.java:shutdownLeaderElection(134)) - 54a8b3b1-cb59-4956-9183-4f9844315b90: shutdown LeaderElection
2019-10-10 13:54:20,618 [54a8b3b1-cb59-4956-9183-4f9844315b90@group-BAE3A538B5F4-LeaderElection90] INFO  impl.RaftServerImpl (RaftServerImpl.java:setRole(170)) - 54a8b3b1-cb59-4956-9183-4f9844315b90@group-BAE3A538B5F4: changes role from CANDIDATE to LEADER at term 1 for changeToLeader
2019-10-10 13:54:20,619 [54a8b3b1-cb59-4956-9183-4f9844315b90@group-BAE3A538B5F4-LeaderElection90] INFO  impl.RaftServerImpl (ServerState.java:setLeader(255)) - 54a8b3b1-cb59-4956-9183-4f9844315b90@group-BAE3A538B5F4: change Leader from null to 54a8b3b1-cb59-4956-9183-4f9844315b90 at term 1 for becomeLeader, leader elected after 5242ms
2019-10-10 13:54:20,619 [54a8b3b1-cb59-4956-9183-4f9844315b90@group-BAE3A538B5F4-LeaderElection90] INFO  server.RaftServerConfigKeys (ConfUtils.java:logGet(43)) - raft.server.staging.catchup.gap = 1000 (default)
2019-10-10 13:54:20,619 [54a8b3b1-cb59-4956-9183-4f9844315b90@group-BAE3A538B5F4-LeaderElection90] INFO  server.RaftServerConfigKeys (ConfUtils.java:logGet(43)) - raft.server.rpc.sleep.time = 25ms (default)
2019-10-10 13:54:20,619 [cd1234b5-0de1-4fd3-b9d5-d50083d3c43c@group-2E211A40073F-LeaderElection88] INFO  impl.LeaderElection (LeaderElection.java:logAndReturn(56)) - cd1234b5-0de1-4fd3-b9d5-d50083d3c43c@group-2E211A40073F-LeaderElection88: Election PASSED; received 1 response(s) [cd1234b5-0de1-4fd3-b9d5-d50083d3c43c<-eb8bd58c-94df-4b53-a658-943c19ea9612#0:OK-t1] and 0 exception(s); cd1234b5-0de1-4fd3-b9d5-d50083d3c43c@group-2E211A40073F:t1, leader=null, voted=cd1234b5-0de1-4fd3-b9d5-d50083d3c43c, raftlog=cd1234b5-0de1-4fd3-b9d5-d50083d3c43c@group-2E211A40073F-SegmentedRaftLog:OPENED:c-1,f-1,i0, conf=-1: [54a8b3b1-cb59-4956-9183-4f9844315b90:192.168.164.230:43616, cd1234b5-0de1-4fd3-b9d5-d50083d3c43c:192.168.164.230:45782, eb8bd58c-94df-4b53-a658-943c19ea9612:192.168.164.230:32970], old=null
2019-10-10 13:54:20,619 [54a8b3b1-cb59-4956-9183-4f9844315b90@group-BAE3A538B5F4-LeaderElection90] INFO  server.RaftServerConfigKeys (ConfUtils.java:logGet(43)) - raft.server.write.element-limit = 4096 (default)
2019-10-10 13:54:20,619 [cd1234b5-0de1-4fd3-b9d5-d50083d3c43c@group-2E211A40073F-LeaderElection88] INFO  impl.RoleInfo (RoleInfo.java:shutdownLeaderElection(134)) - cd1234b5-0de1-4fd3-b9d5-d50083d3c43c: shutdown LeaderElection
2019-10-10 13:54:20,620 [54a8b3b1-cb59-4956-9183-4f9844315b90@group-BAE3A538B5F4-LeaderElection90] INFO  server.RaftServerConfigKeys (ConfUtils.java:logGet(43)) - raft.server.watch.timeout = 10s (default)
2019-10-10 13:54:20,622 [cd1234b5-0de1-4fd3-b9d5-d50083d3c43c@group-2E211A40073F-LeaderElection88] INFO  impl.RaftServerImpl (RaftServerImpl.java:setRole(170)) - cd1234b5-0de1-4fd3-b9d5-d50083d3c43c@group-2E211A40073F: changes role from CANDIDATE to LEADER at term 1 for changeToLeader
2019-10-10 13:54:20,623 [54a8b3b1-cb59-4956-9183-4f9844315b90@group-BAE3A538B5F4-LeaderElection90] INFO  server.RaftServerConfigKeys (ConfUtils.java:logGet(43)) - raft.server.watch.timeout.denomination = 1s (default)
2019-10-10 13:54:20,623 [54a8b3b1-cb59-4956-9183-4f9844315b90@group-BAE3A538B5F4-LeaderElection90] INFO  server.RaftServerConfigKeys (ConfUtils.java:logGet(43)) - raft.server.watch.element-limit = 65536 (default)
2019-10-10 13:54:20,623 [cd1234b5-0de1-4fd3-b9d5-d50083d3c43c@group-2E211A40073F-LeaderElection88] INFO  impl.RaftServerImpl (ServerState.java:setLeader(255)) - cd1234b5-0de1-4fd3-b9d5-d50083d3c43c@group-2E211A40073F: change Leader from null to cd1234b5-0de1-4fd3-b9d5-d50083d3c43c at term 1 for becomeLeader, leader elected after 5148ms
2019-10-10 13:54:20,623 [cd1234b5-0de1-4fd3-b9d5-d50083d3c43c@group-2E211A40073F-LeaderElection88] INFO  server.RaftServerConfigKeys (ConfUtils.java:logGet(43)) - raft.server.staging.catchup.gap = 1000 (default)
2019-10-10 13:54:20,623 [cd1234b5-0de1-4fd3-b9d5-d50083d3c43c@group-2E211A40073F-LeaderElection88] INFO  server.RaftServerConfigKeys (ConfUtils.java:logGet(43)) - raft.server.rpc.sleep.time = 25ms (default)
2019-10-10 13:54:20,624 [cd1234b5-0de1-4fd3-b9d5-d50083d3c43c@group-2E211A40073F-LeaderElection88] INFO  server.RaftServerConfigKeys (ConfUtils.java:logGet(43)) - raft.server.write.element-limit = 4096 (default)
2019-10-10 13:54:20,624 [cd1234b5-0de1-4fd3-b9d5-d50083d3c43c@group-2E211A40073F-LeaderElection88] INFO  server.RaftServerConfigKeys (ConfUtils.java:logGet(43)) - raft.server.watch.timeout = 10s (default)
2019-10-10 13:54:20,624 [cd1234b5-0de1-4fd3-b9d5-d50083d3c43c@group-2E211A40073F-LeaderElection88] INFO  server.RaftServerConfigKeys (ConfUtils.java:logGet(43)) - raft.server.watch.timeout.denomination = 1s (default)
2019-10-10 13:54:20,624 [cd1234b5-0de1-4fd3-b9d5-d50083d3c43c@group-2E211A40073F-LeaderElection88] INFO  server.RaftServerConfigKeys (ConfUtils.java:logGet(43)) - raft.server.watch.element-limit = 65536 (default)
2019-10-10 13:54:20,625 [54a8b3b1-cb59-4956-9183-4f9844315b90@group-BAE3A538B5F4-LeaderElection90] INFO  impl.RoleInfo (RoleInfo.java:updateAndGet(143)) - 54a8b3b1-cb59-4956-9183-4f9844315b90: start LeaderState
2019-10-10 13:54:20,630 [cd1234b5-0de1-4fd3-b9d5-d50083d3c43c@group-1A373295362F-SegmentedRaftLogWorker] INFO  segmented.SegmentedRaftLogWorker (SegmentedRaftLogWorker.java:execute(574)) - cd1234b5-0de1-4fd3-b9d5-d50083d3c43c@group-1A373295362F-SegmentedRaftLogWorker: created new log segment /workdir/hadoop-ozone/integration-test/target/test-dir/MiniOzoneClusterImpl-94337b2b-47d0-4fc3-ad18-0e9fb5ac94e5/datanode-2/data/ratis/8dc81480-09d2-43cb-85c0-1a373295362f/current/log_inprogress_0
2019-10-10 13:54:20,631 [54a8b3b1-cb59-4956-9183-4f9844315b90@group-BAE3A538B5F4-LeaderElection90] INFO  segmented.SegmentedRaftLogWorker (SegmentedRaftLogWorker.java:startLogSegment(385)) - 54a8b3b1-cb59-4956-9183-4f9844315b90@group-BAE3A538B5F4-SegmentedRaftLogWorker: Starting segment from index:0
2019-10-10 13:54:20,632 [54a8b3b1-cb59-4956-9183-4f9844315b90@group-BAE3A538B5F4-LeaderElection90] INFO  impl.RaftServerImpl (ServerState.java:setRaftConf(356)) - 54a8b3b1-cb59-4956-9183-4f9844315b90@group-BAE3A538B5F4: set configuration 0: [54a8b3b1-cb59-4956-9183-4f9844315b90:192.168.164.230:43616], old=null at 0
2019-10-10 13:54:20,663 [cd1234b5-0de1-4fd3-b9d5-d50083d3c43c@group-2E211A40073F-LeaderElection88] INFO  server.RaftServerConfigKeys (ConfUtils.java:logGet(43)) - raft.server.log.appender.snapshot.chunk.size.max = 16MB (=16777216) (default)
2019-10-10 13:54:20,664 [cd1234b5-0de1-4fd3-b9d5-d50083d3c43c@group-2E211A40073F-LeaderElection88] INFO  server.RaftServerConfigKeys (ConfUtils.java:logGet(43)) - raft.server.log.appender.buffer.byte-limit = 33554432 (custom)
2019-10-10 13:54:20,664 [cd1234b5-0de1-4fd3-b9d5-d50083d3c43c@group-2E211A40073F-LeaderElection88] INFO  server.RaftServerConfigKeys (ConfUtils.java:logGet(43)) - raft.server.log.appender.buffer.element-limit = 1 (custom)
2019-10-10 13:54:20,664 [cd1234b5-0de1-4fd3-b9d5-d50083d3c43c@group-2E211A40073F-LeaderElection88] INFO  grpc.GrpcConfigKeys$Server (ConfUtils.java:logGet(43)) - raft.grpc.server.leader.outstanding.appends.max = 128 (default)
2019-10-10 13:54:20,664 [cd1234b5-0de1-4fd3-b9d5-d50083d3c43c@group-2E211A40073F-LeaderElection88] INFO  server.RaftServerConfigKeys (ConfUtils.java:logGet(43)) - raft.server.rpc.request.timeout = 3000ms (default)
2019-10-10 13:54:20,665 [cd1234b5-0de1-4fd3-b9d5-d50083d3c43c@group-2E211A40073F-LeaderElection88] INFO  server.RaftServerConfigKeys (ConfUtils.java:logGet(43)) - raft.server.log.appender.install.snapshot.enabled = false (custom)
2019-10-10 13:54:20,665 [cd1234b5-0de1-4fd3-b9d5-d50083d3c43c@group-2E211A40073F-LeaderElection88] INFO  server.RaftServerConfigKeys (ConfUtils.java:logGet(43)) - raft.server.log.appender.snapshot.chunk.size.max = 16MB (=16777216) (default)
2019-10-10 13:54:20,665 [cd1234b5-0de1-4fd3-b9d5-d50083d3c43c@group-2E211A40073F-LeaderElection88] INFO  server.RaftServerConfigKeys (ConfUtils.java:logGet(43)) - raft.server.log.appender.buffer.byte-limit = 33554432 (custom)
2019-10-10 13:54:20,665 [cd1234b5-0de1-4fd3-b9d5-d50083d3c43c@group-2E211A40073F-LeaderElection88] INFO  server.RaftServerConfigKeys (ConfUtils.java:logGet(43)) - raft.server.log.appender.buffer.element-limit = 1 (custom)
2019-10-10 13:54:20,665 [cd1234b5-0de1-4fd3-b9d5-d50083d3c43c@group-2E211A40073F-LeaderElection88] INFO  grpc.GrpcConfigKeys$Server (ConfUtils.java:logGet(43)) - raft.grpc.server.leader.outstanding.appends.max = 128 (default)
2019-10-10 13:54:20,666 [cd1234b5-0de1-4fd3-b9d5-d50083d3c43c@group-2E211A40073F-LeaderElection88] INFO  server.RaftServerConfigKeys (ConfUtils.java:logGet(43)) - raft.server.rpc.request.timeout = 3000ms (default)
2019-10-10 13:54:20,666 [cd1234b5-0de1-4fd3-b9d5-d50083d3c43c@group-2E211A40073F-LeaderElection88] INFO  server.RaftServerConfigKeys (ConfUtils.java:logGet(43)) - raft.server.log.appender.install.snapshot.enabled = false (custom)
2019-10-10 13:54:20,666 [cd1234b5-0de1-4fd3-b9d5-d50083d3c43c@group-2E211A40073F-LeaderElection88] INFO  impl.RoleInfo (RoleInfo.java:updateAndGet(143)) - cd1234b5-0de1-4fd3-b9d5-d50083d3c43c: start LeaderState
2019-10-10 13:54:20,666 [cd1234b5-0de1-4fd3-b9d5-d50083d3c43c@group-2E211A40073F-LeaderElection88] INFO  segmented.SegmentedRaftLogWorker (SegmentedRaftLogWorker.java:startLogSegment(385)) - cd1234b5-0de1-4fd3-b9d5-d50083d3c43c@group-2E211A40073F-SegmentedRaftLogWorker: Starting segment from index:0
2019-10-10 13:54:20,667 [cd1234b5-0de1-4fd3-b9d5-d50083d3c43c@group-2E211A40073F-LeaderElection88] INFO  impl.RaftServerImpl (ServerState.java:setRaftConf(356)) - cd1234b5-0de1-4fd3-b9d5-d50083d3c43c@group-2E211A40073F: set configuration 0: [54a8b3b1-cb59-4956-9183-4f9844315b90:192.168.164.230:43616, cd1234b5-0de1-4fd3-b9d5-d50083d3c43c:192.168.164.230:45782, eb8bd58c-94df-4b53-a658-943c19ea9612:192.168.164.230:32970], old=null at 0
2019-10-10 13:54:20,667 [grpc-default-executor-5] INFO  impl.RaftServerImpl (RaftServerImpl.java:requestVote(754)) - cd1234b5-0de1-4fd3-b9d5-d50083d3c43c@group-2E211A40073F-   LEADER: Withhold vote from candidate 54a8b3b1-cb59-4956-9183-4f9844315b90 with term 1. State: leader=cd1234b5-0de1-4fd3-b9d5-d50083d3c43c, term=1, lastRpcElapsed=null
2019-10-10 13:54:20,706 [54a8b3b1-cb59-4956-9183-4f9844315b90@group-BAE3A538B5F4-SegmentedRaftLogWorker] INFO  segmented.SegmentedRaftLogWorker (SegmentedRaftLogWorker.java:execute(574)) - 54a8b3b1-cb59-4956-9183-4f9844315b90@group-BAE3A538B5F4-SegmentedRaftLogWorker: created new log segment /workdir/hadoop-ozone/integration-test/target/test-dir/MiniOzoneClusterImpl-94337b2b-47d0-4fc3-ad18-0e9fb5ac94e5/datanode-1/data/ratis/3d913251-46ac-43ed-90eb-bae3a538b5f4/current/log_inprogress_0
2019-10-10 13:54:20,707 [54a8b3b1-cb59-4956-9183-4f9844315b90@group-2E211A40073F-LeaderElection91] INFO  impl.LeaderElection (LeaderElection.java:logAndReturn(56)) - 54a8b3b1-cb59-4956-9183-4f9844315b90@group-2E211A40073F-LeaderElection91: Election REJECTED; received 2 response(s) [54a8b3b1-cb59-4956-9183-4f9844315b90<-cd1234b5-0de1-4fd3-b9d5-d50083d3c43c#0:FAIL-t1, 54a8b3b1-cb59-4956-9183-4f9844315b90<-eb8bd58c-94df-4b53-a658-943c19ea9612#0:FAIL-t1] and 0 exception(s); 54a8b3b1-cb59-4956-9183-4f9844315b90@group-2E211A40073F:t1, leader=null, voted=54a8b3b1-cb59-4956-9183-4f9844315b90, raftlog=54a8b3b1-cb59-4956-9183-4f9844315b90@group-2E211A40073F-SegmentedRaftLog:OPENED:c-1,f-1,i0, conf=-1: [54a8b3b1-cb59-4956-9183-4f9844315b90:192.168.164.230:43616, cd1234b5-0de1-4fd3-b9d5-d50083d3c43c:192.168.164.230:45782, eb8bd58c-94df-4b53-a658-943c19ea9612:192.168.164.230:32970], old=null
2019-10-10 13:54:20,708 [grpc-default-executor-9] INFO  impl.RaftServerImpl (RaftServerImpl.java:setRole(170)) - 54a8b3b1-cb59-4956-9183-4f9844315b90@group-2E211A40073F: changes role from CANDIDATE to FOLLOWER at term 1 for appendEntries
2019-10-10 13:54:20,708 [grpc-default-executor-9] INFO  impl.RoleInfo (RoleInfo.java:shutdownLeaderElection(134)) - 54a8b3b1-cb59-4956-9183-4f9844315b90: shutdown LeaderElection
2019-10-10 13:54:20,708 [grpc-default-executor-5] INFO  impl.RaftServerImpl (ServerState.java:setLeader(255)) - eb8bd58c-94df-4b53-a658-943c19ea9612@group-2E211A40073F: change Leader from null to cd1234b5-0de1-4fd3-b9d5-d50083d3c43c at term 1 for appendEntries, leader elected after 5234ms
2019-10-10 13:54:20,712 [grpc-default-executor-9] INFO  impl.RoleInfo (RoleInfo.java:updateAndGet(143)) - 54a8b3b1-cb59-4956-9183-4f9844315b90: start FollowerState
2019-10-10 13:54:20,712 [grpc-default-executor-9] INFO  impl.RaftServerImpl (ServerState.java:setLeader(255)) - 54a8b3b1-cb59-4956-9183-4f9844315b90@group-2E211A40073F: change Leader from null to cd1234b5-0de1-4fd3-b9d5-d50083d3c43c at term 1 for appendEntries, leader elected after 5237ms
2019-10-10 13:54:20,716 [grpc-default-executor-9] INFO  impl.RaftServerImpl (ServerState.java:setRaftConf(356)) - eb8bd58c-94df-4b53-a658-943c19ea9612@group-2E211A40073F: set configuration 0: [54a8b3b1-cb59-4956-9183-4f9844315b90:192.168.164.230:43616, cd1234b5-0de1-4fd3-b9d5-d50083d3c43c:192.168.164.230:45782, eb8bd58c-94df-4b53-a658-943c19ea9612:192.168.164.230:32970], old=null at 0
2019-10-10 13:54:20,716 [grpc-default-executor-5] INFO  impl.RaftServerImpl (ServerState.java:setRaftConf(356)) - 54a8b3b1-cb59-4956-9183-4f9844315b90@group-2E211A40073F: set configuration 0: [54a8b3b1-cb59-4956-9183-4f9844315b90:192.168.164.230:43616, cd1234b5-0de1-4fd3-b9d5-d50083d3c43c:192.168.164.230:45782, eb8bd58c-94df-4b53-a658-943c19ea9612:192.168.164.230:32970], old=null at 0
2019-10-10 13:54:20,716 [grpc-default-executor-9] INFO  segmented.SegmentedRaftLogWorker (SegmentedRaftLogWorker.java:startLogSegment(385)) - eb8bd58c-94df-4b53-a658-943c19ea9612@group-2E211A40073F-SegmentedRaftLogWorker: Starting segment from index:0
2019-10-10 13:54:20,716 [grpc-default-executor-5] INFO  segmented.SegmentedRaftLogWorker (SegmentedRaftLogWorker.java:startLogSegment(385)) - 54a8b3b1-cb59-4956-9183-4f9844315b90@group-2E211A40073F-SegmentedRaftLogWorker: Starting segment from index:0
2019-10-10 13:54:20,718 [cd1234b5-0de1-4fd3-b9d5-d50083d3c43c@group-2E211A40073F-SegmentedRaftLogWorker] INFO  segmented.SegmentedRaftLogWorker (SegmentedRaftLogWorker.java:execute(574)) - cd1234b5-0de1-4fd3-b9d5-d50083d3c43c@group-2E211A40073F-SegmentedRaftLogWorker: created new log segment /workdir/hadoop-ozone/integration-test/target/test-dir/MiniOzoneClusterImpl-94337b2b-47d0-4fc3-ad18-0e9fb5ac94e5/datanode-2/data/ratis/9d24df39-e9ac-42ac-b6f1-2e211a40073f/current/log_inprogress_0
2019-10-10 13:54:20,750 [Thread-4041] INFO  impl.FollowerState (FollowerState.java:run(108)) - af1b0ec7-0cc6-47df-a217-7d3b9288f5b8@group-6C7DC17C69A7-FollowerState: change to CANDIDATE, lastRpcTime:5065ms, electionTimeout:5065ms
2019-10-10 13:54:20,750 [Thread-4041] INFO  impl.RoleInfo (RoleInfo.java:shutdownFollowerState(121)) - af1b0ec7-0cc6-47df-a217-7d3b9288f5b8: shutdown FollowerState
2019-10-10 13:54:20,750 [Thread-4041] INFO  impl.RaftServerImpl (RaftServerImpl.java:setRole(170)) - af1b0ec7-0cc6-47df-a217-7d3b9288f5b8@group-6C7DC17C69A7: changes role from  FOLLOWER to CANDIDATE at term 0 for changeToCandidate
2019-10-10 13:54:20,750 [Thread-4041] INFO  impl.RoleInfo (RoleInfo.java:updateAndGet(143)) - af1b0ec7-0cc6-47df-a217-7d3b9288f5b8: start LeaderElection
2019-10-10 13:54:20,774 [54a8b3b1-cb59-4956-9183-4f9844315b90@group-2E211A40073F-SegmentedRaftLogWorker] INFO  segmented.SegmentedRaftLogWorker (SegmentedRaftLogWorker.java:execute(574)) - 54a8b3b1-cb59-4956-9183-4f9844315b90@group-2E211A40073F-SegmentedRaftLogWorker: created new log segment /workdir/hadoop-ozone/integration-test/target/test-dir/MiniOzoneClusterImpl-94337b2b-47d0-4fc3-ad18-0e9fb5ac94e5/datanode-1/data/ratis/9d24df39-e9ac-42ac-b6f1-2e211a40073f/current/log_inprogress_0
2019-10-10 13:54:20,774 [eb8bd58c-94df-4b53-a658-943c19ea9612@group-2E211A40073F-SegmentedRaftLogWorker] INFO  segmented.SegmentedRaftLogWorker (SegmentedRaftLogWorker.java:execute(574)) - eb8bd58c-94df-4b53-a658-943c19ea9612@group-2E211A40073F-SegmentedRaftLogWorker: created new log segment /workdir/hadoop-ozone/integration-test/target/test-dir/MiniOzoneClusterImpl-94337b2b-47d0-4fc3-ad18-0e9fb5ac94e5/datanode-0/data/ratis/9d24df39-e9ac-42ac-b6f1-2e211a40073f/current/log_inprogress_0
2019-10-10 13:54:20,787 [af1b0ec7-0cc6-47df-a217-7d3b9288f5b8@group-6C7DC17C69A7-LeaderElection92] INFO  impl.LeaderElection (LeaderElection.java:askForVotes(178)) - af1b0ec7-0cc6-47df-a217-7d3b9288f5b8@group-6C7DC17C69A7-LeaderElection92: begin an election at term 1 for -1: [af1b0ec7-0cc6-47df-a217-7d3b9288f5b8:192.168.164.230:44539], old=null
2019-10-10 13:54:20,788 [af1b0ec7-0cc6-47df-a217-7d3b9288f5b8@group-6C7DC17C69A7-LeaderElection92] INFO  impl.RoleInfo (RoleInfo.java:shutdownLeaderElection(134)) - af1b0ec7-0cc6-47df-a217-7d3b9288f5b8: shutdown LeaderElection
2019-10-10 13:54:20,788 [af1b0ec7-0cc6-47df-a217-7d3b9288f5b8@group-6C7DC17C69A7-LeaderElection92] INFO  impl.RaftServerImpl (RaftServerImpl.java:setRole(170)) - af1b0ec7-0cc6-47df-a217-7d3b9288f5b8@group-6C7DC17C69A7: changes role from CANDIDATE to LEADER at term 1 for changeToLeader
2019-10-10 13:54:20,788 [af1b0ec7-0cc6-47df-a217-7d3b9288f5b8@group-6C7DC17C69A7-LeaderElection92] INFO  impl.RaftServerImpl (ServerState.java:setLeader(255)) - af1b0ec7-0cc6-47df-a217-7d3b9288f5b8@group-6C7DC17C69A7: change Leader from null to af1b0ec7-0cc6-47df-a217-7d3b9288f5b8 at term 1 for becomeLeader, leader elected after 5118ms
2019-10-10 13:54:20,788 [af1b0ec7-0cc6-47df-a217-7d3b9288f5b8@group-6C7DC17C69A7-LeaderElection92] INFO  server.RaftServerConfigKeys (ConfUtils.java:logGet(43)) - raft.server.staging.catchup.gap = 1000 (default)
2019-10-10 13:54:20,788 [af1b0ec7-0cc6-47df-a217-7d3b9288f5b8@group-6C7DC17C69A7-LeaderElection92] INFO  server.RaftServerConfigKeys (ConfUtils.java:logGet(43)) - raft.server.rpc.sleep.time = 25ms (default)
2019-10-10 13:54:20,788 [af1b0ec7-0cc6-47df-a217-7d3b9288f5b8@group-6C7DC17C69A7-LeaderElection92] INFO  server.RaftServerConfigKeys (ConfUtils.java:logGet(43)) - raft.server.write.element-limit = 4096 (default)
2019-10-10 13:54:20,788 [af1b0ec7-0cc6-47df-a217-7d3b9288f5b8@group-6C7DC17C69A7-LeaderElection92] INFO  server.RaftServerConfigKeys (ConfUtils.java:logGet(43)) - raft.server.watch.timeout = 10s (default)
2019-10-10 13:54:20,788 [af1b0ec7-0cc6-47df-a217-7d3b9288f5b8@group-6C7DC17C69A7-LeaderElection92] INFO  server.RaftServerConfigKeys (ConfUtils.java:logGet(43)) - raft.server.watch.timeout.denomination = 1s (default)
2019-10-10 13:54:20,789 [af1b0ec7-0cc6-47df-a217-7d3b9288f5b8@group-6C7DC17C69A7-LeaderElection92] INFO  server.RaftServerConfigKeys (ConfUtils.java:logGet(43)) - raft.server.watch.element-limit = 65536 (default)
2019-10-10 13:54:20,790 [af1b0ec7-0cc6-47df-a217-7d3b9288f5b8@group-6C7DC17C69A7-LeaderElection92] INFO  impl.RoleInfo (RoleInfo.java:updateAndGet(143)) - af1b0ec7-0cc6-47df-a217-7d3b9288f5b8: start LeaderState
2019-10-10 13:54:20,791 [af1b0ec7-0cc6-47df-a217-7d3b9288f5b8@group-6C7DC17C69A7-LeaderElection92] INFO  segmented.SegmentedRaftLogWorker (SegmentedRaftLogWorker.java:startLogSegment(385)) - af1b0ec7-0cc6-47df-a217-7d3b9288f5b8@group-6C7DC17C69A7-SegmentedRaftLogWorker: Starting segment from index:0
2019-10-10 13:54:20,791 [af1b0ec7-0cc6-47df-a217-7d3b9288f5b8@group-6C7DC17C69A7-LeaderElection92] INFO  impl.RaftServerImpl (ServerState.java:setRaftConf(356)) - af1b0ec7-0cc6-47df-a217-7d3b9288f5b8@group-6C7DC17C69A7: set configuration 0: [af1b0ec7-0cc6-47df-a217-7d3b9288f5b8:192.168.164.230:44539], old=null at 0
2019-10-10 13:54:20,835 [Thread-4049] INFO  impl.FollowerState (FollowerState.java:run(108)) - 1179372a-faa2-49b5-baee-70d755ab77f9@group-61595BF6CE92-FollowerState: change to CANDIDATE, lastRpcTime:5015ms, electionTimeout:5004ms
2019-10-10 13:54:20,835 [Thread-4049] INFO  impl.RoleInfo (RoleInfo.java:shutdownFollowerState(121)) - 1179372a-faa2-49b5-baee-70d755ab77f9: shutdown FollowerState
2019-10-10 13:54:20,835 [Thread-4049] INFO  impl.RaftServerImpl (RaftServerImpl.java:setRole(170)) - 1179372a-faa2-49b5-baee-70d755ab77f9@group-61595BF6CE92: changes role from  FOLLOWER to CANDIDATE at term 0 for changeToCandidate
2019-10-10 13:54:20,835 [Thread-4049] INFO  impl.RoleInfo (RoleInfo.java:updateAndGet(143)) - 1179372a-faa2-49b5-baee-70d755ab77f9: start LeaderElection
2019-10-10 13:54:20,835 [Thread-4037] INFO  impl.FollowerState (FollowerState.java:run(108)) - 879d252b-2a05-4827-9377-7fbe1b4b2325@group-D199D0C62226-FollowerState: change to CANDIDATE, lastRpcTime:5233ms, electionTimeout:5199ms
2019-10-10 13:54:20,835 [Thread-4037] INFO  impl.RoleInfo (RoleInfo.java:shutdownFollowerState(121)) - 879d252b-2a05-4827-9377-7fbe1b4b2325: shutdown FollowerState
2019-10-10 13:54:20,836 [Thread-4037] INFO  impl.RaftServerImpl (RaftServerImpl.java:setRole(170)) - 879d252b-2a05-4827-9377-7fbe1b4b2325@group-D199D0C62226: changes role from  FOLLOWER to CANDIDATE at term 0 for changeToCandidate
2019-10-10 13:54:20,842 [Thread-4037] INFO  impl.RoleInfo (RoleInfo.java:updateAndGet(143)) - 879d252b-2a05-4827-9377-7fbe1b4b2325: start LeaderElection
2019-10-10 13:54:20,842 [Thread-4046] INFO  impl.FollowerState (FollowerState.java:run(108)) - 05e1d7c8-a800-4306-8ffe-d9206de7ec8b@group-D4652DAED68D-FollowerState: change to CANDIDATE, lastRpcTime:5078ms, electionTimeout:5078ms
2019-10-10 13:54:20,846 [Thread-4046] INFO  impl.RoleInfo (RoleInfo.java:shutdownFollowerState(121)) - 05e1d7c8-a800-4306-8ffe-d9206de7ec8b: shutdown FollowerState
2019-10-10 13:54:20,849 [af1b0ec7-0cc6-47df-a217-7d3b9288f5b8@group-6C7DC17C69A7-SegmentedRaftLogWorker] INFO  segmented.SegmentedRaftLogWorker (SegmentedRaftLogWorker.java:execute(574)) - af1b0ec7-0cc6-47df-a217-7d3b9288f5b8@group-6C7DC17C69A7-SegmentedRaftLogWorker: created new log segment /workdir/hadoop-ozone/integration-test/target/test-dir/MiniOzoneClusterImpl-94337b2b-47d0-4fc3-ad18-0e9fb5ac94e5/datanode-5/data/ratis/69b51b22-26e0-4f70-b18d-6c7dc17c69a7/current/log_inprogress_0
2019-10-10 13:54:20,849 [Thread-4046] INFO  impl.RaftServerImpl (RaftServerImpl.java:setRole(170)) - 05e1d7c8-a800-4306-8ffe-d9206de7ec8b@group-D4652DAED68D: changes role from  FOLLOWER to CANDIDATE at term 0 for changeToCandidate
2019-10-10 13:54:20,849 [Thread-4046] INFO  impl.RoleInfo (RoleInfo.java:updateAndGet(143)) - 05e1d7c8-a800-4306-8ffe-d9206de7ec8b: start LeaderElection
2019-10-10 13:54:20,861 [879d252b-2a05-4827-9377-7fbe1b4b2325@group-D199D0C62226-LeaderElection94] INFO  impl.LeaderElection (LeaderElection.java:askForVotes(178)) - 879d252b-2a05-4827-9377-7fbe1b4b2325@group-D199D0C62226-LeaderElection94: begin an election at term 1 for -1: [879d252b-2a05-4827-9377-7fbe1b4b2325:192.168.164.230:46261], old=null
2019-10-10 13:54:20,861 [05e1d7c8-a800-4306-8ffe-d9206de7ec8b@group-D4652DAED68D-LeaderElection95] INFO  impl.LeaderElection (LeaderElection.java:askForVotes(178)) - 05e1d7c8-a800-4306-8ffe-d9206de7ec8b@group-D4652DAED68D-LeaderElection95: begin an election at term 1 for -1: [05e1d7c8-a800-4306-8ffe-d9206de7ec8b:192.168.164.230:45331], old=null
2019-10-10 13:54:20,862 [1179372a-faa2-49b5-baee-70d755ab77f9@group-61595BF6CE92-LeaderElection93] INFO  impl.LeaderElection (LeaderElection.java:askForVotes(178)) - 1179372a-faa2-49b5-baee-70d755ab77f9@group-61595BF6CE92-LeaderElection93: begin an election at term 1 for -1: [1179372a-faa2-49b5-baee-70d755ab77f9:192.168.164.230:32914], old=null
2019-10-10 13:54:20,862 [05e1d7c8-a800-4306-8ffe-d9206de7ec8b@group-D4652DAED68D-LeaderElection95] INFO  impl.RoleInfo (RoleInfo.java:shutdownLeaderElection(134)) - 05e1d7c8-a800-4306-8ffe-d9206de7ec8b: shutdown LeaderElection
2019-10-10 13:54:20,862 [879d252b-2a05-4827-9377-7fbe1b4b2325@group-D199D0C62226-LeaderElection94] INFO  impl.RoleInfo (RoleInfo.java:shutdownLeaderElection(134)) - 879d252b-2a05-4827-9377-7fbe1b4b2325: shutdown LeaderElection
2019-10-10 13:54:20,862 [05e1d7c8-a800-4306-8ffe-d9206de7ec8b@group-D4652DAED68D-LeaderElection95] INFO  impl.RaftServerImpl (RaftServerImpl.java:setRole(170)) - 05e1d7c8-a800-4306-8ffe-d9206de7ec8b@group-D4652DAED68D: changes role from CANDIDATE to LEADER at term 1 for changeToLeader
2019-10-10 13:54:20,862 [1179372a-faa2-49b5-baee-70d755ab77f9@group-61595BF6CE92-LeaderElection93] INFO  impl.RoleInfo (RoleInfo.java:shutdownLeaderElection(134)) - 1179372a-faa2-49b5-baee-70d755ab77f9: shutdown LeaderElection
2019-10-10 13:54:20,862 [05e1d7c8-a800-4306-8ffe-d9206de7ec8b@group-D4652DAED68D-LeaderElection95] INFO  impl.RaftServerImpl (ServerState.java:setLeader(255)) - 05e1d7c8-a800-4306-8ffe-d9206de7ec8b@group-D4652DAED68D: change Leader from null to 05e1d7c8-a800-4306-8ffe-d9206de7ec8b at term 1 for becomeLeader, leader elected after 5107ms
2019-10-10 13:54:20,862 [879d252b-2a05-4827-9377-7fbe1b4b2325@group-D199D0C62226-LeaderElection94] INFO  impl.RaftServerImpl (RaftServerImpl.java:setRole(170)) - 879d252b-2a05-4827-9377-7fbe1b4b2325@group-D199D0C62226: changes role from CANDIDATE to LEADER at term 1 for changeToLeader
2019-10-10 13:54:20,863 [05e1d7c8-a800-4306-8ffe-d9206de7ec8b@group-D4652DAED68D-LeaderElection95] INFO  server.RaftServerConfigKeys (ConfUtils.java:logGet(43)) - raft.server.staging.catchup.gap = 1000 (default)
2019-10-10 13:54:20,862 [1179372a-faa2-49b5-baee-70d755ab77f9@group-61595BF6CE92-LeaderElection93] INFO  impl.RaftServerImpl (RaftServerImpl.java:setRole(170)) - 1179372a-faa2-49b5-baee-70d755ab77f9@group-61595BF6CE92: changes role from CANDIDATE to LEADER at term 1 for changeToLeader
2019-10-10 13:54:20,863 [05e1d7c8-a800-4306-8ffe-d9206de7ec8b@group-D4652DAED68D-LeaderElection95] INFO  server.RaftServerConfigKeys (ConfUtils.java:logGet(43)) - raft.server.rpc.sleep.time = 25ms (default)
2019-10-10 13:54:20,863 [879d252b-2a05-4827-9377-7fbe1b4b2325@group-D199D0C62226-LeaderElection94] INFO  impl.RaftServerImpl (ServerState.java:setLeader(255)) - 879d252b-2a05-4827-9377-7fbe1b4b2325@group-D199D0C62226: change Leader from null to 879d252b-2a05-4827-9377-7fbe1b4b2325 at term 1 for becomeLeader, leader elected after 5273ms
2019-10-10 13:54:20,863 [05e1d7c8-a800-4306-8ffe-d9206de7ec8b@group-D4652DAED68D-LeaderElection95] INFO  server.RaftServerConfigKeys (ConfUtils.java:logGet(43)) - raft.server.write.element-limit = 4096 (default)
2019-10-10 13:54:20,863 [1179372a-faa2-49b5-baee-70d755ab77f9@group-61595BF6CE92-LeaderElection93] INFO  impl.RaftServerImpl (ServerState.java:setLeader(255)) - 1179372a-faa2-49b5-baee-70d755ab77f9@group-61595BF6CE92: change Leader from null to 1179372a-faa2-49b5-baee-70d755ab77f9 at term 1 for becomeLeader, leader elected after 5049ms
2019-10-10 13:54:20,864 [05e1d7c8-a800-4306-8ffe-d9206de7ec8b@group-D4652DAED68D-LeaderElection95] INFO  server.RaftServerConfigKeys (ConfUtils.java:logGet(43)) - raft.server.watch.timeout = 10s (default)
2019-10-10 13:54:20,863 [879d252b-2a05-4827-9377-7fbe1b4b2325@group-D199D0C62226-LeaderElection94] INFO  server.RaftServerConfigKeys (ConfUtils.java:logGet(43)) - raft.server.staging.catchup.gap = 1000 (default)
2019-10-10 13:54:20,864 [05e1d7c8-a800-4306-8ffe-d9206de7ec8b@group-D4652DAED68D-LeaderElection95] INFO  server.RaftServerConfigKeys (ConfUtils.java:logGet(43)) - raft.server.watch.timeout.denomination = 1s (default)
2019-10-10 13:54:20,864 [1179372a-faa2-49b5-baee-70d755ab77f9@group-61595BF6CE92-LeaderElection93] INFO  server.RaftServerConfigKeys (ConfUtils.java:logGet(43)) - raft.server.staging.catchup.gap = 1000 (default)
2019-10-10 13:54:20,864 [05e1d7c8-a800-4306-8ffe-d9206de7ec8b@group-D4652DAED68D-LeaderElection95] INFO  server.RaftServerConfigKeys (ConfUtils.java:logGet(43)) - raft.server.watch.element-limit = 65536 (default)
2019-10-10 13:54:20,864 [879d252b-2a05-4827-9377-7fbe1b4b2325@group-D199D0C62226-LeaderElection94] INFO  server.RaftServerConfigKeys (ConfUtils.java:logGet(43)) - raft.server.rpc.sleep.time = 25ms (default)
2019-10-10 13:54:20,864 [1179372a-faa2-49b5-baee-70d755ab77f9@group-61595BF6CE92-LeaderElection93] INFO  server.RaftServerConfigKeys (ConfUtils.java:logGet(43)) - raft.server.rpc.sleep.time = 25ms (default)
2019-10-10 13:54:20,865 [879d252b-2a05-4827-9377-7fbe1b4b2325@group-D199D0C62226-LeaderElection94] INFO  server.RaftServerConfigKeys (ConfUtils.java:logGet(43)) - raft.server.write.element-limit = 4096 (default)
2019-10-10 13:54:20,865 [1179372a-faa2-49b5-baee-70d755ab77f9@group-61595BF6CE92-LeaderElection93] INFO  server.RaftServerConfigKeys (ConfUtils.java:logGet(43)) - raft.server.write.element-limit = 4096 (default)
2019-10-10 13:54:20,865 [879d252b-2a05-4827-9377-7fbe1b4b2325@group-D199D0C62226-LeaderElection94] INFO  server.RaftServerConfigKeys (ConfUtils.java:logGet(43)) - raft.server.watch.timeout = 10s (default)
2019-10-10 13:54:20,865 [1179372a-faa2-49b5-baee-70d755ab77f9@group-61595BF6CE92-LeaderElection93] INFO  server.RaftServerConfigKeys (ConfUtils.java:logGet(43)) - raft.server.watch.timeout = 10s (default)
2019-10-10 13:54:20,865 [879d252b-2a05-4827-9377-7fbe1b4b2325@group-D199D0C62226-LeaderElection94] INFO  server.RaftServerConfigKeys (ConfUtils.java:logGet(43)) - raft.server.watch.timeout.denomination = 1s (default)
2019-10-10 13:54:20,866 [1179372a-faa2-49b5-baee-70d755ab77f9@group-61595BF6CE92-LeaderElection93] INFO  server.RaftServerConfigKeys (ConfUtils.java:logGet(43)) - raft.server.watch.timeout.denomination = 1s (default)
2019-10-10 13:54:20,866 [879d252b-2a05-4827-9377-7fbe1b4b2325@group-D199D0C62226-LeaderElection94] INFO  server.RaftServerConfigKeys (ConfUtils.java:logGet(43)) - raft.server.watch.element-limit = 65536 (default)
2019-10-10 13:54:20,866 [1179372a-faa2-49b5-baee-70d755ab77f9@group-61595BF6CE92-LeaderElection93] INFO  server.RaftServerConfigKeys (ConfUtils.java:logGet(43)) - raft.server.watch.element-limit = 65536 (default)
2019-10-10 13:54:20,868 [05e1d7c8-a800-4306-8ffe-d9206de7ec8b@group-D4652DAED68D-LeaderElection95] INFO  impl.RoleInfo (RoleInfo.java:updateAndGet(143)) - 05e1d7c8-a800-4306-8ffe-d9206de7ec8b: start LeaderState
2019-10-10 13:54:20,868 [05e1d7c8-a800-4306-8ffe-d9206de7ec8b@group-D4652DAED68D-LeaderElection95] INFO  segmented.SegmentedRaftLogWorker (SegmentedRaftLogWorker.java:startLogSegment(385)) - 05e1d7c8-a800-4306-8ffe-d9206de7ec8b@group-D4652DAED68D-SegmentedRaftLogWorker: Starting segment from index:0
2019-10-10 13:54:20,869 [05e1d7c8-a800-4306-8ffe-d9206de7ec8b@group-D4652DAED68D-LeaderElection95] INFO  impl.RaftServerImpl (ServerState.java:setRaftConf(356)) - 05e1d7c8-a800-4306-8ffe-d9206de7ec8b@group-D4652DAED68D: set configuration 0: [05e1d7c8-a800-4306-8ffe-d9206de7ec8b:192.168.164.230:45331], old=null at 0
2019-10-10 13:54:20,908 [879d252b-2a05-4827-9377-7fbe1b4b2325@group-D199D0C62226-LeaderElection94] INFO  impl.RoleInfo (RoleInfo.java:updateAndGet(143)) - 879d252b-2a05-4827-9377-7fbe1b4b2325: start LeaderState
2019-10-10 13:54:20,909 [1179372a-faa2-49b5-baee-70d755ab77f9@group-61595BF6CE92-LeaderElection93] INFO  impl.RoleInfo (RoleInfo.java:updateAndGet(143)) - 1179372a-faa2-49b5-baee-70d755ab77f9: start LeaderState
2019-10-10 13:54:20,909 [879d252b-2a05-4827-9377-7fbe1b4b2325@group-D199D0C62226-LeaderElection94] INFO  segmented.SegmentedRaftLogWorker (SegmentedRaftLogWorker.java:startLogSegment(385)) - 879d252b-2a05-4827-9377-7fbe1b4b2325@group-D199D0C62226-SegmentedRaftLogWorker: Starting segment from index:0
2019-10-10 13:54:20,909 [1179372a-faa2-49b5-baee-70d755ab77f9@group-61595BF6CE92-LeaderElection93] INFO  segmented.SegmentedRaftLogWorker (SegmentedRaftLogWorker.java:startLogSegment(385)) - 1179372a-faa2-49b5-baee-70d755ab77f9@group-61595BF6CE92-SegmentedRaftLogWorker: Starting segment from index:0
2019-10-10 13:54:20,910 [879d252b-2a05-4827-9377-7fbe1b4b2325@group-D199D0C62226-LeaderElection94] INFO  impl.RaftServerImpl (ServerState.java:setRaftConf(356)) - 879d252b-2a05-4827-9377-7fbe1b4b2325@group-D199D0C62226: set configuration 0: [879d252b-2a05-4827-9377-7fbe1b4b2325:192.168.164.230:46261], old=null at 0
2019-10-10 13:54:20,950 [05e1d7c8-a800-4306-8ffe-d9206de7ec8b@group-D4652DAED68D-SegmentedRaftLogWorker] INFO  segmented.SegmentedRaftLogWorker (SegmentedRaftLogWorker.java:execute(574)) - 05e1d7c8-a800-4306-8ffe-d9206de7ec8b@group-D4652DAED68D-SegmentedRaftLogWorker: created new log segment /workdir/hadoop-ozone/integration-test/target/test-dir/MiniOzoneClusterImpl-94337b2b-47d0-4fc3-ad18-0e9fb5ac94e5/datanode-6/data/ratis/e8da1c30-7a35-47fb-b68f-d4652daed68d/current/log_inprogress_0
2019-10-10 13:54:20,950 [1179372a-faa2-49b5-baee-70d755ab77f9@group-61595BF6CE92-LeaderElection93] INFO  impl.RaftServerImpl (ServerState.java:setRaftConf(356)) - 1179372a-faa2-49b5-baee-70d755ab77f9@group-61595BF6CE92: set configuration 0: [1179372a-faa2-49b5-baee-70d755ab77f9:192.168.164.230:32914], old=null at 0
2019-10-10 13:54:20,990 [Thread-4057] INFO  impl.FollowerState (FollowerState.java:run(108)) - 05e1d7c8-a800-4306-8ffe-d9206de7ec8b@group-695DAE03FDF5-FollowerState: change to CANDIDATE, lastRpcTime:5104ms, electionTimeout:5098ms
2019-10-10 13:54:20,991 [879d252b-2a05-4827-9377-7fbe1b4b2325@group-D199D0C62226-SegmentedRaftLogWorker] INFO  segmented.SegmentedRaftLogWorker (SegmentedRaftLogWorker.java:execute(574)) - 879d252b-2a05-4827-9377-7fbe1b4b2325@group-D199D0C62226-SegmentedRaftLogWorker: created new log segment /workdir/hadoop-ozone/integration-test/target/test-dir/MiniOzoneClusterImpl-94337b2b-47d0-4fc3-ad18-0e9fb5ac94e5/datanode-3/data/ratis/7cb191fb-1af0-435e-865b-d199d0c62226/current/log_inprogress_0
2019-10-10 13:54:20,991 [Thread-4057] INFO  impl.RoleInfo (RoleInfo.java:shutdownFollowerState(121)) - 05e1d7c8-a800-4306-8ffe-d9206de7ec8b: shutdown FollowerState
2019-10-10 13:54:20,991 [Thread-4057] INFO  impl.RaftServerImpl (RaftServerImpl.java:setRole(170)) - 05e1d7c8-a800-4306-8ffe-d9206de7ec8b@group-695DAE03FDF5: changes role from  FOLLOWER to CANDIDATE at term 0 for changeToCandidate
2019-10-10 13:54:20,991 [Thread-4057] INFO  impl.RoleInfo (RoleInfo.java:updateAndGet(143)) - 05e1d7c8-a800-4306-8ffe-d9206de7ec8b: start LeaderElection
2019-10-10 13:54:20,995 [Thread-4055] INFO  impl.FollowerState (FollowerState.java:run(108)) - af1b0ec7-0cc6-47df-a217-7d3b9288f5b8@group-695DAE03FDF5-FollowerState: change to CANDIDATE, lastRpcTime:5109ms, electionTimeout:5108ms
2019-10-10 13:54:20,999 [Thread-4055] INFO  impl.RoleInfo (RoleInfo.java:shutdownFollowerState(121)) - af1b0ec7-0cc6-47df-a217-7d3b9288f5b8: shutdown FollowerState
2019-10-10 13:54:20,999 [Thread-4055] INFO  impl.RaftServerImpl (RaftServerImpl.java:setRole(170)) - af1b0ec7-0cc6-47df-a217-7d3b9288f5b8@group-695DAE03FDF5: changes role from  FOLLOWER to CANDIDATE at term 0 for changeToCandidate
2019-10-10 13:54:20,999 [Thread-4055] INFO  impl.RoleInfo (RoleInfo.java:updateAndGet(143)) - af1b0ec7-0cc6-47df-a217-7d3b9288f5b8: start LeaderElection
2019-10-10 13:54:21,006 [1179372a-faa2-49b5-baee-70d755ab77f9@group-61595BF6CE92-SegmentedRaftLogWorker] INFO  segmented.SegmentedRaftLogWorker (SegmentedRaftLogWorker.java:execute(574)) - 1179372a-faa2-49b5-baee-70d755ab77f9@group-61595BF6CE92-SegmentedRaftLogWorker: created new log segment /workdir/hadoop-ozone/integration-test/target/test-dir/MiniOzoneClusterImpl-94337b2b-47d0-4fc3-ad18-0e9fb5ac94e5/datanode-4/data/ratis/5de9d8ea-66cf-4e4e-a36f-61595bf6ce92/current/log_inprogress_0
2019-10-10 13:54:21,007 [05e1d7c8-a800-4306-8ffe-d9206de7ec8b@group-695DAE03FDF5-LeaderElection96] INFO  impl.LeaderElection (LeaderElection.java:askForVotes(178)) - 05e1d7c8-a800-4306-8ffe-d9206de7ec8b@group-695DAE03FDF5-LeaderElection96: begin an election at term 1 for -1: [05e1d7c8-a800-4306-8ffe-d9206de7ec8b:192.168.164.230:45331, 879d252b-2a05-4827-9377-7fbe1b4b2325:192.168.164.230:46261, af1b0ec7-0cc6-47df-a217-7d3b9288f5b8:192.168.164.230:44539], old=null
2019-10-10 13:54:21,012 [grpc-default-executor-9] INFO  impl.RaftServerImpl (RaftServerImpl.java:setRole(170)) - 879d252b-2a05-4827-9377-7fbe1b4b2325@group-695DAE03FDF5: changes role from  FOLLOWER to FOLLOWER at term 1 for recognizeCandidate:05e1d7c8-a800-4306-8ffe-d9206de7ec8b
2019-10-10 13:54:21,012 [grpc-default-executor-9] INFO  impl.RoleInfo (RoleInfo.java:shutdownFollowerState(121)) - 879d252b-2a05-4827-9377-7fbe1b4b2325: shutdown FollowerState
2019-10-10 13:54:21,012 [grpc-default-executor-9] INFO  impl.RoleInfo (RoleInfo.java:updateAndGet(143)) - 879d252b-2a05-4827-9377-7fbe1b4b2325: start FollowerState
2019-10-10 13:54:21,012 [Thread-4052] INFO  impl.FollowerState (FollowerState.java:run(117)) - 879d252b-2a05-4827-9377-7fbe1b4b2325@group-695DAE03FDF5-FollowerState was interrupted: java.lang.InterruptedException: sleep interrupted
2019-10-10 13:54:21,019 [af1b0ec7-0cc6-47df-a217-7d3b9288f5b8@group-695DAE03FDF5-LeaderElection97] INFO  impl.LeaderElection (LeaderElection.java:askForVotes(178)) - af1b0ec7-0cc6-47df-a217-7d3b9288f5b8@group-695DAE03FDF5-LeaderElection97: begin an election at term 1 for -1: [05e1d7c8-a800-4306-8ffe-d9206de7ec8b:192.168.164.230:45331, 879d252b-2a05-4827-9377-7fbe1b4b2325:192.168.164.230:46261, af1b0ec7-0cc6-47df-a217-7d3b9288f5b8:192.168.164.230:44539], old=null
2019-10-10 13:54:21,024 [05e1d7c8-a800-4306-8ffe-d9206de7ec8b@group-695DAE03FDF5-LeaderElection96] INFO  impl.LeaderElection (LeaderElection.java:logAndReturn(56)) - 05e1d7c8-a800-4306-8ffe-d9206de7ec8b@group-695DAE03FDF5-LeaderElection96: Election PASSED; received 2 response(s) [05e1d7c8-a800-4306-8ffe-d9206de7ec8b<-af1b0ec7-0cc6-47df-a217-7d3b9288f5b8#0:FAIL-t1, 05e1d7c8-a800-4306-8ffe-d9206de7ec8b<-879d252b-2a05-4827-9377-7fbe1b4b2325#0:OK-t1] and 0 exception(s); 05e1d7c8-a800-4306-8ffe-d9206de7ec8b@group-695DAE03FDF5:t1, leader=null, voted=05e1d7c8-a800-4306-8ffe-d9206de7ec8b, raftlog=05e1d7c8-a800-4306-8ffe-d9206de7ec8b@group-695DAE03FDF5-SegmentedRaftLog:OPENED:c-1,f-1,i0, conf=-1: [05e1d7c8-a800-4306-8ffe-d9206de7ec8b:192.168.164.230:45331, 879d252b-2a05-4827-9377-7fbe1b4b2325:192.168.164.230:46261, af1b0ec7-0cc6-47df-a217-7d3b9288f5b8:192.168.164.230:44539], old=null
2019-10-10 13:54:21,024 [05e1d7c8-a800-4306-8ffe-d9206de7ec8b@group-695DAE03FDF5-LeaderElection96] INFO  impl.RoleInfo (RoleInfo.java:shutdownLeaderElection(134)) - 05e1d7c8-a800-4306-8ffe-d9206de7ec8b: shutdown LeaderElection
2019-10-10 13:54:21,025 [05e1d7c8-a800-4306-8ffe-d9206de7ec8b@group-695DAE03FDF5-LeaderElection96] INFO  impl.RaftServerImpl (RaftServerImpl.java:setRole(170)) - 05e1d7c8-a800-4306-8ffe-d9206de7ec8b@group-695DAE03FDF5: changes role from CANDIDATE to LEADER at term 1 for changeToLeader
2019-10-10 13:54:21,025 [05e1d7c8-a800-4306-8ffe-d9206de7ec8b@group-695DAE03FDF5-LeaderElection96] INFO  impl.RaftServerImpl (ServerState.java:setLeader(255)) - 05e1d7c8-a800-4306-8ffe-d9206de7ec8b@group-695DAE03FDF5: change Leader from null to 05e1d7c8-a800-4306-8ffe-d9206de7ec8b at term 1 for becomeLeader, leader elected after 5151ms
2019-10-10 13:54:21,025 [05e1d7c8-a800-4306-8ffe-d9206de7ec8b@group-695DAE03FDF5-LeaderElection96] INFO  server.RaftServerConfigKeys (ConfUtils.java:logGet(43)) - raft.server.staging.catchup.gap = 1000 (default)
2019-10-10 13:54:21,028 [05e1d7c8-a800-4306-8ffe-d9206de7ec8b@group-695DAE03FDF5-LeaderElection96] INFO  server.RaftServerConfigKeys (ConfUtils.java:logGet(43)) - raft.server.rpc.sleep.time = 25ms (default)
2019-10-10 13:54:21,029 [05e1d7c8-a800-4306-8ffe-d9206de7ec8b@group-695DAE03FDF5-LeaderElection96] INFO  server.RaftServerConfigKeys (ConfUtils.java:logGet(43)) - raft.server.write.element-limit = 4096 (default)
2019-10-10 13:54:21,029 [05e1d7c8-a800-4306-8ffe-d9206de7ec8b@group-695DAE03FDF5-LeaderElection96] INFO  server.RaftServerConfigKeys (ConfUtils.java:logGet(43)) - raft.server.watch.timeout = 10s (default)
2019-10-10 13:54:21,029 [05e1d7c8-a800-4306-8ffe-d9206de7ec8b@group-695DAE03FDF5-LeaderElection96] INFO  server.RaftServerConfigKeys (ConfUtils.java:logGet(43)) - raft.server.watch.timeout.denomination = 1s (default)
2019-10-10 13:54:21,029 [05e1d7c8-a800-4306-8ffe-d9206de7ec8b@group-695DAE03FDF5-LeaderElection96] INFO  server.RaftServerConfigKeys (ConfUtils.java:logGet(43)) - raft.server.watch.element-limit = 65536 (default)
2019-10-10 13:54:21,034 [05e1d7c8-a800-4306-8ffe-d9206de7ec8b@group-695DAE03FDF5-LeaderElection96] INFO  server.RaftServerConfigKeys (ConfUtils.java:logGet(43)) - raft.server.log.appender.snapshot.chunk.size.max = 16MB (=16777216) (default)
2019-10-10 13:54:21,035 [05e1d7c8-a800-4306-8ffe-d9206de7ec8b@group-695DAE03FDF5-LeaderElection96] INFO  server.RaftServerConfigKeys (ConfUtils.java:logGet(43)) - raft.server.log.appender.buffer.byte-limit = 33554432 (custom)
2019-10-10 13:54:21,035 [05e1d7c8-a800-4306-8ffe-d9206de7ec8b@group-695DAE03FDF5-LeaderElection96] INFO  server.RaftServerConfigKeys (ConfUtils.java:logGet(43)) - raft.server.log.appender.buffer.element-limit = 1 (custom)
2019-10-10 13:54:21,035 [05e1d7c8-a800-4306-8ffe-d9206de7ec8b@group-695DAE03FDF5-LeaderElection96] INFO  grpc.GrpcConfigKeys$Server (ConfUtils.java:logGet(43)) - raft.grpc.server.leader.outstanding.appends.max = 128 (default)
2019-10-10 13:54:21,035 [05e1d7c8-a800-4306-8ffe-d9206de7ec8b@group-695DAE03FDF5-LeaderElection96] INFO  server.RaftServerConfigKeys (ConfUtils.java:logGet(43)) - raft.server.rpc.request.timeout = 3000ms (default)
2019-10-10 13:54:21,035 [05e1d7c8-a800-4306-8ffe-d9206de7ec8b@group-695DAE03FDF5-LeaderElection96] INFO  server.RaftServerConfigKeys (ConfUtils.java:logGet(43)) - raft.server.log.appender.install.snapshot.enabled = false (custom)
2019-10-10 13:54:21,036 [05e1d7c8-a800-4306-8ffe-d9206de7ec8b@group-695DAE03FDF5-LeaderElection96] INFO  server.RaftServerConfigKeys (ConfUtils.java:logGet(43)) - raft.server.log.appender.snapshot.chunk.size.max = 16MB (=16777216) (default)
2019-10-10 13:54:21,036 [05e1d7c8-a800-4306-8ffe-d9206de7ec8b@group-695DAE03FDF5-LeaderElection96] INFO  server.RaftServerConfigKeys (ConfUtils.java:logGet(43)) - raft.server.log.appender.buffer.byte-limit = 33554432 (custom)
2019-10-10 13:54:21,036 [05e1d7c8-a800-4306-8ffe-d9206de7ec8b@group-695DAE03FDF5-LeaderElection96] INFO  server.RaftServerConfigKeys (ConfUtils.java:logGet(43)) - raft.server.log.appender.buffer.element-limit = 1 (custom)
2019-10-10 13:54:21,036 [05e1d7c8-a800-4306-8ffe-d9206de7ec8b@group-695DAE03FDF5-LeaderElection96] INFO  grpc.GrpcConfigKeys$Server (ConfUtils.java:logGet(43)) - raft.grpc.server.leader.outstanding.appends.max = 128 (default)
2019-10-10 13:54:21,036 [05e1d7c8-a800-4306-8ffe-d9206de7ec8b@group-695DAE03FDF5-LeaderElection96] INFO  server.RaftServerConfigKeys (ConfUtils.java:logGet(43)) - raft.server.rpc.request.timeout = 3000ms (default)
2019-10-10 13:54:21,037 [05e1d7c8-a800-4306-8ffe-d9206de7ec8b@group-695DAE03FDF5-LeaderElection96] INFO  server.RaftServerConfigKeys (ConfUtils.java:logGet(43)) - raft.server.log.appender.install.snapshot.enabled = false (custom)
2019-10-10 13:54:21,037 [05e1d7c8-a800-4306-8ffe-d9206de7ec8b@group-695DAE03FDF5-LeaderElection96] INFO  impl.RoleInfo (RoleInfo.java:updateAndGet(143)) - 05e1d7c8-a800-4306-8ffe-d9206de7ec8b: start LeaderState
2019-10-10 13:54:21,037 [05e1d7c8-a800-4306-8ffe-d9206de7ec8b@group-695DAE03FDF5-LeaderElection96] INFO  segmented.SegmentedRaftLogWorker (SegmentedRaftLogWorker.java:startLogSegment(385)) - 05e1d7c8-a800-4306-8ffe-d9206de7ec8b@group-695DAE03FDF5-SegmentedRaftLogWorker: Starting segment from index:0
2019-10-10 13:54:21,038 [05e1d7c8-a800-4306-8ffe-d9206de7ec8b@group-695DAE03FDF5-LeaderElection96] INFO  impl.RaftServerImpl (ServerState.java:setRaftConf(356)) - 05e1d7c8-a800-4306-8ffe-d9206de7ec8b@group-695DAE03FDF5: set configuration 0: [05e1d7c8-a800-4306-8ffe-d9206de7ec8b:192.168.164.230:45331, 879d252b-2a05-4827-9377-7fbe1b4b2325:192.168.164.230:46261, af1b0ec7-0cc6-47df-a217-7d3b9288f5b8:192.168.164.230:44539], old=null at 0
2019-10-10 13:54:21,038 [grpc-default-executor-5] INFO  impl.RaftServerImpl (RaftServerImpl.java:requestVote(754)) - 05e1d7c8-a800-4306-8ffe-d9206de7ec8b@group-695DAE03FDF5-   LEADER: Withhold vote from candidate af1b0ec7-0cc6-47df-a217-7d3b9288f5b8 with term 1. State: leader=05e1d7c8-a800-4306-8ffe-d9206de7ec8b, term=1, lastRpcElapsed=null
2019-10-10 13:54:21,075 [grpc-default-executor-8] INFO  impl.RaftServerImpl (ServerState.java:setLeader(255)) - 879d252b-2a05-4827-9377-7fbe1b4b2325@group-695DAE03FDF5: change Leader from null to 05e1d7c8-a800-4306-8ffe-d9206de7ec8b at term 1 for appendEntries, leader elected after 5202ms
2019-10-10 13:54:21,075 [grpc-default-executor-5] INFO  impl.RaftServerImpl (RaftServerImpl.java:setRole(170)) - af1b0ec7-0cc6-47df-a217-7d3b9288f5b8@group-695DAE03FDF5: changes role from CANDIDATE to FOLLOWER at term 1 for appendEntries
2019-10-10 13:54:21,075 [af1b0ec7-0cc6-47df-a217-7d3b9288f5b8@group-695DAE03FDF5-LeaderElection97] INFO  impl.LeaderElection (LeaderElection.java:logAndReturn(56)) - af1b0ec7-0cc6-47df-a217-7d3b9288f5b8@group-695DAE03FDF5-LeaderElection97: Election REJECTED; received 2 response(s) [af1b0ec7-0cc6-47df-a217-7d3b9288f5b8<-05e1d7c8-a800-4306-8ffe-d9206de7ec8b#0:FAIL-t1, af1b0ec7-0cc6-47df-a217-7d3b9288f5b8<-879d252b-2a05-4827-9377-7fbe1b4b2325#0:FAIL-t1] and 0 exception(s); af1b0ec7-0cc6-47df-a217-7d3b9288f5b8@group-695DAE03FDF5:t1, leader=null, voted=af1b0ec7-0cc6-47df-a217-7d3b9288f5b8, raftlog=af1b0ec7-0cc6-47df-a217-7d3b9288f5b8@group-695DAE03FDF5-SegmentedRaftLog:OPENED:c-1,f-1,i0, conf=-1: [05e1d7c8-a800-4306-8ffe-d9206de7ec8b:192.168.164.230:45331, 879d252b-2a05-4827-9377-7fbe1b4b2325:192.168.164.230:46261, af1b0ec7-0cc6-47df-a217-7d3b9288f5b8:192.168.164.230:44539], old=null
2019-10-10 13:54:21,076 [grpc-default-executor-5] INFO  impl.RoleInfo (RoleInfo.java:shutdownLeaderElection(134)) - af1b0ec7-0cc6-47df-a217-7d3b9288f5b8: shutdown LeaderElection
2019-10-10 13:54:21,076 [grpc-default-executor-5] INFO  impl.RoleInfo (RoleInfo.java:updateAndGet(143)) - af1b0ec7-0cc6-47df-a217-7d3b9288f5b8: start FollowerState
2019-10-10 13:54:21,076 [grpc-default-executor-5] INFO  impl.RaftServerImpl (ServerState.java:setLeader(255)) - af1b0ec7-0cc6-47df-a217-7d3b9288f5b8@group-695DAE03FDF5: change Leader from null to 05e1d7c8-a800-4306-8ffe-d9206de7ec8b at term 1 for appendEntries, leader elected after 5203ms
2019-10-10 13:54:21,078 [grpc-default-executor-5] INFO  impl.RaftServerImpl (ServerState.java:setRaftConf(356)) - 879d252b-2a05-4827-9377-7fbe1b4b2325@group-695DAE03FDF5: set configuration 0: [05e1d7c8-a800-4306-8ffe-d9206de7ec8b:192.168.164.230:45331, 879d252b-2a05-4827-9377-7fbe1b4b2325:192.168.164.230:46261, af1b0ec7-0cc6-47df-a217-7d3b9288f5b8:192.168.164.230:44539], old=null at 0
2019-10-10 13:54:21,078 [grpc-default-executor-5] INFO  segmented.SegmentedRaftLogWorker (SegmentedRaftLogWorker.java:startLogSegment(385)) - 879d252b-2a05-4827-9377-7fbe1b4b2325@group-695DAE03FDF5-SegmentedRaftLogWorker: Starting segment from index:0
2019-10-10 13:54:21,079 [grpc-default-executor-5] INFO  impl.RaftServerImpl (ServerState.java:setRaftConf(356)) - af1b0ec7-0cc6-47df-a217-7d3b9288f5b8@group-695DAE03FDF5: set configuration 0: [05e1d7c8-a800-4306-8ffe-d9206de7ec8b:192.168.164.230:45331, 879d252b-2a05-4827-9377-7fbe1b4b2325:192.168.164.230:46261, af1b0ec7-0cc6-47df-a217-7d3b9288f5b8:192.168.164.230:44539], old=null at 0
2019-10-10 13:54:21,079 [grpc-default-executor-5] INFO  segmented.SegmentedRaftLogWorker (SegmentedRaftLogWorker.java:startLogSegment(385)) - af1b0ec7-0cc6-47df-a217-7d3b9288f5b8@group-695DAE03FDF5-SegmentedRaftLogWorker: Starting segment from index:0
2019-10-10 13:54:21,086 [05e1d7c8-a800-4306-8ffe-d9206de7ec8b@group-695DAE03FDF5-SegmentedRaftLogWorker] INFO  segmented.SegmentedRaftLogWorker (SegmentedRaftLogWorker.java:execute(574)) - 05e1d7c8-a800-4306-8ffe-d9206de7ec8b@group-695DAE03FDF5-SegmentedRaftLogWorker: created new log segment /workdir/hadoop-ozone/integration-test/target/test-dir/MiniOzoneClusterImpl-94337b2b-47d0-4fc3-ad18-0e9fb5ac94e5/datanode-6/data/ratis/a0542868-a800-4c3a-af97-695dae03fdf5/current/log_inprogress_0
2019-10-10 13:54:21,131 [879d252b-2a05-4827-9377-7fbe1b4b2325@group-695DAE03FDF5-SegmentedRaftLogWorker] INFO  segmented.SegmentedRaftLogWorker (SegmentedRaftLogWorker.java:execute(574)) - 879d252b-2a05-4827-9377-7fbe1b4b2325@group-695DAE03FDF5-SegmentedRaftLogWorker: created new log segment /workdir/hadoop-ozone/integration-test/target/test-dir/MiniOzoneClusterImpl-94337b2b-47d0-4fc3-ad18-0e9fb5ac94e5/datanode-3/data/ratis/a0542868-a800-4c3a-af97-695dae03fdf5/current/log_inprogress_0
2019-10-10 13:54:21,131 [af1b0ec7-0cc6-47df-a217-7d3b9288f5b8@group-695DAE03FDF5-SegmentedRaftLogWorker] INFO  segmented.SegmentedRaftLogWorker (SegmentedRaftLogWorker.java:execute(574)) - af1b0ec7-0cc6-47df-a217-7d3b9288f5b8@group-695DAE03FDF5-SegmentedRaftLogWorker: created new log segment /workdir/hadoop-ozone/integration-test/target/test-dir/MiniOzoneClusterImpl-94337b2b-47d0-4fc3-ad18-0e9fb5ac94e5/datanode-5/data/ratis/a0542868-a800-4c3a-af97-695dae03fdf5/current/log_inprogress_0
2019-10-10 13:54:22,469 [EventQueue-CloseContainerForCloseContainerEventHandler] INFO  container.CloseContainerEventHandler (CloseContainerEventHandler.java:onMessage(61)) - Close container Event triggered for container : #1
2019-10-10 13:54:22,470 [EventQueue-CloseContainerForCloseContainerEventHandler] INFO  container.CloseContainerEventHandler (CloseContainerEventHandler.java:onMessage(61)) - Close container Event triggered for container : #1
2019-10-10 13:54:22,470 [EventQueue-CloseContainerForCloseContainerEventHandler] INFO  container.CloseContainerEventHandler (CloseContainerEventHandler.java:onMessage(61)) - Close container Event triggered for container : #1
2019-10-10 13:54:24,288 [RatisApplyTransactionExecutor 1] INFO  interfaces.Container (KeyValueContainer.java:flushAndSyncDB(386)) - Container 1 is synced with bcsId 12.
2019-10-10 13:54:24,289 [RatisApplyTransactionExecutor 1] INFO  interfaces.Container (KeyValueContainer.java:flushAndSyncDB(386)) - Container 1 is synced with bcsId 12.
2019-10-10 13:54:24,289 [RatisApplyTransactionExecutor 1] INFO  interfaces.Container (KeyValueContainer.java:flushAndSyncDB(386)) - Container 1 is synced with bcsId 12.
2019-10-10 13:54:24,289 [RatisApplyTransactionExecutor 1] INFO  interfaces.Container (KeyValueContainer.java:flushAndSyncDB(386)) - Container 1 is synced with bcsId 12.
2019-10-10 13:54:24,289 [RatisApplyTransactionExecutor 1] INFO  interfaces.Container (KeyValueContainer.java:flushAndSyncDB(386)) - Container 1 is synced with bcsId 12.
2019-10-10 13:54:24,289 [RatisApplyTransactionExecutor 1] INFO  interfaces.Container (KeyValueContainer.java:flushAndSyncDB(386)) - Container 1 is synced with bcsId 12.
2019-10-10 13:54:24,303 [RatisApplyTransactionExecutor 1] INFO  interfaces.Container (KeyValueContainer.java:close(335)) - Container 1 is closed with bcsId 12.
2019-10-10 13:54:24,303 [RatisApplyTransactionExecutor 1] INFO  interfaces.Container (KeyValueContainer.java:close(335)) - Container 1 is closed with bcsId 12.
2019-10-10 13:54:24,303 [RatisApplyTransactionExecutor 1] INFO  interfaces.Container (KeyValueContainer.java:close(335)) - Container 1 is closed with bcsId 12.
2019-10-10 13:54:24,304 [EventQueue-IncrementalContainerReportForIncrementalContainerReportHandler] INFO  container.IncrementalContainerReportHandler (AbstractContainerReportHandler.java:updateContainerState(178)) - Moving container #1 to CLOSED state, datanode 05e1d7c8-a800-4306-8ffe-d9206de7ec8b{ip: 192.168.164.230, host: pr-hdds-2280-tn9v7-3755420433, networkLocation: /default-rack, certSerialId: null} reported CLOSED replica.
13:54:24.474 [grpc-default-executor-8] ERROR DNAudit - user=null | ip=null | op=WRITE_CHUNK {blockData=conID: 1 locID: 102938421226373139 bcsId: 12} | ret=FAILURE
org.apache.hadoop.hdds.scm.container.common.helpers.ContainerNotOpenException: Container 1 in CLOSED state
	at org.apache.hadoop.ozone.container.common.impl.HddsDispatcher.validateContainerCommand(HddsDispatcher.java:436) ~[hadoop-hdds-container-service-0.5.0-SNAPSHOT.jar:?]
	at org.apache.hadoop.ozone.container.common.transport.server.ratis.ContainerStateMachine.startTransaction(ContainerStateMachine.java:320) ~[hadoop-hdds-container-service-0.5.0-SNAPSHOT.jar:?]
	at org.apache.ratis.server.impl.RaftServerImpl.submitClientRequestAsync(RaftServerImpl.java:569) ~[ratis-server-0.5.0-201fc85-SNAPSHOT.jar:0.5.0-201fc85-SNAPSHOT]
	at org.apache.ratis.server.impl.RaftServerProxy.lambda$submitClientRequestAsync$7(RaftServerProxy.java:333) ~[ratis-server-0.5.0-201fc85-SNAPSHOT.jar:0.5.0-201fc85-SNAPSHOT]
	at org.apache.ratis.server.impl.RaftServerProxy.lambda$null$5(RaftServerProxy.java:328) ~[ratis-server-0.5.0-201fc85-SNAPSHOT.jar:0.5.0-201fc85-SNAPSHOT]
	at org.apache.ratis.util.JavaUtils.callAsUnchecked(JavaUtils.java:109) ~[ratis-common-0.5.0-201fc85-SNAPSHOT.jar:0.5.0-201fc85-SNAPSHOT]
	at org.apache.ratis.server.impl.RaftServerProxy.lambda$submitRequest$6(RaftServerProxy.java:328) ~[ratis-server-0.5.0-201fc85-SNAPSHOT.jar:0.5.0-201fc85-SNAPSHOT]
	at java.util.concurrent.CompletableFuture.uniComposeStage(CompletableFuture.java:981) ~[?:1.8.0_212]
	at java.util.concurrent.CompletableFuture.thenCompose(CompletableFuture.java:2124) ~[?:1.8.0_212]
	at org.apache.ratis.server.impl.RaftServerProxy.submitRequest(RaftServerProxy.java:327) ~[ratis-server-0.5.0-201fc85-SNAPSHOT.jar:0.5.0-201fc85-SNAPSHOT]
	at org.apache.ratis.server.impl.RaftServerProxy.submitClientRequestAsync(RaftServerProxy.java:333) ~[ratis-server-0.5.0-201fc85-SNAPSHOT.jar:0.5.0-201fc85-SNAPSHOT]
	at org.apache.ratis.grpc.client.GrpcClientProtocolService$RequestStreamObserver.processClientRequest(GrpcClientProtocolService.java:220) ~[ratis-grpc-0.5.0-201fc85-SNAPSHOT.jar:0.5.0-201fc85-SNAPSHOT]
	at org.apache.ratis.grpc.client.GrpcClientProtocolService$OrderedRequestStreamObserver.processClientRequest(GrpcClientProtocolService.java:326) ~[ratis-grpc-0.5.0-201fc85-SNAPSHOT.jar:0.5.0-201fc85-SNAPSHOT]
	at org.apache.ratis.util.SlidingWindow$Server.processRequestsFromHead(SlidingWindow.java:429) [ratis-common-0.5.0-201fc85-SNAPSHOT.jar:0.5.0-201fc85-SNAPSHOT]
	at org.apache.ratis.util.SlidingWindow$Server.receivedRequest(SlidingWindow.java:421) [ratis-common-0.5.0-201fc85-SNAPSHOT.jar:0.5.0-201fc85-SNAPSHOT]
	at org.apache.ratis.grpc.client.GrpcClientProtocolService$OrderedRequestStreamObserver.processClientRequest(GrpcClientProtocolService.java:345) [ratis-grpc-0.5.0-201fc85-SNAPSHOT.jar:0.5.0-201fc85-SNAPSHOT]
	at org.apache.ratis.grpc.client.GrpcClientProtocolService$RequestStreamObserver.onNext(GrpcClientProtocolService.java:240) [ratis-grpc-0.5.0-201fc85-SNAPSHOT.jar:0.5.0-201fc85-SNAPSHOT]
	at org.apache.ratis.grpc.client.GrpcClientProtocolService$RequestStreamObserver.onNext(GrpcClientProtocolService.java:168) [ratis-grpc-0.5.0-201fc85-SNAPSHOT.jar:0.5.0-201fc85-SNAPSHOT]
	at org.apache.ratis.thirdparty.io.grpc.stub.ServerCalls$StreamingServerCallHandler$StreamingServerCallListener.onMessage(ServerCalls.java:248) [ratis-thirdparty-misc-0.2.0.jar:0.2.0]
	at org.apache.ratis.thirdparty.io.grpc.internal.ServerCallImpl$ServerStreamListenerImpl.messagesAvailable(ServerCallImpl.java:263) [ratis-thirdparty-misc-0.2.0.jar:0.2.0]
	at org.apache.ratis.thirdparty.io.grpc.internal.ServerImpl$JumpToApplicationThreadServerStreamListener$1MessagesAvailable.runInContext(ServerImpl.java:686) [ratis-thirdparty-misc-0.2.0.jar:0.2.0]
	at org.apache.ratis.thirdparty.io.grpc.internal.ContextRunnable.run(ContextRunnable.java:37) [ratis-thirdparty-misc-0.2.0.jar:0.2.0]
	at org.apache.ratis.thirdparty.io.grpc.internal.SerializingExecutor.run(SerializingExecutor.java:123) [ratis-thirdparty-misc-0.2.0.jar:0.2.0]
	at java.util.concurrent.ThreadPoolExecutor.runWorker(ThreadPoolExecutor.java:1149) [?:1.8.0_212]
	at java.util.concurrent.ThreadPoolExecutor$Worker.run(ThreadPoolExecutor.java:624) [?:1.8.0_212]
	at java.lang.Thread.run(Thread.java:748) [?:1.8.0_212]
13:54:24.476 [grpc-default-executor-8] ERROR DNAudit - user=null | ip=null | op=WRITE_CHUNK {blockData=conID: 1 locID: 102938421226373139 bcsId: 12} | ret=FAILURE
org.apache.hadoop.hdds.scm.container.common.helpers.ContainerNotOpenException: Container 1 in CLOSED state
	at org.apache.hadoop.ozone.container.common.impl.HddsDispatcher.validateContainerCommand(HddsDispatcher.java:436) ~[hadoop-hdds-container-service-0.5.0-SNAPSHOT.jar:?]
	at org.apache.hadoop.ozone.container.common.transport.server.ratis.ContainerStateMachine.startTransaction(ContainerStateMachine.java:320) ~[hadoop-hdds-container-service-0.5.0-SNAPSHOT.jar:?]
	at org.apache.ratis.server.impl.RaftServerImpl.submitClientRequestAsync(RaftServerImpl.java:569) ~[ratis-server-0.5.0-201fc85-SNAPSHOT.jar:0.5.0-201fc85-SNAPSHOT]
	at org.apache.ratis.server.impl.RaftServerProxy.lambda$submitClientRequestAsync$7(RaftServerProxy.java:333) ~[ratis-server-0.5.0-201fc85-SNAPSHOT.jar:0.5.0-201fc85-SNAPSHOT]
	at org.apache.ratis.server.impl.RaftServerProxy.lambda$null$5(RaftServerProxy.java:328) ~[ratis-server-0.5.0-201fc85-SNAPSHOT.jar:0.5.0-201fc85-SNAPSHOT]
	at org.apache.ratis.util.JavaUtils.callAsUnchecked(JavaUtils.java:109) ~[ratis-common-0.5.0-201fc85-SNAPSHOT.jar:0.5.0-201fc85-SNAPSHOT]
	at org.apache.ratis.server.impl.RaftServerProxy.lambda$submitRequest$6(RaftServerProxy.java:328) ~[ratis-server-0.5.0-201fc85-SNAPSHOT.jar:0.5.0-201fc85-SNAPSHOT]
	at java.util.concurrent.CompletableFuture.uniComposeStage(CompletableFuture.java:981) ~[?:1.8.0_212]
	at java.util.concurrent.CompletableFuture.thenCompose(CompletableFuture.java:2124) ~[?:1.8.0_212]
	at org.apache.ratis.server.impl.RaftServerProxy.submitRequest(RaftServerProxy.java:327) ~[ratis-server-0.5.0-201fc85-SNAPSHOT.jar:0.5.0-201fc85-SNAPSHOT]
	at org.apache.ratis.server.impl.RaftServerProxy.submitClientRequestAsync(RaftServerProxy.java:333) ~[ratis-server-0.5.0-201fc85-SNAPSHOT.jar:0.5.0-201fc85-SNAPSHOT]
	at org.apache.ratis.grpc.client.GrpcClientProtocolService$RequestStreamObserver.processClientRequest(GrpcClientProtocolService.java:220) ~[ratis-grpc-0.5.0-201fc85-SNAPSHOT.jar:0.5.0-201fc85-SNAPSHOT]
	at org.apache.ratis.grpc.client.GrpcClientProtocolService$OrderedRequestStreamObserver.processClientRequest(GrpcClientProtocolService.java:326) ~[ratis-grpc-0.5.0-201fc85-SNAPSHOT.jar:0.5.0-201fc85-SNAPSHOT]
	at org.apache.ratis.util.SlidingWindow$Server.processRequestsFromHead(SlidingWindow.java:429) [ratis-common-0.5.0-201fc85-SNAPSHOT.jar:0.5.0-201fc85-SNAPSHOT]
	at org.apache.ratis.util.SlidingWindow$Server.receivedRequest(SlidingWindow.java:421) [ratis-common-0.5.0-201fc85-SNAPSHOT.jar:0.5.0-201fc85-SNAPSHOT]
	at org.apache.ratis.grpc.client.GrpcClientProtocolService$OrderedRequestStreamObserver.processClientRequest(GrpcClientProtocolService.java:345) [ratis-grpc-0.5.0-201fc85-SNAPSHOT.jar:0.5.0-201fc85-SNAPSHOT]
	at org.apache.ratis.grpc.client.GrpcClientProtocolService$RequestStreamObserver.onNext(GrpcClientProtocolService.java:240) [ratis-grpc-0.5.0-201fc85-SNAPSHOT.jar:0.5.0-201fc85-SNAPSHOT]
	at org.apache.ratis.grpc.client.GrpcClientProtocolService$RequestStreamObserver.onNext(GrpcClientProtocolService.java:168) [ratis-grpc-0.5.0-201fc85-SNAPSHOT.jar:0.5.0-201fc85-SNAPSHOT]
	at org.apache.ratis.thirdparty.io.grpc.stub.ServerCalls$StreamingServerCallHandler$StreamingServerCallListener.onMessage(ServerCalls.java:248) [ratis-thirdparty-misc-0.2.0.jar:0.2.0]
	at org.apache.ratis.thirdparty.io.grpc.internal.ServerCallImpl$ServerStreamListenerImpl.messagesAvailable(ServerCallImpl.java:263) [ratis-thirdparty-misc-0.2.0.jar:0.2.0]
	at org.apache.ratis.thirdparty.io.grpc.internal.ServerImpl$JumpToApplicationThreadServerStreamListener$1MessagesAvailable.runInContext(ServerImpl.java:686) [ratis-thirdparty-misc-0.2.0.jar:0.2.0]
	at org.apache.ratis.thirdparty.io.grpc.internal.ContextRunnable.run(ContextRunnable.java:37) [ratis-thirdparty-misc-0.2.0.jar:0.2.0]
	at org.apache.ratis.thirdparty.io.grpc.internal.SerializingExecutor.run(SerializingExecutor.java:123) [ratis-thirdparty-misc-0.2.0.jar:0.2.0]
	at java.util.concurrent.ThreadPoolExecutor.runWorker(ThreadPoolExecutor.java:1149) [?:1.8.0_212]
	at java.util.concurrent.ThreadPoolExecutor$Worker.run(ThreadPoolExecutor.java:624) [?:1.8.0_212]
	at java.lang.Thread.run(Thread.java:748) [?:1.8.0_212]
13:54:24.489 [grpc-default-executor-8] ERROR DNAudit - user=null | ip=null | op=PUT_BLOCK {blockData=[blockId=conID: 1 locID: 102938421226373139 bcsId: 0,size=650]} | ret=FAILURE
org.apache.hadoop.hdds.scm.container.common.helpers.ContainerNotOpenException: Container 1 in CLOSED state
	at org.apache.hadoop.ozone.container.common.impl.HddsDispatcher.validateContainerCommand(HddsDispatcher.java:436) ~[hadoop-hdds-container-service-0.5.0-SNAPSHOT.jar:?]
	at org.apache.hadoop.ozone.container.common.transport.server.ratis.ContainerStateMachine.startTransaction(ContainerStateMachine.java:320) ~[hadoop-hdds-container-service-0.5.0-SNAPSHOT.jar:?]
	at org.apache.ratis.server.impl.RaftServerImpl.submitClientRequestAsync(RaftServerImpl.java:569) ~[ratis-server-0.5.0-201fc85-SNAPSHOT.jar:0.5.0-201fc85-SNAPSHOT]
	at org.apache.ratis.server.impl.RaftServerProxy.lambda$submitClientRequestAsync$7(RaftServerProxy.java:333) ~[ratis-server-0.5.0-201fc85-SNAPSHOT.jar:0.5.0-201fc85-SNAPSHOT]
	at org.apache.ratis.server.impl.RaftServerProxy.lambda$null$5(RaftServerProxy.java:328) ~[ratis-server-0.5.0-201fc85-SNAPSHOT.jar:0.5.0-201fc85-SNAPSHOT]
	at org.apache.ratis.util.JavaUtils.callAsUnchecked(JavaUtils.java:109) ~[ratis-common-0.5.0-201fc85-SNAPSHOT.jar:0.5.0-201fc85-SNAPSHOT]
	at org.apache.ratis.server.impl.RaftServerProxy.lambda$submitRequest$6(RaftServerProxy.java:328) ~[ratis-server-0.5.0-201fc85-SNAPSHOT.jar:0.5.0-201fc85-SNAPSHOT]
	at java.util.concurrent.CompletableFuture.uniComposeStage(CompletableFuture.java:981) ~[?:1.8.0_212]
	at java.util.concurrent.CompletableFuture.thenCompose(CompletableFuture.java:2124) ~[?:1.8.0_212]
	at org.apache.ratis.server.impl.RaftServerProxy.submitRequest(RaftServerProxy.java:327) ~[ratis-server-0.5.0-201fc85-SNAPSHOT.jar:0.5.0-201fc85-SNAPSHOT]
	at org.apache.ratis.server.impl.RaftServerProxy.submitClientRequestAsync(RaftServerProxy.java:333) ~[ratis-server-0.5.0-201fc85-SNAPSHOT.jar:0.5.0-201fc85-SNAPSHOT]
	at org.apache.ratis.grpc.client.GrpcClientProtocolService$RequestStreamObserver.processClientRequest(GrpcClientProtocolService.java:220) ~[ratis-grpc-0.5.0-201fc85-SNAPSHOT.jar:0.5.0-201fc85-SNAPSHOT]
	at org.apache.ratis.grpc.client.GrpcClientProtocolService$OrderedRequestStreamObserver.processClientRequest(GrpcClientProtocolService.java:326) ~[ratis-grpc-0.5.0-201fc85-SNAPSHOT.jar:0.5.0-201fc85-SNAPSHOT]
	at org.apache.ratis.util.SlidingWindow$Server.processRequestsFromHead(SlidingWindow.java:429) [ratis-common-0.5.0-201fc85-SNAPSHOT.jar:0.5.0-201fc85-SNAPSHOT]
	at org.apache.ratis.util.SlidingWindow$Server.receivedRequest(SlidingWindow.java:421) [ratis-common-0.5.0-201fc85-SNAPSHOT.jar:0.5.0-201fc85-SNAPSHOT]
	at org.apache.ratis.grpc.client.GrpcClientProtocolService$OrderedRequestStreamObserver.processClientRequest(GrpcClientProtocolService.java:345) [ratis-grpc-0.5.0-201fc85-SNAPSHOT.jar:0.5.0-201fc85-SNAPSHOT]
	at org.apache.ratis.grpc.client.GrpcClientProtocolService$RequestStreamObserver.onNext(GrpcClientProtocolService.java:240) [ratis-grpc-0.5.0-201fc85-SNAPSHOT.jar:0.5.0-201fc85-SNAPSHOT]
	at org.apache.ratis.grpc.client.GrpcClientProtocolService$RequestStreamObserver.onNext(GrpcClientProtocolService.java:168) [ratis-grpc-0.5.0-201fc85-SNAPSHOT.jar:0.5.0-201fc85-SNAPSHOT]
	at org.apache.ratis.thirdparty.io.grpc.stub.ServerCalls$StreamingServerCallHandler$StreamingServerCallListener.onMessage(ServerCalls.java:248) [ratis-thirdparty-misc-0.2.0.jar:0.2.0]
	at org.apache.ratis.thirdparty.io.grpc.internal.ServerCallImpl$ServerStreamListenerImpl.messagesAvailable(ServerCallImpl.java:263) [ratis-thirdparty-misc-0.2.0.jar:0.2.0]
	at org.apache.ratis.thirdparty.io.grpc.internal.ServerImpl$JumpToApplicationThreadServerStreamListener$1MessagesAvailable.runInContext(ServerImpl.java:686) [ratis-thirdparty-misc-0.2.0.jar:0.2.0]
	at org.apache.ratis.thirdparty.io.grpc.internal.ContextRunnable.run(ContextRunnable.java:37) [ratis-thirdparty-misc-0.2.0.jar:0.2.0]
	at org.apache.ratis.thirdparty.io.grpc.internal.SerializingExecutor.run(SerializingExecutor.java:123) [ratis-thirdparty-misc-0.2.0.jar:0.2.0]
	at java.util.concurrent.ThreadPoolExecutor.runWorker(ThreadPoolExecutor.java:1149) [?:1.8.0_212]
	at java.util.concurrent.ThreadPoolExecutor$Worker.run(ThreadPoolExecutor.java:624) [?:1.8.0_212]
	at java.lang.Thread.run(Thread.java:748) [?:1.8.0_212]
13:54:24.496 [grpc-default-executor-8] ERROR DNAudit - user=null | ip=null | op=WRITE_CHUNK {blockData=conID: 1 locID: 102938421226373139 bcsId: 12} | ret=FAILURE
org.apache.hadoop.hdds.scm.container.common.helpers.ContainerNotOpenException: Container 1 in CLOSED state
	at org.apache.hadoop.ozone.container.common.impl.HddsDispatcher.validateContainerCommand(HddsDispatcher.java:436) ~[hadoop-hdds-container-service-0.5.0-SNAPSHOT.jar:?]
	at org.apache.hadoop.ozone.container.common.transport.server.ratis.ContainerStateMachine.startTransaction(ContainerStateMachine.java:320) ~[hadoop-hdds-container-service-0.5.0-SNAPSHOT.jar:?]
	at org.apache.ratis.server.impl.RaftServerImpl.submitClientRequestAsync(RaftServerImpl.java:569) ~[ratis-server-0.5.0-201fc85-SNAPSHOT.jar:0.5.0-201fc85-SNAPSHOT]
	at org.apache.ratis.server.impl.RaftServerProxy.lambda$submitClientRequestAsync$7(RaftServerProxy.java:333) ~[ratis-server-0.5.0-201fc85-SNAPSHOT.jar:0.5.0-201fc85-SNAPSHOT]
	at org.apache.ratis.server.impl.RaftServerProxy.lambda$null$5(RaftServerProxy.java:328) ~[ratis-server-0.5.0-201fc85-SNAPSHOT.jar:0.5.0-201fc85-SNAPSHOT]
	at org.apache.ratis.util.JavaUtils.callAsUnchecked(JavaUtils.java:109) ~[ratis-common-0.5.0-201fc85-SNAPSHOT.jar:0.5.0-201fc85-SNAPSHOT]
	at org.apache.ratis.server.impl.RaftServerProxy.lambda$submitRequest$6(RaftServerProxy.java:328) ~[ratis-server-0.5.0-201fc85-SNAPSHOT.jar:0.5.0-201fc85-SNAPSHOT]
	at java.util.concurrent.CompletableFuture.uniComposeStage(CompletableFuture.java:981) ~[?:1.8.0_212]
	at java.util.concurrent.CompletableFuture.thenCompose(CompletableFuture.java:2124) ~[?:1.8.0_212]
	at org.apache.ratis.server.impl.RaftServerProxy.submitRequest(RaftServerProxy.java:327) ~[ratis-server-0.5.0-201fc85-SNAPSHOT.jar:0.5.0-201fc85-SNAPSHOT]
	at org.apache.ratis.server.impl.RaftServerProxy.submitClientRequestAsync(RaftServerProxy.java:333) ~[ratis-server-0.5.0-201fc85-SNAPSHOT.jar:0.5.0-201fc85-SNAPSHOT]
	at org.apache.ratis.grpc.client.GrpcClientProtocolService$RequestStreamObserver.processClientRequest(GrpcClientProtocolService.java:220) ~[ratis-grpc-0.5.0-201fc85-SNAPSHOT.jar:0.5.0-201fc85-SNAPSHOT]
	at org.apache.ratis.grpc.client.GrpcClientProtocolService$OrderedRequestStreamObserver.processClientRequest(GrpcClientProtocolService.java:326) ~[ratis-grpc-0.5.0-201fc85-SNAPSHOT.jar:0.5.0-201fc85-SNAPSHOT]
	at org.apache.ratis.util.SlidingWindow$Server.processRequestsFromHead(SlidingWindow.java:429) [ratis-common-0.5.0-201fc85-SNAPSHOT.jar:0.5.0-201fc85-SNAPSHOT]
	at org.apache.ratis.util.SlidingWindow$Server.receivedRequest(SlidingWindow.java:421) [ratis-common-0.5.0-201fc85-SNAPSHOT.jar:0.5.0-201fc85-SNAPSHOT]
	at org.apache.ratis.grpc.client.GrpcClientProtocolService$OrderedRequestStreamObserver.processClientRequest(GrpcClientProtocolService.java:345) [ratis-grpc-0.5.0-201fc85-SNAPSHOT.jar:0.5.0-201fc85-SNAPSHOT]
	at org.apache.ratis.grpc.client.GrpcClientProtocolService$RequestStreamObserver.onNext(GrpcClientProtocolService.java:240) [ratis-grpc-0.5.0-201fc85-SNAPSHOT.jar:0.5.0-201fc85-SNAPSHOT]
	at org.apache.ratis.grpc.client.GrpcClientProtocolService$RequestStreamObserver.onNext(GrpcClientProtocolService.java:168) [ratis-grpc-0.5.0-201fc85-SNAPSHOT.jar:0.5.0-201fc85-SNAPSHOT]
	at org.apache.ratis.thirdparty.io.grpc.stub.ServerCalls$StreamingServerCallHandler$StreamingServerCallListener.onMessage(ServerCalls.java:248) [ratis-thirdparty-misc-0.2.0.jar:0.2.0]
	at org.apache.ratis.thirdparty.io.grpc.internal.ServerCallImpl$ServerStreamListenerImpl.messagesAvailable(ServerCallImpl.java:263) [ratis-thirdparty-misc-0.2.0.jar:0.2.0]
	at org.apache.ratis.thirdparty.io.grpc.internal.ServerImpl$JumpToApplicationThreadServerStreamListener$1MessagesAvailable.runInContext(ServerImpl.java:686) [ratis-thirdparty-misc-0.2.0.jar:0.2.0]
	at org.apache.ratis.thirdparty.io.grpc.internal.ContextRunnable.run(ContextRunnable.java:37) [ratis-thirdparty-misc-0.2.0.jar:0.2.0]
	at org.apache.ratis.thirdparty.io.grpc.internal.SerializingExecutor.run(SerializingExecutor.java:123) [ratis-thirdparty-misc-0.2.0.jar:0.2.0]
	at java.util.concurrent.ThreadPoolExecutor.runWorker(ThreadPoolExecutor.java:1149) [?:1.8.0_212]
	at java.util.concurrent.ThreadPoolExecutor$Worker.run(ThreadPoolExecutor.java:624) [?:1.8.0_212]
	at java.lang.Thread.run(Thread.java:748) [?:1.8.0_212]
13:54:24.497 [grpc-default-executor-9] ERROR DNAudit - user=null | ip=null | op=WRITE_CHUNK {blockData=conID: 1 locID: 102938421226373139 bcsId: 12} | ret=FAILURE
org.apache.hadoop.hdds.scm.container.common.helpers.ContainerNotOpenException: Container 1 in CLOSED state
	at org.apache.hadoop.ozone.container.common.impl.HddsDispatcher.validateContainerCommand(HddsDispatcher.java:436) ~[hadoop-hdds-container-service-0.5.0-SNAPSHOT.jar:?]
	at org.apache.hadoop.ozone.container.common.transport.server.ratis.ContainerStateMachine.startTransaction(ContainerStateMachine.java:320) ~[hadoop-hdds-container-service-0.5.0-SNAPSHOT.jar:?]
	at org.apache.ratis.server.impl.RaftServerImpl.submitClientRequestAsync(RaftServerImpl.java:569) ~[ratis-server-0.5.0-201fc85-SNAPSHOT.jar:0.5.0-201fc85-SNAPSHOT]
	at org.apache.ratis.server.impl.RaftServerProxy.lambda$submitClientRequestAsync$7(RaftServerProxy.java:333) ~[ratis-server-0.5.0-201fc85-SNAPSHOT.jar:0.5.0-201fc85-SNAPSHOT]
	at org.apache.ratis.server.impl.RaftServerProxy.lambda$null$5(RaftServerProxy.java:328) ~[ratis-server-0.5.0-201fc85-SNAPSHOT.jar:0.5.0-201fc85-SNAPSHOT]
	at org.apache.ratis.util.JavaUtils.callAsUnchecked(JavaUtils.java:109) ~[ratis-common-0.5.0-201fc85-SNAPSHOT.jar:0.5.0-201fc85-SNAPSHOT]
	at org.apache.ratis.server.impl.RaftServerProxy.lambda$submitRequest$6(RaftServerProxy.java:328) ~[ratis-server-0.5.0-201fc85-SNAPSHOT.jar:0.5.0-201fc85-SNAPSHOT]
	at java.util.concurrent.CompletableFuture.uniComposeStage(CompletableFuture.java:981) ~[?:1.8.0_212]
	at java.util.concurrent.CompletableFuture.thenCompose(CompletableFuture.java:2124) ~[?:1.8.0_212]
	at org.apache.ratis.server.impl.RaftServerProxy.submitRequest(RaftServerProxy.java:327) ~[ratis-server-0.5.0-201fc85-SNAPSHOT.jar:0.5.0-201fc85-SNAPSHOT]
	at org.apache.ratis.server.impl.RaftServerProxy.submitClientRequestAsync(RaftServerProxy.java:333) ~[ratis-server-0.5.0-201fc85-SNAPSHOT.jar:0.5.0-201fc85-SNAPSHOT]
	at org.apache.ratis.grpc.client.GrpcClientProtocolService$RequestStreamObserver.processClientRequest(GrpcClientProtocolService.java:220) ~[ratis-grpc-0.5.0-201fc85-SNAPSHOT.jar:0.5.0-201fc85-SNAPSHOT]
	at org.apache.ratis.grpc.client.GrpcClientProtocolService$OrderedRequestStreamObserver.processClientRequest(GrpcClientProtocolService.java:326) ~[ratis-grpc-0.5.0-201fc85-SNAPSHOT.jar:0.5.0-201fc85-SNAPSHOT]
	at org.apache.ratis.util.SlidingWindow$Server.processRequestsFromHead(SlidingWindow.java:429) [ratis-common-0.5.0-201fc85-SNAPSHOT.jar:0.5.0-201fc85-SNAPSHOT]
	at org.apache.ratis.util.SlidingWindow$Server.receivedRequest(SlidingWindow.java:421) [ratis-common-0.5.0-201fc85-SNAPSHOT.jar:0.5.0-201fc85-SNAPSHOT]
	at org.apache.ratis.grpc.client.GrpcClientProtocolService$OrderedRequestStreamObserver.processClientRequest(GrpcClientProtocolService.java:345) [ratis-grpc-0.5.0-201fc85-SNAPSHOT.jar:0.5.0-201fc85-SNAPSHOT]
	at org.apache.ratis.grpc.client.GrpcClientProtocolService$RequestStreamObserver.onNext(GrpcClientProtocolService.java:240) [ratis-grpc-0.5.0-201fc85-SNAPSHOT.jar:0.5.0-201fc85-SNAPSHOT]
	at org.apache.ratis.grpc.client.GrpcClientProtocolService$RequestStreamObserver.onNext(GrpcClientProtocolService.java:168) [ratis-grpc-0.5.0-201fc85-SNAPSHOT.jar:0.5.0-201fc85-SNAPSHOT]
	at org.apache.ratis.thirdparty.io.grpc.stub.ServerCalls$StreamingServerCallHandler$StreamingServerCallListener.onMessage(ServerCalls.java:248) [ratis-thirdparty-misc-0.2.0.jar:0.2.0]
	at org.apache.ratis.thirdparty.io.grpc.internal.ServerCallImpl$ServerStreamListenerImpl.messagesAvailable(ServerCallImpl.java:263) [ratis-thirdparty-misc-0.2.0.jar:0.2.0]
	at org.apache.ratis.thirdparty.io.grpc.internal.ServerImpl$JumpToApplicationThreadServerStreamListener$1MessagesAvailable.runInContext(ServerImpl.java:686) [ratis-thirdparty-misc-0.2.0.jar:0.2.0]
	at org.apache.ratis.thirdparty.io.grpc.internal.ContextRunnable.run(ContextRunnable.java:37) [ratis-thirdparty-misc-0.2.0.jar:0.2.0]
	at org.apache.ratis.thirdparty.io.grpc.internal.SerializingExecutor.run(SerializingExecutor.java:123) [ratis-thirdparty-misc-0.2.0.jar:0.2.0]
	at java.util.concurrent.ThreadPoolExecutor.runWorker(ThreadPoolExecutor.java:1149) [?:1.8.0_212]
	at java.util.concurrent.ThreadPoolExecutor$Worker.run(ThreadPoolExecutor.java:624) [?:1.8.0_212]
	at java.lang.Thread.run(Thread.java:748) [?:1.8.0_212]
13:54:24.503 [grpc-default-executor-9] ERROR DNAudit - user=null | ip=null | op=PUT_BLOCK {blockData=[blockId=conID: 1 locID: 102938421226373139 bcsId: 0,size=800]} | ret=FAILURE
org.apache.hadoop.hdds.scm.container.common.helpers.ContainerNotOpenException: Container 1 in CLOSED state
	at org.apache.hadoop.ozone.container.common.impl.HddsDispatcher.validateContainerCommand(HddsDispatcher.java:436) ~[hadoop-hdds-container-service-0.5.0-SNAPSHOT.jar:?]
	at org.apache.hadoop.ozone.container.common.transport.server.ratis.ContainerStateMachine.startTransaction(ContainerStateMachine.java:320) ~[hadoop-hdds-container-service-0.5.0-SNAPSHOT.jar:?]
	at org.apache.ratis.server.impl.RaftServerImpl.submitClientRequestAsync(RaftServerImpl.java:569) ~[ratis-server-0.5.0-201fc85-SNAPSHOT.jar:0.5.0-201fc85-SNAPSHOT]
	at org.apache.ratis.server.impl.RaftServerProxy.lambda$submitClientRequestAsync$7(RaftServerProxy.java:333) ~[ratis-server-0.5.0-201fc85-SNAPSHOT.jar:0.5.0-201fc85-SNAPSHOT]
	at org.apache.ratis.server.impl.RaftServerProxy.lambda$null$5(RaftServerProxy.java:328) ~[ratis-server-0.5.0-201fc85-SNAPSHOT.jar:0.5.0-201fc85-SNAPSHOT]
	at org.apache.ratis.util.JavaUtils.callAsUnchecked(JavaUtils.java:109) ~[ratis-common-0.5.0-201fc85-SNAPSHOT.jar:0.5.0-201fc85-SNAPSHOT]
	at org.apache.ratis.server.impl.RaftServerProxy.lambda$submitRequest$6(RaftServerProxy.java:328) ~[ratis-server-0.5.0-201fc85-SNAPSHOT.jar:0.5.0-201fc85-SNAPSHOT]
	at java.util.concurrent.CompletableFuture.uniComposeStage(CompletableFuture.java:981) ~[?:1.8.0_212]
	at java.util.concurrent.CompletableFuture.thenCompose(CompletableFuture.java:2124) ~[?:1.8.0_212]
	at org.apache.ratis.server.impl.RaftServerProxy.submitRequest(RaftServerProxy.java:327) ~[ratis-server-0.5.0-201fc85-SNAPSHOT.jar:0.5.0-201fc85-SNAPSHOT]
	at org.apache.ratis.server.impl.RaftServerProxy.submitClientRequestAsync(RaftServerProxy.java:333) ~[ratis-server-0.5.0-201fc85-SNAPSHOT.jar:0.5.0-201fc85-SNAPSHOT]
	at org.apache.ratis.grpc.client.GrpcClientProtocolService$RequestStreamObserver.processClientRequest(GrpcClientProtocolService.java:220) ~[ratis-grpc-0.5.0-201fc85-SNAPSHOT.jar:0.5.0-201fc85-SNAPSHOT]
	at org.apache.ratis.grpc.client.GrpcClientProtocolService$OrderedRequestStreamObserver.processClientRequest(GrpcClientProtocolService.java:326) ~[ratis-grpc-0.5.0-201fc85-SNAPSHOT.jar:0.5.0-201fc85-SNAPSHOT]
	at org.apache.ratis.util.SlidingWindow$Server.processRequestsFromHead(SlidingWindow.java:429) [ratis-common-0.5.0-201fc85-SNAPSHOT.jar:0.5.0-201fc85-SNAPSHOT]
	at org.apache.ratis.util.SlidingWindow$Server.receivedRequest(SlidingWindow.java:421) [ratis-common-0.5.0-201fc85-SNAPSHOT.jar:0.5.0-201fc85-SNAPSHOT]
	at org.apache.ratis.grpc.client.GrpcClientProtocolService$OrderedRequestStreamObserver.processClientRequest(GrpcClientProtocolService.java:345) [ratis-grpc-0.5.0-201fc85-SNAPSHOT.jar:0.5.0-201fc85-SNAPSHOT]
	at org.apache.ratis.grpc.client.GrpcClientProtocolService$RequestStreamObserver.onNext(GrpcClientProtocolService.java:240) [ratis-grpc-0.5.0-201fc85-SNAPSHOT.jar:0.5.0-201fc85-SNAPSHOT]
	at org.apache.ratis.grpc.client.GrpcClientProtocolService$RequestStreamObserver.onNext(GrpcClientProtocolService.java:168) [ratis-grpc-0.5.0-201fc85-SNAPSHOT.jar:0.5.0-201fc85-SNAPSHOT]
	at org.apache.ratis.thirdparty.io.grpc.stub.ServerCalls$StreamingServerCallHandler$StreamingServerCallListener.onMessage(ServerCalls.java:248) [ratis-thirdparty-misc-0.2.0.jar:0.2.0]
	at org.apache.ratis.thirdparty.io.grpc.internal.ServerCallImpl$ServerStreamListenerImpl.messagesAvailable(ServerCallImpl.java:263) [ratis-thirdparty-misc-0.2.0.jar:0.2.0]
	at org.apache.ratis.thirdparty.io.grpc.internal.ServerImpl$JumpToApplicationThreadServerStreamListener$1MessagesAvailable.runInContext(ServerImpl.java:686) [ratis-thirdparty-misc-0.2.0.jar:0.2.0]
	at org.apache.ratis.thirdparty.io.grpc.internal.ContextRunnable.run(ContextRunnable.java:37) [ratis-thirdparty-misc-0.2.0.jar:0.2.0]
	at org.apache.ratis.thirdparty.io.grpc.internal.SerializingExecutor.run(SerializingExecutor.java:123) [ratis-thirdparty-misc-0.2.0.jar:0.2.0]
	at java.util.concurrent.ThreadPoolExecutor.runWorker(ThreadPoolExecutor.java:1149) [?:1.8.0_212]
	at java.util.concurrent.ThreadPoolExecutor$Worker.run(ThreadPoolExecutor.java:624) [?:1.8.0_212]
	at java.lang.Thread.run(Thread.java:748) [?:1.8.0_212]
2019-10-10 13:54:25,869 [main] WARN  scm.XceiverClientRatis (XceiverClientRatis.java:watchForCommit(277)) - 3 way commit failed on pipeline Pipeline[ Id: 9d24df39-e9ac-42ac-b6f1-2e211a40073f, Nodes: eb8bd58c-94df-4b53-a658-943c19ea9612{ip: 192.168.164.230, host: pr-hdds-2280-tn9v7-3755420433, networkLocation: /default-rack, certSerialId: null}54a8b3b1-cb59-4956-9183-4f9844315b90{ip: 192.168.164.230, host: pr-hdds-2280-tn9v7-3755420433, networkLocation: /default-rack, certSerialId: null}cd1234b5-0de1-4fd3-b9d5-d50083d3c43c{ip: 192.168.164.230, host: pr-hdds-2280-tn9v7-3755420433, networkLocation: /default-rack, certSerialId: null}, Type:RATIS, Factor:THREE, State:OPEN]
java.util.concurrent.TimeoutException
	at java.util.concurrent.CompletableFuture.timedGet(CompletableFuture.java:1771)
	at java.util.concurrent.CompletableFuture.get(CompletableFuture.java:1915)
	at org.apache.hadoop.hdds.scm.XceiverClientRatis.watchForCommit(XceiverClientRatis.java:274)
	at org.apache.hadoop.hdds.scm.storage.CommitWatcher.watchForCommit(CommitWatcher.java:198)
	at org.apache.hadoop.hdds.scm.storage.CommitWatcher.watchOnLastIndex(CommitWatcher.java:161)
	at org.apache.hadoop.hdds.scm.storage.BlockOutputStream.watchForCommit(BlockOutputStream.java:346)
	at org.apache.hadoop.hdds.scm.storage.BlockOutputStream.handleFlush(BlockOutputStream.java:482)
	at org.apache.hadoop.hdds.scm.storage.BlockOutputStream.flush(BlockOutputStream.java:431)
	at org.apache.hadoop.ozone.client.io.BlockOutputStreamEntry.flush(BlockOutputStreamEntry.java:136)
	at org.apache.hadoop.ozone.client.io.KeyOutputStream.handleFlushOrClose(KeyOutputStream.java:443)
	at org.apache.hadoop.ozone.client.io.KeyOutputStream.flush(KeyOutputStream.java:397)
	at org.apache.hadoop.ozone.client.io.OzoneOutputStream.flush(OzoneOutputStream.java:54)
	at org.apache.hadoop.ozone.client.rpc.TestBlockOutputStreamWithFailures.testWatchForCommitWithCloseContainerException(TestBlockOutputStreamWithFailures.java:232)
	at sun.reflect.NativeMethodAccessorImpl.invoke0(Native Method)
	at sun.reflect.NativeMethodAccessorImpl.invoke(NativeMethodAccessorImpl.java:62)
	at sun.reflect.DelegatingMethodAccessorImpl.invoke(DelegatingMethodAccessorImpl.java:43)
	at java.lang.reflect.Method.invoke(Method.java:498)
	at org.junit.runners.model.FrameworkMethod$1.runReflectiveCall(FrameworkMethod.java:47)
	at org.junit.internal.runners.model.ReflectiveCallable.run(ReflectiveCallable.java:12)
	at org.junit.runners.model.FrameworkMethod.invokeExplosively(FrameworkMethod.java:44)
	at org.junit.internal.runners.statements.InvokeMethod.evaluate(InvokeMethod.java:17)
	at org.junit.internal.runners.statements.RunBefores.evaluate(RunBefores.java:26)
	at org.junit.internal.runners.statements.RunAfters.evaluate(RunAfters.java:27)
	at org.junit.runners.ParentRunner.runLeaf(ParentRunner.java:271)
	at org.junit.runners.BlockJUnit4ClassRunner.runChild(BlockJUnit4ClassRunner.java:70)
	at org.junit.runners.BlockJUnit4ClassRunner.runChild(BlockJUnit4ClassRunner.java:50)
	at org.junit.runners.ParentRunner$3.run(ParentRunner.java:238)
	at org.junit.runners.ParentRunner$1.schedule(ParentRunner.java:63)
	at org.junit.runners.ParentRunner.runChildren(ParentRunner.java:236)
	at org.junit.runners.ParentRunner.access$000(ParentRunner.java:53)
	at org.junit.runners.ParentRunner$2.evaluate(ParentRunner.java:229)
	at org.junit.runners.ParentRunner.run(ParentRunner.java:309)
	at org.apache.maven.surefire.junit4.JUnit4Provider.execute(JUnit4Provider.java:365)
	at org.apache.maven.surefire.junit4.JUnit4Provider.executeWithRerun(JUnit4Provider.java:273)
	at org.apache.maven.surefire.junit4.JUnit4Provider.executeTestSet(JUnit4Provider.java:238)
	at org.apache.maven.surefire.junit4.JUnit4Provider.invoke(JUnit4Provider.java:159)
	at org.apache.maven.surefire.booter.ForkedBooter.invokeProviderInSameClassLoader(ForkedBooter.java:384)
	at org.apache.maven.surefire.booter.ForkedBooter.runSuitesInProcess(ForkedBooter.java:345)
	at org.apache.maven.surefire.booter.ForkedBooter.execute(ForkedBooter.java:126)
	at org.apache.maven.surefire.booter.ForkedBooter.main(ForkedBooter.java:418)
2019-10-10 13:54:26,873 [main] WARN  storage.CommitWatcher (CommitWatcher.java:watchForCommit(207)) - watchForCommit failed for index 14
java.util.concurrent.TimeoutException
	at java.util.concurrent.CompletableFuture.timedGet(CompletableFuture.java:1771)
	at java.util.concurrent.CompletableFuture.get(CompletableFuture.java:1915)
	at org.apache.hadoop.hdds.scm.XceiverClientRatis.watchForCommit(XceiverClientRatis.java:283)
	at org.apache.hadoop.hdds.scm.storage.CommitWatcher.watchForCommit(CommitWatcher.java:198)
	at org.apache.hadoop.hdds.scm.storage.CommitWatcher.watchOnLastIndex(CommitWatcher.java:161)
	at org.apache.hadoop.hdds.scm.storage.BlockOutputStream.watchForCommit(BlockOutputStream.java:346)
	at org.apache.hadoop.hdds.scm.storage.BlockOutputStream.handleFlush(BlockOutputStream.java:482)
	at org.apache.hadoop.hdds.scm.storage.BlockOutputStream.flush(BlockOutputStream.java:431)
	at org.apache.hadoop.ozone.client.io.BlockOutputStreamEntry.flush(BlockOutputStreamEntry.java:136)
	at org.apache.hadoop.ozone.client.io.KeyOutputStream.handleFlushOrClose(KeyOutputStream.java:443)
	at org.apache.hadoop.ozone.client.io.KeyOutputStream.flush(KeyOutputStream.java:397)
	at org.apache.hadoop.ozone.client.io.OzoneOutputStream.flush(OzoneOutputStream.java:54)
	at org.apache.hadoop.ozone.client.rpc.TestBlockOutputStreamWithFailures.testWatchForCommitWithCloseContainerException(TestBlockOutputStreamWithFailures.java:232)
	at sun.reflect.NativeMethodAccessorImpl.invoke0(Native Method)
	at sun.reflect.NativeMethodAccessorImpl.invoke(NativeMethodAccessorImpl.java:62)
	at sun.reflect.DelegatingMethodAccessorImpl.invoke(DelegatingMethodAccessorImpl.java:43)
	at java.lang.reflect.Method.invoke(Method.java:498)
	at org.junit.runners.model.FrameworkMethod$1.runReflectiveCall(FrameworkMethod.java:47)
	at org.junit.internal.runners.model.ReflectiveCallable.run(ReflectiveCallable.java:12)
	at org.junit.runners.model.FrameworkMethod.invokeExplosively(FrameworkMethod.java:44)
	at org.junit.internal.runners.statements.InvokeMethod.evaluate(InvokeMethod.java:17)
	at org.junit.internal.runners.statements.RunBefores.evaluate(RunBefores.java:26)
	at org.junit.internal.runners.statements.RunAfters.evaluate(RunAfters.java:27)
	at org.junit.runners.ParentRunner.runLeaf(ParentRunner.java:271)
	at org.junit.runners.BlockJUnit4ClassRunner.runChild(BlockJUnit4ClassRunner.java:70)
	at org.junit.runners.BlockJUnit4ClassRunner.runChild(BlockJUnit4ClassRunner.java:50)
	at org.junit.runners.ParentRunner$3.run(ParentRunner.java:238)
	at org.junit.runners.ParentRunner$1.schedule(ParentRunner.java:63)
	at org.junit.runners.ParentRunner.runChildren(ParentRunner.java:236)
	at org.junit.runners.ParentRunner.access$000(ParentRunner.java:53)
	at org.junit.runners.ParentRunner$2.evaluate(ParentRunner.java:229)
	at org.junit.runners.ParentRunner.run(ParentRunner.java:309)
	at org.apache.maven.surefire.junit4.JUnit4Provider.execute(JUnit4Provider.java:365)
	at org.apache.maven.surefire.junit4.JUnit4Provider.executeWithRerun(JUnit4Provider.java:273)
	at org.apache.maven.surefire.junit4.JUnit4Provider.executeTestSet(JUnit4Provider.java:238)
	at org.apache.maven.surefire.junit4.JUnit4Provider.invoke(JUnit4Provider.java:159)
	at org.apache.maven.surefire.booter.ForkedBooter.invokeProviderInSameClassLoader(ForkedBooter.java:384)
	at org.apache.maven.surefire.booter.ForkedBooter.runSuitesInProcess(ForkedBooter.java:345)
	at org.apache.maven.surefire.booter.ForkedBooter.execute(ForkedBooter.java:126)
	at org.apache.maven.surefire.booter.ForkedBooter.main(ForkedBooter.java:418)
2019-10-10 13:54:26,876 [main] WARN  io.KeyOutputStream (KeyOutputStream.java:handleException(274)) - Encountered exception java.io.IOException: Unexpected Storage Container Exception: java.io.IOException: Unexpected Storage Container Exception: java.util.concurrent.TimeoutException on the pipeline Pipeline[ Id: 9d24df39-e9ac-42ac-b6f1-2e211a40073f, Nodes: eb8bd58c-94df-4b53-a658-943c19ea9612{ip: 192.168.164.230, host: pr-hdds-2280-tn9v7-3755420433, networkLocation: /default-rack, certSerialId: null}54a8b3b1-cb59-4956-9183-4f9844315b90{ip: 192.168.164.230, host: pr-hdds-2280-tn9v7-3755420433, networkLocation: /default-rack, certSerialId: null}cd1234b5-0de1-4fd3-b9d5-d50083d3c43c{ip: 192.168.164.230, host: pr-hdds-2280-tn9v7-3755420433, networkLocation: /default-rack, certSerialId: null}, Type:RATIS, Factor:THREE, State:OPEN]. The last committed block length is 400, uncommitted data length is 50 retry count 0
2019-10-10 13:54:27,124 [main] INFO  ozone.MiniOzoneClusterImpl (MiniOzoneClusterImpl.java:shutdown(314)) - Shutting down the Mini Ozone Cluster
2019-10-10 13:54:27,124 [main] INFO  ozone.MiniOzoneClusterImpl (MiniOzoneClusterImpl.java:stop(330)) - Stopping the Mini Ozone Cluster
2019-10-10 13:54:27,125 [main] INFO  ozone.MiniOzoneClusterImpl (MiniOzoneClusterImpl.java:stopOM(400)) - Stopping the OzoneManager
2019-10-10 13:54:27,125 [main] INFO  ipc.Server (Server.java:stop(3082)) - Stopping server on 35700
2019-10-10 13:54:27,138 [IPC Server listener on 35700] INFO  ipc.Server (Server.java:run(1185)) - Stopping IPC Server listener on 35700
2019-10-10 13:54:27,142 [main] INFO  ratis.OzoneManagerDoubleBuffer (OzoneManagerDoubleBuffer.java:stop(250)) - Stopping OMDoubleBuffer flush thread
2019-10-10 13:54:27,146 [IPC Server Responder] INFO  ipc.Server (Server.java:run(1319)) - Stopping IPC Server Responder
2019-10-10 13:54:27,159 [OMDoubleBufferFlushThread] INFO  ratis.OzoneManagerDoubleBuffer (OzoneManagerDoubleBuffer.java:flushTransactions(193)) - OMDoubleBuffer flush thread OMDoubleBufferFlushThread is interrupted and will exit. OMDoubleBufferFlushThread
2019-10-10 13:54:27,185 [main] INFO  utils.BackgroundService (BackgroundService.java:shutdown(151)) - Shutting down service KeyDeletingService
2019-10-10 13:54:27,186 [main] INFO  handler.ContextHandler (ContextHandler.java:doStop(910)) - Stopped o.e.j.w.WebAppContext@472c9f88{/,null,UNAVAILABLE}{/ozoneManager}
2019-10-10 13:54:27,187 [main] INFO  server.AbstractConnector (AbstractConnector.java:doStop(318)) - Stopped ServerConnector@37a67cf{HTTP/1.1,[http/1.1]}{0.0.0.0:0}
2019-10-10 13:54:27,188 [main] INFO  handler.ContextHandler (ContextHandler.java:doStop(910)) - Stopped o.e.j.s.ServletContextHandler@46b6701e{/static,file:///workdir/hadoop-ozone/integration-test/target/test-classes/webapps/static,UNAVAILABLE}
2019-10-10 13:54:27,188 [main] INFO  handler.ContextHandler (ContextHandler.java:doStop(910)) - Stopped o.e.j.s.ServletContextHandler@4cd7d5e1{/logs,file:///workdir/hadoop-ozone/integration-test/target/log,UNAVAILABLE}
2019-10-10 13:54:27,190 [main] INFO  ozone.MiniOzoneClusterImpl (MiniOzoneClusterImpl.java:stopDatanodes(377)) - Stopping the HddsDatanodes
2019-10-10 13:54:27,525 [Datanode State Machine Thread - 0] INFO  statemachine.DatanodeStateMachine (DatanodeStateMachine.java:lambda$startDaemon$0(350)) - Ozone container server started.
2019-10-10 13:54:27,664 [Datanode State Machine Thread - 0] INFO  statemachine.DatanodeStateMachine (DatanodeStateMachine.java:lambda$startDaemon$0(350)) - Ozone container server started.
2019-10-10 13:54:31,592 [EventQueue-StaleNodeForStaleNodeHandler] INFO  node.StaleNodeHandler (StaleNodeHandler.java:onMessage(58)) - Datanode 1179372a-faa2-49b5-baee-70d755ab77f9{ip: 192.168.164.230, host: pr-hdds-2280-tn9v7-3755420433, networkLocation: /default-rack, certSerialId: null} moved to stale state. Finalizing its pipelines [PipelineID=5de9d8ea-66cf-4e4e-a36f-61595bf6ce92]
2019-10-10 13:54:31,592 [EventQueue-StaleNodeForStaleNodeHandler] INFO  pipeline.SCMPipelineManager (SCMPipelineManager.java:finalizeAndDestroyPipeline(315)) - destroying pipeline:Pipeline[ Id: 5de9d8ea-66cf-4e4e-a36f-61595bf6ce92, Nodes: 1179372a-faa2-49b5-baee-70d755ab77f9{ip: 192.168.164.230, host: pr-hdds-2280-tn9v7-3755420433, networkLocation: /default-rack, certSerialId: null}, Type:RATIS, Factor:ONE, State:OPEN]
2019-10-10 13:54:31,593 [EventQueue-StaleNodeForStaleNodeHandler] INFO  pipeline.PipelineStateManager (PipelineStateManager.java:finalizePipeline(123)) - Pipeline Pipeline[ Id: 5de9d8ea-66cf-4e4e-a36f-61595bf6ce92, Nodes: 1179372a-faa2-49b5-baee-70d755ab77f9{ip: 192.168.164.230, host: pr-hdds-2280-tn9v7-3755420433, networkLocation: /default-rack, certSerialId: null}, Type:RATIS, Factor:ONE, State:CLOSED] moved to CLOSED state
2019-10-10 13:54:31,692 [EventQueue-StaleNodeForStaleNodeHandler] INFO  node.StaleNodeHandler (StaleNodeHandler.java:onMessage(58)) - Datanode 54a8b3b1-cb59-4956-9183-4f9844315b90{ip: 192.168.164.230, host: pr-hdds-2280-tn9v7-3755420433, networkLocation: /default-rack, certSerialId: null} moved to stale state. Finalizing its pipelines [PipelineID=9d24df39-e9ac-42ac-b6f1-2e211a40073f, PipelineID=3d913251-46ac-43ed-90eb-bae3a538b5f4]
2019-10-10 13:54:31,693 [EventQueue-StaleNodeForStaleNodeHandler] INFO  pipeline.SCMPipelineManager (SCMPipelineManager.java:finalizeAndDestroyPipeline(315)) - destroying pipeline:Pipeline[ Id: 9d24df39-e9ac-42ac-b6f1-2e211a40073f, Nodes: eb8bd58c-94df-4b53-a658-943c19ea9612{ip: 192.168.164.230, host: pr-hdds-2280-tn9v7-3755420433, networkLocation: /default-rack, certSerialId: null}54a8b3b1-cb59-4956-9183-4f9844315b90{ip: 192.168.164.230, host: pr-hdds-2280-tn9v7-3755420433, networkLocation: /default-rack, certSerialId: null}cd1234b5-0de1-4fd3-b9d5-d50083d3c43c{ip: 192.168.164.230, host: pr-hdds-2280-tn9v7-3755420433, networkLocation: /default-rack, certSerialId: null}, Type:RATIS, Factor:THREE, State:OPEN]
2019-10-10 13:54:31,693 [EventQueue-StaleNodeForStaleNodeHandler] INFO  pipeline.PipelineStateManager (PipelineStateManager.java:finalizePipeline(123)) - Pipeline Pipeline[ Id: 9d24df39-e9ac-42ac-b6f1-2e211a40073f, Nodes: eb8bd58c-94df-4b53-a658-943c19ea9612{ip: 192.168.164.230, host: pr-hdds-2280-tn9v7-3755420433, networkLocation: /default-rack, certSerialId: null}54a8b3b1-cb59-4956-9183-4f9844315b90{ip: 192.168.164.230, host: pr-hdds-2280-tn9v7-3755420433, networkLocation: /default-rack, certSerialId: null}cd1234b5-0de1-4fd3-b9d5-d50083d3c43c{ip: 192.168.164.230, host: pr-hdds-2280-tn9v7-3755420433, networkLocation: /default-rack, certSerialId: null}, Type:RATIS, Factor:THREE, State:CLOSED] moved to CLOSED state
2019-10-10 13:54:31,693 [EventQueue-CloseContainerForCloseContainerEventHandler] INFO  container.CloseContainerEventHandler (CloseContainerEventHandler.java:onMessage(61)) - Close container Event triggered for container : #2
2019-10-10 13:54:31,693 [EventQueue-StaleNodeForStaleNodeHandler] INFO  pipeline.SCMPipelineManager (SCMPipelineManager.java:finalizeAndDestroyPipeline(315)) - destroying pipeline:Pipeline[ Id: 3d913251-46ac-43ed-90eb-bae3a538b5f4, Nodes: 54a8b3b1-cb59-4956-9183-4f9844315b90{ip: 192.168.164.230, host: pr-hdds-2280-tn9v7-3755420433, networkLocation: /default-rack, certSerialId: null}, Type:RATIS, Factor:ONE, State:OPEN]
2019-10-10 13:54:31,704 [EventQueue-StaleNodeForStaleNodeHandler] INFO  pipeline.PipelineStateManager (PipelineStateManager.java:finalizePipeline(123)) - Pipeline Pipeline[ Id: 3d913251-46ac-43ed-90eb-bae3a538b5f4, Nodes: 54a8b3b1-cb59-4956-9183-4f9844315b90{ip: 192.168.164.230, host: pr-hdds-2280-tn9v7-3755420433, networkLocation: /default-rack, certSerialId: null}, Type:RATIS, Factor:ONE, State:CLOSED] moved to CLOSED state
2019-10-10 13:54:32,191 [main] INFO  ozoneimpl.OzoneContainer (OzoneContainer.java:stop(227)) - Attempting to stop container services.
2019-10-10 13:54:32,191 [ForkJoinPool.commonPool-worker-1] INFO  ozoneimpl.OzoneContainer (OzoneContainer.java:stop(227)) - Attempting to stop container services.
2019-10-10 13:54:32,192 [main] INFO  impl.RaftServerProxy (RaftServerProxy.java:lambda$close$4(314)) - 1179372a-faa2-49b5-baee-70d755ab77f9: close
2019-10-10 13:54:32,192 [ForkJoinPool.commonPool-worker-1] INFO  impl.RaftServerProxy (RaftServerProxy.java:lambda$close$4(314)) - 54a8b3b1-cb59-4956-9183-4f9844315b90: close
2019-10-10 13:54:32,192 [main] INFO  impl.RaftServerImpl (RaftServerImpl.java:lambda$shutdown$3(247)) - 1179372a-faa2-49b5-baee-70d755ab77f9@group-61595BF6CE92: shutdown
2019-10-10 13:54:32,192 [ForkJoinPool.commonPool-worker-1] INFO  impl.RaftServerImpl (RaftServerImpl.java:lambda$shutdown$3(247)) - 54a8b3b1-cb59-4956-9183-4f9844315b90@group-2E211A40073F: shutdown
2019-10-10 13:54:32,192 [main] INFO  util.JmxRegister (JmxRegister.java:unregister(73)) - Successfully un-registered JMX Bean with object name Ratis:service=RaftServer,group=group-61595BF6CE92,id=1179372a-faa2-49b5-baee-70d755ab77f9
2019-10-10 13:54:32,193 [ForkJoinPool.commonPool-worker-1] INFO  util.JmxRegister (JmxRegister.java:unregister(73)) - Successfully un-registered JMX Bean with object name Ratis:service=RaftServer,group=group-2E211A40073F,id=54a8b3b1-cb59-4956-9183-4f9844315b90
2019-10-10 13:54:32,193 [main] INFO  impl.RoleInfo (RoleInfo.java:shutdownLeaderState(104)) - 1179372a-faa2-49b5-baee-70d755ab77f9: shutdown LeaderState
2019-10-10 13:54:32,193 [ForkJoinPool.commonPool-worker-1] INFO  impl.RoleInfo (RoleInfo.java:shutdownFollowerState(121)) - 54a8b3b1-cb59-4956-9183-4f9844315b90: shutdown FollowerState
2019-10-10 13:54:32,194 [main] INFO  impl.PendingRequests (PendingRequests.java:sendNotLeaderResponses(202)) - 1179372a-faa2-49b5-baee-70d755ab77f9@group-61595BF6CE92-PendingRequests: sendNotLeaderResponses
2019-10-10 13:54:32,194 [54a8b3b1-cb59-4956-9183-4f9844315b90@group-2E211A40073F-StateMachineUpdater] INFO  ratis.ContainerStateMachine (ContainerStateMachine.java:takeSnapshot(294)) - group-2E211A40073F: Taking a snapshot at:(t:1, i:16) file /workdir/hadoop-ozone/integration-test/target/test-dir/MiniOzoneClusterImpl-94337b2b-47d0-4fc3-ad18-0e9fb5ac94e5/datanode-1/data/ratis/9d24df39-e9ac-42ac-b6f1-2e211a40073f/sm/snapshot.1_16
2019-10-10 13:54:32,194 [main] INFO  impl.StateMachineUpdater (StateMachineUpdater.java:stopAndJoin(136)) - 1179372a-faa2-49b5-baee-70d755ab77f9@group-61595BF6CE92-StateMachineUpdater: set stopIndex = 0
2019-10-10 13:54:32,194 [Thread-4100] INFO  impl.FollowerState (FollowerState.java:run(117)) - 54a8b3b1-cb59-4956-9183-4f9844315b90@group-2E211A40073F-FollowerState was interrupted: java.lang.InterruptedException: sleep interrupted
2019-10-10 13:54:32,194 [ForkJoinPool.commonPool-worker-1] INFO  impl.StateMachineUpdater (StateMachineUpdater.java:stopAndJoin(136)) - 54a8b3b1-cb59-4956-9183-4f9844315b90@group-2E211A40073F-StateMachineUpdater: set stopIndex = 16
2019-10-10 13:54:32,195 [main] INFO  impl.RaftServerImpl (ServerState.java:close(387)) - 1179372a-faa2-49b5-baee-70d755ab77f9@group-61595BF6CE92: closes. applyIndex: 0
2019-10-10 13:54:32,199 [1179372a-faa2-49b5-baee-70d755ab77f9@group-61595BF6CE92-SegmentedRaftLogWorker] INFO  segmented.SegmentedRaftLogWorker (SegmentedRaftLogWorker.java:run(316)) - 1179372a-faa2-49b5-baee-70d755ab77f9@group-61595BF6CE92-SegmentedRaftLogWorker was interrupted, exiting. There are 0 tasks remaining in the queue.
2019-10-10 13:54:32,201 [main] INFO  segmented.SegmentedRaftLogWorker (SegmentedRaftLogWorker.java:close(224)) - 1179372a-faa2-49b5-baee-70d755ab77f9@group-61595BF6CE92-SegmentedRaftLogWorker close()
2019-10-10 13:54:32,205 [main] INFO  server.GrpcService (GrpcService.java:closeImpl(164)) - 1179372a-faa2-49b5-baee-70d755ab77f9: shutdown server with port 32914 now
2019-10-10 13:54:32,208 [main] INFO  server.GrpcService (GrpcService.java:closeImpl(172)) - 1179372a-faa2-49b5-baee-70d755ab77f9: shutdown server with port 32914 successfully
2019-10-10 13:54:32,210 [refreshUsed-/workdir/hadoop-ozone/integration-test/target/test-dir/MiniOzoneClusterImpl-94337b2b-47d0-4fc3-ad18-0e9fb5ac94e5/datanode-4/data/containers] WARN  fs.CachingGetSpaceUsed (CachingGetSpaceUsed.java:run(183)) - Thread Interrupted waiting to refresh disk information: sleep interrupted
2019-10-10 13:54:32,212 [54a8b3b1-cb59-4956-9183-4f9844315b90@group-2E211A40073F-StateMachineUpdater] INFO  ratis.ContainerStateMachine (ContainerStateMachine.java:takeSnapshot(305)) - group-2E211A40073F: Finished taking a snapshot at:(t:1, i:16) file:/workdir/hadoop-ozone/integration-test/target/test-dir/MiniOzoneClusterImpl-94337b2b-47d0-4fc3-ad18-0e9fb5ac94e5/datanode-1/data/ratis/9d24df39-e9ac-42ac-b6f1-2e211a40073f/sm/snapshot.1_16 time:18
2019-10-10 13:54:32,213 [54a8b3b1-cb59-4956-9183-4f9844315b90@group-2E211A40073F-StateMachineUpdater] INFO  impl.StateMachineUpdater (StateMachineUpdater.java:takeSnapshot(269)) - 54a8b3b1-cb59-4956-9183-4f9844315b90@group-2E211A40073F-StateMachineUpdater: Took a snapshot at index 16
2019-10-10 13:54:32,213 [54a8b3b1-cb59-4956-9183-4f9844315b90@group-2E211A40073F-StateMachineUpdater] INFO  impl.StateMachineUpdater (StateMachineUpdater.java:lambda$new$0(84)) - 54a8b3b1-cb59-4956-9183-4f9844315b90@group-2E211A40073F-StateMachineUpdater: snapshotIndex: updateIncreasingly -1 -> 16
2019-10-10 13:54:32,213 [ForkJoinPool.commonPool-worker-1] INFO  impl.RaftServerImpl (ServerState.java:close(387)) - 54a8b3b1-cb59-4956-9183-4f9844315b90@group-2E211A40073F: closes. applyIndex: 16
2019-10-10 13:54:32,214 [54a8b3b1-cb59-4956-9183-4f9844315b90@group-2E211A40073F-SegmentedRaftLogWorker] INFO  segmented.SegmentedRaftLogWorker (SegmentedRaftLogWorker.java:run(316)) - 54a8b3b1-cb59-4956-9183-4f9844315b90@group-2E211A40073F-SegmentedRaftLogWorker was interrupted, exiting. There are 0 tasks remaining in the queue.
2019-10-10 13:54:32,216 [ForkJoinPool.commonPool-worker-1] INFO  segmented.SegmentedRaftLogWorker (SegmentedRaftLogWorker.java:close(224)) - 54a8b3b1-cb59-4956-9183-4f9844315b90@group-2E211A40073F-SegmentedRaftLogWorker close()
2019-10-10 13:54:32,221 [ForkJoinPool.commonPool-worker-1] INFO  impl.RaftServerImpl (RaftServerImpl.java:lambda$shutdown$3(247)) - 54a8b3b1-cb59-4956-9183-4f9844315b90@group-BAE3A538B5F4: shutdown
2019-10-10 13:54:32,221 [ForkJoinPool.commonPool-worker-1] INFO  util.JmxRegister (JmxRegister.java:unregister(73)) - Successfully un-registered JMX Bean with object name Ratis:service=RaftServer,group=group-BAE3A538B5F4,id=54a8b3b1-cb59-4956-9183-4f9844315b90
2019-10-10 13:54:32,222 [ForkJoinPool.commonPool-worker-1] INFO  impl.RoleInfo (RoleInfo.java:shutdownLeaderState(104)) - 54a8b3b1-cb59-4956-9183-4f9844315b90: shutdown LeaderState
2019-10-10 13:54:32,222 [ForkJoinPool.commonPool-worker-1] INFO  impl.PendingRequests (PendingRequests.java:sendNotLeaderResponses(202)) - 54a8b3b1-cb59-4956-9183-4f9844315b90@group-BAE3A538B5F4-PendingRequests: sendNotLeaderResponses
2019-10-10 13:54:32,223 [ForkJoinPool.commonPool-worker-1] INFO  impl.StateMachineUpdater (StateMachineUpdater.java:stopAndJoin(136)) - 54a8b3b1-cb59-4956-9183-4f9844315b90@group-BAE3A538B5F4-StateMachineUpdater: set stopIndex = 0
2019-10-10 13:54:32,223 [ForkJoinPool.commonPool-worker-1] INFO  impl.RaftServerImpl (ServerState.java:close(387)) - 54a8b3b1-cb59-4956-9183-4f9844315b90@group-BAE3A538B5F4: closes. applyIndex: 0
2019-10-10 13:54:32,223 [54a8b3b1-cb59-4956-9183-4f9844315b90@group-BAE3A538B5F4-SegmentedRaftLogWorker] INFO  segmented.SegmentedRaftLogWorker (SegmentedRaftLogWorker.java:run(316)) - 54a8b3b1-cb59-4956-9183-4f9844315b90@group-BAE3A538B5F4-SegmentedRaftLogWorker was interrupted, exiting. There are 0 tasks remaining in the queue.
2019-10-10 13:54:32,226 [ForkJoinPool.commonPool-worker-1] INFO  segmented.SegmentedRaftLogWorker (SegmentedRaftLogWorker.java:close(224)) - 54a8b3b1-cb59-4956-9183-4f9844315b90@group-BAE3A538B5F4-SegmentedRaftLogWorker close()
2019-10-10 13:54:32,230 [ForkJoinPool.commonPool-worker-1] INFO  server.GrpcService (GrpcService.java:closeImpl(164)) - 54a8b3b1-cb59-4956-9183-4f9844315b90: shutdown server with port 43616 now
2019-10-10 13:54:32,231 [grpc-default-executor-9] WARN  server.GrpcServerProtocolService (LogUtils.java:warn(134)) - 54a8b3b1-cb59-4956-9183-4f9844315b90: installSnapshot onError, lastRequest: cd1234b5-0de1-4fd3-b9d5-d50083d3c43c->54a8b3b1-cb59-4956-9183-4f9844315b90#20-t1, previous=(t:1, i:16), leaderCommit=16, initializing? false, entries: <empty>: org.apache.ratis.thirdparty.io.grpc.StatusRuntimeException: CANCELLED: cancelled before receiving half close
2019-10-10 13:54:32,231 [ForkJoinPool.commonPool-worker-1] INFO  server.GrpcService (GrpcService.java:closeImpl(172)) - 54a8b3b1-cb59-4956-9183-4f9844315b90: shutdown server with port 43616 successfully
2019-10-10 13:54:32,231 [grpc-default-executor-10] WARN  server.GrpcLogAppender (LogUtils.java:warn(134)) - cd1234b5-0de1-4fd3-b9d5-d50083d3c43c@group-2E211A40073F->54a8b3b1-cb59-4956-9183-4f9844315b90-AppendLogResponseHandler: Failed appendEntries: org.apache.ratis.thirdparty.io.grpc.StatusRuntimeException: CANCELLED: HTTP/2 error code: CANCEL
Received Rst Stream
2019-10-10 13:54:32,231 [grpc-default-executor-10] INFO  impl.FollowerInfo (FollowerInfo.java:lambda$new$0(51)) - cd1234b5-0de1-4fd3-b9d5-d50083d3c43c@group-2E211A40073F->54a8b3b1-cb59-4956-9183-4f9844315b90: nextIndex: updateUnconditionally 17 -> 16
2019-10-10 13:54:32,234 [refreshUsed-/workdir/hadoop-ozone/integration-test/target/test-dir/MiniOzoneClusterImpl-94337b2b-47d0-4fc3-ad18-0e9fb5ac94e5/datanode-1/data/containers] WARN  fs.CachingGetSpaceUsed (CachingGetSpaceUsed.java:run(183)) - Thread Interrupted waiting to refresh disk information: sleep interrupted
2019-10-10 13:54:32,241 [main] INFO  utils.BackgroundService (BackgroundService.java:shutdown(151)) - Shutting down service BlockDeletingService
2019-10-10 13:54:32,250 [main] INFO  statemachine.DatanodeStateMachine (DatanodeStateMachine.java:stopDaemon(395)) - Ozone container server stopped.
2019-10-10 13:54:32,251 [main] INFO  handler.ContextHandler (ContextHandler.java:doStop(910)) - Stopped o.e.j.w.WebAppContext@77cddc0c{/,null,UNAVAILABLE}{/hddsDatanode}
2019-10-10 13:54:32,252 [main] INFO  server.AbstractConnector (AbstractConnector.java:doStop(318)) - Stopped ServerConnector@671d97bc{HTTP/1.1,[http/1.1]}{0.0.0.0:0}
2019-10-10 13:54:32,252 [main] INFO  handler.ContextHandler (ContextHandler.java:doStop(910)) - Stopped o.e.j.s.ServletContextHandler@30d5e37c{/static,jar:file:/home/user/.m2/repository/org/apache/hadoop/hadoop-hdds-container-service/0.5.0-SNAPSHOT/hadoop-hdds-container-service-0.5.0-SNAPSHOT.jar!/webapps/static,UNAVAILABLE}
2019-10-10 13:54:32,253 [main] INFO  handler.ContextHandler (ContextHandler.java:doStop(910)) - Stopped o.e.j.s.ServletContextHandler@316d30ad{/logs,file:///workdir/hadoop-ozone/integration-test/target/log,UNAVAILABLE}
2019-10-10 13:54:32,258 [ForkJoinPool.commonPool-worker-1] INFO  utils.BackgroundService (BackgroundService.java:shutdown(151)) - Shutting down service BlockDeletingService
2019-10-10 13:54:32,267 [ForkJoinPool.commonPool-worker-1] INFO  statemachine.DatanodeStateMachine (DatanodeStateMachine.java:stopDaemon(395)) - Ozone container server stopped.
2019-10-10 13:54:32,276 [ForkJoinPool.commonPool-worker-1] INFO  handler.ContextHandler (ContextHandler.java:doStop(910)) - Stopped o.e.j.w.WebAppContext@45d7495e{/,null,UNAVAILABLE}{/hddsDatanode}
2019-10-10 13:54:32,277 [ForkJoinPool.commonPool-worker-1] INFO  server.AbstractConnector (AbstractConnector.java:doStop(318)) - Stopped ServerConnector@30517a57{HTTP/1.1,[http/1.1]}{0.0.0.0:0}
2019-10-10 13:54:32,292 [ForkJoinPool.commonPool-worker-1] INFO  handler.ContextHandler (ContextHandler.java:doStop(910)) - Stopped o.e.j.s.ServletContextHandler@49190ed6{/static,jar:file:/home/user/.m2/repository/org/apache/hadoop/hadoop-hdds-container-service/0.5.0-SNAPSHOT/hadoop-hdds-container-service-0.5.0-SNAPSHOT.jar!/webapps/static,UNAVAILABLE}
2019-10-10 13:54:32,292 [ForkJoinPool.commonPool-worker-1] INFO  handler.ContextHandler (ContextHandler.java:doStop(910)) - Stopped o.e.j.s.ServletContextHandler@5fb07347{/logs,file:///workdir/hadoop-ozone/integration-test/target/log,UNAVAILABLE}
2019-10-10 13:54:32,374 [grpc-default-executor-8] WARN  server.GrpcLogAppender (LogUtils.java:warn(134)) - cd1234b5-0de1-4fd3-b9d5-d50083d3c43c@group-2E211A40073F->54a8b3b1-cb59-4956-9183-4f9844315b90-AppendLogResponseHandler: Failed appendEntries: org.apache.ratis.thirdparty.io.grpc.StatusRuntimeException: UNAVAILABLE: io exception
2019-10-10 13:54:32,374 [grpc-default-executor-8] INFO  impl.FollowerInfo (FollowerInfo.java:lambda$new$0(51)) - cd1234b5-0de1-4fd3-b9d5-d50083d3c43c@group-2E211A40073F->54a8b3b1-cb59-4956-9183-4f9844315b90: nextIndex: updateUnconditionally 16 -> 15
2019-10-10 13:54:32,664 [Datanode State Machine Thread - 0] INFO  statemachine.DatanodeStateMachine (DatanodeStateMachine.java:lambda$startDaemon$0(350)) - Ozone container server started.
2019-10-10 13:54:33,036 [Datanode State Machine Thread - 0] INFO  statemachine.DatanodeStateMachine (DatanodeStateMachine.java:lambda$startDaemon$0(350)) - Ozone container server started.
2019-10-10 13:54:34,875 [grpc-default-executor-9] WARN  server.GrpcLogAppender (LogUtils.java:warn(134)) - cd1234b5-0de1-4fd3-b9d5-d50083d3c43c@group-2E211A40073F->54a8b3b1-cb59-4956-9183-4f9844315b90-AppendLogResponseHandler: Failed appendEntries: org.apache.ratis.thirdparty.io.grpc.StatusRuntimeException: UNAVAILABLE: io exception
2019-10-10 13:54:34,875 [grpc-default-executor-9] INFO  impl.FollowerInfo (FollowerInfo.java:lambda$new$0(51)) - cd1234b5-0de1-4fd3-b9d5-d50083d3c43c@group-2E211A40073F->54a8b3b1-cb59-4956-9183-4f9844315b90: nextIndex: updateUnconditionally 15 -> 14
2019-10-10 13:54:36,704 [EventQueue-StaleNodeForStaleNodeHandler] INFO  node.StaleNodeHandler (StaleNodeHandler.java:onMessage(58)) - Datanode cd1234b5-0de1-4fd3-b9d5-d50083d3c43c{ip: 192.168.164.230, host: pr-hdds-2280-tn9v7-3755420433, networkLocation: /default-rack, certSerialId: null} moved to stale state. Finalizing its pipelines [PipelineID=9d24df39-e9ac-42ac-b6f1-2e211a40073f, PipelineID=8dc81480-09d2-43cb-85c0-1a373295362f]
2019-10-10 13:54:36,705 [EventQueue-StaleNodeForStaleNodeHandler] INFO  pipeline.SCMPipelineManager (SCMPipelineManager.java:finalizeAndDestroyPipeline(315)) - destroying pipeline:Pipeline[ Id: 9d24df39-e9ac-42ac-b6f1-2e211a40073f, Nodes: eb8bd58c-94df-4b53-a658-943c19ea9612{ip: 192.168.164.230, host: pr-hdds-2280-tn9v7-3755420433, networkLocation: /default-rack, certSerialId: null}54a8b3b1-cb59-4956-9183-4f9844315b90{ip: 192.168.164.230, host: pr-hdds-2280-tn9v7-3755420433, networkLocation: /default-rack, certSerialId: null}cd1234b5-0de1-4fd3-b9d5-d50083d3c43c{ip: 192.168.164.230, host: pr-hdds-2280-tn9v7-3755420433, networkLocation: /default-rack, certSerialId: null}, Type:RATIS, Factor:THREE, State:CLOSED]
2019-10-10 13:54:36,706 [EventQueue-StaleNodeForStaleNodeHandler] INFO  pipeline.SCMPipelineManager (SCMPipelineManager.java:finalizeAndDestroyPipeline(315)) - destroying pipeline:Pipeline[ Id: 8dc81480-09d2-43cb-85c0-1a373295362f, Nodes: cd1234b5-0de1-4fd3-b9d5-d50083d3c43c{ip: 192.168.164.230, host: pr-hdds-2280-tn9v7-3755420433, networkLocation: /default-rack, certSerialId: null}, Type:RATIS, Factor:ONE, State:OPEN]
2019-10-10 13:54:36,706 [EventQueue-StaleNodeForStaleNodeHandler] INFO  pipeline.PipelineStateManager (PipelineStateManager.java:finalizePipeline(123)) - Pipeline Pipeline[ Id: 8dc81480-09d2-43cb-85c0-1a373295362f, Nodes: cd1234b5-0de1-4fd3-b9d5-d50083d3c43c{ip: 192.168.164.230, host: pr-hdds-2280-tn9v7-3755420433, networkLocation: /default-rack, certSerialId: null}, Type:RATIS, Factor:ONE, State:CLOSED] moved to CLOSED state
2019-10-10 13:54:37,104 [EventQueue-StaleNodeForStaleNodeHandler] INFO  node.StaleNodeHandler (StaleNodeHandler.java:onMessage(58)) - Datanode 879d252b-2a05-4827-9377-7fbe1b4b2325{ip: 192.168.164.230, host: pr-hdds-2280-tn9v7-3755420433, networkLocation: /default-rack, certSerialId: null} moved to stale state. Finalizing its pipelines [PipelineID=7cb191fb-1af0-435e-865b-d199d0c62226, PipelineID=a0542868-a800-4c3a-af97-695dae03fdf5]
2019-10-10 13:54:37,105 [EventQueue-StaleNodeForStaleNodeHandler] INFO  pipeline.SCMPipelineManager (SCMPipelineManager.java:finalizeAndDestroyPipeline(315)) - destroying pipeline:Pipeline[ Id: 7cb191fb-1af0-435e-865b-d199d0c62226, Nodes: 879d252b-2a05-4827-9377-7fbe1b4b2325{ip: 192.168.164.230, host: pr-hdds-2280-tn9v7-3755420433, networkLocation: /default-rack, certSerialId: null}, Type:RATIS, Factor:ONE, State:OPEN]
2019-10-10 13:54:37,105 [EventQueue-StaleNodeForStaleNodeHandler] INFO  pipeline.PipelineStateManager (PipelineStateManager.java:finalizePipeline(123)) - Pipeline Pipeline[ Id: 7cb191fb-1af0-435e-865b-d199d0c62226, Nodes: 879d252b-2a05-4827-9377-7fbe1b4b2325{ip: 192.168.164.230, host: pr-hdds-2280-tn9v7-3755420433, networkLocation: /default-rack, certSerialId: null}, Type:RATIS, Factor:ONE, State:CLOSED] moved to CLOSED state
2019-10-10 13:54:37,105 [EventQueue-StaleNodeForStaleNodeHandler] INFO  pipeline.SCMPipelineManager (SCMPipelineManager.java:finalizeAndDestroyPipeline(315)) - destroying pipeline:Pipeline[ Id: a0542868-a800-4c3a-af97-695dae03fdf5, Nodes: 879d252b-2a05-4827-9377-7fbe1b4b2325{ip: 192.168.164.230, host: pr-hdds-2280-tn9v7-3755420433, networkLocation: /default-rack, certSerialId: null}af1b0ec7-0cc6-47df-a217-7d3b9288f5b8{ip: 192.168.164.230, host: pr-hdds-2280-tn9v7-3755420433, networkLocation: /default-rack, certSerialId: null}05e1d7c8-a800-4306-8ffe-d9206de7ec8b{ip: 192.168.164.230, host: pr-hdds-2280-tn9v7-3755420433, networkLocation: /default-rack, certSerialId: null}, Type:RATIS, Factor:THREE, State:OPEN]
2019-10-10 13:54:37,106 [EventQueue-StaleNodeForStaleNodeHandler] INFO  pipeline.PipelineStateManager (PipelineStateManager.java:finalizePipeline(123)) - Pipeline Pipeline[ Id: a0542868-a800-4c3a-af97-695dae03fdf5, Nodes: 879d252b-2a05-4827-9377-7fbe1b4b2325{ip: 192.168.164.230, host: pr-hdds-2280-tn9v7-3755420433, networkLocation: /default-rack, certSerialId: null}af1b0ec7-0cc6-47df-a217-7d3b9288f5b8{ip: 192.168.164.230, host: pr-hdds-2280-tn9v7-3755420433, networkLocation: /default-rack, certSerialId: null}05e1d7c8-a800-4306-8ffe-d9206de7ec8b{ip: 192.168.164.230, host: pr-hdds-2280-tn9v7-3755420433, networkLocation: /default-rack, certSerialId: null}, Type:RATIS, Factor:THREE, State:CLOSED] moved to CLOSED state
2019-10-10 13:54:37,106 [EventQueue-CloseContainerForCloseContainerEventHandler] INFO  container.CloseContainerEventHandler (CloseContainerEventHandler.java:onMessage(61)) - Close container Event triggered for container : #3
2019-10-10 13:54:37,255 [main] INFO  ozoneimpl.OzoneContainer (OzoneContainer.java:stop(227)) - Attempting to stop container services.
2019-10-10 13:54:37,258 [main] INFO  impl.RaftServerProxy (RaftServerProxy.java:lambda$close$4(314)) - 879d252b-2a05-4827-9377-7fbe1b4b2325: close
2019-10-10 13:54:37,258 [main] INFO  impl.RaftServerImpl (RaftServerImpl.java:lambda$shutdown$3(247)) - 879d252b-2a05-4827-9377-7fbe1b4b2325@group-D199D0C62226: shutdown
2019-10-10 13:54:37,259 [main] INFO  util.JmxRegister (JmxRegister.java:unregister(73)) - Successfully un-registered JMX Bean with object name Ratis:service=RaftServer,group=group-D199D0C62226,id=879d252b-2a05-4827-9377-7fbe1b4b2325
2019-10-10 13:54:37,259 [main] INFO  impl.RoleInfo (RoleInfo.java:shutdownLeaderState(104)) - 879d252b-2a05-4827-9377-7fbe1b4b2325: shutdown LeaderState
2019-10-10 13:54:37,260 [main] INFO  impl.PendingRequests (PendingRequests.java:sendNotLeaderResponses(202)) - 879d252b-2a05-4827-9377-7fbe1b4b2325@group-D199D0C62226-PendingRequests: sendNotLeaderResponses
2019-10-10 13:54:37,261 [main] INFO  impl.StateMachineUpdater (StateMachineUpdater.java:stopAndJoin(136)) - 879d252b-2a05-4827-9377-7fbe1b4b2325@group-D199D0C62226-StateMachineUpdater: set stopIndex = 0
2019-10-10 13:54:37,261 [main] INFO  impl.RaftServerImpl (ServerState.java:close(387)) - 879d252b-2a05-4827-9377-7fbe1b4b2325@group-D199D0C62226: closes. applyIndex: 0
2019-10-10 13:54:37,262 [879d252b-2a05-4827-9377-7fbe1b4b2325@group-D199D0C62226-SegmentedRaftLogWorker] INFO  segmented.SegmentedRaftLogWorker (SegmentedRaftLogWorker.java:run(316)) - 879d252b-2a05-4827-9377-7fbe1b4b2325@group-D199D0C62226-SegmentedRaftLogWorker was interrupted, exiting. There are 0 tasks remaining in the queue.
2019-10-10 13:54:37,264 [main] INFO  segmented.SegmentedRaftLogWorker (SegmentedRaftLogWorker.java:close(224)) - 879d252b-2a05-4827-9377-7fbe1b4b2325@group-D199D0C62226-SegmentedRaftLogWorker close()
2019-10-10 13:54:37,268 [main] INFO  impl.RaftServerImpl (RaftServerImpl.java:lambda$shutdown$3(247)) - 879d252b-2a05-4827-9377-7fbe1b4b2325@group-695DAE03FDF5: shutdown
2019-10-10 13:54:37,269 [main] INFO  util.JmxRegister (JmxRegister.java:unregister(73)) - Successfully un-registered JMX Bean with object name Ratis:service=RaftServer,group=group-695DAE03FDF5,id=879d252b-2a05-4827-9377-7fbe1b4b2325
2019-10-10 13:54:37,269 [main] INFO  impl.RoleInfo (RoleInfo.java:shutdownFollowerState(121)) - 879d252b-2a05-4827-9377-7fbe1b4b2325: shutdown FollowerState
2019-10-10 13:54:37,270 [main] INFO  impl.StateMachineUpdater (StateMachineUpdater.java:stopAndJoin(136)) - 879d252b-2a05-4827-9377-7fbe1b4b2325@group-695DAE03FDF5-StateMachineUpdater: set stopIndex = 20
2019-10-10 13:54:37,270 [879d252b-2a05-4827-9377-7fbe1b4b2325@group-695DAE03FDF5-StateMachineUpdater] INFO  ratis.ContainerStateMachine (ContainerStateMachine.java:takeSnapshot(294)) - group-695DAE03FDF5: Taking a snapshot at:(t:1, i:19) file /workdir/hadoop-ozone/integration-test/target/test-dir/MiniOzoneClusterImpl-94337b2b-47d0-4fc3-ad18-0e9fb5ac94e5/datanode-3/data/ratis/a0542868-a800-4c3a-af97-695dae03fdf5/sm/snapshot.1_19
2019-10-10 13:54:37,270 [Thread-4117] INFO  impl.FollowerState (FollowerState.java:run(117)) - 879d252b-2a05-4827-9377-7fbe1b4b2325@group-695DAE03FDF5-FollowerState was interrupted: java.lang.InterruptedException: sleep interrupted
2019-10-10 13:54:37,294 [ForkJoinPool.commonPool-worker-1] INFO  ozoneimpl.OzoneContainer (OzoneContainer.java:stop(227)) - Attempting to stop container services.
2019-10-10 13:54:37,294 [ForkJoinPool.commonPool-worker-1] INFO  impl.RaftServerProxy (RaftServerProxy.java:lambda$close$4(314)) - cd1234b5-0de1-4fd3-b9d5-d50083d3c43c: close
2019-10-10 13:54:37,295 [ForkJoinPool.commonPool-worker-1] INFO  impl.RaftServerImpl (RaftServerImpl.java:lambda$shutdown$3(247)) - cd1234b5-0de1-4fd3-b9d5-d50083d3c43c@group-2E211A40073F: shutdown
2019-10-10 13:54:37,295 [ForkJoinPool.commonPool-worker-1] INFO  util.JmxRegister (JmxRegister.java:unregister(73)) - Successfully un-registered JMX Bean with object name Ratis:service=RaftServer,group=group-2E211A40073F,id=cd1234b5-0de1-4fd3-b9d5-d50083d3c43c
2019-10-10 13:54:37,295 [ForkJoinPool.commonPool-worker-1] INFO  impl.RoleInfo (RoleInfo.java:shutdownLeaderState(104)) - cd1234b5-0de1-4fd3-b9d5-d50083d3c43c: shutdown LeaderState
2019-10-10 13:54:37,300 [ForkJoinPool.commonPool-worker-1] INFO  impl.PendingRequests (PendingRequests.java:sendNotLeaderResponses(202)) - cd1234b5-0de1-4fd3-b9d5-d50083d3c43c@group-2E211A40073F-PendingRequests: sendNotLeaderResponses
2019-10-10 13:54:37,300 [org.apache.ratis.server.impl.LogAppender$AppenderDaemon$$Lambda$576/1019156160@72180ba3] WARN  server.GrpcLogAppender (GrpcLogAppender.java:mayWait(143)) - cd1234b5-0de1-4fd3-b9d5-d50083d3c43c@group-2E211A40073F->eb8bd58c-94df-4b53-a658-943c19ea9612-GrpcLogAppender: Wait interrupted by java.lang.InterruptedException
2019-10-10 13:54:37,304 [org.apache.ratis.server.impl.LogAppender$AppenderDaemon$$Lambda$576/1019156160@694d5fa8] WARN  server.GrpcLogAppender (GrpcLogAppender.java:mayWait(143)) - cd1234b5-0de1-4fd3-b9d5-d50083d3c43c@group-2E211A40073F->54a8b3b1-cb59-4956-9183-4f9844315b90-GrpcLogAppender: Wait interrupted by java.lang.InterruptedException
2019-10-10 13:54:37,304 [ForkJoinPool.commonPool-worker-1] INFO  impl.StateMachineUpdater (StateMachineUpdater.java:stopAndJoin(136)) - cd1234b5-0de1-4fd3-b9d5-d50083d3c43c@group-2E211A40073F-StateMachineUpdater: set stopIndex = 16
2019-10-10 13:54:37,304 [879d252b-2a05-4827-9377-7fbe1b4b2325@group-695DAE03FDF5-StateMachineUpdater] INFO  ratis.ContainerStateMachine (ContainerStateMachine.java:takeSnapshot(305)) - group-695DAE03FDF5: Finished taking a snapshot at:(t:1, i:19) file:/workdir/hadoop-ozone/integration-test/target/test-dir/MiniOzoneClusterImpl-94337b2b-47d0-4fc3-ad18-0e9fb5ac94e5/datanode-3/data/ratis/a0542868-a800-4c3a-af97-695dae03fdf5/sm/snapshot.1_19 time:34
2019-10-10 13:54:37,304 [cd1234b5-0de1-4fd3-b9d5-d50083d3c43c@group-2E211A40073F-StateMachineUpdater] INFO  ratis.ContainerStateMachine (ContainerStateMachine.java:takeSnapshot(294)) - group-2E211A40073F: Taking a snapshot at:(t:1, i:14) file /workdir/hadoop-ozone/integration-test/target/test-dir/MiniOzoneClusterImpl-94337b2b-47d0-4fc3-ad18-0e9fb5ac94e5/datanode-2/data/ratis/9d24df39-e9ac-42ac-b6f1-2e211a40073f/sm/snapshot.1_14
2019-10-10 13:54:37,305 [879d252b-2a05-4827-9377-7fbe1b4b2325@group-695DAE03FDF5-StateMachineUpdater] INFO  impl.StateMachineUpdater (StateMachineUpdater.java:takeSnapshot(269)) - 879d252b-2a05-4827-9377-7fbe1b4b2325@group-695DAE03FDF5-StateMachineUpdater: Took a snapshot at index 19
2019-10-10 13:54:37,305 [879d252b-2a05-4827-9377-7fbe1b4b2325@group-695DAE03FDF5-StateMachineUpdater] INFO  impl.StateMachineUpdater (StateMachineUpdater.java:lambda$new$0(84)) - 879d252b-2a05-4827-9377-7fbe1b4b2325@group-695DAE03FDF5-StateMachineUpdater: snapshotIndex: updateIncreasingly -1 -> 19
2019-10-10 13:54:37,305 [grpc-default-executor-10] INFO  server.GrpcServerProtocolService (GrpcServerProtocolService.java:onCompleted(113)) - eb8bd58c-94df-4b53-a658-943c19ea9612: Completed APPEND_ENTRIES, lastRequest: cd1234b5-0de1-4fd3-b9d5-d50083d3c43c->eb8bd58c-94df-4b53-a658-943c19ea9612#22-t1, previous=(t:1, i:16), leaderCommit=16, initializing? false, entries: <empty>
2019-10-10 13:54:37,305 [879d252b-2a05-4827-9377-7fbe1b4b2325@group-695DAE03FDF5-StateMachineUpdater] INFO  ratis.ContainerStateMachine (ContainerStateMachine.java:takeSnapshot(294)) - group-695DAE03FDF5: Taking a snapshot at:(t:1, i:19) file /workdir/hadoop-ozone/integration-test/target/test-dir/MiniOzoneClusterImpl-94337b2b-47d0-4fc3-ad18-0e9fb5ac94e5/datanode-3/data/ratis/a0542868-a800-4c3a-af97-695dae03fdf5/sm/snapshot.1_19
2019-10-10 13:54:37,305 [grpc-default-executor-10] INFO  server.GrpcLogAppender (GrpcLogAppender.java:onCompleted(293)) - cd1234b5-0de1-4fd3-b9d5-d50083d3c43c@group-2E211A40073F->eb8bd58c-94df-4b53-a658-943c19ea9612-AppendLogResponseHandler: follower responses appendEntries COMPLETED
2019-10-10 13:54:37,306 [grpc-default-executor-10] INFO  impl.FollowerInfo (FollowerInfo.java:lambda$new$0(51)) - cd1234b5-0de1-4fd3-b9d5-d50083d3c43c@group-2E211A40073F->eb8bd58c-94df-4b53-a658-943c19ea9612: nextIndex: updateUnconditionally 17 -> 16
2019-10-10 13:54:37,317 [879d252b-2a05-4827-9377-7fbe1b4b2325@group-695DAE03FDF5-StateMachineUpdater] INFO  ratis.ContainerStateMachine (ContainerStateMachine.java:takeSnapshot(305)) - group-695DAE03FDF5: Finished taking a snapshot at:(t:1, i:19) file:/workdir/hadoop-ozone/integration-test/target/test-dir/MiniOzoneClusterImpl-94337b2b-47d0-4fc3-ad18-0e9fb5ac94e5/datanode-3/data/ratis/a0542868-a800-4c3a-af97-695dae03fdf5/sm/snapshot.1_19 time:13
2019-10-10 13:54:37,317 [cd1234b5-0de1-4fd3-b9d5-d50083d3c43c@group-2E211A40073F-StateMachineUpdater] INFO  ratis.ContainerStateMachine (ContainerStateMachine.java:takeSnapshot(305)) - group-2E211A40073F: Finished taking a snapshot at:(t:1, i:14) file:/workdir/hadoop-ozone/integration-test/target/test-dir/MiniOzoneClusterImpl-94337b2b-47d0-4fc3-ad18-0e9fb5ac94e5/datanode-2/data/ratis/9d24df39-e9ac-42ac-b6f1-2e211a40073f/sm/snapshot.1_14 time:13
2019-10-10 13:54:37,318 [879d252b-2a05-4827-9377-7fbe1b4b2325@group-695DAE03FDF5-StateMachineUpdater] INFO  impl.StateMachineUpdater (StateMachineUpdater.java:takeSnapshot(269)) - 879d252b-2a05-4827-9377-7fbe1b4b2325@group-695DAE03FDF5-StateMachineUpdater: Took a snapshot at index 19
2019-10-10 13:54:37,318 [879d252b-2a05-4827-9377-7fbe1b4b2325@group-695DAE03FDF5-StateMachineUpdater] INFO  impl.StateMachineUpdater (StateMachineUpdater.java:lambda$new$0(84)) - 879d252b-2a05-4827-9377-7fbe1b4b2325@group-695DAE03FDF5-StateMachineUpdater: snapshotIndex: updateIncreasingly 19 -> 19
2019-10-10 13:54:37,318 [cd1234b5-0de1-4fd3-b9d5-d50083d3c43c@group-2E211A40073F-StateMachineUpdater] INFO  impl.StateMachineUpdater (StateMachineUpdater.java:takeSnapshot(269)) - cd1234b5-0de1-4fd3-b9d5-d50083d3c43c@group-2E211A40073F-StateMachineUpdater: Took a snapshot at index 14
2019-10-10 13:54:37,318 [cd1234b5-0de1-4fd3-b9d5-d50083d3c43c@group-2E211A40073F-StateMachineUpdater] INFO  impl.StateMachineUpdater (StateMachineUpdater.java:lambda$new$0(84)) - cd1234b5-0de1-4fd3-b9d5-d50083d3c43c@group-2E211A40073F-StateMachineUpdater: snapshotIndex: updateIncreasingly -1 -> 14
2019-10-10 13:54:37,318 [main] INFO  impl.RaftServerImpl (ServerState.java:close(387)) - 879d252b-2a05-4827-9377-7fbe1b4b2325@group-695DAE03FDF5: closes. applyIndex: 20
2019-10-10 13:54:37,318 [cd1234b5-0de1-4fd3-b9d5-d50083d3c43c@group-2E211A40073F-StateMachineUpdater] INFO  ratis.ContainerStateMachine (ContainerStateMachine.java:takeSnapshot(294)) - group-2E211A40073F: Taking a snapshot at:(t:1, i:14) file /workdir/hadoop-ozone/integration-test/target/test-dir/MiniOzoneClusterImpl-94337b2b-47d0-4fc3-ad18-0e9fb5ac94e5/datanode-2/data/ratis/9d24df39-e9ac-42ac-b6f1-2e211a40073f/sm/snapshot.1_14
2019-10-10 13:54:37,319 [879d252b-2a05-4827-9377-7fbe1b4b2325@group-695DAE03FDF5-SegmentedRaftLogWorker] INFO  segmented.SegmentedRaftLogWorker (SegmentedRaftLogWorker.java:run(316)) - 879d252b-2a05-4827-9377-7fbe1b4b2325@group-695DAE03FDF5-SegmentedRaftLogWorker was interrupted, exiting. There are 0 tasks remaining in the queue.
2019-10-10 13:54:37,322 [main] INFO  segmented.SegmentedRaftLogWorker (SegmentedRaftLogWorker.java:close(224)) - 879d252b-2a05-4827-9377-7fbe1b4b2325@group-695DAE03FDF5-SegmentedRaftLogWorker close()
2019-10-10 13:54:37,335 [cd1234b5-0de1-4fd3-b9d5-d50083d3c43c@group-2E211A40073F-StateMachineUpdater] INFO  ratis.ContainerStateMachine (ContainerStateMachine.java:takeSnapshot(305)) - group-2E211A40073F: Finished taking a snapshot at:(t:1, i:14) file:/workdir/hadoop-ozone/integration-test/target/test-dir/MiniOzoneClusterImpl-94337b2b-47d0-4fc3-ad18-0e9fb5ac94e5/datanode-2/data/ratis/9d24df39-e9ac-42ac-b6f1-2e211a40073f/sm/snapshot.1_14 time:16
2019-10-10 13:54:37,336 [main] INFO  server.GrpcService (GrpcService.java:closeImpl(164)) - 879d252b-2a05-4827-9377-7fbe1b4b2325: shutdown server with port 46261 now
2019-10-10 13:54:37,337 [cd1234b5-0de1-4fd3-b9d5-d50083d3c43c@group-2E211A40073F-StateMachineUpdater] INFO  impl.StateMachineUpdater (StateMachineUpdater.java:takeSnapshot(269)) - cd1234b5-0de1-4fd3-b9d5-d50083d3c43c@group-2E211A40073F-StateMachineUpdater: Took a snapshot at index 14
2019-10-10 13:54:37,337 [cd1234b5-0de1-4fd3-b9d5-d50083d3c43c@group-2E211A40073F-StateMachineUpdater] INFO  impl.StateMachineUpdater (StateMachineUpdater.java:lambda$new$0(84)) - cd1234b5-0de1-4fd3-b9d5-d50083d3c43c@group-2E211A40073F-StateMachineUpdater: snapshotIndex: updateIncreasingly 14 -> 14
2019-10-10 13:54:37,338 [ForkJoinPool.commonPool-worker-1] INFO  impl.RaftServerImpl (ServerState.java:close(387)) - cd1234b5-0de1-4fd3-b9d5-d50083d3c43c@group-2E211A40073F: closes. applyIndex: 16
2019-10-10 13:54:37,338 [cd1234b5-0de1-4fd3-b9d5-d50083d3c43c@group-2E211A40073F-SegmentedRaftLogWorker] INFO  segmented.SegmentedRaftLogWorker (SegmentedRaftLogWorker.java:run(316)) - cd1234b5-0de1-4fd3-b9d5-d50083d3c43c@group-2E211A40073F-SegmentedRaftLogWorker was interrupted, exiting. There are 0 tasks remaining in the queue.
2019-10-10 13:54:37,338 [ForkJoinPool.commonPool-worker-1] INFO  segmented.SegmentedRaftLogWorker (SegmentedRaftLogWorker.java:close(224)) - cd1234b5-0de1-4fd3-b9d5-d50083d3c43c@group-2E211A40073F-SegmentedRaftLogWorker close()
2019-10-10 13:54:37,339 [grpc-default-executor-9] WARN  server.GrpcServerProtocolService (LogUtils.java:warn(134)) - 879d252b-2a05-4827-9377-7fbe1b4b2325: installSnapshot onError, lastRequest: 05e1d7c8-a800-4306-8ffe-d9206de7ec8b->879d252b-2a05-4827-9377-7fbe1b4b2325#26-t1, previous=(t:1, i:20), leaderCommit=20, initializing? false, entries: <empty>: org.apache.ratis.thirdparty.io.grpc.StatusRuntimeException: CANCELLED: cancelled before receiving half close
2019-10-10 13:54:37,342 [ForkJoinPool.commonPool-worker-1] INFO  impl.RaftServerImpl (RaftServerImpl.java:lambda$shutdown$3(247)) - cd1234b5-0de1-4fd3-b9d5-d50083d3c43c@group-1A373295362F: shutdown
2019-10-10 13:54:37,339 [main] INFO  server.GrpcService (GrpcService.java:closeImpl(172)) - 879d252b-2a05-4827-9377-7fbe1b4b2325: shutdown server with port 46261 successfully
2019-10-10 13:54:37,343 [ForkJoinPool.commonPool-worker-1] INFO  util.JmxRegister (JmxRegister.java:unregister(73)) - Successfully un-registered JMX Bean with object name Ratis:service=RaftServer,group=group-1A373295362F,id=cd1234b5-0de1-4fd3-b9d5-d50083d3c43c
2019-10-10 13:54:37,343 [grpc-default-executor-10] WARN  server.GrpcLogAppender (LogUtils.java:warn(134)) - 05e1d7c8-a800-4306-8ffe-d9206de7ec8b@group-695DAE03FDF5->879d252b-2a05-4827-9377-7fbe1b4b2325-AppendLogResponseHandler: Failed appendEntries: org.apache.ratis.thirdparty.io.grpc.StatusRuntimeException: CANCELLED: HTTP/2 error code: CANCEL
Received Rst Stream
2019-10-10 13:54:37,343 [ForkJoinPool.commonPool-worker-1] INFO  impl.RoleInfo (RoleInfo.java:shutdownLeaderState(104)) - cd1234b5-0de1-4fd3-b9d5-d50083d3c43c: shutdown LeaderState
2019-10-10 13:54:37,344 [grpc-default-executor-10] INFO  impl.FollowerInfo (FollowerInfo.java:lambda$new$0(51)) - 05e1d7c8-a800-4306-8ffe-d9206de7ec8b@group-695DAE03FDF5->879d252b-2a05-4827-9377-7fbe1b4b2325: nextIndex: updateUnconditionally 21 -> 20
2019-10-10 13:54:37,344 [ForkJoinPool.commonPool-worker-1] INFO  impl.PendingRequests (PendingRequests.java:sendNotLeaderResponses(202)) - cd1234b5-0de1-4fd3-b9d5-d50083d3c43c@group-1A373295362F-PendingRequests: sendNotLeaderResponses
2019-10-10 13:54:37,344 [ForkJoinPool.commonPool-worker-1] INFO  impl.StateMachineUpdater (StateMachineUpdater.java:stopAndJoin(136)) - cd1234b5-0de1-4fd3-b9d5-d50083d3c43c@group-1A373295362F-StateMachineUpdater: set stopIndex = 0
2019-10-10 13:54:37,345 [ForkJoinPool.commonPool-worker-1] INFO  impl.RaftServerImpl (ServerState.java:close(387)) - cd1234b5-0de1-4fd3-b9d5-d50083d3c43c@group-1A373295362F: closes. applyIndex: 0
2019-10-10 13:54:37,345 [cd1234b5-0de1-4fd3-b9d5-d50083d3c43c@group-1A373295362F-SegmentedRaftLogWorker] INFO  segmented.SegmentedRaftLogWorker (SegmentedRaftLogWorker.java:run(316)) - cd1234b5-0de1-4fd3-b9d5-d50083d3c43c@group-1A373295362F-SegmentedRaftLogWorker was interrupted, exiting. There are 0 tasks remaining in the queue.
2019-10-10 13:54:37,345 [ForkJoinPool.commonPool-worker-1] INFO  segmented.SegmentedRaftLogWorker (SegmentedRaftLogWorker.java:close(224)) - cd1234b5-0de1-4fd3-b9d5-d50083d3c43c@group-1A373295362F-SegmentedRaftLogWorker close()
2019-10-10 13:54:37,348 [ForkJoinPool.commonPool-worker-1] INFO  server.GrpcService (GrpcService.java:closeImpl(164)) - cd1234b5-0de1-4fd3-b9d5-d50083d3c43c: shutdown server with port 45782 now
2019-10-10 13:54:37,358 [grpc-default-executor-9] WARN  client.GrpcClientProtocolService (LogUtils.java:warn(134)) - 1-UnorderedRequestStreamObserver1: onError: org.apache.ratis.thirdparty.io.grpc.StatusRuntimeException: CANCELLED: cancelled before receiving half close
2019-10-10 13:54:37,358 [refreshUsed-/workdir/hadoop-ozone/integration-test/target/test-dir/MiniOzoneClusterImpl-94337b2b-47d0-4fc3-ad18-0e9fb5ac94e5/datanode-3/data/containers] WARN  fs.CachingGetSpaceUsed (CachingGetSpaceUsed.java:run(183)) - Thread Interrupted waiting to refresh disk information: sleep interrupted
2019-10-10 13:54:37,358 [ForkJoinPool.commonPool-worker-1] INFO  server.GrpcService (GrpcService.java:closeImpl(172)) - cd1234b5-0de1-4fd3-b9d5-d50083d3c43c: shutdown server with port 45782 successfully
2019-10-10 13:54:37,363 [refreshUsed-/workdir/hadoop-ozone/integration-test/target/test-dir/MiniOzoneClusterImpl-94337b2b-47d0-4fc3-ad18-0e9fb5ac94e5/datanode-2/data/containers] WARN  fs.CachingGetSpaceUsed (CachingGetSpaceUsed.java:run(183)) - Thread Interrupted waiting to refresh disk information: sleep interrupted
2019-10-10 13:54:37,376 [ForkJoinPool.commonPool-worker-1] INFO  utils.BackgroundService (BackgroundService.java:shutdown(151)) - Shutting down service BlockDeletingService
2019-10-10 13:54:37,382 [ForkJoinPool.commonPool-worker-1] INFO  statemachine.DatanodeStateMachine (DatanodeStateMachine.java:stopDaemon(395)) - Ozone container server stopped.
2019-10-10 13:54:37,387 [ForkJoinPool.commonPool-worker-1] INFO  handler.ContextHandler (ContextHandler.java:doStop(910)) - Stopped o.e.j.w.WebAppContext@720a1fd0{/,null,UNAVAILABLE}{/hddsDatanode}
2019-10-10 13:54:37,387 [ForkJoinPool.commonPool-worker-1] INFO  server.AbstractConnector (AbstractConnector.java:doStop(318)) - Stopped ServerConnector@5ab7ac02{HTTP/1.1,[http/1.1]}{0.0.0.0:0}
2019-10-10 13:54:37,387 [main] INFO  utils.BackgroundService (BackgroundService.java:shutdown(151)) - Shutting down service BlockDeletingService
2019-10-10 13:54:37,388 [ForkJoinPool.commonPool-worker-1] INFO  handler.ContextHandler (ContextHandler.java:doStop(910)) - Stopped o.e.j.s.ServletContextHandler@3212d853{/static,jar:file:/home/user/.m2/repository/org/apache/hadoop/hadoop-hdds-container-service/0.5.0-SNAPSHOT/hadoop-hdds-container-service-0.5.0-SNAPSHOT.jar!/webapps/static,UNAVAILABLE}
2019-10-10 13:54:37,388 [ForkJoinPool.commonPool-worker-1] INFO  handler.ContextHandler (ContextHandler.java:doStop(910)) - Stopped o.e.j.s.ServletContextHandler@60fc7f43{/logs,file:///workdir/hadoop-ozone/integration-test/target/log,UNAVAILABLE}
2019-10-10 13:54:37,394 [main] INFO  statemachine.DatanodeStateMachine (DatanodeStateMachine.java:stopDaemon(395)) - Ozone container server stopped.
2019-10-10 13:54:37,395 [main] INFO  handler.ContextHandler (ContextHandler.java:doStop(910)) - Stopped o.e.j.w.WebAppContext@4a9869a8{/,null,UNAVAILABLE}{/hddsDatanode}
2019-10-10 13:54:37,395 [main] INFO  server.AbstractConnector (AbstractConnector.java:doStop(318)) - Stopped ServerConnector@75e0a54c{HTTP/1.1,[http/1.1]}{0.0.0.0:0}
2019-10-10 13:54:37,396 [main] INFO  handler.ContextHandler (ContextHandler.java:doStop(910)) - Stopped o.e.j.s.ServletContextHandler@faec277{/static,jar:file:/home/user/.m2/repository/org/apache/hadoop/hadoop-hdds-container-service/0.5.0-SNAPSHOT/hadoop-hdds-container-service-0.5.0-SNAPSHOT.jar!/webapps/static,UNAVAILABLE}
2019-10-10 13:54:37,396 [main] INFO  handler.ContextHandler (ContextHandler.java:doStop(910)) - Stopped o.e.j.s.ServletContextHandler@6f0c45f4{/logs,file:///workdir/hadoop-ozone/integration-test/target/log,UNAVAILABLE}
2019-10-10 13:54:37,693 [Datanode State Machine Thread - 0] INFO  statemachine.DatanodeStateMachine (DatanodeStateMachine.java:lambda$startDaemon$0(350)) - Ozone container server started.
2019-10-10 13:54:38,036 [Datanode State Machine Thread - 0] INFO  statemachine.DatanodeStateMachine (DatanodeStateMachine.java:lambda$startDaemon$0(350)) - Ozone container server started.
2019-10-10 13:54:39,589 [grpc-default-executor-8] WARN  server.GrpcLogAppender (LogUtils.java:warn(134)) - 05e1d7c8-a800-4306-8ffe-d9206de7ec8b@group-695DAE03FDF5->879d252b-2a05-4827-9377-7fbe1b4b2325-AppendLogResponseHandler: Failed appendEntries: org.apache.ratis.thirdparty.io.grpc.StatusRuntimeException: UNAVAILABLE: io exception
2019-10-10 13:54:39,589 [grpc-default-executor-8] INFO  impl.FollowerInfo (FollowerInfo.java:lambda$new$0(51)) - 05e1d7c8-a800-4306-8ffe-d9206de7ec8b@group-695DAE03FDF5->879d252b-2a05-4827-9377-7fbe1b4b2325: nextIndex: updateUnconditionally 20 -> 19
2019-10-10 13:54:41,117 [Thread-4091] INFO  impl.FollowerState (FollowerState.java:run(108)) - eb8bd58c-94df-4b53-a658-943c19ea9612@group-2E211A40073F-FollowerState: change to CANDIDATE, lastRpcTime:6241ms, electionTimeout:5200ms
2019-10-10 13:54:41,118 [Thread-4091] INFO  impl.RoleInfo (RoleInfo.java:shutdownFollowerState(121)) - eb8bd58c-94df-4b53-a658-943c19ea9612: shutdown FollowerState
2019-10-10 13:54:41,118 [Thread-4091] INFO  impl.RaftServerImpl (RaftServerImpl.java:setRole(170)) - eb8bd58c-94df-4b53-a658-943c19ea9612@group-2E211A40073F: changes role from  FOLLOWER to CANDIDATE at term 1 for changeToCandidate
2019-10-10 13:54:41,119 [Thread-4091] INFO  impl.RoleInfo (RoleInfo.java:updateAndGet(143)) - eb8bd58c-94df-4b53-a658-943c19ea9612: start LeaderElection
2019-10-10 13:54:41,123 [eb8bd58c-94df-4b53-a658-943c19ea9612@group-2E211A40073F-LeaderElection98] INFO  impl.RaftServerImpl (ServerState.java:setLeader(255)) - eb8bd58c-94df-4b53-a658-943c19ea9612@group-2E211A40073F: change Leader from cd1234b5-0de1-4fd3-b9d5-d50083d3c43c to null at term 1 for initElection
2019-10-10 13:54:41,145 [eb8bd58c-94df-4b53-a658-943c19ea9612@group-2E211A40073F-LeaderElection98] INFO  impl.LeaderElection (LeaderElection.java:askForVotes(178)) - eb8bd58c-94df-4b53-a658-943c19ea9612@group-2E211A40073F-LeaderElection98: begin an election at term 2 for 0: [54a8b3b1-cb59-4956-9183-4f9844315b90:192.168.164.230:43616, cd1234b5-0de1-4fd3-b9d5-d50083d3c43c:192.168.164.230:45782, eb8bd58c-94df-4b53-a658-943c19ea9612:192.168.164.230:32970], old=null
2019-10-10 13:54:41,148 [eb8bd58c-94df-4b53-a658-943c19ea9612@group-2E211A40073F-LeaderElection98] INFO  impl.LeaderElection (LogUtils.java:infoOrTrace(149)) - eb8bd58c-94df-4b53-a658-943c19ea9612@group-2E211A40073F-LeaderElection98 got exception when requesting votes: {}
java.util.concurrent.ExecutionException: org.apache.ratis.thirdparty.io.grpc.StatusRuntimeException: UNAVAILABLE: io exception
	at java.util.concurrent.FutureTask.report(FutureTask.java:122)
	at java.util.concurrent.FutureTask.get(FutureTask.java:192)
	at org.apache.ratis.server.impl.LeaderElection.waitForResults(LeaderElection.java:259)
	at org.apache.ratis.server.impl.LeaderElection.askForVotes(LeaderElection.java:197)
	at org.apache.ratis.server.impl.LeaderElection.run(LeaderElection.java:133)
	at java.lang.Thread.run(Thread.java:748)
Caused by: org.apache.ratis.thirdparty.io.grpc.StatusRuntimeException: UNAVAILABLE: io exception
	at org.apache.ratis.thirdparty.io.grpc.stub.ClientCalls.toStatusRuntimeException(ClientCalls.java:233)
	at org.apache.ratis.thirdparty.io.grpc.stub.ClientCalls.getUnchecked(ClientCalls.java:214)
	at org.apache.ratis.thirdparty.io.grpc.stub.ClientCalls.blockingUnaryCall(ClientCalls.java:139)
	at org.apache.ratis.proto.grpc.RaftServerProtocolServiceGrpc$RaftServerProtocolServiceBlockingStub.requestVote(RaftServerProtocolServiceGrpc.java:265)
	at org.apache.ratis.grpc.server.GrpcServerProtocolClient.requestVote(GrpcServerProtocolClient.java:99)
	at org.apache.ratis.grpc.server.GrpcService.requestVote(GrpcService.java:204)
	at org.apache.ratis.server.impl.LeaderElection.lambda$submitRequests$1(LeaderElection.java:234)
	at java.util.concurrent.FutureTask.run(FutureTask.java:266)
	at java.util.concurrent.Executors$RunnableAdapter.call(Executors.java:511)
	at java.util.concurrent.FutureTask.run(FutureTask.java:266)
	at java.util.concurrent.ThreadPoolExecutor.runWorker(ThreadPoolExecutor.java:1149)
	at java.util.concurrent.ThreadPoolExecutor$Worker.run(ThreadPoolExecutor.java:624)
	... 1 more
Caused by: org.apache.ratis.thirdparty.io.netty.channel.AbstractChannel$AnnotatedConnectException: Connection refused: /192.168.164.230:45782
	at sun.nio.ch.SocketChannelImpl.checkConnect(Native Method)
	at sun.nio.ch.SocketChannelImpl.finishConnect(SocketChannelImpl.java:717)
	at org.apache.ratis.thirdparty.io.netty.channel.socket.nio.NioSocketChannel.doFinishConnect(NioSocketChannel.java:327)
	at org.apache.ratis.thirdparty.io.netty.channel.nio.AbstractNioChannel$AbstractNioUnsafe.finishConnect(AbstractNioChannel.java:340)
	at org.apache.ratis.thirdparty.io.netty.channel.nio.NioEventLoop.processSelectedKey(NioEventLoop.java:632)
	at org.apache.ratis.thirdparty.io.netty.channel.nio.NioEventLoop.processSelectedKeysOptimized(NioEventLoop.java:579)
	at org.apache.ratis.thirdparty.io.netty.channel.nio.NioEventLoop.processSelectedKeys(NioEventLoop.java:496)
	at org.apache.ratis.thirdparty.io.netty.channel.nio.NioEventLoop.run(NioEventLoop.java:458)
	at org.apache.ratis.thirdparty.io.netty.util.concurrent.SingleThreadEventExecutor$5.run(SingleThreadEventExecutor.java:897)
	at org.apache.ratis.thirdparty.io.netty.util.concurrent.FastThreadLocalRunnable.run(FastThreadLocalRunnable.java:30)
	... 1 more
Caused by: java.net.ConnectException: Connection refused
	... 11 more
2019-10-10 13:54:41,167 [eb8bd58c-94df-4b53-a658-943c19ea9612@group-2E211A40073F-LeaderElection98] INFO  impl.LeaderElection (LogUtils.java:infoOrTrace(149)) - eb8bd58c-94df-4b53-a658-943c19ea9612@group-2E211A40073F-LeaderElection98 got exception when requesting votes: {}
java.util.concurrent.ExecutionException: org.apache.ratis.thirdparty.io.grpc.StatusRuntimeException: UNAVAILABLE: io exception
	at java.util.concurrent.FutureTask.report(FutureTask.java:122)
	at java.util.concurrent.FutureTask.get(FutureTask.java:192)
	at org.apache.ratis.server.impl.LeaderElection.waitForResults(LeaderElection.java:259)
	at org.apache.ratis.server.impl.LeaderElection.askForVotes(LeaderElection.java:197)
	at org.apache.ratis.server.impl.LeaderElection.run(LeaderElection.java:133)
	at java.lang.Thread.run(Thread.java:748)
Caused by: org.apache.ratis.thirdparty.io.grpc.StatusRuntimeException: UNAVAILABLE: io exception
	at org.apache.ratis.thirdparty.io.grpc.stub.ClientCalls.toStatusRuntimeException(ClientCalls.java:233)
	at org.apache.ratis.thirdparty.io.grpc.stub.ClientCalls.getUnchecked(ClientCalls.java:214)
	at org.apache.ratis.thirdparty.io.grpc.stub.ClientCalls.blockingUnaryCall(ClientCalls.java:139)
	at org.apache.ratis.proto.grpc.RaftServerProtocolServiceGrpc$RaftServerProtocolServiceBlockingStub.requestVote(RaftServerProtocolServiceGrpc.java:265)
	at org.apache.ratis.grpc.server.GrpcServerProtocolClient.requestVote(GrpcServerProtocolClient.java:99)
	at org.apache.ratis.grpc.server.GrpcService.requestVote(GrpcService.java:204)
	at org.apache.ratis.server.impl.LeaderElection.lambda$submitRequests$1(LeaderElection.java:234)
	at java.util.concurrent.FutureTask.run(FutureTask.java:266)
	at java.util.concurrent.Executors$RunnableAdapter.call(Executors.java:511)
	at java.util.concurrent.FutureTask.run(FutureTask.java:266)
	at java.util.concurrent.ThreadPoolExecutor.runWorker(ThreadPoolExecutor.java:1149)
	at java.util.concurrent.ThreadPoolExecutor$Worker.run(ThreadPoolExecutor.java:624)
	... 1 more
Caused by: org.apache.ratis.thirdparty.io.netty.channel.AbstractChannel$AnnotatedConnectException: Connection refused: /192.168.164.230:43616
	at sun.nio.ch.SocketChannelImpl.checkConnect(Native Method)
	at sun.nio.ch.SocketChannelImpl.finishConnect(SocketChannelImpl.java:717)
	at org.apache.ratis.thirdparty.io.netty.channel.socket.nio.NioSocketChannel.doFinishConnect(NioSocketChannel.java:327)
	at org.apache.ratis.thirdparty.io.netty.channel.nio.AbstractNioChannel$AbstractNioUnsafe.finishConnect(AbstractNioChannel.java:340)
	at org.apache.ratis.thirdparty.io.netty.channel.nio.NioEventLoop.processSelectedKey(NioEventLoop.java:632)
	at org.apache.ratis.thirdparty.io.netty.channel.nio.NioEventLoop.processSelectedKeysOptimized(NioEventLoop.java:579)
	at org.apache.ratis.thirdparty.io.netty.channel.nio.NioEventLoop.processSelectedKeys(NioEventLoop.java:496)
	at org.apache.ratis.thirdparty.io.netty.channel.nio.NioEventLoop.run(NioEventLoop.java:458)
	at org.apache.ratis.thirdparty.io.netty.util.concurrent.SingleThreadEventExecutor$5.run(SingleThreadEventExecutor.java:897)
	at org.apache.ratis.thirdparty.io.netty.util.concurrent.FastThreadLocalRunnable.run(FastThreadLocalRunnable.java:30)
	... 1 more
Caused by: java.net.ConnectException: Connection refused
	... 11 more
2019-10-10 13:54:41,169 [eb8bd58c-94df-4b53-a658-943c19ea9612@group-2E211A40073F-LeaderElection98] INFO  impl.LeaderElection (LeaderElection.java:logAndReturn(56)) - eb8bd58c-94df-4b53-a658-943c19ea9612@group-2E211A40073F-LeaderElection98: Election REJECTED; received 0 response(s) [] and 2 exception(s); eb8bd58c-94df-4b53-a658-943c19ea9612@group-2E211A40073F:t2, leader=null, voted=eb8bd58c-94df-4b53-a658-943c19ea9612, raftlog=eb8bd58c-94df-4b53-a658-943c19ea9612@group-2E211A40073F-SegmentedRaftLog:OPENED:c16,f16,i16, conf=0: [54a8b3b1-cb59-4956-9183-4f9844315b90:192.168.164.230:43616, cd1234b5-0de1-4fd3-b9d5-d50083d3c43c:192.168.164.230:45782, eb8bd58c-94df-4b53-a658-943c19ea9612:192.168.164.230:32970], old=null
2019-10-10 13:54:41,169 [eb8bd58c-94df-4b53-a658-943c19ea9612@group-2E211A40073F-LeaderElection98] INFO  impl.LeaderElection (LogUtils.java:infoOrTrace(149)) -   Exception 0: {}
java.util.concurrent.ExecutionException: org.apache.ratis.thirdparty.io.grpc.StatusRuntimeException: UNAVAILABLE: io exception
	at java.util.concurrent.FutureTask.report(FutureTask.java:122)
	at java.util.concurrent.FutureTask.get(FutureTask.java:192)
	at org.apache.ratis.server.impl.LeaderElection.waitForResults(LeaderElection.java:259)
	at org.apache.ratis.server.impl.LeaderElection.askForVotes(LeaderElection.java:197)
	at org.apache.ratis.server.impl.LeaderElection.run(LeaderElection.java:133)
	at java.lang.Thread.run(Thread.java:748)
Caused by: org.apache.ratis.thirdparty.io.grpc.StatusRuntimeException: UNAVAILABLE: io exception
	at org.apache.ratis.thirdparty.io.grpc.stub.ClientCalls.toStatusRuntimeException(ClientCalls.java:233)
	at org.apache.ratis.thirdparty.io.grpc.stub.ClientCalls.getUnchecked(ClientCalls.java:214)
	at org.apache.ratis.thirdparty.io.grpc.stub.ClientCalls.blockingUnaryCall(ClientCalls.java:139)
	at org.apache.ratis.proto.grpc.RaftServerProtocolServiceGrpc$RaftServerProtocolServiceBlockingStub.requestVote(RaftServerProtocolServiceGrpc.java:265)
	at org.apache.ratis.grpc.server.GrpcServerProtocolClient.requestVote(GrpcServerProtocolClient.java:99)
	at org.apache.ratis.grpc.server.GrpcService.requestVote(GrpcService.java:204)
	at org.apache.ratis.server.impl.LeaderElection.lambda$submitRequests$1(LeaderElection.java:234)
	at java.util.concurrent.FutureTask.run(FutureTask.java:266)
	at java.util.concurrent.Executors$RunnableAdapter.call(Executors.java:511)
	at java.util.concurrent.FutureTask.run(FutureTask.java:266)
	at java.util.concurrent.ThreadPoolExecutor.runWorker(ThreadPoolExecutor.java:1149)
	at java.util.concurrent.ThreadPoolExecutor$Worker.run(ThreadPoolExecutor.java:624)
	... 1 more
Caused by: org.apache.ratis.thirdparty.io.netty.channel.AbstractChannel$AnnotatedConnectException: Connection refused: /192.168.164.230:45782
	at sun.nio.ch.SocketChannelImpl.checkConnect(Native Method)
	at sun.nio.ch.SocketChannelImpl.finishConnect(SocketChannelImpl.java:717)
	at org.apache.ratis.thirdparty.io.netty.channel.socket.nio.NioSocketChannel.doFinishConnect(NioSocketChannel.java:327)
	at org.apache.ratis.thirdparty.io.netty.channel.nio.AbstractNioChannel$AbstractNioUnsafe.finishConnect(AbstractNioChannel.java:340)
	at org.apache.ratis.thirdparty.io.netty.channel.nio.NioEventLoop.processSelectedKey(NioEventLoop.java:632)
	at org.apache.ratis.thirdparty.io.netty.channel.nio.NioEventLoop.processSelectedKeysOptimized(NioEventLoop.java:579)
	at org.apache.ratis.thirdparty.io.netty.channel.nio.NioEventLoop.processSelectedKeys(NioEventLoop.java:496)
	at org.apache.ratis.thirdparty.io.netty.channel.nio.NioEventLoop.run(NioEventLoop.java:458)
	at org.apache.ratis.thirdparty.io.netty.util.concurrent.SingleThreadEventExecutor$5.run(SingleThreadEventExecutor.java:897)
	at org.apache.ratis.thirdparty.io.netty.util.concurrent.FastThreadLocalRunnable.run(FastThreadLocalRunnable.java:30)
	... 1 more
Caused by: java.net.ConnectException: Connection refused
	... 11 more
2019-10-10 13:54:41,170 [eb8bd58c-94df-4b53-a658-943c19ea9612@group-2E211A40073F-LeaderElection98] INFO  impl.LeaderElection (LogUtils.java:infoOrTrace(149)) -   Exception 1: {}
java.util.concurrent.ExecutionException: org.apache.ratis.thirdparty.io.grpc.StatusRuntimeException: UNAVAILABLE: io exception
	at java.util.concurrent.FutureTask.report(FutureTask.java:122)
	at java.util.concurrent.FutureTask.get(FutureTask.java:192)
	at org.apache.ratis.server.impl.LeaderElection.waitForResults(LeaderElection.java:259)
	at org.apache.ratis.server.impl.LeaderElection.askForVotes(LeaderElection.java:197)
	at org.apache.ratis.server.impl.LeaderElection.run(LeaderElection.java:133)
	at java.lang.Thread.run(Thread.java:748)
Caused by: org.apache.ratis.thirdparty.io.grpc.StatusRuntimeException: UNAVAILABLE: io exception
	at org.apache.ratis.thirdparty.io.grpc.stub.ClientCalls.toStatusRuntimeException(ClientCalls.java:233)
	at org.apache.ratis.thirdparty.io.grpc.stub.ClientCalls.getUnchecked(ClientCalls.java:214)
	at org.apache.ratis.thirdparty.io.grpc.stub.ClientCalls.blockingUnaryCall(ClientCalls.java:139)
	at org.apache.ratis.proto.grpc.RaftServerProtocolServiceGrpc$RaftServerProtocolServiceBlockingStub.requestVote(RaftServerProtocolServiceGrpc.java:265)
	at org.apache.ratis.grpc.server.GrpcServerProtocolClient.requestVote(GrpcServerProtocolClient.java:99)
	at org.apache.ratis.grpc.server.GrpcService.requestVote(GrpcService.java:204)
	at org.apache.ratis.server.impl.LeaderElection.lambda$submitRequests$1(LeaderElection.java:234)
	at java.util.concurrent.FutureTask.run(FutureTask.java:266)
	at java.util.concurrent.Executors$RunnableAdapter.call(Executors.java:511)
	at java.util.concurrent.FutureTask.run(FutureTask.java:266)
	at java.util.concurrent.ThreadPoolExecutor.runWorker(ThreadPoolExecutor.java:1149)
	at java.util.concurrent.ThreadPoolExecutor$Worker.run(ThreadPoolExecutor.java:624)
	... 1 more
Caused by: org.apache.ratis.thirdparty.io.netty.channel.AbstractChannel$AnnotatedConnectException: Connection refused: /192.168.164.230:43616
	at sun.nio.ch.SocketChannelImpl.checkConnect(Native Method)
	at sun.nio.ch.SocketChannelImpl.finishConnect(SocketChannelImpl.java:717)
	at org.apache.ratis.thirdparty.io.netty.channel.socket.nio.NioSocketChannel.doFinishConnect(NioSocketChannel.java:327)
	at org.apache.ratis.thirdparty.io.netty.channel.nio.AbstractNioChannel$AbstractNioUnsafe.finishConnect(AbstractNioChannel.java:340)
	at org.apache.ratis.thirdparty.io.netty.channel.nio.NioEventLoop.processSelectedKey(NioEventLoop.java:632)
	at org.apache.ratis.thirdparty.io.netty.channel.nio.NioEventLoop.processSelectedKeysOptimized(NioEventLoop.java:579)
	at org.apache.ratis.thirdparty.io.netty.channel.nio.NioEventLoop.processSelectedKeys(NioEventLoop.java:496)
	at org.apache.ratis.thirdparty.io.netty.channel.nio.NioEventLoop.run(NioEventLoop.java:458)
	at org.apache.ratis.thirdparty.io.netty.util.concurrent.SingleThreadEventExecutor$5.run(SingleThreadEventExecutor.java:897)
	at org.apache.ratis.thirdparty.io.netty.util.concurrent.FastThreadLocalRunnable.run(FastThreadLocalRunnable.java:30)
	... 1 more
Caused by: java.net.ConnectException: Connection refused
	... 11 more
2019-10-10 13:54:41,170 [eb8bd58c-94df-4b53-a658-943c19ea9612@group-2E211A40073F-LeaderElection98] INFO  impl.RaftServerImpl (RaftServerImpl.java:setRole(170)) - eb8bd58c-94df-4b53-a658-943c19ea9612@group-2E211A40073F: changes role from CANDIDATE to FOLLOWER at term 2 for DISCOVERED_A_NEW_TERM
2019-10-10 13:54:41,170 [eb8bd58c-94df-4b53-a658-943c19ea9612@group-2E211A40073F-LeaderElection98] INFO  impl.RoleInfo (RoleInfo.java:shutdownLeaderElection(134)) - eb8bd58c-94df-4b53-a658-943c19ea9612: shutdown LeaderElection
2019-10-10 13:54:41,170 [eb8bd58c-94df-4b53-a658-943c19ea9612@group-2E211A40073F-LeaderElection98] INFO  impl.RoleInfo (RoleInfo.java:updateAndGet(143)) - eb8bd58c-94df-4b53-a658-943c19ea9612: start FollowerState
2019-10-10 13:54:41,710 [EventQueue-StaleNodeForStaleNodeHandler] INFO  node.StaleNodeHandler (StaleNodeHandler.java:onMessage(58)) - Datanode eb8bd58c-94df-4b53-a658-943c19ea9612{ip: 192.168.164.230, host: pr-hdds-2280-tn9v7-3755420433, networkLocation: /default-rack, certSerialId: null} moved to stale state. Finalizing its pipelines [PipelineID=9d24df39-e9ac-42ac-b6f1-2e211a40073f, PipelineID=05cbcff1-da0a-4a64-ae45-4977270b342a]
2019-10-10 13:54:41,718 [EventQueue-StaleNodeForStaleNodeHandler] INFO  pipeline.SCMPipelineManager (SCMPipelineManager.java:finalizeAndDestroyPipeline(315)) - destroying pipeline:Pipeline[ Id: 9d24df39-e9ac-42ac-b6f1-2e211a40073f, Nodes: eb8bd58c-94df-4b53-a658-943c19ea9612{ip: 192.168.164.230, host: pr-hdds-2280-tn9v7-3755420433, networkLocation: /default-rack, certSerialId: null}54a8b3b1-cb59-4956-9183-4f9844315b90{ip: 192.168.164.230, host: pr-hdds-2280-tn9v7-3755420433, networkLocation: /default-rack, certSerialId: null}cd1234b5-0de1-4fd3-b9d5-d50083d3c43c{ip: 192.168.164.230, host: pr-hdds-2280-tn9v7-3755420433, networkLocation: /default-rack, certSerialId: null}, Type:RATIS, Factor:THREE, State:CLOSED]
2019-10-10 13:54:41,719 [EventQueue-StaleNodeForStaleNodeHandler] INFO  pipeline.SCMPipelineManager (SCMPipelineManager.java:finalizeAndDestroyPipeline(315)) - destroying pipeline:Pipeline[ Id: 05cbcff1-da0a-4a64-ae45-4977270b342a, Nodes: eb8bd58c-94df-4b53-a658-943c19ea9612{ip: 192.168.164.230, host: pr-hdds-2280-tn9v7-3755420433, networkLocation: /default-rack, certSerialId: null}, Type:RATIS, Factor:ONE, State:OPEN]
2019-10-10 13:54:41,719 [EventQueue-StaleNodeForStaleNodeHandler] INFO  pipeline.PipelineStateManager (PipelineStateManager.java:finalizePipeline(123)) - Pipeline Pipeline[ Id: 05cbcff1-da0a-4a64-ae45-4977270b342a, Nodes: eb8bd58c-94df-4b53-a658-943c19ea9612{ip: 192.168.164.230, host: pr-hdds-2280-tn9v7-3755420433, networkLocation: /default-rack, certSerialId: null}, Type:RATIS, Factor:ONE, State:CLOSED] moved to CLOSED state
2019-10-10 13:54:42,091 [grpc-default-executor-9] WARN  server.GrpcLogAppender (LogUtils.java:warn(134)) - 05e1d7c8-a800-4306-8ffe-d9206de7ec8b@group-695DAE03FDF5->879d252b-2a05-4827-9377-7fbe1b4b2325-AppendLogResponseHandler: Failed appendEntries: org.apache.ratis.thirdparty.io.grpc.StatusRuntimeException: UNAVAILABLE: io exception
2019-10-10 13:54:42,096 [grpc-default-executor-9] INFO  impl.FollowerInfo (FollowerInfo.java:lambda$new$0(51)) - 05e1d7c8-a800-4306-8ffe-d9206de7ec8b@group-695DAE03FDF5->879d252b-2a05-4827-9377-7fbe1b4b2325: nextIndex: updateUnconditionally 19 -> 18
2019-10-10 13:54:42,110 [EventQueue-StaleNodeForStaleNodeHandler] INFO  node.StaleNodeHandler (StaleNodeHandler.java:onMessage(58)) - Datanode 05e1d7c8-a800-4306-8ffe-d9206de7ec8b{ip: 192.168.164.230, host: pr-hdds-2280-tn9v7-3755420433, networkLocation: /default-rack, certSerialId: null} moved to stale state. Finalizing its pipelines [PipelineID=a0542868-a800-4c3a-af97-695dae03fdf5, PipelineID=e8da1c30-7a35-47fb-b68f-d4652daed68d]
2019-10-10 13:54:42,111 [EventQueue-StaleNodeForStaleNodeHandler] INFO  pipeline.SCMPipelineManager (SCMPipelineManager.java:finalizeAndDestroyPipeline(315)) - destroying pipeline:Pipeline[ Id: a0542868-a800-4c3a-af97-695dae03fdf5, Nodes: 879d252b-2a05-4827-9377-7fbe1b4b2325{ip: 192.168.164.230, host: pr-hdds-2280-tn9v7-3755420433, networkLocation: /default-rack, certSerialId: null}af1b0ec7-0cc6-47df-a217-7d3b9288f5b8{ip: 192.168.164.230, host: pr-hdds-2280-tn9v7-3755420433, networkLocation: /default-rack, certSerialId: null}05e1d7c8-a800-4306-8ffe-d9206de7ec8b{ip: 192.168.164.230, host: pr-hdds-2280-tn9v7-3755420433, networkLocation: /default-rack, certSerialId: null}, Type:RATIS, Factor:THREE, State:CLOSED]
2019-10-10 13:54:42,111 [EventQueue-StaleNodeForStaleNodeHandler] INFO  pipeline.SCMPipelineManager (SCMPipelineManager.java:finalizeAndDestroyPipeline(315)) - destroying pipeline:Pipeline[ Id: e8da1c30-7a35-47fb-b68f-d4652daed68d, Nodes: 05e1d7c8-a800-4306-8ffe-d9206de7ec8b{ip: 192.168.164.230, host: pr-hdds-2280-tn9v7-3755420433, networkLocation: /default-rack, certSerialId: null}, Type:RATIS, Factor:ONE, State:OPEN]
2019-10-10 13:54:42,111 [EventQueue-StaleNodeForStaleNodeHandler] INFO  pipeline.PipelineStateManager (PipelineStateManager.java:finalizePipeline(123)) - Pipeline Pipeline[ Id: e8da1c30-7a35-47fb-b68f-d4652daed68d, Nodes: 05e1d7c8-a800-4306-8ffe-d9206de7ec8b{ip: 192.168.164.230, host: pr-hdds-2280-tn9v7-3755420433, networkLocation: /default-rack, certSerialId: null}, Type:RATIS, Factor:ONE, State:CLOSED] moved to CLOSED state
2019-10-10 13:54:42,396 [ForkJoinPool.commonPool-worker-1] INFO  ozoneimpl.OzoneContainer (OzoneContainer.java:stop(227)) - Attempting to stop container services.
2019-10-10 13:54:42,400 [main] INFO  ozoneimpl.OzoneContainer (OzoneContainer.java:stop(227)) - Attempting to stop container services.
2019-10-10 13:54:42,401 [ForkJoinPool.commonPool-worker-1] INFO  impl.RaftServerProxy (RaftServerProxy.java:lambda$close$4(314)) - eb8bd58c-94df-4b53-a658-943c19ea9612: close
2019-10-10 13:54:42,401 [main] INFO  impl.RaftServerProxy (RaftServerProxy.java:lambda$close$4(314)) - 05e1d7c8-a800-4306-8ffe-d9206de7ec8b: close
2019-10-10 13:54:42,402 [ForkJoinPool.commonPool-worker-1] INFO  impl.RaftServerImpl (RaftServerImpl.java:lambda$shutdown$3(247)) - eb8bd58c-94df-4b53-a658-943c19ea9612@group-2E211A40073F: shutdown
2019-10-10 13:54:42,402 [main] INFO  impl.RaftServerImpl (RaftServerImpl.java:lambda$shutdown$3(247)) - 05e1d7c8-a800-4306-8ffe-d9206de7ec8b@group-695DAE03FDF5: shutdown
2019-10-10 13:54:42,402 [ForkJoinPool.commonPool-worker-1] INFO  util.JmxRegister (JmxRegister.java:unregister(73)) - Successfully un-registered JMX Bean with object name Ratis:service=RaftServer,group=group-2E211A40073F,id=eb8bd58c-94df-4b53-a658-943c19ea9612
2019-10-10 13:54:42,402 [main] INFO  util.JmxRegister (JmxRegister.java:unregister(73)) - Successfully un-registered JMX Bean with object name Ratis:service=RaftServer,group=group-695DAE03FDF5,id=05e1d7c8-a800-4306-8ffe-d9206de7ec8b
2019-10-10 13:54:42,403 [ForkJoinPool.commonPool-worker-1] INFO  impl.RoleInfo (RoleInfo.java:shutdownFollowerState(121)) - eb8bd58c-94df-4b53-a658-943c19ea9612: shutdown FollowerState
2019-10-10 13:54:42,403 [main] INFO  impl.RoleInfo (RoleInfo.java:shutdownLeaderState(104)) - 05e1d7c8-a800-4306-8ffe-d9206de7ec8b: shutdown LeaderState
2019-10-10 13:54:42,404 [Thread-4322] INFO  impl.FollowerState (FollowerState.java:run(117)) - eb8bd58c-94df-4b53-a658-943c19ea9612@group-2E211A40073F-FollowerState was interrupted: java.lang.InterruptedException: sleep interrupted
2019-10-10 13:54:42,404 [eb8bd58c-94df-4b53-a658-943c19ea9612@group-2E211A40073F-StateMachineUpdater] INFO  ratis.ContainerStateMachine (ContainerStateMachine.java:takeSnapshot(294)) - group-2E211A40073F: Taking a snapshot at:(t:1, i:16) file /workdir/hadoop-ozone/integration-test/target/test-dir/MiniOzoneClusterImpl-94337b2b-47d0-4fc3-ad18-0e9fb5ac94e5/datanode-0/data/ratis/9d24df39-e9ac-42ac-b6f1-2e211a40073f/sm/snapshot.1_16
2019-10-10 13:54:42,404 [ForkJoinPool.commonPool-worker-1] INFO  impl.StateMachineUpdater (StateMachineUpdater.java:stopAndJoin(136)) - eb8bd58c-94df-4b53-a658-943c19ea9612@group-2E211A40073F-StateMachineUpdater: set stopIndex = 16
2019-10-10 13:54:42,409 [org.apache.ratis.server.impl.LogAppender$AppenderDaemon$$Lambda$576/1019156160@4702b300] WARN  server.GrpcLogAppender (GrpcLogAppender.java:mayWait(143)) - 05e1d7c8-a800-4306-8ffe-d9206de7ec8b@group-695DAE03FDF5->af1b0ec7-0cc6-47df-a217-7d3b9288f5b8-GrpcLogAppender: Wait interrupted by java.lang.InterruptedException
2019-10-10 13:54:42,409 [main] INFO  impl.PendingRequests (PendingRequests.java:sendNotLeaderResponses(202)) - 05e1d7c8-a800-4306-8ffe-d9206de7ec8b@group-695DAE03FDF5-PendingRequests: sendNotLeaderResponses
2019-10-10 13:54:42,411 [org.apache.ratis.server.impl.LogAppender$AppenderDaemon$$Lambda$576/1019156160@587bea4c] WARN  server.GrpcLogAppender (GrpcLogAppender.java:mayWait(143)) - 05e1d7c8-a800-4306-8ffe-d9206de7ec8b@group-695DAE03FDF5->879d252b-2a05-4827-9377-7fbe1b4b2325-GrpcLogAppender: Wait interrupted by java.lang.InterruptedException
2019-10-10 13:54:42,418 [main] INFO  impl.StateMachineUpdater (StateMachineUpdater.java:stopAndJoin(136)) - 05e1d7c8-a800-4306-8ffe-d9206de7ec8b@group-695DAE03FDF5-StateMachineUpdater: set stopIndex = 20
2019-10-10 13:54:42,418 [grpc-default-executor-8] INFO  server.GrpcServerProtocolService (GrpcServerProtocolService.java:onCompleted(113)) - af1b0ec7-0cc6-47df-a217-7d3b9288f5b8: Completed APPEND_ENTRIES, lastRequest: 05e1d7c8-a800-4306-8ffe-d9206de7ec8b->af1b0ec7-0cc6-47df-a217-7d3b9288f5b8#28-t1, previous=(t:1, i:20), leaderCommit=20, initializing? false, entries: <empty>
2019-10-10 13:54:42,418 [05e1d7c8-a800-4306-8ffe-d9206de7ec8b@group-695DAE03FDF5-StateMachineUpdater] INFO  ratis.ContainerStateMachine (ContainerStateMachine.java:takeSnapshot(294)) - group-695DAE03FDF5: Taking a snapshot at:(t:1, i:20) file /workdir/hadoop-ozone/integration-test/target/test-dir/MiniOzoneClusterImpl-94337b2b-47d0-4fc3-ad18-0e9fb5ac94e5/datanode-6/data/ratis/a0542868-a800-4c3a-af97-695dae03fdf5/sm/snapshot.1_20
2019-10-10 13:54:42,419 [grpc-default-executor-8] INFO  server.GrpcLogAppender (GrpcLogAppender.java:onCompleted(293)) - 05e1d7c8-a800-4306-8ffe-d9206de7ec8b@group-695DAE03FDF5->af1b0ec7-0cc6-47df-a217-7d3b9288f5b8-AppendLogResponseHandler: follower responses appendEntries COMPLETED
2019-10-10 13:54:42,420 [grpc-default-executor-8] INFO  impl.FollowerInfo (FollowerInfo.java:lambda$new$0(51)) - 05e1d7c8-a800-4306-8ffe-d9206de7ec8b@group-695DAE03FDF5->af1b0ec7-0cc6-47df-a217-7d3b9288f5b8: nextIndex: updateUnconditionally 21 -> 20
2019-10-10 13:54:42,425 [eb8bd58c-94df-4b53-a658-943c19ea9612@group-2E211A40073F-StateMachineUpdater] INFO  ratis.ContainerStateMachine (ContainerStateMachine.java:takeSnapshot(305)) - group-2E211A40073F: Finished taking a snapshot at:(t:1, i:16) file:/workdir/hadoop-ozone/integration-test/target/test-dir/MiniOzoneClusterImpl-94337b2b-47d0-4fc3-ad18-0e9fb5ac94e5/datanode-0/data/ratis/9d24df39-e9ac-42ac-b6f1-2e211a40073f/sm/snapshot.1_16 time:22
2019-10-10 13:54:42,425 [05e1d7c8-a800-4306-8ffe-d9206de7ec8b@group-695DAE03FDF5-StateMachineUpdater] INFO  ratis.ContainerStateMachine (ContainerStateMachine.java:takeSnapshot(305)) - group-695DAE03FDF5: Finished taking a snapshot at:(t:1, i:20) file:/workdir/hadoop-ozone/integration-test/target/test-dir/MiniOzoneClusterImpl-94337b2b-47d0-4fc3-ad18-0e9fb5ac94e5/datanode-6/data/ratis/a0542868-a800-4c3a-af97-695dae03fdf5/sm/snapshot.1_20 time:8
2019-10-10 13:54:42,426 [eb8bd58c-94df-4b53-a658-943c19ea9612@group-2E211A40073F-StateMachineUpdater] INFO  impl.StateMachineUpdater (StateMachineUpdater.java:takeSnapshot(269)) - eb8bd58c-94df-4b53-a658-943c19ea9612@group-2E211A40073F-StateMachineUpdater: Took a snapshot at index 16
2019-10-10 13:54:42,426 [05e1d7c8-a800-4306-8ffe-d9206de7ec8b@group-695DAE03FDF5-StateMachineUpdater] INFO  impl.StateMachineUpdater (StateMachineUpdater.java:takeSnapshot(269)) - 05e1d7c8-a800-4306-8ffe-d9206de7ec8b@group-695DAE03FDF5-StateMachineUpdater: Took a snapshot at index 20
2019-10-10 13:54:42,426 [eb8bd58c-94df-4b53-a658-943c19ea9612@group-2E211A40073F-StateMachineUpdater] INFO  impl.StateMachineUpdater (StateMachineUpdater.java:lambda$new$0(84)) - eb8bd58c-94df-4b53-a658-943c19ea9612@group-2E211A40073F-StateMachineUpdater: snapshotIndex: updateIncreasingly -1 -> 16
2019-10-10 13:54:42,426 [05e1d7c8-a800-4306-8ffe-d9206de7ec8b@group-695DAE03FDF5-StateMachineUpdater] INFO  impl.StateMachineUpdater (StateMachineUpdater.java:lambda$new$0(84)) - 05e1d7c8-a800-4306-8ffe-d9206de7ec8b@group-695DAE03FDF5-StateMachineUpdater: snapshotIndex: updateIncreasingly -1 -> 20
2019-10-10 13:54:42,427 [ForkJoinPool.commonPool-worker-1] INFO  impl.RaftServerImpl (ServerState.java:close(387)) - eb8bd58c-94df-4b53-a658-943c19ea9612@group-2E211A40073F: closes. applyIndex: 16
2019-10-10 13:54:42,427 [main] INFO  impl.RaftServerImpl (ServerState.java:close(387)) - 05e1d7c8-a800-4306-8ffe-d9206de7ec8b@group-695DAE03FDF5: closes. applyIndex: 20
2019-10-10 13:54:42,427 [eb8bd58c-94df-4b53-a658-943c19ea9612@group-2E211A40073F-SegmentedRaftLogWorker] INFO  segmented.SegmentedRaftLogWorker (SegmentedRaftLogWorker.java:run(316)) - eb8bd58c-94df-4b53-a658-943c19ea9612@group-2E211A40073F-SegmentedRaftLogWorker was interrupted, exiting. There are 0 tasks remaining in the queue.
2019-10-10 13:54:42,428 [05e1d7c8-a800-4306-8ffe-d9206de7ec8b@group-695DAE03FDF5-SegmentedRaftLogWorker] INFO  segmented.SegmentedRaftLogWorker (SegmentedRaftLogWorker.java:run(316)) - 05e1d7c8-a800-4306-8ffe-d9206de7ec8b@group-695DAE03FDF5-SegmentedRaftLogWorker was interrupted, exiting. There are 0 tasks remaining in the queue.
2019-10-10 13:54:42,428 [ForkJoinPool.commonPool-worker-1] INFO  segmented.SegmentedRaftLogWorker (SegmentedRaftLogWorker.java:close(224)) - eb8bd58c-94df-4b53-a658-943c19ea9612@group-2E211A40073F-SegmentedRaftLogWorker close()
2019-10-10 13:54:42,428 [main] INFO  segmented.SegmentedRaftLogWorker (SegmentedRaftLogWorker.java:close(224)) - 05e1d7c8-a800-4306-8ffe-d9206de7ec8b@group-695DAE03FDF5-SegmentedRaftLogWorker close()
2019-10-10 13:54:42,430 [ForkJoinPool.commonPool-worker-1] INFO  impl.RaftServerImpl (RaftServerImpl.java:lambda$shutdown$3(247)) - eb8bd58c-94df-4b53-a658-943c19ea9612@group-4977270B342A: shutdown
2019-10-10 13:54:42,433 [main] INFO  impl.RaftServerImpl (RaftServerImpl.java:lambda$shutdown$3(247)) - 05e1d7c8-a800-4306-8ffe-d9206de7ec8b@group-D4652DAED68D: shutdown
2019-10-10 13:54:42,433 [ForkJoinPool.commonPool-worker-1] INFO  util.JmxRegister (JmxRegister.java:unregister(73)) - Successfully un-registered JMX Bean with object name Ratis:service=RaftServer,group=group-4977270B342A,id=eb8bd58c-94df-4b53-a658-943c19ea9612
2019-10-10 13:54:42,434 [main] INFO  util.JmxRegister (JmxRegister.java:unregister(73)) - Successfully un-registered JMX Bean with object name Ratis:service=RaftServer,group=group-D4652DAED68D,id=05e1d7c8-a800-4306-8ffe-d9206de7ec8b
2019-10-10 13:54:42,434 [ForkJoinPool.commonPool-worker-1] INFO  impl.RoleInfo (RoleInfo.java:shutdownLeaderState(104)) - eb8bd58c-94df-4b53-a658-943c19ea9612: shutdown LeaderState
2019-10-10 13:54:42,434 [main] INFO  impl.RoleInfo (RoleInfo.java:shutdownLeaderState(104)) - 05e1d7c8-a800-4306-8ffe-d9206de7ec8b: shutdown LeaderState
2019-10-10 13:54:42,435 [ForkJoinPool.commonPool-worker-1] INFO  impl.PendingRequests (PendingRequests.java:sendNotLeaderResponses(202)) - eb8bd58c-94df-4b53-a658-943c19ea9612@group-4977270B342A-PendingRequests: sendNotLeaderResponses
2019-10-10 13:54:42,435 [main] INFO  impl.PendingRequests (PendingRequests.java:sendNotLeaderResponses(202)) - 05e1d7c8-a800-4306-8ffe-d9206de7ec8b@group-D4652DAED68D-PendingRequests: sendNotLeaderResponses
2019-10-10 13:54:42,435 [ForkJoinPool.commonPool-worker-1] INFO  impl.StateMachineUpdater (StateMachineUpdater.java:stopAndJoin(136)) - eb8bd58c-94df-4b53-a658-943c19ea9612@group-4977270B342A-StateMachineUpdater: set stopIndex = 0
2019-10-10 13:54:42,436 [main] INFO  impl.StateMachineUpdater (StateMachineUpdater.java:stopAndJoin(136)) - 05e1d7c8-a800-4306-8ffe-d9206de7ec8b@group-D4652DAED68D-StateMachineUpdater: set stopIndex = 0
2019-10-10 13:54:42,436 [ForkJoinPool.commonPool-worker-1] INFO  impl.RaftServerImpl (ServerState.java:close(387)) - eb8bd58c-94df-4b53-a658-943c19ea9612@group-4977270B342A: closes. applyIndex: 0
2019-10-10 13:54:42,437 [main] INFO  impl.RaftServerImpl (ServerState.java:close(387)) - 05e1d7c8-a800-4306-8ffe-d9206de7ec8b@group-D4652DAED68D: closes. applyIndex: 0
2019-10-10 13:54:42,437 [eb8bd58c-94df-4b53-a658-943c19ea9612@group-4977270B342A-SegmentedRaftLogWorker] INFO  segmented.SegmentedRaftLogWorker (SegmentedRaftLogWorker.java:run(316)) - eb8bd58c-94df-4b53-a658-943c19ea9612@group-4977270B342A-SegmentedRaftLogWorker was interrupted, exiting. There are 0 tasks remaining in the queue.
2019-10-10 13:54:42,437 [05e1d7c8-a800-4306-8ffe-d9206de7ec8b@group-D4652DAED68D-SegmentedRaftLogWorker] INFO  segmented.SegmentedRaftLogWorker (SegmentedRaftLogWorker.java:run(316)) - 05e1d7c8-a800-4306-8ffe-d9206de7ec8b@group-D4652DAED68D-SegmentedRaftLogWorker was interrupted, exiting. There are 0 tasks remaining in the queue.
2019-10-10 13:54:42,438 [ForkJoinPool.commonPool-worker-1] INFO  segmented.SegmentedRaftLogWorker (SegmentedRaftLogWorker.java:close(224)) - eb8bd58c-94df-4b53-a658-943c19ea9612@group-4977270B342A-SegmentedRaftLogWorker close()
2019-10-10 13:54:42,438 [main] INFO  segmented.SegmentedRaftLogWorker (SegmentedRaftLogWorker.java:close(224)) - 05e1d7c8-a800-4306-8ffe-d9206de7ec8b@group-D4652DAED68D-SegmentedRaftLogWorker close()
2019-10-10 13:54:42,440 [ForkJoinPool.commonPool-worker-1] INFO  server.GrpcService (GrpcService.java:closeImpl(164)) - eb8bd58c-94df-4b53-a658-943c19ea9612: shutdown server with port 32970 now
2019-10-10 13:54:42,441 [main] INFO  server.GrpcService (GrpcService.java:closeImpl(164)) - 05e1d7c8-a800-4306-8ffe-d9206de7ec8b: shutdown server with port 45331 now
2019-10-10 13:54:42,442 [ForkJoinPool.commonPool-worker-1] INFO  server.GrpcService (GrpcService.java:closeImpl(172)) - eb8bd58c-94df-4b53-a658-943c19ea9612: shutdown server with port 32970 successfully
2019-10-10 13:54:42,443 [main] INFO  server.GrpcService (GrpcService.java:closeImpl(172)) - 05e1d7c8-a800-4306-8ffe-d9206de7ec8b: shutdown server with port 45331 successfully
2019-10-10 13:54:42,444 [refreshUsed-/workdir/hadoop-ozone/integration-test/target/test-dir/MiniOzoneClusterImpl-94337b2b-47d0-4fc3-ad18-0e9fb5ac94e5/datanode-0/data/containers] WARN  fs.CachingGetSpaceUsed (CachingGetSpaceUsed.java:run(183)) - Thread Interrupted waiting to refresh disk information: sleep interrupted
2019-10-10 13:54:42,447 [refreshUsed-/workdir/hadoop-ozone/integration-test/target/test-dir/MiniOzoneClusterImpl-94337b2b-47d0-4fc3-ad18-0e9fb5ac94e5/datanode-6/data/containers] WARN  fs.CachingGetSpaceUsed (CachingGetSpaceUsed.java:run(183)) - Thread Interrupted waiting to refresh disk information: sleep interrupted
2019-10-10 13:54:42,463 [main] INFO  utils.BackgroundService (BackgroundService.java:shutdown(151)) - Shutting down service BlockDeletingService
2019-10-10 13:54:42,467 [main] INFO  statemachine.DatanodeStateMachine (DatanodeStateMachine.java:stopDaemon(395)) - Ozone container server stopped.
2019-10-10 13:54:42,469 [main] INFO  handler.ContextHandler (ContextHandler.java:doStop(910)) - Stopped o.e.j.w.WebAppContext@75ed7512{/,null,UNAVAILABLE}{/hddsDatanode}
2019-10-10 13:54:42,469 [ForkJoinPool.commonPool-worker-1] INFO  utils.BackgroundService (BackgroundService.java:shutdown(151)) - Shutting down service BlockDeletingService
2019-10-10 13:54:42,470 [main] INFO  server.AbstractConnector (AbstractConnector.java:doStop(318)) - Stopped ServerConnector@5ab5924c{HTTP/1.1,[http/1.1]}{0.0.0.0:0}
2019-10-10 13:54:42,474 [ForkJoinPool.commonPool-worker-1] INFO  statemachine.DatanodeStateMachine (DatanodeStateMachine.java:stopDaemon(395)) - Ozone container server stopped.
2019-10-10 13:54:42,475 [main] INFO  handler.ContextHandler (ContextHandler.java:doStop(910)) - Stopped o.e.j.s.ServletContextHandler@1c2dd89b{/static,jar:file:/home/user/.m2/repository/org/apache/hadoop/hadoop-hdds-container-service/0.5.0-SNAPSHOT/hadoop-hdds-container-service-0.5.0-SNAPSHOT.jar!/webapps/static,UNAVAILABLE}
2019-10-10 13:54:42,476 [main] INFO  handler.ContextHandler (ContextHandler.java:doStop(910)) - Stopped o.e.j.s.ServletContextHandler@1a2724d3{/logs,file:///workdir/hadoop-ozone/integration-test/target/log,UNAVAILABLE}
2019-10-10 13:54:42,477 [ForkJoinPool.commonPool-worker-1] INFO  handler.ContextHandler (ContextHandler.java:doStop(910)) - Stopped o.e.j.w.WebAppContext@c262f2f{/,null,UNAVAILABLE}{/hddsDatanode}
2019-10-10 13:54:42,478 [ForkJoinPool.commonPool-worker-1] INFO  server.AbstractConnector (AbstractConnector.java:doStop(318)) - Stopped ServerConnector@5563bb40{HTTP/1.1,[http/1.1]}{0.0.0.0:0}
2019-10-10 13:54:42,479 [ForkJoinPool.commonPool-worker-1] INFO  handler.ContextHandler (ContextHandler.java:doStop(910)) - Stopped o.e.j.s.ServletContextHandler@be6d228{/static,jar:file:/home/user/.m2/repository/org/apache/hadoop/hadoop-hdds-container-service/0.5.0-SNAPSHOT/hadoop-hdds-container-service-0.5.0-SNAPSHOT.jar!/webapps/static,UNAVAILABLE}
2019-10-10 13:54:42,479 [ForkJoinPool.commonPool-worker-1] INFO  handler.ContextHandler (ContextHandler.java:doStop(910)) - Stopped o.e.j.s.ServletContextHandler@15c16f19{/logs,file:///workdir/hadoop-ozone/integration-test/target/log,UNAVAILABLE}
2019-10-10 13:54:43,070 [Datanode State Machine Thread - 0] INFO  statemachine.DatanodeStateMachine (DatanodeStateMachine.java:lambda$startDaemon$0(350)) - Ozone container server started.
2019-10-10 13:54:47,117 [EventQueue-StaleNodeForStaleNodeHandler] INFO  node.StaleNodeHandler (StaleNodeHandler.java:onMessage(58)) - Datanode af1b0ec7-0cc6-47df-a217-7d3b9288f5b8{ip: 192.168.164.230, host: pr-hdds-2280-tn9v7-3755420433, networkLocation: /default-rack, certSerialId: null} moved to stale state. Finalizing its pipelines [PipelineID=a0542868-a800-4c3a-af97-695dae03fdf5, PipelineID=69b51b22-26e0-4f70-b18d-6c7dc17c69a7]
2019-10-10 13:54:47,118 [EventQueue-StaleNodeForStaleNodeHandler] INFO  pipeline.SCMPipelineManager (SCMPipelineManager.java:finalizeAndDestroyPipeline(315)) - destroying pipeline:Pipeline[ Id: a0542868-a800-4c3a-af97-695dae03fdf5, Nodes: 879d252b-2a05-4827-9377-7fbe1b4b2325{ip: 192.168.164.230, host: pr-hdds-2280-tn9v7-3755420433, networkLocation: /default-rack, certSerialId: null}af1b0ec7-0cc6-47df-a217-7d3b9288f5b8{ip: 192.168.164.230, host: pr-hdds-2280-tn9v7-3755420433, networkLocation: /default-rack, certSerialId: null}05e1d7c8-a800-4306-8ffe-d9206de7ec8b{ip: 192.168.164.230, host: pr-hdds-2280-tn9v7-3755420433, networkLocation: /default-rack, certSerialId: null}, Type:RATIS, Factor:THREE, State:CLOSED]
2019-10-10 13:54:47,119 [EventQueue-StaleNodeForStaleNodeHandler] INFO  pipeline.SCMPipelineManager (SCMPipelineManager.java:finalizeAndDestroyPipeline(315)) - destroying pipeline:Pipeline[ Id: 69b51b22-26e0-4f70-b18d-6c7dc17c69a7, Nodes: af1b0ec7-0cc6-47df-a217-7d3b9288f5b8{ip: 192.168.164.230, host: pr-hdds-2280-tn9v7-3755420433, networkLocation: /default-rack, certSerialId: null}, Type:RATIS, Factor:ONE, State:OPEN]
2019-10-10 13:54:47,120 [EventQueue-StaleNodeForStaleNodeHandler] INFO  pipeline.PipelineStateManager (PipelineStateManager.java:finalizePipeline(123)) - Pipeline Pipeline[ Id: 69b51b22-26e0-4f70-b18d-6c7dc17c69a7, Nodes: af1b0ec7-0cc6-47df-a217-7d3b9288f5b8{ip: 192.168.164.230, host: pr-hdds-2280-tn9v7-3755420433, networkLocation: /default-rack, certSerialId: null}, Type:RATIS, Factor:ONE, State:CLOSED] moved to CLOSED state
2019-10-10 13:54:47,480 [main] INFO  ozoneimpl.OzoneContainer (OzoneContainer.java:stop(227)) - Attempting to stop container services.
2019-10-10 13:54:47,484 [main] INFO  impl.RaftServerProxy (RaftServerProxy.java:lambda$close$4(314)) - af1b0ec7-0cc6-47df-a217-7d3b9288f5b8: close
2019-10-10 13:54:47,486 [main] INFO  impl.RaftServerImpl (RaftServerImpl.java:lambda$shutdown$3(247)) - af1b0ec7-0cc6-47df-a217-7d3b9288f5b8@group-695DAE03FDF5: shutdown
2019-10-10 13:54:47,486 [main] INFO  util.JmxRegister (JmxRegister.java:unregister(73)) - Successfully un-registered JMX Bean with object name Ratis:service=RaftServer,group=group-695DAE03FDF5,id=af1b0ec7-0cc6-47df-a217-7d3b9288f5b8
2019-10-10 13:54:47,487 [main] INFO  impl.RoleInfo (RoleInfo.java:shutdownFollowerState(121)) - af1b0ec7-0cc6-47df-a217-7d3b9288f5b8: shutdown FollowerState
2019-10-10 13:54:47,487 [main] INFO  impl.StateMachineUpdater (StateMachineUpdater.java:stopAndJoin(136)) - af1b0ec7-0cc6-47df-a217-7d3b9288f5b8@group-695DAE03FDF5-StateMachineUpdater: set stopIndex = 20
2019-10-10 13:54:47,487 [Thread-4128] INFO  impl.FollowerState (FollowerState.java:run(117)) - af1b0ec7-0cc6-47df-a217-7d3b9288f5b8@group-695DAE03FDF5-FollowerState was interrupted: java.lang.InterruptedException: sleep interrupted
2019-10-10 13:54:47,490 [af1b0ec7-0cc6-47df-a217-7d3b9288f5b8@group-695DAE03FDF5-StateMachineUpdater] INFO  ratis.ContainerStateMachine (ContainerStateMachine.java:takeSnapshot(294)) - group-695DAE03FDF5: Taking a snapshot at:(t:1, i:19) file /workdir/hadoop-ozone/integration-test/target/test-dir/MiniOzoneClusterImpl-94337b2b-47d0-4fc3-ad18-0e9fb5ac94e5/datanode-5/data/ratis/a0542868-a800-4c3a-af97-695dae03fdf5/sm/snapshot.1_19
2019-10-10 13:54:47,505 [af1b0ec7-0cc6-47df-a217-7d3b9288f5b8@group-695DAE03FDF5-StateMachineUpdater] INFO  ratis.ContainerStateMachine (ContainerStateMachine.java:takeSnapshot(305)) - group-695DAE03FDF5: Finished taking a snapshot at:(t:1, i:19) file:/workdir/hadoop-ozone/integration-test/target/test-dir/MiniOzoneClusterImpl-94337b2b-47d0-4fc3-ad18-0e9fb5ac94e5/datanode-5/data/ratis/a0542868-a800-4c3a-af97-695dae03fdf5/sm/snapshot.1_19 time:17
2019-10-10 13:54:47,506 [af1b0ec7-0cc6-47df-a217-7d3b9288f5b8@group-695DAE03FDF5-StateMachineUpdater] INFO  impl.StateMachineUpdater (StateMachineUpdater.java:takeSnapshot(269)) - af1b0ec7-0cc6-47df-a217-7d3b9288f5b8@group-695DAE03FDF5-StateMachineUpdater: Took a snapshot at index 19
2019-10-10 13:54:47,506 [af1b0ec7-0cc6-47df-a217-7d3b9288f5b8@group-695DAE03FDF5-StateMachineUpdater] INFO  impl.StateMachineUpdater (StateMachineUpdater.java:lambda$new$0(84)) - af1b0ec7-0cc6-47df-a217-7d3b9288f5b8@group-695DAE03FDF5-StateMachineUpdater: snapshotIndex: updateIncreasingly -1 -> 19
2019-10-10 13:54:47,508 [af1b0ec7-0cc6-47df-a217-7d3b9288f5b8@group-695DAE03FDF5-StateMachineUpdater] INFO  ratis.ContainerStateMachine (ContainerStateMachine.java:takeSnapshot(294)) - group-695DAE03FDF5: Taking a snapshot at:(t:1, i:19) file /workdir/hadoop-ozone/integration-test/target/test-dir/MiniOzoneClusterImpl-94337b2b-47d0-4fc3-ad18-0e9fb5ac94e5/datanode-5/data/ratis/a0542868-a800-4c3a-af97-695dae03fdf5/sm/snapshot.1_19
2019-10-10 13:54:47,520 [af1b0ec7-0cc6-47df-a217-7d3b9288f5b8@group-695DAE03FDF5-StateMachineUpdater] INFO  ratis.ContainerStateMachine (ContainerStateMachine.java:takeSnapshot(305)) - group-695DAE03FDF5: Finished taking a snapshot at:(t:1, i:19) file:/workdir/hadoop-ozone/integration-test/target/test-dir/MiniOzoneClusterImpl-94337b2b-47d0-4fc3-ad18-0e9fb5ac94e5/datanode-5/data/ratis/a0542868-a800-4c3a-af97-695dae03fdf5/sm/snapshot.1_19 time:12
2019-10-10 13:54:47,520 [af1b0ec7-0cc6-47df-a217-7d3b9288f5b8@group-695DAE03FDF5-StateMachineUpdater] INFO  impl.StateMachineUpdater (StateMachineUpdater.java:takeSnapshot(269)) - af1b0ec7-0cc6-47df-a217-7d3b9288f5b8@group-695DAE03FDF5-StateMachineUpdater: Took a snapshot at index 19
2019-10-10 13:54:47,520 [af1b0ec7-0cc6-47df-a217-7d3b9288f5b8@group-695DAE03FDF5-StateMachineUpdater] INFO  impl.StateMachineUpdater (StateMachineUpdater.java:lambda$new$0(84)) - af1b0ec7-0cc6-47df-a217-7d3b9288f5b8@group-695DAE03FDF5-StateMachineUpdater: snapshotIndex: updateIncreasingly 19 -> 19
2019-10-10 13:54:47,521 [main] INFO  impl.RaftServerImpl (ServerState.java:close(387)) - af1b0ec7-0cc6-47df-a217-7d3b9288f5b8@group-695DAE03FDF5: closes. applyIndex: 20
2019-10-10 13:54:47,522 [af1b0ec7-0cc6-47df-a217-7d3b9288f5b8@group-695DAE03FDF5-SegmentedRaftLogWorker] INFO  segmented.SegmentedRaftLogWorker (SegmentedRaftLogWorker.java:run(316)) - af1b0ec7-0cc6-47df-a217-7d3b9288f5b8@group-695DAE03FDF5-SegmentedRaftLogWorker was interrupted, exiting. There are 0 tasks remaining in the queue.
2019-10-10 13:54:47,522 [main] INFO  segmented.SegmentedRaftLogWorker (SegmentedRaftLogWorker.java:close(224)) - af1b0ec7-0cc6-47df-a217-7d3b9288f5b8@group-695DAE03FDF5-SegmentedRaftLogWorker close()
2019-10-10 13:54:47,525 [main] INFO  impl.RaftServerImpl (RaftServerImpl.java:lambda$shutdown$3(247)) - af1b0ec7-0cc6-47df-a217-7d3b9288f5b8@group-6C7DC17C69A7: shutdown
2019-10-10 13:54:47,525 [main] INFO  util.JmxRegister (JmxRegister.java:unregister(73)) - Successfully un-registered JMX Bean with object name Ratis:service=RaftServer,group=group-6C7DC17C69A7,id=af1b0ec7-0cc6-47df-a217-7d3b9288f5b8
2019-10-10 13:54:47,526 [main] INFO  impl.RoleInfo (RoleInfo.java:shutdownLeaderState(104)) - af1b0ec7-0cc6-47df-a217-7d3b9288f5b8: shutdown LeaderState
2019-10-10 13:54:47,526 [main] INFO  impl.PendingRequests (PendingRequests.java:sendNotLeaderResponses(202)) - af1b0ec7-0cc6-47df-a217-7d3b9288f5b8@group-6C7DC17C69A7-PendingRequests: sendNotLeaderResponses
2019-10-10 13:54:47,527 [main] INFO  impl.StateMachineUpdater (StateMachineUpdater.java:stopAndJoin(136)) - af1b0ec7-0cc6-47df-a217-7d3b9288f5b8@group-6C7DC17C69A7-StateMachineUpdater: set stopIndex = 0
2019-10-10 13:54:47,527 [main] INFO  impl.RaftServerImpl (ServerState.java:close(387)) - af1b0ec7-0cc6-47df-a217-7d3b9288f5b8@group-6C7DC17C69A7: closes. applyIndex: 0
2019-10-10 13:54:47,528 [af1b0ec7-0cc6-47df-a217-7d3b9288f5b8@group-6C7DC17C69A7-SegmentedRaftLogWorker] INFO  segmented.SegmentedRaftLogWorker (SegmentedRaftLogWorker.java:run(316)) - af1b0ec7-0cc6-47df-a217-7d3b9288f5b8@group-6C7DC17C69A7-SegmentedRaftLogWorker was interrupted, exiting. There are 0 tasks remaining in the queue.
2019-10-10 13:54:47,528 [main] INFO  segmented.SegmentedRaftLogWorker (SegmentedRaftLogWorker.java:close(224)) - af1b0ec7-0cc6-47df-a217-7d3b9288f5b8@group-6C7DC17C69A7-SegmentedRaftLogWorker close()
2019-10-10 13:54:47,531 [main] INFO  server.GrpcService (GrpcService.java:closeImpl(164)) - af1b0ec7-0cc6-47df-a217-7d3b9288f5b8: shutdown server with port 44539 now
2019-10-10 13:54:47,532 [main] INFO  server.GrpcService (GrpcService.java:closeImpl(172)) - af1b0ec7-0cc6-47df-a217-7d3b9288f5b8: shutdown server with port 44539 successfully
2019-10-10 13:54:47,536 [refreshUsed-/workdir/hadoop-ozone/integration-test/target/test-dir/MiniOzoneClusterImpl-94337b2b-47d0-4fc3-ad18-0e9fb5ac94e5/datanode-5/data/containers] WARN  fs.CachingGetSpaceUsed (CachingGetSpaceUsed.java:run(183)) - Thread Interrupted waiting to refresh disk information: sleep interrupted
2019-10-10 13:54:47,553 [main] INFO  utils.BackgroundService (BackgroundService.java:shutdown(151)) - Shutting down service BlockDeletingService
2019-10-10 13:54:47,559 [main] INFO  statemachine.DatanodeStateMachine (DatanodeStateMachine.java:stopDaemon(395)) - Ozone container server stopped.
2019-10-10 13:54:47,562 [main] INFO  handler.ContextHandler (ContextHandler.java:doStop(910)) - Stopped o.e.j.w.WebAppContext@4492b393{/,null,UNAVAILABLE}{/hddsDatanode}
2019-10-10 13:54:47,564 [main] INFO  server.AbstractConnector (AbstractConnector.java:doStop(318)) - Stopped ServerConnector@55fb36de{HTTP/1.1,[http/1.1]}{0.0.0.0:0}
2019-10-10 13:54:47,565 [main] INFO  handler.ContextHandler (ContextHandler.java:doStop(910)) - Stopped o.e.j.s.ServletContextHandler@333d44f6{/static,jar:file:/home/user/.m2/repository/org/apache/hadoop/hadoop-hdds-container-service/0.5.0-SNAPSHOT/hadoop-hdds-container-service-0.5.0-SNAPSHOT.jar!/webapps/static,UNAVAILABLE}
2019-10-10 13:54:47,565 [main] INFO  handler.ContextHandler (ContextHandler.java:doStop(910)) - Stopped o.e.j.s.ServletContextHandler@6d8b7ea9{/logs,file:///workdir/hadoop-ozone/integration-test/target/log,UNAVAILABLE}
2019-10-10 13:54:47,566 [main] INFO  ozone.MiniOzoneClusterImpl (MiniOzoneClusterImpl.java:stopSCM(392)) - Stopping the StorageContainerManager
2019-10-10 13:54:47,567 [main] INFO  server.StorageContainerManager (StorageContainerManager.java:stop(810)) - Stopping Replication Manager Service.
2019-10-10 13:54:47,567 [main] INFO  container.ReplicationManager (ReplicationManager.java:stop(203)) - Stopping Replication Monitor Thread.
2019-10-10 13:54:47,567 [main] INFO  server.StorageContainerManager (StorageContainerManager.java:stop(817)) - Stopping Lease Manager of the command watchers
2019-10-10 13:54:47,567 [main] INFO  server.StorageContainerManager (StorageContainerManager.java:stop(824)) - Stopping datanode service RPC server
2019-10-10 13:54:47,568 [main] INFO  server.SCMDatanodeProtocolServer (SCMDatanodeProtocolServer.java:stop(346)) - Stopping the RPC server for DataNodes
2019-10-10 13:54:47,568 [main] INFO  ipc.Server (Server.java:stop(3082)) - Stopping server on 40949
2019-10-10 13:54:47,570 [IPC Server listener on 40949] INFO  ipc.Server (Server.java:run(1185)) - Stopping IPC Server listener on 40949
2019-10-10 13:54:47,570 [IPC Server Responder] INFO  ipc.Server (Server.java:run(1319)) - Stopping IPC Server Responder
2019-10-10 13:54:47,618 [SCM Heartbeat Processing Thread - 0] WARN  node.NodeStateManager (NodeStateManager.java:scheduleNextHealthCheck(646)) - Current Thread is interrupted, shutting down HB processing thread for Node Manager.
2019-10-10 13:54:47,618 [main] INFO  server.StorageContainerManager (StorageContainerManager.java:stop(832)) - Stopping block service RPC server
2019-10-10 13:54:47,618 [main] INFO  server.SCMBlockProtocolServer (SCMBlockProtocolServer.java:stop(155)) - Stopping the RPC server for Block Protocol
2019-10-10 13:54:47,618 [main] INFO  ipc.Server (Server.java:stop(3082)) - Stopping server on 37326
2019-10-10 13:54:47,621 [IPC Server listener on 37326] INFO  ipc.Server (Server.java:run(1185)) - Stopping IPC Server listener on 37326
2019-10-10 13:54:47,621 [main] INFO  server.StorageContainerManager (StorageContainerManager.java:stop(839)) - Stopping the StorageContainerLocationProtocol RPC server
2019-10-10 13:54:47,621 [IPC Server Responder] INFO  ipc.Server (Server.java:run(1319)) - Stopping IPC Server Responder
2019-10-10 13:54:47,621 [main] INFO  server.SCMClientProtocolServer (SCMClientProtocolServer.java:stop(168)) - Stopping the RPC server for Client Protocol
2019-10-10 13:54:47,624 [main] INFO  ipc.Server (Server.java:stop(3082)) - Stopping server on 46284
2019-10-10 13:54:47,626 [IPC Server listener on 46284] INFO  ipc.Server (Server.java:run(1185)) - Stopping IPC Server listener on 46284
2019-10-10 13:54:47,627 [main] INFO  server.StorageContainerManager (StorageContainerManager.java:stop(846)) - Stopping Storage Container Manager HTTP server.
2019-10-10 13:54:47,629 [IPC Server Responder] INFO  ipc.Server (Server.java:run(1319)) - Stopping IPC Server Responder
2019-10-10 13:54:47,629 [main] INFO  handler.ContextHandler (ContextHandler.java:doStop(910)) - Stopped o.e.j.w.WebAppContext@22fb9a2c{/,null,UNAVAILABLE}{/scm}
2019-10-10 13:54:47,630 [main] INFO  server.AbstractConnector (AbstractConnector.java:doStop(318)) - Stopped ServerConnector@2084e65a{HTTP/1.1,[http/1.1]}{0.0.0.0:0}
2019-10-10 13:54:47,631 [main] INFO  handler.ContextHandler (ContextHandler.java:doStop(910)) - Stopped o.e.j.s.ServletContextHandler@356b6b5d{/static,file:///workdir/hadoop-ozone/integration-test/target/test-classes/webapps/static,UNAVAILABLE}
2019-10-10 13:54:47,631 [main] INFO  handler.ContextHandler (ContextHandler.java:doStop(910)) - Stopped o.e.j.s.ServletContextHandler@ca546a1{/logs,file:///workdir/hadoop-ozone/integration-test/target/log,UNAVAILABLE}
2019-10-10 13:54:47,632 [main] INFO  server.StorageContainerManager (StorageContainerManager.java:stop(857)) - Stopping Block Manager Service.
2019-10-10 13:54:47,632 [main] INFO  utils.BackgroundService (BackgroundService.java:shutdown(151)) - Shutting down service SCMBlockDeletingService
2019-10-10 13:54:47,633 [main] INFO  utils.BackgroundService (BackgroundService.java:shutdown(151)) - Shutting down service SCMBlockDeletingService
2019-10-10 13:54:47,633 [main] INFO  server.StorageContainerManager (StorageContainerManager.java:stop(879)) - Stopping SCM Event Queue.
2019-10-10 13:54:47,638 [main] INFO  impl.MetricsSystemImpl (MetricsSystemImpl.java:stop(210)) - Stopping HddsDatanode metrics system...
2019-10-10 13:54:47,694 [main] INFO  impl.MetricsSystemImpl (MetricsSystemImpl.java:stop(216)) - HddsDatanode metrics system stopped.
]]></system-out>
    <system-err><![CDATA[Oct 10, 2019 1:54:32 PM org.apache.ratis.thirdparty.io.grpc.internal.SerializingExecutor run
SEVERE: Exception while executing runnable org.apache.ratis.thirdparty.io.grpc.internal.ServerImpl$JumpToApplicationThreadServerStreamListener$1Closed@62c3133b
org.apache.ratis.thirdparty.io.grpc.StatusRuntimeException: CANCELLED: call already cancelled
	at org.apache.ratis.thirdparty.io.grpc.Status.asRuntimeException(Status.java:517)
	at org.apache.ratis.thirdparty.io.grpc.stub.ServerCalls$ServerCallStreamObserverImpl.onCompleted(ServerCalls.java:356)
	at org.apache.ratis.grpc.server.GrpcServerProtocolService$ServerRequestStreamObserver.onError(GrpcServerProtocolService.java:121)
	at org.apache.ratis.thirdparty.io.grpc.stub.ServerCalls$StreamingServerCallHandler$StreamingServerCallListener.onCancel(ServerCalls.java:269)
	at org.apache.ratis.thirdparty.io.grpc.internal.ServerCallImpl$ServerStreamListenerImpl.closed(ServerCallImpl.java:293)
	at org.apache.ratis.thirdparty.io.grpc.internal.ServerImpl$JumpToApplicationThreadServerStreamListener$1Closed.runInContext(ServerImpl.java:741)
	at org.apache.ratis.thirdparty.io.grpc.internal.ContextRunnable.run(ContextRunnable.java:37)
	at org.apache.ratis.thirdparty.io.grpc.internal.SerializingExecutor.run(SerializingExecutor.java:123)
	at java.util.concurrent.ThreadPoolExecutor.runWorker(ThreadPoolExecutor.java:1149)
	at java.util.concurrent.ThreadPoolExecutor$Worker.run(ThreadPoolExecutor.java:624)
	at java.lang.Thread.run(Thread.java:748)

Oct 10, 2019 1:54:37 PM org.apache.ratis.thirdparty.io.grpc.internal.SerializingExecutor run
SEVERE: Exception while executing runnable org.apache.ratis.thirdparty.io.grpc.internal.ServerImpl$JumpToApplicationThreadServerStreamListener$1Closed@295f26a8
org.apache.ratis.thirdparty.io.grpc.StatusRuntimeException: CANCELLED: call already cancelled
	at org.apache.ratis.thirdparty.io.grpc.Status.asRuntimeException(Status.java:517)
	at org.apache.ratis.thirdparty.io.grpc.stub.ServerCalls$ServerCallStreamObserverImpl.onCompleted(ServerCalls.java:356)
	at org.apache.ratis.grpc.server.GrpcServerProtocolService$ServerRequestStreamObserver.onError(GrpcServerProtocolService.java:121)
	at org.apache.ratis.thirdparty.io.grpc.stub.ServerCalls$StreamingServerCallHandler$StreamingServerCallListener.onCancel(ServerCalls.java:269)
	at org.apache.ratis.thirdparty.io.grpc.internal.ServerCallImpl$ServerStreamListenerImpl.closed(ServerCallImpl.java:293)
	at org.apache.ratis.thirdparty.io.grpc.internal.ServerImpl$JumpToApplicationThreadServerStreamListener$1Closed.runInContext(ServerImpl.java:741)
	at org.apache.ratis.thirdparty.io.grpc.internal.ContextRunnable.run(ContextRunnable.java:37)
	at org.apache.ratis.thirdparty.io.grpc.internal.SerializingExecutor.run(SerializingExecutor.java:123)
	at java.util.concurrent.ThreadPoolExecutor.runWorker(ThreadPoolExecutor.java:1149)
	at java.util.concurrent.ThreadPoolExecutor$Worker.run(ThreadPoolExecutor.java:624)
	at java.lang.Thread.run(Thread.java:748)

]]></system-err>
  </testcase>
  <testcase name="testExceptionDuringClose" classname="org.apache.hadoop.ozone.client.rpc.TestBlockOutputStreamWithFailures" time="34.585"/>
</testsuite>