<?xml version="1.0" encoding="UTF-8"?>
<testsuite xmlns:xsi="http://www.w3.org/2001/XMLSchema-instance" xsi:noNamespaceSchemaLocation="https://maven.apache.org/surefire/maven-surefire-plugin/xsd/surefire-test-report.xsd" name="org.apache.hadoop.ozone.client.rpc.TestCommitWatcher" time="58.925" tests="2" errors="0" skipped="0" failures="1">
  <properties>
    <property name="awt.toolkit" value="sun.awt.X11.XToolkit"/>
    <property name="file.encoding.pkg" value="sun.io"/>
    <property name="java.specification.version" value="1.8"/>
    <property name="sun.cpu.isalist" value=""/>
    <property name="sun.jnu.encoding" value="UTF-8"/>
    <property name="java.class.path" value="/workdir/hadoop-ozone/integration-test/target/test-classes:/workdir/hadoop-ozone/integration-test/target/classes:/home/user/.m2/repository/org/apache/hadoop/hadoop-ozone-common/0.5.0-SNAPSHOT/hadoop-ozone-common-0.5.0-SNAPSHOT.jar:/home/user/.m2/repository/org/apache/commons/commons-compress/1.4.1/commons-compress-1.4.1.jar:/home/user/.m2/repository/org/tukaani/xz/1.0/xz-1.0.jar:/home/user/.m2/repository/org/apache/hadoop/hadoop-common/3.2.0/hadoop-common-3.2.0.jar:/home/user/.m2/repository/org/apache/hadoop/hadoop-hdfs/3.2.0/hadoop-hdfs-3.2.0.jar:/home/user/.m2/repository/org/apache/hadoop/hadoop-hdfs-client/3.2.0/hadoop-hdfs-client-3.2.0.jar:/home/user/.m2/repository/com/fasterxml/jackson/core/jackson-annotations/2.9.9/jackson-annotations-2.9.9.jar:/home/user/.m2/repository/org/apache/hadoop/hadoop-hdds-common/0.5.0-SNAPSHOT/hadoop-hdds-common-0.5.0-SNAPSHOT.jar:/home/user/.m2/repository/javax/annotation/javax.annotation-api/1.2/javax.annotation-api-1.2.jar:/home/user/.m2/repository/org/apache/ratis/ratis-server/0.5.0-201fc85-SNAPSHOT/ratis-server-0.5.0-201fc85-SNAPSHOT.jar:/home/user/.m2/repository/org/apache/ratis/ratis-thirdparty-misc/0.2.0/ratis-thirdparty-misc-0.2.0.jar:/home/user/.m2/repository/org/apache/ratis/ratis-proto/0.5.0-201fc85-SNAPSHOT/ratis-proto-0.5.0-201fc85-SNAPSHOT.jar:/home/user/.m2/repository/org/apache/ratis/ratis-common/0.5.0-201fc85-SNAPSHOT/ratis-common-0.5.0-201fc85-SNAPSHOT.jar:/home/user/.m2/repository/org/apache/ratis/ratis-client/0.5.0-201fc85-SNAPSHOT/ratis-client-0.5.0-201fc85-SNAPSHOT.jar:/home/user/.m2/repository/org/apache/ratis/ratis-metrics/0.5.0-201fc85-SNAPSHOT/ratis-metrics-0.5.0-201fc85-SNAPSHOT.jar:/home/user/.m2/repository/com/github/joshelser/dropwizard-metrics-hadoop-metrics2-reporter/0.1.2/dropwizard-metrics-hadoop-metrics2-reporter-0.1.2.jar:/home/user/.m2/repository/io/dropwizard/metrics/metrics-jvm/3.2.5/metrics-jvm-3.2.5.jar:/home/user/.m2/repository/io/dropwizard/metrics/metrics-ganglia/3.2.5/metrics-ganglia-3.2.5.jar:/home/user/.m2/repository/info/ganglia/gmetric4j/gmetric4j/1.0.7/gmetric4j-1.0.7.jar:/home/user/.m2/repository/org/apache/ratis/ratis-netty/0.5.0-201fc85-SNAPSHOT/ratis-netty-0.5.0-201fc85-SNAPSHOT.jar:/home/user/.m2/repository/org/apache/ratis/ratis-grpc/0.5.0-201fc85-SNAPSHOT/ratis-grpc-0.5.0-201fc85-SNAPSHOT.jar:/home/user/.m2/repository/org/rocksdb/rocksdbjni/6.0.1/rocksdbjni-6.0.1.jar:/home/user/.m2/repository/org/apache/logging/log4j/log4j-api/2.11.0/log4j-api-2.11.0.jar:/home/user/.m2/repository/org/apache/logging/log4j/log4j-core/2.11.0/log4j-core-2.11.0.jar:/home/user/.m2/repository/com/lmax/disruptor/3.4.2/disruptor-3.4.2.jar:/home/user/.m2/repository/org/apache/commons/commons-pool2/2.6.0/commons-pool2-2.6.0.jar:/home/user/.m2/repository/org/bouncycastle/bcpkix-jdk15on/1.60/bcpkix-jdk15on-1.60.jar:/home/user/.m2/repository/commons-validator/commons-validator/1.6/commons-validator-1.6.jar:/home/user/.m2/repository/commons-digester/commons-digester/1.8.1/commons-digester-1.8.1.jar:/home/user/.m2/repository/io/jaegertracing/jaeger-client/0.34.0/jaeger-client-0.34.0.jar:/home/user/.m2/repository/io/jaegertracing/jaeger-thrift/0.34.0/jaeger-thrift-0.34.0.jar:/home/user/.m2/repository/org/apache/thrift/libthrift/0.12.0/libthrift-0.12.0.jar:/home/user/.m2/repository/com/squareup/okhttp3/okhttp/3.9.0/okhttp-3.9.0.jar:/home/user/.m2/repository/com/squareup/okio/okio/1.13.0/okio-1.13.0.jar:/home/user/.m2/repository/io/jaegertracing/jaeger-core/0.34.0/jaeger-core-0.34.0.jar:/home/user/.m2/repository/io/jaegertracing/jaeger-tracerresolver/0.34.0/jaeger-tracerresolver-0.34.0.jar:/home/user/.m2/repository/io/opentracing/contrib/opentracing-tracerresolver/0.1.5/opentracing-tracerresolver-0.1.5.jar:/home/user/.m2/repository/io/opentracing/opentracing-util/0.31.0/opentracing-util-0.31.0.jar:/home/user/.m2/repository/io/opentracing/opentracing-api/0.31.0/opentracing-api-0.31.0.jar:/home/user/.m2/repository/io/opentracing/opentracing-noop/0.31.0/opentracing-noop-0.31.0.jar:/home/user/.m2/repository/org/apache/hadoop/hadoop-hdds-server-framework/0.5.0-SNAPSHOT/hadoop-hdds-server-framework-0.5.0-SNAPSHOT.jar:/home/user/.m2/repository/org/apache/hadoop/hadoop-hdds-container-service/0.5.0-SNAPSHOT/hadoop-hdds-container-service-0.5.0-SNAPSHOT.jar:/home/user/.m2/repository/org/apache/hadoop/hadoop-hdds-client/0.5.0-SNAPSHOT/hadoop-hdds-client-0.5.0-SNAPSHOT.jar:/home/user/.m2/repository/org/apache/hadoop/hadoop-hdds-tools/0.5.0-SNAPSHOT/hadoop-hdds-tools-0.5.0-SNAPSHOT.jar:/home/user/.m2/repository/org/apache/hadoop/hadoop-hdds-server-scm/0.5.0-SNAPSHOT/hadoop-hdds-server-scm-0.5.0-SNAPSHOT.jar:/home/user/.m2/repository/org/apache/hadoop/hadoop-hdds-docs/0.5.0-SNAPSHOT/hadoop-hdds-docs-0.5.0-SNAPSHOT.jar:/home/user/.m2/repository/io/dropwizard/metrics/metrics-core/3.2.4/metrics-core-3.2.4.jar:/home/user/.m2/repository/org/hamcrest/hamcrest-all/1.3/hamcrest-all-1.3.jar:/home/user/.m2/repository/org/bouncycastle/bcprov-jdk15on/1.60/bcprov-jdk15on-1.60.jar:/home/user/.m2/repository/info/picocli/picocli/3.9.6/picocli-3.9.6.jar:/home/user/.m2/repository/com/google/protobuf/protobuf-java/2.5.0/protobuf-java-2.5.0.jar:/home/user/.m2/repository/com/google/guava/guava/11.0.2/guava-11.0.2.jar:/home/user/.m2/repository/org/apache/hadoop/hadoop-ozone-ozone-manager/0.5.0-SNAPSHOT/hadoop-ozone-ozone-manager-0.5.0-SNAPSHOT.jar:/home/user/.m2/repository/org/apache/hadoop/hadoop-minikdc/3.2.0/hadoop-minikdc-3.2.0.jar:/home/user/.m2/repository/commons-io/commons-io/2.5/commons-io-2.5.jar:/home/user/.m2/repository/org/apache/kerby/kerb-simplekdc/1.0.1/kerb-simplekdc-1.0.1.jar:/home/user/.m2/repository/org/apache/kerby/kerb-client/1.0.1/kerb-client-1.0.1.jar:/home/user/.m2/repository/org/apache/kerby/kerby-config/1.0.1/kerby-config-1.0.1.jar:/home/user/.m2/repository/org/apache/kerby/kerb-core/1.0.1/kerb-core-1.0.1.jar:/home/user/.m2/repository/org/apache/kerby/kerby-pkix/1.0.1/kerby-pkix-1.0.1.jar:/home/user/.m2/repository/org/apache/kerby/kerby-asn1/1.0.1/kerby-asn1-1.0.1.jar:/home/user/.m2/repository/org/apache/kerby/kerby-util/1.0.1/kerby-util-1.0.1.jar:/home/user/.m2/repository/org/apache/kerby/kerb-common/1.0.1/kerb-common-1.0.1.jar:/home/user/.m2/repository/org/apache/kerby/kerb-crypto/1.0.1/kerb-crypto-1.0.1.jar:/home/user/.m2/repository/org/apache/kerby/kerb-util/1.0.1/kerb-util-1.0.1.jar:/home/user/.m2/repository/org/apache/kerby/token-provider/1.0.1/token-provider-1.0.1.jar:/home/user/.m2/repository/org/apache/kerby/kerb-admin/1.0.1/kerb-admin-1.0.1.jar:/home/user/.m2/repository/org/apache/kerby/kerb-server/1.0.1/kerb-server-1.0.1.jar:/home/user/.m2/repository/org/apache/kerby/kerb-identity/1.0.1/kerb-identity-1.0.1.jar:/home/user/.m2/repository/org/apache/kerby/kerby-xdr/1.0.1/kerby-xdr-1.0.1.jar:/home/user/.m2/repository/org/slf4j/slf4j-log4j12/1.7.25/slf4j-log4j12-1.7.25.jar:/home/user/.m2/repository/org/apache/hadoop/hadoop-ozone-s3gateway/0.5.0-SNAPSHOT/hadoop-ozone-s3gateway-0.5.0-SNAPSHOT.jar:/home/user/.m2/repository/org/jboss/weld/servlet/weld-servlet/2.4.7.Final/weld-servlet-2.4.7.Final.jar:/home/user/.m2/repository/org/glassfish/jersey/containers/jersey-container-servlet-core/2.27/jersey-container-servlet-core-2.27.jar:/home/user/.m2/repository/org/glassfish/hk2/external/javax.inject/2.5.0-b42/javax.inject-2.5.0-b42.jar:/home/user/.m2/repository/org/glassfish/jersey/core/jersey-common/2.27/jersey-common-2.27.jar:/home/user/.m2/repository/org/glassfish/hk2/osgi-resource-locator/1.0.1/osgi-resource-locator-1.0.1.jar:/home/user/.m2/repository/javax/ws/rs/javax.ws.rs-api/2.1/javax.ws.rs-api-2.1.jar:/home/user/.m2/repository/org/glassfish/jersey/ext/cdi/jersey-cdi1x/2.27/jersey-cdi1x-2.27.jar:/home/user/.m2/repository/org/glassfish/jersey/inject/jersey-hk2/2.27/jersey-hk2-2.27.jar:/home/user/.m2/repository/org/glassfish/hk2/hk2-locator/2.5.0-b42/hk2-locator-2.5.0-b42.jar:/home/user/.m2/repository/org/javassist/javassist/3.22.0-CR2/javassist-3.22.0-CR2.jar:/home/user/.m2/repository/org/glassfish/hk2/hk2-api/2.5.0/hk2-api-2.5.0.jar:/home/user/.m2/repository/org/glassfish/hk2/external/jakarta.inject/2.5.0/jakarta.inject-2.5.0.jar:/home/user/.m2/repository/org/glassfish/hk2/hk2-utils/2.5.0/hk2-utils-2.5.0.jar:/home/user/.m2/repository/jakarta/annotation/jakarta.annotation-api/1.3.4/jakarta.annotation-api-1.3.4.jar:/home/user/.m2/repository/org/glassfish/hk2/external/aopalliance-repackaged/2.5.0/aopalliance-repackaged-2.5.0.jar:/home/user/.m2/repository/com/fasterxml/jackson/dataformat/jackson-dataformat-xml/2.9.0/jackson-dataformat-xml-2.9.0.jar:/home/user/.m2/repository/com/fasterxml/jackson/core/jackson-core/2.9.9/jackson-core-2.9.9.jar:/home/user/.m2/repository/com/fasterxml/jackson/module/jackson-module-jaxb-annotations/2.9.9/jackson-module-jaxb-annotations-2.9.9.jar:/home/user/.m2/repository/javax/enterprise/cdi-api/1.2/cdi-api-1.2.jar:/home/user/.m2/repository/javax/el/javax.el-api/3.0.0/javax.el-api-3.0.0.jar:/home/user/.m2/repository/javax/interceptor/javax.interceptor-api/1.2/javax.interceptor-api-1.2.jar:/home/user/.m2/repository/javax/inject/javax.inject/1/javax.inject-1.jar:/home/user/.m2/repository/com/sun/xml/bind/jaxb-impl/2.3.0.1/jaxb-impl-2.3.0.1.jar:/home/user/.m2/repository/com/sun/xml/bind/jaxb-core/2.3.0.1/jaxb-core-2.3.0.1.jar:/home/user/.m2/repository/javax/xml/bind/jaxb-api/2.3.0/jaxb-api-2.3.0.jar:/home/user/.m2/repository/javax/activation/activation/1.1.1/activation-1.1.1.jar:/home/user/.m2/repository/org/apache/hadoop/hadoop-ozone-csi/0.5.0-SNAPSHOT/hadoop-ozone-csi-0.5.0-SNAPSHOT.jar:/home/user/.m2/repository/com/google/protobuf/protobuf-java-util/3.5.1/protobuf-java-util-3.5.1.jar:/home/user/.m2/repository/org/apache/hadoop/hadoop-hdds-config/0.5.0-SNAPSHOT/hadoop-hdds-config-0.5.0-SNAPSHOT.jar:/home/user/.m2/repository/io/grpc/grpc-netty/1.17.1/grpc-netty-1.17.1.jar:/home/user/.m2/repository/io/grpc/grpc-core/1.17.1/grpc-core-1.17.1.jar:/home/user/.m2/repository/io/grpc/grpc-context/1.17.1/grpc-context-1.17.1.jar:/home/user/.m2/repository/com/google/errorprone/error_prone_annotations/2.2.0/error_prone_annotations-2.2.0.jar:/home/user/.m2/repository/org/codehaus/mojo/animal-sniffer-annotations/1.17/animal-sniffer-annotations-1.17.jar:/home/user/.m2/repository/io/opencensus/opencensus-api/0.17.0/opencensus-api-0.17.0.jar:/home/user/.m2/repository/io/opencensus/opencensus-contrib-grpc-metrics/0.17.0/opencensus-contrib-grpc-metrics-0.17.0.jar:/home/user/.m2/repository/io/netty/netty-codec-http2/4.1.30.Final/netty-codec-http2-4.1.30.Final.jar:/home/user/.m2/repository/io/netty/netty-codec-http/4.1.30.Final/netty-codec-http-4.1.30.Final.jar:/home/user/.m2/repository/io/netty/netty-codec/4.1.30.Final/netty-codec-4.1.30.Final.jar:/home/user/.m2/repository/io/netty/netty-handler/4.1.30.Final/netty-handler-4.1.30.Final.jar:/home/user/.m2/repository/io/netty/netty-handler-proxy/4.1.30.Final/netty-handler-proxy-4.1.30.Final.jar:/home/user/.m2/repository/io/netty/netty-codec-socks/4.1.30.Final/netty-codec-socks-4.1.30.Final.jar:/home/user/.m2/repository/io/netty/netty-transport-native-epoll/4.1.30.Final/netty-transport-native-epoll-4.1.30.Final.jar:/home/user/.m2/repository/io/netty/netty-common/4.1.30.Final/netty-common-4.1.30.Final.jar:/home/user/.m2/repository/io/netty/netty-buffer/4.1.30.Final/netty-buffer-4.1.30.Final.jar:/home/user/.m2/repository/io/netty/netty-transport/4.1.30.Final/netty-transport-4.1.30.Final.jar:/home/user/.m2/repository/io/netty/netty-resolver/4.1.30.Final/netty-resolver-4.1.30.Final.jar:/home/user/.m2/repository/io/netty/netty-transport-native-unix-common/4.1.30.Final/netty-transport-native-unix-common-4.1.30.Final.jar:/home/user/.m2/repository/io/grpc/grpc-protobuf/1.17.1/grpc-protobuf-1.17.1.jar:/home/user/.m2/repository/com/google/api/grpc/proto-google-common-protos/1.0.0/proto-google-common-protos-1.0.0.jar:/home/user/.m2/repository/io/grpc/grpc-protobuf-lite/1.17.1/grpc-protobuf-lite-1.17.1.jar:/home/user/.m2/repository/io/grpc/grpc-stub/1.17.1/grpc-stub-1.17.1.jar:/home/user/.m2/repository/org/apache/hadoop/hadoop-ozone-recon/0.5.0-SNAPSHOT/hadoop-ozone-recon-0.5.0-SNAPSHOT.jar:/home/user/.m2/repository/org/apache/hadoop/hadoop-ozone-reconcodegen/0.5.0-SNAPSHOT/hadoop-ozone-reconcodegen-0.5.0-SNAPSHOT.jar:/home/user/.m2/repository/com/google/inject/extensions/guice-multibindings/4.0/guice-multibindings-4.0.jar:/home/user/.m2/repository/com/google/inject/guice/4.0/guice-4.0.jar:/home/user/.m2/repository/aopalliance/aopalliance/1.0/aopalliance-1.0.jar:/home/user/.m2/repository/com/google/inject/extensions/guice-servlet/4.0/guice-servlet-4.0.jar:/home/user/.m2/repository/org/glassfish/jersey/containers/jersey-container-servlet/2.27/jersey-container-servlet-2.27.jar:/home/user/.m2/repository/org/glassfish/hk2/guice-bridge/2.5.0/guice-bridge-2.5.0.jar:/home/user/.m2/repository/org/glassfish/jersey/core/jersey-server/2.27/jersey-server-2.27.jar:/home/user/.m2/repository/org/glassfish/jersey/core/jersey-client/2.27/jersey-client-2.27.jar:/home/user/.m2/repository/org/glassfish/jersey/media/jersey-media-jaxb/2.27/jersey-media-jaxb-2.27.jar:/home/user/.m2/repository/javax/validation/validation-api/1.1.0.Final/validation-api-1.1.0.Final.jar:/home/user/.m2/repository/org/glassfish/jersey/media/jersey-media-json-jackson/2.27/jersey-media-json-jackson-2.27.jar:/home/user/.m2/repository/org/glassfish/jersey/ext/jersey-entity-filtering/2.27/jersey-entity-filtering-2.27.jar:/home/user/.m2/repository/com/google/inject/extensions/guice-assistedinject/4.0/guice-assistedinject-4.0.jar:/home/user/.m2/repository/org/jooq/jooq/3.11.10/jooq-3.11.10.jar:/home/user/.m2/repository/org/jooq/jooq-meta/3.11.10/jooq-meta-3.11.10.jar:/home/user/.m2/repository/org/jooq/jooq-codegen/3.11.10/jooq-codegen-3.11.10.jar:/home/user/.m2/repository/com/jolbox/bonecp/0.8.0.RELEASE/bonecp-0.8.0.RELEASE.jar:/home/user/.m2/repository/org/xerial/sqlite-jdbc/3.25.2/sqlite-jdbc-3.25.2.jar:/home/user/.m2/repository/org/springframework/spring-jdbc/5.1.3.RELEASE/spring-jdbc-5.1.3.RELEASE.jar:/home/user/.m2/repository/org/springframework/spring-beans/5.1.3.RELEASE/spring-beans-5.1.3.RELEASE.jar:/home/user/.m2/repository/org/springframework/spring-core/5.1.3.RELEASE/spring-core-5.1.3.RELEASE.jar:/home/user/.m2/repository/org/springframework/spring-jcl/5.1.3.RELEASE/spring-jcl-5.1.3.RELEASE.jar:/home/user/.m2/repository/org/springframework/spring-tx/5.1.3.RELEASE/spring-tx-5.1.3.RELEASE.jar:/home/user/.m2/repository/org/apache/hadoop/hadoop-ozone-client/0.5.0-SNAPSHOT/hadoop-ozone-client-0.5.0-SNAPSHOT.jar:/home/user/.m2/repository/commons-lang/commons-lang/2.6/commons-lang-2.6.jar:/home/user/.m2/repository/org/apache/hadoop/hadoop-ozone-ozone-manager/0.5.0-SNAPSHOT/hadoop-ozone-ozone-manager-0.5.0-SNAPSHOT-tests.jar:/home/user/.m2/repository/junit/junit/4.11/junit-4.11.jar:/home/user/.m2/repository/org/hamcrest/hamcrest-core/1.3/hamcrest-core-1.3.jar:/home/user/.m2/repository/org/openjdk/jmh/jmh-core/1.19/jmh-core-1.19.jar:/home/user/.m2/repository/net/sf/jopt-simple/jopt-simple/4.6/jopt-simple-4.6.jar:/home/user/.m2/repository/org/apache/commons/commons-math3/3.1.1/commons-math3-3.1.1.jar:/home/user/.m2/repository/org/openjdk/jmh/jmh-generator-annprocess/1.19/jmh-generator-annprocess-1.19.jar:/home/user/.m2/repository/org/mockito/mockito-all/1.8.5/mockito-all-1.8.5.jar:/home/user/.m2/repository/org/apache/hadoop/hadoop-kms/3.2.0/hadoop-kms-3.2.0.jar:/home/user/.m2/repository/org/apache/hadoop/hadoop-auth/3.2.0/hadoop-auth-3.2.0.jar:/home/user/.m2/repository/com/nimbusds/nimbus-jose-jwt/4.41.1/nimbus-jose-jwt-4.41.1.jar:/home/user/.m2/repository/com/github/stephenc/jcip/jcip-annotations/1.0-1/jcip-annotations-1.0-1.jar:/home/user/.m2/repository/net/minidev/json-smart/2.3/json-smart-2.3.jar:/home/user/.m2/repository/net/minidev/accessors-smart/1.2/accessors-smart-1.2.jar:/home/user/.m2/repository/org/ow2/asm/asm/5.0.4/asm-5.0.4.jar:/home/user/.m2/repository/org/apache/curator/curator-framework/2.12.0/curator-framework-2.12.0.jar:/home/user/.m2/repository/com/sun/jersey/jersey-core/1.19/jersey-core-1.19.jar:/home/user/.m2/repository/javax/ws/rs/jsr311-api/1.1.1/jsr311-api-1.1.1.jar:/home/user/.m2/repository/com/sun/jersey/jersey-server/1.19/jersey-server-1.19.jar:/home/user/.m2/repository/javax/servlet/javax.servlet-api/3.1.0/javax.servlet-api-3.1.0.jar:/home/user/.m2/repository/org/eclipse/jetty/jetty-server/9.3.25.v20180904/jetty-server-9.3.25.v20180904.jar:/home/user/.m2/repository/org/eclipse/jetty/jetty-http/9.3.25.v20180904/jetty-http-9.3.25.v20180904.jar:/home/user/.m2/repository/org/eclipse/jetty/jetty-io/9.3.25.v20180904/jetty-io-9.3.25.v20180904.jar:/home/user/.m2/repository/org/eclipse/jetty/jetty-webapp/9.3.25.v20180904/jetty-webapp-9.3.25.v20180904.jar:/home/user/.m2/repository/org/eclipse/jetty/jetty-xml/9.3.25.v20180904/jetty-xml-9.3.25.v20180904.jar:/home/user/.m2/repository/log4j/log4j/1.2.17/log4j-1.2.17.jar:/home/user/.m2/repository/org/slf4j/slf4j-api/1.7.25/slf4j-api-1.7.25.jar:/home/user/.m2/repository/org/slf4j/jul-to-slf4j/1.7.25/jul-to-slf4j-1.7.25.jar:/home/user/.m2/repository/org/eclipse/jetty/jetty-util/9.3.25.v20180904/jetty-util-9.3.25.v20180904.jar:/home/user/.m2/repository/com/fasterxml/jackson/core/jackson-databind/2.9.9/jackson-databind-2.9.9.jar:/home/user/.m2/repository/org/apache/hadoop/hadoop-kms/3.2.0/hadoop-kms-3.2.0-tests.jar:/home/user/.m2/repository/org/apache/hadoop/hadoop-hdds-server-scm/0.5.0-SNAPSHOT/hadoop-hdds-server-scm-0.5.0-SNAPSHOT-tests.jar:/home/user/.m2/repository/org/apache/hadoop/hadoop-hdds-container-service/0.5.0-SNAPSHOT/hadoop-hdds-container-service-0.5.0-SNAPSHOT-tests.jar:/home/user/.m2/repository/org/yaml/snakeyaml/1.16/snakeyaml-1.16.jar:/home/user/.m2/repository/org/apache/hadoop/hadoop-common/3.2.0/hadoop-common-3.2.0-tests.jar:/home/user/.m2/repository/org/apache/hadoop/hadoop-annotations/3.2.0/hadoop-annotations-3.2.0.jar:/usr/lib/jvm/java-1.8-openjdk/jre/../lib/tools.jar:/home/user/.m2/repository/commons-cli/commons-cli/1.2/commons-cli-1.2.jar:/home/user/.m2/repository/org/apache/httpcomponents/httpclient/4.5.2/httpclient-4.5.2.jar:/home/user/.m2/repository/org/apache/httpcomponents/httpcore/4.4.4/httpcore-4.4.4.jar:/home/user/.m2/repository/commons-codec/commons-codec/1.11/commons-codec-1.11.jar:/home/user/.m2/repository/commons-net/commons-net/3.6/commons-net-3.6.jar:/home/user/.m2/repository/commons-collections/commons-collections/3.2.2/commons-collections-3.2.2.jar:/home/user/.m2/repository/org/eclipse/jetty/jetty-servlet/9.3.25.v20180904/jetty-servlet-9.3.25.v20180904.jar:/home/user/.m2/repository/org/eclipse/jetty/jetty-security/9.3.25.v20180904/jetty-security-9.3.25.v20180904.jar:/home/user/.m2/repository/javax/servlet/jsp/jsp-api/2.1/jsp-api-2.1.jar:/home/user/.m2/repository/com/sun/jersey/jersey-servlet/1.19/jersey-servlet-1.19.jar:/home/user/.m2/repository/com/sun/jersey/jersey-json/1.19/jersey-json-1.19.jar:/home/user/.m2/repository/org/codehaus/jettison/jettison/1.1/jettison-1.1.jar:/home/user/.m2/repository/org/codehaus/jackson/jackson-core-asl/1.9.13/jackson-core-asl-1.9.13.jar:/home/user/.m2/repository/org/codehaus/jackson/jackson-mapper-asl/1.9.13/jackson-mapper-asl-1.9.13.jar:/home/user/.m2/repository/org/codehaus/jackson/jackson-jaxrs/1.9.13/jackson-jaxrs-1.9.13.jar:/home/user/.m2/repository/org/codehaus/jackson/jackson-xc/1.9.13/jackson-xc-1.9.13.jar:/home/user/.m2/repository/commons-logging/commons-logging/1.1.3/commons-logging-1.1.3.jar:/home/user/.m2/repository/commons-beanutils/commons-beanutils/1.9.4/commons-beanutils-1.9.4.jar:/home/user/.m2/repository/org/apache/commons/commons-configuration2/2.1.1/commons-configuration2-2.1.1.jar:/home/user/.m2/repository/org/apache/commons/commons-lang3/3.7/commons-lang3-3.7.jar:/home/user/.m2/repository/org/apache/commons/commons-text/1.4/commons-text-1.4.jar:/home/user/.m2/repository/org/apache/avro/avro/1.7.7/avro-1.7.7.jar:/home/user/.m2/repository/com/thoughtworks/paranamer/paranamer/2.3/paranamer-2.3.jar:/home/user/.m2/repository/org/xerial/snappy/snappy-java/1.0.5/snappy-java-1.0.5.jar:/home/user/.m2/repository/com/google/re2j/re2j/1.1/re2j-1.1.jar:/home/user/.m2/repository/com/google/code/gson/gson/2.2.4/gson-2.2.4.jar:/home/user/.m2/repository/com/jcraft/jsch/0.1.54/jsch-0.1.54.jar:/home/user/.m2/repository/org/apache/curator/curator-client/2.12.0/curator-client-2.12.0.jar:/home/user/.m2/repository/org/apache/curator/curator-recipes/2.12.0/curator-recipes-2.12.0.jar:/home/user/.m2/repository/com/google/code/findbugs/jsr305/3.0.0/jsr305-3.0.0.jar:/home/user/.m2/repository/org/apache/htrace/htrace-core4/4.1.0-incubating/htrace-core4-4.1.0-incubating.jar:/home/user/.m2/repository/org/apache/zookeeper/zookeeper/3.4.13/zookeeper-3.4.13.jar:/home/user/.m2/repository/jline/jline/0.9.94/jline-0.9.94.jar:/home/user/.m2/repository/org/apache/yetus/audience-annotations/0.5.0/audience-annotations-0.5.0.jar:/home/user/.m2/repository/org/codehaus/woodstox/stax2-api/3.1.4/stax2-api-3.1.4.jar:/home/user/.m2/repository/com/fasterxml/woodstox/woodstox-core/5.0.3/woodstox-core-5.0.3.jar:/home/user/.m2/repository/dnsjava/dnsjava/2.1.7/dnsjava-2.1.7.jar:/home/user/.m2/repository/org/apache/hadoop/hadoop-hdfs/3.2.0/hadoop-hdfs-3.2.0-tests.jar:/home/user/.m2/repository/org/eclipse/jetty/jetty-util-ajax/9.3.25.v20180904/jetty-util-ajax-9.3.25.v20180904.jar:/home/user/.m2/repository/commons-daemon/commons-daemon/1.0.13/commons-daemon-1.0.13.jar:/home/user/.m2/repository/io/netty/netty/3.10.5.Final/netty-3.10.5.Final.jar:/home/user/.m2/repository/io/netty/netty-all/4.0.52.Final/netty-all-4.0.52.Final.jar:/home/user/.m2/repository/org/fusesource/leveldbjni/leveldbjni-all/1.8/leveldbjni-all-1.8.jar:"/>
    <property name="java.vm.vendor" value="IcedTea"/>
    <property name="sun.arch.data.model" value="64"/>
    <property name="test.build.dir" value="/workdir/hadoop-ozone/integration-test/target/test-dir"/>
    <property name="test.cache.data" value=""/>
    <property name="java.vendor.url" value="https://icedtea.classpath.org"/>
    <property name="user.timezone" value=""/>
    <property name="java.vm.specification.version" value="1.8"/>
    <property name="os.name" value="Linux"/>
    <property name="test.build.data" value="/workdir/hadoop-ozone/integration-test/target/test-dir"/>
    <property name="user.country" value="US"/>
    <property name="sun.java.launcher" value="SUN_STANDARD"/>
    <property name="sun.boot.library.path" value="/usr/lib/jvm/java-1.8-openjdk/jre/lib/amd64"/>
    <property name="sun.java.command" value="/workdir/hadoop-ozone/integration-test/target/surefire/surefirebooter7170704636327994634.jar /workdir/hadoop-ozone/integration-test/target/surefire 2019-10-10T12-39-59_080-jvmRun1 surefire5355676560067100570tmp surefire_585345343577846763783tmp"/>
    <property name="test" value="!TestMiniChaosOzoneCluster"/>
    <property name="surefire.test.class.path" value="/workdir/hadoop-ozone/integration-test/target/test-classes:/workdir/hadoop-ozone/integration-test/target/classes:/home/user/.m2/repository/org/apache/hadoop/hadoop-ozone-common/0.5.0-SNAPSHOT/hadoop-ozone-common-0.5.0-SNAPSHOT.jar:/home/user/.m2/repository/org/apache/commons/commons-compress/1.4.1/commons-compress-1.4.1.jar:/home/user/.m2/repository/org/tukaani/xz/1.0/xz-1.0.jar:/home/user/.m2/repository/org/apache/hadoop/hadoop-common/3.2.0/hadoop-common-3.2.0.jar:/home/user/.m2/repository/org/apache/hadoop/hadoop-hdfs/3.2.0/hadoop-hdfs-3.2.0.jar:/home/user/.m2/repository/org/apache/hadoop/hadoop-hdfs-client/3.2.0/hadoop-hdfs-client-3.2.0.jar:/home/user/.m2/repository/com/fasterxml/jackson/core/jackson-annotations/2.9.9/jackson-annotations-2.9.9.jar:/home/user/.m2/repository/org/apache/hadoop/hadoop-hdds-common/0.5.0-SNAPSHOT/hadoop-hdds-common-0.5.0-SNAPSHOT.jar:/home/user/.m2/repository/javax/annotation/javax.annotation-api/1.2/javax.annotation-api-1.2.jar:/home/user/.m2/repository/org/apache/ratis/ratis-server/0.5.0-201fc85-SNAPSHOT/ratis-server-0.5.0-201fc85-SNAPSHOT.jar:/home/user/.m2/repository/org/apache/ratis/ratis-thirdparty-misc/0.2.0/ratis-thirdparty-misc-0.2.0.jar:/home/user/.m2/repository/org/apache/ratis/ratis-proto/0.5.0-201fc85-SNAPSHOT/ratis-proto-0.5.0-201fc85-SNAPSHOT.jar:/home/user/.m2/repository/org/apache/ratis/ratis-common/0.5.0-201fc85-SNAPSHOT/ratis-common-0.5.0-201fc85-SNAPSHOT.jar:/home/user/.m2/repository/org/apache/ratis/ratis-client/0.5.0-201fc85-SNAPSHOT/ratis-client-0.5.0-201fc85-SNAPSHOT.jar:/home/user/.m2/repository/org/apache/ratis/ratis-metrics/0.5.0-201fc85-SNAPSHOT/ratis-metrics-0.5.0-201fc85-SNAPSHOT.jar:/home/user/.m2/repository/com/github/joshelser/dropwizard-metrics-hadoop-metrics2-reporter/0.1.2/dropwizard-metrics-hadoop-metrics2-reporter-0.1.2.jar:/home/user/.m2/repository/io/dropwizard/metrics/metrics-jvm/3.2.5/metrics-jvm-3.2.5.jar:/home/user/.m2/repository/io/dropwizard/metrics/metrics-ganglia/3.2.5/metrics-ganglia-3.2.5.jar:/home/user/.m2/repository/info/ganglia/gmetric4j/gmetric4j/1.0.7/gmetric4j-1.0.7.jar:/home/user/.m2/repository/org/apache/ratis/ratis-netty/0.5.0-201fc85-SNAPSHOT/ratis-netty-0.5.0-201fc85-SNAPSHOT.jar:/home/user/.m2/repository/org/apache/ratis/ratis-grpc/0.5.0-201fc85-SNAPSHOT/ratis-grpc-0.5.0-201fc85-SNAPSHOT.jar:/home/user/.m2/repository/org/rocksdb/rocksdbjni/6.0.1/rocksdbjni-6.0.1.jar:/home/user/.m2/repository/org/apache/logging/log4j/log4j-api/2.11.0/log4j-api-2.11.0.jar:/home/user/.m2/repository/org/apache/logging/log4j/log4j-core/2.11.0/log4j-core-2.11.0.jar:/home/user/.m2/repository/com/lmax/disruptor/3.4.2/disruptor-3.4.2.jar:/home/user/.m2/repository/org/apache/commons/commons-pool2/2.6.0/commons-pool2-2.6.0.jar:/home/user/.m2/repository/org/bouncycastle/bcpkix-jdk15on/1.60/bcpkix-jdk15on-1.60.jar:/home/user/.m2/repository/commons-validator/commons-validator/1.6/commons-validator-1.6.jar:/home/user/.m2/repository/commons-digester/commons-digester/1.8.1/commons-digester-1.8.1.jar:/home/user/.m2/repository/io/jaegertracing/jaeger-client/0.34.0/jaeger-client-0.34.0.jar:/home/user/.m2/repository/io/jaegertracing/jaeger-thrift/0.34.0/jaeger-thrift-0.34.0.jar:/home/user/.m2/repository/org/apache/thrift/libthrift/0.12.0/libthrift-0.12.0.jar:/home/user/.m2/repository/com/squareup/okhttp3/okhttp/3.9.0/okhttp-3.9.0.jar:/home/user/.m2/repository/com/squareup/okio/okio/1.13.0/okio-1.13.0.jar:/home/user/.m2/repository/io/jaegertracing/jaeger-core/0.34.0/jaeger-core-0.34.0.jar:/home/user/.m2/repository/io/jaegertracing/jaeger-tracerresolver/0.34.0/jaeger-tracerresolver-0.34.0.jar:/home/user/.m2/repository/io/opentracing/contrib/opentracing-tracerresolver/0.1.5/opentracing-tracerresolver-0.1.5.jar:/home/user/.m2/repository/io/opentracing/opentracing-util/0.31.0/opentracing-util-0.31.0.jar:/home/user/.m2/repository/io/opentracing/opentracing-api/0.31.0/opentracing-api-0.31.0.jar:/home/user/.m2/repository/io/opentracing/opentracing-noop/0.31.0/opentracing-noop-0.31.0.jar:/home/user/.m2/repository/org/apache/hadoop/hadoop-hdds-server-framework/0.5.0-SNAPSHOT/hadoop-hdds-server-framework-0.5.0-SNAPSHOT.jar:/home/user/.m2/repository/org/apache/hadoop/hadoop-hdds-container-service/0.5.0-SNAPSHOT/hadoop-hdds-container-service-0.5.0-SNAPSHOT.jar:/home/user/.m2/repository/org/apache/hadoop/hadoop-hdds-client/0.5.0-SNAPSHOT/hadoop-hdds-client-0.5.0-SNAPSHOT.jar:/home/user/.m2/repository/org/apache/hadoop/hadoop-hdds-tools/0.5.0-SNAPSHOT/hadoop-hdds-tools-0.5.0-SNAPSHOT.jar:/home/user/.m2/repository/org/apache/hadoop/hadoop-hdds-server-scm/0.5.0-SNAPSHOT/hadoop-hdds-server-scm-0.5.0-SNAPSHOT.jar:/home/user/.m2/repository/org/apache/hadoop/hadoop-hdds-docs/0.5.0-SNAPSHOT/hadoop-hdds-docs-0.5.0-SNAPSHOT.jar:/home/user/.m2/repository/io/dropwizard/metrics/metrics-core/3.2.4/metrics-core-3.2.4.jar:/home/user/.m2/repository/org/hamcrest/hamcrest-all/1.3/hamcrest-all-1.3.jar:/home/user/.m2/repository/org/bouncycastle/bcprov-jdk15on/1.60/bcprov-jdk15on-1.60.jar:/home/user/.m2/repository/info/picocli/picocli/3.9.6/picocli-3.9.6.jar:/home/user/.m2/repository/com/google/protobuf/protobuf-java/2.5.0/protobuf-java-2.5.0.jar:/home/user/.m2/repository/com/google/guava/guava/11.0.2/guava-11.0.2.jar:/home/user/.m2/repository/org/apache/hadoop/hadoop-ozone-ozone-manager/0.5.0-SNAPSHOT/hadoop-ozone-ozone-manager-0.5.0-SNAPSHOT.jar:/home/user/.m2/repository/org/apache/hadoop/hadoop-minikdc/3.2.0/hadoop-minikdc-3.2.0.jar:/home/user/.m2/repository/commons-io/commons-io/2.5/commons-io-2.5.jar:/home/user/.m2/repository/org/apache/kerby/kerb-simplekdc/1.0.1/kerb-simplekdc-1.0.1.jar:/home/user/.m2/repository/org/apache/kerby/kerb-client/1.0.1/kerb-client-1.0.1.jar:/home/user/.m2/repository/org/apache/kerby/kerby-config/1.0.1/kerby-config-1.0.1.jar:/home/user/.m2/repository/org/apache/kerby/kerb-core/1.0.1/kerb-core-1.0.1.jar:/home/user/.m2/repository/org/apache/kerby/kerby-pkix/1.0.1/kerby-pkix-1.0.1.jar:/home/user/.m2/repository/org/apache/kerby/kerby-asn1/1.0.1/kerby-asn1-1.0.1.jar:/home/user/.m2/repository/org/apache/kerby/kerby-util/1.0.1/kerby-util-1.0.1.jar:/home/user/.m2/repository/org/apache/kerby/kerb-common/1.0.1/kerb-common-1.0.1.jar:/home/user/.m2/repository/org/apache/kerby/kerb-crypto/1.0.1/kerb-crypto-1.0.1.jar:/home/user/.m2/repository/org/apache/kerby/kerb-util/1.0.1/kerb-util-1.0.1.jar:/home/user/.m2/repository/org/apache/kerby/token-provider/1.0.1/token-provider-1.0.1.jar:/home/user/.m2/repository/org/apache/kerby/kerb-admin/1.0.1/kerb-admin-1.0.1.jar:/home/user/.m2/repository/org/apache/kerby/kerb-server/1.0.1/kerb-server-1.0.1.jar:/home/user/.m2/repository/org/apache/kerby/kerb-identity/1.0.1/kerb-identity-1.0.1.jar:/home/user/.m2/repository/org/apache/kerby/kerby-xdr/1.0.1/kerby-xdr-1.0.1.jar:/home/user/.m2/repository/org/slf4j/slf4j-log4j12/1.7.25/slf4j-log4j12-1.7.25.jar:/home/user/.m2/repository/org/apache/hadoop/hadoop-ozone-s3gateway/0.5.0-SNAPSHOT/hadoop-ozone-s3gateway-0.5.0-SNAPSHOT.jar:/home/user/.m2/repository/org/jboss/weld/servlet/weld-servlet/2.4.7.Final/weld-servlet-2.4.7.Final.jar:/home/user/.m2/repository/org/glassfish/jersey/containers/jersey-container-servlet-core/2.27/jersey-container-servlet-core-2.27.jar:/home/user/.m2/repository/org/glassfish/hk2/external/javax.inject/2.5.0-b42/javax.inject-2.5.0-b42.jar:/home/user/.m2/repository/org/glassfish/jersey/core/jersey-common/2.27/jersey-common-2.27.jar:/home/user/.m2/repository/org/glassfish/hk2/osgi-resource-locator/1.0.1/osgi-resource-locator-1.0.1.jar:/home/user/.m2/repository/javax/ws/rs/javax.ws.rs-api/2.1/javax.ws.rs-api-2.1.jar:/home/user/.m2/repository/org/glassfish/jersey/ext/cdi/jersey-cdi1x/2.27/jersey-cdi1x-2.27.jar:/home/user/.m2/repository/org/glassfish/jersey/inject/jersey-hk2/2.27/jersey-hk2-2.27.jar:/home/user/.m2/repository/org/glassfish/hk2/hk2-locator/2.5.0-b42/hk2-locator-2.5.0-b42.jar:/home/user/.m2/repository/org/javassist/javassist/3.22.0-CR2/javassist-3.22.0-CR2.jar:/home/user/.m2/repository/org/glassfish/hk2/hk2-api/2.5.0/hk2-api-2.5.0.jar:/home/user/.m2/repository/org/glassfish/hk2/external/jakarta.inject/2.5.0/jakarta.inject-2.5.0.jar:/home/user/.m2/repository/org/glassfish/hk2/hk2-utils/2.5.0/hk2-utils-2.5.0.jar:/home/user/.m2/repository/jakarta/annotation/jakarta.annotation-api/1.3.4/jakarta.annotation-api-1.3.4.jar:/home/user/.m2/repository/org/glassfish/hk2/external/aopalliance-repackaged/2.5.0/aopalliance-repackaged-2.5.0.jar:/home/user/.m2/repository/com/fasterxml/jackson/dataformat/jackson-dataformat-xml/2.9.0/jackson-dataformat-xml-2.9.0.jar:/home/user/.m2/repository/com/fasterxml/jackson/core/jackson-core/2.9.9/jackson-core-2.9.9.jar:/home/user/.m2/repository/com/fasterxml/jackson/module/jackson-module-jaxb-annotations/2.9.9/jackson-module-jaxb-annotations-2.9.9.jar:/home/user/.m2/repository/javax/enterprise/cdi-api/1.2/cdi-api-1.2.jar:/home/user/.m2/repository/javax/el/javax.el-api/3.0.0/javax.el-api-3.0.0.jar:/home/user/.m2/repository/javax/interceptor/javax.interceptor-api/1.2/javax.interceptor-api-1.2.jar:/home/user/.m2/repository/javax/inject/javax.inject/1/javax.inject-1.jar:/home/user/.m2/repository/com/sun/xml/bind/jaxb-impl/2.3.0.1/jaxb-impl-2.3.0.1.jar:/home/user/.m2/repository/com/sun/xml/bind/jaxb-core/2.3.0.1/jaxb-core-2.3.0.1.jar:/home/user/.m2/repository/javax/xml/bind/jaxb-api/2.3.0/jaxb-api-2.3.0.jar:/home/user/.m2/repository/javax/activation/activation/1.1.1/activation-1.1.1.jar:/home/user/.m2/repository/org/apache/hadoop/hadoop-ozone-csi/0.5.0-SNAPSHOT/hadoop-ozone-csi-0.5.0-SNAPSHOT.jar:/home/user/.m2/repository/com/google/protobuf/protobuf-java-util/3.5.1/protobuf-java-util-3.5.1.jar:/home/user/.m2/repository/org/apache/hadoop/hadoop-hdds-config/0.5.0-SNAPSHOT/hadoop-hdds-config-0.5.0-SNAPSHOT.jar:/home/user/.m2/repository/io/grpc/grpc-netty/1.17.1/grpc-netty-1.17.1.jar:/home/user/.m2/repository/io/grpc/grpc-core/1.17.1/grpc-core-1.17.1.jar:/home/user/.m2/repository/io/grpc/grpc-context/1.17.1/grpc-context-1.17.1.jar:/home/user/.m2/repository/com/google/errorprone/error_prone_annotations/2.2.0/error_prone_annotations-2.2.0.jar:/home/user/.m2/repository/org/codehaus/mojo/animal-sniffer-annotations/1.17/animal-sniffer-annotations-1.17.jar:/home/user/.m2/repository/io/opencensus/opencensus-api/0.17.0/opencensus-api-0.17.0.jar:/home/user/.m2/repository/io/opencensus/opencensus-contrib-grpc-metrics/0.17.0/opencensus-contrib-grpc-metrics-0.17.0.jar:/home/user/.m2/repository/io/netty/netty-codec-http2/4.1.30.Final/netty-codec-http2-4.1.30.Final.jar:/home/user/.m2/repository/io/netty/netty-codec-http/4.1.30.Final/netty-codec-http-4.1.30.Final.jar:/home/user/.m2/repository/io/netty/netty-codec/4.1.30.Final/netty-codec-4.1.30.Final.jar:/home/user/.m2/repository/io/netty/netty-handler/4.1.30.Final/netty-handler-4.1.30.Final.jar:/home/user/.m2/repository/io/netty/netty-handler-proxy/4.1.30.Final/netty-handler-proxy-4.1.30.Final.jar:/home/user/.m2/repository/io/netty/netty-codec-socks/4.1.30.Final/netty-codec-socks-4.1.30.Final.jar:/home/user/.m2/repository/io/netty/netty-transport-native-epoll/4.1.30.Final/netty-transport-native-epoll-4.1.30.Final.jar:/home/user/.m2/repository/io/netty/netty-common/4.1.30.Final/netty-common-4.1.30.Final.jar:/home/user/.m2/repository/io/netty/netty-buffer/4.1.30.Final/netty-buffer-4.1.30.Final.jar:/home/user/.m2/repository/io/netty/netty-transport/4.1.30.Final/netty-transport-4.1.30.Final.jar:/home/user/.m2/repository/io/netty/netty-resolver/4.1.30.Final/netty-resolver-4.1.30.Final.jar:/home/user/.m2/repository/io/netty/netty-transport-native-unix-common/4.1.30.Final/netty-transport-native-unix-common-4.1.30.Final.jar:/home/user/.m2/repository/io/grpc/grpc-protobuf/1.17.1/grpc-protobuf-1.17.1.jar:/home/user/.m2/repository/com/google/api/grpc/proto-google-common-protos/1.0.0/proto-google-common-protos-1.0.0.jar:/home/user/.m2/repository/io/grpc/grpc-protobuf-lite/1.17.1/grpc-protobuf-lite-1.17.1.jar:/home/user/.m2/repository/io/grpc/grpc-stub/1.17.1/grpc-stub-1.17.1.jar:/home/user/.m2/repository/org/apache/hadoop/hadoop-ozone-recon/0.5.0-SNAPSHOT/hadoop-ozone-recon-0.5.0-SNAPSHOT.jar:/home/user/.m2/repository/org/apache/hadoop/hadoop-ozone-reconcodegen/0.5.0-SNAPSHOT/hadoop-ozone-reconcodegen-0.5.0-SNAPSHOT.jar:/home/user/.m2/repository/com/google/inject/extensions/guice-multibindings/4.0/guice-multibindings-4.0.jar:/home/user/.m2/repository/com/google/inject/guice/4.0/guice-4.0.jar:/home/user/.m2/repository/aopalliance/aopalliance/1.0/aopalliance-1.0.jar:/home/user/.m2/repository/com/google/inject/extensions/guice-servlet/4.0/guice-servlet-4.0.jar:/home/user/.m2/repository/org/glassfish/jersey/containers/jersey-container-servlet/2.27/jersey-container-servlet-2.27.jar:/home/user/.m2/repository/org/glassfish/hk2/guice-bridge/2.5.0/guice-bridge-2.5.0.jar:/home/user/.m2/repository/org/glassfish/jersey/core/jersey-server/2.27/jersey-server-2.27.jar:/home/user/.m2/repository/org/glassfish/jersey/core/jersey-client/2.27/jersey-client-2.27.jar:/home/user/.m2/repository/org/glassfish/jersey/media/jersey-media-jaxb/2.27/jersey-media-jaxb-2.27.jar:/home/user/.m2/repository/javax/validation/validation-api/1.1.0.Final/validation-api-1.1.0.Final.jar:/home/user/.m2/repository/org/glassfish/jersey/media/jersey-media-json-jackson/2.27/jersey-media-json-jackson-2.27.jar:/home/user/.m2/repository/org/glassfish/jersey/ext/jersey-entity-filtering/2.27/jersey-entity-filtering-2.27.jar:/home/user/.m2/repository/com/google/inject/extensions/guice-assistedinject/4.0/guice-assistedinject-4.0.jar:/home/user/.m2/repository/org/jooq/jooq/3.11.10/jooq-3.11.10.jar:/home/user/.m2/repository/org/jooq/jooq-meta/3.11.10/jooq-meta-3.11.10.jar:/home/user/.m2/repository/org/jooq/jooq-codegen/3.11.10/jooq-codegen-3.11.10.jar:/home/user/.m2/repository/com/jolbox/bonecp/0.8.0.RELEASE/bonecp-0.8.0.RELEASE.jar:/home/user/.m2/repository/org/xerial/sqlite-jdbc/3.25.2/sqlite-jdbc-3.25.2.jar:/home/user/.m2/repository/org/springframework/spring-jdbc/5.1.3.RELEASE/spring-jdbc-5.1.3.RELEASE.jar:/home/user/.m2/repository/org/springframework/spring-beans/5.1.3.RELEASE/spring-beans-5.1.3.RELEASE.jar:/home/user/.m2/repository/org/springframework/spring-core/5.1.3.RELEASE/spring-core-5.1.3.RELEASE.jar:/home/user/.m2/repository/org/springframework/spring-jcl/5.1.3.RELEASE/spring-jcl-5.1.3.RELEASE.jar:/home/user/.m2/repository/org/springframework/spring-tx/5.1.3.RELEASE/spring-tx-5.1.3.RELEASE.jar:/home/user/.m2/repository/org/apache/hadoop/hadoop-ozone-client/0.5.0-SNAPSHOT/hadoop-ozone-client-0.5.0-SNAPSHOT.jar:/home/user/.m2/repository/commons-lang/commons-lang/2.6/commons-lang-2.6.jar:/home/user/.m2/repository/org/apache/hadoop/hadoop-ozone-ozone-manager/0.5.0-SNAPSHOT/hadoop-ozone-ozone-manager-0.5.0-SNAPSHOT-tests.jar:/home/user/.m2/repository/junit/junit/4.11/junit-4.11.jar:/home/user/.m2/repository/org/hamcrest/hamcrest-core/1.3/hamcrest-core-1.3.jar:/home/user/.m2/repository/org/openjdk/jmh/jmh-core/1.19/jmh-core-1.19.jar:/home/user/.m2/repository/net/sf/jopt-simple/jopt-simple/4.6/jopt-simple-4.6.jar:/home/user/.m2/repository/org/apache/commons/commons-math3/3.1.1/commons-math3-3.1.1.jar:/home/user/.m2/repository/org/openjdk/jmh/jmh-generator-annprocess/1.19/jmh-generator-annprocess-1.19.jar:/home/user/.m2/repository/org/mockito/mockito-all/1.8.5/mockito-all-1.8.5.jar:/home/user/.m2/repository/org/apache/hadoop/hadoop-kms/3.2.0/hadoop-kms-3.2.0.jar:/home/user/.m2/repository/org/apache/hadoop/hadoop-auth/3.2.0/hadoop-auth-3.2.0.jar:/home/user/.m2/repository/com/nimbusds/nimbus-jose-jwt/4.41.1/nimbus-jose-jwt-4.41.1.jar:/home/user/.m2/repository/com/github/stephenc/jcip/jcip-annotations/1.0-1/jcip-annotations-1.0-1.jar:/home/user/.m2/repository/net/minidev/json-smart/2.3/json-smart-2.3.jar:/home/user/.m2/repository/net/minidev/accessors-smart/1.2/accessors-smart-1.2.jar:/home/user/.m2/repository/org/ow2/asm/asm/5.0.4/asm-5.0.4.jar:/home/user/.m2/repository/org/apache/curator/curator-framework/2.12.0/curator-framework-2.12.0.jar:/home/user/.m2/repository/com/sun/jersey/jersey-core/1.19/jersey-core-1.19.jar:/home/user/.m2/repository/javax/ws/rs/jsr311-api/1.1.1/jsr311-api-1.1.1.jar:/home/user/.m2/repository/com/sun/jersey/jersey-server/1.19/jersey-server-1.19.jar:/home/user/.m2/repository/javax/servlet/javax.servlet-api/3.1.0/javax.servlet-api-3.1.0.jar:/home/user/.m2/repository/org/eclipse/jetty/jetty-server/9.3.25.v20180904/jetty-server-9.3.25.v20180904.jar:/home/user/.m2/repository/org/eclipse/jetty/jetty-http/9.3.25.v20180904/jetty-http-9.3.25.v20180904.jar:/home/user/.m2/repository/org/eclipse/jetty/jetty-io/9.3.25.v20180904/jetty-io-9.3.25.v20180904.jar:/home/user/.m2/repository/org/eclipse/jetty/jetty-webapp/9.3.25.v20180904/jetty-webapp-9.3.25.v20180904.jar:/home/user/.m2/repository/org/eclipse/jetty/jetty-xml/9.3.25.v20180904/jetty-xml-9.3.25.v20180904.jar:/home/user/.m2/repository/log4j/log4j/1.2.17/log4j-1.2.17.jar:/home/user/.m2/repository/org/slf4j/slf4j-api/1.7.25/slf4j-api-1.7.25.jar:/home/user/.m2/repository/org/slf4j/jul-to-slf4j/1.7.25/jul-to-slf4j-1.7.25.jar:/home/user/.m2/repository/org/eclipse/jetty/jetty-util/9.3.25.v20180904/jetty-util-9.3.25.v20180904.jar:/home/user/.m2/repository/com/fasterxml/jackson/core/jackson-databind/2.9.9/jackson-databind-2.9.9.jar:/home/user/.m2/repository/org/apache/hadoop/hadoop-kms/3.2.0/hadoop-kms-3.2.0-tests.jar:/home/user/.m2/repository/org/apache/hadoop/hadoop-hdds-server-scm/0.5.0-SNAPSHOT/hadoop-hdds-server-scm-0.5.0-SNAPSHOT-tests.jar:/home/user/.m2/repository/org/apache/hadoop/hadoop-hdds-container-service/0.5.0-SNAPSHOT/hadoop-hdds-container-service-0.5.0-SNAPSHOT-tests.jar:/home/user/.m2/repository/org/yaml/snakeyaml/1.16/snakeyaml-1.16.jar:/home/user/.m2/repository/org/apache/hadoop/hadoop-common/3.2.0/hadoop-common-3.2.0-tests.jar:/home/user/.m2/repository/org/apache/hadoop/hadoop-annotations/3.2.0/hadoop-annotations-3.2.0.jar:/usr/lib/jvm/java-1.8-openjdk/jre/../lib/tools.jar:/home/user/.m2/repository/commons-cli/commons-cli/1.2/commons-cli-1.2.jar:/home/user/.m2/repository/org/apache/httpcomponents/httpclient/4.5.2/httpclient-4.5.2.jar:/home/user/.m2/repository/org/apache/httpcomponents/httpcore/4.4.4/httpcore-4.4.4.jar:/home/user/.m2/repository/commons-codec/commons-codec/1.11/commons-codec-1.11.jar:/home/user/.m2/repository/commons-net/commons-net/3.6/commons-net-3.6.jar:/home/user/.m2/repository/commons-collections/commons-collections/3.2.2/commons-collections-3.2.2.jar:/home/user/.m2/repository/org/eclipse/jetty/jetty-servlet/9.3.25.v20180904/jetty-servlet-9.3.25.v20180904.jar:/home/user/.m2/repository/org/eclipse/jetty/jetty-security/9.3.25.v20180904/jetty-security-9.3.25.v20180904.jar:/home/user/.m2/repository/javax/servlet/jsp/jsp-api/2.1/jsp-api-2.1.jar:/home/user/.m2/repository/com/sun/jersey/jersey-servlet/1.19/jersey-servlet-1.19.jar:/home/user/.m2/repository/com/sun/jersey/jersey-json/1.19/jersey-json-1.19.jar:/home/user/.m2/repository/org/codehaus/jettison/jettison/1.1/jettison-1.1.jar:/home/user/.m2/repository/org/codehaus/jackson/jackson-core-asl/1.9.13/jackson-core-asl-1.9.13.jar:/home/user/.m2/repository/org/codehaus/jackson/jackson-mapper-asl/1.9.13/jackson-mapper-asl-1.9.13.jar:/home/user/.m2/repository/org/codehaus/jackson/jackson-jaxrs/1.9.13/jackson-jaxrs-1.9.13.jar:/home/user/.m2/repository/org/codehaus/jackson/jackson-xc/1.9.13/jackson-xc-1.9.13.jar:/home/user/.m2/repository/commons-logging/commons-logging/1.1.3/commons-logging-1.1.3.jar:/home/user/.m2/repository/commons-beanutils/commons-beanutils/1.9.4/commons-beanutils-1.9.4.jar:/home/user/.m2/repository/org/apache/commons/commons-configuration2/2.1.1/commons-configuration2-2.1.1.jar:/home/user/.m2/repository/org/apache/commons/commons-lang3/3.7/commons-lang3-3.7.jar:/home/user/.m2/repository/org/apache/commons/commons-text/1.4/commons-text-1.4.jar:/home/user/.m2/repository/org/apache/avro/avro/1.7.7/avro-1.7.7.jar:/home/user/.m2/repository/com/thoughtworks/paranamer/paranamer/2.3/paranamer-2.3.jar:/home/user/.m2/repository/org/xerial/snappy/snappy-java/1.0.5/snappy-java-1.0.5.jar:/home/user/.m2/repository/com/google/re2j/re2j/1.1/re2j-1.1.jar:/home/user/.m2/repository/com/google/code/gson/gson/2.2.4/gson-2.2.4.jar:/home/user/.m2/repository/com/jcraft/jsch/0.1.54/jsch-0.1.54.jar:/home/user/.m2/repository/org/apache/curator/curator-client/2.12.0/curator-client-2.12.0.jar:/home/user/.m2/repository/org/apache/curator/curator-recipes/2.12.0/curator-recipes-2.12.0.jar:/home/user/.m2/repository/com/google/code/findbugs/jsr305/3.0.0/jsr305-3.0.0.jar:/home/user/.m2/repository/org/apache/htrace/htrace-core4/4.1.0-incubating/htrace-core4-4.1.0-incubating.jar:/home/user/.m2/repository/org/apache/zookeeper/zookeeper/3.4.13/zookeeper-3.4.13.jar:/home/user/.m2/repository/jline/jline/0.9.94/jline-0.9.94.jar:/home/user/.m2/repository/org/apache/yetus/audience-annotations/0.5.0/audience-annotations-0.5.0.jar:/home/user/.m2/repository/org/codehaus/woodstox/stax2-api/3.1.4/stax2-api-3.1.4.jar:/home/user/.m2/repository/com/fasterxml/woodstox/woodstox-core/5.0.3/woodstox-core-5.0.3.jar:/home/user/.m2/repository/dnsjava/dnsjava/2.1.7/dnsjava-2.1.7.jar:/home/user/.m2/repository/org/apache/hadoop/hadoop-hdfs/3.2.0/hadoop-hdfs-3.2.0-tests.jar:/home/user/.m2/repository/org/eclipse/jetty/jetty-util-ajax/9.3.25.v20180904/jetty-util-ajax-9.3.25.v20180904.jar:/home/user/.m2/repository/commons-daemon/commons-daemon/1.0.13/commons-daemon-1.0.13.jar:/home/user/.m2/repository/io/netty/netty/3.10.5.Final/netty-3.10.5.Final.jar:/home/user/.m2/repository/io/netty/netty-all/4.0.52.Final/netty-all-4.0.52.Final.jar:/home/user/.m2/repository/org/fusesource/leveldbjni/leveldbjni-all/1.8/leveldbjni-all-1.8.jar:"/>
    <property name="sun.cpu.endian" value="little"/>
    <property name="user.home" value="/home/user"/>
    <property name="user.language" value="en"/>
    <property name="java.specification.vendor" value="Oracle Corporation"/>
    <property name="java.home" value="/usr/lib/jvm/java-1.8-openjdk/jre"/>
    <property name="java.security.krb5.conf" value="/workdir/hadoop-ozone/integration-test/target/test-classes/krb5.conf"/>
    <property name="basedir" value="/workdir/hadoop-ozone/integration-test"/>
    <property name="file.separator" value="/"/>
    <property name="line.separator" value="&#10;"/>
    <property name="java.vm.specification.vendor" value="Oracle Corporation"/>
    <property name="java.specification.name" value="Java Platform API Specification"/>
    <property name="java.awt.graphicsenv" value="sun.awt.X11GraphicsEnvironment"/>
    <property name="surefire.real.class.path" value="/workdir/hadoop-ozone/integration-test/target/surefire/surefirebooter7170704636327994634.jar"/>
    <property name="hadoop.log.dir" value="/workdir/hadoop-ozone/integration-test/target/log"/>
    <property name="sun.boot.class.path" value="/usr/lib/jvm/java-1.8-openjdk/jre/lib/resources.jar:/usr/lib/jvm/java-1.8-openjdk/jre/lib/rt.jar:/usr/lib/jvm/java-1.8-openjdk/jre/lib/sunrsasign.jar:/usr/lib/jvm/java-1.8-openjdk/jre/lib/jsse.jar:/usr/lib/jvm/java-1.8-openjdk/jre/lib/jce.jar:/usr/lib/jvm/java-1.8-openjdk/jre/lib/charsets.jar:/usr/lib/jvm/java-1.8-openjdk/jre/lib/jfr.jar:/usr/lib/jvm/java-1.8-openjdk/jre/classes"/>
    <property name="sun.management.compiler" value="HotSpot 64-Bit Tiered Compilers"/>
    <property name="java.runtime.version" value="1.8.0_212-b04"/>
    <property name="java.net.preferIPv4Stack" value="true"/>
    <property name="user.name" value="jenkins1000"/>
    <property name="path.separator" value=":"/>
    <property name="java.security.egd" value="file:///dev/urandom"/>
    <property name="os.version" value="3.10.0-957.12.2.el7.x86_64"/>
    <property name="java.endorsed.dirs" value="/usr/lib/jvm/java-1.8-openjdk/jre/lib/endorsed"/>
    <property name="java.runtime.name" value="OpenJDK Runtime Environment"/>
    <property name="file.encoding" value="UTF-8"/>
    <property name="java.vm.name" value="OpenJDK 64-Bit Server VM"/>
    <property name="test.build.webapps" value=""/>
    <property name="localRepository" value="/home/user/.m2/repository"/>
    <property name="java.vendor.url.bug" value="https://icedtea.classpath.org/bugzilla"/>
    <property name="java.io.tmpdir" value="/tmp"/>
    <property name="require.test.libhadoop" value=""/>
    <property name="java.version" value="1.8.0_212"/>
    <property name="user.dir" value="/workdir/hadoop-ozone/integration-test"/>
    <property name="os.arch" value="amd64"/>
    <property name="java.vm.specification.name" value="Java Virtual Machine Specification"/>
    <property name="test.build.classes" value="/workdir/hadoop-ozone/integration-test/target/test-classes"/>
    <property name="java.awt.printerjob" value="sun.print.PSPrinterJob"/>
    <property name="sun.os.patch.level" value="unknown"/>
    <property name="hadoop.tmp.dir" value="/workdir/hadoop-ozone/integration-test/target/tmp"/>
    <property name="java.library.path" value="/usr/lib/jvm/java-1.8-openjdk/jre/lib/amd64/server:/usr/lib/jvm/java-1.8-openjdk/jre/lib/amd64:/usr/lib/jvm/java-1.8-openjdk/jre/../lib/amd64:/workdir/hadoop-ozone/integration-test/target/native/target/usr/local/lib:/workdir/hadoop-ozone/integration-test/../../hadoop-common-project/hadoop-common/target/native/target/usr/local/lib:/usr/java/packages/lib/amd64:/usr/lib64:/lib64:/lib:/usr/lib"/>
    <property name="java.vm.info" value="mixed mode"/>
    <property name="java.vendor" value="IcedTea"/>
    <property name="java.vm.version" value="25.212-b04"/>
    <property name="java.ext.dirs" value="/usr/lib/jvm/java-1.8-openjdk/jre/lib/ext:/usr/java/packages/lib/ext"/>
    <property name="sun.io.unicode.encoding" value="UnicodeLittle"/>
    <property name="java.class.version" value="52.0"/>
  </properties>
  <testcase name="testReleaseBuffers" classname="org.apache.hadoop.ozone.client.rpc.TestCommitWatcher" time="5.037"/>
  <testcase name="testReleaseBuffersOnException" classname="org.apache.hadoop.ozone.client.rpc.TestCommitWatcher" time="26.335">
    <failure type="java.lang.AssertionError">java.lang.AssertionError
	at org.junit.Assert.fail(Assert.java:86)
	at org.junit.Assert.assertTrue(Assert.java:41)
	at org.junit.Assert.assertTrue(Assert.java:52)
	at org.apache.hadoop.ozone.client.rpc.TestCommitWatcher.testReleaseBuffersOnException(TestCommitWatcher.java:284)
	at sun.reflect.NativeMethodAccessorImpl.invoke0(Native Method)
	at sun.reflect.NativeMethodAccessorImpl.invoke(NativeMethodAccessorImpl.java:62)
	at sun.reflect.DelegatingMethodAccessorImpl.invoke(DelegatingMethodAccessorImpl.java:43)
	at java.lang.reflect.Method.invoke(Method.java:498)
	at org.junit.runners.model.FrameworkMethod$1.runReflectiveCall(FrameworkMethod.java:47)
	at org.junit.internal.runners.model.ReflectiveCallable.run(ReflectiveCallable.java:12)
	at org.junit.runners.model.FrameworkMethod.invokeExplosively(FrameworkMethod.java:44)
	at org.junit.internal.runners.statements.InvokeMethod.evaluate(InvokeMethod.java:17)
	at org.junit.runners.ParentRunner.runLeaf(ParentRunner.java:271)
	at org.junit.runners.BlockJUnit4ClassRunner.runChild(BlockJUnit4ClassRunner.java:70)
	at org.junit.runners.BlockJUnit4ClassRunner.runChild(BlockJUnit4ClassRunner.java:50)
	at org.junit.runners.ParentRunner$3.run(ParentRunner.java:238)
	at org.junit.runners.ParentRunner$1.schedule(ParentRunner.java:63)
	at org.junit.runners.ParentRunner.runChildren(ParentRunner.java:236)
	at org.junit.runners.ParentRunner.access$000(ParentRunner.java:53)
	at org.junit.runners.ParentRunner$2.evaluate(ParentRunner.java:229)
	at org.junit.internal.runners.statements.RunBefores.evaluate(RunBefores.java:26)
	at org.junit.internal.runners.statements.RunAfters.evaluate(RunAfters.java:27)
	at org.junit.runners.ParentRunner.run(ParentRunner.java:309)
	at org.apache.maven.surefire.junit4.JUnit4Provider.execute(JUnit4Provider.java:365)
	at org.apache.maven.surefire.junit4.JUnit4Provider.executeWithRerun(JUnit4Provider.java:273)
	at org.apache.maven.surefire.junit4.JUnit4Provider.executeTestSet(JUnit4Provider.java:238)
	at org.apache.maven.surefire.junit4.JUnit4Provider.invoke(JUnit4Provider.java:159)
	at org.apache.maven.surefire.booter.ForkedBooter.invokeProviderInSameClassLoader(ForkedBooter.java:384)
	at org.apache.maven.surefire.booter.ForkedBooter.runSuitesInProcess(ForkedBooter.java:345)
	at org.apache.maven.surefire.booter.ForkedBooter.execute(ForkedBooter.java:126)
	at org.apache.maven.surefire.booter.ForkedBooter.main(ForkedBooter.java:418)
</failure>
    <system-out><![CDATA[2019-10-10 13:34:18,463 [Thread-328] INFO  impl.FollowerState (FollowerState.java:run(108)) - 8df8436d-3e3b-47cc-b382-8055fef2e241@group-0B66F88ECAC5-FollowerState: change to CANDIDATE, lastRpcTime:5204ms, electionTimeout:5197ms
2019-10-10 13:34:18,464 [Thread-328] INFO  impl.RoleInfo (RoleInfo.java:shutdownFollowerState(121)) - 8df8436d-3e3b-47cc-b382-8055fef2e241: shutdown FollowerState
2019-10-10 13:34:18,464 [Thread-328] INFO  impl.RaftServerImpl (RaftServerImpl.java:setRole(170)) - 8df8436d-3e3b-47cc-b382-8055fef2e241@group-0B66F88ECAC5: changes role from  FOLLOWER to CANDIDATE at term 2 for changeToCandidate
2019-10-10 13:34:18,464 [Thread-328] INFO  impl.RoleInfo (RoleInfo.java:updateAndGet(143)) - 8df8436d-3e3b-47cc-b382-8055fef2e241: start LeaderElection
2019-10-10 13:34:18,474 [Thread-335] INFO  impl.FollowerState (FollowerState.java:run(108)) - 61a2a155-4810-41b0-acd7-8ac7fa9d5303@group-0B66F88ECAC5-FollowerState: change to CANDIDATE, lastRpcTime:5071ms, electionTimeout:5068ms
2019-10-10 13:34:18,474 [Thread-335] INFO  impl.RoleInfo (RoleInfo.java:shutdownFollowerState(121)) - 61a2a155-4810-41b0-acd7-8ac7fa9d5303: shutdown FollowerState
2019-10-10 13:34:18,475 [Thread-335] INFO  impl.RaftServerImpl (RaftServerImpl.java:setRole(170)) - 61a2a155-4810-41b0-acd7-8ac7fa9d5303@group-0B66F88ECAC5: changes role from  FOLLOWER to CANDIDATE at term 2 for changeToCandidate
2019-10-10 13:34:18,475 [Thread-335] INFO  impl.RoleInfo (RoleInfo.java:updateAndGet(143)) - 61a2a155-4810-41b0-acd7-8ac7fa9d5303: start LeaderElection
2019-10-10 13:34:18,499 [8df8436d-3e3b-47cc-b382-8055fef2e241@group-0B66F88ECAC5-LeaderElection13] INFO  impl.LeaderElection (LeaderElection.java:askForVotes(178)) - 8df8436d-3e3b-47cc-b382-8055fef2e241@group-0B66F88ECAC5-LeaderElection13: begin an election at term 3 for -1: [61a2a155-4810-41b0-acd7-8ac7fa9d5303:192.168.164.230:39982, a007dcda-27d8-4120-b749-f2f49e3670c9:192.168.164.230:34879, 8df8436d-3e3b-47cc-b382-8055fef2e241:192.168.164.230:39616], old=null
2019-10-10 13:34:18,499 [61a2a155-4810-41b0-acd7-8ac7fa9d5303@group-0B66F88ECAC5-LeaderElection14] INFO  impl.LeaderElection (LeaderElection.java:askForVotes(178)) - 61a2a155-4810-41b0-acd7-8ac7fa9d5303@group-0B66F88ECAC5-LeaderElection14: begin an election at term 3 for -1: [61a2a155-4810-41b0-acd7-8ac7fa9d5303:192.168.164.230:39982, a007dcda-27d8-4120-b749-f2f49e3670c9:192.168.164.230:34879, 8df8436d-3e3b-47cc-b382-8055fef2e241:192.168.164.230:39616], old=null
2019-10-10 13:34:18,501 [Thread-340] INFO  impl.FollowerState (FollowerState.java:run(108)) - a007dcda-27d8-4120-b749-f2f49e3670c9@group-0B66F88ECAC5-FollowerState: change to CANDIDATE, lastRpcTime:5040ms, electionTimeout:5037ms
2019-10-10 13:34:18,501 [Thread-340] INFO  impl.RoleInfo (RoleInfo.java:shutdownFollowerState(121)) - a007dcda-27d8-4120-b749-f2f49e3670c9: shutdown FollowerState
2019-10-10 13:34:18,502 [Thread-340] INFO  impl.RaftServerImpl (RaftServerImpl.java:setRole(170)) - a007dcda-27d8-4120-b749-f2f49e3670c9@group-0B66F88ECAC5: changes role from  FOLLOWER to CANDIDATE at term 2 for changeToCandidate
2019-10-10 13:34:18,502 [Thread-340] INFO  impl.RoleInfo (RoleInfo.java:updateAndGet(143)) - a007dcda-27d8-4120-b749-f2f49e3670c9: start LeaderElection
2019-10-10 13:34:18,519 [a007dcda-27d8-4120-b749-f2f49e3670c9@group-0B66F88ECAC5-LeaderElection15] INFO  impl.LeaderElection (LeaderElection.java:askForVotes(178)) - a007dcda-27d8-4120-b749-f2f49e3670c9@group-0B66F88ECAC5-LeaderElection15: begin an election at term 3 for 0: [61a2a155-4810-41b0-acd7-8ac7fa9d5303:192.168.164.230:39982, a007dcda-27d8-4120-b749-f2f49e3670c9:192.168.164.230:34879, 8df8436d-3e3b-47cc-b382-8055fef2e241:192.168.164.230:39616], old=null
2019-10-10 13:34:18,520 [8df8436d-3e3b-47cc-b382-8055fef2e241@group-0B66F88ECAC5-LeaderElection13] INFO  impl.LeaderElection (LeaderElection.java:logAndReturn(56)) - 8df8436d-3e3b-47cc-b382-8055fef2e241@group-0B66F88ECAC5-LeaderElection13: Election REJECTED; received 2 response(s) [8df8436d-3e3b-47cc-b382-8055fef2e241<-61a2a155-4810-41b0-acd7-8ac7fa9d5303#0:FAIL-t3, 8df8436d-3e3b-47cc-b382-8055fef2e241<-a007dcda-27d8-4120-b749-f2f49e3670c9#0:FAIL-t3] and 0 exception(s); 8df8436d-3e3b-47cc-b382-8055fef2e241@group-0B66F88ECAC5:t3, leader=null, voted=8df8436d-3e3b-47cc-b382-8055fef2e241, raftlog=8df8436d-3e3b-47cc-b382-8055fef2e241@group-0B66F88ECAC5-SegmentedRaftLog:OPENED:c-1,f-1,i0, conf=-1: [61a2a155-4810-41b0-acd7-8ac7fa9d5303:192.168.164.230:39982, a007dcda-27d8-4120-b749-f2f49e3670c9:192.168.164.230:34879, 8df8436d-3e3b-47cc-b382-8055fef2e241:192.168.164.230:39616], old=null
2019-10-10 13:34:18,520 [61a2a155-4810-41b0-acd7-8ac7fa9d5303@group-0B66F88ECAC5-LeaderElection14] INFO  impl.LeaderElection (LeaderElection.java:logAndReturn(56)) - 61a2a155-4810-41b0-acd7-8ac7fa9d5303@group-0B66F88ECAC5-LeaderElection14: Election REJECTED; received 2 response(s) [61a2a155-4810-41b0-acd7-8ac7fa9d5303<-a007dcda-27d8-4120-b749-f2f49e3670c9#0:FAIL-t3, 61a2a155-4810-41b0-acd7-8ac7fa9d5303<-8df8436d-3e3b-47cc-b382-8055fef2e241#0:FAIL-t3] and 0 exception(s); 61a2a155-4810-41b0-acd7-8ac7fa9d5303@group-0B66F88ECAC5:t3, leader=null, voted=61a2a155-4810-41b0-acd7-8ac7fa9d5303, raftlog=61a2a155-4810-41b0-acd7-8ac7fa9d5303@group-0B66F88ECAC5-SegmentedRaftLog:OPENED:c-1,f-1,i0, conf=-1: [61a2a155-4810-41b0-acd7-8ac7fa9d5303:192.168.164.230:39982, a007dcda-27d8-4120-b749-f2f49e3670c9:192.168.164.230:34879, 8df8436d-3e3b-47cc-b382-8055fef2e241:192.168.164.230:39616], old=null
2019-10-10 13:34:18,520 [8df8436d-3e3b-47cc-b382-8055fef2e241@group-0B66F88ECAC5-LeaderElection13] INFO  impl.RaftServerImpl (RaftServerImpl.java:setRole(170)) - 8df8436d-3e3b-47cc-b382-8055fef2e241@group-0B66F88ECAC5: changes role from CANDIDATE to FOLLOWER at term 3 for DISCOVERED_A_NEW_TERM
2019-10-10 13:34:18,523 [61a2a155-4810-41b0-acd7-8ac7fa9d5303@group-0B66F88ECAC5-LeaderElection14] INFO  impl.RaftServerImpl (RaftServerImpl.java:setRole(170)) - 61a2a155-4810-41b0-acd7-8ac7fa9d5303@group-0B66F88ECAC5: changes role from CANDIDATE to FOLLOWER at term 3 for DISCOVERED_A_NEW_TERM
2019-10-10 13:34:18,525 [8df8436d-3e3b-47cc-b382-8055fef2e241@group-0B66F88ECAC5-LeaderElection13] INFO  impl.RoleInfo (RoleInfo.java:shutdownLeaderElection(134)) - 8df8436d-3e3b-47cc-b382-8055fef2e241: shutdown LeaderElection
2019-10-10 13:34:18,527 [61a2a155-4810-41b0-acd7-8ac7fa9d5303@group-0B66F88ECAC5-LeaderElection14] INFO  impl.RoleInfo (RoleInfo.java:shutdownLeaderElection(134)) - 61a2a155-4810-41b0-acd7-8ac7fa9d5303: shutdown LeaderElection
2019-10-10 13:34:18,528 [8df8436d-3e3b-47cc-b382-8055fef2e241@group-0B66F88ECAC5-LeaderElection13] INFO  impl.RoleInfo (RoleInfo.java:updateAndGet(143)) - 8df8436d-3e3b-47cc-b382-8055fef2e241: start FollowerState
2019-10-10 13:34:18,528 [61a2a155-4810-41b0-acd7-8ac7fa9d5303@group-0B66F88ECAC5-LeaderElection14] INFO  impl.RoleInfo (RoleInfo.java:updateAndGet(143)) - 61a2a155-4810-41b0-acd7-8ac7fa9d5303: start FollowerState
2019-10-10 13:34:18,545 [a007dcda-27d8-4120-b749-f2f49e3670c9@group-0B66F88ECAC5-LeaderElection15] INFO  impl.LeaderElection (LeaderElection.java:logAndReturn(56)) - a007dcda-27d8-4120-b749-f2f49e3670c9@group-0B66F88ECAC5-LeaderElection15: Election REJECTED; received 2 response(s) [a007dcda-27d8-4120-b749-f2f49e3670c9<-61a2a155-4810-41b0-acd7-8ac7fa9d5303#0:FAIL-t3, a007dcda-27d8-4120-b749-f2f49e3670c9<-8df8436d-3e3b-47cc-b382-8055fef2e241#0:FAIL-t3] and 0 exception(s); a007dcda-27d8-4120-b749-f2f49e3670c9@group-0B66F88ECAC5:t3, leader=null, voted=a007dcda-27d8-4120-b749-f2f49e3670c9, raftlog=a007dcda-27d8-4120-b749-f2f49e3670c9@group-0B66F88ECAC5-SegmentedRaftLog:OPENED:c-1,f0,i0, conf=0: [61a2a155-4810-41b0-acd7-8ac7fa9d5303:192.168.164.230:39982, a007dcda-27d8-4120-b749-f2f49e3670c9:192.168.164.230:34879, 8df8436d-3e3b-47cc-b382-8055fef2e241:192.168.164.230:39616], old=null
2019-10-10 13:34:18,546 [a007dcda-27d8-4120-b749-f2f49e3670c9@group-0B66F88ECAC5-LeaderElection15] INFO  impl.RaftServerImpl (RaftServerImpl.java:setRole(170)) - a007dcda-27d8-4120-b749-f2f49e3670c9@group-0B66F88ECAC5: changes role from CANDIDATE to FOLLOWER at term 3 for DISCOVERED_A_NEW_TERM
2019-10-10 13:34:18,547 [a007dcda-27d8-4120-b749-f2f49e3670c9@group-0B66F88ECAC5-LeaderElection15] INFO  impl.RoleInfo (RoleInfo.java:shutdownLeaderElection(134)) - a007dcda-27d8-4120-b749-f2f49e3670c9: shutdown LeaderElection
2019-10-10 13:34:18,547 [a007dcda-27d8-4120-b749-f2f49e3670c9@group-0B66F88ECAC5-LeaderElection15] INFO  impl.RoleInfo (RoleInfo.java:updateAndGet(143)) - a007dcda-27d8-4120-b749-f2f49e3670c9: start FollowerState
2019-10-10 13:34:23,585 [Thread-388] INFO  impl.FollowerState (FollowerState.java:run(108)) - 8df8436d-3e3b-47cc-b382-8055fef2e241@group-0B66F88ECAC5-FollowerState: change to CANDIDATE, lastRpcTime:5056ms, electionTimeout:5052ms
2019-10-10 13:34:23,587 [Thread-388] INFO  impl.RoleInfo (RoleInfo.java:shutdownFollowerState(121)) - 8df8436d-3e3b-47cc-b382-8055fef2e241: shutdown FollowerState
2019-10-10 13:34:23,587 [Thread-388] INFO  impl.RaftServerImpl (RaftServerImpl.java:setRole(170)) - 8df8436d-3e3b-47cc-b382-8055fef2e241@group-0B66F88ECAC5: changes role from  FOLLOWER to CANDIDATE at term 3 for changeToCandidate
2019-10-10 13:34:23,587 [Thread-388] INFO  impl.RoleInfo (RoleInfo.java:updateAndGet(143)) - 8df8436d-3e3b-47cc-b382-8055fef2e241: start LeaderElection
2019-10-10 13:34:23,618 [Thread-389] INFO  impl.FollowerState (FollowerState.java:run(108)) - 61a2a155-4810-41b0-acd7-8ac7fa9d5303@group-0B66F88ECAC5-FollowerState: change to CANDIDATE, lastRpcTime:5089ms, electionTimeout:5085ms
2019-10-10 13:34:23,618 [Thread-389] INFO  impl.RoleInfo (RoleInfo.java:shutdownFollowerState(121)) - 61a2a155-4810-41b0-acd7-8ac7fa9d5303: shutdown FollowerState
2019-10-10 13:34:23,618 [Thread-389] INFO  impl.RaftServerImpl (RaftServerImpl.java:setRole(170)) - 61a2a155-4810-41b0-acd7-8ac7fa9d5303@group-0B66F88ECAC5: changes role from  FOLLOWER to CANDIDATE at term 3 for changeToCandidate
2019-10-10 13:34:23,618 [Thread-389] INFO  impl.RoleInfo (RoleInfo.java:updateAndGet(143)) - 61a2a155-4810-41b0-acd7-8ac7fa9d5303: start LeaderElection
2019-10-10 13:34:23,627 [8df8436d-3e3b-47cc-b382-8055fef2e241@group-0B66F88ECAC5-LeaderElection16] INFO  impl.LeaderElection (LeaderElection.java:askForVotes(178)) - 8df8436d-3e3b-47cc-b382-8055fef2e241@group-0B66F88ECAC5-LeaderElection16: begin an election at term 4 for -1: [61a2a155-4810-41b0-acd7-8ac7fa9d5303:192.168.164.230:39982, a007dcda-27d8-4120-b749-f2f49e3670c9:192.168.164.230:34879, 8df8436d-3e3b-47cc-b382-8055fef2e241:192.168.164.230:39616], old=null
2019-10-10 13:34:23,630 [grpc-default-executor-4] INFO  impl.RaftServerImpl (RaftServerImpl.java:setRole(170)) - a007dcda-27d8-4120-b749-f2f49e3670c9@group-0B66F88ECAC5: changes role from  FOLLOWER to FOLLOWER at term 4 for recognizeCandidate:8df8436d-3e3b-47cc-b382-8055fef2e241
2019-10-10 13:34:23,630 [grpc-default-executor-4] INFO  impl.RoleInfo (RoleInfo.java:shutdownFollowerState(121)) - a007dcda-27d8-4120-b749-f2f49e3670c9: shutdown FollowerState
2019-10-10 13:34:23,631 [grpc-default-executor-4] INFO  impl.RoleInfo (RoleInfo.java:updateAndGet(143)) - a007dcda-27d8-4120-b749-f2f49e3670c9: start FollowerState
2019-10-10 13:34:23,631 [Thread-390] INFO  impl.FollowerState (FollowerState.java:run(117)) - a007dcda-27d8-4120-b749-f2f49e3670c9@group-0B66F88ECAC5-FollowerState was interrupted: java.lang.InterruptedException: sleep interrupted
2019-10-10 13:34:23,641 [61a2a155-4810-41b0-acd7-8ac7fa9d5303@group-0B66F88ECAC5-LeaderElection17] INFO  impl.LeaderElection (LeaderElection.java:askForVotes(178)) - 61a2a155-4810-41b0-acd7-8ac7fa9d5303@group-0B66F88ECAC5-LeaderElection17: begin an election at term 4 for -1: [61a2a155-4810-41b0-acd7-8ac7fa9d5303:192.168.164.230:39982, a007dcda-27d8-4120-b749-f2f49e3670c9:192.168.164.230:34879, 8df8436d-3e3b-47cc-b382-8055fef2e241:192.168.164.230:39616], old=null
2019-10-10 13:34:23,643 [8df8436d-3e3b-47cc-b382-8055fef2e241@group-0B66F88ECAC5-LeaderElection16] INFO  impl.LeaderElection (LeaderElection.java:logAndReturn(56)) - 8df8436d-3e3b-47cc-b382-8055fef2e241@group-0B66F88ECAC5-LeaderElection16: Election REJECTED; received 2 response(s) [8df8436d-3e3b-47cc-b382-8055fef2e241<-61a2a155-4810-41b0-acd7-8ac7fa9d5303#0:FAIL-t4, 8df8436d-3e3b-47cc-b382-8055fef2e241<-a007dcda-27d8-4120-b749-f2f49e3670c9#0:FAIL-t4] and 0 exception(s); 8df8436d-3e3b-47cc-b382-8055fef2e241@group-0B66F88ECAC5:t4, leader=null, voted=8df8436d-3e3b-47cc-b382-8055fef2e241, raftlog=8df8436d-3e3b-47cc-b382-8055fef2e241@group-0B66F88ECAC5-SegmentedRaftLog:OPENED:c-1,f-1,i0, conf=-1: [61a2a155-4810-41b0-acd7-8ac7fa9d5303:192.168.164.230:39982, a007dcda-27d8-4120-b749-f2f49e3670c9:192.168.164.230:34879, 8df8436d-3e3b-47cc-b382-8055fef2e241:192.168.164.230:39616], old=null
2019-10-10 13:34:23,643 [8df8436d-3e3b-47cc-b382-8055fef2e241@group-0B66F88ECAC5-LeaderElection16] INFO  impl.RaftServerImpl (RaftServerImpl.java:setRole(170)) - 8df8436d-3e3b-47cc-b382-8055fef2e241@group-0B66F88ECAC5: changes role from CANDIDATE to FOLLOWER at term 4 for DISCOVERED_A_NEW_TERM
2019-10-10 13:34:23,643 [8df8436d-3e3b-47cc-b382-8055fef2e241@group-0B66F88ECAC5-LeaderElection16] INFO  impl.RoleInfo (RoleInfo.java:shutdownLeaderElection(134)) - 8df8436d-3e3b-47cc-b382-8055fef2e241: shutdown LeaderElection
2019-10-10 13:34:23,644 [8df8436d-3e3b-47cc-b382-8055fef2e241@group-0B66F88ECAC5-LeaderElection16] INFO  impl.RoleInfo (RoleInfo.java:updateAndGet(143)) - 8df8436d-3e3b-47cc-b382-8055fef2e241: start FollowerState
2019-10-10 13:34:23,644 [grpc-default-executor-4] INFO  impl.RaftServerImpl (RaftServerImpl.java:setRole(170)) - a007dcda-27d8-4120-b749-f2f49e3670c9@group-0B66F88ECAC5: changes role from  FOLLOWER to FOLLOWER at term 4 for recognizeCandidate:61a2a155-4810-41b0-acd7-8ac7fa9d5303
2019-10-10 13:34:23,647 [grpc-default-executor-4] INFO  impl.RoleInfo (RoleInfo.java:shutdownFollowerState(121)) - a007dcda-27d8-4120-b749-f2f49e3670c9: shutdown FollowerState
2019-10-10 13:34:23,647 [grpc-default-executor-4] INFO  impl.RoleInfo (RoleInfo.java:updateAndGet(143)) - a007dcda-27d8-4120-b749-f2f49e3670c9: start FollowerState
2019-10-10 13:34:23,647 [Thread-409] INFO  impl.FollowerState (FollowerState.java:run(117)) - a007dcda-27d8-4120-b749-f2f49e3670c9@group-0B66F88ECAC5-FollowerState was interrupted: java.lang.InterruptedException: sleep interrupted
2019-10-10 13:34:23,651 [61a2a155-4810-41b0-acd7-8ac7fa9d5303@group-0B66F88ECAC5-LeaderElection17] INFO  impl.LeaderElection (LeaderElection.java:logAndReturn(56)) - 61a2a155-4810-41b0-acd7-8ac7fa9d5303@group-0B66F88ECAC5-LeaderElection17: Election REJECTED; received 2 response(s) [61a2a155-4810-41b0-acd7-8ac7fa9d5303<-a007dcda-27d8-4120-b749-f2f49e3670c9#0:FAIL-t4, 61a2a155-4810-41b0-acd7-8ac7fa9d5303<-8df8436d-3e3b-47cc-b382-8055fef2e241#0:FAIL-t4] and 0 exception(s); 61a2a155-4810-41b0-acd7-8ac7fa9d5303@group-0B66F88ECAC5:t4, leader=null, voted=61a2a155-4810-41b0-acd7-8ac7fa9d5303, raftlog=61a2a155-4810-41b0-acd7-8ac7fa9d5303@group-0B66F88ECAC5-SegmentedRaftLog:OPENED:c-1,f-1,i0, conf=-1: [61a2a155-4810-41b0-acd7-8ac7fa9d5303:192.168.164.230:39982, a007dcda-27d8-4120-b749-f2f49e3670c9:192.168.164.230:34879, 8df8436d-3e3b-47cc-b382-8055fef2e241:192.168.164.230:39616], old=null
2019-10-10 13:34:23,652 [61a2a155-4810-41b0-acd7-8ac7fa9d5303@group-0B66F88ECAC5-LeaderElection17] INFO  impl.RaftServerImpl (RaftServerImpl.java:setRole(170)) - 61a2a155-4810-41b0-acd7-8ac7fa9d5303@group-0B66F88ECAC5: changes role from CANDIDATE to FOLLOWER at term 4 for DISCOVERED_A_NEW_TERM
2019-10-10 13:34:23,652 [61a2a155-4810-41b0-acd7-8ac7fa9d5303@group-0B66F88ECAC5-LeaderElection17] INFO  impl.RoleInfo (RoleInfo.java:shutdownLeaderElection(134)) - 61a2a155-4810-41b0-acd7-8ac7fa9d5303: shutdown LeaderElection
2019-10-10 13:34:23,652 [61a2a155-4810-41b0-acd7-8ac7fa9d5303@group-0B66F88ECAC5-LeaderElection17] INFO  impl.RoleInfo (RoleInfo.java:updateAndGet(143)) - 61a2a155-4810-41b0-acd7-8ac7fa9d5303: start FollowerState
2019-10-10 13:34:28,652 [Thread-413] INFO  impl.FollowerState (FollowerState.java:run(108)) - a007dcda-27d8-4120-b749-f2f49e3670c9@group-0B66F88ECAC5-FollowerState: change to CANDIDATE, lastRpcTime:5004ms, electionTimeout:5002ms
2019-10-10 13:34:28,656 [Thread-413] INFO  impl.RoleInfo (RoleInfo.java:shutdownFollowerState(121)) - a007dcda-27d8-4120-b749-f2f49e3670c9: shutdown FollowerState
2019-10-10 13:34:28,657 [Thread-413] INFO  impl.RaftServerImpl (RaftServerImpl.java:setRole(170)) - a007dcda-27d8-4120-b749-f2f49e3670c9@group-0B66F88ECAC5: changes role from  FOLLOWER to CANDIDATE at term 4 for changeToCandidate
2019-10-10 13:34:28,657 [Thread-413] INFO  impl.RoleInfo (RoleInfo.java:updateAndGet(143)) - a007dcda-27d8-4120-b749-f2f49e3670c9: start LeaderElection
2019-10-10 13:34:28,674 [a007dcda-27d8-4120-b749-f2f49e3670c9@group-0B66F88ECAC5-LeaderElection18] INFO  impl.LeaderElection (LeaderElection.java:askForVotes(178)) - a007dcda-27d8-4120-b749-f2f49e3670c9@group-0B66F88ECAC5-LeaderElection18: begin an election at term 5 for 0: [61a2a155-4810-41b0-acd7-8ac7fa9d5303:192.168.164.230:39982, a007dcda-27d8-4120-b749-f2f49e3670c9:192.168.164.230:34879, 8df8436d-3e3b-47cc-b382-8055fef2e241:192.168.164.230:39616], old=null
2019-10-10 13:34:28,678 [grpc-default-executor-4] INFO  impl.RaftServerImpl (RaftServerImpl.java:setRole(170)) - 61a2a155-4810-41b0-acd7-8ac7fa9d5303@group-0B66F88ECAC5: changes role from  FOLLOWER to FOLLOWER at term 5 for recognizeCandidate:a007dcda-27d8-4120-b749-f2f49e3670c9
2019-10-10 13:34:28,678 [grpc-default-executor-4] INFO  impl.RoleInfo (RoleInfo.java:shutdownFollowerState(121)) - 61a2a155-4810-41b0-acd7-8ac7fa9d5303: shutdown FollowerState
2019-10-10 13:34:28,678 [grpc-default-executor-5] INFO  impl.RaftServerImpl (RaftServerImpl.java:setRole(170)) - 8df8436d-3e3b-47cc-b382-8055fef2e241@group-0B66F88ECAC5: changes role from  FOLLOWER to FOLLOWER at term 5 for recognizeCandidate:a007dcda-27d8-4120-b749-f2f49e3670c9
2019-10-10 13:34:28,679 [Thread-414] INFO  impl.FollowerState (FollowerState.java:run(117)) - 61a2a155-4810-41b0-acd7-8ac7fa9d5303@group-0B66F88ECAC5-FollowerState was interrupted: java.lang.InterruptedException: sleep interrupted
2019-10-10 13:34:28,679 [grpc-default-executor-4] INFO  impl.RoleInfo (RoleInfo.java:updateAndGet(143)) - 61a2a155-4810-41b0-acd7-8ac7fa9d5303: start FollowerState
2019-10-10 13:34:28,679 [grpc-default-executor-5] INFO  impl.RoleInfo (RoleInfo.java:shutdownFollowerState(121)) - 8df8436d-3e3b-47cc-b382-8055fef2e241: shutdown FollowerState
2019-10-10 13:34:28,682 [grpc-default-executor-5] INFO  impl.RoleInfo (RoleInfo.java:updateAndGet(143)) - 8df8436d-3e3b-47cc-b382-8055fef2e241: start FollowerState
2019-10-10 13:34:28,682 [Thread-412] INFO  impl.FollowerState (FollowerState.java:run(117)) - 8df8436d-3e3b-47cc-b382-8055fef2e241@group-0B66F88ECAC5-FollowerState was interrupted: java.lang.InterruptedException: sleep interrupted
2019-10-10 13:34:28,714 [a007dcda-27d8-4120-b749-f2f49e3670c9@group-0B66F88ECAC5-LeaderElection18] INFO  impl.LeaderElection (LeaderElection.java:logAndReturn(56)) - a007dcda-27d8-4120-b749-f2f49e3670c9@group-0B66F88ECAC5-LeaderElection18: Election PASSED; received 1 response(s) [a007dcda-27d8-4120-b749-f2f49e3670c9<-61a2a155-4810-41b0-acd7-8ac7fa9d5303#0:OK-t5] and 0 exception(s); a007dcda-27d8-4120-b749-f2f49e3670c9@group-0B66F88ECAC5:t5, leader=null, voted=a007dcda-27d8-4120-b749-f2f49e3670c9, raftlog=a007dcda-27d8-4120-b749-f2f49e3670c9@group-0B66F88ECAC5-SegmentedRaftLog:OPENED:c-1,f0,i0, conf=0: [61a2a155-4810-41b0-acd7-8ac7fa9d5303:192.168.164.230:39982, a007dcda-27d8-4120-b749-f2f49e3670c9:192.168.164.230:34879, 8df8436d-3e3b-47cc-b382-8055fef2e241:192.168.164.230:39616], old=null
2019-10-10 13:34:28,721 [a007dcda-27d8-4120-b749-f2f49e3670c9@group-0B66F88ECAC5-LeaderElection18] INFO  impl.RoleInfo (RoleInfo.java:shutdownLeaderElection(134)) - a007dcda-27d8-4120-b749-f2f49e3670c9: shutdown LeaderElection
2019-10-10 13:34:28,722 [a007dcda-27d8-4120-b749-f2f49e3670c9@group-0B66F88ECAC5-LeaderElection18] INFO  impl.RaftServerImpl (RaftServerImpl.java:setRole(170)) - a007dcda-27d8-4120-b749-f2f49e3670c9@group-0B66F88ECAC5: changes role from CANDIDATE to LEADER at term 5 for changeToLeader
2019-10-10 13:34:28,722 [a007dcda-27d8-4120-b749-f2f49e3670c9@group-0B66F88ECAC5-LeaderElection18] INFO  impl.RaftServerImpl (ServerState.java:setLeader(255)) - a007dcda-27d8-4120-b749-f2f49e3670c9@group-0B66F88ECAC5: change Leader from null to a007dcda-27d8-4120-b749-f2f49e3670c9 at term 5 for becomeLeader, leader elected after 15281ms
2019-10-10 13:34:28,722 [a007dcda-27d8-4120-b749-f2f49e3670c9@group-0B66F88ECAC5-LeaderElection18] INFO  server.RaftServerConfigKeys (ConfUtils.java:logGet(43)) - raft.server.staging.catchup.gap = 1000 (default)
2019-10-10 13:34:28,722 [a007dcda-27d8-4120-b749-f2f49e3670c9@group-0B66F88ECAC5-LeaderElection18] INFO  server.RaftServerConfigKeys (ConfUtils.java:logGet(43)) - raft.server.rpc.sleep.time = 25ms (default)
2019-10-10 13:34:28,723 [a007dcda-27d8-4120-b749-f2f49e3670c9@group-0B66F88ECAC5-LeaderElection18] INFO  server.RaftServerConfigKeys (ConfUtils.java:logGet(43)) - raft.server.write.element-limit = 4096 (default)
2019-10-10 13:34:28,723 [a007dcda-27d8-4120-b749-f2f49e3670c9@group-0B66F88ECAC5-LeaderElection18] INFO  server.RaftServerConfigKeys (ConfUtils.java:logGet(43)) - raft.server.watch.timeout = 10s (default)
2019-10-10 13:34:28,723 [a007dcda-27d8-4120-b749-f2f49e3670c9@group-0B66F88ECAC5-LeaderElection18] INFO  server.RaftServerConfigKeys (ConfUtils.java:logGet(43)) - raft.server.watch.timeout.denomination = 1s (default)
2019-10-10 13:34:28,723 [a007dcda-27d8-4120-b749-f2f49e3670c9@group-0B66F88ECAC5-LeaderElection18] INFO  server.RaftServerConfigKeys (ConfUtils.java:logGet(43)) - raft.server.watch.element-limit = 65536 (default)
2019-10-10 13:34:28,724 [a007dcda-27d8-4120-b749-f2f49e3670c9@group-0B66F88ECAC5-LeaderElection18] INFO  server.RaftServerConfigKeys (ConfUtils.java:logGet(43)) - raft.server.log.appender.snapshot.chunk.size.max = 16MB (=16777216) (default)
2019-10-10 13:34:28,724 [a007dcda-27d8-4120-b749-f2f49e3670c9@group-0B66F88ECAC5-LeaderElection18] INFO  server.RaftServerConfigKeys (ConfUtils.java:logGet(43)) - raft.server.log.appender.buffer.byte-limit = 33554432 (custom)
2019-10-10 13:34:28,725 [a007dcda-27d8-4120-b749-f2f49e3670c9@group-0B66F88ECAC5-LeaderElection18] INFO  server.RaftServerConfigKeys (ConfUtils.java:logGet(43)) - raft.server.log.appender.buffer.element-limit = 1 (custom)
2019-10-10 13:34:28,725 [a007dcda-27d8-4120-b749-f2f49e3670c9@group-0B66F88ECAC5-LeaderElection18] INFO  grpc.GrpcConfigKeys$Server (ConfUtils.java:logGet(43)) - raft.grpc.server.leader.outstanding.appends.max = 128 (default)
2019-10-10 13:34:28,725 [a007dcda-27d8-4120-b749-f2f49e3670c9@group-0B66F88ECAC5-LeaderElection18] INFO  server.RaftServerConfigKeys (ConfUtils.java:logGet(43)) - raft.server.rpc.request.timeout = 3000ms (default)
2019-10-10 13:34:28,725 [a007dcda-27d8-4120-b749-f2f49e3670c9@group-0B66F88ECAC5-LeaderElection18] INFO  server.RaftServerConfigKeys (ConfUtils.java:logGet(43)) - raft.server.log.appender.install.snapshot.enabled = false (custom)
2019-10-10 13:34:28,726 [a007dcda-27d8-4120-b749-f2f49e3670c9@group-0B66F88ECAC5-LeaderElection18] INFO  server.RaftServerConfigKeys (ConfUtils.java:logGet(43)) - raft.server.log.appender.snapshot.chunk.size.max = 16MB (=16777216) (default)
2019-10-10 13:34:28,726 [a007dcda-27d8-4120-b749-f2f49e3670c9@group-0B66F88ECAC5-LeaderElection18] INFO  server.RaftServerConfigKeys (ConfUtils.java:logGet(43)) - raft.server.log.appender.buffer.byte-limit = 33554432 (custom)
2019-10-10 13:34:28,726 [a007dcda-27d8-4120-b749-f2f49e3670c9@group-0B66F88ECAC5-LeaderElection18] INFO  server.RaftServerConfigKeys (ConfUtils.java:logGet(43)) - raft.server.log.appender.buffer.element-limit = 1 (custom)
2019-10-10 13:34:28,726 [a007dcda-27d8-4120-b749-f2f49e3670c9@group-0B66F88ECAC5-LeaderElection18] INFO  grpc.GrpcConfigKeys$Server (ConfUtils.java:logGet(43)) - raft.grpc.server.leader.outstanding.appends.max = 128 (default)
2019-10-10 13:34:28,726 [a007dcda-27d8-4120-b749-f2f49e3670c9@group-0B66F88ECAC5-LeaderElection18] INFO  server.RaftServerConfigKeys (ConfUtils.java:logGet(43)) - raft.server.rpc.request.timeout = 3000ms (default)
2019-10-10 13:34:28,727 [a007dcda-27d8-4120-b749-f2f49e3670c9@group-0B66F88ECAC5-LeaderElection18] INFO  server.RaftServerConfigKeys (ConfUtils.java:logGet(43)) - raft.server.log.appender.install.snapshot.enabled = false (custom)
2019-10-10 13:34:28,727 [a007dcda-27d8-4120-b749-f2f49e3670c9@group-0B66F88ECAC5-LeaderElection18] INFO  impl.RoleInfo (RoleInfo.java:updateAndGet(143)) - a007dcda-27d8-4120-b749-f2f49e3670c9: start LeaderState
2019-10-10 13:34:28,729 [a007dcda-27d8-4120-b749-f2f49e3670c9@group-0B66F88ECAC5-LeaderElection18] INFO  segmented.SegmentedRaftLogWorker (SegmentedRaftLogWorker.java:rollLogSegment(390)) - a007dcda-27d8-4120-b749-f2f49e3670c9@group-0B66F88ECAC5-SegmentedRaftLogWorker: Rolling segment log-0_0 to index:0
2019-10-10 13:34:28,732 [a007dcda-27d8-4120-b749-f2f49e3670c9@group-0B66F88ECAC5-LeaderElection18] INFO  impl.RaftServerImpl (ServerState.java:setRaftConf(356)) - a007dcda-27d8-4120-b749-f2f49e3670c9@group-0B66F88ECAC5: set configuration 1: [61a2a155-4810-41b0-acd7-8ac7fa9d5303:192.168.164.230:39982, a007dcda-27d8-4120-b749-f2f49e3670c9:192.168.164.230:34879, 8df8436d-3e3b-47cc-b382-8055fef2e241:192.168.164.230:39616], old=null at 1
2019-10-10 13:34:28,734 [grpc-default-executor-2] INFO  impl.RaftServerImpl (ServerState.java:setLeader(255)) - 8df8436d-3e3b-47cc-b382-8055fef2e241@group-0B66F88ECAC5: change Leader from null to a007dcda-27d8-4120-b749-f2f49e3670c9 at term 5 for appendEntries, leader elected after 20697ms
2019-10-10 13:34:28,734 [grpc-default-executor-5] INFO  impl.RaftServerImpl (ServerState.java:setLeader(255)) - 61a2a155-4810-41b0-acd7-8ac7fa9d5303@group-0B66F88ECAC5: change Leader from null to a007dcda-27d8-4120-b749-f2f49e3670c9 at term 5 for appendEntries, leader elected after 20697ms
2019-10-10 13:34:28,737 [grpc-default-executor-2] INFO  impl.RaftServerImpl (RaftServerImpl.java:checkInconsistentAppendEntries(999)) - 8df8436d-3e3b-47cc-b382-8055fef2e241@group-0B66F88ECAC5: Failed appendEntries as previous log entry ((t:1, i:0)) is not found
2019-10-10 13:34:28,737 [grpc-default-executor-5] INFO  impl.RaftServerImpl (RaftServerImpl.java:checkInconsistentAppendEntries(999)) - 61a2a155-4810-41b0-acd7-8ac7fa9d5303@group-0B66F88ECAC5: Failed appendEntries as previous log entry ((t:1, i:0)) is not found
2019-10-10 13:34:28,737 [a007dcda-27d8-4120-b749-f2f49e3670c9@group-0B66F88ECAC5-SegmentedRaftLogWorker] INFO  segmented.SegmentedRaftLogWorker (SegmentedRaftLogWorker.java:execute(531)) - a007dcda-27d8-4120-b749-f2f49e3670c9@group-0B66F88ECAC5-SegmentedRaftLogWorker: Rolled log segment from /workdir/hadoop-ozone/integration-test/target/test-dir/MiniOzoneClusterImpl-ae5faa4c-6ee1-4233-84bb-658feefea127/datanode-6/data/ratis/70067609-7f46-44c4-b94b-0b66f88ecac5/current/log_inprogress_0 to /workdir/hadoop-ozone/integration-test/target/test-dir/MiniOzoneClusterImpl-ae5faa4c-6ee1-4233-84bb-658feefea127/datanode-6/data/ratis/70067609-7f46-44c4-b94b-0b66f88ecac5/current/log_0-0
2019-10-10 13:34:28,737 [grpc-default-executor-5] INFO  impl.RaftServerImpl (RaftServerImpl.java:checkInconsistentAppendEntries(972)) - 61a2a155-4810-41b0-acd7-8ac7fa9d5303@group-0B66F88ECAC5: inconsistency entries. Reply:a007dcda-27d8-4120-b749-f2f49e3670c9<-61a2a155-4810-41b0-acd7-8ac7fa9d5303#0:FAIL,INCONSISTENCY,nextIndex:0,term:5,followerCommit:-1
2019-10-10 13:34:28,737 [grpc-default-executor-2] INFO  impl.RaftServerImpl (RaftServerImpl.java:checkInconsistentAppendEntries(972)) - 8df8436d-3e3b-47cc-b382-8055fef2e241@group-0B66F88ECAC5: inconsistency entries. Reply:a007dcda-27d8-4120-b749-f2f49e3670c9<-8df8436d-3e3b-47cc-b382-8055fef2e241#0:FAIL,INCONSISTENCY,nextIndex:0,term:5,followerCommit:-1
2019-10-10 13:34:28,766 [grpc-default-executor-5] INFO  impl.FollowerInfo (FollowerInfo.java:lambda$new$0(51)) - a007dcda-27d8-4120-b749-f2f49e3670c9@group-0B66F88ECAC5->61a2a155-4810-41b0-acd7-8ac7fa9d5303: nextIndex: updateUnconditionally 1 -> 0
2019-10-10 13:34:28,766 [grpc-default-executor-2] INFO  impl.FollowerInfo (FollowerInfo.java:lambda$new$0(51)) - a007dcda-27d8-4120-b749-f2f49e3670c9@group-0B66F88ECAC5->8df8436d-3e3b-47cc-b382-8055fef2e241: nextIndex: updateUnconditionally 1 -> 0
2019-10-10 13:34:28,769 [grpc-default-executor-2] INFO  impl.RaftServerImpl (ServerState.java:setRaftConf(356)) - 61a2a155-4810-41b0-acd7-8ac7fa9d5303@group-0B66F88ECAC5: set configuration 0: [61a2a155-4810-41b0-acd7-8ac7fa9d5303:192.168.164.230:39982, a007dcda-27d8-4120-b749-f2f49e3670c9:192.168.164.230:34879, 8df8436d-3e3b-47cc-b382-8055fef2e241:192.168.164.230:39616], old=null at 0
2019-10-10 13:34:28,769 [grpc-default-executor-5] INFO  impl.RaftServerImpl (ServerState.java:setRaftConf(356)) - 8df8436d-3e3b-47cc-b382-8055fef2e241@group-0B66F88ECAC5: set configuration 0: [61a2a155-4810-41b0-acd7-8ac7fa9d5303:192.168.164.230:39982, a007dcda-27d8-4120-b749-f2f49e3670c9:192.168.164.230:34879, 8df8436d-3e3b-47cc-b382-8055fef2e241:192.168.164.230:39616], old=null at 0
2019-10-10 13:34:28,769 [grpc-default-executor-2] INFO  segmented.SegmentedRaftLogWorker (SegmentedRaftLogWorker.java:startLogSegment(385)) - 61a2a155-4810-41b0-acd7-8ac7fa9d5303@group-0B66F88ECAC5-SegmentedRaftLogWorker: Starting segment from index:0
2019-10-10 13:34:28,769 [grpc-default-executor-5] INFO  segmented.SegmentedRaftLogWorker (SegmentedRaftLogWorker.java:startLogSegment(385)) - 8df8436d-3e3b-47cc-b382-8055fef2e241@group-0B66F88ECAC5-SegmentedRaftLogWorker: Starting segment from index:0
2019-10-10 13:34:28,771 [grpc-default-executor-2] INFO  impl.RaftServerImpl (ServerState.java:setRaftConf(356)) - 61a2a155-4810-41b0-acd7-8ac7fa9d5303@group-0B66F88ECAC5: set configuration 1: [61a2a155-4810-41b0-acd7-8ac7fa9d5303:192.168.164.230:39982, a007dcda-27d8-4120-b749-f2f49e3670c9:192.168.164.230:34879, 8df8436d-3e3b-47cc-b382-8055fef2e241:192.168.164.230:39616], old=null at 1
2019-10-10 13:34:28,771 [grpc-default-executor-5] INFO  impl.RaftServerImpl (ServerState.java:setRaftConf(356)) - 8df8436d-3e3b-47cc-b382-8055fef2e241@group-0B66F88ECAC5: set configuration 1: [61a2a155-4810-41b0-acd7-8ac7fa9d5303:192.168.164.230:39982, a007dcda-27d8-4120-b749-f2f49e3670c9:192.168.164.230:34879, 8df8436d-3e3b-47cc-b382-8055fef2e241:192.168.164.230:39616], old=null at 1
2019-10-10 13:34:28,771 [grpc-default-executor-2] INFO  segmented.SegmentedRaftLogWorker (SegmentedRaftLogWorker.java:rollLogSegment(390)) - 61a2a155-4810-41b0-acd7-8ac7fa9d5303@group-0B66F88ECAC5-SegmentedRaftLogWorker: Rolling segment log-0_0 to index:0
2019-10-10 13:34:28,772 [grpc-default-executor-5] INFO  segmented.SegmentedRaftLogWorker (SegmentedRaftLogWorker.java:rollLogSegment(390)) - 8df8436d-3e3b-47cc-b382-8055fef2e241@group-0B66F88ECAC5-SegmentedRaftLogWorker: Rolling segment log-0_0 to index:0
2019-10-10 13:34:28,777 [a007dcda-27d8-4120-b749-f2f49e3670c9@group-0B66F88ECAC5-SegmentedRaftLogWorker] INFO  segmented.SegmentedRaftLogWorker (SegmentedRaftLogWorker.java:execute(574)) - a007dcda-27d8-4120-b749-f2f49e3670c9@group-0B66F88ECAC5-SegmentedRaftLogWorker: created new log segment /workdir/hadoop-ozone/integration-test/target/test-dir/MiniOzoneClusterImpl-ae5faa4c-6ee1-4233-84bb-658feefea127/datanode-6/data/ratis/70067609-7f46-44c4-b94b-0b66f88ecac5/current/log_inprogress_1
2019-10-10 13:34:28,817 [61a2a155-4810-41b0-acd7-8ac7fa9d5303@group-0B66F88ECAC5-SegmentedRaftLogWorker] INFO  segmented.SegmentedRaftLogWorker (SegmentedRaftLogWorker.java:execute(574)) - 61a2a155-4810-41b0-acd7-8ac7fa9d5303@group-0B66F88ECAC5-SegmentedRaftLogWorker: created new log segment /workdir/hadoop-ozone/integration-test/target/test-dir/MiniOzoneClusterImpl-ae5faa4c-6ee1-4233-84bb-658feefea127/datanode-2/data/ratis/70067609-7f46-44c4-b94b-0b66f88ecac5/current/log_inprogress_0
2019-10-10 13:34:28,817 [8df8436d-3e3b-47cc-b382-8055fef2e241@group-0B66F88ECAC5-SegmentedRaftLogWorker] INFO  segmented.SegmentedRaftLogWorker (SegmentedRaftLogWorker.java:execute(574)) - 8df8436d-3e3b-47cc-b382-8055fef2e241@group-0B66F88ECAC5-SegmentedRaftLogWorker: created new log segment /workdir/hadoop-ozone/integration-test/target/test-dir/MiniOzoneClusterImpl-ae5faa4c-6ee1-4233-84bb-658feefea127/datanode-4/data/ratis/70067609-7f46-44c4-b94b-0b66f88ecac5/current/log_inprogress_0
2019-10-10 13:34:28,830 [61a2a155-4810-41b0-acd7-8ac7fa9d5303@group-0B66F88ECAC5-SegmentedRaftLogWorker] INFO  segmented.SegmentedRaftLogWorker (SegmentedRaftLogWorker.java:execute(531)) - 61a2a155-4810-41b0-acd7-8ac7fa9d5303@group-0B66F88ECAC5-SegmentedRaftLogWorker: Rolled log segment from /workdir/hadoop-ozone/integration-test/target/test-dir/MiniOzoneClusterImpl-ae5faa4c-6ee1-4233-84bb-658feefea127/datanode-2/data/ratis/70067609-7f46-44c4-b94b-0b66f88ecac5/current/log_inprogress_0 to /workdir/hadoop-ozone/integration-test/target/test-dir/MiniOzoneClusterImpl-ae5faa4c-6ee1-4233-84bb-658feefea127/datanode-2/data/ratis/70067609-7f46-44c4-b94b-0b66f88ecac5/current/log_0-0
2019-10-10 13:34:28,830 [8df8436d-3e3b-47cc-b382-8055fef2e241@group-0B66F88ECAC5-SegmentedRaftLogWorker] INFO  segmented.SegmentedRaftLogWorker (SegmentedRaftLogWorker.java:execute(531)) - 8df8436d-3e3b-47cc-b382-8055fef2e241@group-0B66F88ECAC5-SegmentedRaftLogWorker: Rolled log segment from /workdir/hadoop-ozone/integration-test/target/test-dir/MiniOzoneClusterImpl-ae5faa4c-6ee1-4233-84bb-658feefea127/datanode-4/data/ratis/70067609-7f46-44c4-b94b-0b66f88ecac5/current/log_inprogress_0 to /workdir/hadoop-ozone/integration-test/target/test-dir/MiniOzoneClusterImpl-ae5faa4c-6ee1-4233-84bb-658feefea127/datanode-4/data/ratis/70067609-7f46-44c4-b94b-0b66f88ecac5/current/log_0-0
2019-10-10 13:34:28,868 [61a2a155-4810-41b0-acd7-8ac7fa9d5303@group-0B66F88ECAC5-SegmentedRaftLogWorker] INFO  segmented.SegmentedRaftLogWorker (SegmentedRaftLogWorker.java:execute(574)) - 61a2a155-4810-41b0-acd7-8ac7fa9d5303@group-0B66F88ECAC5-SegmentedRaftLogWorker: created new log segment /workdir/hadoop-ozone/integration-test/target/test-dir/MiniOzoneClusterImpl-ae5faa4c-6ee1-4233-84bb-658feefea127/datanode-2/data/ratis/70067609-7f46-44c4-b94b-0b66f88ecac5/current/log_inprogress_1
2019-10-10 13:34:28,868 [8df8436d-3e3b-47cc-b382-8055fef2e241@group-0B66F88ECAC5-SegmentedRaftLogWorker] INFO  segmented.SegmentedRaftLogWorker (SegmentedRaftLogWorker.java:execute(574)) - 8df8436d-3e3b-47cc-b382-8055fef2e241@group-0B66F88ECAC5-SegmentedRaftLogWorker: created new log segment /workdir/hadoop-ozone/integration-test/target/test-dir/MiniOzoneClusterImpl-ae5faa4c-6ee1-4233-84bb-658feefea127/datanode-4/data/ratis/70067609-7f46-44c4-b94b-0b66f88ecac5/current/log_inprogress_1
2019-10-10 13:34:29,930 [pool-86-thread-4] WARN  impl.ChunkManagerImpl (ChunkUtils.java:validateChunkForOverwrite(202)) - Duplicate write chunk request. Chunk overwrite without explicit request. ChunkInfo{chunkName='1570714454118.data.0, offset=0, len=1048576}
2019-10-10 13:34:29,931 [pool-86-thread-4] WARN  impl.ChunkManagerImpl (ChunkManagerImpl.java:writeChunk(112)) - ChunkFile already exists/workdir/hadoop-ozone/integration-test/target/test-dir/MiniOzoneClusterImpl-ae5faa4c-6ee1-4233-84bb-658feefea127/datanode-6/data/containers/hdds/2ce994e0-2d3e-40c0-aacb-b0224bcbc45c/current/containerDir0/2/chunks/1570714454118.data.0.Deleting it.
2019-10-10 13:34:29,937 [pool-46-thread-2] WARN  impl.ChunkManagerImpl (ChunkUtils.java:validateChunkForOverwrite(202)) - Duplicate write chunk request. Chunk overwrite without explicit request. ChunkInfo{chunkName='1570714454118.data.0, offset=0, len=1048576}
2019-10-10 13:34:29,938 [pool-46-thread-2] WARN  impl.ChunkManagerImpl (ChunkManagerImpl.java:writeChunk(112)) - ChunkFile already exists/workdir/hadoop-ozone/integration-test/target/test-dir/MiniOzoneClusterImpl-ae5faa4c-6ee1-4233-84bb-658feefea127/datanode-2/data/containers/hdds/2ce994e0-2d3e-40c0-aacb-b0224bcbc45c/current/containerDir0/2/chunks/1570714454118.data.0.Deleting it.
2019-10-10 13:34:29,940 [pool-66-thread-2] WARN  impl.ChunkManagerImpl (ChunkUtils.java:validateChunkForOverwrite(202)) - Duplicate write chunk request. Chunk overwrite without explicit request. ChunkInfo{chunkName='1570714454118.data.0, offset=0, len=1048576}
2019-10-10 13:34:29,940 [pool-66-thread-2] WARN  impl.ChunkManagerImpl (ChunkManagerImpl.java:writeChunk(112)) - ChunkFile already exists/workdir/hadoop-ozone/integration-test/target/test-dir/MiniOzoneClusterImpl-ae5faa4c-6ee1-4233-84bb-658feefea127/datanode-4/data/containers/hdds/2ce994e0-2d3e-40c0-aacb-b0224bcbc45c/current/containerDir0/2/chunks/1570714454118.data.0.Deleting it.
2019-10-10 13:34:30,873 [Datanode State Machine Thread - 0] INFO  statemachine.DatanodeStateMachine (DatanodeStateMachine.java:lambda$startDaemon$0(350)) - Ozone container server started.
2019-10-10 13:34:32,894 [EventQueue-StaleNodeForStaleNodeHandler] INFO  node.StaleNodeHandler (StaleNodeHandler.java:onMessage(58)) - Datanode 8df8436d-3e3b-47cc-b382-8055fef2e241{ip: 192.168.164.230, host: pr-hdds-2280-tn9v7-3755420433, networkLocation: /default-rack, certSerialId: null} moved to stale state. Finalizing its pipelines [PipelineID=f6ce8103-c8bd-44dd-92cc-2f1647149db5, PipelineID=70067609-7f46-44c4-b94b-0b66f88ecac5]
2019-10-10 13:34:32,895 [EventQueue-StaleNodeForStaleNodeHandler] INFO  pipeline.SCMPipelineManager (SCMPipelineManager.java:finalizeAndDestroyPipeline(315)) - destroying pipeline:Pipeline[ Id: f6ce8103-c8bd-44dd-92cc-2f1647149db5, Nodes: 8df8436d-3e3b-47cc-b382-8055fef2e241{ip: 192.168.164.230, host: pr-hdds-2280-tn9v7-3755420433, networkLocation: /default-rack, certSerialId: null}, Type:RATIS, Factor:ONE, State:OPEN]
2019-10-10 13:34:32,896 [EventQueue-StaleNodeForStaleNodeHandler] INFO  pipeline.PipelineStateManager (PipelineStateManager.java:finalizePipeline(123)) - Pipeline Pipeline[ Id: f6ce8103-c8bd-44dd-92cc-2f1647149db5, Nodes: 8df8436d-3e3b-47cc-b382-8055fef2e241{ip: 192.168.164.230, host: pr-hdds-2280-tn9v7-3755420433, networkLocation: /default-rack, certSerialId: null}, Type:RATIS, Factor:ONE, State:CLOSED] moved to CLOSED state
2019-10-10 13:34:32,898 [EventQueue-StaleNodeForStaleNodeHandler] INFO  pipeline.SCMPipelineManager (SCMPipelineManager.java:finalizeAndDestroyPipeline(315)) - destroying pipeline:Pipeline[ Id: 70067609-7f46-44c4-b94b-0b66f88ecac5, Nodes: 8df8436d-3e3b-47cc-b382-8055fef2e241{ip: 192.168.164.230, host: pr-hdds-2280-tn9v7-3755420433, networkLocation: /default-rack, certSerialId: null}a007dcda-27d8-4120-b749-f2f49e3670c9{ip: 192.168.164.230, host: pr-hdds-2280-tn9v7-3755420433, networkLocation: /default-rack, certSerialId: null}61a2a155-4810-41b0-acd7-8ac7fa9d5303{ip: 192.168.164.230, host: pr-hdds-2280-tn9v7-3755420433, networkLocation: /default-rack, certSerialId: null}, Type:RATIS, Factor:THREE, State:OPEN]
2019-10-10 13:34:32,898 [EventQueue-StaleNodeForStaleNodeHandler] INFO  pipeline.PipelineStateManager (PipelineStateManager.java:finalizePipeline(123)) - Pipeline Pipeline[ Id: 70067609-7f46-44c4-b94b-0b66f88ecac5, Nodes: 8df8436d-3e3b-47cc-b382-8055fef2e241{ip: 192.168.164.230, host: pr-hdds-2280-tn9v7-3755420433, networkLocation: /default-rack, certSerialId: null}a007dcda-27d8-4120-b749-f2f49e3670c9{ip: 192.168.164.230, host: pr-hdds-2280-tn9v7-3755420433, networkLocation: /default-rack, certSerialId: null}61a2a155-4810-41b0-acd7-8ac7fa9d5303{ip: 192.168.164.230, host: pr-hdds-2280-tn9v7-3755420433, networkLocation: /default-rack, certSerialId: null}, Type:RATIS, Factor:THREE, State:CLOSED] moved to CLOSED state
2019-10-10 13:34:32,899 [EventQueue-CloseContainerForCloseContainerEventHandler] INFO  container.CloseContainerEventHandler (CloseContainerEventHandler.java:onMessage(61)) - Close container Event triggered for container : #2
2019-10-10 13:34:35,084 [main] INFO  ozoneimpl.OzoneContainer (OzoneContainer.java:stop(227)) - Attempting to stop container services.
2019-10-10 13:34:35,088 [main] INFO  impl.RaftServerProxy (RaftServerProxy.java:lambda$close$4(314)) - 8df8436d-3e3b-47cc-b382-8055fef2e241: close
2019-10-10 13:34:35,091 [main] INFO  impl.RaftServerImpl (RaftServerImpl.java:lambda$shutdown$3(247)) - 8df8436d-3e3b-47cc-b382-8055fef2e241@group-2F1647149DB5: shutdown
2019-10-10 13:34:35,091 [ForkJoinPool.commonPool-worker-0] INFO  impl.RaftServerImpl (RaftServerImpl.java:lambda$shutdown$3(247)) - 8df8436d-3e3b-47cc-b382-8055fef2e241@group-0B66F88ECAC5: shutdown
2019-10-10 13:34:35,091 [main] INFO  util.JmxRegister (JmxRegister.java:unregister(73)) - Successfully un-registered JMX Bean with object name Ratis:service=RaftServer,group=group-2F1647149DB5,id=8df8436d-3e3b-47cc-b382-8055fef2e241
2019-10-10 13:34:35,092 [ForkJoinPool.commonPool-worker-0] INFO  util.JmxRegister (JmxRegister.java:unregister(73)) - Successfully un-registered JMX Bean with object name Ratis:service=RaftServer,group=group-0B66F88ECAC5,id=8df8436d-3e3b-47cc-b382-8055fef2e241
2019-10-10 13:34:35,092 [main] INFO  impl.RoleInfo (RoleInfo.java:shutdownLeaderState(104)) - 8df8436d-3e3b-47cc-b382-8055fef2e241: shutdown LeaderState
2019-10-10 13:34:35,092 [ForkJoinPool.commonPool-worker-0] INFO  impl.RoleInfo (RoleInfo.java:shutdownFollowerState(121)) - 8df8436d-3e3b-47cc-b382-8055fef2e241: shutdown FollowerState
2019-10-10 13:34:35,093 [main] INFO  impl.PendingRequests (PendingRequests.java:sendNotLeaderResponses(202)) - 8df8436d-3e3b-47cc-b382-8055fef2e241@group-2F1647149DB5-PendingRequests: sendNotLeaderResponses
2019-10-10 13:34:35,097 [ForkJoinPool.commonPool-worker-0] INFO  impl.StateMachineUpdater (StateMachineUpdater.java:stopAndJoin(136)) - 8df8436d-3e3b-47cc-b382-8055fef2e241@group-0B66F88ECAC5-StateMachineUpdater: set stopIndex = 10
2019-10-10 13:34:35,097 [Thread-432] INFO  impl.FollowerState (FollowerState.java:run(117)) - 8df8436d-3e3b-47cc-b382-8055fef2e241@group-0B66F88ECAC5-FollowerState was interrupted: java.lang.InterruptedException: sleep interrupted
2019-10-10 13:34:35,097 [8df8436d-3e3b-47cc-b382-8055fef2e241@group-0B66F88ECAC5-StateMachineUpdater] INFO  ratis.ContainerStateMachine (ContainerStateMachine.java:takeSnapshot(294)) - group-0B66F88ECAC5: Taking a snapshot at:(t:5, i:8) file /workdir/hadoop-ozone/integration-test/target/test-dir/MiniOzoneClusterImpl-ae5faa4c-6ee1-4233-84bb-658feefea127/datanode-4/data/ratis/70067609-7f46-44c4-b94b-0b66f88ecac5/sm/snapshot.5_8
2019-10-10 13:34:35,097 [main] INFO  impl.StateMachineUpdater (StateMachineUpdater.java:stopAndJoin(136)) - 8df8436d-3e3b-47cc-b382-8055fef2e241@group-2F1647149DB5-StateMachineUpdater: set stopIndex = 0
2019-10-10 13:34:35,101 [main] INFO  impl.RaftServerImpl (ServerState.java:close(387)) - 8df8436d-3e3b-47cc-b382-8055fef2e241@group-2F1647149DB5: closes. applyIndex: 0
2019-10-10 13:34:35,103 [8df8436d-3e3b-47cc-b382-8055fef2e241@group-2F1647149DB5-SegmentedRaftLogWorker] INFO  segmented.SegmentedRaftLogWorker (SegmentedRaftLogWorker.java:run(316)) - 8df8436d-3e3b-47cc-b382-8055fef2e241@group-2F1647149DB5-SegmentedRaftLogWorker was interrupted, exiting. There are 0 tasks remaining in the queue.
2019-10-10 13:34:35,113 [main] INFO  segmented.SegmentedRaftLogWorker (SegmentedRaftLogWorker.java:close(224)) - 8df8436d-3e3b-47cc-b382-8055fef2e241@group-2F1647149DB5-SegmentedRaftLogWorker close()
2019-10-10 13:34:35,233 [8df8436d-3e3b-47cc-b382-8055fef2e241@group-0B66F88ECAC5-StateMachineUpdater] INFO  ratis.ContainerStateMachine (ContainerStateMachine.java:takeSnapshot(305)) - group-0B66F88ECAC5: Finished taking a snapshot at:(t:5, i:8) file:/workdir/hadoop-ozone/integration-test/target/test-dir/MiniOzoneClusterImpl-ae5faa4c-6ee1-4233-84bb-658feefea127/datanode-4/data/ratis/70067609-7f46-44c4-b94b-0b66f88ecac5/sm/snapshot.5_8 time:136
2019-10-10 13:34:35,235 [8df8436d-3e3b-47cc-b382-8055fef2e241@group-0B66F88ECAC5-StateMachineUpdater] INFO  impl.StateMachineUpdater (StateMachineUpdater.java:takeSnapshot(269)) - 8df8436d-3e3b-47cc-b382-8055fef2e241@group-0B66F88ECAC5-StateMachineUpdater: Took a snapshot at index 8
2019-10-10 13:34:35,235 [8df8436d-3e3b-47cc-b382-8055fef2e241@group-0B66F88ECAC5-StateMachineUpdater] INFO  impl.StateMachineUpdater (StateMachineUpdater.java:lambda$new$0(84)) - 8df8436d-3e3b-47cc-b382-8055fef2e241@group-0B66F88ECAC5-StateMachineUpdater: snapshotIndex: updateIncreasingly -1 -> 8
2019-10-10 13:34:35,248 [8df8436d-3e3b-47cc-b382-8055fef2e241@group-0B66F88ECAC5-StateMachineUpdater] INFO  ratis.ContainerStateMachine (ContainerStateMachine.java:takeSnapshot(294)) - group-0B66F88ECAC5: Taking a snapshot at:(t:5, i:8) file /workdir/hadoop-ozone/integration-test/target/test-dir/MiniOzoneClusterImpl-ae5faa4c-6ee1-4233-84bb-658feefea127/datanode-4/data/ratis/70067609-7f46-44c4-b94b-0b66f88ecac5/sm/snapshot.5_8
2019-10-10 13:34:35,260 [8df8436d-3e3b-47cc-b382-8055fef2e241@group-0B66F88ECAC5-StateMachineUpdater] INFO  ratis.ContainerStateMachine (ContainerStateMachine.java:takeSnapshot(305)) - group-0B66F88ECAC5: Finished taking a snapshot at:(t:5, i:8) file:/workdir/hadoop-ozone/integration-test/target/test-dir/MiniOzoneClusterImpl-ae5faa4c-6ee1-4233-84bb-658feefea127/datanode-4/data/ratis/70067609-7f46-44c4-b94b-0b66f88ecac5/sm/snapshot.5_8 time:12
2019-10-10 13:34:35,260 [8df8436d-3e3b-47cc-b382-8055fef2e241@group-0B66F88ECAC5-StateMachineUpdater] INFO  impl.StateMachineUpdater (StateMachineUpdater.java:takeSnapshot(269)) - 8df8436d-3e3b-47cc-b382-8055fef2e241@group-0B66F88ECAC5-StateMachineUpdater: Took a snapshot at index 8
2019-10-10 13:34:35,260 [8df8436d-3e3b-47cc-b382-8055fef2e241@group-0B66F88ECAC5-StateMachineUpdater] INFO  impl.StateMachineUpdater (StateMachineUpdater.java:lambda$new$0(84)) - 8df8436d-3e3b-47cc-b382-8055fef2e241@group-0B66F88ECAC5-StateMachineUpdater: snapshotIndex: updateIncreasingly 8 -> 8
2019-10-10 13:34:35,261 [ForkJoinPool.commonPool-worker-0] INFO  impl.RaftServerImpl (ServerState.java:close(387)) - 8df8436d-3e3b-47cc-b382-8055fef2e241@group-0B66F88ECAC5: closes. applyIndex: 10
2019-10-10 13:34:35,261 [8df8436d-3e3b-47cc-b382-8055fef2e241@group-0B66F88ECAC5-SegmentedRaftLogWorker] INFO  segmented.SegmentedRaftLogWorker (SegmentedRaftLogWorker.java:run(316)) - 8df8436d-3e3b-47cc-b382-8055fef2e241@group-0B66F88ECAC5-SegmentedRaftLogWorker was interrupted, exiting. There are 0 tasks remaining in the queue.
2019-10-10 13:34:35,264 [ForkJoinPool.commonPool-worker-0] INFO  segmented.SegmentedRaftLogWorker (SegmentedRaftLogWorker.java:close(224)) - 8df8436d-3e3b-47cc-b382-8055fef2e241@group-0B66F88ECAC5-SegmentedRaftLogWorker close()
2019-10-10 13:34:35,265 [main] INFO  server.GrpcService (GrpcService.java:closeImpl(164)) - 8df8436d-3e3b-47cc-b382-8055fef2e241: shutdown server with port 39616 now
2019-10-10 13:34:35,271 [grpc-default-executor-4] WARN  server.GrpcServerProtocolService (LogUtils.java:warn(134)) - 8df8436d-3e3b-47cc-b382-8055fef2e241: installSnapshot onError, lastRequest: a007dcda-27d8-4120-b749-f2f49e3670c9->8df8436d-3e3b-47cc-b382-8055fef2e241#13-t5, previous=(t:5, i:10), leaderCommit=10, initializing? false, entries: <empty>: org.apache.ratis.thirdparty.io.grpc.StatusRuntimeException: CANCELLED: cancelled before receiving half close
2019-10-10 13:34:35,275 [grpc-default-executor-5] WARN  server.GrpcLogAppender (LogUtils.java:warn(134)) - a007dcda-27d8-4120-b749-f2f49e3670c9@group-0B66F88ECAC5->8df8436d-3e3b-47cc-b382-8055fef2e241-AppendLogResponseHandler: Failed appendEntries: org.apache.ratis.thirdparty.io.grpc.StatusRuntimeException: CANCELLED: HTTP/2 error code: CANCEL
Received Rst Stream
2019-10-10 13:34:35,276 [main] INFO  server.GrpcService (GrpcService.java:closeImpl(172)) - 8df8436d-3e3b-47cc-b382-8055fef2e241: shutdown server with port 39616 successfully
2019-10-10 13:34:35,276 [grpc-default-executor-5] INFO  impl.FollowerInfo (FollowerInfo.java:lambda$new$0(51)) - a007dcda-27d8-4120-b749-f2f49e3670c9@group-0B66F88ECAC5->8df8436d-3e3b-47cc-b382-8055fef2e241: nextIndex: updateUnconditionally 11 -> 10
2019-10-10 13:34:35,288 [refreshUsed-/workdir/hadoop-ozone/integration-test/target/test-dir/MiniOzoneClusterImpl-ae5faa4c-6ee1-4233-84bb-658feefea127/datanode-4/data/containers] WARN  fs.CachingGetSpaceUsed (CachingGetSpaceUsed.java:run(183)) - Thread Interrupted waiting to refresh disk information: sleep interrupted
2019-10-10 13:34:35,311 [main] INFO  utils.BackgroundService (BackgroundService.java:shutdown(151)) - Shutting down service BlockDeletingService
2019-10-10 13:34:35,316 [main] INFO  statemachine.DatanodeStateMachine (DatanodeStateMachine.java:stopDaemon(395)) - Ozone container server stopped.
2019-10-10 13:34:35,325 [main] INFO  handler.ContextHandler (ContextHandler.java:doStop(910)) - Stopped o.e.j.w.WebAppContext@2f5b8250{/,null,UNAVAILABLE}{/hddsDatanode}
2019-10-10 13:34:35,332 [main] INFO  server.AbstractConnector (AbstractConnector.java:doStop(318)) - Stopped ServerConnector@4821aa9f{HTTP/1.1,[http/1.1]}{0.0.0.0:0}
2019-10-10 13:34:35,332 [main] INFO  handler.ContextHandler (ContextHandler.java:doStop(910)) - Stopped o.e.j.s.ServletContextHandler@372ca2d6{/static,jar:file:/home/user/.m2/repository/org/apache/hadoop/hadoop-hdds-container-service/0.5.0-SNAPSHOT/hadoop-hdds-container-service-0.5.0-SNAPSHOT.jar!/webapps/static,UNAVAILABLE}
2019-10-10 13:34:35,333 [main] INFO  handler.ContextHandler (ContextHandler.java:doStop(910)) - Stopped o.e.j.s.ServletContextHandler@2f84acf7{/logs,file:///workdir/hadoop-ozone/integration-test/target/log,UNAVAILABLE}
2019-10-10 13:34:35,873 [Datanode State Machine Thread - 0] INFO  statemachine.DatanodeStateMachine (DatanodeStateMachine.java:lambda$startDaemon$0(350)) - Ozone container server started.
2019-10-10 13:34:37,498 [grpc-default-executor-5] WARN  server.GrpcLogAppender (LogUtils.java:warn(134)) - a007dcda-27d8-4120-b749-f2f49e3670c9@group-0B66F88ECAC5->8df8436d-3e3b-47cc-b382-8055fef2e241-AppendLogResponseHandler: Failed appendEntries: org.apache.ratis.thirdparty.io.grpc.StatusRuntimeException: UNAVAILABLE: io exception
2019-10-10 13:34:37,500 [grpc-default-executor-5] INFO  impl.FollowerInfo (FollowerInfo.java:lambda$new$0(51)) - a007dcda-27d8-4120-b749-f2f49e3670c9@group-0B66F88ECAC5->8df8436d-3e3b-47cc-b382-8055fef2e241: nextIndex: updateUnconditionally 10 -> 9
2019-10-10 13:34:37,905 [EventQueue-StaleNodeForStaleNodeHandler] INFO  node.StaleNodeHandler (StaleNodeHandler.java:onMessage(58)) - Datanode a007dcda-27d8-4120-b749-f2f49e3670c9{ip: 192.168.164.230, host: pr-hdds-2280-tn9v7-3755420433, networkLocation: /default-rack, certSerialId: null} moved to stale state. Finalizing its pipelines [PipelineID=cfdfb46c-39b3-47ae-8ad4-c5daa79294a3, PipelineID=70067609-7f46-44c4-b94b-0b66f88ecac5]
2019-10-10 13:34:37,906 [EventQueue-StaleNodeForStaleNodeHandler] INFO  pipeline.SCMPipelineManager (SCMPipelineManager.java:finalizeAndDestroyPipeline(315)) - destroying pipeline:Pipeline[ Id: cfdfb46c-39b3-47ae-8ad4-c5daa79294a3, Nodes: a007dcda-27d8-4120-b749-f2f49e3670c9{ip: 192.168.164.230, host: pr-hdds-2280-tn9v7-3755420433, networkLocation: /default-rack, certSerialId: null}, Type:RATIS, Factor:ONE, State:OPEN]
2019-10-10 13:34:37,906 [EventQueue-StaleNodeForStaleNodeHandler] INFO  pipeline.PipelineStateManager (PipelineStateManager.java:finalizePipeline(123)) - Pipeline Pipeline[ Id: cfdfb46c-39b3-47ae-8ad4-c5daa79294a3, Nodes: a007dcda-27d8-4120-b749-f2f49e3670c9{ip: 192.168.164.230, host: pr-hdds-2280-tn9v7-3755420433, networkLocation: /default-rack, certSerialId: null}, Type:RATIS, Factor:ONE, State:CLOSED] moved to CLOSED state
2019-10-10 13:34:37,906 [EventQueue-StaleNodeForStaleNodeHandler] INFO  pipeline.SCMPipelineManager (SCMPipelineManager.java:finalizeAndDestroyPipeline(315)) - destroying pipeline:Pipeline[ Id: 70067609-7f46-44c4-b94b-0b66f88ecac5, Nodes: 8df8436d-3e3b-47cc-b382-8055fef2e241{ip: 192.168.164.230, host: pr-hdds-2280-tn9v7-3755420433, networkLocation: /default-rack, certSerialId: null}a007dcda-27d8-4120-b749-f2f49e3670c9{ip: 192.168.164.230, host: pr-hdds-2280-tn9v7-3755420433, networkLocation: /default-rack, certSerialId: null}61a2a155-4810-41b0-acd7-8ac7fa9d5303{ip: 192.168.164.230, host: pr-hdds-2280-tn9v7-3755420433, networkLocation: /default-rack, certSerialId: null}, Type:RATIS, Factor:THREE, State:CLOSED]
2019-10-10 13:34:39,993 [grpc-default-executor-2] WARN  server.GrpcLogAppender (LogUtils.java:warn(134)) - a007dcda-27d8-4120-b749-f2f49e3670c9@group-0B66F88ECAC5->8df8436d-3e3b-47cc-b382-8055fef2e241-AppendLogResponseHandler: Failed appendEntries: org.apache.ratis.thirdparty.io.grpc.StatusRuntimeException: UNAVAILABLE: io exception
2019-10-10 13:34:39,997 [grpc-default-executor-2] INFO  impl.FollowerInfo (FollowerInfo.java:lambda$new$0(51)) - a007dcda-27d8-4120-b749-f2f49e3670c9@group-0B66F88ECAC5->8df8436d-3e3b-47cc-b382-8055fef2e241: nextIndex: updateUnconditionally 9 -> 8
2019-10-10 13:34:40,337 [main] INFO  ozoneimpl.OzoneContainer (OzoneContainer.java:stop(227)) - Attempting to stop container services.
2019-10-10 13:34:40,344 [main] INFO  impl.RaftServerProxy (RaftServerProxy.java:lambda$close$4(314)) - a007dcda-27d8-4120-b749-f2f49e3670c9: close
2019-10-10 13:34:40,345 [main] INFO  impl.RaftServerImpl (RaftServerImpl.java:lambda$shutdown$3(247)) - a007dcda-27d8-4120-b749-f2f49e3670c9@group-C5DAA79294A3: shutdown
2019-10-10 13:34:40,345 [ForkJoinPool.commonPool-worker-1] INFO  impl.RaftServerImpl (RaftServerImpl.java:lambda$shutdown$3(247)) - a007dcda-27d8-4120-b749-f2f49e3670c9@group-0B66F88ECAC5: shutdown
2019-10-10 13:34:40,346 [main] INFO  util.JmxRegister (JmxRegister.java:unregister(73)) - Successfully un-registered JMX Bean with object name Ratis:service=RaftServer,group=group-C5DAA79294A3,id=a007dcda-27d8-4120-b749-f2f49e3670c9
2019-10-10 13:34:40,346 [ForkJoinPool.commonPool-worker-1] INFO  util.JmxRegister (JmxRegister.java:unregister(73)) - Successfully un-registered JMX Bean with object name Ratis:service=RaftServer,group=group-0B66F88ECAC5,id=a007dcda-27d8-4120-b749-f2f49e3670c9
2019-10-10 13:34:40,346 [main] INFO  impl.RoleInfo (RoleInfo.java:shutdownLeaderState(104)) - a007dcda-27d8-4120-b749-f2f49e3670c9: shutdown LeaderState
2019-10-10 13:34:40,346 [ForkJoinPool.commonPool-worker-1] INFO  impl.RoleInfo (RoleInfo.java:shutdownLeaderState(104)) - a007dcda-27d8-4120-b749-f2f49e3670c9: shutdown LeaderState
2019-10-10 13:34:40,350 [ForkJoinPool.commonPool-worker-1] INFO  impl.PendingRequests (PendingRequests.java:sendNotLeaderResponses(202)) - a007dcda-27d8-4120-b749-f2f49e3670c9@group-0B66F88ECAC5-PendingRequests: sendNotLeaderResponses
2019-10-10 13:34:40,350 [main] INFO  impl.PendingRequests (PendingRequests.java:sendNotLeaderResponses(202)) - a007dcda-27d8-4120-b749-f2f49e3670c9@group-C5DAA79294A3-PendingRequests: sendNotLeaderResponses
2019-10-10 13:34:40,350 [org.apache.ratis.server.impl.LogAppender$AppenderDaemon$$Lambda$500/977778965@7d6aee9a] WARN  server.GrpcLogAppender (GrpcLogAppender.java:mayWait(143)) - a007dcda-27d8-4120-b749-f2f49e3670c9@group-0B66F88ECAC5->61a2a155-4810-41b0-acd7-8ac7fa9d5303-GrpcLogAppender: Wait interrupted by java.lang.InterruptedException
2019-10-10 13:34:40,350 [org.apache.ratis.server.impl.LogAppender$AppenderDaemon$$Lambda$500/977778965@38686f53] WARN  server.GrpcLogAppender (GrpcLogAppender.java:mayWait(143)) - a007dcda-27d8-4120-b749-f2f49e3670c9@group-0B66F88ECAC5->8df8436d-3e3b-47cc-b382-8055fef2e241-GrpcLogAppender: Wait interrupted by java.lang.InterruptedException
2019-10-10 13:34:40,351 [main] INFO  impl.StateMachineUpdater (StateMachineUpdater.java:stopAndJoin(136)) - a007dcda-27d8-4120-b749-f2f49e3670c9@group-C5DAA79294A3-StateMachineUpdater: set stopIndex = 0
2019-10-10 13:34:40,352 [main] INFO  impl.RaftServerImpl (ServerState.java:close(387)) - a007dcda-27d8-4120-b749-f2f49e3670c9@group-C5DAA79294A3: closes. applyIndex: 0
2019-10-10 13:34:40,352 [grpc-default-executor-2] INFO  server.GrpcServerProtocolService (GrpcServerProtocolService.java:onCompleted(113)) - 61a2a155-4810-41b0-acd7-8ac7fa9d5303: Completed APPEND_ENTRIES, lastRequest: a007dcda-27d8-4120-b749-f2f49e3670c9->61a2a155-4810-41b0-acd7-8ac7fa9d5303#15-t5, previous=(t:5, i:10), leaderCommit=10, initializing? false, entries: <empty>
2019-10-10 13:34:40,353 [a007dcda-27d8-4120-b749-f2f49e3670c9@group-C5DAA79294A3-SegmentedRaftLogWorker] INFO  segmented.SegmentedRaftLogWorker (SegmentedRaftLogWorker.java:run(316)) - a007dcda-27d8-4120-b749-f2f49e3670c9@group-C5DAA79294A3-SegmentedRaftLogWorker was interrupted, exiting. There are 0 tasks remaining in the queue.
2019-10-10 13:34:40,355 [main] INFO  segmented.SegmentedRaftLogWorker (SegmentedRaftLogWorker.java:close(224)) - a007dcda-27d8-4120-b749-f2f49e3670c9@group-C5DAA79294A3-SegmentedRaftLogWorker close()
2019-10-10 13:34:40,355 [grpc-default-executor-2] INFO  server.GrpcLogAppender (GrpcLogAppender.java:onCompleted(293)) - a007dcda-27d8-4120-b749-f2f49e3670c9@group-0B66F88ECAC5->61a2a155-4810-41b0-acd7-8ac7fa9d5303-AppendLogResponseHandler: follower responses appendEntries COMPLETED
2019-10-10 13:34:40,360 [grpc-default-executor-2] INFO  impl.FollowerInfo (FollowerInfo.java:lambda$new$0(51)) - a007dcda-27d8-4120-b749-f2f49e3670c9@group-0B66F88ECAC5->61a2a155-4810-41b0-acd7-8ac7fa9d5303: nextIndex: updateUnconditionally 11 -> 10
2019-10-10 13:34:40,364 [ForkJoinPool.commonPool-worker-1] INFO  impl.StateMachineUpdater (StateMachineUpdater.java:stopAndJoin(136)) - a007dcda-27d8-4120-b749-f2f49e3670c9@group-0B66F88ECAC5-StateMachineUpdater: set stopIndex = 10
2019-10-10 13:34:40,364 [a007dcda-27d8-4120-b749-f2f49e3670c9@group-0B66F88ECAC5-StateMachineUpdater] INFO  ratis.ContainerStateMachine (ContainerStateMachine.java:takeSnapshot(294)) - group-0B66F88ECAC5: Taking a snapshot at:(t:5, i:10) file /workdir/hadoop-ozone/integration-test/target/test-dir/MiniOzoneClusterImpl-ae5faa4c-6ee1-4233-84bb-658feefea127/datanode-6/data/ratis/70067609-7f46-44c4-b94b-0b66f88ecac5/sm/snapshot.5_10
2019-10-10 13:34:40,379 [a007dcda-27d8-4120-b749-f2f49e3670c9@group-0B66F88ECAC5-StateMachineUpdater] INFO  ratis.ContainerStateMachine (ContainerStateMachine.java:takeSnapshot(305)) - group-0B66F88ECAC5: Finished taking a snapshot at:(t:5, i:10) file:/workdir/hadoop-ozone/integration-test/target/test-dir/MiniOzoneClusterImpl-ae5faa4c-6ee1-4233-84bb-658feefea127/datanode-6/data/ratis/70067609-7f46-44c4-b94b-0b66f88ecac5/sm/snapshot.5_10 time:15
2019-10-10 13:34:40,379 [a007dcda-27d8-4120-b749-f2f49e3670c9@group-0B66F88ECAC5-StateMachineUpdater] INFO  impl.StateMachineUpdater (StateMachineUpdater.java:takeSnapshot(269)) - a007dcda-27d8-4120-b749-f2f49e3670c9@group-0B66F88ECAC5-StateMachineUpdater: Took a snapshot at index 10
2019-10-10 13:34:40,379 [a007dcda-27d8-4120-b749-f2f49e3670c9@group-0B66F88ECAC5-StateMachineUpdater] INFO  impl.StateMachineUpdater (StateMachineUpdater.java:lambda$new$0(84)) - a007dcda-27d8-4120-b749-f2f49e3670c9@group-0B66F88ECAC5-StateMachineUpdater: snapshotIndex: updateIncreasingly -1 -> 10
2019-10-10 13:34:40,380 [ForkJoinPool.commonPool-worker-1] INFO  impl.RaftServerImpl (ServerState.java:close(387)) - a007dcda-27d8-4120-b749-f2f49e3670c9@group-0B66F88ECAC5: closes. applyIndex: 10
2019-10-10 13:34:40,380 [a007dcda-27d8-4120-b749-f2f49e3670c9@group-0B66F88ECAC5-SegmentedRaftLogWorker] INFO  segmented.SegmentedRaftLogWorker (SegmentedRaftLogWorker.java:run(316)) - a007dcda-27d8-4120-b749-f2f49e3670c9@group-0B66F88ECAC5-SegmentedRaftLogWorker was interrupted, exiting. There are 0 tasks remaining in the queue.
2019-10-10 13:34:40,381 [ForkJoinPool.commonPool-worker-1] INFO  segmented.SegmentedRaftLogWorker (SegmentedRaftLogWorker.java:close(224)) - a007dcda-27d8-4120-b749-f2f49e3670c9@group-0B66F88ECAC5-SegmentedRaftLogWorker close()
2019-10-10 13:34:40,384 [main] INFO  server.GrpcService (GrpcService.java:closeImpl(164)) - a007dcda-27d8-4120-b749-f2f49e3670c9: shutdown server with port 34879 now
2019-10-10 13:34:40,385 [main] INFO  server.GrpcService (GrpcService.java:closeImpl(172)) - a007dcda-27d8-4120-b749-f2f49e3670c9: shutdown server with port 34879 successfully
2019-10-10 13:34:40,396 [refreshUsed-/workdir/hadoop-ozone/integration-test/target/test-dir/MiniOzoneClusterImpl-ae5faa4c-6ee1-4233-84bb-658feefea127/datanode-6/data/containers] WARN  fs.CachingGetSpaceUsed (CachingGetSpaceUsed.java:run(183)) - Thread Interrupted waiting to refresh disk information: sleep interrupted
2019-10-10 13:34:40,416 [main] INFO  utils.BackgroundService (BackgroundService.java:shutdown(151)) - Shutting down service BlockDeletingService
2019-10-10 13:34:40,422 [main] INFO  statemachine.DatanodeStateMachine (DatanodeStateMachine.java:stopDaemon(395)) - Ozone container server stopped.
2019-10-10 13:34:40,423 [main] INFO  handler.ContextHandler (ContextHandler.java:doStop(910)) - Stopped o.e.j.w.WebAppContext@7b122839{/,null,UNAVAILABLE}{/hddsDatanode}
2019-10-10 13:34:40,424 [main] INFO  server.AbstractConnector (AbstractConnector.java:doStop(318)) - Stopped ServerConnector@3743539f{HTTP/1.1,[http/1.1]}{0.0.0.0:0}
2019-10-10 13:34:40,424 [main] INFO  handler.ContextHandler (ContextHandler.java:doStop(910)) - Stopped o.e.j.s.ServletContextHandler@a2341c6{/static,jar:file:/home/user/.m2/repository/org/apache/hadoop/hadoop-hdds-container-service/0.5.0-SNAPSHOT/hadoop-hdds-container-service-0.5.0-SNAPSHOT.jar!/webapps/static,UNAVAILABLE}
2019-10-10 13:34:40,425 [main] INFO  handler.ContextHandler (ContextHandler.java:doStop(910)) - Stopped o.e.j.s.ServletContextHandler@4fa9ab6{/logs,file:///workdir/hadoop-ozone/integration-test/target/log,UNAVAILABLE}
]]></system-out>
    <system-err><![CDATA[Oct 10, 2019 1:34:35 PM org.apache.ratis.thirdparty.io.grpc.internal.SerializingExecutor run
SEVERE: Exception while executing runnable org.apache.ratis.thirdparty.io.grpc.internal.ServerImpl$JumpToApplicationThreadServerStreamListener$1Closed@70b024d5
org.apache.ratis.thirdparty.io.grpc.StatusRuntimeException: CANCELLED: call already cancelled
	at org.apache.ratis.thirdparty.io.grpc.Status.asRuntimeException(Status.java:517)
	at org.apache.ratis.thirdparty.io.grpc.stub.ServerCalls$ServerCallStreamObserverImpl.onCompleted(ServerCalls.java:356)
	at org.apache.ratis.grpc.server.GrpcServerProtocolService$ServerRequestStreamObserver.onError(GrpcServerProtocolService.java:121)
	at org.apache.ratis.thirdparty.io.grpc.stub.ServerCalls$StreamingServerCallHandler$StreamingServerCallListener.onCancel(ServerCalls.java:269)
	at org.apache.ratis.thirdparty.io.grpc.internal.ServerCallImpl$ServerStreamListenerImpl.closed(ServerCallImpl.java:293)
	at org.apache.ratis.thirdparty.io.grpc.internal.ServerImpl$JumpToApplicationThreadServerStreamListener$1Closed.runInContext(ServerImpl.java:741)
	at org.apache.ratis.thirdparty.io.grpc.internal.ContextRunnable.run(ContextRunnable.java:37)
	at org.apache.ratis.thirdparty.io.grpc.internal.SerializingExecutor.run(SerializingExecutor.java:123)
	at java.util.concurrent.ThreadPoolExecutor.runWorker(ThreadPoolExecutor.java:1149)
	at java.util.concurrent.ThreadPoolExecutor$Worker.run(ThreadPoolExecutor.java:624)
	at java.lang.Thread.run(Thread.java:748)

]]></system-err>
  </testcase>
</testsuite>