<?xml version="1.0" encoding="UTF-8"?>
<testsuite xmlns:xsi="http://www.w3.org/2001/XMLSchema-instance" xsi:noNamespaceSchemaLocation="https://maven.apache.org/surefire/maven-surefire-plugin/xsd/surefire-test-report.xsd" name="org.apache.hadoop.ozone.client.rpc.TestWatchForCommit" time="249.06" tests="5" errors="1" skipped="0" failures="0">
  <properties>
    <property name="awt.toolkit" value="sun.awt.X11.XToolkit"/>
    <property name="file.encoding.pkg" value="sun.io"/>
    <property name="java.specification.version" value="1.8"/>
    <property name="sun.cpu.isalist" value=""/>
    <property name="sun.jnu.encoding" value="UTF-8"/>
    <property name="java.class.path" value="/workdir/hadoop-ozone/integration-test/target/test-classes:/workdir/hadoop-ozone/integration-test/target/classes:/home/user/.m2/repository/org/apache/hadoop/hadoop-ozone-common/0.5.0-SNAPSHOT/hadoop-ozone-common-0.5.0-SNAPSHOT.jar:/home/user/.m2/repository/org/apache/commons/commons-compress/1.4.1/commons-compress-1.4.1.jar:/home/user/.m2/repository/org/tukaani/xz/1.0/xz-1.0.jar:/home/user/.m2/repository/org/apache/hadoop/hadoop-common/3.2.0/hadoop-common-3.2.0.jar:/home/user/.m2/repository/org/apache/hadoop/hadoop-hdfs/3.2.0/hadoop-hdfs-3.2.0.jar:/home/user/.m2/repository/org/apache/hadoop/hadoop-hdfs-client/3.2.0/hadoop-hdfs-client-3.2.0.jar:/home/user/.m2/repository/com/fasterxml/jackson/core/jackson-annotations/2.9.9/jackson-annotations-2.9.9.jar:/home/user/.m2/repository/org/apache/hadoop/hadoop-hdds-common/0.5.0-SNAPSHOT/hadoop-hdds-common-0.5.0-SNAPSHOT.jar:/home/user/.m2/repository/javax/annotation/javax.annotation-api/1.2/javax.annotation-api-1.2.jar:/home/user/.m2/repository/org/apache/ratis/ratis-server/0.5.0-201fc85-SNAPSHOT/ratis-server-0.5.0-201fc85-SNAPSHOT.jar:/home/user/.m2/repository/org/apache/ratis/ratis-thirdparty-misc/0.2.0/ratis-thirdparty-misc-0.2.0.jar:/home/user/.m2/repository/org/apache/ratis/ratis-proto/0.5.0-201fc85-SNAPSHOT/ratis-proto-0.5.0-201fc85-SNAPSHOT.jar:/home/user/.m2/repository/org/apache/ratis/ratis-common/0.5.0-201fc85-SNAPSHOT/ratis-common-0.5.0-201fc85-SNAPSHOT.jar:/home/user/.m2/repository/org/apache/ratis/ratis-client/0.5.0-201fc85-SNAPSHOT/ratis-client-0.5.0-201fc85-SNAPSHOT.jar:/home/user/.m2/repository/org/apache/ratis/ratis-metrics/0.5.0-201fc85-SNAPSHOT/ratis-metrics-0.5.0-201fc85-SNAPSHOT.jar:/home/user/.m2/repository/com/github/joshelser/dropwizard-metrics-hadoop-metrics2-reporter/0.1.2/dropwizard-metrics-hadoop-metrics2-reporter-0.1.2.jar:/home/user/.m2/repository/io/dropwizard/metrics/metrics-jvm/3.2.5/metrics-jvm-3.2.5.jar:/home/user/.m2/repository/io/dropwizard/metrics/metrics-ganglia/3.2.5/metrics-ganglia-3.2.5.jar:/home/user/.m2/repository/info/ganglia/gmetric4j/gmetric4j/1.0.7/gmetric4j-1.0.7.jar:/home/user/.m2/repository/org/apache/ratis/ratis-netty/0.5.0-201fc85-SNAPSHOT/ratis-netty-0.5.0-201fc85-SNAPSHOT.jar:/home/user/.m2/repository/org/apache/ratis/ratis-grpc/0.5.0-201fc85-SNAPSHOT/ratis-grpc-0.5.0-201fc85-SNAPSHOT.jar:/home/user/.m2/repository/org/rocksdb/rocksdbjni/6.0.1/rocksdbjni-6.0.1.jar:/home/user/.m2/repository/org/apache/logging/log4j/log4j-api/2.11.0/log4j-api-2.11.0.jar:/home/user/.m2/repository/org/apache/logging/log4j/log4j-core/2.11.0/log4j-core-2.11.0.jar:/home/user/.m2/repository/com/lmax/disruptor/3.4.2/disruptor-3.4.2.jar:/home/user/.m2/repository/org/apache/commons/commons-pool2/2.6.0/commons-pool2-2.6.0.jar:/home/user/.m2/repository/org/bouncycastle/bcpkix-jdk15on/1.60/bcpkix-jdk15on-1.60.jar:/home/user/.m2/repository/commons-validator/commons-validator/1.6/commons-validator-1.6.jar:/home/user/.m2/repository/commons-digester/commons-digester/1.8.1/commons-digester-1.8.1.jar:/home/user/.m2/repository/io/jaegertracing/jaeger-client/0.34.0/jaeger-client-0.34.0.jar:/home/user/.m2/repository/io/jaegertracing/jaeger-thrift/0.34.0/jaeger-thrift-0.34.0.jar:/home/user/.m2/repository/org/apache/thrift/libthrift/0.12.0/libthrift-0.12.0.jar:/home/user/.m2/repository/com/squareup/okhttp3/okhttp/3.9.0/okhttp-3.9.0.jar:/home/user/.m2/repository/com/squareup/okio/okio/1.13.0/okio-1.13.0.jar:/home/user/.m2/repository/io/jaegertracing/jaeger-core/0.34.0/jaeger-core-0.34.0.jar:/home/user/.m2/repository/io/jaegertracing/jaeger-tracerresolver/0.34.0/jaeger-tracerresolver-0.34.0.jar:/home/user/.m2/repository/io/opentracing/contrib/opentracing-tracerresolver/0.1.5/opentracing-tracerresolver-0.1.5.jar:/home/user/.m2/repository/io/opentracing/opentracing-util/0.31.0/opentracing-util-0.31.0.jar:/home/user/.m2/repository/io/opentracing/opentracing-api/0.31.0/opentracing-api-0.31.0.jar:/home/user/.m2/repository/io/opentracing/opentracing-noop/0.31.0/opentracing-noop-0.31.0.jar:/home/user/.m2/repository/org/apache/hadoop/hadoop-hdds-server-framework/0.5.0-SNAPSHOT/hadoop-hdds-server-framework-0.5.0-SNAPSHOT.jar:/home/user/.m2/repository/org/apache/hadoop/hadoop-hdds-container-service/0.5.0-SNAPSHOT/hadoop-hdds-container-service-0.5.0-SNAPSHOT.jar:/home/user/.m2/repository/org/apache/hadoop/hadoop-hdds-client/0.5.0-SNAPSHOT/hadoop-hdds-client-0.5.0-SNAPSHOT.jar:/home/user/.m2/repository/org/apache/hadoop/hadoop-hdds-tools/0.5.0-SNAPSHOT/hadoop-hdds-tools-0.5.0-SNAPSHOT.jar:/home/user/.m2/repository/org/apache/hadoop/hadoop-hdds-server-scm/0.5.0-SNAPSHOT/hadoop-hdds-server-scm-0.5.0-SNAPSHOT.jar:/home/user/.m2/repository/org/apache/hadoop/hadoop-hdds-docs/0.5.0-SNAPSHOT/hadoop-hdds-docs-0.5.0-SNAPSHOT.jar:/home/user/.m2/repository/io/dropwizard/metrics/metrics-core/3.2.4/metrics-core-3.2.4.jar:/home/user/.m2/repository/org/hamcrest/hamcrest-all/1.3/hamcrest-all-1.3.jar:/home/user/.m2/repository/org/bouncycastle/bcprov-jdk15on/1.60/bcprov-jdk15on-1.60.jar:/home/user/.m2/repository/info/picocli/picocli/3.9.6/picocli-3.9.6.jar:/home/user/.m2/repository/com/google/protobuf/protobuf-java/2.5.0/protobuf-java-2.5.0.jar:/home/user/.m2/repository/com/google/guava/guava/11.0.2/guava-11.0.2.jar:/home/user/.m2/repository/org/apache/hadoop/hadoop-ozone-ozone-manager/0.5.0-SNAPSHOT/hadoop-ozone-ozone-manager-0.5.0-SNAPSHOT.jar:/home/user/.m2/repository/org/apache/hadoop/hadoop-minikdc/3.2.0/hadoop-minikdc-3.2.0.jar:/home/user/.m2/repository/commons-io/commons-io/2.5/commons-io-2.5.jar:/home/user/.m2/repository/org/apache/kerby/kerb-simplekdc/1.0.1/kerb-simplekdc-1.0.1.jar:/home/user/.m2/repository/org/apache/kerby/kerb-client/1.0.1/kerb-client-1.0.1.jar:/home/user/.m2/repository/org/apache/kerby/kerby-config/1.0.1/kerby-config-1.0.1.jar:/home/user/.m2/repository/org/apache/kerby/kerb-core/1.0.1/kerb-core-1.0.1.jar:/home/user/.m2/repository/org/apache/kerby/kerby-pkix/1.0.1/kerby-pkix-1.0.1.jar:/home/user/.m2/repository/org/apache/kerby/kerby-asn1/1.0.1/kerby-asn1-1.0.1.jar:/home/user/.m2/repository/org/apache/kerby/kerby-util/1.0.1/kerby-util-1.0.1.jar:/home/user/.m2/repository/org/apache/kerby/kerb-common/1.0.1/kerb-common-1.0.1.jar:/home/user/.m2/repository/org/apache/kerby/kerb-crypto/1.0.1/kerb-crypto-1.0.1.jar:/home/user/.m2/repository/org/apache/kerby/kerb-util/1.0.1/kerb-util-1.0.1.jar:/home/user/.m2/repository/org/apache/kerby/token-provider/1.0.1/token-provider-1.0.1.jar:/home/user/.m2/repository/org/apache/kerby/kerb-admin/1.0.1/kerb-admin-1.0.1.jar:/home/user/.m2/repository/org/apache/kerby/kerb-server/1.0.1/kerb-server-1.0.1.jar:/home/user/.m2/repository/org/apache/kerby/kerb-identity/1.0.1/kerb-identity-1.0.1.jar:/home/user/.m2/repository/org/apache/kerby/kerby-xdr/1.0.1/kerby-xdr-1.0.1.jar:/home/user/.m2/repository/org/slf4j/slf4j-log4j12/1.7.25/slf4j-log4j12-1.7.25.jar:/home/user/.m2/repository/org/apache/hadoop/hadoop-ozone-s3gateway/0.5.0-SNAPSHOT/hadoop-ozone-s3gateway-0.5.0-SNAPSHOT.jar:/home/user/.m2/repository/org/jboss/weld/servlet/weld-servlet/2.4.7.Final/weld-servlet-2.4.7.Final.jar:/home/user/.m2/repository/org/glassfish/jersey/containers/jersey-container-servlet-core/2.27/jersey-container-servlet-core-2.27.jar:/home/user/.m2/repository/org/glassfish/hk2/external/javax.inject/2.5.0-b42/javax.inject-2.5.0-b42.jar:/home/user/.m2/repository/org/glassfish/jersey/core/jersey-common/2.27/jersey-common-2.27.jar:/home/user/.m2/repository/org/glassfish/hk2/osgi-resource-locator/1.0.1/osgi-resource-locator-1.0.1.jar:/home/user/.m2/repository/javax/ws/rs/javax.ws.rs-api/2.1/javax.ws.rs-api-2.1.jar:/home/user/.m2/repository/org/glassfish/jersey/ext/cdi/jersey-cdi1x/2.27/jersey-cdi1x-2.27.jar:/home/user/.m2/repository/org/glassfish/jersey/inject/jersey-hk2/2.27/jersey-hk2-2.27.jar:/home/user/.m2/repository/org/glassfish/hk2/hk2-locator/2.5.0-b42/hk2-locator-2.5.0-b42.jar:/home/user/.m2/repository/org/javassist/javassist/3.22.0-CR2/javassist-3.22.0-CR2.jar:/home/user/.m2/repository/org/glassfish/hk2/hk2-api/2.5.0/hk2-api-2.5.0.jar:/home/user/.m2/repository/org/glassfish/hk2/external/jakarta.inject/2.5.0/jakarta.inject-2.5.0.jar:/home/user/.m2/repository/org/glassfish/hk2/hk2-utils/2.5.0/hk2-utils-2.5.0.jar:/home/user/.m2/repository/jakarta/annotation/jakarta.annotation-api/1.3.4/jakarta.annotation-api-1.3.4.jar:/home/user/.m2/repository/org/glassfish/hk2/external/aopalliance-repackaged/2.5.0/aopalliance-repackaged-2.5.0.jar:/home/user/.m2/repository/com/fasterxml/jackson/dataformat/jackson-dataformat-xml/2.9.0/jackson-dataformat-xml-2.9.0.jar:/home/user/.m2/repository/com/fasterxml/jackson/core/jackson-core/2.9.9/jackson-core-2.9.9.jar:/home/user/.m2/repository/com/fasterxml/jackson/module/jackson-module-jaxb-annotations/2.9.9/jackson-module-jaxb-annotations-2.9.9.jar:/home/user/.m2/repository/javax/enterprise/cdi-api/1.2/cdi-api-1.2.jar:/home/user/.m2/repository/javax/el/javax.el-api/3.0.0/javax.el-api-3.0.0.jar:/home/user/.m2/repository/javax/interceptor/javax.interceptor-api/1.2/javax.interceptor-api-1.2.jar:/home/user/.m2/repository/javax/inject/javax.inject/1/javax.inject-1.jar:/home/user/.m2/repository/com/sun/xml/bind/jaxb-impl/2.3.0.1/jaxb-impl-2.3.0.1.jar:/home/user/.m2/repository/com/sun/xml/bind/jaxb-core/2.3.0.1/jaxb-core-2.3.0.1.jar:/home/user/.m2/repository/javax/xml/bind/jaxb-api/2.3.0/jaxb-api-2.3.0.jar:/home/user/.m2/repository/javax/activation/activation/1.1.1/activation-1.1.1.jar:/home/user/.m2/repository/org/apache/hadoop/hadoop-ozone-csi/0.5.0-SNAPSHOT/hadoop-ozone-csi-0.5.0-SNAPSHOT.jar:/home/user/.m2/repository/com/google/protobuf/protobuf-java-util/3.5.1/protobuf-java-util-3.5.1.jar:/home/user/.m2/repository/org/apache/hadoop/hadoop-hdds-config/0.5.0-SNAPSHOT/hadoop-hdds-config-0.5.0-SNAPSHOT.jar:/home/user/.m2/repository/io/grpc/grpc-netty/1.17.1/grpc-netty-1.17.1.jar:/home/user/.m2/repository/io/grpc/grpc-core/1.17.1/grpc-core-1.17.1.jar:/home/user/.m2/repository/io/grpc/grpc-context/1.17.1/grpc-context-1.17.1.jar:/home/user/.m2/repository/com/google/errorprone/error_prone_annotations/2.2.0/error_prone_annotations-2.2.0.jar:/home/user/.m2/repository/org/codehaus/mojo/animal-sniffer-annotations/1.17/animal-sniffer-annotations-1.17.jar:/home/user/.m2/repository/io/opencensus/opencensus-api/0.17.0/opencensus-api-0.17.0.jar:/home/user/.m2/repository/io/opencensus/opencensus-contrib-grpc-metrics/0.17.0/opencensus-contrib-grpc-metrics-0.17.0.jar:/home/user/.m2/repository/io/netty/netty-codec-http2/4.1.30.Final/netty-codec-http2-4.1.30.Final.jar:/home/user/.m2/repository/io/netty/netty-codec-http/4.1.30.Final/netty-codec-http-4.1.30.Final.jar:/home/user/.m2/repository/io/netty/netty-codec/4.1.30.Final/netty-codec-4.1.30.Final.jar:/home/user/.m2/repository/io/netty/netty-handler/4.1.30.Final/netty-handler-4.1.30.Final.jar:/home/user/.m2/repository/io/netty/netty-handler-proxy/4.1.30.Final/netty-handler-proxy-4.1.30.Final.jar:/home/user/.m2/repository/io/netty/netty-codec-socks/4.1.30.Final/netty-codec-socks-4.1.30.Final.jar:/home/user/.m2/repository/io/netty/netty-transport-native-epoll/4.1.30.Final/netty-transport-native-epoll-4.1.30.Final.jar:/home/user/.m2/repository/io/netty/netty-common/4.1.30.Final/netty-common-4.1.30.Final.jar:/home/user/.m2/repository/io/netty/netty-buffer/4.1.30.Final/netty-buffer-4.1.30.Final.jar:/home/user/.m2/repository/io/netty/netty-transport/4.1.30.Final/netty-transport-4.1.30.Final.jar:/home/user/.m2/repository/io/netty/netty-resolver/4.1.30.Final/netty-resolver-4.1.30.Final.jar:/home/user/.m2/repository/io/netty/netty-transport-native-unix-common/4.1.30.Final/netty-transport-native-unix-common-4.1.30.Final.jar:/home/user/.m2/repository/io/grpc/grpc-protobuf/1.17.1/grpc-protobuf-1.17.1.jar:/home/user/.m2/repository/com/google/api/grpc/proto-google-common-protos/1.0.0/proto-google-common-protos-1.0.0.jar:/home/user/.m2/repository/io/grpc/grpc-protobuf-lite/1.17.1/grpc-protobuf-lite-1.17.1.jar:/home/user/.m2/repository/io/grpc/grpc-stub/1.17.1/grpc-stub-1.17.1.jar:/home/user/.m2/repository/org/apache/hadoop/hadoop-ozone-recon/0.5.0-SNAPSHOT/hadoop-ozone-recon-0.5.0-SNAPSHOT.jar:/home/user/.m2/repository/org/apache/hadoop/hadoop-ozone-reconcodegen/0.5.0-SNAPSHOT/hadoop-ozone-reconcodegen-0.5.0-SNAPSHOT.jar:/home/user/.m2/repository/com/google/inject/extensions/guice-multibindings/4.0/guice-multibindings-4.0.jar:/home/user/.m2/repository/com/google/inject/guice/4.0/guice-4.0.jar:/home/user/.m2/repository/aopalliance/aopalliance/1.0/aopalliance-1.0.jar:/home/user/.m2/repository/com/google/inject/extensions/guice-servlet/4.0/guice-servlet-4.0.jar:/home/user/.m2/repository/org/glassfish/jersey/containers/jersey-container-servlet/2.27/jersey-container-servlet-2.27.jar:/home/user/.m2/repository/org/glassfish/hk2/guice-bridge/2.5.0/guice-bridge-2.5.0.jar:/home/user/.m2/repository/org/glassfish/jersey/core/jersey-server/2.27/jersey-server-2.27.jar:/home/user/.m2/repository/org/glassfish/jersey/core/jersey-client/2.27/jersey-client-2.27.jar:/home/user/.m2/repository/org/glassfish/jersey/media/jersey-media-jaxb/2.27/jersey-media-jaxb-2.27.jar:/home/user/.m2/repository/javax/validation/validation-api/1.1.0.Final/validation-api-1.1.0.Final.jar:/home/user/.m2/repository/org/glassfish/jersey/media/jersey-media-json-jackson/2.27/jersey-media-json-jackson-2.27.jar:/home/user/.m2/repository/org/glassfish/jersey/ext/jersey-entity-filtering/2.27/jersey-entity-filtering-2.27.jar:/home/user/.m2/repository/com/google/inject/extensions/guice-assistedinject/4.0/guice-assistedinject-4.0.jar:/home/user/.m2/repository/org/jooq/jooq/3.11.10/jooq-3.11.10.jar:/home/user/.m2/repository/org/jooq/jooq-meta/3.11.10/jooq-meta-3.11.10.jar:/home/user/.m2/repository/org/jooq/jooq-codegen/3.11.10/jooq-codegen-3.11.10.jar:/home/user/.m2/repository/com/jolbox/bonecp/0.8.0.RELEASE/bonecp-0.8.0.RELEASE.jar:/home/user/.m2/repository/org/xerial/sqlite-jdbc/3.25.2/sqlite-jdbc-3.25.2.jar:/home/user/.m2/repository/org/springframework/spring-jdbc/5.1.3.RELEASE/spring-jdbc-5.1.3.RELEASE.jar:/home/user/.m2/repository/org/springframework/spring-beans/5.1.3.RELEASE/spring-beans-5.1.3.RELEASE.jar:/home/user/.m2/repository/org/springframework/spring-core/5.1.3.RELEASE/spring-core-5.1.3.RELEASE.jar:/home/user/.m2/repository/org/springframework/spring-jcl/5.1.3.RELEASE/spring-jcl-5.1.3.RELEASE.jar:/home/user/.m2/repository/org/springframework/spring-tx/5.1.3.RELEASE/spring-tx-5.1.3.RELEASE.jar:/home/user/.m2/repository/org/apache/hadoop/hadoop-ozone-client/0.5.0-SNAPSHOT/hadoop-ozone-client-0.5.0-SNAPSHOT.jar:/home/user/.m2/repository/commons-lang/commons-lang/2.6/commons-lang-2.6.jar:/home/user/.m2/repository/org/apache/hadoop/hadoop-ozone-ozone-manager/0.5.0-SNAPSHOT/hadoop-ozone-ozone-manager-0.5.0-SNAPSHOT-tests.jar:/home/user/.m2/repository/junit/junit/4.11/junit-4.11.jar:/home/user/.m2/repository/org/hamcrest/hamcrest-core/1.3/hamcrest-core-1.3.jar:/home/user/.m2/repository/org/openjdk/jmh/jmh-core/1.19/jmh-core-1.19.jar:/home/user/.m2/repository/net/sf/jopt-simple/jopt-simple/4.6/jopt-simple-4.6.jar:/home/user/.m2/repository/org/apache/commons/commons-math3/3.1.1/commons-math3-3.1.1.jar:/home/user/.m2/repository/org/openjdk/jmh/jmh-generator-annprocess/1.19/jmh-generator-annprocess-1.19.jar:/home/user/.m2/repository/org/mockito/mockito-all/1.8.5/mockito-all-1.8.5.jar:/home/user/.m2/repository/org/apache/hadoop/hadoop-kms/3.2.0/hadoop-kms-3.2.0.jar:/home/user/.m2/repository/org/apache/hadoop/hadoop-auth/3.2.0/hadoop-auth-3.2.0.jar:/home/user/.m2/repository/com/nimbusds/nimbus-jose-jwt/4.41.1/nimbus-jose-jwt-4.41.1.jar:/home/user/.m2/repository/com/github/stephenc/jcip/jcip-annotations/1.0-1/jcip-annotations-1.0-1.jar:/home/user/.m2/repository/net/minidev/json-smart/2.3/json-smart-2.3.jar:/home/user/.m2/repository/net/minidev/accessors-smart/1.2/accessors-smart-1.2.jar:/home/user/.m2/repository/org/ow2/asm/asm/5.0.4/asm-5.0.4.jar:/home/user/.m2/repository/org/apache/curator/curator-framework/2.12.0/curator-framework-2.12.0.jar:/home/user/.m2/repository/com/sun/jersey/jersey-core/1.19/jersey-core-1.19.jar:/home/user/.m2/repository/javax/ws/rs/jsr311-api/1.1.1/jsr311-api-1.1.1.jar:/home/user/.m2/repository/com/sun/jersey/jersey-server/1.19/jersey-server-1.19.jar:/home/user/.m2/repository/javax/servlet/javax.servlet-api/3.1.0/javax.servlet-api-3.1.0.jar:/home/user/.m2/repository/org/eclipse/jetty/jetty-server/9.3.25.v20180904/jetty-server-9.3.25.v20180904.jar:/home/user/.m2/repository/org/eclipse/jetty/jetty-http/9.3.25.v20180904/jetty-http-9.3.25.v20180904.jar:/home/user/.m2/repository/org/eclipse/jetty/jetty-io/9.3.25.v20180904/jetty-io-9.3.25.v20180904.jar:/home/user/.m2/repository/org/eclipse/jetty/jetty-webapp/9.3.25.v20180904/jetty-webapp-9.3.25.v20180904.jar:/home/user/.m2/repository/org/eclipse/jetty/jetty-xml/9.3.25.v20180904/jetty-xml-9.3.25.v20180904.jar:/home/user/.m2/repository/log4j/log4j/1.2.17/log4j-1.2.17.jar:/home/user/.m2/repository/org/slf4j/slf4j-api/1.7.25/slf4j-api-1.7.25.jar:/home/user/.m2/repository/org/slf4j/jul-to-slf4j/1.7.25/jul-to-slf4j-1.7.25.jar:/home/user/.m2/repository/org/eclipse/jetty/jetty-util/9.3.25.v20180904/jetty-util-9.3.25.v20180904.jar:/home/user/.m2/repository/com/fasterxml/jackson/core/jackson-databind/2.9.9/jackson-databind-2.9.9.jar:/home/user/.m2/repository/org/apache/hadoop/hadoop-kms/3.2.0/hadoop-kms-3.2.0-tests.jar:/home/user/.m2/repository/org/apache/hadoop/hadoop-hdds-server-scm/0.5.0-SNAPSHOT/hadoop-hdds-server-scm-0.5.0-SNAPSHOT-tests.jar:/home/user/.m2/repository/org/apache/hadoop/hadoop-hdds-container-service/0.5.0-SNAPSHOT/hadoop-hdds-container-service-0.5.0-SNAPSHOT-tests.jar:/home/user/.m2/repository/org/yaml/snakeyaml/1.16/snakeyaml-1.16.jar:/home/user/.m2/repository/org/apache/hadoop/hadoop-common/3.2.0/hadoop-common-3.2.0-tests.jar:/home/user/.m2/repository/org/apache/hadoop/hadoop-annotations/3.2.0/hadoop-annotations-3.2.0.jar:/usr/lib/jvm/java-1.8-openjdk/jre/../lib/tools.jar:/home/user/.m2/repository/commons-cli/commons-cli/1.2/commons-cli-1.2.jar:/home/user/.m2/repository/org/apache/httpcomponents/httpclient/4.5.2/httpclient-4.5.2.jar:/home/user/.m2/repository/org/apache/httpcomponents/httpcore/4.4.4/httpcore-4.4.4.jar:/home/user/.m2/repository/commons-codec/commons-codec/1.11/commons-codec-1.11.jar:/home/user/.m2/repository/commons-net/commons-net/3.6/commons-net-3.6.jar:/home/user/.m2/repository/commons-collections/commons-collections/3.2.2/commons-collections-3.2.2.jar:/home/user/.m2/repository/org/eclipse/jetty/jetty-servlet/9.3.25.v20180904/jetty-servlet-9.3.25.v20180904.jar:/home/user/.m2/repository/org/eclipse/jetty/jetty-security/9.3.25.v20180904/jetty-security-9.3.25.v20180904.jar:/home/user/.m2/repository/javax/servlet/jsp/jsp-api/2.1/jsp-api-2.1.jar:/home/user/.m2/repository/com/sun/jersey/jersey-servlet/1.19/jersey-servlet-1.19.jar:/home/user/.m2/repository/com/sun/jersey/jersey-json/1.19/jersey-json-1.19.jar:/home/user/.m2/repository/org/codehaus/jettison/jettison/1.1/jettison-1.1.jar:/home/user/.m2/repository/org/codehaus/jackson/jackson-core-asl/1.9.13/jackson-core-asl-1.9.13.jar:/home/user/.m2/repository/org/codehaus/jackson/jackson-mapper-asl/1.9.13/jackson-mapper-asl-1.9.13.jar:/home/user/.m2/repository/org/codehaus/jackson/jackson-jaxrs/1.9.13/jackson-jaxrs-1.9.13.jar:/home/user/.m2/repository/org/codehaus/jackson/jackson-xc/1.9.13/jackson-xc-1.9.13.jar:/home/user/.m2/repository/commons-logging/commons-logging/1.1.3/commons-logging-1.1.3.jar:/home/user/.m2/repository/commons-beanutils/commons-beanutils/1.9.4/commons-beanutils-1.9.4.jar:/home/user/.m2/repository/org/apache/commons/commons-configuration2/2.1.1/commons-configuration2-2.1.1.jar:/home/user/.m2/repository/org/apache/commons/commons-lang3/3.7/commons-lang3-3.7.jar:/home/user/.m2/repository/org/apache/commons/commons-text/1.4/commons-text-1.4.jar:/home/user/.m2/repository/org/apache/avro/avro/1.7.7/avro-1.7.7.jar:/home/user/.m2/repository/com/thoughtworks/paranamer/paranamer/2.3/paranamer-2.3.jar:/home/user/.m2/repository/org/xerial/snappy/snappy-java/1.0.5/snappy-java-1.0.5.jar:/home/user/.m2/repository/com/google/re2j/re2j/1.1/re2j-1.1.jar:/home/user/.m2/repository/com/google/code/gson/gson/2.2.4/gson-2.2.4.jar:/home/user/.m2/repository/com/jcraft/jsch/0.1.54/jsch-0.1.54.jar:/home/user/.m2/repository/org/apache/curator/curator-client/2.12.0/curator-client-2.12.0.jar:/home/user/.m2/repository/org/apache/curator/curator-recipes/2.12.0/curator-recipes-2.12.0.jar:/home/user/.m2/repository/com/google/code/findbugs/jsr305/3.0.0/jsr305-3.0.0.jar:/home/user/.m2/repository/org/apache/htrace/htrace-core4/4.1.0-incubating/htrace-core4-4.1.0-incubating.jar:/home/user/.m2/repository/org/apache/zookeeper/zookeeper/3.4.13/zookeeper-3.4.13.jar:/home/user/.m2/repository/jline/jline/0.9.94/jline-0.9.94.jar:/home/user/.m2/repository/org/apache/yetus/audience-annotations/0.5.0/audience-annotations-0.5.0.jar:/home/user/.m2/repository/org/codehaus/woodstox/stax2-api/3.1.4/stax2-api-3.1.4.jar:/home/user/.m2/repository/com/fasterxml/woodstox/woodstox-core/5.0.3/woodstox-core-5.0.3.jar:/home/user/.m2/repository/dnsjava/dnsjava/2.1.7/dnsjava-2.1.7.jar:/home/user/.m2/repository/org/apache/hadoop/hadoop-hdfs/3.2.0/hadoop-hdfs-3.2.0-tests.jar:/home/user/.m2/repository/org/eclipse/jetty/jetty-util-ajax/9.3.25.v20180904/jetty-util-ajax-9.3.25.v20180904.jar:/home/user/.m2/repository/commons-daemon/commons-daemon/1.0.13/commons-daemon-1.0.13.jar:/home/user/.m2/repository/io/netty/netty/3.10.5.Final/netty-3.10.5.Final.jar:/home/user/.m2/repository/io/netty/netty-all/4.0.52.Final/netty-all-4.0.52.Final.jar:/home/user/.m2/repository/org/fusesource/leveldbjni/leveldbjni-all/1.8/leveldbjni-all-1.8.jar:"/>
    <property name="java.vm.vendor" value="IcedTea"/>
    <property name="sun.arch.data.model" value="64"/>
    <property name="test.build.dir" value="/workdir/hadoop-ozone/integration-test/target/test-dir"/>
    <property name="test.cache.data" value=""/>
    <property name="java.vendor.url" value="https://icedtea.classpath.org"/>
    <property name="user.timezone" value=""/>
    <property name="java.vm.specification.version" value="1.8"/>
    <property name="os.name" value="Linux"/>
    <property name="test.build.data" value="/workdir/hadoop-ozone/integration-test/target/test-dir"/>
    <property name="user.country" value="US"/>
    <property name="sun.java.launcher" value="SUN_STANDARD"/>
    <property name="sun.boot.library.path" value="/usr/lib/jvm/java-1.8-openjdk/jre/lib/amd64"/>
    <property name="sun.java.command" value="/workdir/hadoop-ozone/integration-test/target/surefire/surefirebooter5459828547598320108.jar /workdir/hadoop-ozone/integration-test/target/surefire 2019-10-04T17-18-19_917-jvmRun1 surefire2347043550787596728tmp surefire_767720304885911606095tmp"/>
    <property name="test" value="!TestMiniChaosOzoneCluster"/>
    <property name="surefire.test.class.path" value="/workdir/hadoop-ozone/integration-test/target/test-classes:/workdir/hadoop-ozone/integration-test/target/classes:/home/user/.m2/repository/org/apache/hadoop/hadoop-ozone-common/0.5.0-SNAPSHOT/hadoop-ozone-common-0.5.0-SNAPSHOT.jar:/home/user/.m2/repository/org/apache/commons/commons-compress/1.4.1/commons-compress-1.4.1.jar:/home/user/.m2/repository/org/tukaani/xz/1.0/xz-1.0.jar:/home/user/.m2/repository/org/apache/hadoop/hadoop-common/3.2.0/hadoop-common-3.2.0.jar:/home/user/.m2/repository/org/apache/hadoop/hadoop-hdfs/3.2.0/hadoop-hdfs-3.2.0.jar:/home/user/.m2/repository/org/apache/hadoop/hadoop-hdfs-client/3.2.0/hadoop-hdfs-client-3.2.0.jar:/home/user/.m2/repository/com/fasterxml/jackson/core/jackson-annotations/2.9.9/jackson-annotations-2.9.9.jar:/home/user/.m2/repository/org/apache/hadoop/hadoop-hdds-common/0.5.0-SNAPSHOT/hadoop-hdds-common-0.5.0-SNAPSHOT.jar:/home/user/.m2/repository/javax/annotation/javax.annotation-api/1.2/javax.annotation-api-1.2.jar:/home/user/.m2/repository/org/apache/ratis/ratis-server/0.5.0-201fc85-SNAPSHOT/ratis-server-0.5.0-201fc85-SNAPSHOT.jar:/home/user/.m2/repository/org/apache/ratis/ratis-thirdparty-misc/0.2.0/ratis-thirdparty-misc-0.2.0.jar:/home/user/.m2/repository/org/apache/ratis/ratis-proto/0.5.0-201fc85-SNAPSHOT/ratis-proto-0.5.0-201fc85-SNAPSHOT.jar:/home/user/.m2/repository/org/apache/ratis/ratis-common/0.5.0-201fc85-SNAPSHOT/ratis-common-0.5.0-201fc85-SNAPSHOT.jar:/home/user/.m2/repository/org/apache/ratis/ratis-client/0.5.0-201fc85-SNAPSHOT/ratis-client-0.5.0-201fc85-SNAPSHOT.jar:/home/user/.m2/repository/org/apache/ratis/ratis-metrics/0.5.0-201fc85-SNAPSHOT/ratis-metrics-0.5.0-201fc85-SNAPSHOT.jar:/home/user/.m2/repository/com/github/joshelser/dropwizard-metrics-hadoop-metrics2-reporter/0.1.2/dropwizard-metrics-hadoop-metrics2-reporter-0.1.2.jar:/home/user/.m2/repository/io/dropwizard/metrics/metrics-jvm/3.2.5/metrics-jvm-3.2.5.jar:/home/user/.m2/repository/io/dropwizard/metrics/metrics-ganglia/3.2.5/metrics-ganglia-3.2.5.jar:/home/user/.m2/repository/info/ganglia/gmetric4j/gmetric4j/1.0.7/gmetric4j-1.0.7.jar:/home/user/.m2/repository/org/apache/ratis/ratis-netty/0.5.0-201fc85-SNAPSHOT/ratis-netty-0.5.0-201fc85-SNAPSHOT.jar:/home/user/.m2/repository/org/apache/ratis/ratis-grpc/0.5.0-201fc85-SNAPSHOT/ratis-grpc-0.5.0-201fc85-SNAPSHOT.jar:/home/user/.m2/repository/org/rocksdb/rocksdbjni/6.0.1/rocksdbjni-6.0.1.jar:/home/user/.m2/repository/org/apache/logging/log4j/log4j-api/2.11.0/log4j-api-2.11.0.jar:/home/user/.m2/repository/org/apache/logging/log4j/log4j-core/2.11.0/log4j-core-2.11.0.jar:/home/user/.m2/repository/com/lmax/disruptor/3.4.2/disruptor-3.4.2.jar:/home/user/.m2/repository/org/apache/commons/commons-pool2/2.6.0/commons-pool2-2.6.0.jar:/home/user/.m2/repository/org/bouncycastle/bcpkix-jdk15on/1.60/bcpkix-jdk15on-1.60.jar:/home/user/.m2/repository/commons-validator/commons-validator/1.6/commons-validator-1.6.jar:/home/user/.m2/repository/commons-digester/commons-digester/1.8.1/commons-digester-1.8.1.jar:/home/user/.m2/repository/io/jaegertracing/jaeger-client/0.34.0/jaeger-client-0.34.0.jar:/home/user/.m2/repository/io/jaegertracing/jaeger-thrift/0.34.0/jaeger-thrift-0.34.0.jar:/home/user/.m2/repository/org/apache/thrift/libthrift/0.12.0/libthrift-0.12.0.jar:/home/user/.m2/repository/com/squareup/okhttp3/okhttp/3.9.0/okhttp-3.9.0.jar:/home/user/.m2/repository/com/squareup/okio/okio/1.13.0/okio-1.13.0.jar:/home/user/.m2/repository/io/jaegertracing/jaeger-core/0.34.0/jaeger-core-0.34.0.jar:/home/user/.m2/repository/io/jaegertracing/jaeger-tracerresolver/0.34.0/jaeger-tracerresolver-0.34.0.jar:/home/user/.m2/repository/io/opentracing/contrib/opentracing-tracerresolver/0.1.5/opentracing-tracerresolver-0.1.5.jar:/home/user/.m2/repository/io/opentracing/opentracing-util/0.31.0/opentracing-util-0.31.0.jar:/home/user/.m2/repository/io/opentracing/opentracing-api/0.31.0/opentracing-api-0.31.0.jar:/home/user/.m2/repository/io/opentracing/opentracing-noop/0.31.0/opentracing-noop-0.31.0.jar:/home/user/.m2/repository/org/apache/hadoop/hadoop-hdds-server-framework/0.5.0-SNAPSHOT/hadoop-hdds-server-framework-0.5.0-SNAPSHOT.jar:/home/user/.m2/repository/org/apache/hadoop/hadoop-hdds-container-service/0.5.0-SNAPSHOT/hadoop-hdds-container-service-0.5.0-SNAPSHOT.jar:/home/user/.m2/repository/org/apache/hadoop/hadoop-hdds-client/0.5.0-SNAPSHOT/hadoop-hdds-client-0.5.0-SNAPSHOT.jar:/home/user/.m2/repository/org/apache/hadoop/hadoop-hdds-tools/0.5.0-SNAPSHOT/hadoop-hdds-tools-0.5.0-SNAPSHOT.jar:/home/user/.m2/repository/org/apache/hadoop/hadoop-hdds-server-scm/0.5.0-SNAPSHOT/hadoop-hdds-server-scm-0.5.0-SNAPSHOT.jar:/home/user/.m2/repository/org/apache/hadoop/hadoop-hdds-docs/0.5.0-SNAPSHOT/hadoop-hdds-docs-0.5.0-SNAPSHOT.jar:/home/user/.m2/repository/io/dropwizard/metrics/metrics-core/3.2.4/metrics-core-3.2.4.jar:/home/user/.m2/repository/org/hamcrest/hamcrest-all/1.3/hamcrest-all-1.3.jar:/home/user/.m2/repository/org/bouncycastle/bcprov-jdk15on/1.60/bcprov-jdk15on-1.60.jar:/home/user/.m2/repository/info/picocli/picocli/3.9.6/picocli-3.9.6.jar:/home/user/.m2/repository/com/google/protobuf/protobuf-java/2.5.0/protobuf-java-2.5.0.jar:/home/user/.m2/repository/com/google/guava/guava/11.0.2/guava-11.0.2.jar:/home/user/.m2/repository/org/apache/hadoop/hadoop-ozone-ozone-manager/0.5.0-SNAPSHOT/hadoop-ozone-ozone-manager-0.5.0-SNAPSHOT.jar:/home/user/.m2/repository/org/apache/hadoop/hadoop-minikdc/3.2.0/hadoop-minikdc-3.2.0.jar:/home/user/.m2/repository/commons-io/commons-io/2.5/commons-io-2.5.jar:/home/user/.m2/repository/org/apache/kerby/kerb-simplekdc/1.0.1/kerb-simplekdc-1.0.1.jar:/home/user/.m2/repository/org/apache/kerby/kerb-client/1.0.1/kerb-client-1.0.1.jar:/home/user/.m2/repository/org/apache/kerby/kerby-config/1.0.1/kerby-config-1.0.1.jar:/home/user/.m2/repository/org/apache/kerby/kerb-core/1.0.1/kerb-core-1.0.1.jar:/home/user/.m2/repository/org/apache/kerby/kerby-pkix/1.0.1/kerby-pkix-1.0.1.jar:/home/user/.m2/repository/org/apache/kerby/kerby-asn1/1.0.1/kerby-asn1-1.0.1.jar:/home/user/.m2/repository/org/apache/kerby/kerby-util/1.0.1/kerby-util-1.0.1.jar:/home/user/.m2/repository/org/apache/kerby/kerb-common/1.0.1/kerb-common-1.0.1.jar:/home/user/.m2/repository/org/apache/kerby/kerb-crypto/1.0.1/kerb-crypto-1.0.1.jar:/home/user/.m2/repository/org/apache/kerby/kerb-util/1.0.1/kerb-util-1.0.1.jar:/home/user/.m2/repository/org/apache/kerby/token-provider/1.0.1/token-provider-1.0.1.jar:/home/user/.m2/repository/org/apache/kerby/kerb-admin/1.0.1/kerb-admin-1.0.1.jar:/home/user/.m2/repository/org/apache/kerby/kerb-server/1.0.1/kerb-server-1.0.1.jar:/home/user/.m2/repository/org/apache/kerby/kerb-identity/1.0.1/kerb-identity-1.0.1.jar:/home/user/.m2/repository/org/apache/kerby/kerby-xdr/1.0.1/kerby-xdr-1.0.1.jar:/home/user/.m2/repository/org/slf4j/slf4j-log4j12/1.7.25/slf4j-log4j12-1.7.25.jar:/home/user/.m2/repository/org/apache/hadoop/hadoop-ozone-s3gateway/0.5.0-SNAPSHOT/hadoop-ozone-s3gateway-0.5.0-SNAPSHOT.jar:/home/user/.m2/repository/org/jboss/weld/servlet/weld-servlet/2.4.7.Final/weld-servlet-2.4.7.Final.jar:/home/user/.m2/repository/org/glassfish/jersey/containers/jersey-container-servlet-core/2.27/jersey-container-servlet-core-2.27.jar:/home/user/.m2/repository/org/glassfish/hk2/external/javax.inject/2.5.0-b42/javax.inject-2.5.0-b42.jar:/home/user/.m2/repository/org/glassfish/jersey/core/jersey-common/2.27/jersey-common-2.27.jar:/home/user/.m2/repository/org/glassfish/hk2/osgi-resource-locator/1.0.1/osgi-resource-locator-1.0.1.jar:/home/user/.m2/repository/javax/ws/rs/javax.ws.rs-api/2.1/javax.ws.rs-api-2.1.jar:/home/user/.m2/repository/org/glassfish/jersey/ext/cdi/jersey-cdi1x/2.27/jersey-cdi1x-2.27.jar:/home/user/.m2/repository/org/glassfish/jersey/inject/jersey-hk2/2.27/jersey-hk2-2.27.jar:/home/user/.m2/repository/org/glassfish/hk2/hk2-locator/2.5.0-b42/hk2-locator-2.5.0-b42.jar:/home/user/.m2/repository/org/javassist/javassist/3.22.0-CR2/javassist-3.22.0-CR2.jar:/home/user/.m2/repository/org/glassfish/hk2/hk2-api/2.5.0/hk2-api-2.5.0.jar:/home/user/.m2/repository/org/glassfish/hk2/external/jakarta.inject/2.5.0/jakarta.inject-2.5.0.jar:/home/user/.m2/repository/org/glassfish/hk2/hk2-utils/2.5.0/hk2-utils-2.5.0.jar:/home/user/.m2/repository/jakarta/annotation/jakarta.annotation-api/1.3.4/jakarta.annotation-api-1.3.4.jar:/home/user/.m2/repository/org/glassfish/hk2/external/aopalliance-repackaged/2.5.0/aopalliance-repackaged-2.5.0.jar:/home/user/.m2/repository/com/fasterxml/jackson/dataformat/jackson-dataformat-xml/2.9.0/jackson-dataformat-xml-2.9.0.jar:/home/user/.m2/repository/com/fasterxml/jackson/core/jackson-core/2.9.9/jackson-core-2.9.9.jar:/home/user/.m2/repository/com/fasterxml/jackson/module/jackson-module-jaxb-annotations/2.9.9/jackson-module-jaxb-annotations-2.9.9.jar:/home/user/.m2/repository/javax/enterprise/cdi-api/1.2/cdi-api-1.2.jar:/home/user/.m2/repository/javax/el/javax.el-api/3.0.0/javax.el-api-3.0.0.jar:/home/user/.m2/repository/javax/interceptor/javax.interceptor-api/1.2/javax.interceptor-api-1.2.jar:/home/user/.m2/repository/javax/inject/javax.inject/1/javax.inject-1.jar:/home/user/.m2/repository/com/sun/xml/bind/jaxb-impl/2.3.0.1/jaxb-impl-2.3.0.1.jar:/home/user/.m2/repository/com/sun/xml/bind/jaxb-core/2.3.0.1/jaxb-core-2.3.0.1.jar:/home/user/.m2/repository/javax/xml/bind/jaxb-api/2.3.0/jaxb-api-2.3.0.jar:/home/user/.m2/repository/javax/activation/activation/1.1.1/activation-1.1.1.jar:/home/user/.m2/repository/org/apache/hadoop/hadoop-ozone-csi/0.5.0-SNAPSHOT/hadoop-ozone-csi-0.5.0-SNAPSHOT.jar:/home/user/.m2/repository/com/google/protobuf/protobuf-java-util/3.5.1/protobuf-java-util-3.5.1.jar:/home/user/.m2/repository/org/apache/hadoop/hadoop-hdds-config/0.5.0-SNAPSHOT/hadoop-hdds-config-0.5.0-SNAPSHOT.jar:/home/user/.m2/repository/io/grpc/grpc-netty/1.17.1/grpc-netty-1.17.1.jar:/home/user/.m2/repository/io/grpc/grpc-core/1.17.1/grpc-core-1.17.1.jar:/home/user/.m2/repository/io/grpc/grpc-context/1.17.1/grpc-context-1.17.1.jar:/home/user/.m2/repository/com/google/errorprone/error_prone_annotations/2.2.0/error_prone_annotations-2.2.0.jar:/home/user/.m2/repository/org/codehaus/mojo/animal-sniffer-annotations/1.17/animal-sniffer-annotations-1.17.jar:/home/user/.m2/repository/io/opencensus/opencensus-api/0.17.0/opencensus-api-0.17.0.jar:/home/user/.m2/repository/io/opencensus/opencensus-contrib-grpc-metrics/0.17.0/opencensus-contrib-grpc-metrics-0.17.0.jar:/home/user/.m2/repository/io/netty/netty-codec-http2/4.1.30.Final/netty-codec-http2-4.1.30.Final.jar:/home/user/.m2/repository/io/netty/netty-codec-http/4.1.30.Final/netty-codec-http-4.1.30.Final.jar:/home/user/.m2/repository/io/netty/netty-codec/4.1.30.Final/netty-codec-4.1.30.Final.jar:/home/user/.m2/repository/io/netty/netty-handler/4.1.30.Final/netty-handler-4.1.30.Final.jar:/home/user/.m2/repository/io/netty/netty-handler-proxy/4.1.30.Final/netty-handler-proxy-4.1.30.Final.jar:/home/user/.m2/repository/io/netty/netty-codec-socks/4.1.30.Final/netty-codec-socks-4.1.30.Final.jar:/home/user/.m2/repository/io/netty/netty-transport-native-epoll/4.1.30.Final/netty-transport-native-epoll-4.1.30.Final.jar:/home/user/.m2/repository/io/netty/netty-common/4.1.30.Final/netty-common-4.1.30.Final.jar:/home/user/.m2/repository/io/netty/netty-buffer/4.1.30.Final/netty-buffer-4.1.30.Final.jar:/home/user/.m2/repository/io/netty/netty-transport/4.1.30.Final/netty-transport-4.1.30.Final.jar:/home/user/.m2/repository/io/netty/netty-resolver/4.1.30.Final/netty-resolver-4.1.30.Final.jar:/home/user/.m2/repository/io/netty/netty-transport-native-unix-common/4.1.30.Final/netty-transport-native-unix-common-4.1.30.Final.jar:/home/user/.m2/repository/io/grpc/grpc-protobuf/1.17.1/grpc-protobuf-1.17.1.jar:/home/user/.m2/repository/com/google/api/grpc/proto-google-common-protos/1.0.0/proto-google-common-protos-1.0.0.jar:/home/user/.m2/repository/io/grpc/grpc-protobuf-lite/1.17.1/grpc-protobuf-lite-1.17.1.jar:/home/user/.m2/repository/io/grpc/grpc-stub/1.17.1/grpc-stub-1.17.1.jar:/home/user/.m2/repository/org/apache/hadoop/hadoop-ozone-recon/0.5.0-SNAPSHOT/hadoop-ozone-recon-0.5.0-SNAPSHOT.jar:/home/user/.m2/repository/org/apache/hadoop/hadoop-ozone-reconcodegen/0.5.0-SNAPSHOT/hadoop-ozone-reconcodegen-0.5.0-SNAPSHOT.jar:/home/user/.m2/repository/com/google/inject/extensions/guice-multibindings/4.0/guice-multibindings-4.0.jar:/home/user/.m2/repository/com/google/inject/guice/4.0/guice-4.0.jar:/home/user/.m2/repository/aopalliance/aopalliance/1.0/aopalliance-1.0.jar:/home/user/.m2/repository/com/google/inject/extensions/guice-servlet/4.0/guice-servlet-4.0.jar:/home/user/.m2/repository/org/glassfish/jersey/containers/jersey-container-servlet/2.27/jersey-container-servlet-2.27.jar:/home/user/.m2/repository/org/glassfish/hk2/guice-bridge/2.5.0/guice-bridge-2.5.0.jar:/home/user/.m2/repository/org/glassfish/jersey/core/jersey-server/2.27/jersey-server-2.27.jar:/home/user/.m2/repository/org/glassfish/jersey/core/jersey-client/2.27/jersey-client-2.27.jar:/home/user/.m2/repository/org/glassfish/jersey/media/jersey-media-jaxb/2.27/jersey-media-jaxb-2.27.jar:/home/user/.m2/repository/javax/validation/validation-api/1.1.0.Final/validation-api-1.1.0.Final.jar:/home/user/.m2/repository/org/glassfish/jersey/media/jersey-media-json-jackson/2.27/jersey-media-json-jackson-2.27.jar:/home/user/.m2/repository/org/glassfish/jersey/ext/jersey-entity-filtering/2.27/jersey-entity-filtering-2.27.jar:/home/user/.m2/repository/com/google/inject/extensions/guice-assistedinject/4.0/guice-assistedinject-4.0.jar:/home/user/.m2/repository/org/jooq/jooq/3.11.10/jooq-3.11.10.jar:/home/user/.m2/repository/org/jooq/jooq-meta/3.11.10/jooq-meta-3.11.10.jar:/home/user/.m2/repository/org/jooq/jooq-codegen/3.11.10/jooq-codegen-3.11.10.jar:/home/user/.m2/repository/com/jolbox/bonecp/0.8.0.RELEASE/bonecp-0.8.0.RELEASE.jar:/home/user/.m2/repository/org/xerial/sqlite-jdbc/3.25.2/sqlite-jdbc-3.25.2.jar:/home/user/.m2/repository/org/springframework/spring-jdbc/5.1.3.RELEASE/spring-jdbc-5.1.3.RELEASE.jar:/home/user/.m2/repository/org/springframework/spring-beans/5.1.3.RELEASE/spring-beans-5.1.3.RELEASE.jar:/home/user/.m2/repository/org/springframework/spring-core/5.1.3.RELEASE/spring-core-5.1.3.RELEASE.jar:/home/user/.m2/repository/org/springframework/spring-jcl/5.1.3.RELEASE/spring-jcl-5.1.3.RELEASE.jar:/home/user/.m2/repository/org/springframework/spring-tx/5.1.3.RELEASE/spring-tx-5.1.3.RELEASE.jar:/home/user/.m2/repository/org/apache/hadoop/hadoop-ozone-client/0.5.0-SNAPSHOT/hadoop-ozone-client-0.5.0-SNAPSHOT.jar:/home/user/.m2/repository/commons-lang/commons-lang/2.6/commons-lang-2.6.jar:/home/user/.m2/repository/org/apache/hadoop/hadoop-ozone-ozone-manager/0.5.0-SNAPSHOT/hadoop-ozone-ozone-manager-0.5.0-SNAPSHOT-tests.jar:/home/user/.m2/repository/junit/junit/4.11/junit-4.11.jar:/home/user/.m2/repository/org/hamcrest/hamcrest-core/1.3/hamcrest-core-1.3.jar:/home/user/.m2/repository/org/openjdk/jmh/jmh-core/1.19/jmh-core-1.19.jar:/home/user/.m2/repository/net/sf/jopt-simple/jopt-simple/4.6/jopt-simple-4.6.jar:/home/user/.m2/repository/org/apache/commons/commons-math3/3.1.1/commons-math3-3.1.1.jar:/home/user/.m2/repository/org/openjdk/jmh/jmh-generator-annprocess/1.19/jmh-generator-annprocess-1.19.jar:/home/user/.m2/repository/org/mockito/mockito-all/1.8.5/mockito-all-1.8.5.jar:/home/user/.m2/repository/org/apache/hadoop/hadoop-kms/3.2.0/hadoop-kms-3.2.0.jar:/home/user/.m2/repository/org/apache/hadoop/hadoop-auth/3.2.0/hadoop-auth-3.2.0.jar:/home/user/.m2/repository/com/nimbusds/nimbus-jose-jwt/4.41.1/nimbus-jose-jwt-4.41.1.jar:/home/user/.m2/repository/com/github/stephenc/jcip/jcip-annotations/1.0-1/jcip-annotations-1.0-1.jar:/home/user/.m2/repository/net/minidev/json-smart/2.3/json-smart-2.3.jar:/home/user/.m2/repository/net/minidev/accessors-smart/1.2/accessors-smart-1.2.jar:/home/user/.m2/repository/org/ow2/asm/asm/5.0.4/asm-5.0.4.jar:/home/user/.m2/repository/org/apache/curator/curator-framework/2.12.0/curator-framework-2.12.0.jar:/home/user/.m2/repository/com/sun/jersey/jersey-core/1.19/jersey-core-1.19.jar:/home/user/.m2/repository/javax/ws/rs/jsr311-api/1.1.1/jsr311-api-1.1.1.jar:/home/user/.m2/repository/com/sun/jersey/jersey-server/1.19/jersey-server-1.19.jar:/home/user/.m2/repository/javax/servlet/javax.servlet-api/3.1.0/javax.servlet-api-3.1.0.jar:/home/user/.m2/repository/org/eclipse/jetty/jetty-server/9.3.25.v20180904/jetty-server-9.3.25.v20180904.jar:/home/user/.m2/repository/org/eclipse/jetty/jetty-http/9.3.25.v20180904/jetty-http-9.3.25.v20180904.jar:/home/user/.m2/repository/org/eclipse/jetty/jetty-io/9.3.25.v20180904/jetty-io-9.3.25.v20180904.jar:/home/user/.m2/repository/org/eclipse/jetty/jetty-webapp/9.3.25.v20180904/jetty-webapp-9.3.25.v20180904.jar:/home/user/.m2/repository/org/eclipse/jetty/jetty-xml/9.3.25.v20180904/jetty-xml-9.3.25.v20180904.jar:/home/user/.m2/repository/log4j/log4j/1.2.17/log4j-1.2.17.jar:/home/user/.m2/repository/org/slf4j/slf4j-api/1.7.25/slf4j-api-1.7.25.jar:/home/user/.m2/repository/org/slf4j/jul-to-slf4j/1.7.25/jul-to-slf4j-1.7.25.jar:/home/user/.m2/repository/org/eclipse/jetty/jetty-util/9.3.25.v20180904/jetty-util-9.3.25.v20180904.jar:/home/user/.m2/repository/com/fasterxml/jackson/core/jackson-databind/2.9.9/jackson-databind-2.9.9.jar:/home/user/.m2/repository/org/apache/hadoop/hadoop-kms/3.2.0/hadoop-kms-3.2.0-tests.jar:/home/user/.m2/repository/org/apache/hadoop/hadoop-hdds-server-scm/0.5.0-SNAPSHOT/hadoop-hdds-server-scm-0.5.0-SNAPSHOT-tests.jar:/home/user/.m2/repository/org/apache/hadoop/hadoop-hdds-container-service/0.5.0-SNAPSHOT/hadoop-hdds-container-service-0.5.0-SNAPSHOT-tests.jar:/home/user/.m2/repository/org/yaml/snakeyaml/1.16/snakeyaml-1.16.jar:/home/user/.m2/repository/org/apache/hadoop/hadoop-common/3.2.0/hadoop-common-3.2.0-tests.jar:/home/user/.m2/repository/org/apache/hadoop/hadoop-annotations/3.2.0/hadoop-annotations-3.2.0.jar:/usr/lib/jvm/java-1.8-openjdk/jre/../lib/tools.jar:/home/user/.m2/repository/commons-cli/commons-cli/1.2/commons-cli-1.2.jar:/home/user/.m2/repository/org/apache/httpcomponents/httpclient/4.5.2/httpclient-4.5.2.jar:/home/user/.m2/repository/org/apache/httpcomponents/httpcore/4.4.4/httpcore-4.4.4.jar:/home/user/.m2/repository/commons-codec/commons-codec/1.11/commons-codec-1.11.jar:/home/user/.m2/repository/commons-net/commons-net/3.6/commons-net-3.6.jar:/home/user/.m2/repository/commons-collections/commons-collections/3.2.2/commons-collections-3.2.2.jar:/home/user/.m2/repository/org/eclipse/jetty/jetty-servlet/9.3.25.v20180904/jetty-servlet-9.3.25.v20180904.jar:/home/user/.m2/repository/org/eclipse/jetty/jetty-security/9.3.25.v20180904/jetty-security-9.3.25.v20180904.jar:/home/user/.m2/repository/javax/servlet/jsp/jsp-api/2.1/jsp-api-2.1.jar:/home/user/.m2/repository/com/sun/jersey/jersey-servlet/1.19/jersey-servlet-1.19.jar:/home/user/.m2/repository/com/sun/jersey/jersey-json/1.19/jersey-json-1.19.jar:/home/user/.m2/repository/org/codehaus/jettison/jettison/1.1/jettison-1.1.jar:/home/user/.m2/repository/org/codehaus/jackson/jackson-core-asl/1.9.13/jackson-core-asl-1.9.13.jar:/home/user/.m2/repository/org/codehaus/jackson/jackson-mapper-asl/1.9.13/jackson-mapper-asl-1.9.13.jar:/home/user/.m2/repository/org/codehaus/jackson/jackson-jaxrs/1.9.13/jackson-jaxrs-1.9.13.jar:/home/user/.m2/repository/org/codehaus/jackson/jackson-xc/1.9.13/jackson-xc-1.9.13.jar:/home/user/.m2/repository/commons-logging/commons-logging/1.1.3/commons-logging-1.1.3.jar:/home/user/.m2/repository/commons-beanutils/commons-beanutils/1.9.4/commons-beanutils-1.9.4.jar:/home/user/.m2/repository/org/apache/commons/commons-configuration2/2.1.1/commons-configuration2-2.1.1.jar:/home/user/.m2/repository/org/apache/commons/commons-lang3/3.7/commons-lang3-3.7.jar:/home/user/.m2/repository/org/apache/commons/commons-text/1.4/commons-text-1.4.jar:/home/user/.m2/repository/org/apache/avro/avro/1.7.7/avro-1.7.7.jar:/home/user/.m2/repository/com/thoughtworks/paranamer/paranamer/2.3/paranamer-2.3.jar:/home/user/.m2/repository/org/xerial/snappy/snappy-java/1.0.5/snappy-java-1.0.5.jar:/home/user/.m2/repository/com/google/re2j/re2j/1.1/re2j-1.1.jar:/home/user/.m2/repository/com/google/code/gson/gson/2.2.4/gson-2.2.4.jar:/home/user/.m2/repository/com/jcraft/jsch/0.1.54/jsch-0.1.54.jar:/home/user/.m2/repository/org/apache/curator/curator-client/2.12.0/curator-client-2.12.0.jar:/home/user/.m2/repository/org/apache/curator/curator-recipes/2.12.0/curator-recipes-2.12.0.jar:/home/user/.m2/repository/com/google/code/findbugs/jsr305/3.0.0/jsr305-3.0.0.jar:/home/user/.m2/repository/org/apache/htrace/htrace-core4/4.1.0-incubating/htrace-core4-4.1.0-incubating.jar:/home/user/.m2/repository/org/apache/zookeeper/zookeeper/3.4.13/zookeeper-3.4.13.jar:/home/user/.m2/repository/jline/jline/0.9.94/jline-0.9.94.jar:/home/user/.m2/repository/org/apache/yetus/audience-annotations/0.5.0/audience-annotations-0.5.0.jar:/home/user/.m2/repository/org/codehaus/woodstox/stax2-api/3.1.4/stax2-api-3.1.4.jar:/home/user/.m2/repository/com/fasterxml/woodstox/woodstox-core/5.0.3/woodstox-core-5.0.3.jar:/home/user/.m2/repository/dnsjava/dnsjava/2.1.7/dnsjava-2.1.7.jar:/home/user/.m2/repository/org/apache/hadoop/hadoop-hdfs/3.2.0/hadoop-hdfs-3.2.0-tests.jar:/home/user/.m2/repository/org/eclipse/jetty/jetty-util-ajax/9.3.25.v20180904/jetty-util-ajax-9.3.25.v20180904.jar:/home/user/.m2/repository/commons-daemon/commons-daemon/1.0.13/commons-daemon-1.0.13.jar:/home/user/.m2/repository/io/netty/netty/3.10.5.Final/netty-3.10.5.Final.jar:/home/user/.m2/repository/io/netty/netty-all/4.0.52.Final/netty-all-4.0.52.Final.jar:/home/user/.m2/repository/org/fusesource/leveldbjni/leveldbjni-all/1.8/leveldbjni-all-1.8.jar:"/>
    <property name="sun.cpu.endian" value="little"/>
    <property name="user.home" value="/home/user"/>
    <property name="user.language" value="en"/>
    <property name="java.specification.vendor" value="Oracle Corporation"/>
    <property name="java.home" value="/usr/lib/jvm/java-1.8-openjdk/jre"/>
    <property name="java.security.krb5.conf" value="/workdir/hadoop-ozone/integration-test/target/test-classes/krb5.conf"/>
    <property name="basedir" value="/workdir/hadoop-ozone/integration-test"/>
    <property name="file.separator" value="/"/>
    <property name="line.separator" value="&#10;"/>
    <property name="java.vm.specification.vendor" value="Oracle Corporation"/>
    <property name="java.specification.name" value="Java Platform API Specification"/>
    <property name="java.awt.graphicsenv" value="sun.awt.X11GraphicsEnvironment"/>
    <property name="surefire.real.class.path" value="/workdir/hadoop-ozone/integration-test/target/surefire/surefirebooter5459828547598320108.jar"/>
    <property name="hadoop.log.dir" value="/workdir/hadoop-ozone/integration-test/target/log"/>
    <property name="sun.boot.class.path" value="/usr/lib/jvm/java-1.8-openjdk/jre/lib/resources.jar:/usr/lib/jvm/java-1.8-openjdk/jre/lib/rt.jar:/usr/lib/jvm/java-1.8-openjdk/jre/lib/sunrsasign.jar:/usr/lib/jvm/java-1.8-openjdk/jre/lib/jsse.jar:/usr/lib/jvm/java-1.8-openjdk/jre/lib/jce.jar:/usr/lib/jvm/java-1.8-openjdk/jre/lib/charsets.jar:/usr/lib/jvm/java-1.8-openjdk/jre/lib/jfr.jar:/usr/lib/jvm/java-1.8-openjdk/jre/classes"/>
    <property name="sun.management.compiler" value="HotSpot 64-Bit Tiered Compilers"/>
    <property name="java.runtime.version" value="1.8.0_212-b04"/>
    <property name="java.net.preferIPv4Stack" value="true"/>
    <property name="user.name" value="jenkins1000"/>
    <property name="path.separator" value=":"/>
    <property name="java.security.egd" value="file:///dev/urandom"/>
    <property name="os.version" value="3.10.0-957.12.2.el7.x86_64"/>
    <property name="java.endorsed.dirs" value="/usr/lib/jvm/java-1.8-openjdk/jre/lib/endorsed"/>
    <property name="java.runtime.name" value="OpenJDK Runtime Environment"/>
    <property name="file.encoding" value="UTF-8"/>
    <property name="java.vm.name" value="OpenJDK 64-Bit Server VM"/>
    <property name="test.build.webapps" value=""/>
    <property name="localRepository" value="/home/user/.m2/repository"/>
    <property name="java.vendor.url.bug" value="https://icedtea.classpath.org/bugzilla"/>
    <property name="java.io.tmpdir" value="/tmp"/>
    <property name="require.test.libhadoop" value=""/>
    <property name="java.version" value="1.8.0_212"/>
    <property name="user.dir" value="/workdir/hadoop-ozone/integration-test"/>
    <property name="os.arch" value="amd64"/>
    <property name="java.vm.specification.name" value="Java Virtual Machine Specification"/>
    <property name="test.build.classes" value="/workdir/hadoop-ozone/integration-test/target/test-classes"/>
    <property name="java.awt.printerjob" value="sun.print.PSPrinterJob"/>
    <property name="sun.os.patch.level" value="unknown"/>
    <property name="hadoop.tmp.dir" value="/workdir/hadoop-ozone/integration-test/target/tmp"/>
    <property name="java.library.path" value="/usr/lib/jvm/java-1.8-openjdk/jre/lib/amd64/server:/usr/lib/jvm/java-1.8-openjdk/jre/lib/amd64:/usr/lib/jvm/java-1.8-openjdk/jre/../lib/amd64:/workdir/hadoop-ozone/integration-test/target/native/target/usr/local/lib:/workdir/hadoop-ozone/integration-test/../../hadoop-common-project/hadoop-common/target/native/target/usr/local/lib:/usr/java/packages/lib/amd64:/usr/lib64:/lib64:/lib:/usr/lib"/>
    <property name="java.vm.info" value="mixed mode"/>
    <property name="java.vendor" value="IcedTea"/>
    <property name="java.vm.version" value="25.212-b04"/>
    <property name="java.ext.dirs" value="/usr/lib/jvm/java-1.8-openjdk/jre/lib/ext:/usr/java/packages/lib/ext"/>
    <property name="sun.io.unicode.encoding" value="UnicodeLittle"/>
    <property name="java.class.version" value="52.0"/>
  </properties>
  <testcase name="testWatchForCommitWithKeyWrite" classname="org.apache.hadoop.ozone.client.rpc.TestWatchForCommit" time="74.457"/>
  <testcase name="testWatchForCommitWithSmallerTimeoutValue" classname="org.apache.hadoop.ozone.client.rpc.TestWatchForCommit" time="47.99"/>
  <testcase name="testWatchForCommitForRetryfailure" classname="org.apache.hadoop.ozone.client.rpc.TestWatchForCommit" time="71.402"/>
  <testcase name="testWatchForCommitForGroupMismatchException" classname="org.apache.hadoop.ozone.client.rpc.TestWatchForCommit" time="32.486"/>
  <testcase name="test2WayCommitForTimeoutException" classname="org.apache.hadoop.ozone.client.rpc.TestWatchForCommit" time="22.659">
    <error type="java.util.concurrent.TimeoutException">java.util.concurrent.TimeoutException
	at java.util.concurrent.CompletableFuture.timedGet(CompletableFuture.java:1771)
	at java.util.concurrent.CompletableFuture.get(CompletableFuture.java:1915)
	at org.apache.hadoop.hdds.scm.XceiverClientRatis.watchForCommit(XceiverClientRatis.java:298)
	at org.apache.hadoop.ozone.client.rpc.TestWatchForCommit.test2WayCommitForTimeoutException(TestWatchForCommit.java:391)
	at sun.reflect.NativeMethodAccessorImpl.invoke0(Native Method)
	at sun.reflect.NativeMethodAccessorImpl.invoke(NativeMethodAccessorImpl.java:62)
	at sun.reflect.DelegatingMethodAccessorImpl.invoke(DelegatingMethodAccessorImpl.java:43)
	at java.lang.reflect.Method.invoke(Method.java:498)
	at org.junit.runners.model.FrameworkMethod$1.runReflectiveCall(FrameworkMethod.java:47)
	at org.junit.internal.runners.model.ReflectiveCallable.run(ReflectiveCallable.java:12)
	at org.junit.runners.model.FrameworkMethod.invokeExplosively(FrameworkMethod.java:44)
	at org.junit.internal.runners.statements.InvokeMethod.evaluate(InvokeMethod.java:17)
	at org.junit.runners.ParentRunner.runLeaf(ParentRunner.java:271)
	at org.junit.runners.BlockJUnit4ClassRunner.runChild(BlockJUnit4ClassRunner.java:70)
	at org.junit.runners.BlockJUnit4ClassRunner.runChild(BlockJUnit4ClassRunner.java:50)
	at org.junit.runners.ParentRunner$3.run(ParentRunner.java:238)
	at org.junit.runners.ParentRunner$1.schedule(ParentRunner.java:63)
	at org.junit.runners.ParentRunner.runChildren(ParentRunner.java:236)
	at org.junit.runners.ParentRunner.access$000(ParentRunner.java:53)
	at org.junit.runners.ParentRunner$2.evaluate(ParentRunner.java:229)
	at org.junit.runners.ParentRunner.run(ParentRunner.java:309)
	at org.apache.maven.surefire.junit4.JUnit4Provider.execute(JUnit4Provider.java:365)
	at org.apache.maven.surefire.junit4.JUnit4Provider.executeWithRerun(JUnit4Provider.java:273)
	at org.apache.maven.surefire.junit4.JUnit4Provider.executeTestSet(JUnit4Provider.java:238)
	at org.apache.maven.surefire.junit4.JUnit4Provider.invoke(JUnit4Provider.java:159)
	at org.apache.maven.surefire.booter.ForkedBooter.invokeProviderInSameClassLoader(ForkedBooter.java:384)
	at org.apache.maven.surefire.booter.ForkedBooter.runSuitesInProcess(ForkedBooter.java:345)
	at org.apache.maven.surefire.booter.ForkedBooter.execute(ForkedBooter.java:126)
	at org.apache.maven.surefire.booter.ForkedBooter.main(ForkedBooter.java:418)
</error>
    <system-out><![CDATA[2019-10-04 18:30:48,403 [main] WARN  server.ServerUtils (ServerUtils.java:getScmDbDir(145)) - ozone.scm.db.dirs is not configured. We recommend adding this setting. Falling back to ozone.metadata.dirs instead.
2019-10-04 18:30:48,419 [main] WARN  server.ServerUtils (ServerUtils.java:getScmDbDir(145)) - ozone.scm.db.dirs is not configured. We recommend adding this setting. Falling back to ozone.metadata.dirs instead.
2019-10-04 18:30:48,419 [main] WARN  server.ServerUtils (ServerUtils.java:getScmDbDir(145)) - ozone.scm.db.dirs is not configured. We recommend adding this setting. Falling back to ozone.metadata.dirs instead.
2019-10-04 18:30:48,420 [main] INFO  db.DBStoreBuilder (DBStoreBuilder.java:addTable(117)) - using custom profile for table: deletedBlocks
2019-10-04 18:30:48,420 [main] INFO  db.DBStoreBuilder (DBStoreBuilder.java:processTables(168)) - Using default column profile:DBProfile.DISK for Table:deletedBlocks
2019-10-04 18:30:48,420 [main] INFO  db.DBStoreBuilder (DBStoreBuilder.java:addTable(117)) - using custom profile for table: validCerts
2019-10-04 18:30:48,421 [main] INFO  db.DBStoreBuilder (DBStoreBuilder.java:processTables(168)) - Using default column profile:DBProfile.DISK for Table:validCerts
2019-10-04 18:30:48,421 [main] INFO  db.DBStoreBuilder (DBStoreBuilder.java:addTable(117)) - using custom profile for table: revokedCerts
2019-10-04 18:30:48,421 [main] INFO  db.DBStoreBuilder (DBStoreBuilder.java:processTables(168)) - Using default column profile:DBProfile.DISK for Table:revokedCerts
2019-10-04 18:30:48,421 [main] INFO  db.DBStoreBuilder (DBStoreBuilder.java:addTable(117)) - using custom profile for table: default
2019-10-04 18:30:48,422 [main] INFO  db.DBStoreBuilder (DBStoreBuilder.java:processTables(174)) - Using default column profile:DBProfile.DISK for Table:default
2019-10-04 18:30:48,422 [main] INFO  db.DBStoreBuilder (DBStoreBuilder.java:getDbProfile(205)) - Using default options. DBProfile.DISK
2019-10-04 18:30:48,659 [main] INFO  net.NodeSchemaLoader (NodeSchemaLoader.java:loadSchemaFromFile(125)) - Loading file from sun.misc.CompoundEnumeration@7aea704c
2019-10-04 18:30:48,660 [main] INFO  net.NodeSchemaLoader (NodeSchemaLoader.java:loadSchema(171)) - Loading network topology layer schema file
2019-10-04 18:30:48,666 [main] WARN  server.ServerUtils (ServerUtils.java:sanitizeUserArgs(70)) - ozone.scm.stale.node.interval value = 300000 is larger than max = 100000 based on the key value of ozone.scm.heartbeat.thread.interval, reset to the max value 100000.
2019-10-04 18:30:48,666 [main] WARN  server.ServerUtils (ServerUtils.java:sanitizeUserArgs(70)) - ozone.scm.stale.node.interval value = 300000 is larger than max = 100000 based on the key value of ozone.scm.heartbeat.thread.interval, reset to the max value 100000.
2019-10-04 18:30:48,666 [main] INFO  node.SCMNodeManager (SCMNodeManager.java:<init>(116)) - Entering startup safe mode.
2019-10-04 18:30:48,667 [main] INFO  algorithms.ContainerPlacementPolicyFactory (ContainerPlacementPolicyFactory.java:getPolicy(57)) - Create container placement policy of type org.apache.hadoop.hdds.scm.container.placement.algorithms.SCMContainerPlacementRandom
2019-10-04 18:30:48,668 [main] WARN  server.ServerUtils (ServerUtils.java:getScmDbDir(145)) - ozone.scm.db.dirs is not configured. We recommend adding this setting. Falling back to ozone.metadata.dirs instead.
2019-10-04 18:30:48,749 [main] INFO  pipeline.SCMPipelineManager (SCMPipelineManager.java:initializePipelineState(132)) - No pipeline exists in current db
2019-10-04 18:30:48,749 [main] WARN  server.ServerUtils (ServerUtils.java:getScmDbDir(145)) - ozone.scm.db.dirs is not configured. We recommend adding this setting. Falling back to ozone.metadata.dirs instead.
2019-10-04 18:30:48,844 [main] WARN  events.EventQueue (EventQueue.java:fireEvent(183)) - No event handler registered for event TypedEvent{payloadType=SafeModeStatus, name='SafeModeStatus'}
2019-10-04 18:30:48,845 [main] INFO  ipc.CallQueueManager (CallQueueManager.java:<init>(84)) - Using callQueue: class java.util.concurrent.LinkedBlockingQueue, queueCapacity: 2000, scheduler: class org.apache.hadoop.ipc.DefaultRpcScheduler, ipcBackoff: false.
2019-10-04 18:30:48,847 [Socket Reader #1 for port 35021] INFO  ipc.Server (Server.java:run(1074)) - Starting Socket Reader #1 for port 35021
2019-10-04 18:30:48,849 [main] INFO  ipc.CallQueueManager (CallQueueManager.java:<init>(84)) - Using callQueue: class java.util.concurrent.LinkedBlockingQueue, queueCapacity: 2000, scheduler: class org.apache.hadoop.ipc.DefaultRpcScheduler, ipcBackoff: false.
2019-10-04 18:30:48,850 [Socket Reader #1 for port 45914] INFO  ipc.Server (Server.java:run(1074)) - Starting Socket Reader #1 for port 45914
2019-10-04 18:30:48,852 [main] INFO  ipc.CallQueueManager (CallQueueManager.java:<init>(84)) - Using callQueue: class java.util.concurrent.LinkedBlockingQueue, queueCapacity: 2000, scheduler: class org.apache.hadoop.ipc.DefaultRpcScheduler, ipcBackoff: false.
2019-10-04 18:30:48,853 [Socket Reader #1 for port 34229] INFO  ipc.Server (Server.java:run(1074)) - Starting Socket Reader #1 for port 34229
2019-10-04 18:30:48,856 [main] INFO  hdfs.DFSUtil (DFSUtil.java:httpServerTemplateForNNAndJN(1641)) - Starting Web-server for scm at: http://0.0.0.0:0
2019-10-04 18:30:48,859 [main] INFO  server.AuthenticationFilter (AuthenticationFilter.java:constructSecretProvider(240)) - Unable to initialize FileSignerSecretProvider, falling back to use random secrets.
2019-10-04 18:30:48,860 [main] WARN  http.HttpRequestLog (HttpRequestLog.java:getRequestLog(97)) - Jetty request log can only be enabled using Log4j
2019-10-04 18:30:48,863 [main] INFO  http.HttpServer2 (HttpServer2.java:addGlobalFilter(975)) - Added global filter 'safety' (class=org.apache.hadoop.http.HttpServer2$QuotingInputFilter)
2019-10-04 18:30:48,864 [main] INFO  http.HttpServer2 (HttpServer2.java:addFilter(948)) - Added filter static_user_filter (class=org.apache.hadoop.http.lib.StaticUserWebFilter$StaticUserFilter) to context scm
2019-10-04 18:30:48,864 [main] INFO  http.HttpServer2 (HttpServer2.java:addFilter(958)) - Added filter static_user_filter (class=org.apache.hadoop.http.lib.StaticUserWebFilter$StaticUserFilter) to context static
2019-10-04 18:30:48,864 [main] INFO  http.HttpServer2 (HttpServer2.java:addFilter(958)) - Added filter static_user_filter (class=org.apache.hadoop.http.lib.StaticUserWebFilter$StaticUserFilter) to context logs
2019-10-04 18:30:48,868 [main] INFO  server.StorageContainerManager (StorageContainerManager.java:start(770)) - StorageContainerLocationProtocol RPC server is listening at /0.0.0.0:34229
2019-10-04 18:30:48,872 [main] WARN  impl.MetricsConfig (MetricsConfig.java:loadFirst(134)) - Cannot locate configuration: tried hadoop-metrics2-storagecontainermanager.properties,hadoop-metrics2.properties
2019-10-04 18:30:48,873 [main] INFO  impl.MetricsSystemImpl (MetricsSystemImpl.java:startTimer(374)) - Scheduled Metric snapshot period at 10 second(s).
2019-10-04 18:30:48,873 [main] INFO  impl.MetricsSystemImpl (MetricsSystemImpl.java:start(191)) - StorageContainerManager metrics system started
2019-10-04 18:30:48,949 [main] WARN  impl.MetricsSystemImpl (MetricsSystemImpl.java:register(276)) - Sink prometheus already exists!
2019-10-04 18:30:49,046 [main] INFO  server.SCMClientProtocolServer (SCMClientProtocolServer.java:start(159)) - RPC server for Client  is listening at /0.0.0.0:34229
2019-10-04 18:30:49,047 [IPC Server listener on 34229] INFO  ipc.Server (Server.java:run(1153)) - IPC Server listener on 34229: starting
2019-10-04 18:30:49,047 [IPC Server Responder] INFO  ipc.Server (Server.java:run(1314)) - IPC Server Responder: starting
2019-10-04 18:30:49,051 [main] INFO  server.StorageContainerManager (StorageContainerManager.java:start(780)) - ScmBlockLocationProtocol RPC server is listening at /0.0.0.0:45914
2019-10-04 18:30:49,051 [main] INFO  server.SCMBlockProtocolServer (SCMBlockProtocolServer.java:start(146)) - RPC server for Block Protocol is listening at /0.0.0.0:45914
2019-10-04 18:30:49,051 [IPC Server Responder] INFO  ipc.Server (Server.java:run(1314)) - IPC Server Responder: starting
2019-10-04 18:30:49,051 [IPC Server listener on 45914] INFO  ipc.Server (Server.java:run(1153)) - IPC Server listener on 45914: starting
2019-10-04 18:30:49,058 [main] INFO  server.StorageContainerManager (StorageContainerManager.java:start(784)) - ScmDatanodeProtocl RPC server is listening at /0.0.0.0:35021
2019-10-04 18:30:49,059 [main] INFO  server.SCMDatanodeProtocolServer (SCMDatanodeProtocolServer.java:start(169)) - RPC server for DataNodes is listening at /0.0.0.0:35021
2019-10-04 18:30:49,059 [IPC Server listener on 35021] INFO  ipc.Server (Server.java:run(1153)) - IPC Server listener on 35021: starting
2019-10-04 18:30:49,059 [IPC Server Responder] INFO  ipc.Server (Server.java:run(1314)) - IPC Server Responder: starting
2019-10-04 18:30:49,062 [main] INFO  http.HttpServer2 (HttpServer2.java:bindListener(1191)) - Jetty bound to port 36758
2019-10-04 18:30:49,062 [main] INFO  server.Server (Server.java:doStart(351)) - jetty-9.3.25.v20180904, build timestamp: 2018-09-04T21:11:46Z, git hash: 3ce520221d0240229c862b122d2b06c12a625732
2019-10-04 18:30:49,064 [main] INFO  handler.ContextHandler (ContextHandler.java:doStart(781)) - Started o.e.j.s.ServletContextHandler@3a0aaaf0{/logs,file:///workdir/hadoop-ozone/integration-test/target/log,AVAILABLE}
2019-10-04 18:30:49,064 [main] INFO  handler.ContextHandler (ContextHandler.java:doStart(781)) - Started o.e.j.s.ServletContextHandler@5d9618f2{/static,file:///workdir/hadoop-ozone/integration-test/target/test-classes/webapps/static,AVAILABLE}
2019-10-04 18:30:49,068 [main] INFO  handler.ContextHandler (ContextHandler.java:doStart(781)) - Started o.e.j.w.WebAppContext@1b52699c{/,file:///workdir/hadoop-ozone/integration-test/target/test-classes/webapps/scm/,AVAILABLE}{/scm}
2019-10-04 18:30:49,068 [main] INFO  server.AbstractConnector (AbstractConnector.java:doStart(278)) - Started ServerConnector@dbed7fd{HTTP/1.1,[http/1.1]}{0.0.0.0:36758}
2019-10-04 18:30:49,069 [main] INFO  server.Server (Server.java:doStart(419)) - Started @227438ms
2019-10-04 18:30:49,069 [main] WARN  impl.MetricsSystemImpl (MetricsSystemImpl.java:register(276)) - Sink prometheus already exists!
2019-10-04 18:30:49,070 [main] INFO  server.BaseHttpServer (BaseHttpServer.java:updateConnectorAddress(215)) - HTTP server of SCM is listening at http://0.0.0.0:36758
2019-10-04 18:30:49,071 [main] WARN  server.ServerUtils (ServerUtils.java:getDBPath(222)) - ozone.om.db.dirs is not configured. We recommend adding this setting. Falling back to ozone.metadata.dirs instead.
2019-10-04 18:30:49,072 [org.apache.hadoop.util.JvmPauseMonitor$Monitor@76c86567] INFO  util.JvmPauseMonitor (JvmPauseMonitor.java:run(188)) - Starting JVM pause monitor
2019-10-04 18:30:49,092 [main] INFO  ha.OMHANodeDetails (OMHANodeDetails.java:loadOMHAConfig(190)) - Configuration either no ozone.om.address set. Falling back to the default OM address /127.0.0.1:0
2019-10-04 18:30:49,092 [main] INFO  ha.OMHANodeDetails (OMHANodeDetails.java:getOMNodeDetails(220)) - OM Service ID is not set. Setting it to the default ID: omServiceIdDefault
2019-10-04 18:30:49,093 [main] WARN  server.ServerUtils (ServerUtils.java:getDBPath(222)) - ozone.om.db.dirs is not configured. We recommend adding this setting. Falling back to ozone.metadata.dirs instead.
2019-10-04 18:30:49,093 [main] WARN  server.ServerUtils (ServerUtils.java:getDBPath(222)) - ozone.om.db.dirs is not configured. We recommend adding this setting. Falling back to ozone.metadata.dirs instead.
2019-10-04 18:30:49,100 [main] WARN  server.ServerUtils (ServerUtils.java:getDBPath(222)) - ozone.om.db.dirs is not configured. We recommend adding this setting. Falling back to ozone.metadata.dirs instead.
2019-10-04 18:30:49,101 [main] INFO  db.DBStoreBuilder (DBStoreBuilder.java:addTable(117)) - using custom profile for table: userTable
2019-10-04 18:30:49,101 [main] INFO  db.DBStoreBuilder (DBStoreBuilder.java:processTables(168)) - Using default column profile:DBProfile.DISK for Table:userTable
2019-10-04 18:30:49,101 [main] INFO  db.DBStoreBuilder (DBStoreBuilder.java:addTable(117)) - using custom profile for table: volumeTable
2019-10-04 18:30:49,102 [main] INFO  db.DBStoreBuilder (DBStoreBuilder.java:processTables(168)) - Using default column profile:DBProfile.DISK for Table:volumeTable
2019-10-04 18:30:49,102 [main] INFO  db.DBStoreBuilder (DBStoreBuilder.java:addTable(117)) - using custom profile for table: bucketTable
2019-10-04 18:30:49,102 [main] INFO  db.DBStoreBuilder (DBStoreBuilder.java:processTables(168)) - Using default column profile:DBProfile.DISK for Table:bucketTable
2019-10-04 18:30:49,102 [main] INFO  db.DBStoreBuilder (DBStoreBuilder.java:addTable(117)) - using custom profile for table: keyTable
2019-10-04 18:30:49,103 [main] INFO  db.DBStoreBuilder (DBStoreBuilder.java:processTables(168)) - Using default column profile:DBProfile.DISK for Table:keyTable
2019-10-04 18:30:49,103 [main] INFO  db.DBStoreBuilder (DBStoreBuilder.java:addTable(117)) - using custom profile for table: deletedTable
2019-10-04 18:30:49,103 [main] INFO  db.DBStoreBuilder (DBStoreBuilder.java:processTables(168)) - Using default column profile:DBProfile.DISK for Table:deletedTable
2019-10-04 18:30:49,104 [main] INFO  db.DBStoreBuilder (DBStoreBuilder.java:addTable(117)) - using custom profile for table: openKeyTable
2019-10-04 18:30:49,104 [main] INFO  db.DBStoreBuilder (DBStoreBuilder.java:processTables(168)) - Using default column profile:DBProfile.DISK for Table:openKeyTable
2019-10-04 18:30:49,104 [main] INFO  db.DBStoreBuilder (DBStoreBuilder.java:addTable(117)) - using custom profile for table: s3Table
2019-10-04 18:30:49,104 [main] INFO  db.DBStoreBuilder (DBStoreBuilder.java:processTables(168)) - Using default column profile:DBProfile.DISK for Table:s3Table
2019-10-04 18:30:49,105 [main] INFO  db.DBStoreBuilder (DBStoreBuilder.java:addTable(117)) - using custom profile for table: multipartInfoTable
2019-10-04 18:30:49,105 [main] INFO  db.DBStoreBuilder (DBStoreBuilder.java:processTables(168)) - Using default column profile:DBProfile.DISK for Table:multipartInfoTable
2019-10-04 18:30:49,105 [main] INFO  db.DBStoreBuilder (DBStoreBuilder.java:addTable(117)) - using custom profile for table: dTokenTable
2019-10-04 18:30:49,105 [main] INFO  db.DBStoreBuilder (DBStoreBuilder.java:processTables(168)) - Using default column profile:DBProfile.DISK for Table:dTokenTable
2019-10-04 18:30:49,106 [main] INFO  db.DBStoreBuilder (DBStoreBuilder.java:addTable(117)) - using custom profile for table: s3SecretTable
2019-10-04 18:30:49,106 [main] INFO  db.DBStoreBuilder (DBStoreBuilder.java:processTables(168)) - Using default column profile:DBProfile.DISK for Table:s3SecretTable
2019-10-04 18:30:49,106 [main] INFO  db.DBStoreBuilder (DBStoreBuilder.java:addTable(117)) - using custom profile for table: prefixTable
2019-10-04 18:30:49,106 [main] INFO  db.DBStoreBuilder (DBStoreBuilder.java:processTables(168)) - Using default column profile:DBProfile.DISK for Table:prefixTable
2019-10-04 18:30:49,107 [main] INFO  db.DBStoreBuilder (DBStoreBuilder.java:addTable(117)) - using custom profile for table: default
2019-10-04 18:30:49,107 [main] INFO  db.DBStoreBuilder (DBStoreBuilder.java:processTables(174)) - Using default column profile:DBProfile.DISK for Table:default
2019-10-04 18:30:49,107 [main] INFO  db.DBStoreBuilder (DBStoreBuilder.java:getDbProfile(205)) - Using default options. DBProfile.DISK
2019-10-04 18:30:49,738 [main] INFO  ipc.CallQueueManager (CallQueueManager.java:<init>(84)) - Using callQueue: class java.util.concurrent.LinkedBlockingQueue, queueCapacity: 2000, scheduler: class org.apache.hadoop.ipc.DefaultRpcScheduler, ipcBackoff: false.
2019-10-04 18:30:49,738 [Socket Reader #1 for port 37608] INFO  ipc.Server (Server.java:run(1074)) - Starting Socket Reader #1 for port 37608
2019-10-04 18:30:49,750 [main] INFO  om.OzoneManager (OzoneManager.java:start(1069)) - OzoneManager RPC server is listening at localhost/127.0.0.1:37608
2019-10-04 18:30:49,750 [main] INFO  impl.MetricsSystemImpl (MetricsSystemImpl.java:init(158)) - OzoneManager metrics system started (again)
2019-10-04 18:30:49,751 [IPC Server Responder] INFO  ipc.Server (Server.java:run(1314)) - IPC Server Responder: starting
2019-10-04 18:30:49,751 [IPC Server listener on 37608] INFO  ipc.Server (Server.java:run(1153)) - IPC Server listener on 37608: starting
2019-10-04 18:30:49,757 [main] INFO  hdfs.DFSUtil (DFSUtil.java:httpServerTemplateForNNAndJN(1641)) - Starting Web-server for ozoneManager at: http://0.0.0.0:0
2019-10-04 18:30:49,759 [main] INFO  server.AuthenticationFilter (AuthenticationFilter.java:constructSecretProvider(240)) - Unable to initialize FileSignerSecretProvider, falling back to use random secrets.
2019-10-04 18:30:49,759 [main] WARN  http.HttpRequestLog (HttpRequestLog.java:getRequestLog(97)) - Jetty request log can only be enabled using Log4j
2019-10-04 18:30:49,761 [main] INFO  http.HttpServer2 (HttpServer2.java:addGlobalFilter(975)) - Added global filter 'safety' (class=org.apache.hadoop.http.HttpServer2$QuotingInputFilter)
2019-10-04 18:30:49,762 [main] INFO  http.HttpServer2 (HttpServer2.java:addFilter(948)) - Added filter static_user_filter (class=org.apache.hadoop.http.lib.StaticUserWebFilter$StaticUserFilter) to context ozoneManager
2019-10-04 18:30:49,762 [main] INFO  http.HttpServer2 (HttpServer2.java:addFilter(958)) - Added filter static_user_filter (class=org.apache.hadoop.http.lib.StaticUserWebFilter$StaticUserFilter) to context logs
2019-10-04 18:30:49,762 [main] INFO  http.HttpServer2 (HttpServer2.java:addFilter(958)) - Added filter static_user_filter (class=org.apache.hadoop.http.lib.StaticUserWebFilter$StaticUserFilter) to context static
2019-10-04 18:30:49,763 [main] INFO  http.HttpServer2 (HttpServer2.java:bindListener(1191)) - Jetty bound to port 33244
2019-10-04 18:30:49,763 [main] INFO  server.Server (Server.java:doStart(351)) - jetty-9.3.25.v20180904, build timestamp: 2018-09-04T21:11:46Z, git hash: 3ce520221d0240229c862b122d2b06c12a625732
2019-10-04 18:30:49,765 [main] INFO  handler.ContextHandler (ContextHandler.java:doStart(781)) - Started o.e.j.s.ServletContextHandler@320be73{/logs,file:///workdir/hadoop-ozone/integration-test/target/log,AVAILABLE}
2019-10-04 18:30:49,765 [main] INFO  handler.ContextHandler (ContextHandler.java:doStart(781)) - Started o.e.j.s.ServletContextHandler@6af310c7{/static,file:///workdir/hadoop-ozone/integration-test/target/test-classes/webapps/static,AVAILABLE}
2019-10-04 18:30:49,770 [main] INFO  handler.ContextHandler (ContextHandler.java:doStart(781)) - Started o.e.j.w.WebAppContext@7a65c995{/,file:///workdir/hadoop-ozone/integration-test/target/test-classes/webapps/ozoneManager/,AVAILABLE}{/ozoneManager}
2019-10-04 18:30:49,770 [main] INFO  server.AbstractConnector (AbstractConnector.java:doStart(278)) - Started ServerConnector@7c950b3b{HTTP/1.1,[http/1.1]}{0.0.0.0:33244}
2019-10-04 18:30:49,772 [main] INFO  server.Server (Server.java:doStart(419)) - Started @228141ms
2019-10-04 18:30:49,772 [main] WARN  impl.MetricsSystemImpl (MetricsSystemImpl.java:register(276)) - Sink prometheus already exists!
2019-10-04 18:30:49,773 [main] INFO  server.BaseHttpServer (BaseHttpServer.java:updateConnectorAddress(215)) - HTTP server of OZONEMANAGER is listening at http://0.0.0.0:33244
2019-10-04 18:30:49,789 [main] INFO  impl.MetricsSystemImpl (MetricsSystemImpl.java:init(158)) - HddsDatanode metrics system started (again)
2019-10-04 18:30:49,793 [main] INFO  ozone.HddsDatanodeService (HddsDatanodeService.java:start(184)) - HddsDatanodeService host:pr-hdds-2251-hdm2b-3409562618 ip:192.168.151.69
2019-10-04 18:30:49,800 [main] INFO  volume.HddsVolume (HddsVolume.java:<init>(176)) - Creating Volume: /workdir/hadoop-ozone/integration-test/target/test-dir/MiniOzoneClusterImpl-40aa0599-d041-4cda-960e-73fe4e35f879/datanode-0/data/containers/hdds of  storage type : DISK and capacity : 1482555576320
2019-10-04 18:30:49,800 [main] INFO  volume.VolumeSet (VolumeSet.java:initializeVolumeSet(170)) - Added Volume : /workdir/hadoop-ozone/integration-test/target/test-dir/MiniOzoneClusterImpl-40aa0599-d041-4cda-960e-73fe4e35f879/datanode-0/data/containers/hdds to VolumeSet
2019-10-04 18:30:49,801 [main] INFO  volume.ThrottledAsyncChecker (ThrottledAsyncChecker.java:schedule(139)) - Scheduling a check for org.apache.hadoop.ozone.container.common.volume.HddsVolume@2bab618
2019-10-04 18:30:49,802 [main] INFO  volume.HddsVolumeChecker (HddsVolumeChecker.java:checkAllVolumes(202)) - Scheduled health check for volume org.apache.hadoop.ozone.container.common.volume.HddsVolume@2bab618
2019-10-04 18:30:49,819 [main] INFO  impl.RaftServerProxy (ConfUtils.java:logGet(43)) - raft.rpc.type = GRPC (default)
2019-10-04 18:30:49,820 [main] INFO  grpc.GrpcFactory (GrpcFactory.java:checkPooledByteBufAllocatorUseCacheForAllThreads(45)) - PERFORMANCE WARNING: useCacheForAllThreads is true that may cause Netty to create a lot garbage objects and, as a result, trigger GC.
	It is recommended to disable useCacheForAllThreads by setting -Dorg.apache.ratis.thirdparty.io.netty.allocator.useCacheForAllThreads=false in command line.
2019-10-04 18:30:49,820 [main] INFO  grpc.GrpcConfigKeys$Server (ConfUtils.java:logGet(43)) - raft.grpc.server.port = 0 (default)
2019-10-04 18:30:49,820 [main] INFO  server.GrpcService (ConfUtils.java:logGet(43)) - raft.grpc.message.size.max = 33570816 (custom)
2019-10-04 18:30:49,820 [main] INFO  server.RaftServerConfigKeys (ConfUtils.java:logGet(43)) - raft.server.log.appender.buffer.byte-limit = 33554432 (custom)
2019-10-04 18:30:49,820 [main] INFO  server.GrpcService (ConfUtils.java:logGet(43)) - raft.grpc.flow.control.window = 1MB (=1048576) (default)
2019-10-04 18:30:49,821 [main] INFO  server.RaftServerConfigKeys (ConfUtils.java:logGet(43)) - raft.server.rpc.request.timeout = 3000ms (default)
2019-10-04 18:30:49,821 [main] INFO  server.RaftServerConfigKeys (ConfUtils.java:logGet(43)) - raft.server.storage.dir = [/workdir/hadoop-ozone/integration-test/target/test-dir/MiniOzoneClusterImpl-40aa0599-d041-4cda-960e-73fe4e35f879/datanode-0/data/ratis] (custom)
2019-10-04 18:30:49,823 [main] INFO  hdfs.DFSUtil (DFSUtil.java:httpServerTemplateForNNAndJN(1641)) - Starting Web-server for hddsDatanode at: http://0.0.0.0:0
2019-10-04 18:30:49,824 [main] INFO  server.AuthenticationFilter (AuthenticationFilter.java:constructSecretProvider(240)) - Unable to initialize FileSignerSecretProvider, falling back to use random secrets.
2019-10-04 18:30:49,824 [main] WARN  http.HttpRequestLog (HttpRequestLog.java:getRequestLog(97)) - Jetty request log can only be enabled using Log4j
2019-10-04 18:30:49,825 [main] INFO  http.HttpServer2 (HttpServer2.java:addGlobalFilter(975)) - Added global filter 'safety' (class=org.apache.hadoop.http.HttpServer2$QuotingInputFilter)
2019-10-04 18:30:49,826 [main] INFO  http.HttpServer2 (HttpServer2.java:addFilter(948)) - Added filter static_user_filter (class=org.apache.hadoop.http.lib.StaticUserWebFilter$StaticUserFilter) to context hddsDatanode
2019-10-04 18:30:49,826 [main] INFO  http.HttpServer2 (HttpServer2.java:addFilter(958)) - Added filter static_user_filter (class=org.apache.hadoop.http.lib.StaticUserWebFilter$StaticUserFilter) to context logs
2019-10-04 18:30:49,826 [main] INFO  http.HttpServer2 (HttpServer2.java:addFilter(958)) - Added filter static_user_filter (class=org.apache.hadoop.http.lib.StaticUserWebFilter$StaticUserFilter) to context static
2019-10-04 18:30:49,826 [main] INFO  http.HttpServer2 (HttpServer2.java:bindListener(1191)) - Jetty bound to port 46479
2019-10-04 18:30:49,827 [main] INFO  server.Server (Server.java:doStart(351)) - jetty-9.3.25.v20180904, build timestamp: 2018-09-04T21:11:46Z, git hash: 3ce520221d0240229c862b122d2b06c12a625732
2019-10-04 18:30:49,828 [main] INFO  handler.ContextHandler (ContextHandler.java:doStart(781)) - Started o.e.j.s.ServletContextHandler@2478b629{/logs,file:///workdir/hadoop-ozone/integration-test/target/log,AVAILABLE}
2019-10-04 18:30:49,828 [main] INFO  handler.ContextHandler (ContextHandler.java:doStart(781)) - Started o.e.j.s.ServletContextHandler@1a2ac487{/static,jar:file:/home/user/.m2/repository/org/apache/hadoop/hadoop-hdds-container-service/0.5.0-SNAPSHOT/hadoop-hdds-container-service-0.5.0-SNAPSHOT.jar!/webapps/static,AVAILABLE}
2019-10-04 18:30:49,856 [main] INFO  handler.ContextHandler (ContextHandler.java:doStart(781)) - Started o.e.j.w.WebAppContext@66f16742{/,file:///tmp/jetty-0.0.0.0-46479-hddsDatanode-_-any-6674406802699162958.dir/webapp/,AVAILABLE}{/hddsDatanode}
2019-10-04 18:30:49,857 [main] INFO  server.AbstractConnector (AbstractConnector.java:doStart(278)) - Started ServerConnector@2871ac91{HTTP/1.1,[http/1.1]}{0.0.0.0:46479}
2019-10-04 18:30:49,859 [main] INFO  server.Server (Server.java:doStart(419)) - Started @228227ms
2019-10-04 18:30:49,859 [main] WARN  impl.MetricsSystemImpl (MetricsSystemImpl.java:register(276)) - Sink prometheus already exists!
2019-10-04 18:30:49,859 [main] INFO  server.BaseHttpServer (BaseHttpServer.java:updateConnectorAddress(215)) - HTTP server of HDDSDATANODE is listening at http://0.0.0.0:46479
2019-10-04 18:30:49,860 [main] INFO  impl.MetricsSystemImpl (MetricsSystemImpl.java:init(158)) - HddsDatanode metrics system started (again)
2019-10-04 18:30:49,863 [org.apache.hadoop.util.JvmPauseMonitor$Monitor@6c8166f0] INFO  util.JvmPauseMonitor (JvmPauseMonitor.java:run(188)) - Starting JVM pause monitor
2019-10-04 18:30:49,864 [main] INFO  ozone.HddsDatanodeService (HddsDatanodeService.java:start(184)) - HddsDatanodeService host:pr-hdds-2251-hdm2b-3409562618 ip:192.168.151.69
2019-10-04 18:30:49,865 [Datanode State Machine Thread - 0] INFO  datanode.InitDatanodeState (InitDatanodeState.java:persistContainerDatanodeDetails(140)) - DatanodeDetails is persisted to /workdir/hadoop-ozone/integration-test/target/test-dir/MiniOzoneClusterImpl-40aa0599-d041-4cda-960e-73fe4e35f879/datanode-0/meta/datanode.id
2019-10-04 18:30:49,870 [main] INFO  volume.HddsVolume (HddsVolume.java:<init>(176)) - Creating Volume: /workdir/hadoop-ozone/integration-test/target/test-dir/MiniOzoneClusterImpl-40aa0599-d041-4cda-960e-73fe4e35f879/datanode-1/data/containers/hdds of  storage type : DISK and capacity : 1482555576320
2019-10-04 18:30:49,870 [main] INFO  volume.VolumeSet (VolumeSet.java:initializeVolumeSet(170)) - Added Volume : /workdir/hadoop-ozone/integration-test/target/test-dir/MiniOzoneClusterImpl-40aa0599-d041-4cda-960e-73fe4e35f879/datanode-1/data/containers/hdds to VolumeSet
2019-10-04 18:30:49,870 [main] INFO  volume.ThrottledAsyncChecker (ThrottledAsyncChecker.java:schedule(139)) - Scheduling a check for org.apache.hadoop.ozone.container.common.volume.HddsVolume@35025a0a
2019-10-04 18:30:49,871 [main] INFO  volume.HddsVolumeChecker (HddsVolumeChecker.java:checkAllVolumes(202)) - Scheduled health check for volume org.apache.hadoop.ozone.container.common.volume.HddsVolume@35025a0a
2019-10-04 18:30:49,884 [main] INFO  impl.RaftServerProxy (ConfUtils.java:logGet(43)) - raft.rpc.type = GRPC (default)
2019-10-04 18:30:49,884 [main] INFO  grpc.GrpcFactory (GrpcFactory.java:checkPooledByteBufAllocatorUseCacheForAllThreads(45)) - PERFORMANCE WARNING: useCacheForAllThreads is true that may cause Netty to create a lot garbage objects and, as a result, trigger GC.
	It is recommended to disable useCacheForAllThreads by setting -Dorg.apache.ratis.thirdparty.io.netty.allocator.useCacheForAllThreads=false in command line.
2019-10-04 18:30:49,885 [main] INFO  grpc.GrpcConfigKeys$Server (ConfUtils.java:logGet(43)) - raft.grpc.server.port = 0 (default)
2019-10-04 18:30:49,885 [main] INFO  server.GrpcService (ConfUtils.java:logGet(43)) - raft.grpc.message.size.max = 33570816 (custom)
2019-10-04 18:30:49,885 [main] INFO  server.RaftServerConfigKeys (ConfUtils.java:logGet(43)) - raft.server.log.appender.buffer.byte-limit = 33554432 (custom)
2019-10-04 18:30:49,885 [main] INFO  server.GrpcService (ConfUtils.java:logGet(43)) - raft.grpc.flow.control.window = 1MB (=1048576) (default)
2019-10-04 18:30:49,885 [main] INFO  server.RaftServerConfigKeys (ConfUtils.java:logGet(43)) - raft.server.rpc.request.timeout = 3000ms (default)
2019-10-04 18:30:49,886 [main] INFO  server.RaftServerConfigKeys (ConfUtils.java:logGet(43)) - raft.server.storage.dir = [/workdir/hadoop-ozone/integration-test/target/test-dir/MiniOzoneClusterImpl-40aa0599-d041-4cda-960e-73fe4e35f879/datanode-1/data/ratis] (custom)
2019-10-04 18:30:49,887 [main] INFO  hdfs.DFSUtil (DFSUtil.java:httpServerTemplateForNNAndJN(1641)) - Starting Web-server for hddsDatanode at: http://0.0.0.0:0
2019-10-04 18:30:49,888 [main] INFO  server.AuthenticationFilter (AuthenticationFilter.java:constructSecretProvider(240)) - Unable to initialize FileSignerSecretProvider, falling back to use random secrets.
2019-10-04 18:30:49,888 [main] WARN  http.HttpRequestLog (HttpRequestLog.java:getRequestLog(97)) - Jetty request log can only be enabled using Log4j
2019-10-04 18:30:49,889 [main] INFO  http.HttpServer2 (HttpServer2.java:addGlobalFilter(975)) - Added global filter 'safety' (class=org.apache.hadoop.http.HttpServer2$QuotingInputFilter)
2019-10-04 18:30:49,890 [main] INFO  http.HttpServer2 (HttpServer2.java:addFilter(948)) - Added filter static_user_filter (class=org.apache.hadoop.http.lib.StaticUserWebFilter$StaticUserFilter) to context hddsDatanode
2019-10-04 18:30:49,890 [main] INFO  http.HttpServer2 (HttpServer2.java:addFilter(958)) - Added filter static_user_filter (class=org.apache.hadoop.http.lib.StaticUserWebFilter$StaticUserFilter) to context logs
2019-10-04 18:30:49,890 [main] INFO  http.HttpServer2 (HttpServer2.java:addFilter(958)) - Added filter static_user_filter (class=org.apache.hadoop.http.lib.StaticUserWebFilter$StaticUserFilter) to context static
2019-10-04 18:30:49,891 [main] INFO  http.HttpServer2 (HttpServer2.java:bindListener(1191)) - Jetty bound to port 43449
2019-10-04 18:30:49,891 [main] INFO  server.Server (Server.java:doStart(351)) - jetty-9.3.25.v20180904, build timestamp: 2018-09-04T21:11:46Z, git hash: 3ce520221d0240229c862b122d2b06c12a625732
2019-10-04 18:30:49,892 [main] INFO  handler.ContextHandler (ContextHandler.java:doStart(781)) - Started o.e.j.s.ServletContextHandler@15605d83{/logs,file:///workdir/hadoop-ozone/integration-test/target/log,AVAILABLE}
2019-10-04 18:30:49,892 [main] INFO  handler.ContextHandler (ContextHandler.java:doStart(781)) - Started o.e.j.s.ServletContextHandler@4c18516{/static,jar:file:/home/user/.m2/repository/org/apache/hadoop/hadoop-hdds-container-service/0.5.0-SNAPSHOT/hadoop-hdds-container-service-0.5.0-SNAPSHOT.jar!/webapps/static,AVAILABLE}
2019-10-04 18:30:49,920 [main] INFO  handler.ContextHandler (ContextHandler.java:doStart(781)) - Started o.e.j.w.WebAppContext@6d0e45a5{/,file:///tmp/jetty-0.0.0.0-43449-hddsDatanode-_-any-1004530924730461112.dir/webapp/,AVAILABLE}{/hddsDatanode}
2019-10-04 18:30:49,921 [main] INFO  server.AbstractConnector (AbstractConnector.java:doStart(278)) - Started ServerConnector@7e7740a5{HTTP/1.1,[http/1.1]}{0.0.0.0:43449}
2019-10-04 18:30:49,922 [main] INFO  server.Server (Server.java:doStart(419)) - Started @228291ms
2019-10-04 18:30:49,922 [main] WARN  impl.MetricsSystemImpl (MetricsSystemImpl.java:register(276)) - Sink prometheus already exists!
2019-10-04 18:30:49,923 [main] INFO  server.BaseHttpServer (BaseHttpServer.java:updateConnectorAddress(215)) - HTTP server of HDDSDATANODE is listening at http://0.0.0.0:43449
2019-10-04 18:30:49,923 [main] INFO  impl.MetricsSystemImpl (MetricsSystemImpl.java:init(158)) - HddsDatanode metrics system started (again)
2019-10-04 18:30:49,927 [org.apache.hadoop.util.JvmPauseMonitor$Monitor@63549bf4] INFO  util.JvmPauseMonitor (JvmPauseMonitor.java:run(188)) - Starting JVM pause monitor
2019-10-04 18:30:49,927 [main] INFO  ozone.HddsDatanodeService (HddsDatanodeService.java:start(184)) - HddsDatanodeService host:pr-hdds-2251-hdm2b-3409562618 ip:192.168.151.69
2019-10-04 18:30:49,929 [Datanode State Machine Thread - 0] INFO  datanode.InitDatanodeState (InitDatanodeState.java:persistContainerDatanodeDetails(140)) - DatanodeDetails is persisted to /workdir/hadoop-ozone/integration-test/target/test-dir/MiniOzoneClusterImpl-40aa0599-d041-4cda-960e-73fe4e35f879/datanode-1/meta/datanode.id
2019-10-04 18:30:49,940 [main] INFO  volume.HddsVolume (HddsVolume.java:<init>(176)) - Creating Volume: /workdir/hadoop-ozone/integration-test/target/test-dir/MiniOzoneClusterImpl-40aa0599-d041-4cda-960e-73fe4e35f879/datanode-2/data/containers/hdds of  storage type : DISK and capacity : 1482555576320
2019-10-04 18:30:49,940 [main] INFO  volume.VolumeSet (VolumeSet.java:initializeVolumeSet(170)) - Added Volume : /workdir/hadoop-ozone/integration-test/target/test-dir/MiniOzoneClusterImpl-40aa0599-d041-4cda-960e-73fe4e35f879/datanode-2/data/containers/hdds to VolumeSet
2019-10-04 18:30:49,940 [main] INFO  volume.ThrottledAsyncChecker (ThrottledAsyncChecker.java:schedule(139)) - Scheduling a check for org.apache.hadoop.ozone.container.common.volume.HddsVolume@38ac8968
2019-10-04 18:30:49,941 [main] INFO  volume.HddsVolumeChecker (HddsVolumeChecker.java:checkAllVolumes(202)) - Scheduled health check for volume org.apache.hadoop.ozone.container.common.volume.HddsVolume@38ac8968
2019-10-04 18:30:49,959 [main] INFO  impl.RaftServerProxy (ConfUtils.java:logGet(43)) - raft.rpc.type = GRPC (default)
2019-10-04 18:30:49,959 [main] INFO  grpc.GrpcFactory (GrpcFactory.java:checkPooledByteBufAllocatorUseCacheForAllThreads(45)) - PERFORMANCE WARNING: useCacheForAllThreads is true that may cause Netty to create a lot garbage objects and, as a result, trigger GC.
	It is recommended to disable useCacheForAllThreads by setting -Dorg.apache.ratis.thirdparty.io.netty.allocator.useCacheForAllThreads=false in command line.
2019-10-04 18:30:49,959 [main] INFO  grpc.GrpcConfigKeys$Server (ConfUtils.java:logGet(43)) - raft.grpc.server.port = 0 (default)
2019-10-04 18:30:49,960 [main] INFO  server.GrpcService (ConfUtils.java:logGet(43)) - raft.grpc.message.size.max = 33570816 (custom)
2019-10-04 18:30:49,960 [main] INFO  server.RaftServerConfigKeys (ConfUtils.java:logGet(43)) - raft.server.log.appender.buffer.byte-limit = 33554432 (custom)
2019-10-04 18:30:49,960 [main] INFO  server.GrpcService (ConfUtils.java:logGet(43)) - raft.grpc.flow.control.window = 1MB (=1048576) (default)
2019-10-04 18:30:49,960 [main] INFO  server.RaftServerConfigKeys (ConfUtils.java:logGet(43)) - raft.server.rpc.request.timeout = 3000ms (default)
2019-10-04 18:30:49,961 [main] INFO  server.RaftServerConfigKeys (ConfUtils.java:logGet(43)) - raft.server.storage.dir = [/workdir/hadoop-ozone/integration-test/target/test-dir/MiniOzoneClusterImpl-40aa0599-d041-4cda-960e-73fe4e35f879/datanode-2/data/ratis] (custom)
2019-10-04 18:30:49,963 [main] INFO  hdfs.DFSUtil (DFSUtil.java:httpServerTemplateForNNAndJN(1641)) - Starting Web-server for hddsDatanode at: http://0.0.0.0:0
2019-10-04 18:30:49,964 [main] INFO  server.AuthenticationFilter (AuthenticationFilter.java:constructSecretProvider(240)) - Unable to initialize FileSignerSecretProvider, falling back to use random secrets.
2019-10-04 18:30:49,964 [main] WARN  http.HttpRequestLog (HttpRequestLog.java:getRequestLog(97)) - Jetty request log can only be enabled using Log4j
2019-10-04 18:30:49,966 [main] INFO  http.HttpServer2 (HttpServer2.java:addGlobalFilter(975)) - Added global filter 'safety' (class=org.apache.hadoop.http.HttpServer2$QuotingInputFilter)
2019-10-04 18:30:49,967 [main] INFO  http.HttpServer2 (HttpServer2.java:addFilter(948)) - Added filter static_user_filter (class=org.apache.hadoop.http.lib.StaticUserWebFilter$StaticUserFilter) to context hddsDatanode
2019-10-04 18:30:49,967 [main] INFO  http.HttpServer2 (HttpServer2.java:addFilter(958)) - Added filter static_user_filter (class=org.apache.hadoop.http.lib.StaticUserWebFilter$StaticUserFilter) to context static
2019-10-04 18:30:49,967 [main] INFO  http.HttpServer2 (HttpServer2.java:addFilter(958)) - Added filter static_user_filter (class=org.apache.hadoop.http.lib.StaticUserWebFilter$StaticUserFilter) to context logs
2019-10-04 18:30:49,968 [main] INFO  http.HttpServer2 (HttpServer2.java:bindListener(1191)) - Jetty bound to port 43664
2019-10-04 18:30:49,968 [main] INFO  server.Server (Server.java:doStart(351)) - jetty-9.3.25.v20180904, build timestamp: 2018-09-04T21:11:46Z, git hash: 3ce520221d0240229c862b122d2b06c12a625732
2019-10-04 18:30:49,970 [main] INFO  handler.ContextHandler (ContextHandler.java:doStart(781)) - Started o.e.j.s.ServletContextHandler@6380e9e9{/logs,file:///workdir/hadoop-ozone/integration-test/target/log,AVAILABLE}
2019-10-04 18:30:49,970 [main] INFO  handler.ContextHandler (ContextHandler.java:doStart(781)) - Started o.e.j.s.ServletContextHandler@6a09484c{/static,jar:file:/home/user/.m2/repository/org/apache/hadoop/hadoop-hdds-container-service/0.5.0-SNAPSHOT/hadoop-hdds-container-service-0.5.0-SNAPSHOT.jar!/webapps/static,AVAILABLE}
2019-10-04 18:30:50,005 [main] INFO  handler.ContextHandler (ContextHandler.java:doStart(781)) - Started o.e.j.w.WebAppContext@14b4340c{/,file:///tmp/jetty-0.0.0.0-43664-hddsDatanode-_-any-1733243675653197374.dir/webapp/,AVAILABLE}{/hddsDatanode}
2019-10-04 18:30:50,005 [main] INFO  server.AbstractConnector (AbstractConnector.java:doStart(278)) - Started ServerConnector@12abcd1e{HTTP/1.1,[http/1.1]}{0.0.0.0:43664}
2019-10-04 18:30:50,008 [main] INFO  server.Server (Server.java:doStart(419)) - Started @228376ms
2019-10-04 18:30:50,008 [main] WARN  impl.MetricsSystemImpl (MetricsSystemImpl.java:register(276)) - Sink prometheus already exists!
2019-10-04 18:30:50,009 [main] INFO  server.BaseHttpServer (BaseHttpServer.java:updateConnectorAddress(215)) - HTTP server of HDDSDATANODE is listening at http://0.0.0.0:43664
2019-10-04 18:30:50,009 [main] INFO  impl.MetricsSystemImpl (MetricsSystemImpl.java:init(158)) - HddsDatanode metrics system started (again)
2019-10-04 18:30:50,014 [org.apache.hadoop.util.JvmPauseMonitor$Monitor@33762f8e] INFO  util.JvmPauseMonitor (JvmPauseMonitor.java:run(188)) - Starting JVM pause monitor
2019-10-04 18:30:50,015 [main] INFO  ozone.HddsDatanodeService (HddsDatanodeService.java:start(184)) - HddsDatanodeService host:pr-hdds-2251-hdm2b-3409562618 ip:192.168.151.69
2019-10-04 18:30:50,015 [Datanode State Machine Thread - 0] INFO  datanode.InitDatanodeState (InitDatanodeState.java:persistContainerDatanodeDetails(140)) - DatanodeDetails is persisted to /workdir/hadoop-ozone/integration-test/target/test-dir/MiniOzoneClusterImpl-40aa0599-d041-4cda-960e-73fe4e35f879/datanode-2/meta/datanode.id
2019-10-04 18:30:50,022 [main] INFO  volume.HddsVolume (HddsVolume.java:<init>(176)) - Creating Volume: /workdir/hadoop-ozone/integration-test/target/test-dir/MiniOzoneClusterImpl-40aa0599-d041-4cda-960e-73fe4e35f879/datanode-3/data/containers/hdds of  storage type : DISK and capacity : 1482555576320
2019-10-04 18:30:50,022 [main] INFO  volume.VolumeSet (VolumeSet.java:initializeVolumeSet(170)) - Added Volume : /workdir/hadoop-ozone/integration-test/target/test-dir/MiniOzoneClusterImpl-40aa0599-d041-4cda-960e-73fe4e35f879/datanode-3/data/containers/hdds to VolumeSet
2019-10-04 18:30:50,023 [main] INFO  volume.ThrottledAsyncChecker (ThrottledAsyncChecker.java:schedule(139)) - Scheduling a check for org.apache.hadoop.ozone.container.common.volume.HddsVolume@5a592c70
2019-10-04 18:30:50,023 [main] INFO  volume.HddsVolumeChecker (HddsVolumeChecker.java:checkAllVolumes(202)) - Scheduled health check for volume org.apache.hadoop.ozone.container.common.volume.HddsVolume@5a592c70
2019-10-04 18:30:50,037 [main] INFO  impl.RaftServerProxy (ConfUtils.java:logGet(43)) - raft.rpc.type = GRPC (default)
2019-10-04 18:30:50,037 [main] INFO  grpc.GrpcFactory (GrpcFactory.java:checkPooledByteBufAllocatorUseCacheForAllThreads(45)) - PERFORMANCE WARNING: useCacheForAllThreads is true that may cause Netty to create a lot garbage objects and, as a result, trigger GC.
	It is recommended to disable useCacheForAllThreads by setting -Dorg.apache.ratis.thirdparty.io.netty.allocator.useCacheForAllThreads=false in command line.
2019-10-04 18:30:50,038 [main] INFO  grpc.GrpcConfigKeys$Server (ConfUtils.java:logGet(43)) - raft.grpc.server.port = 0 (default)
2019-10-04 18:30:50,038 [main] INFO  server.GrpcService (ConfUtils.java:logGet(43)) - raft.grpc.message.size.max = 33570816 (custom)
2019-10-04 18:30:50,038 [main] INFO  server.RaftServerConfigKeys (ConfUtils.java:logGet(43)) - raft.server.log.appender.buffer.byte-limit = 33554432 (custom)
2019-10-04 18:30:50,038 [main] INFO  server.GrpcService (ConfUtils.java:logGet(43)) - raft.grpc.flow.control.window = 1MB (=1048576) (default)
2019-10-04 18:30:50,038 [main] INFO  server.RaftServerConfigKeys (ConfUtils.java:logGet(43)) - raft.server.rpc.request.timeout = 3000ms (default)
2019-10-04 18:30:50,039 [main] INFO  server.RaftServerConfigKeys (ConfUtils.java:logGet(43)) - raft.server.storage.dir = [/workdir/hadoop-ozone/integration-test/target/test-dir/MiniOzoneClusterImpl-40aa0599-d041-4cda-960e-73fe4e35f879/datanode-3/data/ratis] (custom)
2019-10-04 18:30:50,040 [main] INFO  hdfs.DFSUtil (DFSUtil.java:httpServerTemplateForNNAndJN(1641)) - Starting Web-server for hddsDatanode at: http://0.0.0.0:0
2019-10-04 18:30:50,041 [main] INFO  server.AuthenticationFilter (AuthenticationFilter.java:constructSecretProvider(240)) - Unable to initialize FileSignerSecretProvider, falling back to use random secrets.
2019-10-04 18:30:50,042 [main] WARN  http.HttpRequestLog (HttpRequestLog.java:getRequestLog(97)) - Jetty request log can only be enabled using Log4j
2019-10-04 18:30:50,043 [main] INFO  http.HttpServer2 (HttpServer2.java:addGlobalFilter(975)) - Added global filter 'safety' (class=org.apache.hadoop.http.HttpServer2$QuotingInputFilter)
2019-10-04 18:30:50,044 [main] INFO  http.HttpServer2 (HttpServer2.java:addFilter(948)) - Added filter static_user_filter (class=org.apache.hadoop.http.lib.StaticUserWebFilter$StaticUserFilter) to context hddsDatanode
2019-10-04 18:30:50,044 [main] INFO  http.HttpServer2 (HttpServer2.java:addFilter(958)) - Added filter static_user_filter (class=org.apache.hadoop.http.lib.StaticUserWebFilter$StaticUserFilter) to context static
2019-10-04 18:30:50,044 [main] INFO  http.HttpServer2 (HttpServer2.java:addFilter(958)) - Added filter static_user_filter (class=org.apache.hadoop.http.lib.StaticUserWebFilter$StaticUserFilter) to context logs
2019-10-04 18:30:50,045 [main] INFO  http.HttpServer2 (HttpServer2.java:bindListener(1191)) - Jetty bound to port 45293
2019-10-04 18:30:50,045 [main] INFO  server.Server (Server.java:doStart(351)) - jetty-9.3.25.v20180904, build timestamp: 2018-09-04T21:11:46Z, git hash: 3ce520221d0240229c862b122d2b06c12a625732
2019-10-04 18:30:50,047 [main] INFO  handler.ContextHandler (ContextHandler.java:doStart(781)) - Started o.e.j.s.ServletContextHandler@30abf79c{/logs,file:///workdir/hadoop-ozone/integration-test/target/log,AVAILABLE}
2019-10-04 18:30:50,047 [main] INFO  handler.ContextHandler (ContextHandler.java:doStart(781)) - Started o.e.j.s.ServletContextHandler@681061d6{/static,jar:file:/home/user/.m2/repository/org/apache/hadoop/hadoop-hdds-container-service/0.5.0-SNAPSHOT/hadoop-hdds-container-service-0.5.0-SNAPSHOT.jar!/webapps/static,AVAILABLE}
2019-10-04 18:30:50,085 [main] INFO  handler.ContextHandler (ContextHandler.java:doStart(781)) - Started o.e.j.w.WebAppContext@70881123{/,file:///tmp/jetty-0.0.0.0-45293-hddsDatanode-_-any-3496916038169206534.dir/webapp/,AVAILABLE}{/hddsDatanode}
2019-10-04 18:30:50,086 [main] INFO  server.AbstractConnector (AbstractConnector.java:doStart(278)) - Started ServerConnector@703fa45{HTTP/1.1,[http/1.1]}{0.0.0.0:45293}
2019-10-04 18:30:50,088 [main] INFO  server.Server (Server.java:doStart(419)) - Started @228456ms
2019-10-04 18:30:50,088 [main] WARN  impl.MetricsSystemImpl (MetricsSystemImpl.java:register(276)) - Sink prometheus already exists!
2019-10-04 18:30:50,089 [main] INFO  server.BaseHttpServer (BaseHttpServer.java:updateConnectorAddress(215)) - HTTP server of HDDSDATANODE is listening at http://0.0.0.0:45293
2019-10-04 18:30:50,089 [main] INFO  impl.MetricsSystemImpl (MetricsSystemImpl.java:init(158)) - HddsDatanode metrics system started (again)
2019-10-04 18:30:50,093 [org.apache.hadoop.util.JvmPauseMonitor$Monitor@105b6c2b] INFO  util.JvmPauseMonitor (JvmPauseMonitor.java:run(188)) - Starting JVM pause monitor
2019-10-04 18:30:50,094 [main] INFO  ozone.HddsDatanodeService (HddsDatanodeService.java:start(184)) - HddsDatanodeService host:pr-hdds-2251-hdm2b-3409562618 ip:192.168.151.69
2019-10-04 18:30:50,095 [Datanode State Machine Thread - 0] INFO  datanode.InitDatanodeState (InitDatanodeState.java:persistContainerDatanodeDetails(140)) - DatanodeDetails is persisted to /workdir/hadoop-ozone/integration-test/target/test-dir/MiniOzoneClusterImpl-40aa0599-d041-4cda-960e-73fe4e35f879/datanode-3/meta/datanode.id
2019-10-04 18:30:50,101 [main] INFO  volume.HddsVolume (HddsVolume.java:<init>(176)) - Creating Volume: /workdir/hadoop-ozone/integration-test/target/test-dir/MiniOzoneClusterImpl-40aa0599-d041-4cda-960e-73fe4e35f879/datanode-4/data/containers/hdds of  storage type : DISK and capacity : 1482555576320
2019-10-04 18:30:50,101 [main] INFO  volume.VolumeSet (VolumeSet.java:initializeVolumeSet(170)) - Added Volume : /workdir/hadoop-ozone/integration-test/target/test-dir/MiniOzoneClusterImpl-40aa0599-d041-4cda-960e-73fe4e35f879/datanode-4/data/containers/hdds to VolumeSet
2019-10-04 18:30:50,102 [main] INFO  volume.ThrottledAsyncChecker (ThrottledAsyncChecker.java:schedule(139)) - Scheduling a check for org.apache.hadoop.ozone.container.common.volume.HddsVolume@5111de7c
2019-10-04 18:30:50,102 [main] INFO  volume.HddsVolumeChecker (HddsVolumeChecker.java:checkAllVolumes(202)) - Scheduled health check for volume org.apache.hadoop.ozone.container.common.volume.HddsVolume@5111de7c
2019-10-04 18:30:50,117 [main] INFO  impl.RaftServerProxy (ConfUtils.java:logGet(43)) - raft.rpc.type = GRPC (default)
2019-10-04 18:30:50,117 [main] INFO  grpc.GrpcFactory (GrpcFactory.java:checkPooledByteBufAllocatorUseCacheForAllThreads(45)) - PERFORMANCE WARNING: useCacheForAllThreads is true that may cause Netty to create a lot garbage objects and, as a result, trigger GC.
	It is recommended to disable useCacheForAllThreads by setting -Dorg.apache.ratis.thirdparty.io.netty.allocator.useCacheForAllThreads=false in command line.
2019-10-04 18:30:50,117 [main] INFO  grpc.GrpcConfigKeys$Server (ConfUtils.java:logGet(43)) - raft.grpc.server.port = 0 (default)
2019-10-04 18:30:50,118 [main] INFO  server.GrpcService (ConfUtils.java:logGet(43)) - raft.grpc.message.size.max = 33570816 (custom)
2019-10-04 18:30:50,118 [main] INFO  server.RaftServerConfigKeys (ConfUtils.java:logGet(43)) - raft.server.log.appender.buffer.byte-limit = 33554432 (custom)
2019-10-04 18:30:50,118 [main] INFO  server.GrpcService (ConfUtils.java:logGet(43)) - raft.grpc.flow.control.window = 1MB (=1048576) (default)
2019-10-04 18:30:50,118 [main] INFO  server.RaftServerConfigKeys (ConfUtils.java:logGet(43)) - raft.server.rpc.request.timeout = 3000ms (default)
2019-10-04 18:30:50,119 [main] INFO  server.RaftServerConfigKeys (ConfUtils.java:logGet(43)) - raft.server.storage.dir = [/workdir/hadoop-ozone/integration-test/target/test-dir/MiniOzoneClusterImpl-40aa0599-d041-4cda-960e-73fe4e35f879/datanode-4/data/ratis] (custom)
2019-10-04 18:30:50,120 [main] INFO  hdfs.DFSUtil (DFSUtil.java:httpServerTemplateForNNAndJN(1641)) - Starting Web-server for hddsDatanode at: http://0.0.0.0:0
2019-10-04 18:30:50,121 [main] INFO  server.AuthenticationFilter (AuthenticationFilter.java:constructSecretProvider(240)) - Unable to initialize FileSignerSecretProvider, falling back to use random secrets.
2019-10-04 18:30:50,122 [main] WARN  http.HttpRequestLog (HttpRequestLog.java:getRequestLog(97)) - Jetty request log can only be enabled using Log4j
2019-10-04 18:30:50,124 [main] INFO  http.HttpServer2 (HttpServer2.java:addGlobalFilter(975)) - Added global filter 'safety' (class=org.apache.hadoop.http.HttpServer2$QuotingInputFilter)
2019-10-04 18:30:50,125 [main] INFO  http.HttpServer2 (HttpServer2.java:addFilter(948)) - Added filter static_user_filter (class=org.apache.hadoop.http.lib.StaticUserWebFilter$StaticUserFilter) to context hddsDatanode
2019-10-04 18:30:50,125 [main] INFO  http.HttpServer2 (HttpServer2.java:addFilter(958)) - Added filter static_user_filter (class=org.apache.hadoop.http.lib.StaticUserWebFilter$StaticUserFilter) to context logs
2019-10-04 18:30:50,125 [main] INFO  http.HttpServer2 (HttpServer2.java:addFilter(958)) - Added filter static_user_filter (class=org.apache.hadoop.http.lib.StaticUserWebFilter$StaticUserFilter) to context static
2019-10-04 18:30:50,126 [main] INFO  http.HttpServer2 (HttpServer2.java:bindListener(1191)) - Jetty bound to port 41826
2019-10-04 18:30:50,127 [main] INFO  server.Server (Server.java:doStart(351)) - jetty-9.3.25.v20180904, build timestamp: 2018-09-04T21:11:46Z, git hash: 3ce520221d0240229c862b122d2b06c12a625732
2019-10-04 18:30:50,129 [main] INFO  handler.ContextHandler (ContextHandler.java:doStart(781)) - Started o.e.j.s.ServletContextHandler@4eeab3e{/logs,file:///workdir/hadoop-ozone/integration-test/target/log,AVAILABLE}
2019-10-04 18:30:50,129 [main] INFO  handler.ContextHandler (ContextHandler.java:doStart(781)) - Started o.e.j.s.ServletContextHandler@2eb0cefe{/static,jar:file:/home/user/.m2/repository/org/apache/hadoop/hadoop-hdds-container-service/0.5.0-SNAPSHOT/hadoop-hdds-container-service-0.5.0-SNAPSHOT.jar!/webapps/static,AVAILABLE}
2019-10-04 18:30:50,176 [main] INFO  handler.ContextHandler (ContextHandler.java:doStart(781)) - Started o.e.j.w.WebAppContext@231b35fb{/,file:///tmp/jetty-0.0.0.0-41826-hddsDatanode-_-any-2191880342072960453.dir/webapp/,AVAILABLE}{/hddsDatanode}
2019-10-04 18:30:50,176 [main] INFO  server.AbstractConnector (AbstractConnector.java:doStart(278)) - Started ServerConnector@26da1ba2{HTTP/1.1,[http/1.1]}{0.0.0.0:41826}
2019-10-04 18:30:50,178 [main] INFO  server.Server (Server.java:doStart(419)) - Started @228547ms
2019-10-04 18:30:50,178 [main] WARN  impl.MetricsSystemImpl (MetricsSystemImpl.java:register(276)) - Sink prometheus already exists!
2019-10-04 18:30:50,179 [main] INFO  server.BaseHttpServer (BaseHttpServer.java:updateConnectorAddress(215)) - HTTP server of HDDSDATANODE is listening at http://0.0.0.0:41826
2019-10-04 18:30:50,179 [main] INFO  impl.MetricsSystemImpl (MetricsSystemImpl.java:init(158)) - HddsDatanode metrics system started (again)
2019-10-04 18:30:50,184 [org.apache.hadoop.util.JvmPauseMonitor$Monitor@36e7a9b1] INFO  util.JvmPauseMonitor (JvmPauseMonitor.java:run(188)) - Starting JVM pause monitor
2019-10-04 18:30:50,185 [main] INFO  ozone.HddsDatanodeService (HddsDatanodeService.java:start(184)) - HddsDatanodeService host:pr-hdds-2251-hdm2b-3409562618 ip:192.168.151.69
2019-10-04 18:30:50,186 [Datanode State Machine Thread - 0] INFO  datanode.InitDatanodeState (InitDatanodeState.java:persistContainerDatanodeDetails(140)) - DatanodeDetails is persisted to /workdir/hadoop-ozone/integration-test/target/test-dir/MiniOzoneClusterImpl-40aa0599-d041-4cda-960e-73fe4e35f879/datanode-4/meta/datanode.id
2019-10-04 18:30:50,192 [main] INFO  volume.HddsVolume (HddsVolume.java:<init>(176)) - Creating Volume: /workdir/hadoop-ozone/integration-test/target/test-dir/MiniOzoneClusterImpl-40aa0599-d041-4cda-960e-73fe4e35f879/datanode-5/data/containers/hdds of  storage type : DISK and capacity : 1482555576320
2019-10-04 18:30:50,192 [main] INFO  volume.VolumeSet (VolumeSet.java:initializeVolumeSet(170)) - Added Volume : /workdir/hadoop-ozone/integration-test/target/test-dir/MiniOzoneClusterImpl-40aa0599-d041-4cda-960e-73fe4e35f879/datanode-5/data/containers/hdds to VolumeSet
2019-10-04 18:30:50,192 [main] INFO  volume.ThrottledAsyncChecker (ThrottledAsyncChecker.java:schedule(139)) - Scheduling a check for org.apache.hadoop.ozone.container.common.volume.HddsVolume@36c07c75
2019-10-04 18:30:50,193 [main] INFO  volume.HddsVolumeChecker (HddsVolumeChecker.java:checkAllVolumes(202)) - Scheduled health check for volume org.apache.hadoop.ozone.container.common.volume.HddsVolume@36c07c75
2019-10-04 18:30:50,210 [main] INFO  impl.RaftServerProxy (ConfUtils.java:logGet(43)) - raft.rpc.type = GRPC (default)
2019-10-04 18:30:50,210 [main] INFO  grpc.GrpcFactory (GrpcFactory.java:checkPooledByteBufAllocatorUseCacheForAllThreads(45)) - PERFORMANCE WARNING: useCacheForAllThreads is true that may cause Netty to create a lot garbage objects and, as a result, trigger GC.
	It is recommended to disable useCacheForAllThreads by setting -Dorg.apache.ratis.thirdparty.io.netty.allocator.useCacheForAllThreads=false in command line.
2019-10-04 18:30:50,210 [main] INFO  grpc.GrpcConfigKeys$Server (ConfUtils.java:logGet(43)) - raft.grpc.server.port = 0 (default)
2019-10-04 18:30:50,211 [main] INFO  server.GrpcService (ConfUtils.java:logGet(43)) - raft.grpc.message.size.max = 33570816 (custom)
2019-10-04 18:30:50,211 [main] INFO  server.RaftServerConfigKeys (ConfUtils.java:logGet(43)) - raft.server.log.appender.buffer.byte-limit = 33554432 (custom)
2019-10-04 18:30:50,211 [main] INFO  server.GrpcService (ConfUtils.java:logGet(43)) - raft.grpc.flow.control.window = 1MB (=1048576) (default)
2019-10-04 18:30:50,211 [main] INFO  server.RaftServerConfigKeys (ConfUtils.java:logGet(43)) - raft.server.rpc.request.timeout = 3000ms (default)
2019-10-04 18:30:50,212 [main] INFO  server.RaftServerConfigKeys (ConfUtils.java:logGet(43)) - raft.server.storage.dir = [/workdir/hadoop-ozone/integration-test/target/test-dir/MiniOzoneClusterImpl-40aa0599-d041-4cda-960e-73fe4e35f879/datanode-5/data/ratis] (custom)
2019-10-04 18:30:50,213 [main] INFO  hdfs.DFSUtil (DFSUtil.java:httpServerTemplateForNNAndJN(1641)) - Starting Web-server for hddsDatanode at: http://0.0.0.0:0
2019-10-04 18:30:50,214 [main] INFO  server.AuthenticationFilter (AuthenticationFilter.java:constructSecretProvider(240)) - Unable to initialize FileSignerSecretProvider, falling back to use random secrets.
2019-10-04 18:30:50,215 [main] WARN  http.HttpRequestLog (HttpRequestLog.java:getRequestLog(97)) - Jetty request log can only be enabled using Log4j
2019-10-04 18:30:50,216 [main] INFO  http.HttpServer2 (HttpServer2.java:addGlobalFilter(975)) - Added global filter 'safety' (class=org.apache.hadoop.http.HttpServer2$QuotingInputFilter)
2019-10-04 18:30:50,216 [main] INFO  http.HttpServer2 (HttpServer2.java:addFilter(948)) - Added filter static_user_filter (class=org.apache.hadoop.http.lib.StaticUserWebFilter$StaticUserFilter) to context hddsDatanode
2019-10-04 18:30:50,217 [main] INFO  http.HttpServer2 (HttpServer2.java:addFilter(958)) - Added filter static_user_filter (class=org.apache.hadoop.http.lib.StaticUserWebFilter$StaticUserFilter) to context logs
2019-10-04 18:30:50,217 [main] INFO  http.HttpServer2 (HttpServer2.java:addFilter(958)) - Added filter static_user_filter (class=org.apache.hadoop.http.lib.StaticUserWebFilter$StaticUserFilter) to context static
2019-10-04 18:30:50,217 [main] INFO  http.HttpServer2 (HttpServer2.java:bindListener(1191)) - Jetty bound to port 44158
2019-10-04 18:30:50,218 [main] INFO  server.Server (Server.java:doStart(351)) - jetty-9.3.25.v20180904, build timestamp: 2018-09-04T21:11:46Z, git hash: 3ce520221d0240229c862b122d2b06c12a625732
2019-10-04 18:30:50,219 [main] INFO  handler.ContextHandler (ContextHandler.java:doStart(781)) - Started o.e.j.s.ServletContextHandler@76563ae7{/logs,file:///workdir/hadoop-ozone/integration-test/target/log,AVAILABLE}
2019-10-04 18:30:50,220 [main] INFO  handler.ContextHandler (ContextHandler.java:doStart(781)) - Started o.e.j.s.ServletContextHandler@4fea840f{/static,jar:file:/home/user/.m2/repository/org/apache/hadoop/hadoop-hdds-container-service/0.5.0-SNAPSHOT/hadoop-hdds-container-service-0.5.0-SNAPSHOT.jar!/webapps/static,AVAILABLE}
2019-10-04 18:30:50,263 [main] INFO  handler.ContextHandler (ContextHandler.java:doStart(781)) - Started o.e.j.w.WebAppContext@93bf0e0{/,file:///tmp/jetty-0.0.0.0-44158-hddsDatanode-_-any-6927620636785817798.dir/webapp/,AVAILABLE}{/hddsDatanode}
2019-10-04 18:30:50,264 [main] INFO  server.AbstractConnector (AbstractConnector.java:doStart(278)) - Started ServerConnector@4981d95b{HTTP/1.1,[http/1.1]}{0.0.0.0:44158}
2019-10-04 18:30:50,266 [main] INFO  server.Server (Server.java:doStart(419)) - Started @228635ms
2019-10-04 18:30:50,267 [main] WARN  impl.MetricsSystemImpl (MetricsSystemImpl.java:register(276)) - Sink prometheus already exists!
2019-10-04 18:30:50,267 [main] INFO  server.BaseHttpServer (BaseHttpServer.java:updateConnectorAddress(215)) - HTTP server of HDDSDATANODE is listening at http://0.0.0.0:44158
2019-10-04 18:30:50,268 [main] INFO  impl.MetricsSystemImpl (MetricsSystemImpl.java:init(158)) - HddsDatanode metrics system started (again)
2019-10-04 18:30:50,273 [org.apache.hadoop.util.JvmPauseMonitor$Monitor@b11ca7e] INFO  util.JvmPauseMonitor (JvmPauseMonitor.java:run(188)) - Starting JVM pause monitor
2019-10-04 18:30:50,274 [main] INFO  ozone.HddsDatanodeService (HddsDatanodeService.java:start(184)) - HddsDatanodeService host:pr-hdds-2251-hdm2b-3409562618 ip:192.168.151.69
2019-10-04 18:30:50,275 [Datanode State Machine Thread - 0] INFO  datanode.InitDatanodeState (InitDatanodeState.java:persistContainerDatanodeDetails(140)) - DatanodeDetails is persisted to /workdir/hadoop-ozone/integration-test/target/test-dir/MiniOzoneClusterImpl-40aa0599-d041-4cda-960e-73fe4e35f879/datanode-5/meta/datanode.id
2019-10-04 18:30:50,281 [main] INFO  volume.HddsVolume (HddsVolume.java:<init>(176)) - Creating Volume: /workdir/hadoop-ozone/integration-test/target/test-dir/MiniOzoneClusterImpl-40aa0599-d041-4cda-960e-73fe4e35f879/datanode-6/data/containers/hdds of  storage type : DISK and capacity : 1482555576320
2019-10-04 18:30:50,281 [main] INFO  volume.VolumeSet (VolumeSet.java:initializeVolumeSet(170)) - Added Volume : /workdir/hadoop-ozone/integration-test/target/test-dir/MiniOzoneClusterImpl-40aa0599-d041-4cda-960e-73fe4e35f879/datanode-6/data/containers/hdds to VolumeSet
2019-10-04 18:30:50,281 [main] INFO  volume.ThrottledAsyncChecker (ThrottledAsyncChecker.java:schedule(139)) - Scheduling a check for org.apache.hadoop.ozone.container.common.volume.HddsVolume@52ecc989
2019-10-04 18:30:50,282 [main] INFO  volume.HddsVolumeChecker (HddsVolumeChecker.java:checkAllVolumes(202)) - Scheduled health check for volume org.apache.hadoop.ozone.container.common.volume.HddsVolume@52ecc989
2019-10-04 18:30:50,296 [main] INFO  impl.RaftServerProxy (ConfUtils.java:logGet(43)) - raft.rpc.type = GRPC (default)
2019-10-04 18:30:50,297 [main] INFO  grpc.GrpcFactory (GrpcFactory.java:checkPooledByteBufAllocatorUseCacheForAllThreads(45)) - PERFORMANCE WARNING: useCacheForAllThreads is true that may cause Netty to create a lot garbage objects and, as a result, trigger GC.
	It is recommended to disable useCacheForAllThreads by setting -Dorg.apache.ratis.thirdparty.io.netty.allocator.useCacheForAllThreads=false in command line.
2019-10-04 18:30:50,297 [main] INFO  grpc.GrpcConfigKeys$Server (ConfUtils.java:logGet(43)) - raft.grpc.server.port = 0 (default)
2019-10-04 18:30:50,297 [main] INFO  server.GrpcService (ConfUtils.java:logGet(43)) - raft.grpc.message.size.max = 33570816 (custom)
2019-10-04 18:30:50,297 [main] INFO  server.RaftServerConfigKeys (ConfUtils.java:logGet(43)) - raft.server.log.appender.buffer.byte-limit = 33554432 (custom)
2019-10-04 18:30:50,298 [main] INFO  server.GrpcService (ConfUtils.java:logGet(43)) - raft.grpc.flow.control.window = 1MB (=1048576) (default)
2019-10-04 18:30:50,298 [main] INFO  server.RaftServerConfigKeys (ConfUtils.java:logGet(43)) - raft.server.rpc.request.timeout = 3000ms (default)
2019-10-04 18:30:50,298 [main] INFO  server.RaftServerConfigKeys (ConfUtils.java:logGet(43)) - raft.server.storage.dir = [/workdir/hadoop-ozone/integration-test/target/test-dir/MiniOzoneClusterImpl-40aa0599-d041-4cda-960e-73fe4e35f879/datanode-6/data/ratis] (custom)
2019-10-04 18:30:50,300 [main] INFO  hdfs.DFSUtil (DFSUtil.java:httpServerTemplateForNNAndJN(1641)) - Starting Web-server for hddsDatanode at: http://0.0.0.0:0
2019-10-04 18:30:50,301 [main] INFO  server.AuthenticationFilter (AuthenticationFilter.java:constructSecretProvider(240)) - Unable to initialize FileSignerSecretProvider, falling back to use random secrets.
2019-10-04 18:30:50,301 [main] WARN  http.HttpRequestLog (HttpRequestLog.java:getRequestLog(97)) - Jetty request log can only be enabled using Log4j
2019-10-04 18:30:50,302 [main] INFO  http.HttpServer2 (HttpServer2.java:addGlobalFilter(975)) - Added global filter 'safety' (class=org.apache.hadoop.http.HttpServer2$QuotingInputFilter)
2019-10-04 18:30:50,303 [main] INFO  http.HttpServer2 (HttpServer2.java:addFilter(948)) - Added filter static_user_filter (class=org.apache.hadoop.http.lib.StaticUserWebFilter$StaticUserFilter) to context hddsDatanode
2019-10-04 18:30:50,303 [main] INFO  http.HttpServer2 (HttpServer2.java:addFilter(958)) - Added filter static_user_filter (class=org.apache.hadoop.http.lib.StaticUserWebFilter$StaticUserFilter) to context logs
2019-10-04 18:30:50,303 [main] INFO  http.HttpServer2 (HttpServer2.java:addFilter(958)) - Added filter static_user_filter (class=org.apache.hadoop.http.lib.StaticUserWebFilter$StaticUserFilter) to context static
2019-10-04 18:30:50,304 [main] INFO  http.HttpServer2 (HttpServer2.java:bindListener(1191)) - Jetty bound to port 32807
2019-10-04 18:30:50,304 [main] INFO  server.Server (Server.java:doStart(351)) - jetty-9.3.25.v20180904, build timestamp: 2018-09-04T21:11:46Z, git hash: 3ce520221d0240229c862b122d2b06c12a625732
2019-10-04 18:30:50,305 [main] INFO  handler.ContextHandler (ContextHandler.java:doStart(781)) - Started o.e.j.s.ServletContextHandler@29d070c7{/logs,file:///workdir/hadoop-ozone/integration-test/target/log,AVAILABLE}
2019-10-04 18:30:50,306 [main] INFO  handler.ContextHandler (ContextHandler.java:doStart(781)) - Started o.e.j.s.ServletContextHandler@44dfdd58{/static,jar:file:/home/user/.m2/repository/org/apache/hadoop/hadoop-hdds-container-service/0.5.0-SNAPSHOT/hadoop-hdds-container-service-0.5.0-SNAPSHOT.jar!/webapps/static,AVAILABLE}
2019-10-04 18:30:50,346 [main] INFO  handler.ContextHandler (ContextHandler.java:doStart(781)) - Started o.e.j.w.WebAppContext@6ad6443{/,file:///tmp/jetty-0.0.0.0-32807-hddsDatanode-_-any-1402003459749680418.dir/webapp/,AVAILABLE}{/hddsDatanode}
2019-10-04 18:30:50,347 [main] INFO  server.AbstractConnector (AbstractConnector.java:doStart(278)) - Started ServerConnector@78b03788{HTTP/1.1,[http/1.1]}{0.0.0.0:32807}
2019-10-04 18:30:50,349 [main] INFO  server.Server (Server.java:doStart(419)) - Started @228717ms
2019-10-04 18:30:50,349 [main] WARN  impl.MetricsSystemImpl (MetricsSystemImpl.java:register(276)) - Sink prometheus already exists!
2019-10-04 18:30:50,350 [main] INFO  server.BaseHttpServer (BaseHttpServer.java:updateConnectorAddress(215)) - HTTP server of HDDSDATANODE is listening at http://0.0.0.0:32807
2019-10-04 18:30:50,350 [main] INFO  ozone.MiniOzoneClusterImpl (MiniOzoneClusterImpl.java:lambda$waitForClusterToBeReady$0(147)) - Waiting for cluster to be ready. Got 0 of 7 DN Heartbeats.
2019-10-04 18:30:50,351 [org.apache.hadoop.util.JvmPauseMonitor$Monitor@68260de6] INFO  util.JvmPauseMonitor (JvmPauseMonitor.java:run(188)) - Starting JVM pause monitor
2019-10-04 18:30:50,352 [Datanode State Machine Thread - 0] INFO  datanode.InitDatanodeState (InitDatanodeState.java:persistContainerDatanodeDetails(140)) - DatanodeDetails is persisted to /workdir/hadoop-ozone/integration-test/target/test-dir/MiniOzoneClusterImpl-40aa0599-d041-4cda-960e-73fe4e35f879/datanode-6/meta/datanode.id
2019-10-04 18:30:51,351 [main] INFO  ozone.MiniOzoneClusterImpl (MiniOzoneClusterImpl.java:lambda$waitForClusterToBeReady$0(147)) - Waiting for cluster to be ready. Got 0 of 7 DN Heartbeats.
2019-10-04 18:30:51,919 [Datanode State Machine Thread - 0] INFO  ozoneimpl.OzoneContainer (OzoneContainer.java:start(217)) - Attempting to start container services.
2019-10-04 18:30:51,920 [Datanode State Machine Thread - 0] INFO  ozoneimpl.OzoneContainer (OzoneContainer.java:startContainerScrub(179)) - Background container scanner has been disabled.
2019-10-04 18:30:51,920 [Datanode State Machine Thread - 0] INFO  ratis.XceiverServerRatis (XceiverServerRatis.java:start(417)) - Starting XceiverServerRatis b3bdad10-6611-41cd-b376-42dbd00800b9 at port 0
2019-10-04 18:30:51,925 [Datanode State Machine Thread - 0] INFO  impl.RaftServerProxy (RaftServerProxy.java:lambda$start$3(299)) - b3bdad10-6611-41cd-b376-42dbd00800b9: start RPC server
2019-10-04 18:30:51,932 [Datanode State Machine Thread - 0] INFO  server.GrpcService (GrpcService.java:startImpl(158)) - b3bdad10-6611-41cd-b376-42dbd00800b9: GrpcService started, listening on 0.0.0.0/0.0.0.0:45520
2019-10-04 18:30:51,932 [Datanode State Machine Thread - 0] INFO  ratis.XceiverServerRatis (XceiverServerRatis.java:start(427)) - XceiverServerRatis b3bdad10-6611-41cd-b376-42dbd00800b9 is started using port 45520
2019-10-04 18:30:51,932 [Datanode State Machine Thread - 0] INFO  server.XceiverServerGrpc (XceiverServerGrpc.java:start(149)) - XceiverServerGrpc b3bdad10-6611-41cd-b376-42dbd00800b9 is started using port 35282
2019-10-04 18:30:51,944 [Datanode State Machine Thread - 0] INFO  ozoneimpl.OzoneContainer (OzoneContainer.java:start(217)) - Attempting to start container services.
2019-10-04 18:30:51,944 [Datanode State Machine Thread - 0] INFO  ozoneimpl.OzoneContainer (OzoneContainer.java:startContainerScrub(179)) - Background container scanner has been disabled.
2019-10-04 18:30:51,944 [Datanode State Machine Thread - 0] INFO  ratis.XceiverServerRatis (XceiverServerRatis.java:start(417)) - Starting XceiverServerRatis 7d73eae5-24f4-42cb-b7bb-a3533158692a at port 0
2019-10-04 18:30:51,949 [Datanode State Machine Thread - 0] INFO  impl.RaftServerProxy (RaftServerProxy.java:lambda$start$3(299)) - 7d73eae5-24f4-42cb-b7bb-a3533158692a: start RPC server
2019-10-04 18:30:51,949 [Datanode State Machine Thread - 0] INFO  server.GrpcService (GrpcService.java:startImpl(158)) - 7d73eae5-24f4-42cb-b7bb-a3533158692a: GrpcService started, listening on 0.0.0.0/0.0.0.0:34472
2019-10-04 18:30:51,949 [Datanode State Machine Thread - 0] INFO  ratis.XceiverServerRatis (XceiverServerRatis.java:start(427)) - XceiverServerRatis 7d73eae5-24f4-42cb-b7bb-a3533158692a is started using port 34472
2019-10-04 18:30:51,949 [Datanode State Machine Thread - 0] INFO  server.XceiverServerGrpc (XceiverServerGrpc.java:start(149)) - XceiverServerGrpc 7d73eae5-24f4-42cb-b7bb-a3533158692a is started using port 39483
2019-10-04 18:30:52,028 [Datanode State Machine Thread - 0] INFO  ozoneimpl.OzoneContainer (OzoneContainer.java:start(217)) - Attempting to start container services.
2019-10-04 18:30:52,028 [Datanode State Machine Thread - 0] INFO  ozoneimpl.OzoneContainer (OzoneContainer.java:startContainerScrub(179)) - Background container scanner has been disabled.
2019-10-04 18:30:52,029 [Datanode State Machine Thread - 0] INFO  ratis.XceiverServerRatis (XceiverServerRatis.java:start(417)) - Starting XceiverServerRatis a20eaa42-9a2c-4211-905d-cb53095c4333 at port 0
2019-10-04 18:30:52,035 [Datanode State Machine Thread - 0] INFO  impl.RaftServerProxy (RaftServerProxy.java:lambda$start$3(299)) - a20eaa42-9a2c-4211-905d-cb53095c4333: start RPC server
2019-10-04 18:30:52,035 [Datanode State Machine Thread - 0] INFO  server.GrpcService (GrpcService.java:startImpl(158)) - a20eaa42-9a2c-4211-905d-cb53095c4333: GrpcService started, listening on 0.0.0.0/0.0.0.0:36330
2019-10-04 18:30:52,035 [Datanode State Machine Thread - 0] INFO  ratis.XceiverServerRatis (XceiverServerRatis.java:start(427)) - XceiverServerRatis a20eaa42-9a2c-4211-905d-cb53095c4333 is started using port 36330
2019-10-04 18:30:52,039 [Datanode State Machine Thread - 0] INFO  server.XceiverServerGrpc (XceiverServerGrpc.java:start(149)) - XceiverServerGrpc a20eaa42-9a2c-4211-905d-cb53095c4333 is started using port 43629
2019-10-04 18:30:52,107 [Datanode State Machine Thread - 0] INFO  ozoneimpl.OzoneContainer (OzoneContainer.java:start(217)) - Attempting to start container services.
2019-10-04 18:30:52,107 [Datanode State Machine Thread - 0] INFO  ozoneimpl.OzoneContainer (OzoneContainer.java:startContainerScrub(179)) - Background container scanner has been disabled.
2019-10-04 18:30:52,107 [Datanode State Machine Thread - 0] INFO  ratis.XceiverServerRatis (XceiverServerRatis.java:start(417)) - Starting XceiverServerRatis 4a70b110-ff43-4cac-b5ee-6528b3788ac4 at port 0
2019-10-04 18:30:52,114 [Datanode State Machine Thread - 0] INFO  impl.RaftServerProxy (RaftServerProxy.java:lambda$start$3(299)) - 4a70b110-ff43-4cac-b5ee-6528b3788ac4: start RPC server
2019-10-04 18:30:52,115 [Datanode State Machine Thread - 0] INFO  server.GrpcService (GrpcService.java:startImpl(158)) - 4a70b110-ff43-4cac-b5ee-6528b3788ac4: GrpcService started, listening on 0.0.0.0/0.0.0.0:34008
2019-10-04 18:30:52,115 [Datanode State Machine Thread - 0] INFO  ratis.XceiverServerRatis (XceiverServerRatis.java:start(427)) - XceiverServerRatis 4a70b110-ff43-4cac-b5ee-6528b3788ac4 is started using port 34008
2019-10-04 18:30:52,115 [Datanode State Machine Thread - 0] INFO  server.XceiverServerGrpc (XceiverServerGrpc.java:start(149)) - XceiverServerGrpc 4a70b110-ff43-4cac-b5ee-6528b3788ac4 is started using port 39734
2019-10-04 18:30:52,198 [Datanode State Machine Thread - 0] INFO  ozoneimpl.OzoneContainer (OzoneContainer.java:start(217)) - Attempting to start container services.
2019-10-04 18:30:52,198 [Datanode State Machine Thread - 0] INFO  ozoneimpl.OzoneContainer (OzoneContainer.java:startContainerScrub(179)) - Background container scanner has been disabled.
2019-10-04 18:30:52,198 [Datanode State Machine Thread - 0] INFO  ratis.XceiverServerRatis (XceiverServerRatis.java:start(417)) - Starting XceiverServerRatis 35b35391-39fa-4c79-bcf1-9d6b364dbab2 at port 0
2019-10-04 18:30:52,205 [Datanode State Machine Thread - 0] INFO  impl.RaftServerProxy (RaftServerProxy.java:lambda$start$3(299)) - 35b35391-39fa-4c79-bcf1-9d6b364dbab2: start RPC server
2019-10-04 18:30:52,207 [Datanode State Machine Thread - 0] INFO  server.GrpcService (GrpcService.java:startImpl(158)) - 35b35391-39fa-4c79-bcf1-9d6b364dbab2: GrpcService started, listening on 0.0.0.0/0.0.0.0:38610
2019-10-04 18:30:52,208 [Datanode State Machine Thread - 0] INFO  ratis.XceiverServerRatis (XceiverServerRatis.java:start(427)) - XceiverServerRatis 35b35391-39fa-4c79-bcf1-9d6b364dbab2 is started using port 38610
2019-10-04 18:30:52,209 [Datanode State Machine Thread - 0] INFO  server.XceiverServerGrpc (XceiverServerGrpc.java:start(149)) - XceiverServerGrpc 35b35391-39fa-4c79-bcf1-9d6b364dbab2 is started using port 36852
2019-10-04 18:30:52,287 [Datanode State Machine Thread - 0] INFO  ozoneimpl.OzoneContainer (OzoneContainer.java:start(217)) - Attempting to start container services.
2019-10-04 18:30:52,287 [Datanode State Machine Thread - 0] INFO  ozoneimpl.OzoneContainer (OzoneContainer.java:startContainerScrub(179)) - Background container scanner has been disabled.
2019-10-04 18:30:52,287 [Datanode State Machine Thread - 0] INFO  ratis.XceiverServerRatis (XceiverServerRatis.java:start(417)) - Starting XceiverServerRatis 611cf94c-ba39-49f0-800f-d07f18194ef7 at port 0
2019-10-04 18:30:52,294 [Datanode State Machine Thread - 0] INFO  impl.RaftServerProxy (RaftServerProxy.java:lambda$start$3(299)) - 611cf94c-ba39-49f0-800f-d07f18194ef7: start RPC server
2019-10-04 18:30:52,294 [Datanode State Machine Thread - 0] INFO  server.GrpcService (GrpcService.java:startImpl(158)) - 611cf94c-ba39-49f0-800f-d07f18194ef7: GrpcService started, listening on 0.0.0.0/0.0.0.0:37675
2019-10-04 18:30:52,295 [Datanode State Machine Thread - 0] INFO  ratis.XceiverServerRatis (XceiverServerRatis.java:start(427)) - XceiverServerRatis 611cf94c-ba39-49f0-800f-d07f18194ef7 is started using port 37675
2019-10-04 18:30:52,295 [Datanode State Machine Thread - 0] INFO  server.XceiverServerGrpc (XceiverServerGrpc.java:start(149)) - XceiverServerGrpc 611cf94c-ba39-49f0-800f-d07f18194ef7 is started using port 41650
2019-10-04 18:30:52,353 [main] INFO  ozone.MiniOzoneClusterImpl (MiniOzoneClusterImpl.java:lambda$waitForClusterToBeReady$0(147)) - Waiting for cluster to be ready. Got 0 of 7 DN Heartbeats.
2019-10-04 18:30:52,365 [Datanode State Machine Thread - 0] INFO  ozoneimpl.OzoneContainer (OzoneContainer.java:start(217)) - Attempting to start container services.
2019-10-04 18:30:52,365 [Datanode State Machine Thread - 0] INFO  ozoneimpl.OzoneContainer (OzoneContainer.java:startContainerScrub(179)) - Background container scanner has been disabled.
2019-10-04 18:30:52,365 [Datanode State Machine Thread - 0] INFO  ratis.XceiverServerRatis (XceiverServerRatis.java:start(417)) - Starting XceiverServerRatis 63dfe16d-b20c-4bde-9449-5eaa4e0dc0eb at port 0
2019-10-04 18:30:52,372 [Datanode State Machine Thread - 0] INFO  impl.RaftServerProxy (RaftServerProxy.java:lambda$start$3(299)) - 63dfe16d-b20c-4bde-9449-5eaa4e0dc0eb: start RPC server
2019-10-04 18:30:52,373 [Datanode State Machine Thread - 0] INFO  server.GrpcService (GrpcService.java:startImpl(158)) - 63dfe16d-b20c-4bde-9449-5eaa4e0dc0eb: GrpcService started, listening on 0.0.0.0/0.0.0.0:34821
2019-10-04 18:30:52,373 [Datanode State Machine Thread - 0] INFO  ratis.XceiverServerRatis (XceiverServerRatis.java:start(427)) - XceiverServerRatis 63dfe16d-b20c-4bde-9449-5eaa4e0dc0eb is started using port 34821
2019-10-04 18:30:52,373 [Datanode State Machine Thread - 0] INFO  server.XceiverServerGrpc (XceiverServerGrpc.java:start(149)) - XceiverServerGrpc 63dfe16d-b20c-4bde-9449-5eaa4e0dc0eb is started using port 46774
2019-10-04 18:30:53,353 [main] INFO  ozone.MiniOzoneClusterImpl (MiniOzoneClusterImpl.java:lambda$waitForClusterToBeReady$0(147)) - Waiting for cluster to be ready. Got 0 of 7 DN Heartbeats.
2019-10-04 18:30:53,869 [IPC Server handler 4 on 35021] INFO  net.NetworkTopology (NetworkTopologyImpl.java:add(111)) - Added a new node: /default-rack/b3bdad10-6611-41cd-b376-42dbd00800b9
2019-10-04 18:30:53,871 [IPC Server handler 4 on 35021] INFO  node.SCMNodeManager (SCMNodeManager.java:register(268)) - Registered Data node : b3bdad10-6611-41cd-b376-42dbd00800b9{ip: 192.168.151.69, host: pr-hdds-2251-hdm2b-3409562618, networkLocation: /default-rack, certSerialId: null}
2019-10-04 18:30:53,872 [EventQueue-NodeRegistrationContainerReportForDataNodeSafeModeRule] INFO  safemode.SCMSafeModeManager (DataNodeSafeModeRule.java:process(71)) - SCM in safe mode. 1 DataNodes registered, 1 required.
2019-10-04 18:30:53,874 [EventQueue-NodeRegistrationContainerReportForDataNodeSafeModeRule] INFO  safemode.SCMSafeModeManager (SCMSafeModeManager.java:validateSafeModeExitRules(177)) - ScmSafeModeManager, all rules are successfully validated
2019-10-04 18:30:53,874 [EventQueue-NodeRegistrationContainerReportForDataNodeSafeModeRule] INFO  safemode.SCMSafeModeManager (SCMSafeModeManager.java:exitSafeMode(193)) - SCM exiting safe mode.
2019-10-04 18:30:53,885 [grpc-default-executor-5] INFO  impl.RaftServerProxy (RaftServerProxy.java:addNew(89)) - b3bdad10-6611-41cd-b376-42dbd00800b9: addNew group-45B9EC727ADE:[b3bdad10-6611-41cd-b376-42dbd00800b9:192.168.151.69:45520] returns group-45B9EC727ADE:java.util.concurrent.CompletableFuture@48307bb4[Not completed]
2019-10-04 18:30:53,890 [pool-383-thread-1] INFO  impl.RaftServerImpl (RaftServerImpl.java:<init>(95)) - b3bdad10-6611-41cd-b376-42dbd00800b9: new RaftServerImpl for group-45B9EC727ADE:[b3bdad10-6611-41cd-b376-42dbd00800b9:192.168.151.69:45520] with ContainerStateMachine:uninitialized
2019-10-04 18:30:53,890 [pool-383-thread-1] INFO  server.RaftServerConfigKeys (ConfUtils.java:logGet(43)) - raft.server.rpc.timeout.min = 5s (custom)
2019-10-04 18:30:53,890 [pool-383-thread-1] INFO  server.RaftServerConfigKeys (ConfUtils.java:logGet(43)) - raft.server.rpc.timeout.max = 5200ms (custom)
2019-10-04 18:30:53,891 [pool-383-thread-1] INFO  server.RaftServerConfigKeys (ConfUtils.java:logGet(43)) - raft.server.rpcslowness.timeout = 120s (custom)
2019-10-04 18:30:53,891 [pool-383-thread-1] INFO  server.RaftServerConfigKeys (ConfUtils.java:logGet(43)) - raft.server.sleep.deviation.threshold = 300 (default)
2019-10-04 18:30:53,891 [pool-383-thread-1] INFO  server.RaftServerConfigKeys (ConfUtils.java:logGet(43)) - raft.server.log.appender.install.snapshot.enabled = false (custom)
2019-10-04 18:30:53,891 [pool-383-thread-1] INFO  impl.RaftServerImpl (ServerState.java:<init>(103)) - b3bdad10-6611-41cd-b376-42dbd00800b9@group-45B9EC727ADE: ConfigurationManager, init=-1: [b3bdad10-6611-41cd-b376-42dbd00800b9:192.168.151.69:45520], old=null, confs=<EMPTY_MAP>
2019-10-04 18:30:53,892 [pool-383-thread-1] INFO  server.RaftServerConfigKeys (ConfUtils.java:logGet(43)) - raft.server.storage.dir = [/workdir/hadoop-ozone/integration-test/target/test-dir/MiniOzoneClusterImpl-40aa0599-d041-4cda-960e-73fe4e35f879/datanode-0/data/ratis] (custom)
2019-10-04 18:30:53,892 [pool-383-thread-1] INFO  server.RaftServerConfigKeys (ConfUtils.java:logGet(43)) - raft.server.log.corruption.policy = EXCEPTION (default)
2019-10-04 18:30:53,893 [pool-383-thread-1] INFO  storage.RaftStorageDirectory (RaftStorageDirectory.java:analyzeStorage(246)) - The storage directory /workdir/hadoop-ozone/integration-test/target/test-dir/MiniOzoneClusterImpl-40aa0599-d041-4cda-960e-73fe4e35f879/datanode-0/data/ratis/45d9f772-dfc2-40ca-877f-45b9ec727ade does not exist. Creating ...
2019-10-04 18:30:53,906 [pool-383-thread-1] INFO  storage.RaftStorageDirectory (RaftStorageDirectory.java:tryLock(328)) - Lock on /workdir/hadoop-ozone/integration-test/target/test-dir/MiniOzoneClusterImpl-40aa0599-d041-4cda-960e-73fe4e35f879/datanode-0/data/ratis/45d9f772-dfc2-40ca-877f-45b9ec727ade/in_use.lock acquired by nodename 22675@pr-hdds-2251-hdm2b-3409562618
2019-10-04 18:30:53,920 [pool-383-thread-1] INFO  storage.RaftStorage (RaftStorage.java:format(84)) - Storage directory /workdir/hadoop-ozone/integration-test/target/test-dir/MiniOzoneClusterImpl-40aa0599-d041-4cda-960e-73fe4e35f879/datanode-0/data/ratis/45d9f772-dfc2-40ca-877f-45b9ec727ade has been successfully formatted.
2019-10-04 18:30:53,920 [pool-383-thread-1] INFO  ratis.ContainerStateMachine (ContainerStateMachine.java:loadSnapshot(230)) - group-45B9EC727ADE: The snapshot info is null. Setting the last applied indexto:(t:0, i:~)
2019-10-04 18:30:53,920 [pool-383-thread-1] INFO  server.RaftServerConfigKeys (ConfUtils.java:logGet(43)) - raft.server.notification.no-leader.timeout = 120s (custom)
2019-10-04 18:30:53,920 [pool-383-thread-1] INFO  server.RaftServerConfigKeys (ConfUtils.java:logGet(43)) - raft.server.log.use.memory = false (default)
2019-10-04 18:30:53,921 [pool-383-thread-1] INFO  server.RaftServerConfigKeys (ConfUtils.java:logGet(43)) - raft.server.log.purge.gap = 1000000 (custom)
2019-10-04 18:30:53,921 [pool-383-thread-1] INFO  server.RaftServerConfigKeys (ConfUtils.java:logGet(43)) - raft.server.log.appender.buffer.byte-limit = 33554432 (custom)
2019-10-04 18:30:53,921 [pool-383-thread-1] INFO  server.RaftServerConfigKeys (ConfUtils.java:logGet(43)) - raft.server.log.segment.size.max = 1048576 (custom)
2019-10-04 18:30:53,923 [pool-383-thread-1] INFO  server.RaftServerConfigKeys (ConfUtils.java:logGet(43)) - raft.server.log.segment.cache.num.max = 2 (custom)
2019-10-04 18:30:53,923 [pool-383-thread-1] INFO  segmented.SegmentedRaftLogWorker (SegmentedRaftLogWorker.java:<init>(173)) - new b3bdad10-6611-41cd-b376-42dbd00800b9@group-45B9EC727ADE-SegmentedRaftLogWorker for RaftStorage:Storage Directory /workdir/hadoop-ozone/integration-test/target/test-dir/MiniOzoneClusterImpl-40aa0599-d041-4cda-960e-73fe4e35f879/datanode-0/data/ratis/45d9f772-dfc2-40ca-877f-45b9ec727ade
2019-10-04 18:30:53,923 [pool-383-thread-1] INFO  server.RaftServerConfigKeys (ConfUtils.java:logGet(43)) - raft.server.log.queue.byte-limit = 2147483647 (custom)
2019-10-04 18:30:53,924 [pool-383-thread-1] INFO  server.RaftServerConfigKeys (ConfUtils.java:logGet(43)) - raft.server.log.queue.element-limit = 1024 (custom)
2019-10-04 18:30:53,924 [pool-383-thread-1] INFO  server.RaftServerConfigKeys (ConfUtils.java:logGet(43)) - raft.server.log.segment.size.max = 1048576 (custom)
2019-10-04 18:30:53,924 [pool-383-thread-1] INFO  server.RaftServerConfigKeys (ConfUtils.java:logGet(43)) - raft.server.log.preallocated.size = 16384 (custom)
2019-10-04 18:30:53,924 [pool-383-thread-1] INFO  server.RaftServerConfigKeys (ConfUtils.java:logGet(43)) - raft.server.log.write.buffer.size = 33554432 (custom)
2019-10-04 18:30:53,924 [pool-383-thread-1] INFO  server.RaftServerConfigKeys (ConfUtils.java:logGet(43)) - raft.server.log.force.sync.num = 128 (default)
2019-10-04 18:30:53,924 [pool-383-thread-1] INFO  server.RaftServerConfigKeys (ConfUtils.java:logGet(43)) - raft.server.log.statemachine.data.sync = true (default)
2019-10-04 18:30:53,924 [pool-383-thread-1] INFO  server.RaftServerConfigKeys (ConfUtils.java:logGet(43)) - raft.server.log.statemachine.data.sync.timeout = 10s (default)
2019-10-04 18:30:53,925 [pool-383-thread-1] INFO  server.RaftServerConfigKeys (ConfUtils.java:logGet(43)) - raft.server.log.statemachine.data.sync.timeout.retry = -1 (default)
2019-10-04 18:30:53,925 [pool-383-thread-1] INFO  server.RaftServerConfigKeys (ConfUtils.java:logGet(43)) - raft.server.log.statemachine.data.caching.enabled = true (custom)
2019-10-04 18:30:53,925 [pool-383-thread-1] INFO  segmented.SegmentedRaftLogWorker (SegmentedRaftLogWorker.java:lambda$new$0(128)) - b3bdad10-6611-41cd-b376-42dbd00800b9@group-45B9EC727ADE-SegmentedRaftLogWorker: flushIndex: setUnconditionally 0 -> -1
2019-10-04 18:30:53,926 [pool-383-thread-1] INFO  server.RaftServerConfigKeys (ConfUtils.java:logGet(43)) - raft.server.snapshot.auto.trigger.enabled = true (custom)
2019-10-04 18:30:53,926 [pool-383-thread-1] INFO  server.RaftServerConfigKeys (ConfUtils.java:logGet(43)) - raft.server.snapshot.auto.trigger.threshold = 10000 (custom)
2019-10-04 18:30:53,926 [pool-383-thread-1] INFO  server.RaftServerConfigKeys (ConfUtils.java:logGet(43)) - raft.server.snapshot.retention.file.num = 5 (custom)
2019-10-04 18:30:53,926 [pool-383-thread-1] INFO  server.RaftServerConfigKeys (ConfUtils.java:logGet(43)) - raft.server.retrycache.expirytime = 600000ms (custom)
2019-10-04 18:30:53,928 [pool-383-thread-1] INFO  impl.RaftServerImpl (RaftServerImpl.java:start(181)) - b3bdad10-6611-41cd-b376-42dbd00800b9@group-45B9EC727ADE: start as a follower, conf=-1: [b3bdad10-6611-41cd-b376-42dbd00800b9:192.168.151.69:45520], old=null
2019-10-04 18:30:53,928 [pool-383-thread-1] INFO  impl.RaftServerImpl (RaftServerImpl.java:setRole(170)) - b3bdad10-6611-41cd-b376-42dbd00800b9@group-45B9EC727ADE: changes role from      null to FOLLOWER at term 0 for startAsFollower
2019-10-04 18:30:53,929 [pool-383-thread-1] INFO  impl.RoleInfo (RoleInfo.java:updateAndGet(143)) - b3bdad10-6611-41cd-b376-42dbd00800b9: start FollowerState
2019-10-04 18:30:53,929 [IPC Server handler 5 on 35021] INFO  net.NetworkTopology (NetworkTopologyImpl.java:add(111)) - Added a new node: /default-rack/7d73eae5-24f4-42cb-b7bb-a3533158692a
2019-10-04 18:30:53,929 [IPC Server handler 5 on 35021] INFO  node.SCMNodeManager (SCMNodeManager.java:register(268)) - Registered Data node : 7d73eae5-24f4-42cb-b7bb-a3533158692a{ip: 192.168.151.69, host: pr-hdds-2251-hdm2b-3409562618, networkLocation: /default-rack, certSerialId: null}
2019-10-04 18:30:53,929 [pool-383-thread-1] INFO  util.JmxRegister (JmxRegister.java:tryRegister(44)) - Successfully registered JMX Bean with object name Ratis:service=RaftServer,group=group-45B9EC727ADE,id=b3bdad10-6611-41cd-b376-42dbd00800b9
2019-10-04 18:30:53,934 [RatisPipelineUtilsThread] INFO  pipeline.PipelineStateManager (PipelineStateManager.java:addPipeline(56)) - Created pipeline Pipeline[ Id: 45d9f772-dfc2-40ca-877f-45b9ec727ade, Nodes: b3bdad10-6611-41cd-b376-42dbd00800b9{ip: 192.168.151.69, host: pr-hdds-2251-hdm2b-3409562618, networkLocation: /default-rack, certSerialId: null}, Type:RATIS, Factor:ONE, State:OPEN]
2019-10-04 18:30:53,941 [grpc-default-executor-5] INFO  impl.RaftServerProxy (RaftServerProxy.java:addNew(89)) - 7d73eae5-24f4-42cb-b7bb-a3533158692a: addNew group-AF794DB7A105:[7d73eae5-24f4-42cb-b7bb-a3533158692a:192.168.151.69:34472] returns group-AF794DB7A105:java.util.concurrent.CompletableFuture@748b6dbe[Not completed]
2019-10-04 18:30:53,943 [pool-393-thread-1] INFO  impl.RaftServerImpl (RaftServerImpl.java:<init>(95)) - 7d73eae5-24f4-42cb-b7bb-a3533158692a: new RaftServerImpl for group-AF794DB7A105:[7d73eae5-24f4-42cb-b7bb-a3533158692a:192.168.151.69:34472] with ContainerStateMachine:uninitialized
2019-10-04 18:30:53,943 [pool-393-thread-1] INFO  server.RaftServerConfigKeys (ConfUtils.java:logGet(43)) - raft.server.rpc.timeout.min = 5s (custom)
2019-10-04 18:30:53,943 [pool-393-thread-1] INFO  server.RaftServerConfigKeys (ConfUtils.java:logGet(43)) - raft.server.rpc.timeout.max = 5200ms (custom)
2019-10-04 18:30:53,943 [pool-393-thread-1] INFO  server.RaftServerConfigKeys (ConfUtils.java:logGet(43)) - raft.server.rpcslowness.timeout = 120s (custom)
2019-10-04 18:30:53,943 [pool-393-thread-1] INFO  server.RaftServerConfigKeys (ConfUtils.java:logGet(43)) - raft.server.sleep.deviation.threshold = 300 (default)
2019-10-04 18:30:53,943 [pool-393-thread-1] INFO  server.RaftServerConfigKeys (ConfUtils.java:logGet(43)) - raft.server.log.appender.install.snapshot.enabled = false (custom)
2019-10-04 18:30:53,943 [pool-393-thread-1] INFO  impl.RaftServerImpl (ServerState.java:<init>(103)) - 7d73eae5-24f4-42cb-b7bb-a3533158692a@group-AF794DB7A105: ConfigurationManager, init=-1: [7d73eae5-24f4-42cb-b7bb-a3533158692a:192.168.151.69:34472], old=null, confs=<EMPTY_MAP>
2019-10-04 18:30:53,943 [pool-393-thread-1] INFO  server.RaftServerConfigKeys (ConfUtils.java:logGet(43)) - raft.server.storage.dir = [/workdir/hadoop-ozone/integration-test/target/test-dir/MiniOzoneClusterImpl-40aa0599-d041-4cda-960e-73fe4e35f879/datanode-1/data/ratis] (custom)
2019-10-04 18:30:53,944 [pool-393-thread-1] INFO  server.RaftServerConfigKeys (ConfUtils.java:logGet(43)) - raft.server.log.corruption.policy = EXCEPTION (default)
2019-10-04 18:30:53,944 [pool-393-thread-1] INFO  storage.RaftStorageDirectory (RaftStorageDirectory.java:analyzeStorage(246)) - The storage directory /workdir/hadoop-ozone/integration-test/target/test-dir/MiniOzoneClusterImpl-40aa0599-d041-4cda-960e-73fe4e35f879/datanode-1/data/ratis/a4cdf3eb-982b-46f0-8bdf-af794db7a105 does not exist. Creating ...
2019-10-04 18:30:53,965 [pool-393-thread-1] INFO  storage.RaftStorageDirectory (RaftStorageDirectory.java:tryLock(328)) - Lock on /workdir/hadoop-ozone/integration-test/target/test-dir/MiniOzoneClusterImpl-40aa0599-d041-4cda-960e-73fe4e35f879/datanode-1/data/ratis/a4cdf3eb-982b-46f0-8bdf-af794db7a105/in_use.lock acquired by nodename 22675@pr-hdds-2251-hdm2b-3409562618
2019-10-04 18:30:53,977 [pool-393-thread-1] INFO  storage.RaftStorage (RaftStorage.java:format(84)) - Storage directory /workdir/hadoop-ozone/integration-test/target/test-dir/MiniOzoneClusterImpl-40aa0599-d041-4cda-960e-73fe4e35f879/datanode-1/data/ratis/a4cdf3eb-982b-46f0-8bdf-af794db7a105 has been successfully formatted.
2019-10-04 18:30:53,978 [pool-393-thread-1] INFO  ratis.ContainerStateMachine (ContainerStateMachine.java:loadSnapshot(230)) - group-AF794DB7A105: The snapshot info is null. Setting the last applied indexto:(t:0, i:~)
2019-10-04 18:30:53,978 [pool-393-thread-1] INFO  server.RaftServerConfigKeys (ConfUtils.java:logGet(43)) - raft.server.notification.no-leader.timeout = 120s (custom)
2019-10-04 18:30:53,978 [pool-393-thread-1] INFO  server.RaftServerConfigKeys (ConfUtils.java:logGet(43)) - raft.server.log.use.memory = false (default)
2019-10-04 18:30:53,978 [pool-393-thread-1] INFO  server.RaftServerConfigKeys (ConfUtils.java:logGet(43)) - raft.server.log.purge.gap = 1000000 (custom)
2019-10-04 18:30:53,978 [pool-393-thread-1] INFO  server.RaftServerConfigKeys (ConfUtils.java:logGet(43)) - raft.server.log.appender.buffer.byte-limit = 33554432 (custom)
2019-10-04 18:30:53,978 [pool-393-thread-1] INFO  server.RaftServerConfigKeys (ConfUtils.java:logGet(43)) - raft.server.log.segment.size.max = 1048576 (custom)
2019-10-04 18:30:53,979 [pool-393-thread-1] INFO  server.RaftServerConfigKeys (ConfUtils.java:logGet(43)) - raft.server.log.segment.cache.num.max = 2 (custom)
2019-10-04 18:30:53,979 [pool-393-thread-1] INFO  segmented.SegmentedRaftLogWorker (SegmentedRaftLogWorker.java:<init>(173)) - new 7d73eae5-24f4-42cb-b7bb-a3533158692a@group-AF794DB7A105-SegmentedRaftLogWorker for RaftStorage:Storage Directory /workdir/hadoop-ozone/integration-test/target/test-dir/MiniOzoneClusterImpl-40aa0599-d041-4cda-960e-73fe4e35f879/datanode-1/data/ratis/a4cdf3eb-982b-46f0-8bdf-af794db7a105
2019-10-04 18:30:53,979 [pool-393-thread-1] INFO  server.RaftServerConfigKeys (ConfUtils.java:logGet(43)) - raft.server.log.queue.byte-limit = 2147483647 (custom)
2019-10-04 18:30:53,980 [pool-393-thread-1] INFO  server.RaftServerConfigKeys (ConfUtils.java:logGet(43)) - raft.server.log.queue.element-limit = 1024 (custom)
2019-10-04 18:30:53,980 [pool-393-thread-1] INFO  server.RaftServerConfigKeys (ConfUtils.java:logGet(43)) - raft.server.log.segment.size.max = 1048576 (custom)
2019-10-04 18:30:53,980 [pool-393-thread-1] INFO  server.RaftServerConfigKeys (ConfUtils.java:logGet(43)) - raft.server.log.preallocated.size = 16384 (custom)
2019-10-04 18:30:53,980 [pool-393-thread-1] INFO  server.RaftServerConfigKeys (ConfUtils.java:logGet(43)) - raft.server.log.write.buffer.size = 33554432 (custom)
2019-10-04 18:30:53,980 [pool-393-thread-1] INFO  server.RaftServerConfigKeys (ConfUtils.java:logGet(43)) - raft.server.log.force.sync.num = 128 (default)
2019-10-04 18:30:53,980 [pool-393-thread-1] INFO  server.RaftServerConfigKeys (ConfUtils.java:logGet(43)) - raft.server.log.statemachine.data.sync = true (default)
2019-10-04 18:30:53,980 [pool-393-thread-1] INFO  server.RaftServerConfigKeys (ConfUtils.java:logGet(43)) - raft.server.log.statemachine.data.sync.timeout = 10s (default)
2019-10-04 18:30:53,980 [pool-393-thread-1] INFO  server.RaftServerConfigKeys (ConfUtils.java:logGet(43)) - raft.server.log.statemachine.data.sync.timeout.retry = -1 (default)
2019-10-04 18:30:53,980 [pool-393-thread-1] INFO  server.RaftServerConfigKeys (ConfUtils.java:logGet(43)) - raft.server.log.statemachine.data.caching.enabled = true (custom)
2019-10-04 18:30:53,981 [pool-393-thread-1] INFO  segmented.SegmentedRaftLogWorker (SegmentedRaftLogWorker.java:lambda$new$0(128)) - 7d73eae5-24f4-42cb-b7bb-a3533158692a@group-AF794DB7A105-SegmentedRaftLogWorker: flushIndex: setUnconditionally 0 -> -1
2019-10-04 18:30:53,981 [pool-393-thread-1] INFO  server.RaftServerConfigKeys (ConfUtils.java:logGet(43)) - raft.server.snapshot.auto.trigger.enabled = true (custom)
2019-10-04 18:30:53,981 [pool-393-thread-1] INFO  server.RaftServerConfigKeys (ConfUtils.java:logGet(43)) - raft.server.snapshot.auto.trigger.threshold = 10000 (custom)
2019-10-04 18:30:53,981 [pool-393-thread-1] INFO  server.RaftServerConfigKeys (ConfUtils.java:logGet(43)) - raft.server.snapshot.retention.file.num = 5 (custom)
2019-10-04 18:30:53,981 [pool-393-thread-1] INFO  server.RaftServerConfigKeys (ConfUtils.java:logGet(43)) - raft.server.retrycache.expirytime = 600000ms (custom)
2019-10-04 18:30:53,982 [pool-393-thread-1] INFO  impl.RaftServerImpl (RaftServerImpl.java:start(181)) - 7d73eae5-24f4-42cb-b7bb-a3533158692a@group-AF794DB7A105: start as a follower, conf=-1: [7d73eae5-24f4-42cb-b7bb-a3533158692a:192.168.151.69:34472], old=null
2019-10-04 18:30:53,982 [pool-393-thread-1] INFO  impl.RaftServerImpl (RaftServerImpl.java:setRole(170)) - 7d73eae5-24f4-42cb-b7bb-a3533158692a@group-AF794DB7A105: changes role from      null to FOLLOWER at term 0 for startAsFollower
2019-10-04 18:30:53,982 [pool-393-thread-1] INFO  impl.RoleInfo (RoleInfo.java:updateAndGet(143)) - 7d73eae5-24f4-42cb-b7bb-a3533158692a: start FollowerState
2019-10-04 18:30:53,983 [pool-393-thread-1] INFO  util.JmxRegister (JmxRegister.java:tryRegister(44)) - Successfully registered JMX Bean with object name Ratis:service=RaftServer,group=group-AF794DB7A105,id=7d73eae5-24f4-42cb-b7bb-a3533158692a
2019-10-04 18:30:53,986 [RatisPipelineUtilsThread] INFO  pipeline.PipelineStateManager (PipelineStateManager.java:addPipeline(56)) - Created pipeline Pipeline[ Id: a4cdf3eb-982b-46f0-8bdf-af794db7a105, Nodes: 7d73eae5-24f4-42cb-b7bb-a3533158692a{ip: 192.168.151.69, host: pr-hdds-2251-hdm2b-3409562618, networkLocation: /default-rack, certSerialId: null}, Type:RATIS, Factor:ONE, State:OPEN]
2019-10-04 18:30:54,014 [IPC Server handler 6 on 35021] INFO  net.NetworkTopology (NetworkTopologyImpl.java:add(111)) - Added a new node: /default-rack/a20eaa42-9a2c-4211-905d-cb53095c4333
2019-10-04 18:30:54,014 [IPC Server handler 6 on 35021] INFO  node.SCMNodeManager (SCMNodeManager.java:register(268)) - Registered Data node : a20eaa42-9a2c-4211-905d-cb53095c4333{ip: 192.168.151.69, host: pr-hdds-2251-hdm2b-3409562618, networkLocation: /default-rack, certSerialId: null}
2019-10-04 18:30:54,022 [grpc-default-executor-5] INFO  impl.RaftServerProxy (RaftServerProxy.java:addNew(89)) - a20eaa42-9a2c-4211-905d-cb53095c4333: addNew group-D0CE4B09A9D9:[a20eaa42-9a2c-4211-905d-cb53095c4333:192.168.151.69:36330] returns group-D0CE4B09A9D9:java.util.concurrent.CompletableFuture@7214e64e[Not completed]
2019-10-04 18:30:54,024 [pool-403-thread-1] INFO  impl.RaftServerImpl (RaftServerImpl.java:<init>(95)) - a20eaa42-9a2c-4211-905d-cb53095c4333: new RaftServerImpl for group-D0CE4B09A9D9:[a20eaa42-9a2c-4211-905d-cb53095c4333:192.168.151.69:36330] with ContainerStateMachine:uninitialized
2019-10-04 18:30:54,024 [pool-403-thread-1] INFO  server.RaftServerConfigKeys (ConfUtils.java:logGet(43)) - raft.server.rpc.timeout.min = 5s (custom)
2019-10-04 18:30:54,024 [pool-403-thread-1] INFO  server.RaftServerConfigKeys (ConfUtils.java:logGet(43)) - raft.server.rpc.timeout.max = 5200ms (custom)
2019-10-04 18:30:54,024 [pool-403-thread-1] INFO  server.RaftServerConfigKeys (ConfUtils.java:logGet(43)) - raft.server.rpcslowness.timeout = 120s (custom)
2019-10-04 18:30:54,025 [pool-403-thread-1] INFO  server.RaftServerConfigKeys (ConfUtils.java:logGet(43)) - raft.server.sleep.deviation.threshold = 300 (default)
2019-10-04 18:30:54,025 [pool-403-thread-1] INFO  server.RaftServerConfigKeys (ConfUtils.java:logGet(43)) - raft.server.log.appender.install.snapshot.enabled = false (custom)
2019-10-04 18:30:54,025 [pool-403-thread-1] INFO  impl.RaftServerImpl (ServerState.java:<init>(103)) - a20eaa42-9a2c-4211-905d-cb53095c4333@group-D0CE4B09A9D9: ConfigurationManager, init=-1: [a20eaa42-9a2c-4211-905d-cb53095c4333:192.168.151.69:36330], old=null, confs=<EMPTY_MAP>
2019-10-04 18:30:54,025 [pool-403-thread-1] INFO  server.RaftServerConfigKeys (ConfUtils.java:logGet(43)) - raft.server.storage.dir = [/workdir/hadoop-ozone/integration-test/target/test-dir/MiniOzoneClusterImpl-40aa0599-d041-4cda-960e-73fe4e35f879/datanode-2/data/ratis] (custom)
2019-10-04 18:30:54,026 [pool-403-thread-1] INFO  server.RaftServerConfigKeys (ConfUtils.java:logGet(43)) - raft.server.log.corruption.policy = EXCEPTION (default)
2019-10-04 18:30:54,026 [pool-403-thread-1] INFO  storage.RaftStorageDirectory (RaftStorageDirectory.java:analyzeStorage(246)) - The storage directory /workdir/hadoop-ozone/integration-test/target/test-dir/MiniOzoneClusterImpl-40aa0599-d041-4cda-960e-73fe4e35f879/datanode-2/data/ratis/156336cd-f6b4-4c81-bea2-d0ce4b09a9d9 does not exist. Creating ...
2019-10-04 18:30:54,039 [pool-403-thread-1] INFO  storage.RaftStorageDirectory (RaftStorageDirectory.java:tryLock(328)) - Lock on /workdir/hadoop-ozone/integration-test/target/test-dir/MiniOzoneClusterImpl-40aa0599-d041-4cda-960e-73fe4e35f879/datanode-2/data/ratis/156336cd-f6b4-4c81-bea2-d0ce4b09a9d9/in_use.lock acquired by nodename 22675@pr-hdds-2251-hdm2b-3409562618
2019-10-04 18:30:54,051 [pool-403-thread-1] INFO  storage.RaftStorage (RaftStorage.java:format(84)) - Storage directory /workdir/hadoop-ozone/integration-test/target/test-dir/MiniOzoneClusterImpl-40aa0599-d041-4cda-960e-73fe4e35f879/datanode-2/data/ratis/156336cd-f6b4-4c81-bea2-d0ce4b09a9d9 has been successfully formatted.
2019-10-04 18:30:54,052 [pool-403-thread-1] INFO  ratis.ContainerStateMachine (ContainerStateMachine.java:loadSnapshot(230)) - group-D0CE4B09A9D9: The snapshot info is null. Setting the last applied indexto:(t:0, i:~)
2019-10-04 18:30:54,052 [pool-403-thread-1] INFO  server.RaftServerConfigKeys (ConfUtils.java:logGet(43)) - raft.server.notification.no-leader.timeout = 120s (custom)
2019-10-04 18:30:54,052 [pool-403-thread-1] INFO  server.RaftServerConfigKeys (ConfUtils.java:logGet(43)) - raft.server.log.use.memory = false (default)
2019-10-04 18:30:54,052 [pool-403-thread-1] INFO  server.RaftServerConfigKeys (ConfUtils.java:logGet(43)) - raft.server.log.purge.gap = 1000000 (custom)
2019-10-04 18:30:54,052 [pool-403-thread-1] INFO  server.RaftServerConfigKeys (ConfUtils.java:logGet(43)) - raft.server.log.appender.buffer.byte-limit = 33554432 (custom)
2019-10-04 18:30:54,052 [pool-403-thread-1] INFO  server.RaftServerConfigKeys (ConfUtils.java:logGet(43)) - raft.server.log.segment.size.max = 1048576 (custom)
2019-10-04 18:30:54,054 [pool-403-thread-1] INFO  server.RaftServerConfigKeys (ConfUtils.java:logGet(43)) - raft.server.log.segment.cache.num.max = 2 (custom)
2019-10-04 18:30:54,054 [pool-403-thread-1] INFO  segmented.SegmentedRaftLogWorker (SegmentedRaftLogWorker.java:<init>(173)) - new a20eaa42-9a2c-4211-905d-cb53095c4333@group-D0CE4B09A9D9-SegmentedRaftLogWorker for RaftStorage:Storage Directory /workdir/hadoop-ozone/integration-test/target/test-dir/MiniOzoneClusterImpl-40aa0599-d041-4cda-960e-73fe4e35f879/datanode-2/data/ratis/156336cd-f6b4-4c81-bea2-d0ce4b09a9d9
2019-10-04 18:30:54,054 [pool-403-thread-1] INFO  server.RaftServerConfigKeys (ConfUtils.java:logGet(43)) - raft.server.log.queue.byte-limit = 2147483647 (custom)
2019-10-04 18:30:54,054 [pool-403-thread-1] INFO  server.RaftServerConfigKeys (ConfUtils.java:logGet(43)) - raft.server.log.queue.element-limit = 1024 (custom)
2019-10-04 18:30:54,054 [pool-403-thread-1] INFO  server.RaftServerConfigKeys (ConfUtils.java:logGet(43)) - raft.server.log.segment.size.max = 1048576 (custom)
2019-10-04 18:30:54,054 [pool-403-thread-1] INFO  server.RaftServerConfigKeys (ConfUtils.java:logGet(43)) - raft.server.log.preallocated.size = 16384 (custom)
2019-10-04 18:30:54,054 [pool-403-thread-1] INFO  server.RaftServerConfigKeys (ConfUtils.java:logGet(43)) - raft.server.log.write.buffer.size = 33554432 (custom)
2019-10-04 18:30:54,054 [pool-403-thread-1] INFO  server.RaftServerConfigKeys (ConfUtils.java:logGet(43)) - raft.server.log.force.sync.num = 128 (default)
2019-10-04 18:30:54,055 [pool-403-thread-1] INFO  server.RaftServerConfigKeys (ConfUtils.java:logGet(43)) - raft.server.log.statemachine.data.sync = true (default)
2019-10-04 18:30:54,055 [pool-403-thread-1] INFO  server.RaftServerConfigKeys (ConfUtils.java:logGet(43)) - raft.server.log.statemachine.data.sync.timeout = 10s (default)
2019-10-04 18:30:54,055 [pool-403-thread-1] INFO  server.RaftServerConfigKeys (ConfUtils.java:logGet(43)) - raft.server.log.statemachine.data.sync.timeout.retry = -1 (default)
2019-10-04 18:30:54,055 [pool-403-thread-1] INFO  server.RaftServerConfigKeys (ConfUtils.java:logGet(43)) - raft.server.log.statemachine.data.caching.enabled = true (custom)
2019-10-04 18:30:54,055 [pool-403-thread-1] INFO  segmented.SegmentedRaftLogWorker (SegmentedRaftLogWorker.java:lambda$new$0(128)) - a20eaa42-9a2c-4211-905d-cb53095c4333@group-D0CE4B09A9D9-SegmentedRaftLogWorker: flushIndex: setUnconditionally 0 -> -1
2019-10-04 18:30:54,056 [pool-403-thread-1] INFO  server.RaftServerConfigKeys (ConfUtils.java:logGet(43)) - raft.server.snapshot.auto.trigger.enabled = true (custom)
2019-10-04 18:30:54,056 [pool-403-thread-1] INFO  server.RaftServerConfigKeys (ConfUtils.java:logGet(43)) - raft.server.snapshot.auto.trigger.threshold = 10000 (custom)
2019-10-04 18:30:54,056 [pool-403-thread-1] INFO  server.RaftServerConfigKeys (ConfUtils.java:logGet(43)) - raft.server.snapshot.retention.file.num = 5 (custom)
2019-10-04 18:30:54,056 [pool-403-thread-1] INFO  server.RaftServerConfigKeys (ConfUtils.java:logGet(43)) - raft.server.retrycache.expirytime = 600000ms (custom)
2019-10-04 18:30:54,058 [pool-403-thread-1] INFO  impl.RaftServerImpl (RaftServerImpl.java:start(181)) - a20eaa42-9a2c-4211-905d-cb53095c4333@group-D0CE4B09A9D9: start as a follower, conf=-1: [a20eaa42-9a2c-4211-905d-cb53095c4333:192.168.151.69:36330], old=null
2019-10-04 18:30:54,058 [pool-403-thread-1] INFO  impl.RaftServerImpl (RaftServerImpl.java:setRole(170)) - a20eaa42-9a2c-4211-905d-cb53095c4333@group-D0CE4B09A9D9: changes role from      null to FOLLOWER at term 0 for startAsFollower
2019-10-04 18:30:54,058 [pool-403-thread-1] INFO  impl.RoleInfo (RoleInfo.java:updateAndGet(143)) - a20eaa42-9a2c-4211-905d-cb53095c4333: start FollowerState
2019-10-04 18:30:54,059 [pool-403-thread-1] INFO  util.JmxRegister (JmxRegister.java:tryRegister(44)) - Successfully registered JMX Bean with object name Ratis:service=RaftServer,group=group-D0CE4B09A9D9,id=a20eaa42-9a2c-4211-905d-cb53095c4333
2019-10-04 18:30:54,062 [RatisPipelineUtilsThread] INFO  pipeline.PipelineStateManager (PipelineStateManager.java:addPipeline(56)) - Created pipeline Pipeline[ Id: 156336cd-f6b4-4c81-bea2-d0ce4b09a9d9, Nodes: a20eaa42-9a2c-4211-905d-cb53095c4333{ip: 192.168.151.69, host: pr-hdds-2251-hdm2b-3409562618, networkLocation: /default-rack, certSerialId: null}, Type:RATIS, Factor:ONE, State:OPEN]
2019-10-04 18:30:54,078 [grpc-default-executor-5] INFO  impl.RaftServerProxy (RaftServerProxy.java:addNew(89)) - 7d73eae5-24f4-42cb-b7bb-a3533158692a: addNew group-8B01D83A85E7:[7d73eae5-24f4-42cb-b7bb-a3533158692a:192.168.151.69:34472, a20eaa42-9a2c-4211-905d-cb53095c4333:192.168.151.69:36330, b3bdad10-6611-41cd-b376-42dbd00800b9:192.168.151.69:45520] returns group-8B01D83A85E7:java.util.concurrent.CompletableFuture@88f4a81[Not completed]
2019-10-04 18:30:54,078 [grpc-default-executor-6] INFO  impl.RaftServerProxy (RaftServerProxy.java:addNew(89)) - b3bdad10-6611-41cd-b376-42dbd00800b9: addNew group-8B01D83A85E7:[7d73eae5-24f4-42cb-b7bb-a3533158692a:192.168.151.69:34472, a20eaa42-9a2c-4211-905d-cb53095c4333:192.168.151.69:36330, b3bdad10-6611-41cd-b376-42dbd00800b9:192.168.151.69:45520] returns group-8B01D83A85E7:java.util.concurrent.CompletableFuture@54acf65f[Not completed]
2019-10-04 18:30:54,078 [grpc-default-executor-2] INFO  impl.RaftServerProxy (RaftServerProxy.java:addNew(89)) - a20eaa42-9a2c-4211-905d-cb53095c4333: addNew group-8B01D83A85E7:[7d73eae5-24f4-42cb-b7bb-a3533158692a:192.168.151.69:34472, a20eaa42-9a2c-4211-905d-cb53095c4333:192.168.151.69:36330, b3bdad10-6611-41cd-b376-42dbd00800b9:192.168.151.69:45520] returns group-8B01D83A85E7:java.util.concurrent.CompletableFuture@1347cd62[Not completed]
2019-10-04 18:30:54,079 [pool-393-thread-1] INFO  impl.RaftServerImpl (RaftServerImpl.java:<init>(95)) - 7d73eae5-24f4-42cb-b7bb-a3533158692a: new RaftServerImpl for group-8B01D83A85E7:[7d73eae5-24f4-42cb-b7bb-a3533158692a:192.168.151.69:34472, a20eaa42-9a2c-4211-905d-cb53095c4333:192.168.151.69:36330, b3bdad10-6611-41cd-b376-42dbd00800b9:192.168.151.69:45520] with ContainerStateMachine:uninitialized
2019-10-04 18:30:54,079 [pool-393-thread-1] INFO  server.RaftServerConfigKeys (ConfUtils.java:logGet(43)) - raft.server.rpc.timeout.min = 5s (custom)
2019-10-04 18:30:54,079 [pool-393-thread-1] INFO  server.RaftServerConfigKeys (ConfUtils.java:logGet(43)) - raft.server.rpc.timeout.max = 5200ms (custom)
2019-10-04 18:30:54,079 [pool-393-thread-1] INFO  server.RaftServerConfigKeys (ConfUtils.java:logGet(43)) - raft.server.rpcslowness.timeout = 120s (custom)
2019-10-04 18:30:54,079 [pool-403-thread-1] INFO  impl.RaftServerImpl (RaftServerImpl.java:<init>(95)) - a20eaa42-9a2c-4211-905d-cb53095c4333: new RaftServerImpl for group-8B01D83A85E7:[7d73eae5-24f4-42cb-b7bb-a3533158692a:192.168.151.69:34472, a20eaa42-9a2c-4211-905d-cb53095c4333:192.168.151.69:36330, b3bdad10-6611-41cd-b376-42dbd00800b9:192.168.151.69:45520] with ContainerStateMachine:uninitialized
2019-10-04 18:30:54,079 [pool-393-thread-1] INFO  server.RaftServerConfigKeys (ConfUtils.java:logGet(43)) - raft.server.sleep.deviation.threshold = 300 (default)
2019-10-04 18:30:54,080 [pool-403-thread-1] INFO  server.RaftServerConfigKeys (ConfUtils.java:logGet(43)) - raft.server.rpc.timeout.min = 5s (custom)
2019-10-04 18:30:54,080 [pool-393-thread-1] INFO  server.RaftServerConfigKeys (ConfUtils.java:logGet(43)) - raft.server.log.appender.install.snapshot.enabled = false (custom)
2019-10-04 18:30:54,080 [pool-403-thread-1] INFO  server.RaftServerConfigKeys (ConfUtils.java:logGet(43)) - raft.server.rpc.timeout.max = 5200ms (custom)
2019-10-04 18:30:54,080 [pool-393-thread-1] INFO  impl.RaftServerImpl (ServerState.java:<init>(103)) - 7d73eae5-24f4-42cb-b7bb-a3533158692a@group-8B01D83A85E7: ConfigurationManager, init=-1: [7d73eae5-24f4-42cb-b7bb-a3533158692a:192.168.151.69:34472, a20eaa42-9a2c-4211-905d-cb53095c4333:192.168.151.69:36330, b3bdad10-6611-41cd-b376-42dbd00800b9:192.168.151.69:45520], old=null, confs=<EMPTY_MAP>
2019-10-04 18:30:54,080 [pool-383-thread-1] INFO  impl.RaftServerImpl (RaftServerImpl.java:<init>(95)) - b3bdad10-6611-41cd-b376-42dbd00800b9: new RaftServerImpl for group-8B01D83A85E7:[7d73eae5-24f4-42cb-b7bb-a3533158692a:192.168.151.69:34472, a20eaa42-9a2c-4211-905d-cb53095c4333:192.168.151.69:36330, b3bdad10-6611-41cd-b376-42dbd00800b9:192.168.151.69:45520] with ContainerStateMachine:uninitialized
2019-10-04 18:30:54,080 [pool-403-thread-1] INFO  server.RaftServerConfigKeys (ConfUtils.java:logGet(43)) - raft.server.rpcslowness.timeout = 120s (custom)
2019-10-04 18:30:54,080 [pool-383-thread-1] INFO  server.RaftServerConfigKeys (ConfUtils.java:logGet(43)) - raft.server.rpc.timeout.min = 5s (custom)
2019-10-04 18:30:54,080 [pool-393-thread-1] INFO  server.RaftServerConfigKeys (ConfUtils.java:logGet(43)) - raft.server.storage.dir = [/workdir/hadoop-ozone/integration-test/target/test-dir/MiniOzoneClusterImpl-40aa0599-d041-4cda-960e-73fe4e35f879/datanode-1/data/ratis] (custom)
2019-10-04 18:30:54,080 [pool-383-thread-1] INFO  server.RaftServerConfigKeys (ConfUtils.java:logGet(43)) - raft.server.rpc.timeout.max = 5200ms (custom)
2019-10-04 18:30:54,080 [pool-383-thread-1] INFO  server.RaftServerConfigKeys (ConfUtils.java:logGet(43)) - raft.server.rpcslowness.timeout = 120s (custom)
2019-10-04 18:30:54,080 [pool-403-thread-1] INFO  server.RaftServerConfigKeys (ConfUtils.java:logGet(43)) - raft.server.sleep.deviation.threshold = 300 (default)
2019-10-04 18:30:54,080 [pool-383-thread-1] INFO  server.RaftServerConfigKeys (ConfUtils.java:logGet(43)) - raft.server.sleep.deviation.threshold = 300 (default)
2019-10-04 18:30:54,080 [pool-393-thread-1] INFO  server.RaftServerConfigKeys (ConfUtils.java:logGet(43)) - raft.server.log.corruption.policy = EXCEPTION (default)
2019-10-04 18:30:54,081 [pool-383-thread-1] INFO  server.RaftServerConfigKeys (ConfUtils.java:logGet(43)) - raft.server.log.appender.install.snapshot.enabled = false (custom)
2019-10-04 18:30:54,081 [pool-403-thread-1] INFO  server.RaftServerConfigKeys (ConfUtils.java:logGet(43)) - raft.server.log.appender.install.snapshot.enabled = false (custom)
2019-10-04 18:30:54,081 [pool-383-thread-1] INFO  impl.RaftServerImpl (ServerState.java:<init>(103)) - b3bdad10-6611-41cd-b376-42dbd00800b9@group-8B01D83A85E7: ConfigurationManager, init=-1: [7d73eae5-24f4-42cb-b7bb-a3533158692a:192.168.151.69:34472, a20eaa42-9a2c-4211-905d-cb53095c4333:192.168.151.69:36330, b3bdad10-6611-41cd-b376-42dbd00800b9:192.168.151.69:45520], old=null, confs=<EMPTY_MAP>
2019-10-04 18:30:54,081 [pool-393-thread-1] INFO  storage.RaftStorageDirectory (RaftStorageDirectory.java:analyzeStorage(246)) - The storage directory /workdir/hadoop-ozone/integration-test/target/test-dir/MiniOzoneClusterImpl-40aa0599-d041-4cda-960e-73fe4e35f879/datanode-1/data/ratis/aa7f9212-0172-432c-865f-8b01d83a85e7 does not exist. Creating ...
2019-10-04 18:30:54,081 [pool-383-thread-1] INFO  server.RaftServerConfigKeys (ConfUtils.java:logGet(43)) - raft.server.storage.dir = [/workdir/hadoop-ozone/integration-test/target/test-dir/MiniOzoneClusterImpl-40aa0599-d041-4cda-960e-73fe4e35f879/datanode-0/data/ratis] (custom)
2019-10-04 18:30:54,081 [pool-403-thread-1] INFO  impl.RaftServerImpl (ServerState.java:<init>(103)) - a20eaa42-9a2c-4211-905d-cb53095c4333@group-8B01D83A85E7: ConfigurationManager, init=-1: [7d73eae5-24f4-42cb-b7bb-a3533158692a:192.168.151.69:34472, a20eaa42-9a2c-4211-905d-cb53095c4333:192.168.151.69:36330, b3bdad10-6611-41cd-b376-42dbd00800b9:192.168.151.69:45520], old=null, confs=<EMPTY_MAP>
2019-10-04 18:30:54,081 [pool-403-thread-1] INFO  server.RaftServerConfigKeys (ConfUtils.java:logGet(43)) - raft.server.storage.dir = [/workdir/hadoop-ozone/integration-test/target/test-dir/MiniOzoneClusterImpl-40aa0599-d041-4cda-960e-73fe4e35f879/datanode-2/data/ratis] (custom)
2019-10-04 18:30:54,081 [pool-383-thread-1] INFO  server.RaftServerConfigKeys (ConfUtils.java:logGet(43)) - raft.server.log.corruption.policy = EXCEPTION (default)
2019-10-04 18:30:54,081 [pool-403-thread-1] INFO  server.RaftServerConfigKeys (ConfUtils.java:logGet(43)) - raft.server.log.corruption.policy = EXCEPTION (default)
2019-10-04 18:30:54,082 [pool-383-thread-1] INFO  storage.RaftStorageDirectory (RaftStorageDirectory.java:analyzeStorage(246)) - The storage directory /workdir/hadoop-ozone/integration-test/target/test-dir/MiniOzoneClusterImpl-40aa0599-d041-4cda-960e-73fe4e35f879/datanode-0/data/ratis/aa7f9212-0172-432c-865f-8b01d83a85e7 does not exist. Creating ...
2019-10-04 18:30:54,082 [pool-403-thread-1] INFO  storage.RaftStorageDirectory (RaftStorageDirectory.java:analyzeStorage(246)) - The storage directory /workdir/hadoop-ozone/integration-test/target/test-dir/MiniOzoneClusterImpl-40aa0599-d041-4cda-960e-73fe4e35f879/datanode-2/data/ratis/aa7f9212-0172-432c-865f-8b01d83a85e7 does not exist. Creating ...
2019-10-04 18:30:54,094 [pool-383-thread-1] INFO  storage.RaftStorageDirectory (RaftStorageDirectory.java:tryLock(328)) - Lock on /workdir/hadoop-ozone/integration-test/target/test-dir/MiniOzoneClusterImpl-40aa0599-d041-4cda-960e-73fe4e35f879/datanode-0/data/ratis/aa7f9212-0172-432c-865f-8b01d83a85e7/in_use.lock acquired by nodename 22675@pr-hdds-2251-hdm2b-3409562618
2019-10-04 18:30:54,094 [pool-403-thread-1] INFO  storage.RaftStorageDirectory (RaftStorageDirectory.java:tryLock(328)) - Lock on /workdir/hadoop-ozone/integration-test/target/test-dir/MiniOzoneClusterImpl-40aa0599-d041-4cda-960e-73fe4e35f879/datanode-2/data/ratis/aa7f9212-0172-432c-865f-8b01d83a85e7/in_use.lock acquired by nodename 22675@pr-hdds-2251-hdm2b-3409562618
2019-10-04 18:30:54,095 [IPC Server handler 1 on 35021] INFO  net.NetworkTopology (NetworkTopologyImpl.java:add(111)) - Added a new node: /default-rack/4a70b110-ff43-4cac-b5ee-6528b3788ac4
2019-10-04 18:30:54,094 [pool-393-thread-1] INFO  storage.RaftStorageDirectory (RaftStorageDirectory.java:tryLock(328)) - Lock on /workdir/hadoop-ozone/integration-test/target/test-dir/MiniOzoneClusterImpl-40aa0599-d041-4cda-960e-73fe4e35f879/datanode-1/data/ratis/aa7f9212-0172-432c-865f-8b01d83a85e7/in_use.lock acquired by nodename 22675@pr-hdds-2251-hdm2b-3409562618
2019-10-04 18:30:54,095 [IPC Server handler 1 on 35021] INFO  node.SCMNodeManager (SCMNodeManager.java:register(268)) - Registered Data node : 4a70b110-ff43-4cac-b5ee-6528b3788ac4{ip: 192.168.151.69, host: pr-hdds-2251-hdm2b-3409562618, networkLocation: /default-rack, certSerialId: null}
2019-10-04 18:30:54,108 [pool-393-thread-1] INFO  storage.RaftStorage (RaftStorage.java:format(84)) - Storage directory /workdir/hadoop-ozone/integration-test/target/test-dir/MiniOzoneClusterImpl-40aa0599-d041-4cda-960e-73fe4e35f879/datanode-1/data/ratis/aa7f9212-0172-432c-865f-8b01d83a85e7 has been successfully formatted.
2019-10-04 18:30:54,108 [pool-403-thread-1] INFO  storage.RaftStorage (RaftStorage.java:format(84)) - Storage directory /workdir/hadoop-ozone/integration-test/target/test-dir/MiniOzoneClusterImpl-40aa0599-d041-4cda-960e-73fe4e35f879/datanode-2/data/ratis/aa7f9212-0172-432c-865f-8b01d83a85e7 has been successfully formatted.
2019-10-04 18:30:54,108 [pool-383-thread-1] INFO  storage.RaftStorage (RaftStorage.java:format(84)) - Storage directory /workdir/hadoop-ozone/integration-test/target/test-dir/MiniOzoneClusterImpl-40aa0599-d041-4cda-960e-73fe4e35f879/datanode-0/data/ratis/aa7f9212-0172-432c-865f-8b01d83a85e7 has been successfully formatted.
2019-10-04 18:30:54,108 [pool-393-thread-1] INFO  ratis.ContainerStateMachine (ContainerStateMachine.java:loadSnapshot(230)) - group-8B01D83A85E7: The snapshot info is null. Setting the last applied indexto:(t:0, i:~)
2019-10-04 18:30:54,108 [pool-383-thread-1] INFO  ratis.ContainerStateMachine (ContainerStateMachine.java:loadSnapshot(230)) - group-8B01D83A85E7: The snapshot info is null. Setting the last applied indexto:(t:0, i:~)
2019-10-04 18:30:54,108 [pool-403-thread-1] INFO  ratis.ContainerStateMachine (ContainerStateMachine.java:loadSnapshot(230)) - group-8B01D83A85E7: The snapshot info is null. Setting the last applied indexto:(t:0, i:~)
2019-10-04 18:30:54,108 [pool-383-thread-1] INFO  server.RaftServerConfigKeys (ConfUtils.java:logGet(43)) - raft.server.notification.no-leader.timeout = 120s (custom)
2019-10-04 18:30:54,108 [pool-393-thread-1] INFO  server.RaftServerConfigKeys (ConfUtils.java:logGet(43)) - raft.server.notification.no-leader.timeout = 120s (custom)
2019-10-04 18:30:54,109 [pool-383-thread-1] INFO  server.RaftServerConfigKeys (ConfUtils.java:logGet(43)) - raft.server.log.use.memory = false (default)
2019-10-04 18:30:54,108 [pool-403-thread-1] INFO  server.RaftServerConfigKeys (ConfUtils.java:logGet(43)) - raft.server.notification.no-leader.timeout = 120s (custom)
2019-10-04 18:30:54,109 [pool-383-thread-1] INFO  server.RaftServerConfigKeys (ConfUtils.java:logGet(43)) - raft.server.log.purge.gap = 1000000 (custom)
2019-10-04 18:30:54,109 [pool-393-thread-1] INFO  server.RaftServerConfigKeys (ConfUtils.java:logGet(43)) - raft.server.log.use.memory = false (default)
2019-10-04 18:30:54,109 [pool-383-thread-1] INFO  server.RaftServerConfigKeys (ConfUtils.java:logGet(43)) - raft.server.log.appender.buffer.byte-limit = 33554432 (custom)
2019-10-04 18:30:54,109 [pool-403-thread-1] INFO  server.RaftServerConfigKeys (ConfUtils.java:logGet(43)) - raft.server.log.use.memory = false (default)
2019-10-04 18:30:54,109 [pool-383-thread-1] INFO  server.RaftServerConfigKeys (ConfUtils.java:logGet(43)) - raft.server.log.segment.size.max = 1048576 (custom)
2019-10-04 18:30:54,109 [pool-393-thread-1] INFO  server.RaftServerConfigKeys (ConfUtils.java:logGet(43)) - raft.server.log.purge.gap = 1000000 (custom)
2019-10-04 18:30:54,109 [pool-383-thread-1] INFO  server.RaftServerConfigKeys (ConfUtils.java:logGet(43)) - raft.server.log.segment.cache.num.max = 2 (custom)
2019-10-04 18:30:54,109 [pool-403-thread-1] INFO  server.RaftServerConfigKeys (ConfUtils.java:logGet(43)) - raft.server.log.purge.gap = 1000000 (custom)
2019-10-04 18:30:54,109 [pool-383-thread-1] INFO  segmented.SegmentedRaftLogWorker (SegmentedRaftLogWorker.java:<init>(173)) - new b3bdad10-6611-41cd-b376-42dbd00800b9@group-8B01D83A85E7-SegmentedRaftLogWorker for RaftStorage:Storage Directory /workdir/hadoop-ozone/integration-test/target/test-dir/MiniOzoneClusterImpl-40aa0599-d041-4cda-960e-73fe4e35f879/datanode-0/data/ratis/aa7f9212-0172-432c-865f-8b01d83a85e7
2019-10-04 18:30:54,109 [pool-393-thread-1] INFO  server.RaftServerConfigKeys (ConfUtils.java:logGet(43)) - raft.server.log.appender.buffer.byte-limit = 33554432 (custom)
2019-10-04 18:30:54,110 [pool-383-thread-1] INFO  server.RaftServerConfigKeys (ConfUtils.java:logGet(43)) - raft.server.log.queue.byte-limit = 2147483647 (custom)
2019-10-04 18:30:54,110 [pool-403-thread-1] INFO  server.RaftServerConfigKeys (ConfUtils.java:logGet(43)) - raft.server.log.appender.buffer.byte-limit = 33554432 (custom)
2019-10-04 18:30:54,110 [pool-383-thread-1] INFO  server.RaftServerConfigKeys (ConfUtils.java:logGet(43)) - raft.server.log.queue.element-limit = 1024 (custom)
2019-10-04 18:30:54,110 [pool-393-thread-1] INFO  server.RaftServerConfigKeys (ConfUtils.java:logGet(43)) - raft.server.log.segment.size.max = 1048576 (custom)
2019-10-04 18:30:54,110 [pool-383-thread-1] INFO  server.RaftServerConfigKeys (ConfUtils.java:logGet(43)) - raft.server.log.segment.size.max = 1048576 (custom)
2019-10-04 18:30:54,110 [pool-383-thread-1] INFO  server.RaftServerConfigKeys (ConfUtils.java:logGet(43)) - raft.server.log.preallocated.size = 16384 (custom)
2019-10-04 18:30:54,110 [pool-403-thread-1] INFO  server.RaftServerConfigKeys (ConfUtils.java:logGet(43)) - raft.server.log.segment.size.max = 1048576 (custom)
2019-10-04 18:30:54,110 [pool-383-thread-1] INFO  server.RaftServerConfigKeys (ConfUtils.java:logGet(43)) - raft.server.log.write.buffer.size = 33554432 (custom)
2019-10-04 18:30:54,110 [pool-383-thread-1] INFO  server.RaftServerConfigKeys (ConfUtils.java:logGet(43)) - raft.server.log.force.sync.num = 128 (default)
2019-10-04 18:30:54,110 [pool-393-thread-1] INFO  server.RaftServerConfigKeys (ConfUtils.java:logGet(43)) - raft.server.log.segment.cache.num.max = 2 (custom)
2019-10-04 18:30:54,111 [pool-383-thread-1] INFO  server.RaftServerConfigKeys (ConfUtils.java:logGet(43)) - raft.server.log.statemachine.data.sync = true (default)
2019-10-04 18:30:54,110 [pool-403-thread-1] INFO  server.RaftServerConfigKeys (ConfUtils.java:logGet(43)) - raft.server.log.segment.cache.num.max = 2 (custom)
2019-10-04 18:30:54,111 [pool-383-thread-1] INFO  server.RaftServerConfigKeys (ConfUtils.java:logGet(43)) - raft.server.log.statemachine.data.sync.timeout = 10s (default)
2019-10-04 18:30:54,111 [pool-383-thread-1] INFO  server.RaftServerConfigKeys (ConfUtils.java:logGet(43)) - raft.server.log.statemachine.data.sync.timeout.retry = -1 (default)
2019-10-04 18:30:54,111 [pool-393-thread-1] INFO  segmented.SegmentedRaftLogWorker (SegmentedRaftLogWorker.java:<init>(173)) - new 7d73eae5-24f4-42cb-b7bb-a3533158692a@group-8B01D83A85E7-SegmentedRaftLogWorker for RaftStorage:Storage Directory /workdir/hadoop-ozone/integration-test/target/test-dir/MiniOzoneClusterImpl-40aa0599-d041-4cda-960e-73fe4e35f879/datanode-1/data/ratis/aa7f9212-0172-432c-865f-8b01d83a85e7
2019-10-04 18:30:54,111 [pool-383-thread-1] INFO  server.RaftServerConfigKeys (ConfUtils.java:logGet(43)) - raft.server.log.statemachine.data.caching.enabled = true (custom)
2019-10-04 18:30:54,111 [pool-403-thread-1] INFO  segmented.SegmentedRaftLogWorker (SegmentedRaftLogWorker.java:<init>(173)) - new a20eaa42-9a2c-4211-905d-cb53095c4333@group-8B01D83A85E7-SegmentedRaftLogWorker for RaftStorage:Storage Directory /workdir/hadoop-ozone/integration-test/target/test-dir/MiniOzoneClusterImpl-40aa0599-d041-4cda-960e-73fe4e35f879/datanode-2/data/ratis/aa7f9212-0172-432c-865f-8b01d83a85e7
2019-10-04 18:30:54,111 [pool-393-thread-1] INFO  server.RaftServerConfigKeys (ConfUtils.java:logGet(43)) - raft.server.log.queue.byte-limit = 2147483647 (custom)
2019-10-04 18:30:54,111 [pool-383-thread-1] INFO  segmented.SegmentedRaftLogWorker (SegmentedRaftLogWorker.java:lambda$new$0(128)) - b3bdad10-6611-41cd-b376-42dbd00800b9@group-8B01D83A85E7-SegmentedRaftLogWorker: flushIndex: setUnconditionally 0 -> -1
2019-10-04 18:30:54,111 [pool-403-thread-1] INFO  server.RaftServerConfigKeys (ConfUtils.java:logGet(43)) - raft.server.log.queue.byte-limit = 2147483647 (custom)
2019-10-04 18:30:54,112 [pool-393-thread-1] INFO  server.RaftServerConfigKeys (ConfUtils.java:logGet(43)) - raft.server.log.queue.element-limit = 1024 (custom)
2019-10-04 18:30:54,112 [pool-403-thread-1] INFO  server.RaftServerConfigKeys (ConfUtils.java:logGet(43)) - raft.server.log.queue.element-limit = 1024 (custom)
2019-10-04 18:30:54,112 [pool-383-thread-1] INFO  server.RaftServerConfigKeys (ConfUtils.java:logGet(43)) - raft.server.snapshot.auto.trigger.enabled = true (custom)
2019-10-04 18:30:54,112 [pool-403-thread-1] INFO  server.RaftServerConfigKeys (ConfUtils.java:logGet(43)) - raft.server.log.segment.size.max = 1048576 (custom)
2019-10-04 18:30:54,112 [pool-393-thread-1] INFO  server.RaftServerConfigKeys (ConfUtils.java:logGet(43)) - raft.server.log.segment.size.max = 1048576 (custom)
2019-10-04 18:30:54,112 [pool-403-thread-1] INFO  server.RaftServerConfigKeys (ConfUtils.java:logGet(43)) - raft.server.log.preallocated.size = 16384 (custom)
2019-10-04 18:30:54,112 [pool-383-thread-1] INFO  server.RaftServerConfigKeys (ConfUtils.java:logGet(43)) - raft.server.snapshot.auto.trigger.threshold = 10000 (custom)
2019-10-04 18:30:54,112 [pool-403-thread-1] INFO  server.RaftServerConfigKeys (ConfUtils.java:logGet(43)) - raft.server.log.write.buffer.size = 33554432 (custom)
2019-10-04 18:30:54,112 [pool-393-thread-1] INFO  server.RaftServerConfigKeys (ConfUtils.java:logGet(43)) - raft.server.log.preallocated.size = 16384 (custom)
2019-10-04 18:30:54,113 [pool-403-thread-1] INFO  server.RaftServerConfigKeys (ConfUtils.java:logGet(43)) - raft.server.log.force.sync.num = 128 (default)
2019-10-04 18:30:54,112 [pool-383-thread-1] INFO  server.RaftServerConfigKeys (ConfUtils.java:logGet(43)) - raft.server.snapshot.retention.file.num = 5 (custom)
2019-10-04 18:30:54,113 [pool-403-thread-1] INFO  server.RaftServerConfigKeys (ConfUtils.java:logGet(43)) - raft.server.log.statemachine.data.sync = true (default)
2019-10-04 18:30:54,113 [pool-393-thread-1] INFO  server.RaftServerConfigKeys (ConfUtils.java:logGet(43)) - raft.server.log.write.buffer.size = 33554432 (custom)
2019-10-04 18:30:54,113 [pool-403-thread-1] INFO  server.RaftServerConfigKeys (ConfUtils.java:logGet(43)) - raft.server.log.statemachine.data.sync.timeout = 10s (default)
2019-10-04 18:30:54,113 [pool-383-thread-1] INFO  server.RaftServerConfigKeys (ConfUtils.java:logGet(43)) - raft.server.retrycache.expirytime = 600000ms (custom)
2019-10-04 18:30:54,113 [pool-403-thread-1] INFO  server.RaftServerConfigKeys (ConfUtils.java:logGet(43)) - raft.server.log.statemachine.data.sync.timeout.retry = -1 (default)
2019-10-04 18:30:54,113 [pool-393-thread-1] INFO  server.RaftServerConfigKeys (ConfUtils.java:logGet(43)) - raft.server.log.force.sync.num = 128 (default)
2019-10-04 18:30:54,113 [pool-403-thread-1] INFO  server.RaftServerConfigKeys (ConfUtils.java:logGet(43)) - raft.server.log.statemachine.data.caching.enabled = true (custom)
2019-10-04 18:30:54,113 [pool-393-thread-1] INFO  server.RaftServerConfigKeys (ConfUtils.java:logGet(43)) - raft.server.log.statemachine.data.sync = true (default)
2019-10-04 18:30:54,114 [pool-403-thread-1] INFO  segmented.SegmentedRaftLogWorker (SegmentedRaftLogWorker.java:lambda$new$0(128)) - a20eaa42-9a2c-4211-905d-cb53095c4333@group-8B01D83A85E7-SegmentedRaftLogWorker: flushIndex: setUnconditionally 0 -> -1
2019-10-04 18:30:54,114 [pool-393-thread-1] INFO  server.RaftServerConfigKeys (ConfUtils.java:logGet(43)) - raft.server.log.statemachine.data.sync.timeout = 10s (default)
2019-10-04 18:30:54,114 [pool-403-thread-1] INFO  server.RaftServerConfigKeys (ConfUtils.java:logGet(43)) - raft.server.snapshot.auto.trigger.enabled = true (custom)
2019-10-04 18:30:54,114 [pool-393-thread-1] INFO  server.RaftServerConfigKeys (ConfUtils.java:logGet(43)) - raft.server.log.statemachine.data.sync.timeout.retry = -1 (default)
2019-10-04 18:30:54,114 [pool-403-thread-1] INFO  server.RaftServerConfigKeys (ConfUtils.java:logGet(43)) - raft.server.snapshot.auto.trigger.threshold = 10000 (custom)
2019-10-04 18:30:54,114 [pool-393-thread-1] INFO  server.RaftServerConfigKeys (ConfUtils.java:logGet(43)) - raft.server.log.statemachine.data.caching.enabled = true (custom)
2019-10-04 18:30:54,114 [pool-403-thread-1] INFO  server.RaftServerConfigKeys (ConfUtils.java:logGet(43)) - raft.server.snapshot.retention.file.num = 5 (custom)
2019-10-04 18:30:54,115 [pool-393-thread-1] INFO  segmented.SegmentedRaftLogWorker (SegmentedRaftLogWorker.java:lambda$new$0(128)) - 7d73eae5-24f4-42cb-b7bb-a3533158692a@group-8B01D83A85E7-SegmentedRaftLogWorker: flushIndex: setUnconditionally 0 -> -1
2019-10-04 18:30:54,115 [pool-403-thread-1] INFO  server.RaftServerConfigKeys (ConfUtils.java:logGet(43)) - raft.server.retrycache.expirytime = 600000ms (custom)
2019-10-04 18:30:54,115 [pool-383-thread-1] INFO  impl.RaftServerImpl (RaftServerImpl.java:start(181)) - b3bdad10-6611-41cd-b376-42dbd00800b9@group-8B01D83A85E7: start as a follower, conf=-1: [7d73eae5-24f4-42cb-b7bb-a3533158692a:192.168.151.69:34472, a20eaa42-9a2c-4211-905d-cb53095c4333:192.168.151.69:36330, b3bdad10-6611-41cd-b376-42dbd00800b9:192.168.151.69:45520], old=null
2019-10-04 18:30:54,115 [pool-393-thread-1] INFO  server.RaftServerConfigKeys (ConfUtils.java:logGet(43)) - raft.server.snapshot.auto.trigger.enabled = true (custom)
2019-10-04 18:30:54,115 [pool-383-thread-1] INFO  impl.RaftServerImpl (RaftServerImpl.java:setRole(170)) - b3bdad10-6611-41cd-b376-42dbd00800b9@group-8B01D83A85E7: changes role from      null to FOLLOWER at term 0 for startAsFollower
2019-10-04 18:30:54,115 [pool-393-thread-1] INFO  server.RaftServerConfigKeys (ConfUtils.java:logGet(43)) - raft.server.snapshot.auto.trigger.threshold = 10000 (custom)
2019-10-04 18:30:54,115 [pool-383-thread-1] INFO  impl.RoleInfo (RoleInfo.java:updateAndGet(143)) - b3bdad10-6611-41cd-b376-42dbd00800b9: start FollowerState
2019-10-04 18:30:54,115 [pool-393-thread-1] INFO  server.RaftServerConfigKeys (ConfUtils.java:logGet(43)) - raft.server.snapshot.retention.file.num = 5 (custom)
2019-10-04 18:30:54,115 [pool-393-thread-1] INFO  server.RaftServerConfigKeys (ConfUtils.java:logGet(43)) - raft.server.retrycache.expirytime = 600000ms (custom)
2019-10-04 18:30:54,115 [pool-383-thread-1] INFO  util.JmxRegister (JmxRegister.java:tryRegister(44)) - Successfully registered JMX Bean with object name Ratis:service=RaftServer,group=group-8B01D83A85E7,id=b3bdad10-6611-41cd-b376-42dbd00800b9
2019-10-04 18:30:54,117 [pool-403-thread-1] INFO  impl.RaftServerImpl (RaftServerImpl.java:start(181)) - a20eaa42-9a2c-4211-905d-cb53095c4333@group-8B01D83A85E7: start as a follower, conf=-1: [7d73eae5-24f4-42cb-b7bb-a3533158692a:192.168.151.69:34472, a20eaa42-9a2c-4211-905d-cb53095c4333:192.168.151.69:36330, b3bdad10-6611-41cd-b376-42dbd00800b9:192.168.151.69:45520], old=null
2019-10-04 18:30:54,117 [pool-403-thread-1] INFO  impl.RaftServerImpl (RaftServerImpl.java:setRole(170)) - a20eaa42-9a2c-4211-905d-cb53095c4333@group-8B01D83A85E7: changes role from      null to FOLLOWER at term 0 for startAsFollower
2019-10-04 18:30:54,117 [pool-403-thread-1] INFO  impl.RoleInfo (RoleInfo.java:updateAndGet(143)) - a20eaa42-9a2c-4211-905d-cb53095c4333: start FollowerState
2019-10-04 18:30:54,117 [pool-403-thread-1] INFO  util.JmxRegister (JmxRegister.java:tryRegister(44)) - Successfully registered JMX Bean with object name Ratis:service=RaftServer,group=group-8B01D83A85E7,id=a20eaa42-9a2c-4211-905d-cb53095c4333
2019-10-04 18:30:54,118 [pool-393-thread-1] INFO  impl.RaftServerImpl (RaftServerImpl.java:start(181)) - 7d73eae5-24f4-42cb-b7bb-a3533158692a@group-8B01D83A85E7: start as a follower, conf=-1: [7d73eae5-24f4-42cb-b7bb-a3533158692a:192.168.151.69:34472, a20eaa42-9a2c-4211-905d-cb53095c4333:192.168.151.69:36330, b3bdad10-6611-41cd-b376-42dbd00800b9:192.168.151.69:45520], old=null
2019-10-04 18:30:54,118 [pool-393-thread-1] INFO  impl.RaftServerImpl (RaftServerImpl.java:setRole(170)) - 7d73eae5-24f4-42cb-b7bb-a3533158692a@group-8B01D83A85E7: changes role from      null to FOLLOWER at term 0 for startAsFollower
2019-10-04 18:30:54,118 [pool-393-thread-1] INFO  impl.RoleInfo (RoleInfo.java:updateAndGet(143)) - 7d73eae5-24f4-42cb-b7bb-a3533158692a: start FollowerState
2019-10-04 18:30:54,118 [pool-393-thread-1] INFO  util.JmxRegister (JmxRegister.java:tryRegister(44)) - Successfully registered JMX Bean with object name Ratis:service=RaftServer,group=group-8B01D83A85E7,id=7d73eae5-24f4-42cb-b7bb-a3533158692a
2019-10-04 18:30:54,121 [RatisPipelineUtilsThread] INFO  pipeline.PipelineStateManager (PipelineStateManager.java:addPipeline(56)) - Created pipeline Pipeline[ Id: aa7f9212-0172-432c-865f-8b01d83a85e7, Nodes: a20eaa42-9a2c-4211-905d-cb53095c4333{ip: 192.168.151.69, host: pr-hdds-2251-hdm2b-3409562618, networkLocation: /default-rack, certSerialId: null}7d73eae5-24f4-42cb-b7bb-a3533158692a{ip: 192.168.151.69, host: pr-hdds-2251-hdm2b-3409562618, networkLocation: /default-rack, certSerialId: null}b3bdad10-6611-41cd-b376-42dbd00800b9{ip: 192.168.151.69, host: pr-hdds-2251-hdm2b-3409562618, networkLocation: /default-rack, certSerialId: null}, Type:RATIS, Factor:THREE, State:OPEN]
2019-10-04 18:30:54,185 [IPC Server handler 2 on 35021] INFO  net.NetworkTopology (NetworkTopologyImpl.java:add(111)) - Added a new node: /default-rack/35b35391-39fa-4c79-bcf1-9d6b364dbab2
2019-10-04 18:30:54,185 [IPC Server handler 2 on 35021] INFO  node.SCMNodeManager (SCMNodeManager.java:register(268)) - Registered Data node : 35b35391-39fa-4c79-bcf1-9d6b364dbab2{ip: 192.168.151.69, host: pr-hdds-2251-hdm2b-3409562618, networkLocation: /default-rack, certSerialId: null}
2019-10-04 18:30:54,193 [grpc-default-executor-2] INFO  impl.RaftServerProxy (RaftServerProxy.java:addNew(89)) - 35b35391-39fa-4c79-bcf1-9d6b364dbab2: addNew group-84048D1DB729:[35b35391-39fa-4c79-bcf1-9d6b364dbab2:192.168.151.69:38610] returns group-84048D1DB729:java.util.concurrent.CompletableFuture@29b28314[Not completed]
2019-10-04 18:30:54,196 [pool-423-thread-1] INFO  impl.RaftServerImpl (RaftServerImpl.java:<init>(95)) - 35b35391-39fa-4c79-bcf1-9d6b364dbab2: new RaftServerImpl for group-84048D1DB729:[35b35391-39fa-4c79-bcf1-9d6b364dbab2:192.168.151.69:38610] with ContainerStateMachine:uninitialized
2019-10-04 18:30:54,197 [pool-423-thread-1] INFO  server.RaftServerConfigKeys (ConfUtils.java:logGet(43)) - raft.server.rpc.timeout.min = 5s (custom)
2019-10-04 18:30:54,197 [pool-423-thread-1] INFO  server.RaftServerConfigKeys (ConfUtils.java:logGet(43)) - raft.server.rpc.timeout.max = 5200ms (custom)
2019-10-04 18:30:54,197 [pool-423-thread-1] INFO  server.RaftServerConfigKeys (ConfUtils.java:logGet(43)) - raft.server.rpcslowness.timeout = 120s (custom)
2019-10-04 18:30:54,197 [pool-423-thread-1] INFO  server.RaftServerConfigKeys (ConfUtils.java:logGet(43)) - raft.server.sleep.deviation.threshold = 300 (default)
2019-10-04 18:30:54,197 [pool-423-thread-1] INFO  server.RaftServerConfigKeys (ConfUtils.java:logGet(43)) - raft.server.log.appender.install.snapshot.enabled = false (custom)
2019-10-04 18:30:54,197 [pool-423-thread-1] INFO  impl.RaftServerImpl (ServerState.java:<init>(103)) - 35b35391-39fa-4c79-bcf1-9d6b364dbab2@group-84048D1DB729: ConfigurationManager, init=-1: [35b35391-39fa-4c79-bcf1-9d6b364dbab2:192.168.151.69:38610], old=null, confs=<EMPTY_MAP>
2019-10-04 18:30:54,198 [pool-423-thread-1] INFO  server.RaftServerConfigKeys (ConfUtils.java:logGet(43)) - raft.server.storage.dir = [/workdir/hadoop-ozone/integration-test/target/test-dir/MiniOzoneClusterImpl-40aa0599-d041-4cda-960e-73fe4e35f879/datanode-4/data/ratis] (custom)
2019-10-04 18:30:54,198 [pool-423-thread-1] INFO  server.RaftServerConfigKeys (ConfUtils.java:logGet(43)) - raft.server.log.corruption.policy = EXCEPTION (default)
2019-10-04 18:30:54,199 [pool-423-thread-1] INFO  storage.RaftStorageDirectory (RaftStorageDirectory.java:analyzeStorage(246)) - The storage directory /workdir/hadoop-ozone/integration-test/target/test-dir/MiniOzoneClusterImpl-40aa0599-d041-4cda-960e-73fe4e35f879/datanode-4/data/ratis/571d26a0-d3de-4e7f-8ce7-84048d1db729 does not exist. Creating ...
2019-10-04 18:30:54,237 [pool-423-thread-1] INFO  storage.RaftStorageDirectory (RaftStorageDirectory.java:tryLock(328)) - Lock on /workdir/hadoop-ozone/integration-test/target/test-dir/MiniOzoneClusterImpl-40aa0599-d041-4cda-960e-73fe4e35f879/datanode-4/data/ratis/571d26a0-d3de-4e7f-8ce7-84048d1db729/in_use.lock acquired by nodename 22675@pr-hdds-2251-hdm2b-3409562618
2019-10-04 18:30:54,250 [pool-423-thread-1] INFO  storage.RaftStorage (RaftStorage.java:format(84)) - Storage directory /workdir/hadoop-ozone/integration-test/target/test-dir/MiniOzoneClusterImpl-40aa0599-d041-4cda-960e-73fe4e35f879/datanode-4/data/ratis/571d26a0-d3de-4e7f-8ce7-84048d1db729 has been successfully formatted.
2019-10-04 18:30:54,250 [pool-423-thread-1] INFO  ratis.ContainerStateMachine (ContainerStateMachine.java:loadSnapshot(230)) - group-84048D1DB729: The snapshot info is null. Setting the last applied indexto:(t:0, i:~)
2019-10-04 18:30:54,251 [pool-423-thread-1] INFO  server.RaftServerConfigKeys (ConfUtils.java:logGet(43)) - raft.server.notification.no-leader.timeout = 120s (custom)
2019-10-04 18:30:54,251 [pool-423-thread-1] INFO  server.RaftServerConfigKeys (ConfUtils.java:logGet(43)) - raft.server.log.use.memory = false (default)
2019-10-04 18:30:54,251 [pool-423-thread-1] INFO  server.RaftServerConfigKeys (ConfUtils.java:logGet(43)) - raft.server.log.purge.gap = 1000000 (custom)
2019-10-04 18:30:54,251 [pool-423-thread-1] INFO  server.RaftServerConfigKeys (ConfUtils.java:logGet(43)) - raft.server.log.appender.buffer.byte-limit = 33554432 (custom)
2019-10-04 18:30:54,251 [pool-423-thread-1] INFO  server.RaftServerConfigKeys (ConfUtils.java:logGet(43)) - raft.server.log.segment.size.max = 1048576 (custom)
2019-10-04 18:30:54,253 [pool-423-thread-1] INFO  server.RaftServerConfigKeys (ConfUtils.java:logGet(43)) - raft.server.log.segment.cache.num.max = 2 (custom)
2019-10-04 18:30:54,253 [pool-423-thread-1] INFO  segmented.SegmentedRaftLogWorker (SegmentedRaftLogWorker.java:<init>(173)) - new 35b35391-39fa-4c79-bcf1-9d6b364dbab2@group-84048D1DB729-SegmentedRaftLogWorker for RaftStorage:Storage Directory /workdir/hadoop-ozone/integration-test/target/test-dir/MiniOzoneClusterImpl-40aa0599-d041-4cda-960e-73fe4e35f879/datanode-4/data/ratis/571d26a0-d3de-4e7f-8ce7-84048d1db729
2019-10-04 18:30:54,254 [pool-423-thread-1] INFO  server.RaftServerConfigKeys (ConfUtils.java:logGet(43)) - raft.server.log.queue.byte-limit = 2147483647 (custom)
2019-10-04 18:30:54,254 [pool-423-thread-1] INFO  server.RaftServerConfigKeys (ConfUtils.java:logGet(43)) - raft.server.log.queue.element-limit = 1024 (custom)
2019-10-04 18:30:54,254 [pool-423-thread-1] INFO  server.RaftServerConfigKeys (ConfUtils.java:logGet(43)) - raft.server.log.segment.size.max = 1048576 (custom)
2019-10-04 18:30:54,254 [pool-423-thread-1] INFO  server.RaftServerConfigKeys (ConfUtils.java:logGet(43)) - raft.server.log.preallocated.size = 16384 (custom)
2019-10-04 18:30:54,254 [pool-423-thread-1] INFO  server.RaftServerConfigKeys (ConfUtils.java:logGet(43)) - raft.server.log.write.buffer.size = 33554432 (custom)
2019-10-04 18:30:54,254 [pool-423-thread-1] INFO  server.RaftServerConfigKeys (ConfUtils.java:logGet(43)) - raft.server.log.force.sync.num = 128 (default)
2019-10-04 18:30:54,255 [pool-423-thread-1] INFO  server.RaftServerConfigKeys (ConfUtils.java:logGet(43)) - raft.server.log.statemachine.data.sync = true (default)
2019-10-04 18:30:54,255 [pool-423-thread-1] INFO  server.RaftServerConfigKeys (ConfUtils.java:logGet(43)) - raft.server.log.statemachine.data.sync.timeout = 10s (default)
2019-10-04 18:30:54,255 [pool-423-thread-1] INFO  server.RaftServerConfigKeys (ConfUtils.java:logGet(43)) - raft.server.log.statemachine.data.sync.timeout.retry = -1 (default)
2019-10-04 18:30:54,255 [pool-423-thread-1] INFO  server.RaftServerConfigKeys (ConfUtils.java:logGet(43)) - raft.server.log.statemachine.data.caching.enabled = true (custom)
2019-10-04 18:30:54,256 [pool-423-thread-1] INFO  segmented.SegmentedRaftLogWorker (SegmentedRaftLogWorker.java:lambda$new$0(128)) - 35b35391-39fa-4c79-bcf1-9d6b364dbab2@group-84048D1DB729-SegmentedRaftLogWorker: flushIndex: setUnconditionally 0 -> -1
2019-10-04 18:30:54,256 [pool-423-thread-1] INFO  server.RaftServerConfigKeys (ConfUtils.java:logGet(43)) - raft.server.snapshot.auto.trigger.enabled = true (custom)
2019-10-04 18:30:54,256 [pool-423-thread-1] INFO  server.RaftServerConfigKeys (ConfUtils.java:logGet(43)) - raft.server.snapshot.auto.trigger.threshold = 10000 (custom)
2019-10-04 18:30:54,256 [pool-423-thread-1] INFO  server.RaftServerConfigKeys (ConfUtils.java:logGet(43)) - raft.server.snapshot.retention.file.num = 5 (custom)
2019-10-04 18:30:54,257 [pool-423-thread-1] INFO  server.RaftServerConfigKeys (ConfUtils.java:logGet(43)) - raft.server.retrycache.expirytime = 600000ms (custom)
2019-10-04 18:30:54,258 [pool-423-thread-1] INFO  impl.RaftServerImpl (RaftServerImpl.java:start(181)) - 35b35391-39fa-4c79-bcf1-9d6b364dbab2@group-84048D1DB729: start as a follower, conf=-1: [35b35391-39fa-4c79-bcf1-9d6b364dbab2:192.168.151.69:38610], old=null
2019-10-04 18:30:54,259 [pool-423-thread-1] INFO  impl.RaftServerImpl (RaftServerImpl.java:setRole(170)) - 35b35391-39fa-4c79-bcf1-9d6b364dbab2@group-84048D1DB729: changes role from      null to FOLLOWER at term 0 for startAsFollower
2019-10-04 18:30:54,259 [pool-423-thread-1] INFO  impl.RoleInfo (RoleInfo.java:updateAndGet(143)) - 35b35391-39fa-4c79-bcf1-9d6b364dbab2: start FollowerState
2019-10-04 18:30:54,259 [pool-423-thread-1] INFO  util.JmxRegister (JmxRegister.java:tryRegister(44)) - Successfully registered JMX Bean with object name Ratis:service=RaftServer,group=group-84048D1DB729,id=35b35391-39fa-4c79-bcf1-9d6b364dbab2
2019-10-04 18:30:54,263 [RatisPipelineUtilsThread] INFO  pipeline.PipelineStateManager (PipelineStateManager.java:addPipeline(56)) - Created pipeline Pipeline[ Id: 571d26a0-d3de-4e7f-8ce7-84048d1db729, Nodes: 35b35391-39fa-4c79-bcf1-9d6b364dbab2{ip: 192.168.151.69, host: pr-hdds-2251-hdm2b-3409562618, networkLocation: /default-rack, certSerialId: null}, Type:RATIS, Factor:ONE, State:OPEN]
2019-10-04 18:30:54,273 [grpc-default-executor-2] INFO  impl.RaftServerProxy (RaftServerProxy.java:addNew(89)) - 4a70b110-ff43-4cac-b5ee-6528b3788ac4: addNew group-D782CA50E979:[4a70b110-ff43-4cac-b5ee-6528b3788ac4:192.168.151.69:34008] returns group-D782CA50E979:java.util.concurrent.CompletableFuture@b80a07e[Not completed]
2019-10-04 18:30:54,274 [pool-413-thread-1] INFO  impl.RaftServerImpl (RaftServerImpl.java:<init>(95)) - 4a70b110-ff43-4cac-b5ee-6528b3788ac4: new RaftServerImpl for group-D782CA50E979:[4a70b110-ff43-4cac-b5ee-6528b3788ac4:192.168.151.69:34008] with ContainerStateMachine:uninitialized
2019-10-04 18:30:54,274 [IPC Server handler 3 on 35021] INFO  net.NetworkTopology (NetworkTopologyImpl.java:add(111)) - Added a new node: /default-rack/611cf94c-ba39-49f0-800f-d07f18194ef7
2019-10-04 18:30:54,275 [pool-413-thread-1] INFO  server.RaftServerConfigKeys (ConfUtils.java:logGet(43)) - raft.server.rpc.timeout.min = 5s (custom)
2019-10-04 18:30:54,275 [IPC Server handler 3 on 35021] INFO  node.SCMNodeManager (SCMNodeManager.java:register(268)) - Registered Data node : 611cf94c-ba39-49f0-800f-d07f18194ef7{ip: 192.168.151.69, host: pr-hdds-2251-hdm2b-3409562618, networkLocation: /default-rack, certSerialId: null}
2019-10-04 18:30:54,275 [pool-413-thread-1] INFO  server.RaftServerConfigKeys (ConfUtils.java:logGet(43)) - raft.server.rpc.timeout.max = 5200ms (custom)
2019-10-04 18:30:54,275 [pool-413-thread-1] INFO  server.RaftServerConfigKeys (ConfUtils.java:logGet(43)) - raft.server.rpcslowness.timeout = 120s (custom)
2019-10-04 18:30:54,275 [pool-413-thread-1] INFO  server.RaftServerConfigKeys (ConfUtils.java:logGet(43)) - raft.server.sleep.deviation.threshold = 300 (default)
2019-10-04 18:30:54,276 [pool-413-thread-1] INFO  server.RaftServerConfigKeys (ConfUtils.java:logGet(43)) - raft.server.log.appender.install.snapshot.enabled = false (custom)
2019-10-04 18:30:54,276 [pool-413-thread-1] INFO  impl.RaftServerImpl (ServerState.java:<init>(103)) - 4a70b110-ff43-4cac-b5ee-6528b3788ac4@group-D782CA50E979: ConfigurationManager, init=-1: [4a70b110-ff43-4cac-b5ee-6528b3788ac4:192.168.151.69:34008], old=null, confs=<EMPTY_MAP>
2019-10-04 18:30:54,276 [pool-413-thread-1] INFO  server.RaftServerConfigKeys (ConfUtils.java:logGet(43)) - raft.server.storage.dir = [/workdir/hadoop-ozone/integration-test/target/test-dir/MiniOzoneClusterImpl-40aa0599-d041-4cda-960e-73fe4e35f879/datanode-3/data/ratis] (custom)
2019-10-04 18:30:54,276 [pool-413-thread-1] INFO  server.RaftServerConfigKeys (ConfUtils.java:logGet(43)) - raft.server.log.corruption.policy = EXCEPTION (default)
2019-10-04 18:30:54,276 [pool-413-thread-1] INFO  storage.RaftStorageDirectory (RaftStorageDirectory.java:analyzeStorage(246)) - The storage directory /workdir/hadoop-ozone/integration-test/target/test-dir/MiniOzoneClusterImpl-40aa0599-d041-4cda-960e-73fe4e35f879/datanode-3/data/ratis/3ea8d841-b0cc-4ecf-ab7c-d782ca50e979 does not exist. Creating ...
2019-10-04 18:30:54,290 [pool-413-thread-1] INFO  storage.RaftStorageDirectory (RaftStorageDirectory.java:tryLock(328)) - Lock on /workdir/hadoop-ozone/integration-test/target/test-dir/MiniOzoneClusterImpl-40aa0599-d041-4cda-960e-73fe4e35f879/datanode-3/data/ratis/3ea8d841-b0cc-4ecf-ab7c-d782ca50e979/in_use.lock acquired by nodename 22675@pr-hdds-2251-hdm2b-3409562618
2019-10-04 18:30:54,302 [pool-413-thread-1] INFO  storage.RaftStorage (RaftStorage.java:format(84)) - Storage directory /workdir/hadoop-ozone/integration-test/target/test-dir/MiniOzoneClusterImpl-40aa0599-d041-4cda-960e-73fe4e35f879/datanode-3/data/ratis/3ea8d841-b0cc-4ecf-ab7c-d782ca50e979 has been successfully formatted.
2019-10-04 18:30:54,302 [pool-413-thread-1] INFO  ratis.ContainerStateMachine (ContainerStateMachine.java:loadSnapshot(230)) - group-D782CA50E979: The snapshot info is null. Setting the last applied indexto:(t:0, i:~)
2019-10-04 18:30:54,302 [pool-413-thread-1] INFO  server.RaftServerConfigKeys (ConfUtils.java:logGet(43)) - raft.server.notification.no-leader.timeout = 120s (custom)
2019-10-04 18:30:54,302 [pool-413-thread-1] INFO  server.RaftServerConfigKeys (ConfUtils.java:logGet(43)) - raft.server.log.use.memory = false (default)
2019-10-04 18:30:54,302 [pool-413-thread-1] INFO  server.RaftServerConfigKeys (ConfUtils.java:logGet(43)) - raft.server.log.purge.gap = 1000000 (custom)
2019-10-04 18:30:54,303 [pool-413-thread-1] INFO  server.RaftServerConfigKeys (ConfUtils.java:logGet(43)) - raft.server.log.appender.buffer.byte-limit = 33554432 (custom)
2019-10-04 18:30:54,303 [pool-413-thread-1] INFO  server.RaftServerConfigKeys (ConfUtils.java:logGet(43)) - raft.server.log.segment.size.max = 1048576 (custom)
2019-10-04 18:30:54,304 [pool-413-thread-1] INFO  server.RaftServerConfigKeys (ConfUtils.java:logGet(43)) - raft.server.log.segment.cache.num.max = 2 (custom)
2019-10-04 18:30:54,304 [pool-413-thread-1] INFO  segmented.SegmentedRaftLogWorker (SegmentedRaftLogWorker.java:<init>(173)) - new 4a70b110-ff43-4cac-b5ee-6528b3788ac4@group-D782CA50E979-SegmentedRaftLogWorker for RaftStorage:Storage Directory /workdir/hadoop-ozone/integration-test/target/test-dir/MiniOzoneClusterImpl-40aa0599-d041-4cda-960e-73fe4e35f879/datanode-3/data/ratis/3ea8d841-b0cc-4ecf-ab7c-d782ca50e979
2019-10-04 18:30:54,305 [pool-413-thread-1] INFO  server.RaftServerConfigKeys (ConfUtils.java:logGet(43)) - raft.server.log.queue.byte-limit = 2147483647 (custom)
2019-10-04 18:30:54,305 [pool-413-thread-1] INFO  server.RaftServerConfigKeys (ConfUtils.java:logGet(43)) - raft.server.log.queue.element-limit = 1024 (custom)
2019-10-04 18:30:54,305 [pool-413-thread-1] INFO  server.RaftServerConfigKeys (ConfUtils.java:logGet(43)) - raft.server.log.segment.size.max = 1048576 (custom)
2019-10-04 18:30:54,305 [pool-413-thread-1] INFO  server.RaftServerConfigKeys (ConfUtils.java:logGet(43)) - raft.server.log.preallocated.size = 16384 (custom)
2019-10-04 18:30:54,305 [pool-413-thread-1] INFO  server.RaftServerConfigKeys (ConfUtils.java:logGet(43)) - raft.server.log.write.buffer.size = 33554432 (custom)
2019-10-04 18:30:54,305 [pool-413-thread-1] INFO  server.RaftServerConfigKeys (ConfUtils.java:logGet(43)) - raft.server.log.force.sync.num = 128 (default)
2019-10-04 18:30:54,305 [pool-413-thread-1] INFO  server.RaftServerConfigKeys (ConfUtils.java:logGet(43)) - raft.server.log.statemachine.data.sync = true (default)
2019-10-04 18:30:54,305 [pool-413-thread-1] INFO  server.RaftServerConfigKeys (ConfUtils.java:logGet(43)) - raft.server.log.statemachine.data.sync.timeout = 10s (default)
2019-10-04 18:30:54,306 [pool-413-thread-1] INFO  server.RaftServerConfigKeys (ConfUtils.java:logGet(43)) - raft.server.log.statemachine.data.sync.timeout.retry = -1 (default)
2019-10-04 18:30:54,306 [pool-413-thread-1] INFO  server.RaftServerConfigKeys (ConfUtils.java:logGet(43)) - raft.server.log.statemachine.data.caching.enabled = true (custom)
2019-10-04 18:30:54,306 [pool-413-thread-1] INFO  segmented.SegmentedRaftLogWorker (SegmentedRaftLogWorker.java:lambda$new$0(128)) - 4a70b110-ff43-4cac-b5ee-6528b3788ac4@group-D782CA50E979-SegmentedRaftLogWorker: flushIndex: setUnconditionally 0 -> -1
2019-10-04 18:30:54,307 [pool-413-thread-1] INFO  server.RaftServerConfigKeys (ConfUtils.java:logGet(43)) - raft.server.snapshot.auto.trigger.enabled = true (custom)
2019-10-04 18:30:54,307 [pool-413-thread-1] INFO  server.RaftServerConfigKeys (ConfUtils.java:logGet(43)) - raft.server.snapshot.auto.trigger.threshold = 10000 (custom)
2019-10-04 18:30:54,307 [pool-413-thread-1] INFO  server.RaftServerConfigKeys (ConfUtils.java:logGet(43)) - raft.server.snapshot.retention.file.num = 5 (custom)
2019-10-04 18:30:54,307 [pool-413-thread-1] INFO  server.RaftServerConfigKeys (ConfUtils.java:logGet(43)) - raft.server.retrycache.expirytime = 600000ms (custom)
2019-10-04 18:30:54,308 [pool-413-thread-1] INFO  impl.RaftServerImpl (RaftServerImpl.java:start(181)) - 4a70b110-ff43-4cac-b5ee-6528b3788ac4@group-D782CA50E979: start as a follower, conf=-1: [4a70b110-ff43-4cac-b5ee-6528b3788ac4:192.168.151.69:34008], old=null
2019-10-04 18:30:54,309 [pool-413-thread-1] INFO  impl.RaftServerImpl (RaftServerImpl.java:setRole(170)) - 4a70b110-ff43-4cac-b5ee-6528b3788ac4@group-D782CA50E979: changes role from      null to FOLLOWER at term 0 for startAsFollower
2019-10-04 18:30:54,309 [pool-413-thread-1] INFO  impl.RoleInfo (RoleInfo.java:updateAndGet(143)) - 4a70b110-ff43-4cac-b5ee-6528b3788ac4: start FollowerState
2019-10-04 18:30:54,309 [pool-413-thread-1] INFO  util.JmxRegister (JmxRegister.java:tryRegister(44)) - Successfully registered JMX Bean with object name Ratis:service=RaftServer,group=group-D782CA50E979,id=4a70b110-ff43-4cac-b5ee-6528b3788ac4
2019-10-04 18:30:54,313 [RatisPipelineUtilsThread] INFO  pipeline.PipelineStateManager (PipelineStateManager.java:addPipeline(56)) - Created pipeline Pipeline[ Id: 3ea8d841-b0cc-4ecf-ab7c-d782ca50e979, Nodes: 4a70b110-ff43-4cac-b5ee-6528b3788ac4{ip: 192.168.151.69, host: pr-hdds-2251-hdm2b-3409562618, networkLocation: /default-rack, certSerialId: null}, Type:RATIS, Factor:ONE, State:OPEN]
2019-10-04 18:30:54,322 [grpc-default-executor-2] INFO  impl.RaftServerProxy (RaftServerProxy.java:addNew(89)) - 611cf94c-ba39-49f0-800f-d07f18194ef7: addNew group-1E25D995761C:[611cf94c-ba39-49f0-800f-d07f18194ef7:192.168.151.69:37675] returns group-1E25D995761C:java.util.concurrent.CompletableFuture@47e99b44[Not completed]
2019-10-04 18:30:54,323 [pool-433-thread-1] INFO  impl.RaftServerImpl (RaftServerImpl.java:<init>(95)) - 611cf94c-ba39-49f0-800f-d07f18194ef7: new RaftServerImpl for group-1E25D995761C:[611cf94c-ba39-49f0-800f-d07f18194ef7:192.168.151.69:37675] with ContainerStateMachine:uninitialized
2019-10-04 18:30:54,323 [pool-433-thread-1] INFO  server.RaftServerConfigKeys (ConfUtils.java:logGet(43)) - raft.server.rpc.timeout.min = 5s (custom)
2019-10-04 18:30:54,323 [pool-433-thread-1] INFO  server.RaftServerConfigKeys (ConfUtils.java:logGet(43)) - raft.server.rpc.timeout.max = 5200ms (custom)
2019-10-04 18:30:54,323 [pool-433-thread-1] INFO  server.RaftServerConfigKeys (ConfUtils.java:logGet(43)) - raft.server.rpcslowness.timeout = 120s (custom)
2019-10-04 18:30:54,324 [pool-433-thread-1] INFO  server.RaftServerConfigKeys (ConfUtils.java:logGet(43)) - raft.server.sleep.deviation.threshold = 300 (default)
2019-10-04 18:30:54,324 [pool-433-thread-1] INFO  server.RaftServerConfigKeys (ConfUtils.java:logGet(43)) - raft.server.log.appender.install.snapshot.enabled = false (custom)
2019-10-04 18:30:54,324 [pool-433-thread-1] INFO  impl.RaftServerImpl (ServerState.java:<init>(103)) - 611cf94c-ba39-49f0-800f-d07f18194ef7@group-1E25D995761C: ConfigurationManager, init=-1: [611cf94c-ba39-49f0-800f-d07f18194ef7:192.168.151.69:37675], old=null, confs=<EMPTY_MAP>
2019-10-04 18:30:54,324 [pool-433-thread-1] INFO  server.RaftServerConfigKeys (ConfUtils.java:logGet(43)) - raft.server.storage.dir = [/workdir/hadoop-ozone/integration-test/target/test-dir/MiniOzoneClusterImpl-40aa0599-d041-4cda-960e-73fe4e35f879/datanode-5/data/ratis] (custom)
2019-10-04 18:30:54,324 [pool-433-thread-1] INFO  server.RaftServerConfigKeys (ConfUtils.java:logGet(43)) - raft.server.log.corruption.policy = EXCEPTION (default)
2019-10-04 18:30:54,324 [pool-433-thread-1] INFO  storage.RaftStorageDirectory (RaftStorageDirectory.java:analyzeStorage(246)) - The storage directory /workdir/hadoop-ozone/integration-test/target/test-dir/MiniOzoneClusterImpl-40aa0599-d041-4cda-960e-73fe4e35f879/datanode-5/data/ratis/6e3f8e23-8dd7-442e-b686-1e25d995761c does not exist. Creating ...
2019-10-04 18:30:54,337 [pool-433-thread-1] INFO  storage.RaftStorageDirectory (RaftStorageDirectory.java:tryLock(328)) - Lock on /workdir/hadoop-ozone/integration-test/target/test-dir/MiniOzoneClusterImpl-40aa0599-d041-4cda-960e-73fe4e35f879/datanode-5/data/ratis/6e3f8e23-8dd7-442e-b686-1e25d995761c/in_use.lock acquired by nodename 22675@pr-hdds-2251-hdm2b-3409562618
2019-10-04 18:30:54,349 [pool-433-thread-1] INFO  storage.RaftStorage (RaftStorage.java:format(84)) - Storage directory /workdir/hadoop-ozone/integration-test/target/test-dir/MiniOzoneClusterImpl-40aa0599-d041-4cda-960e-73fe4e35f879/datanode-5/data/ratis/6e3f8e23-8dd7-442e-b686-1e25d995761c has been successfully formatted.
2019-10-04 18:30:54,349 [pool-433-thread-1] INFO  ratis.ContainerStateMachine (ContainerStateMachine.java:loadSnapshot(230)) - group-1E25D995761C: The snapshot info is null. Setting the last applied indexto:(t:0, i:~)
2019-10-04 18:30:54,349 [pool-433-thread-1] INFO  server.RaftServerConfigKeys (ConfUtils.java:logGet(43)) - raft.server.notification.no-leader.timeout = 120s (custom)
2019-10-04 18:30:54,349 [pool-433-thread-1] INFO  server.RaftServerConfigKeys (ConfUtils.java:logGet(43)) - raft.server.log.use.memory = false (default)
2019-10-04 18:30:54,350 [pool-433-thread-1] INFO  server.RaftServerConfigKeys (ConfUtils.java:logGet(43)) - raft.server.log.purge.gap = 1000000 (custom)
2019-10-04 18:30:54,350 [pool-433-thread-1] INFO  server.RaftServerConfigKeys (ConfUtils.java:logGet(43)) - raft.server.log.appender.buffer.byte-limit = 33554432 (custom)
2019-10-04 18:30:54,350 [pool-433-thread-1] INFO  server.RaftServerConfigKeys (ConfUtils.java:logGet(43)) - raft.server.log.segment.size.max = 1048576 (custom)
2019-10-04 18:30:54,351 [pool-433-thread-1] INFO  server.RaftServerConfigKeys (ConfUtils.java:logGet(43)) - raft.server.log.segment.cache.num.max = 2 (custom)
2019-10-04 18:30:54,351 [pool-433-thread-1] INFO  segmented.SegmentedRaftLogWorker (SegmentedRaftLogWorker.java:<init>(173)) - new 611cf94c-ba39-49f0-800f-d07f18194ef7@group-1E25D995761C-SegmentedRaftLogWorker for RaftStorage:Storage Directory /workdir/hadoop-ozone/integration-test/target/test-dir/MiniOzoneClusterImpl-40aa0599-d041-4cda-960e-73fe4e35f879/datanode-5/data/ratis/6e3f8e23-8dd7-442e-b686-1e25d995761c
2019-10-04 18:30:54,351 [pool-433-thread-1] INFO  server.RaftServerConfigKeys (ConfUtils.java:logGet(43)) - raft.server.log.queue.byte-limit = 2147483647 (custom)
2019-10-04 18:30:54,352 [pool-433-thread-1] INFO  server.RaftServerConfigKeys (ConfUtils.java:logGet(43)) - raft.server.log.queue.element-limit = 1024 (custom)
2019-10-04 18:30:54,352 [pool-433-thread-1] INFO  server.RaftServerConfigKeys (ConfUtils.java:logGet(43)) - raft.server.log.segment.size.max = 1048576 (custom)
2019-10-04 18:30:54,352 [pool-433-thread-1] INFO  server.RaftServerConfigKeys (ConfUtils.java:logGet(43)) - raft.server.log.preallocated.size = 16384 (custom)
2019-10-04 18:30:54,352 [pool-433-thread-1] INFO  server.RaftServerConfigKeys (ConfUtils.java:logGet(43)) - raft.server.log.write.buffer.size = 33554432 (custom)
2019-10-04 18:30:54,352 [pool-433-thread-1] INFO  server.RaftServerConfigKeys (ConfUtils.java:logGet(43)) - raft.server.log.force.sync.num = 128 (default)
2019-10-04 18:30:54,352 [pool-433-thread-1] INFO  server.RaftServerConfigKeys (ConfUtils.java:logGet(43)) - raft.server.log.statemachine.data.sync = true (default)
2019-10-04 18:30:54,352 [pool-433-thread-1] INFO  server.RaftServerConfigKeys (ConfUtils.java:logGet(43)) - raft.server.log.statemachine.data.sync.timeout = 10s (default)
2019-10-04 18:30:54,352 [pool-433-thread-1] INFO  server.RaftServerConfigKeys (ConfUtils.java:logGet(43)) - raft.server.log.statemachine.data.sync.timeout.retry = -1 (default)
2019-10-04 18:30:54,353 [IPC Server handler 4 on 35021] INFO  net.NetworkTopology (NetworkTopologyImpl.java:add(111)) - Added a new node: /default-rack/63dfe16d-b20c-4bde-9449-5eaa4e0dc0eb
2019-10-04 18:30:54,353 [pool-433-thread-1] INFO  server.RaftServerConfigKeys (ConfUtils.java:logGet(43)) - raft.server.log.statemachine.data.caching.enabled = true (custom)
2019-10-04 18:30:54,353 [IPC Server handler 4 on 35021] INFO  node.SCMNodeManager (SCMNodeManager.java:register(268)) - Registered Data node : 63dfe16d-b20c-4bde-9449-5eaa4e0dc0eb{ip: 192.168.151.69, host: pr-hdds-2251-hdm2b-3409562618, networkLocation: /default-rack, certSerialId: null}
2019-10-04 18:30:54,353 [pool-433-thread-1] INFO  segmented.SegmentedRaftLogWorker (SegmentedRaftLogWorker.java:lambda$new$0(128)) - 611cf94c-ba39-49f0-800f-d07f18194ef7@group-1E25D995761C-SegmentedRaftLogWorker: flushIndex: setUnconditionally 0 -> -1
2019-10-04 18:30:54,353 [main] INFO  ozone.MiniOzoneClusterImpl (MiniOzoneClusterImpl.java:lambda$waitForClusterToBeReady$0(147)) - Cluster is ready. Got 7 of 7 DN Heartbeats.
2019-10-04 18:30:54,353 [pool-433-thread-1] INFO  server.RaftServerConfigKeys (ConfUtils.java:logGet(43)) - raft.server.snapshot.auto.trigger.enabled = true (custom)
2019-10-04 18:30:54,354 [pool-433-thread-1] INFO  server.RaftServerConfigKeys (ConfUtils.java:logGet(43)) - raft.server.snapshot.auto.trigger.threshold = 10000 (custom)
2019-10-04 18:30:54,354 [pool-433-thread-1] INFO  server.RaftServerConfigKeys (ConfUtils.java:logGet(43)) - raft.server.snapshot.retention.file.num = 5 (custom)
2019-10-04 18:30:54,354 [pool-433-thread-1] INFO  server.RaftServerConfigKeys (ConfUtils.java:logGet(43)) - raft.server.retrycache.expirytime = 600000ms (custom)
2019-10-04 18:30:54,355 [pool-433-thread-1] INFO  impl.RaftServerImpl (RaftServerImpl.java:start(181)) - 611cf94c-ba39-49f0-800f-d07f18194ef7@group-1E25D995761C: start as a follower, conf=-1: [611cf94c-ba39-49f0-800f-d07f18194ef7:192.168.151.69:37675], old=null
2019-10-04 18:30:54,356 [pool-433-thread-1] INFO  impl.RaftServerImpl (RaftServerImpl.java:setRole(170)) - 611cf94c-ba39-49f0-800f-d07f18194ef7@group-1E25D995761C: changes role from      null to FOLLOWER at term 0 for startAsFollower
2019-10-04 18:30:54,356 [pool-433-thread-1] INFO  impl.RoleInfo (RoleInfo.java:updateAndGet(143)) - 611cf94c-ba39-49f0-800f-d07f18194ef7: start FollowerState
2019-10-04 18:30:54,356 [pool-433-thread-1] INFO  util.JmxRegister (JmxRegister.java:tryRegister(44)) - Successfully registered JMX Bean with object name Ratis:service=RaftServer,group=group-1E25D995761C,id=611cf94c-ba39-49f0-800f-d07f18194ef7
2019-10-04 18:30:54,366 [RatisPipelineUtilsThread] INFO  pipeline.PipelineStateManager (PipelineStateManager.java:addPipeline(56)) - Created pipeline Pipeline[ Id: 6e3f8e23-8dd7-442e-b686-1e25d995761c, Nodes: 611cf94c-ba39-49f0-800f-d07f18194ef7{ip: 192.168.151.69, host: pr-hdds-2251-hdm2b-3409562618, networkLocation: /default-rack, certSerialId: null}, Type:RATIS, Factor:ONE, State:OPEN]
2019-10-04 18:30:54,389 [grpc-default-executor-2] INFO  impl.RaftServerProxy (RaftServerProxy.java:addNew(89)) - 63dfe16d-b20c-4bde-9449-5eaa4e0dc0eb: addNew group-D5D699971507:[63dfe16d-b20c-4bde-9449-5eaa4e0dc0eb:192.168.151.69:34821] returns group-D5D699971507:java.util.concurrent.CompletableFuture@565d713a[Not completed]
2019-10-04 18:30:54,390 [pool-443-thread-1] INFO  impl.RaftServerImpl (RaftServerImpl.java:<init>(95)) - 63dfe16d-b20c-4bde-9449-5eaa4e0dc0eb: new RaftServerImpl for group-D5D699971507:[63dfe16d-b20c-4bde-9449-5eaa4e0dc0eb:192.168.151.69:34821] with ContainerStateMachine:uninitialized
2019-10-04 18:30:54,390 [pool-443-thread-1] INFO  server.RaftServerConfigKeys (ConfUtils.java:logGet(43)) - raft.server.rpc.timeout.min = 5s (custom)
2019-10-04 18:30:54,390 [pool-443-thread-1] INFO  server.RaftServerConfigKeys (ConfUtils.java:logGet(43)) - raft.server.rpc.timeout.max = 5200ms (custom)
2019-10-04 18:30:54,390 [pool-443-thread-1] INFO  server.RaftServerConfigKeys (ConfUtils.java:logGet(43)) - raft.server.rpcslowness.timeout = 120s (custom)
2019-10-04 18:30:54,390 [pool-443-thread-1] INFO  server.RaftServerConfigKeys (ConfUtils.java:logGet(43)) - raft.server.sleep.deviation.threshold = 300 (default)
2019-10-04 18:30:54,391 [pool-443-thread-1] INFO  server.RaftServerConfigKeys (ConfUtils.java:logGet(43)) - raft.server.log.appender.install.snapshot.enabled = false (custom)
2019-10-04 18:30:54,391 [pool-443-thread-1] INFO  impl.RaftServerImpl (ServerState.java:<init>(103)) - 63dfe16d-b20c-4bde-9449-5eaa4e0dc0eb@group-D5D699971507: ConfigurationManager, init=-1: [63dfe16d-b20c-4bde-9449-5eaa4e0dc0eb:192.168.151.69:34821], old=null, confs=<EMPTY_MAP>
2019-10-04 18:30:54,391 [pool-443-thread-1] INFO  server.RaftServerConfigKeys (ConfUtils.java:logGet(43)) - raft.server.storage.dir = [/workdir/hadoop-ozone/integration-test/target/test-dir/MiniOzoneClusterImpl-40aa0599-d041-4cda-960e-73fe4e35f879/datanode-6/data/ratis] (custom)
2019-10-04 18:30:54,394 [pool-443-thread-1] INFO  server.RaftServerConfigKeys (ConfUtils.java:logGet(43)) - raft.server.log.corruption.policy = EXCEPTION (default)
2019-10-04 18:30:54,394 [pool-443-thread-1] INFO  storage.RaftStorageDirectory (RaftStorageDirectory.java:analyzeStorage(246)) - The storage directory /workdir/hadoop-ozone/integration-test/target/test-dir/MiniOzoneClusterImpl-40aa0599-d041-4cda-960e-73fe4e35f879/datanode-6/data/ratis/de58a39e-e87f-4852-9886-d5d699971507 does not exist. Creating ...
2019-10-04 18:30:54,395 [main] INFO  rpc.RpcClient (RpcClient.java:createVolume(277)) - Creating Volume: watchforcommithandlingtest, with jenkins1000 as owner.
2019-10-04 18:30:54,399 [IPC Server handler 1 on 37608] INFO  volume.OMVolumeCreateRequest (OMVolumeCreateRequest.java:validateAndUpdateCache(193)) - created volume:watchforcommithandlingtest for user:jenkins1000
2019-10-04 18:30:54,407 [pool-443-thread-1] INFO  storage.RaftStorageDirectory (RaftStorageDirectory.java:tryLock(328)) - Lock on /workdir/hadoop-ozone/integration-test/target/test-dir/MiniOzoneClusterImpl-40aa0599-d041-4cda-960e-73fe4e35f879/datanode-6/data/ratis/de58a39e-e87f-4852-9886-d5d699971507/in_use.lock acquired by nodename 22675@pr-hdds-2251-hdm2b-3409562618
2019-10-04 18:30:54,414 [main] INFO  rpc.RpcClient (RpcClient.java:createBucket(416)) - Creating Bucket: watchforcommithandlingtest/watchforcommithandlingtest, with Versioning false and Storage Type set to DISK and Encryption set to false 
2019-10-04 18:30:54,419 [main] INFO  ozone.MiniOzoneClusterImpl (MiniOzoneClusterImpl.java:getStorageContainerLocationClient(234)) - Creating StorageContainerLocationProtocol RPC client with address /0.0.0.0:34229
2019-10-04 18:30:54,426 [pool-443-thread-1] INFO  storage.RaftStorage (RaftStorage.java:format(84)) - Storage directory /workdir/hadoop-ozone/integration-test/target/test-dir/MiniOzoneClusterImpl-40aa0599-d041-4cda-960e-73fe4e35f879/datanode-6/data/ratis/de58a39e-e87f-4852-9886-d5d699971507 has been successfully formatted.
2019-10-04 18:30:54,427 [pool-443-thread-1] INFO  ratis.ContainerStateMachine (ContainerStateMachine.java:loadSnapshot(230)) - group-D5D699971507: The snapshot info is null. Setting the last applied indexto:(t:0, i:~)
2019-10-04 18:30:54,427 [pool-443-thread-1] INFO  server.RaftServerConfigKeys (ConfUtils.java:logGet(43)) - raft.server.notification.no-leader.timeout = 120s (custom)
2019-10-04 18:30:54,427 [pool-443-thread-1] INFO  server.RaftServerConfigKeys (ConfUtils.java:logGet(43)) - raft.server.log.use.memory = false (default)
2019-10-04 18:30:54,427 [pool-443-thread-1] INFO  server.RaftServerConfigKeys (ConfUtils.java:logGet(43)) - raft.server.log.purge.gap = 1000000 (custom)
2019-10-04 18:30:54,427 [pool-443-thread-1] INFO  server.RaftServerConfigKeys (ConfUtils.java:logGet(43)) - raft.server.log.appender.buffer.byte-limit = 33554432 (custom)
2019-10-04 18:30:54,427 [pool-443-thread-1] INFO  server.RaftServerConfigKeys (ConfUtils.java:logGet(43)) - raft.server.log.segment.size.max = 1048576 (custom)
2019-10-04 18:30:54,429 [pool-443-thread-1] INFO  server.RaftServerConfigKeys (ConfUtils.java:logGet(43)) - raft.server.log.segment.cache.num.max = 2 (custom)
2019-10-04 18:30:54,429 [pool-443-thread-1] INFO  segmented.SegmentedRaftLogWorker (SegmentedRaftLogWorker.java:<init>(173)) - new 63dfe16d-b20c-4bde-9449-5eaa4e0dc0eb@group-D5D699971507-SegmentedRaftLogWorker for RaftStorage:Storage Directory /workdir/hadoop-ozone/integration-test/target/test-dir/MiniOzoneClusterImpl-40aa0599-d041-4cda-960e-73fe4e35f879/datanode-6/data/ratis/de58a39e-e87f-4852-9886-d5d699971507
2019-10-04 18:30:54,429 [pool-443-thread-1] INFO  server.RaftServerConfigKeys (ConfUtils.java:logGet(43)) - raft.server.log.queue.byte-limit = 2147483647 (custom)
2019-10-04 18:30:54,429 [pool-443-thread-1] INFO  server.RaftServerConfigKeys (ConfUtils.java:logGet(43)) - raft.server.log.queue.element-limit = 1024 (custom)
2019-10-04 18:30:54,429 [pool-443-thread-1] INFO  server.RaftServerConfigKeys (ConfUtils.java:logGet(43)) - raft.server.log.segment.size.max = 1048576 (custom)
2019-10-04 18:30:54,429 [pool-443-thread-1] INFO  server.RaftServerConfigKeys (ConfUtils.java:logGet(43)) - raft.server.log.preallocated.size = 16384 (custom)
2019-10-04 18:30:54,429 [pool-443-thread-1] INFO  server.RaftServerConfigKeys (ConfUtils.java:logGet(43)) - raft.server.log.write.buffer.size = 33554432 (custom)
2019-10-04 18:30:54,429 [pool-443-thread-1] INFO  server.RaftServerConfigKeys (ConfUtils.java:logGet(43)) - raft.server.log.force.sync.num = 128 (default)
2019-10-04 18:30:54,430 [pool-443-thread-1] INFO  server.RaftServerConfigKeys (ConfUtils.java:logGet(43)) - raft.server.log.statemachine.data.sync = true (default)
2019-10-04 18:30:54,430 [pool-443-thread-1] INFO  server.RaftServerConfigKeys (ConfUtils.java:logGet(43)) - raft.server.log.statemachine.data.sync.timeout = 10s (default)
2019-10-04 18:30:54,430 [pool-443-thread-1] INFO  server.RaftServerConfigKeys (ConfUtils.java:logGet(43)) - raft.server.log.statemachine.data.sync.timeout.retry = -1 (default)
2019-10-04 18:30:54,430 [pool-443-thread-1] INFO  server.RaftServerConfigKeys (ConfUtils.java:logGet(43)) - raft.server.log.statemachine.data.caching.enabled = true (custom)
2019-10-04 18:30:54,430 [pool-443-thread-1] INFO  segmented.SegmentedRaftLogWorker (SegmentedRaftLogWorker.java:lambda$new$0(128)) - 63dfe16d-b20c-4bde-9449-5eaa4e0dc0eb@group-D5D699971507-SegmentedRaftLogWorker: flushIndex: setUnconditionally 0 -> -1
2019-10-04 18:30:54,431 [pool-443-thread-1] INFO  server.RaftServerConfigKeys (ConfUtils.java:logGet(43)) - raft.server.snapshot.auto.trigger.enabled = true (custom)
2019-10-04 18:30:54,431 [pool-443-thread-1] INFO  server.RaftServerConfigKeys (ConfUtils.java:logGet(43)) - raft.server.snapshot.auto.trigger.threshold = 10000 (custom)
2019-10-04 18:30:54,431 [pool-443-thread-1] INFO  server.RaftServerConfigKeys (ConfUtils.java:logGet(43)) - raft.server.snapshot.retention.file.num = 5 (custom)
2019-10-04 18:30:54,431 [pool-443-thread-1] INFO  server.RaftServerConfigKeys (ConfUtils.java:logGet(43)) - raft.server.retrycache.expirytime = 600000ms (custom)
2019-10-04 18:30:54,432 [pool-443-thread-1] INFO  impl.RaftServerImpl (RaftServerImpl.java:start(181)) - 63dfe16d-b20c-4bde-9449-5eaa4e0dc0eb@group-D5D699971507: start as a follower, conf=-1: [63dfe16d-b20c-4bde-9449-5eaa4e0dc0eb:192.168.151.69:34821], old=null
2019-10-04 18:30:54,433 [pool-443-thread-1] INFO  impl.RaftServerImpl (RaftServerImpl.java:setRole(170)) - 63dfe16d-b20c-4bde-9449-5eaa4e0dc0eb@group-D5D699971507: changes role from      null to FOLLOWER at term 0 for startAsFollower
2019-10-04 18:30:54,433 [pool-443-thread-1] INFO  impl.RoleInfo (RoleInfo.java:updateAndGet(143)) - 63dfe16d-b20c-4bde-9449-5eaa4e0dc0eb: start FollowerState
2019-10-04 18:30:54,433 [pool-443-thread-1] INFO  util.JmxRegister (JmxRegister.java:tryRegister(44)) - Successfully registered JMX Bean with object name Ratis:service=RaftServer,group=group-D5D699971507,id=63dfe16d-b20c-4bde-9449-5eaa4e0dc0eb
2019-10-04 18:30:54,436 [RatisPipelineUtilsThread] INFO  pipeline.PipelineStateManager (PipelineStateManager.java:addPipeline(56)) - Created pipeline Pipeline[ Id: de58a39e-e87f-4852-9886-d5d699971507, Nodes: 63dfe16d-b20c-4bde-9449-5eaa4e0dc0eb{ip: 192.168.151.69, host: pr-hdds-2251-hdm2b-3409562618, networkLocation: /default-rack, certSerialId: null}, Type:RATIS, Factor:ONE, State:OPEN]
2019-10-04 18:30:54,446 [grpc-default-executor-6] INFO  impl.RaftServerProxy (RaftServerProxy.java:addNew(89)) - 4a70b110-ff43-4cac-b5ee-6528b3788ac4: addNew group-2861C498A011:[4a70b110-ff43-4cac-b5ee-6528b3788ac4:192.168.151.69:34008, 63dfe16d-b20c-4bde-9449-5eaa4e0dc0eb:192.168.151.69:34821, 35b35391-39fa-4c79-bcf1-9d6b364dbab2:192.168.151.69:38610] returns group-2861C498A011:java.util.concurrent.CompletableFuture@2cd63450[Not completed]
2019-10-04 18:30:54,446 [grpc-default-executor-2] INFO  impl.RaftServerProxy (RaftServerProxy.java:addNew(89)) - 35b35391-39fa-4c79-bcf1-9d6b364dbab2: addNew group-2861C498A011:[4a70b110-ff43-4cac-b5ee-6528b3788ac4:192.168.151.69:34008, 63dfe16d-b20c-4bde-9449-5eaa4e0dc0eb:192.168.151.69:34821, 35b35391-39fa-4c79-bcf1-9d6b364dbab2:192.168.151.69:38610] returns group-2861C498A011:java.util.concurrent.CompletableFuture@36eee0cd[Not completed]
2019-10-04 18:30:54,446 [grpc-default-executor-5] INFO  impl.RaftServerProxy (RaftServerProxy.java:addNew(89)) - 63dfe16d-b20c-4bde-9449-5eaa4e0dc0eb: addNew group-2861C498A011:[4a70b110-ff43-4cac-b5ee-6528b3788ac4:192.168.151.69:34008, 63dfe16d-b20c-4bde-9449-5eaa4e0dc0eb:192.168.151.69:34821, 35b35391-39fa-4c79-bcf1-9d6b364dbab2:192.168.151.69:38610] returns group-2861C498A011:java.util.concurrent.CompletableFuture@5f73cfb1[Not completed]
2019-10-04 18:30:54,447 [pool-413-thread-1] INFO  impl.RaftServerImpl (RaftServerImpl.java:<init>(95)) - 4a70b110-ff43-4cac-b5ee-6528b3788ac4: new RaftServerImpl for group-2861C498A011:[4a70b110-ff43-4cac-b5ee-6528b3788ac4:192.168.151.69:34008, 63dfe16d-b20c-4bde-9449-5eaa4e0dc0eb:192.168.151.69:34821, 35b35391-39fa-4c79-bcf1-9d6b364dbab2:192.168.151.69:38610] with ContainerStateMachine:uninitialized
2019-10-04 18:30:54,448 [pool-413-thread-1] INFO  server.RaftServerConfigKeys (ConfUtils.java:logGet(43)) - raft.server.rpc.timeout.min = 5s (custom)
2019-10-04 18:30:54,448 [pool-413-thread-1] INFO  server.RaftServerConfigKeys (ConfUtils.java:logGet(43)) - raft.server.rpc.timeout.max = 5200ms (custom)
2019-10-04 18:30:54,448 [pool-413-thread-1] INFO  server.RaftServerConfigKeys (ConfUtils.java:logGet(43)) - raft.server.rpcslowness.timeout = 120s (custom)
2019-10-04 18:30:54,448 [pool-413-thread-1] INFO  server.RaftServerConfigKeys (ConfUtils.java:logGet(43)) - raft.server.sleep.deviation.threshold = 300 (default)
2019-10-04 18:30:54,448 [pool-423-thread-1] INFO  impl.RaftServerImpl (RaftServerImpl.java:<init>(95)) - 35b35391-39fa-4c79-bcf1-9d6b364dbab2: new RaftServerImpl for group-2861C498A011:[4a70b110-ff43-4cac-b5ee-6528b3788ac4:192.168.151.69:34008, 63dfe16d-b20c-4bde-9449-5eaa4e0dc0eb:192.168.151.69:34821, 35b35391-39fa-4c79-bcf1-9d6b364dbab2:192.168.151.69:38610] with ContainerStateMachine:uninitialized
2019-10-04 18:30:54,448 [pool-413-thread-1] INFO  server.RaftServerConfigKeys (ConfUtils.java:logGet(43)) - raft.server.log.appender.install.snapshot.enabled = false (custom)
2019-10-04 18:30:54,448 [pool-423-thread-1] INFO  server.RaftServerConfigKeys (ConfUtils.java:logGet(43)) - raft.server.rpc.timeout.min = 5s (custom)
2019-10-04 18:30:54,448 [pool-413-thread-1] INFO  impl.RaftServerImpl (ServerState.java:<init>(103)) - 4a70b110-ff43-4cac-b5ee-6528b3788ac4@group-2861C498A011: ConfigurationManager, init=-1: [4a70b110-ff43-4cac-b5ee-6528b3788ac4:192.168.151.69:34008, 63dfe16d-b20c-4bde-9449-5eaa4e0dc0eb:192.168.151.69:34821, 35b35391-39fa-4c79-bcf1-9d6b364dbab2:192.168.151.69:38610], old=null, confs=<EMPTY_MAP>
2019-10-04 18:30:54,448 [pool-423-thread-1] INFO  server.RaftServerConfigKeys (ConfUtils.java:logGet(43)) - raft.server.rpc.timeout.max = 5200ms (custom)
2019-10-04 18:30:54,449 [pool-413-thread-1] INFO  server.RaftServerConfigKeys (ConfUtils.java:logGet(43)) - raft.server.storage.dir = [/workdir/hadoop-ozone/integration-test/target/test-dir/MiniOzoneClusterImpl-40aa0599-d041-4cda-960e-73fe4e35f879/datanode-3/data/ratis] (custom)
2019-10-04 18:30:54,449 [pool-443-thread-1] INFO  impl.RaftServerImpl (RaftServerImpl.java:<init>(95)) - 63dfe16d-b20c-4bde-9449-5eaa4e0dc0eb: new RaftServerImpl for group-2861C498A011:[4a70b110-ff43-4cac-b5ee-6528b3788ac4:192.168.151.69:34008, 63dfe16d-b20c-4bde-9449-5eaa4e0dc0eb:192.168.151.69:34821, 35b35391-39fa-4c79-bcf1-9d6b364dbab2:192.168.151.69:38610] with ContainerStateMachine:uninitialized
2019-10-04 18:30:54,449 [pool-423-thread-1] INFO  server.RaftServerConfigKeys (ConfUtils.java:logGet(43)) - raft.server.rpcslowness.timeout = 120s (custom)
2019-10-04 18:30:54,449 [pool-443-thread-1] INFO  server.RaftServerConfigKeys (ConfUtils.java:logGet(43)) - raft.server.rpc.timeout.min = 5s (custom)
2019-10-04 18:30:54,449 [pool-413-thread-1] INFO  server.RaftServerConfigKeys (ConfUtils.java:logGet(43)) - raft.server.log.corruption.policy = EXCEPTION (default)
2019-10-04 18:30:54,449 [pool-443-thread-1] INFO  server.RaftServerConfigKeys (ConfUtils.java:logGet(43)) - raft.server.rpc.timeout.max = 5200ms (custom)
2019-10-04 18:30:54,449 [pool-423-thread-1] INFO  server.RaftServerConfigKeys (ConfUtils.java:logGet(43)) - raft.server.sleep.deviation.threshold = 300 (default)
2019-10-04 18:30:54,449 [pool-443-thread-1] INFO  server.RaftServerConfigKeys (ConfUtils.java:logGet(43)) - raft.server.rpcslowness.timeout = 120s (custom)
2019-10-04 18:30:54,449 [pool-413-thread-1] INFO  storage.RaftStorageDirectory (RaftStorageDirectory.java:analyzeStorage(246)) - The storage directory /workdir/hadoop-ozone/integration-test/target/test-dir/MiniOzoneClusterImpl-40aa0599-d041-4cda-960e-73fe4e35f879/datanode-3/data/ratis/0ce89749-3a3a-4b70-88dd-2861c498a011 does not exist. Creating ...
2019-10-04 18:30:54,450 [pool-443-thread-1] INFO  server.RaftServerConfigKeys (ConfUtils.java:logGet(43)) - raft.server.sleep.deviation.threshold = 300 (default)
2019-10-04 18:30:54,450 [pool-443-thread-1] INFO  server.RaftServerConfigKeys (ConfUtils.java:logGet(43)) - raft.server.log.appender.install.snapshot.enabled = false (custom)
2019-10-04 18:30:54,449 [pool-423-thread-1] INFO  server.RaftServerConfigKeys (ConfUtils.java:logGet(43)) - raft.server.log.appender.install.snapshot.enabled = false (custom)
2019-10-04 18:30:54,450 [pool-443-thread-1] INFO  impl.RaftServerImpl (ServerState.java:<init>(103)) - 63dfe16d-b20c-4bde-9449-5eaa4e0dc0eb@group-2861C498A011: ConfigurationManager, init=-1: [4a70b110-ff43-4cac-b5ee-6528b3788ac4:192.168.151.69:34008, 63dfe16d-b20c-4bde-9449-5eaa4e0dc0eb:192.168.151.69:34821, 35b35391-39fa-4c79-bcf1-9d6b364dbab2:192.168.151.69:38610], old=null, confs=<EMPTY_MAP>
2019-10-04 18:30:54,450 [pool-423-thread-1] INFO  impl.RaftServerImpl (ServerState.java:<init>(103)) - 35b35391-39fa-4c79-bcf1-9d6b364dbab2@group-2861C498A011: ConfigurationManager, init=-1: [4a70b110-ff43-4cac-b5ee-6528b3788ac4:192.168.151.69:34008, 63dfe16d-b20c-4bde-9449-5eaa4e0dc0eb:192.168.151.69:34821, 35b35391-39fa-4c79-bcf1-9d6b364dbab2:192.168.151.69:38610], old=null, confs=<EMPTY_MAP>
2019-10-04 18:30:54,450 [pool-443-thread-1] INFO  server.RaftServerConfigKeys (ConfUtils.java:logGet(43)) - raft.server.storage.dir = [/workdir/hadoop-ozone/integration-test/target/test-dir/MiniOzoneClusterImpl-40aa0599-d041-4cda-960e-73fe4e35f879/datanode-6/data/ratis] (custom)
2019-10-04 18:30:54,450 [pool-423-thread-1] INFO  server.RaftServerConfigKeys (ConfUtils.java:logGet(43)) - raft.server.storage.dir = [/workdir/hadoop-ozone/integration-test/target/test-dir/MiniOzoneClusterImpl-40aa0599-d041-4cda-960e-73fe4e35f879/datanode-4/data/ratis] (custom)
2019-10-04 18:30:54,450 [pool-443-thread-1] INFO  server.RaftServerConfigKeys (ConfUtils.java:logGet(43)) - raft.server.log.corruption.policy = EXCEPTION (default)
2019-10-04 18:30:54,451 [pool-423-thread-1] INFO  server.RaftServerConfigKeys (ConfUtils.java:logGet(43)) - raft.server.log.corruption.policy = EXCEPTION (default)
2019-10-04 18:30:54,451 [pool-443-thread-1] INFO  storage.RaftStorageDirectory (RaftStorageDirectory.java:analyzeStorage(246)) - The storage directory /workdir/hadoop-ozone/integration-test/target/test-dir/MiniOzoneClusterImpl-40aa0599-d041-4cda-960e-73fe4e35f879/datanode-6/data/ratis/0ce89749-3a3a-4b70-88dd-2861c498a011 does not exist. Creating ...
2019-10-04 18:30:54,451 [pool-423-thread-1] INFO  storage.RaftStorageDirectory (RaftStorageDirectory.java:analyzeStorage(246)) - The storage directory /workdir/hadoop-ozone/integration-test/target/test-dir/MiniOzoneClusterImpl-40aa0599-d041-4cda-960e-73fe4e35f879/datanode-4/data/ratis/0ce89749-3a3a-4b70-88dd-2861c498a011 does not exist. Creating ...
2019-10-04 18:30:54,463 [pool-413-thread-1] INFO  storage.RaftStorageDirectory (RaftStorageDirectory.java:tryLock(328)) - Lock on /workdir/hadoop-ozone/integration-test/target/test-dir/MiniOzoneClusterImpl-40aa0599-d041-4cda-960e-73fe4e35f879/datanode-3/data/ratis/0ce89749-3a3a-4b70-88dd-2861c498a011/in_use.lock acquired by nodename 22675@pr-hdds-2251-hdm2b-3409562618
2019-10-04 18:30:54,463 [pool-443-thread-1] INFO  storage.RaftStorageDirectory (RaftStorageDirectory.java:tryLock(328)) - Lock on /workdir/hadoop-ozone/integration-test/target/test-dir/MiniOzoneClusterImpl-40aa0599-d041-4cda-960e-73fe4e35f879/datanode-6/data/ratis/0ce89749-3a3a-4b70-88dd-2861c498a011/in_use.lock acquired by nodename 22675@pr-hdds-2251-hdm2b-3409562618
2019-10-04 18:30:54,463 [pool-423-thread-1] INFO  storage.RaftStorageDirectory (RaftStorageDirectory.java:tryLock(328)) - Lock on /workdir/hadoop-ozone/integration-test/target/test-dir/MiniOzoneClusterImpl-40aa0599-d041-4cda-960e-73fe4e35f879/datanode-4/data/ratis/0ce89749-3a3a-4b70-88dd-2861c498a011/in_use.lock acquired by nodename 22675@pr-hdds-2251-hdm2b-3409562618
2019-10-04 18:30:54,486 [pool-413-thread-1] INFO  storage.RaftStorage (RaftStorage.java:format(84)) - Storage directory /workdir/hadoop-ozone/integration-test/target/test-dir/MiniOzoneClusterImpl-40aa0599-d041-4cda-960e-73fe4e35f879/datanode-3/data/ratis/0ce89749-3a3a-4b70-88dd-2861c498a011 has been successfully formatted.
2019-10-04 18:30:54,486 [pool-443-thread-1] INFO  storage.RaftStorage (RaftStorage.java:format(84)) - Storage directory /workdir/hadoop-ozone/integration-test/target/test-dir/MiniOzoneClusterImpl-40aa0599-d041-4cda-960e-73fe4e35f879/datanode-6/data/ratis/0ce89749-3a3a-4b70-88dd-2861c498a011 has been successfully formatted.
2019-10-04 18:30:54,486 [pool-423-thread-1] INFO  storage.RaftStorage (RaftStorage.java:format(84)) - Storage directory /workdir/hadoop-ozone/integration-test/target/test-dir/MiniOzoneClusterImpl-40aa0599-d041-4cda-960e-73fe4e35f879/datanode-4/data/ratis/0ce89749-3a3a-4b70-88dd-2861c498a011 has been successfully formatted.
2019-10-04 18:30:54,487 [pool-443-thread-1] INFO  ratis.ContainerStateMachine (ContainerStateMachine.java:loadSnapshot(230)) - group-2861C498A011: The snapshot info is null. Setting the last applied indexto:(t:0, i:~)
2019-10-04 18:30:54,487 [pool-413-thread-1] INFO  ratis.ContainerStateMachine (ContainerStateMachine.java:loadSnapshot(230)) - group-2861C498A011: The snapshot info is null. Setting the last applied indexto:(t:0, i:~)
2019-10-04 18:30:54,487 [pool-443-thread-1] INFO  server.RaftServerConfigKeys (ConfUtils.java:logGet(43)) - raft.server.notification.no-leader.timeout = 120s (custom)
2019-10-04 18:30:54,487 [pool-423-thread-1] INFO  ratis.ContainerStateMachine (ContainerStateMachine.java:loadSnapshot(230)) - group-2861C498A011: The snapshot info is null. Setting the last applied indexto:(t:0, i:~)
2019-10-04 18:30:54,487 [pool-443-thread-1] INFO  server.RaftServerConfigKeys (ConfUtils.java:logGet(43)) - raft.server.log.use.memory = false (default)
2019-10-04 18:30:54,487 [pool-413-thread-1] INFO  server.RaftServerConfigKeys (ConfUtils.java:logGet(43)) - raft.server.notification.no-leader.timeout = 120s (custom)
2019-10-04 18:30:54,488 [pool-443-thread-1] INFO  server.RaftServerConfigKeys (ConfUtils.java:logGet(43)) - raft.server.log.purge.gap = 1000000 (custom)
2019-10-04 18:30:54,487 [pool-423-thread-1] INFO  server.RaftServerConfigKeys (ConfUtils.java:logGet(43)) - raft.server.notification.no-leader.timeout = 120s (custom)
2019-10-04 18:30:54,488 [pool-443-thread-1] INFO  server.RaftServerConfigKeys (ConfUtils.java:logGet(43)) - raft.server.log.appender.buffer.byte-limit = 33554432 (custom)
2019-10-04 18:30:54,488 [pool-413-thread-1] INFO  server.RaftServerConfigKeys (ConfUtils.java:logGet(43)) - raft.server.log.use.memory = false (default)
2019-10-04 18:30:54,488 [pool-443-thread-1] INFO  server.RaftServerConfigKeys (ConfUtils.java:logGet(43)) - raft.server.log.segment.size.max = 1048576 (custom)
2019-10-04 18:30:54,488 [pool-423-thread-1] INFO  server.RaftServerConfigKeys (ConfUtils.java:logGet(43)) - raft.server.log.use.memory = false (default)
2019-10-04 18:30:54,488 [pool-443-thread-1] INFO  server.RaftServerConfigKeys (ConfUtils.java:logGet(43)) - raft.server.log.segment.cache.num.max = 2 (custom)
2019-10-04 18:30:54,488 [pool-413-thread-1] INFO  server.RaftServerConfigKeys (ConfUtils.java:logGet(43)) - raft.server.log.purge.gap = 1000000 (custom)
2019-10-04 18:30:54,489 [pool-443-thread-1] INFO  segmented.SegmentedRaftLogWorker (SegmentedRaftLogWorker.java:<init>(173)) - new 63dfe16d-b20c-4bde-9449-5eaa4e0dc0eb@group-2861C498A011-SegmentedRaftLogWorker for RaftStorage:Storage Directory /workdir/hadoop-ozone/integration-test/target/test-dir/MiniOzoneClusterImpl-40aa0599-d041-4cda-960e-73fe4e35f879/datanode-6/data/ratis/0ce89749-3a3a-4b70-88dd-2861c498a011
2019-10-04 18:30:54,489 [pool-443-thread-1] INFO  server.RaftServerConfigKeys (ConfUtils.java:logGet(43)) - raft.server.log.queue.byte-limit = 2147483647 (custom)
2019-10-04 18:30:54,489 [pool-423-thread-1] INFO  server.RaftServerConfigKeys (ConfUtils.java:logGet(43)) - raft.server.log.purge.gap = 1000000 (custom)
2019-10-04 18:30:54,489 [pool-443-thread-1] INFO  server.RaftServerConfigKeys (ConfUtils.java:logGet(43)) - raft.server.log.queue.element-limit = 1024 (custom)
2019-10-04 18:30:54,489 [pool-413-thread-1] INFO  server.RaftServerConfigKeys (ConfUtils.java:logGet(43)) - raft.server.log.appender.buffer.byte-limit = 33554432 (custom)
2019-10-04 18:30:54,490 [pool-443-thread-1] INFO  server.RaftServerConfigKeys (ConfUtils.java:logGet(43)) - raft.server.log.segment.size.max = 1048576 (custom)
2019-10-04 18:30:54,489 [pool-423-thread-1] INFO  server.RaftServerConfigKeys (ConfUtils.java:logGet(43)) - raft.server.log.appender.buffer.byte-limit = 33554432 (custom)
2019-10-04 18:30:54,490 [pool-443-thread-1] INFO  server.RaftServerConfigKeys (ConfUtils.java:logGet(43)) - raft.server.log.preallocated.size = 16384 (custom)
2019-10-04 18:30:54,490 [pool-413-thread-1] INFO  server.RaftServerConfigKeys (ConfUtils.java:logGet(43)) - raft.server.log.segment.size.max = 1048576 (custom)
2019-10-04 18:30:54,490 [pool-443-thread-1] INFO  server.RaftServerConfigKeys (ConfUtils.java:logGet(43)) - raft.server.log.write.buffer.size = 33554432 (custom)
2019-10-04 18:30:54,491 [pool-443-thread-1] INFO  server.RaftServerConfigKeys (ConfUtils.java:logGet(43)) - raft.server.log.force.sync.num = 128 (default)
2019-10-04 18:30:54,490 [pool-423-thread-1] INFO  server.RaftServerConfigKeys (ConfUtils.java:logGet(43)) - raft.server.log.segment.size.max = 1048576 (custom)
2019-10-04 18:30:54,491 [pool-443-thread-1] INFO  server.RaftServerConfigKeys (ConfUtils.java:logGet(43)) - raft.server.log.statemachine.data.sync = true (default)
2019-10-04 18:30:54,490 [pool-413-thread-1] INFO  server.RaftServerConfigKeys (ConfUtils.java:logGet(43)) - raft.server.log.segment.cache.num.max = 2 (custom)
2019-10-04 18:30:54,491 [pool-443-thread-1] INFO  server.RaftServerConfigKeys (ConfUtils.java:logGet(43)) - raft.server.log.statemachine.data.sync.timeout = 10s (default)
2019-10-04 18:30:54,491 [pool-423-thread-1] INFO  server.RaftServerConfigKeys (ConfUtils.java:logGet(43)) - raft.server.log.segment.cache.num.max = 2 (custom)
2019-10-04 18:30:54,491 [pool-443-thread-1] INFO  server.RaftServerConfigKeys (ConfUtils.java:logGet(43)) - raft.server.log.statemachine.data.sync.timeout.retry = -1 (default)
2019-10-04 18:30:54,491 [pool-413-thread-1] INFO  segmented.SegmentedRaftLogWorker (SegmentedRaftLogWorker.java:<init>(173)) - new 4a70b110-ff43-4cac-b5ee-6528b3788ac4@group-2861C498A011-SegmentedRaftLogWorker for RaftStorage:Storage Directory /workdir/hadoop-ozone/integration-test/target/test-dir/MiniOzoneClusterImpl-40aa0599-d041-4cda-960e-73fe4e35f879/datanode-3/data/ratis/0ce89749-3a3a-4b70-88dd-2861c498a011
2019-10-04 18:30:54,492 [pool-443-thread-1] INFO  server.RaftServerConfigKeys (ConfUtils.java:logGet(43)) - raft.server.log.statemachine.data.caching.enabled = true (custom)
2019-10-04 18:30:54,491 [pool-423-thread-1] INFO  segmented.SegmentedRaftLogWorker (SegmentedRaftLogWorker.java:<init>(173)) - new 35b35391-39fa-4c79-bcf1-9d6b364dbab2@group-2861C498A011-SegmentedRaftLogWorker for RaftStorage:Storage Directory /workdir/hadoop-ozone/integration-test/target/test-dir/MiniOzoneClusterImpl-40aa0599-d041-4cda-960e-73fe4e35f879/datanode-4/data/ratis/0ce89749-3a3a-4b70-88dd-2861c498a011
2019-10-04 18:30:54,492 [pool-413-thread-1] INFO  server.RaftServerConfigKeys (ConfUtils.java:logGet(43)) - raft.server.log.queue.byte-limit = 2147483647 (custom)
2019-10-04 18:30:54,492 [pool-443-thread-1] INFO  segmented.SegmentedRaftLogWorker (SegmentedRaftLogWorker.java:lambda$new$0(128)) - 63dfe16d-b20c-4bde-9449-5eaa4e0dc0eb@group-2861C498A011-SegmentedRaftLogWorker: flushIndex: setUnconditionally 0 -> -1
2019-10-04 18:30:54,492 [pool-423-thread-1] INFO  server.RaftServerConfigKeys (ConfUtils.java:logGet(43)) - raft.server.log.queue.byte-limit = 2147483647 (custom)
2019-10-04 18:30:54,492 [pool-413-thread-1] INFO  server.RaftServerConfigKeys (ConfUtils.java:logGet(43)) - raft.server.log.queue.element-limit = 1024 (custom)
2019-10-04 18:30:54,493 [pool-443-thread-1] INFO  server.RaftServerConfigKeys (ConfUtils.java:logGet(43)) - raft.server.snapshot.auto.trigger.enabled = true (custom)
2019-10-04 18:30:54,493 [pool-423-thread-1] INFO  server.RaftServerConfigKeys (ConfUtils.java:logGet(43)) - raft.server.log.queue.element-limit = 1024 (custom)
2019-10-04 18:30:54,493 [pool-443-thread-1] INFO  server.RaftServerConfigKeys (ConfUtils.java:logGet(43)) - raft.server.snapshot.auto.trigger.threshold = 10000 (custom)
2019-10-04 18:30:54,493 [pool-413-thread-1] INFO  server.RaftServerConfigKeys (ConfUtils.java:logGet(43)) - raft.server.log.segment.size.max = 1048576 (custom)
2019-10-04 18:30:54,493 [pool-443-thread-1] INFO  server.RaftServerConfigKeys (ConfUtils.java:logGet(43)) - raft.server.snapshot.retention.file.num = 5 (custom)
2019-10-04 18:30:54,493 [pool-423-thread-1] INFO  server.RaftServerConfigKeys (ConfUtils.java:logGet(43)) - raft.server.log.segment.size.max = 1048576 (custom)
2019-10-04 18:30:54,493 [pool-443-thread-1] INFO  server.RaftServerConfigKeys (ConfUtils.java:logGet(43)) - raft.server.retrycache.expirytime = 600000ms (custom)
2019-10-04 18:30:54,493 [pool-413-thread-1] INFO  server.RaftServerConfigKeys (ConfUtils.java:logGet(43)) - raft.server.log.preallocated.size = 16384 (custom)
2019-10-04 18:30:54,494 [pool-423-thread-1] INFO  server.RaftServerConfigKeys (ConfUtils.java:logGet(43)) - raft.server.log.preallocated.size = 16384 (custom)
2019-10-04 18:30:54,494 [pool-413-thread-1] INFO  server.RaftServerConfigKeys (ConfUtils.java:logGet(43)) - raft.server.log.write.buffer.size = 33554432 (custom)
2019-10-04 18:30:54,494 [pool-423-thread-1] INFO  server.RaftServerConfigKeys (ConfUtils.java:logGet(43)) - raft.server.log.write.buffer.size = 33554432 (custom)
2019-10-04 18:30:54,494 [pool-413-thread-1] INFO  server.RaftServerConfigKeys (ConfUtils.java:logGet(43)) - raft.server.log.force.sync.num = 128 (default)
2019-10-04 18:30:54,494 [pool-423-thread-1] INFO  server.RaftServerConfigKeys (ConfUtils.java:logGet(43)) - raft.server.log.force.sync.num = 128 (default)
2019-10-04 18:30:54,494 [pool-413-thread-1] INFO  server.RaftServerConfigKeys (ConfUtils.java:logGet(43)) - raft.server.log.statemachine.data.sync = true (default)
2019-10-04 18:30:54,495 [pool-423-thread-1] INFO  server.RaftServerConfigKeys (ConfUtils.java:logGet(43)) - raft.server.log.statemachine.data.sync = true (default)
2019-10-04 18:30:54,495 [pool-413-thread-1] INFO  server.RaftServerConfigKeys (ConfUtils.java:logGet(43)) - raft.server.log.statemachine.data.sync.timeout = 10s (default)
2019-10-04 18:30:54,495 [pool-423-thread-1] INFO  server.RaftServerConfigKeys (ConfUtils.java:logGet(43)) - raft.server.log.statemachine.data.sync.timeout = 10s (default)
2019-10-04 18:30:54,495 [pool-413-thread-1] INFO  server.RaftServerConfigKeys (ConfUtils.java:logGet(43)) - raft.server.log.statemachine.data.sync.timeout.retry = -1 (default)
2019-10-04 18:30:54,495 [pool-443-thread-1] INFO  impl.RaftServerImpl (RaftServerImpl.java:start(181)) - 63dfe16d-b20c-4bde-9449-5eaa4e0dc0eb@group-2861C498A011: start as a follower, conf=-1: [4a70b110-ff43-4cac-b5ee-6528b3788ac4:192.168.151.69:34008, 63dfe16d-b20c-4bde-9449-5eaa4e0dc0eb:192.168.151.69:34821, 35b35391-39fa-4c79-bcf1-9d6b364dbab2:192.168.151.69:38610], old=null
2019-10-04 18:30:54,495 [pool-413-thread-1] INFO  server.RaftServerConfigKeys (ConfUtils.java:logGet(43)) - raft.server.log.statemachine.data.caching.enabled = true (custom)
2019-10-04 18:30:54,495 [pool-423-thread-1] INFO  server.RaftServerConfigKeys (ConfUtils.java:logGet(43)) - raft.server.log.statemachine.data.sync.timeout.retry = -1 (default)
2019-10-04 18:30:54,495 [pool-443-thread-1] INFO  impl.RaftServerImpl (RaftServerImpl.java:setRole(170)) - 63dfe16d-b20c-4bde-9449-5eaa4e0dc0eb@group-2861C498A011: changes role from      null to FOLLOWER at term 0 for startAsFollower
2019-10-04 18:30:54,496 [pool-423-thread-1] INFO  server.RaftServerConfigKeys (ConfUtils.java:logGet(43)) - raft.server.log.statemachine.data.caching.enabled = true (custom)
2019-10-04 18:30:54,496 [pool-413-thread-1] INFO  segmented.SegmentedRaftLogWorker (SegmentedRaftLogWorker.java:lambda$new$0(128)) - 4a70b110-ff43-4cac-b5ee-6528b3788ac4@group-2861C498A011-SegmentedRaftLogWorker: flushIndex: setUnconditionally 0 -> -1
2019-10-04 18:30:54,496 [pool-423-thread-1] INFO  segmented.SegmentedRaftLogWorker (SegmentedRaftLogWorker.java:lambda$new$0(128)) - 35b35391-39fa-4c79-bcf1-9d6b364dbab2@group-2861C498A011-SegmentedRaftLogWorker: flushIndex: setUnconditionally 0 -> -1
2019-10-04 18:30:54,496 [pool-443-thread-1] INFO  impl.RoleInfo (RoleInfo.java:updateAndGet(143)) - 63dfe16d-b20c-4bde-9449-5eaa4e0dc0eb: start FollowerState
2019-10-04 18:30:54,496 [pool-413-thread-1] INFO  server.RaftServerConfigKeys (ConfUtils.java:logGet(43)) - raft.server.snapshot.auto.trigger.enabled = true (custom)
2019-10-04 18:30:54,496 [pool-423-thread-1] INFO  server.RaftServerConfigKeys (ConfUtils.java:logGet(43)) - raft.server.snapshot.auto.trigger.enabled = true (custom)
2019-10-04 18:30:54,497 [pool-413-thread-1] INFO  server.RaftServerConfigKeys (ConfUtils.java:logGet(43)) - raft.server.snapshot.auto.trigger.threshold = 10000 (custom)
2019-10-04 18:30:54,497 [pool-443-thread-1] INFO  util.JmxRegister (JmxRegister.java:tryRegister(44)) - Successfully registered JMX Bean with object name Ratis:service=RaftServer,group=group-2861C498A011,id=63dfe16d-b20c-4bde-9449-5eaa4e0dc0eb
2019-10-04 18:30:54,497 [pool-423-thread-1] INFO  server.RaftServerConfigKeys (ConfUtils.java:logGet(43)) - raft.server.snapshot.auto.trigger.threshold = 10000 (custom)
2019-10-04 18:30:54,497 [pool-413-thread-1] INFO  server.RaftServerConfigKeys (ConfUtils.java:logGet(43)) - raft.server.snapshot.retention.file.num = 5 (custom)
2019-10-04 18:30:54,497 [pool-423-thread-1] INFO  server.RaftServerConfigKeys (ConfUtils.java:logGet(43)) - raft.server.snapshot.retention.file.num = 5 (custom)
2019-10-04 18:30:54,497 [pool-413-thread-1] INFO  server.RaftServerConfigKeys (ConfUtils.java:logGet(43)) - raft.server.retrycache.expirytime = 600000ms (custom)
2019-10-04 18:30:54,497 [pool-423-thread-1] INFO  server.RaftServerConfigKeys (ConfUtils.java:logGet(43)) - raft.server.retrycache.expirytime = 600000ms (custom)
2019-10-04 18:30:54,500 [pool-413-thread-1] INFO  impl.RaftServerImpl (RaftServerImpl.java:start(181)) - 4a70b110-ff43-4cac-b5ee-6528b3788ac4@group-2861C498A011: start as a follower, conf=-1: [4a70b110-ff43-4cac-b5ee-6528b3788ac4:192.168.151.69:34008, 63dfe16d-b20c-4bde-9449-5eaa4e0dc0eb:192.168.151.69:34821, 35b35391-39fa-4c79-bcf1-9d6b364dbab2:192.168.151.69:38610], old=null
2019-10-04 18:30:54,501 [pool-423-thread-1] INFO  impl.RaftServerImpl (RaftServerImpl.java:start(181)) - 35b35391-39fa-4c79-bcf1-9d6b364dbab2@group-2861C498A011: start as a follower, conf=-1: [4a70b110-ff43-4cac-b5ee-6528b3788ac4:192.168.151.69:34008, 63dfe16d-b20c-4bde-9449-5eaa4e0dc0eb:192.168.151.69:34821, 35b35391-39fa-4c79-bcf1-9d6b364dbab2:192.168.151.69:38610], old=null
2019-10-04 18:30:54,501 [pool-413-thread-1] INFO  impl.RaftServerImpl (RaftServerImpl.java:setRole(170)) - 4a70b110-ff43-4cac-b5ee-6528b3788ac4@group-2861C498A011: changes role from      null to FOLLOWER at term 0 for startAsFollower
2019-10-04 18:30:54,501 [pool-423-thread-1] INFO  impl.RaftServerImpl (RaftServerImpl.java:setRole(170)) - 35b35391-39fa-4c79-bcf1-9d6b364dbab2@group-2861C498A011: changes role from      null to FOLLOWER at term 0 for startAsFollower
2019-10-04 18:30:54,501 [pool-413-thread-1] INFO  impl.RoleInfo (RoleInfo.java:updateAndGet(143)) - 4a70b110-ff43-4cac-b5ee-6528b3788ac4: start FollowerState
2019-10-04 18:30:54,501 [pool-423-thread-1] INFO  impl.RoleInfo (RoleInfo.java:updateAndGet(143)) - 35b35391-39fa-4c79-bcf1-9d6b364dbab2: start FollowerState
2019-10-04 18:30:54,501 [pool-413-thread-1] INFO  util.JmxRegister (JmxRegister.java:tryRegister(44)) - Successfully registered JMX Bean with object name Ratis:service=RaftServer,group=group-2861C498A011,id=4a70b110-ff43-4cac-b5ee-6528b3788ac4
2019-10-04 18:30:54,501 [pool-423-thread-1] INFO  util.JmxRegister (JmxRegister.java:tryRegister(44)) - Successfully registered JMX Bean with object name Ratis:service=RaftServer,group=group-2861C498A011,id=35b35391-39fa-4c79-bcf1-9d6b364dbab2
2019-10-04 18:30:54,506 [RatisPipelineUtilsThread] INFO  pipeline.PipelineStateManager (PipelineStateManager.java:addPipeline(56)) - Created pipeline Pipeline[ Id: 0ce89749-3a3a-4b70-88dd-2861c498a011, Nodes: 35b35391-39fa-4c79-bcf1-9d6b364dbab2{ip: 192.168.151.69, host: pr-hdds-2251-hdm2b-3409562618, networkLocation: /default-rack, certSerialId: null}4a70b110-ff43-4cac-b5ee-6528b3788ac4{ip: 192.168.151.69, host: pr-hdds-2251-hdm2b-3409562618, networkLocation: /default-rack, certSerialId: null}63dfe16d-b20c-4bde-9449-5eaa4e0dc0eb{ip: 192.168.151.69, host: pr-hdds-2251-hdm2b-3409562618, networkLocation: /default-rack, certSerialId: null}, Type:RATIS, Factor:THREE, State:OPEN]
2019-10-04 18:30:56,876 [Thread-2288] INFO  container.ReplicationManager (ReplicationManager.java:start(162)) - Starting Replication Monitor Thread.
2019-10-04 18:30:56,881 [ReplicationMonitor] INFO  container.ReplicationManager (ReplicationManager.java:run(225)) - Replication Monitor Thread took 0 milliseconds for processing 1 containers.
2019-10-04 18:30:59,027 [Thread-2290] INFO  impl.FollowerState (FollowerState.java:run(108)) - b3bdad10-6611-41cd-b376-42dbd00800b9@group-45B9EC727ADE-FollowerState: change to CANDIDATE, lastRpcTime:5098ms, electionTimeout:5098ms
2019-10-04 18:30:59,028 [Thread-2290] INFO  impl.RoleInfo (RoleInfo.java:shutdownFollowerState(121)) - b3bdad10-6611-41cd-b376-42dbd00800b9: shutdown FollowerState
2019-10-04 18:30:59,028 [Thread-2290] INFO  impl.RaftServerImpl (RaftServerImpl.java:setRole(170)) - b3bdad10-6611-41cd-b376-42dbd00800b9@group-45B9EC727ADE: changes role from  FOLLOWER to CANDIDATE at term 0 for changeToCandidate
2019-10-04 18:30:59,029 [Thread-2290] INFO  impl.RoleInfo (RoleInfo.java:updateAndGet(143)) - b3bdad10-6611-41cd-b376-42dbd00800b9: start LeaderElection
2019-10-04 18:30:59,051 [b3bdad10-6611-41cd-b376-42dbd00800b9@group-45B9EC727ADE-LeaderElection60] INFO  impl.LeaderElection (LeaderElection.java:askForVotes(178)) - b3bdad10-6611-41cd-b376-42dbd00800b9@group-45B9EC727ADE-LeaderElection60: begin an election at term 1 for -1: [b3bdad10-6611-41cd-b376-42dbd00800b9:192.168.151.69:45520], old=null
2019-10-04 18:30:59,051 [b3bdad10-6611-41cd-b376-42dbd00800b9@group-45B9EC727ADE-LeaderElection60] INFO  impl.RoleInfo (RoleInfo.java:shutdownLeaderElection(134)) - b3bdad10-6611-41cd-b376-42dbd00800b9: shutdown LeaderElection
2019-10-04 18:30:59,051 [b3bdad10-6611-41cd-b376-42dbd00800b9@group-45B9EC727ADE-LeaderElection60] INFO  impl.RaftServerImpl (RaftServerImpl.java:setRole(170)) - b3bdad10-6611-41cd-b376-42dbd00800b9@group-45B9EC727ADE: changes role from CANDIDATE to LEADER at term 1 for changeToLeader
2019-10-04 18:30:59,052 [b3bdad10-6611-41cd-b376-42dbd00800b9@group-45B9EC727ADE-LeaderElection60] INFO  impl.RaftServerImpl (ServerState.java:setLeader(255)) - b3bdad10-6611-41cd-b376-42dbd00800b9@group-45B9EC727ADE: change Leader from null to b3bdad10-6611-41cd-b376-42dbd00800b9 at term 1 for becomeLeader, leader elected after 5131ms
2019-10-04 18:30:59,052 [b3bdad10-6611-41cd-b376-42dbd00800b9@group-45B9EC727ADE-LeaderElection60] INFO  server.RaftServerConfigKeys (ConfUtils.java:logGet(43)) - raft.server.staging.catchup.gap = 1000 (default)
2019-10-04 18:30:59,052 [b3bdad10-6611-41cd-b376-42dbd00800b9@group-45B9EC727ADE-LeaderElection60] INFO  server.RaftServerConfigKeys (ConfUtils.java:logGet(43)) - raft.server.rpc.sleep.time = 25ms (default)
2019-10-04 18:30:59,052 [b3bdad10-6611-41cd-b376-42dbd00800b9@group-45B9EC727ADE-LeaderElection60] INFO  server.RaftServerConfigKeys (ConfUtils.java:logGet(43)) - raft.server.write.element-limit = 4096 (default)
2019-10-04 18:30:59,053 [b3bdad10-6611-41cd-b376-42dbd00800b9@group-45B9EC727ADE-LeaderElection60] INFO  server.RaftServerConfigKeys (ConfUtils.java:logGet(43)) - raft.server.watch.timeout = 10s (default)
2019-10-04 18:30:59,053 [b3bdad10-6611-41cd-b376-42dbd00800b9@group-45B9EC727ADE-LeaderElection60] INFO  server.RaftServerConfigKeys (ConfUtils.java:logGet(43)) - raft.server.watch.timeout.denomination = 1s (default)
2019-10-04 18:30:59,053 [b3bdad10-6611-41cd-b376-42dbd00800b9@group-45B9EC727ADE-LeaderElection60] INFO  server.RaftServerConfigKeys (ConfUtils.java:logGet(43)) - raft.server.watch.element-limit = 65536 (default)
2019-10-04 18:30:59,055 [b3bdad10-6611-41cd-b376-42dbd00800b9@group-45B9EC727ADE-LeaderElection60] INFO  impl.RoleInfo (RoleInfo.java:updateAndGet(143)) - b3bdad10-6611-41cd-b376-42dbd00800b9: start LeaderState
2019-10-04 18:30:59,056 [b3bdad10-6611-41cd-b376-42dbd00800b9@group-45B9EC727ADE-LeaderElection60] INFO  segmented.SegmentedRaftLogWorker (SegmentedRaftLogWorker.java:startLogSegment(385)) - b3bdad10-6611-41cd-b376-42dbd00800b9@group-45B9EC727ADE-SegmentedRaftLogWorker: Starting segment from index:0
2019-10-04 18:30:59,057 [b3bdad10-6611-41cd-b376-42dbd00800b9@group-45B9EC727ADE-LeaderElection60] INFO  impl.RaftServerImpl (ServerState.java:setRaftConf(356)) - b3bdad10-6611-41cd-b376-42dbd00800b9@group-45B9EC727ADE: set configuration 0: [b3bdad10-6611-41cd-b376-42dbd00800b9:192.168.151.69:45520], old=null at 0
2019-10-04 18:30:59,076 [Thread-2296] INFO  impl.FollowerState (FollowerState.java:run(108)) - a20eaa42-9a2c-4211-905d-cb53095c4333@group-D0CE4B09A9D9-FollowerState: change to CANDIDATE, lastRpcTime:5017ms, electionTimeout:5017ms
2019-10-04 18:30:59,076 [Thread-2296] INFO  impl.RoleInfo (RoleInfo.java:shutdownFollowerState(121)) - a20eaa42-9a2c-4211-905d-cb53095c4333: shutdown FollowerState
2019-10-04 18:30:59,076 [Thread-2296] INFO  impl.RaftServerImpl (RaftServerImpl.java:setRole(170)) - a20eaa42-9a2c-4211-905d-cb53095c4333@group-D0CE4B09A9D9: changes role from  FOLLOWER to CANDIDATE at term 0 for changeToCandidate
2019-10-04 18:30:59,076 [Thread-2296] INFO  impl.RoleInfo (RoleInfo.java:updateAndGet(143)) - a20eaa42-9a2c-4211-905d-cb53095c4333: start LeaderElection
2019-10-04 18:30:59,110 [b3bdad10-6611-41cd-b376-42dbd00800b9@group-45B9EC727ADE-SegmentedRaftLogWorker] INFO  segmented.SegmentedRaftLogWorker (SegmentedRaftLogWorker.java:execute(574)) - b3bdad10-6611-41cd-b376-42dbd00800b9@group-45B9EC727ADE-SegmentedRaftLogWorker: created new log segment /workdir/hadoop-ozone/integration-test/target/test-dir/MiniOzoneClusterImpl-40aa0599-d041-4cda-960e-73fe4e35f879/datanode-0/data/ratis/45d9f772-dfc2-40ca-877f-45b9ec727ade/current/log_inprogress_0
2019-10-04 18:30:59,111 [a20eaa42-9a2c-4211-905d-cb53095c4333@group-D0CE4B09A9D9-LeaderElection61] INFO  impl.LeaderElection (LeaderElection.java:askForVotes(178)) - a20eaa42-9a2c-4211-905d-cb53095c4333@group-D0CE4B09A9D9-LeaderElection61: begin an election at term 1 for -1: [a20eaa42-9a2c-4211-905d-cb53095c4333:192.168.151.69:36330], old=null
2019-10-04 18:30:59,111 [a20eaa42-9a2c-4211-905d-cb53095c4333@group-D0CE4B09A9D9-LeaderElection61] INFO  impl.RoleInfo (RoleInfo.java:shutdownLeaderElection(134)) - a20eaa42-9a2c-4211-905d-cb53095c4333: shutdown LeaderElection
2019-10-04 18:30:59,111 [a20eaa42-9a2c-4211-905d-cb53095c4333@group-D0CE4B09A9D9-LeaderElection61] INFO  impl.RaftServerImpl (RaftServerImpl.java:setRole(170)) - a20eaa42-9a2c-4211-905d-cb53095c4333@group-D0CE4B09A9D9: changes role from CANDIDATE to LEADER at term 1 for changeToLeader
2019-10-04 18:30:59,111 [a20eaa42-9a2c-4211-905d-cb53095c4333@group-D0CE4B09A9D9-LeaderElection61] INFO  impl.RaftServerImpl (ServerState.java:setLeader(255)) - a20eaa42-9a2c-4211-905d-cb53095c4333@group-D0CE4B09A9D9: change Leader from null to a20eaa42-9a2c-4211-905d-cb53095c4333 at term 1 for becomeLeader, leader elected after 5059ms
2019-10-04 18:30:59,111 [a20eaa42-9a2c-4211-905d-cb53095c4333@group-D0CE4B09A9D9-LeaderElection61] INFO  server.RaftServerConfigKeys (ConfUtils.java:logGet(43)) - raft.server.staging.catchup.gap = 1000 (default)
2019-10-04 18:30:59,111 [a20eaa42-9a2c-4211-905d-cb53095c4333@group-D0CE4B09A9D9-LeaderElection61] INFO  server.RaftServerConfigKeys (ConfUtils.java:logGet(43)) - raft.server.rpc.sleep.time = 25ms (default)
2019-10-04 18:30:59,112 [a20eaa42-9a2c-4211-905d-cb53095c4333@group-D0CE4B09A9D9-LeaderElection61] INFO  server.RaftServerConfigKeys (ConfUtils.java:logGet(43)) - raft.server.write.element-limit = 4096 (default)
2019-10-04 18:30:59,112 [a20eaa42-9a2c-4211-905d-cb53095c4333@group-D0CE4B09A9D9-LeaderElection61] INFO  server.RaftServerConfigKeys (ConfUtils.java:logGet(43)) - raft.server.watch.timeout = 10s (default)
2019-10-04 18:30:59,112 [a20eaa42-9a2c-4211-905d-cb53095c4333@group-D0CE4B09A9D9-LeaderElection61] INFO  server.RaftServerConfigKeys (ConfUtils.java:logGet(43)) - raft.server.watch.timeout.denomination = 1s (default)
2019-10-04 18:30:59,112 [a20eaa42-9a2c-4211-905d-cb53095c4333@group-D0CE4B09A9D9-LeaderElection61] INFO  server.RaftServerConfigKeys (ConfUtils.java:logGet(43)) - raft.server.watch.element-limit = 65536 (default)
2019-10-04 18:30:59,114 [a20eaa42-9a2c-4211-905d-cb53095c4333@group-D0CE4B09A9D9-LeaderElection61] INFO  impl.RoleInfo (RoleInfo.java:updateAndGet(143)) - a20eaa42-9a2c-4211-905d-cb53095c4333: start LeaderState
2019-10-04 18:30:59,114 [a20eaa42-9a2c-4211-905d-cb53095c4333@group-D0CE4B09A9D9-LeaderElection61] INFO  segmented.SegmentedRaftLogWorker (SegmentedRaftLogWorker.java:startLogSegment(385)) - a20eaa42-9a2c-4211-905d-cb53095c4333@group-D0CE4B09A9D9-SegmentedRaftLogWorker: Starting segment from index:0
2019-10-04 18:30:59,115 [a20eaa42-9a2c-4211-905d-cb53095c4333@group-D0CE4B09A9D9-LeaderElection61] INFO  impl.RaftServerImpl (ServerState.java:setRaftConf(356)) - a20eaa42-9a2c-4211-905d-cb53095c4333@group-D0CE4B09A9D9: set configuration 0: [a20eaa42-9a2c-4211-905d-cb53095c4333:192.168.151.69:36330], old=null at 0
2019-10-04 18:30:59,138 [Thread-2300] INFO  impl.FollowerState (FollowerState.java:run(108)) - b3bdad10-6611-41cd-b376-42dbd00800b9@group-8B01D83A85E7-FollowerState: change to CANDIDATE, lastRpcTime:5022ms, electionTimeout:5022ms
2019-10-04 18:30:59,138 [Thread-2300] INFO  impl.RoleInfo (RoleInfo.java:shutdownFollowerState(121)) - b3bdad10-6611-41cd-b376-42dbd00800b9: shutdown FollowerState
2019-10-04 18:30:59,138 [Thread-2300] INFO  impl.RaftServerImpl (RaftServerImpl.java:setRole(170)) - b3bdad10-6611-41cd-b376-42dbd00800b9@group-8B01D83A85E7: changes role from  FOLLOWER to CANDIDATE at term 0 for changeToCandidate
2019-10-04 18:30:59,138 [Thread-2300] INFO  impl.RoleInfo (RoleInfo.java:updateAndGet(143)) - b3bdad10-6611-41cd-b376-42dbd00800b9: start LeaderElection
2019-10-04 18:30:59,146 [Thread-2293] INFO  impl.FollowerState (FollowerState.java:run(108)) - 7d73eae5-24f4-42cb-b7bb-a3533158692a@group-AF794DB7A105-FollowerState: change to CANDIDATE, lastRpcTime:5163ms, electionTimeout:5162ms
2019-10-04 18:30:59,146 [Thread-2293] INFO  impl.RoleInfo (RoleInfo.java:shutdownFollowerState(121)) - 7d73eae5-24f4-42cb-b7bb-a3533158692a: shutdown FollowerState
2019-10-04 18:30:59,146 [Thread-2293] INFO  impl.RaftServerImpl (RaftServerImpl.java:setRole(170)) - 7d73eae5-24f4-42cb-b7bb-a3533158692a@group-AF794DB7A105: changes role from  FOLLOWER to CANDIDATE at term 0 for changeToCandidate
2019-10-04 18:30:59,146 [Thread-2293] INFO  impl.RoleInfo (RoleInfo.java:updateAndGet(143)) - 7d73eae5-24f4-42cb-b7bb-a3533158692a: start LeaderElection
2019-10-04 18:30:59,150 [a20eaa42-9a2c-4211-905d-cb53095c4333@group-D0CE4B09A9D9-SegmentedRaftLogWorker] INFO  segmented.SegmentedRaftLogWorker (SegmentedRaftLogWorker.java:execute(574)) - a20eaa42-9a2c-4211-905d-cb53095c4333@group-D0CE4B09A9D9-SegmentedRaftLogWorker: created new log segment /workdir/hadoop-ozone/integration-test/target/test-dir/MiniOzoneClusterImpl-40aa0599-d041-4cda-960e-73fe4e35f879/datanode-2/data/ratis/156336cd-f6b4-4c81-bea2-d0ce4b09a9d9/current/log_inprogress_0
2019-10-04 18:30:59,153 [7d73eae5-24f4-42cb-b7bb-a3533158692a@group-AF794DB7A105-LeaderElection63] INFO  impl.LeaderElection (LeaderElection.java:askForVotes(178)) - 7d73eae5-24f4-42cb-b7bb-a3533158692a@group-AF794DB7A105-LeaderElection63: begin an election at term 1 for -1: [7d73eae5-24f4-42cb-b7bb-a3533158692a:192.168.151.69:34472], old=null
2019-10-04 18:30:59,153 [b3bdad10-6611-41cd-b376-42dbd00800b9@group-8B01D83A85E7-LeaderElection62] INFO  impl.LeaderElection (LeaderElection.java:askForVotes(178)) - b3bdad10-6611-41cd-b376-42dbd00800b9@group-8B01D83A85E7-LeaderElection62: begin an election at term 1 for -1: [7d73eae5-24f4-42cb-b7bb-a3533158692a:192.168.151.69:34472, a20eaa42-9a2c-4211-905d-cb53095c4333:192.168.151.69:36330, b3bdad10-6611-41cd-b376-42dbd00800b9:192.168.151.69:45520], old=null
2019-10-04 18:30:59,153 [7d73eae5-24f4-42cb-b7bb-a3533158692a@group-AF794DB7A105-LeaderElection63] INFO  impl.RoleInfo (RoleInfo.java:shutdownLeaderElection(134)) - 7d73eae5-24f4-42cb-b7bb-a3533158692a: shutdown LeaderElection
2019-10-04 18:30:59,154 [7d73eae5-24f4-42cb-b7bb-a3533158692a@group-AF794DB7A105-LeaderElection63] INFO  impl.RaftServerImpl (RaftServerImpl.java:setRole(170)) - 7d73eae5-24f4-42cb-b7bb-a3533158692a@group-AF794DB7A105: changes role from CANDIDATE to LEADER at term 1 for changeToLeader
2019-10-04 18:30:59,154 [7d73eae5-24f4-42cb-b7bb-a3533158692a@group-AF794DB7A105-LeaderElection63] INFO  impl.RaftServerImpl (ServerState.java:setLeader(255)) - 7d73eae5-24f4-42cb-b7bb-a3533158692a@group-AF794DB7A105: change Leader from null to 7d73eae5-24f4-42cb-b7bb-a3533158692a at term 1 for becomeLeader, leader elected after 5176ms
2019-10-04 18:30:59,154 [7d73eae5-24f4-42cb-b7bb-a3533158692a@group-AF794DB7A105-LeaderElection63] INFO  server.RaftServerConfigKeys (ConfUtils.java:logGet(43)) - raft.server.staging.catchup.gap = 1000 (default)
2019-10-04 18:30:59,154 [7d73eae5-24f4-42cb-b7bb-a3533158692a@group-AF794DB7A105-LeaderElection63] INFO  server.RaftServerConfigKeys (ConfUtils.java:logGet(43)) - raft.server.rpc.sleep.time = 25ms (default)
2019-10-04 18:30:59,154 [7d73eae5-24f4-42cb-b7bb-a3533158692a@group-AF794DB7A105-LeaderElection63] INFO  server.RaftServerConfigKeys (ConfUtils.java:logGet(43)) - raft.server.write.element-limit = 4096 (default)
2019-10-04 18:30:59,154 [7d73eae5-24f4-42cb-b7bb-a3533158692a@group-AF794DB7A105-LeaderElection63] INFO  server.RaftServerConfigKeys (ConfUtils.java:logGet(43)) - raft.server.watch.timeout = 10s (default)
2019-10-04 18:30:59,154 [7d73eae5-24f4-42cb-b7bb-a3533158692a@group-AF794DB7A105-LeaderElection63] INFO  server.RaftServerConfigKeys (ConfUtils.java:logGet(43)) - raft.server.watch.timeout.denomination = 1s (default)
2019-10-04 18:30:59,154 [7d73eae5-24f4-42cb-b7bb-a3533158692a@group-AF794DB7A105-LeaderElection63] INFO  server.RaftServerConfigKeys (ConfUtils.java:logGet(43)) - raft.server.watch.element-limit = 65536 (default)
2019-10-04 18:30:59,156 [7d73eae5-24f4-42cb-b7bb-a3533158692a@group-AF794DB7A105-LeaderElection63] INFO  impl.RoleInfo (RoleInfo.java:updateAndGet(143)) - 7d73eae5-24f4-42cb-b7bb-a3533158692a: start LeaderState
2019-10-04 18:30:59,156 [7d73eae5-24f4-42cb-b7bb-a3533158692a@group-AF794DB7A105-LeaderElection63] INFO  segmented.SegmentedRaftLogWorker (SegmentedRaftLogWorker.java:startLogSegment(385)) - 7d73eae5-24f4-42cb-b7bb-a3533158692a@group-AF794DB7A105-SegmentedRaftLogWorker: Starting segment from index:0
2019-10-04 18:30:59,157 [7d73eae5-24f4-42cb-b7bb-a3533158692a@group-AF794DB7A105-LeaderElection63] INFO  impl.RaftServerImpl (ServerState.java:setRaftConf(356)) - 7d73eae5-24f4-42cb-b7bb-a3533158692a@group-AF794DB7A105: set configuration 0: [7d73eae5-24f4-42cb-b7bb-a3533158692a:192.168.151.69:34472], old=null at 0
2019-10-04 18:30:59,158 [grpc-default-executor-5] INFO  impl.RaftServerImpl (RaftServerImpl.java:setRole(170)) - a20eaa42-9a2c-4211-905d-cb53095c4333@group-8B01D83A85E7: changes role from  FOLLOWER to FOLLOWER at term 1 for recognizeCandidate:b3bdad10-6611-41cd-b376-42dbd00800b9
2019-10-04 18:30:59,158 [grpc-default-executor-2] INFO  impl.RaftServerImpl (RaftServerImpl.java:setRole(170)) - 7d73eae5-24f4-42cb-b7bb-a3533158692a@group-8B01D83A85E7: changes role from  FOLLOWER to FOLLOWER at term 1 for recognizeCandidate:b3bdad10-6611-41cd-b376-42dbd00800b9
2019-10-04 18:30:59,158 [grpc-default-executor-5] INFO  impl.RoleInfo (RoleInfo.java:shutdownFollowerState(121)) - a20eaa42-9a2c-4211-905d-cb53095c4333: shutdown FollowerState
2019-10-04 18:30:59,158 [grpc-default-executor-2] INFO  impl.RoleInfo (RoleInfo.java:shutdownFollowerState(121)) - 7d73eae5-24f4-42cb-b7bb-a3533158692a: shutdown FollowerState
2019-10-04 18:30:59,159 [Thread-2302] INFO  impl.FollowerState (FollowerState.java:run(117)) - a20eaa42-9a2c-4211-905d-cb53095c4333@group-8B01D83A85E7-FollowerState was interrupted: java.lang.InterruptedException: sleep interrupted
2019-10-04 18:30:59,159 [grpc-default-executor-2] INFO  impl.RoleInfo (RoleInfo.java:updateAndGet(143)) - 7d73eae5-24f4-42cb-b7bb-a3533158692a: start FollowerState
2019-10-04 18:30:59,159 [grpc-default-executor-5] INFO  impl.RoleInfo (RoleInfo.java:updateAndGet(143)) - a20eaa42-9a2c-4211-905d-cb53095c4333: start FollowerState
2019-10-04 18:30:59,159 [Thread-2304] INFO  impl.FollowerState (FollowerState.java:run(117)) - 7d73eae5-24f4-42cb-b7bb-a3533158692a@group-8B01D83A85E7-FollowerState was interrupted: java.lang.InterruptedException: sleep interrupted
2019-10-04 18:30:59,165 [b3bdad10-6611-41cd-b376-42dbd00800b9@group-8B01D83A85E7-LeaderElection62] INFO  impl.LeaderElection (LeaderElection.java:logAndReturn(56)) - b3bdad10-6611-41cd-b376-42dbd00800b9@group-8B01D83A85E7-LeaderElection62: Election PASSED; received 1 response(s) [b3bdad10-6611-41cd-b376-42dbd00800b9<-7d73eae5-24f4-42cb-b7bb-a3533158692a#0:OK-t1] and 0 exception(s); b3bdad10-6611-41cd-b376-42dbd00800b9@group-8B01D83A85E7:t1, leader=null, voted=b3bdad10-6611-41cd-b376-42dbd00800b9, raftlog=b3bdad10-6611-41cd-b376-42dbd00800b9@group-8B01D83A85E7-SegmentedRaftLog:OPENED:c-1,f-1,i0, conf=-1: [7d73eae5-24f4-42cb-b7bb-a3533158692a:192.168.151.69:34472, a20eaa42-9a2c-4211-905d-cb53095c4333:192.168.151.69:36330, b3bdad10-6611-41cd-b376-42dbd00800b9:192.168.151.69:45520], old=null
2019-10-04 18:30:59,165 [b3bdad10-6611-41cd-b376-42dbd00800b9@group-8B01D83A85E7-LeaderElection62] INFO  impl.RoleInfo (RoleInfo.java:shutdownLeaderElection(134)) - b3bdad10-6611-41cd-b376-42dbd00800b9: shutdown LeaderElection
2019-10-04 18:30:59,165 [b3bdad10-6611-41cd-b376-42dbd00800b9@group-8B01D83A85E7-LeaderElection62] INFO  impl.RaftServerImpl (RaftServerImpl.java:setRole(170)) - b3bdad10-6611-41cd-b376-42dbd00800b9@group-8B01D83A85E7: changes role from CANDIDATE to LEADER at term 1 for changeToLeader
2019-10-04 18:30:59,166 [b3bdad10-6611-41cd-b376-42dbd00800b9@group-8B01D83A85E7-LeaderElection62] INFO  impl.RaftServerImpl (ServerState.java:setLeader(255)) - b3bdad10-6611-41cd-b376-42dbd00800b9@group-8B01D83A85E7: change Leader from null to b3bdad10-6611-41cd-b376-42dbd00800b9 at term 1 for becomeLeader, leader elected after 5057ms
2019-10-04 18:30:59,166 [b3bdad10-6611-41cd-b376-42dbd00800b9@group-8B01D83A85E7-LeaderElection62] INFO  server.RaftServerConfigKeys (ConfUtils.java:logGet(43)) - raft.server.staging.catchup.gap = 1000 (default)
2019-10-04 18:30:59,166 [b3bdad10-6611-41cd-b376-42dbd00800b9@group-8B01D83A85E7-LeaderElection62] INFO  server.RaftServerConfigKeys (ConfUtils.java:logGet(43)) - raft.server.rpc.sleep.time = 25ms (default)
2019-10-04 18:30:59,166 [b3bdad10-6611-41cd-b376-42dbd00800b9@group-8B01D83A85E7-LeaderElection62] INFO  server.RaftServerConfigKeys (ConfUtils.java:logGet(43)) - raft.server.write.element-limit = 4096 (default)
2019-10-04 18:30:59,166 [b3bdad10-6611-41cd-b376-42dbd00800b9@group-8B01D83A85E7-LeaderElection62] INFO  server.RaftServerConfigKeys (ConfUtils.java:logGet(43)) - raft.server.watch.timeout = 10s (default)
2019-10-04 18:30:59,166 [b3bdad10-6611-41cd-b376-42dbd00800b9@group-8B01D83A85E7-LeaderElection62] INFO  server.RaftServerConfigKeys (ConfUtils.java:logGet(43)) - raft.server.watch.timeout.denomination = 1s (default)
2019-10-04 18:30:59,166 [b3bdad10-6611-41cd-b376-42dbd00800b9@group-8B01D83A85E7-LeaderElection62] INFO  server.RaftServerConfigKeys (ConfUtils.java:logGet(43)) - raft.server.watch.element-limit = 65536 (default)
2019-10-04 18:30:59,168 [b3bdad10-6611-41cd-b376-42dbd00800b9@group-8B01D83A85E7-LeaderElection62] INFO  server.RaftServerConfigKeys (ConfUtils.java:logGet(43)) - raft.server.log.appender.snapshot.chunk.size.max = 16MB (=16777216) (default)
2019-10-04 18:30:59,168 [b3bdad10-6611-41cd-b376-42dbd00800b9@group-8B01D83A85E7-LeaderElection62] INFO  server.RaftServerConfigKeys (ConfUtils.java:logGet(43)) - raft.server.log.appender.buffer.byte-limit = 33554432 (custom)
2019-10-04 18:30:59,168 [b3bdad10-6611-41cd-b376-42dbd00800b9@group-8B01D83A85E7-LeaderElection62] INFO  server.RaftServerConfigKeys (ConfUtils.java:logGet(43)) - raft.server.log.appender.buffer.element-limit = 1 (custom)
2019-10-04 18:30:59,168 [b3bdad10-6611-41cd-b376-42dbd00800b9@group-8B01D83A85E7-LeaderElection62] INFO  grpc.GrpcConfigKeys$Server (ConfUtils.java:logGet(43)) - raft.grpc.server.leader.outstanding.appends.max = 128 (default)
2019-10-04 18:30:59,169 [b3bdad10-6611-41cd-b376-42dbd00800b9@group-8B01D83A85E7-LeaderElection62] INFO  server.RaftServerConfigKeys (ConfUtils.java:logGet(43)) - raft.server.rpc.request.timeout = 3000ms (default)
2019-10-04 18:30:59,169 [b3bdad10-6611-41cd-b376-42dbd00800b9@group-8B01D83A85E7-LeaderElection62] INFO  server.RaftServerConfigKeys (ConfUtils.java:logGet(43)) - raft.server.log.appender.install.snapshot.enabled = false (custom)
2019-10-04 18:30:59,169 [b3bdad10-6611-41cd-b376-42dbd00800b9@group-8B01D83A85E7-LeaderElection62] INFO  server.RaftServerConfigKeys (ConfUtils.java:logGet(43)) - raft.server.log.appender.snapshot.chunk.size.max = 16MB (=16777216) (default)
2019-10-04 18:30:59,169 [b3bdad10-6611-41cd-b376-42dbd00800b9@group-8B01D83A85E7-LeaderElection62] INFO  server.RaftServerConfigKeys (ConfUtils.java:logGet(43)) - raft.server.log.appender.buffer.byte-limit = 33554432 (custom)
2019-10-04 18:30:59,169 [b3bdad10-6611-41cd-b376-42dbd00800b9@group-8B01D83A85E7-LeaderElection62] INFO  server.RaftServerConfigKeys (ConfUtils.java:logGet(43)) - raft.server.log.appender.buffer.element-limit = 1 (custom)
2019-10-04 18:30:59,169 [b3bdad10-6611-41cd-b376-42dbd00800b9@group-8B01D83A85E7-LeaderElection62] INFO  grpc.GrpcConfigKeys$Server (ConfUtils.java:logGet(43)) - raft.grpc.server.leader.outstanding.appends.max = 128 (default)
2019-10-04 18:30:59,169 [b3bdad10-6611-41cd-b376-42dbd00800b9@group-8B01D83A85E7-LeaderElection62] INFO  server.RaftServerConfigKeys (ConfUtils.java:logGet(43)) - raft.server.rpc.request.timeout = 3000ms (default)
2019-10-04 18:30:59,170 [b3bdad10-6611-41cd-b376-42dbd00800b9@group-8B01D83A85E7-LeaderElection62] INFO  server.RaftServerConfigKeys (ConfUtils.java:logGet(43)) - raft.server.log.appender.install.snapshot.enabled = false (custom)
2019-10-04 18:30:59,170 [b3bdad10-6611-41cd-b376-42dbd00800b9@group-8B01D83A85E7-LeaderElection62] INFO  impl.RoleInfo (RoleInfo.java:updateAndGet(143)) - b3bdad10-6611-41cd-b376-42dbd00800b9: start LeaderState
2019-10-04 18:30:59,170 [b3bdad10-6611-41cd-b376-42dbd00800b9@group-8B01D83A85E7-LeaderElection62] INFO  segmented.SegmentedRaftLogWorker (SegmentedRaftLogWorker.java:startLogSegment(385)) - b3bdad10-6611-41cd-b376-42dbd00800b9@group-8B01D83A85E7-SegmentedRaftLogWorker: Starting segment from index:0
2019-10-04 18:30:59,171 [b3bdad10-6611-41cd-b376-42dbd00800b9@group-8B01D83A85E7-LeaderElection62] INFO  impl.RaftServerImpl (ServerState.java:setRaftConf(356)) - b3bdad10-6611-41cd-b376-42dbd00800b9@group-8B01D83A85E7: set configuration 0: [7d73eae5-24f4-42cb-b7bb-a3533158692a:192.168.151.69:34472, a20eaa42-9a2c-4211-905d-cb53095c4333:192.168.151.69:36330, b3bdad10-6611-41cd-b376-42dbd00800b9:192.168.151.69:45520], old=null at 0
2019-10-04 18:30:59,217 [7d73eae5-24f4-42cb-b7bb-a3533158692a@group-AF794DB7A105-SegmentedRaftLogWorker] INFO  segmented.SegmentedRaftLogWorker (SegmentedRaftLogWorker.java:execute(574)) - 7d73eae5-24f4-42cb-b7bb-a3533158692a@group-AF794DB7A105-SegmentedRaftLogWorker: created new log segment /workdir/hadoop-ozone/integration-test/target/test-dir/MiniOzoneClusterImpl-40aa0599-d041-4cda-960e-73fe4e35f879/datanode-1/data/ratis/a4cdf3eb-982b-46f0-8bdf-af794db7a105/current/log_inprogress_0
2019-10-04 18:30:59,217 [b3bdad10-6611-41cd-b376-42dbd00800b9@group-8B01D83A85E7-SegmentedRaftLogWorker] INFO  segmented.SegmentedRaftLogWorker (SegmentedRaftLogWorker.java:execute(574)) - b3bdad10-6611-41cd-b376-42dbd00800b9@group-8B01D83A85E7-SegmentedRaftLogWorker: created new log segment /workdir/hadoop-ozone/integration-test/target/test-dir/MiniOzoneClusterImpl-40aa0599-d041-4cda-960e-73fe4e35f879/datanode-0/data/ratis/aa7f9212-0172-432c-865f-8b01d83a85e7/current/log_inprogress_0
2019-10-04 18:30:59,219 [grpc-default-executor-5] INFO  impl.RaftServerImpl (ServerState.java:setLeader(255)) - a20eaa42-9a2c-4211-905d-cb53095c4333@group-8B01D83A85E7: change Leader from null to b3bdad10-6611-41cd-b376-42dbd00800b9 at term 1 for appendEntries, leader elected after 5110ms
2019-10-04 18:30:59,219 [grpc-default-executor-2] INFO  impl.RaftServerImpl (ServerState.java:setLeader(255)) - 7d73eae5-24f4-42cb-b7bb-a3533158692a@group-8B01D83A85E7: change Leader from null to b3bdad10-6611-41cd-b376-42dbd00800b9 at term 1 for appendEntries, leader elected after 5108ms
2019-10-04 18:30:59,223 [grpc-default-executor-2] INFO  impl.RaftServerImpl (ServerState.java:setRaftConf(356)) - 7d73eae5-24f4-42cb-b7bb-a3533158692a@group-8B01D83A85E7: set configuration 0: [7d73eae5-24f4-42cb-b7bb-a3533158692a:192.168.151.69:34472, a20eaa42-9a2c-4211-905d-cb53095c4333:192.168.151.69:36330, b3bdad10-6611-41cd-b376-42dbd00800b9:192.168.151.69:45520], old=null at 0
2019-10-04 18:30:59,223 [grpc-default-executor-2] INFO  segmented.SegmentedRaftLogWorker (SegmentedRaftLogWorker.java:startLogSegment(385)) - 7d73eae5-24f4-42cb-b7bb-a3533158692a@group-8B01D83A85E7-SegmentedRaftLogWorker: Starting segment from index:0
2019-10-04 18:30:59,223 [grpc-default-executor-5] INFO  impl.RaftServerImpl (ServerState.java:setRaftConf(356)) - a20eaa42-9a2c-4211-905d-cb53095c4333@group-8B01D83A85E7: set configuration 0: [7d73eae5-24f4-42cb-b7bb-a3533158692a:192.168.151.69:34472, a20eaa42-9a2c-4211-905d-cb53095c4333:192.168.151.69:36330, b3bdad10-6611-41cd-b376-42dbd00800b9:192.168.151.69:45520], old=null at 0
2019-10-04 18:30:59,224 [grpc-default-executor-5] INFO  segmented.SegmentedRaftLogWorker (SegmentedRaftLogWorker.java:startLogSegment(385)) - a20eaa42-9a2c-4211-905d-cb53095c4333@group-8B01D83A85E7-SegmentedRaftLogWorker: Starting segment from index:0
2019-10-04 18:30:59,252 [a20eaa42-9a2c-4211-905d-cb53095c4333@group-8B01D83A85E7-SegmentedRaftLogWorker] INFO  segmented.SegmentedRaftLogWorker (SegmentedRaftLogWorker.java:execute(574)) - a20eaa42-9a2c-4211-905d-cb53095c4333@group-8B01D83A85E7-SegmentedRaftLogWorker: created new log segment /workdir/hadoop-ozone/integration-test/target/test-dir/MiniOzoneClusterImpl-40aa0599-d041-4cda-960e-73fe4e35f879/datanode-2/data/ratis/aa7f9212-0172-432c-865f-8b01d83a85e7/current/log_inprogress_0
2019-10-04 18:30:59,252 [7d73eae5-24f4-42cb-b7bb-a3533158692a@group-8B01D83A85E7-SegmentedRaftLogWorker] INFO  segmented.SegmentedRaftLogWorker (SegmentedRaftLogWorker.java:execute(574)) - 7d73eae5-24f4-42cb-b7bb-a3533158692a@group-8B01D83A85E7-SegmentedRaftLogWorker: created new log segment /workdir/hadoop-ozone/integration-test/target/test-dir/MiniOzoneClusterImpl-40aa0599-d041-4cda-960e-73fe4e35f879/datanode-1/data/ratis/aa7f9212-0172-432c-865f-8b01d83a85e7/current/log_inprogress_0
2019-10-04 18:30:59,357 [Thread-2314] INFO  impl.FollowerState (FollowerState.java:run(108)) - 611cf94c-ba39-49f0-800f-d07f18194ef7@group-1E25D995761C-FollowerState: change to CANDIDATE, lastRpcTime:5001ms, electionTimeout:5001ms
2019-10-04 18:30:59,357 [Thread-2314] INFO  impl.RoleInfo (RoleInfo.java:shutdownFollowerState(121)) - 611cf94c-ba39-49f0-800f-d07f18194ef7: shutdown FollowerState
2019-10-04 18:30:59,358 [Thread-2314] INFO  impl.RaftServerImpl (RaftServerImpl.java:setRole(170)) - 611cf94c-ba39-49f0-800f-d07f18194ef7@group-1E25D995761C: changes role from  FOLLOWER to CANDIDATE at term 0 for changeToCandidate
2019-10-04 18:30:59,358 [Thread-2314] INFO  impl.RoleInfo (RoleInfo.java:updateAndGet(143)) - 611cf94c-ba39-49f0-800f-d07f18194ef7: start LeaderElection
2019-10-04 18:30:59,364 [Thread-2308] INFO  impl.FollowerState (FollowerState.java:run(108)) - 35b35391-39fa-4c79-bcf1-9d6b364dbab2@group-84048D1DB729-FollowerState: change to CANDIDATE, lastRpcTime:5105ms, electionTimeout:5103ms
2019-10-04 18:30:59,365 [Thread-2308] INFO  impl.RoleInfo (RoleInfo.java:shutdownFollowerState(121)) - 35b35391-39fa-4c79-bcf1-9d6b364dbab2: shutdown FollowerState
2019-10-04 18:30:59,365 [Thread-2308] INFO  impl.RaftServerImpl (RaftServerImpl.java:setRole(170)) - 35b35391-39fa-4c79-bcf1-9d6b364dbab2@group-84048D1DB729: changes role from  FOLLOWER to CANDIDATE at term 0 for changeToCandidate
2019-10-04 18:30:59,365 [Thread-2308] INFO  impl.RoleInfo (RoleInfo.java:updateAndGet(143)) - 35b35391-39fa-4c79-bcf1-9d6b364dbab2: start LeaderElection
2019-10-04 18:30:59,374 [611cf94c-ba39-49f0-800f-d07f18194ef7@group-1E25D995761C-LeaderElection64] INFO  impl.LeaderElection (LeaderElection.java:askForVotes(178)) - 611cf94c-ba39-49f0-800f-d07f18194ef7@group-1E25D995761C-LeaderElection64: begin an election at term 1 for -1: [611cf94c-ba39-49f0-800f-d07f18194ef7:192.168.151.69:37675], old=null
2019-10-04 18:30:59,374 [35b35391-39fa-4c79-bcf1-9d6b364dbab2@group-84048D1DB729-LeaderElection65] INFO  impl.LeaderElection (LeaderElection.java:askForVotes(178)) - 35b35391-39fa-4c79-bcf1-9d6b364dbab2@group-84048D1DB729-LeaderElection65: begin an election at term 1 for -1: [35b35391-39fa-4c79-bcf1-9d6b364dbab2:192.168.151.69:38610], old=null
2019-10-04 18:30:59,375 [611cf94c-ba39-49f0-800f-d07f18194ef7@group-1E25D995761C-LeaderElection64] INFO  impl.RoleInfo (RoleInfo.java:shutdownLeaderElection(134)) - 611cf94c-ba39-49f0-800f-d07f18194ef7: shutdown LeaderElection
2019-10-04 18:30:59,375 [35b35391-39fa-4c79-bcf1-9d6b364dbab2@group-84048D1DB729-LeaderElection65] INFO  impl.RoleInfo (RoleInfo.java:shutdownLeaderElection(134)) - 35b35391-39fa-4c79-bcf1-9d6b364dbab2: shutdown LeaderElection
2019-10-04 18:30:59,375 [611cf94c-ba39-49f0-800f-d07f18194ef7@group-1E25D995761C-LeaderElection64] INFO  impl.RaftServerImpl (RaftServerImpl.java:setRole(170)) - 611cf94c-ba39-49f0-800f-d07f18194ef7@group-1E25D995761C: changes role from CANDIDATE to LEADER at term 1 for changeToLeader
2019-10-04 18:30:59,375 [35b35391-39fa-4c79-bcf1-9d6b364dbab2@group-84048D1DB729-LeaderElection65] INFO  impl.RaftServerImpl (RaftServerImpl.java:setRole(170)) - 35b35391-39fa-4c79-bcf1-9d6b364dbab2@group-84048D1DB729: changes role from CANDIDATE to LEADER at term 1 for changeToLeader
2019-10-04 18:30:59,375 [611cf94c-ba39-49f0-800f-d07f18194ef7@group-1E25D995761C-LeaderElection64] INFO  impl.RaftServerImpl (ServerState.java:setLeader(255)) - 611cf94c-ba39-49f0-800f-d07f18194ef7@group-1E25D995761C: change Leader from null to 611cf94c-ba39-49f0-800f-d07f18194ef7 at term 1 for becomeLeader, leader elected after 5025ms
2019-10-04 18:30:59,375 [35b35391-39fa-4c79-bcf1-9d6b364dbab2@group-84048D1DB729-LeaderElection65] INFO  impl.RaftServerImpl (ServerState.java:setLeader(255)) - 35b35391-39fa-4c79-bcf1-9d6b364dbab2@group-84048D1DB729: change Leader from null to 35b35391-39fa-4c79-bcf1-9d6b364dbab2 at term 1 for becomeLeader, leader elected after 5124ms
2019-10-04 18:30:59,375 [611cf94c-ba39-49f0-800f-d07f18194ef7@group-1E25D995761C-LeaderElection64] INFO  server.RaftServerConfigKeys (ConfUtils.java:logGet(43)) - raft.server.staging.catchup.gap = 1000 (default)
2019-10-04 18:30:59,375 [35b35391-39fa-4c79-bcf1-9d6b364dbab2@group-84048D1DB729-LeaderElection65] INFO  server.RaftServerConfigKeys (ConfUtils.java:logGet(43)) - raft.server.staging.catchup.gap = 1000 (default)
2019-10-04 18:30:59,375 [611cf94c-ba39-49f0-800f-d07f18194ef7@group-1E25D995761C-LeaderElection64] INFO  server.RaftServerConfigKeys (ConfUtils.java:logGet(43)) - raft.server.rpc.sleep.time = 25ms (default)
2019-10-04 18:30:59,375 [35b35391-39fa-4c79-bcf1-9d6b364dbab2@group-84048D1DB729-LeaderElection65] INFO  server.RaftServerConfigKeys (ConfUtils.java:logGet(43)) - raft.server.rpc.sleep.time = 25ms (default)
2019-10-04 18:30:59,376 [611cf94c-ba39-49f0-800f-d07f18194ef7@group-1E25D995761C-LeaderElection64] INFO  server.RaftServerConfigKeys (ConfUtils.java:logGet(43)) - raft.server.write.element-limit = 4096 (default)
2019-10-04 18:30:59,376 [35b35391-39fa-4c79-bcf1-9d6b364dbab2@group-84048D1DB729-LeaderElection65] INFO  server.RaftServerConfigKeys (ConfUtils.java:logGet(43)) - raft.server.write.element-limit = 4096 (default)
2019-10-04 18:30:59,376 [611cf94c-ba39-49f0-800f-d07f18194ef7@group-1E25D995761C-LeaderElection64] INFO  server.RaftServerConfigKeys (ConfUtils.java:logGet(43)) - raft.server.watch.timeout = 10s (default)
2019-10-04 18:30:59,376 [35b35391-39fa-4c79-bcf1-9d6b364dbab2@group-84048D1DB729-LeaderElection65] INFO  server.RaftServerConfigKeys (ConfUtils.java:logGet(43)) - raft.server.watch.timeout = 10s (default)
2019-10-04 18:30:59,376 [611cf94c-ba39-49f0-800f-d07f18194ef7@group-1E25D995761C-LeaderElection64] INFO  server.RaftServerConfigKeys (ConfUtils.java:logGet(43)) - raft.server.watch.timeout.denomination = 1s (default)
2019-10-04 18:30:59,376 [35b35391-39fa-4c79-bcf1-9d6b364dbab2@group-84048D1DB729-LeaderElection65] INFO  server.RaftServerConfigKeys (ConfUtils.java:logGet(43)) - raft.server.watch.timeout.denomination = 1s (default)
2019-10-04 18:30:59,376 [611cf94c-ba39-49f0-800f-d07f18194ef7@group-1E25D995761C-LeaderElection64] INFO  server.RaftServerConfigKeys (ConfUtils.java:logGet(43)) - raft.server.watch.element-limit = 65536 (default)
2019-10-04 18:30:59,376 [35b35391-39fa-4c79-bcf1-9d6b364dbab2@group-84048D1DB729-LeaderElection65] INFO  server.RaftServerConfigKeys (ConfUtils.java:logGet(43)) - raft.server.watch.element-limit = 65536 (default)
2019-10-04 18:30:59,378 [611cf94c-ba39-49f0-800f-d07f18194ef7@group-1E25D995761C-LeaderElection64] INFO  impl.RoleInfo (RoleInfo.java:updateAndGet(143)) - 611cf94c-ba39-49f0-800f-d07f18194ef7: start LeaderState
2019-10-04 18:30:59,378 [611cf94c-ba39-49f0-800f-d07f18194ef7@group-1E25D995761C-LeaderElection64] INFO  segmented.SegmentedRaftLogWorker (SegmentedRaftLogWorker.java:startLogSegment(385)) - 611cf94c-ba39-49f0-800f-d07f18194ef7@group-1E25D995761C-SegmentedRaftLogWorker: Starting segment from index:0
2019-10-04 18:30:59,379 [611cf94c-ba39-49f0-800f-d07f18194ef7@group-1E25D995761C-LeaderElection64] INFO  impl.RaftServerImpl (ServerState.java:setRaftConf(356)) - 611cf94c-ba39-49f0-800f-d07f18194ef7@group-1E25D995761C: set configuration 0: [611cf94c-ba39-49f0-800f-d07f18194ef7:192.168.151.69:37675], old=null at 0
2019-10-04 18:30:59,379 [35b35391-39fa-4c79-bcf1-9d6b364dbab2@group-84048D1DB729-LeaderElection65] INFO  impl.RoleInfo (RoleInfo.java:updateAndGet(143)) - 35b35391-39fa-4c79-bcf1-9d6b364dbab2: start LeaderState
2019-10-04 18:30:59,379 [35b35391-39fa-4c79-bcf1-9d6b364dbab2@group-84048D1DB729-LeaderElection65] INFO  segmented.SegmentedRaftLogWorker (SegmentedRaftLogWorker.java:startLogSegment(385)) - 35b35391-39fa-4c79-bcf1-9d6b364dbab2@group-84048D1DB729-SegmentedRaftLogWorker: Starting segment from index:0
2019-10-04 18:30:59,380 [35b35391-39fa-4c79-bcf1-9d6b364dbab2@group-84048D1DB729-LeaderElection65] INFO  impl.RaftServerImpl (ServerState.java:setRaftConf(356)) - 35b35391-39fa-4c79-bcf1-9d6b364dbab2@group-84048D1DB729: set configuration 0: [35b35391-39fa-4c79-bcf1-9d6b364dbab2:192.168.151.69:38610], old=null at 0
2019-10-04 18:30:59,419 [611cf94c-ba39-49f0-800f-d07f18194ef7@group-1E25D995761C-SegmentedRaftLogWorker] INFO  segmented.SegmentedRaftLogWorker (SegmentedRaftLogWorker.java:execute(574)) - 611cf94c-ba39-49f0-800f-d07f18194ef7@group-1E25D995761C-SegmentedRaftLogWorker: created new log segment /workdir/hadoop-ozone/integration-test/target/test-dir/MiniOzoneClusterImpl-40aa0599-d041-4cda-960e-73fe4e35f879/datanode-5/data/ratis/6e3f8e23-8dd7-442e-b686-1e25d995761c/current/log_inprogress_0
2019-10-04 18:30:59,419 [35b35391-39fa-4c79-bcf1-9d6b364dbab2@group-84048D1DB729-SegmentedRaftLogWorker] INFO  segmented.SegmentedRaftLogWorker (SegmentedRaftLogWorker.java:execute(574)) - 35b35391-39fa-4c79-bcf1-9d6b364dbab2@group-84048D1DB729-SegmentedRaftLogWorker: created new log segment /workdir/hadoop-ozone/integration-test/target/test-dir/MiniOzoneClusterImpl-40aa0599-d041-4cda-960e-73fe4e35f879/datanode-4/data/ratis/571d26a0-d3de-4e7f-8ce7-84048d1db729/current/log_inprogress_0
2019-10-04 18:30:59,502 [Thread-2322] INFO  impl.FollowerState (FollowerState.java:run(108)) - 63dfe16d-b20c-4bde-9449-5eaa4e0dc0eb@group-2861C498A011-FollowerState: change to CANDIDATE, lastRpcTime:5006ms, electionTimeout:5005ms
2019-10-04 18:30:59,502 [Thread-2322] INFO  impl.RoleInfo (RoleInfo.java:shutdownFollowerState(121)) - 63dfe16d-b20c-4bde-9449-5eaa4e0dc0eb: shutdown FollowerState
2019-10-04 18:30:59,502 [Thread-2311] INFO  impl.FollowerState (FollowerState.java:run(108)) - 4a70b110-ff43-4cac-b5ee-6528b3788ac4@group-D782CA50E979-FollowerState: change to CANDIDATE, lastRpcTime:5193ms, electionTimeout:5193ms
2019-10-04 18:30:59,502 [Thread-2322] INFO  impl.RaftServerImpl (RaftServerImpl.java:setRole(170)) - 63dfe16d-b20c-4bde-9449-5eaa4e0dc0eb@group-2861C498A011: changes role from  FOLLOWER to CANDIDATE at term 0 for changeToCandidate
2019-10-04 18:30:59,503 [Thread-2311] INFO  impl.RoleInfo (RoleInfo.java:shutdownFollowerState(121)) - 4a70b110-ff43-4cac-b5ee-6528b3788ac4: shutdown FollowerState
2019-10-04 18:30:59,503 [Thread-2322] INFO  impl.RoleInfo (RoleInfo.java:updateAndGet(143)) - 63dfe16d-b20c-4bde-9449-5eaa4e0dc0eb: start LeaderElection
2019-10-04 18:30:59,503 [Thread-2311] INFO  impl.RaftServerImpl (RaftServerImpl.java:setRole(170)) - 4a70b110-ff43-4cac-b5ee-6528b3788ac4@group-D782CA50E979: changes role from  FOLLOWER to CANDIDATE at term 0 for changeToCandidate
2019-10-04 18:30:59,503 [Thread-2311] INFO  impl.RoleInfo (RoleInfo.java:updateAndGet(143)) - 4a70b110-ff43-4cac-b5ee-6528b3788ac4: start LeaderElection
2019-10-04 18:30:59,526 [4a70b110-ff43-4cac-b5ee-6528b3788ac4@group-D782CA50E979-LeaderElection67] INFO  impl.LeaderElection (LeaderElection.java:askForVotes(178)) - 4a70b110-ff43-4cac-b5ee-6528b3788ac4@group-D782CA50E979-LeaderElection67: begin an election at term 1 for -1: [4a70b110-ff43-4cac-b5ee-6528b3788ac4:192.168.151.69:34008], old=null
2019-10-04 18:30:59,526 [63dfe16d-b20c-4bde-9449-5eaa4e0dc0eb@group-2861C498A011-LeaderElection66] INFO  impl.LeaderElection (LeaderElection.java:askForVotes(178)) - 63dfe16d-b20c-4bde-9449-5eaa4e0dc0eb@group-2861C498A011-LeaderElection66: begin an election at term 1 for -1: [4a70b110-ff43-4cac-b5ee-6528b3788ac4:192.168.151.69:34008, 63dfe16d-b20c-4bde-9449-5eaa4e0dc0eb:192.168.151.69:34821, 35b35391-39fa-4c79-bcf1-9d6b364dbab2:192.168.151.69:38610], old=null
2019-10-04 18:30:59,526 [4a70b110-ff43-4cac-b5ee-6528b3788ac4@group-D782CA50E979-LeaderElection67] INFO  impl.RoleInfo (RoleInfo.java:shutdownLeaderElection(134)) - 4a70b110-ff43-4cac-b5ee-6528b3788ac4: shutdown LeaderElection
2019-10-04 18:30:59,526 [4a70b110-ff43-4cac-b5ee-6528b3788ac4@group-D782CA50E979-LeaderElection67] INFO  impl.RaftServerImpl (RaftServerImpl.java:setRole(170)) - 4a70b110-ff43-4cac-b5ee-6528b3788ac4@group-D782CA50E979: changes role from CANDIDATE to LEADER at term 1 for changeToLeader
2019-10-04 18:30:59,526 [4a70b110-ff43-4cac-b5ee-6528b3788ac4@group-D782CA50E979-LeaderElection67] INFO  impl.RaftServerImpl (ServerState.java:setLeader(255)) - 4a70b110-ff43-4cac-b5ee-6528b3788ac4@group-D782CA50E979: change Leader from null to 4a70b110-ff43-4cac-b5ee-6528b3788ac4 at term 1 for becomeLeader, leader elected after 5223ms
2019-10-04 18:30:59,526 [4a70b110-ff43-4cac-b5ee-6528b3788ac4@group-D782CA50E979-LeaderElection67] INFO  server.RaftServerConfigKeys (ConfUtils.java:logGet(43)) - raft.server.staging.catchup.gap = 1000 (default)
2019-10-04 18:30:59,527 [4a70b110-ff43-4cac-b5ee-6528b3788ac4@group-D782CA50E979-LeaderElection67] INFO  server.RaftServerConfigKeys (ConfUtils.java:logGet(43)) - raft.server.rpc.sleep.time = 25ms (default)
2019-10-04 18:30:59,527 [4a70b110-ff43-4cac-b5ee-6528b3788ac4@group-D782CA50E979-LeaderElection67] INFO  server.RaftServerConfigKeys (ConfUtils.java:logGet(43)) - raft.server.write.element-limit = 4096 (default)
2019-10-04 18:30:59,527 [4a70b110-ff43-4cac-b5ee-6528b3788ac4@group-D782CA50E979-LeaderElection67] INFO  server.RaftServerConfigKeys (ConfUtils.java:logGet(43)) - raft.server.watch.timeout = 10s (default)
2019-10-04 18:30:59,527 [4a70b110-ff43-4cac-b5ee-6528b3788ac4@group-D782CA50E979-LeaderElection67] INFO  server.RaftServerConfigKeys (ConfUtils.java:logGet(43)) - raft.server.watch.timeout.denomination = 1s (default)
2019-10-04 18:30:59,527 [4a70b110-ff43-4cac-b5ee-6528b3788ac4@group-D782CA50E979-LeaderElection67] INFO  server.RaftServerConfigKeys (ConfUtils.java:logGet(43)) - raft.server.watch.element-limit = 65536 (default)
2019-10-04 18:30:59,529 [4a70b110-ff43-4cac-b5ee-6528b3788ac4@group-D782CA50E979-LeaderElection67] INFO  impl.RoleInfo (RoleInfo.java:updateAndGet(143)) - 4a70b110-ff43-4cac-b5ee-6528b3788ac4: start LeaderState
2019-10-04 18:30:59,530 [4a70b110-ff43-4cac-b5ee-6528b3788ac4@group-D782CA50E979-LeaderElection67] INFO  segmented.SegmentedRaftLogWorker (SegmentedRaftLogWorker.java:startLogSegment(385)) - 4a70b110-ff43-4cac-b5ee-6528b3788ac4@group-D782CA50E979-SegmentedRaftLogWorker: Starting segment from index:0
2019-10-04 18:30:59,536 [grpc-default-executor-2] INFO  impl.RaftServerImpl (RaftServerImpl.java:setRole(170)) - 4a70b110-ff43-4cac-b5ee-6528b3788ac4@group-2861C498A011: changes role from  FOLLOWER to FOLLOWER at term 1 for recognizeCandidate:63dfe16d-b20c-4bde-9449-5eaa4e0dc0eb
2019-10-04 18:30:59,536 [grpc-default-executor-2] INFO  impl.RoleInfo (RoleInfo.java:shutdownFollowerState(121)) - 4a70b110-ff43-4cac-b5ee-6528b3788ac4: shutdown FollowerState
2019-10-04 18:30:59,533 [grpc-default-executor-5] INFO  impl.RaftServerImpl (RaftServerImpl.java:setRole(170)) - 35b35391-39fa-4c79-bcf1-9d6b364dbab2@group-2861C498A011: changes role from  FOLLOWER to FOLLOWER at term 1 for recognizeCandidate:63dfe16d-b20c-4bde-9449-5eaa4e0dc0eb
2019-10-04 18:30:59,537 [grpc-default-executor-2] INFO  impl.RoleInfo (RoleInfo.java:updateAndGet(143)) - 4a70b110-ff43-4cac-b5ee-6528b3788ac4: start FollowerState
2019-10-04 18:30:59,537 [4a70b110-ff43-4cac-b5ee-6528b3788ac4@group-D782CA50E979-LeaderElection67] INFO  impl.RaftServerImpl (ServerState.java:setRaftConf(356)) - 4a70b110-ff43-4cac-b5ee-6528b3788ac4@group-D782CA50E979: set configuration 0: [4a70b110-ff43-4cac-b5ee-6528b3788ac4:192.168.151.69:34008], old=null at 0
2019-10-04 18:30:59,537 [Thread-2326] INFO  impl.FollowerState (FollowerState.java:run(117)) - 4a70b110-ff43-4cac-b5ee-6528b3788ac4@group-2861C498A011-FollowerState was interrupted: java.lang.InterruptedException: sleep interrupted
2019-10-04 18:30:59,537 [grpc-default-executor-5] INFO  impl.RoleInfo (RoleInfo.java:shutdownFollowerState(121)) - 35b35391-39fa-4c79-bcf1-9d6b364dbab2: shutdown FollowerState
2019-10-04 18:30:59,537 [grpc-default-executor-5] INFO  impl.RoleInfo (RoleInfo.java:updateAndGet(143)) - 35b35391-39fa-4c79-bcf1-9d6b364dbab2: start FollowerState
2019-10-04 18:30:59,537 [Thread-2327] INFO  impl.FollowerState (FollowerState.java:run(117)) - 35b35391-39fa-4c79-bcf1-9d6b364dbab2@group-2861C498A011-FollowerState was interrupted: java.lang.InterruptedException: sleep interrupted
2019-10-04 18:30:59,551 [63dfe16d-b20c-4bde-9449-5eaa4e0dc0eb@group-2861C498A011-LeaderElection66] INFO  impl.LeaderElection (LeaderElection.java:logAndReturn(56)) - 63dfe16d-b20c-4bde-9449-5eaa4e0dc0eb@group-2861C498A011-LeaderElection66: Election PASSED; received 1 response(s) [63dfe16d-b20c-4bde-9449-5eaa4e0dc0eb<-4a70b110-ff43-4cac-b5ee-6528b3788ac4#0:OK-t1] and 0 exception(s); 63dfe16d-b20c-4bde-9449-5eaa4e0dc0eb@group-2861C498A011:t1, leader=null, voted=63dfe16d-b20c-4bde-9449-5eaa4e0dc0eb, raftlog=63dfe16d-b20c-4bde-9449-5eaa4e0dc0eb@group-2861C498A011-SegmentedRaftLog:OPENED:c-1,f-1,i0, conf=-1: [4a70b110-ff43-4cac-b5ee-6528b3788ac4:192.168.151.69:34008, 63dfe16d-b20c-4bde-9449-5eaa4e0dc0eb:192.168.151.69:34821, 35b35391-39fa-4c79-bcf1-9d6b364dbab2:192.168.151.69:38610], old=null
2019-10-04 18:30:59,552 [63dfe16d-b20c-4bde-9449-5eaa4e0dc0eb@group-2861C498A011-LeaderElection66] INFO  impl.RoleInfo (RoleInfo.java:shutdownLeaderElection(134)) - 63dfe16d-b20c-4bde-9449-5eaa4e0dc0eb: shutdown LeaderElection
2019-10-04 18:30:59,552 [63dfe16d-b20c-4bde-9449-5eaa4e0dc0eb@group-2861C498A011-LeaderElection66] INFO  impl.RaftServerImpl (RaftServerImpl.java:setRole(170)) - 63dfe16d-b20c-4bde-9449-5eaa4e0dc0eb@group-2861C498A011: changes role from CANDIDATE to LEADER at term 1 for changeToLeader
2019-10-04 18:30:59,552 [63dfe16d-b20c-4bde-9449-5eaa4e0dc0eb@group-2861C498A011-LeaderElection66] INFO  impl.RaftServerImpl (ServerState.java:setLeader(255)) - 63dfe16d-b20c-4bde-9449-5eaa4e0dc0eb@group-2861C498A011: change Leader from null to 63dfe16d-b20c-4bde-9449-5eaa4e0dc0eb at term 1 for becomeLeader, leader elected after 5065ms
2019-10-04 18:30:59,552 [63dfe16d-b20c-4bde-9449-5eaa4e0dc0eb@group-2861C498A011-LeaderElection66] INFO  server.RaftServerConfigKeys (ConfUtils.java:logGet(43)) - raft.server.staging.catchup.gap = 1000 (default)
2019-10-04 18:30:59,553 [63dfe16d-b20c-4bde-9449-5eaa4e0dc0eb@group-2861C498A011-LeaderElection66] INFO  server.RaftServerConfigKeys (ConfUtils.java:logGet(43)) - raft.server.rpc.sleep.time = 25ms (default)
2019-10-04 18:30:59,553 [63dfe16d-b20c-4bde-9449-5eaa4e0dc0eb@group-2861C498A011-LeaderElection66] INFO  server.RaftServerConfigKeys (ConfUtils.java:logGet(43)) - raft.server.write.element-limit = 4096 (default)
2019-10-04 18:30:59,553 [63dfe16d-b20c-4bde-9449-5eaa4e0dc0eb@group-2861C498A011-LeaderElection66] INFO  server.RaftServerConfigKeys (ConfUtils.java:logGet(43)) - raft.server.watch.timeout = 10s (default)
2019-10-04 18:30:59,553 [63dfe16d-b20c-4bde-9449-5eaa4e0dc0eb@group-2861C498A011-LeaderElection66] INFO  server.RaftServerConfigKeys (ConfUtils.java:logGet(43)) - raft.server.watch.timeout.denomination = 1s (default)
2019-10-04 18:30:59,553 [63dfe16d-b20c-4bde-9449-5eaa4e0dc0eb@group-2861C498A011-LeaderElection66] INFO  server.RaftServerConfigKeys (ConfUtils.java:logGet(43)) - raft.server.watch.element-limit = 65536 (default)
2019-10-04 18:30:59,555 [63dfe16d-b20c-4bde-9449-5eaa4e0dc0eb@group-2861C498A011-LeaderElection66] INFO  server.RaftServerConfigKeys (ConfUtils.java:logGet(43)) - raft.server.log.appender.snapshot.chunk.size.max = 16MB (=16777216) (default)
2019-10-04 18:30:59,555 [63dfe16d-b20c-4bde-9449-5eaa4e0dc0eb@group-2861C498A011-LeaderElection66] INFO  server.RaftServerConfigKeys (ConfUtils.java:logGet(43)) - raft.server.log.appender.buffer.byte-limit = 33554432 (custom)
2019-10-04 18:30:59,555 [63dfe16d-b20c-4bde-9449-5eaa4e0dc0eb@group-2861C498A011-LeaderElection66] INFO  server.RaftServerConfigKeys (ConfUtils.java:logGet(43)) - raft.server.log.appender.buffer.element-limit = 1 (custom)
2019-10-04 18:30:59,556 [63dfe16d-b20c-4bde-9449-5eaa4e0dc0eb@group-2861C498A011-LeaderElection66] INFO  grpc.GrpcConfigKeys$Server (ConfUtils.java:logGet(43)) - raft.grpc.server.leader.outstanding.appends.max = 128 (default)
2019-10-04 18:30:59,556 [63dfe16d-b20c-4bde-9449-5eaa4e0dc0eb@group-2861C498A011-LeaderElection66] INFO  server.RaftServerConfigKeys (ConfUtils.java:logGet(43)) - raft.server.rpc.request.timeout = 3000ms (default)
2019-10-04 18:30:59,556 [63dfe16d-b20c-4bde-9449-5eaa4e0dc0eb@group-2861C498A011-LeaderElection66] INFO  server.RaftServerConfigKeys (ConfUtils.java:logGet(43)) - raft.server.log.appender.install.snapshot.enabled = false (custom)
2019-10-04 18:30:59,556 [63dfe16d-b20c-4bde-9449-5eaa4e0dc0eb@group-2861C498A011-LeaderElection66] INFO  server.RaftServerConfigKeys (ConfUtils.java:logGet(43)) - raft.server.log.appender.snapshot.chunk.size.max = 16MB (=16777216) (default)
2019-10-04 18:30:59,556 [63dfe16d-b20c-4bde-9449-5eaa4e0dc0eb@group-2861C498A011-LeaderElection66] INFO  server.RaftServerConfigKeys (ConfUtils.java:logGet(43)) - raft.server.log.appender.buffer.byte-limit = 33554432 (custom)
2019-10-04 18:30:59,557 [63dfe16d-b20c-4bde-9449-5eaa4e0dc0eb@group-2861C498A011-LeaderElection66] INFO  server.RaftServerConfigKeys (ConfUtils.java:logGet(43)) - raft.server.log.appender.buffer.element-limit = 1 (custom)
2019-10-04 18:30:59,557 [63dfe16d-b20c-4bde-9449-5eaa4e0dc0eb@group-2861C498A011-LeaderElection66] INFO  grpc.GrpcConfigKeys$Server (ConfUtils.java:logGet(43)) - raft.grpc.server.leader.outstanding.appends.max = 128 (default)
2019-10-04 18:30:59,557 [63dfe16d-b20c-4bde-9449-5eaa4e0dc0eb@group-2861C498A011-LeaderElection66] INFO  server.RaftServerConfigKeys (ConfUtils.java:logGet(43)) - raft.server.rpc.request.timeout = 3000ms (default)
2019-10-04 18:30:59,557 [63dfe16d-b20c-4bde-9449-5eaa4e0dc0eb@group-2861C498A011-LeaderElection66] INFO  server.RaftServerConfigKeys (ConfUtils.java:logGet(43)) - raft.server.log.appender.install.snapshot.enabled = false (custom)
2019-10-04 18:30:59,557 [63dfe16d-b20c-4bde-9449-5eaa4e0dc0eb@group-2861C498A011-LeaderElection66] INFO  impl.RoleInfo (RoleInfo.java:updateAndGet(143)) - 63dfe16d-b20c-4bde-9449-5eaa4e0dc0eb: start LeaderState
2019-10-04 18:30:59,558 [63dfe16d-b20c-4bde-9449-5eaa4e0dc0eb@group-2861C498A011-LeaderElection66] INFO  segmented.SegmentedRaftLogWorker (SegmentedRaftLogWorker.java:startLogSegment(385)) - 63dfe16d-b20c-4bde-9449-5eaa4e0dc0eb@group-2861C498A011-SegmentedRaftLogWorker: Starting segment from index:0
2019-10-04 18:30:59,559 [63dfe16d-b20c-4bde-9449-5eaa4e0dc0eb@group-2861C498A011-LeaderElection66] INFO  impl.RaftServerImpl (ServerState.java:setRaftConf(356)) - 63dfe16d-b20c-4bde-9449-5eaa4e0dc0eb@group-2861C498A011: set configuration 0: [4a70b110-ff43-4cac-b5ee-6528b3788ac4:192.168.151.69:34008, 63dfe16d-b20c-4bde-9449-5eaa4e0dc0eb:192.168.151.69:34821, 35b35391-39fa-4c79-bcf1-9d6b364dbab2:192.168.151.69:38610], old=null at 0
2019-10-04 18:30:59,593 [grpc-default-executor-5] INFO  impl.RaftServerImpl (ServerState.java:setLeader(255)) - 4a70b110-ff43-4cac-b5ee-6528b3788ac4@group-2861C498A011: change Leader from null to 63dfe16d-b20c-4bde-9449-5eaa4e0dc0eb at term 1 for appendEntries, leader elected after 5105ms
2019-10-04 18:30:59,595 [Thread-2319] INFO  impl.FollowerState (FollowerState.java:run(108)) - 63dfe16d-b20c-4bde-9449-5eaa4e0dc0eb@group-D5D699971507-FollowerState: change to CANDIDATE, lastRpcTime:5162ms, electionTimeout:5136ms
2019-10-04 18:30:59,595 [Thread-2319] INFO  impl.RoleInfo (RoleInfo.java:shutdownFollowerState(121)) - 63dfe16d-b20c-4bde-9449-5eaa4e0dc0eb: shutdown FollowerState
2019-10-04 18:30:59,595 [Thread-2319] INFO  impl.RaftServerImpl (RaftServerImpl.java:setRole(170)) - 63dfe16d-b20c-4bde-9449-5eaa4e0dc0eb@group-D5D699971507: changes role from  FOLLOWER to CANDIDATE at term 0 for changeToCandidate
2019-10-04 18:30:59,596 [Thread-2319] INFO  impl.RoleInfo (RoleInfo.java:updateAndGet(143)) - 63dfe16d-b20c-4bde-9449-5eaa4e0dc0eb: start LeaderElection
2019-10-04 18:30:59,596 [grpc-default-executor-5] INFO  impl.RaftServerImpl (ServerState.java:setLeader(255)) - 35b35391-39fa-4c79-bcf1-9d6b364dbab2@group-2861C498A011: change Leader from null to 63dfe16d-b20c-4bde-9449-5eaa4e0dc0eb at term 1 for appendEntries, leader elected after 5108ms
2019-10-04 18:30:59,603 [grpc-default-executor-2] INFO  impl.RaftServerImpl (ServerState.java:setRaftConf(356)) - 4a70b110-ff43-4cac-b5ee-6528b3788ac4@group-2861C498A011: set configuration 0: [4a70b110-ff43-4cac-b5ee-6528b3788ac4:192.168.151.69:34008, 63dfe16d-b20c-4bde-9449-5eaa4e0dc0eb:192.168.151.69:34821, 35b35391-39fa-4c79-bcf1-9d6b364dbab2:192.168.151.69:38610], old=null at 0
2019-10-04 18:30:59,603 [grpc-default-executor-2] INFO  segmented.SegmentedRaftLogWorker (SegmentedRaftLogWorker.java:startLogSegment(385)) - 4a70b110-ff43-4cac-b5ee-6528b3788ac4@group-2861C498A011-SegmentedRaftLogWorker: Starting segment from index:0
2019-10-04 18:30:59,604 [grpc-default-executor-2] INFO  impl.RaftServerImpl (ServerState.java:setRaftConf(356)) - 35b35391-39fa-4c79-bcf1-9d6b364dbab2@group-2861C498A011: set configuration 0: [4a70b110-ff43-4cac-b5ee-6528b3788ac4:192.168.151.69:34008, 63dfe16d-b20c-4bde-9449-5eaa4e0dc0eb:192.168.151.69:34821, 35b35391-39fa-4c79-bcf1-9d6b364dbab2:192.168.151.69:38610], old=null at 0
2019-10-04 18:30:59,605 [grpc-default-executor-2] INFO  segmented.SegmentedRaftLogWorker (SegmentedRaftLogWorker.java:startLogSegment(385)) - 35b35391-39fa-4c79-bcf1-9d6b364dbab2@group-2861C498A011-SegmentedRaftLogWorker: Starting segment from index:0
2019-10-04 18:30:59,633 [4a70b110-ff43-4cac-b5ee-6528b3788ac4@group-D782CA50E979-SegmentedRaftLogWorker] INFO  segmented.SegmentedRaftLogWorker (SegmentedRaftLogWorker.java:execute(574)) - 4a70b110-ff43-4cac-b5ee-6528b3788ac4@group-D782CA50E979-SegmentedRaftLogWorker: created new log segment /workdir/hadoop-ozone/integration-test/target/test-dir/MiniOzoneClusterImpl-40aa0599-d041-4cda-960e-73fe4e35f879/datanode-3/data/ratis/3ea8d841-b0cc-4ecf-ab7c-d782ca50e979/current/log_inprogress_0
2019-10-04 18:30:59,633 [63dfe16d-b20c-4bde-9449-5eaa4e0dc0eb@group-2861C498A011-SegmentedRaftLogWorker] INFO  segmented.SegmentedRaftLogWorker (SegmentedRaftLogWorker.java:execute(574)) - 63dfe16d-b20c-4bde-9449-5eaa4e0dc0eb@group-2861C498A011-SegmentedRaftLogWorker: created new log segment /workdir/hadoop-ozone/integration-test/target/test-dir/MiniOzoneClusterImpl-40aa0599-d041-4cda-960e-73fe4e35f879/datanode-6/data/ratis/0ce89749-3a3a-4b70-88dd-2861c498a011/current/log_inprogress_0
2019-10-04 18:30:59,633 [63dfe16d-b20c-4bde-9449-5eaa4e0dc0eb@group-D5D699971507-LeaderElection68] INFO  impl.LeaderElection (LeaderElection.java:askForVotes(178)) - 63dfe16d-b20c-4bde-9449-5eaa4e0dc0eb@group-D5D699971507-LeaderElection68: begin an election at term 1 for -1: [63dfe16d-b20c-4bde-9449-5eaa4e0dc0eb:192.168.151.69:34821], old=null
2019-10-04 18:30:59,634 [63dfe16d-b20c-4bde-9449-5eaa4e0dc0eb@group-D5D699971507-LeaderElection68] INFO  impl.RoleInfo (RoleInfo.java:shutdownLeaderElection(134)) - 63dfe16d-b20c-4bde-9449-5eaa4e0dc0eb: shutdown LeaderElection
2019-10-04 18:30:59,634 [63dfe16d-b20c-4bde-9449-5eaa4e0dc0eb@group-D5D699971507-LeaderElection68] INFO  impl.RaftServerImpl (RaftServerImpl.java:setRole(170)) - 63dfe16d-b20c-4bde-9449-5eaa4e0dc0eb@group-D5D699971507: changes role from CANDIDATE to LEADER at term 1 for changeToLeader
2019-10-04 18:30:59,634 [63dfe16d-b20c-4bde-9449-5eaa4e0dc0eb@group-D5D699971507-LeaderElection68] INFO  impl.RaftServerImpl (ServerState.java:setLeader(255)) - 63dfe16d-b20c-4bde-9449-5eaa4e0dc0eb@group-D5D699971507: change Leader from null to 63dfe16d-b20c-4bde-9449-5eaa4e0dc0eb at term 1 for becomeLeader, leader elected after 5207ms
2019-10-04 18:30:59,636 [63dfe16d-b20c-4bde-9449-5eaa4e0dc0eb@group-D5D699971507-LeaderElection68] INFO  server.RaftServerConfigKeys (ConfUtils.java:logGet(43)) - raft.server.staging.catchup.gap = 1000 (default)
2019-10-04 18:30:59,636 [63dfe16d-b20c-4bde-9449-5eaa4e0dc0eb@group-D5D699971507-LeaderElection68] INFO  server.RaftServerConfigKeys (ConfUtils.java:logGet(43)) - raft.server.rpc.sleep.time = 25ms (default)
2019-10-04 18:30:59,638 [63dfe16d-b20c-4bde-9449-5eaa4e0dc0eb@group-D5D699971507-LeaderElection68] INFO  server.RaftServerConfigKeys (ConfUtils.java:logGet(43)) - raft.server.write.element-limit = 4096 (default)
2019-10-04 18:30:59,638 [63dfe16d-b20c-4bde-9449-5eaa4e0dc0eb@group-D5D699971507-LeaderElection68] INFO  server.RaftServerConfigKeys (ConfUtils.java:logGet(43)) - raft.server.watch.timeout = 10s (default)
2019-10-04 18:30:59,639 [63dfe16d-b20c-4bde-9449-5eaa4e0dc0eb@group-D5D699971507-LeaderElection68] INFO  server.RaftServerConfigKeys (ConfUtils.java:logGet(43)) - raft.server.watch.timeout.denomination = 1s (default)
2019-10-04 18:30:59,639 [63dfe16d-b20c-4bde-9449-5eaa4e0dc0eb@group-D5D699971507-LeaderElection68] INFO  server.RaftServerConfigKeys (ConfUtils.java:logGet(43)) - raft.server.watch.element-limit = 65536 (default)
2019-10-04 18:30:59,641 [63dfe16d-b20c-4bde-9449-5eaa4e0dc0eb@group-D5D699971507-LeaderElection68] INFO  impl.RoleInfo (RoleInfo.java:updateAndGet(143)) - 63dfe16d-b20c-4bde-9449-5eaa4e0dc0eb: start LeaderState
2019-10-04 18:30:59,641 [63dfe16d-b20c-4bde-9449-5eaa4e0dc0eb@group-D5D699971507-LeaderElection68] INFO  segmented.SegmentedRaftLogWorker (SegmentedRaftLogWorker.java:startLogSegment(385)) - 63dfe16d-b20c-4bde-9449-5eaa4e0dc0eb@group-D5D699971507-SegmentedRaftLogWorker: Starting segment from index:0
2019-10-04 18:30:59,641 [63dfe16d-b20c-4bde-9449-5eaa4e0dc0eb@group-D5D699971507-LeaderElection68] INFO  impl.RaftServerImpl (ServerState.java:setRaftConf(356)) - 63dfe16d-b20c-4bde-9449-5eaa4e0dc0eb@group-D5D699971507: set configuration 0: [63dfe16d-b20c-4bde-9449-5eaa4e0dc0eb:192.168.151.69:34821], old=null at 0
2019-10-04 18:30:59,646 [4a70b110-ff43-4cac-b5ee-6528b3788ac4@group-2861C498A011-SegmentedRaftLogWorker] INFO  segmented.SegmentedRaftLogWorker (SegmentedRaftLogWorker.java:execute(574)) - 4a70b110-ff43-4cac-b5ee-6528b3788ac4@group-2861C498A011-SegmentedRaftLogWorker: created new log segment /workdir/hadoop-ozone/integration-test/target/test-dir/MiniOzoneClusterImpl-40aa0599-d041-4cda-960e-73fe4e35f879/datanode-3/data/ratis/0ce89749-3a3a-4b70-88dd-2861c498a011/current/log_inprogress_0
2019-10-04 18:30:59,646 [35b35391-39fa-4c79-bcf1-9d6b364dbab2@group-2861C498A011-SegmentedRaftLogWorker] INFO  segmented.SegmentedRaftLogWorker (SegmentedRaftLogWorker.java:execute(574)) - 35b35391-39fa-4c79-bcf1-9d6b364dbab2@group-2861C498A011-SegmentedRaftLogWorker: created new log segment /workdir/hadoop-ozone/integration-test/target/test-dir/MiniOzoneClusterImpl-40aa0599-d041-4cda-960e-73fe4e35f879/datanode-4/data/ratis/0ce89749-3a3a-4b70-88dd-2861c498a011/current/log_inprogress_0
2019-10-04 18:30:59,694 [63dfe16d-b20c-4bde-9449-5eaa4e0dc0eb@group-D5D699971507-SegmentedRaftLogWorker] INFO  segmented.SegmentedRaftLogWorker (SegmentedRaftLogWorker.java:execute(574)) - 63dfe16d-b20c-4bde-9449-5eaa4e0dc0eb@group-D5D699971507-SegmentedRaftLogWorker: created new log segment /workdir/hadoop-ozone/integration-test/target/test-dir/MiniOzoneClusterImpl-40aa0599-d041-4cda-960e-73fe4e35f879/datanode-6/data/ratis/de58a39e-e87f-4852-9886-d5d699971507/current/log_inprogress_0
2019-10-04 18:31:00,769 [Datanode State Machine Thread - 0] INFO  statemachine.DatanodeStateMachine (DatanodeStateMachine.java:lambda$startDaemon$0(350)) - Ozone container server started.
2019-10-04 18:31:04,776 [main] INFO  ozoneimpl.OzoneContainer (OzoneContainer.java:stop(231)) - Attempting to stop container services.
2019-10-04 18:31:04,777 [main] INFO  impl.RaftServerProxy (RaftServerProxy.java:lambda$close$4(314)) - a20eaa42-9a2c-4211-905d-cb53095c4333: close
2019-10-04 18:31:04,778 [main] INFO  impl.RaftServerImpl (RaftServerImpl.java:lambda$shutdown$3(247)) - a20eaa42-9a2c-4211-905d-cb53095c4333@group-8B01D83A85E7: shutdown
2019-10-04 18:31:04,778 [main] INFO  util.JmxRegister (JmxRegister.java:unregister(73)) - Successfully un-registered JMX Bean with object name Ratis:service=RaftServer,group=group-8B01D83A85E7,id=a20eaa42-9a2c-4211-905d-cb53095c4333
2019-10-04 18:31:04,778 [main] INFO  impl.RoleInfo (RoleInfo.java:shutdownFollowerState(121)) - a20eaa42-9a2c-4211-905d-cb53095c4333: shutdown FollowerState
2019-10-04 18:31:04,779 [main] INFO  impl.StateMachineUpdater (StateMachineUpdater.java:stopAndJoin(136)) - a20eaa42-9a2c-4211-905d-cb53095c4333@group-8B01D83A85E7-StateMachineUpdater: set stopIndex = 2
2019-10-04 18:31:04,779 [Thread-2351] INFO  impl.FollowerState (FollowerState.java:run(117)) - a20eaa42-9a2c-4211-905d-cb53095c4333@group-8B01D83A85E7-FollowerState was interrupted: java.lang.InterruptedException: sleep interrupted
2019-10-04 18:31:04,779 [a20eaa42-9a2c-4211-905d-cb53095c4333@group-8B01D83A85E7-StateMachineUpdater] INFO  ratis.ContainerStateMachine (ContainerStateMachine.java:takeSnapshot(293)) - group-8B01D83A85E7: Taking a snapshot at:(t:1, i:1) file /workdir/hadoop-ozone/integration-test/target/test-dir/MiniOzoneClusterImpl-40aa0599-d041-4cda-960e-73fe4e35f879/datanode-2/data/ratis/aa7f9212-0172-432c-865f-8b01d83a85e7/sm/snapshot.1_1
2019-10-04 18:31:04,793 [a20eaa42-9a2c-4211-905d-cb53095c4333@group-8B01D83A85E7-StateMachineUpdater] INFO  ratis.ContainerStateMachine (ContainerStateMachine.java:takeSnapshot(304)) - group-8B01D83A85E7: Finished taking a snapshot at:(t:1, i:1) file:/workdir/hadoop-ozone/integration-test/target/test-dir/MiniOzoneClusterImpl-40aa0599-d041-4cda-960e-73fe4e35f879/datanode-2/data/ratis/aa7f9212-0172-432c-865f-8b01d83a85e7/sm/snapshot.1_1 time:15
2019-10-04 18:31:04,794 [a20eaa42-9a2c-4211-905d-cb53095c4333@group-8B01D83A85E7-StateMachineUpdater] INFO  impl.StateMachineUpdater (StateMachineUpdater.java:takeSnapshot(269)) - a20eaa42-9a2c-4211-905d-cb53095c4333@group-8B01D83A85E7-StateMachineUpdater: Took a snapshot at index 1
2019-10-04 18:31:04,794 [a20eaa42-9a2c-4211-905d-cb53095c4333@group-8B01D83A85E7-StateMachineUpdater] INFO  impl.StateMachineUpdater (StateMachineUpdater.java:lambda$new$0(84)) - a20eaa42-9a2c-4211-905d-cb53095c4333@group-8B01D83A85E7-StateMachineUpdater: snapshotIndex: updateIncreasingly -1 -> 1
2019-10-04 18:31:04,795 [a20eaa42-9a2c-4211-905d-cb53095c4333@group-8B01D83A85E7-StateMachineUpdater] INFO  ratis.ContainerStateMachine (ContainerStateMachine.java:takeSnapshot(293)) - group-8B01D83A85E7: Taking a snapshot at:(t:1, i:1) file /workdir/hadoop-ozone/integration-test/target/test-dir/MiniOzoneClusterImpl-40aa0599-d041-4cda-960e-73fe4e35f879/datanode-2/data/ratis/aa7f9212-0172-432c-865f-8b01d83a85e7/sm/snapshot.1_1
2019-10-04 18:31:04,807 [a20eaa42-9a2c-4211-905d-cb53095c4333@group-8B01D83A85E7-StateMachineUpdater] INFO  ratis.ContainerStateMachine (ContainerStateMachine.java:takeSnapshot(304)) - group-8B01D83A85E7: Finished taking a snapshot at:(t:1, i:1) file:/workdir/hadoop-ozone/integration-test/target/test-dir/MiniOzoneClusterImpl-40aa0599-d041-4cda-960e-73fe4e35f879/datanode-2/data/ratis/aa7f9212-0172-432c-865f-8b01d83a85e7/sm/snapshot.1_1 time:12
2019-10-04 18:31:04,807 [a20eaa42-9a2c-4211-905d-cb53095c4333@group-8B01D83A85E7-StateMachineUpdater] INFO  impl.StateMachineUpdater (StateMachineUpdater.java:takeSnapshot(269)) - a20eaa42-9a2c-4211-905d-cb53095c4333@group-8B01D83A85E7-StateMachineUpdater: Took a snapshot at index 1
2019-10-04 18:31:04,807 [a20eaa42-9a2c-4211-905d-cb53095c4333@group-8B01D83A85E7-StateMachineUpdater] INFO  impl.StateMachineUpdater (StateMachineUpdater.java:lambda$new$0(84)) - a20eaa42-9a2c-4211-905d-cb53095c4333@group-8B01D83A85E7-StateMachineUpdater: snapshotIndex: updateIncreasingly 1 -> 1
2019-10-04 18:31:04,808 [main] INFO  impl.RaftServerImpl (ServerState.java:close(387)) - a20eaa42-9a2c-4211-905d-cb53095c4333@group-8B01D83A85E7: closes. applyIndex: 2
2019-10-04 18:31:04,808 [a20eaa42-9a2c-4211-905d-cb53095c4333@group-8B01D83A85E7-SegmentedRaftLogWorker] INFO  segmented.SegmentedRaftLogWorker (SegmentedRaftLogWorker.java:run(316)) - a20eaa42-9a2c-4211-905d-cb53095c4333@group-8B01D83A85E7-SegmentedRaftLogWorker was interrupted, exiting. There are 0 tasks remaining in the queue.
2019-10-04 18:31:04,811 [main] INFO  segmented.SegmentedRaftLogWorker (SegmentedRaftLogWorker.java:close(224)) - a20eaa42-9a2c-4211-905d-cb53095c4333@group-8B01D83A85E7-SegmentedRaftLogWorker close()
2019-10-04 18:31:04,815 [main] INFO  impl.RaftServerImpl (RaftServerImpl.java:lambda$shutdown$3(247)) - a20eaa42-9a2c-4211-905d-cb53095c4333@group-D0CE4B09A9D9: shutdown
2019-10-04 18:31:04,815 [main] INFO  util.JmxRegister (JmxRegister.java:unregister(73)) - Successfully un-registered JMX Bean with object name Ratis:service=RaftServer,group=group-D0CE4B09A9D9,id=a20eaa42-9a2c-4211-905d-cb53095c4333
2019-10-04 18:31:04,816 [main] INFO  impl.RoleInfo (RoleInfo.java:shutdownLeaderState(104)) - a20eaa42-9a2c-4211-905d-cb53095c4333: shutdown LeaderState
2019-10-04 18:31:04,816 [main] INFO  impl.PendingRequests (PendingRequests.java:sendNotLeaderResponses(202)) - a20eaa42-9a2c-4211-905d-cb53095c4333@group-D0CE4B09A9D9-PendingRequests: sendNotLeaderResponses
2019-10-04 18:31:04,817 [main] INFO  impl.StateMachineUpdater (StateMachineUpdater.java:stopAndJoin(136)) - a20eaa42-9a2c-4211-905d-cb53095c4333@group-D0CE4B09A9D9-StateMachineUpdater: set stopIndex = 0
2019-10-04 18:31:04,817 [main] INFO  impl.RaftServerImpl (ServerState.java:close(387)) - a20eaa42-9a2c-4211-905d-cb53095c4333@group-D0CE4B09A9D9: closes. applyIndex: 0
2019-10-04 18:31:04,818 [a20eaa42-9a2c-4211-905d-cb53095c4333@group-D0CE4B09A9D9-SegmentedRaftLogWorker] INFO  segmented.SegmentedRaftLogWorker (SegmentedRaftLogWorker.java:run(316)) - a20eaa42-9a2c-4211-905d-cb53095c4333@group-D0CE4B09A9D9-SegmentedRaftLogWorker was interrupted, exiting. There are 0 tasks remaining in the queue.
2019-10-04 18:31:04,820 [main] INFO  segmented.SegmentedRaftLogWorker (SegmentedRaftLogWorker.java:close(224)) - a20eaa42-9a2c-4211-905d-cb53095c4333@group-D0CE4B09A9D9-SegmentedRaftLogWorker close()
2019-10-04 18:31:04,825 [main] INFO  server.GrpcService (GrpcService.java:closeImpl(164)) - a20eaa42-9a2c-4211-905d-cb53095c4333: shutdown server with port 36330 now
2019-10-04 18:31:04,827 [grpc-default-executor-4] WARN  server.GrpcServerProtocolService (LogUtils.java:warn(134)) - a20eaa42-9a2c-4211-905d-cb53095c4333: installSnapshot onError, lastRequest: b3bdad10-6611-41cd-b376-42dbd00800b9->a20eaa42-9a2c-4211-905d-cb53095c4333#5-t1, previous=(t:1, i:2), leaderCommit=2, initializing? false, entries: <empty>: org.apache.ratis.thirdparty.io.grpc.StatusRuntimeException: CANCELLED: cancelled before receiving half close
2019-10-04 18:31:04,827 [grpc-default-executor-6] WARN  server.GrpcLogAppender (LogUtils.java:warn(134)) - b3bdad10-6611-41cd-b376-42dbd00800b9@group-8B01D83A85E7->a20eaa42-9a2c-4211-905d-cb53095c4333-AppendLogResponseHandler: Failed appendEntries: org.apache.ratis.thirdparty.io.grpc.StatusRuntimeException: CANCELLED: HTTP/2 error code: CANCEL
Received Rst Stream
2019-10-04 18:31:04,827 [main] INFO  server.GrpcService (GrpcService.java:closeImpl(172)) - a20eaa42-9a2c-4211-905d-cb53095c4333: shutdown server with port 36330 successfully
2019-10-04 18:31:04,827 [grpc-default-executor-6] INFO  impl.FollowerInfo (FollowerInfo.java:lambda$new$0(51)) - b3bdad10-6611-41cd-b376-42dbd00800b9@group-8B01D83A85E7->a20eaa42-9a2c-4211-905d-cb53095c4333: nextIndex: updateUnconditionally 3 -> 2
2019-10-04 18:31:04,832 [refreshUsed-/workdir/hadoop-ozone/integration-test/target/test-dir/MiniOzoneClusterImpl-40aa0599-d041-4cda-960e-73fe4e35f879/datanode-2/data/containers] WARN  fs.CachingGetSpaceUsed (CachingGetSpaceUsed.java:run(183)) - Thread Interrupted waiting to refresh disk information: sleep interrupted
2019-10-04 18:31:04,851 [main] INFO  utils.BackgroundService (BackgroundService.java:shutdown(148)) - Shutting down service BlockDeletingService
2019-10-04 18:31:04,859 [main] INFO  statemachine.DatanodeStateMachine (DatanodeStateMachine.java:stopDaemon(395)) - Ozone container server stopped.
2019-10-04 18:31:04,861 [main] INFO  handler.ContextHandler (ContextHandler.java:doStop(910)) - Stopped o.e.j.w.WebAppContext@14b4340c{/,null,UNAVAILABLE}{/hddsDatanode}
2019-10-04 18:31:04,861 [main] INFO  server.AbstractConnector (AbstractConnector.java:doStop(318)) - Stopped ServerConnector@12abcd1e{HTTP/1.1,[http/1.1]}{0.0.0.0:0}
2019-10-04 18:31:04,862 [main] INFO  handler.ContextHandler (ContextHandler.java:doStop(910)) - Stopped o.e.j.s.ServletContextHandler@6a09484c{/static,jar:file:/home/user/.m2/repository/org/apache/hadoop/hadoop-hdds-container-service/0.5.0-SNAPSHOT/hadoop-hdds-container-service-0.5.0-SNAPSHOT.jar!/webapps/static,UNAVAILABLE}
2019-10-04 18:31:04,862 [main] INFO  handler.ContextHandler (ContextHandler.java:doStop(910)) - Stopped o.e.j.s.ServletContextHandler@6380e9e9{/logs,file:///workdir/hadoop-ozone/integration-test/target/log,UNAVAILABLE}
2019-10-04 18:31:04,875 [grpc-default-executor-6] WARN  server.GrpcLogAppender (LogUtils.java:warn(134)) - b3bdad10-6611-41cd-b376-42dbd00800b9@group-8B01D83A85E7->a20eaa42-9a2c-4211-905d-cb53095c4333-AppendLogResponseHandler: Failed appendEntries: org.apache.ratis.thirdparty.io.grpc.StatusRuntimeException: UNAVAILABLE: io exception
2019-10-04 18:31:04,875 [grpc-default-executor-6] INFO  impl.FollowerInfo (FollowerInfo.java:lambda$new$0(51)) - b3bdad10-6611-41cd-b376-42dbd00800b9@group-8B01D83A85E7->a20eaa42-9a2c-4211-905d-cb53095c4333: nextIndex: updateUnconditionally 3 -> 2
2019-10-04 18:31:04,886 [grpc-default-executor-6] WARN  server.GrpcLogAppender (LogUtils.java:warn(134)) - b3bdad10-6611-41cd-b376-42dbd00800b9@group-8B01D83A85E7->a20eaa42-9a2c-4211-905d-cb53095c4333-AppendLogResponseHandler: Failed appendEntries: org.apache.ratis.thirdparty.io.grpc.StatusRuntimeException: UNAVAILABLE: io exception
2019-10-04 18:31:04,886 [grpc-default-executor-6] INFO  impl.FollowerInfo (FollowerInfo.java:lambda$new$0(51)) - b3bdad10-6611-41cd-b376-42dbd00800b9@group-8B01D83A85E7->a20eaa42-9a2c-4211-905d-cb53095c4333: nextIndex: updateUnconditionally 3 -> 2
2019-10-04 18:31:04,901 [grpc-default-executor-2] WARN  server.GrpcLogAppender (LogUtils.java:warn(134)) - b3bdad10-6611-41cd-b376-42dbd00800b9@group-8B01D83A85E7->a20eaa42-9a2c-4211-905d-cb53095c4333-AppendLogResponseHandler: Failed appendEntries: org.apache.ratis.thirdparty.io.grpc.StatusRuntimeException: UNAVAILABLE: io exception
2019-10-04 18:31:04,902 [grpc-default-executor-2] INFO  impl.FollowerInfo (FollowerInfo.java:lambda$new$0(51)) - b3bdad10-6611-41cd-b376-42dbd00800b9@group-8B01D83A85E7->a20eaa42-9a2c-4211-905d-cb53095c4333: nextIndex: updateUnconditionally 3 -> 2
2019-10-04 18:31:04,902 [EventQueue-IncrementalContainerReportForIncrementalContainerReportHandler] WARN  container.IncrementalContainerReportHandler (AbstractContainerReportHandler.java:updateContainerState(143)) - Container #1 is in OPEN state, but the datanode b3bdad10-6611-41cd-b376-42dbd00800b9{ip: 192.168.151.69, host: pr-hdds-2251-hdm2b-3409562618, networkLocation: /default-rack, certSerialId: null} reports an CLOSING replica.
2019-10-04 18:31:04,926 [EventQueue-IncrementalContainerReportForIncrementalContainerReportHandler] WARN  container.IncrementalContainerReportHandler (AbstractContainerReportHandler.java:updateContainerState(143)) - Container #1 is in OPEN state, but the datanode 7d73eae5-24f4-42cb-b7bb-a3533158692a{ip: 192.168.151.69, host: pr-hdds-2251-hdm2b-3409562618, networkLocation: /default-rack, certSerialId: null} reports an CLOSING replica.
2019-10-04 18:31:04,968 [RatisApplyTransactionExecutor 1] INFO  interfaces.Container (KeyValueContainer.java:flushAndSyncDB(386)) - Container 1 is synced with bcsId 0.
2019-10-04 18:31:05,003 [RatisApplyTransactionExecutor 1] INFO  interfaces.Container (KeyValueContainer.java:flushAndSyncDB(386)) - Container 1 is synced with bcsId 0.
2019-10-04 18:31:05,005 [RatisApplyTransactionExecutor 1] INFO  interfaces.Container (KeyValueContainer.java:flushAndSyncDB(386)) - Container 1 is synced with bcsId 0.
2019-10-04 18:31:05,005 [RatisApplyTransactionExecutor 1] INFO  interfaces.Container (KeyValueContainer.java:flushAndSyncDB(386)) - Container 1 is synced with bcsId 0.
2019-10-04 18:31:05,011 [RatisApplyTransactionExecutor 1] INFO  interfaces.Container (KeyValueContainer.java:close(335)) - Container 1 is closed with bcsId 0.
2019-10-04 18:31:05,011 [RatisApplyTransactionExecutor 1] INFO  interfaces.Container (KeyValueContainer.java:close(335)) - Container 1 is closed with bcsId 0.
2019-10-04 18:31:05,015 [EventQueue-IncrementalContainerReportForIncrementalContainerReportHandler] WARN  container.IncrementalContainerReportHandler (AbstractContainerReportHandler.java:updateContainerState(143)) - Container #1 is in OPEN state, but the datanode b3bdad10-6611-41cd-b376-42dbd00800b9{ip: 192.168.151.69, host: pr-hdds-2251-hdm2b-3409562618, networkLocation: /default-rack, certSerialId: null} reports an CLOSED replica.
2019-10-04 18:31:05,015 [EventQueue-IncrementalContainerReportForIncrementalContainerReportHandler] WARN  container.IncrementalContainerReportHandler (AbstractContainerReportHandler.java:updateContainerState(143)) - Container #1 is in OPEN state, but the datanode 7d73eae5-24f4-42cb-b7bb-a3533158692a{ip: 192.168.151.69, host: pr-hdds-2251-hdm2b-3409562618, networkLocation: /default-rack, certSerialId: null} reports an CLOSED replica.
2019-10-04 18:31:07,403 [grpc-default-executor-4] WARN  server.GrpcLogAppender (LogUtils.java:warn(134)) - b3bdad10-6611-41cd-b376-42dbd00800b9@group-8B01D83A85E7->a20eaa42-9a2c-4211-905d-cb53095c4333-AppendLogResponseHandler: Failed appendEntries: org.apache.ratis.thirdparty.io.grpc.StatusRuntimeException: UNAVAILABLE: io exception
2019-10-04 18:31:07,403 [grpc-default-executor-4] INFO  impl.FollowerInfo (FollowerInfo.java:lambda$new$0(51)) - b3bdad10-6611-41cd-b376-42dbd00800b9@group-8B01D83A85E7->a20eaa42-9a2c-4211-905d-cb53095c4333: nextIndex: updateUnconditionally 2 -> 1
2019-10-04 18:31:08,020 [main] WARN  scm.XceiverClientRatis (XceiverClientRatis.java:watchForCommit(292)) - 3 way commit failed on pipeline Pipeline[ Id: aa7f9212-0172-432c-865f-8b01d83a85e7, Nodes: a20eaa42-9a2c-4211-905d-cb53095c4333{ip: 192.168.151.69, host: pr-hdds-2251-hdm2b-3409562618, networkLocation: /default-rack, certSerialId: null}7d73eae5-24f4-42cb-b7bb-a3533158692a{ip: 192.168.151.69, host: pr-hdds-2251-hdm2b-3409562618, networkLocation: /default-rack, certSerialId: null}b3bdad10-6611-41cd-b376-42dbd00800b9{ip: 192.168.151.69, host: pr-hdds-2251-hdm2b-3409562618, networkLocation: /default-rack, certSerialId: null}, Type:RATIS, Factor:THREE, State:OPEN]
java.util.concurrent.TimeoutException
	at java.util.concurrent.CompletableFuture.timedGet(CompletableFuture.java:1771)
	at java.util.concurrent.CompletableFuture.get(CompletableFuture.java:1915)
	at org.apache.hadoop.hdds.scm.XceiverClientRatis.watchForCommit(XceiverClientRatis.java:289)
	at org.apache.hadoop.ozone.client.rpc.TestWatchForCommit.test2WayCommitForTimeoutException(TestWatchForCommit.java:391)
	at sun.reflect.NativeMethodAccessorImpl.invoke0(Native Method)
	at sun.reflect.NativeMethodAccessorImpl.invoke(NativeMethodAccessorImpl.java:62)
	at sun.reflect.DelegatingMethodAccessorImpl.invoke(DelegatingMethodAccessorImpl.java:43)
	at java.lang.reflect.Method.invoke(Method.java:498)
	at org.junit.runners.model.FrameworkMethod$1.runReflectiveCall(FrameworkMethod.java:47)
	at org.junit.internal.runners.model.ReflectiveCallable.run(ReflectiveCallable.java:12)
	at org.junit.runners.model.FrameworkMethod.invokeExplosively(FrameworkMethod.java:44)
	at org.junit.internal.runners.statements.InvokeMethod.evaluate(InvokeMethod.java:17)
	at org.junit.runners.ParentRunner.runLeaf(ParentRunner.java:271)
	at org.junit.runners.BlockJUnit4ClassRunner.runChild(BlockJUnit4ClassRunner.java:70)
	at org.junit.runners.BlockJUnit4ClassRunner.runChild(BlockJUnit4ClassRunner.java:50)
	at org.junit.runners.ParentRunner$3.run(ParentRunner.java:238)
	at org.junit.runners.ParentRunner$1.schedule(ParentRunner.java:63)
	at org.junit.runners.ParentRunner.runChildren(ParentRunner.java:236)
	at org.junit.runners.ParentRunner.access$000(ParentRunner.java:53)
	at org.junit.runners.ParentRunner$2.evaluate(ParentRunner.java:229)
	at org.junit.runners.ParentRunner.run(ParentRunner.java:309)
	at org.apache.maven.surefire.junit4.JUnit4Provider.execute(JUnit4Provider.java:365)
	at org.apache.maven.surefire.junit4.JUnit4Provider.executeWithRerun(JUnit4Provider.java:273)
	at org.apache.maven.surefire.junit4.JUnit4Provider.executeTestSet(JUnit4Provider.java:238)
	at org.apache.maven.surefire.junit4.JUnit4Provider.invoke(JUnit4Provider.java:159)
	at org.apache.maven.surefire.booter.ForkedBooter.invokeProviderInSameClassLoader(ForkedBooter.java:384)
	at org.apache.maven.surefire.booter.ForkedBooter.runSuitesInProcess(ForkedBooter.java:345)
	at org.apache.maven.surefire.booter.ForkedBooter.execute(ForkedBooter.java:126)
	at org.apache.maven.surefire.booter.ForkedBooter.main(ForkedBooter.java:418)
2019-10-04 18:31:09,906 [grpc-default-executor-4] WARN  server.GrpcLogAppender (LogUtils.java:warn(134)) - b3bdad10-6611-41cd-b376-42dbd00800b9@group-8B01D83A85E7->a20eaa42-9a2c-4211-905d-cb53095c4333-AppendLogResponseHandler: Failed appendEntries: org.apache.ratis.thirdparty.io.grpc.StatusRuntimeException: UNAVAILABLE: io exception
2019-10-04 18:31:09,910 [grpc-default-executor-4] INFO  impl.FollowerInfo (FollowerInfo.java:lambda$new$0(51)) - b3bdad10-6611-41cd-b376-42dbd00800b9@group-8B01D83A85E7->a20eaa42-9a2c-4211-905d-cb53095c4333: nextIndex: updateUnconditionally 1 -> 0
]]></system-out>
    <system-err><![CDATA[Oct 04, 2019 6:31:04 PM org.apache.ratis.thirdparty.io.grpc.internal.SerializingExecutor run
SEVERE: Exception while executing runnable org.apache.ratis.thirdparty.io.grpc.internal.ServerImpl$JumpToApplicationThreadServerStreamListener$1Closed@aa26d0
org.apache.ratis.thirdparty.io.grpc.StatusRuntimeException: CANCELLED: call already cancelled
	at org.apache.ratis.thirdparty.io.grpc.Status.asRuntimeException(Status.java:517)
	at org.apache.ratis.thirdparty.io.grpc.stub.ServerCalls$ServerCallStreamObserverImpl.onCompleted(ServerCalls.java:356)
	at org.apache.ratis.grpc.server.GrpcServerProtocolService$ServerRequestStreamObserver.onError(GrpcServerProtocolService.java:121)
	at org.apache.ratis.thirdparty.io.grpc.stub.ServerCalls$StreamingServerCallHandler$StreamingServerCallListener.onCancel(ServerCalls.java:269)
	at org.apache.ratis.thirdparty.io.grpc.internal.ServerCallImpl$ServerStreamListenerImpl.closed(ServerCallImpl.java:293)
	at org.apache.ratis.thirdparty.io.grpc.internal.ServerImpl$JumpToApplicationThreadServerStreamListener$1Closed.runInContext(ServerImpl.java:741)
	at org.apache.ratis.thirdparty.io.grpc.internal.ContextRunnable.run(ContextRunnable.java:37)
	at org.apache.ratis.thirdparty.io.grpc.internal.SerializingExecutor.run(SerializingExecutor.java:123)
	at java.util.concurrent.ThreadPoolExecutor.runWorker(ThreadPoolExecutor.java:1149)
	at java.util.concurrent.ThreadPoolExecutor$Worker.run(ThreadPoolExecutor.java:624)
	at java.lang.Thread.run(Thread.java:748)

]]></system-err>
  </testcase>
</testsuite>