<?xml version="1.0" encoding="UTF-8"?>
<testsuite xmlns:xsi="http://www.w3.org/2001/XMLSchema-instance" xsi:noNamespaceSchemaLocation="https://maven.apache.org/surefire/maven-surefire-plugin/xsd/surefire-test-report.xsd" name="org.apache.hadoop.ozone.client.rpc.TestBlockOutputStreamWithFailures" time="731.053" tests="8" errors="0" skipped="0" failures="1">
  <properties>
    <property name="awt.toolkit" value="sun.awt.X11.XToolkit"/>
    <property name="file.encoding.pkg" value="sun.io"/>
    <property name="java.specification.version" value="1.8"/>
    <property name="sun.cpu.isalist" value=""/>
    <property name="sun.jnu.encoding" value="UTF-8"/>
    <property name="java.class.path" value="/workdir/hadoop-ozone/integration-test/target/test-classes:/workdir/hadoop-ozone/integration-test/target/classes:/home/user/.m2/repository/org/apache/hadoop/hadoop-ozone-common/0.5.0-SNAPSHOT/hadoop-ozone-common-0.5.0-SNAPSHOT.jar:/home/user/.m2/repository/org/apache/commons/commons-compress/1.4.1/commons-compress-1.4.1.jar:/home/user/.m2/repository/org/tukaani/xz/1.0/xz-1.0.jar:/home/user/.m2/repository/org/apache/hadoop/hadoop-common/3.2.0/hadoop-common-3.2.0.jar:/home/user/.m2/repository/org/apache/hadoop/hadoop-hdfs/3.2.0/hadoop-hdfs-3.2.0.jar:/home/user/.m2/repository/org/apache/hadoop/hadoop-hdfs-client/3.2.0/hadoop-hdfs-client-3.2.0.jar:/home/user/.m2/repository/com/fasterxml/jackson/core/jackson-annotations/2.9.9/jackson-annotations-2.9.9.jar:/home/user/.m2/repository/org/apache/hadoop/hadoop-hdds-common/0.5.0-SNAPSHOT/hadoop-hdds-common-0.5.0-SNAPSHOT.jar:/home/user/.m2/repository/javax/annotation/javax.annotation-api/1.2/javax.annotation-api-1.2.jar:/home/user/.m2/repository/org/apache/ratis/ratis-server/0.5.0-201fc85-SNAPSHOT/ratis-server-0.5.0-201fc85-SNAPSHOT.jar:/home/user/.m2/repository/org/apache/ratis/ratis-thirdparty-misc/0.2.0/ratis-thirdparty-misc-0.2.0.jar:/home/user/.m2/repository/org/apache/ratis/ratis-proto/0.5.0-201fc85-SNAPSHOT/ratis-proto-0.5.0-201fc85-SNAPSHOT.jar:/home/user/.m2/repository/org/apache/ratis/ratis-common/0.5.0-201fc85-SNAPSHOT/ratis-common-0.5.0-201fc85-SNAPSHOT.jar:/home/user/.m2/repository/org/apache/ratis/ratis-client/0.5.0-201fc85-SNAPSHOT/ratis-client-0.5.0-201fc85-SNAPSHOT.jar:/home/user/.m2/repository/org/apache/ratis/ratis-metrics/0.5.0-201fc85-SNAPSHOT/ratis-metrics-0.5.0-201fc85-SNAPSHOT.jar:/home/user/.m2/repository/com/github/joshelser/dropwizard-metrics-hadoop-metrics2-reporter/0.1.2/dropwizard-metrics-hadoop-metrics2-reporter-0.1.2.jar:/home/user/.m2/repository/io/dropwizard/metrics/metrics-jvm/3.2.5/metrics-jvm-3.2.5.jar:/home/user/.m2/repository/io/dropwizard/metrics/metrics-ganglia/3.2.5/metrics-ganglia-3.2.5.jar:/home/user/.m2/repository/info/ganglia/gmetric4j/gmetric4j/1.0.7/gmetric4j-1.0.7.jar:/home/user/.m2/repository/org/apache/ratis/ratis-netty/0.5.0-201fc85-SNAPSHOT/ratis-netty-0.5.0-201fc85-SNAPSHOT.jar:/home/user/.m2/repository/org/apache/ratis/ratis-grpc/0.5.0-201fc85-SNAPSHOT/ratis-grpc-0.5.0-201fc85-SNAPSHOT.jar:/home/user/.m2/repository/org/rocksdb/rocksdbjni/6.0.1/rocksdbjni-6.0.1.jar:/home/user/.m2/repository/org/apache/logging/log4j/log4j-api/2.11.0/log4j-api-2.11.0.jar:/home/user/.m2/repository/org/apache/logging/log4j/log4j-core/2.11.0/log4j-core-2.11.0.jar:/home/user/.m2/repository/com/lmax/disruptor/3.4.2/disruptor-3.4.2.jar:/home/user/.m2/repository/org/apache/commons/commons-pool2/2.6.0/commons-pool2-2.6.0.jar:/home/user/.m2/repository/org/bouncycastle/bcpkix-jdk15on/1.60/bcpkix-jdk15on-1.60.jar:/home/user/.m2/repository/commons-validator/commons-validator/1.6/commons-validator-1.6.jar:/home/user/.m2/repository/commons-digester/commons-digester/1.8.1/commons-digester-1.8.1.jar:/home/user/.m2/repository/io/jaegertracing/jaeger-client/0.34.0/jaeger-client-0.34.0.jar:/home/user/.m2/repository/io/jaegertracing/jaeger-thrift/0.34.0/jaeger-thrift-0.34.0.jar:/home/user/.m2/repository/org/apache/thrift/libthrift/0.12.0/libthrift-0.12.0.jar:/home/user/.m2/repository/com/squareup/okhttp3/okhttp/3.9.0/okhttp-3.9.0.jar:/home/user/.m2/repository/com/squareup/okio/okio/1.13.0/okio-1.13.0.jar:/home/user/.m2/repository/io/jaegertracing/jaeger-core/0.34.0/jaeger-core-0.34.0.jar:/home/user/.m2/repository/io/jaegertracing/jaeger-tracerresolver/0.34.0/jaeger-tracerresolver-0.34.0.jar:/home/user/.m2/repository/io/opentracing/contrib/opentracing-tracerresolver/0.1.5/opentracing-tracerresolver-0.1.5.jar:/home/user/.m2/repository/io/opentracing/opentracing-util/0.31.0/opentracing-util-0.31.0.jar:/home/user/.m2/repository/io/opentracing/opentracing-api/0.31.0/opentracing-api-0.31.0.jar:/home/user/.m2/repository/io/opentracing/opentracing-noop/0.31.0/opentracing-noop-0.31.0.jar:/home/user/.m2/repository/org/apache/hadoop/hadoop-hdds-server-framework/0.5.0-SNAPSHOT/hadoop-hdds-server-framework-0.5.0-SNAPSHOT.jar:/home/user/.m2/repository/org/apache/hadoop/hadoop-hdds-container-service/0.5.0-SNAPSHOT/hadoop-hdds-container-service-0.5.0-SNAPSHOT.jar:/home/user/.m2/repository/org/apache/hadoop/hadoop-hdds-client/0.5.0-SNAPSHOT/hadoop-hdds-client-0.5.0-SNAPSHOT.jar:/home/user/.m2/repository/org/apache/hadoop/hadoop-hdds-tools/0.5.0-SNAPSHOT/hadoop-hdds-tools-0.5.0-SNAPSHOT.jar:/home/user/.m2/repository/org/apache/hadoop/hadoop-hdds-server-scm/0.5.0-SNAPSHOT/hadoop-hdds-server-scm-0.5.0-SNAPSHOT.jar:/home/user/.m2/repository/org/apache/hadoop/hadoop-hdds-docs/0.5.0-SNAPSHOT/hadoop-hdds-docs-0.5.0-SNAPSHOT.jar:/home/user/.m2/repository/io/dropwizard/metrics/metrics-core/3.2.4/metrics-core-3.2.4.jar:/home/user/.m2/repository/org/hamcrest/hamcrest-all/1.3/hamcrest-all-1.3.jar:/home/user/.m2/repository/org/bouncycastle/bcprov-jdk15on/1.60/bcprov-jdk15on-1.60.jar:/home/user/.m2/repository/info/picocli/picocli/3.9.6/picocli-3.9.6.jar:/home/user/.m2/repository/com/google/protobuf/protobuf-java/2.5.0/protobuf-java-2.5.0.jar:/home/user/.m2/repository/com/google/guava/guava/11.0.2/guava-11.0.2.jar:/home/user/.m2/repository/org/apache/hadoop/hadoop-ozone-ozone-manager/0.5.0-SNAPSHOT/hadoop-ozone-ozone-manager-0.5.0-SNAPSHOT.jar:/home/user/.m2/repository/org/apache/hadoop/hadoop-minikdc/3.2.0/hadoop-minikdc-3.2.0.jar:/home/user/.m2/repository/commons-io/commons-io/2.5/commons-io-2.5.jar:/home/user/.m2/repository/org/apache/kerby/kerb-simplekdc/1.0.1/kerb-simplekdc-1.0.1.jar:/home/user/.m2/repository/org/apache/kerby/kerb-client/1.0.1/kerb-client-1.0.1.jar:/home/user/.m2/repository/org/apache/kerby/kerby-config/1.0.1/kerby-config-1.0.1.jar:/home/user/.m2/repository/org/apache/kerby/kerb-core/1.0.1/kerb-core-1.0.1.jar:/home/user/.m2/repository/org/apache/kerby/kerby-pkix/1.0.1/kerby-pkix-1.0.1.jar:/home/user/.m2/repository/org/apache/kerby/kerby-asn1/1.0.1/kerby-asn1-1.0.1.jar:/home/user/.m2/repository/org/apache/kerby/kerby-util/1.0.1/kerby-util-1.0.1.jar:/home/user/.m2/repository/org/apache/kerby/kerb-common/1.0.1/kerb-common-1.0.1.jar:/home/user/.m2/repository/org/apache/kerby/kerb-crypto/1.0.1/kerb-crypto-1.0.1.jar:/home/user/.m2/repository/org/apache/kerby/kerb-util/1.0.1/kerb-util-1.0.1.jar:/home/user/.m2/repository/org/apache/kerby/token-provider/1.0.1/token-provider-1.0.1.jar:/home/user/.m2/repository/org/apache/kerby/kerb-admin/1.0.1/kerb-admin-1.0.1.jar:/home/user/.m2/repository/org/apache/kerby/kerb-server/1.0.1/kerb-server-1.0.1.jar:/home/user/.m2/repository/org/apache/kerby/kerb-identity/1.0.1/kerb-identity-1.0.1.jar:/home/user/.m2/repository/org/apache/kerby/kerby-xdr/1.0.1/kerby-xdr-1.0.1.jar:/home/user/.m2/repository/org/slf4j/slf4j-log4j12/1.7.25/slf4j-log4j12-1.7.25.jar:/home/user/.m2/repository/org/apache/hadoop/hadoop-ozone-s3gateway/0.5.0-SNAPSHOT/hadoop-ozone-s3gateway-0.5.0-SNAPSHOT.jar:/home/user/.m2/repository/org/jboss/weld/servlet/weld-servlet/2.4.7.Final/weld-servlet-2.4.7.Final.jar:/home/user/.m2/repository/org/glassfish/jersey/containers/jersey-container-servlet-core/2.27/jersey-container-servlet-core-2.27.jar:/home/user/.m2/repository/org/glassfish/hk2/external/javax.inject/2.5.0-b42/javax.inject-2.5.0-b42.jar:/home/user/.m2/repository/org/glassfish/jersey/core/jersey-common/2.27/jersey-common-2.27.jar:/home/user/.m2/repository/org/glassfish/hk2/osgi-resource-locator/1.0.1/osgi-resource-locator-1.0.1.jar:/home/user/.m2/repository/javax/ws/rs/javax.ws.rs-api/2.1/javax.ws.rs-api-2.1.jar:/home/user/.m2/repository/org/glassfish/jersey/ext/cdi/jersey-cdi1x/2.27/jersey-cdi1x-2.27.jar:/home/user/.m2/repository/org/glassfish/jersey/inject/jersey-hk2/2.27/jersey-hk2-2.27.jar:/home/user/.m2/repository/org/glassfish/hk2/hk2-locator/2.5.0-b42/hk2-locator-2.5.0-b42.jar:/home/user/.m2/repository/org/javassist/javassist/3.22.0-CR2/javassist-3.22.0-CR2.jar:/home/user/.m2/repository/org/glassfish/hk2/hk2-api/2.5.0/hk2-api-2.5.0.jar:/home/user/.m2/repository/org/glassfish/hk2/external/jakarta.inject/2.5.0/jakarta.inject-2.5.0.jar:/home/user/.m2/repository/org/glassfish/hk2/hk2-utils/2.5.0/hk2-utils-2.5.0.jar:/home/user/.m2/repository/jakarta/annotation/jakarta.annotation-api/1.3.4/jakarta.annotation-api-1.3.4.jar:/home/user/.m2/repository/org/glassfish/hk2/external/aopalliance-repackaged/2.5.0/aopalliance-repackaged-2.5.0.jar:/home/user/.m2/repository/com/fasterxml/jackson/dataformat/jackson-dataformat-xml/2.9.0/jackson-dataformat-xml-2.9.0.jar:/home/user/.m2/repository/com/fasterxml/jackson/core/jackson-core/2.9.9/jackson-core-2.9.9.jar:/home/user/.m2/repository/com/fasterxml/jackson/module/jackson-module-jaxb-annotations/2.9.9/jackson-module-jaxb-annotations-2.9.9.jar:/home/user/.m2/repository/javax/enterprise/cdi-api/1.2/cdi-api-1.2.jar:/home/user/.m2/repository/javax/el/javax.el-api/3.0.0/javax.el-api-3.0.0.jar:/home/user/.m2/repository/javax/interceptor/javax.interceptor-api/1.2/javax.interceptor-api-1.2.jar:/home/user/.m2/repository/javax/inject/javax.inject/1/javax.inject-1.jar:/home/user/.m2/repository/com/sun/xml/bind/jaxb-impl/2.3.0.1/jaxb-impl-2.3.0.1.jar:/home/user/.m2/repository/com/sun/xml/bind/jaxb-core/2.3.0.1/jaxb-core-2.3.0.1.jar:/home/user/.m2/repository/javax/xml/bind/jaxb-api/2.3.0/jaxb-api-2.3.0.jar:/home/user/.m2/repository/javax/activation/activation/1.1.1/activation-1.1.1.jar:/home/user/.m2/repository/org/apache/hadoop/hadoop-ozone-csi/0.5.0-SNAPSHOT/hadoop-ozone-csi-0.5.0-SNAPSHOT.jar:/home/user/.m2/repository/com/google/protobuf/protobuf-java-util/3.5.1/protobuf-java-util-3.5.1.jar:/home/user/.m2/repository/org/apache/hadoop/hadoop-hdds-config/0.5.0-SNAPSHOT/hadoop-hdds-config-0.5.0-SNAPSHOT.jar:/home/user/.m2/repository/io/grpc/grpc-netty/1.17.1/grpc-netty-1.17.1.jar:/home/user/.m2/repository/io/grpc/grpc-core/1.17.1/grpc-core-1.17.1.jar:/home/user/.m2/repository/io/grpc/grpc-context/1.17.1/grpc-context-1.17.1.jar:/home/user/.m2/repository/com/google/errorprone/error_prone_annotations/2.2.0/error_prone_annotations-2.2.0.jar:/home/user/.m2/repository/org/codehaus/mojo/animal-sniffer-annotations/1.17/animal-sniffer-annotations-1.17.jar:/home/user/.m2/repository/io/opencensus/opencensus-api/0.17.0/opencensus-api-0.17.0.jar:/home/user/.m2/repository/io/opencensus/opencensus-contrib-grpc-metrics/0.17.0/opencensus-contrib-grpc-metrics-0.17.0.jar:/home/user/.m2/repository/io/netty/netty-codec-http2/4.1.30.Final/netty-codec-http2-4.1.30.Final.jar:/home/user/.m2/repository/io/netty/netty-codec-http/4.1.30.Final/netty-codec-http-4.1.30.Final.jar:/home/user/.m2/repository/io/netty/netty-codec/4.1.30.Final/netty-codec-4.1.30.Final.jar:/home/user/.m2/repository/io/netty/netty-handler/4.1.30.Final/netty-handler-4.1.30.Final.jar:/home/user/.m2/repository/io/netty/netty-handler-proxy/4.1.30.Final/netty-handler-proxy-4.1.30.Final.jar:/home/user/.m2/repository/io/netty/netty-codec-socks/4.1.30.Final/netty-codec-socks-4.1.30.Final.jar:/home/user/.m2/repository/io/netty/netty-transport-native-epoll/4.1.30.Final/netty-transport-native-epoll-4.1.30.Final.jar:/home/user/.m2/repository/io/netty/netty-common/4.1.30.Final/netty-common-4.1.30.Final.jar:/home/user/.m2/repository/io/netty/netty-buffer/4.1.30.Final/netty-buffer-4.1.30.Final.jar:/home/user/.m2/repository/io/netty/netty-transport/4.1.30.Final/netty-transport-4.1.30.Final.jar:/home/user/.m2/repository/io/netty/netty-resolver/4.1.30.Final/netty-resolver-4.1.30.Final.jar:/home/user/.m2/repository/io/netty/netty-transport-native-unix-common/4.1.30.Final/netty-transport-native-unix-common-4.1.30.Final.jar:/home/user/.m2/repository/io/grpc/grpc-protobuf/1.17.1/grpc-protobuf-1.17.1.jar:/home/user/.m2/repository/com/google/api/grpc/proto-google-common-protos/1.0.0/proto-google-common-protos-1.0.0.jar:/home/user/.m2/repository/io/grpc/grpc-protobuf-lite/1.17.1/grpc-protobuf-lite-1.17.1.jar:/home/user/.m2/repository/io/grpc/grpc-stub/1.17.1/grpc-stub-1.17.1.jar:/home/user/.m2/repository/org/apache/hadoop/hadoop-ozone-recon/0.5.0-SNAPSHOT/hadoop-ozone-recon-0.5.0-SNAPSHOT.jar:/home/user/.m2/repository/org/apache/hadoop/hadoop-ozone-reconcodegen/0.5.0-SNAPSHOT/hadoop-ozone-reconcodegen-0.5.0-SNAPSHOT.jar:/home/user/.m2/repository/com/google/inject/extensions/guice-multibindings/4.0/guice-multibindings-4.0.jar:/home/user/.m2/repository/com/google/inject/guice/4.0/guice-4.0.jar:/home/user/.m2/repository/aopalliance/aopalliance/1.0/aopalliance-1.0.jar:/home/user/.m2/repository/com/google/inject/extensions/guice-servlet/4.0/guice-servlet-4.0.jar:/home/user/.m2/repository/org/glassfish/jersey/containers/jersey-container-servlet/2.27/jersey-container-servlet-2.27.jar:/home/user/.m2/repository/org/glassfish/hk2/guice-bridge/2.5.0/guice-bridge-2.5.0.jar:/home/user/.m2/repository/org/glassfish/jersey/core/jersey-server/2.27/jersey-server-2.27.jar:/home/user/.m2/repository/org/glassfish/jersey/core/jersey-client/2.27/jersey-client-2.27.jar:/home/user/.m2/repository/org/glassfish/jersey/media/jersey-media-jaxb/2.27/jersey-media-jaxb-2.27.jar:/home/user/.m2/repository/javax/validation/validation-api/1.1.0.Final/validation-api-1.1.0.Final.jar:/home/user/.m2/repository/org/glassfish/jersey/media/jersey-media-json-jackson/2.27/jersey-media-json-jackson-2.27.jar:/home/user/.m2/repository/org/glassfish/jersey/ext/jersey-entity-filtering/2.27/jersey-entity-filtering-2.27.jar:/home/user/.m2/repository/com/google/inject/extensions/guice-assistedinject/4.0/guice-assistedinject-4.0.jar:/home/user/.m2/repository/org/jooq/jooq/3.11.10/jooq-3.11.10.jar:/home/user/.m2/repository/org/jooq/jooq-meta/3.11.10/jooq-meta-3.11.10.jar:/home/user/.m2/repository/org/jooq/jooq-codegen/3.11.10/jooq-codegen-3.11.10.jar:/home/user/.m2/repository/com/jolbox/bonecp/0.8.0.RELEASE/bonecp-0.8.0.RELEASE.jar:/home/user/.m2/repository/org/xerial/sqlite-jdbc/3.25.2/sqlite-jdbc-3.25.2.jar:/home/user/.m2/repository/org/springframework/spring-jdbc/5.1.3.RELEASE/spring-jdbc-5.1.3.RELEASE.jar:/home/user/.m2/repository/org/springframework/spring-beans/5.1.3.RELEASE/spring-beans-5.1.3.RELEASE.jar:/home/user/.m2/repository/org/springframework/spring-core/5.1.3.RELEASE/spring-core-5.1.3.RELEASE.jar:/home/user/.m2/repository/org/springframework/spring-jcl/5.1.3.RELEASE/spring-jcl-5.1.3.RELEASE.jar:/home/user/.m2/repository/org/springframework/spring-tx/5.1.3.RELEASE/spring-tx-5.1.3.RELEASE.jar:/home/user/.m2/repository/org/apache/hadoop/hadoop-ozone-client/0.5.0-SNAPSHOT/hadoop-ozone-client-0.5.0-SNAPSHOT.jar:/home/user/.m2/repository/commons-lang/commons-lang/2.6/commons-lang-2.6.jar:/home/user/.m2/repository/org/apache/hadoop/hadoop-ozone-ozone-manager/0.5.0-SNAPSHOT/hadoop-ozone-ozone-manager-0.5.0-SNAPSHOT-tests.jar:/home/user/.m2/repository/junit/junit/4.11/junit-4.11.jar:/home/user/.m2/repository/org/hamcrest/hamcrest-core/1.3/hamcrest-core-1.3.jar:/home/user/.m2/repository/org/openjdk/jmh/jmh-core/1.19/jmh-core-1.19.jar:/home/user/.m2/repository/net/sf/jopt-simple/jopt-simple/4.6/jopt-simple-4.6.jar:/home/user/.m2/repository/org/apache/commons/commons-math3/3.1.1/commons-math3-3.1.1.jar:/home/user/.m2/repository/org/openjdk/jmh/jmh-generator-annprocess/1.19/jmh-generator-annprocess-1.19.jar:/home/user/.m2/repository/org/mockito/mockito-all/1.8.5/mockito-all-1.8.5.jar:/home/user/.m2/repository/org/apache/hadoop/hadoop-kms/3.2.0/hadoop-kms-3.2.0.jar:/home/user/.m2/repository/org/apache/hadoop/hadoop-auth/3.2.0/hadoop-auth-3.2.0.jar:/home/user/.m2/repository/com/nimbusds/nimbus-jose-jwt/4.41.1/nimbus-jose-jwt-4.41.1.jar:/home/user/.m2/repository/com/github/stephenc/jcip/jcip-annotations/1.0-1/jcip-annotations-1.0-1.jar:/home/user/.m2/repository/net/minidev/json-smart/2.3/json-smart-2.3.jar:/home/user/.m2/repository/net/minidev/accessors-smart/1.2/accessors-smart-1.2.jar:/home/user/.m2/repository/org/ow2/asm/asm/5.0.4/asm-5.0.4.jar:/home/user/.m2/repository/org/apache/curator/curator-framework/2.12.0/curator-framework-2.12.0.jar:/home/user/.m2/repository/com/sun/jersey/jersey-core/1.19/jersey-core-1.19.jar:/home/user/.m2/repository/javax/ws/rs/jsr311-api/1.1.1/jsr311-api-1.1.1.jar:/home/user/.m2/repository/com/sun/jersey/jersey-server/1.19/jersey-server-1.19.jar:/home/user/.m2/repository/javax/servlet/javax.servlet-api/3.1.0/javax.servlet-api-3.1.0.jar:/home/user/.m2/repository/org/eclipse/jetty/jetty-server/9.3.25.v20180904/jetty-server-9.3.25.v20180904.jar:/home/user/.m2/repository/org/eclipse/jetty/jetty-http/9.3.25.v20180904/jetty-http-9.3.25.v20180904.jar:/home/user/.m2/repository/org/eclipse/jetty/jetty-io/9.3.25.v20180904/jetty-io-9.3.25.v20180904.jar:/home/user/.m2/repository/org/eclipse/jetty/jetty-webapp/9.3.25.v20180904/jetty-webapp-9.3.25.v20180904.jar:/home/user/.m2/repository/org/eclipse/jetty/jetty-xml/9.3.25.v20180904/jetty-xml-9.3.25.v20180904.jar:/home/user/.m2/repository/log4j/log4j/1.2.17/log4j-1.2.17.jar:/home/user/.m2/repository/org/slf4j/slf4j-api/1.7.25/slf4j-api-1.7.25.jar:/home/user/.m2/repository/org/slf4j/jul-to-slf4j/1.7.25/jul-to-slf4j-1.7.25.jar:/home/user/.m2/repository/org/eclipse/jetty/jetty-util/9.3.25.v20180904/jetty-util-9.3.25.v20180904.jar:/home/user/.m2/repository/com/fasterxml/jackson/core/jackson-databind/2.9.9/jackson-databind-2.9.9.jar:/home/user/.m2/repository/org/apache/hadoop/hadoop-kms/3.2.0/hadoop-kms-3.2.0-tests.jar:/home/user/.m2/repository/org/apache/hadoop/hadoop-hdds-server-scm/0.5.0-SNAPSHOT/hadoop-hdds-server-scm-0.5.0-SNAPSHOT-tests.jar:/home/user/.m2/repository/org/apache/hadoop/hadoop-hdds-container-service/0.5.0-SNAPSHOT/hadoop-hdds-container-service-0.5.0-SNAPSHOT-tests.jar:/home/user/.m2/repository/org/yaml/snakeyaml/1.16/snakeyaml-1.16.jar:/home/user/.m2/repository/org/apache/hadoop/hadoop-common/3.2.0/hadoop-common-3.2.0-tests.jar:/home/user/.m2/repository/org/apache/hadoop/hadoop-annotations/3.2.0/hadoop-annotations-3.2.0.jar:/usr/lib/jvm/java-1.8-openjdk/jre/../lib/tools.jar:/home/user/.m2/repository/commons-cli/commons-cli/1.2/commons-cli-1.2.jar:/home/user/.m2/repository/org/apache/httpcomponents/httpclient/4.5.2/httpclient-4.5.2.jar:/home/user/.m2/repository/org/apache/httpcomponents/httpcore/4.4.4/httpcore-4.4.4.jar:/home/user/.m2/repository/commons-codec/commons-codec/1.11/commons-codec-1.11.jar:/home/user/.m2/repository/commons-net/commons-net/3.6/commons-net-3.6.jar:/home/user/.m2/repository/commons-collections/commons-collections/3.2.2/commons-collections-3.2.2.jar:/home/user/.m2/repository/org/eclipse/jetty/jetty-servlet/9.3.25.v20180904/jetty-servlet-9.3.25.v20180904.jar:/home/user/.m2/repository/org/eclipse/jetty/jetty-security/9.3.25.v20180904/jetty-security-9.3.25.v20180904.jar:/home/user/.m2/repository/javax/servlet/jsp/jsp-api/2.1/jsp-api-2.1.jar:/home/user/.m2/repository/com/sun/jersey/jersey-servlet/1.19/jersey-servlet-1.19.jar:/home/user/.m2/repository/com/sun/jersey/jersey-json/1.19/jersey-json-1.19.jar:/home/user/.m2/repository/org/codehaus/jettison/jettison/1.1/jettison-1.1.jar:/home/user/.m2/repository/org/codehaus/jackson/jackson-core-asl/1.9.13/jackson-core-asl-1.9.13.jar:/home/user/.m2/repository/org/codehaus/jackson/jackson-mapper-asl/1.9.13/jackson-mapper-asl-1.9.13.jar:/home/user/.m2/repository/org/codehaus/jackson/jackson-jaxrs/1.9.13/jackson-jaxrs-1.9.13.jar:/home/user/.m2/repository/org/codehaus/jackson/jackson-xc/1.9.13/jackson-xc-1.9.13.jar:/home/user/.m2/repository/commons-logging/commons-logging/1.1.3/commons-logging-1.1.3.jar:/home/user/.m2/repository/commons-beanutils/commons-beanutils/1.9.4/commons-beanutils-1.9.4.jar:/home/user/.m2/repository/org/apache/commons/commons-configuration2/2.1.1/commons-configuration2-2.1.1.jar:/home/user/.m2/repository/org/apache/commons/commons-lang3/3.7/commons-lang3-3.7.jar:/home/user/.m2/repository/org/apache/commons/commons-text/1.4/commons-text-1.4.jar:/home/user/.m2/repository/org/apache/avro/avro/1.7.7/avro-1.7.7.jar:/home/user/.m2/repository/com/thoughtworks/paranamer/paranamer/2.3/paranamer-2.3.jar:/home/user/.m2/repository/org/xerial/snappy/snappy-java/1.0.5/snappy-java-1.0.5.jar:/home/user/.m2/repository/com/google/re2j/re2j/1.1/re2j-1.1.jar:/home/user/.m2/repository/com/google/code/gson/gson/2.2.4/gson-2.2.4.jar:/home/user/.m2/repository/com/jcraft/jsch/0.1.54/jsch-0.1.54.jar:/home/user/.m2/repository/org/apache/curator/curator-client/2.12.0/curator-client-2.12.0.jar:/home/user/.m2/repository/org/apache/curator/curator-recipes/2.12.0/curator-recipes-2.12.0.jar:/home/user/.m2/repository/com/google/code/findbugs/jsr305/3.0.0/jsr305-3.0.0.jar:/home/user/.m2/repository/org/apache/htrace/htrace-core4/4.1.0-incubating/htrace-core4-4.1.0-incubating.jar:/home/user/.m2/repository/org/apache/zookeeper/zookeeper/3.4.13/zookeeper-3.4.13.jar:/home/user/.m2/repository/jline/jline/0.9.94/jline-0.9.94.jar:/home/user/.m2/repository/org/apache/yetus/audience-annotations/0.5.0/audience-annotations-0.5.0.jar:/home/user/.m2/repository/org/codehaus/woodstox/stax2-api/3.1.4/stax2-api-3.1.4.jar:/home/user/.m2/repository/com/fasterxml/woodstox/woodstox-core/5.0.3/woodstox-core-5.0.3.jar:/home/user/.m2/repository/dnsjava/dnsjava/2.1.7/dnsjava-2.1.7.jar:/home/user/.m2/repository/org/apache/hadoop/hadoop-hdfs/3.2.0/hadoop-hdfs-3.2.0-tests.jar:/home/user/.m2/repository/org/eclipse/jetty/jetty-util-ajax/9.3.25.v20180904/jetty-util-ajax-9.3.25.v20180904.jar:/home/user/.m2/repository/commons-daemon/commons-daemon/1.0.13/commons-daemon-1.0.13.jar:/home/user/.m2/repository/io/netty/netty/3.10.5.Final/netty-3.10.5.Final.jar:/home/user/.m2/repository/io/netty/netty-all/4.0.52.Final/netty-all-4.0.52.Final.jar:/home/user/.m2/repository/org/fusesource/leveldbjni/leveldbjni-all/1.8/leveldbjni-all-1.8.jar:"/>
    <property name="java.vm.vendor" value="IcedTea"/>
    <property name="sun.arch.data.model" value="64"/>
    <property name="test.build.dir" value="/workdir/hadoop-ozone/integration-test/target/test-dir"/>
    <property name="test.cache.data" value=""/>
    <property name="java.vendor.url" value="https://icedtea.classpath.org"/>
    <property name="user.timezone" value=""/>
    <property name="java.vm.specification.version" value="1.8"/>
    <property name="os.name" value="Linux"/>
    <property name="test.build.data" value="/workdir/hadoop-ozone/integration-test/target/test-dir"/>
    <property name="user.country" value="US"/>
    <property name="sun.java.launcher" value="SUN_STANDARD"/>
    <property name="sun.boot.library.path" value="/usr/lib/jvm/java-1.8-openjdk/jre/lib/amd64"/>
    <property name="sun.java.command" value="/workdir/hadoop-ozone/integration-test/target/surefire/surefirebooter1850680050282913231.jar /workdir/hadoop-ozone/integration-test/target/surefire 2019-10-04T17-18-19_917-jvmRun1 surefire546081568453337535tmp surefire_64311098418776038357tmp"/>
    <property name="test" value="!TestMiniChaosOzoneCluster"/>
    <property name="surefire.test.class.path" value="/workdir/hadoop-ozone/integration-test/target/test-classes:/workdir/hadoop-ozone/integration-test/target/classes:/home/user/.m2/repository/org/apache/hadoop/hadoop-ozone-common/0.5.0-SNAPSHOT/hadoop-ozone-common-0.5.0-SNAPSHOT.jar:/home/user/.m2/repository/org/apache/commons/commons-compress/1.4.1/commons-compress-1.4.1.jar:/home/user/.m2/repository/org/tukaani/xz/1.0/xz-1.0.jar:/home/user/.m2/repository/org/apache/hadoop/hadoop-common/3.2.0/hadoop-common-3.2.0.jar:/home/user/.m2/repository/org/apache/hadoop/hadoop-hdfs/3.2.0/hadoop-hdfs-3.2.0.jar:/home/user/.m2/repository/org/apache/hadoop/hadoop-hdfs-client/3.2.0/hadoop-hdfs-client-3.2.0.jar:/home/user/.m2/repository/com/fasterxml/jackson/core/jackson-annotations/2.9.9/jackson-annotations-2.9.9.jar:/home/user/.m2/repository/org/apache/hadoop/hadoop-hdds-common/0.5.0-SNAPSHOT/hadoop-hdds-common-0.5.0-SNAPSHOT.jar:/home/user/.m2/repository/javax/annotation/javax.annotation-api/1.2/javax.annotation-api-1.2.jar:/home/user/.m2/repository/org/apache/ratis/ratis-server/0.5.0-201fc85-SNAPSHOT/ratis-server-0.5.0-201fc85-SNAPSHOT.jar:/home/user/.m2/repository/org/apache/ratis/ratis-thirdparty-misc/0.2.0/ratis-thirdparty-misc-0.2.0.jar:/home/user/.m2/repository/org/apache/ratis/ratis-proto/0.5.0-201fc85-SNAPSHOT/ratis-proto-0.5.0-201fc85-SNAPSHOT.jar:/home/user/.m2/repository/org/apache/ratis/ratis-common/0.5.0-201fc85-SNAPSHOT/ratis-common-0.5.0-201fc85-SNAPSHOT.jar:/home/user/.m2/repository/org/apache/ratis/ratis-client/0.5.0-201fc85-SNAPSHOT/ratis-client-0.5.0-201fc85-SNAPSHOT.jar:/home/user/.m2/repository/org/apache/ratis/ratis-metrics/0.5.0-201fc85-SNAPSHOT/ratis-metrics-0.5.0-201fc85-SNAPSHOT.jar:/home/user/.m2/repository/com/github/joshelser/dropwizard-metrics-hadoop-metrics2-reporter/0.1.2/dropwizard-metrics-hadoop-metrics2-reporter-0.1.2.jar:/home/user/.m2/repository/io/dropwizard/metrics/metrics-jvm/3.2.5/metrics-jvm-3.2.5.jar:/home/user/.m2/repository/io/dropwizard/metrics/metrics-ganglia/3.2.5/metrics-ganglia-3.2.5.jar:/home/user/.m2/repository/info/ganglia/gmetric4j/gmetric4j/1.0.7/gmetric4j-1.0.7.jar:/home/user/.m2/repository/org/apache/ratis/ratis-netty/0.5.0-201fc85-SNAPSHOT/ratis-netty-0.5.0-201fc85-SNAPSHOT.jar:/home/user/.m2/repository/org/apache/ratis/ratis-grpc/0.5.0-201fc85-SNAPSHOT/ratis-grpc-0.5.0-201fc85-SNAPSHOT.jar:/home/user/.m2/repository/org/rocksdb/rocksdbjni/6.0.1/rocksdbjni-6.0.1.jar:/home/user/.m2/repository/org/apache/logging/log4j/log4j-api/2.11.0/log4j-api-2.11.0.jar:/home/user/.m2/repository/org/apache/logging/log4j/log4j-core/2.11.0/log4j-core-2.11.0.jar:/home/user/.m2/repository/com/lmax/disruptor/3.4.2/disruptor-3.4.2.jar:/home/user/.m2/repository/org/apache/commons/commons-pool2/2.6.0/commons-pool2-2.6.0.jar:/home/user/.m2/repository/org/bouncycastle/bcpkix-jdk15on/1.60/bcpkix-jdk15on-1.60.jar:/home/user/.m2/repository/commons-validator/commons-validator/1.6/commons-validator-1.6.jar:/home/user/.m2/repository/commons-digester/commons-digester/1.8.1/commons-digester-1.8.1.jar:/home/user/.m2/repository/io/jaegertracing/jaeger-client/0.34.0/jaeger-client-0.34.0.jar:/home/user/.m2/repository/io/jaegertracing/jaeger-thrift/0.34.0/jaeger-thrift-0.34.0.jar:/home/user/.m2/repository/org/apache/thrift/libthrift/0.12.0/libthrift-0.12.0.jar:/home/user/.m2/repository/com/squareup/okhttp3/okhttp/3.9.0/okhttp-3.9.0.jar:/home/user/.m2/repository/com/squareup/okio/okio/1.13.0/okio-1.13.0.jar:/home/user/.m2/repository/io/jaegertracing/jaeger-core/0.34.0/jaeger-core-0.34.0.jar:/home/user/.m2/repository/io/jaegertracing/jaeger-tracerresolver/0.34.0/jaeger-tracerresolver-0.34.0.jar:/home/user/.m2/repository/io/opentracing/contrib/opentracing-tracerresolver/0.1.5/opentracing-tracerresolver-0.1.5.jar:/home/user/.m2/repository/io/opentracing/opentracing-util/0.31.0/opentracing-util-0.31.0.jar:/home/user/.m2/repository/io/opentracing/opentracing-api/0.31.0/opentracing-api-0.31.0.jar:/home/user/.m2/repository/io/opentracing/opentracing-noop/0.31.0/opentracing-noop-0.31.0.jar:/home/user/.m2/repository/org/apache/hadoop/hadoop-hdds-server-framework/0.5.0-SNAPSHOT/hadoop-hdds-server-framework-0.5.0-SNAPSHOT.jar:/home/user/.m2/repository/org/apache/hadoop/hadoop-hdds-container-service/0.5.0-SNAPSHOT/hadoop-hdds-container-service-0.5.0-SNAPSHOT.jar:/home/user/.m2/repository/org/apache/hadoop/hadoop-hdds-client/0.5.0-SNAPSHOT/hadoop-hdds-client-0.5.0-SNAPSHOT.jar:/home/user/.m2/repository/org/apache/hadoop/hadoop-hdds-tools/0.5.0-SNAPSHOT/hadoop-hdds-tools-0.5.0-SNAPSHOT.jar:/home/user/.m2/repository/org/apache/hadoop/hadoop-hdds-server-scm/0.5.0-SNAPSHOT/hadoop-hdds-server-scm-0.5.0-SNAPSHOT.jar:/home/user/.m2/repository/org/apache/hadoop/hadoop-hdds-docs/0.5.0-SNAPSHOT/hadoop-hdds-docs-0.5.0-SNAPSHOT.jar:/home/user/.m2/repository/io/dropwizard/metrics/metrics-core/3.2.4/metrics-core-3.2.4.jar:/home/user/.m2/repository/org/hamcrest/hamcrest-all/1.3/hamcrest-all-1.3.jar:/home/user/.m2/repository/org/bouncycastle/bcprov-jdk15on/1.60/bcprov-jdk15on-1.60.jar:/home/user/.m2/repository/info/picocli/picocli/3.9.6/picocli-3.9.6.jar:/home/user/.m2/repository/com/google/protobuf/protobuf-java/2.5.0/protobuf-java-2.5.0.jar:/home/user/.m2/repository/com/google/guava/guava/11.0.2/guava-11.0.2.jar:/home/user/.m2/repository/org/apache/hadoop/hadoop-ozone-ozone-manager/0.5.0-SNAPSHOT/hadoop-ozone-ozone-manager-0.5.0-SNAPSHOT.jar:/home/user/.m2/repository/org/apache/hadoop/hadoop-minikdc/3.2.0/hadoop-minikdc-3.2.0.jar:/home/user/.m2/repository/commons-io/commons-io/2.5/commons-io-2.5.jar:/home/user/.m2/repository/org/apache/kerby/kerb-simplekdc/1.0.1/kerb-simplekdc-1.0.1.jar:/home/user/.m2/repository/org/apache/kerby/kerb-client/1.0.1/kerb-client-1.0.1.jar:/home/user/.m2/repository/org/apache/kerby/kerby-config/1.0.1/kerby-config-1.0.1.jar:/home/user/.m2/repository/org/apache/kerby/kerb-core/1.0.1/kerb-core-1.0.1.jar:/home/user/.m2/repository/org/apache/kerby/kerby-pkix/1.0.1/kerby-pkix-1.0.1.jar:/home/user/.m2/repository/org/apache/kerby/kerby-asn1/1.0.1/kerby-asn1-1.0.1.jar:/home/user/.m2/repository/org/apache/kerby/kerby-util/1.0.1/kerby-util-1.0.1.jar:/home/user/.m2/repository/org/apache/kerby/kerb-common/1.0.1/kerb-common-1.0.1.jar:/home/user/.m2/repository/org/apache/kerby/kerb-crypto/1.0.1/kerb-crypto-1.0.1.jar:/home/user/.m2/repository/org/apache/kerby/kerb-util/1.0.1/kerb-util-1.0.1.jar:/home/user/.m2/repository/org/apache/kerby/token-provider/1.0.1/token-provider-1.0.1.jar:/home/user/.m2/repository/org/apache/kerby/kerb-admin/1.0.1/kerb-admin-1.0.1.jar:/home/user/.m2/repository/org/apache/kerby/kerb-server/1.0.1/kerb-server-1.0.1.jar:/home/user/.m2/repository/org/apache/kerby/kerb-identity/1.0.1/kerb-identity-1.0.1.jar:/home/user/.m2/repository/org/apache/kerby/kerby-xdr/1.0.1/kerby-xdr-1.0.1.jar:/home/user/.m2/repository/org/slf4j/slf4j-log4j12/1.7.25/slf4j-log4j12-1.7.25.jar:/home/user/.m2/repository/org/apache/hadoop/hadoop-ozone-s3gateway/0.5.0-SNAPSHOT/hadoop-ozone-s3gateway-0.5.0-SNAPSHOT.jar:/home/user/.m2/repository/org/jboss/weld/servlet/weld-servlet/2.4.7.Final/weld-servlet-2.4.7.Final.jar:/home/user/.m2/repository/org/glassfish/jersey/containers/jersey-container-servlet-core/2.27/jersey-container-servlet-core-2.27.jar:/home/user/.m2/repository/org/glassfish/hk2/external/javax.inject/2.5.0-b42/javax.inject-2.5.0-b42.jar:/home/user/.m2/repository/org/glassfish/jersey/core/jersey-common/2.27/jersey-common-2.27.jar:/home/user/.m2/repository/org/glassfish/hk2/osgi-resource-locator/1.0.1/osgi-resource-locator-1.0.1.jar:/home/user/.m2/repository/javax/ws/rs/javax.ws.rs-api/2.1/javax.ws.rs-api-2.1.jar:/home/user/.m2/repository/org/glassfish/jersey/ext/cdi/jersey-cdi1x/2.27/jersey-cdi1x-2.27.jar:/home/user/.m2/repository/org/glassfish/jersey/inject/jersey-hk2/2.27/jersey-hk2-2.27.jar:/home/user/.m2/repository/org/glassfish/hk2/hk2-locator/2.5.0-b42/hk2-locator-2.5.0-b42.jar:/home/user/.m2/repository/org/javassist/javassist/3.22.0-CR2/javassist-3.22.0-CR2.jar:/home/user/.m2/repository/org/glassfish/hk2/hk2-api/2.5.0/hk2-api-2.5.0.jar:/home/user/.m2/repository/org/glassfish/hk2/external/jakarta.inject/2.5.0/jakarta.inject-2.5.0.jar:/home/user/.m2/repository/org/glassfish/hk2/hk2-utils/2.5.0/hk2-utils-2.5.0.jar:/home/user/.m2/repository/jakarta/annotation/jakarta.annotation-api/1.3.4/jakarta.annotation-api-1.3.4.jar:/home/user/.m2/repository/org/glassfish/hk2/external/aopalliance-repackaged/2.5.0/aopalliance-repackaged-2.5.0.jar:/home/user/.m2/repository/com/fasterxml/jackson/dataformat/jackson-dataformat-xml/2.9.0/jackson-dataformat-xml-2.9.0.jar:/home/user/.m2/repository/com/fasterxml/jackson/core/jackson-core/2.9.9/jackson-core-2.9.9.jar:/home/user/.m2/repository/com/fasterxml/jackson/module/jackson-module-jaxb-annotations/2.9.9/jackson-module-jaxb-annotations-2.9.9.jar:/home/user/.m2/repository/javax/enterprise/cdi-api/1.2/cdi-api-1.2.jar:/home/user/.m2/repository/javax/el/javax.el-api/3.0.0/javax.el-api-3.0.0.jar:/home/user/.m2/repository/javax/interceptor/javax.interceptor-api/1.2/javax.interceptor-api-1.2.jar:/home/user/.m2/repository/javax/inject/javax.inject/1/javax.inject-1.jar:/home/user/.m2/repository/com/sun/xml/bind/jaxb-impl/2.3.0.1/jaxb-impl-2.3.0.1.jar:/home/user/.m2/repository/com/sun/xml/bind/jaxb-core/2.3.0.1/jaxb-core-2.3.0.1.jar:/home/user/.m2/repository/javax/xml/bind/jaxb-api/2.3.0/jaxb-api-2.3.0.jar:/home/user/.m2/repository/javax/activation/activation/1.1.1/activation-1.1.1.jar:/home/user/.m2/repository/org/apache/hadoop/hadoop-ozone-csi/0.5.0-SNAPSHOT/hadoop-ozone-csi-0.5.0-SNAPSHOT.jar:/home/user/.m2/repository/com/google/protobuf/protobuf-java-util/3.5.1/protobuf-java-util-3.5.1.jar:/home/user/.m2/repository/org/apache/hadoop/hadoop-hdds-config/0.5.0-SNAPSHOT/hadoop-hdds-config-0.5.0-SNAPSHOT.jar:/home/user/.m2/repository/io/grpc/grpc-netty/1.17.1/grpc-netty-1.17.1.jar:/home/user/.m2/repository/io/grpc/grpc-core/1.17.1/grpc-core-1.17.1.jar:/home/user/.m2/repository/io/grpc/grpc-context/1.17.1/grpc-context-1.17.1.jar:/home/user/.m2/repository/com/google/errorprone/error_prone_annotations/2.2.0/error_prone_annotations-2.2.0.jar:/home/user/.m2/repository/org/codehaus/mojo/animal-sniffer-annotations/1.17/animal-sniffer-annotations-1.17.jar:/home/user/.m2/repository/io/opencensus/opencensus-api/0.17.0/opencensus-api-0.17.0.jar:/home/user/.m2/repository/io/opencensus/opencensus-contrib-grpc-metrics/0.17.0/opencensus-contrib-grpc-metrics-0.17.0.jar:/home/user/.m2/repository/io/netty/netty-codec-http2/4.1.30.Final/netty-codec-http2-4.1.30.Final.jar:/home/user/.m2/repository/io/netty/netty-codec-http/4.1.30.Final/netty-codec-http-4.1.30.Final.jar:/home/user/.m2/repository/io/netty/netty-codec/4.1.30.Final/netty-codec-4.1.30.Final.jar:/home/user/.m2/repository/io/netty/netty-handler/4.1.30.Final/netty-handler-4.1.30.Final.jar:/home/user/.m2/repository/io/netty/netty-handler-proxy/4.1.30.Final/netty-handler-proxy-4.1.30.Final.jar:/home/user/.m2/repository/io/netty/netty-codec-socks/4.1.30.Final/netty-codec-socks-4.1.30.Final.jar:/home/user/.m2/repository/io/netty/netty-transport-native-epoll/4.1.30.Final/netty-transport-native-epoll-4.1.30.Final.jar:/home/user/.m2/repository/io/netty/netty-common/4.1.30.Final/netty-common-4.1.30.Final.jar:/home/user/.m2/repository/io/netty/netty-buffer/4.1.30.Final/netty-buffer-4.1.30.Final.jar:/home/user/.m2/repository/io/netty/netty-transport/4.1.30.Final/netty-transport-4.1.30.Final.jar:/home/user/.m2/repository/io/netty/netty-resolver/4.1.30.Final/netty-resolver-4.1.30.Final.jar:/home/user/.m2/repository/io/netty/netty-transport-native-unix-common/4.1.30.Final/netty-transport-native-unix-common-4.1.30.Final.jar:/home/user/.m2/repository/io/grpc/grpc-protobuf/1.17.1/grpc-protobuf-1.17.1.jar:/home/user/.m2/repository/com/google/api/grpc/proto-google-common-protos/1.0.0/proto-google-common-protos-1.0.0.jar:/home/user/.m2/repository/io/grpc/grpc-protobuf-lite/1.17.1/grpc-protobuf-lite-1.17.1.jar:/home/user/.m2/repository/io/grpc/grpc-stub/1.17.1/grpc-stub-1.17.1.jar:/home/user/.m2/repository/org/apache/hadoop/hadoop-ozone-recon/0.5.0-SNAPSHOT/hadoop-ozone-recon-0.5.0-SNAPSHOT.jar:/home/user/.m2/repository/org/apache/hadoop/hadoop-ozone-reconcodegen/0.5.0-SNAPSHOT/hadoop-ozone-reconcodegen-0.5.0-SNAPSHOT.jar:/home/user/.m2/repository/com/google/inject/extensions/guice-multibindings/4.0/guice-multibindings-4.0.jar:/home/user/.m2/repository/com/google/inject/guice/4.0/guice-4.0.jar:/home/user/.m2/repository/aopalliance/aopalliance/1.0/aopalliance-1.0.jar:/home/user/.m2/repository/com/google/inject/extensions/guice-servlet/4.0/guice-servlet-4.0.jar:/home/user/.m2/repository/org/glassfish/jersey/containers/jersey-container-servlet/2.27/jersey-container-servlet-2.27.jar:/home/user/.m2/repository/org/glassfish/hk2/guice-bridge/2.5.0/guice-bridge-2.5.0.jar:/home/user/.m2/repository/org/glassfish/jersey/core/jersey-server/2.27/jersey-server-2.27.jar:/home/user/.m2/repository/org/glassfish/jersey/core/jersey-client/2.27/jersey-client-2.27.jar:/home/user/.m2/repository/org/glassfish/jersey/media/jersey-media-jaxb/2.27/jersey-media-jaxb-2.27.jar:/home/user/.m2/repository/javax/validation/validation-api/1.1.0.Final/validation-api-1.1.0.Final.jar:/home/user/.m2/repository/org/glassfish/jersey/media/jersey-media-json-jackson/2.27/jersey-media-json-jackson-2.27.jar:/home/user/.m2/repository/org/glassfish/jersey/ext/jersey-entity-filtering/2.27/jersey-entity-filtering-2.27.jar:/home/user/.m2/repository/com/google/inject/extensions/guice-assistedinject/4.0/guice-assistedinject-4.0.jar:/home/user/.m2/repository/org/jooq/jooq/3.11.10/jooq-3.11.10.jar:/home/user/.m2/repository/org/jooq/jooq-meta/3.11.10/jooq-meta-3.11.10.jar:/home/user/.m2/repository/org/jooq/jooq-codegen/3.11.10/jooq-codegen-3.11.10.jar:/home/user/.m2/repository/com/jolbox/bonecp/0.8.0.RELEASE/bonecp-0.8.0.RELEASE.jar:/home/user/.m2/repository/org/xerial/sqlite-jdbc/3.25.2/sqlite-jdbc-3.25.2.jar:/home/user/.m2/repository/org/springframework/spring-jdbc/5.1.3.RELEASE/spring-jdbc-5.1.3.RELEASE.jar:/home/user/.m2/repository/org/springframework/spring-beans/5.1.3.RELEASE/spring-beans-5.1.3.RELEASE.jar:/home/user/.m2/repository/org/springframework/spring-core/5.1.3.RELEASE/spring-core-5.1.3.RELEASE.jar:/home/user/.m2/repository/org/springframework/spring-jcl/5.1.3.RELEASE/spring-jcl-5.1.3.RELEASE.jar:/home/user/.m2/repository/org/springframework/spring-tx/5.1.3.RELEASE/spring-tx-5.1.3.RELEASE.jar:/home/user/.m2/repository/org/apache/hadoop/hadoop-ozone-client/0.5.0-SNAPSHOT/hadoop-ozone-client-0.5.0-SNAPSHOT.jar:/home/user/.m2/repository/commons-lang/commons-lang/2.6/commons-lang-2.6.jar:/home/user/.m2/repository/org/apache/hadoop/hadoop-ozone-ozone-manager/0.5.0-SNAPSHOT/hadoop-ozone-ozone-manager-0.5.0-SNAPSHOT-tests.jar:/home/user/.m2/repository/junit/junit/4.11/junit-4.11.jar:/home/user/.m2/repository/org/hamcrest/hamcrest-core/1.3/hamcrest-core-1.3.jar:/home/user/.m2/repository/org/openjdk/jmh/jmh-core/1.19/jmh-core-1.19.jar:/home/user/.m2/repository/net/sf/jopt-simple/jopt-simple/4.6/jopt-simple-4.6.jar:/home/user/.m2/repository/org/apache/commons/commons-math3/3.1.1/commons-math3-3.1.1.jar:/home/user/.m2/repository/org/openjdk/jmh/jmh-generator-annprocess/1.19/jmh-generator-annprocess-1.19.jar:/home/user/.m2/repository/org/mockito/mockito-all/1.8.5/mockito-all-1.8.5.jar:/home/user/.m2/repository/org/apache/hadoop/hadoop-kms/3.2.0/hadoop-kms-3.2.0.jar:/home/user/.m2/repository/org/apache/hadoop/hadoop-auth/3.2.0/hadoop-auth-3.2.0.jar:/home/user/.m2/repository/com/nimbusds/nimbus-jose-jwt/4.41.1/nimbus-jose-jwt-4.41.1.jar:/home/user/.m2/repository/com/github/stephenc/jcip/jcip-annotations/1.0-1/jcip-annotations-1.0-1.jar:/home/user/.m2/repository/net/minidev/json-smart/2.3/json-smart-2.3.jar:/home/user/.m2/repository/net/minidev/accessors-smart/1.2/accessors-smart-1.2.jar:/home/user/.m2/repository/org/ow2/asm/asm/5.0.4/asm-5.0.4.jar:/home/user/.m2/repository/org/apache/curator/curator-framework/2.12.0/curator-framework-2.12.0.jar:/home/user/.m2/repository/com/sun/jersey/jersey-core/1.19/jersey-core-1.19.jar:/home/user/.m2/repository/javax/ws/rs/jsr311-api/1.1.1/jsr311-api-1.1.1.jar:/home/user/.m2/repository/com/sun/jersey/jersey-server/1.19/jersey-server-1.19.jar:/home/user/.m2/repository/javax/servlet/javax.servlet-api/3.1.0/javax.servlet-api-3.1.0.jar:/home/user/.m2/repository/org/eclipse/jetty/jetty-server/9.3.25.v20180904/jetty-server-9.3.25.v20180904.jar:/home/user/.m2/repository/org/eclipse/jetty/jetty-http/9.3.25.v20180904/jetty-http-9.3.25.v20180904.jar:/home/user/.m2/repository/org/eclipse/jetty/jetty-io/9.3.25.v20180904/jetty-io-9.3.25.v20180904.jar:/home/user/.m2/repository/org/eclipse/jetty/jetty-webapp/9.3.25.v20180904/jetty-webapp-9.3.25.v20180904.jar:/home/user/.m2/repository/org/eclipse/jetty/jetty-xml/9.3.25.v20180904/jetty-xml-9.3.25.v20180904.jar:/home/user/.m2/repository/log4j/log4j/1.2.17/log4j-1.2.17.jar:/home/user/.m2/repository/org/slf4j/slf4j-api/1.7.25/slf4j-api-1.7.25.jar:/home/user/.m2/repository/org/slf4j/jul-to-slf4j/1.7.25/jul-to-slf4j-1.7.25.jar:/home/user/.m2/repository/org/eclipse/jetty/jetty-util/9.3.25.v20180904/jetty-util-9.3.25.v20180904.jar:/home/user/.m2/repository/com/fasterxml/jackson/core/jackson-databind/2.9.9/jackson-databind-2.9.9.jar:/home/user/.m2/repository/org/apache/hadoop/hadoop-kms/3.2.0/hadoop-kms-3.2.0-tests.jar:/home/user/.m2/repository/org/apache/hadoop/hadoop-hdds-server-scm/0.5.0-SNAPSHOT/hadoop-hdds-server-scm-0.5.0-SNAPSHOT-tests.jar:/home/user/.m2/repository/org/apache/hadoop/hadoop-hdds-container-service/0.5.0-SNAPSHOT/hadoop-hdds-container-service-0.5.0-SNAPSHOT-tests.jar:/home/user/.m2/repository/org/yaml/snakeyaml/1.16/snakeyaml-1.16.jar:/home/user/.m2/repository/org/apache/hadoop/hadoop-common/3.2.0/hadoop-common-3.2.0-tests.jar:/home/user/.m2/repository/org/apache/hadoop/hadoop-annotations/3.2.0/hadoop-annotations-3.2.0.jar:/usr/lib/jvm/java-1.8-openjdk/jre/../lib/tools.jar:/home/user/.m2/repository/commons-cli/commons-cli/1.2/commons-cli-1.2.jar:/home/user/.m2/repository/org/apache/httpcomponents/httpclient/4.5.2/httpclient-4.5.2.jar:/home/user/.m2/repository/org/apache/httpcomponents/httpcore/4.4.4/httpcore-4.4.4.jar:/home/user/.m2/repository/commons-codec/commons-codec/1.11/commons-codec-1.11.jar:/home/user/.m2/repository/commons-net/commons-net/3.6/commons-net-3.6.jar:/home/user/.m2/repository/commons-collections/commons-collections/3.2.2/commons-collections-3.2.2.jar:/home/user/.m2/repository/org/eclipse/jetty/jetty-servlet/9.3.25.v20180904/jetty-servlet-9.3.25.v20180904.jar:/home/user/.m2/repository/org/eclipse/jetty/jetty-security/9.3.25.v20180904/jetty-security-9.3.25.v20180904.jar:/home/user/.m2/repository/javax/servlet/jsp/jsp-api/2.1/jsp-api-2.1.jar:/home/user/.m2/repository/com/sun/jersey/jersey-servlet/1.19/jersey-servlet-1.19.jar:/home/user/.m2/repository/com/sun/jersey/jersey-json/1.19/jersey-json-1.19.jar:/home/user/.m2/repository/org/codehaus/jettison/jettison/1.1/jettison-1.1.jar:/home/user/.m2/repository/org/codehaus/jackson/jackson-core-asl/1.9.13/jackson-core-asl-1.9.13.jar:/home/user/.m2/repository/org/codehaus/jackson/jackson-mapper-asl/1.9.13/jackson-mapper-asl-1.9.13.jar:/home/user/.m2/repository/org/codehaus/jackson/jackson-jaxrs/1.9.13/jackson-jaxrs-1.9.13.jar:/home/user/.m2/repository/org/codehaus/jackson/jackson-xc/1.9.13/jackson-xc-1.9.13.jar:/home/user/.m2/repository/commons-logging/commons-logging/1.1.3/commons-logging-1.1.3.jar:/home/user/.m2/repository/commons-beanutils/commons-beanutils/1.9.4/commons-beanutils-1.9.4.jar:/home/user/.m2/repository/org/apache/commons/commons-configuration2/2.1.1/commons-configuration2-2.1.1.jar:/home/user/.m2/repository/org/apache/commons/commons-lang3/3.7/commons-lang3-3.7.jar:/home/user/.m2/repository/org/apache/commons/commons-text/1.4/commons-text-1.4.jar:/home/user/.m2/repository/org/apache/avro/avro/1.7.7/avro-1.7.7.jar:/home/user/.m2/repository/com/thoughtworks/paranamer/paranamer/2.3/paranamer-2.3.jar:/home/user/.m2/repository/org/xerial/snappy/snappy-java/1.0.5/snappy-java-1.0.5.jar:/home/user/.m2/repository/com/google/re2j/re2j/1.1/re2j-1.1.jar:/home/user/.m2/repository/com/google/code/gson/gson/2.2.4/gson-2.2.4.jar:/home/user/.m2/repository/com/jcraft/jsch/0.1.54/jsch-0.1.54.jar:/home/user/.m2/repository/org/apache/curator/curator-client/2.12.0/curator-client-2.12.0.jar:/home/user/.m2/repository/org/apache/curator/curator-recipes/2.12.0/curator-recipes-2.12.0.jar:/home/user/.m2/repository/com/google/code/findbugs/jsr305/3.0.0/jsr305-3.0.0.jar:/home/user/.m2/repository/org/apache/htrace/htrace-core4/4.1.0-incubating/htrace-core4-4.1.0-incubating.jar:/home/user/.m2/repository/org/apache/zookeeper/zookeeper/3.4.13/zookeeper-3.4.13.jar:/home/user/.m2/repository/jline/jline/0.9.94/jline-0.9.94.jar:/home/user/.m2/repository/org/apache/yetus/audience-annotations/0.5.0/audience-annotations-0.5.0.jar:/home/user/.m2/repository/org/codehaus/woodstox/stax2-api/3.1.4/stax2-api-3.1.4.jar:/home/user/.m2/repository/com/fasterxml/woodstox/woodstox-core/5.0.3/woodstox-core-5.0.3.jar:/home/user/.m2/repository/dnsjava/dnsjava/2.1.7/dnsjava-2.1.7.jar:/home/user/.m2/repository/org/apache/hadoop/hadoop-hdfs/3.2.0/hadoop-hdfs-3.2.0-tests.jar:/home/user/.m2/repository/org/eclipse/jetty/jetty-util-ajax/9.3.25.v20180904/jetty-util-ajax-9.3.25.v20180904.jar:/home/user/.m2/repository/commons-daemon/commons-daemon/1.0.13/commons-daemon-1.0.13.jar:/home/user/.m2/repository/io/netty/netty/3.10.5.Final/netty-3.10.5.Final.jar:/home/user/.m2/repository/io/netty/netty-all/4.0.52.Final/netty-all-4.0.52.Final.jar:/home/user/.m2/repository/org/fusesource/leveldbjni/leveldbjni-all/1.8/leveldbjni-all-1.8.jar:"/>
    <property name="sun.cpu.endian" value="little"/>
    <property name="user.home" value="/home/user"/>
    <property name="user.language" value="en"/>
    <property name="java.specification.vendor" value="Oracle Corporation"/>
    <property name="java.home" value="/usr/lib/jvm/java-1.8-openjdk/jre"/>
    <property name="java.security.krb5.conf" value="/workdir/hadoop-ozone/integration-test/target/test-classes/krb5.conf"/>
    <property name="basedir" value="/workdir/hadoop-ozone/integration-test"/>
    <property name="file.separator" value="/"/>
    <property name="line.separator" value="&#10;"/>
    <property name="java.vm.specification.vendor" value="Oracle Corporation"/>
    <property name="java.specification.name" value="Java Platform API Specification"/>
    <property name="java.awt.graphicsenv" value="sun.awt.X11GraphicsEnvironment"/>
    <property name="surefire.real.class.path" value="/workdir/hadoop-ozone/integration-test/target/surefire/surefirebooter1850680050282913231.jar"/>
    <property name="hadoop.log.dir" value="/workdir/hadoop-ozone/integration-test/target/log"/>
    <property name="sun.boot.class.path" value="/usr/lib/jvm/java-1.8-openjdk/jre/lib/resources.jar:/usr/lib/jvm/java-1.8-openjdk/jre/lib/rt.jar:/usr/lib/jvm/java-1.8-openjdk/jre/lib/sunrsasign.jar:/usr/lib/jvm/java-1.8-openjdk/jre/lib/jsse.jar:/usr/lib/jvm/java-1.8-openjdk/jre/lib/jce.jar:/usr/lib/jvm/java-1.8-openjdk/jre/lib/charsets.jar:/usr/lib/jvm/java-1.8-openjdk/jre/lib/jfr.jar:/usr/lib/jvm/java-1.8-openjdk/jre/classes"/>
    <property name="sun.management.compiler" value="HotSpot 64-Bit Tiered Compilers"/>
    <property name="java.runtime.version" value="1.8.0_212-b04"/>
    <property name="java.net.preferIPv4Stack" value="true"/>
    <property name="user.name" value="jenkins1000"/>
    <property name="path.separator" value=":"/>
    <property name="java.security.egd" value="file:///dev/urandom"/>
    <property name="os.version" value="3.10.0-957.12.2.el7.x86_64"/>
    <property name="java.endorsed.dirs" value="/usr/lib/jvm/java-1.8-openjdk/jre/lib/endorsed"/>
    <property name="java.runtime.name" value="OpenJDK Runtime Environment"/>
    <property name="file.encoding" value="UTF-8"/>
    <property name="java.vm.name" value="OpenJDK 64-Bit Server VM"/>
    <property name="test.build.webapps" value=""/>
    <property name="localRepository" value="/home/user/.m2/repository"/>
    <property name="java.vendor.url.bug" value="https://icedtea.classpath.org/bugzilla"/>
    <property name="java.io.tmpdir" value="/tmp"/>
    <property name="require.test.libhadoop" value=""/>
    <property name="java.version" value="1.8.0_212"/>
    <property name="user.dir" value="/workdir/hadoop-ozone/integration-test"/>
    <property name="os.arch" value="amd64"/>
    <property name="java.vm.specification.name" value="Java Virtual Machine Specification"/>
    <property name="test.build.classes" value="/workdir/hadoop-ozone/integration-test/target/test-classes"/>
    <property name="java.awt.printerjob" value="sun.print.PSPrinterJob"/>
    <property name="sun.os.patch.level" value="unknown"/>
    <property name="hadoop.tmp.dir" value="/workdir/hadoop-ozone/integration-test/target/tmp"/>
    <property name="java.library.path" value="/usr/lib/jvm/java-1.8-openjdk/jre/lib/amd64/server:/usr/lib/jvm/java-1.8-openjdk/jre/lib/amd64:/usr/lib/jvm/java-1.8-openjdk/jre/../lib/amd64:/workdir/hadoop-ozone/integration-test/target/native/target/usr/local/lib:/workdir/hadoop-ozone/integration-test/../../hadoop-common-project/hadoop-common/target/native/target/usr/local/lib:/usr/java/packages/lib/amd64:/usr/lib64:/lib64:/lib:/usr/lib"/>
    <property name="java.vm.info" value="mixed mode"/>
    <property name="java.vendor" value="IcedTea"/>
    <property name="java.vm.version" value="25.212-b04"/>
    <property name="java.ext.dirs" value="/usr/lib/jvm/java-1.8-openjdk/jre/lib/ext:/usr/java/packages/lib/ext"/>
    <property name="sun.io.unicode.encoding" value="UnicodeLittle"/>
    <property name="java.class.version" value="52.0"/>
  </properties>
  <testcase name="test2DatanodesFailure" classname="org.apache.hadoop.ozone.client.rpc.TestBlockOutputStreamWithFailures" time="106.573"/>
  <testcase name="testDatanodeFailureWithPreAllocation" classname="org.apache.hadoop.ozone.client.rpc.TestBlockOutputStreamWithFailures" time="223.559"/>
  <testcase name="testDatanodeFailureWithSingleNodeRatis" classname="org.apache.hadoop.ozone.client.rpc.TestBlockOutputStreamWithFailures" time="221.66"/>
  <testcase name="testWatchForCommitWithSingleNodeRatis" classname="org.apache.hadoop.ozone.client.rpc.TestBlockOutputStreamWithFailures" time="34.583"/>
  <testcase name="testWatchForCommitDatanodeFailure" classname="org.apache.hadoop.ozone.client.rpc.TestBlockOutputStreamWithFailures" time="42.4">
    <failure message="expected:&lt;2&gt; but was:&lt;3&gt;" type="java.lang.AssertionError"><![CDATA[java.lang.AssertionError: expected:<2> but was:<3>
	at org.junit.Assert.fail(Assert.java:88)
	at org.junit.Assert.failNotEquals(Assert.java:743)
	at org.junit.Assert.assertEquals(Assert.java:118)
	at org.junit.Assert.assertEquals(Assert.java:555)
	at org.junit.Assert.assertEquals(Assert.java:542)
	at org.apache.hadoop.ozone.client.rpc.TestBlockOutputStreamWithFailures.testWatchForCommitDatanodeFailure(TestBlockOutputStreamWithFailures.java:366)
	at sun.reflect.NativeMethodAccessorImpl.invoke0(Native Method)
	at sun.reflect.NativeMethodAccessorImpl.invoke(NativeMethodAccessorImpl.java:62)
	at sun.reflect.DelegatingMethodAccessorImpl.invoke(DelegatingMethodAccessorImpl.java:43)
	at java.lang.reflect.Method.invoke(Method.java:498)
	at org.junit.runners.model.FrameworkMethod$1.runReflectiveCall(FrameworkMethod.java:47)
	at org.junit.internal.runners.model.ReflectiveCallable.run(ReflectiveCallable.java:12)
	at org.junit.runners.model.FrameworkMethod.invokeExplosively(FrameworkMethod.java:44)
	at org.junit.internal.runners.statements.InvokeMethod.evaluate(InvokeMethod.java:17)
	at org.junit.internal.runners.statements.RunBefores.evaluate(RunBefores.java:26)
	at org.junit.internal.runners.statements.RunAfters.evaluate(RunAfters.java:27)
	at org.junit.runners.ParentRunner.runLeaf(ParentRunner.java:271)
	at org.junit.runners.BlockJUnit4ClassRunner.runChild(BlockJUnit4ClassRunner.java:70)
	at org.junit.runners.BlockJUnit4ClassRunner.runChild(BlockJUnit4ClassRunner.java:50)
	at org.junit.runners.ParentRunner$3.run(ParentRunner.java:238)
	at org.junit.runners.ParentRunner$1.schedule(ParentRunner.java:63)
	at org.junit.runners.ParentRunner.runChildren(ParentRunner.java:236)
	at org.junit.runners.ParentRunner.access$000(ParentRunner.java:53)
	at org.junit.runners.ParentRunner$2.evaluate(ParentRunner.java:229)
	at org.junit.runners.ParentRunner.run(ParentRunner.java:309)
	at org.apache.maven.surefire.junit4.JUnit4Provider.execute(JUnit4Provider.java:365)
	at org.apache.maven.surefire.junit4.JUnit4Provider.executeWithRerun(JUnit4Provider.java:273)
	at org.apache.maven.surefire.junit4.JUnit4Provider.executeTestSet(JUnit4Provider.java:238)
	at org.apache.maven.surefire.junit4.JUnit4Provider.invoke(JUnit4Provider.java:159)
	at org.apache.maven.surefire.booter.ForkedBooter.invokeProviderInSameClassLoader(ForkedBooter.java:384)
	at org.apache.maven.surefire.booter.ForkedBooter.runSuitesInProcess(ForkedBooter.java:345)
	at org.apache.maven.surefire.booter.ForkedBooter.execute(ForkedBooter.java:126)
	at org.apache.maven.surefire.booter.ForkedBooter.main(ForkedBooter.java:418)
]]></failure>
    <system-out><![CDATA[2019-10-04 18:12:16,760 [main] WARN  server.ServerUtils (ServerUtils.java:getScmDbDir(145)) - ozone.scm.db.dirs is not configured. We recommend adding this setting. Falling back to ozone.metadata.dirs instead.
2019-10-04 18:12:16,775 [main] WARN  server.ServerUtils (ServerUtils.java:getScmDbDir(145)) - ozone.scm.db.dirs is not configured. We recommend adding this setting. Falling back to ozone.metadata.dirs instead.
2019-10-04 18:12:16,776 [main] WARN  server.ServerUtils (ServerUtils.java:getScmDbDir(145)) - ozone.scm.db.dirs is not configured. We recommend adding this setting. Falling back to ozone.metadata.dirs instead.
2019-10-04 18:12:16,776 [main] INFO  db.DBStoreBuilder (DBStoreBuilder.java:addTable(117)) - using custom profile for table: deletedBlocks
2019-10-04 18:12:16,777 [main] INFO  db.DBStoreBuilder (DBStoreBuilder.java:processTables(168)) - Using default column profile:DBProfile.DISK for Table:deletedBlocks
2019-10-04 18:12:16,777 [main] INFO  db.DBStoreBuilder (DBStoreBuilder.java:addTable(117)) - using custom profile for table: validCerts
2019-10-04 18:12:16,777 [main] INFO  db.DBStoreBuilder (DBStoreBuilder.java:processTables(168)) - Using default column profile:DBProfile.DISK for Table:validCerts
2019-10-04 18:12:16,777 [main] INFO  db.DBStoreBuilder (DBStoreBuilder.java:addTable(117)) - using custom profile for table: revokedCerts
2019-10-04 18:12:16,777 [main] INFO  db.DBStoreBuilder (DBStoreBuilder.java:processTables(168)) - Using default column profile:DBProfile.DISK for Table:revokedCerts
2019-10-04 18:12:16,778 [main] INFO  db.DBStoreBuilder (DBStoreBuilder.java:addTable(117)) - using custom profile for table: default
2019-10-04 18:12:16,778 [main] INFO  db.DBStoreBuilder (DBStoreBuilder.java:processTables(174)) - Using default column profile:DBProfile.DISK for Table:default
2019-10-04 18:12:16,778 [main] INFO  db.DBStoreBuilder (DBStoreBuilder.java:getDbProfile(205)) - Using default options. DBProfile.DISK
2019-10-04 18:12:16,941 [main] INFO  net.NodeSchemaLoader (NodeSchemaLoader.java:loadSchemaFromFile(125)) - Loading file from sun.misc.CompoundEnumeration@bbb6f0
2019-10-04 18:12:16,941 [main] INFO  net.NodeSchemaLoader (NodeSchemaLoader.java:loadSchema(171)) - Loading network topology layer schema file
2019-10-04 18:12:16,947 [main] INFO  node.SCMNodeManager (SCMNodeManager.java:<init>(116)) - Entering startup safe mode.
2019-10-04 18:12:16,948 [main] INFO  algorithms.ContainerPlacementPolicyFactory (ContainerPlacementPolicyFactory.java:getPolicy(57)) - Create container placement policy of type org.apache.hadoop.hdds.scm.container.placement.algorithms.SCMContainerPlacementRandom
2019-10-04 18:12:16,948 [main] WARN  server.ServerUtils (ServerUtils.java:getScmDbDir(145)) - ozone.scm.db.dirs is not configured. We recommend adding this setting. Falling back to ozone.metadata.dirs instead.
2019-10-04 18:12:16,970 [main] INFO  pipeline.SCMPipelineManager (SCMPipelineManager.java:initializePipelineState(132)) - No pipeline exists in current db
2019-10-04 18:12:16,970 [main] WARN  server.ServerUtils (ServerUtils.java:getScmDbDir(145)) - ozone.scm.db.dirs is not configured. We recommend adding this setting. Falling back to ozone.metadata.dirs instead.
2019-10-04 18:12:17,014 [main] WARN  events.EventQueue (EventQueue.java:fireEvent(183)) - No event handler registered for event TypedEvent{payloadType=SafeModeStatus, name='SafeModeStatus'}
2019-10-04 18:12:17,015 [main] INFO  ipc.CallQueueManager (CallQueueManager.java:<init>(84)) - Using callQueue: class java.util.concurrent.LinkedBlockingQueue, queueCapacity: 2000, scheduler: class org.apache.hadoop.ipc.DefaultRpcScheduler, ipcBackoff: false.
2019-10-04 18:12:17,016 [Socket Reader #1 for port 45067] INFO  ipc.Server (Server.java:run(1074)) - Starting Socket Reader #1 for port 45067
2019-10-04 18:12:17,019 [main] INFO  ipc.CallQueueManager (CallQueueManager.java:<init>(84)) - Using callQueue: class java.util.concurrent.LinkedBlockingQueue, queueCapacity: 2000, scheduler: class org.apache.hadoop.ipc.DefaultRpcScheduler, ipcBackoff: false.
2019-10-04 18:12:17,020 [Socket Reader #1 for port 34143] INFO  ipc.Server (Server.java:run(1074)) - Starting Socket Reader #1 for port 34143
2019-10-04 18:12:17,022 [main] INFO  ipc.CallQueueManager (CallQueueManager.java:<init>(84)) - Using callQueue: class java.util.concurrent.LinkedBlockingQueue, queueCapacity: 2000, scheduler: class org.apache.hadoop.ipc.DefaultRpcScheduler, ipcBackoff: false.
2019-10-04 18:12:17,023 [Socket Reader #1 for port 41591] INFO  ipc.Server (Server.java:run(1074)) - Starting Socket Reader #1 for port 41591
2019-10-04 18:12:17,025 [main] INFO  hdfs.DFSUtil (DFSUtil.java:httpServerTemplateForNNAndJN(1641)) - Starting Web-server for scm at: http://0.0.0.0:0
2019-10-04 18:12:17,027 [main] INFO  server.AuthenticationFilter (AuthenticationFilter.java:constructSecretProvider(240)) - Unable to initialize FileSignerSecretProvider, falling back to use random secrets.
2019-10-04 18:12:17,028 [main] WARN  http.HttpRequestLog (HttpRequestLog.java:getRequestLog(97)) - Jetty request log can only be enabled using Log4j
2019-10-04 18:12:17,030 [main] INFO  http.HttpServer2 (HttpServer2.java:addGlobalFilter(975)) - Added global filter 'safety' (class=org.apache.hadoop.http.HttpServer2$QuotingInputFilter)
2019-10-04 18:12:17,030 [main] INFO  http.HttpServer2 (HttpServer2.java:addFilter(948)) - Added filter static_user_filter (class=org.apache.hadoop.http.lib.StaticUserWebFilter$StaticUserFilter) to context scm
2019-10-04 18:12:17,030 [main] INFO  http.HttpServer2 (HttpServer2.java:addFilter(958)) - Added filter static_user_filter (class=org.apache.hadoop.http.lib.StaticUserWebFilter$StaticUserFilter) to context logs
2019-10-04 18:12:17,030 [main] INFO  http.HttpServer2 (HttpServer2.java:addFilter(958)) - Added filter static_user_filter (class=org.apache.hadoop.http.lib.StaticUserWebFilter$StaticUserFilter) to context static
2019-10-04 18:12:17,032 [main] INFO  server.StorageContainerManager (StorageContainerManager.java:start(770)) - StorageContainerLocationProtocol RPC server is listening at /0.0.0.0:41591
2019-10-04 18:12:17,034 [main] WARN  impl.MetricsConfig (MetricsConfig.java:loadFirst(134)) - Cannot locate configuration: tried hadoop-metrics2-storagecontainermanager.properties,hadoop-metrics2.properties
2019-10-04 18:12:17,035 [main] INFO  impl.MetricsSystemImpl (MetricsSystemImpl.java:startTimer(374)) - Scheduled Metric snapshot period at 10 second(s).
2019-10-04 18:12:17,035 [main] INFO  impl.MetricsSystemImpl (MetricsSystemImpl.java:start(191)) - StorageContainerManager metrics system started
2019-10-04 18:12:17,147 [main] WARN  impl.MetricsSystemImpl (MetricsSystemImpl.java:register(276)) - Sink prometheus already exists!
2019-10-04 18:12:17,250 [main] INFO  server.SCMClientProtocolServer (SCMClientProtocolServer.java:start(159)) - RPC server for Client  is listening at /0.0.0.0:41591
2019-10-04 18:12:17,251 [IPC Server Responder] INFO  ipc.Server (Server.java:run(1314)) - IPC Server Responder: starting
2019-10-04 18:12:17,251 [IPC Server listener on 41591] INFO  ipc.Server (Server.java:run(1153)) - IPC Server listener on 41591: starting
2019-10-04 18:12:17,256 [main] INFO  server.StorageContainerManager (StorageContainerManager.java:start(780)) - ScmBlockLocationProtocol RPC server is listening at /0.0.0.0:34143
2019-10-04 18:12:17,256 [main] INFO  server.SCMBlockProtocolServer (SCMBlockProtocolServer.java:start(146)) - RPC server for Block Protocol is listening at /0.0.0.0:34143
2019-10-04 18:12:17,256 [IPC Server Responder] INFO  ipc.Server (Server.java:run(1314)) - IPC Server Responder: starting
2019-10-04 18:12:17,256 [IPC Server listener on 34143] INFO  ipc.Server (Server.java:run(1153)) - IPC Server listener on 34143: starting
2019-10-04 18:12:17,261 [main] INFO  server.StorageContainerManager (StorageContainerManager.java:start(784)) - ScmDatanodeProtocl RPC server is listening at /0.0.0.0:45067
2019-10-04 18:12:17,261 [main] INFO  server.SCMDatanodeProtocolServer (SCMDatanodeProtocolServer.java:start(169)) - RPC server for DataNodes is listening at /0.0.0.0:45067
2019-10-04 18:12:17,261 [IPC Server Responder] INFO  ipc.Server (Server.java:run(1314)) - IPC Server Responder: starting
2019-10-04 18:12:17,261 [IPC Server listener on 45067] INFO  ipc.Server (Server.java:run(1153)) - IPC Server listener on 45067: starting
2019-10-04 18:12:17,267 [main] INFO  http.HttpServer2 (HttpServer2.java:bindListener(1191)) - Jetty bound to port 36300
2019-10-04 18:12:17,267 [main] INFO  server.Server (Server.java:doStart(351)) - jetty-9.3.25.v20180904, build timestamp: 2018-09-04T21:11:46Z, git hash: 3ce520221d0240229c862b122d2b06c12a625732
2019-10-04 18:12:17,269 [main] INFO  handler.ContextHandler (ContextHandler.java:doStart(781)) - Started o.e.j.s.ServletContextHandler@6314df3c{/logs,file:///workdir/hadoop-ozone/integration-test/target/log,AVAILABLE}
2019-10-04 18:12:17,270 [main] INFO  handler.ContextHandler (ContextHandler.java:doStart(781)) - Started o.e.j.s.ServletContextHandler@10b8b900{/static,file:///workdir/hadoop-ozone/integration-test/target/test-classes/webapps/static,AVAILABLE}
2019-10-04 18:12:17,275 [main] INFO  handler.ContextHandler (ContextHandler.java:doStart(781)) - Started o.e.j.w.WebAppContext@530ee28b{/,file:///workdir/hadoop-ozone/integration-test/target/test-classes/webapps/scm/,AVAILABLE}{/scm}
2019-10-04 18:12:17,276 [main] INFO  server.AbstractConnector (AbstractConnector.java:doStart(278)) - Started ServerConnector@3a3f96ab{HTTP/1.1,[http/1.1]}{0.0.0.0:36300}
2019-10-04 18:12:17,277 [main] INFO  server.Server (Server.java:doStart(419)) - Started @587497ms
2019-10-04 18:12:17,277 [main] WARN  impl.MetricsSystemImpl (MetricsSystemImpl.java:register(276)) - Sink prometheus already exists!
2019-10-04 18:12:17,278 [main] INFO  server.BaseHttpServer (BaseHttpServer.java:updateConnectorAddress(215)) - HTTP server of SCM is listening at http://0.0.0.0:36300
2019-10-04 18:12:17,280 [main] WARN  server.ServerUtils (ServerUtils.java:getDBPath(222)) - ozone.om.db.dirs is not configured. We recommend adding this setting. Falling back to ozone.metadata.dirs instead.
2019-10-04 18:12:17,280 [org.apache.hadoop.util.JvmPauseMonitor$Monitor@43c7fe8a] INFO  util.JvmPauseMonitor (JvmPauseMonitor.java:run(188)) - Starting JVM pause monitor
2019-10-04 18:12:17,294 [main] INFO  ha.OMHANodeDetails (OMHANodeDetails.java:loadOMHAConfig(190)) - Configuration either no ozone.om.address set. Falling back to the default OM address /127.0.0.1:0
2019-10-04 18:12:17,294 [main] INFO  ha.OMHANodeDetails (OMHANodeDetails.java:getOMNodeDetails(220)) - OM Service ID is not set. Setting it to the default ID: omServiceIdDefault
2019-10-04 18:12:17,295 [main] WARN  server.ServerUtils (ServerUtils.java:getDBPath(222)) - ozone.om.db.dirs is not configured. We recommend adding this setting. Falling back to ozone.metadata.dirs instead.
2019-10-04 18:12:17,295 [main] WARN  server.ServerUtils (ServerUtils.java:getDBPath(222)) - ozone.om.db.dirs is not configured. We recommend adding this setting. Falling back to ozone.metadata.dirs instead.
2019-10-04 18:12:17,306 [main] WARN  server.ServerUtils (ServerUtils.java:getDBPath(222)) - ozone.om.db.dirs is not configured. We recommend adding this setting. Falling back to ozone.metadata.dirs instead.
2019-10-04 18:12:17,306 [main] INFO  db.DBStoreBuilder (DBStoreBuilder.java:addTable(117)) - using custom profile for table: userTable
2019-10-04 18:12:17,307 [main] INFO  db.DBStoreBuilder (DBStoreBuilder.java:processTables(168)) - Using default column profile:DBProfile.DISK for Table:userTable
2019-10-04 18:12:17,307 [main] INFO  db.DBStoreBuilder (DBStoreBuilder.java:addTable(117)) - using custom profile for table: volumeTable
2019-10-04 18:12:17,307 [main] INFO  db.DBStoreBuilder (DBStoreBuilder.java:processTables(168)) - Using default column profile:DBProfile.DISK for Table:volumeTable
2019-10-04 18:12:17,307 [main] INFO  db.DBStoreBuilder (DBStoreBuilder.java:addTable(117)) - using custom profile for table: bucketTable
2019-10-04 18:12:17,308 [main] INFO  db.DBStoreBuilder (DBStoreBuilder.java:processTables(168)) - Using default column profile:DBProfile.DISK for Table:bucketTable
2019-10-04 18:12:17,308 [main] INFO  db.DBStoreBuilder (DBStoreBuilder.java:addTable(117)) - using custom profile for table: keyTable
2019-10-04 18:12:17,308 [main] INFO  db.DBStoreBuilder (DBStoreBuilder.java:processTables(168)) - Using default column profile:DBProfile.DISK for Table:keyTable
2019-10-04 18:12:17,308 [main] INFO  db.DBStoreBuilder (DBStoreBuilder.java:addTable(117)) - using custom profile for table: deletedTable
2019-10-04 18:12:17,308 [main] INFO  db.DBStoreBuilder (DBStoreBuilder.java:processTables(168)) - Using default column profile:DBProfile.DISK for Table:deletedTable
2019-10-04 18:12:17,309 [main] INFO  db.DBStoreBuilder (DBStoreBuilder.java:addTable(117)) - using custom profile for table: openKeyTable
2019-10-04 18:12:17,309 [main] INFO  db.DBStoreBuilder (DBStoreBuilder.java:processTables(168)) - Using default column profile:DBProfile.DISK for Table:openKeyTable
2019-10-04 18:12:17,309 [main] INFO  db.DBStoreBuilder (DBStoreBuilder.java:addTable(117)) - using custom profile for table: s3Table
2019-10-04 18:12:17,309 [main] INFO  db.DBStoreBuilder (DBStoreBuilder.java:processTables(168)) - Using default column profile:DBProfile.DISK for Table:s3Table
2019-10-04 18:12:17,310 [main] INFO  db.DBStoreBuilder (DBStoreBuilder.java:addTable(117)) - using custom profile for table: multipartInfoTable
2019-10-04 18:12:17,310 [main] INFO  db.DBStoreBuilder (DBStoreBuilder.java:processTables(168)) - Using default column profile:DBProfile.DISK for Table:multipartInfoTable
2019-10-04 18:12:17,310 [main] INFO  db.DBStoreBuilder (DBStoreBuilder.java:addTable(117)) - using custom profile for table: dTokenTable
2019-10-04 18:12:17,310 [main] INFO  db.DBStoreBuilder (DBStoreBuilder.java:processTables(168)) - Using default column profile:DBProfile.DISK for Table:dTokenTable
2019-10-04 18:12:17,311 [main] INFO  db.DBStoreBuilder (DBStoreBuilder.java:addTable(117)) - using custom profile for table: s3SecretTable
2019-10-04 18:12:17,311 [main] INFO  db.DBStoreBuilder (DBStoreBuilder.java:processTables(168)) - Using default column profile:DBProfile.DISK for Table:s3SecretTable
2019-10-04 18:12:17,311 [main] INFO  db.DBStoreBuilder (DBStoreBuilder.java:addTable(117)) - using custom profile for table: prefixTable
2019-10-04 18:12:17,311 [main] INFO  db.DBStoreBuilder (DBStoreBuilder.java:processTables(168)) - Using default column profile:DBProfile.DISK for Table:prefixTable
2019-10-04 18:12:17,312 [main] INFO  db.DBStoreBuilder (DBStoreBuilder.java:addTable(117)) - using custom profile for table: default
2019-10-04 18:12:17,312 [main] INFO  db.DBStoreBuilder (DBStoreBuilder.java:processTables(174)) - Using default column profile:DBProfile.DISK for Table:default
2019-10-04 18:12:17,312 [main] INFO  db.DBStoreBuilder (DBStoreBuilder.java:getDbProfile(205)) - Using default options. DBProfile.DISK
2019-10-04 18:12:17,682 [main] INFO  ipc.CallQueueManager (CallQueueManager.java:<init>(84)) - Using callQueue: class java.util.concurrent.LinkedBlockingQueue, queueCapacity: 2000, scheduler: class org.apache.hadoop.ipc.DefaultRpcScheduler, ipcBackoff: false.
2019-10-04 18:12:17,683 [Socket Reader #1 for port 33376] INFO  ipc.Server (Server.java:run(1074)) - Starting Socket Reader #1 for port 33376
2019-10-04 18:12:17,696 [main] INFO  om.OzoneManager (OzoneManager.java:start(1069)) - OzoneManager RPC server is listening at localhost/127.0.0.1:33376
2019-10-04 18:12:17,696 [main] INFO  impl.MetricsSystemImpl (MetricsSystemImpl.java:init(158)) - OzoneManager metrics system started (again)
2019-10-04 18:12:17,697 [IPC Server listener on 33376] INFO  ipc.Server (Server.java:run(1153)) - IPC Server listener on 33376: starting
2019-10-04 18:12:17,697 [IPC Server Responder] INFO  ipc.Server (Server.java:run(1314)) - IPC Server Responder: starting
2019-10-04 18:12:17,701 [main] INFO  hdfs.DFSUtil (DFSUtil.java:httpServerTemplateForNNAndJN(1641)) - Starting Web-server for ozoneManager at: http://0.0.0.0:0
2019-10-04 18:12:17,703 [main] INFO  server.AuthenticationFilter (AuthenticationFilter.java:constructSecretProvider(240)) - Unable to initialize FileSignerSecretProvider, falling back to use random secrets.
2019-10-04 18:12:17,703 [main] WARN  http.HttpRequestLog (HttpRequestLog.java:getRequestLog(97)) - Jetty request log can only be enabled using Log4j
2019-10-04 18:12:17,704 [main] INFO  http.HttpServer2 (HttpServer2.java:addGlobalFilter(975)) - Added global filter 'safety' (class=org.apache.hadoop.http.HttpServer2$QuotingInputFilter)
2019-10-04 18:12:17,705 [main] INFO  http.HttpServer2 (HttpServer2.java:addFilter(948)) - Added filter static_user_filter (class=org.apache.hadoop.http.lib.StaticUserWebFilter$StaticUserFilter) to context ozoneManager
2019-10-04 18:12:17,705 [main] INFO  http.HttpServer2 (HttpServer2.java:addFilter(958)) - Added filter static_user_filter (class=org.apache.hadoop.http.lib.StaticUserWebFilter$StaticUserFilter) to context static
2019-10-04 18:12:17,705 [main] INFO  http.HttpServer2 (HttpServer2.java:addFilter(958)) - Added filter static_user_filter (class=org.apache.hadoop.http.lib.StaticUserWebFilter$StaticUserFilter) to context logs
2019-10-04 18:12:17,706 [main] INFO  http.HttpServer2 (HttpServer2.java:bindListener(1191)) - Jetty bound to port 42589
2019-10-04 18:12:17,706 [main] INFO  server.Server (Server.java:doStart(351)) - jetty-9.3.25.v20180904, build timestamp: 2018-09-04T21:11:46Z, git hash: 3ce520221d0240229c862b122d2b06c12a625732
2019-10-04 18:12:17,707 [main] INFO  handler.ContextHandler (ContextHandler.java:doStart(781)) - Started o.e.j.s.ServletContextHandler@4652c74d{/logs,file:///workdir/hadoop-ozone/integration-test/target/log,AVAILABLE}
2019-10-04 18:12:17,708 [main] INFO  handler.ContextHandler (ContextHandler.java:doStart(781)) - Started o.e.j.s.ServletContextHandler@5ea7bc4{/static,file:///workdir/hadoop-ozone/integration-test/target/test-classes/webapps/static,AVAILABLE}
2019-10-04 18:12:17,711 [main] INFO  handler.ContextHandler (ContextHandler.java:doStart(781)) - Started o.e.j.w.WebAppContext@497ed877{/,file:///workdir/hadoop-ozone/integration-test/target/test-classes/webapps/ozoneManager/,AVAILABLE}{/ozoneManager}
2019-10-04 18:12:17,711 [main] INFO  server.AbstractConnector (AbstractConnector.java:doStart(278)) - Started ServerConnector@3cb6e0ee{HTTP/1.1,[http/1.1]}{0.0.0.0:42589}
2019-10-04 18:12:17,712 [main] INFO  server.Server (Server.java:doStart(419)) - Started @587931ms
2019-10-04 18:12:17,713 [main] WARN  impl.MetricsSystemImpl (MetricsSystemImpl.java:register(276)) - Sink prometheus already exists!
2019-10-04 18:12:17,714 [main] INFO  server.BaseHttpServer (BaseHttpServer.java:updateConnectorAddress(215)) - HTTP server of OZONEMANAGER is listening at http://0.0.0.0:42589
2019-10-04 18:12:17,727 [main] INFO  impl.MetricsSystemImpl (MetricsSystemImpl.java:init(158)) - HddsDatanode metrics system started (again)
2019-10-04 18:12:17,731 [main] INFO  ozone.HddsDatanodeService (HddsDatanodeService.java:start(184)) - HddsDatanodeService host:pr-hdds-2251-hdm2b-3409562618 ip:192.168.151.69
2019-10-04 18:12:17,737 [main] INFO  volume.HddsVolume (HddsVolume.java:<init>(176)) - Creating Volume: /workdir/hadoop-ozone/integration-test/target/test-dir/MiniOzoneClusterImpl-dcee263f-6b07-4fee-9faf-1f5df40be807/datanode-0/data/containers/hdds of  storage type : DISK and capacity : 1482555576320
2019-10-04 18:12:17,738 [main] INFO  volume.VolumeSet (VolumeSet.java:initializeVolumeSet(170)) - Added Volume : /workdir/hadoop-ozone/integration-test/target/test-dir/MiniOzoneClusterImpl-dcee263f-6b07-4fee-9faf-1f5df40be807/datanode-0/data/containers/hdds to VolumeSet
2019-10-04 18:12:17,738 [main] INFO  volume.ThrottledAsyncChecker (ThrottledAsyncChecker.java:schedule(139)) - Scheduling a check for org.apache.hadoop.ozone.container.common.volume.HddsVolume@c568f91
2019-10-04 18:12:17,740 [main] INFO  volume.HddsVolumeChecker (HddsVolumeChecker.java:checkAllVolumes(202)) - Scheduled health check for volume org.apache.hadoop.ozone.container.common.volume.HddsVolume@c568f91
2019-10-04 18:12:17,753 [main] INFO  impl.RaftServerProxy (ConfUtils.java:logGet(43)) - raft.rpc.type = GRPC (default)
2019-10-04 18:12:17,753 [main] INFO  grpc.GrpcFactory (GrpcFactory.java:checkPooledByteBufAllocatorUseCacheForAllThreads(45)) - PERFORMANCE WARNING: useCacheForAllThreads is true that may cause Netty to create a lot garbage objects and, as a result, trigger GC.
	It is recommended to disable useCacheForAllThreads by setting -Dorg.apache.ratis.thirdparty.io.netty.allocator.useCacheForAllThreads=false in command line.
2019-10-04 18:12:17,753 [main] INFO  grpc.GrpcConfigKeys$Server (ConfUtils.java:logGet(43)) - raft.grpc.server.port = 0 (default)
2019-10-04 18:12:17,753 [main] INFO  server.GrpcService (ConfUtils.java:logGet(43)) - raft.grpc.message.size.max = 33570816 (custom)
2019-10-04 18:12:17,754 [main] INFO  server.RaftServerConfigKeys (ConfUtils.java:logGet(43)) - raft.server.log.appender.buffer.byte-limit = 33554432 (custom)
2019-10-04 18:12:17,754 [main] INFO  server.GrpcService (ConfUtils.java:logGet(43)) - raft.grpc.flow.control.window = 1MB (=1048576) (default)
2019-10-04 18:12:17,754 [main] INFO  server.RaftServerConfigKeys (ConfUtils.java:logGet(43)) - raft.server.rpc.request.timeout = 3000ms (default)
2019-10-04 18:12:17,755 [main] INFO  server.RaftServerConfigKeys (ConfUtils.java:logGet(43)) - raft.server.storage.dir = [/workdir/hadoop-ozone/integration-test/target/test-dir/MiniOzoneClusterImpl-dcee263f-6b07-4fee-9faf-1f5df40be807/datanode-0/data/ratis] (custom)
2019-10-04 18:12:17,757 [main] INFO  hdfs.DFSUtil (DFSUtil.java:httpServerTemplateForNNAndJN(1641)) - Starting Web-server for hddsDatanode at: http://0.0.0.0:0
2019-10-04 18:12:17,758 [main] INFO  server.AuthenticationFilter (AuthenticationFilter.java:constructSecretProvider(240)) - Unable to initialize FileSignerSecretProvider, falling back to use random secrets.
2019-10-04 18:12:17,758 [main] WARN  http.HttpRequestLog (HttpRequestLog.java:getRequestLog(97)) - Jetty request log can only be enabled using Log4j
2019-10-04 18:12:17,760 [main] INFO  http.HttpServer2 (HttpServer2.java:addGlobalFilter(975)) - Added global filter 'safety' (class=org.apache.hadoop.http.HttpServer2$QuotingInputFilter)
2019-10-04 18:12:17,760 [main] INFO  http.HttpServer2 (HttpServer2.java:addFilter(948)) - Added filter static_user_filter (class=org.apache.hadoop.http.lib.StaticUserWebFilter$StaticUserFilter) to context hddsDatanode
2019-10-04 18:12:17,760 [main] INFO  http.HttpServer2 (HttpServer2.java:addFilter(958)) - Added filter static_user_filter (class=org.apache.hadoop.http.lib.StaticUserWebFilter$StaticUserFilter) to context logs
2019-10-04 18:12:17,760 [main] INFO  http.HttpServer2 (HttpServer2.java:addFilter(958)) - Added filter static_user_filter (class=org.apache.hadoop.http.lib.StaticUserWebFilter$StaticUserFilter) to context static
2019-10-04 18:12:17,761 [main] INFO  http.HttpServer2 (HttpServer2.java:bindListener(1191)) - Jetty bound to port 43972
2019-10-04 18:12:17,761 [main] INFO  server.Server (Server.java:doStart(351)) - jetty-9.3.25.v20180904, build timestamp: 2018-09-04T21:11:46Z, git hash: 3ce520221d0240229c862b122d2b06c12a625732
2019-10-04 18:12:17,766 [main] INFO  handler.ContextHandler (ContextHandler.java:doStart(781)) - Started o.e.j.s.ServletContextHandler@5396eeb1{/logs,file:///workdir/hadoop-ozone/integration-test/target/log,AVAILABLE}
2019-10-04 18:12:17,767 [main] INFO  handler.ContextHandler (ContextHandler.java:doStart(781)) - Started o.e.j.s.ServletContextHandler@7781263c{/static,jar:file:/home/user/.m2/repository/org/apache/hadoop/hadoop-hdds-container-service/0.5.0-SNAPSHOT/hadoop-hdds-container-service-0.5.0-SNAPSHOT.jar!/webapps/static,AVAILABLE}
2019-10-04 18:12:17,817 [main] INFO  handler.ContextHandler (ContextHandler.java:doStart(781)) - Started o.e.j.w.WebAppContext@6885ed19{/,file:///tmp/jetty-0.0.0.0-43972-hddsDatanode-_-any-1268506104621494354.dir/webapp/,AVAILABLE}{/hddsDatanode}
2019-10-04 18:12:17,817 [main] INFO  server.AbstractConnector (AbstractConnector.java:doStart(278)) - Started ServerConnector@10817f46{HTTP/1.1,[http/1.1]}{0.0.0.0:43972}
2019-10-04 18:12:17,820 [main] INFO  server.Server (Server.java:doStart(419)) - Started @588039ms
2019-10-04 18:12:17,820 [main] WARN  impl.MetricsSystemImpl (MetricsSystemImpl.java:register(276)) - Sink prometheus already exists!
2019-10-04 18:12:17,821 [main] INFO  server.BaseHttpServer (BaseHttpServer.java:updateConnectorAddress(215)) - HTTP server of HDDSDATANODE is listening at http://0.0.0.0:43972
2019-10-04 18:12:17,822 [main] INFO  impl.MetricsSystemImpl (MetricsSystemImpl.java:init(158)) - HddsDatanode metrics system started (again)
2019-10-04 18:12:17,826 [org.apache.hadoop.util.JvmPauseMonitor$Monitor@65f6a893] INFO  util.JvmPauseMonitor (JvmPauseMonitor.java:run(188)) - Starting JVM pause monitor
2019-10-04 18:12:17,827 [main] INFO  ozone.HddsDatanodeService (HddsDatanodeService.java:start(184)) - HddsDatanodeService host:pr-hdds-2251-hdm2b-3409562618 ip:192.168.151.69
2019-10-04 18:12:17,828 [Datanode State Machine Thread - 0] INFO  datanode.InitDatanodeState (InitDatanodeState.java:persistContainerDatanodeDetails(140)) - DatanodeDetails is persisted to /workdir/hadoop-ozone/integration-test/target/test-dir/MiniOzoneClusterImpl-dcee263f-6b07-4fee-9faf-1f5df40be807/datanode-0/meta/datanode.id
2019-10-04 18:12:17,833 [main] INFO  volume.HddsVolume (HddsVolume.java:<init>(176)) - Creating Volume: /workdir/hadoop-ozone/integration-test/target/test-dir/MiniOzoneClusterImpl-dcee263f-6b07-4fee-9faf-1f5df40be807/datanode-1/data/containers/hdds of  storage type : DISK and capacity : 1482555576320
2019-10-04 18:12:17,834 [main] INFO  volume.VolumeSet (VolumeSet.java:initializeVolumeSet(170)) - Added Volume : /workdir/hadoop-ozone/integration-test/target/test-dir/MiniOzoneClusterImpl-dcee263f-6b07-4fee-9faf-1f5df40be807/datanode-1/data/containers/hdds to VolumeSet
2019-10-04 18:12:17,834 [main] INFO  volume.ThrottledAsyncChecker (ThrottledAsyncChecker.java:schedule(139)) - Scheduling a check for org.apache.hadoop.ozone.container.common.volume.HddsVolume@565d7d2f
2019-10-04 18:12:17,834 [main] INFO  volume.HddsVolumeChecker (HddsVolumeChecker.java:checkAllVolumes(202)) - Scheduled health check for volume org.apache.hadoop.ozone.container.common.volume.HddsVolume@565d7d2f
2019-10-04 18:12:17,849 [main] INFO  impl.RaftServerProxy (ConfUtils.java:logGet(43)) - raft.rpc.type = GRPC (default)
2019-10-04 18:12:17,850 [main] INFO  grpc.GrpcFactory (GrpcFactory.java:checkPooledByteBufAllocatorUseCacheForAllThreads(45)) - PERFORMANCE WARNING: useCacheForAllThreads is true that may cause Netty to create a lot garbage objects and, as a result, trigger GC.
	It is recommended to disable useCacheForAllThreads by setting -Dorg.apache.ratis.thirdparty.io.netty.allocator.useCacheForAllThreads=false in command line.
2019-10-04 18:12:17,850 [main] INFO  grpc.GrpcConfigKeys$Server (ConfUtils.java:logGet(43)) - raft.grpc.server.port = 0 (default)
2019-10-04 18:12:17,850 [main] INFO  server.GrpcService (ConfUtils.java:logGet(43)) - raft.grpc.message.size.max = 33570816 (custom)
2019-10-04 18:12:17,850 [main] INFO  server.RaftServerConfigKeys (ConfUtils.java:logGet(43)) - raft.server.log.appender.buffer.byte-limit = 33554432 (custom)
2019-10-04 18:12:17,850 [main] INFO  server.GrpcService (ConfUtils.java:logGet(43)) - raft.grpc.flow.control.window = 1MB (=1048576) (default)
2019-10-04 18:12:17,850 [main] INFO  server.RaftServerConfigKeys (ConfUtils.java:logGet(43)) - raft.server.rpc.request.timeout = 3000ms (default)
2019-10-04 18:12:17,851 [main] INFO  server.RaftServerConfigKeys (ConfUtils.java:logGet(43)) - raft.server.storage.dir = [/workdir/hadoop-ozone/integration-test/target/test-dir/MiniOzoneClusterImpl-dcee263f-6b07-4fee-9faf-1f5df40be807/datanode-1/data/ratis] (custom)
2019-10-04 18:12:17,852 [main] INFO  hdfs.DFSUtil (DFSUtil.java:httpServerTemplateForNNAndJN(1641)) - Starting Web-server for hddsDatanode at: http://0.0.0.0:0
2019-10-04 18:12:17,854 [main] INFO  server.AuthenticationFilter (AuthenticationFilter.java:constructSecretProvider(240)) - Unable to initialize FileSignerSecretProvider, falling back to use random secrets.
2019-10-04 18:12:17,854 [main] WARN  http.HttpRequestLog (HttpRequestLog.java:getRequestLog(97)) - Jetty request log can only be enabled using Log4j
2019-10-04 18:12:17,855 [main] INFO  http.HttpServer2 (HttpServer2.java:addGlobalFilter(975)) - Added global filter 'safety' (class=org.apache.hadoop.http.HttpServer2$QuotingInputFilter)
2019-10-04 18:12:17,856 [main] INFO  http.HttpServer2 (HttpServer2.java:addFilter(948)) - Added filter static_user_filter (class=org.apache.hadoop.http.lib.StaticUserWebFilter$StaticUserFilter) to context hddsDatanode
2019-10-04 18:12:17,856 [main] INFO  http.HttpServer2 (HttpServer2.java:addFilter(958)) - Added filter static_user_filter (class=org.apache.hadoop.http.lib.StaticUserWebFilter$StaticUserFilter) to context static
2019-10-04 18:12:17,856 [main] INFO  http.HttpServer2 (HttpServer2.java:addFilter(958)) - Added filter static_user_filter (class=org.apache.hadoop.http.lib.StaticUserWebFilter$StaticUserFilter) to context logs
2019-10-04 18:12:17,857 [main] INFO  http.HttpServer2 (HttpServer2.java:bindListener(1191)) - Jetty bound to port 37541
2019-10-04 18:12:17,857 [main] INFO  server.Server (Server.java:doStart(351)) - jetty-9.3.25.v20180904, build timestamp: 2018-09-04T21:11:46Z, git hash: 3ce520221d0240229c862b122d2b06c12a625732
2019-10-04 18:12:17,858 [main] INFO  handler.ContextHandler (ContextHandler.java:doStart(781)) - Started o.e.j.s.ServletContextHandler@723742b2{/logs,file:///workdir/hadoop-ozone/integration-test/target/log,AVAILABLE}
2019-10-04 18:12:17,859 [main] INFO  handler.ContextHandler (ContextHandler.java:doStart(781)) - Started o.e.j.s.ServletContextHandler@34c76167{/static,jar:file:/home/user/.m2/repository/org/apache/hadoop/hadoop-hdds-container-service/0.5.0-SNAPSHOT/hadoop-hdds-container-service-0.5.0-SNAPSHOT.jar!/webapps/static,AVAILABLE}
2019-10-04 18:12:17,888 [main] INFO  handler.ContextHandler (ContextHandler.java:doStart(781)) - Started o.e.j.w.WebAppContext@3e43f049{/,file:///tmp/jetty-0.0.0.0-37541-hddsDatanode-_-any-1018155704372615232.dir/webapp/,AVAILABLE}{/hddsDatanode}
2019-10-04 18:12:17,889 [main] INFO  server.AbstractConnector (AbstractConnector.java:doStart(278)) - Started ServerConnector@147cc940{HTTP/1.1,[http/1.1]}{0.0.0.0:37541}
2019-10-04 18:12:17,889 [main] INFO  server.Server (Server.java:doStart(419)) - Started @588109ms
2019-10-04 18:12:17,891 [main] WARN  impl.MetricsSystemImpl (MetricsSystemImpl.java:register(276)) - Sink prometheus already exists!
2019-10-04 18:12:17,892 [main] INFO  server.BaseHttpServer (BaseHttpServer.java:updateConnectorAddress(215)) - HTTP server of HDDSDATANODE is listening at http://0.0.0.0:37541
2019-10-04 18:12:17,892 [main] INFO  impl.MetricsSystemImpl (MetricsSystemImpl.java:init(158)) - HddsDatanode metrics system started (again)
2019-10-04 18:12:17,897 [org.apache.hadoop.util.JvmPauseMonitor$Monitor@26292f15] INFO  util.JvmPauseMonitor (JvmPauseMonitor.java:run(188)) - Starting JVM pause monitor
2019-10-04 18:12:17,897 [main] INFO  ozone.HddsDatanodeService (HddsDatanodeService.java:start(184)) - HddsDatanodeService host:pr-hdds-2251-hdm2b-3409562618 ip:192.168.151.69
2019-10-04 18:12:17,898 [Datanode State Machine Thread - 0] INFO  datanode.InitDatanodeState (InitDatanodeState.java:persistContainerDatanodeDetails(140)) - DatanodeDetails is persisted to /workdir/hadoop-ozone/integration-test/target/test-dir/MiniOzoneClusterImpl-dcee263f-6b07-4fee-9faf-1f5df40be807/datanode-1/meta/datanode.id
2019-10-04 18:12:17,905 [main] INFO  volume.HddsVolume (HddsVolume.java:<init>(176)) - Creating Volume: /workdir/hadoop-ozone/integration-test/target/test-dir/MiniOzoneClusterImpl-dcee263f-6b07-4fee-9faf-1f5df40be807/datanode-2/data/containers/hdds of  storage type : DISK and capacity : 1482555576320
2019-10-04 18:12:17,906 [main] INFO  volume.VolumeSet (VolumeSet.java:initializeVolumeSet(170)) - Added Volume : /workdir/hadoop-ozone/integration-test/target/test-dir/MiniOzoneClusterImpl-dcee263f-6b07-4fee-9faf-1f5df40be807/datanode-2/data/containers/hdds to VolumeSet
2019-10-04 18:12:17,906 [main] INFO  volume.ThrottledAsyncChecker (ThrottledAsyncChecker.java:schedule(139)) - Scheduling a check for org.apache.hadoop.ozone.container.common.volume.HddsVolume@36d582cb
2019-10-04 18:12:17,907 [main] INFO  volume.HddsVolumeChecker (HddsVolumeChecker.java:checkAllVolumes(202)) - Scheduled health check for volume org.apache.hadoop.ozone.container.common.volume.HddsVolume@36d582cb
2019-10-04 18:12:17,928 [main] INFO  impl.RaftServerProxy (ConfUtils.java:logGet(43)) - raft.rpc.type = GRPC (default)
2019-10-04 18:12:17,928 [main] INFO  grpc.GrpcFactory (GrpcFactory.java:checkPooledByteBufAllocatorUseCacheForAllThreads(45)) - PERFORMANCE WARNING: useCacheForAllThreads is true that may cause Netty to create a lot garbage objects and, as a result, trigger GC.
	It is recommended to disable useCacheForAllThreads by setting -Dorg.apache.ratis.thirdparty.io.netty.allocator.useCacheForAllThreads=false in command line.
2019-10-04 18:12:17,928 [main] INFO  grpc.GrpcConfigKeys$Server (ConfUtils.java:logGet(43)) - raft.grpc.server.port = 0 (default)
2019-10-04 18:12:17,929 [main] INFO  server.GrpcService (ConfUtils.java:logGet(43)) - raft.grpc.message.size.max = 33570816 (custom)
2019-10-04 18:12:17,929 [main] INFO  server.RaftServerConfigKeys (ConfUtils.java:logGet(43)) - raft.server.log.appender.buffer.byte-limit = 33554432 (custom)
2019-10-04 18:12:17,929 [main] INFO  server.GrpcService (ConfUtils.java:logGet(43)) - raft.grpc.flow.control.window = 1MB (=1048576) (default)
2019-10-04 18:12:17,929 [main] INFO  server.RaftServerConfigKeys (ConfUtils.java:logGet(43)) - raft.server.rpc.request.timeout = 3000ms (default)
2019-10-04 18:12:17,930 [main] INFO  server.RaftServerConfigKeys (ConfUtils.java:logGet(43)) - raft.server.storage.dir = [/workdir/hadoop-ozone/integration-test/target/test-dir/MiniOzoneClusterImpl-dcee263f-6b07-4fee-9faf-1f5df40be807/datanode-2/data/ratis] (custom)
2019-10-04 18:12:17,932 [main] INFO  hdfs.DFSUtil (DFSUtil.java:httpServerTemplateForNNAndJN(1641)) - Starting Web-server for hddsDatanode at: http://0.0.0.0:0
2019-10-04 18:12:17,933 [main] INFO  server.AuthenticationFilter (AuthenticationFilter.java:constructSecretProvider(240)) - Unable to initialize FileSignerSecretProvider, falling back to use random secrets.
2019-10-04 18:12:17,934 [main] WARN  http.HttpRequestLog (HttpRequestLog.java:getRequestLog(97)) - Jetty request log can only be enabled using Log4j
2019-10-04 18:12:17,935 [main] INFO  http.HttpServer2 (HttpServer2.java:addGlobalFilter(975)) - Added global filter 'safety' (class=org.apache.hadoop.http.HttpServer2$QuotingInputFilter)
2019-10-04 18:12:17,935 [main] INFO  http.HttpServer2 (HttpServer2.java:addFilter(948)) - Added filter static_user_filter (class=org.apache.hadoop.http.lib.StaticUserWebFilter$StaticUserFilter) to context hddsDatanode
2019-10-04 18:12:17,936 [main] INFO  http.HttpServer2 (HttpServer2.java:addFilter(958)) - Added filter static_user_filter (class=org.apache.hadoop.http.lib.StaticUserWebFilter$StaticUserFilter) to context logs
2019-10-04 18:12:17,936 [main] INFO  http.HttpServer2 (HttpServer2.java:addFilter(958)) - Added filter static_user_filter (class=org.apache.hadoop.http.lib.StaticUserWebFilter$StaticUserFilter) to context static
2019-10-04 18:12:17,936 [main] INFO  http.HttpServer2 (HttpServer2.java:bindListener(1191)) - Jetty bound to port 40437
2019-10-04 18:12:17,937 [main] INFO  server.Server (Server.java:doStart(351)) - jetty-9.3.25.v20180904, build timestamp: 2018-09-04T21:11:46Z, git hash: 3ce520221d0240229c862b122d2b06c12a625732
2019-10-04 18:12:17,938 [main] INFO  handler.ContextHandler (ContextHandler.java:doStart(781)) - Started o.e.j.s.ServletContextHandler@26b3c9a2{/logs,file:///workdir/hadoop-ozone/integration-test/target/log,AVAILABLE}
2019-10-04 18:12:17,939 [main] INFO  handler.ContextHandler (ContextHandler.java:doStart(781)) - Started o.e.j.s.ServletContextHandler@125f16b2{/static,jar:file:/home/user/.m2/repository/org/apache/hadoop/hadoop-hdds-container-service/0.5.0-SNAPSHOT/hadoop-hdds-container-service-0.5.0-SNAPSHOT.jar!/webapps/static,AVAILABLE}
2019-10-04 18:12:17,968 [main] INFO  handler.ContextHandler (ContextHandler.java:doStart(781)) - Started o.e.j.w.WebAppContext@4c4c7d6c{/,file:///tmp/jetty-0.0.0.0-40437-hddsDatanode-_-any-8059249213131403452.dir/webapp/,AVAILABLE}{/hddsDatanode}
2019-10-04 18:12:17,969 [main] INFO  server.AbstractConnector (AbstractConnector.java:doStart(278)) - Started ServerConnector@7f0766ef{HTTP/1.1,[http/1.1]}{0.0.0.0:40437}
2019-10-04 18:12:17,971 [main] INFO  server.Server (Server.java:doStart(419)) - Started @588190ms
2019-10-04 18:12:17,971 [main] WARN  impl.MetricsSystemImpl (MetricsSystemImpl.java:register(276)) - Sink prometheus already exists!
2019-10-04 18:12:17,972 [main] INFO  server.BaseHttpServer (BaseHttpServer.java:updateConnectorAddress(215)) - HTTP server of HDDSDATANODE is listening at http://0.0.0.0:40437
2019-10-04 18:12:17,972 [main] INFO  impl.MetricsSystemImpl (MetricsSystemImpl.java:init(158)) - HddsDatanode metrics system started (again)
2019-10-04 18:12:17,976 [org.apache.hadoop.util.JvmPauseMonitor$Monitor@55b1a542] INFO  util.JvmPauseMonitor (JvmPauseMonitor.java:run(188)) - Starting JVM pause monitor
2019-10-04 18:12:17,977 [main] INFO  ozone.HddsDatanodeService (HddsDatanodeService.java:start(184)) - HddsDatanodeService host:pr-hdds-2251-hdm2b-3409562618 ip:192.168.151.69
2019-10-04 18:12:17,978 [Datanode State Machine Thread - 0] INFO  datanode.InitDatanodeState (InitDatanodeState.java:persistContainerDatanodeDetails(140)) - DatanodeDetails is persisted to /workdir/hadoop-ozone/integration-test/target/test-dir/MiniOzoneClusterImpl-dcee263f-6b07-4fee-9faf-1f5df40be807/datanode-2/meta/datanode.id
2019-10-04 18:12:17,983 [main] INFO  volume.HddsVolume (HddsVolume.java:<init>(176)) - Creating Volume: /workdir/hadoop-ozone/integration-test/target/test-dir/MiniOzoneClusterImpl-dcee263f-6b07-4fee-9faf-1f5df40be807/datanode-3/data/containers/hdds of  storage type : DISK and capacity : 1482555576320
2019-10-04 18:12:17,983 [main] INFO  volume.VolumeSet (VolumeSet.java:initializeVolumeSet(170)) - Added Volume : /workdir/hadoop-ozone/integration-test/target/test-dir/MiniOzoneClusterImpl-dcee263f-6b07-4fee-9faf-1f5df40be807/datanode-3/data/containers/hdds to VolumeSet
2019-10-04 18:12:17,983 [main] INFO  volume.ThrottledAsyncChecker (ThrottledAsyncChecker.java:schedule(139)) - Scheduling a check for org.apache.hadoop.ozone.container.common.volume.HddsVolume@6af87130
2019-10-04 18:12:17,984 [main] INFO  volume.HddsVolumeChecker (HddsVolumeChecker.java:checkAllVolumes(202)) - Scheduled health check for volume org.apache.hadoop.ozone.container.common.volume.HddsVolume@6af87130
2019-10-04 18:12:17,995 [main] INFO  impl.RaftServerProxy (ConfUtils.java:logGet(43)) - raft.rpc.type = GRPC (default)
2019-10-04 18:12:17,996 [main] INFO  grpc.GrpcFactory (GrpcFactory.java:checkPooledByteBufAllocatorUseCacheForAllThreads(45)) - PERFORMANCE WARNING: useCacheForAllThreads is true that may cause Netty to create a lot garbage objects and, as a result, trigger GC.
	It is recommended to disable useCacheForAllThreads by setting -Dorg.apache.ratis.thirdparty.io.netty.allocator.useCacheForAllThreads=false in command line.
2019-10-04 18:12:17,996 [main] INFO  grpc.GrpcConfigKeys$Server (ConfUtils.java:logGet(43)) - raft.grpc.server.port = 0 (default)
2019-10-04 18:12:17,996 [main] INFO  server.GrpcService (ConfUtils.java:logGet(43)) - raft.grpc.message.size.max = 33570816 (custom)
2019-10-04 18:12:17,996 [main] INFO  server.RaftServerConfigKeys (ConfUtils.java:logGet(43)) - raft.server.log.appender.buffer.byte-limit = 33554432 (custom)
2019-10-04 18:12:17,996 [main] INFO  server.GrpcService (ConfUtils.java:logGet(43)) - raft.grpc.flow.control.window = 1MB (=1048576) (default)
2019-10-04 18:12:17,996 [main] INFO  server.RaftServerConfigKeys (ConfUtils.java:logGet(43)) - raft.server.rpc.request.timeout = 3000ms (default)
2019-10-04 18:12:17,997 [main] INFO  server.RaftServerConfigKeys (ConfUtils.java:logGet(43)) - raft.server.storage.dir = [/workdir/hadoop-ozone/integration-test/target/test-dir/MiniOzoneClusterImpl-dcee263f-6b07-4fee-9faf-1f5df40be807/datanode-3/data/ratis] (custom)
2019-10-04 18:12:17,998 [main] INFO  hdfs.DFSUtil (DFSUtil.java:httpServerTemplateForNNAndJN(1641)) - Starting Web-server for hddsDatanode at: http://0.0.0.0:0
2019-10-04 18:12:17,999 [main] INFO  server.AuthenticationFilter (AuthenticationFilter.java:constructSecretProvider(240)) - Unable to initialize FileSignerSecretProvider, falling back to use random secrets.
2019-10-04 18:12:17,999 [main] WARN  http.HttpRequestLog (HttpRequestLog.java:getRequestLog(97)) - Jetty request log can only be enabled using Log4j
2019-10-04 18:12:18,000 [main] INFO  http.HttpServer2 (HttpServer2.java:addGlobalFilter(975)) - Added global filter 'safety' (class=org.apache.hadoop.http.HttpServer2$QuotingInputFilter)
2019-10-04 18:12:18,000 [main] INFO  http.HttpServer2 (HttpServer2.java:addFilter(948)) - Added filter static_user_filter (class=org.apache.hadoop.http.lib.StaticUserWebFilter$StaticUserFilter) to context hddsDatanode
2019-10-04 18:12:18,001 [main] INFO  http.HttpServer2 (HttpServer2.java:addFilter(958)) - Added filter static_user_filter (class=org.apache.hadoop.http.lib.StaticUserWebFilter$StaticUserFilter) to context static
2019-10-04 18:12:18,001 [main] INFO  http.HttpServer2 (HttpServer2.java:addFilter(958)) - Added filter static_user_filter (class=org.apache.hadoop.http.lib.StaticUserWebFilter$StaticUserFilter) to context logs
2019-10-04 18:12:18,001 [main] INFO  http.HttpServer2 (HttpServer2.java:bindListener(1191)) - Jetty bound to port 36186
2019-10-04 18:12:18,001 [main] INFO  server.Server (Server.java:doStart(351)) - jetty-9.3.25.v20180904, build timestamp: 2018-09-04T21:11:46Z, git hash: 3ce520221d0240229c862b122d2b06c12a625732
2019-10-04 18:12:18,003 [main] INFO  handler.ContextHandler (ContextHandler.java:doStart(781)) - Started o.e.j.s.ServletContextHandler@b06d46d{/logs,file:///workdir/hadoop-ozone/integration-test/target/log,AVAILABLE}
2019-10-04 18:12:18,003 [main] INFO  handler.ContextHandler (ContextHandler.java:doStart(781)) - Started o.e.j.s.ServletContextHandler@656c5c3{/static,jar:file:/home/user/.m2/repository/org/apache/hadoop/hadoop-hdds-container-service/0.5.0-SNAPSHOT/hadoop-hdds-container-service-0.5.0-SNAPSHOT.jar!/webapps/static,AVAILABLE}
2019-10-04 18:12:18,028 [main] INFO  handler.ContextHandler (ContextHandler.java:doStart(781)) - Started o.e.j.w.WebAppContext@4ee8051c{/,file:///tmp/jetty-0.0.0.0-36186-hddsDatanode-_-any-5260615810639466903.dir/webapp/,AVAILABLE}{/hddsDatanode}
2019-10-04 18:12:18,028 [main] INFO  server.AbstractConnector (AbstractConnector.java:doStart(278)) - Started ServerConnector@53125718{HTTP/1.1,[http/1.1]}{0.0.0.0:36186}
2019-10-04 18:12:18,030 [main] INFO  server.Server (Server.java:doStart(419)) - Started @588250ms
2019-10-04 18:12:18,030 [main] WARN  impl.MetricsSystemImpl (MetricsSystemImpl.java:register(276)) - Sink prometheus already exists!
2019-10-04 18:12:18,031 [main] INFO  server.BaseHttpServer (BaseHttpServer.java:updateConnectorAddress(215)) - HTTP server of HDDSDATANODE is listening at http://0.0.0.0:36186
2019-10-04 18:12:18,031 [main] INFO  impl.MetricsSystemImpl (MetricsSystemImpl.java:init(158)) - HddsDatanode metrics system started (again)
2019-10-04 18:12:18,035 [org.apache.hadoop.util.JvmPauseMonitor$Monitor@798622c1] INFO  util.JvmPauseMonitor (JvmPauseMonitor.java:run(188)) - Starting JVM pause monitor
2019-10-04 18:12:18,036 [main] INFO  ozone.HddsDatanodeService (HddsDatanodeService.java:start(184)) - HddsDatanodeService host:pr-hdds-2251-hdm2b-3409562618 ip:192.168.151.69
2019-10-04 18:12:18,037 [Datanode State Machine Thread - 0] INFO  datanode.InitDatanodeState (InitDatanodeState.java:persistContainerDatanodeDetails(140)) - DatanodeDetails is persisted to /workdir/hadoop-ozone/integration-test/target/test-dir/MiniOzoneClusterImpl-dcee263f-6b07-4fee-9faf-1f5df40be807/datanode-3/meta/datanode.id
2019-10-04 18:12:18,042 [main] INFO  volume.HddsVolume (HddsVolume.java:<init>(176)) - Creating Volume: /workdir/hadoop-ozone/integration-test/target/test-dir/MiniOzoneClusterImpl-dcee263f-6b07-4fee-9faf-1f5df40be807/datanode-4/data/containers/hdds of  storage type : DISK and capacity : 1482555576320
2019-10-04 18:12:18,042 [main] INFO  volume.VolumeSet (VolumeSet.java:initializeVolumeSet(170)) - Added Volume : /workdir/hadoop-ozone/integration-test/target/test-dir/MiniOzoneClusterImpl-dcee263f-6b07-4fee-9faf-1f5df40be807/datanode-4/data/containers/hdds to VolumeSet
2019-10-04 18:12:18,042 [main] INFO  volume.ThrottledAsyncChecker (ThrottledAsyncChecker.java:schedule(139)) - Scheduling a check for org.apache.hadoop.ozone.container.common.volume.HddsVolume@4eb9ae4d
2019-10-04 18:12:18,042 [main] INFO  volume.HddsVolumeChecker (HddsVolumeChecker.java:checkAllVolumes(202)) - Scheduled health check for volume org.apache.hadoop.ozone.container.common.volume.HddsVolume@4eb9ae4d
2019-10-04 18:12:18,054 [main] INFO  impl.RaftServerProxy (ConfUtils.java:logGet(43)) - raft.rpc.type = GRPC (default)
2019-10-04 18:12:18,054 [main] INFO  grpc.GrpcFactory (GrpcFactory.java:checkPooledByteBufAllocatorUseCacheForAllThreads(45)) - PERFORMANCE WARNING: useCacheForAllThreads is true that may cause Netty to create a lot garbage objects and, as a result, trigger GC.
	It is recommended to disable useCacheForAllThreads by setting -Dorg.apache.ratis.thirdparty.io.netty.allocator.useCacheForAllThreads=false in command line.
2019-10-04 18:12:18,054 [main] INFO  grpc.GrpcConfigKeys$Server (ConfUtils.java:logGet(43)) - raft.grpc.server.port = 0 (default)
2019-10-04 18:12:18,054 [main] INFO  server.GrpcService (ConfUtils.java:logGet(43)) - raft.grpc.message.size.max = 33570816 (custom)
2019-10-04 18:12:18,054 [main] INFO  server.RaftServerConfigKeys (ConfUtils.java:logGet(43)) - raft.server.log.appender.buffer.byte-limit = 33554432 (custom)
2019-10-04 18:12:18,055 [main] INFO  server.GrpcService (ConfUtils.java:logGet(43)) - raft.grpc.flow.control.window = 1MB (=1048576) (default)
2019-10-04 18:12:18,055 [main] INFO  server.RaftServerConfigKeys (ConfUtils.java:logGet(43)) - raft.server.rpc.request.timeout = 3000ms (default)
2019-10-04 18:12:18,055 [main] INFO  server.RaftServerConfigKeys (ConfUtils.java:logGet(43)) - raft.server.storage.dir = [/workdir/hadoop-ozone/integration-test/target/test-dir/MiniOzoneClusterImpl-dcee263f-6b07-4fee-9faf-1f5df40be807/datanode-4/data/ratis] (custom)
2019-10-04 18:12:18,056 [main] INFO  hdfs.DFSUtil (DFSUtil.java:httpServerTemplateForNNAndJN(1641)) - Starting Web-server for hddsDatanode at: http://0.0.0.0:0
2019-10-04 18:12:18,057 [main] INFO  server.AuthenticationFilter (AuthenticationFilter.java:constructSecretProvider(240)) - Unable to initialize FileSignerSecretProvider, falling back to use random secrets.
2019-10-04 18:12:18,057 [main] WARN  http.HttpRequestLog (HttpRequestLog.java:getRequestLog(97)) - Jetty request log can only be enabled using Log4j
2019-10-04 18:12:18,058 [main] INFO  http.HttpServer2 (HttpServer2.java:addGlobalFilter(975)) - Added global filter 'safety' (class=org.apache.hadoop.http.HttpServer2$QuotingInputFilter)
2019-10-04 18:12:18,059 [main] INFO  http.HttpServer2 (HttpServer2.java:addFilter(948)) - Added filter static_user_filter (class=org.apache.hadoop.http.lib.StaticUserWebFilter$StaticUserFilter) to context hddsDatanode
2019-10-04 18:12:18,059 [main] INFO  http.HttpServer2 (HttpServer2.java:addFilter(958)) - Added filter static_user_filter (class=org.apache.hadoop.http.lib.StaticUserWebFilter$StaticUserFilter) to context logs
2019-10-04 18:12:18,059 [main] INFO  http.HttpServer2 (HttpServer2.java:addFilter(958)) - Added filter static_user_filter (class=org.apache.hadoop.http.lib.StaticUserWebFilter$StaticUserFilter) to context static
2019-10-04 18:12:18,060 [main] INFO  http.HttpServer2 (HttpServer2.java:bindListener(1191)) - Jetty bound to port 39753
2019-10-04 18:12:18,060 [main] INFO  server.Server (Server.java:doStart(351)) - jetty-9.3.25.v20180904, build timestamp: 2018-09-04T21:11:46Z, git hash: 3ce520221d0240229c862b122d2b06c12a625732
2019-10-04 18:12:18,061 [main] INFO  handler.ContextHandler (ContextHandler.java:doStart(781)) - Started o.e.j.s.ServletContextHandler@11e71181{/logs,file:///workdir/hadoop-ozone/integration-test/target/log,AVAILABLE}
2019-10-04 18:12:18,061 [main] INFO  handler.ContextHandler (ContextHandler.java:doStart(781)) - Started o.e.j.s.ServletContextHandler@222acad{/static,jar:file:/home/user/.m2/repository/org/apache/hadoop/hadoop-hdds-container-service/0.5.0-SNAPSHOT/hadoop-hdds-container-service-0.5.0-SNAPSHOT.jar!/webapps/static,AVAILABLE}
2019-10-04 18:12:18,087 [main] INFO  handler.ContextHandler (ContextHandler.java:doStart(781)) - Started o.e.j.w.WebAppContext@2f8c4fae{/,file:///tmp/jetty-0.0.0.0-39753-hddsDatanode-_-any-2267680709783706097.dir/webapp/,AVAILABLE}{/hddsDatanode}
2019-10-04 18:12:18,087 [main] INFO  server.AbstractConnector (AbstractConnector.java:doStart(278)) - Started ServerConnector@4703c998{HTTP/1.1,[http/1.1]}{0.0.0.0:39753}
2019-10-04 18:12:18,089 [main] INFO  server.Server (Server.java:doStart(419)) - Started @588309ms
2019-10-04 18:12:18,089 [main] WARN  impl.MetricsSystemImpl (MetricsSystemImpl.java:register(276)) - Sink prometheus already exists!
2019-10-04 18:12:18,090 [main] INFO  server.BaseHttpServer (BaseHttpServer.java:updateConnectorAddress(215)) - HTTP server of HDDSDATANODE is listening at http://0.0.0.0:39753
2019-10-04 18:12:18,090 [main] INFO  impl.MetricsSystemImpl (MetricsSystemImpl.java:init(158)) - HddsDatanode metrics system started (again)
2019-10-04 18:12:18,096 [org.apache.hadoop.util.JvmPauseMonitor$Monitor@625edf06] INFO  util.JvmPauseMonitor (JvmPauseMonitor.java:run(188)) - Starting JVM pause monitor
2019-10-04 18:12:18,097 [Datanode State Machine Thread - 0] INFO  datanode.InitDatanodeState (InitDatanodeState.java:persistContainerDatanodeDetails(140)) - DatanodeDetails is persisted to /workdir/hadoop-ozone/integration-test/target/test-dir/MiniOzoneClusterImpl-dcee263f-6b07-4fee-9faf-1f5df40be807/datanode-4/meta/datanode.id
2019-10-04 18:12:18,098 [main] INFO  ozone.HddsDatanodeService (HddsDatanodeService.java:start(184)) - HddsDatanodeService host:pr-hdds-2251-hdm2b-3409562618 ip:192.168.151.69
2019-10-04 18:12:18,104 [main] INFO  volume.HddsVolume (HddsVolume.java:<init>(176)) - Creating Volume: /workdir/hadoop-ozone/integration-test/target/test-dir/MiniOzoneClusterImpl-dcee263f-6b07-4fee-9faf-1f5df40be807/datanode-5/data/containers/hdds of  storage type : DISK and capacity : 1482555576320
2019-10-04 18:12:18,105 [main] INFO  volume.VolumeSet (VolumeSet.java:initializeVolumeSet(170)) - Added Volume : /workdir/hadoop-ozone/integration-test/target/test-dir/MiniOzoneClusterImpl-dcee263f-6b07-4fee-9faf-1f5df40be807/datanode-5/data/containers/hdds to VolumeSet
2019-10-04 18:12:18,105 [main] INFO  volume.ThrottledAsyncChecker (ThrottledAsyncChecker.java:schedule(139)) - Scheduling a check for org.apache.hadoop.ozone.container.common.volume.HddsVolume@6a8a551e
2019-10-04 18:12:18,106 [main] INFO  volume.HddsVolumeChecker (HddsVolumeChecker.java:checkAllVolumes(202)) - Scheduled health check for volume org.apache.hadoop.ozone.container.common.volume.HddsVolume@6a8a551e
2019-10-04 18:12:18,126 [main] INFO  impl.RaftServerProxy (ConfUtils.java:logGet(43)) - raft.rpc.type = GRPC (default)
2019-10-04 18:12:18,126 [main] INFO  grpc.GrpcFactory (GrpcFactory.java:checkPooledByteBufAllocatorUseCacheForAllThreads(45)) - PERFORMANCE WARNING: useCacheForAllThreads is true that may cause Netty to create a lot garbage objects and, as a result, trigger GC.
	It is recommended to disable useCacheForAllThreads by setting -Dorg.apache.ratis.thirdparty.io.netty.allocator.useCacheForAllThreads=false in command line.
2019-10-04 18:12:18,126 [main] INFO  grpc.GrpcConfigKeys$Server (ConfUtils.java:logGet(43)) - raft.grpc.server.port = 0 (default)
2019-10-04 18:12:18,127 [main] INFO  server.GrpcService (ConfUtils.java:logGet(43)) - raft.grpc.message.size.max = 33570816 (custom)
2019-10-04 18:12:18,127 [main] INFO  server.RaftServerConfigKeys (ConfUtils.java:logGet(43)) - raft.server.log.appender.buffer.byte-limit = 33554432 (custom)
2019-10-04 18:12:18,127 [main] INFO  server.GrpcService (ConfUtils.java:logGet(43)) - raft.grpc.flow.control.window = 1MB (=1048576) (default)
2019-10-04 18:12:18,127 [main] INFO  server.RaftServerConfigKeys (ConfUtils.java:logGet(43)) - raft.server.rpc.request.timeout = 3000ms (default)
2019-10-04 18:12:18,128 [main] INFO  server.RaftServerConfigKeys (ConfUtils.java:logGet(43)) - raft.server.storage.dir = [/workdir/hadoop-ozone/integration-test/target/test-dir/MiniOzoneClusterImpl-dcee263f-6b07-4fee-9faf-1f5df40be807/datanode-5/data/ratis] (custom)
2019-10-04 18:12:18,129 [main] INFO  hdfs.DFSUtil (DFSUtil.java:httpServerTemplateForNNAndJN(1641)) - Starting Web-server for hddsDatanode at: http://0.0.0.0:0
2019-10-04 18:12:18,131 [main] INFO  server.AuthenticationFilter (AuthenticationFilter.java:constructSecretProvider(240)) - Unable to initialize FileSignerSecretProvider, falling back to use random secrets.
2019-10-04 18:12:18,132 [main] WARN  http.HttpRequestLog (HttpRequestLog.java:getRequestLog(97)) - Jetty request log can only be enabled using Log4j
2019-10-04 18:12:18,134 [main] INFO  http.HttpServer2 (HttpServer2.java:addGlobalFilter(975)) - Added global filter 'safety' (class=org.apache.hadoop.http.HttpServer2$QuotingInputFilter)
2019-10-04 18:12:18,135 [main] INFO  http.HttpServer2 (HttpServer2.java:addFilter(948)) - Added filter static_user_filter (class=org.apache.hadoop.http.lib.StaticUserWebFilter$StaticUserFilter) to context hddsDatanode
2019-10-04 18:12:18,135 [main] INFO  http.HttpServer2 (HttpServer2.java:addFilter(958)) - Added filter static_user_filter (class=org.apache.hadoop.http.lib.StaticUserWebFilter$StaticUserFilter) to context logs
2019-10-04 18:12:18,135 [main] INFO  http.HttpServer2 (HttpServer2.java:addFilter(958)) - Added filter static_user_filter (class=org.apache.hadoop.http.lib.StaticUserWebFilter$StaticUserFilter) to context static
2019-10-04 18:12:18,136 [main] INFO  http.HttpServer2 (HttpServer2.java:bindListener(1191)) - Jetty bound to port 44880
2019-10-04 18:12:18,136 [main] INFO  server.Server (Server.java:doStart(351)) - jetty-9.3.25.v20180904, build timestamp: 2018-09-04T21:11:46Z, git hash: 3ce520221d0240229c862b122d2b06c12a625732
2019-10-04 18:12:18,138 [main] INFO  handler.ContextHandler (ContextHandler.java:doStart(781)) - Started o.e.j.s.ServletContextHandler@67d8faec{/logs,file:///workdir/hadoop-ozone/integration-test/target/log,AVAILABLE}
2019-10-04 18:12:18,139 [main] INFO  handler.ContextHandler (ContextHandler.java:doStart(781)) - Started o.e.j.s.ServletContextHandler@7eaa2bc6{/static,jar:file:/home/user/.m2/repository/org/apache/hadoop/hadoop-hdds-container-service/0.5.0-SNAPSHOT/hadoop-hdds-container-service-0.5.0-SNAPSHOT.jar!/webapps/static,AVAILABLE}
2019-10-04 18:12:18,183 [main] INFO  handler.ContextHandler (ContextHandler.java:doStart(781)) - Started o.e.j.w.WebAppContext@341c6ac2{/,file:///tmp/jetty-0.0.0.0-44880-hddsDatanode-_-any-1182666188528017484.dir/webapp/,AVAILABLE}{/hddsDatanode}
2019-10-04 18:12:18,184 [main] INFO  server.AbstractConnector (AbstractConnector.java:doStart(278)) - Started ServerConnector@38811103{HTTP/1.1,[http/1.1]}{0.0.0.0:44880}
2019-10-04 18:12:18,186 [main] INFO  server.Server (Server.java:doStart(419)) - Started @588405ms
2019-10-04 18:12:18,186 [main] WARN  impl.MetricsSystemImpl (MetricsSystemImpl.java:register(276)) - Sink prometheus already exists!
2019-10-04 18:12:18,187 [main] INFO  server.BaseHttpServer (BaseHttpServer.java:updateConnectorAddress(215)) - HTTP server of HDDSDATANODE is listening at http://0.0.0.0:44880
2019-10-04 18:12:18,187 [main] INFO  impl.MetricsSystemImpl (MetricsSystemImpl.java:init(158)) - HddsDatanode metrics system started (again)
2019-10-04 18:12:18,195 [org.apache.hadoop.util.JvmPauseMonitor$Monitor@54fa5d61] INFO  util.JvmPauseMonitor (JvmPauseMonitor.java:run(188)) - Starting JVM pause monitor
2019-10-04 18:12:18,196 [Datanode State Machine Thread - 0] INFO  datanode.InitDatanodeState (InitDatanodeState.java:persistContainerDatanodeDetails(140)) - DatanodeDetails is persisted to /workdir/hadoop-ozone/integration-test/target/test-dir/MiniOzoneClusterImpl-dcee263f-6b07-4fee-9faf-1f5df40be807/datanode-5/meta/datanode.id
2019-10-04 18:12:18,197 [main] INFO  ozone.HddsDatanodeService (HddsDatanodeService.java:start(184)) - HddsDatanodeService host:pr-hdds-2251-hdm2b-3409562618 ip:192.168.151.69
2019-10-04 18:12:18,203 [main] INFO  volume.HddsVolume (HddsVolume.java:<init>(176)) - Creating Volume: /workdir/hadoop-ozone/integration-test/target/test-dir/MiniOzoneClusterImpl-dcee263f-6b07-4fee-9faf-1f5df40be807/datanode-6/data/containers/hdds of  storage type : DISK and capacity : 1482555576320
2019-10-04 18:12:18,204 [main] INFO  volume.VolumeSet (VolumeSet.java:initializeVolumeSet(170)) - Added Volume : /workdir/hadoop-ozone/integration-test/target/test-dir/MiniOzoneClusterImpl-dcee263f-6b07-4fee-9faf-1f5df40be807/datanode-6/data/containers/hdds to VolumeSet
2019-10-04 18:12:18,204 [main] INFO  volume.ThrottledAsyncChecker (ThrottledAsyncChecker.java:schedule(139)) - Scheduling a check for org.apache.hadoop.ozone.container.common.volume.HddsVolume@74697863
2019-10-04 18:12:18,204 [main] INFO  volume.HddsVolumeChecker (HddsVolumeChecker.java:checkAllVolumes(202)) - Scheduled health check for volume org.apache.hadoop.ozone.container.common.volume.HddsVolume@74697863
2019-10-04 18:12:18,219 [main] INFO  impl.RaftServerProxy (ConfUtils.java:logGet(43)) - raft.rpc.type = GRPC (default)
2019-10-04 18:12:18,219 [main] INFO  grpc.GrpcFactory (GrpcFactory.java:checkPooledByteBufAllocatorUseCacheForAllThreads(45)) - PERFORMANCE WARNING: useCacheForAllThreads is true that may cause Netty to create a lot garbage objects and, as a result, trigger GC.
	It is recommended to disable useCacheForAllThreads by setting -Dorg.apache.ratis.thirdparty.io.netty.allocator.useCacheForAllThreads=false in command line.
2019-10-04 18:12:18,219 [main] INFO  grpc.GrpcConfigKeys$Server (ConfUtils.java:logGet(43)) - raft.grpc.server.port = 0 (default)
2019-10-04 18:12:18,220 [main] INFO  server.GrpcService (ConfUtils.java:logGet(43)) - raft.grpc.message.size.max = 33570816 (custom)
2019-10-04 18:12:18,220 [main] INFO  server.RaftServerConfigKeys (ConfUtils.java:logGet(43)) - raft.server.log.appender.buffer.byte-limit = 33554432 (custom)
2019-10-04 18:12:18,220 [main] INFO  server.GrpcService (ConfUtils.java:logGet(43)) - raft.grpc.flow.control.window = 1MB (=1048576) (default)
2019-10-04 18:12:18,220 [main] INFO  server.RaftServerConfigKeys (ConfUtils.java:logGet(43)) - raft.server.rpc.request.timeout = 3000ms (default)
2019-10-04 18:12:18,221 [main] INFO  server.RaftServerConfigKeys (ConfUtils.java:logGet(43)) - raft.server.storage.dir = [/workdir/hadoop-ozone/integration-test/target/test-dir/MiniOzoneClusterImpl-dcee263f-6b07-4fee-9faf-1f5df40be807/datanode-6/data/ratis] (custom)
2019-10-04 18:12:18,222 [main] INFO  hdfs.DFSUtil (DFSUtil.java:httpServerTemplateForNNAndJN(1641)) - Starting Web-server for hddsDatanode at: http://0.0.0.0:0
2019-10-04 18:12:18,224 [main] INFO  server.AuthenticationFilter (AuthenticationFilter.java:constructSecretProvider(240)) - Unable to initialize FileSignerSecretProvider, falling back to use random secrets.
2019-10-04 18:12:18,224 [main] WARN  http.HttpRequestLog (HttpRequestLog.java:getRequestLog(97)) - Jetty request log can only be enabled using Log4j
2019-10-04 18:12:18,227 [main] INFO  http.HttpServer2 (HttpServer2.java:addGlobalFilter(975)) - Added global filter 'safety' (class=org.apache.hadoop.http.HttpServer2$QuotingInputFilter)
2019-10-04 18:12:18,227 [main] INFO  http.HttpServer2 (HttpServer2.java:addFilter(948)) - Added filter static_user_filter (class=org.apache.hadoop.http.lib.StaticUserWebFilter$StaticUserFilter) to context hddsDatanode
2019-10-04 18:12:18,228 [main] INFO  http.HttpServer2 (HttpServer2.java:addFilter(958)) - Added filter static_user_filter (class=org.apache.hadoop.http.lib.StaticUserWebFilter$StaticUserFilter) to context logs
2019-10-04 18:12:18,228 [main] INFO  http.HttpServer2 (HttpServer2.java:addFilter(958)) - Added filter static_user_filter (class=org.apache.hadoop.http.lib.StaticUserWebFilter$StaticUserFilter) to context static
2019-10-04 18:12:18,229 [main] INFO  http.HttpServer2 (HttpServer2.java:bindListener(1191)) - Jetty bound to port 45816
2019-10-04 18:12:18,229 [main] INFO  server.Server (Server.java:doStart(351)) - jetty-9.3.25.v20180904, build timestamp: 2018-09-04T21:11:46Z, git hash: 3ce520221d0240229c862b122d2b06c12a625732
2019-10-04 18:12:18,231 [main] INFO  handler.ContextHandler (ContextHandler.java:doStart(781)) - Started o.e.j.s.ServletContextHandler@27da994b{/logs,file:///workdir/hadoop-ozone/integration-test/target/log,AVAILABLE}
2019-10-04 18:12:18,232 [main] INFO  handler.ContextHandler (ContextHandler.java:doStart(781)) - Started o.e.j.s.ServletContextHandler@3360283{/static,jar:file:/home/user/.m2/repository/org/apache/hadoop/hadoop-hdds-container-service/0.5.0-SNAPSHOT/hadoop-hdds-container-service-0.5.0-SNAPSHOT.jar!/webapps/static,AVAILABLE}
2019-10-04 18:12:18,278 [main] INFO  handler.ContextHandler (ContextHandler.java:doStart(781)) - Started o.e.j.w.WebAppContext@77896335{/,file:///tmp/jetty-0.0.0.0-45816-hddsDatanode-_-any-3673907196398879966.dir/webapp/,AVAILABLE}{/hddsDatanode}
2019-10-04 18:12:18,278 [main] INFO  server.AbstractConnector (AbstractConnector.java:doStart(278)) - Started ServerConnector@5c1b89ac{HTTP/1.1,[http/1.1]}{0.0.0.0:45816}
2019-10-04 18:12:18,285 [main] INFO  server.Server (Server.java:doStart(419)) - Started @588505ms
2019-10-04 18:12:18,285 [main] WARN  impl.MetricsSystemImpl (MetricsSystemImpl.java:register(276)) - Sink prometheus already exists!
2019-10-04 18:12:18,286 [main] INFO  server.BaseHttpServer (BaseHttpServer.java:updateConnectorAddress(215)) - HTTP server of HDDSDATANODE is listening at http://0.0.0.0:45816
2019-10-04 18:12:18,286 [main] INFO  ozone.MiniOzoneClusterImpl (MiniOzoneClusterImpl.java:lambda$waitForClusterToBeReady$0(147)) - Waiting for cluster to be ready. Got 0 of 7 DN Heartbeats.
2019-10-04 18:12:18,288 [org.apache.hadoop.util.JvmPauseMonitor$Monitor@7c2c867f] INFO  util.JvmPauseMonitor (JvmPauseMonitor.java:run(188)) - Starting JVM pause monitor
2019-10-04 18:12:18,289 [Datanode State Machine Thread - 0] INFO  datanode.InitDatanodeState (InitDatanodeState.java:persistContainerDatanodeDetails(140)) - DatanodeDetails is persisted to /workdir/hadoop-ozone/integration-test/target/test-dir/MiniOzoneClusterImpl-dcee263f-6b07-4fee-9faf-1f5df40be807/datanode-6/meta/datanode.id
2019-10-04 18:12:19,287 [main] INFO  ozone.MiniOzoneClusterImpl (MiniOzoneClusterImpl.java:lambda$waitForClusterToBeReady$0(147)) - Waiting for cluster to be ready. Got 0 of 7 DN Heartbeats.
2019-10-04 18:12:19,857 [Datanode State Machine Thread - 0] INFO  ozoneimpl.OzoneContainer (OzoneContainer.java:start(217)) - Attempting to start container services.
2019-10-04 18:12:19,858 [Datanode State Machine Thread - 0] INFO  ozoneimpl.OzoneContainer (OzoneContainer.java:startContainerScrub(179)) - Background container scanner has been disabled.
2019-10-04 18:12:19,858 [Datanode State Machine Thread - 0] INFO  ratis.XceiverServerRatis (XceiverServerRatis.java:start(417)) - Starting XceiverServerRatis d268aedf-d4e8-4f2f-a332-db241945baf3 at port 0
2019-10-04 18:12:19,864 [Datanode State Machine Thread - 0] INFO  impl.RaftServerProxy (RaftServerProxy.java:lambda$start$3(299)) - d268aedf-d4e8-4f2f-a332-db241945baf3: start RPC server
2019-10-04 18:12:19,866 [Datanode State Machine Thread - 0] INFO  server.GrpcService (GrpcService.java:startImpl(158)) - d268aedf-d4e8-4f2f-a332-db241945baf3: GrpcService started, listening on 0.0.0.0/0.0.0.0:45274
2019-10-04 18:12:19,866 [Datanode State Machine Thread - 0] INFO  ratis.XceiverServerRatis (XceiverServerRatis.java:start(427)) - XceiverServerRatis d268aedf-d4e8-4f2f-a332-db241945baf3 is started using port 45274
2019-10-04 18:12:19,866 [Datanode State Machine Thread - 0] INFO  server.XceiverServerGrpc (XceiverServerGrpc.java:start(149)) - XceiverServerGrpc d268aedf-d4e8-4f2f-a332-db241945baf3 is started using port 40213
2019-10-04 18:12:19,919 [Datanode State Machine Thread - 0] INFO  ozoneimpl.OzoneContainer (OzoneContainer.java:start(217)) - Attempting to start container services.
2019-10-04 18:12:19,920 [Datanode State Machine Thread - 0] INFO  ozoneimpl.OzoneContainer (OzoneContainer.java:startContainerScrub(179)) - Background container scanner has been disabled.
2019-10-04 18:12:19,920 [Datanode State Machine Thread - 0] INFO  ratis.XceiverServerRatis (XceiverServerRatis.java:start(417)) - Starting XceiverServerRatis 323826f1-6e9f-4f69-9108-05e4f763e2ff at port 0
2019-10-04 18:12:19,927 [Datanode State Machine Thread - 0] INFO  impl.RaftServerProxy (RaftServerProxy.java:lambda$start$3(299)) - 323826f1-6e9f-4f69-9108-05e4f763e2ff: start RPC server
2019-10-04 18:12:19,929 [Datanode State Machine Thread - 0] INFO  server.GrpcService (GrpcService.java:startImpl(158)) - 323826f1-6e9f-4f69-9108-05e4f763e2ff: GrpcService started, listening on 0.0.0.0/0.0.0.0:38371
2019-10-04 18:12:19,930 [Datanode State Machine Thread - 0] INFO  ratis.XceiverServerRatis (XceiverServerRatis.java:start(427)) - XceiverServerRatis 323826f1-6e9f-4f69-9108-05e4f763e2ff is started using port 38371
2019-10-04 18:12:19,930 [Datanode State Machine Thread - 0] INFO  server.XceiverServerGrpc (XceiverServerGrpc.java:start(149)) - XceiverServerGrpc 323826f1-6e9f-4f69-9108-05e4f763e2ff is started using port 41419
2019-10-04 18:12:19,990 [Datanode State Machine Thread - 0] INFO  ozoneimpl.OzoneContainer (OzoneContainer.java:start(217)) - Attempting to start container services.
2019-10-04 18:12:19,991 [Datanode State Machine Thread - 0] INFO  ozoneimpl.OzoneContainer (OzoneContainer.java:startContainerScrub(179)) - Background container scanner has been disabled.
2019-10-04 18:12:19,991 [Datanode State Machine Thread - 0] INFO  ratis.XceiverServerRatis (XceiverServerRatis.java:start(417)) - Starting XceiverServerRatis 6dac3d17-da55-4552-8a5b-8459af427716 at port 0
2019-10-04 18:12:19,996 [Datanode State Machine Thread - 0] INFO  impl.RaftServerProxy (RaftServerProxy.java:lambda$start$3(299)) - 6dac3d17-da55-4552-8a5b-8459af427716: start RPC server
2019-10-04 18:12:19,996 [Datanode State Machine Thread - 0] INFO  server.GrpcService (GrpcService.java:startImpl(158)) - 6dac3d17-da55-4552-8a5b-8459af427716: GrpcService started, listening on 0.0.0.0/0.0.0.0:45186
2019-10-04 18:12:19,996 [Datanode State Machine Thread - 0] INFO  ratis.XceiverServerRatis (XceiverServerRatis.java:start(427)) - XceiverServerRatis 6dac3d17-da55-4552-8a5b-8459af427716 is started using port 45186
2019-10-04 18:12:19,996 [Datanode State Machine Thread - 0] INFO  server.XceiverServerGrpc (XceiverServerGrpc.java:start(149)) - XceiverServerGrpc 6dac3d17-da55-4552-8a5b-8459af427716 is started using port 39983
2019-10-04 18:12:20,049 [Datanode State Machine Thread - 0] INFO  ozoneimpl.OzoneContainer (OzoneContainer.java:start(217)) - Attempting to start container services.
2019-10-04 18:12:20,049 [Datanode State Machine Thread - 0] INFO  ozoneimpl.OzoneContainer (OzoneContainer.java:startContainerScrub(179)) - Background container scanner has been disabled.
2019-10-04 18:12:20,049 [Datanode State Machine Thread - 0] INFO  ratis.XceiverServerRatis (XceiverServerRatis.java:start(417)) - Starting XceiverServerRatis f4b34e38-07a5-4f57-a56b-ef1c9e62ea1c at port 0
2019-10-04 18:12:20,054 [Datanode State Machine Thread - 0] INFO  impl.RaftServerProxy (RaftServerProxy.java:lambda$start$3(299)) - f4b34e38-07a5-4f57-a56b-ef1c9e62ea1c: start RPC server
2019-10-04 18:12:20,057 [Datanode State Machine Thread - 0] INFO  server.GrpcService (GrpcService.java:startImpl(158)) - f4b34e38-07a5-4f57-a56b-ef1c9e62ea1c: GrpcService started, listening on 0.0.0.0/0.0.0.0:32845
2019-10-04 18:12:20,057 [Datanode State Machine Thread - 0] INFO  ratis.XceiverServerRatis (XceiverServerRatis.java:start(427)) - XceiverServerRatis f4b34e38-07a5-4f57-a56b-ef1c9e62ea1c is started using port 32845
2019-10-04 18:12:20,057 [Datanode State Machine Thread - 0] INFO  server.XceiverServerGrpc (XceiverServerGrpc.java:start(149)) - XceiverServerGrpc f4b34e38-07a5-4f57-a56b-ef1c9e62ea1c is started using port 43408
2019-10-04 18:12:20,111 [Datanode State Machine Thread - 0] INFO  ozoneimpl.OzoneContainer (OzoneContainer.java:start(217)) - Attempting to start container services.
2019-10-04 18:12:20,111 [Datanode State Machine Thread - 0] INFO  ozoneimpl.OzoneContainer (OzoneContainer.java:startContainerScrub(179)) - Background container scanner has been disabled.
2019-10-04 18:12:20,111 [Datanode State Machine Thread - 0] INFO  ratis.XceiverServerRatis (XceiverServerRatis.java:start(417)) - Starting XceiverServerRatis 30aa774f-29ca-4455-b4d5-5ed245058eaf at port 0
2019-10-04 18:12:20,116 [Datanode State Machine Thread - 0] INFO  impl.RaftServerProxy (RaftServerProxy.java:lambda$start$3(299)) - 30aa774f-29ca-4455-b4d5-5ed245058eaf: start RPC server
2019-10-04 18:12:20,119 [Datanode State Machine Thread - 0] INFO  server.GrpcService (GrpcService.java:startImpl(158)) - 30aa774f-29ca-4455-b4d5-5ed245058eaf: GrpcService started, listening on 0.0.0.0/0.0.0.0:44321
2019-10-04 18:12:20,119 [Datanode State Machine Thread - 0] INFO  ratis.XceiverServerRatis (XceiverServerRatis.java:start(427)) - XceiverServerRatis 30aa774f-29ca-4455-b4d5-5ed245058eaf is started using port 44321
2019-10-04 18:12:20,122 [Datanode State Machine Thread - 0] INFO  server.XceiverServerGrpc (XceiverServerGrpc.java:start(149)) - XceiverServerGrpc 30aa774f-29ca-4455-b4d5-5ed245058eaf is started using port 34609
2019-10-04 18:12:20,209 [Datanode State Machine Thread - 0] INFO  ozoneimpl.OzoneContainer (OzoneContainer.java:start(217)) - Attempting to start container services.
2019-10-04 18:12:20,209 [Datanode State Machine Thread - 0] INFO  ozoneimpl.OzoneContainer (OzoneContainer.java:startContainerScrub(179)) - Background container scanner has been disabled.
2019-10-04 18:12:20,209 [Datanode State Machine Thread - 0] INFO  ratis.XceiverServerRatis (XceiverServerRatis.java:start(417)) - Starting XceiverServerRatis 98891705-e38f-42f0-9b87-1c4b8c7821c0 at port 0
2019-10-04 18:12:20,217 [Datanode State Machine Thread - 0] INFO  impl.RaftServerProxy (RaftServerProxy.java:lambda$start$3(299)) - 98891705-e38f-42f0-9b87-1c4b8c7821c0: start RPC server
2019-10-04 18:12:20,236 [Datanode State Machine Thread - 0] INFO  server.GrpcService (GrpcService.java:startImpl(158)) - 98891705-e38f-42f0-9b87-1c4b8c7821c0: GrpcService started, listening on 0.0.0.0/0.0.0.0:45801
2019-10-04 18:12:20,236 [Datanode State Machine Thread - 0] INFO  ratis.XceiverServerRatis (XceiverServerRatis.java:start(427)) - XceiverServerRatis 98891705-e38f-42f0-9b87-1c4b8c7821c0 is started using port 45801
2019-10-04 18:12:20,237 [Datanode State Machine Thread - 0] INFO  server.XceiverServerGrpc (XceiverServerGrpc.java:start(149)) - XceiverServerGrpc 98891705-e38f-42f0-9b87-1c4b8c7821c0 is started using port 41160
2019-10-04 18:12:20,288 [main] INFO  ozone.MiniOzoneClusterImpl (MiniOzoneClusterImpl.java:lambda$waitForClusterToBeReady$0(147)) - Waiting for cluster to be ready. Got 0 of 7 DN Heartbeats.
2019-10-04 18:12:20,301 [Datanode State Machine Thread - 0] INFO  ozoneimpl.OzoneContainer (OzoneContainer.java:start(217)) - Attempting to start container services.
2019-10-04 18:12:20,301 [Datanode State Machine Thread - 0] INFO  ozoneimpl.OzoneContainer (OzoneContainer.java:startContainerScrub(179)) - Background container scanner has been disabled.
2019-10-04 18:12:20,301 [Datanode State Machine Thread - 0] INFO  ratis.XceiverServerRatis (XceiverServerRatis.java:start(417)) - Starting XceiverServerRatis 9b7f7b1e-08bf-4136-ac45-f9e0422d1a4c at port 0
2019-10-04 18:12:20,307 [Datanode State Machine Thread - 0] INFO  impl.RaftServerProxy (RaftServerProxy.java:lambda$start$3(299)) - 9b7f7b1e-08bf-4136-ac45-f9e0422d1a4c: start RPC server
2019-10-04 18:12:20,307 [Datanode State Machine Thread - 0] INFO  server.GrpcService (GrpcService.java:startImpl(158)) - 9b7f7b1e-08bf-4136-ac45-f9e0422d1a4c: GrpcService started, listening on 0.0.0.0/0.0.0.0:46020
2019-10-04 18:12:20,307 [Datanode State Machine Thread - 0] INFO  ratis.XceiverServerRatis (XceiverServerRatis.java:start(427)) - XceiverServerRatis 9b7f7b1e-08bf-4136-ac45-f9e0422d1a4c is started using port 46020
2019-10-04 18:12:20,308 [Datanode State Machine Thread - 0] INFO  server.XceiverServerGrpc (XceiverServerGrpc.java:start(149)) - XceiverServerGrpc 9b7f7b1e-08bf-4136-ac45-f9e0422d1a4c is started using port 38087
2019-10-04 18:12:21,288 [main] INFO  ozone.MiniOzoneClusterImpl (MiniOzoneClusterImpl.java:lambda$waitForClusterToBeReady$0(147)) - Waiting for cluster to be ready. Got 0 of 7 DN Heartbeats.
2019-10-04 18:12:21,832 [IPC Server handler 2 on 45067] INFO  net.NetworkTopology (NetworkTopologyImpl.java:add(111)) - Added a new node: /default-rack/d268aedf-d4e8-4f2f-a332-db241945baf3
2019-10-04 18:12:21,835 [IPC Server handler 2 on 45067] INFO  node.SCMNodeManager (SCMNodeManager.java:register(268)) - Registered Data node : d268aedf-d4e8-4f2f-a332-db241945baf3{ip: 192.168.151.69, host: pr-hdds-2251-hdm2b-3409562618, networkLocation: /default-rack, certSerialId: null}
2019-10-04 18:12:21,836 [EventQueue-NodeRegistrationContainerReportForDataNodeSafeModeRule] INFO  safemode.SCMSafeModeManager (DataNodeSafeModeRule.java:process(71)) - SCM in safe mode. 1 DataNodes registered, 1 required.
2019-10-04 18:12:21,839 [EventQueue-NodeRegistrationContainerReportForDataNodeSafeModeRule] INFO  safemode.SCMSafeModeManager (SCMSafeModeManager.java:validateSafeModeExitRules(177)) - ScmSafeModeManager, all rules are successfully validated
2019-10-04 18:12:21,839 [EventQueue-NodeRegistrationContainerReportForDataNodeSafeModeRule] INFO  safemode.SCMSafeModeManager (SCMSafeModeManager.java:exitSafeMode(193)) - SCM exiting safe mode.
2019-10-04 18:12:21,849 [grpc-default-executor-9] INFO  impl.RaftServerProxy (RaftServerProxy.java:addNew(89)) - d268aedf-d4e8-4f2f-a332-db241945baf3: addNew group-D69E9C0750AE:[d268aedf-d4e8-4f2f-a332-db241945baf3:192.168.151.69:45274] returns group-D69E9C0750AE:java.util.concurrent.CompletableFuture@1a535932[Not completed]
2019-10-04 18:12:21,852 [pool-409-thread-1] INFO  impl.RaftServerImpl (RaftServerImpl.java:<init>(95)) - d268aedf-d4e8-4f2f-a332-db241945baf3: new RaftServerImpl for group-D69E9C0750AE:[d268aedf-d4e8-4f2f-a332-db241945baf3:192.168.151.69:45274] with ContainerStateMachine:uninitialized
2019-10-04 18:12:21,852 [pool-409-thread-1] INFO  server.RaftServerConfigKeys (ConfUtils.java:logGet(43)) - raft.server.rpc.timeout.min = 5s (custom)
2019-10-04 18:12:21,852 [pool-409-thread-1] INFO  server.RaftServerConfigKeys (ConfUtils.java:logGet(43)) - raft.server.rpc.timeout.max = 5200ms (custom)
2019-10-04 18:12:21,852 [pool-409-thread-1] INFO  server.RaftServerConfigKeys (ConfUtils.java:logGet(43)) - raft.server.rpcslowness.timeout = 120s (custom)
2019-10-04 18:12:21,852 [pool-409-thread-1] INFO  server.RaftServerConfigKeys (ConfUtils.java:logGet(43)) - raft.server.sleep.deviation.threshold = 300 (default)
2019-10-04 18:12:21,852 [pool-409-thread-1] INFO  server.RaftServerConfigKeys (ConfUtils.java:logGet(43)) - raft.server.log.appender.install.snapshot.enabled = false (custom)
2019-10-04 18:12:21,853 [pool-409-thread-1] INFO  impl.RaftServerImpl (ServerState.java:<init>(103)) - d268aedf-d4e8-4f2f-a332-db241945baf3@group-D69E9C0750AE: ConfigurationManager, init=-1: [d268aedf-d4e8-4f2f-a332-db241945baf3:192.168.151.69:45274], old=null, confs=<EMPTY_MAP>
2019-10-04 18:12:21,853 [pool-409-thread-1] INFO  server.RaftServerConfigKeys (ConfUtils.java:logGet(43)) - raft.server.storage.dir = [/workdir/hadoop-ozone/integration-test/target/test-dir/MiniOzoneClusterImpl-dcee263f-6b07-4fee-9faf-1f5df40be807/datanode-0/data/ratis] (custom)
2019-10-04 18:12:21,853 [pool-409-thread-1] INFO  server.RaftServerConfigKeys (ConfUtils.java:logGet(43)) - raft.server.log.corruption.policy = EXCEPTION (default)
2019-10-04 18:12:21,853 [pool-409-thread-1] INFO  storage.RaftStorageDirectory (RaftStorageDirectory.java:analyzeStorage(246)) - The storage directory /workdir/hadoop-ozone/integration-test/target/test-dir/MiniOzoneClusterImpl-dcee263f-6b07-4fee-9faf-1f5df40be807/datanode-0/data/ratis/189087c5-6f17-4920-af49-d69e9c0750ae does not exist. Creating ...
2019-10-04 18:12:21,867 [pool-409-thread-1] INFO  storage.RaftStorageDirectory (RaftStorageDirectory.java:tryLock(328)) - Lock on /workdir/hadoop-ozone/integration-test/target/test-dir/MiniOzoneClusterImpl-dcee263f-6b07-4fee-9faf-1f5df40be807/datanode-0/data/ratis/189087c5-6f17-4920-af49-d69e9c0750ae/in_use.lock acquired by nodename 19830@pr-hdds-2251-hdm2b-3409562618
2019-10-04 18:12:21,880 [pool-409-thread-1] INFO  storage.RaftStorage (RaftStorage.java:format(84)) - Storage directory /workdir/hadoop-ozone/integration-test/target/test-dir/MiniOzoneClusterImpl-dcee263f-6b07-4fee-9faf-1f5df40be807/datanode-0/data/ratis/189087c5-6f17-4920-af49-d69e9c0750ae has been successfully formatted.
2019-10-04 18:12:21,880 [pool-409-thread-1] INFO  ratis.ContainerStateMachine (ContainerStateMachine.java:loadSnapshot(230)) - group-D69E9C0750AE: The snapshot info is null. Setting the last applied indexto:(t:0, i:~)
2019-10-04 18:12:21,881 [pool-409-thread-1] INFO  server.RaftServerConfigKeys (ConfUtils.java:logGet(43)) - raft.server.notification.no-leader.timeout = 120s (custom)
2019-10-04 18:12:21,881 [pool-409-thread-1] INFO  server.RaftServerConfigKeys (ConfUtils.java:logGet(43)) - raft.server.log.use.memory = false (default)
2019-10-04 18:12:21,881 [pool-409-thread-1] INFO  server.RaftServerConfigKeys (ConfUtils.java:logGet(43)) - raft.server.log.purge.gap = 1000000 (custom)
2019-10-04 18:12:21,881 [pool-409-thread-1] INFO  server.RaftServerConfigKeys (ConfUtils.java:logGet(43)) - raft.server.log.appender.buffer.byte-limit = 33554432 (custom)
2019-10-04 18:12:21,881 [pool-409-thread-1] INFO  server.RaftServerConfigKeys (ConfUtils.java:logGet(43)) - raft.server.log.segment.size.max = 1048576 (custom)
2019-10-04 18:12:21,883 [pool-409-thread-1] INFO  server.RaftServerConfigKeys (ConfUtils.java:logGet(43)) - raft.server.log.segment.cache.num.max = 2 (custom)
2019-10-04 18:12:21,884 [pool-409-thread-1] INFO  segmented.SegmentedRaftLogWorker (SegmentedRaftLogWorker.java:<init>(173)) - new d268aedf-d4e8-4f2f-a332-db241945baf3@group-D69E9C0750AE-SegmentedRaftLogWorker for RaftStorage:Storage Directory /workdir/hadoop-ozone/integration-test/target/test-dir/MiniOzoneClusterImpl-dcee263f-6b07-4fee-9faf-1f5df40be807/datanode-0/data/ratis/189087c5-6f17-4920-af49-d69e9c0750ae
2019-10-04 18:12:21,884 [pool-409-thread-1] INFO  server.RaftServerConfigKeys (ConfUtils.java:logGet(43)) - raft.server.log.queue.byte-limit = 2147483647 (custom)
2019-10-04 18:12:21,884 [pool-409-thread-1] INFO  server.RaftServerConfigKeys (ConfUtils.java:logGet(43)) - raft.server.log.queue.element-limit = 1024 (custom)
2019-10-04 18:12:21,884 [pool-409-thread-1] INFO  server.RaftServerConfigKeys (ConfUtils.java:logGet(43)) - raft.server.log.segment.size.max = 1048576 (custom)
2019-10-04 18:12:21,884 [pool-409-thread-1] INFO  server.RaftServerConfigKeys (ConfUtils.java:logGet(43)) - raft.server.log.preallocated.size = 16384 (custom)
2019-10-04 18:12:21,884 [pool-409-thread-1] INFO  server.RaftServerConfigKeys (ConfUtils.java:logGet(43)) - raft.server.log.write.buffer.size = 33554432 (custom)
2019-10-04 18:12:21,884 [pool-409-thread-1] INFO  server.RaftServerConfigKeys (ConfUtils.java:logGet(43)) - raft.server.log.force.sync.num = 128 (default)
2019-10-04 18:12:21,884 [pool-409-thread-1] INFO  server.RaftServerConfigKeys (ConfUtils.java:logGet(43)) - raft.server.log.statemachine.data.sync = true (default)
2019-10-04 18:12:21,885 [pool-409-thread-1] INFO  server.RaftServerConfigKeys (ConfUtils.java:logGet(43)) - raft.server.log.statemachine.data.sync.timeout = 10s (default)
2019-10-04 18:12:21,885 [pool-409-thread-1] INFO  server.RaftServerConfigKeys (ConfUtils.java:logGet(43)) - raft.server.log.statemachine.data.sync.timeout.retry = -1 (default)
2019-10-04 18:12:21,885 [pool-409-thread-1] INFO  server.RaftServerConfigKeys (ConfUtils.java:logGet(43)) - raft.server.log.statemachine.data.caching.enabled = true (custom)
2019-10-04 18:12:21,885 [pool-409-thread-1] INFO  segmented.SegmentedRaftLogWorker (SegmentedRaftLogWorker.java:lambda$new$0(128)) - d268aedf-d4e8-4f2f-a332-db241945baf3@group-D69E9C0750AE-SegmentedRaftLogWorker: flushIndex: setUnconditionally 0 -> -1
2019-10-04 18:12:21,886 [pool-409-thread-1] INFO  server.RaftServerConfigKeys (ConfUtils.java:logGet(43)) - raft.server.snapshot.auto.trigger.enabled = true (custom)
2019-10-04 18:12:21,886 [pool-409-thread-1] INFO  server.RaftServerConfigKeys (ConfUtils.java:logGet(43)) - raft.server.snapshot.auto.trigger.threshold = 10000 (custom)
2019-10-04 18:12:21,886 [pool-409-thread-1] INFO  server.RaftServerConfigKeys (ConfUtils.java:logGet(43)) - raft.server.snapshot.retention.file.num = 5 (custom)
2019-10-04 18:12:21,886 [pool-409-thread-1] INFO  server.RaftServerConfigKeys (ConfUtils.java:logGet(43)) - raft.server.retrycache.expirytime = 600000ms (custom)
2019-10-04 18:12:21,888 [pool-409-thread-1] INFO  impl.RaftServerImpl (RaftServerImpl.java:start(181)) - d268aedf-d4e8-4f2f-a332-db241945baf3@group-D69E9C0750AE: start as a follower, conf=-1: [d268aedf-d4e8-4f2f-a332-db241945baf3:192.168.151.69:45274], old=null
2019-10-04 18:12:21,888 [pool-409-thread-1] INFO  impl.RaftServerImpl (RaftServerImpl.java:setRole(170)) - d268aedf-d4e8-4f2f-a332-db241945baf3@group-D69E9C0750AE: changes role from      null to FOLLOWER at term 0 for startAsFollower
2019-10-04 18:12:21,888 [pool-409-thread-1] INFO  impl.RoleInfo (RoleInfo.java:updateAndGet(143)) - d268aedf-d4e8-4f2f-a332-db241945baf3: start FollowerState
2019-10-04 18:12:21,888 [pool-409-thread-1] INFO  util.JmxRegister (JmxRegister.java:tryRegister(44)) - Successfully registered JMX Bean with object name Ratis:service=RaftServer,group=group-D69E9C0750AE,id=d268aedf-d4e8-4f2f-a332-db241945baf3
2019-10-04 18:12:21,895 [RatisPipelineUtilsThread] INFO  pipeline.PipelineStateManager (PipelineStateManager.java:addPipeline(56)) - Created pipeline Pipeline[ Id: 189087c5-6f17-4920-af49-d69e9c0750ae, Nodes: d268aedf-d4e8-4f2f-a332-db241945baf3{ip: 192.168.151.69, host: pr-hdds-2251-hdm2b-3409562618, networkLocation: /default-rack, certSerialId: null}, Type:RATIS, Factor:ONE, State:OPEN]
2019-10-04 18:12:21,903 [IPC Server handler 3 on 45067] INFO  net.NetworkTopology (NetworkTopologyImpl.java:add(111)) - Added a new node: /default-rack/323826f1-6e9f-4f69-9108-05e4f763e2ff
2019-10-04 18:12:21,903 [IPC Server handler 3 on 45067] INFO  node.SCMNodeManager (SCMNodeManager.java:register(268)) - Registered Data node : 323826f1-6e9f-4f69-9108-05e4f763e2ff{ip: 192.168.151.69, host: pr-hdds-2251-hdm2b-3409562618, networkLocation: /default-rack, certSerialId: null}
2019-10-04 18:12:21,912 [grpc-default-executor-9] INFO  impl.RaftServerProxy (RaftServerProxy.java:addNew(89)) - 323826f1-6e9f-4f69-9108-05e4f763e2ff: addNew group-5AA91AB5D5A9:[323826f1-6e9f-4f69-9108-05e4f763e2ff:192.168.151.69:38371] returns group-5AA91AB5D5A9:java.util.concurrent.CompletableFuture@36756b87[Not completed]
2019-10-04 18:12:21,913 [pool-419-thread-1] INFO  impl.RaftServerImpl (RaftServerImpl.java:<init>(95)) - 323826f1-6e9f-4f69-9108-05e4f763e2ff: new RaftServerImpl for group-5AA91AB5D5A9:[323826f1-6e9f-4f69-9108-05e4f763e2ff:192.168.151.69:38371] with ContainerStateMachine:uninitialized
2019-10-04 18:12:21,914 [pool-419-thread-1] INFO  server.RaftServerConfigKeys (ConfUtils.java:logGet(43)) - raft.server.rpc.timeout.min = 5s (custom)
2019-10-04 18:12:21,914 [pool-419-thread-1] INFO  server.RaftServerConfigKeys (ConfUtils.java:logGet(43)) - raft.server.rpc.timeout.max = 5200ms (custom)
2019-10-04 18:12:21,914 [pool-419-thread-1] INFO  server.RaftServerConfigKeys (ConfUtils.java:logGet(43)) - raft.server.rpcslowness.timeout = 120s (custom)
2019-10-04 18:12:21,914 [pool-419-thread-1] INFO  server.RaftServerConfigKeys (ConfUtils.java:logGet(43)) - raft.server.sleep.deviation.threshold = 300 (default)
2019-10-04 18:12:21,914 [pool-419-thread-1] INFO  server.RaftServerConfigKeys (ConfUtils.java:logGet(43)) - raft.server.log.appender.install.snapshot.enabled = false (custom)
2019-10-04 18:12:21,914 [pool-419-thread-1] INFO  impl.RaftServerImpl (ServerState.java:<init>(103)) - 323826f1-6e9f-4f69-9108-05e4f763e2ff@group-5AA91AB5D5A9: ConfigurationManager, init=-1: [323826f1-6e9f-4f69-9108-05e4f763e2ff:192.168.151.69:38371], old=null, confs=<EMPTY_MAP>
2019-10-04 18:12:21,914 [pool-419-thread-1] INFO  server.RaftServerConfigKeys (ConfUtils.java:logGet(43)) - raft.server.storage.dir = [/workdir/hadoop-ozone/integration-test/target/test-dir/MiniOzoneClusterImpl-dcee263f-6b07-4fee-9faf-1f5df40be807/datanode-1/data/ratis] (custom)
2019-10-04 18:12:21,914 [pool-419-thread-1] INFO  server.RaftServerConfigKeys (ConfUtils.java:logGet(43)) - raft.server.log.corruption.policy = EXCEPTION (default)
2019-10-04 18:12:21,915 [pool-419-thread-1] INFO  storage.RaftStorageDirectory (RaftStorageDirectory.java:analyzeStorage(246)) - The storage directory /workdir/hadoop-ozone/integration-test/target/test-dir/MiniOzoneClusterImpl-dcee263f-6b07-4fee-9faf-1f5df40be807/datanode-1/data/ratis/f3bb3989-db9b-4319-91a1-5aa91ab5d5a9 does not exist. Creating ...
2019-10-04 18:12:21,927 [pool-419-thread-1] INFO  storage.RaftStorageDirectory (RaftStorageDirectory.java:tryLock(328)) - Lock on /workdir/hadoop-ozone/integration-test/target/test-dir/MiniOzoneClusterImpl-dcee263f-6b07-4fee-9faf-1f5df40be807/datanode-1/data/ratis/f3bb3989-db9b-4319-91a1-5aa91ab5d5a9/in_use.lock acquired by nodename 19830@pr-hdds-2251-hdm2b-3409562618
2019-10-04 18:12:21,940 [pool-419-thread-1] INFO  storage.RaftStorage (RaftStorage.java:format(84)) - Storage directory /workdir/hadoop-ozone/integration-test/target/test-dir/MiniOzoneClusterImpl-dcee263f-6b07-4fee-9faf-1f5df40be807/datanode-1/data/ratis/f3bb3989-db9b-4319-91a1-5aa91ab5d5a9 has been successfully formatted.
2019-10-04 18:12:21,940 [pool-419-thread-1] INFO  ratis.ContainerStateMachine (ContainerStateMachine.java:loadSnapshot(230)) - group-5AA91AB5D5A9: The snapshot info is null. Setting the last applied indexto:(t:0, i:~)
2019-10-04 18:12:21,940 [pool-419-thread-1] INFO  server.RaftServerConfigKeys (ConfUtils.java:logGet(43)) - raft.server.notification.no-leader.timeout = 120s (custom)
2019-10-04 18:12:21,940 [pool-419-thread-1] INFO  server.RaftServerConfigKeys (ConfUtils.java:logGet(43)) - raft.server.log.use.memory = false (default)
2019-10-04 18:12:21,940 [pool-419-thread-1] INFO  server.RaftServerConfigKeys (ConfUtils.java:logGet(43)) - raft.server.log.purge.gap = 1000000 (custom)
2019-10-04 18:12:21,940 [pool-419-thread-1] INFO  server.RaftServerConfigKeys (ConfUtils.java:logGet(43)) - raft.server.log.appender.buffer.byte-limit = 33554432 (custom)
2019-10-04 18:12:21,940 [pool-419-thread-1] INFO  server.RaftServerConfigKeys (ConfUtils.java:logGet(43)) - raft.server.log.segment.size.max = 1048576 (custom)
2019-10-04 18:12:21,942 [pool-419-thread-1] INFO  server.RaftServerConfigKeys (ConfUtils.java:logGet(43)) - raft.server.log.segment.cache.num.max = 2 (custom)
2019-10-04 18:12:21,942 [pool-419-thread-1] INFO  segmented.SegmentedRaftLogWorker (SegmentedRaftLogWorker.java:<init>(173)) - new 323826f1-6e9f-4f69-9108-05e4f763e2ff@group-5AA91AB5D5A9-SegmentedRaftLogWorker for RaftStorage:Storage Directory /workdir/hadoop-ozone/integration-test/target/test-dir/MiniOzoneClusterImpl-dcee263f-6b07-4fee-9faf-1f5df40be807/datanode-1/data/ratis/f3bb3989-db9b-4319-91a1-5aa91ab5d5a9
2019-10-04 18:12:21,942 [pool-419-thread-1] INFO  server.RaftServerConfigKeys (ConfUtils.java:logGet(43)) - raft.server.log.queue.byte-limit = 2147483647 (custom)
2019-10-04 18:12:21,942 [pool-419-thread-1] INFO  server.RaftServerConfigKeys (ConfUtils.java:logGet(43)) - raft.server.log.queue.element-limit = 1024 (custom)
2019-10-04 18:12:21,942 [pool-419-thread-1] INFO  server.RaftServerConfigKeys (ConfUtils.java:logGet(43)) - raft.server.log.segment.size.max = 1048576 (custom)
2019-10-04 18:12:21,942 [pool-419-thread-1] INFO  server.RaftServerConfigKeys (ConfUtils.java:logGet(43)) - raft.server.log.preallocated.size = 16384 (custom)
2019-10-04 18:12:21,942 [pool-419-thread-1] INFO  server.RaftServerConfigKeys (ConfUtils.java:logGet(43)) - raft.server.log.write.buffer.size = 33554432 (custom)
2019-10-04 18:12:21,942 [pool-419-thread-1] INFO  server.RaftServerConfigKeys (ConfUtils.java:logGet(43)) - raft.server.log.force.sync.num = 128 (default)
2019-10-04 18:12:21,942 [pool-419-thread-1] INFO  server.RaftServerConfigKeys (ConfUtils.java:logGet(43)) - raft.server.log.statemachine.data.sync = true (default)
2019-10-04 18:12:21,942 [pool-419-thread-1] INFO  server.RaftServerConfigKeys (ConfUtils.java:logGet(43)) - raft.server.log.statemachine.data.sync.timeout = 10s (default)
2019-10-04 18:12:21,943 [pool-419-thread-1] INFO  server.RaftServerConfigKeys (ConfUtils.java:logGet(43)) - raft.server.log.statemachine.data.sync.timeout.retry = -1 (default)
2019-10-04 18:12:21,943 [pool-419-thread-1] INFO  server.RaftServerConfigKeys (ConfUtils.java:logGet(43)) - raft.server.log.statemachine.data.caching.enabled = true (custom)
2019-10-04 18:12:21,943 [pool-419-thread-1] INFO  segmented.SegmentedRaftLogWorker (SegmentedRaftLogWorker.java:lambda$new$0(128)) - 323826f1-6e9f-4f69-9108-05e4f763e2ff@group-5AA91AB5D5A9-SegmentedRaftLogWorker: flushIndex: setUnconditionally 0 -> -1
2019-10-04 18:12:21,943 [pool-419-thread-1] INFO  server.RaftServerConfigKeys (ConfUtils.java:logGet(43)) - raft.server.snapshot.auto.trigger.enabled = true (custom)
2019-10-04 18:12:21,943 [pool-419-thread-1] INFO  server.RaftServerConfigKeys (ConfUtils.java:logGet(43)) - raft.server.snapshot.auto.trigger.threshold = 10000 (custom)
2019-10-04 18:12:21,943 [pool-419-thread-1] INFO  server.RaftServerConfigKeys (ConfUtils.java:logGet(43)) - raft.server.snapshot.retention.file.num = 5 (custom)
2019-10-04 18:12:21,944 [pool-419-thread-1] INFO  server.RaftServerConfigKeys (ConfUtils.java:logGet(43)) - raft.server.retrycache.expirytime = 600000ms (custom)
2019-10-04 18:12:21,945 [pool-419-thread-1] INFO  impl.RaftServerImpl (RaftServerImpl.java:start(181)) - 323826f1-6e9f-4f69-9108-05e4f763e2ff@group-5AA91AB5D5A9: start as a follower, conf=-1: [323826f1-6e9f-4f69-9108-05e4f763e2ff:192.168.151.69:38371], old=null
2019-10-04 18:12:21,945 [pool-419-thread-1] INFO  impl.RaftServerImpl (RaftServerImpl.java:setRole(170)) - 323826f1-6e9f-4f69-9108-05e4f763e2ff@group-5AA91AB5D5A9: changes role from      null to FOLLOWER at term 0 for startAsFollower
2019-10-04 18:12:21,945 [pool-419-thread-1] INFO  impl.RoleInfo (RoleInfo.java:updateAndGet(143)) - 323826f1-6e9f-4f69-9108-05e4f763e2ff: start FollowerState
2019-10-04 18:12:21,945 [pool-419-thread-1] INFO  util.JmxRegister (JmxRegister.java:tryRegister(44)) - Successfully registered JMX Bean with object name Ratis:service=RaftServer,group=group-5AA91AB5D5A9,id=323826f1-6e9f-4f69-9108-05e4f763e2ff
2019-10-04 18:12:21,952 [RatisPipelineUtilsThread] INFO  pipeline.PipelineStateManager (PipelineStateManager.java:addPipeline(56)) - Created pipeline Pipeline[ Id: f3bb3989-db9b-4319-91a1-5aa91ab5d5a9, Nodes: 323826f1-6e9f-4f69-9108-05e4f763e2ff{ip: 192.168.151.69, host: pr-hdds-2251-hdm2b-3409562618, networkLocation: /default-rack, certSerialId: null}, Type:RATIS, Factor:ONE, State:OPEN]
2019-10-04 18:12:21,978 [IPC Server handler 5 on 45067] INFO  net.NetworkTopology (NetworkTopologyImpl.java:add(111)) - Added a new node: /default-rack/6dac3d17-da55-4552-8a5b-8459af427716
2019-10-04 18:12:21,978 [IPC Server handler 5 on 45067] INFO  node.SCMNodeManager (SCMNodeManager.java:register(268)) - Registered Data node : 6dac3d17-da55-4552-8a5b-8459af427716{ip: 192.168.151.69, host: pr-hdds-2251-hdm2b-3409562618, networkLocation: /default-rack, certSerialId: null}
2019-10-04 18:12:21,987 [grpc-default-executor-9] INFO  impl.RaftServerProxy (RaftServerProxy.java:addNew(89)) - 6dac3d17-da55-4552-8a5b-8459af427716: addNew group-61AFB6D87F2B:[6dac3d17-da55-4552-8a5b-8459af427716:192.168.151.69:45186] returns group-61AFB6D87F2B:java.util.concurrent.CompletableFuture@25adf375[Not completed]
2019-10-04 18:12:21,988 [pool-429-thread-1] INFO  impl.RaftServerImpl (RaftServerImpl.java:<init>(95)) - 6dac3d17-da55-4552-8a5b-8459af427716: new RaftServerImpl for group-61AFB6D87F2B:[6dac3d17-da55-4552-8a5b-8459af427716:192.168.151.69:45186] with ContainerStateMachine:uninitialized
2019-10-04 18:12:21,989 [pool-429-thread-1] INFO  server.RaftServerConfigKeys (ConfUtils.java:logGet(43)) - raft.server.rpc.timeout.min = 5s (custom)
2019-10-04 18:12:21,989 [pool-429-thread-1] INFO  server.RaftServerConfigKeys (ConfUtils.java:logGet(43)) - raft.server.rpc.timeout.max = 5200ms (custom)
2019-10-04 18:12:21,989 [pool-429-thread-1] INFO  server.RaftServerConfigKeys (ConfUtils.java:logGet(43)) - raft.server.rpcslowness.timeout = 120s (custom)
2019-10-04 18:12:21,989 [pool-429-thread-1] INFO  server.RaftServerConfigKeys (ConfUtils.java:logGet(43)) - raft.server.sleep.deviation.threshold = 300 (default)
2019-10-04 18:12:21,989 [pool-429-thread-1] INFO  server.RaftServerConfigKeys (ConfUtils.java:logGet(43)) - raft.server.log.appender.install.snapshot.enabled = false (custom)
2019-10-04 18:12:21,989 [pool-429-thread-1] INFO  impl.RaftServerImpl (ServerState.java:<init>(103)) - 6dac3d17-da55-4552-8a5b-8459af427716@group-61AFB6D87F2B: ConfigurationManager, init=-1: [6dac3d17-da55-4552-8a5b-8459af427716:192.168.151.69:45186], old=null, confs=<EMPTY_MAP>
2019-10-04 18:12:21,989 [pool-429-thread-1] INFO  server.RaftServerConfigKeys (ConfUtils.java:logGet(43)) - raft.server.storage.dir = [/workdir/hadoop-ozone/integration-test/target/test-dir/MiniOzoneClusterImpl-dcee263f-6b07-4fee-9faf-1f5df40be807/datanode-2/data/ratis] (custom)
2019-10-04 18:12:21,990 [pool-429-thread-1] INFO  server.RaftServerConfigKeys (ConfUtils.java:logGet(43)) - raft.server.log.corruption.policy = EXCEPTION (default)
2019-10-04 18:12:21,990 [pool-429-thread-1] INFO  storage.RaftStorageDirectory (RaftStorageDirectory.java:analyzeStorage(246)) - The storage directory /workdir/hadoop-ozone/integration-test/target/test-dir/MiniOzoneClusterImpl-dcee263f-6b07-4fee-9faf-1f5df40be807/datanode-2/data/ratis/9d5b1cd4-ac58-4b58-b77f-61afb6d87f2b does not exist. Creating ...
2019-10-04 18:12:22,003 [pool-429-thread-1] INFO  storage.RaftStorageDirectory (RaftStorageDirectory.java:tryLock(328)) - Lock on /workdir/hadoop-ozone/integration-test/target/test-dir/MiniOzoneClusterImpl-dcee263f-6b07-4fee-9faf-1f5df40be807/datanode-2/data/ratis/9d5b1cd4-ac58-4b58-b77f-61afb6d87f2b/in_use.lock acquired by nodename 19830@pr-hdds-2251-hdm2b-3409562618
2019-10-04 18:12:22,006 [pool-429-thread-1] INFO  storage.RaftStorage (RaftStorage.java:format(84)) - Storage directory /workdir/hadoop-ozone/integration-test/target/test-dir/MiniOzoneClusterImpl-dcee263f-6b07-4fee-9faf-1f5df40be807/datanode-2/data/ratis/9d5b1cd4-ac58-4b58-b77f-61afb6d87f2b has been successfully formatted.
2019-10-04 18:12:22,006 [pool-429-thread-1] INFO  ratis.ContainerStateMachine (ContainerStateMachine.java:loadSnapshot(230)) - group-61AFB6D87F2B: The snapshot info is null. Setting the last applied indexto:(t:0, i:~)
2019-10-04 18:12:22,007 [pool-429-thread-1] INFO  server.RaftServerConfigKeys (ConfUtils.java:logGet(43)) - raft.server.notification.no-leader.timeout = 120s (custom)
2019-10-04 18:12:22,007 [pool-429-thread-1] INFO  server.RaftServerConfigKeys (ConfUtils.java:logGet(43)) - raft.server.log.use.memory = false (default)
2019-10-04 18:12:22,007 [pool-429-thread-1] INFO  server.RaftServerConfigKeys (ConfUtils.java:logGet(43)) - raft.server.log.purge.gap = 1000000 (custom)
2019-10-04 18:12:22,007 [pool-429-thread-1] INFO  server.RaftServerConfigKeys (ConfUtils.java:logGet(43)) - raft.server.log.appender.buffer.byte-limit = 33554432 (custom)
2019-10-04 18:12:22,007 [pool-429-thread-1] INFO  server.RaftServerConfigKeys (ConfUtils.java:logGet(43)) - raft.server.log.segment.size.max = 1048576 (custom)
2019-10-04 18:12:22,009 [pool-429-thread-1] INFO  server.RaftServerConfigKeys (ConfUtils.java:logGet(43)) - raft.server.log.segment.cache.num.max = 2 (custom)
2019-10-04 18:12:22,009 [pool-429-thread-1] INFO  segmented.SegmentedRaftLogWorker (SegmentedRaftLogWorker.java:<init>(173)) - new 6dac3d17-da55-4552-8a5b-8459af427716@group-61AFB6D87F2B-SegmentedRaftLogWorker for RaftStorage:Storage Directory /workdir/hadoop-ozone/integration-test/target/test-dir/MiniOzoneClusterImpl-dcee263f-6b07-4fee-9faf-1f5df40be807/datanode-2/data/ratis/9d5b1cd4-ac58-4b58-b77f-61afb6d87f2b
2019-10-04 18:12:22,009 [pool-429-thread-1] INFO  server.RaftServerConfigKeys (ConfUtils.java:logGet(43)) - raft.server.log.queue.byte-limit = 2147483647 (custom)
2019-10-04 18:12:22,009 [pool-429-thread-1] INFO  server.RaftServerConfigKeys (ConfUtils.java:logGet(43)) - raft.server.log.queue.element-limit = 1024 (custom)
2019-10-04 18:12:22,009 [pool-429-thread-1] INFO  server.RaftServerConfigKeys (ConfUtils.java:logGet(43)) - raft.server.log.segment.size.max = 1048576 (custom)
2019-10-04 18:12:22,009 [pool-429-thread-1] INFO  server.RaftServerConfigKeys (ConfUtils.java:logGet(43)) - raft.server.log.preallocated.size = 16384 (custom)
2019-10-04 18:12:22,009 [pool-429-thread-1] INFO  server.RaftServerConfigKeys (ConfUtils.java:logGet(43)) - raft.server.log.write.buffer.size = 33554432 (custom)
2019-10-04 18:12:22,010 [pool-429-thread-1] INFO  server.RaftServerConfigKeys (ConfUtils.java:logGet(43)) - raft.server.log.force.sync.num = 128 (default)
2019-10-04 18:12:22,010 [pool-429-thread-1] INFO  server.RaftServerConfigKeys (ConfUtils.java:logGet(43)) - raft.server.log.statemachine.data.sync = true (default)
2019-10-04 18:12:22,010 [pool-429-thread-1] INFO  server.RaftServerConfigKeys (ConfUtils.java:logGet(43)) - raft.server.log.statemachine.data.sync.timeout = 10s (default)
2019-10-04 18:12:22,010 [pool-429-thread-1] INFO  server.RaftServerConfigKeys (ConfUtils.java:logGet(43)) - raft.server.log.statemachine.data.sync.timeout.retry = -1 (default)
2019-10-04 18:12:22,010 [pool-429-thread-1] INFO  server.RaftServerConfigKeys (ConfUtils.java:logGet(43)) - raft.server.log.statemachine.data.caching.enabled = true (custom)
2019-10-04 18:12:22,011 [pool-429-thread-1] INFO  segmented.SegmentedRaftLogWorker (SegmentedRaftLogWorker.java:lambda$new$0(128)) - 6dac3d17-da55-4552-8a5b-8459af427716@group-61AFB6D87F2B-SegmentedRaftLogWorker: flushIndex: setUnconditionally 0 -> -1
2019-10-04 18:12:22,011 [pool-429-thread-1] INFO  server.RaftServerConfigKeys (ConfUtils.java:logGet(43)) - raft.server.snapshot.auto.trigger.enabled = true (custom)
2019-10-04 18:12:22,011 [pool-429-thread-1] INFO  server.RaftServerConfigKeys (ConfUtils.java:logGet(43)) - raft.server.snapshot.auto.trigger.threshold = 10000 (custom)
2019-10-04 18:12:22,011 [pool-429-thread-1] INFO  server.RaftServerConfigKeys (ConfUtils.java:logGet(43)) - raft.server.snapshot.retention.file.num = 5 (custom)
2019-10-04 18:12:22,011 [pool-429-thread-1] INFO  server.RaftServerConfigKeys (ConfUtils.java:logGet(43)) - raft.server.retrycache.expirytime = 600000ms (custom)
2019-10-04 18:12:22,013 [pool-429-thread-1] INFO  impl.RaftServerImpl (RaftServerImpl.java:start(181)) - 6dac3d17-da55-4552-8a5b-8459af427716@group-61AFB6D87F2B: start as a follower, conf=-1: [6dac3d17-da55-4552-8a5b-8459af427716:192.168.151.69:45186], old=null
2019-10-04 18:12:22,013 [pool-429-thread-1] INFO  impl.RaftServerImpl (RaftServerImpl.java:setRole(170)) - 6dac3d17-da55-4552-8a5b-8459af427716@group-61AFB6D87F2B: changes role from      null to FOLLOWER at term 0 for startAsFollower
2019-10-04 18:12:22,013 [pool-429-thread-1] INFO  impl.RoleInfo (RoleInfo.java:updateAndGet(143)) - 6dac3d17-da55-4552-8a5b-8459af427716: start FollowerState
2019-10-04 18:12:22,014 [pool-429-thread-1] INFO  util.JmxRegister (JmxRegister.java:tryRegister(44)) - Successfully registered JMX Bean with object name Ratis:service=RaftServer,group=group-61AFB6D87F2B,id=6dac3d17-da55-4552-8a5b-8459af427716
2019-10-04 18:12:22,020 [RatisPipelineUtilsThread] INFO  pipeline.PipelineStateManager (PipelineStateManager.java:addPipeline(56)) - Created pipeline Pipeline[ Id: 9d5b1cd4-ac58-4b58-b77f-61afb6d87f2b, Nodes: 6dac3d17-da55-4552-8a5b-8459af427716{ip: 192.168.151.69, host: pr-hdds-2251-hdm2b-3409562618, networkLocation: /default-rack, certSerialId: null}, Type:RATIS, Factor:ONE, State:OPEN]
2019-10-04 18:12:22,032 [grpc-default-executor-9] INFO  impl.RaftServerProxy (RaftServerProxy.java:addNew(89)) - 6dac3d17-da55-4552-8a5b-8459af427716: addNew group-67CBA0B18DA3:[323826f1-6e9f-4f69-9108-05e4f763e2ff:192.168.151.69:38371, d268aedf-d4e8-4f2f-a332-db241945baf3:192.168.151.69:45274, 6dac3d17-da55-4552-8a5b-8459af427716:192.168.151.69:45186] returns group-67CBA0B18DA3:java.util.concurrent.CompletableFuture@6f5d0b3d[Not completed]
2019-10-04 18:12:22,032 [grpc-default-executor-9] INFO  impl.RaftServerProxy (RaftServerProxy.java:addNew(89)) - d268aedf-d4e8-4f2f-a332-db241945baf3: addNew group-67CBA0B18DA3:[323826f1-6e9f-4f69-9108-05e4f763e2ff:192.168.151.69:38371, d268aedf-d4e8-4f2f-a332-db241945baf3:192.168.151.69:45274, 6dac3d17-da55-4552-8a5b-8459af427716:192.168.151.69:45186] returns group-67CBA0B18DA3:java.util.concurrent.CompletableFuture@25216bf8[Not completed]
2019-10-04 18:12:22,032 [grpc-default-executor-6] INFO  impl.RaftServerProxy (RaftServerProxy.java:addNew(89)) - 323826f1-6e9f-4f69-9108-05e4f763e2ff: addNew group-67CBA0B18DA3:[323826f1-6e9f-4f69-9108-05e4f763e2ff:192.168.151.69:38371, d268aedf-d4e8-4f2f-a332-db241945baf3:192.168.151.69:45274, 6dac3d17-da55-4552-8a5b-8459af427716:192.168.151.69:45186] returns group-67CBA0B18DA3:java.util.concurrent.CompletableFuture@e3f74f3[Not completed]
2019-10-04 18:12:22,033 [pool-429-thread-1] INFO  impl.RaftServerImpl (RaftServerImpl.java:<init>(95)) - 6dac3d17-da55-4552-8a5b-8459af427716: new RaftServerImpl for group-67CBA0B18DA3:[323826f1-6e9f-4f69-9108-05e4f763e2ff:192.168.151.69:38371, d268aedf-d4e8-4f2f-a332-db241945baf3:192.168.151.69:45274, 6dac3d17-da55-4552-8a5b-8459af427716:192.168.151.69:45186] with ContainerStateMachine:uninitialized
2019-10-04 18:12:22,033 [pool-429-thread-1] INFO  server.RaftServerConfigKeys (ConfUtils.java:logGet(43)) - raft.server.rpc.timeout.min = 5s (custom)
2019-10-04 18:12:22,033 [pool-429-thread-1] INFO  server.RaftServerConfigKeys (ConfUtils.java:logGet(43)) - raft.server.rpc.timeout.max = 5200ms (custom)
2019-10-04 18:12:22,033 [pool-429-thread-1] INFO  server.RaftServerConfigKeys (ConfUtils.java:logGet(43)) - raft.server.rpcslowness.timeout = 120s (custom)
2019-10-04 18:12:22,033 [pool-429-thread-1] INFO  server.RaftServerConfigKeys (ConfUtils.java:logGet(43)) - raft.server.sleep.deviation.threshold = 300 (default)
2019-10-04 18:12:22,033 [pool-429-thread-1] INFO  server.RaftServerConfigKeys (ConfUtils.java:logGet(43)) - raft.server.log.appender.install.snapshot.enabled = false (custom)
2019-10-04 18:12:22,033 [pool-419-thread-1] INFO  impl.RaftServerImpl (RaftServerImpl.java:<init>(95)) - 323826f1-6e9f-4f69-9108-05e4f763e2ff: new RaftServerImpl for group-67CBA0B18DA3:[323826f1-6e9f-4f69-9108-05e4f763e2ff:192.168.151.69:38371, d268aedf-d4e8-4f2f-a332-db241945baf3:192.168.151.69:45274, 6dac3d17-da55-4552-8a5b-8459af427716:192.168.151.69:45186] with ContainerStateMachine:uninitialized
2019-10-04 18:12:22,033 [pool-429-thread-1] INFO  impl.RaftServerImpl (ServerState.java:<init>(103)) - 6dac3d17-da55-4552-8a5b-8459af427716@group-67CBA0B18DA3: ConfigurationManager, init=-1: [323826f1-6e9f-4f69-9108-05e4f763e2ff:192.168.151.69:38371, d268aedf-d4e8-4f2f-a332-db241945baf3:192.168.151.69:45274, 6dac3d17-da55-4552-8a5b-8459af427716:192.168.151.69:45186], old=null, confs=<EMPTY_MAP>
2019-10-04 18:12:22,033 [pool-419-thread-1] INFO  server.RaftServerConfigKeys (ConfUtils.java:logGet(43)) - raft.server.rpc.timeout.min = 5s (custom)
2019-10-04 18:12:22,034 [pool-429-thread-1] INFO  server.RaftServerConfigKeys (ConfUtils.java:logGet(43)) - raft.server.storage.dir = [/workdir/hadoop-ozone/integration-test/target/test-dir/MiniOzoneClusterImpl-dcee263f-6b07-4fee-9faf-1f5df40be807/datanode-2/data/ratis] (custom)
2019-10-04 18:12:22,034 [pool-419-thread-1] INFO  server.RaftServerConfigKeys (ConfUtils.java:logGet(43)) - raft.server.rpc.timeout.max = 5200ms (custom)
2019-10-04 18:12:22,034 [pool-419-thread-1] INFO  server.RaftServerConfigKeys (ConfUtils.java:logGet(43)) - raft.server.rpcslowness.timeout = 120s (custom)
2019-10-04 18:12:22,034 [pool-429-thread-1] INFO  server.RaftServerConfigKeys (ConfUtils.java:logGet(43)) - raft.server.log.corruption.policy = EXCEPTION (default)
2019-10-04 18:12:22,034 [pool-419-thread-1] INFO  server.RaftServerConfigKeys (ConfUtils.java:logGet(43)) - raft.server.sleep.deviation.threshold = 300 (default)
2019-10-04 18:12:22,034 [pool-429-thread-1] INFO  storage.RaftStorageDirectory (RaftStorageDirectory.java:analyzeStorage(246)) - The storage directory /workdir/hadoop-ozone/integration-test/target/test-dir/MiniOzoneClusterImpl-dcee263f-6b07-4fee-9faf-1f5df40be807/datanode-2/data/ratis/44dc4936-3540-4449-8153-67cba0b18da3 does not exist. Creating ...
2019-10-04 18:12:22,034 [pool-409-thread-1] INFO  impl.RaftServerImpl (RaftServerImpl.java:<init>(95)) - d268aedf-d4e8-4f2f-a332-db241945baf3: new RaftServerImpl for group-67CBA0B18DA3:[323826f1-6e9f-4f69-9108-05e4f763e2ff:192.168.151.69:38371, d268aedf-d4e8-4f2f-a332-db241945baf3:192.168.151.69:45274, 6dac3d17-da55-4552-8a5b-8459af427716:192.168.151.69:45186] with ContainerStateMachine:uninitialized
2019-10-04 18:12:22,034 [pool-419-thread-1] INFO  server.RaftServerConfigKeys (ConfUtils.java:logGet(43)) - raft.server.log.appender.install.snapshot.enabled = false (custom)
2019-10-04 18:12:22,034 [pool-409-thread-1] INFO  server.RaftServerConfigKeys (ConfUtils.java:logGet(43)) - raft.server.rpc.timeout.min = 5s (custom)
2019-10-04 18:12:22,035 [pool-419-thread-1] INFO  impl.RaftServerImpl (ServerState.java:<init>(103)) - 323826f1-6e9f-4f69-9108-05e4f763e2ff@group-67CBA0B18DA3: ConfigurationManager, init=-1: [323826f1-6e9f-4f69-9108-05e4f763e2ff:192.168.151.69:38371, d268aedf-d4e8-4f2f-a332-db241945baf3:192.168.151.69:45274, 6dac3d17-da55-4552-8a5b-8459af427716:192.168.151.69:45186], old=null, confs=<EMPTY_MAP>
2019-10-04 18:12:22,035 [pool-409-thread-1] INFO  server.RaftServerConfigKeys (ConfUtils.java:logGet(43)) - raft.server.rpc.timeout.max = 5200ms (custom)
2019-10-04 18:12:22,035 [pool-419-thread-1] INFO  server.RaftServerConfigKeys (ConfUtils.java:logGet(43)) - raft.server.storage.dir = [/workdir/hadoop-ozone/integration-test/target/test-dir/MiniOzoneClusterImpl-dcee263f-6b07-4fee-9faf-1f5df40be807/datanode-1/data/ratis] (custom)
2019-10-04 18:12:22,035 [pool-409-thread-1] INFO  server.RaftServerConfigKeys (ConfUtils.java:logGet(43)) - raft.server.rpcslowness.timeout = 120s (custom)
2019-10-04 18:12:22,035 [pool-419-thread-1] INFO  server.RaftServerConfigKeys (ConfUtils.java:logGet(43)) - raft.server.log.corruption.policy = EXCEPTION (default)
2019-10-04 18:12:22,035 [pool-409-thread-1] INFO  server.RaftServerConfigKeys (ConfUtils.java:logGet(43)) - raft.server.sleep.deviation.threshold = 300 (default)
2019-10-04 18:12:22,035 [pool-419-thread-1] INFO  storage.RaftStorageDirectory (RaftStorageDirectory.java:analyzeStorage(246)) - The storage directory /workdir/hadoop-ozone/integration-test/target/test-dir/MiniOzoneClusterImpl-dcee263f-6b07-4fee-9faf-1f5df40be807/datanode-1/data/ratis/44dc4936-3540-4449-8153-67cba0b18da3 does not exist. Creating ...
2019-10-04 18:12:22,036 [pool-409-thread-1] INFO  server.RaftServerConfigKeys (ConfUtils.java:logGet(43)) - raft.server.log.appender.install.snapshot.enabled = false (custom)
2019-10-04 18:12:22,036 [pool-409-thread-1] INFO  impl.RaftServerImpl (ServerState.java:<init>(103)) - d268aedf-d4e8-4f2f-a332-db241945baf3@group-67CBA0B18DA3: ConfigurationManager, init=-1: [323826f1-6e9f-4f69-9108-05e4f763e2ff:192.168.151.69:38371, d268aedf-d4e8-4f2f-a332-db241945baf3:192.168.151.69:45274, 6dac3d17-da55-4552-8a5b-8459af427716:192.168.151.69:45186], old=null, confs=<EMPTY_MAP>
2019-10-04 18:12:22,036 [pool-409-thread-1] INFO  server.RaftServerConfigKeys (ConfUtils.java:logGet(43)) - raft.server.storage.dir = [/workdir/hadoop-ozone/integration-test/target/test-dir/MiniOzoneClusterImpl-dcee263f-6b07-4fee-9faf-1f5df40be807/datanode-0/data/ratis] (custom)
2019-10-04 18:12:22,036 [IPC Server handler 1 on 45067] INFO  net.NetworkTopology (NetworkTopologyImpl.java:add(111)) - Added a new node: /default-rack/f4b34e38-07a5-4f57-a56b-ef1c9e62ea1c
2019-10-04 18:12:22,037 [IPC Server handler 1 on 45067] INFO  node.SCMNodeManager (SCMNodeManager.java:register(268)) - Registered Data node : f4b34e38-07a5-4f57-a56b-ef1c9e62ea1c{ip: 192.168.151.69, host: pr-hdds-2251-hdm2b-3409562618, networkLocation: /default-rack, certSerialId: null}
2019-10-04 18:12:22,037 [pool-409-thread-1] INFO  server.RaftServerConfigKeys (ConfUtils.java:logGet(43)) - raft.server.log.corruption.policy = EXCEPTION (default)
2019-10-04 18:12:22,037 [pool-409-thread-1] INFO  storage.RaftStorageDirectory (RaftStorageDirectory.java:analyzeStorage(246)) - The storage directory /workdir/hadoop-ozone/integration-test/target/test-dir/MiniOzoneClusterImpl-dcee263f-6b07-4fee-9faf-1f5df40be807/datanode-0/data/ratis/44dc4936-3540-4449-8153-67cba0b18da3 does not exist. Creating ...
2019-10-04 18:12:22,038 [pool-429-thread-1] INFO  storage.RaftStorageDirectory (RaftStorageDirectory.java:tryLock(328)) - Lock on /workdir/hadoop-ozone/integration-test/target/test-dir/MiniOzoneClusterImpl-dcee263f-6b07-4fee-9faf-1f5df40be807/datanode-2/data/ratis/44dc4936-3540-4449-8153-67cba0b18da3/in_use.lock acquired by nodename 19830@pr-hdds-2251-hdm2b-3409562618
2019-10-04 18:12:22,041 [pool-419-thread-1] INFO  storage.RaftStorageDirectory (RaftStorageDirectory.java:tryLock(328)) - Lock on /workdir/hadoop-ozone/integration-test/target/test-dir/MiniOzoneClusterImpl-dcee263f-6b07-4fee-9faf-1f5df40be807/datanode-1/data/ratis/44dc4936-3540-4449-8153-67cba0b18da3/in_use.lock acquired by nodename 19830@pr-hdds-2251-hdm2b-3409562618
2019-10-04 18:12:22,041 [pool-409-thread-1] INFO  storage.RaftStorageDirectory (RaftStorageDirectory.java:tryLock(328)) - Lock on /workdir/hadoop-ozone/integration-test/target/test-dir/MiniOzoneClusterImpl-dcee263f-6b07-4fee-9faf-1f5df40be807/datanode-0/data/ratis/44dc4936-3540-4449-8153-67cba0b18da3/in_use.lock acquired by nodename 19830@pr-hdds-2251-hdm2b-3409562618
2019-10-04 18:12:22,041 [pool-429-thread-1] INFO  storage.RaftStorage (RaftStorage.java:format(84)) - Storage directory /workdir/hadoop-ozone/integration-test/target/test-dir/MiniOzoneClusterImpl-dcee263f-6b07-4fee-9faf-1f5df40be807/datanode-2/data/ratis/44dc4936-3540-4449-8153-67cba0b18da3 has been successfully formatted.
2019-10-04 18:12:22,041 [pool-429-thread-1] INFO  ratis.ContainerStateMachine (ContainerStateMachine.java:loadSnapshot(230)) - group-67CBA0B18DA3: The snapshot info is null. Setting the last applied indexto:(t:0, i:~)
2019-10-04 18:12:22,041 [pool-429-thread-1] INFO  server.RaftServerConfigKeys (ConfUtils.java:logGet(43)) - raft.server.notification.no-leader.timeout = 120s (custom)
2019-10-04 18:12:22,042 [pool-429-thread-1] INFO  server.RaftServerConfigKeys (ConfUtils.java:logGet(43)) - raft.server.log.use.memory = false (default)
2019-10-04 18:12:22,042 [pool-429-thread-1] INFO  server.RaftServerConfigKeys (ConfUtils.java:logGet(43)) - raft.server.log.purge.gap = 1000000 (custom)
2019-10-04 18:12:22,042 [pool-429-thread-1] INFO  server.RaftServerConfigKeys (ConfUtils.java:logGet(43)) - raft.server.log.appender.buffer.byte-limit = 33554432 (custom)
2019-10-04 18:12:22,042 [pool-429-thread-1] INFO  server.RaftServerConfigKeys (ConfUtils.java:logGet(43)) - raft.server.log.segment.size.max = 1048576 (custom)
2019-10-04 18:12:22,042 [pool-429-thread-1] INFO  server.RaftServerConfigKeys (ConfUtils.java:logGet(43)) - raft.server.log.segment.cache.num.max = 2 (custom)
2019-10-04 18:12:22,042 [pool-429-thread-1] INFO  segmented.SegmentedRaftLogWorker (SegmentedRaftLogWorker.java:<init>(173)) - new 6dac3d17-da55-4552-8a5b-8459af427716@group-67CBA0B18DA3-SegmentedRaftLogWorker for RaftStorage:Storage Directory /workdir/hadoop-ozone/integration-test/target/test-dir/MiniOzoneClusterImpl-dcee263f-6b07-4fee-9faf-1f5df40be807/datanode-2/data/ratis/44dc4936-3540-4449-8153-67cba0b18da3
2019-10-04 18:12:22,042 [pool-429-thread-1] INFO  server.RaftServerConfigKeys (ConfUtils.java:logGet(43)) - raft.server.log.queue.byte-limit = 2147483647 (custom)
2019-10-04 18:12:22,043 [pool-429-thread-1] INFO  server.RaftServerConfigKeys (ConfUtils.java:logGet(43)) - raft.server.log.queue.element-limit = 1024 (custom)
2019-10-04 18:12:22,043 [pool-429-thread-1] INFO  server.RaftServerConfigKeys (ConfUtils.java:logGet(43)) - raft.server.log.segment.size.max = 1048576 (custom)
2019-10-04 18:12:22,043 [pool-429-thread-1] INFO  server.RaftServerConfigKeys (ConfUtils.java:logGet(43)) - raft.server.log.preallocated.size = 16384 (custom)
2019-10-04 18:12:22,043 [pool-429-thread-1] INFO  server.RaftServerConfigKeys (ConfUtils.java:logGet(43)) - raft.server.log.write.buffer.size = 33554432 (custom)
2019-10-04 18:12:22,043 [pool-429-thread-1] INFO  server.RaftServerConfigKeys (ConfUtils.java:logGet(43)) - raft.server.log.force.sync.num = 128 (default)
2019-10-04 18:12:22,043 [pool-429-thread-1] INFO  server.RaftServerConfigKeys (ConfUtils.java:logGet(43)) - raft.server.log.statemachine.data.sync = true (default)
2019-10-04 18:12:22,043 [pool-429-thread-1] INFO  server.RaftServerConfigKeys (ConfUtils.java:logGet(43)) - raft.server.log.statemachine.data.sync.timeout = 10s (default)
2019-10-04 18:12:22,044 [pool-429-thread-1] INFO  server.RaftServerConfigKeys (ConfUtils.java:logGet(43)) - raft.server.log.statemachine.data.sync.timeout.retry = -1 (default)
2019-10-04 18:12:22,044 [pool-429-thread-1] INFO  server.RaftServerConfigKeys (ConfUtils.java:logGet(43)) - raft.server.log.statemachine.data.caching.enabled = true (custom)
2019-10-04 18:12:22,045 [pool-429-thread-1] INFO  segmented.SegmentedRaftLogWorker (SegmentedRaftLogWorker.java:lambda$new$0(128)) - 6dac3d17-da55-4552-8a5b-8459af427716@group-67CBA0B18DA3-SegmentedRaftLogWorker: flushIndex: setUnconditionally 0 -> -1
2019-10-04 18:12:22,045 [pool-429-thread-1] INFO  server.RaftServerConfigKeys (ConfUtils.java:logGet(43)) - raft.server.snapshot.auto.trigger.enabled = true (custom)
2019-10-04 18:12:22,045 [pool-429-thread-1] INFO  server.RaftServerConfigKeys (ConfUtils.java:logGet(43)) - raft.server.snapshot.auto.trigger.threshold = 10000 (custom)
2019-10-04 18:12:22,045 [pool-429-thread-1] INFO  server.RaftServerConfigKeys (ConfUtils.java:logGet(43)) - raft.server.snapshot.retention.file.num = 5 (custom)
2019-10-04 18:12:22,045 [pool-409-thread-1] INFO  storage.RaftStorage (RaftStorage.java:format(84)) - Storage directory /workdir/hadoop-ozone/integration-test/target/test-dir/MiniOzoneClusterImpl-dcee263f-6b07-4fee-9faf-1f5df40be807/datanode-0/data/ratis/44dc4936-3540-4449-8153-67cba0b18da3 has been successfully formatted.
2019-10-04 18:12:22,045 [pool-419-thread-1] INFO  storage.RaftStorage (RaftStorage.java:format(84)) - Storage directory /workdir/hadoop-ozone/integration-test/target/test-dir/MiniOzoneClusterImpl-dcee263f-6b07-4fee-9faf-1f5df40be807/datanode-1/data/ratis/44dc4936-3540-4449-8153-67cba0b18da3 has been successfully formatted.
2019-10-04 18:12:22,045 [pool-429-thread-1] INFO  server.RaftServerConfigKeys (ConfUtils.java:logGet(43)) - raft.server.retrycache.expirytime = 600000ms (custom)
2019-10-04 18:12:22,046 [pool-419-thread-1] INFO  ratis.ContainerStateMachine (ContainerStateMachine.java:loadSnapshot(230)) - group-67CBA0B18DA3: The snapshot info is null. Setting the last applied indexto:(t:0, i:~)
2019-10-04 18:12:22,046 [pool-409-thread-1] INFO  ratis.ContainerStateMachine (ContainerStateMachine.java:loadSnapshot(230)) - group-67CBA0B18DA3: The snapshot info is null. Setting the last applied indexto:(t:0, i:~)
2019-10-04 18:12:22,046 [pool-419-thread-1] INFO  server.RaftServerConfigKeys (ConfUtils.java:logGet(43)) - raft.server.notification.no-leader.timeout = 120s (custom)
2019-10-04 18:12:22,046 [pool-409-thread-1] INFO  server.RaftServerConfigKeys (ConfUtils.java:logGet(43)) - raft.server.notification.no-leader.timeout = 120s (custom)
2019-10-04 18:12:22,046 [pool-419-thread-1] INFO  server.RaftServerConfigKeys (ConfUtils.java:logGet(43)) - raft.server.log.use.memory = false (default)
2019-10-04 18:12:22,046 [pool-409-thread-1] INFO  server.RaftServerConfigKeys (ConfUtils.java:logGet(43)) - raft.server.log.use.memory = false (default)
2019-10-04 18:12:22,046 [pool-419-thread-1] INFO  server.RaftServerConfigKeys (ConfUtils.java:logGet(43)) - raft.server.log.purge.gap = 1000000 (custom)
2019-10-04 18:12:22,046 [pool-409-thread-1] INFO  server.RaftServerConfigKeys (ConfUtils.java:logGet(43)) - raft.server.log.purge.gap = 1000000 (custom)
2019-10-04 18:12:22,046 [pool-419-thread-1] INFO  server.RaftServerConfigKeys (ConfUtils.java:logGet(43)) - raft.server.log.appender.buffer.byte-limit = 33554432 (custom)
2019-10-04 18:12:22,047 [pool-409-thread-1] INFO  server.RaftServerConfigKeys (ConfUtils.java:logGet(43)) - raft.server.log.appender.buffer.byte-limit = 33554432 (custom)
2019-10-04 18:12:22,047 [pool-419-thread-1] INFO  server.RaftServerConfigKeys (ConfUtils.java:logGet(43)) - raft.server.log.segment.size.max = 1048576 (custom)
2019-10-04 18:12:22,047 [pool-409-thread-1] INFO  server.RaftServerConfigKeys (ConfUtils.java:logGet(43)) - raft.server.log.segment.size.max = 1048576 (custom)
2019-10-04 18:12:22,047 [pool-419-thread-1] INFO  server.RaftServerConfigKeys (ConfUtils.java:logGet(43)) - raft.server.log.segment.cache.num.max = 2 (custom)
2019-10-04 18:12:22,047 [pool-409-thread-1] INFO  server.RaftServerConfigKeys (ConfUtils.java:logGet(43)) - raft.server.log.segment.cache.num.max = 2 (custom)
2019-10-04 18:12:22,047 [pool-419-thread-1] INFO  segmented.SegmentedRaftLogWorker (SegmentedRaftLogWorker.java:<init>(173)) - new 323826f1-6e9f-4f69-9108-05e4f763e2ff@group-67CBA0B18DA3-SegmentedRaftLogWorker for RaftStorage:Storage Directory /workdir/hadoop-ozone/integration-test/target/test-dir/MiniOzoneClusterImpl-dcee263f-6b07-4fee-9faf-1f5df40be807/datanode-1/data/ratis/44dc4936-3540-4449-8153-67cba0b18da3
2019-10-04 18:12:22,047 [pool-409-thread-1] INFO  segmented.SegmentedRaftLogWorker (SegmentedRaftLogWorker.java:<init>(173)) - new d268aedf-d4e8-4f2f-a332-db241945baf3@group-67CBA0B18DA3-SegmentedRaftLogWorker for RaftStorage:Storage Directory /workdir/hadoop-ozone/integration-test/target/test-dir/MiniOzoneClusterImpl-dcee263f-6b07-4fee-9faf-1f5df40be807/datanode-0/data/ratis/44dc4936-3540-4449-8153-67cba0b18da3
2019-10-04 18:12:22,047 [pool-419-thread-1] INFO  server.RaftServerConfigKeys (ConfUtils.java:logGet(43)) - raft.server.log.queue.byte-limit = 2147483647 (custom)
2019-10-04 18:12:22,047 [pool-419-thread-1] INFO  server.RaftServerConfigKeys (ConfUtils.java:logGet(43)) - raft.server.log.queue.element-limit = 1024 (custom)
2019-10-04 18:12:22,047 [pool-429-thread-1] INFO  impl.RaftServerImpl (RaftServerImpl.java:start(181)) - 6dac3d17-da55-4552-8a5b-8459af427716@group-67CBA0B18DA3: start as a follower, conf=-1: [323826f1-6e9f-4f69-9108-05e4f763e2ff:192.168.151.69:38371, d268aedf-d4e8-4f2f-a332-db241945baf3:192.168.151.69:45274, 6dac3d17-da55-4552-8a5b-8459af427716:192.168.151.69:45186], old=null
2019-10-04 18:12:22,047 [pool-409-thread-1] INFO  server.RaftServerConfigKeys (ConfUtils.java:logGet(43)) - raft.server.log.queue.byte-limit = 2147483647 (custom)
2019-10-04 18:12:22,048 [pool-429-thread-1] INFO  impl.RaftServerImpl (RaftServerImpl.java:setRole(170)) - 6dac3d17-da55-4552-8a5b-8459af427716@group-67CBA0B18DA3: changes role from      null to FOLLOWER at term 0 for startAsFollower
2019-10-04 18:12:22,047 [pool-419-thread-1] INFO  server.RaftServerConfigKeys (ConfUtils.java:logGet(43)) - raft.server.log.segment.size.max = 1048576 (custom)
2019-10-04 18:12:22,048 [pool-429-thread-1] INFO  impl.RoleInfo (RoleInfo.java:updateAndGet(143)) - 6dac3d17-da55-4552-8a5b-8459af427716: start FollowerState
2019-10-04 18:12:22,048 [pool-409-thread-1] INFO  server.RaftServerConfigKeys (ConfUtils.java:logGet(43)) - raft.server.log.queue.element-limit = 1024 (custom)
2019-10-04 18:12:22,048 [pool-419-thread-1] INFO  server.RaftServerConfigKeys (ConfUtils.java:logGet(43)) - raft.server.log.preallocated.size = 16384 (custom)
2019-10-04 18:12:22,048 [pool-409-thread-1] INFO  server.RaftServerConfigKeys (ConfUtils.java:logGet(43)) - raft.server.log.segment.size.max = 1048576 (custom)
2019-10-04 18:12:22,048 [pool-429-thread-1] INFO  util.JmxRegister (JmxRegister.java:tryRegister(44)) - Successfully registered JMX Bean with object name Ratis:service=RaftServer,group=group-67CBA0B18DA3,id=6dac3d17-da55-4552-8a5b-8459af427716
2019-10-04 18:12:22,048 [pool-419-thread-1] INFO  server.RaftServerConfigKeys (ConfUtils.java:logGet(43)) - raft.server.log.write.buffer.size = 33554432 (custom)
2019-10-04 18:12:22,048 [pool-409-thread-1] INFO  server.RaftServerConfigKeys (ConfUtils.java:logGet(43)) - raft.server.log.preallocated.size = 16384 (custom)
2019-10-04 18:12:22,049 [pool-419-thread-1] INFO  server.RaftServerConfigKeys (ConfUtils.java:logGet(43)) - raft.server.log.force.sync.num = 128 (default)
2019-10-04 18:12:22,049 [pool-409-thread-1] INFO  server.RaftServerConfigKeys (ConfUtils.java:logGet(43)) - raft.server.log.write.buffer.size = 33554432 (custom)
2019-10-04 18:12:22,049 [pool-419-thread-1] INFO  server.RaftServerConfigKeys (ConfUtils.java:logGet(43)) - raft.server.log.statemachine.data.sync = true (default)
2019-10-04 18:12:22,049 [pool-409-thread-1] INFO  server.RaftServerConfigKeys (ConfUtils.java:logGet(43)) - raft.server.log.force.sync.num = 128 (default)
2019-10-04 18:12:22,049 [pool-419-thread-1] INFO  server.RaftServerConfigKeys (ConfUtils.java:logGet(43)) - raft.server.log.statemachine.data.sync.timeout = 10s (default)
2019-10-04 18:12:22,049 [pool-409-thread-1] INFO  server.RaftServerConfigKeys (ConfUtils.java:logGet(43)) - raft.server.log.statemachine.data.sync = true (default)
2019-10-04 18:12:22,049 [pool-419-thread-1] INFO  server.RaftServerConfigKeys (ConfUtils.java:logGet(43)) - raft.server.log.statemachine.data.sync.timeout.retry = -1 (default)
2019-10-04 18:12:22,049 [pool-409-thread-1] INFO  server.RaftServerConfigKeys (ConfUtils.java:logGet(43)) - raft.server.log.statemachine.data.sync.timeout = 10s (default)
2019-10-04 18:12:22,049 [pool-419-thread-1] INFO  server.RaftServerConfigKeys (ConfUtils.java:logGet(43)) - raft.server.log.statemachine.data.caching.enabled = true (custom)
2019-10-04 18:12:22,050 [pool-409-thread-1] INFO  server.RaftServerConfigKeys (ConfUtils.java:logGet(43)) - raft.server.log.statemachine.data.sync.timeout.retry = -1 (default)
2019-10-04 18:12:22,050 [pool-419-thread-1] INFO  segmented.SegmentedRaftLogWorker (SegmentedRaftLogWorker.java:lambda$new$0(128)) - 323826f1-6e9f-4f69-9108-05e4f763e2ff@group-67CBA0B18DA3-SegmentedRaftLogWorker: flushIndex: setUnconditionally 0 -> -1
2019-10-04 18:12:22,050 [pool-409-thread-1] INFO  server.RaftServerConfigKeys (ConfUtils.java:logGet(43)) - raft.server.log.statemachine.data.caching.enabled = true (custom)
2019-10-04 18:12:22,050 [pool-419-thread-1] INFO  server.RaftServerConfigKeys (ConfUtils.java:logGet(43)) - raft.server.snapshot.auto.trigger.enabled = true (custom)
2019-10-04 18:12:22,050 [pool-409-thread-1] INFO  segmented.SegmentedRaftLogWorker (SegmentedRaftLogWorker.java:lambda$new$0(128)) - d268aedf-d4e8-4f2f-a332-db241945baf3@group-67CBA0B18DA3-SegmentedRaftLogWorker: flushIndex: setUnconditionally 0 -> -1
2019-10-04 18:12:22,050 [pool-419-thread-1] INFO  server.RaftServerConfigKeys (ConfUtils.java:logGet(43)) - raft.server.snapshot.auto.trigger.threshold = 10000 (custom)
2019-10-04 18:12:22,050 [pool-419-thread-1] INFO  server.RaftServerConfigKeys (ConfUtils.java:logGet(43)) - raft.server.snapshot.retention.file.num = 5 (custom)
2019-10-04 18:12:22,050 [pool-409-thread-1] INFO  server.RaftServerConfigKeys (ConfUtils.java:logGet(43)) - raft.server.snapshot.auto.trigger.enabled = true (custom)
2019-10-04 18:12:22,050 [pool-419-thread-1] INFO  server.RaftServerConfigKeys (ConfUtils.java:logGet(43)) - raft.server.retrycache.expirytime = 600000ms (custom)
2019-10-04 18:12:22,051 [pool-409-thread-1] INFO  server.RaftServerConfigKeys (ConfUtils.java:logGet(43)) - raft.server.snapshot.auto.trigger.threshold = 10000 (custom)
2019-10-04 18:12:22,051 [pool-409-thread-1] INFO  server.RaftServerConfigKeys (ConfUtils.java:logGet(43)) - raft.server.snapshot.retention.file.num = 5 (custom)
2019-10-04 18:12:22,051 [pool-409-thread-1] INFO  server.RaftServerConfigKeys (ConfUtils.java:logGet(43)) - raft.server.retrycache.expirytime = 600000ms (custom)
2019-10-04 18:12:22,055 [pool-419-thread-1] INFO  impl.RaftServerImpl (RaftServerImpl.java:start(181)) - 323826f1-6e9f-4f69-9108-05e4f763e2ff@group-67CBA0B18DA3: start as a follower, conf=-1: [323826f1-6e9f-4f69-9108-05e4f763e2ff:192.168.151.69:38371, d268aedf-d4e8-4f2f-a332-db241945baf3:192.168.151.69:45274, 6dac3d17-da55-4552-8a5b-8459af427716:192.168.151.69:45186], old=null
2019-10-04 18:12:22,055 [pool-419-thread-1] INFO  impl.RaftServerImpl (RaftServerImpl.java:setRole(170)) - 323826f1-6e9f-4f69-9108-05e4f763e2ff@group-67CBA0B18DA3: changes role from      null to FOLLOWER at term 0 for startAsFollower
2019-10-04 18:12:22,055 [pool-419-thread-1] INFO  impl.RoleInfo (RoleInfo.java:updateAndGet(143)) - 323826f1-6e9f-4f69-9108-05e4f763e2ff: start FollowerState
2019-10-04 18:12:22,056 [pool-409-thread-1] INFO  impl.RaftServerImpl (RaftServerImpl.java:start(181)) - d268aedf-d4e8-4f2f-a332-db241945baf3@group-67CBA0B18DA3: start as a follower, conf=-1: [323826f1-6e9f-4f69-9108-05e4f763e2ff:192.168.151.69:38371, d268aedf-d4e8-4f2f-a332-db241945baf3:192.168.151.69:45274, 6dac3d17-da55-4552-8a5b-8459af427716:192.168.151.69:45186], old=null
2019-10-04 18:12:22,056 [pool-409-thread-1] INFO  impl.RaftServerImpl (RaftServerImpl.java:setRole(170)) - d268aedf-d4e8-4f2f-a332-db241945baf3@group-67CBA0B18DA3: changes role from      null to FOLLOWER at term 0 for startAsFollower
2019-10-04 18:12:22,056 [pool-419-thread-1] INFO  util.JmxRegister (JmxRegister.java:tryRegister(44)) - Successfully registered JMX Bean with object name Ratis:service=RaftServer,group=group-67CBA0B18DA3,id=323826f1-6e9f-4f69-9108-05e4f763e2ff
2019-10-04 18:12:22,056 [pool-409-thread-1] INFO  impl.RoleInfo (RoleInfo.java:updateAndGet(143)) - d268aedf-d4e8-4f2f-a332-db241945baf3: start FollowerState
2019-10-04 18:12:22,056 [pool-409-thread-1] INFO  util.JmxRegister (JmxRegister.java:tryRegister(44)) - Successfully registered JMX Bean with object name Ratis:service=RaftServer,group=group-67CBA0B18DA3,id=d268aedf-d4e8-4f2f-a332-db241945baf3
2019-10-04 18:12:22,064 [RatisPipelineUtilsThread] INFO  pipeline.PipelineStateManager (PipelineStateManager.java:addPipeline(56)) - Created pipeline Pipeline[ Id: 44dc4936-3540-4449-8153-67cba0b18da3, Nodes: d268aedf-d4e8-4f2f-a332-db241945baf3{ip: 192.168.151.69, host: pr-hdds-2251-hdm2b-3409562618, networkLocation: /default-rack, certSerialId: null}6dac3d17-da55-4552-8a5b-8459af427716{ip: 192.168.151.69, host: pr-hdds-2251-hdm2b-3409562618, networkLocation: /default-rack, certSerialId: null}323826f1-6e9f-4f69-9108-05e4f763e2ff{ip: 192.168.151.69, host: pr-hdds-2251-hdm2b-3409562618, networkLocation: /default-rack, certSerialId: null}, Type:RATIS, Factor:THREE, State:OPEN]
2019-10-04 18:12:22,097 [IPC Server handler 6 on 45067] INFO  net.NetworkTopology (NetworkTopologyImpl.java:add(111)) - Added a new node: /default-rack/30aa774f-29ca-4455-b4d5-5ed245058eaf
2019-10-04 18:12:22,098 [IPC Server handler 6 on 45067] INFO  node.SCMNodeManager (SCMNodeManager.java:register(268)) - Registered Data node : 30aa774f-29ca-4455-b4d5-5ed245058eaf{ip: 192.168.151.69, host: pr-hdds-2251-hdm2b-3409562618, networkLocation: /default-rack, certSerialId: null}
2019-10-04 18:12:22,105 [grpc-default-executor-6] INFO  impl.RaftServerProxy (RaftServerProxy.java:addNew(89)) - f4b34e38-07a5-4f57-a56b-ef1c9e62ea1c: addNew group-C23C00748E38:[f4b34e38-07a5-4f57-a56b-ef1c9e62ea1c:192.168.151.69:32845] returns group-C23C00748E38:java.util.concurrent.CompletableFuture@630347ed[Not completed]
2019-10-04 18:12:22,108 [pool-439-thread-1] INFO  impl.RaftServerImpl (RaftServerImpl.java:<init>(95)) - f4b34e38-07a5-4f57-a56b-ef1c9e62ea1c: new RaftServerImpl for group-C23C00748E38:[f4b34e38-07a5-4f57-a56b-ef1c9e62ea1c:192.168.151.69:32845] with ContainerStateMachine:uninitialized
2019-10-04 18:12:22,109 [pool-439-thread-1] INFO  server.RaftServerConfigKeys (ConfUtils.java:logGet(43)) - raft.server.rpc.timeout.min = 5s (custom)
2019-10-04 18:12:22,109 [pool-439-thread-1] INFO  server.RaftServerConfigKeys (ConfUtils.java:logGet(43)) - raft.server.rpc.timeout.max = 5200ms (custom)
2019-10-04 18:12:22,109 [pool-439-thread-1] INFO  server.RaftServerConfigKeys (ConfUtils.java:logGet(43)) - raft.server.rpcslowness.timeout = 120s (custom)
2019-10-04 18:12:22,109 [pool-439-thread-1] INFO  server.RaftServerConfigKeys (ConfUtils.java:logGet(43)) - raft.server.sleep.deviation.threshold = 300 (default)
2019-10-04 18:12:22,109 [pool-439-thread-1] INFO  server.RaftServerConfigKeys (ConfUtils.java:logGet(43)) - raft.server.log.appender.install.snapshot.enabled = false (custom)
2019-10-04 18:12:22,109 [pool-439-thread-1] INFO  impl.RaftServerImpl (ServerState.java:<init>(103)) - f4b34e38-07a5-4f57-a56b-ef1c9e62ea1c@group-C23C00748E38: ConfigurationManager, init=-1: [f4b34e38-07a5-4f57-a56b-ef1c9e62ea1c:192.168.151.69:32845], old=null, confs=<EMPTY_MAP>
2019-10-04 18:12:22,109 [pool-439-thread-1] INFO  server.RaftServerConfigKeys (ConfUtils.java:logGet(43)) - raft.server.storage.dir = [/workdir/hadoop-ozone/integration-test/target/test-dir/MiniOzoneClusterImpl-dcee263f-6b07-4fee-9faf-1f5df40be807/datanode-3/data/ratis] (custom)
2019-10-04 18:12:22,109 [pool-439-thread-1] INFO  server.RaftServerConfigKeys (ConfUtils.java:logGet(43)) - raft.server.log.corruption.policy = EXCEPTION (default)
2019-10-04 18:12:22,109 [pool-439-thread-1] INFO  storage.RaftStorageDirectory (RaftStorageDirectory.java:analyzeStorage(246)) - The storage directory /workdir/hadoop-ozone/integration-test/target/test-dir/MiniOzoneClusterImpl-dcee263f-6b07-4fee-9faf-1f5df40be807/datanode-3/data/ratis/7480ab1d-837d-4e64-9592-c23c00748e38 does not exist. Creating ...
2019-10-04 18:12:22,113 [pool-439-thread-1] INFO  storage.RaftStorageDirectory (RaftStorageDirectory.java:tryLock(328)) - Lock on /workdir/hadoop-ozone/integration-test/target/test-dir/MiniOzoneClusterImpl-dcee263f-6b07-4fee-9faf-1f5df40be807/datanode-3/data/ratis/7480ab1d-837d-4e64-9592-c23c00748e38/in_use.lock acquired by nodename 19830@pr-hdds-2251-hdm2b-3409562618
2019-10-04 18:12:22,117 [pool-439-thread-1] INFO  storage.RaftStorage (RaftStorage.java:format(84)) - Storage directory /workdir/hadoop-ozone/integration-test/target/test-dir/MiniOzoneClusterImpl-dcee263f-6b07-4fee-9faf-1f5df40be807/datanode-3/data/ratis/7480ab1d-837d-4e64-9592-c23c00748e38 has been successfully formatted.
2019-10-04 18:12:22,117 [pool-439-thread-1] INFO  ratis.ContainerStateMachine (ContainerStateMachine.java:loadSnapshot(230)) - group-C23C00748E38: The snapshot info is null. Setting the last applied indexto:(t:0, i:~)
2019-10-04 18:12:22,117 [pool-439-thread-1] INFO  server.RaftServerConfigKeys (ConfUtils.java:logGet(43)) - raft.server.notification.no-leader.timeout = 120s (custom)
2019-10-04 18:12:22,117 [pool-439-thread-1] INFO  server.RaftServerConfigKeys (ConfUtils.java:logGet(43)) - raft.server.log.use.memory = false (default)
2019-10-04 18:12:22,117 [pool-439-thread-1] INFO  server.RaftServerConfigKeys (ConfUtils.java:logGet(43)) - raft.server.log.purge.gap = 1000000 (custom)
2019-10-04 18:12:22,117 [pool-439-thread-1] INFO  server.RaftServerConfigKeys (ConfUtils.java:logGet(43)) - raft.server.log.appender.buffer.byte-limit = 33554432 (custom)
2019-10-04 18:12:22,117 [pool-439-thread-1] INFO  server.RaftServerConfigKeys (ConfUtils.java:logGet(43)) - raft.server.log.segment.size.max = 1048576 (custom)
2019-10-04 18:12:22,118 [pool-439-thread-1] INFO  server.RaftServerConfigKeys (ConfUtils.java:logGet(43)) - raft.server.log.segment.cache.num.max = 2 (custom)
2019-10-04 18:12:22,119 [pool-439-thread-1] INFO  segmented.SegmentedRaftLogWorker (SegmentedRaftLogWorker.java:<init>(173)) - new f4b34e38-07a5-4f57-a56b-ef1c9e62ea1c@group-C23C00748E38-SegmentedRaftLogWorker for RaftStorage:Storage Directory /workdir/hadoop-ozone/integration-test/target/test-dir/MiniOzoneClusterImpl-dcee263f-6b07-4fee-9faf-1f5df40be807/datanode-3/data/ratis/7480ab1d-837d-4e64-9592-c23c00748e38
2019-10-04 18:12:22,119 [pool-439-thread-1] INFO  server.RaftServerConfigKeys (ConfUtils.java:logGet(43)) - raft.server.log.queue.byte-limit = 2147483647 (custom)
2019-10-04 18:12:22,119 [pool-439-thread-1] INFO  server.RaftServerConfigKeys (ConfUtils.java:logGet(43)) - raft.server.log.queue.element-limit = 1024 (custom)
2019-10-04 18:12:22,119 [pool-439-thread-1] INFO  server.RaftServerConfigKeys (ConfUtils.java:logGet(43)) - raft.server.log.segment.size.max = 1048576 (custom)
2019-10-04 18:12:22,119 [pool-439-thread-1] INFO  server.RaftServerConfigKeys (ConfUtils.java:logGet(43)) - raft.server.log.preallocated.size = 16384 (custom)
2019-10-04 18:12:22,119 [pool-439-thread-1] INFO  server.RaftServerConfigKeys (ConfUtils.java:logGet(43)) - raft.server.log.write.buffer.size = 33554432 (custom)
2019-10-04 18:12:22,119 [pool-439-thread-1] INFO  server.RaftServerConfigKeys (ConfUtils.java:logGet(43)) - raft.server.log.force.sync.num = 128 (default)
2019-10-04 18:12:22,119 [pool-439-thread-1] INFO  server.RaftServerConfigKeys (ConfUtils.java:logGet(43)) - raft.server.log.statemachine.data.sync = true (default)
2019-10-04 18:12:22,119 [pool-439-thread-1] INFO  server.RaftServerConfigKeys (ConfUtils.java:logGet(43)) - raft.server.log.statemachine.data.sync.timeout = 10s (default)
2019-10-04 18:12:22,119 [pool-439-thread-1] INFO  server.RaftServerConfigKeys (ConfUtils.java:logGet(43)) - raft.server.log.statemachine.data.sync.timeout.retry = -1 (default)
2019-10-04 18:12:22,120 [pool-439-thread-1] INFO  server.RaftServerConfigKeys (ConfUtils.java:logGet(43)) - raft.server.log.statemachine.data.caching.enabled = true (custom)
2019-10-04 18:12:22,120 [pool-439-thread-1] INFO  segmented.SegmentedRaftLogWorker (SegmentedRaftLogWorker.java:lambda$new$0(128)) - f4b34e38-07a5-4f57-a56b-ef1c9e62ea1c@group-C23C00748E38-SegmentedRaftLogWorker: flushIndex: setUnconditionally 0 -> -1
2019-10-04 18:12:22,120 [pool-439-thread-1] INFO  server.RaftServerConfigKeys (ConfUtils.java:logGet(43)) - raft.server.snapshot.auto.trigger.enabled = true (custom)
2019-10-04 18:12:22,120 [pool-439-thread-1] INFO  server.RaftServerConfigKeys (ConfUtils.java:logGet(43)) - raft.server.snapshot.auto.trigger.threshold = 10000 (custom)
2019-10-04 18:12:22,120 [pool-439-thread-1] INFO  server.RaftServerConfigKeys (ConfUtils.java:logGet(43)) - raft.server.snapshot.retention.file.num = 5 (custom)
2019-10-04 18:12:22,120 [pool-439-thread-1] INFO  server.RaftServerConfigKeys (ConfUtils.java:logGet(43)) - raft.server.retrycache.expirytime = 600000ms (custom)
2019-10-04 18:12:22,121 [pool-439-thread-1] INFO  impl.RaftServerImpl (RaftServerImpl.java:start(181)) - f4b34e38-07a5-4f57-a56b-ef1c9e62ea1c@group-C23C00748E38: start as a follower, conf=-1: [f4b34e38-07a5-4f57-a56b-ef1c9e62ea1c:192.168.151.69:32845], old=null
2019-10-04 18:12:22,122 [pool-439-thread-1] INFO  impl.RaftServerImpl (RaftServerImpl.java:setRole(170)) - f4b34e38-07a5-4f57-a56b-ef1c9e62ea1c@group-C23C00748E38: changes role from      null to FOLLOWER at term 0 for startAsFollower
2019-10-04 18:12:22,122 [pool-439-thread-1] INFO  impl.RoleInfo (RoleInfo.java:updateAndGet(143)) - f4b34e38-07a5-4f57-a56b-ef1c9e62ea1c: start FollowerState
2019-10-04 18:12:22,122 [pool-439-thread-1] INFO  util.JmxRegister (JmxRegister.java:tryRegister(44)) - Successfully registered JMX Bean with object name Ratis:service=RaftServer,group=group-C23C00748E38,id=f4b34e38-07a5-4f57-a56b-ef1c9e62ea1c
2019-10-04 18:12:22,128 [RatisPipelineUtilsThread] INFO  pipeline.PipelineStateManager (PipelineStateManager.java:addPipeline(56)) - Created pipeline Pipeline[ Id: 7480ab1d-837d-4e64-9592-c23c00748e38, Nodes: f4b34e38-07a5-4f57-a56b-ef1c9e62ea1c{ip: 192.168.151.69, host: pr-hdds-2251-hdm2b-3409562618, networkLocation: /default-rack, certSerialId: null}, Type:RATIS, Factor:ONE, State:OPEN]
2019-10-04 18:12:22,134 [grpc-default-executor-6] INFO  impl.RaftServerProxy (RaftServerProxy.java:addNew(89)) - 30aa774f-29ca-4455-b4d5-5ed245058eaf: addNew group-1D77C60713B1:[30aa774f-29ca-4455-b4d5-5ed245058eaf:192.168.151.69:44321] returns group-1D77C60713B1:java.util.concurrent.CompletableFuture@6e3f6c65[Not completed]
2019-10-04 18:12:22,135 [pool-449-thread-1] INFO  impl.RaftServerImpl (RaftServerImpl.java:<init>(95)) - 30aa774f-29ca-4455-b4d5-5ed245058eaf: new RaftServerImpl for group-1D77C60713B1:[30aa774f-29ca-4455-b4d5-5ed245058eaf:192.168.151.69:44321] with ContainerStateMachine:uninitialized
2019-10-04 18:12:22,135 [pool-449-thread-1] INFO  server.RaftServerConfigKeys (ConfUtils.java:logGet(43)) - raft.server.rpc.timeout.min = 5s (custom)
2019-10-04 18:12:22,135 [pool-449-thread-1] INFO  server.RaftServerConfigKeys (ConfUtils.java:logGet(43)) - raft.server.rpc.timeout.max = 5200ms (custom)
2019-10-04 18:12:22,136 [pool-449-thread-1] INFO  server.RaftServerConfigKeys (ConfUtils.java:logGet(43)) - raft.server.rpcslowness.timeout = 120s (custom)
2019-10-04 18:12:22,136 [pool-449-thread-1] INFO  server.RaftServerConfigKeys (ConfUtils.java:logGet(43)) - raft.server.sleep.deviation.threshold = 300 (default)
2019-10-04 18:12:22,136 [pool-449-thread-1] INFO  server.RaftServerConfigKeys (ConfUtils.java:logGet(43)) - raft.server.log.appender.install.snapshot.enabled = false (custom)
2019-10-04 18:12:22,136 [pool-449-thread-1] INFO  impl.RaftServerImpl (ServerState.java:<init>(103)) - 30aa774f-29ca-4455-b4d5-5ed245058eaf@group-1D77C60713B1: ConfigurationManager, init=-1: [30aa774f-29ca-4455-b4d5-5ed245058eaf:192.168.151.69:44321], old=null, confs=<EMPTY_MAP>
2019-10-04 18:12:22,136 [pool-449-thread-1] INFO  server.RaftServerConfigKeys (ConfUtils.java:logGet(43)) - raft.server.storage.dir = [/workdir/hadoop-ozone/integration-test/target/test-dir/MiniOzoneClusterImpl-dcee263f-6b07-4fee-9faf-1f5df40be807/datanode-4/data/ratis] (custom)
2019-10-04 18:12:22,136 [pool-449-thread-1] INFO  server.RaftServerConfigKeys (ConfUtils.java:logGet(43)) - raft.server.log.corruption.policy = EXCEPTION (default)
2019-10-04 18:12:22,136 [pool-449-thread-1] INFO  storage.RaftStorageDirectory (RaftStorageDirectory.java:analyzeStorage(246)) - The storage directory /workdir/hadoop-ozone/integration-test/target/test-dir/MiniOzoneClusterImpl-dcee263f-6b07-4fee-9faf-1f5df40be807/datanode-4/data/ratis/190e36dc-bf2b-4a44-b4fb-1d77c60713b1 does not exist. Creating ...
2019-10-04 18:12:22,160 [pool-449-thread-1] INFO  storage.RaftStorageDirectory (RaftStorageDirectory.java:tryLock(328)) - Lock on /workdir/hadoop-ozone/integration-test/target/test-dir/MiniOzoneClusterImpl-dcee263f-6b07-4fee-9faf-1f5df40be807/datanode-4/data/ratis/190e36dc-bf2b-4a44-b4fb-1d77c60713b1/in_use.lock acquired by nodename 19830@pr-hdds-2251-hdm2b-3409562618
2019-10-04 18:12:22,173 [pool-449-thread-1] INFO  storage.RaftStorage (RaftStorage.java:format(84)) - Storage directory /workdir/hadoop-ozone/integration-test/target/test-dir/MiniOzoneClusterImpl-dcee263f-6b07-4fee-9faf-1f5df40be807/datanode-4/data/ratis/190e36dc-bf2b-4a44-b4fb-1d77c60713b1 has been successfully formatted.
2019-10-04 18:12:22,174 [pool-449-thread-1] INFO  ratis.ContainerStateMachine (ContainerStateMachine.java:loadSnapshot(230)) - group-1D77C60713B1: The snapshot info is null. Setting the last applied indexto:(t:0, i:~)
2019-10-04 18:12:22,174 [pool-449-thread-1] INFO  server.RaftServerConfigKeys (ConfUtils.java:logGet(43)) - raft.server.notification.no-leader.timeout = 120s (custom)
2019-10-04 18:12:22,174 [pool-449-thread-1] INFO  server.RaftServerConfigKeys (ConfUtils.java:logGet(43)) - raft.server.log.use.memory = false (default)
2019-10-04 18:12:22,174 [pool-449-thread-1] INFO  server.RaftServerConfigKeys (ConfUtils.java:logGet(43)) - raft.server.log.purge.gap = 1000000 (custom)
2019-10-04 18:12:22,174 [pool-449-thread-1] INFO  server.RaftServerConfigKeys (ConfUtils.java:logGet(43)) - raft.server.log.appender.buffer.byte-limit = 33554432 (custom)
2019-10-04 18:12:22,174 [pool-449-thread-1] INFO  server.RaftServerConfigKeys (ConfUtils.java:logGet(43)) - raft.server.log.segment.size.max = 1048576 (custom)
2019-10-04 18:12:22,176 [pool-449-thread-1] INFO  server.RaftServerConfigKeys (ConfUtils.java:logGet(43)) - raft.server.log.segment.cache.num.max = 2 (custom)
2019-10-04 18:12:22,176 [pool-449-thread-1] INFO  segmented.SegmentedRaftLogWorker (SegmentedRaftLogWorker.java:<init>(173)) - new 30aa774f-29ca-4455-b4d5-5ed245058eaf@group-1D77C60713B1-SegmentedRaftLogWorker for RaftStorage:Storage Directory /workdir/hadoop-ozone/integration-test/target/test-dir/MiniOzoneClusterImpl-dcee263f-6b07-4fee-9faf-1f5df40be807/datanode-4/data/ratis/190e36dc-bf2b-4a44-b4fb-1d77c60713b1
2019-10-04 18:12:22,176 [pool-449-thread-1] INFO  server.RaftServerConfigKeys (ConfUtils.java:logGet(43)) - raft.server.log.queue.byte-limit = 2147483647 (custom)
2019-10-04 18:12:22,176 [pool-449-thread-1] INFO  server.RaftServerConfigKeys (ConfUtils.java:logGet(43)) - raft.server.log.queue.element-limit = 1024 (custom)
2019-10-04 18:12:22,176 [pool-449-thread-1] INFO  server.RaftServerConfigKeys (ConfUtils.java:logGet(43)) - raft.server.log.segment.size.max = 1048576 (custom)
2019-10-04 18:12:22,176 [pool-449-thread-1] INFO  server.RaftServerConfigKeys (ConfUtils.java:logGet(43)) - raft.server.log.preallocated.size = 16384 (custom)
2019-10-04 18:12:22,176 [pool-449-thread-1] INFO  server.RaftServerConfigKeys (ConfUtils.java:logGet(43)) - raft.server.log.write.buffer.size = 33554432 (custom)
2019-10-04 18:12:22,176 [pool-449-thread-1] INFO  server.RaftServerConfigKeys (ConfUtils.java:logGet(43)) - raft.server.log.force.sync.num = 128 (default)
2019-10-04 18:12:22,177 [pool-449-thread-1] INFO  server.RaftServerConfigKeys (ConfUtils.java:logGet(43)) - raft.server.log.statemachine.data.sync = true (default)
2019-10-04 18:12:22,177 [pool-449-thread-1] INFO  server.RaftServerConfigKeys (ConfUtils.java:logGet(43)) - raft.server.log.statemachine.data.sync.timeout = 10s (default)
2019-10-04 18:12:22,177 [pool-449-thread-1] INFO  server.RaftServerConfigKeys (ConfUtils.java:logGet(43)) - raft.server.log.statemachine.data.sync.timeout.retry = -1 (default)
2019-10-04 18:12:22,177 [pool-449-thread-1] INFO  server.RaftServerConfigKeys (ConfUtils.java:logGet(43)) - raft.server.log.statemachine.data.caching.enabled = true (custom)
2019-10-04 18:12:22,177 [pool-449-thread-1] INFO  segmented.SegmentedRaftLogWorker (SegmentedRaftLogWorker.java:lambda$new$0(128)) - 30aa774f-29ca-4455-b4d5-5ed245058eaf@group-1D77C60713B1-SegmentedRaftLogWorker: flushIndex: setUnconditionally 0 -> -1
2019-10-04 18:12:22,177 [pool-449-thread-1] INFO  server.RaftServerConfigKeys (ConfUtils.java:logGet(43)) - raft.server.snapshot.auto.trigger.enabled = true (custom)
2019-10-04 18:12:22,178 [pool-449-thread-1] INFO  server.RaftServerConfigKeys (ConfUtils.java:logGet(43)) - raft.server.snapshot.auto.trigger.threshold = 10000 (custom)
2019-10-04 18:12:22,178 [pool-449-thread-1] INFO  server.RaftServerConfigKeys (ConfUtils.java:logGet(43)) - raft.server.snapshot.retention.file.num = 5 (custom)
2019-10-04 18:12:22,178 [pool-449-thread-1] INFO  server.RaftServerConfigKeys (ConfUtils.java:logGet(43)) - raft.server.retrycache.expirytime = 600000ms (custom)
2019-10-04 18:12:22,179 [pool-449-thread-1] INFO  impl.RaftServerImpl (RaftServerImpl.java:start(181)) - 30aa774f-29ca-4455-b4d5-5ed245058eaf@group-1D77C60713B1: start as a follower, conf=-1: [30aa774f-29ca-4455-b4d5-5ed245058eaf:192.168.151.69:44321], old=null
2019-10-04 18:12:22,179 [pool-449-thread-1] INFO  impl.RaftServerImpl (RaftServerImpl.java:setRole(170)) - 30aa774f-29ca-4455-b4d5-5ed245058eaf@group-1D77C60713B1: changes role from      null to FOLLOWER at term 0 for startAsFollower
2019-10-04 18:12:22,179 [pool-449-thread-1] INFO  impl.RoleInfo (RoleInfo.java:updateAndGet(143)) - 30aa774f-29ca-4455-b4d5-5ed245058eaf: start FollowerState
2019-10-04 18:12:22,196 [pool-449-thread-1] INFO  util.JmxRegister (JmxRegister.java:tryRegister(44)) - Successfully registered JMX Bean with object name Ratis:service=RaftServer,group=group-1D77C60713B1,id=30aa774f-29ca-4455-b4d5-5ed245058eaf
2019-10-04 18:12:22,197 [IPC Server handler 7 on 45067] INFO  net.NetworkTopology (NetworkTopologyImpl.java:add(111)) - Added a new node: /default-rack/98891705-e38f-42f0-9b87-1c4b8c7821c0
2019-10-04 18:12:22,197 [IPC Server handler 7 on 45067] INFO  node.SCMNodeManager (SCMNodeManager.java:register(268)) - Registered Data node : 98891705-e38f-42f0-9b87-1c4b8c7821c0{ip: 192.168.151.69, host: pr-hdds-2251-hdm2b-3409562618, networkLocation: /default-rack, certSerialId: null}
2019-10-04 18:12:22,211 [RatisPipelineUtilsThread] INFO  pipeline.PipelineStateManager (PipelineStateManager.java:addPipeline(56)) - Created pipeline Pipeline[ Id: 190e36dc-bf2b-4a44-b4fb-1d77c60713b1, Nodes: 30aa774f-29ca-4455-b4d5-5ed245058eaf{ip: 192.168.151.69, host: pr-hdds-2251-hdm2b-3409562618, networkLocation: /default-rack, certSerialId: null}, Type:RATIS, Factor:ONE, State:OPEN]
2019-10-04 18:12:22,217 [grpc-default-executor-6] INFO  impl.RaftServerProxy (RaftServerProxy.java:addNew(89)) - 98891705-e38f-42f0-9b87-1c4b8c7821c0: addNew group-55A1CA8E0774:[98891705-e38f-42f0-9b87-1c4b8c7821c0:192.168.151.69:45801] returns group-55A1CA8E0774:java.util.concurrent.CompletableFuture@6d6fc806[Not completed]
2019-10-04 18:12:22,218 [pool-459-thread-1] INFO  impl.RaftServerImpl (RaftServerImpl.java:<init>(95)) - 98891705-e38f-42f0-9b87-1c4b8c7821c0: new RaftServerImpl for group-55A1CA8E0774:[98891705-e38f-42f0-9b87-1c4b8c7821c0:192.168.151.69:45801] with ContainerStateMachine:uninitialized
2019-10-04 18:12:22,218 [pool-459-thread-1] INFO  server.RaftServerConfigKeys (ConfUtils.java:logGet(43)) - raft.server.rpc.timeout.min = 5s (custom)
2019-10-04 18:12:22,218 [pool-459-thread-1] INFO  server.RaftServerConfigKeys (ConfUtils.java:logGet(43)) - raft.server.rpc.timeout.max = 5200ms (custom)
2019-10-04 18:12:22,218 [pool-459-thread-1] INFO  server.RaftServerConfigKeys (ConfUtils.java:logGet(43)) - raft.server.rpcslowness.timeout = 120s (custom)
2019-10-04 18:12:22,218 [pool-459-thread-1] INFO  server.RaftServerConfigKeys (ConfUtils.java:logGet(43)) - raft.server.sleep.deviation.threshold = 300 (default)
2019-10-04 18:12:22,218 [pool-459-thread-1] INFO  server.RaftServerConfigKeys (ConfUtils.java:logGet(43)) - raft.server.log.appender.install.snapshot.enabled = false (custom)
2019-10-04 18:12:22,218 [pool-459-thread-1] INFO  impl.RaftServerImpl (ServerState.java:<init>(103)) - 98891705-e38f-42f0-9b87-1c4b8c7821c0@group-55A1CA8E0774: ConfigurationManager, init=-1: [98891705-e38f-42f0-9b87-1c4b8c7821c0:192.168.151.69:45801], old=null, confs=<EMPTY_MAP>
2019-10-04 18:12:22,218 [pool-459-thread-1] INFO  server.RaftServerConfigKeys (ConfUtils.java:logGet(43)) - raft.server.storage.dir = [/workdir/hadoop-ozone/integration-test/target/test-dir/MiniOzoneClusterImpl-dcee263f-6b07-4fee-9faf-1f5df40be807/datanode-5/data/ratis] (custom)
2019-10-04 18:12:22,218 [pool-459-thread-1] INFO  server.RaftServerConfigKeys (ConfUtils.java:logGet(43)) - raft.server.log.corruption.policy = EXCEPTION (default)
2019-10-04 18:12:22,219 [pool-459-thread-1] INFO  storage.RaftStorageDirectory (RaftStorageDirectory.java:analyzeStorage(246)) - The storage directory /workdir/hadoop-ozone/integration-test/target/test-dir/MiniOzoneClusterImpl-dcee263f-6b07-4fee-9faf-1f5df40be807/datanode-5/data/ratis/88ec1810-79e7-47f2-b055-55a1ca8e0774 does not exist. Creating ...
2019-10-04 18:12:22,231 [pool-459-thread-1] INFO  storage.RaftStorageDirectory (RaftStorageDirectory.java:tryLock(328)) - Lock on /workdir/hadoop-ozone/integration-test/target/test-dir/MiniOzoneClusterImpl-dcee263f-6b07-4fee-9faf-1f5df40be807/datanode-5/data/ratis/88ec1810-79e7-47f2-b055-55a1ca8e0774/in_use.lock acquired by nodename 19830@pr-hdds-2251-hdm2b-3409562618
2019-10-04 18:12:22,244 [pool-459-thread-1] INFO  storage.RaftStorage (RaftStorage.java:format(84)) - Storage directory /workdir/hadoop-ozone/integration-test/target/test-dir/MiniOzoneClusterImpl-dcee263f-6b07-4fee-9faf-1f5df40be807/datanode-5/data/ratis/88ec1810-79e7-47f2-b055-55a1ca8e0774 has been successfully formatted.
2019-10-04 18:12:22,244 [pool-459-thread-1] INFO  ratis.ContainerStateMachine (ContainerStateMachine.java:loadSnapshot(230)) - group-55A1CA8E0774: The snapshot info is null. Setting the last applied indexto:(t:0, i:~)
2019-10-04 18:12:22,244 [pool-459-thread-1] INFO  server.RaftServerConfigKeys (ConfUtils.java:logGet(43)) - raft.server.notification.no-leader.timeout = 120s (custom)
2019-10-04 18:12:22,244 [pool-459-thread-1] INFO  server.RaftServerConfigKeys (ConfUtils.java:logGet(43)) - raft.server.log.use.memory = false (default)
2019-10-04 18:12:22,244 [pool-459-thread-1] INFO  server.RaftServerConfigKeys (ConfUtils.java:logGet(43)) - raft.server.log.purge.gap = 1000000 (custom)
2019-10-04 18:12:22,244 [pool-459-thread-1] INFO  server.RaftServerConfigKeys (ConfUtils.java:logGet(43)) - raft.server.log.appender.buffer.byte-limit = 33554432 (custom)
2019-10-04 18:12:22,244 [pool-459-thread-1] INFO  server.RaftServerConfigKeys (ConfUtils.java:logGet(43)) - raft.server.log.segment.size.max = 1048576 (custom)
2019-10-04 18:12:22,246 [pool-459-thread-1] INFO  server.RaftServerConfigKeys (ConfUtils.java:logGet(43)) - raft.server.log.segment.cache.num.max = 2 (custom)
2019-10-04 18:12:22,246 [pool-459-thread-1] INFO  segmented.SegmentedRaftLogWorker (SegmentedRaftLogWorker.java:<init>(173)) - new 98891705-e38f-42f0-9b87-1c4b8c7821c0@group-55A1CA8E0774-SegmentedRaftLogWorker for RaftStorage:Storage Directory /workdir/hadoop-ozone/integration-test/target/test-dir/MiniOzoneClusterImpl-dcee263f-6b07-4fee-9faf-1f5df40be807/datanode-5/data/ratis/88ec1810-79e7-47f2-b055-55a1ca8e0774
2019-10-04 18:12:22,246 [pool-459-thread-1] INFO  server.RaftServerConfigKeys (ConfUtils.java:logGet(43)) - raft.server.log.queue.byte-limit = 2147483647 (custom)
2019-10-04 18:12:22,246 [pool-459-thread-1] INFO  server.RaftServerConfigKeys (ConfUtils.java:logGet(43)) - raft.server.log.queue.element-limit = 1024 (custom)
2019-10-04 18:12:22,246 [pool-459-thread-1] INFO  server.RaftServerConfigKeys (ConfUtils.java:logGet(43)) - raft.server.log.segment.size.max = 1048576 (custom)
2019-10-04 18:12:22,246 [pool-459-thread-1] INFO  server.RaftServerConfigKeys (ConfUtils.java:logGet(43)) - raft.server.log.preallocated.size = 16384 (custom)
2019-10-04 18:12:22,246 [pool-459-thread-1] INFO  server.RaftServerConfigKeys (ConfUtils.java:logGet(43)) - raft.server.log.write.buffer.size = 33554432 (custom)
2019-10-04 18:12:22,246 [pool-459-thread-1] INFO  server.RaftServerConfigKeys (ConfUtils.java:logGet(43)) - raft.server.log.force.sync.num = 128 (default)
2019-10-04 18:12:22,246 [pool-459-thread-1] INFO  server.RaftServerConfigKeys (ConfUtils.java:logGet(43)) - raft.server.log.statemachine.data.sync = true (default)
2019-10-04 18:12:22,246 [pool-459-thread-1] INFO  server.RaftServerConfigKeys (ConfUtils.java:logGet(43)) - raft.server.log.statemachine.data.sync.timeout = 10s (default)
2019-10-04 18:12:22,246 [pool-459-thread-1] INFO  server.RaftServerConfigKeys (ConfUtils.java:logGet(43)) - raft.server.log.statemachine.data.sync.timeout.retry = -1 (default)
2019-10-04 18:12:22,247 [pool-459-thread-1] INFO  server.RaftServerConfigKeys (ConfUtils.java:logGet(43)) - raft.server.log.statemachine.data.caching.enabled = true (custom)
2019-10-04 18:12:22,247 [pool-459-thread-1] INFO  segmented.SegmentedRaftLogWorker (SegmentedRaftLogWorker.java:lambda$new$0(128)) - 98891705-e38f-42f0-9b87-1c4b8c7821c0@group-55A1CA8E0774-SegmentedRaftLogWorker: flushIndex: setUnconditionally 0 -> -1
2019-10-04 18:12:22,247 [pool-459-thread-1] INFO  server.RaftServerConfigKeys (ConfUtils.java:logGet(43)) - raft.server.snapshot.auto.trigger.enabled = true (custom)
2019-10-04 18:12:22,247 [pool-459-thread-1] INFO  server.RaftServerConfigKeys (ConfUtils.java:logGet(43)) - raft.server.snapshot.auto.trigger.threshold = 10000 (custom)
2019-10-04 18:12:22,247 [pool-459-thread-1] INFO  server.RaftServerConfigKeys (ConfUtils.java:logGet(43)) - raft.server.snapshot.retention.file.num = 5 (custom)
2019-10-04 18:12:22,247 [pool-459-thread-1] INFO  server.RaftServerConfigKeys (ConfUtils.java:logGet(43)) - raft.server.retrycache.expirytime = 600000ms (custom)
2019-10-04 18:12:22,248 [pool-459-thread-1] INFO  impl.RaftServerImpl (RaftServerImpl.java:start(181)) - 98891705-e38f-42f0-9b87-1c4b8c7821c0@group-55A1CA8E0774: start as a follower, conf=-1: [98891705-e38f-42f0-9b87-1c4b8c7821c0:192.168.151.69:45801], old=null
2019-10-04 18:12:22,248 [pool-459-thread-1] INFO  impl.RaftServerImpl (RaftServerImpl.java:setRole(170)) - 98891705-e38f-42f0-9b87-1c4b8c7821c0@group-55A1CA8E0774: changes role from      null to FOLLOWER at term 0 for startAsFollower
2019-10-04 18:12:22,249 [pool-459-thread-1] INFO  impl.RoleInfo (RoleInfo.java:updateAndGet(143)) - 98891705-e38f-42f0-9b87-1c4b8c7821c0: start FollowerState
2019-10-04 18:12:22,249 [pool-459-thread-1] INFO  util.JmxRegister (JmxRegister.java:tryRegister(44)) - Successfully registered JMX Bean with object name Ratis:service=RaftServer,group=group-55A1CA8E0774,id=98891705-e38f-42f0-9b87-1c4b8c7821c0
2019-10-04 18:12:22,254 [RatisPipelineUtilsThread] INFO  pipeline.PipelineStateManager (PipelineStateManager.java:addPipeline(56)) - Created pipeline Pipeline[ Id: 88ec1810-79e7-47f2-b055-55a1ca8e0774, Nodes: 98891705-e38f-42f0-9b87-1c4b8c7821c0{ip: 192.168.151.69, host: pr-hdds-2251-hdm2b-3409562618, networkLocation: /default-rack, certSerialId: null}, Type:RATIS, Factor:ONE, State:OPEN]
2019-10-04 18:12:22,274 [grpc-default-executor-6] INFO  impl.RaftServerProxy (RaftServerProxy.java:addNew(89)) - 30aa774f-29ca-4455-b4d5-5ed245058eaf: addNew group-D2114FC2E457:[f4b34e38-07a5-4f57-a56b-ef1c9e62ea1c:192.168.151.69:32845, 30aa774f-29ca-4455-b4d5-5ed245058eaf:192.168.151.69:44321, 98891705-e38f-42f0-9b87-1c4b8c7821c0:192.168.151.69:45801] returns group-D2114FC2E457:java.util.concurrent.CompletableFuture@3c0b598c[Not completed]
2019-10-04 18:12:22,274 [grpc-default-executor-9] INFO  impl.RaftServerProxy (RaftServerProxy.java:addNew(89)) - f4b34e38-07a5-4f57-a56b-ef1c9e62ea1c: addNew group-D2114FC2E457:[f4b34e38-07a5-4f57-a56b-ef1c9e62ea1c:192.168.151.69:32845, 30aa774f-29ca-4455-b4d5-5ed245058eaf:192.168.151.69:44321, 98891705-e38f-42f0-9b87-1c4b8c7821c0:192.168.151.69:45801] returns group-D2114FC2E457:java.util.concurrent.CompletableFuture@478e733c[Not completed]
2019-10-04 18:12:22,275 [grpc-default-executor-12] INFO  impl.RaftServerProxy (RaftServerProxy.java:addNew(89)) - 98891705-e38f-42f0-9b87-1c4b8c7821c0: addNew group-D2114FC2E457:[f4b34e38-07a5-4f57-a56b-ef1c9e62ea1c:192.168.151.69:32845, 30aa774f-29ca-4455-b4d5-5ed245058eaf:192.168.151.69:44321, 98891705-e38f-42f0-9b87-1c4b8c7821c0:192.168.151.69:45801] returns group-D2114FC2E457:java.util.concurrent.CompletableFuture@64427928[Not completed]
2019-10-04 18:12:22,275 [pool-449-thread-1] INFO  impl.RaftServerImpl (RaftServerImpl.java:<init>(95)) - 30aa774f-29ca-4455-b4d5-5ed245058eaf: new RaftServerImpl for group-D2114FC2E457:[f4b34e38-07a5-4f57-a56b-ef1c9e62ea1c:192.168.151.69:32845, 30aa774f-29ca-4455-b4d5-5ed245058eaf:192.168.151.69:44321, 98891705-e38f-42f0-9b87-1c4b8c7821c0:192.168.151.69:45801] with ContainerStateMachine:uninitialized
2019-10-04 18:12:22,275 [pool-449-thread-1] INFO  server.RaftServerConfigKeys (ConfUtils.java:logGet(43)) - raft.server.rpc.timeout.min = 5s (custom)
2019-10-04 18:12:22,275 [pool-449-thread-1] INFO  server.RaftServerConfigKeys (ConfUtils.java:logGet(43)) - raft.server.rpc.timeout.max = 5200ms (custom)
2019-10-04 18:12:22,276 [pool-449-thread-1] INFO  server.RaftServerConfigKeys (ConfUtils.java:logGet(43)) - raft.server.rpcslowness.timeout = 120s (custom)
2019-10-04 18:12:22,276 [pool-449-thread-1] INFO  server.RaftServerConfigKeys (ConfUtils.java:logGet(43)) - raft.server.sleep.deviation.threshold = 300 (default)
2019-10-04 18:12:22,276 [pool-449-thread-1] INFO  server.RaftServerConfigKeys (ConfUtils.java:logGet(43)) - raft.server.log.appender.install.snapshot.enabled = false (custom)
2019-10-04 18:12:22,276 [pool-449-thread-1] INFO  impl.RaftServerImpl (ServerState.java:<init>(103)) - 30aa774f-29ca-4455-b4d5-5ed245058eaf@group-D2114FC2E457: ConfigurationManager, init=-1: [f4b34e38-07a5-4f57-a56b-ef1c9e62ea1c:192.168.151.69:32845, 30aa774f-29ca-4455-b4d5-5ed245058eaf:192.168.151.69:44321, 98891705-e38f-42f0-9b87-1c4b8c7821c0:192.168.151.69:45801], old=null, confs=<EMPTY_MAP>
2019-10-04 18:12:22,276 [pool-449-thread-1] INFO  server.RaftServerConfigKeys (ConfUtils.java:logGet(43)) - raft.server.storage.dir = [/workdir/hadoop-ozone/integration-test/target/test-dir/MiniOzoneClusterImpl-dcee263f-6b07-4fee-9faf-1f5df40be807/datanode-4/data/ratis] (custom)
2019-10-04 18:12:22,276 [pool-439-thread-1] INFO  impl.RaftServerImpl (RaftServerImpl.java:<init>(95)) - f4b34e38-07a5-4f57-a56b-ef1c9e62ea1c: new RaftServerImpl for group-D2114FC2E457:[f4b34e38-07a5-4f57-a56b-ef1c9e62ea1c:192.168.151.69:32845, 30aa774f-29ca-4455-b4d5-5ed245058eaf:192.168.151.69:44321, 98891705-e38f-42f0-9b87-1c4b8c7821c0:192.168.151.69:45801] with ContainerStateMachine:uninitialized
2019-10-04 18:12:22,276 [pool-449-thread-1] INFO  server.RaftServerConfigKeys (ConfUtils.java:logGet(43)) - raft.server.log.corruption.policy = EXCEPTION (default)
2019-10-04 18:12:22,276 [pool-439-thread-1] INFO  server.RaftServerConfigKeys (ConfUtils.java:logGet(43)) - raft.server.rpc.timeout.min = 5s (custom)
2019-10-04 18:12:22,276 [pool-449-thread-1] INFO  storage.RaftStorageDirectory (RaftStorageDirectory.java:analyzeStorage(246)) - The storage directory /workdir/hadoop-ozone/integration-test/target/test-dir/MiniOzoneClusterImpl-dcee263f-6b07-4fee-9faf-1f5df40be807/datanode-4/data/ratis/8e0393c3-81be-4c57-be57-d2114fc2e457 does not exist. Creating ...
2019-10-04 18:12:22,276 [pool-439-thread-1] INFO  server.RaftServerConfigKeys (ConfUtils.java:logGet(43)) - raft.server.rpc.timeout.max = 5200ms (custom)
2019-10-04 18:12:22,277 [pool-439-thread-1] INFO  server.RaftServerConfigKeys (ConfUtils.java:logGet(43)) - raft.server.rpcslowness.timeout = 120s (custom)
2019-10-04 18:12:22,277 [pool-439-thread-1] INFO  server.RaftServerConfigKeys (ConfUtils.java:logGet(43)) - raft.server.sleep.deviation.threshold = 300 (default)
2019-10-04 18:12:22,277 [pool-439-thread-1] INFO  server.RaftServerConfigKeys (ConfUtils.java:logGet(43)) - raft.server.log.appender.install.snapshot.enabled = false (custom)
2019-10-04 18:12:22,277 [pool-459-thread-1] INFO  impl.RaftServerImpl (RaftServerImpl.java:<init>(95)) - 98891705-e38f-42f0-9b87-1c4b8c7821c0: new RaftServerImpl for group-D2114FC2E457:[f4b34e38-07a5-4f57-a56b-ef1c9e62ea1c:192.168.151.69:32845, 30aa774f-29ca-4455-b4d5-5ed245058eaf:192.168.151.69:44321, 98891705-e38f-42f0-9b87-1c4b8c7821c0:192.168.151.69:45801] with ContainerStateMachine:uninitialized
2019-10-04 18:12:22,277 [pool-439-thread-1] INFO  impl.RaftServerImpl (ServerState.java:<init>(103)) - f4b34e38-07a5-4f57-a56b-ef1c9e62ea1c@group-D2114FC2E457: ConfigurationManager, init=-1: [f4b34e38-07a5-4f57-a56b-ef1c9e62ea1c:192.168.151.69:32845, 30aa774f-29ca-4455-b4d5-5ed245058eaf:192.168.151.69:44321, 98891705-e38f-42f0-9b87-1c4b8c7821c0:192.168.151.69:45801], old=null, confs=<EMPTY_MAP>
2019-10-04 18:12:22,277 [pool-459-thread-1] INFO  server.RaftServerConfigKeys (ConfUtils.java:logGet(43)) - raft.server.rpc.timeout.min = 5s (custom)
2019-10-04 18:12:22,277 [pool-439-thread-1] INFO  server.RaftServerConfigKeys (ConfUtils.java:logGet(43)) - raft.server.storage.dir = [/workdir/hadoop-ozone/integration-test/target/test-dir/MiniOzoneClusterImpl-dcee263f-6b07-4fee-9faf-1f5df40be807/datanode-3/data/ratis] (custom)
2019-10-04 18:12:22,278 [pool-459-thread-1] INFO  server.RaftServerConfigKeys (ConfUtils.java:logGet(43)) - raft.server.rpc.timeout.max = 5200ms (custom)
2019-10-04 18:12:22,278 [pool-459-thread-1] INFO  server.RaftServerConfigKeys (ConfUtils.java:logGet(43)) - raft.server.rpcslowness.timeout = 120s (custom)
2019-10-04 18:12:22,278 [pool-439-thread-1] INFO  server.RaftServerConfigKeys (ConfUtils.java:logGet(43)) - raft.server.log.corruption.policy = EXCEPTION (default)
2019-10-04 18:12:22,278 [pool-459-thread-1] INFO  server.RaftServerConfigKeys (ConfUtils.java:logGet(43)) - raft.server.sleep.deviation.threshold = 300 (default)
2019-10-04 18:12:22,278 [pool-439-thread-1] INFO  storage.RaftStorageDirectory (RaftStorageDirectory.java:analyzeStorage(246)) - The storage directory /workdir/hadoop-ozone/integration-test/target/test-dir/MiniOzoneClusterImpl-dcee263f-6b07-4fee-9faf-1f5df40be807/datanode-3/data/ratis/8e0393c3-81be-4c57-be57-d2114fc2e457 does not exist. Creating ...
2019-10-04 18:12:22,278 [pool-459-thread-1] INFO  server.RaftServerConfigKeys (ConfUtils.java:logGet(43)) - raft.server.log.appender.install.snapshot.enabled = false (custom)
2019-10-04 18:12:22,279 [pool-459-thread-1] INFO  impl.RaftServerImpl (ServerState.java:<init>(103)) - 98891705-e38f-42f0-9b87-1c4b8c7821c0@group-D2114FC2E457: ConfigurationManager, init=-1: [f4b34e38-07a5-4f57-a56b-ef1c9e62ea1c:192.168.151.69:32845, 30aa774f-29ca-4455-b4d5-5ed245058eaf:192.168.151.69:44321, 98891705-e38f-42f0-9b87-1c4b8c7821c0:192.168.151.69:45801], old=null, confs=<EMPTY_MAP>
2019-10-04 18:12:22,279 [pool-459-thread-1] INFO  server.RaftServerConfigKeys (ConfUtils.java:logGet(43)) - raft.server.storage.dir = [/workdir/hadoop-ozone/integration-test/target/test-dir/MiniOzoneClusterImpl-dcee263f-6b07-4fee-9faf-1f5df40be807/datanode-5/data/ratis] (custom)
2019-10-04 18:12:22,279 [pool-459-thread-1] INFO  server.RaftServerConfigKeys (ConfUtils.java:logGet(43)) - raft.server.log.corruption.policy = EXCEPTION (default)
2019-10-04 18:12:22,279 [pool-459-thread-1] INFO  storage.RaftStorageDirectory (RaftStorageDirectory.java:analyzeStorage(246)) - The storage directory /workdir/hadoop-ozone/integration-test/target/test-dir/MiniOzoneClusterImpl-dcee263f-6b07-4fee-9faf-1f5df40be807/datanode-5/data/ratis/8e0393c3-81be-4c57-be57-d2114fc2e457 does not exist. Creating ...
2019-10-04 18:12:22,288 [IPC Server handler 0 on 45067] INFO  net.NetworkTopology (NetworkTopologyImpl.java:add(111)) - Added a new node: /default-rack/9b7f7b1e-08bf-4136-ac45-f9e0422d1a4c
2019-10-04 18:12:22,288 [IPC Server handler 0 on 45067] INFO  node.SCMNodeManager (SCMNodeManager.java:register(268)) - Registered Data node : 9b7f7b1e-08bf-4136-ac45-f9e0422d1a4c{ip: 192.168.151.69, host: pr-hdds-2251-hdm2b-3409562618, networkLocation: /default-rack, certSerialId: null}
2019-10-04 18:12:22,289 [main] INFO  ozone.MiniOzoneClusterImpl (MiniOzoneClusterImpl.java:lambda$waitForClusterToBeReady$0(147)) - Cluster is ready. Got 7 of 7 DN Heartbeats.
2019-10-04 18:12:22,290 [pool-449-thread-1] INFO  storage.RaftStorageDirectory (RaftStorageDirectory.java:tryLock(328)) - Lock on /workdir/hadoop-ozone/integration-test/target/test-dir/MiniOzoneClusterImpl-dcee263f-6b07-4fee-9faf-1f5df40be807/datanode-4/data/ratis/8e0393c3-81be-4c57-be57-d2114fc2e457/in_use.lock acquired by nodename 19830@pr-hdds-2251-hdm2b-3409562618
2019-10-04 18:12:22,290 [pool-459-thread-1] INFO  storage.RaftStorageDirectory (RaftStorageDirectory.java:tryLock(328)) - Lock on /workdir/hadoop-ozone/integration-test/target/test-dir/MiniOzoneClusterImpl-dcee263f-6b07-4fee-9faf-1f5df40be807/datanode-5/data/ratis/8e0393c3-81be-4c57-be57-d2114fc2e457/in_use.lock acquired by nodename 19830@pr-hdds-2251-hdm2b-3409562618
2019-10-04 18:12:22,290 [pool-439-thread-1] INFO  storage.RaftStorageDirectory (RaftStorageDirectory.java:tryLock(328)) - Lock on /workdir/hadoop-ozone/integration-test/target/test-dir/MiniOzoneClusterImpl-dcee263f-6b07-4fee-9faf-1f5df40be807/datanode-3/data/ratis/8e0393c3-81be-4c57-be57-d2114fc2e457/in_use.lock acquired by nodename 19830@pr-hdds-2251-hdm2b-3409562618
2019-10-04 18:12:22,307 [pool-439-thread-1] INFO  storage.RaftStorage (RaftStorage.java:format(84)) - Storage directory /workdir/hadoop-ozone/integration-test/target/test-dir/MiniOzoneClusterImpl-dcee263f-6b07-4fee-9faf-1f5df40be807/datanode-3/data/ratis/8e0393c3-81be-4c57-be57-d2114fc2e457 has been successfully formatted.
2019-10-04 18:12:22,307 [pool-449-thread-1] INFO  storage.RaftStorage (RaftStorage.java:format(84)) - Storage directory /workdir/hadoop-ozone/integration-test/target/test-dir/MiniOzoneClusterImpl-dcee263f-6b07-4fee-9faf-1f5df40be807/datanode-4/data/ratis/8e0393c3-81be-4c57-be57-d2114fc2e457 has been successfully formatted.
2019-10-04 18:12:22,308 [pool-439-thread-1] INFO  ratis.ContainerStateMachine (ContainerStateMachine.java:loadSnapshot(230)) - group-D2114FC2E457: The snapshot info is null. Setting the last applied indexto:(t:0, i:~)
2019-10-04 18:12:22,314 [pool-439-thread-1] INFO  server.RaftServerConfigKeys (ConfUtils.java:logGet(43)) - raft.server.notification.no-leader.timeout = 120s (custom)
2019-10-04 18:12:22,308 [pool-459-thread-1] INFO  storage.RaftStorage (RaftStorage.java:format(84)) - Storage directory /workdir/hadoop-ozone/integration-test/target/test-dir/MiniOzoneClusterImpl-dcee263f-6b07-4fee-9faf-1f5df40be807/datanode-5/data/ratis/8e0393c3-81be-4c57-be57-d2114fc2e457 has been successfully formatted.
2019-10-04 18:12:22,308 [pool-449-thread-1] INFO  ratis.ContainerStateMachine (ContainerStateMachine.java:loadSnapshot(230)) - group-D2114FC2E457: The snapshot info is null. Setting the last applied indexto:(t:0, i:~)
2019-10-04 18:12:22,317 [pool-439-thread-1] INFO  server.RaftServerConfigKeys (ConfUtils.java:logGet(43)) - raft.server.log.use.memory = false (default)
2019-10-04 18:12:22,317 [pool-459-thread-1] INFO  ratis.ContainerStateMachine (ContainerStateMachine.java:loadSnapshot(230)) - group-D2114FC2E457: The snapshot info is null. Setting the last applied indexto:(t:0, i:~)
2019-10-04 18:12:22,317 [pool-449-thread-1] INFO  server.RaftServerConfigKeys (ConfUtils.java:logGet(43)) - raft.server.notification.no-leader.timeout = 120s (custom)
2019-10-04 18:12:22,317 [pool-459-thread-1] INFO  server.RaftServerConfigKeys (ConfUtils.java:logGet(43)) - raft.server.notification.no-leader.timeout = 120s (custom)
2019-10-04 18:12:22,317 [pool-439-thread-1] INFO  server.RaftServerConfigKeys (ConfUtils.java:logGet(43)) - raft.server.log.purge.gap = 1000000 (custom)
2019-10-04 18:12:22,318 [pool-459-thread-1] INFO  server.RaftServerConfigKeys (ConfUtils.java:logGet(43)) - raft.server.log.use.memory = false (default)
2019-10-04 18:12:22,317 [pool-449-thread-1] INFO  server.RaftServerConfigKeys (ConfUtils.java:logGet(43)) - raft.server.log.use.memory = false (default)
2019-10-04 18:12:22,318 [pool-459-thread-1] INFO  server.RaftServerConfigKeys (ConfUtils.java:logGet(43)) - raft.server.log.purge.gap = 1000000 (custom)
2019-10-04 18:12:22,318 [pool-439-thread-1] INFO  server.RaftServerConfigKeys (ConfUtils.java:logGet(43)) - raft.server.log.appender.buffer.byte-limit = 33554432 (custom)
2019-10-04 18:12:22,323 [pool-459-thread-1] INFO  server.RaftServerConfigKeys (ConfUtils.java:logGet(43)) - raft.server.log.appender.buffer.byte-limit = 33554432 (custom)
2019-10-04 18:12:22,322 [pool-449-thread-1] INFO  server.RaftServerConfigKeys (ConfUtils.java:logGet(43)) - raft.server.log.purge.gap = 1000000 (custom)
2019-10-04 18:12:22,323 [pool-459-thread-1] INFO  server.RaftServerConfigKeys (ConfUtils.java:logGet(43)) - raft.server.log.segment.size.max = 1048576 (custom)
2019-10-04 18:12:22,323 [pool-439-thread-1] INFO  server.RaftServerConfigKeys (ConfUtils.java:logGet(43)) - raft.server.log.segment.size.max = 1048576 (custom)
2019-10-04 18:12:22,323 [pool-459-thread-1] INFO  server.RaftServerConfigKeys (ConfUtils.java:logGet(43)) - raft.server.log.segment.cache.num.max = 2 (custom)
2019-10-04 18:12:22,323 [pool-449-thread-1] INFO  server.RaftServerConfigKeys (ConfUtils.java:logGet(43)) - raft.server.log.appender.buffer.byte-limit = 33554432 (custom)
2019-10-04 18:12:22,323 [pool-459-thread-1] INFO  segmented.SegmentedRaftLogWorker (SegmentedRaftLogWorker.java:<init>(173)) - new 98891705-e38f-42f0-9b87-1c4b8c7821c0@group-D2114FC2E457-SegmentedRaftLogWorker for RaftStorage:Storage Directory /workdir/hadoop-ozone/integration-test/target/test-dir/MiniOzoneClusterImpl-dcee263f-6b07-4fee-9faf-1f5df40be807/datanode-5/data/ratis/8e0393c3-81be-4c57-be57-d2114fc2e457
2019-10-04 18:12:22,323 [pool-439-thread-1] INFO  server.RaftServerConfigKeys (ConfUtils.java:logGet(43)) - raft.server.log.segment.cache.num.max = 2 (custom)
2019-10-04 18:12:22,324 [pool-459-thread-1] INFO  server.RaftServerConfigKeys (ConfUtils.java:logGet(43)) - raft.server.log.queue.byte-limit = 2147483647 (custom)
2019-10-04 18:12:22,323 [pool-449-thread-1] INFO  server.RaftServerConfigKeys (ConfUtils.java:logGet(43)) - raft.server.log.segment.size.max = 1048576 (custom)
2019-10-04 18:12:22,324 [pool-459-thread-1] INFO  server.RaftServerConfigKeys (ConfUtils.java:logGet(43)) - raft.server.log.queue.element-limit = 1024 (custom)
2019-10-04 18:12:22,324 [pool-439-thread-1] INFO  segmented.SegmentedRaftLogWorker (SegmentedRaftLogWorker.java:<init>(173)) - new f4b34e38-07a5-4f57-a56b-ef1c9e62ea1c@group-D2114FC2E457-SegmentedRaftLogWorker for RaftStorage:Storage Directory /workdir/hadoop-ozone/integration-test/target/test-dir/MiniOzoneClusterImpl-dcee263f-6b07-4fee-9faf-1f5df40be807/datanode-3/data/ratis/8e0393c3-81be-4c57-be57-d2114fc2e457
2019-10-04 18:12:22,324 [pool-459-thread-1] INFO  server.RaftServerConfigKeys (ConfUtils.java:logGet(43)) - raft.server.log.segment.size.max = 1048576 (custom)
2019-10-04 18:12:22,324 [pool-449-thread-1] INFO  server.RaftServerConfigKeys (ConfUtils.java:logGet(43)) - raft.server.log.segment.cache.num.max = 2 (custom)
2019-10-04 18:12:22,324 [pool-459-thread-1] INFO  server.RaftServerConfigKeys (ConfUtils.java:logGet(43)) - raft.server.log.preallocated.size = 16384 (custom)
2019-10-04 18:12:22,324 [pool-439-thread-1] INFO  server.RaftServerConfigKeys (ConfUtils.java:logGet(43)) - raft.server.log.queue.byte-limit = 2147483647 (custom)
2019-10-04 18:12:22,327 [pool-459-thread-1] INFO  server.RaftServerConfigKeys (ConfUtils.java:logGet(43)) - raft.server.log.write.buffer.size = 33554432 (custom)
2019-10-04 18:12:22,324 [pool-449-thread-1] INFO  segmented.SegmentedRaftLogWorker (SegmentedRaftLogWorker.java:<init>(173)) - new 30aa774f-29ca-4455-b4d5-5ed245058eaf@group-D2114FC2E457-SegmentedRaftLogWorker for RaftStorage:Storage Directory /workdir/hadoop-ozone/integration-test/target/test-dir/MiniOzoneClusterImpl-dcee263f-6b07-4fee-9faf-1f5df40be807/datanode-4/data/ratis/8e0393c3-81be-4c57-be57-d2114fc2e457
2019-10-04 18:12:22,331 [pool-459-thread-1] INFO  server.RaftServerConfigKeys (ConfUtils.java:logGet(43)) - raft.server.log.force.sync.num = 128 (default)
2019-10-04 18:12:22,327 [pool-439-thread-1] INFO  server.RaftServerConfigKeys (ConfUtils.java:logGet(43)) - raft.server.log.queue.element-limit = 1024 (custom)
2019-10-04 18:12:22,332 [pool-459-thread-1] INFO  server.RaftServerConfigKeys (ConfUtils.java:logGet(43)) - raft.server.log.statemachine.data.sync = true (default)
2019-10-04 18:12:22,331 [pool-449-thread-1] INFO  server.RaftServerConfigKeys (ConfUtils.java:logGet(43)) - raft.server.log.queue.byte-limit = 2147483647 (custom)
2019-10-04 18:12:22,332 [pool-459-thread-1] INFO  server.RaftServerConfigKeys (ConfUtils.java:logGet(43)) - raft.server.log.statemachine.data.sync.timeout = 10s (default)
2019-10-04 18:12:22,332 [pool-439-thread-1] INFO  server.RaftServerConfigKeys (ConfUtils.java:logGet(43)) - raft.server.log.segment.size.max = 1048576 (custom)
2019-10-04 18:12:22,332 [pool-459-thread-1] INFO  server.RaftServerConfigKeys (ConfUtils.java:logGet(43)) - raft.server.log.statemachine.data.sync.timeout.retry = -1 (default)
2019-10-04 18:12:22,332 [pool-449-thread-1] INFO  server.RaftServerConfigKeys (ConfUtils.java:logGet(43)) - raft.server.log.queue.element-limit = 1024 (custom)
2019-10-04 18:12:22,333 [pool-459-thread-1] INFO  server.RaftServerConfigKeys (ConfUtils.java:logGet(43)) - raft.server.log.statemachine.data.caching.enabled = true (custom)
2019-10-04 18:12:22,332 [pool-439-thread-1] INFO  server.RaftServerConfigKeys (ConfUtils.java:logGet(43)) - raft.server.log.preallocated.size = 16384 (custom)
2019-10-04 18:12:22,333 [main] INFO  rpc.RpcClient (RpcClient.java:createVolume(277)) - Creating Volume: testblockoutputstream, with jenkins1000 as owner.
2019-10-04 18:12:22,333 [pool-449-thread-1] INFO  server.RaftServerConfigKeys (ConfUtils.java:logGet(43)) - raft.server.log.segment.size.max = 1048576 (custom)
2019-10-04 18:12:22,333 [pool-459-thread-1] INFO  segmented.SegmentedRaftLogWorker (SegmentedRaftLogWorker.java:lambda$new$0(128)) - 98891705-e38f-42f0-9b87-1c4b8c7821c0@group-D2114FC2E457-SegmentedRaftLogWorker: flushIndex: setUnconditionally 0 -> -1
2019-10-04 18:12:22,333 [pool-439-thread-1] INFO  server.RaftServerConfigKeys (ConfUtils.java:logGet(43)) - raft.server.log.write.buffer.size = 33554432 (custom)
2019-10-04 18:12:22,333 [pool-449-thread-1] INFO  server.RaftServerConfigKeys (ConfUtils.java:logGet(43)) - raft.server.log.preallocated.size = 16384 (custom)
2019-10-04 18:12:22,334 [pool-439-thread-1] INFO  server.RaftServerConfigKeys (ConfUtils.java:logGet(43)) - raft.server.log.force.sync.num = 128 (default)
2019-10-04 18:12:22,334 [pool-459-thread-1] INFO  server.RaftServerConfigKeys (ConfUtils.java:logGet(43)) - raft.server.snapshot.auto.trigger.enabled = true (custom)
2019-10-04 18:12:22,334 [pool-449-thread-1] INFO  server.RaftServerConfigKeys (ConfUtils.java:logGet(43)) - raft.server.log.write.buffer.size = 33554432 (custom)
2019-10-04 18:12:22,334 [pool-459-thread-1] INFO  server.RaftServerConfigKeys (ConfUtils.java:logGet(43)) - raft.server.snapshot.auto.trigger.threshold = 10000 (custom)
2019-10-04 18:12:22,334 [pool-439-thread-1] INFO  server.RaftServerConfigKeys (ConfUtils.java:logGet(43)) - raft.server.log.statemachine.data.sync = true (default)
2019-10-04 18:12:22,334 [pool-459-thread-1] INFO  server.RaftServerConfigKeys (ConfUtils.java:logGet(43)) - raft.server.snapshot.retention.file.num = 5 (custom)
2019-10-04 18:12:22,334 [pool-449-thread-1] INFO  server.RaftServerConfigKeys (ConfUtils.java:logGet(43)) - raft.server.log.force.sync.num = 128 (default)
2019-10-04 18:12:22,335 [pool-459-thread-1] INFO  server.RaftServerConfigKeys (ConfUtils.java:logGet(43)) - raft.server.retrycache.expirytime = 600000ms (custom)
2019-10-04 18:12:22,334 [pool-439-thread-1] INFO  server.RaftServerConfigKeys (ConfUtils.java:logGet(43)) - raft.server.log.statemachine.data.sync.timeout = 10s (default)
2019-10-04 18:12:22,335 [pool-449-thread-1] INFO  server.RaftServerConfigKeys (ConfUtils.java:logGet(43)) - raft.server.log.statemachine.data.sync = true (default)
2019-10-04 18:12:22,335 [pool-439-thread-1] INFO  server.RaftServerConfigKeys (ConfUtils.java:logGet(43)) - raft.server.log.statemachine.data.sync.timeout.retry = -1 (default)
2019-10-04 18:12:22,335 [pool-449-thread-1] INFO  server.RaftServerConfigKeys (ConfUtils.java:logGet(43)) - raft.server.log.statemachine.data.sync.timeout = 10s (default)
2019-10-04 18:12:22,335 [pool-449-thread-1] INFO  server.RaftServerConfigKeys (ConfUtils.java:logGet(43)) - raft.server.log.statemachine.data.sync.timeout.retry = -1 (default)
2019-10-04 18:12:22,335 [pool-439-thread-1] INFO  server.RaftServerConfigKeys (ConfUtils.java:logGet(43)) - raft.server.log.statemachine.data.caching.enabled = true (custom)
2019-10-04 18:12:22,336 [pool-449-thread-1] INFO  server.RaftServerConfigKeys (ConfUtils.java:logGet(43)) - raft.server.log.statemachine.data.caching.enabled = true (custom)
2019-10-04 18:12:22,336 [pool-439-thread-1] INFO  segmented.SegmentedRaftLogWorker (SegmentedRaftLogWorker.java:lambda$new$0(128)) - f4b34e38-07a5-4f57-a56b-ef1c9e62ea1c@group-D2114FC2E457-SegmentedRaftLogWorker: flushIndex: setUnconditionally 0 -> -1
2019-10-04 18:12:22,336 [pool-449-thread-1] INFO  segmented.SegmentedRaftLogWorker (SegmentedRaftLogWorker.java:lambda$new$0(128)) - 30aa774f-29ca-4455-b4d5-5ed245058eaf@group-D2114FC2E457-SegmentedRaftLogWorker: flushIndex: setUnconditionally 0 -> -1
2019-10-04 18:12:22,336 [pool-439-thread-1] INFO  server.RaftServerConfigKeys (ConfUtils.java:logGet(43)) - raft.server.snapshot.auto.trigger.enabled = true (custom)
2019-10-04 18:12:22,336 [pool-449-thread-1] INFO  server.RaftServerConfigKeys (ConfUtils.java:logGet(43)) - raft.server.snapshot.auto.trigger.enabled = true (custom)
2019-10-04 18:12:22,336 [pool-439-thread-1] INFO  server.RaftServerConfigKeys (ConfUtils.java:logGet(43)) - raft.server.snapshot.auto.trigger.threshold = 10000 (custom)
2019-10-04 18:12:22,336 [pool-449-thread-1] INFO  server.RaftServerConfigKeys (ConfUtils.java:logGet(43)) - raft.server.snapshot.auto.trigger.threshold = 10000 (custom)
2019-10-04 18:12:22,336 [pool-439-thread-1] INFO  server.RaftServerConfigKeys (ConfUtils.java:logGet(43)) - raft.server.snapshot.retention.file.num = 5 (custom)
2019-10-04 18:12:22,336 [pool-449-thread-1] INFO  server.RaftServerConfigKeys (ConfUtils.java:logGet(43)) - raft.server.snapshot.retention.file.num = 5 (custom)
2019-10-04 18:12:22,337 [pool-439-thread-1] INFO  server.RaftServerConfigKeys (ConfUtils.java:logGet(43)) - raft.server.retrycache.expirytime = 600000ms (custom)
2019-10-04 18:12:22,337 [pool-449-thread-1] INFO  server.RaftServerConfigKeys (ConfUtils.java:logGet(43)) - raft.server.retrycache.expirytime = 600000ms (custom)
2019-10-04 18:12:22,337 [pool-459-thread-1] INFO  impl.RaftServerImpl (RaftServerImpl.java:start(181)) - 98891705-e38f-42f0-9b87-1c4b8c7821c0@group-D2114FC2E457: start as a follower, conf=-1: [f4b34e38-07a5-4f57-a56b-ef1c9e62ea1c:192.168.151.69:32845, 30aa774f-29ca-4455-b4d5-5ed245058eaf:192.168.151.69:44321, 98891705-e38f-42f0-9b87-1c4b8c7821c0:192.168.151.69:45801], old=null
2019-10-04 18:12:22,337 [pool-459-thread-1] INFO  impl.RaftServerImpl (RaftServerImpl.java:setRole(170)) - 98891705-e38f-42f0-9b87-1c4b8c7821c0@group-D2114FC2E457: changes role from      null to FOLLOWER at term 0 for startAsFollower
2019-10-04 18:12:22,337 [pool-459-thread-1] INFO  impl.RoleInfo (RoleInfo.java:updateAndGet(143)) - 98891705-e38f-42f0-9b87-1c4b8c7821c0: start FollowerState
2019-10-04 18:12:22,338 [IPC Server handler 1 on 33376] INFO  volume.OMVolumeCreateRequest (OMVolumeCreateRequest.java:validateAndUpdateCache(193)) - created volume:testblockoutputstream for user:jenkins1000
2019-10-04 18:12:22,338 [pool-459-thread-1] INFO  util.JmxRegister (JmxRegister.java:tryRegister(44)) - Successfully registered JMX Bean with object name Ratis:service=RaftServer,group=group-D2114FC2E457,id=98891705-e38f-42f0-9b87-1c4b8c7821c0
2019-10-04 18:12:22,342 [pool-439-thread-1] INFO  impl.RaftServerImpl (RaftServerImpl.java:start(181)) - f4b34e38-07a5-4f57-a56b-ef1c9e62ea1c@group-D2114FC2E457: start as a follower, conf=-1: [f4b34e38-07a5-4f57-a56b-ef1c9e62ea1c:192.168.151.69:32845, 30aa774f-29ca-4455-b4d5-5ed245058eaf:192.168.151.69:44321, 98891705-e38f-42f0-9b87-1c4b8c7821c0:192.168.151.69:45801], old=null
2019-10-04 18:12:22,342 [pool-439-thread-1] INFO  impl.RaftServerImpl (RaftServerImpl.java:setRole(170)) - f4b34e38-07a5-4f57-a56b-ef1c9e62ea1c@group-D2114FC2E457: changes role from      null to FOLLOWER at term 0 for startAsFollower
2019-10-04 18:12:22,342 [pool-449-thread-1] INFO  impl.RaftServerImpl (RaftServerImpl.java:start(181)) - 30aa774f-29ca-4455-b4d5-5ed245058eaf@group-D2114FC2E457: start as a follower, conf=-1: [f4b34e38-07a5-4f57-a56b-ef1c9e62ea1c:192.168.151.69:32845, 30aa774f-29ca-4455-b4d5-5ed245058eaf:192.168.151.69:44321, 98891705-e38f-42f0-9b87-1c4b8c7821c0:192.168.151.69:45801], old=null
2019-10-04 18:12:22,342 [pool-439-thread-1] INFO  impl.RoleInfo (RoleInfo.java:updateAndGet(143)) - f4b34e38-07a5-4f57-a56b-ef1c9e62ea1c: start FollowerState
2019-10-04 18:12:22,342 [pool-449-thread-1] INFO  impl.RaftServerImpl (RaftServerImpl.java:setRole(170)) - 30aa774f-29ca-4455-b4d5-5ed245058eaf@group-D2114FC2E457: changes role from      null to FOLLOWER at term 0 for startAsFollower
2019-10-04 18:12:22,349 [pool-449-thread-1] INFO  impl.RoleInfo (RoleInfo.java:updateAndGet(143)) - 30aa774f-29ca-4455-b4d5-5ed245058eaf: start FollowerState
2019-10-04 18:12:22,351 [pool-439-thread-1] INFO  util.JmxRegister (JmxRegister.java:tryRegister(44)) - Successfully registered JMX Bean with object name Ratis:service=RaftServer,group=group-D2114FC2E457,id=f4b34e38-07a5-4f57-a56b-ef1c9e62ea1c
2019-10-04 18:12:22,352 [pool-449-thread-1] INFO  util.JmxRegister (JmxRegister.java:tryRegister(44)) - Successfully registered JMX Bean with object name Ratis:service=RaftServer,group=group-D2114FC2E457,id=30aa774f-29ca-4455-b4d5-5ed245058eaf
2019-10-04 18:12:22,352 [main] INFO  rpc.RpcClient (RpcClient.java:createBucket(416)) - Creating Bucket: testblockoutputstream/testblockoutputstream, with Versioning false and Storage Type set to DISK and Encryption set to false 
2019-10-04 18:12:22,365 [RatisPipelineUtilsThread] INFO  pipeline.PipelineStateManager (PipelineStateManager.java:addPipeline(56)) - Created pipeline Pipeline[ Id: 8e0393c3-81be-4c57-be57-d2114fc2e457, Nodes: f4b34e38-07a5-4f57-a56b-ef1c9e62ea1c{ip: 192.168.151.69, host: pr-hdds-2251-hdm2b-3409562618, networkLocation: /default-rack, certSerialId: null}30aa774f-29ca-4455-b4d5-5ed245058eaf{ip: 192.168.151.69, host: pr-hdds-2251-hdm2b-3409562618, networkLocation: /default-rack, certSerialId: null}98891705-e38f-42f0-9b87-1c4b8c7821c0{ip: 192.168.151.69, host: pr-hdds-2251-hdm2b-3409562618, networkLocation: /default-rack, certSerialId: null}, Type:RATIS, Factor:THREE, State:OPEN]
2019-10-04 18:12:24,841 [Thread-3019] INFO  container.ReplicationManager (ReplicationManager.java:start(162)) - Starting Replication Monitor Thread.
2019-10-04 18:12:24,846 [ReplicationMonitor] INFO  container.ReplicationManager (ReplicationManager.java:run(225)) - Replication Monitor Thread took 1 milliseconds for processing 1 containers.
2019-10-04 18:12:27,004 [Thread-3021] INFO  impl.FollowerState (FollowerState.java:run(108)) - d268aedf-d4e8-4f2f-a332-db241945baf3@group-D69E9C0750AE-FollowerState: change to CANDIDATE, lastRpcTime:5116ms, electionTimeout:5116ms
2019-10-04 18:12:27,005 [Thread-3021] INFO  impl.RoleInfo (RoleInfo.java:shutdownFollowerState(121)) - d268aedf-d4e8-4f2f-a332-db241945baf3: shutdown FollowerState
2019-10-04 18:12:27,005 [Thread-3021] INFO  impl.RaftServerImpl (RaftServerImpl.java:setRole(170)) - d268aedf-d4e8-4f2f-a332-db241945baf3@group-D69E9C0750AE: changes role from  FOLLOWER to CANDIDATE at term 0 for changeToCandidate
2019-10-04 18:12:27,005 [Thread-3021] INFO  impl.RoleInfo (RoleInfo.java:updateAndGet(143)) - d268aedf-d4e8-4f2f-a332-db241945baf3: start LeaderElection
2019-10-04 18:12:27,028 [d268aedf-d4e8-4f2f-a332-db241945baf3@group-D69E9C0750AE-LeaderElection57] INFO  impl.LeaderElection (LeaderElection.java:askForVotes(178)) - d268aedf-d4e8-4f2f-a332-db241945baf3@group-D69E9C0750AE-LeaderElection57: begin an election at term 1 for -1: [d268aedf-d4e8-4f2f-a332-db241945baf3:192.168.151.69:45274], old=null
2019-10-04 18:12:27,028 [d268aedf-d4e8-4f2f-a332-db241945baf3@group-D69E9C0750AE-LeaderElection57] INFO  impl.RoleInfo (RoleInfo.java:shutdownLeaderElection(134)) - d268aedf-d4e8-4f2f-a332-db241945baf3: shutdown LeaderElection
2019-10-04 18:12:27,028 [d268aedf-d4e8-4f2f-a332-db241945baf3@group-D69E9C0750AE-LeaderElection57] INFO  impl.RaftServerImpl (RaftServerImpl.java:setRole(170)) - d268aedf-d4e8-4f2f-a332-db241945baf3@group-D69E9C0750AE: changes role from CANDIDATE to LEADER at term 1 for changeToLeader
2019-10-04 18:12:27,028 [d268aedf-d4e8-4f2f-a332-db241945baf3@group-D69E9C0750AE-LeaderElection57] INFO  impl.RaftServerImpl (ServerState.java:setLeader(255)) - d268aedf-d4e8-4f2f-a332-db241945baf3@group-D69E9C0750AE: change Leader from null to d268aedf-d4e8-4f2f-a332-db241945baf3 at term 1 for becomeLeader, leader elected after 5147ms
2019-10-04 18:12:27,028 [d268aedf-d4e8-4f2f-a332-db241945baf3@group-D69E9C0750AE-LeaderElection57] INFO  server.RaftServerConfigKeys (ConfUtils.java:logGet(43)) - raft.server.staging.catchup.gap = 1000 (default)
2019-10-04 18:12:27,029 [d268aedf-d4e8-4f2f-a332-db241945baf3@group-D69E9C0750AE-LeaderElection57] INFO  server.RaftServerConfigKeys (ConfUtils.java:logGet(43)) - raft.server.rpc.sleep.time = 25ms (default)
2019-10-04 18:12:27,029 [d268aedf-d4e8-4f2f-a332-db241945baf3@group-D69E9C0750AE-LeaderElection57] INFO  server.RaftServerConfigKeys (ConfUtils.java:logGet(43)) - raft.server.write.element-limit = 4096 (default)
2019-10-04 18:12:27,029 [d268aedf-d4e8-4f2f-a332-db241945baf3@group-D69E9C0750AE-LeaderElection57] INFO  server.RaftServerConfigKeys (ConfUtils.java:logGet(43)) - raft.server.watch.timeout = 10s (default)
2019-10-04 18:12:27,029 [d268aedf-d4e8-4f2f-a332-db241945baf3@group-D69E9C0750AE-LeaderElection57] INFO  server.RaftServerConfigKeys (ConfUtils.java:logGet(43)) - raft.server.watch.timeout.denomination = 1s (default)
2019-10-04 18:12:27,029 [d268aedf-d4e8-4f2f-a332-db241945baf3@group-D69E9C0750AE-LeaderElection57] INFO  server.RaftServerConfigKeys (ConfUtils.java:logGet(43)) - raft.server.watch.element-limit = 65536 (default)
2019-10-04 18:12:27,031 [d268aedf-d4e8-4f2f-a332-db241945baf3@group-D69E9C0750AE-LeaderElection57] INFO  impl.RoleInfo (RoleInfo.java:updateAndGet(143)) - d268aedf-d4e8-4f2f-a332-db241945baf3: start LeaderState
2019-10-04 18:12:27,031 [d268aedf-d4e8-4f2f-a332-db241945baf3@group-D69E9C0750AE-LeaderElection57] INFO  segmented.SegmentedRaftLogWorker (SegmentedRaftLogWorker.java:startLogSegment(385)) - d268aedf-d4e8-4f2f-a332-db241945baf3@group-D69E9C0750AE-SegmentedRaftLogWorker: Starting segment from index:0
2019-10-04 18:12:27,032 [d268aedf-d4e8-4f2f-a332-db241945baf3@group-D69E9C0750AE-LeaderElection57] INFO  impl.RaftServerImpl (ServerState.java:setRaftConf(356)) - d268aedf-d4e8-4f2f-a332-db241945baf3@group-D69E9C0750AE: set configuration 0: [d268aedf-d4e8-4f2f-a332-db241945baf3:192.168.151.69:45274], old=null at 0
2019-10-04 18:12:27,061 [Thread-3024] INFO  impl.FollowerState (FollowerState.java:run(108)) - 323826f1-6e9f-4f69-9108-05e4f763e2ff@group-5AA91AB5D5A9-FollowerState: change to CANDIDATE, lastRpcTime:5116ms, electionTimeout:5116ms
2019-10-04 18:12:27,062 [Thread-3024] INFO  impl.RoleInfo (RoleInfo.java:shutdownFollowerState(121)) - 323826f1-6e9f-4f69-9108-05e4f763e2ff: shutdown FollowerState
2019-10-04 18:12:27,062 [Thread-3024] INFO  impl.RaftServerImpl (RaftServerImpl.java:setRole(170)) - 323826f1-6e9f-4f69-9108-05e4f763e2ff@group-5AA91AB5D5A9: changes role from  FOLLOWER to CANDIDATE at term 0 for changeToCandidate
2019-10-04 18:12:27,062 [Thread-3024] INFO  impl.RoleInfo (RoleInfo.java:updateAndGet(143)) - 323826f1-6e9f-4f69-9108-05e4f763e2ff: start LeaderElection
2019-10-04 18:12:27,086 [d268aedf-d4e8-4f2f-a332-db241945baf3@group-D69E9C0750AE-SegmentedRaftLogWorker] INFO  segmented.SegmentedRaftLogWorker (SegmentedRaftLogWorker.java:execute(574)) - d268aedf-d4e8-4f2f-a332-db241945baf3@group-D69E9C0750AE-SegmentedRaftLogWorker: created new log segment /workdir/hadoop-ozone/integration-test/target/test-dir/MiniOzoneClusterImpl-dcee263f-6b07-4fee-9faf-1f5df40be807/datanode-0/data/ratis/189087c5-6f17-4920-af49-d69e9c0750ae/current/log_inprogress_0
2019-10-04 18:12:27,086 [323826f1-6e9f-4f69-9108-05e4f763e2ff@group-5AA91AB5D5A9-LeaderElection58] INFO  impl.LeaderElection (LeaderElection.java:askForVotes(178)) - 323826f1-6e9f-4f69-9108-05e4f763e2ff@group-5AA91AB5D5A9-LeaderElection58: begin an election at term 1 for -1: [323826f1-6e9f-4f69-9108-05e4f763e2ff:192.168.151.69:38371], old=null
2019-10-04 18:12:27,086 [323826f1-6e9f-4f69-9108-05e4f763e2ff@group-5AA91AB5D5A9-LeaderElection58] INFO  impl.RoleInfo (RoleInfo.java:shutdownLeaderElection(134)) - 323826f1-6e9f-4f69-9108-05e4f763e2ff: shutdown LeaderElection
2019-10-04 18:12:27,086 [323826f1-6e9f-4f69-9108-05e4f763e2ff@group-5AA91AB5D5A9-LeaderElection58] INFO  impl.RaftServerImpl (RaftServerImpl.java:setRole(170)) - 323826f1-6e9f-4f69-9108-05e4f763e2ff@group-5AA91AB5D5A9: changes role from CANDIDATE to LEADER at term 1 for changeToLeader
2019-10-04 18:12:27,086 [323826f1-6e9f-4f69-9108-05e4f763e2ff@group-5AA91AB5D5A9-LeaderElection58] INFO  impl.RaftServerImpl (ServerState.java:setLeader(255)) - 323826f1-6e9f-4f69-9108-05e4f763e2ff@group-5AA91AB5D5A9: change Leader from null to 323826f1-6e9f-4f69-9108-05e4f763e2ff at term 1 for becomeLeader, leader elected after 5146ms
2019-10-04 18:12:27,087 [323826f1-6e9f-4f69-9108-05e4f763e2ff@group-5AA91AB5D5A9-LeaderElection58] INFO  server.RaftServerConfigKeys (ConfUtils.java:logGet(43)) - raft.server.staging.catchup.gap = 1000 (default)
2019-10-04 18:12:27,087 [323826f1-6e9f-4f69-9108-05e4f763e2ff@group-5AA91AB5D5A9-LeaderElection58] INFO  server.RaftServerConfigKeys (ConfUtils.java:logGet(43)) - raft.server.rpc.sleep.time = 25ms (default)
2019-10-04 18:12:27,087 [323826f1-6e9f-4f69-9108-05e4f763e2ff@group-5AA91AB5D5A9-LeaderElection58] INFO  server.RaftServerConfigKeys (ConfUtils.java:logGet(43)) - raft.server.write.element-limit = 4096 (default)
2019-10-04 18:12:27,087 [323826f1-6e9f-4f69-9108-05e4f763e2ff@group-5AA91AB5D5A9-LeaderElection58] INFO  server.RaftServerConfigKeys (ConfUtils.java:logGet(43)) - raft.server.watch.timeout = 10s (default)
2019-10-04 18:12:27,087 [323826f1-6e9f-4f69-9108-05e4f763e2ff@group-5AA91AB5D5A9-LeaderElection58] INFO  server.RaftServerConfigKeys (ConfUtils.java:logGet(43)) - raft.server.watch.timeout.denomination = 1s (default)
2019-10-04 18:12:27,087 [323826f1-6e9f-4f69-9108-05e4f763e2ff@group-5AA91AB5D5A9-LeaderElection58] INFO  server.RaftServerConfigKeys (ConfUtils.java:logGet(43)) - raft.server.watch.element-limit = 65536 (default)
2019-10-04 18:12:27,089 [323826f1-6e9f-4f69-9108-05e4f763e2ff@group-5AA91AB5D5A9-LeaderElection58] INFO  impl.RoleInfo (RoleInfo.java:updateAndGet(143)) - 323826f1-6e9f-4f69-9108-05e4f763e2ff: start LeaderState
2019-10-04 18:12:27,089 [323826f1-6e9f-4f69-9108-05e4f763e2ff@group-5AA91AB5D5A9-LeaderElection58] INFO  segmented.SegmentedRaftLogWorker (SegmentedRaftLogWorker.java:startLogSegment(385)) - 323826f1-6e9f-4f69-9108-05e4f763e2ff@group-5AA91AB5D5A9-SegmentedRaftLogWorker: Starting segment from index:0
2019-10-04 18:12:27,089 [323826f1-6e9f-4f69-9108-05e4f763e2ff@group-5AA91AB5D5A9-LeaderElection58] INFO  impl.RaftServerImpl (ServerState.java:setRaftConf(356)) - 323826f1-6e9f-4f69-9108-05e4f763e2ff@group-5AA91AB5D5A9: set configuration 0: [323826f1-6e9f-4f69-9108-05e4f763e2ff:192.168.151.69:38371], old=null at 0
2019-10-04 18:12:27,127 [323826f1-6e9f-4f69-9108-05e4f763e2ff@group-5AA91AB5D5A9-SegmentedRaftLogWorker] INFO  segmented.SegmentedRaftLogWorker (SegmentedRaftLogWorker.java:execute(574)) - 323826f1-6e9f-4f69-9108-05e4f763e2ff@group-5AA91AB5D5A9-SegmentedRaftLogWorker: created new log segment /workdir/hadoop-ozone/integration-test/target/test-dir/MiniOzoneClusterImpl-dcee263f-6b07-4fee-9faf-1f5df40be807/datanode-1/data/ratis/f3bb3989-db9b-4319-91a1-5aa91ab5d5a9/current/log_inprogress_0
2019-10-04 18:12:27,166 [Thread-3034] INFO  impl.FollowerState (FollowerState.java:run(108)) - 323826f1-6e9f-4f69-9108-05e4f763e2ff@group-67CBA0B18DA3-FollowerState: change to CANDIDATE, lastRpcTime:5110ms, electionTimeout:5110ms
2019-10-04 18:12:27,166 [Thread-3034] INFO  impl.RoleInfo (RoleInfo.java:shutdownFollowerState(121)) - 323826f1-6e9f-4f69-9108-05e4f763e2ff: shutdown FollowerState
2019-10-04 18:12:27,166 [Thread-3034] INFO  impl.RaftServerImpl (RaftServerImpl.java:setRole(170)) - 323826f1-6e9f-4f69-9108-05e4f763e2ff@group-67CBA0B18DA3: changes role from  FOLLOWER to CANDIDATE at term 0 for changeToCandidate
2019-10-04 18:12:27,166 [Thread-3034] INFO  impl.RoleInfo (RoleInfo.java:updateAndGet(143)) - 323826f1-6e9f-4f69-9108-05e4f763e2ff: start LeaderElection
2019-10-04 18:12:27,166 [Thread-3030] INFO  impl.FollowerState (FollowerState.java:run(108)) - 6dac3d17-da55-4552-8a5b-8459af427716@group-67CBA0B18DA3-FollowerState: change to CANDIDATE, lastRpcTime:5118ms, electionTimeout:5118ms
2019-10-04 18:12:27,170 [Thread-3027] INFO  impl.FollowerState (FollowerState.java:run(108)) - 6dac3d17-da55-4552-8a5b-8459af427716@group-61AFB6D87F2B-FollowerState: change to CANDIDATE, lastRpcTime:5156ms, electionTimeout:5156ms
2019-10-04 18:12:27,170 [Thread-3030] INFO  impl.RoleInfo (RoleInfo.java:shutdownFollowerState(121)) - 6dac3d17-da55-4552-8a5b-8459af427716: shutdown FollowerState
2019-10-04 18:12:27,170 [Thread-3027] INFO  impl.RoleInfo (RoleInfo.java:shutdownFollowerState(121)) - 6dac3d17-da55-4552-8a5b-8459af427716: shutdown FollowerState
2019-10-04 18:12:27,176 [Thread-3030] INFO  impl.RaftServerImpl (RaftServerImpl.java:setRole(170)) - 6dac3d17-da55-4552-8a5b-8459af427716@group-67CBA0B18DA3: changes role from  FOLLOWER to CANDIDATE at term 0 for changeToCandidate
2019-10-04 18:12:27,176 [Thread-3027] INFO  impl.RaftServerImpl (RaftServerImpl.java:setRole(170)) - 6dac3d17-da55-4552-8a5b-8459af427716@group-61AFB6D87F2B: changes role from  FOLLOWER to CANDIDATE at term 0 for changeToCandidate
2019-10-04 18:12:27,176 [Thread-3030] INFO  impl.RoleInfo (RoleInfo.java:updateAndGet(143)) - 6dac3d17-da55-4552-8a5b-8459af427716: start LeaderElection
2019-10-04 18:12:27,176 [Thread-3027] INFO  impl.RoleInfo (RoleInfo.java:updateAndGet(143)) - 6dac3d17-da55-4552-8a5b-8459af427716: start LeaderElection
2019-10-04 18:12:27,217 [Thread-3039] INFO  impl.FollowerState (FollowerState.java:run(108)) - f4b34e38-07a5-4f57-a56b-ef1c9e62ea1c@group-C23C00748E38-FollowerState: change to CANDIDATE, lastRpcTime:5095ms, electionTimeout:5095ms
2019-10-04 18:12:27,217 [Thread-3039] INFO  impl.RoleInfo (RoleInfo.java:shutdownFollowerState(121)) - f4b34e38-07a5-4f57-a56b-ef1c9e62ea1c: shutdown FollowerState
2019-10-04 18:12:27,217 [Thread-3039] INFO  impl.RaftServerImpl (RaftServerImpl.java:setRole(170)) - f4b34e38-07a5-4f57-a56b-ef1c9e62ea1c@group-C23C00748E38: changes role from  FOLLOWER to CANDIDATE at term 0 for changeToCandidate
2019-10-04 18:12:27,217 [Thread-3039] INFO  impl.RoleInfo (RoleInfo.java:updateAndGet(143)) - f4b34e38-07a5-4f57-a56b-ef1c9e62ea1c: start LeaderElection
2019-10-04 18:12:27,218 [Thread-3042] INFO  impl.FollowerState (FollowerState.java:run(108)) - 30aa774f-29ca-4455-b4d5-5ed245058eaf@group-1D77C60713B1-FollowerState: change to CANDIDATE, lastRpcTime:5038ms, electionTimeout:5038ms
2019-10-04 18:12:27,218 [Thread-3042] INFO  impl.RoleInfo (RoleInfo.java:shutdownFollowerState(121)) - 30aa774f-29ca-4455-b4d5-5ed245058eaf: shutdown FollowerState
2019-10-04 18:12:27,218 [Thread-3042] INFO  impl.RaftServerImpl (RaftServerImpl.java:setRole(170)) - 30aa774f-29ca-4455-b4d5-5ed245058eaf@group-1D77C60713B1: changes role from  FOLLOWER to CANDIDATE at term 0 for changeToCandidate
2019-10-04 18:12:27,220 [Thread-3042] INFO  impl.RoleInfo (RoleInfo.java:updateAndGet(143)) - 30aa774f-29ca-4455-b4d5-5ed245058eaf: start LeaderElection
2019-10-04 18:12:27,223 [6dac3d17-da55-4552-8a5b-8459af427716@group-61AFB6D87F2B-LeaderElection61] INFO  impl.LeaderElection (LeaderElection.java:askForVotes(178)) - 6dac3d17-da55-4552-8a5b-8459af427716@group-61AFB6D87F2B-LeaderElection61: begin an election at term 1 for -1: [6dac3d17-da55-4552-8a5b-8459af427716:192.168.151.69:45186], old=null
2019-10-04 18:12:27,223 [323826f1-6e9f-4f69-9108-05e4f763e2ff@group-67CBA0B18DA3-LeaderElection59] INFO  impl.LeaderElection (LeaderElection.java:askForVotes(178)) - 323826f1-6e9f-4f69-9108-05e4f763e2ff@group-67CBA0B18DA3-LeaderElection59: begin an election at term 1 for -1: [323826f1-6e9f-4f69-9108-05e4f763e2ff:192.168.151.69:38371, d268aedf-d4e8-4f2f-a332-db241945baf3:192.168.151.69:45274, 6dac3d17-da55-4552-8a5b-8459af427716:192.168.151.69:45186], old=null
2019-10-04 18:12:27,223 [6dac3d17-da55-4552-8a5b-8459af427716@group-61AFB6D87F2B-LeaderElection61] INFO  impl.RoleInfo (RoleInfo.java:shutdownLeaderElection(134)) - 6dac3d17-da55-4552-8a5b-8459af427716: shutdown LeaderElection
2019-10-04 18:12:27,223 [6dac3d17-da55-4552-8a5b-8459af427716@group-67CBA0B18DA3-LeaderElection60] INFO  impl.LeaderElection (LeaderElection.java:askForVotes(178)) - 6dac3d17-da55-4552-8a5b-8459af427716@group-67CBA0B18DA3-LeaderElection60: begin an election at term 1 for -1: [323826f1-6e9f-4f69-9108-05e4f763e2ff:192.168.151.69:38371, d268aedf-d4e8-4f2f-a332-db241945baf3:192.168.151.69:45274, 6dac3d17-da55-4552-8a5b-8459af427716:192.168.151.69:45186], old=null
2019-10-04 18:12:27,223 [6dac3d17-da55-4552-8a5b-8459af427716@group-61AFB6D87F2B-LeaderElection61] INFO  impl.RaftServerImpl (RaftServerImpl.java:setRole(170)) - 6dac3d17-da55-4552-8a5b-8459af427716@group-61AFB6D87F2B: changes role from CANDIDATE to LEADER at term 1 for changeToLeader
2019-10-04 18:12:27,224 [6dac3d17-da55-4552-8a5b-8459af427716@group-61AFB6D87F2B-LeaderElection61] INFO  impl.RaftServerImpl (ServerState.java:setLeader(255)) - 6dac3d17-da55-4552-8a5b-8459af427716@group-61AFB6D87F2B: change Leader from null to 6dac3d17-da55-4552-8a5b-8459af427716 at term 1 for becomeLeader, leader elected after 5217ms
2019-10-04 18:12:27,224 [6dac3d17-da55-4552-8a5b-8459af427716@group-61AFB6D87F2B-LeaderElection61] INFO  server.RaftServerConfigKeys (ConfUtils.java:logGet(43)) - raft.server.staging.catchup.gap = 1000 (default)
2019-10-04 18:12:27,224 [6dac3d17-da55-4552-8a5b-8459af427716@group-61AFB6D87F2B-LeaderElection61] INFO  server.RaftServerConfigKeys (ConfUtils.java:logGet(43)) - raft.server.rpc.sleep.time = 25ms (default)
2019-10-04 18:12:27,224 [6dac3d17-da55-4552-8a5b-8459af427716@group-61AFB6D87F2B-LeaderElection61] INFO  server.RaftServerConfigKeys (ConfUtils.java:logGet(43)) - raft.server.write.element-limit = 4096 (default)
2019-10-04 18:12:27,224 [6dac3d17-da55-4552-8a5b-8459af427716@group-61AFB6D87F2B-LeaderElection61] INFO  server.RaftServerConfigKeys (ConfUtils.java:logGet(43)) - raft.server.watch.timeout = 10s (default)
2019-10-04 18:12:27,224 [6dac3d17-da55-4552-8a5b-8459af427716@group-61AFB6D87F2B-LeaderElection61] INFO  server.RaftServerConfigKeys (ConfUtils.java:logGet(43)) - raft.server.watch.timeout.denomination = 1s (default)
2019-10-04 18:12:27,225 [6dac3d17-da55-4552-8a5b-8459af427716@group-61AFB6D87F2B-LeaderElection61] INFO  server.RaftServerConfigKeys (ConfUtils.java:logGet(43)) - raft.server.watch.element-limit = 65536 (default)
2019-10-04 18:12:27,235 [f4b34e38-07a5-4f57-a56b-ef1c9e62ea1c@group-C23C00748E38-LeaderElection62] INFO  impl.LeaderElection (LeaderElection.java:askForVotes(178)) - f4b34e38-07a5-4f57-a56b-ef1c9e62ea1c@group-C23C00748E38-LeaderElection62: begin an election at term 1 for -1: [f4b34e38-07a5-4f57-a56b-ef1c9e62ea1c:192.168.151.69:32845], old=null
2019-10-04 18:12:27,235 [30aa774f-29ca-4455-b4d5-5ed245058eaf@group-1D77C60713B1-LeaderElection63] INFO  impl.LeaderElection (LeaderElection.java:askForVotes(178)) - 30aa774f-29ca-4455-b4d5-5ed245058eaf@group-1D77C60713B1-LeaderElection63: begin an election at term 1 for -1: [30aa774f-29ca-4455-b4d5-5ed245058eaf:192.168.151.69:44321], old=null
2019-10-04 18:12:27,235 [f4b34e38-07a5-4f57-a56b-ef1c9e62ea1c@group-C23C00748E38-LeaderElection62] INFO  impl.RoleInfo (RoleInfo.java:shutdownLeaderElection(134)) - f4b34e38-07a5-4f57-a56b-ef1c9e62ea1c: shutdown LeaderElection
2019-10-04 18:12:27,235 [30aa774f-29ca-4455-b4d5-5ed245058eaf@group-1D77C60713B1-LeaderElection63] INFO  impl.RoleInfo (RoleInfo.java:shutdownLeaderElection(134)) - 30aa774f-29ca-4455-b4d5-5ed245058eaf: shutdown LeaderElection
2019-10-04 18:12:27,235 [f4b34e38-07a5-4f57-a56b-ef1c9e62ea1c@group-C23C00748E38-LeaderElection62] INFO  impl.RaftServerImpl (RaftServerImpl.java:setRole(170)) - f4b34e38-07a5-4f57-a56b-ef1c9e62ea1c@group-C23C00748E38: changes role from CANDIDATE to LEADER at term 1 for changeToLeader
2019-10-04 18:12:27,235 [30aa774f-29ca-4455-b4d5-5ed245058eaf@group-1D77C60713B1-LeaderElection63] INFO  impl.RaftServerImpl (RaftServerImpl.java:setRole(170)) - 30aa774f-29ca-4455-b4d5-5ed245058eaf@group-1D77C60713B1: changes role from CANDIDATE to LEADER at term 1 for changeToLeader
2019-10-04 18:12:27,236 [f4b34e38-07a5-4f57-a56b-ef1c9e62ea1c@group-C23C00748E38-LeaderElection62] INFO  impl.RaftServerImpl (ServerState.java:setLeader(255)) - f4b34e38-07a5-4f57-a56b-ef1c9e62ea1c@group-C23C00748E38: change Leader from null to f4b34e38-07a5-4f57-a56b-ef1c9e62ea1c at term 1 for becomeLeader, leader elected after 5118ms
2019-10-04 18:12:27,236 [30aa774f-29ca-4455-b4d5-5ed245058eaf@group-1D77C60713B1-LeaderElection63] INFO  impl.RaftServerImpl (ServerState.java:setLeader(255)) - 30aa774f-29ca-4455-b4d5-5ed245058eaf@group-1D77C60713B1: change Leader from null to 30aa774f-29ca-4455-b4d5-5ed245058eaf at term 1 for becomeLeader, leader elected after 5061ms
2019-10-04 18:12:27,236 [f4b34e38-07a5-4f57-a56b-ef1c9e62ea1c@group-C23C00748E38-LeaderElection62] INFO  server.RaftServerConfigKeys (ConfUtils.java:logGet(43)) - raft.server.staging.catchup.gap = 1000 (default)
2019-10-04 18:12:27,236 [6dac3d17-da55-4552-8a5b-8459af427716@group-61AFB6D87F2B-LeaderElection61] INFO  impl.RoleInfo (RoleInfo.java:updateAndGet(143)) - 6dac3d17-da55-4552-8a5b-8459af427716: start LeaderState
2019-10-04 18:12:27,236 [30aa774f-29ca-4455-b4d5-5ed245058eaf@group-1D77C60713B1-LeaderElection63] INFO  server.RaftServerConfigKeys (ConfUtils.java:logGet(43)) - raft.server.staging.catchup.gap = 1000 (default)
2019-10-04 18:12:27,237 [grpc-default-executor-12] INFO  impl.RaftServerImpl (RaftServerImpl.java:setRole(170)) - d268aedf-d4e8-4f2f-a332-db241945baf3@group-67CBA0B18DA3: changes role from  FOLLOWER to FOLLOWER at term 1 for recognizeCandidate:6dac3d17-da55-4552-8a5b-8459af427716
2019-10-04 18:12:27,236 [f4b34e38-07a5-4f57-a56b-ef1c9e62ea1c@group-C23C00748E38-LeaderElection62] INFO  server.RaftServerConfigKeys (ConfUtils.java:logGet(43)) - raft.server.rpc.sleep.time = 25ms (default)
2019-10-04 18:12:27,239 [grpc-default-executor-12] INFO  impl.RoleInfo (RoleInfo.java:shutdownFollowerState(121)) - d268aedf-d4e8-4f2f-a332-db241945baf3: shutdown FollowerState
2019-10-04 18:12:27,237 [30aa774f-29ca-4455-b4d5-5ed245058eaf@group-1D77C60713B1-LeaderElection63] INFO  server.RaftServerConfigKeys (ConfUtils.java:logGet(43)) - raft.server.rpc.sleep.time = 25ms (default)
2019-10-04 18:12:27,237 [6dac3d17-da55-4552-8a5b-8459af427716@group-61AFB6D87F2B-LeaderElection61] INFO  segmented.SegmentedRaftLogWorker (SegmentedRaftLogWorker.java:startLogSegment(385)) - 6dac3d17-da55-4552-8a5b-8459af427716@group-61AFB6D87F2B-SegmentedRaftLogWorker: Starting segment from index:0
2019-10-04 18:12:27,242 [30aa774f-29ca-4455-b4d5-5ed245058eaf@group-1D77C60713B1-LeaderElection63] INFO  server.RaftServerConfigKeys (ConfUtils.java:logGet(43)) - raft.server.write.element-limit = 4096 (default)
2019-10-04 18:12:27,242 [Thread-3035] INFO  impl.FollowerState (FollowerState.java:run(117)) - d268aedf-d4e8-4f2f-a332-db241945baf3@group-67CBA0B18DA3-FollowerState was interrupted: java.lang.InterruptedException: sleep interrupted
2019-10-04 18:12:27,240 [grpc-default-executor-12] INFO  impl.RoleInfo (RoleInfo.java:updateAndGet(143)) - d268aedf-d4e8-4f2f-a332-db241945baf3: start FollowerState
2019-10-04 18:12:27,240 [f4b34e38-07a5-4f57-a56b-ef1c9e62ea1c@group-C23C00748E38-LeaderElection62] INFO  server.RaftServerConfigKeys (ConfUtils.java:logGet(43)) - raft.server.write.element-limit = 4096 (default)
2019-10-04 18:12:27,245 [6dac3d17-da55-4552-8a5b-8459af427716@group-61AFB6D87F2B-LeaderElection61] INFO  impl.RaftServerImpl (ServerState.java:setRaftConf(356)) - 6dac3d17-da55-4552-8a5b-8459af427716@group-61AFB6D87F2B: set configuration 0: [6dac3d17-da55-4552-8a5b-8459af427716:192.168.151.69:45186], old=null at 0
2019-10-04 18:12:27,245 [f4b34e38-07a5-4f57-a56b-ef1c9e62ea1c@group-C23C00748E38-LeaderElection62] INFO  server.RaftServerConfigKeys (ConfUtils.java:logGet(43)) - raft.server.watch.timeout = 10s (default)
2019-10-04 18:12:27,245 [30aa774f-29ca-4455-b4d5-5ed245058eaf@group-1D77C60713B1-LeaderElection63] INFO  server.RaftServerConfigKeys (ConfUtils.java:logGet(43)) - raft.server.watch.timeout = 10s (default)
2019-10-04 18:12:27,275 [f4b34e38-07a5-4f57-a56b-ef1c9e62ea1c@group-C23C00748E38-LeaderElection62] INFO  server.RaftServerConfigKeys (ConfUtils.java:logGet(43)) - raft.server.watch.timeout.denomination = 1s (default)
2019-10-04 18:12:27,276 [30aa774f-29ca-4455-b4d5-5ed245058eaf@group-1D77C60713B1-LeaderElection63] INFO  server.RaftServerConfigKeys (ConfUtils.java:logGet(43)) - raft.server.watch.timeout.denomination = 1s (default)
2019-10-04 18:12:27,276 [f4b34e38-07a5-4f57-a56b-ef1c9e62ea1c@group-C23C00748E38-LeaderElection62] INFO  server.RaftServerConfigKeys (ConfUtils.java:logGet(43)) - raft.server.watch.element-limit = 65536 (default)
2019-10-04 18:12:27,276 [30aa774f-29ca-4455-b4d5-5ed245058eaf@group-1D77C60713B1-LeaderElection63] INFO  server.RaftServerConfigKeys (ConfUtils.java:logGet(43)) - raft.server.watch.element-limit = 65536 (default)
2019-10-04 18:12:27,279 [f4b34e38-07a5-4f57-a56b-ef1c9e62ea1c@group-C23C00748E38-LeaderElection62] INFO  impl.RoleInfo (RoleInfo.java:updateAndGet(143)) - f4b34e38-07a5-4f57-a56b-ef1c9e62ea1c: start LeaderState
2019-10-04 18:12:27,279 [6dac3d17-da55-4552-8a5b-8459af427716@group-61AFB6D87F2B-SegmentedRaftLogWorker] INFO  segmented.SegmentedRaftLogWorker (SegmentedRaftLogWorker.java:execute(574)) - 6dac3d17-da55-4552-8a5b-8459af427716@group-61AFB6D87F2B-SegmentedRaftLogWorker: created new log segment /workdir/hadoop-ozone/integration-test/target/test-dir/MiniOzoneClusterImpl-dcee263f-6b07-4fee-9faf-1f5df40be807/datanode-2/data/ratis/9d5b1cd4-ac58-4b58-b77f-61afb6d87f2b/current/log_inprogress_0
2019-10-04 18:12:27,281 [f4b34e38-07a5-4f57-a56b-ef1c9e62ea1c@group-C23C00748E38-LeaderElection62] INFO  segmented.SegmentedRaftLogWorker (SegmentedRaftLogWorker.java:startLogSegment(385)) - f4b34e38-07a5-4f57-a56b-ef1c9e62ea1c@group-C23C00748E38-SegmentedRaftLogWorker: Starting segment from index:0
2019-10-04 18:12:27,282 [30aa774f-29ca-4455-b4d5-5ed245058eaf@group-1D77C60713B1-LeaderElection63] INFO  impl.RoleInfo (RoleInfo.java:updateAndGet(143)) - 30aa774f-29ca-4455-b4d5-5ed245058eaf: start LeaderState
2019-10-04 18:12:27,289 [30aa774f-29ca-4455-b4d5-5ed245058eaf@group-1D77C60713B1-LeaderElection63] INFO  segmented.SegmentedRaftLogWorker (SegmentedRaftLogWorker.java:startLogSegment(385)) - 30aa774f-29ca-4455-b4d5-5ed245058eaf@group-1D77C60713B1-SegmentedRaftLogWorker: Starting segment from index:0
2019-10-04 18:12:27,290 [f4b34e38-07a5-4f57-a56b-ef1c9e62ea1c@group-C23C00748E38-LeaderElection62] INFO  impl.RaftServerImpl (ServerState.java:setRaftConf(356)) - f4b34e38-07a5-4f57-a56b-ef1c9e62ea1c@group-C23C00748E38: set configuration 0: [f4b34e38-07a5-4f57-a56b-ef1c9e62ea1c:192.168.151.69:32845], old=null at 0
2019-10-04 18:12:27,318 [30aa774f-29ca-4455-b4d5-5ed245058eaf@group-1D77C60713B1-LeaderElection63] INFO  impl.RaftServerImpl (ServerState.java:setRaftConf(356)) - 30aa774f-29ca-4455-b4d5-5ed245058eaf@group-1D77C60713B1: set configuration 0: [30aa774f-29ca-4455-b4d5-5ed245058eaf:192.168.151.69:44321], old=null at 0
2019-10-04 18:12:27,318 [6dac3d17-da55-4552-8a5b-8459af427716@group-67CBA0B18DA3-LeaderElection60] INFO  impl.LeaderElection (LeaderElection.java:logAndReturn(56)) - 6dac3d17-da55-4552-8a5b-8459af427716@group-67CBA0B18DA3-LeaderElection60: Election PASSED; received 2 response(s) [6dac3d17-da55-4552-8a5b-8459af427716<-323826f1-6e9f-4f69-9108-05e4f763e2ff#0:FAIL-t1, 6dac3d17-da55-4552-8a5b-8459af427716<-d268aedf-d4e8-4f2f-a332-db241945baf3#0:OK-t1] and 0 exception(s); 6dac3d17-da55-4552-8a5b-8459af427716@group-67CBA0B18DA3:t1, leader=null, voted=6dac3d17-da55-4552-8a5b-8459af427716, raftlog=6dac3d17-da55-4552-8a5b-8459af427716@group-67CBA0B18DA3-SegmentedRaftLog:OPENED:c-1,f-1,i0, conf=-1: [323826f1-6e9f-4f69-9108-05e4f763e2ff:192.168.151.69:38371, d268aedf-d4e8-4f2f-a332-db241945baf3:192.168.151.69:45274, 6dac3d17-da55-4552-8a5b-8459af427716:192.168.151.69:45186], old=null
2019-10-04 18:12:27,318 [6dac3d17-da55-4552-8a5b-8459af427716@group-67CBA0B18DA3-LeaderElection60] INFO  impl.RoleInfo (RoleInfo.java:shutdownLeaderElection(134)) - 6dac3d17-da55-4552-8a5b-8459af427716: shutdown LeaderElection
2019-10-04 18:12:27,318 [323826f1-6e9f-4f69-9108-05e4f763e2ff@group-67CBA0B18DA3-LeaderElection59] INFO  impl.LeaderElection (LeaderElection.java:logAndReturn(56)) - 323826f1-6e9f-4f69-9108-05e4f763e2ff@group-67CBA0B18DA3-LeaderElection59: Election REJECTED; received 2 response(s) [323826f1-6e9f-4f69-9108-05e4f763e2ff<-d268aedf-d4e8-4f2f-a332-db241945baf3#0:FAIL-t1, 323826f1-6e9f-4f69-9108-05e4f763e2ff<-6dac3d17-da55-4552-8a5b-8459af427716#0:FAIL-t1] and 0 exception(s); 323826f1-6e9f-4f69-9108-05e4f763e2ff@group-67CBA0B18DA3:t1, leader=null, voted=323826f1-6e9f-4f69-9108-05e4f763e2ff, raftlog=323826f1-6e9f-4f69-9108-05e4f763e2ff@group-67CBA0B18DA3-SegmentedRaftLog:OPENED:c-1,f-1,i0, conf=-1: [323826f1-6e9f-4f69-9108-05e4f763e2ff:192.168.151.69:38371, d268aedf-d4e8-4f2f-a332-db241945baf3:192.168.151.69:45274, 6dac3d17-da55-4552-8a5b-8459af427716:192.168.151.69:45186], old=null
2019-10-04 18:12:27,318 [6dac3d17-da55-4552-8a5b-8459af427716@group-67CBA0B18DA3-LeaderElection60] INFO  impl.RaftServerImpl (RaftServerImpl.java:setRole(170)) - 6dac3d17-da55-4552-8a5b-8459af427716@group-67CBA0B18DA3: changes role from CANDIDATE to LEADER at term 1 for changeToLeader
2019-10-04 18:12:27,346 [323826f1-6e9f-4f69-9108-05e4f763e2ff@group-67CBA0B18DA3-LeaderElection59] INFO  impl.RaftServerImpl (RaftServerImpl.java:setRole(170)) - 323826f1-6e9f-4f69-9108-05e4f763e2ff@group-67CBA0B18DA3: changes role from CANDIDATE to FOLLOWER at term 1 for DISCOVERED_A_NEW_TERM
2019-10-04 18:12:27,349 [f4b34e38-07a5-4f57-a56b-ef1c9e62ea1c@group-C23C00748E38-SegmentedRaftLogWorker] INFO  segmented.SegmentedRaftLogWorker (SegmentedRaftLogWorker.java:execute(574)) - f4b34e38-07a5-4f57-a56b-ef1c9e62ea1c@group-C23C00748E38-SegmentedRaftLogWorker: created new log segment /workdir/hadoop-ozone/integration-test/target/test-dir/MiniOzoneClusterImpl-dcee263f-6b07-4fee-9faf-1f5df40be807/datanode-3/data/ratis/7480ab1d-837d-4e64-9592-c23c00748e38/current/log_inprogress_0
2019-10-04 18:12:27,349 [323826f1-6e9f-4f69-9108-05e4f763e2ff@group-67CBA0B18DA3-LeaderElection59] INFO  impl.RoleInfo (RoleInfo.java:shutdownLeaderElection(134)) - 323826f1-6e9f-4f69-9108-05e4f763e2ff: shutdown LeaderElection
2019-10-04 18:12:27,350 [323826f1-6e9f-4f69-9108-05e4f763e2ff@group-67CBA0B18DA3-LeaderElection59] INFO  impl.RoleInfo (RoleInfo.java:updateAndGet(143)) - 323826f1-6e9f-4f69-9108-05e4f763e2ff: start FollowerState
2019-10-04 18:12:27,346 [6dac3d17-da55-4552-8a5b-8459af427716@group-67CBA0B18DA3-LeaderElection60] INFO  impl.RaftServerImpl (ServerState.java:setLeader(255)) - 6dac3d17-da55-4552-8a5b-8459af427716@group-67CBA0B18DA3: change Leader from null to 6dac3d17-da55-4552-8a5b-8459af427716 at term 1 for becomeLeader, leader elected after 5304ms
2019-10-04 18:12:27,353 [6dac3d17-da55-4552-8a5b-8459af427716@group-67CBA0B18DA3-LeaderElection60] INFO  server.RaftServerConfigKeys (ConfUtils.java:logGet(43)) - raft.server.staging.catchup.gap = 1000 (default)
2019-10-04 18:12:27,353 [6dac3d17-da55-4552-8a5b-8459af427716@group-67CBA0B18DA3-LeaderElection60] INFO  server.RaftServerConfigKeys (ConfUtils.java:logGet(43)) - raft.server.rpc.sleep.time = 25ms (default)
2019-10-04 18:12:27,353 [6dac3d17-da55-4552-8a5b-8459af427716@group-67CBA0B18DA3-LeaderElection60] INFO  server.RaftServerConfigKeys (ConfUtils.java:logGet(43)) - raft.server.write.element-limit = 4096 (default)
2019-10-04 18:12:27,353 [6dac3d17-da55-4552-8a5b-8459af427716@group-67CBA0B18DA3-LeaderElection60] INFO  server.RaftServerConfigKeys (ConfUtils.java:logGet(43)) - raft.server.watch.timeout = 10s (default)
2019-10-04 18:12:27,354 [6dac3d17-da55-4552-8a5b-8459af427716@group-67CBA0B18DA3-LeaderElection60] INFO  server.RaftServerConfigKeys (ConfUtils.java:logGet(43)) - raft.server.watch.timeout.denomination = 1s (default)
2019-10-04 18:12:27,354 [6dac3d17-da55-4552-8a5b-8459af427716@group-67CBA0B18DA3-LeaderElection60] INFO  server.RaftServerConfigKeys (ConfUtils.java:logGet(43)) - raft.server.watch.element-limit = 65536 (default)
2019-10-04 18:12:27,356 [6dac3d17-da55-4552-8a5b-8459af427716@group-67CBA0B18DA3-LeaderElection60] INFO  server.RaftServerConfigKeys (ConfUtils.java:logGet(43)) - raft.server.log.appender.snapshot.chunk.size.max = 16MB (=16777216) (default)
2019-10-04 18:12:27,356 [6dac3d17-da55-4552-8a5b-8459af427716@group-67CBA0B18DA3-LeaderElection60] INFO  server.RaftServerConfigKeys (ConfUtils.java:logGet(43)) - raft.server.log.appender.buffer.byte-limit = 33554432 (custom)
2019-10-04 18:12:27,356 [6dac3d17-da55-4552-8a5b-8459af427716@group-67CBA0B18DA3-LeaderElection60] INFO  server.RaftServerConfigKeys (ConfUtils.java:logGet(43)) - raft.server.log.appender.buffer.element-limit = 1 (custom)
2019-10-04 18:12:27,356 [6dac3d17-da55-4552-8a5b-8459af427716@group-67CBA0B18DA3-LeaderElection60] INFO  grpc.GrpcConfigKeys$Server (ConfUtils.java:logGet(43)) - raft.grpc.server.leader.outstanding.appends.max = 128 (default)
2019-10-04 18:12:27,356 [6dac3d17-da55-4552-8a5b-8459af427716@group-67CBA0B18DA3-LeaderElection60] INFO  server.RaftServerConfigKeys (ConfUtils.java:logGet(43)) - raft.server.rpc.request.timeout = 3000ms (default)
2019-10-04 18:12:27,357 [6dac3d17-da55-4552-8a5b-8459af427716@group-67CBA0B18DA3-LeaderElection60] INFO  server.RaftServerConfigKeys (ConfUtils.java:logGet(43)) - raft.server.log.appender.install.snapshot.enabled = false (custom)
2019-10-04 18:12:27,357 [6dac3d17-da55-4552-8a5b-8459af427716@group-67CBA0B18DA3-LeaderElection60] INFO  server.RaftServerConfigKeys (ConfUtils.java:logGet(43)) - raft.server.log.appender.snapshot.chunk.size.max = 16MB (=16777216) (default)
2019-10-04 18:12:27,357 [6dac3d17-da55-4552-8a5b-8459af427716@group-67CBA0B18DA3-LeaderElection60] INFO  server.RaftServerConfigKeys (ConfUtils.java:logGet(43)) - raft.server.log.appender.buffer.byte-limit = 33554432 (custom)
2019-10-04 18:12:27,357 [6dac3d17-da55-4552-8a5b-8459af427716@group-67CBA0B18DA3-LeaderElection60] INFO  server.RaftServerConfigKeys (ConfUtils.java:logGet(43)) - raft.server.log.appender.buffer.element-limit = 1 (custom)
2019-10-04 18:12:27,357 [6dac3d17-da55-4552-8a5b-8459af427716@group-67CBA0B18DA3-LeaderElection60] INFO  grpc.GrpcConfigKeys$Server (ConfUtils.java:logGet(43)) - raft.grpc.server.leader.outstanding.appends.max = 128 (default)
2019-10-04 18:12:27,357 [6dac3d17-da55-4552-8a5b-8459af427716@group-67CBA0B18DA3-LeaderElection60] INFO  server.RaftServerConfigKeys (ConfUtils.java:logGet(43)) - raft.server.rpc.request.timeout = 3000ms (default)
2019-10-04 18:12:27,357 [6dac3d17-da55-4552-8a5b-8459af427716@group-67CBA0B18DA3-LeaderElection60] INFO  server.RaftServerConfigKeys (ConfUtils.java:logGet(43)) - raft.server.log.appender.install.snapshot.enabled = false (custom)
2019-10-04 18:12:27,357 [6dac3d17-da55-4552-8a5b-8459af427716@group-67CBA0B18DA3-LeaderElection60] INFO  impl.RoleInfo (RoleInfo.java:updateAndGet(143)) - 6dac3d17-da55-4552-8a5b-8459af427716: start LeaderState
2019-10-04 18:12:27,358 [6dac3d17-da55-4552-8a5b-8459af427716@group-67CBA0B18DA3-LeaderElection60] INFO  segmented.SegmentedRaftLogWorker (SegmentedRaftLogWorker.java:startLogSegment(385)) - 6dac3d17-da55-4552-8a5b-8459af427716@group-67CBA0B18DA3-SegmentedRaftLogWorker: Starting segment from index:0
2019-10-04 18:12:27,358 [6dac3d17-da55-4552-8a5b-8459af427716@group-67CBA0B18DA3-LeaderElection60] INFO  impl.RaftServerImpl (ServerState.java:setRaftConf(356)) - 6dac3d17-da55-4552-8a5b-8459af427716@group-67CBA0B18DA3: set configuration 0: [323826f1-6e9f-4f69-9108-05e4f763e2ff:192.168.151.69:38371, d268aedf-d4e8-4f2f-a332-db241945baf3:192.168.151.69:45274, 6dac3d17-da55-4552-8a5b-8459af427716:192.168.151.69:45186], old=null at 0
2019-10-04 18:12:27,361 [30aa774f-29ca-4455-b4d5-5ed245058eaf@group-1D77C60713B1-SegmentedRaftLogWorker] INFO  segmented.SegmentedRaftLogWorker (SegmentedRaftLogWorker.java:execute(574)) - 30aa774f-29ca-4455-b4d5-5ed245058eaf@group-1D77C60713B1-SegmentedRaftLogWorker: created new log segment /workdir/hadoop-ozone/integration-test/target/test-dir/MiniOzoneClusterImpl-dcee263f-6b07-4fee-9faf-1f5df40be807/datanode-4/data/ratis/190e36dc-bf2b-4a44-b4fb-1d77c60713b1/current/log_inprogress_0
2019-10-04 18:12:27,399 [Thread-3053] INFO  impl.FollowerState (FollowerState.java:run(108)) - f4b34e38-07a5-4f57-a56b-ef1c9e62ea1c@group-D2114FC2E457-FollowerState: change to CANDIDATE, lastRpcTime:5056ms, electionTimeout:5028ms
2019-10-04 18:12:27,399 [Thread-3053] INFO  impl.RoleInfo (RoleInfo.java:shutdownFollowerState(121)) - f4b34e38-07a5-4f57-a56b-ef1c9e62ea1c: shutdown FollowerState
2019-10-04 18:12:27,399 [Thread-3053] INFO  impl.RaftServerImpl (RaftServerImpl.java:setRole(170)) - f4b34e38-07a5-4f57-a56b-ef1c9e62ea1c@group-D2114FC2E457: changes role from  FOLLOWER to CANDIDATE at term 0 for changeToCandidate
2019-10-04 18:12:27,399 [grpc-default-executor-11] INFO  impl.RaftServerImpl (ServerState.java:setLeader(255)) - 323826f1-6e9f-4f69-9108-05e4f763e2ff@group-67CBA0B18DA3: change Leader from null to 6dac3d17-da55-4552-8a5b-8459af427716 at term 1 for appendEntries, leader elected after 5353ms
2019-10-04 18:12:27,400 [Thread-3053] INFO  impl.RoleInfo (RoleInfo.java:updateAndGet(143)) - f4b34e38-07a5-4f57-a56b-ef1c9e62ea1c: start LeaderElection
2019-10-04 18:12:27,399 [grpc-default-executor-12] INFO  impl.RaftServerImpl (ServerState.java:setLeader(255)) - d268aedf-d4e8-4f2f-a332-db241945baf3@group-67CBA0B18DA3: change Leader from null to 6dac3d17-da55-4552-8a5b-8459af427716 at term 1 for appendEntries, leader elected after 5353ms
2019-10-04 18:12:27,405 [grpc-default-executor-11] INFO  impl.RaftServerImpl (ServerState.java:setRaftConf(356)) - 323826f1-6e9f-4f69-9108-05e4f763e2ff@group-67CBA0B18DA3: set configuration 0: [323826f1-6e9f-4f69-9108-05e4f763e2ff:192.168.151.69:38371, d268aedf-d4e8-4f2f-a332-db241945baf3:192.168.151.69:45274, 6dac3d17-da55-4552-8a5b-8459af427716:192.168.151.69:45186], old=null at 0
2019-10-04 18:12:27,405 [grpc-default-executor-12] INFO  impl.RaftServerImpl (ServerState.java:setRaftConf(356)) - d268aedf-d4e8-4f2f-a332-db241945baf3@group-67CBA0B18DA3: set configuration 0: [323826f1-6e9f-4f69-9108-05e4f763e2ff:192.168.151.69:38371, d268aedf-d4e8-4f2f-a332-db241945baf3:192.168.151.69:45274, 6dac3d17-da55-4552-8a5b-8459af427716:192.168.151.69:45186], old=null at 0
2019-10-04 18:12:27,406 [grpc-default-executor-11] INFO  segmented.SegmentedRaftLogWorker (SegmentedRaftLogWorker.java:startLogSegment(385)) - 323826f1-6e9f-4f69-9108-05e4f763e2ff@group-67CBA0B18DA3-SegmentedRaftLogWorker: Starting segment from index:0
2019-10-04 18:12:27,406 [grpc-default-executor-12] INFO  segmented.SegmentedRaftLogWorker (SegmentedRaftLogWorker.java:startLogSegment(385)) - d268aedf-d4e8-4f2f-a332-db241945baf3@group-67CBA0B18DA3-SegmentedRaftLogWorker: Starting segment from index:0
2019-10-04 18:12:27,411 [6dac3d17-da55-4552-8a5b-8459af427716@group-67CBA0B18DA3-SegmentedRaftLogWorker] INFO  segmented.SegmentedRaftLogWorker (SegmentedRaftLogWorker.java:execute(574)) - 6dac3d17-da55-4552-8a5b-8459af427716@group-67CBA0B18DA3-SegmentedRaftLogWorker: created new log segment /workdir/hadoop-ozone/integration-test/target/test-dir/MiniOzoneClusterImpl-dcee263f-6b07-4fee-9faf-1f5df40be807/datanode-2/data/ratis/44dc4936-3540-4449-8153-67cba0b18da3/current/log_inprogress_0
2019-10-04 18:12:27,412 [f4b34e38-07a5-4f57-a56b-ef1c9e62ea1c@group-D2114FC2E457-LeaderElection64] INFO  impl.LeaderElection (LeaderElection.java:askForVotes(178)) - f4b34e38-07a5-4f57-a56b-ef1c9e62ea1c@group-D2114FC2E457-LeaderElection64: begin an election at term 1 for -1: [f4b34e38-07a5-4f57-a56b-ef1c9e62ea1c:192.168.151.69:32845, 30aa774f-29ca-4455-b4d5-5ed245058eaf:192.168.151.69:44321, 98891705-e38f-42f0-9b87-1c4b8c7821c0:192.168.151.69:45801], old=null
2019-10-04 18:12:27,416 [grpc-default-executor-11] INFO  impl.RaftServerImpl (RaftServerImpl.java:setRole(170)) - 98891705-e38f-42f0-9b87-1c4b8c7821c0@group-D2114FC2E457: changes role from  FOLLOWER to FOLLOWER at term 1 for recognizeCandidate:f4b34e38-07a5-4f57-a56b-ef1c9e62ea1c
2019-10-04 18:12:27,416 [grpc-default-executor-12] INFO  impl.RaftServerImpl (RaftServerImpl.java:setRole(170)) - 30aa774f-29ca-4455-b4d5-5ed245058eaf@group-D2114FC2E457: changes role from  FOLLOWER to FOLLOWER at term 1 for recognizeCandidate:f4b34e38-07a5-4f57-a56b-ef1c9e62ea1c
2019-10-04 18:12:27,416 [grpc-default-executor-11] INFO  impl.RoleInfo (RoleInfo.java:shutdownFollowerState(121)) - 98891705-e38f-42f0-9b87-1c4b8c7821c0: shutdown FollowerState
2019-10-04 18:12:27,416 [grpc-default-executor-12] INFO  impl.RoleInfo (RoleInfo.java:shutdownFollowerState(121)) - 30aa774f-29ca-4455-b4d5-5ed245058eaf: shutdown FollowerState
2019-10-04 18:12:27,416 [grpc-default-executor-11] INFO  impl.RoleInfo (RoleInfo.java:updateAndGet(143)) - 98891705-e38f-42f0-9b87-1c4b8c7821c0: start FollowerState
2019-10-04 18:12:27,416 [Thread-3054] INFO  impl.FollowerState (FollowerState.java:run(117)) - 30aa774f-29ca-4455-b4d5-5ed245058eaf@group-D2114FC2E457-FollowerState was interrupted: java.lang.InterruptedException: sleep interrupted
2019-10-04 18:12:27,416 [grpc-default-executor-12] INFO  impl.RoleInfo (RoleInfo.java:updateAndGet(143)) - 30aa774f-29ca-4455-b4d5-5ed245058eaf: start FollowerState
2019-10-04 18:12:27,416 [Thread-3052] INFO  impl.FollowerState (FollowerState.java:run(117)) - 98891705-e38f-42f0-9b87-1c4b8c7821c0@group-D2114FC2E457-FollowerState was interrupted: java.lang.InterruptedException: sleep interrupted
2019-10-04 18:12:27,420 [Thread-3045] INFO  impl.FollowerState (FollowerState.java:run(108)) - 98891705-e38f-42f0-9b87-1c4b8c7821c0@group-55A1CA8E0774-FollowerState: change to CANDIDATE, lastRpcTime:5171ms, electionTimeout:5171ms
2019-10-04 18:12:27,420 [Thread-3045] INFO  impl.RoleInfo (RoleInfo.java:shutdownFollowerState(121)) - 98891705-e38f-42f0-9b87-1c4b8c7821c0: shutdown FollowerState
2019-10-04 18:12:27,420 [Thread-3045] INFO  impl.RaftServerImpl (RaftServerImpl.java:setRole(170)) - 98891705-e38f-42f0-9b87-1c4b8c7821c0@group-55A1CA8E0774: changes role from  FOLLOWER to CANDIDATE at term 0 for changeToCandidate
2019-10-04 18:12:27,420 [Thread-3045] INFO  impl.RoleInfo (RoleInfo.java:updateAndGet(143)) - 98891705-e38f-42f0-9b87-1c4b8c7821c0: start LeaderElection
2019-10-04 18:12:27,450 [f4b34e38-07a5-4f57-a56b-ef1c9e62ea1c@group-D2114FC2E457-LeaderElection64] INFO  impl.LeaderElection (LeaderElection.java:logAndReturn(56)) - f4b34e38-07a5-4f57-a56b-ef1c9e62ea1c@group-D2114FC2E457-LeaderElection64: Election PASSED; received 1 response(s) [f4b34e38-07a5-4f57-a56b-ef1c9e62ea1c<-98891705-e38f-42f0-9b87-1c4b8c7821c0#0:OK-t1] and 0 exception(s); f4b34e38-07a5-4f57-a56b-ef1c9e62ea1c@group-D2114FC2E457:t1, leader=null, voted=f4b34e38-07a5-4f57-a56b-ef1c9e62ea1c, raftlog=f4b34e38-07a5-4f57-a56b-ef1c9e62ea1c@group-D2114FC2E457-SegmentedRaftLog:OPENED:c-1,f-1,i0, conf=-1: [f4b34e38-07a5-4f57-a56b-ef1c9e62ea1c:192.168.151.69:32845, 30aa774f-29ca-4455-b4d5-5ed245058eaf:192.168.151.69:44321, 98891705-e38f-42f0-9b87-1c4b8c7821c0:192.168.151.69:45801], old=null
2019-10-04 18:12:27,450 [f4b34e38-07a5-4f57-a56b-ef1c9e62ea1c@group-D2114FC2E457-LeaderElection64] INFO  impl.RoleInfo (RoleInfo.java:shutdownLeaderElection(134)) - f4b34e38-07a5-4f57-a56b-ef1c9e62ea1c: shutdown LeaderElection
2019-10-04 18:12:27,450 [f4b34e38-07a5-4f57-a56b-ef1c9e62ea1c@group-D2114FC2E457-LeaderElection64] INFO  impl.RaftServerImpl (RaftServerImpl.java:setRole(170)) - f4b34e38-07a5-4f57-a56b-ef1c9e62ea1c@group-D2114FC2E457: changes role from CANDIDATE to LEADER at term 1 for changeToLeader
2019-10-04 18:12:27,450 [f4b34e38-07a5-4f57-a56b-ef1c9e62ea1c@group-D2114FC2E457-LeaderElection64] INFO  impl.RaftServerImpl (ServerState.java:setLeader(255)) - f4b34e38-07a5-4f57-a56b-ef1c9e62ea1c@group-D2114FC2E457: change Leader from null to f4b34e38-07a5-4f57-a56b-ef1c9e62ea1c at term 1 for becomeLeader, leader elected after 5135ms
2019-10-04 18:12:27,450 [f4b34e38-07a5-4f57-a56b-ef1c9e62ea1c@group-D2114FC2E457-LeaderElection64] INFO  server.RaftServerConfigKeys (ConfUtils.java:logGet(43)) - raft.server.staging.catchup.gap = 1000 (default)
2019-10-04 18:12:27,451 [f4b34e38-07a5-4f57-a56b-ef1c9e62ea1c@group-D2114FC2E457-LeaderElection64] INFO  server.RaftServerConfigKeys (ConfUtils.java:logGet(43)) - raft.server.rpc.sleep.time = 25ms (default)
2019-10-04 18:12:27,451 [f4b34e38-07a5-4f57-a56b-ef1c9e62ea1c@group-D2114FC2E457-LeaderElection64] INFO  server.RaftServerConfigKeys (ConfUtils.java:logGet(43)) - raft.server.write.element-limit = 4096 (default)
2019-10-04 18:12:27,451 [f4b34e38-07a5-4f57-a56b-ef1c9e62ea1c@group-D2114FC2E457-LeaderElection64] INFO  server.RaftServerConfigKeys (ConfUtils.java:logGet(43)) - raft.server.watch.timeout = 10s (default)
2019-10-04 18:12:27,451 [f4b34e38-07a5-4f57-a56b-ef1c9e62ea1c@group-D2114FC2E457-LeaderElection64] INFO  server.RaftServerConfigKeys (ConfUtils.java:logGet(43)) - raft.server.watch.timeout.denomination = 1s (default)
2019-10-04 18:12:27,451 [f4b34e38-07a5-4f57-a56b-ef1c9e62ea1c@group-D2114FC2E457-LeaderElection64] INFO  server.RaftServerConfigKeys (ConfUtils.java:logGet(43)) - raft.server.watch.element-limit = 65536 (default)
2019-10-04 18:12:27,453 [f4b34e38-07a5-4f57-a56b-ef1c9e62ea1c@group-D2114FC2E457-LeaderElection64] INFO  server.RaftServerConfigKeys (ConfUtils.java:logGet(43)) - raft.server.log.appender.snapshot.chunk.size.max = 16MB (=16777216) (default)
2019-10-04 18:12:27,453 [f4b34e38-07a5-4f57-a56b-ef1c9e62ea1c@group-D2114FC2E457-LeaderElection64] INFO  server.RaftServerConfigKeys (ConfUtils.java:logGet(43)) - raft.server.log.appender.buffer.byte-limit = 33554432 (custom)
2019-10-04 18:12:27,453 [f4b34e38-07a5-4f57-a56b-ef1c9e62ea1c@group-D2114FC2E457-LeaderElection64] INFO  server.RaftServerConfigKeys (ConfUtils.java:logGet(43)) - raft.server.log.appender.buffer.element-limit = 1 (custom)
2019-10-04 18:12:27,453 [f4b34e38-07a5-4f57-a56b-ef1c9e62ea1c@group-D2114FC2E457-LeaderElection64] INFO  grpc.GrpcConfigKeys$Server (ConfUtils.java:logGet(43)) - raft.grpc.server.leader.outstanding.appends.max = 128 (default)
2019-10-04 18:12:27,454 [f4b34e38-07a5-4f57-a56b-ef1c9e62ea1c@group-D2114FC2E457-LeaderElection64] INFO  server.RaftServerConfigKeys (ConfUtils.java:logGet(43)) - raft.server.rpc.request.timeout = 3000ms (default)
2019-10-04 18:12:27,454 [f4b34e38-07a5-4f57-a56b-ef1c9e62ea1c@group-D2114FC2E457-LeaderElection64] INFO  server.RaftServerConfigKeys (ConfUtils.java:logGet(43)) - raft.server.log.appender.install.snapshot.enabled = false (custom)
2019-10-04 18:12:27,454 [f4b34e38-07a5-4f57-a56b-ef1c9e62ea1c@group-D2114FC2E457-LeaderElection64] INFO  server.RaftServerConfigKeys (ConfUtils.java:logGet(43)) - raft.server.log.appender.snapshot.chunk.size.max = 16MB (=16777216) (default)
2019-10-04 18:12:27,454 [f4b34e38-07a5-4f57-a56b-ef1c9e62ea1c@group-D2114FC2E457-LeaderElection64] INFO  server.RaftServerConfigKeys (ConfUtils.java:logGet(43)) - raft.server.log.appender.buffer.byte-limit = 33554432 (custom)
2019-10-04 18:12:27,454 [f4b34e38-07a5-4f57-a56b-ef1c9e62ea1c@group-D2114FC2E457-LeaderElection64] INFO  server.RaftServerConfigKeys (ConfUtils.java:logGet(43)) - raft.server.log.appender.buffer.element-limit = 1 (custom)
2019-10-04 18:12:27,454 [f4b34e38-07a5-4f57-a56b-ef1c9e62ea1c@group-D2114FC2E457-LeaderElection64] INFO  grpc.GrpcConfigKeys$Server (ConfUtils.java:logGet(43)) - raft.grpc.server.leader.outstanding.appends.max = 128 (default)
2019-10-04 18:12:27,455 [f4b34e38-07a5-4f57-a56b-ef1c9e62ea1c@group-D2114FC2E457-LeaderElection64] INFO  server.RaftServerConfigKeys (ConfUtils.java:logGet(43)) - raft.server.rpc.request.timeout = 3000ms (default)
2019-10-04 18:12:27,455 [f4b34e38-07a5-4f57-a56b-ef1c9e62ea1c@group-D2114FC2E457-LeaderElection64] INFO  server.RaftServerConfigKeys (ConfUtils.java:logGet(43)) - raft.server.log.appender.install.snapshot.enabled = false (custom)
2019-10-04 18:12:27,455 [f4b34e38-07a5-4f57-a56b-ef1c9e62ea1c@group-D2114FC2E457-LeaderElection64] INFO  impl.RoleInfo (RoleInfo.java:updateAndGet(143)) - f4b34e38-07a5-4f57-a56b-ef1c9e62ea1c: start LeaderState
2019-10-04 18:12:27,455 [f4b34e38-07a5-4f57-a56b-ef1c9e62ea1c@group-D2114FC2E457-LeaderElection64] INFO  segmented.SegmentedRaftLogWorker (SegmentedRaftLogWorker.java:startLogSegment(385)) - f4b34e38-07a5-4f57-a56b-ef1c9e62ea1c@group-D2114FC2E457-SegmentedRaftLogWorker: Starting segment from index:0
2019-10-04 18:12:27,456 [f4b34e38-07a5-4f57-a56b-ef1c9e62ea1c@group-D2114FC2E457-LeaderElection64] INFO  impl.RaftServerImpl (ServerState.java:setRaftConf(356)) - f4b34e38-07a5-4f57-a56b-ef1c9e62ea1c@group-D2114FC2E457: set configuration 0: [f4b34e38-07a5-4f57-a56b-ef1c9e62ea1c:192.168.151.69:32845, 30aa774f-29ca-4455-b4d5-5ed245058eaf:192.168.151.69:44321, 98891705-e38f-42f0-9b87-1c4b8c7821c0:192.168.151.69:45801], old=null at 0
2019-10-04 18:12:27,458 [grpc-default-executor-11] INFO  impl.RaftServerImpl (ServerState.java:setLeader(255)) - 98891705-e38f-42f0-9b87-1c4b8c7821c0@group-D2114FC2E457: change Leader from null to f4b34e38-07a5-4f57-a56b-ef1c9e62ea1c at term 1 for appendEntries, leader elected after 5140ms
2019-10-04 18:12:27,486 [d268aedf-d4e8-4f2f-a332-db241945baf3@group-67CBA0B18DA3-SegmentedRaftLogWorker] INFO  segmented.SegmentedRaftLogWorker (SegmentedRaftLogWorker.java:execute(574)) - d268aedf-d4e8-4f2f-a332-db241945baf3@group-67CBA0B18DA3-SegmentedRaftLogWorker: created new log segment /workdir/hadoop-ozone/integration-test/target/test-dir/MiniOzoneClusterImpl-dcee263f-6b07-4fee-9faf-1f5df40be807/datanode-0/data/ratis/44dc4936-3540-4449-8153-67cba0b18da3/current/log_inprogress_0
2019-10-04 18:12:27,486 [323826f1-6e9f-4f69-9108-05e4f763e2ff@group-67CBA0B18DA3-SegmentedRaftLogWorker] INFO  segmented.SegmentedRaftLogWorker (SegmentedRaftLogWorker.java:execute(574)) - 323826f1-6e9f-4f69-9108-05e4f763e2ff@group-67CBA0B18DA3-SegmentedRaftLogWorker: created new log segment /workdir/hadoop-ozone/integration-test/target/test-dir/MiniOzoneClusterImpl-dcee263f-6b07-4fee-9faf-1f5df40be807/datanode-1/data/ratis/44dc4936-3540-4449-8153-67cba0b18da3/current/log_inprogress_0
2019-10-04 18:12:27,487 [98891705-e38f-42f0-9b87-1c4b8c7821c0@group-55A1CA8E0774-LeaderElection65] INFO  impl.LeaderElection (LeaderElection.java:askForVotes(178)) - 98891705-e38f-42f0-9b87-1c4b8c7821c0@group-55A1CA8E0774-LeaderElection65: begin an election at term 1 for -1: [98891705-e38f-42f0-9b87-1c4b8c7821c0:192.168.151.69:45801], old=null
2019-10-04 18:12:27,487 [grpc-default-executor-12] INFO  impl.RaftServerImpl (ServerState.java:setLeader(255)) - 30aa774f-29ca-4455-b4d5-5ed245058eaf@group-D2114FC2E457: change Leader from null to f4b34e38-07a5-4f57-a56b-ef1c9e62ea1c at term 1 for appendEntries, leader elected after 5169ms
2019-10-04 18:12:27,490 [98891705-e38f-42f0-9b87-1c4b8c7821c0@group-55A1CA8E0774-LeaderElection65] INFO  impl.RoleInfo (RoleInfo.java:shutdownLeaderElection(134)) - 98891705-e38f-42f0-9b87-1c4b8c7821c0: shutdown LeaderElection
2019-10-04 18:12:27,490 [98891705-e38f-42f0-9b87-1c4b8c7821c0@group-55A1CA8E0774-LeaderElection65] INFO  impl.RaftServerImpl (RaftServerImpl.java:setRole(170)) - 98891705-e38f-42f0-9b87-1c4b8c7821c0@group-55A1CA8E0774: changes role from CANDIDATE to LEADER at term 1 for changeToLeader
2019-10-04 18:12:27,493 [98891705-e38f-42f0-9b87-1c4b8c7821c0@group-55A1CA8E0774-LeaderElection65] INFO  impl.RaftServerImpl (ServerState.java:setLeader(255)) - 98891705-e38f-42f0-9b87-1c4b8c7821c0@group-55A1CA8E0774: change Leader from null to 98891705-e38f-42f0-9b87-1c4b8c7821c0 at term 1 for becomeLeader, leader elected after 5248ms
2019-10-04 18:12:27,493 [98891705-e38f-42f0-9b87-1c4b8c7821c0@group-55A1CA8E0774-LeaderElection65] INFO  server.RaftServerConfigKeys (ConfUtils.java:logGet(43)) - raft.server.staging.catchup.gap = 1000 (default)
2019-10-04 18:12:27,493 [98891705-e38f-42f0-9b87-1c4b8c7821c0@group-55A1CA8E0774-LeaderElection65] INFO  server.RaftServerConfigKeys (ConfUtils.java:logGet(43)) - raft.server.rpc.sleep.time = 25ms (default)
2019-10-04 18:12:27,496 [98891705-e38f-42f0-9b87-1c4b8c7821c0@group-55A1CA8E0774-LeaderElection65] INFO  server.RaftServerConfigKeys (ConfUtils.java:logGet(43)) - raft.server.write.element-limit = 4096 (default)
2019-10-04 18:12:27,496 [grpc-default-executor-6] INFO  impl.RaftServerImpl (ServerState.java:setRaftConf(356)) - 98891705-e38f-42f0-9b87-1c4b8c7821c0@group-D2114FC2E457: set configuration 0: [f4b34e38-07a5-4f57-a56b-ef1c9e62ea1c:192.168.151.69:32845, 30aa774f-29ca-4455-b4d5-5ed245058eaf:192.168.151.69:44321, 98891705-e38f-42f0-9b87-1c4b8c7821c0:192.168.151.69:45801], old=null at 0
2019-10-04 18:12:27,499 [grpc-default-executor-12] INFO  impl.RaftServerImpl (ServerState.java:setRaftConf(356)) - 30aa774f-29ca-4455-b4d5-5ed245058eaf@group-D2114FC2E457: set configuration 0: [f4b34e38-07a5-4f57-a56b-ef1c9e62ea1c:192.168.151.69:32845, 30aa774f-29ca-4455-b4d5-5ed245058eaf:192.168.151.69:44321, 98891705-e38f-42f0-9b87-1c4b8c7821c0:192.168.151.69:45801], old=null at 0
2019-10-04 18:12:27,499 [f4b34e38-07a5-4f57-a56b-ef1c9e62ea1c@group-D2114FC2E457-SegmentedRaftLogWorker] INFO  segmented.SegmentedRaftLogWorker (SegmentedRaftLogWorker.java:execute(574)) - f4b34e38-07a5-4f57-a56b-ef1c9e62ea1c@group-D2114FC2E457-SegmentedRaftLogWorker: created new log segment /workdir/hadoop-ozone/integration-test/target/test-dir/MiniOzoneClusterImpl-dcee263f-6b07-4fee-9faf-1f5df40be807/datanode-3/data/ratis/8e0393c3-81be-4c57-be57-d2114fc2e457/current/log_inprogress_0
2019-10-04 18:12:27,497 [98891705-e38f-42f0-9b87-1c4b8c7821c0@group-55A1CA8E0774-LeaderElection65] INFO  server.RaftServerConfigKeys (ConfUtils.java:logGet(43)) - raft.server.watch.timeout = 10s (default)
2019-10-04 18:12:27,500 [grpc-default-executor-12] INFO  segmented.SegmentedRaftLogWorker (SegmentedRaftLogWorker.java:startLogSegment(385)) - 30aa774f-29ca-4455-b4d5-5ed245058eaf@group-D2114FC2E457-SegmentedRaftLogWorker: Starting segment from index:0
2019-10-04 18:12:27,500 [grpc-default-executor-6] INFO  segmented.SegmentedRaftLogWorker (SegmentedRaftLogWorker.java:startLogSegment(385)) - 98891705-e38f-42f0-9b87-1c4b8c7821c0@group-D2114FC2E457-SegmentedRaftLogWorker: Starting segment from index:0
2019-10-04 18:12:27,500 [98891705-e38f-42f0-9b87-1c4b8c7821c0@group-55A1CA8E0774-LeaderElection65] INFO  server.RaftServerConfigKeys (ConfUtils.java:logGet(43)) - raft.server.watch.timeout.denomination = 1s (default)
2019-10-04 18:12:27,501 [98891705-e38f-42f0-9b87-1c4b8c7821c0@group-55A1CA8E0774-LeaderElection65] INFO  server.RaftServerConfigKeys (ConfUtils.java:logGet(43)) - raft.server.watch.element-limit = 65536 (default)
2019-10-04 18:12:27,504 [98891705-e38f-42f0-9b87-1c4b8c7821c0@group-55A1CA8E0774-LeaderElection65] INFO  impl.RoleInfo (RoleInfo.java:updateAndGet(143)) - 98891705-e38f-42f0-9b87-1c4b8c7821c0: start LeaderState
2019-10-04 18:12:27,504 [98891705-e38f-42f0-9b87-1c4b8c7821c0@group-55A1CA8E0774-LeaderElection65] INFO  segmented.SegmentedRaftLogWorker (SegmentedRaftLogWorker.java:startLogSegment(385)) - 98891705-e38f-42f0-9b87-1c4b8c7821c0@group-55A1CA8E0774-SegmentedRaftLogWorker: Starting segment from index:0
2019-10-04 18:12:27,505 [98891705-e38f-42f0-9b87-1c4b8c7821c0@group-55A1CA8E0774-LeaderElection65] INFO  impl.RaftServerImpl (ServerState.java:setRaftConf(356)) - 98891705-e38f-42f0-9b87-1c4b8c7821c0@group-55A1CA8E0774: set configuration 0: [98891705-e38f-42f0-9b87-1c4b8c7821c0:192.168.151.69:45801], old=null at 0
2019-10-04 18:12:27,560 [98891705-e38f-42f0-9b87-1c4b8c7821c0@group-55A1CA8E0774-SegmentedRaftLogWorker] INFO  segmented.SegmentedRaftLogWorker (SegmentedRaftLogWorker.java:execute(574)) - 98891705-e38f-42f0-9b87-1c4b8c7821c0@group-55A1CA8E0774-SegmentedRaftLogWorker: created new log segment /workdir/hadoop-ozone/integration-test/target/test-dir/MiniOzoneClusterImpl-dcee263f-6b07-4fee-9faf-1f5df40be807/datanode-5/data/ratis/88ec1810-79e7-47f2-b055-55a1ca8e0774/current/log_inprogress_0
2019-10-04 18:12:27,560 [30aa774f-29ca-4455-b4d5-5ed245058eaf@group-D2114FC2E457-SegmentedRaftLogWorker] INFO  segmented.SegmentedRaftLogWorker (SegmentedRaftLogWorker.java:execute(574)) - 30aa774f-29ca-4455-b4d5-5ed245058eaf@group-D2114FC2E457-SegmentedRaftLogWorker: created new log segment /workdir/hadoop-ozone/integration-test/target/test-dir/MiniOzoneClusterImpl-dcee263f-6b07-4fee-9faf-1f5df40be807/datanode-4/data/ratis/8e0393c3-81be-4c57-be57-d2114fc2e457/current/log_inprogress_0
2019-10-04 18:12:27,560 [98891705-e38f-42f0-9b87-1c4b8c7821c0@group-D2114FC2E457-SegmentedRaftLogWorker] INFO  segmented.SegmentedRaftLogWorker (SegmentedRaftLogWorker.java:execute(574)) - 98891705-e38f-42f0-9b87-1c4b8c7821c0@group-D2114FC2E457-SegmentedRaftLogWorker: created new log segment /workdir/hadoop-ozone/integration-test/target/test-dir/MiniOzoneClusterImpl-dcee263f-6b07-4fee-9faf-1f5df40be807/datanode-5/data/ratis/8e0393c3-81be-4c57-be57-d2114fc2e457/current/log_inprogress_0
2019-10-04 18:12:30,637 [Datanode State Machine Thread - 0] INFO  statemachine.DatanodeStateMachine (DatanodeStateMachine.java:lambda$startDaemon$0(350)) - Ozone container server started.
2019-10-04 18:12:34,708 [EventQueue-StaleNodeForStaleNodeHandler] INFO  node.StaleNodeHandler (StaleNodeHandler.java:onMessage(58)) - Datanode f4b34e38-07a5-4f57-a56b-ef1c9e62ea1c{ip: 192.168.151.69, host: pr-hdds-2251-hdm2b-3409562618, networkLocation: /default-rack, certSerialId: null} moved to stale state. Finalizing its pipelines [PipelineID=7480ab1d-837d-4e64-9592-c23c00748e38, PipelineID=8e0393c3-81be-4c57-be57-d2114fc2e457]
2019-10-04 18:12:34,709 [EventQueue-StaleNodeForStaleNodeHandler] INFO  pipeline.SCMPipelineManager (SCMPipelineManager.java:finalizeAndDestroyPipeline(315)) - destroying pipeline:Pipeline[ Id: 7480ab1d-837d-4e64-9592-c23c00748e38, Nodes: f4b34e38-07a5-4f57-a56b-ef1c9e62ea1c{ip: 192.168.151.69, host: pr-hdds-2251-hdm2b-3409562618, networkLocation: /default-rack, certSerialId: null}, Type:RATIS, Factor:ONE, State:OPEN]
2019-10-04 18:12:34,709 [EventQueue-StaleNodeForStaleNodeHandler] INFO  pipeline.PipelineStateManager (PipelineStateManager.java:finalizePipeline(123)) - Pipeline Pipeline[ Id: 7480ab1d-837d-4e64-9592-c23c00748e38, Nodes: f4b34e38-07a5-4f57-a56b-ef1c9e62ea1c{ip: 192.168.151.69, host: pr-hdds-2251-hdm2b-3409562618, networkLocation: /default-rack, certSerialId: null}, Type:RATIS, Factor:ONE, State:CLOSED] moved to CLOSED state
2019-10-04 18:12:34,710 [EventQueue-StaleNodeForStaleNodeHandler] INFO  pipeline.SCMPipelineManager (SCMPipelineManager.java:finalizeAndDestroyPipeline(315)) - destroying pipeline:Pipeline[ Id: 8e0393c3-81be-4c57-be57-d2114fc2e457, Nodes: f4b34e38-07a5-4f57-a56b-ef1c9e62ea1c{ip: 192.168.151.69, host: pr-hdds-2251-hdm2b-3409562618, networkLocation: /default-rack, certSerialId: null}30aa774f-29ca-4455-b4d5-5ed245058eaf{ip: 192.168.151.69, host: pr-hdds-2251-hdm2b-3409562618, networkLocation: /default-rack, certSerialId: null}98891705-e38f-42f0-9b87-1c4b8c7821c0{ip: 192.168.151.69, host: pr-hdds-2251-hdm2b-3409562618, networkLocation: /default-rack, certSerialId: null}, Type:RATIS, Factor:THREE, State:OPEN]
2019-10-04 18:12:34,710 [EventQueue-StaleNodeForStaleNodeHandler] INFO  pipeline.PipelineStateManager (PipelineStateManager.java:finalizePipeline(123)) - Pipeline Pipeline[ Id: 8e0393c3-81be-4c57-be57-d2114fc2e457, Nodes: f4b34e38-07a5-4f57-a56b-ef1c9e62ea1c{ip: 192.168.151.69, host: pr-hdds-2251-hdm2b-3409562618, networkLocation: /default-rack, certSerialId: null}30aa774f-29ca-4455-b4d5-5ed245058eaf{ip: 192.168.151.69, host: pr-hdds-2251-hdm2b-3409562618, networkLocation: /default-rack, certSerialId: null}98891705-e38f-42f0-9b87-1c4b8c7821c0{ip: 192.168.151.69, host: pr-hdds-2251-hdm2b-3409562618, networkLocation: /default-rack, certSerialId: null}, Type:RATIS, Factor:THREE, State:CLOSED] moved to CLOSED state
2019-10-04 18:12:34,710 [EventQueue-CloseContainerForCloseContainerEventHandler] INFO  container.CloseContainerEventHandler (CloseContainerEventHandler.java:onMessage(61)) - Close container Event triggered for container : #1
2019-10-04 18:12:34,813 [main] INFO  ozoneimpl.OzoneContainer (OzoneContainer.java:stop(231)) - Attempting to stop container services.
2019-10-04 18:12:34,817 [main] INFO  impl.RaftServerProxy (RaftServerProxy.java:lambda$close$4(314)) - f4b34e38-07a5-4f57-a56b-ef1c9e62ea1c: close
2019-10-04 18:12:34,818 [main] INFO  impl.RaftServerImpl (RaftServerImpl.java:lambda$shutdown$3(247)) - f4b34e38-07a5-4f57-a56b-ef1c9e62ea1c@group-C23C00748E38: shutdown
2019-10-04 18:12:34,818 [ForkJoinPool.commonPool-worker-0] INFO  impl.RaftServerImpl (RaftServerImpl.java:lambda$shutdown$3(247)) - f4b34e38-07a5-4f57-a56b-ef1c9e62ea1c@group-D2114FC2E457: shutdown
2019-10-04 18:12:34,818 [main] INFO  util.JmxRegister (JmxRegister.java:unregister(73)) - Successfully un-registered JMX Bean with object name Ratis:service=RaftServer,group=group-C23C00748E38,id=f4b34e38-07a5-4f57-a56b-ef1c9e62ea1c
2019-10-04 18:12:34,819 [ForkJoinPool.commonPool-worker-0] INFO  util.JmxRegister (JmxRegister.java:unregister(73)) - Successfully un-registered JMX Bean with object name Ratis:service=RaftServer,group=group-D2114FC2E457,id=f4b34e38-07a5-4f57-a56b-ef1c9e62ea1c
2019-10-04 18:12:34,819 [main] INFO  impl.RoleInfo (RoleInfo.java:shutdownLeaderState(104)) - f4b34e38-07a5-4f57-a56b-ef1c9e62ea1c: shutdown LeaderState
2019-10-04 18:12:34,819 [ForkJoinPool.commonPool-worker-0] INFO  impl.RoleInfo (RoleInfo.java:shutdownLeaderState(104)) - f4b34e38-07a5-4f57-a56b-ef1c9e62ea1c: shutdown LeaderState
2019-10-04 18:12:34,819 [main] INFO  impl.PendingRequests (PendingRequests.java:sendNotLeaderResponses(202)) - f4b34e38-07a5-4f57-a56b-ef1c9e62ea1c@group-C23C00748E38-PendingRequests: sendNotLeaderResponses
2019-10-04 18:12:34,829 [org.apache.ratis.server.impl.LogAppender$AppenderDaemon$$Lambda$522/1407241159@207c152] WARN  server.GrpcLogAppender (GrpcLogAppender.java:mayWait(143)) - f4b34e38-07a5-4f57-a56b-ef1c9e62ea1c@group-D2114FC2E457->30aa774f-29ca-4455-b4d5-5ed245058eaf-GrpcLogAppender: Wait interrupted by java.lang.InterruptedException
2019-10-04 18:12:34,828 [org.apache.ratis.server.impl.LogAppender$AppenderDaemon$$Lambda$522/1407241159@26bbc5b8] WARN  server.GrpcLogAppender (GrpcLogAppender.java:mayWait(143)) - f4b34e38-07a5-4f57-a56b-ef1c9e62ea1c@group-D2114FC2E457->98891705-e38f-42f0-9b87-1c4b8c7821c0-GrpcLogAppender: Wait interrupted by java.lang.InterruptedException
2019-10-04 18:12:34,828 [ForkJoinPool.commonPool-worker-0] INFO  impl.PendingRequests (PendingRequests.java:sendNotLeaderResponses(202)) - f4b34e38-07a5-4f57-a56b-ef1c9e62ea1c@group-D2114FC2E457-PendingRequests: sendNotLeaderResponses
2019-10-04 18:12:34,829 [main] INFO  impl.StateMachineUpdater (StateMachineUpdater.java:stopAndJoin(136)) - f4b34e38-07a5-4f57-a56b-ef1c9e62ea1c@group-C23C00748E38-StateMachineUpdater: set stopIndex = 0
2019-10-04 18:12:34,830 [grpc-default-executor-9] INFO  server.GrpcServerProtocolService (GrpcServerProtocolService.java:onCompleted(113)) - 30aa774f-29ca-4455-b4d5-5ed245058eaf: Completed APPEND_ENTRIES, lastRequest: f4b34e38-07a5-4f57-a56b-ef1c9e62ea1c->30aa774f-29ca-4455-b4d5-5ed245058eaf#18-t1, previous=(t:1, i:15), leaderCommit=15, initializing? false, entries: <empty>
2019-10-04 18:12:34,830 [grpc-default-executor-6] INFO  server.GrpcServerProtocolService (GrpcServerProtocolService.java:onCompleted(113)) - 98891705-e38f-42f0-9b87-1c4b8c7821c0: Completed APPEND_ENTRIES, lastRequest: f4b34e38-07a5-4f57-a56b-ef1c9e62ea1c->98891705-e38f-42f0-9b87-1c4b8c7821c0#18-t1, previous=(t:1, i:15), leaderCommit=15, initializing? false, entries: <empty>
2019-10-04 18:12:34,832 [f4b34e38-07a5-4f57-a56b-ef1c9e62ea1c@group-D2114FC2E457-StateMachineUpdater] INFO  ratis.ContainerStateMachine (ContainerStateMachine.java:takeSnapshot(293)) - group-D2114FC2E457: Taking a snapshot at:(t:1, i:13) file /workdir/hadoop-ozone/integration-test/target/test-dir/MiniOzoneClusterImpl-dcee263f-6b07-4fee-9faf-1f5df40be807/datanode-3/data/ratis/8e0393c3-81be-4c57-be57-d2114fc2e457/sm/snapshot.1_13
2019-10-04 18:12:34,832 [ForkJoinPool.commonPool-worker-0] INFO  impl.StateMachineUpdater (StateMachineUpdater.java:stopAndJoin(136)) - f4b34e38-07a5-4f57-a56b-ef1c9e62ea1c@group-D2114FC2E457-StateMachineUpdater: set stopIndex = 15
2019-10-04 18:12:34,832 [main] INFO  impl.RaftServerImpl (ServerState.java:close(387)) - f4b34e38-07a5-4f57-a56b-ef1c9e62ea1c@group-C23C00748E38: closes. applyIndex: 0
2019-10-04 18:12:34,832 [grpc-default-executor-6] INFO  server.GrpcLogAppender (GrpcLogAppender.java:onCompleted(293)) - f4b34e38-07a5-4f57-a56b-ef1c9e62ea1c@group-D2114FC2E457->98891705-e38f-42f0-9b87-1c4b8c7821c0-AppendLogResponseHandler: follower responses appendEntries COMPLETED
2019-10-04 18:12:34,832 [grpc-default-executor-9] INFO  server.GrpcLogAppender (GrpcLogAppender.java:onCompleted(293)) - f4b34e38-07a5-4f57-a56b-ef1c9e62ea1c@group-D2114FC2E457->30aa774f-29ca-4455-b4d5-5ed245058eaf-AppendLogResponseHandler: follower responses appendEntries COMPLETED
2019-10-04 18:12:34,833 [f4b34e38-07a5-4f57-a56b-ef1c9e62ea1c@group-C23C00748E38-SegmentedRaftLogWorker] INFO  segmented.SegmentedRaftLogWorker (SegmentedRaftLogWorker.java:run(316)) - f4b34e38-07a5-4f57-a56b-ef1c9e62ea1c@group-C23C00748E38-SegmentedRaftLogWorker was interrupted, exiting. There are 0 tasks remaining in the queue.
2019-10-04 18:12:34,837 [grpc-default-executor-6] INFO  impl.FollowerInfo (FollowerInfo.java:lambda$new$0(51)) - f4b34e38-07a5-4f57-a56b-ef1c9e62ea1c@group-D2114FC2E457->98891705-e38f-42f0-9b87-1c4b8c7821c0: nextIndex: updateUnconditionally 16 -> 15
2019-10-04 18:12:34,837 [grpc-default-executor-9] INFO  impl.FollowerInfo (FollowerInfo.java:lambda$new$0(51)) - f4b34e38-07a5-4f57-a56b-ef1c9e62ea1c@group-D2114FC2E457->30aa774f-29ca-4455-b4d5-5ed245058eaf: nextIndex: updateUnconditionally 16 -> 15
2019-10-04 18:12:34,843 [main] INFO  segmented.SegmentedRaftLogWorker (SegmentedRaftLogWorker.java:close(224)) - f4b34e38-07a5-4f57-a56b-ef1c9e62ea1c@group-C23C00748E38-SegmentedRaftLogWorker close()
2019-10-04 18:12:34,847 [f4b34e38-07a5-4f57-a56b-ef1c9e62ea1c@group-D2114FC2E457-StateMachineUpdater] INFO  ratis.ContainerStateMachine (ContainerStateMachine.java:takeSnapshot(304)) - group-D2114FC2E457: Finished taking a snapshot at:(t:1, i:13) file:/workdir/hadoop-ozone/integration-test/target/test-dir/MiniOzoneClusterImpl-dcee263f-6b07-4fee-9faf-1f5df40be807/datanode-3/data/ratis/8e0393c3-81be-4c57-be57-d2114fc2e457/sm/snapshot.1_13 time:16
2019-10-04 18:12:34,847 [f4b34e38-07a5-4f57-a56b-ef1c9e62ea1c@group-D2114FC2E457-StateMachineUpdater] INFO  impl.StateMachineUpdater (StateMachineUpdater.java:takeSnapshot(269)) - f4b34e38-07a5-4f57-a56b-ef1c9e62ea1c@group-D2114FC2E457-StateMachineUpdater: Took a snapshot at index 13
2019-10-04 18:12:34,848 [f4b34e38-07a5-4f57-a56b-ef1c9e62ea1c@group-D2114FC2E457-StateMachineUpdater] INFO  impl.StateMachineUpdater (StateMachineUpdater.java:lambda$new$0(84)) - f4b34e38-07a5-4f57-a56b-ef1c9e62ea1c@group-D2114FC2E457-StateMachineUpdater: snapshotIndex: updateIncreasingly -1 -> 13
2019-10-04 18:12:34,848 [f4b34e38-07a5-4f57-a56b-ef1c9e62ea1c@group-D2114FC2E457-StateMachineUpdater] INFO  ratis.ContainerStateMachine (ContainerStateMachine.java:takeSnapshot(293)) - group-D2114FC2E457: Taking a snapshot at:(t:1, i:13) file /workdir/hadoop-ozone/integration-test/target/test-dir/MiniOzoneClusterImpl-dcee263f-6b07-4fee-9faf-1f5df40be807/datanode-3/data/ratis/8e0393c3-81be-4c57-be57-d2114fc2e457/sm/snapshot.1_13
2019-10-04 18:12:34,860 [f4b34e38-07a5-4f57-a56b-ef1c9e62ea1c@group-D2114FC2E457-StateMachineUpdater] INFO  ratis.ContainerStateMachine (ContainerStateMachine.java:takeSnapshot(304)) - group-D2114FC2E457: Finished taking a snapshot at:(t:1, i:13) file:/workdir/hadoop-ozone/integration-test/target/test-dir/MiniOzoneClusterImpl-dcee263f-6b07-4fee-9faf-1f5df40be807/datanode-3/data/ratis/8e0393c3-81be-4c57-be57-d2114fc2e457/sm/snapshot.1_13 time:13
2019-10-04 18:12:34,860 [f4b34e38-07a5-4f57-a56b-ef1c9e62ea1c@group-D2114FC2E457-StateMachineUpdater] INFO  impl.StateMachineUpdater (StateMachineUpdater.java:takeSnapshot(269)) - f4b34e38-07a5-4f57-a56b-ef1c9e62ea1c@group-D2114FC2E457-StateMachineUpdater: Took a snapshot at index 13
2019-10-04 18:12:34,860 [f4b34e38-07a5-4f57-a56b-ef1c9e62ea1c@group-D2114FC2E457-StateMachineUpdater] INFO  impl.StateMachineUpdater (StateMachineUpdater.java:lambda$new$0(84)) - f4b34e38-07a5-4f57-a56b-ef1c9e62ea1c@group-D2114FC2E457-StateMachineUpdater: snapshotIndex: updateIncreasingly 13 -> 13
2019-10-04 18:12:34,860 [ForkJoinPool.commonPool-worker-0] INFO  impl.RaftServerImpl (ServerState.java:close(387)) - f4b34e38-07a5-4f57-a56b-ef1c9e62ea1c@group-D2114FC2E457: closes. applyIndex: 15
2019-10-04 18:12:34,861 [f4b34e38-07a5-4f57-a56b-ef1c9e62ea1c@group-D2114FC2E457-SegmentedRaftLogWorker] INFO  segmented.SegmentedRaftLogWorker (SegmentedRaftLogWorker.java:run(316)) - f4b34e38-07a5-4f57-a56b-ef1c9e62ea1c@group-D2114FC2E457-SegmentedRaftLogWorker was interrupted, exiting. There are 0 tasks remaining in the queue.
2019-10-04 18:12:34,862 [ForkJoinPool.commonPool-worker-0] INFO  segmented.SegmentedRaftLogWorker (SegmentedRaftLogWorker.java:close(224)) - f4b34e38-07a5-4f57-a56b-ef1c9e62ea1c@group-D2114FC2E457-SegmentedRaftLogWorker close()
2019-10-04 18:12:34,866 [main] INFO  server.GrpcService (GrpcService.java:closeImpl(164)) - f4b34e38-07a5-4f57-a56b-ef1c9e62ea1c: shutdown server with port 32845 now
2019-10-04 18:12:34,867 [grpc-default-executor-6] WARN  client.GrpcClientProtocolService (LogUtils.java:warn(134)) - 3-UnorderedRequestStreamObserver3: onError: org.apache.ratis.thirdparty.io.grpc.StatusRuntimeException: CANCELLED: cancelled before receiving half close
2019-10-04 18:12:34,867 [main] INFO  server.GrpcService (GrpcService.java:closeImpl(172)) - f4b34e38-07a5-4f57-a56b-ef1c9e62ea1c: shutdown server with port 32845 successfully
2019-10-04 18:12:34,871 [refreshUsed-/workdir/hadoop-ozone/integration-test/target/test-dir/MiniOzoneClusterImpl-dcee263f-6b07-4fee-9faf-1f5df40be807/datanode-3/data/containers] WARN  fs.CachingGetSpaceUsed (CachingGetSpaceUsed.java:run(183)) - Thread Interrupted waiting to refresh disk information: sleep interrupted
2019-10-04 18:12:34,882 [main] INFO  utils.BackgroundService (BackgroundService.java:shutdown(148)) - Shutting down service BlockDeletingService
2019-10-04 18:12:34,888 [main] INFO  statemachine.DatanodeStateMachine (DatanodeStateMachine.java:stopDaemon(395)) - Ozone container server stopped.
2019-10-04 18:12:34,889 [main] INFO  handler.ContextHandler (ContextHandler.java:doStop(910)) - Stopped o.e.j.w.WebAppContext@4ee8051c{/,null,UNAVAILABLE}{/hddsDatanode}
2019-10-04 18:12:34,890 [main] INFO  server.AbstractConnector (AbstractConnector.java:doStop(318)) - Stopped ServerConnector@53125718{HTTP/1.1,[http/1.1]}{0.0.0.0:0}
2019-10-04 18:12:34,890 [main] INFO  handler.ContextHandler (ContextHandler.java:doStop(910)) - Stopped o.e.j.s.ServletContextHandler@656c5c3{/static,jar:file:/home/user/.m2/repository/org/apache/hadoop/hadoop-hdds-container-service/0.5.0-SNAPSHOT/hadoop-hdds-container-service-0.5.0-SNAPSHOT.jar!/webapps/static,UNAVAILABLE}
2019-10-04 18:12:34,891 [main] INFO  handler.ContextHandler (ContextHandler.java:doStop(910)) - Stopped o.e.j.s.ServletContextHandler@b06d46d{/logs,file:///workdir/hadoop-ozone/integration-test/target/log,UNAVAILABLE}
2019-10-04 18:12:42,612 [Thread-3098] INFO  impl.FollowerState (FollowerState.java:run(108)) - 98891705-e38f-42f0-9b87-1c4b8c7821c0@group-D2114FC2E457-FollowerState: change to CANDIDATE, lastRpcTime:7806ms, electionTimeout:5015ms
2019-10-04 18:12:42,613 [Thread-3098] INFO  impl.RoleInfo (RoleInfo.java:shutdownFollowerState(121)) - 98891705-e38f-42f0-9b87-1c4b8c7821c0: shutdown FollowerState
2019-10-04 18:12:42,613 [Thread-3098] INFO  impl.RaftServerImpl (RaftServerImpl.java:setRole(170)) - 98891705-e38f-42f0-9b87-1c4b8c7821c0@group-D2114FC2E457: changes role from  FOLLOWER to CANDIDATE at term 1 for changeToCandidate
2019-10-04 18:12:42,613 [Thread-3098] INFO  impl.RoleInfo (RoleInfo.java:updateAndGet(143)) - 98891705-e38f-42f0-9b87-1c4b8c7821c0: start LeaderElection
2019-10-04 18:12:42,617 [98891705-e38f-42f0-9b87-1c4b8c7821c0@group-D2114FC2E457-LeaderElection66] INFO  impl.RaftServerImpl (ServerState.java:setLeader(255)) - 98891705-e38f-42f0-9b87-1c4b8c7821c0@group-D2114FC2E457: change Leader from f4b34e38-07a5-4f57-a56b-ef1c9e62ea1c to null at term 1 for initElection
2019-10-04 18:12:42,631 [98891705-e38f-42f0-9b87-1c4b8c7821c0@group-D2114FC2E457-LeaderElection66] INFO  impl.LeaderElection (LeaderElection.java:askForVotes(178)) - 98891705-e38f-42f0-9b87-1c4b8c7821c0@group-D2114FC2E457-LeaderElection66: begin an election at term 2 for 0: [f4b34e38-07a5-4f57-a56b-ef1c9e62ea1c:192.168.151.69:32845, 30aa774f-29ca-4455-b4d5-5ed245058eaf:192.168.151.69:44321, 98891705-e38f-42f0-9b87-1c4b8c7821c0:192.168.151.69:45801], old=null
2019-10-04 18:12:42,634 [98891705-e38f-42f0-9b87-1c4b8c7821c0@group-D2114FC2E457-LeaderElection66] INFO  impl.LeaderElection (LogUtils.java:infoOrTrace(149)) - 98891705-e38f-42f0-9b87-1c4b8c7821c0@group-D2114FC2E457-LeaderElection66 got exception when requesting votes: {}
java.util.concurrent.ExecutionException: org.apache.ratis.thirdparty.io.grpc.StatusRuntimeException: UNAVAILABLE: io exception
	at java.util.concurrent.FutureTask.report(FutureTask.java:122)
	at java.util.concurrent.FutureTask.get(FutureTask.java:192)
	at org.apache.ratis.server.impl.LeaderElection.waitForResults(LeaderElection.java:259)
	at org.apache.ratis.server.impl.LeaderElection.askForVotes(LeaderElection.java:197)
	at org.apache.ratis.server.impl.LeaderElection.run(LeaderElection.java:133)
	at java.lang.Thread.run(Thread.java:748)
Caused by: org.apache.ratis.thirdparty.io.grpc.StatusRuntimeException: UNAVAILABLE: io exception
	at org.apache.ratis.thirdparty.io.grpc.stub.ClientCalls.toStatusRuntimeException(ClientCalls.java:233)
	at org.apache.ratis.thirdparty.io.grpc.stub.ClientCalls.getUnchecked(ClientCalls.java:214)
	at org.apache.ratis.thirdparty.io.grpc.stub.ClientCalls.blockingUnaryCall(ClientCalls.java:139)
	at org.apache.ratis.proto.grpc.RaftServerProtocolServiceGrpc$RaftServerProtocolServiceBlockingStub.requestVote(RaftServerProtocolServiceGrpc.java:265)
	at org.apache.ratis.grpc.server.GrpcServerProtocolClient.requestVote(GrpcServerProtocolClient.java:99)
	at org.apache.ratis.grpc.server.GrpcService.requestVote(GrpcService.java:204)
	at org.apache.ratis.server.impl.LeaderElection.lambda$submitRequests$1(LeaderElection.java:234)
	at java.util.concurrent.FutureTask.run(FutureTask.java:266)
	at java.util.concurrent.Executors$RunnableAdapter.call(Executors.java:511)
	at java.util.concurrent.FutureTask.run(FutureTask.java:266)
	at java.util.concurrent.ThreadPoolExecutor.runWorker(ThreadPoolExecutor.java:1149)
	at java.util.concurrent.ThreadPoolExecutor$Worker.run(ThreadPoolExecutor.java:624)
	... 1 more
Caused by: org.apache.ratis.thirdparty.io.netty.channel.AbstractChannel$AnnotatedConnectException: Connection refused: /192.168.151.69:32845
	at sun.nio.ch.SocketChannelImpl.checkConnect(Native Method)
	at sun.nio.ch.SocketChannelImpl.finishConnect(SocketChannelImpl.java:717)
	at org.apache.ratis.thirdparty.io.netty.channel.socket.nio.NioSocketChannel.doFinishConnect(NioSocketChannel.java:327)
	at org.apache.ratis.thirdparty.io.netty.channel.nio.AbstractNioChannel$AbstractNioUnsafe.finishConnect(AbstractNioChannel.java:340)
	at org.apache.ratis.thirdparty.io.netty.channel.nio.NioEventLoop.processSelectedKey(NioEventLoop.java:632)
	at org.apache.ratis.thirdparty.io.netty.channel.nio.NioEventLoop.processSelectedKeysOptimized(NioEventLoop.java:579)
	at org.apache.ratis.thirdparty.io.netty.channel.nio.NioEventLoop.processSelectedKeys(NioEventLoop.java:496)
	at org.apache.ratis.thirdparty.io.netty.channel.nio.NioEventLoop.run(NioEventLoop.java:458)
	at org.apache.ratis.thirdparty.io.netty.util.concurrent.SingleThreadEventExecutor$5.run(SingleThreadEventExecutor.java:897)
	at org.apache.ratis.thirdparty.io.netty.util.concurrent.FastThreadLocalRunnable.run(FastThreadLocalRunnable.java:30)
	... 1 more
Caused by: java.net.ConnectException: Connection refused
	... 11 more
2019-10-04 18:12:42,639 [grpc-default-executor-9] INFO  impl.RaftServerImpl (ServerState.java:setLeader(255)) - 30aa774f-29ca-4455-b4d5-5ed245058eaf@group-D2114FC2E457: change Leader from f4b34e38-07a5-4f57-a56b-ef1c9e62ea1c to null at term 2 for updateCurrentTerm
2019-10-04 18:12:42,639 [grpc-default-executor-9] INFO  impl.RaftServerImpl (RaftServerImpl.java:setRole(170)) - 30aa774f-29ca-4455-b4d5-5ed245058eaf@group-D2114FC2E457: changes role from  FOLLOWER to FOLLOWER at term 2 for recognizeCandidate:98891705-e38f-42f0-9b87-1c4b8c7821c0
2019-10-04 18:12:42,639 [grpc-default-executor-9] INFO  impl.RoleInfo (RoleInfo.java:shutdownFollowerState(121)) - 30aa774f-29ca-4455-b4d5-5ed245058eaf: shutdown FollowerState
2019-10-04 18:12:42,639 [grpc-default-executor-9] INFO  impl.RoleInfo (RoleInfo.java:updateAndGet(143)) - 30aa774f-29ca-4455-b4d5-5ed245058eaf: start FollowerState
2019-10-04 18:12:42,640 [Thread-3099] INFO  impl.FollowerState (FollowerState.java:run(117)) - 30aa774f-29ca-4455-b4d5-5ed245058eaf@group-D2114FC2E457-FollowerState was interrupted: java.lang.InterruptedException: sleep interrupted
2019-10-04 18:12:42,660 [98891705-e38f-42f0-9b87-1c4b8c7821c0@group-D2114FC2E457-LeaderElection66] INFO  impl.LeaderElection (LeaderElection.java:logAndReturn(56)) - 98891705-e38f-42f0-9b87-1c4b8c7821c0@group-D2114FC2E457-LeaderElection66: Election PASSED; received 1 response(s) [98891705-e38f-42f0-9b87-1c4b8c7821c0<-30aa774f-29ca-4455-b4d5-5ed245058eaf#0:OK-t2] and 1 exception(s); 98891705-e38f-42f0-9b87-1c4b8c7821c0@group-D2114FC2E457:t2, leader=null, voted=98891705-e38f-42f0-9b87-1c4b8c7821c0, raftlog=98891705-e38f-42f0-9b87-1c4b8c7821c0@group-D2114FC2E457-SegmentedRaftLog:OPENED:c15,f15,i15, conf=0: [f4b34e38-07a5-4f57-a56b-ef1c9e62ea1c:192.168.151.69:32845, 30aa774f-29ca-4455-b4d5-5ed245058eaf:192.168.151.69:44321, 98891705-e38f-42f0-9b87-1c4b8c7821c0:192.168.151.69:45801], old=null
2019-10-04 18:12:42,660 [98891705-e38f-42f0-9b87-1c4b8c7821c0@group-D2114FC2E457-LeaderElection66] INFO  impl.LeaderElection (LogUtils.java:infoOrTrace(149)) -   Exception 0: {}
java.util.concurrent.ExecutionException: org.apache.ratis.thirdparty.io.grpc.StatusRuntimeException: UNAVAILABLE: io exception
	at java.util.concurrent.FutureTask.report(FutureTask.java:122)
	at java.util.concurrent.FutureTask.get(FutureTask.java:192)
	at org.apache.ratis.server.impl.LeaderElection.waitForResults(LeaderElection.java:259)
	at org.apache.ratis.server.impl.LeaderElection.askForVotes(LeaderElection.java:197)
	at org.apache.ratis.server.impl.LeaderElection.run(LeaderElection.java:133)
	at java.lang.Thread.run(Thread.java:748)
Caused by: org.apache.ratis.thirdparty.io.grpc.StatusRuntimeException: UNAVAILABLE: io exception
	at org.apache.ratis.thirdparty.io.grpc.stub.ClientCalls.toStatusRuntimeException(ClientCalls.java:233)
	at org.apache.ratis.thirdparty.io.grpc.stub.ClientCalls.getUnchecked(ClientCalls.java:214)
	at org.apache.ratis.thirdparty.io.grpc.stub.ClientCalls.blockingUnaryCall(ClientCalls.java:139)
	at org.apache.ratis.proto.grpc.RaftServerProtocolServiceGrpc$RaftServerProtocolServiceBlockingStub.requestVote(RaftServerProtocolServiceGrpc.java:265)
	at org.apache.ratis.grpc.server.GrpcServerProtocolClient.requestVote(GrpcServerProtocolClient.java:99)
	at org.apache.ratis.grpc.server.GrpcService.requestVote(GrpcService.java:204)
	at org.apache.ratis.server.impl.LeaderElection.lambda$submitRequests$1(LeaderElection.java:234)
	at java.util.concurrent.FutureTask.run(FutureTask.java:266)
	at java.util.concurrent.Executors$RunnableAdapter.call(Executors.java:511)
	at java.util.concurrent.FutureTask.run(FutureTask.java:266)
	at java.util.concurrent.ThreadPoolExecutor.runWorker(ThreadPoolExecutor.java:1149)
	at java.util.concurrent.ThreadPoolExecutor$Worker.run(ThreadPoolExecutor.java:624)
	... 1 more
Caused by: org.apache.ratis.thirdparty.io.netty.channel.AbstractChannel$AnnotatedConnectException: Connection refused: /192.168.151.69:32845
	at sun.nio.ch.SocketChannelImpl.checkConnect(Native Method)
	at sun.nio.ch.SocketChannelImpl.finishConnect(SocketChannelImpl.java:717)
	at org.apache.ratis.thirdparty.io.netty.channel.socket.nio.NioSocketChannel.doFinishConnect(NioSocketChannel.java:327)
	at org.apache.ratis.thirdparty.io.netty.channel.nio.AbstractNioChannel$AbstractNioUnsafe.finishConnect(AbstractNioChannel.java:340)
	at org.apache.ratis.thirdparty.io.netty.channel.nio.NioEventLoop.processSelectedKey(NioEventLoop.java:632)
	at org.apache.ratis.thirdparty.io.netty.channel.nio.NioEventLoop.processSelectedKeysOptimized(NioEventLoop.java:579)
	at org.apache.ratis.thirdparty.io.netty.channel.nio.NioEventLoop.processSelectedKeys(NioEventLoop.java:496)
	at org.apache.ratis.thirdparty.io.netty.channel.nio.NioEventLoop.run(NioEventLoop.java:458)
	at org.apache.ratis.thirdparty.io.netty.util.concurrent.SingleThreadEventExecutor$5.run(SingleThreadEventExecutor.java:897)
	at org.apache.ratis.thirdparty.io.netty.util.concurrent.FastThreadLocalRunnable.run(FastThreadLocalRunnable.java:30)
	... 1 more
Caused by: java.net.ConnectException: Connection refused
	... 11 more
2019-10-04 18:12:42,660 [98891705-e38f-42f0-9b87-1c4b8c7821c0@group-D2114FC2E457-LeaderElection66] INFO  impl.RoleInfo (RoleInfo.java:shutdownLeaderElection(134)) - 98891705-e38f-42f0-9b87-1c4b8c7821c0: shutdown LeaderElection
2019-10-04 18:12:42,660 [98891705-e38f-42f0-9b87-1c4b8c7821c0@group-D2114FC2E457-LeaderElection66] INFO  impl.RaftServerImpl (RaftServerImpl.java:setRole(170)) - 98891705-e38f-42f0-9b87-1c4b8c7821c0@group-D2114FC2E457: changes role from CANDIDATE to LEADER at term 2 for changeToLeader
2019-10-04 18:12:42,660 [98891705-e38f-42f0-9b87-1c4b8c7821c0@group-D2114FC2E457-LeaderElection66] INFO  impl.RaftServerImpl (ServerState.java:setLeader(255)) - 98891705-e38f-42f0-9b87-1c4b8c7821c0@group-D2114FC2E457: change Leader from null to 98891705-e38f-42f0-9b87-1c4b8c7821c0 at term 2 for becomeLeader, leader elected after 43ms
2019-10-04 18:12:42,661 [98891705-e38f-42f0-9b87-1c4b8c7821c0@group-D2114FC2E457-LeaderElection66] INFO  server.RaftServerConfigKeys (ConfUtils.java:logGet(43)) - raft.server.staging.catchup.gap = 1000 (default)
2019-10-04 18:12:42,661 [98891705-e38f-42f0-9b87-1c4b8c7821c0@group-D2114FC2E457-LeaderElection66] INFO  server.RaftServerConfigKeys (ConfUtils.java:logGet(43)) - raft.server.rpc.sleep.time = 25ms (default)
2019-10-04 18:12:42,661 [98891705-e38f-42f0-9b87-1c4b8c7821c0@group-D2114FC2E457-LeaderElection66] INFO  server.RaftServerConfigKeys (ConfUtils.java:logGet(43)) - raft.server.write.element-limit = 4096 (default)
2019-10-04 18:12:42,661 [98891705-e38f-42f0-9b87-1c4b8c7821c0@group-D2114FC2E457-LeaderElection66] INFO  server.RaftServerConfigKeys (ConfUtils.java:logGet(43)) - raft.server.watch.timeout = 10s (default)
2019-10-04 18:12:42,661 [98891705-e38f-42f0-9b87-1c4b8c7821c0@group-D2114FC2E457-LeaderElection66] INFO  server.RaftServerConfigKeys (ConfUtils.java:logGet(43)) - raft.server.watch.timeout.denomination = 1s (default)
2019-10-04 18:12:42,661 [98891705-e38f-42f0-9b87-1c4b8c7821c0@group-D2114FC2E457-LeaderElection66] INFO  server.RaftServerConfigKeys (ConfUtils.java:logGet(43)) - raft.server.watch.element-limit = 65536 (default)
2019-10-04 18:12:42,664 [98891705-e38f-42f0-9b87-1c4b8c7821c0@group-D2114FC2E457-LeaderElection66] INFO  server.RaftServerConfigKeys (ConfUtils.java:logGet(43)) - raft.server.log.appender.snapshot.chunk.size.max = 16MB (=16777216) (default)
2019-10-04 18:12:42,664 [98891705-e38f-42f0-9b87-1c4b8c7821c0@group-D2114FC2E457-LeaderElection66] INFO  server.RaftServerConfigKeys (ConfUtils.java:logGet(43)) - raft.server.log.appender.buffer.byte-limit = 33554432 (custom)
2019-10-04 18:12:42,664 [98891705-e38f-42f0-9b87-1c4b8c7821c0@group-D2114FC2E457-LeaderElection66] INFO  server.RaftServerConfigKeys (ConfUtils.java:logGet(43)) - raft.server.log.appender.buffer.element-limit = 1 (custom)
2019-10-04 18:12:42,664 [98891705-e38f-42f0-9b87-1c4b8c7821c0@group-D2114FC2E457-LeaderElection66] INFO  grpc.GrpcConfigKeys$Server (ConfUtils.java:logGet(43)) - raft.grpc.server.leader.outstanding.appends.max = 128 (default)
2019-10-04 18:12:42,664 [98891705-e38f-42f0-9b87-1c4b8c7821c0@group-D2114FC2E457-LeaderElection66] INFO  server.RaftServerConfigKeys (ConfUtils.java:logGet(43)) - raft.server.rpc.request.timeout = 3000ms (default)
2019-10-04 18:12:42,664 [98891705-e38f-42f0-9b87-1c4b8c7821c0@group-D2114FC2E457-LeaderElection66] INFO  server.RaftServerConfigKeys (ConfUtils.java:logGet(43)) - raft.server.log.appender.install.snapshot.enabled = false (custom)
2019-10-04 18:12:42,665 [98891705-e38f-42f0-9b87-1c4b8c7821c0@group-D2114FC2E457-LeaderElection66] INFO  server.RaftServerConfigKeys (ConfUtils.java:logGet(43)) - raft.server.log.appender.snapshot.chunk.size.max = 16MB (=16777216) (default)
2019-10-04 18:12:42,665 [98891705-e38f-42f0-9b87-1c4b8c7821c0@group-D2114FC2E457-LeaderElection66] INFO  server.RaftServerConfigKeys (ConfUtils.java:logGet(43)) - raft.server.log.appender.buffer.byte-limit = 33554432 (custom)
2019-10-04 18:12:42,665 [98891705-e38f-42f0-9b87-1c4b8c7821c0@group-D2114FC2E457-LeaderElection66] INFO  server.RaftServerConfigKeys (ConfUtils.java:logGet(43)) - raft.server.log.appender.buffer.element-limit = 1 (custom)
2019-10-04 18:12:42,665 [98891705-e38f-42f0-9b87-1c4b8c7821c0@group-D2114FC2E457-LeaderElection66] INFO  grpc.GrpcConfigKeys$Server (ConfUtils.java:logGet(43)) - raft.grpc.server.leader.outstanding.appends.max = 128 (default)
2019-10-04 18:12:42,665 [98891705-e38f-42f0-9b87-1c4b8c7821c0@group-D2114FC2E457-LeaderElection66] INFO  server.RaftServerConfigKeys (ConfUtils.java:logGet(43)) - raft.server.rpc.request.timeout = 3000ms (default)
2019-10-04 18:12:42,665 [98891705-e38f-42f0-9b87-1c4b8c7821c0@group-D2114FC2E457-LeaderElection66] INFO  server.RaftServerConfigKeys (ConfUtils.java:logGet(43)) - raft.server.log.appender.install.snapshot.enabled = false (custom)
2019-10-04 18:12:42,665 [98891705-e38f-42f0-9b87-1c4b8c7821c0@group-D2114FC2E457-LeaderElection66] INFO  impl.RoleInfo (RoleInfo.java:updateAndGet(143)) - 98891705-e38f-42f0-9b87-1c4b8c7821c0: start LeaderState
2019-10-04 18:12:42,666 [98891705-e38f-42f0-9b87-1c4b8c7821c0@group-D2114FC2E457-LeaderElection66] INFO  segmented.SegmentedRaftLogWorker (SegmentedRaftLogWorker.java:rollLogSegment(390)) - 98891705-e38f-42f0-9b87-1c4b8c7821c0@group-D2114FC2E457-SegmentedRaftLogWorker: Rolling segment log-0_15 to index:15
2019-10-04 18:12:42,668 [98891705-e38f-42f0-9b87-1c4b8c7821c0@group-D2114FC2E457-SegmentedRaftLogWorker] INFO  segmented.SegmentedRaftLogWorker (SegmentedRaftLogWorker.java:execute(531)) - 98891705-e38f-42f0-9b87-1c4b8c7821c0@group-D2114FC2E457-SegmentedRaftLogWorker: Rolled log segment from /workdir/hadoop-ozone/integration-test/target/test-dir/MiniOzoneClusterImpl-dcee263f-6b07-4fee-9faf-1f5df40be807/datanode-5/data/ratis/8e0393c3-81be-4c57-be57-d2114fc2e457/current/log_inprogress_0 to /workdir/hadoop-ozone/integration-test/target/test-dir/MiniOzoneClusterImpl-dcee263f-6b07-4fee-9faf-1f5df40be807/datanode-5/data/ratis/8e0393c3-81be-4c57-be57-d2114fc2e457/current/log_0-15
2019-10-04 18:12:42,668 [98891705-e38f-42f0-9b87-1c4b8c7821c0@group-D2114FC2E457-LeaderElection66] INFO  impl.RaftServerImpl (ServerState.java:setRaftConf(356)) - 98891705-e38f-42f0-9b87-1c4b8c7821c0@group-D2114FC2E457: set configuration 16: [f4b34e38-07a5-4f57-a56b-ef1c9e62ea1c:192.168.151.69:32845, 30aa774f-29ca-4455-b4d5-5ed245058eaf:192.168.151.69:44321, 98891705-e38f-42f0-9b87-1c4b8c7821c0:192.168.151.69:45801], old=null at 16
2019-10-04 18:12:42,671 [grpc-default-executor-9] WARN  server.GrpcLogAppender (LogUtils.java:warn(134)) - 98891705-e38f-42f0-9b87-1c4b8c7821c0@group-D2114FC2E457->f4b34e38-07a5-4f57-a56b-ef1c9e62ea1c-AppendLogResponseHandler: Failed appendEntries: org.apache.ratis.thirdparty.io.grpc.StatusRuntimeException: UNAVAILABLE: io exception
2019-10-04 18:12:42,674 [grpc-default-executor-9] INFO  impl.FollowerInfo (FollowerInfo.java:lambda$new$0(51)) - 98891705-e38f-42f0-9b87-1c4b8c7821c0@group-D2114FC2E457->f4b34e38-07a5-4f57-a56b-ef1c9e62ea1c: nextIndex: updateUnconditionally 16 -> 1
2019-10-04 18:12:42,675 [grpc-default-executor-9] INFO  impl.RaftServerImpl (ServerState.java:setLeader(255)) - 30aa774f-29ca-4455-b4d5-5ed245058eaf@group-D2114FC2E457: change Leader from null to 98891705-e38f-42f0-9b87-1c4b8c7821c0 at term 2 for appendEntries, leader elected after 36ms
2019-10-04 18:12:42,677 [grpc-default-executor-9] INFO  impl.RaftServerImpl (ServerState.java:setRaftConf(356)) - 30aa774f-29ca-4455-b4d5-5ed245058eaf@group-D2114FC2E457: set configuration 16: [f4b34e38-07a5-4f57-a56b-ef1c9e62ea1c:192.168.151.69:32845, 30aa774f-29ca-4455-b4d5-5ed245058eaf:192.168.151.69:44321, 98891705-e38f-42f0-9b87-1c4b8c7821c0:192.168.151.69:45801], old=null at 16
2019-10-04 18:12:42,678 [grpc-default-executor-9] INFO  segmented.SegmentedRaftLogWorker (SegmentedRaftLogWorker.java:rollLogSegment(390)) - 30aa774f-29ca-4455-b4d5-5ed245058eaf@group-D2114FC2E457-SegmentedRaftLogWorker: Rolling segment log-0_15 to index:15
2019-10-04 18:12:42,678 [30aa774f-29ca-4455-b4d5-5ed245058eaf@group-D2114FC2E457-SegmentedRaftLogWorker] INFO  segmented.SegmentedRaftLogWorker (SegmentedRaftLogWorker.java:execute(531)) - 30aa774f-29ca-4455-b4d5-5ed245058eaf@group-D2114FC2E457-SegmentedRaftLogWorker: Rolled log segment from /workdir/hadoop-ozone/integration-test/target/test-dir/MiniOzoneClusterImpl-dcee263f-6b07-4fee-9faf-1f5df40be807/datanode-4/data/ratis/8e0393c3-81be-4c57-be57-d2114fc2e457/current/log_inprogress_0 to /workdir/hadoop-ozone/integration-test/target/test-dir/MiniOzoneClusterImpl-dcee263f-6b07-4fee-9faf-1f5df40be807/datanode-4/data/ratis/8e0393c3-81be-4c57-be57-d2114fc2e457/current/log_0-15
2019-10-04 18:12:42,723 [98891705-e38f-42f0-9b87-1c4b8c7821c0@group-D2114FC2E457-SegmentedRaftLogWorker] INFO  segmented.SegmentedRaftLogWorker (SegmentedRaftLogWorker.java:execute(574)) - 98891705-e38f-42f0-9b87-1c4b8c7821c0@group-D2114FC2E457-SegmentedRaftLogWorker: created new log segment /workdir/hadoop-ozone/integration-test/target/test-dir/MiniOzoneClusterImpl-dcee263f-6b07-4fee-9faf-1f5df40be807/datanode-5/data/ratis/8e0393c3-81be-4c57-be57-d2114fc2e457/current/log_inprogress_16
2019-10-04 18:12:42,726 [30aa774f-29ca-4455-b4d5-5ed245058eaf@group-D2114FC2E457-SegmentedRaftLogWorker] INFO  segmented.SegmentedRaftLogWorker (SegmentedRaftLogWorker.java:execute(574)) - 30aa774f-29ca-4455-b4d5-5ed245058eaf@group-D2114FC2E457-SegmentedRaftLogWorker: created new log segment /workdir/hadoop-ozone/integration-test/target/test-dir/MiniOzoneClusterImpl-dcee263f-6b07-4fee-9faf-1f5df40be807/datanode-4/data/ratis/8e0393c3-81be-4c57-be57-d2114fc2e457/current/log_inprogress_16
2019-10-04 18:12:42,749 [grpc-default-executor-6] WARN  server.GrpcLogAppender (LogUtils.java:warn(134)) - 98891705-e38f-42f0-9b87-1c4b8c7821c0@group-D2114FC2E457->f4b34e38-07a5-4f57-a56b-ef1c9e62ea1c-AppendLogResponseHandler: Failed appendEntries: org.apache.ratis.thirdparty.io.grpc.StatusRuntimeException: UNAVAILABLE: io exception
2019-10-04 18:12:42,749 [grpc-default-executor-6] INFO  impl.FollowerInfo (FollowerInfo.java:lambda$new$0(51)) - 98891705-e38f-42f0-9b87-1c4b8c7821c0@group-D2114FC2E457->f4b34e38-07a5-4f57-a56b-ef1c9e62ea1c: nextIndex: updateUnconditionally 2 -> 1
18:12:43.038 [grpc-default-executor-6] ERROR DNAudit - user=null | ip=null | op=WRITE_CHUNK {blockData=conID: 1 locID: 102905462283829261 bcsId: 13} | ret=FAILURE
org.apache.hadoop.hdds.scm.container.common.helpers.ContainerNotOpenException: Container 1 in CLOSING state
	at org.apache.hadoop.ozone.container.common.impl.HddsDispatcher.validateContainerCommand(HddsDispatcher.java:434) ~[hadoop-hdds-container-service-0.5.0-SNAPSHOT.jar:?]
	at org.apache.hadoop.ozone.container.common.transport.server.ratis.ContainerStateMachine.startTransaction(ContainerStateMachine.java:319) ~[hadoop-hdds-container-service-0.5.0-SNAPSHOT.jar:?]
	at org.apache.ratis.server.impl.RaftServerImpl.submitClientRequestAsync(RaftServerImpl.java:569) ~[ratis-server-0.5.0-201fc85-SNAPSHOT.jar:0.5.0-201fc85-SNAPSHOT]
	at org.apache.ratis.server.impl.RaftServerProxy.lambda$submitClientRequestAsync$7(RaftServerProxy.java:333) ~[ratis-server-0.5.0-201fc85-SNAPSHOT.jar:0.5.0-201fc85-SNAPSHOT]
	at org.apache.ratis.server.impl.RaftServerProxy.lambda$null$5(RaftServerProxy.java:328) ~[ratis-server-0.5.0-201fc85-SNAPSHOT.jar:0.5.0-201fc85-SNAPSHOT]
	at org.apache.ratis.util.JavaUtils.callAsUnchecked(JavaUtils.java:109) ~[ratis-common-0.5.0-201fc85-SNAPSHOT.jar:0.5.0-201fc85-SNAPSHOT]
	at org.apache.ratis.server.impl.RaftServerProxy.lambda$submitRequest$6(RaftServerProxy.java:328) ~[ratis-server-0.5.0-201fc85-SNAPSHOT.jar:0.5.0-201fc85-SNAPSHOT]
	at java.util.concurrent.CompletableFuture.uniComposeStage(CompletableFuture.java:981) ~[?:1.8.0_212]
	at java.util.concurrent.CompletableFuture.thenCompose(CompletableFuture.java:2124) ~[?:1.8.0_212]
	at org.apache.ratis.server.impl.RaftServerProxy.submitRequest(RaftServerProxy.java:327) ~[ratis-server-0.5.0-201fc85-SNAPSHOT.jar:0.5.0-201fc85-SNAPSHOT]
	at org.apache.ratis.server.impl.RaftServerProxy.submitClientRequestAsync(RaftServerProxy.java:333) ~[ratis-server-0.5.0-201fc85-SNAPSHOT.jar:0.5.0-201fc85-SNAPSHOT]
	at org.apache.ratis.grpc.client.GrpcClientProtocolService$RequestStreamObserver.processClientRequest(GrpcClientProtocolService.java:220) ~[ratis-grpc-0.5.0-201fc85-SNAPSHOT.jar:0.5.0-201fc85-SNAPSHOT]
	at org.apache.ratis.grpc.client.GrpcClientProtocolService$OrderedRequestStreamObserver.processClientRequest(GrpcClientProtocolService.java:326) ~[ratis-grpc-0.5.0-201fc85-SNAPSHOT.jar:0.5.0-201fc85-SNAPSHOT]
	at org.apache.ratis.util.SlidingWindow$Server.processRequestsFromHead(SlidingWindow.java:429) [ratis-common-0.5.0-201fc85-SNAPSHOT.jar:0.5.0-201fc85-SNAPSHOT]
	at org.apache.ratis.util.SlidingWindow$Server.receivedRequest(SlidingWindow.java:421) [ratis-common-0.5.0-201fc85-SNAPSHOT.jar:0.5.0-201fc85-SNAPSHOT]
	at org.apache.ratis.grpc.client.GrpcClientProtocolService$OrderedRequestStreamObserver.processClientRequest(GrpcClientProtocolService.java:345) [ratis-grpc-0.5.0-201fc85-SNAPSHOT.jar:0.5.0-201fc85-SNAPSHOT]
	at org.apache.ratis.grpc.client.GrpcClientProtocolService$RequestStreamObserver.onNext(GrpcClientProtocolService.java:240) [ratis-grpc-0.5.0-201fc85-SNAPSHOT.jar:0.5.0-201fc85-SNAPSHOT]
	at org.apache.ratis.grpc.client.GrpcClientProtocolService$RequestStreamObserver.onNext(GrpcClientProtocolService.java:168) [ratis-grpc-0.5.0-201fc85-SNAPSHOT.jar:0.5.0-201fc85-SNAPSHOT]
	at org.apache.ratis.thirdparty.io.grpc.stub.ServerCalls$StreamingServerCallHandler$StreamingServerCallListener.onMessage(ServerCalls.java:248) [ratis-thirdparty-misc-0.2.0.jar:0.2.0]
	at org.apache.ratis.thirdparty.io.grpc.internal.ServerCallImpl$ServerStreamListenerImpl.messagesAvailable(ServerCallImpl.java:263) [ratis-thirdparty-misc-0.2.0.jar:0.2.0]
	at org.apache.ratis.thirdparty.io.grpc.internal.ServerImpl$JumpToApplicationThreadServerStreamListener$1MessagesAvailable.runInContext(ServerImpl.java:686) [ratis-thirdparty-misc-0.2.0.jar:0.2.0]
	at org.apache.ratis.thirdparty.io.grpc.internal.ContextRunnable.run(ContextRunnable.java:37) [ratis-thirdparty-misc-0.2.0.jar:0.2.0]
	at org.apache.ratis.thirdparty.io.grpc.internal.SerializingExecutor.run(SerializingExecutor.java:123) [ratis-thirdparty-misc-0.2.0.jar:0.2.0]
	at java.util.concurrent.ThreadPoolExecutor.runWorker(ThreadPoolExecutor.java:1149) [?:1.8.0_212]
	at java.util.concurrent.ThreadPoolExecutor$Worker.run(ThreadPoolExecutor.java:624) [?:1.8.0_212]
	at java.lang.Thread.run(Thread.java:748) [?:1.8.0_212]
18:12:43.053 [grpc-default-executor-9] ERROR DNAudit - user=null | ip=null | op=WRITE_CHUNK {blockData=conID: 1 locID: 102905462283829261 bcsId: 13} | ret=FAILURE
org.apache.hadoop.hdds.scm.container.common.helpers.ContainerNotOpenException: Container 1 in CLOSING state
	at org.apache.hadoop.ozone.container.common.impl.HddsDispatcher.validateContainerCommand(HddsDispatcher.java:434) ~[hadoop-hdds-container-service-0.5.0-SNAPSHOT.jar:?]
	at org.apache.hadoop.ozone.container.common.transport.server.ratis.ContainerStateMachine.startTransaction(ContainerStateMachine.java:319) ~[hadoop-hdds-container-service-0.5.0-SNAPSHOT.jar:?]
	at org.apache.ratis.server.impl.RaftServerImpl.submitClientRequestAsync(RaftServerImpl.java:569) ~[ratis-server-0.5.0-201fc85-SNAPSHOT.jar:0.5.0-201fc85-SNAPSHOT]
	at org.apache.ratis.server.impl.RaftServerProxy.lambda$submitClientRequestAsync$7(RaftServerProxy.java:333) ~[ratis-server-0.5.0-201fc85-SNAPSHOT.jar:0.5.0-201fc85-SNAPSHOT]
	at org.apache.ratis.server.impl.RaftServerProxy.lambda$null$5(RaftServerProxy.java:328) ~[ratis-server-0.5.0-201fc85-SNAPSHOT.jar:0.5.0-201fc85-SNAPSHOT]
	at org.apache.ratis.util.JavaUtils.callAsUnchecked(JavaUtils.java:109) ~[ratis-common-0.5.0-201fc85-SNAPSHOT.jar:0.5.0-201fc85-SNAPSHOT]
	at org.apache.ratis.server.impl.RaftServerProxy.lambda$submitRequest$6(RaftServerProxy.java:328) ~[ratis-server-0.5.0-201fc85-SNAPSHOT.jar:0.5.0-201fc85-SNAPSHOT]
	at java.util.concurrent.CompletableFuture.uniComposeStage(CompletableFuture.java:981) ~[?:1.8.0_212]
	at java.util.concurrent.CompletableFuture.thenCompose(CompletableFuture.java:2124) ~[?:1.8.0_212]
	at org.apache.ratis.server.impl.RaftServerProxy.submitRequest(RaftServerProxy.java:327) ~[ratis-server-0.5.0-201fc85-SNAPSHOT.jar:0.5.0-201fc85-SNAPSHOT]
	at org.apache.ratis.server.impl.RaftServerProxy.submitClientRequestAsync(RaftServerProxy.java:333) ~[ratis-server-0.5.0-201fc85-SNAPSHOT.jar:0.5.0-201fc85-SNAPSHOT]
	at org.apache.ratis.grpc.client.GrpcClientProtocolService$RequestStreamObserver.processClientRequest(GrpcClientProtocolService.java:220) ~[ratis-grpc-0.5.0-201fc85-SNAPSHOT.jar:0.5.0-201fc85-SNAPSHOT]
	at org.apache.ratis.grpc.client.GrpcClientProtocolService$OrderedRequestStreamObserver.processClientRequest(GrpcClientProtocolService.java:326) ~[ratis-grpc-0.5.0-201fc85-SNAPSHOT.jar:0.5.0-201fc85-SNAPSHOT]
	at org.apache.ratis.util.SlidingWindow$Server.processRequestsFromHead(SlidingWindow.java:429) [ratis-common-0.5.0-201fc85-SNAPSHOT.jar:0.5.0-201fc85-SNAPSHOT]
	at org.apache.ratis.util.SlidingWindow$Server.receivedRequest(SlidingWindow.java:421) [ratis-common-0.5.0-201fc85-SNAPSHOT.jar:0.5.0-201fc85-SNAPSHOT]
	at org.apache.ratis.grpc.client.GrpcClientProtocolService$OrderedRequestStreamObserver.processClientRequest(GrpcClientProtocolService.java:345) [ratis-grpc-0.5.0-201fc85-SNAPSHOT.jar:0.5.0-201fc85-SNAPSHOT]
	at org.apache.ratis.grpc.client.GrpcClientProtocolService$RequestStreamObserver.onNext(GrpcClientProtocolService.java:240) [ratis-grpc-0.5.0-201fc85-SNAPSHOT.jar:0.5.0-201fc85-SNAPSHOT]
	at org.apache.ratis.grpc.client.GrpcClientProtocolService$RequestStreamObserver.onNext(GrpcClientProtocolService.java:168) [ratis-grpc-0.5.0-201fc85-SNAPSHOT.jar:0.5.0-201fc85-SNAPSHOT]
	at org.apache.ratis.thirdparty.io.grpc.stub.ServerCalls$StreamingServerCallHandler$StreamingServerCallListener.onMessage(ServerCalls.java:248) [ratis-thirdparty-misc-0.2.0.jar:0.2.0]
	at org.apache.ratis.thirdparty.io.grpc.internal.ServerCallImpl$ServerStreamListenerImpl.messagesAvailable(ServerCallImpl.java:263) [ratis-thirdparty-misc-0.2.0.jar:0.2.0]
	at org.apache.ratis.thirdparty.io.grpc.internal.ServerImpl$JumpToApplicationThreadServerStreamListener$1MessagesAvailable.runInContext(ServerImpl.java:686) [ratis-thirdparty-misc-0.2.0.jar:0.2.0]
	at org.apache.ratis.thirdparty.io.grpc.internal.ContextRunnable.run(ContextRunnable.java:37) [ratis-thirdparty-misc-0.2.0.jar:0.2.0]
	at org.apache.ratis.thirdparty.io.grpc.internal.SerializingExecutor.run(SerializingExecutor.java:123) [ratis-thirdparty-misc-0.2.0.jar:0.2.0]
	at java.util.concurrent.ThreadPoolExecutor.runWorker(ThreadPoolExecutor.java:1149) [?:1.8.0_212]
	at java.util.concurrent.ThreadPoolExecutor$Worker.run(ThreadPoolExecutor.java:624) [?:1.8.0_212]
	at java.lang.Thread.run(Thread.java:748) [?:1.8.0_212]
18:12:43.056 [grpc-default-executor-9] ERROR DNAudit - user=null | ip=null | op=PUT_BLOCK {blockData=[blockId=conID: 1 locID: 102905462283829261 bcsId: 0,size=650]} | ret=FAILURE
org.apache.hadoop.hdds.scm.container.common.helpers.ContainerNotOpenException: Container 1 in CLOSING state
	at org.apache.hadoop.ozone.container.common.impl.HddsDispatcher.validateContainerCommand(HddsDispatcher.java:434) ~[hadoop-hdds-container-service-0.5.0-SNAPSHOT.jar:?]
	at org.apache.hadoop.ozone.container.common.transport.server.ratis.ContainerStateMachine.startTransaction(ContainerStateMachine.java:319) ~[hadoop-hdds-container-service-0.5.0-SNAPSHOT.jar:?]
	at org.apache.ratis.server.impl.RaftServerImpl.submitClientRequestAsync(RaftServerImpl.java:569) ~[ratis-server-0.5.0-201fc85-SNAPSHOT.jar:0.5.0-201fc85-SNAPSHOT]
	at org.apache.ratis.server.impl.RaftServerProxy.lambda$submitClientRequestAsync$7(RaftServerProxy.java:333) ~[ratis-server-0.5.0-201fc85-SNAPSHOT.jar:0.5.0-201fc85-SNAPSHOT]
	at org.apache.ratis.server.impl.RaftServerProxy.lambda$null$5(RaftServerProxy.java:328) ~[ratis-server-0.5.0-201fc85-SNAPSHOT.jar:0.5.0-201fc85-SNAPSHOT]
	at org.apache.ratis.util.JavaUtils.callAsUnchecked(JavaUtils.java:109) ~[ratis-common-0.5.0-201fc85-SNAPSHOT.jar:0.5.0-201fc85-SNAPSHOT]
	at org.apache.ratis.server.impl.RaftServerProxy.lambda$submitRequest$6(RaftServerProxy.java:328) ~[ratis-server-0.5.0-201fc85-SNAPSHOT.jar:0.5.0-201fc85-SNAPSHOT]
	at java.util.concurrent.CompletableFuture.uniComposeStage(CompletableFuture.java:981) ~[?:1.8.0_212]
	at java.util.concurrent.CompletableFuture.thenCompose(CompletableFuture.java:2124) ~[?:1.8.0_212]
	at org.apache.ratis.server.impl.RaftServerProxy.submitRequest(RaftServerProxy.java:327) ~[ratis-server-0.5.0-201fc85-SNAPSHOT.jar:0.5.0-201fc85-SNAPSHOT]
	at org.apache.ratis.server.impl.RaftServerProxy.submitClientRequestAsync(RaftServerProxy.java:333) ~[ratis-server-0.5.0-201fc85-SNAPSHOT.jar:0.5.0-201fc85-SNAPSHOT]
	at org.apache.ratis.grpc.client.GrpcClientProtocolService$RequestStreamObserver.processClientRequest(GrpcClientProtocolService.java:220) ~[ratis-grpc-0.5.0-201fc85-SNAPSHOT.jar:0.5.0-201fc85-SNAPSHOT]
	at org.apache.ratis.grpc.client.GrpcClientProtocolService$OrderedRequestStreamObserver.processClientRequest(GrpcClientProtocolService.java:326) ~[ratis-grpc-0.5.0-201fc85-SNAPSHOT.jar:0.5.0-201fc85-SNAPSHOT]
	at org.apache.ratis.util.SlidingWindow$Server.processRequestsFromHead(SlidingWindow.java:429) [ratis-common-0.5.0-201fc85-SNAPSHOT.jar:0.5.0-201fc85-SNAPSHOT]
	at org.apache.ratis.util.SlidingWindow$Server.receivedRequest(SlidingWindow.java:421) [ratis-common-0.5.0-201fc85-SNAPSHOT.jar:0.5.0-201fc85-SNAPSHOT]
	at org.apache.ratis.grpc.client.GrpcClientProtocolService$OrderedRequestStreamObserver.processClientRequest(GrpcClientProtocolService.java:345) [ratis-grpc-0.5.0-201fc85-SNAPSHOT.jar:0.5.0-201fc85-SNAPSHOT]
	at org.apache.ratis.grpc.client.GrpcClientProtocolService$RequestStreamObserver.onNext(GrpcClientProtocolService.java:240) [ratis-grpc-0.5.0-201fc85-SNAPSHOT.jar:0.5.0-201fc85-SNAPSHOT]
	at org.apache.ratis.grpc.client.GrpcClientProtocolService$RequestStreamObserver.onNext(GrpcClientProtocolService.java:168) [ratis-grpc-0.5.0-201fc85-SNAPSHOT.jar:0.5.0-201fc85-SNAPSHOT]
	at org.apache.ratis.thirdparty.io.grpc.stub.ServerCalls$StreamingServerCallHandler$StreamingServerCallListener.onMessage(ServerCalls.java:248) [ratis-thirdparty-misc-0.2.0.jar:0.2.0]
	at org.apache.ratis.thirdparty.io.grpc.internal.ServerCallImpl$ServerStreamListenerImpl.messagesAvailable(ServerCallImpl.java:263) [ratis-thirdparty-misc-0.2.0.jar:0.2.0]
	at org.apache.ratis.thirdparty.io.grpc.internal.ServerImpl$JumpToApplicationThreadServerStreamListener$1MessagesAvailable.runInContext(ServerImpl.java:686) [ratis-thirdparty-misc-0.2.0.jar:0.2.0]
	at org.apache.ratis.thirdparty.io.grpc.internal.ContextRunnable.run(ContextRunnable.java:37) [ratis-thirdparty-misc-0.2.0.jar:0.2.0]
	at org.apache.ratis.thirdparty.io.grpc.internal.SerializingExecutor.run(SerializingExecutor.java:123) [ratis-thirdparty-misc-0.2.0.jar:0.2.0]
	at java.util.concurrent.ThreadPoolExecutor.runWorker(ThreadPoolExecutor.java:1149) [?:1.8.0_212]
	at java.util.concurrent.ThreadPoolExecutor$Worker.run(ThreadPoolExecutor.java:624) [?:1.8.0_212]
	at java.lang.Thread.run(Thread.java:748) [?:1.8.0_212]
18:12:43.070 [grpc-default-executor-9] ERROR DNAudit - user=null | ip=null | op=WRITE_CHUNK {blockData=conID: 1 locID: 102905462283829261 bcsId: 13} | ret=FAILURE
org.apache.hadoop.hdds.scm.container.common.helpers.ContainerNotOpenException: Container 1 in CLOSING state
	at org.apache.hadoop.ozone.container.common.impl.HddsDispatcher.validateContainerCommand(HddsDispatcher.java:434) ~[hadoop-hdds-container-service-0.5.0-SNAPSHOT.jar:?]
	at org.apache.hadoop.ozone.container.common.transport.server.ratis.ContainerStateMachine.startTransaction(ContainerStateMachine.java:319) ~[hadoop-hdds-container-service-0.5.0-SNAPSHOT.jar:?]
	at org.apache.ratis.server.impl.RaftServerImpl.submitClientRequestAsync(RaftServerImpl.java:569) ~[ratis-server-0.5.0-201fc85-SNAPSHOT.jar:0.5.0-201fc85-SNAPSHOT]
	at org.apache.ratis.server.impl.RaftServerProxy.lambda$submitClientRequestAsync$7(RaftServerProxy.java:333) ~[ratis-server-0.5.0-201fc85-SNAPSHOT.jar:0.5.0-201fc85-SNAPSHOT]
	at org.apache.ratis.server.impl.RaftServerProxy.lambda$null$5(RaftServerProxy.java:328) ~[ratis-server-0.5.0-201fc85-SNAPSHOT.jar:0.5.0-201fc85-SNAPSHOT]
	at org.apache.ratis.util.JavaUtils.callAsUnchecked(JavaUtils.java:109) ~[ratis-common-0.5.0-201fc85-SNAPSHOT.jar:0.5.0-201fc85-SNAPSHOT]
	at org.apache.ratis.server.impl.RaftServerProxy.lambda$submitRequest$6(RaftServerProxy.java:328) ~[ratis-server-0.5.0-201fc85-SNAPSHOT.jar:0.5.0-201fc85-SNAPSHOT]
	at java.util.concurrent.CompletableFuture.uniComposeStage(CompletableFuture.java:981) ~[?:1.8.0_212]
	at java.util.concurrent.CompletableFuture.thenCompose(CompletableFuture.java:2124) ~[?:1.8.0_212]
	at org.apache.ratis.server.impl.RaftServerProxy.submitRequest(RaftServerProxy.java:327) ~[ratis-server-0.5.0-201fc85-SNAPSHOT.jar:0.5.0-201fc85-SNAPSHOT]
	at org.apache.ratis.server.impl.RaftServerProxy.submitClientRequestAsync(RaftServerProxy.java:333) ~[ratis-server-0.5.0-201fc85-SNAPSHOT.jar:0.5.0-201fc85-SNAPSHOT]
	at org.apache.ratis.grpc.client.GrpcClientProtocolService$RequestStreamObserver.processClientRequest(GrpcClientProtocolService.java:220) ~[ratis-grpc-0.5.0-201fc85-SNAPSHOT.jar:0.5.0-201fc85-SNAPSHOT]
	at org.apache.ratis.grpc.client.GrpcClientProtocolService$OrderedRequestStreamObserver.processClientRequest(GrpcClientProtocolService.java:326) ~[ratis-grpc-0.5.0-201fc85-SNAPSHOT.jar:0.5.0-201fc85-SNAPSHOT]
	at org.apache.ratis.util.SlidingWindow$Server.processRequestsFromHead(SlidingWindow.java:429) [ratis-common-0.5.0-201fc85-SNAPSHOT.jar:0.5.0-201fc85-SNAPSHOT]
	at org.apache.ratis.util.SlidingWindow$Server.receivedRequest(SlidingWindow.java:421) [ratis-common-0.5.0-201fc85-SNAPSHOT.jar:0.5.0-201fc85-SNAPSHOT]
	at org.apache.ratis.grpc.client.GrpcClientProtocolService$OrderedRequestStreamObserver.processClientRequest(GrpcClientProtocolService.java:345) [ratis-grpc-0.5.0-201fc85-SNAPSHOT.jar:0.5.0-201fc85-SNAPSHOT]
	at org.apache.ratis.grpc.client.GrpcClientProtocolService$RequestStreamObserver.onNext(GrpcClientProtocolService.java:240) [ratis-grpc-0.5.0-201fc85-SNAPSHOT.jar:0.5.0-201fc85-SNAPSHOT]
	at org.apache.ratis.grpc.client.GrpcClientProtocolService$RequestStreamObserver.onNext(GrpcClientProtocolService.java:168) [ratis-grpc-0.5.0-201fc85-SNAPSHOT.jar:0.5.0-201fc85-SNAPSHOT]
	at org.apache.ratis.thirdparty.io.grpc.stub.ServerCalls$StreamingServerCallHandler$StreamingServerCallListener.onMessage(ServerCalls.java:248) [ratis-thirdparty-misc-0.2.0.jar:0.2.0]
	at org.apache.ratis.thirdparty.io.grpc.internal.ServerCallImpl$ServerStreamListenerImpl.messagesAvailable(ServerCallImpl.java:263) [ratis-thirdparty-misc-0.2.0.jar:0.2.0]
	at org.apache.ratis.thirdparty.io.grpc.internal.ServerImpl$JumpToApplicationThreadServerStreamListener$1MessagesAvailable.runInContext(ServerImpl.java:686) [ratis-thirdparty-misc-0.2.0.jar:0.2.0]
	at org.apache.ratis.thirdparty.io.grpc.internal.ContextRunnable.run(ContextRunnable.java:37) [ratis-thirdparty-misc-0.2.0.jar:0.2.0]
	at org.apache.ratis.thirdparty.io.grpc.internal.SerializingExecutor.run(SerializingExecutor.java:123) [ratis-thirdparty-misc-0.2.0.jar:0.2.0]
	at java.util.concurrent.ThreadPoolExecutor.runWorker(ThreadPoolExecutor.java:1149) [?:1.8.0_212]
	at java.util.concurrent.ThreadPoolExecutor$Worker.run(ThreadPoolExecutor.java:624) [?:1.8.0_212]
	at java.lang.Thread.run(Thread.java:748) [?:1.8.0_212]
18:12:43.072 [grpc-default-executor-9] ERROR DNAudit - user=null | ip=null | op=WRITE_CHUNK {blockData=conID: 1 locID: 102905462283829261 bcsId: 13} | ret=FAILURE
org.apache.hadoop.hdds.scm.container.common.helpers.ContainerNotOpenException: Container 1 in CLOSING state
	at org.apache.hadoop.ozone.container.common.impl.HddsDispatcher.validateContainerCommand(HddsDispatcher.java:434) ~[hadoop-hdds-container-service-0.5.0-SNAPSHOT.jar:?]
	at org.apache.hadoop.ozone.container.common.transport.server.ratis.ContainerStateMachine.startTransaction(ContainerStateMachine.java:319) ~[hadoop-hdds-container-service-0.5.0-SNAPSHOT.jar:?]
	at org.apache.ratis.server.impl.RaftServerImpl.submitClientRequestAsync(RaftServerImpl.java:569) ~[ratis-server-0.5.0-201fc85-SNAPSHOT.jar:0.5.0-201fc85-SNAPSHOT]
	at org.apache.ratis.server.impl.RaftServerProxy.lambda$submitClientRequestAsync$7(RaftServerProxy.java:333) ~[ratis-server-0.5.0-201fc85-SNAPSHOT.jar:0.5.0-201fc85-SNAPSHOT]
	at org.apache.ratis.server.impl.RaftServerProxy.lambda$null$5(RaftServerProxy.java:328) ~[ratis-server-0.5.0-201fc85-SNAPSHOT.jar:0.5.0-201fc85-SNAPSHOT]
	at org.apache.ratis.util.JavaUtils.callAsUnchecked(JavaUtils.java:109) ~[ratis-common-0.5.0-201fc85-SNAPSHOT.jar:0.5.0-201fc85-SNAPSHOT]
	at org.apache.ratis.server.impl.RaftServerProxy.lambda$submitRequest$6(RaftServerProxy.java:328) ~[ratis-server-0.5.0-201fc85-SNAPSHOT.jar:0.5.0-201fc85-SNAPSHOT]
	at java.util.concurrent.CompletableFuture.uniComposeStage(CompletableFuture.java:981) ~[?:1.8.0_212]
	at java.util.concurrent.CompletableFuture.thenCompose(CompletableFuture.java:2124) ~[?:1.8.0_212]
	at org.apache.ratis.server.impl.RaftServerProxy.submitRequest(RaftServerProxy.java:327) ~[ratis-server-0.5.0-201fc85-SNAPSHOT.jar:0.5.0-201fc85-SNAPSHOT]
	at org.apache.ratis.server.impl.RaftServerProxy.submitClientRequestAsync(RaftServerProxy.java:333) ~[ratis-server-0.5.0-201fc85-SNAPSHOT.jar:0.5.0-201fc85-SNAPSHOT]
	at org.apache.ratis.grpc.client.GrpcClientProtocolService$RequestStreamObserver.processClientRequest(GrpcClientProtocolService.java:220) ~[ratis-grpc-0.5.0-201fc85-SNAPSHOT.jar:0.5.0-201fc85-SNAPSHOT]
	at org.apache.ratis.grpc.client.GrpcClientProtocolService$OrderedRequestStreamObserver.processClientRequest(GrpcClientProtocolService.java:326) ~[ratis-grpc-0.5.0-201fc85-SNAPSHOT.jar:0.5.0-201fc85-SNAPSHOT]
	at org.apache.ratis.util.SlidingWindow$Server.processRequestsFromHead(SlidingWindow.java:429) [ratis-common-0.5.0-201fc85-SNAPSHOT.jar:0.5.0-201fc85-SNAPSHOT]
	at org.apache.ratis.util.SlidingWindow$Server.receivedRequest(SlidingWindow.java:421) [ratis-common-0.5.0-201fc85-SNAPSHOT.jar:0.5.0-201fc85-SNAPSHOT]
	at org.apache.ratis.grpc.client.GrpcClientProtocolService$OrderedRequestStreamObserver.processClientRequest(GrpcClientProtocolService.java:345) [ratis-grpc-0.5.0-201fc85-SNAPSHOT.jar:0.5.0-201fc85-SNAPSHOT]
	at org.apache.ratis.grpc.client.GrpcClientProtocolService$RequestStreamObserver.onNext(GrpcClientProtocolService.java:240) [ratis-grpc-0.5.0-201fc85-SNAPSHOT.jar:0.5.0-201fc85-SNAPSHOT]
	at org.apache.ratis.grpc.client.GrpcClientProtocolService$RequestStreamObserver.onNext(GrpcClientProtocolService.java:168) [ratis-grpc-0.5.0-201fc85-SNAPSHOT.jar:0.5.0-201fc85-SNAPSHOT]
	at org.apache.ratis.thirdparty.io.grpc.stub.ServerCalls$StreamingServerCallHandler$StreamingServerCallListener.onMessage(ServerCalls.java:248) [ratis-thirdparty-misc-0.2.0.jar:0.2.0]
	at org.apache.ratis.thirdparty.io.grpc.internal.ServerCallImpl$ServerStreamListenerImpl.messagesAvailable(ServerCallImpl.java:263) [ratis-thirdparty-misc-0.2.0.jar:0.2.0]
	at org.apache.ratis.thirdparty.io.grpc.internal.ServerImpl$JumpToApplicationThreadServerStreamListener$1MessagesAvailable.runInContext(ServerImpl.java:686) [ratis-thirdparty-misc-0.2.0.jar:0.2.0]
	at org.apache.ratis.thirdparty.io.grpc.internal.ContextRunnable.run(ContextRunnable.java:37) [ratis-thirdparty-misc-0.2.0.jar:0.2.0]
	at org.apache.ratis.thirdparty.io.grpc.internal.SerializingExecutor.run(SerializingExecutor.java:123) [ratis-thirdparty-misc-0.2.0.jar:0.2.0]
	at java.util.concurrent.ThreadPoolExecutor.runWorker(ThreadPoolExecutor.java:1149) [?:1.8.0_212]
	at java.util.concurrent.ThreadPoolExecutor$Worker.run(ThreadPoolExecutor.java:624) [?:1.8.0_212]
	at java.lang.Thread.run(Thread.java:748) [?:1.8.0_212]
18:12:43.078 [grpc-default-executor-9] ERROR DNAudit - user=null | ip=null | op=PUT_BLOCK {blockData=[blockId=conID: 1 locID: 102905462283829261 bcsId: 0,size=800]} | ret=FAILURE
org.apache.hadoop.hdds.scm.container.common.helpers.ContainerNotOpenException: Container 1 in CLOSING state
	at org.apache.hadoop.ozone.container.common.impl.HddsDispatcher.validateContainerCommand(HddsDispatcher.java:434) ~[hadoop-hdds-container-service-0.5.0-SNAPSHOT.jar:?]
	at org.apache.hadoop.ozone.container.common.transport.server.ratis.ContainerStateMachine.startTransaction(ContainerStateMachine.java:319) ~[hadoop-hdds-container-service-0.5.0-SNAPSHOT.jar:?]
	at org.apache.ratis.server.impl.RaftServerImpl.submitClientRequestAsync(RaftServerImpl.java:569) ~[ratis-server-0.5.0-201fc85-SNAPSHOT.jar:0.5.0-201fc85-SNAPSHOT]
	at org.apache.ratis.server.impl.RaftServerProxy.lambda$submitClientRequestAsync$7(RaftServerProxy.java:333) ~[ratis-server-0.5.0-201fc85-SNAPSHOT.jar:0.5.0-201fc85-SNAPSHOT]
	at org.apache.ratis.server.impl.RaftServerProxy.lambda$null$5(RaftServerProxy.java:328) ~[ratis-server-0.5.0-201fc85-SNAPSHOT.jar:0.5.0-201fc85-SNAPSHOT]
	at org.apache.ratis.util.JavaUtils.callAsUnchecked(JavaUtils.java:109) ~[ratis-common-0.5.0-201fc85-SNAPSHOT.jar:0.5.0-201fc85-SNAPSHOT]
	at org.apache.ratis.server.impl.RaftServerProxy.lambda$submitRequest$6(RaftServerProxy.java:328) ~[ratis-server-0.5.0-201fc85-SNAPSHOT.jar:0.5.0-201fc85-SNAPSHOT]
	at java.util.concurrent.CompletableFuture.uniComposeStage(CompletableFuture.java:981) ~[?:1.8.0_212]
	at java.util.concurrent.CompletableFuture.thenCompose(CompletableFuture.java:2124) ~[?:1.8.0_212]
	at org.apache.ratis.server.impl.RaftServerProxy.submitRequest(RaftServerProxy.java:327) ~[ratis-server-0.5.0-201fc85-SNAPSHOT.jar:0.5.0-201fc85-SNAPSHOT]
	at org.apache.ratis.server.impl.RaftServerProxy.submitClientRequestAsync(RaftServerProxy.java:333) ~[ratis-server-0.5.0-201fc85-SNAPSHOT.jar:0.5.0-201fc85-SNAPSHOT]
	at org.apache.ratis.grpc.client.GrpcClientProtocolService$RequestStreamObserver.processClientRequest(GrpcClientProtocolService.java:220) ~[ratis-grpc-0.5.0-201fc85-SNAPSHOT.jar:0.5.0-201fc85-SNAPSHOT]
	at org.apache.ratis.grpc.client.GrpcClientProtocolService$OrderedRequestStreamObserver.processClientRequest(GrpcClientProtocolService.java:326) ~[ratis-grpc-0.5.0-201fc85-SNAPSHOT.jar:0.5.0-201fc85-SNAPSHOT]
	at org.apache.ratis.util.SlidingWindow$Server.processRequestsFromHead(SlidingWindow.java:429) [ratis-common-0.5.0-201fc85-SNAPSHOT.jar:0.5.0-201fc85-SNAPSHOT]
	at org.apache.ratis.util.SlidingWindow$Server.receivedRequest(SlidingWindow.java:421) [ratis-common-0.5.0-201fc85-SNAPSHOT.jar:0.5.0-201fc85-SNAPSHOT]
	at org.apache.ratis.grpc.client.GrpcClientProtocolService$OrderedRequestStreamObserver.processClientRequest(GrpcClientProtocolService.java:345) [ratis-grpc-0.5.0-201fc85-SNAPSHOT.jar:0.5.0-201fc85-SNAPSHOT]
	at org.apache.ratis.grpc.client.GrpcClientProtocolService$RequestStreamObserver.onNext(GrpcClientProtocolService.java:240) [ratis-grpc-0.5.0-201fc85-SNAPSHOT.jar:0.5.0-201fc85-SNAPSHOT]
	at org.apache.ratis.grpc.client.GrpcClientProtocolService$RequestStreamObserver.onNext(GrpcClientProtocolService.java:168) [ratis-grpc-0.5.0-201fc85-SNAPSHOT.jar:0.5.0-201fc85-SNAPSHOT]
	at org.apache.ratis.thirdparty.io.grpc.stub.ServerCalls$StreamingServerCallHandler$StreamingServerCallListener.onMessage(ServerCalls.java:248) [ratis-thirdparty-misc-0.2.0.jar:0.2.0]
	at org.apache.ratis.thirdparty.io.grpc.internal.ServerCallImpl$ServerStreamListenerImpl.messagesAvailable(ServerCallImpl.java:263) [ratis-thirdparty-misc-0.2.0.jar:0.2.0]
	at org.apache.ratis.thirdparty.io.grpc.internal.ServerImpl$JumpToApplicationThreadServerStreamListener$1MessagesAvailable.runInContext(ServerImpl.java:686) [ratis-thirdparty-misc-0.2.0.jar:0.2.0]
	at org.apache.ratis.thirdparty.io.grpc.internal.ContextRunnable.run(ContextRunnable.java:37) [ratis-thirdparty-misc-0.2.0.jar:0.2.0]
	at org.apache.ratis.thirdparty.io.grpc.internal.SerializingExecutor.run(SerializingExecutor.java:123) [ratis-thirdparty-misc-0.2.0.jar:0.2.0]
	at java.util.concurrent.ThreadPoolExecutor.runWorker(ThreadPoolExecutor.java:1149) [?:1.8.0_212]
	at java.util.concurrent.ThreadPoolExecutor$Worker.run(ThreadPoolExecutor.java:624) [?:1.8.0_212]
	at java.lang.Thread.run(Thread.java:748) [?:1.8.0_212]
2019-10-04 18:12:43,437 [main] INFO  ozone.MiniOzoneClusterImpl (MiniOzoneClusterImpl.java:shutdown(314)) - Shutting down the Mini Ozone Cluster
2019-10-04 18:12:43,437 [main] INFO  ozone.MiniOzoneClusterImpl (MiniOzoneClusterImpl.java:stop(330)) - Stopping the Mini Ozone Cluster
2019-10-04 18:12:43,437 [main] INFO  ozone.MiniOzoneClusterImpl (MiniOzoneClusterImpl.java:stopOM(400)) - Stopping the OzoneManager
2019-10-04 18:12:43,438 [main] INFO  ipc.Server (Server.java:stop(3082)) - Stopping server on 33376
2019-10-04 18:12:43,445 [IPC Server listener on 33376] INFO  ipc.Server (Server.java:run(1185)) - Stopping IPC Server listener on 33376
2019-10-04 18:12:43,446 [main] INFO  ratis.OzoneManagerDoubleBuffer (OzoneManagerDoubleBuffer.java:stop(248)) - Stopping OMDoubleBuffer flush thread
2019-10-04 18:12:43,448 [IPC Server Responder] INFO  ipc.Server (Server.java:run(1319)) - Stopping IPC Server Responder
2019-10-04 18:12:43,458 [OMDoubleBufferFlushThread] INFO  ratis.OzoneManagerDoubleBuffer (OzoneManagerDoubleBuffer.java:flushTransactions(191)) - OMDoubleBuffer flush thread OMDoubleBufferFlushThread is interrupted and will exit. OMDoubleBufferFlushThread
2019-10-04 18:12:43,461 [main] INFO  utils.BackgroundService (BackgroundService.java:shutdown(148)) - Shutting down service KeyDeletingService
2019-10-04 18:12:43,472 [main] INFO  handler.ContextHandler (ContextHandler.java:doStop(910)) - Stopped o.e.j.w.WebAppContext@497ed877{/,null,UNAVAILABLE}{/ozoneManager}
2019-10-04 18:12:43,473 [main] INFO  server.AbstractConnector (AbstractConnector.java:doStop(318)) - Stopped ServerConnector@3cb6e0ee{HTTP/1.1,[http/1.1]}{0.0.0.0:0}
2019-10-04 18:12:43,473 [main] INFO  handler.ContextHandler (ContextHandler.java:doStop(910)) - Stopped o.e.j.s.ServletContextHandler@5ea7bc4{/static,file:///workdir/hadoop-ozone/integration-test/target/test-classes/webapps/static,UNAVAILABLE}
2019-10-04 18:12:43,473 [main] INFO  handler.ContextHandler (ContextHandler.java:doStop(910)) - Stopped o.e.j.s.ServletContextHandler@4652c74d{/logs,file:///workdir/hadoop-ozone/integration-test/target/log,UNAVAILABLE}
2019-10-04 18:12:43,475 [main] INFO  ozone.MiniOzoneClusterImpl (MiniOzoneClusterImpl.java:stopDatanodes(377)) - Stopping the HddsDatanodes
2019-10-04 18:12:43,654 [Datanode State Machine Thread - 0] INFO  statemachine.DatanodeStateMachine (DatanodeStateMachine.java:lambda$startDaemon$0(350)) - Ozone container server started.
2019-10-04 18:12:44,264 [Datanode State Machine Thread - 0] INFO  statemachine.DatanodeStateMachine (DatanodeStateMachine.java:lambda$startDaemon$0(350)) - Ozone container server started.
2019-10-04 18:12:45,251 [grpc-default-executor-6] WARN  server.GrpcLogAppender (LogUtils.java:warn(134)) - 98891705-e38f-42f0-9b87-1c4b8c7821c0@group-D2114FC2E457->f4b34e38-07a5-4f57-a56b-ef1c9e62ea1c-AppendLogResponseHandler: Failed appendEntries: org.apache.ratis.thirdparty.io.grpc.StatusRuntimeException: UNAVAILABLE: io exception
2019-10-04 18:12:45,259 [grpc-default-executor-6] INFO  impl.FollowerInfo (FollowerInfo.java:lambda$new$0(51)) - 98891705-e38f-42f0-9b87-1c4b8c7821c0@group-D2114FC2E457->f4b34e38-07a5-4f57-a56b-ef1c9e62ea1c: nextIndex: updateUnconditionally 1 -> 0
2019-10-04 18:12:47,729 [EventQueue-StaleNodeForStaleNodeHandler] INFO  node.StaleNodeHandler (StaleNodeHandler.java:onMessage(58)) - Datanode 30aa774f-29ca-4455-b4d5-5ed245058eaf{ip: 192.168.151.69, host: pr-hdds-2251-hdm2b-3409562618, networkLocation: /default-rack, certSerialId: null} moved to stale state. Finalizing its pipelines [PipelineID=190e36dc-bf2b-4a44-b4fb-1d77c60713b1, PipelineID=8e0393c3-81be-4c57-be57-d2114fc2e457]
2019-10-04 18:12:47,730 [EventQueue-StaleNodeForStaleNodeHandler] INFO  pipeline.SCMPipelineManager (SCMPipelineManager.java:finalizeAndDestroyPipeline(315)) - destroying pipeline:Pipeline[ Id: 190e36dc-bf2b-4a44-b4fb-1d77c60713b1, Nodes: 30aa774f-29ca-4455-b4d5-5ed245058eaf{ip: 192.168.151.69, host: pr-hdds-2251-hdm2b-3409562618, networkLocation: /default-rack, certSerialId: null}, Type:RATIS, Factor:ONE, State:OPEN]
2019-10-04 18:12:47,730 [EventQueue-StaleNodeForStaleNodeHandler] INFO  pipeline.PipelineStateManager (PipelineStateManager.java:finalizePipeline(123)) - Pipeline Pipeline[ Id: 190e36dc-bf2b-4a44-b4fb-1d77c60713b1, Nodes: 30aa774f-29ca-4455-b4d5-5ed245058eaf{ip: 192.168.151.69, host: pr-hdds-2251-hdm2b-3409562618, networkLocation: /default-rack, certSerialId: null}, Type:RATIS, Factor:ONE, State:CLOSED] moved to CLOSED state
2019-10-04 18:12:47,731 [EventQueue-StaleNodeForStaleNodeHandler] INFO  pipeline.SCMPipelineManager (SCMPipelineManager.java:finalizeAndDestroyPipeline(315)) - destroying pipeline:Pipeline[ Id: 8e0393c3-81be-4c57-be57-d2114fc2e457, Nodes: f4b34e38-07a5-4f57-a56b-ef1c9e62ea1c{ip: 192.168.151.69, host: pr-hdds-2251-hdm2b-3409562618, networkLocation: /default-rack, certSerialId: null}30aa774f-29ca-4455-b4d5-5ed245058eaf{ip: 192.168.151.69, host: pr-hdds-2251-hdm2b-3409562618, networkLocation: /default-rack, certSerialId: null}98891705-e38f-42f0-9b87-1c4b8c7821c0{ip: 192.168.151.69, host: pr-hdds-2251-hdm2b-3409562618, networkLocation: /default-rack, certSerialId: null}, Type:RATIS, Factor:THREE, State:CLOSED]
2019-10-04 18:12:47,757 [grpc-default-executor-12] WARN  server.GrpcLogAppender (LogUtils.java:warn(134)) - 98891705-e38f-42f0-9b87-1c4b8c7821c0@group-D2114FC2E457->f4b34e38-07a5-4f57-a56b-ef1c9e62ea1c-AppendLogResponseHandler: Failed appendEntries: org.apache.ratis.thirdparty.io.grpc.StatusRuntimeException: UNAVAILABLE: io exception
2019-10-04 18:12:47,758 [grpc-default-executor-12] INFO  impl.FollowerInfo (FollowerInfo.java:lambda$new$0(51)) - 98891705-e38f-42f0-9b87-1c4b8c7821c0@group-D2114FC2E457->f4b34e38-07a5-4f57-a56b-ef1c9e62ea1c: nextIndex: updateUnconditionally 0 -> 0
2019-10-04 18:12:48,331 [EventQueue-StaleNodeForStaleNodeHandler] INFO  node.StaleNodeHandler (StaleNodeHandler.java:onMessage(58)) - Datanode 323826f1-6e9f-4f69-9108-05e4f763e2ff{ip: 192.168.151.69, host: pr-hdds-2251-hdm2b-3409562618, networkLocation: /default-rack, certSerialId: null} moved to stale state. Finalizing its pipelines [PipelineID=f3bb3989-db9b-4319-91a1-5aa91ab5d5a9, PipelineID=44dc4936-3540-4449-8153-67cba0b18da3]
2019-10-04 18:12:48,339 [EventQueue-StaleNodeForStaleNodeHandler] INFO  pipeline.SCMPipelineManager (SCMPipelineManager.java:finalizeAndDestroyPipeline(315)) - destroying pipeline:Pipeline[ Id: f3bb3989-db9b-4319-91a1-5aa91ab5d5a9, Nodes: 323826f1-6e9f-4f69-9108-05e4f763e2ff{ip: 192.168.151.69, host: pr-hdds-2251-hdm2b-3409562618, networkLocation: /default-rack, certSerialId: null}, Type:RATIS, Factor:ONE, State:OPEN]
2019-10-04 18:12:48,339 [EventQueue-StaleNodeForStaleNodeHandler] INFO  pipeline.PipelineStateManager (PipelineStateManager.java:finalizePipeline(123)) - Pipeline Pipeline[ Id: f3bb3989-db9b-4319-91a1-5aa91ab5d5a9, Nodes: 323826f1-6e9f-4f69-9108-05e4f763e2ff{ip: 192.168.151.69, host: pr-hdds-2251-hdm2b-3409562618, networkLocation: /default-rack, certSerialId: null}, Type:RATIS, Factor:ONE, State:CLOSED] moved to CLOSED state
2019-10-04 18:12:48,339 [EventQueue-StaleNodeForStaleNodeHandler] INFO  pipeline.SCMPipelineManager (SCMPipelineManager.java:finalizeAndDestroyPipeline(315)) - destroying pipeline:Pipeline[ Id: 44dc4936-3540-4449-8153-67cba0b18da3, Nodes: d268aedf-d4e8-4f2f-a332-db241945baf3{ip: 192.168.151.69, host: pr-hdds-2251-hdm2b-3409562618, networkLocation: /default-rack, certSerialId: null}6dac3d17-da55-4552-8a5b-8459af427716{ip: 192.168.151.69, host: pr-hdds-2251-hdm2b-3409562618, networkLocation: /default-rack, certSerialId: null}323826f1-6e9f-4f69-9108-05e4f763e2ff{ip: 192.168.151.69, host: pr-hdds-2251-hdm2b-3409562618, networkLocation: /default-rack, certSerialId: null}, Type:RATIS, Factor:THREE, State:OPEN]
2019-10-04 18:12:48,339 [EventQueue-StaleNodeForStaleNodeHandler] INFO  pipeline.PipelineStateManager (PipelineStateManager.java:finalizePipeline(123)) - Pipeline Pipeline[ Id: 44dc4936-3540-4449-8153-67cba0b18da3, Nodes: d268aedf-d4e8-4f2f-a332-db241945baf3{ip: 192.168.151.69, host: pr-hdds-2251-hdm2b-3409562618, networkLocation: /default-rack, certSerialId: null}6dac3d17-da55-4552-8a5b-8459af427716{ip: 192.168.151.69, host: pr-hdds-2251-hdm2b-3409562618, networkLocation: /default-rack, certSerialId: null}323826f1-6e9f-4f69-9108-05e4f763e2ff{ip: 192.168.151.69, host: pr-hdds-2251-hdm2b-3409562618, networkLocation: /default-rack, certSerialId: null}, Type:RATIS, Factor:THREE, State:CLOSED] moved to CLOSED state
2019-10-04 18:12:48,340 [EventQueue-CloseContainerForCloseContainerEventHandler] INFO  container.CloseContainerEventHandler (CloseContainerEventHandler.java:onMessage(61)) - Close container Event triggered for container : #2
2019-10-04 18:12:48,477 [main] INFO  ozoneimpl.OzoneContainer (OzoneContainer.java:stop(231)) - Attempting to stop container services.
2019-10-04 18:12:48,477 [ForkJoinPool.commonPool-worker-1] INFO  ozoneimpl.OzoneContainer (OzoneContainer.java:stop(231)) - Attempting to stop container services.
2019-10-04 18:12:48,481 [main] INFO  impl.RaftServerProxy (RaftServerProxy.java:lambda$close$4(314)) - 30aa774f-29ca-4455-b4d5-5ed245058eaf: close
2019-10-04 18:12:48,481 [ForkJoinPool.commonPool-worker-1] INFO  impl.RaftServerProxy (RaftServerProxy.java:lambda$close$4(314)) - 323826f1-6e9f-4f69-9108-05e4f763e2ff: close
2019-10-04 18:12:48,481 [main] INFO  impl.RaftServerImpl (RaftServerImpl.java:lambda$shutdown$3(247)) - 30aa774f-29ca-4455-b4d5-5ed245058eaf@group-1D77C60713B1: shutdown
2019-10-04 18:12:48,481 [ForkJoinPool.commonPool-worker-1] INFO  impl.RaftServerImpl (RaftServerImpl.java:lambda$shutdown$3(247)) - 323826f1-6e9f-4f69-9108-05e4f763e2ff@group-5AA91AB5D5A9: shutdown
2019-10-04 18:12:48,482 [main] INFO  util.JmxRegister (JmxRegister.java:unregister(73)) - Successfully un-registered JMX Bean with object name Ratis:service=RaftServer,group=group-1D77C60713B1,id=30aa774f-29ca-4455-b4d5-5ed245058eaf
2019-10-04 18:12:48,482 [ForkJoinPool.commonPool-worker-1] INFO  util.JmxRegister (JmxRegister.java:unregister(73)) - Successfully un-registered JMX Bean with object name Ratis:service=RaftServer,group=group-5AA91AB5D5A9,id=323826f1-6e9f-4f69-9108-05e4f763e2ff
2019-10-04 18:12:48,483 [main] INFO  impl.RoleInfo (RoleInfo.java:shutdownLeaderState(104)) - 30aa774f-29ca-4455-b4d5-5ed245058eaf: shutdown LeaderState
2019-10-04 18:12:48,483 [ForkJoinPool.commonPool-worker-1] INFO  impl.RoleInfo (RoleInfo.java:shutdownLeaderState(104)) - 323826f1-6e9f-4f69-9108-05e4f763e2ff: shutdown LeaderState
2019-10-04 18:12:48,483 [main] INFO  impl.PendingRequests (PendingRequests.java:sendNotLeaderResponses(202)) - 30aa774f-29ca-4455-b4d5-5ed245058eaf@group-1D77C60713B1-PendingRequests: sendNotLeaderResponses
2019-10-04 18:12:48,484 [ForkJoinPool.commonPool-worker-1] INFO  impl.PendingRequests (PendingRequests.java:sendNotLeaderResponses(202)) - 323826f1-6e9f-4f69-9108-05e4f763e2ff@group-5AA91AB5D5A9-PendingRequests: sendNotLeaderResponses
2019-10-04 18:12:48,484 [main] INFO  impl.StateMachineUpdater (StateMachineUpdater.java:stopAndJoin(136)) - 30aa774f-29ca-4455-b4d5-5ed245058eaf@group-1D77C60713B1-StateMachineUpdater: set stopIndex = 0
2019-10-04 18:12:48,484 [ForkJoinPool.commonPool-worker-1] INFO  impl.StateMachineUpdater (StateMachineUpdater.java:stopAndJoin(136)) - 323826f1-6e9f-4f69-9108-05e4f763e2ff@group-5AA91AB5D5A9-StateMachineUpdater: set stopIndex = 0
2019-10-04 18:12:48,485 [main] INFO  impl.RaftServerImpl (ServerState.java:close(387)) - 30aa774f-29ca-4455-b4d5-5ed245058eaf@group-1D77C60713B1: closes. applyIndex: 0
2019-10-04 18:12:48,485 [ForkJoinPool.commonPool-worker-1] INFO  impl.RaftServerImpl (ServerState.java:close(387)) - 323826f1-6e9f-4f69-9108-05e4f763e2ff@group-5AA91AB5D5A9: closes. applyIndex: 0
2019-10-04 18:12:48,486 [30aa774f-29ca-4455-b4d5-5ed245058eaf@group-1D77C60713B1-SegmentedRaftLogWorker] INFO  segmented.SegmentedRaftLogWorker (SegmentedRaftLogWorker.java:run(316)) - 30aa774f-29ca-4455-b4d5-5ed245058eaf@group-1D77C60713B1-SegmentedRaftLogWorker was interrupted, exiting. There are 0 tasks remaining in the queue.
2019-10-04 18:12:48,486 [323826f1-6e9f-4f69-9108-05e4f763e2ff@group-5AA91AB5D5A9-SegmentedRaftLogWorker] INFO  segmented.SegmentedRaftLogWorker (SegmentedRaftLogWorker.java:run(316)) - 323826f1-6e9f-4f69-9108-05e4f763e2ff@group-5AA91AB5D5A9-SegmentedRaftLogWorker was interrupted, exiting. There are 0 tasks remaining in the queue.
2019-10-04 18:12:48,493 [main] INFO  segmented.SegmentedRaftLogWorker (SegmentedRaftLogWorker.java:close(224)) - 30aa774f-29ca-4455-b4d5-5ed245058eaf@group-1D77C60713B1-SegmentedRaftLogWorker close()
2019-10-04 18:12:48,493 [ForkJoinPool.commonPool-worker-1] INFO  segmented.SegmentedRaftLogWorker (SegmentedRaftLogWorker.java:close(224)) - 323826f1-6e9f-4f69-9108-05e4f763e2ff@group-5AA91AB5D5A9-SegmentedRaftLogWorker close()
2019-10-04 18:12:48,497 [main] INFO  impl.RaftServerImpl (RaftServerImpl.java:lambda$shutdown$3(247)) - 30aa774f-29ca-4455-b4d5-5ed245058eaf@group-D2114FC2E457: shutdown
2019-10-04 18:12:48,501 [ForkJoinPool.commonPool-worker-1] INFO  impl.RaftServerImpl (RaftServerImpl.java:lambda$shutdown$3(247)) - 323826f1-6e9f-4f69-9108-05e4f763e2ff@group-67CBA0B18DA3: shutdown
2019-10-04 18:12:48,501 [main] INFO  util.JmxRegister (JmxRegister.java:unregister(73)) - Successfully un-registered JMX Bean with object name Ratis:service=RaftServer,group=group-D2114FC2E457,id=30aa774f-29ca-4455-b4d5-5ed245058eaf
2019-10-04 18:12:48,502 [ForkJoinPool.commonPool-worker-1] INFO  util.JmxRegister (JmxRegister.java:unregister(73)) - Successfully un-registered JMX Bean with object name Ratis:service=RaftServer,group=group-67CBA0B18DA3,id=323826f1-6e9f-4f69-9108-05e4f763e2ff
2019-10-04 18:12:48,502 [main] INFO  impl.RoleInfo (RoleInfo.java:shutdownFollowerState(121)) - 30aa774f-29ca-4455-b4d5-5ed245058eaf: shutdown FollowerState
2019-10-04 18:12:48,502 [ForkJoinPool.commonPool-worker-1] INFO  impl.RoleInfo (RoleInfo.java:shutdownFollowerState(121)) - 323826f1-6e9f-4f69-9108-05e4f763e2ff: shutdown FollowerState
2019-10-04 18:12:48,503 [30aa774f-29ca-4455-b4d5-5ed245058eaf@group-D2114FC2E457-StateMachineUpdater] INFO  ratis.ContainerStateMachine (ContainerStateMachine.java:takeSnapshot(293)) - group-D2114FC2E457: Taking a snapshot at:(t:1, i:13) file /workdir/hadoop-ozone/integration-test/target/test-dir/MiniOzoneClusterImpl-dcee263f-6b07-4fee-9faf-1f5df40be807/datanode-4/data/ratis/8e0393c3-81be-4c57-be57-d2114fc2e457/sm/snapshot.1_13
2019-10-04 18:12:48,503 [main] INFO  impl.StateMachineUpdater (StateMachineUpdater.java:stopAndJoin(136)) - 30aa774f-29ca-4455-b4d5-5ed245058eaf@group-D2114FC2E457-StateMachineUpdater: set stopIndex = 17
2019-10-04 18:12:48,503 [323826f1-6e9f-4f69-9108-05e4f763e2ff@group-67CBA0B18DA3-StateMachineUpdater] INFO  ratis.ContainerStateMachine (ContainerStateMachine.java:takeSnapshot(293)) - group-67CBA0B18DA3: Taking a snapshot at:(t:1, i:14) file /workdir/hadoop-ozone/integration-test/target/test-dir/MiniOzoneClusterImpl-dcee263f-6b07-4fee-9faf-1f5df40be807/datanode-1/data/ratis/44dc4936-3540-4449-8153-67cba0b18da3/sm/snapshot.1_14
2019-10-04 18:12:48,503 [Thread-3087] INFO  impl.FollowerState (FollowerState.java:run(117)) - 323826f1-6e9f-4f69-9108-05e4f763e2ff@group-67CBA0B18DA3-FollowerState was interrupted: java.lang.InterruptedException: sleep interrupted
2019-10-04 18:12:48,503 [Thread-3205] INFO  impl.FollowerState (FollowerState.java:run(117)) - 30aa774f-29ca-4455-b4d5-5ed245058eaf@group-D2114FC2E457-FollowerState was interrupted: java.lang.InterruptedException: sleep interrupted
2019-10-04 18:12:48,503 [ForkJoinPool.commonPool-worker-1] INFO  impl.StateMachineUpdater (StateMachineUpdater.java:stopAndJoin(136)) - 323826f1-6e9f-4f69-9108-05e4f763e2ff@group-67CBA0B18DA3-StateMachineUpdater: set stopIndex = 16
2019-10-04 18:12:48,710 [323826f1-6e9f-4f69-9108-05e4f763e2ff@group-67CBA0B18DA3-StateMachineUpdater] INFO  ratis.ContainerStateMachine (ContainerStateMachine.java:takeSnapshot(304)) - group-67CBA0B18DA3: Finished taking a snapshot at:(t:1, i:14) file:/workdir/hadoop-ozone/integration-test/target/test-dir/MiniOzoneClusterImpl-dcee263f-6b07-4fee-9faf-1f5df40be807/datanode-1/data/ratis/44dc4936-3540-4449-8153-67cba0b18da3/sm/snapshot.1_14 time:207
2019-10-04 18:12:48,710 [30aa774f-29ca-4455-b4d5-5ed245058eaf@group-D2114FC2E457-StateMachineUpdater] INFO  ratis.ContainerStateMachine (ContainerStateMachine.java:takeSnapshot(304)) - group-D2114FC2E457: Finished taking a snapshot at:(t:1, i:13) file:/workdir/hadoop-ozone/integration-test/target/test-dir/MiniOzoneClusterImpl-dcee263f-6b07-4fee-9faf-1f5df40be807/datanode-4/data/ratis/8e0393c3-81be-4c57-be57-d2114fc2e457/sm/snapshot.1_13 time:208
2019-10-04 18:12:48,710 [323826f1-6e9f-4f69-9108-05e4f763e2ff@group-67CBA0B18DA3-StateMachineUpdater] INFO  impl.StateMachineUpdater (StateMachineUpdater.java:takeSnapshot(269)) - 323826f1-6e9f-4f69-9108-05e4f763e2ff@group-67CBA0B18DA3-StateMachineUpdater: Took a snapshot at index 14
2019-10-04 18:12:48,710 [30aa774f-29ca-4455-b4d5-5ed245058eaf@group-D2114FC2E457-StateMachineUpdater] INFO  impl.StateMachineUpdater (StateMachineUpdater.java:takeSnapshot(269)) - 30aa774f-29ca-4455-b4d5-5ed245058eaf@group-D2114FC2E457-StateMachineUpdater: Took a snapshot at index 13
2019-10-04 18:12:48,711 [323826f1-6e9f-4f69-9108-05e4f763e2ff@group-67CBA0B18DA3-StateMachineUpdater] INFO  impl.StateMachineUpdater (StateMachineUpdater.java:lambda$new$0(84)) - 323826f1-6e9f-4f69-9108-05e4f763e2ff@group-67CBA0B18DA3-StateMachineUpdater: snapshotIndex: updateIncreasingly -1 -> 14
2019-10-04 18:12:48,711 [30aa774f-29ca-4455-b4d5-5ed245058eaf@group-D2114FC2E457-StateMachineUpdater] INFO  impl.StateMachineUpdater (StateMachineUpdater.java:lambda$new$0(84)) - 30aa774f-29ca-4455-b4d5-5ed245058eaf@group-D2114FC2E457-StateMachineUpdater: snapshotIndex: updateIncreasingly -1 -> 13
2019-10-04 18:12:48,711 [30aa774f-29ca-4455-b4d5-5ed245058eaf@group-D2114FC2E457-StateMachineUpdater] INFO  ratis.ContainerStateMachine (ContainerStateMachine.java:takeSnapshot(293)) - group-D2114FC2E457: Taking a snapshot at:(t:1, i:13) file /workdir/hadoop-ozone/integration-test/target/test-dir/MiniOzoneClusterImpl-dcee263f-6b07-4fee-9faf-1f5df40be807/datanode-4/data/ratis/8e0393c3-81be-4c57-be57-d2114fc2e457/sm/snapshot.1_13
2019-10-04 18:12:48,711 [323826f1-6e9f-4f69-9108-05e4f763e2ff@group-67CBA0B18DA3-StateMachineUpdater] INFO  ratis.ContainerStateMachine (ContainerStateMachine.java:takeSnapshot(293)) - group-67CBA0B18DA3: Taking a snapshot at:(t:1, i:14) file /workdir/hadoop-ozone/integration-test/target/test-dir/MiniOzoneClusterImpl-dcee263f-6b07-4fee-9faf-1f5df40be807/datanode-1/data/ratis/44dc4936-3540-4449-8153-67cba0b18da3/sm/snapshot.1_14
2019-10-04 18:12:48,725 [30aa774f-29ca-4455-b4d5-5ed245058eaf@group-D2114FC2E457-StateMachineUpdater] INFO  ratis.ContainerStateMachine (ContainerStateMachine.java:takeSnapshot(304)) - group-D2114FC2E457: Finished taking a snapshot at:(t:1, i:13) file:/workdir/hadoop-ozone/integration-test/target/test-dir/MiniOzoneClusterImpl-dcee263f-6b07-4fee-9faf-1f5df40be807/datanode-4/data/ratis/8e0393c3-81be-4c57-be57-d2114fc2e457/sm/snapshot.1_13 time:13
2019-10-04 18:12:48,725 [323826f1-6e9f-4f69-9108-05e4f763e2ff@group-67CBA0B18DA3-StateMachineUpdater] INFO  ratis.ContainerStateMachine (ContainerStateMachine.java:takeSnapshot(304)) - group-67CBA0B18DA3: Finished taking a snapshot at:(t:1, i:14) file:/workdir/hadoop-ozone/integration-test/target/test-dir/MiniOzoneClusterImpl-dcee263f-6b07-4fee-9faf-1f5df40be807/datanode-1/data/ratis/44dc4936-3540-4449-8153-67cba0b18da3/sm/snapshot.1_14 time:13
2019-10-04 18:12:48,725 [30aa774f-29ca-4455-b4d5-5ed245058eaf@group-D2114FC2E457-StateMachineUpdater] INFO  impl.StateMachineUpdater (StateMachineUpdater.java:takeSnapshot(269)) - 30aa774f-29ca-4455-b4d5-5ed245058eaf@group-D2114FC2E457-StateMachineUpdater: Took a snapshot at index 13
2019-10-04 18:12:48,725 [323826f1-6e9f-4f69-9108-05e4f763e2ff@group-67CBA0B18DA3-StateMachineUpdater] INFO  impl.StateMachineUpdater (StateMachineUpdater.java:takeSnapshot(269)) - 323826f1-6e9f-4f69-9108-05e4f763e2ff@group-67CBA0B18DA3-StateMachineUpdater: Took a snapshot at index 14
2019-10-04 18:12:48,725 [30aa774f-29ca-4455-b4d5-5ed245058eaf@group-D2114FC2E457-StateMachineUpdater] INFO  impl.StateMachineUpdater (StateMachineUpdater.java:lambda$new$0(84)) - 30aa774f-29ca-4455-b4d5-5ed245058eaf@group-D2114FC2E457-StateMachineUpdater: snapshotIndex: updateIncreasingly 13 -> 13
2019-10-04 18:12:48,725 [323826f1-6e9f-4f69-9108-05e4f763e2ff@group-67CBA0B18DA3-StateMachineUpdater] INFO  impl.StateMachineUpdater (StateMachineUpdater.java:lambda$new$0(84)) - 323826f1-6e9f-4f69-9108-05e4f763e2ff@group-67CBA0B18DA3-StateMachineUpdater: snapshotIndex: updateIncreasingly 14 -> 14
2019-10-04 18:12:48,726 [main] INFO  impl.RaftServerImpl (ServerState.java:close(387)) - 30aa774f-29ca-4455-b4d5-5ed245058eaf@group-D2114FC2E457: closes. applyIndex: 17
2019-10-04 18:12:48,726 [ForkJoinPool.commonPool-worker-1] INFO  impl.RaftServerImpl (ServerState.java:close(387)) - 323826f1-6e9f-4f69-9108-05e4f763e2ff@group-67CBA0B18DA3: closes. applyIndex: 16
2019-10-04 18:12:48,726 [30aa774f-29ca-4455-b4d5-5ed245058eaf@group-D2114FC2E457-SegmentedRaftLogWorker] INFO  segmented.SegmentedRaftLogWorker (SegmentedRaftLogWorker.java:run(316)) - 30aa774f-29ca-4455-b4d5-5ed245058eaf@group-D2114FC2E457-SegmentedRaftLogWorker was interrupted, exiting. There are 0 tasks remaining in the queue.
2019-10-04 18:12:48,729 [main] INFO  segmented.SegmentedRaftLogWorker (SegmentedRaftLogWorker.java:close(224)) - 30aa774f-29ca-4455-b4d5-5ed245058eaf@group-D2114FC2E457-SegmentedRaftLogWorker close()
2019-10-04 18:12:48,729 [323826f1-6e9f-4f69-9108-05e4f763e2ff@group-67CBA0B18DA3-SegmentedRaftLogWorker] INFO  segmented.SegmentedRaftLogWorker (SegmentedRaftLogWorker.java:run(316)) - 323826f1-6e9f-4f69-9108-05e4f763e2ff@group-67CBA0B18DA3-SegmentedRaftLogWorker was interrupted, exiting. There are 0 tasks remaining in the queue.
2019-10-04 18:12:48,736 [main] INFO  server.GrpcService (GrpcService.java:closeImpl(164)) - 30aa774f-29ca-4455-b4d5-5ed245058eaf: shutdown server with port 44321 now
2019-10-04 18:12:48,736 [ForkJoinPool.commonPool-worker-1] INFO  segmented.SegmentedRaftLogWorker (SegmentedRaftLogWorker.java:close(224)) - 323826f1-6e9f-4f69-9108-05e4f763e2ff@group-67CBA0B18DA3-SegmentedRaftLogWorker close()
2019-10-04 18:12:48,741 [ForkJoinPool.commonPool-worker-1] INFO  server.GrpcService (GrpcService.java:closeImpl(164)) - 323826f1-6e9f-4f69-9108-05e4f763e2ff: shutdown server with port 38371 now
2019-10-04 18:12:48,742 [grpc-default-executor-6] WARN  server.GrpcServerProtocolService (LogUtils.java:warn(134)) - 30aa774f-29ca-4455-b4d5-5ed245058eaf: installSnapshot onError, lastRequest: 98891705-e38f-42f0-9b87-1c4b8c7821c0->30aa774f-29ca-4455-b4d5-5ed245058eaf#4-t2, previous=(t:2, i:17), leaderCommit=17, initializing? false, entries: <empty>: org.apache.ratis.thirdparty.io.grpc.StatusRuntimeException: CANCELLED: cancelled before receiving half close
2019-10-04 18:12:48,742 [grpc-default-executor-9] WARN  server.GrpcServerProtocolService (LogUtils.java:warn(134)) - 323826f1-6e9f-4f69-9108-05e4f763e2ff: installSnapshot onError, lastRequest: 6dac3d17-da55-4552-8a5b-8459af427716->323826f1-6e9f-4f69-9108-05e4f763e2ff#25-t1, previous=(t:1, i:16), leaderCommit=16, initializing? false, entries: <empty>: org.apache.ratis.thirdparty.io.grpc.StatusRuntimeException: CANCELLED: cancelled before receiving half close
2019-10-04 18:12:48,742 [main] INFO  server.GrpcService (GrpcService.java:closeImpl(172)) - 30aa774f-29ca-4455-b4d5-5ed245058eaf: shutdown server with port 44321 successfully
2019-10-04 18:12:48,743 [grpc-default-executor-13] WARN  server.GrpcLogAppender (LogUtils.java:warn(134)) - 6dac3d17-da55-4552-8a5b-8459af427716@group-67CBA0B18DA3->323826f1-6e9f-4f69-9108-05e4f763e2ff-AppendLogResponseHandler: Failed appendEntries: org.apache.ratis.thirdparty.io.grpc.StatusRuntimeException: CANCELLED: HTTP/2 error code: CANCEL
Received Rst Stream
2019-10-04 18:12:48,743 [grpc-default-executor-12] WARN  server.GrpcLogAppender (LogUtils.java:warn(134)) - 98891705-e38f-42f0-9b87-1c4b8c7821c0@group-D2114FC2E457->30aa774f-29ca-4455-b4d5-5ed245058eaf-AppendLogResponseHandler: Failed appendEntries: org.apache.ratis.thirdparty.io.grpc.StatusRuntimeException: CANCELLED: HTTP/2 error code: CANCEL
Received Rst Stream
2019-10-04 18:12:48,743 [grpc-default-executor-13] INFO  impl.FollowerInfo (FollowerInfo.java:lambda$new$0(51)) - 6dac3d17-da55-4552-8a5b-8459af427716@group-67CBA0B18DA3->323826f1-6e9f-4f69-9108-05e4f763e2ff: nextIndex: updateUnconditionally 17 -> 16
2019-10-04 18:12:48,743 [ForkJoinPool.commonPool-worker-1] INFO  server.GrpcService (GrpcService.java:closeImpl(172)) - 323826f1-6e9f-4f69-9108-05e4f763e2ff: shutdown server with port 38371 successfully
2019-10-04 18:12:48,744 [grpc-default-executor-12] INFO  impl.FollowerInfo (FollowerInfo.java:lambda$new$0(51)) - 98891705-e38f-42f0-9b87-1c4b8c7821c0@group-D2114FC2E457->30aa774f-29ca-4455-b4d5-5ed245058eaf: nextIndex: updateUnconditionally 18 -> 17
2019-10-04 18:12:48,746 [refreshUsed-/workdir/hadoop-ozone/integration-test/target/test-dir/MiniOzoneClusterImpl-dcee263f-6b07-4fee-9faf-1f5df40be807/datanode-4/data/containers] WARN  fs.CachingGetSpaceUsed (CachingGetSpaceUsed.java:run(183)) - Thread Interrupted waiting to refresh disk information: sleep interrupted
2019-10-04 18:12:48,749 [refreshUsed-/workdir/hadoop-ozone/integration-test/target/test-dir/MiniOzoneClusterImpl-dcee263f-6b07-4fee-9faf-1f5df40be807/datanode-1/data/containers] WARN  fs.CachingGetSpaceUsed (CachingGetSpaceUsed.java:run(183)) - Thread Interrupted waiting to refresh disk information: sleep interrupted
2019-10-04 18:12:48,769 [ForkJoinPool.commonPool-worker-1] INFO  utils.BackgroundService (BackgroundService.java:shutdown(148)) - Shutting down service BlockDeletingService
2019-10-04 18:12:48,774 [ForkJoinPool.commonPool-worker-1] INFO  statemachine.DatanodeStateMachine (DatanodeStateMachine.java:stopDaemon(395)) - Ozone container server stopped.
2019-10-04 18:12:48,780 [ForkJoinPool.commonPool-worker-1] INFO  handler.ContextHandler (ContextHandler.java:doStop(910)) - Stopped o.e.j.w.WebAppContext@3e43f049{/,null,UNAVAILABLE}{/hddsDatanode}
2019-10-04 18:12:48,781 [ForkJoinPool.commonPool-worker-1] INFO  server.AbstractConnector (AbstractConnector.java:doStop(318)) - Stopped ServerConnector@147cc940{HTTP/1.1,[http/1.1]}{0.0.0.0:0}
2019-10-04 18:12:48,782 [ForkJoinPool.commonPool-worker-1] INFO  handler.ContextHandler (ContextHandler.java:doStop(910)) - Stopped o.e.j.s.ServletContextHandler@34c76167{/static,jar:file:/home/user/.m2/repository/org/apache/hadoop/hadoop-hdds-container-service/0.5.0-SNAPSHOT/hadoop-hdds-container-service-0.5.0-SNAPSHOT.jar!/webapps/static,UNAVAILABLE}
2019-10-04 18:12:48,784 [ForkJoinPool.commonPool-worker-1] INFO  handler.ContextHandler (ContextHandler.java:doStop(910)) - Stopped o.e.j.s.ServletContextHandler@723742b2{/logs,file:///workdir/hadoop-ozone/integration-test/target/log,UNAVAILABLE}
2019-10-04 18:12:48,786 [main] INFO  utils.BackgroundService (BackgroundService.java:shutdown(148)) - Shutting down service BlockDeletingService
2019-10-04 18:12:48,791 [main] INFO  statemachine.DatanodeStateMachine (DatanodeStateMachine.java:stopDaemon(395)) - Ozone container server stopped.
2019-10-04 18:12:48,792 [main] INFO  handler.ContextHandler (ContextHandler.java:doStop(910)) - Stopped o.e.j.w.WebAppContext@2f8c4fae{/,null,UNAVAILABLE}{/hddsDatanode}
2019-10-04 18:12:48,792 [main] INFO  server.AbstractConnector (AbstractConnector.java:doStop(318)) - Stopped ServerConnector@4703c998{HTTP/1.1,[http/1.1]}{0.0.0.0:0}
2019-10-04 18:12:48,793 [main] INFO  handler.ContextHandler (ContextHandler.java:doStop(910)) - Stopped o.e.j.s.ServletContextHandler@222acad{/static,jar:file:/home/user/.m2/repository/org/apache/hadoop/hadoop-hdds-container-service/0.5.0-SNAPSHOT/hadoop-hdds-container-service-0.5.0-SNAPSHOT.jar!/webapps/static,UNAVAILABLE}
2019-10-04 18:12:48,793 [main] INFO  handler.ContextHandler (ContextHandler.java:doStop(910)) - Stopped o.e.j.s.ServletContextHandler@11e71181{/logs,file:///workdir/hadoop-ozone/integration-test/target/log,UNAVAILABLE}
2019-10-04 18:12:49,265 [Datanode State Machine Thread - 0] INFO  statemachine.DatanodeStateMachine (DatanodeStateMachine.java:lambda$startDaemon$0(350)) - Ozone container server started.
2019-10-04 18:12:49,289 [Datanode State Machine Thread - 0] INFO  statemachine.DatanodeStateMachine (DatanodeStateMachine.java:lambda$startDaemon$0(350)) - Ozone container server started.
2019-10-04 18:12:50,254 [grpc-default-executor-13] WARN  server.GrpcLogAppender (LogUtils.java:warn(134)) - 98891705-e38f-42f0-9b87-1c4b8c7821c0@group-D2114FC2E457->f4b34e38-07a5-4f57-a56b-ef1c9e62ea1c-AppendLogResponseHandler: Failed appendEntries: org.apache.ratis.thirdparty.io.grpc.StatusRuntimeException: UNAVAILABLE: io exception
2019-10-04 18:12:50,255 [grpc-default-executor-13] INFO  impl.FollowerInfo (FollowerInfo.java:lambda$new$0(51)) - 98891705-e38f-42f0-9b87-1c4b8c7821c0@group-D2114FC2E457->f4b34e38-07a5-4f57-a56b-ef1c9e62ea1c: nextIndex: updateUnconditionally 0 -> 0
2019-10-04 18:12:50,259 [grpc-default-executor-13] WARN  server.GrpcLogAppender (LogUtils.java:warn(134)) - 98891705-e38f-42f0-9b87-1c4b8c7821c0@group-D2114FC2E457->30aa774f-29ca-4455-b4d5-5ed245058eaf-AppendLogResponseHandler: Failed appendEntries: org.apache.ratis.thirdparty.io.grpc.StatusRuntimeException: UNAVAILABLE: io exception
2019-10-04 18:12:50,259 [grpc-default-executor-13] INFO  impl.FollowerInfo (FollowerInfo.java:lambda$new$0(51)) - 98891705-e38f-42f0-9b87-1c4b8c7821c0@group-D2114FC2E457->30aa774f-29ca-4455-b4d5-5ed245058eaf: nextIndex: updateUnconditionally 17 -> 16
2019-10-04 18:12:50,946 [grpc-default-executor-9] WARN  server.GrpcLogAppender (LogUtils.java:warn(134)) - 6dac3d17-da55-4552-8a5b-8459af427716@group-67CBA0B18DA3->323826f1-6e9f-4f69-9108-05e4f763e2ff-AppendLogResponseHandler: Failed appendEntries: org.apache.ratis.thirdparty.io.grpc.StatusRuntimeException: UNAVAILABLE: io exception
2019-10-04 18:12:50,947 [grpc-default-executor-9] INFO  impl.FollowerInfo (FollowerInfo.java:lambda$new$0(51)) - 6dac3d17-da55-4552-8a5b-8459af427716@group-67CBA0B18DA3->323826f1-6e9f-4f69-9108-05e4f763e2ff: nextIndex: updateUnconditionally 16 -> 15
2019-10-04 18:12:52,759 [grpc-default-executor-9] WARN  server.GrpcLogAppender (LogUtils.java:warn(134)) - 98891705-e38f-42f0-9b87-1c4b8c7821c0@group-D2114FC2E457->f4b34e38-07a5-4f57-a56b-ef1c9e62ea1c-AppendLogResponseHandler: Failed appendEntries: org.apache.ratis.thirdparty.io.grpc.StatusRuntimeException: UNAVAILABLE: io exception
2019-10-04 18:12:52,760 [grpc-default-executor-9] INFO  impl.FollowerInfo (FollowerInfo.java:lambda$new$0(51)) - 98891705-e38f-42f0-9b87-1c4b8c7821c0@group-D2114FC2E457->f4b34e38-07a5-4f57-a56b-ef1c9e62ea1c: nextIndex: updateUnconditionally 0 -> 0
2019-10-04 18:12:52,760 [grpc-default-executor-13] WARN  server.GrpcLogAppender (LogUtils.java:warn(134)) - 98891705-e38f-42f0-9b87-1c4b8c7821c0@group-D2114FC2E457->30aa774f-29ca-4455-b4d5-5ed245058eaf-AppendLogResponseHandler: Failed appendEntries: org.apache.ratis.thirdparty.io.grpc.StatusRuntimeException: UNAVAILABLE: io exception
2019-10-04 18:12:52,761 [grpc-default-executor-13] INFO  impl.FollowerInfo (FollowerInfo.java:lambda$new$0(51)) - 98891705-e38f-42f0-9b87-1c4b8c7821c0@group-D2114FC2E457->30aa774f-29ca-4455-b4d5-5ed245058eaf: nextIndex: updateUnconditionally 16 -> 15
2019-10-04 18:12:53,339 [EventQueue-StaleNodeForStaleNodeHandler] INFO  node.StaleNodeHandler (StaleNodeHandler.java:onMessage(58)) - Datanode 6dac3d17-da55-4552-8a5b-8459af427716{ip: 192.168.151.69, host: pr-hdds-2251-hdm2b-3409562618, networkLocation: /default-rack, certSerialId: null} moved to stale state. Finalizing its pipelines [PipelineID=44dc4936-3540-4449-8153-67cba0b18da3, PipelineID=9d5b1cd4-ac58-4b58-b77f-61afb6d87f2b]
2019-10-04 18:12:53,340 [EventQueue-StaleNodeForStaleNodeHandler] INFO  pipeline.SCMPipelineManager (SCMPipelineManager.java:finalizeAndDestroyPipeline(315)) - destroying pipeline:Pipeline[ Id: 44dc4936-3540-4449-8153-67cba0b18da3, Nodes: d268aedf-d4e8-4f2f-a332-db241945baf3{ip: 192.168.151.69, host: pr-hdds-2251-hdm2b-3409562618, networkLocation: /default-rack, certSerialId: null}6dac3d17-da55-4552-8a5b-8459af427716{ip: 192.168.151.69, host: pr-hdds-2251-hdm2b-3409562618, networkLocation: /default-rack, certSerialId: null}323826f1-6e9f-4f69-9108-05e4f763e2ff{ip: 192.168.151.69, host: pr-hdds-2251-hdm2b-3409562618, networkLocation: /default-rack, certSerialId: null}, Type:RATIS, Factor:THREE, State:CLOSED]
2019-10-04 18:12:53,340 [EventQueue-StaleNodeForStaleNodeHandler] INFO  pipeline.SCMPipelineManager (SCMPipelineManager.java:finalizeAndDestroyPipeline(315)) - destroying pipeline:Pipeline[ Id: 9d5b1cd4-ac58-4b58-b77f-61afb6d87f2b, Nodes: 6dac3d17-da55-4552-8a5b-8459af427716{ip: 192.168.151.69, host: pr-hdds-2251-hdm2b-3409562618, networkLocation: /default-rack, certSerialId: null}, Type:RATIS, Factor:ONE, State:OPEN]
2019-10-04 18:12:53,341 [EventQueue-StaleNodeForStaleNodeHandler] INFO  pipeline.PipelineStateManager (PipelineStateManager.java:finalizePipeline(123)) - Pipeline Pipeline[ Id: 9d5b1cd4-ac58-4b58-b77f-61afb6d87f2b, Nodes: 6dac3d17-da55-4552-8a5b-8459af427716{ip: 192.168.151.69, host: pr-hdds-2251-hdm2b-3409562618, networkLocation: /default-rack, certSerialId: null}, Type:RATIS, Factor:ONE, State:CLOSED] moved to CLOSED state
2019-10-04 18:12:53,341 [EventQueue-StaleNodeForStaleNodeHandler] INFO  node.StaleNodeHandler (StaleNodeHandler.java:onMessage(58)) - Datanode 9b7f7b1e-08bf-4136-ac45-f9e0422d1a4c{ip: 192.168.151.69, host: pr-hdds-2251-hdm2b-3409562618, networkLocation: /default-rack, certSerialId: null} moved to stale state. Finalizing its pipelines []
2019-10-04 18:12:53,446 [grpc-default-executor-12] WARN  server.GrpcLogAppender (LogUtils.java:warn(134)) - 6dac3d17-da55-4552-8a5b-8459af427716@group-67CBA0B18DA3->323826f1-6e9f-4f69-9108-05e4f763e2ff-AppendLogResponseHandler: Failed appendEntries: org.apache.ratis.thirdparty.io.grpc.StatusRuntimeException: UNAVAILABLE: io exception
2019-10-04 18:12:53,449 [grpc-default-executor-12] INFO  impl.FollowerInfo (FollowerInfo.java:lambda$new$0(51)) - 6dac3d17-da55-4552-8a5b-8459af427716@group-67CBA0B18DA3->323826f1-6e9f-4f69-9108-05e4f763e2ff: nextIndex: updateUnconditionally 15 -> 14
2019-10-04 18:12:53,786 [ForkJoinPool.commonPool-worker-1] INFO  ozoneimpl.OzoneContainer (OzoneContainer.java:stop(231)) - Attempting to stop container services.
2019-10-04 18:12:53,787 [ForkJoinPool.commonPool-worker-1] INFO  impl.RaftServerProxy (RaftServerProxy.java:lambda$close$4(314)) - 6dac3d17-da55-4552-8a5b-8459af427716: close
2019-10-04 18:12:53,787 [ForkJoinPool.commonPool-worker-1] INFO  impl.RaftServerImpl (RaftServerImpl.java:lambda$shutdown$3(247)) - 6dac3d17-da55-4552-8a5b-8459af427716@group-67CBA0B18DA3: shutdown
2019-10-04 18:12:53,788 [ForkJoinPool.commonPool-worker-1] INFO  util.JmxRegister (JmxRegister.java:unregister(73)) - Successfully un-registered JMX Bean with object name Ratis:service=RaftServer,group=group-67CBA0B18DA3,id=6dac3d17-da55-4552-8a5b-8459af427716
2019-10-04 18:12:53,788 [ForkJoinPool.commonPool-worker-1] INFO  impl.RoleInfo (RoleInfo.java:shutdownLeaderState(104)) - 6dac3d17-da55-4552-8a5b-8459af427716: shutdown LeaderState
2019-10-04 18:12:53,789 [ForkJoinPool.commonPool-worker-1] INFO  impl.PendingRequests (PendingRequests.java:sendNotLeaderResponses(202)) - 6dac3d17-da55-4552-8a5b-8459af427716@group-67CBA0B18DA3-PendingRequests: sendNotLeaderResponses
2019-10-04 18:12:53,789 [org.apache.ratis.server.impl.LogAppender$AppenderDaemon$$Lambda$522/1407241159@6b14c332] WARN  server.GrpcLogAppender (GrpcLogAppender.java:mayWait(143)) - 6dac3d17-da55-4552-8a5b-8459af427716@group-67CBA0B18DA3->d268aedf-d4e8-4f2f-a332-db241945baf3-GrpcLogAppender: Wait interrupted by java.lang.InterruptedException
2019-10-04 18:12:53,789 [org.apache.ratis.server.impl.LogAppender$AppenderDaemon$$Lambda$522/1407241159@77ae7d00] WARN  server.GrpcLogAppender (GrpcLogAppender.java:mayWait(143)) - 6dac3d17-da55-4552-8a5b-8459af427716@group-67CBA0B18DA3->323826f1-6e9f-4f69-9108-05e4f763e2ff-GrpcLogAppender: Wait interrupted by java.lang.InterruptedException
2019-10-04 18:12:53,808 [main] INFO  ozoneimpl.OzoneContainer (OzoneContainer.java:stop(231)) - Attempting to stop container services.
2019-10-04 18:12:53,809 [grpc-default-executor-12] INFO  server.GrpcServerProtocolService (GrpcServerProtocolService.java:onCompleted(113)) - d268aedf-d4e8-4f2f-a332-db241945baf3: Completed APPEND_ENTRIES, lastRequest: 6dac3d17-da55-4552-8a5b-8459af427716->d268aedf-d4e8-4f2f-a332-db241945baf3#27-t1, previous=(t:1, i:16), leaderCommit=16, initializing? false, entries: <empty>
2019-10-04 18:12:53,809 [6dac3d17-da55-4552-8a5b-8459af427716@group-67CBA0B18DA3-StateMachineUpdater] INFO  ratis.ContainerStateMachine (ContainerStateMachine.java:takeSnapshot(293)) - group-67CBA0B18DA3: Taking a snapshot at:(t:1, i:14) file /workdir/hadoop-ozone/integration-test/target/test-dir/MiniOzoneClusterImpl-dcee263f-6b07-4fee-9faf-1f5df40be807/datanode-2/data/ratis/44dc4936-3540-4449-8153-67cba0b18da3/sm/snapshot.1_14
2019-10-04 18:12:53,808 [ForkJoinPool.commonPool-worker-1] INFO  impl.StateMachineUpdater (StateMachineUpdater.java:stopAndJoin(136)) - 6dac3d17-da55-4552-8a5b-8459af427716@group-67CBA0B18DA3-StateMachineUpdater: set stopIndex = 16
2019-10-04 18:12:53,809 [main] INFO  impl.RaftServerProxy (RaftServerProxy.java:lambda$close$4(314)) - 9b7f7b1e-08bf-4136-ac45-f9e0422d1a4c: close
2019-10-04 18:12:53,813 [grpc-default-executor-13] INFO  server.GrpcLogAppender (GrpcLogAppender.java:onCompleted(293)) - 6dac3d17-da55-4552-8a5b-8459af427716@group-67CBA0B18DA3->d268aedf-d4e8-4f2f-a332-db241945baf3-AppendLogResponseHandler: follower responses appendEntries COMPLETED
2019-10-04 18:12:53,813 [main] INFO  server.GrpcService (GrpcService.java:closeImpl(164)) - 9b7f7b1e-08bf-4136-ac45-f9e0422d1a4c: shutdown server with port 46020 now
2019-10-04 18:12:53,814 [grpc-default-executor-13] INFO  impl.FollowerInfo (FollowerInfo.java:lambda$new$0(51)) - 6dac3d17-da55-4552-8a5b-8459af427716@group-67CBA0B18DA3->d268aedf-d4e8-4f2f-a332-db241945baf3: nextIndex: updateUnconditionally 17 -> 16
2019-10-04 18:12:53,814 [main] INFO  server.GrpcService (GrpcService.java:closeImpl(172)) - 9b7f7b1e-08bf-4136-ac45-f9e0422d1a4c: shutdown server with port 46020 successfully
2019-10-04 18:12:53,818 [refreshUsed-/workdir/hadoop-ozone/integration-test/target/test-dir/MiniOzoneClusterImpl-dcee263f-6b07-4fee-9faf-1f5df40be807/datanode-6/data/containers] WARN  fs.CachingGetSpaceUsed (CachingGetSpaceUsed.java:run(183)) - Thread Interrupted waiting to refresh disk information: sleep interrupted
2019-10-04 18:12:53,824 [6dac3d17-da55-4552-8a5b-8459af427716@group-67CBA0B18DA3-StateMachineUpdater] INFO  ratis.ContainerStateMachine (ContainerStateMachine.java:takeSnapshot(304)) - group-67CBA0B18DA3: Finished taking a snapshot at:(t:1, i:14) file:/workdir/hadoop-ozone/integration-test/target/test-dir/MiniOzoneClusterImpl-dcee263f-6b07-4fee-9faf-1f5df40be807/datanode-2/data/ratis/44dc4936-3540-4449-8153-67cba0b18da3/sm/snapshot.1_14 time:16
2019-10-04 18:12:53,824 [6dac3d17-da55-4552-8a5b-8459af427716@group-67CBA0B18DA3-StateMachineUpdater] INFO  impl.StateMachineUpdater (StateMachineUpdater.java:takeSnapshot(269)) - 6dac3d17-da55-4552-8a5b-8459af427716@group-67CBA0B18DA3-StateMachineUpdater: Took a snapshot at index 14
2019-10-04 18:12:53,824 [6dac3d17-da55-4552-8a5b-8459af427716@group-67CBA0B18DA3-StateMachineUpdater] INFO  impl.StateMachineUpdater (StateMachineUpdater.java:lambda$new$0(84)) - 6dac3d17-da55-4552-8a5b-8459af427716@group-67CBA0B18DA3-StateMachineUpdater: snapshotIndex: updateIncreasingly -1 -> 14
2019-10-04 18:12:53,825 [6dac3d17-da55-4552-8a5b-8459af427716@group-67CBA0B18DA3-StateMachineUpdater] INFO  ratis.ContainerStateMachine (ContainerStateMachine.java:takeSnapshot(293)) - group-67CBA0B18DA3: Taking a snapshot at:(t:1, i:14) file /workdir/hadoop-ozone/integration-test/target/test-dir/MiniOzoneClusterImpl-dcee263f-6b07-4fee-9faf-1f5df40be807/datanode-2/data/ratis/44dc4936-3540-4449-8153-67cba0b18da3/sm/snapshot.1_14
2019-10-04 18:12:53,845 [main] INFO  utils.BackgroundService (BackgroundService.java:shutdown(148)) - Shutting down service BlockDeletingService
2019-10-04 18:12:53,851 [6dac3d17-da55-4552-8a5b-8459af427716@group-67CBA0B18DA3-StateMachineUpdater] INFO  ratis.ContainerStateMachine (ContainerStateMachine.java:takeSnapshot(304)) - group-67CBA0B18DA3: Finished taking a snapshot at:(t:1, i:14) file:/workdir/hadoop-ozone/integration-test/target/test-dir/MiniOzoneClusterImpl-dcee263f-6b07-4fee-9faf-1f5df40be807/datanode-2/data/ratis/44dc4936-3540-4449-8153-67cba0b18da3/sm/snapshot.1_14 time:27
2019-10-04 18:12:53,851 [main] INFO  statemachine.DatanodeStateMachine (DatanodeStateMachine.java:stopDaemon(395)) - Ozone container server stopped.
2019-10-04 18:12:53,851 [6dac3d17-da55-4552-8a5b-8459af427716@group-67CBA0B18DA3-StateMachineUpdater] INFO  impl.StateMachineUpdater (StateMachineUpdater.java:takeSnapshot(269)) - 6dac3d17-da55-4552-8a5b-8459af427716@group-67CBA0B18DA3-StateMachineUpdater: Took a snapshot at index 14
2019-10-04 18:12:53,852 [6dac3d17-da55-4552-8a5b-8459af427716@group-67CBA0B18DA3-StateMachineUpdater] INFO  impl.StateMachineUpdater (StateMachineUpdater.java:lambda$new$0(84)) - 6dac3d17-da55-4552-8a5b-8459af427716@group-67CBA0B18DA3-StateMachineUpdater: snapshotIndex: updateIncreasingly 14 -> 14
2019-10-04 18:12:53,852 [ForkJoinPool.commonPool-worker-1] INFO  impl.RaftServerImpl (ServerState.java:close(387)) - 6dac3d17-da55-4552-8a5b-8459af427716@group-67CBA0B18DA3: closes. applyIndex: 16
2019-10-04 18:12:53,853 [6dac3d17-da55-4552-8a5b-8459af427716@group-67CBA0B18DA3-SegmentedRaftLogWorker] INFO  segmented.SegmentedRaftLogWorker (SegmentedRaftLogWorker.java:run(316)) - 6dac3d17-da55-4552-8a5b-8459af427716@group-67CBA0B18DA3-SegmentedRaftLogWorker was interrupted, exiting. There are 0 tasks remaining in the queue.
2019-10-04 18:12:53,854 [ForkJoinPool.commonPool-worker-1] INFO  segmented.SegmentedRaftLogWorker (SegmentedRaftLogWorker.java:close(224)) - 6dac3d17-da55-4552-8a5b-8459af427716@group-67CBA0B18DA3-SegmentedRaftLogWorker close()
2019-10-04 18:12:53,855 [main] INFO  handler.ContextHandler (ContextHandler.java:doStop(910)) - Stopped o.e.j.w.WebAppContext@77896335{/,null,UNAVAILABLE}{/hddsDatanode}
2019-10-04 18:12:53,858 [ForkJoinPool.commonPool-worker-1] INFO  impl.RaftServerImpl (RaftServerImpl.java:lambda$shutdown$3(247)) - 6dac3d17-da55-4552-8a5b-8459af427716@group-61AFB6D87F2B: shutdown
2019-10-04 18:12:53,859 [ForkJoinPool.commonPool-worker-1] INFO  util.JmxRegister (JmxRegister.java:unregister(73)) - Successfully un-registered JMX Bean with object name Ratis:service=RaftServer,group=group-61AFB6D87F2B,id=6dac3d17-da55-4552-8a5b-8459af427716
2019-10-04 18:12:53,860 [main] INFO  server.AbstractConnector (AbstractConnector.java:doStop(318)) - Stopped ServerConnector@5c1b89ac{HTTP/1.1,[http/1.1]}{0.0.0.0:0}
2019-10-04 18:12:53,861 [ForkJoinPool.commonPool-worker-1] INFO  impl.RoleInfo (RoleInfo.java:shutdownLeaderState(104)) - 6dac3d17-da55-4552-8a5b-8459af427716: shutdown LeaderState
2019-10-04 18:12:53,861 [main] INFO  handler.ContextHandler (ContextHandler.java:doStop(910)) - Stopped o.e.j.s.ServletContextHandler@3360283{/static,jar:file:/home/user/.m2/repository/org/apache/hadoop/hadoop-hdds-container-service/0.5.0-SNAPSHOT/hadoop-hdds-container-service-0.5.0-SNAPSHOT.jar!/webapps/static,UNAVAILABLE}
2019-10-04 18:12:53,861 [ForkJoinPool.commonPool-worker-1] INFO  impl.PendingRequests (PendingRequests.java:sendNotLeaderResponses(202)) - 6dac3d17-da55-4552-8a5b-8459af427716@group-61AFB6D87F2B-PendingRequests: sendNotLeaderResponses
2019-10-04 18:12:53,862 [main] INFO  handler.ContextHandler (ContextHandler.java:doStop(910)) - Stopped o.e.j.s.ServletContextHandler@27da994b{/logs,file:///workdir/hadoop-ozone/integration-test/target/log,UNAVAILABLE}
2019-10-04 18:12:53,862 [ForkJoinPool.commonPool-worker-1] INFO  impl.StateMachineUpdater (StateMachineUpdater.java:stopAndJoin(136)) - 6dac3d17-da55-4552-8a5b-8459af427716@group-61AFB6D87F2B-StateMachineUpdater: set stopIndex = 0
2019-10-04 18:12:53,863 [ForkJoinPool.commonPool-worker-1] INFO  impl.RaftServerImpl (ServerState.java:close(387)) - 6dac3d17-da55-4552-8a5b-8459af427716@group-61AFB6D87F2B: closes. applyIndex: 0
2019-10-04 18:12:53,863 [6dac3d17-da55-4552-8a5b-8459af427716@group-61AFB6D87F2B-SegmentedRaftLogWorker] INFO  segmented.SegmentedRaftLogWorker (SegmentedRaftLogWorker.java:run(316)) - 6dac3d17-da55-4552-8a5b-8459af427716@group-61AFB6D87F2B-SegmentedRaftLogWorker was interrupted, exiting. There are 0 tasks remaining in the queue.
2019-10-04 18:12:53,866 [ForkJoinPool.commonPool-worker-1] INFO  segmented.SegmentedRaftLogWorker (SegmentedRaftLogWorker.java:close(224)) - 6dac3d17-da55-4552-8a5b-8459af427716@group-61AFB6D87F2B-SegmentedRaftLogWorker close()
2019-10-04 18:12:53,871 [ForkJoinPool.commonPool-worker-1] INFO  server.GrpcService (GrpcService.java:closeImpl(164)) - 6dac3d17-da55-4552-8a5b-8459af427716: shutdown server with port 45186 now
2019-10-04 18:12:53,872 [grpc-default-executor-12] WARN  client.GrpcClientProtocolService (LogUtils.java:warn(134)) - 1-UnorderedRequestStreamObserver1: onError: org.apache.ratis.thirdparty.io.grpc.StatusRuntimeException: CANCELLED: cancelled before receiving half close
2019-10-04 18:12:53,872 [ForkJoinPool.commonPool-worker-1] INFO  server.GrpcService (GrpcService.java:closeImpl(172)) - 6dac3d17-da55-4552-8a5b-8459af427716: shutdown server with port 45186 successfully
2019-10-04 18:12:53,875 [refreshUsed-/workdir/hadoop-ozone/integration-test/target/test-dir/MiniOzoneClusterImpl-dcee263f-6b07-4fee-9faf-1f5df40be807/datanode-2/data/containers] WARN  fs.CachingGetSpaceUsed (CachingGetSpaceUsed.java:run(183)) - Thread Interrupted waiting to refresh disk information: sleep interrupted
2019-10-04 18:12:53,891 [ForkJoinPool.commonPool-worker-1] INFO  utils.BackgroundService (BackgroundService.java:shutdown(148)) - Shutting down service BlockDeletingService
2019-10-04 18:12:53,896 [ForkJoinPool.commonPool-worker-1] INFO  statemachine.DatanodeStateMachine (DatanodeStateMachine.java:stopDaemon(395)) - Ozone container server stopped.
2019-10-04 18:12:53,901 [ForkJoinPool.commonPool-worker-1] INFO  handler.ContextHandler (ContextHandler.java:doStop(910)) - Stopped o.e.j.w.WebAppContext@4c4c7d6c{/,null,UNAVAILABLE}{/hddsDatanode}
2019-10-04 18:12:53,901 [ForkJoinPool.commonPool-worker-1] INFO  server.AbstractConnector (AbstractConnector.java:doStop(318)) - Stopped ServerConnector@7f0766ef{HTTP/1.1,[http/1.1]}{0.0.0.0:0}
2019-10-04 18:12:53,903 [ForkJoinPool.commonPool-worker-1] INFO  handler.ContextHandler (ContextHandler.java:doStop(910)) - Stopped o.e.j.s.ServletContextHandler@125f16b2{/static,jar:file:/home/user/.m2/repository/org/apache/hadoop/hadoop-hdds-container-service/0.5.0-SNAPSHOT/hadoop-hdds-container-service-0.5.0-SNAPSHOT.jar!/webapps/static,UNAVAILABLE}
2019-10-04 18:12:53,905 [ForkJoinPool.commonPool-worker-1] INFO  handler.ContextHandler (ContextHandler.java:doStop(910)) - Stopped o.e.j.s.ServletContextHandler@26b3c9a2{/logs,file:///workdir/hadoop-ozone/integration-test/target/log,UNAVAILABLE}
2019-10-04 18:12:54,292 [Datanode State Machine Thread - 0] INFO  statemachine.DatanodeStateMachine (DatanodeStateMachine.java:lambda$startDaemon$0(350)) - Ozone container server started.
2019-10-04 18:12:54,656 [Datanode State Machine Thread - 0] INFO  statemachine.DatanodeStateMachine (DatanodeStateMachine.java:lambda$startDaemon$0(350)) - Ozone container server started.
2019-10-04 18:12:55,257 [grpc-default-executor-9] WARN  server.GrpcLogAppender (LogUtils.java:warn(134)) - 98891705-e38f-42f0-9b87-1c4b8c7821c0@group-D2114FC2E457->f4b34e38-07a5-4f57-a56b-ef1c9e62ea1c-AppendLogResponseHandler: Failed appendEntries: org.apache.ratis.thirdparty.io.grpc.StatusRuntimeException: UNAVAILABLE: io exception
2019-10-04 18:12:55,258 [grpc-default-executor-9] INFO  impl.FollowerInfo (FollowerInfo.java:lambda$new$0(51)) - 98891705-e38f-42f0-9b87-1c4b8c7821c0@group-D2114FC2E457->f4b34e38-07a5-4f57-a56b-ef1c9e62ea1c: nextIndex: updateUnconditionally 0 -> 0
2019-10-04 18:12:55,261 [grpc-default-executor-12] WARN  server.GrpcLogAppender (LogUtils.java:warn(134)) - 98891705-e38f-42f0-9b87-1c4b8c7821c0@group-D2114FC2E457->30aa774f-29ca-4455-b4d5-5ed245058eaf-AppendLogResponseHandler: Failed appendEntries: org.apache.ratis.thirdparty.io.grpc.StatusRuntimeException: UNAVAILABLE: io exception
2019-10-04 18:12:55,261 [grpc-default-executor-12] INFO  impl.FollowerInfo (FollowerInfo.java:lambda$new$0(51)) - 98891705-e38f-42f0-9b87-1c4b8c7821c0@group-D2114FC2E457->30aa774f-29ca-4455-b4d5-5ed245058eaf: nextIndex: updateUnconditionally 15 -> 14
2019-10-04 18:12:57,765 [grpc-default-executor-9] WARN  server.GrpcLogAppender (LogUtils.java:warn(134)) - 98891705-e38f-42f0-9b87-1c4b8c7821c0@group-D2114FC2E457->30aa774f-29ca-4455-b4d5-5ed245058eaf-AppendLogResponseHandler: Failed appendEntries: org.apache.ratis.thirdparty.io.grpc.StatusRuntimeException: UNAVAILABLE: io exception
2019-10-04 18:12:57,765 [grpc-default-executor-12] WARN  server.GrpcLogAppender (LogUtils.java:warn(134)) - 98891705-e38f-42f0-9b87-1c4b8c7821c0@group-D2114FC2E457->f4b34e38-07a5-4f57-a56b-ef1c9e62ea1c-AppendLogResponseHandler: Failed appendEntries: org.apache.ratis.thirdparty.io.grpc.StatusRuntimeException: UNAVAILABLE: io exception
2019-10-04 18:12:57,766 [grpc-default-executor-9] INFO  impl.FollowerInfo (FollowerInfo.java:lambda$new$0(51)) - 98891705-e38f-42f0-9b87-1c4b8c7821c0@group-D2114FC2E457->30aa774f-29ca-4455-b4d5-5ed245058eaf: nextIndex: updateUnconditionally 14 -> 13
2019-10-04 18:12:57,766 [grpc-default-executor-12] INFO  impl.FollowerInfo (FollowerInfo.java:lambda$new$0(51)) - 98891705-e38f-42f0-9b87-1c4b8c7821c0@group-D2114FC2E457->f4b34e38-07a5-4f57-a56b-ef1c9e62ea1c: nextIndex: updateUnconditionally 0 -> 0
2019-10-04 18:12:58,344 [EventQueue-StaleNodeForStaleNodeHandler] INFO  node.StaleNodeHandler (StaleNodeHandler.java:onMessage(58)) - Datanode d268aedf-d4e8-4f2f-a332-db241945baf3{ip: 192.168.151.69, host: pr-hdds-2251-hdm2b-3409562618, networkLocation: /default-rack, certSerialId: null} moved to stale state. Finalizing its pipelines [PipelineID=44dc4936-3540-4449-8153-67cba0b18da3, PipelineID=189087c5-6f17-4920-af49-d69e9c0750ae]
2019-10-04 18:12:58,345 [EventQueue-StaleNodeForStaleNodeHandler] INFO  pipeline.SCMPipelineManager (SCMPipelineManager.java:finalizeAndDestroyPipeline(315)) - destroying pipeline:Pipeline[ Id: 44dc4936-3540-4449-8153-67cba0b18da3, Nodes: d268aedf-d4e8-4f2f-a332-db241945baf3{ip: 192.168.151.69, host: pr-hdds-2251-hdm2b-3409562618, networkLocation: /default-rack, certSerialId: null}6dac3d17-da55-4552-8a5b-8459af427716{ip: 192.168.151.69, host: pr-hdds-2251-hdm2b-3409562618, networkLocation: /default-rack, certSerialId: null}323826f1-6e9f-4f69-9108-05e4f763e2ff{ip: 192.168.151.69, host: pr-hdds-2251-hdm2b-3409562618, networkLocation: /default-rack, certSerialId: null}, Type:RATIS, Factor:THREE, State:CLOSED]
2019-10-04 18:12:58,346 [EventQueue-StaleNodeForStaleNodeHandler] INFO  pipeline.SCMPipelineManager (SCMPipelineManager.java:finalizeAndDestroyPipeline(315)) - destroying pipeline:Pipeline[ Id: 189087c5-6f17-4920-af49-d69e9c0750ae, Nodes: d268aedf-d4e8-4f2f-a332-db241945baf3{ip: 192.168.151.69, host: pr-hdds-2251-hdm2b-3409562618, networkLocation: /default-rack, certSerialId: null}, Type:RATIS, Factor:ONE, State:OPEN]
2019-10-04 18:12:58,346 [EventQueue-StaleNodeForStaleNodeHandler] INFO  pipeline.PipelineStateManager (PipelineStateManager.java:finalizePipeline(123)) - Pipeline Pipeline[ Id: 189087c5-6f17-4920-af49-d69e9c0750ae, Nodes: d268aedf-d4e8-4f2f-a332-db241945baf3{ip: 192.168.151.69, host: pr-hdds-2251-hdm2b-3409562618, networkLocation: /default-rack, certSerialId: null}, Type:RATIS, Factor:ONE, State:CLOSED] moved to CLOSED state
2019-10-04 18:12:58,745 [EventQueue-StaleNodeForStaleNodeHandler] INFO  node.StaleNodeHandler (StaleNodeHandler.java:onMessage(58)) - Datanode 98891705-e38f-42f0-9b87-1c4b8c7821c0{ip: 192.168.151.69, host: pr-hdds-2251-hdm2b-3409562618, networkLocation: /default-rack, certSerialId: null} moved to stale state. Finalizing its pipelines [PipelineID=88ec1810-79e7-47f2-b055-55a1ca8e0774, PipelineID=8e0393c3-81be-4c57-be57-d2114fc2e457]
2019-10-04 18:12:58,745 [EventQueue-StaleNodeForStaleNodeHandler] INFO  pipeline.SCMPipelineManager (SCMPipelineManager.java:finalizeAndDestroyPipeline(315)) - destroying pipeline:Pipeline[ Id: 88ec1810-79e7-47f2-b055-55a1ca8e0774, Nodes: 98891705-e38f-42f0-9b87-1c4b8c7821c0{ip: 192.168.151.69, host: pr-hdds-2251-hdm2b-3409562618, networkLocation: /default-rack, certSerialId: null}, Type:RATIS, Factor:ONE, State:OPEN]
2019-10-04 18:12:58,745 [EventQueue-StaleNodeForStaleNodeHandler] INFO  pipeline.PipelineStateManager (PipelineStateManager.java:finalizePipeline(123)) - Pipeline Pipeline[ Id: 88ec1810-79e7-47f2-b055-55a1ca8e0774, Nodes: 98891705-e38f-42f0-9b87-1c4b8c7821c0{ip: 192.168.151.69, host: pr-hdds-2251-hdm2b-3409562618, networkLocation: /default-rack, certSerialId: null}, Type:RATIS, Factor:ONE, State:CLOSED] moved to CLOSED state
2019-10-04 18:12:58,745 [EventQueue-StaleNodeForStaleNodeHandler] INFO  pipeline.SCMPipelineManager (SCMPipelineManager.java:finalizeAndDestroyPipeline(315)) - destroying pipeline:Pipeline[ Id: 8e0393c3-81be-4c57-be57-d2114fc2e457, Nodes: f4b34e38-07a5-4f57-a56b-ef1c9e62ea1c{ip: 192.168.151.69, host: pr-hdds-2251-hdm2b-3409562618, networkLocation: /default-rack, certSerialId: null}30aa774f-29ca-4455-b4d5-5ed245058eaf{ip: 192.168.151.69, host: pr-hdds-2251-hdm2b-3409562618, networkLocation: /default-rack, certSerialId: null}98891705-e38f-42f0-9b87-1c4b8c7821c0{ip: 192.168.151.69, host: pr-hdds-2251-hdm2b-3409562618, networkLocation: /default-rack, certSerialId: null}, Type:RATIS, Factor:THREE, State:CLOSED]
2019-10-04 18:12:58,865 [main] INFO  ozoneimpl.OzoneContainer (OzoneContainer.java:stop(231)) - Attempting to stop container services.
2019-10-04 18:12:58,867 [main] INFO  impl.RaftServerProxy (RaftServerProxy.java:lambda$close$4(314)) - 98891705-e38f-42f0-9b87-1c4b8c7821c0: close
2019-10-04 18:12:58,867 [main] INFO  impl.RaftServerImpl (RaftServerImpl.java:lambda$shutdown$3(247)) - 98891705-e38f-42f0-9b87-1c4b8c7821c0@group-55A1CA8E0774: shutdown
2019-10-04 18:12:58,868 [main] INFO  util.JmxRegister (JmxRegister.java:unregister(73)) - Successfully un-registered JMX Bean with object name Ratis:service=RaftServer,group=group-55A1CA8E0774,id=98891705-e38f-42f0-9b87-1c4b8c7821c0
2019-10-04 18:12:58,868 [main] INFO  impl.RoleInfo (RoleInfo.java:shutdownLeaderState(104)) - 98891705-e38f-42f0-9b87-1c4b8c7821c0: shutdown LeaderState
2019-10-04 18:12:58,869 [main] INFO  impl.PendingRequests (PendingRequests.java:sendNotLeaderResponses(202)) - 98891705-e38f-42f0-9b87-1c4b8c7821c0@group-55A1CA8E0774-PendingRequests: sendNotLeaderResponses
2019-10-04 18:12:58,870 [main] INFO  impl.StateMachineUpdater (StateMachineUpdater.java:stopAndJoin(136)) - 98891705-e38f-42f0-9b87-1c4b8c7821c0@group-55A1CA8E0774-StateMachineUpdater: set stopIndex = 0
2019-10-04 18:12:58,871 [main] INFO  impl.RaftServerImpl (ServerState.java:close(387)) - 98891705-e38f-42f0-9b87-1c4b8c7821c0@group-55A1CA8E0774: closes. applyIndex: 0
2019-10-04 18:12:58,871 [98891705-e38f-42f0-9b87-1c4b8c7821c0@group-55A1CA8E0774-SegmentedRaftLogWorker] INFO  segmented.SegmentedRaftLogWorker (SegmentedRaftLogWorker.java:run(316)) - 98891705-e38f-42f0-9b87-1c4b8c7821c0@group-55A1CA8E0774-SegmentedRaftLogWorker was interrupted, exiting. There are 0 tasks remaining in the queue.
2019-10-04 18:12:58,874 [main] INFO  segmented.SegmentedRaftLogWorker (SegmentedRaftLogWorker.java:close(224)) - 98891705-e38f-42f0-9b87-1c4b8c7821c0@group-55A1CA8E0774-SegmentedRaftLogWorker close()
2019-10-04 18:12:58,877 [main] INFO  impl.RaftServerImpl (RaftServerImpl.java:lambda$shutdown$3(247)) - 98891705-e38f-42f0-9b87-1c4b8c7821c0@group-D2114FC2E457: shutdown
2019-10-04 18:12:58,877 [main] INFO  util.JmxRegister (JmxRegister.java:unregister(73)) - Successfully un-registered JMX Bean with object name Ratis:service=RaftServer,group=group-D2114FC2E457,id=98891705-e38f-42f0-9b87-1c4b8c7821c0
2019-10-04 18:12:58,878 [main] INFO  impl.RoleInfo (RoleInfo.java:shutdownLeaderState(104)) - 98891705-e38f-42f0-9b87-1c4b8c7821c0: shutdown LeaderState
2019-10-04 18:12:58,880 [main] INFO  impl.PendingRequests (PendingRequests.java:sendNotLeaderResponses(202)) - 98891705-e38f-42f0-9b87-1c4b8c7821c0@group-D2114FC2E457-PendingRequests: sendNotLeaderResponses
2019-10-04 18:12:58,880 [org.apache.ratis.server.impl.LogAppender$AppenderDaemon$$Lambda$522/1407241159@59a33364] WARN  server.GrpcLogAppender (GrpcLogAppender.java:mayWait(143)) - 98891705-e38f-42f0-9b87-1c4b8c7821c0@group-D2114FC2E457->f4b34e38-07a5-4f57-a56b-ef1c9e62ea1c-GrpcLogAppender: Wait interrupted by java.lang.InterruptedException
2019-10-04 18:12:58,880 [org.apache.ratis.server.impl.LogAppender$AppenderDaemon$$Lambda$522/1407241159@6d242d76] WARN  server.GrpcLogAppender (GrpcLogAppender.java:mayWait(143)) - 98891705-e38f-42f0-9b87-1c4b8c7821c0@group-D2114FC2E457->30aa774f-29ca-4455-b4d5-5ed245058eaf-GrpcLogAppender: Wait interrupted by java.lang.InterruptedException
2019-10-04 18:12:58,881 [98891705-e38f-42f0-9b87-1c4b8c7821c0@group-D2114FC2E457-StateMachineUpdater] INFO  ratis.ContainerStateMachine (ContainerStateMachine.java:takeSnapshot(293)) - group-D2114FC2E457: Taking a snapshot at:(t:1, i:13) file /workdir/hadoop-ozone/integration-test/target/test-dir/MiniOzoneClusterImpl-dcee263f-6b07-4fee-9faf-1f5df40be807/datanode-5/data/ratis/8e0393c3-81be-4c57-be57-d2114fc2e457/sm/snapshot.1_13
2019-10-04 18:12:58,881 [main] INFO  impl.StateMachineUpdater (StateMachineUpdater.java:stopAndJoin(136)) - 98891705-e38f-42f0-9b87-1c4b8c7821c0@group-D2114FC2E457-StateMachineUpdater: set stopIndex = 17
2019-10-04 18:12:58,889 [98891705-e38f-42f0-9b87-1c4b8c7821c0@group-D2114FC2E457-StateMachineUpdater] INFO  ratis.ContainerStateMachine (ContainerStateMachine.java:takeSnapshot(304)) - group-D2114FC2E457: Finished taking a snapshot at:(t:1, i:13) file:/workdir/hadoop-ozone/integration-test/target/test-dir/MiniOzoneClusterImpl-dcee263f-6b07-4fee-9faf-1f5df40be807/datanode-5/data/ratis/8e0393c3-81be-4c57-be57-d2114fc2e457/sm/snapshot.1_13 time:9
2019-10-04 18:12:58,890 [98891705-e38f-42f0-9b87-1c4b8c7821c0@group-D2114FC2E457-StateMachineUpdater] INFO  impl.StateMachineUpdater (StateMachineUpdater.java:takeSnapshot(269)) - 98891705-e38f-42f0-9b87-1c4b8c7821c0@group-D2114FC2E457-StateMachineUpdater: Took a snapshot at index 13
2019-10-04 18:12:58,890 [98891705-e38f-42f0-9b87-1c4b8c7821c0@group-D2114FC2E457-StateMachineUpdater] INFO  impl.StateMachineUpdater (StateMachineUpdater.java:lambda$new$0(84)) - 98891705-e38f-42f0-9b87-1c4b8c7821c0@group-D2114FC2E457-StateMachineUpdater: snapshotIndex: updateIncreasingly -1 -> 13
2019-10-04 18:12:58,890 [98891705-e38f-42f0-9b87-1c4b8c7821c0@group-D2114FC2E457-StateMachineUpdater] INFO  ratis.ContainerStateMachine (ContainerStateMachine.java:takeSnapshot(293)) - group-D2114FC2E457: Taking a snapshot at:(t:1, i:13) file /workdir/hadoop-ozone/integration-test/target/test-dir/MiniOzoneClusterImpl-dcee263f-6b07-4fee-9faf-1f5df40be807/datanode-5/data/ratis/8e0393c3-81be-4c57-be57-d2114fc2e457/sm/snapshot.1_13
2019-10-04 18:12:58,903 [98891705-e38f-42f0-9b87-1c4b8c7821c0@group-D2114FC2E457-StateMachineUpdater] INFO  ratis.ContainerStateMachine (ContainerStateMachine.java:takeSnapshot(304)) - group-D2114FC2E457: Finished taking a snapshot at:(t:1, i:13) file:/workdir/hadoop-ozone/integration-test/target/test-dir/MiniOzoneClusterImpl-dcee263f-6b07-4fee-9faf-1f5df40be807/datanode-5/data/ratis/8e0393c3-81be-4c57-be57-d2114fc2e457/sm/snapshot.1_13 time:12
2019-10-04 18:12:58,903 [98891705-e38f-42f0-9b87-1c4b8c7821c0@group-D2114FC2E457-StateMachineUpdater] INFO  impl.StateMachineUpdater (StateMachineUpdater.java:takeSnapshot(269)) - 98891705-e38f-42f0-9b87-1c4b8c7821c0@group-D2114FC2E457-StateMachineUpdater: Took a snapshot at index 13
2019-10-04 18:12:58,903 [98891705-e38f-42f0-9b87-1c4b8c7821c0@group-D2114FC2E457-StateMachineUpdater] INFO  impl.StateMachineUpdater (StateMachineUpdater.java:lambda$new$0(84)) - 98891705-e38f-42f0-9b87-1c4b8c7821c0@group-D2114FC2E457-StateMachineUpdater: snapshotIndex: updateIncreasingly 13 -> 13
2019-10-04 18:12:58,903 [main] INFO  impl.RaftServerImpl (ServerState.java:close(387)) - 98891705-e38f-42f0-9b87-1c4b8c7821c0@group-D2114FC2E457: closes. applyIndex: 17
2019-10-04 18:12:58,904 [98891705-e38f-42f0-9b87-1c4b8c7821c0@group-D2114FC2E457-SegmentedRaftLogWorker] INFO  segmented.SegmentedRaftLogWorker (SegmentedRaftLogWorker.java:run(316)) - 98891705-e38f-42f0-9b87-1c4b8c7821c0@group-D2114FC2E457-SegmentedRaftLogWorker was interrupted, exiting. There are 0 tasks remaining in the queue.
2019-10-04 18:12:58,905 [main] INFO  segmented.SegmentedRaftLogWorker (SegmentedRaftLogWorker.java:close(224)) - 98891705-e38f-42f0-9b87-1c4b8c7821c0@group-D2114FC2E457-SegmentedRaftLogWorker close()
2019-10-04 18:12:58,908 [main] INFO  server.GrpcService (GrpcService.java:closeImpl(164)) - 98891705-e38f-42f0-9b87-1c4b8c7821c0: shutdown server with port 45801 now
2019-10-04 18:12:58,908 [ForkJoinPool.commonPool-worker-1] INFO  ozoneimpl.OzoneContainer (OzoneContainer.java:stop(231)) - Attempting to stop container services.
2019-10-04 18:12:58,909 [main] INFO  server.GrpcService (GrpcService.java:closeImpl(172)) - 98891705-e38f-42f0-9b87-1c4b8c7821c0: shutdown server with port 45801 successfully
2019-10-04 18:12:58,909 [ForkJoinPool.commonPool-worker-1] INFO  impl.RaftServerProxy (RaftServerProxy.java:lambda$close$4(314)) - d268aedf-d4e8-4f2f-a332-db241945baf3: close
2019-10-04 18:12:58,910 [ForkJoinPool.commonPool-worker-1] INFO  impl.RaftServerImpl (RaftServerImpl.java:lambda$shutdown$3(247)) - d268aedf-d4e8-4f2f-a332-db241945baf3@group-67CBA0B18DA3: shutdown
2019-10-04 18:12:58,910 [ForkJoinPool.commonPool-worker-1] INFO  util.JmxRegister (JmxRegister.java:unregister(73)) - Successfully un-registered JMX Bean with object name Ratis:service=RaftServer,group=group-67CBA0B18DA3,id=d268aedf-d4e8-4f2f-a332-db241945baf3
2019-10-04 18:12:58,910 [ForkJoinPool.commonPool-worker-1] INFO  impl.RoleInfo (RoleInfo.java:shutdownFollowerState(121)) - d268aedf-d4e8-4f2f-a332-db241945baf3: shutdown FollowerState
2019-10-04 18:12:58,911 [ForkJoinPool.commonPool-worker-1] INFO  impl.StateMachineUpdater (StateMachineUpdater.java:stopAndJoin(136)) - d268aedf-d4e8-4f2f-a332-db241945baf3@group-67CBA0B18DA3-StateMachineUpdater: set stopIndex = 16
2019-10-04 18:12:58,911 [Thread-3085] INFO  impl.FollowerState (FollowerState.java:run(117)) - d268aedf-d4e8-4f2f-a332-db241945baf3@group-67CBA0B18DA3-FollowerState was interrupted: java.lang.InterruptedException: sleep interrupted
2019-10-04 18:12:58,911 [d268aedf-d4e8-4f2f-a332-db241945baf3@group-67CBA0B18DA3-StateMachineUpdater] INFO  ratis.ContainerStateMachine (ContainerStateMachine.java:takeSnapshot(293)) - group-67CBA0B18DA3: Taking a snapshot at:(t:1, i:14) file /workdir/hadoop-ozone/integration-test/target/test-dir/MiniOzoneClusterImpl-dcee263f-6b07-4fee-9faf-1f5df40be807/datanode-0/data/ratis/44dc4936-3540-4449-8153-67cba0b18da3/sm/snapshot.1_14
2019-10-04 18:12:58,913 [refreshUsed-/workdir/hadoop-ozone/integration-test/target/test-dir/MiniOzoneClusterImpl-dcee263f-6b07-4fee-9faf-1f5df40be807/datanode-5/data/containers] WARN  fs.CachingGetSpaceUsed (CachingGetSpaceUsed.java:run(183)) - Thread Interrupted waiting to refresh disk information: sleep interrupted
2019-10-04 18:12:58,926 [d268aedf-d4e8-4f2f-a332-db241945baf3@group-67CBA0B18DA3-StateMachineUpdater] INFO  ratis.ContainerStateMachine (ContainerStateMachine.java:takeSnapshot(304)) - group-67CBA0B18DA3: Finished taking a snapshot at:(t:1, i:14) file:/workdir/hadoop-ozone/integration-test/target/test-dir/MiniOzoneClusterImpl-dcee263f-6b07-4fee-9faf-1f5df40be807/datanode-0/data/ratis/44dc4936-3540-4449-8153-67cba0b18da3/sm/snapshot.1_14 time:15
2019-10-04 18:12:58,926 [d268aedf-d4e8-4f2f-a332-db241945baf3@group-67CBA0B18DA3-StateMachineUpdater] INFO  impl.StateMachineUpdater (StateMachineUpdater.java:takeSnapshot(269)) - d268aedf-d4e8-4f2f-a332-db241945baf3@group-67CBA0B18DA3-StateMachineUpdater: Took a snapshot at index 14
2019-10-04 18:12:58,926 [d268aedf-d4e8-4f2f-a332-db241945baf3@group-67CBA0B18DA3-StateMachineUpdater] INFO  impl.StateMachineUpdater (StateMachineUpdater.java:lambda$new$0(84)) - d268aedf-d4e8-4f2f-a332-db241945baf3@group-67CBA0B18DA3-StateMachineUpdater: snapshotIndex: updateIncreasingly -1 -> 14
2019-10-04 18:12:58,927 [d268aedf-d4e8-4f2f-a332-db241945baf3@group-67CBA0B18DA3-StateMachineUpdater] INFO  ratis.ContainerStateMachine (ContainerStateMachine.java:takeSnapshot(293)) - group-67CBA0B18DA3: Taking a snapshot at:(t:1, i:14) file /workdir/hadoop-ozone/integration-test/target/test-dir/MiniOzoneClusterImpl-dcee263f-6b07-4fee-9faf-1f5df40be807/datanode-0/data/ratis/44dc4936-3540-4449-8153-67cba0b18da3/sm/snapshot.1_14
2019-10-04 18:12:58,938 [main] INFO  utils.BackgroundService (BackgroundService.java:shutdown(148)) - Shutting down service BlockDeletingService
2019-10-04 18:12:58,939 [d268aedf-d4e8-4f2f-a332-db241945baf3@group-67CBA0B18DA3-StateMachineUpdater] INFO  ratis.ContainerStateMachine (ContainerStateMachine.java:takeSnapshot(304)) - group-67CBA0B18DA3: Finished taking a snapshot at:(t:1, i:14) file:/workdir/hadoop-ozone/integration-test/target/test-dir/MiniOzoneClusterImpl-dcee263f-6b07-4fee-9faf-1f5df40be807/datanode-0/data/ratis/44dc4936-3540-4449-8153-67cba0b18da3/sm/snapshot.1_14 time:13
2019-10-04 18:12:58,941 [d268aedf-d4e8-4f2f-a332-db241945baf3@group-67CBA0B18DA3-StateMachineUpdater] INFO  impl.StateMachineUpdater (StateMachineUpdater.java:takeSnapshot(269)) - d268aedf-d4e8-4f2f-a332-db241945baf3@group-67CBA0B18DA3-StateMachineUpdater: Took a snapshot at index 14
2019-10-04 18:12:58,943 [main] INFO  statemachine.DatanodeStateMachine (DatanodeStateMachine.java:stopDaemon(395)) - Ozone container server stopped.
2019-10-04 18:12:58,944 [d268aedf-d4e8-4f2f-a332-db241945baf3@group-67CBA0B18DA3-StateMachineUpdater] INFO  impl.StateMachineUpdater (StateMachineUpdater.java:lambda$new$0(84)) - d268aedf-d4e8-4f2f-a332-db241945baf3@group-67CBA0B18DA3-StateMachineUpdater: snapshotIndex: updateIncreasingly 14 -> 14
2019-10-04 18:12:58,944 [ForkJoinPool.commonPool-worker-1] INFO  impl.RaftServerImpl (ServerState.java:close(387)) - d268aedf-d4e8-4f2f-a332-db241945baf3@group-67CBA0B18DA3: closes. applyIndex: 16
2019-10-04 18:12:58,945 [d268aedf-d4e8-4f2f-a332-db241945baf3@group-67CBA0B18DA3-SegmentedRaftLogWorker] INFO  segmented.SegmentedRaftLogWorker (SegmentedRaftLogWorker.java:run(316)) - d268aedf-d4e8-4f2f-a332-db241945baf3@group-67CBA0B18DA3-SegmentedRaftLogWorker was interrupted, exiting. There are 0 tasks remaining in the queue.
2019-10-04 18:12:58,947 [ForkJoinPool.commonPool-worker-1] INFO  segmented.SegmentedRaftLogWorker (SegmentedRaftLogWorker.java:close(224)) - d268aedf-d4e8-4f2f-a332-db241945baf3@group-67CBA0B18DA3-SegmentedRaftLogWorker close()
2019-10-04 18:12:58,950 [ForkJoinPool.commonPool-worker-1] INFO  impl.RaftServerImpl (RaftServerImpl.java:lambda$shutdown$3(247)) - d268aedf-d4e8-4f2f-a332-db241945baf3@group-D69E9C0750AE: shutdown
2019-10-04 18:12:58,950 [main] INFO  handler.ContextHandler (ContextHandler.java:doStop(910)) - Stopped o.e.j.w.WebAppContext@341c6ac2{/,null,UNAVAILABLE}{/hddsDatanode}
2019-10-04 18:12:58,950 [ForkJoinPool.commonPool-worker-1] INFO  util.JmxRegister (JmxRegister.java:unregister(73)) - Successfully un-registered JMX Bean with object name Ratis:service=RaftServer,group=group-D69E9C0750AE,id=d268aedf-d4e8-4f2f-a332-db241945baf3
2019-10-04 18:12:58,951 [ForkJoinPool.commonPool-worker-1] INFO  impl.RoleInfo (RoleInfo.java:shutdownLeaderState(104)) - d268aedf-d4e8-4f2f-a332-db241945baf3: shutdown LeaderState
2019-10-04 18:12:58,951 [main] INFO  server.AbstractConnector (AbstractConnector.java:doStop(318)) - Stopped ServerConnector@38811103{HTTP/1.1,[http/1.1]}{0.0.0.0:0}
2019-10-04 18:12:58,951 [ForkJoinPool.commonPool-worker-1] INFO  impl.PendingRequests (PendingRequests.java:sendNotLeaderResponses(202)) - d268aedf-d4e8-4f2f-a332-db241945baf3@group-D69E9C0750AE-PendingRequests: sendNotLeaderResponses
2019-10-04 18:12:58,952 [main] INFO  handler.ContextHandler (ContextHandler.java:doStop(910)) - Stopped o.e.j.s.ServletContextHandler@7eaa2bc6{/static,jar:file:/home/user/.m2/repository/org/apache/hadoop/hadoop-hdds-container-service/0.5.0-SNAPSHOT/hadoop-hdds-container-service-0.5.0-SNAPSHOT.jar!/webapps/static,UNAVAILABLE}
2019-10-04 18:12:58,952 [ForkJoinPool.commonPool-worker-1] INFO  impl.StateMachineUpdater (StateMachineUpdater.java:stopAndJoin(136)) - d268aedf-d4e8-4f2f-a332-db241945baf3@group-D69E9C0750AE-StateMachineUpdater: set stopIndex = 0
2019-10-04 18:12:58,952 [main] INFO  handler.ContextHandler (ContextHandler.java:doStop(910)) - Stopped o.e.j.s.ServletContextHandler@67d8faec{/logs,file:///workdir/hadoop-ozone/integration-test/target/log,UNAVAILABLE}
2019-10-04 18:12:58,952 [ForkJoinPool.commonPool-worker-1] INFO  impl.RaftServerImpl (ServerState.java:close(387)) - d268aedf-d4e8-4f2f-a332-db241945baf3@group-D69E9C0750AE: closes. applyIndex: 0
2019-10-04 18:12:58,953 [d268aedf-d4e8-4f2f-a332-db241945baf3@group-D69E9C0750AE-SegmentedRaftLogWorker] INFO  segmented.SegmentedRaftLogWorker (SegmentedRaftLogWorker.java:run(316)) - d268aedf-d4e8-4f2f-a332-db241945baf3@group-D69E9C0750AE-SegmentedRaftLogWorker was interrupted, exiting. There are 0 tasks remaining in the queue.
2019-10-04 18:12:58,955 [ForkJoinPool.commonPool-worker-1] INFO  segmented.SegmentedRaftLogWorker (SegmentedRaftLogWorker.java:close(224)) - d268aedf-d4e8-4f2f-a332-db241945baf3@group-D69E9C0750AE-SegmentedRaftLogWorker close()
2019-10-04 18:12:58,965 [ForkJoinPool.commonPool-worker-1] INFO  server.GrpcService (GrpcService.java:closeImpl(164)) - d268aedf-d4e8-4f2f-a332-db241945baf3: shutdown server with port 45274 now
2019-10-04 18:12:58,965 [ForkJoinPool.commonPool-worker-1] INFO  server.GrpcService (GrpcService.java:closeImpl(172)) - d268aedf-d4e8-4f2f-a332-db241945baf3: shutdown server with port 45274 successfully
2019-10-04 18:12:58,967 [refreshUsed-/workdir/hadoop-ozone/integration-test/target/test-dir/MiniOzoneClusterImpl-dcee263f-6b07-4fee-9faf-1f5df40be807/datanode-0/data/containers] WARN  fs.CachingGetSpaceUsed (CachingGetSpaceUsed.java:run(183)) - Thread Interrupted waiting to refresh disk information: sleep interrupted
2019-10-04 18:12:58,981 [ForkJoinPool.commonPool-worker-1] INFO  utils.BackgroundService (BackgroundService.java:shutdown(148)) - Shutting down service BlockDeletingService
2019-10-04 18:12:58,984 [ForkJoinPool.commonPool-worker-1] INFO  statemachine.DatanodeStateMachine (DatanodeStateMachine.java:stopDaemon(395)) - Ozone container server stopped.
2019-10-04 18:12:58,989 [ForkJoinPool.commonPool-worker-1] INFO  handler.ContextHandler (ContextHandler.java:doStop(910)) - Stopped o.e.j.w.WebAppContext@6885ed19{/,null,UNAVAILABLE}{/hddsDatanode}
2019-10-04 18:12:58,990 [ForkJoinPool.commonPool-worker-1] INFO  server.AbstractConnector (AbstractConnector.java:doStop(318)) - Stopped ServerConnector@10817f46{HTTP/1.1,[http/1.1]}{0.0.0.0:0}
2019-10-04 18:12:58,995 [ForkJoinPool.commonPool-worker-1] INFO  handler.ContextHandler (ContextHandler.java:doStop(910)) - Stopped o.e.j.s.ServletContextHandler@7781263c{/static,jar:file:/home/user/.m2/repository/org/apache/hadoop/hadoop-hdds-container-service/0.5.0-SNAPSHOT/hadoop-hdds-container-service-0.5.0-SNAPSHOT.jar!/webapps/static,UNAVAILABLE}
2019-10-04 18:12:58,995 [ForkJoinPool.commonPool-worker-1] INFO  handler.ContextHandler (ContextHandler.java:doStop(910)) - Stopped o.e.j.s.ServletContextHandler@5396eeb1{/logs,file:///workdir/hadoop-ozone/integration-test/target/log,UNAVAILABLE}
2019-10-04 18:12:58,996 [main] INFO  ozone.MiniOzoneClusterImpl (MiniOzoneClusterImpl.java:stopSCM(392)) - Stopping the StorageContainerManager
2019-10-04 18:12:58,996 [main] INFO  server.StorageContainerManager (StorageContainerManager.java:stop(808)) - Stopping Replication Manager Service.
2019-10-04 18:12:58,996 [main] INFO  container.ReplicationManager (ReplicationManager.java:stop(203)) - Stopping Replication Monitor Thread.
2019-10-04 18:12:58,996 [main] INFO  server.StorageContainerManager (StorageContainerManager.java:stop(815)) - Stopping Lease Manager of the command watchers
2019-10-04 18:12:58,997 [main] INFO  server.StorageContainerManager (StorageContainerManager.java:stop(822)) - Stopping datanode service RPC server
2019-10-04 18:12:58,997 [main] INFO  server.SCMDatanodeProtocolServer (SCMDatanodeProtocolServer.java:stop(346)) - Stopping the RPC server for DataNodes
2019-10-04 18:12:58,997 [main] INFO  ipc.Server (Server.java:stop(3082)) - Stopping server on 45067
2019-10-04 18:12:59,000 [IPC Server listener on 45067] INFO  ipc.Server (Server.java:run(1185)) - Stopping IPC Server listener on 45067
2019-10-04 18:12:59,000 [IPC Server Responder] INFO  ipc.Server (Server.java:run(1319)) - Stopping IPC Server Responder
2019-10-04 18:12:59,045 [SCM Heartbeat Processing Thread - 0] WARN  node.NodeStateManager (NodeStateManager.java:scheduleNextHealthCheck(646)) - Current Thread is interrupted, shutting down HB processing thread for Node Manager.
2019-10-04 18:12:59,045 [main] INFO  server.StorageContainerManager (StorageContainerManager.java:stop(830)) - Stopping block service RPC server
2019-10-04 18:12:59,045 [main] INFO  server.SCMBlockProtocolServer (SCMBlockProtocolServer.java:stop(155)) - Stopping the RPC server for Block Protocol
2019-10-04 18:12:59,046 [main] INFO  ipc.Server (Server.java:stop(3082)) - Stopping server on 34143
2019-10-04 18:12:59,049 [IPC Server listener on 34143] INFO  ipc.Server (Server.java:run(1185)) - Stopping IPC Server listener on 34143
2019-10-04 18:12:59,049 [main] INFO  server.StorageContainerManager (StorageContainerManager.java:stop(837)) - Stopping the StorageContainerLocationProtocol RPC server
2019-10-04 18:12:59,049 [IPC Server Responder] INFO  ipc.Server (Server.java:run(1319)) - Stopping IPC Server Responder
2019-10-04 18:12:59,050 [main] INFO  server.SCMClientProtocolServer (SCMClientProtocolServer.java:stop(168)) - Stopping the RPC server for Client Protocol
2019-10-04 18:12:59,051 [main] INFO  ipc.Server (Server.java:stop(3082)) - Stopping server on 41591
2019-10-04 18:12:59,053 [IPC Server listener on 41591] INFO  ipc.Server (Server.java:run(1185)) - Stopping IPC Server listener on 41591
2019-10-04 18:12:59,053 [main] INFO  server.StorageContainerManager (StorageContainerManager.java:stop(844)) - Stopping Storage Container Manager HTTP server.
2019-10-04 18:12:59,054 [IPC Server Responder] INFO  ipc.Server (Server.java:run(1319)) - Stopping IPC Server Responder
2019-10-04 18:12:59,056 [main] INFO  handler.ContextHandler (ContextHandler.java:doStop(910)) - Stopped o.e.j.w.WebAppContext@530ee28b{/,null,UNAVAILABLE}{/scm}
2019-10-04 18:12:59,056 [main] INFO  server.AbstractConnector (AbstractConnector.java:doStop(318)) - Stopped ServerConnector@3a3f96ab{HTTP/1.1,[http/1.1]}{0.0.0.0:0}
2019-10-04 18:12:59,057 [main] INFO  handler.ContextHandler (ContextHandler.java:doStop(910)) - Stopped o.e.j.s.ServletContextHandler@10b8b900{/static,file:///workdir/hadoop-ozone/integration-test/target/test-classes/webapps/static,UNAVAILABLE}
2019-10-04 18:12:59,057 [main] INFO  handler.ContextHandler (ContextHandler.java:doStop(910)) - Stopped o.e.j.s.ServletContextHandler@6314df3c{/logs,file:///workdir/hadoop-ozone/integration-test/target/log,UNAVAILABLE}
2019-10-04 18:12:59,058 [main] INFO  server.StorageContainerManager (StorageContainerManager.java:stop(855)) - Stopping Block Manager Service.
2019-10-04 18:12:59,059 [main] INFO  utils.BackgroundService (BackgroundService.java:shutdown(148)) - Shutting down service SCMBlockDeletingService
2019-10-04 18:12:59,059 [main] INFO  utils.BackgroundService (BackgroundService.java:shutdown(148)) - Shutting down service SCMBlockDeletingService
2019-10-04 18:12:59,059 [main] INFO  server.StorageContainerManager (StorageContainerManager.java:stop(877)) - Stopping SCM Event Queue.
2019-10-04 18:12:59,064 [main] INFO  impl.MetricsSystemImpl (MetricsSystemImpl.java:stop(210)) - Stopping HddsDatanode metrics system...
2019-10-04 18:12:59,096 [main] INFO  impl.MetricsSystemImpl (MetricsSystemImpl.java:stop(216)) - HddsDatanode metrics system stopped.
]]></system-out>
    <system-err><![CDATA[Oct 04, 2019 6:12:48 PM org.apache.ratis.thirdparty.io.grpc.internal.SerializingExecutor run
SEVERE: Exception while executing runnable org.apache.ratis.thirdparty.io.grpc.internal.ServerImpl$JumpToApplicationThreadServerStreamListener$1Closed@651765b8
org.apache.ratis.thirdparty.io.grpc.StatusRuntimeException: CANCELLED: call already cancelled
	at org.apache.ratis.thirdparty.io.grpc.Status.asRuntimeException(Status.java:517)
	at org.apache.ratis.thirdparty.io.grpc.stub.ServerCalls$ServerCallStreamObserverImpl.onCompleted(ServerCalls.java:356)
	at org.apache.ratis.grpc.server.GrpcServerProtocolService$ServerRequestStreamObserver.onError(GrpcServerProtocolService.java:121)
	at org.apache.ratis.thirdparty.io.grpc.stub.ServerCalls$StreamingServerCallHandler$StreamingServerCallListener.onCancel(ServerCalls.java:269)
	at org.apache.ratis.thirdparty.io.grpc.internal.ServerCallImpl$ServerStreamListenerImpl.closed(ServerCallImpl.java:293)
	at org.apache.ratis.thirdparty.io.grpc.internal.ServerImpl$JumpToApplicationThreadServerStreamListener$1Closed.runInContext(ServerImpl.java:741)
	at org.apache.ratis.thirdparty.io.grpc.internal.ContextRunnable.run(ContextRunnable.java:37)
	at org.apache.ratis.thirdparty.io.grpc.internal.SerializingExecutor.run(SerializingExecutor.java:123)
	at java.util.concurrent.ThreadPoolExecutor.runWorker(ThreadPoolExecutor.java:1149)
	at java.util.concurrent.ThreadPoolExecutor$Worker.run(ThreadPoolExecutor.java:624)
	at java.lang.Thread.run(Thread.java:748)

Oct 04, 2019 6:12:48 PM org.apache.ratis.thirdparty.io.grpc.internal.SerializingExecutor run
SEVERE: Exception while executing runnable org.apache.ratis.thirdparty.io.grpc.internal.ServerImpl$JumpToApplicationThreadServerStreamListener$1Closed@3c2651d0
org.apache.ratis.thirdparty.io.grpc.StatusRuntimeException: CANCELLED: call already cancelled
	at org.apache.ratis.thirdparty.io.grpc.Status.asRuntimeException(Status.java:517)
	at org.apache.ratis.thirdparty.io.grpc.stub.ServerCalls$ServerCallStreamObserverImpl.onCompleted(ServerCalls.java:356)
	at org.apache.ratis.grpc.server.GrpcServerProtocolService$ServerRequestStreamObserver.onError(GrpcServerProtocolService.java:121)
	at org.apache.ratis.thirdparty.io.grpc.stub.ServerCalls$StreamingServerCallHandler$StreamingServerCallListener.onCancel(ServerCalls.java:269)
	at org.apache.ratis.thirdparty.io.grpc.internal.ServerCallImpl$ServerStreamListenerImpl.closed(ServerCallImpl.java:293)
	at org.apache.ratis.thirdparty.io.grpc.internal.ServerImpl$JumpToApplicationThreadServerStreamListener$1Closed.runInContext(ServerImpl.java:741)
	at org.apache.ratis.thirdparty.io.grpc.internal.ContextRunnable.run(ContextRunnable.java:37)
	at org.apache.ratis.thirdparty.io.grpc.internal.SerializingExecutor.run(SerializingExecutor.java:123)
	at java.util.concurrent.ThreadPoolExecutor.runWorker(ThreadPoolExecutor.java:1149)
	at java.util.concurrent.ThreadPoolExecutor$Worker.run(ThreadPoolExecutor.java:624)
	at java.lang.Thread.run(Thread.java:748)

]]></system-err>
  </testcase>
  <testcase name="testFailureWithPrimeSizedData" classname="org.apache.hadoop.ozone.client.rpc.TestBlockOutputStreamWithFailures" time="33.483"/>
  <testcase name="testWatchForCommitWithCloseContainerException" classname="org.apache.hadoop.ozone.client.rpc.TestBlockOutputStreamWithFailures" time="34.208"/>
  <testcase name="testExceptionDuringClose" classname="org.apache.hadoop.ozone.client.rpc.TestBlockOutputStreamWithFailures" time="34.345"/>
</testsuite>