<?xml version="1.0" encoding="UTF-8"?>
<testsuite xmlns:xsi="http://www.w3.org/2001/XMLSchema-instance" xsi:noNamespaceSchemaLocation="https://maven.apache.org/surefire/maven-surefire-plugin/xsd/surefire-test-report.xsd" name="org.apache.hadoop.ozone.client.rpc.TestWatchForCommit" time="276.277" tests="5" errors="1" skipped="0" failures="0">
  <properties>
    <property name="awt.toolkit" value="sun.awt.X11.XToolkit"/>
    <property name="file.encoding.pkg" value="sun.io"/>
    <property name="java.specification.version" value="1.8"/>
    <property name="sun.cpu.isalist" value=""/>
    <property name="sun.jnu.encoding" value="UTF-8"/>
    <property name="java.class.path" value="/workdir/hadoop-ozone/integration-test/target/test-classes:/workdir/hadoop-ozone/integration-test/target/classes:/home/user/.m2/repository/org/apache/hadoop/hadoop-ozone-common/0.5.0-SNAPSHOT/hadoop-ozone-common-0.5.0-SNAPSHOT.jar:/home/user/.m2/repository/org/apache/commons/commons-compress/1.4.1/commons-compress-1.4.1.jar:/home/user/.m2/repository/org/tukaani/xz/1.0/xz-1.0.jar:/home/user/.m2/repository/org/apache/hadoop/hadoop-common/3.2.0/hadoop-common-3.2.0.jar:/home/user/.m2/repository/org/apache/hadoop/hadoop-hdfs/3.2.0/hadoop-hdfs-3.2.0.jar:/home/user/.m2/repository/org/apache/hadoop/hadoop-hdfs-client/3.2.0/hadoop-hdfs-client-3.2.0.jar:/home/user/.m2/repository/com/fasterxml/jackson/core/jackson-annotations/2.9.9/jackson-annotations-2.9.9.jar:/home/user/.m2/repository/org/apache/hadoop/hadoop-hdds-common/0.5.0-SNAPSHOT/hadoop-hdds-common-0.5.0-SNAPSHOT.jar:/home/user/.m2/repository/javax/annotation/javax.annotation-api/1.2/javax.annotation-api-1.2.jar:/home/user/.m2/repository/org/apache/ratis/ratis-server/0.5.0-201fc85-SNAPSHOT/ratis-server-0.5.0-201fc85-SNAPSHOT.jar:/home/user/.m2/repository/org/apache/ratis/ratis-thirdparty-misc/0.2.0/ratis-thirdparty-misc-0.2.0.jar:/home/user/.m2/repository/org/apache/ratis/ratis-proto/0.5.0-201fc85-SNAPSHOT/ratis-proto-0.5.0-201fc85-SNAPSHOT.jar:/home/user/.m2/repository/org/apache/ratis/ratis-common/0.5.0-201fc85-SNAPSHOT/ratis-common-0.5.0-201fc85-SNAPSHOT.jar:/home/user/.m2/repository/org/apache/ratis/ratis-client/0.5.0-201fc85-SNAPSHOT/ratis-client-0.5.0-201fc85-SNAPSHOT.jar:/home/user/.m2/repository/org/apache/ratis/ratis-metrics/0.5.0-201fc85-SNAPSHOT/ratis-metrics-0.5.0-201fc85-SNAPSHOT.jar:/home/user/.m2/repository/com/github/joshelser/dropwizard-metrics-hadoop-metrics2-reporter/0.1.2/dropwizard-metrics-hadoop-metrics2-reporter-0.1.2.jar:/home/user/.m2/repository/io/dropwizard/metrics/metrics-jvm/3.2.5/metrics-jvm-3.2.5.jar:/home/user/.m2/repository/io/dropwizard/metrics/metrics-ganglia/3.2.5/metrics-ganglia-3.2.5.jar:/home/user/.m2/repository/info/ganglia/gmetric4j/gmetric4j/1.0.7/gmetric4j-1.0.7.jar:/home/user/.m2/repository/org/apache/ratis/ratis-netty/0.5.0-201fc85-SNAPSHOT/ratis-netty-0.5.0-201fc85-SNAPSHOT.jar:/home/user/.m2/repository/org/apache/ratis/ratis-grpc/0.5.0-201fc85-SNAPSHOT/ratis-grpc-0.5.0-201fc85-SNAPSHOT.jar:/home/user/.m2/repository/org/rocksdb/rocksdbjni/6.0.1/rocksdbjni-6.0.1.jar:/home/user/.m2/repository/org/apache/logging/log4j/log4j-api/2.11.0/log4j-api-2.11.0.jar:/home/user/.m2/repository/org/apache/logging/log4j/log4j-core/2.11.0/log4j-core-2.11.0.jar:/home/user/.m2/repository/com/lmax/disruptor/3.4.2/disruptor-3.4.2.jar:/home/user/.m2/repository/org/apache/commons/commons-pool2/2.6.0/commons-pool2-2.6.0.jar:/home/user/.m2/repository/org/bouncycastle/bcpkix-jdk15on/1.60/bcpkix-jdk15on-1.60.jar:/home/user/.m2/repository/commons-validator/commons-validator/1.6/commons-validator-1.6.jar:/home/user/.m2/repository/commons-digester/commons-digester/1.8.1/commons-digester-1.8.1.jar:/home/user/.m2/repository/io/jaegertracing/jaeger-client/0.34.0/jaeger-client-0.34.0.jar:/home/user/.m2/repository/io/jaegertracing/jaeger-thrift/0.34.0/jaeger-thrift-0.34.0.jar:/home/user/.m2/repository/org/apache/thrift/libthrift/0.12.0/libthrift-0.12.0.jar:/home/user/.m2/repository/com/squareup/okhttp3/okhttp/3.9.0/okhttp-3.9.0.jar:/home/user/.m2/repository/com/squareup/okio/okio/1.13.0/okio-1.13.0.jar:/home/user/.m2/repository/io/jaegertracing/jaeger-core/0.34.0/jaeger-core-0.34.0.jar:/home/user/.m2/repository/io/jaegertracing/jaeger-tracerresolver/0.34.0/jaeger-tracerresolver-0.34.0.jar:/home/user/.m2/repository/io/opentracing/contrib/opentracing-tracerresolver/0.1.5/opentracing-tracerresolver-0.1.5.jar:/home/user/.m2/repository/io/opentracing/opentracing-util/0.31.0/opentracing-util-0.31.0.jar:/home/user/.m2/repository/io/opentracing/opentracing-api/0.31.0/opentracing-api-0.31.0.jar:/home/user/.m2/repository/io/opentracing/opentracing-noop/0.31.0/opentracing-noop-0.31.0.jar:/home/user/.m2/repository/org/apache/hadoop/hadoop-hdds-server-framework/0.5.0-SNAPSHOT/hadoop-hdds-server-framework-0.5.0-SNAPSHOT.jar:/home/user/.m2/repository/org/apache/hadoop/hadoop-hdds-container-service/0.5.0-SNAPSHOT/hadoop-hdds-container-service-0.5.0-SNAPSHOT.jar:/home/user/.m2/repository/org/apache/hadoop/hadoop-hdds-client/0.5.0-SNAPSHOT/hadoop-hdds-client-0.5.0-SNAPSHOT.jar:/home/user/.m2/repository/org/apache/hadoop/hadoop-hdds-tools/0.5.0-SNAPSHOT/hadoop-hdds-tools-0.5.0-SNAPSHOT.jar:/home/user/.m2/repository/org/apache/hadoop/hadoop-hdds-server-scm/0.5.0-SNAPSHOT/hadoop-hdds-server-scm-0.5.0-SNAPSHOT.jar:/home/user/.m2/repository/org/apache/hadoop/hadoop-hdds-docs/0.5.0-SNAPSHOT/hadoop-hdds-docs-0.5.0-SNAPSHOT.jar:/home/user/.m2/repository/io/dropwizard/metrics/metrics-core/3.2.4/metrics-core-3.2.4.jar:/home/user/.m2/repository/org/hamcrest/hamcrest-all/1.3/hamcrest-all-1.3.jar:/home/user/.m2/repository/org/bouncycastle/bcprov-jdk15on/1.60/bcprov-jdk15on-1.60.jar:/home/user/.m2/repository/info/picocli/picocli/3.9.6/picocli-3.9.6.jar:/home/user/.m2/repository/com/google/protobuf/protobuf-java/2.5.0/protobuf-java-2.5.0.jar:/home/user/.m2/repository/com/google/guava/guava/11.0.2/guava-11.0.2.jar:/home/user/.m2/repository/org/apache/hadoop/hadoop-ozone-ozone-manager/0.5.0-SNAPSHOT/hadoop-ozone-ozone-manager-0.5.0-SNAPSHOT.jar:/home/user/.m2/repository/org/apache/hadoop/hadoop-minikdc/3.2.0/hadoop-minikdc-3.2.0.jar:/home/user/.m2/repository/commons-io/commons-io/2.5/commons-io-2.5.jar:/home/user/.m2/repository/org/apache/kerby/kerb-simplekdc/1.0.1/kerb-simplekdc-1.0.1.jar:/home/user/.m2/repository/org/apache/kerby/kerb-client/1.0.1/kerb-client-1.0.1.jar:/home/user/.m2/repository/org/apache/kerby/kerby-config/1.0.1/kerby-config-1.0.1.jar:/home/user/.m2/repository/org/apache/kerby/kerb-core/1.0.1/kerb-core-1.0.1.jar:/home/user/.m2/repository/org/apache/kerby/kerby-pkix/1.0.1/kerby-pkix-1.0.1.jar:/home/user/.m2/repository/org/apache/kerby/kerby-asn1/1.0.1/kerby-asn1-1.0.1.jar:/home/user/.m2/repository/org/apache/kerby/kerby-util/1.0.1/kerby-util-1.0.1.jar:/home/user/.m2/repository/org/apache/kerby/kerb-common/1.0.1/kerb-common-1.0.1.jar:/home/user/.m2/repository/org/apache/kerby/kerb-crypto/1.0.1/kerb-crypto-1.0.1.jar:/home/user/.m2/repository/org/apache/kerby/kerb-util/1.0.1/kerb-util-1.0.1.jar:/home/user/.m2/repository/org/apache/kerby/token-provider/1.0.1/token-provider-1.0.1.jar:/home/user/.m2/repository/org/apache/kerby/kerb-admin/1.0.1/kerb-admin-1.0.1.jar:/home/user/.m2/repository/org/apache/kerby/kerb-server/1.0.1/kerb-server-1.0.1.jar:/home/user/.m2/repository/org/apache/kerby/kerb-identity/1.0.1/kerb-identity-1.0.1.jar:/home/user/.m2/repository/org/apache/kerby/kerby-xdr/1.0.1/kerby-xdr-1.0.1.jar:/home/user/.m2/repository/org/slf4j/slf4j-log4j12/1.7.25/slf4j-log4j12-1.7.25.jar:/home/user/.m2/repository/org/apache/hadoop/hadoop-ozone-s3gateway/0.5.0-SNAPSHOT/hadoop-ozone-s3gateway-0.5.0-SNAPSHOT.jar:/home/user/.m2/repository/org/jboss/weld/servlet/weld-servlet/2.4.7.Final/weld-servlet-2.4.7.Final.jar:/home/user/.m2/repository/org/glassfish/jersey/containers/jersey-container-servlet-core/2.27/jersey-container-servlet-core-2.27.jar:/home/user/.m2/repository/org/glassfish/hk2/external/javax.inject/2.5.0-b42/javax.inject-2.5.0-b42.jar:/home/user/.m2/repository/org/glassfish/jersey/core/jersey-common/2.27/jersey-common-2.27.jar:/home/user/.m2/repository/org/glassfish/hk2/osgi-resource-locator/1.0.1/osgi-resource-locator-1.0.1.jar:/home/user/.m2/repository/javax/ws/rs/javax.ws.rs-api/2.1/javax.ws.rs-api-2.1.jar:/home/user/.m2/repository/org/glassfish/jersey/ext/cdi/jersey-cdi1x/2.27/jersey-cdi1x-2.27.jar:/home/user/.m2/repository/org/glassfish/jersey/inject/jersey-hk2/2.27/jersey-hk2-2.27.jar:/home/user/.m2/repository/org/glassfish/hk2/hk2-locator/2.5.0-b42/hk2-locator-2.5.0-b42.jar:/home/user/.m2/repository/org/javassist/javassist/3.22.0-CR2/javassist-3.22.0-CR2.jar:/home/user/.m2/repository/org/glassfish/hk2/hk2-api/2.5.0/hk2-api-2.5.0.jar:/home/user/.m2/repository/org/glassfish/hk2/external/jakarta.inject/2.5.0/jakarta.inject-2.5.0.jar:/home/user/.m2/repository/org/glassfish/hk2/hk2-utils/2.5.0/hk2-utils-2.5.0.jar:/home/user/.m2/repository/jakarta/annotation/jakarta.annotation-api/1.3.4/jakarta.annotation-api-1.3.4.jar:/home/user/.m2/repository/org/glassfish/hk2/external/aopalliance-repackaged/2.5.0/aopalliance-repackaged-2.5.0.jar:/home/user/.m2/repository/com/fasterxml/jackson/dataformat/jackson-dataformat-xml/2.9.0/jackson-dataformat-xml-2.9.0.jar:/home/user/.m2/repository/com/fasterxml/jackson/core/jackson-core/2.9.9/jackson-core-2.9.9.jar:/home/user/.m2/repository/com/fasterxml/jackson/module/jackson-module-jaxb-annotations/2.9.9/jackson-module-jaxb-annotations-2.9.9.jar:/home/user/.m2/repository/javax/enterprise/cdi-api/1.2/cdi-api-1.2.jar:/home/user/.m2/repository/javax/el/javax.el-api/3.0.0/javax.el-api-3.0.0.jar:/home/user/.m2/repository/javax/interceptor/javax.interceptor-api/1.2/javax.interceptor-api-1.2.jar:/home/user/.m2/repository/javax/inject/javax.inject/1/javax.inject-1.jar:/home/user/.m2/repository/com/sun/xml/bind/jaxb-impl/2.3.0.1/jaxb-impl-2.3.0.1.jar:/home/user/.m2/repository/com/sun/xml/bind/jaxb-core/2.3.0.1/jaxb-core-2.3.0.1.jar:/home/user/.m2/repository/javax/xml/bind/jaxb-api/2.3.0/jaxb-api-2.3.0.jar:/home/user/.m2/repository/javax/activation/activation/1.1.1/activation-1.1.1.jar:/home/user/.m2/repository/org/apache/hadoop/hadoop-ozone-csi/0.5.0-SNAPSHOT/hadoop-ozone-csi-0.5.0-SNAPSHOT.jar:/home/user/.m2/repository/com/google/protobuf/protobuf-java-util/3.5.1/protobuf-java-util-3.5.1.jar:/home/user/.m2/repository/org/apache/hadoop/hadoop-hdds-config/0.5.0-SNAPSHOT/hadoop-hdds-config-0.5.0-SNAPSHOT.jar:/home/user/.m2/repository/io/grpc/grpc-netty/1.17.1/grpc-netty-1.17.1.jar:/home/user/.m2/repository/io/grpc/grpc-core/1.17.1/grpc-core-1.17.1.jar:/home/user/.m2/repository/io/grpc/grpc-context/1.17.1/grpc-context-1.17.1.jar:/home/user/.m2/repository/com/google/errorprone/error_prone_annotations/2.2.0/error_prone_annotations-2.2.0.jar:/home/user/.m2/repository/org/codehaus/mojo/animal-sniffer-annotations/1.17/animal-sniffer-annotations-1.17.jar:/home/user/.m2/repository/io/opencensus/opencensus-api/0.17.0/opencensus-api-0.17.0.jar:/home/user/.m2/repository/io/opencensus/opencensus-contrib-grpc-metrics/0.17.0/opencensus-contrib-grpc-metrics-0.17.0.jar:/home/user/.m2/repository/io/netty/netty-codec-http2/4.1.30.Final/netty-codec-http2-4.1.30.Final.jar:/home/user/.m2/repository/io/netty/netty-codec-http/4.1.30.Final/netty-codec-http-4.1.30.Final.jar:/home/user/.m2/repository/io/netty/netty-codec/4.1.30.Final/netty-codec-4.1.30.Final.jar:/home/user/.m2/repository/io/netty/netty-handler/4.1.30.Final/netty-handler-4.1.30.Final.jar:/home/user/.m2/repository/io/netty/netty-handler-proxy/4.1.30.Final/netty-handler-proxy-4.1.30.Final.jar:/home/user/.m2/repository/io/netty/netty-codec-socks/4.1.30.Final/netty-codec-socks-4.1.30.Final.jar:/home/user/.m2/repository/io/netty/netty-transport-native-epoll/4.1.30.Final/netty-transport-native-epoll-4.1.30.Final.jar:/home/user/.m2/repository/io/netty/netty-common/4.1.30.Final/netty-common-4.1.30.Final.jar:/home/user/.m2/repository/io/netty/netty-buffer/4.1.30.Final/netty-buffer-4.1.30.Final.jar:/home/user/.m2/repository/io/netty/netty-transport/4.1.30.Final/netty-transport-4.1.30.Final.jar:/home/user/.m2/repository/io/netty/netty-resolver/4.1.30.Final/netty-resolver-4.1.30.Final.jar:/home/user/.m2/repository/io/netty/netty-transport-native-unix-common/4.1.30.Final/netty-transport-native-unix-common-4.1.30.Final.jar:/home/user/.m2/repository/io/grpc/grpc-protobuf/1.17.1/grpc-protobuf-1.17.1.jar:/home/user/.m2/repository/com/google/api/grpc/proto-google-common-protos/1.0.0/proto-google-common-protos-1.0.0.jar:/home/user/.m2/repository/io/grpc/grpc-protobuf-lite/1.17.1/grpc-protobuf-lite-1.17.1.jar:/home/user/.m2/repository/io/grpc/grpc-stub/1.17.1/grpc-stub-1.17.1.jar:/home/user/.m2/repository/org/apache/hadoop/hadoop-ozone-recon/0.5.0-SNAPSHOT/hadoop-ozone-recon-0.5.0-SNAPSHOT.jar:/home/user/.m2/repository/org/apache/hadoop/hadoop-ozone-reconcodegen/0.5.0-SNAPSHOT/hadoop-ozone-reconcodegen-0.5.0-SNAPSHOT.jar:/home/user/.m2/repository/com/google/inject/extensions/guice-multibindings/4.0/guice-multibindings-4.0.jar:/home/user/.m2/repository/com/google/inject/guice/4.0/guice-4.0.jar:/home/user/.m2/repository/aopalliance/aopalliance/1.0/aopalliance-1.0.jar:/home/user/.m2/repository/com/google/inject/extensions/guice-servlet/4.0/guice-servlet-4.0.jar:/home/user/.m2/repository/org/glassfish/jersey/containers/jersey-container-servlet/2.27/jersey-container-servlet-2.27.jar:/home/user/.m2/repository/org/glassfish/hk2/guice-bridge/2.5.0/guice-bridge-2.5.0.jar:/home/user/.m2/repository/org/glassfish/jersey/core/jersey-server/2.27/jersey-server-2.27.jar:/home/user/.m2/repository/org/glassfish/jersey/core/jersey-client/2.27/jersey-client-2.27.jar:/home/user/.m2/repository/org/glassfish/jersey/media/jersey-media-jaxb/2.27/jersey-media-jaxb-2.27.jar:/home/user/.m2/repository/javax/validation/validation-api/1.1.0.Final/validation-api-1.1.0.Final.jar:/home/user/.m2/repository/org/glassfish/jersey/media/jersey-media-json-jackson/2.27/jersey-media-json-jackson-2.27.jar:/home/user/.m2/repository/org/glassfish/jersey/ext/jersey-entity-filtering/2.27/jersey-entity-filtering-2.27.jar:/home/user/.m2/repository/com/google/inject/extensions/guice-assistedinject/4.0/guice-assistedinject-4.0.jar:/home/user/.m2/repository/org/jooq/jooq/3.11.10/jooq-3.11.10.jar:/home/user/.m2/repository/org/jooq/jooq-meta/3.11.10/jooq-meta-3.11.10.jar:/home/user/.m2/repository/org/jooq/jooq-codegen/3.11.10/jooq-codegen-3.11.10.jar:/home/user/.m2/repository/com/jolbox/bonecp/0.8.0.RELEASE/bonecp-0.8.0.RELEASE.jar:/home/user/.m2/repository/org/xerial/sqlite-jdbc/3.25.2/sqlite-jdbc-3.25.2.jar:/home/user/.m2/repository/org/springframework/spring-jdbc/5.1.3.RELEASE/spring-jdbc-5.1.3.RELEASE.jar:/home/user/.m2/repository/org/springframework/spring-beans/5.1.3.RELEASE/spring-beans-5.1.3.RELEASE.jar:/home/user/.m2/repository/org/springframework/spring-core/5.1.3.RELEASE/spring-core-5.1.3.RELEASE.jar:/home/user/.m2/repository/org/springframework/spring-jcl/5.1.3.RELEASE/spring-jcl-5.1.3.RELEASE.jar:/home/user/.m2/repository/org/springframework/spring-tx/5.1.3.RELEASE/spring-tx-5.1.3.RELEASE.jar:/home/user/.m2/repository/org/apache/hadoop/hadoop-ozone-client/0.5.0-SNAPSHOT/hadoop-ozone-client-0.5.0-SNAPSHOT.jar:/home/user/.m2/repository/commons-lang/commons-lang/2.6/commons-lang-2.6.jar:/home/user/.m2/repository/org/apache/hadoop/hadoop-ozone-ozone-manager/0.5.0-SNAPSHOT/hadoop-ozone-ozone-manager-0.5.0-SNAPSHOT-tests.jar:/home/user/.m2/repository/junit/junit/4.11/junit-4.11.jar:/home/user/.m2/repository/org/hamcrest/hamcrest-core/1.3/hamcrest-core-1.3.jar:/home/user/.m2/repository/org/openjdk/jmh/jmh-core/1.19/jmh-core-1.19.jar:/home/user/.m2/repository/net/sf/jopt-simple/jopt-simple/4.6/jopt-simple-4.6.jar:/home/user/.m2/repository/org/apache/commons/commons-math3/3.1.1/commons-math3-3.1.1.jar:/home/user/.m2/repository/org/openjdk/jmh/jmh-generator-annprocess/1.19/jmh-generator-annprocess-1.19.jar:/home/user/.m2/repository/org/mockito/mockito-all/1.8.5/mockito-all-1.8.5.jar:/home/user/.m2/repository/org/apache/hadoop/hadoop-kms/3.2.0/hadoop-kms-3.2.0.jar:/home/user/.m2/repository/org/apache/hadoop/hadoop-auth/3.2.0/hadoop-auth-3.2.0.jar:/home/user/.m2/repository/com/nimbusds/nimbus-jose-jwt/4.41.1/nimbus-jose-jwt-4.41.1.jar:/home/user/.m2/repository/com/github/stephenc/jcip/jcip-annotations/1.0-1/jcip-annotations-1.0-1.jar:/home/user/.m2/repository/net/minidev/json-smart/2.3/json-smart-2.3.jar:/home/user/.m2/repository/net/minidev/accessors-smart/1.2/accessors-smart-1.2.jar:/home/user/.m2/repository/org/ow2/asm/asm/5.0.4/asm-5.0.4.jar:/home/user/.m2/repository/org/apache/curator/curator-framework/2.12.0/curator-framework-2.12.0.jar:/home/user/.m2/repository/com/sun/jersey/jersey-core/1.19/jersey-core-1.19.jar:/home/user/.m2/repository/javax/ws/rs/jsr311-api/1.1.1/jsr311-api-1.1.1.jar:/home/user/.m2/repository/com/sun/jersey/jersey-server/1.19/jersey-server-1.19.jar:/home/user/.m2/repository/javax/servlet/javax.servlet-api/3.1.0/javax.servlet-api-3.1.0.jar:/home/user/.m2/repository/org/eclipse/jetty/jetty-server/9.3.25.v20180904/jetty-server-9.3.25.v20180904.jar:/home/user/.m2/repository/org/eclipse/jetty/jetty-http/9.3.25.v20180904/jetty-http-9.3.25.v20180904.jar:/home/user/.m2/repository/org/eclipse/jetty/jetty-io/9.3.25.v20180904/jetty-io-9.3.25.v20180904.jar:/home/user/.m2/repository/org/eclipse/jetty/jetty-webapp/9.3.25.v20180904/jetty-webapp-9.3.25.v20180904.jar:/home/user/.m2/repository/org/eclipse/jetty/jetty-xml/9.3.25.v20180904/jetty-xml-9.3.25.v20180904.jar:/home/user/.m2/repository/log4j/log4j/1.2.17/log4j-1.2.17.jar:/home/user/.m2/repository/org/slf4j/slf4j-api/1.7.25/slf4j-api-1.7.25.jar:/home/user/.m2/repository/org/slf4j/jul-to-slf4j/1.7.25/jul-to-slf4j-1.7.25.jar:/home/user/.m2/repository/org/eclipse/jetty/jetty-util/9.3.25.v20180904/jetty-util-9.3.25.v20180904.jar:/home/user/.m2/repository/com/fasterxml/jackson/core/jackson-databind/2.9.9/jackson-databind-2.9.9.jar:/home/user/.m2/repository/org/apache/hadoop/hadoop-kms/3.2.0/hadoop-kms-3.2.0-tests.jar:/home/user/.m2/repository/org/apache/hadoop/hadoop-hdds-server-scm/0.5.0-SNAPSHOT/hadoop-hdds-server-scm-0.5.0-SNAPSHOT-tests.jar:/home/user/.m2/repository/org/apache/hadoop/hadoop-hdds-container-service/0.5.0-SNAPSHOT/hadoop-hdds-container-service-0.5.0-SNAPSHOT-tests.jar:/home/user/.m2/repository/org/yaml/snakeyaml/1.16/snakeyaml-1.16.jar:/home/user/.m2/repository/org/apache/hadoop/hadoop-common/3.2.0/hadoop-common-3.2.0-tests.jar:/home/user/.m2/repository/org/apache/hadoop/hadoop-annotations/3.2.0/hadoop-annotations-3.2.0.jar:/usr/lib/jvm/java-1.8-openjdk/jre/../lib/tools.jar:/home/user/.m2/repository/commons-cli/commons-cli/1.2/commons-cli-1.2.jar:/home/user/.m2/repository/org/apache/httpcomponents/httpclient/4.5.2/httpclient-4.5.2.jar:/home/user/.m2/repository/org/apache/httpcomponents/httpcore/4.4.4/httpcore-4.4.4.jar:/home/user/.m2/repository/commons-codec/commons-codec/1.11/commons-codec-1.11.jar:/home/user/.m2/repository/commons-net/commons-net/3.6/commons-net-3.6.jar:/home/user/.m2/repository/commons-collections/commons-collections/3.2.2/commons-collections-3.2.2.jar:/home/user/.m2/repository/org/eclipse/jetty/jetty-servlet/9.3.25.v20180904/jetty-servlet-9.3.25.v20180904.jar:/home/user/.m2/repository/org/eclipse/jetty/jetty-security/9.3.25.v20180904/jetty-security-9.3.25.v20180904.jar:/home/user/.m2/repository/javax/servlet/jsp/jsp-api/2.1/jsp-api-2.1.jar:/home/user/.m2/repository/com/sun/jersey/jersey-servlet/1.19/jersey-servlet-1.19.jar:/home/user/.m2/repository/com/sun/jersey/jersey-json/1.19/jersey-json-1.19.jar:/home/user/.m2/repository/org/codehaus/jettison/jettison/1.1/jettison-1.1.jar:/home/user/.m2/repository/org/codehaus/jackson/jackson-core-asl/1.9.13/jackson-core-asl-1.9.13.jar:/home/user/.m2/repository/org/codehaus/jackson/jackson-mapper-asl/1.9.13/jackson-mapper-asl-1.9.13.jar:/home/user/.m2/repository/org/codehaus/jackson/jackson-jaxrs/1.9.13/jackson-jaxrs-1.9.13.jar:/home/user/.m2/repository/org/codehaus/jackson/jackson-xc/1.9.13/jackson-xc-1.9.13.jar:/home/user/.m2/repository/commons-logging/commons-logging/1.1.3/commons-logging-1.1.3.jar:/home/user/.m2/repository/commons-beanutils/commons-beanutils/1.9.4/commons-beanutils-1.9.4.jar:/home/user/.m2/repository/org/apache/commons/commons-configuration2/2.1.1/commons-configuration2-2.1.1.jar:/home/user/.m2/repository/org/apache/commons/commons-lang3/3.7/commons-lang3-3.7.jar:/home/user/.m2/repository/org/apache/commons/commons-text/1.4/commons-text-1.4.jar:/home/user/.m2/repository/org/apache/avro/avro/1.7.7/avro-1.7.7.jar:/home/user/.m2/repository/com/thoughtworks/paranamer/paranamer/2.3/paranamer-2.3.jar:/home/user/.m2/repository/org/xerial/snappy/snappy-java/1.0.5/snappy-java-1.0.5.jar:/home/user/.m2/repository/com/google/re2j/re2j/1.1/re2j-1.1.jar:/home/user/.m2/repository/com/google/code/gson/gson/2.2.4/gson-2.2.4.jar:/home/user/.m2/repository/com/jcraft/jsch/0.1.54/jsch-0.1.54.jar:/home/user/.m2/repository/org/apache/curator/curator-client/2.12.0/curator-client-2.12.0.jar:/home/user/.m2/repository/org/apache/curator/curator-recipes/2.12.0/curator-recipes-2.12.0.jar:/home/user/.m2/repository/com/google/code/findbugs/jsr305/3.0.0/jsr305-3.0.0.jar:/home/user/.m2/repository/org/apache/htrace/htrace-core4/4.1.0-incubating/htrace-core4-4.1.0-incubating.jar:/home/user/.m2/repository/org/apache/zookeeper/zookeeper/3.4.13/zookeeper-3.4.13.jar:/home/user/.m2/repository/jline/jline/0.9.94/jline-0.9.94.jar:/home/user/.m2/repository/org/apache/yetus/audience-annotations/0.5.0/audience-annotations-0.5.0.jar:/home/user/.m2/repository/org/codehaus/woodstox/stax2-api/3.1.4/stax2-api-3.1.4.jar:/home/user/.m2/repository/com/fasterxml/woodstox/woodstox-core/5.0.3/woodstox-core-5.0.3.jar:/home/user/.m2/repository/dnsjava/dnsjava/2.1.7/dnsjava-2.1.7.jar:/home/user/.m2/repository/org/apache/hadoop/hadoop-hdfs/3.2.0/hadoop-hdfs-3.2.0-tests.jar:/home/user/.m2/repository/org/eclipse/jetty/jetty-util-ajax/9.3.25.v20180904/jetty-util-ajax-9.3.25.v20180904.jar:/home/user/.m2/repository/commons-daemon/commons-daemon/1.0.13/commons-daemon-1.0.13.jar:/home/user/.m2/repository/io/netty/netty/3.10.5.Final/netty-3.10.5.Final.jar:/home/user/.m2/repository/io/netty/netty-all/4.0.52.Final/netty-all-4.0.52.Final.jar:/home/user/.m2/repository/org/fusesource/leveldbjni/leveldbjni-all/1.8/leveldbjni-all-1.8.jar:"/>
    <property name="java.vm.vendor" value="IcedTea"/>
    <property name="sun.arch.data.model" value="64"/>
    <property name="test.build.dir" value="/workdir/hadoop-ozone/integration-test/target/test-dir"/>
    <property name="test.cache.data" value=""/>
    <property name="java.vendor.url" value="https://icedtea.classpath.org"/>
    <property name="user.timezone" value=""/>
    <property name="java.vm.specification.version" value="1.8"/>
    <property name="os.name" value="Linux"/>
    <property name="test.build.data" value="/workdir/hadoop-ozone/integration-test/target/test-dir"/>
    <property name="user.country" value="US"/>
    <property name="sun.java.launcher" value="SUN_STANDARD"/>
    <property name="sun.boot.library.path" value="/usr/lib/jvm/java-1.8-openjdk/jre/lib/amd64"/>
    <property name="sun.java.command" value="/workdir/hadoop-ozone/integration-test/target/surefire/surefirebooter4575668864073196849.jar /workdir/hadoop-ozone/integration-test/target/surefire 2019-10-03T18-22-02_256-jvmRun1 surefire5295422884439261841tmp surefire_403365917319620262863tmp"/>
    <property name="test" value="!TestMiniChaosOzoneCluster"/>
    <property name="surefire.test.class.path" value="/workdir/hadoop-ozone/integration-test/target/test-classes:/workdir/hadoop-ozone/integration-test/target/classes:/home/user/.m2/repository/org/apache/hadoop/hadoop-ozone-common/0.5.0-SNAPSHOT/hadoop-ozone-common-0.5.0-SNAPSHOT.jar:/home/user/.m2/repository/org/apache/commons/commons-compress/1.4.1/commons-compress-1.4.1.jar:/home/user/.m2/repository/org/tukaani/xz/1.0/xz-1.0.jar:/home/user/.m2/repository/org/apache/hadoop/hadoop-common/3.2.0/hadoop-common-3.2.0.jar:/home/user/.m2/repository/org/apache/hadoop/hadoop-hdfs/3.2.0/hadoop-hdfs-3.2.0.jar:/home/user/.m2/repository/org/apache/hadoop/hadoop-hdfs-client/3.2.0/hadoop-hdfs-client-3.2.0.jar:/home/user/.m2/repository/com/fasterxml/jackson/core/jackson-annotations/2.9.9/jackson-annotations-2.9.9.jar:/home/user/.m2/repository/org/apache/hadoop/hadoop-hdds-common/0.5.0-SNAPSHOT/hadoop-hdds-common-0.5.0-SNAPSHOT.jar:/home/user/.m2/repository/javax/annotation/javax.annotation-api/1.2/javax.annotation-api-1.2.jar:/home/user/.m2/repository/org/apache/ratis/ratis-server/0.5.0-201fc85-SNAPSHOT/ratis-server-0.5.0-201fc85-SNAPSHOT.jar:/home/user/.m2/repository/org/apache/ratis/ratis-thirdparty-misc/0.2.0/ratis-thirdparty-misc-0.2.0.jar:/home/user/.m2/repository/org/apache/ratis/ratis-proto/0.5.0-201fc85-SNAPSHOT/ratis-proto-0.5.0-201fc85-SNAPSHOT.jar:/home/user/.m2/repository/org/apache/ratis/ratis-common/0.5.0-201fc85-SNAPSHOT/ratis-common-0.5.0-201fc85-SNAPSHOT.jar:/home/user/.m2/repository/org/apache/ratis/ratis-client/0.5.0-201fc85-SNAPSHOT/ratis-client-0.5.0-201fc85-SNAPSHOT.jar:/home/user/.m2/repository/org/apache/ratis/ratis-metrics/0.5.0-201fc85-SNAPSHOT/ratis-metrics-0.5.0-201fc85-SNAPSHOT.jar:/home/user/.m2/repository/com/github/joshelser/dropwizard-metrics-hadoop-metrics2-reporter/0.1.2/dropwizard-metrics-hadoop-metrics2-reporter-0.1.2.jar:/home/user/.m2/repository/io/dropwizard/metrics/metrics-jvm/3.2.5/metrics-jvm-3.2.5.jar:/home/user/.m2/repository/io/dropwizard/metrics/metrics-ganglia/3.2.5/metrics-ganglia-3.2.5.jar:/home/user/.m2/repository/info/ganglia/gmetric4j/gmetric4j/1.0.7/gmetric4j-1.0.7.jar:/home/user/.m2/repository/org/apache/ratis/ratis-netty/0.5.0-201fc85-SNAPSHOT/ratis-netty-0.5.0-201fc85-SNAPSHOT.jar:/home/user/.m2/repository/org/apache/ratis/ratis-grpc/0.5.0-201fc85-SNAPSHOT/ratis-grpc-0.5.0-201fc85-SNAPSHOT.jar:/home/user/.m2/repository/org/rocksdb/rocksdbjni/6.0.1/rocksdbjni-6.0.1.jar:/home/user/.m2/repository/org/apache/logging/log4j/log4j-api/2.11.0/log4j-api-2.11.0.jar:/home/user/.m2/repository/org/apache/logging/log4j/log4j-core/2.11.0/log4j-core-2.11.0.jar:/home/user/.m2/repository/com/lmax/disruptor/3.4.2/disruptor-3.4.2.jar:/home/user/.m2/repository/org/apache/commons/commons-pool2/2.6.0/commons-pool2-2.6.0.jar:/home/user/.m2/repository/org/bouncycastle/bcpkix-jdk15on/1.60/bcpkix-jdk15on-1.60.jar:/home/user/.m2/repository/commons-validator/commons-validator/1.6/commons-validator-1.6.jar:/home/user/.m2/repository/commons-digester/commons-digester/1.8.1/commons-digester-1.8.1.jar:/home/user/.m2/repository/io/jaegertracing/jaeger-client/0.34.0/jaeger-client-0.34.0.jar:/home/user/.m2/repository/io/jaegertracing/jaeger-thrift/0.34.0/jaeger-thrift-0.34.0.jar:/home/user/.m2/repository/org/apache/thrift/libthrift/0.12.0/libthrift-0.12.0.jar:/home/user/.m2/repository/com/squareup/okhttp3/okhttp/3.9.0/okhttp-3.9.0.jar:/home/user/.m2/repository/com/squareup/okio/okio/1.13.0/okio-1.13.0.jar:/home/user/.m2/repository/io/jaegertracing/jaeger-core/0.34.0/jaeger-core-0.34.0.jar:/home/user/.m2/repository/io/jaegertracing/jaeger-tracerresolver/0.34.0/jaeger-tracerresolver-0.34.0.jar:/home/user/.m2/repository/io/opentracing/contrib/opentracing-tracerresolver/0.1.5/opentracing-tracerresolver-0.1.5.jar:/home/user/.m2/repository/io/opentracing/opentracing-util/0.31.0/opentracing-util-0.31.0.jar:/home/user/.m2/repository/io/opentracing/opentracing-api/0.31.0/opentracing-api-0.31.0.jar:/home/user/.m2/repository/io/opentracing/opentracing-noop/0.31.0/opentracing-noop-0.31.0.jar:/home/user/.m2/repository/org/apache/hadoop/hadoop-hdds-server-framework/0.5.0-SNAPSHOT/hadoop-hdds-server-framework-0.5.0-SNAPSHOT.jar:/home/user/.m2/repository/org/apache/hadoop/hadoop-hdds-container-service/0.5.0-SNAPSHOT/hadoop-hdds-container-service-0.5.0-SNAPSHOT.jar:/home/user/.m2/repository/org/apache/hadoop/hadoop-hdds-client/0.5.0-SNAPSHOT/hadoop-hdds-client-0.5.0-SNAPSHOT.jar:/home/user/.m2/repository/org/apache/hadoop/hadoop-hdds-tools/0.5.0-SNAPSHOT/hadoop-hdds-tools-0.5.0-SNAPSHOT.jar:/home/user/.m2/repository/org/apache/hadoop/hadoop-hdds-server-scm/0.5.0-SNAPSHOT/hadoop-hdds-server-scm-0.5.0-SNAPSHOT.jar:/home/user/.m2/repository/org/apache/hadoop/hadoop-hdds-docs/0.5.0-SNAPSHOT/hadoop-hdds-docs-0.5.0-SNAPSHOT.jar:/home/user/.m2/repository/io/dropwizard/metrics/metrics-core/3.2.4/metrics-core-3.2.4.jar:/home/user/.m2/repository/org/hamcrest/hamcrest-all/1.3/hamcrest-all-1.3.jar:/home/user/.m2/repository/org/bouncycastle/bcprov-jdk15on/1.60/bcprov-jdk15on-1.60.jar:/home/user/.m2/repository/info/picocli/picocli/3.9.6/picocli-3.9.6.jar:/home/user/.m2/repository/com/google/protobuf/protobuf-java/2.5.0/protobuf-java-2.5.0.jar:/home/user/.m2/repository/com/google/guava/guava/11.0.2/guava-11.0.2.jar:/home/user/.m2/repository/org/apache/hadoop/hadoop-ozone-ozone-manager/0.5.0-SNAPSHOT/hadoop-ozone-ozone-manager-0.5.0-SNAPSHOT.jar:/home/user/.m2/repository/org/apache/hadoop/hadoop-minikdc/3.2.0/hadoop-minikdc-3.2.0.jar:/home/user/.m2/repository/commons-io/commons-io/2.5/commons-io-2.5.jar:/home/user/.m2/repository/org/apache/kerby/kerb-simplekdc/1.0.1/kerb-simplekdc-1.0.1.jar:/home/user/.m2/repository/org/apache/kerby/kerb-client/1.0.1/kerb-client-1.0.1.jar:/home/user/.m2/repository/org/apache/kerby/kerby-config/1.0.1/kerby-config-1.0.1.jar:/home/user/.m2/repository/org/apache/kerby/kerb-core/1.0.1/kerb-core-1.0.1.jar:/home/user/.m2/repository/org/apache/kerby/kerby-pkix/1.0.1/kerby-pkix-1.0.1.jar:/home/user/.m2/repository/org/apache/kerby/kerby-asn1/1.0.1/kerby-asn1-1.0.1.jar:/home/user/.m2/repository/org/apache/kerby/kerby-util/1.0.1/kerby-util-1.0.1.jar:/home/user/.m2/repository/org/apache/kerby/kerb-common/1.0.1/kerb-common-1.0.1.jar:/home/user/.m2/repository/org/apache/kerby/kerb-crypto/1.0.1/kerb-crypto-1.0.1.jar:/home/user/.m2/repository/org/apache/kerby/kerb-util/1.0.1/kerb-util-1.0.1.jar:/home/user/.m2/repository/org/apache/kerby/token-provider/1.0.1/token-provider-1.0.1.jar:/home/user/.m2/repository/org/apache/kerby/kerb-admin/1.0.1/kerb-admin-1.0.1.jar:/home/user/.m2/repository/org/apache/kerby/kerb-server/1.0.1/kerb-server-1.0.1.jar:/home/user/.m2/repository/org/apache/kerby/kerb-identity/1.0.1/kerb-identity-1.0.1.jar:/home/user/.m2/repository/org/apache/kerby/kerby-xdr/1.0.1/kerby-xdr-1.0.1.jar:/home/user/.m2/repository/org/slf4j/slf4j-log4j12/1.7.25/slf4j-log4j12-1.7.25.jar:/home/user/.m2/repository/org/apache/hadoop/hadoop-ozone-s3gateway/0.5.0-SNAPSHOT/hadoop-ozone-s3gateway-0.5.0-SNAPSHOT.jar:/home/user/.m2/repository/org/jboss/weld/servlet/weld-servlet/2.4.7.Final/weld-servlet-2.4.7.Final.jar:/home/user/.m2/repository/org/glassfish/jersey/containers/jersey-container-servlet-core/2.27/jersey-container-servlet-core-2.27.jar:/home/user/.m2/repository/org/glassfish/hk2/external/javax.inject/2.5.0-b42/javax.inject-2.5.0-b42.jar:/home/user/.m2/repository/org/glassfish/jersey/core/jersey-common/2.27/jersey-common-2.27.jar:/home/user/.m2/repository/org/glassfish/hk2/osgi-resource-locator/1.0.1/osgi-resource-locator-1.0.1.jar:/home/user/.m2/repository/javax/ws/rs/javax.ws.rs-api/2.1/javax.ws.rs-api-2.1.jar:/home/user/.m2/repository/org/glassfish/jersey/ext/cdi/jersey-cdi1x/2.27/jersey-cdi1x-2.27.jar:/home/user/.m2/repository/org/glassfish/jersey/inject/jersey-hk2/2.27/jersey-hk2-2.27.jar:/home/user/.m2/repository/org/glassfish/hk2/hk2-locator/2.5.0-b42/hk2-locator-2.5.0-b42.jar:/home/user/.m2/repository/org/javassist/javassist/3.22.0-CR2/javassist-3.22.0-CR2.jar:/home/user/.m2/repository/org/glassfish/hk2/hk2-api/2.5.0/hk2-api-2.5.0.jar:/home/user/.m2/repository/org/glassfish/hk2/external/jakarta.inject/2.5.0/jakarta.inject-2.5.0.jar:/home/user/.m2/repository/org/glassfish/hk2/hk2-utils/2.5.0/hk2-utils-2.5.0.jar:/home/user/.m2/repository/jakarta/annotation/jakarta.annotation-api/1.3.4/jakarta.annotation-api-1.3.4.jar:/home/user/.m2/repository/org/glassfish/hk2/external/aopalliance-repackaged/2.5.0/aopalliance-repackaged-2.5.0.jar:/home/user/.m2/repository/com/fasterxml/jackson/dataformat/jackson-dataformat-xml/2.9.0/jackson-dataformat-xml-2.9.0.jar:/home/user/.m2/repository/com/fasterxml/jackson/core/jackson-core/2.9.9/jackson-core-2.9.9.jar:/home/user/.m2/repository/com/fasterxml/jackson/module/jackson-module-jaxb-annotations/2.9.9/jackson-module-jaxb-annotations-2.9.9.jar:/home/user/.m2/repository/javax/enterprise/cdi-api/1.2/cdi-api-1.2.jar:/home/user/.m2/repository/javax/el/javax.el-api/3.0.0/javax.el-api-3.0.0.jar:/home/user/.m2/repository/javax/interceptor/javax.interceptor-api/1.2/javax.interceptor-api-1.2.jar:/home/user/.m2/repository/javax/inject/javax.inject/1/javax.inject-1.jar:/home/user/.m2/repository/com/sun/xml/bind/jaxb-impl/2.3.0.1/jaxb-impl-2.3.0.1.jar:/home/user/.m2/repository/com/sun/xml/bind/jaxb-core/2.3.0.1/jaxb-core-2.3.0.1.jar:/home/user/.m2/repository/javax/xml/bind/jaxb-api/2.3.0/jaxb-api-2.3.0.jar:/home/user/.m2/repository/javax/activation/activation/1.1.1/activation-1.1.1.jar:/home/user/.m2/repository/org/apache/hadoop/hadoop-ozone-csi/0.5.0-SNAPSHOT/hadoop-ozone-csi-0.5.0-SNAPSHOT.jar:/home/user/.m2/repository/com/google/protobuf/protobuf-java-util/3.5.1/protobuf-java-util-3.5.1.jar:/home/user/.m2/repository/org/apache/hadoop/hadoop-hdds-config/0.5.0-SNAPSHOT/hadoop-hdds-config-0.5.0-SNAPSHOT.jar:/home/user/.m2/repository/io/grpc/grpc-netty/1.17.1/grpc-netty-1.17.1.jar:/home/user/.m2/repository/io/grpc/grpc-core/1.17.1/grpc-core-1.17.1.jar:/home/user/.m2/repository/io/grpc/grpc-context/1.17.1/grpc-context-1.17.1.jar:/home/user/.m2/repository/com/google/errorprone/error_prone_annotations/2.2.0/error_prone_annotations-2.2.0.jar:/home/user/.m2/repository/org/codehaus/mojo/animal-sniffer-annotations/1.17/animal-sniffer-annotations-1.17.jar:/home/user/.m2/repository/io/opencensus/opencensus-api/0.17.0/opencensus-api-0.17.0.jar:/home/user/.m2/repository/io/opencensus/opencensus-contrib-grpc-metrics/0.17.0/opencensus-contrib-grpc-metrics-0.17.0.jar:/home/user/.m2/repository/io/netty/netty-codec-http2/4.1.30.Final/netty-codec-http2-4.1.30.Final.jar:/home/user/.m2/repository/io/netty/netty-codec-http/4.1.30.Final/netty-codec-http-4.1.30.Final.jar:/home/user/.m2/repository/io/netty/netty-codec/4.1.30.Final/netty-codec-4.1.30.Final.jar:/home/user/.m2/repository/io/netty/netty-handler/4.1.30.Final/netty-handler-4.1.30.Final.jar:/home/user/.m2/repository/io/netty/netty-handler-proxy/4.1.30.Final/netty-handler-proxy-4.1.30.Final.jar:/home/user/.m2/repository/io/netty/netty-codec-socks/4.1.30.Final/netty-codec-socks-4.1.30.Final.jar:/home/user/.m2/repository/io/netty/netty-transport-native-epoll/4.1.30.Final/netty-transport-native-epoll-4.1.30.Final.jar:/home/user/.m2/repository/io/netty/netty-common/4.1.30.Final/netty-common-4.1.30.Final.jar:/home/user/.m2/repository/io/netty/netty-buffer/4.1.30.Final/netty-buffer-4.1.30.Final.jar:/home/user/.m2/repository/io/netty/netty-transport/4.1.30.Final/netty-transport-4.1.30.Final.jar:/home/user/.m2/repository/io/netty/netty-resolver/4.1.30.Final/netty-resolver-4.1.30.Final.jar:/home/user/.m2/repository/io/netty/netty-transport-native-unix-common/4.1.30.Final/netty-transport-native-unix-common-4.1.30.Final.jar:/home/user/.m2/repository/io/grpc/grpc-protobuf/1.17.1/grpc-protobuf-1.17.1.jar:/home/user/.m2/repository/com/google/api/grpc/proto-google-common-protos/1.0.0/proto-google-common-protos-1.0.0.jar:/home/user/.m2/repository/io/grpc/grpc-protobuf-lite/1.17.1/grpc-protobuf-lite-1.17.1.jar:/home/user/.m2/repository/io/grpc/grpc-stub/1.17.1/grpc-stub-1.17.1.jar:/home/user/.m2/repository/org/apache/hadoop/hadoop-ozone-recon/0.5.0-SNAPSHOT/hadoop-ozone-recon-0.5.0-SNAPSHOT.jar:/home/user/.m2/repository/org/apache/hadoop/hadoop-ozone-reconcodegen/0.5.0-SNAPSHOT/hadoop-ozone-reconcodegen-0.5.0-SNAPSHOT.jar:/home/user/.m2/repository/com/google/inject/extensions/guice-multibindings/4.0/guice-multibindings-4.0.jar:/home/user/.m2/repository/com/google/inject/guice/4.0/guice-4.0.jar:/home/user/.m2/repository/aopalliance/aopalliance/1.0/aopalliance-1.0.jar:/home/user/.m2/repository/com/google/inject/extensions/guice-servlet/4.0/guice-servlet-4.0.jar:/home/user/.m2/repository/org/glassfish/jersey/containers/jersey-container-servlet/2.27/jersey-container-servlet-2.27.jar:/home/user/.m2/repository/org/glassfish/hk2/guice-bridge/2.5.0/guice-bridge-2.5.0.jar:/home/user/.m2/repository/org/glassfish/jersey/core/jersey-server/2.27/jersey-server-2.27.jar:/home/user/.m2/repository/org/glassfish/jersey/core/jersey-client/2.27/jersey-client-2.27.jar:/home/user/.m2/repository/org/glassfish/jersey/media/jersey-media-jaxb/2.27/jersey-media-jaxb-2.27.jar:/home/user/.m2/repository/javax/validation/validation-api/1.1.0.Final/validation-api-1.1.0.Final.jar:/home/user/.m2/repository/org/glassfish/jersey/media/jersey-media-json-jackson/2.27/jersey-media-json-jackson-2.27.jar:/home/user/.m2/repository/org/glassfish/jersey/ext/jersey-entity-filtering/2.27/jersey-entity-filtering-2.27.jar:/home/user/.m2/repository/com/google/inject/extensions/guice-assistedinject/4.0/guice-assistedinject-4.0.jar:/home/user/.m2/repository/org/jooq/jooq/3.11.10/jooq-3.11.10.jar:/home/user/.m2/repository/org/jooq/jooq-meta/3.11.10/jooq-meta-3.11.10.jar:/home/user/.m2/repository/org/jooq/jooq-codegen/3.11.10/jooq-codegen-3.11.10.jar:/home/user/.m2/repository/com/jolbox/bonecp/0.8.0.RELEASE/bonecp-0.8.0.RELEASE.jar:/home/user/.m2/repository/org/xerial/sqlite-jdbc/3.25.2/sqlite-jdbc-3.25.2.jar:/home/user/.m2/repository/org/springframework/spring-jdbc/5.1.3.RELEASE/spring-jdbc-5.1.3.RELEASE.jar:/home/user/.m2/repository/org/springframework/spring-beans/5.1.3.RELEASE/spring-beans-5.1.3.RELEASE.jar:/home/user/.m2/repository/org/springframework/spring-core/5.1.3.RELEASE/spring-core-5.1.3.RELEASE.jar:/home/user/.m2/repository/org/springframework/spring-jcl/5.1.3.RELEASE/spring-jcl-5.1.3.RELEASE.jar:/home/user/.m2/repository/org/springframework/spring-tx/5.1.3.RELEASE/spring-tx-5.1.3.RELEASE.jar:/home/user/.m2/repository/org/apache/hadoop/hadoop-ozone-client/0.5.0-SNAPSHOT/hadoop-ozone-client-0.5.0-SNAPSHOT.jar:/home/user/.m2/repository/commons-lang/commons-lang/2.6/commons-lang-2.6.jar:/home/user/.m2/repository/org/apache/hadoop/hadoop-ozone-ozone-manager/0.5.0-SNAPSHOT/hadoop-ozone-ozone-manager-0.5.0-SNAPSHOT-tests.jar:/home/user/.m2/repository/junit/junit/4.11/junit-4.11.jar:/home/user/.m2/repository/org/hamcrest/hamcrest-core/1.3/hamcrest-core-1.3.jar:/home/user/.m2/repository/org/openjdk/jmh/jmh-core/1.19/jmh-core-1.19.jar:/home/user/.m2/repository/net/sf/jopt-simple/jopt-simple/4.6/jopt-simple-4.6.jar:/home/user/.m2/repository/org/apache/commons/commons-math3/3.1.1/commons-math3-3.1.1.jar:/home/user/.m2/repository/org/openjdk/jmh/jmh-generator-annprocess/1.19/jmh-generator-annprocess-1.19.jar:/home/user/.m2/repository/org/mockito/mockito-all/1.8.5/mockito-all-1.8.5.jar:/home/user/.m2/repository/org/apache/hadoop/hadoop-kms/3.2.0/hadoop-kms-3.2.0.jar:/home/user/.m2/repository/org/apache/hadoop/hadoop-auth/3.2.0/hadoop-auth-3.2.0.jar:/home/user/.m2/repository/com/nimbusds/nimbus-jose-jwt/4.41.1/nimbus-jose-jwt-4.41.1.jar:/home/user/.m2/repository/com/github/stephenc/jcip/jcip-annotations/1.0-1/jcip-annotations-1.0-1.jar:/home/user/.m2/repository/net/minidev/json-smart/2.3/json-smart-2.3.jar:/home/user/.m2/repository/net/minidev/accessors-smart/1.2/accessors-smart-1.2.jar:/home/user/.m2/repository/org/ow2/asm/asm/5.0.4/asm-5.0.4.jar:/home/user/.m2/repository/org/apache/curator/curator-framework/2.12.0/curator-framework-2.12.0.jar:/home/user/.m2/repository/com/sun/jersey/jersey-core/1.19/jersey-core-1.19.jar:/home/user/.m2/repository/javax/ws/rs/jsr311-api/1.1.1/jsr311-api-1.1.1.jar:/home/user/.m2/repository/com/sun/jersey/jersey-server/1.19/jersey-server-1.19.jar:/home/user/.m2/repository/javax/servlet/javax.servlet-api/3.1.0/javax.servlet-api-3.1.0.jar:/home/user/.m2/repository/org/eclipse/jetty/jetty-server/9.3.25.v20180904/jetty-server-9.3.25.v20180904.jar:/home/user/.m2/repository/org/eclipse/jetty/jetty-http/9.3.25.v20180904/jetty-http-9.3.25.v20180904.jar:/home/user/.m2/repository/org/eclipse/jetty/jetty-io/9.3.25.v20180904/jetty-io-9.3.25.v20180904.jar:/home/user/.m2/repository/org/eclipse/jetty/jetty-webapp/9.3.25.v20180904/jetty-webapp-9.3.25.v20180904.jar:/home/user/.m2/repository/org/eclipse/jetty/jetty-xml/9.3.25.v20180904/jetty-xml-9.3.25.v20180904.jar:/home/user/.m2/repository/log4j/log4j/1.2.17/log4j-1.2.17.jar:/home/user/.m2/repository/org/slf4j/slf4j-api/1.7.25/slf4j-api-1.7.25.jar:/home/user/.m2/repository/org/slf4j/jul-to-slf4j/1.7.25/jul-to-slf4j-1.7.25.jar:/home/user/.m2/repository/org/eclipse/jetty/jetty-util/9.3.25.v20180904/jetty-util-9.3.25.v20180904.jar:/home/user/.m2/repository/com/fasterxml/jackson/core/jackson-databind/2.9.9/jackson-databind-2.9.9.jar:/home/user/.m2/repository/org/apache/hadoop/hadoop-kms/3.2.0/hadoop-kms-3.2.0-tests.jar:/home/user/.m2/repository/org/apache/hadoop/hadoop-hdds-server-scm/0.5.0-SNAPSHOT/hadoop-hdds-server-scm-0.5.0-SNAPSHOT-tests.jar:/home/user/.m2/repository/org/apache/hadoop/hadoop-hdds-container-service/0.5.0-SNAPSHOT/hadoop-hdds-container-service-0.5.0-SNAPSHOT-tests.jar:/home/user/.m2/repository/org/yaml/snakeyaml/1.16/snakeyaml-1.16.jar:/home/user/.m2/repository/org/apache/hadoop/hadoop-common/3.2.0/hadoop-common-3.2.0-tests.jar:/home/user/.m2/repository/org/apache/hadoop/hadoop-annotations/3.2.0/hadoop-annotations-3.2.0.jar:/usr/lib/jvm/java-1.8-openjdk/jre/../lib/tools.jar:/home/user/.m2/repository/commons-cli/commons-cli/1.2/commons-cli-1.2.jar:/home/user/.m2/repository/org/apache/httpcomponents/httpclient/4.5.2/httpclient-4.5.2.jar:/home/user/.m2/repository/org/apache/httpcomponents/httpcore/4.4.4/httpcore-4.4.4.jar:/home/user/.m2/repository/commons-codec/commons-codec/1.11/commons-codec-1.11.jar:/home/user/.m2/repository/commons-net/commons-net/3.6/commons-net-3.6.jar:/home/user/.m2/repository/commons-collections/commons-collections/3.2.2/commons-collections-3.2.2.jar:/home/user/.m2/repository/org/eclipse/jetty/jetty-servlet/9.3.25.v20180904/jetty-servlet-9.3.25.v20180904.jar:/home/user/.m2/repository/org/eclipse/jetty/jetty-security/9.3.25.v20180904/jetty-security-9.3.25.v20180904.jar:/home/user/.m2/repository/javax/servlet/jsp/jsp-api/2.1/jsp-api-2.1.jar:/home/user/.m2/repository/com/sun/jersey/jersey-servlet/1.19/jersey-servlet-1.19.jar:/home/user/.m2/repository/com/sun/jersey/jersey-json/1.19/jersey-json-1.19.jar:/home/user/.m2/repository/org/codehaus/jettison/jettison/1.1/jettison-1.1.jar:/home/user/.m2/repository/org/codehaus/jackson/jackson-core-asl/1.9.13/jackson-core-asl-1.9.13.jar:/home/user/.m2/repository/org/codehaus/jackson/jackson-mapper-asl/1.9.13/jackson-mapper-asl-1.9.13.jar:/home/user/.m2/repository/org/codehaus/jackson/jackson-jaxrs/1.9.13/jackson-jaxrs-1.9.13.jar:/home/user/.m2/repository/org/codehaus/jackson/jackson-xc/1.9.13/jackson-xc-1.9.13.jar:/home/user/.m2/repository/commons-logging/commons-logging/1.1.3/commons-logging-1.1.3.jar:/home/user/.m2/repository/commons-beanutils/commons-beanutils/1.9.4/commons-beanutils-1.9.4.jar:/home/user/.m2/repository/org/apache/commons/commons-configuration2/2.1.1/commons-configuration2-2.1.1.jar:/home/user/.m2/repository/org/apache/commons/commons-lang3/3.7/commons-lang3-3.7.jar:/home/user/.m2/repository/org/apache/commons/commons-text/1.4/commons-text-1.4.jar:/home/user/.m2/repository/org/apache/avro/avro/1.7.7/avro-1.7.7.jar:/home/user/.m2/repository/com/thoughtworks/paranamer/paranamer/2.3/paranamer-2.3.jar:/home/user/.m2/repository/org/xerial/snappy/snappy-java/1.0.5/snappy-java-1.0.5.jar:/home/user/.m2/repository/com/google/re2j/re2j/1.1/re2j-1.1.jar:/home/user/.m2/repository/com/google/code/gson/gson/2.2.4/gson-2.2.4.jar:/home/user/.m2/repository/com/jcraft/jsch/0.1.54/jsch-0.1.54.jar:/home/user/.m2/repository/org/apache/curator/curator-client/2.12.0/curator-client-2.12.0.jar:/home/user/.m2/repository/org/apache/curator/curator-recipes/2.12.0/curator-recipes-2.12.0.jar:/home/user/.m2/repository/com/google/code/findbugs/jsr305/3.0.0/jsr305-3.0.0.jar:/home/user/.m2/repository/org/apache/htrace/htrace-core4/4.1.0-incubating/htrace-core4-4.1.0-incubating.jar:/home/user/.m2/repository/org/apache/zookeeper/zookeeper/3.4.13/zookeeper-3.4.13.jar:/home/user/.m2/repository/jline/jline/0.9.94/jline-0.9.94.jar:/home/user/.m2/repository/org/apache/yetus/audience-annotations/0.5.0/audience-annotations-0.5.0.jar:/home/user/.m2/repository/org/codehaus/woodstox/stax2-api/3.1.4/stax2-api-3.1.4.jar:/home/user/.m2/repository/com/fasterxml/woodstox/woodstox-core/5.0.3/woodstox-core-5.0.3.jar:/home/user/.m2/repository/dnsjava/dnsjava/2.1.7/dnsjava-2.1.7.jar:/home/user/.m2/repository/org/apache/hadoop/hadoop-hdfs/3.2.0/hadoop-hdfs-3.2.0-tests.jar:/home/user/.m2/repository/org/eclipse/jetty/jetty-util-ajax/9.3.25.v20180904/jetty-util-ajax-9.3.25.v20180904.jar:/home/user/.m2/repository/commons-daemon/commons-daemon/1.0.13/commons-daemon-1.0.13.jar:/home/user/.m2/repository/io/netty/netty/3.10.5.Final/netty-3.10.5.Final.jar:/home/user/.m2/repository/io/netty/netty-all/4.0.52.Final/netty-all-4.0.52.Final.jar:/home/user/.m2/repository/org/fusesource/leveldbjni/leveldbjni-all/1.8/leveldbjni-all-1.8.jar:"/>
    <property name="sun.cpu.endian" value="little"/>
    <property name="user.home" value="/home/user"/>
    <property name="user.language" value="en"/>
    <property name="java.specification.vendor" value="Oracle Corporation"/>
    <property name="java.home" value="/usr/lib/jvm/java-1.8-openjdk/jre"/>
    <property name="java.security.krb5.conf" value="/workdir/hadoop-ozone/integration-test/target/test-classes/krb5.conf"/>
    <property name="basedir" value="/workdir/hadoop-ozone/integration-test"/>
    <property name="file.separator" value="/"/>
    <property name="line.separator" value="&#10;"/>
    <property name="java.vm.specification.vendor" value="Oracle Corporation"/>
    <property name="java.specification.name" value="Java Platform API Specification"/>
    <property name="java.awt.graphicsenv" value="sun.awt.X11GraphicsEnvironment"/>
    <property name="surefire.real.class.path" value="/workdir/hadoop-ozone/integration-test/target/surefire/surefirebooter4575668864073196849.jar"/>
    <property name="hadoop.log.dir" value="/workdir/hadoop-ozone/integration-test/target/log"/>
    <property name="sun.boot.class.path" value="/usr/lib/jvm/java-1.8-openjdk/jre/lib/resources.jar:/usr/lib/jvm/java-1.8-openjdk/jre/lib/rt.jar:/usr/lib/jvm/java-1.8-openjdk/jre/lib/sunrsasign.jar:/usr/lib/jvm/java-1.8-openjdk/jre/lib/jsse.jar:/usr/lib/jvm/java-1.8-openjdk/jre/lib/jce.jar:/usr/lib/jvm/java-1.8-openjdk/jre/lib/charsets.jar:/usr/lib/jvm/java-1.8-openjdk/jre/lib/jfr.jar:/usr/lib/jvm/java-1.8-openjdk/jre/classes"/>
    <property name="sun.management.compiler" value="HotSpot 64-Bit Tiered Compilers"/>
    <property name="java.runtime.version" value="1.8.0_212-b04"/>
    <property name="java.net.preferIPv4Stack" value="true"/>
    <property name="user.name" value="jenkins1000"/>
    <property name="path.separator" value=":"/>
    <property name="java.security.egd" value="file:///dev/urandom"/>
    <property name="os.version" value="3.10.0-957.12.2.el7.x86_64"/>
    <property name="java.endorsed.dirs" value="/usr/lib/jvm/java-1.8-openjdk/jre/lib/endorsed"/>
    <property name="java.runtime.name" value="OpenJDK Runtime Environment"/>
    <property name="file.encoding" value="UTF-8"/>
    <property name="java.vm.name" value="OpenJDK 64-Bit Server VM"/>
    <property name="test.build.webapps" value=""/>
    <property name="localRepository" value="/home/user/.m2/repository"/>
    <property name="java.vendor.url.bug" value="https://icedtea.classpath.org/bugzilla"/>
    <property name="java.io.tmpdir" value="/tmp"/>
    <property name="require.test.libhadoop" value=""/>
    <property name="java.version" value="1.8.0_212"/>
    <property name="user.dir" value="/workdir/hadoop-ozone/integration-test"/>
    <property name="os.arch" value="amd64"/>
    <property name="java.vm.specification.name" value="Java Virtual Machine Specification"/>
    <property name="test.build.classes" value="/workdir/hadoop-ozone/integration-test/target/test-classes"/>
    <property name="java.awt.printerjob" value="sun.print.PSPrinterJob"/>
    <property name="sun.os.patch.level" value="unknown"/>
    <property name="hadoop.tmp.dir" value="/workdir/hadoop-ozone/integration-test/target/tmp"/>
    <property name="java.library.path" value="/usr/lib/jvm/java-1.8-openjdk/jre/lib/amd64/server:/usr/lib/jvm/java-1.8-openjdk/jre/lib/amd64:/usr/lib/jvm/java-1.8-openjdk/jre/../lib/amd64:/workdir/hadoop-ozone/integration-test/target/native/target/usr/local/lib:/workdir/hadoop-ozone/integration-test/../../hadoop-common-project/hadoop-common/target/native/target/usr/local/lib:/usr/java/packages/lib/amd64:/usr/lib64:/lib64:/lib:/usr/lib"/>
    <property name="java.vm.info" value="mixed mode"/>
    <property name="java.vendor" value="IcedTea"/>
    <property name="java.vm.version" value="25.212-b04"/>
    <property name="java.ext.dirs" value="/usr/lib/jvm/java-1.8-openjdk/jre/lib/ext:/usr/java/packages/lib/ext"/>
    <property name="sun.io.unicode.encoding" value="UnicodeLittle"/>
    <property name="java.class.version" value="52.0"/>
  </properties>
  <testcase name="testWatchForCommitWithKeyWrite" classname="org.apache.hadoop.ozone.client.rpc.TestWatchForCommit" time="87.788"/>
  <testcase name="testWatchForCommitWithSmallerTimeoutValue" classname="org.apache.hadoop.ozone.client.rpc.TestWatchForCommit" time="55.175"/>
  <testcase name="testWatchForCommitForRetryfailure" classname="org.apache.hadoop.ozone.client.rpc.TestWatchForCommit" time="74.875"/>
  <testcase name="testWatchForCommitForGroupMismatchException" classname="org.apache.hadoop.ozone.client.rpc.TestWatchForCommit" time="31.848"/>
  <testcase name="test2WayCommitForTimeoutException" classname="org.apache.hadoop.ozone.client.rpc.TestWatchForCommit" time="26.523">
    <error message="org.apache.ratis.protocol.RaftRetryFailureException: Failed RaftClientRequest:client-FC2A9799E595-&gt;779b529b-984c-4b64-87cb-a33b74abd8c9@group-7207CBC382EE, cid=103, seq=2*, RW, org.apache.hadoop.hdds.scm.XceiverClientRatis$$Lambda$628/1387511555@298d302 for 20 attempts with RetryLimited(maxAttempts=20, sleepTime=1000ms)" type="java.util.concurrent.ExecutionException">java.util.concurrent.ExecutionException: org.apache.ratis.protocol.RaftRetryFailureException: Failed RaftClientRequest:client-FC2A9799E595->779b529b-984c-4b64-87cb-a33b74abd8c9@group-7207CBC382EE, cid=103, seq=2*, RW, org.apache.hadoop.hdds.scm.XceiverClientRatis$$Lambda$628/1387511555@298d302 for 20 attempts with RetryLimited(maxAttempts=20, sleepTime=1000ms)
	at java.util.concurrent.CompletableFuture.reportGet(CompletableFuture.java:357)
	at java.util.concurrent.CompletableFuture.get(CompletableFuture.java:1895)
	at org.apache.hadoop.ozone.client.rpc.TestWatchForCommit.test2WayCommitForTimeoutException(TestWatchForCommit.java:390)
	at sun.reflect.NativeMethodAccessorImpl.invoke0(Native Method)
	at sun.reflect.NativeMethodAccessorImpl.invoke(NativeMethodAccessorImpl.java:62)
	at sun.reflect.DelegatingMethodAccessorImpl.invoke(DelegatingMethodAccessorImpl.java:43)
	at java.lang.reflect.Method.invoke(Method.java:498)
	at org.junit.runners.model.FrameworkMethod$1.runReflectiveCall(FrameworkMethod.java:47)
	at org.junit.internal.runners.model.ReflectiveCallable.run(ReflectiveCallable.java:12)
	at org.junit.runners.model.FrameworkMethod.invokeExplosively(FrameworkMethod.java:44)
	at org.junit.internal.runners.statements.InvokeMethod.evaluate(InvokeMethod.java:17)
	at org.junit.runners.ParentRunner.runLeaf(ParentRunner.java:271)
	at org.junit.runners.BlockJUnit4ClassRunner.runChild(BlockJUnit4ClassRunner.java:70)
	at org.junit.runners.BlockJUnit4ClassRunner.runChild(BlockJUnit4ClassRunner.java:50)
	at org.junit.runners.ParentRunner$3.run(ParentRunner.java:238)
	at org.junit.runners.ParentRunner$1.schedule(ParentRunner.java:63)
	at org.junit.runners.ParentRunner.runChildren(ParentRunner.java:236)
	at org.junit.runners.ParentRunner.access$000(ParentRunner.java:53)
	at org.junit.runners.ParentRunner$2.evaluate(ParentRunner.java:229)
	at org.junit.runners.ParentRunner.run(ParentRunner.java:309)
	at org.apache.maven.surefire.junit4.JUnit4Provider.execute(JUnit4Provider.java:365)
	at org.apache.maven.surefire.junit4.JUnit4Provider.executeWithRerun(JUnit4Provider.java:273)
	at org.apache.maven.surefire.junit4.JUnit4Provider.executeTestSet(JUnit4Provider.java:238)
	at org.apache.maven.surefire.junit4.JUnit4Provider.invoke(JUnit4Provider.java:159)
	at org.apache.maven.surefire.booter.ForkedBooter.invokeProviderInSameClassLoader(ForkedBooter.java:384)
	at org.apache.maven.surefire.booter.ForkedBooter.runSuitesInProcess(ForkedBooter.java:345)
	at org.apache.maven.surefire.booter.ForkedBooter.execute(ForkedBooter.java:126)
	at org.apache.maven.surefire.booter.ForkedBooter.main(ForkedBooter.java:418)
Caused by: org.apache.ratis.protocol.RaftRetryFailureException: Failed RaftClientRequest:client-FC2A9799E595->779b529b-984c-4b64-87cb-a33b74abd8c9@group-7207CBC382EE, cid=103, seq=2*, RW, org.apache.hadoop.hdds.scm.XceiverClientRatis$$Lambda$628/1387511555@298d302 for 20 attempts with RetryLimited(maxAttempts=20, sleepTime=1000ms)
	at org.apache.ratis.client.impl.RaftClientImpl.noMoreRetries(RaftClientImpl.java:271)
	at org.apache.ratis.client.impl.OrderedAsync.handleAsyncRetryFailure(OrderedAsync.java:138)
	at org.apache.ratis.client.impl.OrderedAsync.lambda$sendRequest$10(OrderedAsync.java:230)
	at java.util.concurrent.CompletableFuture.uniExceptionally(CompletableFuture.java:870)
	at java.util.concurrent.CompletableFuture$UniExceptionally.tryFire(CompletableFuture.java:852)
	at java.util.concurrent.CompletableFuture.postComplete(CompletableFuture.java:474)
	at java.util.concurrent.CompletableFuture.completeExceptionally(CompletableFuture.java:1977)
	at org.apache.ratis.grpc.client.GrpcClientProtocolClient$AsyncStreamObservers.completeReplyExceptionally(GrpcClientProtocolClient.java:345)
	at org.apache.ratis.grpc.client.GrpcClientProtocolClient$AsyncStreamObservers.access$000(GrpcClientProtocolClient.java:261)
	at org.apache.ratis.grpc.client.GrpcClientProtocolClient$AsyncStreamObservers$1.onNext(GrpcClientProtocolClient.java:273)
	at org.apache.ratis.grpc.client.GrpcClientProtocolClient$AsyncStreamObservers$1.onNext(GrpcClientProtocolClient.java:264)
	at org.apache.ratis.thirdparty.io.grpc.stub.ClientCalls$StreamObserverToCallListenerAdapter.onMessage(ClientCalls.java:421)
	at org.apache.ratis.thirdparty.io.grpc.ForwardingClientCallListener.onMessage(ForwardingClientCallListener.java:33)
	at org.apache.ratis.thirdparty.io.grpc.ForwardingClientCallListener.onMessage(ForwardingClientCallListener.java:33)
	at org.apache.ratis.thirdparty.io.grpc.internal.ClientCallImpl$ClientStreamListenerImpl$1MessagesAvailable.runInContext(ClientCallImpl.java:519)
	at org.apache.ratis.thirdparty.io.grpc.internal.ContextRunnable.run(ContextRunnable.java:37)
	at org.apache.ratis.thirdparty.io.grpc.internal.SerializingExecutor.run(SerializingExecutor.java:123)
	at java.util.concurrent.ThreadPoolExecutor.runWorker(ThreadPoolExecutor.java:1149)
	at java.util.concurrent.ThreadPoolExecutor$Worker.run(ThreadPoolExecutor.java:624)
	at java.lang.Thread.run(Thread.java:748)
Caused by: org.apache.ratis.protocol.NotLeaderException: Server 779b529b-984c-4b64-87cb-a33b74abd8c9@group-7207CBC382EE is not the leader
	at org.apache.ratis.client.impl.ClientProtoUtils.toRaftClientReply(ClientProtoUtils.java:243)
	at org.apache.ratis.grpc.client.GrpcClientProtocolClient$AsyncStreamObservers$1.onNext(GrpcClientProtocolClient.java:269)
	... 10 more
</error>
    <system-out><![CDATA[2019-10-03 19:08:42,773 [main] WARN  server.ServerUtils (ServerUtils.java:getScmDbDir(145)) - ozone.scm.db.dirs is not configured. We recommend adding this setting. Falling back to ozone.metadata.dirs instead.
2019-10-03 19:08:42,811 [main] WARN  server.ServerUtils (ServerUtils.java:getScmDbDir(145)) - ozone.scm.db.dirs is not configured. We recommend adding this setting. Falling back to ozone.metadata.dirs instead.
2019-10-03 19:08:42,811 [main] WARN  server.ServerUtils (ServerUtils.java:getScmDbDir(145)) - ozone.scm.db.dirs is not configured. We recommend adding this setting. Falling back to ozone.metadata.dirs instead.
2019-10-03 19:08:42,812 [main] INFO  db.DBStoreBuilder (DBStoreBuilder.java:addTable(117)) - using custom profile for table: deletedBlocks
2019-10-03 19:08:42,812 [main] INFO  db.DBStoreBuilder (DBStoreBuilder.java:processTables(168)) - Using default column profile:DBProfile.DISK for Table:deletedBlocks
2019-10-03 19:08:42,812 [main] INFO  db.DBStoreBuilder (DBStoreBuilder.java:addTable(117)) - using custom profile for table: validCerts
2019-10-03 19:08:42,812 [main] INFO  db.DBStoreBuilder (DBStoreBuilder.java:processTables(168)) - Using default column profile:DBProfile.DISK for Table:validCerts
2019-10-03 19:08:42,812 [main] INFO  db.DBStoreBuilder (DBStoreBuilder.java:addTable(117)) - using custom profile for table: revokedCerts
2019-10-03 19:08:42,813 [main] INFO  db.DBStoreBuilder (DBStoreBuilder.java:processTables(168)) - Using default column profile:DBProfile.DISK for Table:revokedCerts
2019-10-03 19:08:42,813 [main] INFO  db.DBStoreBuilder (DBStoreBuilder.java:addTable(117)) - using custom profile for table: default
2019-10-03 19:08:42,813 [main] INFO  db.DBStoreBuilder (DBStoreBuilder.java:processTables(174)) - Using default column profile:DBProfile.DISK for Table:default
2019-10-03 19:08:42,813 [main] INFO  db.DBStoreBuilder (DBStoreBuilder.java:getDbProfile(205)) - Using default options. DBProfile.DISK
2019-10-03 19:08:43,020 [main] INFO  net.NodeSchemaLoader (NodeSchemaLoader.java:loadSchemaFromFile(125)) - Loading file from sun.misc.CompoundEnumeration@44bc2449
2019-10-03 19:08:43,021 [main] INFO  net.NodeSchemaLoader (NodeSchemaLoader.java:loadSchema(171)) - Loading network topology layer schema file
2019-10-03 19:08:43,026 [main] WARN  server.ServerUtils (ServerUtils.java:sanitizeUserArgs(70)) - ozone.scm.stale.node.interval value = 300000 is larger than max = 100000 based on the key value of ozone.scm.heartbeat.thread.interval, reset to the max value 100000.
2019-10-03 19:08:43,026 [main] WARN  server.ServerUtils (ServerUtils.java:sanitizeUserArgs(70)) - ozone.scm.stale.node.interval value = 300000 is larger than max = 100000 based on the key value of ozone.scm.heartbeat.thread.interval, reset to the max value 100000.
2019-10-03 19:08:43,026 [main] INFO  node.SCMNodeManager (SCMNodeManager.java:<init>(114)) - Entering startup safe mode.
2019-10-03 19:08:43,027 [main] INFO  algorithms.ContainerPlacementPolicyFactory (ContainerPlacementPolicyFactory.java:getPolicy(57)) - Create container placement policy of type org.apache.hadoop.hdds.scm.container.placement.algorithms.SCMContainerPlacementRandom
2019-10-03 19:08:43,027 [main] WARN  server.ServerUtils (ServerUtils.java:getScmDbDir(145)) - ozone.scm.db.dirs is not configured. We recommend adding this setting. Falling back to ozone.metadata.dirs instead.
2019-10-03 19:08:43,122 [main] INFO  pipeline.SCMPipelineManager (SCMPipelineManager.java:initializePipelineState(132)) - No pipeline exists in current db
2019-10-03 19:08:43,122 [main] WARN  server.ServerUtils (ServerUtils.java:getScmDbDir(145)) - ozone.scm.db.dirs is not configured. We recommend adding this setting. Falling back to ozone.metadata.dirs instead.
2019-10-03 19:08:43,224 [main] WARN  events.EventQueue (EventQueue.java:fireEvent(183)) - No event handler registered for event TypedEvent{payloadType=SafeModeStatus, name='SafeModeStatus'}
2019-10-03 19:08:43,225 [main] INFO  ipc.CallQueueManager (CallQueueManager.java:<init>(84)) - Using callQueue: class java.util.concurrent.LinkedBlockingQueue, queueCapacity: 2000, scheduler: class org.apache.hadoop.ipc.DefaultRpcScheduler, ipcBackoff: false.
2019-10-03 19:08:43,226 [Socket Reader #1 for port 46619] INFO  ipc.Server (Server.java:run(1074)) - Starting Socket Reader #1 for port 46619
2019-10-03 19:08:43,229 [main] INFO  ipc.CallQueueManager (CallQueueManager.java:<init>(84)) - Using callQueue: class java.util.concurrent.LinkedBlockingQueue, queueCapacity: 2000, scheduler: class org.apache.hadoop.ipc.DefaultRpcScheduler, ipcBackoff: false.
2019-10-03 19:08:43,230 [Socket Reader #1 for port 38299] INFO  ipc.Server (Server.java:run(1074)) - Starting Socket Reader #1 for port 38299
2019-10-03 19:08:43,233 [main] INFO  ipc.CallQueueManager (CallQueueManager.java:<init>(84)) - Using callQueue: class java.util.concurrent.LinkedBlockingQueue, queueCapacity: 2000, scheduler: class org.apache.hadoop.ipc.DefaultRpcScheduler, ipcBackoff: false.
2019-10-03 19:08:43,234 [Socket Reader #1 for port 42830] INFO  ipc.Server (Server.java:run(1074)) - Starting Socket Reader #1 for port 42830
2019-10-03 19:08:43,237 [main] INFO  hdfs.DFSUtil (DFSUtil.java:httpServerTemplateForNNAndJN(1641)) - Starting Web-server for scm at: http://0.0.0.0:0
2019-10-03 19:08:43,240 [main] INFO  server.AuthenticationFilter (AuthenticationFilter.java:constructSecretProvider(240)) - Unable to initialize FileSignerSecretProvider, falling back to use random secrets.
2019-10-03 19:08:43,241 [main] WARN  http.HttpRequestLog (HttpRequestLog.java:getRequestLog(97)) - Jetty request log can only be enabled using Log4j
2019-10-03 19:08:43,244 [main] INFO  http.HttpServer2 (HttpServer2.java:addGlobalFilter(975)) - Added global filter 'safety' (class=org.apache.hadoop.http.HttpServer2$QuotingInputFilter)
2019-10-03 19:08:43,245 [main] INFO  http.HttpServer2 (HttpServer2.java:addFilter(948)) - Added filter static_user_filter (class=org.apache.hadoop.http.lib.StaticUserWebFilter$StaticUserFilter) to context scm
2019-10-03 19:08:43,245 [main] INFO  http.HttpServer2 (HttpServer2.java:addFilter(958)) - Added filter static_user_filter (class=org.apache.hadoop.http.lib.StaticUserWebFilter$StaticUserFilter) to context logs
2019-10-03 19:08:43,245 [main] INFO  http.HttpServer2 (HttpServer2.java:addFilter(958)) - Added filter static_user_filter (class=org.apache.hadoop.http.lib.StaticUserWebFilter$StaticUserFilter) to context static
2019-10-03 19:08:43,248 [main] INFO  server.StorageContainerManager (StorageContainerManager.java:start(770)) - StorageContainerLocationProtocol RPC server is listening at /0.0.0.0:42830
2019-10-03 19:08:43,251 [main] WARN  impl.MetricsConfig (MetricsConfig.java:loadFirst(134)) - Cannot locate configuration: tried hadoop-metrics2-storagecontainermanager.properties,hadoop-metrics2.properties
2019-10-03 19:08:43,252 [main] INFO  impl.MetricsSystemImpl (MetricsSystemImpl.java:startTimer(374)) - Scheduled Metric snapshot period at 10 second(s).
2019-10-03 19:08:43,252 [main] INFO  impl.MetricsSystemImpl (MetricsSystemImpl.java:start(191)) - StorageContainerManager metrics system started
2019-10-03 19:08:43,325 [main] WARN  impl.MetricsSystemImpl (MetricsSystemImpl.java:register(276)) - Sink prometheus already exists!
2019-10-03 19:08:43,412 [main] INFO  server.SCMClientProtocolServer (SCMClientProtocolServer.java:start(159)) - RPC server for Client  is listening at /0.0.0.0:42830
2019-10-03 19:08:43,413 [IPC Server Responder] INFO  ipc.Server (Server.java:run(1314)) - IPC Server Responder: starting
2019-10-03 19:08:43,413 [IPC Server listener on 42830] INFO  ipc.Server (Server.java:run(1153)) - IPC Server listener on 42830: starting
2019-10-03 19:08:43,418 [main] INFO  server.StorageContainerManager (StorageContainerManager.java:start(780)) - ScmBlockLocationProtocol RPC server is listening at /0.0.0.0:38299
2019-10-03 19:08:43,418 [main] INFO  server.SCMBlockProtocolServer (SCMBlockProtocolServer.java:start(146)) - RPC server for Block Protocol is listening at /0.0.0.0:38299
2019-10-03 19:08:43,419 [IPC Server Responder] INFO  ipc.Server (Server.java:run(1314)) - IPC Server Responder: starting
2019-10-03 19:08:43,419 [IPC Server listener on 38299] INFO  ipc.Server (Server.java:run(1153)) - IPC Server listener on 38299: starting
2019-10-03 19:08:43,421 [main] INFO  server.StorageContainerManager (StorageContainerManager.java:start(784)) - ScmDatanodeProtocl RPC server is listening at /0.0.0.0:46619
2019-10-03 19:08:43,422 [main] INFO  server.SCMDatanodeProtocolServer (SCMDatanodeProtocolServer.java:start(169)) - RPC server for DataNodes is listening at /0.0.0.0:46619
2019-10-03 19:08:43,422 [IPC Server Responder] INFO  ipc.Server (Server.java:run(1314)) - IPC Server Responder: starting
2019-10-03 19:08:43,422 [IPC Server listener on 46619] INFO  ipc.Server (Server.java:run(1153)) - IPC Server listener on 46619: starting
2019-10-03 19:08:43,425 [main] INFO  http.HttpServer2 (HttpServer2.java:bindListener(1191)) - Jetty bound to port 43732
2019-10-03 19:08:43,425 [main] INFO  server.Server (Server.java:doStart(351)) - jetty-9.3.25.v20180904, build timestamp: 2018-09-04T21:11:46Z, git hash: 3ce520221d0240229c862b122d2b06c12a625732
2019-10-03 19:08:43,427 [main] INFO  handler.ContextHandler (ContextHandler.java:doStart(781)) - Started o.e.j.s.ServletContextHandler@102c18e{/logs,file:///workdir/hadoop-ozone/integration-test/target/log,AVAILABLE}
2019-10-03 19:08:43,428 [main] INFO  handler.ContextHandler (ContextHandler.java:doStart(781)) - Started o.e.j.s.ServletContextHandler@65eb3597{/static,file:///workdir/hadoop-ozone/integration-test/target/test-classes/webapps/static,AVAILABLE}
2019-10-03 19:08:43,433 [main] INFO  handler.ContextHandler (ContextHandler.java:doStart(781)) - Started o.e.j.w.WebAppContext@4aed311e{/,file:///workdir/hadoop-ozone/integration-test/target/test-classes/webapps/scm/,AVAILABLE}{/scm}
2019-10-03 19:08:43,433 [main] INFO  server.AbstractConnector (AbstractConnector.java:doStart(278)) - Started ServerConnector@4c38cd16{HTTP/1.1,[http/1.1]}{0.0.0.0:43732}
2019-10-03 19:08:43,434 [main] INFO  server.Server (Server.java:doStart(419)) - Started @250770ms
2019-10-03 19:08:43,434 [main] WARN  impl.MetricsSystemImpl (MetricsSystemImpl.java:register(276)) - Sink prometheus already exists!
2019-10-03 19:08:43,435 [main] INFO  server.BaseHttpServer (BaseHttpServer.java:updateConnectorAddress(215)) - HTTP server of SCM is listening at http://0.0.0.0:43732
2019-10-03 19:08:43,437 [main] WARN  server.ServerUtils (ServerUtils.java:getDBPath(222)) - ozone.om.db.dirs is not configured. We recommend adding this setting. Falling back to ozone.metadata.dirs instead.
2019-10-03 19:08:43,437 [org.apache.hadoop.util.JvmPauseMonitor$Monitor@f5bf288] INFO  util.JvmPauseMonitor (JvmPauseMonitor.java:run(188)) - Starting JVM pause monitor
2019-10-03 19:08:43,451 [main] INFO  ha.OMHANodeDetails (OMHANodeDetails.java:loadOMHAConfig(190)) - Configuration either no ozone.om.address set. Falling back to the default OM address /127.0.0.1:0
2019-10-03 19:08:43,451 [main] INFO  ha.OMHANodeDetails (OMHANodeDetails.java:getOMNodeDetails(220)) - OM Service ID is not set. Setting it to the default ID: omServiceIdDefault
2019-10-03 19:08:43,451 [main] WARN  server.ServerUtils (ServerUtils.java:getDBPath(222)) - ozone.om.db.dirs is not configured. We recommend adding this setting. Falling back to ozone.metadata.dirs instead.
2019-10-03 19:08:43,452 [main] WARN  server.ServerUtils (ServerUtils.java:getDBPath(222)) - ozone.om.db.dirs is not configured. We recommend adding this setting. Falling back to ozone.metadata.dirs instead.
2019-10-03 19:08:43,464 [main] WARN  server.ServerUtils (ServerUtils.java:getDBPath(222)) - ozone.om.db.dirs is not configured. We recommend adding this setting. Falling back to ozone.metadata.dirs instead.
2019-10-03 19:08:43,464 [main] INFO  db.DBStoreBuilder (DBStoreBuilder.java:addTable(117)) - using custom profile for table: userTable
2019-10-03 19:08:43,464 [main] INFO  db.DBStoreBuilder (DBStoreBuilder.java:processTables(168)) - Using default column profile:DBProfile.DISK for Table:userTable
2019-10-03 19:08:43,465 [main] INFO  db.DBStoreBuilder (DBStoreBuilder.java:addTable(117)) - using custom profile for table: volumeTable
2019-10-03 19:08:43,465 [main] INFO  db.DBStoreBuilder (DBStoreBuilder.java:processTables(168)) - Using default column profile:DBProfile.DISK for Table:volumeTable
2019-10-03 19:08:43,465 [main] INFO  db.DBStoreBuilder (DBStoreBuilder.java:addTable(117)) - using custom profile for table: bucketTable
2019-10-03 19:08:43,465 [main] INFO  db.DBStoreBuilder (DBStoreBuilder.java:processTables(168)) - Using default column profile:DBProfile.DISK for Table:bucketTable
2019-10-03 19:08:43,466 [main] INFO  db.DBStoreBuilder (DBStoreBuilder.java:addTable(117)) - using custom profile for table: keyTable
2019-10-03 19:08:43,466 [main] INFO  db.DBStoreBuilder (DBStoreBuilder.java:processTables(168)) - Using default column profile:DBProfile.DISK for Table:keyTable
2019-10-03 19:08:43,466 [main] INFO  db.DBStoreBuilder (DBStoreBuilder.java:addTable(117)) - using custom profile for table: deletedTable
2019-10-03 19:08:43,466 [main] INFO  db.DBStoreBuilder (DBStoreBuilder.java:processTables(168)) - Using default column profile:DBProfile.DISK for Table:deletedTable
2019-10-03 19:08:43,466 [main] INFO  db.DBStoreBuilder (DBStoreBuilder.java:addTable(117)) - using custom profile for table: openKeyTable
2019-10-03 19:08:43,467 [main] INFO  db.DBStoreBuilder (DBStoreBuilder.java:processTables(168)) - Using default column profile:DBProfile.DISK for Table:openKeyTable
2019-10-03 19:08:43,467 [main] INFO  db.DBStoreBuilder (DBStoreBuilder.java:addTable(117)) - using custom profile for table: s3Table
2019-10-03 19:08:43,467 [main] INFO  db.DBStoreBuilder (DBStoreBuilder.java:processTables(168)) - Using default column profile:DBProfile.DISK for Table:s3Table
2019-10-03 19:08:43,467 [main] INFO  db.DBStoreBuilder (DBStoreBuilder.java:addTable(117)) - using custom profile for table: multipartInfoTable
2019-10-03 19:08:43,467 [main] INFO  db.DBStoreBuilder (DBStoreBuilder.java:processTables(168)) - Using default column profile:DBProfile.DISK for Table:multipartInfoTable
2019-10-03 19:08:43,468 [main] INFO  db.DBStoreBuilder (DBStoreBuilder.java:addTable(117)) - using custom profile for table: dTokenTable
2019-10-03 19:08:43,468 [main] INFO  db.DBStoreBuilder (DBStoreBuilder.java:processTables(168)) - Using default column profile:DBProfile.DISK for Table:dTokenTable
2019-10-03 19:08:43,468 [main] INFO  db.DBStoreBuilder (DBStoreBuilder.java:addTable(117)) - using custom profile for table: s3SecretTable
2019-10-03 19:08:43,468 [main] INFO  db.DBStoreBuilder (DBStoreBuilder.java:processTables(168)) - Using default column profile:DBProfile.DISK for Table:s3SecretTable
2019-10-03 19:08:43,469 [main] INFO  db.DBStoreBuilder (DBStoreBuilder.java:addTable(117)) - using custom profile for table: prefixTable
2019-10-03 19:08:43,469 [main] INFO  db.DBStoreBuilder (DBStoreBuilder.java:processTables(168)) - Using default column profile:DBProfile.DISK for Table:prefixTable
2019-10-03 19:08:43,469 [main] INFO  db.DBStoreBuilder (DBStoreBuilder.java:addTable(117)) - using custom profile for table: default
2019-10-03 19:08:43,469 [main] INFO  db.DBStoreBuilder (DBStoreBuilder.java:processTables(174)) - Using default column profile:DBProfile.DISK for Table:default
2019-10-03 19:08:43,469 [main] INFO  db.DBStoreBuilder (DBStoreBuilder.java:getDbProfile(205)) - Using default options. DBProfile.DISK
2019-10-03 19:08:44,099 [main] INFO  ipc.CallQueueManager (CallQueueManager.java:<init>(84)) - Using callQueue: class java.util.concurrent.LinkedBlockingQueue, queueCapacity: 2000, scheduler: class org.apache.hadoop.ipc.DefaultRpcScheduler, ipcBackoff: false.
2019-10-03 19:08:44,100 [Socket Reader #1 for port 40438] INFO  ipc.Server (Server.java:run(1074)) - Starting Socket Reader #1 for port 40438
2019-10-03 19:08:44,115 [main] INFO  om.OzoneManager (OzoneManager.java:start(1069)) - OzoneManager RPC server is listening at localhost/127.0.0.1:40438
2019-10-03 19:08:44,116 [main] INFO  impl.MetricsSystemImpl (MetricsSystemImpl.java:init(158)) - OzoneManager metrics system started (again)
2019-10-03 19:08:44,117 [IPC Server Responder] INFO  ipc.Server (Server.java:run(1314)) - IPC Server Responder: starting
2019-10-03 19:08:44,117 [IPC Server listener on 40438] INFO  ipc.Server (Server.java:run(1153)) - IPC Server listener on 40438: starting
2019-10-03 19:08:44,123 [main] INFO  hdfs.DFSUtil (DFSUtil.java:httpServerTemplateForNNAndJN(1641)) - Starting Web-server for ozoneManager at: http://0.0.0.0:0
2019-10-03 19:08:44,125 [main] INFO  server.AuthenticationFilter (AuthenticationFilter.java:constructSecretProvider(240)) - Unable to initialize FileSignerSecretProvider, falling back to use random secrets.
2019-10-03 19:08:44,125 [main] WARN  http.HttpRequestLog (HttpRequestLog.java:getRequestLog(97)) - Jetty request log can only be enabled using Log4j
2019-10-03 19:08:44,127 [main] INFO  http.HttpServer2 (HttpServer2.java:addGlobalFilter(975)) - Added global filter 'safety' (class=org.apache.hadoop.http.HttpServer2$QuotingInputFilter)
2019-10-03 19:08:44,128 [main] INFO  http.HttpServer2 (HttpServer2.java:addFilter(948)) - Added filter static_user_filter (class=org.apache.hadoop.http.lib.StaticUserWebFilter$StaticUserFilter) to context ozoneManager
2019-10-03 19:08:44,128 [main] INFO  http.HttpServer2 (HttpServer2.java:addFilter(958)) - Added filter static_user_filter (class=org.apache.hadoop.http.lib.StaticUserWebFilter$StaticUserFilter) to context static
2019-10-03 19:08:44,128 [main] INFO  http.HttpServer2 (HttpServer2.java:addFilter(958)) - Added filter static_user_filter (class=org.apache.hadoop.http.lib.StaticUserWebFilter$StaticUserFilter) to context logs
2019-10-03 19:08:44,129 [main] INFO  http.HttpServer2 (HttpServer2.java:bindListener(1191)) - Jetty bound to port 39515
2019-10-03 19:08:44,129 [main] INFO  server.Server (Server.java:doStart(351)) - jetty-9.3.25.v20180904, build timestamp: 2018-09-04T21:11:46Z, git hash: 3ce520221d0240229c862b122d2b06c12a625732
2019-10-03 19:08:44,131 [main] INFO  handler.ContextHandler (ContextHandler.java:doStart(781)) - Started o.e.j.s.ServletContextHandler@1a2ac487{/logs,file:///workdir/hadoop-ozone/integration-test/target/log,AVAILABLE}
2019-10-03 19:08:44,132 [main] INFO  handler.ContextHandler (ContextHandler.java:doStart(781)) - Started o.e.j.s.ServletContextHandler@36224f93{/static,file:///workdir/hadoop-ozone/integration-test/target/test-classes/webapps/static,AVAILABLE}
2019-10-03 19:08:44,149 [main] INFO  handler.ContextHandler (ContextHandler.java:doStart(781)) - Started o.e.j.w.WebAppContext@4f114b{/,file:///workdir/hadoop-ozone/integration-test/target/test-classes/webapps/ozoneManager/,AVAILABLE}{/ozoneManager}
2019-10-03 19:08:44,149 [main] INFO  server.AbstractConnector (AbstractConnector.java:doStart(278)) - Started ServerConnector@257f30f7{HTTP/1.1,[http/1.1]}{0.0.0.0:39515}
2019-10-03 19:08:44,151 [main] INFO  server.Server (Server.java:doStart(419)) - Started @251487ms
2019-10-03 19:08:44,151 [main] WARN  impl.MetricsSystemImpl (MetricsSystemImpl.java:register(276)) - Sink prometheus already exists!
2019-10-03 19:08:44,152 [main] INFO  server.BaseHttpServer (BaseHttpServer.java:updateConnectorAddress(215)) - HTTP server of OZONEMANAGER is listening at http://0.0.0.0:39515
2019-10-03 19:08:44,170 [main] INFO  impl.MetricsSystemImpl (MetricsSystemImpl.java:init(158)) - HddsDatanode metrics system started (again)
2019-10-03 19:08:44,174 [main] INFO  ozone.HddsDatanodeService (HddsDatanodeService.java:start(184)) - HddsDatanodeService host:pr-hdds-1720-trunk-rd9ht-2257799243 ip:192.168.157.195
2019-10-03 19:08:44,182 [main] INFO  volume.HddsVolume (HddsVolume.java:<init>(176)) - Creating Volume: /workdir/hadoop-ozone/integration-test/target/test-dir/MiniOzoneClusterImpl-32ce1286-658f-4fcc-af14-234b6f62532c/datanode-0/data/containers/hdds of  storage type : DISK and capacity : 1482555576320
2019-10-03 19:08:44,182 [main] INFO  volume.VolumeSet (VolumeSet.java:initializeVolumeSet(170)) - Added Volume : /workdir/hadoop-ozone/integration-test/target/test-dir/MiniOzoneClusterImpl-32ce1286-658f-4fcc-af14-234b6f62532c/datanode-0/data/containers/hdds to VolumeSet
2019-10-03 19:08:44,183 [main] INFO  volume.ThrottledAsyncChecker (ThrottledAsyncChecker.java:schedule(139)) - Scheduling a check for org.apache.hadoop.ozone.container.common.volume.HddsVolume@4c18516
2019-10-03 19:08:44,183 [main] INFO  volume.HddsVolumeChecker (HddsVolumeChecker.java:checkAllVolumes(202)) - Scheduled health check for volume org.apache.hadoop.ozone.container.common.volume.HddsVolume@4c18516
2019-10-03 19:08:44,201 [main] INFO  impl.RaftServerProxy (ConfUtils.java:logGet(43)) - raft.rpc.type = GRPC (default)
2019-10-03 19:08:44,201 [main] INFO  grpc.GrpcFactory (GrpcFactory.java:checkPooledByteBufAllocatorUseCacheForAllThreads(45)) - PERFORMANCE WARNING: useCacheForAllThreads is true that may cause Netty to create a lot garbage objects and, as a result, trigger GC.
	It is recommended to disable useCacheForAllThreads by setting -Dorg.apache.ratis.thirdparty.io.netty.allocator.useCacheForAllThreads=false in command line.
2019-10-03 19:08:44,202 [main] INFO  grpc.GrpcConfigKeys$Server (ConfUtils.java:logGet(43)) - raft.grpc.server.port = 0 (default)
2019-10-03 19:08:44,202 [main] INFO  server.GrpcService (ConfUtils.java:logGet(43)) - raft.grpc.message.size.max = 33570816 (custom)
2019-10-03 19:08:44,202 [main] INFO  server.RaftServerConfigKeys (ConfUtils.java:logGet(43)) - raft.server.log.appender.buffer.byte-limit = 33554432 (custom)
2019-10-03 19:08:44,202 [main] INFO  server.GrpcService (ConfUtils.java:logGet(43)) - raft.grpc.flow.control.window = 1MB (=1048576) (default)
2019-10-03 19:08:44,203 [main] INFO  server.RaftServerConfigKeys (ConfUtils.java:logGet(43)) - raft.server.rpc.request.timeout = 3000ms (default)
2019-10-03 19:08:44,203 [main] INFO  server.RaftServerConfigKeys (ConfUtils.java:logGet(43)) - raft.server.storage.dir = [/workdir/hadoop-ozone/integration-test/target/test-dir/MiniOzoneClusterImpl-32ce1286-658f-4fcc-af14-234b6f62532c/datanode-0/data/ratis] (custom)
2019-10-03 19:08:44,205 [main] INFO  hdfs.DFSUtil (DFSUtil.java:httpServerTemplateForNNAndJN(1641)) - Starting Web-server for hddsDatanode at: http://0.0.0.0:0
2019-10-03 19:08:44,206 [main] INFO  server.AuthenticationFilter (AuthenticationFilter.java:constructSecretProvider(240)) - Unable to initialize FileSignerSecretProvider, falling back to use random secrets.
2019-10-03 19:08:44,207 [main] WARN  http.HttpRequestLog (HttpRequestLog.java:getRequestLog(97)) - Jetty request log can only be enabled using Log4j
2019-10-03 19:08:44,208 [main] INFO  http.HttpServer2 (HttpServer2.java:addGlobalFilter(975)) - Added global filter 'safety' (class=org.apache.hadoop.http.HttpServer2$QuotingInputFilter)
2019-10-03 19:08:44,209 [main] INFO  http.HttpServer2 (HttpServer2.java:addFilter(948)) - Added filter static_user_filter (class=org.apache.hadoop.http.lib.StaticUserWebFilter$StaticUserFilter) to context hddsDatanode
2019-10-03 19:08:44,209 [main] INFO  http.HttpServer2 (HttpServer2.java:addFilter(958)) - Added filter static_user_filter (class=org.apache.hadoop.http.lib.StaticUserWebFilter$StaticUserFilter) to context logs
2019-10-03 19:08:44,209 [main] INFO  http.HttpServer2 (HttpServer2.java:addFilter(958)) - Added filter static_user_filter (class=org.apache.hadoop.http.lib.StaticUserWebFilter$StaticUserFilter) to context static
2019-10-03 19:08:44,210 [main] INFO  http.HttpServer2 (HttpServer2.java:bindListener(1191)) - Jetty bound to port 39562
2019-10-03 19:08:44,210 [main] INFO  server.Server (Server.java:doStart(351)) - jetty-9.3.25.v20180904, build timestamp: 2018-09-04T21:11:46Z, git hash: 3ce520221d0240229c862b122d2b06c12a625732
2019-10-03 19:08:44,212 [main] INFO  handler.ContextHandler (ContextHandler.java:doStart(781)) - Started o.e.j.s.ServletContextHandler@7b96de8d{/logs,file:///workdir/hadoop-ozone/integration-test/target/log,AVAILABLE}
2019-10-03 19:08:44,213 [main] INFO  handler.ContextHandler (ContextHandler.java:doStart(781)) - Started o.e.j.s.ServletContextHandler@4dc52559{/static,jar:file:/home/user/.m2/repository/org/apache/hadoop/hadoop-hdds-container-service/0.5.0-SNAPSHOT/hadoop-hdds-container-service-0.5.0-SNAPSHOT.jar!/webapps/static,AVAILABLE}
2019-10-03 19:08:44,249 [main] INFO  handler.ContextHandler (ContextHandler.java:doStart(781)) - Started o.e.j.w.WebAppContext@50598a1a{/,file:///tmp/jetty-0.0.0.0-39562-hddsDatanode-_-any-478170492628471643.dir/webapp/,AVAILABLE}{/hddsDatanode}
2019-10-03 19:08:44,249 [main] INFO  server.AbstractConnector (AbstractConnector.java:doStart(278)) - Started ServerConnector@14de1901{HTTP/1.1,[http/1.1]}{0.0.0.0:39562}
2019-10-03 19:08:44,251 [main] INFO  server.Server (Server.java:doStart(419)) - Started @251587ms
2019-10-03 19:08:44,251 [main] WARN  impl.MetricsSystemImpl (MetricsSystemImpl.java:register(276)) - Sink prometheus already exists!
2019-10-03 19:08:44,252 [main] INFO  server.BaseHttpServer (BaseHttpServer.java:updateConnectorAddress(215)) - HTTP server of HDDSDATANODE is listening at http://0.0.0.0:39562
2019-10-03 19:08:44,253 [main] INFO  impl.MetricsSystemImpl (MetricsSystemImpl.java:init(158)) - HddsDatanode metrics system started (again)
2019-10-03 19:08:44,258 [org.apache.hadoop.util.JvmPauseMonitor$Monitor@73c76757] INFO  util.JvmPauseMonitor (JvmPauseMonitor.java:run(188)) - Starting JVM pause monitor
2019-10-03 19:08:44,259 [main] INFO  ozone.HddsDatanodeService (HddsDatanodeService.java:start(184)) - HddsDatanodeService host:pr-hdds-1720-trunk-rd9ht-2257799243 ip:192.168.157.195
2019-10-03 19:08:44,260 [Datanode State Machine Thread - 0] INFO  datanode.InitDatanodeState (InitDatanodeState.java:persistContainerDatanodeDetails(140)) - DatanodeDetails is persisted to /workdir/hadoop-ozone/integration-test/target/test-dir/MiniOzoneClusterImpl-32ce1286-658f-4fcc-af14-234b6f62532c/datanode-0/meta/datanode.id
2019-10-03 19:08:44,266 [main] INFO  volume.HddsVolume (HddsVolume.java:<init>(176)) - Creating Volume: /workdir/hadoop-ozone/integration-test/target/test-dir/MiniOzoneClusterImpl-32ce1286-658f-4fcc-af14-234b6f62532c/datanode-1/data/containers/hdds of  storage type : DISK and capacity : 1482555576320
2019-10-03 19:08:44,267 [main] INFO  volume.VolumeSet (VolumeSet.java:initializeVolumeSet(170)) - Added Volume : /workdir/hadoop-ozone/integration-test/target/test-dir/MiniOzoneClusterImpl-32ce1286-658f-4fcc-af14-234b6f62532c/datanode-1/data/containers/hdds to VolumeSet
2019-10-03 19:08:44,267 [main] INFO  volume.ThrottledAsyncChecker (ThrottledAsyncChecker.java:schedule(139)) - Scheduling a check for org.apache.hadoop.ozone.container.common.volume.HddsVolume@350da119
2019-10-03 19:08:44,268 [main] INFO  volume.HddsVolumeChecker (HddsVolumeChecker.java:checkAllVolumes(202)) - Scheduled health check for volume org.apache.hadoop.ozone.container.common.volume.HddsVolume@350da119
2019-10-03 19:08:44,286 [main] INFO  impl.RaftServerProxy (ConfUtils.java:logGet(43)) - raft.rpc.type = GRPC (default)
2019-10-03 19:08:44,287 [main] INFO  grpc.GrpcFactory (GrpcFactory.java:checkPooledByteBufAllocatorUseCacheForAllThreads(45)) - PERFORMANCE WARNING: useCacheForAllThreads is true that may cause Netty to create a lot garbage objects and, as a result, trigger GC.
	It is recommended to disable useCacheForAllThreads by setting -Dorg.apache.ratis.thirdparty.io.netty.allocator.useCacheForAllThreads=false in command line.
2019-10-03 19:08:44,287 [main] INFO  grpc.GrpcConfigKeys$Server (ConfUtils.java:logGet(43)) - raft.grpc.server.port = 0 (default)
2019-10-03 19:08:44,287 [main] INFO  server.GrpcService (ConfUtils.java:logGet(43)) - raft.grpc.message.size.max = 33570816 (custom)
2019-10-03 19:08:44,288 [main] INFO  server.RaftServerConfigKeys (ConfUtils.java:logGet(43)) - raft.server.log.appender.buffer.byte-limit = 33554432 (custom)
2019-10-03 19:08:44,288 [main] INFO  server.GrpcService (ConfUtils.java:logGet(43)) - raft.grpc.flow.control.window = 1MB (=1048576) (default)
2019-10-03 19:08:44,288 [main] INFO  server.RaftServerConfigKeys (ConfUtils.java:logGet(43)) - raft.server.rpc.request.timeout = 3000ms (default)
2019-10-03 19:08:44,289 [main] INFO  server.RaftServerConfigKeys (ConfUtils.java:logGet(43)) - raft.server.storage.dir = [/workdir/hadoop-ozone/integration-test/target/test-dir/MiniOzoneClusterImpl-32ce1286-658f-4fcc-af14-234b6f62532c/datanode-1/data/ratis] (custom)
2019-10-03 19:08:44,290 [main] INFO  hdfs.DFSUtil (DFSUtil.java:httpServerTemplateForNNAndJN(1641)) - Starting Web-server for hddsDatanode at: http://0.0.0.0:0
2019-10-03 19:08:44,292 [main] INFO  server.AuthenticationFilter (AuthenticationFilter.java:constructSecretProvider(240)) - Unable to initialize FileSignerSecretProvider, falling back to use random secrets.
2019-10-03 19:08:44,292 [main] WARN  http.HttpRequestLog (HttpRequestLog.java:getRequestLog(97)) - Jetty request log can only be enabled using Log4j
2019-10-03 19:08:44,294 [main] INFO  http.HttpServer2 (HttpServer2.java:addGlobalFilter(975)) - Added global filter 'safety' (class=org.apache.hadoop.http.HttpServer2$QuotingInputFilter)
2019-10-03 19:08:44,295 [main] INFO  http.HttpServer2 (HttpServer2.java:addFilter(948)) - Added filter static_user_filter (class=org.apache.hadoop.http.lib.StaticUserWebFilter$StaticUserFilter) to context hddsDatanode
2019-10-03 19:08:44,295 [main] INFO  http.HttpServer2 (HttpServer2.java:addFilter(958)) - Added filter static_user_filter (class=org.apache.hadoop.http.lib.StaticUserWebFilter$StaticUserFilter) to context static
2019-10-03 19:08:44,295 [main] INFO  http.HttpServer2 (HttpServer2.java:addFilter(958)) - Added filter static_user_filter (class=org.apache.hadoop.http.lib.StaticUserWebFilter$StaticUserFilter) to context logs
2019-10-03 19:08:44,296 [main] INFO  http.HttpServer2 (HttpServer2.java:bindListener(1191)) - Jetty bound to port 42227
2019-10-03 19:08:44,296 [main] INFO  server.Server (Server.java:doStart(351)) - jetty-9.3.25.v20180904, build timestamp: 2018-09-04T21:11:46Z, git hash: 3ce520221d0240229c862b122d2b06c12a625732
2019-10-03 19:08:44,298 [main] INFO  handler.ContextHandler (ContextHandler.java:doStart(781)) - Started o.e.j.s.ServletContextHandler@71936a92{/logs,file:///workdir/hadoop-ozone/integration-test/target/log,AVAILABLE}
2019-10-03 19:08:44,298 [main] INFO  handler.ContextHandler (ContextHandler.java:doStart(781)) - Started o.e.j.s.ServletContextHandler@2dc39b53{/static,jar:file:/home/user/.m2/repository/org/apache/hadoop/hadoop-hdds-container-service/0.5.0-SNAPSHOT/hadoop-hdds-container-service-0.5.0-SNAPSHOT.jar!/webapps/static,AVAILABLE}
2019-10-03 19:08:44,336 [main] INFO  handler.ContextHandler (ContextHandler.java:doStart(781)) - Started o.e.j.w.WebAppContext@675b18ff{/,file:///tmp/jetty-0.0.0.0-42227-hddsDatanode-_-any-2730838311392518736.dir/webapp/,AVAILABLE}{/hddsDatanode}
2019-10-03 19:08:44,336 [main] INFO  server.AbstractConnector (AbstractConnector.java:doStart(278)) - Started ServerConnector@34279b8a{HTTP/1.1,[http/1.1]}{0.0.0.0:42227}
2019-10-03 19:08:44,338 [main] INFO  server.Server (Server.java:doStart(419)) - Started @251674ms
2019-10-03 19:08:44,339 [main] WARN  impl.MetricsSystemImpl (MetricsSystemImpl.java:register(276)) - Sink prometheus already exists!
2019-10-03 19:08:44,339 [main] INFO  server.BaseHttpServer (BaseHttpServer.java:updateConnectorAddress(215)) - HTTP server of HDDSDATANODE is listening at http://0.0.0.0:42227
2019-10-03 19:08:44,340 [main] INFO  impl.MetricsSystemImpl (MetricsSystemImpl.java:init(158)) - HddsDatanode metrics system started (again)
2019-10-03 19:08:44,344 [org.apache.hadoop.util.JvmPauseMonitor$Monitor@3ba45f19] INFO  util.JvmPauseMonitor (JvmPauseMonitor.java:run(188)) - Starting JVM pause monitor
2019-10-03 19:08:44,345 [main] INFO  ozone.HddsDatanodeService (HddsDatanodeService.java:start(184)) - HddsDatanodeService host:pr-hdds-1720-trunk-rd9ht-2257799243 ip:192.168.157.195
2019-10-03 19:08:44,346 [Datanode State Machine Thread - 0] INFO  datanode.InitDatanodeState (InitDatanodeState.java:persistContainerDatanodeDetails(140)) - DatanodeDetails is persisted to /workdir/hadoop-ozone/integration-test/target/test-dir/MiniOzoneClusterImpl-32ce1286-658f-4fcc-af14-234b6f62532c/datanode-1/meta/datanode.id
2019-10-03 19:08:44,351 [main] INFO  volume.HddsVolume (HddsVolume.java:<init>(176)) - Creating Volume: /workdir/hadoop-ozone/integration-test/target/test-dir/MiniOzoneClusterImpl-32ce1286-658f-4fcc-af14-234b6f62532c/datanode-2/data/containers/hdds of  storage type : DISK and capacity : 1482555576320
2019-10-03 19:08:44,351 [main] INFO  volume.VolumeSet (VolumeSet.java:initializeVolumeSet(170)) - Added Volume : /workdir/hadoop-ozone/integration-test/target/test-dir/MiniOzoneClusterImpl-32ce1286-658f-4fcc-af14-234b6f62532c/datanode-2/data/containers/hdds to VolumeSet
2019-10-03 19:08:44,351 [main] INFO  volume.ThrottledAsyncChecker (ThrottledAsyncChecker.java:schedule(139)) - Scheduling a check for org.apache.hadoop.ozone.container.common.volume.HddsVolume@49a38b1
2019-10-03 19:08:44,352 [main] INFO  volume.HddsVolumeChecker (HddsVolumeChecker.java:checkAllVolumes(202)) - Scheduled health check for volume org.apache.hadoop.ozone.container.common.volume.HddsVolume@49a38b1
2019-10-03 19:08:44,366 [main] INFO  impl.RaftServerProxy (ConfUtils.java:logGet(43)) - raft.rpc.type = GRPC (default)
2019-10-03 19:08:44,366 [main] INFO  grpc.GrpcFactory (GrpcFactory.java:checkPooledByteBufAllocatorUseCacheForAllThreads(45)) - PERFORMANCE WARNING: useCacheForAllThreads is true that may cause Netty to create a lot garbage objects and, as a result, trigger GC.
	It is recommended to disable useCacheForAllThreads by setting -Dorg.apache.ratis.thirdparty.io.netty.allocator.useCacheForAllThreads=false in command line.
2019-10-03 19:08:44,366 [main] INFO  grpc.GrpcConfigKeys$Server (ConfUtils.java:logGet(43)) - raft.grpc.server.port = 0 (default)
2019-10-03 19:08:44,366 [main] INFO  server.GrpcService (ConfUtils.java:logGet(43)) - raft.grpc.message.size.max = 33570816 (custom)
2019-10-03 19:08:44,367 [main] INFO  server.RaftServerConfigKeys (ConfUtils.java:logGet(43)) - raft.server.log.appender.buffer.byte-limit = 33554432 (custom)
2019-10-03 19:08:44,367 [main] INFO  server.GrpcService (ConfUtils.java:logGet(43)) - raft.grpc.flow.control.window = 1MB (=1048576) (default)
2019-10-03 19:08:44,367 [main] INFO  server.RaftServerConfigKeys (ConfUtils.java:logGet(43)) - raft.server.rpc.request.timeout = 3000ms (default)
2019-10-03 19:08:44,367 [main] INFO  server.RaftServerConfigKeys (ConfUtils.java:logGet(43)) - raft.server.storage.dir = [/workdir/hadoop-ozone/integration-test/target/test-dir/MiniOzoneClusterImpl-32ce1286-658f-4fcc-af14-234b6f62532c/datanode-2/data/ratis] (custom)
2019-10-03 19:08:44,369 [main] INFO  hdfs.DFSUtil (DFSUtil.java:httpServerTemplateForNNAndJN(1641)) - Starting Web-server for hddsDatanode at: http://0.0.0.0:0
2019-10-03 19:08:44,370 [main] INFO  server.AuthenticationFilter (AuthenticationFilter.java:constructSecretProvider(240)) - Unable to initialize FileSignerSecretProvider, falling back to use random secrets.
2019-10-03 19:08:44,370 [main] WARN  http.HttpRequestLog (HttpRequestLog.java:getRequestLog(97)) - Jetty request log can only be enabled using Log4j
2019-10-03 19:08:44,371 [main] INFO  http.HttpServer2 (HttpServer2.java:addGlobalFilter(975)) - Added global filter 'safety' (class=org.apache.hadoop.http.HttpServer2$QuotingInputFilter)
2019-10-03 19:08:44,372 [main] INFO  http.HttpServer2 (HttpServer2.java:addFilter(948)) - Added filter static_user_filter (class=org.apache.hadoop.http.lib.StaticUserWebFilter$StaticUserFilter) to context hddsDatanode
2019-10-03 19:08:44,372 [main] INFO  http.HttpServer2 (HttpServer2.java:addFilter(958)) - Added filter static_user_filter (class=org.apache.hadoop.http.lib.StaticUserWebFilter$StaticUserFilter) to context logs
2019-10-03 19:08:44,372 [main] INFO  http.HttpServer2 (HttpServer2.java:addFilter(958)) - Added filter static_user_filter (class=org.apache.hadoop.http.lib.StaticUserWebFilter$StaticUserFilter) to context static
2019-10-03 19:08:44,373 [main] INFO  http.HttpServer2 (HttpServer2.java:bindListener(1191)) - Jetty bound to port 41959
2019-10-03 19:08:44,373 [main] INFO  server.Server (Server.java:doStart(351)) - jetty-9.3.25.v20180904, build timestamp: 2018-09-04T21:11:46Z, git hash: 3ce520221d0240229c862b122d2b06c12a625732
2019-10-03 19:08:44,374 [main] INFO  handler.ContextHandler (ContextHandler.java:doStart(781)) - Started o.e.j.s.ServletContextHandler@50bc3219{/logs,file:///workdir/hadoop-ozone/integration-test/target/log,AVAILABLE}
2019-10-03 19:08:44,375 [main] INFO  handler.ContextHandler (ContextHandler.java:doStart(781)) - Started o.e.j.s.ServletContextHandler@22791b75{/static,jar:file:/home/user/.m2/repository/org/apache/hadoop/hadoop-hdds-container-service/0.5.0-SNAPSHOT/hadoop-hdds-container-service-0.5.0-SNAPSHOT.jar!/webapps/static,AVAILABLE}
2019-10-03 19:08:44,404 [main] INFO  handler.ContextHandler (ContextHandler.java:doStart(781)) - Started o.e.j.w.WebAppContext@342ee097{/,file:///tmp/jetty-0.0.0.0-41959-hddsDatanode-_-any-2985167699224423765.dir/webapp/,AVAILABLE}{/hddsDatanode}
2019-10-03 19:08:44,405 [main] INFO  server.AbstractConnector (AbstractConnector.java:doStart(278)) - Started ServerConnector@6ac45c0c{HTTP/1.1,[http/1.1]}{0.0.0.0:41959}
2019-10-03 19:08:44,406 [main] INFO  server.Server (Server.java:doStart(419)) - Started @251742ms
2019-10-03 19:08:44,406 [main] WARN  impl.MetricsSystemImpl (MetricsSystemImpl.java:register(276)) - Sink prometheus already exists!
2019-10-03 19:08:44,407 [main] INFO  server.BaseHttpServer (BaseHttpServer.java:updateConnectorAddress(215)) - HTTP server of HDDSDATANODE is listening at http://0.0.0.0:41959
2019-10-03 19:08:44,407 [main] INFO  impl.MetricsSystemImpl (MetricsSystemImpl.java:init(158)) - HddsDatanode metrics system started (again)
2019-10-03 19:08:44,411 [org.apache.hadoop.util.JvmPauseMonitor$Monitor@1332b997] INFO  util.JvmPauseMonitor (JvmPauseMonitor.java:run(188)) - Starting JVM pause monitor
2019-10-03 19:08:44,412 [main] INFO  ozone.HddsDatanodeService (HddsDatanodeService.java:start(184)) - HddsDatanodeService host:pr-hdds-1720-trunk-rd9ht-2257799243 ip:192.168.157.195
2019-10-03 19:08:44,413 [Datanode State Machine Thread - 0] INFO  datanode.InitDatanodeState (InitDatanodeState.java:persistContainerDatanodeDetails(140)) - DatanodeDetails is persisted to /workdir/hadoop-ozone/integration-test/target/test-dir/MiniOzoneClusterImpl-32ce1286-658f-4fcc-af14-234b6f62532c/datanode-2/meta/datanode.id
2019-10-03 19:08:44,418 [main] INFO  volume.HddsVolume (HddsVolume.java:<init>(176)) - Creating Volume: /workdir/hadoop-ozone/integration-test/target/test-dir/MiniOzoneClusterImpl-32ce1286-658f-4fcc-af14-234b6f62532c/datanode-3/data/containers/hdds of  storage type : DISK and capacity : 1482555576320
2019-10-03 19:08:44,418 [main] INFO  volume.VolumeSet (VolumeSet.java:initializeVolumeSet(170)) - Added Volume : /workdir/hadoop-ozone/integration-test/target/test-dir/MiniOzoneClusterImpl-32ce1286-658f-4fcc-af14-234b6f62532c/datanode-3/data/containers/hdds to VolumeSet
2019-10-03 19:08:44,418 [main] INFO  volume.ThrottledAsyncChecker (ThrottledAsyncChecker.java:schedule(139)) - Scheduling a check for org.apache.hadoop.ozone.container.common.volume.HddsVolume@2b6fb197
2019-10-03 19:08:44,419 [main] INFO  volume.HddsVolumeChecker (HddsVolumeChecker.java:checkAllVolumes(202)) - Scheduled health check for volume org.apache.hadoop.ozone.container.common.volume.HddsVolume@2b6fb197
2019-10-03 19:08:44,435 [main] INFO  impl.RaftServerProxy (ConfUtils.java:logGet(43)) - raft.rpc.type = GRPC (default)
2019-10-03 19:08:44,435 [main] INFO  grpc.GrpcFactory (GrpcFactory.java:checkPooledByteBufAllocatorUseCacheForAllThreads(45)) - PERFORMANCE WARNING: useCacheForAllThreads is true that may cause Netty to create a lot garbage objects and, as a result, trigger GC.
	It is recommended to disable useCacheForAllThreads by setting -Dorg.apache.ratis.thirdparty.io.netty.allocator.useCacheForAllThreads=false in command line.
2019-10-03 19:08:44,436 [main] INFO  grpc.GrpcConfigKeys$Server (ConfUtils.java:logGet(43)) - raft.grpc.server.port = 0 (default)
2019-10-03 19:08:44,436 [main] INFO  server.GrpcService (ConfUtils.java:logGet(43)) - raft.grpc.message.size.max = 33570816 (custom)
2019-10-03 19:08:44,436 [main] INFO  server.RaftServerConfigKeys (ConfUtils.java:logGet(43)) - raft.server.log.appender.buffer.byte-limit = 33554432 (custom)
2019-10-03 19:08:44,436 [main] INFO  server.GrpcService (ConfUtils.java:logGet(43)) - raft.grpc.flow.control.window = 1MB (=1048576) (default)
2019-10-03 19:08:44,437 [main] INFO  server.RaftServerConfigKeys (ConfUtils.java:logGet(43)) - raft.server.rpc.request.timeout = 3000ms (default)
2019-10-03 19:08:44,437 [main] INFO  server.RaftServerConfigKeys (ConfUtils.java:logGet(43)) - raft.server.storage.dir = [/workdir/hadoop-ozone/integration-test/target/test-dir/MiniOzoneClusterImpl-32ce1286-658f-4fcc-af14-234b6f62532c/datanode-3/data/ratis] (custom)
2019-10-03 19:08:44,439 [main] INFO  hdfs.DFSUtil (DFSUtil.java:httpServerTemplateForNNAndJN(1641)) - Starting Web-server for hddsDatanode at: http://0.0.0.0:0
2019-10-03 19:08:44,440 [main] INFO  server.AuthenticationFilter (AuthenticationFilter.java:constructSecretProvider(240)) - Unable to initialize FileSignerSecretProvider, falling back to use random secrets.
2019-10-03 19:08:44,440 [main] WARN  http.HttpRequestLog (HttpRequestLog.java:getRequestLog(97)) - Jetty request log can only be enabled using Log4j
2019-10-03 19:08:44,441 [main] INFO  http.HttpServer2 (HttpServer2.java:addGlobalFilter(975)) - Added global filter 'safety' (class=org.apache.hadoop.http.HttpServer2$QuotingInputFilter)
2019-10-03 19:08:44,442 [main] INFO  http.HttpServer2 (HttpServer2.java:addFilter(948)) - Added filter static_user_filter (class=org.apache.hadoop.http.lib.StaticUserWebFilter$StaticUserFilter) to context hddsDatanode
2019-10-03 19:08:44,442 [main] INFO  http.HttpServer2 (HttpServer2.java:addFilter(958)) - Added filter static_user_filter (class=org.apache.hadoop.http.lib.StaticUserWebFilter$StaticUserFilter) to context static
2019-10-03 19:08:44,442 [main] INFO  http.HttpServer2 (HttpServer2.java:addFilter(958)) - Added filter static_user_filter (class=org.apache.hadoop.http.lib.StaticUserWebFilter$StaticUserFilter) to context logs
2019-10-03 19:08:44,442 [main] INFO  http.HttpServer2 (HttpServer2.java:bindListener(1191)) - Jetty bound to port 36647
2019-10-03 19:08:44,443 [main] INFO  server.Server (Server.java:doStart(351)) - jetty-9.3.25.v20180904, build timestamp: 2018-09-04T21:11:46Z, git hash: 3ce520221d0240229c862b122d2b06c12a625732
2019-10-03 19:08:44,444 [main] INFO  handler.ContextHandler (ContextHandler.java:doStart(781)) - Started o.e.j.s.ServletContextHandler@6c835217{/logs,file:///workdir/hadoop-ozone/integration-test/target/log,AVAILABLE}
2019-10-03 19:08:44,444 [main] INFO  handler.ContextHandler (ContextHandler.java:doStart(781)) - Started o.e.j.s.ServletContextHandler@51888019{/static,jar:file:/home/user/.m2/repository/org/apache/hadoop/hadoop-hdds-container-service/0.5.0-SNAPSHOT/hadoop-hdds-container-service-0.5.0-SNAPSHOT.jar!/webapps/static,AVAILABLE}
2019-10-03 19:08:44,472 [main] INFO  handler.ContextHandler (ContextHandler.java:doStart(781)) - Started o.e.j.w.WebAppContext@3e14d390{/,file:///tmp/jetty-0.0.0.0-36647-hddsDatanode-_-any-2150849610931058490.dir/webapp/,AVAILABLE}{/hddsDatanode}
2019-10-03 19:08:44,473 [main] INFO  server.AbstractConnector (AbstractConnector.java:doStart(278)) - Started ServerConnector@5eb87338{HTTP/1.1,[http/1.1]}{0.0.0.0:36647}
2019-10-03 19:08:44,474 [main] INFO  server.Server (Server.java:doStart(419)) - Started @251810ms
2019-10-03 19:08:44,474 [main] WARN  impl.MetricsSystemImpl (MetricsSystemImpl.java:register(276)) - Sink prometheus already exists!
2019-10-03 19:08:44,475 [main] INFO  server.BaseHttpServer (BaseHttpServer.java:updateConnectorAddress(215)) - HTTP server of HDDSDATANODE is listening at http://0.0.0.0:36647
2019-10-03 19:08:44,475 [main] INFO  impl.MetricsSystemImpl (MetricsSystemImpl.java:init(158)) - HddsDatanode metrics system started (again)
2019-10-03 19:08:44,480 [org.apache.hadoop.util.JvmPauseMonitor$Monitor@4d48a37b] INFO  util.JvmPauseMonitor (JvmPauseMonitor.java:run(188)) - Starting JVM pause monitor
2019-10-03 19:08:44,480 [main] INFO  ozone.HddsDatanodeService (HddsDatanodeService.java:start(184)) - HddsDatanodeService host:pr-hdds-1720-trunk-rd9ht-2257799243 ip:192.168.157.195
2019-10-03 19:08:44,481 [Datanode State Machine Thread - 0] INFO  datanode.InitDatanodeState (InitDatanodeState.java:persistContainerDatanodeDetails(140)) - DatanodeDetails is persisted to /workdir/hadoop-ozone/integration-test/target/test-dir/MiniOzoneClusterImpl-32ce1286-658f-4fcc-af14-234b6f62532c/datanode-3/meta/datanode.id
2019-10-03 19:08:44,486 [main] INFO  volume.HddsVolume (HddsVolume.java:<init>(176)) - Creating Volume: /workdir/hadoop-ozone/integration-test/target/test-dir/MiniOzoneClusterImpl-32ce1286-658f-4fcc-af14-234b6f62532c/datanode-4/data/containers/hdds of  storage type : DISK and capacity : 1482555576320
2019-10-03 19:08:44,487 [main] INFO  volume.VolumeSet (VolumeSet.java:initializeVolumeSet(170)) - Added Volume : /workdir/hadoop-ozone/integration-test/target/test-dir/MiniOzoneClusterImpl-32ce1286-658f-4fcc-af14-234b6f62532c/datanode-4/data/containers/hdds to VolumeSet
2019-10-03 19:08:44,487 [main] INFO  volume.ThrottledAsyncChecker (ThrottledAsyncChecker.java:schedule(139)) - Scheduling a check for org.apache.hadoop.ozone.container.common.volume.HddsVolume@4fd74223
2019-10-03 19:08:44,487 [main] INFO  volume.HddsVolumeChecker (HddsVolumeChecker.java:checkAllVolumes(202)) - Scheduled health check for volume org.apache.hadoop.ozone.container.common.volume.HddsVolume@4fd74223
2019-10-03 19:08:44,500 [main] INFO  impl.RaftServerProxy (ConfUtils.java:logGet(43)) - raft.rpc.type = GRPC (default)
2019-10-03 19:08:44,500 [main] INFO  grpc.GrpcFactory (GrpcFactory.java:checkPooledByteBufAllocatorUseCacheForAllThreads(45)) - PERFORMANCE WARNING: useCacheForAllThreads is true that may cause Netty to create a lot garbage objects and, as a result, trigger GC.
	It is recommended to disable useCacheForAllThreads by setting -Dorg.apache.ratis.thirdparty.io.netty.allocator.useCacheForAllThreads=false in command line.
2019-10-03 19:08:44,501 [main] INFO  grpc.GrpcConfigKeys$Server (ConfUtils.java:logGet(43)) - raft.grpc.server.port = 0 (default)
2019-10-03 19:08:44,501 [main] INFO  server.GrpcService (ConfUtils.java:logGet(43)) - raft.grpc.message.size.max = 33570816 (custom)
2019-10-03 19:08:44,501 [main] INFO  server.RaftServerConfigKeys (ConfUtils.java:logGet(43)) - raft.server.log.appender.buffer.byte-limit = 33554432 (custom)
2019-10-03 19:08:44,501 [main] INFO  server.GrpcService (ConfUtils.java:logGet(43)) - raft.grpc.flow.control.window = 1MB (=1048576) (default)
2019-10-03 19:08:44,501 [main] INFO  server.RaftServerConfigKeys (ConfUtils.java:logGet(43)) - raft.server.rpc.request.timeout = 3000ms (default)
2019-10-03 19:08:44,502 [main] INFO  server.RaftServerConfigKeys (ConfUtils.java:logGet(43)) - raft.server.storage.dir = [/workdir/hadoop-ozone/integration-test/target/test-dir/MiniOzoneClusterImpl-32ce1286-658f-4fcc-af14-234b6f62532c/datanode-4/data/ratis] (custom)
2019-10-03 19:08:44,503 [main] INFO  hdfs.DFSUtil (DFSUtil.java:httpServerTemplateForNNAndJN(1641)) - Starting Web-server for hddsDatanode at: http://0.0.0.0:0
2019-10-03 19:08:44,504 [main] INFO  server.AuthenticationFilter (AuthenticationFilter.java:constructSecretProvider(240)) - Unable to initialize FileSignerSecretProvider, falling back to use random secrets.
2019-10-03 19:08:44,505 [main] WARN  http.HttpRequestLog (HttpRequestLog.java:getRequestLog(97)) - Jetty request log can only be enabled using Log4j
2019-10-03 19:08:44,506 [main] INFO  http.HttpServer2 (HttpServer2.java:addGlobalFilter(975)) - Added global filter 'safety' (class=org.apache.hadoop.http.HttpServer2$QuotingInputFilter)
2019-10-03 19:08:44,507 [main] INFO  http.HttpServer2 (HttpServer2.java:addFilter(948)) - Added filter static_user_filter (class=org.apache.hadoop.http.lib.StaticUserWebFilter$StaticUserFilter) to context hddsDatanode
2019-10-03 19:08:44,507 [main] INFO  http.HttpServer2 (HttpServer2.java:addFilter(958)) - Added filter static_user_filter (class=org.apache.hadoop.http.lib.StaticUserWebFilter$StaticUserFilter) to context logs
2019-10-03 19:08:44,507 [main] INFO  http.HttpServer2 (HttpServer2.java:addFilter(958)) - Added filter static_user_filter (class=org.apache.hadoop.http.lib.StaticUserWebFilter$StaticUserFilter) to context static
2019-10-03 19:08:44,508 [main] INFO  http.HttpServer2 (HttpServer2.java:bindListener(1191)) - Jetty bound to port 40320
2019-10-03 19:08:44,508 [main] INFO  server.Server (Server.java:doStart(351)) - jetty-9.3.25.v20180904, build timestamp: 2018-09-04T21:11:46Z, git hash: 3ce520221d0240229c862b122d2b06c12a625732
2019-10-03 19:08:44,509 [main] INFO  handler.ContextHandler (ContextHandler.java:doStart(781)) - Started o.e.j.s.ServletContextHandler@747f6c5a{/logs,file:///workdir/hadoop-ozone/integration-test/target/log,AVAILABLE}
2019-10-03 19:08:44,510 [main] INFO  handler.ContextHandler (ContextHandler.java:doStart(781)) - Started o.e.j.s.ServletContextHandler@5b48f0f4{/static,jar:file:/home/user/.m2/repository/org/apache/hadoop/hadoop-hdds-container-service/0.5.0-SNAPSHOT/hadoop-hdds-container-service-0.5.0-SNAPSHOT.jar!/webapps/static,AVAILABLE}
2019-10-03 19:08:44,544 [main] INFO  handler.ContextHandler (ContextHandler.java:doStart(781)) - Started o.e.j.w.WebAppContext@6486fe7b{/,file:///tmp/jetty-0.0.0.0-40320-hddsDatanode-_-any-4607764406948737129.dir/webapp/,AVAILABLE}{/hddsDatanode}
2019-10-03 19:08:44,544 [main] INFO  server.AbstractConnector (AbstractConnector.java:doStart(278)) - Started ServerConnector@511da44f{HTTP/1.1,[http/1.1]}{0.0.0.0:40320}
2019-10-03 19:08:44,546 [main] INFO  server.Server (Server.java:doStart(419)) - Started @251882ms
2019-10-03 19:08:44,546 [main] WARN  impl.MetricsSystemImpl (MetricsSystemImpl.java:register(276)) - Sink prometheus already exists!
2019-10-03 19:08:44,547 [main] INFO  server.BaseHttpServer (BaseHttpServer.java:updateConnectorAddress(215)) - HTTP server of HDDSDATANODE is listening at http://0.0.0.0:40320
2019-10-03 19:08:44,547 [main] INFO  impl.MetricsSystemImpl (MetricsSystemImpl.java:init(158)) - HddsDatanode metrics system started (again)
2019-10-03 19:08:44,555 [org.apache.hadoop.util.JvmPauseMonitor$Monitor@365a4a6] INFO  util.JvmPauseMonitor (JvmPauseMonitor.java:run(188)) - Starting JVM pause monitor
2019-10-03 19:08:44,556 [main] INFO  ozone.HddsDatanodeService (HddsDatanodeService.java:start(184)) - HddsDatanodeService host:pr-hdds-1720-trunk-rd9ht-2257799243 ip:192.168.157.195
2019-10-03 19:08:44,556 [Datanode State Machine Thread - 0] INFO  datanode.InitDatanodeState (InitDatanodeState.java:persistContainerDatanodeDetails(140)) - DatanodeDetails is persisted to /workdir/hadoop-ozone/integration-test/target/test-dir/MiniOzoneClusterImpl-32ce1286-658f-4fcc-af14-234b6f62532c/datanode-4/meta/datanode.id
2019-10-03 19:08:44,563 [main] INFO  volume.HddsVolume (HddsVolume.java:<init>(176)) - Creating Volume: /workdir/hadoop-ozone/integration-test/target/test-dir/MiniOzoneClusterImpl-32ce1286-658f-4fcc-af14-234b6f62532c/datanode-5/data/containers/hdds of  storage type : DISK and capacity : 1482555576320
2019-10-03 19:08:44,564 [main] INFO  volume.VolumeSet (VolumeSet.java:initializeVolumeSet(170)) - Added Volume : /workdir/hadoop-ozone/integration-test/target/test-dir/MiniOzoneClusterImpl-32ce1286-658f-4fcc-af14-234b6f62532c/datanode-5/data/containers/hdds to VolumeSet
2019-10-03 19:08:44,564 [main] INFO  volume.ThrottledAsyncChecker (ThrottledAsyncChecker.java:schedule(139)) - Scheduling a check for org.apache.hadoop.ozone.container.common.volume.HddsVolume@1eeb5818
2019-10-03 19:08:44,565 [main] INFO  volume.HddsVolumeChecker (HddsVolumeChecker.java:checkAllVolumes(202)) - Scheduled health check for volume org.apache.hadoop.ozone.container.common.volume.HddsVolume@1eeb5818
2019-10-03 19:08:44,581 [main] INFO  impl.RaftServerProxy (ConfUtils.java:logGet(43)) - raft.rpc.type = GRPC (default)
2019-10-03 19:08:44,581 [main] INFO  grpc.GrpcFactory (GrpcFactory.java:checkPooledByteBufAllocatorUseCacheForAllThreads(45)) - PERFORMANCE WARNING: useCacheForAllThreads is true that may cause Netty to create a lot garbage objects and, as a result, trigger GC.
	It is recommended to disable useCacheForAllThreads by setting -Dorg.apache.ratis.thirdparty.io.netty.allocator.useCacheForAllThreads=false in command line.
2019-10-03 19:08:44,582 [main] INFO  grpc.GrpcConfigKeys$Server (ConfUtils.java:logGet(43)) - raft.grpc.server.port = 0 (default)
2019-10-03 19:08:44,582 [main] INFO  server.GrpcService (ConfUtils.java:logGet(43)) - raft.grpc.message.size.max = 33570816 (custom)
2019-10-03 19:08:44,582 [main] INFO  server.RaftServerConfigKeys (ConfUtils.java:logGet(43)) - raft.server.log.appender.buffer.byte-limit = 33554432 (custom)
2019-10-03 19:08:44,582 [main] INFO  server.GrpcService (ConfUtils.java:logGet(43)) - raft.grpc.flow.control.window = 1MB (=1048576) (default)
2019-10-03 19:08:44,583 [main] INFO  server.RaftServerConfigKeys (ConfUtils.java:logGet(43)) - raft.server.rpc.request.timeout = 3000ms (default)
2019-10-03 19:08:44,583 [main] INFO  server.RaftServerConfigKeys (ConfUtils.java:logGet(43)) - raft.server.storage.dir = [/workdir/hadoop-ozone/integration-test/target/test-dir/MiniOzoneClusterImpl-32ce1286-658f-4fcc-af14-234b6f62532c/datanode-5/data/ratis] (custom)
2019-10-03 19:08:44,584 [main] INFO  hdfs.DFSUtil (DFSUtil.java:httpServerTemplateForNNAndJN(1641)) - Starting Web-server for hddsDatanode at: http://0.0.0.0:0
2019-10-03 19:08:44,586 [main] INFO  server.AuthenticationFilter (AuthenticationFilter.java:constructSecretProvider(240)) - Unable to initialize FileSignerSecretProvider, falling back to use random secrets.
2019-10-03 19:08:44,586 [main] WARN  http.HttpRequestLog (HttpRequestLog.java:getRequestLog(97)) - Jetty request log can only be enabled using Log4j
2019-10-03 19:08:44,588 [main] INFO  http.HttpServer2 (HttpServer2.java:addGlobalFilter(975)) - Added global filter 'safety' (class=org.apache.hadoop.http.HttpServer2$QuotingInputFilter)
2019-10-03 19:08:44,588 [main] INFO  http.HttpServer2 (HttpServer2.java:addFilter(948)) - Added filter static_user_filter (class=org.apache.hadoop.http.lib.StaticUserWebFilter$StaticUserFilter) to context hddsDatanode
2019-10-03 19:08:44,588 [main] INFO  http.HttpServer2 (HttpServer2.java:addFilter(958)) - Added filter static_user_filter (class=org.apache.hadoop.http.lib.StaticUserWebFilter$StaticUserFilter) to context logs
2019-10-03 19:08:44,589 [main] INFO  http.HttpServer2 (HttpServer2.java:addFilter(958)) - Added filter static_user_filter (class=org.apache.hadoop.http.lib.StaticUserWebFilter$StaticUserFilter) to context static
2019-10-03 19:08:44,589 [main] INFO  http.HttpServer2 (HttpServer2.java:bindListener(1191)) - Jetty bound to port 46421
2019-10-03 19:08:44,590 [main] INFO  server.Server (Server.java:doStart(351)) - jetty-9.3.25.v20180904, build timestamp: 2018-09-04T21:11:46Z, git hash: 3ce520221d0240229c862b122d2b06c12a625732
2019-10-03 19:08:44,591 [main] INFO  handler.ContextHandler (ContextHandler.java:doStart(781)) - Started o.e.j.s.ServletContextHandler@3c18942{/logs,file:///workdir/hadoop-ozone/integration-test/target/log,AVAILABLE}
2019-10-03 19:08:44,592 [main] INFO  handler.ContextHandler (ContextHandler.java:doStart(781)) - Started o.e.j.s.ServletContextHandler@6842c101{/static,jar:file:/home/user/.m2/repository/org/apache/hadoop/hadoop-hdds-container-service/0.5.0-SNAPSHOT/hadoop-hdds-container-service-0.5.0-SNAPSHOT.jar!/webapps/static,AVAILABLE}
2019-10-03 19:08:44,623 [main] INFO  handler.ContextHandler (ContextHandler.java:doStart(781)) - Started o.e.j.w.WebAppContext@194012a2{/,file:///tmp/jetty-0.0.0.0-46421-hddsDatanode-_-any-7036296192114694253.dir/webapp/,AVAILABLE}{/hddsDatanode}
2019-10-03 19:08:44,623 [main] INFO  server.AbstractConnector (AbstractConnector.java:doStart(278)) - Started ServerConnector@55296b50{HTTP/1.1,[http/1.1]}{0.0.0.0:46421}
2019-10-03 19:08:44,625 [main] INFO  server.Server (Server.java:doStart(419)) - Started @251961ms
2019-10-03 19:08:44,625 [main] WARN  impl.MetricsSystemImpl (MetricsSystemImpl.java:register(276)) - Sink prometheus already exists!
2019-10-03 19:08:44,626 [main] INFO  server.BaseHttpServer (BaseHttpServer.java:updateConnectorAddress(215)) - HTTP server of HDDSDATANODE is listening at http://0.0.0.0:46421
2019-10-03 19:08:44,627 [main] INFO  impl.MetricsSystemImpl (MetricsSystemImpl.java:init(158)) - HddsDatanode metrics system started (again)
2019-10-03 19:08:44,638 [org.apache.hadoop.util.JvmPauseMonitor$Monitor@6f694a4b] INFO  util.JvmPauseMonitor (JvmPauseMonitor.java:run(188)) - Starting JVM pause monitor
2019-10-03 19:08:44,640 [main] INFO  ozone.HddsDatanodeService (HddsDatanodeService.java:start(184)) - HddsDatanodeService host:pr-hdds-1720-trunk-rd9ht-2257799243 ip:192.168.157.195
2019-10-03 19:08:44,640 [Datanode State Machine Thread - 0] INFO  datanode.InitDatanodeState (InitDatanodeState.java:persistContainerDatanodeDetails(140)) - DatanodeDetails is persisted to /workdir/hadoop-ozone/integration-test/target/test-dir/MiniOzoneClusterImpl-32ce1286-658f-4fcc-af14-234b6f62532c/datanode-5/meta/datanode.id
2019-10-03 19:08:44,647 [main] INFO  volume.HddsVolume (HddsVolume.java:<init>(176)) - Creating Volume: /workdir/hadoop-ozone/integration-test/target/test-dir/MiniOzoneClusterImpl-32ce1286-658f-4fcc-af14-234b6f62532c/datanode-6/data/containers/hdds of  storage type : DISK and capacity : 1482555576320
2019-10-03 19:08:44,648 [main] INFO  volume.VolumeSet (VolumeSet.java:initializeVolumeSet(170)) - Added Volume : /workdir/hadoop-ozone/integration-test/target/test-dir/MiniOzoneClusterImpl-32ce1286-658f-4fcc-af14-234b6f62532c/datanode-6/data/containers/hdds to VolumeSet
2019-10-03 19:08:44,648 [main] INFO  volume.ThrottledAsyncChecker (ThrottledAsyncChecker.java:schedule(139)) - Scheduling a check for org.apache.hadoop.ozone.container.common.volume.HddsVolume@27898e13
2019-10-03 19:08:44,649 [main] INFO  volume.HddsVolumeChecker (HddsVolumeChecker.java:checkAllVolumes(202)) - Scheduled health check for volume org.apache.hadoop.ozone.container.common.volume.HddsVolume@27898e13
2019-10-03 19:08:44,674 [main] INFO  impl.RaftServerProxy (ConfUtils.java:logGet(43)) - raft.rpc.type = GRPC (default)
2019-10-03 19:08:44,675 [main] INFO  grpc.GrpcFactory (GrpcFactory.java:checkPooledByteBufAllocatorUseCacheForAllThreads(45)) - PERFORMANCE WARNING: useCacheForAllThreads is true that may cause Netty to create a lot garbage objects and, as a result, trigger GC.
	It is recommended to disable useCacheForAllThreads by setting -Dorg.apache.ratis.thirdparty.io.netty.allocator.useCacheForAllThreads=false in command line.
2019-10-03 19:08:44,675 [main] INFO  grpc.GrpcConfigKeys$Server (ConfUtils.java:logGet(43)) - raft.grpc.server.port = 0 (default)
2019-10-03 19:08:44,676 [main] INFO  server.GrpcService (ConfUtils.java:logGet(43)) - raft.grpc.message.size.max = 33570816 (custom)
2019-10-03 19:08:44,676 [main] INFO  server.RaftServerConfigKeys (ConfUtils.java:logGet(43)) - raft.server.log.appender.buffer.byte-limit = 33554432 (custom)
2019-10-03 19:08:44,676 [main] INFO  server.GrpcService (ConfUtils.java:logGet(43)) - raft.grpc.flow.control.window = 1MB (=1048576) (default)
2019-10-03 19:08:44,677 [main] INFO  server.RaftServerConfigKeys (ConfUtils.java:logGet(43)) - raft.server.rpc.request.timeout = 3000ms (default)
2019-10-03 19:08:44,678 [main] INFO  server.RaftServerConfigKeys (ConfUtils.java:logGet(43)) - raft.server.storage.dir = [/workdir/hadoop-ozone/integration-test/target/test-dir/MiniOzoneClusterImpl-32ce1286-658f-4fcc-af14-234b6f62532c/datanode-6/data/ratis] (custom)
2019-10-03 19:08:44,679 [main] INFO  hdfs.DFSUtil (DFSUtil.java:httpServerTemplateForNNAndJN(1641)) - Starting Web-server for hddsDatanode at: http://0.0.0.0:0
2019-10-03 19:08:44,681 [main] INFO  server.AuthenticationFilter (AuthenticationFilter.java:constructSecretProvider(240)) - Unable to initialize FileSignerSecretProvider, falling back to use random secrets.
2019-10-03 19:08:44,681 [main] WARN  http.HttpRequestLog (HttpRequestLog.java:getRequestLog(97)) - Jetty request log can only be enabled using Log4j
2019-10-03 19:08:44,683 [main] INFO  http.HttpServer2 (HttpServer2.java:addGlobalFilter(975)) - Added global filter 'safety' (class=org.apache.hadoop.http.HttpServer2$QuotingInputFilter)
2019-10-03 19:08:44,683 [main] INFO  http.HttpServer2 (HttpServer2.java:addFilter(948)) - Added filter static_user_filter (class=org.apache.hadoop.http.lib.StaticUserWebFilter$StaticUserFilter) to context hddsDatanode
2019-10-03 19:08:44,683 [main] INFO  http.HttpServer2 (HttpServer2.java:addFilter(958)) - Added filter static_user_filter (class=org.apache.hadoop.http.lib.StaticUserWebFilter$StaticUserFilter) to context logs
2019-10-03 19:08:44,683 [main] INFO  http.HttpServer2 (HttpServer2.java:addFilter(958)) - Added filter static_user_filter (class=org.apache.hadoop.http.lib.StaticUserWebFilter$StaticUserFilter) to context static
2019-10-03 19:08:44,684 [main] INFO  http.HttpServer2 (HttpServer2.java:bindListener(1191)) - Jetty bound to port 45071
2019-10-03 19:08:44,684 [main] INFO  server.Server (Server.java:doStart(351)) - jetty-9.3.25.v20180904, build timestamp: 2018-09-04T21:11:46Z, git hash: 3ce520221d0240229c862b122d2b06c12a625732
2019-10-03 19:08:44,685 [main] INFO  handler.ContextHandler (ContextHandler.java:doStart(781)) - Started o.e.j.s.ServletContextHandler@4a31ed12{/logs,file:///workdir/hadoop-ozone/integration-test/target/log,AVAILABLE}
2019-10-03 19:08:44,686 [main] INFO  handler.ContextHandler (ContextHandler.java:doStart(781)) - Started o.e.j.s.ServletContextHandler@2365ea38{/static,jar:file:/home/user/.m2/repository/org/apache/hadoop/hadoop-hdds-container-service/0.5.0-SNAPSHOT/hadoop-hdds-container-service-0.5.0-SNAPSHOT.jar!/webapps/static,AVAILABLE}
2019-10-03 19:08:44,715 [main] INFO  handler.ContextHandler (ContextHandler.java:doStart(781)) - Started o.e.j.w.WebAppContext@703e8050{/,file:///tmp/jetty-0.0.0.0-45071-hddsDatanode-_-any-8453861685405556004.dir/webapp/,AVAILABLE}{/hddsDatanode}
2019-10-03 19:08:44,716 [main] INFO  server.AbstractConnector (AbstractConnector.java:doStart(278)) - Started ServerConnector@49c1e294{HTTP/1.1,[http/1.1]}{0.0.0.0:45071}
2019-10-03 19:08:44,717 [main] INFO  server.Server (Server.java:doStart(419)) - Started @252053ms
2019-10-03 19:08:44,717 [main] WARN  impl.MetricsSystemImpl (MetricsSystemImpl.java:register(276)) - Sink prometheus already exists!
2019-10-03 19:08:44,718 [main] INFO  server.BaseHttpServer (BaseHttpServer.java:updateConnectorAddress(215)) - HTTP server of HDDSDATANODE is listening at http://0.0.0.0:45071
2019-10-03 19:08:44,718 [main] INFO  ozone.MiniOzoneClusterImpl (MiniOzoneClusterImpl.java:lambda$waitForClusterToBeReady$0(147)) - Waiting for cluster to be ready. Got 0 of 7 DN Heartbeats.
2019-10-03 19:08:44,719 [org.apache.hadoop.util.JvmPauseMonitor$Monitor@78c69a57] INFO  util.JvmPauseMonitor (JvmPauseMonitor.java:run(188)) - Starting JVM pause monitor
2019-10-03 19:08:44,720 [Datanode State Machine Thread - 0] INFO  datanode.InitDatanodeState (InitDatanodeState.java:persistContainerDatanodeDetails(140)) - DatanodeDetails is persisted to /workdir/hadoop-ozone/integration-test/target/test-dir/MiniOzoneClusterImpl-32ce1286-658f-4fcc-af14-234b6f62532c/datanode-6/meta/datanode.id
2019-10-03 19:08:45,719 [main] INFO  ozone.MiniOzoneClusterImpl (MiniOzoneClusterImpl.java:lambda$waitForClusterToBeReady$0(147)) - Waiting for cluster to be ready. Got 0 of 7 DN Heartbeats.
2019-10-03 19:08:46,300 [Datanode State Machine Thread - 0] INFO  ozoneimpl.OzoneContainer (OzoneContainer.java:start(217)) - Attempting to start container services.
2019-10-03 19:08:46,301 [Datanode State Machine Thread - 0] INFO  ozoneimpl.OzoneContainer (OzoneContainer.java:startContainerScrub(179)) - Background container scanner has been disabled.
2019-10-03 19:08:46,301 [Datanode State Machine Thread - 0] INFO  ratis.XceiverServerRatis (XceiverServerRatis.java:start(417)) - Starting XceiverServerRatis 5eff80b7-68c7-467a-aaac-779d6ac2bab0 at port 0
2019-10-03 19:08:46,308 [Datanode State Machine Thread - 0] INFO  impl.RaftServerProxy (RaftServerProxy.java:lambda$start$3(299)) - 5eff80b7-68c7-467a-aaac-779d6ac2bab0: start RPC server
2019-10-03 19:08:46,310 [Datanode State Machine Thread - 0] INFO  server.GrpcService (GrpcService.java:startImpl(158)) - 5eff80b7-68c7-467a-aaac-779d6ac2bab0: GrpcService started, listening on 0.0.0.0/0.0.0.0:34812
2019-10-03 19:08:46,310 [Datanode State Machine Thread - 0] INFO  ratis.XceiverServerRatis (XceiverServerRatis.java:start(427)) - XceiverServerRatis 5eff80b7-68c7-467a-aaac-779d6ac2bab0 is started using port 34812
2019-10-03 19:08:46,310 [Datanode State Machine Thread - 0] INFO  server.XceiverServerGrpc (XceiverServerGrpc.java:start(149)) - XceiverServerGrpc 5eff80b7-68c7-467a-aaac-779d6ac2bab0 is started using port 40377
2019-10-03 19:08:46,360 [Datanode State Machine Thread - 0] INFO  ozoneimpl.OzoneContainer (OzoneContainer.java:start(217)) - Attempting to start container services.
2019-10-03 19:08:46,361 [Datanode State Machine Thread - 0] INFO  ozoneimpl.OzoneContainer (OzoneContainer.java:startContainerScrub(179)) - Background container scanner has been disabled.
2019-10-03 19:08:46,361 [Datanode State Machine Thread - 0] INFO  ratis.XceiverServerRatis (XceiverServerRatis.java:start(417)) - Starting XceiverServerRatis 779b529b-984c-4b64-87cb-a33b74abd8c9 at port 0
2019-10-03 19:08:46,368 [Datanode State Machine Thread - 0] INFO  impl.RaftServerProxy (RaftServerProxy.java:lambda$start$3(299)) - 779b529b-984c-4b64-87cb-a33b74abd8c9: start RPC server
2019-10-03 19:08:46,369 [Datanode State Machine Thread - 0] INFO  server.GrpcService (GrpcService.java:startImpl(158)) - 779b529b-984c-4b64-87cb-a33b74abd8c9: GrpcService started, listening on 0.0.0.0/0.0.0.0:44187
2019-10-03 19:08:46,369 [Datanode State Machine Thread - 0] INFO  ratis.XceiverServerRatis (XceiverServerRatis.java:start(427)) - XceiverServerRatis 779b529b-984c-4b64-87cb-a33b74abd8c9 is started using port 44187
2019-10-03 19:08:46,370 [Datanode State Machine Thread - 0] INFO  server.XceiverServerGrpc (XceiverServerGrpc.java:start(149)) - XceiverServerGrpc 779b529b-984c-4b64-87cb-a33b74abd8c9 is started using port 42692
2019-10-03 19:08:46,426 [Datanode State Machine Thread - 0] INFO  ozoneimpl.OzoneContainer (OzoneContainer.java:start(217)) - Attempting to start container services.
2019-10-03 19:08:46,426 [Datanode State Machine Thread - 0] INFO  ozoneimpl.OzoneContainer (OzoneContainer.java:startContainerScrub(179)) - Background container scanner has been disabled.
2019-10-03 19:08:46,427 [Datanode State Machine Thread - 0] INFO  ratis.XceiverServerRatis (XceiverServerRatis.java:start(417)) - Starting XceiverServerRatis 98ed16b7-ff63-4f91-9da2-94c54335d507 at port 0
2019-10-03 19:08:46,432 [Datanode State Machine Thread - 0] INFO  impl.RaftServerProxy (RaftServerProxy.java:lambda$start$3(299)) - 98ed16b7-ff63-4f91-9da2-94c54335d507: start RPC server
2019-10-03 19:08:46,433 [Datanode State Machine Thread - 0] INFO  server.GrpcService (GrpcService.java:startImpl(158)) - 98ed16b7-ff63-4f91-9da2-94c54335d507: GrpcService started, listening on 0.0.0.0/0.0.0.0:39250
2019-10-03 19:08:46,434 [Datanode State Machine Thread - 0] INFO  ratis.XceiverServerRatis (XceiverServerRatis.java:start(427)) - XceiverServerRatis 98ed16b7-ff63-4f91-9da2-94c54335d507 is started using port 39250
2019-10-03 19:08:46,435 [Datanode State Machine Thread - 0] INFO  server.XceiverServerGrpc (XceiverServerGrpc.java:start(149)) - XceiverServerGrpc 98ed16b7-ff63-4f91-9da2-94c54335d507 is started using port 33492
2019-10-03 19:08:46,494 [Datanode State Machine Thread - 0] INFO  ozoneimpl.OzoneContainer (OzoneContainer.java:start(217)) - Attempting to start container services.
2019-10-03 19:08:46,495 [Datanode State Machine Thread - 0] INFO  ozoneimpl.OzoneContainer (OzoneContainer.java:startContainerScrub(179)) - Background container scanner has been disabled.
2019-10-03 19:08:46,495 [Datanode State Machine Thread - 0] INFO  ratis.XceiverServerRatis (XceiverServerRatis.java:start(417)) - Starting XceiverServerRatis 69060872-8452-4d78-be65-f18cabeb2bfe at port 0
2019-10-03 19:08:46,501 [Datanode State Machine Thread - 0] INFO  impl.RaftServerProxy (RaftServerProxy.java:lambda$start$3(299)) - 69060872-8452-4d78-be65-f18cabeb2bfe: start RPC server
2019-10-03 19:08:46,503 [Datanode State Machine Thread - 0] INFO  server.GrpcService (GrpcService.java:startImpl(158)) - 69060872-8452-4d78-be65-f18cabeb2bfe: GrpcService started, listening on 0.0.0.0/0.0.0.0:37058
2019-10-03 19:08:46,503 [Datanode State Machine Thread - 0] INFO  ratis.XceiverServerRatis (XceiverServerRatis.java:start(427)) - XceiverServerRatis 69060872-8452-4d78-be65-f18cabeb2bfe is started using port 37058
2019-10-03 19:08:46,504 [Datanode State Machine Thread - 0] INFO  server.XceiverServerGrpc (XceiverServerGrpc.java:start(149)) - XceiverServerGrpc 69060872-8452-4d78-be65-f18cabeb2bfe is started using port 43094
2019-10-03 19:08:46,561 [Datanode State Machine Thread - 0] INFO  ozoneimpl.OzoneContainer (OzoneContainer.java:start(217)) - Attempting to start container services.
2019-10-03 19:08:46,561 [Datanode State Machine Thread - 0] INFO  ozoneimpl.OzoneContainer (OzoneContainer.java:startContainerScrub(179)) - Background container scanner has been disabled.
2019-10-03 19:08:46,561 [Datanode State Machine Thread - 0] INFO  ratis.XceiverServerRatis (XceiverServerRatis.java:start(417)) - Starting XceiverServerRatis 343821e1-c106-42c5-84e1-61d0e55cfe02 at port 0
2019-10-03 19:08:46,567 [Datanode State Machine Thread - 0] INFO  impl.RaftServerProxy (RaftServerProxy.java:lambda$start$3(299)) - 343821e1-c106-42c5-84e1-61d0e55cfe02: start RPC server
2019-10-03 19:08:46,567 [Datanode State Machine Thread - 0] INFO  server.GrpcService (GrpcService.java:startImpl(158)) - 343821e1-c106-42c5-84e1-61d0e55cfe02: GrpcService started, listening on 0.0.0.0/0.0.0.0:41227
2019-10-03 19:08:46,567 [Datanode State Machine Thread - 0] INFO  ratis.XceiverServerRatis (XceiverServerRatis.java:start(427)) - XceiverServerRatis 343821e1-c106-42c5-84e1-61d0e55cfe02 is started using port 41227
2019-10-03 19:08:46,568 [Datanode State Machine Thread - 0] INFO  server.XceiverServerGrpc (XceiverServerGrpc.java:start(149)) - XceiverServerGrpc 343821e1-c106-42c5-84e1-61d0e55cfe02 is started using port 42758
2019-10-03 19:08:46,653 [Datanode State Machine Thread - 0] INFO  ozoneimpl.OzoneContainer (OzoneContainer.java:start(217)) - Attempting to start container services.
2019-10-03 19:08:46,653 [Datanode State Machine Thread - 0] INFO  ozoneimpl.OzoneContainer (OzoneContainer.java:startContainerScrub(179)) - Background container scanner has been disabled.
2019-10-03 19:08:46,653 [Datanode State Machine Thread - 0] INFO  ratis.XceiverServerRatis (XceiverServerRatis.java:start(417)) - Starting XceiverServerRatis 8dfac8bb-ac55-4037-9602-aeb3f2552e23 at port 0
2019-10-03 19:08:46,658 [Datanode State Machine Thread - 0] INFO  impl.RaftServerProxy (RaftServerProxy.java:lambda$start$3(299)) - 8dfac8bb-ac55-4037-9602-aeb3f2552e23: start RPC server
2019-10-03 19:08:46,665 [Datanode State Machine Thread - 0] INFO  server.GrpcService (GrpcService.java:startImpl(158)) - 8dfac8bb-ac55-4037-9602-aeb3f2552e23: GrpcService started, listening on 0.0.0.0/0.0.0.0:35544
2019-10-03 19:08:46,665 [Datanode State Machine Thread - 0] INFO  ratis.XceiverServerRatis (XceiverServerRatis.java:start(427)) - XceiverServerRatis 8dfac8bb-ac55-4037-9602-aeb3f2552e23 is started using port 35544
2019-10-03 19:08:46,667 [Datanode State Machine Thread - 0] INFO  server.XceiverServerGrpc (XceiverServerGrpc.java:start(149)) - XceiverServerGrpc 8dfac8bb-ac55-4037-9602-aeb3f2552e23 is started using port 38355
2019-10-03 19:08:46,719 [main] INFO  ozone.MiniOzoneClusterImpl (MiniOzoneClusterImpl.java:lambda$waitForClusterToBeReady$0(147)) - Waiting for cluster to be ready. Got 0 of 7 DN Heartbeats.
2019-10-03 19:08:46,734 [Datanode State Machine Thread - 0] INFO  ozoneimpl.OzoneContainer (OzoneContainer.java:start(217)) - Attempting to start container services.
2019-10-03 19:08:46,734 [Datanode State Machine Thread - 0] INFO  ozoneimpl.OzoneContainer (OzoneContainer.java:startContainerScrub(179)) - Background container scanner has been disabled.
2019-10-03 19:08:46,734 [Datanode State Machine Thread - 0] INFO  ratis.XceiverServerRatis (XceiverServerRatis.java:start(417)) - Starting XceiverServerRatis df5b8e26-881d-4212-8963-ffb94316acfd at port 0
2019-10-03 19:08:46,740 [Datanode State Machine Thread - 0] INFO  impl.RaftServerProxy (RaftServerProxy.java:lambda$start$3(299)) - df5b8e26-881d-4212-8963-ffb94316acfd: start RPC server
2019-10-03 19:08:46,742 [Datanode State Machine Thread - 0] INFO  server.GrpcService (GrpcService.java:startImpl(158)) - df5b8e26-881d-4212-8963-ffb94316acfd: GrpcService started, listening on 0.0.0.0/0.0.0.0:33361
2019-10-03 19:08:46,742 [Datanode State Machine Thread - 0] INFO  ratis.XceiverServerRatis (XceiverServerRatis.java:start(427)) - XceiverServerRatis df5b8e26-881d-4212-8963-ffb94316acfd is started using port 33361
2019-10-03 19:08:46,742 [Datanode State Machine Thread - 0] INFO  server.XceiverServerGrpc (XceiverServerGrpc.java:start(149)) - XceiverServerGrpc df5b8e26-881d-4212-8963-ffb94316acfd is started using port 43221
2019-10-03 19:08:47,720 [main] INFO  ozone.MiniOzoneClusterImpl (MiniOzoneClusterImpl.java:lambda$waitForClusterToBeReady$0(147)) - Waiting for cluster to be ready. Got 0 of 7 DN Heartbeats.
2019-10-03 19:08:48,265 [IPC Server handler 5 on 46619] INFO  net.NetworkTopology (NetworkTopologyImpl.java:add(111)) - Added a new node: /default-rack/5eff80b7-68c7-467a-aaac-779d6ac2bab0
2019-10-03 19:08:48,267 [IPC Server handler 5 on 46619] INFO  node.SCMNodeManager (SCMNodeManager.java:register(266)) - Registered Data node : 5eff80b7-68c7-467a-aaac-779d6ac2bab0{ip: 192.168.157.195, host: pr-hdds-1720-trunk-rd9ht-2257799243, networkLocation: /default-rack, certSerialId: null}
2019-10-03 19:08:48,268 [EventQueue-NodeRegistrationContainerReportForDataNodeSafeModeRule] INFO  safemode.SCMSafeModeManager (DataNodeSafeModeRule.java:process(71)) - SCM in safe mode. 1 DataNodes registered, 1 required.
2019-10-03 19:08:48,269 [EventQueue-NodeRegistrationContainerReportForDataNodeSafeModeRule] INFO  safemode.SCMSafeModeManager (SCMSafeModeManager.java:validateSafeModeExitRules(177)) - ScmSafeModeManager, all rules are successfully validated
2019-10-03 19:08:48,269 [EventQueue-NodeRegistrationContainerReportForDataNodeSafeModeRule] INFO  safemode.SCMSafeModeManager (SCMSafeModeManager.java:exitSafeMode(193)) - SCM exiting safe mode.
2019-10-03 19:08:48,277 [grpc-default-executor-5] INFO  impl.RaftServerProxy (RaftServerProxy.java:addNew(89)) - 5eff80b7-68c7-467a-aaac-779d6ac2bab0: addNew group-A1A479B7394A:[5eff80b7-68c7-467a-aaac-779d6ac2bab0:192.168.157.195:34812] returns group-A1A479B7394A:java.util.concurrent.CompletableFuture@6a5e338c[Not completed]
2019-10-03 19:08:48,279 [pool-383-thread-1] INFO  impl.RaftServerImpl (RaftServerImpl.java:<init>(95)) - 5eff80b7-68c7-467a-aaac-779d6ac2bab0: new RaftServerImpl for group-A1A479B7394A:[5eff80b7-68c7-467a-aaac-779d6ac2bab0:192.168.157.195:34812] with ContainerStateMachine:uninitialized
2019-10-03 19:08:48,280 [pool-383-thread-1] INFO  server.RaftServerConfigKeys (ConfUtils.java:logGet(43)) - raft.server.rpc.timeout.min = 5s (custom)
2019-10-03 19:08:48,280 [pool-383-thread-1] INFO  server.RaftServerConfigKeys (ConfUtils.java:logGet(43)) - raft.server.rpc.timeout.max = 5200ms (custom)
2019-10-03 19:08:48,280 [pool-383-thread-1] INFO  server.RaftServerConfigKeys (ConfUtils.java:logGet(43)) - raft.server.rpcslowness.timeout = 120s (custom)
2019-10-03 19:08:48,280 [pool-383-thread-1] INFO  server.RaftServerConfigKeys (ConfUtils.java:logGet(43)) - raft.server.sleep.deviation.threshold = 300 (default)
2019-10-03 19:08:48,280 [pool-383-thread-1] INFO  server.RaftServerConfigKeys (ConfUtils.java:logGet(43)) - raft.server.log.appender.install.snapshot.enabled = false (custom)
2019-10-03 19:08:48,280 [pool-383-thread-1] INFO  impl.RaftServerImpl (ServerState.java:<init>(103)) - 5eff80b7-68c7-467a-aaac-779d6ac2bab0@group-A1A479B7394A: ConfigurationManager, init=-1: [5eff80b7-68c7-467a-aaac-779d6ac2bab0:192.168.157.195:34812], old=null, confs=<EMPTY_MAP>
2019-10-03 19:08:48,281 [pool-383-thread-1] INFO  server.RaftServerConfigKeys (ConfUtils.java:logGet(43)) - raft.server.storage.dir = [/workdir/hadoop-ozone/integration-test/target/test-dir/MiniOzoneClusterImpl-32ce1286-658f-4fcc-af14-234b6f62532c/datanode-0/data/ratis] (custom)
2019-10-03 19:08:48,281 [pool-383-thread-1] INFO  server.RaftServerConfigKeys (ConfUtils.java:logGet(43)) - raft.server.log.corruption.policy = EXCEPTION (default)
2019-10-03 19:08:48,281 [pool-383-thread-1] INFO  storage.RaftStorageDirectory (RaftStorageDirectory.java:analyzeStorage(246)) - The storage directory /workdir/hadoop-ozone/integration-test/target/test-dir/MiniOzoneClusterImpl-32ce1286-658f-4fcc-af14-234b6f62532c/datanode-0/data/ratis/f22b6137-1bb6-478b-b96c-a1a479b7394a does not exist. Creating ...
2019-10-03 19:08:48,295 [pool-383-thread-1] INFO  storage.RaftStorageDirectory (RaftStorageDirectory.java:tryLock(328)) - Lock on /workdir/hadoop-ozone/integration-test/target/test-dir/MiniOzoneClusterImpl-32ce1286-658f-4fcc-af14-234b6f62532c/datanode-0/data/ratis/f22b6137-1bb6-478b-b96c-a1a479b7394a/in_use.lock acquired by nodename 974@pr-hdds-1720-trunk-rd9ht-2257799243
2019-10-03 19:08:48,308 [pool-383-thread-1] INFO  storage.RaftStorage (RaftStorage.java:format(84)) - Storage directory /workdir/hadoop-ozone/integration-test/target/test-dir/MiniOzoneClusterImpl-32ce1286-658f-4fcc-af14-234b6f62532c/datanode-0/data/ratis/f22b6137-1bb6-478b-b96c-a1a479b7394a has been successfully formatted.
2019-10-03 19:08:48,308 [pool-383-thread-1] INFO  ratis.ContainerStateMachine (ContainerStateMachine.java:loadSnapshot(230)) - group-A1A479B7394A: The snapshot info is null. Setting the last applied indexto:(t:0, i:~)
2019-10-03 19:08:48,308 [pool-383-thread-1] INFO  server.RaftServerConfigKeys (ConfUtils.java:logGet(43)) - raft.server.notification.no-leader.timeout = 120s (custom)
2019-10-03 19:08:48,308 [pool-383-thread-1] INFO  server.RaftServerConfigKeys (ConfUtils.java:logGet(43)) - raft.server.log.use.memory = false (default)
2019-10-03 19:08:48,308 [pool-383-thread-1] INFO  server.RaftServerConfigKeys (ConfUtils.java:logGet(43)) - raft.server.log.purge.gap = 1000000 (custom)
2019-10-03 19:08:48,309 [pool-383-thread-1] INFO  server.RaftServerConfigKeys (ConfUtils.java:logGet(43)) - raft.server.log.appender.buffer.byte-limit = 33554432 (custom)
2019-10-03 19:08:48,309 [pool-383-thread-1] INFO  server.RaftServerConfigKeys (ConfUtils.java:logGet(43)) - raft.server.log.segment.size.max = 1048576 (custom)
2019-10-03 19:08:48,312 [pool-383-thread-1] INFO  server.RaftServerConfigKeys (ConfUtils.java:logGet(43)) - raft.server.log.segment.cache.num.max = 2 (custom)
2019-10-03 19:08:48,312 [pool-383-thread-1] INFO  segmented.SegmentedRaftLogWorker (SegmentedRaftLogWorker.java:<init>(173)) - new 5eff80b7-68c7-467a-aaac-779d6ac2bab0@group-A1A479B7394A-SegmentedRaftLogWorker for RaftStorage:Storage Directory /workdir/hadoop-ozone/integration-test/target/test-dir/MiniOzoneClusterImpl-32ce1286-658f-4fcc-af14-234b6f62532c/datanode-0/data/ratis/f22b6137-1bb6-478b-b96c-a1a479b7394a
2019-10-03 19:08:48,312 [pool-383-thread-1] INFO  server.RaftServerConfigKeys (ConfUtils.java:logGet(43)) - raft.server.log.queue.byte-limit = 2147483647 (custom)
2019-10-03 19:08:48,312 [pool-383-thread-1] INFO  server.RaftServerConfigKeys (ConfUtils.java:logGet(43)) - raft.server.log.queue.element-limit = 1024 (custom)
2019-10-03 19:08:48,313 [pool-383-thread-1] INFO  server.RaftServerConfigKeys (ConfUtils.java:logGet(43)) - raft.server.log.segment.size.max = 1048576 (custom)
2019-10-03 19:08:48,313 [pool-383-thread-1] INFO  server.RaftServerConfigKeys (ConfUtils.java:logGet(43)) - raft.server.log.preallocated.size = 16384 (custom)
2019-10-03 19:08:48,313 [pool-383-thread-1] INFO  server.RaftServerConfigKeys (ConfUtils.java:logGet(43)) - raft.server.log.write.buffer.size = 33554432 (custom)
2019-10-03 19:08:48,313 [pool-383-thread-1] INFO  server.RaftServerConfigKeys (ConfUtils.java:logGet(43)) - raft.server.log.force.sync.num = 128 (default)
2019-10-03 19:08:48,313 [pool-383-thread-1] INFO  server.RaftServerConfigKeys (ConfUtils.java:logGet(43)) - raft.server.log.statemachine.data.sync = true (default)
2019-10-03 19:08:48,313 [pool-383-thread-1] INFO  server.RaftServerConfigKeys (ConfUtils.java:logGet(43)) - raft.server.log.statemachine.data.sync.timeout = 10s (default)
2019-10-03 19:08:48,313 [pool-383-thread-1] INFO  server.RaftServerConfigKeys (ConfUtils.java:logGet(43)) - raft.server.log.statemachine.data.sync.timeout.retry = -1 (default)
2019-10-03 19:08:48,314 [pool-383-thread-1] INFO  server.RaftServerConfigKeys (ConfUtils.java:logGet(43)) - raft.server.log.statemachine.data.caching.enabled = true (custom)
2019-10-03 19:08:48,314 [pool-383-thread-1] INFO  segmented.SegmentedRaftLogWorker (SegmentedRaftLogWorker.java:lambda$new$0(128)) - 5eff80b7-68c7-467a-aaac-779d6ac2bab0@group-A1A479B7394A-SegmentedRaftLogWorker: flushIndex: setUnconditionally 0 -> -1
2019-10-03 19:08:48,314 [pool-383-thread-1] INFO  server.RaftServerConfigKeys (ConfUtils.java:logGet(43)) - raft.server.snapshot.auto.trigger.enabled = true (custom)
2019-10-03 19:08:48,315 [pool-383-thread-1] INFO  server.RaftServerConfigKeys (ConfUtils.java:logGet(43)) - raft.server.snapshot.auto.trigger.threshold = 10000 (custom)
2019-10-03 19:08:48,315 [pool-383-thread-1] INFO  server.RaftServerConfigKeys (ConfUtils.java:logGet(43)) - raft.server.snapshot.retention.file.num = 5 (custom)
2019-10-03 19:08:48,315 [pool-383-thread-1] INFO  server.RaftServerConfigKeys (ConfUtils.java:logGet(43)) - raft.server.retrycache.expirytime = 600000ms (custom)
2019-10-03 19:08:48,317 [pool-383-thread-1] INFO  impl.RaftServerImpl (RaftServerImpl.java:start(181)) - 5eff80b7-68c7-467a-aaac-779d6ac2bab0@group-A1A479B7394A: start as a follower, conf=-1: [5eff80b7-68c7-467a-aaac-779d6ac2bab0:192.168.157.195:34812], old=null
2019-10-03 19:08:48,317 [pool-383-thread-1] INFO  impl.RaftServerImpl (RaftServerImpl.java:setRole(170)) - 5eff80b7-68c7-467a-aaac-779d6ac2bab0@group-A1A479B7394A: changes role from      null to FOLLOWER at term 0 for startAsFollower
2019-10-03 19:08:48,317 [pool-383-thread-1] INFO  impl.RoleInfo (RoleInfo.java:updateAndGet(143)) - 5eff80b7-68c7-467a-aaac-779d6ac2bab0: start FollowerState
2019-10-03 19:08:48,317 [pool-383-thread-1] INFO  util.JmxRegister (JmxRegister.java:tryRegister(44)) - Successfully registered JMX Bean with object name Ratis:service=RaftServer,group=group-A1A479B7394A,id=5eff80b7-68c7-467a-aaac-779d6ac2bab0
2019-10-03 19:08:48,321 [RatisPipelineUtilsThread] INFO  pipeline.PipelineStateManager (PipelineStateManager.java:addPipeline(56)) - Created pipeline Pipeline[ Id: f22b6137-1bb6-478b-b96c-a1a479b7394a, Nodes: 5eff80b7-68c7-467a-aaac-779d6ac2bab0{ip: 192.168.157.195, host: pr-hdds-1720-trunk-rd9ht-2257799243, networkLocation: /default-rack, certSerialId: null}, Type:RATIS, Factor:ONE, State:OPEN]
2019-10-03 19:08:48,346 [IPC Server handler 6 on 46619] INFO  net.NetworkTopology (NetworkTopologyImpl.java:add(111)) - Added a new node: /default-rack/779b529b-984c-4b64-87cb-a33b74abd8c9
2019-10-03 19:08:48,346 [IPC Server handler 6 on 46619] INFO  node.SCMNodeManager (SCMNodeManager.java:register(266)) - Registered Data node : 779b529b-984c-4b64-87cb-a33b74abd8c9{ip: 192.168.157.195, host: pr-hdds-1720-trunk-rd9ht-2257799243, networkLocation: /default-rack, certSerialId: null}
2019-10-03 19:08:48,352 [grpc-default-executor-5] INFO  impl.RaftServerProxy (RaftServerProxy.java:addNew(89)) - 779b529b-984c-4b64-87cb-a33b74abd8c9: addNew group-710B98096B6F:[779b529b-984c-4b64-87cb-a33b74abd8c9:192.168.157.195:44187] returns group-710B98096B6F:java.util.concurrent.CompletableFuture@b2f6f18[Not completed]
2019-10-03 19:08:48,353 [pool-393-thread-1] INFO  impl.RaftServerImpl (RaftServerImpl.java:<init>(95)) - 779b529b-984c-4b64-87cb-a33b74abd8c9: new RaftServerImpl for group-710B98096B6F:[779b529b-984c-4b64-87cb-a33b74abd8c9:192.168.157.195:44187] with ContainerStateMachine:uninitialized
2019-10-03 19:08:48,353 [pool-393-thread-1] INFO  server.RaftServerConfigKeys (ConfUtils.java:logGet(43)) - raft.server.rpc.timeout.min = 5s (custom)
2019-10-03 19:08:48,353 [pool-393-thread-1] INFO  server.RaftServerConfigKeys (ConfUtils.java:logGet(43)) - raft.server.rpc.timeout.max = 5200ms (custom)
2019-10-03 19:08:48,354 [pool-393-thread-1] INFO  server.RaftServerConfigKeys (ConfUtils.java:logGet(43)) - raft.server.rpcslowness.timeout = 120s (custom)
2019-10-03 19:08:48,354 [pool-393-thread-1] INFO  server.RaftServerConfigKeys (ConfUtils.java:logGet(43)) - raft.server.sleep.deviation.threshold = 300 (default)
2019-10-03 19:08:48,354 [pool-393-thread-1] INFO  server.RaftServerConfigKeys (ConfUtils.java:logGet(43)) - raft.server.log.appender.install.snapshot.enabled = false (custom)
2019-10-03 19:08:48,354 [pool-393-thread-1] INFO  impl.RaftServerImpl (ServerState.java:<init>(103)) - 779b529b-984c-4b64-87cb-a33b74abd8c9@group-710B98096B6F: ConfigurationManager, init=-1: [779b529b-984c-4b64-87cb-a33b74abd8c9:192.168.157.195:44187], old=null, confs=<EMPTY_MAP>
2019-10-03 19:08:48,354 [pool-393-thread-1] INFO  server.RaftServerConfigKeys (ConfUtils.java:logGet(43)) - raft.server.storage.dir = [/workdir/hadoop-ozone/integration-test/target/test-dir/MiniOzoneClusterImpl-32ce1286-658f-4fcc-af14-234b6f62532c/datanode-1/data/ratis] (custom)
2019-10-03 19:08:48,354 [pool-393-thread-1] INFO  server.RaftServerConfigKeys (ConfUtils.java:logGet(43)) - raft.server.log.corruption.policy = EXCEPTION (default)
2019-10-03 19:08:48,355 [pool-393-thread-1] INFO  storage.RaftStorageDirectory (RaftStorageDirectory.java:analyzeStorage(246)) - The storage directory /workdir/hadoop-ozone/integration-test/target/test-dir/MiniOzoneClusterImpl-32ce1286-658f-4fcc-af14-234b6f62532c/datanode-1/data/ratis/8156731a-184c-4cce-aed2-710b98096b6f does not exist. Creating ...
2019-10-03 19:08:48,367 [pool-393-thread-1] INFO  storage.RaftStorageDirectory (RaftStorageDirectory.java:tryLock(328)) - Lock on /workdir/hadoop-ozone/integration-test/target/test-dir/MiniOzoneClusterImpl-32ce1286-658f-4fcc-af14-234b6f62532c/datanode-1/data/ratis/8156731a-184c-4cce-aed2-710b98096b6f/in_use.lock acquired by nodename 974@pr-hdds-1720-trunk-rd9ht-2257799243
2019-10-03 19:08:48,380 [pool-393-thread-1] INFO  storage.RaftStorage (RaftStorage.java:format(84)) - Storage directory /workdir/hadoop-ozone/integration-test/target/test-dir/MiniOzoneClusterImpl-32ce1286-658f-4fcc-af14-234b6f62532c/datanode-1/data/ratis/8156731a-184c-4cce-aed2-710b98096b6f has been successfully formatted.
2019-10-03 19:08:48,381 [pool-393-thread-1] INFO  ratis.ContainerStateMachine (ContainerStateMachine.java:loadSnapshot(230)) - group-710B98096B6F: The snapshot info is null. Setting the last applied indexto:(t:0, i:~)
2019-10-03 19:08:48,381 [pool-393-thread-1] INFO  server.RaftServerConfigKeys (ConfUtils.java:logGet(43)) - raft.server.notification.no-leader.timeout = 120s (custom)
2019-10-03 19:08:48,381 [pool-393-thread-1] INFO  server.RaftServerConfigKeys (ConfUtils.java:logGet(43)) - raft.server.log.use.memory = false (default)
2019-10-03 19:08:48,381 [pool-393-thread-1] INFO  server.RaftServerConfigKeys (ConfUtils.java:logGet(43)) - raft.server.log.purge.gap = 1000000 (custom)
2019-10-03 19:08:48,381 [pool-393-thread-1] INFO  server.RaftServerConfigKeys (ConfUtils.java:logGet(43)) - raft.server.log.appender.buffer.byte-limit = 33554432 (custom)
2019-10-03 19:08:48,381 [pool-393-thread-1] INFO  server.RaftServerConfigKeys (ConfUtils.java:logGet(43)) - raft.server.log.segment.size.max = 1048576 (custom)
2019-10-03 19:08:48,382 [pool-393-thread-1] INFO  server.RaftServerConfigKeys (ConfUtils.java:logGet(43)) - raft.server.log.segment.cache.num.max = 2 (custom)
2019-10-03 19:08:48,383 [pool-393-thread-1] INFO  segmented.SegmentedRaftLogWorker (SegmentedRaftLogWorker.java:<init>(173)) - new 779b529b-984c-4b64-87cb-a33b74abd8c9@group-710B98096B6F-SegmentedRaftLogWorker for RaftStorage:Storage Directory /workdir/hadoop-ozone/integration-test/target/test-dir/MiniOzoneClusterImpl-32ce1286-658f-4fcc-af14-234b6f62532c/datanode-1/data/ratis/8156731a-184c-4cce-aed2-710b98096b6f
2019-10-03 19:08:48,383 [pool-393-thread-1] INFO  server.RaftServerConfigKeys (ConfUtils.java:logGet(43)) - raft.server.log.queue.byte-limit = 2147483647 (custom)
2019-10-03 19:08:48,383 [pool-393-thread-1] INFO  server.RaftServerConfigKeys (ConfUtils.java:logGet(43)) - raft.server.log.queue.element-limit = 1024 (custom)
2019-10-03 19:08:48,383 [pool-393-thread-1] INFO  server.RaftServerConfigKeys (ConfUtils.java:logGet(43)) - raft.server.log.segment.size.max = 1048576 (custom)
2019-10-03 19:08:48,383 [pool-393-thread-1] INFO  server.RaftServerConfigKeys (ConfUtils.java:logGet(43)) - raft.server.log.preallocated.size = 16384 (custom)
2019-10-03 19:08:48,383 [pool-393-thread-1] INFO  server.RaftServerConfigKeys (ConfUtils.java:logGet(43)) - raft.server.log.write.buffer.size = 33554432 (custom)
2019-10-03 19:08:48,383 [pool-393-thread-1] INFO  server.RaftServerConfigKeys (ConfUtils.java:logGet(43)) - raft.server.log.force.sync.num = 128 (default)
2019-10-03 19:08:48,383 [pool-393-thread-1] INFO  server.RaftServerConfigKeys (ConfUtils.java:logGet(43)) - raft.server.log.statemachine.data.sync = true (default)
2019-10-03 19:08:48,383 [pool-393-thread-1] INFO  server.RaftServerConfigKeys (ConfUtils.java:logGet(43)) - raft.server.log.statemachine.data.sync.timeout = 10s (default)
2019-10-03 19:08:48,383 [pool-393-thread-1] INFO  server.RaftServerConfigKeys (ConfUtils.java:logGet(43)) - raft.server.log.statemachine.data.sync.timeout.retry = -1 (default)
2019-10-03 19:08:48,384 [pool-393-thread-1] INFO  server.RaftServerConfigKeys (ConfUtils.java:logGet(43)) - raft.server.log.statemachine.data.caching.enabled = true (custom)
2019-10-03 19:08:48,384 [pool-393-thread-1] INFO  segmented.SegmentedRaftLogWorker (SegmentedRaftLogWorker.java:lambda$new$0(128)) - 779b529b-984c-4b64-87cb-a33b74abd8c9@group-710B98096B6F-SegmentedRaftLogWorker: flushIndex: setUnconditionally 0 -> -1
2019-10-03 19:08:48,384 [pool-393-thread-1] INFO  server.RaftServerConfigKeys (ConfUtils.java:logGet(43)) - raft.server.snapshot.auto.trigger.enabled = true (custom)
2019-10-03 19:08:48,384 [pool-393-thread-1] INFO  server.RaftServerConfigKeys (ConfUtils.java:logGet(43)) - raft.server.snapshot.auto.trigger.threshold = 10000 (custom)
2019-10-03 19:08:48,384 [pool-393-thread-1] INFO  server.RaftServerConfigKeys (ConfUtils.java:logGet(43)) - raft.server.snapshot.retention.file.num = 5 (custom)
2019-10-03 19:08:48,385 [pool-393-thread-1] INFO  server.RaftServerConfigKeys (ConfUtils.java:logGet(43)) - raft.server.retrycache.expirytime = 600000ms (custom)
2019-10-03 19:08:48,386 [pool-393-thread-1] INFO  impl.RaftServerImpl (RaftServerImpl.java:start(181)) - 779b529b-984c-4b64-87cb-a33b74abd8c9@group-710B98096B6F: start as a follower, conf=-1: [779b529b-984c-4b64-87cb-a33b74abd8c9:192.168.157.195:44187], old=null
2019-10-03 19:08:48,386 [pool-393-thread-1] INFO  impl.RaftServerImpl (RaftServerImpl.java:setRole(170)) - 779b529b-984c-4b64-87cb-a33b74abd8c9@group-710B98096B6F: changes role from      null to FOLLOWER at term 0 for startAsFollower
2019-10-03 19:08:48,386 [pool-393-thread-1] INFO  impl.RoleInfo (RoleInfo.java:updateAndGet(143)) - 779b529b-984c-4b64-87cb-a33b74abd8c9: start FollowerState
2019-10-03 19:08:48,386 [pool-393-thread-1] INFO  util.JmxRegister (JmxRegister.java:tryRegister(44)) - Successfully registered JMX Bean with object name Ratis:service=RaftServer,group=group-710B98096B6F,id=779b529b-984c-4b64-87cb-a33b74abd8c9
2019-10-03 19:08:48,390 [RatisPipelineUtilsThread] INFO  pipeline.PipelineStateManager (PipelineStateManager.java:addPipeline(56)) - Created pipeline Pipeline[ Id: 8156731a-184c-4cce-aed2-710b98096b6f, Nodes: 779b529b-984c-4b64-87cb-a33b74abd8c9{ip: 192.168.157.195, host: pr-hdds-1720-trunk-rd9ht-2257799243, networkLocation: /default-rack, certSerialId: null}, Type:RATIS, Factor:ONE, State:OPEN]
2019-10-03 19:08:48,414 [IPC Server handler 3 on 46619] INFO  net.NetworkTopology (NetworkTopologyImpl.java:add(111)) - Added a new node: /default-rack/98ed16b7-ff63-4f91-9da2-94c54335d507
2019-10-03 19:08:48,414 [IPC Server handler 3 on 46619] INFO  node.SCMNodeManager (SCMNodeManager.java:register(266)) - Registered Data node : 98ed16b7-ff63-4f91-9da2-94c54335d507{ip: 192.168.157.195, host: pr-hdds-1720-trunk-rd9ht-2257799243, networkLocation: /default-rack, certSerialId: null}
2019-10-03 19:08:48,419 [grpc-default-executor-5] INFO  impl.RaftServerProxy (RaftServerProxy.java:addNew(89)) - 98ed16b7-ff63-4f91-9da2-94c54335d507: addNew group-F368D0A730D7:[98ed16b7-ff63-4f91-9da2-94c54335d507:192.168.157.195:39250] returns group-F368D0A730D7:java.util.concurrent.CompletableFuture@6e3be1a9[Not completed]
2019-10-03 19:08:48,420 [pool-403-thread-1] INFO  impl.RaftServerImpl (RaftServerImpl.java:<init>(95)) - 98ed16b7-ff63-4f91-9da2-94c54335d507: new RaftServerImpl for group-F368D0A730D7:[98ed16b7-ff63-4f91-9da2-94c54335d507:192.168.157.195:39250] with ContainerStateMachine:uninitialized
2019-10-03 19:08:48,420 [pool-403-thread-1] INFO  server.RaftServerConfigKeys (ConfUtils.java:logGet(43)) - raft.server.rpc.timeout.min = 5s (custom)
2019-10-03 19:08:48,420 [pool-403-thread-1] INFO  server.RaftServerConfigKeys (ConfUtils.java:logGet(43)) - raft.server.rpc.timeout.max = 5200ms (custom)
2019-10-03 19:08:48,420 [pool-403-thread-1] INFO  server.RaftServerConfigKeys (ConfUtils.java:logGet(43)) - raft.server.rpcslowness.timeout = 120s (custom)
2019-10-03 19:08:48,421 [pool-403-thread-1] INFO  server.RaftServerConfigKeys (ConfUtils.java:logGet(43)) - raft.server.sleep.deviation.threshold = 300 (default)
2019-10-03 19:08:48,421 [pool-403-thread-1] INFO  server.RaftServerConfigKeys (ConfUtils.java:logGet(43)) - raft.server.log.appender.install.snapshot.enabled = false (custom)
2019-10-03 19:08:48,421 [pool-403-thread-1] INFO  impl.RaftServerImpl (ServerState.java:<init>(103)) - 98ed16b7-ff63-4f91-9da2-94c54335d507@group-F368D0A730D7: ConfigurationManager, init=-1: [98ed16b7-ff63-4f91-9da2-94c54335d507:192.168.157.195:39250], old=null, confs=<EMPTY_MAP>
2019-10-03 19:08:48,421 [pool-403-thread-1] INFO  server.RaftServerConfigKeys (ConfUtils.java:logGet(43)) - raft.server.storage.dir = [/workdir/hadoop-ozone/integration-test/target/test-dir/MiniOzoneClusterImpl-32ce1286-658f-4fcc-af14-234b6f62532c/datanode-2/data/ratis] (custom)
2019-10-03 19:08:48,421 [pool-403-thread-1] INFO  server.RaftServerConfigKeys (ConfUtils.java:logGet(43)) - raft.server.log.corruption.policy = EXCEPTION (default)
2019-10-03 19:08:48,421 [pool-403-thread-1] INFO  storage.RaftStorageDirectory (RaftStorageDirectory.java:analyzeStorage(246)) - The storage directory /workdir/hadoop-ozone/integration-test/target/test-dir/MiniOzoneClusterImpl-32ce1286-658f-4fcc-af14-234b6f62532c/datanode-2/data/ratis/49f73b84-8700-479f-9191-f368d0a730d7 does not exist. Creating ...
2019-10-03 19:08:48,431 [pool-403-thread-1] INFO  storage.RaftStorageDirectory (RaftStorageDirectory.java:tryLock(328)) - Lock on /workdir/hadoop-ozone/integration-test/target/test-dir/MiniOzoneClusterImpl-32ce1286-658f-4fcc-af14-234b6f62532c/datanode-2/data/ratis/49f73b84-8700-479f-9191-f368d0a730d7/in_use.lock acquired by nodename 974@pr-hdds-1720-trunk-rd9ht-2257799243
2019-10-03 19:08:48,445 [pool-403-thread-1] INFO  storage.RaftStorage (RaftStorage.java:format(84)) - Storage directory /workdir/hadoop-ozone/integration-test/target/test-dir/MiniOzoneClusterImpl-32ce1286-658f-4fcc-af14-234b6f62532c/datanode-2/data/ratis/49f73b84-8700-479f-9191-f368d0a730d7 has been successfully formatted.
2019-10-03 19:08:48,445 [pool-403-thread-1] INFO  ratis.ContainerStateMachine (ContainerStateMachine.java:loadSnapshot(230)) - group-F368D0A730D7: The snapshot info is null. Setting the last applied indexto:(t:0, i:~)
2019-10-03 19:08:48,446 [pool-403-thread-1] INFO  server.RaftServerConfigKeys (ConfUtils.java:logGet(43)) - raft.server.notification.no-leader.timeout = 120s (custom)
2019-10-03 19:08:48,446 [pool-403-thread-1] INFO  server.RaftServerConfigKeys (ConfUtils.java:logGet(43)) - raft.server.log.use.memory = false (default)
2019-10-03 19:08:48,446 [pool-403-thread-1] INFO  server.RaftServerConfigKeys (ConfUtils.java:logGet(43)) - raft.server.log.purge.gap = 1000000 (custom)
2019-10-03 19:08:48,446 [pool-403-thread-1] INFO  server.RaftServerConfigKeys (ConfUtils.java:logGet(43)) - raft.server.log.appender.buffer.byte-limit = 33554432 (custom)
2019-10-03 19:08:48,446 [pool-403-thread-1] INFO  server.RaftServerConfigKeys (ConfUtils.java:logGet(43)) - raft.server.log.segment.size.max = 1048576 (custom)
2019-10-03 19:08:48,447 [pool-403-thread-1] INFO  server.RaftServerConfigKeys (ConfUtils.java:logGet(43)) - raft.server.log.segment.cache.num.max = 2 (custom)
2019-10-03 19:08:48,447 [pool-403-thread-1] INFO  segmented.SegmentedRaftLogWorker (SegmentedRaftLogWorker.java:<init>(173)) - new 98ed16b7-ff63-4f91-9da2-94c54335d507@group-F368D0A730D7-SegmentedRaftLogWorker for RaftStorage:Storage Directory /workdir/hadoop-ozone/integration-test/target/test-dir/MiniOzoneClusterImpl-32ce1286-658f-4fcc-af14-234b6f62532c/datanode-2/data/ratis/49f73b84-8700-479f-9191-f368d0a730d7
2019-10-03 19:08:48,447 [pool-403-thread-1] INFO  server.RaftServerConfigKeys (ConfUtils.java:logGet(43)) - raft.server.log.queue.byte-limit = 2147483647 (custom)
2019-10-03 19:08:48,447 [pool-403-thread-1] INFO  server.RaftServerConfigKeys (ConfUtils.java:logGet(43)) - raft.server.log.queue.element-limit = 1024 (custom)
2019-10-03 19:08:48,448 [pool-403-thread-1] INFO  server.RaftServerConfigKeys (ConfUtils.java:logGet(43)) - raft.server.log.segment.size.max = 1048576 (custom)
2019-10-03 19:08:48,448 [pool-403-thread-1] INFO  server.RaftServerConfigKeys (ConfUtils.java:logGet(43)) - raft.server.log.preallocated.size = 16384 (custom)
2019-10-03 19:08:48,448 [pool-403-thread-1] INFO  server.RaftServerConfigKeys (ConfUtils.java:logGet(43)) - raft.server.log.write.buffer.size = 33554432 (custom)
2019-10-03 19:08:48,448 [pool-403-thread-1] INFO  server.RaftServerConfigKeys (ConfUtils.java:logGet(43)) - raft.server.log.force.sync.num = 128 (default)
2019-10-03 19:08:48,448 [pool-403-thread-1] INFO  server.RaftServerConfigKeys (ConfUtils.java:logGet(43)) - raft.server.log.statemachine.data.sync = true (default)
2019-10-03 19:08:48,448 [pool-403-thread-1] INFO  server.RaftServerConfigKeys (ConfUtils.java:logGet(43)) - raft.server.log.statemachine.data.sync.timeout = 10s (default)
2019-10-03 19:08:48,448 [pool-403-thread-1] INFO  server.RaftServerConfigKeys (ConfUtils.java:logGet(43)) - raft.server.log.statemachine.data.sync.timeout.retry = -1 (default)
2019-10-03 19:08:48,448 [pool-403-thread-1] INFO  server.RaftServerConfigKeys (ConfUtils.java:logGet(43)) - raft.server.log.statemachine.data.caching.enabled = true (custom)
2019-10-03 19:08:48,449 [pool-403-thread-1] INFO  segmented.SegmentedRaftLogWorker (SegmentedRaftLogWorker.java:lambda$new$0(128)) - 98ed16b7-ff63-4f91-9da2-94c54335d507@group-F368D0A730D7-SegmentedRaftLogWorker: flushIndex: setUnconditionally 0 -> -1
2019-10-03 19:08:48,449 [pool-403-thread-1] INFO  server.RaftServerConfigKeys (ConfUtils.java:logGet(43)) - raft.server.snapshot.auto.trigger.enabled = true (custom)
2019-10-03 19:08:48,449 [pool-403-thread-1] INFO  server.RaftServerConfigKeys (ConfUtils.java:logGet(43)) - raft.server.snapshot.auto.trigger.threshold = 10000 (custom)
2019-10-03 19:08:48,449 [pool-403-thread-1] INFO  server.RaftServerConfigKeys (ConfUtils.java:logGet(43)) - raft.server.snapshot.retention.file.num = 5 (custom)
2019-10-03 19:08:48,449 [pool-403-thread-1] INFO  server.RaftServerConfigKeys (ConfUtils.java:logGet(43)) - raft.server.retrycache.expirytime = 600000ms (custom)
2019-10-03 19:08:48,450 [pool-403-thread-1] INFO  impl.RaftServerImpl (RaftServerImpl.java:start(181)) - 98ed16b7-ff63-4f91-9da2-94c54335d507@group-F368D0A730D7: start as a follower, conf=-1: [98ed16b7-ff63-4f91-9da2-94c54335d507:192.168.157.195:39250], old=null
2019-10-03 19:08:48,450 [pool-403-thread-1] INFO  impl.RaftServerImpl (RaftServerImpl.java:setRole(170)) - 98ed16b7-ff63-4f91-9da2-94c54335d507@group-F368D0A730D7: changes role from      null to FOLLOWER at term 0 for startAsFollower
2019-10-03 19:08:48,450 [pool-403-thread-1] INFO  impl.RoleInfo (RoleInfo.java:updateAndGet(143)) - 98ed16b7-ff63-4f91-9da2-94c54335d507: start FollowerState
2019-10-03 19:08:48,451 [pool-403-thread-1] INFO  util.JmxRegister (JmxRegister.java:tryRegister(44)) - Successfully registered JMX Bean with object name Ratis:service=RaftServer,group=group-F368D0A730D7,id=98ed16b7-ff63-4f91-9da2-94c54335d507
2019-10-03 19:08:48,454 [RatisPipelineUtilsThread] INFO  pipeline.PipelineStateManager (PipelineStateManager.java:addPipeline(56)) - Created pipeline Pipeline[ Id: 49f73b84-8700-479f-9191-f368d0a730d7, Nodes: 98ed16b7-ff63-4f91-9da2-94c54335d507{ip: 192.168.157.195, host: pr-hdds-1720-trunk-rd9ht-2257799243, networkLocation: /default-rack, certSerialId: null}, Type:RATIS, Factor:ONE, State:OPEN]
2019-10-03 19:08:48,464 [grpc-default-executor-9] INFO  impl.RaftServerProxy (RaftServerProxy.java:addNew(89)) - 5eff80b7-68c7-467a-aaac-779d6ac2bab0: addNew group-7207CBC382EE:[98ed16b7-ff63-4f91-9da2-94c54335d507:192.168.157.195:39250, 5eff80b7-68c7-467a-aaac-779d6ac2bab0:192.168.157.195:34812, 779b529b-984c-4b64-87cb-a33b74abd8c9:192.168.157.195:44187] returns group-7207CBC382EE:java.util.concurrent.CompletableFuture@7d17fa8b[Not completed]
2019-10-03 19:08:48,464 [grpc-default-executor-8] INFO  impl.RaftServerProxy (RaftServerProxy.java:addNew(89)) - 779b529b-984c-4b64-87cb-a33b74abd8c9: addNew group-7207CBC382EE:[98ed16b7-ff63-4f91-9da2-94c54335d507:192.168.157.195:39250, 5eff80b7-68c7-467a-aaac-779d6ac2bab0:192.168.157.195:34812, 779b529b-984c-4b64-87cb-a33b74abd8c9:192.168.157.195:44187] returns group-7207CBC382EE:java.util.concurrent.CompletableFuture@19bf812a[Not completed]
2019-10-03 19:08:48,464 [grpc-default-executor-5] INFO  impl.RaftServerProxy (RaftServerProxy.java:addNew(89)) - 98ed16b7-ff63-4f91-9da2-94c54335d507: addNew group-7207CBC382EE:[98ed16b7-ff63-4f91-9da2-94c54335d507:192.168.157.195:39250, 5eff80b7-68c7-467a-aaac-779d6ac2bab0:192.168.157.195:34812, 779b529b-984c-4b64-87cb-a33b74abd8c9:192.168.157.195:44187] returns group-7207CBC382EE:java.util.concurrent.CompletableFuture@39307357[Not completed]
2019-10-03 19:08:48,465 [pool-383-thread-1] INFO  impl.RaftServerImpl (RaftServerImpl.java:<init>(95)) - 5eff80b7-68c7-467a-aaac-779d6ac2bab0: new RaftServerImpl for group-7207CBC382EE:[98ed16b7-ff63-4f91-9da2-94c54335d507:192.168.157.195:39250, 5eff80b7-68c7-467a-aaac-779d6ac2bab0:192.168.157.195:34812, 779b529b-984c-4b64-87cb-a33b74abd8c9:192.168.157.195:44187] with ContainerStateMachine:uninitialized
2019-10-03 19:08:48,465 [pool-383-thread-1] INFO  server.RaftServerConfigKeys (ConfUtils.java:logGet(43)) - raft.server.rpc.timeout.min = 5s (custom)
2019-10-03 19:08:48,465 [pool-383-thread-1] INFO  server.RaftServerConfigKeys (ConfUtils.java:logGet(43)) - raft.server.rpc.timeout.max = 5200ms (custom)
2019-10-03 19:08:48,465 [pool-383-thread-1] INFO  server.RaftServerConfigKeys (ConfUtils.java:logGet(43)) - raft.server.rpcslowness.timeout = 120s (custom)
2019-10-03 19:08:48,465 [pool-403-thread-1] INFO  impl.RaftServerImpl (RaftServerImpl.java:<init>(95)) - 98ed16b7-ff63-4f91-9da2-94c54335d507: new RaftServerImpl for group-7207CBC382EE:[98ed16b7-ff63-4f91-9da2-94c54335d507:192.168.157.195:39250, 5eff80b7-68c7-467a-aaac-779d6ac2bab0:192.168.157.195:34812, 779b529b-984c-4b64-87cb-a33b74abd8c9:192.168.157.195:44187] with ContainerStateMachine:uninitialized
2019-10-03 19:08:48,465 [pool-383-thread-1] INFO  server.RaftServerConfigKeys (ConfUtils.java:logGet(43)) - raft.server.sleep.deviation.threshold = 300 (default)
2019-10-03 19:08:48,465 [pool-403-thread-1] INFO  server.RaftServerConfigKeys (ConfUtils.java:logGet(43)) - raft.server.rpc.timeout.min = 5s (custom)
2019-10-03 19:08:48,465 [pool-383-thread-1] INFO  server.RaftServerConfigKeys (ConfUtils.java:logGet(43)) - raft.server.log.appender.install.snapshot.enabled = false (custom)
2019-10-03 19:08:48,466 [pool-393-thread-1] INFO  impl.RaftServerImpl (RaftServerImpl.java:<init>(95)) - 779b529b-984c-4b64-87cb-a33b74abd8c9: new RaftServerImpl for group-7207CBC382EE:[98ed16b7-ff63-4f91-9da2-94c54335d507:192.168.157.195:39250, 5eff80b7-68c7-467a-aaac-779d6ac2bab0:192.168.157.195:34812, 779b529b-984c-4b64-87cb-a33b74abd8c9:192.168.157.195:44187] with ContainerStateMachine:uninitialized
2019-10-03 19:08:48,466 [pool-403-thread-1] INFO  server.RaftServerConfigKeys (ConfUtils.java:logGet(43)) - raft.server.rpc.timeout.max = 5200ms (custom)
2019-10-03 19:08:48,466 [pool-393-thread-1] INFO  server.RaftServerConfigKeys (ConfUtils.java:logGet(43)) - raft.server.rpc.timeout.min = 5s (custom)
2019-10-03 19:08:48,466 [pool-383-thread-1] INFO  impl.RaftServerImpl (ServerState.java:<init>(103)) - 5eff80b7-68c7-467a-aaac-779d6ac2bab0@group-7207CBC382EE: ConfigurationManager, init=-1: [98ed16b7-ff63-4f91-9da2-94c54335d507:192.168.157.195:39250, 5eff80b7-68c7-467a-aaac-779d6ac2bab0:192.168.157.195:34812, 779b529b-984c-4b64-87cb-a33b74abd8c9:192.168.157.195:44187], old=null, confs=<EMPTY_MAP>
2019-10-03 19:08:48,466 [pool-393-thread-1] INFO  server.RaftServerConfigKeys (ConfUtils.java:logGet(43)) - raft.server.rpc.timeout.max = 5200ms (custom)
2019-10-03 19:08:48,466 [pool-403-thread-1] INFO  server.RaftServerConfigKeys (ConfUtils.java:logGet(43)) - raft.server.rpcslowness.timeout = 120s (custom)
2019-10-03 19:08:48,466 [pool-393-thread-1] INFO  server.RaftServerConfigKeys (ConfUtils.java:logGet(43)) - raft.server.rpcslowness.timeout = 120s (custom)
2019-10-03 19:08:48,466 [pool-383-thread-1] INFO  server.RaftServerConfigKeys (ConfUtils.java:logGet(43)) - raft.server.storage.dir = [/workdir/hadoop-ozone/integration-test/target/test-dir/MiniOzoneClusterImpl-32ce1286-658f-4fcc-af14-234b6f62532c/datanode-0/data/ratis] (custom)
2019-10-03 19:08:48,466 [pool-393-thread-1] INFO  server.RaftServerConfigKeys (ConfUtils.java:logGet(43)) - raft.server.sleep.deviation.threshold = 300 (default)
2019-10-03 19:08:48,466 [pool-393-thread-1] INFO  server.RaftServerConfigKeys (ConfUtils.java:logGet(43)) - raft.server.log.appender.install.snapshot.enabled = false (custom)
2019-10-03 19:08:48,466 [pool-403-thread-1] INFO  server.RaftServerConfigKeys (ConfUtils.java:logGet(43)) - raft.server.sleep.deviation.threshold = 300 (default)
2019-10-03 19:08:48,467 [pool-393-thread-1] INFO  impl.RaftServerImpl (ServerState.java:<init>(103)) - 779b529b-984c-4b64-87cb-a33b74abd8c9@group-7207CBC382EE: ConfigurationManager, init=-1: [98ed16b7-ff63-4f91-9da2-94c54335d507:192.168.157.195:39250, 5eff80b7-68c7-467a-aaac-779d6ac2bab0:192.168.157.195:34812, 779b529b-984c-4b64-87cb-a33b74abd8c9:192.168.157.195:44187], old=null, confs=<EMPTY_MAP>
2019-10-03 19:08:48,466 [pool-383-thread-1] INFO  server.RaftServerConfigKeys (ConfUtils.java:logGet(43)) - raft.server.log.corruption.policy = EXCEPTION (default)
2019-10-03 19:08:48,467 [pool-393-thread-1] INFO  server.RaftServerConfigKeys (ConfUtils.java:logGet(43)) - raft.server.storage.dir = [/workdir/hadoop-ozone/integration-test/target/test-dir/MiniOzoneClusterImpl-32ce1286-658f-4fcc-af14-234b6f62532c/datanode-1/data/ratis] (custom)
2019-10-03 19:08:48,467 [pool-403-thread-1] INFO  server.RaftServerConfigKeys (ConfUtils.java:logGet(43)) - raft.server.log.appender.install.snapshot.enabled = false (custom)
2019-10-03 19:08:48,467 [pool-393-thread-1] INFO  server.RaftServerConfigKeys (ConfUtils.java:logGet(43)) - raft.server.log.corruption.policy = EXCEPTION (default)
2019-10-03 19:08:48,467 [pool-383-thread-1] INFO  storage.RaftStorageDirectory (RaftStorageDirectory.java:analyzeStorage(246)) - The storage directory /workdir/hadoop-ozone/integration-test/target/test-dir/MiniOzoneClusterImpl-32ce1286-658f-4fcc-af14-234b6f62532c/datanode-0/data/ratis/d955b943-80cf-404f-9666-7207cbc382ee does not exist. Creating ...
2019-10-03 19:08:48,467 [pool-393-thread-1] INFO  storage.RaftStorageDirectory (RaftStorageDirectory.java:analyzeStorage(246)) - The storage directory /workdir/hadoop-ozone/integration-test/target/test-dir/MiniOzoneClusterImpl-32ce1286-658f-4fcc-af14-234b6f62532c/datanode-1/data/ratis/d955b943-80cf-404f-9666-7207cbc382ee does not exist. Creating ...
2019-10-03 19:08:48,467 [pool-403-thread-1] INFO  impl.RaftServerImpl (ServerState.java:<init>(103)) - 98ed16b7-ff63-4f91-9da2-94c54335d507@group-7207CBC382EE: ConfigurationManager, init=-1: [98ed16b7-ff63-4f91-9da2-94c54335d507:192.168.157.195:39250, 5eff80b7-68c7-467a-aaac-779d6ac2bab0:192.168.157.195:34812, 779b529b-984c-4b64-87cb-a33b74abd8c9:192.168.157.195:44187], old=null, confs=<EMPTY_MAP>
2019-10-03 19:08:48,467 [pool-403-thread-1] INFO  server.RaftServerConfigKeys (ConfUtils.java:logGet(43)) - raft.server.storage.dir = [/workdir/hadoop-ozone/integration-test/target/test-dir/MiniOzoneClusterImpl-32ce1286-658f-4fcc-af14-234b6f62532c/datanode-2/data/ratis] (custom)
2019-10-03 19:08:48,468 [pool-403-thread-1] INFO  server.RaftServerConfigKeys (ConfUtils.java:logGet(43)) - raft.server.log.corruption.policy = EXCEPTION (default)
2019-10-03 19:08:48,468 [pool-403-thread-1] INFO  storage.RaftStorageDirectory (RaftStorageDirectory.java:analyzeStorage(246)) - The storage directory /workdir/hadoop-ozone/integration-test/target/test-dir/MiniOzoneClusterImpl-32ce1286-658f-4fcc-af14-234b6f62532c/datanode-2/data/ratis/d955b943-80cf-404f-9666-7207cbc382ee does not exist. Creating ...
2019-10-03 19:08:48,471 [pool-383-thread-1] INFO  storage.RaftStorageDirectory (RaftStorageDirectory.java:tryLock(328)) - Lock on /workdir/hadoop-ozone/integration-test/target/test-dir/MiniOzoneClusterImpl-32ce1286-658f-4fcc-af14-234b6f62532c/datanode-0/data/ratis/d955b943-80cf-404f-9666-7207cbc382ee/in_use.lock acquired by nodename 974@pr-hdds-1720-trunk-rd9ht-2257799243
2019-10-03 19:08:48,471 [pool-393-thread-1] INFO  storage.RaftStorageDirectory (RaftStorageDirectory.java:tryLock(328)) - Lock on /workdir/hadoop-ozone/integration-test/target/test-dir/MiniOzoneClusterImpl-32ce1286-658f-4fcc-af14-234b6f62532c/datanode-1/data/ratis/d955b943-80cf-404f-9666-7207cbc382ee/in_use.lock acquired by nodename 974@pr-hdds-1720-trunk-rd9ht-2257799243
2019-10-03 19:08:48,471 [pool-403-thread-1] INFO  storage.RaftStorageDirectory (RaftStorageDirectory.java:tryLock(328)) - Lock on /workdir/hadoop-ozone/integration-test/target/test-dir/MiniOzoneClusterImpl-32ce1286-658f-4fcc-af14-234b6f62532c/datanode-2/data/ratis/d955b943-80cf-404f-9666-7207cbc382ee/in_use.lock acquired by nodename 974@pr-hdds-1720-trunk-rd9ht-2257799243
2019-10-03 19:08:48,481 [IPC Server handler 1 on 46619] INFO  net.NetworkTopology (NetworkTopologyImpl.java:add(111)) - Added a new node: /default-rack/69060872-8452-4d78-be65-f18cabeb2bfe
2019-10-03 19:08:48,481 [IPC Server handler 1 on 46619] INFO  node.SCMNodeManager (SCMNodeManager.java:register(266)) - Registered Data node : 69060872-8452-4d78-be65-f18cabeb2bfe{ip: 192.168.157.195, host: pr-hdds-1720-trunk-rd9ht-2257799243, networkLocation: /default-rack, certSerialId: null}
2019-10-03 19:08:48,483 [pool-403-thread-1] INFO  storage.RaftStorage (RaftStorage.java:format(84)) - Storage directory /workdir/hadoop-ozone/integration-test/target/test-dir/MiniOzoneClusterImpl-32ce1286-658f-4fcc-af14-234b6f62532c/datanode-2/data/ratis/d955b943-80cf-404f-9666-7207cbc382ee has been successfully formatted.
2019-10-03 19:08:48,484 [pool-383-thread-1] INFO  storage.RaftStorage (RaftStorage.java:format(84)) - Storage directory /workdir/hadoop-ozone/integration-test/target/test-dir/MiniOzoneClusterImpl-32ce1286-658f-4fcc-af14-234b6f62532c/datanode-0/data/ratis/d955b943-80cf-404f-9666-7207cbc382ee has been successfully formatted.
2019-10-03 19:08:48,484 [pool-393-thread-1] INFO  storage.RaftStorage (RaftStorage.java:format(84)) - Storage directory /workdir/hadoop-ozone/integration-test/target/test-dir/MiniOzoneClusterImpl-32ce1286-658f-4fcc-af14-234b6f62532c/datanode-1/data/ratis/d955b943-80cf-404f-9666-7207cbc382ee has been successfully formatted.
2019-10-03 19:08:48,484 [pool-403-thread-1] INFO  ratis.ContainerStateMachine (ContainerStateMachine.java:loadSnapshot(230)) - group-7207CBC382EE: The snapshot info is null. Setting the last applied indexto:(t:0, i:~)
2019-10-03 19:08:48,484 [pool-393-thread-1] INFO  ratis.ContainerStateMachine (ContainerStateMachine.java:loadSnapshot(230)) - group-7207CBC382EE: The snapshot info is null. Setting the last applied indexto:(t:0, i:~)
2019-10-03 19:08:48,484 [pool-403-thread-1] INFO  server.RaftServerConfigKeys (ConfUtils.java:logGet(43)) - raft.server.notification.no-leader.timeout = 120s (custom)
2019-10-03 19:08:48,484 [pool-383-thread-1] INFO  ratis.ContainerStateMachine (ContainerStateMachine.java:loadSnapshot(230)) - group-7207CBC382EE: The snapshot info is null. Setting the last applied indexto:(t:0, i:~)
2019-10-03 19:08:48,484 [pool-403-thread-1] INFO  server.RaftServerConfigKeys (ConfUtils.java:logGet(43)) - raft.server.log.use.memory = false (default)
2019-10-03 19:08:48,484 [pool-393-thread-1] INFO  server.RaftServerConfigKeys (ConfUtils.java:logGet(43)) - raft.server.notification.no-leader.timeout = 120s (custom)
2019-10-03 19:08:48,484 [pool-403-thread-1] INFO  server.RaftServerConfigKeys (ConfUtils.java:logGet(43)) - raft.server.log.purge.gap = 1000000 (custom)
2019-10-03 19:08:48,484 [pool-383-thread-1] INFO  server.RaftServerConfigKeys (ConfUtils.java:logGet(43)) - raft.server.notification.no-leader.timeout = 120s (custom)
2019-10-03 19:08:48,485 [pool-403-thread-1] INFO  server.RaftServerConfigKeys (ConfUtils.java:logGet(43)) - raft.server.log.appender.buffer.byte-limit = 33554432 (custom)
2019-10-03 19:08:48,484 [pool-393-thread-1] INFO  server.RaftServerConfigKeys (ConfUtils.java:logGet(43)) - raft.server.log.use.memory = false (default)
2019-10-03 19:08:48,485 [pool-403-thread-1] INFO  server.RaftServerConfigKeys (ConfUtils.java:logGet(43)) - raft.server.log.segment.size.max = 1048576 (custom)
2019-10-03 19:08:48,485 [pool-383-thread-1] INFO  server.RaftServerConfigKeys (ConfUtils.java:logGet(43)) - raft.server.log.use.memory = false (default)
2019-10-03 19:08:48,485 [pool-403-thread-1] INFO  server.RaftServerConfigKeys (ConfUtils.java:logGet(43)) - raft.server.log.segment.cache.num.max = 2 (custom)
2019-10-03 19:08:48,485 [pool-393-thread-1] INFO  server.RaftServerConfigKeys (ConfUtils.java:logGet(43)) - raft.server.log.purge.gap = 1000000 (custom)
2019-10-03 19:08:48,485 [pool-403-thread-1] INFO  segmented.SegmentedRaftLogWorker (SegmentedRaftLogWorker.java:<init>(173)) - new 98ed16b7-ff63-4f91-9da2-94c54335d507@group-7207CBC382EE-SegmentedRaftLogWorker for RaftStorage:Storage Directory /workdir/hadoop-ozone/integration-test/target/test-dir/MiniOzoneClusterImpl-32ce1286-658f-4fcc-af14-234b6f62532c/datanode-2/data/ratis/d955b943-80cf-404f-9666-7207cbc382ee
2019-10-03 19:08:48,485 [pool-403-thread-1] INFO  server.RaftServerConfigKeys (ConfUtils.java:logGet(43)) - raft.server.log.queue.byte-limit = 2147483647 (custom)
2019-10-03 19:08:48,485 [pool-383-thread-1] INFO  server.RaftServerConfigKeys (ConfUtils.java:logGet(43)) - raft.server.log.purge.gap = 1000000 (custom)
2019-10-03 19:08:48,485 [pool-403-thread-1] INFO  server.RaftServerConfigKeys (ConfUtils.java:logGet(43)) - raft.server.log.queue.element-limit = 1024 (custom)
2019-10-03 19:08:48,485 [pool-393-thread-1] INFO  server.RaftServerConfigKeys (ConfUtils.java:logGet(43)) - raft.server.log.appender.buffer.byte-limit = 33554432 (custom)
2019-10-03 19:08:48,486 [pool-403-thread-1] INFO  server.RaftServerConfigKeys (ConfUtils.java:logGet(43)) - raft.server.log.segment.size.max = 1048576 (custom)
2019-10-03 19:08:48,486 [pool-383-thread-1] INFO  server.RaftServerConfigKeys (ConfUtils.java:logGet(43)) - raft.server.log.appender.buffer.byte-limit = 33554432 (custom)
2019-10-03 19:08:48,486 [pool-403-thread-1] INFO  server.RaftServerConfigKeys (ConfUtils.java:logGet(43)) - raft.server.log.preallocated.size = 16384 (custom)
2019-10-03 19:08:48,486 [pool-393-thread-1] INFO  server.RaftServerConfigKeys (ConfUtils.java:logGet(43)) - raft.server.log.segment.size.max = 1048576 (custom)
2019-10-03 19:08:48,486 [pool-403-thread-1] INFO  server.RaftServerConfigKeys (ConfUtils.java:logGet(43)) - raft.server.log.write.buffer.size = 33554432 (custom)
2019-10-03 19:08:48,486 [pool-383-thread-1] INFO  server.RaftServerConfigKeys (ConfUtils.java:logGet(43)) - raft.server.log.segment.size.max = 1048576 (custom)
2019-10-03 19:08:48,486 [pool-403-thread-1] INFO  server.RaftServerConfigKeys (ConfUtils.java:logGet(43)) - raft.server.log.force.sync.num = 128 (default)
2019-10-03 19:08:48,486 [pool-393-thread-1] INFO  server.RaftServerConfigKeys (ConfUtils.java:logGet(43)) - raft.server.log.segment.cache.num.max = 2 (custom)
2019-10-03 19:08:48,486 [pool-403-thread-1] INFO  server.RaftServerConfigKeys (ConfUtils.java:logGet(43)) - raft.server.log.statemachine.data.sync = true (default)
2019-10-03 19:08:48,486 [pool-383-thread-1] INFO  server.RaftServerConfigKeys (ConfUtils.java:logGet(43)) - raft.server.log.segment.cache.num.max = 2 (custom)
2019-10-03 19:08:48,487 [pool-403-thread-1] INFO  server.RaftServerConfigKeys (ConfUtils.java:logGet(43)) - raft.server.log.statemachine.data.sync.timeout = 10s (default)
2019-10-03 19:08:48,487 [pool-393-thread-1] INFO  segmented.SegmentedRaftLogWorker (SegmentedRaftLogWorker.java:<init>(173)) - new 779b529b-984c-4b64-87cb-a33b74abd8c9@group-7207CBC382EE-SegmentedRaftLogWorker for RaftStorage:Storage Directory /workdir/hadoop-ozone/integration-test/target/test-dir/MiniOzoneClusterImpl-32ce1286-658f-4fcc-af14-234b6f62532c/datanode-1/data/ratis/d955b943-80cf-404f-9666-7207cbc382ee
2019-10-03 19:08:48,487 [pool-393-thread-1] INFO  server.RaftServerConfigKeys (ConfUtils.java:logGet(43)) - raft.server.log.queue.byte-limit = 2147483647 (custom)
2019-10-03 19:08:48,487 [pool-403-thread-1] INFO  server.RaftServerConfigKeys (ConfUtils.java:logGet(43)) - raft.server.log.statemachine.data.sync.timeout.retry = -1 (default)
2019-10-03 19:08:48,487 [pool-383-thread-1] INFO  segmented.SegmentedRaftLogWorker (SegmentedRaftLogWorker.java:<init>(173)) - new 5eff80b7-68c7-467a-aaac-779d6ac2bab0@group-7207CBC382EE-SegmentedRaftLogWorker for RaftStorage:Storage Directory /workdir/hadoop-ozone/integration-test/target/test-dir/MiniOzoneClusterImpl-32ce1286-658f-4fcc-af14-234b6f62532c/datanode-0/data/ratis/d955b943-80cf-404f-9666-7207cbc382ee
2019-10-03 19:08:48,487 [pool-403-thread-1] INFO  server.RaftServerConfigKeys (ConfUtils.java:logGet(43)) - raft.server.log.statemachine.data.caching.enabled = true (custom)
2019-10-03 19:08:48,487 [pool-393-thread-1] INFO  server.RaftServerConfigKeys (ConfUtils.java:logGet(43)) - raft.server.log.queue.element-limit = 1024 (custom)
2019-10-03 19:08:48,487 [pool-383-thread-1] INFO  server.RaftServerConfigKeys (ConfUtils.java:logGet(43)) - raft.server.log.queue.byte-limit = 2147483647 (custom)
2019-10-03 19:08:48,488 [pool-403-thread-1] INFO  segmented.SegmentedRaftLogWorker (SegmentedRaftLogWorker.java:lambda$new$0(128)) - 98ed16b7-ff63-4f91-9da2-94c54335d507@group-7207CBC382EE-SegmentedRaftLogWorker: flushIndex: setUnconditionally 0 -> -1
2019-10-03 19:08:48,488 [pool-393-thread-1] INFO  server.RaftServerConfigKeys (ConfUtils.java:logGet(43)) - raft.server.log.segment.size.max = 1048576 (custom)
2019-10-03 19:08:48,488 [pool-383-thread-1] INFO  server.RaftServerConfigKeys (ConfUtils.java:logGet(43)) - raft.server.log.queue.element-limit = 1024 (custom)
2019-10-03 19:08:48,488 [pool-403-thread-1] INFO  server.RaftServerConfigKeys (ConfUtils.java:logGet(43)) - raft.server.snapshot.auto.trigger.enabled = true (custom)
2019-10-03 19:08:48,488 [pool-393-thread-1] INFO  server.RaftServerConfigKeys (ConfUtils.java:logGet(43)) - raft.server.log.preallocated.size = 16384 (custom)
2019-10-03 19:08:48,488 [pool-403-thread-1] INFO  server.RaftServerConfigKeys (ConfUtils.java:logGet(43)) - raft.server.snapshot.auto.trigger.threshold = 10000 (custom)
2019-10-03 19:08:48,488 [pool-403-thread-1] INFO  server.RaftServerConfigKeys (ConfUtils.java:logGet(43)) - raft.server.snapshot.retention.file.num = 5 (custom)
2019-10-03 19:08:48,488 [pool-383-thread-1] INFO  server.RaftServerConfigKeys (ConfUtils.java:logGet(43)) - raft.server.log.segment.size.max = 1048576 (custom)
2019-10-03 19:08:48,488 [pool-403-thread-1] INFO  server.RaftServerConfigKeys (ConfUtils.java:logGet(43)) - raft.server.retrycache.expirytime = 600000ms (custom)
2019-10-03 19:08:48,488 [pool-393-thread-1] INFO  server.RaftServerConfigKeys (ConfUtils.java:logGet(43)) - raft.server.log.write.buffer.size = 33554432 (custom)
2019-10-03 19:08:48,489 [pool-383-thread-1] INFO  server.RaftServerConfigKeys (ConfUtils.java:logGet(43)) - raft.server.log.preallocated.size = 16384 (custom)
2019-10-03 19:08:48,489 [pool-393-thread-1] INFO  server.RaftServerConfigKeys (ConfUtils.java:logGet(43)) - raft.server.log.force.sync.num = 128 (default)
2019-10-03 19:08:48,489 [pool-383-thread-1] INFO  server.RaftServerConfigKeys (ConfUtils.java:logGet(43)) - raft.server.log.write.buffer.size = 33554432 (custom)
2019-10-03 19:08:48,489 [pool-393-thread-1] INFO  server.RaftServerConfigKeys (ConfUtils.java:logGet(43)) - raft.server.log.statemachine.data.sync = true (default)
2019-10-03 19:08:48,489 [pool-383-thread-1] INFO  server.RaftServerConfigKeys (ConfUtils.java:logGet(43)) - raft.server.log.force.sync.num = 128 (default)
2019-10-03 19:08:48,489 [pool-393-thread-1] INFO  server.RaftServerConfigKeys (ConfUtils.java:logGet(43)) - raft.server.log.statemachine.data.sync.timeout = 10s (default)
2019-10-03 19:08:48,489 [pool-383-thread-1] INFO  server.RaftServerConfigKeys (ConfUtils.java:logGet(43)) - raft.server.log.statemachine.data.sync = true (default)
2019-10-03 19:08:48,489 [pool-393-thread-1] INFO  server.RaftServerConfigKeys (ConfUtils.java:logGet(43)) - raft.server.log.statemachine.data.sync.timeout.retry = -1 (default)
2019-10-03 19:08:48,489 [pool-383-thread-1] INFO  server.RaftServerConfigKeys (ConfUtils.java:logGet(43)) - raft.server.log.statemachine.data.sync.timeout = 10s (default)
2019-10-03 19:08:48,490 [pool-393-thread-1] INFO  server.RaftServerConfigKeys (ConfUtils.java:logGet(43)) - raft.server.log.statemachine.data.caching.enabled = true (custom)
2019-10-03 19:08:48,490 [pool-383-thread-1] INFO  server.RaftServerConfigKeys (ConfUtils.java:logGet(43)) - raft.server.log.statemachine.data.sync.timeout.retry = -1 (default)
2019-10-03 19:08:48,490 [pool-403-thread-1] INFO  impl.RaftServerImpl (RaftServerImpl.java:start(181)) - 98ed16b7-ff63-4f91-9da2-94c54335d507@group-7207CBC382EE: start as a follower, conf=-1: [98ed16b7-ff63-4f91-9da2-94c54335d507:192.168.157.195:39250, 5eff80b7-68c7-467a-aaac-779d6ac2bab0:192.168.157.195:34812, 779b529b-984c-4b64-87cb-a33b74abd8c9:192.168.157.195:44187], old=null
2019-10-03 19:08:48,490 [pool-383-thread-1] INFO  server.RaftServerConfigKeys (ConfUtils.java:logGet(43)) - raft.server.log.statemachine.data.caching.enabled = true (custom)
2019-10-03 19:08:48,490 [pool-393-thread-1] INFO  segmented.SegmentedRaftLogWorker (SegmentedRaftLogWorker.java:lambda$new$0(128)) - 779b529b-984c-4b64-87cb-a33b74abd8c9@group-7207CBC382EE-SegmentedRaftLogWorker: flushIndex: setUnconditionally 0 -> -1
2019-10-03 19:08:48,490 [pool-403-thread-1] INFO  impl.RaftServerImpl (RaftServerImpl.java:setRole(170)) - 98ed16b7-ff63-4f91-9da2-94c54335d507@group-7207CBC382EE: changes role from      null to FOLLOWER at term 0 for startAsFollower
2019-10-03 19:08:48,490 [pool-393-thread-1] INFO  server.RaftServerConfigKeys (ConfUtils.java:logGet(43)) - raft.server.snapshot.auto.trigger.enabled = true (custom)
2019-10-03 19:08:48,490 [pool-403-thread-1] INFO  impl.RoleInfo (RoleInfo.java:updateAndGet(143)) - 98ed16b7-ff63-4f91-9da2-94c54335d507: start FollowerState
2019-10-03 19:08:48,490 [pool-383-thread-1] INFO  segmented.SegmentedRaftLogWorker (SegmentedRaftLogWorker.java:lambda$new$0(128)) - 5eff80b7-68c7-467a-aaac-779d6ac2bab0@group-7207CBC382EE-SegmentedRaftLogWorker: flushIndex: setUnconditionally 0 -> -1
2019-10-03 19:08:48,491 [pool-403-thread-1] INFO  util.JmxRegister (JmxRegister.java:tryRegister(44)) - Successfully registered JMX Bean with object name Ratis:service=RaftServer,group=group-7207CBC382EE,id=98ed16b7-ff63-4f91-9da2-94c54335d507
2019-10-03 19:08:48,490 [pool-393-thread-1] INFO  server.RaftServerConfigKeys (ConfUtils.java:logGet(43)) - raft.server.snapshot.auto.trigger.threshold = 10000 (custom)
2019-10-03 19:08:48,491 [pool-383-thread-1] INFO  server.RaftServerConfigKeys (ConfUtils.java:logGet(43)) - raft.server.snapshot.auto.trigger.enabled = true (custom)
2019-10-03 19:08:48,491 [pool-393-thread-1] INFO  server.RaftServerConfigKeys (ConfUtils.java:logGet(43)) - raft.server.snapshot.retention.file.num = 5 (custom)
2019-10-03 19:08:48,491 [pool-383-thread-1] INFO  server.RaftServerConfigKeys (ConfUtils.java:logGet(43)) - raft.server.snapshot.auto.trigger.threshold = 10000 (custom)
2019-10-03 19:08:48,491 [pool-393-thread-1] INFO  server.RaftServerConfigKeys (ConfUtils.java:logGet(43)) - raft.server.retrycache.expirytime = 600000ms (custom)
2019-10-03 19:08:48,491 [pool-383-thread-1] INFO  server.RaftServerConfigKeys (ConfUtils.java:logGet(43)) - raft.server.snapshot.retention.file.num = 5 (custom)
2019-10-03 19:08:48,491 [pool-383-thread-1] INFO  server.RaftServerConfigKeys (ConfUtils.java:logGet(43)) - raft.server.retrycache.expirytime = 600000ms (custom)
2019-10-03 19:08:48,493 [pool-393-thread-1] INFO  impl.RaftServerImpl (RaftServerImpl.java:start(181)) - 779b529b-984c-4b64-87cb-a33b74abd8c9@group-7207CBC382EE: start as a follower, conf=-1: [98ed16b7-ff63-4f91-9da2-94c54335d507:192.168.157.195:39250, 5eff80b7-68c7-467a-aaac-779d6ac2bab0:192.168.157.195:34812, 779b529b-984c-4b64-87cb-a33b74abd8c9:192.168.157.195:44187], old=null
2019-10-03 19:08:48,493 [pool-393-thread-1] INFO  impl.RaftServerImpl (RaftServerImpl.java:setRole(170)) - 779b529b-984c-4b64-87cb-a33b74abd8c9@group-7207CBC382EE: changes role from      null to FOLLOWER at term 0 for startAsFollower
2019-10-03 19:08:48,493 [pool-393-thread-1] INFO  impl.RoleInfo (RoleInfo.java:updateAndGet(143)) - 779b529b-984c-4b64-87cb-a33b74abd8c9: start FollowerState
2019-10-03 19:08:48,493 [pool-393-thread-1] INFO  util.JmxRegister (JmxRegister.java:tryRegister(44)) - Successfully registered JMX Bean with object name Ratis:service=RaftServer,group=group-7207CBC382EE,id=779b529b-984c-4b64-87cb-a33b74abd8c9
2019-10-03 19:08:48,494 [pool-383-thread-1] INFO  impl.RaftServerImpl (RaftServerImpl.java:start(181)) - 5eff80b7-68c7-467a-aaac-779d6ac2bab0@group-7207CBC382EE: start as a follower, conf=-1: [98ed16b7-ff63-4f91-9da2-94c54335d507:192.168.157.195:39250, 5eff80b7-68c7-467a-aaac-779d6ac2bab0:192.168.157.195:34812, 779b529b-984c-4b64-87cb-a33b74abd8c9:192.168.157.195:44187], old=null
2019-10-03 19:08:48,494 [pool-383-thread-1] INFO  impl.RaftServerImpl (RaftServerImpl.java:setRole(170)) - 5eff80b7-68c7-467a-aaac-779d6ac2bab0@group-7207CBC382EE: changes role from      null to FOLLOWER at term 0 for startAsFollower
2019-10-03 19:08:48,494 [pool-383-thread-1] INFO  impl.RoleInfo (RoleInfo.java:updateAndGet(143)) - 5eff80b7-68c7-467a-aaac-779d6ac2bab0: start FollowerState
2019-10-03 19:08:48,495 [pool-383-thread-1] INFO  util.JmxRegister (JmxRegister.java:tryRegister(44)) - Successfully registered JMX Bean with object name Ratis:service=RaftServer,group=group-7207CBC382EE,id=5eff80b7-68c7-467a-aaac-779d6ac2bab0
2019-10-03 19:08:48,498 [RatisPipelineUtilsThread] INFO  pipeline.PipelineStateManager (PipelineStateManager.java:addPipeline(56)) - Created pipeline Pipeline[ Id: d955b943-80cf-404f-9666-7207cbc382ee, Nodes: 5eff80b7-68c7-467a-aaac-779d6ac2bab0{ip: 192.168.157.195, host: pr-hdds-1720-trunk-rd9ht-2257799243, networkLocation: /default-rack, certSerialId: null}779b529b-984c-4b64-87cb-a33b74abd8c9{ip: 192.168.157.195, host: pr-hdds-1720-trunk-rd9ht-2257799243, networkLocation: /default-rack, certSerialId: null}98ed16b7-ff63-4f91-9da2-94c54335d507{ip: 192.168.157.195, host: pr-hdds-1720-trunk-rd9ht-2257799243, networkLocation: /default-rack, certSerialId: null}, Type:RATIS, Factor:THREE, State:OPEN]
2019-10-03 19:08:48,555 [IPC Server handler 2 on 46619] INFO  net.NetworkTopology (NetworkTopologyImpl.java:add(111)) - Added a new node: /default-rack/343821e1-c106-42c5-84e1-61d0e55cfe02
2019-10-03 19:08:48,555 [IPC Server handler 2 on 46619] INFO  node.SCMNodeManager (SCMNodeManager.java:register(266)) - Registered Data node : 343821e1-c106-42c5-84e1-61d0e55cfe02{ip: 192.168.157.195, host: pr-hdds-1720-trunk-rd9ht-2257799243, networkLocation: /default-rack, certSerialId: null}
2019-10-03 19:08:48,563 [grpc-default-executor-5] INFO  impl.RaftServerProxy (RaftServerProxy.java:addNew(89)) - 69060872-8452-4d78-be65-f18cabeb2bfe: addNew group-892CD431FC25:[69060872-8452-4d78-be65-f18cabeb2bfe:192.168.157.195:37058] returns group-892CD431FC25:java.util.concurrent.CompletableFuture@600a4dd8[Not completed]
2019-10-03 19:08:48,566 [pool-413-thread-1] INFO  impl.RaftServerImpl (RaftServerImpl.java:<init>(95)) - 69060872-8452-4d78-be65-f18cabeb2bfe: new RaftServerImpl for group-892CD431FC25:[69060872-8452-4d78-be65-f18cabeb2bfe:192.168.157.195:37058] with ContainerStateMachine:uninitialized
2019-10-03 19:08:48,567 [pool-413-thread-1] INFO  server.RaftServerConfigKeys (ConfUtils.java:logGet(43)) - raft.server.rpc.timeout.min = 5s (custom)
2019-10-03 19:08:48,567 [pool-413-thread-1] INFO  server.RaftServerConfigKeys (ConfUtils.java:logGet(43)) - raft.server.rpc.timeout.max = 5200ms (custom)
2019-10-03 19:08:48,567 [pool-413-thread-1] INFO  server.RaftServerConfigKeys (ConfUtils.java:logGet(43)) - raft.server.rpcslowness.timeout = 120s (custom)
2019-10-03 19:08:48,567 [pool-413-thread-1] INFO  server.RaftServerConfigKeys (ConfUtils.java:logGet(43)) - raft.server.sleep.deviation.threshold = 300 (default)
2019-10-03 19:08:48,567 [pool-413-thread-1] INFO  server.RaftServerConfigKeys (ConfUtils.java:logGet(43)) - raft.server.log.appender.install.snapshot.enabled = false (custom)
2019-10-03 19:08:48,567 [pool-413-thread-1] INFO  impl.RaftServerImpl (ServerState.java:<init>(103)) - 69060872-8452-4d78-be65-f18cabeb2bfe@group-892CD431FC25: ConfigurationManager, init=-1: [69060872-8452-4d78-be65-f18cabeb2bfe:192.168.157.195:37058], old=null, confs=<EMPTY_MAP>
2019-10-03 19:08:48,567 [pool-413-thread-1] INFO  server.RaftServerConfigKeys (ConfUtils.java:logGet(43)) - raft.server.storage.dir = [/workdir/hadoop-ozone/integration-test/target/test-dir/MiniOzoneClusterImpl-32ce1286-658f-4fcc-af14-234b6f62532c/datanode-3/data/ratis] (custom)
2019-10-03 19:08:48,568 [pool-413-thread-1] INFO  server.RaftServerConfigKeys (ConfUtils.java:logGet(43)) - raft.server.log.corruption.policy = EXCEPTION (default)
2019-10-03 19:08:48,568 [pool-413-thread-1] INFO  storage.RaftStorageDirectory (RaftStorageDirectory.java:analyzeStorage(246)) - The storage directory /workdir/hadoop-ozone/integration-test/target/test-dir/MiniOzoneClusterImpl-32ce1286-658f-4fcc-af14-234b6f62532c/datanode-3/data/ratis/5b1fb375-8fee-4558-9e2d-892cd431fc25 does not exist. Creating ...
2019-10-03 19:08:48,580 [pool-413-thread-1] INFO  storage.RaftStorageDirectory (RaftStorageDirectory.java:tryLock(328)) - Lock on /workdir/hadoop-ozone/integration-test/target/test-dir/MiniOzoneClusterImpl-32ce1286-658f-4fcc-af14-234b6f62532c/datanode-3/data/ratis/5b1fb375-8fee-4558-9e2d-892cd431fc25/in_use.lock acquired by nodename 974@pr-hdds-1720-trunk-rd9ht-2257799243
2019-10-03 19:08:48,603 [pool-413-thread-1] INFO  storage.RaftStorage (RaftStorage.java:format(84)) - Storage directory /workdir/hadoop-ozone/integration-test/target/test-dir/MiniOzoneClusterImpl-32ce1286-658f-4fcc-af14-234b6f62532c/datanode-3/data/ratis/5b1fb375-8fee-4558-9e2d-892cd431fc25 has been successfully formatted.
2019-10-03 19:08:48,603 [pool-413-thread-1] INFO  ratis.ContainerStateMachine (ContainerStateMachine.java:loadSnapshot(230)) - group-892CD431FC25: The snapshot info is null. Setting the last applied indexto:(t:0, i:~)
2019-10-03 19:08:48,603 [pool-413-thread-1] INFO  server.RaftServerConfigKeys (ConfUtils.java:logGet(43)) - raft.server.notification.no-leader.timeout = 120s (custom)
2019-10-03 19:08:48,603 [pool-413-thread-1] INFO  server.RaftServerConfigKeys (ConfUtils.java:logGet(43)) - raft.server.log.use.memory = false (default)
2019-10-03 19:08:48,603 [pool-413-thread-1] INFO  server.RaftServerConfigKeys (ConfUtils.java:logGet(43)) - raft.server.log.purge.gap = 1000000 (custom)
2019-10-03 19:08:48,604 [pool-413-thread-1] INFO  server.RaftServerConfigKeys (ConfUtils.java:logGet(43)) - raft.server.log.appender.buffer.byte-limit = 33554432 (custom)
2019-10-03 19:08:48,604 [pool-413-thread-1] INFO  server.RaftServerConfigKeys (ConfUtils.java:logGet(43)) - raft.server.log.segment.size.max = 1048576 (custom)
2019-10-03 19:08:48,605 [pool-413-thread-1] INFO  server.RaftServerConfigKeys (ConfUtils.java:logGet(43)) - raft.server.log.segment.cache.num.max = 2 (custom)
2019-10-03 19:08:48,605 [pool-413-thread-1] INFO  segmented.SegmentedRaftLogWorker (SegmentedRaftLogWorker.java:<init>(173)) - new 69060872-8452-4d78-be65-f18cabeb2bfe@group-892CD431FC25-SegmentedRaftLogWorker for RaftStorage:Storage Directory /workdir/hadoop-ozone/integration-test/target/test-dir/MiniOzoneClusterImpl-32ce1286-658f-4fcc-af14-234b6f62532c/datanode-3/data/ratis/5b1fb375-8fee-4558-9e2d-892cd431fc25
2019-10-03 19:08:48,606 [pool-413-thread-1] INFO  server.RaftServerConfigKeys (ConfUtils.java:logGet(43)) - raft.server.log.queue.byte-limit = 2147483647 (custom)
2019-10-03 19:08:48,606 [pool-413-thread-1] INFO  server.RaftServerConfigKeys (ConfUtils.java:logGet(43)) - raft.server.log.queue.element-limit = 1024 (custom)
2019-10-03 19:08:48,606 [pool-413-thread-1] INFO  server.RaftServerConfigKeys (ConfUtils.java:logGet(43)) - raft.server.log.segment.size.max = 1048576 (custom)
2019-10-03 19:08:48,606 [pool-413-thread-1] INFO  server.RaftServerConfigKeys (ConfUtils.java:logGet(43)) - raft.server.log.preallocated.size = 16384 (custom)
2019-10-03 19:08:48,606 [pool-413-thread-1] INFO  server.RaftServerConfigKeys (ConfUtils.java:logGet(43)) - raft.server.log.write.buffer.size = 33554432 (custom)
2019-10-03 19:08:48,606 [pool-413-thread-1] INFO  server.RaftServerConfigKeys (ConfUtils.java:logGet(43)) - raft.server.log.force.sync.num = 128 (default)
2019-10-03 19:08:48,606 [pool-413-thread-1] INFO  server.RaftServerConfigKeys (ConfUtils.java:logGet(43)) - raft.server.log.statemachine.data.sync = true (default)
2019-10-03 19:08:48,606 [pool-413-thread-1] INFO  server.RaftServerConfigKeys (ConfUtils.java:logGet(43)) - raft.server.log.statemachine.data.sync.timeout = 10s (default)
2019-10-03 19:08:48,607 [pool-413-thread-1] INFO  server.RaftServerConfigKeys (ConfUtils.java:logGet(43)) - raft.server.log.statemachine.data.sync.timeout.retry = -1 (default)
2019-10-03 19:08:48,607 [pool-413-thread-1] INFO  server.RaftServerConfigKeys (ConfUtils.java:logGet(43)) - raft.server.log.statemachine.data.caching.enabled = true (custom)
2019-10-03 19:08:48,607 [pool-413-thread-1] INFO  segmented.SegmentedRaftLogWorker (SegmentedRaftLogWorker.java:lambda$new$0(128)) - 69060872-8452-4d78-be65-f18cabeb2bfe@group-892CD431FC25-SegmentedRaftLogWorker: flushIndex: setUnconditionally 0 -> -1
2019-10-03 19:08:48,607 [pool-413-thread-1] INFO  server.RaftServerConfigKeys (ConfUtils.java:logGet(43)) - raft.server.snapshot.auto.trigger.enabled = true (custom)
2019-10-03 19:08:48,608 [pool-413-thread-1] INFO  server.RaftServerConfigKeys (ConfUtils.java:logGet(43)) - raft.server.snapshot.auto.trigger.threshold = 10000 (custom)
2019-10-03 19:08:48,608 [pool-413-thread-1] INFO  server.RaftServerConfigKeys (ConfUtils.java:logGet(43)) - raft.server.snapshot.retention.file.num = 5 (custom)
2019-10-03 19:08:48,608 [pool-413-thread-1] INFO  server.RaftServerConfigKeys (ConfUtils.java:logGet(43)) - raft.server.retrycache.expirytime = 600000ms (custom)
2019-10-03 19:08:48,609 [pool-413-thread-1] INFO  impl.RaftServerImpl (RaftServerImpl.java:start(181)) - 69060872-8452-4d78-be65-f18cabeb2bfe@group-892CD431FC25: start as a follower, conf=-1: [69060872-8452-4d78-be65-f18cabeb2bfe:192.168.157.195:37058], old=null
2019-10-03 19:08:48,609 [pool-413-thread-1] INFO  impl.RaftServerImpl (RaftServerImpl.java:setRole(170)) - 69060872-8452-4d78-be65-f18cabeb2bfe@group-892CD431FC25: changes role from      null to FOLLOWER at term 0 for startAsFollower
2019-10-03 19:08:48,610 [pool-413-thread-1] INFO  impl.RoleInfo (RoleInfo.java:updateAndGet(143)) - 69060872-8452-4d78-be65-f18cabeb2bfe: start FollowerState
2019-10-03 19:08:48,610 [pool-413-thread-1] INFO  util.JmxRegister (JmxRegister.java:tryRegister(44)) - Successfully registered JMX Bean with object name Ratis:service=RaftServer,group=group-892CD431FC25,id=69060872-8452-4d78-be65-f18cabeb2bfe
2019-10-03 19:08:48,613 [RatisPipelineUtilsThread] INFO  pipeline.PipelineStateManager (PipelineStateManager.java:addPipeline(56)) - Created pipeline Pipeline[ Id: 5b1fb375-8fee-4558-9e2d-892cd431fc25, Nodes: 69060872-8452-4d78-be65-f18cabeb2bfe{ip: 192.168.157.195, host: pr-hdds-1720-trunk-rd9ht-2257799243, networkLocation: /default-rack, certSerialId: null}, Type:RATIS, Factor:ONE, State:OPEN]
2019-10-03 19:08:48,619 [grpc-default-executor-5] INFO  impl.RaftServerProxy (RaftServerProxy.java:addNew(89)) - 343821e1-c106-42c5-84e1-61d0e55cfe02: addNew group-86932E7C888F:[343821e1-c106-42c5-84e1-61d0e55cfe02:192.168.157.195:41227] returns group-86932E7C888F:java.util.concurrent.CompletableFuture@57c73e39[Not completed]
2019-10-03 19:08:48,621 [pool-423-thread-1] INFO  impl.RaftServerImpl (RaftServerImpl.java:<init>(95)) - 343821e1-c106-42c5-84e1-61d0e55cfe02: new RaftServerImpl for group-86932E7C888F:[343821e1-c106-42c5-84e1-61d0e55cfe02:192.168.157.195:41227] with ContainerStateMachine:uninitialized
2019-10-03 19:08:48,621 [pool-423-thread-1] INFO  server.RaftServerConfigKeys (ConfUtils.java:logGet(43)) - raft.server.rpc.timeout.min = 5s (custom)
2019-10-03 19:08:48,621 [pool-423-thread-1] INFO  server.RaftServerConfigKeys (ConfUtils.java:logGet(43)) - raft.server.rpc.timeout.max = 5200ms (custom)
2019-10-03 19:08:48,622 [pool-423-thread-1] INFO  server.RaftServerConfigKeys (ConfUtils.java:logGet(43)) - raft.server.rpcslowness.timeout = 120s (custom)
2019-10-03 19:08:48,622 [pool-423-thread-1] INFO  server.RaftServerConfigKeys (ConfUtils.java:logGet(43)) - raft.server.sleep.deviation.threshold = 300 (default)
2019-10-03 19:08:48,622 [pool-423-thread-1] INFO  server.RaftServerConfigKeys (ConfUtils.java:logGet(43)) - raft.server.log.appender.install.snapshot.enabled = false (custom)
2019-10-03 19:08:48,622 [pool-423-thread-1] INFO  impl.RaftServerImpl (ServerState.java:<init>(103)) - 343821e1-c106-42c5-84e1-61d0e55cfe02@group-86932E7C888F: ConfigurationManager, init=-1: [343821e1-c106-42c5-84e1-61d0e55cfe02:192.168.157.195:41227], old=null, confs=<EMPTY_MAP>
2019-10-03 19:08:48,622 [pool-423-thread-1] INFO  server.RaftServerConfigKeys (ConfUtils.java:logGet(43)) - raft.server.storage.dir = [/workdir/hadoop-ozone/integration-test/target/test-dir/MiniOzoneClusterImpl-32ce1286-658f-4fcc-af14-234b6f62532c/datanode-4/data/ratis] (custom)
2019-10-03 19:08:48,623 [pool-423-thread-1] INFO  server.RaftServerConfigKeys (ConfUtils.java:logGet(43)) - raft.server.log.corruption.policy = EXCEPTION (default)
2019-10-03 19:08:48,623 [pool-423-thread-1] INFO  storage.RaftStorageDirectory (RaftStorageDirectory.java:analyzeStorage(246)) - The storage directory /workdir/hadoop-ozone/integration-test/target/test-dir/MiniOzoneClusterImpl-32ce1286-658f-4fcc-af14-234b6f62532c/datanode-4/data/ratis/6e4f55f2-a8d1-4215-bcfe-86932e7c888f does not exist. Creating ...
2019-10-03 19:08:48,636 [pool-423-thread-1] INFO  storage.RaftStorageDirectory (RaftStorageDirectory.java:tryLock(328)) - Lock on /workdir/hadoop-ozone/integration-test/target/test-dir/MiniOzoneClusterImpl-32ce1286-658f-4fcc-af14-234b6f62532c/datanode-4/data/ratis/6e4f55f2-a8d1-4215-bcfe-86932e7c888f/in_use.lock acquired by nodename 974@pr-hdds-1720-trunk-rd9ht-2257799243
2019-10-03 19:08:48,639 [IPC Server handler 4 on 46619] INFO  net.NetworkTopology (NetworkTopologyImpl.java:add(111)) - Added a new node: /default-rack/8dfac8bb-ac55-4037-9602-aeb3f2552e23
2019-10-03 19:08:48,639 [IPC Server handler 4 on 46619] INFO  node.SCMNodeManager (SCMNodeManager.java:register(266)) - Registered Data node : 8dfac8bb-ac55-4037-9602-aeb3f2552e23{ip: 192.168.157.195, host: pr-hdds-1720-trunk-rd9ht-2257799243, networkLocation: /default-rack, certSerialId: null}
2019-10-03 19:08:48,650 [pool-423-thread-1] INFO  storage.RaftStorage (RaftStorage.java:format(84)) - Storage directory /workdir/hadoop-ozone/integration-test/target/test-dir/MiniOzoneClusterImpl-32ce1286-658f-4fcc-af14-234b6f62532c/datanode-4/data/ratis/6e4f55f2-a8d1-4215-bcfe-86932e7c888f has been successfully formatted.
2019-10-03 19:08:48,650 [pool-423-thread-1] INFO  ratis.ContainerStateMachine (ContainerStateMachine.java:loadSnapshot(230)) - group-86932E7C888F: The snapshot info is null. Setting the last applied indexto:(t:0, i:~)
2019-10-03 19:08:48,650 [pool-423-thread-1] INFO  server.RaftServerConfigKeys (ConfUtils.java:logGet(43)) - raft.server.notification.no-leader.timeout = 120s (custom)
2019-10-03 19:08:48,650 [pool-423-thread-1] INFO  server.RaftServerConfigKeys (ConfUtils.java:logGet(43)) - raft.server.log.use.memory = false (default)
2019-10-03 19:08:48,651 [pool-423-thread-1] INFO  server.RaftServerConfigKeys (ConfUtils.java:logGet(43)) - raft.server.log.purge.gap = 1000000 (custom)
2019-10-03 19:08:48,651 [pool-423-thread-1] INFO  server.RaftServerConfigKeys (ConfUtils.java:logGet(43)) - raft.server.log.appender.buffer.byte-limit = 33554432 (custom)
2019-10-03 19:08:48,651 [pool-423-thread-1] INFO  server.RaftServerConfigKeys (ConfUtils.java:logGet(43)) - raft.server.log.segment.size.max = 1048576 (custom)
2019-10-03 19:08:48,653 [pool-423-thread-1] INFO  server.RaftServerConfigKeys (ConfUtils.java:logGet(43)) - raft.server.log.segment.cache.num.max = 2 (custom)
2019-10-03 19:08:48,653 [pool-423-thread-1] INFO  segmented.SegmentedRaftLogWorker (SegmentedRaftLogWorker.java:<init>(173)) - new 343821e1-c106-42c5-84e1-61d0e55cfe02@group-86932E7C888F-SegmentedRaftLogWorker for RaftStorage:Storage Directory /workdir/hadoop-ozone/integration-test/target/test-dir/MiniOzoneClusterImpl-32ce1286-658f-4fcc-af14-234b6f62532c/datanode-4/data/ratis/6e4f55f2-a8d1-4215-bcfe-86932e7c888f
2019-10-03 19:08:48,653 [pool-423-thread-1] INFO  server.RaftServerConfigKeys (ConfUtils.java:logGet(43)) - raft.server.log.queue.byte-limit = 2147483647 (custom)
2019-10-03 19:08:48,653 [pool-423-thread-1] INFO  server.RaftServerConfigKeys (ConfUtils.java:logGet(43)) - raft.server.log.queue.element-limit = 1024 (custom)
2019-10-03 19:08:48,653 [pool-423-thread-1] INFO  server.RaftServerConfigKeys (ConfUtils.java:logGet(43)) - raft.server.log.segment.size.max = 1048576 (custom)
2019-10-03 19:08:48,653 [pool-423-thread-1] INFO  server.RaftServerConfigKeys (ConfUtils.java:logGet(43)) - raft.server.log.preallocated.size = 16384 (custom)
2019-10-03 19:08:48,653 [pool-423-thread-1] INFO  server.RaftServerConfigKeys (ConfUtils.java:logGet(43)) - raft.server.log.write.buffer.size = 33554432 (custom)
2019-10-03 19:08:48,654 [pool-423-thread-1] INFO  server.RaftServerConfigKeys (ConfUtils.java:logGet(43)) - raft.server.log.force.sync.num = 128 (default)
2019-10-03 19:08:48,654 [pool-423-thread-1] INFO  server.RaftServerConfigKeys (ConfUtils.java:logGet(43)) - raft.server.log.statemachine.data.sync = true (default)
2019-10-03 19:08:48,654 [pool-423-thread-1] INFO  server.RaftServerConfigKeys (ConfUtils.java:logGet(43)) - raft.server.log.statemachine.data.sync.timeout = 10s (default)
2019-10-03 19:08:48,654 [pool-423-thread-1] INFO  server.RaftServerConfigKeys (ConfUtils.java:logGet(43)) - raft.server.log.statemachine.data.sync.timeout.retry = -1 (default)
2019-10-03 19:08:48,654 [pool-423-thread-1] INFO  server.RaftServerConfigKeys (ConfUtils.java:logGet(43)) - raft.server.log.statemachine.data.caching.enabled = true (custom)
2019-10-03 19:08:48,655 [pool-423-thread-1] INFO  segmented.SegmentedRaftLogWorker (SegmentedRaftLogWorker.java:lambda$new$0(128)) - 343821e1-c106-42c5-84e1-61d0e55cfe02@group-86932E7C888F-SegmentedRaftLogWorker: flushIndex: setUnconditionally 0 -> -1
2019-10-03 19:08:48,655 [pool-423-thread-1] INFO  server.RaftServerConfigKeys (ConfUtils.java:logGet(43)) - raft.server.snapshot.auto.trigger.enabled = true (custom)
2019-10-03 19:08:48,655 [pool-423-thread-1] INFO  server.RaftServerConfigKeys (ConfUtils.java:logGet(43)) - raft.server.snapshot.auto.trigger.threshold = 10000 (custom)
2019-10-03 19:08:48,655 [pool-423-thread-1] INFO  server.RaftServerConfigKeys (ConfUtils.java:logGet(43)) - raft.server.snapshot.retention.file.num = 5 (custom)
2019-10-03 19:08:48,655 [pool-423-thread-1] INFO  server.RaftServerConfigKeys (ConfUtils.java:logGet(43)) - raft.server.retrycache.expirytime = 600000ms (custom)
2019-10-03 19:08:48,657 [pool-423-thread-1] INFO  impl.RaftServerImpl (RaftServerImpl.java:start(181)) - 343821e1-c106-42c5-84e1-61d0e55cfe02@group-86932E7C888F: start as a follower, conf=-1: [343821e1-c106-42c5-84e1-61d0e55cfe02:192.168.157.195:41227], old=null
2019-10-03 19:08:48,657 [pool-423-thread-1] INFO  impl.RaftServerImpl (RaftServerImpl.java:setRole(170)) - 343821e1-c106-42c5-84e1-61d0e55cfe02@group-86932E7C888F: changes role from      null to FOLLOWER at term 0 for startAsFollower
2019-10-03 19:08:48,658 [pool-423-thread-1] INFO  impl.RoleInfo (RoleInfo.java:updateAndGet(143)) - 343821e1-c106-42c5-84e1-61d0e55cfe02: start FollowerState
2019-10-03 19:08:48,658 [pool-423-thread-1] INFO  util.JmxRegister (JmxRegister.java:tryRegister(44)) - Successfully registered JMX Bean with object name Ratis:service=RaftServer,group=group-86932E7C888F,id=343821e1-c106-42c5-84e1-61d0e55cfe02
2019-10-03 19:08:48,662 [RatisPipelineUtilsThread] INFO  pipeline.PipelineStateManager (PipelineStateManager.java:addPipeline(56)) - Created pipeline Pipeline[ Id: 6e4f55f2-a8d1-4215-bcfe-86932e7c888f, Nodes: 343821e1-c106-42c5-84e1-61d0e55cfe02{ip: 192.168.157.195, host: pr-hdds-1720-trunk-rd9ht-2257799243, networkLocation: /default-rack, certSerialId: null}, Type:RATIS, Factor:ONE, State:OPEN]
2019-10-03 19:08:48,667 [grpc-default-executor-5] INFO  impl.RaftServerProxy (RaftServerProxy.java:addNew(89)) - 8dfac8bb-ac55-4037-9602-aeb3f2552e23: addNew group-B859C4DCAC9B:[8dfac8bb-ac55-4037-9602-aeb3f2552e23:192.168.157.195:35544] returns group-B859C4DCAC9B:java.util.concurrent.CompletableFuture@6350b42d[Not completed]
2019-10-03 19:08:48,669 [pool-433-thread-1] INFO  impl.RaftServerImpl (RaftServerImpl.java:<init>(95)) - 8dfac8bb-ac55-4037-9602-aeb3f2552e23: new RaftServerImpl for group-B859C4DCAC9B:[8dfac8bb-ac55-4037-9602-aeb3f2552e23:192.168.157.195:35544] with ContainerStateMachine:uninitialized
2019-10-03 19:08:48,669 [pool-433-thread-1] INFO  server.RaftServerConfigKeys (ConfUtils.java:logGet(43)) - raft.server.rpc.timeout.min = 5s (custom)
2019-10-03 19:08:48,669 [pool-433-thread-1] INFO  server.RaftServerConfigKeys (ConfUtils.java:logGet(43)) - raft.server.rpc.timeout.max = 5200ms (custom)
2019-10-03 19:08:48,669 [pool-433-thread-1] INFO  server.RaftServerConfigKeys (ConfUtils.java:logGet(43)) - raft.server.rpcslowness.timeout = 120s (custom)
2019-10-03 19:08:48,669 [pool-433-thread-1] INFO  server.RaftServerConfigKeys (ConfUtils.java:logGet(43)) - raft.server.sleep.deviation.threshold = 300 (default)
2019-10-03 19:08:48,669 [pool-433-thread-1] INFO  server.RaftServerConfigKeys (ConfUtils.java:logGet(43)) - raft.server.log.appender.install.snapshot.enabled = false (custom)
2019-10-03 19:08:48,670 [pool-433-thread-1] INFO  impl.RaftServerImpl (ServerState.java:<init>(103)) - 8dfac8bb-ac55-4037-9602-aeb3f2552e23@group-B859C4DCAC9B: ConfigurationManager, init=-1: [8dfac8bb-ac55-4037-9602-aeb3f2552e23:192.168.157.195:35544], old=null, confs=<EMPTY_MAP>
2019-10-03 19:08:48,670 [pool-433-thread-1] INFO  server.RaftServerConfigKeys (ConfUtils.java:logGet(43)) - raft.server.storage.dir = [/workdir/hadoop-ozone/integration-test/target/test-dir/MiniOzoneClusterImpl-32ce1286-658f-4fcc-af14-234b6f62532c/datanode-5/data/ratis] (custom)
2019-10-03 19:08:48,670 [pool-433-thread-1] INFO  server.RaftServerConfigKeys (ConfUtils.java:logGet(43)) - raft.server.log.corruption.policy = EXCEPTION (default)
2019-10-03 19:08:48,670 [pool-433-thread-1] INFO  storage.RaftStorageDirectory (RaftStorageDirectory.java:analyzeStorage(246)) - The storage directory /workdir/hadoop-ozone/integration-test/target/test-dir/MiniOzoneClusterImpl-32ce1286-658f-4fcc-af14-234b6f62532c/datanode-5/data/ratis/1505ddf5-2c52-4b2a-9d94-b859c4dcac9b does not exist. Creating ...
2019-10-03 19:08:48,683 [pool-433-thread-1] INFO  storage.RaftStorageDirectory (RaftStorageDirectory.java:tryLock(328)) - Lock on /workdir/hadoop-ozone/integration-test/target/test-dir/MiniOzoneClusterImpl-32ce1286-658f-4fcc-af14-234b6f62532c/datanode-5/data/ratis/1505ddf5-2c52-4b2a-9d94-b859c4dcac9b/in_use.lock acquired by nodename 974@pr-hdds-1720-trunk-rd9ht-2257799243
2019-10-03 19:08:48,696 [pool-433-thread-1] INFO  storage.RaftStorage (RaftStorage.java:format(84)) - Storage directory /workdir/hadoop-ozone/integration-test/target/test-dir/MiniOzoneClusterImpl-32ce1286-658f-4fcc-af14-234b6f62532c/datanode-5/data/ratis/1505ddf5-2c52-4b2a-9d94-b859c4dcac9b has been successfully formatted.
2019-10-03 19:08:48,696 [pool-433-thread-1] INFO  ratis.ContainerStateMachine (ContainerStateMachine.java:loadSnapshot(230)) - group-B859C4DCAC9B: The snapshot info is null. Setting the last applied indexto:(t:0, i:~)
2019-10-03 19:08:48,696 [pool-433-thread-1] INFO  server.RaftServerConfigKeys (ConfUtils.java:logGet(43)) - raft.server.notification.no-leader.timeout = 120s (custom)
2019-10-03 19:08:48,696 [pool-433-thread-1] INFO  server.RaftServerConfigKeys (ConfUtils.java:logGet(43)) - raft.server.log.use.memory = false (default)
2019-10-03 19:08:48,697 [pool-433-thread-1] INFO  server.RaftServerConfigKeys (ConfUtils.java:logGet(43)) - raft.server.log.purge.gap = 1000000 (custom)
2019-10-03 19:08:48,697 [pool-433-thread-1] INFO  server.RaftServerConfigKeys (ConfUtils.java:logGet(43)) - raft.server.log.appender.buffer.byte-limit = 33554432 (custom)
2019-10-03 19:08:48,697 [pool-433-thread-1] INFO  server.RaftServerConfigKeys (ConfUtils.java:logGet(43)) - raft.server.log.segment.size.max = 1048576 (custom)
2019-10-03 19:08:48,698 [pool-433-thread-1] INFO  server.RaftServerConfigKeys (ConfUtils.java:logGet(43)) - raft.server.log.segment.cache.num.max = 2 (custom)
2019-10-03 19:08:48,699 [pool-433-thread-1] INFO  segmented.SegmentedRaftLogWorker (SegmentedRaftLogWorker.java:<init>(173)) - new 8dfac8bb-ac55-4037-9602-aeb3f2552e23@group-B859C4DCAC9B-SegmentedRaftLogWorker for RaftStorage:Storage Directory /workdir/hadoop-ozone/integration-test/target/test-dir/MiniOzoneClusterImpl-32ce1286-658f-4fcc-af14-234b6f62532c/datanode-5/data/ratis/1505ddf5-2c52-4b2a-9d94-b859c4dcac9b
2019-10-03 19:08:48,699 [pool-433-thread-1] INFO  server.RaftServerConfigKeys (ConfUtils.java:logGet(43)) - raft.server.log.queue.byte-limit = 2147483647 (custom)
2019-10-03 19:08:48,699 [pool-433-thread-1] INFO  server.RaftServerConfigKeys (ConfUtils.java:logGet(43)) - raft.server.log.queue.element-limit = 1024 (custom)
2019-10-03 19:08:48,699 [pool-433-thread-1] INFO  server.RaftServerConfigKeys (ConfUtils.java:logGet(43)) - raft.server.log.segment.size.max = 1048576 (custom)
2019-10-03 19:08:48,699 [pool-433-thread-1] INFO  server.RaftServerConfigKeys (ConfUtils.java:logGet(43)) - raft.server.log.preallocated.size = 16384 (custom)
2019-10-03 19:08:48,699 [pool-433-thread-1] INFO  server.RaftServerConfigKeys (ConfUtils.java:logGet(43)) - raft.server.log.write.buffer.size = 33554432 (custom)
2019-10-03 19:08:48,699 [pool-433-thread-1] INFO  server.RaftServerConfigKeys (ConfUtils.java:logGet(43)) - raft.server.log.force.sync.num = 128 (default)
2019-10-03 19:08:48,699 [pool-433-thread-1] INFO  server.RaftServerConfigKeys (ConfUtils.java:logGet(43)) - raft.server.log.statemachine.data.sync = true (default)
2019-10-03 19:08:48,699 [pool-433-thread-1] INFO  server.RaftServerConfigKeys (ConfUtils.java:logGet(43)) - raft.server.log.statemachine.data.sync.timeout = 10s (default)
2019-10-03 19:08:48,700 [pool-433-thread-1] INFO  server.RaftServerConfigKeys (ConfUtils.java:logGet(43)) - raft.server.log.statemachine.data.sync.timeout.retry = -1 (default)
2019-10-03 19:08:48,700 [pool-433-thread-1] INFO  server.RaftServerConfigKeys (ConfUtils.java:logGet(43)) - raft.server.log.statemachine.data.caching.enabled = true (custom)
2019-10-03 19:08:48,700 [pool-433-thread-1] INFO  segmented.SegmentedRaftLogWorker (SegmentedRaftLogWorker.java:lambda$new$0(128)) - 8dfac8bb-ac55-4037-9602-aeb3f2552e23@group-B859C4DCAC9B-SegmentedRaftLogWorker: flushIndex: setUnconditionally 0 -> -1
2019-10-03 19:08:48,700 [pool-433-thread-1] INFO  server.RaftServerConfigKeys (ConfUtils.java:logGet(43)) - raft.server.snapshot.auto.trigger.enabled = true (custom)
2019-10-03 19:08:48,701 [pool-433-thread-1] INFO  server.RaftServerConfigKeys (ConfUtils.java:logGet(43)) - raft.server.snapshot.auto.trigger.threshold = 10000 (custom)
2019-10-03 19:08:48,701 [pool-433-thread-1] INFO  server.RaftServerConfigKeys (ConfUtils.java:logGet(43)) - raft.server.snapshot.retention.file.num = 5 (custom)
2019-10-03 19:08:48,701 [pool-433-thread-1] INFO  server.RaftServerConfigKeys (ConfUtils.java:logGet(43)) - raft.server.retrycache.expirytime = 600000ms (custom)
2019-10-03 19:08:48,702 [pool-433-thread-1] INFO  impl.RaftServerImpl (RaftServerImpl.java:start(181)) - 8dfac8bb-ac55-4037-9602-aeb3f2552e23@group-B859C4DCAC9B: start as a follower, conf=-1: [8dfac8bb-ac55-4037-9602-aeb3f2552e23:192.168.157.195:35544], old=null
2019-10-03 19:08:48,702 [pool-433-thread-1] INFO  impl.RaftServerImpl (RaftServerImpl.java:setRole(170)) - 8dfac8bb-ac55-4037-9602-aeb3f2552e23@group-B859C4DCAC9B: changes role from      null to FOLLOWER at term 0 for startAsFollower
2019-10-03 19:08:48,703 [pool-433-thread-1] INFO  impl.RoleInfo (RoleInfo.java:updateAndGet(143)) - 8dfac8bb-ac55-4037-9602-aeb3f2552e23: start FollowerState
2019-10-03 19:08:48,703 [pool-433-thread-1] INFO  util.JmxRegister (JmxRegister.java:tryRegister(44)) - Successfully registered JMX Bean with object name Ratis:service=RaftServer,group=group-B859C4DCAC9B,id=8dfac8bb-ac55-4037-9602-aeb3f2552e23
2019-10-03 19:08:48,707 [RatisPipelineUtilsThread] INFO  pipeline.PipelineStateManager (PipelineStateManager.java:addPipeline(56)) - Created pipeline Pipeline[ Id: 1505ddf5-2c52-4b2a-9d94-b859c4dcac9b, Nodes: 8dfac8bb-ac55-4037-9602-aeb3f2552e23{ip: 192.168.157.195, host: pr-hdds-1720-trunk-rd9ht-2257799243, networkLocation: /default-rack, certSerialId: null}, Type:RATIS, Factor:ONE, State:OPEN]
2019-10-03 19:08:48,718 [grpc-default-executor-8] INFO  impl.RaftServerProxy (RaftServerProxy.java:addNew(89)) - 69060872-8452-4d78-be65-f18cabeb2bfe: addNew group-ED2C30F4C87F:[69060872-8452-4d78-be65-f18cabeb2bfe:192.168.157.195:37058, 343821e1-c106-42c5-84e1-61d0e55cfe02:192.168.157.195:41227, 8dfac8bb-ac55-4037-9602-aeb3f2552e23:192.168.157.195:35544] returns group-ED2C30F4C87F:java.util.concurrent.CompletableFuture@1c431a16[Not completed]
2019-10-03 19:08:48,718 [grpc-default-executor-5] INFO  impl.RaftServerProxy (RaftServerProxy.java:addNew(89)) - 343821e1-c106-42c5-84e1-61d0e55cfe02: addNew group-ED2C30F4C87F:[69060872-8452-4d78-be65-f18cabeb2bfe:192.168.157.195:37058, 343821e1-c106-42c5-84e1-61d0e55cfe02:192.168.157.195:41227, 8dfac8bb-ac55-4037-9602-aeb3f2552e23:192.168.157.195:35544] returns group-ED2C30F4C87F:java.util.concurrent.CompletableFuture@669ef9c0[Not completed]
2019-10-03 19:08:48,719 [grpc-default-executor-9] INFO  impl.RaftServerProxy (RaftServerProxy.java:addNew(89)) - 8dfac8bb-ac55-4037-9602-aeb3f2552e23: addNew group-ED2C30F4C87F:[69060872-8452-4d78-be65-f18cabeb2bfe:192.168.157.195:37058, 343821e1-c106-42c5-84e1-61d0e55cfe02:192.168.157.195:41227, 8dfac8bb-ac55-4037-9602-aeb3f2552e23:192.168.157.195:35544] returns group-ED2C30F4C87F:java.util.concurrent.CompletableFuture@18df4521[Not completed]
2019-10-03 19:08:48,720 [pool-413-thread-1] INFO  impl.RaftServerImpl (RaftServerImpl.java:<init>(95)) - 69060872-8452-4d78-be65-f18cabeb2bfe: new RaftServerImpl for group-ED2C30F4C87F:[69060872-8452-4d78-be65-f18cabeb2bfe:192.168.157.195:37058, 343821e1-c106-42c5-84e1-61d0e55cfe02:192.168.157.195:41227, 8dfac8bb-ac55-4037-9602-aeb3f2552e23:192.168.157.195:35544] with ContainerStateMachine:uninitialized
2019-10-03 19:08:48,720 [pool-413-thread-1] INFO  server.RaftServerConfigKeys (ConfUtils.java:logGet(43)) - raft.server.rpc.timeout.min = 5s (custom)
2019-10-03 19:08:48,720 [pool-413-thread-1] INFO  server.RaftServerConfigKeys (ConfUtils.java:logGet(43)) - raft.server.rpc.timeout.max = 5200ms (custom)
2019-10-03 19:08:48,720 [main] INFO  ozone.MiniOzoneClusterImpl (MiniOzoneClusterImpl.java:lambda$waitForClusterToBeReady$0(147)) - Waiting for cluster to be ready. Got 6 of 7 DN Heartbeats.
2019-10-03 19:08:48,720 [pool-413-thread-1] INFO  server.RaftServerConfigKeys (ConfUtils.java:logGet(43)) - raft.server.rpcslowness.timeout = 120s (custom)
2019-10-03 19:08:48,720 [IPC Server handler 5 on 46619] INFO  net.NetworkTopology (NetworkTopologyImpl.java:add(111)) - Added a new node: /default-rack/df5b8e26-881d-4212-8963-ffb94316acfd
2019-10-03 19:08:48,721 [pool-413-thread-1] INFO  server.RaftServerConfigKeys (ConfUtils.java:logGet(43)) - raft.server.sleep.deviation.threshold = 300 (default)
2019-10-03 19:08:48,721 [pool-433-thread-1] INFO  impl.RaftServerImpl (RaftServerImpl.java:<init>(95)) - 8dfac8bb-ac55-4037-9602-aeb3f2552e23: new RaftServerImpl for group-ED2C30F4C87F:[69060872-8452-4d78-be65-f18cabeb2bfe:192.168.157.195:37058, 343821e1-c106-42c5-84e1-61d0e55cfe02:192.168.157.195:41227, 8dfac8bb-ac55-4037-9602-aeb3f2552e23:192.168.157.195:35544] with ContainerStateMachine:uninitialized
2019-10-03 19:08:48,721 [pool-423-thread-1] INFO  impl.RaftServerImpl (RaftServerImpl.java:<init>(95)) - 343821e1-c106-42c5-84e1-61d0e55cfe02: new RaftServerImpl for group-ED2C30F4C87F:[69060872-8452-4d78-be65-f18cabeb2bfe:192.168.157.195:37058, 343821e1-c106-42c5-84e1-61d0e55cfe02:192.168.157.195:41227, 8dfac8bb-ac55-4037-9602-aeb3f2552e23:192.168.157.195:35544] with ContainerStateMachine:uninitialized
2019-10-03 19:08:48,721 [pool-413-thread-1] INFO  server.RaftServerConfigKeys (ConfUtils.java:logGet(43)) - raft.server.log.appender.install.snapshot.enabled = false (custom)
2019-10-03 19:08:48,721 [IPC Server handler 5 on 46619] INFO  node.SCMNodeManager (SCMNodeManager.java:register(266)) - Registered Data node : df5b8e26-881d-4212-8963-ffb94316acfd{ip: 192.168.157.195, host: pr-hdds-1720-trunk-rd9ht-2257799243, networkLocation: /default-rack, certSerialId: null}
2019-10-03 19:08:48,722 [pool-413-thread-1] INFO  impl.RaftServerImpl (ServerState.java:<init>(103)) - 69060872-8452-4d78-be65-f18cabeb2bfe@group-ED2C30F4C87F: ConfigurationManager, init=-1: [69060872-8452-4d78-be65-f18cabeb2bfe:192.168.157.195:37058, 343821e1-c106-42c5-84e1-61d0e55cfe02:192.168.157.195:41227, 8dfac8bb-ac55-4037-9602-aeb3f2552e23:192.168.157.195:35544], old=null, confs=<EMPTY_MAP>
2019-10-03 19:08:48,721 [pool-423-thread-1] INFO  server.RaftServerConfigKeys (ConfUtils.java:logGet(43)) - raft.server.rpc.timeout.min = 5s (custom)
2019-10-03 19:08:48,721 [pool-433-thread-1] INFO  server.RaftServerConfigKeys (ConfUtils.java:logGet(43)) - raft.server.rpc.timeout.min = 5s (custom)
2019-10-03 19:08:48,722 [pool-423-thread-1] INFO  server.RaftServerConfigKeys (ConfUtils.java:logGet(43)) - raft.server.rpc.timeout.max = 5200ms (custom)
2019-10-03 19:08:48,722 [pool-423-thread-1] INFO  server.RaftServerConfigKeys (ConfUtils.java:logGet(43)) - raft.server.rpcslowness.timeout = 120s (custom)
2019-10-03 19:08:48,722 [pool-413-thread-1] INFO  server.RaftServerConfigKeys (ConfUtils.java:logGet(43)) - raft.server.storage.dir = [/workdir/hadoop-ozone/integration-test/target/test-dir/MiniOzoneClusterImpl-32ce1286-658f-4fcc-af14-234b6f62532c/datanode-3/data/ratis] (custom)
2019-10-03 19:08:48,722 [pool-423-thread-1] INFO  server.RaftServerConfigKeys (ConfUtils.java:logGet(43)) - raft.server.sleep.deviation.threshold = 300 (default)
2019-10-03 19:08:48,722 [pool-433-thread-1] INFO  server.RaftServerConfigKeys (ConfUtils.java:logGet(43)) - raft.server.rpc.timeout.max = 5200ms (custom)
2019-10-03 19:08:48,723 [pool-413-thread-1] INFO  server.RaftServerConfigKeys (ConfUtils.java:logGet(43)) - raft.server.log.corruption.policy = EXCEPTION (default)
2019-10-03 19:08:48,723 [pool-433-thread-1] INFO  server.RaftServerConfigKeys (ConfUtils.java:logGet(43)) - raft.server.rpcslowness.timeout = 120s (custom)
2019-10-03 19:08:48,723 [pool-413-thread-1] INFO  storage.RaftStorageDirectory (RaftStorageDirectory.java:analyzeStorage(246)) - The storage directory /workdir/hadoop-ozone/integration-test/target/test-dir/MiniOzoneClusterImpl-32ce1286-658f-4fcc-af14-234b6f62532c/datanode-3/data/ratis/04fe3ce8-0b92-4a38-8c03-ed2c30f4c87f does not exist. Creating ...
2019-10-03 19:08:48,723 [pool-423-thread-1] INFO  server.RaftServerConfigKeys (ConfUtils.java:logGet(43)) - raft.server.log.appender.install.snapshot.enabled = false (custom)
2019-10-03 19:08:48,723 [pool-433-thread-1] INFO  server.RaftServerConfigKeys (ConfUtils.java:logGet(43)) - raft.server.sleep.deviation.threshold = 300 (default)
2019-10-03 19:08:48,723 [pool-423-thread-1] INFO  impl.RaftServerImpl (ServerState.java:<init>(103)) - 343821e1-c106-42c5-84e1-61d0e55cfe02@group-ED2C30F4C87F: ConfigurationManager, init=-1: [69060872-8452-4d78-be65-f18cabeb2bfe:192.168.157.195:37058, 343821e1-c106-42c5-84e1-61d0e55cfe02:192.168.157.195:41227, 8dfac8bb-ac55-4037-9602-aeb3f2552e23:192.168.157.195:35544], old=null, confs=<EMPTY_MAP>
2019-10-03 19:08:48,723 [pool-433-thread-1] INFO  server.RaftServerConfigKeys (ConfUtils.java:logGet(43)) - raft.server.log.appender.install.snapshot.enabled = false (custom)
2019-10-03 19:08:48,724 [pool-423-thread-1] INFO  server.RaftServerConfigKeys (ConfUtils.java:logGet(43)) - raft.server.storage.dir = [/workdir/hadoop-ozone/integration-test/target/test-dir/MiniOzoneClusterImpl-32ce1286-658f-4fcc-af14-234b6f62532c/datanode-4/data/ratis] (custom)
2019-10-03 19:08:48,724 [pool-433-thread-1] INFO  impl.RaftServerImpl (ServerState.java:<init>(103)) - 8dfac8bb-ac55-4037-9602-aeb3f2552e23@group-ED2C30F4C87F: ConfigurationManager, init=-1: [69060872-8452-4d78-be65-f18cabeb2bfe:192.168.157.195:37058, 343821e1-c106-42c5-84e1-61d0e55cfe02:192.168.157.195:41227, 8dfac8bb-ac55-4037-9602-aeb3f2552e23:192.168.157.195:35544], old=null, confs=<EMPTY_MAP>
2019-10-03 19:08:48,724 [pool-423-thread-1] INFO  server.RaftServerConfigKeys (ConfUtils.java:logGet(43)) - raft.server.log.corruption.policy = EXCEPTION (default)
2019-10-03 19:08:48,724 [pool-433-thread-1] INFO  server.RaftServerConfigKeys (ConfUtils.java:logGet(43)) - raft.server.storage.dir = [/workdir/hadoop-ozone/integration-test/target/test-dir/MiniOzoneClusterImpl-32ce1286-658f-4fcc-af14-234b6f62532c/datanode-5/data/ratis] (custom)
2019-10-03 19:08:48,724 [pool-423-thread-1] INFO  storage.RaftStorageDirectory (RaftStorageDirectory.java:analyzeStorage(246)) - The storage directory /workdir/hadoop-ozone/integration-test/target/test-dir/MiniOzoneClusterImpl-32ce1286-658f-4fcc-af14-234b6f62532c/datanode-4/data/ratis/04fe3ce8-0b92-4a38-8c03-ed2c30f4c87f does not exist. Creating ...
2019-10-03 19:08:48,724 [pool-433-thread-1] INFO  server.RaftServerConfigKeys (ConfUtils.java:logGet(43)) - raft.server.log.corruption.policy = EXCEPTION (default)
2019-10-03 19:08:48,725 [pool-433-thread-1] INFO  storage.RaftStorageDirectory (RaftStorageDirectory.java:analyzeStorage(246)) - The storage directory /workdir/hadoop-ozone/integration-test/target/test-dir/MiniOzoneClusterImpl-32ce1286-658f-4fcc-af14-234b6f62532c/datanode-5/data/ratis/04fe3ce8-0b92-4a38-8c03-ed2c30f4c87f does not exist. Creating ...
2019-10-03 19:08:48,737 [pool-433-thread-1] INFO  storage.RaftStorageDirectory (RaftStorageDirectory.java:tryLock(328)) - Lock on /workdir/hadoop-ozone/integration-test/target/test-dir/MiniOzoneClusterImpl-32ce1286-658f-4fcc-af14-234b6f62532c/datanode-5/data/ratis/04fe3ce8-0b92-4a38-8c03-ed2c30f4c87f/in_use.lock acquired by nodename 974@pr-hdds-1720-trunk-rd9ht-2257799243
2019-10-03 19:08:48,737 [pool-423-thread-1] INFO  storage.RaftStorageDirectory (RaftStorageDirectory.java:tryLock(328)) - Lock on /workdir/hadoop-ozone/integration-test/target/test-dir/MiniOzoneClusterImpl-32ce1286-658f-4fcc-af14-234b6f62532c/datanode-4/data/ratis/04fe3ce8-0b92-4a38-8c03-ed2c30f4c87f/in_use.lock acquired by nodename 974@pr-hdds-1720-trunk-rd9ht-2257799243
2019-10-03 19:08:48,737 [pool-413-thread-1] INFO  storage.RaftStorageDirectory (RaftStorageDirectory.java:tryLock(328)) - Lock on /workdir/hadoop-ozone/integration-test/target/test-dir/MiniOzoneClusterImpl-32ce1286-658f-4fcc-af14-234b6f62532c/datanode-3/data/ratis/04fe3ce8-0b92-4a38-8c03-ed2c30f4c87f/in_use.lock acquired by nodename 974@pr-hdds-1720-trunk-rd9ht-2257799243
2019-10-03 19:08:48,750 [pool-433-thread-1] INFO  storage.RaftStorage (RaftStorage.java:format(84)) - Storage directory /workdir/hadoop-ozone/integration-test/target/test-dir/MiniOzoneClusterImpl-32ce1286-658f-4fcc-af14-234b6f62532c/datanode-5/data/ratis/04fe3ce8-0b92-4a38-8c03-ed2c30f4c87f has been successfully formatted.
2019-10-03 19:08:48,750 [pool-423-thread-1] INFO  storage.RaftStorage (RaftStorage.java:format(84)) - Storage directory /workdir/hadoop-ozone/integration-test/target/test-dir/MiniOzoneClusterImpl-32ce1286-658f-4fcc-af14-234b6f62532c/datanode-4/data/ratis/04fe3ce8-0b92-4a38-8c03-ed2c30f4c87f has been successfully formatted.
2019-10-03 19:08:48,750 [pool-413-thread-1] INFO  storage.RaftStorage (RaftStorage.java:format(84)) - Storage directory /workdir/hadoop-ozone/integration-test/target/test-dir/MiniOzoneClusterImpl-32ce1286-658f-4fcc-af14-234b6f62532c/datanode-3/data/ratis/04fe3ce8-0b92-4a38-8c03-ed2c30f4c87f has been successfully formatted.
2019-10-03 19:08:48,750 [pool-433-thread-1] INFO  ratis.ContainerStateMachine (ContainerStateMachine.java:loadSnapshot(230)) - group-ED2C30F4C87F: The snapshot info is null. Setting the last applied indexto:(t:0, i:~)
2019-10-03 19:08:48,750 [pool-413-thread-1] INFO  ratis.ContainerStateMachine (ContainerStateMachine.java:loadSnapshot(230)) - group-ED2C30F4C87F: The snapshot info is null. Setting the last applied indexto:(t:0, i:~)
2019-10-03 19:08:48,750 [pool-423-thread-1] INFO  ratis.ContainerStateMachine (ContainerStateMachine.java:loadSnapshot(230)) - group-ED2C30F4C87F: The snapshot info is null. Setting the last applied indexto:(t:0, i:~)
2019-10-03 19:08:48,751 [pool-413-thread-1] INFO  server.RaftServerConfigKeys (ConfUtils.java:logGet(43)) - raft.server.notification.no-leader.timeout = 120s (custom)
2019-10-03 19:08:48,751 [pool-433-thread-1] INFO  server.RaftServerConfigKeys (ConfUtils.java:logGet(43)) - raft.server.notification.no-leader.timeout = 120s (custom)
2019-10-03 19:08:48,751 [pool-413-thread-1] INFO  server.RaftServerConfigKeys (ConfUtils.java:logGet(43)) - raft.server.log.use.memory = false (default)
2019-10-03 19:08:48,751 [pool-423-thread-1] INFO  server.RaftServerConfigKeys (ConfUtils.java:logGet(43)) - raft.server.notification.no-leader.timeout = 120s (custom)
2019-10-03 19:08:48,751 [pool-413-thread-1] INFO  server.RaftServerConfigKeys (ConfUtils.java:logGet(43)) - raft.server.log.purge.gap = 1000000 (custom)
2019-10-03 19:08:48,751 [pool-433-thread-1] INFO  server.RaftServerConfigKeys (ConfUtils.java:logGet(43)) - raft.server.log.use.memory = false (default)
2019-10-03 19:08:48,751 [pool-413-thread-1] INFO  server.RaftServerConfigKeys (ConfUtils.java:logGet(43)) - raft.server.log.appender.buffer.byte-limit = 33554432 (custom)
2019-10-03 19:08:48,751 [pool-423-thread-1] INFO  server.RaftServerConfigKeys (ConfUtils.java:logGet(43)) - raft.server.log.use.memory = false (default)
2019-10-03 19:08:48,751 [pool-413-thread-1] INFO  server.RaftServerConfigKeys (ConfUtils.java:logGet(43)) - raft.server.log.segment.size.max = 1048576 (custom)
2019-10-03 19:08:48,751 [pool-433-thread-1] INFO  server.RaftServerConfigKeys (ConfUtils.java:logGet(43)) - raft.server.log.purge.gap = 1000000 (custom)
2019-10-03 19:08:48,752 [pool-413-thread-1] INFO  server.RaftServerConfigKeys (ConfUtils.java:logGet(43)) - raft.server.log.segment.cache.num.max = 2 (custom)
2019-10-03 19:08:48,752 [pool-423-thread-1] INFO  server.RaftServerConfigKeys (ConfUtils.java:logGet(43)) - raft.server.log.purge.gap = 1000000 (custom)
2019-10-03 19:08:48,752 [pool-413-thread-1] INFO  segmented.SegmentedRaftLogWorker (SegmentedRaftLogWorker.java:<init>(173)) - new 69060872-8452-4d78-be65-f18cabeb2bfe@group-ED2C30F4C87F-SegmentedRaftLogWorker for RaftStorage:Storage Directory /workdir/hadoop-ozone/integration-test/target/test-dir/MiniOzoneClusterImpl-32ce1286-658f-4fcc-af14-234b6f62532c/datanode-3/data/ratis/04fe3ce8-0b92-4a38-8c03-ed2c30f4c87f
2019-10-03 19:08:48,752 [pool-433-thread-1] INFO  server.RaftServerConfigKeys (ConfUtils.java:logGet(43)) - raft.server.log.appender.buffer.byte-limit = 33554432 (custom)
2019-10-03 19:08:48,752 [pool-413-thread-1] INFO  server.RaftServerConfigKeys (ConfUtils.java:logGet(43)) - raft.server.log.queue.byte-limit = 2147483647 (custom)
2019-10-03 19:08:48,752 [pool-423-thread-1] INFO  server.RaftServerConfigKeys (ConfUtils.java:logGet(43)) - raft.server.log.appender.buffer.byte-limit = 33554432 (custom)
2019-10-03 19:08:48,752 [pool-413-thread-1] INFO  server.RaftServerConfigKeys (ConfUtils.java:logGet(43)) - raft.server.log.queue.element-limit = 1024 (custom)
2019-10-03 19:08:48,752 [pool-433-thread-1] INFO  server.RaftServerConfigKeys (ConfUtils.java:logGet(43)) - raft.server.log.segment.size.max = 1048576 (custom)
2019-10-03 19:08:48,752 [pool-413-thread-1] INFO  server.RaftServerConfigKeys (ConfUtils.java:logGet(43)) - raft.server.log.segment.size.max = 1048576 (custom)
2019-10-03 19:08:48,752 [pool-423-thread-1] INFO  server.RaftServerConfigKeys (ConfUtils.java:logGet(43)) - raft.server.log.segment.size.max = 1048576 (custom)
2019-10-03 19:08:48,753 [pool-413-thread-1] INFO  server.RaftServerConfigKeys (ConfUtils.java:logGet(43)) - raft.server.log.preallocated.size = 16384 (custom)
2019-10-03 19:08:48,753 [pool-433-thread-1] INFO  server.RaftServerConfigKeys (ConfUtils.java:logGet(43)) - raft.server.log.segment.cache.num.max = 2 (custom)
2019-10-03 19:08:48,753 [pool-413-thread-1] INFO  server.RaftServerConfigKeys (ConfUtils.java:logGet(43)) - raft.server.log.write.buffer.size = 33554432 (custom)
2019-10-03 19:08:48,753 [pool-423-thread-1] INFO  server.RaftServerConfigKeys (ConfUtils.java:logGet(43)) - raft.server.log.segment.cache.num.max = 2 (custom)
2019-10-03 19:08:48,753 [pool-413-thread-1] INFO  server.RaftServerConfigKeys (ConfUtils.java:logGet(43)) - raft.server.log.force.sync.num = 128 (default)
2019-10-03 19:08:48,753 [pool-433-thread-1] INFO  segmented.SegmentedRaftLogWorker (SegmentedRaftLogWorker.java:<init>(173)) - new 8dfac8bb-ac55-4037-9602-aeb3f2552e23@group-ED2C30F4C87F-SegmentedRaftLogWorker for RaftStorage:Storage Directory /workdir/hadoop-ozone/integration-test/target/test-dir/MiniOzoneClusterImpl-32ce1286-658f-4fcc-af14-234b6f62532c/datanode-5/data/ratis/04fe3ce8-0b92-4a38-8c03-ed2c30f4c87f
2019-10-03 19:08:48,753 [pool-413-thread-1] INFO  server.RaftServerConfigKeys (ConfUtils.java:logGet(43)) - raft.server.log.statemachine.data.sync = true (default)
2019-10-03 19:08:48,753 [pool-423-thread-1] INFO  segmented.SegmentedRaftLogWorker (SegmentedRaftLogWorker.java:<init>(173)) - new 343821e1-c106-42c5-84e1-61d0e55cfe02@group-ED2C30F4C87F-SegmentedRaftLogWorker for RaftStorage:Storage Directory /workdir/hadoop-ozone/integration-test/target/test-dir/MiniOzoneClusterImpl-32ce1286-658f-4fcc-af14-234b6f62532c/datanode-4/data/ratis/04fe3ce8-0b92-4a38-8c03-ed2c30f4c87f
2019-10-03 19:08:48,753 [pool-413-thread-1] INFO  server.RaftServerConfigKeys (ConfUtils.java:logGet(43)) - raft.server.log.statemachine.data.sync.timeout = 10s (default)
2019-10-03 19:08:48,753 [pool-433-thread-1] INFO  server.RaftServerConfigKeys (ConfUtils.java:logGet(43)) - raft.server.log.queue.byte-limit = 2147483647 (custom)
2019-10-03 19:08:48,754 [pool-413-thread-1] INFO  server.RaftServerConfigKeys (ConfUtils.java:logGet(43)) - raft.server.log.statemachine.data.sync.timeout.retry = -1 (default)
2019-10-03 19:08:48,754 [pool-423-thread-1] INFO  server.RaftServerConfigKeys (ConfUtils.java:logGet(43)) - raft.server.log.queue.byte-limit = 2147483647 (custom)
2019-10-03 19:08:48,754 [pool-413-thread-1] INFO  server.RaftServerConfigKeys (ConfUtils.java:logGet(43)) - raft.server.log.statemachine.data.caching.enabled = true (custom)
2019-10-03 19:08:48,754 [pool-433-thread-1] INFO  server.RaftServerConfigKeys (ConfUtils.java:logGet(43)) - raft.server.log.queue.element-limit = 1024 (custom)
2019-10-03 19:08:48,754 [pool-423-thread-1] INFO  server.RaftServerConfigKeys (ConfUtils.java:logGet(43)) - raft.server.log.queue.element-limit = 1024 (custom)
2019-10-03 19:08:48,754 [pool-433-thread-1] INFO  server.RaftServerConfigKeys (ConfUtils.java:logGet(43)) - raft.server.log.segment.size.max = 1048576 (custom)
2019-10-03 19:08:48,754 [pool-413-thread-1] INFO  segmented.SegmentedRaftLogWorker (SegmentedRaftLogWorker.java:lambda$new$0(128)) - 69060872-8452-4d78-be65-f18cabeb2bfe@group-ED2C30F4C87F-SegmentedRaftLogWorker: flushIndex: setUnconditionally 0 -> -1
2019-10-03 19:08:48,754 [pool-433-thread-1] INFO  server.RaftServerConfigKeys (ConfUtils.java:logGet(43)) - raft.server.log.preallocated.size = 16384 (custom)
2019-10-03 19:08:48,754 [pool-423-thread-1] INFO  server.RaftServerConfigKeys (ConfUtils.java:logGet(43)) - raft.server.log.segment.size.max = 1048576 (custom)
2019-10-03 19:08:48,755 [pool-413-thread-1] INFO  server.RaftServerConfigKeys (ConfUtils.java:logGet(43)) - raft.server.snapshot.auto.trigger.enabled = true (custom)
2019-10-03 19:08:48,755 [pool-433-thread-1] INFO  server.RaftServerConfigKeys (ConfUtils.java:logGet(43)) - raft.server.log.write.buffer.size = 33554432 (custom)
2019-10-03 19:08:48,755 [pool-413-thread-1] INFO  server.RaftServerConfigKeys (ConfUtils.java:logGet(43)) - raft.server.snapshot.auto.trigger.threshold = 10000 (custom)
2019-10-03 19:08:48,755 [pool-423-thread-1] INFO  server.RaftServerConfigKeys (ConfUtils.java:logGet(43)) - raft.server.log.preallocated.size = 16384 (custom)
2019-10-03 19:08:48,755 [pool-413-thread-1] INFO  server.RaftServerConfigKeys (ConfUtils.java:logGet(43)) - raft.server.snapshot.retention.file.num = 5 (custom)
2019-10-03 19:08:48,755 [pool-433-thread-1] INFO  server.RaftServerConfigKeys (ConfUtils.java:logGet(43)) - raft.server.log.force.sync.num = 128 (default)
2019-10-03 19:08:48,755 [pool-413-thread-1] INFO  server.RaftServerConfigKeys (ConfUtils.java:logGet(43)) - raft.server.retrycache.expirytime = 600000ms (custom)
2019-10-03 19:08:48,755 [pool-423-thread-1] INFO  server.RaftServerConfigKeys (ConfUtils.java:logGet(43)) - raft.server.log.write.buffer.size = 33554432 (custom)
2019-10-03 19:08:48,755 [pool-433-thread-1] INFO  server.RaftServerConfigKeys (ConfUtils.java:logGet(43)) - raft.server.log.statemachine.data.sync = true (default)
2019-10-03 19:08:48,755 [pool-423-thread-1] INFO  server.RaftServerConfigKeys (ConfUtils.java:logGet(43)) - raft.server.log.force.sync.num = 128 (default)
2019-10-03 19:08:48,756 [pool-433-thread-1] INFO  server.RaftServerConfigKeys (ConfUtils.java:logGet(43)) - raft.server.log.statemachine.data.sync.timeout = 10s (default)
2019-10-03 19:08:48,756 [pool-423-thread-1] INFO  server.RaftServerConfigKeys (ConfUtils.java:logGet(43)) - raft.server.log.statemachine.data.sync = true (default)
2019-10-03 19:08:48,756 [pool-433-thread-1] INFO  server.RaftServerConfigKeys (ConfUtils.java:logGet(43)) - raft.server.log.statemachine.data.sync.timeout.retry = -1 (default)
2019-10-03 19:08:48,756 [pool-423-thread-1] INFO  server.RaftServerConfigKeys (ConfUtils.java:logGet(43)) - raft.server.log.statemachine.data.sync.timeout = 10s (default)
2019-10-03 19:08:48,756 [pool-433-thread-1] INFO  server.RaftServerConfigKeys (ConfUtils.java:logGet(43)) - raft.server.log.statemachine.data.caching.enabled = true (custom)
2019-10-03 19:08:48,756 [pool-423-thread-1] INFO  server.RaftServerConfigKeys (ConfUtils.java:logGet(43)) - raft.server.log.statemachine.data.sync.timeout.retry = -1 (default)
2019-10-03 19:08:48,756 [pool-423-thread-1] INFO  server.RaftServerConfigKeys (ConfUtils.java:logGet(43)) - raft.server.log.statemachine.data.caching.enabled = true (custom)
2019-10-03 19:08:48,756 [pool-433-thread-1] INFO  segmented.SegmentedRaftLogWorker (SegmentedRaftLogWorker.java:lambda$new$0(128)) - 8dfac8bb-ac55-4037-9602-aeb3f2552e23@group-ED2C30F4C87F-SegmentedRaftLogWorker: flushIndex: setUnconditionally 0 -> -1
2019-10-03 19:08:48,757 [pool-423-thread-1] INFO  segmented.SegmentedRaftLogWorker (SegmentedRaftLogWorker.java:lambda$new$0(128)) - 343821e1-c106-42c5-84e1-61d0e55cfe02@group-ED2C30F4C87F-SegmentedRaftLogWorker: flushIndex: setUnconditionally 0 -> -1
2019-10-03 19:08:48,757 [pool-413-thread-1] INFO  impl.RaftServerImpl (RaftServerImpl.java:start(181)) - 69060872-8452-4d78-be65-f18cabeb2bfe@group-ED2C30F4C87F: start as a follower, conf=-1: [69060872-8452-4d78-be65-f18cabeb2bfe:192.168.157.195:37058, 343821e1-c106-42c5-84e1-61d0e55cfe02:192.168.157.195:41227, 8dfac8bb-ac55-4037-9602-aeb3f2552e23:192.168.157.195:35544], old=null
2019-10-03 19:08:48,757 [pool-433-thread-1] INFO  server.RaftServerConfigKeys (ConfUtils.java:logGet(43)) - raft.server.snapshot.auto.trigger.enabled = true (custom)
2019-10-03 19:08:48,757 [pool-413-thread-1] INFO  impl.RaftServerImpl (RaftServerImpl.java:setRole(170)) - 69060872-8452-4d78-be65-f18cabeb2bfe@group-ED2C30F4C87F: changes role from      null to FOLLOWER at term 0 for startAsFollower
2019-10-03 19:08:48,757 [pool-423-thread-1] INFO  server.RaftServerConfigKeys (ConfUtils.java:logGet(43)) - raft.server.snapshot.auto.trigger.enabled = true (custom)
2019-10-03 19:08:48,757 [pool-413-thread-1] INFO  impl.RoleInfo (RoleInfo.java:updateAndGet(143)) - 69060872-8452-4d78-be65-f18cabeb2bfe: start FollowerState
2019-10-03 19:08:48,757 [pool-433-thread-1] INFO  server.RaftServerConfigKeys (ConfUtils.java:logGet(43)) - raft.server.snapshot.auto.trigger.threshold = 10000 (custom)
2019-10-03 19:08:48,757 [pool-423-thread-1] INFO  server.RaftServerConfigKeys (ConfUtils.java:logGet(43)) - raft.server.snapshot.auto.trigger.threshold = 10000 (custom)
2019-10-03 19:08:48,757 [pool-413-thread-1] INFO  util.JmxRegister (JmxRegister.java:tryRegister(44)) - Successfully registered JMX Bean with object name Ratis:service=RaftServer,group=group-ED2C30F4C87F,id=69060872-8452-4d78-be65-f18cabeb2bfe
2019-10-03 19:08:48,757 [pool-433-thread-1] INFO  server.RaftServerConfigKeys (ConfUtils.java:logGet(43)) - raft.server.snapshot.retention.file.num = 5 (custom)
2019-10-03 19:08:48,757 [pool-423-thread-1] INFO  server.RaftServerConfigKeys (ConfUtils.java:logGet(43)) - raft.server.snapshot.retention.file.num = 5 (custom)
2019-10-03 19:08:48,758 [pool-433-thread-1] INFO  server.RaftServerConfigKeys (ConfUtils.java:logGet(43)) - raft.server.retrycache.expirytime = 600000ms (custom)
2019-10-03 19:08:48,758 [pool-423-thread-1] INFO  server.RaftServerConfigKeys (ConfUtils.java:logGet(43)) - raft.server.retrycache.expirytime = 600000ms (custom)
2019-10-03 19:08:48,760 [pool-433-thread-1] INFO  impl.RaftServerImpl (RaftServerImpl.java:start(181)) - 8dfac8bb-ac55-4037-9602-aeb3f2552e23@group-ED2C30F4C87F: start as a follower, conf=-1: [69060872-8452-4d78-be65-f18cabeb2bfe:192.168.157.195:37058, 343821e1-c106-42c5-84e1-61d0e55cfe02:192.168.157.195:41227, 8dfac8bb-ac55-4037-9602-aeb3f2552e23:192.168.157.195:35544], old=null
2019-10-03 19:08:48,760 [pool-423-thread-1] INFO  impl.RaftServerImpl (RaftServerImpl.java:start(181)) - 343821e1-c106-42c5-84e1-61d0e55cfe02@group-ED2C30F4C87F: start as a follower, conf=-1: [69060872-8452-4d78-be65-f18cabeb2bfe:192.168.157.195:37058, 343821e1-c106-42c5-84e1-61d0e55cfe02:192.168.157.195:41227, 8dfac8bb-ac55-4037-9602-aeb3f2552e23:192.168.157.195:35544], old=null
2019-10-03 19:08:48,760 [pool-433-thread-1] INFO  impl.RaftServerImpl (RaftServerImpl.java:setRole(170)) - 8dfac8bb-ac55-4037-9602-aeb3f2552e23@group-ED2C30F4C87F: changes role from      null to FOLLOWER at term 0 for startAsFollower
2019-10-03 19:08:48,760 [pool-423-thread-1] INFO  impl.RaftServerImpl (RaftServerImpl.java:setRole(170)) - 343821e1-c106-42c5-84e1-61d0e55cfe02@group-ED2C30F4C87F: changes role from      null to FOLLOWER at term 0 for startAsFollower
2019-10-03 19:08:48,760 [pool-433-thread-1] INFO  impl.RoleInfo (RoleInfo.java:updateAndGet(143)) - 8dfac8bb-ac55-4037-9602-aeb3f2552e23: start FollowerState
2019-10-03 19:08:48,760 [pool-423-thread-1] INFO  impl.RoleInfo (RoleInfo.java:updateAndGet(143)) - 343821e1-c106-42c5-84e1-61d0e55cfe02: start FollowerState
2019-10-03 19:08:48,761 [pool-433-thread-1] INFO  util.JmxRegister (JmxRegister.java:tryRegister(44)) - Successfully registered JMX Bean with object name Ratis:service=RaftServer,group=group-ED2C30F4C87F,id=8dfac8bb-ac55-4037-9602-aeb3f2552e23
2019-10-03 19:08:48,761 [pool-423-thread-1] INFO  util.JmxRegister (JmxRegister.java:tryRegister(44)) - Successfully registered JMX Bean with object name Ratis:service=RaftServer,group=group-ED2C30F4C87F,id=343821e1-c106-42c5-84e1-61d0e55cfe02
2019-10-03 19:08:48,765 [RatisPipelineUtilsThread] INFO  pipeline.PipelineStateManager (PipelineStateManager.java:addPipeline(56)) - Created pipeline Pipeline[ Id: 04fe3ce8-0b92-4a38-8c03-ed2c30f4c87f, Nodes: 69060872-8452-4d78-be65-f18cabeb2bfe{ip: 192.168.157.195, host: pr-hdds-1720-trunk-rd9ht-2257799243, networkLocation: /default-rack, certSerialId: null}8dfac8bb-ac55-4037-9602-aeb3f2552e23{ip: 192.168.157.195, host: pr-hdds-1720-trunk-rd9ht-2257799243, networkLocation: /default-rack, certSerialId: null}343821e1-c106-42c5-84e1-61d0e55cfe02{ip: 192.168.157.195, host: pr-hdds-1720-trunk-rd9ht-2257799243, networkLocation: /default-rack, certSerialId: null}, Type:RATIS, Factor:THREE, State:OPEN]
2019-10-03 19:08:49,721 [main] INFO  ozone.MiniOzoneClusterImpl (MiniOzoneClusterImpl.java:lambda$waitForClusterToBeReady$0(147)) - Cluster is ready. Got 7 of 7 DN Heartbeats.
2019-10-03 19:08:49,760 [main] INFO  rpc.RpcClient (RpcClient.java:createVolume(277)) - Creating Volume: watchforcommithandlingtest, with jenkins1000 as owner.
2019-10-03 19:08:49,762 [IPC Server handler 0 on 40438] INFO  volume.OMVolumeCreateRequest (OMVolumeCreateRequest.java:validateAndUpdateCache(193)) - created volume:watchforcommithandlingtest for user:jenkins1000
2019-10-03 19:08:49,775 [main] INFO  rpc.RpcClient (RpcClient.java:createBucket(416)) - Creating Bucket: watchforcommithandlingtest/watchforcommithandlingtest, with Versioning false and Storage Type set to DISK and Encryption set to false 
2019-10-03 19:08:49,778 [main] INFO  ozone.MiniOzoneClusterImpl (MiniOzoneClusterImpl.java:getStorageContainerLocationClient(234)) - Creating StorageContainerLocationProtocol RPC client with address /0.0.0.0:42830
2019-10-03 19:08:51,271 [Thread-2410] INFO  container.ReplicationManager (ReplicationManager.java:start(162)) - Starting Replication Monitor Thread.
2019-10-03 19:08:51,274 [ReplicationMonitor] INFO  container.ReplicationManager (ReplicationManager.java:run(225)) - Replication Monitor Thread took 1 milliseconds for processing 1 containers.
2019-10-03 19:08:53,360 [Thread-2412] INFO  impl.FollowerState (FollowerState.java:run(108)) - 5eff80b7-68c7-467a-aaac-779d6ac2bab0@group-A1A479B7394A-FollowerState: change to CANDIDATE, lastRpcTime:5042ms, electionTimeout:5042ms
2019-10-03 19:08:53,360 [Thread-2412] INFO  impl.RoleInfo (RoleInfo.java:shutdownFollowerState(121)) - 5eff80b7-68c7-467a-aaac-779d6ac2bab0: shutdown FollowerState
2019-10-03 19:08:53,360 [Thread-2412] INFO  impl.RaftServerImpl (RaftServerImpl.java:setRole(170)) - 5eff80b7-68c7-467a-aaac-779d6ac2bab0@group-A1A479B7394A: changes role from  FOLLOWER to CANDIDATE at term 0 for changeToCandidate
2019-10-03 19:08:53,360 [Thread-2412] INFO  impl.RoleInfo (RoleInfo.java:updateAndGet(143)) - 5eff80b7-68c7-467a-aaac-779d6ac2bab0: start LeaderElection
2019-10-03 19:08:53,381 [5eff80b7-68c7-467a-aaac-779d6ac2bab0@group-A1A479B7394A-LeaderElection67] INFO  impl.LeaderElection (LeaderElection.java:askForVotes(178)) - 5eff80b7-68c7-467a-aaac-779d6ac2bab0@group-A1A479B7394A-LeaderElection67: begin an election at term 1 for -1: [5eff80b7-68c7-467a-aaac-779d6ac2bab0:192.168.157.195:34812], old=null
2019-10-03 19:08:53,381 [5eff80b7-68c7-467a-aaac-779d6ac2bab0@group-A1A479B7394A-LeaderElection67] INFO  impl.RoleInfo (RoleInfo.java:shutdownLeaderElection(134)) - 5eff80b7-68c7-467a-aaac-779d6ac2bab0: shutdown LeaderElection
2019-10-03 19:08:53,381 [5eff80b7-68c7-467a-aaac-779d6ac2bab0@group-A1A479B7394A-LeaderElection67] INFO  impl.RaftServerImpl (RaftServerImpl.java:setRole(170)) - 5eff80b7-68c7-467a-aaac-779d6ac2bab0@group-A1A479B7394A: changes role from CANDIDATE to LEADER at term 1 for changeToLeader
2019-10-03 19:08:53,381 [5eff80b7-68c7-467a-aaac-779d6ac2bab0@group-A1A479B7394A-LeaderElection67] INFO  impl.RaftServerImpl (ServerState.java:setLeader(255)) - 5eff80b7-68c7-467a-aaac-779d6ac2bab0@group-A1A479B7394A: change Leader from null to 5eff80b7-68c7-467a-aaac-779d6ac2bab0 at term 1 for becomeLeader, leader elected after 5073ms
2019-10-03 19:08:53,381 [5eff80b7-68c7-467a-aaac-779d6ac2bab0@group-A1A479B7394A-LeaderElection67] INFO  server.RaftServerConfigKeys (ConfUtils.java:logGet(43)) - raft.server.staging.catchup.gap = 1000 (default)
2019-10-03 19:08:53,382 [5eff80b7-68c7-467a-aaac-779d6ac2bab0@group-A1A479B7394A-LeaderElection67] INFO  server.RaftServerConfigKeys (ConfUtils.java:logGet(43)) - raft.server.rpc.sleep.time = 25ms (default)
2019-10-03 19:08:53,382 [5eff80b7-68c7-467a-aaac-779d6ac2bab0@group-A1A479B7394A-LeaderElection67] INFO  server.RaftServerConfigKeys (ConfUtils.java:logGet(43)) - raft.server.write.element-limit = 4096 (default)
2019-10-03 19:08:53,382 [5eff80b7-68c7-467a-aaac-779d6ac2bab0@group-A1A479B7394A-LeaderElection67] INFO  server.RaftServerConfigKeys (ConfUtils.java:logGet(43)) - raft.server.watch.timeout = 10s (default)
2019-10-03 19:08:53,382 [5eff80b7-68c7-467a-aaac-779d6ac2bab0@group-A1A479B7394A-LeaderElection67] INFO  server.RaftServerConfigKeys (ConfUtils.java:logGet(43)) - raft.server.watch.timeout.denomination = 1s (default)
2019-10-03 19:08:53,382 [5eff80b7-68c7-467a-aaac-779d6ac2bab0@group-A1A479B7394A-LeaderElection67] INFO  server.RaftServerConfigKeys (ConfUtils.java:logGet(43)) - raft.server.watch.element-limit = 65536 (default)
2019-10-03 19:08:53,385 [5eff80b7-68c7-467a-aaac-779d6ac2bab0@group-A1A479B7394A-LeaderElection67] INFO  impl.RoleInfo (RoleInfo.java:updateAndGet(143)) - 5eff80b7-68c7-467a-aaac-779d6ac2bab0: start LeaderState
2019-10-03 19:08:53,385 [5eff80b7-68c7-467a-aaac-779d6ac2bab0@group-A1A479B7394A-LeaderElection67] INFO  segmented.SegmentedRaftLogWorker (SegmentedRaftLogWorker.java:startLogSegment(385)) - 5eff80b7-68c7-467a-aaac-779d6ac2bab0@group-A1A479B7394A-SegmentedRaftLogWorker: Starting segment from index:0
2019-10-03 19:08:53,386 [5eff80b7-68c7-467a-aaac-779d6ac2bab0@group-A1A479B7394A-LeaderElection67] INFO  impl.RaftServerImpl (ServerState.java:setRaftConf(356)) - 5eff80b7-68c7-467a-aaac-779d6ac2bab0@group-A1A479B7394A: set configuration 0: [5eff80b7-68c7-467a-aaac-779d6ac2bab0:192.168.157.195:34812], old=null at 0
2019-10-03 19:08:53,432 [5eff80b7-68c7-467a-aaac-779d6ac2bab0@group-A1A479B7394A-SegmentedRaftLogWorker] INFO  segmented.SegmentedRaftLogWorker (SegmentedRaftLogWorker.java:execute(574)) - 5eff80b7-68c7-467a-aaac-779d6ac2bab0@group-A1A479B7394A-SegmentedRaftLogWorker: created new log segment /workdir/hadoop-ozone/integration-test/target/test-dir/MiniOzoneClusterImpl-32ce1286-658f-4fcc-af14-234b6f62532c/datanode-0/data/ratis/f22b6137-1bb6-478b-b96c-a1a479b7394a/current/log_inprogress_0
2019-10-03 19:08:53,501 [Thread-2415] INFO  impl.FollowerState (FollowerState.java:run(108)) - 779b529b-984c-4b64-87cb-a33b74abd8c9@group-710B98096B6F-FollowerState: change to CANDIDATE, lastRpcTime:5115ms, electionTimeout:5115ms
2019-10-03 19:08:53,502 [Thread-2415] INFO  impl.RoleInfo (RoleInfo.java:shutdownFollowerState(121)) - 779b529b-984c-4b64-87cb-a33b74abd8c9: shutdown FollowerState
2019-10-03 19:08:53,502 [Thread-2415] INFO  impl.RaftServerImpl (RaftServerImpl.java:setRole(170)) - 779b529b-984c-4b64-87cb-a33b74abd8c9@group-710B98096B6F: changes role from  FOLLOWER to CANDIDATE at term 0 for changeToCandidate
2019-10-03 19:08:53,502 [Thread-2415] INFO  impl.RoleInfo (RoleInfo.java:updateAndGet(143)) - 779b529b-984c-4b64-87cb-a33b74abd8c9: start LeaderElection
2019-10-03 19:08:53,519 [779b529b-984c-4b64-87cb-a33b74abd8c9@group-710B98096B6F-LeaderElection68] INFO  impl.LeaderElection (LeaderElection.java:askForVotes(178)) - 779b529b-984c-4b64-87cb-a33b74abd8c9@group-710B98096B6F-LeaderElection68: begin an election at term 1 for -1: [779b529b-984c-4b64-87cb-a33b74abd8c9:192.168.157.195:44187], old=null
2019-10-03 19:08:53,519 [779b529b-984c-4b64-87cb-a33b74abd8c9@group-710B98096B6F-LeaderElection68] INFO  impl.RoleInfo (RoleInfo.java:shutdownLeaderElection(134)) - 779b529b-984c-4b64-87cb-a33b74abd8c9: shutdown LeaderElection
2019-10-03 19:08:53,520 [779b529b-984c-4b64-87cb-a33b74abd8c9@group-710B98096B6F-LeaderElection68] INFO  impl.RaftServerImpl (RaftServerImpl.java:setRole(170)) - 779b529b-984c-4b64-87cb-a33b74abd8c9@group-710B98096B6F: changes role from CANDIDATE to LEADER at term 1 for changeToLeader
2019-10-03 19:08:53,520 [779b529b-984c-4b64-87cb-a33b74abd8c9@group-710B98096B6F-LeaderElection68] INFO  impl.RaftServerImpl (ServerState.java:setLeader(255)) - 779b529b-984c-4b64-87cb-a33b74abd8c9@group-710B98096B6F: change Leader from null to 779b529b-984c-4b64-87cb-a33b74abd8c9 at term 1 for becomeLeader, leader elected after 5138ms
2019-10-03 19:08:53,520 [779b529b-984c-4b64-87cb-a33b74abd8c9@group-710B98096B6F-LeaderElection68] INFO  server.RaftServerConfigKeys (ConfUtils.java:logGet(43)) - raft.server.staging.catchup.gap = 1000 (default)
2019-10-03 19:08:53,520 [779b529b-984c-4b64-87cb-a33b74abd8c9@group-710B98096B6F-LeaderElection68] INFO  server.RaftServerConfigKeys (ConfUtils.java:logGet(43)) - raft.server.rpc.sleep.time = 25ms (default)
2019-10-03 19:08:53,520 [779b529b-984c-4b64-87cb-a33b74abd8c9@group-710B98096B6F-LeaderElection68] INFO  server.RaftServerConfigKeys (ConfUtils.java:logGet(43)) - raft.server.write.element-limit = 4096 (default)
2019-10-03 19:08:53,520 [779b529b-984c-4b64-87cb-a33b74abd8c9@group-710B98096B6F-LeaderElection68] INFO  server.RaftServerConfigKeys (ConfUtils.java:logGet(43)) - raft.server.watch.timeout = 10s (default)
2019-10-03 19:08:53,520 [779b529b-984c-4b64-87cb-a33b74abd8c9@group-710B98096B6F-LeaderElection68] INFO  server.RaftServerConfigKeys (ConfUtils.java:logGet(43)) - raft.server.watch.timeout.denomination = 1s (default)
2019-10-03 19:08:53,520 [779b529b-984c-4b64-87cb-a33b74abd8c9@group-710B98096B6F-LeaderElection68] INFO  server.RaftServerConfigKeys (ConfUtils.java:logGet(43)) - raft.server.watch.element-limit = 65536 (default)
2019-10-03 19:08:53,522 [779b529b-984c-4b64-87cb-a33b74abd8c9@group-710B98096B6F-LeaderElection68] INFO  impl.RoleInfo (RoleInfo.java:updateAndGet(143)) - 779b529b-984c-4b64-87cb-a33b74abd8c9: start LeaderState
2019-10-03 19:08:53,522 [779b529b-984c-4b64-87cb-a33b74abd8c9@group-710B98096B6F-LeaderElection68] INFO  segmented.SegmentedRaftLogWorker (SegmentedRaftLogWorker.java:startLogSegment(385)) - 779b529b-984c-4b64-87cb-a33b74abd8c9@group-710B98096B6F-SegmentedRaftLogWorker: Starting segment from index:0
2019-10-03 19:08:53,522 [779b529b-984c-4b64-87cb-a33b74abd8c9@group-710B98096B6F-LeaderElection68] INFO  impl.RaftServerImpl (ServerState.java:setRaftConf(356)) - 779b529b-984c-4b64-87cb-a33b74abd8c9@group-710B98096B6F: set configuration 0: [779b529b-984c-4b64-87cb-a33b74abd8c9:192.168.157.195:44187], old=null at 0
2019-10-03 19:08:53,554 [Thread-2426] INFO  impl.FollowerState (FollowerState.java:run(108)) - 5eff80b7-68c7-467a-aaac-779d6ac2bab0@group-7207CBC382EE-FollowerState: change to CANDIDATE, lastRpcTime:5059ms, electionTimeout:5059ms
2019-10-03 19:08:53,554 [Thread-2426] INFO  impl.RoleInfo (RoleInfo.java:shutdownFollowerState(121)) - 5eff80b7-68c7-467a-aaac-779d6ac2bab0: shutdown FollowerState
2019-10-03 19:08:53,554 [Thread-2426] INFO  impl.RaftServerImpl (RaftServerImpl.java:setRole(170)) - 5eff80b7-68c7-467a-aaac-779d6ac2bab0@group-7207CBC382EE: changes role from  FOLLOWER to CANDIDATE at term 0 for changeToCandidate
2019-10-03 19:08:53,554 [Thread-2426] INFO  impl.RoleInfo (RoleInfo.java:updateAndGet(143)) - 5eff80b7-68c7-467a-aaac-779d6ac2bab0: start LeaderElection
2019-10-03 19:08:53,571 [779b529b-984c-4b64-87cb-a33b74abd8c9@group-710B98096B6F-SegmentedRaftLogWorker] INFO  segmented.SegmentedRaftLogWorker (SegmentedRaftLogWorker.java:execute(574)) - 779b529b-984c-4b64-87cb-a33b74abd8c9@group-710B98096B6F-SegmentedRaftLogWorker: created new log segment /workdir/hadoop-ozone/integration-test/target/test-dir/MiniOzoneClusterImpl-32ce1286-658f-4fcc-af14-234b6f62532c/datanode-1/data/ratis/8156731a-184c-4cce-aed2-710b98096b6f/current/log_inprogress_0
2019-10-03 19:08:53,571 [5eff80b7-68c7-467a-aaac-779d6ac2bab0@group-7207CBC382EE-LeaderElection69] INFO  impl.LeaderElection (LeaderElection.java:askForVotes(178)) - 5eff80b7-68c7-467a-aaac-779d6ac2bab0@group-7207CBC382EE-LeaderElection69: begin an election at term 1 for -1: [98ed16b7-ff63-4f91-9da2-94c54335d507:192.168.157.195:39250, 5eff80b7-68c7-467a-aaac-779d6ac2bab0:192.168.157.195:34812, 779b529b-984c-4b64-87cb-a33b74abd8c9:192.168.157.195:44187], old=null
2019-10-03 19:08:53,573 [grpc-default-executor-9] INFO  impl.RaftServerImpl (RaftServerImpl.java:setRole(170)) - 98ed16b7-ff63-4f91-9da2-94c54335d507@group-7207CBC382EE: changes role from  FOLLOWER to FOLLOWER at term 1 for recognizeCandidate:5eff80b7-68c7-467a-aaac-779d6ac2bab0
2019-10-03 19:08:53,573 [grpc-default-executor-5] INFO  impl.RaftServerImpl (RaftServerImpl.java:setRole(170)) - 779b529b-984c-4b64-87cb-a33b74abd8c9@group-7207CBC382EE: changes role from  FOLLOWER to FOLLOWER at term 1 for recognizeCandidate:5eff80b7-68c7-467a-aaac-779d6ac2bab0
2019-10-03 19:08:53,574 [grpc-default-executor-9] INFO  impl.RoleInfo (RoleInfo.java:shutdownFollowerState(121)) - 98ed16b7-ff63-4f91-9da2-94c54335d507: shutdown FollowerState
2019-10-03 19:08:53,574 [grpc-default-executor-5] INFO  impl.RoleInfo (RoleInfo.java:shutdownFollowerState(121)) - 779b529b-984c-4b64-87cb-a33b74abd8c9: shutdown FollowerState
2019-10-03 19:08:53,574 [Thread-2421] INFO  impl.FollowerState (FollowerState.java:run(117)) - 98ed16b7-ff63-4f91-9da2-94c54335d507@group-7207CBC382EE-FollowerState was interrupted: java.lang.InterruptedException: sleep interrupted
2019-10-03 19:08:53,574 [grpc-default-executor-9] INFO  impl.RoleInfo (RoleInfo.java:updateAndGet(143)) - 98ed16b7-ff63-4f91-9da2-94c54335d507: start FollowerState
2019-10-03 19:08:53,574 [grpc-default-executor-5] INFO  impl.RoleInfo (RoleInfo.java:updateAndGet(143)) - 779b529b-984c-4b64-87cb-a33b74abd8c9: start FollowerState
2019-10-03 19:08:53,574 [Thread-2425] INFO  impl.FollowerState (FollowerState.java:run(117)) - 779b529b-984c-4b64-87cb-a33b74abd8c9@group-7207CBC382EE-FollowerState was interrupted: java.lang.InterruptedException: sleep interrupted
2019-10-03 19:08:53,589 [5eff80b7-68c7-467a-aaac-779d6ac2bab0@group-7207CBC382EE-LeaderElection69] INFO  impl.LeaderElection (LeaderElection.java:logAndReturn(56)) - 5eff80b7-68c7-467a-aaac-779d6ac2bab0@group-7207CBC382EE-LeaderElection69: Election PASSED; received 1 response(s) [5eff80b7-68c7-467a-aaac-779d6ac2bab0<-779b529b-984c-4b64-87cb-a33b74abd8c9#0:OK-t1] and 0 exception(s); 5eff80b7-68c7-467a-aaac-779d6ac2bab0@group-7207CBC382EE:t1, leader=null, voted=5eff80b7-68c7-467a-aaac-779d6ac2bab0, raftlog=5eff80b7-68c7-467a-aaac-779d6ac2bab0@group-7207CBC382EE-SegmentedRaftLog:OPENED:c-1,f-1,i0, conf=-1: [98ed16b7-ff63-4f91-9da2-94c54335d507:192.168.157.195:39250, 5eff80b7-68c7-467a-aaac-779d6ac2bab0:192.168.157.195:34812, 779b529b-984c-4b64-87cb-a33b74abd8c9:192.168.157.195:44187], old=null
2019-10-03 19:08:53,589 [5eff80b7-68c7-467a-aaac-779d6ac2bab0@group-7207CBC382EE-LeaderElection69] INFO  impl.RoleInfo (RoleInfo.java:shutdownLeaderElection(134)) - 5eff80b7-68c7-467a-aaac-779d6ac2bab0: shutdown LeaderElection
2019-10-03 19:08:53,589 [5eff80b7-68c7-467a-aaac-779d6ac2bab0@group-7207CBC382EE-LeaderElection69] INFO  impl.RaftServerImpl (RaftServerImpl.java:setRole(170)) - 5eff80b7-68c7-467a-aaac-779d6ac2bab0@group-7207CBC382EE: changes role from CANDIDATE to LEADER at term 1 for changeToLeader
2019-10-03 19:08:53,589 [5eff80b7-68c7-467a-aaac-779d6ac2bab0@group-7207CBC382EE-LeaderElection69] INFO  impl.RaftServerImpl (ServerState.java:setLeader(255)) - 5eff80b7-68c7-467a-aaac-779d6ac2bab0@group-7207CBC382EE: change Leader from null to 5eff80b7-68c7-467a-aaac-779d6ac2bab0 at term 1 for becomeLeader, leader elected after 5104ms
2019-10-03 19:08:53,589 [5eff80b7-68c7-467a-aaac-779d6ac2bab0@group-7207CBC382EE-LeaderElection69] INFO  server.RaftServerConfigKeys (ConfUtils.java:logGet(43)) - raft.server.staging.catchup.gap = 1000 (default)
2019-10-03 19:08:53,589 [5eff80b7-68c7-467a-aaac-779d6ac2bab0@group-7207CBC382EE-LeaderElection69] INFO  server.RaftServerConfigKeys (ConfUtils.java:logGet(43)) - raft.server.rpc.sleep.time = 25ms (default)
2019-10-03 19:08:53,589 [5eff80b7-68c7-467a-aaac-779d6ac2bab0@group-7207CBC382EE-LeaderElection69] INFO  server.RaftServerConfigKeys (ConfUtils.java:logGet(43)) - raft.server.write.element-limit = 4096 (default)
2019-10-03 19:08:53,590 [5eff80b7-68c7-467a-aaac-779d6ac2bab0@group-7207CBC382EE-LeaderElection69] INFO  server.RaftServerConfigKeys (ConfUtils.java:logGet(43)) - raft.server.watch.timeout = 10s (default)
2019-10-03 19:08:53,590 [5eff80b7-68c7-467a-aaac-779d6ac2bab0@group-7207CBC382EE-LeaderElection69] INFO  server.RaftServerConfigKeys (ConfUtils.java:logGet(43)) - raft.server.watch.timeout.denomination = 1s (default)
2019-10-03 19:08:53,590 [5eff80b7-68c7-467a-aaac-779d6ac2bab0@group-7207CBC382EE-LeaderElection69] INFO  server.RaftServerConfigKeys (ConfUtils.java:logGet(43)) - raft.server.watch.element-limit = 65536 (default)
2019-10-03 19:08:53,591 [5eff80b7-68c7-467a-aaac-779d6ac2bab0@group-7207CBC382EE-LeaderElection69] INFO  server.RaftServerConfigKeys (ConfUtils.java:logGet(43)) - raft.server.log.appender.snapshot.chunk.size.max = 16MB (=16777216) (default)
2019-10-03 19:08:53,591 [5eff80b7-68c7-467a-aaac-779d6ac2bab0@group-7207CBC382EE-LeaderElection69] INFO  server.RaftServerConfigKeys (ConfUtils.java:logGet(43)) - raft.server.log.appender.buffer.byte-limit = 33554432 (custom)
2019-10-03 19:08:53,591 [5eff80b7-68c7-467a-aaac-779d6ac2bab0@group-7207CBC382EE-LeaderElection69] INFO  server.RaftServerConfigKeys (ConfUtils.java:logGet(43)) - raft.server.log.appender.buffer.element-limit = 1 (custom)
2019-10-03 19:08:53,591 [5eff80b7-68c7-467a-aaac-779d6ac2bab0@group-7207CBC382EE-LeaderElection69] INFO  grpc.GrpcConfigKeys$Server (ConfUtils.java:logGet(43)) - raft.grpc.server.leader.outstanding.appends.max = 128 (default)
2019-10-03 19:08:53,591 [5eff80b7-68c7-467a-aaac-779d6ac2bab0@group-7207CBC382EE-LeaderElection69] INFO  server.RaftServerConfigKeys (ConfUtils.java:logGet(43)) - raft.server.rpc.request.timeout = 3000ms (default)
2019-10-03 19:08:53,592 [5eff80b7-68c7-467a-aaac-779d6ac2bab0@group-7207CBC382EE-LeaderElection69] INFO  server.RaftServerConfigKeys (ConfUtils.java:logGet(43)) - raft.server.log.appender.install.snapshot.enabled = false (custom)
2019-10-03 19:08:53,592 [5eff80b7-68c7-467a-aaac-779d6ac2bab0@group-7207CBC382EE-LeaderElection69] INFO  server.RaftServerConfigKeys (ConfUtils.java:logGet(43)) - raft.server.log.appender.snapshot.chunk.size.max = 16MB (=16777216) (default)
2019-10-03 19:08:53,592 [5eff80b7-68c7-467a-aaac-779d6ac2bab0@group-7207CBC382EE-LeaderElection69] INFO  server.RaftServerConfigKeys (ConfUtils.java:logGet(43)) - raft.server.log.appender.buffer.byte-limit = 33554432 (custom)
2019-10-03 19:08:53,592 [5eff80b7-68c7-467a-aaac-779d6ac2bab0@group-7207CBC382EE-LeaderElection69] INFO  server.RaftServerConfigKeys (ConfUtils.java:logGet(43)) - raft.server.log.appender.buffer.element-limit = 1 (custom)
2019-10-03 19:08:53,592 [5eff80b7-68c7-467a-aaac-779d6ac2bab0@group-7207CBC382EE-LeaderElection69] INFO  grpc.GrpcConfigKeys$Server (ConfUtils.java:logGet(43)) - raft.grpc.server.leader.outstanding.appends.max = 128 (default)
2019-10-03 19:08:53,592 [5eff80b7-68c7-467a-aaac-779d6ac2bab0@group-7207CBC382EE-LeaderElection69] INFO  server.RaftServerConfigKeys (ConfUtils.java:logGet(43)) - raft.server.rpc.request.timeout = 3000ms (default)
2019-10-03 19:08:53,592 [5eff80b7-68c7-467a-aaac-779d6ac2bab0@group-7207CBC382EE-LeaderElection69] INFO  server.RaftServerConfigKeys (ConfUtils.java:logGet(43)) - raft.server.log.appender.install.snapshot.enabled = false (custom)
2019-10-03 19:08:53,592 [5eff80b7-68c7-467a-aaac-779d6ac2bab0@group-7207CBC382EE-LeaderElection69] INFO  impl.RoleInfo (RoleInfo.java:updateAndGet(143)) - 5eff80b7-68c7-467a-aaac-779d6ac2bab0: start LeaderState
2019-10-03 19:08:53,593 [5eff80b7-68c7-467a-aaac-779d6ac2bab0@group-7207CBC382EE-LeaderElection69] INFO  segmented.SegmentedRaftLogWorker (SegmentedRaftLogWorker.java:startLogSegment(385)) - 5eff80b7-68c7-467a-aaac-779d6ac2bab0@group-7207CBC382EE-SegmentedRaftLogWorker: Starting segment from index:0
2019-10-03 19:08:53,593 [5eff80b7-68c7-467a-aaac-779d6ac2bab0@group-7207CBC382EE-LeaderElection69] INFO  impl.RaftServerImpl (ServerState.java:setRaftConf(356)) - 5eff80b7-68c7-467a-aaac-779d6ac2bab0@group-7207CBC382EE: set configuration 0: [98ed16b7-ff63-4f91-9da2-94c54335d507:192.168.157.195:39250, 5eff80b7-68c7-467a-aaac-779d6ac2bab0:192.168.157.195:34812, 779b529b-984c-4b64-87cb-a33b74abd8c9:192.168.157.195:44187], old=null at 0
2019-10-03 19:08:53,619 [grpc-default-executor-8] INFO  impl.RaftServerImpl (ServerState.java:setLeader(255)) - 779b529b-984c-4b64-87cb-a33b74abd8c9@group-7207CBC382EE: change Leader from null to 5eff80b7-68c7-467a-aaac-779d6ac2bab0 at term 1 for appendEntries, leader elected after 5135ms
2019-10-03 19:08:53,621 [grpc-default-executor-9] INFO  impl.RaftServerImpl (ServerState.java:setLeader(255)) - 98ed16b7-ff63-4f91-9da2-94c54335d507@group-7207CBC382EE: change Leader from null to 5eff80b7-68c7-467a-aaac-779d6ac2bab0 at term 1 for appendEntries, leader elected after 5137ms
2019-10-03 19:08:53,625 [grpc-default-executor-8] INFO  impl.RaftServerImpl (ServerState.java:setRaftConf(356)) - 98ed16b7-ff63-4f91-9da2-94c54335d507@group-7207CBC382EE: set configuration 0: [98ed16b7-ff63-4f91-9da2-94c54335d507:192.168.157.195:39250, 5eff80b7-68c7-467a-aaac-779d6ac2bab0:192.168.157.195:34812, 779b529b-984c-4b64-87cb-a33b74abd8c9:192.168.157.195:44187], old=null at 0
2019-10-03 19:08:53,625 [grpc-default-executor-9] INFO  impl.RaftServerImpl (ServerState.java:setRaftConf(356)) - 779b529b-984c-4b64-87cb-a33b74abd8c9@group-7207CBC382EE: set configuration 0: [98ed16b7-ff63-4f91-9da2-94c54335d507:192.168.157.195:39250, 5eff80b7-68c7-467a-aaac-779d6ac2bab0:192.168.157.195:34812, 779b529b-984c-4b64-87cb-a33b74abd8c9:192.168.157.195:44187], old=null at 0
2019-10-03 19:08:53,625 [grpc-default-executor-8] INFO  segmented.SegmentedRaftLogWorker (SegmentedRaftLogWorker.java:startLogSegment(385)) - 98ed16b7-ff63-4f91-9da2-94c54335d507@group-7207CBC382EE-SegmentedRaftLogWorker: Starting segment from index:0
2019-10-03 19:08:53,625 [grpc-default-executor-9] INFO  segmented.SegmentedRaftLogWorker (SegmentedRaftLogWorker.java:startLogSegment(385)) - 779b529b-984c-4b64-87cb-a33b74abd8c9@group-7207CBC382EE-SegmentedRaftLogWorker: Starting segment from index:0
2019-10-03 19:08:53,631 [Thread-2418] INFO  impl.FollowerState (FollowerState.java:run(108)) - 98ed16b7-ff63-4f91-9da2-94c54335d507@group-F368D0A730D7-FollowerState: change to CANDIDATE, lastRpcTime:5180ms, electionTimeout:5180ms
2019-10-03 19:08:53,631 [Thread-2418] INFO  impl.RoleInfo (RoleInfo.java:shutdownFollowerState(121)) - 98ed16b7-ff63-4f91-9da2-94c54335d507: shutdown FollowerState
2019-10-03 19:08:53,631 [Thread-2418] INFO  impl.RaftServerImpl (RaftServerImpl.java:setRole(170)) - 98ed16b7-ff63-4f91-9da2-94c54335d507@group-F368D0A730D7: changes role from  FOLLOWER to CANDIDATE at term 0 for changeToCandidate
2019-10-03 19:08:53,631 [Thread-2418] INFO  impl.RoleInfo (RoleInfo.java:updateAndGet(143)) - 98ed16b7-ff63-4f91-9da2-94c54335d507: start LeaderElection
2019-10-03 19:08:53,656 [5eff80b7-68c7-467a-aaac-779d6ac2bab0@group-7207CBC382EE-SegmentedRaftLogWorker] INFO  segmented.SegmentedRaftLogWorker (SegmentedRaftLogWorker.java:execute(574)) - 5eff80b7-68c7-467a-aaac-779d6ac2bab0@group-7207CBC382EE-SegmentedRaftLogWorker: created new log segment /workdir/hadoop-ozone/integration-test/target/test-dir/MiniOzoneClusterImpl-32ce1286-658f-4fcc-af14-234b6f62532c/datanode-0/data/ratis/d955b943-80cf-404f-9666-7207cbc382ee/current/log_inprogress_0
2019-10-03 19:08:53,669 [98ed16b7-ff63-4f91-9da2-94c54335d507@group-7207CBC382EE-SegmentedRaftLogWorker] INFO  segmented.SegmentedRaftLogWorker (SegmentedRaftLogWorker.java:execute(574)) - 98ed16b7-ff63-4f91-9da2-94c54335d507@group-7207CBC382EE-SegmentedRaftLogWorker: created new log segment /workdir/hadoop-ozone/integration-test/target/test-dir/MiniOzoneClusterImpl-32ce1286-658f-4fcc-af14-234b6f62532c/datanode-2/data/ratis/d955b943-80cf-404f-9666-7207cbc382ee/current/log_inprogress_0
2019-10-03 19:08:53,669 [98ed16b7-ff63-4f91-9da2-94c54335d507@group-F368D0A730D7-LeaderElection70] INFO  impl.LeaderElection (LeaderElection.java:askForVotes(178)) - 98ed16b7-ff63-4f91-9da2-94c54335d507@group-F368D0A730D7-LeaderElection70: begin an election at term 1 for -1: [98ed16b7-ff63-4f91-9da2-94c54335d507:192.168.157.195:39250], old=null
2019-10-03 19:08:53,669 [779b529b-984c-4b64-87cb-a33b74abd8c9@group-7207CBC382EE-SegmentedRaftLogWorker] INFO  segmented.SegmentedRaftLogWorker (SegmentedRaftLogWorker.java:execute(574)) - 779b529b-984c-4b64-87cb-a33b74abd8c9@group-7207CBC382EE-SegmentedRaftLogWorker: created new log segment /workdir/hadoop-ozone/integration-test/target/test-dir/MiniOzoneClusterImpl-32ce1286-658f-4fcc-af14-234b6f62532c/datanode-1/data/ratis/d955b943-80cf-404f-9666-7207cbc382ee/current/log_inprogress_0
2019-10-03 19:08:53,669 [98ed16b7-ff63-4f91-9da2-94c54335d507@group-F368D0A730D7-LeaderElection70] INFO  impl.RoleInfo (RoleInfo.java:shutdownLeaderElection(134)) - 98ed16b7-ff63-4f91-9da2-94c54335d507: shutdown LeaderElection
2019-10-03 19:08:53,669 [98ed16b7-ff63-4f91-9da2-94c54335d507@group-F368D0A730D7-LeaderElection70] INFO  impl.RaftServerImpl (RaftServerImpl.java:setRole(170)) - 98ed16b7-ff63-4f91-9da2-94c54335d507@group-F368D0A730D7: changes role from CANDIDATE to LEADER at term 1 for changeToLeader
2019-10-03 19:08:53,669 [98ed16b7-ff63-4f91-9da2-94c54335d507@group-F368D0A730D7-LeaderElection70] INFO  impl.RaftServerImpl (ServerState.java:setLeader(255)) - 98ed16b7-ff63-4f91-9da2-94c54335d507@group-F368D0A730D7: change Leader from null to 98ed16b7-ff63-4f91-9da2-94c54335d507 at term 1 for becomeLeader, leader elected after 5223ms
2019-10-03 19:08:53,669 [98ed16b7-ff63-4f91-9da2-94c54335d507@group-F368D0A730D7-LeaderElection70] INFO  server.RaftServerConfigKeys (ConfUtils.java:logGet(43)) - raft.server.staging.catchup.gap = 1000 (default)
2019-10-03 19:08:53,670 [98ed16b7-ff63-4f91-9da2-94c54335d507@group-F368D0A730D7-LeaderElection70] INFO  server.RaftServerConfigKeys (ConfUtils.java:logGet(43)) - raft.server.rpc.sleep.time = 25ms (default)
2019-10-03 19:08:53,670 [98ed16b7-ff63-4f91-9da2-94c54335d507@group-F368D0A730D7-LeaderElection70] INFO  server.RaftServerConfigKeys (ConfUtils.java:logGet(43)) - raft.server.write.element-limit = 4096 (default)
2019-10-03 19:08:53,670 [98ed16b7-ff63-4f91-9da2-94c54335d507@group-F368D0A730D7-LeaderElection70] INFO  server.RaftServerConfigKeys (ConfUtils.java:logGet(43)) - raft.server.watch.timeout = 10s (default)
2019-10-03 19:08:53,670 [98ed16b7-ff63-4f91-9da2-94c54335d507@group-F368D0A730D7-LeaderElection70] INFO  server.RaftServerConfigKeys (ConfUtils.java:logGet(43)) - raft.server.watch.timeout.denomination = 1s (default)
2019-10-03 19:08:53,671 [98ed16b7-ff63-4f91-9da2-94c54335d507@group-F368D0A730D7-LeaderElection70] INFO  server.RaftServerConfigKeys (ConfUtils.java:logGet(43)) - raft.server.watch.element-limit = 65536 (default)
2019-10-03 19:08:53,673 [98ed16b7-ff63-4f91-9da2-94c54335d507@group-F368D0A730D7-LeaderElection70] INFO  impl.RoleInfo (RoleInfo.java:updateAndGet(143)) - 98ed16b7-ff63-4f91-9da2-94c54335d507: start LeaderState
2019-10-03 19:08:53,674 [98ed16b7-ff63-4f91-9da2-94c54335d507@group-F368D0A730D7-LeaderElection70] INFO  segmented.SegmentedRaftLogWorker (SegmentedRaftLogWorker.java:startLogSegment(385)) - 98ed16b7-ff63-4f91-9da2-94c54335d507@group-F368D0A730D7-SegmentedRaftLogWorker: Starting segment from index:0
2019-10-03 19:08:53,674 [98ed16b7-ff63-4f91-9da2-94c54335d507@group-F368D0A730D7-LeaderElection70] INFO  impl.RaftServerImpl (ServerState.java:setRaftConf(356)) - 98ed16b7-ff63-4f91-9da2-94c54335d507@group-F368D0A730D7: set configuration 0: [98ed16b7-ff63-4f91-9da2-94c54335d507:192.168.157.195:39250], old=null at 0
2019-10-03 19:08:53,707 [Thread-2436] INFO  impl.FollowerState (FollowerState.java:run(108)) - 8dfac8bb-ac55-4037-9602-aeb3f2552e23@group-B859C4DCAC9B-FollowerState: change to CANDIDATE, lastRpcTime:5004ms, electionTimeout:5004ms
2019-10-03 19:08:53,707 [Thread-2436] INFO  impl.RoleInfo (RoleInfo.java:shutdownFollowerState(121)) - 8dfac8bb-ac55-4037-9602-aeb3f2552e23: shutdown FollowerState
2019-10-03 19:08:53,708 [Thread-2436] INFO  impl.RaftServerImpl (RaftServerImpl.java:setRole(170)) - 8dfac8bb-ac55-4037-9602-aeb3f2552e23@group-B859C4DCAC9B: changes role from  FOLLOWER to CANDIDATE at term 0 for changeToCandidate
2019-10-03 19:08:53,708 [Thread-2436] INFO  impl.RoleInfo (RoleInfo.java:updateAndGet(143)) - 8dfac8bb-ac55-4037-9602-aeb3f2552e23: start LeaderElection
2019-10-03 19:08:53,725 [98ed16b7-ff63-4f91-9da2-94c54335d507@group-F368D0A730D7-SegmentedRaftLogWorker] INFO  segmented.SegmentedRaftLogWorker (SegmentedRaftLogWorker.java:execute(574)) - 98ed16b7-ff63-4f91-9da2-94c54335d507@group-F368D0A730D7-SegmentedRaftLogWorker: created new log segment /workdir/hadoop-ozone/integration-test/target/test-dir/MiniOzoneClusterImpl-32ce1286-658f-4fcc-af14-234b6f62532c/datanode-2/data/ratis/49f73b84-8700-479f-9191-f368d0a730d7/current/log_inprogress_0
2019-10-03 19:08:53,725 [8dfac8bb-ac55-4037-9602-aeb3f2552e23@group-B859C4DCAC9B-LeaderElection71] INFO  impl.LeaderElection (LeaderElection.java:askForVotes(178)) - 8dfac8bb-ac55-4037-9602-aeb3f2552e23@group-B859C4DCAC9B-LeaderElection71: begin an election at term 1 for -1: [8dfac8bb-ac55-4037-9602-aeb3f2552e23:192.168.157.195:35544], old=null
2019-10-03 19:08:53,725 [8dfac8bb-ac55-4037-9602-aeb3f2552e23@group-B859C4DCAC9B-LeaderElection71] INFO  impl.RoleInfo (RoleInfo.java:shutdownLeaderElection(134)) - 8dfac8bb-ac55-4037-9602-aeb3f2552e23: shutdown LeaderElection
2019-10-03 19:08:53,725 [8dfac8bb-ac55-4037-9602-aeb3f2552e23@group-B859C4DCAC9B-LeaderElection71] INFO  impl.RaftServerImpl (RaftServerImpl.java:setRole(170)) - 8dfac8bb-ac55-4037-9602-aeb3f2552e23@group-B859C4DCAC9B: changes role from CANDIDATE to LEADER at term 1 for changeToLeader
2019-10-03 19:08:53,725 [8dfac8bb-ac55-4037-9602-aeb3f2552e23@group-B859C4DCAC9B-LeaderElection71] INFO  impl.RaftServerImpl (ServerState.java:setLeader(255)) - 8dfac8bb-ac55-4037-9602-aeb3f2552e23@group-B859C4DCAC9B: change Leader from null to 8dfac8bb-ac55-4037-9602-aeb3f2552e23 at term 1 for becomeLeader, leader elected after 5029ms
2019-10-03 19:08:53,725 [8dfac8bb-ac55-4037-9602-aeb3f2552e23@group-B859C4DCAC9B-LeaderElection71] INFO  server.RaftServerConfigKeys (ConfUtils.java:logGet(43)) - raft.server.staging.catchup.gap = 1000 (default)
2019-10-03 19:08:53,726 [8dfac8bb-ac55-4037-9602-aeb3f2552e23@group-B859C4DCAC9B-LeaderElection71] INFO  server.RaftServerConfigKeys (ConfUtils.java:logGet(43)) - raft.server.rpc.sleep.time = 25ms (default)
2019-10-03 19:08:53,726 [8dfac8bb-ac55-4037-9602-aeb3f2552e23@group-B859C4DCAC9B-LeaderElection71] INFO  server.RaftServerConfigKeys (ConfUtils.java:logGet(43)) - raft.server.write.element-limit = 4096 (default)
2019-10-03 19:08:53,726 [8dfac8bb-ac55-4037-9602-aeb3f2552e23@group-B859C4DCAC9B-LeaderElection71] INFO  server.RaftServerConfigKeys (ConfUtils.java:logGet(43)) - raft.server.watch.timeout = 10s (default)
2019-10-03 19:08:53,726 [8dfac8bb-ac55-4037-9602-aeb3f2552e23@group-B859C4DCAC9B-LeaderElection71] INFO  server.RaftServerConfigKeys (ConfUtils.java:logGet(43)) - raft.server.watch.timeout.denomination = 1s (default)
2019-10-03 19:08:53,726 [8dfac8bb-ac55-4037-9602-aeb3f2552e23@group-B859C4DCAC9B-LeaderElection71] INFO  server.RaftServerConfigKeys (ConfUtils.java:logGet(43)) - raft.server.watch.element-limit = 65536 (default)
2019-10-03 19:08:53,727 [8dfac8bb-ac55-4037-9602-aeb3f2552e23@group-B859C4DCAC9B-LeaderElection71] INFO  impl.RoleInfo (RoleInfo.java:updateAndGet(143)) - 8dfac8bb-ac55-4037-9602-aeb3f2552e23: start LeaderState
2019-10-03 19:08:53,727 [8dfac8bb-ac55-4037-9602-aeb3f2552e23@group-B859C4DCAC9B-LeaderElection71] INFO  segmented.SegmentedRaftLogWorker (SegmentedRaftLogWorker.java:startLogSegment(385)) - 8dfac8bb-ac55-4037-9602-aeb3f2552e23@group-B859C4DCAC9B-SegmentedRaftLogWorker: Starting segment from index:0
2019-10-03 19:08:53,728 [8dfac8bb-ac55-4037-9602-aeb3f2552e23@group-B859C4DCAC9B-LeaderElection71] INFO  impl.RaftServerImpl (ServerState.java:setRaftConf(356)) - 8dfac8bb-ac55-4037-9602-aeb3f2552e23@group-B859C4DCAC9B: set configuration 0: [8dfac8bb-ac55-4037-9602-aeb3f2552e23:192.168.157.195:35544], old=null at 0
2019-10-03 19:08:53,763 [Thread-2430] INFO  impl.FollowerState (FollowerState.java:run(108)) - 69060872-8452-4d78-be65-f18cabeb2bfe@group-892CD431FC25-FollowerState: change to CANDIDATE, lastRpcTime:5153ms, electionTimeout:5153ms
2019-10-03 19:08:53,764 [Thread-2430] INFO  impl.RoleInfo (RoleInfo.java:shutdownFollowerState(121)) - 69060872-8452-4d78-be65-f18cabeb2bfe: shutdown FollowerState
2019-10-03 19:08:53,764 [Thread-2430] INFO  impl.RaftServerImpl (RaftServerImpl.java:setRole(170)) - 69060872-8452-4d78-be65-f18cabeb2bfe@group-892CD431FC25: changes role from  FOLLOWER to CANDIDATE at term 0 for changeToCandidate
2019-10-03 19:08:53,764 [Thread-2430] INFO  impl.RoleInfo (RoleInfo.java:updateAndGet(143)) - 69060872-8452-4d78-be65-f18cabeb2bfe: start LeaderElection
2019-10-03 19:08:53,769 [8dfac8bb-ac55-4037-9602-aeb3f2552e23@group-B859C4DCAC9B-SegmentedRaftLogWorker] INFO  segmented.SegmentedRaftLogWorker (SegmentedRaftLogWorker.java:execute(574)) - 8dfac8bb-ac55-4037-9602-aeb3f2552e23@group-B859C4DCAC9B-SegmentedRaftLogWorker: created new log segment /workdir/hadoop-ozone/integration-test/target/test-dir/MiniOzoneClusterImpl-32ce1286-658f-4fcc-af14-234b6f62532c/datanode-5/data/ratis/1505ddf5-2c52-4b2a-9d94-b859c4dcac9b/current/log_inprogress_0
2019-10-03 19:08:53,775 [Thread-2439] INFO  impl.FollowerState (FollowerState.java:run(108)) - 69060872-8452-4d78-be65-f18cabeb2bfe@group-ED2C30F4C87F-FollowerState: change to CANDIDATE, lastRpcTime:5017ms, electionTimeout:5017ms
2019-10-03 19:08:53,775 [Thread-2439] INFO  impl.RoleInfo (RoleInfo.java:shutdownFollowerState(121)) - 69060872-8452-4d78-be65-f18cabeb2bfe: shutdown FollowerState
2019-10-03 19:08:53,775 [Thread-2439] INFO  impl.RaftServerImpl (RaftServerImpl.java:setRole(170)) - 69060872-8452-4d78-be65-f18cabeb2bfe@group-ED2C30F4C87F: changes role from  FOLLOWER to CANDIDATE at term 0 for changeToCandidate
2019-10-03 19:08:53,775 [Thread-2439] INFO  impl.RoleInfo (RoleInfo.java:updateAndGet(143)) - 69060872-8452-4d78-be65-f18cabeb2bfe: start LeaderElection
2019-10-03 19:08:53,785 [69060872-8452-4d78-be65-f18cabeb2bfe@group-ED2C30F4C87F-LeaderElection73] INFO  impl.LeaderElection (LeaderElection.java:askForVotes(178)) - 69060872-8452-4d78-be65-f18cabeb2bfe@group-ED2C30F4C87F-LeaderElection73: begin an election at term 1 for -1: [69060872-8452-4d78-be65-f18cabeb2bfe:192.168.157.195:37058, 343821e1-c106-42c5-84e1-61d0e55cfe02:192.168.157.195:41227, 8dfac8bb-ac55-4037-9602-aeb3f2552e23:192.168.157.195:35544], old=null
2019-10-03 19:08:53,785 [69060872-8452-4d78-be65-f18cabeb2bfe@group-892CD431FC25-LeaderElection72] INFO  impl.LeaderElection (LeaderElection.java:askForVotes(178)) - 69060872-8452-4d78-be65-f18cabeb2bfe@group-892CD431FC25-LeaderElection72: begin an election at term 1 for -1: [69060872-8452-4d78-be65-f18cabeb2bfe:192.168.157.195:37058], old=null
2019-10-03 19:08:53,786 [69060872-8452-4d78-be65-f18cabeb2bfe@group-892CD431FC25-LeaderElection72] INFO  impl.RoleInfo (RoleInfo.java:shutdownLeaderElection(134)) - 69060872-8452-4d78-be65-f18cabeb2bfe: shutdown LeaderElection
2019-10-03 19:08:53,786 [69060872-8452-4d78-be65-f18cabeb2bfe@group-892CD431FC25-LeaderElection72] INFO  impl.RaftServerImpl (RaftServerImpl.java:setRole(170)) - 69060872-8452-4d78-be65-f18cabeb2bfe@group-892CD431FC25: changes role from CANDIDATE to LEADER at term 1 for changeToLeader
2019-10-03 19:08:53,786 [69060872-8452-4d78-be65-f18cabeb2bfe@group-892CD431FC25-LeaderElection72] INFO  impl.RaftServerImpl (ServerState.java:setLeader(255)) - 69060872-8452-4d78-be65-f18cabeb2bfe@group-892CD431FC25: change Leader from null to 69060872-8452-4d78-be65-f18cabeb2bfe at term 1 for becomeLeader, leader elected after 5182ms
2019-10-03 19:08:53,786 [69060872-8452-4d78-be65-f18cabeb2bfe@group-892CD431FC25-LeaderElection72] INFO  server.RaftServerConfigKeys (ConfUtils.java:logGet(43)) - raft.server.staging.catchup.gap = 1000 (default)
2019-10-03 19:08:53,786 [69060872-8452-4d78-be65-f18cabeb2bfe@group-892CD431FC25-LeaderElection72] INFO  server.RaftServerConfigKeys (ConfUtils.java:logGet(43)) - raft.server.rpc.sleep.time = 25ms (default)
2019-10-03 19:08:53,787 [69060872-8452-4d78-be65-f18cabeb2bfe@group-892CD431FC25-LeaderElection72] INFO  server.RaftServerConfigKeys (ConfUtils.java:logGet(43)) - raft.server.write.element-limit = 4096 (default)
2019-10-03 19:08:53,787 [69060872-8452-4d78-be65-f18cabeb2bfe@group-892CD431FC25-LeaderElection72] INFO  server.RaftServerConfigKeys (ConfUtils.java:logGet(43)) - raft.server.watch.timeout = 10s (default)
2019-10-03 19:08:53,787 [69060872-8452-4d78-be65-f18cabeb2bfe@group-892CD431FC25-LeaderElection72] INFO  server.RaftServerConfigKeys (ConfUtils.java:logGet(43)) - raft.server.watch.timeout.denomination = 1s (default)
2019-10-03 19:08:53,787 [69060872-8452-4d78-be65-f18cabeb2bfe@group-892CD431FC25-LeaderElection72] INFO  server.RaftServerConfigKeys (ConfUtils.java:logGet(43)) - raft.server.watch.element-limit = 65536 (default)
2019-10-03 19:08:53,792 [69060872-8452-4d78-be65-f18cabeb2bfe@group-892CD431FC25-LeaderElection72] INFO  impl.RoleInfo (RoleInfo.java:updateAndGet(143)) - 69060872-8452-4d78-be65-f18cabeb2bfe: start LeaderState
2019-10-03 19:08:53,792 [69060872-8452-4d78-be65-f18cabeb2bfe@group-892CD431FC25-LeaderElection72] INFO  segmented.SegmentedRaftLogWorker (SegmentedRaftLogWorker.java:startLogSegment(385)) - 69060872-8452-4d78-be65-f18cabeb2bfe@group-892CD431FC25-SegmentedRaftLogWorker: Starting segment from index:0
2019-10-03 19:08:53,793 [69060872-8452-4d78-be65-f18cabeb2bfe@group-892CD431FC25-LeaderElection72] INFO  impl.RaftServerImpl (ServerState.java:setRaftConf(356)) - 69060872-8452-4d78-be65-f18cabeb2bfe@group-892CD431FC25: set configuration 0: [69060872-8452-4d78-be65-f18cabeb2bfe:192.168.157.195:37058], old=null at 0
2019-10-03 19:08:53,817 [grpc-default-executor-9] INFO  impl.RaftServerImpl (RaftServerImpl.java:setRole(170)) - 343821e1-c106-42c5-84e1-61d0e55cfe02@group-ED2C30F4C87F: changes role from  FOLLOWER to FOLLOWER at term 1 for recognizeCandidate:69060872-8452-4d78-be65-f18cabeb2bfe
2019-10-03 19:08:53,817 [Thread-2433] INFO  impl.FollowerState (FollowerState.java:run(108)) - 343821e1-c106-42c5-84e1-61d0e55cfe02@group-86932E7C888F-FollowerState: change to CANDIDATE, lastRpcTime:5159ms, electionTimeout:5152ms
2019-10-03 19:08:53,817 [grpc-default-executor-9] INFO  impl.RoleInfo (RoleInfo.java:shutdownFollowerState(121)) - 343821e1-c106-42c5-84e1-61d0e55cfe02: shutdown FollowerState
2019-10-03 19:08:53,817 [Thread-2433] INFO  impl.RoleInfo (RoleInfo.java:shutdownFollowerState(121)) - 343821e1-c106-42c5-84e1-61d0e55cfe02: shutdown FollowerState
2019-10-03 19:08:53,817 [grpc-default-executor-9] INFO  impl.RoleInfo (RoleInfo.java:updateAndGet(143)) - 343821e1-c106-42c5-84e1-61d0e55cfe02: start FollowerState
2019-10-03 19:08:53,819 [grpc-default-executor-8] INFO  impl.RaftServerImpl (RaftServerImpl.java:setRole(170)) - 8dfac8bb-ac55-4037-9602-aeb3f2552e23@group-ED2C30F4C87F: changes role from  FOLLOWER to FOLLOWER at term 1 for recognizeCandidate:69060872-8452-4d78-be65-f18cabeb2bfe
2019-10-03 19:08:53,817 [Thread-2444] INFO  impl.FollowerState (FollowerState.java:run(117)) - 343821e1-c106-42c5-84e1-61d0e55cfe02@group-ED2C30F4C87F-FollowerState was interrupted: java.lang.InterruptedException: sleep interrupted
2019-10-03 19:08:53,817 [Thread-2433] INFO  impl.RaftServerImpl (RaftServerImpl.java:setRole(170)) - 343821e1-c106-42c5-84e1-61d0e55cfe02@group-86932E7C888F: changes role from  FOLLOWER to CANDIDATE at term 0 for changeToCandidate
2019-10-03 19:08:53,819 [grpc-default-executor-8] INFO  impl.RoleInfo (RoleInfo.java:shutdownFollowerState(121)) - 8dfac8bb-ac55-4037-9602-aeb3f2552e23: shutdown FollowerState
2019-10-03 19:08:53,819 [Thread-2433] INFO  impl.RoleInfo (RoleInfo.java:updateAndGet(143)) - 343821e1-c106-42c5-84e1-61d0e55cfe02: start LeaderElection
2019-10-03 19:08:53,820 [Thread-2443] INFO  impl.FollowerState (FollowerState.java:run(117)) - 8dfac8bb-ac55-4037-9602-aeb3f2552e23@group-ED2C30F4C87F-FollowerState was interrupted: java.lang.InterruptedException: sleep interrupted
2019-10-03 19:08:53,820 [grpc-default-executor-8] INFO  impl.RoleInfo (RoleInfo.java:updateAndGet(143)) - 8dfac8bb-ac55-4037-9602-aeb3f2552e23: start FollowerState
2019-10-03 19:08:53,830 [69060872-8452-4d78-be65-f18cabeb2bfe@group-892CD431FC25-SegmentedRaftLogWorker] INFO  segmented.SegmentedRaftLogWorker (SegmentedRaftLogWorker.java:execute(574)) - 69060872-8452-4d78-be65-f18cabeb2bfe@group-892CD431FC25-SegmentedRaftLogWorker: created new log segment /workdir/hadoop-ozone/integration-test/target/test-dir/MiniOzoneClusterImpl-32ce1286-658f-4fcc-af14-234b6f62532c/datanode-3/data/ratis/5b1fb375-8fee-4558-9e2d-892cd431fc25/current/log_inprogress_0
2019-10-03 19:08:53,830 [343821e1-c106-42c5-84e1-61d0e55cfe02@group-86932E7C888F-LeaderElection74] INFO  impl.LeaderElection (LeaderElection.java:askForVotes(178)) - 343821e1-c106-42c5-84e1-61d0e55cfe02@group-86932E7C888F-LeaderElection74: begin an election at term 1 for -1: [343821e1-c106-42c5-84e1-61d0e55cfe02:192.168.157.195:41227], old=null
2019-10-03 19:08:53,831 [343821e1-c106-42c5-84e1-61d0e55cfe02@group-86932E7C888F-LeaderElection74] INFO  impl.RoleInfo (RoleInfo.java:shutdownLeaderElection(134)) - 343821e1-c106-42c5-84e1-61d0e55cfe02: shutdown LeaderElection
2019-10-03 19:08:53,833 [343821e1-c106-42c5-84e1-61d0e55cfe02@group-86932E7C888F-LeaderElection74] INFO  impl.RaftServerImpl (RaftServerImpl.java:setRole(170)) - 343821e1-c106-42c5-84e1-61d0e55cfe02@group-86932E7C888F: changes role from CANDIDATE to LEADER at term 1 for changeToLeader
2019-10-03 19:08:53,833 [343821e1-c106-42c5-84e1-61d0e55cfe02@group-86932E7C888F-LeaderElection74] INFO  impl.RaftServerImpl (ServerState.java:setLeader(255)) - 343821e1-c106-42c5-84e1-61d0e55cfe02@group-86932E7C888F: change Leader from null to 343821e1-c106-42c5-84e1-61d0e55cfe02 at term 1 for becomeLeader, leader elected after 5182ms
2019-10-03 19:08:53,833 [343821e1-c106-42c5-84e1-61d0e55cfe02@group-86932E7C888F-LeaderElection74] INFO  server.RaftServerConfigKeys (ConfUtils.java:logGet(43)) - raft.server.staging.catchup.gap = 1000 (default)
2019-10-03 19:08:53,833 [343821e1-c106-42c5-84e1-61d0e55cfe02@group-86932E7C888F-LeaderElection74] INFO  server.RaftServerConfigKeys (ConfUtils.java:logGet(43)) - raft.server.rpc.sleep.time = 25ms (default)
2019-10-03 19:08:53,833 [69060872-8452-4d78-be65-f18cabeb2bfe@group-ED2C30F4C87F-LeaderElection73] INFO  impl.LeaderElection (LeaderElection.java:logAndReturn(56)) - 69060872-8452-4d78-be65-f18cabeb2bfe@group-ED2C30F4C87F-LeaderElection73: Election PASSED; received 1 response(s) [69060872-8452-4d78-be65-f18cabeb2bfe<-8dfac8bb-ac55-4037-9602-aeb3f2552e23#0:OK-t1] and 0 exception(s); 69060872-8452-4d78-be65-f18cabeb2bfe@group-ED2C30F4C87F:t1, leader=null, voted=69060872-8452-4d78-be65-f18cabeb2bfe, raftlog=69060872-8452-4d78-be65-f18cabeb2bfe@group-ED2C30F4C87F-SegmentedRaftLog:OPENED:c-1,f-1,i0, conf=-1: [69060872-8452-4d78-be65-f18cabeb2bfe:192.168.157.195:37058, 343821e1-c106-42c5-84e1-61d0e55cfe02:192.168.157.195:41227, 8dfac8bb-ac55-4037-9602-aeb3f2552e23:192.168.157.195:35544], old=null
2019-10-03 19:08:53,834 [343821e1-c106-42c5-84e1-61d0e55cfe02@group-86932E7C888F-LeaderElection74] INFO  server.RaftServerConfigKeys (ConfUtils.java:logGet(43)) - raft.server.write.element-limit = 4096 (default)
2019-10-03 19:08:53,834 [69060872-8452-4d78-be65-f18cabeb2bfe@group-ED2C30F4C87F-LeaderElection73] INFO  impl.RoleInfo (RoleInfo.java:shutdownLeaderElection(134)) - 69060872-8452-4d78-be65-f18cabeb2bfe: shutdown LeaderElection
2019-10-03 19:08:53,834 [343821e1-c106-42c5-84e1-61d0e55cfe02@group-86932E7C888F-LeaderElection74] INFO  server.RaftServerConfigKeys (ConfUtils.java:logGet(43)) - raft.server.watch.timeout = 10s (default)
2019-10-03 19:08:53,836 [69060872-8452-4d78-be65-f18cabeb2bfe@group-ED2C30F4C87F-LeaderElection73] INFO  impl.RaftServerImpl (RaftServerImpl.java:setRole(170)) - 69060872-8452-4d78-be65-f18cabeb2bfe@group-ED2C30F4C87F: changes role from CANDIDATE to LEADER at term 1 for changeToLeader
2019-10-03 19:08:53,836 [343821e1-c106-42c5-84e1-61d0e55cfe02@group-86932E7C888F-LeaderElection74] INFO  server.RaftServerConfigKeys (ConfUtils.java:logGet(43)) - raft.server.watch.timeout.denomination = 1s (default)
2019-10-03 19:08:53,836 [69060872-8452-4d78-be65-f18cabeb2bfe@group-ED2C30F4C87F-LeaderElection73] INFO  impl.RaftServerImpl (ServerState.java:setLeader(255)) - 69060872-8452-4d78-be65-f18cabeb2bfe@group-ED2C30F4C87F: change Leader from null to 69060872-8452-4d78-be65-f18cabeb2bfe at term 1 for becomeLeader, leader elected after 5085ms
2019-10-03 19:08:53,838 [343821e1-c106-42c5-84e1-61d0e55cfe02@group-86932E7C888F-LeaderElection74] INFO  server.RaftServerConfigKeys (ConfUtils.java:logGet(43)) - raft.server.watch.element-limit = 65536 (default)
2019-10-03 19:08:53,838 [69060872-8452-4d78-be65-f18cabeb2bfe@group-ED2C30F4C87F-LeaderElection73] INFO  server.RaftServerConfigKeys (ConfUtils.java:logGet(43)) - raft.server.staging.catchup.gap = 1000 (default)
2019-10-03 19:08:53,838 [69060872-8452-4d78-be65-f18cabeb2bfe@group-ED2C30F4C87F-LeaderElection73] INFO  server.RaftServerConfigKeys (ConfUtils.java:logGet(43)) - raft.server.rpc.sleep.time = 25ms (default)
2019-10-03 19:08:53,838 [69060872-8452-4d78-be65-f18cabeb2bfe@group-ED2C30F4C87F-LeaderElection73] INFO  server.RaftServerConfigKeys (ConfUtils.java:logGet(43)) - raft.server.write.element-limit = 4096 (default)
2019-10-03 19:08:53,838 [69060872-8452-4d78-be65-f18cabeb2bfe@group-ED2C30F4C87F-LeaderElection73] INFO  server.RaftServerConfigKeys (ConfUtils.java:logGet(43)) - raft.server.watch.timeout = 10s (default)
2019-10-03 19:08:53,838 [69060872-8452-4d78-be65-f18cabeb2bfe@group-ED2C30F4C87F-LeaderElection73] INFO  server.RaftServerConfigKeys (ConfUtils.java:logGet(43)) - raft.server.watch.timeout.denomination = 1s (default)
2019-10-03 19:08:53,838 [69060872-8452-4d78-be65-f18cabeb2bfe@group-ED2C30F4C87F-LeaderElection73] INFO  server.RaftServerConfigKeys (ConfUtils.java:logGet(43)) - raft.server.watch.element-limit = 65536 (default)
2019-10-03 19:08:53,840 [343821e1-c106-42c5-84e1-61d0e55cfe02@group-86932E7C888F-LeaderElection74] INFO  impl.RoleInfo (RoleInfo.java:updateAndGet(143)) - 343821e1-c106-42c5-84e1-61d0e55cfe02: start LeaderState
2019-10-03 19:08:53,840 [69060872-8452-4d78-be65-f18cabeb2bfe@group-ED2C30F4C87F-LeaderElection73] INFO  server.RaftServerConfigKeys (ConfUtils.java:logGet(43)) - raft.server.log.appender.snapshot.chunk.size.max = 16MB (=16777216) (default)
2019-10-03 19:08:53,840 [69060872-8452-4d78-be65-f18cabeb2bfe@group-ED2C30F4C87F-LeaderElection73] INFO  server.RaftServerConfigKeys (ConfUtils.java:logGet(43)) - raft.server.log.appender.buffer.byte-limit = 33554432 (custom)
2019-10-03 19:08:53,840 [343821e1-c106-42c5-84e1-61d0e55cfe02@group-86932E7C888F-LeaderElection74] INFO  segmented.SegmentedRaftLogWorker (SegmentedRaftLogWorker.java:startLogSegment(385)) - 343821e1-c106-42c5-84e1-61d0e55cfe02@group-86932E7C888F-SegmentedRaftLogWorker: Starting segment from index:0
2019-10-03 19:08:53,840 [69060872-8452-4d78-be65-f18cabeb2bfe@group-ED2C30F4C87F-LeaderElection73] INFO  server.RaftServerConfigKeys (ConfUtils.java:logGet(43)) - raft.server.log.appender.buffer.element-limit = 1 (custom)
2019-10-03 19:08:53,841 [69060872-8452-4d78-be65-f18cabeb2bfe@group-ED2C30F4C87F-LeaderElection73] INFO  grpc.GrpcConfigKeys$Server (ConfUtils.java:logGet(43)) - raft.grpc.server.leader.outstanding.appends.max = 128 (default)
2019-10-03 19:08:53,841 [343821e1-c106-42c5-84e1-61d0e55cfe02@group-86932E7C888F-LeaderElection74] INFO  impl.RaftServerImpl (ServerState.java:setRaftConf(356)) - 343821e1-c106-42c5-84e1-61d0e55cfe02@group-86932E7C888F: set configuration 0: [343821e1-c106-42c5-84e1-61d0e55cfe02:192.168.157.195:41227], old=null at 0
2019-10-03 19:08:53,841 [69060872-8452-4d78-be65-f18cabeb2bfe@group-ED2C30F4C87F-LeaderElection73] INFO  server.RaftServerConfigKeys (ConfUtils.java:logGet(43)) - raft.server.rpc.request.timeout = 3000ms (default)
2019-10-03 19:08:53,841 [69060872-8452-4d78-be65-f18cabeb2bfe@group-ED2C30F4C87F-LeaderElection73] INFO  server.RaftServerConfigKeys (ConfUtils.java:logGet(43)) - raft.server.log.appender.install.snapshot.enabled = false (custom)
2019-10-03 19:08:53,841 [69060872-8452-4d78-be65-f18cabeb2bfe@group-ED2C30F4C87F-LeaderElection73] INFO  server.RaftServerConfigKeys (ConfUtils.java:logGet(43)) - raft.server.log.appender.snapshot.chunk.size.max = 16MB (=16777216) (default)
2019-10-03 19:08:53,842 [69060872-8452-4d78-be65-f18cabeb2bfe@group-ED2C30F4C87F-LeaderElection73] INFO  server.RaftServerConfigKeys (ConfUtils.java:logGet(43)) - raft.server.log.appender.buffer.byte-limit = 33554432 (custom)
2019-10-03 19:08:53,842 [69060872-8452-4d78-be65-f18cabeb2bfe@group-ED2C30F4C87F-LeaderElection73] INFO  server.RaftServerConfigKeys (ConfUtils.java:logGet(43)) - raft.server.log.appender.buffer.element-limit = 1 (custom)
2019-10-03 19:08:53,842 [69060872-8452-4d78-be65-f18cabeb2bfe@group-ED2C30F4C87F-LeaderElection73] INFO  grpc.GrpcConfigKeys$Server (ConfUtils.java:logGet(43)) - raft.grpc.server.leader.outstanding.appends.max = 128 (default)
2019-10-03 19:08:53,842 [69060872-8452-4d78-be65-f18cabeb2bfe@group-ED2C30F4C87F-LeaderElection73] INFO  server.RaftServerConfigKeys (ConfUtils.java:logGet(43)) - raft.server.rpc.request.timeout = 3000ms (default)
2019-10-03 19:08:53,842 [69060872-8452-4d78-be65-f18cabeb2bfe@group-ED2C30F4C87F-LeaderElection73] INFO  server.RaftServerConfigKeys (ConfUtils.java:logGet(43)) - raft.server.log.appender.install.snapshot.enabled = false (custom)
2019-10-03 19:08:53,842 [69060872-8452-4d78-be65-f18cabeb2bfe@group-ED2C30F4C87F-LeaderElection73] INFO  impl.RoleInfo (RoleInfo.java:updateAndGet(143)) - 69060872-8452-4d78-be65-f18cabeb2bfe: start LeaderState
2019-10-03 19:08:53,843 [69060872-8452-4d78-be65-f18cabeb2bfe@group-ED2C30F4C87F-LeaderElection73] INFO  segmented.SegmentedRaftLogWorker (SegmentedRaftLogWorker.java:startLogSegment(385)) - 69060872-8452-4d78-be65-f18cabeb2bfe@group-ED2C30F4C87F-SegmentedRaftLogWorker: Starting segment from index:0
2019-10-03 19:08:53,843 [69060872-8452-4d78-be65-f18cabeb2bfe@group-ED2C30F4C87F-LeaderElection73] INFO  impl.RaftServerImpl (ServerState.java:setRaftConf(356)) - 69060872-8452-4d78-be65-f18cabeb2bfe@group-ED2C30F4C87F: set configuration 0: [69060872-8452-4d78-be65-f18cabeb2bfe:192.168.157.195:37058, 343821e1-c106-42c5-84e1-61d0e55cfe02:192.168.157.195:41227, 8dfac8bb-ac55-4037-9602-aeb3f2552e23:192.168.157.195:35544], old=null at 0
2019-10-03 19:08:53,844 [grpc-default-executor-9] INFO  impl.RaftServerImpl (ServerState.java:setLeader(255)) - 343821e1-c106-42c5-84e1-61d0e55cfe02@group-ED2C30F4C87F: change Leader from null to 69060872-8452-4d78-be65-f18cabeb2bfe at term 1 for appendEntries, leader elected after 5093ms
2019-10-03 19:08:53,878 [grpc-default-executor-9] INFO  impl.RaftServerImpl (ServerState.java:setLeader(255)) - 8dfac8bb-ac55-4037-9602-aeb3f2552e23@group-ED2C30F4C87F: change Leader from null to 69060872-8452-4d78-be65-f18cabeb2bfe at term 1 for appendEntries, leader elected after 5127ms
2019-10-03 19:08:53,881 [grpc-default-executor-9] INFO  impl.RaftServerImpl (ServerState.java:setRaftConf(356)) - 343821e1-c106-42c5-84e1-61d0e55cfe02@group-ED2C30F4C87F: set configuration 0: [69060872-8452-4d78-be65-f18cabeb2bfe:192.168.157.195:37058, 343821e1-c106-42c5-84e1-61d0e55cfe02:192.168.157.195:41227, 8dfac8bb-ac55-4037-9602-aeb3f2552e23:192.168.157.195:35544], old=null at 0
2019-10-03 19:08:53,881 [grpc-default-executor-9] INFO  segmented.SegmentedRaftLogWorker (SegmentedRaftLogWorker.java:startLogSegment(385)) - 343821e1-c106-42c5-84e1-61d0e55cfe02@group-ED2C30F4C87F-SegmentedRaftLogWorker: Starting segment from index:0
2019-10-03 19:08:53,882 [grpc-default-executor-9] INFO  impl.RaftServerImpl (ServerState.java:setRaftConf(356)) - 8dfac8bb-ac55-4037-9602-aeb3f2552e23@group-ED2C30F4C87F: set configuration 0: [69060872-8452-4d78-be65-f18cabeb2bfe:192.168.157.195:37058, 343821e1-c106-42c5-84e1-61d0e55cfe02:192.168.157.195:41227, 8dfac8bb-ac55-4037-9602-aeb3f2552e23:192.168.157.195:35544], old=null at 0
2019-10-03 19:08:53,882 [grpc-default-executor-9] INFO  segmented.SegmentedRaftLogWorker (SegmentedRaftLogWorker.java:startLogSegment(385)) - 8dfac8bb-ac55-4037-9602-aeb3f2552e23@group-ED2C30F4C87F-SegmentedRaftLogWorker: Starting segment from index:0
2019-10-03 19:08:53,905 [343821e1-c106-42c5-84e1-61d0e55cfe02@group-86932E7C888F-SegmentedRaftLogWorker] INFO  segmented.SegmentedRaftLogWorker (SegmentedRaftLogWorker.java:execute(574)) - 343821e1-c106-42c5-84e1-61d0e55cfe02@group-86932E7C888F-SegmentedRaftLogWorker: created new log segment /workdir/hadoop-ozone/integration-test/target/test-dir/MiniOzoneClusterImpl-32ce1286-658f-4fcc-af14-234b6f62532c/datanode-4/data/ratis/6e4f55f2-a8d1-4215-bcfe-86932e7c888f/current/log_inprogress_0
2019-10-03 19:08:53,905 [69060872-8452-4d78-be65-f18cabeb2bfe@group-ED2C30F4C87F-SegmentedRaftLogWorker] INFO  segmented.SegmentedRaftLogWorker (SegmentedRaftLogWorker.java:execute(574)) - 69060872-8452-4d78-be65-f18cabeb2bfe@group-ED2C30F4C87F-SegmentedRaftLogWorker: created new log segment /workdir/hadoop-ozone/integration-test/target/test-dir/MiniOzoneClusterImpl-32ce1286-658f-4fcc-af14-234b6f62532c/datanode-3/data/ratis/04fe3ce8-0b92-4a38-8c03-ed2c30f4c87f/current/log_inprogress_0
2019-10-03 19:08:53,937 [8dfac8bb-ac55-4037-9602-aeb3f2552e23@group-ED2C30F4C87F-SegmentedRaftLogWorker] INFO  segmented.SegmentedRaftLogWorker (SegmentedRaftLogWorker.java:execute(574)) - 8dfac8bb-ac55-4037-9602-aeb3f2552e23@group-ED2C30F4C87F-SegmentedRaftLogWorker: created new log segment /workdir/hadoop-ozone/integration-test/target/test-dir/MiniOzoneClusterImpl-32ce1286-658f-4fcc-af14-234b6f62532c/datanode-5/data/ratis/04fe3ce8-0b92-4a38-8c03-ed2c30f4c87f/current/log_inprogress_0
2019-10-03 19:08:53,937 [343821e1-c106-42c5-84e1-61d0e55cfe02@group-ED2C30F4C87F-SegmentedRaftLogWorker] INFO  segmented.SegmentedRaftLogWorker (SegmentedRaftLogWorker.java:execute(574)) - 343821e1-c106-42c5-84e1-61d0e55cfe02@group-ED2C30F4C87F-SegmentedRaftLogWorker: created new log segment /workdir/hadoop-ozone/integration-test/target/test-dir/MiniOzoneClusterImpl-32ce1286-658f-4fcc-af14-234b6f62532c/datanode-4/data/ratis/04fe3ce8-0b92-4a38-8c03-ed2c30f4c87f/current/log_inprogress_0
2019-10-03 19:08:55,000 [Datanode State Machine Thread - 0] INFO  statemachine.DatanodeStateMachine (DatanodeStateMachine.java:lambda$startDaemon$0(350)) - Ozone container server started.
2019-10-03 19:08:59,004 [main] INFO  ozoneimpl.OzoneContainer (OzoneContainer.java:stop(231)) - Attempting to stop container services.
2019-10-03 19:08:59,005 [main] INFO  impl.RaftServerProxy (RaftServerProxy.java:lambda$close$4(314)) - 5eff80b7-68c7-467a-aaac-779d6ac2bab0: close
2019-10-03 19:08:59,005 [main] INFO  impl.RaftServerImpl (RaftServerImpl.java:lambda$shutdown$3(247)) - 5eff80b7-68c7-467a-aaac-779d6ac2bab0@group-A1A479B7394A: shutdown
2019-10-03 19:08:59,005 [ForkJoinPool.commonPool-worker-1] INFO  impl.RaftServerImpl (RaftServerImpl.java:lambda$shutdown$3(247)) - 5eff80b7-68c7-467a-aaac-779d6ac2bab0@group-7207CBC382EE: shutdown
2019-10-03 19:08:59,005 [main] INFO  util.JmxRegister (JmxRegister.java:unregister(73)) - Successfully un-registered JMX Bean with object name Ratis:service=RaftServer,group=group-A1A479B7394A,id=5eff80b7-68c7-467a-aaac-779d6ac2bab0
2019-10-03 19:08:59,005 [ForkJoinPool.commonPool-worker-1] INFO  util.JmxRegister (JmxRegister.java:unregister(73)) - Successfully un-registered JMX Bean with object name Ratis:service=RaftServer,group=group-7207CBC382EE,id=5eff80b7-68c7-467a-aaac-779d6ac2bab0
2019-10-03 19:08:59,006 [main] INFO  impl.RoleInfo (RoleInfo.java:shutdownLeaderState(104)) - 5eff80b7-68c7-467a-aaac-779d6ac2bab0: shutdown LeaderState
2019-10-03 19:08:59,006 [ForkJoinPool.commonPool-worker-1] INFO  impl.RoleInfo (RoleInfo.java:shutdownLeaderState(104)) - 5eff80b7-68c7-467a-aaac-779d6ac2bab0: shutdown LeaderState
2019-10-03 19:08:59,006 [main] INFO  impl.PendingRequests (PendingRequests.java:sendNotLeaderResponses(202)) - 5eff80b7-68c7-467a-aaac-779d6ac2bab0@group-A1A479B7394A-PendingRequests: sendNotLeaderResponses
2019-10-03 19:08:59,013 [org.apache.ratis.server.impl.LogAppender$AppenderDaemon$$Lambda$438/274486159@6c30f303] WARN  server.GrpcLogAppender (GrpcLogAppender.java:mayWait(143)) - 5eff80b7-68c7-467a-aaac-779d6ac2bab0@group-7207CBC382EE->98ed16b7-ff63-4f91-9da2-94c54335d507-GrpcLogAppender: Wait interrupted by java.lang.InterruptedException
2019-10-03 19:08:59,013 [org.apache.ratis.server.impl.LogAppender$AppenderDaemon$$Lambda$438/274486159@1f90b63f] WARN  server.GrpcLogAppender (GrpcLogAppender.java:mayWait(143)) - 5eff80b7-68c7-467a-aaac-779d6ac2bab0@group-7207CBC382EE->779b529b-984c-4b64-87cb-a33b74abd8c9-GrpcLogAppender: Wait interrupted by java.lang.InterruptedException
2019-10-03 19:08:59,013 [ForkJoinPool.commonPool-worker-1] INFO  impl.PendingRequests (PendingRequests.java:sendNotLeaderResponses(202)) - 5eff80b7-68c7-467a-aaac-779d6ac2bab0@group-7207CBC382EE-PendingRequests: sendNotLeaderResponses
2019-10-03 19:08:59,014 [main] INFO  impl.StateMachineUpdater (StateMachineUpdater.java:stopAndJoin(136)) - 5eff80b7-68c7-467a-aaac-779d6ac2bab0@group-A1A479B7394A-StateMachineUpdater: set stopIndex = 0
2019-10-03 19:08:59,024 [5eff80b7-68c7-467a-aaac-779d6ac2bab0@group-7207CBC382EE-StateMachineUpdater] INFO  ratis.ContainerStateMachine (ContainerStateMachine.java:takeSnapshot(293)) - group-7207CBC382EE: Taking a snapshot at:(t:1, i:2) file /workdir/hadoop-ozone/integration-test/target/test-dir/MiniOzoneClusterImpl-32ce1286-658f-4fcc-af14-234b6f62532c/datanode-0/data/ratis/d955b943-80cf-404f-9666-7207cbc382ee/sm/snapshot.1_2
2019-10-03 19:08:59,024 [ForkJoinPool.commonPool-worker-1] INFO  impl.StateMachineUpdater (StateMachineUpdater.java:stopAndJoin(136)) - 5eff80b7-68c7-467a-aaac-779d6ac2bab0@group-7207CBC382EE-StateMachineUpdater: set stopIndex = 2
2019-10-03 19:08:59,024 [grpc-default-executor-7] INFO  server.GrpcServerProtocolService (GrpcServerProtocolService.java:onCompleted(113)) - 779b529b-984c-4b64-87cb-a33b74abd8c9: Completed APPEND_ENTRIES, lastRequest: 5eff80b7-68c7-467a-aaac-779d6ac2bab0->779b529b-984c-4b64-87cb-a33b74abd8c9#5-t1, previous=(t:1, i:2), leaderCommit=2, initializing? false, entries: <empty>
2019-10-03 19:08:59,024 [grpc-default-executor-9] INFO  server.GrpcServerProtocolService (GrpcServerProtocolService.java:onCompleted(113)) - 98ed16b7-ff63-4f91-9da2-94c54335d507: Completed APPEND_ENTRIES, lastRequest: 5eff80b7-68c7-467a-aaac-779d6ac2bab0->98ed16b7-ff63-4f91-9da2-94c54335d507#5-t1, previous=(t:1, i:2), leaderCommit=2, initializing? false, entries: <empty>
2019-10-03 19:08:59,024 [main] INFO  impl.RaftServerImpl (ServerState.java:close(387)) - 5eff80b7-68c7-467a-aaac-779d6ac2bab0@group-A1A479B7394A: closes. applyIndex: 0
2019-10-03 19:08:59,025 [grpc-default-executor-7] INFO  server.GrpcLogAppender (GrpcLogAppender.java:onCompleted(293)) - 5eff80b7-68c7-467a-aaac-779d6ac2bab0@group-7207CBC382EE->779b529b-984c-4b64-87cb-a33b74abd8c9-AppendLogResponseHandler: follower responses appendEntries COMPLETED
2019-10-03 19:08:59,025 [grpc-default-executor-9] INFO  server.GrpcLogAppender (GrpcLogAppender.java:onCompleted(293)) - 5eff80b7-68c7-467a-aaac-779d6ac2bab0@group-7207CBC382EE->98ed16b7-ff63-4f91-9da2-94c54335d507-AppendLogResponseHandler: follower responses appendEntries COMPLETED
2019-10-03 19:08:59,026 [5eff80b7-68c7-467a-aaac-779d6ac2bab0@group-A1A479B7394A-SegmentedRaftLogWorker] INFO  segmented.SegmentedRaftLogWorker (SegmentedRaftLogWorker.java:run(316)) - 5eff80b7-68c7-467a-aaac-779d6ac2bab0@group-A1A479B7394A-SegmentedRaftLogWorker was interrupted, exiting. There are 0 tasks remaining in the queue.
2019-10-03 19:08:59,028 [main] INFO  segmented.SegmentedRaftLogWorker (SegmentedRaftLogWorker.java:close(224)) - 5eff80b7-68c7-467a-aaac-779d6ac2bab0@group-A1A479B7394A-SegmentedRaftLogWorker close()
2019-10-03 19:08:59,028 [grpc-default-executor-7] INFO  impl.FollowerInfo (FollowerInfo.java:lambda$new$0(51)) - 5eff80b7-68c7-467a-aaac-779d6ac2bab0@group-7207CBC382EE->779b529b-984c-4b64-87cb-a33b74abd8c9: nextIndex: updateUnconditionally 3 -> 2
2019-10-03 19:08:59,028 [grpc-default-executor-9] INFO  impl.FollowerInfo (FollowerInfo.java:lambda$new$0(51)) - 5eff80b7-68c7-467a-aaac-779d6ac2bab0@group-7207CBC382EE->98ed16b7-ff63-4f91-9da2-94c54335d507: nextIndex: updateUnconditionally 3 -> 2
2019-10-03 19:08:59,037 [5eff80b7-68c7-467a-aaac-779d6ac2bab0@group-7207CBC382EE-StateMachineUpdater] INFO  ratis.ContainerStateMachine (ContainerStateMachine.java:takeSnapshot(304)) - group-7207CBC382EE: Finished taking a snapshot at:(t:1, i:2) file:/workdir/hadoop-ozone/integration-test/target/test-dir/MiniOzoneClusterImpl-32ce1286-658f-4fcc-af14-234b6f62532c/datanode-0/data/ratis/d955b943-80cf-404f-9666-7207cbc382ee/sm/snapshot.1_2 time:12
2019-10-03 19:08:59,037 [5eff80b7-68c7-467a-aaac-779d6ac2bab0@group-7207CBC382EE-StateMachineUpdater] INFO  impl.StateMachineUpdater (StateMachineUpdater.java:takeSnapshot(269)) - 5eff80b7-68c7-467a-aaac-779d6ac2bab0@group-7207CBC382EE-StateMachineUpdater: Took a snapshot at index 2
2019-10-03 19:08:59,037 [5eff80b7-68c7-467a-aaac-779d6ac2bab0@group-7207CBC382EE-StateMachineUpdater] INFO  impl.StateMachineUpdater (StateMachineUpdater.java:lambda$new$0(84)) - 5eff80b7-68c7-467a-aaac-779d6ac2bab0@group-7207CBC382EE-StateMachineUpdater: snapshotIndex: updateIncreasingly -1 -> 2
2019-10-03 19:08:59,038 [ForkJoinPool.commonPool-worker-1] INFO  impl.RaftServerImpl (ServerState.java:close(387)) - 5eff80b7-68c7-467a-aaac-779d6ac2bab0@group-7207CBC382EE: closes. applyIndex: 2
2019-10-03 19:08:59,038 [5eff80b7-68c7-467a-aaac-779d6ac2bab0@group-7207CBC382EE-SegmentedRaftLogWorker] INFO  segmented.SegmentedRaftLogWorker (SegmentedRaftLogWorker.java:run(316)) - 5eff80b7-68c7-467a-aaac-779d6ac2bab0@group-7207CBC382EE-SegmentedRaftLogWorker was interrupted, exiting. There are 0 tasks remaining in the queue.
2019-10-03 19:08:59,040 [ForkJoinPool.commonPool-worker-1] INFO  segmented.SegmentedRaftLogWorker (SegmentedRaftLogWorker.java:close(224)) - 5eff80b7-68c7-467a-aaac-779d6ac2bab0@group-7207CBC382EE-SegmentedRaftLogWorker close()
2019-10-03 19:08:59,044 [main] INFO  server.GrpcService (GrpcService.java:closeImpl(164)) - 5eff80b7-68c7-467a-aaac-779d6ac2bab0: shutdown server with port 34812 now
2019-10-03 19:08:59,045 [main] INFO  server.GrpcService (GrpcService.java:closeImpl(172)) - 5eff80b7-68c7-467a-aaac-779d6ac2bab0: shutdown server with port 34812 successfully
2019-10-03 19:08:59,047 [refreshUsed-/workdir/hadoop-ozone/integration-test/target/test-dir/MiniOzoneClusterImpl-32ce1286-658f-4fcc-af14-234b6f62532c/datanode-0/data/containers] WARN  fs.CachingGetSpaceUsed (CachingGetSpaceUsed.java:run(183)) - Thread Interrupted waiting to refresh disk information: sleep interrupted
2019-10-03 19:08:59,059 [main] INFO  utils.BackgroundService (BackgroundService.java:shutdown(148)) - Shutting down service BlockDeletingService
2019-10-03 19:08:59,064 [main] INFO  statemachine.DatanodeStateMachine (DatanodeStateMachine.java:stopDaemon(395)) - Ozone container server stopped.
2019-10-03 19:08:59,065 [main] INFO  handler.ContextHandler (ContextHandler.java:doStop(910)) - Stopped o.e.j.w.WebAppContext@50598a1a{/,null,UNAVAILABLE}{/hddsDatanode}
2019-10-03 19:08:59,067 [main] INFO  server.AbstractConnector (AbstractConnector.java:doStop(318)) - Stopped ServerConnector@14de1901{HTTP/1.1,[http/1.1]}{0.0.0.0:0}
2019-10-03 19:08:59,067 [main] INFO  handler.ContextHandler (ContextHandler.java:doStop(910)) - Stopped o.e.j.s.ServletContextHandler@4dc52559{/static,jar:file:/home/user/.m2/repository/org/apache/hadoop/hadoop-hdds-container-service/0.5.0-SNAPSHOT/hadoop-hdds-container-service-0.5.0-SNAPSHOT.jar!/webapps/static,UNAVAILABLE}
2019-10-03 19:08:59,068 [main] INFO  handler.ContextHandler (ContextHandler.java:doStop(910)) - Stopped o.e.j.s.ServletContextHandler@7b96de8d{/logs,file:///workdir/hadoop-ozone/integration-test/target/log,UNAVAILABLE}
2019-10-03 19:09:08,804 [Thread-2466] INFO  impl.FollowerState (FollowerState.java:run(108)) - 98ed16b7-ff63-4f91-9da2-94c54335d507@group-7207CBC382EE-FollowerState: change to CANDIDATE, lastRpcTime:9918ms, electionTimeout:5035ms
2019-10-03 19:09:08,805 [Thread-2466] INFO  impl.RoleInfo (RoleInfo.java:shutdownFollowerState(121)) - 98ed16b7-ff63-4f91-9da2-94c54335d507: shutdown FollowerState
2019-10-03 19:09:08,805 [Thread-2466] INFO  impl.RaftServerImpl (RaftServerImpl.java:setRole(170)) - 98ed16b7-ff63-4f91-9da2-94c54335d507@group-7207CBC382EE: changes role from  FOLLOWER to CANDIDATE at term 1 for changeToCandidate
2019-10-03 19:09:08,805 [Thread-2466] INFO  impl.RoleInfo (RoleInfo.java:updateAndGet(143)) - 98ed16b7-ff63-4f91-9da2-94c54335d507: start LeaderElection
2019-10-03 19:09:08,806 [98ed16b7-ff63-4f91-9da2-94c54335d507@group-7207CBC382EE-LeaderElection75] INFO  impl.RaftServerImpl (ServerState.java:setLeader(255)) - 98ed16b7-ff63-4f91-9da2-94c54335d507@group-7207CBC382EE: change Leader from 5eff80b7-68c7-467a-aaac-779d6ac2bab0 to null at term 1 for initElection
2019-10-03 19:09:08,820 [98ed16b7-ff63-4f91-9da2-94c54335d507@group-7207CBC382EE-LeaderElection75] INFO  impl.LeaderElection (LeaderElection.java:askForVotes(178)) - 98ed16b7-ff63-4f91-9da2-94c54335d507@group-7207CBC382EE-LeaderElection75: begin an election at term 2 for 0: [98ed16b7-ff63-4f91-9da2-94c54335d507:192.168.157.195:39250, 5eff80b7-68c7-467a-aaac-779d6ac2bab0:192.168.157.195:34812, 779b529b-984c-4b64-87cb-a33b74abd8c9:192.168.157.195:44187], old=null
2019-10-03 19:09:08,824 [98ed16b7-ff63-4f91-9da2-94c54335d507@group-7207CBC382EE-LeaderElection75] INFO  impl.LeaderElection (LogUtils.java:infoOrTrace(149)) - 98ed16b7-ff63-4f91-9da2-94c54335d507@group-7207CBC382EE-LeaderElection75 got exception when requesting votes: {}
java.util.concurrent.ExecutionException: org.apache.ratis.thirdparty.io.grpc.StatusRuntimeException: UNAVAILABLE: io exception
	at java.util.concurrent.FutureTask.report(FutureTask.java:122)
	at java.util.concurrent.FutureTask.get(FutureTask.java:192)
	at org.apache.ratis.server.impl.LeaderElection.waitForResults(LeaderElection.java:259)
	at org.apache.ratis.server.impl.LeaderElection.askForVotes(LeaderElection.java:197)
	at org.apache.ratis.server.impl.LeaderElection.run(LeaderElection.java:133)
	at java.lang.Thread.run(Thread.java:748)
Caused by: org.apache.ratis.thirdparty.io.grpc.StatusRuntimeException: UNAVAILABLE: io exception
	at org.apache.ratis.thirdparty.io.grpc.stub.ClientCalls.toStatusRuntimeException(ClientCalls.java:233)
	at org.apache.ratis.thirdparty.io.grpc.stub.ClientCalls.getUnchecked(ClientCalls.java:214)
	at org.apache.ratis.thirdparty.io.grpc.stub.ClientCalls.blockingUnaryCall(ClientCalls.java:139)
	at org.apache.ratis.proto.grpc.RaftServerProtocolServiceGrpc$RaftServerProtocolServiceBlockingStub.requestVote(RaftServerProtocolServiceGrpc.java:265)
	at org.apache.ratis.grpc.server.GrpcServerProtocolClient.requestVote(GrpcServerProtocolClient.java:99)
	at org.apache.ratis.grpc.server.GrpcService.requestVote(GrpcService.java:204)
	at org.apache.ratis.server.impl.LeaderElection.lambda$submitRequests$1(LeaderElection.java:234)
	at java.util.concurrent.FutureTask.run(FutureTask.java:266)
	at java.util.concurrent.Executors$RunnableAdapter.call(Executors.java:511)
	at java.util.concurrent.FutureTask.run(FutureTask.java:266)
	at java.util.concurrent.ThreadPoolExecutor.runWorker(ThreadPoolExecutor.java:1149)
	at java.util.concurrent.ThreadPoolExecutor$Worker.run(ThreadPoolExecutor.java:624)
	... 1 more
Caused by: org.apache.ratis.thirdparty.io.netty.channel.AbstractChannel$AnnotatedConnectException: Connection refused: /192.168.157.195:34812
	at sun.nio.ch.SocketChannelImpl.checkConnect(Native Method)
	at sun.nio.ch.SocketChannelImpl.finishConnect(SocketChannelImpl.java:717)
	at org.apache.ratis.thirdparty.io.netty.channel.socket.nio.NioSocketChannel.doFinishConnect(NioSocketChannel.java:327)
	at org.apache.ratis.thirdparty.io.netty.channel.nio.AbstractNioChannel$AbstractNioUnsafe.finishConnect(AbstractNioChannel.java:340)
	at org.apache.ratis.thirdparty.io.netty.channel.nio.NioEventLoop.processSelectedKey(NioEventLoop.java:632)
	at org.apache.ratis.thirdparty.io.netty.channel.nio.NioEventLoop.processSelectedKeysOptimized(NioEventLoop.java:579)
	at org.apache.ratis.thirdparty.io.netty.channel.nio.NioEventLoop.processSelectedKeys(NioEventLoop.java:496)
	at org.apache.ratis.thirdparty.io.netty.channel.nio.NioEventLoop.run(NioEventLoop.java:458)
	at org.apache.ratis.thirdparty.io.netty.util.concurrent.SingleThreadEventExecutor$5.run(SingleThreadEventExecutor.java:897)
	at org.apache.ratis.thirdparty.io.netty.util.concurrent.FastThreadLocalRunnable.run(FastThreadLocalRunnable.java:30)
	... 1 more
Caused by: java.net.ConnectException: Connection refused
	... 11 more
2019-10-03 19:09:08,828 [Thread-2467] INFO  impl.FollowerState (FollowerState.java:run(108)) - 779b529b-984c-4b64-87cb-a33b74abd8c9@group-7207CBC382EE-FollowerState: change to CANDIDATE, lastRpcTime:9936ms, electionTimeout:5003ms
2019-10-03 19:09:08,829 [Thread-2467] INFO  impl.RoleInfo (RoleInfo.java:shutdownFollowerState(121)) - 779b529b-984c-4b64-87cb-a33b74abd8c9: shutdown FollowerState
2019-10-03 19:09:08,829 [Thread-2467] INFO  impl.RaftServerImpl (RaftServerImpl.java:setRole(170)) - 779b529b-984c-4b64-87cb-a33b74abd8c9@group-7207CBC382EE: changes role from  FOLLOWER to CANDIDATE at term 1 for changeToCandidate
2019-10-03 19:09:08,829 [Thread-2467] INFO  impl.RoleInfo (RoleInfo.java:updateAndGet(143)) - 779b529b-984c-4b64-87cb-a33b74abd8c9: start LeaderElection
2019-10-03 19:09:08,830 [779b529b-984c-4b64-87cb-a33b74abd8c9@group-7207CBC382EE-LeaderElection76] INFO  impl.RaftServerImpl (ServerState.java:setLeader(255)) - 779b529b-984c-4b64-87cb-a33b74abd8c9@group-7207CBC382EE: change Leader from 5eff80b7-68c7-467a-aaac-779d6ac2bab0 to null at term 1 for initElection
2019-10-03 19:09:08,842 [779b529b-984c-4b64-87cb-a33b74abd8c9@group-7207CBC382EE-LeaderElection76] INFO  impl.LeaderElection (LeaderElection.java:askForVotes(178)) - 779b529b-984c-4b64-87cb-a33b74abd8c9@group-7207CBC382EE-LeaderElection76: begin an election at term 2 for 0: [98ed16b7-ff63-4f91-9da2-94c54335d507:192.168.157.195:39250, 5eff80b7-68c7-467a-aaac-779d6ac2bab0:192.168.157.195:34812, 779b529b-984c-4b64-87cb-a33b74abd8c9:192.168.157.195:44187], old=null
2019-10-03 19:09:08,844 [98ed16b7-ff63-4f91-9da2-94c54335d507@group-7207CBC382EE-LeaderElection75] INFO  impl.LeaderElection (LeaderElection.java:logAndReturn(56)) - 98ed16b7-ff63-4f91-9da2-94c54335d507@group-7207CBC382EE-LeaderElection75: Election REJECTED; received 1 response(s) [98ed16b7-ff63-4f91-9da2-94c54335d507<-779b529b-984c-4b64-87cb-a33b74abd8c9#0:FAIL-t2] and 1 exception(s); 98ed16b7-ff63-4f91-9da2-94c54335d507@group-7207CBC382EE:t2, leader=null, voted=98ed16b7-ff63-4f91-9da2-94c54335d507, raftlog=98ed16b7-ff63-4f91-9da2-94c54335d507@group-7207CBC382EE-SegmentedRaftLog:OPENED:c2,f2,i2, conf=0: [98ed16b7-ff63-4f91-9da2-94c54335d507:192.168.157.195:39250, 5eff80b7-68c7-467a-aaac-779d6ac2bab0:192.168.157.195:34812, 779b529b-984c-4b64-87cb-a33b74abd8c9:192.168.157.195:44187], old=null
2019-10-03 19:09:08,844 [98ed16b7-ff63-4f91-9da2-94c54335d507@group-7207CBC382EE-LeaderElection75] INFO  impl.LeaderElection (LogUtils.java:infoOrTrace(149)) -   Exception 0: {}
java.util.concurrent.ExecutionException: org.apache.ratis.thirdparty.io.grpc.StatusRuntimeException: UNAVAILABLE: io exception
	at java.util.concurrent.FutureTask.report(FutureTask.java:122)
	at java.util.concurrent.FutureTask.get(FutureTask.java:192)
	at org.apache.ratis.server.impl.LeaderElection.waitForResults(LeaderElection.java:259)
	at org.apache.ratis.server.impl.LeaderElection.askForVotes(LeaderElection.java:197)
	at org.apache.ratis.server.impl.LeaderElection.run(LeaderElection.java:133)
	at java.lang.Thread.run(Thread.java:748)
Caused by: org.apache.ratis.thirdparty.io.grpc.StatusRuntimeException: UNAVAILABLE: io exception
	at org.apache.ratis.thirdparty.io.grpc.stub.ClientCalls.toStatusRuntimeException(ClientCalls.java:233)
	at org.apache.ratis.thirdparty.io.grpc.stub.ClientCalls.getUnchecked(ClientCalls.java:214)
	at org.apache.ratis.thirdparty.io.grpc.stub.ClientCalls.blockingUnaryCall(ClientCalls.java:139)
	at org.apache.ratis.proto.grpc.RaftServerProtocolServiceGrpc$RaftServerProtocolServiceBlockingStub.requestVote(RaftServerProtocolServiceGrpc.java:265)
	at org.apache.ratis.grpc.server.GrpcServerProtocolClient.requestVote(GrpcServerProtocolClient.java:99)
	at org.apache.ratis.grpc.server.GrpcService.requestVote(GrpcService.java:204)
	at org.apache.ratis.server.impl.LeaderElection.lambda$submitRequests$1(LeaderElection.java:234)
	at java.util.concurrent.FutureTask.run(FutureTask.java:266)
	at java.util.concurrent.Executors$RunnableAdapter.call(Executors.java:511)
	at java.util.concurrent.FutureTask.run(FutureTask.java:266)
	at java.util.concurrent.ThreadPoolExecutor.runWorker(ThreadPoolExecutor.java:1149)
	at java.util.concurrent.ThreadPoolExecutor$Worker.run(ThreadPoolExecutor.java:624)
	... 1 more
Caused by: org.apache.ratis.thirdparty.io.netty.channel.AbstractChannel$AnnotatedConnectException: Connection refused: /192.168.157.195:34812
	at sun.nio.ch.SocketChannelImpl.checkConnect(Native Method)
	at sun.nio.ch.SocketChannelImpl.finishConnect(SocketChannelImpl.java:717)
	at org.apache.ratis.thirdparty.io.netty.channel.socket.nio.NioSocketChannel.doFinishConnect(NioSocketChannel.java:327)
	at org.apache.ratis.thirdparty.io.netty.channel.nio.AbstractNioChannel$AbstractNioUnsafe.finishConnect(AbstractNioChannel.java:340)
	at org.apache.ratis.thirdparty.io.netty.channel.nio.NioEventLoop.processSelectedKey(NioEventLoop.java:632)
	at org.apache.ratis.thirdparty.io.netty.channel.nio.NioEventLoop.processSelectedKeysOptimized(NioEventLoop.java:579)
	at org.apache.ratis.thirdparty.io.netty.channel.nio.NioEventLoop.processSelectedKeys(NioEventLoop.java:496)
	at org.apache.ratis.thirdparty.io.netty.channel.nio.NioEventLoop.run(NioEventLoop.java:458)
	at org.apache.ratis.thirdparty.io.netty.util.concurrent.SingleThreadEventExecutor$5.run(SingleThreadEventExecutor.java:897)
	at org.apache.ratis.thirdparty.io.netty.util.concurrent.FastThreadLocalRunnable.run(FastThreadLocalRunnable.java:30)
	... 1 more
Caused by: java.net.ConnectException: Connection refused
	... 11 more
2019-10-03 19:09:08,845 [98ed16b7-ff63-4f91-9da2-94c54335d507@group-7207CBC382EE-LeaderElection75] INFO  impl.RaftServerImpl (RaftServerImpl.java:setRole(170)) - 98ed16b7-ff63-4f91-9da2-94c54335d507@group-7207CBC382EE: changes role from CANDIDATE to FOLLOWER at term 2 for DISCOVERED_A_NEW_TERM
2019-10-03 19:09:08,845 [98ed16b7-ff63-4f91-9da2-94c54335d507@group-7207CBC382EE-LeaderElection75] INFO  impl.RoleInfo (RoleInfo.java:shutdownLeaderElection(134)) - 98ed16b7-ff63-4f91-9da2-94c54335d507: shutdown LeaderElection
2019-10-03 19:09:08,845 [779b529b-984c-4b64-87cb-a33b74abd8c9@group-7207CBC382EE-LeaderElection76] INFO  impl.LeaderElection (LogUtils.java:infoOrTrace(149)) - 779b529b-984c-4b64-87cb-a33b74abd8c9@group-7207CBC382EE-LeaderElection76 got exception when requesting votes: {}
java.util.concurrent.ExecutionException: org.apache.ratis.thirdparty.io.grpc.StatusRuntimeException: UNAVAILABLE: io exception
	at java.util.concurrent.FutureTask.report(FutureTask.java:122)
	at java.util.concurrent.FutureTask.get(FutureTask.java:192)
	at org.apache.ratis.server.impl.LeaderElection.waitForResults(LeaderElection.java:259)
	at org.apache.ratis.server.impl.LeaderElection.askForVotes(LeaderElection.java:197)
	at org.apache.ratis.server.impl.LeaderElection.run(LeaderElection.java:133)
	at java.lang.Thread.run(Thread.java:748)
Caused by: org.apache.ratis.thirdparty.io.grpc.StatusRuntimeException: UNAVAILABLE: io exception
	at org.apache.ratis.thirdparty.io.grpc.stub.ClientCalls.toStatusRuntimeException(ClientCalls.java:233)
	at org.apache.ratis.thirdparty.io.grpc.stub.ClientCalls.getUnchecked(ClientCalls.java:214)
	at org.apache.ratis.thirdparty.io.grpc.stub.ClientCalls.blockingUnaryCall(ClientCalls.java:139)
	at org.apache.ratis.proto.grpc.RaftServerProtocolServiceGrpc$RaftServerProtocolServiceBlockingStub.requestVote(RaftServerProtocolServiceGrpc.java:265)
	at org.apache.ratis.grpc.server.GrpcServerProtocolClient.requestVote(GrpcServerProtocolClient.java:99)
	at org.apache.ratis.grpc.server.GrpcService.requestVote(GrpcService.java:204)
	at org.apache.ratis.server.impl.LeaderElection.lambda$submitRequests$1(LeaderElection.java:234)
	at java.util.concurrent.FutureTask.run(FutureTask.java:266)
	at java.util.concurrent.Executors$RunnableAdapter.call(Executors.java:511)
	at java.util.concurrent.FutureTask.run(FutureTask.java:266)
	at java.util.concurrent.ThreadPoolExecutor.runWorker(ThreadPoolExecutor.java:1149)
	at java.util.concurrent.ThreadPoolExecutor$Worker.run(ThreadPoolExecutor.java:624)
	... 1 more
Caused by: org.apache.ratis.thirdparty.io.netty.channel.AbstractChannel$AnnotatedConnectException: Connection refused: /192.168.157.195:34812
	at sun.nio.ch.SocketChannelImpl.checkConnect(Native Method)
	at sun.nio.ch.SocketChannelImpl.finishConnect(SocketChannelImpl.java:717)
	at org.apache.ratis.thirdparty.io.netty.channel.socket.nio.NioSocketChannel.doFinishConnect(NioSocketChannel.java:327)
	at org.apache.ratis.thirdparty.io.netty.channel.nio.AbstractNioChannel$AbstractNioUnsafe.finishConnect(AbstractNioChannel.java:340)
	at org.apache.ratis.thirdparty.io.netty.channel.nio.NioEventLoop.processSelectedKey(NioEventLoop.java:632)
	at org.apache.ratis.thirdparty.io.netty.channel.nio.NioEventLoop.processSelectedKeysOptimized(NioEventLoop.java:579)
	at org.apache.ratis.thirdparty.io.netty.channel.nio.NioEventLoop.processSelectedKeys(NioEventLoop.java:496)
	at org.apache.ratis.thirdparty.io.netty.channel.nio.NioEventLoop.run(NioEventLoop.java:458)
	at org.apache.ratis.thirdparty.io.netty.util.concurrent.SingleThreadEventExecutor$5.run(SingleThreadEventExecutor.java:897)
	at org.apache.ratis.thirdparty.io.netty.util.concurrent.FastThreadLocalRunnable.run(FastThreadLocalRunnable.java:30)
	... 1 more
Caused by: java.net.ConnectException: Connection refused
	... 11 more
2019-10-03 19:09:08,848 [98ed16b7-ff63-4f91-9da2-94c54335d507@group-7207CBC382EE-LeaderElection75] INFO  impl.RoleInfo (RoleInfo.java:updateAndGet(143)) - 98ed16b7-ff63-4f91-9da2-94c54335d507: start FollowerState
2019-10-03 19:09:08,852 [779b529b-984c-4b64-87cb-a33b74abd8c9@group-7207CBC382EE-LeaderElection76] INFO  impl.LeaderElection (LeaderElection.java:logAndReturn(56)) - 779b529b-984c-4b64-87cb-a33b74abd8c9@group-7207CBC382EE-LeaderElection76: Election REJECTED; received 1 response(s) [779b529b-984c-4b64-87cb-a33b74abd8c9<-98ed16b7-ff63-4f91-9da2-94c54335d507#0:FAIL-t2] and 1 exception(s); 779b529b-984c-4b64-87cb-a33b74abd8c9@group-7207CBC382EE:t2, leader=null, voted=779b529b-984c-4b64-87cb-a33b74abd8c9, raftlog=779b529b-984c-4b64-87cb-a33b74abd8c9@group-7207CBC382EE-SegmentedRaftLog:OPENED:c2,f2,i2, conf=0: [98ed16b7-ff63-4f91-9da2-94c54335d507:192.168.157.195:39250, 5eff80b7-68c7-467a-aaac-779d6ac2bab0:192.168.157.195:34812, 779b529b-984c-4b64-87cb-a33b74abd8c9:192.168.157.195:44187], old=null
2019-10-03 19:09:08,853 [779b529b-984c-4b64-87cb-a33b74abd8c9@group-7207CBC382EE-LeaderElection76] INFO  impl.LeaderElection (LogUtils.java:infoOrTrace(149)) -   Exception 0: {}
java.util.concurrent.ExecutionException: org.apache.ratis.thirdparty.io.grpc.StatusRuntimeException: UNAVAILABLE: io exception
	at java.util.concurrent.FutureTask.report(FutureTask.java:122)
	at java.util.concurrent.FutureTask.get(FutureTask.java:192)
	at org.apache.ratis.server.impl.LeaderElection.waitForResults(LeaderElection.java:259)
	at org.apache.ratis.server.impl.LeaderElection.askForVotes(LeaderElection.java:197)
	at org.apache.ratis.server.impl.LeaderElection.run(LeaderElection.java:133)
	at java.lang.Thread.run(Thread.java:748)
Caused by: org.apache.ratis.thirdparty.io.grpc.StatusRuntimeException: UNAVAILABLE: io exception
	at org.apache.ratis.thirdparty.io.grpc.stub.ClientCalls.toStatusRuntimeException(ClientCalls.java:233)
	at org.apache.ratis.thirdparty.io.grpc.stub.ClientCalls.getUnchecked(ClientCalls.java:214)
	at org.apache.ratis.thirdparty.io.grpc.stub.ClientCalls.blockingUnaryCall(ClientCalls.java:139)
	at org.apache.ratis.proto.grpc.RaftServerProtocolServiceGrpc$RaftServerProtocolServiceBlockingStub.requestVote(RaftServerProtocolServiceGrpc.java:265)
	at org.apache.ratis.grpc.server.GrpcServerProtocolClient.requestVote(GrpcServerProtocolClient.java:99)
	at org.apache.ratis.grpc.server.GrpcService.requestVote(GrpcService.java:204)
	at org.apache.ratis.server.impl.LeaderElection.lambda$submitRequests$1(LeaderElection.java:234)
	at java.util.concurrent.FutureTask.run(FutureTask.java:266)
	at java.util.concurrent.Executors$RunnableAdapter.call(Executors.java:511)
	at java.util.concurrent.FutureTask.run(FutureTask.java:266)
	at java.util.concurrent.ThreadPoolExecutor.runWorker(ThreadPoolExecutor.java:1149)
	at java.util.concurrent.ThreadPoolExecutor$Worker.run(ThreadPoolExecutor.java:624)
	... 1 more
Caused by: org.apache.ratis.thirdparty.io.netty.channel.AbstractChannel$AnnotatedConnectException: Connection refused: /192.168.157.195:34812
	at sun.nio.ch.SocketChannelImpl.checkConnect(Native Method)
	at sun.nio.ch.SocketChannelImpl.finishConnect(SocketChannelImpl.java:717)
	at org.apache.ratis.thirdparty.io.netty.channel.socket.nio.NioSocketChannel.doFinishConnect(NioSocketChannel.java:327)
	at org.apache.ratis.thirdparty.io.netty.channel.nio.AbstractNioChannel$AbstractNioUnsafe.finishConnect(AbstractNioChannel.java:340)
	at org.apache.ratis.thirdparty.io.netty.channel.nio.NioEventLoop.processSelectedKey(NioEventLoop.java:632)
	at org.apache.ratis.thirdparty.io.netty.channel.nio.NioEventLoop.processSelectedKeysOptimized(NioEventLoop.java:579)
	at org.apache.ratis.thirdparty.io.netty.channel.nio.NioEventLoop.processSelectedKeys(NioEventLoop.java:496)
	at org.apache.ratis.thirdparty.io.netty.channel.nio.NioEventLoop.run(NioEventLoop.java:458)
	at org.apache.ratis.thirdparty.io.netty.util.concurrent.SingleThreadEventExecutor$5.run(SingleThreadEventExecutor.java:897)
	at org.apache.ratis.thirdparty.io.netty.util.concurrent.FastThreadLocalRunnable.run(FastThreadLocalRunnable.java:30)
	... 1 more
Caused by: java.net.ConnectException: Connection refused
	... 11 more
2019-10-03 19:09:08,853 [779b529b-984c-4b64-87cb-a33b74abd8c9@group-7207CBC382EE-LeaderElection76] INFO  impl.RaftServerImpl (RaftServerImpl.java:setRole(170)) - 779b529b-984c-4b64-87cb-a33b74abd8c9@group-7207CBC382EE: changes role from CANDIDATE to FOLLOWER at term 2 for DISCOVERED_A_NEW_TERM
2019-10-03 19:09:08,855 [779b529b-984c-4b64-87cb-a33b74abd8c9@group-7207CBC382EE-LeaderElection76] INFO  impl.RoleInfo (RoleInfo.java:shutdownLeaderElection(134)) - 779b529b-984c-4b64-87cb-a33b74abd8c9: shutdown LeaderElection
2019-10-03 19:09:08,855 [779b529b-984c-4b64-87cb-a33b74abd8c9@group-7207CBC382EE-LeaderElection76] INFO  impl.RoleInfo (RoleInfo.java:updateAndGet(143)) - 779b529b-984c-4b64-87cb-a33b74abd8c9: start FollowerState
]]></system-out>
  </testcase>
</testsuite>