<?xml version="1.0" encoding="UTF-8"?>
<testsuite xmlns:xsi="http://www.w3.org/2001/XMLSchema-instance" xsi:noNamespaceSchemaLocation="https://maven.apache.org/surefire/maven-surefire-plugin/xsd/surefire-test-report.xsd" name="org.apache.hadoop.ozone.client.rpc.TestWatchForCommit" time="229.558" tests="5" errors="1" skipped="0" failures="1">
  <properties>
    <property name="awt.toolkit" value="sun.awt.X11.XToolkit"/>
    <property name="file.encoding.pkg" value="sun.io"/>
    <property name="java.specification.version" value="1.8"/>
    <property name="sun.cpu.isalist" value=""/>
    <property name="sun.jnu.encoding" value="UTF-8"/>
    <property name="java.class.path" value="/workdir/hadoop-ozone/integration-test/target/test-classes:/workdir/hadoop-ozone/integration-test/target/classes:/home/user/.m2/repository/org/apache/hadoop/hadoop-ozone-common/0.5.0-SNAPSHOT/hadoop-ozone-common-0.5.0-SNAPSHOT.jar:/home/user/.m2/repository/org/apache/commons/commons-compress/1.4.1/commons-compress-1.4.1.jar:/home/user/.m2/repository/org/tukaani/xz/1.0/xz-1.0.jar:/home/user/.m2/repository/org/apache/hadoop/hadoop-common/3.2.0/hadoop-common-3.2.0.jar:/home/user/.m2/repository/org/apache/hadoop/hadoop-hdfs/3.2.0/hadoop-hdfs-3.2.0.jar:/home/user/.m2/repository/org/apache/hadoop/hadoop-hdfs-client/3.2.0/hadoop-hdfs-client-3.2.0.jar:/home/user/.m2/repository/com/fasterxml/jackson/core/jackson-annotations/2.9.9/jackson-annotations-2.9.9.jar:/home/user/.m2/repository/org/apache/hadoop/hadoop-hdds-common/0.5.0-SNAPSHOT/hadoop-hdds-common-0.5.0-SNAPSHOT.jar:/home/user/.m2/repository/javax/annotation/javax.annotation-api/1.2/javax.annotation-api-1.2.jar:/home/user/.m2/repository/org/apache/ratis/ratis-server/0.5.0-201fc85-SNAPSHOT/ratis-server-0.5.0-201fc85-SNAPSHOT.jar:/home/user/.m2/repository/org/apache/ratis/ratis-thirdparty-misc/0.2.0/ratis-thirdparty-misc-0.2.0.jar:/home/user/.m2/repository/org/apache/ratis/ratis-proto/0.5.0-201fc85-SNAPSHOT/ratis-proto-0.5.0-201fc85-SNAPSHOT.jar:/home/user/.m2/repository/org/apache/ratis/ratis-common/0.5.0-201fc85-SNAPSHOT/ratis-common-0.5.0-201fc85-SNAPSHOT.jar:/home/user/.m2/repository/org/apache/ratis/ratis-client/0.5.0-201fc85-SNAPSHOT/ratis-client-0.5.0-201fc85-SNAPSHOT.jar:/home/user/.m2/repository/org/apache/ratis/ratis-metrics/0.5.0-201fc85-SNAPSHOT/ratis-metrics-0.5.0-201fc85-SNAPSHOT.jar:/home/user/.m2/repository/com/github/joshelser/dropwizard-metrics-hadoop-metrics2-reporter/0.1.2/dropwizard-metrics-hadoop-metrics2-reporter-0.1.2.jar:/home/user/.m2/repository/io/dropwizard/metrics/metrics-jvm/3.2.5/metrics-jvm-3.2.5.jar:/home/user/.m2/repository/io/dropwizard/metrics/metrics-ganglia/3.2.5/metrics-ganglia-3.2.5.jar:/home/user/.m2/repository/info/ganglia/gmetric4j/gmetric4j/1.0.7/gmetric4j-1.0.7.jar:/home/user/.m2/repository/org/apache/ratis/ratis-netty/0.5.0-201fc85-SNAPSHOT/ratis-netty-0.5.0-201fc85-SNAPSHOT.jar:/home/user/.m2/repository/org/apache/ratis/ratis-grpc/0.5.0-201fc85-SNAPSHOT/ratis-grpc-0.5.0-201fc85-SNAPSHOT.jar:/home/user/.m2/repository/org/rocksdb/rocksdbjni/6.0.1/rocksdbjni-6.0.1.jar:/home/user/.m2/repository/org/apache/logging/log4j/log4j-api/2.11.0/log4j-api-2.11.0.jar:/home/user/.m2/repository/org/apache/logging/log4j/log4j-core/2.11.0/log4j-core-2.11.0.jar:/home/user/.m2/repository/com/lmax/disruptor/3.4.2/disruptor-3.4.2.jar:/home/user/.m2/repository/org/apache/commons/commons-pool2/2.6.0/commons-pool2-2.6.0.jar:/home/user/.m2/repository/org/bouncycastle/bcpkix-jdk15on/1.60/bcpkix-jdk15on-1.60.jar:/home/user/.m2/repository/commons-validator/commons-validator/1.6/commons-validator-1.6.jar:/home/user/.m2/repository/commons-digester/commons-digester/1.8.1/commons-digester-1.8.1.jar:/home/user/.m2/repository/io/jaegertracing/jaeger-client/0.34.0/jaeger-client-0.34.0.jar:/home/user/.m2/repository/io/jaegertracing/jaeger-thrift/0.34.0/jaeger-thrift-0.34.0.jar:/home/user/.m2/repository/org/apache/thrift/libthrift/0.12.0/libthrift-0.12.0.jar:/home/user/.m2/repository/com/squareup/okhttp3/okhttp/3.9.0/okhttp-3.9.0.jar:/home/user/.m2/repository/com/squareup/okio/okio/1.13.0/okio-1.13.0.jar:/home/user/.m2/repository/io/jaegertracing/jaeger-core/0.34.0/jaeger-core-0.34.0.jar:/home/user/.m2/repository/io/jaegertracing/jaeger-tracerresolver/0.34.0/jaeger-tracerresolver-0.34.0.jar:/home/user/.m2/repository/io/opentracing/contrib/opentracing-tracerresolver/0.1.5/opentracing-tracerresolver-0.1.5.jar:/home/user/.m2/repository/io/opentracing/opentracing-util/0.31.0/opentracing-util-0.31.0.jar:/home/user/.m2/repository/io/opentracing/opentracing-api/0.31.0/opentracing-api-0.31.0.jar:/home/user/.m2/repository/io/opentracing/opentracing-noop/0.31.0/opentracing-noop-0.31.0.jar:/home/user/.m2/repository/org/apache/hadoop/hadoop-hdds-server-framework/0.5.0-SNAPSHOT/hadoop-hdds-server-framework-0.5.0-SNAPSHOT.jar:/home/user/.m2/repository/org/apache/hadoop/hadoop-hdds-container-service/0.5.0-SNAPSHOT/hadoop-hdds-container-service-0.5.0-SNAPSHOT.jar:/home/user/.m2/repository/org/apache/hadoop/hadoop-hdds-client/0.5.0-SNAPSHOT/hadoop-hdds-client-0.5.0-SNAPSHOT.jar:/home/user/.m2/repository/org/apache/hadoop/hadoop-hdds-tools/0.5.0-SNAPSHOT/hadoop-hdds-tools-0.5.0-SNAPSHOT.jar:/home/user/.m2/repository/org/apache/hadoop/hadoop-hdds-server-scm/0.5.0-SNAPSHOT/hadoop-hdds-server-scm-0.5.0-SNAPSHOT.jar:/home/user/.m2/repository/org/apache/hadoop/hadoop-hdds-docs/0.5.0-SNAPSHOT/hadoop-hdds-docs-0.5.0-SNAPSHOT.jar:/home/user/.m2/repository/io/dropwizard/metrics/metrics-core/3.2.4/metrics-core-3.2.4.jar:/home/user/.m2/repository/org/hamcrest/hamcrest-all/1.3/hamcrest-all-1.3.jar:/home/user/.m2/repository/org/bouncycastle/bcprov-jdk15on/1.60/bcprov-jdk15on-1.60.jar:/home/user/.m2/repository/info/picocli/picocli/3.9.6/picocli-3.9.6.jar:/home/user/.m2/repository/com/google/protobuf/protobuf-java/2.5.0/protobuf-java-2.5.0.jar:/home/user/.m2/repository/com/google/guava/guava/11.0.2/guava-11.0.2.jar:/home/user/.m2/repository/org/apache/hadoop/hadoop-ozone-ozone-manager/0.5.0-SNAPSHOT/hadoop-ozone-ozone-manager-0.5.0-SNAPSHOT.jar:/home/user/.m2/repository/org/apache/hadoop/hadoop-minikdc/3.2.0/hadoop-minikdc-3.2.0.jar:/home/user/.m2/repository/commons-io/commons-io/2.5/commons-io-2.5.jar:/home/user/.m2/repository/org/apache/kerby/kerb-simplekdc/1.0.1/kerb-simplekdc-1.0.1.jar:/home/user/.m2/repository/org/apache/kerby/kerb-client/1.0.1/kerb-client-1.0.1.jar:/home/user/.m2/repository/org/apache/kerby/kerby-config/1.0.1/kerby-config-1.0.1.jar:/home/user/.m2/repository/org/apache/kerby/kerb-core/1.0.1/kerb-core-1.0.1.jar:/home/user/.m2/repository/org/apache/kerby/kerby-pkix/1.0.1/kerby-pkix-1.0.1.jar:/home/user/.m2/repository/org/apache/kerby/kerby-asn1/1.0.1/kerby-asn1-1.0.1.jar:/home/user/.m2/repository/org/apache/kerby/kerby-util/1.0.1/kerby-util-1.0.1.jar:/home/user/.m2/repository/org/apache/kerby/kerb-common/1.0.1/kerb-common-1.0.1.jar:/home/user/.m2/repository/org/apache/kerby/kerb-crypto/1.0.1/kerb-crypto-1.0.1.jar:/home/user/.m2/repository/org/apache/kerby/kerb-util/1.0.1/kerb-util-1.0.1.jar:/home/user/.m2/repository/org/apache/kerby/token-provider/1.0.1/token-provider-1.0.1.jar:/home/user/.m2/repository/org/apache/kerby/kerb-admin/1.0.1/kerb-admin-1.0.1.jar:/home/user/.m2/repository/org/apache/kerby/kerb-server/1.0.1/kerb-server-1.0.1.jar:/home/user/.m2/repository/org/apache/kerby/kerb-identity/1.0.1/kerb-identity-1.0.1.jar:/home/user/.m2/repository/org/apache/kerby/kerby-xdr/1.0.1/kerby-xdr-1.0.1.jar:/home/user/.m2/repository/org/slf4j/slf4j-log4j12/1.7.25/slf4j-log4j12-1.7.25.jar:/home/user/.m2/repository/org/apache/hadoop/hadoop-ozone-s3gateway/0.5.0-SNAPSHOT/hadoop-ozone-s3gateway-0.5.0-SNAPSHOT.jar:/home/user/.m2/repository/org/jboss/weld/servlet/weld-servlet/2.4.7.Final/weld-servlet-2.4.7.Final.jar:/home/user/.m2/repository/org/glassfish/jersey/containers/jersey-container-servlet-core/2.27/jersey-container-servlet-core-2.27.jar:/home/user/.m2/repository/org/glassfish/hk2/external/javax.inject/2.5.0-b42/javax.inject-2.5.0-b42.jar:/home/user/.m2/repository/org/glassfish/jersey/core/jersey-common/2.27/jersey-common-2.27.jar:/home/user/.m2/repository/org/glassfish/hk2/osgi-resource-locator/1.0.1/osgi-resource-locator-1.0.1.jar:/home/user/.m2/repository/javax/ws/rs/javax.ws.rs-api/2.1/javax.ws.rs-api-2.1.jar:/home/user/.m2/repository/org/glassfish/jersey/ext/cdi/jersey-cdi1x/2.27/jersey-cdi1x-2.27.jar:/home/user/.m2/repository/org/glassfish/jersey/inject/jersey-hk2/2.27/jersey-hk2-2.27.jar:/home/user/.m2/repository/org/glassfish/hk2/hk2-locator/2.5.0-b42/hk2-locator-2.5.0-b42.jar:/home/user/.m2/repository/org/javassist/javassist/3.22.0-CR2/javassist-3.22.0-CR2.jar:/home/user/.m2/repository/org/glassfish/hk2/hk2-api/2.5.0/hk2-api-2.5.0.jar:/home/user/.m2/repository/org/glassfish/hk2/external/jakarta.inject/2.5.0/jakarta.inject-2.5.0.jar:/home/user/.m2/repository/org/glassfish/hk2/hk2-utils/2.5.0/hk2-utils-2.5.0.jar:/home/user/.m2/repository/jakarta/annotation/jakarta.annotation-api/1.3.4/jakarta.annotation-api-1.3.4.jar:/home/user/.m2/repository/org/glassfish/hk2/external/aopalliance-repackaged/2.5.0/aopalliance-repackaged-2.5.0.jar:/home/user/.m2/repository/com/fasterxml/jackson/dataformat/jackson-dataformat-xml/2.9.0/jackson-dataformat-xml-2.9.0.jar:/home/user/.m2/repository/com/fasterxml/jackson/core/jackson-core/2.9.9/jackson-core-2.9.9.jar:/home/user/.m2/repository/com/fasterxml/jackson/module/jackson-module-jaxb-annotations/2.9.9/jackson-module-jaxb-annotations-2.9.9.jar:/home/user/.m2/repository/javax/enterprise/cdi-api/1.2/cdi-api-1.2.jar:/home/user/.m2/repository/javax/el/javax.el-api/3.0.0/javax.el-api-3.0.0.jar:/home/user/.m2/repository/javax/interceptor/javax.interceptor-api/1.2/javax.interceptor-api-1.2.jar:/home/user/.m2/repository/javax/inject/javax.inject/1/javax.inject-1.jar:/home/user/.m2/repository/com/sun/xml/bind/jaxb-impl/2.3.0.1/jaxb-impl-2.3.0.1.jar:/home/user/.m2/repository/com/sun/xml/bind/jaxb-core/2.3.0.1/jaxb-core-2.3.0.1.jar:/home/user/.m2/repository/javax/xml/bind/jaxb-api/2.3.0/jaxb-api-2.3.0.jar:/home/user/.m2/repository/javax/activation/activation/1.1.1/activation-1.1.1.jar:/home/user/.m2/repository/org/apache/hadoop/hadoop-ozone-csi/0.5.0-SNAPSHOT/hadoop-ozone-csi-0.5.0-SNAPSHOT.jar:/home/user/.m2/repository/com/google/protobuf/protobuf-java-util/3.5.1/protobuf-java-util-3.5.1.jar:/home/user/.m2/repository/org/apache/hadoop/hadoop-hdds-config/0.5.0-SNAPSHOT/hadoop-hdds-config-0.5.0-SNAPSHOT.jar:/home/user/.m2/repository/io/grpc/grpc-netty/1.17.1/grpc-netty-1.17.1.jar:/home/user/.m2/repository/io/grpc/grpc-core/1.17.1/grpc-core-1.17.1.jar:/home/user/.m2/repository/io/grpc/grpc-context/1.17.1/grpc-context-1.17.1.jar:/home/user/.m2/repository/com/google/errorprone/error_prone_annotations/2.2.0/error_prone_annotations-2.2.0.jar:/home/user/.m2/repository/org/codehaus/mojo/animal-sniffer-annotations/1.17/animal-sniffer-annotations-1.17.jar:/home/user/.m2/repository/io/opencensus/opencensus-api/0.17.0/opencensus-api-0.17.0.jar:/home/user/.m2/repository/io/opencensus/opencensus-contrib-grpc-metrics/0.17.0/opencensus-contrib-grpc-metrics-0.17.0.jar:/home/user/.m2/repository/io/netty/netty-codec-http2/4.1.30.Final/netty-codec-http2-4.1.30.Final.jar:/home/user/.m2/repository/io/netty/netty-codec-http/4.1.30.Final/netty-codec-http-4.1.30.Final.jar:/home/user/.m2/repository/io/netty/netty-codec/4.1.30.Final/netty-codec-4.1.30.Final.jar:/home/user/.m2/repository/io/netty/netty-handler/4.1.30.Final/netty-handler-4.1.30.Final.jar:/home/user/.m2/repository/io/netty/netty-handler-proxy/4.1.30.Final/netty-handler-proxy-4.1.30.Final.jar:/home/user/.m2/repository/io/netty/netty-codec-socks/4.1.30.Final/netty-codec-socks-4.1.30.Final.jar:/home/user/.m2/repository/io/netty/netty-transport-native-epoll/4.1.30.Final/netty-transport-native-epoll-4.1.30.Final.jar:/home/user/.m2/repository/io/netty/netty-common/4.1.30.Final/netty-common-4.1.30.Final.jar:/home/user/.m2/repository/io/netty/netty-buffer/4.1.30.Final/netty-buffer-4.1.30.Final.jar:/home/user/.m2/repository/io/netty/netty-transport/4.1.30.Final/netty-transport-4.1.30.Final.jar:/home/user/.m2/repository/io/netty/netty-resolver/4.1.30.Final/netty-resolver-4.1.30.Final.jar:/home/user/.m2/repository/io/netty/netty-transport-native-unix-common/4.1.30.Final/netty-transport-native-unix-common-4.1.30.Final.jar:/home/user/.m2/repository/io/grpc/grpc-protobuf/1.17.1/grpc-protobuf-1.17.1.jar:/home/user/.m2/repository/com/google/api/grpc/proto-google-common-protos/1.0.0/proto-google-common-protos-1.0.0.jar:/home/user/.m2/repository/io/grpc/grpc-protobuf-lite/1.17.1/grpc-protobuf-lite-1.17.1.jar:/home/user/.m2/repository/io/grpc/grpc-stub/1.17.1/grpc-stub-1.17.1.jar:/home/user/.m2/repository/org/apache/hadoop/hadoop-ozone-recon/0.5.0-SNAPSHOT/hadoop-ozone-recon-0.5.0-SNAPSHOT.jar:/home/user/.m2/repository/org/apache/hadoop/hadoop-ozone-reconcodegen/0.5.0-SNAPSHOT/hadoop-ozone-reconcodegen-0.5.0-SNAPSHOT.jar:/home/user/.m2/repository/com/google/inject/extensions/guice-multibindings/4.0/guice-multibindings-4.0.jar:/home/user/.m2/repository/com/google/inject/guice/4.0/guice-4.0.jar:/home/user/.m2/repository/aopalliance/aopalliance/1.0/aopalliance-1.0.jar:/home/user/.m2/repository/com/google/inject/extensions/guice-servlet/4.0/guice-servlet-4.0.jar:/home/user/.m2/repository/org/glassfish/jersey/containers/jersey-container-servlet/2.27/jersey-container-servlet-2.27.jar:/home/user/.m2/repository/org/glassfish/hk2/guice-bridge/2.5.0/guice-bridge-2.5.0.jar:/home/user/.m2/repository/org/glassfish/jersey/core/jersey-server/2.27/jersey-server-2.27.jar:/home/user/.m2/repository/org/glassfish/jersey/core/jersey-client/2.27/jersey-client-2.27.jar:/home/user/.m2/repository/org/glassfish/jersey/media/jersey-media-jaxb/2.27/jersey-media-jaxb-2.27.jar:/home/user/.m2/repository/javax/validation/validation-api/1.1.0.Final/validation-api-1.1.0.Final.jar:/home/user/.m2/repository/org/glassfish/jersey/media/jersey-media-json-jackson/2.27/jersey-media-json-jackson-2.27.jar:/home/user/.m2/repository/org/glassfish/jersey/ext/jersey-entity-filtering/2.27/jersey-entity-filtering-2.27.jar:/home/user/.m2/repository/com/google/inject/extensions/guice-assistedinject/4.0/guice-assistedinject-4.0.jar:/home/user/.m2/repository/org/jooq/jooq/3.11.10/jooq-3.11.10.jar:/home/user/.m2/repository/org/jooq/jooq-meta/3.11.10/jooq-meta-3.11.10.jar:/home/user/.m2/repository/org/jooq/jooq-codegen/3.11.10/jooq-codegen-3.11.10.jar:/home/user/.m2/repository/com/jolbox/bonecp/0.8.0.RELEASE/bonecp-0.8.0.RELEASE.jar:/home/user/.m2/repository/org/xerial/sqlite-jdbc/3.25.2/sqlite-jdbc-3.25.2.jar:/home/user/.m2/repository/org/springframework/spring-jdbc/5.1.3.RELEASE/spring-jdbc-5.1.3.RELEASE.jar:/home/user/.m2/repository/org/springframework/spring-beans/5.1.3.RELEASE/spring-beans-5.1.3.RELEASE.jar:/home/user/.m2/repository/org/springframework/spring-core/5.1.3.RELEASE/spring-core-5.1.3.RELEASE.jar:/home/user/.m2/repository/org/springframework/spring-jcl/5.1.3.RELEASE/spring-jcl-5.1.3.RELEASE.jar:/home/user/.m2/repository/org/springframework/spring-tx/5.1.3.RELEASE/spring-tx-5.1.3.RELEASE.jar:/home/user/.m2/repository/org/apache/hadoop/hadoop-ozone-client/0.5.0-SNAPSHOT/hadoop-ozone-client-0.5.0-SNAPSHOT.jar:/home/user/.m2/repository/commons-lang/commons-lang/2.6/commons-lang-2.6.jar:/home/user/.m2/repository/org/apache/hadoop/hadoop-ozone-ozone-manager/0.5.0-SNAPSHOT/hadoop-ozone-ozone-manager-0.5.0-SNAPSHOT-tests.jar:/home/user/.m2/repository/junit/junit/4.11/junit-4.11.jar:/home/user/.m2/repository/org/hamcrest/hamcrest-core/1.3/hamcrest-core-1.3.jar:/home/user/.m2/repository/org/openjdk/jmh/jmh-core/1.19/jmh-core-1.19.jar:/home/user/.m2/repository/net/sf/jopt-simple/jopt-simple/4.6/jopt-simple-4.6.jar:/home/user/.m2/repository/org/apache/commons/commons-math3/3.1.1/commons-math3-3.1.1.jar:/home/user/.m2/repository/org/openjdk/jmh/jmh-generator-annprocess/1.19/jmh-generator-annprocess-1.19.jar:/home/user/.m2/repository/org/mockito/mockito-all/1.8.5/mockito-all-1.8.5.jar:/home/user/.m2/repository/org/apache/hadoop/hadoop-kms/3.2.0/hadoop-kms-3.2.0.jar:/home/user/.m2/repository/org/apache/hadoop/hadoop-auth/3.2.0/hadoop-auth-3.2.0.jar:/home/user/.m2/repository/com/nimbusds/nimbus-jose-jwt/4.41.1/nimbus-jose-jwt-4.41.1.jar:/home/user/.m2/repository/com/github/stephenc/jcip/jcip-annotations/1.0-1/jcip-annotations-1.0-1.jar:/home/user/.m2/repository/net/minidev/json-smart/2.3/json-smart-2.3.jar:/home/user/.m2/repository/net/minidev/accessors-smart/1.2/accessors-smart-1.2.jar:/home/user/.m2/repository/org/ow2/asm/asm/5.0.4/asm-5.0.4.jar:/home/user/.m2/repository/org/apache/curator/curator-framework/2.12.0/curator-framework-2.12.0.jar:/home/user/.m2/repository/com/sun/jersey/jersey-core/1.19/jersey-core-1.19.jar:/home/user/.m2/repository/javax/ws/rs/jsr311-api/1.1.1/jsr311-api-1.1.1.jar:/home/user/.m2/repository/com/sun/jersey/jersey-server/1.19/jersey-server-1.19.jar:/home/user/.m2/repository/javax/servlet/javax.servlet-api/3.1.0/javax.servlet-api-3.1.0.jar:/home/user/.m2/repository/org/eclipse/jetty/jetty-server/9.3.25.v20180904/jetty-server-9.3.25.v20180904.jar:/home/user/.m2/repository/org/eclipse/jetty/jetty-http/9.3.25.v20180904/jetty-http-9.3.25.v20180904.jar:/home/user/.m2/repository/org/eclipse/jetty/jetty-io/9.3.25.v20180904/jetty-io-9.3.25.v20180904.jar:/home/user/.m2/repository/org/eclipse/jetty/jetty-webapp/9.3.25.v20180904/jetty-webapp-9.3.25.v20180904.jar:/home/user/.m2/repository/org/eclipse/jetty/jetty-xml/9.3.25.v20180904/jetty-xml-9.3.25.v20180904.jar:/home/user/.m2/repository/log4j/log4j/1.2.17/log4j-1.2.17.jar:/home/user/.m2/repository/org/slf4j/slf4j-api/1.7.25/slf4j-api-1.7.25.jar:/home/user/.m2/repository/org/slf4j/jul-to-slf4j/1.7.25/jul-to-slf4j-1.7.25.jar:/home/user/.m2/repository/org/eclipse/jetty/jetty-util/9.3.25.v20180904/jetty-util-9.3.25.v20180904.jar:/home/user/.m2/repository/com/fasterxml/jackson/core/jackson-databind/2.9.9/jackson-databind-2.9.9.jar:/home/user/.m2/repository/org/apache/hadoop/hadoop-kms/3.2.0/hadoop-kms-3.2.0-tests.jar:/home/user/.m2/repository/org/apache/hadoop/hadoop-hdds-server-scm/0.5.0-SNAPSHOT/hadoop-hdds-server-scm-0.5.0-SNAPSHOT-tests.jar:/home/user/.m2/repository/org/apache/hadoop/hadoop-hdds-container-service/0.5.0-SNAPSHOT/hadoop-hdds-container-service-0.5.0-SNAPSHOT-tests.jar:/home/user/.m2/repository/org/yaml/snakeyaml/1.16/snakeyaml-1.16.jar:/home/user/.m2/repository/org/apache/hadoop/hadoop-common/3.2.0/hadoop-common-3.2.0-tests.jar:/home/user/.m2/repository/org/apache/hadoop/hadoop-annotations/3.2.0/hadoop-annotations-3.2.0.jar:/usr/lib/jvm/java-1.8-openjdk/jre/../lib/tools.jar:/home/user/.m2/repository/commons-cli/commons-cli/1.2/commons-cli-1.2.jar:/home/user/.m2/repository/org/apache/httpcomponents/httpclient/4.5.2/httpclient-4.5.2.jar:/home/user/.m2/repository/org/apache/httpcomponents/httpcore/4.4.4/httpcore-4.4.4.jar:/home/user/.m2/repository/commons-codec/commons-codec/1.11/commons-codec-1.11.jar:/home/user/.m2/repository/commons-net/commons-net/3.6/commons-net-3.6.jar:/home/user/.m2/repository/commons-collections/commons-collections/3.2.2/commons-collections-3.2.2.jar:/home/user/.m2/repository/org/eclipse/jetty/jetty-servlet/9.3.25.v20180904/jetty-servlet-9.3.25.v20180904.jar:/home/user/.m2/repository/org/eclipse/jetty/jetty-security/9.3.25.v20180904/jetty-security-9.3.25.v20180904.jar:/home/user/.m2/repository/javax/servlet/jsp/jsp-api/2.1/jsp-api-2.1.jar:/home/user/.m2/repository/com/sun/jersey/jersey-servlet/1.19/jersey-servlet-1.19.jar:/home/user/.m2/repository/com/sun/jersey/jersey-json/1.19/jersey-json-1.19.jar:/home/user/.m2/repository/org/codehaus/jettison/jettison/1.1/jettison-1.1.jar:/home/user/.m2/repository/org/codehaus/jackson/jackson-core-asl/1.9.13/jackson-core-asl-1.9.13.jar:/home/user/.m2/repository/org/codehaus/jackson/jackson-mapper-asl/1.9.13/jackson-mapper-asl-1.9.13.jar:/home/user/.m2/repository/org/codehaus/jackson/jackson-jaxrs/1.9.13/jackson-jaxrs-1.9.13.jar:/home/user/.m2/repository/org/codehaus/jackson/jackson-xc/1.9.13/jackson-xc-1.9.13.jar:/home/user/.m2/repository/commons-logging/commons-logging/1.1.3/commons-logging-1.1.3.jar:/home/user/.m2/repository/commons-beanutils/commons-beanutils/1.9.4/commons-beanutils-1.9.4.jar:/home/user/.m2/repository/org/apache/commons/commons-configuration2/2.1.1/commons-configuration2-2.1.1.jar:/home/user/.m2/repository/org/apache/commons/commons-lang3/3.7/commons-lang3-3.7.jar:/home/user/.m2/repository/org/apache/commons/commons-text/1.4/commons-text-1.4.jar:/home/user/.m2/repository/org/apache/avro/avro/1.7.7/avro-1.7.7.jar:/home/user/.m2/repository/com/thoughtworks/paranamer/paranamer/2.3/paranamer-2.3.jar:/home/user/.m2/repository/org/xerial/snappy/snappy-java/1.0.5/snappy-java-1.0.5.jar:/home/user/.m2/repository/com/google/re2j/re2j/1.1/re2j-1.1.jar:/home/user/.m2/repository/com/google/code/gson/gson/2.2.4/gson-2.2.4.jar:/home/user/.m2/repository/com/jcraft/jsch/0.1.54/jsch-0.1.54.jar:/home/user/.m2/repository/org/apache/curator/curator-client/2.12.0/curator-client-2.12.0.jar:/home/user/.m2/repository/org/apache/curator/curator-recipes/2.12.0/curator-recipes-2.12.0.jar:/home/user/.m2/repository/com/google/code/findbugs/jsr305/3.0.0/jsr305-3.0.0.jar:/home/user/.m2/repository/org/apache/htrace/htrace-core4/4.1.0-incubating/htrace-core4-4.1.0-incubating.jar:/home/user/.m2/repository/org/apache/zookeeper/zookeeper/3.4.13/zookeeper-3.4.13.jar:/home/user/.m2/repository/jline/jline/0.9.94/jline-0.9.94.jar:/home/user/.m2/repository/org/apache/yetus/audience-annotations/0.5.0/audience-annotations-0.5.0.jar:/home/user/.m2/repository/org/codehaus/woodstox/stax2-api/3.1.4/stax2-api-3.1.4.jar:/home/user/.m2/repository/com/fasterxml/woodstox/woodstox-core/5.0.3/woodstox-core-5.0.3.jar:/home/user/.m2/repository/dnsjava/dnsjava/2.1.7/dnsjava-2.1.7.jar:/home/user/.m2/repository/org/apache/hadoop/hadoop-hdfs/3.2.0/hadoop-hdfs-3.2.0-tests.jar:/home/user/.m2/repository/org/eclipse/jetty/jetty-util-ajax/9.3.25.v20180904/jetty-util-ajax-9.3.25.v20180904.jar:/home/user/.m2/repository/commons-daemon/commons-daemon/1.0.13/commons-daemon-1.0.13.jar:/home/user/.m2/repository/io/netty/netty/3.10.5.Final/netty-3.10.5.Final.jar:/home/user/.m2/repository/io/netty/netty-all/4.0.52.Final/netty-all-4.0.52.Final.jar:/home/user/.m2/repository/org/fusesource/leveldbjni/leveldbjni-all/1.8/leveldbjni-all-1.8.jar:"/>
    <property name="java.vm.vendor" value="IcedTea"/>
    <property name="sun.arch.data.model" value="64"/>
    <property name="test.build.dir" value="/workdir/hadoop-ozone/integration-test/target/test-dir"/>
    <property name="test.cache.data" value=""/>
    <property name="java.vendor.url" value="https://icedtea.classpath.org"/>
    <property name="user.timezone" value=""/>
    <property name="java.vm.specification.version" value="1.8"/>
    <property name="os.name" value="Linux"/>
    <property name="test.build.data" value="/workdir/hadoop-ozone/integration-test/target/test-dir"/>
    <property name="user.country" value="US"/>
    <property name="sun.java.launcher" value="SUN_STANDARD"/>
    <property name="sun.boot.library.path" value="/usr/lib/jvm/java-1.8-openjdk/jre/lib/amd64"/>
    <property name="sun.java.command" value="/workdir/hadoop-ozone/integration-test/target/surefire/surefirebooter8498818043521568388.jar /workdir/hadoop-ozone/integration-test/target/surefire 2019-10-08T02-54-32_702-jvmRun1 surefire6147250699164146127tmp surefire_767065670676177833714tmp"/>
    <property name="test" value="!TestMiniChaosOzoneCluster"/>
    <property name="surefire.test.class.path" value="/workdir/hadoop-ozone/integration-test/target/test-classes:/workdir/hadoop-ozone/integration-test/target/classes:/home/user/.m2/repository/org/apache/hadoop/hadoop-ozone-common/0.5.0-SNAPSHOT/hadoop-ozone-common-0.5.0-SNAPSHOT.jar:/home/user/.m2/repository/org/apache/commons/commons-compress/1.4.1/commons-compress-1.4.1.jar:/home/user/.m2/repository/org/tukaani/xz/1.0/xz-1.0.jar:/home/user/.m2/repository/org/apache/hadoop/hadoop-common/3.2.0/hadoop-common-3.2.0.jar:/home/user/.m2/repository/org/apache/hadoop/hadoop-hdfs/3.2.0/hadoop-hdfs-3.2.0.jar:/home/user/.m2/repository/org/apache/hadoop/hadoop-hdfs-client/3.2.0/hadoop-hdfs-client-3.2.0.jar:/home/user/.m2/repository/com/fasterxml/jackson/core/jackson-annotations/2.9.9/jackson-annotations-2.9.9.jar:/home/user/.m2/repository/org/apache/hadoop/hadoop-hdds-common/0.5.0-SNAPSHOT/hadoop-hdds-common-0.5.0-SNAPSHOT.jar:/home/user/.m2/repository/javax/annotation/javax.annotation-api/1.2/javax.annotation-api-1.2.jar:/home/user/.m2/repository/org/apache/ratis/ratis-server/0.5.0-201fc85-SNAPSHOT/ratis-server-0.5.0-201fc85-SNAPSHOT.jar:/home/user/.m2/repository/org/apache/ratis/ratis-thirdparty-misc/0.2.0/ratis-thirdparty-misc-0.2.0.jar:/home/user/.m2/repository/org/apache/ratis/ratis-proto/0.5.0-201fc85-SNAPSHOT/ratis-proto-0.5.0-201fc85-SNAPSHOT.jar:/home/user/.m2/repository/org/apache/ratis/ratis-common/0.5.0-201fc85-SNAPSHOT/ratis-common-0.5.0-201fc85-SNAPSHOT.jar:/home/user/.m2/repository/org/apache/ratis/ratis-client/0.5.0-201fc85-SNAPSHOT/ratis-client-0.5.0-201fc85-SNAPSHOT.jar:/home/user/.m2/repository/org/apache/ratis/ratis-metrics/0.5.0-201fc85-SNAPSHOT/ratis-metrics-0.5.0-201fc85-SNAPSHOT.jar:/home/user/.m2/repository/com/github/joshelser/dropwizard-metrics-hadoop-metrics2-reporter/0.1.2/dropwizard-metrics-hadoop-metrics2-reporter-0.1.2.jar:/home/user/.m2/repository/io/dropwizard/metrics/metrics-jvm/3.2.5/metrics-jvm-3.2.5.jar:/home/user/.m2/repository/io/dropwizard/metrics/metrics-ganglia/3.2.5/metrics-ganglia-3.2.5.jar:/home/user/.m2/repository/info/ganglia/gmetric4j/gmetric4j/1.0.7/gmetric4j-1.0.7.jar:/home/user/.m2/repository/org/apache/ratis/ratis-netty/0.5.0-201fc85-SNAPSHOT/ratis-netty-0.5.0-201fc85-SNAPSHOT.jar:/home/user/.m2/repository/org/apache/ratis/ratis-grpc/0.5.0-201fc85-SNAPSHOT/ratis-grpc-0.5.0-201fc85-SNAPSHOT.jar:/home/user/.m2/repository/org/rocksdb/rocksdbjni/6.0.1/rocksdbjni-6.0.1.jar:/home/user/.m2/repository/org/apache/logging/log4j/log4j-api/2.11.0/log4j-api-2.11.0.jar:/home/user/.m2/repository/org/apache/logging/log4j/log4j-core/2.11.0/log4j-core-2.11.0.jar:/home/user/.m2/repository/com/lmax/disruptor/3.4.2/disruptor-3.4.2.jar:/home/user/.m2/repository/org/apache/commons/commons-pool2/2.6.0/commons-pool2-2.6.0.jar:/home/user/.m2/repository/org/bouncycastle/bcpkix-jdk15on/1.60/bcpkix-jdk15on-1.60.jar:/home/user/.m2/repository/commons-validator/commons-validator/1.6/commons-validator-1.6.jar:/home/user/.m2/repository/commons-digester/commons-digester/1.8.1/commons-digester-1.8.1.jar:/home/user/.m2/repository/io/jaegertracing/jaeger-client/0.34.0/jaeger-client-0.34.0.jar:/home/user/.m2/repository/io/jaegertracing/jaeger-thrift/0.34.0/jaeger-thrift-0.34.0.jar:/home/user/.m2/repository/org/apache/thrift/libthrift/0.12.0/libthrift-0.12.0.jar:/home/user/.m2/repository/com/squareup/okhttp3/okhttp/3.9.0/okhttp-3.9.0.jar:/home/user/.m2/repository/com/squareup/okio/okio/1.13.0/okio-1.13.0.jar:/home/user/.m2/repository/io/jaegertracing/jaeger-core/0.34.0/jaeger-core-0.34.0.jar:/home/user/.m2/repository/io/jaegertracing/jaeger-tracerresolver/0.34.0/jaeger-tracerresolver-0.34.0.jar:/home/user/.m2/repository/io/opentracing/contrib/opentracing-tracerresolver/0.1.5/opentracing-tracerresolver-0.1.5.jar:/home/user/.m2/repository/io/opentracing/opentracing-util/0.31.0/opentracing-util-0.31.0.jar:/home/user/.m2/repository/io/opentracing/opentracing-api/0.31.0/opentracing-api-0.31.0.jar:/home/user/.m2/repository/io/opentracing/opentracing-noop/0.31.0/opentracing-noop-0.31.0.jar:/home/user/.m2/repository/org/apache/hadoop/hadoop-hdds-server-framework/0.5.0-SNAPSHOT/hadoop-hdds-server-framework-0.5.0-SNAPSHOT.jar:/home/user/.m2/repository/org/apache/hadoop/hadoop-hdds-container-service/0.5.0-SNAPSHOT/hadoop-hdds-container-service-0.5.0-SNAPSHOT.jar:/home/user/.m2/repository/org/apache/hadoop/hadoop-hdds-client/0.5.0-SNAPSHOT/hadoop-hdds-client-0.5.0-SNAPSHOT.jar:/home/user/.m2/repository/org/apache/hadoop/hadoop-hdds-tools/0.5.0-SNAPSHOT/hadoop-hdds-tools-0.5.0-SNAPSHOT.jar:/home/user/.m2/repository/org/apache/hadoop/hadoop-hdds-server-scm/0.5.0-SNAPSHOT/hadoop-hdds-server-scm-0.5.0-SNAPSHOT.jar:/home/user/.m2/repository/org/apache/hadoop/hadoop-hdds-docs/0.5.0-SNAPSHOT/hadoop-hdds-docs-0.5.0-SNAPSHOT.jar:/home/user/.m2/repository/io/dropwizard/metrics/metrics-core/3.2.4/metrics-core-3.2.4.jar:/home/user/.m2/repository/org/hamcrest/hamcrest-all/1.3/hamcrest-all-1.3.jar:/home/user/.m2/repository/org/bouncycastle/bcprov-jdk15on/1.60/bcprov-jdk15on-1.60.jar:/home/user/.m2/repository/info/picocli/picocli/3.9.6/picocli-3.9.6.jar:/home/user/.m2/repository/com/google/protobuf/protobuf-java/2.5.0/protobuf-java-2.5.0.jar:/home/user/.m2/repository/com/google/guava/guava/11.0.2/guava-11.0.2.jar:/home/user/.m2/repository/org/apache/hadoop/hadoop-ozone-ozone-manager/0.5.0-SNAPSHOT/hadoop-ozone-ozone-manager-0.5.0-SNAPSHOT.jar:/home/user/.m2/repository/org/apache/hadoop/hadoop-minikdc/3.2.0/hadoop-minikdc-3.2.0.jar:/home/user/.m2/repository/commons-io/commons-io/2.5/commons-io-2.5.jar:/home/user/.m2/repository/org/apache/kerby/kerb-simplekdc/1.0.1/kerb-simplekdc-1.0.1.jar:/home/user/.m2/repository/org/apache/kerby/kerb-client/1.0.1/kerb-client-1.0.1.jar:/home/user/.m2/repository/org/apache/kerby/kerby-config/1.0.1/kerby-config-1.0.1.jar:/home/user/.m2/repository/org/apache/kerby/kerb-core/1.0.1/kerb-core-1.0.1.jar:/home/user/.m2/repository/org/apache/kerby/kerby-pkix/1.0.1/kerby-pkix-1.0.1.jar:/home/user/.m2/repository/org/apache/kerby/kerby-asn1/1.0.1/kerby-asn1-1.0.1.jar:/home/user/.m2/repository/org/apache/kerby/kerby-util/1.0.1/kerby-util-1.0.1.jar:/home/user/.m2/repository/org/apache/kerby/kerb-common/1.0.1/kerb-common-1.0.1.jar:/home/user/.m2/repository/org/apache/kerby/kerb-crypto/1.0.1/kerb-crypto-1.0.1.jar:/home/user/.m2/repository/org/apache/kerby/kerb-util/1.0.1/kerb-util-1.0.1.jar:/home/user/.m2/repository/org/apache/kerby/token-provider/1.0.1/token-provider-1.0.1.jar:/home/user/.m2/repository/org/apache/kerby/kerb-admin/1.0.1/kerb-admin-1.0.1.jar:/home/user/.m2/repository/org/apache/kerby/kerb-server/1.0.1/kerb-server-1.0.1.jar:/home/user/.m2/repository/org/apache/kerby/kerb-identity/1.0.1/kerb-identity-1.0.1.jar:/home/user/.m2/repository/org/apache/kerby/kerby-xdr/1.0.1/kerby-xdr-1.0.1.jar:/home/user/.m2/repository/org/slf4j/slf4j-log4j12/1.7.25/slf4j-log4j12-1.7.25.jar:/home/user/.m2/repository/org/apache/hadoop/hadoop-ozone-s3gateway/0.5.0-SNAPSHOT/hadoop-ozone-s3gateway-0.5.0-SNAPSHOT.jar:/home/user/.m2/repository/org/jboss/weld/servlet/weld-servlet/2.4.7.Final/weld-servlet-2.4.7.Final.jar:/home/user/.m2/repository/org/glassfish/jersey/containers/jersey-container-servlet-core/2.27/jersey-container-servlet-core-2.27.jar:/home/user/.m2/repository/org/glassfish/hk2/external/javax.inject/2.5.0-b42/javax.inject-2.5.0-b42.jar:/home/user/.m2/repository/org/glassfish/jersey/core/jersey-common/2.27/jersey-common-2.27.jar:/home/user/.m2/repository/org/glassfish/hk2/osgi-resource-locator/1.0.1/osgi-resource-locator-1.0.1.jar:/home/user/.m2/repository/javax/ws/rs/javax.ws.rs-api/2.1/javax.ws.rs-api-2.1.jar:/home/user/.m2/repository/org/glassfish/jersey/ext/cdi/jersey-cdi1x/2.27/jersey-cdi1x-2.27.jar:/home/user/.m2/repository/org/glassfish/jersey/inject/jersey-hk2/2.27/jersey-hk2-2.27.jar:/home/user/.m2/repository/org/glassfish/hk2/hk2-locator/2.5.0-b42/hk2-locator-2.5.0-b42.jar:/home/user/.m2/repository/org/javassist/javassist/3.22.0-CR2/javassist-3.22.0-CR2.jar:/home/user/.m2/repository/org/glassfish/hk2/hk2-api/2.5.0/hk2-api-2.5.0.jar:/home/user/.m2/repository/org/glassfish/hk2/external/jakarta.inject/2.5.0/jakarta.inject-2.5.0.jar:/home/user/.m2/repository/org/glassfish/hk2/hk2-utils/2.5.0/hk2-utils-2.5.0.jar:/home/user/.m2/repository/jakarta/annotation/jakarta.annotation-api/1.3.4/jakarta.annotation-api-1.3.4.jar:/home/user/.m2/repository/org/glassfish/hk2/external/aopalliance-repackaged/2.5.0/aopalliance-repackaged-2.5.0.jar:/home/user/.m2/repository/com/fasterxml/jackson/dataformat/jackson-dataformat-xml/2.9.0/jackson-dataformat-xml-2.9.0.jar:/home/user/.m2/repository/com/fasterxml/jackson/core/jackson-core/2.9.9/jackson-core-2.9.9.jar:/home/user/.m2/repository/com/fasterxml/jackson/module/jackson-module-jaxb-annotations/2.9.9/jackson-module-jaxb-annotations-2.9.9.jar:/home/user/.m2/repository/javax/enterprise/cdi-api/1.2/cdi-api-1.2.jar:/home/user/.m2/repository/javax/el/javax.el-api/3.0.0/javax.el-api-3.0.0.jar:/home/user/.m2/repository/javax/interceptor/javax.interceptor-api/1.2/javax.interceptor-api-1.2.jar:/home/user/.m2/repository/javax/inject/javax.inject/1/javax.inject-1.jar:/home/user/.m2/repository/com/sun/xml/bind/jaxb-impl/2.3.0.1/jaxb-impl-2.3.0.1.jar:/home/user/.m2/repository/com/sun/xml/bind/jaxb-core/2.3.0.1/jaxb-core-2.3.0.1.jar:/home/user/.m2/repository/javax/xml/bind/jaxb-api/2.3.0/jaxb-api-2.3.0.jar:/home/user/.m2/repository/javax/activation/activation/1.1.1/activation-1.1.1.jar:/home/user/.m2/repository/org/apache/hadoop/hadoop-ozone-csi/0.5.0-SNAPSHOT/hadoop-ozone-csi-0.5.0-SNAPSHOT.jar:/home/user/.m2/repository/com/google/protobuf/protobuf-java-util/3.5.1/protobuf-java-util-3.5.1.jar:/home/user/.m2/repository/org/apache/hadoop/hadoop-hdds-config/0.5.0-SNAPSHOT/hadoop-hdds-config-0.5.0-SNAPSHOT.jar:/home/user/.m2/repository/io/grpc/grpc-netty/1.17.1/grpc-netty-1.17.1.jar:/home/user/.m2/repository/io/grpc/grpc-core/1.17.1/grpc-core-1.17.1.jar:/home/user/.m2/repository/io/grpc/grpc-context/1.17.1/grpc-context-1.17.1.jar:/home/user/.m2/repository/com/google/errorprone/error_prone_annotations/2.2.0/error_prone_annotations-2.2.0.jar:/home/user/.m2/repository/org/codehaus/mojo/animal-sniffer-annotations/1.17/animal-sniffer-annotations-1.17.jar:/home/user/.m2/repository/io/opencensus/opencensus-api/0.17.0/opencensus-api-0.17.0.jar:/home/user/.m2/repository/io/opencensus/opencensus-contrib-grpc-metrics/0.17.0/opencensus-contrib-grpc-metrics-0.17.0.jar:/home/user/.m2/repository/io/netty/netty-codec-http2/4.1.30.Final/netty-codec-http2-4.1.30.Final.jar:/home/user/.m2/repository/io/netty/netty-codec-http/4.1.30.Final/netty-codec-http-4.1.30.Final.jar:/home/user/.m2/repository/io/netty/netty-codec/4.1.30.Final/netty-codec-4.1.30.Final.jar:/home/user/.m2/repository/io/netty/netty-handler/4.1.30.Final/netty-handler-4.1.30.Final.jar:/home/user/.m2/repository/io/netty/netty-handler-proxy/4.1.30.Final/netty-handler-proxy-4.1.30.Final.jar:/home/user/.m2/repository/io/netty/netty-codec-socks/4.1.30.Final/netty-codec-socks-4.1.30.Final.jar:/home/user/.m2/repository/io/netty/netty-transport-native-epoll/4.1.30.Final/netty-transport-native-epoll-4.1.30.Final.jar:/home/user/.m2/repository/io/netty/netty-common/4.1.30.Final/netty-common-4.1.30.Final.jar:/home/user/.m2/repository/io/netty/netty-buffer/4.1.30.Final/netty-buffer-4.1.30.Final.jar:/home/user/.m2/repository/io/netty/netty-transport/4.1.30.Final/netty-transport-4.1.30.Final.jar:/home/user/.m2/repository/io/netty/netty-resolver/4.1.30.Final/netty-resolver-4.1.30.Final.jar:/home/user/.m2/repository/io/netty/netty-transport-native-unix-common/4.1.30.Final/netty-transport-native-unix-common-4.1.30.Final.jar:/home/user/.m2/repository/io/grpc/grpc-protobuf/1.17.1/grpc-protobuf-1.17.1.jar:/home/user/.m2/repository/com/google/api/grpc/proto-google-common-protos/1.0.0/proto-google-common-protos-1.0.0.jar:/home/user/.m2/repository/io/grpc/grpc-protobuf-lite/1.17.1/grpc-protobuf-lite-1.17.1.jar:/home/user/.m2/repository/io/grpc/grpc-stub/1.17.1/grpc-stub-1.17.1.jar:/home/user/.m2/repository/org/apache/hadoop/hadoop-ozone-recon/0.5.0-SNAPSHOT/hadoop-ozone-recon-0.5.0-SNAPSHOT.jar:/home/user/.m2/repository/org/apache/hadoop/hadoop-ozone-reconcodegen/0.5.0-SNAPSHOT/hadoop-ozone-reconcodegen-0.5.0-SNAPSHOT.jar:/home/user/.m2/repository/com/google/inject/extensions/guice-multibindings/4.0/guice-multibindings-4.0.jar:/home/user/.m2/repository/com/google/inject/guice/4.0/guice-4.0.jar:/home/user/.m2/repository/aopalliance/aopalliance/1.0/aopalliance-1.0.jar:/home/user/.m2/repository/com/google/inject/extensions/guice-servlet/4.0/guice-servlet-4.0.jar:/home/user/.m2/repository/org/glassfish/jersey/containers/jersey-container-servlet/2.27/jersey-container-servlet-2.27.jar:/home/user/.m2/repository/org/glassfish/hk2/guice-bridge/2.5.0/guice-bridge-2.5.0.jar:/home/user/.m2/repository/org/glassfish/jersey/core/jersey-server/2.27/jersey-server-2.27.jar:/home/user/.m2/repository/org/glassfish/jersey/core/jersey-client/2.27/jersey-client-2.27.jar:/home/user/.m2/repository/org/glassfish/jersey/media/jersey-media-jaxb/2.27/jersey-media-jaxb-2.27.jar:/home/user/.m2/repository/javax/validation/validation-api/1.1.0.Final/validation-api-1.1.0.Final.jar:/home/user/.m2/repository/org/glassfish/jersey/media/jersey-media-json-jackson/2.27/jersey-media-json-jackson-2.27.jar:/home/user/.m2/repository/org/glassfish/jersey/ext/jersey-entity-filtering/2.27/jersey-entity-filtering-2.27.jar:/home/user/.m2/repository/com/google/inject/extensions/guice-assistedinject/4.0/guice-assistedinject-4.0.jar:/home/user/.m2/repository/org/jooq/jooq/3.11.10/jooq-3.11.10.jar:/home/user/.m2/repository/org/jooq/jooq-meta/3.11.10/jooq-meta-3.11.10.jar:/home/user/.m2/repository/org/jooq/jooq-codegen/3.11.10/jooq-codegen-3.11.10.jar:/home/user/.m2/repository/com/jolbox/bonecp/0.8.0.RELEASE/bonecp-0.8.0.RELEASE.jar:/home/user/.m2/repository/org/xerial/sqlite-jdbc/3.25.2/sqlite-jdbc-3.25.2.jar:/home/user/.m2/repository/org/springframework/spring-jdbc/5.1.3.RELEASE/spring-jdbc-5.1.3.RELEASE.jar:/home/user/.m2/repository/org/springframework/spring-beans/5.1.3.RELEASE/spring-beans-5.1.3.RELEASE.jar:/home/user/.m2/repository/org/springframework/spring-core/5.1.3.RELEASE/spring-core-5.1.3.RELEASE.jar:/home/user/.m2/repository/org/springframework/spring-jcl/5.1.3.RELEASE/spring-jcl-5.1.3.RELEASE.jar:/home/user/.m2/repository/org/springframework/spring-tx/5.1.3.RELEASE/spring-tx-5.1.3.RELEASE.jar:/home/user/.m2/repository/org/apache/hadoop/hadoop-ozone-client/0.5.0-SNAPSHOT/hadoop-ozone-client-0.5.0-SNAPSHOT.jar:/home/user/.m2/repository/commons-lang/commons-lang/2.6/commons-lang-2.6.jar:/home/user/.m2/repository/org/apache/hadoop/hadoop-ozone-ozone-manager/0.5.0-SNAPSHOT/hadoop-ozone-ozone-manager-0.5.0-SNAPSHOT-tests.jar:/home/user/.m2/repository/junit/junit/4.11/junit-4.11.jar:/home/user/.m2/repository/org/hamcrest/hamcrest-core/1.3/hamcrest-core-1.3.jar:/home/user/.m2/repository/org/openjdk/jmh/jmh-core/1.19/jmh-core-1.19.jar:/home/user/.m2/repository/net/sf/jopt-simple/jopt-simple/4.6/jopt-simple-4.6.jar:/home/user/.m2/repository/org/apache/commons/commons-math3/3.1.1/commons-math3-3.1.1.jar:/home/user/.m2/repository/org/openjdk/jmh/jmh-generator-annprocess/1.19/jmh-generator-annprocess-1.19.jar:/home/user/.m2/repository/org/mockito/mockito-all/1.8.5/mockito-all-1.8.5.jar:/home/user/.m2/repository/org/apache/hadoop/hadoop-kms/3.2.0/hadoop-kms-3.2.0.jar:/home/user/.m2/repository/org/apache/hadoop/hadoop-auth/3.2.0/hadoop-auth-3.2.0.jar:/home/user/.m2/repository/com/nimbusds/nimbus-jose-jwt/4.41.1/nimbus-jose-jwt-4.41.1.jar:/home/user/.m2/repository/com/github/stephenc/jcip/jcip-annotations/1.0-1/jcip-annotations-1.0-1.jar:/home/user/.m2/repository/net/minidev/json-smart/2.3/json-smart-2.3.jar:/home/user/.m2/repository/net/minidev/accessors-smart/1.2/accessors-smart-1.2.jar:/home/user/.m2/repository/org/ow2/asm/asm/5.0.4/asm-5.0.4.jar:/home/user/.m2/repository/org/apache/curator/curator-framework/2.12.0/curator-framework-2.12.0.jar:/home/user/.m2/repository/com/sun/jersey/jersey-core/1.19/jersey-core-1.19.jar:/home/user/.m2/repository/javax/ws/rs/jsr311-api/1.1.1/jsr311-api-1.1.1.jar:/home/user/.m2/repository/com/sun/jersey/jersey-server/1.19/jersey-server-1.19.jar:/home/user/.m2/repository/javax/servlet/javax.servlet-api/3.1.0/javax.servlet-api-3.1.0.jar:/home/user/.m2/repository/org/eclipse/jetty/jetty-server/9.3.25.v20180904/jetty-server-9.3.25.v20180904.jar:/home/user/.m2/repository/org/eclipse/jetty/jetty-http/9.3.25.v20180904/jetty-http-9.3.25.v20180904.jar:/home/user/.m2/repository/org/eclipse/jetty/jetty-io/9.3.25.v20180904/jetty-io-9.3.25.v20180904.jar:/home/user/.m2/repository/org/eclipse/jetty/jetty-webapp/9.3.25.v20180904/jetty-webapp-9.3.25.v20180904.jar:/home/user/.m2/repository/org/eclipse/jetty/jetty-xml/9.3.25.v20180904/jetty-xml-9.3.25.v20180904.jar:/home/user/.m2/repository/log4j/log4j/1.2.17/log4j-1.2.17.jar:/home/user/.m2/repository/org/slf4j/slf4j-api/1.7.25/slf4j-api-1.7.25.jar:/home/user/.m2/repository/org/slf4j/jul-to-slf4j/1.7.25/jul-to-slf4j-1.7.25.jar:/home/user/.m2/repository/org/eclipse/jetty/jetty-util/9.3.25.v20180904/jetty-util-9.3.25.v20180904.jar:/home/user/.m2/repository/com/fasterxml/jackson/core/jackson-databind/2.9.9/jackson-databind-2.9.9.jar:/home/user/.m2/repository/org/apache/hadoop/hadoop-kms/3.2.0/hadoop-kms-3.2.0-tests.jar:/home/user/.m2/repository/org/apache/hadoop/hadoop-hdds-server-scm/0.5.0-SNAPSHOT/hadoop-hdds-server-scm-0.5.0-SNAPSHOT-tests.jar:/home/user/.m2/repository/org/apache/hadoop/hadoop-hdds-container-service/0.5.0-SNAPSHOT/hadoop-hdds-container-service-0.5.0-SNAPSHOT-tests.jar:/home/user/.m2/repository/org/yaml/snakeyaml/1.16/snakeyaml-1.16.jar:/home/user/.m2/repository/org/apache/hadoop/hadoop-common/3.2.0/hadoop-common-3.2.0-tests.jar:/home/user/.m2/repository/org/apache/hadoop/hadoop-annotations/3.2.0/hadoop-annotations-3.2.0.jar:/usr/lib/jvm/java-1.8-openjdk/jre/../lib/tools.jar:/home/user/.m2/repository/commons-cli/commons-cli/1.2/commons-cli-1.2.jar:/home/user/.m2/repository/org/apache/httpcomponents/httpclient/4.5.2/httpclient-4.5.2.jar:/home/user/.m2/repository/org/apache/httpcomponents/httpcore/4.4.4/httpcore-4.4.4.jar:/home/user/.m2/repository/commons-codec/commons-codec/1.11/commons-codec-1.11.jar:/home/user/.m2/repository/commons-net/commons-net/3.6/commons-net-3.6.jar:/home/user/.m2/repository/commons-collections/commons-collections/3.2.2/commons-collections-3.2.2.jar:/home/user/.m2/repository/org/eclipse/jetty/jetty-servlet/9.3.25.v20180904/jetty-servlet-9.3.25.v20180904.jar:/home/user/.m2/repository/org/eclipse/jetty/jetty-security/9.3.25.v20180904/jetty-security-9.3.25.v20180904.jar:/home/user/.m2/repository/javax/servlet/jsp/jsp-api/2.1/jsp-api-2.1.jar:/home/user/.m2/repository/com/sun/jersey/jersey-servlet/1.19/jersey-servlet-1.19.jar:/home/user/.m2/repository/com/sun/jersey/jersey-json/1.19/jersey-json-1.19.jar:/home/user/.m2/repository/org/codehaus/jettison/jettison/1.1/jettison-1.1.jar:/home/user/.m2/repository/org/codehaus/jackson/jackson-core-asl/1.9.13/jackson-core-asl-1.9.13.jar:/home/user/.m2/repository/org/codehaus/jackson/jackson-mapper-asl/1.9.13/jackson-mapper-asl-1.9.13.jar:/home/user/.m2/repository/org/codehaus/jackson/jackson-jaxrs/1.9.13/jackson-jaxrs-1.9.13.jar:/home/user/.m2/repository/org/codehaus/jackson/jackson-xc/1.9.13/jackson-xc-1.9.13.jar:/home/user/.m2/repository/commons-logging/commons-logging/1.1.3/commons-logging-1.1.3.jar:/home/user/.m2/repository/commons-beanutils/commons-beanutils/1.9.4/commons-beanutils-1.9.4.jar:/home/user/.m2/repository/org/apache/commons/commons-configuration2/2.1.1/commons-configuration2-2.1.1.jar:/home/user/.m2/repository/org/apache/commons/commons-lang3/3.7/commons-lang3-3.7.jar:/home/user/.m2/repository/org/apache/commons/commons-text/1.4/commons-text-1.4.jar:/home/user/.m2/repository/org/apache/avro/avro/1.7.7/avro-1.7.7.jar:/home/user/.m2/repository/com/thoughtworks/paranamer/paranamer/2.3/paranamer-2.3.jar:/home/user/.m2/repository/org/xerial/snappy/snappy-java/1.0.5/snappy-java-1.0.5.jar:/home/user/.m2/repository/com/google/re2j/re2j/1.1/re2j-1.1.jar:/home/user/.m2/repository/com/google/code/gson/gson/2.2.4/gson-2.2.4.jar:/home/user/.m2/repository/com/jcraft/jsch/0.1.54/jsch-0.1.54.jar:/home/user/.m2/repository/org/apache/curator/curator-client/2.12.0/curator-client-2.12.0.jar:/home/user/.m2/repository/org/apache/curator/curator-recipes/2.12.0/curator-recipes-2.12.0.jar:/home/user/.m2/repository/com/google/code/findbugs/jsr305/3.0.0/jsr305-3.0.0.jar:/home/user/.m2/repository/org/apache/htrace/htrace-core4/4.1.0-incubating/htrace-core4-4.1.0-incubating.jar:/home/user/.m2/repository/org/apache/zookeeper/zookeeper/3.4.13/zookeeper-3.4.13.jar:/home/user/.m2/repository/jline/jline/0.9.94/jline-0.9.94.jar:/home/user/.m2/repository/org/apache/yetus/audience-annotations/0.5.0/audience-annotations-0.5.0.jar:/home/user/.m2/repository/org/codehaus/woodstox/stax2-api/3.1.4/stax2-api-3.1.4.jar:/home/user/.m2/repository/com/fasterxml/woodstox/woodstox-core/5.0.3/woodstox-core-5.0.3.jar:/home/user/.m2/repository/dnsjava/dnsjava/2.1.7/dnsjava-2.1.7.jar:/home/user/.m2/repository/org/apache/hadoop/hadoop-hdfs/3.2.0/hadoop-hdfs-3.2.0-tests.jar:/home/user/.m2/repository/org/eclipse/jetty/jetty-util-ajax/9.3.25.v20180904/jetty-util-ajax-9.3.25.v20180904.jar:/home/user/.m2/repository/commons-daemon/commons-daemon/1.0.13/commons-daemon-1.0.13.jar:/home/user/.m2/repository/io/netty/netty/3.10.5.Final/netty-3.10.5.Final.jar:/home/user/.m2/repository/io/netty/netty-all/4.0.52.Final/netty-all-4.0.52.Final.jar:/home/user/.m2/repository/org/fusesource/leveldbjni/leveldbjni-all/1.8/leveldbjni-all-1.8.jar:"/>
    <property name="sun.cpu.endian" value="little"/>
    <property name="user.home" value="/home/user"/>
    <property name="user.language" value="en"/>
    <property name="java.specification.vendor" value="Oracle Corporation"/>
    <property name="java.home" value="/usr/lib/jvm/java-1.8-openjdk/jre"/>
    <property name="java.security.krb5.conf" value="/workdir/hadoop-ozone/integration-test/target/test-classes/krb5.conf"/>
    <property name="basedir" value="/workdir/hadoop-ozone/integration-test"/>
    <property name="file.separator" value="/"/>
    <property name="line.separator" value="&#10;"/>
    <property name="java.vm.specification.vendor" value="Oracle Corporation"/>
    <property name="java.specification.name" value="Java Platform API Specification"/>
    <property name="java.awt.graphicsenv" value="sun.awt.X11GraphicsEnvironment"/>
    <property name="surefire.real.class.path" value="/workdir/hadoop-ozone/integration-test/target/surefire/surefirebooter8498818043521568388.jar"/>
    <property name="hadoop.log.dir" value="/workdir/hadoop-ozone/integration-test/target/log"/>
    <property name="sun.boot.class.path" value="/usr/lib/jvm/java-1.8-openjdk/jre/lib/resources.jar:/usr/lib/jvm/java-1.8-openjdk/jre/lib/rt.jar:/usr/lib/jvm/java-1.8-openjdk/jre/lib/sunrsasign.jar:/usr/lib/jvm/java-1.8-openjdk/jre/lib/jsse.jar:/usr/lib/jvm/java-1.8-openjdk/jre/lib/jce.jar:/usr/lib/jvm/java-1.8-openjdk/jre/lib/charsets.jar:/usr/lib/jvm/java-1.8-openjdk/jre/lib/jfr.jar:/usr/lib/jvm/java-1.8-openjdk/jre/classes"/>
    <property name="sun.management.compiler" value="HotSpot 64-Bit Tiered Compilers"/>
    <property name="java.runtime.version" value="1.8.0_212-b04"/>
    <property name="java.net.preferIPv4Stack" value="true"/>
    <property name="user.name" value="jenkins1000"/>
    <property name="path.separator" value=":"/>
    <property name="java.security.egd" value="file:///dev/urandom"/>
    <property name="os.version" value="3.10.0-957.12.2.el7.x86_64"/>
    <property name="java.endorsed.dirs" value="/usr/lib/jvm/java-1.8-openjdk/jre/lib/endorsed"/>
    <property name="java.runtime.name" value="OpenJDK Runtime Environment"/>
    <property name="file.encoding" value="UTF-8"/>
    <property name="java.vm.name" value="OpenJDK 64-Bit Server VM"/>
    <property name="test.build.webapps" value=""/>
    <property name="localRepository" value="/home/user/.m2/repository"/>
    <property name="java.vendor.url.bug" value="https://icedtea.classpath.org/bugzilla"/>
    <property name="java.io.tmpdir" value="/tmp"/>
    <property name="require.test.libhadoop" value=""/>
    <property name="java.version" value="1.8.0_212"/>
    <property name="user.dir" value="/workdir/hadoop-ozone/integration-test"/>
    <property name="os.arch" value="amd64"/>
    <property name="java.vm.specification.name" value="Java Virtual Machine Specification"/>
    <property name="test.build.classes" value="/workdir/hadoop-ozone/integration-test/target/test-classes"/>
    <property name="java.awt.printerjob" value="sun.print.PSPrinterJob"/>
    <property name="sun.os.patch.level" value="unknown"/>
    <property name="hadoop.tmp.dir" value="/workdir/hadoop-ozone/integration-test/target/tmp"/>
    <property name="java.library.path" value="/usr/lib/jvm/java-1.8-openjdk/jre/lib/amd64/server:/usr/lib/jvm/java-1.8-openjdk/jre/lib/amd64:/usr/lib/jvm/java-1.8-openjdk/jre/../lib/amd64:/workdir/hadoop-ozone/integration-test/target/native/target/usr/local/lib:/workdir/hadoop-ozone/integration-test/../../hadoop-common-project/hadoop-common/target/native/target/usr/local/lib:/usr/java/packages/lib/amd64:/usr/lib64:/lib64:/lib:/usr/lib"/>
    <property name="java.vm.info" value="mixed mode"/>
    <property name="java.vendor" value="IcedTea"/>
    <property name="java.vm.version" value="25.212-b04"/>
    <property name="java.ext.dirs" value="/usr/lib/jvm/java-1.8-openjdk/jre/lib/ext:/usr/java/packages/lib/ext"/>
    <property name="sun.io.unicode.encoding" value="UnicodeLittle"/>
    <property name="java.class.version" value="52.0"/>
  </properties>
  <testcase name="testWatchForCommitWithKeyWrite" classname="org.apache.hadoop.ozone.client.rpc.TestWatchForCommit" time="60.417"/>
  <testcase name="testWatchForCommitWithSmallerTimeoutValue" classname="org.apache.hadoop.ozone.client.rpc.TestWatchForCommit" time="43.809"/>
  <testcase name="testWatchForCommitForRetryfailure" classname="org.apache.hadoop.ozone.client.rpc.TestWatchForCommit" time="67.757">
    <failure type="java.lang.AssertionError">java.lang.AssertionError
	at org.junit.Assert.fail(Assert.java:86)
	at org.junit.Assert.assertTrue(Assert.java:41)
	at org.junit.Assert.assertTrue(Assert.java:52)
	at org.apache.hadoop.ozone.client.rpc.TestWatchForCommit.testWatchForCommitForRetryfailure(TestWatchForCommit.java:348)
	at sun.reflect.NativeMethodAccessorImpl.invoke0(Native Method)
	at sun.reflect.NativeMethodAccessorImpl.invoke(NativeMethodAccessorImpl.java:62)
	at sun.reflect.DelegatingMethodAccessorImpl.invoke(DelegatingMethodAccessorImpl.java:43)
	at java.lang.reflect.Method.invoke(Method.java:498)
	at org.junit.runners.model.FrameworkMethod$1.runReflectiveCall(FrameworkMethod.java:47)
	at org.junit.internal.runners.model.ReflectiveCallable.run(ReflectiveCallable.java:12)
	at org.junit.runners.model.FrameworkMethod.invokeExplosively(FrameworkMethod.java:44)
	at org.junit.internal.runners.statements.InvokeMethod.evaluate(InvokeMethod.java:17)
	at org.junit.runners.ParentRunner.runLeaf(ParentRunner.java:271)
	at org.junit.runners.BlockJUnit4ClassRunner.runChild(BlockJUnit4ClassRunner.java:70)
	at org.junit.runners.BlockJUnit4ClassRunner.runChild(BlockJUnit4ClassRunner.java:50)
	at org.junit.runners.ParentRunner$3.run(ParentRunner.java:238)
	at org.junit.runners.ParentRunner$1.schedule(ParentRunner.java:63)
	at org.junit.runners.ParentRunner.runChildren(ParentRunner.java:236)
	at org.junit.runners.ParentRunner.access$000(ParentRunner.java:53)
	at org.junit.runners.ParentRunner$2.evaluate(ParentRunner.java:229)
	at org.junit.runners.ParentRunner.run(ParentRunner.java:309)
	at org.apache.maven.surefire.junit4.JUnit4Provider.execute(JUnit4Provider.java:365)
	at org.apache.maven.surefire.junit4.JUnit4Provider.executeWithRerun(JUnit4Provider.java:273)
	at org.apache.maven.surefire.junit4.JUnit4Provider.executeTestSet(JUnit4Provider.java:238)
	at org.apache.maven.surefire.junit4.JUnit4Provider.invoke(JUnit4Provider.java:159)
	at org.apache.maven.surefire.booter.ForkedBooter.invokeProviderInSameClassLoader(ForkedBooter.java:384)
	at org.apache.maven.surefire.booter.ForkedBooter.runSuitesInProcess(ForkedBooter.java:345)
	at org.apache.maven.surefire.booter.ForkedBooter.execute(ForkedBooter.java:126)
	at org.apache.maven.surefire.booter.ForkedBooter.main(ForkedBooter.java:418)
</failure>
    <system-out><![CDATA[2019-10-08 04:07:11,274 [main] WARN  server.ServerUtils (ServerUtils.java:getScmDbDir(145)) - ozone.scm.db.dirs is not configured. We recommend adding this setting. Falling back to ozone.metadata.dirs instead.
2019-10-08 04:07:11,289 [main] WARN  server.ServerUtils (ServerUtils.java:getScmDbDir(145)) - ozone.scm.db.dirs is not configured. We recommend adding this setting. Falling back to ozone.metadata.dirs instead.
2019-10-08 04:07:11,290 [main] WARN  server.ServerUtils (ServerUtils.java:getScmDbDir(145)) - ozone.scm.db.dirs is not configured. We recommend adding this setting. Falling back to ozone.metadata.dirs instead.
2019-10-08 04:07:11,291 [main] INFO  db.DBStoreBuilder (DBStoreBuilder.java:addTable(117)) - using custom profile for table: deletedBlocks
2019-10-08 04:07:11,291 [main] INFO  db.DBStoreBuilder (DBStoreBuilder.java:processTables(168)) - Using default column profile:DBProfile.DISK for Table:deletedBlocks
2019-10-08 04:07:11,291 [main] INFO  db.DBStoreBuilder (DBStoreBuilder.java:addTable(117)) - using custom profile for table: validCerts
2019-10-08 04:07:11,291 [main] INFO  db.DBStoreBuilder (DBStoreBuilder.java:processTables(168)) - Using default column profile:DBProfile.DISK for Table:validCerts
2019-10-08 04:07:11,292 [main] INFO  db.DBStoreBuilder (DBStoreBuilder.java:addTable(117)) - using custom profile for table: revokedCerts
2019-10-08 04:07:11,292 [main] INFO  db.DBStoreBuilder (DBStoreBuilder.java:processTables(168)) - Using default column profile:DBProfile.DISK for Table:revokedCerts
2019-10-08 04:07:11,293 [main] INFO  db.DBStoreBuilder (DBStoreBuilder.java:addTable(117)) - using custom profile for table: default
2019-10-08 04:07:11,293 [main] INFO  db.DBStoreBuilder (DBStoreBuilder.java:processTables(174)) - Using default column profile:DBProfile.DISK for Table:default
2019-10-08 04:07:11,293 [main] INFO  db.DBStoreBuilder (DBStoreBuilder.java:getDbProfile(205)) - Using default options. DBProfile.DISK
2019-10-08 04:07:11,586 [main] INFO  net.NodeSchemaLoader (NodeSchemaLoader.java:loadSchemaFromFile(125)) - Loading file from sun.misc.CompoundEnumeration@51bddd98
2019-10-08 04:07:11,587 [main] INFO  net.NodeSchemaLoader (NodeSchemaLoader.java:loadSchema(171)) - Loading network topology layer schema file
2019-10-08 04:07:11,593 [main] WARN  server.ServerUtils (ServerUtils.java:sanitizeUserArgs(70)) - ozone.scm.stale.node.interval value = 300000 is larger than max = 100000 based on the key value of ozone.scm.heartbeat.thread.interval, reset to the max value 100000.
2019-10-08 04:07:11,593 [main] WARN  server.ServerUtils (ServerUtils.java:sanitizeUserArgs(70)) - ozone.scm.stale.node.interval value = 300000 is larger than max = 100000 based on the key value of ozone.scm.heartbeat.thread.interval, reset to the max value 100000.
2019-10-08 04:07:11,594 [main] INFO  node.SCMNodeManager (SCMNodeManager.java:<init>(116)) - Entering startup safe mode.
2019-10-08 04:07:11,595 [main] INFO  algorithms.ContainerPlacementPolicyFactory (ContainerPlacementPolicyFactory.java:getPolicy(57)) - Create container placement policy of type org.apache.hadoop.hdds.scm.container.placement.algorithms.SCMContainerPlacementRandom
2019-10-08 04:07:11,596 [main] WARN  server.ServerUtils (ServerUtils.java:getScmDbDir(145)) - ozone.scm.db.dirs is not configured. We recommend adding this setting. Falling back to ozone.metadata.dirs instead.
2019-10-08 04:07:11,691 [main] INFO  pipeline.SCMPipelineManager (SCMPipelineManager.java:initializePipelineState(132)) - No pipeline exists in current db
2019-10-08 04:07:11,691 [main] WARN  server.ServerUtils (ServerUtils.java:getScmDbDir(145)) - ozone.scm.db.dirs is not configured. We recommend adding this setting. Falling back to ozone.metadata.dirs instead.
2019-10-08 04:07:11,801 [main] WARN  events.EventQueue (EventQueue.java:fireEvent(183)) - No event handler registered for event TypedEvent{payloadType=SafeModeStatus, name='SafeModeStatus'}
2019-10-08 04:07:11,802 [main] INFO  ipc.CallQueueManager (CallQueueManager.java:<init>(84)) - Using callQueue: class java.util.concurrent.LinkedBlockingQueue, queueCapacity: 2000, scheduler: class org.apache.hadoop.ipc.DefaultRpcScheduler, ipcBackoff: false.
2019-10-08 04:07:11,803 [Socket Reader #1 for port 33634] INFO  ipc.Server (Server.java:run(1074)) - Starting Socket Reader #1 for port 33634
2019-10-08 04:07:11,806 [main] INFO  ipc.CallQueueManager (CallQueueManager.java:<init>(84)) - Using callQueue: class java.util.concurrent.LinkedBlockingQueue, queueCapacity: 2000, scheduler: class org.apache.hadoop.ipc.DefaultRpcScheduler, ipcBackoff: false.
2019-10-08 04:07:11,807 [Socket Reader #1 for port 43457] INFO  ipc.Server (Server.java:run(1074)) - Starting Socket Reader #1 for port 43457
2019-10-08 04:07:11,809 [main] INFO  ipc.CallQueueManager (CallQueueManager.java:<init>(84)) - Using callQueue: class java.util.concurrent.LinkedBlockingQueue, queueCapacity: 2000, scheduler: class org.apache.hadoop.ipc.DefaultRpcScheduler, ipcBackoff: false.
2019-10-08 04:07:11,810 [Socket Reader #1 for port 34340] INFO  ipc.Server (Server.java:run(1074)) - Starting Socket Reader #1 for port 34340
2019-10-08 04:07:11,814 [main] INFO  hdfs.DFSUtil (DFSUtil.java:httpServerTemplateForNNAndJN(1641)) - Starting Web-server for scm at: http://0.0.0.0:0
2019-10-08 04:07:11,816 [main] INFO  server.AuthenticationFilter (AuthenticationFilter.java:constructSecretProvider(240)) - Unable to initialize FileSignerSecretProvider, falling back to use random secrets.
2019-10-08 04:07:11,817 [main] WARN  http.HttpRequestLog (HttpRequestLog.java:getRequestLog(97)) - Jetty request log can only be enabled using Log4j
2019-10-08 04:07:11,819 [main] INFO  http.HttpServer2 (HttpServer2.java:addGlobalFilter(975)) - Added global filter 'safety' (class=org.apache.hadoop.http.HttpServer2$QuotingInputFilter)
2019-10-08 04:07:11,820 [main] INFO  http.HttpServer2 (HttpServer2.java:addFilter(948)) - Added filter static_user_filter (class=org.apache.hadoop.http.lib.StaticUserWebFilter$StaticUserFilter) to context scm
2019-10-08 04:07:11,820 [main] INFO  http.HttpServer2 (HttpServer2.java:addFilter(958)) - Added filter static_user_filter (class=org.apache.hadoop.http.lib.StaticUserWebFilter$StaticUserFilter) to context logs
2019-10-08 04:07:11,820 [main] INFO  http.HttpServer2 (HttpServer2.java:addFilter(958)) - Added filter static_user_filter (class=org.apache.hadoop.http.lib.StaticUserWebFilter$StaticUserFilter) to context static
2019-10-08 04:07:11,823 [main] INFO  server.StorageContainerManager (StorageContainerManager.java:start(770)) - StorageContainerLocationProtocol RPC server is listening at /0.0.0.0:34340
2019-10-08 04:07:11,826 [main] WARN  impl.MetricsConfig (MetricsConfig.java:loadFirst(134)) - Cannot locate configuration: tried hadoop-metrics2-storagecontainermanager.properties,hadoop-metrics2.properties
2019-10-08 04:07:11,827 [main] INFO  impl.MetricsSystemImpl (MetricsSystemImpl.java:startTimer(374)) - Scheduled Metric snapshot period at 10 second(s).
2019-10-08 04:07:11,827 [main] INFO  impl.MetricsSystemImpl (MetricsSystemImpl.java:start(191)) - StorageContainerManager metrics system started
2019-10-08 04:07:11,837 [main] INFO  lib.Interns (Interns.java:removeEldestEntry(50)) - Metrics intern cache overflow at 2011 for MetricsSystem={MetricsSystem=MetricsInfoImpl{name=MetricsSystem, description=MetricsSystem}, MetricsSystem record=MetricsInfoImpl{name=MetricsSystem, description=MetricsSystem record}}
2019-10-08 04:07:11,877 [main] WARN  impl.MetricsSystemImpl (MetricsSystemImpl.java:register(276)) - Sink prometheus already exists!
2019-10-08 04:07:11,932 [main] INFO  server.SCMClientProtocolServer (SCMClientProtocolServer.java:start(159)) - RPC server for Client  is listening at /0.0.0.0:34340
2019-10-08 04:07:11,933 [IPC Server Responder] INFO  ipc.Server (Server.java:run(1314)) - IPC Server Responder: starting
2019-10-08 04:07:11,933 [IPC Server listener on 34340] INFO  ipc.Server (Server.java:run(1153)) - IPC Server listener on 34340: starting
2019-10-08 04:07:11,937 [main] INFO  server.StorageContainerManager (StorageContainerManager.java:start(780)) - ScmBlockLocationProtocol RPC server is listening at /0.0.0.0:43457
2019-10-08 04:07:11,937 [main] INFO  server.SCMBlockProtocolServer (SCMBlockProtocolServer.java:start(146)) - RPC server for Block Protocol is listening at /0.0.0.0:43457
2019-10-08 04:07:11,937 [IPC Server Responder] INFO  ipc.Server (Server.java:run(1314)) - IPC Server Responder: starting
2019-10-08 04:07:11,938 [IPC Server listener on 43457] INFO  ipc.Server (Server.java:run(1153)) - IPC Server listener on 43457: starting
2019-10-08 04:07:11,941 [main] INFO  server.StorageContainerManager (StorageContainerManager.java:start(784)) - ScmDatanodeProtocl RPC server is listening at /0.0.0.0:33634
2019-10-08 04:07:11,941 [main] INFO  server.SCMDatanodeProtocolServer (SCMDatanodeProtocolServer.java:start(169)) - RPC server for DataNodes is listening at /0.0.0.0:33634
2019-10-08 04:07:11,942 [IPC Server Responder] INFO  ipc.Server (Server.java:run(1314)) - IPC Server Responder: starting
2019-10-08 04:07:11,942 [IPC Server listener on 33634] INFO  ipc.Server (Server.java:run(1153)) - IPC Server listener on 33634: starting
2019-10-08 04:07:11,946 [main] INFO  http.HttpServer2 (HttpServer2.java:bindListener(1191)) - Jetty bound to port 44095
2019-10-08 04:07:11,946 [main] INFO  server.Server (Server.java:doStart(351)) - jetty-9.3.25.v20180904, build timestamp: 2018-09-04T21:11:46Z, git hash: 3ce520221d0240229c862b122d2b06c12a625732
2019-10-08 04:07:11,948 [main] INFO  handler.ContextHandler (ContextHandler.java:doStart(781)) - Started o.e.j.s.ServletContextHandler@54e43bfe{/logs,file:///workdir/hadoop-ozone/integration-test/target/log,AVAILABLE}
2019-10-08 04:07:11,948 [main] INFO  handler.ContextHandler (ContextHandler.java:doStart(781)) - Started o.e.j.s.ServletContextHandler@64387c17{/static,file:///workdir/hadoop-ozone/integration-test/target/test-classes/webapps/static,AVAILABLE}
2019-10-08 04:07:11,952 [main] INFO  handler.ContextHandler (ContextHandler.java:doStart(781)) - Started o.e.j.w.WebAppContext@484149eb{/,file:///workdir/hadoop-ozone/integration-test/target/test-classes/webapps/scm/,AVAILABLE}{/scm}
2019-10-08 04:07:11,953 [main] INFO  server.AbstractConnector (AbstractConnector.java:doStart(278)) - Started ServerConnector@14c141c0{HTTP/1.1,[http/1.1]}{0.0.0.0:44095}
2019-10-08 04:07:11,954 [main] INFO  server.Server (Server.java:doStart(419)) - Started @105349ms
2019-10-08 04:07:11,954 [main] WARN  impl.MetricsSystemImpl (MetricsSystemImpl.java:register(276)) - Sink prometheus already exists!
2019-10-08 04:07:11,955 [main] INFO  server.BaseHttpServer (BaseHttpServer.java:updateConnectorAddress(215)) - HTTP server of SCM is listening at http://0.0.0.0:44095
2019-10-08 04:07:11,956 [main] WARN  server.ServerUtils (ServerUtils.java:getDBPath(222)) - ozone.om.db.dirs is not configured. We recommend adding this setting. Falling back to ozone.metadata.dirs instead.
2019-10-08 04:07:11,957 [org.apache.hadoop.util.JvmPauseMonitor$Monitor@d611f1c] INFO  util.JvmPauseMonitor (JvmPauseMonitor.java:run(188)) - Starting JVM pause monitor
2019-10-08 04:07:11,970 [main] INFO  ha.OMHANodeDetails (OMHANodeDetails.java:loadOMHAConfig(190)) - Configuration either no ozone.om.address set. Falling back to the default OM address /127.0.0.1:0
2019-10-08 04:07:11,970 [main] INFO  ha.OMHANodeDetails (OMHANodeDetails.java:getOMNodeDetails(220)) - OM Service ID is not set. Setting it to the default ID: omServiceIdDefault
2019-10-08 04:07:11,970 [main] WARN  server.ServerUtils (ServerUtils.java:getDBPath(222)) - ozone.om.db.dirs is not configured. We recommend adding this setting. Falling back to ozone.metadata.dirs instead.
2019-10-08 04:07:11,971 [main] WARN  server.ServerUtils (ServerUtils.java:getDBPath(222)) - ozone.om.db.dirs is not configured. We recommend adding this setting. Falling back to ozone.metadata.dirs instead.
2019-10-08 04:07:11,978 [main] WARN  server.ServerUtils (ServerUtils.java:getDBPath(222)) - ozone.om.db.dirs is not configured. We recommend adding this setting. Falling back to ozone.metadata.dirs instead.
2019-10-08 04:07:11,978 [main] INFO  db.DBStoreBuilder (DBStoreBuilder.java:addTable(117)) - using custom profile for table: userTable
2019-10-08 04:07:11,979 [main] INFO  db.DBStoreBuilder (DBStoreBuilder.java:processTables(168)) - Using default column profile:DBProfile.DISK for Table:userTable
2019-10-08 04:07:11,979 [main] INFO  db.DBStoreBuilder (DBStoreBuilder.java:addTable(117)) - using custom profile for table: volumeTable
2019-10-08 04:07:11,979 [main] INFO  db.DBStoreBuilder (DBStoreBuilder.java:processTables(168)) - Using default column profile:DBProfile.DISK for Table:volumeTable
2019-10-08 04:07:11,979 [main] INFO  db.DBStoreBuilder (DBStoreBuilder.java:addTable(117)) - using custom profile for table: bucketTable
2019-10-08 04:07:11,979 [main] INFO  db.DBStoreBuilder (DBStoreBuilder.java:processTables(168)) - Using default column profile:DBProfile.DISK for Table:bucketTable
2019-10-08 04:07:11,979 [main] INFO  db.DBStoreBuilder (DBStoreBuilder.java:addTable(117)) - using custom profile for table: keyTable
2019-10-08 04:07:11,980 [main] INFO  db.DBStoreBuilder (DBStoreBuilder.java:processTables(168)) - Using default column profile:DBProfile.DISK for Table:keyTable
2019-10-08 04:07:11,980 [main] INFO  db.DBStoreBuilder (DBStoreBuilder.java:addTable(117)) - using custom profile for table: deletedTable
2019-10-08 04:07:11,980 [main] INFO  db.DBStoreBuilder (DBStoreBuilder.java:processTables(168)) - Using default column profile:DBProfile.DISK for Table:deletedTable
2019-10-08 04:07:11,980 [main] INFO  db.DBStoreBuilder (DBStoreBuilder.java:addTable(117)) - using custom profile for table: openKeyTable
2019-10-08 04:07:11,980 [main] INFO  db.DBStoreBuilder (DBStoreBuilder.java:processTables(168)) - Using default column profile:DBProfile.DISK for Table:openKeyTable
2019-10-08 04:07:11,980 [main] INFO  db.DBStoreBuilder (DBStoreBuilder.java:addTable(117)) - using custom profile for table: s3Table
2019-10-08 04:07:11,981 [main] INFO  db.DBStoreBuilder (DBStoreBuilder.java:processTables(168)) - Using default column profile:DBProfile.DISK for Table:s3Table
2019-10-08 04:07:11,981 [main] INFO  db.DBStoreBuilder (DBStoreBuilder.java:addTable(117)) - using custom profile for table: multipartInfoTable
2019-10-08 04:07:11,981 [main] INFO  db.DBStoreBuilder (DBStoreBuilder.java:processTables(168)) - Using default column profile:DBProfile.DISK for Table:multipartInfoTable
2019-10-08 04:07:11,981 [main] INFO  db.DBStoreBuilder (DBStoreBuilder.java:addTable(117)) - using custom profile for table: dTokenTable
2019-10-08 04:07:11,981 [main] INFO  db.DBStoreBuilder (DBStoreBuilder.java:processTables(168)) - Using default column profile:DBProfile.DISK for Table:dTokenTable
2019-10-08 04:07:11,981 [main] INFO  db.DBStoreBuilder (DBStoreBuilder.java:addTable(117)) - using custom profile for table: s3SecretTable
2019-10-08 04:07:11,982 [main] INFO  db.DBStoreBuilder (DBStoreBuilder.java:processTables(168)) - Using default column profile:DBProfile.DISK for Table:s3SecretTable
2019-10-08 04:07:11,982 [main] INFO  db.DBStoreBuilder (DBStoreBuilder.java:addTable(117)) - using custom profile for table: prefixTable
2019-10-08 04:07:11,982 [main] INFO  db.DBStoreBuilder (DBStoreBuilder.java:processTables(168)) - Using default column profile:DBProfile.DISK for Table:prefixTable
2019-10-08 04:07:11,982 [main] INFO  db.DBStoreBuilder (DBStoreBuilder.java:addTable(117)) - using custom profile for table: default
2019-10-08 04:07:11,982 [main] INFO  db.DBStoreBuilder (DBStoreBuilder.java:processTables(174)) - Using default column profile:DBProfile.DISK for Table:default
2019-10-08 04:07:11,982 [main] INFO  db.DBStoreBuilder (DBStoreBuilder.java:getDbProfile(205)) - Using default options. DBProfile.DISK
2019-10-08 04:07:12,676 [main] INFO  ipc.CallQueueManager (CallQueueManager.java:<init>(84)) - Using callQueue: class java.util.concurrent.LinkedBlockingQueue, queueCapacity: 2000, scheduler: class org.apache.hadoop.ipc.DefaultRpcScheduler, ipcBackoff: false.
2019-10-08 04:07:12,677 [Socket Reader #1 for port 42869] INFO  ipc.Server (Server.java:run(1074)) - Starting Socket Reader #1 for port 42869
2019-10-08 04:07:12,692 [main] INFO  om.OzoneManager (OzoneManager.java:start(1069)) - OzoneManager RPC server is listening at localhost/127.0.0.1:42869
2019-10-08 04:07:12,692 [main] INFO  impl.MetricsSystemImpl (MetricsSystemImpl.java:init(158)) - OzoneManager metrics system started (again)
2019-10-08 04:07:12,693 [IPC Server listener on 42869] INFO  ipc.Server (Server.java:run(1153)) - IPC Server listener on 42869: starting
2019-10-08 04:07:12,693 [IPC Server Responder] INFO  ipc.Server (Server.java:run(1314)) - IPC Server Responder: starting
2019-10-08 04:07:12,700 [main] INFO  hdfs.DFSUtil (DFSUtil.java:httpServerTemplateForNNAndJN(1641)) - Starting Web-server for ozoneManager at: http://0.0.0.0:0
2019-10-08 04:07:12,702 [main] INFO  server.AuthenticationFilter (AuthenticationFilter.java:constructSecretProvider(240)) - Unable to initialize FileSignerSecretProvider, falling back to use random secrets.
2019-10-08 04:07:12,702 [main] WARN  http.HttpRequestLog (HttpRequestLog.java:getRequestLog(97)) - Jetty request log can only be enabled using Log4j
2019-10-08 04:07:12,705 [main] INFO  http.HttpServer2 (HttpServer2.java:addGlobalFilter(975)) - Added global filter 'safety' (class=org.apache.hadoop.http.HttpServer2$QuotingInputFilter)
2019-10-08 04:07:12,705 [main] INFO  http.HttpServer2 (HttpServer2.java:addFilter(948)) - Added filter static_user_filter (class=org.apache.hadoop.http.lib.StaticUserWebFilter$StaticUserFilter) to context ozoneManager
2019-10-08 04:07:12,706 [main] INFO  http.HttpServer2 (HttpServer2.java:addFilter(958)) - Added filter static_user_filter (class=org.apache.hadoop.http.lib.StaticUserWebFilter$StaticUserFilter) to context static
2019-10-08 04:07:12,706 [main] INFO  http.HttpServer2 (HttpServer2.java:addFilter(958)) - Added filter static_user_filter (class=org.apache.hadoop.http.lib.StaticUserWebFilter$StaticUserFilter) to context logs
2019-10-08 04:07:12,707 [main] INFO  http.HttpServer2 (HttpServer2.java:bindListener(1191)) - Jetty bound to port 45608
2019-10-08 04:07:12,707 [main] INFO  server.Server (Server.java:doStart(351)) - jetty-9.3.25.v20180904, build timestamp: 2018-09-04T21:11:46Z, git hash: 3ce520221d0240229c862b122d2b06c12a625732
2019-10-08 04:07:12,709 [main] INFO  handler.ContextHandler (ContextHandler.java:doStart(781)) - Started o.e.j.s.ServletContextHandler@29fe4840{/logs,file:///workdir/hadoop-ozone/integration-test/target/log,AVAILABLE}
2019-10-08 04:07:12,710 [main] INFO  handler.ContextHandler (ContextHandler.java:doStart(781)) - Started o.e.j.s.ServletContextHandler@4684240f{/static,file:///workdir/hadoop-ozone/integration-test/target/test-classes/webapps/static,AVAILABLE}
2019-10-08 04:07:12,716 [main] INFO  handler.ContextHandler (ContextHandler.java:doStart(781)) - Started o.e.j.w.WebAppContext@144ab983{/,file:///workdir/hadoop-ozone/integration-test/target/test-classes/webapps/ozoneManager/,AVAILABLE}{/ozoneManager}
2019-10-08 04:07:12,716 [main] INFO  server.AbstractConnector (AbstractConnector.java:doStart(278)) - Started ServerConnector@7ebe2e47{HTTP/1.1,[http/1.1]}{0.0.0.0:45608}
2019-10-08 04:07:12,718 [main] INFO  server.Server (Server.java:doStart(419)) - Started @106113ms
2019-10-08 04:07:12,718 [main] WARN  impl.MetricsSystemImpl (MetricsSystemImpl.java:register(276)) - Sink prometheus already exists!
2019-10-08 04:07:12,719 [main] INFO  server.BaseHttpServer (BaseHttpServer.java:updateConnectorAddress(215)) - HTTP server of OZONEMANAGER is listening at http://0.0.0.0:45608
2019-10-08 04:07:12,743 [main] INFO  impl.MetricsSystemImpl (MetricsSystemImpl.java:init(158)) - HddsDatanode metrics system started (again)
2019-10-08 04:07:12,746 [main] INFO  ozone.HddsDatanodeService (HddsDatanodeService.java:start(184)) - HddsDatanodeService host:pr-hdds-2217-jqnfv-3133698562 ip:192.168.151.83
2019-10-08 04:07:12,753 [main] INFO  volume.HddsVolume (HddsVolume.java:<init>(176)) - Creating Volume: /workdir/hadoop-ozone/integration-test/target/test-dir/MiniOzoneClusterImpl-72230a9d-aef9-4496-b11f-d5eccdf763b4/datanode-0/data/containers/hdds of  storage type : DISK and capacity : 1482555576320
2019-10-08 04:07:12,754 [main] INFO  volume.VolumeSet (VolumeSet.java:initializeVolumeSet(170)) - Added Volume : /workdir/hadoop-ozone/integration-test/target/test-dir/MiniOzoneClusterImpl-72230a9d-aef9-4496-b11f-d5eccdf763b4/datanode-0/data/containers/hdds to VolumeSet
2019-10-08 04:07:12,754 [main] INFO  volume.ThrottledAsyncChecker (ThrottledAsyncChecker.java:schedule(139)) - Scheduling a check for org.apache.hadoop.ozone.container.common.volume.HddsVolume@3f6f3cc
2019-10-08 04:07:12,755 [main] INFO  volume.HddsVolumeChecker (HddsVolumeChecker.java:checkAllVolumes(202)) - Scheduled health check for volume org.apache.hadoop.ozone.container.common.volume.HddsVolume@3f6f3cc
2019-10-08 04:07:12,773 [main] INFO  impl.RaftServerProxy (ConfUtils.java:logGet(43)) - raft.rpc.type = GRPC (default)
2019-10-08 04:07:12,773 [main] INFO  grpc.GrpcFactory (GrpcFactory.java:checkPooledByteBufAllocatorUseCacheForAllThreads(45)) - PERFORMANCE WARNING: useCacheForAllThreads is true that may cause Netty to create a lot garbage objects and, as a result, trigger GC.
	It is recommended to disable useCacheForAllThreads by setting -Dorg.apache.ratis.thirdparty.io.netty.allocator.useCacheForAllThreads=false in command line.
2019-10-08 04:07:12,773 [main] INFO  grpc.GrpcConfigKeys$Server (ConfUtils.java:logGet(43)) - raft.grpc.server.port = 0 (default)
2019-10-08 04:07:12,773 [main] INFO  server.GrpcService (ConfUtils.java:logGet(43)) - raft.grpc.message.size.max = 33570816 (custom)
2019-10-08 04:07:12,774 [main] INFO  server.RaftServerConfigKeys (ConfUtils.java:logGet(43)) - raft.server.log.appender.buffer.byte-limit = 33554432 (custom)
2019-10-08 04:07:12,774 [main] INFO  server.GrpcService (ConfUtils.java:logGet(43)) - raft.grpc.flow.control.window = 1MB (=1048576) (default)
2019-10-08 04:07:12,774 [main] INFO  server.RaftServerConfigKeys (ConfUtils.java:logGet(43)) - raft.server.rpc.request.timeout = 3000ms (default)
2019-10-08 04:07:12,775 [main] INFO  server.RaftServerConfigKeys (ConfUtils.java:logGet(43)) - raft.server.storage.dir = [/workdir/hadoop-ozone/integration-test/target/test-dir/MiniOzoneClusterImpl-72230a9d-aef9-4496-b11f-d5eccdf763b4/datanode-0/data/ratis] (custom)
2019-10-08 04:07:12,776 [main] INFO  hdfs.DFSUtil (DFSUtil.java:httpServerTemplateForNNAndJN(1641)) - Starting Web-server for hddsDatanode at: http://0.0.0.0:0
2019-10-08 04:07:12,781 [main] INFO  server.AuthenticationFilter (AuthenticationFilter.java:constructSecretProvider(240)) - Unable to initialize FileSignerSecretProvider, falling back to use random secrets.
2019-10-08 04:07:12,781 [main] WARN  http.HttpRequestLog (HttpRequestLog.java:getRequestLog(97)) - Jetty request log can only be enabled using Log4j
2019-10-08 04:07:12,782 [main] INFO  http.HttpServer2 (HttpServer2.java:addGlobalFilter(975)) - Added global filter 'safety' (class=org.apache.hadoop.http.HttpServer2$QuotingInputFilter)
2019-10-08 04:07:12,783 [main] INFO  http.HttpServer2 (HttpServer2.java:addFilter(948)) - Added filter static_user_filter (class=org.apache.hadoop.http.lib.StaticUserWebFilter$StaticUserFilter) to context hddsDatanode
2019-10-08 04:07:12,783 [main] INFO  http.HttpServer2 (HttpServer2.java:addFilter(958)) - Added filter static_user_filter (class=org.apache.hadoop.http.lib.StaticUserWebFilter$StaticUserFilter) to context logs
2019-10-08 04:07:12,783 [main] INFO  http.HttpServer2 (HttpServer2.java:addFilter(958)) - Added filter static_user_filter (class=org.apache.hadoop.http.lib.StaticUserWebFilter$StaticUserFilter) to context static
2019-10-08 04:07:12,784 [main] INFO  http.HttpServer2 (HttpServer2.java:bindListener(1191)) - Jetty bound to port 33369
2019-10-08 04:07:12,784 [main] INFO  server.Server (Server.java:doStart(351)) - jetty-9.3.25.v20180904, build timestamp: 2018-09-04T21:11:46Z, git hash: 3ce520221d0240229c862b122d2b06c12a625732
2019-10-08 04:07:12,786 [main] INFO  handler.ContextHandler (ContextHandler.java:doStart(781)) - Started o.e.j.s.ServletContextHandler@60f21960{/logs,file:///workdir/hadoop-ozone/integration-test/target/log,AVAILABLE}
2019-10-08 04:07:12,786 [main] INFO  handler.ContextHandler (ContextHandler.java:doStart(781)) - Started o.e.j.s.ServletContextHandler@5a515e5d{/static,jar:file:/home/user/.m2/repository/org/apache/hadoop/hadoop-hdds-container-service/0.5.0-SNAPSHOT/hadoop-hdds-container-service-0.5.0-SNAPSHOT.jar!/webapps/static,AVAILABLE}
2019-10-08 04:07:12,815 [main] INFO  handler.ContextHandler (ContextHandler.java:doStart(781)) - Started o.e.j.w.WebAppContext@14422d9d{/,file:///tmp/jetty-0.0.0.0-33369-hddsDatanode-_-any-1357417561750078786.dir/webapp/,AVAILABLE}{/hddsDatanode}
2019-10-08 04:07:12,815 [main] INFO  server.AbstractConnector (AbstractConnector.java:doStart(278)) - Started ServerConnector@16c1519e{HTTP/1.1,[http/1.1]}{0.0.0.0:33369}
2019-10-08 04:07:12,819 [main] INFO  server.Server (Server.java:doStart(419)) - Started @106214ms
2019-10-08 04:07:12,819 [main] WARN  impl.MetricsSystemImpl (MetricsSystemImpl.java:register(276)) - Sink prometheus already exists!
2019-10-08 04:07:12,819 [main] INFO  server.BaseHttpServer (BaseHttpServer.java:updateConnectorAddress(215)) - HTTP server of HDDSDATANODE is listening at http://0.0.0.0:33369
2019-10-08 04:07:12,820 [main] INFO  impl.MetricsSystemImpl (MetricsSystemImpl.java:init(158)) - HddsDatanode metrics system started (again)
2019-10-08 04:07:12,822 [org.apache.hadoop.util.JvmPauseMonitor$Monitor@2182596a] INFO  util.JvmPauseMonitor (JvmPauseMonitor.java:run(188)) - Starting JVM pause monitor
2019-10-08 04:07:12,823 [main] INFO  ozone.HddsDatanodeService (HddsDatanodeService.java:start(184)) - HddsDatanodeService host:pr-hdds-2217-jqnfv-3133698562 ip:192.168.151.83
2019-10-08 04:07:12,826 [Datanode State Machine Thread - 0] INFO  datanode.InitDatanodeState (InitDatanodeState.java:persistContainerDatanodeDetails(140)) - DatanodeDetails is persisted to /workdir/hadoop-ozone/integration-test/target/test-dir/MiniOzoneClusterImpl-72230a9d-aef9-4496-b11f-d5eccdf763b4/datanode-0/meta/datanode.id
2019-10-08 04:07:12,829 [main] INFO  volume.HddsVolume (HddsVolume.java:<init>(176)) - Creating Volume: /workdir/hadoop-ozone/integration-test/target/test-dir/MiniOzoneClusterImpl-72230a9d-aef9-4496-b11f-d5eccdf763b4/datanode-1/data/containers/hdds of  storage type : DISK and capacity : 1482555576320
2019-10-08 04:07:12,829 [main] INFO  volume.VolumeSet (VolumeSet.java:initializeVolumeSet(170)) - Added Volume : /workdir/hadoop-ozone/integration-test/target/test-dir/MiniOzoneClusterImpl-72230a9d-aef9-4496-b11f-d5eccdf763b4/datanode-1/data/containers/hdds to VolumeSet
2019-10-08 04:07:12,829 [main] INFO  volume.ThrottledAsyncChecker (ThrottledAsyncChecker.java:schedule(139)) - Scheduling a check for org.apache.hadoop.ozone.container.common.volume.HddsVolume@1536ea40
2019-10-08 04:07:12,830 [main] INFO  volume.HddsVolumeChecker (HddsVolumeChecker.java:checkAllVolumes(202)) - Scheduled health check for volume org.apache.hadoop.ozone.container.common.volume.HddsVolume@1536ea40
2019-10-08 04:07:12,844 [main] INFO  impl.RaftServerProxy (ConfUtils.java:logGet(43)) - raft.rpc.type = GRPC (default)
2019-10-08 04:07:12,844 [main] INFO  grpc.GrpcFactory (GrpcFactory.java:checkPooledByteBufAllocatorUseCacheForAllThreads(45)) - PERFORMANCE WARNING: useCacheForAllThreads is true that may cause Netty to create a lot garbage objects and, as a result, trigger GC.
	It is recommended to disable useCacheForAllThreads by setting -Dorg.apache.ratis.thirdparty.io.netty.allocator.useCacheForAllThreads=false in command line.
2019-10-08 04:07:12,844 [main] INFO  grpc.GrpcConfigKeys$Server (ConfUtils.java:logGet(43)) - raft.grpc.server.port = 0 (default)
2019-10-08 04:07:12,845 [main] INFO  server.GrpcService (ConfUtils.java:logGet(43)) - raft.grpc.message.size.max = 33570816 (custom)
2019-10-08 04:07:12,845 [main] INFO  server.RaftServerConfigKeys (ConfUtils.java:logGet(43)) - raft.server.log.appender.buffer.byte-limit = 33554432 (custom)
2019-10-08 04:07:12,845 [main] INFO  server.GrpcService (ConfUtils.java:logGet(43)) - raft.grpc.flow.control.window = 1MB (=1048576) (default)
2019-10-08 04:07:12,845 [main] INFO  server.RaftServerConfigKeys (ConfUtils.java:logGet(43)) - raft.server.rpc.request.timeout = 3000ms (default)
2019-10-08 04:07:12,845 [main] INFO  server.RaftServerConfigKeys (ConfUtils.java:logGet(43)) - raft.server.storage.dir = [/workdir/hadoop-ozone/integration-test/target/test-dir/MiniOzoneClusterImpl-72230a9d-aef9-4496-b11f-d5eccdf763b4/datanode-1/data/ratis] (custom)
2019-10-08 04:07:12,848 [main] INFO  hdfs.DFSUtil (DFSUtil.java:httpServerTemplateForNNAndJN(1641)) - Starting Web-server for hddsDatanode at: http://0.0.0.0:0
2019-10-08 04:07:12,849 [main] INFO  server.AuthenticationFilter (AuthenticationFilter.java:constructSecretProvider(240)) - Unable to initialize FileSignerSecretProvider, falling back to use random secrets.
2019-10-08 04:07:12,849 [main] WARN  http.HttpRequestLog (HttpRequestLog.java:getRequestLog(97)) - Jetty request log can only be enabled using Log4j
2019-10-08 04:07:12,850 [main] INFO  http.HttpServer2 (HttpServer2.java:addGlobalFilter(975)) - Added global filter 'safety' (class=org.apache.hadoop.http.HttpServer2$QuotingInputFilter)
2019-10-08 04:07:12,851 [main] INFO  http.HttpServer2 (HttpServer2.java:addFilter(948)) - Added filter static_user_filter (class=org.apache.hadoop.http.lib.StaticUserWebFilter$StaticUserFilter) to context hddsDatanode
2019-10-08 04:07:12,851 [main] INFO  http.HttpServer2 (HttpServer2.java:addFilter(958)) - Added filter static_user_filter (class=org.apache.hadoop.http.lib.StaticUserWebFilter$StaticUserFilter) to context logs
2019-10-08 04:07:12,851 [main] INFO  http.HttpServer2 (HttpServer2.java:addFilter(958)) - Added filter static_user_filter (class=org.apache.hadoop.http.lib.StaticUserWebFilter$StaticUserFilter) to context static
2019-10-08 04:07:12,851 [main] INFO  http.HttpServer2 (HttpServer2.java:bindListener(1191)) - Jetty bound to port 46590
2019-10-08 04:07:12,852 [main] INFO  server.Server (Server.java:doStart(351)) - jetty-9.3.25.v20180904, build timestamp: 2018-09-04T21:11:46Z, git hash: 3ce520221d0240229c862b122d2b06c12a625732
2019-10-08 04:07:12,853 [main] INFO  handler.ContextHandler (ContextHandler.java:doStart(781)) - Started o.e.j.s.ServletContextHandler@6418e39e{/logs,file:///workdir/hadoop-ozone/integration-test/target/log,AVAILABLE}
2019-10-08 04:07:12,854 [main] INFO  handler.ContextHandler (ContextHandler.java:doStart(781)) - Started o.e.j.s.ServletContextHandler@1da1380b{/static,jar:file:/home/user/.m2/repository/org/apache/hadoop/hadoop-hdds-container-service/0.5.0-SNAPSHOT/hadoop-hdds-container-service-0.5.0-SNAPSHOT.jar!/webapps/static,AVAILABLE}
2019-10-08 04:07:12,882 [main] INFO  handler.ContextHandler (ContextHandler.java:doStart(781)) - Started o.e.j.w.WebAppContext@5482bcac{/,file:///tmp/jetty-0.0.0.0-46590-hddsDatanode-_-any-2111543439176154255.dir/webapp/,AVAILABLE}{/hddsDatanode}
2019-10-08 04:07:12,882 [main] INFO  server.AbstractConnector (AbstractConnector.java:doStart(278)) - Started ServerConnector@10244722{HTTP/1.1,[http/1.1]}{0.0.0.0:46590}
2019-10-08 04:07:12,883 [main] INFO  server.Server (Server.java:doStart(419)) - Started @106278ms
2019-10-08 04:07:12,883 [main] WARN  impl.MetricsSystemImpl (MetricsSystemImpl.java:register(276)) - Sink prometheus already exists!
2019-10-08 04:07:12,884 [main] INFO  server.BaseHttpServer (BaseHttpServer.java:updateConnectorAddress(215)) - HTTP server of HDDSDATANODE is listening at http://0.0.0.0:46590
2019-10-08 04:07:12,884 [main] INFO  impl.MetricsSystemImpl (MetricsSystemImpl.java:init(158)) - HddsDatanode metrics system started (again)
2019-10-08 04:07:12,887 [org.apache.hadoop.util.JvmPauseMonitor$Monitor@6b0a7b72] INFO  util.JvmPauseMonitor (JvmPauseMonitor.java:run(188)) - Starting JVM pause monitor
2019-10-08 04:07:12,887 [main] INFO  ozone.HddsDatanodeService (HddsDatanodeService.java:start(184)) - HddsDatanodeService host:pr-hdds-2217-jqnfv-3133698562 ip:192.168.151.83
2019-10-08 04:07:12,891 [Datanode State Machine Thread - 0] INFO  datanode.InitDatanodeState (InitDatanodeState.java:persistContainerDatanodeDetails(140)) - DatanodeDetails is persisted to /workdir/hadoop-ozone/integration-test/target/test-dir/MiniOzoneClusterImpl-72230a9d-aef9-4496-b11f-d5eccdf763b4/datanode-1/meta/datanode.id
2019-10-08 04:07:12,893 [main] INFO  volume.HddsVolume (HddsVolume.java:<init>(176)) - Creating Volume: /workdir/hadoop-ozone/integration-test/target/test-dir/MiniOzoneClusterImpl-72230a9d-aef9-4496-b11f-d5eccdf763b4/datanode-2/data/containers/hdds of  storage type : DISK and capacity : 1482555576320
2019-10-08 04:07:12,894 [main] INFO  volume.VolumeSet (VolumeSet.java:initializeVolumeSet(170)) - Added Volume : /workdir/hadoop-ozone/integration-test/target/test-dir/MiniOzoneClusterImpl-72230a9d-aef9-4496-b11f-d5eccdf763b4/datanode-2/data/containers/hdds to VolumeSet
2019-10-08 04:07:12,894 [main] INFO  volume.ThrottledAsyncChecker (ThrottledAsyncChecker.java:schedule(139)) - Scheduling a check for org.apache.hadoop.ozone.container.common.volume.HddsVolume@8aeab9e
2019-10-08 04:07:12,894 [main] INFO  volume.HddsVolumeChecker (HddsVolumeChecker.java:checkAllVolumes(202)) - Scheduled health check for volume org.apache.hadoop.ozone.container.common.volume.HddsVolume@8aeab9e
2019-10-08 04:07:12,906 [main] INFO  impl.RaftServerProxy (ConfUtils.java:logGet(43)) - raft.rpc.type = GRPC (default)
2019-10-08 04:07:12,907 [main] INFO  grpc.GrpcFactory (GrpcFactory.java:checkPooledByteBufAllocatorUseCacheForAllThreads(45)) - PERFORMANCE WARNING: useCacheForAllThreads is true that may cause Netty to create a lot garbage objects and, as a result, trigger GC.
	It is recommended to disable useCacheForAllThreads by setting -Dorg.apache.ratis.thirdparty.io.netty.allocator.useCacheForAllThreads=false in command line.
2019-10-08 04:07:12,907 [main] INFO  grpc.GrpcConfigKeys$Server (ConfUtils.java:logGet(43)) - raft.grpc.server.port = 0 (default)
2019-10-08 04:07:12,907 [main] INFO  server.GrpcService (ConfUtils.java:logGet(43)) - raft.grpc.message.size.max = 33570816 (custom)
2019-10-08 04:07:12,907 [main] INFO  server.RaftServerConfigKeys (ConfUtils.java:logGet(43)) - raft.server.log.appender.buffer.byte-limit = 33554432 (custom)
2019-10-08 04:07:12,907 [main] INFO  server.GrpcService (ConfUtils.java:logGet(43)) - raft.grpc.flow.control.window = 1MB (=1048576) (default)
2019-10-08 04:07:12,908 [main] INFO  server.RaftServerConfigKeys (ConfUtils.java:logGet(43)) - raft.server.rpc.request.timeout = 3000ms (default)
2019-10-08 04:07:12,908 [main] INFO  server.RaftServerConfigKeys (ConfUtils.java:logGet(43)) - raft.server.storage.dir = [/workdir/hadoop-ozone/integration-test/target/test-dir/MiniOzoneClusterImpl-72230a9d-aef9-4496-b11f-d5eccdf763b4/datanode-2/data/ratis] (custom)
2019-10-08 04:07:12,909 [main] INFO  hdfs.DFSUtil (DFSUtil.java:httpServerTemplateForNNAndJN(1641)) - Starting Web-server for hddsDatanode at: http://0.0.0.0:0
2019-10-08 04:07:12,910 [main] INFO  server.AuthenticationFilter (AuthenticationFilter.java:constructSecretProvider(240)) - Unable to initialize FileSignerSecretProvider, falling back to use random secrets.
2019-10-08 04:07:12,910 [main] WARN  http.HttpRequestLog (HttpRequestLog.java:getRequestLog(97)) - Jetty request log can only be enabled using Log4j
2019-10-08 04:07:12,911 [main] INFO  http.HttpServer2 (HttpServer2.java:addGlobalFilter(975)) - Added global filter 'safety' (class=org.apache.hadoop.http.HttpServer2$QuotingInputFilter)
2019-10-08 04:07:12,912 [main] INFO  http.HttpServer2 (HttpServer2.java:addFilter(948)) - Added filter static_user_filter (class=org.apache.hadoop.http.lib.StaticUserWebFilter$StaticUserFilter) to context hddsDatanode
2019-10-08 04:07:12,912 [main] INFO  http.HttpServer2 (HttpServer2.java:addFilter(958)) - Added filter static_user_filter (class=org.apache.hadoop.http.lib.StaticUserWebFilter$StaticUserFilter) to context logs
2019-10-08 04:07:12,912 [main] INFO  http.HttpServer2 (HttpServer2.java:addFilter(958)) - Added filter static_user_filter (class=org.apache.hadoop.http.lib.StaticUserWebFilter$StaticUserFilter) to context static
2019-10-08 04:07:12,913 [main] INFO  http.HttpServer2 (HttpServer2.java:bindListener(1191)) - Jetty bound to port 40741
2019-10-08 04:07:12,913 [main] INFO  server.Server (Server.java:doStart(351)) - jetty-9.3.25.v20180904, build timestamp: 2018-09-04T21:11:46Z, git hash: 3ce520221d0240229c862b122d2b06c12a625732
2019-10-08 04:07:12,915 [main] INFO  handler.ContextHandler (ContextHandler.java:doStart(781)) - Started o.e.j.s.ServletContextHandler@3db432c2{/logs,file:///workdir/hadoop-ozone/integration-test/target/log,AVAILABLE}
2019-10-08 04:07:12,915 [main] INFO  handler.ContextHandler (ContextHandler.java:doStart(781)) - Started o.e.j.s.ServletContextHandler@1903b5d{/static,jar:file:/home/user/.m2/repository/org/apache/hadoop/hadoop-hdds-container-service/0.5.0-SNAPSHOT/hadoop-hdds-container-service-0.5.0-SNAPSHOT.jar!/webapps/static,AVAILABLE}
2019-10-08 04:07:12,943 [main] INFO  handler.ContextHandler (ContextHandler.java:doStart(781)) - Started o.e.j.w.WebAppContext@9687f55{/,file:///tmp/jetty-0.0.0.0-40741-hddsDatanode-_-any-6725069187360679063.dir/webapp/,AVAILABLE}{/hddsDatanode}
2019-10-08 04:07:12,943 [main] INFO  server.AbstractConnector (AbstractConnector.java:doStart(278)) - Started ServerConnector@5700c9db{HTTP/1.1,[http/1.1]}{0.0.0.0:40741}
2019-10-08 04:07:12,944 [main] INFO  server.Server (Server.java:doStart(419)) - Started @106340ms
2019-10-08 04:07:12,944 [main] WARN  impl.MetricsSystemImpl (MetricsSystemImpl.java:register(276)) - Sink prometheus already exists!
2019-10-08 04:07:12,945 [main] INFO  server.BaseHttpServer (BaseHttpServer.java:updateConnectorAddress(215)) - HTTP server of HDDSDATANODE is listening at http://0.0.0.0:40741
2019-10-08 04:07:12,945 [main] INFO  impl.MetricsSystemImpl (MetricsSystemImpl.java:init(158)) - HddsDatanode metrics system started (again)
2019-10-08 04:07:12,948 [org.apache.hadoop.util.JvmPauseMonitor$Monitor@627470dc] INFO  util.JvmPauseMonitor (JvmPauseMonitor.java:run(188)) - Starting JVM pause monitor
2019-10-08 04:07:12,949 [main] INFO  ozone.HddsDatanodeService (HddsDatanodeService.java:start(184)) - HddsDatanodeService host:pr-hdds-2217-jqnfv-3133698562 ip:192.168.151.83
2019-10-08 04:07:12,950 [Datanode State Machine Thread - 0] INFO  datanode.InitDatanodeState (InitDatanodeState.java:persistContainerDatanodeDetails(140)) - DatanodeDetails is persisted to /workdir/hadoop-ozone/integration-test/target/test-dir/MiniOzoneClusterImpl-72230a9d-aef9-4496-b11f-d5eccdf763b4/datanode-2/meta/datanode.id
2019-10-08 04:07:12,955 [main] INFO  volume.HddsVolume (HddsVolume.java:<init>(176)) - Creating Volume: /workdir/hadoop-ozone/integration-test/target/test-dir/MiniOzoneClusterImpl-72230a9d-aef9-4496-b11f-d5eccdf763b4/datanode-3/data/containers/hdds of  storage type : DISK and capacity : 1482555576320
2019-10-08 04:07:12,956 [main] INFO  volume.VolumeSet (VolumeSet.java:initializeVolumeSet(170)) - Added Volume : /workdir/hadoop-ozone/integration-test/target/test-dir/MiniOzoneClusterImpl-72230a9d-aef9-4496-b11f-d5eccdf763b4/datanode-3/data/containers/hdds to VolumeSet
2019-10-08 04:07:12,956 [main] INFO  volume.ThrottledAsyncChecker (ThrottledAsyncChecker.java:schedule(139)) - Scheduling a check for org.apache.hadoop.ozone.container.common.volume.HddsVolume@1a538ed8
2019-10-08 04:07:12,957 [main] INFO  volume.HddsVolumeChecker (HddsVolumeChecker.java:checkAllVolumes(202)) - Scheduled health check for volume org.apache.hadoop.ozone.container.common.volume.HddsVolume@1a538ed8
2019-10-08 04:07:12,975 [main] INFO  impl.RaftServerProxy (ConfUtils.java:logGet(43)) - raft.rpc.type = GRPC (default)
2019-10-08 04:07:12,975 [main] INFO  grpc.GrpcFactory (GrpcFactory.java:checkPooledByteBufAllocatorUseCacheForAllThreads(45)) - PERFORMANCE WARNING: useCacheForAllThreads is true that may cause Netty to create a lot garbage objects and, as a result, trigger GC.
	It is recommended to disable useCacheForAllThreads by setting -Dorg.apache.ratis.thirdparty.io.netty.allocator.useCacheForAllThreads=false in command line.
2019-10-08 04:07:12,976 [main] INFO  grpc.GrpcConfigKeys$Server (ConfUtils.java:logGet(43)) - raft.grpc.server.port = 0 (default)
2019-10-08 04:07:12,976 [main] INFO  server.GrpcService (ConfUtils.java:logGet(43)) - raft.grpc.message.size.max = 33570816 (custom)
2019-10-08 04:07:12,976 [main] INFO  server.RaftServerConfigKeys (ConfUtils.java:logGet(43)) - raft.server.log.appender.buffer.byte-limit = 33554432 (custom)
2019-10-08 04:07:12,977 [main] INFO  server.GrpcService (ConfUtils.java:logGet(43)) - raft.grpc.flow.control.window = 1MB (=1048576) (default)
2019-10-08 04:07:12,977 [main] INFO  server.RaftServerConfigKeys (ConfUtils.java:logGet(43)) - raft.server.rpc.request.timeout = 3000ms (default)
2019-10-08 04:07:12,977 [main] INFO  server.RaftServerConfigKeys (ConfUtils.java:logGet(43)) - raft.server.storage.dir = [/workdir/hadoop-ozone/integration-test/target/test-dir/MiniOzoneClusterImpl-72230a9d-aef9-4496-b11f-d5eccdf763b4/datanode-3/data/ratis] (custom)
2019-10-08 04:07:12,979 [main] INFO  hdfs.DFSUtil (DFSUtil.java:httpServerTemplateForNNAndJN(1641)) - Starting Web-server for hddsDatanode at: http://0.0.0.0:0
2019-10-08 04:07:12,980 [main] INFO  server.AuthenticationFilter (AuthenticationFilter.java:constructSecretProvider(240)) - Unable to initialize FileSignerSecretProvider, falling back to use random secrets.
2019-10-08 04:07:12,980 [main] WARN  http.HttpRequestLog (HttpRequestLog.java:getRequestLog(97)) - Jetty request log can only be enabled using Log4j
2019-10-08 04:07:12,981 [main] INFO  http.HttpServer2 (HttpServer2.java:addGlobalFilter(975)) - Added global filter 'safety' (class=org.apache.hadoop.http.HttpServer2$QuotingInputFilter)
2019-10-08 04:07:12,982 [main] INFO  http.HttpServer2 (HttpServer2.java:addFilter(948)) - Added filter static_user_filter (class=org.apache.hadoop.http.lib.StaticUserWebFilter$StaticUserFilter) to context hddsDatanode
2019-10-08 04:07:12,982 [main] INFO  http.HttpServer2 (HttpServer2.java:addFilter(958)) - Added filter static_user_filter (class=org.apache.hadoop.http.lib.StaticUserWebFilter$StaticUserFilter) to context logs
2019-10-08 04:07:12,982 [main] INFO  http.HttpServer2 (HttpServer2.java:addFilter(958)) - Added filter static_user_filter (class=org.apache.hadoop.http.lib.StaticUserWebFilter$StaticUserFilter) to context static
2019-10-08 04:07:12,983 [main] INFO  http.HttpServer2 (HttpServer2.java:bindListener(1191)) - Jetty bound to port 39125
2019-10-08 04:07:12,983 [main] INFO  server.Server (Server.java:doStart(351)) - jetty-9.3.25.v20180904, build timestamp: 2018-09-04T21:11:46Z, git hash: 3ce520221d0240229c862b122d2b06c12a625732
2019-10-08 04:07:12,985 [main] INFO  handler.ContextHandler (ContextHandler.java:doStart(781)) - Started o.e.j.s.ServletContextHandler@738d37fc{/logs,file:///workdir/hadoop-ozone/integration-test/target/log,AVAILABLE}
2019-10-08 04:07:12,985 [main] INFO  handler.ContextHandler (ContextHandler.java:doStart(781)) - Started o.e.j.s.ServletContextHandler@61bb1e4d{/static,jar:file:/home/user/.m2/repository/org/apache/hadoop/hadoop-hdds-container-service/0.5.0-SNAPSHOT/hadoop-hdds-container-service-0.5.0-SNAPSHOT.jar!/webapps/static,AVAILABLE}
2019-10-08 04:07:13,013 [main] INFO  handler.ContextHandler (ContextHandler.java:doStart(781)) - Started o.e.j.w.WebAppContext@331ff3ac{/,file:///tmp/jetty-0.0.0.0-39125-hddsDatanode-_-any-3553300441332148514.dir/webapp/,AVAILABLE}{/hddsDatanode}
2019-10-08 04:07:13,014 [main] INFO  server.AbstractConnector (AbstractConnector.java:doStart(278)) - Started ServerConnector@2e5e6fc4{HTTP/1.1,[http/1.1]}{0.0.0.0:39125}
2019-10-08 04:07:13,014 [main] INFO  server.Server (Server.java:doStart(419)) - Started @106410ms
2019-10-08 04:07:13,015 [main] WARN  impl.MetricsSystemImpl (MetricsSystemImpl.java:register(276)) - Sink prometheus already exists!
2019-10-08 04:07:13,015 [main] INFO  server.BaseHttpServer (BaseHttpServer.java:updateConnectorAddress(215)) - HTTP server of HDDSDATANODE is listening at http://0.0.0.0:39125
2019-10-08 04:07:13,016 [main] INFO  impl.MetricsSystemImpl (MetricsSystemImpl.java:init(158)) - HddsDatanode metrics system started (again)
2019-10-08 04:07:13,019 [org.apache.hadoop.util.JvmPauseMonitor$Monitor@242e9cd7] INFO  util.JvmPauseMonitor (JvmPauseMonitor.java:run(188)) - Starting JVM pause monitor
2019-10-08 04:07:13,019 [main] INFO  ozone.HddsDatanodeService (HddsDatanodeService.java:start(184)) - HddsDatanodeService host:pr-hdds-2217-jqnfv-3133698562 ip:192.168.151.83
2019-10-08 04:07:13,020 [Datanode State Machine Thread - 0] INFO  datanode.InitDatanodeState (InitDatanodeState.java:persistContainerDatanodeDetails(140)) - DatanodeDetails is persisted to /workdir/hadoop-ozone/integration-test/target/test-dir/MiniOzoneClusterImpl-72230a9d-aef9-4496-b11f-d5eccdf763b4/datanode-3/meta/datanode.id
2019-10-08 04:07:13,029 [main] INFO  volume.HddsVolume (HddsVolume.java:<init>(176)) - Creating Volume: /workdir/hadoop-ozone/integration-test/target/test-dir/MiniOzoneClusterImpl-72230a9d-aef9-4496-b11f-d5eccdf763b4/datanode-4/data/containers/hdds of  storage type : DISK and capacity : 1482555576320
2019-10-08 04:07:13,029 [main] INFO  volume.VolumeSet (VolumeSet.java:initializeVolumeSet(170)) - Added Volume : /workdir/hadoop-ozone/integration-test/target/test-dir/MiniOzoneClusterImpl-72230a9d-aef9-4496-b11f-d5eccdf763b4/datanode-4/data/containers/hdds to VolumeSet
2019-10-08 04:07:13,029 [main] INFO  volume.ThrottledAsyncChecker (ThrottledAsyncChecker.java:schedule(139)) - Scheduling a check for org.apache.hadoop.ozone.container.common.volume.HddsVolume@d13baac
2019-10-08 04:07:13,029 [main] INFO  volume.HddsVolumeChecker (HddsVolumeChecker.java:checkAllVolumes(202)) - Scheduled health check for volume org.apache.hadoop.ozone.container.common.volume.HddsVolume@d13baac
2019-10-08 04:07:13,042 [main] INFO  impl.RaftServerProxy (ConfUtils.java:logGet(43)) - raft.rpc.type = GRPC (default)
2019-10-08 04:07:13,042 [main] INFO  grpc.GrpcFactory (GrpcFactory.java:checkPooledByteBufAllocatorUseCacheForAllThreads(45)) - PERFORMANCE WARNING: useCacheForAllThreads is true that may cause Netty to create a lot garbage objects and, as a result, trigger GC.
	It is recommended to disable useCacheForAllThreads by setting -Dorg.apache.ratis.thirdparty.io.netty.allocator.useCacheForAllThreads=false in command line.
2019-10-08 04:07:13,042 [main] INFO  grpc.GrpcConfigKeys$Server (ConfUtils.java:logGet(43)) - raft.grpc.server.port = 0 (default)
2019-10-08 04:07:13,042 [main] INFO  server.GrpcService (ConfUtils.java:logGet(43)) - raft.grpc.message.size.max = 33570816 (custom)
2019-10-08 04:07:13,043 [main] INFO  server.RaftServerConfigKeys (ConfUtils.java:logGet(43)) - raft.server.log.appender.buffer.byte-limit = 33554432 (custom)
2019-10-08 04:07:13,043 [main] INFO  server.GrpcService (ConfUtils.java:logGet(43)) - raft.grpc.flow.control.window = 1MB (=1048576) (default)
2019-10-08 04:07:13,043 [main] INFO  server.RaftServerConfigKeys (ConfUtils.java:logGet(43)) - raft.server.rpc.request.timeout = 3000ms (default)
2019-10-08 04:07:13,043 [main] INFO  server.RaftServerConfigKeys (ConfUtils.java:logGet(43)) - raft.server.storage.dir = [/workdir/hadoop-ozone/integration-test/target/test-dir/MiniOzoneClusterImpl-72230a9d-aef9-4496-b11f-d5eccdf763b4/datanode-4/data/ratis] (custom)
2019-10-08 04:07:13,045 [main] INFO  hdfs.DFSUtil (DFSUtil.java:httpServerTemplateForNNAndJN(1641)) - Starting Web-server for hddsDatanode at: http://0.0.0.0:0
2019-10-08 04:07:13,046 [main] INFO  server.AuthenticationFilter (AuthenticationFilter.java:constructSecretProvider(240)) - Unable to initialize FileSignerSecretProvider, falling back to use random secrets.
2019-10-08 04:07:13,047 [main] WARN  http.HttpRequestLog (HttpRequestLog.java:getRequestLog(97)) - Jetty request log can only be enabled using Log4j
2019-10-08 04:07:13,048 [main] INFO  http.HttpServer2 (HttpServer2.java:addGlobalFilter(975)) - Added global filter 'safety' (class=org.apache.hadoop.http.HttpServer2$QuotingInputFilter)
2019-10-08 04:07:13,048 [main] INFO  http.HttpServer2 (HttpServer2.java:addFilter(948)) - Added filter static_user_filter (class=org.apache.hadoop.http.lib.StaticUserWebFilter$StaticUserFilter) to context hddsDatanode
2019-10-08 04:07:13,048 [main] INFO  http.HttpServer2 (HttpServer2.java:addFilter(958)) - Added filter static_user_filter (class=org.apache.hadoop.http.lib.StaticUserWebFilter$StaticUserFilter) to context logs
2019-10-08 04:07:13,048 [main] INFO  http.HttpServer2 (HttpServer2.java:addFilter(958)) - Added filter static_user_filter (class=org.apache.hadoop.http.lib.StaticUserWebFilter$StaticUserFilter) to context static
2019-10-08 04:07:13,049 [main] INFO  http.HttpServer2 (HttpServer2.java:bindListener(1191)) - Jetty bound to port 36536
2019-10-08 04:07:13,049 [main] INFO  server.Server (Server.java:doStart(351)) - jetty-9.3.25.v20180904, build timestamp: 2018-09-04T21:11:46Z, git hash: 3ce520221d0240229c862b122d2b06c12a625732
2019-10-08 04:07:13,051 [main] INFO  handler.ContextHandler (ContextHandler.java:doStart(781)) - Started o.e.j.s.ServletContextHandler@3fbe503c{/logs,file:///workdir/hadoop-ozone/integration-test/target/log,AVAILABLE}
2019-10-08 04:07:13,051 [main] INFO  handler.ContextHandler (ContextHandler.java:doStart(781)) - Started o.e.j.s.ServletContextHandler@15d0d6c9{/static,jar:file:/home/user/.m2/repository/org/apache/hadoop/hadoop-hdds-container-service/0.5.0-SNAPSHOT/hadoop-hdds-container-service-0.5.0-SNAPSHOT.jar!/webapps/static,AVAILABLE}
2019-10-08 04:07:13,079 [main] INFO  handler.ContextHandler (ContextHandler.java:doStart(781)) - Started o.e.j.w.WebAppContext@536b71b4{/,file:///tmp/jetty-0.0.0.0-36536-hddsDatanode-_-any-5628939743660045496.dir/webapp/,AVAILABLE}{/hddsDatanode}
2019-10-08 04:07:13,079 [main] INFO  server.AbstractConnector (AbstractConnector.java:doStart(278)) - Started ServerConnector@789c3057{HTTP/1.1,[http/1.1]}{0.0.0.0:36536}
2019-10-08 04:07:13,080 [main] INFO  server.Server (Server.java:doStart(419)) - Started @106475ms
2019-10-08 04:07:13,080 [main] WARN  impl.MetricsSystemImpl (MetricsSystemImpl.java:register(276)) - Sink prometheus already exists!
2019-10-08 04:07:13,080 [main] INFO  server.BaseHttpServer (BaseHttpServer.java:updateConnectorAddress(215)) - HTTP server of HDDSDATANODE is listening at http://0.0.0.0:36536
2019-10-08 04:07:13,081 [main] INFO  impl.MetricsSystemImpl (MetricsSystemImpl.java:init(158)) - HddsDatanode metrics system started (again)
2019-10-08 04:07:13,084 [org.apache.hadoop.util.JvmPauseMonitor$Monitor@57a5176] INFO  util.JvmPauseMonitor (JvmPauseMonitor.java:run(188)) - Starting JVM pause monitor
2019-10-08 04:07:13,085 [main] INFO  ozone.HddsDatanodeService (HddsDatanodeService.java:start(184)) - HddsDatanodeService host:pr-hdds-2217-jqnfv-3133698562 ip:192.168.151.83
2019-10-08 04:07:13,086 [Datanode State Machine Thread - 0] INFO  datanode.InitDatanodeState (InitDatanodeState.java:persistContainerDatanodeDetails(140)) - DatanodeDetails is persisted to /workdir/hadoop-ozone/integration-test/target/test-dir/MiniOzoneClusterImpl-72230a9d-aef9-4496-b11f-d5eccdf763b4/datanode-4/meta/datanode.id
2019-10-08 04:07:13,090 [main] INFO  volume.HddsVolume (HddsVolume.java:<init>(176)) - Creating Volume: /workdir/hadoop-ozone/integration-test/target/test-dir/MiniOzoneClusterImpl-72230a9d-aef9-4496-b11f-d5eccdf763b4/datanode-5/data/containers/hdds of  storage type : DISK and capacity : 1482555576320
2019-10-08 04:07:13,090 [main] INFO  volume.VolumeSet (VolumeSet.java:initializeVolumeSet(170)) - Added Volume : /workdir/hadoop-ozone/integration-test/target/test-dir/MiniOzoneClusterImpl-72230a9d-aef9-4496-b11f-d5eccdf763b4/datanode-5/data/containers/hdds to VolumeSet
2019-10-08 04:07:13,090 [main] INFO  volume.ThrottledAsyncChecker (ThrottledAsyncChecker.java:schedule(139)) - Scheduling a check for org.apache.hadoop.ozone.container.common.volume.HddsVolume@1ca610a0
2019-10-08 04:07:13,091 [main] INFO  volume.HddsVolumeChecker (HddsVolumeChecker.java:checkAllVolumes(202)) - Scheduled health check for volume org.apache.hadoop.ozone.container.common.volume.HddsVolume@1ca610a0
2019-10-08 04:07:13,103 [main] INFO  impl.RaftServerProxy (ConfUtils.java:logGet(43)) - raft.rpc.type = GRPC (default)
2019-10-08 04:07:13,103 [main] INFO  grpc.GrpcFactory (GrpcFactory.java:checkPooledByteBufAllocatorUseCacheForAllThreads(45)) - PERFORMANCE WARNING: useCacheForAllThreads is true that may cause Netty to create a lot garbage objects and, as a result, trigger GC.
	It is recommended to disable useCacheForAllThreads by setting -Dorg.apache.ratis.thirdparty.io.netty.allocator.useCacheForAllThreads=false in command line.
2019-10-08 04:07:13,103 [main] INFO  grpc.GrpcConfigKeys$Server (ConfUtils.java:logGet(43)) - raft.grpc.server.port = 0 (default)
2019-10-08 04:07:13,103 [main] INFO  server.GrpcService (ConfUtils.java:logGet(43)) - raft.grpc.message.size.max = 33570816 (custom)
2019-10-08 04:07:13,103 [main] INFO  server.RaftServerConfigKeys (ConfUtils.java:logGet(43)) - raft.server.log.appender.buffer.byte-limit = 33554432 (custom)
2019-10-08 04:07:13,104 [main] INFO  server.GrpcService (ConfUtils.java:logGet(43)) - raft.grpc.flow.control.window = 1MB (=1048576) (default)
2019-10-08 04:07:13,104 [main] INFO  server.RaftServerConfigKeys (ConfUtils.java:logGet(43)) - raft.server.rpc.request.timeout = 3000ms (default)
2019-10-08 04:07:13,104 [main] INFO  server.RaftServerConfigKeys (ConfUtils.java:logGet(43)) - raft.server.storage.dir = [/workdir/hadoop-ozone/integration-test/target/test-dir/MiniOzoneClusterImpl-72230a9d-aef9-4496-b11f-d5eccdf763b4/datanode-5/data/ratis] (custom)
2019-10-08 04:07:13,105 [main] INFO  hdfs.DFSUtil (DFSUtil.java:httpServerTemplateForNNAndJN(1641)) - Starting Web-server for hddsDatanode at: http://0.0.0.0:0
2019-10-08 04:07:13,106 [main] INFO  server.AuthenticationFilter (AuthenticationFilter.java:constructSecretProvider(240)) - Unable to initialize FileSignerSecretProvider, falling back to use random secrets.
2019-10-08 04:07:13,106 [main] WARN  http.HttpRequestLog (HttpRequestLog.java:getRequestLog(97)) - Jetty request log can only be enabled using Log4j
2019-10-08 04:07:13,108 [main] INFO  http.HttpServer2 (HttpServer2.java:addGlobalFilter(975)) - Added global filter 'safety' (class=org.apache.hadoop.http.HttpServer2$QuotingInputFilter)
2019-10-08 04:07:13,108 [main] INFO  http.HttpServer2 (HttpServer2.java:addFilter(948)) - Added filter static_user_filter (class=org.apache.hadoop.http.lib.StaticUserWebFilter$StaticUserFilter) to context hddsDatanode
2019-10-08 04:07:13,108 [main] INFO  http.HttpServer2 (HttpServer2.java:addFilter(958)) - Added filter static_user_filter (class=org.apache.hadoop.http.lib.StaticUserWebFilter$StaticUserFilter) to context logs
2019-10-08 04:07:13,108 [main] INFO  http.HttpServer2 (HttpServer2.java:addFilter(958)) - Added filter static_user_filter (class=org.apache.hadoop.http.lib.StaticUserWebFilter$StaticUserFilter) to context static
2019-10-08 04:07:13,109 [main] INFO  http.HttpServer2 (HttpServer2.java:bindListener(1191)) - Jetty bound to port 33924
2019-10-08 04:07:13,109 [main] INFO  server.Server (Server.java:doStart(351)) - jetty-9.3.25.v20180904, build timestamp: 2018-09-04T21:11:46Z, git hash: 3ce520221d0240229c862b122d2b06c12a625732
2019-10-08 04:07:13,111 [main] INFO  handler.ContextHandler (ContextHandler.java:doStart(781)) - Started o.e.j.s.ServletContextHandler@47b269c4{/logs,file:///workdir/hadoop-ozone/integration-test/target/log,AVAILABLE}
2019-10-08 04:07:13,111 [main] INFO  handler.ContextHandler (ContextHandler.java:doStart(781)) - Started o.e.j.s.ServletContextHandler@32091c14{/static,jar:file:/home/user/.m2/repository/org/apache/hadoop/hadoop-hdds-container-service/0.5.0-SNAPSHOT/hadoop-hdds-container-service-0.5.0-SNAPSHOT.jar!/webapps/static,AVAILABLE}
2019-10-08 04:07:13,139 [main] INFO  handler.ContextHandler (ContextHandler.java:doStart(781)) - Started o.e.j.w.WebAppContext@5af5d76f{/,file:///tmp/jetty-0.0.0.0-33924-hddsDatanode-_-any-6071495323319381809.dir/webapp/,AVAILABLE}{/hddsDatanode}
2019-10-08 04:07:13,139 [main] INFO  server.AbstractConnector (AbstractConnector.java:doStart(278)) - Started ServerConnector@3a8cea24{HTTP/1.1,[http/1.1]}{0.0.0.0:33924}
2019-10-08 04:07:13,141 [main] INFO  server.Server (Server.java:doStart(419)) - Started @106536ms
2019-10-08 04:07:13,141 [main] WARN  impl.MetricsSystemImpl (MetricsSystemImpl.java:register(276)) - Sink prometheus already exists!
2019-10-08 04:07:13,141 [main] INFO  server.BaseHttpServer (BaseHttpServer.java:updateConnectorAddress(215)) - HTTP server of HDDSDATANODE is listening at http://0.0.0.0:33924
2019-10-08 04:07:13,142 [main] INFO  impl.MetricsSystemImpl (MetricsSystemImpl.java:init(158)) - HddsDatanode metrics system started (again)
2019-10-08 04:07:13,146 [org.apache.hadoop.util.JvmPauseMonitor$Monitor@14ed8651] INFO  util.JvmPauseMonitor (JvmPauseMonitor.java:run(188)) - Starting JVM pause monitor
2019-10-08 04:07:13,146 [main] INFO  ozone.HddsDatanodeService (HddsDatanodeService.java:start(184)) - HddsDatanodeService host:pr-hdds-2217-jqnfv-3133698562 ip:192.168.151.83
2019-10-08 04:07:13,147 [Datanode State Machine Thread - 0] INFO  datanode.InitDatanodeState (InitDatanodeState.java:persistContainerDatanodeDetails(140)) - DatanodeDetails is persisted to /workdir/hadoop-ozone/integration-test/target/test-dir/MiniOzoneClusterImpl-72230a9d-aef9-4496-b11f-d5eccdf763b4/datanode-5/meta/datanode.id
2019-10-08 04:07:13,153 [main] INFO  volume.HddsVolume (HddsVolume.java:<init>(176)) - Creating Volume: /workdir/hadoop-ozone/integration-test/target/test-dir/MiniOzoneClusterImpl-72230a9d-aef9-4496-b11f-d5eccdf763b4/datanode-6/data/containers/hdds of  storage type : DISK and capacity : 1482555576320
2019-10-08 04:07:13,153 [main] INFO  volume.VolumeSet (VolumeSet.java:initializeVolumeSet(170)) - Added Volume : /workdir/hadoop-ozone/integration-test/target/test-dir/MiniOzoneClusterImpl-72230a9d-aef9-4496-b11f-d5eccdf763b4/datanode-6/data/containers/hdds to VolumeSet
2019-10-08 04:07:13,153 [main] INFO  volume.ThrottledAsyncChecker (ThrottledAsyncChecker.java:schedule(139)) - Scheduling a check for org.apache.hadoop.ozone.container.common.volume.HddsVolume@2b73bd6b
2019-10-08 04:07:13,153 [main] INFO  volume.HddsVolumeChecker (HddsVolumeChecker.java:checkAllVolumes(202)) - Scheduled health check for volume org.apache.hadoop.ozone.container.common.volume.HddsVolume@2b73bd6b
2019-10-08 04:07:13,165 [main] INFO  impl.RaftServerProxy (ConfUtils.java:logGet(43)) - raft.rpc.type = GRPC (default)
2019-10-08 04:07:13,166 [main] INFO  grpc.GrpcFactory (GrpcFactory.java:checkPooledByteBufAllocatorUseCacheForAllThreads(45)) - PERFORMANCE WARNING: useCacheForAllThreads is true that may cause Netty to create a lot garbage objects and, as a result, trigger GC.
	It is recommended to disable useCacheForAllThreads by setting -Dorg.apache.ratis.thirdparty.io.netty.allocator.useCacheForAllThreads=false in command line.
2019-10-08 04:07:13,166 [main] INFO  grpc.GrpcConfigKeys$Server (ConfUtils.java:logGet(43)) - raft.grpc.server.port = 0 (default)
2019-10-08 04:07:13,166 [main] INFO  server.GrpcService (ConfUtils.java:logGet(43)) - raft.grpc.message.size.max = 33570816 (custom)
2019-10-08 04:07:13,166 [main] INFO  server.RaftServerConfigKeys (ConfUtils.java:logGet(43)) - raft.server.log.appender.buffer.byte-limit = 33554432 (custom)
2019-10-08 04:07:13,166 [main] INFO  server.GrpcService (ConfUtils.java:logGet(43)) - raft.grpc.flow.control.window = 1MB (=1048576) (default)
2019-10-08 04:07:13,166 [main] INFO  server.RaftServerConfigKeys (ConfUtils.java:logGet(43)) - raft.server.rpc.request.timeout = 3000ms (default)
2019-10-08 04:07:13,167 [main] INFO  server.RaftServerConfigKeys (ConfUtils.java:logGet(43)) - raft.server.storage.dir = [/workdir/hadoop-ozone/integration-test/target/test-dir/MiniOzoneClusterImpl-72230a9d-aef9-4496-b11f-d5eccdf763b4/datanode-6/data/ratis] (custom)
2019-10-08 04:07:13,168 [main] INFO  hdfs.DFSUtil (DFSUtil.java:httpServerTemplateForNNAndJN(1641)) - Starting Web-server for hddsDatanode at: http://0.0.0.0:0
2019-10-08 04:07:13,169 [main] INFO  server.AuthenticationFilter (AuthenticationFilter.java:constructSecretProvider(240)) - Unable to initialize FileSignerSecretProvider, falling back to use random secrets.
2019-10-08 04:07:13,169 [main] WARN  http.HttpRequestLog (HttpRequestLog.java:getRequestLog(97)) - Jetty request log can only be enabled using Log4j
2019-10-08 04:07:13,170 [main] INFO  http.HttpServer2 (HttpServer2.java:addGlobalFilter(975)) - Added global filter 'safety' (class=org.apache.hadoop.http.HttpServer2$QuotingInputFilter)
2019-10-08 04:07:13,171 [main] INFO  http.HttpServer2 (HttpServer2.java:addFilter(948)) - Added filter static_user_filter (class=org.apache.hadoop.http.lib.StaticUserWebFilter$StaticUserFilter) to context hddsDatanode
2019-10-08 04:07:13,171 [main] INFO  http.HttpServer2 (HttpServer2.java:addFilter(958)) - Added filter static_user_filter (class=org.apache.hadoop.http.lib.StaticUserWebFilter$StaticUserFilter) to context static
2019-10-08 04:07:13,171 [main] INFO  http.HttpServer2 (HttpServer2.java:addFilter(958)) - Added filter static_user_filter (class=org.apache.hadoop.http.lib.StaticUserWebFilter$StaticUserFilter) to context logs
2019-10-08 04:07:13,171 [main] INFO  http.HttpServer2 (HttpServer2.java:bindListener(1191)) - Jetty bound to port 36288
2019-10-08 04:07:13,172 [main] INFO  server.Server (Server.java:doStart(351)) - jetty-9.3.25.v20180904, build timestamp: 2018-09-04T21:11:46Z, git hash: 3ce520221d0240229c862b122d2b06c12a625732
2019-10-08 04:07:13,173 [main] INFO  handler.ContextHandler (ContextHandler.java:doStart(781)) - Started o.e.j.s.ServletContextHandler@390037e7{/logs,file:///workdir/hadoop-ozone/integration-test/target/log,AVAILABLE}
2019-10-08 04:07:13,173 [main] INFO  handler.ContextHandler (ContextHandler.java:doStart(781)) - Started o.e.j.s.ServletContextHandler@7f4596d0{/static,jar:file:/home/user/.m2/repository/org/apache/hadoop/hadoop-hdds-container-service/0.5.0-SNAPSHOT/hadoop-hdds-container-service-0.5.0-SNAPSHOT.jar!/webapps/static,AVAILABLE}
2019-10-08 04:07:13,201 [main] INFO  handler.ContextHandler (ContextHandler.java:doStart(781)) - Started o.e.j.w.WebAppContext@3fde8f7c{/,file:///tmp/jetty-0.0.0.0-36288-hddsDatanode-_-any-1654502866975109866.dir/webapp/,AVAILABLE}{/hddsDatanode}
2019-10-08 04:07:13,201 [main] INFO  server.AbstractConnector (AbstractConnector.java:doStart(278)) - Started ServerConnector@11d86b9d{HTTP/1.1,[http/1.1]}{0.0.0.0:36288}
2019-10-08 04:07:13,203 [main] INFO  server.Server (Server.java:doStart(419)) - Started @106598ms
2019-10-08 04:07:13,203 [main] WARN  impl.MetricsSystemImpl (MetricsSystemImpl.java:register(276)) - Sink prometheus already exists!
2019-10-08 04:07:13,203 [main] INFO  server.BaseHttpServer (BaseHttpServer.java:updateConnectorAddress(215)) - HTTP server of HDDSDATANODE is listening at http://0.0.0.0:36288
2019-10-08 04:07:13,204 [main] INFO  ozone.MiniOzoneClusterImpl (MiniOzoneClusterImpl.java:lambda$waitForClusterToBeReady$0(147)) - Waiting for cluster to be ready. Got 0 of 7 DN Heartbeats.
2019-10-08 04:07:13,205 [org.apache.hadoop.util.JvmPauseMonitor$Monitor@430cd3f] INFO  util.JvmPauseMonitor (JvmPauseMonitor.java:run(188)) - Starting JVM pause monitor
2019-10-08 04:07:13,206 [Datanode State Machine Thread - 0] INFO  datanode.InitDatanodeState (InitDatanodeState.java:persistContainerDatanodeDetails(140)) - DatanodeDetails is persisted to /workdir/hadoop-ozone/integration-test/target/test-dir/MiniOzoneClusterImpl-72230a9d-aef9-4496-b11f-d5eccdf763b4/datanode-6/meta/datanode.id
2019-10-08 04:07:14,204 [main] INFO  ozone.MiniOzoneClusterImpl (MiniOzoneClusterImpl.java:lambda$waitForClusterToBeReady$0(147)) - Waiting for cluster to be ready. Got 0 of 7 DN Heartbeats.
2019-10-08 04:07:14,861 [Datanode State Machine Thread - 0] INFO  ozoneimpl.OzoneContainer (OzoneContainer.java:start(213)) - Attempting to start container services.
2019-10-08 04:07:14,863 [Datanode State Machine Thread - 0] INFO  ozoneimpl.OzoneContainer (OzoneContainer.java:startContainerScrub(177)) - Background container scanner has been disabled.
2019-10-08 04:07:14,863 [Datanode State Machine Thread - 0] INFO  ratis.XceiverServerRatis (XceiverServerRatis.java:start(418)) - Starting XceiverServerRatis 514e48b2-8b0c-49e3-a876-ea0b957cf5ec at port 0
2019-10-08 04:07:14,872 [Datanode State Machine Thread - 0] INFO  impl.RaftServerProxy (RaftServerProxy.java:lambda$start$3(299)) - 514e48b2-8b0c-49e3-a876-ea0b957cf5ec: start RPC server
2019-10-08 04:07:14,876 [Datanode State Machine Thread - 0] INFO  server.GrpcService (GrpcService.java:startImpl(158)) - 514e48b2-8b0c-49e3-a876-ea0b957cf5ec: GrpcService started, listening on 0.0.0.0/0.0.0.0:37398
2019-10-08 04:07:14,876 [Datanode State Machine Thread - 0] INFO  ratis.XceiverServerRatis (XceiverServerRatis.java:start(428)) - XceiverServerRatis 514e48b2-8b0c-49e3-a876-ea0b957cf5ec is started using port 37398
2019-10-08 04:07:14,878 [Datanode State Machine Thread - 0] INFO  server.XceiverServerGrpc (XceiverServerGrpc.java:start(149)) - XceiverServerGrpc 514e48b2-8b0c-49e3-a876-ea0b957cf5ec is started using port 39414
2019-10-08 04:07:14,904 [Datanode State Machine Thread - 0] INFO  ozoneimpl.OzoneContainer (OzoneContainer.java:start(213)) - Attempting to start container services.
2019-10-08 04:07:14,904 [Datanode State Machine Thread - 0] INFO  ozoneimpl.OzoneContainer (OzoneContainer.java:startContainerScrub(177)) - Background container scanner has been disabled.
2019-10-08 04:07:14,905 [Datanode State Machine Thread - 0] INFO  ratis.XceiverServerRatis (XceiverServerRatis.java:start(418)) - Starting XceiverServerRatis e6210659-57a7-414b-bcf0-b44ac3656a74 at port 0
2019-10-08 04:07:14,914 [Datanode State Machine Thread - 0] INFO  impl.RaftServerProxy (RaftServerProxy.java:lambda$start$3(299)) - e6210659-57a7-414b-bcf0-b44ac3656a74: start RPC server
2019-10-08 04:07:14,916 [Datanode State Machine Thread - 0] INFO  server.GrpcService (GrpcService.java:startImpl(158)) - e6210659-57a7-414b-bcf0-b44ac3656a74: GrpcService started, listening on 0.0.0.0/0.0.0.0:42201
2019-10-08 04:07:14,916 [Datanode State Machine Thread - 0] INFO  ratis.XceiverServerRatis (XceiverServerRatis.java:start(428)) - XceiverServerRatis e6210659-57a7-414b-bcf0-b44ac3656a74 is started using port 42201
2019-10-08 04:07:14,917 [Datanode State Machine Thread - 0] INFO  server.XceiverServerGrpc (XceiverServerGrpc.java:start(149)) - XceiverServerGrpc e6210659-57a7-414b-bcf0-b44ac3656a74 is started using port 45247
2019-10-08 04:07:14,965 [Datanode State Machine Thread - 0] INFO  ozoneimpl.OzoneContainer (OzoneContainer.java:start(213)) - Attempting to start container services.
2019-10-08 04:07:14,968 [Datanode State Machine Thread - 0] INFO  ozoneimpl.OzoneContainer (OzoneContainer.java:startContainerScrub(177)) - Background container scanner has been disabled.
2019-10-08 04:07:14,968 [Datanode State Machine Thread - 0] INFO  ratis.XceiverServerRatis (XceiverServerRatis.java:start(418)) - Starting XceiverServerRatis 53d4e2b8-d7c3-4e33-8543-84865c350f2c at port 0
2019-10-08 04:07:14,976 [Datanode State Machine Thread - 0] INFO  impl.RaftServerProxy (RaftServerProxy.java:lambda$start$3(299)) - 53d4e2b8-d7c3-4e33-8543-84865c350f2c: start RPC server
2019-10-08 04:07:14,979 [Datanode State Machine Thread - 0] INFO  server.GrpcService (GrpcService.java:startImpl(158)) - 53d4e2b8-d7c3-4e33-8543-84865c350f2c: GrpcService started, listening on 0.0.0.0/0.0.0.0:46095
2019-10-08 04:07:14,979 [Datanode State Machine Thread - 0] INFO  ratis.XceiverServerRatis (XceiverServerRatis.java:start(428)) - XceiverServerRatis 53d4e2b8-d7c3-4e33-8543-84865c350f2c is started using port 46095
2019-10-08 04:07:14,981 [Datanode State Machine Thread - 0] INFO  server.XceiverServerGrpc (XceiverServerGrpc.java:start(149)) - XceiverServerGrpc 53d4e2b8-d7c3-4e33-8543-84865c350f2c is started using port 44045
2019-10-08 04:07:15,032 [Datanode State Machine Thread - 0] INFO  ozoneimpl.OzoneContainer (OzoneContainer.java:start(213)) - Attempting to start container services.
2019-10-08 04:07:15,033 [Datanode State Machine Thread - 0] INFO  ozoneimpl.OzoneContainer (OzoneContainer.java:startContainerScrub(177)) - Background container scanner has been disabled.
2019-10-08 04:07:15,033 [Datanode State Machine Thread - 0] INFO  ratis.XceiverServerRatis (XceiverServerRatis.java:start(418)) - Starting XceiverServerRatis 8182f3c3-6485-4730-b171-cad52f435bf6 at port 0
2019-10-08 04:07:15,040 [Datanode State Machine Thread - 0] INFO  impl.RaftServerProxy (RaftServerProxy.java:lambda$start$3(299)) - 8182f3c3-6485-4730-b171-cad52f435bf6: start RPC server
2019-10-08 04:07:15,043 [Datanode State Machine Thread - 0] INFO  server.GrpcService (GrpcService.java:startImpl(158)) - 8182f3c3-6485-4730-b171-cad52f435bf6: GrpcService started, listening on 0.0.0.0/0.0.0.0:41319
2019-10-08 04:07:15,043 [Datanode State Machine Thread - 0] INFO  ratis.XceiverServerRatis (XceiverServerRatis.java:start(428)) - XceiverServerRatis 8182f3c3-6485-4730-b171-cad52f435bf6 is started using port 41319
2019-10-08 04:07:15,044 [Datanode State Machine Thread - 0] INFO  server.XceiverServerGrpc (XceiverServerGrpc.java:start(149)) - XceiverServerGrpc 8182f3c3-6485-4730-b171-cad52f435bf6 is started using port 42855
2019-10-08 04:07:15,099 [Datanode State Machine Thread - 0] INFO  ozoneimpl.OzoneContainer (OzoneContainer.java:start(213)) - Attempting to start container services.
2019-10-08 04:07:15,099 [Datanode State Machine Thread - 0] INFO  ozoneimpl.OzoneContainer (OzoneContainer.java:startContainerScrub(177)) - Background container scanner has been disabled.
2019-10-08 04:07:15,099 [Datanode State Machine Thread - 0] INFO  ratis.XceiverServerRatis (XceiverServerRatis.java:start(418)) - Starting XceiverServerRatis 9a86e02d-457a-4233-b456-1f823c7b9675 at port 0
2019-10-08 04:07:15,107 [Datanode State Machine Thread - 0] INFO  impl.RaftServerProxy (RaftServerProxy.java:lambda$start$3(299)) - 9a86e02d-457a-4233-b456-1f823c7b9675: start RPC server
2019-10-08 04:07:15,110 [Datanode State Machine Thread - 0] INFO  server.GrpcService (GrpcService.java:startImpl(158)) - 9a86e02d-457a-4233-b456-1f823c7b9675: GrpcService started, listening on 0.0.0.0/0.0.0.0:39846
2019-10-08 04:07:15,110 [Datanode State Machine Thread - 0] INFO  ratis.XceiverServerRatis (XceiverServerRatis.java:start(428)) - XceiverServerRatis 9a86e02d-457a-4233-b456-1f823c7b9675 is started using port 39846
2019-10-08 04:07:15,111 [Datanode State Machine Thread - 0] INFO  server.XceiverServerGrpc (XceiverServerGrpc.java:start(149)) - XceiverServerGrpc 9a86e02d-457a-4233-b456-1f823c7b9675 is started using port 46811
2019-10-08 04:07:15,160 [Datanode State Machine Thread - 0] INFO  ozoneimpl.OzoneContainer (OzoneContainer.java:start(213)) - Attempting to start container services.
2019-10-08 04:07:15,160 [Datanode State Machine Thread - 0] INFO  ozoneimpl.OzoneContainer (OzoneContainer.java:startContainerScrub(177)) - Background container scanner has been disabled.
2019-10-08 04:07:15,160 [Datanode State Machine Thread - 0] INFO  ratis.XceiverServerRatis (XceiverServerRatis.java:start(418)) - Starting XceiverServerRatis a3e81ea2-c676-4fe0-a110-4b62540dc40b at port 0
2019-10-08 04:07:15,168 [Datanode State Machine Thread - 0] INFO  impl.RaftServerProxy (RaftServerProxy.java:lambda$start$3(299)) - a3e81ea2-c676-4fe0-a110-4b62540dc40b: start RPC server
2019-10-08 04:07:15,168 [Datanode State Machine Thread - 0] INFO  server.GrpcService (GrpcService.java:startImpl(158)) - a3e81ea2-c676-4fe0-a110-4b62540dc40b: GrpcService started, listening on 0.0.0.0/0.0.0.0:34200
2019-10-08 04:07:15,169 [Datanode State Machine Thread - 0] INFO  ratis.XceiverServerRatis (XceiverServerRatis.java:start(428)) - XceiverServerRatis a3e81ea2-c676-4fe0-a110-4b62540dc40b is started using port 34200
2019-10-08 04:07:15,169 [Datanode State Machine Thread - 0] INFO  server.XceiverServerGrpc (XceiverServerGrpc.java:start(149)) - XceiverServerGrpc a3e81ea2-c676-4fe0-a110-4b62540dc40b is started using port 34353
2019-10-08 04:07:15,205 [main] INFO  ozone.MiniOzoneClusterImpl (MiniOzoneClusterImpl.java:lambda$waitForClusterToBeReady$0(147)) - Waiting for cluster to be ready. Got 0 of 7 DN Heartbeats.
2019-10-08 04:07:15,219 [Datanode State Machine Thread - 0] INFO  ozoneimpl.OzoneContainer (OzoneContainer.java:start(213)) - Attempting to start container services.
2019-10-08 04:07:15,219 [Datanode State Machine Thread - 0] INFO  ozoneimpl.OzoneContainer (OzoneContainer.java:startContainerScrub(177)) - Background container scanner has been disabled.
2019-10-08 04:07:15,219 [Datanode State Machine Thread - 0] INFO  ratis.XceiverServerRatis (XceiverServerRatis.java:start(418)) - Starting XceiverServerRatis 868dbea0-f64a-4fd6-bff7-bd843843b649 at port 0
2019-10-08 04:07:15,226 [Datanode State Machine Thread - 0] INFO  impl.RaftServerProxy (RaftServerProxy.java:lambda$start$3(299)) - 868dbea0-f64a-4fd6-bff7-bd843843b649: start RPC server
2019-10-08 04:07:15,226 [Datanode State Machine Thread - 0] INFO  server.GrpcService (GrpcService.java:startImpl(158)) - 868dbea0-f64a-4fd6-bff7-bd843843b649: GrpcService started, listening on 0.0.0.0/0.0.0.0:37696
2019-10-08 04:07:15,226 [Datanode State Machine Thread - 0] INFO  ratis.XceiverServerRatis (XceiverServerRatis.java:start(428)) - XceiverServerRatis 868dbea0-f64a-4fd6-bff7-bd843843b649 is started using port 37696
2019-10-08 04:07:15,240 [Datanode State Machine Thread - 0] INFO  server.XceiverServerGrpc (XceiverServerGrpc.java:start(149)) - XceiverServerGrpc 868dbea0-f64a-4fd6-bff7-bd843843b649 is started using port 32837
2019-10-08 04:07:16,206 [main] INFO  ozone.MiniOzoneClusterImpl (MiniOzoneClusterImpl.java:lambda$waitForClusterToBeReady$0(147)) - Waiting for cluster to be ready. Got 0 of 7 DN Heartbeats.
2019-10-08 04:07:16,828 [IPC Server handler 4 on 33634] INFO  net.NetworkTopology (NetworkTopologyImpl.java:add(111)) - Added a new node: /default-rack/514e48b2-8b0c-49e3-a876-ea0b957cf5ec
2019-10-08 04:07:16,831 [IPC Server handler 4 on 33634] INFO  node.SCMNodeManager (SCMNodeManager.java:register(268)) - Registered Data node : 514e48b2-8b0c-49e3-a876-ea0b957cf5ec{ip: 192.168.151.83, host: pr-hdds-2217-jqnfv-3133698562, networkLocation: /default-rack, certSerialId: null}
2019-10-08 04:07:16,832 [EventQueue-NodeRegistrationContainerReportForDataNodeSafeModeRule] INFO  safemode.SCMSafeModeManager (DataNodeSafeModeRule.java:process(71)) - SCM in safe mode. 1 DataNodes registered, 1 required.
2019-10-08 04:07:16,835 [EventQueue-NodeRegistrationContainerReportForDataNodeSafeModeRule] INFO  safemode.SCMSafeModeManager (SCMSafeModeManager.java:validateSafeModeExitRules(177)) - ScmSafeModeManager, all rules are successfully validated
2019-10-08 04:07:16,835 [EventQueue-NodeRegistrationContainerReportForDataNodeSafeModeRule] INFO  safemode.SCMSafeModeManager (SCMSafeModeManager.java:exitSafeMode(193)) - SCM exiting safe mode.
2019-10-08 04:07:16,850 [grpc-default-executor-1] INFO  impl.RaftServerProxy (RaftServerProxy.java:addNew(89)) - 514e48b2-8b0c-49e3-a876-ea0b957cf5ec: addNew group-8AB10C0396B0:[514e48b2-8b0c-49e3-a876-ea0b957cf5ec:192.168.151.83:37398] returns group-8AB10C0396B0:java.util.concurrent.CompletableFuture@29648547[Not completed]
2019-10-08 04:07:16,854 [pool-207-thread-1] INFO  impl.RaftServerImpl (RaftServerImpl.java:<init>(95)) - 514e48b2-8b0c-49e3-a876-ea0b957cf5ec: new RaftServerImpl for group-8AB10C0396B0:[514e48b2-8b0c-49e3-a876-ea0b957cf5ec:192.168.151.83:37398] with ContainerStateMachine:uninitialized
2019-10-08 04:07:16,854 [pool-207-thread-1] INFO  server.RaftServerConfigKeys (ConfUtils.java:logGet(43)) - raft.server.rpc.timeout.min = 5s (custom)
2019-10-08 04:07:16,854 [pool-207-thread-1] INFO  server.RaftServerConfigKeys (ConfUtils.java:logGet(43)) - raft.server.rpc.timeout.max = 5200ms (custom)
2019-10-08 04:07:16,854 [pool-207-thread-1] INFO  server.RaftServerConfigKeys (ConfUtils.java:logGet(43)) - raft.server.rpcslowness.timeout = 120s (custom)
2019-10-08 04:07:16,854 [pool-207-thread-1] INFO  server.RaftServerConfigKeys (ConfUtils.java:logGet(43)) - raft.server.sleep.deviation.threshold = 300 (default)
2019-10-08 04:07:16,854 [pool-207-thread-1] INFO  server.RaftServerConfigKeys (ConfUtils.java:logGet(43)) - raft.server.log.appender.install.snapshot.enabled = false (custom)
2019-10-08 04:07:16,855 [pool-207-thread-1] INFO  impl.RaftServerImpl (ServerState.java:<init>(103)) - 514e48b2-8b0c-49e3-a876-ea0b957cf5ec@group-8AB10C0396B0: ConfigurationManager, init=-1: [514e48b2-8b0c-49e3-a876-ea0b957cf5ec:192.168.151.83:37398], old=null, confs=<EMPTY_MAP>
2019-10-08 04:07:16,855 [pool-207-thread-1] INFO  server.RaftServerConfigKeys (ConfUtils.java:logGet(43)) - raft.server.storage.dir = [/workdir/hadoop-ozone/integration-test/target/test-dir/MiniOzoneClusterImpl-72230a9d-aef9-4496-b11f-d5eccdf763b4/datanode-0/data/ratis] (custom)
2019-10-08 04:07:16,855 [pool-207-thread-1] INFO  server.RaftServerConfigKeys (ConfUtils.java:logGet(43)) - raft.server.log.corruption.policy = EXCEPTION (default)
2019-10-08 04:07:16,856 [pool-207-thread-1] INFO  storage.RaftStorageDirectory (RaftStorageDirectory.java:analyzeStorage(246)) - The storage directory /workdir/hadoop-ozone/integration-test/target/test-dir/MiniOzoneClusterImpl-72230a9d-aef9-4496-b11f-d5eccdf763b4/datanode-0/data/ratis/c558e675-daef-4b3f-ae1e-8ab10c0396b0 does not exist. Creating ...
2019-10-08 04:07:16,881 [pool-207-thread-1] INFO  storage.RaftStorageDirectory (RaftStorageDirectory.java:tryLock(328)) - Lock on /workdir/hadoop-ozone/integration-test/target/test-dir/MiniOzoneClusterImpl-72230a9d-aef9-4496-b11f-d5eccdf763b4/datanode-0/data/ratis/c558e675-daef-4b3f-ae1e-8ab10c0396b0/in_use.lock acquired by nodename 22889@pr-hdds-2217-jqnfv-3133698562
2019-10-08 04:07:16,889 [IPC Server handler 9 on 33634] INFO  net.NetworkTopology (NetworkTopologyImpl.java:add(111)) - Added a new node: /default-rack/e6210659-57a7-414b-bcf0-b44ac3656a74
2019-10-08 04:07:16,889 [IPC Server handler 9 on 33634] INFO  node.SCMNodeManager (SCMNodeManager.java:register(268)) - Registered Data node : e6210659-57a7-414b-bcf0-b44ac3656a74{ip: 192.168.151.83, host: pr-hdds-2217-jqnfv-3133698562, networkLocation: /default-rack, certSerialId: null}
2019-10-08 04:07:16,894 [pool-207-thread-1] INFO  storage.RaftStorage (RaftStorage.java:format(84)) - Storage directory /workdir/hadoop-ozone/integration-test/target/test-dir/MiniOzoneClusterImpl-72230a9d-aef9-4496-b11f-d5eccdf763b4/datanode-0/data/ratis/c558e675-daef-4b3f-ae1e-8ab10c0396b0 has been successfully formatted.
2019-10-08 04:07:16,895 [pool-207-thread-1] INFO  ratis.ContainerStateMachine (ContainerStateMachine.java:loadSnapshot(231)) - group-8AB10C0396B0: The snapshot info is null. Setting the last applied indexto:(t:0, i:~)
2019-10-08 04:07:16,895 [pool-207-thread-1] INFO  server.RaftServerConfigKeys (ConfUtils.java:logGet(43)) - raft.server.notification.no-leader.timeout = 120s (custom)
2019-10-08 04:07:16,895 [pool-207-thread-1] INFO  server.RaftServerConfigKeys (ConfUtils.java:logGet(43)) - raft.server.log.use.memory = false (default)
2019-10-08 04:07:16,895 [pool-207-thread-1] INFO  server.RaftServerConfigKeys (ConfUtils.java:logGet(43)) - raft.server.log.purge.gap = 1000000 (custom)
2019-10-08 04:07:16,895 [pool-207-thread-1] INFO  server.RaftServerConfigKeys (ConfUtils.java:logGet(43)) - raft.server.log.appender.buffer.byte-limit = 33554432 (custom)
2019-10-08 04:07:16,896 [pool-207-thread-1] INFO  server.RaftServerConfigKeys (ConfUtils.java:logGet(43)) - raft.server.log.segment.size.max = 1048576 (custom)
2019-10-08 04:07:16,898 [pool-207-thread-1] INFO  server.RaftServerConfigKeys (ConfUtils.java:logGet(43)) - raft.server.log.segment.cache.num.max = 2 (custom)
2019-10-08 04:07:16,898 [pool-207-thread-1] INFO  segmented.SegmentedRaftLogWorker (SegmentedRaftLogWorker.java:<init>(173)) - new 514e48b2-8b0c-49e3-a876-ea0b957cf5ec@group-8AB10C0396B0-SegmentedRaftLogWorker for RaftStorage:Storage Directory /workdir/hadoop-ozone/integration-test/target/test-dir/MiniOzoneClusterImpl-72230a9d-aef9-4496-b11f-d5eccdf763b4/datanode-0/data/ratis/c558e675-daef-4b3f-ae1e-8ab10c0396b0
2019-10-08 04:07:16,898 [pool-207-thread-1] INFO  server.RaftServerConfigKeys (ConfUtils.java:logGet(43)) - raft.server.log.queue.byte-limit = 2147483647 (custom)
2019-10-08 04:07:16,898 [pool-207-thread-1] INFO  server.RaftServerConfigKeys (ConfUtils.java:logGet(43)) - raft.server.log.queue.element-limit = 1024 (custom)
2019-10-08 04:07:16,899 [pool-207-thread-1] INFO  server.RaftServerConfigKeys (ConfUtils.java:logGet(43)) - raft.server.log.segment.size.max = 1048576 (custom)
2019-10-08 04:07:16,899 [pool-207-thread-1] INFO  server.RaftServerConfigKeys (ConfUtils.java:logGet(43)) - raft.server.log.preallocated.size = 16384 (custom)
2019-10-08 04:07:16,899 [pool-207-thread-1] INFO  server.RaftServerConfigKeys (ConfUtils.java:logGet(43)) - raft.server.log.write.buffer.size = 33554432 (custom)
2019-10-08 04:07:16,899 [pool-207-thread-1] INFO  server.RaftServerConfigKeys (ConfUtils.java:logGet(43)) - raft.server.log.force.sync.num = 128 (default)
2019-10-08 04:07:16,899 [pool-207-thread-1] INFO  server.RaftServerConfigKeys (ConfUtils.java:logGet(43)) - raft.server.log.statemachine.data.sync = true (default)
2019-10-08 04:07:16,899 [pool-207-thread-1] INFO  server.RaftServerConfigKeys (ConfUtils.java:logGet(43)) - raft.server.log.statemachine.data.sync.timeout = 10s (default)
2019-10-08 04:07:16,899 [pool-207-thread-1] INFO  server.RaftServerConfigKeys (ConfUtils.java:logGet(43)) - raft.server.log.statemachine.data.sync.timeout.retry = -1 (default)
2019-10-08 04:07:16,900 [pool-207-thread-1] INFO  server.RaftServerConfigKeys (ConfUtils.java:logGet(43)) - raft.server.log.statemachine.data.caching.enabled = true (custom)
2019-10-08 04:07:16,900 [pool-207-thread-1] INFO  segmented.SegmentedRaftLogWorker (SegmentedRaftLogWorker.java:lambda$new$0(128)) - 514e48b2-8b0c-49e3-a876-ea0b957cf5ec@group-8AB10C0396B0-SegmentedRaftLogWorker: flushIndex: setUnconditionally 0 -> -1
2019-10-08 04:07:16,901 [pool-207-thread-1] INFO  server.RaftServerConfigKeys (ConfUtils.java:logGet(43)) - raft.server.snapshot.auto.trigger.enabled = true (custom)
2019-10-08 04:07:16,901 [pool-207-thread-1] INFO  server.RaftServerConfigKeys (ConfUtils.java:logGet(43)) - raft.server.snapshot.auto.trigger.threshold = 10000 (custom)
2019-10-08 04:07:16,901 [pool-207-thread-1] INFO  server.RaftServerConfigKeys (ConfUtils.java:logGet(43)) - raft.server.snapshot.retention.file.num = 5 (custom)
2019-10-08 04:07:16,901 [pool-207-thread-1] INFO  server.RaftServerConfigKeys (ConfUtils.java:logGet(43)) - raft.server.retrycache.expirytime = 600000ms (custom)
2019-10-08 04:07:16,903 [pool-207-thread-1] INFO  impl.RaftServerImpl (RaftServerImpl.java:start(181)) - 514e48b2-8b0c-49e3-a876-ea0b957cf5ec@group-8AB10C0396B0: start as a follower, conf=-1: [514e48b2-8b0c-49e3-a876-ea0b957cf5ec:192.168.151.83:37398], old=null
2019-10-08 04:07:16,904 [pool-207-thread-1] INFO  impl.RaftServerImpl (RaftServerImpl.java:setRole(170)) - 514e48b2-8b0c-49e3-a876-ea0b957cf5ec@group-8AB10C0396B0: changes role from      null to FOLLOWER at term 0 for startAsFollower
2019-10-08 04:07:16,904 [pool-207-thread-1] INFO  impl.RoleInfo (RoleInfo.java:updateAndGet(143)) - 514e48b2-8b0c-49e3-a876-ea0b957cf5ec: start FollowerState
2019-10-08 04:07:16,904 [pool-207-thread-1] INFO  util.JmxRegister (JmxRegister.java:tryRegister(44)) - Successfully registered JMX Bean with object name Ratis:service=RaftServer,group=group-8AB10C0396B0,id=514e48b2-8b0c-49e3-a876-ea0b957cf5ec
2019-10-08 04:07:16,913 [RatisPipelineUtilsThread] INFO  pipeline.PipelineStateManager (PipelineStateManager.java:addPipeline(56)) - Created pipeline Pipeline[ Id: c558e675-daef-4b3f-ae1e-8ab10c0396b0, Nodes: 514e48b2-8b0c-49e3-a876-ea0b957cf5ec{ip: 192.168.151.83, host: pr-hdds-2217-jqnfv-3133698562, networkLocation: /default-rack, certSerialId: null}, Type:RATIS, Factor:ONE, State:OPEN]
2019-10-08 04:07:16,931 [grpc-default-executor-1] INFO  impl.RaftServerProxy (RaftServerProxy.java:addNew(89)) - e6210659-57a7-414b-bcf0-b44ac3656a74: addNew group-F635FB04CD74:[e6210659-57a7-414b-bcf0-b44ac3656a74:192.168.151.83:42201] returns group-F635FB04CD74:java.util.concurrent.CompletableFuture@6aad82c2[Not completed]
2019-10-08 04:07:16,933 [pool-217-thread-1] INFO  impl.RaftServerImpl (RaftServerImpl.java:<init>(95)) - e6210659-57a7-414b-bcf0-b44ac3656a74: new RaftServerImpl for group-F635FB04CD74:[e6210659-57a7-414b-bcf0-b44ac3656a74:192.168.151.83:42201] with ContainerStateMachine:uninitialized
2019-10-08 04:07:16,933 [pool-217-thread-1] INFO  server.RaftServerConfigKeys (ConfUtils.java:logGet(43)) - raft.server.rpc.timeout.min = 5s (custom)
2019-10-08 04:07:16,933 [pool-217-thread-1] INFO  server.RaftServerConfigKeys (ConfUtils.java:logGet(43)) - raft.server.rpc.timeout.max = 5200ms (custom)
2019-10-08 04:07:16,933 [pool-217-thread-1] INFO  server.RaftServerConfigKeys (ConfUtils.java:logGet(43)) - raft.server.rpcslowness.timeout = 120s (custom)
2019-10-08 04:07:16,933 [pool-217-thread-1] INFO  server.RaftServerConfigKeys (ConfUtils.java:logGet(43)) - raft.server.sleep.deviation.threshold = 300 (default)
2019-10-08 04:07:16,933 [pool-217-thread-1] INFO  server.RaftServerConfigKeys (ConfUtils.java:logGet(43)) - raft.server.log.appender.install.snapshot.enabled = false (custom)
2019-10-08 04:07:16,934 [pool-217-thread-1] INFO  impl.RaftServerImpl (ServerState.java:<init>(103)) - e6210659-57a7-414b-bcf0-b44ac3656a74@group-F635FB04CD74: ConfigurationManager, init=-1: [e6210659-57a7-414b-bcf0-b44ac3656a74:192.168.151.83:42201], old=null, confs=<EMPTY_MAP>
2019-10-08 04:07:16,934 [pool-217-thread-1] INFO  server.RaftServerConfigKeys (ConfUtils.java:logGet(43)) - raft.server.storage.dir = [/workdir/hadoop-ozone/integration-test/target/test-dir/MiniOzoneClusterImpl-72230a9d-aef9-4496-b11f-d5eccdf763b4/datanode-1/data/ratis] (custom)
2019-10-08 04:07:16,934 [pool-217-thread-1] INFO  server.RaftServerConfigKeys (ConfUtils.java:logGet(43)) - raft.server.log.corruption.policy = EXCEPTION (default)
2019-10-08 04:07:16,934 [pool-217-thread-1] INFO  storage.RaftStorageDirectory (RaftStorageDirectory.java:analyzeStorage(246)) - The storage directory /workdir/hadoop-ozone/integration-test/target/test-dir/MiniOzoneClusterImpl-72230a9d-aef9-4496-b11f-d5eccdf763b4/datanode-1/data/ratis/32f4783c-453c-4e62-aec6-f635fb04cd74 does not exist. Creating ...
2019-10-08 04:07:16,948 [pool-217-thread-1] INFO  storage.RaftStorageDirectory (RaftStorageDirectory.java:tryLock(328)) - Lock on /workdir/hadoop-ozone/integration-test/target/test-dir/MiniOzoneClusterImpl-72230a9d-aef9-4496-b11f-d5eccdf763b4/datanode-1/data/ratis/32f4783c-453c-4e62-aec6-f635fb04cd74/in_use.lock acquired by nodename 22889@pr-hdds-2217-jqnfv-3133698562
2019-10-08 04:07:16,951 [IPC Server handler 2 on 33634] INFO  net.NetworkTopology (NetworkTopologyImpl.java:add(111)) - Added a new node: /default-rack/53d4e2b8-d7c3-4e33-8543-84865c350f2c
2019-10-08 04:07:16,951 [IPC Server handler 2 on 33634] INFO  node.SCMNodeManager (SCMNodeManager.java:register(268)) - Registered Data node : 53d4e2b8-d7c3-4e33-8543-84865c350f2c{ip: 192.168.151.83, host: pr-hdds-2217-jqnfv-3133698562, networkLocation: /default-rack, certSerialId: null}
2019-10-08 04:07:16,961 [pool-217-thread-1] INFO  storage.RaftStorage (RaftStorage.java:format(84)) - Storage directory /workdir/hadoop-ozone/integration-test/target/test-dir/MiniOzoneClusterImpl-72230a9d-aef9-4496-b11f-d5eccdf763b4/datanode-1/data/ratis/32f4783c-453c-4e62-aec6-f635fb04cd74 has been successfully formatted.
2019-10-08 04:07:16,961 [pool-217-thread-1] INFO  ratis.ContainerStateMachine (ContainerStateMachine.java:loadSnapshot(231)) - group-F635FB04CD74: The snapshot info is null. Setting the last applied indexto:(t:0, i:~)
2019-10-08 04:07:16,961 [pool-217-thread-1] INFO  server.RaftServerConfigKeys (ConfUtils.java:logGet(43)) - raft.server.notification.no-leader.timeout = 120s (custom)
2019-10-08 04:07:16,961 [pool-217-thread-1] INFO  server.RaftServerConfigKeys (ConfUtils.java:logGet(43)) - raft.server.log.use.memory = false (default)
2019-10-08 04:07:16,962 [pool-217-thread-1] INFO  server.RaftServerConfigKeys (ConfUtils.java:logGet(43)) - raft.server.log.purge.gap = 1000000 (custom)
2019-10-08 04:07:16,962 [pool-217-thread-1] INFO  server.RaftServerConfigKeys (ConfUtils.java:logGet(43)) - raft.server.log.appender.buffer.byte-limit = 33554432 (custom)
2019-10-08 04:07:16,962 [pool-217-thread-1] INFO  server.RaftServerConfigKeys (ConfUtils.java:logGet(43)) - raft.server.log.segment.size.max = 1048576 (custom)
2019-10-08 04:07:16,964 [pool-217-thread-1] INFO  server.RaftServerConfigKeys (ConfUtils.java:logGet(43)) - raft.server.log.segment.cache.num.max = 2 (custom)
2019-10-08 04:07:16,964 [pool-217-thread-1] INFO  segmented.SegmentedRaftLogWorker (SegmentedRaftLogWorker.java:<init>(173)) - new e6210659-57a7-414b-bcf0-b44ac3656a74@group-F635FB04CD74-SegmentedRaftLogWorker for RaftStorage:Storage Directory /workdir/hadoop-ozone/integration-test/target/test-dir/MiniOzoneClusterImpl-72230a9d-aef9-4496-b11f-d5eccdf763b4/datanode-1/data/ratis/32f4783c-453c-4e62-aec6-f635fb04cd74
2019-10-08 04:07:16,964 [pool-217-thread-1] INFO  server.RaftServerConfigKeys (ConfUtils.java:logGet(43)) - raft.server.log.queue.byte-limit = 2147483647 (custom)
2019-10-08 04:07:16,965 [pool-217-thread-1] INFO  server.RaftServerConfigKeys (ConfUtils.java:logGet(43)) - raft.server.log.queue.element-limit = 1024 (custom)
2019-10-08 04:07:16,965 [pool-217-thread-1] INFO  server.RaftServerConfigKeys (ConfUtils.java:logGet(43)) - raft.server.log.segment.size.max = 1048576 (custom)
2019-10-08 04:07:16,965 [pool-217-thread-1] INFO  server.RaftServerConfigKeys (ConfUtils.java:logGet(43)) - raft.server.log.preallocated.size = 16384 (custom)
2019-10-08 04:07:16,965 [pool-217-thread-1] INFO  server.RaftServerConfigKeys (ConfUtils.java:logGet(43)) - raft.server.log.write.buffer.size = 33554432 (custom)
2019-10-08 04:07:16,965 [pool-217-thread-1] INFO  server.RaftServerConfigKeys (ConfUtils.java:logGet(43)) - raft.server.log.force.sync.num = 128 (default)
2019-10-08 04:07:16,965 [pool-217-thread-1] INFO  server.RaftServerConfigKeys (ConfUtils.java:logGet(43)) - raft.server.log.statemachine.data.sync = true (default)
2019-10-08 04:07:16,966 [pool-217-thread-1] INFO  server.RaftServerConfigKeys (ConfUtils.java:logGet(43)) - raft.server.log.statemachine.data.sync.timeout = 10s (default)
2019-10-08 04:07:16,966 [pool-217-thread-1] INFO  server.RaftServerConfigKeys (ConfUtils.java:logGet(43)) - raft.server.log.statemachine.data.sync.timeout.retry = -1 (default)
2019-10-08 04:07:16,966 [pool-217-thread-1] INFO  server.RaftServerConfigKeys (ConfUtils.java:logGet(43)) - raft.server.log.statemachine.data.caching.enabled = true (custom)
2019-10-08 04:07:16,967 [pool-217-thread-1] INFO  segmented.SegmentedRaftLogWorker (SegmentedRaftLogWorker.java:lambda$new$0(128)) - e6210659-57a7-414b-bcf0-b44ac3656a74@group-F635FB04CD74-SegmentedRaftLogWorker: flushIndex: setUnconditionally 0 -> -1
2019-10-08 04:07:16,967 [pool-217-thread-1] INFO  server.RaftServerConfigKeys (ConfUtils.java:logGet(43)) - raft.server.snapshot.auto.trigger.enabled = true (custom)
2019-10-08 04:07:16,967 [pool-217-thread-1] INFO  server.RaftServerConfigKeys (ConfUtils.java:logGet(43)) - raft.server.snapshot.auto.trigger.threshold = 10000 (custom)
2019-10-08 04:07:16,967 [pool-217-thread-1] INFO  server.RaftServerConfigKeys (ConfUtils.java:logGet(43)) - raft.server.snapshot.retention.file.num = 5 (custom)
2019-10-08 04:07:16,967 [pool-217-thread-1] INFO  server.RaftServerConfigKeys (ConfUtils.java:logGet(43)) - raft.server.retrycache.expirytime = 600000ms (custom)
2019-10-08 04:07:16,969 [pool-217-thread-1] INFO  impl.RaftServerImpl (RaftServerImpl.java:start(181)) - e6210659-57a7-414b-bcf0-b44ac3656a74@group-F635FB04CD74: start as a follower, conf=-1: [e6210659-57a7-414b-bcf0-b44ac3656a74:192.168.151.83:42201], old=null
2019-10-08 04:07:16,970 [pool-217-thread-1] INFO  impl.RaftServerImpl (RaftServerImpl.java:setRole(170)) - e6210659-57a7-414b-bcf0-b44ac3656a74@group-F635FB04CD74: changes role from      null to FOLLOWER at term 0 for startAsFollower
2019-10-08 04:07:16,970 [pool-217-thread-1] INFO  impl.RoleInfo (RoleInfo.java:updateAndGet(143)) - e6210659-57a7-414b-bcf0-b44ac3656a74: start FollowerState
2019-10-08 04:07:16,970 [pool-217-thread-1] INFO  util.JmxRegister (JmxRegister.java:tryRegister(44)) - Successfully registered JMX Bean with object name Ratis:service=RaftServer,group=group-F635FB04CD74,id=e6210659-57a7-414b-bcf0-b44ac3656a74
2019-10-08 04:07:16,977 [RatisPipelineUtilsThread] INFO  pipeline.PipelineStateManager (PipelineStateManager.java:addPipeline(56)) - Created pipeline Pipeline[ Id: 32f4783c-453c-4e62-aec6-f635fb04cd74, Nodes: e6210659-57a7-414b-bcf0-b44ac3656a74{ip: 192.168.151.83, host: pr-hdds-2217-jqnfv-3133698562, networkLocation: /default-rack, certSerialId: null}, Type:RATIS, Factor:ONE, State:OPEN]
2019-10-08 04:07:16,986 [grpc-default-executor-1] INFO  impl.RaftServerProxy (RaftServerProxy.java:addNew(89)) - 53d4e2b8-d7c3-4e33-8543-84865c350f2c: addNew group-F3DF9AB14CF7:[53d4e2b8-d7c3-4e33-8543-84865c350f2c:192.168.151.83:46095] returns group-F3DF9AB14CF7:java.util.concurrent.CompletableFuture@73bec213[Not completed]
2019-10-08 04:07:16,988 [pool-227-thread-1] INFO  impl.RaftServerImpl (RaftServerImpl.java:<init>(95)) - 53d4e2b8-d7c3-4e33-8543-84865c350f2c: new RaftServerImpl for group-F3DF9AB14CF7:[53d4e2b8-d7c3-4e33-8543-84865c350f2c:192.168.151.83:46095] with ContainerStateMachine:uninitialized
2019-10-08 04:07:16,988 [pool-227-thread-1] INFO  server.RaftServerConfigKeys (ConfUtils.java:logGet(43)) - raft.server.rpc.timeout.min = 5s (custom)
2019-10-08 04:07:16,988 [pool-227-thread-1] INFO  server.RaftServerConfigKeys (ConfUtils.java:logGet(43)) - raft.server.rpc.timeout.max = 5200ms (custom)
2019-10-08 04:07:16,988 [pool-227-thread-1] INFO  server.RaftServerConfigKeys (ConfUtils.java:logGet(43)) - raft.server.rpcslowness.timeout = 120s (custom)
2019-10-08 04:07:16,989 [pool-227-thread-1] INFO  server.RaftServerConfigKeys (ConfUtils.java:logGet(43)) - raft.server.sleep.deviation.threshold = 300 (default)
2019-10-08 04:07:16,989 [pool-227-thread-1] INFO  server.RaftServerConfigKeys (ConfUtils.java:logGet(43)) - raft.server.log.appender.install.snapshot.enabled = false (custom)
2019-10-08 04:07:16,989 [pool-227-thread-1] INFO  impl.RaftServerImpl (ServerState.java:<init>(103)) - 53d4e2b8-d7c3-4e33-8543-84865c350f2c@group-F3DF9AB14CF7: ConfigurationManager, init=-1: [53d4e2b8-d7c3-4e33-8543-84865c350f2c:192.168.151.83:46095], old=null, confs=<EMPTY_MAP>
2019-10-08 04:07:16,989 [pool-227-thread-1] INFO  server.RaftServerConfigKeys (ConfUtils.java:logGet(43)) - raft.server.storage.dir = [/workdir/hadoop-ozone/integration-test/target/test-dir/MiniOzoneClusterImpl-72230a9d-aef9-4496-b11f-d5eccdf763b4/datanode-2/data/ratis] (custom)
2019-10-08 04:07:16,989 [pool-227-thread-1] INFO  server.RaftServerConfigKeys (ConfUtils.java:logGet(43)) - raft.server.log.corruption.policy = EXCEPTION (default)
2019-10-08 04:07:16,990 [pool-227-thread-1] INFO  storage.RaftStorageDirectory (RaftStorageDirectory.java:analyzeStorage(246)) - The storage directory /workdir/hadoop-ozone/integration-test/target/test-dir/MiniOzoneClusterImpl-72230a9d-aef9-4496-b11f-d5eccdf763b4/datanode-2/data/ratis/026fd119-bdc2-4da9-8a3d-f3df9ab14cf7 does not exist. Creating ...
2019-10-08 04:07:17,002 [pool-227-thread-1] INFO  storage.RaftStorageDirectory (RaftStorageDirectory.java:tryLock(328)) - Lock on /workdir/hadoop-ozone/integration-test/target/test-dir/MiniOzoneClusterImpl-72230a9d-aef9-4496-b11f-d5eccdf763b4/datanode-2/data/ratis/026fd119-bdc2-4da9-8a3d-f3df9ab14cf7/in_use.lock acquired by nodename 22889@pr-hdds-2217-jqnfv-3133698562
2019-10-08 04:07:17,015 [pool-227-thread-1] INFO  storage.RaftStorage (RaftStorage.java:format(84)) - Storage directory /workdir/hadoop-ozone/integration-test/target/test-dir/MiniOzoneClusterImpl-72230a9d-aef9-4496-b11f-d5eccdf763b4/datanode-2/data/ratis/026fd119-bdc2-4da9-8a3d-f3df9ab14cf7 has been successfully formatted.
2019-10-08 04:07:17,016 [pool-227-thread-1] INFO  ratis.ContainerStateMachine (ContainerStateMachine.java:loadSnapshot(231)) - group-F3DF9AB14CF7: The snapshot info is null. Setting the last applied indexto:(t:0, i:~)
2019-10-08 04:07:17,016 [pool-227-thread-1] INFO  server.RaftServerConfigKeys (ConfUtils.java:logGet(43)) - raft.server.notification.no-leader.timeout = 120s (custom)
2019-10-08 04:07:17,016 [pool-227-thread-1] INFO  server.RaftServerConfigKeys (ConfUtils.java:logGet(43)) - raft.server.log.use.memory = false (default)
2019-10-08 04:07:17,016 [pool-227-thread-1] INFO  server.RaftServerConfigKeys (ConfUtils.java:logGet(43)) - raft.server.log.purge.gap = 1000000 (custom)
2019-10-08 04:07:17,016 [pool-227-thread-1] INFO  server.RaftServerConfigKeys (ConfUtils.java:logGet(43)) - raft.server.log.appender.buffer.byte-limit = 33554432 (custom)
2019-10-08 04:07:17,016 [pool-227-thread-1] INFO  server.RaftServerConfigKeys (ConfUtils.java:logGet(43)) - raft.server.log.segment.size.max = 1048576 (custom)
2019-10-08 04:07:17,019 [pool-227-thread-1] INFO  server.RaftServerConfigKeys (ConfUtils.java:logGet(43)) - raft.server.log.segment.cache.num.max = 2 (custom)
2019-10-08 04:07:17,019 [pool-227-thread-1] INFO  segmented.SegmentedRaftLogWorker (SegmentedRaftLogWorker.java:<init>(173)) - new 53d4e2b8-d7c3-4e33-8543-84865c350f2c@group-F3DF9AB14CF7-SegmentedRaftLogWorker for RaftStorage:Storage Directory /workdir/hadoop-ozone/integration-test/target/test-dir/MiniOzoneClusterImpl-72230a9d-aef9-4496-b11f-d5eccdf763b4/datanode-2/data/ratis/026fd119-bdc2-4da9-8a3d-f3df9ab14cf7
2019-10-08 04:07:17,019 [pool-227-thread-1] INFO  server.RaftServerConfigKeys (ConfUtils.java:logGet(43)) - raft.server.log.queue.byte-limit = 2147483647 (custom)
2019-10-08 04:07:17,019 [pool-227-thread-1] INFO  server.RaftServerConfigKeys (ConfUtils.java:logGet(43)) - raft.server.log.queue.element-limit = 1024 (custom)
2019-10-08 04:07:17,019 [pool-227-thread-1] INFO  server.RaftServerConfigKeys (ConfUtils.java:logGet(43)) - raft.server.log.segment.size.max = 1048576 (custom)
2019-10-08 04:07:17,020 [pool-227-thread-1] INFO  server.RaftServerConfigKeys (ConfUtils.java:logGet(43)) - raft.server.log.preallocated.size = 16384 (custom)
2019-10-08 04:07:17,020 [pool-227-thread-1] INFO  server.RaftServerConfigKeys (ConfUtils.java:logGet(43)) - raft.server.log.write.buffer.size = 33554432 (custom)
2019-10-08 04:07:17,020 [pool-227-thread-1] INFO  server.RaftServerConfigKeys (ConfUtils.java:logGet(43)) - raft.server.log.force.sync.num = 128 (default)
2019-10-08 04:07:17,020 [IPC Server handler 3 on 33634] INFO  net.NetworkTopology (NetworkTopologyImpl.java:add(111)) - Added a new node: /default-rack/8182f3c3-6485-4730-b171-cad52f435bf6
2019-10-08 04:07:17,020 [pool-227-thread-1] INFO  server.RaftServerConfigKeys (ConfUtils.java:logGet(43)) - raft.server.log.statemachine.data.sync = true (default)
2019-10-08 04:07:17,020 [IPC Server handler 3 on 33634] INFO  node.SCMNodeManager (SCMNodeManager.java:register(268)) - Registered Data node : 8182f3c3-6485-4730-b171-cad52f435bf6{ip: 192.168.151.83, host: pr-hdds-2217-jqnfv-3133698562, networkLocation: /default-rack, certSerialId: null}
2019-10-08 04:07:17,020 [pool-227-thread-1] INFO  server.RaftServerConfigKeys (ConfUtils.java:logGet(43)) - raft.server.log.statemachine.data.sync.timeout = 10s (default)
2019-10-08 04:07:17,021 [pool-227-thread-1] INFO  server.RaftServerConfigKeys (ConfUtils.java:logGet(43)) - raft.server.log.statemachine.data.sync.timeout.retry = -1 (default)
2019-10-08 04:07:17,021 [pool-227-thread-1] INFO  server.RaftServerConfigKeys (ConfUtils.java:logGet(43)) - raft.server.log.statemachine.data.caching.enabled = true (custom)
2019-10-08 04:07:17,022 [pool-227-thread-1] INFO  segmented.SegmentedRaftLogWorker (SegmentedRaftLogWorker.java:lambda$new$0(128)) - 53d4e2b8-d7c3-4e33-8543-84865c350f2c@group-F3DF9AB14CF7-SegmentedRaftLogWorker: flushIndex: setUnconditionally 0 -> -1
2019-10-08 04:07:17,022 [pool-227-thread-1] INFO  server.RaftServerConfigKeys (ConfUtils.java:logGet(43)) - raft.server.snapshot.auto.trigger.enabled = true (custom)
2019-10-08 04:07:17,022 [pool-227-thread-1] INFO  server.RaftServerConfigKeys (ConfUtils.java:logGet(43)) - raft.server.snapshot.auto.trigger.threshold = 10000 (custom)
2019-10-08 04:07:17,022 [pool-227-thread-1] INFO  server.RaftServerConfigKeys (ConfUtils.java:logGet(43)) - raft.server.snapshot.retention.file.num = 5 (custom)
2019-10-08 04:07:17,022 [pool-227-thread-1] INFO  server.RaftServerConfigKeys (ConfUtils.java:logGet(43)) - raft.server.retrycache.expirytime = 600000ms (custom)
2019-10-08 04:07:17,024 [pool-227-thread-1] INFO  impl.RaftServerImpl (RaftServerImpl.java:start(181)) - 53d4e2b8-d7c3-4e33-8543-84865c350f2c@group-F3DF9AB14CF7: start as a follower, conf=-1: [53d4e2b8-d7c3-4e33-8543-84865c350f2c:192.168.151.83:46095], old=null
2019-10-08 04:07:17,024 [pool-227-thread-1] INFO  impl.RaftServerImpl (RaftServerImpl.java:setRole(170)) - 53d4e2b8-d7c3-4e33-8543-84865c350f2c@group-F3DF9AB14CF7: changes role from      null to FOLLOWER at term 0 for startAsFollower
2019-10-08 04:07:17,025 [pool-227-thread-1] INFO  impl.RoleInfo (RoleInfo.java:updateAndGet(143)) - 53d4e2b8-d7c3-4e33-8543-84865c350f2c: start FollowerState
2019-10-08 04:07:17,025 [pool-227-thread-1] INFO  util.JmxRegister (JmxRegister.java:tryRegister(44)) - Successfully registered JMX Bean with object name Ratis:service=RaftServer,group=group-F3DF9AB14CF7,id=53d4e2b8-d7c3-4e33-8543-84865c350f2c
2019-10-08 04:07:17,032 [RatisPipelineUtilsThread] INFO  pipeline.PipelineStateManager (PipelineStateManager.java:addPipeline(56)) - Created pipeline Pipeline[ Id: 026fd119-bdc2-4da9-8a3d-f3df9ab14cf7, Nodes: 53d4e2b8-d7c3-4e33-8543-84865c350f2c{ip: 192.168.151.83, host: pr-hdds-2217-jqnfv-3133698562, networkLocation: /default-rack, certSerialId: null}, Type:RATIS, Factor:ONE, State:OPEN]
2019-10-08 04:07:17,042 [grpc-default-executor-1] INFO  impl.RaftServerProxy (RaftServerProxy.java:addNew(89)) - 8182f3c3-6485-4730-b171-cad52f435bf6: addNew group-17D90E5364B0:[8182f3c3-6485-4730-b171-cad52f435bf6:192.168.151.83:41319] returns group-17D90E5364B0:java.util.concurrent.CompletableFuture@107aa2e6[Not completed]
2019-10-08 04:07:17,044 [pool-237-thread-1] INFO  impl.RaftServerImpl (RaftServerImpl.java:<init>(95)) - 8182f3c3-6485-4730-b171-cad52f435bf6: new RaftServerImpl for group-17D90E5364B0:[8182f3c3-6485-4730-b171-cad52f435bf6:192.168.151.83:41319] with ContainerStateMachine:uninitialized
2019-10-08 04:07:17,044 [pool-237-thread-1] INFO  server.RaftServerConfigKeys (ConfUtils.java:logGet(43)) - raft.server.rpc.timeout.min = 5s (custom)
2019-10-08 04:07:17,044 [pool-237-thread-1] INFO  server.RaftServerConfigKeys (ConfUtils.java:logGet(43)) - raft.server.rpc.timeout.max = 5200ms (custom)
2019-10-08 04:07:17,044 [pool-237-thread-1] INFO  server.RaftServerConfigKeys (ConfUtils.java:logGet(43)) - raft.server.rpcslowness.timeout = 120s (custom)
2019-10-08 04:07:17,044 [pool-237-thread-1] INFO  server.RaftServerConfigKeys (ConfUtils.java:logGet(43)) - raft.server.sleep.deviation.threshold = 300 (default)
2019-10-08 04:07:17,044 [pool-237-thread-1] INFO  server.RaftServerConfigKeys (ConfUtils.java:logGet(43)) - raft.server.log.appender.install.snapshot.enabled = false (custom)
2019-10-08 04:07:17,045 [pool-237-thread-1] INFO  impl.RaftServerImpl (ServerState.java:<init>(103)) - 8182f3c3-6485-4730-b171-cad52f435bf6@group-17D90E5364B0: ConfigurationManager, init=-1: [8182f3c3-6485-4730-b171-cad52f435bf6:192.168.151.83:41319], old=null, confs=<EMPTY_MAP>
2019-10-08 04:07:17,045 [pool-237-thread-1] INFO  server.RaftServerConfigKeys (ConfUtils.java:logGet(43)) - raft.server.storage.dir = [/workdir/hadoop-ozone/integration-test/target/test-dir/MiniOzoneClusterImpl-72230a9d-aef9-4496-b11f-d5eccdf763b4/datanode-3/data/ratis] (custom)
2019-10-08 04:07:17,045 [pool-237-thread-1] INFO  server.RaftServerConfigKeys (ConfUtils.java:logGet(43)) - raft.server.log.corruption.policy = EXCEPTION (default)
2019-10-08 04:07:17,045 [pool-237-thread-1] INFO  storage.RaftStorageDirectory (RaftStorageDirectory.java:analyzeStorage(246)) - The storage directory /workdir/hadoop-ozone/integration-test/target/test-dir/MiniOzoneClusterImpl-72230a9d-aef9-4496-b11f-d5eccdf763b4/datanode-3/data/ratis/9a0abc46-c645-4554-aaab-17d90e5364b0 does not exist. Creating ...
2019-10-08 04:07:17,058 [pool-237-thread-1] INFO  storage.RaftStorageDirectory (RaftStorageDirectory.java:tryLock(328)) - Lock on /workdir/hadoop-ozone/integration-test/target/test-dir/MiniOzoneClusterImpl-72230a9d-aef9-4496-b11f-d5eccdf763b4/datanode-3/data/ratis/9a0abc46-c645-4554-aaab-17d90e5364b0/in_use.lock acquired by nodename 22889@pr-hdds-2217-jqnfv-3133698562
2019-10-08 04:07:17,070 [pool-237-thread-1] INFO  storage.RaftStorage (RaftStorage.java:format(84)) - Storage directory /workdir/hadoop-ozone/integration-test/target/test-dir/MiniOzoneClusterImpl-72230a9d-aef9-4496-b11f-d5eccdf763b4/datanode-3/data/ratis/9a0abc46-c645-4554-aaab-17d90e5364b0 has been successfully formatted.
2019-10-08 04:07:17,071 [pool-237-thread-1] INFO  ratis.ContainerStateMachine (ContainerStateMachine.java:loadSnapshot(231)) - group-17D90E5364B0: The snapshot info is null. Setting the last applied indexto:(t:0, i:~)
2019-10-08 04:07:17,071 [pool-237-thread-1] INFO  server.RaftServerConfigKeys (ConfUtils.java:logGet(43)) - raft.server.notification.no-leader.timeout = 120s (custom)
2019-10-08 04:07:17,071 [pool-237-thread-1] INFO  server.RaftServerConfigKeys (ConfUtils.java:logGet(43)) - raft.server.log.use.memory = false (default)
2019-10-08 04:07:17,071 [pool-237-thread-1] INFO  server.RaftServerConfigKeys (ConfUtils.java:logGet(43)) - raft.server.log.purge.gap = 1000000 (custom)
2019-10-08 04:07:17,071 [pool-237-thread-1] INFO  server.RaftServerConfigKeys (ConfUtils.java:logGet(43)) - raft.server.log.appender.buffer.byte-limit = 33554432 (custom)
2019-10-08 04:07:17,071 [pool-237-thread-1] INFO  server.RaftServerConfigKeys (ConfUtils.java:logGet(43)) - raft.server.log.segment.size.max = 1048576 (custom)
2019-10-08 04:07:17,073 [pool-237-thread-1] INFO  server.RaftServerConfigKeys (ConfUtils.java:logGet(43)) - raft.server.log.segment.cache.num.max = 2 (custom)
2019-10-08 04:07:17,074 [pool-237-thread-1] INFO  segmented.SegmentedRaftLogWorker (SegmentedRaftLogWorker.java:<init>(173)) - new 8182f3c3-6485-4730-b171-cad52f435bf6@group-17D90E5364B0-SegmentedRaftLogWorker for RaftStorage:Storage Directory /workdir/hadoop-ozone/integration-test/target/test-dir/MiniOzoneClusterImpl-72230a9d-aef9-4496-b11f-d5eccdf763b4/datanode-3/data/ratis/9a0abc46-c645-4554-aaab-17d90e5364b0
2019-10-08 04:07:17,074 [pool-237-thread-1] INFO  server.RaftServerConfigKeys (ConfUtils.java:logGet(43)) - raft.server.log.queue.byte-limit = 2147483647 (custom)
2019-10-08 04:07:17,074 [pool-237-thread-1] INFO  server.RaftServerConfigKeys (ConfUtils.java:logGet(43)) - raft.server.log.queue.element-limit = 1024 (custom)
2019-10-08 04:07:17,074 [pool-237-thread-1] INFO  server.RaftServerConfigKeys (ConfUtils.java:logGet(43)) - raft.server.log.segment.size.max = 1048576 (custom)
2019-10-08 04:07:17,074 [pool-237-thread-1] INFO  server.RaftServerConfigKeys (ConfUtils.java:logGet(43)) - raft.server.log.preallocated.size = 16384 (custom)
2019-10-08 04:07:17,074 [pool-237-thread-1] INFO  server.RaftServerConfigKeys (ConfUtils.java:logGet(43)) - raft.server.log.write.buffer.size = 33554432 (custom)
2019-10-08 04:07:17,074 [pool-237-thread-1] INFO  server.RaftServerConfigKeys (ConfUtils.java:logGet(43)) - raft.server.log.force.sync.num = 128 (default)
2019-10-08 04:07:17,075 [pool-237-thread-1] INFO  server.RaftServerConfigKeys (ConfUtils.java:logGet(43)) - raft.server.log.statemachine.data.sync = true (default)
2019-10-08 04:07:17,075 [pool-237-thread-1] INFO  server.RaftServerConfigKeys (ConfUtils.java:logGet(43)) - raft.server.log.statemachine.data.sync.timeout = 10s (default)
2019-10-08 04:07:17,075 [pool-237-thread-1] INFO  server.RaftServerConfigKeys (ConfUtils.java:logGet(43)) - raft.server.log.statemachine.data.sync.timeout.retry = -1 (default)
2019-10-08 04:07:17,075 [pool-237-thread-1] INFO  server.RaftServerConfigKeys (ConfUtils.java:logGet(43)) - raft.server.log.statemachine.data.caching.enabled = true (custom)
2019-10-08 04:07:17,076 [pool-237-thread-1] INFO  segmented.SegmentedRaftLogWorker (SegmentedRaftLogWorker.java:lambda$new$0(128)) - 8182f3c3-6485-4730-b171-cad52f435bf6@group-17D90E5364B0-SegmentedRaftLogWorker: flushIndex: setUnconditionally 0 -> -1
2019-10-08 04:07:17,076 [pool-237-thread-1] INFO  server.RaftServerConfigKeys (ConfUtils.java:logGet(43)) - raft.server.snapshot.auto.trigger.enabled = true (custom)
2019-10-08 04:07:17,076 [pool-237-thread-1] INFO  server.RaftServerConfigKeys (ConfUtils.java:logGet(43)) - raft.server.snapshot.auto.trigger.threshold = 10000 (custom)
2019-10-08 04:07:17,076 [pool-237-thread-1] INFO  server.RaftServerConfigKeys (ConfUtils.java:logGet(43)) - raft.server.snapshot.retention.file.num = 5 (custom)
2019-10-08 04:07:17,076 [pool-237-thread-1] INFO  server.RaftServerConfigKeys (ConfUtils.java:logGet(43)) - raft.server.retrycache.expirytime = 600000ms (custom)
2019-10-08 04:07:17,078 [pool-237-thread-1] INFO  impl.RaftServerImpl (RaftServerImpl.java:start(181)) - 8182f3c3-6485-4730-b171-cad52f435bf6@group-17D90E5364B0: start as a follower, conf=-1: [8182f3c3-6485-4730-b171-cad52f435bf6:192.168.151.83:41319], old=null
2019-10-08 04:07:17,078 [pool-237-thread-1] INFO  impl.RaftServerImpl (RaftServerImpl.java:setRole(170)) - 8182f3c3-6485-4730-b171-cad52f435bf6@group-17D90E5364B0: changes role from      null to FOLLOWER at term 0 for startAsFollower
2019-10-08 04:07:17,078 [pool-237-thread-1] INFO  impl.RoleInfo (RoleInfo.java:updateAndGet(143)) - 8182f3c3-6485-4730-b171-cad52f435bf6: start FollowerState
2019-10-08 04:07:17,079 [pool-237-thread-1] INFO  util.JmxRegister (JmxRegister.java:tryRegister(44)) - Successfully registered JMX Bean with object name Ratis:service=RaftServer,group=group-17D90E5364B0,id=8182f3c3-6485-4730-b171-cad52f435bf6
2019-10-08 04:07:17,087 [IPC Server handler 5 on 33634] INFO  net.NetworkTopology (NetworkTopologyImpl.java:add(111)) - Added a new node: /default-rack/9a86e02d-457a-4233-b456-1f823c7b9675
2019-10-08 04:07:17,087 [RatisPipelineUtilsThread] INFO  pipeline.PipelineStateManager (PipelineStateManager.java:addPipeline(56)) - Created pipeline Pipeline[ Id: 9a0abc46-c645-4554-aaab-17d90e5364b0, Nodes: 8182f3c3-6485-4730-b171-cad52f435bf6{ip: 192.168.151.83, host: pr-hdds-2217-jqnfv-3133698562, networkLocation: /default-rack, certSerialId: null}, Type:RATIS, Factor:ONE, State:OPEN]
2019-10-08 04:07:17,087 [IPC Server handler 5 on 33634] INFO  node.SCMNodeManager (SCMNodeManager.java:register(268)) - Registered Data node : 9a86e02d-457a-4233-b456-1f823c7b9675{ip: 192.168.151.83, host: pr-hdds-2217-jqnfv-3133698562, networkLocation: /default-rack, certSerialId: null}
2019-10-08 04:07:17,097 [grpc-default-executor-1] INFO  impl.RaftServerProxy (RaftServerProxy.java:addNew(89)) - 9a86e02d-457a-4233-b456-1f823c7b9675: addNew group-06834DBD56AE:[9a86e02d-457a-4233-b456-1f823c7b9675:192.168.151.83:39846] returns group-06834DBD56AE:java.util.concurrent.CompletableFuture@4dae317e[Not completed]
2019-10-08 04:07:17,098 [pool-247-thread-1] INFO  impl.RaftServerImpl (RaftServerImpl.java:<init>(95)) - 9a86e02d-457a-4233-b456-1f823c7b9675: new RaftServerImpl for group-06834DBD56AE:[9a86e02d-457a-4233-b456-1f823c7b9675:192.168.151.83:39846] with ContainerStateMachine:uninitialized
2019-10-08 04:07:17,098 [pool-247-thread-1] INFO  server.RaftServerConfigKeys (ConfUtils.java:logGet(43)) - raft.server.rpc.timeout.min = 5s (custom)
2019-10-08 04:07:17,098 [pool-247-thread-1] INFO  server.RaftServerConfigKeys (ConfUtils.java:logGet(43)) - raft.server.rpc.timeout.max = 5200ms (custom)
2019-10-08 04:07:17,099 [pool-247-thread-1] INFO  server.RaftServerConfigKeys (ConfUtils.java:logGet(43)) - raft.server.rpcslowness.timeout = 120s (custom)
2019-10-08 04:07:17,099 [pool-247-thread-1] INFO  server.RaftServerConfigKeys (ConfUtils.java:logGet(43)) - raft.server.sleep.deviation.threshold = 300 (default)
2019-10-08 04:07:17,099 [pool-247-thread-1] INFO  server.RaftServerConfigKeys (ConfUtils.java:logGet(43)) - raft.server.log.appender.install.snapshot.enabled = false (custom)
2019-10-08 04:07:17,099 [pool-247-thread-1] INFO  impl.RaftServerImpl (ServerState.java:<init>(103)) - 9a86e02d-457a-4233-b456-1f823c7b9675@group-06834DBD56AE: ConfigurationManager, init=-1: [9a86e02d-457a-4233-b456-1f823c7b9675:192.168.151.83:39846], old=null, confs=<EMPTY_MAP>
2019-10-08 04:07:17,099 [pool-247-thread-1] INFO  server.RaftServerConfigKeys (ConfUtils.java:logGet(43)) - raft.server.storage.dir = [/workdir/hadoop-ozone/integration-test/target/test-dir/MiniOzoneClusterImpl-72230a9d-aef9-4496-b11f-d5eccdf763b4/datanode-4/data/ratis] (custom)
2019-10-08 04:07:17,099 [pool-247-thread-1] INFO  server.RaftServerConfigKeys (ConfUtils.java:logGet(43)) - raft.server.log.corruption.policy = EXCEPTION (default)
2019-10-08 04:07:17,100 [pool-247-thread-1] INFO  storage.RaftStorageDirectory (RaftStorageDirectory.java:analyzeStorage(246)) - The storage directory /workdir/hadoop-ozone/integration-test/target/test-dir/MiniOzoneClusterImpl-72230a9d-aef9-4496-b11f-d5eccdf763b4/datanode-4/data/ratis/0783376f-066d-4171-b5f4-06834dbd56ae does not exist. Creating ...
2019-10-08 04:07:17,113 [pool-247-thread-1] INFO  storage.RaftStorageDirectory (RaftStorageDirectory.java:tryLock(328)) - Lock on /workdir/hadoop-ozone/integration-test/target/test-dir/MiniOzoneClusterImpl-72230a9d-aef9-4496-b11f-d5eccdf763b4/datanode-4/data/ratis/0783376f-066d-4171-b5f4-06834dbd56ae/in_use.lock acquired by nodename 22889@pr-hdds-2217-jqnfv-3133698562
2019-10-08 04:07:17,117 [pool-247-thread-1] INFO  storage.RaftStorage (RaftStorage.java:format(84)) - Storage directory /workdir/hadoop-ozone/integration-test/target/test-dir/MiniOzoneClusterImpl-72230a9d-aef9-4496-b11f-d5eccdf763b4/datanode-4/data/ratis/0783376f-066d-4171-b5f4-06834dbd56ae has been successfully formatted.
2019-10-08 04:07:17,117 [pool-247-thread-1] INFO  ratis.ContainerStateMachine (ContainerStateMachine.java:loadSnapshot(231)) - group-06834DBD56AE: The snapshot info is null. Setting the last applied indexto:(t:0, i:~)
2019-10-08 04:07:17,117 [pool-247-thread-1] INFO  server.RaftServerConfigKeys (ConfUtils.java:logGet(43)) - raft.server.notification.no-leader.timeout = 120s (custom)
2019-10-08 04:07:17,117 [pool-247-thread-1] INFO  server.RaftServerConfigKeys (ConfUtils.java:logGet(43)) - raft.server.log.use.memory = false (default)
2019-10-08 04:07:17,117 [pool-247-thread-1] INFO  server.RaftServerConfigKeys (ConfUtils.java:logGet(43)) - raft.server.log.purge.gap = 1000000 (custom)
2019-10-08 04:07:17,118 [pool-247-thread-1] INFO  server.RaftServerConfigKeys (ConfUtils.java:logGet(43)) - raft.server.log.appender.buffer.byte-limit = 33554432 (custom)
2019-10-08 04:07:17,118 [pool-247-thread-1] INFO  server.RaftServerConfigKeys (ConfUtils.java:logGet(43)) - raft.server.log.segment.size.max = 1048576 (custom)
2019-10-08 04:07:17,120 [pool-247-thread-1] INFO  server.RaftServerConfigKeys (ConfUtils.java:logGet(43)) - raft.server.log.segment.cache.num.max = 2 (custom)
2019-10-08 04:07:17,120 [pool-247-thread-1] INFO  segmented.SegmentedRaftLogWorker (SegmentedRaftLogWorker.java:<init>(173)) - new 9a86e02d-457a-4233-b456-1f823c7b9675@group-06834DBD56AE-SegmentedRaftLogWorker for RaftStorage:Storage Directory /workdir/hadoop-ozone/integration-test/target/test-dir/MiniOzoneClusterImpl-72230a9d-aef9-4496-b11f-d5eccdf763b4/datanode-4/data/ratis/0783376f-066d-4171-b5f4-06834dbd56ae
2019-10-08 04:07:17,120 [pool-247-thread-1] INFO  server.RaftServerConfigKeys (ConfUtils.java:logGet(43)) - raft.server.log.queue.byte-limit = 2147483647 (custom)
2019-10-08 04:07:17,120 [pool-247-thread-1] INFO  server.RaftServerConfigKeys (ConfUtils.java:logGet(43)) - raft.server.log.queue.element-limit = 1024 (custom)
2019-10-08 04:07:17,121 [pool-247-thread-1] INFO  server.RaftServerConfigKeys (ConfUtils.java:logGet(43)) - raft.server.log.segment.size.max = 1048576 (custom)
2019-10-08 04:07:17,121 [pool-247-thread-1] INFO  server.RaftServerConfigKeys (ConfUtils.java:logGet(43)) - raft.server.log.preallocated.size = 16384 (custom)
2019-10-08 04:07:17,121 [pool-247-thread-1] INFO  server.RaftServerConfigKeys (ConfUtils.java:logGet(43)) - raft.server.log.write.buffer.size = 33554432 (custom)
2019-10-08 04:07:17,121 [pool-247-thread-1] INFO  server.RaftServerConfigKeys (ConfUtils.java:logGet(43)) - raft.server.log.force.sync.num = 128 (default)
2019-10-08 04:07:17,121 [pool-247-thread-1] INFO  server.RaftServerConfigKeys (ConfUtils.java:logGet(43)) - raft.server.log.statemachine.data.sync = true (default)
2019-10-08 04:07:17,121 [pool-247-thread-1] INFO  server.RaftServerConfigKeys (ConfUtils.java:logGet(43)) - raft.server.log.statemachine.data.sync.timeout = 10s (default)
2019-10-08 04:07:17,121 [pool-247-thread-1] INFO  server.RaftServerConfigKeys (ConfUtils.java:logGet(43)) - raft.server.log.statemachine.data.sync.timeout.retry = -1 (default)
2019-10-08 04:07:17,122 [pool-247-thread-1] INFO  server.RaftServerConfigKeys (ConfUtils.java:logGet(43)) - raft.server.log.statemachine.data.caching.enabled = true (custom)
2019-10-08 04:07:17,122 [pool-247-thread-1] INFO  segmented.SegmentedRaftLogWorker (SegmentedRaftLogWorker.java:lambda$new$0(128)) - 9a86e02d-457a-4233-b456-1f823c7b9675@group-06834DBD56AE-SegmentedRaftLogWorker: flushIndex: setUnconditionally 0 -> -1
2019-10-08 04:07:17,123 [pool-247-thread-1] INFO  server.RaftServerConfigKeys (ConfUtils.java:logGet(43)) - raft.server.snapshot.auto.trigger.enabled = true (custom)
2019-10-08 04:07:17,123 [pool-247-thread-1] INFO  server.RaftServerConfigKeys (ConfUtils.java:logGet(43)) - raft.server.snapshot.auto.trigger.threshold = 10000 (custom)
2019-10-08 04:07:17,123 [pool-247-thread-1] INFO  server.RaftServerConfigKeys (ConfUtils.java:logGet(43)) - raft.server.snapshot.retention.file.num = 5 (custom)
2019-10-08 04:07:17,123 [pool-247-thread-1] INFO  server.RaftServerConfigKeys (ConfUtils.java:logGet(43)) - raft.server.retrycache.expirytime = 600000ms (custom)
2019-10-08 04:07:17,125 [pool-247-thread-1] INFO  impl.RaftServerImpl (RaftServerImpl.java:start(181)) - 9a86e02d-457a-4233-b456-1f823c7b9675@group-06834DBD56AE: start as a follower, conf=-1: [9a86e02d-457a-4233-b456-1f823c7b9675:192.168.151.83:39846], old=null
2019-10-08 04:07:17,125 [pool-247-thread-1] INFO  impl.RaftServerImpl (RaftServerImpl.java:setRole(170)) - 9a86e02d-457a-4233-b456-1f823c7b9675@group-06834DBD56AE: changes role from      null to FOLLOWER at term 0 for startAsFollower
2019-10-08 04:07:17,125 [pool-247-thread-1] INFO  impl.RoleInfo (RoleInfo.java:updateAndGet(143)) - 9a86e02d-457a-4233-b456-1f823c7b9675: start FollowerState
2019-10-08 04:07:17,126 [pool-247-thread-1] INFO  util.JmxRegister (JmxRegister.java:tryRegister(44)) - Successfully registered JMX Bean with object name Ratis:service=RaftServer,group=group-06834DBD56AE,id=9a86e02d-457a-4233-b456-1f823c7b9675
2019-10-08 04:07:17,133 [RatisPipelineUtilsThread] INFO  pipeline.PipelineStateManager (PipelineStateManager.java:addPipeline(56)) - Created pipeline Pipeline[ Id: 0783376f-066d-4171-b5f4-06834dbd56ae, Nodes: 9a86e02d-457a-4233-b456-1f823c7b9675{ip: 192.168.151.83, host: pr-hdds-2217-jqnfv-3133698562, networkLocation: /default-rack, certSerialId: null}, Type:RATIS, Factor:ONE, State:OPEN]
2019-10-08 04:07:17,150 [IPC Server handler 6 on 33634] INFO  net.NetworkTopology (NetworkTopologyImpl.java:add(111)) - Added a new node: /default-rack/a3e81ea2-c676-4fe0-a110-4b62540dc40b
2019-10-08 04:07:17,150 [grpc-default-executor-0] INFO  impl.RaftServerProxy (RaftServerProxy.java:addNew(89)) - 8182f3c3-6485-4730-b171-cad52f435bf6: addNew group-903E021DC2E5:[9a86e02d-457a-4233-b456-1f823c7b9675:192.168.151.83:39846, 53d4e2b8-d7c3-4e33-8543-84865c350f2c:192.168.151.83:46095, 8182f3c3-6485-4730-b171-cad52f435bf6:192.168.151.83:41319] returns group-903E021DC2E5:java.util.concurrent.CompletableFuture@5afcb9ed[Not completed]
2019-10-08 04:07:17,153 [grpc-default-executor-4] INFO  impl.RaftServerProxy (RaftServerProxy.java:addNew(89)) - 53d4e2b8-d7c3-4e33-8543-84865c350f2c: addNew group-903E021DC2E5:[9a86e02d-457a-4233-b456-1f823c7b9675:192.168.151.83:39846, 53d4e2b8-d7c3-4e33-8543-84865c350f2c:192.168.151.83:46095, 8182f3c3-6485-4730-b171-cad52f435bf6:192.168.151.83:41319] returns group-903E021DC2E5:java.util.concurrent.CompletableFuture@6ae899d[Not completed]
2019-10-08 04:07:17,153 [IPC Server handler 6 on 33634] INFO  node.SCMNodeManager (SCMNodeManager.java:register(268)) - Registered Data node : a3e81ea2-c676-4fe0-a110-4b62540dc40b{ip: 192.168.151.83, host: pr-hdds-2217-jqnfv-3133698562, networkLocation: /default-rack, certSerialId: null}
2019-10-08 04:07:17,156 [grpc-default-executor-1] INFO  impl.RaftServerProxy (RaftServerProxy.java:addNew(89)) - 9a86e02d-457a-4233-b456-1f823c7b9675: addNew group-903E021DC2E5:[9a86e02d-457a-4233-b456-1f823c7b9675:192.168.151.83:39846, 53d4e2b8-d7c3-4e33-8543-84865c350f2c:192.168.151.83:46095, 8182f3c3-6485-4730-b171-cad52f435bf6:192.168.151.83:41319] returns group-903E021DC2E5:java.util.concurrent.CompletableFuture@17edf64b[Not completed]
2019-10-08 04:07:17,157 [pool-237-thread-1] INFO  impl.RaftServerImpl (RaftServerImpl.java:<init>(95)) - 8182f3c3-6485-4730-b171-cad52f435bf6: new RaftServerImpl for group-903E021DC2E5:[9a86e02d-457a-4233-b456-1f823c7b9675:192.168.151.83:39846, 53d4e2b8-d7c3-4e33-8543-84865c350f2c:192.168.151.83:46095, 8182f3c3-6485-4730-b171-cad52f435bf6:192.168.151.83:41319] with ContainerStateMachine:uninitialized
2019-10-08 04:07:17,157 [pool-237-thread-1] INFO  server.RaftServerConfigKeys (ConfUtils.java:logGet(43)) - raft.server.rpc.timeout.min = 5s (custom)
2019-10-08 04:07:17,157 [pool-237-thread-1] INFO  server.RaftServerConfigKeys (ConfUtils.java:logGet(43)) - raft.server.rpc.timeout.max = 5200ms (custom)
2019-10-08 04:07:17,157 [pool-237-thread-1] INFO  server.RaftServerConfigKeys (ConfUtils.java:logGet(43)) - raft.server.rpcslowness.timeout = 120s (custom)
2019-10-08 04:07:17,157 [pool-247-thread-1] INFO  impl.RaftServerImpl (RaftServerImpl.java:<init>(95)) - 9a86e02d-457a-4233-b456-1f823c7b9675: new RaftServerImpl for group-903E021DC2E5:[9a86e02d-457a-4233-b456-1f823c7b9675:192.168.151.83:39846, 53d4e2b8-d7c3-4e33-8543-84865c350f2c:192.168.151.83:46095, 8182f3c3-6485-4730-b171-cad52f435bf6:192.168.151.83:41319] with ContainerStateMachine:uninitialized
2019-10-08 04:07:17,157 [pool-237-thread-1] INFO  server.RaftServerConfigKeys (ConfUtils.java:logGet(43)) - raft.server.sleep.deviation.threshold = 300 (default)
2019-10-08 04:07:17,158 [pool-247-thread-1] INFO  server.RaftServerConfigKeys (ConfUtils.java:logGet(43)) - raft.server.rpc.timeout.min = 5s (custom)
2019-10-08 04:07:17,158 [pool-237-thread-1] INFO  server.RaftServerConfigKeys (ConfUtils.java:logGet(43)) - raft.server.log.appender.install.snapshot.enabled = false (custom)
2019-10-08 04:07:17,158 [pool-247-thread-1] INFO  server.RaftServerConfigKeys (ConfUtils.java:logGet(43)) - raft.server.rpc.timeout.max = 5200ms (custom)
2019-10-08 04:07:17,158 [pool-237-thread-1] INFO  impl.RaftServerImpl (ServerState.java:<init>(103)) - 8182f3c3-6485-4730-b171-cad52f435bf6@group-903E021DC2E5: ConfigurationManager, init=-1: [9a86e02d-457a-4233-b456-1f823c7b9675:192.168.151.83:39846, 53d4e2b8-d7c3-4e33-8543-84865c350f2c:192.168.151.83:46095, 8182f3c3-6485-4730-b171-cad52f435bf6:192.168.151.83:41319], old=null, confs=<EMPTY_MAP>
2019-10-08 04:07:17,158 [pool-227-thread-1] INFO  impl.RaftServerImpl (RaftServerImpl.java:<init>(95)) - 53d4e2b8-d7c3-4e33-8543-84865c350f2c: new RaftServerImpl for group-903E021DC2E5:[9a86e02d-457a-4233-b456-1f823c7b9675:192.168.151.83:39846, 53d4e2b8-d7c3-4e33-8543-84865c350f2c:192.168.151.83:46095, 8182f3c3-6485-4730-b171-cad52f435bf6:192.168.151.83:41319] with ContainerStateMachine:uninitialized
2019-10-08 04:07:17,158 [pool-237-thread-1] INFO  server.RaftServerConfigKeys (ConfUtils.java:logGet(43)) - raft.server.storage.dir = [/workdir/hadoop-ozone/integration-test/target/test-dir/MiniOzoneClusterImpl-72230a9d-aef9-4496-b11f-d5eccdf763b4/datanode-3/data/ratis] (custom)
2019-10-08 04:07:17,158 [pool-247-thread-1] INFO  server.RaftServerConfigKeys (ConfUtils.java:logGet(43)) - raft.server.rpcslowness.timeout = 120s (custom)
2019-10-08 04:07:17,158 [pool-227-thread-1] INFO  server.RaftServerConfigKeys (ConfUtils.java:logGet(43)) - raft.server.rpc.timeout.min = 5s (custom)
2019-10-08 04:07:17,159 [pool-237-thread-1] INFO  server.RaftServerConfigKeys (ConfUtils.java:logGet(43)) - raft.server.log.corruption.policy = EXCEPTION (default)
2019-10-08 04:07:17,159 [pool-247-thread-1] INFO  server.RaftServerConfigKeys (ConfUtils.java:logGet(43)) - raft.server.sleep.deviation.threshold = 300 (default)
2019-10-08 04:07:17,159 [pool-237-thread-1] INFO  storage.RaftStorageDirectory (RaftStorageDirectory.java:analyzeStorage(246)) - The storage directory /workdir/hadoop-ozone/integration-test/target/test-dir/MiniOzoneClusterImpl-72230a9d-aef9-4496-b11f-d5eccdf763b4/datanode-3/data/ratis/0509c109-09e1-4d22-850c-903e021dc2e5 does not exist. Creating ...
2019-10-08 04:07:17,159 [pool-227-thread-1] INFO  server.RaftServerConfigKeys (ConfUtils.java:logGet(43)) - raft.server.rpc.timeout.max = 5200ms (custom)
2019-10-08 04:07:17,159 [pool-247-thread-1] INFO  server.RaftServerConfigKeys (ConfUtils.java:logGet(43)) - raft.server.log.appender.install.snapshot.enabled = false (custom)
2019-10-08 04:07:17,159 [pool-227-thread-1] INFO  server.RaftServerConfigKeys (ConfUtils.java:logGet(43)) - raft.server.rpcslowness.timeout = 120s (custom)
2019-10-08 04:07:17,160 [pool-247-thread-1] INFO  impl.RaftServerImpl (ServerState.java:<init>(103)) - 9a86e02d-457a-4233-b456-1f823c7b9675@group-903E021DC2E5: ConfigurationManager, init=-1: [9a86e02d-457a-4233-b456-1f823c7b9675:192.168.151.83:39846, 53d4e2b8-d7c3-4e33-8543-84865c350f2c:192.168.151.83:46095, 8182f3c3-6485-4730-b171-cad52f435bf6:192.168.151.83:41319], old=null, confs=<EMPTY_MAP>
2019-10-08 04:07:17,160 [pool-227-thread-1] INFO  server.RaftServerConfigKeys (ConfUtils.java:logGet(43)) - raft.server.sleep.deviation.threshold = 300 (default)
2019-10-08 04:07:17,160 [pool-247-thread-1] INFO  server.RaftServerConfigKeys (ConfUtils.java:logGet(43)) - raft.server.storage.dir = [/workdir/hadoop-ozone/integration-test/target/test-dir/MiniOzoneClusterImpl-72230a9d-aef9-4496-b11f-d5eccdf763b4/datanode-4/data/ratis] (custom)
2019-10-08 04:07:17,160 [pool-227-thread-1] INFO  server.RaftServerConfigKeys (ConfUtils.java:logGet(43)) - raft.server.log.appender.install.snapshot.enabled = false (custom)
2019-10-08 04:07:17,160 [pool-247-thread-1] INFO  server.RaftServerConfigKeys (ConfUtils.java:logGet(43)) - raft.server.log.corruption.policy = EXCEPTION (default)
2019-10-08 04:07:17,160 [pool-227-thread-1] INFO  impl.RaftServerImpl (ServerState.java:<init>(103)) - 53d4e2b8-d7c3-4e33-8543-84865c350f2c@group-903E021DC2E5: ConfigurationManager, init=-1: [9a86e02d-457a-4233-b456-1f823c7b9675:192.168.151.83:39846, 53d4e2b8-d7c3-4e33-8543-84865c350f2c:192.168.151.83:46095, 8182f3c3-6485-4730-b171-cad52f435bf6:192.168.151.83:41319], old=null, confs=<EMPTY_MAP>
2019-10-08 04:07:17,160 [pool-247-thread-1] INFO  storage.RaftStorageDirectory (RaftStorageDirectory.java:analyzeStorage(246)) - The storage directory /workdir/hadoop-ozone/integration-test/target/test-dir/MiniOzoneClusterImpl-72230a9d-aef9-4496-b11f-d5eccdf763b4/datanode-4/data/ratis/0509c109-09e1-4d22-850c-903e021dc2e5 does not exist. Creating ...
2019-10-08 04:07:17,161 [pool-227-thread-1] INFO  server.RaftServerConfigKeys (ConfUtils.java:logGet(43)) - raft.server.storage.dir = [/workdir/hadoop-ozone/integration-test/target/test-dir/MiniOzoneClusterImpl-72230a9d-aef9-4496-b11f-d5eccdf763b4/datanode-2/data/ratis] (custom)
2019-10-08 04:07:17,161 [pool-227-thread-1] INFO  server.RaftServerConfigKeys (ConfUtils.java:logGet(43)) - raft.server.log.corruption.policy = EXCEPTION (default)
2019-10-08 04:07:17,161 [pool-227-thread-1] INFO  storage.RaftStorageDirectory (RaftStorageDirectory.java:analyzeStorage(246)) - The storage directory /workdir/hadoop-ozone/integration-test/target/test-dir/MiniOzoneClusterImpl-72230a9d-aef9-4496-b11f-d5eccdf763b4/datanode-2/data/ratis/0509c109-09e1-4d22-850c-903e021dc2e5 does not exist. Creating ...
2019-10-08 04:07:17,164 [pool-227-thread-1] INFO  storage.RaftStorageDirectory (RaftStorageDirectory.java:tryLock(328)) - Lock on /workdir/hadoop-ozone/integration-test/target/test-dir/MiniOzoneClusterImpl-72230a9d-aef9-4496-b11f-d5eccdf763b4/datanode-2/data/ratis/0509c109-09e1-4d22-850c-903e021dc2e5/in_use.lock acquired by nodename 22889@pr-hdds-2217-jqnfv-3133698562
2019-10-08 04:07:17,164 [pool-237-thread-1] INFO  storage.RaftStorageDirectory (RaftStorageDirectory.java:tryLock(328)) - Lock on /workdir/hadoop-ozone/integration-test/target/test-dir/MiniOzoneClusterImpl-72230a9d-aef9-4496-b11f-d5eccdf763b4/datanode-3/data/ratis/0509c109-09e1-4d22-850c-903e021dc2e5/in_use.lock acquired by nodename 22889@pr-hdds-2217-jqnfv-3133698562
2019-10-08 04:07:17,164 [pool-247-thread-1] INFO  storage.RaftStorageDirectory (RaftStorageDirectory.java:tryLock(328)) - Lock on /workdir/hadoop-ozone/integration-test/target/test-dir/MiniOzoneClusterImpl-72230a9d-aef9-4496-b11f-d5eccdf763b4/datanode-4/data/ratis/0509c109-09e1-4d22-850c-903e021dc2e5/in_use.lock acquired by nodename 22889@pr-hdds-2217-jqnfv-3133698562
2019-10-08 04:07:17,168 [pool-227-thread-1] INFO  storage.RaftStorage (RaftStorage.java:format(84)) - Storage directory /workdir/hadoop-ozone/integration-test/target/test-dir/MiniOzoneClusterImpl-72230a9d-aef9-4496-b11f-d5eccdf763b4/datanode-2/data/ratis/0509c109-09e1-4d22-850c-903e021dc2e5 has been successfully formatted.
2019-10-08 04:07:17,169 [pool-247-thread-1] INFO  storage.RaftStorage (RaftStorage.java:format(84)) - Storage directory /workdir/hadoop-ozone/integration-test/target/test-dir/MiniOzoneClusterImpl-72230a9d-aef9-4496-b11f-d5eccdf763b4/datanode-4/data/ratis/0509c109-09e1-4d22-850c-903e021dc2e5 has been successfully formatted.
2019-10-08 04:07:17,169 [pool-237-thread-1] INFO  storage.RaftStorage (RaftStorage.java:format(84)) - Storage directory /workdir/hadoop-ozone/integration-test/target/test-dir/MiniOzoneClusterImpl-72230a9d-aef9-4496-b11f-d5eccdf763b4/datanode-3/data/ratis/0509c109-09e1-4d22-850c-903e021dc2e5 has been successfully formatted.
2019-10-08 04:07:17,169 [pool-247-thread-1] INFO  ratis.ContainerStateMachine (ContainerStateMachine.java:loadSnapshot(231)) - group-903E021DC2E5: The snapshot info is null. Setting the last applied indexto:(t:0, i:~)
2019-10-08 04:07:17,169 [pool-237-thread-1] INFO  ratis.ContainerStateMachine (ContainerStateMachine.java:loadSnapshot(231)) - group-903E021DC2E5: The snapshot info is null. Setting the last applied indexto:(t:0, i:~)
2019-10-08 04:07:17,169 [pool-227-thread-1] INFO  ratis.ContainerStateMachine (ContainerStateMachine.java:loadSnapshot(231)) - group-903E021DC2E5: The snapshot info is null. Setting the last applied indexto:(t:0, i:~)
2019-10-08 04:07:17,169 [pool-237-thread-1] INFO  server.RaftServerConfigKeys (ConfUtils.java:logGet(43)) - raft.server.notification.no-leader.timeout = 120s (custom)
2019-10-08 04:07:17,169 [pool-247-thread-1] INFO  server.RaftServerConfigKeys (ConfUtils.java:logGet(43)) - raft.server.notification.no-leader.timeout = 120s (custom)
2019-10-08 04:07:17,170 [pool-237-thread-1] INFO  server.RaftServerConfigKeys (ConfUtils.java:logGet(43)) - raft.server.log.use.memory = false (default)
2019-10-08 04:07:17,169 [pool-227-thread-1] INFO  server.RaftServerConfigKeys (ConfUtils.java:logGet(43)) - raft.server.notification.no-leader.timeout = 120s (custom)
2019-10-08 04:07:17,170 [pool-237-thread-1] INFO  server.RaftServerConfigKeys (ConfUtils.java:logGet(43)) - raft.server.log.purge.gap = 1000000 (custom)
2019-10-08 04:07:17,170 [pool-247-thread-1] INFO  server.RaftServerConfigKeys (ConfUtils.java:logGet(43)) - raft.server.log.use.memory = false (default)
2019-10-08 04:07:17,170 [pool-237-thread-1] INFO  server.RaftServerConfigKeys (ConfUtils.java:logGet(43)) - raft.server.log.appender.buffer.byte-limit = 33554432 (custom)
2019-10-08 04:07:17,170 [pool-227-thread-1] INFO  server.RaftServerConfigKeys (ConfUtils.java:logGet(43)) - raft.server.log.use.memory = false (default)
2019-10-08 04:07:17,170 [pool-237-thread-1] INFO  server.RaftServerConfigKeys (ConfUtils.java:logGet(43)) - raft.server.log.segment.size.max = 1048576 (custom)
2019-10-08 04:07:17,170 [pool-247-thread-1] INFO  server.RaftServerConfigKeys (ConfUtils.java:logGet(43)) - raft.server.log.purge.gap = 1000000 (custom)
2019-10-08 04:07:17,171 [pool-237-thread-1] INFO  server.RaftServerConfigKeys (ConfUtils.java:logGet(43)) - raft.server.log.segment.cache.num.max = 2 (custom)
2019-10-08 04:07:17,170 [pool-227-thread-1] INFO  server.RaftServerConfigKeys (ConfUtils.java:logGet(43)) - raft.server.log.purge.gap = 1000000 (custom)
2019-10-08 04:07:17,171 [pool-237-thread-1] INFO  segmented.SegmentedRaftLogWorker (SegmentedRaftLogWorker.java:<init>(173)) - new 8182f3c3-6485-4730-b171-cad52f435bf6@group-903E021DC2E5-SegmentedRaftLogWorker for RaftStorage:Storage Directory /workdir/hadoop-ozone/integration-test/target/test-dir/MiniOzoneClusterImpl-72230a9d-aef9-4496-b11f-d5eccdf763b4/datanode-3/data/ratis/0509c109-09e1-4d22-850c-903e021dc2e5
2019-10-08 04:07:17,171 [pool-247-thread-1] INFO  server.RaftServerConfigKeys (ConfUtils.java:logGet(43)) - raft.server.log.appender.buffer.byte-limit = 33554432 (custom)
2019-10-08 04:07:17,171 [pool-237-thread-1] INFO  server.RaftServerConfigKeys (ConfUtils.java:logGet(43)) - raft.server.log.queue.byte-limit = 2147483647 (custom)
2019-10-08 04:07:17,171 [pool-227-thread-1] INFO  server.RaftServerConfigKeys (ConfUtils.java:logGet(43)) - raft.server.log.appender.buffer.byte-limit = 33554432 (custom)
2019-10-08 04:07:17,171 [pool-237-thread-1] INFO  server.RaftServerConfigKeys (ConfUtils.java:logGet(43)) - raft.server.log.queue.element-limit = 1024 (custom)
2019-10-08 04:07:17,171 [pool-247-thread-1] INFO  server.RaftServerConfigKeys (ConfUtils.java:logGet(43)) - raft.server.log.segment.size.max = 1048576 (custom)
2019-10-08 04:07:17,172 [pool-237-thread-1] INFO  server.RaftServerConfigKeys (ConfUtils.java:logGet(43)) - raft.server.log.segment.size.max = 1048576 (custom)
2019-10-08 04:07:17,172 [pool-227-thread-1] INFO  server.RaftServerConfigKeys (ConfUtils.java:logGet(43)) - raft.server.log.segment.size.max = 1048576 (custom)
2019-10-08 04:07:17,172 [pool-237-thread-1] INFO  server.RaftServerConfigKeys (ConfUtils.java:logGet(43)) - raft.server.log.preallocated.size = 16384 (custom)
2019-10-08 04:07:17,172 [pool-247-thread-1] INFO  server.RaftServerConfigKeys (ConfUtils.java:logGet(43)) - raft.server.log.segment.cache.num.max = 2 (custom)
2019-10-08 04:07:17,172 [pool-237-thread-1] INFO  server.RaftServerConfigKeys (ConfUtils.java:logGet(43)) - raft.server.log.write.buffer.size = 33554432 (custom)
2019-10-08 04:07:17,172 [pool-227-thread-1] INFO  server.RaftServerConfigKeys (ConfUtils.java:logGet(43)) - raft.server.log.segment.cache.num.max = 2 (custom)
2019-10-08 04:07:17,173 [pool-237-thread-1] INFO  server.RaftServerConfigKeys (ConfUtils.java:logGet(43)) - raft.server.log.force.sync.num = 128 (default)
2019-10-08 04:07:17,172 [pool-247-thread-1] INFO  segmented.SegmentedRaftLogWorker (SegmentedRaftLogWorker.java:<init>(173)) - new 9a86e02d-457a-4233-b456-1f823c7b9675@group-903E021DC2E5-SegmentedRaftLogWorker for RaftStorage:Storage Directory /workdir/hadoop-ozone/integration-test/target/test-dir/MiniOzoneClusterImpl-72230a9d-aef9-4496-b11f-d5eccdf763b4/datanode-4/data/ratis/0509c109-09e1-4d22-850c-903e021dc2e5
2019-10-08 04:07:17,173 [pool-237-thread-1] INFO  server.RaftServerConfigKeys (ConfUtils.java:logGet(43)) - raft.server.log.statemachine.data.sync = true (default)
2019-10-08 04:07:17,173 [pool-227-thread-1] INFO  segmented.SegmentedRaftLogWorker (SegmentedRaftLogWorker.java:<init>(173)) - new 53d4e2b8-d7c3-4e33-8543-84865c350f2c@group-903E021DC2E5-SegmentedRaftLogWorker for RaftStorage:Storage Directory /workdir/hadoop-ozone/integration-test/target/test-dir/MiniOzoneClusterImpl-72230a9d-aef9-4496-b11f-d5eccdf763b4/datanode-2/data/ratis/0509c109-09e1-4d22-850c-903e021dc2e5
2019-10-08 04:07:17,173 [pool-237-thread-1] INFO  server.RaftServerConfigKeys (ConfUtils.java:logGet(43)) - raft.server.log.statemachine.data.sync.timeout = 10s (default)
2019-10-08 04:07:17,173 [pool-247-thread-1] INFO  server.RaftServerConfigKeys (ConfUtils.java:logGet(43)) - raft.server.log.queue.byte-limit = 2147483647 (custom)
2019-10-08 04:07:17,173 [pool-237-thread-1] INFO  server.RaftServerConfigKeys (ConfUtils.java:logGet(43)) - raft.server.log.statemachine.data.sync.timeout.retry = -1 (default)
2019-10-08 04:07:17,173 [pool-227-thread-1] INFO  server.RaftServerConfigKeys (ConfUtils.java:logGet(43)) - raft.server.log.queue.byte-limit = 2147483647 (custom)
2019-10-08 04:07:17,174 [pool-237-thread-1] INFO  server.RaftServerConfigKeys (ConfUtils.java:logGet(43)) - raft.server.log.statemachine.data.caching.enabled = true (custom)
2019-10-08 04:07:17,173 [pool-247-thread-1] INFO  server.RaftServerConfigKeys (ConfUtils.java:logGet(43)) - raft.server.log.queue.element-limit = 1024 (custom)
2019-10-08 04:07:17,174 [pool-227-thread-1] INFO  server.RaftServerConfigKeys (ConfUtils.java:logGet(43)) - raft.server.log.queue.element-limit = 1024 (custom)
2019-10-08 04:07:17,174 [pool-247-thread-1] INFO  server.RaftServerConfigKeys (ConfUtils.java:logGet(43)) - raft.server.log.segment.size.max = 1048576 (custom)
2019-10-08 04:07:17,174 [pool-237-thread-1] INFO  segmented.SegmentedRaftLogWorker (SegmentedRaftLogWorker.java:lambda$new$0(128)) - 8182f3c3-6485-4730-b171-cad52f435bf6@group-903E021DC2E5-SegmentedRaftLogWorker: flushIndex: setUnconditionally 0 -> -1
2019-10-08 04:07:17,174 [pool-247-thread-1] INFO  server.RaftServerConfigKeys (ConfUtils.java:logGet(43)) - raft.server.log.preallocated.size = 16384 (custom)
2019-10-08 04:07:17,174 [pool-227-thread-1] INFO  server.RaftServerConfigKeys (ConfUtils.java:logGet(43)) - raft.server.log.segment.size.max = 1048576 (custom)
2019-10-08 04:07:17,175 [pool-247-thread-1] INFO  server.RaftServerConfigKeys (ConfUtils.java:logGet(43)) - raft.server.log.write.buffer.size = 33554432 (custom)
2019-10-08 04:07:17,175 [pool-237-thread-1] INFO  server.RaftServerConfigKeys (ConfUtils.java:logGet(43)) - raft.server.snapshot.auto.trigger.enabled = true (custom)
2019-10-08 04:07:17,175 [pool-247-thread-1] INFO  server.RaftServerConfigKeys (ConfUtils.java:logGet(43)) - raft.server.log.force.sync.num = 128 (default)
2019-10-08 04:07:17,175 [pool-247-thread-1] INFO  server.RaftServerConfigKeys (ConfUtils.java:logGet(43)) - raft.server.log.statemachine.data.sync = true (default)
2019-10-08 04:07:17,175 [pool-227-thread-1] INFO  server.RaftServerConfigKeys (ConfUtils.java:logGet(43)) - raft.server.log.preallocated.size = 16384 (custom)
2019-10-08 04:07:17,176 [pool-247-thread-1] INFO  server.RaftServerConfigKeys (ConfUtils.java:logGet(43)) - raft.server.log.statemachine.data.sync.timeout = 10s (default)
2019-10-08 04:07:17,175 [pool-237-thread-1] INFO  server.RaftServerConfigKeys (ConfUtils.java:logGet(43)) - raft.server.snapshot.auto.trigger.threshold = 10000 (custom)
2019-10-08 04:07:17,176 [pool-247-thread-1] INFO  server.RaftServerConfigKeys (ConfUtils.java:logGet(43)) - raft.server.log.statemachine.data.sync.timeout.retry = -1 (default)
2019-10-08 04:07:17,176 [pool-227-thread-1] INFO  server.RaftServerConfigKeys (ConfUtils.java:logGet(43)) - raft.server.log.write.buffer.size = 33554432 (custom)
2019-10-08 04:07:17,176 [pool-247-thread-1] INFO  server.RaftServerConfigKeys (ConfUtils.java:logGet(43)) - raft.server.log.statemachine.data.caching.enabled = true (custom)
2019-10-08 04:07:17,176 [pool-237-thread-1] INFO  server.RaftServerConfigKeys (ConfUtils.java:logGet(43)) - raft.server.snapshot.retention.file.num = 5 (custom)
2019-10-08 04:07:17,177 [pool-247-thread-1] INFO  segmented.SegmentedRaftLogWorker (SegmentedRaftLogWorker.java:lambda$new$0(128)) - 9a86e02d-457a-4233-b456-1f823c7b9675@group-903E021DC2E5-SegmentedRaftLogWorker: flushIndex: setUnconditionally 0 -> -1
2019-10-08 04:07:17,176 [pool-227-thread-1] INFO  server.RaftServerConfigKeys (ConfUtils.java:logGet(43)) - raft.server.log.force.sync.num = 128 (default)
2019-10-08 04:07:17,177 [pool-237-thread-1] INFO  server.RaftServerConfigKeys (ConfUtils.java:logGet(43)) - raft.server.retrycache.expirytime = 600000ms (custom)
2019-10-08 04:07:17,177 [pool-247-thread-1] INFO  server.RaftServerConfigKeys (ConfUtils.java:logGet(43)) - raft.server.snapshot.auto.trigger.enabled = true (custom)
2019-10-08 04:07:17,177 [pool-227-thread-1] INFO  server.RaftServerConfigKeys (ConfUtils.java:logGet(43)) - raft.server.log.statemachine.data.sync = true (default)
2019-10-08 04:07:17,177 [pool-247-thread-1] INFO  server.RaftServerConfigKeys (ConfUtils.java:logGet(43)) - raft.server.snapshot.auto.trigger.threshold = 10000 (custom)
2019-10-08 04:07:17,177 [pool-227-thread-1] INFO  server.RaftServerConfigKeys (ConfUtils.java:logGet(43)) - raft.server.log.statemachine.data.sync.timeout = 10s (default)
2019-10-08 04:07:17,177 [pool-247-thread-1] INFO  server.RaftServerConfigKeys (ConfUtils.java:logGet(43)) - raft.server.snapshot.retention.file.num = 5 (custom)
2019-10-08 04:07:17,178 [pool-227-thread-1] INFO  server.RaftServerConfigKeys (ConfUtils.java:logGet(43)) - raft.server.log.statemachine.data.sync.timeout.retry = -1 (default)
2019-10-08 04:07:17,178 [pool-247-thread-1] INFO  server.RaftServerConfigKeys (ConfUtils.java:logGet(43)) - raft.server.retrycache.expirytime = 600000ms (custom)
2019-10-08 04:07:17,178 [pool-227-thread-1] INFO  server.RaftServerConfigKeys (ConfUtils.java:logGet(43)) - raft.server.log.statemachine.data.caching.enabled = true (custom)
2019-10-08 04:07:17,178 [pool-227-thread-1] INFO  segmented.SegmentedRaftLogWorker (SegmentedRaftLogWorker.java:lambda$new$0(128)) - 53d4e2b8-d7c3-4e33-8543-84865c350f2c@group-903E021DC2E5-SegmentedRaftLogWorker: flushIndex: setUnconditionally 0 -> -1
2019-10-08 04:07:17,179 [pool-227-thread-1] INFO  server.RaftServerConfigKeys (ConfUtils.java:logGet(43)) - raft.server.snapshot.auto.trigger.enabled = true (custom)
2019-10-08 04:07:17,179 [pool-227-thread-1] INFO  server.RaftServerConfigKeys (ConfUtils.java:logGet(43)) - raft.server.snapshot.auto.trigger.threshold = 10000 (custom)
2019-10-08 04:07:17,179 [pool-227-thread-1] INFO  server.RaftServerConfigKeys (ConfUtils.java:logGet(43)) - raft.server.snapshot.retention.file.num = 5 (custom)
2019-10-08 04:07:17,179 [pool-227-thread-1] INFO  server.RaftServerConfigKeys (ConfUtils.java:logGet(43)) - raft.server.retrycache.expirytime = 600000ms (custom)
2019-10-08 04:07:17,179 [pool-237-thread-1] INFO  impl.RaftServerImpl (RaftServerImpl.java:start(181)) - 8182f3c3-6485-4730-b171-cad52f435bf6@group-903E021DC2E5: start as a follower, conf=-1: [9a86e02d-457a-4233-b456-1f823c7b9675:192.168.151.83:39846, 53d4e2b8-d7c3-4e33-8543-84865c350f2c:192.168.151.83:46095, 8182f3c3-6485-4730-b171-cad52f435bf6:192.168.151.83:41319], old=null
2019-10-08 04:07:17,180 [pool-237-thread-1] INFO  impl.RaftServerImpl (RaftServerImpl.java:setRole(170)) - 8182f3c3-6485-4730-b171-cad52f435bf6@group-903E021DC2E5: changes role from      null to FOLLOWER at term 0 for startAsFollower
2019-10-08 04:07:17,180 [pool-237-thread-1] INFO  impl.RoleInfo (RoleInfo.java:updateAndGet(143)) - 8182f3c3-6485-4730-b171-cad52f435bf6: start FollowerState
2019-10-08 04:07:17,180 [pool-237-thread-1] INFO  util.JmxRegister (JmxRegister.java:tryRegister(44)) - Successfully registered JMX Bean with object name Ratis:service=RaftServer,group=group-903E021DC2E5,id=8182f3c3-6485-4730-b171-cad52f435bf6
2019-10-08 04:07:17,181 [pool-247-thread-1] INFO  impl.RaftServerImpl (RaftServerImpl.java:start(181)) - 9a86e02d-457a-4233-b456-1f823c7b9675@group-903E021DC2E5: start as a follower, conf=-1: [9a86e02d-457a-4233-b456-1f823c7b9675:192.168.151.83:39846, 53d4e2b8-d7c3-4e33-8543-84865c350f2c:192.168.151.83:46095, 8182f3c3-6485-4730-b171-cad52f435bf6:192.168.151.83:41319], old=null
2019-10-08 04:07:17,181 [pool-247-thread-1] INFO  impl.RaftServerImpl (RaftServerImpl.java:setRole(170)) - 9a86e02d-457a-4233-b456-1f823c7b9675@group-903E021DC2E5: changes role from      null to FOLLOWER at term 0 for startAsFollower
2019-10-08 04:07:17,181 [pool-247-thread-1] INFO  impl.RoleInfo (RoleInfo.java:updateAndGet(143)) - 9a86e02d-457a-4233-b456-1f823c7b9675: start FollowerState
2019-10-08 04:07:17,182 [pool-247-thread-1] INFO  util.JmxRegister (JmxRegister.java:tryRegister(44)) - Successfully registered JMX Bean with object name Ratis:service=RaftServer,group=group-903E021DC2E5,id=9a86e02d-457a-4233-b456-1f823c7b9675
2019-10-08 04:07:17,182 [pool-227-thread-1] INFO  impl.RaftServerImpl (RaftServerImpl.java:start(181)) - 53d4e2b8-d7c3-4e33-8543-84865c350f2c@group-903E021DC2E5: start as a follower, conf=-1: [9a86e02d-457a-4233-b456-1f823c7b9675:192.168.151.83:39846, 53d4e2b8-d7c3-4e33-8543-84865c350f2c:192.168.151.83:46095, 8182f3c3-6485-4730-b171-cad52f435bf6:192.168.151.83:41319], old=null
2019-10-08 04:07:17,182 [pool-227-thread-1] INFO  impl.RaftServerImpl (RaftServerImpl.java:setRole(170)) - 53d4e2b8-d7c3-4e33-8543-84865c350f2c@group-903E021DC2E5: changes role from      null to FOLLOWER at term 0 for startAsFollower
2019-10-08 04:07:17,182 [pool-227-thread-1] INFO  impl.RoleInfo (RoleInfo.java:updateAndGet(143)) - 53d4e2b8-d7c3-4e33-8543-84865c350f2c: start FollowerState
2019-10-08 04:07:17,183 [pool-227-thread-1] INFO  util.JmxRegister (JmxRegister.java:tryRegister(44)) - Successfully registered JMX Bean with object name Ratis:service=RaftServer,group=group-903E021DC2E5,id=53d4e2b8-d7c3-4e33-8543-84865c350f2c
2019-10-08 04:07:17,196 [RatisPipelineUtilsThread] INFO  pipeline.PipelineStateManager (PipelineStateManager.java:addPipeline(56)) - Created pipeline Pipeline[ Id: 0509c109-09e1-4d22-850c-903e021dc2e5, Nodes: 53d4e2b8-d7c3-4e33-8543-84865c350f2c{ip: 192.168.151.83, host: pr-hdds-2217-jqnfv-3133698562, networkLocation: /default-rack, certSerialId: null}8182f3c3-6485-4730-b171-cad52f435bf6{ip: 192.168.151.83, host: pr-hdds-2217-jqnfv-3133698562, networkLocation: /default-rack, certSerialId: null}9a86e02d-457a-4233-b456-1f823c7b9675{ip: 192.168.151.83, host: pr-hdds-2217-jqnfv-3133698562, networkLocation: /default-rack, certSerialId: null}, Type:RATIS, Factor:THREE, State:OPEN]
2019-10-08 04:07:17,206 [main] INFO  ozone.MiniOzoneClusterImpl (MiniOzoneClusterImpl.java:lambda$waitForClusterToBeReady$0(147)) - Waiting for cluster to be ready. Got 6 of 7 DN Heartbeats.
2019-10-08 04:07:17,209 [IPC Server handler 4 on 33634] INFO  net.NetworkTopology (NetworkTopologyImpl.java:add(111)) - Added a new node: /default-rack/868dbea0-f64a-4fd6-bff7-bd843843b649
2019-10-08 04:07:17,212 [IPC Server handler 4 on 33634] INFO  node.SCMNodeManager (SCMNodeManager.java:register(268)) - Registered Data node : 868dbea0-f64a-4fd6-bff7-bd843843b649{ip: 192.168.151.83, host: pr-hdds-2217-jqnfv-3133698562, networkLocation: /default-rack, certSerialId: null}
2019-10-08 04:07:17,214 [grpc-default-executor-4] INFO  impl.RaftServerProxy (RaftServerProxy.java:addNew(89)) - e6210659-57a7-414b-bcf0-b44ac3656a74: addNew group-9F5D5560DE96:[514e48b2-8b0c-49e3-a876-ea0b957cf5ec:192.168.151.83:37398, e6210659-57a7-414b-bcf0-b44ac3656a74:192.168.151.83:42201, a3e81ea2-c676-4fe0-a110-4b62540dc40b:192.168.151.83:34200] returns group-9F5D5560DE96:java.util.concurrent.CompletableFuture@764cd968[Not completed]
2019-10-08 04:07:17,230 [grpc-default-executor-1] INFO  impl.RaftServerProxy (RaftServerProxy.java:addNew(89)) - a3e81ea2-c676-4fe0-a110-4b62540dc40b: addNew group-9F5D5560DE96:[514e48b2-8b0c-49e3-a876-ea0b957cf5ec:192.168.151.83:37398, e6210659-57a7-414b-bcf0-b44ac3656a74:192.168.151.83:42201, a3e81ea2-c676-4fe0-a110-4b62540dc40b:192.168.151.83:34200] returns group-9F5D5560DE96:java.util.concurrent.CompletableFuture@635d3880[Not completed]
2019-10-08 04:07:17,231 [grpc-default-executor-1] INFO  impl.RaftServerProxy (RaftServerProxy.java:addNew(89)) - 514e48b2-8b0c-49e3-a876-ea0b957cf5ec: addNew group-9F5D5560DE96:[514e48b2-8b0c-49e3-a876-ea0b957cf5ec:192.168.151.83:37398, e6210659-57a7-414b-bcf0-b44ac3656a74:192.168.151.83:42201, a3e81ea2-c676-4fe0-a110-4b62540dc40b:192.168.151.83:34200] returns group-9F5D5560DE96:java.util.concurrent.CompletableFuture@1b7ac50e[Not completed]
2019-10-08 04:07:17,231 [pool-217-thread-1] INFO  impl.RaftServerImpl (RaftServerImpl.java:<init>(95)) - e6210659-57a7-414b-bcf0-b44ac3656a74: new RaftServerImpl for group-9F5D5560DE96:[514e48b2-8b0c-49e3-a876-ea0b957cf5ec:192.168.151.83:37398, e6210659-57a7-414b-bcf0-b44ac3656a74:192.168.151.83:42201, a3e81ea2-c676-4fe0-a110-4b62540dc40b:192.168.151.83:34200] with ContainerStateMachine:uninitialized
2019-10-08 04:07:17,232 [pool-217-thread-1] INFO  server.RaftServerConfigKeys (ConfUtils.java:logGet(43)) - raft.server.rpc.timeout.min = 5s (custom)
2019-10-08 04:07:17,232 [pool-217-thread-1] INFO  server.RaftServerConfigKeys (ConfUtils.java:logGet(43)) - raft.server.rpc.timeout.max = 5200ms (custom)
2019-10-08 04:07:17,232 [pool-217-thread-1] INFO  server.RaftServerConfigKeys (ConfUtils.java:logGet(43)) - raft.server.rpcslowness.timeout = 120s (custom)
2019-10-08 04:07:17,232 [pool-217-thread-1] INFO  server.RaftServerConfigKeys (ConfUtils.java:logGet(43)) - raft.server.sleep.deviation.threshold = 300 (default)
2019-10-08 04:07:17,232 [pool-207-thread-1] INFO  impl.RaftServerImpl (RaftServerImpl.java:<init>(95)) - 514e48b2-8b0c-49e3-a876-ea0b957cf5ec: new RaftServerImpl for group-9F5D5560DE96:[514e48b2-8b0c-49e3-a876-ea0b957cf5ec:192.168.151.83:37398, e6210659-57a7-414b-bcf0-b44ac3656a74:192.168.151.83:42201, a3e81ea2-c676-4fe0-a110-4b62540dc40b:192.168.151.83:34200] with ContainerStateMachine:uninitialized
2019-10-08 04:07:17,232 [pool-217-thread-1] INFO  server.RaftServerConfigKeys (ConfUtils.java:logGet(43)) - raft.server.log.appender.install.snapshot.enabled = false (custom)
2019-10-08 04:07:17,232 [pool-207-thread-1] INFO  server.RaftServerConfigKeys (ConfUtils.java:logGet(43)) - raft.server.rpc.timeout.min = 5s (custom)
2019-10-08 04:07:17,233 [pool-217-thread-1] INFO  impl.RaftServerImpl (ServerState.java:<init>(103)) - e6210659-57a7-414b-bcf0-b44ac3656a74@group-9F5D5560DE96: ConfigurationManager, init=-1: [514e48b2-8b0c-49e3-a876-ea0b957cf5ec:192.168.151.83:37398, e6210659-57a7-414b-bcf0-b44ac3656a74:192.168.151.83:42201, a3e81ea2-c676-4fe0-a110-4b62540dc40b:192.168.151.83:34200], old=null, confs=<EMPTY_MAP>
2019-10-08 04:07:17,233 [pool-207-thread-1] INFO  server.RaftServerConfigKeys (ConfUtils.java:logGet(43)) - raft.server.rpc.timeout.max = 5200ms (custom)
2019-10-08 04:07:17,233 [pool-257-thread-1] INFO  impl.RaftServerImpl (RaftServerImpl.java:<init>(95)) - a3e81ea2-c676-4fe0-a110-4b62540dc40b: new RaftServerImpl for group-9F5D5560DE96:[514e48b2-8b0c-49e3-a876-ea0b957cf5ec:192.168.151.83:37398, e6210659-57a7-414b-bcf0-b44ac3656a74:192.168.151.83:42201, a3e81ea2-c676-4fe0-a110-4b62540dc40b:192.168.151.83:34200] with ContainerStateMachine:uninitialized
2019-10-08 04:07:17,233 [pool-217-thread-1] INFO  server.RaftServerConfigKeys (ConfUtils.java:logGet(43)) - raft.server.storage.dir = [/workdir/hadoop-ozone/integration-test/target/test-dir/MiniOzoneClusterImpl-72230a9d-aef9-4496-b11f-d5eccdf763b4/datanode-1/data/ratis] (custom)
2019-10-08 04:07:17,233 [pool-257-thread-1] INFO  server.RaftServerConfigKeys (ConfUtils.java:logGet(43)) - raft.server.rpc.timeout.min = 5s (custom)
2019-10-08 04:07:17,233 [pool-207-thread-1] INFO  server.RaftServerConfigKeys (ConfUtils.java:logGet(43)) - raft.server.rpcslowness.timeout = 120s (custom)
2019-10-08 04:07:17,233 [pool-257-thread-1] INFO  server.RaftServerConfigKeys (ConfUtils.java:logGet(43)) - raft.server.rpc.timeout.max = 5200ms (custom)
2019-10-08 04:07:17,233 [pool-217-thread-1] INFO  server.RaftServerConfigKeys (ConfUtils.java:logGet(43)) - raft.server.log.corruption.policy = EXCEPTION (default)
2019-10-08 04:07:17,234 [pool-257-thread-1] INFO  server.RaftServerConfigKeys (ConfUtils.java:logGet(43)) - raft.server.rpcslowness.timeout = 120s (custom)
2019-10-08 04:07:17,234 [pool-207-thread-1] INFO  server.RaftServerConfigKeys (ConfUtils.java:logGet(43)) - raft.server.sleep.deviation.threshold = 300 (default)
2019-10-08 04:07:17,234 [pool-257-thread-1] INFO  server.RaftServerConfigKeys (ConfUtils.java:logGet(43)) - raft.server.sleep.deviation.threshold = 300 (default)
2019-10-08 04:07:17,234 [pool-217-thread-1] INFO  storage.RaftStorageDirectory (RaftStorageDirectory.java:analyzeStorage(246)) - The storage directory /workdir/hadoop-ozone/integration-test/target/test-dir/MiniOzoneClusterImpl-72230a9d-aef9-4496-b11f-d5eccdf763b4/datanode-1/data/ratis/55b0a60b-2a82-44b7-a335-9f5d5560de96 does not exist. Creating ...
2019-10-08 04:07:17,234 [pool-257-thread-1] INFO  server.RaftServerConfigKeys (ConfUtils.java:logGet(43)) - raft.server.log.appender.install.snapshot.enabled = false (custom)
2019-10-08 04:07:17,234 [pool-207-thread-1] INFO  server.RaftServerConfigKeys (ConfUtils.java:logGet(43)) - raft.server.log.appender.install.snapshot.enabled = false (custom)
2019-10-08 04:07:17,235 [pool-257-thread-1] INFO  impl.RaftServerImpl (ServerState.java:<init>(103)) - a3e81ea2-c676-4fe0-a110-4b62540dc40b@group-9F5D5560DE96: ConfigurationManager, init=-1: [514e48b2-8b0c-49e3-a876-ea0b957cf5ec:192.168.151.83:37398, e6210659-57a7-414b-bcf0-b44ac3656a74:192.168.151.83:42201, a3e81ea2-c676-4fe0-a110-4b62540dc40b:192.168.151.83:34200], old=null, confs=<EMPTY_MAP>
2019-10-08 04:07:17,235 [pool-207-thread-1] INFO  impl.RaftServerImpl (ServerState.java:<init>(103)) - 514e48b2-8b0c-49e3-a876-ea0b957cf5ec@group-9F5D5560DE96: ConfigurationManager, init=-1: [514e48b2-8b0c-49e3-a876-ea0b957cf5ec:192.168.151.83:37398, e6210659-57a7-414b-bcf0-b44ac3656a74:192.168.151.83:42201, a3e81ea2-c676-4fe0-a110-4b62540dc40b:192.168.151.83:34200], old=null, confs=<EMPTY_MAP>
2019-10-08 04:07:17,235 [pool-257-thread-1] INFO  server.RaftServerConfigKeys (ConfUtils.java:logGet(43)) - raft.server.storage.dir = [/workdir/hadoop-ozone/integration-test/target/test-dir/MiniOzoneClusterImpl-72230a9d-aef9-4496-b11f-d5eccdf763b4/datanode-5/data/ratis] (custom)
2019-10-08 04:07:17,235 [pool-207-thread-1] INFO  server.RaftServerConfigKeys (ConfUtils.java:logGet(43)) - raft.server.storage.dir = [/workdir/hadoop-ozone/integration-test/target/test-dir/MiniOzoneClusterImpl-72230a9d-aef9-4496-b11f-d5eccdf763b4/datanode-0/data/ratis] (custom)
2019-10-08 04:07:17,235 [pool-257-thread-1] INFO  server.RaftServerConfigKeys (ConfUtils.java:logGet(43)) - raft.server.log.corruption.policy = EXCEPTION (default)
2019-10-08 04:07:17,235 [pool-207-thread-1] INFO  server.RaftServerConfigKeys (ConfUtils.java:logGet(43)) - raft.server.log.corruption.policy = EXCEPTION (default)
2019-10-08 04:07:17,235 [pool-257-thread-1] INFO  storage.RaftStorageDirectory (RaftStorageDirectory.java:analyzeStorage(246)) - The storage directory /workdir/hadoop-ozone/integration-test/target/test-dir/MiniOzoneClusterImpl-72230a9d-aef9-4496-b11f-d5eccdf763b4/datanode-5/data/ratis/55b0a60b-2a82-44b7-a335-9f5d5560de96 does not exist. Creating ...
2019-10-08 04:07:17,236 [pool-207-thread-1] INFO  storage.RaftStorageDirectory (RaftStorageDirectory.java:analyzeStorage(246)) - The storage directory /workdir/hadoop-ozone/integration-test/target/test-dir/MiniOzoneClusterImpl-72230a9d-aef9-4496-b11f-d5eccdf763b4/datanode-0/data/ratis/55b0a60b-2a82-44b7-a335-9f5d5560de96 does not exist. Creating ...
2019-10-08 04:07:17,248 [pool-257-thread-1] INFO  storage.RaftStorageDirectory (RaftStorageDirectory.java:tryLock(328)) - Lock on /workdir/hadoop-ozone/integration-test/target/test-dir/MiniOzoneClusterImpl-72230a9d-aef9-4496-b11f-d5eccdf763b4/datanode-5/data/ratis/55b0a60b-2a82-44b7-a335-9f5d5560de96/in_use.lock acquired by nodename 22889@pr-hdds-2217-jqnfv-3133698562
2019-10-08 04:07:17,248 [pool-207-thread-1] INFO  storage.RaftStorageDirectory (RaftStorageDirectory.java:tryLock(328)) - Lock on /workdir/hadoop-ozone/integration-test/target/test-dir/MiniOzoneClusterImpl-72230a9d-aef9-4496-b11f-d5eccdf763b4/datanode-0/data/ratis/55b0a60b-2a82-44b7-a335-9f5d5560de96/in_use.lock acquired by nodename 22889@pr-hdds-2217-jqnfv-3133698562
2019-10-08 04:07:17,248 [pool-217-thread-1] INFO  storage.RaftStorageDirectory (RaftStorageDirectory.java:tryLock(328)) - Lock on /workdir/hadoop-ozone/integration-test/target/test-dir/MiniOzoneClusterImpl-72230a9d-aef9-4496-b11f-d5eccdf763b4/datanode-1/data/ratis/55b0a60b-2a82-44b7-a335-9f5d5560de96/in_use.lock acquired by nodename 22889@pr-hdds-2217-jqnfv-3133698562
2019-10-08 04:07:17,261 [pool-257-thread-1] INFO  storage.RaftStorage (RaftStorage.java:format(84)) - Storage directory /workdir/hadoop-ozone/integration-test/target/test-dir/MiniOzoneClusterImpl-72230a9d-aef9-4496-b11f-d5eccdf763b4/datanode-5/data/ratis/55b0a60b-2a82-44b7-a335-9f5d5560de96 has been successfully formatted.
2019-10-08 04:07:17,261 [pool-217-thread-1] INFO  storage.RaftStorage (RaftStorage.java:format(84)) - Storage directory /workdir/hadoop-ozone/integration-test/target/test-dir/MiniOzoneClusterImpl-72230a9d-aef9-4496-b11f-d5eccdf763b4/datanode-1/data/ratis/55b0a60b-2a82-44b7-a335-9f5d5560de96 has been successfully formatted.
2019-10-08 04:07:17,261 [pool-207-thread-1] INFO  storage.RaftStorage (RaftStorage.java:format(84)) - Storage directory /workdir/hadoop-ozone/integration-test/target/test-dir/MiniOzoneClusterImpl-72230a9d-aef9-4496-b11f-d5eccdf763b4/datanode-0/data/ratis/55b0a60b-2a82-44b7-a335-9f5d5560de96 has been successfully formatted.
2019-10-08 04:07:17,262 [pool-217-thread-1] INFO  ratis.ContainerStateMachine (ContainerStateMachine.java:loadSnapshot(231)) - group-9F5D5560DE96: The snapshot info is null. Setting the last applied indexto:(t:0, i:~)
2019-10-08 04:07:17,262 [pool-257-thread-1] INFO  ratis.ContainerStateMachine (ContainerStateMachine.java:loadSnapshot(231)) - group-9F5D5560DE96: The snapshot info is null. Setting the last applied indexto:(t:0, i:~)
2019-10-08 04:07:17,262 [pool-217-thread-1] INFO  server.RaftServerConfigKeys (ConfUtils.java:logGet(43)) - raft.server.notification.no-leader.timeout = 120s (custom)
2019-10-08 04:07:17,262 [pool-207-thread-1] INFO  ratis.ContainerStateMachine (ContainerStateMachine.java:loadSnapshot(231)) - group-9F5D5560DE96: The snapshot info is null. Setting the last applied indexto:(t:0, i:~)
2019-10-08 04:07:17,262 [pool-217-thread-1] INFO  server.RaftServerConfigKeys (ConfUtils.java:logGet(43)) - raft.server.log.use.memory = false (default)
2019-10-08 04:07:17,262 [pool-257-thread-1] INFO  server.RaftServerConfigKeys (ConfUtils.java:logGet(43)) - raft.server.notification.no-leader.timeout = 120s (custom)
2019-10-08 04:07:17,263 [pool-217-thread-1] INFO  server.RaftServerConfigKeys (ConfUtils.java:logGet(43)) - raft.server.log.purge.gap = 1000000 (custom)
2019-10-08 04:07:17,263 [pool-217-thread-1] INFO  server.RaftServerConfigKeys (ConfUtils.java:logGet(43)) - raft.server.log.appender.buffer.byte-limit = 33554432 (custom)
2019-10-08 04:07:17,263 [pool-207-thread-1] INFO  server.RaftServerConfigKeys (ConfUtils.java:logGet(43)) - raft.server.notification.no-leader.timeout = 120s (custom)
2019-10-08 04:07:17,263 [pool-217-thread-1] INFO  server.RaftServerConfigKeys (ConfUtils.java:logGet(43)) - raft.server.log.segment.size.max = 1048576 (custom)
2019-10-08 04:07:17,263 [pool-257-thread-1] INFO  server.RaftServerConfigKeys (ConfUtils.java:logGet(43)) - raft.server.log.use.memory = false (default)
2019-10-08 04:07:17,264 [pool-217-thread-1] INFO  server.RaftServerConfigKeys (ConfUtils.java:logGet(43)) - raft.server.log.segment.cache.num.max = 2 (custom)
2019-10-08 04:07:17,263 [pool-207-thread-1] INFO  server.RaftServerConfigKeys (ConfUtils.java:logGet(43)) - raft.server.log.use.memory = false (default)
2019-10-08 04:07:17,264 [pool-217-thread-1] INFO  segmented.SegmentedRaftLogWorker (SegmentedRaftLogWorker.java:<init>(173)) - new e6210659-57a7-414b-bcf0-b44ac3656a74@group-9F5D5560DE96-SegmentedRaftLogWorker for RaftStorage:Storage Directory /workdir/hadoop-ozone/integration-test/target/test-dir/MiniOzoneClusterImpl-72230a9d-aef9-4496-b11f-d5eccdf763b4/datanode-1/data/ratis/55b0a60b-2a82-44b7-a335-9f5d5560de96
2019-10-08 04:07:17,264 [pool-257-thread-1] INFO  server.RaftServerConfigKeys (ConfUtils.java:logGet(43)) - raft.server.log.purge.gap = 1000000 (custom)
2019-10-08 04:07:17,264 [pool-217-thread-1] INFO  server.RaftServerConfigKeys (ConfUtils.java:logGet(43)) - raft.server.log.queue.byte-limit = 2147483647 (custom)
2019-10-08 04:07:17,264 [pool-207-thread-1] INFO  server.RaftServerConfigKeys (ConfUtils.java:logGet(43)) - raft.server.log.purge.gap = 1000000 (custom)
2019-10-08 04:07:17,264 [pool-217-thread-1] INFO  server.RaftServerConfigKeys (ConfUtils.java:logGet(43)) - raft.server.log.queue.element-limit = 1024 (custom)
2019-10-08 04:07:17,264 [pool-257-thread-1] INFO  server.RaftServerConfigKeys (ConfUtils.java:logGet(43)) - raft.server.log.appender.buffer.byte-limit = 33554432 (custom)
2019-10-08 04:07:17,265 [pool-217-thread-1] INFO  server.RaftServerConfigKeys (ConfUtils.java:logGet(43)) - raft.server.log.segment.size.max = 1048576 (custom)
2019-10-08 04:07:17,265 [pool-217-thread-1] INFO  server.RaftServerConfigKeys (ConfUtils.java:logGet(43)) - raft.server.log.preallocated.size = 16384 (custom)
2019-10-08 04:07:17,265 [pool-207-thread-1] INFO  server.RaftServerConfigKeys (ConfUtils.java:logGet(43)) - raft.server.log.appender.buffer.byte-limit = 33554432 (custom)
2019-10-08 04:07:17,265 [pool-217-thread-1] INFO  server.RaftServerConfigKeys (ConfUtils.java:logGet(43)) - raft.server.log.write.buffer.size = 33554432 (custom)
2019-10-08 04:07:17,265 [pool-257-thread-1] INFO  server.RaftServerConfigKeys (ConfUtils.java:logGet(43)) - raft.server.log.segment.size.max = 1048576 (custom)
2019-10-08 04:07:17,266 [pool-217-thread-1] INFO  server.RaftServerConfigKeys (ConfUtils.java:logGet(43)) - raft.server.log.force.sync.num = 128 (default)
2019-10-08 04:07:17,265 [pool-207-thread-1] INFO  server.RaftServerConfigKeys (ConfUtils.java:logGet(43)) - raft.server.log.segment.size.max = 1048576 (custom)
2019-10-08 04:07:17,266 [pool-217-thread-1] INFO  server.RaftServerConfigKeys (ConfUtils.java:logGet(43)) - raft.server.log.statemachine.data.sync = true (default)
2019-10-08 04:07:17,266 [pool-207-thread-1] INFO  server.RaftServerConfigKeys (ConfUtils.java:logGet(43)) - raft.server.log.segment.cache.num.max = 2 (custom)
2019-10-08 04:07:17,266 [pool-217-thread-1] INFO  server.RaftServerConfigKeys (ConfUtils.java:logGet(43)) - raft.server.log.statemachine.data.sync.timeout = 10s (default)
2019-10-08 04:07:17,266 [pool-207-thread-1] INFO  segmented.SegmentedRaftLogWorker (SegmentedRaftLogWorker.java:<init>(173)) - new 514e48b2-8b0c-49e3-a876-ea0b957cf5ec@group-9F5D5560DE96-SegmentedRaftLogWorker for RaftStorage:Storage Directory /workdir/hadoop-ozone/integration-test/target/test-dir/MiniOzoneClusterImpl-72230a9d-aef9-4496-b11f-d5eccdf763b4/datanode-0/data/ratis/55b0a60b-2a82-44b7-a335-9f5d5560de96
2019-10-08 04:07:17,267 [pool-217-thread-1] INFO  server.RaftServerConfigKeys (ConfUtils.java:logGet(43)) - raft.server.log.statemachine.data.sync.timeout.retry = -1 (default)
2019-10-08 04:07:17,267 [pool-207-thread-1] INFO  server.RaftServerConfigKeys (ConfUtils.java:logGet(43)) - raft.server.log.queue.byte-limit = 2147483647 (custom)
2019-10-08 04:07:17,267 [pool-217-thread-1] INFO  server.RaftServerConfigKeys (ConfUtils.java:logGet(43)) - raft.server.log.statemachine.data.caching.enabled = true (custom)
2019-10-08 04:07:17,267 [pool-207-thread-1] INFO  server.RaftServerConfigKeys (ConfUtils.java:logGet(43)) - raft.server.log.queue.element-limit = 1024 (custom)
2019-10-08 04:07:17,267 [pool-207-thread-1] INFO  server.RaftServerConfigKeys (ConfUtils.java:logGet(43)) - raft.server.log.segment.size.max = 1048576 (custom)
2019-10-08 04:07:17,267 [pool-217-thread-1] INFO  segmented.SegmentedRaftLogWorker (SegmentedRaftLogWorker.java:lambda$new$0(128)) - e6210659-57a7-414b-bcf0-b44ac3656a74@group-9F5D5560DE96-SegmentedRaftLogWorker: flushIndex: setUnconditionally 0 -> -1
2019-10-08 04:07:17,267 [pool-207-thread-1] INFO  server.RaftServerConfigKeys (ConfUtils.java:logGet(43)) - raft.server.log.preallocated.size = 16384 (custom)
2019-10-08 04:07:17,267 [pool-257-thread-1] INFO  server.RaftServerConfigKeys (ConfUtils.java:logGet(43)) - raft.server.log.segment.cache.num.max = 2 (custom)
2019-10-08 04:07:17,268 [pool-217-thread-1] INFO  server.RaftServerConfigKeys (ConfUtils.java:logGet(43)) - raft.server.snapshot.auto.trigger.enabled = true (custom)
2019-10-08 04:07:17,268 [pool-207-thread-1] INFO  server.RaftServerConfigKeys (ConfUtils.java:logGet(43)) - raft.server.log.write.buffer.size = 33554432 (custom)
2019-10-08 04:07:17,268 [pool-217-thread-1] INFO  server.RaftServerConfigKeys (ConfUtils.java:logGet(43)) - raft.server.snapshot.auto.trigger.threshold = 10000 (custom)
2019-10-08 04:07:17,268 [pool-257-thread-1] INFO  segmented.SegmentedRaftLogWorker (SegmentedRaftLogWorker.java:<init>(173)) - new a3e81ea2-c676-4fe0-a110-4b62540dc40b@group-9F5D5560DE96-SegmentedRaftLogWorker for RaftStorage:Storage Directory /workdir/hadoop-ozone/integration-test/target/test-dir/MiniOzoneClusterImpl-72230a9d-aef9-4496-b11f-d5eccdf763b4/datanode-5/data/ratis/55b0a60b-2a82-44b7-a335-9f5d5560de96
2019-10-08 04:07:17,268 [pool-217-thread-1] INFO  server.RaftServerConfigKeys (ConfUtils.java:logGet(43)) - raft.server.snapshot.retention.file.num = 5 (custom)
2019-10-08 04:07:17,268 [pool-207-thread-1] INFO  server.RaftServerConfigKeys (ConfUtils.java:logGet(43)) - raft.server.log.force.sync.num = 128 (default)
2019-10-08 04:07:17,269 [pool-217-thread-1] INFO  server.RaftServerConfigKeys (ConfUtils.java:logGet(43)) - raft.server.retrycache.expirytime = 600000ms (custom)
2019-10-08 04:07:17,269 [pool-257-thread-1] INFO  server.RaftServerConfigKeys (ConfUtils.java:logGet(43)) - raft.server.log.queue.byte-limit = 2147483647 (custom)
2019-10-08 04:07:17,269 [pool-207-thread-1] INFO  server.RaftServerConfigKeys (ConfUtils.java:logGet(43)) - raft.server.log.statemachine.data.sync = true (default)
2019-10-08 04:07:17,269 [pool-257-thread-1] INFO  server.RaftServerConfigKeys (ConfUtils.java:logGet(43)) - raft.server.log.queue.element-limit = 1024 (custom)
2019-10-08 04:07:17,269 [pool-207-thread-1] INFO  server.RaftServerConfigKeys (ConfUtils.java:logGet(43)) - raft.server.log.statemachine.data.sync.timeout = 10s (default)
2019-10-08 04:07:17,270 [pool-257-thread-1] INFO  server.RaftServerConfigKeys (ConfUtils.java:logGet(43)) - raft.server.log.segment.size.max = 1048576 (custom)
2019-10-08 04:07:17,270 [pool-207-thread-1] INFO  server.RaftServerConfigKeys (ConfUtils.java:logGet(43)) - raft.server.log.statemachine.data.sync.timeout.retry = -1 (default)
2019-10-08 04:07:17,270 [pool-257-thread-1] INFO  server.RaftServerConfigKeys (ConfUtils.java:logGet(43)) - raft.server.log.preallocated.size = 16384 (custom)
2019-10-08 04:07:17,270 [pool-207-thread-1] INFO  server.RaftServerConfigKeys (ConfUtils.java:logGet(43)) - raft.server.log.statemachine.data.caching.enabled = true (custom)
2019-10-08 04:07:17,270 [pool-257-thread-1] INFO  server.RaftServerConfigKeys (ConfUtils.java:logGet(43)) - raft.server.log.write.buffer.size = 33554432 (custom)
2019-10-08 04:07:17,270 [pool-257-thread-1] INFO  server.RaftServerConfigKeys (ConfUtils.java:logGet(43)) - raft.server.log.force.sync.num = 128 (default)
2019-10-08 04:07:17,270 [pool-207-thread-1] INFO  segmented.SegmentedRaftLogWorker (SegmentedRaftLogWorker.java:lambda$new$0(128)) - 514e48b2-8b0c-49e3-a876-ea0b957cf5ec@group-9F5D5560DE96-SegmentedRaftLogWorker: flushIndex: setUnconditionally 0 -> -1
2019-10-08 04:07:17,271 [pool-257-thread-1] INFO  server.RaftServerConfigKeys (ConfUtils.java:logGet(43)) - raft.server.log.statemachine.data.sync = true (default)
2019-10-08 04:07:17,271 [pool-207-thread-1] INFO  server.RaftServerConfigKeys (ConfUtils.java:logGet(43)) - raft.server.snapshot.auto.trigger.enabled = true (custom)
2019-10-08 04:07:17,271 [pool-257-thread-1] INFO  server.RaftServerConfigKeys (ConfUtils.java:logGet(43)) - raft.server.log.statemachine.data.sync.timeout = 10s (default)
2019-10-08 04:07:17,271 [pool-207-thread-1] INFO  server.RaftServerConfigKeys (ConfUtils.java:logGet(43)) - raft.server.snapshot.auto.trigger.threshold = 10000 (custom)
2019-10-08 04:07:17,271 [pool-217-thread-1] INFO  impl.RaftServerImpl (RaftServerImpl.java:start(181)) - e6210659-57a7-414b-bcf0-b44ac3656a74@group-9F5D5560DE96: start as a follower, conf=-1: [514e48b2-8b0c-49e3-a876-ea0b957cf5ec:192.168.151.83:37398, e6210659-57a7-414b-bcf0-b44ac3656a74:192.168.151.83:42201, a3e81ea2-c676-4fe0-a110-4b62540dc40b:192.168.151.83:34200], old=null
2019-10-08 04:07:17,271 [pool-257-thread-1] INFO  server.RaftServerConfigKeys (ConfUtils.java:logGet(43)) - raft.server.log.statemachine.data.sync.timeout.retry = -1 (default)
2019-10-08 04:07:17,271 [pool-217-thread-1] INFO  impl.RaftServerImpl (RaftServerImpl.java:setRole(170)) - e6210659-57a7-414b-bcf0-b44ac3656a74@group-9F5D5560DE96: changes role from      null to FOLLOWER at term 0 for startAsFollower
2019-10-08 04:07:17,271 [pool-207-thread-1] INFO  server.RaftServerConfigKeys (ConfUtils.java:logGet(43)) - raft.server.snapshot.retention.file.num = 5 (custom)
2019-10-08 04:07:17,272 [pool-217-thread-1] INFO  impl.RoleInfo (RoleInfo.java:updateAndGet(143)) - e6210659-57a7-414b-bcf0-b44ac3656a74: start FollowerState
2019-10-08 04:07:17,272 [pool-207-thread-1] INFO  server.RaftServerConfigKeys (ConfUtils.java:logGet(43)) - raft.server.retrycache.expirytime = 600000ms (custom)
2019-10-08 04:07:17,272 [pool-257-thread-1] INFO  server.RaftServerConfigKeys (ConfUtils.java:logGet(43)) - raft.server.log.statemachine.data.caching.enabled = true (custom)
2019-10-08 04:07:17,272 [pool-217-thread-1] INFO  util.JmxRegister (JmxRegister.java:tryRegister(44)) - Successfully registered JMX Bean with object name Ratis:service=RaftServer,group=group-9F5D5560DE96,id=e6210659-57a7-414b-bcf0-b44ac3656a74
2019-10-08 04:07:17,272 [pool-257-thread-1] INFO  segmented.SegmentedRaftLogWorker (SegmentedRaftLogWorker.java:lambda$new$0(128)) - a3e81ea2-c676-4fe0-a110-4b62540dc40b@group-9F5D5560DE96-SegmentedRaftLogWorker: flushIndex: setUnconditionally 0 -> -1
2019-10-08 04:07:17,273 [pool-257-thread-1] INFO  server.RaftServerConfigKeys (ConfUtils.java:logGet(43)) - raft.server.snapshot.auto.trigger.enabled = true (custom)
2019-10-08 04:07:17,273 [pool-257-thread-1] INFO  server.RaftServerConfigKeys (ConfUtils.java:logGet(43)) - raft.server.snapshot.auto.trigger.threshold = 10000 (custom)
2019-10-08 04:07:17,273 [pool-257-thread-1] INFO  server.RaftServerConfigKeys (ConfUtils.java:logGet(43)) - raft.server.snapshot.retention.file.num = 5 (custom)
2019-10-08 04:07:17,273 [pool-257-thread-1] INFO  server.RaftServerConfigKeys (ConfUtils.java:logGet(43)) - raft.server.retrycache.expirytime = 600000ms (custom)
2019-10-08 04:07:17,276 [pool-207-thread-1] INFO  impl.RaftServerImpl (RaftServerImpl.java:start(181)) - 514e48b2-8b0c-49e3-a876-ea0b957cf5ec@group-9F5D5560DE96: start as a follower, conf=-1: [514e48b2-8b0c-49e3-a876-ea0b957cf5ec:192.168.151.83:37398, e6210659-57a7-414b-bcf0-b44ac3656a74:192.168.151.83:42201, a3e81ea2-c676-4fe0-a110-4b62540dc40b:192.168.151.83:34200], old=null
2019-10-08 04:07:17,276 [pool-207-thread-1] INFO  impl.RaftServerImpl (RaftServerImpl.java:setRole(170)) - 514e48b2-8b0c-49e3-a876-ea0b957cf5ec@group-9F5D5560DE96: changes role from      null to FOLLOWER at term 0 for startAsFollower
2019-10-08 04:07:17,276 [pool-207-thread-1] INFO  impl.RoleInfo (RoleInfo.java:updateAndGet(143)) - 514e48b2-8b0c-49e3-a876-ea0b957cf5ec: start FollowerState
2019-10-08 04:07:17,276 [pool-207-thread-1] INFO  util.JmxRegister (JmxRegister.java:tryRegister(44)) - Successfully registered JMX Bean with object name Ratis:service=RaftServer,group=group-9F5D5560DE96,id=514e48b2-8b0c-49e3-a876-ea0b957cf5ec
2019-10-08 04:07:17,277 [pool-257-thread-1] INFO  impl.RaftServerImpl (RaftServerImpl.java:start(181)) - a3e81ea2-c676-4fe0-a110-4b62540dc40b@group-9F5D5560DE96: start as a follower, conf=-1: [514e48b2-8b0c-49e3-a876-ea0b957cf5ec:192.168.151.83:37398, e6210659-57a7-414b-bcf0-b44ac3656a74:192.168.151.83:42201, a3e81ea2-c676-4fe0-a110-4b62540dc40b:192.168.151.83:34200], old=null
2019-10-08 04:07:17,277 [pool-257-thread-1] INFO  impl.RaftServerImpl (RaftServerImpl.java:setRole(170)) - a3e81ea2-c676-4fe0-a110-4b62540dc40b@group-9F5D5560DE96: changes role from      null to FOLLOWER at term 0 for startAsFollower
2019-10-08 04:07:17,277 [pool-257-thread-1] INFO  impl.RoleInfo (RoleInfo.java:updateAndGet(143)) - a3e81ea2-c676-4fe0-a110-4b62540dc40b: start FollowerState
2019-10-08 04:07:17,277 [pool-257-thread-1] INFO  util.JmxRegister (JmxRegister.java:tryRegister(44)) - Successfully registered JMX Bean with object name Ratis:service=RaftServer,group=group-9F5D5560DE96,id=a3e81ea2-c676-4fe0-a110-4b62540dc40b
2019-10-08 04:07:17,291 [RatisPipelineUtilsThread] INFO  pipeline.PipelineStateManager (PipelineStateManager.java:addPipeline(56)) - Created pipeline Pipeline[ Id: 55b0a60b-2a82-44b7-a335-9f5d5560de96, Nodes: a3e81ea2-c676-4fe0-a110-4b62540dc40b{ip: 192.168.151.83, host: pr-hdds-2217-jqnfv-3133698562, networkLocation: /default-rack, certSerialId: null}514e48b2-8b0c-49e3-a876-ea0b957cf5ec{ip: 192.168.151.83, host: pr-hdds-2217-jqnfv-3133698562, networkLocation: /default-rack, certSerialId: null}e6210659-57a7-414b-bcf0-b44ac3656a74{ip: 192.168.151.83, host: pr-hdds-2217-jqnfv-3133698562, networkLocation: /default-rack, certSerialId: null}, Type:RATIS, Factor:THREE, State:OPEN]
2019-10-08 04:07:17,299 [grpc-default-executor-1] INFO  impl.RaftServerProxy (RaftServerProxy.java:addNew(89)) - a3e81ea2-c676-4fe0-a110-4b62540dc40b: addNew group-6EB76E31779B:[a3e81ea2-c676-4fe0-a110-4b62540dc40b:192.168.151.83:34200] returns group-6EB76E31779B:java.util.concurrent.CompletableFuture@6854c5b3[Not completed]
2019-10-08 04:07:17,300 [pool-257-thread-1] INFO  impl.RaftServerImpl (RaftServerImpl.java:<init>(95)) - a3e81ea2-c676-4fe0-a110-4b62540dc40b: new RaftServerImpl for group-6EB76E31779B:[a3e81ea2-c676-4fe0-a110-4b62540dc40b:192.168.151.83:34200] with ContainerStateMachine:uninitialized
2019-10-08 04:07:17,302 [pool-257-thread-1] INFO  server.RaftServerConfigKeys (ConfUtils.java:logGet(43)) - raft.server.rpc.timeout.min = 5s (custom)
2019-10-08 04:07:17,302 [pool-257-thread-1] INFO  server.RaftServerConfigKeys (ConfUtils.java:logGet(43)) - raft.server.rpc.timeout.max = 5200ms (custom)
2019-10-08 04:07:17,302 [pool-257-thread-1] INFO  server.RaftServerConfigKeys (ConfUtils.java:logGet(43)) - raft.server.rpcslowness.timeout = 120s (custom)
2019-10-08 04:07:17,302 [pool-257-thread-1] INFO  server.RaftServerConfigKeys (ConfUtils.java:logGet(43)) - raft.server.sleep.deviation.threshold = 300 (default)
2019-10-08 04:07:17,302 [pool-257-thread-1] INFO  server.RaftServerConfigKeys (ConfUtils.java:logGet(43)) - raft.server.log.appender.install.snapshot.enabled = false (custom)
2019-10-08 04:07:17,302 [pool-257-thread-1] INFO  impl.RaftServerImpl (ServerState.java:<init>(103)) - a3e81ea2-c676-4fe0-a110-4b62540dc40b@group-6EB76E31779B: ConfigurationManager, init=-1: [a3e81ea2-c676-4fe0-a110-4b62540dc40b:192.168.151.83:34200], old=null, confs=<EMPTY_MAP>
2019-10-08 04:07:17,302 [pool-257-thread-1] INFO  server.RaftServerConfigKeys (ConfUtils.java:logGet(43)) - raft.server.storage.dir = [/workdir/hadoop-ozone/integration-test/target/test-dir/MiniOzoneClusterImpl-72230a9d-aef9-4496-b11f-d5eccdf763b4/datanode-5/data/ratis] (custom)
2019-10-08 04:07:17,303 [pool-257-thread-1] INFO  server.RaftServerConfigKeys (ConfUtils.java:logGet(43)) - raft.server.log.corruption.policy = EXCEPTION (default)
2019-10-08 04:07:17,303 [pool-257-thread-1] INFO  storage.RaftStorageDirectory (RaftStorageDirectory.java:analyzeStorage(246)) - The storage directory /workdir/hadoop-ozone/integration-test/target/test-dir/MiniOzoneClusterImpl-72230a9d-aef9-4496-b11f-d5eccdf763b4/datanode-5/data/ratis/92b23e64-bfcc-47c5-b0b2-6eb76e31779b does not exist. Creating ...
2019-10-08 04:07:17,316 [pool-257-thread-1] INFO  storage.RaftStorageDirectory (RaftStorageDirectory.java:tryLock(328)) - Lock on /workdir/hadoop-ozone/integration-test/target/test-dir/MiniOzoneClusterImpl-72230a9d-aef9-4496-b11f-d5eccdf763b4/datanode-5/data/ratis/92b23e64-bfcc-47c5-b0b2-6eb76e31779b/in_use.lock acquired by nodename 22889@pr-hdds-2217-jqnfv-3133698562
2019-10-08 04:07:17,328 [pool-257-thread-1] INFO  storage.RaftStorage (RaftStorage.java:format(84)) - Storage directory /workdir/hadoop-ozone/integration-test/target/test-dir/MiniOzoneClusterImpl-72230a9d-aef9-4496-b11f-d5eccdf763b4/datanode-5/data/ratis/92b23e64-bfcc-47c5-b0b2-6eb76e31779b has been successfully formatted.
2019-10-08 04:07:17,329 [pool-257-thread-1] INFO  ratis.ContainerStateMachine (ContainerStateMachine.java:loadSnapshot(231)) - group-6EB76E31779B: The snapshot info is null. Setting the last applied indexto:(t:0, i:~)
2019-10-08 04:07:17,329 [pool-257-thread-1] INFO  server.RaftServerConfigKeys (ConfUtils.java:logGet(43)) - raft.server.notification.no-leader.timeout = 120s (custom)
2019-10-08 04:07:17,329 [pool-257-thread-1] INFO  server.RaftServerConfigKeys (ConfUtils.java:logGet(43)) - raft.server.log.use.memory = false (default)
2019-10-08 04:07:17,329 [pool-257-thread-1] INFO  server.RaftServerConfigKeys (ConfUtils.java:logGet(43)) - raft.server.log.purge.gap = 1000000 (custom)
2019-10-08 04:07:17,329 [pool-257-thread-1] INFO  server.RaftServerConfigKeys (ConfUtils.java:logGet(43)) - raft.server.log.appender.buffer.byte-limit = 33554432 (custom)
2019-10-08 04:07:17,329 [pool-257-thread-1] INFO  server.RaftServerConfigKeys (ConfUtils.java:logGet(43)) - raft.server.log.segment.size.max = 1048576 (custom)
2019-10-08 04:07:17,329 [pool-257-thread-1] INFO  server.RaftServerConfigKeys (ConfUtils.java:logGet(43)) - raft.server.log.segment.cache.num.max = 2 (custom)
2019-10-08 04:07:17,330 [pool-257-thread-1] INFO  segmented.SegmentedRaftLogWorker (SegmentedRaftLogWorker.java:<init>(173)) - new a3e81ea2-c676-4fe0-a110-4b62540dc40b@group-6EB76E31779B-SegmentedRaftLogWorker for RaftStorage:Storage Directory /workdir/hadoop-ozone/integration-test/target/test-dir/MiniOzoneClusterImpl-72230a9d-aef9-4496-b11f-d5eccdf763b4/datanode-5/data/ratis/92b23e64-bfcc-47c5-b0b2-6eb76e31779b
2019-10-08 04:07:17,330 [pool-257-thread-1] INFO  server.RaftServerConfigKeys (ConfUtils.java:logGet(43)) - raft.server.log.queue.byte-limit = 2147483647 (custom)
2019-10-08 04:07:17,330 [pool-257-thread-1] INFO  server.RaftServerConfigKeys (ConfUtils.java:logGet(43)) - raft.server.log.queue.element-limit = 1024 (custom)
2019-10-08 04:07:17,330 [pool-257-thread-1] INFO  server.RaftServerConfigKeys (ConfUtils.java:logGet(43)) - raft.server.log.segment.size.max = 1048576 (custom)
2019-10-08 04:07:17,330 [pool-257-thread-1] INFO  server.RaftServerConfigKeys (ConfUtils.java:logGet(43)) - raft.server.log.preallocated.size = 16384 (custom)
2019-10-08 04:07:17,330 [pool-257-thread-1] INFO  server.RaftServerConfigKeys (ConfUtils.java:logGet(43)) - raft.server.log.write.buffer.size = 33554432 (custom)
2019-10-08 04:07:17,330 [pool-257-thread-1] INFO  server.RaftServerConfigKeys (ConfUtils.java:logGet(43)) - raft.server.log.force.sync.num = 128 (default)
2019-10-08 04:07:17,330 [pool-257-thread-1] INFO  server.RaftServerConfigKeys (ConfUtils.java:logGet(43)) - raft.server.log.statemachine.data.sync = true (default)
2019-10-08 04:07:17,330 [pool-257-thread-1] INFO  server.RaftServerConfigKeys (ConfUtils.java:logGet(43)) - raft.server.log.statemachine.data.sync.timeout = 10s (default)
2019-10-08 04:07:17,331 [pool-257-thread-1] INFO  server.RaftServerConfigKeys (ConfUtils.java:logGet(43)) - raft.server.log.statemachine.data.sync.timeout.retry = -1 (default)
2019-10-08 04:07:17,331 [pool-257-thread-1] INFO  server.RaftServerConfigKeys (ConfUtils.java:logGet(43)) - raft.server.log.statemachine.data.caching.enabled = true (custom)
2019-10-08 04:07:17,331 [pool-257-thread-1] INFO  segmented.SegmentedRaftLogWorker (SegmentedRaftLogWorker.java:lambda$new$0(128)) - a3e81ea2-c676-4fe0-a110-4b62540dc40b@group-6EB76E31779B-SegmentedRaftLogWorker: flushIndex: setUnconditionally 0 -> -1
2019-10-08 04:07:17,331 [pool-257-thread-1] INFO  server.RaftServerConfigKeys (ConfUtils.java:logGet(43)) - raft.server.snapshot.auto.trigger.enabled = true (custom)
2019-10-08 04:07:17,331 [pool-257-thread-1] INFO  server.RaftServerConfigKeys (ConfUtils.java:logGet(43)) - raft.server.snapshot.auto.trigger.threshold = 10000 (custom)
2019-10-08 04:07:17,331 [pool-257-thread-1] INFO  server.RaftServerConfigKeys (ConfUtils.java:logGet(43)) - raft.server.snapshot.retention.file.num = 5 (custom)
2019-10-08 04:07:17,332 [pool-257-thread-1] INFO  server.RaftServerConfigKeys (ConfUtils.java:logGet(43)) - raft.server.retrycache.expirytime = 600000ms (custom)
2019-10-08 04:07:17,333 [pool-257-thread-1] INFO  impl.RaftServerImpl (RaftServerImpl.java:start(181)) - a3e81ea2-c676-4fe0-a110-4b62540dc40b@group-6EB76E31779B: start as a follower, conf=-1: [a3e81ea2-c676-4fe0-a110-4b62540dc40b:192.168.151.83:34200], old=null
2019-10-08 04:07:17,333 [pool-257-thread-1] INFO  impl.RaftServerImpl (RaftServerImpl.java:setRole(170)) - a3e81ea2-c676-4fe0-a110-4b62540dc40b@group-6EB76E31779B: changes role from      null to FOLLOWER at term 0 for startAsFollower
2019-10-08 04:07:17,333 [pool-257-thread-1] INFO  impl.RoleInfo (RoleInfo.java:updateAndGet(143)) - a3e81ea2-c676-4fe0-a110-4b62540dc40b: start FollowerState
2019-10-08 04:07:17,334 [pool-257-thread-1] INFO  util.JmxRegister (JmxRegister.java:tryRegister(44)) - Successfully registered JMX Bean with object name Ratis:service=RaftServer,group=group-6EB76E31779B,id=a3e81ea2-c676-4fe0-a110-4b62540dc40b
2019-10-08 04:07:17,340 [RatisPipelineUtilsThread] INFO  pipeline.PipelineStateManager (PipelineStateManager.java:addPipeline(56)) - Created pipeline Pipeline[ Id: 92b23e64-bfcc-47c5-b0b2-6eb76e31779b, Nodes: a3e81ea2-c676-4fe0-a110-4b62540dc40b{ip: 192.168.151.83, host: pr-hdds-2217-jqnfv-3133698562, networkLocation: /default-rack, certSerialId: null}, Type:RATIS, Factor:ONE, State:OPEN]
2019-10-08 04:07:17,350 [grpc-default-executor-1] INFO  impl.RaftServerProxy (RaftServerProxy.java:addNew(89)) - 868dbea0-f64a-4fd6-bff7-bd843843b649: addNew group-39959C67CAB8:[868dbea0-f64a-4fd6-bff7-bd843843b649:192.168.151.83:37696] returns group-39959C67CAB8:java.util.concurrent.CompletableFuture@35e4f0ba[Not completed]
2019-10-08 04:07:17,351 [pool-267-thread-1] INFO  impl.RaftServerImpl (RaftServerImpl.java:<init>(95)) - 868dbea0-f64a-4fd6-bff7-bd843843b649: new RaftServerImpl for group-39959C67CAB8:[868dbea0-f64a-4fd6-bff7-bd843843b649:192.168.151.83:37696] with ContainerStateMachine:uninitialized
2019-10-08 04:07:17,352 [pool-267-thread-1] INFO  server.RaftServerConfigKeys (ConfUtils.java:logGet(43)) - raft.server.rpc.timeout.min = 5s (custom)
2019-10-08 04:07:17,352 [pool-267-thread-1] INFO  server.RaftServerConfigKeys (ConfUtils.java:logGet(43)) - raft.server.rpc.timeout.max = 5200ms (custom)
2019-10-08 04:07:17,352 [pool-267-thread-1] INFO  server.RaftServerConfigKeys (ConfUtils.java:logGet(43)) - raft.server.rpcslowness.timeout = 120s (custom)
2019-10-08 04:07:17,352 [pool-267-thread-1] INFO  server.RaftServerConfigKeys (ConfUtils.java:logGet(43)) - raft.server.sleep.deviation.threshold = 300 (default)
2019-10-08 04:07:17,352 [pool-267-thread-1] INFO  server.RaftServerConfigKeys (ConfUtils.java:logGet(43)) - raft.server.log.appender.install.snapshot.enabled = false (custom)
2019-10-08 04:07:17,353 [pool-267-thread-1] INFO  impl.RaftServerImpl (ServerState.java:<init>(103)) - 868dbea0-f64a-4fd6-bff7-bd843843b649@group-39959C67CAB8: ConfigurationManager, init=-1: [868dbea0-f64a-4fd6-bff7-bd843843b649:192.168.151.83:37696], old=null, confs=<EMPTY_MAP>
2019-10-08 04:07:17,353 [pool-267-thread-1] INFO  server.RaftServerConfigKeys (ConfUtils.java:logGet(43)) - raft.server.storage.dir = [/workdir/hadoop-ozone/integration-test/target/test-dir/MiniOzoneClusterImpl-72230a9d-aef9-4496-b11f-d5eccdf763b4/datanode-6/data/ratis] (custom)
2019-10-08 04:07:17,353 [pool-267-thread-1] INFO  server.RaftServerConfigKeys (ConfUtils.java:logGet(43)) - raft.server.log.corruption.policy = EXCEPTION (default)
2019-10-08 04:07:17,353 [pool-267-thread-1] INFO  storage.RaftStorageDirectory (RaftStorageDirectory.java:analyzeStorage(246)) - The storage directory /workdir/hadoop-ozone/integration-test/target/test-dir/MiniOzoneClusterImpl-72230a9d-aef9-4496-b11f-d5eccdf763b4/datanode-6/data/ratis/8e9049dd-1c11-45b4-b89a-39959c67cab8 does not exist. Creating ...
2019-10-08 04:07:17,366 [pool-267-thread-1] INFO  storage.RaftStorageDirectory (RaftStorageDirectory.java:tryLock(328)) - Lock on /workdir/hadoop-ozone/integration-test/target/test-dir/MiniOzoneClusterImpl-72230a9d-aef9-4496-b11f-d5eccdf763b4/datanode-6/data/ratis/8e9049dd-1c11-45b4-b89a-39959c67cab8/in_use.lock acquired by nodename 22889@pr-hdds-2217-jqnfv-3133698562
2019-10-08 04:07:17,379 [pool-267-thread-1] INFO  storage.RaftStorage (RaftStorage.java:format(84)) - Storage directory /workdir/hadoop-ozone/integration-test/target/test-dir/MiniOzoneClusterImpl-72230a9d-aef9-4496-b11f-d5eccdf763b4/datanode-6/data/ratis/8e9049dd-1c11-45b4-b89a-39959c67cab8 has been successfully formatted.
2019-10-08 04:07:17,379 [pool-267-thread-1] INFO  ratis.ContainerStateMachine (ContainerStateMachine.java:loadSnapshot(231)) - group-39959C67CAB8: The snapshot info is null. Setting the last applied indexto:(t:0, i:~)
2019-10-08 04:07:17,379 [pool-267-thread-1] INFO  server.RaftServerConfigKeys (ConfUtils.java:logGet(43)) - raft.server.notification.no-leader.timeout = 120s (custom)
2019-10-08 04:07:17,379 [pool-267-thread-1] INFO  server.RaftServerConfigKeys (ConfUtils.java:logGet(43)) - raft.server.log.use.memory = false (default)
2019-10-08 04:07:17,379 [pool-267-thread-1] INFO  server.RaftServerConfigKeys (ConfUtils.java:logGet(43)) - raft.server.log.purge.gap = 1000000 (custom)
2019-10-08 04:07:17,380 [pool-267-thread-1] INFO  server.RaftServerConfigKeys (ConfUtils.java:logGet(43)) - raft.server.log.appender.buffer.byte-limit = 33554432 (custom)
2019-10-08 04:07:17,380 [pool-267-thread-1] INFO  server.RaftServerConfigKeys (ConfUtils.java:logGet(43)) - raft.server.log.segment.size.max = 1048576 (custom)
2019-10-08 04:07:17,382 [pool-267-thread-1] INFO  server.RaftServerConfigKeys (ConfUtils.java:logGet(43)) - raft.server.log.segment.cache.num.max = 2 (custom)
2019-10-08 04:07:17,382 [pool-267-thread-1] INFO  segmented.SegmentedRaftLogWorker (SegmentedRaftLogWorker.java:<init>(173)) - new 868dbea0-f64a-4fd6-bff7-bd843843b649@group-39959C67CAB8-SegmentedRaftLogWorker for RaftStorage:Storage Directory /workdir/hadoop-ozone/integration-test/target/test-dir/MiniOzoneClusterImpl-72230a9d-aef9-4496-b11f-d5eccdf763b4/datanode-6/data/ratis/8e9049dd-1c11-45b4-b89a-39959c67cab8
2019-10-08 04:07:17,382 [pool-267-thread-1] INFO  server.RaftServerConfigKeys (ConfUtils.java:logGet(43)) - raft.server.log.queue.byte-limit = 2147483647 (custom)
2019-10-08 04:07:17,382 [pool-267-thread-1] INFO  server.RaftServerConfigKeys (ConfUtils.java:logGet(43)) - raft.server.log.queue.element-limit = 1024 (custom)
2019-10-08 04:07:17,382 [pool-267-thread-1] INFO  server.RaftServerConfigKeys (ConfUtils.java:logGet(43)) - raft.server.log.segment.size.max = 1048576 (custom)
2019-10-08 04:07:17,382 [pool-267-thread-1] INFO  server.RaftServerConfigKeys (ConfUtils.java:logGet(43)) - raft.server.log.preallocated.size = 16384 (custom)
2019-10-08 04:07:17,382 [pool-267-thread-1] INFO  server.RaftServerConfigKeys (ConfUtils.java:logGet(43)) - raft.server.log.write.buffer.size = 33554432 (custom)
2019-10-08 04:07:17,383 [pool-267-thread-1] INFO  server.RaftServerConfigKeys (ConfUtils.java:logGet(43)) - raft.server.log.force.sync.num = 128 (default)
2019-10-08 04:07:17,383 [pool-267-thread-1] INFO  server.RaftServerConfigKeys (ConfUtils.java:logGet(43)) - raft.server.log.statemachine.data.sync = true (default)
2019-10-08 04:07:17,383 [pool-267-thread-1] INFO  server.RaftServerConfigKeys (ConfUtils.java:logGet(43)) - raft.server.log.statemachine.data.sync.timeout = 10s (default)
2019-10-08 04:07:17,383 [pool-267-thread-1] INFO  server.RaftServerConfigKeys (ConfUtils.java:logGet(43)) - raft.server.log.statemachine.data.sync.timeout.retry = -1 (default)
2019-10-08 04:07:17,383 [pool-267-thread-1] INFO  server.RaftServerConfigKeys (ConfUtils.java:logGet(43)) - raft.server.log.statemachine.data.caching.enabled = true (custom)
2019-10-08 04:07:17,384 [pool-267-thread-1] INFO  segmented.SegmentedRaftLogWorker (SegmentedRaftLogWorker.java:lambda$new$0(128)) - 868dbea0-f64a-4fd6-bff7-bd843843b649@group-39959C67CAB8-SegmentedRaftLogWorker: flushIndex: setUnconditionally 0 -> -1
2019-10-08 04:07:17,384 [pool-267-thread-1] INFO  server.RaftServerConfigKeys (ConfUtils.java:logGet(43)) - raft.server.snapshot.auto.trigger.enabled = true (custom)
2019-10-08 04:07:17,384 [pool-267-thread-1] INFO  server.RaftServerConfigKeys (ConfUtils.java:logGet(43)) - raft.server.snapshot.auto.trigger.threshold = 10000 (custom)
2019-10-08 04:07:17,384 [pool-267-thread-1] INFO  server.RaftServerConfigKeys (ConfUtils.java:logGet(43)) - raft.server.snapshot.retention.file.num = 5 (custom)
2019-10-08 04:07:17,385 [pool-267-thread-1] INFO  server.RaftServerConfigKeys (ConfUtils.java:logGet(43)) - raft.server.retrycache.expirytime = 600000ms (custom)
2019-10-08 04:07:17,386 [pool-267-thread-1] INFO  impl.RaftServerImpl (RaftServerImpl.java:start(181)) - 868dbea0-f64a-4fd6-bff7-bd843843b649@group-39959C67CAB8: start as a follower, conf=-1: [868dbea0-f64a-4fd6-bff7-bd843843b649:192.168.151.83:37696], old=null
2019-10-08 04:07:17,387 [pool-267-thread-1] INFO  impl.RaftServerImpl (RaftServerImpl.java:setRole(170)) - 868dbea0-f64a-4fd6-bff7-bd843843b649@group-39959C67CAB8: changes role from      null to FOLLOWER at term 0 for startAsFollower
2019-10-08 04:07:17,387 [pool-267-thread-1] INFO  impl.RoleInfo (RoleInfo.java:updateAndGet(143)) - 868dbea0-f64a-4fd6-bff7-bd843843b649: start FollowerState
2019-10-08 04:07:17,387 [pool-267-thread-1] INFO  util.JmxRegister (JmxRegister.java:tryRegister(44)) - Successfully registered JMX Bean with object name Ratis:service=RaftServer,group=group-39959C67CAB8,id=868dbea0-f64a-4fd6-bff7-bd843843b649
2019-10-08 04:07:17,394 [RatisPipelineUtilsThread] INFO  pipeline.PipelineStateManager (PipelineStateManager.java:addPipeline(56)) - Created pipeline Pipeline[ Id: 8e9049dd-1c11-45b4-b89a-39959c67cab8, Nodes: 868dbea0-f64a-4fd6-bff7-bd843843b649{ip: 192.168.151.83, host: pr-hdds-2217-jqnfv-3133698562, networkLocation: /default-rack, certSerialId: null}, Type:RATIS, Factor:ONE, State:OPEN]
2019-10-08 04:07:18,207 [main] INFO  ozone.MiniOzoneClusterImpl (MiniOzoneClusterImpl.java:lambda$waitForClusterToBeReady$0(147)) - Cluster is ready. Got 7 of 7 DN Heartbeats.
2019-10-08 04:07:18,245 [main] INFO  rpc.RpcClient (RpcClient.java:createVolume(277)) - Creating Volume: watchforcommithandlingtest, with jenkins1000 as owner.
2019-10-08 04:07:18,248 [IPC Server handler 0 on 42869] INFO  volume.OMVolumeCreateRequest (OMVolumeCreateRequest.java:validateAndUpdateCache(193)) - created volume:watchforcommithandlingtest for user:jenkins1000
2019-10-08 04:07:18,258 [main] INFO  rpc.RpcClient (RpcClient.java:createBucket(416)) - Creating Bucket: watchforcommithandlingtest/watchforcommithandlingtest, with Versioning false and Storage Type set to DISK and Encryption set to false 
2019-10-08 04:07:18,263 [main] INFO  ozone.MiniOzoneClusterImpl (MiniOzoneClusterImpl.java:getStorageContainerLocationClient(234)) - Creating StorageContainerLocationProtocol RPC client with address /0.0.0.0:34340
2019-10-08 04:07:19,837 [Thread-1459] INFO  container.ReplicationManager (ReplicationManager.java:start(162)) - Starting Replication Monitor Thread.
2019-10-08 04:07:19,841 [ReplicationMonitor] INFO  container.ReplicationManager (ReplicationManager.java:run(225)) - Replication Monitor Thread took 0 milliseconds for processing 1 containers.
2019-10-08 04:07:22,012 [Thread-1464] INFO  impl.FollowerState (FollowerState.java:run(108)) - e6210659-57a7-414b-bcf0-b44ac3656a74@group-F635FB04CD74-FollowerState: change to CANDIDATE, lastRpcTime:5042ms, electionTimeout:5042ms
2019-10-08 04:07:22,013 [Thread-1464] INFO  impl.RoleInfo (RoleInfo.java:shutdownFollowerState(121)) - e6210659-57a7-414b-bcf0-b44ac3656a74: shutdown FollowerState
2019-10-08 04:07:22,013 [Thread-1464] INFO  impl.RaftServerImpl (RaftServerImpl.java:setRole(170)) - e6210659-57a7-414b-bcf0-b44ac3656a74@group-F635FB04CD74: changes role from  FOLLOWER to CANDIDATE at term 0 for changeToCandidate
2019-10-08 04:07:22,014 [Thread-1464] INFO  impl.RoleInfo (RoleInfo.java:updateAndGet(143)) - e6210659-57a7-414b-bcf0-b44ac3656a74: start LeaderElection
2019-10-08 04:07:22,039 [e6210659-57a7-414b-bcf0-b44ac3656a74@group-F635FB04CD74-LeaderElection53] INFO  impl.LeaderElection (LeaderElection.java:askForVotes(178)) - e6210659-57a7-414b-bcf0-b44ac3656a74@group-F635FB04CD74-LeaderElection53: begin an election at term 1 for -1: [e6210659-57a7-414b-bcf0-b44ac3656a74:192.168.151.83:42201], old=null
2019-10-08 04:07:22,040 [e6210659-57a7-414b-bcf0-b44ac3656a74@group-F635FB04CD74-LeaderElection53] INFO  impl.RoleInfo (RoleInfo.java:shutdownLeaderElection(134)) - e6210659-57a7-414b-bcf0-b44ac3656a74: shutdown LeaderElection
2019-10-08 04:07:22,040 [e6210659-57a7-414b-bcf0-b44ac3656a74@group-F635FB04CD74-LeaderElection53] INFO  impl.RaftServerImpl (RaftServerImpl.java:setRole(170)) - e6210659-57a7-414b-bcf0-b44ac3656a74@group-F635FB04CD74: changes role from CANDIDATE to LEADER at term 1 for changeToLeader
2019-10-08 04:07:22,040 [e6210659-57a7-414b-bcf0-b44ac3656a74@group-F635FB04CD74-LeaderElection53] INFO  impl.RaftServerImpl (ServerState.java:setLeader(255)) - e6210659-57a7-414b-bcf0-b44ac3656a74@group-F635FB04CD74: change Leader from null to e6210659-57a7-414b-bcf0-b44ac3656a74 at term 1 for becomeLeader, leader elected after 5078ms
2019-10-08 04:07:22,040 [e6210659-57a7-414b-bcf0-b44ac3656a74@group-F635FB04CD74-LeaderElection53] INFO  server.RaftServerConfigKeys (ConfUtils.java:logGet(43)) - raft.server.staging.catchup.gap = 1000 (default)
2019-10-08 04:07:22,041 [e6210659-57a7-414b-bcf0-b44ac3656a74@group-F635FB04CD74-LeaderElection53] INFO  server.RaftServerConfigKeys (ConfUtils.java:logGet(43)) - raft.server.rpc.sleep.time = 25ms (default)
2019-10-08 04:07:22,041 [e6210659-57a7-414b-bcf0-b44ac3656a74@group-F635FB04CD74-LeaderElection53] INFO  server.RaftServerConfigKeys (ConfUtils.java:logGet(43)) - raft.server.write.element-limit = 4096 (default)
2019-10-08 04:07:22,041 [e6210659-57a7-414b-bcf0-b44ac3656a74@group-F635FB04CD74-LeaderElection53] INFO  server.RaftServerConfigKeys (ConfUtils.java:logGet(43)) - raft.server.watch.timeout = 10s (default)
2019-10-08 04:07:22,041 [e6210659-57a7-414b-bcf0-b44ac3656a74@group-F635FB04CD74-LeaderElection53] INFO  server.RaftServerConfigKeys (ConfUtils.java:logGet(43)) - raft.server.watch.timeout.denomination = 1s (default)
2019-10-08 04:07:22,041 [e6210659-57a7-414b-bcf0-b44ac3656a74@group-F635FB04CD74-LeaderElection53] INFO  server.RaftServerConfigKeys (ConfUtils.java:logGet(43)) - raft.server.watch.element-limit = 65536 (default)
2019-10-08 04:07:22,044 [e6210659-57a7-414b-bcf0-b44ac3656a74@group-F635FB04CD74-LeaderElection53] INFO  impl.RoleInfo (RoleInfo.java:updateAndGet(143)) - e6210659-57a7-414b-bcf0-b44ac3656a74: start LeaderState
2019-10-08 04:07:22,045 [e6210659-57a7-414b-bcf0-b44ac3656a74@group-F635FB04CD74-LeaderElection53] INFO  segmented.SegmentedRaftLogWorker (SegmentedRaftLogWorker.java:startLogSegment(385)) - e6210659-57a7-414b-bcf0-b44ac3656a74@group-F635FB04CD74-SegmentedRaftLogWorker: Starting segment from index:0
2019-10-08 04:07:22,046 [e6210659-57a7-414b-bcf0-b44ac3656a74@group-F635FB04CD74-LeaderElection53] INFO  impl.RaftServerImpl (ServerState.java:setRaftConf(356)) - e6210659-57a7-414b-bcf0-b44ac3656a74@group-F635FB04CD74: set configuration 0: [e6210659-57a7-414b-bcf0-b44ac3656a74:192.168.151.83:42201], old=null at 0
2019-10-08 04:07:22,083 [Thread-1461] INFO  impl.FollowerState (FollowerState.java:run(108)) - 514e48b2-8b0c-49e3-a876-ea0b957cf5ec@group-8AB10C0396B0-FollowerState: change to CANDIDATE, lastRpcTime:5179ms, electionTimeout:5179ms
2019-10-08 04:07:22,084 [Thread-1461] INFO  impl.RoleInfo (RoleInfo.java:shutdownFollowerState(121)) - 514e48b2-8b0c-49e3-a876-ea0b957cf5ec: shutdown FollowerState
2019-10-08 04:07:22,084 [Thread-1461] INFO  impl.RaftServerImpl (RaftServerImpl.java:setRole(170)) - 514e48b2-8b0c-49e3-a876-ea0b957cf5ec@group-8AB10C0396B0: changes role from  FOLLOWER to CANDIDATE at term 0 for changeToCandidate
2019-10-08 04:07:22,084 [Thread-1461] INFO  impl.RoleInfo (RoleInfo.java:updateAndGet(143)) - 514e48b2-8b0c-49e3-a876-ea0b957cf5ec: start LeaderElection
2019-10-08 04:07:22,088 [e6210659-57a7-414b-bcf0-b44ac3656a74@group-F635FB04CD74-SegmentedRaftLogWorker] INFO  segmented.SegmentedRaftLogWorker (SegmentedRaftLogWorker.java:execute(574)) - e6210659-57a7-414b-bcf0-b44ac3656a74@group-F635FB04CD74-SegmentedRaftLogWorker: created new log segment /workdir/hadoop-ozone/integration-test/target/test-dir/MiniOzoneClusterImpl-72230a9d-aef9-4496-b11f-d5eccdf763b4/datanode-1/data/ratis/32f4783c-453c-4e62-aec6-f635fb04cd74/current/log_inprogress_0
2019-10-08 04:07:22,104 [514e48b2-8b0c-49e3-a876-ea0b957cf5ec@group-8AB10C0396B0-LeaderElection54] INFO  impl.LeaderElection (LeaderElection.java:askForVotes(178)) - 514e48b2-8b0c-49e3-a876-ea0b957cf5ec@group-8AB10C0396B0-LeaderElection54: begin an election at term 1 for -1: [514e48b2-8b0c-49e3-a876-ea0b957cf5ec:192.168.151.83:37398], old=null
2019-10-08 04:07:22,104 [514e48b2-8b0c-49e3-a876-ea0b957cf5ec@group-8AB10C0396B0-LeaderElection54] INFO  impl.RoleInfo (RoleInfo.java:shutdownLeaderElection(134)) - 514e48b2-8b0c-49e3-a876-ea0b957cf5ec: shutdown LeaderElection
2019-10-08 04:07:22,104 [514e48b2-8b0c-49e3-a876-ea0b957cf5ec@group-8AB10C0396B0-LeaderElection54] INFO  impl.RaftServerImpl (RaftServerImpl.java:setRole(170)) - 514e48b2-8b0c-49e3-a876-ea0b957cf5ec@group-8AB10C0396B0: changes role from CANDIDATE to LEADER at term 1 for changeToLeader
2019-10-08 04:07:22,104 [514e48b2-8b0c-49e3-a876-ea0b957cf5ec@group-8AB10C0396B0-LeaderElection54] INFO  impl.RaftServerImpl (ServerState.java:setLeader(255)) - 514e48b2-8b0c-49e3-a876-ea0b957cf5ec@group-8AB10C0396B0: change Leader from null to 514e48b2-8b0c-49e3-a876-ea0b957cf5ec at term 1 for becomeLeader, leader elected after 5209ms
2019-10-08 04:07:22,105 [514e48b2-8b0c-49e3-a876-ea0b957cf5ec@group-8AB10C0396B0-LeaderElection54] INFO  server.RaftServerConfigKeys (ConfUtils.java:logGet(43)) - raft.server.staging.catchup.gap = 1000 (default)
2019-10-08 04:07:22,105 [514e48b2-8b0c-49e3-a876-ea0b957cf5ec@group-8AB10C0396B0-LeaderElection54] INFO  server.RaftServerConfigKeys (ConfUtils.java:logGet(43)) - raft.server.rpc.sleep.time = 25ms (default)
2019-10-08 04:07:22,105 [514e48b2-8b0c-49e3-a876-ea0b957cf5ec@group-8AB10C0396B0-LeaderElection54] INFO  server.RaftServerConfigKeys (ConfUtils.java:logGet(43)) - raft.server.write.element-limit = 4096 (default)
2019-10-08 04:07:22,105 [514e48b2-8b0c-49e3-a876-ea0b957cf5ec@group-8AB10C0396B0-LeaderElection54] INFO  server.RaftServerConfigKeys (ConfUtils.java:logGet(43)) - raft.server.watch.timeout = 10s (default)
2019-10-08 04:07:22,105 [514e48b2-8b0c-49e3-a876-ea0b957cf5ec@group-8AB10C0396B0-LeaderElection54] INFO  server.RaftServerConfigKeys (ConfUtils.java:logGet(43)) - raft.server.watch.timeout.denomination = 1s (default)
2019-10-08 04:07:22,105 [514e48b2-8b0c-49e3-a876-ea0b957cf5ec@group-8AB10C0396B0-LeaderElection54] INFO  server.RaftServerConfigKeys (ConfUtils.java:logGet(43)) - raft.server.watch.element-limit = 65536 (default)
2019-10-08 04:07:22,107 [514e48b2-8b0c-49e3-a876-ea0b957cf5ec@group-8AB10C0396B0-LeaderElection54] INFO  impl.RoleInfo (RoleInfo.java:updateAndGet(143)) - 514e48b2-8b0c-49e3-a876-ea0b957cf5ec: start LeaderState
2019-10-08 04:07:22,107 [514e48b2-8b0c-49e3-a876-ea0b957cf5ec@group-8AB10C0396B0-LeaderElection54] INFO  segmented.SegmentedRaftLogWorker (SegmentedRaftLogWorker.java:startLogSegment(385)) - 514e48b2-8b0c-49e3-a876-ea0b957cf5ec@group-8AB10C0396B0-SegmentedRaftLogWorker: Starting segment from index:0
2019-10-08 04:07:22,108 [514e48b2-8b0c-49e3-a876-ea0b957cf5ec@group-8AB10C0396B0-LeaderElection54] INFO  impl.RaftServerImpl (ServerState.java:setRaftConf(356)) - 514e48b2-8b0c-49e3-a876-ea0b957cf5ec@group-8AB10C0396B0: set configuration 0: [514e48b2-8b0c-49e3-a876-ea0b957cf5ec:192.168.151.83:37398], old=null at 0
2019-10-08 04:07:22,149 [514e48b2-8b0c-49e3-a876-ea0b957cf5ec@group-8AB10C0396B0-SegmentedRaftLogWorker] INFO  segmented.SegmentedRaftLogWorker (SegmentedRaftLogWorker.java:execute(574)) - 514e48b2-8b0c-49e3-a876-ea0b957cf5ec@group-8AB10C0396B0-SegmentedRaftLogWorker: created new log segment /workdir/hadoop-ozone/integration-test/target/test-dir/MiniOzoneClusterImpl-72230a9d-aef9-4496-b11f-d5eccdf763b4/datanode-0/data/ratis/c558e675-daef-4b3f-ae1e-8ab10c0396b0/current/log_inprogress_0
2019-10-08 04:07:22,188 [Thread-1467] INFO  impl.FollowerState (FollowerState.java:run(108)) - 53d4e2b8-d7c3-4e33-8543-84865c350f2c@group-F3DF9AB14CF7-FollowerState: change to CANDIDATE, lastRpcTime:5163ms, electionTimeout:5163ms
2019-10-08 04:07:22,188 [Thread-1467] INFO  impl.RoleInfo (RoleInfo.java:shutdownFollowerState(121)) - 53d4e2b8-d7c3-4e33-8543-84865c350f2c: shutdown FollowerState
2019-10-08 04:07:22,188 [Thread-1467] INFO  impl.RaftServerImpl (RaftServerImpl.java:setRole(170)) - 53d4e2b8-d7c3-4e33-8543-84865c350f2c@group-F3DF9AB14CF7: changes role from  FOLLOWER to CANDIDATE at term 0 for changeToCandidate
2019-10-08 04:07:22,189 [Thread-1467] INFO  impl.RoleInfo (RoleInfo.java:updateAndGet(143)) - 53d4e2b8-d7c3-4e33-8543-84865c350f2c: start LeaderElection
2019-10-08 04:07:22,208 [53d4e2b8-d7c3-4e33-8543-84865c350f2c@group-F3DF9AB14CF7-LeaderElection55] INFO  impl.LeaderElection (LeaderElection.java:askForVotes(178)) - 53d4e2b8-d7c3-4e33-8543-84865c350f2c@group-F3DF9AB14CF7-LeaderElection55: begin an election at term 1 for -1: [53d4e2b8-d7c3-4e33-8543-84865c350f2c:192.168.151.83:46095], old=null
2019-10-08 04:07:22,208 [53d4e2b8-d7c3-4e33-8543-84865c350f2c@group-F3DF9AB14CF7-LeaderElection55] INFO  impl.RoleInfo (RoleInfo.java:shutdownLeaderElection(134)) - 53d4e2b8-d7c3-4e33-8543-84865c350f2c: shutdown LeaderElection
2019-10-08 04:07:22,209 [53d4e2b8-d7c3-4e33-8543-84865c350f2c@group-F3DF9AB14CF7-LeaderElection55] INFO  impl.RaftServerImpl (RaftServerImpl.java:setRole(170)) - 53d4e2b8-d7c3-4e33-8543-84865c350f2c@group-F3DF9AB14CF7: changes role from CANDIDATE to LEADER at term 1 for changeToLeader
2019-10-08 04:07:22,209 [53d4e2b8-d7c3-4e33-8543-84865c350f2c@group-F3DF9AB14CF7-LeaderElection55] INFO  impl.RaftServerImpl (ServerState.java:setLeader(255)) - 53d4e2b8-d7c3-4e33-8543-84865c350f2c@group-F3DF9AB14CF7: change Leader from null to 53d4e2b8-d7c3-4e33-8543-84865c350f2c at term 1 for becomeLeader, leader elected after 5192ms
2019-10-08 04:07:22,209 [53d4e2b8-d7c3-4e33-8543-84865c350f2c@group-F3DF9AB14CF7-LeaderElection55] INFO  server.RaftServerConfigKeys (ConfUtils.java:logGet(43)) - raft.server.staging.catchup.gap = 1000 (default)
2019-10-08 04:07:22,209 [53d4e2b8-d7c3-4e33-8543-84865c350f2c@group-F3DF9AB14CF7-LeaderElection55] INFO  server.RaftServerConfigKeys (ConfUtils.java:logGet(43)) - raft.server.rpc.sleep.time = 25ms (default)
2019-10-08 04:07:22,209 [53d4e2b8-d7c3-4e33-8543-84865c350f2c@group-F3DF9AB14CF7-LeaderElection55] INFO  server.RaftServerConfigKeys (ConfUtils.java:logGet(43)) - raft.server.write.element-limit = 4096 (default)
2019-10-08 04:07:22,209 [53d4e2b8-d7c3-4e33-8543-84865c350f2c@group-F3DF9AB14CF7-LeaderElection55] INFO  server.RaftServerConfigKeys (ConfUtils.java:logGet(43)) - raft.server.watch.timeout = 10s (default)
2019-10-08 04:07:22,209 [53d4e2b8-d7c3-4e33-8543-84865c350f2c@group-F3DF9AB14CF7-LeaderElection55] INFO  server.RaftServerConfigKeys (ConfUtils.java:logGet(43)) - raft.server.watch.timeout.denomination = 1s (default)
2019-10-08 04:07:22,210 [53d4e2b8-d7c3-4e33-8543-84865c350f2c@group-F3DF9AB14CF7-LeaderElection55] INFO  server.RaftServerConfigKeys (ConfUtils.java:logGet(43)) - raft.server.watch.element-limit = 65536 (default)
2019-10-08 04:07:22,212 [53d4e2b8-d7c3-4e33-8543-84865c350f2c@group-F3DF9AB14CF7-LeaderElection55] INFO  impl.RoleInfo (RoleInfo.java:updateAndGet(143)) - 53d4e2b8-d7c3-4e33-8543-84865c350f2c: start LeaderState
2019-10-08 04:07:22,212 [53d4e2b8-d7c3-4e33-8543-84865c350f2c@group-F3DF9AB14CF7-LeaderElection55] INFO  segmented.SegmentedRaftLogWorker (SegmentedRaftLogWorker.java:startLogSegment(385)) - 53d4e2b8-d7c3-4e33-8543-84865c350f2c@group-F3DF9AB14CF7-SegmentedRaftLogWorker: Starting segment from index:0
2019-10-08 04:07:22,213 [53d4e2b8-d7c3-4e33-8543-84865c350f2c@group-F3DF9AB14CF7-LeaderElection55] INFO  impl.RaftServerImpl (ServerState.java:setRaftConf(356)) - 53d4e2b8-d7c3-4e33-8543-84865c350f2c@group-F3DF9AB14CF7: set configuration 0: [53d4e2b8-d7c3-4e33-8543-84865c350f2c:192.168.151.83:46095], old=null at 0
2019-10-08 04:07:22,234 [Thread-1470] INFO  impl.FollowerState (FollowerState.java:run(108)) - 8182f3c3-6485-4730-b171-cad52f435bf6@group-17D90E5364B0-FollowerState: change to CANDIDATE, lastRpcTime:5155ms, electionTimeout:5155ms
2019-10-08 04:07:22,234 [Thread-1470] INFO  impl.RoleInfo (RoleInfo.java:shutdownFollowerState(121)) - 8182f3c3-6485-4730-b171-cad52f435bf6: shutdown FollowerState
2019-10-08 04:07:22,234 [Thread-1470] INFO  impl.RaftServerImpl (RaftServerImpl.java:setRole(170)) - 8182f3c3-6485-4730-b171-cad52f435bf6@group-17D90E5364B0: changes role from  FOLLOWER to CANDIDATE at term 0 for changeToCandidate
2019-10-08 04:07:22,234 [Thread-1470] INFO  impl.RoleInfo (RoleInfo.java:updateAndGet(143)) - 8182f3c3-6485-4730-b171-cad52f435bf6: start LeaderElection
2019-10-08 04:07:22,259 [53d4e2b8-d7c3-4e33-8543-84865c350f2c@group-F3DF9AB14CF7-SegmentedRaftLogWorker] INFO  segmented.SegmentedRaftLogWorker (SegmentedRaftLogWorker.java:execute(574)) - 53d4e2b8-d7c3-4e33-8543-84865c350f2c@group-F3DF9AB14CF7-SegmentedRaftLogWorker: created new log segment /workdir/hadoop-ozone/integration-test/target/test-dir/MiniOzoneClusterImpl-72230a9d-aef9-4496-b11f-d5eccdf763b4/datanode-2/data/ratis/026fd119-bdc2-4da9-8a3d-f3df9ab14cf7/current/log_inprogress_0
2019-10-08 04:07:22,259 [8182f3c3-6485-4730-b171-cad52f435bf6@group-17D90E5364B0-LeaderElection56] INFO  impl.LeaderElection (LeaderElection.java:askForVotes(178)) - 8182f3c3-6485-4730-b171-cad52f435bf6@group-17D90E5364B0-LeaderElection56: begin an election at term 1 for -1: [8182f3c3-6485-4730-b171-cad52f435bf6:192.168.151.83:41319], old=null
2019-10-08 04:07:22,259 [8182f3c3-6485-4730-b171-cad52f435bf6@group-17D90E5364B0-LeaderElection56] INFO  impl.RoleInfo (RoleInfo.java:shutdownLeaderElection(134)) - 8182f3c3-6485-4730-b171-cad52f435bf6: shutdown LeaderElection
2019-10-08 04:07:22,260 [8182f3c3-6485-4730-b171-cad52f435bf6@group-17D90E5364B0-LeaderElection56] INFO  impl.RaftServerImpl (RaftServerImpl.java:setRole(170)) - 8182f3c3-6485-4730-b171-cad52f435bf6@group-17D90E5364B0: changes role from CANDIDATE to LEADER at term 1 for changeToLeader
2019-10-08 04:07:22,260 [8182f3c3-6485-4730-b171-cad52f435bf6@group-17D90E5364B0-LeaderElection56] INFO  impl.RaftServerImpl (ServerState.java:setLeader(255)) - 8182f3c3-6485-4730-b171-cad52f435bf6@group-17D90E5364B0: change Leader from null to 8182f3c3-6485-4730-b171-cad52f435bf6 at term 1 for becomeLeader, leader elected after 5188ms
2019-10-08 04:07:22,260 [8182f3c3-6485-4730-b171-cad52f435bf6@group-17D90E5364B0-LeaderElection56] INFO  server.RaftServerConfigKeys (ConfUtils.java:logGet(43)) - raft.server.staging.catchup.gap = 1000 (default)
2019-10-08 04:07:22,260 [8182f3c3-6485-4730-b171-cad52f435bf6@group-17D90E5364B0-LeaderElection56] INFO  server.RaftServerConfigKeys (ConfUtils.java:logGet(43)) - raft.server.rpc.sleep.time = 25ms (default)
2019-10-08 04:07:22,260 [8182f3c3-6485-4730-b171-cad52f435bf6@group-17D90E5364B0-LeaderElection56] INFO  server.RaftServerConfigKeys (ConfUtils.java:logGet(43)) - raft.server.write.element-limit = 4096 (default)
2019-10-08 04:07:22,260 [8182f3c3-6485-4730-b171-cad52f435bf6@group-17D90E5364B0-LeaderElection56] INFO  server.RaftServerConfigKeys (ConfUtils.java:logGet(43)) - raft.server.watch.timeout = 10s (default)
2019-10-08 04:07:22,261 [8182f3c3-6485-4730-b171-cad52f435bf6@group-17D90E5364B0-LeaderElection56] INFO  server.RaftServerConfigKeys (ConfUtils.java:logGet(43)) - raft.server.watch.timeout.denomination = 1s (default)
2019-10-08 04:07:22,261 [8182f3c3-6485-4730-b171-cad52f435bf6@group-17D90E5364B0-LeaderElection56] INFO  server.RaftServerConfigKeys (ConfUtils.java:logGet(43)) - raft.server.watch.element-limit = 65536 (default)
2019-10-08 04:07:22,264 [8182f3c3-6485-4730-b171-cad52f435bf6@group-17D90E5364B0-LeaderElection56] INFO  impl.RoleInfo (RoleInfo.java:updateAndGet(143)) - 8182f3c3-6485-4730-b171-cad52f435bf6: start LeaderState
2019-10-08 04:07:22,264 [8182f3c3-6485-4730-b171-cad52f435bf6@group-17D90E5364B0-LeaderElection56] INFO  segmented.SegmentedRaftLogWorker (SegmentedRaftLogWorker.java:startLogSegment(385)) - 8182f3c3-6485-4730-b171-cad52f435bf6@group-17D90E5364B0-SegmentedRaftLogWorker: Starting segment from index:0
2019-10-08 04:07:22,265 [8182f3c3-6485-4730-b171-cad52f435bf6@group-17D90E5364B0-LeaderElection56] INFO  impl.RaftServerImpl (ServerState.java:setRaftConf(356)) - 8182f3c3-6485-4730-b171-cad52f435bf6@group-17D90E5364B0: set configuration 0: [8182f3c3-6485-4730-b171-cad52f435bf6:192.168.151.83:41319], old=null at 0
2019-10-08 04:07:22,307 [Thread-1473] INFO  impl.FollowerState (FollowerState.java:run(108)) - 9a86e02d-457a-4233-b456-1f823c7b9675@group-06834DBD56AE-FollowerState: change to CANDIDATE, lastRpcTime:5181ms, electionTimeout:5181ms
2019-10-08 04:07:22,307 [Thread-1473] INFO  impl.RoleInfo (RoleInfo.java:shutdownFollowerState(121)) - 9a86e02d-457a-4233-b456-1f823c7b9675: shutdown FollowerState
2019-10-08 04:07:22,307 [Thread-1473] INFO  impl.RaftServerImpl (RaftServerImpl.java:setRole(170)) - 9a86e02d-457a-4233-b456-1f823c7b9675@group-06834DBD56AE: changes role from  FOLLOWER to CANDIDATE at term 0 for changeToCandidate
2019-10-08 04:07:22,307 [Thread-1473] INFO  impl.RoleInfo (RoleInfo.java:updateAndGet(143)) - 9a86e02d-457a-4233-b456-1f823c7b9675: start LeaderElection
2019-10-08 04:07:22,319 [8182f3c3-6485-4730-b171-cad52f435bf6@group-17D90E5364B0-SegmentedRaftLogWorker] INFO  segmented.SegmentedRaftLogWorker (SegmentedRaftLogWorker.java:execute(574)) - 8182f3c3-6485-4730-b171-cad52f435bf6@group-17D90E5364B0-SegmentedRaftLogWorker: created new log segment /workdir/hadoop-ozone/integration-test/target/test-dir/MiniOzoneClusterImpl-72230a9d-aef9-4496-b11f-d5eccdf763b4/datanode-3/data/ratis/9a0abc46-c645-4554-aaab-17d90e5364b0/current/log_inprogress_0
2019-10-08 04:07:22,321 [9a86e02d-457a-4233-b456-1f823c7b9675@group-06834DBD56AE-LeaderElection57] INFO  impl.LeaderElection (LeaderElection.java:askForVotes(178)) - 9a86e02d-457a-4233-b456-1f823c7b9675@group-06834DBD56AE-LeaderElection57: begin an election at term 1 for -1: [9a86e02d-457a-4233-b456-1f823c7b9675:192.168.151.83:39846], old=null
2019-10-08 04:07:22,322 [9a86e02d-457a-4233-b456-1f823c7b9675@group-06834DBD56AE-LeaderElection57] INFO  impl.RoleInfo (RoleInfo.java:shutdownLeaderElection(134)) - 9a86e02d-457a-4233-b456-1f823c7b9675: shutdown LeaderElection
2019-10-08 04:07:22,322 [9a86e02d-457a-4233-b456-1f823c7b9675@group-06834DBD56AE-LeaderElection57] INFO  impl.RaftServerImpl (RaftServerImpl.java:setRole(170)) - 9a86e02d-457a-4233-b456-1f823c7b9675@group-06834DBD56AE: changes role from CANDIDATE to LEADER at term 1 for changeToLeader
2019-10-08 04:07:22,322 [9a86e02d-457a-4233-b456-1f823c7b9675@group-06834DBD56AE-LeaderElection57] INFO  impl.RaftServerImpl (ServerState.java:setLeader(255)) - 9a86e02d-457a-4233-b456-1f823c7b9675@group-06834DBD56AE: change Leader from null to 9a86e02d-457a-4233-b456-1f823c7b9675 at term 1 for becomeLeader, leader elected after 5204ms
2019-10-08 04:07:22,322 [9a86e02d-457a-4233-b456-1f823c7b9675@group-06834DBD56AE-LeaderElection57] INFO  server.RaftServerConfigKeys (ConfUtils.java:logGet(43)) - raft.server.staging.catchup.gap = 1000 (default)
2019-10-08 04:07:22,322 [9a86e02d-457a-4233-b456-1f823c7b9675@group-06834DBD56AE-LeaderElection57] INFO  server.RaftServerConfigKeys (ConfUtils.java:logGet(43)) - raft.server.rpc.sleep.time = 25ms (default)
2019-10-08 04:07:22,322 [9a86e02d-457a-4233-b456-1f823c7b9675@group-06834DBD56AE-LeaderElection57] INFO  server.RaftServerConfigKeys (ConfUtils.java:logGet(43)) - raft.server.write.element-limit = 4096 (default)
2019-10-08 04:07:22,323 [9a86e02d-457a-4233-b456-1f823c7b9675@group-06834DBD56AE-LeaderElection57] INFO  server.RaftServerConfigKeys (ConfUtils.java:logGet(43)) - raft.server.watch.timeout = 10s (default)
2019-10-08 04:07:22,323 [9a86e02d-457a-4233-b456-1f823c7b9675@group-06834DBD56AE-LeaderElection57] INFO  server.RaftServerConfigKeys (ConfUtils.java:logGet(43)) - raft.server.watch.timeout.denomination = 1s (default)
2019-10-08 04:07:22,323 [9a86e02d-457a-4233-b456-1f823c7b9675@group-06834DBD56AE-LeaderElection57] INFO  server.RaftServerConfigKeys (ConfUtils.java:logGet(43)) - raft.server.watch.element-limit = 65536 (default)
2019-10-08 04:07:22,325 [9a86e02d-457a-4233-b456-1f823c7b9675@group-06834DBD56AE-LeaderElection57] INFO  impl.RoleInfo (RoleInfo.java:updateAndGet(143)) - 9a86e02d-457a-4233-b456-1f823c7b9675: start LeaderState
2019-10-08 04:07:22,325 [9a86e02d-457a-4233-b456-1f823c7b9675@group-06834DBD56AE-LeaderElection57] INFO  segmented.SegmentedRaftLogWorker (SegmentedRaftLogWorker.java:startLogSegment(385)) - 9a86e02d-457a-4233-b456-1f823c7b9675@group-06834DBD56AE-SegmentedRaftLogWorker: Starting segment from index:0
2019-10-08 04:07:22,326 [9a86e02d-457a-4233-b456-1f823c7b9675@group-06834DBD56AE-LeaderElection57] INFO  impl.RaftServerImpl (ServerState.java:setRaftConf(356)) - 9a86e02d-457a-4233-b456-1f823c7b9675@group-06834DBD56AE: set configuration 0: [9a86e02d-457a-4233-b456-1f823c7b9675:192.168.151.83:39846], old=null at 0
2019-10-08 04:07:22,327 [Thread-1479] INFO  impl.FollowerState (FollowerState.java:run(108)) - 9a86e02d-457a-4233-b456-1f823c7b9675@group-903E021DC2E5-FollowerState: change to CANDIDATE, lastRpcTime:5145ms, electionTimeout:5145ms
2019-10-08 04:07:22,327 [Thread-1479] INFO  impl.RoleInfo (RoleInfo.java:shutdownFollowerState(121)) - 9a86e02d-457a-4233-b456-1f823c7b9675: shutdown FollowerState
2019-10-08 04:07:22,327 [Thread-1479] INFO  impl.RaftServerImpl (RaftServerImpl.java:setRole(170)) - 9a86e02d-457a-4233-b456-1f823c7b9675@group-903E021DC2E5: changes role from  FOLLOWER to CANDIDATE at term 0 for changeToCandidate
2019-10-08 04:07:22,327 [Thread-1479] INFO  impl.RoleInfo (RoleInfo.java:updateAndGet(143)) - 9a86e02d-457a-4233-b456-1f823c7b9675: start LeaderElection
2019-10-08 04:07:22,378 [Thread-1478] INFO  impl.FollowerState (FollowerState.java:run(108)) - 8182f3c3-6485-4730-b171-cad52f435bf6@group-903E021DC2E5-FollowerState: change to CANDIDATE, lastRpcTime:5198ms, electionTimeout:5198ms
2019-10-08 04:07:22,378 [9a86e02d-457a-4233-b456-1f823c7b9675@group-06834DBD56AE-SegmentedRaftLogWorker] INFO  segmented.SegmentedRaftLogWorker (SegmentedRaftLogWorker.java:execute(574)) - 9a86e02d-457a-4233-b456-1f823c7b9675@group-06834DBD56AE-SegmentedRaftLogWorker: created new log segment /workdir/hadoop-ozone/integration-test/target/test-dir/MiniOzoneClusterImpl-72230a9d-aef9-4496-b11f-d5eccdf763b4/datanode-4/data/ratis/0783376f-066d-4171-b5f4-06834dbd56ae/current/log_inprogress_0
2019-10-08 04:07:22,379 [9a86e02d-457a-4233-b456-1f823c7b9675@group-903E021DC2E5-LeaderElection58] INFO  impl.LeaderElection (LeaderElection.java:askForVotes(178)) - 9a86e02d-457a-4233-b456-1f823c7b9675@group-903E021DC2E5-LeaderElection58: begin an election at term 1 for -1: [9a86e02d-457a-4233-b456-1f823c7b9675:192.168.151.83:39846, 53d4e2b8-d7c3-4e33-8543-84865c350f2c:192.168.151.83:46095, 8182f3c3-6485-4730-b171-cad52f435bf6:192.168.151.83:41319], old=null
2019-10-08 04:07:22,379 [Thread-1478] INFO  impl.RoleInfo (RoleInfo.java:shutdownFollowerState(121)) - 8182f3c3-6485-4730-b171-cad52f435bf6: shutdown FollowerState
2019-10-08 04:07:22,379 [Thread-1478] INFO  impl.RaftServerImpl (RaftServerImpl.java:setRole(170)) - 8182f3c3-6485-4730-b171-cad52f435bf6@group-903E021DC2E5: changes role from  FOLLOWER to CANDIDATE at term 0 for changeToCandidate
2019-10-08 04:07:22,382 [Thread-1480] INFO  impl.FollowerState (FollowerState.java:run(108)) - 53d4e2b8-d7c3-4e33-8543-84865c350f2c@group-903E021DC2E5-FollowerState: change to CANDIDATE, lastRpcTime:5200ms, electionTimeout:5197ms
2019-10-08 04:07:22,382 [Thread-1480] INFO  impl.RoleInfo (RoleInfo.java:shutdownFollowerState(121)) - 53d4e2b8-d7c3-4e33-8543-84865c350f2c: shutdown FollowerState
2019-10-08 04:07:22,383 [Thread-1480] INFO  impl.RaftServerImpl (RaftServerImpl.java:setRole(170)) - 53d4e2b8-d7c3-4e33-8543-84865c350f2c@group-903E021DC2E5: changes role from  FOLLOWER to CANDIDATE at term 0 for changeToCandidate
2019-10-08 04:07:22,383 [Thread-1478] INFO  impl.RoleInfo (RoleInfo.java:updateAndGet(143)) - 8182f3c3-6485-4730-b171-cad52f435bf6: start LeaderElection
2019-10-08 04:07:22,383 [Thread-1480] INFO  impl.RoleInfo (RoleInfo.java:updateAndGet(143)) - 53d4e2b8-d7c3-4e33-8543-84865c350f2c: start LeaderElection
2019-10-08 04:07:22,415 [53d4e2b8-d7c3-4e33-8543-84865c350f2c@group-903E021DC2E5-LeaderElection60] INFO  impl.LeaderElection (LeaderElection.java:askForVotes(178)) - 53d4e2b8-d7c3-4e33-8543-84865c350f2c@group-903E021DC2E5-LeaderElection60: begin an election at term 1 for -1: [9a86e02d-457a-4233-b456-1f823c7b9675:192.168.151.83:39846, 53d4e2b8-d7c3-4e33-8543-84865c350f2c:192.168.151.83:46095, 8182f3c3-6485-4730-b171-cad52f435bf6:192.168.151.83:41319], old=null
2019-10-08 04:07:22,415 [8182f3c3-6485-4730-b171-cad52f435bf6@group-903E021DC2E5-LeaderElection59] INFO  impl.LeaderElection (LeaderElection.java:askForVotes(178)) - 8182f3c3-6485-4730-b171-cad52f435bf6@group-903E021DC2E5-LeaderElection59: begin an election at term 1 for -1: [9a86e02d-457a-4233-b456-1f823c7b9675:192.168.151.83:39846, 53d4e2b8-d7c3-4e33-8543-84865c350f2c:192.168.151.83:46095, 8182f3c3-6485-4730-b171-cad52f435bf6:192.168.151.83:41319], old=null
2019-10-08 04:07:22,417 [Thread-1488] INFO  impl.FollowerState (FollowerState.java:run(108)) - 514e48b2-8b0c-49e3-a876-ea0b957cf5ec@group-9F5D5560DE96-FollowerState: change to CANDIDATE, lastRpcTime:5141ms, electionTimeout:5141ms
2019-10-08 04:07:22,418 [Thread-1485] INFO  impl.FollowerState (FollowerState.java:run(108)) - e6210659-57a7-414b-bcf0-b44ac3656a74@group-9F5D5560DE96-FollowerState: change to CANDIDATE, lastRpcTime:5145ms, electionTimeout:5145ms
2019-10-08 04:07:22,418 [Thread-1488] INFO  impl.RoleInfo (RoleInfo.java:shutdownFollowerState(121)) - 514e48b2-8b0c-49e3-a876-ea0b957cf5ec: shutdown FollowerState
2019-10-08 04:07:22,418 [Thread-1485] INFO  impl.RoleInfo (RoleInfo.java:shutdownFollowerState(121)) - e6210659-57a7-414b-bcf0-b44ac3656a74: shutdown FollowerState
2019-10-08 04:07:22,422 [Thread-1490] INFO  impl.FollowerState (FollowerState.java:run(108)) - a3e81ea2-c676-4fe0-a110-4b62540dc40b@group-9F5D5560DE96-FollowerState: change to CANDIDATE, lastRpcTime:5145ms, electionTimeout:5141ms
2019-10-08 04:07:22,420 [Thread-1488] INFO  impl.RaftServerImpl (RaftServerImpl.java:setRole(170)) - 514e48b2-8b0c-49e3-a876-ea0b957cf5ec@group-9F5D5560DE96: changes role from  FOLLOWER to CANDIDATE at term 0 for changeToCandidate
2019-10-08 04:07:22,422 [Thread-1490] INFO  impl.RoleInfo (RoleInfo.java:shutdownFollowerState(121)) - a3e81ea2-c676-4fe0-a110-4b62540dc40b: shutdown FollowerState
2019-10-08 04:07:22,422 [Thread-1485] INFO  impl.RaftServerImpl (RaftServerImpl.java:setRole(170)) - e6210659-57a7-414b-bcf0-b44ac3656a74@group-9F5D5560DE96: changes role from  FOLLOWER to CANDIDATE at term 0 for changeToCandidate
2019-10-08 04:07:22,423 [Thread-1490] INFO  impl.RaftServerImpl (RaftServerImpl.java:setRole(170)) - a3e81ea2-c676-4fe0-a110-4b62540dc40b@group-9F5D5560DE96: changes role from  FOLLOWER to CANDIDATE at term 0 for changeToCandidate
2019-10-08 04:07:22,423 [Thread-1488] INFO  impl.RoleInfo (RoleInfo.java:updateAndGet(143)) - 514e48b2-8b0c-49e3-a876-ea0b957cf5ec: start LeaderElection
2019-10-08 04:07:22,423 [Thread-1490] INFO  impl.RoleInfo (RoleInfo.java:updateAndGet(143)) - a3e81ea2-c676-4fe0-a110-4b62540dc40b: start LeaderElection
2019-10-08 04:07:22,423 [Thread-1485] INFO  impl.RoleInfo (RoleInfo.java:updateAndGet(143)) - e6210659-57a7-414b-bcf0-b44ac3656a74: start LeaderElection
2019-10-08 04:07:22,438 [9a86e02d-457a-4233-b456-1f823c7b9675@group-903E021DC2E5-LeaderElection58] INFO  impl.LeaderElection (LeaderElection.java:logAndReturn(56)) - 9a86e02d-457a-4233-b456-1f823c7b9675@group-903E021DC2E5-LeaderElection58: Election REJECTED; received 2 response(s) [9a86e02d-457a-4233-b456-1f823c7b9675<-53d4e2b8-d7c3-4e33-8543-84865c350f2c#0:FAIL-t1, 9a86e02d-457a-4233-b456-1f823c7b9675<-8182f3c3-6485-4730-b171-cad52f435bf6#0:FAIL-t1] and 0 exception(s); 9a86e02d-457a-4233-b456-1f823c7b9675@group-903E021DC2E5:t1, leader=null, voted=9a86e02d-457a-4233-b456-1f823c7b9675, raftlog=9a86e02d-457a-4233-b456-1f823c7b9675@group-903E021DC2E5-SegmentedRaftLog:OPENED:c-1,f-1,i0, conf=-1: [9a86e02d-457a-4233-b456-1f823c7b9675:192.168.151.83:39846, 53d4e2b8-d7c3-4e33-8543-84865c350f2c:192.168.151.83:46095, 8182f3c3-6485-4730-b171-cad52f435bf6:192.168.151.83:41319], old=null
2019-10-08 04:07:22,441 [9a86e02d-457a-4233-b456-1f823c7b9675@group-903E021DC2E5-LeaderElection58] INFO  impl.RaftServerImpl (RaftServerImpl.java:setRole(170)) - 9a86e02d-457a-4233-b456-1f823c7b9675@group-903E021DC2E5: changes role from CANDIDATE to FOLLOWER at term 1 for DISCOVERED_A_NEW_TERM
2019-10-08 04:07:22,443 [9a86e02d-457a-4233-b456-1f823c7b9675@group-903E021DC2E5-LeaderElection58] INFO  impl.RoleInfo (RoleInfo.java:shutdownLeaderElection(134)) - 9a86e02d-457a-4233-b456-1f823c7b9675: shutdown LeaderElection
2019-10-08 04:07:22,445 [9a86e02d-457a-4233-b456-1f823c7b9675@group-903E021DC2E5-LeaderElection58] INFO  impl.RoleInfo (RoleInfo.java:updateAndGet(143)) - 9a86e02d-457a-4233-b456-1f823c7b9675: start FollowerState
2019-10-08 04:07:22,450 [Thread-1494] INFO  impl.FollowerState (FollowerState.java:run(108)) - a3e81ea2-c676-4fe0-a110-4b62540dc40b@group-6EB76E31779B-FollowerState: change to CANDIDATE, lastRpcTime:5116ms, electionTimeout:5115ms
2019-10-08 04:07:22,457 [Thread-1494] INFO  impl.RoleInfo (RoleInfo.java:shutdownFollowerState(121)) - a3e81ea2-c676-4fe0-a110-4b62540dc40b: shutdown FollowerState
2019-10-08 04:07:22,457 [Thread-1494] INFO  impl.RaftServerImpl (RaftServerImpl.java:setRole(170)) - a3e81ea2-c676-4fe0-a110-4b62540dc40b@group-6EB76E31779B: changes role from  FOLLOWER to CANDIDATE at term 0 for changeToCandidate
2019-10-08 04:07:22,457 [a3e81ea2-c676-4fe0-a110-4b62540dc40b@group-9F5D5560DE96-LeaderElection63] INFO  impl.LeaderElection (LeaderElection.java:askForVotes(178)) - a3e81ea2-c676-4fe0-a110-4b62540dc40b@group-9F5D5560DE96-LeaderElection63: begin an election at term 1 for -1: [514e48b2-8b0c-49e3-a876-ea0b957cf5ec:192.168.151.83:37398, e6210659-57a7-414b-bcf0-b44ac3656a74:192.168.151.83:42201, a3e81ea2-c676-4fe0-a110-4b62540dc40b:192.168.151.83:34200], old=null
2019-10-08 04:07:22,457 [514e48b2-8b0c-49e3-a876-ea0b957cf5ec@group-9F5D5560DE96-LeaderElection61] INFO  impl.LeaderElection (LeaderElection.java:askForVotes(178)) - 514e48b2-8b0c-49e3-a876-ea0b957cf5ec@group-9F5D5560DE96-LeaderElection61: begin an election at term 1 for -1: [514e48b2-8b0c-49e3-a876-ea0b957cf5ec:192.168.151.83:37398, e6210659-57a7-414b-bcf0-b44ac3656a74:192.168.151.83:42201, a3e81ea2-c676-4fe0-a110-4b62540dc40b:192.168.151.83:34200], old=null
2019-10-08 04:07:22,457 [e6210659-57a7-414b-bcf0-b44ac3656a74@group-9F5D5560DE96-LeaderElection62] INFO  impl.LeaderElection (LeaderElection.java:askForVotes(178)) - e6210659-57a7-414b-bcf0-b44ac3656a74@group-9F5D5560DE96-LeaderElection62: begin an election at term 1 for -1: [514e48b2-8b0c-49e3-a876-ea0b957cf5ec:192.168.151.83:37398, e6210659-57a7-414b-bcf0-b44ac3656a74:192.168.151.83:42201, a3e81ea2-c676-4fe0-a110-4b62540dc40b:192.168.151.83:34200], old=null
2019-10-08 04:07:22,460 [Thread-1494] INFO  impl.RoleInfo (RoleInfo.java:updateAndGet(143)) - a3e81ea2-c676-4fe0-a110-4b62540dc40b: start LeaderElection
2019-10-08 04:07:22,460 [53d4e2b8-d7c3-4e33-8543-84865c350f2c@group-903E021DC2E5-LeaderElection60] INFO  impl.LeaderElection (LeaderElection.java:logAndReturn(56)) - 53d4e2b8-d7c3-4e33-8543-84865c350f2c@group-903E021DC2E5-LeaderElection60: Election REJECTED; received 2 response(s) [53d4e2b8-d7c3-4e33-8543-84865c350f2c<-9a86e02d-457a-4233-b456-1f823c7b9675#0:FAIL-t1, 53d4e2b8-d7c3-4e33-8543-84865c350f2c<-8182f3c3-6485-4730-b171-cad52f435bf6#0:FAIL-t1] and 0 exception(s); 53d4e2b8-d7c3-4e33-8543-84865c350f2c@group-903E021DC2E5:t1, leader=null, voted=53d4e2b8-d7c3-4e33-8543-84865c350f2c, raftlog=53d4e2b8-d7c3-4e33-8543-84865c350f2c@group-903E021DC2E5-SegmentedRaftLog:OPENED:c-1,f-1,i0, conf=-1: [9a86e02d-457a-4233-b456-1f823c7b9675:192.168.151.83:39846, 53d4e2b8-d7c3-4e33-8543-84865c350f2c:192.168.151.83:46095, 8182f3c3-6485-4730-b171-cad52f435bf6:192.168.151.83:41319], old=null
2019-10-08 04:07:22,463 [53d4e2b8-d7c3-4e33-8543-84865c350f2c@group-903E021DC2E5-LeaderElection60] INFO  impl.RaftServerImpl (RaftServerImpl.java:setRole(170)) - 53d4e2b8-d7c3-4e33-8543-84865c350f2c@group-903E021DC2E5: changes role from CANDIDATE to FOLLOWER at term 1 for DISCOVERED_A_NEW_TERM
2019-10-08 04:07:22,463 [8182f3c3-6485-4730-b171-cad52f435bf6@group-903E021DC2E5-LeaderElection59] INFO  impl.LeaderElection (LeaderElection.java:logAndReturn(56)) - 8182f3c3-6485-4730-b171-cad52f435bf6@group-903E021DC2E5-LeaderElection59: Election REJECTED; received 2 response(s) [8182f3c3-6485-4730-b171-cad52f435bf6<-9a86e02d-457a-4233-b456-1f823c7b9675#0:FAIL-t1, 8182f3c3-6485-4730-b171-cad52f435bf6<-53d4e2b8-d7c3-4e33-8543-84865c350f2c#0:FAIL-t1] and 0 exception(s); 8182f3c3-6485-4730-b171-cad52f435bf6@group-903E021DC2E5:t1, leader=null, voted=8182f3c3-6485-4730-b171-cad52f435bf6, raftlog=8182f3c3-6485-4730-b171-cad52f435bf6@group-903E021DC2E5-SegmentedRaftLog:OPENED:c-1,f-1,i0, conf=-1: [9a86e02d-457a-4233-b456-1f823c7b9675:192.168.151.83:39846, 53d4e2b8-d7c3-4e33-8543-84865c350f2c:192.168.151.83:46095, 8182f3c3-6485-4730-b171-cad52f435bf6:192.168.151.83:41319], old=null
2019-10-08 04:07:22,463 [53d4e2b8-d7c3-4e33-8543-84865c350f2c@group-903E021DC2E5-LeaderElection60] INFO  impl.RoleInfo (RoleInfo.java:shutdownLeaderElection(134)) - 53d4e2b8-d7c3-4e33-8543-84865c350f2c: shutdown LeaderElection
2019-10-08 04:07:22,469 [53d4e2b8-d7c3-4e33-8543-84865c350f2c@group-903E021DC2E5-LeaderElection60] INFO  impl.RoleInfo (RoleInfo.java:updateAndGet(143)) - 53d4e2b8-d7c3-4e33-8543-84865c350f2c: start FollowerState
2019-10-08 04:07:22,473 [8182f3c3-6485-4730-b171-cad52f435bf6@group-903E021DC2E5-LeaderElection59] INFO  impl.RaftServerImpl (RaftServerImpl.java:setRole(170)) - 8182f3c3-6485-4730-b171-cad52f435bf6@group-903E021DC2E5: changes role from CANDIDATE to FOLLOWER at term 1 for DISCOVERED_A_NEW_TERM
2019-10-08 04:07:22,475 [8182f3c3-6485-4730-b171-cad52f435bf6@group-903E021DC2E5-LeaderElection59] INFO  impl.RoleInfo (RoleInfo.java:shutdownLeaderElection(134)) - 8182f3c3-6485-4730-b171-cad52f435bf6: shutdown LeaderElection
2019-10-08 04:07:22,475 [8182f3c3-6485-4730-b171-cad52f435bf6@group-903E021DC2E5-LeaderElection59] INFO  impl.RoleInfo (RoleInfo.java:updateAndGet(143)) - 8182f3c3-6485-4730-b171-cad52f435bf6: start FollowerState
2019-10-08 04:07:22,487 [a3e81ea2-c676-4fe0-a110-4b62540dc40b@group-6EB76E31779B-LeaderElection64] INFO  impl.LeaderElection (LeaderElection.java:askForVotes(178)) - a3e81ea2-c676-4fe0-a110-4b62540dc40b@group-6EB76E31779B-LeaderElection64: begin an election at term 1 for -1: [a3e81ea2-c676-4fe0-a110-4b62540dc40b:192.168.151.83:34200], old=null
2019-10-08 04:07:22,490 [a3e81ea2-c676-4fe0-a110-4b62540dc40b@group-6EB76E31779B-LeaderElection64] INFO  impl.RoleInfo (RoleInfo.java:shutdownLeaderElection(134)) - a3e81ea2-c676-4fe0-a110-4b62540dc40b: shutdown LeaderElection
2019-10-08 04:07:22,492 [a3e81ea2-c676-4fe0-a110-4b62540dc40b@group-6EB76E31779B-LeaderElection64] INFO  impl.RaftServerImpl (RaftServerImpl.java:setRole(170)) - a3e81ea2-c676-4fe0-a110-4b62540dc40b@group-6EB76E31779B: changes role from CANDIDATE to LEADER at term 1 for changeToLeader
2019-10-08 04:07:22,492 [a3e81ea2-c676-4fe0-a110-4b62540dc40b@group-6EB76E31779B-LeaderElection64] INFO  impl.RaftServerImpl (ServerState.java:setLeader(255)) - a3e81ea2-c676-4fe0-a110-4b62540dc40b@group-6EB76E31779B: change Leader from null to a3e81ea2-c676-4fe0-a110-4b62540dc40b at term 1 for becomeLeader, leader elected after 5162ms
2019-10-08 04:07:22,494 [a3e81ea2-c676-4fe0-a110-4b62540dc40b@group-6EB76E31779B-LeaderElection64] INFO  server.RaftServerConfigKeys (ConfUtils.java:logGet(43)) - raft.server.staging.catchup.gap = 1000 (default)
2019-10-08 04:07:22,496 [a3e81ea2-c676-4fe0-a110-4b62540dc40b@group-6EB76E31779B-LeaderElection64] INFO  server.RaftServerConfigKeys (ConfUtils.java:logGet(43)) - raft.server.rpc.sleep.time = 25ms (default)
2019-10-08 04:07:22,498 [a3e81ea2-c676-4fe0-a110-4b62540dc40b@group-6EB76E31779B-LeaderElection64] INFO  server.RaftServerConfigKeys (ConfUtils.java:logGet(43)) - raft.server.write.element-limit = 4096 (default)
2019-10-08 04:07:22,500 [a3e81ea2-c676-4fe0-a110-4b62540dc40b@group-6EB76E31779B-LeaderElection64] INFO  server.RaftServerConfigKeys (ConfUtils.java:logGet(43)) - raft.server.watch.timeout = 10s (default)
2019-10-08 04:07:22,502 [a3e81ea2-c676-4fe0-a110-4b62540dc40b@group-6EB76E31779B-LeaderElection64] INFO  server.RaftServerConfigKeys (ConfUtils.java:logGet(43)) - raft.server.watch.timeout.denomination = 1s (default)
2019-10-08 04:07:22,502 [514e48b2-8b0c-49e3-a876-ea0b957cf5ec@group-9F5D5560DE96-LeaderElection61] INFO  impl.LeaderElection (LeaderElection.java:logAndReturn(56)) - 514e48b2-8b0c-49e3-a876-ea0b957cf5ec@group-9F5D5560DE96-LeaderElection61: Election REJECTED; received 2 response(s) [514e48b2-8b0c-49e3-a876-ea0b957cf5ec<-e6210659-57a7-414b-bcf0-b44ac3656a74#0:FAIL-t1, 514e48b2-8b0c-49e3-a876-ea0b957cf5ec<-a3e81ea2-c676-4fe0-a110-4b62540dc40b#0:FAIL-t1] and 0 exception(s); 514e48b2-8b0c-49e3-a876-ea0b957cf5ec@group-9F5D5560DE96:t1, leader=null, voted=514e48b2-8b0c-49e3-a876-ea0b957cf5ec, raftlog=514e48b2-8b0c-49e3-a876-ea0b957cf5ec@group-9F5D5560DE96-SegmentedRaftLog:OPENED:c-1,f-1,i0, conf=-1: [514e48b2-8b0c-49e3-a876-ea0b957cf5ec:192.168.151.83:37398, e6210659-57a7-414b-bcf0-b44ac3656a74:192.168.151.83:42201, a3e81ea2-c676-4fe0-a110-4b62540dc40b:192.168.151.83:34200], old=null
2019-10-08 04:07:22,502 [a3e81ea2-c676-4fe0-a110-4b62540dc40b@group-6EB76E31779B-LeaderElection64] INFO  server.RaftServerConfigKeys (ConfUtils.java:logGet(43)) - raft.server.watch.element-limit = 65536 (default)
2019-10-08 04:07:22,502 [514e48b2-8b0c-49e3-a876-ea0b957cf5ec@group-9F5D5560DE96-LeaderElection61] INFO  impl.RaftServerImpl (RaftServerImpl.java:setRole(170)) - 514e48b2-8b0c-49e3-a876-ea0b957cf5ec@group-9F5D5560DE96: changes role from CANDIDATE to FOLLOWER at term 1 for DISCOVERED_A_NEW_TERM
2019-10-08 04:07:22,506 [514e48b2-8b0c-49e3-a876-ea0b957cf5ec@group-9F5D5560DE96-LeaderElection61] INFO  impl.RoleInfo (RoleInfo.java:shutdownLeaderElection(134)) - 514e48b2-8b0c-49e3-a876-ea0b957cf5ec: shutdown LeaderElection
2019-10-08 04:07:22,506 [514e48b2-8b0c-49e3-a876-ea0b957cf5ec@group-9F5D5560DE96-LeaderElection61] INFO  impl.RoleInfo (RoleInfo.java:updateAndGet(143)) - 514e48b2-8b0c-49e3-a876-ea0b957cf5ec: start FollowerState
2019-10-08 04:07:22,509 [a3e81ea2-c676-4fe0-a110-4b62540dc40b@group-9F5D5560DE96-LeaderElection63] INFO  impl.LeaderElection (LeaderElection.java:logAndReturn(56)) - a3e81ea2-c676-4fe0-a110-4b62540dc40b@group-9F5D5560DE96-LeaderElection63: Election REJECTED; received 2 response(s) [a3e81ea2-c676-4fe0-a110-4b62540dc40b<-514e48b2-8b0c-49e3-a876-ea0b957cf5ec#0:FAIL-t1, a3e81ea2-c676-4fe0-a110-4b62540dc40b<-e6210659-57a7-414b-bcf0-b44ac3656a74#0:FAIL-t1] and 0 exception(s); a3e81ea2-c676-4fe0-a110-4b62540dc40b@group-9F5D5560DE96:t1, leader=null, voted=a3e81ea2-c676-4fe0-a110-4b62540dc40b, raftlog=a3e81ea2-c676-4fe0-a110-4b62540dc40b@group-9F5D5560DE96-SegmentedRaftLog:OPENED:c-1,f-1,i0, conf=-1: [514e48b2-8b0c-49e3-a876-ea0b957cf5ec:192.168.151.83:37398, e6210659-57a7-414b-bcf0-b44ac3656a74:192.168.151.83:42201, a3e81ea2-c676-4fe0-a110-4b62540dc40b:192.168.151.83:34200], old=null
2019-10-08 04:07:22,509 [e6210659-57a7-414b-bcf0-b44ac3656a74@group-9F5D5560DE96-LeaderElection62] INFO  impl.LeaderElection (LeaderElection.java:logAndReturn(56)) - e6210659-57a7-414b-bcf0-b44ac3656a74@group-9F5D5560DE96-LeaderElection62: Election REJECTED; received 2 response(s) [e6210659-57a7-414b-bcf0-b44ac3656a74<-514e48b2-8b0c-49e3-a876-ea0b957cf5ec#0:FAIL-t1, e6210659-57a7-414b-bcf0-b44ac3656a74<-a3e81ea2-c676-4fe0-a110-4b62540dc40b#0:FAIL-t1] and 0 exception(s); e6210659-57a7-414b-bcf0-b44ac3656a74@group-9F5D5560DE96:t1, leader=null, voted=e6210659-57a7-414b-bcf0-b44ac3656a74, raftlog=e6210659-57a7-414b-bcf0-b44ac3656a74@group-9F5D5560DE96-SegmentedRaftLog:OPENED:c-1,f-1,i0, conf=-1: [514e48b2-8b0c-49e3-a876-ea0b957cf5ec:192.168.151.83:37398, e6210659-57a7-414b-bcf0-b44ac3656a74:192.168.151.83:42201, a3e81ea2-c676-4fe0-a110-4b62540dc40b:192.168.151.83:34200], old=null
2019-10-08 04:07:22,509 [a3e81ea2-c676-4fe0-a110-4b62540dc40b@group-9F5D5560DE96-LeaderElection63] INFO  impl.RaftServerImpl (RaftServerImpl.java:setRole(170)) - a3e81ea2-c676-4fe0-a110-4b62540dc40b@group-9F5D5560DE96: changes role from CANDIDATE to FOLLOWER at term 1 for DISCOVERED_A_NEW_TERM
2019-10-08 04:07:22,511 [e6210659-57a7-414b-bcf0-b44ac3656a74@group-9F5D5560DE96-LeaderElection62] INFO  impl.RaftServerImpl (RaftServerImpl.java:setRole(170)) - e6210659-57a7-414b-bcf0-b44ac3656a74@group-9F5D5560DE96: changes role from CANDIDATE to FOLLOWER at term 1 for DISCOVERED_A_NEW_TERM
2019-10-08 04:07:22,511 [a3e81ea2-c676-4fe0-a110-4b62540dc40b@group-9F5D5560DE96-LeaderElection63] INFO  impl.RoleInfo (RoleInfo.java:shutdownLeaderElection(134)) - a3e81ea2-c676-4fe0-a110-4b62540dc40b: shutdown LeaderElection
2019-10-08 04:07:22,513 [e6210659-57a7-414b-bcf0-b44ac3656a74@group-9F5D5560DE96-LeaderElection62] INFO  impl.RoleInfo (RoleInfo.java:shutdownLeaderElection(134)) - e6210659-57a7-414b-bcf0-b44ac3656a74: shutdown LeaderElection
2019-10-08 04:07:22,513 [a3e81ea2-c676-4fe0-a110-4b62540dc40b@group-9F5D5560DE96-LeaderElection63] INFO  impl.RoleInfo (RoleInfo.java:updateAndGet(143)) - a3e81ea2-c676-4fe0-a110-4b62540dc40b: start FollowerState
2019-10-08 04:07:22,513 [e6210659-57a7-414b-bcf0-b44ac3656a74@group-9F5D5560DE96-LeaderElection62] INFO  impl.RoleInfo (RoleInfo.java:updateAndGet(143)) - e6210659-57a7-414b-bcf0-b44ac3656a74: start FollowerState
2019-10-08 04:07:22,514 [a3e81ea2-c676-4fe0-a110-4b62540dc40b@group-6EB76E31779B-LeaderElection64] INFO  impl.RoleInfo (RoleInfo.java:updateAndGet(143)) - a3e81ea2-c676-4fe0-a110-4b62540dc40b: start LeaderState
2019-10-08 04:07:22,515 [a3e81ea2-c676-4fe0-a110-4b62540dc40b@group-6EB76E31779B-LeaderElection64] INFO  segmented.SegmentedRaftLogWorker (SegmentedRaftLogWorker.java:startLogSegment(385)) - a3e81ea2-c676-4fe0-a110-4b62540dc40b@group-6EB76E31779B-SegmentedRaftLogWorker: Starting segment from index:0
2019-10-08 04:07:22,515 [a3e81ea2-c676-4fe0-a110-4b62540dc40b@group-6EB76E31779B-LeaderElection64] INFO  impl.RaftServerImpl (ServerState.java:setRaftConf(356)) - a3e81ea2-c676-4fe0-a110-4b62540dc40b@group-6EB76E31779B: set configuration 0: [a3e81ea2-c676-4fe0-a110-4b62540dc40b:192.168.151.83:34200], old=null at 0
2019-10-08 04:07:22,551 [a3e81ea2-c676-4fe0-a110-4b62540dc40b@group-6EB76E31779B-SegmentedRaftLogWorker] INFO  segmented.SegmentedRaftLogWorker (SegmentedRaftLogWorker.java:execute(574)) - a3e81ea2-c676-4fe0-a110-4b62540dc40b@group-6EB76E31779B-SegmentedRaftLogWorker: created new log segment /workdir/hadoop-ozone/integration-test/target/test-dir/MiniOzoneClusterImpl-72230a9d-aef9-4496-b11f-d5eccdf763b4/datanode-5/data/ratis/92b23e64-bfcc-47c5-b0b2-6eb76e31779b/current/log_inprogress_0
2019-10-08 04:07:22,574 [Thread-1497] INFO  impl.FollowerState (FollowerState.java:run(108)) - 868dbea0-f64a-4fd6-bff7-bd843843b649@group-39959C67CAB8-FollowerState: change to CANDIDATE, lastRpcTime:5187ms, electionTimeout:5187ms
2019-10-08 04:07:22,575 [Thread-1497] INFO  impl.RoleInfo (RoleInfo.java:shutdownFollowerState(121)) - 868dbea0-f64a-4fd6-bff7-bd843843b649: shutdown FollowerState
2019-10-08 04:07:22,575 [Thread-1497] INFO  impl.RaftServerImpl (RaftServerImpl.java:setRole(170)) - 868dbea0-f64a-4fd6-bff7-bd843843b649@group-39959C67CAB8: changes role from  FOLLOWER to CANDIDATE at term 0 for changeToCandidate
2019-10-08 04:07:22,575 [Thread-1497] INFO  impl.RoleInfo (RoleInfo.java:updateAndGet(143)) - 868dbea0-f64a-4fd6-bff7-bd843843b649: start LeaderElection
2019-10-08 04:07:22,603 [868dbea0-f64a-4fd6-bff7-bd843843b649@group-39959C67CAB8-LeaderElection65] INFO  impl.LeaderElection (LeaderElection.java:askForVotes(178)) - 868dbea0-f64a-4fd6-bff7-bd843843b649@group-39959C67CAB8-LeaderElection65: begin an election at term 1 for -1: [868dbea0-f64a-4fd6-bff7-bd843843b649:192.168.151.83:37696], old=null
2019-10-08 04:07:22,603 [868dbea0-f64a-4fd6-bff7-bd843843b649@group-39959C67CAB8-LeaderElection65] INFO  impl.RoleInfo (RoleInfo.java:shutdownLeaderElection(134)) - 868dbea0-f64a-4fd6-bff7-bd843843b649: shutdown LeaderElection
2019-10-08 04:07:22,603 [868dbea0-f64a-4fd6-bff7-bd843843b649@group-39959C67CAB8-LeaderElection65] INFO  impl.RaftServerImpl (RaftServerImpl.java:setRole(170)) - 868dbea0-f64a-4fd6-bff7-bd843843b649@group-39959C67CAB8: changes role from CANDIDATE to LEADER at term 1 for changeToLeader
2019-10-08 04:07:22,603 [868dbea0-f64a-4fd6-bff7-bd843843b649@group-39959C67CAB8-LeaderElection65] INFO  impl.RaftServerImpl (ServerState.java:setLeader(255)) - 868dbea0-f64a-4fd6-bff7-bd843843b649@group-39959C67CAB8: change Leader from null to 868dbea0-f64a-4fd6-bff7-bd843843b649 at term 1 for becomeLeader, leader elected after 5223ms
2019-10-08 04:07:22,603 [868dbea0-f64a-4fd6-bff7-bd843843b649@group-39959C67CAB8-LeaderElection65] INFO  server.RaftServerConfigKeys (ConfUtils.java:logGet(43)) - raft.server.staging.catchup.gap = 1000 (default)
2019-10-08 04:07:22,603 [868dbea0-f64a-4fd6-bff7-bd843843b649@group-39959C67CAB8-LeaderElection65] INFO  server.RaftServerConfigKeys (ConfUtils.java:logGet(43)) - raft.server.rpc.sleep.time = 25ms (default)
2019-10-08 04:07:22,604 [868dbea0-f64a-4fd6-bff7-bd843843b649@group-39959C67CAB8-LeaderElection65] INFO  server.RaftServerConfigKeys (ConfUtils.java:logGet(43)) - raft.server.write.element-limit = 4096 (default)
2019-10-08 04:07:22,604 [868dbea0-f64a-4fd6-bff7-bd843843b649@group-39959C67CAB8-LeaderElection65] INFO  server.RaftServerConfigKeys (ConfUtils.java:logGet(43)) - raft.server.watch.timeout = 10s (default)
2019-10-08 04:07:22,604 [868dbea0-f64a-4fd6-bff7-bd843843b649@group-39959C67CAB8-LeaderElection65] INFO  server.RaftServerConfigKeys (ConfUtils.java:logGet(43)) - raft.server.watch.timeout.denomination = 1s (default)
2019-10-08 04:07:22,604 [868dbea0-f64a-4fd6-bff7-bd843843b649@group-39959C67CAB8-LeaderElection65] INFO  server.RaftServerConfigKeys (ConfUtils.java:logGet(43)) - raft.server.watch.element-limit = 65536 (default)
2019-10-08 04:07:22,606 [868dbea0-f64a-4fd6-bff7-bd843843b649@group-39959C67CAB8-LeaderElection65] INFO  impl.RoleInfo (RoleInfo.java:updateAndGet(143)) - 868dbea0-f64a-4fd6-bff7-bd843843b649: start LeaderState
2019-10-08 04:07:22,607 [868dbea0-f64a-4fd6-bff7-bd843843b649@group-39959C67CAB8-LeaderElection65] INFO  segmented.SegmentedRaftLogWorker (SegmentedRaftLogWorker.java:startLogSegment(385)) - 868dbea0-f64a-4fd6-bff7-bd843843b649@group-39959C67CAB8-SegmentedRaftLogWorker: Starting segment from index:0
2019-10-08 04:07:22,607 [868dbea0-f64a-4fd6-bff7-bd843843b649@group-39959C67CAB8-LeaderElection65] INFO  impl.RaftServerImpl (ServerState.java:setRaftConf(356)) - 868dbea0-f64a-4fd6-bff7-bd843843b649@group-39959C67CAB8: set configuration 0: [868dbea0-f64a-4fd6-bff7-bd843843b649:192.168.151.83:37696], old=null at 0
2019-10-08 04:07:22,655 [868dbea0-f64a-4fd6-bff7-bd843843b649@group-39959C67CAB8-SegmentedRaftLogWorker] INFO  segmented.SegmentedRaftLogWorker (SegmentedRaftLogWorker.java:execute(574)) - 868dbea0-f64a-4fd6-bff7-bd843843b649@group-39959C67CAB8-SegmentedRaftLogWorker: created new log segment /workdir/hadoop-ozone/integration-test/target/test-dir/MiniOzoneClusterImpl-72230a9d-aef9-4496-b11f-d5eccdf763b4/datanode-6/data/ratis/8e9049dd-1c11-45b4-b89a-39959c67cab8/current/log_inprogress_0
2019-10-08 04:07:27,523 [Thread-1535] INFO  impl.FollowerState (FollowerState.java:run(108)) - 9a86e02d-457a-4233-b456-1f823c7b9675@group-903E021DC2E5-FollowerState: change to CANDIDATE, lastRpcTime:5078ms, electionTimeout:5065ms
2019-10-08 04:07:27,523 [Thread-1547] INFO  impl.FollowerState (FollowerState.java:run(108)) - a3e81ea2-c676-4fe0-a110-4b62540dc40b@group-9F5D5560DE96-FollowerState: change to CANDIDATE, lastRpcTime:5010ms, electionTimeout:5003ms
2019-10-08 04:07:27,524 [Thread-1535] INFO  impl.RoleInfo (RoleInfo.java:shutdownFollowerState(121)) - 9a86e02d-457a-4233-b456-1f823c7b9675: shutdown FollowerState
2019-10-08 04:07:27,524 [Thread-1547] INFO  impl.RoleInfo (RoleInfo.java:shutdownFollowerState(121)) - a3e81ea2-c676-4fe0-a110-4b62540dc40b: shutdown FollowerState
2019-10-08 04:07:27,524 [Thread-1535] INFO  impl.RaftServerImpl (RaftServerImpl.java:setRole(170)) - 9a86e02d-457a-4233-b456-1f823c7b9675@group-903E021DC2E5: changes role from  FOLLOWER to CANDIDATE at term 1 for changeToCandidate
2019-10-08 04:07:27,524 [Thread-1547] INFO  impl.RaftServerImpl (RaftServerImpl.java:setRole(170)) - a3e81ea2-c676-4fe0-a110-4b62540dc40b@group-9F5D5560DE96: changes role from  FOLLOWER to CANDIDATE at term 1 for changeToCandidate
2019-10-08 04:07:27,525 [Thread-1535] INFO  impl.RoleInfo (RoleInfo.java:updateAndGet(143)) - 9a86e02d-457a-4233-b456-1f823c7b9675: start LeaderElection
2019-10-08 04:07:27,525 [Thread-1547] INFO  impl.RoleInfo (RoleInfo.java:updateAndGet(143)) - a3e81ea2-c676-4fe0-a110-4b62540dc40b: start LeaderElection
2019-10-08 04:07:27,544 [a3e81ea2-c676-4fe0-a110-4b62540dc40b@group-9F5D5560DE96-LeaderElection67] INFO  impl.LeaderElection (LeaderElection.java:askForVotes(178)) - a3e81ea2-c676-4fe0-a110-4b62540dc40b@group-9F5D5560DE96-LeaderElection67: begin an election at term 2 for -1: [514e48b2-8b0c-49e3-a876-ea0b957cf5ec:192.168.151.83:37398, e6210659-57a7-414b-bcf0-b44ac3656a74:192.168.151.83:42201, a3e81ea2-c676-4fe0-a110-4b62540dc40b:192.168.151.83:34200], old=null
2019-10-08 04:07:27,544 [9a86e02d-457a-4233-b456-1f823c7b9675@group-903E021DC2E5-LeaderElection66] INFO  impl.LeaderElection (LeaderElection.java:askForVotes(178)) - 9a86e02d-457a-4233-b456-1f823c7b9675@group-903E021DC2E5-LeaderElection66: begin an election at term 2 for -1: [9a86e02d-457a-4233-b456-1f823c7b9675:192.168.151.83:39846, 53d4e2b8-d7c3-4e33-8543-84865c350f2c:192.168.151.83:46095, 8182f3c3-6485-4730-b171-cad52f435bf6:192.168.151.83:41319], old=null
2019-10-08 04:07:27,547 [Thread-1543] INFO  impl.FollowerState (FollowerState.java:run(108)) - 53d4e2b8-d7c3-4e33-8543-84865c350f2c@group-903E021DC2E5-FollowerState: change to CANDIDATE, lastRpcTime:5080ms, electionTimeout:5074ms
2019-10-08 04:07:27,547 [Thread-1543] INFO  impl.RoleInfo (RoleInfo.java:shutdownFollowerState(121)) - 53d4e2b8-d7c3-4e33-8543-84865c350f2c: shutdown FollowerState
2019-10-08 04:07:27,547 [Thread-1543] INFO  impl.RaftServerImpl (RaftServerImpl.java:setRole(170)) - 53d4e2b8-d7c3-4e33-8543-84865c350f2c@group-903E021DC2E5: changes role from  FOLLOWER to CANDIDATE at term 1 for changeToCandidate
2019-10-08 04:07:27,547 [Thread-1543] INFO  impl.RoleInfo (RoleInfo.java:updateAndGet(143)) - 53d4e2b8-d7c3-4e33-8543-84865c350f2c: start LeaderElection
2019-10-08 04:07:27,574 [grpc-default-executor-0] INFO  impl.RaftServerImpl (RaftServerImpl.java:setRole(170)) - 8182f3c3-6485-4730-b171-cad52f435bf6@group-903E021DC2E5: changes role from  FOLLOWER to FOLLOWER at term 2 for recognizeCandidate:9a86e02d-457a-4233-b456-1f823c7b9675
2019-10-08 04:07:27,574 [grpc-default-executor-6] INFO  impl.RaftServerImpl (RaftServerImpl.java:setRole(170)) - e6210659-57a7-414b-bcf0-b44ac3656a74@group-9F5D5560DE96: changes role from  FOLLOWER to FOLLOWER at term 2 for recognizeCandidate:a3e81ea2-c676-4fe0-a110-4b62540dc40b
2019-10-08 04:07:27,574 [53d4e2b8-d7c3-4e33-8543-84865c350f2c@group-903E021DC2E5-LeaderElection68] INFO  impl.LeaderElection (LeaderElection.java:askForVotes(178)) - 53d4e2b8-d7c3-4e33-8543-84865c350f2c@group-903E021DC2E5-LeaderElection68: begin an election at term 2 for -1: [9a86e02d-457a-4233-b456-1f823c7b9675:192.168.151.83:39846, 53d4e2b8-d7c3-4e33-8543-84865c350f2c:192.168.151.83:46095, 8182f3c3-6485-4730-b171-cad52f435bf6:192.168.151.83:41319], old=null
2019-10-08 04:07:27,575 [grpc-default-executor-6] INFO  impl.RoleInfo (RoleInfo.java:shutdownFollowerState(121)) - e6210659-57a7-414b-bcf0-b44ac3656a74: shutdown FollowerState
2019-10-08 04:07:27,575 [grpc-default-executor-0] INFO  impl.RoleInfo (RoleInfo.java:shutdownFollowerState(121)) - 8182f3c3-6485-4730-b171-cad52f435bf6: shutdown FollowerState
2019-10-08 04:07:27,576 [grpc-default-executor-6] INFO  impl.RoleInfo (RoleInfo.java:updateAndGet(143)) - e6210659-57a7-414b-bcf0-b44ac3656a74: start FollowerState
2019-10-08 04:07:27,576 [Thread-1548] INFO  impl.FollowerState (FollowerState.java:run(117)) - e6210659-57a7-414b-bcf0-b44ac3656a74@group-9F5D5560DE96-FollowerState was interrupted: java.lang.InterruptedException: sleep interrupted
2019-10-08 04:07:27,576 [grpc-default-executor-1] INFO  impl.RaftServerImpl (RaftServerImpl.java:setRole(170)) - 514e48b2-8b0c-49e3-a876-ea0b957cf5ec@group-9F5D5560DE96: changes role from  FOLLOWER to FOLLOWER at term 2 for recognizeCandidate:a3e81ea2-c676-4fe0-a110-4b62540dc40b
2019-10-08 04:07:27,579 [grpc-default-executor-1] INFO  impl.RoleInfo (RoleInfo.java:shutdownFollowerState(121)) - 514e48b2-8b0c-49e3-a876-ea0b957cf5ec: shutdown FollowerState
2019-10-08 04:07:27,576 [grpc-default-executor-0] INFO  impl.RoleInfo (RoleInfo.java:updateAndGet(143)) - 8182f3c3-6485-4730-b171-cad52f435bf6: start FollowerState
2019-10-08 04:07:27,579 [Thread-1546] INFO  impl.FollowerState (FollowerState.java:run(117)) - 514e48b2-8b0c-49e3-a876-ea0b957cf5ec@group-9F5D5560DE96-FollowerState was interrupted: java.lang.InterruptedException: sleep interrupted
2019-10-08 04:07:27,579 [grpc-default-executor-1] INFO  impl.RoleInfo (RoleInfo.java:updateAndGet(143)) - 514e48b2-8b0c-49e3-a876-ea0b957cf5ec: start FollowerState
2019-10-08 04:07:27,604 [9a86e02d-457a-4233-b456-1f823c7b9675@group-903E021DC2E5-LeaderElection66] INFO  impl.LeaderElection (LeaderElection.java:logAndReturn(56)) - 9a86e02d-457a-4233-b456-1f823c7b9675@group-903E021DC2E5-LeaderElection66: Election PASSED; received 2 response(s) [9a86e02d-457a-4233-b456-1f823c7b9675<-53d4e2b8-d7c3-4e33-8543-84865c350f2c#0:FAIL-t2, 9a86e02d-457a-4233-b456-1f823c7b9675<-8182f3c3-6485-4730-b171-cad52f435bf6#0:OK-t2] and 0 exception(s); 9a86e02d-457a-4233-b456-1f823c7b9675@group-903E021DC2E5:t2, leader=null, voted=9a86e02d-457a-4233-b456-1f823c7b9675, raftlog=9a86e02d-457a-4233-b456-1f823c7b9675@group-903E021DC2E5-SegmentedRaftLog:OPENED:c-1,f-1,i0, conf=-1: [9a86e02d-457a-4233-b456-1f823c7b9675:192.168.151.83:39846, 53d4e2b8-d7c3-4e33-8543-84865c350f2c:192.168.151.83:46095, 8182f3c3-6485-4730-b171-cad52f435bf6:192.168.151.83:41319], old=null
2019-10-08 04:07:27,604 [a3e81ea2-c676-4fe0-a110-4b62540dc40b@group-9F5D5560DE96-LeaderElection67] INFO  impl.LeaderElection (LeaderElection.java:logAndReturn(56)) - a3e81ea2-c676-4fe0-a110-4b62540dc40b@group-9F5D5560DE96-LeaderElection67: Election PASSED; received 1 response(s) [a3e81ea2-c676-4fe0-a110-4b62540dc40b<-514e48b2-8b0c-49e3-a876-ea0b957cf5ec#0:OK-t2] and 0 exception(s); a3e81ea2-c676-4fe0-a110-4b62540dc40b@group-9F5D5560DE96:t2, leader=null, voted=a3e81ea2-c676-4fe0-a110-4b62540dc40b, raftlog=a3e81ea2-c676-4fe0-a110-4b62540dc40b@group-9F5D5560DE96-SegmentedRaftLog:OPENED:c-1,f-1,i0, conf=-1: [514e48b2-8b0c-49e3-a876-ea0b957cf5ec:192.168.151.83:37398, e6210659-57a7-414b-bcf0-b44ac3656a74:192.168.151.83:42201, a3e81ea2-c676-4fe0-a110-4b62540dc40b:192.168.151.83:34200], old=null
2019-10-08 04:07:27,604 [53d4e2b8-d7c3-4e33-8543-84865c350f2c@group-903E021DC2E5-LeaderElection68] INFO  impl.LeaderElection (LeaderElection.java:logAndReturn(56)) - 53d4e2b8-d7c3-4e33-8543-84865c350f2c@group-903E021DC2E5-LeaderElection68: Election REJECTED; received 2 response(s) [53d4e2b8-d7c3-4e33-8543-84865c350f2c<-9a86e02d-457a-4233-b456-1f823c7b9675#0:FAIL-t2, 53d4e2b8-d7c3-4e33-8543-84865c350f2c<-8182f3c3-6485-4730-b171-cad52f435bf6#0:FAIL-t2] and 0 exception(s); 53d4e2b8-d7c3-4e33-8543-84865c350f2c@group-903E021DC2E5:t2, leader=null, voted=53d4e2b8-d7c3-4e33-8543-84865c350f2c, raftlog=53d4e2b8-d7c3-4e33-8543-84865c350f2c@group-903E021DC2E5-SegmentedRaftLog:OPENED:c-1,f-1,i0, conf=-1: [9a86e02d-457a-4233-b456-1f823c7b9675:192.168.151.83:39846, 53d4e2b8-d7c3-4e33-8543-84865c350f2c:192.168.151.83:46095, 8182f3c3-6485-4730-b171-cad52f435bf6:192.168.151.83:41319], old=null
2019-10-08 04:07:27,604 [9a86e02d-457a-4233-b456-1f823c7b9675@group-903E021DC2E5-LeaderElection66] INFO  impl.RoleInfo (RoleInfo.java:shutdownLeaderElection(134)) - 9a86e02d-457a-4233-b456-1f823c7b9675: shutdown LeaderElection
2019-10-08 04:07:27,609 [53d4e2b8-d7c3-4e33-8543-84865c350f2c@group-903E021DC2E5-LeaderElection68] INFO  impl.RaftServerImpl (RaftServerImpl.java:setRole(170)) - 53d4e2b8-d7c3-4e33-8543-84865c350f2c@group-903E021DC2E5: changes role from CANDIDATE to FOLLOWER at term 2 for DISCOVERED_A_NEW_TERM
2019-10-08 04:07:27,611 [53d4e2b8-d7c3-4e33-8543-84865c350f2c@group-903E021DC2E5-LeaderElection68] INFO  impl.RoleInfo (RoleInfo.java:shutdownLeaderElection(134)) - 53d4e2b8-d7c3-4e33-8543-84865c350f2c: shutdown LeaderElection
2019-10-08 04:07:27,604 [a3e81ea2-c676-4fe0-a110-4b62540dc40b@group-9F5D5560DE96-LeaderElection67] INFO  impl.RoleInfo (RoleInfo.java:shutdownLeaderElection(134)) - a3e81ea2-c676-4fe0-a110-4b62540dc40b: shutdown LeaderElection
2019-10-08 04:07:27,611 [53d4e2b8-d7c3-4e33-8543-84865c350f2c@group-903E021DC2E5-LeaderElection68] INFO  impl.RoleInfo (RoleInfo.java:updateAndGet(143)) - 53d4e2b8-d7c3-4e33-8543-84865c350f2c: start FollowerState
2019-10-08 04:07:27,611 [9a86e02d-457a-4233-b456-1f823c7b9675@group-903E021DC2E5-LeaderElection66] INFO  impl.RaftServerImpl (RaftServerImpl.java:setRole(170)) - 9a86e02d-457a-4233-b456-1f823c7b9675@group-903E021DC2E5: changes role from CANDIDATE to LEADER at term 2 for changeToLeader
2019-10-08 04:07:27,611 [a3e81ea2-c676-4fe0-a110-4b62540dc40b@group-9F5D5560DE96-LeaderElection67] INFO  impl.RaftServerImpl (RaftServerImpl.java:setRole(170)) - a3e81ea2-c676-4fe0-a110-4b62540dc40b@group-9F5D5560DE96: changes role from CANDIDATE to LEADER at term 2 for changeToLeader
2019-10-08 04:07:27,612 [9a86e02d-457a-4233-b456-1f823c7b9675@group-903E021DC2E5-LeaderElection66] INFO  impl.RaftServerImpl (ServerState.java:setLeader(255)) - 9a86e02d-457a-4233-b456-1f823c7b9675@group-903E021DC2E5: change Leader from null to 9a86e02d-457a-4233-b456-1f823c7b9675 at term 2 for becomeLeader, leader elected after 10442ms
2019-10-08 04:07:27,612 [a3e81ea2-c676-4fe0-a110-4b62540dc40b@group-9F5D5560DE96-LeaderElection67] INFO  impl.RaftServerImpl (ServerState.java:setLeader(255)) - a3e81ea2-c676-4fe0-a110-4b62540dc40b@group-9F5D5560DE96: change Leader from null to a3e81ea2-c676-4fe0-a110-4b62540dc40b at term 2 for becomeLeader, leader elected after 10349ms
2019-10-08 04:07:27,612 [9a86e02d-457a-4233-b456-1f823c7b9675@group-903E021DC2E5-LeaderElection66] INFO  server.RaftServerConfigKeys (ConfUtils.java:logGet(43)) - raft.server.staging.catchup.gap = 1000 (default)
2019-10-08 04:07:27,612 [a3e81ea2-c676-4fe0-a110-4b62540dc40b@group-9F5D5560DE96-LeaderElection67] INFO  server.RaftServerConfigKeys (ConfUtils.java:logGet(43)) - raft.server.staging.catchup.gap = 1000 (default)
2019-10-08 04:07:27,613 [9a86e02d-457a-4233-b456-1f823c7b9675@group-903E021DC2E5-LeaderElection66] INFO  server.RaftServerConfigKeys (ConfUtils.java:logGet(43)) - raft.server.rpc.sleep.time = 25ms (default)
2019-10-08 04:07:27,613 [a3e81ea2-c676-4fe0-a110-4b62540dc40b@group-9F5D5560DE96-LeaderElection67] INFO  server.RaftServerConfigKeys (ConfUtils.java:logGet(43)) - raft.server.rpc.sleep.time = 25ms (default)
2019-10-08 04:07:27,613 [9a86e02d-457a-4233-b456-1f823c7b9675@group-903E021DC2E5-LeaderElection66] INFO  server.RaftServerConfigKeys (ConfUtils.java:logGet(43)) - raft.server.write.element-limit = 4096 (default)
2019-10-08 04:07:27,613 [a3e81ea2-c676-4fe0-a110-4b62540dc40b@group-9F5D5560DE96-LeaderElection67] INFO  server.RaftServerConfigKeys (ConfUtils.java:logGet(43)) - raft.server.write.element-limit = 4096 (default)
2019-10-08 04:07:27,613 [9a86e02d-457a-4233-b456-1f823c7b9675@group-903E021DC2E5-LeaderElection66] INFO  server.RaftServerConfigKeys (ConfUtils.java:logGet(43)) - raft.server.watch.timeout = 10s (default)
2019-10-08 04:07:27,613 [a3e81ea2-c676-4fe0-a110-4b62540dc40b@group-9F5D5560DE96-LeaderElection67] INFO  server.RaftServerConfigKeys (ConfUtils.java:logGet(43)) - raft.server.watch.timeout = 10s (default)
2019-10-08 04:07:27,613 [9a86e02d-457a-4233-b456-1f823c7b9675@group-903E021DC2E5-LeaderElection66] INFO  server.RaftServerConfigKeys (ConfUtils.java:logGet(43)) - raft.server.watch.timeout.denomination = 1s (default)
2019-10-08 04:07:27,614 [a3e81ea2-c676-4fe0-a110-4b62540dc40b@group-9F5D5560DE96-LeaderElection67] INFO  server.RaftServerConfigKeys (ConfUtils.java:logGet(43)) - raft.server.watch.timeout.denomination = 1s (default)
2019-10-08 04:07:27,614 [9a86e02d-457a-4233-b456-1f823c7b9675@group-903E021DC2E5-LeaderElection66] INFO  server.RaftServerConfigKeys (ConfUtils.java:logGet(43)) - raft.server.watch.element-limit = 65536 (default)
2019-10-08 04:07:27,614 [a3e81ea2-c676-4fe0-a110-4b62540dc40b@group-9F5D5560DE96-LeaderElection67] INFO  server.RaftServerConfigKeys (ConfUtils.java:logGet(43)) - raft.server.watch.element-limit = 65536 (default)
2019-10-08 04:07:27,618 [a3e81ea2-c676-4fe0-a110-4b62540dc40b@group-9F5D5560DE96-LeaderElection67] INFO  server.RaftServerConfigKeys (ConfUtils.java:logGet(43)) - raft.server.log.appender.snapshot.chunk.size.max = 16MB (=16777216) (default)
2019-10-08 04:07:27,618 [9a86e02d-457a-4233-b456-1f823c7b9675@group-903E021DC2E5-LeaderElection66] INFO  server.RaftServerConfigKeys (ConfUtils.java:logGet(43)) - raft.server.log.appender.snapshot.chunk.size.max = 16MB (=16777216) (default)
2019-10-08 04:07:27,619 [a3e81ea2-c676-4fe0-a110-4b62540dc40b@group-9F5D5560DE96-LeaderElection67] INFO  server.RaftServerConfigKeys (ConfUtils.java:logGet(43)) - raft.server.log.appender.buffer.byte-limit = 33554432 (custom)
2019-10-08 04:07:27,619 [9a86e02d-457a-4233-b456-1f823c7b9675@group-903E021DC2E5-LeaderElection66] INFO  server.RaftServerConfigKeys (ConfUtils.java:logGet(43)) - raft.server.log.appender.buffer.byte-limit = 33554432 (custom)
2019-10-08 04:07:27,619 [a3e81ea2-c676-4fe0-a110-4b62540dc40b@group-9F5D5560DE96-LeaderElection67] INFO  server.RaftServerConfigKeys (ConfUtils.java:logGet(43)) - raft.server.log.appender.buffer.element-limit = 1 (custom)
2019-10-08 04:07:27,619 [9a86e02d-457a-4233-b456-1f823c7b9675@group-903E021DC2E5-LeaderElection66] INFO  server.RaftServerConfigKeys (ConfUtils.java:logGet(43)) - raft.server.log.appender.buffer.element-limit = 1 (custom)
2019-10-08 04:07:27,620 [a3e81ea2-c676-4fe0-a110-4b62540dc40b@group-9F5D5560DE96-LeaderElection67] INFO  grpc.GrpcConfigKeys$Server (ConfUtils.java:logGet(43)) - raft.grpc.server.leader.outstanding.appends.max = 128 (default)
2019-10-08 04:07:27,620 [9a86e02d-457a-4233-b456-1f823c7b9675@group-903E021DC2E5-LeaderElection66] INFO  grpc.GrpcConfigKeys$Server (ConfUtils.java:logGet(43)) - raft.grpc.server.leader.outstanding.appends.max = 128 (default)
2019-10-08 04:07:27,620 [a3e81ea2-c676-4fe0-a110-4b62540dc40b@group-9F5D5560DE96-LeaderElection67] INFO  server.RaftServerConfigKeys (ConfUtils.java:logGet(43)) - raft.server.rpc.request.timeout = 3000ms (default)
2019-10-08 04:07:27,620 [9a86e02d-457a-4233-b456-1f823c7b9675@group-903E021DC2E5-LeaderElection66] INFO  server.RaftServerConfigKeys (ConfUtils.java:logGet(43)) - raft.server.rpc.request.timeout = 3000ms (default)
2019-10-08 04:07:27,620 [a3e81ea2-c676-4fe0-a110-4b62540dc40b@group-9F5D5560DE96-LeaderElection67] INFO  server.RaftServerConfigKeys (ConfUtils.java:logGet(43)) - raft.server.log.appender.install.snapshot.enabled = false (custom)
2019-10-08 04:07:27,620 [9a86e02d-457a-4233-b456-1f823c7b9675@group-903E021DC2E5-LeaderElection66] INFO  server.RaftServerConfigKeys (ConfUtils.java:logGet(43)) - raft.server.log.appender.install.snapshot.enabled = false (custom)
2019-10-08 04:07:27,621 [a3e81ea2-c676-4fe0-a110-4b62540dc40b@group-9F5D5560DE96-LeaderElection67] INFO  server.RaftServerConfigKeys (ConfUtils.java:logGet(43)) - raft.server.log.appender.snapshot.chunk.size.max = 16MB (=16777216) (default)
2019-10-08 04:07:27,621 [9a86e02d-457a-4233-b456-1f823c7b9675@group-903E021DC2E5-LeaderElection66] INFO  server.RaftServerConfigKeys (ConfUtils.java:logGet(43)) - raft.server.log.appender.snapshot.chunk.size.max = 16MB (=16777216) (default)
2019-10-08 04:07:27,621 [a3e81ea2-c676-4fe0-a110-4b62540dc40b@group-9F5D5560DE96-LeaderElection67] INFO  server.RaftServerConfigKeys (ConfUtils.java:logGet(43)) - raft.server.log.appender.buffer.byte-limit = 33554432 (custom)
2019-10-08 04:07:27,621 [9a86e02d-457a-4233-b456-1f823c7b9675@group-903E021DC2E5-LeaderElection66] INFO  server.RaftServerConfigKeys (ConfUtils.java:logGet(43)) - raft.server.log.appender.buffer.byte-limit = 33554432 (custom)
2019-10-08 04:07:27,621 [a3e81ea2-c676-4fe0-a110-4b62540dc40b@group-9F5D5560DE96-LeaderElection67] INFO  server.RaftServerConfigKeys (ConfUtils.java:logGet(43)) - raft.server.log.appender.buffer.element-limit = 1 (custom)
2019-10-08 04:07:27,621 [9a86e02d-457a-4233-b456-1f823c7b9675@group-903E021DC2E5-LeaderElection66] INFO  server.RaftServerConfigKeys (ConfUtils.java:logGet(43)) - raft.server.log.appender.buffer.element-limit = 1 (custom)
2019-10-08 04:07:27,622 [a3e81ea2-c676-4fe0-a110-4b62540dc40b@group-9F5D5560DE96-LeaderElection67] INFO  grpc.GrpcConfigKeys$Server (ConfUtils.java:logGet(43)) - raft.grpc.server.leader.outstanding.appends.max = 128 (default)
2019-10-08 04:07:27,622 [9a86e02d-457a-4233-b456-1f823c7b9675@group-903E021DC2E5-LeaderElection66] INFO  grpc.GrpcConfigKeys$Server (ConfUtils.java:logGet(43)) - raft.grpc.server.leader.outstanding.appends.max = 128 (default)
2019-10-08 04:07:27,622 [a3e81ea2-c676-4fe0-a110-4b62540dc40b@group-9F5D5560DE96-LeaderElection67] INFO  server.RaftServerConfigKeys (ConfUtils.java:logGet(43)) - raft.server.rpc.request.timeout = 3000ms (default)
2019-10-08 04:07:27,622 [9a86e02d-457a-4233-b456-1f823c7b9675@group-903E021DC2E5-LeaderElection66] INFO  server.RaftServerConfigKeys (ConfUtils.java:logGet(43)) - raft.server.rpc.request.timeout = 3000ms (default)
2019-10-08 04:07:27,622 [a3e81ea2-c676-4fe0-a110-4b62540dc40b@group-9F5D5560DE96-LeaderElection67] INFO  server.RaftServerConfigKeys (ConfUtils.java:logGet(43)) - raft.server.log.appender.install.snapshot.enabled = false (custom)
2019-10-08 04:07:27,622 [9a86e02d-457a-4233-b456-1f823c7b9675@group-903E021DC2E5-LeaderElection66] INFO  server.RaftServerConfigKeys (ConfUtils.java:logGet(43)) - raft.server.log.appender.install.snapshot.enabled = false (custom)
2019-10-08 04:07:27,623 [a3e81ea2-c676-4fe0-a110-4b62540dc40b@group-9F5D5560DE96-LeaderElection67] INFO  impl.RoleInfo (RoleInfo.java:updateAndGet(143)) - a3e81ea2-c676-4fe0-a110-4b62540dc40b: start LeaderState
2019-10-08 04:07:27,623 [9a86e02d-457a-4233-b456-1f823c7b9675@group-903E021DC2E5-LeaderElection66] INFO  impl.RoleInfo (RoleInfo.java:updateAndGet(143)) - 9a86e02d-457a-4233-b456-1f823c7b9675: start LeaderState
2019-10-08 04:07:27,623 [a3e81ea2-c676-4fe0-a110-4b62540dc40b@group-9F5D5560DE96-LeaderElection67] INFO  segmented.SegmentedRaftLogWorker (SegmentedRaftLogWorker.java:startLogSegment(385)) - a3e81ea2-c676-4fe0-a110-4b62540dc40b@group-9F5D5560DE96-SegmentedRaftLogWorker: Starting segment from index:0
2019-10-08 04:07:27,623 [9a86e02d-457a-4233-b456-1f823c7b9675@group-903E021DC2E5-LeaderElection66] INFO  segmented.SegmentedRaftLogWorker (SegmentedRaftLogWorker.java:startLogSegment(385)) - 9a86e02d-457a-4233-b456-1f823c7b9675@group-903E021DC2E5-SegmentedRaftLogWorker: Starting segment from index:0
2019-10-08 04:07:27,626 [a3e81ea2-c676-4fe0-a110-4b62540dc40b@group-9F5D5560DE96-LeaderElection67] INFO  impl.RaftServerImpl (ServerState.java:setRaftConf(356)) - a3e81ea2-c676-4fe0-a110-4b62540dc40b@group-9F5D5560DE96: set configuration 0: [514e48b2-8b0c-49e3-a876-ea0b957cf5ec:192.168.151.83:37398, e6210659-57a7-414b-bcf0-b44ac3656a74:192.168.151.83:42201, a3e81ea2-c676-4fe0-a110-4b62540dc40b:192.168.151.83:34200], old=null at 0
2019-10-08 04:07:27,626 [9a86e02d-457a-4233-b456-1f823c7b9675@group-903E021DC2E5-LeaderElection66] INFO  impl.RaftServerImpl (ServerState.java:setRaftConf(356)) - 9a86e02d-457a-4233-b456-1f823c7b9675@group-903E021DC2E5: set configuration 0: [9a86e02d-457a-4233-b456-1f823c7b9675:192.168.151.83:39846, 53d4e2b8-d7c3-4e33-8543-84865c350f2c:192.168.151.83:46095, 8182f3c3-6485-4730-b171-cad52f435bf6:192.168.151.83:41319], old=null at 0
2019-10-08 04:07:27,627 [grpc-default-executor-4] INFO  impl.RaftServerImpl (ServerState.java:setLeader(255)) - 53d4e2b8-d7c3-4e33-8543-84865c350f2c@group-903E021DC2E5: change Leader from null to 9a86e02d-457a-4233-b456-1f823c7b9675 at term 2 for appendEntries, leader elected after 10457ms
2019-10-08 04:07:27,628 [grpc-default-executor-0] INFO  impl.RaftServerImpl (ServerState.java:setLeader(255)) - 8182f3c3-6485-4730-b171-cad52f435bf6@group-903E021DC2E5: change Leader from null to 9a86e02d-457a-4233-b456-1f823c7b9675 at term 2 for appendEntries, leader elected after 10458ms
2019-10-08 04:07:27,628 [grpc-default-executor-4] INFO  impl.RaftServerImpl (ServerState.java:setLeader(255)) - e6210659-57a7-414b-bcf0-b44ac3656a74@group-9F5D5560DE96: change Leader from null to a3e81ea2-c676-4fe0-a110-4b62540dc40b at term 2 for appendEntries, leader elected after 10366ms
2019-10-08 04:07:27,629 [grpc-default-executor-0] INFO  impl.RaftServerImpl (ServerState.java:setLeader(255)) - 514e48b2-8b0c-49e3-a876-ea0b957cf5ec@group-9F5D5560DE96: change Leader from null to a3e81ea2-c676-4fe0-a110-4b62540dc40b at term 2 for appendEntries, leader elected after 10366ms
2019-10-08 04:07:27,631 [grpc-default-executor-0] INFO  impl.RaftServerImpl (ServerState.java:setRaftConf(356)) - 53d4e2b8-d7c3-4e33-8543-84865c350f2c@group-903E021DC2E5: set configuration 0: [9a86e02d-457a-4233-b456-1f823c7b9675:192.168.151.83:39846, 53d4e2b8-d7c3-4e33-8543-84865c350f2c:192.168.151.83:46095, 8182f3c3-6485-4730-b171-cad52f435bf6:192.168.151.83:41319], old=null at 0
2019-10-08 04:07:27,631 [grpc-default-executor-1] INFO  impl.RaftServerImpl (ServerState.java:setRaftConf(356)) - 514e48b2-8b0c-49e3-a876-ea0b957cf5ec@group-9F5D5560DE96: set configuration 0: [514e48b2-8b0c-49e3-a876-ea0b957cf5ec:192.168.151.83:37398, e6210659-57a7-414b-bcf0-b44ac3656a74:192.168.151.83:42201, a3e81ea2-c676-4fe0-a110-4b62540dc40b:192.168.151.83:34200], old=null at 0
2019-10-08 04:07:27,631 [grpc-default-executor-6] INFO  impl.RaftServerImpl (ServerState.java:setRaftConf(356)) - e6210659-57a7-414b-bcf0-b44ac3656a74@group-9F5D5560DE96: set configuration 0: [514e48b2-8b0c-49e3-a876-ea0b957cf5ec:192.168.151.83:37398, e6210659-57a7-414b-bcf0-b44ac3656a74:192.168.151.83:42201, a3e81ea2-c676-4fe0-a110-4b62540dc40b:192.168.151.83:34200], old=null at 0
2019-10-08 04:07:27,631 [grpc-default-executor-4] INFO  impl.RaftServerImpl (ServerState.java:setRaftConf(356)) - 8182f3c3-6485-4730-b171-cad52f435bf6@group-903E021DC2E5: set configuration 0: [9a86e02d-457a-4233-b456-1f823c7b9675:192.168.151.83:39846, 53d4e2b8-d7c3-4e33-8543-84865c350f2c:192.168.151.83:46095, 8182f3c3-6485-4730-b171-cad52f435bf6:192.168.151.83:41319], old=null at 0
2019-10-08 04:07:27,631 [grpc-default-executor-6] INFO  segmented.SegmentedRaftLogWorker (SegmentedRaftLogWorker.java:startLogSegment(385)) - e6210659-57a7-414b-bcf0-b44ac3656a74@group-9F5D5560DE96-SegmentedRaftLogWorker: Starting segment from index:0
2019-10-08 04:07:27,631 [grpc-default-executor-1] INFO  segmented.SegmentedRaftLogWorker (SegmentedRaftLogWorker.java:startLogSegment(385)) - 514e48b2-8b0c-49e3-a876-ea0b957cf5ec@group-9F5D5560DE96-SegmentedRaftLogWorker: Starting segment from index:0
2019-10-08 04:07:27,631 [grpc-default-executor-0] INFO  segmented.SegmentedRaftLogWorker (SegmentedRaftLogWorker.java:startLogSegment(385)) - 53d4e2b8-d7c3-4e33-8543-84865c350f2c@group-903E021DC2E5-SegmentedRaftLogWorker: Starting segment from index:0
2019-10-08 04:07:27,632 [grpc-default-executor-4] INFO  segmented.SegmentedRaftLogWorker (SegmentedRaftLogWorker.java:startLogSegment(385)) - 8182f3c3-6485-4730-b171-cad52f435bf6@group-903E021DC2E5-SegmentedRaftLogWorker: Starting segment from index:0
2019-10-08 04:07:27,669 [9a86e02d-457a-4233-b456-1f823c7b9675@group-903E021DC2E5-SegmentedRaftLogWorker] INFO  segmented.SegmentedRaftLogWorker (SegmentedRaftLogWorker.java:execute(574)) - 9a86e02d-457a-4233-b456-1f823c7b9675@group-903E021DC2E5-SegmentedRaftLogWorker: created new log segment /workdir/hadoop-ozone/integration-test/target/test-dir/MiniOzoneClusterImpl-72230a9d-aef9-4496-b11f-d5eccdf763b4/datanode-4/data/ratis/0509c109-09e1-4d22-850c-903e021dc2e5/current/log_inprogress_0
2019-10-08 04:07:27,670 [a3e81ea2-c676-4fe0-a110-4b62540dc40b@group-9F5D5560DE96-SegmentedRaftLogWorker] INFO  segmented.SegmentedRaftLogWorker (SegmentedRaftLogWorker.java:execute(574)) - a3e81ea2-c676-4fe0-a110-4b62540dc40b@group-9F5D5560DE96-SegmentedRaftLogWorker: created new log segment /workdir/hadoop-ozone/integration-test/target/test-dir/MiniOzoneClusterImpl-72230a9d-aef9-4496-b11f-d5eccdf763b4/datanode-5/data/ratis/55b0a60b-2a82-44b7-a335-9f5d5560de96/current/log_inprogress_0
2019-10-08 04:07:27,669 [53d4e2b8-d7c3-4e33-8543-84865c350f2c@group-903E021DC2E5-SegmentedRaftLogWorker] INFO  segmented.SegmentedRaftLogWorker (SegmentedRaftLogWorker.java:execute(574)) - 53d4e2b8-d7c3-4e33-8543-84865c350f2c@group-903E021DC2E5-SegmentedRaftLogWorker: created new log segment /workdir/hadoop-ozone/integration-test/target/test-dir/MiniOzoneClusterImpl-72230a9d-aef9-4496-b11f-d5eccdf763b4/datanode-2/data/ratis/0509c109-09e1-4d22-850c-903e021dc2e5/current/log_inprogress_0
2019-10-08 04:07:27,669 [8182f3c3-6485-4730-b171-cad52f435bf6@group-903E021DC2E5-SegmentedRaftLogWorker] INFO  segmented.SegmentedRaftLogWorker (SegmentedRaftLogWorker.java:execute(574)) - 8182f3c3-6485-4730-b171-cad52f435bf6@group-903E021DC2E5-SegmentedRaftLogWorker: created new log segment /workdir/hadoop-ozone/integration-test/target/test-dir/MiniOzoneClusterImpl-72230a9d-aef9-4496-b11f-d5eccdf763b4/datanode-3/data/ratis/0509c109-09e1-4d22-850c-903e021dc2e5/current/log_inprogress_0
2019-10-08 04:07:27,669 [514e48b2-8b0c-49e3-a876-ea0b957cf5ec@group-9F5D5560DE96-SegmentedRaftLogWorker] INFO  segmented.SegmentedRaftLogWorker (SegmentedRaftLogWorker.java:execute(574)) - 514e48b2-8b0c-49e3-a876-ea0b957cf5ec@group-9F5D5560DE96-SegmentedRaftLogWorker: created new log segment /workdir/hadoop-ozone/integration-test/target/test-dir/MiniOzoneClusterImpl-72230a9d-aef9-4496-b11f-d5eccdf763b4/datanode-0/data/ratis/55b0a60b-2a82-44b7-a335-9f5d5560de96/current/log_inprogress_0
2019-10-08 04:07:27,672 [e6210659-57a7-414b-bcf0-b44ac3656a74@group-9F5D5560DE96-SegmentedRaftLogWorker] INFO  segmented.SegmentedRaftLogWorker (SegmentedRaftLogWorker.java:execute(574)) - e6210659-57a7-414b-bcf0-b44ac3656a74@group-9F5D5560DE96-SegmentedRaftLogWorker: created new log segment /workdir/hadoop-ozone/integration-test/target/test-dir/MiniOzoneClusterImpl-72230a9d-aef9-4496-b11f-d5eccdf763b4/datanode-1/data/ratis/55b0a60b-2a82-44b7-a335-9f5d5560de96/current/log_inprogress_0
2019-10-08 04:07:29,764 [Datanode State Machine Thread - 0] INFO  statemachine.DatanodeStateMachine (DatanodeStateMachine.java:lambda$startDaemon$0(350)) - Ozone container server started.
2019-10-08 04:07:33,773 [main] INFO  ozoneimpl.OzoneContainer (OzoneContainer.java:stop(227)) - Attempting to stop container services.
2019-10-08 04:07:33,774 [main] INFO  impl.RaftServerProxy (RaftServerProxy.java:lambda$close$4(314)) - 53d4e2b8-d7c3-4e33-8543-84865c350f2c: close
2019-10-08 04:07:33,775 [main] INFO  impl.RaftServerImpl (RaftServerImpl.java:lambda$shutdown$3(247)) - 53d4e2b8-d7c3-4e33-8543-84865c350f2c@group-F3DF9AB14CF7: shutdown
2019-10-08 04:07:33,776 [main] INFO  util.JmxRegister (JmxRegister.java:unregister(73)) - Successfully un-registered JMX Bean with object name Ratis:service=RaftServer,group=group-F3DF9AB14CF7,id=53d4e2b8-d7c3-4e33-8543-84865c350f2c
2019-10-08 04:07:33,776 [main] INFO  impl.RoleInfo (RoleInfo.java:shutdownLeaderState(104)) - 53d4e2b8-d7c3-4e33-8543-84865c350f2c: shutdown LeaderState
2019-10-08 04:07:33,776 [main] INFO  impl.PendingRequests (PendingRequests.java:sendNotLeaderResponses(202)) - 53d4e2b8-d7c3-4e33-8543-84865c350f2c@group-F3DF9AB14CF7-PendingRequests: sendNotLeaderResponses
2019-10-08 04:07:33,777 [main] INFO  impl.StateMachineUpdater (StateMachineUpdater.java:stopAndJoin(136)) - 53d4e2b8-d7c3-4e33-8543-84865c350f2c@group-F3DF9AB14CF7-StateMachineUpdater: set stopIndex = 0
2019-10-08 04:07:33,777 [main] INFO  impl.RaftServerImpl (ServerState.java:close(387)) - 53d4e2b8-d7c3-4e33-8543-84865c350f2c@group-F3DF9AB14CF7: closes. applyIndex: 0
2019-10-08 04:07:33,778 [53d4e2b8-d7c3-4e33-8543-84865c350f2c@group-F3DF9AB14CF7-SegmentedRaftLogWorker] INFO  segmented.SegmentedRaftLogWorker (SegmentedRaftLogWorker.java:run(316)) - 53d4e2b8-d7c3-4e33-8543-84865c350f2c@group-F3DF9AB14CF7-SegmentedRaftLogWorker was interrupted, exiting. There are 0 tasks remaining in the queue.
2019-10-08 04:07:33,793 [main] INFO  segmented.SegmentedRaftLogWorker (SegmentedRaftLogWorker.java:close(224)) - 53d4e2b8-d7c3-4e33-8543-84865c350f2c@group-F3DF9AB14CF7-SegmentedRaftLogWorker close()
2019-10-08 04:07:33,798 [main] INFO  impl.RaftServerImpl (RaftServerImpl.java:lambda$shutdown$3(247)) - 53d4e2b8-d7c3-4e33-8543-84865c350f2c@group-903E021DC2E5: shutdown
2019-10-08 04:07:33,799 [main] INFO  util.JmxRegister (JmxRegister.java:unregister(73)) - Successfully un-registered JMX Bean with object name Ratis:service=RaftServer,group=group-903E021DC2E5,id=53d4e2b8-d7c3-4e33-8543-84865c350f2c
2019-10-08 04:07:33,799 [main] INFO  impl.RoleInfo (RoleInfo.java:shutdownFollowerState(121)) - 53d4e2b8-d7c3-4e33-8543-84865c350f2c: shutdown FollowerState
2019-10-08 04:07:33,799 [main] INFO  impl.StateMachineUpdater (StateMachineUpdater.java:stopAndJoin(136)) - 53d4e2b8-d7c3-4e33-8543-84865c350f2c@group-903E021DC2E5-StateMachineUpdater: set stopIndex = 2
2019-10-08 04:07:33,799 [53d4e2b8-d7c3-4e33-8543-84865c350f2c@group-903E021DC2E5-StateMachineUpdater] INFO  ratis.ContainerStateMachine (ContainerStateMachine.java:takeSnapshot(294)) - group-903E021DC2E5: Taking a snapshot at:(t:2, i:1) file /workdir/hadoop-ozone/integration-test/target/test-dir/MiniOzoneClusterImpl-72230a9d-aef9-4496-b11f-d5eccdf763b4/datanode-2/data/ratis/0509c109-09e1-4d22-850c-903e021dc2e5/sm/snapshot.2_1
2019-10-08 04:07:33,799 [Thread-1573] INFO  impl.FollowerState (FollowerState.java:run(117)) - 53d4e2b8-d7c3-4e33-8543-84865c350f2c@group-903E021DC2E5-FollowerState was interrupted: java.lang.InterruptedException: sleep interrupted
2019-10-08 04:07:33,816 [53d4e2b8-d7c3-4e33-8543-84865c350f2c@group-903E021DC2E5-StateMachineUpdater] INFO  ratis.ContainerStateMachine (ContainerStateMachine.java:takeSnapshot(305)) - group-903E021DC2E5: Finished taking a snapshot at:(t:2, i:1) file:/workdir/hadoop-ozone/integration-test/target/test-dir/MiniOzoneClusterImpl-72230a9d-aef9-4496-b11f-d5eccdf763b4/datanode-2/data/ratis/0509c109-09e1-4d22-850c-903e021dc2e5/sm/snapshot.2_1 time:16
2019-10-08 04:07:33,816 [53d4e2b8-d7c3-4e33-8543-84865c350f2c@group-903E021DC2E5-StateMachineUpdater] INFO  impl.StateMachineUpdater (StateMachineUpdater.java:takeSnapshot(269)) - 53d4e2b8-d7c3-4e33-8543-84865c350f2c@group-903E021DC2E5-StateMachineUpdater: Took a snapshot at index 1
2019-10-08 04:07:33,816 [53d4e2b8-d7c3-4e33-8543-84865c350f2c@group-903E021DC2E5-StateMachineUpdater] INFO  impl.StateMachineUpdater (StateMachineUpdater.java:lambda$new$0(84)) - 53d4e2b8-d7c3-4e33-8543-84865c350f2c@group-903E021DC2E5-StateMachineUpdater: snapshotIndex: updateIncreasingly -1 -> 1
2019-10-08 04:07:33,817 [53d4e2b8-d7c3-4e33-8543-84865c350f2c@group-903E021DC2E5-StateMachineUpdater] INFO  ratis.ContainerStateMachine (ContainerStateMachine.java:takeSnapshot(294)) - group-903E021DC2E5: Taking a snapshot at:(t:2, i:1) file /workdir/hadoop-ozone/integration-test/target/test-dir/MiniOzoneClusterImpl-72230a9d-aef9-4496-b11f-d5eccdf763b4/datanode-2/data/ratis/0509c109-09e1-4d22-850c-903e021dc2e5/sm/snapshot.2_1
2019-10-08 04:07:33,829 [53d4e2b8-d7c3-4e33-8543-84865c350f2c@group-903E021DC2E5-StateMachineUpdater] INFO  ratis.ContainerStateMachine (ContainerStateMachine.java:takeSnapshot(305)) - group-903E021DC2E5: Finished taking a snapshot at:(t:2, i:1) file:/workdir/hadoop-ozone/integration-test/target/test-dir/MiniOzoneClusterImpl-72230a9d-aef9-4496-b11f-d5eccdf763b4/datanode-2/data/ratis/0509c109-09e1-4d22-850c-903e021dc2e5/sm/snapshot.2_1 time:12
2019-10-08 04:07:33,830 [53d4e2b8-d7c3-4e33-8543-84865c350f2c@group-903E021DC2E5-StateMachineUpdater] INFO  impl.StateMachineUpdater (StateMachineUpdater.java:takeSnapshot(269)) - 53d4e2b8-d7c3-4e33-8543-84865c350f2c@group-903E021DC2E5-StateMachineUpdater: Took a snapshot at index 1
2019-10-08 04:07:33,830 [53d4e2b8-d7c3-4e33-8543-84865c350f2c@group-903E021DC2E5-StateMachineUpdater] INFO  impl.StateMachineUpdater (StateMachineUpdater.java:lambda$new$0(84)) - 53d4e2b8-d7c3-4e33-8543-84865c350f2c@group-903E021DC2E5-StateMachineUpdater: snapshotIndex: updateIncreasingly 1 -> 1
2019-10-08 04:07:33,830 [main] INFO  impl.RaftServerImpl (ServerState.java:close(387)) - 53d4e2b8-d7c3-4e33-8543-84865c350f2c@group-903E021DC2E5: closes. applyIndex: 2
2019-10-08 04:07:33,831 [53d4e2b8-d7c3-4e33-8543-84865c350f2c@group-903E021DC2E5-SegmentedRaftLogWorker] INFO  segmented.SegmentedRaftLogWorker (SegmentedRaftLogWorker.java:run(316)) - 53d4e2b8-d7c3-4e33-8543-84865c350f2c@group-903E021DC2E5-SegmentedRaftLogWorker was interrupted, exiting. There are 0 tasks remaining in the queue.
2019-10-08 04:07:33,834 [main] INFO  segmented.SegmentedRaftLogWorker (SegmentedRaftLogWorker.java:close(224)) - 53d4e2b8-d7c3-4e33-8543-84865c350f2c@group-903E021DC2E5-SegmentedRaftLogWorker close()
2019-10-08 04:07:33,840 [main] INFO  server.GrpcService (GrpcService.java:closeImpl(164)) - 53d4e2b8-d7c3-4e33-8543-84865c350f2c: shutdown server with port 46095 now
2019-10-08 04:07:33,841 [grpc-default-executor-4] WARN  server.GrpcServerProtocolService (LogUtils.java:warn(134)) - 53d4e2b8-d7c3-4e33-8543-84865c350f2c: installSnapshot onError, lastRequest: 9a86e02d-457a-4233-b456-1f823c7b9675->53d4e2b8-d7c3-4e33-8543-84865c350f2c#5-t2, previous=(t:2, i:2), leaderCommit=2, initializing? false, entries: <empty>: org.apache.ratis.thirdparty.io.grpc.StatusRuntimeException: CANCELLED: cancelled before receiving half close
2019-10-08 04:07:33,841 [main] INFO  server.GrpcService (GrpcService.java:closeImpl(172)) - 53d4e2b8-d7c3-4e33-8543-84865c350f2c: shutdown server with port 46095 successfully
2019-10-08 04:07:33,842 [grpc-default-executor-0] WARN  server.GrpcLogAppender (LogUtils.java:warn(134)) - 9a86e02d-457a-4233-b456-1f823c7b9675@group-903E021DC2E5->53d4e2b8-d7c3-4e33-8543-84865c350f2c-AppendLogResponseHandler: Failed appendEntries: org.apache.ratis.thirdparty.io.grpc.StatusRuntimeException: CANCELLED: HTTP/2 error code: CANCEL
Received Rst Stream
2019-10-08 04:07:33,843 [grpc-default-executor-0] INFO  impl.FollowerInfo (FollowerInfo.java:lambda$new$0(51)) - 9a86e02d-457a-4233-b456-1f823c7b9675@group-903E021DC2E5->53d4e2b8-d7c3-4e33-8543-84865c350f2c: nextIndex: updateUnconditionally 3 -> 2
2019-10-08 04:07:33,851 [refreshUsed-/workdir/hadoop-ozone/integration-test/target/test-dir/MiniOzoneClusterImpl-72230a9d-aef9-4496-b11f-d5eccdf763b4/datanode-2/data/containers] WARN  fs.CachingGetSpaceUsed (CachingGetSpaceUsed.java:run(183)) - Thread Interrupted waiting to refresh disk information: sleep interrupted
2019-10-08 04:07:33,874 [main] INFO  utils.BackgroundService (BackgroundService.java:shutdown(148)) - Shutting down service BlockDeletingService
2019-10-08 04:07:33,883 [main] INFO  statemachine.DatanodeStateMachine (DatanodeStateMachine.java:stopDaemon(395)) - Ozone container server stopped.
2019-10-08 04:07:33,885 [main] INFO  handler.ContextHandler (ContextHandler.java:doStop(910)) - Stopped o.e.j.w.WebAppContext@9687f55{/,null,UNAVAILABLE}{/hddsDatanode}
2019-10-08 04:07:33,886 [main] INFO  server.AbstractConnector (AbstractConnector.java:doStop(318)) - Stopped ServerConnector@5700c9db{HTTP/1.1,[http/1.1]}{0.0.0.0:0}
2019-10-08 04:07:33,886 [main] INFO  handler.ContextHandler (ContextHandler.java:doStop(910)) - Stopped o.e.j.s.ServletContextHandler@1903b5d{/static,jar:file:/home/user/.m2/repository/org/apache/hadoop/hadoop-hdds-container-service/0.5.0-SNAPSHOT/hadoop-hdds-container-service-0.5.0-SNAPSHOT.jar!/webapps/static,UNAVAILABLE}
2019-10-08 04:07:33,887 [main] INFO  handler.ContextHandler (ContextHandler.java:doStop(910)) - Stopped o.e.j.s.ServletContextHandler@3db432c2{/logs,file:///workdir/hadoop-ozone/integration-test/target/log,UNAVAILABLE}
2019-10-08 04:07:34,764 [Datanode State Machine Thread - 0] INFO  statemachine.DatanodeStateMachine (DatanodeStateMachine.java:lambda$startDaemon$0(350)) - Ozone container server started.
2019-10-08 04:07:36,116 [grpc-default-executor-4] WARN  server.GrpcLogAppender (LogUtils.java:warn(134)) - 9a86e02d-457a-4233-b456-1f823c7b9675@group-903E021DC2E5->53d4e2b8-d7c3-4e33-8543-84865c350f2c-AppendLogResponseHandler: Failed appendEntries: org.apache.ratis.thirdparty.io.grpc.StatusRuntimeException: UNAVAILABLE: io exception
2019-10-08 04:07:36,116 [grpc-default-executor-4] INFO  impl.FollowerInfo (FollowerInfo.java:lambda$new$0(51)) - 9a86e02d-457a-4233-b456-1f823c7b9675@group-903E021DC2E5->53d4e2b8-d7c3-4e33-8543-84865c350f2c: nextIndex: updateUnconditionally 2 -> 1
2019-10-08 04:07:38,620 [grpc-default-executor-1] WARN  server.GrpcLogAppender (LogUtils.java:warn(134)) - 9a86e02d-457a-4233-b456-1f823c7b9675@group-903E021DC2E5->53d4e2b8-d7c3-4e33-8543-84865c350f2c-AppendLogResponseHandler: Failed appendEntries: org.apache.ratis.thirdparty.io.grpc.StatusRuntimeException: UNAVAILABLE: io exception
2019-10-08 04:07:38,621 [grpc-default-executor-1] INFO  impl.FollowerInfo (FollowerInfo.java:lambda$new$0(51)) - 9a86e02d-457a-4233-b456-1f823c7b9675@group-903E021DC2E5->53d4e2b8-d7c3-4e33-8543-84865c350f2c: nextIndex: updateUnconditionally 1 -> 0
2019-10-08 04:07:38,889 [main] INFO  ozoneimpl.OzoneContainer (OzoneContainer.java:stop(227)) - Attempting to stop container services.
2019-10-08 04:07:38,890 [main] INFO  impl.RaftServerProxy (RaftServerProxy.java:lambda$close$4(314)) - 8182f3c3-6485-4730-b171-cad52f435bf6: close
2019-10-08 04:07:38,894 [main] INFO  impl.RaftServerImpl (RaftServerImpl.java:lambda$shutdown$3(247)) - 8182f3c3-6485-4730-b171-cad52f435bf6@group-903E021DC2E5: shutdown
2019-10-08 04:07:38,895 [main] INFO  util.JmxRegister (JmxRegister.java:unregister(73)) - Successfully un-registered JMX Bean with object name Ratis:service=RaftServer,group=group-903E021DC2E5,id=8182f3c3-6485-4730-b171-cad52f435bf6
2019-10-08 04:07:38,895 [main] INFO  impl.RoleInfo (RoleInfo.java:shutdownFollowerState(121)) - 8182f3c3-6485-4730-b171-cad52f435bf6: shutdown FollowerState
2019-10-08 04:07:38,895 [main] INFO  impl.StateMachineUpdater (StateMachineUpdater.java:stopAndJoin(136)) - 8182f3c3-6485-4730-b171-cad52f435bf6@group-903E021DC2E5-StateMachineUpdater: set stopIndex = 2
2019-10-08 04:07:38,896 [8182f3c3-6485-4730-b171-cad52f435bf6@group-903E021DC2E5-StateMachineUpdater] INFO  ratis.ContainerStateMachine (ContainerStateMachine.java:takeSnapshot(294)) - group-903E021DC2E5: Taking a snapshot at:(t:2, i:1) file /workdir/hadoop-ozone/integration-test/target/test-dir/MiniOzoneClusterImpl-72230a9d-aef9-4496-b11f-d5eccdf763b4/datanode-3/data/ratis/0509c109-09e1-4d22-850c-903e021dc2e5/sm/snapshot.2_1
2019-10-08 04:07:38,895 [Thread-1571] INFO  impl.FollowerState (FollowerState.java:run(117)) - 8182f3c3-6485-4730-b171-cad52f435bf6@group-903E021DC2E5-FollowerState was interrupted: java.lang.InterruptedException: sleep interrupted
2019-10-08 04:07:38,922 [8182f3c3-6485-4730-b171-cad52f435bf6@group-903E021DC2E5-StateMachineUpdater] INFO  ratis.ContainerStateMachine (ContainerStateMachine.java:takeSnapshot(305)) - group-903E021DC2E5: Finished taking a snapshot at:(t:2, i:1) file:/workdir/hadoop-ozone/integration-test/target/test-dir/MiniOzoneClusterImpl-72230a9d-aef9-4496-b11f-d5eccdf763b4/datanode-3/data/ratis/0509c109-09e1-4d22-850c-903e021dc2e5/sm/snapshot.2_1 time:27
2019-10-08 04:07:38,922 [8182f3c3-6485-4730-b171-cad52f435bf6@group-903E021DC2E5-StateMachineUpdater] INFO  impl.StateMachineUpdater (StateMachineUpdater.java:takeSnapshot(269)) - 8182f3c3-6485-4730-b171-cad52f435bf6@group-903E021DC2E5-StateMachineUpdater: Took a snapshot at index 1
2019-10-08 04:07:38,922 [8182f3c3-6485-4730-b171-cad52f435bf6@group-903E021DC2E5-StateMachineUpdater] INFO  impl.StateMachineUpdater (StateMachineUpdater.java:lambda$new$0(84)) - 8182f3c3-6485-4730-b171-cad52f435bf6@group-903E021DC2E5-StateMachineUpdater: snapshotIndex: updateIncreasingly -1 -> 1
2019-10-08 04:07:38,923 [8182f3c3-6485-4730-b171-cad52f435bf6@group-903E021DC2E5-StateMachineUpdater] INFO  ratis.ContainerStateMachine (ContainerStateMachine.java:takeSnapshot(294)) - group-903E021DC2E5: Taking a snapshot at:(t:2, i:1) file /workdir/hadoop-ozone/integration-test/target/test-dir/MiniOzoneClusterImpl-72230a9d-aef9-4496-b11f-d5eccdf763b4/datanode-3/data/ratis/0509c109-09e1-4d22-850c-903e021dc2e5/sm/snapshot.2_1
2019-10-08 04:07:38,936 [8182f3c3-6485-4730-b171-cad52f435bf6@group-903E021DC2E5-StateMachineUpdater] INFO  ratis.ContainerStateMachine (ContainerStateMachine.java:takeSnapshot(305)) - group-903E021DC2E5: Finished taking a snapshot at:(t:2, i:1) file:/workdir/hadoop-ozone/integration-test/target/test-dir/MiniOzoneClusterImpl-72230a9d-aef9-4496-b11f-d5eccdf763b4/datanode-3/data/ratis/0509c109-09e1-4d22-850c-903e021dc2e5/sm/snapshot.2_1 time:12
2019-10-08 04:07:38,936 [8182f3c3-6485-4730-b171-cad52f435bf6@group-903E021DC2E5-StateMachineUpdater] INFO  impl.StateMachineUpdater (StateMachineUpdater.java:takeSnapshot(269)) - 8182f3c3-6485-4730-b171-cad52f435bf6@group-903E021DC2E5-StateMachineUpdater: Took a snapshot at index 1
2019-10-08 04:07:38,936 [8182f3c3-6485-4730-b171-cad52f435bf6@group-903E021DC2E5-StateMachineUpdater] INFO  impl.StateMachineUpdater (StateMachineUpdater.java:lambda$new$0(84)) - 8182f3c3-6485-4730-b171-cad52f435bf6@group-903E021DC2E5-StateMachineUpdater: snapshotIndex: updateIncreasingly 1 -> 1
2019-10-08 04:07:38,936 [main] INFO  impl.RaftServerImpl (ServerState.java:close(387)) - 8182f3c3-6485-4730-b171-cad52f435bf6@group-903E021DC2E5: closes. applyIndex: 2
2019-10-08 04:07:38,937 [8182f3c3-6485-4730-b171-cad52f435bf6@group-903E021DC2E5-SegmentedRaftLogWorker] INFO  segmented.SegmentedRaftLogWorker (SegmentedRaftLogWorker.java:run(316)) - 8182f3c3-6485-4730-b171-cad52f435bf6@group-903E021DC2E5-SegmentedRaftLogWorker was interrupted, exiting. There are 0 tasks remaining in the queue.
2019-10-08 04:07:38,940 [main] INFO  segmented.SegmentedRaftLogWorker (SegmentedRaftLogWorker.java:close(224)) - 8182f3c3-6485-4730-b171-cad52f435bf6@group-903E021DC2E5-SegmentedRaftLogWorker close()
2019-10-08 04:07:38,945 [main] INFO  impl.RaftServerImpl (RaftServerImpl.java:lambda$shutdown$3(247)) - 8182f3c3-6485-4730-b171-cad52f435bf6@group-17D90E5364B0: shutdown
2019-10-08 04:07:38,945 [main] INFO  util.JmxRegister (JmxRegister.java:unregister(73)) - Successfully un-registered JMX Bean with object name Ratis:service=RaftServer,group=group-17D90E5364B0,id=8182f3c3-6485-4730-b171-cad52f435bf6
2019-10-08 04:07:38,945 [main] INFO  impl.RoleInfo (RoleInfo.java:shutdownLeaderState(104)) - 8182f3c3-6485-4730-b171-cad52f435bf6: shutdown LeaderState
2019-10-08 04:07:38,946 [main] INFO  impl.PendingRequests (PendingRequests.java:sendNotLeaderResponses(202)) - 8182f3c3-6485-4730-b171-cad52f435bf6@group-17D90E5364B0-PendingRequests: sendNotLeaderResponses
2019-10-08 04:07:38,946 [main] INFO  impl.StateMachineUpdater (StateMachineUpdater.java:stopAndJoin(136)) - 8182f3c3-6485-4730-b171-cad52f435bf6@group-17D90E5364B0-StateMachineUpdater: set stopIndex = 0
2019-10-08 04:07:38,947 [main] INFO  impl.RaftServerImpl (ServerState.java:close(387)) - 8182f3c3-6485-4730-b171-cad52f435bf6@group-17D90E5364B0: closes. applyIndex: 0
2019-10-08 04:07:38,947 [8182f3c3-6485-4730-b171-cad52f435bf6@group-17D90E5364B0-SegmentedRaftLogWorker] INFO  segmented.SegmentedRaftLogWorker (SegmentedRaftLogWorker.java:run(316)) - 8182f3c3-6485-4730-b171-cad52f435bf6@group-17D90E5364B0-SegmentedRaftLogWorker was interrupted, exiting. There are 0 tasks remaining in the queue.
2019-10-08 04:07:38,950 [main] INFO  segmented.SegmentedRaftLogWorker (SegmentedRaftLogWorker.java:close(224)) - 8182f3c3-6485-4730-b171-cad52f435bf6@group-17D90E5364B0-SegmentedRaftLogWorker close()
2019-10-08 04:07:38,955 [main] INFO  server.GrpcService (GrpcService.java:closeImpl(164)) - 8182f3c3-6485-4730-b171-cad52f435bf6: shutdown server with port 41319 now
2019-10-08 04:07:38,956 [main] INFO  server.GrpcService (GrpcService.java:closeImpl(172)) - 8182f3c3-6485-4730-b171-cad52f435bf6: shutdown server with port 41319 successfully
2019-10-08 04:07:38,956 [grpc-default-executor-1] WARN  server.GrpcLogAppender (LogUtils.java:warn(134)) - 9a86e02d-457a-4233-b456-1f823c7b9675@group-903E021DC2E5->8182f3c3-6485-4730-b171-cad52f435bf6-AppendLogResponseHandler: Failed appendEntries: org.apache.ratis.thirdparty.io.grpc.StatusRuntimeException: CANCELLED: HTTP/2 error code: CANCEL
Received Rst Stream
2019-10-08 04:07:38,956 [grpc-default-executor-0] WARN  server.GrpcServerProtocolService (LogUtils.java:warn(134)) - 8182f3c3-6485-4730-b171-cad52f435bf6: installSnapshot onError, lastRequest: 9a86e02d-457a-4233-b456-1f823c7b9675->8182f3c3-6485-4730-b171-cad52f435bf6#7-t2, previous=(t:2, i:2), leaderCommit=2, initializing? false, entries: <empty>: org.apache.ratis.thirdparty.io.grpc.StatusRuntimeException: CANCELLED: cancelled before receiving half close
2019-10-08 04:07:38,957 [grpc-default-executor-1] INFO  impl.FollowerInfo (FollowerInfo.java:lambda$new$0(51)) - 9a86e02d-457a-4233-b456-1f823c7b9675@group-903E021DC2E5->8182f3c3-6485-4730-b171-cad52f435bf6: nextIndex: updateUnconditionally 3 -> 2
2019-10-08 04:07:38,961 [refreshUsed-/workdir/hadoop-ozone/integration-test/target/test-dir/MiniOzoneClusterImpl-72230a9d-aef9-4496-b11f-d5eccdf763b4/datanode-3/data/containers] WARN  fs.CachingGetSpaceUsed (CachingGetSpaceUsed.java:run(183)) - Thread Interrupted waiting to refresh disk information: sleep interrupted
2019-10-08 04:07:38,973 [main] INFO  utils.BackgroundService (BackgroundService.java:shutdown(148)) - Shutting down service BlockDeletingService
2019-10-08 04:07:38,980 [main] INFO  statemachine.DatanodeStateMachine (DatanodeStateMachine.java:stopDaemon(395)) - Ozone container server stopped.
2019-10-08 04:07:38,981 [main] INFO  handler.ContextHandler (ContextHandler.java:doStop(910)) - Stopped o.e.j.w.WebAppContext@331ff3ac{/,null,UNAVAILABLE}{/hddsDatanode}
2019-10-08 04:07:38,982 [main] INFO  server.AbstractConnector (AbstractConnector.java:doStop(318)) - Stopped ServerConnector@2e5e6fc4{HTTP/1.1,[http/1.1]}{0.0.0.0:0}
2019-10-08 04:07:38,982 [main] INFO  handler.ContextHandler (ContextHandler.java:doStop(910)) - Stopped o.e.j.s.ServletContextHandler@61bb1e4d{/static,jar:file:/home/user/.m2/repository/org/apache/hadoop/hadoop-hdds-container-service/0.5.0-SNAPSHOT/hadoop-hdds-container-service-0.5.0-SNAPSHOT.jar!/webapps/static,UNAVAILABLE}
2019-10-08 04:07:38,983 [main] INFO  handler.ContextHandler (ContextHandler.java:doStop(910)) - Stopped o.e.j.s.ServletContextHandler@738d37fc{/logs,file:///workdir/hadoop-ozone/integration-test/target/log,UNAVAILABLE}
2019-10-08 04:07:41,124 [grpc-default-executor-6] WARN  server.GrpcLogAppender (LogUtils.java:warn(134)) - 9a86e02d-457a-4233-b456-1f823c7b9675@group-903E021DC2E5->53d4e2b8-d7c3-4e33-8543-84865c350f2c-AppendLogResponseHandler: Failed appendEntries: org.apache.ratis.thirdparty.io.grpc.StatusRuntimeException: UNAVAILABLE: io exception
2019-10-08 04:07:41,125 [grpc-default-executor-6] INFO  impl.FollowerInfo (FollowerInfo.java:lambda$new$0(51)) - 9a86e02d-457a-4233-b456-1f823c7b9675@group-903E021DC2E5->53d4e2b8-d7c3-4e33-8543-84865c350f2c: nextIndex: updateUnconditionally 0 -> 0
2019-10-08 04:07:41,125 [grpc-default-executor-4] WARN  server.GrpcLogAppender (LogUtils.java:warn(134)) - 9a86e02d-457a-4233-b456-1f823c7b9675@group-903E021DC2E5->8182f3c3-6485-4730-b171-cad52f435bf6-AppendLogResponseHandler: Failed appendEntries: org.apache.ratis.thirdparty.io.grpc.StatusRuntimeException: UNAVAILABLE: io exception
2019-10-08 04:07:41,125 [grpc-default-executor-4] INFO  impl.FollowerInfo (FollowerInfo.java:lambda$new$0(51)) - 9a86e02d-457a-4233-b456-1f823c7b9675@group-903E021DC2E5->8182f3c3-6485-4730-b171-cad52f435bf6: nextIndex: updateUnconditionally 2 -> 1
2019-10-08 04:07:43,623 [grpc-default-executor-0] WARN  server.GrpcLogAppender (LogUtils.java:warn(134)) - 9a86e02d-457a-4233-b456-1f823c7b9675@group-903E021DC2E5->53d4e2b8-d7c3-4e33-8543-84865c350f2c-AppendLogResponseHandler: Failed appendEntries: org.apache.ratis.thirdparty.io.grpc.StatusRuntimeException: UNAVAILABLE: io exception
2019-10-08 04:07:43,624 [grpc-default-executor-0] INFO  impl.FollowerInfo (FollowerInfo.java:lambda$new$0(51)) - 9a86e02d-457a-4233-b456-1f823c7b9675@group-903E021DC2E5->53d4e2b8-d7c3-4e33-8543-84865c350f2c: nextIndex: updateUnconditionally 0 -> 0
2019-10-08 04:07:43,625 [grpc-default-executor-6] WARN  server.GrpcLogAppender (LogUtils.java:warn(134)) - 9a86e02d-457a-4233-b456-1f823c7b9675@group-903E021DC2E5->8182f3c3-6485-4730-b171-cad52f435bf6-AppendLogResponseHandler: Failed appendEntries: org.apache.ratis.thirdparty.io.grpc.StatusRuntimeException: UNAVAILABLE: io exception
2019-10-08 04:07:43,626 [grpc-default-executor-6] INFO  impl.FollowerInfo (FollowerInfo.java:lambda$new$0(51)) - 9a86e02d-457a-4233-b456-1f823c7b9675@group-903E021DC2E5->8182f3c3-6485-4730-b171-cad52f435bf6: nextIndex: updateUnconditionally 1 -> 0
2019-10-08 04:07:46,131 [grpc-default-executor-6] WARN  server.GrpcLogAppender (LogUtils.java:warn(134)) - 9a86e02d-457a-4233-b456-1f823c7b9675@group-903E021DC2E5->53d4e2b8-d7c3-4e33-8543-84865c350f2c-AppendLogResponseHandler: Failed appendEntries: org.apache.ratis.thirdparty.io.grpc.StatusRuntimeException: UNAVAILABLE: io exception
2019-10-08 04:07:46,131 [grpc-default-executor-0] WARN  server.GrpcLogAppender (LogUtils.java:warn(134)) - 9a86e02d-457a-4233-b456-1f823c7b9675@group-903E021DC2E5->8182f3c3-6485-4730-b171-cad52f435bf6-AppendLogResponseHandler: Failed appendEntries: org.apache.ratis.thirdparty.io.grpc.StatusRuntimeException: UNAVAILABLE: io exception
2019-10-08 04:07:46,132 [grpc-default-executor-6] INFO  impl.FollowerInfo (FollowerInfo.java:lambda$new$0(51)) - 9a86e02d-457a-4233-b456-1f823c7b9675@group-903E021DC2E5->53d4e2b8-d7c3-4e33-8543-84865c350f2c: nextIndex: updateUnconditionally 0 -> 0
2019-10-08 04:07:46,132 [grpc-default-executor-0] INFO  impl.FollowerInfo (FollowerInfo.java:lambda$new$0(51)) - 9a86e02d-457a-4233-b456-1f823c7b9675@group-903E021DC2E5->8182f3c3-6485-4730-b171-cad52f435bf6: nextIndex: updateUnconditionally 0 -> 0
2019-10-08 04:07:48,632 [grpc-default-executor-6] WARN  server.GrpcLogAppender (LogUtils.java:warn(134)) - 9a86e02d-457a-4233-b456-1f823c7b9675@group-903E021DC2E5->8182f3c3-6485-4730-b171-cad52f435bf6-AppendLogResponseHandler: Failed appendEntries: org.apache.ratis.thirdparty.io.grpc.StatusRuntimeException: UNAVAILABLE: io exception
2019-10-08 04:07:48,632 [grpc-default-executor-5] WARN  server.GrpcLogAppender (LogUtils.java:warn(134)) - 9a86e02d-457a-4233-b456-1f823c7b9675@group-903E021DC2E5->53d4e2b8-d7c3-4e33-8543-84865c350f2c-AppendLogResponseHandler: Failed appendEntries: org.apache.ratis.thirdparty.io.grpc.StatusRuntimeException: UNAVAILABLE: io exception
2019-10-08 04:07:48,633 [grpc-default-executor-6] INFO  impl.FollowerInfo (FollowerInfo.java:lambda$new$0(51)) - 9a86e02d-457a-4233-b456-1f823c7b9675@group-903E021DC2E5->8182f3c3-6485-4730-b171-cad52f435bf6: nextIndex: updateUnconditionally 0 -> 0
2019-10-08 04:07:48,633 [grpc-default-executor-5] INFO  impl.FollowerInfo (FollowerInfo.java:lambda$new$0(51)) - 9a86e02d-457a-4233-b456-1f823c7b9675@group-903E021DC2E5->53d4e2b8-d7c3-4e33-8543-84865c350f2c: nextIndex: updateUnconditionally 0 -> 0
2019-10-08 04:07:49,056 [Thread-1631] INFO  client.GrpcClientProtocolService (GrpcClientProtocolService.java:lambda$processClientRequest$0(278)) - Failed RaftClientRequest:client-51205E2E8163->9a86e02d-457a-4233-b456-1f823c7b9675@group-903E021DC2E5, cid=67, seq=0, Watch-ALL_COMMITTED(98), Message:<EMPTY>, reply=RaftClientReply:client-51205E2E8163->9a86e02d-457a-4233-b456-1f823c7b9675@group-903E021DC2E5, cid=67, FAILED org.apache.ratis.protocol.NotReplicatedException: Request with call Id 67 and log index 98 is not yet replicated to ALL_COMMITTED, logIndex=98, commits[9a86e02d-457a-4233-b456-1f823c7b9675:c2, 53d4e2b8-d7c3-4e33-8543-84865c350f2c:c2, 8182f3c3-6485-4730-b171-cad52f435bf6:c2]
2019-10-08 04:07:51,137 [grpc-default-executor-6] WARN  server.GrpcLogAppender (LogUtils.java:warn(134)) - 9a86e02d-457a-4233-b456-1f823c7b9675@group-903E021DC2E5->53d4e2b8-d7c3-4e33-8543-84865c350f2c-AppendLogResponseHandler: Failed appendEntries: org.apache.ratis.thirdparty.io.grpc.StatusRuntimeException: UNAVAILABLE: io exception
2019-10-08 04:07:51,137 [grpc-default-executor-5] WARN  server.GrpcLogAppender (LogUtils.java:warn(134)) - 9a86e02d-457a-4233-b456-1f823c7b9675@group-903E021DC2E5->8182f3c3-6485-4730-b171-cad52f435bf6-AppendLogResponseHandler: Failed appendEntries: org.apache.ratis.thirdparty.io.grpc.StatusRuntimeException: UNAVAILABLE: io exception
2019-10-08 04:07:51,141 [grpc-default-executor-6] INFO  impl.FollowerInfo (FollowerInfo.java:lambda$new$0(51)) - 9a86e02d-457a-4233-b456-1f823c7b9675@group-903E021DC2E5->53d4e2b8-d7c3-4e33-8543-84865c350f2c: nextIndex: updateUnconditionally 0 -> 0
2019-10-08 04:07:51,142 [grpc-default-executor-5] INFO  impl.FollowerInfo (FollowerInfo.java:lambda$new$0(51)) - 9a86e02d-457a-4233-b456-1f823c7b9675@group-903E021DC2E5->8182f3c3-6485-4730-b171-cad52f435bf6: nextIndex: updateUnconditionally 0 -> 0
2019-10-08 04:07:53,641 [grpc-default-executor-4] WARN  server.GrpcLogAppender (LogUtils.java:warn(134)) - 9a86e02d-457a-4233-b456-1f823c7b9675@group-903E021DC2E5->8182f3c3-6485-4730-b171-cad52f435bf6-AppendLogResponseHandler: Failed appendEntries: org.apache.ratis.thirdparty.io.grpc.StatusRuntimeException: UNAVAILABLE: io exception
2019-10-08 04:07:53,642 [grpc-default-executor-0] WARN  server.GrpcLogAppender (LogUtils.java:warn(134)) - 9a86e02d-457a-4233-b456-1f823c7b9675@group-903E021DC2E5->53d4e2b8-d7c3-4e33-8543-84865c350f2c-AppendLogResponseHandler: Failed appendEntries: org.apache.ratis.thirdparty.io.grpc.StatusRuntimeException: UNAVAILABLE: io exception
2019-10-08 04:07:53,643 [grpc-default-executor-4] INFO  impl.FollowerInfo (FollowerInfo.java:lambda$new$0(51)) - 9a86e02d-457a-4233-b456-1f823c7b9675@group-903E021DC2E5->8182f3c3-6485-4730-b171-cad52f435bf6: nextIndex: updateUnconditionally 0 -> 0
2019-10-08 04:07:53,643 [grpc-default-executor-0] INFO  impl.FollowerInfo (FollowerInfo.java:lambda$new$0(51)) - 9a86e02d-457a-4233-b456-1f823c7b9675@group-903E021DC2E5->53d4e2b8-d7c3-4e33-8543-84865c350f2c: nextIndex: updateUnconditionally 0 -> 0
2019-10-08 04:07:56,141 [grpc-default-executor-5] WARN  server.GrpcLogAppender (LogUtils.java:warn(134)) - 9a86e02d-457a-4233-b456-1f823c7b9675@group-903E021DC2E5->53d4e2b8-d7c3-4e33-8543-84865c350f2c-AppendLogResponseHandler: Failed appendEntries: org.apache.ratis.thirdparty.io.grpc.StatusRuntimeException: UNAVAILABLE: io exception
2019-10-08 04:07:56,141 [grpc-default-executor-0] WARN  server.GrpcLogAppender (LogUtils.java:warn(134)) - 9a86e02d-457a-4233-b456-1f823c7b9675@group-903E021DC2E5->8182f3c3-6485-4730-b171-cad52f435bf6-AppendLogResponseHandler: Failed appendEntries: org.apache.ratis.thirdparty.io.grpc.StatusRuntimeException: UNAVAILABLE: io exception
2019-10-08 04:07:56,142 [grpc-default-executor-5] INFO  impl.FollowerInfo (FollowerInfo.java:lambda$new$0(51)) - 9a86e02d-457a-4233-b456-1f823c7b9675@group-903E021DC2E5->53d4e2b8-d7c3-4e33-8543-84865c350f2c: nextIndex: updateUnconditionally 0 -> 0
2019-10-08 04:07:56,142 [grpc-default-executor-0] INFO  impl.FollowerInfo (FollowerInfo.java:lambda$new$0(51)) - 9a86e02d-457a-4233-b456-1f823c7b9675@group-903E021DC2E5->8182f3c3-6485-4730-b171-cad52f435bf6: nextIndex: updateUnconditionally 0 -> 0
2019-10-08 04:07:58,643 [grpc-default-executor-0] WARN  server.GrpcLogAppender (LogUtils.java:warn(134)) - 9a86e02d-457a-4233-b456-1f823c7b9675@group-903E021DC2E5->8182f3c3-6485-4730-b171-cad52f435bf6-AppendLogResponseHandler: Failed appendEntries: org.apache.ratis.thirdparty.io.grpc.StatusRuntimeException: UNAVAILABLE: io exception
2019-10-08 04:07:58,643 [grpc-default-executor-1] WARN  server.GrpcLogAppender (LogUtils.java:warn(134)) - 9a86e02d-457a-4233-b456-1f823c7b9675@group-903E021DC2E5->53d4e2b8-d7c3-4e33-8543-84865c350f2c-AppendLogResponseHandler: Failed appendEntries: org.apache.ratis.thirdparty.io.grpc.StatusRuntimeException: UNAVAILABLE: io exception
2019-10-08 04:07:58,644 [grpc-default-executor-0] INFO  impl.FollowerInfo (FollowerInfo.java:lambda$new$0(51)) - 9a86e02d-457a-4233-b456-1f823c7b9675@group-903E021DC2E5->8182f3c3-6485-4730-b171-cad52f435bf6: nextIndex: updateUnconditionally 0 -> 0
2019-10-08 04:07:58,644 [grpc-default-executor-1] INFO  impl.FollowerInfo (FollowerInfo.java:lambda$new$0(51)) - 9a86e02d-457a-4233-b456-1f823c7b9675@group-903E021DC2E5->53d4e2b8-d7c3-4e33-8543-84865c350f2c: nextIndex: updateUnconditionally 0 -> 0
2019-10-08 04:07:58,985 [main] WARN  scm.XceiverClientRatis (XceiverClientRatis.java:watchForCommit(269)) - 3 way commit failed on pipeline Pipeline[ Id: 0509c109-09e1-4d22-850c-903e021dc2e5, Nodes: 53d4e2b8-d7c3-4e33-8543-84865c350f2c{ip: 192.168.151.83, host: pr-hdds-2217-jqnfv-3133698562, networkLocation: /default-rack, certSerialId: null}8182f3c3-6485-4730-b171-cad52f435bf6{ip: 192.168.151.83, host: pr-hdds-2217-jqnfv-3133698562, networkLocation: /default-rack, certSerialId: null}9a86e02d-457a-4233-b456-1f823c7b9675{ip: 192.168.151.83, host: pr-hdds-2217-jqnfv-3133698562, networkLocation: /default-rack, certSerialId: null}, Type:RATIS, Factor:THREE, State:OPEN]
java.util.concurrent.TimeoutException
	at java.util.concurrent.CompletableFuture.timedGet(CompletableFuture.java:1771)
	at java.util.concurrent.CompletableFuture.get(CompletableFuture.java:1915)
	at org.apache.hadoop.hdds.scm.XceiverClientRatis.watchForCommit(XceiverClientRatis.java:266)
	at org.apache.hadoop.ozone.client.rpc.TestWatchForCommit.testWatchForCommitForRetryfailure(TestWatchForCommit.java:345)
	at sun.reflect.NativeMethodAccessorImpl.invoke0(Native Method)
	at sun.reflect.NativeMethodAccessorImpl.invoke(NativeMethodAccessorImpl.java:62)
	at sun.reflect.DelegatingMethodAccessorImpl.invoke(DelegatingMethodAccessorImpl.java:43)
	at java.lang.reflect.Method.invoke(Method.java:498)
	at org.junit.runners.model.FrameworkMethod$1.runReflectiveCall(FrameworkMethod.java:47)
	at org.junit.internal.runners.model.ReflectiveCallable.run(ReflectiveCallable.java:12)
	at org.junit.runners.model.FrameworkMethod.invokeExplosively(FrameworkMethod.java:44)
	at org.junit.internal.runners.statements.InvokeMethod.evaluate(InvokeMethod.java:17)
	at org.junit.runners.ParentRunner.runLeaf(ParentRunner.java:271)
	at org.junit.runners.BlockJUnit4ClassRunner.runChild(BlockJUnit4ClassRunner.java:70)
	at org.junit.runners.BlockJUnit4ClassRunner.runChild(BlockJUnit4ClassRunner.java:50)
	at org.junit.runners.ParentRunner$3.run(ParentRunner.java:238)
	at org.junit.runners.ParentRunner$1.schedule(ParentRunner.java:63)
	at org.junit.runners.ParentRunner.runChildren(ParentRunner.java:236)
	at org.junit.runners.ParentRunner.access$000(ParentRunner.java:53)
	at org.junit.runners.ParentRunner$2.evaluate(ParentRunner.java:229)
	at org.junit.runners.ParentRunner.run(ParentRunner.java:309)
	at org.apache.maven.surefire.junit4.JUnit4Provider.execute(JUnit4Provider.java:365)
	at org.apache.maven.surefire.junit4.JUnit4Provider.executeWithRerun(JUnit4Provider.java:273)
	at org.apache.maven.surefire.junit4.JUnit4Provider.executeTestSet(JUnit4Provider.java:238)
	at org.apache.maven.surefire.junit4.JUnit4Provider.invoke(JUnit4Provider.java:159)
	at org.apache.maven.surefire.booter.ForkedBooter.invokeProviderInSameClassLoader(ForkedBooter.java:384)
	at org.apache.maven.surefire.booter.ForkedBooter.runSuitesInProcess(ForkedBooter.java:345)
	at org.apache.maven.surefire.booter.ForkedBooter.execute(ForkedBooter.java:126)
	at org.apache.maven.surefire.booter.ForkedBooter.main(ForkedBooter.java:418)
2019-10-08 04:07:59,056 [Thread-1647] INFO  client.GrpcClientProtocolService (GrpcClientProtocolService.java:lambda$processClientRequest$0(278)) - Failed RaftClientRequest:client-51205E2E8163->9a86e02d-457a-4233-b456-1f823c7b9675@group-903E021DC2E5, cid=67, seq=0, Watch-ALL_COMMITTED(98), Message:<EMPTY>, reply=RaftClientReply:client-51205E2E8163->9a86e02d-457a-4233-b456-1f823c7b9675@group-903E021DC2E5, cid=67, FAILED org.apache.ratis.protocol.NotReplicatedException: Request with call Id 67 and log index 98 is not yet replicated to ALL_COMMITTED, logIndex=98, commits[9a86e02d-457a-4233-b456-1f823c7b9675:c2, 53d4e2b8-d7c3-4e33-8543-84865c350f2c:c2, 8182f3c3-6485-4730-b171-cad52f435bf6:c2]
2019-10-08 04:08:01,144 [grpc-default-executor-5] WARN  server.GrpcLogAppender (LogUtils.java:warn(134)) - 9a86e02d-457a-4233-b456-1f823c7b9675@group-903E021DC2E5->8182f3c3-6485-4730-b171-cad52f435bf6-AppendLogResponseHandler: Failed appendEntries: org.apache.ratis.thirdparty.io.grpc.StatusRuntimeException: UNAVAILABLE: io exception
2019-10-08 04:08:01,149 [grpc-default-executor-7] WARN  server.GrpcLogAppender (LogUtils.java:warn(134)) - 9a86e02d-457a-4233-b456-1f823c7b9675@group-903E021DC2E5->53d4e2b8-d7c3-4e33-8543-84865c350f2c-AppendLogResponseHandler: Failed appendEntries: org.apache.ratis.thirdparty.io.grpc.StatusRuntimeException: UNAVAILABLE: io exception
2019-10-08 04:08:01,152 [grpc-default-executor-5] INFO  impl.FollowerInfo (FollowerInfo.java:lambda$new$0(51)) - 9a86e02d-457a-4233-b456-1f823c7b9675@group-903E021DC2E5->8182f3c3-6485-4730-b171-cad52f435bf6: nextIndex: updateUnconditionally 0 -> 0
2019-10-08 04:08:01,152 [grpc-default-executor-7] INFO  impl.FollowerInfo (FollowerInfo.java:lambda$new$0(51)) - 9a86e02d-457a-4233-b456-1f823c7b9675@group-903E021DC2E5->53d4e2b8-d7c3-4e33-8543-84865c350f2c: nextIndex: updateUnconditionally 0 -> 0
2019-10-08 04:08:03,647 [grpc-default-executor-5] WARN  server.GrpcLogAppender (LogUtils.java:warn(134)) - 9a86e02d-457a-4233-b456-1f823c7b9675@group-903E021DC2E5->8182f3c3-6485-4730-b171-cad52f435bf6-AppendLogResponseHandler: Failed appendEntries: org.apache.ratis.thirdparty.io.grpc.StatusRuntimeException: UNAVAILABLE: io exception
2019-10-08 04:08:03,647 [grpc-default-executor-7] WARN  server.GrpcLogAppender (LogUtils.java:warn(134)) - 9a86e02d-457a-4233-b456-1f823c7b9675@group-903E021DC2E5->53d4e2b8-d7c3-4e33-8543-84865c350f2c-AppendLogResponseHandler: Failed appendEntries: org.apache.ratis.thirdparty.io.grpc.StatusRuntimeException: UNAVAILABLE: io exception
2019-10-08 04:08:03,649 [grpc-default-executor-5] INFO  impl.FollowerInfo (FollowerInfo.java:lambda$new$0(51)) - 9a86e02d-457a-4233-b456-1f823c7b9675@group-903E021DC2E5->8182f3c3-6485-4730-b171-cad52f435bf6: nextIndex: updateUnconditionally 0 -> 0
2019-10-08 04:08:03,649 [grpc-default-executor-7] INFO  impl.FollowerInfo (FollowerInfo.java:lambda$new$0(51)) - 9a86e02d-457a-4233-b456-1f823c7b9675@group-903E021DC2E5->53d4e2b8-d7c3-4e33-8543-84865c350f2c: nextIndex: updateUnconditionally 0 -> 0
2019-10-08 04:08:06,153 [grpc-default-executor-7] WARN  server.GrpcLogAppender (LogUtils.java:warn(134)) - 9a86e02d-457a-4233-b456-1f823c7b9675@group-903E021DC2E5->53d4e2b8-d7c3-4e33-8543-84865c350f2c-AppendLogResponseHandler: Failed appendEntries: org.apache.ratis.thirdparty.io.grpc.StatusRuntimeException: UNAVAILABLE: io exception
2019-10-08 04:08:06,153 [grpc-default-executor-4] WARN  server.GrpcLogAppender (LogUtils.java:warn(134)) - 9a86e02d-457a-4233-b456-1f823c7b9675@group-903E021DC2E5->8182f3c3-6485-4730-b171-cad52f435bf6-AppendLogResponseHandler: Failed appendEntries: org.apache.ratis.thirdparty.io.grpc.StatusRuntimeException: UNAVAILABLE: io exception
2019-10-08 04:08:06,155 [grpc-default-executor-7] INFO  impl.FollowerInfo (FollowerInfo.java:lambda$new$0(51)) - 9a86e02d-457a-4233-b456-1f823c7b9675@group-903E021DC2E5->53d4e2b8-d7c3-4e33-8543-84865c350f2c: nextIndex: updateUnconditionally 0 -> 0
2019-10-08 04:08:06,155 [grpc-default-executor-4] INFO  impl.FollowerInfo (FollowerInfo.java:lambda$new$0(51)) - 9a86e02d-457a-4233-b456-1f823c7b9675@group-903E021DC2E5->8182f3c3-6485-4730-b171-cad52f435bf6: nextIndex: updateUnconditionally 0 -> 0
2019-10-08 04:08:08,655 [grpc-default-executor-7] WARN  server.GrpcLogAppender (LogUtils.java:warn(134)) - 9a86e02d-457a-4233-b456-1f823c7b9675@group-903E021DC2E5->53d4e2b8-d7c3-4e33-8543-84865c350f2c-AppendLogResponseHandler: Failed appendEntries: org.apache.ratis.thirdparty.io.grpc.StatusRuntimeException: UNAVAILABLE: io exception
2019-10-08 04:08:08,655 [grpc-default-executor-4] WARN  server.GrpcLogAppender (LogUtils.java:warn(134)) - 9a86e02d-457a-4233-b456-1f823c7b9675@group-903E021DC2E5->8182f3c3-6485-4730-b171-cad52f435bf6-AppendLogResponseHandler: Failed appendEntries: org.apache.ratis.thirdparty.io.grpc.StatusRuntimeException: UNAVAILABLE: io exception
2019-10-08 04:08:08,656 [grpc-default-executor-7] INFO  impl.FollowerInfo (FollowerInfo.java:lambda$new$0(51)) - 9a86e02d-457a-4233-b456-1f823c7b9675@group-903E021DC2E5->53d4e2b8-d7c3-4e33-8543-84865c350f2c: nextIndex: updateUnconditionally 0 -> 0
2019-10-08 04:08:08,656 [grpc-default-executor-4] INFO  impl.FollowerInfo (FollowerInfo.java:lambda$new$0(51)) - 9a86e02d-457a-4233-b456-1f823c7b9675@group-903E021DC2E5->8182f3c3-6485-4730-b171-cad52f435bf6: nextIndex: updateUnconditionally 0 -> 0
2019-10-08 04:08:10,060 [Thread-1665] INFO  client.GrpcClientProtocolService (GrpcClientProtocolService.java:lambda$processClientRequest$0(278)) - Failed RaftClientRequest:client-51205E2E8163->9a86e02d-457a-4233-b456-1f823c7b9675@group-903E021DC2E5, cid=67, seq=0, Watch-ALL_COMMITTED(98), Message:<EMPTY>, reply=RaftClientReply:client-51205E2E8163->9a86e02d-457a-4233-b456-1f823c7b9675@group-903E021DC2E5, cid=67, FAILED org.apache.ratis.protocol.NotReplicatedException: Request with call Id 67 and log index 98 is not yet replicated to ALL_COMMITTED, logIndex=98, commits[9a86e02d-457a-4233-b456-1f823c7b9675:c2, 53d4e2b8-d7c3-4e33-8543-84865c350f2c:c2, 8182f3c3-6485-4730-b171-cad52f435bf6:c2]
2019-10-08 04:08:10,060 [Thread-1666] INFO  client.GrpcClientProtocolService (GrpcClientProtocolService.java:lambda$processClientRequest$0(278)) - Failed RaftClientRequest:client-51205E2E8163->9a86e02d-457a-4233-b456-1f823c7b9675@group-903E021DC2E5, cid=68, seq=0, Watch-MAJORITY_COMMITTED(98), Message:<EMPTY>, reply=RaftClientReply:client-51205E2E8163->9a86e02d-457a-4233-b456-1f823c7b9675@group-903E021DC2E5, cid=68, FAILED org.apache.ratis.protocol.NotReplicatedException: Request with call Id 68 and log index 98 is not yet replicated to MAJORITY_COMMITTED, logIndex=98, commits[9a86e02d-457a-4233-b456-1f823c7b9675:c2, 53d4e2b8-d7c3-4e33-8543-84865c350f2c:c2, 8182f3c3-6485-4730-b171-cad52f435bf6:c2]
2019-10-08 04:08:11,155 [grpc-default-executor-1] WARN  server.GrpcLogAppender (LogUtils.java:warn(134)) - 9a86e02d-457a-4233-b456-1f823c7b9675@group-903E021DC2E5->8182f3c3-6485-4730-b171-cad52f435bf6-AppendLogResponseHandler: Failed appendEntries: org.apache.ratis.thirdparty.io.grpc.StatusRuntimeException: UNAVAILABLE: io exception
2019-10-08 04:08:11,160 [grpc-default-executor-6] WARN  server.GrpcLogAppender (LogUtils.java:warn(134)) - 9a86e02d-457a-4233-b456-1f823c7b9675@group-903E021DC2E5->53d4e2b8-d7c3-4e33-8543-84865c350f2c-AppendLogResponseHandler: Failed appendEntries: org.apache.ratis.thirdparty.io.grpc.StatusRuntimeException: UNAVAILABLE: io exception
2019-10-08 04:08:11,163 [grpc-default-executor-1] INFO  impl.FollowerInfo (FollowerInfo.java:lambda$new$0(51)) - 9a86e02d-457a-4233-b456-1f823c7b9675@group-903E021DC2E5->8182f3c3-6485-4730-b171-cad52f435bf6: nextIndex: updateUnconditionally 0 -> 0
2019-10-08 04:08:11,163 [grpc-default-executor-6] INFO  impl.FollowerInfo (FollowerInfo.java:lambda$new$0(51)) - 9a86e02d-457a-4233-b456-1f823c7b9675@group-903E021DC2E5->53d4e2b8-d7c3-4e33-8543-84865c350f2c: nextIndex: updateUnconditionally 0 -> 0
2019-10-08 04:08:13,659 [grpc-default-executor-6] WARN  server.GrpcLogAppender (LogUtils.java:warn(134)) - 9a86e02d-457a-4233-b456-1f823c7b9675@group-903E021DC2E5->8182f3c3-6485-4730-b171-cad52f435bf6-AppendLogResponseHandler: Failed appendEntries: org.apache.ratis.thirdparty.io.grpc.StatusRuntimeException: UNAVAILABLE: io exception
2019-10-08 04:08:13,659 [grpc-default-executor-5] WARN  server.GrpcLogAppender (LogUtils.java:warn(134)) - 9a86e02d-457a-4233-b456-1f823c7b9675@group-903E021DC2E5->53d4e2b8-d7c3-4e33-8543-84865c350f2c-AppendLogResponseHandler: Failed appendEntries: org.apache.ratis.thirdparty.io.grpc.StatusRuntimeException: UNAVAILABLE: io exception
2019-10-08 04:08:13,660 [grpc-default-executor-6] INFO  impl.FollowerInfo (FollowerInfo.java:lambda$new$0(51)) - 9a86e02d-457a-4233-b456-1f823c7b9675@group-903E021DC2E5->8182f3c3-6485-4730-b171-cad52f435bf6: nextIndex: updateUnconditionally 0 -> 0
2019-10-08 04:08:13,660 [grpc-default-executor-5] INFO  impl.FollowerInfo (FollowerInfo.java:lambda$new$0(51)) - 9a86e02d-457a-4233-b456-1f823c7b9675@group-903E021DC2E5->53d4e2b8-d7c3-4e33-8543-84865c350f2c: nextIndex: updateUnconditionally 0 -> 0
2019-10-08 04:08:16,158 [grpc-default-executor-4] WARN  server.GrpcLogAppender (LogUtils.java:warn(134)) - 9a86e02d-457a-4233-b456-1f823c7b9675@group-903E021DC2E5->53d4e2b8-d7c3-4e33-8543-84865c350f2c-AppendLogResponseHandler: Failed appendEntries: org.apache.ratis.thirdparty.io.grpc.StatusRuntimeException: UNAVAILABLE: io exception
2019-10-08 04:08:16,158 [grpc-default-executor-1] WARN  server.GrpcLogAppender (LogUtils.java:warn(134)) - 9a86e02d-457a-4233-b456-1f823c7b9675@group-903E021DC2E5->8182f3c3-6485-4730-b171-cad52f435bf6-AppendLogResponseHandler: Failed appendEntries: org.apache.ratis.thirdparty.io.grpc.StatusRuntimeException: UNAVAILABLE: io exception
2019-10-08 04:08:16,158 [grpc-default-executor-4] INFO  impl.FollowerInfo (FollowerInfo.java:lambda$new$0(51)) - 9a86e02d-457a-4233-b456-1f823c7b9675@group-903E021DC2E5->53d4e2b8-d7c3-4e33-8543-84865c350f2c: nextIndex: updateUnconditionally 0 -> 0
2019-10-08 04:08:16,158 [grpc-default-executor-1] INFO  impl.FollowerInfo (FollowerInfo.java:lambda$new$0(51)) - 9a86e02d-457a-4233-b456-1f823c7b9675@group-903E021DC2E5->8182f3c3-6485-4730-b171-cad52f435bf6: nextIndex: updateUnconditionally 0 -> 0
2019-10-08 04:08:18,659 [grpc-default-executor-7] WARN  server.GrpcLogAppender (LogUtils.java:warn(134)) - 9a86e02d-457a-4233-b456-1f823c7b9675@group-903E021DC2E5->53d4e2b8-d7c3-4e33-8543-84865c350f2c-AppendLogResponseHandler: Failed appendEntries: org.apache.ratis.thirdparty.io.grpc.StatusRuntimeException: UNAVAILABLE: io exception
2019-10-08 04:08:18,659 [grpc-default-executor-0] WARN  server.GrpcLogAppender (LogUtils.java:warn(134)) - 9a86e02d-457a-4233-b456-1f823c7b9675@group-903E021DC2E5->8182f3c3-6485-4730-b171-cad52f435bf6-AppendLogResponseHandler: Failed appendEntries: org.apache.ratis.thirdparty.io.grpc.StatusRuntimeException: UNAVAILABLE: io exception
2019-10-08 04:08:18,659 [grpc-default-executor-7] INFO  impl.FollowerInfo (FollowerInfo.java:lambda$new$0(51)) - 9a86e02d-457a-4233-b456-1f823c7b9675@group-903E021DC2E5->53d4e2b8-d7c3-4e33-8543-84865c350f2c: nextIndex: updateUnconditionally 0 -> 0
2019-10-08 04:08:18,660 [grpc-default-executor-0] INFO  impl.FollowerInfo (FollowerInfo.java:lambda$new$0(51)) - 9a86e02d-457a-4233-b456-1f823c7b9675@group-903E021DC2E5->8182f3c3-6485-4730-b171-cad52f435bf6: nextIndex: updateUnconditionally 0 -> 0
]]></system-out>
    <system-err><![CDATA[Oct 08, 2019 4:07:33 AM org.apache.ratis.thirdparty.io.grpc.internal.SerializingExecutor run
SEVERE: Exception while executing runnable org.apache.ratis.thirdparty.io.grpc.internal.ServerImpl$JumpToApplicationThreadServerStreamListener$1Closed@78143ebd
org.apache.ratis.thirdparty.io.grpc.StatusRuntimeException: CANCELLED: call already cancelled
	at org.apache.ratis.thirdparty.io.grpc.Status.asRuntimeException(Status.java:517)
	at org.apache.ratis.thirdparty.io.grpc.stub.ServerCalls$ServerCallStreamObserverImpl.onCompleted(ServerCalls.java:356)
	at org.apache.ratis.grpc.server.GrpcServerProtocolService$ServerRequestStreamObserver.onError(GrpcServerProtocolService.java:121)
	at org.apache.ratis.thirdparty.io.grpc.stub.ServerCalls$StreamingServerCallHandler$StreamingServerCallListener.onCancel(ServerCalls.java:269)
	at org.apache.ratis.thirdparty.io.grpc.internal.ServerCallImpl$ServerStreamListenerImpl.closed(ServerCallImpl.java:293)
	at org.apache.ratis.thirdparty.io.grpc.internal.ServerImpl$JumpToApplicationThreadServerStreamListener$1Closed.runInContext(ServerImpl.java:741)
	at org.apache.ratis.thirdparty.io.grpc.internal.ContextRunnable.run(ContextRunnable.java:37)
	at org.apache.ratis.thirdparty.io.grpc.internal.SerializingExecutor.run(SerializingExecutor.java:123)
	at java.util.concurrent.ThreadPoolExecutor.runWorker(ThreadPoolExecutor.java:1149)
	at java.util.concurrent.ThreadPoolExecutor$Worker.run(ThreadPoolExecutor.java:624)
	at java.lang.Thread.run(Thread.java:748)

Oct 08, 2019 4:07:38 AM org.apache.ratis.thirdparty.io.grpc.internal.SerializingExecutor run
SEVERE: Exception while executing runnable org.apache.ratis.thirdparty.io.grpc.internal.ServerImpl$JumpToApplicationThreadServerStreamListener$1Closed@7b0ffbdb
org.apache.ratis.thirdparty.io.grpc.StatusRuntimeException: CANCELLED: call already cancelled
	at org.apache.ratis.thirdparty.io.grpc.Status.asRuntimeException(Status.java:517)
	at org.apache.ratis.thirdparty.io.grpc.stub.ServerCalls$ServerCallStreamObserverImpl.onCompleted(ServerCalls.java:356)
	at org.apache.ratis.grpc.server.GrpcServerProtocolService$ServerRequestStreamObserver.onError(GrpcServerProtocolService.java:121)
	at org.apache.ratis.thirdparty.io.grpc.stub.ServerCalls$StreamingServerCallHandler$StreamingServerCallListener.onCancel(ServerCalls.java:269)
	at org.apache.ratis.thirdparty.io.grpc.internal.ServerCallImpl$ServerStreamListenerImpl.closed(ServerCallImpl.java:293)
	at org.apache.ratis.thirdparty.io.grpc.internal.ServerImpl$JumpToApplicationThreadServerStreamListener$1Closed.runInContext(ServerImpl.java:741)
	at org.apache.ratis.thirdparty.io.grpc.internal.ContextRunnable.run(ContextRunnable.java:37)
	at org.apache.ratis.thirdparty.io.grpc.internal.SerializingExecutor.run(SerializingExecutor.java:123)
	at java.util.concurrent.ThreadPoolExecutor.runWorker(ThreadPoolExecutor.java:1149)
	at java.util.concurrent.ThreadPoolExecutor$Worker.run(ThreadPoolExecutor.java:624)
	at java.lang.Thread.run(Thread.java:748)

]]></system-err>
  </testcase>
  <testcase name="testWatchForCommitForGroupMismatchException" classname="org.apache.hadoop.ozone.client.rpc.TestWatchForCommit" time="34.382"/>
  <testcase name="test2WayCommitForTimeoutException" classname="org.apache.hadoop.ozone.client.rpc.TestWatchForCommit" time="23.124">
    <error type="java.util.concurrent.TimeoutException">java.util.concurrent.TimeoutException
	at java.util.concurrent.CompletableFuture.timedGet(CompletableFuture.java:1771)
	at java.util.concurrent.CompletableFuture.get(CompletableFuture.java:1915)
	at org.apache.hadoop.hdds.scm.XceiverClientRatis.watchForCommit(XceiverClientRatis.java:275)
	at org.apache.hadoop.ozone.client.rpc.TestWatchForCommit.test2WayCommitForTimeoutException(TestWatchForCommit.java:391)
	at sun.reflect.NativeMethodAccessorImpl.invoke0(Native Method)
	at sun.reflect.NativeMethodAccessorImpl.invoke(NativeMethodAccessorImpl.java:62)
	at sun.reflect.DelegatingMethodAccessorImpl.invoke(DelegatingMethodAccessorImpl.java:43)
	at java.lang.reflect.Method.invoke(Method.java:498)
	at org.junit.runners.model.FrameworkMethod$1.runReflectiveCall(FrameworkMethod.java:47)
	at org.junit.internal.runners.model.ReflectiveCallable.run(ReflectiveCallable.java:12)
	at org.junit.runners.model.FrameworkMethod.invokeExplosively(FrameworkMethod.java:44)
	at org.junit.internal.runners.statements.InvokeMethod.evaluate(InvokeMethod.java:17)
	at org.junit.runners.ParentRunner.runLeaf(ParentRunner.java:271)
	at org.junit.runners.BlockJUnit4ClassRunner.runChild(BlockJUnit4ClassRunner.java:70)
	at org.junit.runners.BlockJUnit4ClassRunner.runChild(BlockJUnit4ClassRunner.java:50)
	at org.junit.runners.ParentRunner$3.run(ParentRunner.java:238)
	at org.junit.runners.ParentRunner$1.schedule(ParentRunner.java:63)
	at org.junit.runners.ParentRunner.runChildren(ParentRunner.java:236)
	at org.junit.runners.ParentRunner.access$000(ParentRunner.java:53)
	at org.junit.runners.ParentRunner$2.evaluate(ParentRunner.java:229)
	at org.junit.runners.ParentRunner.run(ParentRunner.java:309)
	at org.apache.maven.surefire.junit4.JUnit4Provider.execute(JUnit4Provider.java:365)
	at org.apache.maven.surefire.junit4.JUnit4Provider.executeWithRerun(JUnit4Provider.java:273)
	at org.apache.maven.surefire.junit4.JUnit4Provider.executeTestSet(JUnit4Provider.java:238)
	at org.apache.maven.surefire.junit4.JUnit4Provider.invoke(JUnit4Provider.java:159)
	at org.apache.maven.surefire.booter.ForkedBooter.invokeProviderInSameClassLoader(ForkedBooter.java:384)
	at org.apache.maven.surefire.booter.ForkedBooter.runSuitesInProcess(ForkedBooter.java:345)
	at org.apache.maven.surefire.booter.ForkedBooter.execute(ForkedBooter.java:126)
	at org.apache.maven.surefire.booter.ForkedBooter.main(ForkedBooter.java:418)
</error>
    <system-out><![CDATA[2019-10-08 04:08:53,407 [main] WARN  server.ServerUtils (ServerUtils.java:getScmDbDir(145)) - ozone.scm.db.dirs is not configured. We recommend adding this setting. Falling back to ozone.metadata.dirs instead.
2019-10-08 04:08:53,421 [main] WARN  server.ServerUtils (ServerUtils.java:getScmDbDir(145)) - ozone.scm.db.dirs is not configured. We recommend adding this setting. Falling back to ozone.metadata.dirs instead.
2019-10-08 04:08:53,422 [main] WARN  server.ServerUtils (ServerUtils.java:getScmDbDir(145)) - ozone.scm.db.dirs is not configured. We recommend adding this setting. Falling back to ozone.metadata.dirs instead.
2019-10-08 04:08:53,422 [main] INFO  db.DBStoreBuilder (DBStoreBuilder.java:addTable(117)) - using custom profile for table: deletedBlocks
2019-10-08 04:08:53,422 [main] INFO  db.DBStoreBuilder (DBStoreBuilder.java:processTables(168)) - Using default column profile:DBProfile.DISK for Table:deletedBlocks
2019-10-08 04:08:53,423 [main] INFO  db.DBStoreBuilder (DBStoreBuilder.java:addTable(117)) - using custom profile for table: validCerts
2019-10-08 04:08:53,423 [main] INFO  db.DBStoreBuilder (DBStoreBuilder.java:processTables(168)) - Using default column profile:DBProfile.DISK for Table:validCerts
2019-10-08 04:08:53,423 [main] INFO  db.DBStoreBuilder (DBStoreBuilder.java:addTable(117)) - using custom profile for table: revokedCerts
2019-10-08 04:08:53,423 [main] INFO  db.DBStoreBuilder (DBStoreBuilder.java:processTables(168)) - Using default column profile:DBProfile.DISK for Table:revokedCerts
2019-10-08 04:08:53,423 [main] INFO  db.DBStoreBuilder (DBStoreBuilder.java:addTable(117)) - using custom profile for table: default
2019-10-08 04:08:53,423 [main] INFO  db.DBStoreBuilder (DBStoreBuilder.java:processTables(174)) - Using default column profile:DBProfile.DISK for Table:default
2019-10-08 04:08:53,424 [main] INFO  db.DBStoreBuilder (DBStoreBuilder.java:getDbProfile(205)) - Using default options. DBProfile.DISK
2019-10-08 04:08:53,634 [main] INFO  net.NodeSchemaLoader (NodeSchemaLoader.java:loadSchemaFromFile(125)) - Loading file from sun.misc.CompoundEnumeration@273fa9e
2019-10-08 04:08:53,634 [main] INFO  net.NodeSchemaLoader (NodeSchemaLoader.java:loadSchema(171)) - Loading network topology layer schema file
2019-10-08 04:08:53,638 [main] WARN  server.ServerUtils (ServerUtils.java:sanitizeUserArgs(70)) - ozone.scm.stale.node.interval value = 300000 is larger than max = 100000 based on the key value of ozone.scm.heartbeat.thread.interval, reset to the max value 100000.
2019-10-08 04:08:53,639 [main] WARN  server.ServerUtils (ServerUtils.java:sanitizeUserArgs(70)) - ozone.scm.stale.node.interval value = 300000 is larger than max = 100000 based on the key value of ozone.scm.heartbeat.thread.interval, reset to the max value 100000.
2019-10-08 04:08:53,639 [main] INFO  node.SCMNodeManager (SCMNodeManager.java:<init>(116)) - Entering startup safe mode.
2019-10-08 04:08:53,639 [main] INFO  algorithms.ContainerPlacementPolicyFactory (ContainerPlacementPolicyFactory.java:getPolicy(57)) - Create container placement policy of type org.apache.hadoop.hdds.scm.container.placement.algorithms.SCMContainerPlacementRandom
2019-10-08 04:08:53,640 [main] WARN  server.ServerUtils (ServerUtils.java:getScmDbDir(145)) - ozone.scm.db.dirs is not configured. We recommend adding this setting. Falling back to ozone.metadata.dirs instead.
2019-10-08 04:08:53,673 [grpc-default-executor-4] WARN  server.GrpcLogAppender (LogUtils.java:warn(134)) - 9a86e02d-457a-4233-b456-1f823c7b9675@group-903E021DC2E5->8182f3c3-6485-4730-b171-cad52f435bf6-AppendLogResponseHandler: Failed appendEntries: org.apache.ratis.thirdparty.io.grpc.StatusRuntimeException: UNAVAILABLE: io exception
2019-10-08 04:08:53,673 [grpc-default-executor-6] WARN  server.GrpcLogAppender (LogUtils.java:warn(134)) - 9a86e02d-457a-4233-b456-1f823c7b9675@group-903E021DC2E5->53d4e2b8-d7c3-4e33-8543-84865c350f2c-AppendLogResponseHandler: Failed appendEntries: org.apache.ratis.thirdparty.io.grpc.StatusRuntimeException: UNAVAILABLE: io exception
2019-10-08 04:08:53,673 [grpc-default-executor-4] INFO  impl.FollowerInfo (FollowerInfo.java:lambda$new$0(51)) - 9a86e02d-457a-4233-b456-1f823c7b9675@group-903E021DC2E5->8182f3c3-6485-4730-b171-cad52f435bf6: nextIndex: updateUnconditionally 0 -> 0
2019-10-08 04:08:53,674 [grpc-default-executor-6] INFO  impl.FollowerInfo (FollowerInfo.java:lambda$new$0(51)) - 9a86e02d-457a-4233-b456-1f823c7b9675@group-903E021DC2E5->53d4e2b8-d7c3-4e33-8543-84865c350f2c: nextIndex: updateUnconditionally 0 -> 0
2019-10-08 04:08:53,702 [main] INFO  pipeline.SCMPipelineManager (SCMPipelineManager.java:initializePipelineState(132)) - No pipeline exists in current db
2019-10-08 04:08:53,702 [main] WARN  server.ServerUtils (ServerUtils.java:getScmDbDir(145)) - ozone.scm.db.dirs is not configured. We recommend adding this setting. Falling back to ozone.metadata.dirs instead.
2019-10-08 04:08:53,763 [main] WARN  events.EventQueue (EventQueue.java:fireEvent(183)) - No event handler registered for event TypedEvent{payloadType=SafeModeStatus, name='SafeModeStatus'}
2019-10-08 04:08:53,764 [main] INFO  ipc.CallQueueManager (CallQueueManager.java:<init>(84)) - Using callQueue: class java.util.concurrent.LinkedBlockingQueue, queueCapacity: 2000, scheduler: class org.apache.hadoop.ipc.DefaultRpcScheduler, ipcBackoff: false.
2019-10-08 04:08:53,765 [Socket Reader #1 for port 43105] INFO  ipc.Server (Server.java:run(1074)) - Starting Socket Reader #1 for port 43105
2019-10-08 04:08:53,770 [main] INFO  ipc.CallQueueManager (CallQueueManager.java:<init>(84)) - Using callQueue: class java.util.concurrent.LinkedBlockingQueue, queueCapacity: 2000, scheduler: class org.apache.hadoop.ipc.DefaultRpcScheduler, ipcBackoff: false.
2019-10-08 04:08:53,771 [Socket Reader #1 for port 41538] INFO  ipc.Server (Server.java:run(1074)) - Starting Socket Reader #1 for port 41538
2019-10-08 04:08:53,774 [main] INFO  ipc.CallQueueManager (CallQueueManager.java:<init>(84)) - Using callQueue: class java.util.concurrent.LinkedBlockingQueue, queueCapacity: 2000, scheduler: class org.apache.hadoop.ipc.DefaultRpcScheduler, ipcBackoff: false.
2019-10-08 04:08:53,775 [Socket Reader #1 for port 41843] INFO  ipc.Server (Server.java:run(1074)) - Starting Socket Reader #1 for port 41843
2019-10-08 04:08:53,781 [main] INFO  hdfs.DFSUtil (DFSUtil.java:httpServerTemplateForNNAndJN(1641)) - Starting Web-server for scm at: http://0.0.0.0:0
2019-10-08 04:08:53,783 [main] INFO  server.AuthenticationFilter (AuthenticationFilter.java:constructSecretProvider(240)) - Unable to initialize FileSignerSecretProvider, falling back to use random secrets.
2019-10-08 04:08:53,784 [main] WARN  http.HttpRequestLog (HttpRequestLog.java:getRequestLog(97)) - Jetty request log can only be enabled using Log4j
2019-10-08 04:08:53,787 [main] INFO  http.HttpServer2 (HttpServer2.java:addGlobalFilter(975)) - Added global filter 'safety' (class=org.apache.hadoop.http.HttpServer2$QuotingInputFilter)
2019-10-08 04:08:53,788 [main] INFO  http.HttpServer2 (HttpServer2.java:addFilter(948)) - Added filter static_user_filter (class=org.apache.hadoop.http.lib.StaticUserWebFilter$StaticUserFilter) to context scm
2019-10-08 04:08:53,788 [main] INFO  http.HttpServer2 (HttpServer2.java:addFilter(958)) - Added filter static_user_filter (class=org.apache.hadoop.http.lib.StaticUserWebFilter$StaticUserFilter) to context static
2019-10-08 04:08:53,788 [main] INFO  http.HttpServer2 (HttpServer2.java:addFilter(958)) - Added filter static_user_filter (class=org.apache.hadoop.http.lib.StaticUserWebFilter$StaticUserFilter) to context logs
2019-10-08 04:08:53,791 [main] INFO  server.StorageContainerManager (StorageContainerManager.java:start(770)) - StorageContainerLocationProtocol RPC server is listening at /0.0.0.0:41843
2019-10-08 04:08:53,795 [main] WARN  impl.MetricsConfig (MetricsConfig.java:loadFirst(134)) - Cannot locate configuration: tried hadoop-metrics2-storagecontainermanager.properties,hadoop-metrics2.properties
2019-10-08 04:08:53,797 [main] INFO  impl.MetricsSystemImpl (MetricsSystemImpl.java:startTimer(374)) - Scheduled Metric snapshot period at 10 second(s).
2019-10-08 04:08:53,797 [main] INFO  impl.MetricsSystemImpl (MetricsSystemImpl.java:start(191)) - StorageContainerManager metrics system started
2019-10-08 04:08:54,131 [main] WARN  impl.MetricsSystemImpl (MetricsSystemImpl.java:register(276)) - Sink prometheus already exists!
2019-10-08 04:08:54,440 [main] INFO  server.SCMClientProtocolServer (SCMClientProtocolServer.java:start(159)) - RPC server for Client  is listening at /0.0.0.0:41843
2019-10-08 04:08:54,440 [IPC Server Responder] INFO  ipc.Server (Server.java:run(1314)) - IPC Server Responder: starting
2019-10-08 04:08:54,440 [IPC Server listener on 41843] INFO  ipc.Server (Server.java:run(1153)) - IPC Server listener on 41843: starting
2019-10-08 04:08:54,451 [main] INFO  server.StorageContainerManager (StorageContainerManager.java:start(780)) - ScmBlockLocationProtocol RPC server is listening at /0.0.0.0:41538
2019-10-08 04:08:54,451 [main] INFO  server.SCMBlockProtocolServer (SCMBlockProtocolServer.java:start(146)) - RPC server for Block Protocol is listening at /0.0.0.0:41538
2019-10-08 04:08:54,452 [IPC Server Responder] INFO  ipc.Server (Server.java:run(1314)) - IPC Server Responder: starting
2019-10-08 04:08:54,452 [IPC Server listener on 41538] INFO  ipc.Server (Server.java:run(1153)) - IPC Server listener on 41538: starting
2019-10-08 04:08:54,468 [main] INFO  server.StorageContainerManager (StorageContainerManager.java:start(784)) - ScmDatanodeProtocl RPC server is listening at /0.0.0.0:43105
2019-10-08 04:08:54,468 [main] INFO  server.SCMDatanodeProtocolServer (SCMDatanodeProtocolServer.java:start(169)) - RPC server for DataNodes is listening at /0.0.0.0:43105
2019-10-08 04:08:54,468 [IPC Server Responder] INFO  ipc.Server (Server.java:run(1314)) - IPC Server Responder: starting
2019-10-08 04:08:54,468 [IPC Server listener on 43105] INFO  ipc.Server (Server.java:run(1153)) - IPC Server listener on 43105: starting
2019-10-08 04:08:54,475 [main] INFO  http.HttpServer2 (HttpServer2.java:bindListener(1191)) - Jetty bound to port 42546
2019-10-08 04:08:54,476 [main] INFO  server.Server (Server.java:doStart(351)) - jetty-9.3.25.v20180904, build timestamp: 2018-09-04T21:11:46Z, git hash: 3ce520221d0240229c862b122d2b06c12a625732
2019-10-08 04:08:54,478 [main] INFO  handler.ContextHandler (ContextHandler.java:doStart(781)) - Started o.e.j.s.ServletContextHandler@6b162ecc{/logs,file:///workdir/hadoop-ozone/integration-test/target/log,AVAILABLE}
2019-10-08 04:08:54,478 [main] INFO  handler.ContextHandler (ContextHandler.java:doStart(781)) - Started o.e.j.s.ServletContextHandler@58aa1d72{/static,file:///workdir/hadoop-ozone/integration-test/target/test-classes/webapps/static,AVAILABLE}
2019-10-08 04:08:54,482 [main] INFO  handler.ContextHandler (ContextHandler.java:doStart(781)) - Started o.e.j.w.WebAppContext@b5aa65b{/,file:///workdir/hadoop-ozone/integration-test/target/test-classes/webapps/scm/,AVAILABLE}{/scm}
2019-10-08 04:08:54,482 [main] INFO  server.AbstractConnector (AbstractConnector.java:doStart(278)) - Started ServerConnector@76cdafa3{HTTP/1.1,[http/1.1]}{0.0.0.0:42546}
2019-10-08 04:08:54,485 [main] INFO  server.Server (Server.java:doStart(419)) - Started @207880ms
2019-10-08 04:08:54,485 [main] WARN  impl.MetricsSystemImpl (MetricsSystemImpl.java:register(276)) - Sink prometheus already exists!
2019-10-08 04:08:54,486 [main] INFO  server.BaseHttpServer (BaseHttpServer.java:updateConnectorAddress(215)) - HTTP server of SCM is listening at http://0.0.0.0:42546
2019-10-08 04:08:54,487 [main] WARN  server.ServerUtils (ServerUtils.java:getDBPath(222)) - ozone.om.db.dirs is not configured. We recommend adding this setting. Falling back to ozone.metadata.dirs instead.
2019-10-08 04:08:54,487 [org.apache.hadoop.util.JvmPauseMonitor$Monitor@4fb64e14] INFO  util.JvmPauseMonitor (JvmPauseMonitor.java:run(188)) - Starting JVM pause monitor
2019-10-08 04:08:54,503 [main] INFO  ha.OMHANodeDetails (OMHANodeDetails.java:loadOMHAConfig(190)) - Configuration either no ozone.om.address set. Falling back to the default OM address /127.0.0.1:0
2019-10-08 04:08:54,503 [main] INFO  ha.OMHANodeDetails (OMHANodeDetails.java:getOMNodeDetails(220)) - OM Service ID is not set. Setting it to the default ID: omServiceIdDefault
2019-10-08 04:08:54,504 [main] WARN  server.ServerUtils (ServerUtils.java:getDBPath(222)) - ozone.om.db.dirs is not configured. We recommend adding this setting. Falling back to ozone.metadata.dirs instead.
2019-10-08 04:08:54,504 [main] WARN  server.ServerUtils (ServerUtils.java:getDBPath(222)) - ozone.om.db.dirs is not configured. We recommend adding this setting. Falling back to ozone.metadata.dirs instead.
2019-10-08 04:08:54,515 [main] WARN  server.ServerUtils (ServerUtils.java:getDBPath(222)) - ozone.om.db.dirs is not configured. We recommend adding this setting. Falling back to ozone.metadata.dirs instead.
2019-10-08 04:08:54,515 [main] INFO  db.DBStoreBuilder (DBStoreBuilder.java:addTable(117)) - using custom profile for table: userTable
2019-10-08 04:08:54,515 [main] INFO  db.DBStoreBuilder (DBStoreBuilder.java:processTables(168)) - Using default column profile:DBProfile.DISK for Table:userTable
2019-10-08 04:08:54,516 [main] INFO  db.DBStoreBuilder (DBStoreBuilder.java:addTable(117)) - using custom profile for table: volumeTable
2019-10-08 04:08:54,516 [main] INFO  db.DBStoreBuilder (DBStoreBuilder.java:processTables(168)) - Using default column profile:DBProfile.DISK for Table:volumeTable
2019-10-08 04:08:54,516 [main] INFO  db.DBStoreBuilder (DBStoreBuilder.java:addTable(117)) - using custom profile for table: bucketTable
2019-10-08 04:08:54,516 [main] INFO  db.DBStoreBuilder (DBStoreBuilder.java:processTables(168)) - Using default column profile:DBProfile.DISK for Table:bucketTable
2019-10-08 04:08:54,516 [main] INFO  db.DBStoreBuilder (DBStoreBuilder.java:addTable(117)) - using custom profile for table: keyTable
2019-10-08 04:08:54,516 [main] INFO  db.DBStoreBuilder (DBStoreBuilder.java:processTables(168)) - Using default column profile:DBProfile.DISK for Table:keyTable
2019-10-08 04:08:54,517 [main] INFO  db.DBStoreBuilder (DBStoreBuilder.java:addTable(117)) - using custom profile for table: deletedTable
2019-10-08 04:08:54,517 [main] INFO  db.DBStoreBuilder (DBStoreBuilder.java:processTables(168)) - Using default column profile:DBProfile.DISK for Table:deletedTable
2019-10-08 04:08:54,517 [main] INFO  db.DBStoreBuilder (DBStoreBuilder.java:addTable(117)) - using custom profile for table: openKeyTable
2019-10-08 04:08:54,517 [main] INFO  db.DBStoreBuilder (DBStoreBuilder.java:processTables(168)) - Using default column profile:DBProfile.DISK for Table:openKeyTable
2019-10-08 04:08:54,517 [main] INFO  db.DBStoreBuilder (DBStoreBuilder.java:addTable(117)) - using custom profile for table: s3Table
2019-10-08 04:08:54,517 [main] INFO  db.DBStoreBuilder (DBStoreBuilder.java:processTables(168)) - Using default column profile:DBProfile.DISK for Table:s3Table
2019-10-08 04:08:54,518 [main] INFO  db.DBStoreBuilder (DBStoreBuilder.java:addTable(117)) - using custom profile for table: multipartInfoTable
2019-10-08 04:08:54,518 [main] INFO  db.DBStoreBuilder (DBStoreBuilder.java:processTables(168)) - Using default column profile:DBProfile.DISK for Table:multipartInfoTable
2019-10-08 04:08:54,518 [main] INFO  db.DBStoreBuilder (DBStoreBuilder.java:addTable(117)) - using custom profile for table: dTokenTable
2019-10-08 04:08:54,518 [main] INFO  db.DBStoreBuilder (DBStoreBuilder.java:processTables(168)) - Using default column profile:DBProfile.DISK for Table:dTokenTable
2019-10-08 04:08:54,518 [main] INFO  db.DBStoreBuilder (DBStoreBuilder.java:addTable(117)) - using custom profile for table: s3SecretTable
2019-10-08 04:08:54,519 [main] INFO  db.DBStoreBuilder (DBStoreBuilder.java:processTables(168)) - Using default column profile:DBProfile.DISK for Table:s3SecretTable
2019-10-08 04:08:54,519 [main] INFO  db.DBStoreBuilder (DBStoreBuilder.java:addTable(117)) - using custom profile for table: prefixTable
2019-10-08 04:08:54,519 [main] INFO  db.DBStoreBuilder (DBStoreBuilder.java:processTables(168)) - Using default column profile:DBProfile.DISK for Table:prefixTable
2019-10-08 04:08:54,519 [main] INFO  db.DBStoreBuilder (DBStoreBuilder.java:addTable(117)) - using custom profile for table: default
2019-10-08 04:08:54,519 [main] INFO  db.DBStoreBuilder (DBStoreBuilder.java:processTables(174)) - Using default column profile:DBProfile.DISK for Table:default
2019-10-08 04:08:54,519 [main] INFO  db.DBStoreBuilder (DBStoreBuilder.java:getDbProfile(205)) - Using default options. DBProfile.DISK
2019-10-08 04:08:55,093 [main] INFO  ipc.CallQueueManager (CallQueueManager.java:<init>(84)) - Using callQueue: class java.util.concurrent.LinkedBlockingQueue, queueCapacity: 2000, scheduler: class org.apache.hadoop.ipc.DefaultRpcScheduler, ipcBackoff: false.
2019-10-08 04:08:55,094 [Socket Reader #1 for port 38013] INFO  ipc.Server (Server.java:run(1074)) - Starting Socket Reader #1 for port 38013
2019-10-08 04:08:55,110 [main] INFO  om.OzoneManager (OzoneManager.java:start(1069)) - OzoneManager RPC server is listening at localhost/127.0.0.1:38013
2019-10-08 04:08:55,110 [main] INFO  impl.MetricsSystemImpl (MetricsSystemImpl.java:init(158)) - OzoneManager metrics system started (again)
2019-10-08 04:08:55,111 [IPC Server Responder] INFO  ipc.Server (Server.java:run(1314)) - IPC Server Responder: starting
2019-10-08 04:08:55,112 [IPC Server listener on 38013] INFO  ipc.Server (Server.java:run(1153)) - IPC Server listener on 38013: starting
2019-10-08 04:08:55,123 [main] INFO  hdfs.DFSUtil (DFSUtil.java:httpServerTemplateForNNAndJN(1641)) - Starting Web-server for ozoneManager at: http://0.0.0.0:0
2019-10-08 04:08:55,125 [main] INFO  server.AuthenticationFilter (AuthenticationFilter.java:constructSecretProvider(240)) - Unable to initialize FileSignerSecretProvider, falling back to use random secrets.
2019-10-08 04:08:55,126 [main] WARN  http.HttpRequestLog (HttpRequestLog.java:getRequestLog(97)) - Jetty request log can only be enabled using Log4j
2019-10-08 04:08:55,129 [main] INFO  http.HttpServer2 (HttpServer2.java:addGlobalFilter(975)) - Added global filter 'safety' (class=org.apache.hadoop.http.HttpServer2$QuotingInputFilter)
2019-10-08 04:08:55,130 [main] INFO  http.HttpServer2 (HttpServer2.java:addFilter(948)) - Added filter static_user_filter (class=org.apache.hadoop.http.lib.StaticUserWebFilter$StaticUserFilter) to context ozoneManager
2019-10-08 04:08:55,130 [main] INFO  http.HttpServer2 (HttpServer2.java:addFilter(958)) - Added filter static_user_filter (class=org.apache.hadoop.http.lib.StaticUserWebFilter$StaticUserFilter) to context static
2019-10-08 04:08:55,130 [main] INFO  http.HttpServer2 (HttpServer2.java:addFilter(958)) - Added filter static_user_filter (class=org.apache.hadoop.http.lib.StaticUserWebFilter$StaticUserFilter) to context logs
2019-10-08 04:08:55,131 [main] INFO  http.HttpServer2 (HttpServer2.java:bindListener(1191)) - Jetty bound to port 44257
2019-10-08 04:08:55,132 [main] INFO  server.Server (Server.java:doStart(351)) - jetty-9.3.25.v20180904, build timestamp: 2018-09-04T21:11:46Z, git hash: 3ce520221d0240229c862b122d2b06c12a625732
2019-10-08 04:08:55,134 [main] INFO  handler.ContextHandler (ContextHandler.java:doStart(781)) - Started o.e.j.s.ServletContextHandler@1511d157{/logs,file:///workdir/hadoop-ozone/integration-test/target/log,AVAILABLE}
2019-10-08 04:08:55,135 [main] INFO  handler.ContextHandler (ContextHandler.java:doStart(781)) - Started o.e.j.s.ServletContextHandler@3d3c886f{/static,file:///workdir/hadoop-ozone/integration-test/target/test-classes/webapps/static,AVAILABLE}
2019-10-08 04:08:55,140 [main] INFO  handler.ContextHandler (ContextHandler.java:doStart(781)) - Started o.e.j.w.WebAppContext@72465eb2{/,file:///workdir/hadoop-ozone/integration-test/target/test-classes/webapps/ozoneManager/,AVAILABLE}{/ozoneManager}
2019-10-08 04:08:55,141 [main] INFO  server.AbstractConnector (AbstractConnector.java:doStart(278)) - Started ServerConnector@478fb7dc{HTTP/1.1,[http/1.1]}{0.0.0.0:44257}
2019-10-08 04:08:55,143 [main] INFO  server.Server (Server.java:doStart(419)) - Started @208539ms
2019-10-08 04:08:55,144 [main] WARN  impl.MetricsSystemImpl (MetricsSystemImpl.java:register(276)) - Sink prometheus already exists!
2019-10-08 04:08:55,145 [main] INFO  server.BaseHttpServer (BaseHttpServer.java:updateConnectorAddress(215)) - HTTP server of OZONEMANAGER is listening at http://0.0.0.0:44257
2019-10-08 04:08:55,164 [main] INFO  impl.MetricsSystemImpl (MetricsSystemImpl.java:init(158)) - HddsDatanode metrics system started (again)
2019-10-08 04:08:55,187 [main] INFO  ozone.HddsDatanodeService (HddsDatanodeService.java:start(184)) - HddsDatanodeService host:pr-hdds-2217-jqnfv-3133698562 ip:192.168.151.83
2019-10-08 04:08:55,198 [main] INFO  volume.HddsVolume (HddsVolume.java:<init>(176)) - Creating Volume: /workdir/hadoop-ozone/integration-test/target/test-dir/MiniOzoneClusterImpl-bb1bef09-a2ee-4d3f-9bf8-7f738e16213c/datanode-0/data/containers/hdds of  storage type : DISK and capacity : 1482555576320
2019-10-08 04:08:55,198 [main] INFO  volume.VolumeSet (VolumeSet.java:initializeVolumeSet(170)) - Added Volume : /workdir/hadoop-ozone/integration-test/target/test-dir/MiniOzoneClusterImpl-bb1bef09-a2ee-4d3f-9bf8-7f738e16213c/datanode-0/data/containers/hdds to VolumeSet
2019-10-08 04:08:55,198 [main] INFO  volume.ThrottledAsyncChecker (ThrottledAsyncChecker.java:schedule(139)) - Scheduling a check for org.apache.hadoop.ozone.container.common.volume.HddsVolume@75882261
2019-10-08 04:08:55,202 [main] INFO  volume.HddsVolumeChecker (HddsVolumeChecker.java:checkAllVolumes(202)) - Scheduled health check for volume org.apache.hadoop.ozone.container.common.volume.HddsVolume@75882261
2019-10-08 04:08:55,217 [main] INFO  impl.RaftServerProxy (ConfUtils.java:logGet(43)) - raft.rpc.type = GRPC (default)
2019-10-08 04:08:55,217 [main] INFO  grpc.GrpcFactory (GrpcFactory.java:checkPooledByteBufAllocatorUseCacheForAllThreads(45)) - PERFORMANCE WARNING: useCacheForAllThreads is true that may cause Netty to create a lot garbage objects and, as a result, trigger GC.
	It is recommended to disable useCacheForAllThreads by setting -Dorg.apache.ratis.thirdparty.io.netty.allocator.useCacheForAllThreads=false in command line.
2019-10-08 04:08:55,218 [main] INFO  grpc.GrpcConfigKeys$Server (ConfUtils.java:logGet(43)) - raft.grpc.server.port = 0 (default)
2019-10-08 04:08:55,218 [main] INFO  server.GrpcService (ConfUtils.java:logGet(43)) - raft.grpc.message.size.max = 33570816 (custom)
2019-10-08 04:08:55,218 [main] INFO  server.RaftServerConfigKeys (ConfUtils.java:logGet(43)) - raft.server.log.appender.buffer.byte-limit = 33554432 (custom)
2019-10-08 04:08:55,218 [main] INFO  server.GrpcService (ConfUtils.java:logGet(43)) - raft.grpc.flow.control.window = 1MB (=1048576) (default)
2019-10-08 04:08:55,218 [main] INFO  server.RaftServerConfigKeys (ConfUtils.java:logGet(43)) - raft.server.rpc.request.timeout = 3000ms (default)
2019-10-08 04:08:55,219 [main] INFO  server.RaftServerConfigKeys (ConfUtils.java:logGet(43)) - raft.server.storage.dir = [/workdir/hadoop-ozone/integration-test/target/test-dir/MiniOzoneClusterImpl-bb1bef09-a2ee-4d3f-9bf8-7f738e16213c/datanode-0/data/ratis] (custom)
2019-10-08 04:08:55,221 [main] INFO  hdfs.DFSUtil (DFSUtil.java:httpServerTemplateForNNAndJN(1641)) - Starting Web-server for hddsDatanode at: http://0.0.0.0:0
2019-10-08 04:08:55,222 [main] INFO  server.AuthenticationFilter (AuthenticationFilter.java:constructSecretProvider(240)) - Unable to initialize FileSignerSecretProvider, falling back to use random secrets.
2019-10-08 04:08:55,222 [main] WARN  http.HttpRequestLog (HttpRequestLog.java:getRequestLog(97)) - Jetty request log can only be enabled using Log4j
2019-10-08 04:08:55,223 [main] INFO  http.HttpServer2 (HttpServer2.java:addGlobalFilter(975)) - Added global filter 'safety' (class=org.apache.hadoop.http.HttpServer2$QuotingInputFilter)
2019-10-08 04:08:55,224 [main] INFO  http.HttpServer2 (HttpServer2.java:addFilter(948)) - Added filter static_user_filter (class=org.apache.hadoop.http.lib.StaticUserWebFilter$StaticUserFilter) to context hddsDatanode
2019-10-08 04:08:55,224 [main] INFO  http.HttpServer2 (HttpServer2.java:addFilter(958)) - Added filter static_user_filter (class=org.apache.hadoop.http.lib.StaticUserWebFilter$StaticUserFilter) to context static
2019-10-08 04:08:55,224 [main] INFO  http.HttpServer2 (HttpServer2.java:addFilter(958)) - Added filter static_user_filter (class=org.apache.hadoop.http.lib.StaticUserWebFilter$StaticUserFilter) to context logs
2019-10-08 04:08:55,225 [main] INFO  http.HttpServer2 (HttpServer2.java:bindListener(1191)) - Jetty bound to port 39994
2019-10-08 04:08:55,225 [main] INFO  server.Server (Server.java:doStart(351)) - jetty-9.3.25.v20180904, build timestamp: 2018-09-04T21:11:46Z, git hash: 3ce520221d0240229c862b122d2b06c12a625732
2019-10-08 04:08:55,227 [main] INFO  handler.ContextHandler (ContextHandler.java:doStart(781)) - Started o.e.j.s.ServletContextHandler@526f6427{/logs,file:///workdir/hadoop-ozone/integration-test/target/log,AVAILABLE}
2019-10-08 04:08:55,227 [main] INFO  handler.ContextHandler (ContextHandler.java:doStart(781)) - Started o.e.j.s.ServletContextHandler@492521c4{/static,jar:file:/home/user/.m2/repository/org/apache/hadoop/hadoop-hdds-container-service/0.5.0-SNAPSHOT/hadoop-hdds-container-service-0.5.0-SNAPSHOT.jar!/webapps/static,AVAILABLE}
2019-10-08 04:08:55,255 [main] INFO  handler.ContextHandler (ContextHandler.java:doStart(781)) - Started o.e.j.w.WebAppContext@119290b9{/,file:///tmp/jetty-0.0.0.0-39994-hddsDatanode-_-any-8692273139351698171.dir/webapp/,AVAILABLE}{/hddsDatanode}
2019-10-08 04:08:55,255 [main] INFO  server.AbstractConnector (AbstractConnector.java:doStart(278)) - Started ServerConnector@640d604{HTTP/1.1,[http/1.1]}{0.0.0.0:39994}
2019-10-08 04:08:55,259 [main] INFO  server.Server (Server.java:doStart(419)) - Started @208654ms
2019-10-08 04:08:55,259 [main] WARN  impl.MetricsSystemImpl (MetricsSystemImpl.java:register(276)) - Sink prometheus already exists!
2019-10-08 04:08:55,260 [main] INFO  server.BaseHttpServer (BaseHttpServer.java:updateConnectorAddress(215)) - HTTP server of HDDSDATANODE is listening at http://0.0.0.0:39994
2019-10-08 04:08:55,261 [main] INFO  impl.MetricsSystemImpl (MetricsSystemImpl.java:init(158)) - HddsDatanode metrics system started (again)
2019-10-08 04:08:55,279 [org.apache.hadoop.util.JvmPauseMonitor$Monitor@26be8e77] INFO  util.JvmPauseMonitor (JvmPauseMonitor.java:run(188)) - Starting JVM pause monitor
2019-10-08 04:08:55,281 [main] INFO  ozone.HddsDatanodeService (HddsDatanodeService.java:start(184)) - HddsDatanodeService host:pr-hdds-2217-jqnfv-3133698562 ip:192.168.151.83
2019-10-08 04:08:55,283 [Datanode State Machine Thread - 0] INFO  datanode.InitDatanodeState (InitDatanodeState.java:persistContainerDatanodeDetails(140)) - DatanodeDetails is persisted to /workdir/hadoop-ozone/integration-test/target/test-dir/MiniOzoneClusterImpl-bb1bef09-a2ee-4d3f-9bf8-7f738e16213c/datanode-0/meta/datanode.id
2019-10-08 04:08:55,292 [main] INFO  volume.HddsVolume (HddsVolume.java:<init>(176)) - Creating Volume: /workdir/hadoop-ozone/integration-test/target/test-dir/MiniOzoneClusterImpl-bb1bef09-a2ee-4d3f-9bf8-7f738e16213c/datanode-1/data/containers/hdds of  storage type : DISK and capacity : 1482555576320
2019-10-08 04:08:55,292 [main] INFO  volume.VolumeSet (VolumeSet.java:initializeVolumeSet(170)) - Added Volume : /workdir/hadoop-ozone/integration-test/target/test-dir/MiniOzoneClusterImpl-bb1bef09-a2ee-4d3f-9bf8-7f738e16213c/datanode-1/data/containers/hdds to VolumeSet
2019-10-08 04:08:55,292 [main] INFO  volume.ThrottledAsyncChecker (ThrottledAsyncChecker.java:schedule(139)) - Scheduling a check for org.apache.hadoop.ozone.container.common.volume.HddsVolume@7d30007d
2019-10-08 04:08:55,293 [main] INFO  volume.HddsVolumeChecker (HddsVolumeChecker.java:checkAllVolumes(202)) - Scheduled health check for volume org.apache.hadoop.ozone.container.common.volume.HddsVolume@7d30007d
2019-10-08 04:08:55,310 [main] INFO  impl.RaftServerProxy (ConfUtils.java:logGet(43)) - raft.rpc.type = GRPC (default)
2019-10-08 04:08:55,310 [main] INFO  grpc.GrpcFactory (GrpcFactory.java:checkPooledByteBufAllocatorUseCacheForAllThreads(45)) - PERFORMANCE WARNING: useCacheForAllThreads is true that may cause Netty to create a lot garbage objects and, as a result, trigger GC.
	It is recommended to disable useCacheForAllThreads by setting -Dorg.apache.ratis.thirdparty.io.netty.allocator.useCacheForAllThreads=false in command line.
2019-10-08 04:08:55,311 [main] INFO  grpc.GrpcConfigKeys$Server (ConfUtils.java:logGet(43)) - raft.grpc.server.port = 0 (default)
2019-10-08 04:08:55,311 [main] INFO  server.GrpcService (ConfUtils.java:logGet(43)) - raft.grpc.message.size.max = 33570816 (custom)
2019-10-08 04:08:55,311 [main] INFO  server.RaftServerConfigKeys (ConfUtils.java:logGet(43)) - raft.server.log.appender.buffer.byte-limit = 33554432 (custom)
2019-10-08 04:08:55,311 [main] INFO  server.GrpcService (ConfUtils.java:logGet(43)) - raft.grpc.flow.control.window = 1MB (=1048576) (default)
2019-10-08 04:08:55,311 [main] INFO  server.RaftServerConfigKeys (ConfUtils.java:logGet(43)) - raft.server.rpc.request.timeout = 3000ms (default)
2019-10-08 04:08:55,312 [main] INFO  server.RaftServerConfigKeys (ConfUtils.java:logGet(43)) - raft.server.storage.dir = [/workdir/hadoop-ozone/integration-test/target/test-dir/MiniOzoneClusterImpl-bb1bef09-a2ee-4d3f-9bf8-7f738e16213c/datanode-1/data/ratis] (custom)
2019-10-08 04:08:55,313 [main] INFO  hdfs.DFSUtil (DFSUtil.java:httpServerTemplateForNNAndJN(1641)) - Starting Web-server for hddsDatanode at: http://0.0.0.0:0
2019-10-08 04:08:55,314 [main] INFO  server.AuthenticationFilter (AuthenticationFilter.java:constructSecretProvider(240)) - Unable to initialize FileSignerSecretProvider, falling back to use random secrets.
2019-10-08 04:08:55,315 [main] WARN  http.HttpRequestLog (HttpRequestLog.java:getRequestLog(97)) - Jetty request log can only be enabled using Log4j
2019-10-08 04:08:55,316 [main] INFO  http.HttpServer2 (HttpServer2.java:addGlobalFilter(975)) - Added global filter 'safety' (class=org.apache.hadoop.http.HttpServer2$QuotingInputFilter)
2019-10-08 04:08:55,317 [main] INFO  http.HttpServer2 (HttpServer2.java:addFilter(948)) - Added filter static_user_filter (class=org.apache.hadoop.http.lib.StaticUserWebFilter$StaticUserFilter) to context hddsDatanode
2019-10-08 04:08:55,317 [main] INFO  http.HttpServer2 (HttpServer2.java:addFilter(958)) - Added filter static_user_filter (class=org.apache.hadoop.http.lib.StaticUserWebFilter$StaticUserFilter) to context logs
2019-10-08 04:08:55,317 [main] INFO  http.HttpServer2 (HttpServer2.java:addFilter(958)) - Added filter static_user_filter (class=org.apache.hadoop.http.lib.StaticUserWebFilter$StaticUserFilter) to context static
2019-10-08 04:08:55,318 [main] INFO  http.HttpServer2 (HttpServer2.java:bindListener(1191)) - Jetty bound to port 35291
2019-10-08 04:08:55,318 [main] INFO  server.Server (Server.java:doStart(351)) - jetty-9.3.25.v20180904, build timestamp: 2018-09-04T21:11:46Z, git hash: 3ce520221d0240229c862b122d2b06c12a625732
2019-10-08 04:08:55,319 [main] INFO  handler.ContextHandler (ContextHandler.java:doStart(781)) - Started o.e.j.s.ServletContextHandler@6a567f7b{/logs,file:///workdir/hadoop-ozone/integration-test/target/log,AVAILABLE}
2019-10-08 04:08:55,320 [main] INFO  handler.ContextHandler (ContextHandler.java:doStart(781)) - Started o.e.j.s.ServletContextHandler@26f0141{/static,jar:file:/home/user/.m2/repository/org/apache/hadoop/hadoop-hdds-container-service/0.5.0-SNAPSHOT/hadoop-hdds-container-service-0.5.0-SNAPSHOT.jar!/webapps/static,AVAILABLE}
2019-10-08 04:08:55,349 [main] INFO  handler.ContextHandler (ContextHandler.java:doStart(781)) - Started o.e.j.w.WebAppContext@2f2e4bde{/,file:///tmp/jetty-0.0.0.0-35291-hddsDatanode-_-any-4848446842869052079.dir/webapp/,AVAILABLE}{/hddsDatanode}
2019-10-08 04:08:55,349 [main] INFO  server.AbstractConnector (AbstractConnector.java:doStart(278)) - Started ServerConnector@6222391a{HTTP/1.1,[http/1.1]}{0.0.0.0:35291}
2019-10-08 04:08:55,353 [main] INFO  server.Server (Server.java:doStart(419)) - Started @208748ms
2019-10-08 04:08:55,353 [main] WARN  impl.MetricsSystemImpl (MetricsSystemImpl.java:register(276)) - Sink prometheus already exists!
2019-10-08 04:08:55,353 [main] INFO  server.BaseHttpServer (BaseHttpServer.java:updateConnectorAddress(215)) - HTTP server of HDDSDATANODE is listening at http://0.0.0.0:35291
2019-10-08 04:08:55,354 [main] INFO  impl.MetricsSystemImpl (MetricsSystemImpl.java:init(158)) - HddsDatanode metrics system started (again)
2019-10-08 04:08:55,372 [org.apache.hadoop.util.JvmPauseMonitor$Monitor@1ac92740] INFO  util.JvmPauseMonitor (JvmPauseMonitor.java:run(188)) - Starting JVM pause monitor
2019-10-08 04:08:55,374 [Datanode State Machine Thread - 0] INFO  datanode.InitDatanodeState (InitDatanodeState.java:persistContainerDatanodeDetails(140)) - DatanodeDetails is persisted to /workdir/hadoop-ozone/integration-test/target/test-dir/MiniOzoneClusterImpl-bb1bef09-a2ee-4d3f-9bf8-7f738e16213c/datanode-1/meta/datanode.id
2019-10-08 04:08:55,374 [main] INFO  ozone.HddsDatanodeService (HddsDatanodeService.java:start(184)) - HddsDatanodeService host:pr-hdds-2217-jqnfv-3133698562 ip:192.168.151.83
2019-10-08 04:08:55,385 [main] INFO  volume.HddsVolume (HddsVolume.java:<init>(176)) - Creating Volume: /workdir/hadoop-ozone/integration-test/target/test-dir/MiniOzoneClusterImpl-bb1bef09-a2ee-4d3f-9bf8-7f738e16213c/datanode-2/data/containers/hdds of  storage type : DISK and capacity : 1482555576320
2019-10-08 04:08:55,385 [main] INFO  volume.VolumeSet (VolumeSet.java:initializeVolumeSet(170)) - Added Volume : /workdir/hadoop-ozone/integration-test/target/test-dir/MiniOzoneClusterImpl-bb1bef09-a2ee-4d3f-9bf8-7f738e16213c/datanode-2/data/containers/hdds to VolumeSet
2019-10-08 04:08:55,385 [main] INFO  volume.ThrottledAsyncChecker (ThrottledAsyncChecker.java:schedule(139)) - Scheduling a check for org.apache.hadoop.ozone.container.common.volume.HddsVolume@51e7589f
2019-10-08 04:08:55,386 [main] INFO  volume.HddsVolumeChecker (HddsVolumeChecker.java:checkAllVolumes(202)) - Scheduled health check for volume org.apache.hadoop.ozone.container.common.volume.HddsVolume@51e7589f
2019-10-08 04:08:55,401 [main] INFO  impl.RaftServerProxy (ConfUtils.java:logGet(43)) - raft.rpc.type = GRPC (default)
2019-10-08 04:08:55,401 [main] INFO  grpc.GrpcFactory (GrpcFactory.java:checkPooledByteBufAllocatorUseCacheForAllThreads(45)) - PERFORMANCE WARNING: useCacheForAllThreads is true that may cause Netty to create a lot garbage objects and, as a result, trigger GC.
	It is recommended to disable useCacheForAllThreads by setting -Dorg.apache.ratis.thirdparty.io.netty.allocator.useCacheForAllThreads=false in command line.
2019-10-08 04:08:55,402 [main] INFO  grpc.GrpcConfigKeys$Server (ConfUtils.java:logGet(43)) - raft.grpc.server.port = 0 (default)
2019-10-08 04:08:55,402 [main] INFO  server.GrpcService (ConfUtils.java:logGet(43)) - raft.grpc.message.size.max = 33570816 (custom)
2019-10-08 04:08:55,402 [main] INFO  server.RaftServerConfigKeys (ConfUtils.java:logGet(43)) - raft.server.log.appender.buffer.byte-limit = 33554432 (custom)
2019-10-08 04:08:55,402 [main] INFO  server.GrpcService (ConfUtils.java:logGet(43)) - raft.grpc.flow.control.window = 1MB (=1048576) (default)
2019-10-08 04:08:55,403 [main] INFO  server.RaftServerConfigKeys (ConfUtils.java:logGet(43)) - raft.server.rpc.request.timeout = 3000ms (default)
2019-10-08 04:08:55,403 [main] INFO  server.RaftServerConfigKeys (ConfUtils.java:logGet(43)) - raft.server.storage.dir = [/workdir/hadoop-ozone/integration-test/target/test-dir/MiniOzoneClusterImpl-bb1bef09-a2ee-4d3f-9bf8-7f738e16213c/datanode-2/data/ratis] (custom)
2019-10-08 04:08:55,405 [main] INFO  hdfs.DFSUtil (DFSUtil.java:httpServerTemplateForNNAndJN(1641)) - Starting Web-server for hddsDatanode at: http://0.0.0.0:0
2019-10-08 04:08:55,407 [main] INFO  server.AuthenticationFilter (AuthenticationFilter.java:constructSecretProvider(240)) - Unable to initialize FileSignerSecretProvider, falling back to use random secrets.
2019-10-08 04:08:55,407 [main] WARN  http.HttpRequestLog (HttpRequestLog.java:getRequestLog(97)) - Jetty request log can only be enabled using Log4j
2019-10-08 04:08:55,408 [main] INFO  http.HttpServer2 (HttpServer2.java:addGlobalFilter(975)) - Added global filter 'safety' (class=org.apache.hadoop.http.HttpServer2$QuotingInputFilter)
2019-10-08 04:08:55,409 [main] INFO  http.HttpServer2 (HttpServer2.java:addFilter(948)) - Added filter static_user_filter (class=org.apache.hadoop.http.lib.StaticUserWebFilter$StaticUserFilter) to context hddsDatanode
2019-10-08 04:08:55,409 [main] INFO  http.HttpServer2 (HttpServer2.java:addFilter(958)) - Added filter static_user_filter (class=org.apache.hadoop.http.lib.StaticUserWebFilter$StaticUserFilter) to context static
2019-10-08 04:08:55,409 [main] INFO  http.HttpServer2 (HttpServer2.java:addFilter(958)) - Added filter static_user_filter (class=org.apache.hadoop.http.lib.StaticUserWebFilter$StaticUserFilter) to context logs
2019-10-08 04:08:55,409 [main] INFO  http.HttpServer2 (HttpServer2.java:bindListener(1191)) - Jetty bound to port 40100
2019-10-08 04:08:55,410 [main] INFO  server.Server (Server.java:doStart(351)) - jetty-9.3.25.v20180904, build timestamp: 2018-09-04T21:11:46Z, git hash: 3ce520221d0240229c862b122d2b06c12a625732
2019-10-08 04:08:55,411 [main] INFO  handler.ContextHandler (ContextHandler.java:doStart(781)) - Started o.e.j.s.ServletContextHandler@723e3c17{/logs,file:///workdir/hadoop-ozone/integration-test/target/log,AVAILABLE}
2019-10-08 04:08:55,412 [main] INFO  handler.ContextHandler (ContextHandler.java:doStart(781)) - Started o.e.j.s.ServletContextHandler@6094de13{/static,jar:file:/home/user/.m2/repository/org/apache/hadoop/hadoop-hdds-container-service/0.5.0-SNAPSHOT/hadoop-hdds-container-service-0.5.0-SNAPSHOT.jar!/webapps/static,AVAILABLE}
2019-10-08 04:08:55,440 [main] INFO  handler.ContextHandler (ContextHandler.java:doStart(781)) - Started o.e.j.w.WebAppContext@37d28938{/,file:///tmp/jetty-0.0.0.0-40100-hddsDatanode-_-any-6002260225632758986.dir/webapp/,AVAILABLE}{/hddsDatanode}
2019-10-08 04:08:55,441 [main] INFO  server.AbstractConnector (AbstractConnector.java:doStart(278)) - Started ServerConnector@7d0cd23c{HTTP/1.1,[http/1.1]}{0.0.0.0:40100}
2019-10-08 04:08:55,446 [main] INFO  server.Server (Server.java:doStart(419)) - Started @208841ms
2019-10-08 04:08:55,446 [main] WARN  impl.MetricsSystemImpl (MetricsSystemImpl.java:register(276)) - Sink prometheus already exists!
2019-10-08 04:08:55,447 [main] INFO  server.BaseHttpServer (BaseHttpServer.java:updateConnectorAddress(215)) - HTTP server of HDDSDATANODE is listening at http://0.0.0.0:40100
2019-10-08 04:08:55,448 [main] INFO  impl.MetricsSystemImpl (MetricsSystemImpl.java:init(158)) - HddsDatanode metrics system started (again)
2019-10-08 04:08:55,467 [org.apache.hadoop.util.JvmPauseMonitor$Monitor@25321e67] INFO  util.JvmPauseMonitor (JvmPauseMonitor.java:run(188)) - Starting JVM pause monitor
2019-10-08 04:08:55,469 [main] INFO  ozone.HddsDatanodeService (HddsDatanodeService.java:start(184)) - HddsDatanodeService host:pr-hdds-2217-jqnfv-3133698562 ip:192.168.151.83
2019-10-08 04:08:55,469 [Datanode State Machine Thread - 0] INFO  datanode.InitDatanodeState (InitDatanodeState.java:persistContainerDatanodeDetails(140)) - DatanodeDetails is persisted to /workdir/hadoop-ozone/integration-test/target/test-dir/MiniOzoneClusterImpl-bb1bef09-a2ee-4d3f-9bf8-7f738e16213c/datanode-2/meta/datanode.id
2019-10-08 04:08:55,481 [main] INFO  volume.HddsVolume (HddsVolume.java:<init>(176)) - Creating Volume: /workdir/hadoop-ozone/integration-test/target/test-dir/MiniOzoneClusterImpl-bb1bef09-a2ee-4d3f-9bf8-7f738e16213c/datanode-3/data/containers/hdds of  storage type : DISK and capacity : 1482555576320
2019-10-08 04:08:55,481 [main] INFO  volume.VolumeSet (VolumeSet.java:initializeVolumeSet(170)) - Added Volume : /workdir/hadoop-ozone/integration-test/target/test-dir/MiniOzoneClusterImpl-bb1bef09-a2ee-4d3f-9bf8-7f738e16213c/datanode-3/data/containers/hdds to VolumeSet
2019-10-08 04:08:55,481 [main] INFO  volume.ThrottledAsyncChecker (ThrottledAsyncChecker.java:schedule(139)) - Scheduling a check for org.apache.hadoop.ozone.container.common.volume.HddsVolume@350323a0
2019-10-08 04:08:55,482 [main] INFO  volume.HddsVolumeChecker (HddsVolumeChecker.java:checkAllVolumes(202)) - Scheduled health check for volume org.apache.hadoop.ozone.container.common.volume.HddsVolume@350323a0
2019-10-08 04:08:55,498 [main] INFO  impl.RaftServerProxy (ConfUtils.java:logGet(43)) - raft.rpc.type = GRPC (default)
2019-10-08 04:08:55,498 [main] INFO  grpc.GrpcFactory (GrpcFactory.java:checkPooledByteBufAllocatorUseCacheForAllThreads(45)) - PERFORMANCE WARNING: useCacheForAllThreads is true that may cause Netty to create a lot garbage objects and, as a result, trigger GC.
	It is recommended to disable useCacheForAllThreads by setting -Dorg.apache.ratis.thirdparty.io.netty.allocator.useCacheForAllThreads=false in command line.
2019-10-08 04:08:55,498 [main] INFO  grpc.GrpcConfigKeys$Server (ConfUtils.java:logGet(43)) - raft.grpc.server.port = 0 (default)
2019-10-08 04:08:55,498 [main] INFO  server.GrpcService (ConfUtils.java:logGet(43)) - raft.grpc.message.size.max = 33570816 (custom)
2019-10-08 04:08:55,498 [main] INFO  server.RaftServerConfigKeys (ConfUtils.java:logGet(43)) - raft.server.log.appender.buffer.byte-limit = 33554432 (custom)
2019-10-08 04:08:55,499 [main] INFO  server.GrpcService (ConfUtils.java:logGet(43)) - raft.grpc.flow.control.window = 1MB (=1048576) (default)
2019-10-08 04:08:55,499 [main] INFO  server.RaftServerConfigKeys (ConfUtils.java:logGet(43)) - raft.server.rpc.request.timeout = 3000ms (default)
2019-10-08 04:08:55,499 [main] INFO  server.RaftServerConfigKeys (ConfUtils.java:logGet(43)) - raft.server.storage.dir = [/workdir/hadoop-ozone/integration-test/target/test-dir/MiniOzoneClusterImpl-bb1bef09-a2ee-4d3f-9bf8-7f738e16213c/datanode-3/data/ratis] (custom)
2019-10-08 04:08:55,500 [main] INFO  hdfs.DFSUtil (DFSUtil.java:httpServerTemplateForNNAndJN(1641)) - Starting Web-server for hddsDatanode at: http://0.0.0.0:0
2019-10-08 04:08:55,502 [main] INFO  server.AuthenticationFilter (AuthenticationFilter.java:constructSecretProvider(240)) - Unable to initialize FileSignerSecretProvider, falling back to use random secrets.
2019-10-08 04:08:55,502 [main] WARN  http.HttpRequestLog (HttpRequestLog.java:getRequestLog(97)) - Jetty request log can only be enabled using Log4j
2019-10-08 04:08:55,503 [main] INFO  http.HttpServer2 (HttpServer2.java:addGlobalFilter(975)) - Added global filter 'safety' (class=org.apache.hadoop.http.HttpServer2$QuotingInputFilter)
2019-10-08 04:08:55,504 [main] INFO  http.HttpServer2 (HttpServer2.java:addFilter(948)) - Added filter static_user_filter (class=org.apache.hadoop.http.lib.StaticUserWebFilter$StaticUserFilter) to context hddsDatanode
2019-10-08 04:08:55,504 [main] INFO  http.HttpServer2 (HttpServer2.java:addFilter(958)) - Added filter static_user_filter (class=org.apache.hadoop.http.lib.StaticUserWebFilter$StaticUserFilter) to context logs
2019-10-08 04:08:55,504 [main] INFO  http.HttpServer2 (HttpServer2.java:addFilter(958)) - Added filter static_user_filter (class=org.apache.hadoop.http.lib.StaticUserWebFilter$StaticUserFilter) to context static
2019-10-08 04:08:55,505 [main] INFO  http.HttpServer2 (HttpServer2.java:bindListener(1191)) - Jetty bound to port 40394
2019-10-08 04:08:55,505 [main] INFO  server.Server (Server.java:doStart(351)) - jetty-9.3.25.v20180904, build timestamp: 2018-09-04T21:11:46Z, git hash: 3ce520221d0240229c862b122d2b06c12a625732
2019-10-08 04:08:55,507 [main] INFO  handler.ContextHandler (ContextHandler.java:doStart(781)) - Started o.e.j.s.ServletContextHandler@55877274{/logs,file:///workdir/hadoop-ozone/integration-test/target/log,AVAILABLE}
2019-10-08 04:08:55,507 [main] INFO  handler.ContextHandler (ContextHandler.java:doStart(781)) - Started o.e.j.s.ServletContextHandler@6d4a82{/static,jar:file:/home/user/.m2/repository/org/apache/hadoop/hadoop-hdds-container-service/0.5.0-SNAPSHOT/hadoop-hdds-container-service-0.5.0-SNAPSHOT.jar!/webapps/static,AVAILABLE}
2019-10-08 04:08:55,535 [main] INFO  handler.ContextHandler (ContextHandler.java:doStart(781)) - Started o.e.j.w.WebAppContext@19b5214b{/,file:///tmp/jetty-0.0.0.0-40394-hddsDatanode-_-any-5891663025077166011.dir/webapp/,AVAILABLE}{/hddsDatanode}
2019-10-08 04:08:55,535 [main] INFO  server.AbstractConnector (AbstractConnector.java:doStart(278)) - Started ServerConnector@5fb3111a{HTTP/1.1,[http/1.1]}{0.0.0.0:40394}
2019-10-08 04:08:55,538 [main] INFO  server.Server (Server.java:doStart(419)) - Started @208934ms
2019-10-08 04:08:55,538 [main] WARN  impl.MetricsSystemImpl (MetricsSystemImpl.java:register(276)) - Sink prometheus already exists!
2019-10-08 04:08:55,539 [main] INFO  server.BaseHttpServer (BaseHttpServer.java:updateConnectorAddress(215)) - HTTP server of HDDSDATANODE is listening at http://0.0.0.0:40394
2019-10-08 04:08:55,539 [main] INFO  impl.MetricsSystemImpl (MetricsSystemImpl.java:init(158)) - HddsDatanode metrics system started (again)
2019-10-08 04:08:55,559 [org.apache.hadoop.util.JvmPauseMonitor$Monitor@2a51d93e] INFO  util.JvmPauseMonitor (JvmPauseMonitor.java:run(188)) - Starting JVM pause monitor
2019-10-08 04:08:55,560 [main] INFO  ozone.HddsDatanodeService (HddsDatanodeService.java:start(184)) - HddsDatanodeService host:pr-hdds-2217-jqnfv-3133698562 ip:192.168.151.83
2019-10-08 04:08:55,560 [Datanode State Machine Thread - 0] INFO  datanode.InitDatanodeState (InitDatanodeState.java:persistContainerDatanodeDetails(140)) - DatanodeDetails is persisted to /workdir/hadoop-ozone/integration-test/target/test-dir/MiniOzoneClusterImpl-bb1bef09-a2ee-4d3f-9bf8-7f738e16213c/datanode-3/meta/datanode.id
2019-10-08 04:08:55,571 [main] INFO  volume.HddsVolume (HddsVolume.java:<init>(176)) - Creating Volume: /workdir/hadoop-ozone/integration-test/target/test-dir/MiniOzoneClusterImpl-bb1bef09-a2ee-4d3f-9bf8-7f738e16213c/datanode-4/data/containers/hdds of  storage type : DISK and capacity : 1482555576320
2019-10-08 04:08:55,571 [main] INFO  volume.VolumeSet (VolumeSet.java:initializeVolumeSet(170)) - Added Volume : /workdir/hadoop-ozone/integration-test/target/test-dir/MiniOzoneClusterImpl-bb1bef09-a2ee-4d3f-9bf8-7f738e16213c/datanode-4/data/containers/hdds to VolumeSet
2019-10-08 04:08:55,571 [main] INFO  volume.ThrottledAsyncChecker (ThrottledAsyncChecker.java:schedule(139)) - Scheduling a check for org.apache.hadoop.ozone.container.common.volume.HddsVolume@10d18696
2019-10-08 04:08:55,572 [main] INFO  volume.HddsVolumeChecker (HddsVolumeChecker.java:checkAllVolumes(202)) - Scheduled health check for volume org.apache.hadoop.ozone.container.common.volume.HddsVolume@10d18696
2019-10-08 04:08:55,589 [main] INFO  impl.RaftServerProxy (ConfUtils.java:logGet(43)) - raft.rpc.type = GRPC (default)
2019-10-08 04:08:55,589 [main] INFO  grpc.GrpcFactory (GrpcFactory.java:checkPooledByteBufAllocatorUseCacheForAllThreads(45)) - PERFORMANCE WARNING: useCacheForAllThreads is true that may cause Netty to create a lot garbage objects and, as a result, trigger GC.
	It is recommended to disable useCacheForAllThreads by setting -Dorg.apache.ratis.thirdparty.io.netty.allocator.useCacheForAllThreads=false in command line.
2019-10-08 04:08:55,589 [main] INFO  grpc.GrpcConfigKeys$Server (ConfUtils.java:logGet(43)) - raft.grpc.server.port = 0 (default)
2019-10-08 04:08:55,589 [main] INFO  server.GrpcService (ConfUtils.java:logGet(43)) - raft.grpc.message.size.max = 33570816 (custom)
2019-10-08 04:08:55,589 [main] INFO  server.RaftServerConfigKeys (ConfUtils.java:logGet(43)) - raft.server.log.appender.buffer.byte-limit = 33554432 (custom)
2019-10-08 04:08:55,589 [main] INFO  server.GrpcService (ConfUtils.java:logGet(43)) - raft.grpc.flow.control.window = 1MB (=1048576) (default)
2019-10-08 04:08:55,590 [main] INFO  server.RaftServerConfigKeys (ConfUtils.java:logGet(43)) - raft.server.rpc.request.timeout = 3000ms (default)
2019-10-08 04:08:55,590 [main] INFO  server.RaftServerConfigKeys (ConfUtils.java:logGet(43)) - raft.server.storage.dir = [/workdir/hadoop-ozone/integration-test/target/test-dir/MiniOzoneClusterImpl-bb1bef09-a2ee-4d3f-9bf8-7f738e16213c/datanode-4/data/ratis] (custom)
2019-10-08 04:08:55,591 [main] INFO  hdfs.DFSUtil (DFSUtil.java:httpServerTemplateForNNAndJN(1641)) - Starting Web-server for hddsDatanode at: http://0.0.0.0:0
2019-10-08 04:08:55,592 [main] INFO  server.AuthenticationFilter (AuthenticationFilter.java:constructSecretProvider(240)) - Unable to initialize FileSignerSecretProvider, falling back to use random secrets.
2019-10-08 04:08:55,592 [main] WARN  http.HttpRequestLog (HttpRequestLog.java:getRequestLog(97)) - Jetty request log can only be enabled using Log4j
2019-10-08 04:08:55,594 [main] INFO  http.HttpServer2 (HttpServer2.java:addGlobalFilter(975)) - Added global filter 'safety' (class=org.apache.hadoop.http.HttpServer2$QuotingInputFilter)
2019-10-08 04:08:55,594 [main] INFO  http.HttpServer2 (HttpServer2.java:addFilter(948)) - Added filter static_user_filter (class=org.apache.hadoop.http.lib.StaticUserWebFilter$StaticUserFilter) to context hddsDatanode
2019-10-08 04:08:55,594 [main] INFO  http.HttpServer2 (HttpServer2.java:addFilter(958)) - Added filter static_user_filter (class=org.apache.hadoop.http.lib.StaticUserWebFilter$StaticUserFilter) to context static
2019-10-08 04:08:55,594 [main] INFO  http.HttpServer2 (HttpServer2.java:addFilter(958)) - Added filter static_user_filter (class=org.apache.hadoop.http.lib.StaticUserWebFilter$StaticUserFilter) to context logs
2019-10-08 04:08:55,595 [main] INFO  http.HttpServer2 (HttpServer2.java:bindListener(1191)) - Jetty bound to port 33239
2019-10-08 04:08:55,595 [main] INFO  server.Server (Server.java:doStart(351)) - jetty-9.3.25.v20180904, build timestamp: 2018-09-04T21:11:46Z, git hash: 3ce520221d0240229c862b122d2b06c12a625732
2019-10-08 04:08:55,596 [main] INFO  handler.ContextHandler (ContextHandler.java:doStart(781)) - Started o.e.j.s.ServletContextHandler@43c7fe8a{/logs,file:///workdir/hadoop-ozone/integration-test/target/log,AVAILABLE}
2019-10-08 04:08:55,597 [main] INFO  handler.ContextHandler (ContextHandler.java:doStart(781)) - Started o.e.j.s.ServletContextHandler@21b51e59{/static,jar:file:/home/user/.m2/repository/org/apache/hadoop/hadoop-hdds-container-service/0.5.0-SNAPSHOT/hadoop-hdds-container-service-0.5.0-SNAPSHOT.jar!/webapps/static,AVAILABLE}
2019-10-08 04:08:55,624 [main] INFO  handler.ContextHandler (ContextHandler.java:doStart(781)) - Started o.e.j.w.WebAppContext@5bfc79cb{/,file:///tmp/jetty-0.0.0.0-33239-hddsDatanode-_-any-3681228700375159036.dir/webapp/,AVAILABLE}{/hddsDatanode}
2019-10-08 04:08:55,625 [main] INFO  server.AbstractConnector (AbstractConnector.java:doStart(278)) - Started ServerConnector@27ec8754{HTTP/1.1,[http/1.1]}{0.0.0.0:33239}
2019-10-08 04:08:55,628 [main] INFO  server.Server (Server.java:doStart(419)) - Started @209023ms
2019-10-08 04:08:55,628 [main] WARN  impl.MetricsSystemImpl (MetricsSystemImpl.java:register(276)) - Sink prometheus already exists!
2019-10-08 04:08:55,629 [main] INFO  server.BaseHttpServer (BaseHttpServer.java:updateConnectorAddress(215)) - HTTP server of HDDSDATANODE is listening at http://0.0.0.0:33239
2019-10-08 04:08:55,631 [main] INFO  impl.MetricsSystemImpl (MetricsSystemImpl.java:init(158)) - HddsDatanode metrics system started (again)
2019-10-08 04:08:55,652 [org.apache.hadoop.util.JvmPauseMonitor$Monitor@138ca6f3] INFO  util.JvmPauseMonitor (JvmPauseMonitor.java:run(188)) - Starting JVM pause monitor
2019-10-08 04:08:55,654 [main] INFO  ozone.HddsDatanodeService (HddsDatanodeService.java:start(184)) - HddsDatanodeService host:pr-hdds-2217-jqnfv-3133698562 ip:192.168.151.83
2019-10-08 04:08:55,657 [Datanode State Machine Thread - 0] INFO  datanode.InitDatanodeState (InitDatanodeState.java:persistContainerDatanodeDetails(140)) - DatanodeDetails is persisted to /workdir/hadoop-ozone/integration-test/target/test-dir/MiniOzoneClusterImpl-bb1bef09-a2ee-4d3f-9bf8-7f738e16213c/datanode-4/meta/datanode.id
2019-10-08 04:08:55,667 [main] INFO  volume.HddsVolume (HddsVolume.java:<init>(176)) - Creating Volume: /workdir/hadoop-ozone/integration-test/target/test-dir/MiniOzoneClusterImpl-bb1bef09-a2ee-4d3f-9bf8-7f738e16213c/datanode-5/data/containers/hdds of  storage type : DISK and capacity : 1482555576320
2019-10-08 04:08:55,667 [main] INFO  volume.VolumeSet (VolumeSet.java:initializeVolumeSet(170)) - Added Volume : /workdir/hadoop-ozone/integration-test/target/test-dir/MiniOzoneClusterImpl-bb1bef09-a2ee-4d3f-9bf8-7f738e16213c/datanode-5/data/containers/hdds to VolumeSet
2019-10-08 04:08:55,667 [main] INFO  volume.ThrottledAsyncChecker (ThrottledAsyncChecker.java:schedule(139)) - Scheduling a check for org.apache.hadoop.ozone.container.common.volume.HddsVolume@28768e25
2019-10-08 04:08:55,668 [main] INFO  volume.HddsVolumeChecker (HddsVolumeChecker.java:checkAllVolumes(202)) - Scheduled health check for volume org.apache.hadoop.ozone.container.common.volume.HddsVolume@28768e25
2019-10-08 04:08:55,684 [main] INFO  impl.RaftServerProxy (ConfUtils.java:logGet(43)) - raft.rpc.type = GRPC (default)
2019-10-08 04:08:55,684 [main] INFO  grpc.GrpcFactory (GrpcFactory.java:checkPooledByteBufAllocatorUseCacheForAllThreads(45)) - PERFORMANCE WARNING: useCacheForAllThreads is true that may cause Netty to create a lot garbage objects and, as a result, trigger GC.
	It is recommended to disable useCacheForAllThreads by setting -Dorg.apache.ratis.thirdparty.io.netty.allocator.useCacheForAllThreads=false in command line.
2019-10-08 04:08:55,684 [main] INFO  grpc.GrpcConfigKeys$Server (ConfUtils.java:logGet(43)) - raft.grpc.server.port = 0 (default)
2019-10-08 04:08:55,685 [main] INFO  server.GrpcService (ConfUtils.java:logGet(43)) - raft.grpc.message.size.max = 33570816 (custom)
2019-10-08 04:08:55,685 [main] INFO  server.RaftServerConfigKeys (ConfUtils.java:logGet(43)) - raft.server.log.appender.buffer.byte-limit = 33554432 (custom)
2019-10-08 04:08:55,685 [main] INFO  server.GrpcService (ConfUtils.java:logGet(43)) - raft.grpc.flow.control.window = 1MB (=1048576) (default)
2019-10-08 04:08:55,685 [main] INFO  server.RaftServerConfigKeys (ConfUtils.java:logGet(43)) - raft.server.rpc.request.timeout = 3000ms (default)
2019-10-08 04:08:55,686 [main] INFO  server.RaftServerConfigKeys (ConfUtils.java:logGet(43)) - raft.server.storage.dir = [/workdir/hadoop-ozone/integration-test/target/test-dir/MiniOzoneClusterImpl-bb1bef09-a2ee-4d3f-9bf8-7f738e16213c/datanode-5/data/ratis] (custom)
2019-10-08 04:08:55,687 [main] INFO  hdfs.DFSUtil (DFSUtil.java:httpServerTemplateForNNAndJN(1641)) - Starting Web-server for hddsDatanode at: http://0.0.0.0:0
2019-10-08 04:08:55,689 [main] INFO  server.AuthenticationFilter (AuthenticationFilter.java:constructSecretProvider(240)) - Unable to initialize FileSignerSecretProvider, falling back to use random secrets.
2019-10-08 04:08:55,689 [main] WARN  http.HttpRequestLog (HttpRequestLog.java:getRequestLog(97)) - Jetty request log can only be enabled using Log4j
2019-10-08 04:08:55,691 [main] INFO  http.HttpServer2 (HttpServer2.java:addGlobalFilter(975)) - Added global filter 'safety' (class=org.apache.hadoop.http.HttpServer2$QuotingInputFilter)
2019-10-08 04:08:55,691 [main] INFO  http.HttpServer2 (HttpServer2.java:addFilter(948)) - Added filter static_user_filter (class=org.apache.hadoop.http.lib.StaticUserWebFilter$StaticUserFilter) to context hddsDatanode
2019-10-08 04:08:55,691 [main] INFO  http.HttpServer2 (HttpServer2.java:addFilter(958)) - Added filter static_user_filter (class=org.apache.hadoop.http.lib.StaticUserWebFilter$StaticUserFilter) to context static
2019-10-08 04:08:55,691 [main] INFO  http.HttpServer2 (HttpServer2.java:addFilter(958)) - Added filter static_user_filter (class=org.apache.hadoop.http.lib.StaticUserWebFilter$StaticUserFilter) to context logs
2019-10-08 04:08:55,692 [main] INFO  http.HttpServer2 (HttpServer2.java:bindListener(1191)) - Jetty bound to port 40293
2019-10-08 04:08:55,692 [main] INFO  server.Server (Server.java:doStart(351)) - jetty-9.3.25.v20180904, build timestamp: 2018-09-04T21:11:46Z, git hash: 3ce520221d0240229c862b122d2b06c12a625732
2019-10-08 04:08:55,694 [main] INFO  handler.ContextHandler (ContextHandler.java:doStart(781)) - Started o.e.j.s.ServletContextHandler@71d55b7e{/logs,file:///workdir/hadoop-ozone/integration-test/target/log,AVAILABLE}
2019-10-08 04:08:55,694 [main] INFO  handler.ContextHandler (ContextHandler.java:doStart(781)) - Started o.e.j.s.ServletContextHandler@28ee882c{/static,jar:file:/home/user/.m2/repository/org/apache/hadoop/hadoop-hdds-container-service/0.5.0-SNAPSHOT/hadoop-hdds-container-service-0.5.0-SNAPSHOT.jar!/webapps/static,AVAILABLE}
2019-10-08 04:08:55,723 [main] INFO  handler.ContextHandler (ContextHandler.java:doStart(781)) - Started o.e.j.w.WebAppContext@2c48cede{/,file:///tmp/jetty-0.0.0.0-40293-hddsDatanode-_-any-2031579988478666322.dir/webapp/,AVAILABLE}{/hddsDatanode}
2019-10-08 04:08:55,723 [main] INFO  server.AbstractConnector (AbstractConnector.java:doStart(278)) - Started ServerConnector@39c87b42{HTTP/1.1,[http/1.1]}{0.0.0.0:40293}
2019-10-08 04:08:55,727 [main] INFO  server.Server (Server.java:doStart(419)) - Started @209122ms
2019-10-08 04:08:55,727 [main] WARN  impl.MetricsSystemImpl (MetricsSystemImpl.java:register(276)) - Sink prometheus already exists!
2019-10-08 04:08:55,728 [main] INFO  server.BaseHttpServer (BaseHttpServer.java:updateConnectorAddress(215)) - HTTP server of HDDSDATANODE is listening at http://0.0.0.0:40293
2019-10-08 04:08:55,728 [main] INFO  impl.MetricsSystemImpl (MetricsSystemImpl.java:init(158)) - HddsDatanode metrics system started (again)
2019-10-08 04:08:55,749 [org.apache.hadoop.util.JvmPauseMonitor$Monitor@54e6e87] INFO  util.JvmPauseMonitor (JvmPauseMonitor.java:run(188)) - Starting JVM pause monitor
2019-10-08 04:08:55,751 [Datanode State Machine Thread - 0] INFO  datanode.InitDatanodeState (InitDatanodeState.java:persistContainerDatanodeDetails(140)) - DatanodeDetails is persisted to /workdir/hadoop-ozone/integration-test/target/test-dir/MiniOzoneClusterImpl-bb1bef09-a2ee-4d3f-9bf8-7f738e16213c/datanode-5/meta/datanode.id
2019-10-08 04:08:55,752 [main] INFO  ozone.HddsDatanodeService (HddsDatanodeService.java:start(184)) - HddsDatanodeService host:pr-hdds-2217-jqnfv-3133698562 ip:192.168.151.83
2019-10-08 04:08:55,763 [main] INFO  volume.HddsVolume (HddsVolume.java:<init>(176)) - Creating Volume: /workdir/hadoop-ozone/integration-test/target/test-dir/MiniOzoneClusterImpl-bb1bef09-a2ee-4d3f-9bf8-7f738e16213c/datanode-6/data/containers/hdds of  storage type : DISK and capacity : 1482555576320
2019-10-08 04:08:55,763 [main] INFO  volume.VolumeSet (VolumeSet.java:initializeVolumeSet(170)) - Added Volume : /workdir/hadoop-ozone/integration-test/target/test-dir/MiniOzoneClusterImpl-bb1bef09-a2ee-4d3f-9bf8-7f738e16213c/datanode-6/data/containers/hdds to VolumeSet
2019-10-08 04:08:55,763 [main] INFO  volume.ThrottledAsyncChecker (ThrottledAsyncChecker.java:schedule(139)) - Scheduling a check for org.apache.hadoop.ozone.container.common.volume.HddsVolume@497ed877
2019-10-08 04:08:55,764 [main] INFO  volume.HddsVolumeChecker (HddsVolumeChecker.java:checkAllVolumes(202)) - Scheduled health check for volume org.apache.hadoop.ozone.container.common.volume.HddsVolume@497ed877
2019-10-08 04:08:55,783 [main] INFO  impl.RaftServerProxy (ConfUtils.java:logGet(43)) - raft.rpc.type = GRPC (default)
2019-10-08 04:08:55,783 [main] INFO  grpc.GrpcFactory (GrpcFactory.java:checkPooledByteBufAllocatorUseCacheForAllThreads(45)) - PERFORMANCE WARNING: useCacheForAllThreads is true that may cause Netty to create a lot garbage objects and, as a result, trigger GC.
	It is recommended to disable useCacheForAllThreads by setting -Dorg.apache.ratis.thirdparty.io.netty.allocator.useCacheForAllThreads=false in command line.
2019-10-08 04:08:55,783 [main] INFO  grpc.GrpcConfigKeys$Server (ConfUtils.java:logGet(43)) - raft.grpc.server.port = 0 (default)
2019-10-08 04:08:55,783 [main] INFO  server.GrpcService (ConfUtils.java:logGet(43)) - raft.grpc.message.size.max = 33570816 (custom)
2019-10-08 04:08:55,784 [main] INFO  server.RaftServerConfigKeys (ConfUtils.java:logGet(43)) - raft.server.log.appender.buffer.byte-limit = 33554432 (custom)
2019-10-08 04:08:55,784 [main] INFO  server.GrpcService (ConfUtils.java:logGet(43)) - raft.grpc.flow.control.window = 1MB (=1048576) (default)
2019-10-08 04:08:55,784 [main] INFO  server.RaftServerConfigKeys (ConfUtils.java:logGet(43)) - raft.server.rpc.request.timeout = 3000ms (default)
2019-10-08 04:08:55,784 [main] INFO  server.RaftServerConfigKeys (ConfUtils.java:logGet(43)) - raft.server.storage.dir = [/workdir/hadoop-ozone/integration-test/target/test-dir/MiniOzoneClusterImpl-bb1bef09-a2ee-4d3f-9bf8-7f738e16213c/datanode-6/data/ratis] (custom)
2019-10-08 04:08:55,786 [main] INFO  hdfs.DFSUtil (DFSUtil.java:httpServerTemplateForNNAndJN(1641)) - Starting Web-server for hddsDatanode at: http://0.0.0.0:0
2019-10-08 04:08:55,787 [main] INFO  server.AuthenticationFilter (AuthenticationFilter.java:constructSecretProvider(240)) - Unable to initialize FileSignerSecretProvider, falling back to use random secrets.
2019-10-08 04:08:55,787 [main] WARN  http.HttpRequestLog (HttpRequestLog.java:getRequestLog(97)) - Jetty request log can only be enabled using Log4j
2019-10-08 04:08:55,789 [main] INFO  http.HttpServer2 (HttpServer2.java:addGlobalFilter(975)) - Added global filter 'safety' (class=org.apache.hadoop.http.HttpServer2$QuotingInputFilter)
2019-10-08 04:08:55,789 [main] INFO  http.HttpServer2 (HttpServer2.java:addFilter(948)) - Added filter static_user_filter (class=org.apache.hadoop.http.lib.StaticUserWebFilter$StaticUserFilter) to context hddsDatanode
2019-10-08 04:08:55,789 [main] INFO  http.HttpServer2 (HttpServer2.java:addFilter(958)) - Added filter static_user_filter (class=org.apache.hadoop.http.lib.StaticUserWebFilter$StaticUserFilter) to context logs
2019-10-08 04:08:55,789 [main] INFO  http.HttpServer2 (HttpServer2.java:addFilter(958)) - Added filter static_user_filter (class=org.apache.hadoop.http.lib.StaticUserWebFilter$StaticUserFilter) to context static
2019-10-08 04:08:55,790 [main] INFO  http.HttpServer2 (HttpServer2.java:bindListener(1191)) - Jetty bound to port 45131
2019-10-08 04:08:55,790 [main] INFO  server.Server (Server.java:doStart(351)) - jetty-9.3.25.v20180904, build timestamp: 2018-09-04T21:11:46Z, git hash: 3ce520221d0240229c862b122d2b06c12a625732
2019-10-08 04:08:55,792 [main] INFO  handler.ContextHandler (ContextHandler.java:doStart(781)) - Started o.e.j.s.ServletContextHandler@74a820bf{/logs,file:///workdir/hadoop-ozone/integration-test/target/log,AVAILABLE}
2019-10-08 04:08:55,792 [main] INFO  handler.ContextHandler (ContextHandler.java:doStart(781)) - Started o.e.j.s.ServletContextHandler@4f2ac7e0{/static,jar:file:/home/user/.m2/repository/org/apache/hadoop/hadoop-hdds-container-service/0.5.0-SNAPSHOT/hadoop-hdds-container-service-0.5.0-SNAPSHOT.jar!/webapps/static,AVAILABLE}
2019-10-08 04:08:55,822 [main] INFO  handler.ContextHandler (ContextHandler.java:doStart(781)) - Started o.e.j.w.WebAppContext@49232c6f{/,file:///tmp/jetty-0.0.0.0-45131-hddsDatanode-_-any-2889860471376071517.dir/webapp/,AVAILABLE}{/hddsDatanode}
2019-10-08 04:08:55,822 [main] INFO  server.AbstractConnector (AbstractConnector.java:doStart(278)) - Started ServerConnector@5faeeb56{HTTP/1.1,[http/1.1]}{0.0.0.0:45131}
2019-10-08 04:08:55,825 [main] INFO  server.Server (Server.java:doStart(419)) - Started @209221ms
2019-10-08 04:08:55,825 [main] WARN  impl.MetricsSystemImpl (MetricsSystemImpl.java:register(276)) - Sink prometheus already exists!
2019-10-08 04:08:55,826 [main] INFO  server.BaseHttpServer (BaseHttpServer.java:updateConnectorAddress(215)) - HTTP server of HDDSDATANODE is listening at http://0.0.0.0:45131
2019-10-08 04:08:55,827 [main] INFO  ozone.MiniOzoneClusterImpl (MiniOzoneClusterImpl.java:lambda$waitForClusterToBeReady$0(147)) - Waiting for cluster to be ready. Got 0 of 7 DN Heartbeats.
2019-10-08 04:08:55,828 [org.apache.hadoop.util.JvmPauseMonitor$Monitor@2bd81c00] INFO  util.JvmPauseMonitor (JvmPauseMonitor.java:run(188)) - Starting JVM pause monitor
2019-10-08 04:08:55,829 [Datanode State Machine Thread - 0] INFO  datanode.InitDatanodeState (InitDatanodeState.java:persistContainerDatanodeDetails(140)) - DatanodeDetails is persisted to /workdir/hadoop-ozone/integration-test/target/test-dir/MiniOzoneClusterImpl-bb1bef09-a2ee-4d3f-9bf8-7f738e16213c/datanode-6/meta/datanode.id
2019-10-08 04:08:56,177 [grpc-default-executor-4] WARN  server.GrpcLogAppender (LogUtils.java:warn(134)) - 9a86e02d-457a-4233-b456-1f823c7b9675@group-903E021DC2E5->53d4e2b8-d7c3-4e33-8543-84865c350f2c-AppendLogResponseHandler: Failed appendEntries: org.apache.ratis.thirdparty.io.grpc.StatusRuntimeException: UNAVAILABLE: io exception
2019-10-08 04:08:56,177 [grpc-default-executor-6] WARN  server.GrpcLogAppender (LogUtils.java:warn(134)) - 9a86e02d-457a-4233-b456-1f823c7b9675@group-903E021DC2E5->8182f3c3-6485-4730-b171-cad52f435bf6-AppendLogResponseHandler: Failed appendEntries: org.apache.ratis.thirdparty.io.grpc.StatusRuntimeException: UNAVAILABLE: io exception
2019-10-08 04:08:56,178 [grpc-default-executor-4] INFO  impl.FollowerInfo (FollowerInfo.java:lambda$new$0(51)) - 9a86e02d-457a-4233-b456-1f823c7b9675@group-903E021DC2E5->53d4e2b8-d7c3-4e33-8543-84865c350f2c: nextIndex: updateUnconditionally 0 -> 0
2019-10-08 04:08:56,178 [grpc-default-executor-6] INFO  impl.FollowerInfo (FollowerInfo.java:lambda$new$0(51)) - 9a86e02d-457a-4233-b456-1f823c7b9675@group-903E021DC2E5->8182f3c3-6485-4730-b171-cad52f435bf6: nextIndex: updateUnconditionally 0 -> 0
2019-10-08 04:08:56,827 [main] INFO  ozone.MiniOzoneClusterImpl (MiniOzoneClusterImpl.java:lambda$waitForClusterToBeReady$0(147)) - Waiting for cluster to be ready. Got 0 of 7 DN Heartbeats.
2019-10-08 04:08:57,325 [Datanode State Machine Thread - 0] INFO  ozoneimpl.OzoneContainer (OzoneContainer.java:start(213)) - Attempting to start container services.
2019-10-08 04:08:57,326 [Datanode State Machine Thread - 0] INFO  ozoneimpl.OzoneContainer (OzoneContainer.java:startContainerScrub(177)) - Background container scanner has been disabled.
2019-10-08 04:08:57,326 [Datanode State Machine Thread - 0] INFO  ratis.XceiverServerRatis (XceiverServerRatis.java:start(418)) - Starting XceiverServerRatis bb80d0ac-a8d2-4db1-83af-53cc40b2ce35 at port 0
2019-10-08 04:08:57,331 [Datanode State Machine Thread - 0] INFO  impl.RaftServerProxy (RaftServerProxy.java:lambda$start$3(299)) - bb80d0ac-a8d2-4db1-83af-53cc40b2ce35: start RPC server
2019-10-08 04:08:57,333 [Datanode State Machine Thread - 0] INFO  server.GrpcService (GrpcService.java:startImpl(158)) - bb80d0ac-a8d2-4db1-83af-53cc40b2ce35: GrpcService started, listening on 0.0.0.0/0.0.0.0:35573
2019-10-08 04:08:57,333 [Datanode State Machine Thread - 0] INFO  ratis.XceiverServerRatis (XceiverServerRatis.java:start(428)) - XceiverServerRatis bb80d0ac-a8d2-4db1-83af-53cc40b2ce35 is started using port 35573
2019-10-08 04:08:57,333 [Datanode State Machine Thread - 0] INFO  server.XceiverServerGrpc (XceiverServerGrpc.java:start(149)) - XceiverServerGrpc bb80d0ac-a8d2-4db1-83af-53cc40b2ce35 is started using port 45540
2019-10-08 04:08:57,388 [Datanode State Machine Thread - 0] INFO  ozoneimpl.OzoneContainer (OzoneContainer.java:start(213)) - Attempting to start container services.
2019-10-08 04:08:57,388 [Datanode State Machine Thread - 0] INFO  ozoneimpl.OzoneContainer (OzoneContainer.java:startContainerScrub(177)) - Background container scanner has been disabled.
2019-10-08 04:08:57,388 [Datanode State Machine Thread - 0] INFO  ratis.XceiverServerRatis (XceiverServerRatis.java:start(418)) - Starting XceiverServerRatis 5582086d-f957-4017-84dd-f94e4c4ba1e1 at port 0
2019-10-08 04:08:57,394 [Datanode State Machine Thread - 0] INFO  impl.RaftServerProxy (RaftServerProxy.java:lambda$start$3(299)) - 5582086d-f957-4017-84dd-f94e4c4ba1e1: start RPC server
2019-10-08 04:08:57,395 [Datanode State Machine Thread - 0] INFO  server.GrpcService (GrpcService.java:startImpl(158)) - 5582086d-f957-4017-84dd-f94e4c4ba1e1: GrpcService started, listening on 0.0.0.0/0.0.0.0:39788
2019-10-08 04:08:57,395 [Datanode State Machine Thread - 0] INFO  ratis.XceiverServerRatis (XceiverServerRatis.java:start(428)) - XceiverServerRatis 5582086d-f957-4017-84dd-f94e4c4ba1e1 is started using port 39788
2019-10-08 04:08:57,398 [Datanode State Machine Thread - 0] INFO  server.XceiverServerGrpc (XceiverServerGrpc.java:start(149)) - XceiverServerGrpc 5582086d-f957-4017-84dd-f94e4c4ba1e1 is started using port 38986
2019-10-08 04:08:57,481 [Datanode State Machine Thread - 0] INFO  ozoneimpl.OzoneContainer (OzoneContainer.java:start(213)) - Attempting to start container services.
2019-10-08 04:08:57,482 [Datanode State Machine Thread - 0] INFO  ozoneimpl.OzoneContainer (OzoneContainer.java:startContainerScrub(177)) - Background container scanner has been disabled.
2019-10-08 04:08:57,482 [Datanode State Machine Thread - 0] INFO  ratis.XceiverServerRatis (XceiverServerRatis.java:start(418)) - Starting XceiverServerRatis 11368e19-1284-4e3e-8734-21e5625b0eed at port 0
2019-10-08 04:08:57,488 [Datanode State Machine Thread - 0] INFO  impl.RaftServerProxy (RaftServerProxy.java:lambda$start$3(299)) - 11368e19-1284-4e3e-8734-21e5625b0eed: start RPC server
2019-10-08 04:08:57,489 [Datanode State Machine Thread - 0] INFO  server.GrpcService (GrpcService.java:startImpl(158)) - 11368e19-1284-4e3e-8734-21e5625b0eed: GrpcService started, listening on 0.0.0.0/0.0.0.0:33460
2019-10-08 04:08:57,489 [Datanode State Machine Thread - 0] INFO  ratis.XceiverServerRatis (XceiverServerRatis.java:start(428)) - XceiverServerRatis 11368e19-1284-4e3e-8734-21e5625b0eed is started using port 33460
2019-10-08 04:08:57,492 [Datanode State Machine Thread - 0] INFO  server.XceiverServerGrpc (XceiverServerGrpc.java:start(149)) - XceiverServerGrpc 11368e19-1284-4e3e-8734-21e5625b0eed is started using port 38930
2019-10-08 04:08:57,574 [Datanode State Machine Thread - 0] INFO  ozoneimpl.OzoneContainer (OzoneContainer.java:start(213)) - Attempting to start container services.
2019-10-08 04:08:57,574 [Datanode State Machine Thread - 0] INFO  ozoneimpl.OzoneContainer (OzoneContainer.java:startContainerScrub(177)) - Background container scanner has been disabled.
2019-10-08 04:08:57,574 [Datanode State Machine Thread - 0] INFO  ratis.XceiverServerRatis (XceiverServerRatis.java:start(418)) - Starting XceiverServerRatis d9c1ee62-388b-4e3a-aee2-263343cf0ad0 at port 0
2019-10-08 04:08:57,581 [Datanode State Machine Thread - 0] INFO  impl.RaftServerProxy (RaftServerProxy.java:lambda$start$3(299)) - d9c1ee62-388b-4e3a-aee2-263343cf0ad0: start RPC server
2019-10-08 04:08:57,585 [Datanode State Machine Thread - 0] INFO  server.GrpcService (GrpcService.java:startImpl(158)) - d9c1ee62-388b-4e3a-aee2-263343cf0ad0: GrpcService started, listening on 0.0.0.0/0.0.0.0:40084
2019-10-08 04:08:57,585 [Datanode State Machine Thread - 0] INFO  ratis.XceiverServerRatis (XceiverServerRatis.java:start(428)) - XceiverServerRatis d9c1ee62-388b-4e3a-aee2-263343cf0ad0 is started using port 40084
2019-10-08 04:08:57,585 [Datanode State Machine Thread - 0] INFO  server.XceiverServerGrpc (XceiverServerGrpc.java:start(149)) - XceiverServerGrpc d9c1ee62-388b-4e3a-aee2-263343cf0ad0 is started using port 42065
2019-10-08 04:08:57,666 [Datanode State Machine Thread - 0] INFO  ozoneimpl.OzoneContainer (OzoneContainer.java:start(213)) - Attempting to start container services.
2019-10-08 04:08:57,667 [Datanode State Machine Thread - 0] INFO  ozoneimpl.OzoneContainer (OzoneContainer.java:startContainerScrub(177)) - Background container scanner has been disabled.
2019-10-08 04:08:57,667 [Datanode State Machine Thread - 0] INFO  ratis.XceiverServerRatis (XceiverServerRatis.java:start(418)) - Starting XceiverServerRatis 4540f121-1d6b-4c55-9239-0bad72639351 at port 0
2019-10-08 04:08:57,673 [Datanode State Machine Thread - 0] INFO  impl.RaftServerProxy (RaftServerProxy.java:lambda$start$3(299)) - 4540f121-1d6b-4c55-9239-0bad72639351: start RPC server
2019-10-08 04:08:57,677 [Datanode State Machine Thread - 0] INFO  server.GrpcService (GrpcService.java:startImpl(158)) - 4540f121-1d6b-4c55-9239-0bad72639351: GrpcService started, listening on 0.0.0.0/0.0.0.0:35515
2019-10-08 04:08:57,678 [Datanode State Machine Thread - 0] INFO  ratis.XceiverServerRatis (XceiverServerRatis.java:start(428)) - XceiverServerRatis 4540f121-1d6b-4c55-9239-0bad72639351 is started using port 35515
2019-10-08 04:08:57,678 [Datanode State Machine Thread - 0] INFO  server.XceiverServerGrpc (XceiverServerGrpc.java:start(149)) - XceiverServerGrpc 4540f121-1d6b-4c55-9239-0bad72639351 is started using port 43618
2019-10-08 04:08:57,763 [Datanode State Machine Thread - 0] INFO  ozoneimpl.OzoneContainer (OzoneContainer.java:start(213)) - Attempting to start container services.
2019-10-08 04:08:57,763 [Datanode State Machine Thread - 0] INFO  ozoneimpl.OzoneContainer (OzoneContainer.java:startContainerScrub(177)) - Background container scanner has been disabled.
2019-10-08 04:08:57,763 [Datanode State Machine Thread - 0] INFO  ratis.XceiverServerRatis (XceiverServerRatis.java:start(418)) - Starting XceiverServerRatis 2216662d-36f3-4191-bcae-280d73b4aebf at port 0
2019-10-08 04:08:57,768 [Datanode State Machine Thread - 0] INFO  impl.RaftServerProxy (RaftServerProxy.java:lambda$start$3(299)) - 2216662d-36f3-4191-bcae-280d73b4aebf: start RPC server
2019-10-08 04:08:57,770 [Datanode State Machine Thread - 0] INFO  server.GrpcService (GrpcService.java:startImpl(158)) - 2216662d-36f3-4191-bcae-280d73b4aebf: GrpcService started, listening on 0.0.0.0/0.0.0.0:42128
2019-10-08 04:08:57,771 [Datanode State Machine Thread - 0] INFO  ratis.XceiverServerRatis (XceiverServerRatis.java:start(428)) - XceiverServerRatis 2216662d-36f3-4191-bcae-280d73b4aebf is started using port 42128
2019-10-08 04:08:57,771 [Datanode State Machine Thread - 0] INFO  server.XceiverServerGrpc (XceiverServerGrpc.java:start(149)) - XceiverServerGrpc 2216662d-36f3-4191-bcae-280d73b4aebf is started using port 44653
2019-10-08 04:08:57,827 [main] INFO  ozone.MiniOzoneClusterImpl (MiniOzoneClusterImpl.java:lambda$waitForClusterToBeReady$0(147)) - Waiting for cluster to be ready. Got 0 of 7 DN Heartbeats.
2019-10-08 04:08:57,842 [Datanode State Machine Thread - 0] INFO  ozoneimpl.OzoneContainer (OzoneContainer.java:start(213)) - Attempting to start container services.
2019-10-08 04:08:57,842 [Datanode State Machine Thread - 0] INFO  ozoneimpl.OzoneContainer (OzoneContainer.java:startContainerScrub(177)) - Background container scanner has been disabled.
2019-10-08 04:08:57,842 [Datanode State Machine Thread - 0] INFO  ratis.XceiverServerRatis (XceiverServerRatis.java:start(418)) - Starting XceiverServerRatis fb672a9d-abab-468f-a96a-13af78d2b6f6 at port 0
2019-10-08 04:08:57,849 [Datanode State Machine Thread - 0] INFO  impl.RaftServerProxy (RaftServerProxy.java:lambda$start$3(299)) - fb672a9d-abab-468f-a96a-13af78d2b6f6: start RPC server
2019-10-08 04:08:57,850 [Datanode State Machine Thread - 0] INFO  server.GrpcService (GrpcService.java:startImpl(158)) - fb672a9d-abab-468f-a96a-13af78d2b6f6: GrpcService started, listening on 0.0.0.0/0.0.0.0:34998
2019-10-08 04:08:57,850 [Datanode State Machine Thread - 0] INFO  ratis.XceiverServerRatis (XceiverServerRatis.java:start(428)) - XceiverServerRatis fb672a9d-abab-468f-a96a-13af78d2b6f6 is started using port 34998
2019-10-08 04:08:57,867 [Datanode State Machine Thread - 0] INFO  server.XceiverServerGrpc (XceiverServerGrpc.java:start(149)) - XceiverServerGrpc fb672a9d-abab-468f-a96a-13af78d2b6f6 is started using port 33725
2019-10-08 04:08:58,677 [grpc-default-executor-0] WARN  server.GrpcLogAppender (LogUtils.java:warn(134)) - 9a86e02d-457a-4233-b456-1f823c7b9675@group-903E021DC2E5->8182f3c3-6485-4730-b171-cad52f435bf6-AppendLogResponseHandler: Failed appendEntries: org.apache.ratis.thirdparty.io.grpc.StatusRuntimeException: UNAVAILABLE: io exception
2019-10-08 04:08:58,677 [grpc-default-executor-4] WARN  server.GrpcLogAppender (LogUtils.java:warn(134)) - 9a86e02d-457a-4233-b456-1f823c7b9675@group-903E021DC2E5->53d4e2b8-d7c3-4e33-8543-84865c350f2c-AppendLogResponseHandler: Failed appendEntries: org.apache.ratis.thirdparty.io.grpc.StatusRuntimeException: UNAVAILABLE: io exception
2019-10-08 04:08:58,677 [grpc-default-executor-0] INFO  impl.FollowerInfo (FollowerInfo.java:lambda$new$0(51)) - 9a86e02d-457a-4233-b456-1f823c7b9675@group-903E021DC2E5->8182f3c3-6485-4730-b171-cad52f435bf6: nextIndex: updateUnconditionally 0 -> 0
2019-10-08 04:08:58,677 [grpc-default-executor-4] INFO  impl.FollowerInfo (FollowerInfo.java:lambda$new$0(51)) - 9a86e02d-457a-4233-b456-1f823c7b9675@group-903E021DC2E5->53d4e2b8-d7c3-4e33-8543-84865c350f2c: nextIndex: updateUnconditionally 0 -> 0
2019-10-08 04:08:58,828 [main] INFO  ozone.MiniOzoneClusterImpl (MiniOzoneClusterImpl.java:lambda$waitForClusterToBeReady$0(147)) - Waiting for cluster to be ready. Got 0 of 7 DN Heartbeats.
2019-10-08 04:08:59,288 [IPC Server handler 5 on 43105] INFO  net.NetworkTopology (NetworkTopologyImpl.java:add(111)) - Added a new node: /default-rack/bb80d0ac-a8d2-4db1-83af-53cc40b2ce35
2019-10-08 04:08:59,292 [IPC Server handler 5 on 43105] INFO  node.SCMNodeManager (SCMNodeManager.java:register(268)) - Registered Data node : bb80d0ac-a8d2-4db1-83af-53cc40b2ce35{ip: 192.168.151.83, host: pr-hdds-2217-jqnfv-3133698562, networkLocation: /default-rack, certSerialId: null}
2019-10-08 04:08:59,293 [EventQueue-NodeRegistrationContainerReportForDataNodeSafeModeRule] INFO  safemode.SCMSafeModeManager (DataNodeSafeModeRule.java:process(71)) - SCM in safe mode. 1 DataNodes registered, 1 required.
2019-10-08 04:08:59,296 [EventQueue-NodeRegistrationContainerReportForDataNodeSafeModeRule] INFO  safemode.SCMSafeModeManager (SCMSafeModeManager.java:validateSafeModeExitRules(177)) - ScmSafeModeManager, all rules are successfully validated
2019-10-08 04:08:59,296 [EventQueue-NodeRegistrationContainerReportForDataNodeSafeModeRule] INFO  safemode.SCMSafeModeManager (SCMSafeModeManager.java:exitSafeMode(193)) - SCM exiting safe mode.
2019-10-08 04:08:59,307 [grpc-default-executor-1] INFO  impl.RaftServerProxy (RaftServerProxy.java:addNew(89)) - bb80d0ac-a8d2-4db1-83af-53cc40b2ce35: addNew group-49D09349582D:[bb80d0ac-a8d2-4db1-83af-53cc40b2ce35:192.168.151.83:35573] returns group-49D09349582D:java.util.concurrent.CompletableFuture@e3caf3c[Not completed]
2019-10-08 04:08:59,309 [pool-383-thread-1] INFO  impl.RaftServerImpl (RaftServerImpl.java:<init>(95)) - bb80d0ac-a8d2-4db1-83af-53cc40b2ce35: new RaftServerImpl for group-49D09349582D:[bb80d0ac-a8d2-4db1-83af-53cc40b2ce35:192.168.151.83:35573] with ContainerStateMachine:uninitialized
2019-10-08 04:08:59,309 [pool-383-thread-1] INFO  server.RaftServerConfigKeys (ConfUtils.java:logGet(43)) - raft.server.rpc.timeout.min = 5s (custom)
2019-10-08 04:08:59,309 [pool-383-thread-1] INFO  server.RaftServerConfigKeys (ConfUtils.java:logGet(43)) - raft.server.rpc.timeout.max = 5200ms (custom)
2019-10-08 04:08:59,310 [pool-383-thread-1] INFO  server.RaftServerConfigKeys (ConfUtils.java:logGet(43)) - raft.server.rpcslowness.timeout = 120s (custom)
2019-10-08 04:08:59,310 [pool-383-thread-1] INFO  server.RaftServerConfigKeys (ConfUtils.java:logGet(43)) - raft.server.sleep.deviation.threshold = 300 (default)
2019-10-08 04:08:59,310 [pool-383-thread-1] INFO  server.RaftServerConfigKeys (ConfUtils.java:logGet(43)) - raft.server.log.appender.install.snapshot.enabled = false (custom)
2019-10-08 04:08:59,310 [pool-383-thread-1] INFO  impl.RaftServerImpl (ServerState.java:<init>(103)) - bb80d0ac-a8d2-4db1-83af-53cc40b2ce35@group-49D09349582D: ConfigurationManager, init=-1: [bb80d0ac-a8d2-4db1-83af-53cc40b2ce35:192.168.151.83:35573], old=null, confs=<EMPTY_MAP>
2019-10-08 04:08:59,310 [pool-383-thread-1] INFO  server.RaftServerConfigKeys (ConfUtils.java:logGet(43)) - raft.server.storage.dir = [/workdir/hadoop-ozone/integration-test/target/test-dir/MiniOzoneClusterImpl-bb1bef09-a2ee-4d3f-9bf8-7f738e16213c/datanode-0/data/ratis] (custom)
2019-10-08 04:08:59,311 [pool-383-thread-1] INFO  server.RaftServerConfigKeys (ConfUtils.java:logGet(43)) - raft.server.log.corruption.policy = EXCEPTION (default)
2019-10-08 04:08:59,311 [pool-383-thread-1] INFO  storage.RaftStorageDirectory (RaftStorageDirectory.java:analyzeStorage(246)) - The storage directory /workdir/hadoop-ozone/integration-test/target/test-dir/MiniOzoneClusterImpl-bb1bef09-a2ee-4d3f-9bf8-7f738e16213c/datanode-0/data/ratis/70750820-516b-4ff0-884b-49d09349582d does not exist. Creating ...
2019-10-08 04:08:59,324 [pool-383-thread-1] INFO  storage.RaftStorageDirectory (RaftStorageDirectory.java:tryLock(328)) - Lock on /workdir/hadoop-ozone/integration-test/target/test-dir/MiniOzoneClusterImpl-bb1bef09-a2ee-4d3f-9bf8-7f738e16213c/datanode-0/data/ratis/70750820-516b-4ff0-884b-49d09349582d/in_use.lock acquired by nodename 22889@pr-hdds-2217-jqnfv-3133698562
2019-10-08 04:08:59,338 [pool-383-thread-1] INFO  storage.RaftStorage (RaftStorage.java:format(84)) - Storage directory /workdir/hadoop-ozone/integration-test/target/test-dir/MiniOzoneClusterImpl-bb1bef09-a2ee-4d3f-9bf8-7f738e16213c/datanode-0/data/ratis/70750820-516b-4ff0-884b-49d09349582d has been successfully formatted.
2019-10-08 04:08:59,338 [pool-383-thread-1] INFO  ratis.ContainerStateMachine (ContainerStateMachine.java:loadSnapshot(231)) - group-49D09349582D: The snapshot info is null. Setting the last applied indexto:(t:0, i:~)
2019-10-08 04:08:59,338 [pool-383-thread-1] INFO  server.RaftServerConfigKeys (ConfUtils.java:logGet(43)) - raft.server.notification.no-leader.timeout = 120s (custom)
2019-10-08 04:08:59,338 [pool-383-thread-1] INFO  server.RaftServerConfigKeys (ConfUtils.java:logGet(43)) - raft.server.log.use.memory = false (default)
2019-10-08 04:08:59,338 [pool-383-thread-1] INFO  server.RaftServerConfigKeys (ConfUtils.java:logGet(43)) - raft.server.log.purge.gap = 1000000 (custom)
2019-10-08 04:08:59,338 [pool-383-thread-1] INFO  server.RaftServerConfigKeys (ConfUtils.java:logGet(43)) - raft.server.log.appender.buffer.byte-limit = 33554432 (custom)
2019-10-08 04:08:59,339 [pool-383-thread-1] INFO  server.RaftServerConfigKeys (ConfUtils.java:logGet(43)) - raft.server.log.segment.size.max = 1048576 (custom)
2019-10-08 04:08:59,340 [pool-383-thread-1] INFO  server.RaftServerConfigKeys (ConfUtils.java:logGet(43)) - raft.server.log.segment.cache.num.max = 2 (custom)
2019-10-08 04:08:59,341 [pool-383-thread-1] INFO  segmented.SegmentedRaftLogWorker (SegmentedRaftLogWorker.java:<init>(173)) - new bb80d0ac-a8d2-4db1-83af-53cc40b2ce35@group-49D09349582D-SegmentedRaftLogWorker for RaftStorage:Storage Directory /workdir/hadoop-ozone/integration-test/target/test-dir/MiniOzoneClusterImpl-bb1bef09-a2ee-4d3f-9bf8-7f738e16213c/datanode-0/data/ratis/70750820-516b-4ff0-884b-49d09349582d
2019-10-08 04:08:59,341 [pool-383-thread-1] INFO  server.RaftServerConfigKeys (ConfUtils.java:logGet(43)) - raft.server.log.queue.byte-limit = 2147483647 (custom)
2019-10-08 04:08:59,341 [pool-383-thread-1] INFO  server.RaftServerConfigKeys (ConfUtils.java:logGet(43)) - raft.server.log.queue.element-limit = 1024 (custom)
2019-10-08 04:08:59,341 [pool-383-thread-1] INFO  server.RaftServerConfigKeys (ConfUtils.java:logGet(43)) - raft.server.log.segment.size.max = 1048576 (custom)
2019-10-08 04:08:59,341 [pool-383-thread-1] INFO  server.RaftServerConfigKeys (ConfUtils.java:logGet(43)) - raft.server.log.preallocated.size = 16384 (custom)
2019-10-08 04:08:59,341 [pool-383-thread-1] INFO  server.RaftServerConfigKeys (ConfUtils.java:logGet(43)) - raft.server.log.write.buffer.size = 33554432 (custom)
2019-10-08 04:08:59,341 [pool-383-thread-1] INFO  server.RaftServerConfigKeys (ConfUtils.java:logGet(43)) - raft.server.log.force.sync.num = 128 (default)
2019-10-08 04:08:59,341 [pool-383-thread-1] INFO  server.RaftServerConfigKeys (ConfUtils.java:logGet(43)) - raft.server.log.statemachine.data.sync = true (default)
2019-10-08 04:08:59,342 [pool-383-thread-1] INFO  server.RaftServerConfigKeys (ConfUtils.java:logGet(43)) - raft.server.log.statemachine.data.sync.timeout = 10s (default)
2019-10-08 04:08:59,342 [pool-383-thread-1] INFO  server.RaftServerConfigKeys (ConfUtils.java:logGet(43)) - raft.server.log.statemachine.data.sync.timeout.retry = -1 (default)
2019-10-08 04:08:59,342 [pool-383-thread-1] INFO  server.RaftServerConfigKeys (ConfUtils.java:logGet(43)) - raft.server.log.statemachine.data.caching.enabled = true (custom)
2019-10-08 04:08:59,343 [pool-383-thread-1] INFO  segmented.SegmentedRaftLogWorker (SegmentedRaftLogWorker.java:lambda$new$0(128)) - bb80d0ac-a8d2-4db1-83af-53cc40b2ce35@group-49D09349582D-SegmentedRaftLogWorker: flushIndex: setUnconditionally 0 -> -1
2019-10-08 04:08:59,343 [pool-383-thread-1] INFO  server.RaftServerConfigKeys (ConfUtils.java:logGet(43)) - raft.server.snapshot.auto.trigger.enabled = true (custom)
2019-10-08 04:08:59,343 [pool-383-thread-1] INFO  server.RaftServerConfigKeys (ConfUtils.java:logGet(43)) - raft.server.snapshot.auto.trigger.threshold = 10000 (custom)
2019-10-08 04:08:59,343 [pool-383-thread-1] INFO  server.RaftServerConfigKeys (ConfUtils.java:logGet(43)) - raft.server.snapshot.retention.file.num = 5 (custom)
2019-10-08 04:08:59,343 [pool-383-thread-1] INFO  server.RaftServerConfigKeys (ConfUtils.java:logGet(43)) - raft.server.retrycache.expirytime = 600000ms (custom)
2019-10-08 04:08:59,345 [pool-383-thread-1] INFO  impl.RaftServerImpl (RaftServerImpl.java:start(181)) - bb80d0ac-a8d2-4db1-83af-53cc40b2ce35@group-49D09349582D: start as a follower, conf=-1: [bb80d0ac-a8d2-4db1-83af-53cc40b2ce35:192.168.151.83:35573], old=null
2019-10-08 04:08:59,345 [pool-383-thread-1] INFO  impl.RaftServerImpl (RaftServerImpl.java:setRole(170)) - bb80d0ac-a8d2-4db1-83af-53cc40b2ce35@group-49D09349582D: changes role from      null to FOLLOWER at term 0 for startAsFollower
2019-10-08 04:08:59,345 [pool-383-thread-1] INFO  impl.RoleInfo (RoleInfo.java:updateAndGet(143)) - bb80d0ac-a8d2-4db1-83af-53cc40b2ce35: start FollowerState
2019-10-08 04:08:59,346 [pool-383-thread-1] INFO  util.JmxRegister (JmxRegister.java:tryRegister(44)) - Successfully registered JMX Bean with object name Ratis:service=RaftServer,group=group-49D09349582D,id=bb80d0ac-a8d2-4db1-83af-53cc40b2ce35
2019-10-08 04:08:59,372 [IPC Server handler 6 on 43105] INFO  net.NetworkTopology (NetworkTopologyImpl.java:add(111)) - Added a new node: /default-rack/5582086d-f957-4017-84dd-f94e4c4ba1e1
2019-10-08 04:08:59,372 [IPC Server handler 6 on 43105] INFO  node.SCMNodeManager (SCMNodeManager.java:register(268)) - Registered Data node : 5582086d-f957-4017-84dd-f94e4c4ba1e1{ip: 192.168.151.83, host: pr-hdds-2217-jqnfv-3133698562, networkLocation: /default-rack, certSerialId: null}
2019-10-08 04:08:59,373 [RatisPipelineUtilsThread] INFO  pipeline.PipelineStateManager (PipelineStateManager.java:addPipeline(56)) - Created pipeline Pipeline[ Id: 70750820-516b-4ff0-884b-49d09349582d, Nodes: bb80d0ac-a8d2-4db1-83af-53cc40b2ce35{ip: 192.168.151.83, host: pr-hdds-2217-jqnfv-3133698562, networkLocation: /default-rack, certSerialId: null}, Type:RATIS, Factor:ONE, State:OPEN]
2019-10-08 04:08:59,382 [grpc-default-executor-1] INFO  impl.RaftServerProxy (RaftServerProxy.java:addNew(89)) - 5582086d-f957-4017-84dd-f94e4c4ba1e1: addNew group-3233063FBC51:[5582086d-f957-4017-84dd-f94e4c4ba1e1:192.168.151.83:39788] returns group-3233063FBC51:java.util.concurrent.CompletableFuture@30113084[Not completed]
2019-10-08 04:08:59,383 [pool-393-thread-1] INFO  impl.RaftServerImpl (RaftServerImpl.java:<init>(95)) - 5582086d-f957-4017-84dd-f94e4c4ba1e1: new RaftServerImpl for group-3233063FBC51:[5582086d-f957-4017-84dd-f94e4c4ba1e1:192.168.151.83:39788] with ContainerStateMachine:uninitialized
2019-10-08 04:08:59,384 [pool-393-thread-1] INFO  server.RaftServerConfigKeys (ConfUtils.java:logGet(43)) - raft.server.rpc.timeout.min = 5s (custom)
2019-10-08 04:08:59,384 [pool-393-thread-1] INFO  server.RaftServerConfigKeys (ConfUtils.java:logGet(43)) - raft.server.rpc.timeout.max = 5200ms (custom)
2019-10-08 04:08:59,384 [pool-393-thread-1] INFO  server.RaftServerConfigKeys (ConfUtils.java:logGet(43)) - raft.server.rpcslowness.timeout = 120s (custom)
2019-10-08 04:08:59,384 [pool-393-thread-1] INFO  server.RaftServerConfigKeys (ConfUtils.java:logGet(43)) - raft.server.sleep.deviation.threshold = 300 (default)
2019-10-08 04:08:59,384 [pool-393-thread-1] INFO  server.RaftServerConfigKeys (ConfUtils.java:logGet(43)) - raft.server.log.appender.install.snapshot.enabled = false (custom)
2019-10-08 04:08:59,384 [pool-393-thread-1] INFO  impl.RaftServerImpl (ServerState.java:<init>(103)) - 5582086d-f957-4017-84dd-f94e4c4ba1e1@group-3233063FBC51: ConfigurationManager, init=-1: [5582086d-f957-4017-84dd-f94e4c4ba1e1:192.168.151.83:39788], old=null, confs=<EMPTY_MAP>
2019-10-08 04:08:59,384 [pool-393-thread-1] INFO  server.RaftServerConfigKeys (ConfUtils.java:logGet(43)) - raft.server.storage.dir = [/workdir/hadoop-ozone/integration-test/target/test-dir/MiniOzoneClusterImpl-bb1bef09-a2ee-4d3f-9bf8-7f738e16213c/datanode-1/data/ratis] (custom)
2019-10-08 04:08:59,384 [pool-393-thread-1] INFO  server.RaftServerConfigKeys (ConfUtils.java:logGet(43)) - raft.server.log.corruption.policy = EXCEPTION (default)
2019-10-08 04:08:59,384 [pool-393-thread-1] INFO  storage.RaftStorageDirectory (RaftStorageDirectory.java:analyzeStorage(246)) - The storage directory /workdir/hadoop-ozone/integration-test/target/test-dir/MiniOzoneClusterImpl-bb1bef09-a2ee-4d3f-9bf8-7f738e16213c/datanode-1/data/ratis/289626a0-001d-4dad-8d5a-3233063fbc51 does not exist. Creating ...
2019-10-08 04:08:59,397 [pool-393-thread-1] INFO  storage.RaftStorageDirectory (RaftStorageDirectory.java:tryLock(328)) - Lock on /workdir/hadoop-ozone/integration-test/target/test-dir/MiniOzoneClusterImpl-bb1bef09-a2ee-4d3f-9bf8-7f738e16213c/datanode-1/data/ratis/289626a0-001d-4dad-8d5a-3233063fbc51/in_use.lock acquired by nodename 22889@pr-hdds-2217-jqnfv-3133698562
2019-10-08 04:08:59,410 [pool-393-thread-1] INFO  storage.RaftStorage (RaftStorage.java:format(84)) - Storage directory /workdir/hadoop-ozone/integration-test/target/test-dir/MiniOzoneClusterImpl-bb1bef09-a2ee-4d3f-9bf8-7f738e16213c/datanode-1/data/ratis/289626a0-001d-4dad-8d5a-3233063fbc51 has been successfully formatted.
2019-10-08 04:08:59,410 [pool-393-thread-1] INFO  ratis.ContainerStateMachine (ContainerStateMachine.java:loadSnapshot(231)) - group-3233063FBC51: The snapshot info is null. Setting the last applied indexto:(t:0, i:~)
2019-10-08 04:08:59,410 [pool-393-thread-1] INFO  server.RaftServerConfigKeys (ConfUtils.java:logGet(43)) - raft.server.notification.no-leader.timeout = 120s (custom)
2019-10-08 04:08:59,410 [pool-393-thread-1] INFO  server.RaftServerConfigKeys (ConfUtils.java:logGet(43)) - raft.server.log.use.memory = false (default)
2019-10-08 04:08:59,410 [pool-393-thread-1] INFO  server.RaftServerConfigKeys (ConfUtils.java:logGet(43)) - raft.server.log.purge.gap = 1000000 (custom)
2019-10-08 04:08:59,410 [pool-393-thread-1] INFO  server.RaftServerConfigKeys (ConfUtils.java:logGet(43)) - raft.server.log.appender.buffer.byte-limit = 33554432 (custom)
2019-10-08 04:08:59,410 [pool-393-thread-1] INFO  server.RaftServerConfigKeys (ConfUtils.java:logGet(43)) - raft.server.log.segment.size.max = 1048576 (custom)
2019-10-08 04:08:59,412 [pool-393-thread-1] INFO  server.RaftServerConfigKeys (ConfUtils.java:logGet(43)) - raft.server.log.segment.cache.num.max = 2 (custom)
2019-10-08 04:08:59,412 [pool-393-thread-1] INFO  segmented.SegmentedRaftLogWorker (SegmentedRaftLogWorker.java:<init>(173)) - new 5582086d-f957-4017-84dd-f94e4c4ba1e1@group-3233063FBC51-SegmentedRaftLogWorker for RaftStorage:Storage Directory /workdir/hadoop-ozone/integration-test/target/test-dir/MiniOzoneClusterImpl-bb1bef09-a2ee-4d3f-9bf8-7f738e16213c/datanode-1/data/ratis/289626a0-001d-4dad-8d5a-3233063fbc51
2019-10-08 04:08:59,412 [pool-393-thread-1] INFO  server.RaftServerConfigKeys (ConfUtils.java:logGet(43)) - raft.server.log.queue.byte-limit = 2147483647 (custom)
2019-10-08 04:08:59,412 [pool-393-thread-1] INFO  server.RaftServerConfigKeys (ConfUtils.java:logGet(43)) - raft.server.log.queue.element-limit = 1024 (custom)
2019-10-08 04:08:59,412 [pool-393-thread-1] INFO  server.RaftServerConfigKeys (ConfUtils.java:logGet(43)) - raft.server.log.segment.size.max = 1048576 (custom)
2019-10-08 04:08:59,412 [pool-393-thread-1] INFO  server.RaftServerConfigKeys (ConfUtils.java:logGet(43)) - raft.server.log.preallocated.size = 16384 (custom)
2019-10-08 04:08:59,412 [pool-393-thread-1] INFO  server.RaftServerConfigKeys (ConfUtils.java:logGet(43)) - raft.server.log.write.buffer.size = 33554432 (custom)
2019-10-08 04:08:59,412 [pool-393-thread-1] INFO  server.RaftServerConfigKeys (ConfUtils.java:logGet(43)) - raft.server.log.force.sync.num = 128 (default)
2019-10-08 04:08:59,413 [pool-393-thread-1] INFO  server.RaftServerConfigKeys (ConfUtils.java:logGet(43)) - raft.server.log.statemachine.data.sync = true (default)
2019-10-08 04:08:59,413 [pool-393-thread-1] INFO  server.RaftServerConfigKeys (ConfUtils.java:logGet(43)) - raft.server.log.statemachine.data.sync.timeout = 10s (default)
2019-10-08 04:08:59,413 [pool-393-thread-1] INFO  server.RaftServerConfigKeys (ConfUtils.java:logGet(43)) - raft.server.log.statemachine.data.sync.timeout.retry = -1 (default)
2019-10-08 04:08:59,413 [pool-393-thread-1] INFO  server.RaftServerConfigKeys (ConfUtils.java:logGet(43)) - raft.server.log.statemachine.data.caching.enabled = true (custom)
2019-10-08 04:08:59,413 [pool-393-thread-1] INFO  segmented.SegmentedRaftLogWorker (SegmentedRaftLogWorker.java:lambda$new$0(128)) - 5582086d-f957-4017-84dd-f94e4c4ba1e1@group-3233063FBC51-SegmentedRaftLogWorker: flushIndex: setUnconditionally 0 -> -1
2019-10-08 04:08:59,413 [pool-393-thread-1] INFO  server.RaftServerConfigKeys (ConfUtils.java:logGet(43)) - raft.server.snapshot.auto.trigger.enabled = true (custom)
2019-10-08 04:08:59,414 [pool-393-thread-1] INFO  server.RaftServerConfigKeys (ConfUtils.java:logGet(43)) - raft.server.snapshot.auto.trigger.threshold = 10000 (custom)
2019-10-08 04:08:59,414 [pool-393-thread-1] INFO  server.RaftServerConfigKeys (ConfUtils.java:logGet(43)) - raft.server.snapshot.retention.file.num = 5 (custom)
2019-10-08 04:08:59,414 [pool-393-thread-1] INFO  server.RaftServerConfigKeys (ConfUtils.java:logGet(43)) - raft.server.retrycache.expirytime = 600000ms (custom)
2019-10-08 04:08:59,415 [pool-393-thread-1] INFO  impl.RaftServerImpl (RaftServerImpl.java:start(181)) - 5582086d-f957-4017-84dd-f94e4c4ba1e1@group-3233063FBC51: start as a follower, conf=-1: [5582086d-f957-4017-84dd-f94e4c4ba1e1:192.168.151.83:39788], old=null
2019-10-08 04:08:59,415 [pool-393-thread-1] INFO  impl.RaftServerImpl (RaftServerImpl.java:setRole(170)) - 5582086d-f957-4017-84dd-f94e4c4ba1e1@group-3233063FBC51: changes role from      null to FOLLOWER at term 0 for startAsFollower
2019-10-08 04:08:59,415 [pool-393-thread-1] INFO  impl.RoleInfo (RoleInfo.java:updateAndGet(143)) - 5582086d-f957-4017-84dd-f94e4c4ba1e1: start FollowerState
2019-10-08 04:08:59,415 [pool-393-thread-1] INFO  util.JmxRegister (JmxRegister.java:tryRegister(44)) - Successfully registered JMX Bean with object name Ratis:service=RaftServer,group=group-3233063FBC51,id=5582086d-f957-4017-84dd-f94e4c4ba1e1
2019-10-08 04:08:59,423 [RatisPipelineUtilsThread] INFO  pipeline.PipelineStateManager (PipelineStateManager.java:addPipeline(56)) - Created pipeline Pipeline[ Id: 289626a0-001d-4dad-8d5a-3233063fbc51, Nodes: 5582086d-f957-4017-84dd-f94e4c4ba1e1{ip: 192.168.151.83, host: pr-hdds-2217-jqnfv-3133698562, networkLocation: /default-rack, certSerialId: null}, Type:RATIS, Factor:ONE, State:OPEN]
2019-10-08 04:08:59,469 [IPC Server handler 1 on 43105] INFO  net.NetworkTopology (NetworkTopologyImpl.java:add(111)) - Added a new node: /default-rack/11368e19-1284-4e3e-8734-21e5625b0eed
2019-10-08 04:08:59,469 [IPC Server handler 1 on 43105] INFO  node.SCMNodeManager (SCMNodeManager.java:register(268)) - Registered Data node : 11368e19-1284-4e3e-8734-21e5625b0eed{ip: 192.168.151.83, host: pr-hdds-2217-jqnfv-3133698562, networkLocation: /default-rack, certSerialId: null}
2019-10-08 04:08:59,499 [grpc-default-executor-1] INFO  impl.RaftServerProxy (RaftServerProxy.java:addNew(89)) - 11368e19-1284-4e3e-8734-21e5625b0eed: addNew group-1161E11D4597:[11368e19-1284-4e3e-8734-21e5625b0eed:192.168.151.83:33460] returns group-1161E11D4597:java.util.concurrent.CompletableFuture@6d00c1[Not completed]
2019-10-08 04:08:59,501 [pool-403-thread-1] INFO  impl.RaftServerImpl (RaftServerImpl.java:<init>(95)) - 11368e19-1284-4e3e-8734-21e5625b0eed: new RaftServerImpl for group-1161E11D4597:[11368e19-1284-4e3e-8734-21e5625b0eed:192.168.151.83:33460] with ContainerStateMachine:uninitialized
2019-10-08 04:08:59,501 [pool-403-thread-1] INFO  server.RaftServerConfigKeys (ConfUtils.java:logGet(43)) - raft.server.rpc.timeout.min = 5s (custom)
2019-10-08 04:08:59,501 [pool-403-thread-1] INFO  server.RaftServerConfigKeys (ConfUtils.java:logGet(43)) - raft.server.rpc.timeout.max = 5200ms (custom)
2019-10-08 04:08:59,501 [pool-403-thread-1] INFO  server.RaftServerConfigKeys (ConfUtils.java:logGet(43)) - raft.server.rpcslowness.timeout = 120s (custom)
2019-10-08 04:08:59,501 [pool-403-thread-1] INFO  server.RaftServerConfigKeys (ConfUtils.java:logGet(43)) - raft.server.sleep.deviation.threshold = 300 (default)
2019-10-08 04:08:59,501 [pool-403-thread-1] INFO  server.RaftServerConfigKeys (ConfUtils.java:logGet(43)) - raft.server.log.appender.install.snapshot.enabled = false (custom)
2019-10-08 04:08:59,501 [pool-403-thread-1] INFO  impl.RaftServerImpl (ServerState.java:<init>(103)) - 11368e19-1284-4e3e-8734-21e5625b0eed@group-1161E11D4597: ConfigurationManager, init=-1: [11368e19-1284-4e3e-8734-21e5625b0eed:192.168.151.83:33460], old=null, confs=<EMPTY_MAP>
2019-10-08 04:08:59,501 [pool-403-thread-1] INFO  server.RaftServerConfigKeys (ConfUtils.java:logGet(43)) - raft.server.storage.dir = [/workdir/hadoop-ozone/integration-test/target/test-dir/MiniOzoneClusterImpl-bb1bef09-a2ee-4d3f-9bf8-7f738e16213c/datanode-2/data/ratis] (custom)
2019-10-08 04:08:59,502 [pool-403-thread-1] INFO  server.RaftServerConfigKeys (ConfUtils.java:logGet(43)) - raft.server.log.corruption.policy = EXCEPTION (default)
2019-10-08 04:08:59,502 [pool-403-thread-1] INFO  storage.RaftStorageDirectory (RaftStorageDirectory.java:analyzeStorage(246)) - The storage directory /workdir/hadoop-ozone/integration-test/target/test-dir/MiniOzoneClusterImpl-bb1bef09-a2ee-4d3f-9bf8-7f738e16213c/datanode-2/data/ratis/777a515c-8e5f-439f-9e58-1161e11d4597 does not exist. Creating ...
2019-10-08 04:08:59,515 [pool-403-thread-1] INFO  storage.RaftStorageDirectory (RaftStorageDirectory.java:tryLock(328)) - Lock on /workdir/hadoop-ozone/integration-test/target/test-dir/MiniOzoneClusterImpl-bb1bef09-a2ee-4d3f-9bf8-7f738e16213c/datanode-2/data/ratis/777a515c-8e5f-439f-9e58-1161e11d4597/in_use.lock acquired by nodename 22889@pr-hdds-2217-jqnfv-3133698562
2019-10-08 04:08:59,528 [pool-403-thread-1] INFO  storage.RaftStorage (RaftStorage.java:format(84)) - Storage directory /workdir/hadoop-ozone/integration-test/target/test-dir/MiniOzoneClusterImpl-bb1bef09-a2ee-4d3f-9bf8-7f738e16213c/datanode-2/data/ratis/777a515c-8e5f-439f-9e58-1161e11d4597 has been successfully formatted.
2019-10-08 04:08:59,528 [pool-403-thread-1] INFO  ratis.ContainerStateMachine (ContainerStateMachine.java:loadSnapshot(231)) - group-1161E11D4597: The snapshot info is null. Setting the last applied indexto:(t:0, i:~)
2019-10-08 04:08:59,528 [pool-403-thread-1] INFO  server.RaftServerConfigKeys (ConfUtils.java:logGet(43)) - raft.server.notification.no-leader.timeout = 120s (custom)
2019-10-08 04:08:59,528 [pool-403-thread-1] INFO  server.RaftServerConfigKeys (ConfUtils.java:logGet(43)) - raft.server.log.use.memory = false (default)
2019-10-08 04:08:59,528 [pool-403-thread-1] INFO  server.RaftServerConfigKeys (ConfUtils.java:logGet(43)) - raft.server.log.purge.gap = 1000000 (custom)
2019-10-08 04:08:59,528 [pool-403-thread-1] INFO  server.RaftServerConfigKeys (ConfUtils.java:logGet(43)) - raft.server.log.appender.buffer.byte-limit = 33554432 (custom)
2019-10-08 04:08:59,528 [pool-403-thread-1] INFO  server.RaftServerConfigKeys (ConfUtils.java:logGet(43)) - raft.server.log.segment.size.max = 1048576 (custom)
2019-10-08 04:08:59,530 [pool-403-thread-1] INFO  server.RaftServerConfigKeys (ConfUtils.java:logGet(43)) - raft.server.log.segment.cache.num.max = 2 (custom)
2019-10-08 04:08:59,530 [pool-403-thread-1] INFO  segmented.SegmentedRaftLogWorker (SegmentedRaftLogWorker.java:<init>(173)) - new 11368e19-1284-4e3e-8734-21e5625b0eed@group-1161E11D4597-SegmentedRaftLogWorker for RaftStorage:Storage Directory /workdir/hadoop-ozone/integration-test/target/test-dir/MiniOzoneClusterImpl-bb1bef09-a2ee-4d3f-9bf8-7f738e16213c/datanode-2/data/ratis/777a515c-8e5f-439f-9e58-1161e11d4597
2019-10-08 04:08:59,530 [pool-403-thread-1] INFO  server.RaftServerConfigKeys (ConfUtils.java:logGet(43)) - raft.server.log.queue.byte-limit = 2147483647 (custom)
2019-10-08 04:08:59,530 [pool-403-thread-1] INFO  server.RaftServerConfigKeys (ConfUtils.java:logGet(43)) - raft.server.log.queue.element-limit = 1024 (custom)
2019-10-08 04:08:59,530 [pool-403-thread-1] INFO  server.RaftServerConfigKeys (ConfUtils.java:logGet(43)) - raft.server.log.segment.size.max = 1048576 (custom)
2019-10-08 04:08:59,530 [pool-403-thread-1] INFO  server.RaftServerConfigKeys (ConfUtils.java:logGet(43)) - raft.server.log.preallocated.size = 16384 (custom)
2019-10-08 04:08:59,531 [pool-403-thread-1] INFO  server.RaftServerConfigKeys (ConfUtils.java:logGet(43)) - raft.server.log.write.buffer.size = 33554432 (custom)
2019-10-08 04:08:59,531 [pool-403-thread-1] INFO  server.RaftServerConfigKeys (ConfUtils.java:logGet(43)) - raft.server.log.force.sync.num = 128 (default)
2019-10-08 04:08:59,531 [pool-403-thread-1] INFO  server.RaftServerConfigKeys (ConfUtils.java:logGet(43)) - raft.server.log.statemachine.data.sync = true (default)
2019-10-08 04:08:59,531 [pool-403-thread-1] INFO  server.RaftServerConfigKeys (ConfUtils.java:logGet(43)) - raft.server.log.statemachine.data.sync.timeout = 10s (default)
2019-10-08 04:08:59,531 [pool-403-thread-1] INFO  server.RaftServerConfigKeys (ConfUtils.java:logGet(43)) - raft.server.log.statemachine.data.sync.timeout.retry = -1 (default)
2019-10-08 04:08:59,531 [pool-403-thread-1] INFO  server.RaftServerConfigKeys (ConfUtils.java:logGet(43)) - raft.server.log.statemachine.data.caching.enabled = true (custom)
2019-10-08 04:08:59,531 [pool-403-thread-1] INFO  segmented.SegmentedRaftLogWorker (SegmentedRaftLogWorker.java:lambda$new$0(128)) - 11368e19-1284-4e3e-8734-21e5625b0eed@group-1161E11D4597-SegmentedRaftLogWorker: flushIndex: setUnconditionally 0 -> -1
2019-10-08 04:08:59,532 [pool-403-thread-1] INFO  server.RaftServerConfigKeys (ConfUtils.java:logGet(43)) - raft.server.snapshot.auto.trigger.enabled = true (custom)
2019-10-08 04:08:59,532 [pool-403-thread-1] INFO  server.RaftServerConfigKeys (ConfUtils.java:logGet(43)) - raft.server.snapshot.auto.trigger.threshold = 10000 (custom)
2019-10-08 04:08:59,532 [pool-403-thread-1] INFO  server.RaftServerConfigKeys (ConfUtils.java:logGet(43)) - raft.server.snapshot.retention.file.num = 5 (custom)
2019-10-08 04:08:59,532 [pool-403-thread-1] INFO  server.RaftServerConfigKeys (ConfUtils.java:logGet(43)) - raft.server.retrycache.expirytime = 600000ms (custom)
2019-10-08 04:08:59,534 [pool-403-thread-1] INFO  impl.RaftServerImpl (RaftServerImpl.java:start(181)) - 11368e19-1284-4e3e-8734-21e5625b0eed@group-1161E11D4597: start as a follower, conf=-1: [11368e19-1284-4e3e-8734-21e5625b0eed:192.168.151.83:33460], old=null
2019-10-08 04:08:59,534 [pool-403-thread-1] INFO  impl.RaftServerImpl (RaftServerImpl.java:setRole(170)) - 11368e19-1284-4e3e-8734-21e5625b0eed@group-1161E11D4597: changes role from      null to FOLLOWER at term 0 for startAsFollower
2019-10-08 04:08:59,534 [pool-403-thread-1] INFO  impl.RoleInfo (RoleInfo.java:updateAndGet(143)) - 11368e19-1284-4e3e-8734-21e5625b0eed: start FollowerState
2019-10-08 04:08:59,534 [pool-403-thread-1] INFO  util.JmxRegister (JmxRegister.java:tryRegister(44)) - Successfully registered JMX Bean with object name Ratis:service=RaftServer,group=group-1161E11D4597,id=11368e19-1284-4e3e-8734-21e5625b0eed
2019-10-08 04:08:59,544 [RatisPipelineUtilsThread] INFO  pipeline.PipelineStateManager (PipelineStateManager.java:addPipeline(56)) - Created pipeline Pipeline[ Id: 777a515c-8e5f-439f-9e58-1161e11d4597, Nodes: 11368e19-1284-4e3e-8734-21e5625b0eed{ip: 192.168.151.83, host: pr-hdds-2217-jqnfv-3133698562, networkLocation: /default-rack, certSerialId: null}, Type:RATIS, Factor:ONE, State:OPEN]
2019-10-08 04:08:59,559 [grpc-default-executor-4] INFO  impl.RaftServerProxy (RaftServerProxy.java:addNew(89)) - 5582086d-f957-4017-84dd-f94e4c4ba1e1: addNew group-FA0D1CE3D212:[5582086d-f957-4017-84dd-f94e4c4ba1e1:192.168.151.83:39788, bb80d0ac-a8d2-4db1-83af-53cc40b2ce35:192.168.151.83:35573, 11368e19-1284-4e3e-8734-21e5625b0eed:192.168.151.83:33460] returns group-FA0D1CE3D212:java.util.concurrent.CompletableFuture@72314b32[Not completed]
2019-10-08 04:08:59,559 [grpc-default-executor-0] INFO  impl.RaftServerProxy (RaftServerProxy.java:addNew(89)) - 11368e19-1284-4e3e-8734-21e5625b0eed: addNew group-FA0D1CE3D212:[5582086d-f957-4017-84dd-f94e4c4ba1e1:192.168.151.83:39788, bb80d0ac-a8d2-4db1-83af-53cc40b2ce35:192.168.151.83:35573, 11368e19-1284-4e3e-8734-21e5625b0eed:192.168.151.83:33460] returns group-FA0D1CE3D212:java.util.concurrent.CompletableFuture@73557f92[Not completed]
2019-10-08 04:08:59,560 [grpc-default-executor-4] INFO  impl.RaftServerProxy (RaftServerProxy.java:addNew(89)) - bb80d0ac-a8d2-4db1-83af-53cc40b2ce35: addNew group-FA0D1CE3D212:[5582086d-f957-4017-84dd-f94e4c4ba1e1:192.168.151.83:39788, bb80d0ac-a8d2-4db1-83af-53cc40b2ce35:192.168.151.83:35573, 11368e19-1284-4e3e-8734-21e5625b0eed:192.168.151.83:33460] returns group-FA0D1CE3D212:java.util.concurrent.CompletableFuture@7b4c2e75[Not completed]
2019-10-08 04:08:59,560 [pool-393-thread-1] INFO  impl.RaftServerImpl (RaftServerImpl.java:<init>(95)) - 5582086d-f957-4017-84dd-f94e4c4ba1e1: new RaftServerImpl for group-FA0D1CE3D212:[5582086d-f957-4017-84dd-f94e4c4ba1e1:192.168.151.83:39788, bb80d0ac-a8d2-4db1-83af-53cc40b2ce35:192.168.151.83:35573, 11368e19-1284-4e3e-8734-21e5625b0eed:192.168.151.83:33460] with ContainerStateMachine:uninitialized
2019-10-08 04:08:59,560 [pool-393-thread-1] INFO  server.RaftServerConfigKeys (ConfUtils.java:logGet(43)) - raft.server.rpc.timeout.min = 5s (custom)
2019-10-08 04:08:59,560 [pool-393-thread-1] INFO  server.RaftServerConfigKeys (ConfUtils.java:logGet(43)) - raft.server.rpc.timeout.max = 5200ms (custom)
2019-10-08 04:08:59,560 [pool-383-thread-1] INFO  impl.RaftServerImpl (RaftServerImpl.java:<init>(95)) - bb80d0ac-a8d2-4db1-83af-53cc40b2ce35: new RaftServerImpl for group-FA0D1CE3D212:[5582086d-f957-4017-84dd-f94e4c4ba1e1:192.168.151.83:39788, bb80d0ac-a8d2-4db1-83af-53cc40b2ce35:192.168.151.83:35573, 11368e19-1284-4e3e-8734-21e5625b0eed:192.168.151.83:33460] with ContainerStateMachine:uninitialized
2019-10-08 04:08:59,560 [pool-393-thread-1] INFO  server.RaftServerConfigKeys (ConfUtils.java:logGet(43)) - raft.server.rpcslowness.timeout = 120s (custom)
2019-10-08 04:08:59,561 [pool-383-thread-1] INFO  server.RaftServerConfigKeys (ConfUtils.java:logGet(43)) - raft.server.rpc.timeout.min = 5s (custom)
2019-10-08 04:08:59,561 [pool-393-thread-1] INFO  server.RaftServerConfigKeys (ConfUtils.java:logGet(43)) - raft.server.sleep.deviation.threshold = 300 (default)
2019-10-08 04:08:59,561 [pool-383-thread-1] INFO  server.RaftServerConfigKeys (ConfUtils.java:logGet(43)) - raft.server.rpc.timeout.max = 5200ms (custom)
2019-10-08 04:08:59,561 [pool-393-thread-1] INFO  server.RaftServerConfigKeys (ConfUtils.java:logGet(43)) - raft.server.log.appender.install.snapshot.enabled = false (custom)
2019-10-08 04:08:59,561 [IPC Server handler 0 on 43105] INFO  net.NetworkTopology (NetworkTopologyImpl.java:add(111)) - Added a new node: /default-rack/d9c1ee62-388b-4e3a-aee2-263343cf0ad0
2019-10-08 04:08:59,561 [pool-393-thread-1] INFO  impl.RaftServerImpl (ServerState.java:<init>(103)) - 5582086d-f957-4017-84dd-f94e4c4ba1e1@group-FA0D1CE3D212: ConfigurationManager, init=-1: [5582086d-f957-4017-84dd-f94e4c4ba1e1:192.168.151.83:39788, bb80d0ac-a8d2-4db1-83af-53cc40b2ce35:192.168.151.83:35573, 11368e19-1284-4e3e-8734-21e5625b0eed:192.168.151.83:33460], old=null, confs=<EMPTY_MAP>
2019-10-08 04:08:59,561 [pool-383-thread-1] INFO  server.RaftServerConfigKeys (ConfUtils.java:logGet(43)) - raft.server.rpcslowness.timeout = 120s (custom)
2019-10-08 04:08:59,561 [pool-393-thread-1] INFO  server.RaftServerConfigKeys (ConfUtils.java:logGet(43)) - raft.server.storage.dir = [/workdir/hadoop-ozone/integration-test/target/test-dir/MiniOzoneClusterImpl-bb1bef09-a2ee-4d3f-9bf8-7f738e16213c/datanode-1/data/ratis] (custom)
2019-10-08 04:08:59,561 [IPC Server handler 0 on 43105] INFO  node.SCMNodeManager (SCMNodeManager.java:register(268)) - Registered Data node : d9c1ee62-388b-4e3a-aee2-263343cf0ad0{ip: 192.168.151.83, host: pr-hdds-2217-jqnfv-3133698562, networkLocation: /default-rack, certSerialId: null}
2019-10-08 04:08:59,562 [pool-393-thread-1] INFO  server.RaftServerConfigKeys (ConfUtils.java:logGet(43)) - raft.server.log.corruption.policy = EXCEPTION (default)
2019-10-08 04:08:59,561 [pool-403-thread-1] INFO  impl.RaftServerImpl (RaftServerImpl.java:<init>(95)) - 11368e19-1284-4e3e-8734-21e5625b0eed: new RaftServerImpl for group-FA0D1CE3D212:[5582086d-f957-4017-84dd-f94e4c4ba1e1:192.168.151.83:39788, bb80d0ac-a8d2-4db1-83af-53cc40b2ce35:192.168.151.83:35573, 11368e19-1284-4e3e-8734-21e5625b0eed:192.168.151.83:33460] with ContainerStateMachine:uninitialized
2019-10-08 04:08:59,561 [pool-383-thread-1] INFO  server.RaftServerConfigKeys (ConfUtils.java:logGet(43)) - raft.server.sleep.deviation.threshold = 300 (default)
2019-10-08 04:08:59,562 [pool-403-thread-1] INFO  server.RaftServerConfigKeys (ConfUtils.java:logGet(43)) - raft.server.rpc.timeout.min = 5s (custom)
2019-10-08 04:08:59,562 [pool-393-thread-1] INFO  storage.RaftStorageDirectory (RaftStorageDirectory.java:analyzeStorage(246)) - The storage directory /workdir/hadoop-ozone/integration-test/target/test-dir/MiniOzoneClusterImpl-bb1bef09-a2ee-4d3f-9bf8-7f738e16213c/datanode-1/data/ratis/b88618ff-2ead-441a-a9b6-fa0d1ce3d212 does not exist. Creating ...
2019-10-08 04:08:59,562 [pool-403-thread-1] INFO  server.RaftServerConfigKeys (ConfUtils.java:logGet(43)) - raft.server.rpc.timeout.max = 5200ms (custom)
2019-10-08 04:08:59,562 [pool-403-thread-1] INFO  server.RaftServerConfigKeys (ConfUtils.java:logGet(43)) - raft.server.rpcslowness.timeout = 120s (custom)
2019-10-08 04:08:59,562 [pool-383-thread-1] INFO  server.RaftServerConfigKeys (ConfUtils.java:logGet(43)) - raft.server.log.appender.install.snapshot.enabled = false (custom)
2019-10-08 04:08:59,562 [pool-403-thread-1] INFO  server.RaftServerConfigKeys (ConfUtils.java:logGet(43)) - raft.server.sleep.deviation.threshold = 300 (default)
2019-10-08 04:08:59,562 [pool-383-thread-1] INFO  impl.RaftServerImpl (ServerState.java:<init>(103)) - bb80d0ac-a8d2-4db1-83af-53cc40b2ce35@group-FA0D1CE3D212: ConfigurationManager, init=-1: [5582086d-f957-4017-84dd-f94e4c4ba1e1:192.168.151.83:39788, bb80d0ac-a8d2-4db1-83af-53cc40b2ce35:192.168.151.83:35573, 11368e19-1284-4e3e-8734-21e5625b0eed:192.168.151.83:33460], old=null, confs=<EMPTY_MAP>
2019-10-08 04:08:59,563 [pool-403-thread-1] INFO  server.RaftServerConfigKeys (ConfUtils.java:logGet(43)) - raft.server.log.appender.install.snapshot.enabled = false (custom)
2019-10-08 04:08:59,563 [pool-383-thread-1] INFO  server.RaftServerConfigKeys (ConfUtils.java:logGet(43)) - raft.server.storage.dir = [/workdir/hadoop-ozone/integration-test/target/test-dir/MiniOzoneClusterImpl-bb1bef09-a2ee-4d3f-9bf8-7f738e16213c/datanode-0/data/ratis] (custom)
2019-10-08 04:08:59,563 [pool-403-thread-1] INFO  impl.RaftServerImpl (ServerState.java:<init>(103)) - 11368e19-1284-4e3e-8734-21e5625b0eed@group-FA0D1CE3D212: ConfigurationManager, init=-1: [5582086d-f957-4017-84dd-f94e4c4ba1e1:192.168.151.83:39788, bb80d0ac-a8d2-4db1-83af-53cc40b2ce35:192.168.151.83:35573, 11368e19-1284-4e3e-8734-21e5625b0eed:192.168.151.83:33460], old=null, confs=<EMPTY_MAP>
2019-10-08 04:08:59,563 [pool-383-thread-1] INFO  server.RaftServerConfigKeys (ConfUtils.java:logGet(43)) - raft.server.log.corruption.policy = EXCEPTION (default)
2019-10-08 04:08:59,563 [pool-403-thread-1] INFO  server.RaftServerConfigKeys (ConfUtils.java:logGet(43)) - raft.server.storage.dir = [/workdir/hadoop-ozone/integration-test/target/test-dir/MiniOzoneClusterImpl-bb1bef09-a2ee-4d3f-9bf8-7f738e16213c/datanode-2/data/ratis] (custom)
2019-10-08 04:08:59,563 [pool-383-thread-1] INFO  storage.RaftStorageDirectory (RaftStorageDirectory.java:analyzeStorage(246)) - The storage directory /workdir/hadoop-ozone/integration-test/target/test-dir/MiniOzoneClusterImpl-bb1bef09-a2ee-4d3f-9bf8-7f738e16213c/datanode-0/data/ratis/b88618ff-2ead-441a-a9b6-fa0d1ce3d212 does not exist. Creating ...
2019-10-08 04:08:59,563 [pool-403-thread-1] INFO  server.RaftServerConfigKeys (ConfUtils.java:logGet(43)) - raft.server.log.corruption.policy = EXCEPTION (default)
2019-10-08 04:08:59,563 [pool-403-thread-1] INFO  storage.RaftStorageDirectory (RaftStorageDirectory.java:analyzeStorage(246)) - The storage directory /workdir/hadoop-ozone/integration-test/target/test-dir/MiniOzoneClusterImpl-bb1bef09-a2ee-4d3f-9bf8-7f738e16213c/datanode-2/data/ratis/b88618ff-2ead-441a-a9b6-fa0d1ce3d212 does not exist. Creating ...
2019-10-08 04:08:59,576 [pool-383-thread-1] INFO  storage.RaftStorageDirectory (RaftStorageDirectory.java:tryLock(328)) - Lock on /workdir/hadoop-ozone/integration-test/target/test-dir/MiniOzoneClusterImpl-bb1bef09-a2ee-4d3f-9bf8-7f738e16213c/datanode-0/data/ratis/b88618ff-2ead-441a-a9b6-fa0d1ce3d212/in_use.lock acquired by nodename 22889@pr-hdds-2217-jqnfv-3133698562
2019-10-08 04:08:59,576 [pool-393-thread-1] INFO  storage.RaftStorageDirectory (RaftStorageDirectory.java:tryLock(328)) - Lock on /workdir/hadoop-ozone/integration-test/target/test-dir/MiniOzoneClusterImpl-bb1bef09-a2ee-4d3f-9bf8-7f738e16213c/datanode-1/data/ratis/b88618ff-2ead-441a-a9b6-fa0d1ce3d212/in_use.lock acquired by nodename 22889@pr-hdds-2217-jqnfv-3133698562
2019-10-08 04:08:59,576 [pool-403-thread-1] INFO  storage.RaftStorageDirectory (RaftStorageDirectory.java:tryLock(328)) - Lock on /workdir/hadoop-ozone/integration-test/target/test-dir/MiniOzoneClusterImpl-bb1bef09-a2ee-4d3f-9bf8-7f738e16213c/datanode-2/data/ratis/b88618ff-2ead-441a-a9b6-fa0d1ce3d212/in_use.lock acquired by nodename 22889@pr-hdds-2217-jqnfv-3133698562
2019-10-08 04:08:59,589 [pool-383-thread-1] INFO  storage.RaftStorage (RaftStorage.java:format(84)) - Storage directory /workdir/hadoop-ozone/integration-test/target/test-dir/MiniOzoneClusterImpl-bb1bef09-a2ee-4d3f-9bf8-7f738e16213c/datanode-0/data/ratis/b88618ff-2ead-441a-a9b6-fa0d1ce3d212 has been successfully formatted.
2019-10-08 04:08:59,589 [pool-403-thread-1] INFO  storage.RaftStorage (RaftStorage.java:format(84)) - Storage directory /workdir/hadoop-ozone/integration-test/target/test-dir/MiniOzoneClusterImpl-bb1bef09-a2ee-4d3f-9bf8-7f738e16213c/datanode-2/data/ratis/b88618ff-2ead-441a-a9b6-fa0d1ce3d212 has been successfully formatted.
2019-10-08 04:08:59,589 [pool-393-thread-1] INFO  storage.RaftStorage (RaftStorage.java:format(84)) - Storage directory /workdir/hadoop-ozone/integration-test/target/test-dir/MiniOzoneClusterImpl-bb1bef09-a2ee-4d3f-9bf8-7f738e16213c/datanode-1/data/ratis/b88618ff-2ead-441a-a9b6-fa0d1ce3d212 has been successfully formatted.
2019-10-08 04:08:59,589 [pool-383-thread-1] INFO  ratis.ContainerStateMachine (ContainerStateMachine.java:loadSnapshot(231)) - group-FA0D1CE3D212: The snapshot info is null. Setting the last applied indexto:(t:0, i:~)
2019-10-08 04:08:59,590 [pool-393-thread-1] INFO  ratis.ContainerStateMachine (ContainerStateMachine.java:loadSnapshot(231)) - group-FA0D1CE3D212: The snapshot info is null. Setting the last applied indexto:(t:0, i:~)
2019-10-08 04:08:59,590 [pool-403-thread-1] INFO  ratis.ContainerStateMachine (ContainerStateMachine.java:loadSnapshot(231)) - group-FA0D1CE3D212: The snapshot info is null. Setting the last applied indexto:(t:0, i:~)
2019-10-08 04:08:59,590 [pool-393-thread-1] INFO  server.RaftServerConfigKeys (ConfUtils.java:logGet(43)) - raft.server.notification.no-leader.timeout = 120s (custom)
2019-10-08 04:08:59,590 [pool-383-thread-1] INFO  server.RaftServerConfigKeys (ConfUtils.java:logGet(43)) - raft.server.notification.no-leader.timeout = 120s (custom)
2019-10-08 04:08:59,590 [pool-393-thread-1] INFO  server.RaftServerConfigKeys (ConfUtils.java:logGet(43)) - raft.server.log.use.memory = false (default)
2019-10-08 04:08:59,590 [pool-403-thread-1] INFO  server.RaftServerConfigKeys (ConfUtils.java:logGet(43)) - raft.server.notification.no-leader.timeout = 120s (custom)
2019-10-08 04:08:59,590 [pool-393-thread-1] INFO  server.RaftServerConfigKeys (ConfUtils.java:logGet(43)) - raft.server.log.purge.gap = 1000000 (custom)
2019-10-08 04:08:59,590 [pool-383-thread-1] INFO  server.RaftServerConfigKeys (ConfUtils.java:logGet(43)) - raft.server.log.use.memory = false (default)
2019-10-08 04:08:59,590 [pool-393-thread-1] INFO  server.RaftServerConfigKeys (ConfUtils.java:logGet(43)) - raft.server.log.appender.buffer.byte-limit = 33554432 (custom)
2019-10-08 04:08:59,590 [pool-403-thread-1] INFO  server.RaftServerConfigKeys (ConfUtils.java:logGet(43)) - raft.server.log.use.memory = false (default)
2019-10-08 04:08:59,591 [pool-393-thread-1] INFO  server.RaftServerConfigKeys (ConfUtils.java:logGet(43)) - raft.server.log.segment.size.max = 1048576 (custom)
2019-10-08 04:08:59,590 [pool-383-thread-1] INFO  server.RaftServerConfigKeys (ConfUtils.java:logGet(43)) - raft.server.log.purge.gap = 1000000 (custom)
2019-10-08 04:08:59,591 [pool-393-thread-1] INFO  server.RaftServerConfigKeys (ConfUtils.java:logGet(43)) - raft.server.log.segment.cache.num.max = 2 (custom)
2019-10-08 04:08:59,591 [pool-403-thread-1] INFO  server.RaftServerConfigKeys (ConfUtils.java:logGet(43)) - raft.server.log.purge.gap = 1000000 (custom)
2019-10-08 04:08:59,591 [pool-393-thread-1] INFO  segmented.SegmentedRaftLogWorker (SegmentedRaftLogWorker.java:<init>(173)) - new 5582086d-f957-4017-84dd-f94e4c4ba1e1@group-FA0D1CE3D212-SegmentedRaftLogWorker for RaftStorage:Storage Directory /workdir/hadoop-ozone/integration-test/target/test-dir/MiniOzoneClusterImpl-bb1bef09-a2ee-4d3f-9bf8-7f738e16213c/datanode-1/data/ratis/b88618ff-2ead-441a-a9b6-fa0d1ce3d212
2019-10-08 04:08:59,591 [pool-393-thread-1] INFO  server.RaftServerConfigKeys (ConfUtils.java:logGet(43)) - raft.server.log.queue.byte-limit = 2147483647 (custom)
2019-10-08 04:08:59,591 [pool-383-thread-1] INFO  server.RaftServerConfigKeys (ConfUtils.java:logGet(43)) - raft.server.log.appender.buffer.byte-limit = 33554432 (custom)
2019-10-08 04:08:59,591 [pool-393-thread-1] INFO  server.RaftServerConfigKeys (ConfUtils.java:logGet(43)) - raft.server.log.queue.element-limit = 1024 (custom)
2019-10-08 04:08:59,591 [pool-403-thread-1] INFO  server.RaftServerConfigKeys (ConfUtils.java:logGet(43)) - raft.server.log.appender.buffer.byte-limit = 33554432 (custom)
2019-10-08 04:08:59,591 [pool-393-thread-1] INFO  server.RaftServerConfigKeys (ConfUtils.java:logGet(43)) - raft.server.log.segment.size.max = 1048576 (custom)
2019-10-08 04:08:59,591 [pool-383-thread-1] INFO  server.RaftServerConfigKeys (ConfUtils.java:logGet(43)) - raft.server.log.segment.size.max = 1048576 (custom)
2019-10-08 04:08:59,592 [pool-393-thread-1] INFO  server.RaftServerConfigKeys (ConfUtils.java:logGet(43)) - raft.server.log.preallocated.size = 16384 (custom)
2019-10-08 04:08:59,592 [pool-403-thread-1] INFO  server.RaftServerConfigKeys (ConfUtils.java:logGet(43)) - raft.server.log.segment.size.max = 1048576 (custom)
2019-10-08 04:08:59,592 [pool-393-thread-1] INFO  server.RaftServerConfigKeys (ConfUtils.java:logGet(43)) - raft.server.log.write.buffer.size = 33554432 (custom)
2019-10-08 04:08:59,592 [pool-403-thread-1] INFO  server.RaftServerConfigKeys (ConfUtils.java:logGet(43)) - raft.server.log.segment.cache.num.max = 2 (custom)
2019-10-08 04:08:59,592 [pool-383-thread-1] INFO  server.RaftServerConfigKeys (ConfUtils.java:logGet(43)) - raft.server.log.segment.cache.num.max = 2 (custom)
2019-10-08 04:08:59,592 [pool-403-thread-1] INFO  segmented.SegmentedRaftLogWorker (SegmentedRaftLogWorker.java:<init>(173)) - new 11368e19-1284-4e3e-8734-21e5625b0eed@group-FA0D1CE3D212-SegmentedRaftLogWorker for RaftStorage:Storage Directory /workdir/hadoop-ozone/integration-test/target/test-dir/MiniOzoneClusterImpl-bb1bef09-a2ee-4d3f-9bf8-7f738e16213c/datanode-2/data/ratis/b88618ff-2ead-441a-a9b6-fa0d1ce3d212
2019-10-08 04:08:59,592 [pool-393-thread-1] INFO  server.RaftServerConfigKeys (ConfUtils.java:logGet(43)) - raft.server.log.force.sync.num = 128 (default)
2019-10-08 04:08:59,592 [pool-403-thread-1] INFO  server.RaftServerConfigKeys (ConfUtils.java:logGet(43)) - raft.server.log.queue.byte-limit = 2147483647 (custom)
2019-10-08 04:08:59,592 [pool-383-thread-1] INFO  segmented.SegmentedRaftLogWorker (SegmentedRaftLogWorker.java:<init>(173)) - new bb80d0ac-a8d2-4db1-83af-53cc40b2ce35@group-FA0D1CE3D212-SegmentedRaftLogWorker for RaftStorage:Storage Directory /workdir/hadoop-ozone/integration-test/target/test-dir/MiniOzoneClusterImpl-bb1bef09-a2ee-4d3f-9bf8-7f738e16213c/datanode-0/data/ratis/b88618ff-2ead-441a-a9b6-fa0d1ce3d212
2019-10-08 04:08:59,593 [pool-403-thread-1] INFO  server.RaftServerConfigKeys (ConfUtils.java:logGet(43)) - raft.server.log.queue.element-limit = 1024 (custom)
2019-10-08 04:08:59,593 [pool-393-thread-1] INFO  server.RaftServerConfigKeys (ConfUtils.java:logGet(43)) - raft.server.log.statemachine.data.sync = true (default)
2019-10-08 04:08:59,593 [pool-403-thread-1] INFO  server.RaftServerConfigKeys (ConfUtils.java:logGet(43)) - raft.server.log.segment.size.max = 1048576 (custom)
2019-10-08 04:08:59,593 [pool-383-thread-1] INFO  server.RaftServerConfigKeys (ConfUtils.java:logGet(43)) - raft.server.log.queue.byte-limit = 2147483647 (custom)
2019-10-08 04:08:59,593 [pool-403-thread-1] INFO  server.RaftServerConfigKeys (ConfUtils.java:logGet(43)) - raft.server.log.preallocated.size = 16384 (custom)
2019-10-08 04:08:59,593 [pool-393-thread-1] INFO  server.RaftServerConfigKeys (ConfUtils.java:logGet(43)) - raft.server.log.statemachine.data.sync.timeout = 10s (default)
2019-10-08 04:08:59,593 [pool-403-thread-1] INFO  server.RaftServerConfigKeys (ConfUtils.java:logGet(43)) - raft.server.log.write.buffer.size = 33554432 (custom)
2019-10-08 04:08:59,593 [pool-383-thread-1] INFO  server.RaftServerConfigKeys (ConfUtils.java:logGet(43)) - raft.server.log.queue.element-limit = 1024 (custom)
2019-10-08 04:08:59,594 [pool-403-thread-1] INFO  server.RaftServerConfigKeys (ConfUtils.java:logGet(43)) - raft.server.log.force.sync.num = 128 (default)
2019-10-08 04:08:59,593 [pool-393-thread-1] INFO  server.RaftServerConfigKeys (ConfUtils.java:logGet(43)) - raft.server.log.statemachine.data.sync.timeout.retry = -1 (default)
2019-10-08 04:08:59,594 [pool-403-thread-1] INFO  server.RaftServerConfigKeys (ConfUtils.java:logGet(43)) - raft.server.log.statemachine.data.sync = true (default)
2019-10-08 04:08:59,594 [pool-383-thread-1] INFO  server.RaftServerConfigKeys (ConfUtils.java:logGet(43)) - raft.server.log.segment.size.max = 1048576 (custom)
2019-10-08 04:08:59,594 [pool-403-thread-1] INFO  server.RaftServerConfigKeys (ConfUtils.java:logGet(43)) - raft.server.log.statemachine.data.sync.timeout = 10s (default)
2019-10-08 04:08:59,594 [pool-393-thread-1] INFO  server.RaftServerConfigKeys (ConfUtils.java:logGet(43)) - raft.server.log.statemachine.data.caching.enabled = true (custom)
2019-10-08 04:08:59,594 [pool-403-thread-1] INFO  server.RaftServerConfigKeys (ConfUtils.java:logGet(43)) - raft.server.log.statemachine.data.sync.timeout.retry = -1 (default)
2019-10-08 04:08:59,594 [pool-383-thread-1] INFO  server.RaftServerConfigKeys (ConfUtils.java:logGet(43)) - raft.server.log.preallocated.size = 16384 (custom)
2019-10-08 04:08:59,595 [pool-403-thread-1] INFO  server.RaftServerConfigKeys (ConfUtils.java:logGet(43)) - raft.server.log.statemachine.data.caching.enabled = true (custom)
2019-10-08 04:08:59,595 [pool-383-thread-1] INFO  server.RaftServerConfigKeys (ConfUtils.java:logGet(43)) - raft.server.log.write.buffer.size = 33554432 (custom)
2019-10-08 04:08:59,595 [pool-393-thread-1] INFO  segmented.SegmentedRaftLogWorker (SegmentedRaftLogWorker.java:lambda$new$0(128)) - 5582086d-f957-4017-84dd-f94e4c4ba1e1@group-FA0D1CE3D212-SegmentedRaftLogWorker: flushIndex: setUnconditionally 0 -> -1
2019-10-08 04:08:59,595 [pool-403-thread-1] INFO  segmented.SegmentedRaftLogWorker (SegmentedRaftLogWorker.java:lambda$new$0(128)) - 11368e19-1284-4e3e-8734-21e5625b0eed@group-FA0D1CE3D212-SegmentedRaftLogWorker: flushIndex: setUnconditionally 0 -> -1
2019-10-08 04:08:59,595 [pool-383-thread-1] INFO  server.RaftServerConfigKeys (ConfUtils.java:logGet(43)) - raft.server.log.force.sync.num = 128 (default)
2019-10-08 04:08:59,595 [pool-393-thread-1] INFO  server.RaftServerConfigKeys (ConfUtils.java:logGet(43)) - raft.server.snapshot.auto.trigger.enabled = true (custom)
2019-10-08 04:08:59,595 [pool-383-thread-1] INFO  server.RaftServerConfigKeys (ConfUtils.java:logGet(43)) - raft.server.log.statemachine.data.sync = true (default)
2019-10-08 04:08:59,595 [pool-393-thread-1] INFO  server.RaftServerConfigKeys (ConfUtils.java:logGet(43)) - raft.server.snapshot.auto.trigger.threshold = 10000 (custom)
2019-10-08 04:08:59,595 [pool-403-thread-1] INFO  server.RaftServerConfigKeys (ConfUtils.java:logGet(43)) - raft.server.snapshot.auto.trigger.enabled = true (custom)
2019-10-08 04:08:59,596 [pool-393-thread-1] INFO  server.RaftServerConfigKeys (ConfUtils.java:logGet(43)) - raft.server.snapshot.retention.file.num = 5 (custom)
2019-10-08 04:08:59,595 [pool-383-thread-1] INFO  server.RaftServerConfigKeys (ConfUtils.java:logGet(43)) - raft.server.log.statemachine.data.sync.timeout = 10s (default)
2019-10-08 04:08:59,596 [pool-393-thread-1] INFO  server.RaftServerConfigKeys (ConfUtils.java:logGet(43)) - raft.server.retrycache.expirytime = 600000ms (custom)
2019-10-08 04:08:59,596 [pool-403-thread-1] INFO  server.RaftServerConfigKeys (ConfUtils.java:logGet(43)) - raft.server.snapshot.auto.trigger.threshold = 10000 (custom)
2019-10-08 04:08:59,596 [pool-383-thread-1] INFO  server.RaftServerConfigKeys (ConfUtils.java:logGet(43)) - raft.server.log.statemachine.data.sync.timeout.retry = -1 (default)
2019-10-08 04:08:59,596 [pool-403-thread-1] INFO  server.RaftServerConfigKeys (ConfUtils.java:logGet(43)) - raft.server.snapshot.retention.file.num = 5 (custom)
2019-10-08 04:08:59,596 [pool-383-thread-1] INFO  server.RaftServerConfigKeys (ConfUtils.java:logGet(43)) - raft.server.log.statemachine.data.caching.enabled = true (custom)
2019-10-08 04:08:59,596 [pool-403-thread-1] INFO  server.RaftServerConfigKeys (ConfUtils.java:logGet(43)) - raft.server.retrycache.expirytime = 600000ms (custom)
2019-10-08 04:08:59,596 [pool-383-thread-1] INFO  segmented.SegmentedRaftLogWorker (SegmentedRaftLogWorker.java:lambda$new$0(128)) - bb80d0ac-a8d2-4db1-83af-53cc40b2ce35@group-FA0D1CE3D212-SegmentedRaftLogWorker: flushIndex: setUnconditionally 0 -> -1
2019-10-08 04:08:59,597 [pool-383-thread-1] INFO  server.RaftServerConfigKeys (ConfUtils.java:logGet(43)) - raft.server.snapshot.auto.trigger.enabled = true (custom)
2019-10-08 04:08:59,597 [pool-383-thread-1] INFO  server.RaftServerConfigKeys (ConfUtils.java:logGet(43)) - raft.server.snapshot.auto.trigger.threshold = 10000 (custom)
2019-10-08 04:08:59,597 [pool-383-thread-1] INFO  server.RaftServerConfigKeys (ConfUtils.java:logGet(43)) - raft.server.snapshot.retention.file.num = 5 (custom)
2019-10-08 04:08:59,597 [pool-383-thread-1] INFO  server.RaftServerConfigKeys (ConfUtils.java:logGet(43)) - raft.server.retrycache.expirytime = 600000ms (custom)
2019-10-08 04:08:59,597 [pool-393-thread-1] INFO  impl.RaftServerImpl (RaftServerImpl.java:start(181)) - 5582086d-f957-4017-84dd-f94e4c4ba1e1@group-FA0D1CE3D212: start as a follower, conf=-1: [5582086d-f957-4017-84dd-f94e4c4ba1e1:192.168.151.83:39788, bb80d0ac-a8d2-4db1-83af-53cc40b2ce35:192.168.151.83:35573, 11368e19-1284-4e3e-8734-21e5625b0eed:192.168.151.83:33460], old=null
2019-10-08 04:08:59,597 [pool-393-thread-1] INFO  impl.RaftServerImpl (RaftServerImpl.java:setRole(170)) - 5582086d-f957-4017-84dd-f94e4c4ba1e1@group-FA0D1CE3D212: changes role from      null to FOLLOWER at term 0 for startAsFollower
2019-10-08 04:08:59,597 [pool-393-thread-1] INFO  impl.RoleInfo (RoleInfo.java:updateAndGet(143)) - 5582086d-f957-4017-84dd-f94e4c4ba1e1: start FollowerState
2019-10-08 04:08:59,598 [pool-393-thread-1] INFO  util.JmxRegister (JmxRegister.java:tryRegister(44)) - Successfully registered JMX Bean with object name Ratis:service=RaftServer,group=group-FA0D1CE3D212,id=5582086d-f957-4017-84dd-f94e4c4ba1e1
2019-10-08 04:08:59,600 [pool-403-thread-1] INFO  impl.RaftServerImpl (RaftServerImpl.java:start(181)) - 11368e19-1284-4e3e-8734-21e5625b0eed@group-FA0D1CE3D212: start as a follower, conf=-1: [5582086d-f957-4017-84dd-f94e4c4ba1e1:192.168.151.83:39788, bb80d0ac-a8d2-4db1-83af-53cc40b2ce35:192.168.151.83:35573, 11368e19-1284-4e3e-8734-21e5625b0eed:192.168.151.83:33460], old=null
2019-10-08 04:08:59,600 [pool-383-thread-1] INFO  impl.RaftServerImpl (RaftServerImpl.java:start(181)) - bb80d0ac-a8d2-4db1-83af-53cc40b2ce35@group-FA0D1CE3D212: start as a follower, conf=-1: [5582086d-f957-4017-84dd-f94e4c4ba1e1:192.168.151.83:39788, bb80d0ac-a8d2-4db1-83af-53cc40b2ce35:192.168.151.83:35573, 11368e19-1284-4e3e-8734-21e5625b0eed:192.168.151.83:33460], old=null
2019-10-08 04:08:59,600 [pool-403-thread-1] INFO  impl.RaftServerImpl (RaftServerImpl.java:setRole(170)) - 11368e19-1284-4e3e-8734-21e5625b0eed@group-FA0D1CE3D212: changes role from      null to FOLLOWER at term 0 for startAsFollower
2019-10-08 04:08:59,600 [pool-383-thread-1] INFO  impl.RaftServerImpl (RaftServerImpl.java:setRole(170)) - bb80d0ac-a8d2-4db1-83af-53cc40b2ce35@group-FA0D1CE3D212: changes role from      null to FOLLOWER at term 0 for startAsFollower
2019-10-08 04:08:59,600 [pool-403-thread-1] INFO  impl.RoleInfo (RoleInfo.java:updateAndGet(143)) - 11368e19-1284-4e3e-8734-21e5625b0eed: start FollowerState
2019-10-08 04:08:59,600 [pool-383-thread-1] INFO  impl.RoleInfo (RoleInfo.java:updateAndGet(143)) - bb80d0ac-a8d2-4db1-83af-53cc40b2ce35: start FollowerState
2019-10-08 04:08:59,601 [pool-403-thread-1] INFO  util.JmxRegister (JmxRegister.java:tryRegister(44)) - Successfully registered JMX Bean with object name Ratis:service=RaftServer,group=group-FA0D1CE3D212,id=11368e19-1284-4e3e-8734-21e5625b0eed
2019-10-08 04:08:59,601 [pool-383-thread-1] INFO  util.JmxRegister (JmxRegister.java:tryRegister(44)) - Successfully registered JMX Bean with object name Ratis:service=RaftServer,group=group-FA0D1CE3D212,id=bb80d0ac-a8d2-4db1-83af-53cc40b2ce35
2019-10-08 04:08:59,615 [RatisPipelineUtilsThread] INFO  pipeline.PipelineStateManager (PipelineStateManager.java:addPipeline(56)) - Created pipeline Pipeline[ Id: b88618ff-2ead-441a-a9b6-fa0d1ce3d212, Nodes: 11368e19-1284-4e3e-8734-21e5625b0eed{ip: 192.168.151.83, host: pr-hdds-2217-jqnfv-3133698562, networkLocation: /default-rack, certSerialId: null}5582086d-f957-4017-84dd-f94e4c4ba1e1{ip: 192.168.151.83, host: pr-hdds-2217-jqnfv-3133698562, networkLocation: /default-rack, certSerialId: null}bb80d0ac-a8d2-4db1-83af-53cc40b2ce35{ip: 192.168.151.83, host: pr-hdds-2217-jqnfv-3133698562, networkLocation: /default-rack, certSerialId: null}, Type:RATIS, Factor:THREE, State:OPEN]
2019-10-08 04:08:59,654 [IPC Server handler 3 on 43105] INFO  net.NetworkTopology (NetworkTopologyImpl.java:add(111)) - Added a new node: /default-rack/4540f121-1d6b-4c55-9239-0bad72639351
2019-10-08 04:08:59,654 [IPC Server handler 3 on 43105] INFO  node.SCMNodeManager (SCMNodeManager.java:register(268)) - Registered Data node : 4540f121-1d6b-4c55-9239-0bad72639351{ip: 192.168.151.83, host: pr-hdds-2217-jqnfv-3133698562, networkLocation: /default-rack, certSerialId: null}
2019-10-08 04:08:59,664 [grpc-default-executor-4] INFO  impl.RaftServerProxy (RaftServerProxy.java:addNew(89)) - 4540f121-1d6b-4c55-9239-0bad72639351: addNew group-DCEDD5DADE57:[4540f121-1d6b-4c55-9239-0bad72639351:192.168.151.83:35515] returns group-DCEDD5DADE57:java.util.concurrent.CompletableFuture@5b81950f[Not completed]
2019-10-08 04:08:59,669 [pool-423-thread-1] INFO  impl.RaftServerImpl (RaftServerImpl.java:<init>(95)) - 4540f121-1d6b-4c55-9239-0bad72639351: new RaftServerImpl for group-DCEDD5DADE57:[4540f121-1d6b-4c55-9239-0bad72639351:192.168.151.83:35515] with ContainerStateMachine:uninitialized
2019-10-08 04:08:59,669 [pool-423-thread-1] INFO  server.RaftServerConfigKeys (ConfUtils.java:logGet(43)) - raft.server.rpc.timeout.min = 5s (custom)
2019-10-08 04:08:59,669 [pool-423-thread-1] INFO  server.RaftServerConfigKeys (ConfUtils.java:logGet(43)) - raft.server.rpc.timeout.max = 5200ms (custom)
2019-10-08 04:08:59,670 [pool-423-thread-1] INFO  server.RaftServerConfigKeys (ConfUtils.java:logGet(43)) - raft.server.rpcslowness.timeout = 120s (custom)
2019-10-08 04:08:59,670 [pool-423-thread-1] INFO  server.RaftServerConfigKeys (ConfUtils.java:logGet(43)) - raft.server.sleep.deviation.threshold = 300 (default)
2019-10-08 04:08:59,670 [pool-423-thread-1] INFO  server.RaftServerConfigKeys (ConfUtils.java:logGet(43)) - raft.server.log.appender.install.snapshot.enabled = false (custom)
2019-10-08 04:08:59,670 [pool-423-thread-1] INFO  impl.RaftServerImpl (ServerState.java:<init>(103)) - 4540f121-1d6b-4c55-9239-0bad72639351@group-DCEDD5DADE57: ConfigurationManager, init=-1: [4540f121-1d6b-4c55-9239-0bad72639351:192.168.151.83:35515], old=null, confs=<EMPTY_MAP>
2019-10-08 04:08:59,670 [pool-423-thread-1] INFO  server.RaftServerConfigKeys (ConfUtils.java:logGet(43)) - raft.server.storage.dir = [/workdir/hadoop-ozone/integration-test/target/test-dir/MiniOzoneClusterImpl-bb1bef09-a2ee-4d3f-9bf8-7f738e16213c/datanode-4/data/ratis] (custom)
2019-10-08 04:08:59,670 [pool-423-thread-1] INFO  server.RaftServerConfigKeys (ConfUtils.java:logGet(43)) - raft.server.log.corruption.policy = EXCEPTION (default)
2019-10-08 04:08:59,670 [pool-423-thread-1] INFO  storage.RaftStorageDirectory (RaftStorageDirectory.java:analyzeStorage(246)) - The storage directory /workdir/hadoop-ozone/integration-test/target/test-dir/MiniOzoneClusterImpl-bb1bef09-a2ee-4d3f-9bf8-7f738e16213c/datanode-4/data/ratis/d03e9453-bac1-4e1a-9e64-dcedd5dade57 does not exist. Creating ...
2019-10-08 04:08:59,683 [pool-423-thread-1] INFO  storage.RaftStorageDirectory (RaftStorageDirectory.java:tryLock(328)) - Lock on /workdir/hadoop-ozone/integration-test/target/test-dir/MiniOzoneClusterImpl-bb1bef09-a2ee-4d3f-9bf8-7f738e16213c/datanode-4/data/ratis/d03e9453-bac1-4e1a-9e64-dcedd5dade57/in_use.lock acquired by nodename 22889@pr-hdds-2217-jqnfv-3133698562
2019-10-08 04:08:59,696 [pool-423-thread-1] INFO  storage.RaftStorage (RaftStorage.java:format(84)) - Storage directory /workdir/hadoop-ozone/integration-test/target/test-dir/MiniOzoneClusterImpl-bb1bef09-a2ee-4d3f-9bf8-7f738e16213c/datanode-4/data/ratis/d03e9453-bac1-4e1a-9e64-dcedd5dade57 has been successfully formatted.
2019-10-08 04:08:59,696 [pool-423-thread-1] INFO  ratis.ContainerStateMachine (ContainerStateMachine.java:loadSnapshot(231)) - group-DCEDD5DADE57: The snapshot info is null. Setting the last applied indexto:(t:0, i:~)
2019-10-08 04:08:59,696 [pool-423-thread-1] INFO  server.RaftServerConfigKeys (ConfUtils.java:logGet(43)) - raft.server.notification.no-leader.timeout = 120s (custom)
2019-10-08 04:08:59,696 [pool-423-thread-1] INFO  server.RaftServerConfigKeys (ConfUtils.java:logGet(43)) - raft.server.log.use.memory = false (default)
2019-10-08 04:08:59,697 [pool-423-thread-1] INFO  server.RaftServerConfigKeys (ConfUtils.java:logGet(43)) - raft.server.log.purge.gap = 1000000 (custom)
2019-10-08 04:08:59,697 [pool-423-thread-1] INFO  server.RaftServerConfigKeys (ConfUtils.java:logGet(43)) - raft.server.log.appender.buffer.byte-limit = 33554432 (custom)
2019-10-08 04:08:59,697 [pool-423-thread-1] INFO  server.RaftServerConfigKeys (ConfUtils.java:logGet(43)) - raft.server.log.segment.size.max = 1048576 (custom)
2019-10-08 04:08:59,698 [pool-423-thread-1] INFO  server.RaftServerConfigKeys (ConfUtils.java:logGet(43)) - raft.server.log.segment.cache.num.max = 2 (custom)
2019-10-08 04:08:59,698 [pool-423-thread-1] INFO  segmented.SegmentedRaftLogWorker (SegmentedRaftLogWorker.java:<init>(173)) - new 4540f121-1d6b-4c55-9239-0bad72639351@group-DCEDD5DADE57-SegmentedRaftLogWorker for RaftStorage:Storage Directory /workdir/hadoop-ozone/integration-test/target/test-dir/MiniOzoneClusterImpl-bb1bef09-a2ee-4d3f-9bf8-7f738e16213c/datanode-4/data/ratis/d03e9453-bac1-4e1a-9e64-dcedd5dade57
2019-10-08 04:08:59,698 [pool-423-thread-1] INFO  server.RaftServerConfigKeys (ConfUtils.java:logGet(43)) - raft.server.log.queue.byte-limit = 2147483647 (custom)
2019-10-08 04:08:59,698 [pool-423-thread-1] INFO  server.RaftServerConfigKeys (ConfUtils.java:logGet(43)) - raft.server.log.queue.element-limit = 1024 (custom)
2019-10-08 04:08:59,699 [pool-423-thread-1] INFO  server.RaftServerConfigKeys (ConfUtils.java:logGet(43)) - raft.server.log.segment.size.max = 1048576 (custom)
2019-10-08 04:08:59,699 [pool-423-thread-1] INFO  server.RaftServerConfigKeys (ConfUtils.java:logGet(43)) - raft.server.log.preallocated.size = 16384 (custom)
2019-10-08 04:08:59,699 [pool-423-thread-1] INFO  server.RaftServerConfigKeys (ConfUtils.java:logGet(43)) - raft.server.log.write.buffer.size = 33554432 (custom)
2019-10-08 04:08:59,699 [pool-423-thread-1] INFO  server.RaftServerConfigKeys (ConfUtils.java:logGet(43)) - raft.server.log.force.sync.num = 128 (default)
2019-10-08 04:08:59,699 [pool-423-thread-1] INFO  server.RaftServerConfigKeys (ConfUtils.java:logGet(43)) - raft.server.log.statemachine.data.sync = true (default)
2019-10-08 04:08:59,699 [pool-423-thread-1] INFO  server.RaftServerConfigKeys (ConfUtils.java:logGet(43)) - raft.server.log.statemachine.data.sync.timeout = 10s (default)
2019-10-08 04:08:59,699 [pool-423-thread-1] INFO  server.RaftServerConfigKeys (ConfUtils.java:logGet(43)) - raft.server.log.statemachine.data.sync.timeout.retry = -1 (default)
2019-10-08 04:08:59,699 [pool-423-thread-1] INFO  server.RaftServerConfigKeys (ConfUtils.java:logGet(43)) - raft.server.log.statemachine.data.caching.enabled = true (custom)
2019-10-08 04:08:59,700 [pool-423-thread-1] INFO  segmented.SegmentedRaftLogWorker (SegmentedRaftLogWorker.java:lambda$new$0(128)) - 4540f121-1d6b-4c55-9239-0bad72639351@group-DCEDD5DADE57-SegmentedRaftLogWorker: flushIndex: setUnconditionally 0 -> -1
2019-10-08 04:08:59,700 [pool-423-thread-1] INFO  server.RaftServerConfigKeys (ConfUtils.java:logGet(43)) - raft.server.snapshot.auto.trigger.enabled = true (custom)
2019-10-08 04:08:59,700 [pool-423-thread-1] INFO  server.RaftServerConfigKeys (ConfUtils.java:logGet(43)) - raft.server.snapshot.auto.trigger.threshold = 10000 (custom)
2019-10-08 04:08:59,700 [pool-423-thread-1] INFO  server.RaftServerConfigKeys (ConfUtils.java:logGet(43)) - raft.server.snapshot.retention.file.num = 5 (custom)
2019-10-08 04:08:59,700 [pool-423-thread-1] INFO  server.RaftServerConfigKeys (ConfUtils.java:logGet(43)) - raft.server.retrycache.expirytime = 600000ms (custom)
2019-10-08 04:08:59,702 [pool-423-thread-1] INFO  impl.RaftServerImpl (RaftServerImpl.java:start(181)) - 4540f121-1d6b-4c55-9239-0bad72639351@group-DCEDD5DADE57: start as a follower, conf=-1: [4540f121-1d6b-4c55-9239-0bad72639351:192.168.151.83:35515], old=null
2019-10-08 04:08:59,702 [pool-423-thread-1] INFO  impl.RaftServerImpl (RaftServerImpl.java:setRole(170)) - 4540f121-1d6b-4c55-9239-0bad72639351@group-DCEDD5DADE57: changes role from      null to FOLLOWER at term 0 for startAsFollower
2019-10-08 04:08:59,702 [pool-423-thread-1] INFO  impl.RoleInfo (RoleInfo.java:updateAndGet(143)) - 4540f121-1d6b-4c55-9239-0bad72639351: start FollowerState
2019-10-08 04:08:59,702 [pool-423-thread-1] INFO  util.JmxRegister (JmxRegister.java:tryRegister(44)) - Successfully registered JMX Bean with object name Ratis:service=RaftServer,group=group-DCEDD5DADE57,id=4540f121-1d6b-4c55-9239-0bad72639351
2019-10-08 04:08:59,710 [RatisPipelineUtilsThread] INFO  pipeline.PipelineStateManager (PipelineStateManager.java:addPipeline(56)) - Created pipeline Pipeline[ Id: d03e9453-bac1-4e1a-9e64-dcedd5dade57, Nodes: 4540f121-1d6b-4c55-9239-0bad72639351{ip: 192.168.151.83, host: pr-hdds-2217-jqnfv-3133698562, networkLocation: /default-rack, certSerialId: null}, Type:RATIS, Factor:ONE, State:OPEN]
2019-10-08 04:08:59,722 [grpc-default-executor-4] INFO  impl.RaftServerProxy (RaftServerProxy.java:addNew(89)) - d9c1ee62-388b-4e3a-aee2-263343cf0ad0: addNew group-90316AEF906B:[d9c1ee62-388b-4e3a-aee2-263343cf0ad0:192.168.151.83:40084] returns group-90316AEF906B:java.util.concurrent.CompletableFuture@dab5577[Not completed]
2019-10-08 04:08:59,723 [pool-413-thread-1] INFO  impl.RaftServerImpl (RaftServerImpl.java:<init>(95)) - d9c1ee62-388b-4e3a-aee2-263343cf0ad0: new RaftServerImpl for group-90316AEF906B:[d9c1ee62-388b-4e3a-aee2-263343cf0ad0:192.168.151.83:40084] with ContainerStateMachine:uninitialized
2019-10-08 04:08:59,723 [pool-413-thread-1] INFO  server.RaftServerConfigKeys (ConfUtils.java:logGet(43)) - raft.server.rpc.timeout.min = 5s (custom)
2019-10-08 04:08:59,723 [pool-413-thread-1] INFO  server.RaftServerConfigKeys (ConfUtils.java:logGet(43)) - raft.server.rpc.timeout.max = 5200ms (custom)
2019-10-08 04:08:59,723 [pool-413-thread-1] INFO  server.RaftServerConfigKeys (ConfUtils.java:logGet(43)) - raft.server.rpcslowness.timeout = 120s (custom)
2019-10-08 04:08:59,723 [pool-413-thread-1] INFO  server.RaftServerConfigKeys (ConfUtils.java:logGet(43)) - raft.server.sleep.deviation.threshold = 300 (default)
2019-10-08 04:08:59,723 [pool-413-thread-1] INFO  server.RaftServerConfigKeys (ConfUtils.java:logGet(43)) - raft.server.log.appender.install.snapshot.enabled = false (custom)
2019-10-08 04:08:59,723 [pool-413-thread-1] INFO  impl.RaftServerImpl (ServerState.java:<init>(103)) - d9c1ee62-388b-4e3a-aee2-263343cf0ad0@group-90316AEF906B: ConfigurationManager, init=-1: [d9c1ee62-388b-4e3a-aee2-263343cf0ad0:192.168.151.83:40084], old=null, confs=<EMPTY_MAP>
2019-10-08 04:08:59,723 [pool-413-thread-1] INFO  server.RaftServerConfigKeys (ConfUtils.java:logGet(43)) - raft.server.storage.dir = [/workdir/hadoop-ozone/integration-test/target/test-dir/MiniOzoneClusterImpl-bb1bef09-a2ee-4d3f-9bf8-7f738e16213c/datanode-3/data/ratis] (custom)
2019-10-08 04:08:59,724 [pool-413-thread-1] INFO  server.RaftServerConfigKeys (ConfUtils.java:logGet(43)) - raft.server.log.corruption.policy = EXCEPTION (default)
2019-10-08 04:08:59,724 [pool-413-thread-1] INFO  storage.RaftStorageDirectory (RaftStorageDirectory.java:analyzeStorage(246)) - The storage directory /workdir/hadoop-ozone/integration-test/target/test-dir/MiniOzoneClusterImpl-bb1bef09-a2ee-4d3f-9bf8-7f738e16213c/datanode-3/data/ratis/0cecd3bb-5e78-4a0f-9208-90316aef906b does not exist. Creating ...
2019-10-08 04:08:59,737 [pool-413-thread-1] INFO  storage.RaftStorageDirectory (RaftStorageDirectory.java:tryLock(328)) - Lock on /workdir/hadoop-ozone/integration-test/target/test-dir/MiniOzoneClusterImpl-bb1bef09-a2ee-4d3f-9bf8-7f738e16213c/datanode-3/data/ratis/0cecd3bb-5e78-4a0f-9208-90316aef906b/in_use.lock acquired by nodename 22889@pr-hdds-2217-jqnfv-3133698562
2019-10-08 04:08:59,749 [pool-413-thread-1] INFO  storage.RaftStorage (RaftStorage.java:format(84)) - Storage directory /workdir/hadoop-ozone/integration-test/target/test-dir/MiniOzoneClusterImpl-bb1bef09-a2ee-4d3f-9bf8-7f738e16213c/datanode-3/data/ratis/0cecd3bb-5e78-4a0f-9208-90316aef906b has been successfully formatted.
2019-10-08 04:08:59,749 [pool-413-thread-1] INFO  ratis.ContainerStateMachine (ContainerStateMachine.java:loadSnapshot(231)) - group-90316AEF906B: The snapshot info is null. Setting the last applied indexto:(t:0, i:~)
2019-10-08 04:08:59,749 [pool-413-thread-1] INFO  server.RaftServerConfigKeys (ConfUtils.java:logGet(43)) - raft.server.notification.no-leader.timeout = 120s (custom)
2019-10-08 04:08:59,749 [pool-413-thread-1] INFO  server.RaftServerConfigKeys (ConfUtils.java:logGet(43)) - raft.server.log.use.memory = false (default)
2019-10-08 04:08:59,749 [pool-413-thread-1] INFO  server.RaftServerConfigKeys (ConfUtils.java:logGet(43)) - raft.server.log.purge.gap = 1000000 (custom)
2019-10-08 04:08:59,750 [pool-413-thread-1] INFO  server.RaftServerConfigKeys (ConfUtils.java:logGet(43)) - raft.server.log.appender.buffer.byte-limit = 33554432 (custom)
2019-10-08 04:08:59,750 [pool-413-thread-1] INFO  server.RaftServerConfigKeys (ConfUtils.java:logGet(43)) - raft.server.log.segment.size.max = 1048576 (custom)
2019-10-08 04:08:59,750 [IPC Server handler 4 on 43105] INFO  net.NetworkTopology (NetworkTopologyImpl.java:add(111)) - Added a new node: /default-rack/2216662d-36f3-4191-bcae-280d73b4aebf
2019-10-08 04:08:59,751 [IPC Server handler 4 on 43105] INFO  node.SCMNodeManager (SCMNodeManager.java:register(268)) - Registered Data node : 2216662d-36f3-4191-bcae-280d73b4aebf{ip: 192.168.151.83, host: pr-hdds-2217-jqnfv-3133698562, networkLocation: /default-rack, certSerialId: null}
2019-10-08 04:08:59,751 [pool-413-thread-1] INFO  server.RaftServerConfigKeys (ConfUtils.java:logGet(43)) - raft.server.log.segment.cache.num.max = 2 (custom)
2019-10-08 04:08:59,751 [pool-413-thread-1] INFO  segmented.SegmentedRaftLogWorker (SegmentedRaftLogWorker.java:<init>(173)) - new d9c1ee62-388b-4e3a-aee2-263343cf0ad0@group-90316AEF906B-SegmentedRaftLogWorker for RaftStorage:Storage Directory /workdir/hadoop-ozone/integration-test/target/test-dir/MiniOzoneClusterImpl-bb1bef09-a2ee-4d3f-9bf8-7f738e16213c/datanode-3/data/ratis/0cecd3bb-5e78-4a0f-9208-90316aef906b
2019-10-08 04:08:59,751 [pool-413-thread-1] INFO  server.RaftServerConfigKeys (ConfUtils.java:logGet(43)) - raft.server.log.queue.byte-limit = 2147483647 (custom)
2019-10-08 04:08:59,751 [pool-413-thread-1] INFO  server.RaftServerConfigKeys (ConfUtils.java:logGet(43)) - raft.server.log.queue.element-limit = 1024 (custom)
2019-10-08 04:08:59,751 [pool-413-thread-1] INFO  server.RaftServerConfigKeys (ConfUtils.java:logGet(43)) - raft.server.log.segment.size.max = 1048576 (custom)
2019-10-08 04:08:59,751 [pool-413-thread-1] INFO  server.RaftServerConfigKeys (ConfUtils.java:logGet(43)) - raft.server.log.preallocated.size = 16384 (custom)
2019-10-08 04:08:59,751 [pool-413-thread-1] INFO  server.RaftServerConfigKeys (ConfUtils.java:logGet(43)) - raft.server.log.write.buffer.size = 33554432 (custom)
2019-10-08 04:08:59,751 [pool-413-thread-1] INFO  server.RaftServerConfigKeys (ConfUtils.java:logGet(43)) - raft.server.log.force.sync.num = 128 (default)
2019-10-08 04:08:59,751 [pool-413-thread-1] INFO  server.RaftServerConfigKeys (ConfUtils.java:logGet(43)) - raft.server.log.statemachine.data.sync = true (default)
2019-10-08 04:08:59,752 [pool-413-thread-1] INFO  server.RaftServerConfigKeys (ConfUtils.java:logGet(43)) - raft.server.log.statemachine.data.sync.timeout = 10s (default)
2019-10-08 04:08:59,752 [pool-413-thread-1] INFO  server.RaftServerConfigKeys (ConfUtils.java:logGet(43)) - raft.server.log.statemachine.data.sync.timeout.retry = -1 (default)
2019-10-08 04:08:59,752 [pool-413-thread-1] INFO  server.RaftServerConfigKeys (ConfUtils.java:logGet(43)) - raft.server.log.statemachine.data.caching.enabled = true (custom)
2019-10-08 04:08:59,752 [pool-413-thread-1] INFO  segmented.SegmentedRaftLogWorker (SegmentedRaftLogWorker.java:lambda$new$0(128)) - d9c1ee62-388b-4e3a-aee2-263343cf0ad0@group-90316AEF906B-SegmentedRaftLogWorker: flushIndex: setUnconditionally 0 -> -1
2019-10-08 04:08:59,752 [pool-413-thread-1] INFO  server.RaftServerConfigKeys (ConfUtils.java:logGet(43)) - raft.server.snapshot.auto.trigger.enabled = true (custom)
2019-10-08 04:08:59,753 [pool-413-thread-1] INFO  server.RaftServerConfigKeys (ConfUtils.java:logGet(43)) - raft.server.snapshot.auto.trigger.threshold = 10000 (custom)
2019-10-08 04:08:59,753 [pool-413-thread-1] INFO  server.RaftServerConfigKeys (ConfUtils.java:logGet(43)) - raft.server.snapshot.retention.file.num = 5 (custom)
2019-10-08 04:08:59,753 [pool-413-thread-1] INFO  server.RaftServerConfigKeys (ConfUtils.java:logGet(43)) - raft.server.retrycache.expirytime = 600000ms (custom)
2019-10-08 04:08:59,754 [pool-413-thread-1] INFO  impl.RaftServerImpl (RaftServerImpl.java:start(181)) - d9c1ee62-388b-4e3a-aee2-263343cf0ad0@group-90316AEF906B: start as a follower, conf=-1: [d9c1ee62-388b-4e3a-aee2-263343cf0ad0:192.168.151.83:40084], old=null
2019-10-08 04:08:59,754 [pool-413-thread-1] INFO  impl.RaftServerImpl (RaftServerImpl.java:setRole(170)) - d9c1ee62-388b-4e3a-aee2-263343cf0ad0@group-90316AEF906B: changes role from      null to FOLLOWER at term 0 for startAsFollower
2019-10-08 04:08:59,754 [pool-413-thread-1] INFO  impl.RoleInfo (RoleInfo.java:updateAndGet(143)) - d9c1ee62-388b-4e3a-aee2-263343cf0ad0: start FollowerState
2019-10-08 04:08:59,754 [pool-413-thread-1] INFO  util.JmxRegister (JmxRegister.java:tryRegister(44)) - Successfully registered JMX Bean with object name Ratis:service=RaftServer,group=group-90316AEF906B,id=d9c1ee62-388b-4e3a-aee2-263343cf0ad0
2019-10-08 04:08:59,762 [RatisPipelineUtilsThread] INFO  pipeline.PipelineStateManager (PipelineStateManager.java:addPipeline(56)) - Created pipeline Pipeline[ Id: 0cecd3bb-5e78-4a0f-9208-90316aef906b, Nodes: d9c1ee62-388b-4e3a-aee2-263343cf0ad0{ip: 192.168.151.83, host: pr-hdds-2217-jqnfv-3133698562, networkLocation: /default-rack, certSerialId: null}, Type:RATIS, Factor:ONE, State:OPEN]
2019-10-08 04:08:59,770 [grpc-default-executor-4] INFO  impl.RaftServerProxy (RaftServerProxy.java:addNew(89)) - 2216662d-36f3-4191-bcae-280d73b4aebf: addNew group-936FB3744BD7:[2216662d-36f3-4191-bcae-280d73b4aebf:192.168.151.83:42128] returns group-936FB3744BD7:java.util.concurrent.CompletableFuture@3f1c393b[Not completed]
2019-10-08 04:08:59,771 [pool-433-thread-1] INFO  impl.RaftServerImpl (RaftServerImpl.java:<init>(95)) - 2216662d-36f3-4191-bcae-280d73b4aebf: new RaftServerImpl for group-936FB3744BD7:[2216662d-36f3-4191-bcae-280d73b4aebf:192.168.151.83:42128] with ContainerStateMachine:uninitialized
2019-10-08 04:08:59,771 [pool-433-thread-1] INFO  server.RaftServerConfigKeys (ConfUtils.java:logGet(43)) - raft.server.rpc.timeout.min = 5s (custom)
2019-10-08 04:08:59,771 [pool-433-thread-1] INFO  server.RaftServerConfigKeys (ConfUtils.java:logGet(43)) - raft.server.rpc.timeout.max = 5200ms (custom)
2019-10-08 04:08:59,772 [pool-433-thread-1] INFO  server.RaftServerConfigKeys (ConfUtils.java:logGet(43)) - raft.server.rpcslowness.timeout = 120s (custom)
2019-10-08 04:08:59,772 [pool-433-thread-1] INFO  server.RaftServerConfigKeys (ConfUtils.java:logGet(43)) - raft.server.sleep.deviation.threshold = 300 (default)
2019-10-08 04:08:59,772 [pool-433-thread-1] INFO  server.RaftServerConfigKeys (ConfUtils.java:logGet(43)) - raft.server.log.appender.install.snapshot.enabled = false (custom)
2019-10-08 04:08:59,772 [pool-433-thread-1] INFO  impl.RaftServerImpl (ServerState.java:<init>(103)) - 2216662d-36f3-4191-bcae-280d73b4aebf@group-936FB3744BD7: ConfigurationManager, init=-1: [2216662d-36f3-4191-bcae-280d73b4aebf:192.168.151.83:42128], old=null, confs=<EMPTY_MAP>
2019-10-08 04:08:59,772 [pool-433-thread-1] INFO  server.RaftServerConfigKeys (ConfUtils.java:logGet(43)) - raft.server.storage.dir = [/workdir/hadoop-ozone/integration-test/target/test-dir/MiniOzoneClusterImpl-bb1bef09-a2ee-4d3f-9bf8-7f738e16213c/datanode-5/data/ratis] (custom)
2019-10-08 04:08:59,772 [pool-433-thread-1] INFO  server.RaftServerConfigKeys (ConfUtils.java:logGet(43)) - raft.server.log.corruption.policy = EXCEPTION (default)
2019-10-08 04:08:59,772 [pool-433-thread-1] INFO  storage.RaftStorageDirectory (RaftStorageDirectory.java:analyzeStorage(246)) - The storage directory /workdir/hadoop-ozone/integration-test/target/test-dir/MiniOzoneClusterImpl-bb1bef09-a2ee-4d3f-9bf8-7f738e16213c/datanode-5/data/ratis/2f57dbec-9dfc-45c9-80f4-936fb3744bd7 does not exist. Creating ...
2019-10-08 04:08:59,784 [pool-433-thread-1] INFO  storage.RaftStorageDirectory (RaftStorageDirectory.java:tryLock(328)) - Lock on /workdir/hadoop-ozone/integration-test/target/test-dir/MiniOzoneClusterImpl-bb1bef09-a2ee-4d3f-9bf8-7f738e16213c/datanode-5/data/ratis/2f57dbec-9dfc-45c9-80f4-936fb3744bd7/in_use.lock acquired by nodename 22889@pr-hdds-2217-jqnfv-3133698562
2019-10-08 04:08:59,797 [pool-433-thread-1] INFO  storage.RaftStorage (RaftStorage.java:format(84)) - Storage directory /workdir/hadoop-ozone/integration-test/target/test-dir/MiniOzoneClusterImpl-bb1bef09-a2ee-4d3f-9bf8-7f738e16213c/datanode-5/data/ratis/2f57dbec-9dfc-45c9-80f4-936fb3744bd7 has been successfully formatted.
2019-10-08 04:08:59,797 [pool-433-thread-1] INFO  ratis.ContainerStateMachine (ContainerStateMachine.java:loadSnapshot(231)) - group-936FB3744BD7: The snapshot info is null. Setting the last applied indexto:(t:0, i:~)
2019-10-08 04:08:59,797 [pool-433-thread-1] INFO  server.RaftServerConfigKeys (ConfUtils.java:logGet(43)) - raft.server.notification.no-leader.timeout = 120s (custom)
2019-10-08 04:08:59,797 [pool-433-thread-1] INFO  server.RaftServerConfigKeys (ConfUtils.java:logGet(43)) - raft.server.log.use.memory = false (default)
2019-10-08 04:08:59,797 [pool-433-thread-1] INFO  server.RaftServerConfigKeys (ConfUtils.java:logGet(43)) - raft.server.log.purge.gap = 1000000 (custom)
2019-10-08 04:08:59,797 [pool-433-thread-1] INFO  server.RaftServerConfigKeys (ConfUtils.java:logGet(43)) - raft.server.log.appender.buffer.byte-limit = 33554432 (custom)
2019-10-08 04:08:59,797 [pool-433-thread-1] INFO  server.RaftServerConfigKeys (ConfUtils.java:logGet(43)) - raft.server.log.segment.size.max = 1048576 (custom)
2019-10-08 04:08:59,798 [pool-433-thread-1] INFO  server.RaftServerConfigKeys (ConfUtils.java:logGet(43)) - raft.server.log.segment.cache.num.max = 2 (custom)
2019-10-08 04:08:59,799 [pool-433-thread-1] INFO  segmented.SegmentedRaftLogWorker (SegmentedRaftLogWorker.java:<init>(173)) - new 2216662d-36f3-4191-bcae-280d73b4aebf@group-936FB3744BD7-SegmentedRaftLogWorker for RaftStorage:Storage Directory /workdir/hadoop-ozone/integration-test/target/test-dir/MiniOzoneClusterImpl-bb1bef09-a2ee-4d3f-9bf8-7f738e16213c/datanode-5/data/ratis/2f57dbec-9dfc-45c9-80f4-936fb3744bd7
2019-10-08 04:08:59,799 [pool-433-thread-1] INFO  server.RaftServerConfigKeys (ConfUtils.java:logGet(43)) - raft.server.log.queue.byte-limit = 2147483647 (custom)
2019-10-08 04:08:59,799 [pool-433-thread-1] INFO  server.RaftServerConfigKeys (ConfUtils.java:logGet(43)) - raft.server.log.queue.element-limit = 1024 (custom)
2019-10-08 04:08:59,799 [pool-433-thread-1] INFO  server.RaftServerConfigKeys (ConfUtils.java:logGet(43)) - raft.server.log.segment.size.max = 1048576 (custom)
2019-10-08 04:08:59,799 [pool-433-thread-1] INFO  server.RaftServerConfigKeys (ConfUtils.java:logGet(43)) - raft.server.log.preallocated.size = 16384 (custom)
2019-10-08 04:08:59,799 [pool-433-thread-1] INFO  server.RaftServerConfigKeys (ConfUtils.java:logGet(43)) - raft.server.log.write.buffer.size = 33554432 (custom)
2019-10-08 04:08:59,799 [pool-433-thread-1] INFO  server.RaftServerConfigKeys (ConfUtils.java:logGet(43)) - raft.server.log.force.sync.num = 128 (default)
2019-10-08 04:08:59,799 [pool-433-thread-1] INFO  server.RaftServerConfigKeys (ConfUtils.java:logGet(43)) - raft.server.log.statemachine.data.sync = true (default)
2019-10-08 04:08:59,799 [pool-433-thread-1] INFO  server.RaftServerConfigKeys (ConfUtils.java:logGet(43)) - raft.server.log.statemachine.data.sync.timeout = 10s (default)
2019-10-08 04:08:59,799 [pool-433-thread-1] INFO  server.RaftServerConfigKeys (ConfUtils.java:logGet(43)) - raft.server.log.statemachine.data.sync.timeout.retry = -1 (default)
2019-10-08 04:08:59,799 [pool-433-thread-1] INFO  server.RaftServerConfigKeys (ConfUtils.java:logGet(43)) - raft.server.log.statemachine.data.caching.enabled = true (custom)
2019-10-08 04:08:59,800 [pool-433-thread-1] INFO  segmented.SegmentedRaftLogWorker (SegmentedRaftLogWorker.java:lambda$new$0(128)) - 2216662d-36f3-4191-bcae-280d73b4aebf@group-936FB3744BD7-SegmentedRaftLogWorker: flushIndex: setUnconditionally 0 -> -1
2019-10-08 04:08:59,800 [pool-433-thread-1] INFO  server.RaftServerConfigKeys (ConfUtils.java:logGet(43)) - raft.server.snapshot.auto.trigger.enabled = true (custom)
2019-10-08 04:08:59,800 [pool-433-thread-1] INFO  server.RaftServerConfigKeys (ConfUtils.java:logGet(43)) - raft.server.snapshot.auto.trigger.threshold = 10000 (custom)
2019-10-08 04:08:59,800 [pool-433-thread-1] INFO  server.RaftServerConfigKeys (ConfUtils.java:logGet(43)) - raft.server.snapshot.retention.file.num = 5 (custom)
2019-10-08 04:08:59,800 [pool-433-thread-1] INFO  server.RaftServerConfigKeys (ConfUtils.java:logGet(43)) - raft.server.retrycache.expirytime = 600000ms (custom)
2019-10-08 04:08:59,801 [pool-433-thread-1] INFO  impl.RaftServerImpl (RaftServerImpl.java:start(181)) - 2216662d-36f3-4191-bcae-280d73b4aebf@group-936FB3744BD7: start as a follower, conf=-1: [2216662d-36f3-4191-bcae-280d73b4aebf:192.168.151.83:42128], old=null
2019-10-08 04:08:59,801 [pool-433-thread-1] INFO  impl.RaftServerImpl (RaftServerImpl.java:setRole(170)) - 2216662d-36f3-4191-bcae-280d73b4aebf@group-936FB3744BD7: changes role from      null to FOLLOWER at term 0 for startAsFollower
2019-10-08 04:08:59,801 [pool-433-thread-1] INFO  impl.RoleInfo (RoleInfo.java:updateAndGet(143)) - 2216662d-36f3-4191-bcae-280d73b4aebf: start FollowerState
2019-10-08 04:08:59,802 [pool-433-thread-1] INFO  util.JmxRegister (JmxRegister.java:tryRegister(44)) - Successfully registered JMX Bean with object name Ratis:service=RaftServer,group=group-936FB3744BD7,id=2216662d-36f3-4191-bcae-280d73b4aebf
2019-10-08 04:08:59,810 [RatisPipelineUtilsThread] INFO  pipeline.PipelineStateManager (PipelineStateManager.java:addPipeline(56)) - Created pipeline Pipeline[ Id: 2f57dbec-9dfc-45c9-80f4-936fb3744bd7, Nodes: 2216662d-36f3-4191-bcae-280d73b4aebf{ip: 192.168.151.83, host: pr-hdds-2217-jqnfv-3133698562, networkLocation: /default-rack, certSerialId: null}, Type:RATIS, Factor:ONE, State:OPEN]
2019-10-08 04:08:59,829 [main] INFO  ozone.MiniOzoneClusterImpl (MiniOzoneClusterImpl.java:lambda$waitForClusterToBeReady$0(147)) - Waiting for cluster to be ready. Got 6 of 7 DN Heartbeats.
2019-10-08 04:08:59,830 [IPC Server handler 5 on 43105] INFO  net.NetworkTopology (NetworkTopologyImpl.java:add(111)) - Added a new node: /default-rack/fb672a9d-abab-468f-a96a-13af78d2b6f6
2019-10-08 04:08:59,830 [IPC Server handler 5 on 43105] INFO  node.SCMNodeManager (SCMNodeManager.java:register(268)) - Registered Data node : fb672a9d-abab-468f-a96a-13af78d2b6f6{ip: 192.168.151.83, host: pr-hdds-2217-jqnfv-3133698562, networkLocation: /default-rack, certSerialId: null}
2019-10-08 04:08:59,830 [grpc-default-executor-1] INFO  impl.RaftServerProxy (RaftServerProxy.java:addNew(89)) - 4540f121-1d6b-4c55-9239-0bad72639351: addNew group-37B91ED30AC4:[2216662d-36f3-4191-bcae-280d73b4aebf:192.168.151.83:42128, 4540f121-1d6b-4c55-9239-0bad72639351:192.168.151.83:35515, d9c1ee62-388b-4e3a-aee2-263343cf0ad0:192.168.151.83:40084] returns group-37B91ED30AC4:java.util.concurrent.CompletableFuture@2461a287[Not completed]
2019-10-08 04:08:59,831 [grpc-default-executor-4] INFO  impl.RaftServerProxy (RaftServerProxy.java:addNew(89)) - d9c1ee62-388b-4e3a-aee2-263343cf0ad0: addNew group-37B91ED30AC4:[2216662d-36f3-4191-bcae-280d73b4aebf:192.168.151.83:42128, 4540f121-1d6b-4c55-9239-0bad72639351:192.168.151.83:35515, d9c1ee62-388b-4e3a-aee2-263343cf0ad0:192.168.151.83:40084] returns group-37B91ED30AC4:java.util.concurrent.CompletableFuture@1ee99afb[Not completed]
2019-10-08 04:08:59,831 [grpc-default-executor-0] INFO  impl.RaftServerProxy (RaftServerProxy.java:addNew(89)) - 2216662d-36f3-4191-bcae-280d73b4aebf: addNew group-37B91ED30AC4:[2216662d-36f3-4191-bcae-280d73b4aebf:192.168.151.83:42128, 4540f121-1d6b-4c55-9239-0bad72639351:192.168.151.83:35515, d9c1ee62-388b-4e3a-aee2-263343cf0ad0:192.168.151.83:40084] returns group-37B91ED30AC4:java.util.concurrent.CompletableFuture@3d4eb44a[Not completed]
2019-10-08 04:08:59,832 [pool-423-thread-1] INFO  impl.RaftServerImpl (RaftServerImpl.java:<init>(95)) - 4540f121-1d6b-4c55-9239-0bad72639351: new RaftServerImpl for group-37B91ED30AC4:[2216662d-36f3-4191-bcae-280d73b4aebf:192.168.151.83:42128, 4540f121-1d6b-4c55-9239-0bad72639351:192.168.151.83:35515, d9c1ee62-388b-4e3a-aee2-263343cf0ad0:192.168.151.83:40084] with ContainerStateMachine:uninitialized
2019-10-08 04:08:59,832 [pool-423-thread-1] INFO  server.RaftServerConfigKeys (ConfUtils.java:logGet(43)) - raft.server.rpc.timeout.min = 5s (custom)
2019-10-08 04:08:59,832 [pool-423-thread-1] INFO  server.RaftServerConfigKeys (ConfUtils.java:logGet(43)) - raft.server.rpc.timeout.max = 5200ms (custom)
2019-10-08 04:08:59,833 [pool-423-thread-1] INFO  server.RaftServerConfigKeys (ConfUtils.java:logGet(43)) - raft.server.rpcslowness.timeout = 120s (custom)
2019-10-08 04:08:59,833 [pool-423-thread-1] INFO  server.RaftServerConfigKeys (ConfUtils.java:logGet(43)) - raft.server.sleep.deviation.threshold = 300 (default)
2019-10-08 04:08:59,833 [pool-423-thread-1] INFO  server.RaftServerConfigKeys (ConfUtils.java:logGet(43)) - raft.server.log.appender.install.snapshot.enabled = false (custom)
2019-10-08 04:08:59,833 [pool-423-thread-1] INFO  impl.RaftServerImpl (ServerState.java:<init>(103)) - 4540f121-1d6b-4c55-9239-0bad72639351@group-37B91ED30AC4: ConfigurationManager, init=-1: [2216662d-36f3-4191-bcae-280d73b4aebf:192.168.151.83:42128, 4540f121-1d6b-4c55-9239-0bad72639351:192.168.151.83:35515, d9c1ee62-388b-4e3a-aee2-263343cf0ad0:192.168.151.83:40084], old=null, confs=<EMPTY_MAP>
2019-10-08 04:08:59,833 [pool-433-thread-1] INFO  impl.RaftServerImpl (RaftServerImpl.java:<init>(95)) - 2216662d-36f3-4191-bcae-280d73b4aebf: new RaftServerImpl for group-37B91ED30AC4:[2216662d-36f3-4191-bcae-280d73b4aebf:192.168.151.83:42128, 4540f121-1d6b-4c55-9239-0bad72639351:192.168.151.83:35515, d9c1ee62-388b-4e3a-aee2-263343cf0ad0:192.168.151.83:40084] with ContainerStateMachine:uninitialized
2019-10-08 04:08:59,833 [pool-423-thread-1] INFO  server.RaftServerConfigKeys (ConfUtils.java:logGet(43)) - raft.server.storage.dir = [/workdir/hadoop-ozone/integration-test/target/test-dir/MiniOzoneClusterImpl-bb1bef09-a2ee-4d3f-9bf8-7f738e16213c/datanode-4/data/ratis] (custom)
2019-10-08 04:08:59,833 [pool-433-thread-1] INFO  server.RaftServerConfigKeys (ConfUtils.java:logGet(43)) - raft.server.rpc.timeout.min = 5s (custom)
2019-10-08 04:08:59,834 [pool-423-thread-1] INFO  server.RaftServerConfigKeys (ConfUtils.java:logGet(43)) - raft.server.log.corruption.policy = EXCEPTION (default)
2019-10-08 04:08:59,834 [pool-433-thread-1] INFO  server.RaftServerConfigKeys (ConfUtils.java:logGet(43)) - raft.server.rpc.timeout.max = 5200ms (custom)
2019-10-08 04:08:59,834 [pool-413-thread-1] INFO  impl.RaftServerImpl (RaftServerImpl.java:<init>(95)) - d9c1ee62-388b-4e3a-aee2-263343cf0ad0: new RaftServerImpl for group-37B91ED30AC4:[2216662d-36f3-4191-bcae-280d73b4aebf:192.168.151.83:42128, 4540f121-1d6b-4c55-9239-0bad72639351:192.168.151.83:35515, d9c1ee62-388b-4e3a-aee2-263343cf0ad0:192.168.151.83:40084] with ContainerStateMachine:uninitialized
2019-10-08 04:08:59,834 [pool-433-thread-1] INFO  server.RaftServerConfigKeys (ConfUtils.java:logGet(43)) - raft.server.rpcslowness.timeout = 120s (custom)
2019-10-08 04:08:59,834 [pool-423-thread-1] INFO  storage.RaftStorageDirectory (RaftStorageDirectory.java:analyzeStorage(246)) - The storage directory /workdir/hadoop-ozone/integration-test/target/test-dir/MiniOzoneClusterImpl-bb1bef09-a2ee-4d3f-9bf8-7f738e16213c/datanode-4/data/ratis/1a86e4b7-886d-43a6-a4b9-37b91ed30ac4 does not exist. Creating ...
2019-10-08 04:08:59,834 [pool-433-thread-1] INFO  server.RaftServerConfigKeys (ConfUtils.java:logGet(43)) - raft.server.sleep.deviation.threshold = 300 (default)
2019-10-08 04:08:59,834 [pool-413-thread-1] INFO  server.RaftServerConfigKeys (ConfUtils.java:logGet(43)) - raft.server.rpc.timeout.min = 5s (custom)
2019-10-08 04:08:59,835 [pool-433-thread-1] INFO  server.RaftServerConfigKeys (ConfUtils.java:logGet(43)) - raft.server.log.appender.install.snapshot.enabled = false (custom)
2019-10-08 04:08:59,835 [pool-413-thread-1] INFO  server.RaftServerConfigKeys (ConfUtils.java:logGet(43)) - raft.server.rpc.timeout.max = 5200ms (custom)
2019-10-08 04:08:59,835 [pool-433-thread-1] INFO  impl.RaftServerImpl (ServerState.java:<init>(103)) - 2216662d-36f3-4191-bcae-280d73b4aebf@group-37B91ED30AC4: ConfigurationManager, init=-1: [2216662d-36f3-4191-bcae-280d73b4aebf:192.168.151.83:42128, 4540f121-1d6b-4c55-9239-0bad72639351:192.168.151.83:35515, d9c1ee62-388b-4e3a-aee2-263343cf0ad0:192.168.151.83:40084], old=null, confs=<EMPTY_MAP>
2019-10-08 04:08:59,835 [pool-413-thread-1] INFO  server.RaftServerConfigKeys (ConfUtils.java:logGet(43)) - raft.server.rpcslowness.timeout = 120s (custom)
2019-10-08 04:08:59,835 [pool-433-thread-1] INFO  server.RaftServerConfigKeys (ConfUtils.java:logGet(43)) - raft.server.storage.dir = [/workdir/hadoop-ozone/integration-test/target/test-dir/MiniOzoneClusterImpl-bb1bef09-a2ee-4d3f-9bf8-7f738e16213c/datanode-5/data/ratis] (custom)
2019-10-08 04:08:59,835 [pool-413-thread-1] INFO  server.RaftServerConfigKeys (ConfUtils.java:logGet(43)) - raft.server.sleep.deviation.threshold = 300 (default)
2019-10-08 04:08:59,836 [pool-413-thread-1] INFO  server.RaftServerConfigKeys (ConfUtils.java:logGet(43)) - raft.server.log.appender.install.snapshot.enabled = false (custom)
2019-10-08 04:08:59,836 [pool-433-thread-1] INFO  server.RaftServerConfigKeys (ConfUtils.java:logGet(43)) - raft.server.log.corruption.policy = EXCEPTION (default)
2019-10-08 04:08:59,836 [pool-413-thread-1] INFO  impl.RaftServerImpl (ServerState.java:<init>(103)) - d9c1ee62-388b-4e3a-aee2-263343cf0ad0@group-37B91ED30AC4: ConfigurationManager, init=-1: [2216662d-36f3-4191-bcae-280d73b4aebf:192.168.151.83:42128, 4540f121-1d6b-4c55-9239-0bad72639351:192.168.151.83:35515, d9c1ee62-388b-4e3a-aee2-263343cf0ad0:192.168.151.83:40084], old=null, confs=<EMPTY_MAP>
2019-10-08 04:08:59,836 [pool-433-thread-1] INFO  storage.RaftStorageDirectory (RaftStorageDirectory.java:analyzeStorage(246)) - The storage directory /workdir/hadoop-ozone/integration-test/target/test-dir/MiniOzoneClusterImpl-bb1bef09-a2ee-4d3f-9bf8-7f738e16213c/datanode-5/data/ratis/1a86e4b7-886d-43a6-a4b9-37b91ed30ac4 does not exist. Creating ...
2019-10-08 04:08:59,836 [pool-413-thread-1] INFO  server.RaftServerConfigKeys (ConfUtils.java:logGet(43)) - raft.server.storage.dir = [/workdir/hadoop-ozone/integration-test/target/test-dir/MiniOzoneClusterImpl-bb1bef09-a2ee-4d3f-9bf8-7f738e16213c/datanode-3/data/ratis] (custom)
2019-10-08 04:08:59,836 [pool-413-thread-1] INFO  server.RaftServerConfigKeys (ConfUtils.java:logGet(43)) - raft.server.log.corruption.policy = EXCEPTION (default)
2019-10-08 04:08:59,837 [pool-413-thread-1] INFO  storage.RaftStorageDirectory (RaftStorageDirectory.java:analyzeStorage(246)) - The storage directory /workdir/hadoop-ozone/integration-test/target/test-dir/MiniOzoneClusterImpl-bb1bef09-a2ee-4d3f-9bf8-7f738e16213c/datanode-3/data/ratis/1a86e4b7-886d-43a6-a4b9-37b91ed30ac4 does not exist. Creating ...
2019-10-08 04:08:59,848 [pool-413-thread-1] INFO  storage.RaftStorageDirectory (RaftStorageDirectory.java:tryLock(328)) - Lock on /workdir/hadoop-ozone/integration-test/target/test-dir/MiniOzoneClusterImpl-bb1bef09-a2ee-4d3f-9bf8-7f738e16213c/datanode-3/data/ratis/1a86e4b7-886d-43a6-a4b9-37b91ed30ac4/in_use.lock acquired by nodename 22889@pr-hdds-2217-jqnfv-3133698562
2019-10-08 04:08:59,848 [pool-433-thread-1] INFO  storage.RaftStorageDirectory (RaftStorageDirectory.java:tryLock(328)) - Lock on /workdir/hadoop-ozone/integration-test/target/test-dir/MiniOzoneClusterImpl-bb1bef09-a2ee-4d3f-9bf8-7f738e16213c/datanode-5/data/ratis/1a86e4b7-886d-43a6-a4b9-37b91ed30ac4/in_use.lock acquired by nodename 22889@pr-hdds-2217-jqnfv-3133698562
2019-10-08 04:08:59,848 [pool-423-thread-1] INFO  storage.RaftStorageDirectory (RaftStorageDirectory.java:tryLock(328)) - Lock on /workdir/hadoop-ozone/integration-test/target/test-dir/MiniOzoneClusterImpl-bb1bef09-a2ee-4d3f-9bf8-7f738e16213c/datanode-4/data/ratis/1a86e4b7-886d-43a6-a4b9-37b91ed30ac4/in_use.lock acquired by nodename 22889@pr-hdds-2217-jqnfv-3133698562
2019-10-08 04:08:59,869 [pool-423-thread-1] INFO  storage.RaftStorage (RaftStorage.java:format(84)) - Storage directory /workdir/hadoop-ozone/integration-test/target/test-dir/MiniOzoneClusterImpl-bb1bef09-a2ee-4d3f-9bf8-7f738e16213c/datanode-4/data/ratis/1a86e4b7-886d-43a6-a4b9-37b91ed30ac4 has been successfully formatted.
2019-10-08 04:08:59,869 [pool-413-thread-1] INFO  storage.RaftStorage (RaftStorage.java:format(84)) - Storage directory /workdir/hadoop-ozone/integration-test/target/test-dir/MiniOzoneClusterImpl-bb1bef09-a2ee-4d3f-9bf8-7f738e16213c/datanode-3/data/ratis/1a86e4b7-886d-43a6-a4b9-37b91ed30ac4 has been successfully formatted.
2019-10-08 04:08:59,869 [pool-423-thread-1] INFO  ratis.ContainerStateMachine (ContainerStateMachine.java:loadSnapshot(231)) - group-37B91ED30AC4: The snapshot info is null. Setting the last applied indexto:(t:0, i:~)
2019-10-08 04:08:59,869 [pool-433-thread-1] INFO  storage.RaftStorage (RaftStorage.java:format(84)) - Storage directory /workdir/hadoop-ozone/integration-test/target/test-dir/MiniOzoneClusterImpl-bb1bef09-a2ee-4d3f-9bf8-7f738e16213c/datanode-5/data/ratis/1a86e4b7-886d-43a6-a4b9-37b91ed30ac4 has been successfully formatted.
2019-10-08 04:08:59,869 [pool-423-thread-1] INFO  server.RaftServerConfigKeys (ConfUtils.java:logGet(43)) - raft.server.notification.no-leader.timeout = 120s (custom)
2019-10-08 04:08:59,869 [pool-413-thread-1] INFO  ratis.ContainerStateMachine (ContainerStateMachine.java:loadSnapshot(231)) - group-37B91ED30AC4: The snapshot info is null. Setting the last applied indexto:(t:0, i:~)
2019-10-08 04:08:59,870 [pool-423-thread-1] INFO  server.RaftServerConfigKeys (ConfUtils.java:logGet(43)) - raft.server.log.use.memory = false (default)
2019-10-08 04:08:59,870 [pool-433-thread-1] INFO  ratis.ContainerStateMachine (ContainerStateMachine.java:loadSnapshot(231)) - group-37B91ED30AC4: The snapshot info is null. Setting the last applied indexto:(t:0, i:~)
2019-10-08 04:08:59,870 [pool-423-thread-1] INFO  server.RaftServerConfigKeys (ConfUtils.java:logGet(43)) - raft.server.log.purge.gap = 1000000 (custom)
2019-10-08 04:08:59,870 [pool-413-thread-1] INFO  server.RaftServerConfigKeys (ConfUtils.java:logGet(43)) - raft.server.notification.no-leader.timeout = 120s (custom)
2019-10-08 04:08:59,870 [pool-423-thread-1] INFO  server.RaftServerConfigKeys (ConfUtils.java:logGet(43)) - raft.server.log.appender.buffer.byte-limit = 33554432 (custom)
2019-10-08 04:08:59,870 [pool-433-thread-1] INFO  server.RaftServerConfigKeys (ConfUtils.java:logGet(43)) - raft.server.notification.no-leader.timeout = 120s (custom)
2019-10-08 04:08:59,871 [pool-423-thread-1] INFO  server.RaftServerConfigKeys (ConfUtils.java:logGet(43)) - raft.server.log.segment.size.max = 1048576 (custom)
2019-10-08 04:08:59,871 [pool-413-thread-1] INFO  server.RaftServerConfigKeys (ConfUtils.java:logGet(43)) - raft.server.log.use.memory = false (default)
2019-10-08 04:08:59,871 [pool-423-thread-1] INFO  server.RaftServerConfigKeys (ConfUtils.java:logGet(43)) - raft.server.log.segment.cache.num.max = 2 (custom)
2019-10-08 04:08:59,871 [pool-433-thread-1] INFO  server.RaftServerConfigKeys (ConfUtils.java:logGet(43)) - raft.server.log.use.memory = false (default)
2019-10-08 04:08:59,871 [pool-423-thread-1] INFO  segmented.SegmentedRaftLogWorker (SegmentedRaftLogWorker.java:<init>(173)) - new 4540f121-1d6b-4c55-9239-0bad72639351@group-37B91ED30AC4-SegmentedRaftLogWorker for RaftStorage:Storage Directory /workdir/hadoop-ozone/integration-test/target/test-dir/MiniOzoneClusterImpl-bb1bef09-a2ee-4d3f-9bf8-7f738e16213c/datanode-4/data/ratis/1a86e4b7-886d-43a6-a4b9-37b91ed30ac4
2019-10-08 04:08:59,872 [pool-423-thread-1] INFO  server.RaftServerConfigKeys (ConfUtils.java:logGet(43)) - raft.server.log.queue.byte-limit = 2147483647 (custom)
2019-10-08 04:08:59,871 [pool-413-thread-1] INFO  server.RaftServerConfigKeys (ConfUtils.java:logGet(43)) - raft.server.log.purge.gap = 1000000 (custom)
2019-10-08 04:08:59,872 [pool-423-thread-1] INFO  server.RaftServerConfigKeys (ConfUtils.java:logGet(43)) - raft.server.log.queue.element-limit = 1024 (custom)
2019-10-08 04:08:59,872 [pool-423-thread-1] INFO  server.RaftServerConfigKeys (ConfUtils.java:logGet(43)) - raft.server.log.segment.size.max = 1048576 (custom)
2019-10-08 04:08:59,871 [pool-433-thread-1] INFO  server.RaftServerConfigKeys (ConfUtils.java:logGet(43)) - raft.server.log.purge.gap = 1000000 (custom)
2019-10-08 04:08:59,872 [pool-423-thread-1] INFO  server.RaftServerConfigKeys (ConfUtils.java:logGet(43)) - raft.server.log.preallocated.size = 16384 (custom)
2019-10-08 04:08:59,872 [pool-413-thread-1] INFO  server.RaftServerConfigKeys (ConfUtils.java:logGet(43)) - raft.server.log.appender.buffer.byte-limit = 33554432 (custom)
2019-10-08 04:08:59,872 [pool-423-thread-1] INFO  server.RaftServerConfigKeys (ConfUtils.java:logGet(43)) - raft.server.log.write.buffer.size = 33554432 (custom)
2019-10-08 04:08:59,873 [pool-423-thread-1] INFO  server.RaftServerConfigKeys (ConfUtils.java:logGet(43)) - raft.server.log.force.sync.num = 128 (default)
2019-10-08 04:08:59,872 [pool-433-thread-1] INFO  server.RaftServerConfigKeys (ConfUtils.java:logGet(43)) - raft.server.log.appender.buffer.byte-limit = 33554432 (custom)
2019-10-08 04:08:59,873 [pool-423-thread-1] INFO  server.RaftServerConfigKeys (ConfUtils.java:logGet(43)) - raft.server.log.statemachine.data.sync = true (default)
2019-10-08 04:08:59,873 [pool-423-thread-1] INFO  server.RaftServerConfigKeys (ConfUtils.java:logGet(43)) - raft.server.log.statemachine.data.sync.timeout = 10s (default)
2019-10-08 04:08:59,873 [pool-413-thread-1] INFO  server.RaftServerConfigKeys (ConfUtils.java:logGet(43)) - raft.server.log.segment.size.max = 1048576 (custom)
2019-10-08 04:08:59,873 [pool-423-thread-1] INFO  server.RaftServerConfigKeys (ConfUtils.java:logGet(43)) - raft.server.log.statemachine.data.sync.timeout.retry = -1 (default)
2019-10-08 04:08:59,873 [pool-433-thread-1] INFO  server.RaftServerConfigKeys (ConfUtils.java:logGet(43)) - raft.server.log.segment.size.max = 1048576 (custom)
2019-10-08 04:08:59,874 [pool-423-thread-1] INFO  server.RaftServerConfigKeys (ConfUtils.java:logGet(43)) - raft.server.log.statemachine.data.caching.enabled = true (custom)
2019-10-08 04:08:59,874 [pool-413-thread-1] INFO  server.RaftServerConfigKeys (ConfUtils.java:logGet(43)) - raft.server.log.segment.cache.num.max = 2 (custom)
2019-10-08 04:08:59,874 [pool-433-thread-1] INFO  server.RaftServerConfigKeys (ConfUtils.java:logGet(43)) - raft.server.log.segment.cache.num.max = 2 (custom)
2019-10-08 04:08:59,874 [pool-413-thread-1] INFO  segmented.SegmentedRaftLogWorker (SegmentedRaftLogWorker.java:<init>(173)) - new d9c1ee62-388b-4e3a-aee2-263343cf0ad0@group-37B91ED30AC4-SegmentedRaftLogWorker for RaftStorage:Storage Directory /workdir/hadoop-ozone/integration-test/target/test-dir/MiniOzoneClusterImpl-bb1bef09-a2ee-4d3f-9bf8-7f738e16213c/datanode-3/data/ratis/1a86e4b7-886d-43a6-a4b9-37b91ed30ac4
2019-10-08 04:08:59,874 [pool-423-thread-1] INFO  segmented.SegmentedRaftLogWorker (SegmentedRaftLogWorker.java:lambda$new$0(128)) - 4540f121-1d6b-4c55-9239-0bad72639351@group-37B91ED30AC4-SegmentedRaftLogWorker: flushIndex: setUnconditionally 0 -> -1
2019-10-08 04:08:59,874 [pool-413-thread-1] INFO  server.RaftServerConfigKeys (ConfUtils.java:logGet(43)) - raft.server.log.queue.byte-limit = 2147483647 (custom)
2019-10-08 04:08:59,874 [pool-433-thread-1] INFO  segmented.SegmentedRaftLogWorker (SegmentedRaftLogWorker.java:<init>(173)) - new 2216662d-36f3-4191-bcae-280d73b4aebf@group-37B91ED30AC4-SegmentedRaftLogWorker for RaftStorage:Storage Directory /workdir/hadoop-ozone/integration-test/target/test-dir/MiniOzoneClusterImpl-bb1bef09-a2ee-4d3f-9bf8-7f738e16213c/datanode-5/data/ratis/1a86e4b7-886d-43a6-a4b9-37b91ed30ac4
2019-10-08 04:08:59,875 [pool-413-thread-1] INFO  server.RaftServerConfigKeys (ConfUtils.java:logGet(43)) - raft.server.log.queue.element-limit = 1024 (custom)
2019-10-08 04:08:59,875 [pool-423-thread-1] INFO  server.RaftServerConfigKeys (ConfUtils.java:logGet(43)) - raft.server.snapshot.auto.trigger.enabled = true (custom)
2019-10-08 04:08:59,875 [pool-413-thread-1] INFO  server.RaftServerConfigKeys (ConfUtils.java:logGet(43)) - raft.server.log.segment.size.max = 1048576 (custom)
2019-10-08 04:08:59,875 [pool-433-thread-1] INFO  server.RaftServerConfigKeys (ConfUtils.java:logGet(43)) - raft.server.log.queue.byte-limit = 2147483647 (custom)
2019-10-08 04:08:59,875 [pool-413-thread-1] INFO  server.RaftServerConfigKeys (ConfUtils.java:logGet(43)) - raft.server.log.preallocated.size = 16384 (custom)
2019-10-08 04:08:59,875 [pool-423-thread-1] INFO  server.RaftServerConfigKeys (ConfUtils.java:logGet(43)) - raft.server.snapshot.auto.trigger.threshold = 10000 (custom)
2019-10-08 04:08:59,876 [pool-413-thread-1] INFO  server.RaftServerConfigKeys (ConfUtils.java:logGet(43)) - raft.server.log.write.buffer.size = 33554432 (custom)
2019-10-08 04:08:59,875 [pool-433-thread-1] INFO  server.RaftServerConfigKeys (ConfUtils.java:logGet(43)) - raft.server.log.queue.element-limit = 1024 (custom)
2019-10-08 04:08:59,876 [pool-413-thread-1] INFO  server.RaftServerConfigKeys (ConfUtils.java:logGet(43)) - raft.server.log.force.sync.num = 128 (default)
2019-10-08 04:08:59,876 [pool-423-thread-1] INFO  server.RaftServerConfigKeys (ConfUtils.java:logGet(43)) - raft.server.snapshot.retention.file.num = 5 (custom)
2019-10-08 04:08:59,876 [pool-413-thread-1] INFO  server.RaftServerConfigKeys (ConfUtils.java:logGet(43)) - raft.server.log.statemachine.data.sync = true (default)
2019-10-08 04:08:59,876 [pool-433-thread-1] INFO  server.RaftServerConfigKeys (ConfUtils.java:logGet(43)) - raft.server.log.segment.size.max = 1048576 (custom)
2019-10-08 04:08:59,876 [pool-413-thread-1] INFO  server.RaftServerConfigKeys (ConfUtils.java:logGet(43)) - raft.server.log.statemachine.data.sync.timeout = 10s (default)
2019-10-08 04:08:59,876 [pool-423-thread-1] INFO  server.RaftServerConfigKeys (ConfUtils.java:logGet(43)) - raft.server.retrycache.expirytime = 600000ms (custom)
2019-10-08 04:08:59,877 [pool-413-thread-1] INFO  server.RaftServerConfigKeys (ConfUtils.java:logGet(43)) - raft.server.log.statemachine.data.sync.timeout.retry = -1 (default)
2019-10-08 04:08:59,877 [pool-433-thread-1] INFO  server.RaftServerConfigKeys (ConfUtils.java:logGet(43)) - raft.server.log.preallocated.size = 16384 (custom)
2019-10-08 04:08:59,877 [pool-413-thread-1] INFO  server.RaftServerConfigKeys (ConfUtils.java:logGet(43)) - raft.server.log.statemachine.data.caching.enabled = true (custom)
2019-10-08 04:08:59,877 [pool-433-thread-1] INFO  server.RaftServerConfigKeys (ConfUtils.java:logGet(43)) - raft.server.log.write.buffer.size = 33554432 (custom)
2019-10-08 04:08:59,878 [pool-433-thread-1] INFO  server.RaftServerConfigKeys (ConfUtils.java:logGet(43)) - raft.server.log.force.sync.num = 128 (default)
2019-10-08 04:08:59,878 [pool-413-thread-1] INFO  segmented.SegmentedRaftLogWorker (SegmentedRaftLogWorker.java:lambda$new$0(128)) - d9c1ee62-388b-4e3a-aee2-263343cf0ad0@group-37B91ED30AC4-SegmentedRaftLogWorker: flushIndex: setUnconditionally 0 -> -1
2019-10-08 04:08:59,878 [pool-433-thread-1] INFO  server.RaftServerConfigKeys (ConfUtils.java:logGet(43)) - raft.server.log.statemachine.data.sync = true (default)
2019-10-08 04:08:59,878 [pool-433-thread-1] INFO  server.RaftServerConfigKeys (ConfUtils.java:logGet(43)) - raft.server.log.statemachine.data.sync.timeout = 10s (default)
2019-10-08 04:08:59,878 [pool-413-thread-1] INFO  server.RaftServerConfigKeys (ConfUtils.java:logGet(43)) - raft.server.snapshot.auto.trigger.enabled = true (custom)
2019-10-08 04:08:59,878 [pool-433-thread-1] INFO  server.RaftServerConfigKeys (ConfUtils.java:logGet(43)) - raft.server.log.statemachine.data.sync.timeout.retry = -1 (default)
2019-10-08 04:08:59,878 [pool-413-thread-1] INFO  server.RaftServerConfigKeys (ConfUtils.java:logGet(43)) - raft.server.snapshot.auto.trigger.threshold = 10000 (custom)
2019-10-08 04:08:59,879 [pool-433-thread-1] INFO  server.RaftServerConfigKeys (ConfUtils.java:logGet(43)) - raft.server.log.statemachine.data.caching.enabled = true (custom)
2019-10-08 04:08:59,879 [pool-423-thread-1] INFO  impl.RaftServerImpl (RaftServerImpl.java:start(181)) - 4540f121-1d6b-4c55-9239-0bad72639351@group-37B91ED30AC4: start as a follower, conf=-1: [2216662d-36f3-4191-bcae-280d73b4aebf:192.168.151.83:42128, 4540f121-1d6b-4c55-9239-0bad72639351:192.168.151.83:35515, d9c1ee62-388b-4e3a-aee2-263343cf0ad0:192.168.151.83:40084], old=null
2019-10-08 04:08:59,879 [pool-413-thread-1] INFO  server.RaftServerConfigKeys (ConfUtils.java:logGet(43)) - raft.server.snapshot.retention.file.num = 5 (custom)
2019-10-08 04:08:59,879 [pool-433-thread-1] INFO  segmented.SegmentedRaftLogWorker (SegmentedRaftLogWorker.java:lambda$new$0(128)) - 2216662d-36f3-4191-bcae-280d73b4aebf@group-37B91ED30AC4-SegmentedRaftLogWorker: flushIndex: setUnconditionally 0 -> -1
2019-10-08 04:08:59,879 [pool-423-thread-1] INFO  impl.RaftServerImpl (RaftServerImpl.java:setRole(170)) - 4540f121-1d6b-4c55-9239-0bad72639351@group-37B91ED30AC4: changes role from      null to FOLLOWER at term 0 for startAsFollower
2019-10-08 04:08:59,879 [pool-413-thread-1] INFO  server.RaftServerConfigKeys (ConfUtils.java:logGet(43)) - raft.server.retrycache.expirytime = 600000ms (custom)
2019-10-08 04:08:59,879 [pool-433-thread-1] INFO  server.RaftServerConfigKeys (ConfUtils.java:logGet(43)) - raft.server.snapshot.auto.trigger.enabled = true (custom)
2019-10-08 04:08:59,879 [pool-423-thread-1] INFO  impl.RoleInfo (RoleInfo.java:updateAndGet(143)) - 4540f121-1d6b-4c55-9239-0bad72639351: start FollowerState
2019-10-08 04:08:59,880 [pool-433-thread-1] INFO  server.RaftServerConfigKeys (ConfUtils.java:logGet(43)) - raft.server.snapshot.auto.trigger.threshold = 10000 (custom)
2019-10-08 04:08:59,880 [pool-433-thread-1] INFO  server.RaftServerConfigKeys (ConfUtils.java:logGet(43)) - raft.server.snapshot.retention.file.num = 5 (custom)
2019-10-08 04:08:59,880 [pool-423-thread-1] INFO  util.JmxRegister (JmxRegister.java:tryRegister(44)) - Successfully registered JMX Bean with object name Ratis:service=RaftServer,group=group-37B91ED30AC4,id=4540f121-1d6b-4c55-9239-0bad72639351
2019-10-08 04:08:59,880 [pool-433-thread-1] INFO  server.RaftServerConfigKeys (ConfUtils.java:logGet(43)) - raft.server.retrycache.expirytime = 600000ms (custom)
2019-10-08 04:08:59,884 [pool-413-thread-1] INFO  impl.RaftServerImpl (RaftServerImpl.java:start(181)) - d9c1ee62-388b-4e3a-aee2-263343cf0ad0@group-37B91ED30AC4: start as a follower, conf=-1: [2216662d-36f3-4191-bcae-280d73b4aebf:192.168.151.83:42128, 4540f121-1d6b-4c55-9239-0bad72639351:192.168.151.83:35515, d9c1ee62-388b-4e3a-aee2-263343cf0ad0:192.168.151.83:40084], old=null
2019-10-08 04:08:59,884 [pool-413-thread-1] INFO  impl.RaftServerImpl (RaftServerImpl.java:setRole(170)) - d9c1ee62-388b-4e3a-aee2-263343cf0ad0@group-37B91ED30AC4: changes role from      null to FOLLOWER at term 0 for startAsFollower
2019-10-08 04:08:59,885 [pool-413-thread-1] INFO  impl.RoleInfo (RoleInfo.java:updateAndGet(143)) - d9c1ee62-388b-4e3a-aee2-263343cf0ad0: start FollowerState
2019-10-08 04:08:59,885 [pool-433-thread-1] INFO  impl.RaftServerImpl (RaftServerImpl.java:start(181)) - 2216662d-36f3-4191-bcae-280d73b4aebf@group-37B91ED30AC4: start as a follower, conf=-1: [2216662d-36f3-4191-bcae-280d73b4aebf:192.168.151.83:42128, 4540f121-1d6b-4c55-9239-0bad72639351:192.168.151.83:35515, d9c1ee62-388b-4e3a-aee2-263343cf0ad0:192.168.151.83:40084], old=null
2019-10-08 04:08:59,885 [pool-433-thread-1] INFO  impl.RaftServerImpl (RaftServerImpl.java:setRole(170)) - 2216662d-36f3-4191-bcae-280d73b4aebf@group-37B91ED30AC4: changes role from      null to FOLLOWER at term 0 for startAsFollower
2019-10-08 04:08:59,885 [pool-413-thread-1] INFO  util.JmxRegister (JmxRegister.java:tryRegister(44)) - Successfully registered JMX Bean with object name Ratis:service=RaftServer,group=group-37B91ED30AC4,id=d9c1ee62-388b-4e3a-aee2-263343cf0ad0
2019-10-08 04:08:59,885 [pool-433-thread-1] INFO  impl.RoleInfo (RoleInfo.java:updateAndGet(143)) - 2216662d-36f3-4191-bcae-280d73b4aebf: start FollowerState
2019-10-08 04:08:59,886 [pool-433-thread-1] INFO  util.JmxRegister (JmxRegister.java:tryRegister(44)) - Successfully registered JMX Bean with object name Ratis:service=RaftServer,group=group-37B91ED30AC4,id=2216662d-36f3-4191-bcae-280d73b4aebf
2019-10-08 04:08:59,912 [RatisPipelineUtilsThread] INFO  pipeline.PipelineStateManager (PipelineStateManager.java:addPipeline(56)) - Created pipeline Pipeline[ Id: 1a86e4b7-886d-43a6-a4b9-37b91ed30ac4, Nodes: 2216662d-36f3-4191-bcae-280d73b4aebf{ip: 192.168.151.83, host: pr-hdds-2217-jqnfv-3133698562, networkLocation: /default-rack, certSerialId: null}4540f121-1d6b-4c55-9239-0bad72639351{ip: 192.168.151.83, host: pr-hdds-2217-jqnfv-3133698562, networkLocation: /default-rack, certSerialId: null}d9c1ee62-388b-4e3a-aee2-263343cf0ad0{ip: 192.168.151.83, host: pr-hdds-2217-jqnfv-3133698562, networkLocation: /default-rack, certSerialId: null}, Type:RATIS, Factor:THREE, State:OPEN]
2019-10-08 04:09:00,829 [main] INFO  ozone.MiniOzoneClusterImpl (MiniOzoneClusterImpl.java:lambda$waitForClusterToBeReady$0(147)) - Cluster is ready. Got 7 of 7 DN Heartbeats.
2019-10-08 04:09:00,894 [main] INFO  rpc.RpcClient (RpcClient.java:createVolume(277)) - Creating Volume: watchforcommithandlingtest, with jenkins1000 as owner.
2019-10-08 04:09:00,898 [IPC Server handler 1 on 38013] INFO  volume.OMVolumeCreateRequest (OMVolumeCreateRequest.java:validateAndUpdateCache(193)) - created volume:watchforcommithandlingtest for user:jenkins1000
2019-10-08 04:09:00,923 [main] INFO  rpc.RpcClient (RpcClient.java:createBucket(416)) - Creating Bucket: watchforcommithandlingtest/watchforcommithandlingtest, with Versioning false and Storage Type set to DISK and Encryption set to false 
2019-10-08 04:09:00,929 [main] INFO  ozone.MiniOzoneClusterImpl (MiniOzoneClusterImpl.java:getStorageContainerLocationClient(234)) - Creating StorageContainerLocationProtocol RPC client with address /0.0.0.0:41843
2019-10-08 04:09:01,056 [Thread-2409] INFO  client.GrpcClientProtocolService (GrpcClientProtocolService.java:lambda$processClientRequest$0(278)) - Failed RaftClientRequest:client-51205E2E8163->9a86e02d-457a-4233-b456-1f823c7b9675@group-903E021DC2E5, cid=68, seq=0, Watch-MAJORITY_COMMITTED(98), Message:<EMPTY>, reply=RaftClientReply:client-51205E2E8163->9a86e02d-457a-4233-b456-1f823c7b9675@group-903E021DC2E5, cid=68, FAILED org.apache.ratis.protocol.NotReplicatedException: Request with call Id 68 and log index 98 is not yet replicated to MAJORITY_COMMITTED, logIndex=98, commits[9a86e02d-457a-4233-b456-1f823c7b9675:c2, 53d4e2b8-d7c3-4e33-8543-84865c350f2c:c2, 8182f3c3-6485-4730-b171-cad52f435bf6:c2]
2019-10-08 04:09:01,056 [Thread-2410] INFO  client.GrpcClientProtocolService (GrpcClientProtocolService.java:lambda$processClientRequest$0(278)) - Failed RaftClientRequest:client-51205E2E8163->9a86e02d-457a-4233-b456-1f823c7b9675@group-903E021DC2E5, cid=67, seq=0, Watch-ALL_COMMITTED(98), Message:<EMPTY>, reply=RaftClientReply:client-51205E2E8163->9a86e02d-457a-4233-b456-1f823c7b9675@group-903E021DC2E5, cid=67, FAILED org.apache.ratis.protocol.NotReplicatedException: Request with call Id 67 and log index 98 is not yet replicated to ALL_COMMITTED, logIndex=98, commits[9a86e02d-457a-4233-b456-1f823c7b9675:c2, 53d4e2b8-d7c3-4e33-8543-84865c350f2c:c2, 8182f3c3-6485-4730-b171-cad52f435bf6:c2]
2019-10-08 04:09:01,178 [grpc-default-executor-7] WARN  server.GrpcLogAppender (LogUtils.java:warn(134)) - 9a86e02d-457a-4233-b456-1f823c7b9675@group-903E021DC2E5->53d4e2b8-d7c3-4e33-8543-84865c350f2c-AppendLogResponseHandler: Failed appendEntries: org.apache.ratis.thirdparty.io.grpc.StatusRuntimeException: UNAVAILABLE: io exception
2019-10-08 04:09:01,178 [grpc-default-executor-1] WARN  server.GrpcLogAppender (LogUtils.java:warn(134)) - 9a86e02d-457a-4233-b456-1f823c7b9675@group-903E021DC2E5->8182f3c3-6485-4730-b171-cad52f435bf6-AppendLogResponseHandler: Failed appendEntries: org.apache.ratis.thirdparty.io.grpc.StatusRuntimeException: UNAVAILABLE: io exception
2019-10-08 04:09:01,190 [grpc-default-executor-7] INFO  impl.FollowerInfo (FollowerInfo.java:lambda$new$0(51)) - 9a86e02d-457a-4233-b456-1f823c7b9675@group-903E021DC2E5->53d4e2b8-d7c3-4e33-8543-84865c350f2c: nextIndex: updateUnconditionally 0 -> 0
2019-10-08 04:09:01,190 [grpc-default-executor-1] INFO  impl.FollowerInfo (FollowerInfo.java:lambda$new$0(51)) - 9a86e02d-457a-4233-b456-1f823c7b9675@group-903E021DC2E5->8182f3c3-6485-4730-b171-cad52f435bf6: nextIndex: updateUnconditionally 0 -> 0
2019-10-08 04:09:02,298 [Thread-2364] INFO  container.ReplicationManager (ReplicationManager.java:start(162)) - Starting Replication Monitor Thread.
2019-10-08 04:09:02,304 [ReplicationMonitor] INFO  container.ReplicationManager (ReplicationManager.java:run(225)) - Replication Monitor Thread took 0 milliseconds for processing 1 containers.
2019-10-08 04:09:03,678 [grpc-default-executor-1] WARN  server.GrpcLogAppender (LogUtils.java:warn(134)) - 9a86e02d-457a-4233-b456-1f823c7b9675@group-903E021DC2E5->8182f3c3-6485-4730-b171-cad52f435bf6-AppendLogResponseHandler: Failed appendEntries: org.apache.ratis.thirdparty.io.grpc.StatusRuntimeException: UNAVAILABLE: io exception
2019-10-08 04:09:03,678 [grpc-default-executor-0] WARN  server.GrpcLogAppender (LogUtils.java:warn(134)) - 9a86e02d-457a-4233-b456-1f823c7b9675@group-903E021DC2E5->53d4e2b8-d7c3-4e33-8543-84865c350f2c-AppendLogResponseHandler: Failed appendEntries: org.apache.ratis.thirdparty.io.grpc.StatusRuntimeException: UNAVAILABLE: io exception
2019-10-08 04:09:03,679 [grpc-default-executor-1] INFO  impl.FollowerInfo (FollowerInfo.java:lambda$new$0(51)) - 9a86e02d-457a-4233-b456-1f823c7b9675@group-903E021DC2E5->8182f3c3-6485-4730-b171-cad52f435bf6: nextIndex: updateUnconditionally 0 -> 0
2019-10-08 04:09:03,679 [grpc-default-executor-0] INFO  impl.FollowerInfo (FollowerInfo.java:lambda$new$0(51)) - 9a86e02d-457a-4233-b456-1f823c7b9675@group-903E021DC2E5->53d4e2b8-d7c3-4e33-8543-84865c350f2c: nextIndex: updateUnconditionally 0 -> 0
2019-10-08 04:09:04,486 [Thread-2369] INFO  impl.FollowerState (FollowerState.java:run(108)) - 5582086d-f957-4017-84dd-f94e4c4ba1e1@group-3233063FBC51-FollowerState: change to CANDIDATE, lastRpcTime:5070ms, electionTimeout:5070ms
2019-10-08 04:09:04,486 [Thread-2369] INFO  impl.RoleInfo (RoleInfo.java:shutdownFollowerState(121)) - 5582086d-f957-4017-84dd-f94e4c4ba1e1: shutdown FollowerState
2019-10-08 04:09:04,486 [Thread-2369] INFO  impl.RaftServerImpl (RaftServerImpl.java:setRole(170)) - 5582086d-f957-4017-84dd-f94e4c4ba1e1@group-3233063FBC51: changes role from  FOLLOWER to CANDIDATE at term 0 for changeToCandidate
2019-10-08 04:09:04,486 [Thread-2369] INFO  impl.RoleInfo (RoleInfo.java:updateAndGet(143)) - 5582086d-f957-4017-84dd-f94e4c4ba1e1: start LeaderElection
2019-10-08 04:09:04,493 [Thread-2366] INFO  impl.FollowerState (FollowerState.java:run(108)) - bb80d0ac-a8d2-4db1-83af-53cc40b2ce35@group-49D09349582D-FollowerState: change to CANDIDATE, lastRpcTime:5147ms, electionTimeout:5147ms
2019-10-08 04:09:04,494 [Thread-2366] INFO  impl.RoleInfo (RoleInfo.java:shutdownFollowerState(121)) - bb80d0ac-a8d2-4db1-83af-53cc40b2ce35: shutdown FollowerState
2019-10-08 04:09:04,494 [Thread-2366] INFO  impl.RaftServerImpl (RaftServerImpl.java:setRole(170)) - bb80d0ac-a8d2-4db1-83af-53cc40b2ce35@group-49D09349582D: changes role from  FOLLOWER to CANDIDATE at term 0 for changeToCandidate
2019-10-08 04:09:04,503 [Thread-2366] INFO  impl.RoleInfo (RoleInfo.java:updateAndGet(143)) - bb80d0ac-a8d2-4db1-83af-53cc40b2ce35: start LeaderElection
2019-10-08 04:09:04,529 [5582086d-f957-4017-84dd-f94e4c4ba1e1@group-3233063FBC51-LeaderElection79] INFO  impl.LeaderElection (LeaderElection.java:askForVotes(178)) - 5582086d-f957-4017-84dd-f94e4c4ba1e1@group-3233063FBC51-LeaderElection79: begin an election at term 1 for -1: [5582086d-f957-4017-84dd-f94e4c4ba1e1:192.168.151.83:39788], old=null
2019-10-08 04:09:04,529 [bb80d0ac-a8d2-4db1-83af-53cc40b2ce35@group-49D09349582D-LeaderElection80] INFO  impl.LeaderElection (LeaderElection.java:askForVotes(178)) - bb80d0ac-a8d2-4db1-83af-53cc40b2ce35@group-49D09349582D-LeaderElection80: begin an election at term 1 for -1: [bb80d0ac-a8d2-4db1-83af-53cc40b2ce35:192.168.151.83:35573], old=null
2019-10-08 04:09:04,529 [5582086d-f957-4017-84dd-f94e4c4ba1e1@group-3233063FBC51-LeaderElection79] INFO  impl.RoleInfo (RoleInfo.java:shutdownLeaderElection(134)) - 5582086d-f957-4017-84dd-f94e4c4ba1e1: shutdown LeaderElection
2019-10-08 04:09:04,529 [bb80d0ac-a8d2-4db1-83af-53cc40b2ce35@group-49D09349582D-LeaderElection80] INFO  impl.RoleInfo (RoleInfo.java:shutdownLeaderElection(134)) - bb80d0ac-a8d2-4db1-83af-53cc40b2ce35: shutdown LeaderElection
2019-10-08 04:09:04,530 [5582086d-f957-4017-84dd-f94e4c4ba1e1@group-3233063FBC51-LeaderElection79] INFO  impl.RaftServerImpl (RaftServerImpl.java:setRole(170)) - 5582086d-f957-4017-84dd-f94e4c4ba1e1@group-3233063FBC51: changes role from CANDIDATE to LEADER at term 1 for changeToLeader
2019-10-08 04:09:04,530 [bb80d0ac-a8d2-4db1-83af-53cc40b2ce35@group-49D09349582D-LeaderElection80] INFO  impl.RaftServerImpl (RaftServerImpl.java:setRole(170)) - bb80d0ac-a8d2-4db1-83af-53cc40b2ce35@group-49D09349582D: changes role from CANDIDATE to LEADER at term 1 for changeToLeader
2019-10-08 04:09:04,530 [5582086d-f957-4017-84dd-f94e4c4ba1e1@group-3233063FBC51-LeaderElection79] INFO  impl.RaftServerImpl (ServerState.java:setLeader(255)) - 5582086d-f957-4017-84dd-f94e4c4ba1e1@group-3233063FBC51: change Leader from null to 5582086d-f957-4017-84dd-f94e4c4ba1e1 at term 1 for becomeLeader, leader elected after 5119ms
2019-10-08 04:09:04,530 [bb80d0ac-a8d2-4db1-83af-53cc40b2ce35@group-49D09349582D-LeaderElection80] INFO  impl.RaftServerImpl (ServerState.java:setLeader(255)) - bb80d0ac-a8d2-4db1-83af-53cc40b2ce35@group-49D09349582D: change Leader from null to bb80d0ac-a8d2-4db1-83af-53cc40b2ce35 at term 1 for becomeLeader, leader elected after 5191ms
2019-10-08 04:09:04,530 [5582086d-f957-4017-84dd-f94e4c4ba1e1@group-3233063FBC51-LeaderElection79] INFO  server.RaftServerConfigKeys (ConfUtils.java:logGet(43)) - raft.server.staging.catchup.gap = 1000 (default)
2019-10-08 04:09:04,530 [bb80d0ac-a8d2-4db1-83af-53cc40b2ce35@group-49D09349582D-LeaderElection80] INFO  server.RaftServerConfigKeys (ConfUtils.java:logGet(43)) - raft.server.staging.catchup.gap = 1000 (default)
2019-10-08 04:09:04,530 [5582086d-f957-4017-84dd-f94e4c4ba1e1@group-3233063FBC51-LeaderElection79] INFO  server.RaftServerConfigKeys (ConfUtils.java:logGet(43)) - raft.server.rpc.sleep.time = 25ms (default)
2019-10-08 04:09:04,530 [bb80d0ac-a8d2-4db1-83af-53cc40b2ce35@group-49D09349582D-LeaderElection80] INFO  server.RaftServerConfigKeys (ConfUtils.java:logGet(43)) - raft.server.rpc.sleep.time = 25ms (default)
2019-10-08 04:09:04,531 [5582086d-f957-4017-84dd-f94e4c4ba1e1@group-3233063FBC51-LeaderElection79] INFO  server.RaftServerConfigKeys (ConfUtils.java:logGet(43)) - raft.server.write.element-limit = 4096 (default)
2019-10-08 04:09:04,531 [bb80d0ac-a8d2-4db1-83af-53cc40b2ce35@group-49D09349582D-LeaderElection80] INFO  server.RaftServerConfigKeys (ConfUtils.java:logGet(43)) - raft.server.write.element-limit = 4096 (default)
2019-10-08 04:09:04,531 [5582086d-f957-4017-84dd-f94e4c4ba1e1@group-3233063FBC51-LeaderElection79] INFO  server.RaftServerConfigKeys (ConfUtils.java:logGet(43)) - raft.server.watch.timeout = 10s (default)
2019-10-08 04:09:04,531 [bb80d0ac-a8d2-4db1-83af-53cc40b2ce35@group-49D09349582D-LeaderElection80] INFO  server.RaftServerConfigKeys (ConfUtils.java:logGet(43)) - raft.server.watch.timeout = 10s (default)
2019-10-08 04:09:04,531 [5582086d-f957-4017-84dd-f94e4c4ba1e1@group-3233063FBC51-LeaderElection79] INFO  server.RaftServerConfigKeys (ConfUtils.java:logGet(43)) - raft.server.watch.timeout.denomination = 1s (default)
2019-10-08 04:09:04,531 [bb80d0ac-a8d2-4db1-83af-53cc40b2ce35@group-49D09349582D-LeaderElection80] INFO  server.RaftServerConfigKeys (ConfUtils.java:logGet(43)) - raft.server.watch.timeout.denomination = 1s (default)
2019-10-08 04:09:04,531 [5582086d-f957-4017-84dd-f94e4c4ba1e1@group-3233063FBC51-LeaderElection79] INFO  server.RaftServerConfigKeys (ConfUtils.java:logGet(43)) - raft.server.watch.element-limit = 65536 (default)
2019-10-08 04:09:04,532 [bb80d0ac-a8d2-4db1-83af-53cc40b2ce35@group-49D09349582D-LeaderElection80] INFO  server.RaftServerConfigKeys (ConfUtils.java:logGet(43)) - raft.server.watch.element-limit = 65536 (default)
2019-10-08 04:09:04,534 [5582086d-f957-4017-84dd-f94e4c4ba1e1@group-3233063FBC51-LeaderElection79] INFO  impl.RoleInfo (RoleInfo.java:updateAndGet(143)) - 5582086d-f957-4017-84dd-f94e4c4ba1e1: start LeaderState
2019-10-08 04:09:04,534 [bb80d0ac-a8d2-4db1-83af-53cc40b2ce35@group-49D09349582D-LeaderElection80] INFO  impl.RoleInfo (RoleInfo.java:updateAndGet(143)) - bb80d0ac-a8d2-4db1-83af-53cc40b2ce35: start LeaderState
2019-10-08 04:09:04,535 [bb80d0ac-a8d2-4db1-83af-53cc40b2ce35@group-49D09349582D-LeaderElection80] INFO  segmented.SegmentedRaftLogWorker (SegmentedRaftLogWorker.java:startLogSegment(385)) - bb80d0ac-a8d2-4db1-83af-53cc40b2ce35@group-49D09349582D-SegmentedRaftLogWorker: Starting segment from index:0
2019-10-08 04:09:04,535 [5582086d-f957-4017-84dd-f94e4c4ba1e1@group-3233063FBC51-LeaderElection79] INFO  segmented.SegmentedRaftLogWorker (SegmentedRaftLogWorker.java:startLogSegment(385)) - 5582086d-f957-4017-84dd-f94e4c4ba1e1@group-3233063FBC51-SegmentedRaftLogWorker: Starting segment from index:0
2019-10-08 04:09:04,535 [bb80d0ac-a8d2-4db1-83af-53cc40b2ce35@group-49D09349582D-LeaderElection80] INFO  impl.RaftServerImpl (ServerState.java:setRaftConf(356)) - bb80d0ac-a8d2-4db1-83af-53cc40b2ce35@group-49D09349582D: set configuration 0: [bb80d0ac-a8d2-4db1-83af-53cc40b2ce35:192.168.151.83:35573], old=null at 0
2019-10-08 04:09:04,536 [5582086d-f957-4017-84dd-f94e4c4ba1e1@group-3233063FBC51-LeaderElection79] INFO  impl.RaftServerImpl (ServerState.java:setRaftConf(356)) - 5582086d-f957-4017-84dd-f94e4c4ba1e1@group-3233063FBC51: set configuration 0: [5582086d-f957-4017-84dd-f94e4c4ba1e1:192.168.151.83:39788], old=null at 0
2019-10-08 04:09:04,580 [5582086d-f957-4017-84dd-f94e4c4ba1e1@group-3233063FBC51-SegmentedRaftLogWorker] INFO  segmented.SegmentedRaftLogWorker (SegmentedRaftLogWorker.java:execute(574)) - 5582086d-f957-4017-84dd-f94e4c4ba1e1@group-3233063FBC51-SegmentedRaftLogWorker: created new log segment /workdir/hadoop-ozone/integration-test/target/test-dir/MiniOzoneClusterImpl-bb1bef09-a2ee-4d3f-9bf8-7f738e16213c/datanode-1/data/ratis/289626a0-001d-4dad-8d5a-3233063fbc51/current/log_inprogress_0
2019-10-08 04:09:04,580 [bb80d0ac-a8d2-4db1-83af-53cc40b2ce35@group-49D09349582D-SegmentedRaftLogWorker] INFO  segmented.SegmentedRaftLogWorker (SegmentedRaftLogWorker.java:execute(574)) - bb80d0ac-a8d2-4db1-83af-53cc40b2ce35@group-49D09349582D-SegmentedRaftLogWorker: created new log segment /workdir/hadoop-ozone/integration-test/target/test-dir/MiniOzoneClusterImpl-bb1bef09-a2ee-4d3f-9bf8-7f738e16213c/datanode-0/data/ratis/70750820-516b-4ff0-884b-49d09349582d/current/log_inprogress_0
2019-10-08 04:09:04,618 [Thread-2377] INFO  impl.FollowerState (FollowerState.java:run(108)) - 5582086d-f957-4017-84dd-f94e4c4ba1e1@group-FA0D1CE3D212-FollowerState: change to CANDIDATE, lastRpcTime:5020ms, electionTimeout:5020ms
2019-10-08 04:09:04,618 [Thread-2377] INFO  impl.RoleInfo (RoleInfo.java:shutdownFollowerState(121)) - 5582086d-f957-4017-84dd-f94e4c4ba1e1: shutdown FollowerState
2019-10-08 04:09:04,618 [Thread-2377] INFO  impl.RaftServerImpl (RaftServerImpl.java:setRole(170)) - 5582086d-f957-4017-84dd-f94e4c4ba1e1@group-FA0D1CE3D212: changes role from  FOLLOWER to CANDIDATE at term 0 for changeToCandidate
2019-10-08 04:09:04,618 [Thread-2377] INFO  impl.RoleInfo (RoleInfo.java:updateAndGet(143)) - 5582086d-f957-4017-84dd-f94e4c4ba1e1: start LeaderElection
2019-10-08 04:09:04,638 [5582086d-f957-4017-84dd-f94e4c4ba1e1@group-FA0D1CE3D212-LeaderElection81] INFO  impl.LeaderElection (LeaderElection.java:askForVotes(178)) - 5582086d-f957-4017-84dd-f94e4c4ba1e1@group-FA0D1CE3D212-LeaderElection81: begin an election at term 1 for -1: [5582086d-f957-4017-84dd-f94e4c4ba1e1:192.168.151.83:39788, bb80d0ac-a8d2-4db1-83af-53cc40b2ce35:192.168.151.83:35573, 11368e19-1284-4e3e-8734-21e5625b0eed:192.168.151.83:33460], old=null
2019-10-08 04:09:04,643 [grpc-default-executor-4] INFO  impl.RaftServerImpl (RaftServerImpl.java:setRole(170)) - bb80d0ac-a8d2-4db1-83af-53cc40b2ce35@group-FA0D1CE3D212: changes role from  FOLLOWER to FOLLOWER at term 1 for recognizeCandidate:5582086d-f957-4017-84dd-f94e4c4ba1e1
2019-10-08 04:09:04,643 [grpc-default-executor-1] INFO  impl.RaftServerImpl (RaftServerImpl.java:setRole(170)) - 11368e19-1284-4e3e-8734-21e5625b0eed@group-FA0D1CE3D212: changes role from  FOLLOWER to FOLLOWER at term 1 for recognizeCandidate:5582086d-f957-4017-84dd-f94e4c4ba1e1
2019-10-08 04:09:04,643 [grpc-default-executor-4] INFO  impl.RoleInfo (RoleInfo.java:shutdownFollowerState(121)) - bb80d0ac-a8d2-4db1-83af-53cc40b2ce35: shutdown FollowerState
2019-10-08 04:09:04,643 [grpc-default-executor-1] INFO  impl.RoleInfo (RoleInfo.java:shutdownFollowerState(121)) - 11368e19-1284-4e3e-8734-21e5625b0eed: shutdown FollowerState
2019-10-08 04:09:04,643 [grpc-default-executor-4] INFO  impl.RoleInfo (RoleInfo.java:updateAndGet(143)) - bb80d0ac-a8d2-4db1-83af-53cc40b2ce35: start FollowerState
2019-10-08 04:09:04,644 [grpc-default-executor-1] INFO  impl.RoleInfo (RoleInfo.java:updateAndGet(143)) - 11368e19-1284-4e3e-8734-21e5625b0eed: start FollowerState
2019-10-08 04:09:04,644 [Thread-2378] INFO  impl.FollowerState (FollowerState.java:run(117)) - 11368e19-1284-4e3e-8734-21e5625b0eed@group-FA0D1CE3D212-FollowerState was interrupted: java.lang.InterruptedException: sleep interrupted
2019-10-08 04:09:04,644 [Thread-2379] INFO  impl.FollowerState (FollowerState.java:run(117)) - bb80d0ac-a8d2-4db1-83af-53cc40b2ce35@group-FA0D1CE3D212-FollowerState was interrupted: java.lang.InterruptedException: sleep interrupted
2019-10-08 04:09:04,654 [Thread-2372] INFO  impl.FollowerState (FollowerState.java:run(108)) - 11368e19-1284-4e3e-8734-21e5625b0eed@group-1161E11D4597-FollowerState: change to CANDIDATE, lastRpcTime:5119ms, electionTimeout:5118ms
2019-10-08 04:09:04,654 [Thread-2372] INFO  impl.RoleInfo (RoleInfo.java:shutdownFollowerState(121)) - 11368e19-1284-4e3e-8734-21e5625b0eed: shutdown FollowerState
2019-10-08 04:09:04,654 [Thread-2372] INFO  impl.RaftServerImpl (RaftServerImpl.java:setRole(170)) - 11368e19-1284-4e3e-8734-21e5625b0eed@group-1161E11D4597: changes role from  FOLLOWER to CANDIDATE at term 0 for changeToCandidate
2019-10-08 04:09:04,654 [Thread-2372] INFO  impl.RoleInfo (RoleInfo.java:updateAndGet(143)) - 11368e19-1284-4e3e-8734-21e5625b0eed: start LeaderElection
2019-10-08 04:09:04,671 [11368e19-1284-4e3e-8734-21e5625b0eed@group-1161E11D4597-LeaderElection82] INFO  impl.LeaderElection (LeaderElection.java:askForVotes(178)) - 11368e19-1284-4e3e-8734-21e5625b0eed@group-1161E11D4597-LeaderElection82: begin an election at term 1 for -1: [11368e19-1284-4e3e-8734-21e5625b0eed:192.168.151.83:33460], old=null
2019-10-08 04:09:04,675 [11368e19-1284-4e3e-8734-21e5625b0eed@group-1161E11D4597-LeaderElection82] INFO  impl.RoleInfo (RoleInfo.java:shutdownLeaderElection(134)) - 11368e19-1284-4e3e-8734-21e5625b0eed: shutdown LeaderElection
2019-10-08 04:09:04,675 [11368e19-1284-4e3e-8734-21e5625b0eed@group-1161E11D4597-LeaderElection82] INFO  impl.RaftServerImpl (RaftServerImpl.java:setRole(170)) - 11368e19-1284-4e3e-8734-21e5625b0eed@group-1161E11D4597: changes role from CANDIDATE to LEADER at term 1 for changeToLeader
2019-10-08 04:09:04,675 [5582086d-f957-4017-84dd-f94e4c4ba1e1@group-FA0D1CE3D212-LeaderElection81] INFO  impl.LeaderElection (LeaderElection.java:logAndReturn(56)) - 5582086d-f957-4017-84dd-f94e4c4ba1e1@group-FA0D1CE3D212-LeaderElection81: Election PASSED; received 1 response(s) [5582086d-f957-4017-84dd-f94e4c4ba1e1<-11368e19-1284-4e3e-8734-21e5625b0eed#0:OK-t1] and 0 exception(s); 5582086d-f957-4017-84dd-f94e4c4ba1e1@group-FA0D1CE3D212:t1, leader=null, voted=5582086d-f957-4017-84dd-f94e4c4ba1e1, raftlog=5582086d-f957-4017-84dd-f94e4c4ba1e1@group-FA0D1CE3D212-SegmentedRaftLog:OPENED:c-1,f-1,i0, conf=-1: [5582086d-f957-4017-84dd-f94e4c4ba1e1:192.168.151.83:39788, bb80d0ac-a8d2-4db1-83af-53cc40b2ce35:192.168.151.83:35573, 11368e19-1284-4e3e-8734-21e5625b0eed:192.168.151.83:33460], old=null
2019-10-08 04:09:04,676 [11368e19-1284-4e3e-8734-21e5625b0eed@group-1161E11D4597-LeaderElection82] INFO  impl.RaftServerImpl (ServerState.java:setLeader(255)) - 11368e19-1284-4e3e-8734-21e5625b0eed@group-1161E11D4597: change Leader from null to 11368e19-1284-4e3e-8734-21e5625b0eed at term 1 for becomeLeader, leader elected after 5147ms
2019-10-08 04:09:04,676 [5582086d-f957-4017-84dd-f94e4c4ba1e1@group-FA0D1CE3D212-LeaderElection81] INFO  impl.RoleInfo (RoleInfo.java:shutdownLeaderElection(134)) - 5582086d-f957-4017-84dd-f94e4c4ba1e1: shutdown LeaderElection
2019-10-08 04:09:04,680 [5582086d-f957-4017-84dd-f94e4c4ba1e1@group-FA0D1CE3D212-LeaderElection81] INFO  impl.RaftServerImpl (RaftServerImpl.java:setRole(170)) - 5582086d-f957-4017-84dd-f94e4c4ba1e1@group-FA0D1CE3D212: changes role from CANDIDATE to LEADER at term 1 for changeToLeader
2019-10-08 04:09:04,676 [11368e19-1284-4e3e-8734-21e5625b0eed@group-1161E11D4597-LeaderElection82] INFO  server.RaftServerConfigKeys (ConfUtils.java:logGet(43)) - raft.server.staging.catchup.gap = 1000 (default)
2019-10-08 04:09:04,680 [5582086d-f957-4017-84dd-f94e4c4ba1e1@group-FA0D1CE3D212-LeaderElection81] INFO  impl.RaftServerImpl (ServerState.java:setLeader(255)) - 5582086d-f957-4017-84dd-f94e4c4ba1e1@group-FA0D1CE3D212: change Leader from null to 5582086d-f957-4017-84dd-f94e4c4ba1e1 at term 1 for becomeLeader, leader elected after 5090ms
2019-10-08 04:09:04,680 [11368e19-1284-4e3e-8734-21e5625b0eed@group-1161E11D4597-LeaderElection82] INFO  server.RaftServerConfigKeys (ConfUtils.java:logGet(43)) - raft.server.rpc.sleep.time = 25ms (default)
2019-10-08 04:09:04,680 [5582086d-f957-4017-84dd-f94e4c4ba1e1@group-FA0D1CE3D212-LeaderElection81] INFO  server.RaftServerConfigKeys (ConfUtils.java:logGet(43)) - raft.server.staging.catchup.gap = 1000 (default)
2019-10-08 04:09:04,680 [11368e19-1284-4e3e-8734-21e5625b0eed@group-1161E11D4597-LeaderElection82] INFO  server.RaftServerConfigKeys (ConfUtils.java:logGet(43)) - raft.server.write.element-limit = 4096 (default)
2019-10-08 04:09:04,680 [5582086d-f957-4017-84dd-f94e4c4ba1e1@group-FA0D1CE3D212-LeaderElection81] INFO  server.RaftServerConfigKeys (ConfUtils.java:logGet(43)) - raft.server.rpc.sleep.time = 25ms (default)
2019-10-08 04:09:04,680 [11368e19-1284-4e3e-8734-21e5625b0eed@group-1161E11D4597-LeaderElection82] INFO  server.RaftServerConfigKeys (ConfUtils.java:logGet(43)) - raft.server.watch.timeout = 10s (default)
2019-10-08 04:09:04,681 [5582086d-f957-4017-84dd-f94e4c4ba1e1@group-FA0D1CE3D212-LeaderElection81] INFO  server.RaftServerConfigKeys (ConfUtils.java:logGet(43)) - raft.server.write.element-limit = 4096 (default)
2019-10-08 04:09:04,681 [11368e19-1284-4e3e-8734-21e5625b0eed@group-1161E11D4597-LeaderElection82] INFO  server.RaftServerConfigKeys (ConfUtils.java:logGet(43)) - raft.server.watch.timeout.denomination = 1s (default)
2019-10-08 04:09:04,681 [5582086d-f957-4017-84dd-f94e4c4ba1e1@group-FA0D1CE3D212-LeaderElection81] INFO  server.RaftServerConfigKeys (ConfUtils.java:logGet(43)) - raft.server.watch.timeout = 10s (default)
2019-10-08 04:09:04,681 [11368e19-1284-4e3e-8734-21e5625b0eed@group-1161E11D4597-LeaderElection82] INFO  server.RaftServerConfigKeys (ConfUtils.java:logGet(43)) - raft.server.watch.element-limit = 65536 (default)
2019-10-08 04:09:04,681 [5582086d-f957-4017-84dd-f94e4c4ba1e1@group-FA0D1CE3D212-LeaderElection81] INFO  server.RaftServerConfigKeys (ConfUtils.java:logGet(43)) - raft.server.watch.timeout.denomination = 1s (default)
2019-10-08 04:09:04,681 [5582086d-f957-4017-84dd-f94e4c4ba1e1@group-FA0D1CE3D212-LeaderElection81] INFO  server.RaftServerConfigKeys (ConfUtils.java:logGet(43)) - raft.server.watch.element-limit = 65536 (default)
2019-10-08 04:09:04,683 [11368e19-1284-4e3e-8734-21e5625b0eed@group-1161E11D4597-LeaderElection82] INFO  impl.RoleInfo (RoleInfo.java:updateAndGet(143)) - 11368e19-1284-4e3e-8734-21e5625b0eed: start LeaderState
2019-10-08 04:09:04,684 [5582086d-f957-4017-84dd-f94e4c4ba1e1@group-FA0D1CE3D212-LeaderElection81] INFO  server.RaftServerConfigKeys (ConfUtils.java:logGet(43)) - raft.server.log.appender.snapshot.chunk.size.max = 16MB (=16777216) (default)
2019-10-08 04:09:04,684 [11368e19-1284-4e3e-8734-21e5625b0eed@group-1161E11D4597-LeaderElection82] INFO  segmented.SegmentedRaftLogWorker (SegmentedRaftLogWorker.java:startLogSegment(385)) - 11368e19-1284-4e3e-8734-21e5625b0eed@group-1161E11D4597-SegmentedRaftLogWorker: Starting segment from index:0
2019-10-08 04:09:04,684 [5582086d-f957-4017-84dd-f94e4c4ba1e1@group-FA0D1CE3D212-LeaderElection81] INFO  server.RaftServerConfigKeys (ConfUtils.java:logGet(43)) - raft.server.log.appender.buffer.byte-limit = 33554432 (custom)
2019-10-08 04:09:04,684 [5582086d-f957-4017-84dd-f94e4c4ba1e1@group-FA0D1CE3D212-LeaderElection81] INFO  server.RaftServerConfigKeys (ConfUtils.java:logGet(43)) - raft.server.log.appender.buffer.element-limit = 1 (custom)
2019-10-08 04:09:04,684 [11368e19-1284-4e3e-8734-21e5625b0eed@group-1161E11D4597-LeaderElection82] INFO  impl.RaftServerImpl (ServerState.java:setRaftConf(356)) - 11368e19-1284-4e3e-8734-21e5625b0eed@group-1161E11D4597: set configuration 0: [11368e19-1284-4e3e-8734-21e5625b0eed:192.168.151.83:33460], old=null at 0
2019-10-08 04:09:04,684 [5582086d-f957-4017-84dd-f94e4c4ba1e1@group-FA0D1CE3D212-LeaderElection81] INFO  grpc.GrpcConfigKeys$Server (ConfUtils.java:logGet(43)) - raft.grpc.server.leader.outstanding.appends.max = 128 (default)
2019-10-08 04:09:04,685 [5582086d-f957-4017-84dd-f94e4c4ba1e1@group-FA0D1CE3D212-LeaderElection81] INFO  server.RaftServerConfigKeys (ConfUtils.java:logGet(43)) - raft.server.rpc.request.timeout = 3000ms (default)
2019-10-08 04:09:04,685 [5582086d-f957-4017-84dd-f94e4c4ba1e1@group-FA0D1CE3D212-LeaderElection81] INFO  server.RaftServerConfigKeys (ConfUtils.java:logGet(43)) - raft.server.log.appender.install.snapshot.enabled = false (custom)
2019-10-08 04:09:04,685 [5582086d-f957-4017-84dd-f94e4c4ba1e1@group-FA0D1CE3D212-LeaderElection81] INFO  server.RaftServerConfigKeys (ConfUtils.java:logGet(43)) - raft.server.log.appender.snapshot.chunk.size.max = 16MB (=16777216) (default)
2019-10-08 04:09:04,685 [5582086d-f957-4017-84dd-f94e4c4ba1e1@group-FA0D1CE3D212-LeaderElection81] INFO  server.RaftServerConfigKeys (ConfUtils.java:logGet(43)) - raft.server.log.appender.buffer.byte-limit = 33554432 (custom)
2019-10-08 04:09:04,685 [5582086d-f957-4017-84dd-f94e4c4ba1e1@group-FA0D1CE3D212-LeaderElection81] INFO  server.RaftServerConfigKeys (ConfUtils.java:logGet(43)) - raft.server.log.appender.buffer.element-limit = 1 (custom)
2019-10-08 04:09:04,685 [5582086d-f957-4017-84dd-f94e4c4ba1e1@group-FA0D1CE3D212-LeaderElection81] INFO  grpc.GrpcConfigKeys$Server (ConfUtils.java:logGet(43)) - raft.grpc.server.leader.outstanding.appends.max = 128 (default)
2019-10-08 04:09:04,686 [5582086d-f957-4017-84dd-f94e4c4ba1e1@group-FA0D1CE3D212-LeaderElection81] INFO  server.RaftServerConfigKeys (ConfUtils.java:logGet(43)) - raft.server.rpc.request.timeout = 3000ms (default)
2019-10-08 04:09:04,686 [5582086d-f957-4017-84dd-f94e4c4ba1e1@group-FA0D1CE3D212-LeaderElection81] INFO  server.RaftServerConfigKeys (ConfUtils.java:logGet(43)) - raft.server.log.appender.install.snapshot.enabled = false (custom)
2019-10-08 04:09:04,686 [5582086d-f957-4017-84dd-f94e4c4ba1e1@group-FA0D1CE3D212-LeaderElection81] INFO  impl.RoleInfo (RoleInfo.java:updateAndGet(143)) - 5582086d-f957-4017-84dd-f94e4c4ba1e1: start LeaderState
2019-10-08 04:09:04,686 [5582086d-f957-4017-84dd-f94e4c4ba1e1@group-FA0D1CE3D212-LeaderElection81] INFO  segmented.SegmentedRaftLogWorker (SegmentedRaftLogWorker.java:startLogSegment(385)) - 5582086d-f957-4017-84dd-f94e4c4ba1e1@group-FA0D1CE3D212-SegmentedRaftLogWorker: Starting segment from index:0
2019-10-08 04:09:04,687 [5582086d-f957-4017-84dd-f94e4c4ba1e1@group-FA0D1CE3D212-LeaderElection81] INFO  impl.RaftServerImpl (ServerState.java:setRaftConf(356)) - 5582086d-f957-4017-84dd-f94e4c4ba1e1@group-FA0D1CE3D212: set configuration 0: [5582086d-f957-4017-84dd-f94e4c4ba1e1:192.168.151.83:39788, bb80d0ac-a8d2-4db1-83af-53cc40b2ce35:192.168.151.83:35573, 11368e19-1284-4e3e-8734-21e5625b0eed:192.168.151.83:33460], old=null at 0
2019-10-08 04:09:04,725 [grpc-default-executor-1] INFO  impl.RaftServerImpl (ServerState.java:setLeader(255)) - bb80d0ac-a8d2-4db1-83af-53cc40b2ce35@group-FA0D1CE3D212: change Leader from null to 5582086d-f957-4017-84dd-f94e4c4ba1e1 at term 1 for appendEntries, leader elected after 5135ms
2019-10-08 04:09:04,726 [grpc-default-executor-1] INFO  impl.RaftServerImpl (ServerState.java:setLeader(255)) - 11368e19-1284-4e3e-8734-21e5625b0eed@group-FA0D1CE3D212: change Leader from null to 5582086d-f957-4017-84dd-f94e4c4ba1e1 at term 1 for appendEntries, leader elected after 5136ms
2019-10-08 04:09:04,732 [grpc-default-executor-4] INFO  impl.RaftServerImpl (ServerState.java:setRaftConf(356)) - bb80d0ac-a8d2-4db1-83af-53cc40b2ce35@group-FA0D1CE3D212: set configuration 0: [5582086d-f957-4017-84dd-f94e4c4ba1e1:192.168.151.83:39788, bb80d0ac-a8d2-4db1-83af-53cc40b2ce35:192.168.151.83:35573, 11368e19-1284-4e3e-8734-21e5625b0eed:192.168.151.83:33460], old=null at 0
2019-10-08 04:09:04,732 [grpc-default-executor-4] INFO  segmented.SegmentedRaftLogWorker (SegmentedRaftLogWorker.java:startLogSegment(385)) - bb80d0ac-a8d2-4db1-83af-53cc40b2ce35@group-FA0D1CE3D212-SegmentedRaftLogWorker: Starting segment from index:0
2019-10-08 04:09:04,732 [grpc-default-executor-1] INFO  impl.RaftServerImpl (ServerState.java:setRaftConf(356)) - 11368e19-1284-4e3e-8734-21e5625b0eed@group-FA0D1CE3D212: set configuration 0: [5582086d-f957-4017-84dd-f94e4c4ba1e1:192.168.151.83:39788, bb80d0ac-a8d2-4db1-83af-53cc40b2ce35:192.168.151.83:35573, 11368e19-1284-4e3e-8734-21e5625b0eed:192.168.151.83:33460], old=null at 0
2019-10-08 04:09:04,733 [grpc-default-executor-1] INFO  segmented.SegmentedRaftLogWorker (SegmentedRaftLogWorker.java:startLogSegment(385)) - 11368e19-1284-4e3e-8734-21e5625b0eed@group-FA0D1CE3D212-SegmentedRaftLogWorker: Starting segment from index:0
2019-10-08 04:09:04,738 [5582086d-f957-4017-84dd-f94e4c4ba1e1@group-FA0D1CE3D212-SegmentedRaftLogWorker] INFO  segmented.SegmentedRaftLogWorker (SegmentedRaftLogWorker.java:execute(574)) - 5582086d-f957-4017-84dd-f94e4c4ba1e1@group-FA0D1CE3D212-SegmentedRaftLogWorker: created new log segment /workdir/hadoop-ozone/integration-test/target/test-dir/MiniOzoneClusterImpl-bb1bef09-a2ee-4d3f-9bf8-7f738e16213c/datanode-1/data/ratis/b88618ff-2ead-441a-a9b6-fa0d1ce3d212/current/log_inprogress_0
2019-10-08 04:09:04,738 [11368e19-1284-4e3e-8734-21e5625b0eed@group-1161E11D4597-SegmentedRaftLogWorker] INFO  segmented.SegmentedRaftLogWorker (SegmentedRaftLogWorker.java:execute(574)) - 11368e19-1284-4e3e-8734-21e5625b0eed@group-1161E11D4597-SegmentedRaftLogWorker: created new log segment /workdir/hadoop-ozone/integration-test/target/test-dir/MiniOzoneClusterImpl-bb1bef09-a2ee-4d3f-9bf8-7f738e16213c/datanode-2/data/ratis/777a515c-8e5f-439f-9e58-1161e11d4597/current/log_inprogress_0
2019-10-08 04:09:04,768 [Thread-2387] INFO  impl.FollowerState (FollowerState.java:run(108)) - d9c1ee62-388b-4e3a-aee2-263343cf0ad0@group-90316AEF906B-FollowerState: change to CANDIDATE, lastRpcTime:5013ms, electionTimeout:5013ms
2019-10-08 04:09:04,768 [Thread-2387] INFO  impl.RoleInfo (RoleInfo.java:shutdownFollowerState(121)) - d9c1ee62-388b-4e3a-aee2-263343cf0ad0: shutdown FollowerState
2019-10-08 04:09:04,768 [Thread-2387] INFO  impl.RaftServerImpl (RaftServerImpl.java:setRole(170)) - d9c1ee62-388b-4e3a-aee2-263343cf0ad0@group-90316AEF906B: changes role from  FOLLOWER to CANDIDATE at term 0 for changeToCandidate
2019-10-08 04:09:04,768 [Thread-2387] INFO  impl.RoleInfo (RoleInfo.java:updateAndGet(143)) - d9c1ee62-388b-4e3a-aee2-263343cf0ad0: start LeaderElection
2019-10-08 04:09:04,791 [bb80d0ac-a8d2-4db1-83af-53cc40b2ce35@group-FA0D1CE3D212-SegmentedRaftLogWorker] INFO  segmented.SegmentedRaftLogWorker (SegmentedRaftLogWorker.java:execute(574)) - bb80d0ac-a8d2-4db1-83af-53cc40b2ce35@group-FA0D1CE3D212-SegmentedRaftLogWorker: created new log segment /workdir/hadoop-ozone/integration-test/target/test-dir/MiniOzoneClusterImpl-bb1bef09-a2ee-4d3f-9bf8-7f738e16213c/datanode-0/data/ratis/b88618ff-2ead-441a-a9b6-fa0d1ce3d212/current/log_inprogress_0
2019-10-08 04:09:04,791 [11368e19-1284-4e3e-8734-21e5625b0eed@group-FA0D1CE3D212-SegmentedRaftLogWorker] INFO  segmented.SegmentedRaftLogWorker (SegmentedRaftLogWorker.java:execute(574)) - 11368e19-1284-4e3e-8734-21e5625b0eed@group-FA0D1CE3D212-SegmentedRaftLogWorker: created new log segment /workdir/hadoop-ozone/integration-test/target/test-dir/MiniOzoneClusterImpl-bb1bef09-a2ee-4d3f-9bf8-7f738e16213c/datanode-2/data/ratis/b88618ff-2ead-441a-a9b6-fa0d1ce3d212/current/log_inprogress_0
2019-10-08 04:09:04,792 [d9c1ee62-388b-4e3a-aee2-263343cf0ad0@group-90316AEF906B-LeaderElection83] INFO  impl.LeaderElection (LeaderElection.java:askForVotes(178)) - d9c1ee62-388b-4e3a-aee2-263343cf0ad0@group-90316AEF906B-LeaderElection83: begin an election at term 1 for -1: [d9c1ee62-388b-4e3a-aee2-263343cf0ad0:192.168.151.83:40084], old=null
2019-10-08 04:09:04,792 [d9c1ee62-388b-4e3a-aee2-263343cf0ad0@group-90316AEF906B-LeaderElection83] INFO  impl.RoleInfo (RoleInfo.java:shutdownLeaderElection(134)) - d9c1ee62-388b-4e3a-aee2-263343cf0ad0: shutdown LeaderElection
2019-10-08 04:09:04,792 [d9c1ee62-388b-4e3a-aee2-263343cf0ad0@group-90316AEF906B-LeaderElection83] INFO  impl.RaftServerImpl (RaftServerImpl.java:setRole(170)) - d9c1ee62-388b-4e3a-aee2-263343cf0ad0@group-90316AEF906B: changes role from CANDIDATE to LEADER at term 1 for changeToLeader
2019-10-08 04:09:04,792 [d9c1ee62-388b-4e3a-aee2-263343cf0ad0@group-90316AEF906B-LeaderElection83] INFO  impl.RaftServerImpl (ServerState.java:setLeader(255)) - d9c1ee62-388b-4e3a-aee2-263343cf0ad0@group-90316AEF906B: change Leader from null to d9c1ee62-388b-4e3a-aee2-263343cf0ad0 at term 1 for becomeLeader, leader elected after 5042ms
2019-10-08 04:09:04,792 [d9c1ee62-388b-4e3a-aee2-263343cf0ad0@group-90316AEF906B-LeaderElection83] INFO  server.RaftServerConfigKeys (ConfUtils.java:logGet(43)) - raft.server.staging.catchup.gap = 1000 (default)
2019-10-08 04:09:04,793 [d9c1ee62-388b-4e3a-aee2-263343cf0ad0@group-90316AEF906B-LeaderElection83] INFO  server.RaftServerConfigKeys (ConfUtils.java:logGet(43)) - raft.server.rpc.sleep.time = 25ms (default)
2019-10-08 04:09:04,793 [d9c1ee62-388b-4e3a-aee2-263343cf0ad0@group-90316AEF906B-LeaderElection83] INFO  server.RaftServerConfigKeys (ConfUtils.java:logGet(43)) - raft.server.write.element-limit = 4096 (default)
2019-10-08 04:09:04,793 [d9c1ee62-388b-4e3a-aee2-263343cf0ad0@group-90316AEF906B-LeaderElection83] INFO  server.RaftServerConfigKeys (ConfUtils.java:logGet(43)) - raft.server.watch.timeout = 10s (default)
2019-10-08 04:09:04,793 [d9c1ee62-388b-4e3a-aee2-263343cf0ad0@group-90316AEF906B-LeaderElection83] INFO  server.RaftServerConfigKeys (ConfUtils.java:logGet(43)) - raft.server.watch.timeout.denomination = 1s (default)
2019-10-08 04:09:04,793 [d9c1ee62-388b-4e3a-aee2-263343cf0ad0@group-90316AEF906B-LeaderElection83] INFO  server.RaftServerConfigKeys (ConfUtils.java:logGet(43)) - raft.server.watch.element-limit = 65536 (default)
2019-10-08 04:09:04,795 [d9c1ee62-388b-4e3a-aee2-263343cf0ad0@group-90316AEF906B-LeaderElection83] INFO  impl.RoleInfo (RoleInfo.java:updateAndGet(143)) - d9c1ee62-388b-4e3a-aee2-263343cf0ad0: start LeaderState
2019-10-08 04:09:04,796 [d9c1ee62-388b-4e3a-aee2-263343cf0ad0@group-90316AEF906B-LeaderElection83] INFO  segmented.SegmentedRaftLogWorker (SegmentedRaftLogWorker.java:startLogSegment(385)) - d9c1ee62-388b-4e3a-aee2-263343cf0ad0@group-90316AEF906B-SegmentedRaftLogWorker: Starting segment from index:0
2019-10-08 04:09:04,797 [d9c1ee62-388b-4e3a-aee2-263343cf0ad0@group-90316AEF906B-LeaderElection83] INFO  impl.RaftServerImpl (ServerState.java:setRaftConf(356)) - d9c1ee62-388b-4e3a-aee2-263343cf0ad0@group-90316AEF906B: set configuration 0: [d9c1ee62-388b-4e3a-aee2-263343cf0ad0:192.168.151.83:40084], old=null at 0
2019-10-08 04:09:04,828 [Thread-2384] INFO  impl.FollowerState (FollowerState.java:run(108)) - 4540f121-1d6b-4c55-9239-0bad72639351@group-DCEDD5DADE57-FollowerState: change to CANDIDATE, lastRpcTime:5126ms, electionTimeout:5126ms
2019-10-08 04:09:04,829 [Thread-2384] INFO  impl.RoleInfo (RoleInfo.java:shutdownFollowerState(121)) - 4540f121-1d6b-4c55-9239-0bad72639351: shutdown FollowerState
2019-10-08 04:09:04,829 [Thread-2384] INFO  impl.RaftServerImpl (RaftServerImpl.java:setRole(170)) - 4540f121-1d6b-4c55-9239-0bad72639351@group-DCEDD5DADE57: changes role from  FOLLOWER to CANDIDATE at term 0 for changeToCandidate
2019-10-08 04:09:04,829 [Thread-2384] INFO  impl.RoleInfo (RoleInfo.java:updateAndGet(143)) - 4540f121-1d6b-4c55-9239-0bad72639351: start LeaderElection
2019-10-08 04:09:04,859 [d9c1ee62-388b-4e3a-aee2-263343cf0ad0@group-90316AEF906B-SegmentedRaftLogWorker] INFO  segmented.SegmentedRaftLogWorker (SegmentedRaftLogWorker.java:execute(574)) - d9c1ee62-388b-4e3a-aee2-263343cf0ad0@group-90316AEF906B-SegmentedRaftLogWorker: created new log segment /workdir/hadoop-ozone/integration-test/target/test-dir/MiniOzoneClusterImpl-bb1bef09-a2ee-4d3f-9bf8-7f738e16213c/datanode-3/data/ratis/0cecd3bb-5e78-4a0f-9208-90316aef906b/current/log_inprogress_0
2019-10-08 04:09:04,859 [4540f121-1d6b-4c55-9239-0bad72639351@group-DCEDD5DADE57-LeaderElection84] INFO  impl.LeaderElection (LeaderElection.java:askForVotes(178)) - 4540f121-1d6b-4c55-9239-0bad72639351@group-DCEDD5DADE57-LeaderElection84: begin an election at term 1 for -1: [4540f121-1d6b-4c55-9239-0bad72639351:192.168.151.83:35515], old=null
2019-10-08 04:09:04,859 [4540f121-1d6b-4c55-9239-0bad72639351@group-DCEDD5DADE57-LeaderElection84] INFO  impl.RoleInfo (RoleInfo.java:shutdownLeaderElection(134)) - 4540f121-1d6b-4c55-9239-0bad72639351: shutdown LeaderElection
2019-10-08 04:09:04,859 [4540f121-1d6b-4c55-9239-0bad72639351@group-DCEDD5DADE57-LeaderElection84] INFO  impl.RaftServerImpl (RaftServerImpl.java:setRole(170)) - 4540f121-1d6b-4c55-9239-0bad72639351@group-DCEDD5DADE57: changes role from CANDIDATE to LEADER at term 1 for changeToLeader
2019-10-08 04:09:04,859 [4540f121-1d6b-4c55-9239-0bad72639351@group-DCEDD5DADE57-LeaderElection84] INFO  impl.RaftServerImpl (ServerState.java:setLeader(255)) - 4540f121-1d6b-4c55-9239-0bad72639351@group-DCEDD5DADE57: change Leader from null to 4540f121-1d6b-4c55-9239-0bad72639351 at term 1 for becomeLeader, leader elected after 5162ms
2019-10-08 04:09:04,859 [4540f121-1d6b-4c55-9239-0bad72639351@group-DCEDD5DADE57-LeaderElection84] INFO  server.RaftServerConfigKeys (ConfUtils.java:logGet(43)) - raft.server.staging.catchup.gap = 1000 (default)
2019-10-08 04:09:04,859 [4540f121-1d6b-4c55-9239-0bad72639351@group-DCEDD5DADE57-LeaderElection84] INFO  server.RaftServerConfigKeys (ConfUtils.java:logGet(43)) - raft.server.rpc.sleep.time = 25ms (default)
2019-10-08 04:09:04,860 [4540f121-1d6b-4c55-9239-0bad72639351@group-DCEDD5DADE57-LeaderElection84] INFO  server.RaftServerConfigKeys (ConfUtils.java:logGet(43)) - raft.server.write.element-limit = 4096 (default)
2019-10-08 04:09:04,860 [4540f121-1d6b-4c55-9239-0bad72639351@group-DCEDD5DADE57-LeaderElection84] INFO  server.RaftServerConfigKeys (ConfUtils.java:logGet(43)) - raft.server.watch.timeout = 10s (default)
2019-10-08 04:09:04,860 [4540f121-1d6b-4c55-9239-0bad72639351@group-DCEDD5DADE57-LeaderElection84] INFO  server.RaftServerConfigKeys (ConfUtils.java:logGet(43)) - raft.server.watch.timeout.denomination = 1s (default)
2019-10-08 04:09:04,860 [4540f121-1d6b-4c55-9239-0bad72639351@group-DCEDD5DADE57-LeaderElection84] INFO  server.RaftServerConfigKeys (ConfUtils.java:logGet(43)) - raft.server.watch.element-limit = 65536 (default)
2019-10-08 04:09:04,861 [4540f121-1d6b-4c55-9239-0bad72639351@group-DCEDD5DADE57-LeaderElection84] INFO  impl.RoleInfo (RoleInfo.java:updateAndGet(143)) - 4540f121-1d6b-4c55-9239-0bad72639351: start LeaderState
2019-10-08 04:09:04,861 [4540f121-1d6b-4c55-9239-0bad72639351@group-DCEDD5DADE57-LeaderElection84] INFO  segmented.SegmentedRaftLogWorker (SegmentedRaftLogWorker.java:startLogSegment(385)) - 4540f121-1d6b-4c55-9239-0bad72639351@group-DCEDD5DADE57-SegmentedRaftLogWorker: Starting segment from index:0
2019-10-08 04:09:04,862 [4540f121-1d6b-4c55-9239-0bad72639351@group-DCEDD5DADE57-LeaderElection84] INFO  impl.RaftServerImpl (ServerState.java:setRaftConf(356)) - 4540f121-1d6b-4c55-9239-0bad72639351@group-DCEDD5DADE57: set configuration 0: [4540f121-1d6b-4c55-9239-0bad72639351:192.168.151.83:35515], old=null at 0
2019-10-08 04:09:04,904 [4540f121-1d6b-4c55-9239-0bad72639351@group-DCEDD5DADE57-SegmentedRaftLogWorker] INFO  segmented.SegmentedRaftLogWorker (SegmentedRaftLogWorker.java:execute(574)) - 4540f121-1d6b-4c55-9239-0bad72639351@group-DCEDD5DADE57-SegmentedRaftLogWorker: created new log segment /workdir/hadoop-ozone/integration-test/target/test-dir/MiniOzoneClusterImpl-bb1bef09-a2ee-4d3f-9bf8-7f738e16213c/datanode-4/data/ratis/d03e9453-bac1-4e1a-9e64-dcedd5dade57/current/log_inprogress_0
2019-10-08 04:09:04,943 [Thread-2394] INFO  impl.FollowerState (FollowerState.java:run(108)) - 4540f121-1d6b-4c55-9239-0bad72639351@group-37B91ED30AC4-FollowerState: change to CANDIDATE, lastRpcTime:5063ms, electionTimeout:5063ms
2019-10-08 04:09:04,944 [Thread-2394] INFO  impl.RoleInfo (RoleInfo.java:shutdownFollowerState(121)) - 4540f121-1d6b-4c55-9239-0bad72639351: shutdown FollowerState
2019-10-08 04:09:04,944 [Thread-2394] INFO  impl.RaftServerImpl (RaftServerImpl.java:setRole(170)) - 4540f121-1d6b-4c55-9239-0bad72639351@group-37B91ED30AC4: changes role from  FOLLOWER to CANDIDATE at term 0 for changeToCandidate
2019-10-08 04:09:04,944 [Thread-2394] INFO  impl.RoleInfo (RoleInfo.java:updateAndGet(143)) - 4540f121-1d6b-4c55-9239-0bad72639351: start LeaderElection
2019-10-08 04:09:04,950 [Thread-2390] INFO  impl.FollowerState (FollowerState.java:run(108)) - 2216662d-36f3-4191-bcae-280d73b4aebf@group-936FB3744BD7-FollowerState: change to CANDIDATE, lastRpcTime:5148ms, electionTimeout:5148ms
2019-10-08 04:09:04,950 [Thread-2390] INFO  impl.RoleInfo (RoleInfo.java:shutdownFollowerState(121)) - 2216662d-36f3-4191-bcae-280d73b4aebf: shutdown FollowerState
2019-10-08 04:09:04,955 [Thread-2390] INFO  impl.RaftServerImpl (RaftServerImpl.java:setRole(170)) - 2216662d-36f3-4191-bcae-280d73b4aebf@group-936FB3744BD7: changes role from  FOLLOWER to CANDIDATE at term 0 for changeToCandidate
2019-10-08 04:09:04,960 [Thread-2390] INFO  impl.RoleInfo (RoleInfo.java:updateAndGet(143)) - 2216662d-36f3-4191-bcae-280d73b4aebf: start LeaderElection
2019-10-08 04:09:04,973 [Thread-2398] INFO  impl.FollowerState (FollowerState.java:run(108)) - 2216662d-36f3-4191-bcae-280d73b4aebf@group-37B91ED30AC4-FollowerState: change to CANDIDATE, lastRpcTime:5087ms, electionTimeout:5087ms
2019-10-08 04:09:04,973 [Thread-2398] INFO  impl.RoleInfo (RoleInfo.java:shutdownFollowerState(121)) - 2216662d-36f3-4191-bcae-280d73b4aebf: shutdown FollowerState
2019-10-08 04:09:04,974 [Thread-2398] INFO  impl.RaftServerImpl (RaftServerImpl.java:setRole(170)) - 2216662d-36f3-4191-bcae-280d73b4aebf@group-37B91ED30AC4: changes role from  FOLLOWER to CANDIDATE at term 0 for changeToCandidate
2019-10-08 04:09:04,974 [Thread-2398] INFO  impl.RoleInfo (RoleInfo.java:updateAndGet(143)) - 2216662d-36f3-4191-bcae-280d73b4aebf: start LeaderElection
2019-10-08 04:09:04,986 [4540f121-1d6b-4c55-9239-0bad72639351@group-37B91ED30AC4-LeaderElection85] INFO  impl.LeaderElection (LeaderElection.java:askForVotes(178)) - 4540f121-1d6b-4c55-9239-0bad72639351@group-37B91ED30AC4-LeaderElection85: begin an election at term 1 for -1: [2216662d-36f3-4191-bcae-280d73b4aebf:192.168.151.83:42128, 4540f121-1d6b-4c55-9239-0bad72639351:192.168.151.83:35515, d9c1ee62-388b-4e3a-aee2-263343cf0ad0:192.168.151.83:40084], old=null
2019-10-08 04:09:04,992 [2216662d-36f3-4191-bcae-280d73b4aebf@group-936FB3744BD7-LeaderElection86] INFO  impl.LeaderElection (LeaderElection.java:askForVotes(178)) - 2216662d-36f3-4191-bcae-280d73b4aebf@group-936FB3744BD7-LeaderElection86: begin an election at term 1 for -1: [2216662d-36f3-4191-bcae-280d73b4aebf:192.168.151.83:42128], old=null
2019-10-08 04:09:04,992 [2216662d-36f3-4191-bcae-280d73b4aebf@group-37B91ED30AC4-LeaderElection87] INFO  impl.LeaderElection (LeaderElection.java:askForVotes(178)) - 2216662d-36f3-4191-bcae-280d73b4aebf@group-37B91ED30AC4-LeaderElection87: begin an election at term 1 for -1: [2216662d-36f3-4191-bcae-280d73b4aebf:192.168.151.83:42128, 4540f121-1d6b-4c55-9239-0bad72639351:192.168.151.83:35515, d9c1ee62-388b-4e3a-aee2-263343cf0ad0:192.168.151.83:40084], old=null
2019-10-08 04:09:04,993 [2216662d-36f3-4191-bcae-280d73b4aebf@group-936FB3744BD7-LeaderElection86] INFO  impl.RoleInfo (RoleInfo.java:shutdownLeaderElection(134)) - 2216662d-36f3-4191-bcae-280d73b4aebf: shutdown LeaderElection
2019-10-08 04:09:04,993 [2216662d-36f3-4191-bcae-280d73b4aebf@group-936FB3744BD7-LeaderElection86] INFO  impl.RaftServerImpl (RaftServerImpl.java:setRole(170)) - 2216662d-36f3-4191-bcae-280d73b4aebf@group-936FB3744BD7: changes role from CANDIDATE to LEADER at term 1 for changeToLeader
2019-10-08 04:09:04,993 [2216662d-36f3-4191-bcae-280d73b4aebf@group-936FB3744BD7-LeaderElection86] INFO  impl.RaftServerImpl (ServerState.java:setLeader(255)) - 2216662d-36f3-4191-bcae-280d73b4aebf@group-936FB3744BD7: change Leader from null to 2216662d-36f3-4191-bcae-280d73b4aebf at term 1 for becomeLeader, leader elected after 5196ms
2019-10-08 04:09:04,993 [2216662d-36f3-4191-bcae-280d73b4aebf@group-936FB3744BD7-LeaderElection86] INFO  server.RaftServerConfigKeys (ConfUtils.java:logGet(43)) - raft.server.staging.catchup.gap = 1000 (default)
2019-10-08 04:09:04,994 [2216662d-36f3-4191-bcae-280d73b4aebf@group-936FB3744BD7-LeaderElection86] INFO  server.RaftServerConfigKeys (ConfUtils.java:logGet(43)) - raft.server.rpc.sleep.time = 25ms (default)
2019-10-08 04:09:04,994 [2216662d-36f3-4191-bcae-280d73b4aebf@group-936FB3744BD7-LeaderElection86] INFO  server.RaftServerConfigKeys (ConfUtils.java:logGet(43)) - raft.server.write.element-limit = 4096 (default)
2019-10-08 04:09:04,994 [2216662d-36f3-4191-bcae-280d73b4aebf@group-936FB3744BD7-LeaderElection86] INFO  server.RaftServerConfigKeys (ConfUtils.java:logGet(43)) - raft.server.watch.timeout = 10s (default)
2019-10-08 04:09:04,994 [2216662d-36f3-4191-bcae-280d73b4aebf@group-936FB3744BD7-LeaderElection86] INFO  server.RaftServerConfigKeys (ConfUtils.java:logGet(43)) - raft.server.watch.timeout.denomination = 1s (default)
2019-10-08 04:09:04,994 [2216662d-36f3-4191-bcae-280d73b4aebf@group-936FB3744BD7-LeaderElection86] INFO  server.RaftServerConfigKeys (ConfUtils.java:logGet(43)) - raft.server.watch.element-limit = 65536 (default)
2019-10-08 04:09:04,998 [grpc-default-executor-1] INFO  impl.RaftServerImpl (RaftServerImpl.java:setRole(170)) - d9c1ee62-388b-4e3a-aee2-263343cf0ad0@group-37B91ED30AC4: changes role from  FOLLOWER to FOLLOWER at term 1 for recognizeCandidate:4540f121-1d6b-4c55-9239-0bad72639351
2019-10-08 04:09:04,998 [grpc-default-executor-1] INFO  impl.RoleInfo (RoleInfo.java:shutdownFollowerState(121)) - d9c1ee62-388b-4e3a-aee2-263343cf0ad0: shutdown FollowerState
2019-10-08 04:09:04,998 [grpc-default-executor-1] INFO  impl.RoleInfo (RoleInfo.java:updateAndGet(143)) - d9c1ee62-388b-4e3a-aee2-263343cf0ad0: start FollowerState
2019-10-08 04:09:04,999 [Thread-2396] INFO  impl.FollowerState (FollowerState.java:run(117)) - d9c1ee62-388b-4e3a-aee2-263343cf0ad0@group-37B91ED30AC4-FollowerState was interrupted: java.lang.InterruptedException: sleep interrupted
2019-10-08 04:09:05,016 [2216662d-36f3-4191-bcae-280d73b4aebf@group-936FB3744BD7-LeaderElection86] INFO  impl.RoleInfo (RoleInfo.java:updateAndGet(143)) - 2216662d-36f3-4191-bcae-280d73b4aebf: start LeaderState
2019-10-08 04:09:05,016 [2216662d-36f3-4191-bcae-280d73b4aebf@group-936FB3744BD7-LeaderElection86] INFO  segmented.SegmentedRaftLogWorker (SegmentedRaftLogWorker.java:startLogSegment(385)) - 2216662d-36f3-4191-bcae-280d73b4aebf@group-936FB3744BD7-SegmentedRaftLogWorker: Starting segment from index:0
2019-10-08 04:09:05,017 [2216662d-36f3-4191-bcae-280d73b4aebf@group-936FB3744BD7-LeaderElection86] INFO  impl.RaftServerImpl (ServerState.java:setRaftConf(356)) - 2216662d-36f3-4191-bcae-280d73b4aebf@group-936FB3744BD7: set configuration 0: [2216662d-36f3-4191-bcae-280d73b4aebf:192.168.151.83:42128], old=null at 0
2019-10-08 04:09:05,058 [2216662d-36f3-4191-bcae-280d73b4aebf@group-37B91ED30AC4-LeaderElection87] INFO  impl.LeaderElection (LeaderElection.java:logAndReturn(56)) - 2216662d-36f3-4191-bcae-280d73b4aebf@group-37B91ED30AC4-LeaderElection87: Election REJECTED; received 2 response(s) [2216662d-36f3-4191-bcae-280d73b4aebf<-4540f121-1d6b-4c55-9239-0bad72639351#0:FAIL-t1, 2216662d-36f3-4191-bcae-280d73b4aebf<-d9c1ee62-388b-4e3a-aee2-263343cf0ad0#0:FAIL-t1] and 0 exception(s); 2216662d-36f3-4191-bcae-280d73b4aebf@group-37B91ED30AC4:t1, leader=null, voted=2216662d-36f3-4191-bcae-280d73b4aebf, raftlog=2216662d-36f3-4191-bcae-280d73b4aebf@group-37B91ED30AC4-SegmentedRaftLog:OPENED:c-1,f-1,i0, conf=-1: [2216662d-36f3-4191-bcae-280d73b4aebf:192.168.151.83:42128, 4540f121-1d6b-4c55-9239-0bad72639351:192.168.151.83:35515, d9c1ee62-388b-4e3a-aee2-263343cf0ad0:192.168.151.83:40084], old=null
2019-10-08 04:09:05,058 [4540f121-1d6b-4c55-9239-0bad72639351@group-37B91ED30AC4-LeaderElection85] INFO  impl.LeaderElection (LeaderElection.java:logAndReturn(56)) - 4540f121-1d6b-4c55-9239-0bad72639351@group-37B91ED30AC4-LeaderElection85: Election PASSED; received 2 response(s) [4540f121-1d6b-4c55-9239-0bad72639351<-2216662d-36f3-4191-bcae-280d73b4aebf#0:FAIL-t1, 4540f121-1d6b-4c55-9239-0bad72639351<-d9c1ee62-388b-4e3a-aee2-263343cf0ad0#0:OK-t1] and 0 exception(s); 4540f121-1d6b-4c55-9239-0bad72639351@group-37B91ED30AC4:t1, leader=null, voted=4540f121-1d6b-4c55-9239-0bad72639351, raftlog=4540f121-1d6b-4c55-9239-0bad72639351@group-37B91ED30AC4-SegmentedRaftLog:OPENED:c-1,f-1,i0, conf=-1: [2216662d-36f3-4191-bcae-280d73b4aebf:192.168.151.83:42128, 4540f121-1d6b-4c55-9239-0bad72639351:192.168.151.83:35515, d9c1ee62-388b-4e3a-aee2-263343cf0ad0:192.168.151.83:40084], old=null
2019-10-08 04:09:05,058 [2216662d-36f3-4191-bcae-280d73b4aebf@group-37B91ED30AC4-LeaderElection87] INFO  impl.RaftServerImpl (RaftServerImpl.java:setRole(170)) - 2216662d-36f3-4191-bcae-280d73b4aebf@group-37B91ED30AC4: changes role from CANDIDATE to FOLLOWER at term 1 for DISCOVERED_A_NEW_TERM
2019-10-08 04:09:05,063 [4540f121-1d6b-4c55-9239-0bad72639351@group-37B91ED30AC4-LeaderElection85] INFO  impl.RoleInfo (RoleInfo.java:shutdownLeaderElection(134)) - 4540f121-1d6b-4c55-9239-0bad72639351: shutdown LeaderElection
2019-10-08 04:09:05,063 [2216662d-36f3-4191-bcae-280d73b4aebf@group-936FB3744BD7-SegmentedRaftLogWorker] INFO  segmented.SegmentedRaftLogWorker (SegmentedRaftLogWorker.java:execute(574)) - 2216662d-36f3-4191-bcae-280d73b4aebf@group-936FB3744BD7-SegmentedRaftLogWorker: created new log segment /workdir/hadoop-ozone/integration-test/target/test-dir/MiniOzoneClusterImpl-bb1bef09-a2ee-4d3f-9bf8-7f738e16213c/datanode-5/data/ratis/2f57dbec-9dfc-45c9-80f4-936fb3744bd7/current/log_inprogress_0
2019-10-08 04:09:05,067 [4540f121-1d6b-4c55-9239-0bad72639351@group-37B91ED30AC4-LeaderElection85] INFO  impl.RaftServerImpl (RaftServerImpl.java:setRole(170)) - 4540f121-1d6b-4c55-9239-0bad72639351@group-37B91ED30AC4: changes role from CANDIDATE to LEADER at term 1 for changeToLeader
2019-10-08 04:09:05,063 [2216662d-36f3-4191-bcae-280d73b4aebf@group-37B91ED30AC4-LeaderElection87] INFO  impl.RoleInfo (RoleInfo.java:shutdownLeaderElection(134)) - 2216662d-36f3-4191-bcae-280d73b4aebf: shutdown LeaderElection
2019-10-08 04:09:05,067 [4540f121-1d6b-4c55-9239-0bad72639351@group-37B91ED30AC4-LeaderElection85] INFO  impl.RaftServerImpl (ServerState.java:setLeader(255)) - 4540f121-1d6b-4c55-9239-0bad72639351@group-37B91ED30AC4: change Leader from null to 4540f121-1d6b-4c55-9239-0bad72639351 at term 1 for becomeLeader, leader elected after 5197ms
2019-10-08 04:09:05,067 [2216662d-36f3-4191-bcae-280d73b4aebf@group-37B91ED30AC4-LeaderElection87] INFO  impl.RoleInfo (RoleInfo.java:updateAndGet(143)) - 2216662d-36f3-4191-bcae-280d73b4aebf: start FollowerState
2019-10-08 04:09:05,067 [4540f121-1d6b-4c55-9239-0bad72639351@group-37B91ED30AC4-LeaderElection85] INFO  server.RaftServerConfigKeys (ConfUtils.java:logGet(43)) - raft.server.staging.catchup.gap = 1000 (default)
2019-10-08 04:09:05,068 [4540f121-1d6b-4c55-9239-0bad72639351@group-37B91ED30AC4-LeaderElection85] INFO  server.RaftServerConfigKeys (ConfUtils.java:logGet(43)) - raft.server.rpc.sleep.time = 25ms (default)
2019-10-08 04:09:05,068 [4540f121-1d6b-4c55-9239-0bad72639351@group-37B91ED30AC4-LeaderElection85] INFO  server.RaftServerConfigKeys (ConfUtils.java:logGet(43)) - raft.server.write.element-limit = 4096 (default)
2019-10-08 04:09:05,068 [4540f121-1d6b-4c55-9239-0bad72639351@group-37B91ED30AC4-LeaderElection85] INFO  server.RaftServerConfigKeys (ConfUtils.java:logGet(43)) - raft.server.watch.timeout = 10s (default)
2019-10-08 04:09:05,068 [4540f121-1d6b-4c55-9239-0bad72639351@group-37B91ED30AC4-LeaderElection85] INFO  server.RaftServerConfigKeys (ConfUtils.java:logGet(43)) - raft.server.watch.timeout.denomination = 1s (default)
2019-10-08 04:09:05,068 [4540f121-1d6b-4c55-9239-0bad72639351@group-37B91ED30AC4-LeaderElection85] INFO  server.RaftServerConfigKeys (ConfUtils.java:logGet(43)) - raft.server.watch.element-limit = 65536 (default)
2019-10-08 04:09:05,074 [4540f121-1d6b-4c55-9239-0bad72639351@group-37B91ED30AC4-LeaderElection85] INFO  server.RaftServerConfigKeys (ConfUtils.java:logGet(43)) - raft.server.log.appender.snapshot.chunk.size.max = 16MB (=16777216) (default)
2019-10-08 04:09:05,074 [4540f121-1d6b-4c55-9239-0bad72639351@group-37B91ED30AC4-LeaderElection85] INFO  server.RaftServerConfigKeys (ConfUtils.java:logGet(43)) - raft.server.log.appender.buffer.byte-limit = 33554432 (custom)
2019-10-08 04:09:05,078 [4540f121-1d6b-4c55-9239-0bad72639351@group-37B91ED30AC4-LeaderElection85] INFO  server.RaftServerConfigKeys (ConfUtils.java:logGet(43)) - raft.server.log.appender.buffer.element-limit = 1 (custom)
2019-10-08 04:09:05,078 [4540f121-1d6b-4c55-9239-0bad72639351@group-37B91ED30AC4-LeaderElection85] INFO  grpc.GrpcConfigKeys$Server (ConfUtils.java:logGet(43)) - raft.grpc.server.leader.outstanding.appends.max = 128 (default)
2019-10-08 04:09:05,078 [4540f121-1d6b-4c55-9239-0bad72639351@group-37B91ED30AC4-LeaderElection85] INFO  server.RaftServerConfigKeys (ConfUtils.java:logGet(43)) - raft.server.rpc.request.timeout = 3000ms (default)
2019-10-08 04:09:05,078 [4540f121-1d6b-4c55-9239-0bad72639351@group-37B91ED30AC4-LeaderElection85] INFO  server.RaftServerConfigKeys (ConfUtils.java:logGet(43)) - raft.server.log.appender.install.snapshot.enabled = false (custom)
2019-10-08 04:09:05,078 [4540f121-1d6b-4c55-9239-0bad72639351@group-37B91ED30AC4-LeaderElection85] INFO  server.RaftServerConfigKeys (ConfUtils.java:logGet(43)) - raft.server.log.appender.snapshot.chunk.size.max = 16MB (=16777216) (default)
2019-10-08 04:09:05,079 [4540f121-1d6b-4c55-9239-0bad72639351@group-37B91ED30AC4-LeaderElection85] INFO  server.RaftServerConfigKeys (ConfUtils.java:logGet(43)) - raft.server.log.appender.buffer.byte-limit = 33554432 (custom)
2019-10-08 04:09:05,079 [4540f121-1d6b-4c55-9239-0bad72639351@group-37B91ED30AC4-LeaderElection85] INFO  server.RaftServerConfigKeys (ConfUtils.java:logGet(43)) - raft.server.log.appender.buffer.element-limit = 1 (custom)
2019-10-08 04:09:05,083 [4540f121-1d6b-4c55-9239-0bad72639351@group-37B91ED30AC4-LeaderElection85] INFO  grpc.GrpcConfigKeys$Server (ConfUtils.java:logGet(43)) - raft.grpc.server.leader.outstanding.appends.max = 128 (default)
2019-10-08 04:09:05,083 [4540f121-1d6b-4c55-9239-0bad72639351@group-37B91ED30AC4-LeaderElection85] INFO  server.RaftServerConfigKeys (ConfUtils.java:logGet(43)) - raft.server.rpc.request.timeout = 3000ms (default)
2019-10-08 04:09:05,083 [4540f121-1d6b-4c55-9239-0bad72639351@group-37B91ED30AC4-LeaderElection85] INFO  server.RaftServerConfigKeys (ConfUtils.java:logGet(43)) - raft.server.log.appender.install.snapshot.enabled = false (custom)
2019-10-08 04:09:05,083 [4540f121-1d6b-4c55-9239-0bad72639351@group-37B91ED30AC4-LeaderElection85] INFO  impl.RoleInfo (RoleInfo.java:updateAndGet(143)) - 4540f121-1d6b-4c55-9239-0bad72639351: start LeaderState
2019-10-08 04:09:05,084 [4540f121-1d6b-4c55-9239-0bad72639351@group-37B91ED30AC4-LeaderElection85] INFO  segmented.SegmentedRaftLogWorker (SegmentedRaftLogWorker.java:startLogSegment(385)) - 4540f121-1d6b-4c55-9239-0bad72639351@group-37B91ED30AC4-SegmentedRaftLogWorker: Starting segment from index:0
2019-10-08 04:09:05,084 [4540f121-1d6b-4c55-9239-0bad72639351@group-37B91ED30AC4-LeaderElection85] INFO  impl.RaftServerImpl (ServerState.java:setRaftConf(356)) - 4540f121-1d6b-4c55-9239-0bad72639351@group-37B91ED30AC4: set configuration 0: [2216662d-36f3-4191-bcae-280d73b4aebf:192.168.151.83:42128, 4540f121-1d6b-4c55-9239-0bad72639351:192.168.151.83:35515, d9c1ee62-388b-4e3a-aee2-263343cf0ad0:192.168.151.83:40084], old=null at 0
2019-10-08 04:09:05,086 [grpc-default-executor-4] INFO  impl.RaftServerImpl (ServerState.java:setLeader(255)) - 2216662d-36f3-4191-bcae-280d73b4aebf@group-37B91ED30AC4: change Leader from null to 4540f121-1d6b-4c55-9239-0bad72639351 at term 1 for appendEntries, leader elected after 5215ms
2019-10-08 04:09:05,086 [grpc-default-executor-0] INFO  impl.RaftServerImpl (ServerState.java:setLeader(255)) - d9c1ee62-388b-4e3a-aee2-263343cf0ad0@group-37B91ED30AC4: change Leader from null to 4540f121-1d6b-4c55-9239-0bad72639351 at term 1 for appendEntries, leader elected after 5215ms
2019-10-08 04:09:05,088 [grpc-default-executor-1] INFO  impl.RaftServerImpl (ServerState.java:setRaftConf(356)) - d9c1ee62-388b-4e3a-aee2-263343cf0ad0@group-37B91ED30AC4: set configuration 0: [2216662d-36f3-4191-bcae-280d73b4aebf:192.168.151.83:42128, 4540f121-1d6b-4c55-9239-0bad72639351:192.168.151.83:35515, d9c1ee62-388b-4e3a-aee2-263343cf0ad0:192.168.151.83:40084], old=null at 0
2019-10-08 04:09:05,088 [grpc-default-executor-1] INFO  segmented.SegmentedRaftLogWorker (SegmentedRaftLogWorker.java:startLogSegment(385)) - d9c1ee62-388b-4e3a-aee2-263343cf0ad0@group-37B91ED30AC4-SegmentedRaftLogWorker: Starting segment from index:0
2019-10-08 04:09:05,088 [grpc-default-executor-0] INFO  impl.RaftServerImpl (ServerState.java:setRaftConf(356)) - 2216662d-36f3-4191-bcae-280d73b4aebf@group-37B91ED30AC4: set configuration 0: [2216662d-36f3-4191-bcae-280d73b4aebf:192.168.151.83:42128, 4540f121-1d6b-4c55-9239-0bad72639351:192.168.151.83:35515, d9c1ee62-388b-4e3a-aee2-263343cf0ad0:192.168.151.83:40084], old=null at 0
2019-10-08 04:09:05,088 [grpc-default-executor-0] INFO  segmented.SegmentedRaftLogWorker (SegmentedRaftLogWorker.java:startLogSegment(385)) - 2216662d-36f3-4191-bcae-280d73b4aebf@group-37B91ED30AC4-SegmentedRaftLogWorker: Starting segment from index:0
2019-10-08 04:09:05,140 [2216662d-36f3-4191-bcae-280d73b4aebf@group-37B91ED30AC4-SegmentedRaftLogWorker] INFO  segmented.SegmentedRaftLogWorker (SegmentedRaftLogWorker.java:execute(574)) - 2216662d-36f3-4191-bcae-280d73b4aebf@group-37B91ED30AC4-SegmentedRaftLogWorker: created new log segment /workdir/hadoop-ozone/integration-test/target/test-dir/MiniOzoneClusterImpl-bb1bef09-a2ee-4d3f-9bf8-7f738e16213c/datanode-5/data/ratis/1a86e4b7-886d-43a6-a4b9-37b91ed30ac4/current/log_inprogress_0
2019-10-08 04:09:05,140 [4540f121-1d6b-4c55-9239-0bad72639351@group-37B91ED30AC4-SegmentedRaftLogWorker] INFO  segmented.SegmentedRaftLogWorker (SegmentedRaftLogWorker.java:execute(574)) - 4540f121-1d6b-4c55-9239-0bad72639351@group-37B91ED30AC4-SegmentedRaftLogWorker: created new log segment /workdir/hadoop-ozone/integration-test/target/test-dir/MiniOzoneClusterImpl-bb1bef09-a2ee-4d3f-9bf8-7f738e16213c/datanode-4/data/ratis/1a86e4b7-886d-43a6-a4b9-37b91ed30ac4/current/log_inprogress_0
2019-10-08 04:09:05,142 [d9c1ee62-388b-4e3a-aee2-263343cf0ad0@group-37B91ED30AC4-SegmentedRaftLogWorker] INFO  segmented.SegmentedRaftLogWorker (SegmentedRaftLogWorker.java:execute(574)) - d9c1ee62-388b-4e3a-aee2-263343cf0ad0@group-37B91ED30AC4-SegmentedRaftLogWorker: created new log segment /workdir/hadoop-ozone/integration-test/target/test-dir/MiniOzoneClusterImpl-bb1bef09-a2ee-4d3f-9bf8-7f738e16213c/datanode-3/data/ratis/1a86e4b7-886d-43a6-a4b9-37b91ed30ac4/current/log_inprogress_0
2019-10-08 04:09:06,179 [grpc-default-executor-1] WARN  server.GrpcLogAppender (LogUtils.java:warn(134)) - 9a86e02d-457a-4233-b456-1f823c7b9675@group-903E021DC2E5->8182f3c3-6485-4730-b171-cad52f435bf6-AppendLogResponseHandler: Failed appendEntries: org.apache.ratis.thirdparty.io.grpc.StatusRuntimeException: UNAVAILABLE: io exception
2019-10-08 04:09:06,179 [grpc-default-executor-6] WARN  server.GrpcLogAppender (LogUtils.java:warn(134)) - 9a86e02d-457a-4233-b456-1f823c7b9675@group-903E021DC2E5->53d4e2b8-d7c3-4e33-8543-84865c350f2c-AppendLogResponseHandler: Failed appendEntries: org.apache.ratis.thirdparty.io.grpc.StatusRuntimeException: UNAVAILABLE: io exception
2019-10-08 04:09:06,179 [grpc-default-executor-1] INFO  impl.FollowerInfo (FollowerInfo.java:lambda$new$0(51)) - 9a86e02d-457a-4233-b456-1f823c7b9675@group-903E021DC2E5->8182f3c3-6485-4730-b171-cad52f435bf6: nextIndex: updateUnconditionally 0 -> 0
2019-10-08 04:09:06,179 [grpc-default-executor-6] INFO  impl.FollowerInfo (FollowerInfo.java:lambda$new$0(51)) - 9a86e02d-457a-4233-b456-1f823c7b9675@group-903E021DC2E5->53d4e2b8-d7c3-4e33-8543-84865c350f2c: nextIndex: updateUnconditionally 0 -> 0
2019-10-08 04:09:06,233 [Datanode State Machine Thread - 0] INFO  statemachine.DatanodeStateMachine (DatanodeStateMachine.java:lambda$startDaemon$0(350)) - Ozone container server started.
2019-10-08 04:09:08,681 [grpc-default-executor-0] WARN  server.GrpcLogAppender (LogUtils.java:warn(134)) - 9a86e02d-457a-4233-b456-1f823c7b9675@group-903E021DC2E5->8182f3c3-6485-4730-b171-cad52f435bf6-AppendLogResponseHandler: Failed appendEntries: org.apache.ratis.thirdparty.io.grpc.StatusRuntimeException: UNAVAILABLE: io exception
2019-10-08 04:09:08,681 [grpc-default-executor-1] WARN  server.GrpcLogAppender (LogUtils.java:warn(134)) - 9a86e02d-457a-4233-b456-1f823c7b9675@group-903E021DC2E5->53d4e2b8-d7c3-4e33-8543-84865c350f2c-AppendLogResponseHandler: Failed appendEntries: org.apache.ratis.thirdparty.io.grpc.StatusRuntimeException: UNAVAILABLE: io exception
2019-10-08 04:09:08,682 [grpc-default-executor-0] INFO  impl.FollowerInfo (FollowerInfo.java:lambda$new$0(51)) - 9a86e02d-457a-4233-b456-1f823c7b9675@group-903E021DC2E5->8182f3c3-6485-4730-b171-cad52f435bf6: nextIndex: updateUnconditionally 0 -> 0
2019-10-08 04:09:08,682 [grpc-default-executor-1] INFO  impl.FollowerInfo (FollowerInfo.java:lambda$new$0(51)) - 9a86e02d-457a-4233-b456-1f823c7b9675@group-903E021DC2E5->53d4e2b8-d7c3-4e33-8543-84865c350f2c: nextIndex: updateUnconditionally 0 -> 0
2019-10-08 04:09:08,856 [EventQueue-StaleNodeForStaleNodeHandler] INFO  node.StaleNodeHandler (StaleNodeHandler.java:onMessage(58)) - Datanode 53d4e2b8-d7c3-4e33-8543-84865c350f2c{ip: 192.168.151.83, host: pr-hdds-2217-jqnfv-3133698562, networkLocation: /default-rack, certSerialId: null} moved to stale state. Finalizing its pipelines [PipelineID=026fd119-bdc2-4da9-8a3d-f3df9ab14cf7, PipelineID=0509c109-09e1-4d22-850c-903e021dc2e5]
2019-10-08 04:09:08,857 [EventQueue-StaleNodeForStaleNodeHandler] INFO  pipeline.SCMPipelineManager (SCMPipelineManager.java:finalizeAndDestroyPipeline(315)) - destroying pipeline:Pipeline[ Id: 026fd119-bdc2-4da9-8a3d-f3df9ab14cf7, Nodes: 53d4e2b8-d7c3-4e33-8543-84865c350f2c{ip: 192.168.151.83, host: pr-hdds-2217-jqnfv-3133698562, networkLocation: /default-rack, certSerialId: null}, Type:RATIS, Factor:ONE, State:OPEN]
2019-10-08 04:09:08,858 [EventQueue-StaleNodeForStaleNodeHandler] INFO  pipeline.PipelineStateManager (PipelineStateManager.java:finalizePipeline(123)) - Pipeline Pipeline[ Id: 026fd119-bdc2-4da9-8a3d-f3df9ab14cf7, Nodes: 53d4e2b8-d7c3-4e33-8543-84865c350f2c{ip: 192.168.151.83, host: pr-hdds-2217-jqnfv-3133698562, networkLocation: /default-rack, certSerialId: null}, Type:RATIS, Factor:ONE, State:CLOSED] moved to CLOSED state
2019-10-08 04:09:08,858 [EventQueue-StaleNodeForStaleNodeHandler] INFO  pipeline.SCMPipelineManager (SCMPipelineManager.java:finalizeAndDestroyPipeline(315)) - destroying pipeline:Pipeline[ Id: 0509c109-09e1-4d22-850c-903e021dc2e5, Nodes: 53d4e2b8-d7c3-4e33-8543-84865c350f2c{ip: 192.168.151.83, host: pr-hdds-2217-jqnfv-3133698562, networkLocation: /default-rack, certSerialId: null}8182f3c3-6485-4730-b171-cad52f435bf6{ip: 192.168.151.83, host: pr-hdds-2217-jqnfv-3133698562, networkLocation: /default-rack, certSerialId: null}9a86e02d-457a-4233-b456-1f823c7b9675{ip: 192.168.151.83, host: pr-hdds-2217-jqnfv-3133698562, networkLocation: /default-rack, certSerialId: null}, Type:RATIS, Factor:THREE, State:OPEN]
2019-10-08 04:09:08,858 [EventQueue-StaleNodeForStaleNodeHandler] INFO  pipeline.PipelineStateManager (PipelineStateManager.java:finalizePipeline(123)) - Pipeline Pipeline[ Id: 0509c109-09e1-4d22-850c-903e021dc2e5, Nodes: 53d4e2b8-d7c3-4e33-8543-84865c350f2c{ip: 192.168.151.83, host: pr-hdds-2217-jqnfv-3133698562, networkLocation: /default-rack, certSerialId: null}8182f3c3-6485-4730-b171-cad52f435bf6{ip: 192.168.151.83, host: pr-hdds-2217-jqnfv-3133698562, networkLocation: /default-rack, certSerialId: null}9a86e02d-457a-4233-b456-1f823c7b9675{ip: 192.168.151.83, host: pr-hdds-2217-jqnfv-3133698562, networkLocation: /default-rack, certSerialId: null}, Type:RATIS, Factor:THREE, State:CLOSED] moved to CLOSED state
2019-10-08 04:09:08,859 [EventQueue-CloseContainerForCloseContainerEventHandler] INFO  container.CloseContainerEventHandler (CloseContainerEventHandler.java:onMessage(61)) - Close container Event triggered for container : #1
2019-10-08 04:09:10,244 [main] INFO  ozoneimpl.OzoneContainer (OzoneContainer.java:stop(227)) - Attempting to stop container services.
2019-10-08 04:09:10,253 [main] INFO  impl.RaftServerProxy (RaftServerProxy.java:lambda$close$4(314)) - 11368e19-1284-4e3e-8734-21e5625b0eed: close
2019-10-08 04:09:10,254 [main] INFO  impl.RaftServerImpl (RaftServerImpl.java:lambda$shutdown$3(247)) - 11368e19-1284-4e3e-8734-21e5625b0eed@group-FA0D1CE3D212: shutdown
2019-10-08 04:09:10,255 [main] INFO  util.JmxRegister (JmxRegister.java:unregister(73)) - Successfully un-registered JMX Bean with object name Ratis:service=RaftServer,group=group-FA0D1CE3D212,id=11368e19-1284-4e3e-8734-21e5625b0eed
2019-10-08 04:09:10,255 [main] INFO  impl.RoleInfo (RoleInfo.java:shutdownFollowerState(121)) - 11368e19-1284-4e3e-8734-21e5625b0eed: shutdown FollowerState
2019-10-08 04:09:10,256 [main] INFO  impl.StateMachineUpdater (StateMachineUpdater.java:stopAndJoin(136)) - 11368e19-1284-4e3e-8734-21e5625b0eed@group-FA0D1CE3D212-StateMachineUpdater: set stopIndex = 2
2019-10-08 04:09:10,256 [11368e19-1284-4e3e-8734-21e5625b0eed@group-FA0D1CE3D212-StateMachineUpdater] INFO  ratis.ContainerStateMachine (ContainerStateMachine.java:takeSnapshot(294)) - group-FA0D1CE3D212: Taking a snapshot at:(t:1, i:1) file /workdir/hadoop-ozone/integration-test/target/test-dir/MiniOzoneClusterImpl-bb1bef09-a2ee-4d3f-9bf8-7f738e16213c/datanode-2/data/ratis/b88618ff-2ead-441a-a9b6-fa0d1ce3d212/sm/snapshot.1_1
2019-10-08 04:09:10,256 [Thread-2432] INFO  impl.FollowerState (FollowerState.java:run(117)) - 11368e19-1284-4e3e-8734-21e5625b0eed@group-FA0D1CE3D212-FollowerState was interrupted: java.lang.InterruptedException: sleep interrupted
2019-10-08 04:09:10,270 [11368e19-1284-4e3e-8734-21e5625b0eed@group-FA0D1CE3D212-StateMachineUpdater] INFO  ratis.ContainerStateMachine (ContainerStateMachine.java:takeSnapshot(305)) - group-FA0D1CE3D212: Finished taking a snapshot at:(t:1, i:1) file:/workdir/hadoop-ozone/integration-test/target/test-dir/MiniOzoneClusterImpl-bb1bef09-a2ee-4d3f-9bf8-7f738e16213c/datanode-2/data/ratis/b88618ff-2ead-441a-a9b6-fa0d1ce3d212/sm/snapshot.1_1 time:14
2019-10-08 04:09:10,271 [11368e19-1284-4e3e-8734-21e5625b0eed@group-FA0D1CE3D212-StateMachineUpdater] INFO  impl.StateMachineUpdater (StateMachineUpdater.java:takeSnapshot(269)) - 11368e19-1284-4e3e-8734-21e5625b0eed@group-FA0D1CE3D212-StateMachineUpdater: Took a snapshot at index 1
2019-10-08 04:09:10,271 [11368e19-1284-4e3e-8734-21e5625b0eed@group-FA0D1CE3D212-StateMachineUpdater] INFO  impl.StateMachineUpdater (StateMachineUpdater.java:lambda$new$0(84)) - 11368e19-1284-4e3e-8734-21e5625b0eed@group-FA0D1CE3D212-StateMachineUpdater: snapshotIndex: updateIncreasingly -1 -> 1
2019-10-08 04:09:10,272 [11368e19-1284-4e3e-8734-21e5625b0eed@group-FA0D1CE3D212-StateMachineUpdater] INFO  ratis.ContainerStateMachine (ContainerStateMachine.java:takeSnapshot(294)) - group-FA0D1CE3D212: Taking a snapshot at:(t:1, i:1) file /workdir/hadoop-ozone/integration-test/target/test-dir/MiniOzoneClusterImpl-bb1bef09-a2ee-4d3f-9bf8-7f738e16213c/datanode-2/data/ratis/b88618ff-2ead-441a-a9b6-fa0d1ce3d212/sm/snapshot.1_1
2019-10-08 04:09:10,285 [11368e19-1284-4e3e-8734-21e5625b0eed@group-FA0D1CE3D212-StateMachineUpdater] INFO  ratis.ContainerStateMachine (ContainerStateMachine.java:takeSnapshot(305)) - group-FA0D1CE3D212: Finished taking a snapshot at:(t:1, i:1) file:/workdir/hadoop-ozone/integration-test/target/test-dir/MiniOzoneClusterImpl-bb1bef09-a2ee-4d3f-9bf8-7f738e16213c/datanode-2/data/ratis/b88618ff-2ead-441a-a9b6-fa0d1ce3d212/sm/snapshot.1_1 time:13
2019-10-08 04:09:10,285 [11368e19-1284-4e3e-8734-21e5625b0eed@group-FA0D1CE3D212-StateMachineUpdater] INFO  impl.StateMachineUpdater (StateMachineUpdater.java:takeSnapshot(269)) - 11368e19-1284-4e3e-8734-21e5625b0eed@group-FA0D1CE3D212-StateMachineUpdater: Took a snapshot at index 1
2019-10-08 04:09:10,285 [11368e19-1284-4e3e-8734-21e5625b0eed@group-FA0D1CE3D212-StateMachineUpdater] INFO  impl.StateMachineUpdater (StateMachineUpdater.java:lambda$new$0(84)) - 11368e19-1284-4e3e-8734-21e5625b0eed@group-FA0D1CE3D212-StateMachineUpdater: snapshotIndex: updateIncreasingly 1 -> 1
2019-10-08 04:09:10,286 [main] INFO  impl.RaftServerImpl (ServerState.java:close(387)) - 11368e19-1284-4e3e-8734-21e5625b0eed@group-FA0D1CE3D212: closes. applyIndex: 2
2019-10-08 04:09:10,286 [11368e19-1284-4e3e-8734-21e5625b0eed@group-FA0D1CE3D212-SegmentedRaftLogWorker] INFO  segmented.SegmentedRaftLogWorker (SegmentedRaftLogWorker.java:run(316)) - 11368e19-1284-4e3e-8734-21e5625b0eed@group-FA0D1CE3D212-SegmentedRaftLogWorker was interrupted, exiting. There are 0 tasks remaining in the queue.
2019-10-08 04:09:10,292 [main] INFO  segmented.SegmentedRaftLogWorker (SegmentedRaftLogWorker.java:close(224)) - 11368e19-1284-4e3e-8734-21e5625b0eed@group-FA0D1CE3D212-SegmentedRaftLogWorker close()
2019-10-08 04:09:10,301 [main] INFO  impl.RaftServerImpl (RaftServerImpl.java:lambda$shutdown$3(247)) - 11368e19-1284-4e3e-8734-21e5625b0eed@group-1161E11D4597: shutdown
2019-10-08 04:09:10,301 [main] INFO  util.JmxRegister (JmxRegister.java:unregister(73)) - Successfully un-registered JMX Bean with object name Ratis:service=RaftServer,group=group-1161E11D4597,id=11368e19-1284-4e3e-8734-21e5625b0eed
2019-10-08 04:09:10,302 [main] INFO  impl.RoleInfo (RoleInfo.java:shutdownLeaderState(104)) - 11368e19-1284-4e3e-8734-21e5625b0eed: shutdown LeaderState
2019-10-08 04:09:10,302 [main] INFO  impl.PendingRequests (PendingRequests.java:sendNotLeaderResponses(202)) - 11368e19-1284-4e3e-8734-21e5625b0eed@group-1161E11D4597-PendingRequests: sendNotLeaderResponses
2019-10-08 04:09:10,303 [main] INFO  impl.StateMachineUpdater (StateMachineUpdater.java:stopAndJoin(136)) - 11368e19-1284-4e3e-8734-21e5625b0eed@group-1161E11D4597-StateMachineUpdater: set stopIndex = 0
2019-10-08 04:09:10,303 [main] INFO  impl.RaftServerImpl (ServerState.java:close(387)) - 11368e19-1284-4e3e-8734-21e5625b0eed@group-1161E11D4597: closes. applyIndex: 0
2019-10-08 04:09:10,304 [11368e19-1284-4e3e-8734-21e5625b0eed@group-1161E11D4597-SegmentedRaftLogWorker] INFO  segmented.SegmentedRaftLogWorker (SegmentedRaftLogWorker.java:run(316)) - 11368e19-1284-4e3e-8734-21e5625b0eed@group-1161E11D4597-SegmentedRaftLogWorker was interrupted, exiting. There are 0 tasks remaining in the queue.
2019-10-08 04:09:10,308 [main] INFO  segmented.SegmentedRaftLogWorker (SegmentedRaftLogWorker.java:close(224)) - 11368e19-1284-4e3e-8734-21e5625b0eed@group-1161E11D4597-SegmentedRaftLogWorker close()
2019-10-08 04:09:10,316 [main] INFO  server.GrpcService (GrpcService.java:closeImpl(164)) - 11368e19-1284-4e3e-8734-21e5625b0eed: shutdown server with port 33460 now
2019-10-08 04:09:10,318 [grpc-default-executor-0] WARN  server.GrpcServerProtocolService (LogUtils.java:warn(134)) - 11368e19-1284-4e3e-8734-21e5625b0eed: installSnapshot onError, lastRequest: 5582086d-f957-4017-84dd-f94e4c4ba1e1->11368e19-1284-4e3e-8734-21e5625b0eed#5-t1, previous=(t:1, i:2), leaderCommit=2, initializing? false, entries: <empty>: org.apache.ratis.thirdparty.io.grpc.StatusRuntimeException: CANCELLED: cancelled before receiving half close
2019-10-08 04:09:10,318 [main] INFO  server.GrpcService (GrpcService.java:closeImpl(172)) - 11368e19-1284-4e3e-8734-21e5625b0eed: shutdown server with port 33460 successfully
2019-10-08 04:09:10,318 [grpc-default-executor-7] WARN  server.GrpcLogAppender (LogUtils.java:warn(134)) - 5582086d-f957-4017-84dd-f94e4c4ba1e1@group-FA0D1CE3D212->11368e19-1284-4e3e-8734-21e5625b0eed-AppendLogResponseHandler: Failed appendEntries: org.apache.ratis.thirdparty.io.grpc.StatusRuntimeException: CANCELLED: HTTP/2 error code: CANCEL
Received Rst Stream
2019-10-08 04:09:10,319 [grpc-default-executor-7] INFO  impl.FollowerInfo (FollowerInfo.java:lambda$new$0(51)) - 5582086d-f957-4017-84dd-f94e4c4ba1e1@group-FA0D1CE3D212->11368e19-1284-4e3e-8734-21e5625b0eed: nextIndex: updateUnconditionally 3 -> 2
2019-10-08 04:09:10,320 [refreshUsed-/workdir/hadoop-ozone/integration-test/target/test-dir/MiniOzoneClusterImpl-bb1bef09-a2ee-4d3f-9bf8-7f738e16213c/datanode-2/data/containers] WARN  fs.CachingGetSpaceUsed (CachingGetSpaceUsed.java:run(183)) - Thread Interrupted waiting to refresh disk information: sleep interrupted
2019-10-08 04:09:10,336 [main] INFO  utils.BackgroundService (BackgroundService.java:shutdown(148)) - Shutting down service BlockDeletingService
2019-10-08 04:09:10,348 [main] INFO  statemachine.DatanodeStateMachine (DatanodeStateMachine.java:stopDaemon(395)) - Ozone container server stopped.
2019-10-08 04:09:10,350 [main] INFO  handler.ContextHandler (ContextHandler.java:doStop(910)) - Stopped o.e.j.w.WebAppContext@37d28938{/,null,UNAVAILABLE}{/hddsDatanode}
2019-10-08 04:09:10,351 [main] INFO  server.AbstractConnector (AbstractConnector.java:doStop(318)) - Stopped ServerConnector@7d0cd23c{HTTP/1.1,[http/1.1]}{0.0.0.0:0}
2019-10-08 04:09:10,352 [main] INFO  handler.ContextHandler (ContextHandler.java:doStop(910)) - Stopped o.e.j.s.ServletContextHandler@6094de13{/static,jar:file:/home/user/.m2/repository/org/apache/hadoop/hadoop-hdds-container-service/0.5.0-SNAPSHOT/hadoop-hdds-container-service-0.5.0-SNAPSHOT.jar!/webapps/static,UNAVAILABLE}
2019-10-08 04:09:10,352 [main] INFO  handler.ContextHandler (ContextHandler.java:doStop(910)) - Stopped o.e.j.s.ServletContextHandler@723e3c17{/logs,file:///workdir/hadoop-ozone/integration-test/target/log,UNAVAILABLE}
2019-10-08 04:09:10,362 [grpc-default-executor-1] WARN  server.GrpcLogAppender (LogUtils.java:warn(134)) - 5582086d-f957-4017-84dd-f94e4c4ba1e1@group-FA0D1CE3D212->11368e19-1284-4e3e-8734-21e5625b0eed-AppendLogResponseHandler: Failed appendEntries: org.apache.ratis.thirdparty.io.grpc.StatusRuntimeException: UNAVAILABLE: io exception
2019-10-08 04:09:10,362 [grpc-default-executor-1] INFO  impl.FollowerInfo (FollowerInfo.java:lambda$new$0(51)) - 5582086d-f957-4017-84dd-f94e4c4ba1e1@group-FA0D1CE3D212->11368e19-1284-4e3e-8734-21e5625b0eed: nextIndex: updateUnconditionally 3 -> 2
2019-10-08 04:09:10,374 [grpc-default-executor-0] WARN  server.GrpcLogAppender (LogUtils.java:warn(134)) - 5582086d-f957-4017-84dd-f94e4c4ba1e1@group-FA0D1CE3D212->11368e19-1284-4e3e-8734-21e5625b0eed-AppendLogResponseHandler: Failed appendEntries: org.apache.ratis.thirdparty.io.grpc.StatusRuntimeException: UNAVAILABLE: io exception
2019-10-08 04:09:10,374 [grpc-default-executor-0] INFO  impl.FollowerInfo (FollowerInfo.java:lambda$new$0(51)) - 5582086d-f957-4017-84dd-f94e4c4ba1e1@group-FA0D1CE3D212->11368e19-1284-4e3e-8734-21e5625b0eed: nextIndex: updateUnconditionally 3 -> 2
2019-10-08 04:09:10,386 [grpc-default-executor-0] WARN  server.GrpcLogAppender (LogUtils.java:warn(134)) - 5582086d-f957-4017-84dd-f94e4c4ba1e1@group-FA0D1CE3D212->11368e19-1284-4e3e-8734-21e5625b0eed-AppendLogResponseHandler: Failed appendEntries: org.apache.ratis.thirdparty.io.grpc.StatusRuntimeException: UNAVAILABLE: io exception
2019-10-08 04:09:10,386 [grpc-default-executor-0] INFO  impl.FollowerInfo (FollowerInfo.java:lambda$new$0(51)) - 5582086d-f957-4017-84dd-f94e4c4ba1e1@group-FA0D1CE3D212->11368e19-1284-4e3e-8734-21e5625b0eed: nextIndex: updateUnconditionally 3 -> 2
2019-10-08 04:09:10,387 [EventQueue-IncrementalContainerReportForIncrementalContainerReportHandler] WARN  container.IncrementalContainerReportHandler (AbstractContainerReportHandler.java:updateContainerState(143)) - Container #1 is in OPEN state, but the datanode 5582086d-f957-4017-84dd-f94e4c4ba1e1{ip: 192.168.151.83, host: pr-hdds-2217-jqnfv-3133698562, networkLocation: /default-rack, certSerialId: null} reports an CLOSING replica.
2019-10-08 04:09:10,412 [EventQueue-IncrementalContainerReportForIncrementalContainerReportHandler] WARN  container.IncrementalContainerReportHandler (AbstractContainerReportHandler.java:updateContainerState(143)) - Container #1 is in OPEN state, but the datanode bb80d0ac-a8d2-4db1-83af-53cc40b2ce35{ip: 192.168.151.83, host: pr-hdds-2217-jqnfv-3133698562, networkLocation: /default-rack, certSerialId: null} reports an CLOSING replica.
2019-10-08 04:09:10,454 [RatisApplyTransactionExecutor 1] INFO  interfaces.Container (KeyValueContainer.java:flushAndSyncDB(386)) - Container 1 is synced with bcsId 0.
2019-10-08 04:09:10,480 [RatisApplyTransactionExecutor 1] INFO  interfaces.Container (KeyValueContainer.java:flushAndSyncDB(386)) - Container 1 is synced with bcsId 0.
2019-10-08 04:09:10,482 [RatisApplyTransactionExecutor 1] INFO  interfaces.Container (KeyValueContainer.java:flushAndSyncDB(386)) - Container 1 is synced with bcsId 0.
2019-10-08 04:09:10,482 [RatisApplyTransactionExecutor 1] INFO  interfaces.Container (KeyValueContainer.java:flushAndSyncDB(386)) - Container 1 is synced with bcsId 0.
2019-10-08 04:09:10,488 [RatisApplyTransactionExecutor 1] INFO  interfaces.Container (KeyValueContainer.java:close(335)) - Container 1 is closed with bcsId 0.
2019-10-08 04:09:10,488 [RatisApplyTransactionExecutor 1] INFO  interfaces.Container (KeyValueContainer.java:close(335)) - Container 1 is closed with bcsId 0.
2019-10-08 04:09:10,489 [EventQueue-IncrementalContainerReportForIncrementalContainerReportHandler] WARN  container.IncrementalContainerReportHandler (AbstractContainerReportHandler.java:updateContainerState(143)) - Container #1 is in OPEN state, but the datanode bb80d0ac-a8d2-4db1-83af-53cc40b2ce35{ip: 192.168.151.83, host: pr-hdds-2217-jqnfv-3133698562, networkLocation: /default-rack, certSerialId: null} reports an CLOSED replica.
2019-10-08 04:09:10,495 [EventQueue-IncrementalContainerReportForIncrementalContainerReportHandler] WARN  container.IncrementalContainerReportHandler (AbstractContainerReportHandler.java:updateContainerState(143)) - Container #1 is in OPEN state, but the datanode 5582086d-f957-4017-84dd-f94e4c4ba1e1{ip: 192.168.151.83, host: pr-hdds-2217-jqnfv-3133698562, networkLocation: /default-rack, certSerialId: null} reports an CLOSED replica.
2019-10-08 04:09:11,009 [grpc-default-executor-1] WARN  server.GrpcLogAppender (LogUtils.java:warn(134)) - 9a86e02d-457a-4233-b456-1f823c7b9675@group-903E021DC2E5->53d4e2b8-d7c3-4e33-8543-84865c350f2c-AppendLogResponseHandler: Failed appendEntries: org.apache.ratis.thirdparty.io.grpc.StatusRuntimeException: UNAVAILABLE: io exception
2019-10-08 04:09:11,009 [grpc-default-executor-6] WARN  server.GrpcLogAppender (LogUtils.java:warn(134)) - 9a86e02d-457a-4233-b456-1f823c7b9675@group-903E021DC2E5->8182f3c3-6485-4730-b171-cad52f435bf6-AppendLogResponseHandler: Failed appendEntries: org.apache.ratis.thirdparty.io.grpc.StatusRuntimeException: UNAVAILABLE: io exception
2019-10-08 04:09:11,010 [grpc-default-executor-1] INFO  impl.FollowerInfo (FollowerInfo.java:lambda$new$0(51)) - 9a86e02d-457a-4233-b456-1f823c7b9675@group-903E021DC2E5->53d4e2b8-d7c3-4e33-8543-84865c350f2c: nextIndex: updateUnconditionally 1 -> 0
2019-10-08 04:09:11,010 [grpc-default-executor-6] INFO  impl.FollowerInfo (FollowerInfo.java:lambda$new$0(51)) - 9a86e02d-457a-4233-b456-1f823c7b9675@group-903E021DC2E5->8182f3c3-6485-4730-b171-cad52f435bf6: nextIndex: updateUnconditionally 1 -> 0
2019-10-08 04:09:11,056 [Thread-2501] INFO  client.GrpcClientProtocolService (GrpcClientProtocolService.java:lambda$processClientRequest$0(278)) - Failed RaftClientRequest:client-51205E2E8163->9a86e02d-457a-4233-b456-1f823c7b9675@group-903E021DC2E5, cid=68, seq=0, Watch-MAJORITY_COMMITTED(98), Message:<EMPTY>, reply=RaftClientReply:client-51205E2E8163->9a86e02d-457a-4233-b456-1f823c7b9675@group-903E021DC2E5, cid=68, FAILED org.apache.ratis.protocol.NotReplicatedException: Request with call Id 68 and log index 98 is not yet replicated to MAJORITY_COMMITTED, logIndex=98, commits[9a86e02d-457a-4233-b456-1f823c7b9675:c2, 53d4e2b8-d7c3-4e33-8543-84865c350f2c:c2, 8182f3c3-6485-4730-b171-cad52f435bf6:c2]
2019-10-08 04:09:11,056 [Thread-2502] INFO  client.GrpcClientProtocolService (GrpcClientProtocolService.java:lambda$processClientRequest$0(278)) - Failed RaftClientRequest:client-51205E2E8163->9a86e02d-457a-4233-b456-1f823c7b9675@group-903E021DC2E5, cid=67, seq=0, Watch-ALL_COMMITTED(98), Message:<EMPTY>, reply=RaftClientReply:client-51205E2E8163->9a86e02d-457a-4233-b456-1f823c7b9675@group-903E021DC2E5, cid=67, FAILED org.apache.ratis.protocol.NotReplicatedException: Request with call Id 67 and log index 98 is not yet replicated to ALL_COMMITTED, logIndex=98, commits[9a86e02d-457a-4233-b456-1f823c7b9675:c2, 53d4e2b8-d7c3-4e33-8543-84865c350f2c:c2, 8182f3c3-6485-4730-b171-cad52f435bf6:c2]
2019-10-08 04:09:12,887 [grpc-default-executor-0] WARN  server.GrpcLogAppender (LogUtils.java:warn(134)) - 5582086d-f957-4017-84dd-f94e4c4ba1e1@group-FA0D1CE3D212->11368e19-1284-4e3e-8734-21e5625b0eed-AppendLogResponseHandler: Failed appendEntries: org.apache.ratis.thirdparty.io.grpc.StatusRuntimeException: UNAVAILABLE: io exception
2019-10-08 04:09:12,896 [grpc-default-executor-0] INFO  impl.FollowerInfo (FollowerInfo.java:lambda$new$0(51)) - 5582086d-f957-4017-84dd-f94e4c4ba1e1@group-FA0D1CE3D212->11368e19-1284-4e3e-8734-21e5625b0eed: nextIndex: updateUnconditionally 2 -> 1
2019-10-08 04:09:13,500 [main] WARN  scm.XceiverClientRatis (XceiverClientRatis.java:watchForCommit(269)) - 3 way commit failed on pipeline Pipeline[ Id: b88618ff-2ead-441a-a9b6-fa0d1ce3d212, Nodes: 11368e19-1284-4e3e-8734-21e5625b0eed{ip: 192.168.151.83, host: pr-hdds-2217-jqnfv-3133698562, networkLocation: /default-rack, certSerialId: null}5582086d-f957-4017-84dd-f94e4c4ba1e1{ip: 192.168.151.83, host: pr-hdds-2217-jqnfv-3133698562, networkLocation: /default-rack, certSerialId: null}bb80d0ac-a8d2-4db1-83af-53cc40b2ce35{ip: 192.168.151.83, host: pr-hdds-2217-jqnfv-3133698562, networkLocation: /default-rack, certSerialId: null}, Type:RATIS, Factor:THREE, State:OPEN]
java.util.concurrent.TimeoutException
	at java.util.concurrent.CompletableFuture.timedGet(CompletableFuture.java:1771)
	at java.util.concurrent.CompletableFuture.get(CompletableFuture.java:1915)
	at org.apache.hadoop.hdds.scm.XceiverClientRatis.watchForCommit(XceiverClientRatis.java:266)
	at org.apache.hadoop.ozone.client.rpc.TestWatchForCommit.test2WayCommitForTimeoutException(TestWatchForCommit.java:391)
	at sun.reflect.NativeMethodAccessorImpl.invoke0(Native Method)
	at sun.reflect.NativeMethodAccessorImpl.invoke(NativeMethodAccessorImpl.java:62)
	at sun.reflect.DelegatingMethodAccessorImpl.invoke(DelegatingMethodAccessorImpl.java:43)
	at java.lang.reflect.Method.invoke(Method.java:498)
	at org.junit.runners.model.FrameworkMethod$1.runReflectiveCall(FrameworkMethod.java:47)
	at org.junit.internal.runners.model.ReflectiveCallable.run(ReflectiveCallable.java:12)
	at org.junit.runners.model.FrameworkMethod.invokeExplosively(FrameworkMethod.java:44)
	at org.junit.internal.runners.statements.InvokeMethod.evaluate(InvokeMethod.java:17)
	at org.junit.runners.ParentRunner.runLeaf(ParentRunner.java:271)
	at org.junit.runners.BlockJUnit4ClassRunner.runChild(BlockJUnit4ClassRunner.java:70)
	at org.junit.runners.BlockJUnit4ClassRunner.runChild(BlockJUnit4ClassRunner.java:50)
	at org.junit.runners.ParentRunner$3.run(ParentRunner.java:238)
	at org.junit.runners.ParentRunner$1.schedule(ParentRunner.java:63)
	at org.junit.runners.ParentRunner.runChildren(ParentRunner.java:236)
	at org.junit.runners.ParentRunner.access$000(ParentRunner.java:53)
	at org.junit.runners.ParentRunner$2.evaluate(ParentRunner.java:229)
	at org.junit.runners.ParentRunner.run(ParentRunner.java:309)
	at org.apache.maven.surefire.junit4.JUnit4Provider.execute(JUnit4Provider.java:365)
	at org.apache.maven.surefire.junit4.JUnit4Provider.executeWithRerun(JUnit4Provider.java:273)
	at org.apache.maven.surefire.junit4.JUnit4Provider.executeTestSet(JUnit4Provider.java:238)
	at org.apache.maven.surefire.junit4.JUnit4Provider.invoke(JUnit4Provider.java:159)
	at org.apache.maven.surefire.booter.ForkedBooter.invokeProviderInSameClassLoader(ForkedBooter.java:384)
	at org.apache.maven.surefire.booter.ForkedBooter.runSuitesInProcess(ForkedBooter.java:345)
	at org.apache.maven.surefire.booter.ForkedBooter.execute(ForkedBooter.java:126)
	at org.apache.maven.surefire.booter.ForkedBooter.main(ForkedBooter.java:418)
2019-10-08 04:09:13,520 [grpc-default-executor-4] WARN  server.GrpcLogAppender (LogUtils.java:warn(134)) - 9a86e02d-457a-4233-b456-1f823c7b9675@group-903E021DC2E5->53d4e2b8-d7c3-4e33-8543-84865c350f2c-AppendLogResponseHandler: Failed appendEntries: org.apache.ratis.thirdparty.io.grpc.StatusRuntimeException: UNAVAILABLE: io exception
2019-10-08 04:09:13,524 [grpc-default-executor-4] INFO  impl.FollowerInfo (FollowerInfo.java:lambda$new$0(51)) - 9a86e02d-457a-4233-b456-1f823c7b9675@group-903E021DC2E5->53d4e2b8-d7c3-4e33-8543-84865c350f2c: nextIndex: updateUnconditionally 0 -> 0
2019-10-08 04:09:13,524 [grpc-default-executor-6] WARN  server.GrpcLogAppender (LogUtils.java:warn(134)) - 9a86e02d-457a-4233-b456-1f823c7b9675@group-903E021DC2E5->8182f3c3-6485-4730-b171-cad52f435bf6-AppendLogResponseHandler: Failed appendEntries: org.apache.ratis.thirdparty.io.grpc.StatusRuntimeException: UNAVAILABLE: io exception
2019-10-08 04:09:13,528 [grpc-default-executor-6] INFO  impl.FollowerInfo (FollowerInfo.java:lambda$new$0(51)) - 9a86e02d-457a-4233-b456-1f823c7b9675@group-903E021DC2E5->8182f3c3-6485-4730-b171-cad52f435bf6: nextIndex: updateUnconditionally 0 -> 0
2019-10-08 04:09:13,865 [EventQueue-StaleNodeForStaleNodeHandler] INFO  node.StaleNodeHandler (StaleNodeHandler.java:onMessage(58)) - Datanode 8182f3c3-6485-4730-b171-cad52f435bf6{ip: 192.168.151.83, host: pr-hdds-2217-jqnfv-3133698562, networkLocation: /default-rack, certSerialId: null} moved to stale state. Finalizing its pipelines [PipelineID=0509c109-09e1-4d22-850c-903e021dc2e5, PipelineID=9a0abc46-c645-4554-aaab-17d90e5364b0]
2019-10-08 04:09:13,866 [EventQueue-StaleNodeForStaleNodeHandler] INFO  pipeline.SCMPipelineManager (SCMPipelineManager.java:finalizeAndDestroyPipeline(315)) - destroying pipeline:Pipeline[ Id: 0509c109-09e1-4d22-850c-903e021dc2e5, Nodes: 53d4e2b8-d7c3-4e33-8543-84865c350f2c{ip: 192.168.151.83, host: pr-hdds-2217-jqnfv-3133698562, networkLocation: /default-rack, certSerialId: null}8182f3c3-6485-4730-b171-cad52f435bf6{ip: 192.168.151.83, host: pr-hdds-2217-jqnfv-3133698562, networkLocation: /default-rack, certSerialId: null}9a86e02d-457a-4233-b456-1f823c7b9675{ip: 192.168.151.83, host: pr-hdds-2217-jqnfv-3133698562, networkLocation: /default-rack, certSerialId: null}, Type:RATIS, Factor:THREE, State:CLOSED]
2019-10-08 04:09:13,866 [EventQueue-StaleNodeForStaleNodeHandler] INFO  pipeline.SCMPipelineManager (SCMPipelineManager.java:finalizeAndDestroyPipeline(315)) - destroying pipeline:Pipeline[ Id: 9a0abc46-c645-4554-aaab-17d90e5364b0, Nodes: 8182f3c3-6485-4730-b171-cad52f435bf6{ip: 192.168.151.83, host: pr-hdds-2217-jqnfv-3133698562, networkLocation: /default-rack, certSerialId: null}, Type:RATIS, Factor:ONE, State:OPEN]
2019-10-08 04:09:13,866 [EventQueue-StaleNodeForStaleNodeHandler] INFO  pipeline.PipelineStateManager (PipelineStateManager.java:finalizePipeline(123)) - Pipeline Pipeline[ Id: 9a0abc46-c645-4554-aaab-17d90e5364b0, Nodes: 8182f3c3-6485-4730-b171-cad52f435bf6{ip: 192.168.151.83, host: pr-hdds-2217-jqnfv-3133698562, networkLocation: /default-rack, certSerialId: null}, Type:RATIS, Factor:ONE, State:CLOSED] moved to CLOSED state
2019-10-08 04:09:15,390 [grpc-default-executor-4] WARN  server.GrpcLogAppender (LogUtils.java:warn(134)) - 5582086d-f957-4017-84dd-f94e4c4ba1e1@group-FA0D1CE3D212->11368e19-1284-4e3e-8734-21e5625b0eed-AppendLogResponseHandler: Failed appendEntries: org.apache.ratis.thirdparty.io.grpc.StatusRuntimeException: UNAVAILABLE: io exception
2019-10-08 04:09:15,395 [grpc-default-executor-4] INFO  impl.FollowerInfo (FollowerInfo.java:lambda$new$0(51)) - 5582086d-f957-4017-84dd-f94e4c4ba1e1@group-FA0D1CE3D212->11368e19-1284-4e3e-8734-21e5625b0eed: nextIndex: updateUnconditionally 1 -> 0
2019-10-08 04:09:16,016 [grpc-default-executor-0] WARN  server.GrpcLogAppender (LogUtils.java:warn(134)) - 9a86e02d-457a-4233-b456-1f823c7b9675@group-903E021DC2E5->8182f3c3-6485-4730-b171-cad52f435bf6-AppendLogResponseHandler: Failed appendEntries: org.apache.ratis.thirdparty.io.grpc.StatusRuntimeException: UNAVAILABLE: io exception
2019-10-08 04:09:16,016 [grpc-default-executor-7] WARN  server.GrpcLogAppender (LogUtils.java:warn(134)) - 9a86e02d-457a-4233-b456-1f823c7b9675@group-903E021DC2E5->53d4e2b8-d7c3-4e33-8543-84865c350f2c-AppendLogResponseHandler: Failed appendEntries: org.apache.ratis.thirdparty.io.grpc.StatusRuntimeException: UNAVAILABLE: io exception
2019-10-08 04:09:16,017 [grpc-default-executor-0] INFO  impl.FollowerInfo (FollowerInfo.java:lambda$new$0(51)) - 9a86e02d-457a-4233-b456-1f823c7b9675@group-903E021DC2E5->8182f3c3-6485-4730-b171-cad52f435bf6: nextIndex: updateUnconditionally 0 -> 0
2019-10-08 04:09:16,017 [grpc-default-executor-7] INFO  impl.FollowerInfo (FollowerInfo.java:lambda$new$0(51)) - 9a86e02d-457a-4233-b456-1f823c7b9675@group-903E021DC2E5->53d4e2b8-d7c3-4e33-8543-84865c350f2c: nextIndex: updateUnconditionally 0 -> 0
]]></system-out>
    <system-err><![CDATA[Oct 08, 2019 4:09:10 AM org.apache.ratis.thirdparty.io.grpc.internal.SerializingExecutor run
SEVERE: Exception while executing runnable org.apache.ratis.thirdparty.io.grpc.internal.ServerImpl$JumpToApplicationThreadServerStreamListener$1Closed@2ce8b13f
org.apache.ratis.thirdparty.io.grpc.StatusRuntimeException: CANCELLED: call already cancelled
	at org.apache.ratis.thirdparty.io.grpc.Status.asRuntimeException(Status.java:517)
	at org.apache.ratis.thirdparty.io.grpc.stub.ServerCalls$ServerCallStreamObserverImpl.onCompleted(ServerCalls.java:356)
	at org.apache.ratis.grpc.server.GrpcServerProtocolService$ServerRequestStreamObserver.onError(GrpcServerProtocolService.java:121)
	at org.apache.ratis.thirdparty.io.grpc.stub.ServerCalls$StreamingServerCallHandler$StreamingServerCallListener.onCancel(ServerCalls.java:269)
	at org.apache.ratis.thirdparty.io.grpc.internal.ServerCallImpl$ServerStreamListenerImpl.closed(ServerCallImpl.java:293)
	at org.apache.ratis.thirdparty.io.grpc.internal.ServerImpl$JumpToApplicationThreadServerStreamListener$1Closed.runInContext(ServerImpl.java:741)
	at org.apache.ratis.thirdparty.io.grpc.internal.ContextRunnable.run(ContextRunnable.java:37)
	at org.apache.ratis.thirdparty.io.grpc.internal.SerializingExecutor.run(SerializingExecutor.java:123)
	at java.util.concurrent.ThreadPoolExecutor.runWorker(ThreadPoolExecutor.java:1149)
	at java.util.concurrent.ThreadPoolExecutor$Worker.run(ThreadPoolExecutor.java:624)
	at java.lang.Thread.run(Thread.java:748)

]]></system-err>
  </testcase>
</testsuite>