<?xml version="1.0" encoding="UTF-8"?>
<testsuite xmlns:xsi="http://www.w3.org/2001/XMLSchema-instance" xsi:noNamespaceSchemaLocation="https://maven.apache.org/surefire/maven-surefire-plugin/xsd/surefire-test-report.xsd" name="org.apache.hadoop.ozone.client.rpc.TestBlockOutputStreamWithFailures" time="756.177" tests="8" errors="1" skipped="0" failures="1">
  <properties>
    <property name="awt.toolkit" value="sun.awt.X11.XToolkit"/>
    <property name="file.encoding.pkg" value="sun.io"/>
    <property name="java.specification.version" value="1.8"/>
    <property name="sun.cpu.isalist" value=""/>
    <property name="sun.jnu.encoding" value="UTF-8"/>
    <property name="java.class.path" value="/workdir/hadoop-ozone/integration-test/target/test-classes:/workdir/hadoop-ozone/integration-test/target/classes:/home/user/.m2/repository/org/apache/hadoop/hadoop-ozone-common/0.5.0-SNAPSHOT/hadoop-ozone-common-0.5.0-SNAPSHOT.jar:/home/user/.m2/repository/org/apache/commons/commons-compress/1.4.1/commons-compress-1.4.1.jar:/home/user/.m2/repository/org/tukaani/xz/1.0/xz-1.0.jar:/home/user/.m2/repository/org/apache/hadoop/hadoop-common/3.2.0/hadoop-common-3.2.0.jar:/home/user/.m2/repository/org/apache/hadoop/hadoop-hdfs/3.2.0/hadoop-hdfs-3.2.0.jar:/home/user/.m2/repository/org/apache/hadoop/hadoop-hdfs-client/3.2.0/hadoop-hdfs-client-3.2.0.jar:/home/user/.m2/repository/com/fasterxml/jackson/core/jackson-annotations/2.9.9/jackson-annotations-2.9.9.jar:/home/user/.m2/repository/org/apache/hadoop/hadoop-hdds-common/0.5.0-SNAPSHOT/hadoop-hdds-common-0.5.0-SNAPSHOT.jar:/home/user/.m2/repository/javax/annotation/javax.annotation-api/1.2/javax.annotation-api-1.2.jar:/home/user/.m2/repository/org/apache/ratis/ratis-server/0.5.0-201fc85-SNAPSHOT/ratis-server-0.5.0-201fc85-SNAPSHOT.jar:/home/user/.m2/repository/org/apache/ratis/ratis-thirdparty-misc/0.2.0/ratis-thirdparty-misc-0.2.0.jar:/home/user/.m2/repository/org/apache/ratis/ratis-proto/0.5.0-201fc85-SNAPSHOT/ratis-proto-0.5.0-201fc85-SNAPSHOT.jar:/home/user/.m2/repository/org/apache/ratis/ratis-common/0.5.0-201fc85-SNAPSHOT/ratis-common-0.5.0-201fc85-SNAPSHOT.jar:/home/user/.m2/repository/org/apache/ratis/ratis-client/0.5.0-201fc85-SNAPSHOT/ratis-client-0.5.0-201fc85-SNAPSHOT.jar:/home/user/.m2/repository/org/apache/ratis/ratis-metrics/0.5.0-201fc85-SNAPSHOT/ratis-metrics-0.5.0-201fc85-SNAPSHOT.jar:/home/user/.m2/repository/com/github/joshelser/dropwizard-metrics-hadoop-metrics2-reporter/0.1.2/dropwizard-metrics-hadoop-metrics2-reporter-0.1.2.jar:/home/user/.m2/repository/io/dropwizard/metrics/metrics-jvm/3.2.5/metrics-jvm-3.2.5.jar:/home/user/.m2/repository/io/dropwizard/metrics/metrics-ganglia/3.2.5/metrics-ganglia-3.2.5.jar:/home/user/.m2/repository/info/ganglia/gmetric4j/gmetric4j/1.0.7/gmetric4j-1.0.7.jar:/home/user/.m2/repository/org/apache/ratis/ratis-netty/0.5.0-201fc85-SNAPSHOT/ratis-netty-0.5.0-201fc85-SNAPSHOT.jar:/home/user/.m2/repository/org/apache/ratis/ratis-grpc/0.5.0-201fc85-SNAPSHOT/ratis-grpc-0.5.0-201fc85-SNAPSHOT.jar:/home/user/.m2/repository/org/rocksdb/rocksdbjni/6.0.1/rocksdbjni-6.0.1.jar:/home/user/.m2/repository/org/apache/logging/log4j/log4j-api/2.11.0/log4j-api-2.11.0.jar:/home/user/.m2/repository/org/apache/logging/log4j/log4j-core/2.11.0/log4j-core-2.11.0.jar:/home/user/.m2/repository/com/lmax/disruptor/3.4.2/disruptor-3.4.2.jar:/home/user/.m2/repository/org/apache/commons/commons-pool2/2.6.0/commons-pool2-2.6.0.jar:/home/user/.m2/repository/org/bouncycastle/bcpkix-jdk15on/1.60/bcpkix-jdk15on-1.60.jar:/home/user/.m2/repository/commons-validator/commons-validator/1.6/commons-validator-1.6.jar:/home/user/.m2/repository/commons-digester/commons-digester/1.8.1/commons-digester-1.8.1.jar:/home/user/.m2/repository/io/jaegertracing/jaeger-client/0.34.0/jaeger-client-0.34.0.jar:/home/user/.m2/repository/io/jaegertracing/jaeger-thrift/0.34.0/jaeger-thrift-0.34.0.jar:/home/user/.m2/repository/org/apache/thrift/libthrift/0.12.0/libthrift-0.12.0.jar:/home/user/.m2/repository/com/squareup/okhttp3/okhttp/3.9.0/okhttp-3.9.0.jar:/home/user/.m2/repository/com/squareup/okio/okio/1.13.0/okio-1.13.0.jar:/home/user/.m2/repository/io/jaegertracing/jaeger-core/0.34.0/jaeger-core-0.34.0.jar:/home/user/.m2/repository/io/jaegertracing/jaeger-tracerresolver/0.34.0/jaeger-tracerresolver-0.34.0.jar:/home/user/.m2/repository/io/opentracing/contrib/opentracing-tracerresolver/0.1.5/opentracing-tracerresolver-0.1.5.jar:/home/user/.m2/repository/io/opentracing/opentracing-util/0.31.0/opentracing-util-0.31.0.jar:/home/user/.m2/repository/io/opentracing/opentracing-api/0.31.0/opentracing-api-0.31.0.jar:/home/user/.m2/repository/io/opentracing/opentracing-noop/0.31.0/opentracing-noop-0.31.0.jar:/home/user/.m2/repository/org/apache/hadoop/hadoop-hdds-server-framework/0.5.0-SNAPSHOT/hadoop-hdds-server-framework-0.5.0-SNAPSHOT.jar:/home/user/.m2/repository/org/apache/hadoop/hadoop-hdds-container-service/0.5.0-SNAPSHOT/hadoop-hdds-container-service-0.5.0-SNAPSHOT.jar:/home/user/.m2/repository/org/apache/hadoop/hadoop-hdds-client/0.5.0-SNAPSHOT/hadoop-hdds-client-0.5.0-SNAPSHOT.jar:/home/user/.m2/repository/org/apache/hadoop/hadoop-hdds-tools/0.5.0-SNAPSHOT/hadoop-hdds-tools-0.5.0-SNAPSHOT.jar:/home/user/.m2/repository/org/apache/hadoop/hadoop-hdds-server-scm/0.5.0-SNAPSHOT/hadoop-hdds-server-scm-0.5.0-SNAPSHOT.jar:/home/user/.m2/repository/org/apache/hadoop/hadoop-hdds-docs/0.5.0-SNAPSHOT/hadoop-hdds-docs-0.5.0-SNAPSHOT.jar:/home/user/.m2/repository/io/dropwizard/metrics/metrics-core/3.2.4/metrics-core-3.2.4.jar:/home/user/.m2/repository/org/hamcrest/hamcrest-all/1.3/hamcrest-all-1.3.jar:/home/user/.m2/repository/org/bouncycastle/bcprov-jdk15on/1.60/bcprov-jdk15on-1.60.jar:/home/user/.m2/repository/info/picocli/picocli/3.9.6/picocli-3.9.6.jar:/home/user/.m2/repository/com/google/protobuf/protobuf-java/2.5.0/protobuf-java-2.5.0.jar:/home/user/.m2/repository/com/google/guava/guava/11.0.2/guava-11.0.2.jar:/home/user/.m2/repository/org/apache/hadoop/hadoop-ozone-ozone-manager/0.5.0-SNAPSHOT/hadoop-ozone-ozone-manager-0.5.0-SNAPSHOT.jar:/home/user/.m2/repository/org/apache/hadoop/hadoop-minikdc/3.2.0/hadoop-minikdc-3.2.0.jar:/home/user/.m2/repository/commons-io/commons-io/2.5/commons-io-2.5.jar:/home/user/.m2/repository/org/apache/kerby/kerb-simplekdc/1.0.1/kerb-simplekdc-1.0.1.jar:/home/user/.m2/repository/org/apache/kerby/kerb-client/1.0.1/kerb-client-1.0.1.jar:/home/user/.m2/repository/org/apache/kerby/kerby-config/1.0.1/kerby-config-1.0.1.jar:/home/user/.m2/repository/org/apache/kerby/kerb-core/1.0.1/kerb-core-1.0.1.jar:/home/user/.m2/repository/org/apache/kerby/kerby-pkix/1.0.1/kerby-pkix-1.0.1.jar:/home/user/.m2/repository/org/apache/kerby/kerby-asn1/1.0.1/kerby-asn1-1.0.1.jar:/home/user/.m2/repository/org/apache/kerby/kerby-util/1.0.1/kerby-util-1.0.1.jar:/home/user/.m2/repository/org/apache/kerby/kerb-common/1.0.1/kerb-common-1.0.1.jar:/home/user/.m2/repository/org/apache/kerby/kerb-crypto/1.0.1/kerb-crypto-1.0.1.jar:/home/user/.m2/repository/org/apache/kerby/kerb-util/1.0.1/kerb-util-1.0.1.jar:/home/user/.m2/repository/org/apache/kerby/token-provider/1.0.1/token-provider-1.0.1.jar:/home/user/.m2/repository/org/apache/kerby/kerb-admin/1.0.1/kerb-admin-1.0.1.jar:/home/user/.m2/repository/org/apache/kerby/kerb-server/1.0.1/kerb-server-1.0.1.jar:/home/user/.m2/repository/org/apache/kerby/kerb-identity/1.0.1/kerb-identity-1.0.1.jar:/home/user/.m2/repository/org/apache/kerby/kerby-xdr/1.0.1/kerby-xdr-1.0.1.jar:/home/user/.m2/repository/org/slf4j/slf4j-log4j12/1.7.25/slf4j-log4j12-1.7.25.jar:/home/user/.m2/repository/org/apache/hadoop/hadoop-ozone-s3gateway/0.5.0-SNAPSHOT/hadoop-ozone-s3gateway-0.5.0-SNAPSHOT.jar:/home/user/.m2/repository/org/jboss/weld/servlet/weld-servlet/2.4.7.Final/weld-servlet-2.4.7.Final.jar:/home/user/.m2/repository/org/glassfish/jersey/containers/jersey-container-servlet-core/2.27/jersey-container-servlet-core-2.27.jar:/home/user/.m2/repository/org/glassfish/hk2/external/javax.inject/2.5.0-b42/javax.inject-2.5.0-b42.jar:/home/user/.m2/repository/org/glassfish/jersey/core/jersey-common/2.27/jersey-common-2.27.jar:/home/user/.m2/repository/org/glassfish/hk2/osgi-resource-locator/1.0.1/osgi-resource-locator-1.0.1.jar:/home/user/.m2/repository/javax/ws/rs/javax.ws.rs-api/2.1/javax.ws.rs-api-2.1.jar:/home/user/.m2/repository/org/glassfish/jersey/ext/cdi/jersey-cdi1x/2.27/jersey-cdi1x-2.27.jar:/home/user/.m2/repository/org/glassfish/jersey/inject/jersey-hk2/2.27/jersey-hk2-2.27.jar:/home/user/.m2/repository/org/glassfish/hk2/hk2-locator/2.5.0-b42/hk2-locator-2.5.0-b42.jar:/home/user/.m2/repository/org/javassist/javassist/3.22.0-CR2/javassist-3.22.0-CR2.jar:/home/user/.m2/repository/org/glassfish/hk2/hk2-api/2.5.0/hk2-api-2.5.0.jar:/home/user/.m2/repository/org/glassfish/hk2/external/jakarta.inject/2.5.0/jakarta.inject-2.5.0.jar:/home/user/.m2/repository/org/glassfish/hk2/hk2-utils/2.5.0/hk2-utils-2.5.0.jar:/home/user/.m2/repository/jakarta/annotation/jakarta.annotation-api/1.3.4/jakarta.annotation-api-1.3.4.jar:/home/user/.m2/repository/org/glassfish/hk2/external/aopalliance-repackaged/2.5.0/aopalliance-repackaged-2.5.0.jar:/home/user/.m2/repository/com/fasterxml/jackson/dataformat/jackson-dataformat-xml/2.9.0/jackson-dataformat-xml-2.9.0.jar:/home/user/.m2/repository/com/fasterxml/jackson/core/jackson-core/2.9.9/jackson-core-2.9.9.jar:/home/user/.m2/repository/com/fasterxml/jackson/module/jackson-module-jaxb-annotations/2.9.9/jackson-module-jaxb-annotations-2.9.9.jar:/home/user/.m2/repository/javax/enterprise/cdi-api/1.2/cdi-api-1.2.jar:/home/user/.m2/repository/javax/el/javax.el-api/3.0.0/javax.el-api-3.0.0.jar:/home/user/.m2/repository/javax/interceptor/javax.interceptor-api/1.2/javax.interceptor-api-1.2.jar:/home/user/.m2/repository/javax/inject/javax.inject/1/javax.inject-1.jar:/home/user/.m2/repository/com/sun/xml/bind/jaxb-impl/2.3.0.1/jaxb-impl-2.3.0.1.jar:/home/user/.m2/repository/com/sun/xml/bind/jaxb-core/2.3.0.1/jaxb-core-2.3.0.1.jar:/home/user/.m2/repository/javax/xml/bind/jaxb-api/2.3.0/jaxb-api-2.3.0.jar:/home/user/.m2/repository/javax/activation/activation/1.1.1/activation-1.1.1.jar:/home/user/.m2/repository/org/apache/hadoop/hadoop-ozone-csi/0.5.0-SNAPSHOT/hadoop-ozone-csi-0.5.0-SNAPSHOT.jar:/home/user/.m2/repository/com/google/protobuf/protobuf-java-util/3.5.1/protobuf-java-util-3.5.1.jar:/home/user/.m2/repository/org/apache/hadoop/hadoop-hdds-config/0.5.0-SNAPSHOT/hadoop-hdds-config-0.5.0-SNAPSHOT.jar:/home/user/.m2/repository/io/grpc/grpc-netty/1.17.1/grpc-netty-1.17.1.jar:/home/user/.m2/repository/io/grpc/grpc-core/1.17.1/grpc-core-1.17.1.jar:/home/user/.m2/repository/io/grpc/grpc-context/1.17.1/grpc-context-1.17.1.jar:/home/user/.m2/repository/com/google/errorprone/error_prone_annotations/2.2.0/error_prone_annotations-2.2.0.jar:/home/user/.m2/repository/org/codehaus/mojo/animal-sniffer-annotations/1.17/animal-sniffer-annotations-1.17.jar:/home/user/.m2/repository/io/opencensus/opencensus-api/0.17.0/opencensus-api-0.17.0.jar:/home/user/.m2/repository/io/opencensus/opencensus-contrib-grpc-metrics/0.17.0/opencensus-contrib-grpc-metrics-0.17.0.jar:/home/user/.m2/repository/io/netty/netty-codec-http2/4.1.30.Final/netty-codec-http2-4.1.30.Final.jar:/home/user/.m2/repository/io/netty/netty-codec-http/4.1.30.Final/netty-codec-http-4.1.30.Final.jar:/home/user/.m2/repository/io/netty/netty-codec/4.1.30.Final/netty-codec-4.1.30.Final.jar:/home/user/.m2/repository/io/netty/netty-handler/4.1.30.Final/netty-handler-4.1.30.Final.jar:/home/user/.m2/repository/io/netty/netty-handler-proxy/4.1.30.Final/netty-handler-proxy-4.1.30.Final.jar:/home/user/.m2/repository/io/netty/netty-codec-socks/4.1.30.Final/netty-codec-socks-4.1.30.Final.jar:/home/user/.m2/repository/io/netty/netty-transport-native-epoll/4.1.30.Final/netty-transport-native-epoll-4.1.30.Final.jar:/home/user/.m2/repository/io/netty/netty-common/4.1.30.Final/netty-common-4.1.30.Final.jar:/home/user/.m2/repository/io/netty/netty-buffer/4.1.30.Final/netty-buffer-4.1.30.Final.jar:/home/user/.m2/repository/io/netty/netty-transport/4.1.30.Final/netty-transport-4.1.30.Final.jar:/home/user/.m2/repository/io/netty/netty-resolver/4.1.30.Final/netty-resolver-4.1.30.Final.jar:/home/user/.m2/repository/io/netty/netty-transport-native-unix-common/4.1.30.Final/netty-transport-native-unix-common-4.1.30.Final.jar:/home/user/.m2/repository/io/grpc/grpc-protobuf/1.17.1/grpc-protobuf-1.17.1.jar:/home/user/.m2/repository/com/google/api/grpc/proto-google-common-protos/1.0.0/proto-google-common-protos-1.0.0.jar:/home/user/.m2/repository/io/grpc/grpc-protobuf-lite/1.17.1/grpc-protobuf-lite-1.17.1.jar:/home/user/.m2/repository/io/grpc/grpc-stub/1.17.1/grpc-stub-1.17.1.jar:/home/user/.m2/repository/org/apache/hadoop/hadoop-ozone-recon/0.5.0-SNAPSHOT/hadoop-ozone-recon-0.5.0-SNAPSHOT.jar:/home/user/.m2/repository/org/apache/hadoop/hadoop-ozone-reconcodegen/0.5.0-SNAPSHOT/hadoop-ozone-reconcodegen-0.5.0-SNAPSHOT.jar:/home/user/.m2/repository/com/google/inject/extensions/guice-multibindings/4.0/guice-multibindings-4.0.jar:/home/user/.m2/repository/com/google/inject/guice/4.0/guice-4.0.jar:/home/user/.m2/repository/aopalliance/aopalliance/1.0/aopalliance-1.0.jar:/home/user/.m2/repository/com/google/inject/extensions/guice-servlet/4.0/guice-servlet-4.0.jar:/home/user/.m2/repository/org/glassfish/jersey/containers/jersey-container-servlet/2.27/jersey-container-servlet-2.27.jar:/home/user/.m2/repository/org/glassfish/hk2/guice-bridge/2.5.0/guice-bridge-2.5.0.jar:/home/user/.m2/repository/org/glassfish/jersey/core/jersey-server/2.27/jersey-server-2.27.jar:/home/user/.m2/repository/org/glassfish/jersey/core/jersey-client/2.27/jersey-client-2.27.jar:/home/user/.m2/repository/org/glassfish/jersey/media/jersey-media-jaxb/2.27/jersey-media-jaxb-2.27.jar:/home/user/.m2/repository/javax/validation/validation-api/1.1.0.Final/validation-api-1.1.0.Final.jar:/home/user/.m2/repository/org/glassfish/jersey/media/jersey-media-json-jackson/2.27/jersey-media-json-jackson-2.27.jar:/home/user/.m2/repository/org/glassfish/jersey/ext/jersey-entity-filtering/2.27/jersey-entity-filtering-2.27.jar:/home/user/.m2/repository/com/google/inject/extensions/guice-assistedinject/4.0/guice-assistedinject-4.0.jar:/home/user/.m2/repository/org/jooq/jooq/3.11.10/jooq-3.11.10.jar:/home/user/.m2/repository/org/jooq/jooq-meta/3.11.10/jooq-meta-3.11.10.jar:/home/user/.m2/repository/org/jooq/jooq-codegen/3.11.10/jooq-codegen-3.11.10.jar:/home/user/.m2/repository/com/jolbox/bonecp/0.8.0.RELEASE/bonecp-0.8.0.RELEASE.jar:/home/user/.m2/repository/org/xerial/sqlite-jdbc/3.25.2/sqlite-jdbc-3.25.2.jar:/home/user/.m2/repository/org/springframework/spring-jdbc/5.1.3.RELEASE/spring-jdbc-5.1.3.RELEASE.jar:/home/user/.m2/repository/org/springframework/spring-beans/5.1.3.RELEASE/spring-beans-5.1.3.RELEASE.jar:/home/user/.m2/repository/org/springframework/spring-core/5.1.3.RELEASE/spring-core-5.1.3.RELEASE.jar:/home/user/.m2/repository/org/springframework/spring-jcl/5.1.3.RELEASE/spring-jcl-5.1.3.RELEASE.jar:/home/user/.m2/repository/org/springframework/spring-tx/5.1.3.RELEASE/spring-tx-5.1.3.RELEASE.jar:/home/user/.m2/repository/org/apache/hadoop/hadoop-ozone-client/0.5.0-SNAPSHOT/hadoop-ozone-client-0.5.0-SNAPSHOT.jar:/home/user/.m2/repository/commons-lang/commons-lang/2.6/commons-lang-2.6.jar:/home/user/.m2/repository/org/apache/hadoop/hadoop-ozone-ozone-manager/0.5.0-SNAPSHOT/hadoop-ozone-ozone-manager-0.5.0-SNAPSHOT-tests.jar:/home/user/.m2/repository/junit/junit/4.11/junit-4.11.jar:/home/user/.m2/repository/org/hamcrest/hamcrest-core/1.3/hamcrest-core-1.3.jar:/home/user/.m2/repository/org/openjdk/jmh/jmh-core/1.19/jmh-core-1.19.jar:/home/user/.m2/repository/net/sf/jopt-simple/jopt-simple/4.6/jopt-simple-4.6.jar:/home/user/.m2/repository/org/apache/commons/commons-math3/3.1.1/commons-math3-3.1.1.jar:/home/user/.m2/repository/org/openjdk/jmh/jmh-generator-annprocess/1.19/jmh-generator-annprocess-1.19.jar:/home/user/.m2/repository/org/mockito/mockito-all/1.8.5/mockito-all-1.8.5.jar:/home/user/.m2/repository/org/apache/hadoop/hadoop-kms/3.2.0/hadoop-kms-3.2.0.jar:/home/user/.m2/repository/org/apache/hadoop/hadoop-auth/3.2.0/hadoop-auth-3.2.0.jar:/home/user/.m2/repository/com/nimbusds/nimbus-jose-jwt/4.41.1/nimbus-jose-jwt-4.41.1.jar:/home/user/.m2/repository/com/github/stephenc/jcip/jcip-annotations/1.0-1/jcip-annotations-1.0-1.jar:/home/user/.m2/repository/net/minidev/json-smart/2.3/json-smart-2.3.jar:/home/user/.m2/repository/net/minidev/accessors-smart/1.2/accessors-smart-1.2.jar:/home/user/.m2/repository/org/ow2/asm/asm/5.0.4/asm-5.0.4.jar:/home/user/.m2/repository/org/apache/curator/curator-framework/2.12.0/curator-framework-2.12.0.jar:/home/user/.m2/repository/com/sun/jersey/jersey-core/1.19/jersey-core-1.19.jar:/home/user/.m2/repository/javax/ws/rs/jsr311-api/1.1.1/jsr311-api-1.1.1.jar:/home/user/.m2/repository/com/sun/jersey/jersey-server/1.19/jersey-server-1.19.jar:/home/user/.m2/repository/javax/servlet/javax.servlet-api/3.1.0/javax.servlet-api-3.1.0.jar:/home/user/.m2/repository/org/eclipse/jetty/jetty-server/9.3.25.v20180904/jetty-server-9.3.25.v20180904.jar:/home/user/.m2/repository/org/eclipse/jetty/jetty-http/9.3.25.v20180904/jetty-http-9.3.25.v20180904.jar:/home/user/.m2/repository/org/eclipse/jetty/jetty-io/9.3.25.v20180904/jetty-io-9.3.25.v20180904.jar:/home/user/.m2/repository/org/eclipse/jetty/jetty-webapp/9.3.25.v20180904/jetty-webapp-9.3.25.v20180904.jar:/home/user/.m2/repository/org/eclipse/jetty/jetty-xml/9.3.25.v20180904/jetty-xml-9.3.25.v20180904.jar:/home/user/.m2/repository/log4j/log4j/1.2.17/log4j-1.2.17.jar:/home/user/.m2/repository/org/slf4j/slf4j-api/1.7.25/slf4j-api-1.7.25.jar:/home/user/.m2/repository/org/slf4j/jul-to-slf4j/1.7.25/jul-to-slf4j-1.7.25.jar:/home/user/.m2/repository/org/eclipse/jetty/jetty-util/9.3.25.v20180904/jetty-util-9.3.25.v20180904.jar:/home/user/.m2/repository/com/fasterxml/jackson/core/jackson-databind/2.9.9/jackson-databind-2.9.9.jar:/home/user/.m2/repository/org/apache/hadoop/hadoop-kms/3.2.0/hadoop-kms-3.2.0-tests.jar:/home/user/.m2/repository/org/apache/hadoop/hadoop-hdds-server-scm/0.5.0-SNAPSHOT/hadoop-hdds-server-scm-0.5.0-SNAPSHOT-tests.jar:/home/user/.m2/repository/org/apache/hadoop/hadoop-hdds-container-service/0.5.0-SNAPSHOT/hadoop-hdds-container-service-0.5.0-SNAPSHOT-tests.jar:/home/user/.m2/repository/org/yaml/snakeyaml/1.16/snakeyaml-1.16.jar:/home/user/.m2/repository/org/apache/hadoop/hadoop-common/3.2.0/hadoop-common-3.2.0-tests.jar:/home/user/.m2/repository/org/apache/hadoop/hadoop-annotations/3.2.0/hadoop-annotations-3.2.0.jar:/usr/lib/jvm/java-1.8-openjdk/jre/../lib/tools.jar:/home/user/.m2/repository/commons-cli/commons-cli/1.2/commons-cli-1.2.jar:/home/user/.m2/repository/org/apache/httpcomponents/httpclient/4.5.2/httpclient-4.5.2.jar:/home/user/.m2/repository/org/apache/httpcomponents/httpcore/4.4.4/httpcore-4.4.4.jar:/home/user/.m2/repository/commons-codec/commons-codec/1.11/commons-codec-1.11.jar:/home/user/.m2/repository/commons-net/commons-net/3.6/commons-net-3.6.jar:/home/user/.m2/repository/commons-collections/commons-collections/3.2.2/commons-collections-3.2.2.jar:/home/user/.m2/repository/org/eclipse/jetty/jetty-servlet/9.3.25.v20180904/jetty-servlet-9.3.25.v20180904.jar:/home/user/.m2/repository/org/eclipse/jetty/jetty-security/9.3.25.v20180904/jetty-security-9.3.25.v20180904.jar:/home/user/.m2/repository/javax/servlet/jsp/jsp-api/2.1/jsp-api-2.1.jar:/home/user/.m2/repository/com/sun/jersey/jersey-servlet/1.19/jersey-servlet-1.19.jar:/home/user/.m2/repository/com/sun/jersey/jersey-json/1.19/jersey-json-1.19.jar:/home/user/.m2/repository/org/codehaus/jettison/jettison/1.1/jettison-1.1.jar:/home/user/.m2/repository/org/codehaus/jackson/jackson-core-asl/1.9.13/jackson-core-asl-1.9.13.jar:/home/user/.m2/repository/org/codehaus/jackson/jackson-mapper-asl/1.9.13/jackson-mapper-asl-1.9.13.jar:/home/user/.m2/repository/org/codehaus/jackson/jackson-jaxrs/1.9.13/jackson-jaxrs-1.9.13.jar:/home/user/.m2/repository/org/codehaus/jackson/jackson-xc/1.9.13/jackson-xc-1.9.13.jar:/home/user/.m2/repository/commons-logging/commons-logging/1.1.3/commons-logging-1.1.3.jar:/home/user/.m2/repository/commons-beanutils/commons-beanutils/1.9.4/commons-beanutils-1.9.4.jar:/home/user/.m2/repository/org/apache/commons/commons-configuration2/2.1.1/commons-configuration2-2.1.1.jar:/home/user/.m2/repository/org/apache/commons/commons-lang3/3.7/commons-lang3-3.7.jar:/home/user/.m2/repository/org/apache/commons/commons-text/1.4/commons-text-1.4.jar:/home/user/.m2/repository/org/apache/avro/avro/1.7.7/avro-1.7.7.jar:/home/user/.m2/repository/com/thoughtworks/paranamer/paranamer/2.3/paranamer-2.3.jar:/home/user/.m2/repository/org/xerial/snappy/snappy-java/1.0.5/snappy-java-1.0.5.jar:/home/user/.m2/repository/com/google/re2j/re2j/1.1/re2j-1.1.jar:/home/user/.m2/repository/com/google/code/gson/gson/2.2.4/gson-2.2.4.jar:/home/user/.m2/repository/com/jcraft/jsch/0.1.54/jsch-0.1.54.jar:/home/user/.m2/repository/org/apache/curator/curator-client/2.12.0/curator-client-2.12.0.jar:/home/user/.m2/repository/org/apache/curator/curator-recipes/2.12.0/curator-recipes-2.12.0.jar:/home/user/.m2/repository/com/google/code/findbugs/jsr305/3.0.0/jsr305-3.0.0.jar:/home/user/.m2/repository/org/apache/htrace/htrace-core4/4.1.0-incubating/htrace-core4-4.1.0-incubating.jar:/home/user/.m2/repository/org/apache/zookeeper/zookeeper/3.4.13/zookeeper-3.4.13.jar:/home/user/.m2/repository/jline/jline/0.9.94/jline-0.9.94.jar:/home/user/.m2/repository/org/apache/yetus/audience-annotations/0.5.0/audience-annotations-0.5.0.jar:/home/user/.m2/repository/org/codehaus/woodstox/stax2-api/3.1.4/stax2-api-3.1.4.jar:/home/user/.m2/repository/com/fasterxml/woodstox/woodstox-core/5.0.3/woodstox-core-5.0.3.jar:/home/user/.m2/repository/dnsjava/dnsjava/2.1.7/dnsjava-2.1.7.jar:/home/user/.m2/repository/org/apache/hadoop/hadoop-hdfs/3.2.0/hadoop-hdfs-3.2.0-tests.jar:/home/user/.m2/repository/org/eclipse/jetty/jetty-util-ajax/9.3.25.v20180904/jetty-util-ajax-9.3.25.v20180904.jar:/home/user/.m2/repository/commons-daemon/commons-daemon/1.0.13/commons-daemon-1.0.13.jar:/home/user/.m2/repository/io/netty/netty/3.10.5.Final/netty-3.10.5.Final.jar:/home/user/.m2/repository/io/netty/netty-all/4.0.52.Final/netty-all-4.0.52.Final.jar:/home/user/.m2/repository/org/fusesource/leveldbjni/leveldbjni-all/1.8/leveldbjni-all-1.8.jar:"/>
    <property name="java.vm.vendor" value="IcedTea"/>
    <property name="sun.arch.data.model" value="64"/>
    <property name="test.build.dir" value="/workdir/hadoop-ozone/integration-test/target/test-dir"/>
    <property name="test.cache.data" value=""/>
    <property name="java.vendor.url" value="https://icedtea.classpath.org"/>
    <property name="user.timezone" value=""/>
    <property name="java.vm.specification.version" value="1.8"/>
    <property name="os.name" value="Linux"/>
    <property name="test.build.data" value="/workdir/hadoop-ozone/integration-test/target/test-dir"/>
    <property name="user.country" value="US"/>
    <property name="sun.java.launcher" value="SUN_STANDARD"/>
    <property name="sun.boot.library.path" value="/usr/lib/jvm/java-1.8-openjdk/jre/lib/amd64"/>
    <property name="sun.java.command" value="/workdir/hadoop-ozone/integration-test/target/surefire/surefirebooter7074421342921506622.jar /workdir/hadoop-ozone/integration-test/target/surefire 2019-10-08T02-54-32_702-jvmRun1 surefire4642537730479790016tmp surefire_647797958248190436532tmp"/>
    <property name="test" value="!TestMiniChaosOzoneCluster"/>
    <property name="surefire.test.class.path" value="/workdir/hadoop-ozone/integration-test/target/test-classes:/workdir/hadoop-ozone/integration-test/target/classes:/home/user/.m2/repository/org/apache/hadoop/hadoop-ozone-common/0.5.0-SNAPSHOT/hadoop-ozone-common-0.5.0-SNAPSHOT.jar:/home/user/.m2/repository/org/apache/commons/commons-compress/1.4.1/commons-compress-1.4.1.jar:/home/user/.m2/repository/org/tukaani/xz/1.0/xz-1.0.jar:/home/user/.m2/repository/org/apache/hadoop/hadoop-common/3.2.0/hadoop-common-3.2.0.jar:/home/user/.m2/repository/org/apache/hadoop/hadoop-hdfs/3.2.0/hadoop-hdfs-3.2.0.jar:/home/user/.m2/repository/org/apache/hadoop/hadoop-hdfs-client/3.2.0/hadoop-hdfs-client-3.2.0.jar:/home/user/.m2/repository/com/fasterxml/jackson/core/jackson-annotations/2.9.9/jackson-annotations-2.9.9.jar:/home/user/.m2/repository/org/apache/hadoop/hadoop-hdds-common/0.5.0-SNAPSHOT/hadoop-hdds-common-0.5.0-SNAPSHOT.jar:/home/user/.m2/repository/javax/annotation/javax.annotation-api/1.2/javax.annotation-api-1.2.jar:/home/user/.m2/repository/org/apache/ratis/ratis-server/0.5.0-201fc85-SNAPSHOT/ratis-server-0.5.0-201fc85-SNAPSHOT.jar:/home/user/.m2/repository/org/apache/ratis/ratis-thirdparty-misc/0.2.0/ratis-thirdparty-misc-0.2.0.jar:/home/user/.m2/repository/org/apache/ratis/ratis-proto/0.5.0-201fc85-SNAPSHOT/ratis-proto-0.5.0-201fc85-SNAPSHOT.jar:/home/user/.m2/repository/org/apache/ratis/ratis-common/0.5.0-201fc85-SNAPSHOT/ratis-common-0.5.0-201fc85-SNAPSHOT.jar:/home/user/.m2/repository/org/apache/ratis/ratis-client/0.5.0-201fc85-SNAPSHOT/ratis-client-0.5.0-201fc85-SNAPSHOT.jar:/home/user/.m2/repository/org/apache/ratis/ratis-metrics/0.5.0-201fc85-SNAPSHOT/ratis-metrics-0.5.0-201fc85-SNAPSHOT.jar:/home/user/.m2/repository/com/github/joshelser/dropwizard-metrics-hadoop-metrics2-reporter/0.1.2/dropwizard-metrics-hadoop-metrics2-reporter-0.1.2.jar:/home/user/.m2/repository/io/dropwizard/metrics/metrics-jvm/3.2.5/metrics-jvm-3.2.5.jar:/home/user/.m2/repository/io/dropwizard/metrics/metrics-ganglia/3.2.5/metrics-ganglia-3.2.5.jar:/home/user/.m2/repository/info/ganglia/gmetric4j/gmetric4j/1.0.7/gmetric4j-1.0.7.jar:/home/user/.m2/repository/org/apache/ratis/ratis-netty/0.5.0-201fc85-SNAPSHOT/ratis-netty-0.5.0-201fc85-SNAPSHOT.jar:/home/user/.m2/repository/org/apache/ratis/ratis-grpc/0.5.0-201fc85-SNAPSHOT/ratis-grpc-0.5.0-201fc85-SNAPSHOT.jar:/home/user/.m2/repository/org/rocksdb/rocksdbjni/6.0.1/rocksdbjni-6.0.1.jar:/home/user/.m2/repository/org/apache/logging/log4j/log4j-api/2.11.0/log4j-api-2.11.0.jar:/home/user/.m2/repository/org/apache/logging/log4j/log4j-core/2.11.0/log4j-core-2.11.0.jar:/home/user/.m2/repository/com/lmax/disruptor/3.4.2/disruptor-3.4.2.jar:/home/user/.m2/repository/org/apache/commons/commons-pool2/2.6.0/commons-pool2-2.6.0.jar:/home/user/.m2/repository/org/bouncycastle/bcpkix-jdk15on/1.60/bcpkix-jdk15on-1.60.jar:/home/user/.m2/repository/commons-validator/commons-validator/1.6/commons-validator-1.6.jar:/home/user/.m2/repository/commons-digester/commons-digester/1.8.1/commons-digester-1.8.1.jar:/home/user/.m2/repository/io/jaegertracing/jaeger-client/0.34.0/jaeger-client-0.34.0.jar:/home/user/.m2/repository/io/jaegertracing/jaeger-thrift/0.34.0/jaeger-thrift-0.34.0.jar:/home/user/.m2/repository/org/apache/thrift/libthrift/0.12.0/libthrift-0.12.0.jar:/home/user/.m2/repository/com/squareup/okhttp3/okhttp/3.9.0/okhttp-3.9.0.jar:/home/user/.m2/repository/com/squareup/okio/okio/1.13.0/okio-1.13.0.jar:/home/user/.m2/repository/io/jaegertracing/jaeger-core/0.34.0/jaeger-core-0.34.0.jar:/home/user/.m2/repository/io/jaegertracing/jaeger-tracerresolver/0.34.0/jaeger-tracerresolver-0.34.0.jar:/home/user/.m2/repository/io/opentracing/contrib/opentracing-tracerresolver/0.1.5/opentracing-tracerresolver-0.1.5.jar:/home/user/.m2/repository/io/opentracing/opentracing-util/0.31.0/opentracing-util-0.31.0.jar:/home/user/.m2/repository/io/opentracing/opentracing-api/0.31.0/opentracing-api-0.31.0.jar:/home/user/.m2/repository/io/opentracing/opentracing-noop/0.31.0/opentracing-noop-0.31.0.jar:/home/user/.m2/repository/org/apache/hadoop/hadoop-hdds-server-framework/0.5.0-SNAPSHOT/hadoop-hdds-server-framework-0.5.0-SNAPSHOT.jar:/home/user/.m2/repository/org/apache/hadoop/hadoop-hdds-container-service/0.5.0-SNAPSHOT/hadoop-hdds-container-service-0.5.0-SNAPSHOT.jar:/home/user/.m2/repository/org/apache/hadoop/hadoop-hdds-client/0.5.0-SNAPSHOT/hadoop-hdds-client-0.5.0-SNAPSHOT.jar:/home/user/.m2/repository/org/apache/hadoop/hadoop-hdds-tools/0.5.0-SNAPSHOT/hadoop-hdds-tools-0.5.0-SNAPSHOT.jar:/home/user/.m2/repository/org/apache/hadoop/hadoop-hdds-server-scm/0.5.0-SNAPSHOT/hadoop-hdds-server-scm-0.5.0-SNAPSHOT.jar:/home/user/.m2/repository/org/apache/hadoop/hadoop-hdds-docs/0.5.0-SNAPSHOT/hadoop-hdds-docs-0.5.0-SNAPSHOT.jar:/home/user/.m2/repository/io/dropwizard/metrics/metrics-core/3.2.4/metrics-core-3.2.4.jar:/home/user/.m2/repository/org/hamcrest/hamcrest-all/1.3/hamcrest-all-1.3.jar:/home/user/.m2/repository/org/bouncycastle/bcprov-jdk15on/1.60/bcprov-jdk15on-1.60.jar:/home/user/.m2/repository/info/picocli/picocli/3.9.6/picocli-3.9.6.jar:/home/user/.m2/repository/com/google/protobuf/protobuf-java/2.5.0/protobuf-java-2.5.0.jar:/home/user/.m2/repository/com/google/guava/guava/11.0.2/guava-11.0.2.jar:/home/user/.m2/repository/org/apache/hadoop/hadoop-ozone-ozone-manager/0.5.0-SNAPSHOT/hadoop-ozone-ozone-manager-0.5.0-SNAPSHOT.jar:/home/user/.m2/repository/org/apache/hadoop/hadoop-minikdc/3.2.0/hadoop-minikdc-3.2.0.jar:/home/user/.m2/repository/commons-io/commons-io/2.5/commons-io-2.5.jar:/home/user/.m2/repository/org/apache/kerby/kerb-simplekdc/1.0.1/kerb-simplekdc-1.0.1.jar:/home/user/.m2/repository/org/apache/kerby/kerb-client/1.0.1/kerb-client-1.0.1.jar:/home/user/.m2/repository/org/apache/kerby/kerby-config/1.0.1/kerby-config-1.0.1.jar:/home/user/.m2/repository/org/apache/kerby/kerb-core/1.0.1/kerb-core-1.0.1.jar:/home/user/.m2/repository/org/apache/kerby/kerby-pkix/1.0.1/kerby-pkix-1.0.1.jar:/home/user/.m2/repository/org/apache/kerby/kerby-asn1/1.0.1/kerby-asn1-1.0.1.jar:/home/user/.m2/repository/org/apache/kerby/kerby-util/1.0.1/kerby-util-1.0.1.jar:/home/user/.m2/repository/org/apache/kerby/kerb-common/1.0.1/kerb-common-1.0.1.jar:/home/user/.m2/repository/org/apache/kerby/kerb-crypto/1.0.1/kerb-crypto-1.0.1.jar:/home/user/.m2/repository/org/apache/kerby/kerb-util/1.0.1/kerb-util-1.0.1.jar:/home/user/.m2/repository/org/apache/kerby/token-provider/1.0.1/token-provider-1.0.1.jar:/home/user/.m2/repository/org/apache/kerby/kerb-admin/1.0.1/kerb-admin-1.0.1.jar:/home/user/.m2/repository/org/apache/kerby/kerb-server/1.0.1/kerb-server-1.0.1.jar:/home/user/.m2/repository/org/apache/kerby/kerb-identity/1.0.1/kerb-identity-1.0.1.jar:/home/user/.m2/repository/org/apache/kerby/kerby-xdr/1.0.1/kerby-xdr-1.0.1.jar:/home/user/.m2/repository/org/slf4j/slf4j-log4j12/1.7.25/slf4j-log4j12-1.7.25.jar:/home/user/.m2/repository/org/apache/hadoop/hadoop-ozone-s3gateway/0.5.0-SNAPSHOT/hadoop-ozone-s3gateway-0.5.0-SNAPSHOT.jar:/home/user/.m2/repository/org/jboss/weld/servlet/weld-servlet/2.4.7.Final/weld-servlet-2.4.7.Final.jar:/home/user/.m2/repository/org/glassfish/jersey/containers/jersey-container-servlet-core/2.27/jersey-container-servlet-core-2.27.jar:/home/user/.m2/repository/org/glassfish/hk2/external/javax.inject/2.5.0-b42/javax.inject-2.5.0-b42.jar:/home/user/.m2/repository/org/glassfish/jersey/core/jersey-common/2.27/jersey-common-2.27.jar:/home/user/.m2/repository/org/glassfish/hk2/osgi-resource-locator/1.0.1/osgi-resource-locator-1.0.1.jar:/home/user/.m2/repository/javax/ws/rs/javax.ws.rs-api/2.1/javax.ws.rs-api-2.1.jar:/home/user/.m2/repository/org/glassfish/jersey/ext/cdi/jersey-cdi1x/2.27/jersey-cdi1x-2.27.jar:/home/user/.m2/repository/org/glassfish/jersey/inject/jersey-hk2/2.27/jersey-hk2-2.27.jar:/home/user/.m2/repository/org/glassfish/hk2/hk2-locator/2.5.0-b42/hk2-locator-2.5.0-b42.jar:/home/user/.m2/repository/org/javassist/javassist/3.22.0-CR2/javassist-3.22.0-CR2.jar:/home/user/.m2/repository/org/glassfish/hk2/hk2-api/2.5.0/hk2-api-2.5.0.jar:/home/user/.m2/repository/org/glassfish/hk2/external/jakarta.inject/2.5.0/jakarta.inject-2.5.0.jar:/home/user/.m2/repository/org/glassfish/hk2/hk2-utils/2.5.0/hk2-utils-2.5.0.jar:/home/user/.m2/repository/jakarta/annotation/jakarta.annotation-api/1.3.4/jakarta.annotation-api-1.3.4.jar:/home/user/.m2/repository/org/glassfish/hk2/external/aopalliance-repackaged/2.5.0/aopalliance-repackaged-2.5.0.jar:/home/user/.m2/repository/com/fasterxml/jackson/dataformat/jackson-dataformat-xml/2.9.0/jackson-dataformat-xml-2.9.0.jar:/home/user/.m2/repository/com/fasterxml/jackson/core/jackson-core/2.9.9/jackson-core-2.9.9.jar:/home/user/.m2/repository/com/fasterxml/jackson/module/jackson-module-jaxb-annotations/2.9.9/jackson-module-jaxb-annotations-2.9.9.jar:/home/user/.m2/repository/javax/enterprise/cdi-api/1.2/cdi-api-1.2.jar:/home/user/.m2/repository/javax/el/javax.el-api/3.0.0/javax.el-api-3.0.0.jar:/home/user/.m2/repository/javax/interceptor/javax.interceptor-api/1.2/javax.interceptor-api-1.2.jar:/home/user/.m2/repository/javax/inject/javax.inject/1/javax.inject-1.jar:/home/user/.m2/repository/com/sun/xml/bind/jaxb-impl/2.3.0.1/jaxb-impl-2.3.0.1.jar:/home/user/.m2/repository/com/sun/xml/bind/jaxb-core/2.3.0.1/jaxb-core-2.3.0.1.jar:/home/user/.m2/repository/javax/xml/bind/jaxb-api/2.3.0/jaxb-api-2.3.0.jar:/home/user/.m2/repository/javax/activation/activation/1.1.1/activation-1.1.1.jar:/home/user/.m2/repository/org/apache/hadoop/hadoop-ozone-csi/0.5.0-SNAPSHOT/hadoop-ozone-csi-0.5.0-SNAPSHOT.jar:/home/user/.m2/repository/com/google/protobuf/protobuf-java-util/3.5.1/protobuf-java-util-3.5.1.jar:/home/user/.m2/repository/org/apache/hadoop/hadoop-hdds-config/0.5.0-SNAPSHOT/hadoop-hdds-config-0.5.0-SNAPSHOT.jar:/home/user/.m2/repository/io/grpc/grpc-netty/1.17.1/grpc-netty-1.17.1.jar:/home/user/.m2/repository/io/grpc/grpc-core/1.17.1/grpc-core-1.17.1.jar:/home/user/.m2/repository/io/grpc/grpc-context/1.17.1/grpc-context-1.17.1.jar:/home/user/.m2/repository/com/google/errorprone/error_prone_annotations/2.2.0/error_prone_annotations-2.2.0.jar:/home/user/.m2/repository/org/codehaus/mojo/animal-sniffer-annotations/1.17/animal-sniffer-annotations-1.17.jar:/home/user/.m2/repository/io/opencensus/opencensus-api/0.17.0/opencensus-api-0.17.0.jar:/home/user/.m2/repository/io/opencensus/opencensus-contrib-grpc-metrics/0.17.0/opencensus-contrib-grpc-metrics-0.17.0.jar:/home/user/.m2/repository/io/netty/netty-codec-http2/4.1.30.Final/netty-codec-http2-4.1.30.Final.jar:/home/user/.m2/repository/io/netty/netty-codec-http/4.1.30.Final/netty-codec-http-4.1.30.Final.jar:/home/user/.m2/repository/io/netty/netty-codec/4.1.30.Final/netty-codec-4.1.30.Final.jar:/home/user/.m2/repository/io/netty/netty-handler/4.1.30.Final/netty-handler-4.1.30.Final.jar:/home/user/.m2/repository/io/netty/netty-handler-proxy/4.1.30.Final/netty-handler-proxy-4.1.30.Final.jar:/home/user/.m2/repository/io/netty/netty-codec-socks/4.1.30.Final/netty-codec-socks-4.1.30.Final.jar:/home/user/.m2/repository/io/netty/netty-transport-native-epoll/4.1.30.Final/netty-transport-native-epoll-4.1.30.Final.jar:/home/user/.m2/repository/io/netty/netty-common/4.1.30.Final/netty-common-4.1.30.Final.jar:/home/user/.m2/repository/io/netty/netty-buffer/4.1.30.Final/netty-buffer-4.1.30.Final.jar:/home/user/.m2/repository/io/netty/netty-transport/4.1.30.Final/netty-transport-4.1.30.Final.jar:/home/user/.m2/repository/io/netty/netty-resolver/4.1.30.Final/netty-resolver-4.1.30.Final.jar:/home/user/.m2/repository/io/netty/netty-transport-native-unix-common/4.1.30.Final/netty-transport-native-unix-common-4.1.30.Final.jar:/home/user/.m2/repository/io/grpc/grpc-protobuf/1.17.1/grpc-protobuf-1.17.1.jar:/home/user/.m2/repository/com/google/api/grpc/proto-google-common-protos/1.0.0/proto-google-common-protos-1.0.0.jar:/home/user/.m2/repository/io/grpc/grpc-protobuf-lite/1.17.1/grpc-protobuf-lite-1.17.1.jar:/home/user/.m2/repository/io/grpc/grpc-stub/1.17.1/grpc-stub-1.17.1.jar:/home/user/.m2/repository/org/apache/hadoop/hadoop-ozone-recon/0.5.0-SNAPSHOT/hadoop-ozone-recon-0.5.0-SNAPSHOT.jar:/home/user/.m2/repository/org/apache/hadoop/hadoop-ozone-reconcodegen/0.5.0-SNAPSHOT/hadoop-ozone-reconcodegen-0.5.0-SNAPSHOT.jar:/home/user/.m2/repository/com/google/inject/extensions/guice-multibindings/4.0/guice-multibindings-4.0.jar:/home/user/.m2/repository/com/google/inject/guice/4.0/guice-4.0.jar:/home/user/.m2/repository/aopalliance/aopalliance/1.0/aopalliance-1.0.jar:/home/user/.m2/repository/com/google/inject/extensions/guice-servlet/4.0/guice-servlet-4.0.jar:/home/user/.m2/repository/org/glassfish/jersey/containers/jersey-container-servlet/2.27/jersey-container-servlet-2.27.jar:/home/user/.m2/repository/org/glassfish/hk2/guice-bridge/2.5.0/guice-bridge-2.5.0.jar:/home/user/.m2/repository/org/glassfish/jersey/core/jersey-server/2.27/jersey-server-2.27.jar:/home/user/.m2/repository/org/glassfish/jersey/core/jersey-client/2.27/jersey-client-2.27.jar:/home/user/.m2/repository/org/glassfish/jersey/media/jersey-media-jaxb/2.27/jersey-media-jaxb-2.27.jar:/home/user/.m2/repository/javax/validation/validation-api/1.1.0.Final/validation-api-1.1.0.Final.jar:/home/user/.m2/repository/org/glassfish/jersey/media/jersey-media-json-jackson/2.27/jersey-media-json-jackson-2.27.jar:/home/user/.m2/repository/org/glassfish/jersey/ext/jersey-entity-filtering/2.27/jersey-entity-filtering-2.27.jar:/home/user/.m2/repository/com/google/inject/extensions/guice-assistedinject/4.0/guice-assistedinject-4.0.jar:/home/user/.m2/repository/org/jooq/jooq/3.11.10/jooq-3.11.10.jar:/home/user/.m2/repository/org/jooq/jooq-meta/3.11.10/jooq-meta-3.11.10.jar:/home/user/.m2/repository/org/jooq/jooq-codegen/3.11.10/jooq-codegen-3.11.10.jar:/home/user/.m2/repository/com/jolbox/bonecp/0.8.0.RELEASE/bonecp-0.8.0.RELEASE.jar:/home/user/.m2/repository/org/xerial/sqlite-jdbc/3.25.2/sqlite-jdbc-3.25.2.jar:/home/user/.m2/repository/org/springframework/spring-jdbc/5.1.3.RELEASE/spring-jdbc-5.1.3.RELEASE.jar:/home/user/.m2/repository/org/springframework/spring-beans/5.1.3.RELEASE/spring-beans-5.1.3.RELEASE.jar:/home/user/.m2/repository/org/springframework/spring-core/5.1.3.RELEASE/spring-core-5.1.3.RELEASE.jar:/home/user/.m2/repository/org/springframework/spring-jcl/5.1.3.RELEASE/spring-jcl-5.1.3.RELEASE.jar:/home/user/.m2/repository/org/springframework/spring-tx/5.1.3.RELEASE/spring-tx-5.1.3.RELEASE.jar:/home/user/.m2/repository/org/apache/hadoop/hadoop-ozone-client/0.5.0-SNAPSHOT/hadoop-ozone-client-0.5.0-SNAPSHOT.jar:/home/user/.m2/repository/commons-lang/commons-lang/2.6/commons-lang-2.6.jar:/home/user/.m2/repository/org/apache/hadoop/hadoop-ozone-ozone-manager/0.5.0-SNAPSHOT/hadoop-ozone-ozone-manager-0.5.0-SNAPSHOT-tests.jar:/home/user/.m2/repository/junit/junit/4.11/junit-4.11.jar:/home/user/.m2/repository/org/hamcrest/hamcrest-core/1.3/hamcrest-core-1.3.jar:/home/user/.m2/repository/org/openjdk/jmh/jmh-core/1.19/jmh-core-1.19.jar:/home/user/.m2/repository/net/sf/jopt-simple/jopt-simple/4.6/jopt-simple-4.6.jar:/home/user/.m2/repository/org/apache/commons/commons-math3/3.1.1/commons-math3-3.1.1.jar:/home/user/.m2/repository/org/openjdk/jmh/jmh-generator-annprocess/1.19/jmh-generator-annprocess-1.19.jar:/home/user/.m2/repository/org/mockito/mockito-all/1.8.5/mockito-all-1.8.5.jar:/home/user/.m2/repository/org/apache/hadoop/hadoop-kms/3.2.0/hadoop-kms-3.2.0.jar:/home/user/.m2/repository/org/apache/hadoop/hadoop-auth/3.2.0/hadoop-auth-3.2.0.jar:/home/user/.m2/repository/com/nimbusds/nimbus-jose-jwt/4.41.1/nimbus-jose-jwt-4.41.1.jar:/home/user/.m2/repository/com/github/stephenc/jcip/jcip-annotations/1.0-1/jcip-annotations-1.0-1.jar:/home/user/.m2/repository/net/minidev/json-smart/2.3/json-smart-2.3.jar:/home/user/.m2/repository/net/minidev/accessors-smart/1.2/accessors-smart-1.2.jar:/home/user/.m2/repository/org/ow2/asm/asm/5.0.4/asm-5.0.4.jar:/home/user/.m2/repository/org/apache/curator/curator-framework/2.12.0/curator-framework-2.12.0.jar:/home/user/.m2/repository/com/sun/jersey/jersey-core/1.19/jersey-core-1.19.jar:/home/user/.m2/repository/javax/ws/rs/jsr311-api/1.1.1/jsr311-api-1.1.1.jar:/home/user/.m2/repository/com/sun/jersey/jersey-server/1.19/jersey-server-1.19.jar:/home/user/.m2/repository/javax/servlet/javax.servlet-api/3.1.0/javax.servlet-api-3.1.0.jar:/home/user/.m2/repository/org/eclipse/jetty/jetty-server/9.3.25.v20180904/jetty-server-9.3.25.v20180904.jar:/home/user/.m2/repository/org/eclipse/jetty/jetty-http/9.3.25.v20180904/jetty-http-9.3.25.v20180904.jar:/home/user/.m2/repository/org/eclipse/jetty/jetty-io/9.3.25.v20180904/jetty-io-9.3.25.v20180904.jar:/home/user/.m2/repository/org/eclipse/jetty/jetty-webapp/9.3.25.v20180904/jetty-webapp-9.3.25.v20180904.jar:/home/user/.m2/repository/org/eclipse/jetty/jetty-xml/9.3.25.v20180904/jetty-xml-9.3.25.v20180904.jar:/home/user/.m2/repository/log4j/log4j/1.2.17/log4j-1.2.17.jar:/home/user/.m2/repository/org/slf4j/slf4j-api/1.7.25/slf4j-api-1.7.25.jar:/home/user/.m2/repository/org/slf4j/jul-to-slf4j/1.7.25/jul-to-slf4j-1.7.25.jar:/home/user/.m2/repository/org/eclipse/jetty/jetty-util/9.3.25.v20180904/jetty-util-9.3.25.v20180904.jar:/home/user/.m2/repository/com/fasterxml/jackson/core/jackson-databind/2.9.9/jackson-databind-2.9.9.jar:/home/user/.m2/repository/org/apache/hadoop/hadoop-kms/3.2.0/hadoop-kms-3.2.0-tests.jar:/home/user/.m2/repository/org/apache/hadoop/hadoop-hdds-server-scm/0.5.0-SNAPSHOT/hadoop-hdds-server-scm-0.5.0-SNAPSHOT-tests.jar:/home/user/.m2/repository/org/apache/hadoop/hadoop-hdds-container-service/0.5.0-SNAPSHOT/hadoop-hdds-container-service-0.5.0-SNAPSHOT-tests.jar:/home/user/.m2/repository/org/yaml/snakeyaml/1.16/snakeyaml-1.16.jar:/home/user/.m2/repository/org/apache/hadoop/hadoop-common/3.2.0/hadoop-common-3.2.0-tests.jar:/home/user/.m2/repository/org/apache/hadoop/hadoop-annotations/3.2.0/hadoop-annotations-3.2.0.jar:/usr/lib/jvm/java-1.8-openjdk/jre/../lib/tools.jar:/home/user/.m2/repository/commons-cli/commons-cli/1.2/commons-cli-1.2.jar:/home/user/.m2/repository/org/apache/httpcomponents/httpclient/4.5.2/httpclient-4.5.2.jar:/home/user/.m2/repository/org/apache/httpcomponents/httpcore/4.4.4/httpcore-4.4.4.jar:/home/user/.m2/repository/commons-codec/commons-codec/1.11/commons-codec-1.11.jar:/home/user/.m2/repository/commons-net/commons-net/3.6/commons-net-3.6.jar:/home/user/.m2/repository/commons-collections/commons-collections/3.2.2/commons-collections-3.2.2.jar:/home/user/.m2/repository/org/eclipse/jetty/jetty-servlet/9.3.25.v20180904/jetty-servlet-9.3.25.v20180904.jar:/home/user/.m2/repository/org/eclipse/jetty/jetty-security/9.3.25.v20180904/jetty-security-9.3.25.v20180904.jar:/home/user/.m2/repository/javax/servlet/jsp/jsp-api/2.1/jsp-api-2.1.jar:/home/user/.m2/repository/com/sun/jersey/jersey-servlet/1.19/jersey-servlet-1.19.jar:/home/user/.m2/repository/com/sun/jersey/jersey-json/1.19/jersey-json-1.19.jar:/home/user/.m2/repository/org/codehaus/jettison/jettison/1.1/jettison-1.1.jar:/home/user/.m2/repository/org/codehaus/jackson/jackson-core-asl/1.9.13/jackson-core-asl-1.9.13.jar:/home/user/.m2/repository/org/codehaus/jackson/jackson-mapper-asl/1.9.13/jackson-mapper-asl-1.9.13.jar:/home/user/.m2/repository/org/codehaus/jackson/jackson-jaxrs/1.9.13/jackson-jaxrs-1.9.13.jar:/home/user/.m2/repository/org/codehaus/jackson/jackson-xc/1.9.13/jackson-xc-1.9.13.jar:/home/user/.m2/repository/commons-logging/commons-logging/1.1.3/commons-logging-1.1.3.jar:/home/user/.m2/repository/commons-beanutils/commons-beanutils/1.9.4/commons-beanutils-1.9.4.jar:/home/user/.m2/repository/org/apache/commons/commons-configuration2/2.1.1/commons-configuration2-2.1.1.jar:/home/user/.m2/repository/org/apache/commons/commons-lang3/3.7/commons-lang3-3.7.jar:/home/user/.m2/repository/org/apache/commons/commons-text/1.4/commons-text-1.4.jar:/home/user/.m2/repository/org/apache/avro/avro/1.7.7/avro-1.7.7.jar:/home/user/.m2/repository/com/thoughtworks/paranamer/paranamer/2.3/paranamer-2.3.jar:/home/user/.m2/repository/org/xerial/snappy/snappy-java/1.0.5/snappy-java-1.0.5.jar:/home/user/.m2/repository/com/google/re2j/re2j/1.1/re2j-1.1.jar:/home/user/.m2/repository/com/google/code/gson/gson/2.2.4/gson-2.2.4.jar:/home/user/.m2/repository/com/jcraft/jsch/0.1.54/jsch-0.1.54.jar:/home/user/.m2/repository/org/apache/curator/curator-client/2.12.0/curator-client-2.12.0.jar:/home/user/.m2/repository/org/apache/curator/curator-recipes/2.12.0/curator-recipes-2.12.0.jar:/home/user/.m2/repository/com/google/code/findbugs/jsr305/3.0.0/jsr305-3.0.0.jar:/home/user/.m2/repository/org/apache/htrace/htrace-core4/4.1.0-incubating/htrace-core4-4.1.0-incubating.jar:/home/user/.m2/repository/org/apache/zookeeper/zookeeper/3.4.13/zookeeper-3.4.13.jar:/home/user/.m2/repository/jline/jline/0.9.94/jline-0.9.94.jar:/home/user/.m2/repository/org/apache/yetus/audience-annotations/0.5.0/audience-annotations-0.5.0.jar:/home/user/.m2/repository/org/codehaus/woodstox/stax2-api/3.1.4/stax2-api-3.1.4.jar:/home/user/.m2/repository/com/fasterxml/woodstox/woodstox-core/5.0.3/woodstox-core-5.0.3.jar:/home/user/.m2/repository/dnsjava/dnsjava/2.1.7/dnsjava-2.1.7.jar:/home/user/.m2/repository/org/apache/hadoop/hadoop-hdfs/3.2.0/hadoop-hdfs-3.2.0-tests.jar:/home/user/.m2/repository/org/eclipse/jetty/jetty-util-ajax/9.3.25.v20180904/jetty-util-ajax-9.3.25.v20180904.jar:/home/user/.m2/repository/commons-daemon/commons-daemon/1.0.13/commons-daemon-1.0.13.jar:/home/user/.m2/repository/io/netty/netty/3.10.5.Final/netty-3.10.5.Final.jar:/home/user/.m2/repository/io/netty/netty-all/4.0.52.Final/netty-all-4.0.52.Final.jar:/home/user/.m2/repository/org/fusesource/leveldbjni/leveldbjni-all/1.8/leveldbjni-all-1.8.jar:"/>
    <property name="sun.cpu.endian" value="little"/>
    <property name="user.home" value="/home/user"/>
    <property name="user.language" value="en"/>
    <property name="java.specification.vendor" value="Oracle Corporation"/>
    <property name="java.home" value="/usr/lib/jvm/java-1.8-openjdk/jre"/>
    <property name="java.security.krb5.conf" value="/workdir/hadoop-ozone/integration-test/target/test-classes/krb5.conf"/>
    <property name="basedir" value="/workdir/hadoop-ozone/integration-test"/>
    <property name="file.separator" value="/"/>
    <property name="line.separator" value="&#10;"/>
    <property name="java.vm.specification.vendor" value="Oracle Corporation"/>
    <property name="java.specification.name" value="Java Platform API Specification"/>
    <property name="java.awt.graphicsenv" value="sun.awt.X11GraphicsEnvironment"/>
    <property name="surefire.real.class.path" value="/workdir/hadoop-ozone/integration-test/target/surefire/surefirebooter7074421342921506622.jar"/>
    <property name="hadoop.log.dir" value="/workdir/hadoop-ozone/integration-test/target/log"/>
    <property name="sun.boot.class.path" value="/usr/lib/jvm/java-1.8-openjdk/jre/lib/resources.jar:/usr/lib/jvm/java-1.8-openjdk/jre/lib/rt.jar:/usr/lib/jvm/java-1.8-openjdk/jre/lib/sunrsasign.jar:/usr/lib/jvm/java-1.8-openjdk/jre/lib/jsse.jar:/usr/lib/jvm/java-1.8-openjdk/jre/lib/jce.jar:/usr/lib/jvm/java-1.8-openjdk/jre/lib/charsets.jar:/usr/lib/jvm/java-1.8-openjdk/jre/lib/jfr.jar:/usr/lib/jvm/java-1.8-openjdk/jre/classes"/>
    <property name="sun.management.compiler" value="HotSpot 64-Bit Tiered Compilers"/>
    <property name="java.runtime.version" value="1.8.0_212-b04"/>
    <property name="java.net.preferIPv4Stack" value="true"/>
    <property name="user.name" value="jenkins1000"/>
    <property name="path.separator" value=":"/>
    <property name="java.security.egd" value="file:///dev/urandom"/>
    <property name="os.version" value="3.10.0-957.12.2.el7.x86_64"/>
    <property name="java.endorsed.dirs" value="/usr/lib/jvm/java-1.8-openjdk/jre/lib/endorsed"/>
    <property name="java.runtime.name" value="OpenJDK Runtime Environment"/>
    <property name="file.encoding" value="UTF-8"/>
    <property name="java.vm.name" value="OpenJDK 64-Bit Server VM"/>
    <property name="test.build.webapps" value=""/>
    <property name="localRepository" value="/home/user/.m2/repository"/>
    <property name="java.vendor.url.bug" value="https://icedtea.classpath.org/bugzilla"/>
    <property name="java.io.tmpdir" value="/tmp"/>
    <property name="require.test.libhadoop" value=""/>
    <property name="java.version" value="1.8.0_212"/>
    <property name="user.dir" value="/workdir/hadoop-ozone/integration-test"/>
    <property name="os.arch" value="amd64"/>
    <property name="java.vm.specification.name" value="Java Virtual Machine Specification"/>
    <property name="test.build.classes" value="/workdir/hadoop-ozone/integration-test/target/test-classes"/>
    <property name="java.awt.printerjob" value="sun.print.PSPrinterJob"/>
    <property name="sun.os.patch.level" value="unknown"/>
    <property name="hadoop.tmp.dir" value="/workdir/hadoop-ozone/integration-test/target/tmp"/>
    <property name="java.library.path" value="/usr/lib/jvm/java-1.8-openjdk/jre/lib/amd64/server:/usr/lib/jvm/java-1.8-openjdk/jre/lib/amd64:/usr/lib/jvm/java-1.8-openjdk/jre/../lib/amd64:/workdir/hadoop-ozone/integration-test/target/native/target/usr/local/lib:/workdir/hadoop-ozone/integration-test/../../hadoop-common-project/hadoop-common/target/native/target/usr/local/lib:/usr/java/packages/lib/amd64:/usr/lib64:/lib64:/lib:/usr/lib"/>
    <property name="java.vm.info" value="mixed mode"/>
    <property name="java.vendor" value="IcedTea"/>
    <property name="java.vm.version" value="25.212-b04"/>
    <property name="java.ext.dirs" value="/usr/lib/jvm/java-1.8-openjdk/jre/lib/ext:/usr/java/packages/lib/ext"/>
    <property name="sun.io.unicode.encoding" value="UnicodeLittle"/>
    <property name="java.class.version" value="52.0"/>
  </properties>
  <testcase name="test2DatanodesFailure" classname="org.apache.hadoop.ozone.client.rpc.TestBlockOutputStreamWithFailures" time="112.218">
    <error message="Allocated 0 blocks. Requested 1 blocks" type="INTERNAL_ERROR org.apache.hadoop.ozone.om.exceptions.OMException">INTERNAL_ERROR org.apache.hadoop.ozone.om.exceptions.OMException: Allocated 0 blocks. Requested 1 blocks
	at org.apache.hadoop.ozone.om.protocolPB.OzoneManagerProtocolClientSideTranslatorPB.handleError(OzoneManagerProtocolClientSideTranslatorPB.java:732)
	at org.apache.hadoop.ozone.om.protocolPB.OzoneManagerProtocolClientSideTranslatorPB.allocateBlock(OzoneManagerProtocolClientSideTranslatorPB.java:764)
	at sun.reflect.NativeMethodAccessorImpl.invoke0(Native Method)
	at sun.reflect.NativeMethodAccessorImpl.invoke(NativeMethodAccessorImpl.java:62)
	at sun.reflect.DelegatingMethodAccessorImpl.invoke(DelegatingMethodAccessorImpl.java:43)
	at java.lang.reflect.Method.invoke(Method.java:498)
	at org.apache.hadoop.hdds.tracing.TraceAllMethod.invoke(TraceAllMethod.java:66)
	at com.sun.proxy.$Proxy37.allocateBlock(Unknown Source)
	at org.apache.hadoop.ozone.client.io.BlockOutputStreamEntryPool.allocateNewBlock(BlockOutputStreamEntryPool.java:248)
	at org.apache.hadoop.ozone.client.io.BlockOutputStreamEntryPool.allocateBlockIfNeeded(BlockOutputStreamEntryPool.java:296)
	at org.apache.hadoop.ozone.client.io.KeyOutputStream.handleWrite(KeyOutputStream.java:198)
	at org.apache.hadoop.ozone.client.io.KeyOutputStream.handleRetry(KeyOutputStream.java:375)
	at org.apache.hadoop.ozone.client.io.KeyOutputStream.handleException(KeyOutputStream.java:324)
	at org.apache.hadoop.ozone.client.io.KeyOutputStream.handleFlushOrClose(KeyOutputStream.java:449)
	at org.apache.hadoop.ozone.client.io.KeyOutputStream.flush(KeyOutputStream.java:397)
	at org.apache.hadoop.ozone.client.io.OzoneOutputStream.flush(OzoneOutputStream.java:54)
	at org.apache.hadoop.ozone.client.rpc.TestBlockOutputStreamWithFailures.test2DatanodesFailure(TestBlockOutputStreamWithFailures.java:502)
	at sun.reflect.NativeMethodAccessorImpl.invoke0(Native Method)
	at sun.reflect.NativeMethodAccessorImpl.invoke(NativeMethodAccessorImpl.java:62)
	at sun.reflect.DelegatingMethodAccessorImpl.invoke(DelegatingMethodAccessorImpl.java:43)
	at java.lang.reflect.Method.invoke(Method.java:498)
	at org.junit.runners.model.FrameworkMethod$1.runReflectiveCall(FrameworkMethod.java:47)
	at org.junit.internal.runners.model.ReflectiveCallable.run(ReflectiveCallable.java:12)
	at org.junit.runners.model.FrameworkMethod.invokeExplosively(FrameworkMethod.java:44)
	at org.junit.internal.runners.statements.InvokeMethod.evaluate(InvokeMethod.java:17)
	at org.junit.internal.runners.statements.RunBefores.evaluate(RunBefores.java:26)
	at org.junit.internal.runners.statements.RunAfters.evaluate(RunAfters.java:27)
	at org.junit.runners.ParentRunner.runLeaf(ParentRunner.java:271)
	at org.junit.runners.BlockJUnit4ClassRunner.runChild(BlockJUnit4ClassRunner.java:70)
	at org.junit.runners.BlockJUnit4ClassRunner.runChild(BlockJUnit4ClassRunner.java:50)
	at org.junit.runners.ParentRunner$3.run(ParentRunner.java:238)
	at org.junit.runners.ParentRunner$1.schedule(ParentRunner.java:63)
	at org.junit.runners.ParentRunner.runChildren(ParentRunner.java:236)
	at org.junit.runners.ParentRunner.access$000(ParentRunner.java:53)
	at org.junit.runners.ParentRunner$2.evaluate(ParentRunner.java:229)
	at org.junit.runners.ParentRunner.run(ParentRunner.java:309)
	at org.apache.maven.surefire.junit4.JUnit4Provider.execute(JUnit4Provider.java:365)
	at org.apache.maven.surefire.junit4.JUnit4Provider.executeWithRerun(JUnit4Provider.java:273)
	at org.apache.maven.surefire.junit4.JUnit4Provider.executeTestSet(JUnit4Provider.java:238)
	at org.apache.maven.surefire.junit4.JUnit4Provider.invoke(JUnit4Provider.java:159)
	at org.apache.maven.surefire.booter.ForkedBooter.invokeProviderInSameClassLoader(ForkedBooter.java:384)
	at org.apache.maven.surefire.booter.ForkedBooter.runSuitesInProcess(ForkedBooter.java:345)
	at org.apache.maven.surefire.booter.ForkedBooter.execute(ForkedBooter.java:126)
	at org.apache.maven.surefire.booter.ForkedBooter.main(ForkedBooter.java:418)
</error>
    <system-out><![CDATA[2019-10-08 03:42:11,981 [main] WARN  server.ServerUtils (ServerUtils.java:getScmDbDir(145)) - ozone.scm.db.dirs is not configured. We recommend adding this setting. Falling back to ozone.metadata.dirs instead.
2019-10-08 03:42:12,085 [main] WARN  server.ServerUtils (ServerUtils.java:getScmDbDir(145)) - ozone.scm.db.dirs is not configured. We recommend adding this setting. Falling back to ozone.metadata.dirs instead.
2019-10-08 03:42:12,089 [main] WARN  server.ServerUtils (ServerUtils.java:getScmDbDir(145)) - ozone.scm.db.dirs is not configured. We recommend adding this setting. Falling back to ozone.metadata.dirs instead.
2019-10-08 03:42:12,119 [main] INFO  util.log (Log.java:initialized(192)) - Logging initialized @883ms
2019-10-08 03:42:12,228 [main] INFO  db.DBStoreBuilder (DBStoreBuilder.java:addTable(117)) - using custom profile for table: deletedBlocks
2019-10-08 03:42:12,229 [main] INFO  db.DBStoreBuilder (DBStoreBuilder.java:processTables(168)) - Using default column profile:DBProfile.DISK for Table:deletedBlocks
2019-10-08 03:42:12,229 [main] INFO  db.DBStoreBuilder (DBStoreBuilder.java:addTable(117)) - using custom profile for table: validCerts
2019-10-08 03:42:12,230 [main] INFO  db.DBStoreBuilder (DBStoreBuilder.java:processTables(168)) - Using default column profile:DBProfile.DISK for Table:validCerts
2019-10-08 03:42:12,230 [main] INFO  db.DBStoreBuilder (DBStoreBuilder.java:addTable(117)) - using custom profile for table: revokedCerts
2019-10-08 03:42:12,231 [main] INFO  db.DBStoreBuilder (DBStoreBuilder.java:processTables(168)) - Using default column profile:DBProfile.DISK for Table:revokedCerts
2019-10-08 03:42:12,243 [main] INFO  db.DBStoreBuilder (DBStoreBuilder.java:addTable(117)) - using custom profile for table: default
2019-10-08 03:42:12,244 [main] INFO  db.DBStoreBuilder (DBStoreBuilder.java:processTables(174)) - Using default column profile:DBProfile.DISK for Table:default
2019-10-08 03:42:12,245 [main] INFO  db.DBStoreBuilder (DBStoreBuilder.java:getDbProfile(205)) - Using default options. DBProfile.DISK
2019-10-08 03:42:12,593 [main] INFO  net.NodeSchemaLoader (NodeSchemaLoader.java:loadSchemaFromFile(125)) - Loading file from sun.misc.CompoundEnumeration@28701274
2019-10-08 03:42:12,594 [main] INFO  net.NodeSchemaLoader (NodeSchemaLoader.java:loadSchema(171)) - Loading network topology layer schema file
2019-10-08 03:42:12,696 [main] INFO  node.SCMNodeManager (SCMNodeManager.java:<init>(116)) - Entering startup safe mode.
2019-10-08 03:42:12,776 [main] INFO  algorithms.ContainerPlacementPolicyFactory (ContainerPlacementPolicyFactory.java:getPolicy(57)) - Create container placement policy of type org.apache.hadoop.hdds.scm.container.placement.algorithms.SCMContainerPlacementRandom
2019-10-08 03:42:12,790 [main] WARN  server.ServerUtils (ServerUtils.java:getScmDbDir(145)) - ozone.scm.db.dirs is not configured. We recommend adding this setting. Falling back to ozone.metadata.dirs instead.
2019-10-08 03:42:12,892 [main] INFO  pipeline.SCMPipelineManager (SCMPipelineManager.java:initializePipelineState(132)) - No pipeline exists in current db
2019-10-08 03:42:12,895 [main] WARN  server.ServerUtils (ServerUtils.java:getScmDbDir(145)) - ozone.scm.db.dirs is not configured. We recommend adding this setting. Falling back to ozone.metadata.dirs instead.
2019-10-08 03:42:13,063 [main] WARN  events.EventQueue (EventQueue.java:fireEvent(183)) - No event handler registered for event TypedEvent{payloadType=SafeModeStatus, name='SafeModeStatus'}
2019-10-08 03:42:13,467 [main] INFO  ipc.CallQueueManager (CallQueueManager.java:<init>(84)) - Using callQueue: class java.util.concurrent.LinkedBlockingQueue, queueCapacity: 2000, scheduler: class org.apache.hadoop.ipc.DefaultRpcScheduler, ipcBackoff: false.
2019-10-08 03:42:13,495 [Socket Reader #1 for port 40328] INFO  ipc.Server (Server.java:run(1074)) - Starting Socket Reader #1 for port 40328
2019-10-08 03:42:13,667 [main] INFO  ipc.CallQueueManager (CallQueueManager.java:<init>(84)) - Using callQueue: class java.util.concurrent.LinkedBlockingQueue, queueCapacity: 2000, scheduler: class org.apache.hadoop.ipc.DefaultRpcScheduler, ipcBackoff: false.
2019-10-08 03:42:13,669 [Socket Reader #1 for port 32972] INFO  ipc.Server (Server.java:run(1074)) - Starting Socket Reader #1 for port 32972
2019-10-08 03:42:13,681 [main] INFO  ipc.CallQueueManager (CallQueueManager.java:<init>(84)) - Using callQueue: class java.util.concurrent.LinkedBlockingQueue, queueCapacity: 2000, scheduler: class org.apache.hadoop.ipc.DefaultRpcScheduler, ipcBackoff: false.
2019-10-08 03:42:13,683 [Socket Reader #1 for port 44724] INFO  ipc.Server (Server.java:run(1074)) - Starting Socket Reader #1 for port 44724
2019-10-08 03:42:13,712 [main] INFO  hdfs.DFSUtil (DFSUtil.java:httpServerTemplateForNNAndJN(1641)) - Starting Web-server for scm at: http://0.0.0.0:0
2019-10-08 03:42:13,881 [main] INFO  server.AuthenticationFilter (AuthenticationFilter.java:constructSecretProvider(240)) - Unable to initialize FileSignerSecretProvider, falling back to use random secrets.
2019-10-08 03:42:13,890 [main] WARN  http.HttpRequestLog (HttpRequestLog.java:getRequestLog(97)) - Jetty request log can only be enabled using Log4j
2019-10-08 03:42:13,900 [main] INFO  http.HttpServer2 (HttpServer2.java:addGlobalFilter(975)) - Added global filter 'safety' (class=org.apache.hadoop.http.HttpServer2$QuotingInputFilter)
2019-10-08 03:42:13,906 [main] INFO  http.HttpServer2 (HttpServer2.java:addFilter(948)) - Added filter static_user_filter (class=org.apache.hadoop.http.lib.StaticUserWebFilter$StaticUserFilter) to context scm
2019-10-08 03:42:13,907 [main] INFO  http.HttpServer2 (HttpServer2.java:addFilter(958)) - Added filter static_user_filter (class=org.apache.hadoop.http.lib.StaticUserWebFilter$StaticUserFilter) to context logs
2019-10-08 03:42:13,907 [main] INFO  http.HttpServer2 (HttpServer2.java:addFilter(958)) - Added filter static_user_filter (class=org.apache.hadoop.http.lib.StaticUserWebFilter$StaticUserFilter) to context static
2019-10-08 03:42:13,961 [main] INFO  server.StorageContainerManager (StorageContainerManager.java:start(770)) - StorageContainerLocationProtocol RPC server is listening at /0.0.0.0:44724
2019-10-08 03:42:14,038 [main] WARN  impl.MetricsConfig (MetricsConfig.java:loadFirst(134)) - Cannot locate configuration: tried hadoop-metrics2-storagecontainermanager.properties,hadoop-metrics2.properties
2019-10-08 03:42:14,052 [main] INFO  impl.MetricsSystemImpl (MetricsSystemImpl.java:startTimer(374)) - Scheduled Metric snapshot period at 10 second(s).
2019-10-08 03:42:14,052 [main] INFO  impl.MetricsSystemImpl (MetricsSystemImpl.java:start(191)) - StorageContainerManager metrics system started
2019-10-08 03:42:14,366 [main] INFO  server.SCMClientProtocolServer (SCMClientProtocolServer.java:start(159)) - RPC server for Client  is listening at /0.0.0.0:44724
2019-10-08 03:42:14,367 [IPC Server Responder] INFO  ipc.Server (Server.java:run(1314)) - IPC Server Responder: starting
2019-10-08 03:42:14,367 [IPC Server listener on 44724] INFO  ipc.Server (Server.java:run(1153)) - IPC Server listener on 44724: starting
2019-10-08 03:42:14,370 [main] INFO  server.StorageContainerManager (StorageContainerManager.java:start(780)) - ScmBlockLocationProtocol RPC server is listening at /0.0.0.0:32972
2019-10-08 03:42:14,371 [main] INFO  server.SCMBlockProtocolServer (SCMBlockProtocolServer.java:start(146)) - RPC server for Block Protocol is listening at /0.0.0.0:32972
2019-10-08 03:42:14,372 [IPC Server Responder] INFO  ipc.Server (Server.java:run(1314)) - IPC Server Responder: starting
2019-10-08 03:42:14,372 [IPC Server listener on 32972] INFO  ipc.Server (Server.java:run(1153)) - IPC Server listener on 32972: starting
2019-10-08 03:42:14,375 [main] INFO  server.StorageContainerManager (StorageContainerManager.java:start(784)) - ScmDatanodeProtocl RPC server is listening at /0.0.0.0:40328
2019-10-08 03:42:14,375 [main] INFO  server.SCMDatanodeProtocolServer (SCMDatanodeProtocolServer.java:start(169)) - RPC server for DataNodes is listening at /0.0.0.0:40328
2019-10-08 03:42:14,376 [IPC Server Responder] INFO  ipc.Server (Server.java:run(1314)) - IPC Server Responder: starting
2019-10-08 03:42:14,376 [IPC Server listener on 40328] INFO  ipc.Server (Server.java:run(1153)) - IPC Server listener on 40328: starting
2019-10-08 03:42:14,381 [main] INFO  http.HttpServer2 (HttpServer2.java:bindListener(1191)) - Jetty bound to port 39640
2019-10-08 03:42:14,383 [main] INFO  server.Server (Server.java:doStart(351)) - jetty-9.3.25.v20180904, build timestamp: 2018-09-04T21:11:46Z, git hash: 3ce520221d0240229c862b122d2b06c12a625732
2019-10-08 03:42:14,426 [main] INFO  handler.ContextHandler (ContextHandler.java:doStart(781)) - Started o.e.j.s.ServletContextHandler@7a560583{/logs,file:///workdir/hadoop-ozone/integration-test/target/log,AVAILABLE}
2019-10-08 03:42:14,426 [main] INFO  handler.ContextHandler (ContextHandler.java:doStart(781)) - Started o.e.j.s.ServletContextHandler@53f0a4cb{/static,file:///workdir/hadoop-ozone/integration-test/target/test-classes/webapps/static,AVAILABLE}
2019-10-08 03:42:14,461 [main] INFO  handler.ContextHandler (ContextHandler.java:doStart(781)) - Started o.e.j.w.WebAppContext@6970140a{/,file:///workdir/hadoop-ozone/integration-test/target/test-classes/webapps/scm/,AVAILABLE}{/scm}
2019-10-08 03:42:14,466 [main] INFO  server.AbstractConnector (AbstractConnector.java:doStart(278)) - Started ServerConnector@1c32886a{HTTP/1.1,[http/1.1]}{0.0.0.0:39640}
2019-10-08 03:42:14,467 [main] INFO  server.Server (Server.java:doStart(419)) - Started @3231ms
2019-10-08 03:42:14,469 [main] INFO  impl.MetricsSinkAdapter (MetricsSinkAdapter.java:start(204)) - Sink prometheus started
2019-10-08 03:42:14,469 [main] INFO  impl.MetricsSystemImpl (MetricsSystemImpl.java:registerSink(301)) - Registered sink prometheus
2019-10-08 03:42:14,471 [main] INFO  server.BaseHttpServer (BaseHttpServer.java:updateConnectorAddress(215)) - HTTP server of SCM is listening at http://0.0.0.0:39640
2019-10-08 03:42:14,479 [org.apache.hadoop.util.JvmPauseMonitor$Monitor@62d363ab] INFO  util.JvmPauseMonitor (JvmPauseMonitor.java:run(188)) - Starting JVM pause monitor
2019-10-08 03:42:14,484 [main] WARN  server.ServerUtils (ServerUtils.java:getDBPath(222)) - ozone.om.db.dirs is not configured. We recommend adding this setting. Falling back to ozone.metadata.dirs instead.
2019-10-08 03:42:14,614 [main] INFO  ha.OMHANodeDetails (OMHANodeDetails.java:loadOMHAConfig(190)) - Configuration either no ozone.om.address set. Falling back to the default OM address /127.0.0.1:0
2019-10-08 03:42:14,614 [main] INFO  ha.OMHANodeDetails (OMHANodeDetails.java:getOMNodeDetails(220)) - OM Service ID is not set. Setting it to the default ID: omServiceIdDefault
2019-10-08 03:42:14,616 [main] WARN  server.ServerUtils (ServerUtils.java:getDBPath(222)) - ozone.om.db.dirs is not configured. We recommend adding this setting. Falling back to ozone.metadata.dirs instead.
2019-10-08 03:42:14,617 [main] WARN  server.ServerUtils (ServerUtils.java:getDBPath(222)) - ozone.om.db.dirs is not configured. We recommend adding this setting. Falling back to ozone.metadata.dirs instead.
2019-10-08 03:42:15,373 [main] WARN  server.ServerUtils (ServerUtils.java:getDBPath(222)) - ozone.om.db.dirs is not configured. We recommend adding this setting. Falling back to ozone.metadata.dirs instead.
2019-10-08 03:42:15,382 [main] INFO  db.DBStoreBuilder (DBStoreBuilder.java:addTable(117)) - using custom profile for table: userTable
2019-10-08 03:42:15,382 [main] INFO  db.DBStoreBuilder (DBStoreBuilder.java:processTables(168)) - Using default column profile:DBProfile.DISK for Table:userTable
2019-10-08 03:42:15,382 [main] INFO  db.DBStoreBuilder (DBStoreBuilder.java:addTable(117)) - using custom profile for table: volumeTable
2019-10-08 03:42:15,382 [main] INFO  db.DBStoreBuilder (DBStoreBuilder.java:processTables(168)) - Using default column profile:DBProfile.DISK for Table:volumeTable
2019-10-08 03:42:15,383 [main] INFO  db.DBStoreBuilder (DBStoreBuilder.java:addTable(117)) - using custom profile for table: bucketTable
2019-10-08 03:42:15,383 [main] INFO  db.DBStoreBuilder (DBStoreBuilder.java:processTables(168)) - Using default column profile:DBProfile.DISK for Table:bucketTable
2019-10-08 03:42:15,383 [main] INFO  db.DBStoreBuilder (DBStoreBuilder.java:addTable(117)) - using custom profile for table: keyTable
2019-10-08 03:42:15,383 [main] INFO  db.DBStoreBuilder (DBStoreBuilder.java:processTables(168)) - Using default column profile:DBProfile.DISK for Table:keyTable
2019-10-08 03:42:15,384 [main] INFO  db.DBStoreBuilder (DBStoreBuilder.java:addTable(117)) - using custom profile for table: deletedTable
2019-10-08 03:42:15,384 [main] INFO  db.DBStoreBuilder (DBStoreBuilder.java:processTables(168)) - Using default column profile:DBProfile.DISK for Table:deletedTable
2019-10-08 03:42:15,384 [main] INFO  db.DBStoreBuilder (DBStoreBuilder.java:addTable(117)) - using custom profile for table: openKeyTable
2019-10-08 03:42:15,385 [main] INFO  db.DBStoreBuilder (DBStoreBuilder.java:processTables(168)) - Using default column profile:DBProfile.DISK for Table:openKeyTable
2019-10-08 03:42:15,385 [main] INFO  db.DBStoreBuilder (DBStoreBuilder.java:addTable(117)) - using custom profile for table: s3Table
2019-10-08 03:42:15,385 [main] INFO  db.DBStoreBuilder (DBStoreBuilder.java:processTables(168)) - Using default column profile:DBProfile.DISK for Table:s3Table
2019-10-08 03:42:15,385 [main] INFO  db.DBStoreBuilder (DBStoreBuilder.java:addTable(117)) - using custom profile for table: multipartInfoTable
2019-10-08 03:42:15,386 [main] INFO  db.DBStoreBuilder (DBStoreBuilder.java:processTables(168)) - Using default column profile:DBProfile.DISK for Table:multipartInfoTable
2019-10-08 03:42:15,386 [main] INFO  db.DBStoreBuilder (DBStoreBuilder.java:addTable(117)) - using custom profile for table: dTokenTable
2019-10-08 03:42:15,386 [main] INFO  db.DBStoreBuilder (DBStoreBuilder.java:processTables(168)) - Using default column profile:DBProfile.DISK for Table:dTokenTable
2019-10-08 03:42:15,386 [main] INFO  db.DBStoreBuilder (DBStoreBuilder.java:addTable(117)) - using custom profile for table: s3SecretTable
2019-10-08 03:42:15,387 [main] INFO  db.DBStoreBuilder (DBStoreBuilder.java:processTables(168)) - Using default column profile:DBProfile.DISK for Table:s3SecretTable
2019-10-08 03:42:15,387 [main] INFO  db.DBStoreBuilder (DBStoreBuilder.java:addTable(117)) - using custom profile for table: prefixTable
2019-10-08 03:42:15,387 [main] INFO  db.DBStoreBuilder (DBStoreBuilder.java:processTables(168)) - Using default column profile:DBProfile.DISK for Table:prefixTable
2019-10-08 03:42:15,388 [main] INFO  db.DBStoreBuilder (DBStoreBuilder.java:addTable(117)) - using custom profile for table: default
2019-10-08 03:42:15,388 [main] INFO  db.DBStoreBuilder (DBStoreBuilder.java:processTables(174)) - Using default column profile:DBProfile.DISK for Table:default
2019-10-08 03:42:15,388 [main] INFO  db.DBStoreBuilder (DBStoreBuilder.java:getDbProfile(205)) - Using default options. DBProfile.DISK
2019-10-08 03:42:16,223 [main] INFO  ipc.CallQueueManager (CallQueueManager.java:<init>(84)) - Using callQueue: class java.util.concurrent.LinkedBlockingQueue, queueCapacity: 2000, scheduler: class org.apache.hadoop.ipc.DefaultRpcScheduler, ipcBackoff: false.
2019-10-08 03:42:16,224 [Socket Reader #1 for port 36099] INFO  ipc.Server (Server.java:run(1074)) - Starting Socket Reader #1 for port 36099
2019-10-08 03:42:16,249 [main] INFO  om.OzoneManager (OzoneManager.java:start(1069)) - OzoneManager RPC server is listening at localhost/127.0.0.1:36099
2019-10-08 03:42:16,250 [main] INFO  impl.MetricsSystemImpl (MetricsSystemImpl.java:init(158)) - OzoneManager metrics system started (again)
2019-10-08 03:42:16,258 [IPC Server Responder] INFO  ipc.Server (Server.java:run(1314)) - IPC Server Responder: starting
2019-10-08 03:42:16,258 [IPC Server listener on 36099] INFO  ipc.Server (Server.java:run(1153)) - IPC Server listener on 36099: starting
2019-10-08 03:42:16,265 [main] INFO  hdfs.DFSUtil (DFSUtil.java:httpServerTemplateForNNAndJN(1641)) - Starting Web-server for ozoneManager at: http://0.0.0.0:0
2019-10-08 03:42:16,267 [main] INFO  server.AuthenticationFilter (AuthenticationFilter.java:constructSecretProvider(240)) - Unable to initialize FileSignerSecretProvider, falling back to use random secrets.
2019-10-08 03:42:16,268 [main] WARN  http.HttpRequestLog (HttpRequestLog.java:getRequestLog(97)) - Jetty request log can only be enabled using Log4j
2019-10-08 03:42:16,272 [main] INFO  http.HttpServer2 (HttpServer2.java:addGlobalFilter(975)) - Added global filter 'safety' (class=org.apache.hadoop.http.HttpServer2$QuotingInputFilter)
2019-10-08 03:42:16,273 [main] INFO  http.HttpServer2 (HttpServer2.java:addFilter(948)) - Added filter static_user_filter (class=org.apache.hadoop.http.lib.StaticUserWebFilter$StaticUserFilter) to context ozoneManager
2019-10-08 03:42:16,274 [main] INFO  http.HttpServer2 (HttpServer2.java:addFilter(958)) - Added filter static_user_filter (class=org.apache.hadoop.http.lib.StaticUserWebFilter$StaticUserFilter) to context static
2019-10-08 03:42:16,274 [main] INFO  http.HttpServer2 (HttpServer2.java:addFilter(958)) - Added filter static_user_filter (class=org.apache.hadoop.http.lib.StaticUserWebFilter$StaticUserFilter) to context logs
2019-10-08 03:42:16,277 [main] INFO  http.HttpServer2 (HttpServer2.java:bindListener(1191)) - Jetty bound to port 35689
2019-10-08 03:42:16,278 [main] INFO  server.Server (Server.java:doStart(351)) - jetty-9.3.25.v20180904, build timestamp: 2018-09-04T21:11:46Z, git hash: 3ce520221d0240229c862b122d2b06c12a625732
2019-10-08 03:42:16,280 [main] INFO  handler.ContextHandler (ContextHandler.java:doStart(781)) - Started o.e.j.s.ServletContextHandler@3eed0f5{/logs,file:///workdir/hadoop-ozone/integration-test/target/log,AVAILABLE}
2019-10-08 03:42:16,281 [main] INFO  handler.ContextHandler (ContextHandler.java:doStart(781)) - Started o.e.j.s.ServletContextHandler@2032e725{/static,file:///workdir/hadoop-ozone/integration-test/target/test-classes/webapps/static,AVAILABLE}
2019-10-08 03:42:16,289 [main] INFO  handler.ContextHandler (ContextHandler.java:doStart(781)) - Started o.e.j.w.WebAppContext@660591fb{/,file:///workdir/hadoop-ozone/integration-test/target/test-classes/webapps/ozoneManager/,AVAILABLE}{/ozoneManager}
2019-10-08 03:42:16,291 [main] INFO  server.AbstractConnector (AbstractConnector.java:doStart(278)) - Started ServerConnector@4a55a6e8{HTTP/1.1,[http/1.1]}{0.0.0.0:35689}
2019-10-08 03:42:16,292 [main] INFO  server.Server (Server.java:doStart(419)) - Started @5056ms
2019-10-08 03:42:16,292 [main] WARN  impl.MetricsSystemImpl (MetricsSystemImpl.java:register(276)) - Sink prometheus already exists!
2019-10-08 03:42:16,293 [main] INFO  server.BaseHttpServer (BaseHttpServer.java:updateConnectorAddress(215)) - HTTP server of OZONEMANAGER is listening at http://0.0.0.0:35689
2019-10-08 03:42:16,712 [main] INFO  impl.MetricsSystemImpl (MetricsSystemImpl.java:init(158)) - HddsDatanode metrics system started (again)
2019-10-08 03:42:16,768 [main] INFO  ozone.HddsDatanodeService (HddsDatanodeService.java:start(184)) - HddsDatanodeService host:pr-hdds-2217-jqnfv-3133698562 ip:192.168.151.83
2019-10-08 03:42:16,804 [main] INFO  volume.HddsVolume (HddsVolume.java:<init>(176)) - Creating Volume: /workdir/hadoop-ozone/integration-test/target/test-dir/MiniOzoneClusterImpl-803a9bc2-2fef-4080-b053-fc887ab92aa0/datanode-0/data/containers/hdds of  storage type : DISK and capacity : 1482555576320
2019-10-08 03:42:16,806 [main] INFO  volume.VolumeSet (VolumeSet.java:initializeVolumeSet(170)) - Added Volume : /workdir/hadoop-ozone/integration-test/target/test-dir/MiniOzoneClusterImpl-803a9bc2-2fef-4080-b053-fc887ab92aa0/datanode-0/data/containers/hdds to VolumeSet
2019-10-08 03:42:16,809 [main] INFO  volume.ThrottledAsyncChecker (ThrottledAsyncChecker.java:schedule(139)) - Scheduling a check for org.apache.hadoop.ozone.container.common.volume.HddsVolume@1f6d27cc
2019-10-08 03:42:16,826 [main] INFO  volume.HddsVolumeChecker (HddsVolumeChecker.java:checkAllVolumes(202)) - Scheduled health check for volume org.apache.hadoop.ozone.container.common.volume.HddsVolume@1f6d27cc
2019-10-08 03:42:16,938 [main] INFO  impl.RaftServerProxy (ConfUtils.java:logGet(43)) - raft.rpc.type = GRPC (default)
2019-10-08 03:42:17,007 [main] INFO  grpc.GrpcFactory (GrpcFactory.java:checkPooledByteBufAllocatorUseCacheForAllThreads(45)) - PERFORMANCE WARNING: useCacheForAllThreads is true that may cause Netty to create a lot garbage objects and, as a result, trigger GC.
	It is recommended to disable useCacheForAllThreads by setting -Dorg.apache.ratis.thirdparty.io.netty.allocator.useCacheForAllThreads=false in command line.
2019-10-08 03:42:17,013 [main] INFO  grpc.GrpcConfigKeys$Server (ConfUtils.java:logGet(43)) - raft.grpc.server.port = 0 (default)
2019-10-08 03:42:17,014 [main] INFO  server.GrpcService (ConfUtils.java:logGet(43)) - raft.grpc.message.size.max = 33570816 (custom)
2019-10-08 03:42:17,015 [main] INFO  server.RaftServerConfigKeys (ConfUtils.java:logGet(43)) - raft.server.log.appender.buffer.byte-limit = 33554432 (custom)
2019-10-08 03:42:17,016 [main] INFO  server.GrpcService (ConfUtils.java:logGet(43)) - raft.grpc.flow.control.window = 1MB (=1048576) (default)
2019-10-08 03:42:17,017 [main] INFO  server.RaftServerConfigKeys (ConfUtils.java:logGet(43)) - raft.server.rpc.request.timeout = 3000ms (default)
2019-10-08 03:42:17,165 [main] INFO  server.RaftServerConfigKeys (ConfUtils.java:logGet(43)) - raft.server.storage.dir = [/workdir/hadoop-ozone/integration-test/target/test-dir/MiniOzoneClusterImpl-803a9bc2-2fef-4080-b053-fc887ab92aa0/datanode-0/data/ratis] (custom)
2019-10-08 03:42:17,205 [main] INFO  hdfs.DFSUtil (DFSUtil.java:httpServerTemplateForNNAndJN(1641)) - Starting Web-server for hddsDatanode at: http://0.0.0.0:0
2019-10-08 03:42:17,208 [main] INFO  server.AuthenticationFilter (AuthenticationFilter.java:constructSecretProvider(240)) - Unable to initialize FileSignerSecretProvider, falling back to use random secrets.
2019-10-08 03:42:17,209 [main] WARN  http.HttpRequestLog (HttpRequestLog.java:getRequestLog(97)) - Jetty request log can only be enabled using Log4j
2019-10-08 03:42:17,213 [main] INFO  http.HttpServer2 (HttpServer2.java:addGlobalFilter(975)) - Added global filter 'safety' (class=org.apache.hadoop.http.HttpServer2$QuotingInputFilter)
2019-10-08 03:42:17,214 [main] INFO  http.HttpServer2 (HttpServer2.java:addFilter(948)) - Added filter static_user_filter (class=org.apache.hadoop.http.lib.StaticUserWebFilter$StaticUserFilter) to context hddsDatanode
2019-10-08 03:42:17,214 [main] INFO  http.HttpServer2 (HttpServer2.java:addFilter(958)) - Added filter static_user_filter (class=org.apache.hadoop.http.lib.StaticUserWebFilter$StaticUserFilter) to context logs
2019-10-08 03:42:17,215 [main] INFO  http.HttpServer2 (HttpServer2.java:addFilter(958)) - Added filter static_user_filter (class=org.apache.hadoop.http.lib.StaticUserWebFilter$StaticUserFilter) to context static
2019-10-08 03:42:17,217 [main] INFO  http.HttpServer2 (HttpServer2.java:bindListener(1191)) - Jetty bound to port 44447
2019-10-08 03:42:17,217 [main] INFO  server.Server (Server.java:doStart(351)) - jetty-9.3.25.v20180904, build timestamp: 2018-09-04T21:11:46Z, git hash: 3ce520221d0240229c862b122d2b06c12a625732
2019-10-08 03:42:17,221 [main] INFO  handler.ContextHandler (ContextHandler.java:doStart(781)) - Started o.e.j.s.ServletContextHandler@421056e5{/logs,file:///workdir/hadoop-ozone/integration-test/target/log,AVAILABLE}
2019-10-08 03:42:17,222 [main] INFO  handler.ContextHandler (ContextHandler.java:doStart(781)) - Started o.e.j.s.ServletContextHandler@60bbacfc{/static,jar:file:/home/user/.m2/repository/org/apache/hadoop/hadoop-hdds-container-service/0.5.0-SNAPSHOT/hadoop-hdds-container-service-0.5.0-SNAPSHOT.jar!/webapps/static,AVAILABLE}
2019-10-08 03:42:17,274 [main] INFO  handler.ContextHandler (ContextHandler.java:doStart(781)) - Started o.e.j.w.WebAppContext@46963479{/,file:///tmp/jetty-0.0.0.0-44447-hddsDatanode-_-any-7513107382167677891.dir/webapp/,AVAILABLE}{/hddsDatanode}
2019-10-08 03:42:17,275 [main] INFO  server.AbstractConnector (AbstractConnector.java:doStart(278)) - Started ServerConnector@7e74a380{HTTP/1.1,[http/1.1]}{0.0.0.0:44447}
2019-10-08 03:42:17,276 [main] INFO  server.Server (Server.java:doStart(419)) - Started @6040ms
2019-10-08 03:42:17,277 [main] WARN  impl.MetricsSystemImpl (MetricsSystemImpl.java:register(276)) - Sink prometheus already exists!
2019-10-08 03:42:17,278 [main] INFO  server.BaseHttpServer (BaseHttpServer.java:updateConnectorAddress(215)) - HTTP server of HDDSDATANODE is listening at http://0.0.0.0:44447
2019-10-08 03:42:17,279 [main] INFO  impl.MetricsSystemImpl (MetricsSystemImpl.java:init(158)) - HddsDatanode metrics system started (again)
2019-10-08 03:42:17,282 [main] INFO  ozone.HddsDatanodeService (HddsDatanodeService.java:start(184)) - HddsDatanodeService host:pr-hdds-2217-jqnfv-3133698562 ip:192.168.151.83
2019-10-08 03:42:17,286 [org.apache.hadoop.util.JvmPauseMonitor$Monitor@3c3eceae] INFO  util.JvmPauseMonitor (JvmPauseMonitor.java:run(188)) - Starting JVM pause monitor
2019-10-08 03:42:17,292 [main] INFO  volume.HddsVolume (HddsVolume.java:<init>(176)) - Creating Volume: /workdir/hadoop-ozone/integration-test/target/test-dir/MiniOzoneClusterImpl-803a9bc2-2fef-4080-b053-fc887ab92aa0/datanode-1/data/containers/hdds of  storage type : DISK and capacity : 1482555576320
2019-10-08 03:42:17,294 [main] INFO  volume.VolumeSet (VolumeSet.java:initializeVolumeSet(170)) - Added Volume : /workdir/hadoop-ozone/integration-test/target/test-dir/MiniOzoneClusterImpl-803a9bc2-2fef-4080-b053-fc887ab92aa0/datanode-1/data/containers/hdds to VolumeSet
2019-10-08 03:42:17,294 [main] INFO  volume.ThrottledAsyncChecker (ThrottledAsyncChecker.java:schedule(139)) - Scheduling a check for org.apache.hadoop.ozone.container.common.volume.HddsVolume@6cd64ee8
2019-10-08 03:42:17,295 [main] INFO  volume.HddsVolumeChecker (HddsVolumeChecker.java:checkAllVolumes(202)) - Scheduled health check for volume org.apache.hadoop.ozone.container.common.volume.HddsVolume@6cd64ee8
2019-10-08 03:42:17,312 [main] INFO  impl.RaftServerProxy (ConfUtils.java:logGet(43)) - raft.rpc.type = GRPC (default)
2019-10-08 03:42:17,312 [main] INFO  grpc.GrpcFactory (GrpcFactory.java:checkPooledByteBufAllocatorUseCacheForAllThreads(45)) - PERFORMANCE WARNING: useCacheForAllThreads is true that may cause Netty to create a lot garbage objects and, as a result, trigger GC.
	It is recommended to disable useCacheForAllThreads by setting -Dorg.apache.ratis.thirdparty.io.netty.allocator.useCacheForAllThreads=false in command line.
2019-10-08 03:42:17,312 [main] INFO  grpc.GrpcConfigKeys$Server (ConfUtils.java:logGet(43)) - raft.grpc.server.port = 0 (default)
2019-10-08 03:42:17,313 [main] INFO  server.GrpcService (ConfUtils.java:logGet(43)) - raft.grpc.message.size.max = 33570816 (custom)
2019-10-08 03:42:17,313 [main] INFO  server.RaftServerConfigKeys (ConfUtils.java:logGet(43)) - raft.server.log.appender.buffer.byte-limit = 33554432 (custom)
2019-10-08 03:42:17,313 [main] INFO  server.GrpcService (ConfUtils.java:logGet(43)) - raft.grpc.flow.control.window = 1MB (=1048576) (default)
2019-10-08 03:42:17,313 [main] INFO  server.RaftServerConfigKeys (ConfUtils.java:logGet(43)) - raft.server.rpc.request.timeout = 3000ms (default)
2019-10-08 03:42:17,314 [main] INFO  server.RaftServerConfigKeys (ConfUtils.java:logGet(43)) - raft.server.storage.dir = [/workdir/hadoop-ozone/integration-test/target/test-dir/MiniOzoneClusterImpl-803a9bc2-2fef-4080-b053-fc887ab92aa0/datanode-1/data/ratis] (custom)
2019-10-08 03:42:17,316 [main] INFO  hdfs.DFSUtil (DFSUtil.java:httpServerTemplateForNNAndJN(1641)) - Starting Web-server for hddsDatanode at: http://0.0.0.0:0
2019-10-08 03:42:17,318 [main] INFO  server.AuthenticationFilter (AuthenticationFilter.java:constructSecretProvider(240)) - Unable to initialize FileSignerSecretProvider, falling back to use random secrets.
2019-10-08 03:42:17,318 [main] WARN  http.HttpRequestLog (HttpRequestLog.java:getRequestLog(97)) - Jetty request log can only be enabled using Log4j
2019-10-08 03:42:17,320 [main] INFO  http.HttpServer2 (HttpServer2.java:addGlobalFilter(975)) - Added global filter 'safety' (class=org.apache.hadoop.http.HttpServer2$QuotingInputFilter)
2019-10-08 03:42:17,321 [main] INFO  http.HttpServer2 (HttpServer2.java:addFilter(948)) - Added filter static_user_filter (class=org.apache.hadoop.http.lib.StaticUserWebFilter$StaticUserFilter) to context hddsDatanode
2019-10-08 03:42:17,321 [main] INFO  http.HttpServer2 (HttpServer2.java:addFilter(958)) - Added filter static_user_filter (class=org.apache.hadoop.http.lib.StaticUserWebFilter$StaticUserFilter) to context static
2019-10-08 03:42:17,321 [main] INFO  http.HttpServer2 (HttpServer2.java:addFilter(958)) - Added filter static_user_filter (class=org.apache.hadoop.http.lib.StaticUserWebFilter$StaticUserFilter) to context logs
2019-10-08 03:42:17,323 [main] INFO  http.HttpServer2 (HttpServer2.java:bindListener(1191)) - Jetty bound to port 46038
2019-10-08 03:42:17,323 [main] INFO  server.Server (Server.java:doStart(351)) - jetty-9.3.25.v20180904, build timestamp: 2018-09-04T21:11:46Z, git hash: 3ce520221d0240229c862b122d2b06c12a625732
2019-10-08 03:42:17,327 [main] INFO  handler.ContextHandler (ContextHandler.java:doStart(781)) - Started o.e.j.s.ServletContextHandler@77bbadc{/logs,file:///workdir/hadoop-ozone/integration-test/target/log,AVAILABLE}
2019-10-08 03:42:17,327 [main] INFO  handler.ContextHandler (ContextHandler.java:doStart(781)) - Started o.e.j.s.ServletContextHandler@7ceb4478{/static,jar:file:/home/user/.m2/repository/org/apache/hadoop/hadoop-hdds-container-service/0.5.0-SNAPSHOT/hadoop-hdds-container-service-0.5.0-SNAPSHOT.jar!/webapps/static,AVAILABLE}
2019-10-08 03:42:17,361 [main] INFO  handler.ContextHandler (ContextHandler.java:doStart(781)) - Started o.e.j.w.WebAppContext@7fe82967{/,file:///tmp/jetty-0.0.0.0-46038-hddsDatanode-_-any-1564226977701374255.dir/webapp/,AVAILABLE}{/hddsDatanode}
2019-10-08 03:42:17,362 [main] INFO  server.AbstractConnector (AbstractConnector.java:doStart(278)) - Started ServerConnector@50850539{HTTP/1.1,[http/1.1]}{0.0.0.0:46038}
2019-10-08 03:42:17,362 [main] INFO  server.Server (Server.java:doStart(419)) - Started @6127ms
2019-10-08 03:42:17,364 [main] WARN  impl.MetricsSystemImpl (MetricsSystemImpl.java:register(276)) - Sink prometheus already exists!
2019-10-08 03:42:17,365 [main] INFO  server.BaseHttpServer (BaseHttpServer.java:updateConnectorAddress(215)) - HTTP server of HDDSDATANODE is listening at http://0.0.0.0:46038
2019-10-08 03:42:17,365 [main] INFO  impl.MetricsSystemImpl (MetricsSystemImpl.java:init(158)) - HddsDatanode metrics system started (again)
2019-10-08 03:42:17,369 [org.apache.hadoop.util.JvmPauseMonitor$Monitor@447fe8ef] INFO  util.JvmPauseMonitor (JvmPauseMonitor.java:run(188)) - Starting JVM pause monitor
2019-10-08 03:42:17,369 [main] INFO  ozone.HddsDatanodeService (HddsDatanodeService.java:start(184)) - HddsDatanodeService host:pr-hdds-2217-jqnfv-3133698562 ip:192.168.151.83
2019-10-08 03:42:17,379 [main] INFO  volume.HddsVolume (HddsVolume.java:<init>(176)) - Creating Volume: /workdir/hadoop-ozone/integration-test/target/test-dir/MiniOzoneClusterImpl-803a9bc2-2fef-4080-b053-fc887ab92aa0/datanode-2/data/containers/hdds of  storage type : DISK and capacity : 1482555576320
2019-10-08 03:42:17,380 [main] INFO  volume.VolumeSet (VolumeSet.java:initializeVolumeSet(170)) - Added Volume : /workdir/hadoop-ozone/integration-test/target/test-dir/MiniOzoneClusterImpl-803a9bc2-2fef-4080-b053-fc887ab92aa0/datanode-2/data/containers/hdds to VolumeSet
2019-10-08 03:42:17,380 [main] INFO  volume.ThrottledAsyncChecker (ThrottledAsyncChecker.java:schedule(139)) - Scheduling a check for org.apache.hadoop.ozone.container.common.volume.HddsVolume@77b919a3
2019-10-08 03:42:17,381 [main] INFO  volume.HddsVolumeChecker (HddsVolumeChecker.java:checkAllVolumes(202)) - Scheduled health check for volume org.apache.hadoop.ozone.container.common.volume.HddsVolume@77b919a3
2019-10-08 03:42:17,398 [main] INFO  impl.RaftServerProxy (ConfUtils.java:logGet(43)) - raft.rpc.type = GRPC (default)
2019-10-08 03:42:17,399 [main] INFO  grpc.GrpcFactory (GrpcFactory.java:checkPooledByteBufAllocatorUseCacheForAllThreads(45)) - PERFORMANCE WARNING: useCacheForAllThreads is true that may cause Netty to create a lot garbage objects and, as a result, trigger GC.
	It is recommended to disable useCacheForAllThreads by setting -Dorg.apache.ratis.thirdparty.io.netty.allocator.useCacheForAllThreads=false in command line.
2019-10-08 03:42:17,399 [main] INFO  grpc.GrpcConfigKeys$Server (ConfUtils.java:logGet(43)) - raft.grpc.server.port = 0 (default)
2019-10-08 03:42:17,399 [main] INFO  server.GrpcService (ConfUtils.java:logGet(43)) - raft.grpc.message.size.max = 33570816 (custom)
2019-10-08 03:42:17,399 [main] INFO  server.RaftServerConfigKeys (ConfUtils.java:logGet(43)) - raft.server.log.appender.buffer.byte-limit = 33554432 (custom)
2019-10-08 03:42:17,400 [main] INFO  server.GrpcService (ConfUtils.java:logGet(43)) - raft.grpc.flow.control.window = 1MB (=1048576) (default)
2019-10-08 03:42:17,400 [main] INFO  server.RaftServerConfigKeys (ConfUtils.java:logGet(43)) - raft.server.rpc.request.timeout = 3000ms (default)
2019-10-08 03:42:17,401 [main] INFO  server.RaftServerConfigKeys (ConfUtils.java:logGet(43)) - raft.server.storage.dir = [/workdir/hadoop-ozone/integration-test/target/test-dir/MiniOzoneClusterImpl-803a9bc2-2fef-4080-b053-fc887ab92aa0/datanode-2/data/ratis] (custom)
2019-10-08 03:42:17,403 [main] INFO  hdfs.DFSUtil (DFSUtil.java:httpServerTemplateForNNAndJN(1641)) - Starting Web-server for hddsDatanode at: http://0.0.0.0:0
2019-10-08 03:42:17,404 [main] INFO  server.AuthenticationFilter (AuthenticationFilter.java:constructSecretProvider(240)) - Unable to initialize FileSignerSecretProvider, falling back to use random secrets.
2019-10-08 03:42:17,405 [main] WARN  http.HttpRequestLog (HttpRequestLog.java:getRequestLog(97)) - Jetty request log can only be enabled using Log4j
2019-10-08 03:42:17,406 [main] INFO  http.HttpServer2 (HttpServer2.java:addGlobalFilter(975)) - Added global filter 'safety' (class=org.apache.hadoop.http.HttpServer2$QuotingInputFilter)
2019-10-08 03:42:17,407 [main] INFO  http.HttpServer2 (HttpServer2.java:addFilter(948)) - Added filter static_user_filter (class=org.apache.hadoop.http.lib.StaticUserWebFilter$StaticUserFilter) to context hddsDatanode
2019-10-08 03:42:17,407 [main] INFO  http.HttpServer2 (HttpServer2.java:addFilter(958)) - Added filter static_user_filter (class=org.apache.hadoop.http.lib.StaticUserWebFilter$StaticUserFilter) to context static
2019-10-08 03:42:17,408 [main] INFO  http.HttpServer2 (HttpServer2.java:addFilter(958)) - Added filter static_user_filter (class=org.apache.hadoop.http.lib.StaticUserWebFilter$StaticUserFilter) to context logs
2019-10-08 03:42:17,408 [main] INFO  http.HttpServer2 (HttpServer2.java:bindListener(1191)) - Jetty bound to port 43086
2019-10-08 03:42:17,409 [main] INFO  server.Server (Server.java:doStart(351)) - jetty-9.3.25.v20180904, build timestamp: 2018-09-04T21:11:46Z, git hash: 3ce520221d0240229c862b122d2b06c12a625732
2019-10-08 03:42:17,412 [main] INFO  handler.ContextHandler (ContextHandler.java:doStart(781)) - Started o.e.j.s.ServletContextHandler@56da7487{/logs,file:///workdir/hadoop-ozone/integration-test/target/log,AVAILABLE}
2019-10-08 03:42:17,413 [main] INFO  handler.ContextHandler (ContextHandler.java:doStart(781)) - Started o.e.j.s.ServletContextHandler@328d044f{/static,jar:file:/home/user/.m2/repository/org/apache/hadoop/hadoop-hdds-container-service/0.5.0-SNAPSHOT/hadoop-hdds-container-service-0.5.0-SNAPSHOT.jar!/webapps/static,AVAILABLE}
2019-10-08 03:42:17,416 [Datanode State Machine Thread - 0] INFO  datanode.InitDatanodeState (InitDatanodeState.java:persistContainerDatanodeDetails(140)) - DatanodeDetails is persisted to /workdir/hadoop-ozone/integration-test/target/test-dir/MiniOzoneClusterImpl-803a9bc2-2fef-4080-b053-fc887ab92aa0/datanode-0/meta/datanode.id
2019-10-08 03:42:17,421 [Datanode State Machine Thread - 0] INFO  datanode.InitDatanodeState (InitDatanodeState.java:persistContainerDatanodeDetails(140)) - DatanodeDetails is persisted to /workdir/hadoop-ozone/integration-test/target/test-dir/MiniOzoneClusterImpl-803a9bc2-2fef-4080-b053-fc887ab92aa0/datanode-1/meta/datanode.id
2019-10-08 03:42:17,447 [main] INFO  handler.ContextHandler (ContextHandler.java:doStart(781)) - Started o.e.j.w.WebAppContext@5484117b{/,file:///tmp/jetty-0.0.0.0-43086-hddsDatanode-_-any-554417463979344698.dir/webapp/,AVAILABLE}{/hddsDatanode}
2019-10-08 03:42:17,448 [main] INFO  server.AbstractConnector (AbstractConnector.java:doStart(278)) - Started ServerConnector@37df14d1{HTTP/1.1,[http/1.1]}{0.0.0.0:43086}
2019-10-08 03:42:17,449 [main] INFO  server.Server (Server.java:doStart(419)) - Started @6213ms
2019-10-08 03:42:17,449 [main] WARN  impl.MetricsSystemImpl (MetricsSystemImpl.java:register(276)) - Sink prometheus already exists!
2019-10-08 03:42:17,450 [main] INFO  server.BaseHttpServer (BaseHttpServer.java:updateConnectorAddress(215)) - HTTP server of HDDSDATANODE is listening at http://0.0.0.0:43086
2019-10-08 03:42:17,451 [main] INFO  impl.MetricsSystemImpl (MetricsSystemImpl.java:init(158)) - HddsDatanode metrics system started (again)
2019-10-08 03:42:17,454 [org.apache.hadoop.util.JvmPauseMonitor$Monitor@2afec57f] INFO  util.JvmPauseMonitor (JvmPauseMonitor.java:run(188)) - Starting JVM pause monitor
2019-10-08 03:42:17,454 [main] INFO  ozone.HddsDatanodeService (HddsDatanodeService.java:start(184)) - HddsDatanodeService host:pr-hdds-2217-jqnfv-3133698562 ip:192.168.151.83
2019-10-08 03:42:17,457 [Datanode State Machine Thread - 0] INFO  datanode.InitDatanodeState (InitDatanodeState.java:persistContainerDatanodeDetails(140)) - DatanodeDetails is persisted to /workdir/hadoop-ozone/integration-test/target/test-dir/MiniOzoneClusterImpl-803a9bc2-2fef-4080-b053-fc887ab92aa0/datanode-2/meta/datanode.id
2019-10-08 03:42:17,464 [main] INFO  volume.HddsVolume (HddsVolume.java:<init>(176)) - Creating Volume: /workdir/hadoop-ozone/integration-test/target/test-dir/MiniOzoneClusterImpl-803a9bc2-2fef-4080-b053-fc887ab92aa0/datanode-3/data/containers/hdds of  storage type : DISK and capacity : 1482555576320
2019-10-08 03:42:17,464 [main] INFO  volume.VolumeSet (VolumeSet.java:initializeVolumeSet(170)) - Added Volume : /workdir/hadoop-ozone/integration-test/target/test-dir/MiniOzoneClusterImpl-803a9bc2-2fef-4080-b053-fc887ab92aa0/datanode-3/data/containers/hdds to VolumeSet
2019-10-08 03:42:17,464 [main] INFO  volume.ThrottledAsyncChecker (ThrottledAsyncChecker.java:schedule(139)) - Scheduling a check for org.apache.hadoop.ozone.container.common.volume.HddsVolume@97d0c06
2019-10-08 03:42:17,465 [main] INFO  volume.HddsVolumeChecker (HddsVolumeChecker.java:checkAllVolumes(202)) - Scheduled health check for volume org.apache.hadoop.ozone.container.common.volume.HddsVolume@97d0c06
2019-10-08 03:42:17,480 [main] INFO  impl.RaftServerProxy (ConfUtils.java:logGet(43)) - raft.rpc.type = GRPC (default)
2019-10-08 03:42:17,480 [main] INFO  grpc.GrpcFactory (GrpcFactory.java:checkPooledByteBufAllocatorUseCacheForAllThreads(45)) - PERFORMANCE WARNING: useCacheForAllThreads is true that may cause Netty to create a lot garbage objects and, as a result, trigger GC.
	It is recommended to disable useCacheForAllThreads by setting -Dorg.apache.ratis.thirdparty.io.netty.allocator.useCacheForAllThreads=false in command line.
2019-10-08 03:42:17,480 [main] INFO  grpc.GrpcConfigKeys$Server (ConfUtils.java:logGet(43)) - raft.grpc.server.port = 0 (default)
2019-10-08 03:42:17,481 [main] INFO  server.GrpcService (ConfUtils.java:logGet(43)) - raft.grpc.message.size.max = 33570816 (custom)
2019-10-08 03:42:17,481 [main] INFO  server.RaftServerConfigKeys (ConfUtils.java:logGet(43)) - raft.server.log.appender.buffer.byte-limit = 33554432 (custom)
2019-10-08 03:42:17,481 [main] INFO  server.GrpcService (ConfUtils.java:logGet(43)) - raft.grpc.flow.control.window = 1MB (=1048576) (default)
2019-10-08 03:42:17,481 [main] INFO  server.RaftServerConfigKeys (ConfUtils.java:logGet(43)) - raft.server.rpc.request.timeout = 3000ms (default)
2019-10-08 03:42:17,482 [main] INFO  server.RaftServerConfigKeys (ConfUtils.java:logGet(43)) - raft.server.storage.dir = [/workdir/hadoop-ozone/integration-test/target/test-dir/MiniOzoneClusterImpl-803a9bc2-2fef-4080-b053-fc887ab92aa0/datanode-3/data/ratis] (custom)
2019-10-08 03:42:17,483 [main] INFO  hdfs.DFSUtil (DFSUtil.java:httpServerTemplateForNNAndJN(1641)) - Starting Web-server for hddsDatanode at: http://0.0.0.0:0
2019-10-08 03:42:17,484 [main] INFO  server.AuthenticationFilter (AuthenticationFilter.java:constructSecretProvider(240)) - Unable to initialize FileSignerSecretProvider, falling back to use random secrets.
2019-10-08 03:42:17,485 [main] WARN  http.HttpRequestLog (HttpRequestLog.java:getRequestLog(97)) - Jetty request log can only be enabled using Log4j
2019-10-08 03:42:17,486 [main] INFO  http.HttpServer2 (HttpServer2.java:addGlobalFilter(975)) - Added global filter 'safety' (class=org.apache.hadoop.http.HttpServer2$QuotingInputFilter)
2019-10-08 03:42:17,487 [main] INFO  http.HttpServer2 (HttpServer2.java:addFilter(948)) - Added filter static_user_filter (class=org.apache.hadoop.http.lib.StaticUserWebFilter$StaticUserFilter) to context hddsDatanode
2019-10-08 03:42:17,487 [main] INFO  http.HttpServer2 (HttpServer2.java:addFilter(958)) - Added filter static_user_filter (class=org.apache.hadoop.http.lib.StaticUserWebFilter$StaticUserFilter) to context static
2019-10-08 03:42:17,487 [main] INFO  http.HttpServer2 (HttpServer2.java:addFilter(958)) - Added filter static_user_filter (class=org.apache.hadoop.http.lib.StaticUserWebFilter$StaticUserFilter) to context logs
2019-10-08 03:42:17,488 [main] INFO  http.HttpServer2 (HttpServer2.java:bindListener(1191)) - Jetty bound to port 36678
2019-10-08 03:42:17,488 [main] INFO  server.Server (Server.java:doStart(351)) - jetty-9.3.25.v20180904, build timestamp: 2018-09-04T21:11:46Z, git hash: 3ce520221d0240229c862b122d2b06c12a625732
2019-10-08 03:42:17,492 [main] INFO  handler.ContextHandler (ContextHandler.java:doStart(781)) - Started o.e.j.s.ServletContextHandler@6caf7803{/logs,file:///workdir/hadoop-ozone/integration-test/target/log,AVAILABLE}
2019-10-08 03:42:17,492 [main] INFO  handler.ContextHandler (ContextHandler.java:doStart(781)) - Started o.e.j.s.ServletContextHandler@698fee9a{/static,jar:file:/home/user/.m2/repository/org/apache/hadoop/hadoop-hdds-container-service/0.5.0-SNAPSHOT/hadoop-hdds-container-service-0.5.0-SNAPSHOT.jar!/webapps/static,AVAILABLE}
2019-10-08 03:42:17,521 [main] INFO  handler.ContextHandler (ContextHandler.java:doStart(781)) - Started o.e.j.w.WebAppContext@39a87e72{/,file:///tmp/jetty-0.0.0.0-36678-hddsDatanode-_-any-1522213367991324861.dir/webapp/,AVAILABLE}{/hddsDatanode}
2019-10-08 03:42:17,522 [main] INFO  server.AbstractConnector (AbstractConnector.java:doStart(278)) - Started ServerConnector@5d2828c9{HTTP/1.1,[http/1.1]}{0.0.0.0:36678}
2019-10-08 03:42:17,523 [main] INFO  server.Server (Server.java:doStart(419)) - Started @6287ms
2019-10-08 03:42:17,524 [main] WARN  impl.MetricsSystemImpl (MetricsSystemImpl.java:register(276)) - Sink prometheus already exists!
2019-10-08 03:42:17,525 [main] INFO  server.BaseHttpServer (BaseHttpServer.java:updateConnectorAddress(215)) - HTTP server of HDDSDATANODE is listening at http://0.0.0.0:36678
2019-10-08 03:42:17,525 [main] INFO  impl.MetricsSystemImpl (MetricsSystemImpl.java:init(158)) - HddsDatanode metrics system started (again)
2019-10-08 03:42:17,528 [main] INFO  ozone.HddsDatanodeService (HddsDatanodeService.java:start(184)) - HddsDatanodeService host:pr-hdds-2217-jqnfv-3133698562 ip:192.168.151.83
2019-10-08 03:42:17,528 [org.apache.hadoop.util.JvmPauseMonitor$Monitor@4f023768] INFO  util.JvmPauseMonitor (JvmPauseMonitor.java:run(188)) - Starting JVM pause monitor
2019-10-08 03:42:17,532 [Datanode State Machine Thread - 0] INFO  datanode.InitDatanodeState (InitDatanodeState.java:persistContainerDatanodeDetails(140)) - DatanodeDetails is persisted to /workdir/hadoop-ozone/integration-test/target/test-dir/MiniOzoneClusterImpl-803a9bc2-2fef-4080-b053-fc887ab92aa0/datanode-3/meta/datanode.id
2019-10-08 03:42:17,539 [main] INFO  volume.HddsVolume (HddsVolume.java:<init>(176)) - Creating Volume: /workdir/hadoop-ozone/integration-test/target/test-dir/MiniOzoneClusterImpl-803a9bc2-2fef-4080-b053-fc887ab92aa0/datanode-4/data/containers/hdds of  storage type : DISK and capacity : 1482555576320
2019-10-08 03:42:17,539 [main] INFO  volume.VolumeSet (VolumeSet.java:initializeVolumeSet(170)) - Added Volume : /workdir/hadoop-ozone/integration-test/target/test-dir/MiniOzoneClusterImpl-803a9bc2-2fef-4080-b053-fc887ab92aa0/datanode-4/data/containers/hdds to VolumeSet
2019-10-08 03:42:17,539 [main] INFO  volume.ThrottledAsyncChecker (ThrottledAsyncChecker.java:schedule(139)) - Scheduling a check for org.apache.hadoop.ozone.container.common.volume.HddsVolume@67e13bd0
2019-10-08 03:42:17,540 [main] INFO  volume.HddsVolumeChecker (HddsVolumeChecker.java:checkAllVolumes(202)) - Scheduled health check for volume org.apache.hadoop.ozone.container.common.volume.HddsVolume@67e13bd0
2019-10-08 03:42:17,552 [main] INFO  impl.RaftServerProxy (ConfUtils.java:logGet(43)) - raft.rpc.type = GRPC (default)
2019-10-08 03:42:17,552 [main] INFO  grpc.GrpcFactory (GrpcFactory.java:checkPooledByteBufAllocatorUseCacheForAllThreads(45)) - PERFORMANCE WARNING: useCacheForAllThreads is true that may cause Netty to create a lot garbage objects and, as a result, trigger GC.
	It is recommended to disable useCacheForAllThreads by setting -Dorg.apache.ratis.thirdparty.io.netty.allocator.useCacheForAllThreads=false in command line.
2019-10-08 03:42:17,552 [main] INFO  grpc.GrpcConfigKeys$Server (ConfUtils.java:logGet(43)) - raft.grpc.server.port = 0 (default)
2019-10-08 03:42:17,553 [main] INFO  server.GrpcService (ConfUtils.java:logGet(43)) - raft.grpc.message.size.max = 33570816 (custom)
2019-10-08 03:42:17,553 [main] INFO  server.RaftServerConfigKeys (ConfUtils.java:logGet(43)) - raft.server.log.appender.buffer.byte-limit = 33554432 (custom)
2019-10-08 03:42:17,553 [main] INFO  server.GrpcService (ConfUtils.java:logGet(43)) - raft.grpc.flow.control.window = 1MB (=1048576) (default)
2019-10-08 03:42:17,553 [main] INFO  server.RaftServerConfigKeys (ConfUtils.java:logGet(43)) - raft.server.rpc.request.timeout = 3000ms (default)
2019-10-08 03:42:17,554 [main] INFO  server.RaftServerConfigKeys (ConfUtils.java:logGet(43)) - raft.server.storage.dir = [/workdir/hadoop-ozone/integration-test/target/test-dir/MiniOzoneClusterImpl-803a9bc2-2fef-4080-b053-fc887ab92aa0/datanode-4/data/ratis] (custom)
2019-10-08 03:42:17,555 [main] INFO  hdfs.DFSUtil (DFSUtil.java:httpServerTemplateForNNAndJN(1641)) - Starting Web-server for hddsDatanode at: http://0.0.0.0:0
2019-10-08 03:42:17,557 [main] INFO  server.AuthenticationFilter (AuthenticationFilter.java:constructSecretProvider(240)) - Unable to initialize FileSignerSecretProvider, falling back to use random secrets.
2019-10-08 03:42:17,557 [main] WARN  http.HttpRequestLog (HttpRequestLog.java:getRequestLog(97)) - Jetty request log can only be enabled using Log4j
2019-10-08 03:42:17,559 [main] INFO  http.HttpServer2 (HttpServer2.java:addGlobalFilter(975)) - Added global filter 'safety' (class=org.apache.hadoop.http.HttpServer2$QuotingInputFilter)
2019-10-08 03:42:17,559 [main] INFO  http.HttpServer2 (HttpServer2.java:addFilter(948)) - Added filter static_user_filter (class=org.apache.hadoop.http.lib.StaticUserWebFilter$StaticUserFilter) to context hddsDatanode
2019-10-08 03:42:17,560 [main] INFO  http.HttpServer2 (HttpServer2.java:addFilter(958)) - Added filter static_user_filter (class=org.apache.hadoop.http.lib.StaticUserWebFilter$StaticUserFilter) to context logs
2019-10-08 03:42:17,560 [main] INFO  http.HttpServer2 (HttpServer2.java:addFilter(958)) - Added filter static_user_filter (class=org.apache.hadoop.http.lib.StaticUserWebFilter$StaticUserFilter) to context static
2019-10-08 03:42:17,561 [main] INFO  http.HttpServer2 (HttpServer2.java:bindListener(1191)) - Jetty bound to port 37627
2019-10-08 03:42:17,561 [main] INFO  server.Server (Server.java:doStart(351)) - jetty-9.3.25.v20180904, build timestamp: 2018-09-04T21:11:46Z, git hash: 3ce520221d0240229c862b122d2b06c12a625732
2019-10-08 03:42:17,562 [main] INFO  handler.ContextHandler (ContextHandler.java:doStart(781)) - Started o.e.j.s.ServletContextHandler@2f84acf7{/logs,file:///workdir/hadoop-ozone/integration-test/target/log,AVAILABLE}
2019-10-08 03:42:17,563 [main] INFO  handler.ContextHandler (ContextHandler.java:doStart(781)) - Started o.e.j.s.ServletContextHandler@372ca2d6{/static,jar:file:/home/user/.m2/repository/org/apache/hadoop/hadoop-hdds-container-service/0.5.0-SNAPSHOT/hadoop-hdds-container-service-0.5.0-SNAPSHOT.jar!/webapps/static,AVAILABLE}
2019-10-08 03:42:17,592 [main] INFO  handler.ContextHandler (ContextHandler.java:doStart(781)) - Started o.e.j.w.WebAppContext@2f5b8250{/,file:///tmp/jetty-0.0.0.0-37627-hddsDatanode-_-any-6576152609846770579.dir/webapp/,AVAILABLE}{/hddsDatanode}
2019-10-08 03:42:17,594 [main] INFO  server.AbstractConnector (AbstractConnector.java:doStart(278)) - Started ServerConnector@4821aa9f{HTTP/1.1,[http/1.1]}{0.0.0.0:37627}
2019-10-08 03:42:17,594 [main] INFO  server.Server (Server.java:doStart(419)) - Started @6358ms
2019-10-08 03:42:17,594 [main] WARN  impl.MetricsSystemImpl (MetricsSystemImpl.java:register(276)) - Sink prometheus already exists!
2019-10-08 03:42:17,595 [main] INFO  server.BaseHttpServer (BaseHttpServer.java:updateConnectorAddress(215)) - HTTP server of HDDSDATANODE is listening at http://0.0.0.0:37627
2019-10-08 03:42:17,595 [main] INFO  impl.MetricsSystemImpl (MetricsSystemImpl.java:init(158)) - HddsDatanode metrics system started (again)
2019-10-08 03:42:17,599 [main] INFO  ozone.HddsDatanodeService (HddsDatanodeService.java:start(184)) - HddsDatanodeService host:pr-hdds-2217-jqnfv-3133698562 ip:192.168.151.83
2019-10-08 03:42:17,599 [org.apache.hadoop.util.JvmPauseMonitor$Monitor@5d5113e0] INFO  util.JvmPauseMonitor (JvmPauseMonitor.java:run(188)) - Starting JVM pause monitor
2019-10-08 03:42:17,603 [Datanode State Machine Thread - 0] INFO  datanode.InitDatanodeState (InitDatanodeState.java:persistContainerDatanodeDetails(140)) - DatanodeDetails is persisted to /workdir/hadoop-ozone/integration-test/target/test-dir/MiniOzoneClusterImpl-803a9bc2-2fef-4080-b053-fc887ab92aa0/datanode-4/meta/datanode.id
2019-10-08 03:42:17,610 [main] INFO  volume.HddsVolume (HddsVolume.java:<init>(176)) - Creating Volume: /workdir/hadoop-ozone/integration-test/target/test-dir/MiniOzoneClusterImpl-803a9bc2-2fef-4080-b053-fc887ab92aa0/datanode-5/data/containers/hdds of  storage type : DISK and capacity : 1482555576320
2019-10-08 03:42:17,611 [main] INFO  volume.VolumeSet (VolumeSet.java:initializeVolumeSet(170)) - Added Volume : /workdir/hadoop-ozone/integration-test/target/test-dir/MiniOzoneClusterImpl-803a9bc2-2fef-4080-b053-fc887ab92aa0/datanode-5/data/containers/hdds to VolumeSet
2019-10-08 03:42:17,611 [main] INFO  volume.ThrottledAsyncChecker (ThrottledAsyncChecker.java:schedule(139)) - Scheduling a check for org.apache.hadoop.ozone.container.common.volume.HddsVolume@21505815
2019-10-08 03:42:17,612 [main] INFO  volume.HddsVolumeChecker (HddsVolumeChecker.java:checkAllVolumes(202)) - Scheduled health check for volume org.apache.hadoop.ozone.container.common.volume.HddsVolume@21505815
2019-10-08 03:42:17,633 [main] INFO  impl.RaftServerProxy (ConfUtils.java:logGet(43)) - raft.rpc.type = GRPC (default)
2019-10-08 03:42:17,633 [main] INFO  grpc.GrpcFactory (GrpcFactory.java:checkPooledByteBufAllocatorUseCacheForAllThreads(45)) - PERFORMANCE WARNING: useCacheForAllThreads is true that may cause Netty to create a lot garbage objects and, as a result, trigger GC.
	It is recommended to disable useCacheForAllThreads by setting -Dorg.apache.ratis.thirdparty.io.netty.allocator.useCacheForAllThreads=false in command line.
2019-10-08 03:42:17,634 [main] INFO  grpc.GrpcConfigKeys$Server (ConfUtils.java:logGet(43)) - raft.grpc.server.port = 0 (default)
2019-10-08 03:42:17,634 [main] INFO  server.GrpcService (ConfUtils.java:logGet(43)) - raft.grpc.message.size.max = 33570816 (custom)
2019-10-08 03:42:17,634 [main] INFO  server.RaftServerConfigKeys (ConfUtils.java:logGet(43)) - raft.server.log.appender.buffer.byte-limit = 33554432 (custom)
2019-10-08 03:42:17,635 [main] INFO  server.GrpcService (ConfUtils.java:logGet(43)) - raft.grpc.flow.control.window = 1MB (=1048576) (default)
2019-10-08 03:42:17,635 [main] INFO  server.RaftServerConfigKeys (ConfUtils.java:logGet(43)) - raft.server.rpc.request.timeout = 3000ms (default)
2019-10-08 03:42:17,636 [main] INFO  server.RaftServerConfigKeys (ConfUtils.java:logGet(43)) - raft.server.storage.dir = [/workdir/hadoop-ozone/integration-test/target/test-dir/MiniOzoneClusterImpl-803a9bc2-2fef-4080-b053-fc887ab92aa0/datanode-5/data/ratis] (custom)
2019-10-08 03:42:17,638 [main] INFO  hdfs.DFSUtil (DFSUtil.java:httpServerTemplateForNNAndJN(1641)) - Starting Web-server for hddsDatanode at: http://0.0.0.0:0
2019-10-08 03:42:17,639 [main] INFO  server.AuthenticationFilter (AuthenticationFilter.java:constructSecretProvider(240)) - Unable to initialize FileSignerSecretProvider, falling back to use random secrets.
2019-10-08 03:42:17,640 [main] WARN  http.HttpRequestLog (HttpRequestLog.java:getRequestLog(97)) - Jetty request log can only be enabled using Log4j
2019-10-08 03:42:17,642 [main] INFO  http.HttpServer2 (HttpServer2.java:addGlobalFilter(975)) - Added global filter 'safety' (class=org.apache.hadoop.http.HttpServer2$QuotingInputFilter)
2019-10-08 03:42:17,642 [main] INFO  http.HttpServer2 (HttpServer2.java:addFilter(948)) - Added filter static_user_filter (class=org.apache.hadoop.http.lib.StaticUserWebFilter$StaticUserFilter) to context hddsDatanode
2019-10-08 03:42:17,642 [main] INFO  http.HttpServer2 (HttpServer2.java:addFilter(958)) - Added filter static_user_filter (class=org.apache.hadoop.http.lib.StaticUserWebFilter$StaticUserFilter) to context logs
2019-10-08 03:42:17,643 [main] INFO  http.HttpServer2 (HttpServer2.java:addFilter(958)) - Added filter static_user_filter (class=org.apache.hadoop.http.lib.StaticUserWebFilter$StaticUserFilter) to context static
2019-10-08 03:42:17,643 [main] INFO  http.HttpServer2 (HttpServer2.java:bindListener(1191)) - Jetty bound to port 40374
2019-10-08 03:42:17,644 [main] INFO  server.Server (Server.java:doStart(351)) - jetty-9.3.25.v20180904, build timestamp: 2018-09-04T21:11:46Z, git hash: 3ce520221d0240229c862b122d2b06c12a625732
2019-10-08 03:42:17,646 [main] INFO  handler.ContextHandler (ContextHandler.java:doStart(781)) - Started o.e.j.s.ServletContextHandler@6e041285{/logs,file:///workdir/hadoop-ozone/integration-test/target/log,AVAILABLE}
2019-10-08 03:42:17,646 [main] INFO  handler.ContextHandler (ContextHandler.java:doStart(781)) - Started o.e.j.s.ServletContextHandler@439b15f2{/static,jar:file:/home/user/.m2/repository/org/apache/hadoop/hadoop-hdds-container-service/0.5.0-SNAPSHOT/hadoop-hdds-container-service-0.5.0-SNAPSHOT.jar!/webapps/static,AVAILABLE}
2019-10-08 03:42:17,684 [main] INFO  handler.ContextHandler (ContextHandler.java:doStart(781)) - Started o.e.j.w.WebAppContext@63884e4{/,file:///tmp/jetty-0.0.0.0-40374-hddsDatanode-_-any-8036405919902325581.dir/webapp/,AVAILABLE}{/hddsDatanode}
2019-10-08 03:42:17,686 [main] INFO  server.AbstractConnector (AbstractConnector.java:doStart(278)) - Started ServerConnector@524270b8{HTTP/1.1,[http/1.1]}{0.0.0.0:40374}
2019-10-08 03:42:17,686 [main] INFO  server.Server (Server.java:doStart(419)) - Started @6451ms
2019-10-08 03:42:17,686 [main] WARN  impl.MetricsSystemImpl (MetricsSystemImpl.java:register(276)) - Sink prometheus already exists!
2019-10-08 03:42:17,688 [main] INFO  server.BaseHttpServer (BaseHttpServer.java:updateConnectorAddress(215)) - HTTP server of HDDSDATANODE is listening at http://0.0.0.0:40374
2019-10-08 03:42:17,688 [main] INFO  impl.MetricsSystemImpl (MetricsSystemImpl.java:init(158)) - HddsDatanode metrics system started (again)
2019-10-08 03:42:17,691 [org.apache.hadoop.util.JvmPauseMonitor$Monitor@1ccd6249] INFO  util.JvmPauseMonitor (JvmPauseMonitor.java:run(188)) - Starting JVM pause monitor
2019-10-08 03:42:17,693 [main] INFO  ozone.HddsDatanodeService (HddsDatanodeService.java:start(184)) - HddsDatanodeService host:pr-hdds-2217-jqnfv-3133698562 ip:192.168.151.83
2019-10-08 03:42:17,695 [Datanode State Machine Thread - 0] INFO  datanode.InitDatanodeState (InitDatanodeState.java:persistContainerDatanodeDetails(140)) - DatanodeDetails is persisted to /workdir/hadoop-ozone/integration-test/target/test-dir/MiniOzoneClusterImpl-803a9bc2-2fef-4080-b053-fc887ab92aa0/datanode-5/meta/datanode.id
2019-10-08 03:42:17,702 [main] INFO  volume.HddsVolume (HddsVolume.java:<init>(176)) - Creating Volume: /workdir/hadoop-ozone/integration-test/target/test-dir/MiniOzoneClusterImpl-803a9bc2-2fef-4080-b053-fc887ab92aa0/datanode-6/data/containers/hdds of  storage type : DISK and capacity : 1482555576320
2019-10-08 03:42:17,702 [main] INFO  volume.VolumeSet (VolumeSet.java:initializeVolumeSet(170)) - Added Volume : /workdir/hadoop-ozone/integration-test/target/test-dir/MiniOzoneClusterImpl-803a9bc2-2fef-4080-b053-fc887ab92aa0/datanode-6/data/containers/hdds to VolumeSet
2019-10-08 03:42:17,703 [main] INFO  volume.ThrottledAsyncChecker (ThrottledAsyncChecker.java:schedule(139)) - Scheduling a check for org.apache.hadoop.ozone.container.common.volume.HddsVolume@1ab5f08a
2019-10-08 03:42:17,703 [main] INFO  volume.HddsVolumeChecker (HddsVolumeChecker.java:checkAllVolumes(202)) - Scheduled health check for volume org.apache.hadoop.ozone.container.common.volume.HddsVolume@1ab5f08a
2019-10-08 03:42:17,718 [main] INFO  impl.RaftServerProxy (ConfUtils.java:logGet(43)) - raft.rpc.type = GRPC (default)
2019-10-08 03:42:17,719 [main] INFO  grpc.GrpcFactory (GrpcFactory.java:checkPooledByteBufAllocatorUseCacheForAllThreads(45)) - PERFORMANCE WARNING: useCacheForAllThreads is true that may cause Netty to create a lot garbage objects and, as a result, trigger GC.
	It is recommended to disable useCacheForAllThreads by setting -Dorg.apache.ratis.thirdparty.io.netty.allocator.useCacheForAllThreads=false in command line.
2019-10-08 03:42:17,719 [main] INFO  grpc.GrpcConfigKeys$Server (ConfUtils.java:logGet(43)) - raft.grpc.server.port = 0 (default)
2019-10-08 03:42:17,719 [main] INFO  server.GrpcService (ConfUtils.java:logGet(43)) - raft.grpc.message.size.max = 33570816 (custom)
2019-10-08 03:42:17,719 [main] INFO  server.RaftServerConfigKeys (ConfUtils.java:logGet(43)) - raft.server.log.appender.buffer.byte-limit = 33554432 (custom)
2019-10-08 03:42:17,720 [main] INFO  server.GrpcService (ConfUtils.java:logGet(43)) - raft.grpc.flow.control.window = 1MB (=1048576) (default)
2019-10-08 03:42:17,720 [main] INFO  server.RaftServerConfigKeys (ConfUtils.java:logGet(43)) - raft.server.rpc.request.timeout = 3000ms (default)
2019-10-08 03:42:17,720 [main] INFO  server.RaftServerConfigKeys (ConfUtils.java:logGet(43)) - raft.server.storage.dir = [/workdir/hadoop-ozone/integration-test/target/test-dir/MiniOzoneClusterImpl-803a9bc2-2fef-4080-b053-fc887ab92aa0/datanode-6/data/ratis] (custom)
2019-10-08 03:42:17,722 [main] INFO  hdfs.DFSUtil (DFSUtil.java:httpServerTemplateForNNAndJN(1641)) - Starting Web-server for hddsDatanode at: http://0.0.0.0:0
2019-10-08 03:42:17,723 [main] INFO  server.AuthenticationFilter (AuthenticationFilter.java:constructSecretProvider(240)) - Unable to initialize FileSignerSecretProvider, falling back to use random secrets.
2019-10-08 03:42:17,724 [main] WARN  http.HttpRequestLog (HttpRequestLog.java:getRequestLog(97)) - Jetty request log can only be enabled using Log4j
2019-10-08 03:42:17,725 [main] INFO  http.HttpServer2 (HttpServer2.java:addGlobalFilter(975)) - Added global filter 'safety' (class=org.apache.hadoop.http.HttpServer2$QuotingInputFilter)
2019-10-08 03:42:17,726 [main] INFO  http.HttpServer2 (HttpServer2.java:addFilter(948)) - Added filter static_user_filter (class=org.apache.hadoop.http.lib.StaticUserWebFilter$StaticUserFilter) to context hddsDatanode
2019-10-08 03:42:17,726 [main] INFO  http.HttpServer2 (HttpServer2.java:addFilter(958)) - Added filter static_user_filter (class=org.apache.hadoop.http.lib.StaticUserWebFilter$StaticUserFilter) to context static
2019-10-08 03:42:17,726 [main] INFO  http.HttpServer2 (HttpServer2.java:addFilter(958)) - Added filter static_user_filter (class=org.apache.hadoop.http.lib.StaticUserWebFilter$StaticUserFilter) to context logs
2019-10-08 03:42:17,727 [main] INFO  http.HttpServer2 (HttpServer2.java:bindListener(1191)) - Jetty bound to port 46589
2019-10-08 03:42:17,727 [main] INFO  server.Server (Server.java:doStart(351)) - jetty-9.3.25.v20180904, build timestamp: 2018-09-04T21:11:46Z, git hash: 3ce520221d0240229c862b122d2b06c12a625732
2019-10-08 03:42:17,729 [main] INFO  handler.ContextHandler (ContextHandler.java:doStart(781)) - Started o.e.j.s.ServletContextHandler@4fa9ab6{/logs,file:///workdir/hadoop-ozone/integration-test/target/log,AVAILABLE}
2019-10-08 03:42:17,730 [main] INFO  handler.ContextHandler (ContextHandler.java:doStart(781)) - Started o.e.j.s.ServletContextHandler@a2341c6{/static,jar:file:/home/user/.m2/repository/org/apache/hadoop/hadoop-hdds-container-service/0.5.0-SNAPSHOT/hadoop-hdds-container-service-0.5.0-SNAPSHOT.jar!/webapps/static,AVAILABLE}
2019-10-08 03:42:17,759 [main] INFO  handler.ContextHandler (ContextHandler.java:doStart(781)) - Started o.e.j.w.WebAppContext@7b122839{/,file:///tmp/jetty-0.0.0.0-46589-hddsDatanode-_-any-5740263141916675605.dir/webapp/,AVAILABLE}{/hddsDatanode}
2019-10-08 03:42:17,761 [main] INFO  server.AbstractConnector (AbstractConnector.java:doStart(278)) - Started ServerConnector@3743539f{HTTP/1.1,[http/1.1]}{0.0.0.0:46589}
2019-10-08 03:42:17,761 [main] INFO  server.Server (Server.java:doStart(419)) - Started @6525ms
2019-10-08 03:42:17,761 [main] WARN  impl.MetricsSystemImpl (MetricsSystemImpl.java:register(276)) - Sink prometheus already exists!
2019-10-08 03:42:17,762 [main] INFO  server.BaseHttpServer (BaseHttpServer.java:updateConnectorAddress(215)) - HTTP server of HDDSDATANODE is listening at http://0.0.0.0:46589
2019-10-08 03:42:17,765 [main] INFO  ozone.MiniOzoneClusterImpl (MiniOzoneClusterImpl.java:lambda$waitForClusterToBeReady$0(147)) - Waiting for cluster to be ready. Got 0 of 7 DN Heartbeats.
2019-10-08 03:42:17,765 [org.apache.hadoop.util.JvmPauseMonitor$Monitor@2347e582] INFO  util.JvmPauseMonitor (JvmPauseMonitor.java:run(188)) - Starting JVM pause monitor
2019-10-08 03:42:17,768 [Datanode State Machine Thread - 0] INFO  datanode.InitDatanodeState (InitDatanodeState.java:persistContainerDatanodeDetails(140)) - DatanodeDetails is persisted to /workdir/hadoop-ozone/integration-test/target/test-dir/MiniOzoneClusterImpl-803a9bc2-2fef-4080-b053-fc887ab92aa0/datanode-6/meta/datanode.id
2019-10-08 03:42:18,765 [main] INFO  ozone.MiniOzoneClusterImpl (MiniOzoneClusterImpl.java:lambda$waitForClusterToBeReady$0(147)) - Waiting for cluster to be ready. Got 0 of 7 DN Heartbeats.
2019-10-08 03:42:19,382 [Datanode State Machine Thread - 0] INFO  ozoneimpl.OzoneContainer (OzoneContainer.java:start(213)) - Attempting to start container services.
2019-10-08 03:42:19,382 [Datanode State Machine Thread - 0] INFO  ozoneimpl.OzoneContainer (OzoneContainer.java:start(213)) - Attempting to start container services.
2019-10-08 03:42:19,386 [Datanode State Machine Thread - 0] INFO  ozoneimpl.OzoneContainer (OzoneContainer.java:startContainerScrub(177)) - Background container scanner has been disabled.
2019-10-08 03:42:19,386 [Datanode State Machine Thread - 0] INFO  ozoneimpl.OzoneContainer (OzoneContainer.java:startContainerScrub(177)) - Background container scanner has been disabled.
2019-10-08 03:42:19,386 [Datanode State Machine Thread - 0] INFO  ratis.XceiverServerRatis (XceiverServerRatis.java:start(418)) - Starting XceiverServerRatis 0d9c9caf-a10d-4dbf-84ca-13e0af47996f at port 0
2019-10-08 03:42:19,386 [Datanode State Machine Thread - 0] INFO  ratis.XceiverServerRatis (XceiverServerRatis.java:start(418)) - Starting XceiverServerRatis 655e713e-f432-49c6-be02-8424905dac44 at port 0
2019-10-08 03:42:19,415 [Datanode State Machine Thread - 0] INFO  impl.RaftServerProxy (RaftServerProxy.java:lambda$start$3(299)) - 655e713e-f432-49c6-be02-8424905dac44: start RPC server
2019-10-08 03:42:19,415 [Datanode State Machine Thread - 0] INFO  impl.RaftServerProxy (RaftServerProxy.java:lambda$start$3(299)) - 0d9c9caf-a10d-4dbf-84ca-13e0af47996f: start RPC server
2019-10-08 03:42:19,471 [Datanode State Machine Thread - 0] INFO  ozoneimpl.OzoneContainer (OzoneContainer.java:start(213)) - Attempting to start container services.
2019-10-08 03:42:19,487 [Datanode State Machine Thread - 0] INFO  ozoneimpl.OzoneContainer (OzoneContainer.java:startContainerScrub(177)) - Background container scanner has been disabled.
2019-10-08 03:42:19,487 [Datanode State Machine Thread - 0] INFO  ratis.XceiverServerRatis (XceiverServerRatis.java:start(418)) - Starting XceiverServerRatis 25c5b0e6-4311-43a0-b544-52b56a20287f at port 0
2019-10-08 03:42:19,495 [Datanode State Machine Thread - 0] INFO  impl.RaftServerProxy (RaftServerProxy.java:lambda$start$3(299)) - 25c5b0e6-4311-43a0-b544-52b56a20287f: start RPC server
2019-10-08 03:42:19,543 [Datanode State Machine Thread - 0] INFO  ozoneimpl.OzoneContainer (OzoneContainer.java:start(213)) - Attempting to start container services.
2019-10-08 03:42:19,543 [Datanode State Machine Thread - 0] INFO  ozoneimpl.OzoneContainer (OzoneContainer.java:startContainerScrub(177)) - Background container scanner has been disabled.
2019-10-08 03:42:19,544 [Datanode State Machine Thread - 0] INFO  ratis.XceiverServerRatis (XceiverServerRatis.java:start(418)) - Starting XceiverServerRatis 577faf7f-deb6-4506-8e99-75f39047aeab at port 0
2019-10-08 03:42:19,552 [Datanode State Machine Thread - 0] INFO  impl.RaftServerProxy (RaftServerProxy.java:lambda$start$3(299)) - 577faf7f-deb6-4506-8e99-75f39047aeab: start RPC server
2019-10-08 03:42:19,599 [Datanode State Machine Thread - 0] INFO  server.GrpcService (GrpcService.java:startImpl(158)) - 0d9c9caf-a10d-4dbf-84ca-13e0af47996f: GrpcService started, listening on 0.0.0.0/0.0.0.0:34616
2019-10-08 03:42:19,599 [Datanode State Machine Thread - 0] INFO  server.GrpcService (GrpcService.java:startImpl(158)) - 655e713e-f432-49c6-be02-8424905dac44: GrpcService started, listening on 0.0.0.0/0.0.0.0:45232
2019-10-08 03:42:19,600 [Datanode State Machine Thread - 0] INFO  server.GrpcService (GrpcService.java:startImpl(158)) - 577faf7f-deb6-4506-8e99-75f39047aeab: GrpcService started, listening on 0.0.0.0/0.0.0.0:41804
2019-10-08 03:42:19,599 [Datanode State Machine Thread - 0] INFO  server.GrpcService (GrpcService.java:startImpl(158)) - 25c5b0e6-4311-43a0-b544-52b56a20287f: GrpcService started, listening on 0.0.0.0/0.0.0.0:45813
2019-10-08 03:42:19,601 [Datanode State Machine Thread - 0] INFO  ratis.XceiverServerRatis (XceiverServerRatis.java:start(428)) - XceiverServerRatis 577faf7f-deb6-4506-8e99-75f39047aeab is started using port 41804
2019-10-08 03:42:19,601 [Datanode State Machine Thread - 0] INFO  ratis.XceiverServerRatis (XceiverServerRatis.java:start(428)) - XceiverServerRatis 655e713e-f432-49c6-be02-8424905dac44 is started using port 45232
2019-10-08 03:42:19,600 [Datanode State Machine Thread - 0] INFO  ratis.XceiverServerRatis (XceiverServerRatis.java:start(428)) - XceiverServerRatis 0d9c9caf-a10d-4dbf-84ca-13e0af47996f is started using port 34616
2019-10-08 03:42:19,601 [Datanode State Machine Thread - 0] INFO  ratis.XceiverServerRatis (XceiverServerRatis.java:start(428)) - XceiverServerRatis 25c5b0e6-4311-43a0-b544-52b56a20287f is started using port 45813
2019-10-08 03:42:19,609 [Datanode State Machine Thread - 0] INFO  server.XceiverServerGrpc (XceiverServerGrpc.java:start(149)) - XceiverServerGrpc 0d9c9caf-a10d-4dbf-84ca-13e0af47996f is started using port 38893
2019-10-08 03:42:19,609 [Datanode State Machine Thread - 0] INFO  server.XceiverServerGrpc (XceiverServerGrpc.java:start(149)) - XceiverServerGrpc 25c5b0e6-4311-43a0-b544-52b56a20287f is started using port 38244
2019-10-08 03:42:19,610 [Datanode State Machine Thread - 0] INFO  server.XceiverServerGrpc (XceiverServerGrpc.java:start(149)) - XceiverServerGrpc 655e713e-f432-49c6-be02-8424905dac44 is started using port 39873
2019-10-08 03:42:19,610 [Datanode State Machine Thread - 0] INFO  server.XceiverServerGrpc (XceiverServerGrpc.java:start(149)) - XceiverServerGrpc 577faf7f-deb6-4506-8e99-75f39047aeab is started using port 35114
2019-10-08 03:42:19,620 [Datanode State Machine Thread - 0] INFO  ozoneimpl.OzoneContainer (OzoneContainer.java:start(213)) - Attempting to start container services.
2019-10-08 03:42:19,620 [Datanode State Machine Thread - 0] INFO  ozoneimpl.OzoneContainer (OzoneContainer.java:startContainerScrub(177)) - Background container scanner has been disabled.
2019-10-08 03:42:19,620 [Datanode State Machine Thread - 0] INFO  ratis.XceiverServerRatis (XceiverServerRatis.java:start(418)) - Starting XceiverServerRatis 04caef7c-ddb6-4702-809f-1a73204ea274 at port 0
2019-10-08 03:42:19,628 [Datanode State Machine Thread - 0] INFO  impl.RaftServerProxy (RaftServerProxy.java:lambda$start$3(299)) - 04caef7c-ddb6-4702-809f-1a73204ea274: start RPC server
2019-10-08 03:42:19,631 [Datanode State Machine Thread - 0] INFO  server.GrpcService (GrpcService.java:startImpl(158)) - 04caef7c-ddb6-4702-809f-1a73204ea274: GrpcService started, listening on 0.0.0.0/0.0.0.0:39172
2019-10-08 03:42:19,631 [Datanode State Machine Thread - 0] INFO  ratis.XceiverServerRatis (XceiverServerRatis.java:start(428)) - XceiverServerRatis 04caef7c-ddb6-4702-809f-1a73204ea274 is started using port 39172
2019-10-08 03:42:19,633 [Datanode State Machine Thread - 0] INFO  server.XceiverServerGrpc (XceiverServerGrpc.java:start(149)) - XceiverServerGrpc 04caef7c-ddb6-4702-809f-1a73204ea274 is started using port 44460
2019-10-08 03:42:19,706 [Datanode State Machine Thread - 0] INFO  ozoneimpl.OzoneContainer (OzoneContainer.java:start(213)) - Attempting to start container services.
2019-10-08 03:42:19,707 [Datanode State Machine Thread - 0] INFO  ozoneimpl.OzoneContainer (OzoneContainer.java:startContainerScrub(177)) - Background container scanner has been disabled.
2019-10-08 03:42:19,707 [Datanode State Machine Thread - 0] INFO  ratis.XceiverServerRatis (XceiverServerRatis.java:start(418)) - Starting XceiverServerRatis 140d7c2d-6527-405c-b465-1b1d8cb4b4a3 at port 0
2019-10-08 03:42:19,718 [Datanode State Machine Thread - 0] INFO  impl.RaftServerProxy (RaftServerProxy.java:lambda$start$3(299)) - 140d7c2d-6527-405c-b465-1b1d8cb4b4a3: start RPC server
2019-10-08 03:42:19,723 [Datanode State Machine Thread - 0] INFO  server.GrpcService (GrpcService.java:startImpl(158)) - 140d7c2d-6527-405c-b465-1b1d8cb4b4a3: GrpcService started, listening on 0.0.0.0/0.0.0.0:37221
2019-10-08 03:42:19,724 [Datanode State Machine Thread - 0] INFO  ratis.XceiverServerRatis (XceiverServerRatis.java:start(428)) - XceiverServerRatis 140d7c2d-6527-405c-b465-1b1d8cb4b4a3 is started using port 37221
2019-10-08 03:42:19,726 [Datanode State Machine Thread - 0] INFO  server.XceiverServerGrpc (XceiverServerGrpc.java:start(149)) - XceiverServerGrpc 140d7c2d-6527-405c-b465-1b1d8cb4b4a3 is started using port 44438
2019-10-08 03:42:19,766 [main] INFO  ozone.MiniOzoneClusterImpl (MiniOzoneClusterImpl.java:lambda$waitForClusterToBeReady$0(147)) - Waiting for cluster to be ready. Got 0 of 7 DN Heartbeats.
2019-10-08 03:42:19,782 [Datanode State Machine Thread - 0] INFO  ozoneimpl.OzoneContainer (OzoneContainer.java:start(213)) - Attempting to start container services.
2019-10-08 03:42:19,782 [Datanode State Machine Thread - 0] INFO  ozoneimpl.OzoneContainer (OzoneContainer.java:startContainerScrub(177)) - Background container scanner has been disabled.
2019-10-08 03:42:19,782 [Datanode State Machine Thread - 0] INFO  ratis.XceiverServerRatis (XceiverServerRatis.java:start(418)) - Starting XceiverServerRatis e55dc74a-5508-43f4-ba5a-e1e75e0afb35 at port 0
2019-10-08 03:42:19,789 [Datanode State Machine Thread - 0] INFO  impl.RaftServerProxy (RaftServerProxy.java:lambda$start$3(299)) - e55dc74a-5508-43f4-ba5a-e1e75e0afb35: start RPC server
2019-10-08 03:42:19,793 [Datanode State Machine Thread - 0] INFO  server.GrpcService (GrpcService.java:startImpl(158)) - e55dc74a-5508-43f4-ba5a-e1e75e0afb35: GrpcService started, listening on 0.0.0.0/0.0.0.0:38050
2019-10-08 03:42:19,793 [Datanode State Machine Thread - 0] INFO  ratis.XceiverServerRatis (XceiverServerRatis.java:start(428)) - XceiverServerRatis e55dc74a-5508-43f4-ba5a-e1e75e0afb35 is started using port 38050
2019-10-08 03:42:19,795 [Datanode State Machine Thread - 0] INFO  server.XceiverServerGrpc (XceiverServerGrpc.java:start(149)) - XceiverServerGrpc e55dc74a-5508-43f4-ba5a-e1e75e0afb35 is started using port 35560
2019-10-08 03:42:20,766 [main] INFO  ozone.MiniOzoneClusterImpl (MiniOzoneClusterImpl.java:lambda$waitForClusterToBeReady$0(147)) - Waiting for cluster to be ready. Got 0 of 7 DN Heartbeats.
2019-10-08 03:42:21,334 [IPC Server handler 16 on 40328] INFO  net.NetworkTopology (NetworkTopologyImpl.java:add(111)) - Added a new node: /default-rack/655e713e-f432-49c6-be02-8424905dac44
2019-10-08 03:42:21,334 [IPC Server handler 16 on 40328] INFO  node.SCMNodeManager (SCMNodeManager.java:register(268)) - Registered Data node : 655e713e-f432-49c6-be02-8424905dac44{ip: 192.168.151.83, host: pr-hdds-2217-jqnfv-3133698562, networkLocation: /default-rack, certSerialId: null}
2019-10-08 03:42:21,339 [EventQueue-NodeRegistrationContainerReportForDataNodeSafeModeRule] INFO  safemode.SCMSafeModeManager (DataNodeSafeModeRule.java:process(71)) - SCM in safe mode. 1 DataNodes registered, 1 required.
2019-10-08 03:42:21,339 [EventQueue-NodeRegistrationContainerReportForDataNodeSafeModeRule] INFO  safemode.SCMSafeModeManager (SCMSafeModeManager.java:validateSafeModeExitRules(177)) - ScmSafeModeManager, all rules are successfully validated
2019-10-08 03:42:21,339 [EventQueue-NodeRegistrationContainerReportForDataNodeSafeModeRule] INFO  safemode.SCMSafeModeManager (SCMSafeModeManager.java:exitSafeMode(193)) - SCM exiting safe mode.
2019-10-08 03:42:21,372 [IPC Server handler 12 on 40328] INFO  net.NetworkTopology (NetworkTopologyImpl.java:add(111)) - Added a new node: /default-rack/0d9c9caf-a10d-4dbf-84ca-13e0af47996f
2019-10-08 03:42:21,372 [IPC Server handler 12 on 40328] INFO  node.SCMNodeManager (SCMNodeManager.java:register(268)) - Registered Data node : 0d9c9caf-a10d-4dbf-84ca-13e0af47996f{ip: 192.168.151.83, host: pr-hdds-2217-jqnfv-3133698562, networkLocation: /default-rack, certSerialId: null}
2019-10-08 03:42:21,459 [IPC Server handler 14 on 40328] INFO  net.NetworkTopology (NetworkTopologyImpl.java:add(111)) - Added a new node: /default-rack/25c5b0e6-4311-43a0-b544-52b56a20287f
2019-10-08 03:42:21,459 [IPC Server handler 14 on 40328] INFO  node.SCMNodeManager (SCMNodeManager.java:register(268)) - Registered Data node : 25c5b0e6-4311-43a0-b544-52b56a20287f{ip: 192.168.151.83, host: pr-hdds-2217-jqnfv-3133698562, networkLocation: /default-rack, certSerialId: null}
2019-10-08 03:42:21,532 [IPC Server handler 19 on 40328] INFO  net.NetworkTopology (NetworkTopologyImpl.java:add(111)) - Added a new node: /default-rack/577faf7f-deb6-4506-8e99-75f39047aeab
2019-10-08 03:42:21,533 [IPC Server handler 19 on 40328] INFO  node.SCMNodeManager (SCMNodeManager.java:register(268)) - Registered Data node : 577faf7f-deb6-4506-8e99-75f39047aeab{ip: 192.168.151.83, host: pr-hdds-2217-jqnfv-3133698562, networkLocation: /default-rack, certSerialId: null}
2019-10-08 03:42:21,603 [IPC Server handler 17 on 40328] INFO  net.NetworkTopology (NetworkTopologyImpl.java:add(111)) - Added a new node: /default-rack/04caef7c-ddb6-4702-809f-1a73204ea274
2019-10-08 03:42:21,603 [IPC Server handler 17 on 40328] INFO  node.SCMNodeManager (SCMNodeManager.java:register(268)) - Registered Data node : 04caef7c-ddb6-4702-809f-1a73204ea274{ip: 192.168.151.83, host: pr-hdds-2217-jqnfv-3133698562, networkLocation: /default-rack, certSerialId: null}
2019-10-08 03:42:21,696 [IPC Server handler 15 on 40328] INFO  net.NetworkTopology (NetworkTopologyImpl.java:add(111)) - Added a new node: /default-rack/140d7c2d-6527-405c-b465-1b1d8cb4b4a3
2019-10-08 03:42:21,697 [IPC Server handler 15 on 40328] INFO  node.SCMNodeManager (SCMNodeManager.java:register(268)) - Registered Data node : 140d7c2d-6527-405c-b465-1b1d8cb4b4a3{ip: 192.168.151.83, host: pr-hdds-2217-jqnfv-3133698562, networkLocation: /default-rack, certSerialId: null}
2019-10-08 03:42:21,767 [main] INFO  ozone.MiniOzoneClusterImpl (MiniOzoneClusterImpl.java:lambda$waitForClusterToBeReady$0(147)) - Waiting for cluster to be ready. Got 6 of 7 DN Heartbeats.
2019-10-08 03:42:21,771 [IPC Server handler 16 on 40328] INFO  net.NetworkTopology (NetworkTopologyImpl.java:add(111)) - Added a new node: /default-rack/e55dc74a-5508-43f4-ba5a-e1e75e0afb35
2019-10-08 03:42:21,771 [IPC Server handler 16 on 40328] INFO  node.SCMNodeManager (SCMNodeManager.java:register(268)) - Registered Data node : e55dc74a-5508-43f4-ba5a-e1e75e0afb35{ip: 192.168.151.83, host: pr-hdds-2217-jqnfv-3133698562, networkLocation: /default-rack, certSerialId: null}
2019-10-08 03:42:21,950 [grpc-default-executor-0] INFO  impl.RaftServerProxy (RaftServerProxy.java:addNew(89)) - 655e713e-f432-49c6-be02-8424905dac44: addNew group-082F4D8D27DA:[655e713e-f432-49c6-be02-8424905dac44:192.168.151.83:45232] returns group-082F4D8D27DA:java.util.concurrent.CompletableFuture@140308d4[Not completed]
2019-10-08 03:42:21,972 [pool-27-thread-1] INFO  impl.RaftServerImpl (RaftServerImpl.java:<init>(95)) - 655e713e-f432-49c6-be02-8424905dac44: new RaftServerImpl for group-082F4D8D27DA:[655e713e-f432-49c6-be02-8424905dac44:192.168.151.83:45232] with ContainerStateMachine:uninitialized
2019-10-08 03:42:21,974 [pool-27-thread-1] INFO  server.RaftServerConfigKeys (ConfUtils.java:logGet(43)) - raft.server.rpc.timeout.min = 5s (custom)
2019-10-08 03:42:21,977 [pool-27-thread-1] INFO  server.RaftServerConfigKeys (ConfUtils.java:logGet(43)) - raft.server.rpc.timeout.max = 5200ms (custom)
2019-10-08 03:42:21,977 [pool-27-thread-1] INFO  server.RaftServerConfigKeys (ConfUtils.java:logGet(43)) - raft.server.rpcslowness.timeout = 120s (custom)
2019-10-08 03:42:21,978 [pool-27-thread-1] INFO  server.RaftServerConfigKeys (ConfUtils.java:logGet(43)) - raft.server.sleep.deviation.threshold = 300 (default)
2019-10-08 03:42:21,979 [pool-27-thread-1] INFO  server.RaftServerConfigKeys (ConfUtils.java:logGet(43)) - raft.server.log.appender.install.snapshot.enabled = false (custom)
2019-10-08 03:42:21,988 [pool-27-thread-1] INFO  impl.RaftServerImpl (ServerState.java:<init>(103)) - 655e713e-f432-49c6-be02-8424905dac44@group-082F4D8D27DA: ConfigurationManager, init=-1: [655e713e-f432-49c6-be02-8424905dac44:192.168.151.83:45232], old=null, confs=<EMPTY_MAP>
2019-10-08 03:42:21,988 [pool-27-thread-1] INFO  server.RaftServerConfigKeys (ConfUtils.java:logGet(43)) - raft.server.storage.dir = [/workdir/hadoop-ozone/integration-test/target/test-dir/MiniOzoneClusterImpl-803a9bc2-2fef-4080-b053-fc887ab92aa0/datanode-0/data/ratis] (custom)
2019-10-08 03:42:21,995 [pool-27-thread-1] INFO  server.RaftServerConfigKeys (ConfUtils.java:logGet(43)) - raft.server.log.corruption.policy = EXCEPTION (default)
2019-10-08 03:42:21,996 [pool-27-thread-1] INFO  storage.RaftStorageDirectory (RaftStorageDirectory.java:analyzeStorage(246)) - The storage directory /workdir/hadoop-ozone/integration-test/target/test-dir/MiniOzoneClusterImpl-803a9bc2-2fef-4080-b053-fc887ab92aa0/datanode-0/data/ratis/7433016c-31a1-4e77-9f94-082f4d8d27da does not exist. Creating ...
2019-10-08 03:42:22,014 [pool-27-thread-1] INFO  storage.RaftStorageDirectory (RaftStorageDirectory.java:tryLock(328)) - Lock on /workdir/hadoop-ozone/integration-test/target/test-dir/MiniOzoneClusterImpl-803a9bc2-2fef-4080-b053-fc887ab92aa0/datanode-0/data/ratis/7433016c-31a1-4e77-9f94-082f4d8d27da/in_use.lock acquired by nodename 23383@pr-hdds-2217-jqnfv-3133698562
2019-10-08 03:42:22,028 [pool-27-thread-1] INFO  storage.RaftStorage (RaftStorage.java:format(84)) - Storage directory /workdir/hadoop-ozone/integration-test/target/test-dir/MiniOzoneClusterImpl-803a9bc2-2fef-4080-b053-fc887ab92aa0/datanode-0/data/ratis/7433016c-31a1-4e77-9f94-082f4d8d27da has been successfully formatted.
2019-10-08 03:42:22,031 [pool-27-thread-1] INFO  ratis.ContainerStateMachine (ContainerStateMachine.java:loadSnapshot(231)) - group-082F4D8D27DA: The snapshot info is null. Setting the last applied indexto:(t:0, i:~)
2019-10-08 03:42:22,031 [pool-27-thread-1] INFO  server.RaftServerConfigKeys (ConfUtils.java:logGet(43)) - raft.server.notification.no-leader.timeout = 120s (custom)
2019-10-08 03:42:22,033 [pool-27-thread-1] INFO  server.RaftServerConfigKeys (ConfUtils.java:logGet(43)) - raft.server.log.use.memory = false (default)
2019-10-08 03:42:22,038 [pool-27-thread-1] INFO  server.RaftServerConfigKeys (ConfUtils.java:logGet(43)) - raft.server.log.purge.gap = 1000000 (custom)
2019-10-08 03:42:22,038 [pool-27-thread-1] INFO  server.RaftServerConfigKeys (ConfUtils.java:logGet(43)) - raft.server.log.appender.buffer.byte-limit = 33554432 (custom)
2019-10-08 03:42:22,041 [pool-27-thread-1] INFO  server.RaftServerConfigKeys (ConfUtils.java:logGet(43)) - raft.server.log.segment.size.max = 1048576 (custom)
2019-10-08 03:42:22,042 [pool-27-thread-1] INFO  impl.MetricsSystemImpl (MetricsSystemImpl.java:init(158)) - ratis metrics system started (again)
2019-10-08 03:42:22,046 [pool-27-thread-1] INFO  metrics.MetricRegistries (MetricRegistriesLoader.java:load(64)) - Loaded MetricRegistries class org.apache.ratis.metrics.impl.MetricRegistriesImpl
2019-10-08 03:42:22,082 [pool-27-thread-1] INFO  server.RaftServerConfigKeys (ConfUtils.java:logGet(43)) - raft.server.log.segment.cache.num.max = 2 (custom)
2019-10-08 03:42:22,088 [pool-27-thread-1] INFO  segmented.SegmentedRaftLogWorker (SegmentedRaftLogWorker.java:<init>(173)) - new 655e713e-f432-49c6-be02-8424905dac44@group-082F4D8D27DA-SegmentedRaftLogWorker for RaftStorage:Storage Directory /workdir/hadoop-ozone/integration-test/target/test-dir/MiniOzoneClusterImpl-803a9bc2-2fef-4080-b053-fc887ab92aa0/datanode-0/data/ratis/7433016c-31a1-4e77-9f94-082f4d8d27da
2019-10-08 03:42:22,089 [pool-27-thread-1] INFO  server.RaftServerConfigKeys (ConfUtils.java:logGet(43)) - raft.server.log.queue.byte-limit = 2147483647 (custom)
2019-10-08 03:42:22,089 [pool-27-thread-1] INFO  server.RaftServerConfigKeys (ConfUtils.java:logGet(43)) - raft.server.log.queue.element-limit = 1024 (custom)
2019-10-08 03:42:22,090 [pool-27-thread-1] INFO  server.RaftServerConfigKeys (ConfUtils.java:logGet(43)) - raft.server.log.segment.size.max = 1048576 (custom)
2019-10-08 03:42:22,091 [pool-27-thread-1] INFO  server.RaftServerConfigKeys (ConfUtils.java:logGet(43)) - raft.server.log.preallocated.size = 16384 (custom)
2019-10-08 03:42:22,091 [pool-27-thread-1] INFO  server.RaftServerConfigKeys (ConfUtils.java:logGet(43)) - raft.server.log.write.buffer.size = 33554432 (custom)
2019-10-08 03:42:22,092 [pool-27-thread-1] INFO  server.RaftServerConfigKeys (ConfUtils.java:logGet(43)) - raft.server.log.force.sync.num = 128 (default)
2019-10-08 03:42:22,093 [pool-27-thread-1] INFO  server.RaftServerConfigKeys (ConfUtils.java:logGet(43)) - raft.server.log.statemachine.data.sync = true (default)
2019-10-08 03:42:22,093 [pool-27-thread-1] INFO  server.RaftServerConfigKeys (ConfUtils.java:logGet(43)) - raft.server.log.statemachine.data.sync.timeout = 10s (default)
2019-10-08 03:42:22,093 [pool-27-thread-1] INFO  server.RaftServerConfigKeys (ConfUtils.java:logGet(43)) - raft.server.log.statemachine.data.sync.timeout.retry = -1 (default)
2019-10-08 03:42:22,105 [pool-27-thread-1] INFO  server.RaftServerConfigKeys (ConfUtils.java:logGet(43)) - raft.server.log.statemachine.data.caching.enabled = true (custom)
2019-10-08 03:42:22,110 [pool-27-thread-1] INFO  segmented.SegmentedRaftLogWorker (SegmentedRaftLogWorker.java:lambda$new$0(128)) - 655e713e-f432-49c6-be02-8424905dac44@group-082F4D8D27DA-SegmentedRaftLogWorker: flushIndex: setUnconditionally 0 -> -1
2019-10-08 03:42:22,114 [pool-27-thread-1] INFO  server.RaftServerConfigKeys (ConfUtils.java:logGet(43)) - raft.server.snapshot.auto.trigger.enabled = true (custom)
2019-10-08 03:42:22,115 [pool-27-thread-1] INFO  server.RaftServerConfigKeys (ConfUtils.java:logGet(43)) - raft.server.snapshot.auto.trigger.threshold = 10000 (custom)
2019-10-08 03:42:22,115 [pool-27-thread-1] INFO  server.RaftServerConfigKeys (ConfUtils.java:logGet(43)) - raft.server.snapshot.retention.file.num = 5 (custom)
2019-10-08 03:42:22,116 [pool-27-thread-1] INFO  server.RaftServerConfigKeys (ConfUtils.java:logGet(43)) - raft.server.retrycache.expirytime = 600000ms (custom)
2019-10-08 03:42:22,142 [pool-27-thread-1] INFO  impl.RaftServerImpl (RaftServerImpl.java:start(181)) - 655e713e-f432-49c6-be02-8424905dac44@group-082F4D8D27DA: start as a follower, conf=-1: [655e713e-f432-49c6-be02-8424905dac44:192.168.151.83:45232], old=null
2019-10-08 03:42:22,143 [pool-27-thread-1] INFO  impl.RaftServerImpl (RaftServerImpl.java:setRole(170)) - 655e713e-f432-49c6-be02-8424905dac44@group-082F4D8D27DA: changes role from      null to FOLLOWER at term 0 for startAsFollower
2019-10-08 03:42:22,144 [pool-27-thread-1] INFO  impl.RoleInfo (RoleInfo.java:updateAndGet(143)) - 655e713e-f432-49c6-be02-8424905dac44: start FollowerState
2019-10-08 03:42:22,146 [pool-27-thread-1] INFO  util.JmxRegister (JmxRegister.java:tryRegister(44)) - Successfully registered JMX Bean with object name Ratis:service=RaftServer,group=group-082F4D8D27DA,id=655e713e-f432-49c6-be02-8424905dac44
2019-10-08 03:42:22,242 [RatisPipelineUtilsThread] INFO  pipeline.PipelineStateManager (PipelineStateManager.java:addPipeline(56)) - Created pipeline Pipeline[ Id: 7433016c-31a1-4e77-9f94-082f4d8d27da, Nodes: 655e713e-f432-49c6-be02-8424905dac44{ip: 192.168.151.83, host: pr-hdds-2217-jqnfv-3133698562, networkLocation: /default-rack, certSerialId: null}, Type:RATIS, Factor:ONE, State:OPEN]
2019-10-08 03:42:22,276 [grpc-default-executor-0] INFO  impl.RaftServerProxy (RaftServerProxy.java:addNew(89)) - 0d9c9caf-a10d-4dbf-84ca-13e0af47996f: addNew group-8FF0358B77C4:[0d9c9caf-a10d-4dbf-84ca-13e0af47996f:192.168.151.83:34616] returns group-8FF0358B77C4:java.util.concurrent.CompletableFuture@34424a9a[Not completed]
2019-10-08 03:42:22,330 [pool-37-thread-1] INFO  impl.RaftServerImpl (RaftServerImpl.java:<init>(95)) - 0d9c9caf-a10d-4dbf-84ca-13e0af47996f: new RaftServerImpl for group-8FF0358B77C4:[0d9c9caf-a10d-4dbf-84ca-13e0af47996f:192.168.151.83:34616] with ContainerStateMachine:uninitialized
2019-10-08 03:42:22,332 [pool-37-thread-1] INFO  server.RaftServerConfigKeys (ConfUtils.java:logGet(43)) - raft.server.rpc.timeout.min = 5s (custom)
2019-10-08 03:42:22,332 [pool-37-thread-1] INFO  server.RaftServerConfigKeys (ConfUtils.java:logGet(43)) - raft.server.rpc.timeout.max = 5200ms (custom)
2019-10-08 03:42:22,332 [pool-37-thread-1] INFO  server.RaftServerConfigKeys (ConfUtils.java:logGet(43)) - raft.server.rpcslowness.timeout = 120s (custom)
2019-10-08 03:42:22,333 [pool-37-thread-1] INFO  server.RaftServerConfigKeys (ConfUtils.java:logGet(43)) - raft.server.sleep.deviation.threshold = 300 (default)
2019-10-08 03:42:22,333 [pool-37-thread-1] INFO  server.RaftServerConfigKeys (ConfUtils.java:logGet(43)) - raft.server.log.appender.install.snapshot.enabled = false (custom)
2019-10-08 03:42:22,333 [pool-37-thread-1] INFO  impl.RaftServerImpl (ServerState.java:<init>(103)) - 0d9c9caf-a10d-4dbf-84ca-13e0af47996f@group-8FF0358B77C4: ConfigurationManager, init=-1: [0d9c9caf-a10d-4dbf-84ca-13e0af47996f:192.168.151.83:34616], old=null, confs=<EMPTY_MAP>
2019-10-08 03:42:22,333 [pool-37-thread-1] INFO  server.RaftServerConfigKeys (ConfUtils.java:logGet(43)) - raft.server.storage.dir = [/workdir/hadoop-ozone/integration-test/target/test-dir/MiniOzoneClusterImpl-803a9bc2-2fef-4080-b053-fc887ab92aa0/datanode-1/data/ratis] (custom)
2019-10-08 03:42:22,334 [pool-37-thread-1] INFO  server.RaftServerConfigKeys (ConfUtils.java:logGet(43)) - raft.server.log.corruption.policy = EXCEPTION (default)
2019-10-08 03:42:22,334 [pool-37-thread-1] INFO  storage.RaftStorageDirectory (RaftStorageDirectory.java:analyzeStorage(246)) - The storage directory /workdir/hadoop-ozone/integration-test/target/test-dir/MiniOzoneClusterImpl-803a9bc2-2fef-4080-b053-fc887ab92aa0/datanode-1/data/ratis/ac2e668f-ecc5-4bd2-a52a-8ff0358b77c4 does not exist. Creating ...
2019-10-08 03:42:22,349 [pool-37-thread-1] INFO  storage.RaftStorageDirectory (RaftStorageDirectory.java:tryLock(328)) - Lock on /workdir/hadoop-ozone/integration-test/target/test-dir/MiniOzoneClusterImpl-803a9bc2-2fef-4080-b053-fc887ab92aa0/datanode-1/data/ratis/ac2e668f-ecc5-4bd2-a52a-8ff0358b77c4/in_use.lock acquired by nodename 23383@pr-hdds-2217-jqnfv-3133698562
2019-10-08 03:42:22,362 [pool-37-thread-1] INFO  storage.RaftStorage (RaftStorage.java:format(84)) - Storage directory /workdir/hadoop-ozone/integration-test/target/test-dir/MiniOzoneClusterImpl-803a9bc2-2fef-4080-b053-fc887ab92aa0/datanode-1/data/ratis/ac2e668f-ecc5-4bd2-a52a-8ff0358b77c4 has been successfully formatted.
2019-10-08 03:42:22,364 [pool-37-thread-1] INFO  ratis.ContainerStateMachine (ContainerStateMachine.java:loadSnapshot(231)) - group-8FF0358B77C4: The snapshot info is null. Setting the last applied indexto:(t:0, i:~)
2019-10-08 03:42:22,366 [pool-37-thread-1] INFO  server.RaftServerConfigKeys (ConfUtils.java:logGet(43)) - raft.server.notification.no-leader.timeout = 120s (custom)
2019-10-08 03:42:22,366 [pool-37-thread-1] INFO  server.RaftServerConfigKeys (ConfUtils.java:logGet(43)) - raft.server.log.use.memory = false (default)
2019-10-08 03:42:22,366 [pool-37-thread-1] INFO  server.RaftServerConfigKeys (ConfUtils.java:logGet(43)) - raft.server.log.purge.gap = 1000000 (custom)
2019-10-08 03:42:22,367 [pool-37-thread-1] INFO  server.RaftServerConfigKeys (ConfUtils.java:logGet(43)) - raft.server.log.appender.buffer.byte-limit = 33554432 (custom)
2019-10-08 03:42:22,367 [pool-37-thread-1] INFO  server.RaftServerConfigKeys (ConfUtils.java:logGet(43)) - raft.server.log.segment.size.max = 1048576 (custom)
2019-10-08 03:42:22,374 [pool-37-thread-1] INFO  server.RaftServerConfigKeys (ConfUtils.java:logGet(43)) - raft.server.log.segment.cache.num.max = 2 (custom)
2019-10-08 03:42:22,374 [pool-37-thread-1] INFO  segmented.SegmentedRaftLogWorker (SegmentedRaftLogWorker.java:<init>(173)) - new 0d9c9caf-a10d-4dbf-84ca-13e0af47996f@group-8FF0358B77C4-SegmentedRaftLogWorker for RaftStorage:Storage Directory /workdir/hadoop-ozone/integration-test/target/test-dir/MiniOzoneClusterImpl-803a9bc2-2fef-4080-b053-fc887ab92aa0/datanode-1/data/ratis/ac2e668f-ecc5-4bd2-a52a-8ff0358b77c4
2019-10-08 03:42:22,376 [pool-37-thread-1] INFO  server.RaftServerConfigKeys (ConfUtils.java:logGet(43)) - raft.server.log.queue.byte-limit = 2147483647 (custom)
2019-10-08 03:42:22,376 [pool-37-thread-1] INFO  server.RaftServerConfigKeys (ConfUtils.java:logGet(43)) - raft.server.log.queue.element-limit = 1024 (custom)
2019-10-08 03:42:22,376 [pool-37-thread-1] INFO  server.RaftServerConfigKeys (ConfUtils.java:logGet(43)) - raft.server.log.segment.size.max = 1048576 (custom)
2019-10-08 03:42:22,377 [pool-37-thread-1] INFO  server.RaftServerConfigKeys (ConfUtils.java:logGet(43)) - raft.server.log.preallocated.size = 16384 (custom)
2019-10-08 03:42:22,377 [pool-37-thread-1] INFO  server.RaftServerConfigKeys (ConfUtils.java:logGet(43)) - raft.server.log.write.buffer.size = 33554432 (custom)
2019-10-08 03:42:22,377 [pool-37-thread-1] INFO  server.RaftServerConfigKeys (ConfUtils.java:logGet(43)) - raft.server.log.force.sync.num = 128 (default)
2019-10-08 03:42:22,377 [pool-37-thread-1] INFO  server.RaftServerConfigKeys (ConfUtils.java:logGet(43)) - raft.server.log.statemachine.data.sync = true (default)
2019-10-08 03:42:22,378 [pool-37-thread-1] INFO  server.RaftServerConfigKeys (ConfUtils.java:logGet(43)) - raft.server.log.statemachine.data.sync.timeout = 10s (default)
2019-10-08 03:42:22,378 [pool-37-thread-1] INFO  server.RaftServerConfigKeys (ConfUtils.java:logGet(43)) - raft.server.log.statemachine.data.sync.timeout.retry = -1 (default)
2019-10-08 03:42:22,379 [pool-37-thread-1] INFO  server.RaftServerConfigKeys (ConfUtils.java:logGet(43)) - raft.server.log.statemachine.data.caching.enabled = true (custom)
2019-10-08 03:42:22,379 [pool-37-thread-1] INFO  segmented.SegmentedRaftLogWorker (SegmentedRaftLogWorker.java:lambda$new$0(128)) - 0d9c9caf-a10d-4dbf-84ca-13e0af47996f@group-8FF0358B77C4-SegmentedRaftLogWorker: flushIndex: setUnconditionally 0 -> -1
2019-10-08 03:42:22,380 [pool-37-thread-1] INFO  server.RaftServerConfigKeys (ConfUtils.java:logGet(43)) - raft.server.snapshot.auto.trigger.enabled = true (custom)
2019-10-08 03:42:22,380 [pool-37-thread-1] INFO  server.RaftServerConfigKeys (ConfUtils.java:logGet(43)) - raft.server.snapshot.auto.trigger.threshold = 10000 (custom)
2019-10-08 03:42:22,380 [pool-37-thread-1] INFO  server.RaftServerConfigKeys (ConfUtils.java:logGet(43)) - raft.server.snapshot.retention.file.num = 5 (custom)
2019-10-08 03:42:22,381 [pool-37-thread-1] INFO  server.RaftServerConfigKeys (ConfUtils.java:logGet(43)) - raft.server.retrycache.expirytime = 600000ms (custom)
2019-10-08 03:42:22,387 [pool-37-thread-1] INFO  impl.RaftServerImpl (RaftServerImpl.java:start(181)) - 0d9c9caf-a10d-4dbf-84ca-13e0af47996f@group-8FF0358B77C4: start as a follower, conf=-1: [0d9c9caf-a10d-4dbf-84ca-13e0af47996f:192.168.151.83:34616], old=null
2019-10-08 03:42:22,387 [pool-37-thread-1] INFO  impl.RaftServerImpl (RaftServerImpl.java:setRole(170)) - 0d9c9caf-a10d-4dbf-84ca-13e0af47996f@group-8FF0358B77C4: changes role from      null to FOLLOWER at term 0 for startAsFollower
2019-10-08 03:42:22,387 [pool-37-thread-1] INFO  impl.RoleInfo (RoleInfo.java:updateAndGet(143)) - 0d9c9caf-a10d-4dbf-84ca-13e0af47996f: start FollowerState
2019-10-08 03:42:22,389 [pool-37-thread-1] INFO  util.JmxRegister (JmxRegister.java:tryRegister(44)) - Successfully registered JMX Bean with object name Ratis:service=RaftServer,group=group-8FF0358B77C4,id=0d9c9caf-a10d-4dbf-84ca-13e0af47996f
2019-10-08 03:42:22,416 [RatisPipelineUtilsThread] INFO  pipeline.PipelineStateManager (PipelineStateManager.java:addPipeline(56)) - Created pipeline Pipeline[ Id: ac2e668f-ecc5-4bd2-a52a-8ff0358b77c4, Nodes: 0d9c9caf-a10d-4dbf-84ca-13e0af47996f{ip: 192.168.151.83, host: pr-hdds-2217-jqnfv-3133698562, networkLocation: /default-rack, certSerialId: null}, Type:RATIS, Factor:ONE, State:OPEN]
2019-10-08 03:42:22,446 [grpc-default-executor-0] INFO  impl.RaftServerProxy (RaftServerProxy.java:addNew(89)) - 04caef7c-ddb6-4702-809f-1a73204ea274: addNew group-4857A8285DD7:[04caef7c-ddb6-4702-809f-1a73204ea274:192.168.151.83:39172] returns group-4857A8285DD7:java.util.concurrent.CompletableFuture@6cdbcf72[Not completed]
2019-10-08 03:42:22,480 [pool-67-thread-1] INFO  impl.RaftServerImpl (RaftServerImpl.java:<init>(95)) - 04caef7c-ddb6-4702-809f-1a73204ea274: new RaftServerImpl for group-4857A8285DD7:[04caef7c-ddb6-4702-809f-1a73204ea274:192.168.151.83:39172] with ContainerStateMachine:uninitialized
2019-10-08 03:42:22,480 [pool-67-thread-1] INFO  server.RaftServerConfigKeys (ConfUtils.java:logGet(43)) - raft.server.rpc.timeout.min = 5s (custom)
2019-10-08 03:42:22,480 [pool-67-thread-1] INFO  server.RaftServerConfigKeys (ConfUtils.java:logGet(43)) - raft.server.rpc.timeout.max = 5200ms (custom)
2019-10-08 03:42:22,481 [pool-67-thread-1] INFO  server.RaftServerConfigKeys (ConfUtils.java:logGet(43)) - raft.server.rpcslowness.timeout = 120s (custom)
2019-10-08 03:42:22,481 [pool-67-thread-1] INFO  server.RaftServerConfigKeys (ConfUtils.java:logGet(43)) - raft.server.sleep.deviation.threshold = 300 (default)
2019-10-08 03:42:22,481 [pool-67-thread-1] INFO  server.RaftServerConfigKeys (ConfUtils.java:logGet(43)) - raft.server.log.appender.install.snapshot.enabled = false (custom)
2019-10-08 03:42:22,481 [pool-67-thread-1] INFO  impl.RaftServerImpl (ServerState.java:<init>(103)) - 04caef7c-ddb6-4702-809f-1a73204ea274@group-4857A8285DD7: ConfigurationManager, init=-1: [04caef7c-ddb6-4702-809f-1a73204ea274:192.168.151.83:39172], old=null, confs=<EMPTY_MAP>
2019-10-08 03:42:22,482 [pool-67-thread-1] INFO  server.RaftServerConfigKeys (ConfUtils.java:logGet(43)) - raft.server.storage.dir = [/workdir/hadoop-ozone/integration-test/target/test-dir/MiniOzoneClusterImpl-803a9bc2-2fef-4080-b053-fc887ab92aa0/datanode-4/data/ratis] (custom)
2019-10-08 03:42:22,482 [pool-67-thread-1] INFO  server.RaftServerConfigKeys (ConfUtils.java:logGet(43)) - raft.server.log.corruption.policy = EXCEPTION (default)
2019-10-08 03:42:22,482 [pool-67-thread-1] INFO  storage.RaftStorageDirectory (RaftStorageDirectory.java:analyzeStorage(246)) - The storage directory /workdir/hadoop-ozone/integration-test/target/test-dir/MiniOzoneClusterImpl-803a9bc2-2fef-4080-b053-fc887ab92aa0/datanode-4/data/ratis/d3cbb526-6ec6-42d9-a64b-4857a8285dd7 does not exist. Creating ...
2019-10-08 03:42:22,504 [pool-67-thread-1] INFO  storage.RaftStorageDirectory (RaftStorageDirectory.java:tryLock(328)) - Lock on /workdir/hadoop-ozone/integration-test/target/test-dir/MiniOzoneClusterImpl-803a9bc2-2fef-4080-b053-fc887ab92aa0/datanode-4/data/ratis/d3cbb526-6ec6-42d9-a64b-4857a8285dd7/in_use.lock acquired by nodename 23383@pr-hdds-2217-jqnfv-3133698562
2019-10-08 03:42:22,518 [pool-67-thread-1] INFO  storage.RaftStorage (RaftStorage.java:format(84)) - Storage directory /workdir/hadoop-ozone/integration-test/target/test-dir/MiniOzoneClusterImpl-803a9bc2-2fef-4080-b053-fc887ab92aa0/datanode-4/data/ratis/d3cbb526-6ec6-42d9-a64b-4857a8285dd7 has been successfully formatted.
2019-10-08 03:42:22,518 [pool-67-thread-1] INFO  ratis.ContainerStateMachine (ContainerStateMachine.java:loadSnapshot(231)) - group-4857A8285DD7: The snapshot info is null. Setting the last applied indexto:(t:0, i:~)
2019-10-08 03:42:22,518 [pool-67-thread-1] INFO  server.RaftServerConfigKeys (ConfUtils.java:logGet(43)) - raft.server.notification.no-leader.timeout = 120s (custom)
2019-10-08 03:42:22,519 [pool-67-thread-1] INFO  server.RaftServerConfigKeys (ConfUtils.java:logGet(43)) - raft.server.log.use.memory = false (default)
2019-10-08 03:42:22,519 [pool-67-thread-1] INFO  server.RaftServerConfigKeys (ConfUtils.java:logGet(43)) - raft.server.log.purge.gap = 1000000 (custom)
2019-10-08 03:42:22,519 [pool-67-thread-1] INFO  server.RaftServerConfigKeys (ConfUtils.java:logGet(43)) - raft.server.log.appender.buffer.byte-limit = 33554432 (custom)
2019-10-08 03:42:22,519 [pool-67-thread-1] INFO  server.RaftServerConfigKeys (ConfUtils.java:logGet(43)) - raft.server.log.segment.size.max = 1048576 (custom)
2019-10-08 03:42:22,566 [pool-67-thread-1] INFO  server.RaftServerConfigKeys (ConfUtils.java:logGet(43)) - raft.server.log.segment.cache.num.max = 2 (custom)
2019-10-08 03:42:22,566 [pool-67-thread-1] INFO  segmented.SegmentedRaftLogWorker (SegmentedRaftLogWorker.java:<init>(173)) - new 04caef7c-ddb6-4702-809f-1a73204ea274@group-4857A8285DD7-SegmentedRaftLogWorker for RaftStorage:Storage Directory /workdir/hadoop-ozone/integration-test/target/test-dir/MiniOzoneClusterImpl-803a9bc2-2fef-4080-b053-fc887ab92aa0/datanode-4/data/ratis/d3cbb526-6ec6-42d9-a64b-4857a8285dd7
2019-10-08 03:42:22,566 [pool-67-thread-1] INFO  server.RaftServerConfigKeys (ConfUtils.java:logGet(43)) - raft.server.log.queue.byte-limit = 2147483647 (custom)
2019-10-08 03:42:22,567 [pool-67-thread-1] INFO  server.RaftServerConfigKeys (ConfUtils.java:logGet(43)) - raft.server.log.queue.element-limit = 1024 (custom)
2019-10-08 03:42:22,567 [pool-67-thread-1] INFO  server.RaftServerConfigKeys (ConfUtils.java:logGet(43)) - raft.server.log.segment.size.max = 1048576 (custom)
2019-10-08 03:42:22,567 [pool-67-thread-1] INFO  server.RaftServerConfigKeys (ConfUtils.java:logGet(43)) - raft.server.log.preallocated.size = 16384 (custom)
2019-10-08 03:42:22,567 [pool-67-thread-1] INFO  server.RaftServerConfigKeys (ConfUtils.java:logGet(43)) - raft.server.log.write.buffer.size = 33554432 (custom)
2019-10-08 03:42:22,567 [pool-67-thread-1] INFO  server.RaftServerConfigKeys (ConfUtils.java:logGet(43)) - raft.server.log.force.sync.num = 128 (default)
2019-10-08 03:42:22,568 [pool-67-thread-1] INFO  server.RaftServerConfigKeys (ConfUtils.java:logGet(43)) - raft.server.log.statemachine.data.sync = true (default)
2019-10-08 03:42:22,568 [pool-67-thread-1] INFO  server.RaftServerConfigKeys (ConfUtils.java:logGet(43)) - raft.server.log.statemachine.data.sync.timeout = 10s (default)
2019-10-08 03:42:22,568 [pool-67-thread-1] INFO  server.RaftServerConfigKeys (ConfUtils.java:logGet(43)) - raft.server.log.statemachine.data.sync.timeout.retry = -1 (default)
2019-10-08 03:42:22,569 [pool-67-thread-1] INFO  server.RaftServerConfigKeys (ConfUtils.java:logGet(43)) - raft.server.log.statemachine.data.caching.enabled = true (custom)
2019-10-08 03:42:22,570 [pool-67-thread-1] INFO  segmented.SegmentedRaftLogWorker (SegmentedRaftLogWorker.java:lambda$new$0(128)) - 04caef7c-ddb6-4702-809f-1a73204ea274@group-4857A8285DD7-SegmentedRaftLogWorker: flushIndex: setUnconditionally 0 -> -1
2019-10-08 03:42:22,570 [pool-67-thread-1] INFO  server.RaftServerConfigKeys (ConfUtils.java:logGet(43)) - raft.server.snapshot.auto.trigger.enabled = true (custom)
2019-10-08 03:42:22,570 [pool-67-thread-1] INFO  server.RaftServerConfigKeys (ConfUtils.java:logGet(43)) - raft.server.snapshot.auto.trigger.threshold = 10000 (custom)
2019-10-08 03:42:22,570 [pool-67-thread-1] INFO  server.RaftServerConfigKeys (ConfUtils.java:logGet(43)) - raft.server.snapshot.retention.file.num = 5 (custom)
2019-10-08 03:42:22,571 [pool-67-thread-1] INFO  server.RaftServerConfigKeys (ConfUtils.java:logGet(43)) - raft.server.retrycache.expirytime = 600000ms (custom)
2019-10-08 03:42:22,576 [pool-67-thread-1] INFO  impl.RaftServerImpl (RaftServerImpl.java:start(181)) - 04caef7c-ddb6-4702-809f-1a73204ea274@group-4857A8285DD7: start as a follower, conf=-1: [04caef7c-ddb6-4702-809f-1a73204ea274:192.168.151.83:39172], old=null
2019-10-08 03:42:22,576 [pool-67-thread-1] INFO  impl.RaftServerImpl (RaftServerImpl.java:setRole(170)) - 04caef7c-ddb6-4702-809f-1a73204ea274@group-4857A8285DD7: changes role from      null to FOLLOWER at term 0 for startAsFollower
2019-10-08 03:42:22,576 [pool-67-thread-1] INFO  impl.RoleInfo (RoleInfo.java:updateAndGet(143)) - 04caef7c-ddb6-4702-809f-1a73204ea274: start FollowerState
2019-10-08 03:42:22,577 [pool-67-thread-1] INFO  util.JmxRegister (JmxRegister.java:tryRegister(44)) - Successfully registered JMX Bean with object name Ratis:service=RaftServer,group=group-4857A8285DD7,id=04caef7c-ddb6-4702-809f-1a73204ea274
2019-10-08 03:42:22,600 [RatisPipelineUtilsThread] INFO  pipeline.PipelineStateManager (PipelineStateManager.java:addPipeline(56)) - Created pipeline Pipeline[ Id: d3cbb526-6ec6-42d9-a64b-4857a8285dd7, Nodes: 04caef7c-ddb6-4702-809f-1a73204ea274{ip: 192.168.151.83, host: pr-hdds-2217-jqnfv-3133698562, networkLocation: /default-rack, certSerialId: null}, Type:RATIS, Factor:ONE, State:OPEN]
2019-10-08 03:42:22,624 [grpc-default-executor-0] INFO  impl.RaftServerProxy (RaftServerProxy.java:addNew(89)) - 140d7c2d-6527-405c-b465-1b1d8cb4b4a3: addNew group-D977F4B4ECA5:[140d7c2d-6527-405c-b465-1b1d8cb4b4a3:192.168.151.83:37221] returns group-D977F4B4ECA5:java.util.concurrent.CompletableFuture@56a79490[Not completed]
2019-10-08 03:42:22,629 [pool-77-thread-1] INFO  impl.RaftServerImpl (RaftServerImpl.java:<init>(95)) - 140d7c2d-6527-405c-b465-1b1d8cb4b4a3: new RaftServerImpl for group-D977F4B4ECA5:[140d7c2d-6527-405c-b465-1b1d8cb4b4a3:192.168.151.83:37221] with ContainerStateMachine:uninitialized
2019-10-08 03:42:22,630 [pool-77-thread-1] INFO  server.RaftServerConfigKeys (ConfUtils.java:logGet(43)) - raft.server.rpc.timeout.min = 5s (custom)
2019-10-08 03:42:22,630 [pool-77-thread-1] INFO  server.RaftServerConfigKeys (ConfUtils.java:logGet(43)) - raft.server.rpc.timeout.max = 5200ms (custom)
2019-10-08 03:42:22,630 [pool-77-thread-1] INFO  server.RaftServerConfigKeys (ConfUtils.java:logGet(43)) - raft.server.rpcslowness.timeout = 120s (custom)
2019-10-08 03:42:22,630 [pool-77-thread-1] INFO  server.RaftServerConfigKeys (ConfUtils.java:logGet(43)) - raft.server.sleep.deviation.threshold = 300 (default)
2019-10-08 03:42:22,631 [pool-77-thread-1] INFO  server.RaftServerConfigKeys (ConfUtils.java:logGet(43)) - raft.server.log.appender.install.snapshot.enabled = false (custom)
2019-10-08 03:42:22,631 [pool-77-thread-1] INFO  impl.RaftServerImpl (ServerState.java:<init>(103)) - 140d7c2d-6527-405c-b465-1b1d8cb4b4a3@group-D977F4B4ECA5: ConfigurationManager, init=-1: [140d7c2d-6527-405c-b465-1b1d8cb4b4a3:192.168.151.83:37221], old=null, confs=<EMPTY_MAP>
2019-10-08 03:42:22,631 [pool-77-thread-1] INFO  server.RaftServerConfigKeys (ConfUtils.java:logGet(43)) - raft.server.storage.dir = [/workdir/hadoop-ozone/integration-test/target/test-dir/MiniOzoneClusterImpl-803a9bc2-2fef-4080-b053-fc887ab92aa0/datanode-5/data/ratis] (custom)
2019-10-08 03:42:22,632 [pool-77-thread-1] INFO  server.RaftServerConfigKeys (ConfUtils.java:logGet(43)) - raft.server.log.corruption.policy = EXCEPTION (default)
2019-10-08 03:42:22,632 [pool-77-thread-1] INFO  storage.RaftStorageDirectory (RaftStorageDirectory.java:analyzeStorage(246)) - The storage directory /workdir/hadoop-ozone/integration-test/target/test-dir/MiniOzoneClusterImpl-803a9bc2-2fef-4080-b053-fc887ab92aa0/datanode-5/data/ratis/9fe47071-ab74-4573-8e8a-d977f4b4eca5 does not exist. Creating ...
2019-10-08 03:42:22,645 [pool-77-thread-1] INFO  storage.RaftStorageDirectory (RaftStorageDirectory.java:tryLock(328)) - Lock on /workdir/hadoop-ozone/integration-test/target/test-dir/MiniOzoneClusterImpl-803a9bc2-2fef-4080-b053-fc887ab92aa0/datanode-5/data/ratis/9fe47071-ab74-4573-8e8a-d977f4b4eca5/in_use.lock acquired by nodename 23383@pr-hdds-2217-jqnfv-3133698562
2019-10-08 03:42:22,663 [pool-77-thread-1] INFO  storage.RaftStorage (RaftStorage.java:format(84)) - Storage directory /workdir/hadoop-ozone/integration-test/target/test-dir/MiniOzoneClusterImpl-803a9bc2-2fef-4080-b053-fc887ab92aa0/datanode-5/data/ratis/9fe47071-ab74-4573-8e8a-d977f4b4eca5 has been successfully formatted.
2019-10-08 03:42:22,664 [pool-77-thread-1] INFO  ratis.ContainerStateMachine (ContainerStateMachine.java:loadSnapshot(231)) - group-D977F4B4ECA5: The snapshot info is null. Setting the last applied indexto:(t:0, i:~)
2019-10-08 03:42:22,664 [pool-77-thread-1] INFO  server.RaftServerConfigKeys (ConfUtils.java:logGet(43)) - raft.server.notification.no-leader.timeout = 120s (custom)
2019-10-08 03:42:22,664 [pool-77-thread-1] INFO  server.RaftServerConfigKeys (ConfUtils.java:logGet(43)) - raft.server.log.use.memory = false (default)
2019-10-08 03:42:22,664 [pool-77-thread-1] INFO  server.RaftServerConfigKeys (ConfUtils.java:logGet(43)) - raft.server.log.purge.gap = 1000000 (custom)
2019-10-08 03:42:22,665 [pool-77-thread-1] INFO  server.RaftServerConfigKeys (ConfUtils.java:logGet(43)) - raft.server.log.appender.buffer.byte-limit = 33554432 (custom)
2019-10-08 03:42:22,665 [pool-77-thread-1] INFO  server.RaftServerConfigKeys (ConfUtils.java:logGet(43)) - raft.server.log.segment.size.max = 1048576 (custom)
2019-10-08 03:42:22,671 [pool-77-thread-1] INFO  server.RaftServerConfigKeys (ConfUtils.java:logGet(43)) - raft.server.log.segment.cache.num.max = 2 (custom)
2019-10-08 03:42:22,671 [pool-77-thread-1] INFO  segmented.SegmentedRaftLogWorker (SegmentedRaftLogWorker.java:<init>(173)) - new 140d7c2d-6527-405c-b465-1b1d8cb4b4a3@group-D977F4B4ECA5-SegmentedRaftLogWorker for RaftStorage:Storage Directory /workdir/hadoop-ozone/integration-test/target/test-dir/MiniOzoneClusterImpl-803a9bc2-2fef-4080-b053-fc887ab92aa0/datanode-5/data/ratis/9fe47071-ab74-4573-8e8a-d977f4b4eca5
2019-10-08 03:42:22,671 [pool-77-thread-1] INFO  server.RaftServerConfigKeys (ConfUtils.java:logGet(43)) - raft.server.log.queue.byte-limit = 2147483647 (custom)
2019-10-08 03:42:22,672 [pool-77-thread-1] INFO  server.RaftServerConfigKeys (ConfUtils.java:logGet(43)) - raft.server.log.queue.element-limit = 1024 (custom)
2019-10-08 03:42:22,672 [pool-77-thread-1] INFO  server.RaftServerConfigKeys (ConfUtils.java:logGet(43)) - raft.server.log.segment.size.max = 1048576 (custom)
2019-10-08 03:42:22,672 [pool-77-thread-1] INFO  server.RaftServerConfigKeys (ConfUtils.java:logGet(43)) - raft.server.log.preallocated.size = 16384 (custom)
2019-10-08 03:42:22,672 [pool-77-thread-1] INFO  server.RaftServerConfigKeys (ConfUtils.java:logGet(43)) - raft.server.log.write.buffer.size = 33554432 (custom)
2019-10-08 03:42:22,672 [pool-77-thread-1] INFO  server.RaftServerConfigKeys (ConfUtils.java:logGet(43)) - raft.server.log.force.sync.num = 128 (default)
2019-10-08 03:42:22,673 [pool-77-thread-1] INFO  server.RaftServerConfigKeys (ConfUtils.java:logGet(43)) - raft.server.log.statemachine.data.sync = true (default)
2019-10-08 03:42:22,673 [pool-77-thread-1] INFO  server.RaftServerConfigKeys (ConfUtils.java:logGet(43)) - raft.server.log.statemachine.data.sync.timeout = 10s (default)
2019-10-08 03:42:22,673 [pool-77-thread-1] INFO  server.RaftServerConfigKeys (ConfUtils.java:logGet(43)) - raft.server.log.statemachine.data.sync.timeout.retry = -1 (default)
2019-10-08 03:42:22,674 [pool-77-thread-1] INFO  server.RaftServerConfigKeys (ConfUtils.java:logGet(43)) - raft.server.log.statemachine.data.caching.enabled = true (custom)
2019-10-08 03:42:22,675 [pool-77-thread-1] INFO  segmented.SegmentedRaftLogWorker (SegmentedRaftLogWorker.java:lambda$new$0(128)) - 140d7c2d-6527-405c-b465-1b1d8cb4b4a3@group-D977F4B4ECA5-SegmentedRaftLogWorker: flushIndex: setUnconditionally 0 -> -1
2019-10-08 03:42:22,675 [pool-77-thread-1] INFO  server.RaftServerConfigKeys (ConfUtils.java:logGet(43)) - raft.server.snapshot.auto.trigger.enabled = true (custom)
2019-10-08 03:42:22,675 [pool-77-thread-1] INFO  server.RaftServerConfigKeys (ConfUtils.java:logGet(43)) - raft.server.snapshot.auto.trigger.threshold = 10000 (custom)
2019-10-08 03:42:22,676 [pool-77-thread-1] INFO  server.RaftServerConfigKeys (ConfUtils.java:logGet(43)) - raft.server.snapshot.retention.file.num = 5 (custom)
2019-10-08 03:42:22,676 [pool-77-thread-1] INFO  server.RaftServerConfigKeys (ConfUtils.java:logGet(43)) - raft.server.retrycache.expirytime = 600000ms (custom)
2019-10-08 03:42:22,681 [pool-77-thread-1] INFO  impl.RaftServerImpl (RaftServerImpl.java:start(181)) - 140d7c2d-6527-405c-b465-1b1d8cb4b4a3@group-D977F4B4ECA5: start as a follower, conf=-1: [140d7c2d-6527-405c-b465-1b1d8cb4b4a3:192.168.151.83:37221], old=null
2019-10-08 03:42:22,681 [pool-77-thread-1] INFO  impl.RaftServerImpl (RaftServerImpl.java:setRole(170)) - 140d7c2d-6527-405c-b465-1b1d8cb4b4a3@group-D977F4B4ECA5: changes role from      null to FOLLOWER at term 0 for startAsFollower
2019-10-08 03:42:22,681 [pool-77-thread-1] INFO  impl.RoleInfo (RoleInfo.java:updateAndGet(143)) - 140d7c2d-6527-405c-b465-1b1d8cb4b4a3: start FollowerState
2019-10-08 03:42:22,682 [pool-77-thread-1] INFO  util.JmxRegister (JmxRegister.java:tryRegister(44)) - Successfully registered JMX Bean with object name Ratis:service=RaftServer,group=group-D977F4B4ECA5,id=140d7c2d-6527-405c-b465-1b1d8cb4b4a3
2019-10-08 03:42:22,701 [RatisPipelineUtilsThread] INFO  pipeline.PipelineStateManager (PipelineStateManager.java:addPipeline(56)) - Created pipeline Pipeline[ Id: 9fe47071-ab74-4573-8e8a-d977f4b4eca5, Nodes: 140d7c2d-6527-405c-b465-1b1d8cb4b4a3{ip: 192.168.151.83, host: pr-hdds-2217-jqnfv-3133698562, networkLocation: /default-rack, certSerialId: null}, Type:RATIS, Factor:ONE, State:OPEN]
2019-10-08 03:42:22,726 [grpc-default-executor-0] INFO  impl.RaftServerProxy (RaftServerProxy.java:addNew(89)) - 577faf7f-deb6-4506-8e99-75f39047aeab: addNew group-1B9FB895418B:[577faf7f-deb6-4506-8e99-75f39047aeab:192.168.151.83:41804] returns group-1B9FB895418B:java.util.concurrent.CompletableFuture@124dca4a[Not completed]
2019-10-08 03:42:22,734 [pool-57-thread-1] INFO  impl.RaftServerImpl (RaftServerImpl.java:<init>(95)) - 577faf7f-deb6-4506-8e99-75f39047aeab: new RaftServerImpl for group-1B9FB895418B:[577faf7f-deb6-4506-8e99-75f39047aeab:192.168.151.83:41804] with ContainerStateMachine:uninitialized
2019-10-08 03:42:22,735 [pool-57-thread-1] INFO  server.RaftServerConfigKeys (ConfUtils.java:logGet(43)) - raft.server.rpc.timeout.min = 5s (custom)
2019-10-08 03:42:22,735 [pool-57-thread-1] INFO  server.RaftServerConfigKeys (ConfUtils.java:logGet(43)) - raft.server.rpc.timeout.max = 5200ms (custom)
2019-10-08 03:42:22,735 [pool-57-thread-1] INFO  server.RaftServerConfigKeys (ConfUtils.java:logGet(43)) - raft.server.rpcslowness.timeout = 120s (custom)
2019-10-08 03:42:22,735 [pool-57-thread-1] INFO  server.RaftServerConfigKeys (ConfUtils.java:logGet(43)) - raft.server.sleep.deviation.threshold = 300 (default)
2019-10-08 03:42:22,735 [pool-57-thread-1] INFO  server.RaftServerConfigKeys (ConfUtils.java:logGet(43)) - raft.server.log.appender.install.snapshot.enabled = false (custom)
2019-10-08 03:42:22,736 [pool-57-thread-1] INFO  impl.RaftServerImpl (ServerState.java:<init>(103)) - 577faf7f-deb6-4506-8e99-75f39047aeab@group-1B9FB895418B: ConfigurationManager, init=-1: [577faf7f-deb6-4506-8e99-75f39047aeab:192.168.151.83:41804], old=null, confs=<EMPTY_MAP>
2019-10-08 03:42:22,736 [pool-57-thread-1] INFO  server.RaftServerConfigKeys (ConfUtils.java:logGet(43)) - raft.server.storage.dir = [/workdir/hadoop-ozone/integration-test/target/test-dir/MiniOzoneClusterImpl-803a9bc2-2fef-4080-b053-fc887ab92aa0/datanode-3/data/ratis] (custom)
2019-10-08 03:42:22,736 [pool-57-thread-1] INFO  server.RaftServerConfigKeys (ConfUtils.java:logGet(43)) - raft.server.log.corruption.policy = EXCEPTION (default)
2019-10-08 03:42:22,736 [pool-57-thread-1] INFO  storage.RaftStorageDirectory (RaftStorageDirectory.java:analyzeStorage(246)) - The storage directory /workdir/hadoop-ozone/integration-test/target/test-dir/MiniOzoneClusterImpl-803a9bc2-2fef-4080-b053-fc887ab92aa0/datanode-3/data/ratis/d8c4f5fa-d9d7-4da0-96c7-1b9fb895418b does not exist. Creating ...
2019-10-08 03:42:22,757 [pool-57-thread-1] INFO  storage.RaftStorageDirectory (RaftStorageDirectory.java:tryLock(328)) - Lock on /workdir/hadoop-ozone/integration-test/target/test-dir/MiniOzoneClusterImpl-803a9bc2-2fef-4080-b053-fc887ab92aa0/datanode-3/data/ratis/d8c4f5fa-d9d7-4da0-96c7-1b9fb895418b/in_use.lock acquired by nodename 23383@pr-hdds-2217-jqnfv-3133698562
2019-10-08 03:42:22,768 [main] INFO  ozone.MiniOzoneClusterImpl (MiniOzoneClusterImpl.java:lambda$waitForClusterToBeReady$0(147)) - Cluster is ready. Got 7 of 7 DN Heartbeats.
2019-10-08 03:42:22,770 [pool-57-thread-1] INFO  storage.RaftStorage (RaftStorage.java:format(84)) - Storage directory /workdir/hadoop-ozone/integration-test/target/test-dir/MiniOzoneClusterImpl-803a9bc2-2fef-4080-b053-fc887ab92aa0/datanode-3/data/ratis/d8c4f5fa-d9d7-4da0-96c7-1b9fb895418b has been successfully formatted.
2019-10-08 03:42:22,770 [pool-57-thread-1] INFO  ratis.ContainerStateMachine (ContainerStateMachine.java:loadSnapshot(231)) - group-1B9FB895418B: The snapshot info is null. Setting the last applied indexto:(t:0, i:~)
2019-10-08 03:42:22,771 [pool-57-thread-1] INFO  server.RaftServerConfigKeys (ConfUtils.java:logGet(43)) - raft.server.notification.no-leader.timeout = 120s (custom)
2019-10-08 03:42:22,771 [pool-57-thread-1] INFO  server.RaftServerConfigKeys (ConfUtils.java:logGet(43)) - raft.server.log.use.memory = false (default)
2019-10-08 03:42:22,771 [pool-57-thread-1] INFO  server.RaftServerConfigKeys (ConfUtils.java:logGet(43)) - raft.server.log.purge.gap = 1000000 (custom)
2019-10-08 03:42:22,771 [pool-57-thread-1] INFO  server.RaftServerConfigKeys (ConfUtils.java:logGet(43)) - raft.server.log.appender.buffer.byte-limit = 33554432 (custom)
2019-10-08 03:42:22,771 [pool-57-thread-1] INFO  server.RaftServerConfigKeys (ConfUtils.java:logGet(43)) - raft.server.log.segment.size.max = 1048576 (custom)
2019-10-08 03:42:22,775 [pool-57-thread-1] INFO  server.RaftServerConfigKeys (ConfUtils.java:logGet(43)) - raft.server.log.segment.cache.num.max = 2 (custom)
2019-10-08 03:42:22,775 [pool-57-thread-1] INFO  segmented.SegmentedRaftLogWorker (SegmentedRaftLogWorker.java:<init>(173)) - new 577faf7f-deb6-4506-8e99-75f39047aeab@group-1B9FB895418B-SegmentedRaftLogWorker for RaftStorage:Storage Directory /workdir/hadoop-ozone/integration-test/target/test-dir/MiniOzoneClusterImpl-803a9bc2-2fef-4080-b053-fc887ab92aa0/datanode-3/data/ratis/d8c4f5fa-d9d7-4da0-96c7-1b9fb895418b
2019-10-08 03:42:22,776 [pool-57-thread-1] INFO  server.RaftServerConfigKeys (ConfUtils.java:logGet(43)) - raft.server.log.queue.byte-limit = 2147483647 (custom)
2019-10-08 03:42:22,776 [pool-57-thread-1] INFO  server.RaftServerConfigKeys (ConfUtils.java:logGet(43)) - raft.server.log.queue.element-limit = 1024 (custom)
2019-10-08 03:42:22,776 [pool-57-thread-1] INFO  server.RaftServerConfigKeys (ConfUtils.java:logGet(43)) - raft.server.log.segment.size.max = 1048576 (custom)
2019-10-08 03:42:22,776 [pool-57-thread-1] INFO  server.RaftServerConfigKeys (ConfUtils.java:logGet(43)) - raft.server.log.preallocated.size = 16384 (custom)
2019-10-08 03:42:22,776 [pool-57-thread-1] INFO  server.RaftServerConfigKeys (ConfUtils.java:logGet(43)) - raft.server.log.write.buffer.size = 33554432 (custom)
2019-10-08 03:42:22,776 [pool-57-thread-1] INFO  server.RaftServerConfigKeys (ConfUtils.java:logGet(43)) - raft.server.log.force.sync.num = 128 (default)
2019-10-08 03:42:22,777 [pool-57-thread-1] INFO  server.RaftServerConfigKeys (ConfUtils.java:logGet(43)) - raft.server.log.statemachine.data.sync = true (default)
2019-10-08 03:42:22,777 [pool-57-thread-1] INFO  server.RaftServerConfigKeys (ConfUtils.java:logGet(43)) - raft.server.log.statemachine.data.sync.timeout = 10s (default)
2019-10-08 03:42:22,777 [pool-57-thread-1] INFO  server.RaftServerConfigKeys (ConfUtils.java:logGet(43)) - raft.server.log.statemachine.data.sync.timeout.retry = -1 (default)
2019-10-08 03:42:22,778 [pool-57-thread-1] INFO  server.RaftServerConfigKeys (ConfUtils.java:logGet(43)) - raft.server.log.statemachine.data.caching.enabled = true (custom)
2019-10-08 03:42:22,778 [pool-57-thread-1] INFO  segmented.SegmentedRaftLogWorker (SegmentedRaftLogWorker.java:lambda$new$0(128)) - 577faf7f-deb6-4506-8e99-75f39047aeab@group-1B9FB895418B-SegmentedRaftLogWorker: flushIndex: setUnconditionally 0 -> -1
2019-10-08 03:42:22,779 [pool-57-thread-1] INFO  server.RaftServerConfigKeys (ConfUtils.java:logGet(43)) - raft.server.snapshot.auto.trigger.enabled = true (custom)
2019-10-08 03:42:22,779 [pool-57-thread-1] INFO  server.RaftServerConfigKeys (ConfUtils.java:logGet(43)) - raft.server.snapshot.auto.trigger.threshold = 10000 (custom)
2019-10-08 03:42:22,779 [pool-57-thread-1] INFO  server.RaftServerConfigKeys (ConfUtils.java:logGet(43)) - raft.server.snapshot.retention.file.num = 5 (custom)
2019-10-08 03:42:22,779 [pool-57-thread-1] INFO  server.RaftServerConfigKeys (ConfUtils.java:logGet(43)) - raft.server.retrycache.expirytime = 600000ms (custom)
2019-10-08 03:42:22,783 [pool-57-thread-1] INFO  impl.RaftServerImpl (RaftServerImpl.java:start(181)) - 577faf7f-deb6-4506-8e99-75f39047aeab@group-1B9FB895418B: start as a follower, conf=-1: [577faf7f-deb6-4506-8e99-75f39047aeab:192.168.151.83:41804], old=null
2019-10-08 03:42:22,783 [pool-57-thread-1] INFO  impl.RaftServerImpl (RaftServerImpl.java:setRole(170)) - 577faf7f-deb6-4506-8e99-75f39047aeab@group-1B9FB895418B: changes role from      null to FOLLOWER at term 0 for startAsFollower
2019-10-08 03:42:22,783 [pool-57-thread-1] INFO  impl.RoleInfo (RoleInfo.java:updateAndGet(143)) - 577faf7f-deb6-4506-8e99-75f39047aeab: start FollowerState
2019-10-08 03:42:22,784 [pool-57-thread-1] INFO  util.JmxRegister (JmxRegister.java:tryRegister(44)) - Successfully registered JMX Bean with object name Ratis:service=RaftServer,group=group-1B9FB895418B,id=577faf7f-deb6-4506-8e99-75f39047aeab
2019-10-08 03:42:22,807 [RatisPipelineUtilsThread] INFO  pipeline.PipelineStateManager (PipelineStateManager.java:addPipeline(56)) - Created pipeline Pipeline[ Id: d8c4f5fa-d9d7-4da0-96c7-1b9fb895418b, Nodes: 577faf7f-deb6-4506-8e99-75f39047aeab{ip: 192.168.151.83, host: pr-hdds-2217-jqnfv-3133698562, networkLocation: /default-rack, certSerialId: null}, Type:RATIS, Factor:ONE, State:OPEN]
2019-10-08 03:42:22,835 [grpc-default-executor-0] INFO  impl.RaftServerProxy (RaftServerProxy.java:addNew(89)) - e55dc74a-5508-43f4-ba5a-e1e75e0afb35: addNew group-E10F35F715A9:[e55dc74a-5508-43f4-ba5a-e1e75e0afb35:192.168.151.83:38050] returns group-E10F35F715A9:java.util.concurrent.CompletableFuture@cef274e[Not completed]
2019-10-08 03:42:22,843 [pool-87-thread-1] INFO  impl.RaftServerImpl (RaftServerImpl.java:<init>(95)) - e55dc74a-5508-43f4-ba5a-e1e75e0afb35: new RaftServerImpl for group-E10F35F715A9:[e55dc74a-5508-43f4-ba5a-e1e75e0afb35:192.168.151.83:38050] with ContainerStateMachine:uninitialized
2019-10-08 03:42:22,843 [pool-87-thread-1] INFO  server.RaftServerConfigKeys (ConfUtils.java:logGet(43)) - raft.server.rpc.timeout.min = 5s (custom)
2019-10-08 03:42:22,843 [pool-87-thread-1] INFO  server.RaftServerConfigKeys (ConfUtils.java:logGet(43)) - raft.server.rpc.timeout.max = 5200ms (custom)
2019-10-08 03:42:22,844 [pool-87-thread-1] INFO  server.RaftServerConfigKeys (ConfUtils.java:logGet(43)) - raft.server.rpcslowness.timeout = 120s (custom)
2019-10-08 03:42:22,844 [pool-87-thread-1] INFO  server.RaftServerConfigKeys (ConfUtils.java:logGet(43)) - raft.server.sleep.deviation.threshold = 300 (default)
2019-10-08 03:42:22,844 [pool-87-thread-1] INFO  server.RaftServerConfigKeys (ConfUtils.java:logGet(43)) - raft.server.log.appender.install.snapshot.enabled = false (custom)
2019-10-08 03:42:22,844 [pool-87-thread-1] INFO  impl.RaftServerImpl (ServerState.java:<init>(103)) - e55dc74a-5508-43f4-ba5a-e1e75e0afb35@group-E10F35F715A9: ConfigurationManager, init=-1: [e55dc74a-5508-43f4-ba5a-e1e75e0afb35:192.168.151.83:38050], old=null, confs=<EMPTY_MAP>
2019-10-08 03:42:22,845 [pool-87-thread-1] INFO  server.RaftServerConfigKeys (ConfUtils.java:logGet(43)) - raft.server.storage.dir = [/workdir/hadoop-ozone/integration-test/target/test-dir/MiniOzoneClusterImpl-803a9bc2-2fef-4080-b053-fc887ab92aa0/datanode-6/data/ratis] (custom)
2019-10-08 03:42:22,845 [pool-87-thread-1] INFO  server.RaftServerConfigKeys (ConfUtils.java:logGet(43)) - raft.server.log.corruption.policy = EXCEPTION (default)
2019-10-08 03:42:22,845 [pool-87-thread-1] INFO  storage.RaftStorageDirectory (RaftStorageDirectory.java:analyzeStorage(246)) - The storage directory /workdir/hadoop-ozone/integration-test/target/test-dir/MiniOzoneClusterImpl-803a9bc2-2fef-4080-b053-fc887ab92aa0/datanode-6/data/ratis/146f4890-2f84-425a-ab8e-e10f35f715a9 does not exist. Creating ...
2019-10-08 03:42:22,858 [pool-87-thread-1] INFO  storage.RaftStorageDirectory (RaftStorageDirectory.java:tryLock(328)) - Lock on /workdir/hadoop-ozone/integration-test/target/test-dir/MiniOzoneClusterImpl-803a9bc2-2fef-4080-b053-fc887ab92aa0/datanode-6/data/ratis/146f4890-2f84-425a-ab8e-e10f35f715a9/in_use.lock acquired by nodename 23383@pr-hdds-2217-jqnfv-3133698562
2019-10-08 03:42:22,874 [pool-87-thread-1] INFO  storage.RaftStorage (RaftStorage.java:format(84)) - Storage directory /workdir/hadoop-ozone/integration-test/target/test-dir/MiniOzoneClusterImpl-803a9bc2-2fef-4080-b053-fc887ab92aa0/datanode-6/data/ratis/146f4890-2f84-425a-ab8e-e10f35f715a9 has been successfully formatted.
2019-10-08 03:42:22,875 [pool-87-thread-1] INFO  ratis.ContainerStateMachine (ContainerStateMachine.java:loadSnapshot(231)) - group-E10F35F715A9: The snapshot info is null. Setting the last applied indexto:(t:0, i:~)
2019-10-08 03:42:22,875 [pool-87-thread-1] INFO  server.RaftServerConfigKeys (ConfUtils.java:logGet(43)) - raft.server.notification.no-leader.timeout = 120s (custom)
2019-10-08 03:42:22,875 [pool-87-thread-1] INFO  server.RaftServerConfigKeys (ConfUtils.java:logGet(43)) - raft.server.log.use.memory = false (default)
2019-10-08 03:42:22,876 [pool-87-thread-1] INFO  server.RaftServerConfigKeys (ConfUtils.java:logGet(43)) - raft.server.log.purge.gap = 1000000 (custom)
2019-10-08 03:42:22,876 [pool-87-thread-1] INFO  server.RaftServerConfigKeys (ConfUtils.java:logGet(43)) - raft.server.log.appender.buffer.byte-limit = 33554432 (custom)
2019-10-08 03:42:22,876 [pool-87-thread-1] INFO  server.RaftServerConfigKeys (ConfUtils.java:logGet(43)) - raft.server.log.segment.size.max = 1048576 (custom)
2019-10-08 03:42:22,880 [pool-87-thread-1] INFO  server.RaftServerConfigKeys (ConfUtils.java:logGet(43)) - raft.server.log.segment.cache.num.max = 2 (custom)
2019-10-08 03:42:22,880 [pool-87-thread-1] INFO  segmented.SegmentedRaftLogWorker (SegmentedRaftLogWorker.java:<init>(173)) - new e55dc74a-5508-43f4-ba5a-e1e75e0afb35@group-E10F35F715A9-SegmentedRaftLogWorker for RaftStorage:Storage Directory /workdir/hadoop-ozone/integration-test/target/test-dir/MiniOzoneClusterImpl-803a9bc2-2fef-4080-b053-fc887ab92aa0/datanode-6/data/ratis/146f4890-2f84-425a-ab8e-e10f35f715a9
2019-10-08 03:42:22,880 [pool-87-thread-1] INFO  server.RaftServerConfigKeys (ConfUtils.java:logGet(43)) - raft.server.log.queue.byte-limit = 2147483647 (custom)
2019-10-08 03:42:22,881 [pool-87-thread-1] INFO  server.RaftServerConfigKeys (ConfUtils.java:logGet(43)) - raft.server.log.queue.element-limit = 1024 (custom)
2019-10-08 03:42:22,881 [pool-87-thread-1] INFO  server.RaftServerConfigKeys (ConfUtils.java:logGet(43)) - raft.server.log.segment.size.max = 1048576 (custom)
2019-10-08 03:42:22,881 [pool-87-thread-1] INFO  server.RaftServerConfigKeys (ConfUtils.java:logGet(43)) - raft.server.log.preallocated.size = 16384 (custom)
2019-10-08 03:42:22,881 [pool-87-thread-1] INFO  server.RaftServerConfigKeys (ConfUtils.java:logGet(43)) - raft.server.log.write.buffer.size = 33554432 (custom)
2019-10-08 03:42:22,882 [pool-87-thread-1] INFO  server.RaftServerConfigKeys (ConfUtils.java:logGet(43)) - raft.server.log.force.sync.num = 128 (default)
2019-10-08 03:42:22,884 [pool-87-thread-1] INFO  server.RaftServerConfigKeys (ConfUtils.java:logGet(43)) - raft.server.log.statemachine.data.sync = true (default)
2019-10-08 03:42:22,884 [pool-87-thread-1] INFO  server.RaftServerConfigKeys (ConfUtils.java:logGet(43)) - raft.server.log.statemachine.data.sync.timeout = 10s (default)
2019-10-08 03:42:22,884 [pool-87-thread-1] INFO  server.RaftServerConfigKeys (ConfUtils.java:logGet(43)) - raft.server.log.statemachine.data.sync.timeout.retry = -1 (default)
2019-10-08 03:42:22,885 [pool-87-thread-1] INFO  server.RaftServerConfigKeys (ConfUtils.java:logGet(43)) - raft.server.log.statemachine.data.caching.enabled = true (custom)
2019-10-08 03:42:22,885 [pool-87-thread-1] INFO  segmented.SegmentedRaftLogWorker (SegmentedRaftLogWorker.java:lambda$new$0(128)) - e55dc74a-5508-43f4-ba5a-e1e75e0afb35@group-E10F35F715A9-SegmentedRaftLogWorker: flushIndex: setUnconditionally 0 -> -1
2019-10-08 03:42:22,886 [pool-87-thread-1] INFO  server.RaftServerConfigKeys (ConfUtils.java:logGet(43)) - raft.server.snapshot.auto.trigger.enabled = true (custom)
2019-10-08 03:42:22,886 [pool-87-thread-1] INFO  server.RaftServerConfigKeys (ConfUtils.java:logGet(43)) - raft.server.snapshot.auto.trigger.threshold = 10000 (custom)
2019-10-08 03:42:22,886 [pool-87-thread-1] INFO  server.RaftServerConfigKeys (ConfUtils.java:logGet(43)) - raft.server.snapshot.retention.file.num = 5 (custom)
2019-10-08 03:42:22,887 [pool-87-thread-1] INFO  server.RaftServerConfigKeys (ConfUtils.java:logGet(43)) - raft.server.retrycache.expirytime = 600000ms (custom)
2019-10-08 03:42:22,890 [pool-87-thread-1] INFO  impl.RaftServerImpl (RaftServerImpl.java:start(181)) - e55dc74a-5508-43f4-ba5a-e1e75e0afb35@group-E10F35F715A9: start as a follower, conf=-1: [e55dc74a-5508-43f4-ba5a-e1e75e0afb35:192.168.151.83:38050], old=null
2019-10-08 03:42:22,890 [pool-87-thread-1] INFO  impl.RaftServerImpl (RaftServerImpl.java:setRole(170)) - e55dc74a-5508-43f4-ba5a-e1e75e0afb35@group-E10F35F715A9: changes role from      null to FOLLOWER at term 0 for startAsFollower
2019-10-08 03:42:22,891 [pool-87-thread-1] INFO  impl.RoleInfo (RoleInfo.java:updateAndGet(143)) - e55dc74a-5508-43f4-ba5a-e1e75e0afb35: start FollowerState
2019-10-08 03:42:22,891 [pool-87-thread-1] INFO  util.JmxRegister (JmxRegister.java:tryRegister(44)) - Successfully registered JMX Bean with object name Ratis:service=RaftServer,group=group-E10F35F715A9,id=e55dc74a-5508-43f4-ba5a-e1e75e0afb35
2019-10-08 03:42:22,911 [RatisPipelineUtilsThread] INFO  pipeline.PipelineStateManager (PipelineStateManager.java:addPipeline(56)) - Created pipeline Pipeline[ Id: 146f4890-2f84-425a-ab8e-e10f35f715a9, Nodes: e55dc74a-5508-43f4-ba5a-e1e75e0afb35{ip: 192.168.151.83, host: pr-hdds-2217-jqnfv-3133698562, networkLocation: /default-rack, certSerialId: null}, Type:RATIS, Factor:ONE, State:OPEN]
2019-10-08 03:42:22,931 [grpc-default-executor-0] INFO  impl.RaftServerProxy (RaftServerProxy.java:addNew(89)) - 25c5b0e6-4311-43a0-b544-52b56a20287f: addNew group-3274451B44B0:[25c5b0e6-4311-43a0-b544-52b56a20287f:192.168.151.83:45813] returns group-3274451B44B0:java.util.concurrent.CompletableFuture@337c232f[Not completed]
2019-10-08 03:42:22,936 [pool-47-thread-1] INFO  impl.RaftServerImpl (RaftServerImpl.java:<init>(95)) - 25c5b0e6-4311-43a0-b544-52b56a20287f: new RaftServerImpl for group-3274451B44B0:[25c5b0e6-4311-43a0-b544-52b56a20287f:192.168.151.83:45813] with ContainerStateMachine:uninitialized
2019-10-08 03:42:22,936 [pool-47-thread-1] INFO  server.RaftServerConfigKeys (ConfUtils.java:logGet(43)) - raft.server.rpc.timeout.min = 5s (custom)
2019-10-08 03:42:22,936 [pool-47-thread-1] INFO  server.RaftServerConfigKeys (ConfUtils.java:logGet(43)) - raft.server.rpc.timeout.max = 5200ms (custom)
2019-10-08 03:42:22,936 [pool-47-thread-1] INFO  server.RaftServerConfigKeys (ConfUtils.java:logGet(43)) - raft.server.rpcslowness.timeout = 120s (custom)
2019-10-08 03:42:22,937 [pool-47-thread-1] INFO  server.RaftServerConfigKeys (ConfUtils.java:logGet(43)) - raft.server.sleep.deviation.threshold = 300 (default)
2019-10-08 03:42:22,937 [pool-47-thread-1] INFO  server.RaftServerConfigKeys (ConfUtils.java:logGet(43)) - raft.server.log.appender.install.snapshot.enabled = false (custom)
2019-10-08 03:42:22,937 [pool-47-thread-1] INFO  impl.RaftServerImpl (ServerState.java:<init>(103)) - 25c5b0e6-4311-43a0-b544-52b56a20287f@group-3274451B44B0: ConfigurationManager, init=-1: [25c5b0e6-4311-43a0-b544-52b56a20287f:192.168.151.83:45813], old=null, confs=<EMPTY_MAP>
2019-10-08 03:42:22,937 [pool-47-thread-1] INFO  server.RaftServerConfigKeys (ConfUtils.java:logGet(43)) - raft.server.storage.dir = [/workdir/hadoop-ozone/integration-test/target/test-dir/MiniOzoneClusterImpl-803a9bc2-2fef-4080-b053-fc887ab92aa0/datanode-2/data/ratis] (custom)
2019-10-08 03:42:22,938 [pool-47-thread-1] INFO  server.RaftServerConfigKeys (ConfUtils.java:logGet(43)) - raft.server.log.corruption.policy = EXCEPTION (default)
2019-10-08 03:42:22,938 [pool-47-thread-1] INFO  storage.RaftStorageDirectory (RaftStorageDirectory.java:analyzeStorage(246)) - The storage directory /workdir/hadoop-ozone/integration-test/target/test-dir/MiniOzoneClusterImpl-803a9bc2-2fef-4080-b053-fc887ab92aa0/datanode-2/data/ratis/5764dd09-dff9-49d9-820a-3274451b44b0 does not exist. Creating ...
2019-10-08 03:42:22,952 [pool-47-thread-1] INFO  storage.RaftStorageDirectory (RaftStorageDirectory.java:tryLock(328)) - Lock on /workdir/hadoop-ozone/integration-test/target/test-dir/MiniOzoneClusterImpl-803a9bc2-2fef-4080-b053-fc887ab92aa0/datanode-2/data/ratis/5764dd09-dff9-49d9-820a-3274451b44b0/in_use.lock acquired by nodename 23383@pr-hdds-2217-jqnfv-3133698562
2019-10-08 03:42:22,965 [pool-47-thread-1] INFO  storage.RaftStorage (RaftStorage.java:format(84)) - Storage directory /workdir/hadoop-ozone/integration-test/target/test-dir/MiniOzoneClusterImpl-803a9bc2-2fef-4080-b053-fc887ab92aa0/datanode-2/data/ratis/5764dd09-dff9-49d9-820a-3274451b44b0 has been successfully formatted.
2019-10-08 03:42:22,965 [pool-47-thread-1] INFO  ratis.ContainerStateMachine (ContainerStateMachine.java:loadSnapshot(231)) - group-3274451B44B0: The snapshot info is null. Setting the last applied indexto:(t:0, i:~)
2019-10-08 03:42:22,966 [pool-47-thread-1] INFO  server.RaftServerConfigKeys (ConfUtils.java:logGet(43)) - raft.server.notification.no-leader.timeout = 120s (custom)
2019-10-08 03:42:22,966 [pool-47-thread-1] INFO  server.RaftServerConfigKeys (ConfUtils.java:logGet(43)) - raft.server.log.use.memory = false (default)
2019-10-08 03:42:22,966 [pool-47-thread-1] INFO  server.RaftServerConfigKeys (ConfUtils.java:logGet(43)) - raft.server.log.purge.gap = 1000000 (custom)
2019-10-08 03:42:22,966 [pool-47-thread-1] INFO  server.RaftServerConfigKeys (ConfUtils.java:logGet(43)) - raft.server.log.appender.buffer.byte-limit = 33554432 (custom)
2019-10-08 03:42:22,967 [pool-47-thread-1] INFO  server.RaftServerConfigKeys (ConfUtils.java:logGet(43)) - raft.server.log.segment.size.max = 1048576 (custom)
2019-10-08 03:42:22,970 [pool-47-thread-1] INFO  server.RaftServerConfigKeys (ConfUtils.java:logGet(43)) - raft.server.log.segment.cache.num.max = 2 (custom)
2019-10-08 03:42:22,970 [pool-47-thread-1] INFO  segmented.SegmentedRaftLogWorker (SegmentedRaftLogWorker.java:<init>(173)) - new 25c5b0e6-4311-43a0-b544-52b56a20287f@group-3274451B44B0-SegmentedRaftLogWorker for RaftStorage:Storage Directory /workdir/hadoop-ozone/integration-test/target/test-dir/MiniOzoneClusterImpl-803a9bc2-2fef-4080-b053-fc887ab92aa0/datanode-2/data/ratis/5764dd09-dff9-49d9-820a-3274451b44b0
2019-10-08 03:42:22,971 [pool-47-thread-1] INFO  server.RaftServerConfigKeys (ConfUtils.java:logGet(43)) - raft.server.log.queue.byte-limit = 2147483647 (custom)
2019-10-08 03:42:22,971 [pool-47-thread-1] INFO  server.RaftServerConfigKeys (ConfUtils.java:logGet(43)) - raft.server.log.queue.element-limit = 1024 (custom)
2019-10-08 03:42:22,971 [pool-47-thread-1] INFO  server.RaftServerConfigKeys (ConfUtils.java:logGet(43)) - raft.server.log.segment.size.max = 1048576 (custom)
2019-10-08 03:42:22,971 [pool-47-thread-1] INFO  server.RaftServerConfigKeys (ConfUtils.java:logGet(43)) - raft.server.log.preallocated.size = 16384 (custom)
2019-10-08 03:42:22,971 [pool-47-thread-1] INFO  server.RaftServerConfigKeys (ConfUtils.java:logGet(43)) - raft.server.log.write.buffer.size = 33554432 (custom)
2019-10-08 03:42:22,972 [pool-47-thread-1] INFO  server.RaftServerConfigKeys (ConfUtils.java:logGet(43)) - raft.server.log.force.sync.num = 128 (default)
2019-10-08 03:42:22,972 [pool-47-thread-1] INFO  server.RaftServerConfigKeys (ConfUtils.java:logGet(43)) - raft.server.log.statemachine.data.sync = true (default)
2019-10-08 03:42:22,972 [pool-47-thread-1] INFO  server.RaftServerConfigKeys (ConfUtils.java:logGet(43)) - raft.server.log.statemachine.data.sync.timeout = 10s (default)
2019-10-08 03:42:22,972 [pool-47-thread-1] INFO  server.RaftServerConfigKeys (ConfUtils.java:logGet(43)) - raft.server.log.statemachine.data.sync.timeout.retry = -1 (default)
2019-10-08 03:42:22,973 [pool-47-thread-1] INFO  server.RaftServerConfigKeys (ConfUtils.java:logGet(43)) - raft.server.log.statemachine.data.caching.enabled = true (custom)
2019-10-08 03:42:22,973 [pool-47-thread-1] INFO  segmented.SegmentedRaftLogWorker (SegmentedRaftLogWorker.java:lambda$new$0(128)) - 25c5b0e6-4311-43a0-b544-52b56a20287f@group-3274451B44B0-SegmentedRaftLogWorker: flushIndex: setUnconditionally 0 -> -1
2019-10-08 03:42:22,974 [pool-47-thread-1] INFO  server.RaftServerConfigKeys (ConfUtils.java:logGet(43)) - raft.server.snapshot.auto.trigger.enabled = true (custom)
2019-10-08 03:42:22,974 [pool-47-thread-1] INFO  server.RaftServerConfigKeys (ConfUtils.java:logGet(43)) - raft.server.snapshot.auto.trigger.threshold = 10000 (custom)
2019-10-08 03:42:22,974 [pool-47-thread-1] INFO  server.RaftServerConfigKeys (ConfUtils.java:logGet(43)) - raft.server.snapshot.retention.file.num = 5 (custom)
2019-10-08 03:42:22,975 [pool-47-thread-1] INFO  server.RaftServerConfigKeys (ConfUtils.java:logGet(43)) - raft.server.retrycache.expirytime = 600000ms (custom)
2019-10-08 03:42:22,978 [pool-47-thread-1] INFO  impl.RaftServerImpl (RaftServerImpl.java:start(181)) - 25c5b0e6-4311-43a0-b544-52b56a20287f@group-3274451B44B0: start as a follower, conf=-1: [25c5b0e6-4311-43a0-b544-52b56a20287f:192.168.151.83:45813], old=null
2019-10-08 03:42:22,978 [pool-47-thread-1] INFO  impl.RaftServerImpl (RaftServerImpl.java:setRole(170)) - 25c5b0e6-4311-43a0-b544-52b56a20287f@group-3274451B44B0: changes role from      null to FOLLOWER at term 0 for startAsFollower
2019-10-08 03:42:22,978 [pool-47-thread-1] INFO  impl.RoleInfo (RoleInfo.java:updateAndGet(143)) - 25c5b0e6-4311-43a0-b544-52b56a20287f: start FollowerState
2019-10-08 03:42:22,979 [pool-47-thread-1] INFO  util.JmxRegister (JmxRegister.java:tryRegister(44)) - Successfully registered JMX Bean with object name Ratis:service=RaftServer,group=group-3274451B44B0,id=25c5b0e6-4311-43a0-b544-52b56a20287f
2019-10-08 03:42:23,002 [RatisPipelineUtilsThread] INFO  pipeline.PipelineStateManager (PipelineStateManager.java:addPipeline(56)) - Created pipeline Pipeline[ Id: 5764dd09-dff9-49d9-820a-3274451b44b0, Nodes: 25c5b0e6-4311-43a0-b544-52b56a20287f{ip: 192.168.151.83, host: pr-hdds-2217-jqnfv-3133698562, networkLocation: /default-rack, certSerialId: null}, Type:RATIS, Factor:ONE, State:OPEN]
2019-10-08 03:42:23,044 [grpc-default-executor-1] INFO  impl.RaftServerProxy (RaftServerProxy.java:addNew(89)) - 04caef7c-ddb6-4702-809f-1a73204ea274: addNew group-99A017148508:[04caef7c-ddb6-4702-809f-1a73204ea274:192.168.151.83:39172, 140d7c2d-6527-405c-b465-1b1d8cb4b4a3:192.168.151.83:37221, 0d9c9caf-a10d-4dbf-84ca-13e0af47996f:192.168.151.83:34616] returns group-99A017148508:java.util.concurrent.CompletableFuture@2c7d10bc[Not completed]
2019-10-08 03:42:23,044 [grpc-default-executor-2] INFO  impl.RaftServerProxy (RaftServerProxy.java:addNew(89)) - 140d7c2d-6527-405c-b465-1b1d8cb4b4a3: addNew group-99A017148508:[04caef7c-ddb6-4702-809f-1a73204ea274:192.168.151.83:39172, 140d7c2d-6527-405c-b465-1b1d8cb4b4a3:192.168.151.83:37221, 0d9c9caf-a10d-4dbf-84ca-13e0af47996f:192.168.151.83:34616] returns group-99A017148508:java.util.concurrent.CompletableFuture@7bfa065[Not completed]
2019-10-08 03:42:23,044 [grpc-default-executor-0] INFO  impl.RaftServerProxy (RaftServerProxy.java:addNew(89)) - 0d9c9caf-a10d-4dbf-84ca-13e0af47996f: addNew group-99A017148508:[04caef7c-ddb6-4702-809f-1a73204ea274:192.168.151.83:39172, 140d7c2d-6527-405c-b465-1b1d8cb4b4a3:192.168.151.83:37221, 0d9c9caf-a10d-4dbf-84ca-13e0af47996f:192.168.151.83:34616] returns group-99A017148508:java.util.concurrent.CompletableFuture@535d803a[Not completed]
2019-10-08 03:42:23,046 [pool-67-thread-1] INFO  impl.RaftServerImpl (RaftServerImpl.java:<init>(95)) - 04caef7c-ddb6-4702-809f-1a73204ea274: new RaftServerImpl for group-99A017148508:[04caef7c-ddb6-4702-809f-1a73204ea274:192.168.151.83:39172, 140d7c2d-6527-405c-b465-1b1d8cb4b4a3:192.168.151.83:37221, 0d9c9caf-a10d-4dbf-84ca-13e0af47996f:192.168.151.83:34616] with ContainerStateMachine:uninitialized
2019-10-08 03:42:23,046 [pool-67-thread-1] INFO  server.RaftServerConfigKeys (ConfUtils.java:logGet(43)) - raft.server.rpc.timeout.min = 5s (custom)
2019-10-08 03:42:23,047 [pool-67-thread-1] INFO  server.RaftServerConfigKeys (ConfUtils.java:logGet(43)) - raft.server.rpc.timeout.max = 5200ms (custom)
2019-10-08 03:42:23,047 [pool-67-thread-1] INFO  server.RaftServerConfigKeys (ConfUtils.java:logGet(43)) - raft.server.rpcslowness.timeout = 120s (custom)
2019-10-08 03:42:23,047 [pool-67-thread-1] INFO  server.RaftServerConfigKeys (ConfUtils.java:logGet(43)) - raft.server.sleep.deviation.threshold = 300 (default)
2019-10-08 03:42:23,047 [pool-67-thread-1] INFO  server.RaftServerConfigKeys (ConfUtils.java:logGet(43)) - raft.server.log.appender.install.snapshot.enabled = false (custom)
2019-10-08 03:42:23,047 [pool-67-thread-1] INFO  impl.RaftServerImpl (ServerState.java:<init>(103)) - 04caef7c-ddb6-4702-809f-1a73204ea274@group-99A017148508: ConfigurationManager, init=-1: [04caef7c-ddb6-4702-809f-1a73204ea274:192.168.151.83:39172, 140d7c2d-6527-405c-b465-1b1d8cb4b4a3:192.168.151.83:37221, 0d9c9caf-a10d-4dbf-84ca-13e0af47996f:192.168.151.83:34616], old=null, confs=<EMPTY_MAP>
2019-10-08 03:42:23,047 [pool-67-thread-1] INFO  server.RaftServerConfigKeys (ConfUtils.java:logGet(43)) - raft.server.storage.dir = [/workdir/hadoop-ozone/integration-test/target/test-dir/MiniOzoneClusterImpl-803a9bc2-2fef-4080-b053-fc887ab92aa0/datanode-4/data/ratis] (custom)
2019-10-08 03:42:23,048 [pool-37-thread-1] INFO  impl.RaftServerImpl (RaftServerImpl.java:<init>(95)) - 0d9c9caf-a10d-4dbf-84ca-13e0af47996f: new RaftServerImpl for group-99A017148508:[04caef7c-ddb6-4702-809f-1a73204ea274:192.168.151.83:39172, 140d7c2d-6527-405c-b465-1b1d8cb4b4a3:192.168.151.83:37221, 0d9c9caf-a10d-4dbf-84ca-13e0af47996f:192.168.151.83:34616] with ContainerStateMachine:uninitialized
2019-10-08 03:42:23,048 [pool-67-thread-1] INFO  server.RaftServerConfigKeys (ConfUtils.java:logGet(43)) - raft.server.log.corruption.policy = EXCEPTION (default)
2019-10-08 03:42:23,048 [pool-37-thread-1] INFO  server.RaftServerConfigKeys (ConfUtils.java:logGet(43)) - raft.server.rpc.timeout.min = 5s (custom)
2019-10-08 03:42:23,048 [pool-67-thread-1] INFO  storage.RaftStorageDirectory (RaftStorageDirectory.java:analyzeStorage(246)) - The storage directory /workdir/hadoop-ozone/integration-test/target/test-dir/MiniOzoneClusterImpl-803a9bc2-2fef-4080-b053-fc887ab92aa0/datanode-4/data/ratis/d3c8b4c3-c2f3-447a-9a15-99a017148508 does not exist. Creating ...
2019-10-08 03:42:23,048 [pool-37-thread-1] INFO  server.RaftServerConfigKeys (ConfUtils.java:logGet(43)) - raft.server.rpc.timeout.max = 5200ms (custom)
2019-10-08 03:42:23,049 [pool-37-thread-1] INFO  server.RaftServerConfigKeys (ConfUtils.java:logGet(43)) - raft.server.rpcslowness.timeout = 120s (custom)
2019-10-08 03:42:23,049 [pool-37-thread-1] INFO  server.RaftServerConfigKeys (ConfUtils.java:logGet(43)) - raft.server.sleep.deviation.threshold = 300 (default)
2019-10-08 03:42:23,049 [pool-37-thread-1] INFO  server.RaftServerConfigKeys (ConfUtils.java:logGet(43)) - raft.server.log.appender.install.snapshot.enabled = false (custom)
2019-10-08 03:42:23,049 [pool-77-thread-1] INFO  impl.RaftServerImpl (RaftServerImpl.java:<init>(95)) - 140d7c2d-6527-405c-b465-1b1d8cb4b4a3: new RaftServerImpl for group-99A017148508:[04caef7c-ddb6-4702-809f-1a73204ea274:192.168.151.83:39172, 140d7c2d-6527-405c-b465-1b1d8cb4b4a3:192.168.151.83:37221, 0d9c9caf-a10d-4dbf-84ca-13e0af47996f:192.168.151.83:34616] with ContainerStateMachine:uninitialized
2019-10-08 03:42:23,049 [pool-37-thread-1] INFO  impl.RaftServerImpl (ServerState.java:<init>(103)) - 0d9c9caf-a10d-4dbf-84ca-13e0af47996f@group-99A017148508: ConfigurationManager, init=-1: [04caef7c-ddb6-4702-809f-1a73204ea274:192.168.151.83:39172, 140d7c2d-6527-405c-b465-1b1d8cb4b4a3:192.168.151.83:37221, 0d9c9caf-a10d-4dbf-84ca-13e0af47996f:192.168.151.83:34616], old=null, confs=<EMPTY_MAP>
2019-10-08 03:42:23,049 [pool-77-thread-1] INFO  server.RaftServerConfigKeys (ConfUtils.java:logGet(43)) - raft.server.rpc.timeout.min = 5s (custom)
2019-10-08 03:42:23,050 [pool-37-thread-1] INFO  server.RaftServerConfigKeys (ConfUtils.java:logGet(43)) - raft.server.storage.dir = [/workdir/hadoop-ozone/integration-test/target/test-dir/MiniOzoneClusterImpl-803a9bc2-2fef-4080-b053-fc887ab92aa0/datanode-1/data/ratis] (custom)
2019-10-08 03:42:23,050 [pool-77-thread-1] INFO  server.RaftServerConfigKeys (ConfUtils.java:logGet(43)) - raft.server.rpc.timeout.max = 5200ms (custom)
2019-10-08 03:42:23,050 [pool-77-thread-1] INFO  server.RaftServerConfigKeys (ConfUtils.java:logGet(43)) - raft.server.rpcslowness.timeout = 120s (custom)
2019-10-08 03:42:23,050 [pool-37-thread-1] INFO  server.RaftServerConfigKeys (ConfUtils.java:logGet(43)) - raft.server.log.corruption.policy = EXCEPTION (default)
2019-10-08 03:42:23,050 [pool-77-thread-1] INFO  server.RaftServerConfigKeys (ConfUtils.java:logGet(43)) - raft.server.sleep.deviation.threshold = 300 (default)
2019-10-08 03:42:23,050 [pool-37-thread-1] INFO  storage.RaftStorageDirectory (RaftStorageDirectory.java:analyzeStorage(246)) - The storage directory /workdir/hadoop-ozone/integration-test/target/test-dir/MiniOzoneClusterImpl-803a9bc2-2fef-4080-b053-fc887ab92aa0/datanode-1/data/ratis/d3c8b4c3-c2f3-447a-9a15-99a017148508 does not exist. Creating ...
2019-10-08 03:42:23,050 [pool-77-thread-1] INFO  server.RaftServerConfigKeys (ConfUtils.java:logGet(43)) - raft.server.log.appender.install.snapshot.enabled = false (custom)
2019-10-08 03:42:23,051 [pool-77-thread-1] INFO  impl.RaftServerImpl (ServerState.java:<init>(103)) - 140d7c2d-6527-405c-b465-1b1d8cb4b4a3@group-99A017148508: ConfigurationManager, init=-1: [04caef7c-ddb6-4702-809f-1a73204ea274:192.168.151.83:39172, 140d7c2d-6527-405c-b465-1b1d8cb4b4a3:192.168.151.83:37221, 0d9c9caf-a10d-4dbf-84ca-13e0af47996f:192.168.151.83:34616], old=null, confs=<EMPTY_MAP>
2019-10-08 03:42:23,051 [pool-77-thread-1] INFO  server.RaftServerConfigKeys (ConfUtils.java:logGet(43)) - raft.server.storage.dir = [/workdir/hadoop-ozone/integration-test/target/test-dir/MiniOzoneClusterImpl-803a9bc2-2fef-4080-b053-fc887ab92aa0/datanode-5/data/ratis] (custom)
2019-10-08 03:42:23,051 [pool-77-thread-1] INFO  server.RaftServerConfigKeys (ConfUtils.java:logGet(43)) - raft.server.log.corruption.policy = EXCEPTION (default)
2019-10-08 03:42:23,052 [pool-77-thread-1] INFO  storage.RaftStorageDirectory (RaftStorageDirectory.java:analyzeStorage(246)) - The storage directory /workdir/hadoop-ozone/integration-test/target/test-dir/MiniOzoneClusterImpl-803a9bc2-2fef-4080-b053-fc887ab92aa0/datanode-5/data/ratis/d3c8b4c3-c2f3-447a-9a15-99a017148508 does not exist. Creating ...
2019-10-08 03:42:23,062 [pool-67-thread-1] INFO  storage.RaftStorageDirectory (RaftStorageDirectory.java:tryLock(328)) - Lock on /workdir/hadoop-ozone/integration-test/target/test-dir/MiniOzoneClusterImpl-803a9bc2-2fef-4080-b053-fc887ab92aa0/datanode-4/data/ratis/d3c8b4c3-c2f3-447a-9a15-99a017148508/in_use.lock acquired by nodename 23383@pr-hdds-2217-jqnfv-3133698562
2019-10-08 03:42:23,064 [pool-77-thread-1] INFO  storage.RaftStorageDirectory (RaftStorageDirectory.java:tryLock(328)) - Lock on /workdir/hadoop-ozone/integration-test/target/test-dir/MiniOzoneClusterImpl-803a9bc2-2fef-4080-b053-fc887ab92aa0/datanode-5/data/ratis/d3c8b4c3-c2f3-447a-9a15-99a017148508/in_use.lock acquired by nodename 23383@pr-hdds-2217-jqnfv-3133698562
2019-10-08 03:42:23,066 [pool-37-thread-1] INFO  storage.RaftStorageDirectory (RaftStorageDirectory.java:tryLock(328)) - Lock on /workdir/hadoop-ozone/integration-test/target/test-dir/MiniOzoneClusterImpl-803a9bc2-2fef-4080-b053-fc887ab92aa0/datanode-1/data/ratis/d3c8b4c3-c2f3-447a-9a15-99a017148508/in_use.lock acquired by nodename 23383@pr-hdds-2217-jqnfv-3133698562
2019-10-08 03:42:23,080 [pool-37-thread-1] INFO  storage.RaftStorage (RaftStorage.java:format(84)) - Storage directory /workdir/hadoop-ozone/integration-test/target/test-dir/MiniOzoneClusterImpl-803a9bc2-2fef-4080-b053-fc887ab92aa0/datanode-1/data/ratis/d3c8b4c3-c2f3-447a-9a15-99a017148508 has been successfully formatted.
2019-10-08 03:42:23,081 [pool-67-thread-1] INFO  storage.RaftStorage (RaftStorage.java:format(84)) - Storage directory /workdir/hadoop-ozone/integration-test/target/test-dir/MiniOzoneClusterImpl-803a9bc2-2fef-4080-b053-fc887ab92aa0/datanode-4/data/ratis/d3c8b4c3-c2f3-447a-9a15-99a017148508 has been successfully formatted.
2019-10-08 03:42:23,081 [pool-77-thread-1] INFO  storage.RaftStorage (RaftStorage.java:format(84)) - Storage directory /workdir/hadoop-ozone/integration-test/target/test-dir/MiniOzoneClusterImpl-803a9bc2-2fef-4080-b053-fc887ab92aa0/datanode-5/data/ratis/d3c8b4c3-c2f3-447a-9a15-99a017148508 has been successfully formatted.
2019-10-08 03:42:23,081 [pool-37-thread-1] INFO  ratis.ContainerStateMachine (ContainerStateMachine.java:loadSnapshot(231)) - group-99A017148508: The snapshot info is null. Setting the last applied indexto:(t:0, i:~)
2019-10-08 03:42:23,081 [pool-67-thread-1] INFO  ratis.ContainerStateMachine (ContainerStateMachine.java:loadSnapshot(231)) - group-99A017148508: The snapshot info is null. Setting the last applied indexto:(t:0, i:~)
2019-10-08 03:42:23,081 [pool-37-thread-1] INFO  server.RaftServerConfigKeys (ConfUtils.java:logGet(43)) - raft.server.notification.no-leader.timeout = 120s (custom)
2019-10-08 03:42:23,081 [pool-77-thread-1] INFO  ratis.ContainerStateMachine (ContainerStateMachine.java:loadSnapshot(231)) - group-99A017148508: The snapshot info is null. Setting the last applied indexto:(t:0, i:~)
2019-10-08 03:42:23,082 [pool-37-thread-1] INFO  server.RaftServerConfigKeys (ConfUtils.java:logGet(43)) - raft.server.log.use.memory = false (default)
2019-10-08 03:42:23,082 [pool-67-thread-1] INFO  server.RaftServerConfigKeys (ConfUtils.java:logGet(43)) - raft.server.notification.no-leader.timeout = 120s (custom)
2019-10-08 03:42:23,082 [pool-37-thread-1] INFO  server.RaftServerConfigKeys (ConfUtils.java:logGet(43)) - raft.server.log.purge.gap = 1000000 (custom)
2019-10-08 03:42:23,082 [pool-77-thread-1] INFO  server.RaftServerConfigKeys (ConfUtils.java:logGet(43)) - raft.server.notification.no-leader.timeout = 120s (custom)
2019-10-08 03:42:23,082 [pool-37-thread-1] INFO  server.RaftServerConfigKeys (ConfUtils.java:logGet(43)) - raft.server.log.appender.buffer.byte-limit = 33554432 (custom)
2019-10-08 03:42:23,082 [pool-67-thread-1] INFO  server.RaftServerConfigKeys (ConfUtils.java:logGet(43)) - raft.server.log.use.memory = false (default)
2019-10-08 03:42:23,083 [pool-37-thread-1] INFO  server.RaftServerConfigKeys (ConfUtils.java:logGet(43)) - raft.server.log.segment.size.max = 1048576 (custom)
2019-10-08 03:42:23,082 [pool-77-thread-1] INFO  server.RaftServerConfigKeys (ConfUtils.java:logGet(43)) - raft.server.log.use.memory = false (default)
2019-10-08 03:42:23,083 [pool-37-thread-1] INFO  server.RaftServerConfigKeys (ConfUtils.java:logGet(43)) - raft.server.log.segment.cache.num.max = 2 (custom)
2019-10-08 03:42:23,083 [pool-67-thread-1] INFO  server.RaftServerConfigKeys (ConfUtils.java:logGet(43)) - raft.server.log.purge.gap = 1000000 (custom)
2019-10-08 03:42:23,083 [pool-37-thread-1] INFO  segmented.SegmentedRaftLogWorker (SegmentedRaftLogWorker.java:<init>(173)) - new 0d9c9caf-a10d-4dbf-84ca-13e0af47996f@group-99A017148508-SegmentedRaftLogWorker for RaftStorage:Storage Directory /workdir/hadoop-ozone/integration-test/target/test-dir/MiniOzoneClusterImpl-803a9bc2-2fef-4080-b053-fc887ab92aa0/datanode-1/data/ratis/d3c8b4c3-c2f3-447a-9a15-99a017148508
2019-10-08 03:42:23,083 [pool-77-thread-1] INFO  server.RaftServerConfigKeys (ConfUtils.java:logGet(43)) - raft.server.log.purge.gap = 1000000 (custom)
2019-10-08 03:42:23,083 [pool-37-thread-1] INFO  server.RaftServerConfigKeys (ConfUtils.java:logGet(43)) - raft.server.log.queue.byte-limit = 2147483647 (custom)
2019-10-08 03:42:23,083 [pool-67-thread-1] INFO  server.RaftServerConfigKeys (ConfUtils.java:logGet(43)) - raft.server.log.appender.buffer.byte-limit = 33554432 (custom)
2019-10-08 03:42:23,084 [pool-37-thread-1] INFO  server.RaftServerConfigKeys (ConfUtils.java:logGet(43)) - raft.server.log.queue.element-limit = 1024 (custom)
2019-10-08 03:42:23,083 [pool-77-thread-1] INFO  server.RaftServerConfigKeys (ConfUtils.java:logGet(43)) - raft.server.log.appender.buffer.byte-limit = 33554432 (custom)
2019-10-08 03:42:23,084 [pool-37-thread-1] INFO  server.RaftServerConfigKeys (ConfUtils.java:logGet(43)) - raft.server.log.segment.size.max = 1048576 (custom)
2019-10-08 03:42:23,084 [pool-67-thread-1] INFO  server.RaftServerConfigKeys (ConfUtils.java:logGet(43)) - raft.server.log.segment.size.max = 1048576 (custom)
2019-10-08 03:42:23,084 [pool-37-thread-1] INFO  server.RaftServerConfigKeys (ConfUtils.java:logGet(43)) - raft.server.log.preallocated.size = 16384 (custom)
2019-10-08 03:42:23,084 [pool-77-thread-1] INFO  server.RaftServerConfigKeys (ConfUtils.java:logGet(43)) - raft.server.log.segment.size.max = 1048576 (custom)
2019-10-08 03:42:23,084 [pool-37-thread-1] INFO  server.RaftServerConfigKeys (ConfUtils.java:logGet(43)) - raft.server.log.write.buffer.size = 33554432 (custom)
2019-10-08 03:42:23,084 [pool-67-thread-1] INFO  server.RaftServerConfigKeys (ConfUtils.java:logGet(43)) - raft.server.log.segment.cache.num.max = 2 (custom)
2019-10-08 03:42:23,085 [pool-37-thread-1] INFO  server.RaftServerConfigKeys (ConfUtils.java:logGet(43)) - raft.server.log.force.sync.num = 128 (default)
2019-10-08 03:42:23,085 [pool-77-thread-1] INFO  server.RaftServerConfigKeys (ConfUtils.java:logGet(43)) - raft.server.log.segment.cache.num.max = 2 (custom)
2019-10-08 03:42:23,085 [pool-37-thread-1] INFO  server.RaftServerConfigKeys (ConfUtils.java:logGet(43)) - raft.server.log.statemachine.data.sync = true (default)
2019-10-08 03:42:23,085 [pool-67-thread-1] INFO  segmented.SegmentedRaftLogWorker (SegmentedRaftLogWorker.java:<init>(173)) - new 04caef7c-ddb6-4702-809f-1a73204ea274@group-99A017148508-SegmentedRaftLogWorker for RaftStorage:Storage Directory /workdir/hadoop-ozone/integration-test/target/test-dir/MiniOzoneClusterImpl-803a9bc2-2fef-4080-b053-fc887ab92aa0/datanode-4/data/ratis/d3c8b4c3-c2f3-447a-9a15-99a017148508
2019-10-08 03:42:23,085 [pool-37-thread-1] INFO  server.RaftServerConfigKeys (ConfUtils.java:logGet(43)) - raft.server.log.statemachine.data.sync.timeout = 10s (default)
2019-10-08 03:42:23,085 [pool-77-thread-1] INFO  segmented.SegmentedRaftLogWorker (SegmentedRaftLogWorker.java:<init>(173)) - new 140d7c2d-6527-405c-b465-1b1d8cb4b4a3@group-99A017148508-SegmentedRaftLogWorker for RaftStorage:Storage Directory /workdir/hadoop-ozone/integration-test/target/test-dir/MiniOzoneClusterImpl-803a9bc2-2fef-4080-b053-fc887ab92aa0/datanode-5/data/ratis/d3c8b4c3-c2f3-447a-9a15-99a017148508
2019-10-08 03:42:23,086 [pool-37-thread-1] INFO  server.RaftServerConfigKeys (ConfUtils.java:logGet(43)) - raft.server.log.statemachine.data.sync.timeout.retry = -1 (default)
2019-10-08 03:42:23,086 [pool-67-thread-1] INFO  server.RaftServerConfigKeys (ConfUtils.java:logGet(43)) - raft.server.log.queue.byte-limit = 2147483647 (custom)
2019-10-08 03:42:23,086 [pool-77-thread-1] INFO  server.RaftServerConfigKeys (ConfUtils.java:logGet(43)) - raft.server.log.queue.byte-limit = 2147483647 (custom)
2019-10-08 03:42:23,086 [pool-37-thread-1] INFO  server.RaftServerConfigKeys (ConfUtils.java:logGet(43)) - raft.server.log.statemachine.data.caching.enabled = true (custom)
2019-10-08 03:42:23,086 [pool-67-thread-1] INFO  server.RaftServerConfigKeys (ConfUtils.java:logGet(43)) - raft.server.log.queue.element-limit = 1024 (custom)
2019-10-08 03:42:23,086 [pool-77-thread-1] INFO  server.RaftServerConfigKeys (ConfUtils.java:logGet(43)) - raft.server.log.queue.element-limit = 1024 (custom)
2019-10-08 03:42:23,087 [pool-37-thread-1] INFO  segmented.SegmentedRaftLogWorker (SegmentedRaftLogWorker.java:lambda$new$0(128)) - 0d9c9caf-a10d-4dbf-84ca-13e0af47996f@group-99A017148508-SegmentedRaftLogWorker: flushIndex: setUnconditionally 0 -> -1
2019-10-08 03:42:23,087 [pool-67-thread-1] INFO  server.RaftServerConfigKeys (ConfUtils.java:logGet(43)) - raft.server.log.segment.size.max = 1048576 (custom)
2019-10-08 03:42:23,087 [pool-37-thread-1] INFO  server.RaftServerConfigKeys (ConfUtils.java:logGet(43)) - raft.server.snapshot.auto.trigger.enabled = true (custom)
2019-10-08 03:42:23,087 [pool-77-thread-1] INFO  server.RaftServerConfigKeys (ConfUtils.java:logGet(43)) - raft.server.log.segment.size.max = 1048576 (custom)
2019-10-08 03:42:23,087 [pool-37-thread-1] INFO  server.RaftServerConfigKeys (ConfUtils.java:logGet(43)) - raft.server.snapshot.auto.trigger.threshold = 10000 (custom)
2019-10-08 03:42:23,087 [pool-67-thread-1] INFO  server.RaftServerConfigKeys (ConfUtils.java:logGet(43)) - raft.server.log.preallocated.size = 16384 (custom)
2019-10-08 03:42:23,088 [pool-37-thread-1] INFO  server.RaftServerConfigKeys (ConfUtils.java:logGet(43)) - raft.server.snapshot.retention.file.num = 5 (custom)
2019-10-08 03:42:23,087 [pool-77-thread-1] INFO  server.RaftServerConfigKeys (ConfUtils.java:logGet(43)) - raft.server.log.preallocated.size = 16384 (custom)
2019-10-08 03:42:23,088 [pool-37-thread-1] INFO  server.RaftServerConfigKeys (ConfUtils.java:logGet(43)) - raft.server.retrycache.expirytime = 600000ms (custom)
2019-10-08 03:42:23,088 [pool-67-thread-1] INFO  server.RaftServerConfigKeys (ConfUtils.java:logGet(43)) - raft.server.log.write.buffer.size = 33554432 (custom)
2019-10-08 03:42:23,088 [pool-77-thread-1] INFO  server.RaftServerConfigKeys (ConfUtils.java:logGet(43)) - raft.server.log.write.buffer.size = 33554432 (custom)
2019-10-08 03:42:23,088 [pool-67-thread-1] INFO  server.RaftServerConfigKeys (ConfUtils.java:logGet(43)) - raft.server.log.force.sync.num = 128 (default)
2019-10-08 03:42:23,088 [pool-77-thread-1] INFO  server.RaftServerConfigKeys (ConfUtils.java:logGet(43)) - raft.server.log.force.sync.num = 128 (default)
2019-10-08 03:42:23,089 [pool-67-thread-1] INFO  server.RaftServerConfigKeys (ConfUtils.java:logGet(43)) - raft.server.log.statemachine.data.sync = true (default)
2019-10-08 03:42:23,089 [pool-77-thread-1] INFO  server.RaftServerConfigKeys (ConfUtils.java:logGet(43)) - raft.server.log.statemachine.data.sync = true (default)
2019-10-08 03:42:23,089 [pool-67-thread-1] INFO  server.RaftServerConfigKeys (ConfUtils.java:logGet(43)) - raft.server.log.statemachine.data.sync.timeout = 10s (default)
2019-10-08 03:42:23,089 [pool-77-thread-1] INFO  server.RaftServerConfigKeys (ConfUtils.java:logGet(43)) - raft.server.log.statemachine.data.sync.timeout = 10s (default)
2019-10-08 03:42:23,089 [pool-67-thread-1] INFO  server.RaftServerConfigKeys (ConfUtils.java:logGet(43)) - raft.server.log.statemachine.data.sync.timeout.retry = -1 (default)
2019-10-08 03:42:23,089 [pool-77-thread-1] INFO  server.RaftServerConfigKeys (ConfUtils.java:logGet(43)) - raft.server.log.statemachine.data.sync.timeout.retry = -1 (default)
2019-10-08 03:42:23,090 [pool-67-thread-1] INFO  server.RaftServerConfigKeys (ConfUtils.java:logGet(43)) - raft.server.log.statemachine.data.caching.enabled = true (custom)
2019-10-08 03:42:23,090 [pool-77-thread-1] INFO  server.RaftServerConfigKeys (ConfUtils.java:logGet(43)) - raft.server.log.statemachine.data.caching.enabled = true (custom)
2019-10-08 03:42:23,090 [pool-67-thread-1] INFO  segmented.SegmentedRaftLogWorker (SegmentedRaftLogWorker.java:lambda$new$0(128)) - 04caef7c-ddb6-4702-809f-1a73204ea274@group-99A017148508-SegmentedRaftLogWorker: flushIndex: setUnconditionally 0 -> -1
2019-10-08 03:42:23,090 [pool-77-thread-1] INFO  segmented.SegmentedRaftLogWorker (SegmentedRaftLogWorker.java:lambda$new$0(128)) - 140d7c2d-6527-405c-b465-1b1d8cb4b4a3@group-99A017148508-SegmentedRaftLogWorker: flushIndex: setUnconditionally 0 -> -1
2019-10-08 03:42:23,091 [pool-67-thread-1] INFO  server.RaftServerConfigKeys (ConfUtils.java:logGet(43)) - raft.server.snapshot.auto.trigger.enabled = true (custom)
2019-10-08 03:42:23,091 [pool-67-thread-1] INFO  server.RaftServerConfigKeys (ConfUtils.java:logGet(43)) - raft.server.snapshot.auto.trigger.threshold = 10000 (custom)
2019-10-08 03:42:23,091 [pool-77-thread-1] INFO  server.RaftServerConfigKeys (ConfUtils.java:logGet(43)) - raft.server.snapshot.auto.trigger.enabled = true (custom)
2019-10-08 03:42:23,091 [pool-67-thread-1] INFO  server.RaftServerConfigKeys (ConfUtils.java:logGet(43)) - raft.server.snapshot.retention.file.num = 5 (custom)
2019-10-08 03:42:23,091 [pool-77-thread-1] INFO  server.RaftServerConfigKeys (ConfUtils.java:logGet(43)) - raft.server.snapshot.auto.trigger.threshold = 10000 (custom)
2019-10-08 03:42:23,091 [pool-67-thread-1] INFO  server.RaftServerConfigKeys (ConfUtils.java:logGet(43)) - raft.server.retrycache.expirytime = 600000ms (custom)
2019-10-08 03:42:23,091 [pool-37-thread-1] INFO  impl.RaftServerImpl (RaftServerImpl.java:start(181)) - 0d9c9caf-a10d-4dbf-84ca-13e0af47996f@group-99A017148508: start as a follower, conf=-1: [04caef7c-ddb6-4702-809f-1a73204ea274:192.168.151.83:39172, 140d7c2d-6527-405c-b465-1b1d8cb4b4a3:192.168.151.83:37221, 0d9c9caf-a10d-4dbf-84ca-13e0af47996f:192.168.151.83:34616], old=null
2019-10-08 03:42:23,091 [pool-77-thread-1] INFO  server.RaftServerConfigKeys (ConfUtils.java:logGet(43)) - raft.server.snapshot.retention.file.num = 5 (custom)
2019-10-08 03:42:23,092 [pool-37-thread-1] INFO  impl.RaftServerImpl (RaftServerImpl.java:setRole(170)) - 0d9c9caf-a10d-4dbf-84ca-13e0af47996f@group-99A017148508: changes role from      null to FOLLOWER at term 0 for startAsFollower
2019-10-08 03:42:23,092 [pool-77-thread-1] INFO  server.RaftServerConfigKeys (ConfUtils.java:logGet(43)) - raft.server.retrycache.expirytime = 600000ms (custom)
2019-10-08 03:42:23,092 [pool-37-thread-1] INFO  impl.RoleInfo (RoleInfo.java:updateAndGet(143)) - 0d9c9caf-a10d-4dbf-84ca-13e0af47996f: start FollowerState
2019-10-08 03:42:23,092 [pool-37-thread-1] INFO  util.JmxRegister (JmxRegister.java:tryRegister(44)) - Successfully registered JMX Bean with object name Ratis:service=RaftServer,group=group-99A017148508,id=0d9c9caf-a10d-4dbf-84ca-13e0af47996f
2019-10-08 03:42:23,097 [pool-67-thread-1] INFO  impl.RaftServerImpl (RaftServerImpl.java:start(181)) - 04caef7c-ddb6-4702-809f-1a73204ea274@group-99A017148508: start as a follower, conf=-1: [04caef7c-ddb6-4702-809f-1a73204ea274:192.168.151.83:39172, 140d7c2d-6527-405c-b465-1b1d8cb4b4a3:192.168.151.83:37221, 0d9c9caf-a10d-4dbf-84ca-13e0af47996f:192.168.151.83:34616], old=null
2019-10-08 03:42:23,097 [pool-67-thread-1] INFO  impl.RaftServerImpl (RaftServerImpl.java:setRole(170)) - 04caef7c-ddb6-4702-809f-1a73204ea274@group-99A017148508: changes role from      null to FOLLOWER at term 0 for startAsFollower
2019-10-08 03:42:23,097 [pool-67-thread-1] INFO  impl.RoleInfo (RoleInfo.java:updateAndGet(143)) - 04caef7c-ddb6-4702-809f-1a73204ea274: start FollowerState
2019-10-08 03:42:23,097 [pool-77-thread-1] INFO  impl.RaftServerImpl (RaftServerImpl.java:start(181)) - 140d7c2d-6527-405c-b465-1b1d8cb4b4a3@group-99A017148508: start as a follower, conf=-1: [04caef7c-ddb6-4702-809f-1a73204ea274:192.168.151.83:39172, 140d7c2d-6527-405c-b465-1b1d8cb4b4a3:192.168.151.83:37221, 0d9c9caf-a10d-4dbf-84ca-13e0af47996f:192.168.151.83:34616], old=null
2019-10-08 03:42:23,098 [pool-77-thread-1] INFO  impl.RaftServerImpl (RaftServerImpl.java:setRole(170)) - 140d7c2d-6527-405c-b465-1b1d8cb4b4a3@group-99A017148508: changes role from      null to FOLLOWER at term 0 for startAsFollower
2019-10-08 03:42:23,098 [pool-67-thread-1] INFO  util.JmxRegister (JmxRegister.java:tryRegister(44)) - Successfully registered JMX Bean with object name Ratis:service=RaftServer,group=group-99A017148508,id=04caef7c-ddb6-4702-809f-1a73204ea274
2019-10-08 03:42:23,098 [pool-77-thread-1] INFO  impl.RoleInfo (RoleInfo.java:updateAndGet(143)) - 140d7c2d-6527-405c-b465-1b1d8cb4b4a3: start FollowerState
2019-10-08 03:42:23,098 [pool-77-thread-1] INFO  util.JmxRegister (JmxRegister.java:tryRegister(44)) - Successfully registered JMX Bean with object name Ratis:service=RaftServer,group=group-99A017148508,id=140d7c2d-6527-405c-b465-1b1d8cb4b4a3
2019-10-08 03:42:23,142 [RatisPipelineUtilsThread] INFO  pipeline.PipelineStateManager (PipelineStateManager.java:addPipeline(56)) - Created pipeline Pipeline[ Id: d3c8b4c3-c2f3-447a-9a15-99a017148508, Nodes: 0d9c9caf-a10d-4dbf-84ca-13e0af47996f{ip: 192.168.151.83, host: pr-hdds-2217-jqnfv-3133698562, networkLocation: /default-rack, certSerialId: null}04caef7c-ddb6-4702-809f-1a73204ea274{ip: 192.168.151.83, host: pr-hdds-2217-jqnfv-3133698562, networkLocation: /default-rack, certSerialId: null}140d7c2d-6527-405c-b465-1b1d8cb4b4a3{ip: 192.168.151.83, host: pr-hdds-2217-jqnfv-3133698562, networkLocation: /default-rack, certSerialId: null}, Type:RATIS, Factor:THREE, State:OPEN]
2019-10-08 03:42:23,177 [grpc-default-executor-2] INFO  impl.RaftServerProxy (RaftServerProxy.java:addNew(89)) - 577faf7f-deb6-4506-8e99-75f39047aeab: addNew group-317885D50A8B:[e55dc74a-5508-43f4-ba5a-e1e75e0afb35:192.168.151.83:38050, 655e713e-f432-49c6-be02-8424905dac44:192.168.151.83:45232, 577faf7f-deb6-4506-8e99-75f39047aeab:192.168.151.83:41804] returns group-317885D50A8B:java.util.concurrent.CompletableFuture@dc83c2b[Not completed]
2019-10-08 03:42:23,178 [grpc-default-executor-1] INFO  impl.RaftServerProxy (RaftServerProxy.java:addNew(89)) - e55dc74a-5508-43f4-ba5a-e1e75e0afb35: addNew group-317885D50A8B:[e55dc74a-5508-43f4-ba5a-e1e75e0afb35:192.168.151.83:38050, 655e713e-f432-49c6-be02-8424905dac44:192.168.151.83:45232, 577faf7f-deb6-4506-8e99-75f39047aeab:192.168.151.83:41804] returns group-317885D50A8B:java.util.concurrent.CompletableFuture@64a9d6af[Not completed]
2019-10-08 03:42:23,181 [grpc-default-executor-0] INFO  impl.RaftServerProxy (RaftServerProxy.java:addNew(89)) - 655e713e-f432-49c6-be02-8424905dac44: addNew group-317885D50A8B:[e55dc74a-5508-43f4-ba5a-e1e75e0afb35:192.168.151.83:38050, 655e713e-f432-49c6-be02-8424905dac44:192.168.151.83:45232, 577faf7f-deb6-4506-8e99-75f39047aeab:192.168.151.83:41804] returns group-317885D50A8B:java.util.concurrent.CompletableFuture@7b892a62[Not completed]
2019-10-08 03:42:23,183 [pool-57-thread-1] INFO  impl.RaftServerImpl (RaftServerImpl.java:<init>(95)) - 577faf7f-deb6-4506-8e99-75f39047aeab: new RaftServerImpl for group-317885D50A8B:[e55dc74a-5508-43f4-ba5a-e1e75e0afb35:192.168.151.83:38050, 655e713e-f432-49c6-be02-8424905dac44:192.168.151.83:45232, 577faf7f-deb6-4506-8e99-75f39047aeab:192.168.151.83:41804] with ContainerStateMachine:uninitialized
2019-10-08 03:42:23,185 [pool-57-thread-1] INFO  server.RaftServerConfigKeys (ConfUtils.java:logGet(43)) - raft.server.rpc.timeout.min = 5s (custom)
2019-10-08 03:42:23,185 [pool-57-thread-1] INFO  server.RaftServerConfigKeys (ConfUtils.java:logGet(43)) - raft.server.rpc.timeout.max = 5200ms (custom)
2019-10-08 03:42:23,185 [pool-57-thread-1] INFO  server.RaftServerConfigKeys (ConfUtils.java:logGet(43)) - raft.server.rpcslowness.timeout = 120s (custom)
2019-10-08 03:42:23,185 [pool-57-thread-1] INFO  server.RaftServerConfigKeys (ConfUtils.java:logGet(43)) - raft.server.sleep.deviation.threshold = 300 (default)
2019-10-08 03:42:23,185 [pool-57-thread-1] INFO  server.RaftServerConfigKeys (ConfUtils.java:logGet(43)) - raft.server.log.appender.install.snapshot.enabled = false (custom)
2019-10-08 03:42:23,186 [pool-57-thread-1] INFO  impl.RaftServerImpl (ServerState.java:<init>(103)) - 577faf7f-deb6-4506-8e99-75f39047aeab@group-317885D50A8B: ConfigurationManager, init=-1: [e55dc74a-5508-43f4-ba5a-e1e75e0afb35:192.168.151.83:38050, 655e713e-f432-49c6-be02-8424905dac44:192.168.151.83:45232, 577faf7f-deb6-4506-8e99-75f39047aeab:192.168.151.83:41804], old=null, confs=<EMPTY_MAP>
2019-10-08 03:42:23,186 [pool-57-thread-1] INFO  server.RaftServerConfigKeys (ConfUtils.java:logGet(43)) - raft.server.storage.dir = [/workdir/hadoop-ozone/integration-test/target/test-dir/MiniOzoneClusterImpl-803a9bc2-2fef-4080-b053-fc887ab92aa0/datanode-3/data/ratis] (custom)
2019-10-08 03:42:23,186 [pool-57-thread-1] INFO  server.RaftServerConfigKeys (ConfUtils.java:logGet(43)) - raft.server.log.corruption.policy = EXCEPTION (default)
2019-10-08 03:42:23,186 [pool-57-thread-1] INFO  storage.RaftStorageDirectory (RaftStorageDirectory.java:analyzeStorage(246)) - The storage directory /workdir/hadoop-ozone/integration-test/target/test-dir/MiniOzoneClusterImpl-803a9bc2-2fef-4080-b053-fc887ab92aa0/datanode-3/data/ratis/285b0918-2076-492b-bb72-317885d50a8b does not exist. Creating ...
2019-10-08 03:42:23,186 [pool-27-thread-1] INFO  impl.RaftServerImpl (RaftServerImpl.java:<init>(95)) - 655e713e-f432-49c6-be02-8424905dac44: new RaftServerImpl for group-317885D50A8B:[e55dc74a-5508-43f4-ba5a-e1e75e0afb35:192.168.151.83:38050, 655e713e-f432-49c6-be02-8424905dac44:192.168.151.83:45232, 577faf7f-deb6-4506-8e99-75f39047aeab:192.168.151.83:41804] with ContainerStateMachine:uninitialized
2019-10-08 03:42:23,187 [pool-27-thread-1] INFO  server.RaftServerConfigKeys (ConfUtils.java:logGet(43)) - raft.server.rpc.timeout.min = 5s (custom)
2019-10-08 03:42:23,187 [pool-27-thread-1] INFO  server.RaftServerConfigKeys (ConfUtils.java:logGet(43)) - raft.server.rpc.timeout.max = 5200ms (custom)
2019-10-08 03:42:23,187 [pool-27-thread-1] INFO  server.RaftServerConfigKeys (ConfUtils.java:logGet(43)) - raft.server.rpcslowness.timeout = 120s (custom)
2019-10-08 03:42:23,187 [pool-27-thread-1] INFO  server.RaftServerConfigKeys (ConfUtils.java:logGet(43)) - raft.server.sleep.deviation.threshold = 300 (default)
2019-10-08 03:42:23,187 [pool-27-thread-1] INFO  server.RaftServerConfigKeys (ConfUtils.java:logGet(43)) - raft.server.log.appender.install.snapshot.enabled = false (custom)
2019-10-08 03:42:23,187 [pool-87-thread-1] INFO  impl.RaftServerImpl (RaftServerImpl.java:<init>(95)) - e55dc74a-5508-43f4-ba5a-e1e75e0afb35: new RaftServerImpl for group-317885D50A8B:[e55dc74a-5508-43f4-ba5a-e1e75e0afb35:192.168.151.83:38050, 655e713e-f432-49c6-be02-8424905dac44:192.168.151.83:45232, 577faf7f-deb6-4506-8e99-75f39047aeab:192.168.151.83:41804] with ContainerStateMachine:uninitialized
2019-10-08 03:42:23,187 [pool-27-thread-1] INFO  impl.RaftServerImpl (ServerState.java:<init>(103)) - 655e713e-f432-49c6-be02-8424905dac44@group-317885D50A8B: ConfigurationManager, init=-1: [e55dc74a-5508-43f4-ba5a-e1e75e0afb35:192.168.151.83:38050, 655e713e-f432-49c6-be02-8424905dac44:192.168.151.83:45232, 577faf7f-deb6-4506-8e99-75f39047aeab:192.168.151.83:41804], old=null, confs=<EMPTY_MAP>
2019-10-08 03:42:23,188 [pool-87-thread-1] INFO  server.RaftServerConfigKeys (ConfUtils.java:logGet(43)) - raft.server.rpc.timeout.min = 5s (custom)
2019-10-08 03:42:23,188 [pool-27-thread-1] INFO  server.RaftServerConfigKeys (ConfUtils.java:logGet(43)) - raft.server.storage.dir = [/workdir/hadoop-ozone/integration-test/target/test-dir/MiniOzoneClusterImpl-803a9bc2-2fef-4080-b053-fc887ab92aa0/datanode-0/data/ratis] (custom)
2019-10-08 03:42:23,188 [pool-87-thread-1] INFO  server.RaftServerConfigKeys (ConfUtils.java:logGet(43)) - raft.server.rpc.timeout.max = 5200ms (custom)
2019-10-08 03:42:23,188 [pool-87-thread-1] INFO  server.RaftServerConfigKeys (ConfUtils.java:logGet(43)) - raft.server.rpcslowness.timeout = 120s (custom)
2019-10-08 03:42:23,188 [pool-27-thread-1] INFO  server.RaftServerConfigKeys (ConfUtils.java:logGet(43)) - raft.server.log.corruption.policy = EXCEPTION (default)
2019-10-08 03:42:23,188 [pool-87-thread-1] INFO  server.RaftServerConfigKeys (ConfUtils.java:logGet(43)) - raft.server.sleep.deviation.threshold = 300 (default)
2019-10-08 03:42:23,189 [pool-27-thread-1] INFO  storage.RaftStorageDirectory (RaftStorageDirectory.java:analyzeStorage(246)) - The storage directory /workdir/hadoop-ozone/integration-test/target/test-dir/MiniOzoneClusterImpl-803a9bc2-2fef-4080-b053-fc887ab92aa0/datanode-0/data/ratis/285b0918-2076-492b-bb72-317885d50a8b does not exist. Creating ...
2019-10-08 03:42:23,189 [pool-87-thread-1] INFO  server.RaftServerConfigKeys (ConfUtils.java:logGet(43)) - raft.server.log.appender.install.snapshot.enabled = false (custom)
2019-10-08 03:42:23,189 [pool-87-thread-1] INFO  impl.RaftServerImpl (ServerState.java:<init>(103)) - e55dc74a-5508-43f4-ba5a-e1e75e0afb35@group-317885D50A8B: ConfigurationManager, init=-1: [e55dc74a-5508-43f4-ba5a-e1e75e0afb35:192.168.151.83:38050, 655e713e-f432-49c6-be02-8424905dac44:192.168.151.83:45232, 577faf7f-deb6-4506-8e99-75f39047aeab:192.168.151.83:41804], old=null, confs=<EMPTY_MAP>
2019-10-08 03:42:23,189 [pool-87-thread-1] INFO  server.RaftServerConfigKeys (ConfUtils.java:logGet(43)) - raft.server.storage.dir = [/workdir/hadoop-ozone/integration-test/target/test-dir/MiniOzoneClusterImpl-803a9bc2-2fef-4080-b053-fc887ab92aa0/datanode-6/data/ratis] (custom)
2019-10-08 03:42:23,189 [pool-87-thread-1] INFO  server.RaftServerConfigKeys (ConfUtils.java:logGet(43)) - raft.server.log.corruption.policy = EXCEPTION (default)
2019-10-08 03:42:23,189 [pool-87-thread-1] INFO  storage.RaftStorageDirectory (RaftStorageDirectory.java:analyzeStorage(246)) - The storage directory /workdir/hadoop-ozone/integration-test/target/test-dir/MiniOzoneClusterImpl-803a9bc2-2fef-4080-b053-fc887ab92aa0/datanode-6/data/ratis/285b0918-2076-492b-bb72-317885d50a8b does not exist. Creating ...
2019-10-08 03:42:23,200 [pool-27-thread-1] INFO  storage.RaftStorageDirectory (RaftStorageDirectory.java:tryLock(328)) - Lock on /workdir/hadoop-ozone/integration-test/target/test-dir/MiniOzoneClusterImpl-803a9bc2-2fef-4080-b053-fc887ab92aa0/datanode-0/data/ratis/285b0918-2076-492b-bb72-317885d50a8b/in_use.lock acquired by nodename 23383@pr-hdds-2217-jqnfv-3133698562
2019-10-08 03:42:23,200 [pool-87-thread-1] INFO  storage.RaftStorageDirectory (RaftStorageDirectory.java:tryLock(328)) - Lock on /workdir/hadoop-ozone/integration-test/target/test-dir/MiniOzoneClusterImpl-803a9bc2-2fef-4080-b053-fc887ab92aa0/datanode-6/data/ratis/285b0918-2076-492b-bb72-317885d50a8b/in_use.lock acquired by nodename 23383@pr-hdds-2217-jqnfv-3133698562
2019-10-08 03:42:23,200 [pool-57-thread-1] INFO  storage.RaftStorageDirectory (RaftStorageDirectory.java:tryLock(328)) - Lock on /workdir/hadoop-ozone/integration-test/target/test-dir/MiniOzoneClusterImpl-803a9bc2-2fef-4080-b053-fc887ab92aa0/datanode-3/data/ratis/285b0918-2076-492b-bb72-317885d50a8b/in_use.lock acquired by nodename 23383@pr-hdds-2217-jqnfv-3133698562
2019-10-08 03:42:23,214 [pool-27-thread-1] INFO  storage.RaftStorage (RaftStorage.java:format(84)) - Storage directory /workdir/hadoop-ozone/integration-test/target/test-dir/MiniOzoneClusterImpl-803a9bc2-2fef-4080-b053-fc887ab92aa0/datanode-0/data/ratis/285b0918-2076-492b-bb72-317885d50a8b has been successfully formatted.
2019-10-08 03:42:23,214 [pool-87-thread-1] INFO  storage.RaftStorage (RaftStorage.java:format(84)) - Storage directory /workdir/hadoop-ozone/integration-test/target/test-dir/MiniOzoneClusterImpl-803a9bc2-2fef-4080-b053-fc887ab92aa0/datanode-6/data/ratis/285b0918-2076-492b-bb72-317885d50a8b has been successfully formatted.
2019-10-08 03:42:23,214 [pool-57-thread-1] INFO  storage.RaftStorage (RaftStorage.java:format(84)) - Storage directory /workdir/hadoop-ozone/integration-test/target/test-dir/MiniOzoneClusterImpl-803a9bc2-2fef-4080-b053-fc887ab92aa0/datanode-3/data/ratis/285b0918-2076-492b-bb72-317885d50a8b has been successfully formatted.
2019-10-08 03:42:23,214 [pool-27-thread-1] INFO  ratis.ContainerStateMachine (ContainerStateMachine.java:loadSnapshot(231)) - group-317885D50A8B: The snapshot info is null. Setting the last applied indexto:(t:0, i:~)
2019-10-08 03:42:23,214 [pool-57-thread-1] INFO  ratis.ContainerStateMachine (ContainerStateMachine.java:loadSnapshot(231)) - group-317885D50A8B: The snapshot info is null. Setting the last applied indexto:(t:0, i:~)
2019-10-08 03:42:23,214 [pool-87-thread-1] INFO  ratis.ContainerStateMachine (ContainerStateMachine.java:loadSnapshot(231)) - group-317885D50A8B: The snapshot info is null. Setting the last applied indexto:(t:0, i:~)
2019-10-08 03:42:23,214 [pool-27-thread-1] INFO  server.RaftServerConfigKeys (ConfUtils.java:logGet(43)) - raft.server.notification.no-leader.timeout = 120s (custom)
2019-10-08 03:42:23,214 [pool-87-thread-1] INFO  server.RaftServerConfigKeys (ConfUtils.java:logGet(43)) - raft.server.notification.no-leader.timeout = 120s (custom)
2019-10-08 03:42:23,214 [pool-57-thread-1] INFO  server.RaftServerConfigKeys (ConfUtils.java:logGet(43)) - raft.server.notification.no-leader.timeout = 120s (custom)
2019-10-08 03:42:23,215 [pool-87-thread-1] INFO  server.RaftServerConfigKeys (ConfUtils.java:logGet(43)) - raft.server.log.use.memory = false (default)
2019-10-08 03:42:23,215 [pool-27-thread-1] INFO  server.RaftServerConfigKeys (ConfUtils.java:logGet(43)) - raft.server.log.use.memory = false (default)
2019-10-08 03:42:23,215 [pool-87-thread-1] INFO  server.RaftServerConfigKeys (ConfUtils.java:logGet(43)) - raft.server.log.purge.gap = 1000000 (custom)
2019-10-08 03:42:23,215 [pool-57-thread-1] INFO  server.RaftServerConfigKeys (ConfUtils.java:logGet(43)) - raft.server.log.use.memory = false (default)
2019-10-08 03:42:23,215 [pool-87-thread-1] INFO  server.RaftServerConfigKeys (ConfUtils.java:logGet(43)) - raft.server.log.appender.buffer.byte-limit = 33554432 (custom)
2019-10-08 03:42:23,215 [pool-27-thread-1] INFO  server.RaftServerConfigKeys (ConfUtils.java:logGet(43)) - raft.server.log.purge.gap = 1000000 (custom)
2019-10-08 03:42:23,216 [pool-87-thread-1] INFO  server.RaftServerConfigKeys (ConfUtils.java:logGet(43)) - raft.server.log.segment.size.max = 1048576 (custom)
2019-10-08 03:42:23,215 [pool-57-thread-1] INFO  server.RaftServerConfigKeys (ConfUtils.java:logGet(43)) - raft.server.log.purge.gap = 1000000 (custom)
2019-10-08 03:42:23,216 [pool-87-thread-1] INFO  server.RaftServerConfigKeys (ConfUtils.java:logGet(43)) - raft.server.log.segment.cache.num.max = 2 (custom)
2019-10-08 03:42:23,216 [pool-27-thread-1] INFO  server.RaftServerConfigKeys (ConfUtils.java:logGet(43)) - raft.server.log.appender.buffer.byte-limit = 33554432 (custom)
2019-10-08 03:42:23,216 [pool-87-thread-1] INFO  segmented.SegmentedRaftLogWorker (SegmentedRaftLogWorker.java:<init>(173)) - new e55dc74a-5508-43f4-ba5a-e1e75e0afb35@group-317885D50A8B-SegmentedRaftLogWorker for RaftStorage:Storage Directory /workdir/hadoop-ozone/integration-test/target/test-dir/MiniOzoneClusterImpl-803a9bc2-2fef-4080-b053-fc887ab92aa0/datanode-6/data/ratis/285b0918-2076-492b-bb72-317885d50a8b
2019-10-08 03:42:23,216 [pool-57-thread-1] INFO  server.RaftServerConfigKeys (ConfUtils.java:logGet(43)) - raft.server.log.appender.buffer.byte-limit = 33554432 (custom)
2019-10-08 03:42:23,216 [pool-87-thread-1] INFO  server.RaftServerConfigKeys (ConfUtils.java:logGet(43)) - raft.server.log.queue.byte-limit = 2147483647 (custom)
2019-10-08 03:42:23,216 [pool-27-thread-1] INFO  server.RaftServerConfigKeys (ConfUtils.java:logGet(43)) - raft.server.log.segment.size.max = 1048576 (custom)
2019-10-08 03:42:23,217 [pool-87-thread-1] INFO  server.RaftServerConfigKeys (ConfUtils.java:logGet(43)) - raft.server.log.queue.element-limit = 1024 (custom)
2019-10-08 03:42:23,217 [pool-57-thread-1] INFO  server.RaftServerConfigKeys (ConfUtils.java:logGet(43)) - raft.server.log.segment.size.max = 1048576 (custom)
2019-10-08 03:42:23,217 [pool-87-thread-1] INFO  server.RaftServerConfigKeys (ConfUtils.java:logGet(43)) - raft.server.log.segment.size.max = 1048576 (custom)
2019-10-08 03:42:23,217 [pool-27-thread-1] INFO  server.RaftServerConfigKeys (ConfUtils.java:logGet(43)) - raft.server.log.segment.cache.num.max = 2 (custom)
2019-10-08 03:42:23,217 [pool-87-thread-1] INFO  server.RaftServerConfigKeys (ConfUtils.java:logGet(43)) - raft.server.log.preallocated.size = 16384 (custom)
2019-10-08 03:42:23,217 [pool-57-thread-1] INFO  server.RaftServerConfigKeys (ConfUtils.java:logGet(43)) - raft.server.log.segment.cache.num.max = 2 (custom)
2019-10-08 03:42:23,218 [pool-87-thread-1] INFO  server.RaftServerConfigKeys (ConfUtils.java:logGet(43)) - raft.server.log.write.buffer.size = 33554432 (custom)
2019-10-08 03:42:23,217 [pool-27-thread-1] INFO  segmented.SegmentedRaftLogWorker (SegmentedRaftLogWorker.java:<init>(173)) - new 655e713e-f432-49c6-be02-8424905dac44@group-317885D50A8B-SegmentedRaftLogWorker for RaftStorage:Storage Directory /workdir/hadoop-ozone/integration-test/target/test-dir/MiniOzoneClusterImpl-803a9bc2-2fef-4080-b053-fc887ab92aa0/datanode-0/data/ratis/285b0918-2076-492b-bb72-317885d50a8b
2019-10-08 03:42:23,218 [pool-87-thread-1] INFO  server.RaftServerConfigKeys (ConfUtils.java:logGet(43)) - raft.server.log.force.sync.num = 128 (default)
2019-10-08 03:42:23,218 [pool-57-thread-1] INFO  segmented.SegmentedRaftLogWorker (SegmentedRaftLogWorker.java:<init>(173)) - new 577faf7f-deb6-4506-8e99-75f39047aeab@group-317885D50A8B-SegmentedRaftLogWorker for RaftStorage:Storage Directory /workdir/hadoop-ozone/integration-test/target/test-dir/MiniOzoneClusterImpl-803a9bc2-2fef-4080-b053-fc887ab92aa0/datanode-3/data/ratis/285b0918-2076-492b-bb72-317885d50a8b
2019-10-08 03:42:23,218 [pool-87-thread-1] INFO  server.RaftServerConfigKeys (ConfUtils.java:logGet(43)) - raft.server.log.statemachine.data.sync = true (default)
2019-10-08 03:42:23,218 [pool-27-thread-1] INFO  server.RaftServerConfigKeys (ConfUtils.java:logGet(43)) - raft.server.log.queue.byte-limit = 2147483647 (custom)
2019-10-08 03:42:23,218 [pool-87-thread-1] INFO  server.RaftServerConfigKeys (ConfUtils.java:logGet(43)) - raft.server.log.statemachine.data.sync.timeout = 10s (default)
2019-10-08 03:42:23,218 [pool-57-thread-1] INFO  server.RaftServerConfigKeys (ConfUtils.java:logGet(43)) - raft.server.log.queue.byte-limit = 2147483647 (custom)
2019-10-08 03:42:23,219 [pool-87-thread-1] INFO  server.RaftServerConfigKeys (ConfUtils.java:logGet(43)) - raft.server.log.statemachine.data.sync.timeout.retry = -1 (default)
2019-10-08 03:42:23,219 [pool-27-thread-1] INFO  server.RaftServerConfigKeys (ConfUtils.java:logGet(43)) - raft.server.log.queue.element-limit = 1024 (custom)
2019-10-08 03:42:23,219 [pool-57-thread-1] INFO  server.RaftServerConfigKeys (ConfUtils.java:logGet(43)) - raft.server.log.queue.element-limit = 1024 (custom)
2019-10-08 03:42:23,219 [pool-27-thread-1] INFO  server.RaftServerConfigKeys (ConfUtils.java:logGet(43)) - raft.server.log.segment.size.max = 1048576 (custom)
2019-10-08 03:42:23,219 [pool-87-thread-1] INFO  server.RaftServerConfigKeys (ConfUtils.java:logGet(43)) - raft.server.log.statemachine.data.caching.enabled = true (custom)
2019-10-08 03:42:23,220 [pool-27-thread-1] INFO  server.RaftServerConfigKeys (ConfUtils.java:logGet(43)) - raft.server.log.preallocated.size = 16384 (custom)
2019-10-08 03:42:23,219 [pool-57-thread-1] INFO  server.RaftServerConfigKeys (ConfUtils.java:logGet(43)) - raft.server.log.segment.size.max = 1048576 (custom)
2019-10-08 03:42:23,220 [pool-87-thread-1] INFO  segmented.SegmentedRaftLogWorker (SegmentedRaftLogWorker.java:lambda$new$0(128)) - e55dc74a-5508-43f4-ba5a-e1e75e0afb35@group-317885D50A8B-SegmentedRaftLogWorker: flushIndex: setUnconditionally 0 -> -1
2019-10-08 03:42:23,220 [pool-27-thread-1] INFO  server.RaftServerConfigKeys (ConfUtils.java:logGet(43)) - raft.server.log.write.buffer.size = 33554432 (custom)
2019-10-08 03:42:23,220 [pool-57-thread-1] INFO  server.RaftServerConfigKeys (ConfUtils.java:logGet(43)) - raft.server.log.preallocated.size = 16384 (custom)
2019-10-08 03:42:23,220 [pool-87-thread-1] INFO  server.RaftServerConfigKeys (ConfUtils.java:logGet(43)) - raft.server.snapshot.auto.trigger.enabled = true (custom)
2019-10-08 03:42:23,220 [pool-27-thread-1] INFO  server.RaftServerConfigKeys (ConfUtils.java:logGet(43)) - raft.server.log.force.sync.num = 128 (default)
2019-10-08 03:42:23,221 [pool-87-thread-1] INFO  server.RaftServerConfigKeys (ConfUtils.java:logGet(43)) - raft.server.snapshot.auto.trigger.threshold = 10000 (custom)
2019-10-08 03:42:23,220 [pool-57-thread-1] INFO  server.RaftServerConfigKeys (ConfUtils.java:logGet(43)) - raft.server.log.write.buffer.size = 33554432 (custom)
2019-10-08 03:42:23,221 [pool-87-thread-1] INFO  server.RaftServerConfigKeys (ConfUtils.java:logGet(43)) - raft.server.snapshot.retention.file.num = 5 (custom)
2019-10-08 03:42:23,221 [pool-27-thread-1] INFO  server.RaftServerConfigKeys (ConfUtils.java:logGet(43)) - raft.server.log.statemachine.data.sync = true (default)
2019-10-08 03:42:23,221 [pool-87-thread-1] INFO  server.RaftServerConfigKeys (ConfUtils.java:logGet(43)) - raft.server.retrycache.expirytime = 600000ms (custom)
2019-10-08 03:42:23,221 [pool-57-thread-1] INFO  server.RaftServerConfigKeys (ConfUtils.java:logGet(43)) - raft.server.log.force.sync.num = 128 (default)
2019-10-08 03:42:23,221 [pool-27-thread-1] INFO  server.RaftServerConfigKeys (ConfUtils.java:logGet(43)) - raft.server.log.statemachine.data.sync.timeout = 10s (default)
2019-10-08 03:42:23,222 [pool-57-thread-1] INFO  server.RaftServerConfigKeys (ConfUtils.java:logGet(43)) - raft.server.log.statemachine.data.sync = true (default)
2019-10-08 03:42:23,222 [pool-27-thread-1] INFO  server.RaftServerConfigKeys (ConfUtils.java:logGet(43)) - raft.server.log.statemachine.data.sync.timeout.retry = -1 (default)
2019-10-08 03:42:23,222 [pool-57-thread-1] INFO  server.RaftServerConfigKeys (ConfUtils.java:logGet(43)) - raft.server.log.statemachine.data.sync.timeout = 10s (default)
2019-10-08 03:42:23,222 [pool-57-thread-1] INFO  server.RaftServerConfigKeys (ConfUtils.java:logGet(43)) - raft.server.log.statemachine.data.sync.timeout.retry = -1 (default)
2019-10-08 03:42:23,222 [pool-27-thread-1] INFO  server.RaftServerConfigKeys (ConfUtils.java:logGet(43)) - raft.server.log.statemachine.data.caching.enabled = true (custom)
2019-10-08 03:42:23,222 [pool-57-thread-1] INFO  server.RaftServerConfigKeys (ConfUtils.java:logGet(43)) - raft.server.log.statemachine.data.caching.enabled = true (custom)
2019-10-08 03:42:23,223 [pool-27-thread-1] INFO  segmented.SegmentedRaftLogWorker (SegmentedRaftLogWorker.java:lambda$new$0(128)) - 655e713e-f432-49c6-be02-8424905dac44@group-317885D50A8B-SegmentedRaftLogWorker: flushIndex: setUnconditionally 0 -> -1
2019-10-08 03:42:23,223 [pool-57-thread-1] INFO  segmented.SegmentedRaftLogWorker (SegmentedRaftLogWorker.java:lambda$new$0(128)) - 577faf7f-deb6-4506-8e99-75f39047aeab@group-317885D50A8B-SegmentedRaftLogWorker: flushIndex: setUnconditionally 0 -> -1
2019-10-08 03:42:23,223 [pool-27-thread-1] INFO  server.RaftServerConfigKeys (ConfUtils.java:logGet(43)) - raft.server.snapshot.auto.trigger.enabled = true (custom)
2019-10-08 03:42:23,223 [pool-57-thread-1] INFO  server.RaftServerConfigKeys (ConfUtils.java:logGet(43)) - raft.server.snapshot.auto.trigger.enabled = true (custom)
2019-10-08 03:42:23,223 [pool-27-thread-1] INFO  server.RaftServerConfigKeys (ConfUtils.java:logGet(43)) - raft.server.snapshot.auto.trigger.threshold = 10000 (custom)
2019-10-08 03:42:23,223 [pool-57-thread-1] INFO  server.RaftServerConfigKeys (ConfUtils.java:logGet(43)) - raft.server.snapshot.auto.trigger.threshold = 10000 (custom)
2019-10-08 03:42:23,223 [pool-27-thread-1] INFO  server.RaftServerConfigKeys (ConfUtils.java:logGet(43)) - raft.server.snapshot.retention.file.num = 5 (custom)
2019-10-08 03:42:23,224 [pool-57-thread-1] INFO  server.RaftServerConfigKeys (ConfUtils.java:logGet(43)) - raft.server.snapshot.retention.file.num = 5 (custom)
2019-10-08 03:42:23,224 [pool-27-thread-1] INFO  server.RaftServerConfigKeys (ConfUtils.java:logGet(43)) - raft.server.retrycache.expirytime = 600000ms (custom)
2019-10-08 03:42:23,224 [pool-57-thread-1] INFO  server.RaftServerConfigKeys (ConfUtils.java:logGet(43)) - raft.server.retrycache.expirytime = 600000ms (custom)
2019-10-08 03:42:23,225 [pool-87-thread-1] INFO  impl.RaftServerImpl (RaftServerImpl.java:start(181)) - e55dc74a-5508-43f4-ba5a-e1e75e0afb35@group-317885D50A8B: start as a follower, conf=-1: [e55dc74a-5508-43f4-ba5a-e1e75e0afb35:192.168.151.83:38050, 655e713e-f432-49c6-be02-8424905dac44:192.168.151.83:45232, 577faf7f-deb6-4506-8e99-75f39047aeab:192.168.151.83:41804], old=null
2019-10-08 03:42:23,225 [pool-87-thread-1] INFO  impl.RaftServerImpl (RaftServerImpl.java:setRole(170)) - e55dc74a-5508-43f4-ba5a-e1e75e0afb35@group-317885D50A8B: changes role from      null to FOLLOWER at term 0 for startAsFollower
2019-10-08 03:42:23,225 [pool-87-thread-1] INFO  impl.RoleInfo (RoleInfo.java:updateAndGet(143)) - e55dc74a-5508-43f4-ba5a-e1e75e0afb35: start FollowerState
2019-10-08 03:42:23,226 [pool-87-thread-1] INFO  util.JmxRegister (JmxRegister.java:tryRegister(44)) - Successfully registered JMX Bean with object name Ratis:service=RaftServer,group=group-317885D50A8B,id=e55dc74a-5508-43f4-ba5a-e1e75e0afb35
2019-10-08 03:42:23,227 [pool-57-thread-1] INFO  impl.RaftServerImpl (RaftServerImpl.java:start(181)) - 577faf7f-deb6-4506-8e99-75f39047aeab@group-317885D50A8B: start as a follower, conf=-1: [e55dc74a-5508-43f4-ba5a-e1e75e0afb35:192.168.151.83:38050, 655e713e-f432-49c6-be02-8424905dac44:192.168.151.83:45232, 577faf7f-deb6-4506-8e99-75f39047aeab:192.168.151.83:41804], old=null
2019-10-08 03:42:23,228 [pool-57-thread-1] INFO  impl.RaftServerImpl (RaftServerImpl.java:setRole(170)) - 577faf7f-deb6-4506-8e99-75f39047aeab@group-317885D50A8B: changes role from      null to FOLLOWER at term 0 for startAsFollower
2019-10-08 03:42:23,228 [pool-57-thread-1] INFO  impl.RoleInfo (RoleInfo.java:updateAndGet(143)) - 577faf7f-deb6-4506-8e99-75f39047aeab: start FollowerState
2019-10-08 03:42:23,228 [pool-57-thread-1] INFO  util.JmxRegister (JmxRegister.java:tryRegister(44)) - Successfully registered JMX Bean with object name Ratis:service=RaftServer,group=group-317885D50A8B,id=577faf7f-deb6-4506-8e99-75f39047aeab
2019-10-08 03:42:23,229 [pool-27-thread-1] INFO  impl.RaftServerImpl (RaftServerImpl.java:start(181)) - 655e713e-f432-49c6-be02-8424905dac44@group-317885D50A8B: start as a follower, conf=-1: [e55dc74a-5508-43f4-ba5a-e1e75e0afb35:192.168.151.83:38050, 655e713e-f432-49c6-be02-8424905dac44:192.168.151.83:45232, 577faf7f-deb6-4506-8e99-75f39047aeab:192.168.151.83:41804], old=null
2019-10-08 03:42:23,229 [pool-27-thread-1] INFO  impl.RaftServerImpl (RaftServerImpl.java:setRole(170)) - 655e713e-f432-49c6-be02-8424905dac44@group-317885D50A8B: changes role from      null to FOLLOWER at term 0 for startAsFollower
2019-10-08 03:42:23,229 [pool-27-thread-1] INFO  impl.RoleInfo (RoleInfo.java:updateAndGet(143)) - 655e713e-f432-49c6-be02-8424905dac44: start FollowerState
2019-10-08 03:42:23,230 [pool-27-thread-1] INFO  util.JmxRegister (JmxRegister.java:tryRegister(44)) - Successfully registered JMX Bean with object name Ratis:service=RaftServer,group=group-317885D50A8B,id=655e713e-f432-49c6-be02-8424905dac44
2019-10-08 03:42:23,261 [RatisPipelineUtilsThread] INFO  pipeline.PipelineStateManager (PipelineStateManager.java:addPipeline(56)) - Created pipeline Pipeline[ Id: 285b0918-2076-492b-bb72-317885d50a8b, Nodes: 577faf7f-deb6-4506-8e99-75f39047aeab{ip: 192.168.151.83, host: pr-hdds-2217-jqnfv-3133698562, networkLocation: /default-rack, certSerialId: null}e55dc74a-5508-43f4-ba5a-e1e75e0afb35{ip: 192.168.151.83, host: pr-hdds-2217-jqnfv-3133698562, networkLocation: /default-rack, certSerialId: null}655e713e-f432-49c6-be02-8424905dac44{ip: 192.168.151.83, host: pr-hdds-2217-jqnfv-3133698562, networkLocation: /default-rack, certSerialId: null}, Type:RATIS, Factor:THREE, State:OPEN]
2019-10-08 03:42:23,585 [main] INFO  rpc.RpcClient (RpcClient.java:createVolume(277)) - Creating Volume: testblockoutputstream, with jenkins1000 as owner.
2019-10-08 03:42:24,135 [IPC Server handler 12 on 36099] INFO  volume.OMVolumeCreateRequest (OMVolumeCreateRequest.java:validateAndUpdateCache(193)) - created volume:testblockoutputstream for user:jenkins1000
2019-10-08 03:42:24,348 [main] INFO  rpc.RpcClient (RpcClient.java:createBucket(416)) - Creating Bucket: testblockoutputstream/testblockoutputstream, with Versioning false and Storage Type set to DISK and Encryption set to false 
2019-10-08 03:42:24,352 [Thread-238] INFO  container.ReplicationManager (ReplicationManager.java:start(162)) - Starting Replication Monitor Thread.
2019-10-08 03:42:24,354 [ReplicationMonitor] INFO  container.ReplicationManager (ReplicationManager.java:run(225)) - Replication Monitor Thread took 1 milliseconds for processing 0 containers.
2019-10-08 03:42:24,375 [main] INFO  impl.MetricsSystemImpl (MetricsSystemImpl.java:init(158)) - XceiverClientMetrics metrics system started (again)
2019-10-08 03:42:27,217 [Thread-240] INFO  impl.FollowerState (FollowerState.java:run(108)) - 655e713e-f432-49c6-be02-8424905dac44@group-082F4D8D27DA-FollowerState: change to CANDIDATE, lastRpcTime:5073ms, electionTimeout:5072ms
2019-10-08 03:42:27,222 [Thread-240] INFO  impl.RoleInfo (RoleInfo.java:shutdownFollowerState(121)) - 655e713e-f432-49c6-be02-8424905dac44: shutdown FollowerState
2019-10-08 03:42:27,222 [Thread-240] INFO  impl.RaftServerImpl (RaftServerImpl.java:setRole(170)) - 655e713e-f432-49c6-be02-8424905dac44@group-082F4D8D27DA: changes role from  FOLLOWER to CANDIDATE at term 0 for changeToCandidate
2019-10-08 03:42:27,230 [Thread-240] INFO  impl.RoleInfo (RoleInfo.java:updateAndGet(143)) - 655e713e-f432-49c6-be02-8424905dac44: start LeaderElection
2019-10-08 03:42:27,251 [655e713e-f432-49c6-be02-8424905dac44@group-082F4D8D27DA-LeaderElection1] INFO  impl.LeaderElection (LeaderElection.java:askForVotes(178)) - 655e713e-f432-49c6-be02-8424905dac44@group-082F4D8D27DA-LeaderElection1: begin an election at term 1 for -1: [655e713e-f432-49c6-be02-8424905dac44:192.168.151.83:45232], old=null
2019-10-08 03:42:27,253 [655e713e-f432-49c6-be02-8424905dac44@group-082F4D8D27DA-LeaderElection1] INFO  impl.RoleInfo (RoleInfo.java:shutdownLeaderElection(134)) - 655e713e-f432-49c6-be02-8424905dac44: shutdown LeaderElection
2019-10-08 03:42:27,253 [655e713e-f432-49c6-be02-8424905dac44@group-082F4D8D27DA-LeaderElection1] INFO  impl.RaftServerImpl (RaftServerImpl.java:setRole(170)) - 655e713e-f432-49c6-be02-8424905dac44@group-082F4D8D27DA: changes role from CANDIDATE to LEADER at term 1 for changeToLeader
2019-10-08 03:42:27,254 [655e713e-f432-49c6-be02-8424905dac44@group-082F4D8D27DA-LeaderElection1] INFO  impl.RaftServerImpl (ServerState.java:setLeader(255)) - 655e713e-f432-49c6-be02-8424905dac44@group-082F4D8D27DA: change Leader from null to 655e713e-f432-49c6-be02-8424905dac44 at term 1 for becomeLeader, leader elected after 5222ms
2019-10-08 03:42:27,262 [655e713e-f432-49c6-be02-8424905dac44@group-082F4D8D27DA-LeaderElection1] INFO  server.RaftServerConfigKeys (ConfUtils.java:logGet(43)) - raft.server.staging.catchup.gap = 1000 (default)
2019-10-08 03:42:27,262 [655e713e-f432-49c6-be02-8424905dac44@group-082F4D8D27DA-LeaderElection1] INFO  server.RaftServerConfigKeys (ConfUtils.java:logGet(43)) - raft.server.rpc.sleep.time = 25ms (default)
2019-10-08 03:42:27,267 [655e713e-f432-49c6-be02-8424905dac44@group-082F4D8D27DA-LeaderElection1] INFO  server.RaftServerConfigKeys (ConfUtils.java:logGet(43)) - raft.server.write.element-limit = 4096 (default)
2019-10-08 03:42:27,270 [655e713e-f432-49c6-be02-8424905dac44@group-082F4D8D27DA-LeaderElection1] INFO  server.RaftServerConfigKeys (ConfUtils.java:logGet(43)) - raft.server.watch.timeout = 10s (default)
2019-10-08 03:42:27,271 [655e713e-f432-49c6-be02-8424905dac44@group-082F4D8D27DA-LeaderElection1] INFO  server.RaftServerConfigKeys (ConfUtils.java:logGet(43)) - raft.server.watch.timeout.denomination = 1s (default)
2019-10-08 03:42:27,272 [655e713e-f432-49c6-be02-8424905dac44@group-082F4D8D27DA-LeaderElection1] INFO  server.RaftServerConfigKeys (ConfUtils.java:logGet(43)) - raft.server.watch.element-limit = 65536 (default)
2019-10-08 03:42:27,284 [655e713e-f432-49c6-be02-8424905dac44@group-082F4D8D27DA-LeaderElection1] INFO  impl.RoleInfo (RoleInfo.java:updateAndGet(143)) - 655e713e-f432-49c6-be02-8424905dac44: start LeaderState
2019-10-08 03:42:27,309 [655e713e-f432-49c6-be02-8424905dac44@group-082F4D8D27DA-LeaderElection1] INFO  segmented.SegmentedRaftLogWorker (SegmentedRaftLogWorker.java:startLogSegment(385)) - 655e713e-f432-49c6-be02-8424905dac44@group-082F4D8D27DA-SegmentedRaftLogWorker: Starting segment from index:0
2019-10-08 03:42:27,324 [655e713e-f432-49c6-be02-8424905dac44@group-082F4D8D27DA-LeaderElection1] INFO  impl.RaftServerImpl (ServerState.java:setRaftConf(356)) - 655e713e-f432-49c6-be02-8424905dac44@group-082F4D8D27DA: set configuration 0: [655e713e-f432-49c6-be02-8424905dac44:192.168.151.83:45232], old=null at 0
2019-10-08 03:42:27,497 [Thread-243] INFO  impl.FollowerState (FollowerState.java:run(108)) - 0d9c9caf-a10d-4dbf-84ca-13e0af47996f@group-8FF0358B77C4-FollowerState: change to CANDIDATE, lastRpcTime:5110ms, electionTimeout:5108ms
2019-10-08 03:42:27,505 [Thread-243] INFO  impl.RoleInfo (RoleInfo.java:shutdownFollowerState(121)) - 0d9c9caf-a10d-4dbf-84ca-13e0af47996f: shutdown FollowerState
2019-10-08 03:42:27,505 [Thread-243] INFO  impl.RaftServerImpl (RaftServerImpl.java:setRole(170)) - 0d9c9caf-a10d-4dbf-84ca-13e0af47996f@group-8FF0358B77C4: changes role from  FOLLOWER to CANDIDATE at term 0 for changeToCandidate
2019-10-08 03:42:27,506 [Thread-243] INFO  impl.RoleInfo (RoleInfo.java:updateAndGet(143)) - 0d9c9caf-a10d-4dbf-84ca-13e0af47996f: start LeaderElection
2019-10-08 03:42:27,523 [655e713e-f432-49c6-be02-8424905dac44@group-082F4D8D27DA-SegmentedRaftLogWorker] INFO  segmented.SegmentedRaftLogWorker (SegmentedRaftLogWorker.java:execute(574)) - 655e713e-f432-49c6-be02-8424905dac44@group-082F4D8D27DA-SegmentedRaftLogWorker: created new log segment /workdir/hadoop-ozone/integration-test/target/test-dir/MiniOzoneClusterImpl-803a9bc2-2fef-4080-b053-fc887ab92aa0/datanode-0/data/ratis/7433016c-31a1-4e77-9f94-082f4d8d27da/current/log_inprogress_0
2019-10-08 03:42:27,523 [0d9c9caf-a10d-4dbf-84ca-13e0af47996f@group-8FF0358B77C4-LeaderElection2] INFO  impl.LeaderElection (LeaderElection.java:askForVotes(178)) - 0d9c9caf-a10d-4dbf-84ca-13e0af47996f@group-8FF0358B77C4-LeaderElection2: begin an election at term 1 for -1: [0d9c9caf-a10d-4dbf-84ca-13e0af47996f:192.168.151.83:34616], old=null
2019-10-08 03:42:27,526 [0d9c9caf-a10d-4dbf-84ca-13e0af47996f@group-8FF0358B77C4-LeaderElection2] INFO  impl.RoleInfo (RoleInfo.java:shutdownLeaderElection(134)) - 0d9c9caf-a10d-4dbf-84ca-13e0af47996f: shutdown LeaderElection
2019-10-08 03:42:27,526 [0d9c9caf-a10d-4dbf-84ca-13e0af47996f@group-8FF0358B77C4-LeaderElection2] INFO  impl.RaftServerImpl (RaftServerImpl.java:setRole(170)) - 0d9c9caf-a10d-4dbf-84ca-13e0af47996f@group-8FF0358B77C4: changes role from CANDIDATE to LEADER at term 1 for changeToLeader
2019-10-08 03:42:27,526 [0d9c9caf-a10d-4dbf-84ca-13e0af47996f@group-8FF0358B77C4-LeaderElection2] INFO  impl.RaftServerImpl (ServerState.java:setLeader(255)) - 0d9c9caf-a10d-4dbf-84ca-13e0af47996f@group-8FF0358B77C4: change Leader from null to 0d9c9caf-a10d-4dbf-84ca-13e0af47996f at term 1 for becomeLeader, leader elected after 5160ms
2019-10-08 03:42:27,528 [0d9c9caf-a10d-4dbf-84ca-13e0af47996f@group-8FF0358B77C4-LeaderElection2] INFO  server.RaftServerConfigKeys (ConfUtils.java:logGet(43)) - raft.server.staging.catchup.gap = 1000 (default)
2019-10-08 03:42:27,529 [0d9c9caf-a10d-4dbf-84ca-13e0af47996f@group-8FF0358B77C4-LeaderElection2] INFO  server.RaftServerConfigKeys (ConfUtils.java:logGet(43)) - raft.server.rpc.sleep.time = 25ms (default)
2019-10-08 03:42:27,529 [0d9c9caf-a10d-4dbf-84ca-13e0af47996f@group-8FF0358B77C4-LeaderElection2] INFO  server.RaftServerConfigKeys (ConfUtils.java:logGet(43)) - raft.server.write.element-limit = 4096 (default)
2019-10-08 03:42:27,529 [0d9c9caf-a10d-4dbf-84ca-13e0af47996f@group-8FF0358B77C4-LeaderElection2] INFO  server.RaftServerConfigKeys (ConfUtils.java:logGet(43)) - raft.server.watch.timeout = 10s (default)
2019-10-08 03:42:27,529 [0d9c9caf-a10d-4dbf-84ca-13e0af47996f@group-8FF0358B77C4-LeaderElection2] INFO  server.RaftServerConfigKeys (ConfUtils.java:logGet(43)) - raft.server.watch.timeout.denomination = 1s (default)
2019-10-08 03:42:27,530 [0d9c9caf-a10d-4dbf-84ca-13e0af47996f@group-8FF0358B77C4-LeaderElection2] INFO  server.RaftServerConfigKeys (ConfUtils.java:logGet(43)) - raft.server.watch.element-limit = 65536 (default)
2019-10-08 03:42:27,533 [0d9c9caf-a10d-4dbf-84ca-13e0af47996f@group-8FF0358B77C4-LeaderElection2] INFO  impl.RoleInfo (RoleInfo.java:updateAndGet(143)) - 0d9c9caf-a10d-4dbf-84ca-13e0af47996f: start LeaderState
2019-10-08 03:42:27,533 [0d9c9caf-a10d-4dbf-84ca-13e0af47996f@group-8FF0358B77C4-LeaderElection2] INFO  segmented.SegmentedRaftLogWorker (SegmentedRaftLogWorker.java:startLogSegment(385)) - 0d9c9caf-a10d-4dbf-84ca-13e0af47996f@group-8FF0358B77C4-SegmentedRaftLogWorker: Starting segment from index:0
2019-10-08 03:42:27,534 [0d9c9caf-a10d-4dbf-84ca-13e0af47996f@group-8FF0358B77C4-LeaderElection2] INFO  impl.RaftServerImpl (ServerState.java:setRaftConf(356)) - 0d9c9caf-a10d-4dbf-84ca-13e0af47996f@group-8FF0358B77C4: set configuration 0: [0d9c9caf-a10d-4dbf-84ca-13e0af47996f:192.168.151.83:34616], old=null at 0
2019-10-08 03:42:27,580 [0d9c9caf-a10d-4dbf-84ca-13e0af47996f@group-8FF0358B77C4-SegmentedRaftLogWorker] INFO  segmented.SegmentedRaftLogWorker (SegmentedRaftLogWorker.java:execute(574)) - 0d9c9caf-a10d-4dbf-84ca-13e0af47996f@group-8FF0358B77C4-SegmentedRaftLogWorker: created new log segment /workdir/hadoop-ozone/integration-test/target/test-dir/MiniOzoneClusterImpl-803a9bc2-2fef-4080-b053-fc887ab92aa0/datanode-1/data/ratis/ac2e668f-ecc5-4bd2-a52a-8ff0358b77c4/current/log_inprogress_0
2019-10-08 03:42:27,704 [Thread-249] INFO  impl.FollowerState (FollowerState.java:run(108)) - 140d7c2d-6527-405c-b465-1b1d8cb4b4a3@group-D977F4B4ECA5-FollowerState: change to CANDIDATE, lastRpcTime:5022ms, electionTimeout:5022ms
2019-10-08 03:42:27,704 [Thread-249] INFO  impl.RoleInfo (RoleInfo.java:shutdownFollowerState(121)) - 140d7c2d-6527-405c-b465-1b1d8cb4b4a3: shutdown FollowerState
2019-10-08 03:42:27,704 [Thread-249] INFO  impl.RaftServerImpl (RaftServerImpl.java:setRole(170)) - 140d7c2d-6527-405c-b465-1b1d8cb4b4a3@group-D977F4B4ECA5: changes role from  FOLLOWER to CANDIDATE at term 0 for changeToCandidate
2019-10-08 03:42:27,705 [Thread-249] INFO  impl.RoleInfo (RoleInfo.java:updateAndGet(143)) - 140d7c2d-6527-405c-b465-1b1d8cb4b4a3: start LeaderElection
2019-10-08 03:42:27,724 [140d7c2d-6527-405c-b465-1b1d8cb4b4a3@group-D977F4B4ECA5-LeaderElection3] INFO  impl.LeaderElection (LeaderElection.java:askForVotes(178)) - 140d7c2d-6527-405c-b465-1b1d8cb4b4a3@group-D977F4B4ECA5-LeaderElection3: begin an election at term 1 for -1: [140d7c2d-6527-405c-b465-1b1d8cb4b4a3:192.168.151.83:37221], old=null
2019-10-08 03:42:27,725 [140d7c2d-6527-405c-b465-1b1d8cb4b4a3@group-D977F4B4ECA5-LeaderElection3] INFO  impl.RoleInfo (RoleInfo.java:shutdownLeaderElection(134)) - 140d7c2d-6527-405c-b465-1b1d8cb4b4a3: shutdown LeaderElection
2019-10-08 03:42:27,725 [140d7c2d-6527-405c-b465-1b1d8cb4b4a3@group-D977F4B4ECA5-LeaderElection3] INFO  impl.RaftServerImpl (RaftServerImpl.java:setRole(170)) - 140d7c2d-6527-405c-b465-1b1d8cb4b4a3@group-D977F4B4ECA5: changes role from CANDIDATE to LEADER at term 1 for changeToLeader
2019-10-08 03:42:27,725 [140d7c2d-6527-405c-b465-1b1d8cb4b4a3@group-D977F4B4ECA5-LeaderElection3] INFO  impl.RaftServerImpl (ServerState.java:setLeader(255)) - 140d7c2d-6527-405c-b465-1b1d8cb4b4a3@group-D977F4B4ECA5: change Leader from null to 140d7c2d-6527-405c-b465-1b1d8cb4b4a3 at term 1 for becomeLeader, leader elected after 5061ms
2019-10-08 03:42:27,727 [140d7c2d-6527-405c-b465-1b1d8cb4b4a3@group-D977F4B4ECA5-LeaderElection3] INFO  server.RaftServerConfigKeys (ConfUtils.java:logGet(43)) - raft.server.staging.catchup.gap = 1000 (default)
2019-10-08 03:42:27,727 [140d7c2d-6527-405c-b465-1b1d8cb4b4a3@group-D977F4B4ECA5-LeaderElection3] INFO  server.RaftServerConfigKeys (ConfUtils.java:logGet(43)) - raft.server.rpc.sleep.time = 25ms (default)
2019-10-08 03:42:27,728 [140d7c2d-6527-405c-b465-1b1d8cb4b4a3@group-D977F4B4ECA5-LeaderElection3] INFO  server.RaftServerConfigKeys (ConfUtils.java:logGet(43)) - raft.server.write.element-limit = 4096 (default)
2019-10-08 03:42:27,728 [140d7c2d-6527-405c-b465-1b1d8cb4b4a3@group-D977F4B4ECA5-LeaderElection3] INFO  server.RaftServerConfigKeys (ConfUtils.java:logGet(43)) - raft.server.watch.timeout = 10s (default)
2019-10-08 03:42:27,728 [140d7c2d-6527-405c-b465-1b1d8cb4b4a3@group-D977F4B4ECA5-LeaderElection3] INFO  server.RaftServerConfigKeys (ConfUtils.java:logGet(43)) - raft.server.watch.timeout.denomination = 1s (default)
2019-10-08 03:42:27,728 [140d7c2d-6527-405c-b465-1b1d8cb4b4a3@group-D977F4B4ECA5-LeaderElection3] INFO  server.RaftServerConfigKeys (ConfUtils.java:logGet(43)) - raft.server.watch.element-limit = 65536 (default)
2019-10-08 03:42:27,733 [140d7c2d-6527-405c-b465-1b1d8cb4b4a3@group-D977F4B4ECA5-LeaderElection3] INFO  impl.RoleInfo (RoleInfo.java:updateAndGet(143)) - 140d7c2d-6527-405c-b465-1b1d8cb4b4a3: start LeaderState
2019-10-08 03:42:27,733 [140d7c2d-6527-405c-b465-1b1d8cb4b4a3@group-D977F4B4ECA5-LeaderElection3] INFO  segmented.SegmentedRaftLogWorker (SegmentedRaftLogWorker.java:startLogSegment(385)) - 140d7c2d-6527-405c-b465-1b1d8cb4b4a3@group-D977F4B4ECA5-SegmentedRaftLogWorker: Starting segment from index:0
2019-10-08 03:42:27,734 [140d7c2d-6527-405c-b465-1b1d8cb4b4a3@group-D977F4B4ECA5-LeaderElection3] INFO  impl.RaftServerImpl (ServerState.java:setRaftConf(356)) - 140d7c2d-6527-405c-b465-1b1d8cb4b4a3@group-D977F4B4ECA5: set configuration 0: [140d7c2d-6527-405c-b465-1b1d8cb4b4a3:192.168.151.83:37221], old=null at 0
2019-10-08 03:42:27,775 [Thread-246] INFO  impl.FollowerState (FollowerState.java:run(108)) - 04caef7c-ddb6-4702-809f-1a73204ea274@group-4857A8285DD7-FollowerState: change to CANDIDATE, lastRpcTime:5198ms, electionTimeout:5177ms
2019-10-08 03:42:27,775 [Thread-246] INFO  impl.RoleInfo (RoleInfo.java:shutdownFollowerState(121)) - 04caef7c-ddb6-4702-809f-1a73204ea274: shutdown FollowerState
2019-10-08 03:42:27,775 [Thread-246] INFO  impl.RaftServerImpl (RaftServerImpl.java:setRole(170)) - 04caef7c-ddb6-4702-809f-1a73204ea274@group-4857A8285DD7: changes role from  FOLLOWER to CANDIDATE at term 0 for changeToCandidate
2019-10-08 03:42:27,780 [Thread-246] INFO  impl.RoleInfo (RoleInfo.java:updateAndGet(143)) - 04caef7c-ddb6-4702-809f-1a73204ea274: start LeaderElection
2019-10-08 03:42:27,787 [140d7c2d-6527-405c-b465-1b1d8cb4b4a3@group-D977F4B4ECA5-SegmentedRaftLogWorker] INFO  segmented.SegmentedRaftLogWorker (SegmentedRaftLogWorker.java:execute(574)) - 140d7c2d-6527-405c-b465-1b1d8cb4b4a3@group-D977F4B4ECA5-SegmentedRaftLogWorker: created new log segment /workdir/hadoop-ozone/integration-test/target/test-dir/MiniOzoneClusterImpl-803a9bc2-2fef-4080-b053-fc887ab92aa0/datanode-5/data/ratis/9fe47071-ab74-4573-8e8a-d977f4b4eca5/current/log_inprogress_0
2019-10-08 03:42:27,788 [04caef7c-ddb6-4702-809f-1a73204ea274@group-4857A8285DD7-LeaderElection4] INFO  impl.LeaderElection (LeaderElection.java:askForVotes(178)) - 04caef7c-ddb6-4702-809f-1a73204ea274@group-4857A8285DD7-LeaderElection4: begin an election at term 1 for -1: [04caef7c-ddb6-4702-809f-1a73204ea274:192.168.151.83:39172], old=null
2019-10-08 03:42:27,788 [04caef7c-ddb6-4702-809f-1a73204ea274@group-4857A8285DD7-LeaderElection4] INFO  impl.RoleInfo (RoleInfo.java:shutdownLeaderElection(134)) - 04caef7c-ddb6-4702-809f-1a73204ea274: shutdown LeaderElection
2019-10-08 03:42:27,788 [04caef7c-ddb6-4702-809f-1a73204ea274@group-4857A8285DD7-LeaderElection4] INFO  impl.RaftServerImpl (RaftServerImpl.java:setRole(170)) - 04caef7c-ddb6-4702-809f-1a73204ea274@group-4857A8285DD7: changes role from CANDIDATE to LEADER at term 1 for changeToLeader
2019-10-08 03:42:27,788 [04caef7c-ddb6-4702-809f-1a73204ea274@group-4857A8285DD7-LeaderElection4] INFO  impl.RaftServerImpl (ServerState.java:setLeader(255)) - 04caef7c-ddb6-4702-809f-1a73204ea274@group-4857A8285DD7: change Leader from null to 04caef7c-ddb6-4702-809f-1a73204ea274 at term 1 for becomeLeader, leader elected after 5269ms
2019-10-08 03:42:27,792 [04caef7c-ddb6-4702-809f-1a73204ea274@group-4857A8285DD7-LeaderElection4] INFO  server.RaftServerConfigKeys (ConfUtils.java:logGet(43)) - raft.server.staging.catchup.gap = 1000 (default)
2019-10-08 03:42:27,792 [04caef7c-ddb6-4702-809f-1a73204ea274@group-4857A8285DD7-LeaderElection4] INFO  server.RaftServerConfigKeys (ConfUtils.java:logGet(43)) - raft.server.rpc.sleep.time = 25ms (default)
2019-10-08 03:42:27,792 [04caef7c-ddb6-4702-809f-1a73204ea274@group-4857A8285DD7-LeaderElection4] INFO  server.RaftServerConfigKeys (ConfUtils.java:logGet(43)) - raft.server.write.element-limit = 4096 (default)
2019-10-08 03:42:27,792 [04caef7c-ddb6-4702-809f-1a73204ea274@group-4857A8285DD7-LeaderElection4] INFO  server.RaftServerConfigKeys (ConfUtils.java:logGet(43)) - raft.server.watch.timeout = 10s (default)
2019-10-08 03:42:27,792 [04caef7c-ddb6-4702-809f-1a73204ea274@group-4857A8285DD7-LeaderElection4] INFO  server.RaftServerConfigKeys (ConfUtils.java:logGet(43)) - raft.server.watch.timeout.denomination = 1s (default)
2019-10-08 03:42:27,793 [04caef7c-ddb6-4702-809f-1a73204ea274@group-4857A8285DD7-LeaderElection4] INFO  server.RaftServerConfigKeys (ConfUtils.java:logGet(43)) - raft.server.watch.element-limit = 65536 (default)
2019-10-08 03:42:27,809 [04caef7c-ddb6-4702-809f-1a73204ea274@group-4857A8285DD7-LeaderElection4] INFO  impl.RoleInfo (RoleInfo.java:updateAndGet(143)) - 04caef7c-ddb6-4702-809f-1a73204ea274: start LeaderState
2019-10-08 03:42:27,811 [04caef7c-ddb6-4702-809f-1a73204ea274@group-4857A8285DD7-LeaderElection4] INFO  segmented.SegmentedRaftLogWorker (SegmentedRaftLogWorker.java:startLogSegment(385)) - 04caef7c-ddb6-4702-809f-1a73204ea274@group-4857A8285DD7-SegmentedRaftLogWorker: Starting segment from index:0
2019-10-08 03:42:27,812 [04caef7c-ddb6-4702-809f-1a73204ea274@group-4857A8285DD7-LeaderElection4] INFO  impl.RaftServerImpl (ServerState.java:setRaftConf(356)) - 04caef7c-ddb6-4702-809f-1a73204ea274@group-4857A8285DD7: set configuration 0: [04caef7c-ddb6-4702-809f-1a73204ea274:192.168.151.83:39172], old=null at 0
2019-10-08 03:42:27,858 [Thread-252] INFO  impl.FollowerState (FollowerState.java:run(108)) - 577faf7f-deb6-4506-8e99-75f39047aeab@group-1B9FB895418B-FollowerState: change to CANDIDATE, lastRpcTime:5074ms, electionTimeout:5048ms
2019-10-08 03:42:27,858 [Thread-252] INFO  impl.RoleInfo (RoleInfo.java:shutdownFollowerState(121)) - 577faf7f-deb6-4506-8e99-75f39047aeab: shutdown FollowerState
2019-10-08 03:42:27,858 [Thread-252] INFO  impl.RaftServerImpl (RaftServerImpl.java:setRole(170)) - 577faf7f-deb6-4506-8e99-75f39047aeab@group-1B9FB895418B: changes role from  FOLLOWER to CANDIDATE at term 0 for changeToCandidate
2019-10-08 03:42:27,858 [Thread-252] INFO  impl.RoleInfo (RoleInfo.java:updateAndGet(143)) - 577faf7f-deb6-4506-8e99-75f39047aeab: start LeaderElection
2019-10-08 03:42:27,871 [04caef7c-ddb6-4702-809f-1a73204ea274@group-4857A8285DD7-SegmentedRaftLogWorker] INFO  segmented.SegmentedRaftLogWorker (SegmentedRaftLogWorker.java:execute(574)) - 04caef7c-ddb6-4702-809f-1a73204ea274@group-4857A8285DD7-SegmentedRaftLogWorker: created new log segment /workdir/hadoop-ozone/integration-test/target/test-dir/MiniOzoneClusterImpl-803a9bc2-2fef-4080-b053-fc887ab92aa0/datanode-4/data/ratis/d3cbb526-6ec6-42d9-a64b-4857a8285dd7/current/log_inprogress_0
2019-10-08 03:42:27,871 [577faf7f-deb6-4506-8e99-75f39047aeab@group-1B9FB895418B-LeaderElection5] INFO  impl.LeaderElection (LeaderElection.java:askForVotes(178)) - 577faf7f-deb6-4506-8e99-75f39047aeab@group-1B9FB895418B-LeaderElection5: begin an election at term 1 for -1: [577faf7f-deb6-4506-8e99-75f39047aeab:192.168.151.83:41804], old=null
2019-10-08 03:42:27,871 [577faf7f-deb6-4506-8e99-75f39047aeab@group-1B9FB895418B-LeaderElection5] INFO  impl.RoleInfo (RoleInfo.java:shutdownLeaderElection(134)) - 577faf7f-deb6-4506-8e99-75f39047aeab: shutdown LeaderElection
2019-10-08 03:42:27,871 [577faf7f-deb6-4506-8e99-75f39047aeab@group-1B9FB895418B-LeaderElection5] INFO  impl.RaftServerImpl (RaftServerImpl.java:setRole(170)) - 577faf7f-deb6-4506-8e99-75f39047aeab@group-1B9FB895418B: changes role from CANDIDATE to LEADER at term 1 for changeToLeader
2019-10-08 03:42:27,872 [577faf7f-deb6-4506-8e99-75f39047aeab@group-1B9FB895418B-LeaderElection5] INFO  impl.RaftServerImpl (ServerState.java:setLeader(255)) - 577faf7f-deb6-4506-8e99-75f39047aeab@group-1B9FB895418B: change Leader from null to 577faf7f-deb6-4506-8e99-75f39047aeab at term 1 for becomeLeader, leader elected after 5100ms
2019-10-08 03:42:27,874 [577faf7f-deb6-4506-8e99-75f39047aeab@group-1B9FB895418B-LeaderElection5] INFO  server.RaftServerConfigKeys (ConfUtils.java:logGet(43)) - raft.server.staging.catchup.gap = 1000 (default)
2019-10-08 03:42:27,874 [577faf7f-deb6-4506-8e99-75f39047aeab@group-1B9FB895418B-LeaderElection5] INFO  server.RaftServerConfigKeys (ConfUtils.java:logGet(43)) - raft.server.rpc.sleep.time = 25ms (default)
2019-10-08 03:42:27,874 [577faf7f-deb6-4506-8e99-75f39047aeab@group-1B9FB895418B-LeaderElection5] INFO  server.RaftServerConfigKeys (ConfUtils.java:logGet(43)) - raft.server.write.element-limit = 4096 (default)
2019-10-08 03:42:27,874 [577faf7f-deb6-4506-8e99-75f39047aeab@group-1B9FB895418B-LeaderElection5] INFO  server.RaftServerConfigKeys (ConfUtils.java:logGet(43)) - raft.server.watch.timeout = 10s (default)
2019-10-08 03:42:27,874 [577faf7f-deb6-4506-8e99-75f39047aeab@group-1B9FB895418B-LeaderElection5] INFO  server.RaftServerConfigKeys (ConfUtils.java:logGet(43)) - raft.server.watch.timeout.denomination = 1s (default)
2019-10-08 03:42:27,874 [577faf7f-deb6-4506-8e99-75f39047aeab@group-1B9FB895418B-LeaderElection5] INFO  server.RaftServerConfigKeys (ConfUtils.java:logGet(43)) - raft.server.watch.element-limit = 65536 (default)
2019-10-08 03:42:27,878 [577faf7f-deb6-4506-8e99-75f39047aeab@group-1B9FB895418B-LeaderElection5] INFO  impl.RoleInfo (RoleInfo.java:updateAndGet(143)) - 577faf7f-deb6-4506-8e99-75f39047aeab: start LeaderState
2019-10-08 03:42:27,878 [577faf7f-deb6-4506-8e99-75f39047aeab@group-1B9FB895418B-LeaderElection5] INFO  segmented.SegmentedRaftLogWorker (SegmentedRaftLogWorker.java:startLogSegment(385)) - 577faf7f-deb6-4506-8e99-75f39047aeab@group-1B9FB895418B-SegmentedRaftLogWorker: Starting segment from index:0
2019-10-08 03:42:27,879 [577faf7f-deb6-4506-8e99-75f39047aeab@group-1B9FB895418B-LeaderElection5] INFO  impl.RaftServerImpl (ServerState.java:setRaftConf(356)) - 577faf7f-deb6-4506-8e99-75f39047aeab@group-1B9FB895418B: set configuration 0: [577faf7f-deb6-4506-8e99-75f39047aeab:192.168.151.83:41804], old=null at 0
2019-10-08 03:42:27,931 [577faf7f-deb6-4506-8e99-75f39047aeab@group-1B9FB895418B-SegmentedRaftLogWorker] INFO  segmented.SegmentedRaftLogWorker (SegmentedRaftLogWorker.java:execute(574)) - 577faf7f-deb6-4506-8e99-75f39047aeab@group-1B9FB895418B-SegmentedRaftLogWorker: created new log segment /workdir/hadoop-ozone/integration-test/target/test-dir/MiniOzoneClusterImpl-803a9bc2-2fef-4080-b053-fc887ab92aa0/datanode-3/data/ratis/d8c4f5fa-d9d7-4da0-96c7-1b9fb895418b/current/log_inprogress_0
2019-10-08 03:42:28,016 [Thread-255] INFO  impl.FollowerState (FollowerState.java:run(108)) - e55dc74a-5508-43f4-ba5a-e1e75e0afb35@group-E10F35F715A9-FollowerState: change to CANDIDATE, lastRpcTime:5125ms, electionTimeout:5125ms
2019-10-08 03:42:28,017 [Thread-255] INFO  impl.RoleInfo (RoleInfo.java:shutdownFollowerState(121)) - e55dc74a-5508-43f4-ba5a-e1e75e0afb35: shutdown FollowerState
2019-10-08 03:42:28,017 [Thread-255] INFO  impl.RaftServerImpl (RaftServerImpl.java:setRole(170)) - e55dc74a-5508-43f4-ba5a-e1e75e0afb35@group-E10F35F715A9: changes role from  FOLLOWER to CANDIDATE at term 0 for changeToCandidate
2019-10-08 03:42:28,017 [Thread-255] INFO  impl.RoleInfo (RoleInfo.java:updateAndGet(143)) - e55dc74a-5508-43f4-ba5a-e1e75e0afb35: start LeaderElection
2019-10-08 03:42:28,034 [e55dc74a-5508-43f4-ba5a-e1e75e0afb35@group-E10F35F715A9-LeaderElection6] INFO  impl.LeaderElection (LeaderElection.java:askForVotes(178)) - e55dc74a-5508-43f4-ba5a-e1e75e0afb35@group-E10F35F715A9-LeaderElection6: begin an election at term 1 for -1: [e55dc74a-5508-43f4-ba5a-e1e75e0afb35:192.168.151.83:38050], old=null
2019-10-08 03:42:28,034 [e55dc74a-5508-43f4-ba5a-e1e75e0afb35@group-E10F35F715A9-LeaderElection6] INFO  impl.RoleInfo (RoleInfo.java:shutdownLeaderElection(134)) - e55dc74a-5508-43f4-ba5a-e1e75e0afb35: shutdown LeaderElection
2019-10-08 03:42:28,034 [e55dc74a-5508-43f4-ba5a-e1e75e0afb35@group-E10F35F715A9-LeaderElection6] INFO  impl.RaftServerImpl (RaftServerImpl.java:setRole(170)) - e55dc74a-5508-43f4-ba5a-e1e75e0afb35@group-E10F35F715A9: changes role from CANDIDATE to LEADER at term 1 for changeToLeader
2019-10-08 03:42:28,034 [e55dc74a-5508-43f4-ba5a-e1e75e0afb35@group-E10F35F715A9-LeaderElection6] INFO  impl.RaftServerImpl (ServerState.java:setLeader(255)) - e55dc74a-5508-43f4-ba5a-e1e75e0afb35@group-E10F35F715A9: change Leader from null to e55dc74a-5508-43f4-ba5a-e1e75e0afb35 at term 1 for becomeLeader, leader elected after 5159ms
2019-10-08 03:42:28,035 [e55dc74a-5508-43f4-ba5a-e1e75e0afb35@group-E10F35F715A9-LeaderElection6] INFO  server.RaftServerConfigKeys (ConfUtils.java:logGet(43)) - raft.server.staging.catchup.gap = 1000 (default)
2019-10-08 03:42:28,036 [e55dc74a-5508-43f4-ba5a-e1e75e0afb35@group-E10F35F715A9-LeaderElection6] INFO  server.RaftServerConfigKeys (ConfUtils.java:logGet(43)) - raft.server.rpc.sleep.time = 25ms (default)
2019-10-08 03:42:28,036 [e55dc74a-5508-43f4-ba5a-e1e75e0afb35@group-E10F35F715A9-LeaderElection6] INFO  server.RaftServerConfigKeys (ConfUtils.java:logGet(43)) - raft.server.write.element-limit = 4096 (default)
2019-10-08 03:42:28,036 [e55dc74a-5508-43f4-ba5a-e1e75e0afb35@group-E10F35F715A9-LeaderElection6] INFO  server.RaftServerConfigKeys (ConfUtils.java:logGet(43)) - raft.server.watch.timeout = 10s (default)
2019-10-08 03:42:28,036 [e55dc74a-5508-43f4-ba5a-e1e75e0afb35@group-E10F35F715A9-LeaderElection6] INFO  server.RaftServerConfigKeys (ConfUtils.java:logGet(43)) - raft.server.watch.timeout.denomination = 1s (default)
2019-10-08 03:42:28,036 [e55dc74a-5508-43f4-ba5a-e1e75e0afb35@group-E10F35F715A9-LeaderElection6] INFO  server.RaftServerConfigKeys (ConfUtils.java:logGet(43)) - raft.server.watch.element-limit = 65536 (default)
2019-10-08 03:42:28,038 [e55dc74a-5508-43f4-ba5a-e1e75e0afb35@group-E10F35F715A9-LeaderElection6] INFO  impl.RoleInfo (RoleInfo.java:updateAndGet(143)) - e55dc74a-5508-43f4-ba5a-e1e75e0afb35: start LeaderState
2019-10-08 03:42:28,039 [e55dc74a-5508-43f4-ba5a-e1e75e0afb35@group-E10F35F715A9-LeaderElection6] INFO  segmented.SegmentedRaftLogWorker (SegmentedRaftLogWorker.java:startLogSegment(385)) - e55dc74a-5508-43f4-ba5a-e1e75e0afb35@group-E10F35F715A9-SegmentedRaftLogWorker: Starting segment from index:0
2019-10-08 03:42:28,039 [e55dc74a-5508-43f4-ba5a-e1e75e0afb35@group-E10F35F715A9-LeaderElection6] INFO  impl.RaftServerImpl (ServerState.java:setRaftConf(356)) - e55dc74a-5508-43f4-ba5a-e1e75e0afb35@group-E10F35F715A9: set configuration 0: [e55dc74a-5508-43f4-ba5a-e1e75e0afb35:192.168.151.83:38050], old=null at 0
2019-10-08 03:42:28,064 [Thread-258] INFO  impl.FollowerState (FollowerState.java:run(108)) - 25c5b0e6-4311-43a0-b544-52b56a20287f@group-3274451B44B0-FollowerState: change to CANDIDATE, lastRpcTime:5085ms, electionTimeout:5077ms
2019-10-08 03:42:28,064 [Thread-258] INFO  impl.RoleInfo (RoleInfo.java:shutdownFollowerState(121)) - 25c5b0e6-4311-43a0-b544-52b56a20287f: shutdown FollowerState
2019-10-08 03:42:28,065 [Thread-258] INFO  impl.RaftServerImpl (RaftServerImpl.java:setRole(170)) - 25c5b0e6-4311-43a0-b544-52b56a20287f@group-3274451B44B0: changes role from  FOLLOWER to CANDIDATE at term 0 for changeToCandidate
2019-10-08 03:42:28,065 [Thread-258] INFO  impl.RoleInfo (RoleInfo.java:updateAndGet(143)) - 25c5b0e6-4311-43a0-b544-52b56a20287f: start LeaderElection
2019-10-08 03:42:28,077 [e55dc74a-5508-43f4-ba5a-e1e75e0afb35@group-E10F35F715A9-SegmentedRaftLogWorker] INFO  segmented.SegmentedRaftLogWorker (SegmentedRaftLogWorker.java:execute(574)) - e55dc74a-5508-43f4-ba5a-e1e75e0afb35@group-E10F35F715A9-SegmentedRaftLogWorker: created new log segment /workdir/hadoop-ozone/integration-test/target/test-dir/MiniOzoneClusterImpl-803a9bc2-2fef-4080-b053-fc887ab92aa0/datanode-6/data/ratis/146f4890-2f84-425a-ab8e-e10f35f715a9/current/log_inprogress_0
2019-10-08 03:42:28,077 [25c5b0e6-4311-43a0-b544-52b56a20287f@group-3274451B44B0-LeaderElection7] INFO  impl.LeaderElection (LeaderElection.java:askForVotes(178)) - 25c5b0e6-4311-43a0-b544-52b56a20287f@group-3274451B44B0-LeaderElection7: begin an election at term 1 for -1: [25c5b0e6-4311-43a0-b544-52b56a20287f:192.168.151.83:45813], old=null
2019-10-08 03:42:28,083 [25c5b0e6-4311-43a0-b544-52b56a20287f@group-3274451B44B0-LeaderElection7] INFO  impl.RoleInfo (RoleInfo.java:shutdownLeaderElection(134)) - 25c5b0e6-4311-43a0-b544-52b56a20287f: shutdown LeaderElection
2019-10-08 03:42:28,083 [25c5b0e6-4311-43a0-b544-52b56a20287f@group-3274451B44B0-LeaderElection7] INFO  impl.RaftServerImpl (RaftServerImpl.java:setRole(170)) - 25c5b0e6-4311-43a0-b544-52b56a20287f@group-3274451B44B0: changes role from CANDIDATE to LEADER at term 1 for changeToLeader
2019-10-08 03:42:28,083 [25c5b0e6-4311-43a0-b544-52b56a20287f@group-3274451B44B0-LeaderElection7] INFO  impl.RaftServerImpl (ServerState.java:setLeader(255)) - 25c5b0e6-4311-43a0-b544-52b56a20287f@group-3274451B44B0: change Leader from null to 25c5b0e6-4311-43a0-b544-52b56a20287f at term 1 for becomeLeader, leader elected after 5117ms
2019-10-08 03:42:28,085 [25c5b0e6-4311-43a0-b544-52b56a20287f@group-3274451B44B0-LeaderElection7] INFO  server.RaftServerConfigKeys (ConfUtils.java:logGet(43)) - raft.server.staging.catchup.gap = 1000 (default)
2019-10-08 03:42:28,086 [25c5b0e6-4311-43a0-b544-52b56a20287f@group-3274451B44B0-LeaderElection7] INFO  server.RaftServerConfigKeys (ConfUtils.java:logGet(43)) - raft.server.rpc.sleep.time = 25ms (default)
2019-10-08 03:42:28,086 [25c5b0e6-4311-43a0-b544-52b56a20287f@group-3274451B44B0-LeaderElection7] INFO  server.RaftServerConfigKeys (ConfUtils.java:logGet(43)) - raft.server.write.element-limit = 4096 (default)
2019-10-08 03:42:28,086 [25c5b0e6-4311-43a0-b544-52b56a20287f@group-3274451B44B0-LeaderElection7] INFO  server.RaftServerConfigKeys (ConfUtils.java:logGet(43)) - raft.server.watch.timeout = 10s (default)
2019-10-08 03:42:28,086 [25c5b0e6-4311-43a0-b544-52b56a20287f@group-3274451B44B0-LeaderElection7] INFO  server.RaftServerConfigKeys (ConfUtils.java:logGet(43)) - raft.server.watch.timeout.denomination = 1s (default)
2019-10-08 03:42:28,086 [25c5b0e6-4311-43a0-b544-52b56a20287f@group-3274451B44B0-LeaderElection7] INFO  server.RaftServerConfigKeys (ConfUtils.java:logGet(43)) - raft.server.watch.element-limit = 65536 (default)
2019-10-08 03:42:28,088 [25c5b0e6-4311-43a0-b544-52b56a20287f@group-3274451B44B0-LeaderElection7] INFO  impl.RoleInfo (RoleInfo.java:updateAndGet(143)) - 25c5b0e6-4311-43a0-b544-52b56a20287f: start LeaderState
2019-10-08 03:42:28,089 [25c5b0e6-4311-43a0-b544-52b56a20287f@group-3274451B44B0-LeaderElection7] INFO  segmented.SegmentedRaftLogWorker (SegmentedRaftLogWorker.java:startLogSegment(385)) - 25c5b0e6-4311-43a0-b544-52b56a20287f@group-3274451B44B0-SegmentedRaftLogWorker: Starting segment from index:0
2019-10-08 03:42:28,089 [25c5b0e6-4311-43a0-b544-52b56a20287f@group-3274451B44B0-LeaderElection7] INFO  impl.RaftServerImpl (ServerState.java:setRaftConf(356)) - 25c5b0e6-4311-43a0-b544-52b56a20287f@group-3274451B44B0: set configuration 0: [25c5b0e6-4311-43a0-b544-52b56a20287f:192.168.151.83:45813], old=null at 0
2019-10-08 03:42:28,140 [25c5b0e6-4311-43a0-b544-52b56a20287f@group-3274451B44B0-SegmentedRaftLogWorker] INFO  segmented.SegmentedRaftLogWorker (SegmentedRaftLogWorker.java:execute(574)) - 25c5b0e6-4311-43a0-b544-52b56a20287f@group-3274451B44B0-SegmentedRaftLogWorker: created new log segment /workdir/hadoop-ozone/integration-test/target/test-dir/MiniOzoneClusterImpl-803a9bc2-2fef-4080-b053-fc887ab92aa0/datanode-2/data/ratis/5764dd09-dff9-49d9-820a-3274451b44b0/current/log_inprogress_0
2019-10-08 03:42:28,158 [Thread-265] INFO  impl.FollowerState (FollowerState.java:run(108)) - 140d7c2d-6527-405c-b465-1b1d8cb4b4a3@group-99A017148508-FollowerState: change to CANDIDATE, lastRpcTime:5059ms, electionTimeout:5059ms
2019-10-08 03:42:28,158 [Thread-265] INFO  impl.RoleInfo (RoleInfo.java:shutdownFollowerState(121)) - 140d7c2d-6527-405c-b465-1b1d8cb4b4a3: shutdown FollowerState
2019-10-08 03:42:28,158 [Thread-265] INFO  impl.RaftServerImpl (RaftServerImpl.java:setRole(170)) - 140d7c2d-6527-405c-b465-1b1d8cb4b4a3@group-99A017148508: changes role from  FOLLOWER to CANDIDATE at term 0 for changeToCandidate
2019-10-08 03:42:28,158 [Thread-265] INFO  impl.RoleInfo (RoleInfo.java:updateAndGet(143)) - 140d7c2d-6527-405c-b465-1b1d8cb4b4a3: start LeaderElection
2019-10-08 03:42:28,177 [140d7c2d-6527-405c-b465-1b1d8cb4b4a3@group-99A017148508-LeaderElection8] INFO  impl.LeaderElection (LeaderElection.java:askForVotes(178)) - 140d7c2d-6527-405c-b465-1b1d8cb4b4a3@group-99A017148508-LeaderElection8: begin an election at term 1 for -1: [04caef7c-ddb6-4702-809f-1a73204ea274:192.168.151.83:39172, 140d7c2d-6527-405c-b465-1b1d8cb4b4a3:192.168.151.83:37221, 0d9c9caf-a10d-4dbf-84ca-13e0af47996f:192.168.151.83:34616], old=null
2019-10-08 03:42:28,193 [Thread-263] INFO  impl.FollowerState (FollowerState.java:run(108)) - 0d9c9caf-a10d-4dbf-84ca-13e0af47996f@group-99A017148508-FollowerState: change to CANDIDATE, lastRpcTime:5101ms, electionTimeout:5100ms
2019-10-08 03:42:28,194 [Thread-263] INFO  impl.RoleInfo (RoleInfo.java:shutdownFollowerState(121)) - 0d9c9caf-a10d-4dbf-84ca-13e0af47996f: shutdown FollowerState
2019-10-08 03:42:28,194 [Thread-263] INFO  impl.RaftServerImpl (RaftServerImpl.java:setRole(170)) - 0d9c9caf-a10d-4dbf-84ca-13e0af47996f@group-99A017148508: changes role from  FOLLOWER to CANDIDATE at term 0 for changeToCandidate
2019-10-08 03:42:28,194 [Thread-263] INFO  impl.RoleInfo (RoleInfo.java:updateAndGet(143)) - 0d9c9caf-a10d-4dbf-84ca-13e0af47996f: start LeaderElection
2019-10-08 03:42:28,213 [grpc-default-executor-1] INFO  impl.RaftServerImpl (RaftServerImpl.java:setRole(170)) - 04caef7c-ddb6-4702-809f-1a73204ea274@group-99A017148508: changes role from  FOLLOWER to FOLLOWER at term 1 for recognizeCandidate:140d7c2d-6527-405c-b465-1b1d8cb4b4a3
2019-10-08 03:42:28,213 [grpc-default-executor-1] INFO  impl.RoleInfo (RoleInfo.java:shutdownFollowerState(121)) - 04caef7c-ddb6-4702-809f-1a73204ea274: shutdown FollowerState
2019-10-08 03:42:28,213 [grpc-default-executor-1] INFO  impl.RoleInfo (RoleInfo.java:updateAndGet(143)) - 04caef7c-ddb6-4702-809f-1a73204ea274: start FollowerState
2019-10-08 03:42:28,213 [0d9c9caf-a10d-4dbf-84ca-13e0af47996f@group-99A017148508-LeaderElection9] INFO  impl.LeaderElection (LeaderElection.java:askForVotes(178)) - 0d9c9caf-a10d-4dbf-84ca-13e0af47996f@group-99A017148508-LeaderElection9: begin an election at term 1 for -1: [04caef7c-ddb6-4702-809f-1a73204ea274:192.168.151.83:39172, 140d7c2d-6527-405c-b465-1b1d8cb4b4a3:192.168.151.83:37221, 0d9c9caf-a10d-4dbf-84ca-13e0af47996f:192.168.151.83:34616], old=null
2019-10-08 03:42:28,213 [Thread-264] INFO  impl.FollowerState (FollowerState.java:run(117)) - 04caef7c-ddb6-4702-809f-1a73204ea274@group-99A017148508-FollowerState was interrupted: java.lang.InterruptedException: sleep interrupted
2019-10-08 03:42:28,231 [Thread-274] INFO  impl.FollowerState (FollowerState.java:run(108)) - 577faf7f-deb6-4506-8e99-75f39047aeab@group-317885D50A8B-FollowerState: change to CANDIDATE, lastRpcTime:5003ms, electionTimeout:5000ms
2019-10-08 03:42:28,232 [Thread-274] INFO  impl.RoleInfo (RoleInfo.java:shutdownFollowerState(121)) - 577faf7f-deb6-4506-8e99-75f39047aeab: shutdown FollowerState
2019-10-08 03:42:28,234 [Thread-274] INFO  impl.RaftServerImpl (RaftServerImpl.java:setRole(170)) - 577faf7f-deb6-4506-8e99-75f39047aeab@group-317885D50A8B: changes role from  FOLLOWER to CANDIDATE at term 0 for changeToCandidate
2019-10-08 03:42:28,234 [Thread-274] INFO  impl.RoleInfo (RoleInfo.java:updateAndGet(143)) - 577faf7f-deb6-4506-8e99-75f39047aeab: start LeaderElection
2019-10-08 03:42:28,247 [577faf7f-deb6-4506-8e99-75f39047aeab@group-317885D50A8B-LeaderElection10] INFO  impl.LeaderElection (LeaderElection.java:askForVotes(178)) - 577faf7f-deb6-4506-8e99-75f39047aeab@group-317885D50A8B-LeaderElection10: begin an election at term 1 for -1: [e55dc74a-5508-43f4-ba5a-e1e75e0afb35:192.168.151.83:38050, 655e713e-f432-49c6-be02-8424905dac44:192.168.151.83:45232, 577faf7f-deb6-4506-8e99-75f39047aeab:192.168.151.83:41804], old=null
2019-10-08 03:42:28,266 [140d7c2d-6527-405c-b465-1b1d8cb4b4a3@group-99A017148508-LeaderElection8] INFO  impl.LeaderElection (LeaderElection.java:logAndReturn(56)) - 140d7c2d-6527-405c-b465-1b1d8cb4b4a3@group-99A017148508-LeaderElection8: Election PASSED; received 2 response(s) [140d7c2d-6527-405c-b465-1b1d8cb4b4a3<-04caef7c-ddb6-4702-809f-1a73204ea274#0:OK-t1, 140d7c2d-6527-405c-b465-1b1d8cb4b4a3<-0d9c9caf-a10d-4dbf-84ca-13e0af47996f#0:FAIL-t1] and 0 exception(s); 140d7c2d-6527-405c-b465-1b1d8cb4b4a3@group-99A017148508:t1, leader=null, voted=140d7c2d-6527-405c-b465-1b1d8cb4b4a3, raftlog=140d7c2d-6527-405c-b465-1b1d8cb4b4a3@group-99A017148508-SegmentedRaftLog:OPENED:c-1,f-1,i0, conf=-1: [04caef7c-ddb6-4702-809f-1a73204ea274:192.168.151.83:39172, 140d7c2d-6527-405c-b465-1b1d8cb4b4a3:192.168.151.83:37221, 0d9c9caf-a10d-4dbf-84ca-13e0af47996f:192.168.151.83:34616], old=null
2019-10-08 03:42:28,267 [140d7c2d-6527-405c-b465-1b1d8cb4b4a3@group-99A017148508-LeaderElection8] INFO  impl.RoleInfo (RoleInfo.java:shutdownLeaderElection(134)) - 140d7c2d-6527-405c-b465-1b1d8cb4b4a3: shutdown LeaderElection
2019-10-08 03:42:28,267 [140d7c2d-6527-405c-b465-1b1d8cb4b4a3@group-99A017148508-LeaderElection8] INFO  impl.RaftServerImpl (RaftServerImpl.java:setRole(170)) - 140d7c2d-6527-405c-b465-1b1d8cb4b4a3@group-99A017148508: changes role from CANDIDATE to LEADER at term 1 for changeToLeader
2019-10-08 03:42:28,270 [140d7c2d-6527-405c-b465-1b1d8cb4b4a3@group-99A017148508-LeaderElection8] INFO  impl.RaftServerImpl (ServerState.java:setLeader(255)) - 140d7c2d-6527-405c-b465-1b1d8cb4b4a3@group-99A017148508: change Leader from null to 140d7c2d-6527-405c-b465-1b1d8cb4b4a3 at term 1 for becomeLeader, leader elected after 5187ms
2019-10-08 03:42:28,270 [0d9c9caf-a10d-4dbf-84ca-13e0af47996f@group-99A017148508-LeaderElection9] INFO  impl.LeaderElection (LeaderElection.java:logAndReturn(56)) - 0d9c9caf-a10d-4dbf-84ca-13e0af47996f@group-99A017148508-LeaderElection9: Election REJECTED; received 2 response(s) [0d9c9caf-a10d-4dbf-84ca-13e0af47996f<-04caef7c-ddb6-4702-809f-1a73204ea274#0:FAIL-t1, 0d9c9caf-a10d-4dbf-84ca-13e0af47996f<-140d7c2d-6527-405c-b465-1b1d8cb4b4a3#0:FAIL-t1] and 0 exception(s); 0d9c9caf-a10d-4dbf-84ca-13e0af47996f@group-99A017148508:t1, leader=null, voted=0d9c9caf-a10d-4dbf-84ca-13e0af47996f, raftlog=0d9c9caf-a10d-4dbf-84ca-13e0af47996f@group-99A017148508-SegmentedRaftLog:OPENED:c-1,f-1,i0, conf=-1: [04caef7c-ddb6-4702-809f-1a73204ea274:192.168.151.83:39172, 140d7c2d-6527-405c-b465-1b1d8cb4b4a3:192.168.151.83:37221, 0d9c9caf-a10d-4dbf-84ca-13e0af47996f:192.168.151.83:34616], old=null
2019-10-08 03:42:28,270 [140d7c2d-6527-405c-b465-1b1d8cb4b4a3@group-99A017148508-LeaderElection8] INFO  server.RaftServerConfigKeys (ConfUtils.java:logGet(43)) - raft.server.staging.catchup.gap = 1000 (default)
2019-10-08 03:42:28,271 [140d7c2d-6527-405c-b465-1b1d8cb4b4a3@group-99A017148508-LeaderElection8] INFO  server.RaftServerConfigKeys (ConfUtils.java:logGet(43)) - raft.server.rpc.sleep.time = 25ms (default)
2019-10-08 03:42:28,271 [0d9c9caf-a10d-4dbf-84ca-13e0af47996f@group-99A017148508-LeaderElection9] INFO  impl.RaftServerImpl (RaftServerImpl.java:setRole(170)) - 0d9c9caf-a10d-4dbf-84ca-13e0af47996f@group-99A017148508: changes role from CANDIDATE to FOLLOWER at term 1 for DISCOVERED_A_NEW_TERM
2019-10-08 03:42:28,278 [0d9c9caf-a10d-4dbf-84ca-13e0af47996f@group-99A017148508-LeaderElection9] INFO  impl.RoleInfo (RoleInfo.java:shutdownLeaderElection(134)) - 0d9c9caf-a10d-4dbf-84ca-13e0af47996f: shutdown LeaderElection
2019-10-08 03:42:28,278 [140d7c2d-6527-405c-b465-1b1d8cb4b4a3@group-99A017148508-LeaderElection8] INFO  server.RaftServerConfigKeys (ConfUtils.java:logGet(43)) - raft.server.write.element-limit = 4096 (default)
2019-10-08 03:42:28,278 [0d9c9caf-a10d-4dbf-84ca-13e0af47996f@group-99A017148508-LeaderElection9] INFO  impl.RoleInfo (RoleInfo.java:updateAndGet(143)) - 0d9c9caf-a10d-4dbf-84ca-13e0af47996f: start FollowerState
2019-10-08 03:42:28,278 [140d7c2d-6527-405c-b465-1b1d8cb4b4a3@group-99A017148508-LeaderElection8] INFO  server.RaftServerConfigKeys (ConfUtils.java:logGet(43)) - raft.server.watch.timeout = 10s (default)
2019-10-08 03:42:28,279 [140d7c2d-6527-405c-b465-1b1d8cb4b4a3@group-99A017148508-LeaderElection8] INFO  server.RaftServerConfigKeys (ConfUtils.java:logGet(43)) - raft.server.watch.timeout.denomination = 1s (default)
2019-10-08 03:42:28,281 [140d7c2d-6527-405c-b465-1b1d8cb4b4a3@group-99A017148508-LeaderElection8] INFO  server.RaftServerConfigKeys (ConfUtils.java:logGet(43)) - raft.server.watch.element-limit = 65536 (default)
2019-10-08 03:42:28,286 [grpc-default-executor-3] INFO  impl.RaftServerImpl (RaftServerImpl.java:setRole(170)) - 655e713e-f432-49c6-be02-8424905dac44@group-317885D50A8B: changes role from  FOLLOWER to FOLLOWER at term 1 for recognizeCandidate:577faf7f-deb6-4506-8e99-75f39047aeab
2019-10-08 03:42:28,288 [grpc-default-executor-3] INFO  impl.RoleInfo (RoleInfo.java:shutdownFollowerState(121)) - 655e713e-f432-49c6-be02-8424905dac44: shutdown FollowerState
2019-10-08 03:42:28,288 [grpc-default-executor-3] INFO  impl.RoleInfo (RoleInfo.java:updateAndGet(143)) - 655e713e-f432-49c6-be02-8424905dac44: start FollowerState
2019-10-08 03:42:28,288 [grpc-default-executor-1] INFO  impl.RaftServerImpl (RaftServerImpl.java:setRole(170)) - e55dc74a-5508-43f4-ba5a-e1e75e0afb35@group-317885D50A8B: changes role from  FOLLOWER to FOLLOWER at term 1 for recognizeCandidate:577faf7f-deb6-4506-8e99-75f39047aeab
2019-10-08 03:42:28,288 [Thread-275] INFO  impl.FollowerState (FollowerState.java:run(117)) - 655e713e-f432-49c6-be02-8424905dac44@group-317885D50A8B-FollowerState was interrupted: java.lang.InterruptedException: sleep interrupted
2019-10-08 03:42:28,289 [grpc-default-executor-1] INFO  impl.RoleInfo (RoleInfo.java:shutdownFollowerState(121)) - e55dc74a-5508-43f4-ba5a-e1e75e0afb35: shutdown FollowerState
2019-10-08 03:42:28,293 [grpc-default-executor-1] INFO  impl.RoleInfo (RoleInfo.java:updateAndGet(143)) - e55dc74a-5508-43f4-ba5a-e1e75e0afb35: start FollowerState
2019-10-08 03:42:28,293 [140d7c2d-6527-405c-b465-1b1d8cb4b4a3@group-99A017148508-LeaderElection8] INFO  server.RaftServerConfigKeys (ConfUtils.java:logGet(43)) - raft.server.log.appender.snapshot.chunk.size.max = 16MB (=16777216) (default)
2019-10-08 03:42:28,293 [Thread-273] INFO  impl.FollowerState (FollowerState.java:run(117)) - e55dc74a-5508-43f4-ba5a-e1e75e0afb35@group-317885D50A8B-FollowerState was interrupted: java.lang.InterruptedException: sleep interrupted
2019-10-08 03:42:28,293 [140d7c2d-6527-405c-b465-1b1d8cb4b4a3@group-99A017148508-LeaderElection8] INFO  server.RaftServerConfigKeys (ConfUtils.java:logGet(43)) - raft.server.log.appender.buffer.byte-limit = 33554432 (custom)
2019-10-08 03:42:28,299 [140d7c2d-6527-405c-b465-1b1d8cb4b4a3@group-99A017148508-LeaderElection8] INFO  server.RaftServerConfigKeys (ConfUtils.java:logGet(43)) - raft.server.log.appender.buffer.element-limit = 1 (custom)
2019-10-08 03:42:28,302 [140d7c2d-6527-405c-b465-1b1d8cb4b4a3@group-99A017148508-LeaderElection8] INFO  grpc.GrpcConfigKeys$Server (ConfUtils.java:logGet(43)) - raft.grpc.server.leader.outstanding.appends.max = 128 (default)
2019-10-08 03:42:28,311 [140d7c2d-6527-405c-b465-1b1d8cb4b4a3@group-99A017148508-LeaderElection8] INFO  server.RaftServerConfigKeys (ConfUtils.java:logGet(43)) - raft.server.rpc.request.timeout = 3000ms (default)
2019-10-08 03:42:28,312 [140d7c2d-6527-405c-b465-1b1d8cb4b4a3@group-99A017148508-LeaderElection8] INFO  server.RaftServerConfigKeys (ConfUtils.java:logGet(43)) - raft.server.log.appender.install.snapshot.enabled = false (custom)
2019-10-08 03:42:28,313 [140d7c2d-6527-405c-b465-1b1d8cb4b4a3@group-99A017148508-LeaderElection8] INFO  server.RaftServerConfigKeys (ConfUtils.java:logGet(43)) - raft.server.log.appender.snapshot.chunk.size.max = 16MB (=16777216) (default)
2019-10-08 03:42:28,313 [140d7c2d-6527-405c-b465-1b1d8cb4b4a3@group-99A017148508-LeaderElection8] INFO  server.RaftServerConfigKeys (ConfUtils.java:logGet(43)) - raft.server.log.appender.buffer.byte-limit = 33554432 (custom)
2019-10-08 03:42:28,313 [140d7c2d-6527-405c-b465-1b1d8cb4b4a3@group-99A017148508-LeaderElection8] INFO  server.RaftServerConfigKeys (ConfUtils.java:logGet(43)) - raft.server.log.appender.buffer.element-limit = 1 (custom)
2019-10-08 03:42:28,313 [140d7c2d-6527-405c-b465-1b1d8cb4b4a3@group-99A017148508-LeaderElection8] INFO  grpc.GrpcConfigKeys$Server (ConfUtils.java:logGet(43)) - raft.grpc.server.leader.outstanding.appends.max = 128 (default)
2019-10-08 03:42:28,314 [140d7c2d-6527-405c-b465-1b1d8cb4b4a3@group-99A017148508-LeaderElection8] INFO  server.RaftServerConfigKeys (ConfUtils.java:logGet(43)) - raft.server.rpc.request.timeout = 3000ms (default)
2019-10-08 03:42:28,314 [140d7c2d-6527-405c-b465-1b1d8cb4b4a3@group-99A017148508-LeaderElection8] INFO  server.RaftServerConfigKeys (ConfUtils.java:logGet(43)) - raft.server.log.appender.install.snapshot.enabled = false (custom)
2019-10-08 03:42:28,317 [140d7c2d-6527-405c-b465-1b1d8cb4b4a3@group-99A017148508-LeaderElection8] INFO  impl.RoleInfo (RoleInfo.java:updateAndGet(143)) - 140d7c2d-6527-405c-b465-1b1d8cb4b4a3: start LeaderState
2019-10-08 03:42:28,317 [140d7c2d-6527-405c-b465-1b1d8cb4b4a3@group-99A017148508-LeaderElection8] INFO  segmented.SegmentedRaftLogWorker (SegmentedRaftLogWorker.java:startLogSegment(385)) - 140d7c2d-6527-405c-b465-1b1d8cb4b4a3@group-99A017148508-SegmentedRaftLogWorker: Starting segment from index:0
2019-10-08 03:42:28,318 [140d7c2d-6527-405c-b465-1b1d8cb4b4a3@group-99A017148508-LeaderElection8] INFO  impl.RaftServerImpl (ServerState.java:setRaftConf(356)) - 140d7c2d-6527-405c-b465-1b1d8cb4b4a3@group-99A017148508: set configuration 0: [04caef7c-ddb6-4702-809f-1a73204ea274:192.168.151.83:39172, 140d7c2d-6527-405c-b465-1b1d8cb4b4a3:192.168.151.83:37221, 0d9c9caf-a10d-4dbf-84ca-13e0af47996f:192.168.151.83:34616], old=null at 0
2019-10-08 03:42:28,359 [577faf7f-deb6-4506-8e99-75f39047aeab@group-317885D50A8B-LeaderElection10] INFO  impl.LeaderElection (LeaderElection.java:logAndReturn(56)) - 577faf7f-deb6-4506-8e99-75f39047aeab@group-317885D50A8B-LeaderElection10: Election PASSED; received 1 response(s) [577faf7f-deb6-4506-8e99-75f39047aeab<-655e713e-f432-49c6-be02-8424905dac44#0:OK-t1] and 0 exception(s); 577faf7f-deb6-4506-8e99-75f39047aeab@group-317885D50A8B:t1, leader=null, voted=577faf7f-deb6-4506-8e99-75f39047aeab, raftlog=577faf7f-deb6-4506-8e99-75f39047aeab@group-317885D50A8B-SegmentedRaftLog:OPENED:c-1,f-1,i0, conf=-1: [e55dc74a-5508-43f4-ba5a-e1e75e0afb35:192.168.151.83:38050, 655e713e-f432-49c6-be02-8424905dac44:192.168.151.83:45232, 577faf7f-deb6-4506-8e99-75f39047aeab:192.168.151.83:41804], old=null
2019-10-08 03:42:28,359 [577faf7f-deb6-4506-8e99-75f39047aeab@group-317885D50A8B-LeaderElection10] INFO  impl.RoleInfo (RoleInfo.java:shutdownLeaderElection(134)) - 577faf7f-deb6-4506-8e99-75f39047aeab: shutdown LeaderElection
2019-10-08 03:42:28,361 [577faf7f-deb6-4506-8e99-75f39047aeab@group-317885D50A8B-LeaderElection10] INFO  impl.RaftServerImpl (RaftServerImpl.java:setRole(170)) - 577faf7f-deb6-4506-8e99-75f39047aeab@group-317885D50A8B: changes role from CANDIDATE to LEADER at term 1 for changeToLeader
2019-10-08 03:42:28,366 [577faf7f-deb6-4506-8e99-75f39047aeab@group-317885D50A8B-LeaderElection10] INFO  impl.RaftServerImpl (ServerState.java:setLeader(255)) - 577faf7f-deb6-4506-8e99-75f39047aeab@group-317885D50A8B: change Leader from null to 577faf7f-deb6-4506-8e99-75f39047aeab at term 1 for becomeLeader, leader elected after 5151ms
2019-10-08 03:42:28,366 [140d7c2d-6527-405c-b465-1b1d8cb4b4a3@group-99A017148508-SegmentedRaftLogWorker] INFO  segmented.SegmentedRaftLogWorker (SegmentedRaftLogWorker.java:execute(574)) - 140d7c2d-6527-405c-b465-1b1d8cb4b4a3@group-99A017148508-SegmentedRaftLogWorker: created new log segment /workdir/hadoop-ozone/integration-test/target/test-dir/MiniOzoneClusterImpl-803a9bc2-2fef-4080-b053-fc887ab92aa0/datanode-5/data/ratis/d3c8b4c3-c2f3-447a-9a15-99a017148508/current/log_inprogress_0
2019-10-08 03:42:28,366 [577faf7f-deb6-4506-8e99-75f39047aeab@group-317885D50A8B-LeaderElection10] INFO  server.RaftServerConfigKeys (ConfUtils.java:logGet(43)) - raft.server.staging.catchup.gap = 1000 (default)
2019-10-08 03:42:28,368 [577faf7f-deb6-4506-8e99-75f39047aeab@group-317885D50A8B-LeaderElection10] INFO  server.RaftServerConfigKeys (ConfUtils.java:logGet(43)) - raft.server.rpc.sleep.time = 25ms (default)
2019-10-08 03:42:28,369 [577faf7f-deb6-4506-8e99-75f39047aeab@group-317885D50A8B-LeaderElection10] INFO  server.RaftServerConfigKeys (ConfUtils.java:logGet(43)) - raft.server.write.element-limit = 4096 (default)
2019-10-08 03:42:28,369 [577faf7f-deb6-4506-8e99-75f39047aeab@group-317885D50A8B-LeaderElection10] INFO  server.RaftServerConfigKeys (ConfUtils.java:logGet(43)) - raft.server.watch.timeout = 10s (default)
2019-10-08 03:42:28,369 [577faf7f-deb6-4506-8e99-75f39047aeab@group-317885D50A8B-LeaderElection10] INFO  server.RaftServerConfigKeys (ConfUtils.java:logGet(43)) - raft.server.watch.timeout.denomination = 1s (default)
2019-10-08 03:42:28,369 [577faf7f-deb6-4506-8e99-75f39047aeab@group-317885D50A8B-LeaderElection10] INFO  server.RaftServerConfigKeys (ConfUtils.java:logGet(43)) - raft.server.watch.element-limit = 65536 (default)
2019-10-08 03:42:28,373 [577faf7f-deb6-4506-8e99-75f39047aeab@group-317885D50A8B-LeaderElection10] INFO  server.RaftServerConfigKeys (ConfUtils.java:logGet(43)) - raft.server.log.appender.snapshot.chunk.size.max = 16MB (=16777216) (default)
2019-10-08 03:42:28,374 [577faf7f-deb6-4506-8e99-75f39047aeab@group-317885D50A8B-LeaderElection10] INFO  server.RaftServerConfigKeys (ConfUtils.java:logGet(43)) - raft.server.log.appender.buffer.byte-limit = 33554432 (custom)
2019-10-08 03:42:28,374 [577faf7f-deb6-4506-8e99-75f39047aeab@group-317885D50A8B-LeaderElection10] INFO  server.RaftServerConfigKeys (ConfUtils.java:logGet(43)) - raft.server.log.appender.buffer.element-limit = 1 (custom)
2019-10-08 03:42:28,374 [577faf7f-deb6-4506-8e99-75f39047aeab@group-317885D50A8B-LeaderElection10] INFO  grpc.GrpcConfigKeys$Server (ConfUtils.java:logGet(43)) - raft.grpc.server.leader.outstanding.appends.max = 128 (default)
2019-10-08 03:42:28,379 [577faf7f-deb6-4506-8e99-75f39047aeab@group-317885D50A8B-LeaderElection10] INFO  server.RaftServerConfigKeys (ConfUtils.java:logGet(43)) - raft.server.rpc.request.timeout = 3000ms (default)
2019-10-08 03:42:28,379 [577faf7f-deb6-4506-8e99-75f39047aeab@group-317885D50A8B-LeaderElection10] INFO  server.RaftServerConfigKeys (ConfUtils.java:logGet(43)) - raft.server.log.appender.install.snapshot.enabled = false (custom)
2019-10-08 03:42:28,379 [577faf7f-deb6-4506-8e99-75f39047aeab@group-317885D50A8B-LeaderElection10] INFO  server.RaftServerConfigKeys (ConfUtils.java:logGet(43)) - raft.server.log.appender.snapshot.chunk.size.max = 16MB (=16777216) (default)
2019-10-08 03:42:28,382 [577faf7f-deb6-4506-8e99-75f39047aeab@group-317885D50A8B-LeaderElection10] INFO  server.RaftServerConfigKeys (ConfUtils.java:logGet(43)) - raft.server.log.appender.buffer.byte-limit = 33554432 (custom)
2019-10-08 03:42:28,382 [577faf7f-deb6-4506-8e99-75f39047aeab@group-317885D50A8B-LeaderElection10] INFO  server.RaftServerConfigKeys (ConfUtils.java:logGet(43)) - raft.server.log.appender.buffer.element-limit = 1 (custom)
2019-10-08 03:42:28,383 [577faf7f-deb6-4506-8e99-75f39047aeab@group-317885D50A8B-LeaderElection10] INFO  grpc.GrpcConfigKeys$Server (ConfUtils.java:logGet(43)) - raft.grpc.server.leader.outstanding.appends.max = 128 (default)
2019-10-08 03:42:28,383 [577faf7f-deb6-4506-8e99-75f39047aeab@group-317885D50A8B-LeaderElection10] INFO  server.RaftServerConfigKeys (ConfUtils.java:logGet(43)) - raft.server.rpc.request.timeout = 3000ms (default)
2019-10-08 03:42:28,383 [577faf7f-deb6-4506-8e99-75f39047aeab@group-317885D50A8B-LeaderElection10] INFO  server.RaftServerConfigKeys (ConfUtils.java:logGet(43)) - raft.server.log.appender.install.snapshot.enabled = false (custom)
2019-10-08 03:42:28,384 [577faf7f-deb6-4506-8e99-75f39047aeab@group-317885D50A8B-LeaderElection10] INFO  impl.RoleInfo (RoleInfo.java:updateAndGet(143)) - 577faf7f-deb6-4506-8e99-75f39047aeab: start LeaderState
2019-10-08 03:42:28,386 [577faf7f-deb6-4506-8e99-75f39047aeab@group-317885D50A8B-LeaderElection10] INFO  segmented.SegmentedRaftLogWorker (SegmentedRaftLogWorker.java:startLogSegment(385)) - 577faf7f-deb6-4506-8e99-75f39047aeab@group-317885D50A8B-SegmentedRaftLogWorker: Starting segment from index:0
2019-10-08 03:42:28,387 [577faf7f-deb6-4506-8e99-75f39047aeab@group-317885D50A8B-LeaderElection10] INFO  impl.RaftServerImpl (ServerState.java:setRaftConf(356)) - 577faf7f-deb6-4506-8e99-75f39047aeab@group-317885D50A8B: set configuration 0: [e55dc74a-5508-43f4-ba5a-e1e75e0afb35:192.168.151.83:38050, 655e713e-f432-49c6-be02-8424905dac44:192.168.151.83:45232, 577faf7f-deb6-4506-8e99-75f39047aeab:192.168.151.83:41804], old=null at 0
2019-10-08 03:42:28,445 [577faf7f-deb6-4506-8e99-75f39047aeab@group-317885D50A8B-SegmentedRaftLogWorker] INFO  segmented.SegmentedRaftLogWorker (SegmentedRaftLogWorker.java:execute(574)) - 577faf7f-deb6-4506-8e99-75f39047aeab@group-317885D50A8B-SegmentedRaftLogWorker: created new log segment /workdir/hadoop-ozone/integration-test/target/test-dir/MiniOzoneClusterImpl-803a9bc2-2fef-4080-b053-fc887ab92aa0/datanode-3/data/ratis/285b0918-2076-492b-bb72-317885d50a8b/current/log_inprogress_0
2019-10-08 03:42:28,447 [grpc-default-executor-2] INFO  impl.RaftServerImpl (ServerState.java:setLeader(255)) - 04caef7c-ddb6-4702-809f-1a73204ea274@group-99A017148508: change Leader from null to 140d7c2d-6527-405c-b465-1b1d8cb4b4a3 at term 1 for appendEntries, leader elected after 5365ms
2019-10-08 03:42:28,447 [grpc-default-executor-0] INFO  impl.RaftServerImpl (ServerState.java:setLeader(255)) - 655e713e-f432-49c6-be02-8424905dac44@group-317885D50A8B: change Leader from null to 577faf7f-deb6-4506-8e99-75f39047aeab at term 1 for appendEntries, leader elected after 5232ms
2019-10-08 03:42:28,447 [grpc-default-executor-1] INFO  impl.RaftServerImpl (ServerState.java:setLeader(255)) - 0d9c9caf-a10d-4dbf-84ca-13e0af47996f@group-99A017148508: change Leader from null to 140d7c2d-6527-405c-b465-1b1d8cb4b4a3 at term 1 for appendEntries, leader elected after 5365ms
2019-10-08 03:42:28,447 [grpc-default-executor-3] INFO  impl.RaftServerImpl (ServerState.java:setLeader(255)) - e55dc74a-5508-43f4-ba5a-e1e75e0afb35@group-317885D50A8B: change Leader from null to 577faf7f-deb6-4506-8e99-75f39047aeab at term 1 for appendEntries, leader elected after 5232ms
2019-10-08 03:42:28,484 [grpc-default-executor-2] INFO  impl.RaftServerImpl (ServerState.java:setRaftConf(356)) - 0d9c9caf-a10d-4dbf-84ca-13e0af47996f@group-99A017148508: set configuration 0: [04caef7c-ddb6-4702-809f-1a73204ea274:192.168.151.83:39172, 140d7c2d-6527-405c-b465-1b1d8cb4b4a3:192.168.151.83:37221, 0d9c9caf-a10d-4dbf-84ca-13e0af47996f:192.168.151.83:34616], old=null at 0
2019-10-08 03:42:28,484 [grpc-default-executor-0] INFO  impl.RaftServerImpl (ServerState.java:setRaftConf(356)) - 655e713e-f432-49c6-be02-8424905dac44@group-317885D50A8B: set configuration 0: [e55dc74a-5508-43f4-ba5a-e1e75e0afb35:192.168.151.83:38050, 655e713e-f432-49c6-be02-8424905dac44:192.168.151.83:45232, 577faf7f-deb6-4506-8e99-75f39047aeab:192.168.151.83:41804], old=null at 0
2019-10-08 03:42:28,484 [grpc-default-executor-2] INFO  segmented.SegmentedRaftLogWorker (SegmentedRaftLogWorker.java:startLogSegment(385)) - 0d9c9caf-a10d-4dbf-84ca-13e0af47996f@group-99A017148508-SegmentedRaftLogWorker: Starting segment from index:0
2019-10-08 03:42:28,484 [grpc-default-executor-1] INFO  impl.RaftServerImpl (ServerState.java:setRaftConf(356)) - e55dc74a-5508-43f4-ba5a-e1e75e0afb35@group-317885D50A8B: set configuration 0: [e55dc74a-5508-43f4-ba5a-e1e75e0afb35:192.168.151.83:38050, 655e713e-f432-49c6-be02-8424905dac44:192.168.151.83:45232, 577faf7f-deb6-4506-8e99-75f39047aeab:192.168.151.83:41804], old=null at 0
2019-10-08 03:42:28,484 [grpc-default-executor-3] INFO  impl.RaftServerImpl (ServerState.java:setRaftConf(356)) - 04caef7c-ddb6-4702-809f-1a73204ea274@group-99A017148508: set configuration 0: [04caef7c-ddb6-4702-809f-1a73204ea274:192.168.151.83:39172, 140d7c2d-6527-405c-b465-1b1d8cb4b4a3:192.168.151.83:37221, 0d9c9caf-a10d-4dbf-84ca-13e0af47996f:192.168.151.83:34616], old=null at 0
2019-10-08 03:42:28,485 [grpc-default-executor-1] INFO  segmented.SegmentedRaftLogWorker (SegmentedRaftLogWorker.java:startLogSegment(385)) - e55dc74a-5508-43f4-ba5a-e1e75e0afb35@group-317885D50A8B-SegmentedRaftLogWorker: Starting segment from index:0
2019-10-08 03:42:28,484 [grpc-default-executor-0] INFO  segmented.SegmentedRaftLogWorker (SegmentedRaftLogWorker.java:startLogSegment(385)) - 655e713e-f432-49c6-be02-8424905dac44@group-317885D50A8B-SegmentedRaftLogWorker: Starting segment from index:0
2019-10-08 03:42:28,485 [grpc-default-executor-3] INFO  segmented.SegmentedRaftLogWorker (SegmentedRaftLogWorker.java:startLogSegment(385)) - 04caef7c-ddb6-4702-809f-1a73204ea274@group-99A017148508-SegmentedRaftLogWorker: Starting segment from index:0
2019-10-08 03:42:28,549 [0d9c9caf-a10d-4dbf-84ca-13e0af47996f@group-99A017148508-SegmentedRaftLogWorker] INFO  segmented.SegmentedRaftLogWorker (SegmentedRaftLogWorker.java:execute(574)) - 0d9c9caf-a10d-4dbf-84ca-13e0af47996f@group-99A017148508-SegmentedRaftLogWorker: created new log segment /workdir/hadoop-ozone/integration-test/target/test-dir/MiniOzoneClusterImpl-803a9bc2-2fef-4080-b053-fc887ab92aa0/datanode-1/data/ratis/d3c8b4c3-c2f3-447a-9a15-99a017148508/current/log_inprogress_0
2019-10-08 03:42:28,549 [e55dc74a-5508-43f4-ba5a-e1e75e0afb35@group-317885D50A8B-SegmentedRaftLogWorker] INFO  segmented.SegmentedRaftLogWorker (SegmentedRaftLogWorker.java:execute(574)) - e55dc74a-5508-43f4-ba5a-e1e75e0afb35@group-317885D50A8B-SegmentedRaftLogWorker: created new log segment /workdir/hadoop-ozone/integration-test/target/test-dir/MiniOzoneClusterImpl-803a9bc2-2fef-4080-b053-fc887ab92aa0/datanode-6/data/ratis/285b0918-2076-492b-bb72-317885d50a8b/current/log_inprogress_0
2019-10-08 03:42:28,549 [655e713e-f432-49c6-be02-8424905dac44@group-317885D50A8B-SegmentedRaftLogWorker] INFO  segmented.SegmentedRaftLogWorker (SegmentedRaftLogWorker.java:execute(574)) - 655e713e-f432-49c6-be02-8424905dac44@group-317885D50A8B-SegmentedRaftLogWorker: created new log segment /workdir/hadoop-ozone/integration-test/target/test-dir/MiniOzoneClusterImpl-803a9bc2-2fef-4080-b053-fc887ab92aa0/datanode-0/data/ratis/285b0918-2076-492b-bb72-317885d50a8b/current/log_inprogress_0
2019-10-08 03:42:28,549 [04caef7c-ddb6-4702-809f-1a73204ea274@group-99A017148508-SegmentedRaftLogWorker] INFO  segmented.SegmentedRaftLogWorker (SegmentedRaftLogWorker.java:execute(574)) - 04caef7c-ddb6-4702-809f-1a73204ea274@group-99A017148508-SegmentedRaftLogWorker: created new log segment /workdir/hadoop-ozone/integration-test/target/test-dir/MiniOzoneClusterImpl-803a9bc2-2fef-4080-b053-fc887ab92aa0/datanode-4/data/ratis/d3c8b4c3-c2f3-447a-9a15-99a017148508/current/log_inprogress_0
2019-10-08 03:42:30,084 [Datanode State Machine Thread - 0] INFO  statemachine.DatanodeStateMachine (DatanodeStateMachine.java:lambda$startDaemon$0(350)) - Ozone container server started.
2019-10-08 03:42:34,134 [EventQueue-StaleNodeForStaleNodeHandler] INFO  node.StaleNodeHandler (StaleNodeHandler.java:onMessage(58)) - Datanode 577faf7f-deb6-4506-8e99-75f39047aeab{ip: 192.168.151.83, host: pr-hdds-2217-jqnfv-3133698562, networkLocation: /default-rack, certSerialId: null} moved to stale state. Finalizing its pipelines [PipelineID=285b0918-2076-492b-bb72-317885d50a8b, PipelineID=d8c4f5fa-d9d7-4da0-96c7-1b9fb895418b]
2019-10-08 03:42:34,135 [EventQueue-StaleNodeForStaleNodeHandler] INFO  pipeline.SCMPipelineManager (SCMPipelineManager.java:finalizeAndDestroyPipeline(315)) - destroying pipeline:Pipeline[ Id: 285b0918-2076-492b-bb72-317885d50a8b, Nodes: 577faf7f-deb6-4506-8e99-75f39047aeab{ip: 192.168.151.83, host: pr-hdds-2217-jqnfv-3133698562, networkLocation: /default-rack, certSerialId: null}e55dc74a-5508-43f4-ba5a-e1e75e0afb35{ip: 192.168.151.83, host: pr-hdds-2217-jqnfv-3133698562, networkLocation: /default-rack, certSerialId: null}655e713e-f432-49c6-be02-8424905dac44{ip: 192.168.151.83, host: pr-hdds-2217-jqnfv-3133698562, networkLocation: /default-rack, certSerialId: null}, Type:RATIS, Factor:THREE, State:OPEN]
2019-10-08 03:42:34,136 [EventQueue-StaleNodeForStaleNodeHandler] INFO  pipeline.PipelineStateManager (PipelineStateManager.java:finalizePipeline(123)) - Pipeline Pipeline[ Id: 285b0918-2076-492b-bb72-317885d50a8b, Nodes: 577faf7f-deb6-4506-8e99-75f39047aeab{ip: 192.168.151.83, host: pr-hdds-2217-jqnfv-3133698562, networkLocation: /default-rack, certSerialId: null}e55dc74a-5508-43f4-ba5a-e1e75e0afb35{ip: 192.168.151.83, host: pr-hdds-2217-jqnfv-3133698562, networkLocation: /default-rack, certSerialId: null}655e713e-f432-49c6-be02-8424905dac44{ip: 192.168.151.83, host: pr-hdds-2217-jqnfv-3133698562, networkLocation: /default-rack, certSerialId: null}, Type:RATIS, Factor:THREE, State:CLOSED] moved to CLOSED state
2019-10-08 03:42:34,148 [EventQueue-CloseContainerForCloseContainerEventHandler] INFO  container.CloseContainerEventHandler (CloseContainerEventHandler.java:onMessage(61)) - Close container Event triggered for container : #1
2019-10-08 03:42:34,152 [EventQueue-StaleNodeForStaleNodeHandler] INFO  pipeline.SCMPipelineManager (SCMPipelineManager.java:finalizeAndDestroyPipeline(315)) - destroying pipeline:Pipeline[ Id: d8c4f5fa-d9d7-4da0-96c7-1b9fb895418b, Nodes: 577faf7f-deb6-4506-8e99-75f39047aeab{ip: 192.168.151.83, host: pr-hdds-2217-jqnfv-3133698562, networkLocation: /default-rack, certSerialId: null}, Type:RATIS, Factor:ONE, State:OPEN]
2019-10-08 03:42:34,154 [EventQueue-StaleNodeForStaleNodeHandler] INFO  pipeline.PipelineStateManager (PipelineStateManager.java:finalizePipeline(123)) - Pipeline Pipeline[ Id: d8c4f5fa-d9d7-4da0-96c7-1b9fb895418b, Nodes: 577faf7f-deb6-4506-8e99-75f39047aeab{ip: 192.168.151.83, host: pr-hdds-2217-jqnfv-3133698562, networkLocation: /default-rack, certSerialId: null}, Type:RATIS, Factor:ONE, State:CLOSED] moved to CLOSED state
2019-10-08 03:42:34,573 [main] INFO  ozoneimpl.OzoneContainer (OzoneContainer.java:stop(227)) - Attempting to stop container services.
2019-10-08 03:42:34,574 [main] INFO  impl.RaftServerProxy (RaftServerProxy.java:lambda$close$4(314)) - 577faf7f-deb6-4506-8e99-75f39047aeab: close
2019-10-08 03:42:34,576 [main] INFO  impl.RaftServerImpl (RaftServerImpl.java:lambda$shutdown$3(247)) - 577faf7f-deb6-4506-8e99-75f39047aeab@group-317885D50A8B: shutdown
2019-10-08 03:42:34,576 [main] INFO  util.JmxRegister (JmxRegister.java:unregister(73)) - Successfully un-registered JMX Bean with object name Ratis:service=RaftServer,group=group-317885D50A8B,id=577faf7f-deb6-4506-8e99-75f39047aeab
2019-10-08 03:42:34,577 [main] INFO  impl.RoleInfo (RoleInfo.java:shutdownLeaderState(104)) - 577faf7f-deb6-4506-8e99-75f39047aeab: shutdown LeaderState
2019-10-08 03:42:34,584 [main] INFO  impl.PendingRequests (PendingRequests.java:sendNotLeaderResponses(202)) - 577faf7f-deb6-4506-8e99-75f39047aeab@group-317885D50A8B-PendingRequests: sendNotLeaderResponses
2019-10-08 03:42:34,584 [org.apache.ratis.server.impl.LogAppender$AppenderDaemon$$Lambda$514/1885687276@4b6da0bf] WARN  server.GrpcLogAppender (GrpcLogAppender.java:mayWait(143)) - 577faf7f-deb6-4506-8e99-75f39047aeab@group-317885D50A8B->e55dc74a-5508-43f4-ba5a-e1e75e0afb35-GrpcLogAppender: Wait interrupted by java.lang.InterruptedException
2019-10-08 03:42:34,584 [org.apache.ratis.server.impl.LogAppender$AppenderDaemon$$Lambda$514/1885687276@75e769c0] WARN  server.GrpcLogAppender (GrpcLogAppender.java:mayWait(143)) - 577faf7f-deb6-4506-8e99-75f39047aeab@group-317885D50A8B->655e713e-f432-49c6-be02-8424905dac44-GrpcLogAppender: Wait interrupted by java.lang.InterruptedException
2019-10-08 03:42:34,589 [grpc-default-executor-4] INFO  server.GrpcServerProtocolService (GrpcServerProtocolService.java:onCompleted(113)) - e55dc74a-5508-43f4-ba5a-e1e75e0afb35: Completed APPEND_ENTRIES, lastRequest: 577faf7f-deb6-4506-8e99-75f39047aeab->e55dc74a-5508-43f4-ba5a-e1e75e0afb35#19-t1, previous=(t:1, i:16), leaderCommit=16, initializing? false, entries: <empty>
2019-10-08 03:42:34,589 [grpc-default-executor-3] INFO  server.GrpcServerProtocolService (GrpcServerProtocolService.java:onCompleted(113)) - 655e713e-f432-49c6-be02-8424905dac44: Completed APPEND_ENTRIES, lastRequest: 577faf7f-deb6-4506-8e99-75f39047aeab->655e713e-f432-49c6-be02-8424905dac44#19-t1, previous=(t:1, i:16), leaderCommit=16, initializing? false, entries: <empty>
2019-10-08 03:42:34,594 [grpc-default-executor-3] INFO  server.GrpcLogAppender (GrpcLogAppender.java:onCompleted(293)) - 577faf7f-deb6-4506-8e99-75f39047aeab@group-317885D50A8B->655e713e-f432-49c6-be02-8424905dac44-AppendLogResponseHandler: follower responses appendEntries COMPLETED
2019-10-08 03:42:34,595 [grpc-default-executor-4] INFO  server.GrpcLogAppender (GrpcLogAppender.java:onCompleted(293)) - 577faf7f-deb6-4506-8e99-75f39047aeab@group-317885D50A8B->e55dc74a-5508-43f4-ba5a-e1e75e0afb35-AppendLogResponseHandler: follower responses appendEntries COMPLETED
2019-10-08 03:42:34,601 [main] INFO  impl.StateMachineUpdater (StateMachineUpdater.java:stopAndJoin(136)) - 577faf7f-deb6-4506-8e99-75f39047aeab@group-317885D50A8B-StateMachineUpdater: set stopIndex = 16
2019-10-08 03:42:34,602 [577faf7f-deb6-4506-8e99-75f39047aeab@group-317885D50A8B-StateMachineUpdater] INFO  ratis.ContainerStateMachine (ContainerStateMachine.java:takeSnapshot(294)) - group-317885D50A8B: Taking a snapshot at:(t:1, i:14) file /workdir/hadoop-ozone/integration-test/target/test-dir/MiniOzoneClusterImpl-803a9bc2-2fef-4080-b053-fc887ab92aa0/datanode-3/data/ratis/285b0918-2076-492b-bb72-317885d50a8b/sm/snapshot.1_14
2019-10-08 03:42:34,605 [grpc-default-executor-3] INFO  impl.FollowerInfo (FollowerInfo.java:lambda$new$0(51)) - 577faf7f-deb6-4506-8e99-75f39047aeab@group-317885D50A8B->655e713e-f432-49c6-be02-8424905dac44: nextIndex: updateUnconditionally 17 -> 16
2019-10-08 03:42:34,607 [grpc-default-executor-4] INFO  impl.FollowerInfo (FollowerInfo.java:lambda$new$0(51)) - 577faf7f-deb6-4506-8e99-75f39047aeab@group-317885D50A8B->e55dc74a-5508-43f4-ba5a-e1e75e0afb35: nextIndex: updateUnconditionally 17 -> 16
2019-10-08 03:42:34,646 [577faf7f-deb6-4506-8e99-75f39047aeab@group-317885D50A8B-StateMachineUpdater] INFO  ratis.ContainerStateMachine (ContainerStateMachine.java:takeSnapshot(305)) - group-317885D50A8B: Finished taking a snapshot at:(t:1, i:14) file:/workdir/hadoop-ozone/integration-test/target/test-dir/MiniOzoneClusterImpl-803a9bc2-2fef-4080-b053-fc887ab92aa0/datanode-3/data/ratis/285b0918-2076-492b-bb72-317885d50a8b/sm/snapshot.1_14 time:45
2019-10-08 03:42:34,648 [577faf7f-deb6-4506-8e99-75f39047aeab@group-317885D50A8B-StateMachineUpdater] INFO  impl.StateMachineUpdater (StateMachineUpdater.java:takeSnapshot(269)) - 577faf7f-deb6-4506-8e99-75f39047aeab@group-317885D50A8B-StateMachineUpdater: Took a snapshot at index 14
2019-10-08 03:42:34,650 [577faf7f-deb6-4506-8e99-75f39047aeab@group-317885D50A8B-StateMachineUpdater] INFO  impl.StateMachineUpdater (StateMachineUpdater.java:lambda$new$0(84)) - 577faf7f-deb6-4506-8e99-75f39047aeab@group-317885D50A8B-StateMachineUpdater: snapshotIndex: updateIncreasingly -1 -> 14
2019-10-08 03:42:34,655 [577faf7f-deb6-4506-8e99-75f39047aeab@group-317885D50A8B-StateMachineUpdater] INFO  ratis.ContainerStateMachine (ContainerStateMachine.java:takeSnapshot(294)) - group-317885D50A8B: Taking a snapshot at:(t:1, i:14) file /workdir/hadoop-ozone/integration-test/target/test-dir/MiniOzoneClusterImpl-803a9bc2-2fef-4080-b053-fc887ab92aa0/datanode-3/data/ratis/285b0918-2076-492b-bb72-317885d50a8b/sm/snapshot.1_14
2019-10-08 03:42:34,667 [577faf7f-deb6-4506-8e99-75f39047aeab@group-317885D50A8B-StateMachineUpdater] INFO  ratis.ContainerStateMachine (ContainerStateMachine.java:takeSnapshot(305)) - group-317885D50A8B: Finished taking a snapshot at:(t:1, i:14) file:/workdir/hadoop-ozone/integration-test/target/test-dir/MiniOzoneClusterImpl-803a9bc2-2fef-4080-b053-fc887ab92aa0/datanode-3/data/ratis/285b0918-2076-492b-bb72-317885d50a8b/sm/snapshot.1_14 time:12
2019-10-08 03:42:34,667 [577faf7f-deb6-4506-8e99-75f39047aeab@group-317885D50A8B-StateMachineUpdater] INFO  impl.StateMachineUpdater (StateMachineUpdater.java:takeSnapshot(269)) - 577faf7f-deb6-4506-8e99-75f39047aeab@group-317885D50A8B-StateMachineUpdater: Took a snapshot at index 14
2019-10-08 03:42:34,667 [577faf7f-deb6-4506-8e99-75f39047aeab@group-317885D50A8B-StateMachineUpdater] INFO  impl.StateMachineUpdater (StateMachineUpdater.java:lambda$new$0(84)) - 577faf7f-deb6-4506-8e99-75f39047aeab@group-317885D50A8B-StateMachineUpdater: snapshotIndex: updateIncreasingly 14 -> 14
2019-10-08 03:42:34,668 [main] INFO  impl.RaftServerImpl (ServerState.java:close(387)) - 577faf7f-deb6-4506-8e99-75f39047aeab@group-317885D50A8B: closes. applyIndex: 16
2019-10-08 03:42:34,670 [577faf7f-deb6-4506-8e99-75f39047aeab@group-317885D50A8B-SegmentedRaftLogWorker] INFO  segmented.SegmentedRaftLogWorker (SegmentedRaftLogWorker.java:run(316)) - 577faf7f-deb6-4506-8e99-75f39047aeab@group-317885D50A8B-SegmentedRaftLogWorker was interrupted, exiting. There are 0 tasks remaining in the queue.
2019-10-08 03:42:34,673 [main] INFO  segmented.SegmentedRaftLogWorker (SegmentedRaftLogWorker.java:close(224)) - 577faf7f-deb6-4506-8e99-75f39047aeab@group-317885D50A8B-SegmentedRaftLogWorker close()
2019-10-08 03:42:34,677 [main] INFO  impl.RaftServerImpl (RaftServerImpl.java:lambda$shutdown$3(247)) - 577faf7f-deb6-4506-8e99-75f39047aeab@group-1B9FB895418B: shutdown
2019-10-08 03:42:34,678 [main] INFO  util.JmxRegister (JmxRegister.java:unregister(73)) - Successfully un-registered JMX Bean with object name Ratis:service=RaftServer,group=group-1B9FB895418B,id=577faf7f-deb6-4506-8e99-75f39047aeab
2019-10-08 03:42:34,678 [main] INFO  impl.RoleInfo (RoleInfo.java:shutdownLeaderState(104)) - 577faf7f-deb6-4506-8e99-75f39047aeab: shutdown LeaderState
2019-10-08 03:42:34,679 [main] INFO  impl.PendingRequests (PendingRequests.java:sendNotLeaderResponses(202)) - 577faf7f-deb6-4506-8e99-75f39047aeab@group-1B9FB895418B-PendingRequests: sendNotLeaderResponses
2019-10-08 03:42:34,679 [main] INFO  impl.StateMachineUpdater (StateMachineUpdater.java:stopAndJoin(136)) - 577faf7f-deb6-4506-8e99-75f39047aeab@group-1B9FB895418B-StateMachineUpdater: set stopIndex = 0
2019-10-08 03:42:34,682 [main] INFO  impl.RaftServerImpl (ServerState.java:close(387)) - 577faf7f-deb6-4506-8e99-75f39047aeab@group-1B9FB895418B: closes. applyIndex: 0
2019-10-08 03:42:34,682 [577faf7f-deb6-4506-8e99-75f39047aeab@group-1B9FB895418B-SegmentedRaftLogWorker] INFO  segmented.SegmentedRaftLogWorker (SegmentedRaftLogWorker.java:run(316)) - 577faf7f-deb6-4506-8e99-75f39047aeab@group-1B9FB895418B-SegmentedRaftLogWorker was interrupted, exiting. There are 0 tasks remaining in the queue.
2019-10-08 03:42:34,685 [main] INFO  segmented.SegmentedRaftLogWorker (SegmentedRaftLogWorker.java:close(224)) - 577faf7f-deb6-4506-8e99-75f39047aeab@group-1B9FB895418B-SegmentedRaftLogWorker close()
2019-10-08 03:42:34,689 [main] INFO  server.GrpcService (GrpcService.java:closeImpl(164)) - 577faf7f-deb6-4506-8e99-75f39047aeab: shutdown server with port 41804 now
2019-10-08 03:42:34,695 [grpc-default-executor-3] WARN  client.GrpcClientProtocolService (LogUtils.java:warn(134)) - 3-UnorderedRequestStreamObserver3: onError: org.apache.ratis.thirdparty.io.grpc.StatusRuntimeException: CANCELLED: cancelled before receiving half close
2019-10-08 03:42:34,697 [main] INFO  server.GrpcService (GrpcService.java:closeImpl(172)) - 577faf7f-deb6-4506-8e99-75f39047aeab: shutdown server with port 41804 successfully
2019-10-08 03:42:34,706 [refreshUsed-/workdir/hadoop-ozone/integration-test/target/test-dir/MiniOzoneClusterImpl-803a9bc2-2fef-4080-b053-fc887ab92aa0/datanode-3/data/containers] WARN  fs.CachingGetSpaceUsed (CachingGetSpaceUsed.java:run(183)) - Thread Interrupted waiting to refresh disk information: sleep interrupted
2019-10-08 03:42:34,726 [main] INFO  utils.BackgroundService (BackgroundService.java:shutdown(148)) - Shutting down service BlockDeletingService
2019-10-08 03:42:34,732 [main] INFO  statemachine.DatanodeStateMachine (DatanodeStateMachine.java:stopDaemon(395)) - Ozone container server stopped.
2019-10-08 03:42:34,736 [main] INFO  handler.ContextHandler (ContextHandler.java:doStop(910)) - Stopped o.e.j.w.WebAppContext@39a87e72{/,null,UNAVAILABLE}{/hddsDatanode}
2019-10-08 03:42:34,742 [main] INFO  server.AbstractConnector (AbstractConnector.java:doStop(318)) - Stopped ServerConnector@5d2828c9{HTTP/1.1,[http/1.1]}{0.0.0.0:0}
2019-10-08 03:42:34,743 [main] INFO  handler.ContextHandler (ContextHandler.java:doStop(910)) - Stopped o.e.j.s.ServletContextHandler@698fee9a{/static,jar:file:/home/user/.m2/repository/org/apache/hadoop/hadoop-hdds-container-service/0.5.0-SNAPSHOT/hadoop-hdds-container-service-0.5.0-SNAPSHOT.jar!/webapps/static,UNAVAILABLE}
2019-10-08 03:42:34,743 [main] INFO  handler.ContextHandler (ContextHandler.java:doStop(910)) - Stopped o.e.j.s.ServletContextHandler@6caf7803{/logs,file:///workdir/hadoop-ozone/integration-test/target/log,UNAVAILABLE}
2019-10-08 03:42:35,139 [Datanode State Machine Thread - 0] INFO  statemachine.DatanodeStateMachine (DatanodeStateMachine.java:lambda$startDaemon$0(350)) - Ozone container server started.
2019-10-08 03:42:39,153 [EventQueue-StaleNodeForStaleNodeHandler] INFO  node.StaleNodeHandler (StaleNodeHandler.java:onMessage(58)) - Datanode e55dc74a-5508-43f4-ba5a-e1e75e0afb35{ip: 192.168.151.83, host: pr-hdds-2217-jqnfv-3133698562, networkLocation: /default-rack, certSerialId: null} moved to stale state. Finalizing its pipelines [PipelineID=285b0918-2076-492b-bb72-317885d50a8b, PipelineID=146f4890-2f84-425a-ab8e-e10f35f715a9]
2019-10-08 03:42:39,154 [EventQueue-StaleNodeForStaleNodeHandler] INFO  pipeline.SCMPipelineManager (SCMPipelineManager.java:finalizeAndDestroyPipeline(315)) - destroying pipeline:Pipeline[ Id: 285b0918-2076-492b-bb72-317885d50a8b, Nodes: 577faf7f-deb6-4506-8e99-75f39047aeab{ip: 192.168.151.83, host: pr-hdds-2217-jqnfv-3133698562, networkLocation: /default-rack, certSerialId: null}e55dc74a-5508-43f4-ba5a-e1e75e0afb35{ip: 192.168.151.83, host: pr-hdds-2217-jqnfv-3133698562, networkLocation: /default-rack, certSerialId: null}655e713e-f432-49c6-be02-8424905dac44{ip: 192.168.151.83, host: pr-hdds-2217-jqnfv-3133698562, networkLocation: /default-rack, certSerialId: null}, Type:RATIS, Factor:THREE, State:CLOSED]
2019-10-08 03:42:39,154 [EventQueue-StaleNodeForStaleNodeHandler] INFO  pipeline.SCMPipelineManager (SCMPipelineManager.java:finalizeAndDestroyPipeline(315)) - destroying pipeline:Pipeline[ Id: 146f4890-2f84-425a-ab8e-e10f35f715a9, Nodes: e55dc74a-5508-43f4-ba5a-e1e75e0afb35{ip: 192.168.151.83, host: pr-hdds-2217-jqnfv-3133698562, networkLocation: /default-rack, certSerialId: null}, Type:RATIS, Factor:ONE, State:OPEN]
2019-10-08 03:42:39,154 [EventQueue-StaleNodeForStaleNodeHandler] INFO  pipeline.PipelineStateManager (PipelineStateManager.java:finalizePipeline(123)) - Pipeline Pipeline[ Id: 146f4890-2f84-425a-ab8e-e10f35f715a9, Nodes: e55dc74a-5508-43f4-ba5a-e1e75e0afb35{ip: 192.168.151.83, host: pr-hdds-2217-jqnfv-3133698562, networkLocation: /default-rack, certSerialId: null}, Type:RATIS, Factor:ONE, State:CLOSED] moved to CLOSED state
2019-10-08 03:42:39,746 [main] INFO  ozoneimpl.OzoneContainer (OzoneContainer.java:stop(227)) - Attempting to stop container services.
2019-10-08 03:42:39,749 [main] INFO  impl.RaftServerProxy (RaftServerProxy.java:lambda$close$4(314)) - e55dc74a-5508-43f4-ba5a-e1e75e0afb35: close
2019-10-08 03:42:39,750 [main] INFO  impl.RaftServerImpl (RaftServerImpl.java:lambda$shutdown$3(247)) - e55dc74a-5508-43f4-ba5a-e1e75e0afb35@group-317885D50A8B: shutdown
2019-10-08 03:42:39,750 [main] INFO  util.JmxRegister (JmxRegister.java:unregister(73)) - Successfully un-registered JMX Bean with object name Ratis:service=RaftServer,group=group-317885D50A8B,id=e55dc74a-5508-43f4-ba5a-e1e75e0afb35
2019-10-08 03:42:39,750 [main] INFO  impl.RoleInfo (RoleInfo.java:shutdownFollowerState(121)) - e55dc74a-5508-43f4-ba5a-e1e75e0afb35: shutdown FollowerState
2019-10-08 03:42:39,751 [main] INFO  impl.StateMachineUpdater (StateMachineUpdater.java:stopAndJoin(136)) - e55dc74a-5508-43f4-ba5a-e1e75e0afb35@group-317885D50A8B-StateMachineUpdater: set stopIndex = 16
2019-10-08 03:42:39,751 [e55dc74a-5508-43f4-ba5a-e1e75e0afb35@group-317885D50A8B-StateMachineUpdater] INFO  ratis.ContainerStateMachine (ContainerStateMachine.java:takeSnapshot(294)) - group-317885D50A8B: Taking a snapshot at:(t:1, i:14) file /workdir/hadoop-ozone/integration-test/target/test-dir/MiniOzoneClusterImpl-803a9bc2-2fef-4080-b053-fc887ab92aa0/datanode-6/data/ratis/285b0918-2076-492b-bb72-317885d50a8b/sm/snapshot.1_14
2019-10-08 03:42:39,751 [Thread-318] INFO  impl.FollowerState (FollowerState.java:run(117)) - e55dc74a-5508-43f4-ba5a-e1e75e0afb35@group-317885D50A8B-FollowerState was interrupted: java.lang.InterruptedException: sleep interrupted
2019-10-08 03:42:39,765 [e55dc74a-5508-43f4-ba5a-e1e75e0afb35@group-317885D50A8B-StateMachineUpdater] INFO  ratis.ContainerStateMachine (ContainerStateMachine.java:takeSnapshot(305)) - group-317885D50A8B: Finished taking a snapshot at:(t:1, i:14) file:/workdir/hadoop-ozone/integration-test/target/test-dir/MiniOzoneClusterImpl-803a9bc2-2fef-4080-b053-fc887ab92aa0/datanode-6/data/ratis/285b0918-2076-492b-bb72-317885d50a8b/sm/snapshot.1_14 time:14
2019-10-08 03:42:39,766 [e55dc74a-5508-43f4-ba5a-e1e75e0afb35@group-317885D50A8B-StateMachineUpdater] INFO  impl.StateMachineUpdater (StateMachineUpdater.java:takeSnapshot(269)) - e55dc74a-5508-43f4-ba5a-e1e75e0afb35@group-317885D50A8B-StateMachineUpdater: Took a snapshot at index 14
2019-10-08 03:42:39,766 [e55dc74a-5508-43f4-ba5a-e1e75e0afb35@group-317885D50A8B-StateMachineUpdater] INFO  impl.StateMachineUpdater (StateMachineUpdater.java:lambda$new$0(84)) - e55dc74a-5508-43f4-ba5a-e1e75e0afb35@group-317885D50A8B-StateMachineUpdater: snapshotIndex: updateIncreasingly -1 -> 14
2019-10-08 03:42:39,766 [e55dc74a-5508-43f4-ba5a-e1e75e0afb35@group-317885D50A8B-StateMachineUpdater] INFO  ratis.ContainerStateMachine (ContainerStateMachine.java:takeSnapshot(294)) - group-317885D50A8B: Taking a snapshot at:(t:1, i:14) file /workdir/hadoop-ozone/integration-test/target/test-dir/MiniOzoneClusterImpl-803a9bc2-2fef-4080-b053-fc887ab92aa0/datanode-6/data/ratis/285b0918-2076-492b-bb72-317885d50a8b/sm/snapshot.1_14
2019-10-08 03:42:39,779 [e55dc74a-5508-43f4-ba5a-e1e75e0afb35@group-317885D50A8B-StateMachineUpdater] INFO  ratis.ContainerStateMachine (ContainerStateMachine.java:takeSnapshot(305)) - group-317885D50A8B: Finished taking a snapshot at:(t:1, i:14) file:/workdir/hadoop-ozone/integration-test/target/test-dir/MiniOzoneClusterImpl-803a9bc2-2fef-4080-b053-fc887ab92aa0/datanode-6/data/ratis/285b0918-2076-492b-bb72-317885d50a8b/sm/snapshot.1_14 time:12
2019-10-08 03:42:39,779 [e55dc74a-5508-43f4-ba5a-e1e75e0afb35@group-317885D50A8B-StateMachineUpdater] INFO  impl.StateMachineUpdater (StateMachineUpdater.java:takeSnapshot(269)) - e55dc74a-5508-43f4-ba5a-e1e75e0afb35@group-317885D50A8B-StateMachineUpdater: Took a snapshot at index 14
2019-10-08 03:42:39,779 [e55dc74a-5508-43f4-ba5a-e1e75e0afb35@group-317885D50A8B-StateMachineUpdater] INFO  impl.StateMachineUpdater (StateMachineUpdater.java:lambda$new$0(84)) - e55dc74a-5508-43f4-ba5a-e1e75e0afb35@group-317885D50A8B-StateMachineUpdater: snapshotIndex: updateIncreasingly 14 -> 14
2019-10-08 03:42:39,780 [main] INFO  impl.RaftServerImpl (ServerState.java:close(387)) - e55dc74a-5508-43f4-ba5a-e1e75e0afb35@group-317885D50A8B: closes. applyIndex: 16
2019-10-08 03:42:39,780 [e55dc74a-5508-43f4-ba5a-e1e75e0afb35@group-317885D50A8B-SegmentedRaftLogWorker] INFO  segmented.SegmentedRaftLogWorker (SegmentedRaftLogWorker.java:run(316)) - e55dc74a-5508-43f4-ba5a-e1e75e0afb35@group-317885D50A8B-SegmentedRaftLogWorker was interrupted, exiting. There are 0 tasks remaining in the queue.
2019-10-08 03:42:39,784 [main] INFO  segmented.SegmentedRaftLogWorker (SegmentedRaftLogWorker.java:close(224)) - e55dc74a-5508-43f4-ba5a-e1e75e0afb35@group-317885D50A8B-SegmentedRaftLogWorker close()
2019-10-08 03:42:39,798 [main] INFO  impl.RaftServerImpl (RaftServerImpl.java:lambda$shutdown$3(247)) - e55dc74a-5508-43f4-ba5a-e1e75e0afb35@group-E10F35F715A9: shutdown
2019-10-08 03:42:39,798 [main] INFO  util.JmxRegister (JmxRegister.java:unregister(73)) - Successfully un-registered JMX Bean with object name Ratis:service=RaftServer,group=group-E10F35F715A9,id=e55dc74a-5508-43f4-ba5a-e1e75e0afb35
2019-10-08 03:42:39,798 [main] INFO  impl.RoleInfo (RoleInfo.java:shutdownLeaderState(104)) - e55dc74a-5508-43f4-ba5a-e1e75e0afb35: shutdown LeaderState
2019-10-08 03:42:39,799 [main] INFO  impl.PendingRequests (PendingRequests.java:sendNotLeaderResponses(202)) - e55dc74a-5508-43f4-ba5a-e1e75e0afb35@group-E10F35F715A9-PendingRequests: sendNotLeaderResponses
2019-10-08 03:42:39,799 [main] INFO  impl.StateMachineUpdater (StateMachineUpdater.java:stopAndJoin(136)) - e55dc74a-5508-43f4-ba5a-e1e75e0afb35@group-E10F35F715A9-StateMachineUpdater: set stopIndex = 0
2019-10-08 03:42:39,799 [main] INFO  impl.RaftServerImpl (ServerState.java:close(387)) - e55dc74a-5508-43f4-ba5a-e1e75e0afb35@group-E10F35F715A9: closes. applyIndex: 0
2019-10-08 03:42:39,800 [e55dc74a-5508-43f4-ba5a-e1e75e0afb35@group-E10F35F715A9-SegmentedRaftLogWorker] INFO  segmented.SegmentedRaftLogWorker (SegmentedRaftLogWorker.java:run(316)) - e55dc74a-5508-43f4-ba5a-e1e75e0afb35@group-E10F35F715A9-SegmentedRaftLogWorker was interrupted, exiting. There are 0 tasks remaining in the queue.
2019-10-08 03:42:39,802 [main] INFO  segmented.SegmentedRaftLogWorker (SegmentedRaftLogWorker.java:close(224)) - e55dc74a-5508-43f4-ba5a-e1e75e0afb35@group-E10F35F715A9-SegmentedRaftLogWorker close()
2019-10-08 03:42:39,805 [main] INFO  server.GrpcService (GrpcService.java:closeImpl(164)) - e55dc74a-5508-43f4-ba5a-e1e75e0afb35: shutdown server with port 38050 now
2019-10-08 03:42:39,806 [main] INFO  server.GrpcService (GrpcService.java:closeImpl(172)) - e55dc74a-5508-43f4-ba5a-e1e75e0afb35: shutdown server with port 38050 successfully
2019-10-08 03:42:39,815 [refreshUsed-/workdir/hadoop-ozone/integration-test/target/test-dir/MiniOzoneClusterImpl-803a9bc2-2fef-4080-b053-fc887ab92aa0/datanode-6/data/containers] WARN  fs.CachingGetSpaceUsed (CachingGetSpaceUsed.java:run(183)) - Thread Interrupted waiting to refresh disk information: sleep interrupted
2019-10-08 03:42:39,827 [main] INFO  utils.BackgroundService (BackgroundService.java:shutdown(148)) - Shutting down service BlockDeletingService
2019-10-08 03:42:39,832 [main] INFO  statemachine.DatanodeStateMachine (DatanodeStateMachine.java:stopDaemon(395)) - Ozone container server stopped.
2019-10-08 03:42:39,833 [main] INFO  handler.ContextHandler (ContextHandler.java:doStop(910)) - Stopped o.e.j.w.WebAppContext@7b122839{/,null,UNAVAILABLE}{/hddsDatanode}
2019-10-08 03:42:39,834 [main] INFO  server.AbstractConnector (AbstractConnector.java:doStop(318)) - Stopped ServerConnector@3743539f{HTTP/1.1,[http/1.1]}{0.0.0.0:0}
2019-10-08 03:42:39,834 [main] INFO  handler.ContextHandler (ContextHandler.java:doStop(910)) - Stopped o.e.j.s.ServletContextHandler@a2341c6{/static,jar:file:/home/user/.m2/repository/org/apache/hadoop/hadoop-hdds-container-service/0.5.0-SNAPSHOT/hadoop-hdds-container-service-0.5.0-SNAPSHOT.jar!/webapps/static,UNAVAILABLE}
2019-10-08 03:42:39,835 [main] INFO  handler.ContextHandler (ContextHandler.java:doStop(910)) - Stopped o.e.j.s.ServletContextHandler@4fa9ab6{/logs,file:///workdir/hadoop-ozone/integration-test/target/log,UNAVAILABLE}
2019-10-08 03:42:43,665 [Thread-317] INFO  impl.FollowerState (FollowerState.java:run(108)) - 655e713e-f432-49c6-be02-8424905dac44@group-317885D50A8B-FollowerState: change to CANDIDATE, lastRpcTime:9093ms, electionTimeout:5132ms
2019-10-08 03:42:43,666 [Thread-317] INFO  impl.RoleInfo (RoleInfo.java:shutdownFollowerState(121)) - 655e713e-f432-49c6-be02-8424905dac44: shutdown FollowerState
2019-10-08 03:42:43,666 [Thread-317] INFO  impl.RaftServerImpl (RaftServerImpl.java:setRole(170)) - 655e713e-f432-49c6-be02-8424905dac44@group-317885D50A8B: changes role from  FOLLOWER to CANDIDATE at term 1 for changeToCandidate
2019-10-08 03:42:43,666 [Thread-317] INFO  impl.RoleInfo (RoleInfo.java:updateAndGet(143)) - 655e713e-f432-49c6-be02-8424905dac44: start LeaderElection
2019-10-08 03:42:43,670 [655e713e-f432-49c6-be02-8424905dac44@group-317885D50A8B-LeaderElection11] INFO  impl.RaftServerImpl (ServerState.java:setLeader(255)) - 655e713e-f432-49c6-be02-8424905dac44@group-317885D50A8B: change Leader from 577faf7f-deb6-4506-8e99-75f39047aeab to null at term 1 for initElection
2019-10-08 03:42:43,698 [655e713e-f432-49c6-be02-8424905dac44@group-317885D50A8B-LeaderElection11] INFO  impl.LeaderElection (LeaderElection.java:askForVotes(178)) - 655e713e-f432-49c6-be02-8424905dac44@group-317885D50A8B-LeaderElection11: begin an election at term 2 for 0: [e55dc74a-5508-43f4-ba5a-e1e75e0afb35:192.168.151.83:38050, 655e713e-f432-49c6-be02-8424905dac44:192.168.151.83:45232, 577faf7f-deb6-4506-8e99-75f39047aeab:192.168.151.83:41804], old=null
2019-10-08 03:42:43,708 [655e713e-f432-49c6-be02-8424905dac44@group-317885D50A8B-LeaderElection11] INFO  impl.LeaderElection (LogUtils.java:infoOrTrace(149)) - 655e713e-f432-49c6-be02-8424905dac44@group-317885D50A8B-LeaderElection11 got exception when requesting votes: {}
java.util.concurrent.ExecutionException: org.apache.ratis.thirdparty.io.grpc.StatusRuntimeException: UNAVAILABLE: io exception
	at java.util.concurrent.FutureTask.report(FutureTask.java:122)
	at java.util.concurrent.FutureTask.get(FutureTask.java:192)
	at org.apache.ratis.server.impl.LeaderElection.waitForResults(LeaderElection.java:259)
	at org.apache.ratis.server.impl.LeaderElection.askForVotes(LeaderElection.java:197)
	at org.apache.ratis.server.impl.LeaderElection.run(LeaderElection.java:133)
	at java.lang.Thread.run(Thread.java:748)
Caused by: org.apache.ratis.thirdparty.io.grpc.StatusRuntimeException: UNAVAILABLE: io exception
	at org.apache.ratis.thirdparty.io.grpc.stub.ClientCalls.toStatusRuntimeException(ClientCalls.java:233)
	at org.apache.ratis.thirdparty.io.grpc.stub.ClientCalls.getUnchecked(ClientCalls.java:214)
	at org.apache.ratis.thirdparty.io.grpc.stub.ClientCalls.blockingUnaryCall(ClientCalls.java:139)
	at org.apache.ratis.proto.grpc.RaftServerProtocolServiceGrpc$RaftServerProtocolServiceBlockingStub.requestVote(RaftServerProtocolServiceGrpc.java:265)
	at org.apache.ratis.grpc.server.GrpcServerProtocolClient.requestVote(GrpcServerProtocolClient.java:99)
	at org.apache.ratis.grpc.server.GrpcService.requestVote(GrpcService.java:204)
	at org.apache.ratis.server.impl.LeaderElection.lambda$submitRequests$1(LeaderElection.java:234)
	at java.util.concurrent.FutureTask.run(FutureTask.java:266)
	at java.util.concurrent.Executors$RunnableAdapter.call(Executors.java:511)
	at java.util.concurrent.FutureTask.run(FutureTask.java:266)
	at java.util.concurrent.ThreadPoolExecutor.runWorker(ThreadPoolExecutor.java:1149)
	at java.util.concurrent.ThreadPoolExecutor$Worker.run(ThreadPoolExecutor.java:624)
	... 1 more
Caused by: org.apache.ratis.thirdparty.io.netty.channel.AbstractChannel$AnnotatedConnectException: Connection refused: /192.168.151.83:41804
	at sun.nio.ch.SocketChannelImpl.checkConnect(Native Method)
	at sun.nio.ch.SocketChannelImpl.finishConnect(SocketChannelImpl.java:717)
	at org.apache.ratis.thirdparty.io.netty.channel.socket.nio.NioSocketChannel.doFinishConnect(NioSocketChannel.java:327)
	at org.apache.ratis.thirdparty.io.netty.channel.nio.AbstractNioChannel$AbstractNioUnsafe.finishConnect(AbstractNioChannel.java:340)
	at org.apache.ratis.thirdparty.io.netty.channel.nio.NioEventLoop.processSelectedKey(NioEventLoop.java:632)
	at org.apache.ratis.thirdparty.io.netty.channel.nio.NioEventLoop.processSelectedKeysOptimized(NioEventLoop.java:579)
	at org.apache.ratis.thirdparty.io.netty.channel.nio.NioEventLoop.processSelectedKeys(NioEventLoop.java:496)
	at org.apache.ratis.thirdparty.io.netty.channel.nio.NioEventLoop.run(NioEventLoop.java:458)
	at org.apache.ratis.thirdparty.io.netty.util.concurrent.SingleThreadEventExecutor$5.run(SingleThreadEventExecutor.java:897)
	at org.apache.ratis.thirdparty.io.netty.util.concurrent.FastThreadLocalRunnable.run(FastThreadLocalRunnable.java:30)
	... 1 more
Caused by: java.net.ConnectException: Connection refused
	... 11 more
2019-10-08 03:42:43,713 [655e713e-f432-49c6-be02-8424905dac44@group-317885D50A8B-LeaderElection11] INFO  impl.LeaderElection (LogUtils.java:infoOrTrace(149)) - 655e713e-f432-49c6-be02-8424905dac44@group-317885D50A8B-LeaderElection11 got exception when requesting votes: {}
java.util.concurrent.ExecutionException: org.apache.ratis.thirdparty.io.grpc.StatusRuntimeException: UNAVAILABLE: io exception
	at java.util.concurrent.FutureTask.report(FutureTask.java:122)
	at java.util.concurrent.FutureTask.get(FutureTask.java:192)
	at org.apache.ratis.server.impl.LeaderElection.waitForResults(LeaderElection.java:259)
	at org.apache.ratis.server.impl.LeaderElection.askForVotes(LeaderElection.java:197)
	at org.apache.ratis.server.impl.LeaderElection.run(LeaderElection.java:133)
	at java.lang.Thread.run(Thread.java:748)
Caused by: org.apache.ratis.thirdparty.io.grpc.StatusRuntimeException: UNAVAILABLE: io exception
	at org.apache.ratis.thirdparty.io.grpc.stub.ClientCalls.toStatusRuntimeException(ClientCalls.java:233)
	at org.apache.ratis.thirdparty.io.grpc.stub.ClientCalls.getUnchecked(ClientCalls.java:214)
	at org.apache.ratis.thirdparty.io.grpc.stub.ClientCalls.blockingUnaryCall(ClientCalls.java:139)
	at org.apache.ratis.proto.grpc.RaftServerProtocolServiceGrpc$RaftServerProtocolServiceBlockingStub.requestVote(RaftServerProtocolServiceGrpc.java:265)
	at org.apache.ratis.grpc.server.GrpcServerProtocolClient.requestVote(GrpcServerProtocolClient.java:99)
	at org.apache.ratis.grpc.server.GrpcService.requestVote(GrpcService.java:204)
	at org.apache.ratis.server.impl.LeaderElection.lambda$submitRequests$1(LeaderElection.java:234)
	at java.util.concurrent.FutureTask.run(FutureTask.java:266)
	at java.util.concurrent.Executors$RunnableAdapter.call(Executors.java:511)
	at java.util.concurrent.FutureTask.run(FutureTask.java:266)
	at java.util.concurrent.ThreadPoolExecutor.runWorker(ThreadPoolExecutor.java:1149)
	at java.util.concurrent.ThreadPoolExecutor$Worker.run(ThreadPoolExecutor.java:624)
	... 1 more
Caused by: org.apache.ratis.thirdparty.io.netty.channel.AbstractChannel$AnnotatedConnectException: Connection refused: /192.168.151.83:38050
	at sun.nio.ch.SocketChannelImpl.checkConnect(Native Method)
	at sun.nio.ch.SocketChannelImpl.finishConnect(SocketChannelImpl.java:717)
	at org.apache.ratis.thirdparty.io.netty.channel.socket.nio.NioSocketChannel.doFinishConnect(NioSocketChannel.java:327)
	at org.apache.ratis.thirdparty.io.netty.channel.nio.AbstractNioChannel$AbstractNioUnsafe.finishConnect(AbstractNioChannel.java:340)
	at org.apache.ratis.thirdparty.io.netty.channel.nio.NioEventLoop.processSelectedKey(NioEventLoop.java:632)
	at org.apache.ratis.thirdparty.io.netty.channel.nio.NioEventLoop.processSelectedKeysOptimized(NioEventLoop.java:579)
	at org.apache.ratis.thirdparty.io.netty.channel.nio.NioEventLoop.processSelectedKeys(NioEventLoop.java:496)
	at org.apache.ratis.thirdparty.io.netty.channel.nio.NioEventLoop.run(NioEventLoop.java:458)
	at org.apache.ratis.thirdparty.io.netty.util.concurrent.SingleThreadEventExecutor$5.run(SingleThreadEventExecutor.java:897)
	at org.apache.ratis.thirdparty.io.netty.util.concurrent.FastThreadLocalRunnable.run(FastThreadLocalRunnable.java:30)
	... 1 more
Caused by: java.net.ConnectException: Connection refused
	... 11 more
2019-10-08 03:42:43,716 [655e713e-f432-49c6-be02-8424905dac44@group-317885D50A8B-LeaderElection11] INFO  impl.LeaderElection (LeaderElection.java:logAndReturn(56)) - 655e713e-f432-49c6-be02-8424905dac44@group-317885D50A8B-LeaderElection11: Election REJECTED; received 0 response(s) [] and 2 exception(s); 655e713e-f432-49c6-be02-8424905dac44@group-317885D50A8B:t2, leader=null, voted=655e713e-f432-49c6-be02-8424905dac44, raftlog=655e713e-f432-49c6-be02-8424905dac44@group-317885D50A8B-SegmentedRaftLog:OPENED:c16,f16,i16, conf=0: [e55dc74a-5508-43f4-ba5a-e1e75e0afb35:192.168.151.83:38050, 655e713e-f432-49c6-be02-8424905dac44:192.168.151.83:45232, 577faf7f-deb6-4506-8e99-75f39047aeab:192.168.151.83:41804], old=null
2019-10-08 03:42:43,717 [655e713e-f432-49c6-be02-8424905dac44@group-317885D50A8B-LeaderElection11] INFO  impl.LeaderElection (LogUtils.java:infoOrTrace(149)) -   Exception 0: {}
java.util.concurrent.ExecutionException: org.apache.ratis.thirdparty.io.grpc.StatusRuntimeException: UNAVAILABLE: io exception
	at java.util.concurrent.FutureTask.report(FutureTask.java:122)
	at java.util.concurrent.FutureTask.get(FutureTask.java:192)
	at org.apache.ratis.server.impl.LeaderElection.waitForResults(LeaderElection.java:259)
	at org.apache.ratis.server.impl.LeaderElection.askForVotes(LeaderElection.java:197)
	at org.apache.ratis.server.impl.LeaderElection.run(LeaderElection.java:133)
	at java.lang.Thread.run(Thread.java:748)
Caused by: org.apache.ratis.thirdparty.io.grpc.StatusRuntimeException: UNAVAILABLE: io exception
	at org.apache.ratis.thirdparty.io.grpc.stub.ClientCalls.toStatusRuntimeException(ClientCalls.java:233)
	at org.apache.ratis.thirdparty.io.grpc.stub.ClientCalls.getUnchecked(ClientCalls.java:214)
	at org.apache.ratis.thirdparty.io.grpc.stub.ClientCalls.blockingUnaryCall(ClientCalls.java:139)
	at org.apache.ratis.proto.grpc.RaftServerProtocolServiceGrpc$RaftServerProtocolServiceBlockingStub.requestVote(RaftServerProtocolServiceGrpc.java:265)
	at org.apache.ratis.grpc.server.GrpcServerProtocolClient.requestVote(GrpcServerProtocolClient.java:99)
	at org.apache.ratis.grpc.server.GrpcService.requestVote(GrpcService.java:204)
	at org.apache.ratis.server.impl.LeaderElection.lambda$submitRequests$1(LeaderElection.java:234)
	at java.util.concurrent.FutureTask.run(FutureTask.java:266)
	at java.util.concurrent.Executors$RunnableAdapter.call(Executors.java:511)
	at java.util.concurrent.FutureTask.run(FutureTask.java:266)
	at java.util.concurrent.ThreadPoolExecutor.runWorker(ThreadPoolExecutor.java:1149)
	at java.util.concurrent.ThreadPoolExecutor$Worker.run(ThreadPoolExecutor.java:624)
	... 1 more
Caused by: org.apache.ratis.thirdparty.io.netty.channel.AbstractChannel$AnnotatedConnectException: Connection refused: /192.168.151.83:41804
	at sun.nio.ch.SocketChannelImpl.checkConnect(Native Method)
	at sun.nio.ch.SocketChannelImpl.finishConnect(SocketChannelImpl.java:717)
	at org.apache.ratis.thirdparty.io.netty.channel.socket.nio.NioSocketChannel.doFinishConnect(NioSocketChannel.java:327)
	at org.apache.ratis.thirdparty.io.netty.channel.nio.AbstractNioChannel$AbstractNioUnsafe.finishConnect(AbstractNioChannel.java:340)
	at org.apache.ratis.thirdparty.io.netty.channel.nio.NioEventLoop.processSelectedKey(NioEventLoop.java:632)
	at org.apache.ratis.thirdparty.io.netty.channel.nio.NioEventLoop.processSelectedKeysOptimized(NioEventLoop.java:579)
	at org.apache.ratis.thirdparty.io.netty.channel.nio.NioEventLoop.processSelectedKeys(NioEventLoop.java:496)
	at org.apache.ratis.thirdparty.io.netty.channel.nio.NioEventLoop.run(NioEventLoop.java:458)
	at org.apache.ratis.thirdparty.io.netty.util.concurrent.SingleThreadEventExecutor$5.run(SingleThreadEventExecutor.java:897)
	at org.apache.ratis.thirdparty.io.netty.util.concurrent.FastThreadLocalRunnable.run(FastThreadLocalRunnable.java:30)
	... 1 more
Caused by: java.net.ConnectException: Connection refused
	... 11 more
2019-10-08 03:42:43,717 [655e713e-f432-49c6-be02-8424905dac44@group-317885D50A8B-LeaderElection11] INFO  impl.LeaderElection (LogUtils.java:infoOrTrace(149)) -   Exception 1: {}
java.util.concurrent.ExecutionException: org.apache.ratis.thirdparty.io.grpc.StatusRuntimeException: UNAVAILABLE: io exception
	at java.util.concurrent.FutureTask.report(FutureTask.java:122)
	at java.util.concurrent.FutureTask.get(FutureTask.java:192)
	at org.apache.ratis.server.impl.LeaderElection.waitForResults(LeaderElection.java:259)
	at org.apache.ratis.server.impl.LeaderElection.askForVotes(LeaderElection.java:197)
	at org.apache.ratis.server.impl.LeaderElection.run(LeaderElection.java:133)
	at java.lang.Thread.run(Thread.java:748)
Caused by: org.apache.ratis.thirdparty.io.grpc.StatusRuntimeException: UNAVAILABLE: io exception
	at org.apache.ratis.thirdparty.io.grpc.stub.ClientCalls.toStatusRuntimeException(ClientCalls.java:233)
	at org.apache.ratis.thirdparty.io.grpc.stub.ClientCalls.getUnchecked(ClientCalls.java:214)
	at org.apache.ratis.thirdparty.io.grpc.stub.ClientCalls.blockingUnaryCall(ClientCalls.java:139)
	at org.apache.ratis.proto.grpc.RaftServerProtocolServiceGrpc$RaftServerProtocolServiceBlockingStub.requestVote(RaftServerProtocolServiceGrpc.java:265)
	at org.apache.ratis.grpc.server.GrpcServerProtocolClient.requestVote(GrpcServerProtocolClient.java:99)
	at org.apache.ratis.grpc.server.GrpcService.requestVote(GrpcService.java:204)
	at org.apache.ratis.server.impl.LeaderElection.lambda$submitRequests$1(LeaderElection.java:234)
	at java.util.concurrent.FutureTask.run(FutureTask.java:266)
	at java.util.concurrent.Executors$RunnableAdapter.call(Executors.java:511)
	at java.util.concurrent.FutureTask.run(FutureTask.java:266)
	at java.util.concurrent.ThreadPoolExecutor.runWorker(ThreadPoolExecutor.java:1149)
	at java.util.concurrent.ThreadPoolExecutor$Worker.run(ThreadPoolExecutor.java:624)
	... 1 more
Caused by: org.apache.ratis.thirdparty.io.netty.channel.AbstractChannel$AnnotatedConnectException: Connection refused: /192.168.151.83:38050
	at sun.nio.ch.SocketChannelImpl.checkConnect(Native Method)
	at sun.nio.ch.SocketChannelImpl.finishConnect(SocketChannelImpl.java:717)
	at org.apache.ratis.thirdparty.io.netty.channel.socket.nio.NioSocketChannel.doFinishConnect(NioSocketChannel.java:327)
	at org.apache.ratis.thirdparty.io.netty.channel.nio.AbstractNioChannel$AbstractNioUnsafe.finishConnect(AbstractNioChannel.java:340)
	at org.apache.ratis.thirdparty.io.netty.channel.nio.NioEventLoop.processSelectedKey(NioEventLoop.java:632)
	at org.apache.ratis.thirdparty.io.netty.channel.nio.NioEventLoop.processSelectedKeysOptimized(NioEventLoop.java:579)
	at org.apache.ratis.thirdparty.io.netty.channel.nio.NioEventLoop.processSelectedKeys(NioEventLoop.java:496)
	at org.apache.ratis.thirdparty.io.netty.channel.nio.NioEventLoop.run(NioEventLoop.java:458)
	at org.apache.ratis.thirdparty.io.netty.util.concurrent.SingleThreadEventExecutor$5.run(SingleThreadEventExecutor.java:897)
	at org.apache.ratis.thirdparty.io.netty.util.concurrent.FastThreadLocalRunnable.run(FastThreadLocalRunnable.java:30)
	... 1 more
Caused by: java.net.ConnectException: Connection refused
	... 11 more
2019-10-08 03:42:43,718 [655e713e-f432-49c6-be02-8424905dac44@group-317885D50A8B-LeaderElection11] INFO  impl.RaftServerImpl (RaftServerImpl.java:setRole(170)) - 655e713e-f432-49c6-be02-8424905dac44@group-317885D50A8B: changes role from CANDIDATE to FOLLOWER at term 2 for DISCOVERED_A_NEW_TERM
2019-10-08 03:42:43,720 [655e713e-f432-49c6-be02-8424905dac44@group-317885D50A8B-LeaderElection11] INFO  impl.RoleInfo (RoleInfo.java:shutdownLeaderElection(134)) - 655e713e-f432-49c6-be02-8424905dac44: shutdown LeaderElection
2019-10-08 03:42:43,720 [655e713e-f432-49c6-be02-8424905dac44@group-317885D50A8B-LeaderElection11] INFO  impl.RoleInfo (RoleInfo.java:updateAndGet(143)) - 655e713e-f432-49c6-be02-8424905dac44: start FollowerState
2019-10-08 03:42:48,842 [Thread-414] INFO  impl.FollowerState (FollowerState.java:run(108)) - 655e713e-f432-49c6-be02-8424905dac44@group-317885D50A8B-FollowerState: change to CANDIDATE, lastRpcTime:5122ms, electionTimeout:5120ms
2019-10-08 03:42:48,845 [Thread-414] INFO  impl.RoleInfo (RoleInfo.java:shutdownFollowerState(121)) - 655e713e-f432-49c6-be02-8424905dac44: shutdown FollowerState
2019-10-08 03:42:48,845 [Thread-414] INFO  impl.RaftServerImpl (RaftServerImpl.java:setRole(170)) - 655e713e-f432-49c6-be02-8424905dac44@group-317885D50A8B: changes role from  FOLLOWER to CANDIDATE at term 2 for changeToCandidate
2019-10-08 03:42:48,845 [Thread-414] INFO  impl.RoleInfo (RoleInfo.java:updateAndGet(143)) - 655e713e-f432-49c6-be02-8424905dac44: start LeaderElection
2019-10-08 03:42:48,874 [655e713e-f432-49c6-be02-8424905dac44@group-317885D50A8B-LeaderElection12] INFO  impl.LeaderElection (LeaderElection.java:askForVotes(178)) - 655e713e-f432-49c6-be02-8424905dac44@group-317885D50A8B-LeaderElection12: begin an election at term 3 for 0: [e55dc74a-5508-43f4-ba5a-e1e75e0afb35:192.168.151.83:38050, 655e713e-f432-49c6-be02-8424905dac44:192.168.151.83:45232, 577faf7f-deb6-4506-8e99-75f39047aeab:192.168.151.83:41804], old=null
2019-10-08 03:42:48,875 [655e713e-f432-49c6-be02-8424905dac44@group-317885D50A8B-LeaderElection12] INFO  impl.LeaderElection (LogUtils.java:infoOrTrace(149)) - 655e713e-f432-49c6-be02-8424905dac44@group-317885D50A8B-LeaderElection12 got exception when requesting votes: {}
java.util.concurrent.ExecutionException: org.apache.ratis.thirdparty.io.grpc.StatusRuntimeException: UNAVAILABLE: io exception
	at java.util.concurrent.FutureTask.report(FutureTask.java:122)
	at java.util.concurrent.FutureTask.get(FutureTask.java:192)
	at org.apache.ratis.server.impl.LeaderElection.waitForResults(LeaderElection.java:259)
	at org.apache.ratis.server.impl.LeaderElection.askForVotes(LeaderElection.java:197)
	at org.apache.ratis.server.impl.LeaderElection.run(LeaderElection.java:133)
	at java.lang.Thread.run(Thread.java:748)
Caused by: org.apache.ratis.thirdparty.io.grpc.StatusRuntimeException: UNAVAILABLE: io exception
	at org.apache.ratis.thirdparty.io.grpc.stub.ClientCalls.toStatusRuntimeException(ClientCalls.java:233)
	at org.apache.ratis.thirdparty.io.grpc.stub.ClientCalls.getUnchecked(ClientCalls.java:214)
	at org.apache.ratis.thirdparty.io.grpc.stub.ClientCalls.blockingUnaryCall(ClientCalls.java:139)
	at org.apache.ratis.proto.grpc.RaftServerProtocolServiceGrpc$RaftServerProtocolServiceBlockingStub.requestVote(RaftServerProtocolServiceGrpc.java:265)
	at org.apache.ratis.grpc.server.GrpcServerProtocolClient.requestVote(GrpcServerProtocolClient.java:99)
	at org.apache.ratis.grpc.server.GrpcService.requestVote(GrpcService.java:204)
	at org.apache.ratis.server.impl.LeaderElection.lambda$submitRequests$1(LeaderElection.java:234)
	at java.util.concurrent.FutureTask.run(FutureTask.java:266)
	at java.util.concurrent.Executors$RunnableAdapter.call(Executors.java:511)
	at java.util.concurrent.FutureTask.run(FutureTask.java:266)
	at java.util.concurrent.ThreadPoolExecutor.runWorker(ThreadPoolExecutor.java:1149)
	at java.util.concurrent.ThreadPoolExecutor$Worker.run(ThreadPoolExecutor.java:624)
	... 1 more
Caused by: org.apache.ratis.thirdparty.io.netty.channel.AbstractChannel$AnnotatedConnectException: Connection refused: /192.168.151.83:38050
	at sun.nio.ch.SocketChannelImpl.checkConnect(Native Method)
	at sun.nio.ch.SocketChannelImpl.finishConnect(SocketChannelImpl.java:717)
	at org.apache.ratis.thirdparty.io.netty.channel.socket.nio.NioSocketChannel.doFinishConnect(NioSocketChannel.java:327)
	at org.apache.ratis.thirdparty.io.netty.channel.nio.AbstractNioChannel$AbstractNioUnsafe.finishConnect(AbstractNioChannel.java:340)
	at org.apache.ratis.thirdparty.io.netty.channel.nio.NioEventLoop.processSelectedKey(NioEventLoop.java:632)
	at org.apache.ratis.thirdparty.io.netty.channel.nio.NioEventLoop.processSelectedKeysOptimized(NioEventLoop.java:579)
	at org.apache.ratis.thirdparty.io.netty.channel.nio.NioEventLoop.processSelectedKeys(NioEventLoop.java:496)
	at org.apache.ratis.thirdparty.io.netty.channel.nio.NioEventLoop.run(NioEventLoop.java:458)
	at org.apache.ratis.thirdparty.io.netty.util.concurrent.SingleThreadEventExecutor$5.run(SingleThreadEventExecutor.java:897)
	at org.apache.ratis.thirdparty.io.netty.util.concurrent.FastThreadLocalRunnable.run(FastThreadLocalRunnable.java:30)
	... 1 more
Caused by: java.net.ConnectException: Connection refused
	... 11 more
2019-10-08 03:42:48,878 [655e713e-f432-49c6-be02-8424905dac44@group-317885D50A8B-LeaderElection12] INFO  impl.LeaderElection (LogUtils.java:infoOrTrace(149)) - 655e713e-f432-49c6-be02-8424905dac44@group-317885D50A8B-LeaderElection12 got exception when requesting votes: {}
java.util.concurrent.ExecutionException: org.apache.ratis.thirdparty.io.grpc.StatusRuntimeException: UNAVAILABLE: io exception
	at java.util.concurrent.FutureTask.report(FutureTask.java:122)
	at java.util.concurrent.FutureTask.get(FutureTask.java:192)
	at org.apache.ratis.server.impl.LeaderElection.waitForResults(LeaderElection.java:259)
	at org.apache.ratis.server.impl.LeaderElection.askForVotes(LeaderElection.java:197)
	at org.apache.ratis.server.impl.LeaderElection.run(LeaderElection.java:133)
	at java.lang.Thread.run(Thread.java:748)
Caused by: org.apache.ratis.thirdparty.io.grpc.StatusRuntimeException: UNAVAILABLE: io exception
	at org.apache.ratis.thirdparty.io.grpc.stub.ClientCalls.toStatusRuntimeException(ClientCalls.java:233)
	at org.apache.ratis.thirdparty.io.grpc.stub.ClientCalls.getUnchecked(ClientCalls.java:214)
	at org.apache.ratis.thirdparty.io.grpc.stub.ClientCalls.blockingUnaryCall(ClientCalls.java:139)
	at org.apache.ratis.proto.grpc.RaftServerProtocolServiceGrpc$RaftServerProtocolServiceBlockingStub.requestVote(RaftServerProtocolServiceGrpc.java:265)
	at org.apache.ratis.grpc.server.GrpcServerProtocolClient.requestVote(GrpcServerProtocolClient.java:99)
	at org.apache.ratis.grpc.server.GrpcService.requestVote(GrpcService.java:204)
	at org.apache.ratis.server.impl.LeaderElection.lambda$submitRequests$1(LeaderElection.java:234)
	at java.util.concurrent.FutureTask.run(FutureTask.java:266)
	at java.util.concurrent.Executors$RunnableAdapter.call(Executors.java:511)
	at java.util.concurrent.FutureTask.run(FutureTask.java:266)
	at java.util.concurrent.ThreadPoolExecutor.runWorker(ThreadPoolExecutor.java:1149)
	at java.util.concurrent.ThreadPoolExecutor$Worker.run(ThreadPoolExecutor.java:624)
	... 1 more
Caused by: org.apache.ratis.thirdparty.io.netty.channel.AbstractChannel$AnnotatedConnectException: Connection refused: /192.168.151.83:41804
	at sun.nio.ch.SocketChannelImpl.checkConnect(Native Method)
	at sun.nio.ch.SocketChannelImpl.finishConnect(SocketChannelImpl.java:717)
	at org.apache.ratis.thirdparty.io.netty.channel.socket.nio.NioSocketChannel.doFinishConnect(NioSocketChannel.java:327)
	at org.apache.ratis.thirdparty.io.netty.channel.nio.AbstractNioChannel$AbstractNioUnsafe.finishConnect(AbstractNioChannel.java:340)
	at org.apache.ratis.thirdparty.io.netty.channel.nio.NioEventLoop.processSelectedKey(NioEventLoop.java:632)
	at org.apache.ratis.thirdparty.io.netty.channel.nio.NioEventLoop.processSelectedKeysOptimized(NioEventLoop.java:579)
	at org.apache.ratis.thirdparty.io.netty.channel.nio.NioEventLoop.processSelectedKeys(NioEventLoop.java:496)
	at org.apache.ratis.thirdparty.io.netty.channel.nio.NioEventLoop.run(NioEventLoop.java:458)
	at org.apache.ratis.thirdparty.io.netty.util.concurrent.SingleThreadEventExecutor$5.run(SingleThreadEventExecutor.java:897)
	at org.apache.ratis.thirdparty.io.netty.util.concurrent.FastThreadLocalRunnable.run(FastThreadLocalRunnable.java:30)
	... 1 more
Caused by: java.net.ConnectException: Connection refused
	... 11 more
2019-10-08 03:42:48,881 [655e713e-f432-49c6-be02-8424905dac44@group-317885D50A8B-LeaderElection12] INFO  impl.LeaderElection (LeaderElection.java:logAndReturn(56)) - 655e713e-f432-49c6-be02-8424905dac44@group-317885D50A8B-LeaderElection12: Election REJECTED; received 0 response(s) [] and 2 exception(s); 655e713e-f432-49c6-be02-8424905dac44@group-317885D50A8B:t3, leader=null, voted=655e713e-f432-49c6-be02-8424905dac44, raftlog=655e713e-f432-49c6-be02-8424905dac44@group-317885D50A8B-SegmentedRaftLog:OPENED:c16,f16,i16, conf=0: [e55dc74a-5508-43f4-ba5a-e1e75e0afb35:192.168.151.83:38050, 655e713e-f432-49c6-be02-8424905dac44:192.168.151.83:45232, 577faf7f-deb6-4506-8e99-75f39047aeab:192.168.151.83:41804], old=null
2019-10-08 03:42:48,881 [655e713e-f432-49c6-be02-8424905dac44@group-317885D50A8B-LeaderElection12] INFO  impl.LeaderElection (LogUtils.java:infoOrTrace(149)) -   Exception 0: {}
java.util.concurrent.ExecutionException: org.apache.ratis.thirdparty.io.grpc.StatusRuntimeException: UNAVAILABLE: io exception
	at java.util.concurrent.FutureTask.report(FutureTask.java:122)
	at java.util.concurrent.FutureTask.get(FutureTask.java:192)
	at org.apache.ratis.server.impl.LeaderElection.waitForResults(LeaderElection.java:259)
	at org.apache.ratis.server.impl.LeaderElection.askForVotes(LeaderElection.java:197)
	at org.apache.ratis.server.impl.LeaderElection.run(LeaderElection.java:133)
	at java.lang.Thread.run(Thread.java:748)
Caused by: org.apache.ratis.thirdparty.io.grpc.StatusRuntimeException: UNAVAILABLE: io exception
	at org.apache.ratis.thirdparty.io.grpc.stub.ClientCalls.toStatusRuntimeException(ClientCalls.java:233)
	at org.apache.ratis.thirdparty.io.grpc.stub.ClientCalls.getUnchecked(ClientCalls.java:214)
	at org.apache.ratis.thirdparty.io.grpc.stub.ClientCalls.blockingUnaryCall(ClientCalls.java:139)
	at org.apache.ratis.proto.grpc.RaftServerProtocolServiceGrpc$RaftServerProtocolServiceBlockingStub.requestVote(RaftServerProtocolServiceGrpc.java:265)
	at org.apache.ratis.grpc.server.GrpcServerProtocolClient.requestVote(GrpcServerProtocolClient.java:99)
	at org.apache.ratis.grpc.server.GrpcService.requestVote(GrpcService.java:204)
	at org.apache.ratis.server.impl.LeaderElection.lambda$submitRequests$1(LeaderElection.java:234)
	at java.util.concurrent.FutureTask.run(FutureTask.java:266)
	at java.util.concurrent.Executors$RunnableAdapter.call(Executors.java:511)
	at java.util.concurrent.FutureTask.run(FutureTask.java:266)
	at java.util.concurrent.ThreadPoolExecutor.runWorker(ThreadPoolExecutor.java:1149)
	at java.util.concurrent.ThreadPoolExecutor$Worker.run(ThreadPoolExecutor.java:624)
	... 1 more
Caused by: org.apache.ratis.thirdparty.io.netty.channel.AbstractChannel$AnnotatedConnectException: Connection refused: /192.168.151.83:38050
	at sun.nio.ch.SocketChannelImpl.checkConnect(Native Method)
	at sun.nio.ch.SocketChannelImpl.finishConnect(SocketChannelImpl.java:717)
	at org.apache.ratis.thirdparty.io.netty.channel.socket.nio.NioSocketChannel.doFinishConnect(NioSocketChannel.java:327)
	at org.apache.ratis.thirdparty.io.netty.channel.nio.AbstractNioChannel$AbstractNioUnsafe.finishConnect(AbstractNioChannel.java:340)
	at org.apache.ratis.thirdparty.io.netty.channel.nio.NioEventLoop.processSelectedKey(NioEventLoop.java:632)
	at org.apache.ratis.thirdparty.io.netty.channel.nio.NioEventLoop.processSelectedKeysOptimized(NioEventLoop.java:579)
	at org.apache.ratis.thirdparty.io.netty.channel.nio.NioEventLoop.processSelectedKeys(NioEventLoop.java:496)
	at org.apache.ratis.thirdparty.io.netty.channel.nio.NioEventLoop.run(NioEventLoop.java:458)
	at org.apache.ratis.thirdparty.io.netty.util.concurrent.SingleThreadEventExecutor$5.run(SingleThreadEventExecutor.java:897)
	at org.apache.ratis.thirdparty.io.netty.util.concurrent.FastThreadLocalRunnable.run(FastThreadLocalRunnable.java:30)
	... 1 more
Caused by: java.net.ConnectException: Connection refused
	... 11 more
2019-10-08 03:42:48,881 [655e713e-f432-49c6-be02-8424905dac44@group-317885D50A8B-LeaderElection12] INFO  impl.LeaderElection (LogUtils.java:infoOrTrace(149)) -   Exception 1: {}
java.util.concurrent.ExecutionException: org.apache.ratis.thirdparty.io.grpc.StatusRuntimeException: UNAVAILABLE: io exception
	at java.util.concurrent.FutureTask.report(FutureTask.java:122)
	at java.util.concurrent.FutureTask.get(FutureTask.java:192)
	at org.apache.ratis.server.impl.LeaderElection.waitForResults(LeaderElection.java:259)
	at org.apache.ratis.server.impl.LeaderElection.askForVotes(LeaderElection.java:197)
	at org.apache.ratis.server.impl.LeaderElection.run(LeaderElection.java:133)
	at java.lang.Thread.run(Thread.java:748)
Caused by: org.apache.ratis.thirdparty.io.grpc.StatusRuntimeException: UNAVAILABLE: io exception
	at org.apache.ratis.thirdparty.io.grpc.stub.ClientCalls.toStatusRuntimeException(ClientCalls.java:233)
	at org.apache.ratis.thirdparty.io.grpc.stub.ClientCalls.getUnchecked(ClientCalls.java:214)
	at org.apache.ratis.thirdparty.io.grpc.stub.ClientCalls.blockingUnaryCall(ClientCalls.java:139)
	at org.apache.ratis.proto.grpc.RaftServerProtocolServiceGrpc$RaftServerProtocolServiceBlockingStub.requestVote(RaftServerProtocolServiceGrpc.java:265)
	at org.apache.ratis.grpc.server.GrpcServerProtocolClient.requestVote(GrpcServerProtocolClient.java:99)
	at org.apache.ratis.grpc.server.GrpcService.requestVote(GrpcService.java:204)
	at org.apache.ratis.server.impl.LeaderElection.lambda$submitRequests$1(LeaderElection.java:234)
	at java.util.concurrent.FutureTask.run(FutureTask.java:266)
	at java.util.concurrent.Executors$RunnableAdapter.call(Executors.java:511)
	at java.util.concurrent.FutureTask.run(FutureTask.java:266)
	at java.util.concurrent.ThreadPoolExecutor.runWorker(ThreadPoolExecutor.java:1149)
	at java.util.concurrent.ThreadPoolExecutor$Worker.run(ThreadPoolExecutor.java:624)
	... 1 more
Caused by: org.apache.ratis.thirdparty.io.netty.channel.AbstractChannel$AnnotatedConnectException: Connection refused: /192.168.151.83:41804
	at sun.nio.ch.SocketChannelImpl.checkConnect(Native Method)
	at sun.nio.ch.SocketChannelImpl.finishConnect(SocketChannelImpl.java:717)
	at org.apache.ratis.thirdparty.io.netty.channel.socket.nio.NioSocketChannel.doFinishConnect(NioSocketChannel.java:327)
	at org.apache.ratis.thirdparty.io.netty.channel.nio.AbstractNioChannel$AbstractNioUnsafe.finishConnect(AbstractNioChannel.java:340)
	at org.apache.ratis.thirdparty.io.netty.channel.nio.NioEventLoop.processSelectedKey(NioEventLoop.java:632)
	at org.apache.ratis.thirdparty.io.netty.channel.nio.NioEventLoop.processSelectedKeysOptimized(NioEventLoop.java:579)
	at org.apache.ratis.thirdparty.io.netty.channel.nio.NioEventLoop.processSelectedKeys(NioEventLoop.java:496)
	at org.apache.ratis.thirdparty.io.netty.channel.nio.NioEventLoop.run(NioEventLoop.java:458)
	at org.apache.ratis.thirdparty.io.netty.util.concurrent.SingleThreadEventExecutor$5.run(SingleThreadEventExecutor.java:897)
	at org.apache.ratis.thirdparty.io.netty.util.concurrent.FastThreadLocalRunnable.run(FastThreadLocalRunnable.java:30)
	... 1 more
Caused by: java.net.ConnectException: Connection refused
	... 11 more
2019-10-08 03:42:48,882 [655e713e-f432-49c6-be02-8424905dac44@group-317885D50A8B-LeaderElection12] INFO  impl.RaftServerImpl (RaftServerImpl.java:setRole(170)) - 655e713e-f432-49c6-be02-8424905dac44@group-317885D50A8B: changes role from CANDIDATE to FOLLOWER at term 3 for DISCOVERED_A_NEW_TERM
2019-10-08 03:42:48,882 [655e713e-f432-49c6-be02-8424905dac44@group-317885D50A8B-LeaderElection12] INFO  impl.RoleInfo (RoleInfo.java:shutdownLeaderElection(134)) - 655e713e-f432-49c6-be02-8424905dac44: shutdown LeaderElection
2019-10-08 03:42:48,883 [655e713e-f432-49c6-be02-8424905dac44@group-317885D50A8B-LeaderElection12] INFO  impl.RoleInfo (RoleInfo.java:updateAndGet(143)) - 655e713e-f432-49c6-be02-8424905dac44: start FollowerState
2019-10-08 03:42:53,963 [Thread-430] INFO  impl.FollowerState (FollowerState.java:run(108)) - 655e713e-f432-49c6-be02-8424905dac44@group-317885D50A8B-FollowerState: change to CANDIDATE, lastRpcTime:5080ms, electionTimeout:5080ms
2019-10-08 03:42:53,967 [Thread-430] INFO  impl.RoleInfo (RoleInfo.java:shutdownFollowerState(121)) - 655e713e-f432-49c6-be02-8424905dac44: shutdown FollowerState
2019-10-08 03:42:53,968 [Thread-430] INFO  impl.RaftServerImpl (RaftServerImpl.java:setRole(170)) - 655e713e-f432-49c6-be02-8424905dac44@group-317885D50A8B: changes role from  FOLLOWER to CANDIDATE at term 3 for changeToCandidate
2019-10-08 03:42:53,968 [Thread-430] INFO  impl.RoleInfo (RoleInfo.java:updateAndGet(143)) - 655e713e-f432-49c6-be02-8424905dac44: start LeaderElection
2019-10-08 03:42:53,992 [655e713e-f432-49c6-be02-8424905dac44@group-317885D50A8B-LeaderElection13] INFO  impl.LeaderElection (LeaderElection.java:askForVotes(178)) - 655e713e-f432-49c6-be02-8424905dac44@group-317885D50A8B-LeaderElection13: begin an election at term 4 for 0: [e55dc74a-5508-43f4-ba5a-e1e75e0afb35:192.168.151.83:38050, 655e713e-f432-49c6-be02-8424905dac44:192.168.151.83:45232, 577faf7f-deb6-4506-8e99-75f39047aeab:192.168.151.83:41804], old=null
2019-10-08 03:42:53,994 [655e713e-f432-49c6-be02-8424905dac44@group-317885D50A8B-LeaderElection13] INFO  impl.LeaderElection (LogUtils.java:infoOrTrace(149)) - 655e713e-f432-49c6-be02-8424905dac44@group-317885D50A8B-LeaderElection13 got exception when requesting votes: {}
java.util.concurrent.ExecutionException: org.apache.ratis.thirdparty.io.grpc.StatusRuntimeException: UNAVAILABLE: io exception
	at java.util.concurrent.FutureTask.report(FutureTask.java:122)
	at java.util.concurrent.FutureTask.get(FutureTask.java:192)
	at org.apache.ratis.server.impl.LeaderElection.waitForResults(LeaderElection.java:259)
	at org.apache.ratis.server.impl.LeaderElection.askForVotes(LeaderElection.java:197)
	at org.apache.ratis.server.impl.LeaderElection.run(LeaderElection.java:133)
	at java.lang.Thread.run(Thread.java:748)
Caused by: org.apache.ratis.thirdparty.io.grpc.StatusRuntimeException: UNAVAILABLE: io exception
	at org.apache.ratis.thirdparty.io.grpc.stub.ClientCalls.toStatusRuntimeException(ClientCalls.java:233)
	at org.apache.ratis.thirdparty.io.grpc.stub.ClientCalls.getUnchecked(ClientCalls.java:214)
	at org.apache.ratis.thirdparty.io.grpc.stub.ClientCalls.blockingUnaryCall(ClientCalls.java:139)
	at org.apache.ratis.proto.grpc.RaftServerProtocolServiceGrpc$RaftServerProtocolServiceBlockingStub.requestVote(RaftServerProtocolServiceGrpc.java:265)
	at org.apache.ratis.grpc.server.GrpcServerProtocolClient.requestVote(GrpcServerProtocolClient.java:99)
	at org.apache.ratis.grpc.server.GrpcService.requestVote(GrpcService.java:204)
	at org.apache.ratis.server.impl.LeaderElection.lambda$submitRequests$1(LeaderElection.java:234)
	at java.util.concurrent.FutureTask.run(FutureTask.java:266)
	at java.util.concurrent.Executors$RunnableAdapter.call(Executors.java:511)
	at java.util.concurrent.FutureTask.run(FutureTask.java:266)
	at java.util.concurrent.ThreadPoolExecutor.runWorker(ThreadPoolExecutor.java:1149)
	at java.util.concurrent.ThreadPoolExecutor$Worker.run(ThreadPoolExecutor.java:624)
	... 1 more
Caused by: org.apache.ratis.thirdparty.io.netty.channel.AbstractChannel$AnnotatedConnectException: Connection refused: /192.168.151.83:41804
	at sun.nio.ch.SocketChannelImpl.checkConnect(Native Method)
	at sun.nio.ch.SocketChannelImpl.finishConnect(SocketChannelImpl.java:717)
	at org.apache.ratis.thirdparty.io.netty.channel.socket.nio.NioSocketChannel.doFinishConnect(NioSocketChannel.java:327)
	at org.apache.ratis.thirdparty.io.netty.channel.nio.AbstractNioChannel$AbstractNioUnsafe.finishConnect(AbstractNioChannel.java:340)
	at org.apache.ratis.thirdparty.io.netty.channel.nio.NioEventLoop.processSelectedKey(NioEventLoop.java:632)
	at org.apache.ratis.thirdparty.io.netty.channel.nio.NioEventLoop.processSelectedKeysOptimized(NioEventLoop.java:579)
	at org.apache.ratis.thirdparty.io.netty.channel.nio.NioEventLoop.processSelectedKeys(NioEventLoop.java:496)
	at org.apache.ratis.thirdparty.io.netty.channel.nio.NioEventLoop.run(NioEventLoop.java:458)
	at org.apache.ratis.thirdparty.io.netty.util.concurrent.SingleThreadEventExecutor$5.run(SingleThreadEventExecutor.java:897)
	at org.apache.ratis.thirdparty.io.netty.util.concurrent.FastThreadLocalRunnable.run(FastThreadLocalRunnable.java:30)
	... 1 more
Caused by: java.net.ConnectException: Connection refused
	... 11 more
2019-10-08 03:42:53,997 [655e713e-f432-49c6-be02-8424905dac44@group-317885D50A8B-LeaderElection13] INFO  impl.LeaderElection (LogUtils.java:infoOrTrace(149)) - 655e713e-f432-49c6-be02-8424905dac44@group-317885D50A8B-LeaderElection13 got exception when requesting votes: {}
java.util.concurrent.ExecutionException: org.apache.ratis.thirdparty.io.grpc.StatusRuntimeException: UNAVAILABLE: io exception
	at java.util.concurrent.FutureTask.report(FutureTask.java:122)
	at java.util.concurrent.FutureTask.get(FutureTask.java:192)
	at org.apache.ratis.server.impl.LeaderElection.waitForResults(LeaderElection.java:259)
	at org.apache.ratis.server.impl.LeaderElection.askForVotes(LeaderElection.java:197)
	at org.apache.ratis.server.impl.LeaderElection.run(LeaderElection.java:133)
	at java.lang.Thread.run(Thread.java:748)
Caused by: org.apache.ratis.thirdparty.io.grpc.StatusRuntimeException: UNAVAILABLE: io exception
	at org.apache.ratis.thirdparty.io.grpc.stub.ClientCalls.toStatusRuntimeException(ClientCalls.java:233)
	at org.apache.ratis.thirdparty.io.grpc.stub.ClientCalls.getUnchecked(ClientCalls.java:214)
	at org.apache.ratis.thirdparty.io.grpc.stub.ClientCalls.blockingUnaryCall(ClientCalls.java:139)
	at org.apache.ratis.proto.grpc.RaftServerProtocolServiceGrpc$RaftServerProtocolServiceBlockingStub.requestVote(RaftServerProtocolServiceGrpc.java:265)
	at org.apache.ratis.grpc.server.GrpcServerProtocolClient.requestVote(GrpcServerProtocolClient.java:99)
	at org.apache.ratis.grpc.server.GrpcService.requestVote(GrpcService.java:204)
	at org.apache.ratis.server.impl.LeaderElection.lambda$submitRequests$1(LeaderElection.java:234)
	at java.util.concurrent.FutureTask.run(FutureTask.java:266)
	at java.util.concurrent.Executors$RunnableAdapter.call(Executors.java:511)
	at java.util.concurrent.FutureTask.run(FutureTask.java:266)
	at java.util.concurrent.ThreadPoolExecutor.runWorker(ThreadPoolExecutor.java:1149)
	at java.util.concurrent.ThreadPoolExecutor$Worker.run(ThreadPoolExecutor.java:624)
	... 1 more
Caused by: org.apache.ratis.thirdparty.io.netty.channel.AbstractChannel$AnnotatedConnectException: Connection refused: /192.168.151.83:38050
	at sun.nio.ch.SocketChannelImpl.checkConnect(Native Method)
	at sun.nio.ch.SocketChannelImpl.finishConnect(SocketChannelImpl.java:717)
	at org.apache.ratis.thirdparty.io.netty.channel.socket.nio.NioSocketChannel.doFinishConnect(NioSocketChannel.java:327)
	at org.apache.ratis.thirdparty.io.netty.channel.nio.AbstractNioChannel$AbstractNioUnsafe.finishConnect(AbstractNioChannel.java:340)
	at org.apache.ratis.thirdparty.io.netty.channel.nio.NioEventLoop.processSelectedKey(NioEventLoop.java:632)
	at org.apache.ratis.thirdparty.io.netty.channel.nio.NioEventLoop.processSelectedKeysOptimized(NioEventLoop.java:579)
	at org.apache.ratis.thirdparty.io.netty.channel.nio.NioEventLoop.processSelectedKeys(NioEventLoop.java:496)
	at org.apache.ratis.thirdparty.io.netty.channel.nio.NioEventLoop.run(NioEventLoop.java:458)
	at org.apache.ratis.thirdparty.io.netty.util.concurrent.SingleThreadEventExecutor$5.run(SingleThreadEventExecutor.java:897)
	at org.apache.ratis.thirdparty.io.netty.util.concurrent.FastThreadLocalRunnable.run(FastThreadLocalRunnable.java:30)
	... 1 more
Caused by: java.net.ConnectException: Connection refused
	... 11 more
2019-10-08 03:42:54,000 [655e713e-f432-49c6-be02-8424905dac44@group-317885D50A8B-LeaderElection13] INFO  impl.LeaderElection (LeaderElection.java:logAndReturn(56)) - 655e713e-f432-49c6-be02-8424905dac44@group-317885D50A8B-LeaderElection13: Election REJECTED; received 0 response(s) [] and 2 exception(s); 655e713e-f432-49c6-be02-8424905dac44@group-317885D50A8B:t4, leader=null, voted=655e713e-f432-49c6-be02-8424905dac44, raftlog=655e713e-f432-49c6-be02-8424905dac44@group-317885D50A8B-SegmentedRaftLog:OPENED:c16,f16,i16, conf=0: [e55dc74a-5508-43f4-ba5a-e1e75e0afb35:192.168.151.83:38050, 655e713e-f432-49c6-be02-8424905dac44:192.168.151.83:45232, 577faf7f-deb6-4506-8e99-75f39047aeab:192.168.151.83:41804], old=null
2019-10-08 03:42:54,000 [655e713e-f432-49c6-be02-8424905dac44@group-317885D50A8B-LeaderElection13] INFO  impl.LeaderElection (LogUtils.java:infoOrTrace(149)) -   Exception 0: {}
java.util.concurrent.ExecutionException: org.apache.ratis.thirdparty.io.grpc.StatusRuntimeException: UNAVAILABLE: io exception
	at java.util.concurrent.FutureTask.report(FutureTask.java:122)
	at java.util.concurrent.FutureTask.get(FutureTask.java:192)
	at org.apache.ratis.server.impl.LeaderElection.waitForResults(LeaderElection.java:259)
	at org.apache.ratis.server.impl.LeaderElection.askForVotes(LeaderElection.java:197)
	at org.apache.ratis.server.impl.LeaderElection.run(LeaderElection.java:133)
	at java.lang.Thread.run(Thread.java:748)
Caused by: org.apache.ratis.thirdparty.io.grpc.StatusRuntimeException: UNAVAILABLE: io exception
	at org.apache.ratis.thirdparty.io.grpc.stub.ClientCalls.toStatusRuntimeException(ClientCalls.java:233)
	at org.apache.ratis.thirdparty.io.grpc.stub.ClientCalls.getUnchecked(ClientCalls.java:214)
	at org.apache.ratis.thirdparty.io.grpc.stub.ClientCalls.blockingUnaryCall(ClientCalls.java:139)
	at org.apache.ratis.proto.grpc.RaftServerProtocolServiceGrpc$RaftServerProtocolServiceBlockingStub.requestVote(RaftServerProtocolServiceGrpc.java:265)
	at org.apache.ratis.grpc.server.GrpcServerProtocolClient.requestVote(GrpcServerProtocolClient.java:99)
	at org.apache.ratis.grpc.server.GrpcService.requestVote(GrpcService.java:204)
	at org.apache.ratis.server.impl.LeaderElection.lambda$submitRequests$1(LeaderElection.java:234)
	at java.util.concurrent.FutureTask.run(FutureTask.java:266)
	at java.util.concurrent.Executors$RunnableAdapter.call(Executors.java:511)
	at java.util.concurrent.FutureTask.run(FutureTask.java:266)
	at java.util.concurrent.ThreadPoolExecutor.runWorker(ThreadPoolExecutor.java:1149)
	at java.util.concurrent.ThreadPoolExecutor$Worker.run(ThreadPoolExecutor.java:624)
	... 1 more
Caused by: org.apache.ratis.thirdparty.io.netty.channel.AbstractChannel$AnnotatedConnectException: Connection refused: /192.168.151.83:41804
	at sun.nio.ch.SocketChannelImpl.checkConnect(Native Method)
	at sun.nio.ch.SocketChannelImpl.finishConnect(SocketChannelImpl.java:717)
	at org.apache.ratis.thirdparty.io.netty.channel.socket.nio.NioSocketChannel.doFinishConnect(NioSocketChannel.java:327)
	at org.apache.ratis.thirdparty.io.netty.channel.nio.AbstractNioChannel$AbstractNioUnsafe.finishConnect(AbstractNioChannel.java:340)
	at org.apache.ratis.thirdparty.io.netty.channel.nio.NioEventLoop.processSelectedKey(NioEventLoop.java:632)
	at org.apache.ratis.thirdparty.io.netty.channel.nio.NioEventLoop.processSelectedKeysOptimized(NioEventLoop.java:579)
	at org.apache.ratis.thirdparty.io.netty.channel.nio.NioEventLoop.processSelectedKeys(NioEventLoop.java:496)
	at org.apache.ratis.thirdparty.io.netty.channel.nio.NioEventLoop.run(NioEventLoop.java:458)
	at org.apache.ratis.thirdparty.io.netty.util.concurrent.SingleThreadEventExecutor$5.run(SingleThreadEventExecutor.java:897)
	at org.apache.ratis.thirdparty.io.netty.util.concurrent.FastThreadLocalRunnable.run(FastThreadLocalRunnable.java:30)
	... 1 more
Caused by: java.net.ConnectException: Connection refused
	... 11 more
2019-10-08 03:42:54,000 [655e713e-f432-49c6-be02-8424905dac44@group-317885D50A8B-LeaderElection13] INFO  impl.LeaderElection (LogUtils.java:infoOrTrace(149)) -   Exception 1: {}
java.util.concurrent.ExecutionException: org.apache.ratis.thirdparty.io.grpc.StatusRuntimeException: UNAVAILABLE: io exception
	at java.util.concurrent.FutureTask.report(FutureTask.java:122)
	at java.util.concurrent.FutureTask.get(FutureTask.java:192)
	at org.apache.ratis.server.impl.LeaderElection.waitForResults(LeaderElection.java:259)
	at org.apache.ratis.server.impl.LeaderElection.askForVotes(LeaderElection.java:197)
	at org.apache.ratis.server.impl.LeaderElection.run(LeaderElection.java:133)
	at java.lang.Thread.run(Thread.java:748)
Caused by: org.apache.ratis.thirdparty.io.grpc.StatusRuntimeException: UNAVAILABLE: io exception
	at org.apache.ratis.thirdparty.io.grpc.stub.ClientCalls.toStatusRuntimeException(ClientCalls.java:233)
	at org.apache.ratis.thirdparty.io.grpc.stub.ClientCalls.getUnchecked(ClientCalls.java:214)
	at org.apache.ratis.thirdparty.io.grpc.stub.ClientCalls.blockingUnaryCall(ClientCalls.java:139)
	at org.apache.ratis.proto.grpc.RaftServerProtocolServiceGrpc$RaftServerProtocolServiceBlockingStub.requestVote(RaftServerProtocolServiceGrpc.java:265)
	at org.apache.ratis.grpc.server.GrpcServerProtocolClient.requestVote(GrpcServerProtocolClient.java:99)
	at org.apache.ratis.grpc.server.GrpcService.requestVote(GrpcService.java:204)
	at org.apache.ratis.server.impl.LeaderElection.lambda$submitRequests$1(LeaderElection.java:234)
	at java.util.concurrent.FutureTask.run(FutureTask.java:266)
	at java.util.concurrent.Executors$RunnableAdapter.call(Executors.java:511)
	at java.util.concurrent.FutureTask.run(FutureTask.java:266)
	at java.util.concurrent.ThreadPoolExecutor.runWorker(ThreadPoolExecutor.java:1149)
	at java.util.concurrent.ThreadPoolExecutor$Worker.run(ThreadPoolExecutor.java:624)
	... 1 more
Caused by: org.apache.ratis.thirdparty.io.netty.channel.AbstractChannel$AnnotatedConnectException: Connection refused: /192.168.151.83:38050
	at sun.nio.ch.SocketChannelImpl.checkConnect(Native Method)
	at sun.nio.ch.SocketChannelImpl.finishConnect(SocketChannelImpl.java:717)
	at org.apache.ratis.thirdparty.io.netty.channel.socket.nio.NioSocketChannel.doFinishConnect(NioSocketChannel.java:327)
	at org.apache.ratis.thirdparty.io.netty.channel.nio.AbstractNioChannel$AbstractNioUnsafe.finishConnect(AbstractNioChannel.java:340)
	at org.apache.ratis.thirdparty.io.netty.channel.nio.NioEventLoop.processSelectedKey(NioEventLoop.java:632)
	at org.apache.ratis.thirdparty.io.netty.channel.nio.NioEventLoop.processSelectedKeysOptimized(NioEventLoop.java:579)
	at org.apache.ratis.thirdparty.io.netty.channel.nio.NioEventLoop.processSelectedKeys(NioEventLoop.java:496)
	at org.apache.ratis.thirdparty.io.netty.channel.nio.NioEventLoop.run(NioEventLoop.java:458)
	at org.apache.ratis.thirdparty.io.netty.util.concurrent.SingleThreadEventExecutor$5.run(SingleThreadEventExecutor.java:897)
	at org.apache.ratis.thirdparty.io.netty.util.concurrent.FastThreadLocalRunnable.run(FastThreadLocalRunnable.java:30)
	... 1 more
Caused by: java.net.ConnectException: Connection refused
	... 11 more
2019-10-08 03:42:54,001 [655e713e-f432-49c6-be02-8424905dac44@group-317885D50A8B-LeaderElection13] INFO  impl.RaftServerImpl (RaftServerImpl.java:setRole(170)) - 655e713e-f432-49c6-be02-8424905dac44@group-317885D50A8B: changes role from CANDIDATE to FOLLOWER at term 4 for DISCOVERED_A_NEW_TERM
2019-10-08 03:42:54,001 [655e713e-f432-49c6-be02-8424905dac44@group-317885D50A8B-LeaderElection13] INFO  impl.RoleInfo (RoleInfo.java:shutdownLeaderElection(134)) - 655e713e-f432-49c6-be02-8424905dac44: shutdown LeaderElection
2019-10-08 03:42:54,001 [655e713e-f432-49c6-be02-8424905dac44@group-317885D50A8B-LeaderElection13] INFO  impl.RoleInfo (RoleInfo.java:updateAndGet(143)) - 655e713e-f432-49c6-be02-8424905dac44: start FollowerState
2019-10-08 03:42:59,094 [Thread-444] INFO  impl.FollowerState (FollowerState.java:run(108)) - 655e713e-f432-49c6-be02-8424905dac44@group-317885D50A8B-FollowerState: change to CANDIDATE, lastRpcTime:5092ms, electionTimeout:5092ms
2019-10-08 03:42:59,097 [Thread-444] INFO  impl.RoleInfo (RoleInfo.java:shutdownFollowerState(121)) - 655e713e-f432-49c6-be02-8424905dac44: shutdown FollowerState
2019-10-08 03:42:59,097 [Thread-444] INFO  impl.RaftServerImpl (RaftServerImpl.java:setRole(170)) - 655e713e-f432-49c6-be02-8424905dac44@group-317885D50A8B: changes role from  FOLLOWER to CANDIDATE at term 4 for changeToCandidate
2019-10-08 03:42:59,097 [Thread-444] INFO  impl.RoleInfo (RoleInfo.java:updateAndGet(143)) - 655e713e-f432-49c6-be02-8424905dac44: start LeaderElection
2019-10-08 03:42:59,125 [655e713e-f432-49c6-be02-8424905dac44@group-317885D50A8B-LeaderElection14] INFO  impl.LeaderElection (LeaderElection.java:askForVotes(178)) - 655e713e-f432-49c6-be02-8424905dac44@group-317885D50A8B-LeaderElection14: begin an election at term 5 for 0: [e55dc74a-5508-43f4-ba5a-e1e75e0afb35:192.168.151.83:38050, 655e713e-f432-49c6-be02-8424905dac44:192.168.151.83:45232, 577faf7f-deb6-4506-8e99-75f39047aeab:192.168.151.83:41804], old=null
2019-10-08 03:42:59,127 [655e713e-f432-49c6-be02-8424905dac44@group-317885D50A8B-LeaderElection14] INFO  impl.LeaderElection (LogUtils.java:infoOrTrace(149)) - 655e713e-f432-49c6-be02-8424905dac44@group-317885D50A8B-LeaderElection14 got exception when requesting votes: {}
java.util.concurrent.ExecutionException: org.apache.ratis.thirdparty.io.grpc.StatusRuntimeException: UNAVAILABLE: io exception
	at java.util.concurrent.FutureTask.report(FutureTask.java:122)
	at java.util.concurrent.FutureTask.get(FutureTask.java:192)
	at org.apache.ratis.server.impl.LeaderElection.waitForResults(LeaderElection.java:259)
	at org.apache.ratis.server.impl.LeaderElection.askForVotes(LeaderElection.java:197)
	at org.apache.ratis.server.impl.LeaderElection.run(LeaderElection.java:133)
	at java.lang.Thread.run(Thread.java:748)
Caused by: org.apache.ratis.thirdparty.io.grpc.StatusRuntimeException: UNAVAILABLE: io exception
	at org.apache.ratis.thirdparty.io.grpc.stub.ClientCalls.toStatusRuntimeException(ClientCalls.java:233)
	at org.apache.ratis.thirdparty.io.grpc.stub.ClientCalls.getUnchecked(ClientCalls.java:214)
	at org.apache.ratis.thirdparty.io.grpc.stub.ClientCalls.blockingUnaryCall(ClientCalls.java:139)
	at org.apache.ratis.proto.grpc.RaftServerProtocolServiceGrpc$RaftServerProtocolServiceBlockingStub.requestVote(RaftServerProtocolServiceGrpc.java:265)
	at org.apache.ratis.grpc.server.GrpcServerProtocolClient.requestVote(GrpcServerProtocolClient.java:99)
	at org.apache.ratis.grpc.server.GrpcService.requestVote(GrpcService.java:204)
	at org.apache.ratis.server.impl.LeaderElection.lambda$submitRequests$1(LeaderElection.java:234)
	at java.util.concurrent.FutureTask.run(FutureTask.java:266)
	at java.util.concurrent.Executors$RunnableAdapter.call(Executors.java:511)
	at java.util.concurrent.FutureTask.run(FutureTask.java:266)
	at java.util.concurrent.ThreadPoolExecutor.runWorker(ThreadPoolExecutor.java:1149)
	at java.util.concurrent.ThreadPoolExecutor$Worker.run(ThreadPoolExecutor.java:624)
	... 1 more
Caused by: org.apache.ratis.thirdparty.io.netty.channel.AbstractChannel$AnnotatedConnectException: Connection refused: /192.168.151.83:38050
	at sun.nio.ch.SocketChannelImpl.checkConnect(Native Method)
	at sun.nio.ch.SocketChannelImpl.finishConnect(SocketChannelImpl.java:717)
	at org.apache.ratis.thirdparty.io.netty.channel.socket.nio.NioSocketChannel.doFinishConnect(NioSocketChannel.java:327)
	at org.apache.ratis.thirdparty.io.netty.channel.nio.AbstractNioChannel$AbstractNioUnsafe.finishConnect(AbstractNioChannel.java:340)
	at org.apache.ratis.thirdparty.io.netty.channel.nio.NioEventLoop.processSelectedKey(NioEventLoop.java:632)
	at org.apache.ratis.thirdparty.io.netty.channel.nio.NioEventLoop.processSelectedKeysOptimized(NioEventLoop.java:579)
	at org.apache.ratis.thirdparty.io.netty.channel.nio.NioEventLoop.processSelectedKeys(NioEventLoop.java:496)
	at org.apache.ratis.thirdparty.io.netty.channel.nio.NioEventLoop.run(NioEventLoop.java:458)
	at org.apache.ratis.thirdparty.io.netty.util.concurrent.SingleThreadEventExecutor$5.run(SingleThreadEventExecutor.java:897)
	at org.apache.ratis.thirdparty.io.netty.util.concurrent.FastThreadLocalRunnable.run(FastThreadLocalRunnable.java:30)
	... 1 more
Caused by: java.net.ConnectException: Connection refused
	... 11 more
2019-10-08 03:42:59,129 [655e713e-f432-49c6-be02-8424905dac44@group-317885D50A8B-LeaderElection14] INFO  impl.LeaderElection (LogUtils.java:infoOrTrace(149)) - 655e713e-f432-49c6-be02-8424905dac44@group-317885D50A8B-LeaderElection14 got exception when requesting votes: {}
java.util.concurrent.ExecutionException: org.apache.ratis.thirdparty.io.grpc.StatusRuntimeException: UNAVAILABLE: io exception
	at java.util.concurrent.FutureTask.report(FutureTask.java:122)
	at java.util.concurrent.FutureTask.get(FutureTask.java:192)
	at org.apache.ratis.server.impl.LeaderElection.waitForResults(LeaderElection.java:259)
	at org.apache.ratis.server.impl.LeaderElection.askForVotes(LeaderElection.java:197)
	at org.apache.ratis.server.impl.LeaderElection.run(LeaderElection.java:133)
	at java.lang.Thread.run(Thread.java:748)
Caused by: org.apache.ratis.thirdparty.io.grpc.StatusRuntimeException: UNAVAILABLE: io exception
	at org.apache.ratis.thirdparty.io.grpc.stub.ClientCalls.toStatusRuntimeException(ClientCalls.java:233)
	at org.apache.ratis.thirdparty.io.grpc.stub.ClientCalls.getUnchecked(ClientCalls.java:214)
	at org.apache.ratis.thirdparty.io.grpc.stub.ClientCalls.blockingUnaryCall(ClientCalls.java:139)
	at org.apache.ratis.proto.grpc.RaftServerProtocolServiceGrpc$RaftServerProtocolServiceBlockingStub.requestVote(RaftServerProtocolServiceGrpc.java:265)
	at org.apache.ratis.grpc.server.GrpcServerProtocolClient.requestVote(GrpcServerProtocolClient.java:99)
	at org.apache.ratis.grpc.server.GrpcService.requestVote(GrpcService.java:204)
	at org.apache.ratis.server.impl.LeaderElection.lambda$submitRequests$1(LeaderElection.java:234)
	at java.util.concurrent.FutureTask.run(FutureTask.java:266)
	at java.util.concurrent.Executors$RunnableAdapter.call(Executors.java:511)
	at java.util.concurrent.FutureTask.run(FutureTask.java:266)
	at java.util.concurrent.ThreadPoolExecutor.runWorker(ThreadPoolExecutor.java:1149)
	at java.util.concurrent.ThreadPoolExecutor$Worker.run(ThreadPoolExecutor.java:624)
	... 1 more
Caused by: org.apache.ratis.thirdparty.io.netty.channel.AbstractChannel$AnnotatedConnectException: Connection refused: /192.168.151.83:41804
	at sun.nio.ch.SocketChannelImpl.checkConnect(Native Method)
	at sun.nio.ch.SocketChannelImpl.finishConnect(SocketChannelImpl.java:717)
	at org.apache.ratis.thirdparty.io.netty.channel.socket.nio.NioSocketChannel.doFinishConnect(NioSocketChannel.java:327)
	at org.apache.ratis.thirdparty.io.netty.channel.nio.AbstractNioChannel$AbstractNioUnsafe.finishConnect(AbstractNioChannel.java:340)
	at org.apache.ratis.thirdparty.io.netty.channel.nio.NioEventLoop.processSelectedKey(NioEventLoop.java:632)
	at org.apache.ratis.thirdparty.io.netty.channel.nio.NioEventLoop.processSelectedKeysOptimized(NioEventLoop.java:579)
	at org.apache.ratis.thirdparty.io.netty.channel.nio.NioEventLoop.processSelectedKeys(NioEventLoop.java:496)
	at org.apache.ratis.thirdparty.io.netty.channel.nio.NioEventLoop.run(NioEventLoop.java:458)
	at org.apache.ratis.thirdparty.io.netty.util.concurrent.SingleThreadEventExecutor$5.run(SingleThreadEventExecutor.java:897)
	at org.apache.ratis.thirdparty.io.netty.util.concurrent.FastThreadLocalRunnable.run(FastThreadLocalRunnable.java:30)
	... 1 more
Caused by: java.net.ConnectException: Connection refused
	... 11 more
2019-10-08 03:42:59,131 [655e713e-f432-49c6-be02-8424905dac44@group-317885D50A8B-LeaderElection14] INFO  impl.LeaderElection (LeaderElection.java:logAndReturn(56)) - 655e713e-f432-49c6-be02-8424905dac44@group-317885D50A8B-LeaderElection14: Election REJECTED; received 0 response(s) [] and 2 exception(s); 655e713e-f432-49c6-be02-8424905dac44@group-317885D50A8B:t5, leader=null, voted=655e713e-f432-49c6-be02-8424905dac44, raftlog=655e713e-f432-49c6-be02-8424905dac44@group-317885D50A8B-SegmentedRaftLog:OPENED:c16,f16,i16, conf=0: [e55dc74a-5508-43f4-ba5a-e1e75e0afb35:192.168.151.83:38050, 655e713e-f432-49c6-be02-8424905dac44:192.168.151.83:45232, 577faf7f-deb6-4506-8e99-75f39047aeab:192.168.151.83:41804], old=null
2019-10-08 03:42:59,131 [655e713e-f432-49c6-be02-8424905dac44@group-317885D50A8B-LeaderElection14] INFO  impl.LeaderElection (LogUtils.java:infoOrTrace(149)) -   Exception 0: {}
java.util.concurrent.ExecutionException: org.apache.ratis.thirdparty.io.grpc.StatusRuntimeException: UNAVAILABLE: io exception
	at java.util.concurrent.FutureTask.report(FutureTask.java:122)
	at java.util.concurrent.FutureTask.get(FutureTask.java:192)
	at org.apache.ratis.server.impl.LeaderElection.waitForResults(LeaderElection.java:259)
	at org.apache.ratis.server.impl.LeaderElection.askForVotes(LeaderElection.java:197)
	at org.apache.ratis.server.impl.LeaderElection.run(LeaderElection.java:133)
	at java.lang.Thread.run(Thread.java:748)
Caused by: org.apache.ratis.thirdparty.io.grpc.StatusRuntimeException: UNAVAILABLE: io exception
	at org.apache.ratis.thirdparty.io.grpc.stub.ClientCalls.toStatusRuntimeException(ClientCalls.java:233)
	at org.apache.ratis.thirdparty.io.grpc.stub.ClientCalls.getUnchecked(ClientCalls.java:214)
	at org.apache.ratis.thirdparty.io.grpc.stub.ClientCalls.blockingUnaryCall(ClientCalls.java:139)
	at org.apache.ratis.proto.grpc.RaftServerProtocolServiceGrpc$RaftServerProtocolServiceBlockingStub.requestVote(RaftServerProtocolServiceGrpc.java:265)
	at org.apache.ratis.grpc.server.GrpcServerProtocolClient.requestVote(GrpcServerProtocolClient.java:99)
	at org.apache.ratis.grpc.server.GrpcService.requestVote(GrpcService.java:204)
	at org.apache.ratis.server.impl.LeaderElection.lambda$submitRequests$1(LeaderElection.java:234)
	at java.util.concurrent.FutureTask.run(FutureTask.java:266)
	at java.util.concurrent.Executors$RunnableAdapter.call(Executors.java:511)
	at java.util.concurrent.FutureTask.run(FutureTask.java:266)
	at java.util.concurrent.ThreadPoolExecutor.runWorker(ThreadPoolExecutor.java:1149)
	at java.util.concurrent.ThreadPoolExecutor$Worker.run(ThreadPoolExecutor.java:624)
	... 1 more
Caused by: org.apache.ratis.thirdparty.io.netty.channel.AbstractChannel$AnnotatedConnectException: Connection refused: /192.168.151.83:38050
	at sun.nio.ch.SocketChannelImpl.checkConnect(Native Method)
	at sun.nio.ch.SocketChannelImpl.finishConnect(SocketChannelImpl.java:717)
	at org.apache.ratis.thirdparty.io.netty.channel.socket.nio.NioSocketChannel.doFinishConnect(NioSocketChannel.java:327)
	at org.apache.ratis.thirdparty.io.netty.channel.nio.AbstractNioChannel$AbstractNioUnsafe.finishConnect(AbstractNioChannel.java:340)
	at org.apache.ratis.thirdparty.io.netty.channel.nio.NioEventLoop.processSelectedKey(NioEventLoop.java:632)
	at org.apache.ratis.thirdparty.io.netty.channel.nio.NioEventLoop.processSelectedKeysOptimized(NioEventLoop.java:579)
	at org.apache.ratis.thirdparty.io.netty.channel.nio.NioEventLoop.processSelectedKeys(NioEventLoop.java:496)
	at org.apache.ratis.thirdparty.io.netty.channel.nio.NioEventLoop.run(NioEventLoop.java:458)
	at org.apache.ratis.thirdparty.io.netty.util.concurrent.SingleThreadEventExecutor$5.run(SingleThreadEventExecutor.java:897)
	at org.apache.ratis.thirdparty.io.netty.util.concurrent.FastThreadLocalRunnable.run(FastThreadLocalRunnable.java:30)
	... 1 more
Caused by: java.net.ConnectException: Connection refused
	... 11 more
2019-10-08 03:42:59,132 [655e713e-f432-49c6-be02-8424905dac44@group-317885D50A8B-LeaderElection14] INFO  impl.LeaderElection (LogUtils.java:infoOrTrace(149)) -   Exception 1: {}
java.util.concurrent.ExecutionException: org.apache.ratis.thirdparty.io.grpc.StatusRuntimeException: UNAVAILABLE: io exception
	at java.util.concurrent.FutureTask.report(FutureTask.java:122)
	at java.util.concurrent.FutureTask.get(FutureTask.java:192)
	at org.apache.ratis.server.impl.LeaderElection.waitForResults(LeaderElection.java:259)
	at org.apache.ratis.server.impl.LeaderElection.askForVotes(LeaderElection.java:197)
	at org.apache.ratis.server.impl.LeaderElection.run(LeaderElection.java:133)
	at java.lang.Thread.run(Thread.java:748)
Caused by: org.apache.ratis.thirdparty.io.grpc.StatusRuntimeException: UNAVAILABLE: io exception
	at org.apache.ratis.thirdparty.io.grpc.stub.ClientCalls.toStatusRuntimeException(ClientCalls.java:233)
	at org.apache.ratis.thirdparty.io.grpc.stub.ClientCalls.getUnchecked(ClientCalls.java:214)
	at org.apache.ratis.thirdparty.io.grpc.stub.ClientCalls.blockingUnaryCall(ClientCalls.java:139)
	at org.apache.ratis.proto.grpc.RaftServerProtocolServiceGrpc$RaftServerProtocolServiceBlockingStub.requestVote(RaftServerProtocolServiceGrpc.java:265)
	at org.apache.ratis.grpc.server.GrpcServerProtocolClient.requestVote(GrpcServerProtocolClient.java:99)
	at org.apache.ratis.grpc.server.GrpcService.requestVote(GrpcService.java:204)
	at org.apache.ratis.server.impl.LeaderElection.lambda$submitRequests$1(LeaderElection.java:234)
	at java.util.concurrent.FutureTask.run(FutureTask.java:266)
	at java.util.concurrent.Executors$RunnableAdapter.call(Executors.java:511)
	at java.util.concurrent.FutureTask.run(FutureTask.java:266)
	at java.util.concurrent.ThreadPoolExecutor.runWorker(ThreadPoolExecutor.java:1149)
	at java.util.concurrent.ThreadPoolExecutor$Worker.run(ThreadPoolExecutor.java:624)
	... 1 more
Caused by: org.apache.ratis.thirdparty.io.netty.channel.AbstractChannel$AnnotatedConnectException: Connection refused: /192.168.151.83:41804
	at sun.nio.ch.SocketChannelImpl.checkConnect(Native Method)
	at sun.nio.ch.SocketChannelImpl.finishConnect(SocketChannelImpl.java:717)
	at org.apache.ratis.thirdparty.io.netty.channel.socket.nio.NioSocketChannel.doFinishConnect(NioSocketChannel.java:327)
	at org.apache.ratis.thirdparty.io.netty.channel.nio.AbstractNioChannel$AbstractNioUnsafe.finishConnect(AbstractNioChannel.java:340)
	at org.apache.ratis.thirdparty.io.netty.channel.nio.NioEventLoop.processSelectedKey(NioEventLoop.java:632)
	at org.apache.ratis.thirdparty.io.netty.channel.nio.NioEventLoop.processSelectedKeysOptimized(NioEventLoop.java:579)
	at org.apache.ratis.thirdparty.io.netty.channel.nio.NioEventLoop.processSelectedKeys(NioEventLoop.java:496)
	at org.apache.ratis.thirdparty.io.netty.channel.nio.NioEventLoop.run(NioEventLoop.java:458)
	at org.apache.ratis.thirdparty.io.netty.util.concurrent.SingleThreadEventExecutor$5.run(SingleThreadEventExecutor.java:897)
	at org.apache.ratis.thirdparty.io.netty.util.concurrent.FastThreadLocalRunnable.run(FastThreadLocalRunnable.java:30)
	... 1 more
Caused by: java.net.ConnectException: Connection refused
	... 11 more
2019-10-08 03:42:59,132 [655e713e-f432-49c6-be02-8424905dac44@group-317885D50A8B-LeaderElection14] INFO  impl.RaftServerImpl (RaftServerImpl.java:setRole(170)) - 655e713e-f432-49c6-be02-8424905dac44@group-317885D50A8B: changes role from CANDIDATE to FOLLOWER at term 5 for DISCOVERED_A_NEW_TERM
2019-10-08 03:42:59,133 [655e713e-f432-49c6-be02-8424905dac44@group-317885D50A8B-LeaderElection14] INFO  impl.RoleInfo (RoleInfo.java:shutdownLeaderElection(134)) - 655e713e-f432-49c6-be02-8424905dac44: shutdown LeaderElection
2019-10-08 03:42:59,133 [655e713e-f432-49c6-be02-8424905dac44@group-317885D50A8B-LeaderElection14] INFO  impl.RoleInfo (RoleInfo.java:updateAndGet(143)) - 655e713e-f432-49c6-be02-8424905dac44: start FollowerState
2019-10-08 03:43:04,147 [Thread-460] INFO  impl.FollowerState (FollowerState.java:run(108)) - 655e713e-f432-49c6-be02-8424905dac44@group-317885D50A8B-FollowerState: change to CANDIDATE, lastRpcTime:5014ms, electionTimeout:5014ms
2019-10-08 03:43:04,150 [Thread-460] INFO  impl.RoleInfo (RoleInfo.java:shutdownFollowerState(121)) - 655e713e-f432-49c6-be02-8424905dac44: shutdown FollowerState
2019-10-08 03:43:04,150 [Thread-460] INFO  impl.RaftServerImpl (RaftServerImpl.java:setRole(170)) - 655e713e-f432-49c6-be02-8424905dac44@group-317885D50A8B: changes role from  FOLLOWER to CANDIDATE at term 5 for changeToCandidate
2019-10-08 03:43:04,151 [Thread-460] INFO  impl.RoleInfo (RoleInfo.java:updateAndGet(143)) - 655e713e-f432-49c6-be02-8424905dac44: start LeaderElection
2019-10-08 03:43:04,167 [655e713e-f432-49c6-be02-8424905dac44@group-317885D50A8B-LeaderElection15] INFO  impl.LeaderElection (LeaderElection.java:askForVotes(178)) - 655e713e-f432-49c6-be02-8424905dac44@group-317885D50A8B-LeaderElection15: begin an election at term 6 for 0: [e55dc74a-5508-43f4-ba5a-e1e75e0afb35:192.168.151.83:38050, 655e713e-f432-49c6-be02-8424905dac44:192.168.151.83:45232, 577faf7f-deb6-4506-8e99-75f39047aeab:192.168.151.83:41804], old=null
2019-10-08 03:43:04,168 [655e713e-f432-49c6-be02-8424905dac44@group-317885D50A8B-LeaderElection15] INFO  impl.LeaderElection (LogUtils.java:infoOrTrace(149)) - 655e713e-f432-49c6-be02-8424905dac44@group-317885D50A8B-LeaderElection15 got exception when requesting votes: {}
java.util.concurrent.ExecutionException: org.apache.ratis.thirdparty.io.grpc.StatusRuntimeException: UNAVAILABLE: io exception
	at java.util.concurrent.FutureTask.report(FutureTask.java:122)
	at java.util.concurrent.FutureTask.get(FutureTask.java:192)
	at org.apache.ratis.server.impl.LeaderElection.waitForResults(LeaderElection.java:259)
	at org.apache.ratis.server.impl.LeaderElection.askForVotes(LeaderElection.java:197)
	at org.apache.ratis.server.impl.LeaderElection.run(LeaderElection.java:133)
	at java.lang.Thread.run(Thread.java:748)
Caused by: org.apache.ratis.thirdparty.io.grpc.StatusRuntimeException: UNAVAILABLE: io exception
	at org.apache.ratis.thirdparty.io.grpc.stub.ClientCalls.toStatusRuntimeException(ClientCalls.java:233)
	at org.apache.ratis.thirdparty.io.grpc.stub.ClientCalls.getUnchecked(ClientCalls.java:214)
	at org.apache.ratis.thirdparty.io.grpc.stub.ClientCalls.blockingUnaryCall(ClientCalls.java:139)
	at org.apache.ratis.proto.grpc.RaftServerProtocolServiceGrpc$RaftServerProtocolServiceBlockingStub.requestVote(RaftServerProtocolServiceGrpc.java:265)
	at org.apache.ratis.grpc.server.GrpcServerProtocolClient.requestVote(GrpcServerProtocolClient.java:99)
	at org.apache.ratis.grpc.server.GrpcService.requestVote(GrpcService.java:204)
	at org.apache.ratis.server.impl.LeaderElection.lambda$submitRequests$1(LeaderElection.java:234)
	at java.util.concurrent.FutureTask.run(FutureTask.java:266)
	at java.util.concurrent.Executors$RunnableAdapter.call(Executors.java:511)
	at java.util.concurrent.FutureTask.run(FutureTask.java:266)
	at java.util.concurrent.ThreadPoolExecutor.runWorker(ThreadPoolExecutor.java:1149)
	at java.util.concurrent.ThreadPoolExecutor$Worker.run(ThreadPoolExecutor.java:624)
	... 1 more
Caused by: org.apache.ratis.thirdparty.io.netty.channel.AbstractChannel$AnnotatedConnectException: Connection refused: /192.168.151.83:41804
	at sun.nio.ch.SocketChannelImpl.checkConnect(Native Method)
	at sun.nio.ch.SocketChannelImpl.finishConnect(SocketChannelImpl.java:717)
	at org.apache.ratis.thirdparty.io.netty.channel.socket.nio.NioSocketChannel.doFinishConnect(NioSocketChannel.java:327)
	at org.apache.ratis.thirdparty.io.netty.channel.nio.AbstractNioChannel$AbstractNioUnsafe.finishConnect(AbstractNioChannel.java:340)
	at org.apache.ratis.thirdparty.io.netty.channel.nio.NioEventLoop.processSelectedKey(NioEventLoop.java:632)
	at org.apache.ratis.thirdparty.io.netty.channel.nio.NioEventLoop.processSelectedKeysOptimized(NioEventLoop.java:579)
	at org.apache.ratis.thirdparty.io.netty.channel.nio.NioEventLoop.processSelectedKeys(NioEventLoop.java:496)
	at org.apache.ratis.thirdparty.io.netty.channel.nio.NioEventLoop.run(NioEventLoop.java:458)
	at org.apache.ratis.thirdparty.io.netty.util.concurrent.SingleThreadEventExecutor$5.run(SingleThreadEventExecutor.java:897)
	at org.apache.ratis.thirdparty.io.netty.util.concurrent.FastThreadLocalRunnable.run(FastThreadLocalRunnable.java:30)
	... 1 more
Caused by: java.net.ConnectException: Connection refused
	... 11 more
2019-10-08 03:43:04,171 [655e713e-f432-49c6-be02-8424905dac44@group-317885D50A8B-LeaderElection15] INFO  impl.LeaderElection (LogUtils.java:infoOrTrace(149)) - 655e713e-f432-49c6-be02-8424905dac44@group-317885D50A8B-LeaderElection15 got exception when requesting votes: {}
java.util.concurrent.ExecutionException: org.apache.ratis.thirdparty.io.grpc.StatusRuntimeException: UNAVAILABLE: io exception
	at java.util.concurrent.FutureTask.report(FutureTask.java:122)
	at java.util.concurrent.FutureTask.get(FutureTask.java:192)
	at org.apache.ratis.server.impl.LeaderElection.waitForResults(LeaderElection.java:259)
	at org.apache.ratis.server.impl.LeaderElection.askForVotes(LeaderElection.java:197)
	at org.apache.ratis.server.impl.LeaderElection.run(LeaderElection.java:133)
	at java.lang.Thread.run(Thread.java:748)
Caused by: org.apache.ratis.thirdparty.io.grpc.StatusRuntimeException: UNAVAILABLE: io exception
	at org.apache.ratis.thirdparty.io.grpc.stub.ClientCalls.toStatusRuntimeException(ClientCalls.java:233)
	at org.apache.ratis.thirdparty.io.grpc.stub.ClientCalls.getUnchecked(ClientCalls.java:214)
	at org.apache.ratis.thirdparty.io.grpc.stub.ClientCalls.blockingUnaryCall(ClientCalls.java:139)
	at org.apache.ratis.proto.grpc.RaftServerProtocolServiceGrpc$RaftServerProtocolServiceBlockingStub.requestVote(RaftServerProtocolServiceGrpc.java:265)
	at org.apache.ratis.grpc.server.GrpcServerProtocolClient.requestVote(GrpcServerProtocolClient.java:99)
	at org.apache.ratis.grpc.server.GrpcService.requestVote(GrpcService.java:204)
	at org.apache.ratis.server.impl.LeaderElection.lambda$submitRequests$1(LeaderElection.java:234)
	at java.util.concurrent.FutureTask.run(FutureTask.java:266)
	at java.util.concurrent.Executors$RunnableAdapter.call(Executors.java:511)
	at java.util.concurrent.FutureTask.run(FutureTask.java:266)
	at java.util.concurrent.ThreadPoolExecutor.runWorker(ThreadPoolExecutor.java:1149)
	at java.util.concurrent.ThreadPoolExecutor$Worker.run(ThreadPoolExecutor.java:624)
	... 1 more
Caused by: org.apache.ratis.thirdparty.io.netty.channel.AbstractChannel$AnnotatedConnectException: Connection refused: /192.168.151.83:38050
	at sun.nio.ch.SocketChannelImpl.checkConnect(Native Method)
	at sun.nio.ch.SocketChannelImpl.finishConnect(SocketChannelImpl.java:717)
	at org.apache.ratis.thirdparty.io.netty.channel.socket.nio.NioSocketChannel.doFinishConnect(NioSocketChannel.java:327)
	at org.apache.ratis.thirdparty.io.netty.channel.nio.AbstractNioChannel$AbstractNioUnsafe.finishConnect(AbstractNioChannel.java:340)
	at org.apache.ratis.thirdparty.io.netty.channel.nio.NioEventLoop.processSelectedKey(NioEventLoop.java:632)
	at org.apache.ratis.thirdparty.io.netty.channel.nio.NioEventLoop.processSelectedKeysOptimized(NioEventLoop.java:579)
	at org.apache.ratis.thirdparty.io.netty.channel.nio.NioEventLoop.processSelectedKeys(NioEventLoop.java:496)
	at org.apache.ratis.thirdparty.io.netty.channel.nio.NioEventLoop.run(NioEventLoop.java:458)
	at org.apache.ratis.thirdparty.io.netty.util.concurrent.SingleThreadEventExecutor$5.run(SingleThreadEventExecutor.java:897)
	at org.apache.ratis.thirdparty.io.netty.util.concurrent.FastThreadLocalRunnable.run(FastThreadLocalRunnable.java:30)
	... 1 more
Caused by: java.net.ConnectException: Connection refused
	... 11 more
2019-10-08 03:43:04,173 [655e713e-f432-49c6-be02-8424905dac44@group-317885D50A8B-LeaderElection15] INFO  impl.LeaderElection (LeaderElection.java:logAndReturn(56)) - 655e713e-f432-49c6-be02-8424905dac44@group-317885D50A8B-LeaderElection15: Election REJECTED; received 0 response(s) [] and 2 exception(s); 655e713e-f432-49c6-be02-8424905dac44@group-317885D50A8B:t6, leader=null, voted=655e713e-f432-49c6-be02-8424905dac44, raftlog=655e713e-f432-49c6-be02-8424905dac44@group-317885D50A8B-SegmentedRaftLog:OPENED:c16,f16,i16, conf=0: [e55dc74a-5508-43f4-ba5a-e1e75e0afb35:192.168.151.83:38050, 655e713e-f432-49c6-be02-8424905dac44:192.168.151.83:45232, 577faf7f-deb6-4506-8e99-75f39047aeab:192.168.151.83:41804], old=null
2019-10-08 03:43:04,173 [655e713e-f432-49c6-be02-8424905dac44@group-317885D50A8B-LeaderElection15] INFO  impl.LeaderElection (LogUtils.java:infoOrTrace(149)) -   Exception 0: {}
java.util.concurrent.ExecutionException: org.apache.ratis.thirdparty.io.grpc.StatusRuntimeException: UNAVAILABLE: io exception
	at java.util.concurrent.FutureTask.report(FutureTask.java:122)
	at java.util.concurrent.FutureTask.get(FutureTask.java:192)
	at org.apache.ratis.server.impl.LeaderElection.waitForResults(LeaderElection.java:259)
	at org.apache.ratis.server.impl.LeaderElection.askForVotes(LeaderElection.java:197)
	at org.apache.ratis.server.impl.LeaderElection.run(LeaderElection.java:133)
	at java.lang.Thread.run(Thread.java:748)
Caused by: org.apache.ratis.thirdparty.io.grpc.StatusRuntimeException: UNAVAILABLE: io exception
	at org.apache.ratis.thirdparty.io.grpc.stub.ClientCalls.toStatusRuntimeException(ClientCalls.java:233)
	at org.apache.ratis.thirdparty.io.grpc.stub.ClientCalls.getUnchecked(ClientCalls.java:214)
	at org.apache.ratis.thirdparty.io.grpc.stub.ClientCalls.blockingUnaryCall(ClientCalls.java:139)
	at org.apache.ratis.proto.grpc.RaftServerProtocolServiceGrpc$RaftServerProtocolServiceBlockingStub.requestVote(RaftServerProtocolServiceGrpc.java:265)
	at org.apache.ratis.grpc.server.GrpcServerProtocolClient.requestVote(GrpcServerProtocolClient.java:99)
	at org.apache.ratis.grpc.server.GrpcService.requestVote(GrpcService.java:204)
	at org.apache.ratis.server.impl.LeaderElection.lambda$submitRequests$1(LeaderElection.java:234)
	at java.util.concurrent.FutureTask.run(FutureTask.java:266)
	at java.util.concurrent.Executors$RunnableAdapter.call(Executors.java:511)
	at java.util.concurrent.FutureTask.run(FutureTask.java:266)
	at java.util.concurrent.ThreadPoolExecutor.runWorker(ThreadPoolExecutor.java:1149)
	at java.util.concurrent.ThreadPoolExecutor$Worker.run(ThreadPoolExecutor.java:624)
	... 1 more
Caused by: org.apache.ratis.thirdparty.io.netty.channel.AbstractChannel$AnnotatedConnectException: Connection refused: /192.168.151.83:41804
	at sun.nio.ch.SocketChannelImpl.checkConnect(Native Method)
	at sun.nio.ch.SocketChannelImpl.finishConnect(SocketChannelImpl.java:717)
	at org.apache.ratis.thirdparty.io.netty.channel.socket.nio.NioSocketChannel.doFinishConnect(NioSocketChannel.java:327)
	at org.apache.ratis.thirdparty.io.netty.channel.nio.AbstractNioChannel$AbstractNioUnsafe.finishConnect(AbstractNioChannel.java:340)
	at org.apache.ratis.thirdparty.io.netty.channel.nio.NioEventLoop.processSelectedKey(NioEventLoop.java:632)
	at org.apache.ratis.thirdparty.io.netty.channel.nio.NioEventLoop.processSelectedKeysOptimized(NioEventLoop.java:579)
	at org.apache.ratis.thirdparty.io.netty.channel.nio.NioEventLoop.processSelectedKeys(NioEventLoop.java:496)
	at org.apache.ratis.thirdparty.io.netty.channel.nio.NioEventLoop.run(NioEventLoop.java:458)
	at org.apache.ratis.thirdparty.io.netty.util.concurrent.SingleThreadEventExecutor$5.run(SingleThreadEventExecutor.java:897)
	at org.apache.ratis.thirdparty.io.netty.util.concurrent.FastThreadLocalRunnable.run(FastThreadLocalRunnable.java:30)
	... 1 more
Caused by: java.net.ConnectException: Connection refused
	... 11 more
2019-10-08 03:43:04,173 [655e713e-f432-49c6-be02-8424905dac44@group-317885D50A8B-LeaderElection15] INFO  impl.LeaderElection (LogUtils.java:infoOrTrace(149)) -   Exception 1: {}
java.util.concurrent.ExecutionException: org.apache.ratis.thirdparty.io.grpc.StatusRuntimeException: UNAVAILABLE: io exception
	at java.util.concurrent.FutureTask.report(FutureTask.java:122)
	at java.util.concurrent.FutureTask.get(FutureTask.java:192)
	at org.apache.ratis.server.impl.LeaderElection.waitForResults(LeaderElection.java:259)
	at org.apache.ratis.server.impl.LeaderElection.askForVotes(LeaderElection.java:197)
	at org.apache.ratis.server.impl.LeaderElection.run(LeaderElection.java:133)
	at java.lang.Thread.run(Thread.java:748)
Caused by: org.apache.ratis.thirdparty.io.grpc.StatusRuntimeException: UNAVAILABLE: io exception
	at org.apache.ratis.thirdparty.io.grpc.stub.ClientCalls.toStatusRuntimeException(ClientCalls.java:233)
	at org.apache.ratis.thirdparty.io.grpc.stub.ClientCalls.getUnchecked(ClientCalls.java:214)
	at org.apache.ratis.thirdparty.io.grpc.stub.ClientCalls.blockingUnaryCall(ClientCalls.java:139)
	at org.apache.ratis.proto.grpc.RaftServerProtocolServiceGrpc$RaftServerProtocolServiceBlockingStub.requestVote(RaftServerProtocolServiceGrpc.java:265)
	at org.apache.ratis.grpc.server.GrpcServerProtocolClient.requestVote(GrpcServerProtocolClient.java:99)
	at org.apache.ratis.grpc.server.GrpcService.requestVote(GrpcService.java:204)
	at org.apache.ratis.server.impl.LeaderElection.lambda$submitRequests$1(LeaderElection.java:234)
	at java.util.concurrent.FutureTask.run(FutureTask.java:266)
	at java.util.concurrent.Executors$RunnableAdapter.call(Executors.java:511)
	at java.util.concurrent.FutureTask.run(FutureTask.java:266)
	at java.util.concurrent.ThreadPoolExecutor.runWorker(ThreadPoolExecutor.java:1149)
	at java.util.concurrent.ThreadPoolExecutor$Worker.run(ThreadPoolExecutor.java:624)
	... 1 more
Caused by: org.apache.ratis.thirdparty.io.netty.channel.AbstractChannel$AnnotatedConnectException: Connection refused: /192.168.151.83:38050
	at sun.nio.ch.SocketChannelImpl.checkConnect(Native Method)
	at sun.nio.ch.SocketChannelImpl.finishConnect(SocketChannelImpl.java:717)
	at org.apache.ratis.thirdparty.io.netty.channel.socket.nio.NioSocketChannel.doFinishConnect(NioSocketChannel.java:327)
	at org.apache.ratis.thirdparty.io.netty.channel.nio.AbstractNioChannel$AbstractNioUnsafe.finishConnect(AbstractNioChannel.java:340)
	at org.apache.ratis.thirdparty.io.netty.channel.nio.NioEventLoop.processSelectedKey(NioEventLoop.java:632)
	at org.apache.ratis.thirdparty.io.netty.channel.nio.NioEventLoop.processSelectedKeysOptimized(NioEventLoop.java:579)
	at org.apache.ratis.thirdparty.io.netty.channel.nio.NioEventLoop.processSelectedKeys(NioEventLoop.java:496)
	at org.apache.ratis.thirdparty.io.netty.channel.nio.NioEventLoop.run(NioEventLoop.java:458)
	at org.apache.ratis.thirdparty.io.netty.util.concurrent.SingleThreadEventExecutor$5.run(SingleThreadEventExecutor.java:897)
	at org.apache.ratis.thirdparty.io.netty.util.concurrent.FastThreadLocalRunnable.run(FastThreadLocalRunnable.java:30)
	... 1 more
Caused by: java.net.ConnectException: Connection refused
	... 11 more
2019-10-08 03:43:04,174 [655e713e-f432-49c6-be02-8424905dac44@group-317885D50A8B-LeaderElection15] INFO  impl.RaftServerImpl (RaftServerImpl.java:setRole(170)) - 655e713e-f432-49c6-be02-8424905dac44@group-317885D50A8B: changes role from CANDIDATE to FOLLOWER at term 6 for DISCOVERED_A_NEW_TERM
2019-10-08 03:43:04,174 [655e713e-f432-49c6-be02-8424905dac44@group-317885D50A8B-LeaderElection15] INFO  impl.RoleInfo (RoleInfo.java:shutdownLeaderElection(134)) - 655e713e-f432-49c6-be02-8424905dac44: shutdown LeaderElection
2019-10-08 03:43:04,174 [655e713e-f432-49c6-be02-8424905dac44@group-317885D50A8B-LeaderElection15] INFO  impl.RoleInfo (RoleInfo.java:updateAndGet(143)) - 655e713e-f432-49c6-be02-8424905dac44: start FollowerState
2019-10-08 03:43:09,269 [Thread-474] INFO  impl.FollowerState (FollowerState.java:run(108)) - 655e713e-f432-49c6-be02-8424905dac44@group-317885D50A8B-FollowerState: change to CANDIDATE, lastRpcTime:5094ms, electionTimeout:5094ms
2019-10-08 03:43:09,272 [Thread-474] INFO  impl.RoleInfo (RoleInfo.java:shutdownFollowerState(121)) - 655e713e-f432-49c6-be02-8424905dac44: shutdown FollowerState
2019-10-08 03:43:09,272 [Thread-474] INFO  impl.RaftServerImpl (RaftServerImpl.java:setRole(170)) - 655e713e-f432-49c6-be02-8424905dac44@group-317885D50A8B: changes role from  FOLLOWER to CANDIDATE at term 6 for changeToCandidate
2019-10-08 03:43:09,272 [Thread-474] INFO  impl.RoleInfo (RoleInfo.java:updateAndGet(143)) - 655e713e-f432-49c6-be02-8424905dac44: start LeaderElection
2019-10-08 03:43:09,305 [655e713e-f432-49c6-be02-8424905dac44@group-317885D50A8B-LeaderElection16] INFO  impl.LeaderElection (LeaderElection.java:askForVotes(178)) - 655e713e-f432-49c6-be02-8424905dac44@group-317885D50A8B-LeaderElection16: begin an election at term 7 for 0: [e55dc74a-5508-43f4-ba5a-e1e75e0afb35:192.168.151.83:38050, 655e713e-f432-49c6-be02-8424905dac44:192.168.151.83:45232, 577faf7f-deb6-4506-8e99-75f39047aeab:192.168.151.83:41804], old=null
2019-10-08 03:43:09,306 [655e713e-f432-49c6-be02-8424905dac44@group-317885D50A8B-LeaderElection16] INFO  impl.LeaderElection (LogUtils.java:infoOrTrace(149)) - 655e713e-f432-49c6-be02-8424905dac44@group-317885D50A8B-LeaderElection16 got exception when requesting votes: {}
java.util.concurrent.ExecutionException: org.apache.ratis.thirdparty.io.grpc.StatusRuntimeException: UNAVAILABLE: io exception
	at java.util.concurrent.FutureTask.report(FutureTask.java:122)
	at java.util.concurrent.FutureTask.get(FutureTask.java:192)
	at org.apache.ratis.server.impl.LeaderElection.waitForResults(LeaderElection.java:259)
	at org.apache.ratis.server.impl.LeaderElection.askForVotes(LeaderElection.java:197)
	at org.apache.ratis.server.impl.LeaderElection.run(LeaderElection.java:133)
	at java.lang.Thread.run(Thread.java:748)
Caused by: org.apache.ratis.thirdparty.io.grpc.StatusRuntimeException: UNAVAILABLE: io exception
	at org.apache.ratis.thirdparty.io.grpc.stub.ClientCalls.toStatusRuntimeException(ClientCalls.java:233)
	at org.apache.ratis.thirdparty.io.grpc.stub.ClientCalls.getUnchecked(ClientCalls.java:214)
	at org.apache.ratis.thirdparty.io.grpc.stub.ClientCalls.blockingUnaryCall(ClientCalls.java:139)
	at org.apache.ratis.proto.grpc.RaftServerProtocolServiceGrpc$RaftServerProtocolServiceBlockingStub.requestVote(RaftServerProtocolServiceGrpc.java:265)
	at org.apache.ratis.grpc.server.GrpcServerProtocolClient.requestVote(GrpcServerProtocolClient.java:99)
	at org.apache.ratis.grpc.server.GrpcService.requestVote(GrpcService.java:204)
	at org.apache.ratis.server.impl.LeaderElection.lambda$submitRequests$1(LeaderElection.java:234)
	at java.util.concurrent.FutureTask.run(FutureTask.java:266)
	at java.util.concurrent.Executors$RunnableAdapter.call(Executors.java:511)
	at java.util.concurrent.FutureTask.run(FutureTask.java:266)
	at java.util.concurrent.ThreadPoolExecutor.runWorker(ThreadPoolExecutor.java:1149)
	at java.util.concurrent.ThreadPoolExecutor$Worker.run(ThreadPoolExecutor.java:624)
	... 1 more
Caused by: org.apache.ratis.thirdparty.io.netty.channel.AbstractChannel$AnnotatedConnectException: Connection refused: /192.168.151.83:38050
	at sun.nio.ch.SocketChannelImpl.checkConnect(Native Method)
	at sun.nio.ch.SocketChannelImpl.finishConnect(SocketChannelImpl.java:717)
	at org.apache.ratis.thirdparty.io.netty.channel.socket.nio.NioSocketChannel.doFinishConnect(NioSocketChannel.java:327)
	at org.apache.ratis.thirdparty.io.netty.channel.nio.AbstractNioChannel$AbstractNioUnsafe.finishConnect(AbstractNioChannel.java:340)
	at org.apache.ratis.thirdparty.io.netty.channel.nio.NioEventLoop.processSelectedKey(NioEventLoop.java:632)
	at org.apache.ratis.thirdparty.io.netty.channel.nio.NioEventLoop.processSelectedKeysOptimized(NioEventLoop.java:579)
	at org.apache.ratis.thirdparty.io.netty.channel.nio.NioEventLoop.processSelectedKeys(NioEventLoop.java:496)
	at org.apache.ratis.thirdparty.io.netty.channel.nio.NioEventLoop.run(NioEventLoop.java:458)
	at org.apache.ratis.thirdparty.io.netty.util.concurrent.SingleThreadEventExecutor$5.run(SingleThreadEventExecutor.java:897)
	at org.apache.ratis.thirdparty.io.netty.util.concurrent.FastThreadLocalRunnable.run(FastThreadLocalRunnable.java:30)
	... 1 more
Caused by: java.net.ConnectException: Connection refused
	... 11 more
2019-10-08 03:43:09,309 [655e713e-f432-49c6-be02-8424905dac44@group-317885D50A8B-LeaderElection16] INFO  impl.LeaderElection (LogUtils.java:infoOrTrace(149)) - 655e713e-f432-49c6-be02-8424905dac44@group-317885D50A8B-LeaderElection16 got exception when requesting votes: {}
java.util.concurrent.ExecutionException: org.apache.ratis.thirdparty.io.grpc.StatusRuntimeException: UNAVAILABLE: io exception
	at java.util.concurrent.FutureTask.report(FutureTask.java:122)
	at java.util.concurrent.FutureTask.get(FutureTask.java:192)
	at org.apache.ratis.server.impl.LeaderElection.waitForResults(LeaderElection.java:259)
	at org.apache.ratis.server.impl.LeaderElection.askForVotes(LeaderElection.java:197)
	at org.apache.ratis.server.impl.LeaderElection.run(LeaderElection.java:133)
	at java.lang.Thread.run(Thread.java:748)
Caused by: org.apache.ratis.thirdparty.io.grpc.StatusRuntimeException: UNAVAILABLE: io exception
	at org.apache.ratis.thirdparty.io.grpc.stub.ClientCalls.toStatusRuntimeException(ClientCalls.java:233)
	at org.apache.ratis.thirdparty.io.grpc.stub.ClientCalls.getUnchecked(ClientCalls.java:214)
	at org.apache.ratis.thirdparty.io.grpc.stub.ClientCalls.blockingUnaryCall(ClientCalls.java:139)
	at org.apache.ratis.proto.grpc.RaftServerProtocolServiceGrpc$RaftServerProtocolServiceBlockingStub.requestVote(RaftServerProtocolServiceGrpc.java:265)
	at org.apache.ratis.grpc.server.GrpcServerProtocolClient.requestVote(GrpcServerProtocolClient.java:99)
	at org.apache.ratis.grpc.server.GrpcService.requestVote(GrpcService.java:204)
	at org.apache.ratis.server.impl.LeaderElection.lambda$submitRequests$1(LeaderElection.java:234)
	at java.util.concurrent.FutureTask.run(FutureTask.java:266)
	at java.util.concurrent.Executors$RunnableAdapter.call(Executors.java:511)
	at java.util.concurrent.FutureTask.run(FutureTask.java:266)
	at java.util.concurrent.ThreadPoolExecutor.runWorker(ThreadPoolExecutor.java:1149)
	at java.util.concurrent.ThreadPoolExecutor$Worker.run(ThreadPoolExecutor.java:624)
	... 1 more
Caused by: org.apache.ratis.thirdparty.io.netty.channel.AbstractChannel$AnnotatedConnectException: Connection refused: /192.168.151.83:41804
	at sun.nio.ch.SocketChannelImpl.checkConnect(Native Method)
	at sun.nio.ch.SocketChannelImpl.finishConnect(SocketChannelImpl.java:717)
	at org.apache.ratis.thirdparty.io.netty.channel.socket.nio.NioSocketChannel.doFinishConnect(NioSocketChannel.java:327)
	at org.apache.ratis.thirdparty.io.netty.channel.nio.AbstractNioChannel$AbstractNioUnsafe.finishConnect(AbstractNioChannel.java:340)
	at org.apache.ratis.thirdparty.io.netty.channel.nio.NioEventLoop.processSelectedKey(NioEventLoop.java:632)
	at org.apache.ratis.thirdparty.io.netty.channel.nio.NioEventLoop.processSelectedKeysOptimized(NioEventLoop.java:579)
	at org.apache.ratis.thirdparty.io.netty.channel.nio.NioEventLoop.processSelectedKeys(NioEventLoop.java:496)
	at org.apache.ratis.thirdparty.io.netty.channel.nio.NioEventLoop.run(NioEventLoop.java:458)
	at org.apache.ratis.thirdparty.io.netty.util.concurrent.SingleThreadEventExecutor$5.run(SingleThreadEventExecutor.java:897)
	at org.apache.ratis.thirdparty.io.netty.util.concurrent.FastThreadLocalRunnable.run(FastThreadLocalRunnable.java:30)
	... 1 more
Caused by: java.net.ConnectException: Connection refused
	... 11 more
2019-10-08 03:43:09,311 [655e713e-f432-49c6-be02-8424905dac44@group-317885D50A8B-LeaderElection16] INFO  impl.LeaderElection (LeaderElection.java:logAndReturn(56)) - 655e713e-f432-49c6-be02-8424905dac44@group-317885D50A8B-LeaderElection16: Election REJECTED; received 0 response(s) [] and 2 exception(s); 655e713e-f432-49c6-be02-8424905dac44@group-317885D50A8B:t7, leader=null, voted=655e713e-f432-49c6-be02-8424905dac44, raftlog=655e713e-f432-49c6-be02-8424905dac44@group-317885D50A8B-SegmentedRaftLog:OPENED:c16,f16,i16, conf=0: [e55dc74a-5508-43f4-ba5a-e1e75e0afb35:192.168.151.83:38050, 655e713e-f432-49c6-be02-8424905dac44:192.168.151.83:45232, 577faf7f-deb6-4506-8e99-75f39047aeab:192.168.151.83:41804], old=null
2019-10-08 03:43:09,312 [655e713e-f432-49c6-be02-8424905dac44@group-317885D50A8B-LeaderElection16] INFO  impl.LeaderElection (LogUtils.java:infoOrTrace(149)) -   Exception 0: {}
java.util.concurrent.ExecutionException: org.apache.ratis.thirdparty.io.grpc.StatusRuntimeException: UNAVAILABLE: io exception
	at java.util.concurrent.FutureTask.report(FutureTask.java:122)
	at java.util.concurrent.FutureTask.get(FutureTask.java:192)
	at org.apache.ratis.server.impl.LeaderElection.waitForResults(LeaderElection.java:259)
	at org.apache.ratis.server.impl.LeaderElection.askForVotes(LeaderElection.java:197)
	at org.apache.ratis.server.impl.LeaderElection.run(LeaderElection.java:133)
	at java.lang.Thread.run(Thread.java:748)
Caused by: org.apache.ratis.thirdparty.io.grpc.StatusRuntimeException: UNAVAILABLE: io exception
	at org.apache.ratis.thirdparty.io.grpc.stub.ClientCalls.toStatusRuntimeException(ClientCalls.java:233)
	at org.apache.ratis.thirdparty.io.grpc.stub.ClientCalls.getUnchecked(ClientCalls.java:214)
	at org.apache.ratis.thirdparty.io.grpc.stub.ClientCalls.blockingUnaryCall(ClientCalls.java:139)
	at org.apache.ratis.proto.grpc.RaftServerProtocolServiceGrpc$RaftServerProtocolServiceBlockingStub.requestVote(RaftServerProtocolServiceGrpc.java:265)
	at org.apache.ratis.grpc.server.GrpcServerProtocolClient.requestVote(GrpcServerProtocolClient.java:99)
	at org.apache.ratis.grpc.server.GrpcService.requestVote(GrpcService.java:204)
	at org.apache.ratis.server.impl.LeaderElection.lambda$submitRequests$1(LeaderElection.java:234)
	at java.util.concurrent.FutureTask.run(FutureTask.java:266)
	at java.util.concurrent.Executors$RunnableAdapter.call(Executors.java:511)
	at java.util.concurrent.FutureTask.run(FutureTask.java:266)
	at java.util.concurrent.ThreadPoolExecutor.runWorker(ThreadPoolExecutor.java:1149)
	at java.util.concurrent.ThreadPoolExecutor$Worker.run(ThreadPoolExecutor.java:624)
	... 1 more
Caused by: org.apache.ratis.thirdparty.io.netty.channel.AbstractChannel$AnnotatedConnectException: Connection refused: /192.168.151.83:38050
	at sun.nio.ch.SocketChannelImpl.checkConnect(Native Method)
	at sun.nio.ch.SocketChannelImpl.finishConnect(SocketChannelImpl.java:717)
	at org.apache.ratis.thirdparty.io.netty.channel.socket.nio.NioSocketChannel.doFinishConnect(NioSocketChannel.java:327)
	at org.apache.ratis.thirdparty.io.netty.channel.nio.AbstractNioChannel$AbstractNioUnsafe.finishConnect(AbstractNioChannel.java:340)
	at org.apache.ratis.thirdparty.io.netty.channel.nio.NioEventLoop.processSelectedKey(NioEventLoop.java:632)
	at org.apache.ratis.thirdparty.io.netty.channel.nio.NioEventLoop.processSelectedKeysOptimized(NioEventLoop.java:579)
	at org.apache.ratis.thirdparty.io.netty.channel.nio.NioEventLoop.processSelectedKeys(NioEventLoop.java:496)
	at org.apache.ratis.thirdparty.io.netty.channel.nio.NioEventLoop.run(NioEventLoop.java:458)
	at org.apache.ratis.thirdparty.io.netty.util.concurrent.SingleThreadEventExecutor$5.run(SingleThreadEventExecutor.java:897)
	at org.apache.ratis.thirdparty.io.netty.util.concurrent.FastThreadLocalRunnable.run(FastThreadLocalRunnable.java:30)
	... 1 more
Caused by: java.net.ConnectException: Connection refused
	... 11 more
2019-10-08 03:43:09,312 [655e713e-f432-49c6-be02-8424905dac44@group-317885D50A8B-LeaderElection16] INFO  impl.LeaderElection (LogUtils.java:infoOrTrace(149)) -   Exception 1: {}
java.util.concurrent.ExecutionException: org.apache.ratis.thirdparty.io.grpc.StatusRuntimeException: UNAVAILABLE: io exception
	at java.util.concurrent.FutureTask.report(FutureTask.java:122)
	at java.util.concurrent.FutureTask.get(FutureTask.java:192)
	at org.apache.ratis.server.impl.LeaderElection.waitForResults(LeaderElection.java:259)
	at org.apache.ratis.server.impl.LeaderElection.askForVotes(LeaderElection.java:197)
	at org.apache.ratis.server.impl.LeaderElection.run(LeaderElection.java:133)
	at java.lang.Thread.run(Thread.java:748)
Caused by: org.apache.ratis.thirdparty.io.grpc.StatusRuntimeException: UNAVAILABLE: io exception
	at org.apache.ratis.thirdparty.io.grpc.stub.ClientCalls.toStatusRuntimeException(ClientCalls.java:233)
	at org.apache.ratis.thirdparty.io.grpc.stub.ClientCalls.getUnchecked(ClientCalls.java:214)
	at org.apache.ratis.thirdparty.io.grpc.stub.ClientCalls.blockingUnaryCall(ClientCalls.java:139)
	at org.apache.ratis.proto.grpc.RaftServerProtocolServiceGrpc$RaftServerProtocolServiceBlockingStub.requestVote(RaftServerProtocolServiceGrpc.java:265)
	at org.apache.ratis.grpc.server.GrpcServerProtocolClient.requestVote(GrpcServerProtocolClient.java:99)
	at org.apache.ratis.grpc.server.GrpcService.requestVote(GrpcService.java:204)
	at org.apache.ratis.server.impl.LeaderElection.lambda$submitRequests$1(LeaderElection.java:234)
	at java.util.concurrent.FutureTask.run(FutureTask.java:266)
	at java.util.concurrent.Executors$RunnableAdapter.call(Executors.java:511)
	at java.util.concurrent.FutureTask.run(FutureTask.java:266)
	at java.util.concurrent.ThreadPoolExecutor.runWorker(ThreadPoolExecutor.java:1149)
	at java.util.concurrent.ThreadPoolExecutor$Worker.run(ThreadPoolExecutor.java:624)
	... 1 more
Caused by: org.apache.ratis.thirdparty.io.netty.channel.AbstractChannel$AnnotatedConnectException: Connection refused: /192.168.151.83:41804
	at sun.nio.ch.SocketChannelImpl.checkConnect(Native Method)
	at sun.nio.ch.SocketChannelImpl.finishConnect(SocketChannelImpl.java:717)
	at org.apache.ratis.thirdparty.io.netty.channel.socket.nio.NioSocketChannel.doFinishConnect(NioSocketChannel.java:327)
	at org.apache.ratis.thirdparty.io.netty.channel.nio.AbstractNioChannel$AbstractNioUnsafe.finishConnect(AbstractNioChannel.java:340)
	at org.apache.ratis.thirdparty.io.netty.channel.nio.NioEventLoop.processSelectedKey(NioEventLoop.java:632)
	at org.apache.ratis.thirdparty.io.netty.channel.nio.NioEventLoop.processSelectedKeysOptimized(NioEventLoop.java:579)
	at org.apache.ratis.thirdparty.io.netty.channel.nio.NioEventLoop.processSelectedKeys(NioEventLoop.java:496)
	at org.apache.ratis.thirdparty.io.netty.channel.nio.NioEventLoop.run(NioEventLoop.java:458)
	at org.apache.ratis.thirdparty.io.netty.util.concurrent.SingleThreadEventExecutor$5.run(SingleThreadEventExecutor.java:897)
	at org.apache.ratis.thirdparty.io.netty.util.concurrent.FastThreadLocalRunnable.run(FastThreadLocalRunnable.java:30)
	... 1 more
Caused by: java.net.ConnectException: Connection refused
	... 11 more
2019-10-08 03:43:09,312 [655e713e-f432-49c6-be02-8424905dac44@group-317885D50A8B-LeaderElection16] INFO  impl.RaftServerImpl (RaftServerImpl.java:setRole(170)) - 655e713e-f432-49c6-be02-8424905dac44@group-317885D50A8B: changes role from CANDIDATE to FOLLOWER at term 7 for DISCOVERED_A_NEW_TERM
2019-10-08 03:43:09,313 [655e713e-f432-49c6-be02-8424905dac44@group-317885D50A8B-LeaderElection16] INFO  impl.RoleInfo (RoleInfo.java:shutdownLeaderElection(134)) - 655e713e-f432-49c6-be02-8424905dac44: shutdown LeaderElection
2019-10-08 03:43:09,313 [655e713e-f432-49c6-be02-8424905dac44@group-317885D50A8B-LeaderElection16] INFO  impl.RoleInfo (RoleInfo.java:updateAndGet(143)) - 655e713e-f432-49c6-be02-8424905dac44: start FollowerState
2019-10-08 03:43:14,442 [Thread-488] INFO  impl.FollowerState (FollowerState.java:run(108)) - 655e713e-f432-49c6-be02-8424905dac44@group-317885D50A8B-FollowerState: change to CANDIDATE, lastRpcTime:5129ms, electionTimeout:5129ms
2019-10-08 03:43:14,445 [Thread-488] INFO  impl.RoleInfo (RoleInfo.java:shutdownFollowerState(121)) - 655e713e-f432-49c6-be02-8424905dac44: shutdown FollowerState
2019-10-08 03:43:14,446 [Thread-488] INFO  impl.RaftServerImpl (RaftServerImpl.java:setRole(170)) - 655e713e-f432-49c6-be02-8424905dac44@group-317885D50A8B: changes role from  FOLLOWER to CANDIDATE at term 7 for changeToCandidate
2019-10-08 03:43:14,446 [Thread-488] INFO  impl.RoleInfo (RoleInfo.java:updateAndGet(143)) - 655e713e-f432-49c6-be02-8424905dac44: start LeaderElection
2019-10-08 03:43:14,462 [655e713e-f432-49c6-be02-8424905dac44@group-317885D50A8B-LeaderElection17] INFO  impl.LeaderElection (LeaderElection.java:askForVotes(178)) - 655e713e-f432-49c6-be02-8424905dac44@group-317885D50A8B-LeaderElection17: begin an election at term 8 for 0: [e55dc74a-5508-43f4-ba5a-e1e75e0afb35:192.168.151.83:38050, 655e713e-f432-49c6-be02-8424905dac44:192.168.151.83:45232, 577faf7f-deb6-4506-8e99-75f39047aeab:192.168.151.83:41804], old=null
2019-10-08 03:43:14,463 [655e713e-f432-49c6-be02-8424905dac44@group-317885D50A8B-LeaderElection17] INFO  impl.LeaderElection (LogUtils.java:infoOrTrace(149)) - 655e713e-f432-49c6-be02-8424905dac44@group-317885D50A8B-LeaderElection17 got exception when requesting votes: {}
java.util.concurrent.ExecutionException: org.apache.ratis.thirdparty.io.grpc.StatusRuntimeException: UNAVAILABLE: io exception
	at java.util.concurrent.FutureTask.report(FutureTask.java:122)
	at java.util.concurrent.FutureTask.get(FutureTask.java:192)
	at org.apache.ratis.server.impl.LeaderElection.waitForResults(LeaderElection.java:259)
	at org.apache.ratis.server.impl.LeaderElection.askForVotes(LeaderElection.java:197)
	at org.apache.ratis.server.impl.LeaderElection.run(LeaderElection.java:133)
	at java.lang.Thread.run(Thread.java:748)
Caused by: org.apache.ratis.thirdparty.io.grpc.StatusRuntimeException: UNAVAILABLE: io exception
	at org.apache.ratis.thirdparty.io.grpc.stub.ClientCalls.toStatusRuntimeException(ClientCalls.java:233)
	at org.apache.ratis.thirdparty.io.grpc.stub.ClientCalls.getUnchecked(ClientCalls.java:214)
	at org.apache.ratis.thirdparty.io.grpc.stub.ClientCalls.blockingUnaryCall(ClientCalls.java:139)
	at org.apache.ratis.proto.grpc.RaftServerProtocolServiceGrpc$RaftServerProtocolServiceBlockingStub.requestVote(RaftServerProtocolServiceGrpc.java:265)
	at org.apache.ratis.grpc.server.GrpcServerProtocolClient.requestVote(GrpcServerProtocolClient.java:99)
	at org.apache.ratis.grpc.server.GrpcService.requestVote(GrpcService.java:204)
	at org.apache.ratis.server.impl.LeaderElection.lambda$submitRequests$1(LeaderElection.java:234)
	at java.util.concurrent.FutureTask.run(FutureTask.java:266)
	at java.util.concurrent.Executors$RunnableAdapter.call(Executors.java:511)
	at java.util.concurrent.FutureTask.run(FutureTask.java:266)
	at java.util.concurrent.ThreadPoolExecutor.runWorker(ThreadPoolExecutor.java:1149)
	at java.util.concurrent.ThreadPoolExecutor$Worker.run(ThreadPoolExecutor.java:624)
	... 1 more
Caused by: org.apache.ratis.thirdparty.io.netty.channel.AbstractChannel$AnnotatedConnectException: Connection refused: /192.168.151.83:41804
	at sun.nio.ch.SocketChannelImpl.checkConnect(Native Method)
	at sun.nio.ch.SocketChannelImpl.finishConnect(SocketChannelImpl.java:717)
	at org.apache.ratis.thirdparty.io.netty.channel.socket.nio.NioSocketChannel.doFinishConnect(NioSocketChannel.java:327)
	at org.apache.ratis.thirdparty.io.netty.channel.nio.AbstractNioChannel$AbstractNioUnsafe.finishConnect(AbstractNioChannel.java:340)
	at org.apache.ratis.thirdparty.io.netty.channel.nio.NioEventLoop.processSelectedKey(NioEventLoop.java:632)
	at org.apache.ratis.thirdparty.io.netty.channel.nio.NioEventLoop.processSelectedKeysOptimized(NioEventLoop.java:579)
	at org.apache.ratis.thirdparty.io.netty.channel.nio.NioEventLoop.processSelectedKeys(NioEventLoop.java:496)
	at org.apache.ratis.thirdparty.io.netty.channel.nio.NioEventLoop.run(NioEventLoop.java:458)
	at org.apache.ratis.thirdparty.io.netty.util.concurrent.SingleThreadEventExecutor$5.run(SingleThreadEventExecutor.java:897)
	at org.apache.ratis.thirdparty.io.netty.util.concurrent.FastThreadLocalRunnable.run(FastThreadLocalRunnable.java:30)
	... 1 more
Caused by: java.net.ConnectException: Connection refused
	... 11 more
2019-10-08 03:43:14,466 [655e713e-f432-49c6-be02-8424905dac44@group-317885D50A8B-LeaderElection17] INFO  impl.LeaderElection (LogUtils.java:infoOrTrace(149)) - 655e713e-f432-49c6-be02-8424905dac44@group-317885D50A8B-LeaderElection17 got exception when requesting votes: {}
java.util.concurrent.ExecutionException: org.apache.ratis.thirdparty.io.grpc.StatusRuntimeException: UNAVAILABLE: io exception
	at java.util.concurrent.FutureTask.report(FutureTask.java:122)
	at java.util.concurrent.FutureTask.get(FutureTask.java:192)
	at org.apache.ratis.server.impl.LeaderElection.waitForResults(LeaderElection.java:259)
	at org.apache.ratis.server.impl.LeaderElection.askForVotes(LeaderElection.java:197)
	at org.apache.ratis.server.impl.LeaderElection.run(LeaderElection.java:133)
	at java.lang.Thread.run(Thread.java:748)
Caused by: org.apache.ratis.thirdparty.io.grpc.StatusRuntimeException: UNAVAILABLE: io exception
	at org.apache.ratis.thirdparty.io.grpc.stub.ClientCalls.toStatusRuntimeException(ClientCalls.java:233)
	at org.apache.ratis.thirdparty.io.grpc.stub.ClientCalls.getUnchecked(ClientCalls.java:214)
	at org.apache.ratis.thirdparty.io.grpc.stub.ClientCalls.blockingUnaryCall(ClientCalls.java:139)
	at org.apache.ratis.proto.grpc.RaftServerProtocolServiceGrpc$RaftServerProtocolServiceBlockingStub.requestVote(RaftServerProtocolServiceGrpc.java:265)
	at org.apache.ratis.grpc.server.GrpcServerProtocolClient.requestVote(GrpcServerProtocolClient.java:99)
	at org.apache.ratis.grpc.server.GrpcService.requestVote(GrpcService.java:204)
	at org.apache.ratis.server.impl.LeaderElection.lambda$submitRequests$1(LeaderElection.java:234)
	at java.util.concurrent.FutureTask.run(FutureTask.java:266)
	at java.util.concurrent.Executors$RunnableAdapter.call(Executors.java:511)
	at java.util.concurrent.FutureTask.run(FutureTask.java:266)
	at java.util.concurrent.ThreadPoolExecutor.runWorker(ThreadPoolExecutor.java:1149)
	at java.util.concurrent.ThreadPoolExecutor$Worker.run(ThreadPoolExecutor.java:624)
	... 1 more
Caused by: org.apache.ratis.thirdparty.io.netty.channel.AbstractChannel$AnnotatedConnectException: Connection refused: /192.168.151.83:38050
	at sun.nio.ch.SocketChannelImpl.checkConnect(Native Method)
	at sun.nio.ch.SocketChannelImpl.finishConnect(SocketChannelImpl.java:717)
	at org.apache.ratis.thirdparty.io.netty.channel.socket.nio.NioSocketChannel.doFinishConnect(NioSocketChannel.java:327)
	at org.apache.ratis.thirdparty.io.netty.channel.nio.AbstractNioChannel$AbstractNioUnsafe.finishConnect(AbstractNioChannel.java:340)
	at org.apache.ratis.thirdparty.io.netty.channel.nio.NioEventLoop.processSelectedKey(NioEventLoop.java:632)
	at org.apache.ratis.thirdparty.io.netty.channel.nio.NioEventLoop.processSelectedKeysOptimized(NioEventLoop.java:579)
	at org.apache.ratis.thirdparty.io.netty.channel.nio.NioEventLoop.processSelectedKeys(NioEventLoop.java:496)
	at org.apache.ratis.thirdparty.io.netty.channel.nio.NioEventLoop.run(NioEventLoop.java:458)
	at org.apache.ratis.thirdparty.io.netty.util.concurrent.SingleThreadEventExecutor$5.run(SingleThreadEventExecutor.java:897)
	at org.apache.ratis.thirdparty.io.netty.util.concurrent.FastThreadLocalRunnable.run(FastThreadLocalRunnable.java:30)
	... 1 more
Caused by: java.net.ConnectException: Connection refused
	... 11 more
2019-10-08 03:43:14,468 [655e713e-f432-49c6-be02-8424905dac44@group-317885D50A8B-LeaderElection17] INFO  impl.LeaderElection (LeaderElection.java:logAndReturn(56)) - 655e713e-f432-49c6-be02-8424905dac44@group-317885D50A8B-LeaderElection17: Election REJECTED; received 0 response(s) [] and 2 exception(s); 655e713e-f432-49c6-be02-8424905dac44@group-317885D50A8B:t8, leader=null, voted=655e713e-f432-49c6-be02-8424905dac44, raftlog=655e713e-f432-49c6-be02-8424905dac44@group-317885D50A8B-SegmentedRaftLog:OPENED:c16,f16,i16, conf=0: [e55dc74a-5508-43f4-ba5a-e1e75e0afb35:192.168.151.83:38050, 655e713e-f432-49c6-be02-8424905dac44:192.168.151.83:45232, 577faf7f-deb6-4506-8e99-75f39047aeab:192.168.151.83:41804], old=null
2019-10-08 03:43:14,468 [655e713e-f432-49c6-be02-8424905dac44@group-317885D50A8B-LeaderElection17] INFO  impl.LeaderElection (LogUtils.java:infoOrTrace(149)) -   Exception 0: {}
java.util.concurrent.ExecutionException: org.apache.ratis.thirdparty.io.grpc.StatusRuntimeException: UNAVAILABLE: io exception
	at java.util.concurrent.FutureTask.report(FutureTask.java:122)
	at java.util.concurrent.FutureTask.get(FutureTask.java:192)
	at org.apache.ratis.server.impl.LeaderElection.waitForResults(LeaderElection.java:259)
	at org.apache.ratis.server.impl.LeaderElection.askForVotes(LeaderElection.java:197)
	at org.apache.ratis.server.impl.LeaderElection.run(LeaderElection.java:133)
	at java.lang.Thread.run(Thread.java:748)
Caused by: org.apache.ratis.thirdparty.io.grpc.StatusRuntimeException: UNAVAILABLE: io exception
	at org.apache.ratis.thirdparty.io.grpc.stub.ClientCalls.toStatusRuntimeException(ClientCalls.java:233)
	at org.apache.ratis.thirdparty.io.grpc.stub.ClientCalls.getUnchecked(ClientCalls.java:214)
	at org.apache.ratis.thirdparty.io.grpc.stub.ClientCalls.blockingUnaryCall(ClientCalls.java:139)
	at org.apache.ratis.proto.grpc.RaftServerProtocolServiceGrpc$RaftServerProtocolServiceBlockingStub.requestVote(RaftServerProtocolServiceGrpc.java:265)
	at org.apache.ratis.grpc.server.GrpcServerProtocolClient.requestVote(GrpcServerProtocolClient.java:99)
	at org.apache.ratis.grpc.server.GrpcService.requestVote(GrpcService.java:204)
	at org.apache.ratis.server.impl.LeaderElection.lambda$submitRequests$1(LeaderElection.java:234)
	at java.util.concurrent.FutureTask.run(FutureTask.java:266)
	at java.util.concurrent.Executors$RunnableAdapter.call(Executors.java:511)
	at java.util.concurrent.FutureTask.run(FutureTask.java:266)
	at java.util.concurrent.ThreadPoolExecutor.runWorker(ThreadPoolExecutor.java:1149)
	at java.util.concurrent.ThreadPoolExecutor$Worker.run(ThreadPoolExecutor.java:624)
	... 1 more
Caused by: org.apache.ratis.thirdparty.io.netty.channel.AbstractChannel$AnnotatedConnectException: Connection refused: /192.168.151.83:41804
	at sun.nio.ch.SocketChannelImpl.checkConnect(Native Method)
	at sun.nio.ch.SocketChannelImpl.finishConnect(SocketChannelImpl.java:717)
	at org.apache.ratis.thirdparty.io.netty.channel.socket.nio.NioSocketChannel.doFinishConnect(NioSocketChannel.java:327)
	at org.apache.ratis.thirdparty.io.netty.channel.nio.AbstractNioChannel$AbstractNioUnsafe.finishConnect(AbstractNioChannel.java:340)
	at org.apache.ratis.thirdparty.io.netty.channel.nio.NioEventLoop.processSelectedKey(NioEventLoop.java:632)
	at org.apache.ratis.thirdparty.io.netty.channel.nio.NioEventLoop.processSelectedKeysOptimized(NioEventLoop.java:579)
	at org.apache.ratis.thirdparty.io.netty.channel.nio.NioEventLoop.processSelectedKeys(NioEventLoop.java:496)
	at org.apache.ratis.thirdparty.io.netty.channel.nio.NioEventLoop.run(NioEventLoop.java:458)
	at org.apache.ratis.thirdparty.io.netty.util.concurrent.SingleThreadEventExecutor$5.run(SingleThreadEventExecutor.java:897)
	at org.apache.ratis.thirdparty.io.netty.util.concurrent.FastThreadLocalRunnable.run(FastThreadLocalRunnable.java:30)
	... 1 more
Caused by: java.net.ConnectException: Connection refused
	... 11 more
2019-10-08 03:43:14,469 [655e713e-f432-49c6-be02-8424905dac44@group-317885D50A8B-LeaderElection17] INFO  impl.LeaderElection (LogUtils.java:infoOrTrace(149)) -   Exception 1: {}
java.util.concurrent.ExecutionException: org.apache.ratis.thirdparty.io.grpc.StatusRuntimeException: UNAVAILABLE: io exception
	at java.util.concurrent.FutureTask.report(FutureTask.java:122)
	at java.util.concurrent.FutureTask.get(FutureTask.java:192)
	at org.apache.ratis.server.impl.LeaderElection.waitForResults(LeaderElection.java:259)
	at org.apache.ratis.server.impl.LeaderElection.askForVotes(LeaderElection.java:197)
	at org.apache.ratis.server.impl.LeaderElection.run(LeaderElection.java:133)
	at java.lang.Thread.run(Thread.java:748)
Caused by: org.apache.ratis.thirdparty.io.grpc.StatusRuntimeException: UNAVAILABLE: io exception
	at org.apache.ratis.thirdparty.io.grpc.stub.ClientCalls.toStatusRuntimeException(ClientCalls.java:233)
	at org.apache.ratis.thirdparty.io.grpc.stub.ClientCalls.getUnchecked(ClientCalls.java:214)
	at org.apache.ratis.thirdparty.io.grpc.stub.ClientCalls.blockingUnaryCall(ClientCalls.java:139)
	at org.apache.ratis.proto.grpc.RaftServerProtocolServiceGrpc$RaftServerProtocolServiceBlockingStub.requestVote(RaftServerProtocolServiceGrpc.java:265)
	at org.apache.ratis.grpc.server.GrpcServerProtocolClient.requestVote(GrpcServerProtocolClient.java:99)
	at org.apache.ratis.grpc.server.GrpcService.requestVote(GrpcService.java:204)
	at org.apache.ratis.server.impl.LeaderElection.lambda$submitRequests$1(LeaderElection.java:234)
	at java.util.concurrent.FutureTask.run(FutureTask.java:266)
	at java.util.concurrent.Executors$RunnableAdapter.call(Executors.java:511)
	at java.util.concurrent.FutureTask.run(FutureTask.java:266)
	at java.util.concurrent.ThreadPoolExecutor.runWorker(ThreadPoolExecutor.java:1149)
	at java.util.concurrent.ThreadPoolExecutor$Worker.run(ThreadPoolExecutor.java:624)
	... 1 more
Caused by: org.apache.ratis.thirdparty.io.netty.channel.AbstractChannel$AnnotatedConnectException: Connection refused: /192.168.151.83:38050
	at sun.nio.ch.SocketChannelImpl.checkConnect(Native Method)
	at sun.nio.ch.SocketChannelImpl.finishConnect(SocketChannelImpl.java:717)
	at org.apache.ratis.thirdparty.io.netty.channel.socket.nio.NioSocketChannel.doFinishConnect(NioSocketChannel.java:327)
	at org.apache.ratis.thirdparty.io.netty.channel.nio.AbstractNioChannel$AbstractNioUnsafe.finishConnect(AbstractNioChannel.java:340)
	at org.apache.ratis.thirdparty.io.netty.channel.nio.NioEventLoop.processSelectedKey(NioEventLoop.java:632)
	at org.apache.ratis.thirdparty.io.netty.channel.nio.NioEventLoop.processSelectedKeysOptimized(NioEventLoop.java:579)
	at org.apache.ratis.thirdparty.io.netty.channel.nio.NioEventLoop.processSelectedKeys(NioEventLoop.java:496)
	at org.apache.ratis.thirdparty.io.netty.channel.nio.NioEventLoop.run(NioEventLoop.java:458)
	at org.apache.ratis.thirdparty.io.netty.util.concurrent.SingleThreadEventExecutor$5.run(SingleThreadEventExecutor.java:897)
	at org.apache.ratis.thirdparty.io.netty.util.concurrent.FastThreadLocalRunnable.run(FastThreadLocalRunnable.java:30)
	... 1 more
Caused by: java.net.ConnectException: Connection refused
	... 11 more
2019-10-08 03:43:14,469 [655e713e-f432-49c6-be02-8424905dac44@group-317885D50A8B-LeaderElection17] INFO  impl.RaftServerImpl (RaftServerImpl.java:setRole(170)) - 655e713e-f432-49c6-be02-8424905dac44@group-317885D50A8B: changes role from CANDIDATE to FOLLOWER at term 8 for DISCOVERED_A_NEW_TERM
2019-10-08 03:43:14,469 [655e713e-f432-49c6-be02-8424905dac44@group-317885D50A8B-LeaderElection17] INFO  impl.RoleInfo (RoleInfo.java:shutdownLeaderElection(134)) - 655e713e-f432-49c6-be02-8424905dac44: shutdown LeaderElection
2019-10-08 03:43:14,470 [655e713e-f432-49c6-be02-8424905dac44@group-317885D50A8B-LeaderElection17] INFO  impl.RoleInfo (RoleInfo.java:updateAndGet(143)) - 655e713e-f432-49c6-be02-8424905dac44: start FollowerState
2019-10-08 03:43:19,636 [Thread-503] INFO  impl.FollowerState (FollowerState.java:run(108)) - 655e713e-f432-49c6-be02-8424905dac44@group-317885D50A8B-FollowerState: change to CANDIDATE, lastRpcTime:5166ms, electionTimeout:5162ms
2019-10-08 03:43:19,639 [Thread-503] INFO  impl.RoleInfo (RoleInfo.java:shutdownFollowerState(121)) - 655e713e-f432-49c6-be02-8424905dac44: shutdown FollowerState
2019-10-08 03:43:19,640 [Thread-503] INFO  impl.RaftServerImpl (RaftServerImpl.java:setRole(170)) - 655e713e-f432-49c6-be02-8424905dac44@group-317885D50A8B: changes role from  FOLLOWER to CANDIDATE at term 8 for changeToCandidate
2019-10-08 03:43:19,640 [Thread-503] INFO  impl.RoleInfo (RoleInfo.java:updateAndGet(143)) - 655e713e-f432-49c6-be02-8424905dac44: start LeaderElection
2019-10-08 03:43:19,656 [655e713e-f432-49c6-be02-8424905dac44@group-317885D50A8B-LeaderElection18] INFO  impl.LeaderElection (LeaderElection.java:askForVotes(178)) - 655e713e-f432-49c6-be02-8424905dac44@group-317885D50A8B-LeaderElection18: begin an election at term 9 for 0: [e55dc74a-5508-43f4-ba5a-e1e75e0afb35:192.168.151.83:38050, 655e713e-f432-49c6-be02-8424905dac44:192.168.151.83:45232, 577faf7f-deb6-4506-8e99-75f39047aeab:192.168.151.83:41804], old=null
2019-10-08 03:43:19,657 [655e713e-f432-49c6-be02-8424905dac44@group-317885D50A8B-LeaderElection18] INFO  impl.LeaderElection (LogUtils.java:infoOrTrace(149)) - 655e713e-f432-49c6-be02-8424905dac44@group-317885D50A8B-LeaderElection18 got exception when requesting votes: {}
java.util.concurrent.ExecutionException: org.apache.ratis.thirdparty.io.grpc.StatusRuntimeException: UNAVAILABLE: io exception
	at java.util.concurrent.FutureTask.report(FutureTask.java:122)
	at java.util.concurrent.FutureTask.get(FutureTask.java:192)
	at org.apache.ratis.server.impl.LeaderElection.waitForResults(LeaderElection.java:259)
	at org.apache.ratis.server.impl.LeaderElection.askForVotes(LeaderElection.java:197)
	at org.apache.ratis.server.impl.LeaderElection.run(LeaderElection.java:133)
	at java.lang.Thread.run(Thread.java:748)
Caused by: org.apache.ratis.thirdparty.io.grpc.StatusRuntimeException: UNAVAILABLE: io exception
	at org.apache.ratis.thirdparty.io.grpc.stub.ClientCalls.toStatusRuntimeException(ClientCalls.java:233)
	at org.apache.ratis.thirdparty.io.grpc.stub.ClientCalls.getUnchecked(ClientCalls.java:214)
	at org.apache.ratis.thirdparty.io.grpc.stub.ClientCalls.blockingUnaryCall(ClientCalls.java:139)
	at org.apache.ratis.proto.grpc.RaftServerProtocolServiceGrpc$RaftServerProtocolServiceBlockingStub.requestVote(RaftServerProtocolServiceGrpc.java:265)
	at org.apache.ratis.grpc.server.GrpcServerProtocolClient.requestVote(GrpcServerProtocolClient.java:99)
	at org.apache.ratis.grpc.server.GrpcService.requestVote(GrpcService.java:204)
	at org.apache.ratis.server.impl.LeaderElection.lambda$submitRequests$1(LeaderElection.java:234)
	at java.util.concurrent.FutureTask.run(FutureTask.java:266)
	at java.util.concurrent.Executors$RunnableAdapter.call(Executors.java:511)
	at java.util.concurrent.FutureTask.run(FutureTask.java:266)
	at java.util.concurrent.ThreadPoolExecutor.runWorker(ThreadPoolExecutor.java:1149)
	at java.util.concurrent.ThreadPoolExecutor$Worker.run(ThreadPoolExecutor.java:624)
	... 1 more
Caused by: org.apache.ratis.thirdparty.io.netty.channel.AbstractChannel$AnnotatedConnectException: Connection refused: /192.168.151.83:38050
	at sun.nio.ch.SocketChannelImpl.checkConnect(Native Method)
	at sun.nio.ch.SocketChannelImpl.finishConnect(SocketChannelImpl.java:717)
	at org.apache.ratis.thirdparty.io.netty.channel.socket.nio.NioSocketChannel.doFinishConnect(NioSocketChannel.java:327)
	at org.apache.ratis.thirdparty.io.netty.channel.nio.AbstractNioChannel$AbstractNioUnsafe.finishConnect(AbstractNioChannel.java:340)
	at org.apache.ratis.thirdparty.io.netty.channel.nio.NioEventLoop.processSelectedKey(NioEventLoop.java:632)
	at org.apache.ratis.thirdparty.io.netty.channel.nio.NioEventLoop.processSelectedKeysOptimized(NioEventLoop.java:579)
	at org.apache.ratis.thirdparty.io.netty.channel.nio.NioEventLoop.processSelectedKeys(NioEventLoop.java:496)
	at org.apache.ratis.thirdparty.io.netty.channel.nio.NioEventLoop.run(NioEventLoop.java:458)
	at org.apache.ratis.thirdparty.io.netty.util.concurrent.SingleThreadEventExecutor$5.run(SingleThreadEventExecutor.java:897)
	at org.apache.ratis.thirdparty.io.netty.util.concurrent.FastThreadLocalRunnable.run(FastThreadLocalRunnable.java:30)
	... 1 more
Caused by: java.net.ConnectException: Connection refused
	... 11 more
2019-10-08 03:43:19,660 [655e713e-f432-49c6-be02-8424905dac44@group-317885D50A8B-LeaderElection18] INFO  impl.LeaderElection (LogUtils.java:infoOrTrace(149)) - 655e713e-f432-49c6-be02-8424905dac44@group-317885D50A8B-LeaderElection18 got exception when requesting votes: {}
java.util.concurrent.ExecutionException: org.apache.ratis.thirdparty.io.grpc.StatusRuntimeException: UNAVAILABLE: io exception
	at java.util.concurrent.FutureTask.report(FutureTask.java:122)
	at java.util.concurrent.FutureTask.get(FutureTask.java:192)
	at org.apache.ratis.server.impl.LeaderElection.waitForResults(LeaderElection.java:259)
	at org.apache.ratis.server.impl.LeaderElection.askForVotes(LeaderElection.java:197)
	at org.apache.ratis.server.impl.LeaderElection.run(LeaderElection.java:133)
	at java.lang.Thread.run(Thread.java:748)
Caused by: org.apache.ratis.thirdparty.io.grpc.StatusRuntimeException: UNAVAILABLE: io exception
	at org.apache.ratis.thirdparty.io.grpc.stub.ClientCalls.toStatusRuntimeException(ClientCalls.java:233)
	at org.apache.ratis.thirdparty.io.grpc.stub.ClientCalls.getUnchecked(ClientCalls.java:214)
	at org.apache.ratis.thirdparty.io.grpc.stub.ClientCalls.blockingUnaryCall(ClientCalls.java:139)
	at org.apache.ratis.proto.grpc.RaftServerProtocolServiceGrpc$RaftServerProtocolServiceBlockingStub.requestVote(RaftServerProtocolServiceGrpc.java:265)
	at org.apache.ratis.grpc.server.GrpcServerProtocolClient.requestVote(GrpcServerProtocolClient.java:99)
	at org.apache.ratis.grpc.server.GrpcService.requestVote(GrpcService.java:204)
	at org.apache.ratis.server.impl.LeaderElection.lambda$submitRequests$1(LeaderElection.java:234)
	at java.util.concurrent.FutureTask.run(FutureTask.java:266)
	at java.util.concurrent.Executors$RunnableAdapter.call(Executors.java:511)
	at java.util.concurrent.FutureTask.run(FutureTask.java:266)
	at java.util.concurrent.ThreadPoolExecutor.runWorker(ThreadPoolExecutor.java:1149)
	at java.util.concurrent.ThreadPoolExecutor$Worker.run(ThreadPoolExecutor.java:624)
	... 1 more
Caused by: org.apache.ratis.thirdparty.io.netty.channel.AbstractChannel$AnnotatedConnectException: Connection refused: /192.168.151.83:41804
	at sun.nio.ch.SocketChannelImpl.checkConnect(Native Method)
	at sun.nio.ch.SocketChannelImpl.finishConnect(SocketChannelImpl.java:717)
	at org.apache.ratis.thirdparty.io.netty.channel.socket.nio.NioSocketChannel.doFinishConnect(NioSocketChannel.java:327)
	at org.apache.ratis.thirdparty.io.netty.channel.nio.AbstractNioChannel$AbstractNioUnsafe.finishConnect(AbstractNioChannel.java:340)
	at org.apache.ratis.thirdparty.io.netty.channel.nio.NioEventLoop.processSelectedKey(NioEventLoop.java:632)
	at org.apache.ratis.thirdparty.io.netty.channel.nio.NioEventLoop.processSelectedKeysOptimized(NioEventLoop.java:579)
	at org.apache.ratis.thirdparty.io.netty.channel.nio.NioEventLoop.processSelectedKeys(NioEventLoop.java:496)
	at org.apache.ratis.thirdparty.io.netty.channel.nio.NioEventLoop.run(NioEventLoop.java:458)
	at org.apache.ratis.thirdparty.io.netty.util.concurrent.SingleThreadEventExecutor$5.run(SingleThreadEventExecutor.java:897)
	at org.apache.ratis.thirdparty.io.netty.util.concurrent.FastThreadLocalRunnable.run(FastThreadLocalRunnable.java:30)
	... 1 more
Caused by: java.net.ConnectException: Connection refused
	... 11 more
2019-10-08 03:43:19,662 [655e713e-f432-49c6-be02-8424905dac44@group-317885D50A8B-LeaderElection18] INFO  impl.LeaderElection (LeaderElection.java:logAndReturn(56)) - 655e713e-f432-49c6-be02-8424905dac44@group-317885D50A8B-LeaderElection18: Election REJECTED; received 0 response(s) [] and 2 exception(s); 655e713e-f432-49c6-be02-8424905dac44@group-317885D50A8B:t9, leader=null, voted=655e713e-f432-49c6-be02-8424905dac44, raftlog=655e713e-f432-49c6-be02-8424905dac44@group-317885D50A8B-SegmentedRaftLog:OPENED:c16,f16,i16, conf=0: [e55dc74a-5508-43f4-ba5a-e1e75e0afb35:192.168.151.83:38050, 655e713e-f432-49c6-be02-8424905dac44:192.168.151.83:45232, 577faf7f-deb6-4506-8e99-75f39047aeab:192.168.151.83:41804], old=null
2019-10-08 03:43:19,663 [655e713e-f432-49c6-be02-8424905dac44@group-317885D50A8B-LeaderElection18] INFO  impl.LeaderElection (LogUtils.java:infoOrTrace(149)) -   Exception 0: {}
java.util.concurrent.ExecutionException: org.apache.ratis.thirdparty.io.grpc.StatusRuntimeException: UNAVAILABLE: io exception
	at java.util.concurrent.FutureTask.report(FutureTask.java:122)
	at java.util.concurrent.FutureTask.get(FutureTask.java:192)
	at org.apache.ratis.server.impl.LeaderElection.waitForResults(LeaderElection.java:259)
	at org.apache.ratis.server.impl.LeaderElection.askForVotes(LeaderElection.java:197)
	at org.apache.ratis.server.impl.LeaderElection.run(LeaderElection.java:133)
	at java.lang.Thread.run(Thread.java:748)
Caused by: org.apache.ratis.thirdparty.io.grpc.StatusRuntimeException: UNAVAILABLE: io exception
	at org.apache.ratis.thirdparty.io.grpc.stub.ClientCalls.toStatusRuntimeException(ClientCalls.java:233)
	at org.apache.ratis.thirdparty.io.grpc.stub.ClientCalls.getUnchecked(ClientCalls.java:214)
	at org.apache.ratis.thirdparty.io.grpc.stub.ClientCalls.blockingUnaryCall(ClientCalls.java:139)
	at org.apache.ratis.proto.grpc.RaftServerProtocolServiceGrpc$RaftServerProtocolServiceBlockingStub.requestVote(RaftServerProtocolServiceGrpc.java:265)
	at org.apache.ratis.grpc.server.GrpcServerProtocolClient.requestVote(GrpcServerProtocolClient.java:99)
	at org.apache.ratis.grpc.server.GrpcService.requestVote(GrpcService.java:204)
	at org.apache.ratis.server.impl.LeaderElection.lambda$submitRequests$1(LeaderElection.java:234)
	at java.util.concurrent.FutureTask.run(FutureTask.java:266)
	at java.util.concurrent.Executors$RunnableAdapter.call(Executors.java:511)
	at java.util.concurrent.FutureTask.run(FutureTask.java:266)
	at java.util.concurrent.ThreadPoolExecutor.runWorker(ThreadPoolExecutor.java:1149)
	at java.util.concurrent.ThreadPoolExecutor$Worker.run(ThreadPoolExecutor.java:624)
	... 1 more
Caused by: org.apache.ratis.thirdparty.io.netty.channel.AbstractChannel$AnnotatedConnectException: Connection refused: /192.168.151.83:38050
	at sun.nio.ch.SocketChannelImpl.checkConnect(Native Method)
	at sun.nio.ch.SocketChannelImpl.finishConnect(SocketChannelImpl.java:717)
	at org.apache.ratis.thirdparty.io.netty.channel.socket.nio.NioSocketChannel.doFinishConnect(NioSocketChannel.java:327)
	at org.apache.ratis.thirdparty.io.netty.channel.nio.AbstractNioChannel$AbstractNioUnsafe.finishConnect(AbstractNioChannel.java:340)
	at org.apache.ratis.thirdparty.io.netty.channel.nio.NioEventLoop.processSelectedKey(NioEventLoop.java:632)
	at org.apache.ratis.thirdparty.io.netty.channel.nio.NioEventLoop.processSelectedKeysOptimized(NioEventLoop.java:579)
	at org.apache.ratis.thirdparty.io.netty.channel.nio.NioEventLoop.processSelectedKeys(NioEventLoop.java:496)
	at org.apache.ratis.thirdparty.io.netty.channel.nio.NioEventLoop.run(NioEventLoop.java:458)
	at org.apache.ratis.thirdparty.io.netty.util.concurrent.SingleThreadEventExecutor$5.run(SingleThreadEventExecutor.java:897)
	at org.apache.ratis.thirdparty.io.netty.util.concurrent.FastThreadLocalRunnable.run(FastThreadLocalRunnable.java:30)
	... 1 more
Caused by: java.net.ConnectException: Connection refused
	... 11 more
2019-10-08 03:43:19,663 [655e713e-f432-49c6-be02-8424905dac44@group-317885D50A8B-LeaderElection18] INFO  impl.LeaderElection (LogUtils.java:infoOrTrace(149)) -   Exception 1: {}
java.util.concurrent.ExecutionException: org.apache.ratis.thirdparty.io.grpc.StatusRuntimeException: UNAVAILABLE: io exception
	at java.util.concurrent.FutureTask.report(FutureTask.java:122)
	at java.util.concurrent.FutureTask.get(FutureTask.java:192)
	at org.apache.ratis.server.impl.LeaderElection.waitForResults(LeaderElection.java:259)
	at org.apache.ratis.server.impl.LeaderElection.askForVotes(LeaderElection.java:197)
	at org.apache.ratis.server.impl.LeaderElection.run(LeaderElection.java:133)
	at java.lang.Thread.run(Thread.java:748)
Caused by: org.apache.ratis.thirdparty.io.grpc.StatusRuntimeException: UNAVAILABLE: io exception
	at org.apache.ratis.thirdparty.io.grpc.stub.ClientCalls.toStatusRuntimeException(ClientCalls.java:233)
	at org.apache.ratis.thirdparty.io.grpc.stub.ClientCalls.getUnchecked(ClientCalls.java:214)
	at org.apache.ratis.thirdparty.io.grpc.stub.ClientCalls.blockingUnaryCall(ClientCalls.java:139)
	at org.apache.ratis.proto.grpc.RaftServerProtocolServiceGrpc$RaftServerProtocolServiceBlockingStub.requestVote(RaftServerProtocolServiceGrpc.java:265)
	at org.apache.ratis.grpc.server.GrpcServerProtocolClient.requestVote(GrpcServerProtocolClient.java:99)
	at org.apache.ratis.grpc.server.GrpcService.requestVote(GrpcService.java:204)
	at org.apache.ratis.server.impl.LeaderElection.lambda$submitRequests$1(LeaderElection.java:234)
	at java.util.concurrent.FutureTask.run(FutureTask.java:266)
	at java.util.concurrent.Executors$RunnableAdapter.call(Executors.java:511)
	at java.util.concurrent.FutureTask.run(FutureTask.java:266)
	at java.util.concurrent.ThreadPoolExecutor.runWorker(ThreadPoolExecutor.java:1149)
	at java.util.concurrent.ThreadPoolExecutor$Worker.run(ThreadPoolExecutor.java:624)
	... 1 more
Caused by: org.apache.ratis.thirdparty.io.netty.channel.AbstractChannel$AnnotatedConnectException: Connection refused: /192.168.151.83:41804
	at sun.nio.ch.SocketChannelImpl.checkConnect(Native Method)
	at sun.nio.ch.SocketChannelImpl.finishConnect(SocketChannelImpl.java:717)
	at org.apache.ratis.thirdparty.io.netty.channel.socket.nio.NioSocketChannel.doFinishConnect(NioSocketChannel.java:327)
	at org.apache.ratis.thirdparty.io.netty.channel.nio.AbstractNioChannel$AbstractNioUnsafe.finishConnect(AbstractNioChannel.java:340)
	at org.apache.ratis.thirdparty.io.netty.channel.nio.NioEventLoop.processSelectedKey(NioEventLoop.java:632)
	at org.apache.ratis.thirdparty.io.netty.channel.nio.NioEventLoop.processSelectedKeysOptimized(NioEventLoop.java:579)
	at org.apache.ratis.thirdparty.io.netty.channel.nio.NioEventLoop.processSelectedKeys(NioEventLoop.java:496)
	at org.apache.ratis.thirdparty.io.netty.channel.nio.NioEventLoop.run(NioEventLoop.java:458)
	at org.apache.ratis.thirdparty.io.netty.util.concurrent.SingleThreadEventExecutor$5.run(SingleThreadEventExecutor.java:897)
	at org.apache.ratis.thirdparty.io.netty.util.concurrent.FastThreadLocalRunnable.run(FastThreadLocalRunnable.java:30)
	... 1 more
Caused by: java.net.ConnectException: Connection refused
	... 11 more
2019-10-08 03:43:19,664 [655e713e-f432-49c6-be02-8424905dac44@group-317885D50A8B-LeaderElection18] INFO  impl.RaftServerImpl (RaftServerImpl.java:setRole(170)) - 655e713e-f432-49c6-be02-8424905dac44@group-317885D50A8B: changes role from CANDIDATE to FOLLOWER at term 9 for DISCOVERED_A_NEW_TERM
2019-10-08 03:43:19,664 [655e713e-f432-49c6-be02-8424905dac44@group-317885D50A8B-LeaderElection18] INFO  impl.RoleInfo (RoleInfo.java:shutdownLeaderElection(134)) - 655e713e-f432-49c6-be02-8424905dac44: shutdown LeaderElection
2019-10-08 03:43:19,664 [655e713e-f432-49c6-be02-8424905dac44@group-317885D50A8B-LeaderElection18] INFO  impl.RoleInfo (RoleInfo.java:updateAndGet(143)) - 655e713e-f432-49c6-be02-8424905dac44: start FollowerState
2019-10-08 03:43:24,842 [Thread-524] INFO  impl.FollowerState (FollowerState.java:run(108)) - 655e713e-f432-49c6-be02-8424905dac44@group-317885D50A8B-FollowerState: change to CANDIDATE, lastRpcTime:5177ms, electionTimeout:5177ms
2019-10-08 03:43:24,845 [Thread-524] INFO  impl.RoleInfo (RoleInfo.java:shutdownFollowerState(121)) - 655e713e-f432-49c6-be02-8424905dac44: shutdown FollowerState
2019-10-08 03:43:24,845 [Thread-524] INFO  impl.RaftServerImpl (RaftServerImpl.java:setRole(170)) - 655e713e-f432-49c6-be02-8424905dac44@group-317885D50A8B: changes role from  FOLLOWER to CANDIDATE at term 9 for changeToCandidate
2019-10-08 03:43:24,845 [Thread-524] INFO  impl.RoleInfo (RoleInfo.java:updateAndGet(143)) - 655e713e-f432-49c6-be02-8424905dac44: start LeaderElection
2019-10-08 03:43:24,860 [655e713e-f432-49c6-be02-8424905dac44@group-317885D50A8B-LeaderElection19] INFO  impl.LeaderElection (LeaderElection.java:askForVotes(178)) - 655e713e-f432-49c6-be02-8424905dac44@group-317885D50A8B-LeaderElection19: begin an election at term 10 for 0: [e55dc74a-5508-43f4-ba5a-e1e75e0afb35:192.168.151.83:38050, 655e713e-f432-49c6-be02-8424905dac44:192.168.151.83:45232, 577faf7f-deb6-4506-8e99-75f39047aeab:192.168.151.83:41804], old=null
2019-10-08 03:43:24,862 [655e713e-f432-49c6-be02-8424905dac44@group-317885D50A8B-LeaderElection19] INFO  impl.LeaderElection (LogUtils.java:infoOrTrace(149)) - 655e713e-f432-49c6-be02-8424905dac44@group-317885D50A8B-LeaderElection19 got exception when requesting votes: {}
java.util.concurrent.ExecutionException: org.apache.ratis.thirdparty.io.grpc.StatusRuntimeException: UNAVAILABLE: io exception
	at java.util.concurrent.FutureTask.report(FutureTask.java:122)
	at java.util.concurrent.FutureTask.get(FutureTask.java:192)
	at org.apache.ratis.server.impl.LeaderElection.waitForResults(LeaderElection.java:259)
	at org.apache.ratis.server.impl.LeaderElection.askForVotes(LeaderElection.java:197)
	at org.apache.ratis.server.impl.LeaderElection.run(LeaderElection.java:133)
	at java.lang.Thread.run(Thread.java:748)
Caused by: org.apache.ratis.thirdparty.io.grpc.StatusRuntimeException: UNAVAILABLE: io exception
	at org.apache.ratis.thirdparty.io.grpc.stub.ClientCalls.toStatusRuntimeException(ClientCalls.java:233)
	at org.apache.ratis.thirdparty.io.grpc.stub.ClientCalls.getUnchecked(ClientCalls.java:214)
	at org.apache.ratis.thirdparty.io.grpc.stub.ClientCalls.blockingUnaryCall(ClientCalls.java:139)
	at org.apache.ratis.proto.grpc.RaftServerProtocolServiceGrpc$RaftServerProtocolServiceBlockingStub.requestVote(RaftServerProtocolServiceGrpc.java:265)
	at org.apache.ratis.grpc.server.GrpcServerProtocolClient.requestVote(GrpcServerProtocolClient.java:99)
	at org.apache.ratis.grpc.server.GrpcService.requestVote(GrpcService.java:204)
	at org.apache.ratis.server.impl.LeaderElection.lambda$submitRequests$1(LeaderElection.java:234)
	at java.util.concurrent.FutureTask.run(FutureTask.java:266)
	at java.util.concurrent.Executors$RunnableAdapter.call(Executors.java:511)
	at java.util.concurrent.FutureTask.run(FutureTask.java:266)
	at java.util.concurrent.ThreadPoolExecutor.runWorker(ThreadPoolExecutor.java:1149)
	at java.util.concurrent.ThreadPoolExecutor$Worker.run(ThreadPoolExecutor.java:624)
	... 1 more
Caused by: org.apache.ratis.thirdparty.io.netty.channel.AbstractChannel$AnnotatedConnectException: Connection refused: /192.168.151.83:38050
	at sun.nio.ch.SocketChannelImpl.checkConnect(Native Method)
	at sun.nio.ch.SocketChannelImpl.finishConnect(SocketChannelImpl.java:717)
	at org.apache.ratis.thirdparty.io.netty.channel.socket.nio.NioSocketChannel.doFinishConnect(NioSocketChannel.java:327)
	at org.apache.ratis.thirdparty.io.netty.channel.nio.AbstractNioChannel$AbstractNioUnsafe.finishConnect(AbstractNioChannel.java:340)
	at org.apache.ratis.thirdparty.io.netty.channel.nio.NioEventLoop.processSelectedKey(NioEventLoop.java:632)
	at org.apache.ratis.thirdparty.io.netty.channel.nio.NioEventLoop.processSelectedKeysOptimized(NioEventLoop.java:579)
	at org.apache.ratis.thirdparty.io.netty.channel.nio.NioEventLoop.processSelectedKeys(NioEventLoop.java:496)
	at org.apache.ratis.thirdparty.io.netty.channel.nio.NioEventLoop.run(NioEventLoop.java:458)
	at org.apache.ratis.thirdparty.io.netty.util.concurrent.SingleThreadEventExecutor$5.run(SingleThreadEventExecutor.java:897)
	at org.apache.ratis.thirdparty.io.netty.util.concurrent.FastThreadLocalRunnable.run(FastThreadLocalRunnable.java:30)
	... 1 more
Caused by: java.net.ConnectException: Connection refused
	... 11 more
2019-10-08 03:43:24,864 [655e713e-f432-49c6-be02-8424905dac44@group-317885D50A8B-LeaderElection19] INFO  impl.LeaderElection (LogUtils.java:infoOrTrace(149)) - 655e713e-f432-49c6-be02-8424905dac44@group-317885D50A8B-LeaderElection19 got exception when requesting votes: {}
java.util.concurrent.ExecutionException: org.apache.ratis.thirdparty.io.grpc.StatusRuntimeException: UNAVAILABLE: io exception
	at java.util.concurrent.FutureTask.report(FutureTask.java:122)
	at java.util.concurrent.FutureTask.get(FutureTask.java:192)
	at org.apache.ratis.server.impl.LeaderElection.waitForResults(LeaderElection.java:259)
	at org.apache.ratis.server.impl.LeaderElection.askForVotes(LeaderElection.java:197)
	at org.apache.ratis.server.impl.LeaderElection.run(LeaderElection.java:133)
	at java.lang.Thread.run(Thread.java:748)
Caused by: org.apache.ratis.thirdparty.io.grpc.StatusRuntimeException: UNAVAILABLE: io exception
	at org.apache.ratis.thirdparty.io.grpc.stub.ClientCalls.toStatusRuntimeException(ClientCalls.java:233)
	at org.apache.ratis.thirdparty.io.grpc.stub.ClientCalls.getUnchecked(ClientCalls.java:214)
	at org.apache.ratis.thirdparty.io.grpc.stub.ClientCalls.blockingUnaryCall(ClientCalls.java:139)
	at org.apache.ratis.proto.grpc.RaftServerProtocolServiceGrpc$RaftServerProtocolServiceBlockingStub.requestVote(RaftServerProtocolServiceGrpc.java:265)
	at org.apache.ratis.grpc.server.GrpcServerProtocolClient.requestVote(GrpcServerProtocolClient.java:99)
	at org.apache.ratis.grpc.server.GrpcService.requestVote(GrpcService.java:204)
	at org.apache.ratis.server.impl.LeaderElection.lambda$submitRequests$1(LeaderElection.java:234)
	at java.util.concurrent.FutureTask.run(FutureTask.java:266)
	at java.util.concurrent.Executors$RunnableAdapter.call(Executors.java:511)
	at java.util.concurrent.FutureTask.run(FutureTask.java:266)
	at java.util.concurrent.ThreadPoolExecutor.runWorker(ThreadPoolExecutor.java:1149)
	at java.util.concurrent.ThreadPoolExecutor$Worker.run(ThreadPoolExecutor.java:624)
	... 1 more
Caused by: org.apache.ratis.thirdparty.io.netty.channel.AbstractChannel$AnnotatedConnectException: Connection refused: /192.168.151.83:41804
	at sun.nio.ch.SocketChannelImpl.checkConnect(Native Method)
	at sun.nio.ch.SocketChannelImpl.finishConnect(SocketChannelImpl.java:717)
	at org.apache.ratis.thirdparty.io.netty.channel.socket.nio.NioSocketChannel.doFinishConnect(NioSocketChannel.java:327)
	at org.apache.ratis.thirdparty.io.netty.channel.nio.AbstractNioChannel$AbstractNioUnsafe.finishConnect(AbstractNioChannel.java:340)
	at org.apache.ratis.thirdparty.io.netty.channel.nio.NioEventLoop.processSelectedKey(NioEventLoop.java:632)
	at org.apache.ratis.thirdparty.io.netty.channel.nio.NioEventLoop.processSelectedKeysOptimized(NioEventLoop.java:579)
	at org.apache.ratis.thirdparty.io.netty.channel.nio.NioEventLoop.processSelectedKeys(NioEventLoop.java:496)
	at org.apache.ratis.thirdparty.io.netty.channel.nio.NioEventLoop.run(NioEventLoop.java:458)
	at org.apache.ratis.thirdparty.io.netty.util.concurrent.SingleThreadEventExecutor$5.run(SingleThreadEventExecutor.java:897)
	at org.apache.ratis.thirdparty.io.netty.util.concurrent.FastThreadLocalRunnable.run(FastThreadLocalRunnable.java:30)
	... 1 more
Caused by: java.net.ConnectException: Connection refused
	... 11 more
2019-10-08 03:43:24,867 [655e713e-f432-49c6-be02-8424905dac44@group-317885D50A8B-LeaderElection19] INFO  impl.LeaderElection (LeaderElection.java:logAndReturn(56)) - 655e713e-f432-49c6-be02-8424905dac44@group-317885D50A8B-LeaderElection19: Election REJECTED; received 0 response(s) [] and 2 exception(s); 655e713e-f432-49c6-be02-8424905dac44@group-317885D50A8B:t10, leader=null, voted=655e713e-f432-49c6-be02-8424905dac44, raftlog=655e713e-f432-49c6-be02-8424905dac44@group-317885D50A8B-SegmentedRaftLog:OPENED:c16,f16,i16, conf=0: [e55dc74a-5508-43f4-ba5a-e1e75e0afb35:192.168.151.83:38050, 655e713e-f432-49c6-be02-8424905dac44:192.168.151.83:45232, 577faf7f-deb6-4506-8e99-75f39047aeab:192.168.151.83:41804], old=null
2019-10-08 03:43:24,867 [655e713e-f432-49c6-be02-8424905dac44@group-317885D50A8B-LeaderElection19] INFO  impl.LeaderElection (LogUtils.java:infoOrTrace(149)) -   Exception 0: {}
java.util.concurrent.ExecutionException: org.apache.ratis.thirdparty.io.grpc.StatusRuntimeException: UNAVAILABLE: io exception
	at java.util.concurrent.FutureTask.report(FutureTask.java:122)
	at java.util.concurrent.FutureTask.get(FutureTask.java:192)
	at org.apache.ratis.server.impl.LeaderElection.waitForResults(LeaderElection.java:259)
	at org.apache.ratis.server.impl.LeaderElection.askForVotes(LeaderElection.java:197)
	at org.apache.ratis.server.impl.LeaderElection.run(LeaderElection.java:133)
	at java.lang.Thread.run(Thread.java:748)
Caused by: org.apache.ratis.thirdparty.io.grpc.StatusRuntimeException: UNAVAILABLE: io exception
	at org.apache.ratis.thirdparty.io.grpc.stub.ClientCalls.toStatusRuntimeException(ClientCalls.java:233)
	at org.apache.ratis.thirdparty.io.grpc.stub.ClientCalls.getUnchecked(ClientCalls.java:214)
	at org.apache.ratis.thirdparty.io.grpc.stub.ClientCalls.blockingUnaryCall(ClientCalls.java:139)
	at org.apache.ratis.proto.grpc.RaftServerProtocolServiceGrpc$RaftServerProtocolServiceBlockingStub.requestVote(RaftServerProtocolServiceGrpc.java:265)
	at org.apache.ratis.grpc.server.GrpcServerProtocolClient.requestVote(GrpcServerProtocolClient.java:99)
	at org.apache.ratis.grpc.server.GrpcService.requestVote(GrpcService.java:204)
	at org.apache.ratis.server.impl.LeaderElection.lambda$submitRequests$1(LeaderElection.java:234)
	at java.util.concurrent.FutureTask.run(FutureTask.java:266)
	at java.util.concurrent.Executors$RunnableAdapter.call(Executors.java:511)
	at java.util.concurrent.FutureTask.run(FutureTask.java:266)
	at java.util.concurrent.ThreadPoolExecutor.runWorker(ThreadPoolExecutor.java:1149)
	at java.util.concurrent.ThreadPoolExecutor$Worker.run(ThreadPoolExecutor.java:624)
	... 1 more
Caused by: org.apache.ratis.thirdparty.io.netty.channel.AbstractChannel$AnnotatedConnectException: Connection refused: /192.168.151.83:38050
	at sun.nio.ch.SocketChannelImpl.checkConnect(Native Method)
	at sun.nio.ch.SocketChannelImpl.finishConnect(SocketChannelImpl.java:717)
	at org.apache.ratis.thirdparty.io.netty.channel.socket.nio.NioSocketChannel.doFinishConnect(NioSocketChannel.java:327)
	at org.apache.ratis.thirdparty.io.netty.channel.nio.AbstractNioChannel$AbstractNioUnsafe.finishConnect(AbstractNioChannel.java:340)
	at org.apache.ratis.thirdparty.io.netty.channel.nio.NioEventLoop.processSelectedKey(NioEventLoop.java:632)
	at org.apache.ratis.thirdparty.io.netty.channel.nio.NioEventLoop.processSelectedKeysOptimized(NioEventLoop.java:579)
	at org.apache.ratis.thirdparty.io.netty.channel.nio.NioEventLoop.processSelectedKeys(NioEventLoop.java:496)
	at org.apache.ratis.thirdparty.io.netty.channel.nio.NioEventLoop.run(NioEventLoop.java:458)
	at org.apache.ratis.thirdparty.io.netty.util.concurrent.SingleThreadEventExecutor$5.run(SingleThreadEventExecutor.java:897)
	at org.apache.ratis.thirdparty.io.netty.util.concurrent.FastThreadLocalRunnable.run(FastThreadLocalRunnable.java:30)
	... 1 more
Caused by: java.net.ConnectException: Connection refused
	... 11 more
2019-10-08 03:43:24,868 [655e713e-f432-49c6-be02-8424905dac44@group-317885D50A8B-LeaderElection19] INFO  impl.LeaderElection (LogUtils.java:infoOrTrace(149)) -   Exception 1: {}
java.util.concurrent.ExecutionException: org.apache.ratis.thirdparty.io.grpc.StatusRuntimeException: UNAVAILABLE: io exception
	at java.util.concurrent.FutureTask.report(FutureTask.java:122)
	at java.util.concurrent.FutureTask.get(FutureTask.java:192)
	at org.apache.ratis.server.impl.LeaderElection.waitForResults(LeaderElection.java:259)
	at org.apache.ratis.server.impl.LeaderElection.askForVotes(LeaderElection.java:197)
	at org.apache.ratis.server.impl.LeaderElection.run(LeaderElection.java:133)
	at java.lang.Thread.run(Thread.java:748)
Caused by: org.apache.ratis.thirdparty.io.grpc.StatusRuntimeException: UNAVAILABLE: io exception
	at org.apache.ratis.thirdparty.io.grpc.stub.ClientCalls.toStatusRuntimeException(ClientCalls.java:233)
	at org.apache.ratis.thirdparty.io.grpc.stub.ClientCalls.getUnchecked(ClientCalls.java:214)
	at org.apache.ratis.thirdparty.io.grpc.stub.ClientCalls.blockingUnaryCall(ClientCalls.java:139)
	at org.apache.ratis.proto.grpc.RaftServerProtocolServiceGrpc$RaftServerProtocolServiceBlockingStub.requestVote(RaftServerProtocolServiceGrpc.java:265)
	at org.apache.ratis.grpc.server.GrpcServerProtocolClient.requestVote(GrpcServerProtocolClient.java:99)
	at org.apache.ratis.grpc.server.GrpcService.requestVote(GrpcService.java:204)
	at org.apache.ratis.server.impl.LeaderElection.lambda$submitRequests$1(LeaderElection.java:234)
	at java.util.concurrent.FutureTask.run(FutureTask.java:266)
	at java.util.concurrent.Executors$RunnableAdapter.call(Executors.java:511)
	at java.util.concurrent.FutureTask.run(FutureTask.java:266)
	at java.util.concurrent.ThreadPoolExecutor.runWorker(ThreadPoolExecutor.java:1149)
	at java.util.concurrent.ThreadPoolExecutor$Worker.run(ThreadPoolExecutor.java:624)
	... 1 more
Caused by: org.apache.ratis.thirdparty.io.netty.channel.AbstractChannel$AnnotatedConnectException: Connection refused: /192.168.151.83:41804
	at sun.nio.ch.SocketChannelImpl.checkConnect(Native Method)
	at sun.nio.ch.SocketChannelImpl.finishConnect(SocketChannelImpl.java:717)
	at org.apache.ratis.thirdparty.io.netty.channel.socket.nio.NioSocketChannel.doFinishConnect(NioSocketChannel.java:327)
	at org.apache.ratis.thirdparty.io.netty.channel.nio.AbstractNioChannel$AbstractNioUnsafe.finishConnect(AbstractNioChannel.java:340)
	at org.apache.ratis.thirdparty.io.netty.channel.nio.NioEventLoop.processSelectedKey(NioEventLoop.java:632)
	at org.apache.ratis.thirdparty.io.netty.channel.nio.NioEventLoop.processSelectedKeysOptimized(NioEventLoop.java:579)
	at org.apache.ratis.thirdparty.io.netty.channel.nio.NioEventLoop.processSelectedKeys(NioEventLoop.java:496)
	at org.apache.ratis.thirdparty.io.netty.channel.nio.NioEventLoop.run(NioEventLoop.java:458)
	at org.apache.ratis.thirdparty.io.netty.util.concurrent.SingleThreadEventExecutor$5.run(SingleThreadEventExecutor.java:897)
	at org.apache.ratis.thirdparty.io.netty.util.concurrent.FastThreadLocalRunnable.run(FastThreadLocalRunnable.java:30)
	... 1 more
Caused by: java.net.ConnectException: Connection refused
	... 11 more
2019-10-08 03:43:24,869 [655e713e-f432-49c6-be02-8424905dac44@group-317885D50A8B-LeaderElection19] INFO  impl.RaftServerImpl (RaftServerImpl.java:setRole(170)) - 655e713e-f432-49c6-be02-8424905dac44@group-317885D50A8B: changes role from CANDIDATE to FOLLOWER at term 10 for DISCOVERED_A_NEW_TERM
2019-10-08 03:43:24,869 [655e713e-f432-49c6-be02-8424905dac44@group-317885D50A8B-LeaderElection19] INFO  impl.RoleInfo (RoleInfo.java:shutdownLeaderElection(134)) - 655e713e-f432-49c6-be02-8424905dac44: shutdown LeaderElection
2019-10-08 03:43:24,869 [655e713e-f432-49c6-be02-8424905dac44@group-317885D50A8B-LeaderElection19] INFO  impl.RoleInfo (RoleInfo.java:updateAndGet(143)) - 655e713e-f432-49c6-be02-8424905dac44: start FollowerState
2019-10-08 03:43:30,070 [Thread-540] INFO  impl.FollowerState (FollowerState.java:run(108)) - 655e713e-f432-49c6-be02-8424905dac44@group-317885D50A8B-FollowerState: change to CANDIDATE, lastRpcTime:5200ms, electionTimeout:5200ms
2019-10-08 03:43:30,073 [Thread-540] INFO  impl.RoleInfo (RoleInfo.java:shutdownFollowerState(121)) - 655e713e-f432-49c6-be02-8424905dac44: shutdown FollowerState
2019-10-08 03:43:30,073 [Thread-540] INFO  impl.RaftServerImpl (RaftServerImpl.java:setRole(170)) - 655e713e-f432-49c6-be02-8424905dac44@group-317885D50A8B: changes role from  FOLLOWER to CANDIDATE at term 10 for changeToCandidate
2019-10-08 03:43:30,073 [Thread-540] INFO  impl.RoleInfo (RoleInfo.java:updateAndGet(143)) - 655e713e-f432-49c6-be02-8424905dac44: start LeaderElection
2019-10-08 03:43:30,101 [655e713e-f432-49c6-be02-8424905dac44@group-317885D50A8B-LeaderElection20] INFO  impl.LeaderElection (LeaderElection.java:askForVotes(178)) - 655e713e-f432-49c6-be02-8424905dac44@group-317885D50A8B-LeaderElection20: begin an election at term 11 for 0: [e55dc74a-5508-43f4-ba5a-e1e75e0afb35:192.168.151.83:38050, 655e713e-f432-49c6-be02-8424905dac44:192.168.151.83:45232, 577faf7f-deb6-4506-8e99-75f39047aeab:192.168.151.83:41804], old=null
2019-10-08 03:43:30,102 [655e713e-f432-49c6-be02-8424905dac44@group-317885D50A8B-LeaderElection20] INFO  impl.LeaderElection (LogUtils.java:infoOrTrace(149)) - 655e713e-f432-49c6-be02-8424905dac44@group-317885D50A8B-LeaderElection20 got exception when requesting votes: {}
java.util.concurrent.ExecutionException: org.apache.ratis.thirdparty.io.grpc.StatusRuntimeException: UNAVAILABLE: io exception
	at java.util.concurrent.FutureTask.report(FutureTask.java:122)
	at java.util.concurrent.FutureTask.get(FutureTask.java:192)
	at org.apache.ratis.server.impl.LeaderElection.waitForResults(LeaderElection.java:259)
	at org.apache.ratis.server.impl.LeaderElection.askForVotes(LeaderElection.java:197)
	at org.apache.ratis.server.impl.LeaderElection.run(LeaderElection.java:133)
	at java.lang.Thread.run(Thread.java:748)
Caused by: org.apache.ratis.thirdparty.io.grpc.StatusRuntimeException: UNAVAILABLE: io exception
	at org.apache.ratis.thirdparty.io.grpc.stub.ClientCalls.toStatusRuntimeException(ClientCalls.java:233)
	at org.apache.ratis.thirdparty.io.grpc.stub.ClientCalls.getUnchecked(ClientCalls.java:214)
	at org.apache.ratis.thirdparty.io.grpc.stub.ClientCalls.blockingUnaryCall(ClientCalls.java:139)
	at org.apache.ratis.proto.grpc.RaftServerProtocolServiceGrpc$RaftServerProtocolServiceBlockingStub.requestVote(RaftServerProtocolServiceGrpc.java:265)
	at org.apache.ratis.grpc.server.GrpcServerProtocolClient.requestVote(GrpcServerProtocolClient.java:99)
	at org.apache.ratis.grpc.server.GrpcService.requestVote(GrpcService.java:204)
	at org.apache.ratis.server.impl.LeaderElection.lambda$submitRequests$1(LeaderElection.java:234)
	at java.util.concurrent.FutureTask.run(FutureTask.java:266)
	at java.util.concurrent.Executors$RunnableAdapter.call(Executors.java:511)
	at java.util.concurrent.FutureTask.run(FutureTask.java:266)
	at java.util.concurrent.ThreadPoolExecutor.runWorker(ThreadPoolExecutor.java:1149)
	at java.util.concurrent.ThreadPoolExecutor$Worker.run(ThreadPoolExecutor.java:624)
	... 1 more
Caused by: org.apache.ratis.thirdparty.io.netty.channel.AbstractChannel$AnnotatedConnectException: Connection refused: /192.168.151.83:41804
	at sun.nio.ch.SocketChannelImpl.checkConnect(Native Method)
	at sun.nio.ch.SocketChannelImpl.finishConnect(SocketChannelImpl.java:717)
	at org.apache.ratis.thirdparty.io.netty.channel.socket.nio.NioSocketChannel.doFinishConnect(NioSocketChannel.java:327)
	at org.apache.ratis.thirdparty.io.netty.channel.nio.AbstractNioChannel$AbstractNioUnsafe.finishConnect(AbstractNioChannel.java:340)
	at org.apache.ratis.thirdparty.io.netty.channel.nio.NioEventLoop.processSelectedKey(NioEventLoop.java:632)
	at org.apache.ratis.thirdparty.io.netty.channel.nio.NioEventLoop.processSelectedKeysOptimized(NioEventLoop.java:579)
	at org.apache.ratis.thirdparty.io.netty.channel.nio.NioEventLoop.processSelectedKeys(NioEventLoop.java:496)
	at org.apache.ratis.thirdparty.io.netty.channel.nio.NioEventLoop.run(NioEventLoop.java:458)
	at org.apache.ratis.thirdparty.io.netty.util.concurrent.SingleThreadEventExecutor$5.run(SingleThreadEventExecutor.java:897)
	at org.apache.ratis.thirdparty.io.netty.util.concurrent.FastThreadLocalRunnable.run(FastThreadLocalRunnable.java:30)
	... 1 more
Caused by: java.net.ConnectException: Connection refused
	... 11 more
2019-10-08 03:43:30,106 [655e713e-f432-49c6-be02-8424905dac44@group-317885D50A8B-LeaderElection20] INFO  impl.LeaderElection (LogUtils.java:infoOrTrace(149)) - 655e713e-f432-49c6-be02-8424905dac44@group-317885D50A8B-LeaderElection20 got exception when requesting votes: {}
java.util.concurrent.ExecutionException: org.apache.ratis.thirdparty.io.grpc.StatusRuntimeException: UNAVAILABLE: io exception
	at java.util.concurrent.FutureTask.report(FutureTask.java:122)
	at java.util.concurrent.FutureTask.get(FutureTask.java:192)
	at org.apache.ratis.server.impl.LeaderElection.waitForResults(LeaderElection.java:259)
	at org.apache.ratis.server.impl.LeaderElection.askForVotes(LeaderElection.java:197)
	at org.apache.ratis.server.impl.LeaderElection.run(LeaderElection.java:133)
	at java.lang.Thread.run(Thread.java:748)
Caused by: org.apache.ratis.thirdparty.io.grpc.StatusRuntimeException: UNAVAILABLE: io exception
	at org.apache.ratis.thirdparty.io.grpc.stub.ClientCalls.toStatusRuntimeException(ClientCalls.java:233)
	at org.apache.ratis.thirdparty.io.grpc.stub.ClientCalls.getUnchecked(ClientCalls.java:214)
	at org.apache.ratis.thirdparty.io.grpc.stub.ClientCalls.blockingUnaryCall(ClientCalls.java:139)
	at org.apache.ratis.proto.grpc.RaftServerProtocolServiceGrpc$RaftServerProtocolServiceBlockingStub.requestVote(RaftServerProtocolServiceGrpc.java:265)
	at org.apache.ratis.grpc.server.GrpcServerProtocolClient.requestVote(GrpcServerProtocolClient.java:99)
	at org.apache.ratis.grpc.server.GrpcService.requestVote(GrpcService.java:204)
	at org.apache.ratis.server.impl.LeaderElection.lambda$submitRequests$1(LeaderElection.java:234)
	at java.util.concurrent.FutureTask.run(FutureTask.java:266)
	at java.util.concurrent.Executors$RunnableAdapter.call(Executors.java:511)
	at java.util.concurrent.FutureTask.run(FutureTask.java:266)
	at java.util.concurrent.ThreadPoolExecutor.runWorker(ThreadPoolExecutor.java:1149)
	at java.util.concurrent.ThreadPoolExecutor$Worker.run(ThreadPoolExecutor.java:624)
	... 1 more
Caused by: org.apache.ratis.thirdparty.io.netty.channel.AbstractChannel$AnnotatedConnectException: Connection refused: /192.168.151.83:38050
	at sun.nio.ch.SocketChannelImpl.checkConnect(Native Method)
	at sun.nio.ch.SocketChannelImpl.finishConnect(SocketChannelImpl.java:717)
	at org.apache.ratis.thirdparty.io.netty.channel.socket.nio.NioSocketChannel.doFinishConnect(NioSocketChannel.java:327)
	at org.apache.ratis.thirdparty.io.netty.channel.nio.AbstractNioChannel$AbstractNioUnsafe.finishConnect(AbstractNioChannel.java:340)
	at org.apache.ratis.thirdparty.io.netty.channel.nio.NioEventLoop.processSelectedKey(NioEventLoop.java:632)
	at org.apache.ratis.thirdparty.io.netty.channel.nio.NioEventLoop.processSelectedKeysOptimized(NioEventLoop.java:579)
	at org.apache.ratis.thirdparty.io.netty.channel.nio.NioEventLoop.processSelectedKeys(NioEventLoop.java:496)
	at org.apache.ratis.thirdparty.io.netty.channel.nio.NioEventLoop.run(NioEventLoop.java:458)
	at org.apache.ratis.thirdparty.io.netty.util.concurrent.SingleThreadEventExecutor$5.run(SingleThreadEventExecutor.java:897)
	at org.apache.ratis.thirdparty.io.netty.util.concurrent.FastThreadLocalRunnable.run(FastThreadLocalRunnable.java:30)
	... 1 more
Caused by: java.net.ConnectException: Connection refused
	... 11 more
2019-10-08 03:43:30,122 [655e713e-f432-49c6-be02-8424905dac44@group-317885D50A8B-LeaderElection20] INFO  impl.LeaderElection (LeaderElection.java:logAndReturn(56)) - 655e713e-f432-49c6-be02-8424905dac44@group-317885D50A8B-LeaderElection20: Election REJECTED; received 0 response(s) [] and 2 exception(s); 655e713e-f432-49c6-be02-8424905dac44@group-317885D50A8B:t11, leader=null, voted=655e713e-f432-49c6-be02-8424905dac44, raftlog=655e713e-f432-49c6-be02-8424905dac44@group-317885D50A8B-SegmentedRaftLog:OPENED:c16,f16,i16, conf=0: [e55dc74a-5508-43f4-ba5a-e1e75e0afb35:192.168.151.83:38050, 655e713e-f432-49c6-be02-8424905dac44:192.168.151.83:45232, 577faf7f-deb6-4506-8e99-75f39047aeab:192.168.151.83:41804], old=null
2019-10-08 03:43:30,122 [655e713e-f432-49c6-be02-8424905dac44@group-317885D50A8B-LeaderElection20] INFO  impl.LeaderElection (LogUtils.java:infoOrTrace(149)) -   Exception 0: {}
java.util.concurrent.ExecutionException: org.apache.ratis.thirdparty.io.grpc.StatusRuntimeException: UNAVAILABLE: io exception
	at java.util.concurrent.FutureTask.report(FutureTask.java:122)
	at java.util.concurrent.FutureTask.get(FutureTask.java:192)
	at org.apache.ratis.server.impl.LeaderElection.waitForResults(LeaderElection.java:259)
	at org.apache.ratis.server.impl.LeaderElection.askForVotes(LeaderElection.java:197)
	at org.apache.ratis.server.impl.LeaderElection.run(LeaderElection.java:133)
	at java.lang.Thread.run(Thread.java:748)
Caused by: org.apache.ratis.thirdparty.io.grpc.StatusRuntimeException: UNAVAILABLE: io exception
	at org.apache.ratis.thirdparty.io.grpc.stub.ClientCalls.toStatusRuntimeException(ClientCalls.java:233)
	at org.apache.ratis.thirdparty.io.grpc.stub.ClientCalls.getUnchecked(ClientCalls.java:214)
	at org.apache.ratis.thirdparty.io.grpc.stub.ClientCalls.blockingUnaryCall(ClientCalls.java:139)
	at org.apache.ratis.proto.grpc.RaftServerProtocolServiceGrpc$RaftServerProtocolServiceBlockingStub.requestVote(RaftServerProtocolServiceGrpc.java:265)
	at org.apache.ratis.grpc.server.GrpcServerProtocolClient.requestVote(GrpcServerProtocolClient.java:99)
	at org.apache.ratis.grpc.server.GrpcService.requestVote(GrpcService.java:204)
	at org.apache.ratis.server.impl.LeaderElection.lambda$submitRequests$1(LeaderElection.java:234)
	at java.util.concurrent.FutureTask.run(FutureTask.java:266)
	at java.util.concurrent.Executors$RunnableAdapter.call(Executors.java:511)
	at java.util.concurrent.FutureTask.run(FutureTask.java:266)
	at java.util.concurrent.ThreadPoolExecutor.runWorker(ThreadPoolExecutor.java:1149)
	at java.util.concurrent.ThreadPoolExecutor$Worker.run(ThreadPoolExecutor.java:624)
	... 1 more
Caused by: org.apache.ratis.thirdparty.io.netty.channel.AbstractChannel$AnnotatedConnectException: Connection refused: /192.168.151.83:41804
	at sun.nio.ch.SocketChannelImpl.checkConnect(Native Method)
	at sun.nio.ch.SocketChannelImpl.finishConnect(SocketChannelImpl.java:717)
	at org.apache.ratis.thirdparty.io.netty.channel.socket.nio.NioSocketChannel.doFinishConnect(NioSocketChannel.java:327)
	at org.apache.ratis.thirdparty.io.netty.channel.nio.AbstractNioChannel$AbstractNioUnsafe.finishConnect(AbstractNioChannel.java:340)
	at org.apache.ratis.thirdparty.io.netty.channel.nio.NioEventLoop.processSelectedKey(NioEventLoop.java:632)
	at org.apache.ratis.thirdparty.io.netty.channel.nio.NioEventLoop.processSelectedKeysOptimized(NioEventLoop.java:579)
	at org.apache.ratis.thirdparty.io.netty.channel.nio.NioEventLoop.processSelectedKeys(NioEventLoop.java:496)
	at org.apache.ratis.thirdparty.io.netty.channel.nio.NioEventLoop.run(NioEventLoop.java:458)
	at org.apache.ratis.thirdparty.io.netty.util.concurrent.SingleThreadEventExecutor$5.run(SingleThreadEventExecutor.java:897)
	at org.apache.ratis.thirdparty.io.netty.util.concurrent.FastThreadLocalRunnable.run(FastThreadLocalRunnable.java:30)
	... 1 more
Caused by: java.net.ConnectException: Connection refused
	... 11 more
2019-10-08 03:43:30,123 [655e713e-f432-49c6-be02-8424905dac44@group-317885D50A8B-LeaderElection20] INFO  impl.LeaderElection (LogUtils.java:infoOrTrace(149)) -   Exception 1: {}
java.util.concurrent.ExecutionException: org.apache.ratis.thirdparty.io.grpc.StatusRuntimeException: UNAVAILABLE: io exception
	at java.util.concurrent.FutureTask.report(FutureTask.java:122)
	at java.util.concurrent.FutureTask.get(FutureTask.java:192)
	at org.apache.ratis.server.impl.LeaderElection.waitForResults(LeaderElection.java:259)
	at org.apache.ratis.server.impl.LeaderElection.askForVotes(LeaderElection.java:197)
	at org.apache.ratis.server.impl.LeaderElection.run(LeaderElection.java:133)
	at java.lang.Thread.run(Thread.java:748)
Caused by: org.apache.ratis.thirdparty.io.grpc.StatusRuntimeException: UNAVAILABLE: io exception
	at org.apache.ratis.thirdparty.io.grpc.stub.ClientCalls.toStatusRuntimeException(ClientCalls.java:233)
	at org.apache.ratis.thirdparty.io.grpc.stub.ClientCalls.getUnchecked(ClientCalls.java:214)
	at org.apache.ratis.thirdparty.io.grpc.stub.ClientCalls.blockingUnaryCall(ClientCalls.java:139)
	at org.apache.ratis.proto.grpc.RaftServerProtocolServiceGrpc$RaftServerProtocolServiceBlockingStub.requestVote(RaftServerProtocolServiceGrpc.java:265)
	at org.apache.ratis.grpc.server.GrpcServerProtocolClient.requestVote(GrpcServerProtocolClient.java:99)
	at org.apache.ratis.grpc.server.GrpcService.requestVote(GrpcService.java:204)
	at org.apache.ratis.server.impl.LeaderElection.lambda$submitRequests$1(LeaderElection.java:234)
	at java.util.concurrent.FutureTask.run(FutureTask.java:266)
	at java.util.concurrent.Executors$RunnableAdapter.call(Executors.java:511)
	at java.util.concurrent.FutureTask.run(FutureTask.java:266)
	at java.util.concurrent.ThreadPoolExecutor.runWorker(ThreadPoolExecutor.java:1149)
	at java.util.concurrent.ThreadPoolExecutor$Worker.run(ThreadPoolExecutor.java:624)
	... 1 more
Caused by: org.apache.ratis.thirdparty.io.netty.channel.AbstractChannel$AnnotatedConnectException: Connection refused: /192.168.151.83:38050
	at sun.nio.ch.SocketChannelImpl.checkConnect(Native Method)
	at sun.nio.ch.SocketChannelImpl.finishConnect(SocketChannelImpl.java:717)
	at org.apache.ratis.thirdparty.io.netty.channel.socket.nio.NioSocketChannel.doFinishConnect(NioSocketChannel.java:327)
	at org.apache.ratis.thirdparty.io.netty.channel.nio.AbstractNioChannel$AbstractNioUnsafe.finishConnect(AbstractNioChannel.java:340)
	at org.apache.ratis.thirdparty.io.netty.channel.nio.NioEventLoop.processSelectedKey(NioEventLoop.java:632)
	at org.apache.ratis.thirdparty.io.netty.channel.nio.NioEventLoop.processSelectedKeysOptimized(NioEventLoop.java:579)
	at org.apache.ratis.thirdparty.io.netty.channel.nio.NioEventLoop.processSelectedKeys(NioEventLoop.java:496)
	at org.apache.ratis.thirdparty.io.netty.channel.nio.NioEventLoop.run(NioEventLoop.java:458)
	at org.apache.ratis.thirdparty.io.netty.util.concurrent.SingleThreadEventExecutor$5.run(SingleThreadEventExecutor.java:897)
	at org.apache.ratis.thirdparty.io.netty.util.concurrent.FastThreadLocalRunnable.run(FastThreadLocalRunnable.java:30)
	... 1 more
Caused by: java.net.ConnectException: Connection refused
	... 11 more
2019-10-08 03:43:30,124 [655e713e-f432-49c6-be02-8424905dac44@group-317885D50A8B-LeaderElection20] INFO  impl.RaftServerImpl (RaftServerImpl.java:setRole(170)) - 655e713e-f432-49c6-be02-8424905dac44@group-317885D50A8B: changes role from CANDIDATE to FOLLOWER at term 11 for DISCOVERED_A_NEW_TERM
2019-10-08 03:43:30,124 [655e713e-f432-49c6-be02-8424905dac44@group-317885D50A8B-LeaderElection20] INFO  impl.RoleInfo (RoleInfo.java:shutdownLeaderElection(134)) - 655e713e-f432-49c6-be02-8424905dac44: shutdown LeaderElection
2019-10-08 03:43:30,124 [655e713e-f432-49c6-be02-8424905dac44@group-317885D50A8B-LeaderElection20] INFO  impl.RoleInfo (RoleInfo.java:updateAndGet(143)) - 655e713e-f432-49c6-be02-8424905dac44: start FollowerState
2019-10-08 03:43:35,212 [Thread-556] INFO  impl.FollowerState (FollowerState.java:run(108)) - 655e713e-f432-49c6-be02-8424905dac44@group-317885D50A8B-FollowerState: change to CANDIDATE, lastRpcTime:5087ms, electionTimeout:5087ms
2019-10-08 03:43:35,215 [Thread-556] INFO  impl.RoleInfo (RoleInfo.java:shutdownFollowerState(121)) - 655e713e-f432-49c6-be02-8424905dac44: shutdown FollowerState
2019-10-08 03:43:35,215 [Thread-556] INFO  impl.RaftServerImpl (RaftServerImpl.java:setRole(170)) - 655e713e-f432-49c6-be02-8424905dac44@group-317885D50A8B: changes role from  FOLLOWER to CANDIDATE at term 11 for changeToCandidate
2019-10-08 03:43:35,216 [Thread-556] INFO  impl.RoleInfo (RoleInfo.java:updateAndGet(143)) - 655e713e-f432-49c6-be02-8424905dac44: start LeaderElection
2019-10-08 03:43:35,232 [655e713e-f432-49c6-be02-8424905dac44@group-317885D50A8B-LeaderElection21] INFO  impl.LeaderElection (LeaderElection.java:askForVotes(178)) - 655e713e-f432-49c6-be02-8424905dac44@group-317885D50A8B-LeaderElection21: begin an election at term 12 for 0: [e55dc74a-5508-43f4-ba5a-e1e75e0afb35:192.168.151.83:38050, 655e713e-f432-49c6-be02-8424905dac44:192.168.151.83:45232, 577faf7f-deb6-4506-8e99-75f39047aeab:192.168.151.83:41804], old=null
2019-10-08 03:43:35,234 [655e713e-f432-49c6-be02-8424905dac44@group-317885D50A8B-LeaderElection21] INFO  impl.LeaderElection (LogUtils.java:infoOrTrace(149)) - 655e713e-f432-49c6-be02-8424905dac44@group-317885D50A8B-LeaderElection21 got exception when requesting votes: {}
java.util.concurrent.ExecutionException: org.apache.ratis.thirdparty.io.grpc.StatusRuntimeException: UNAVAILABLE: io exception
	at java.util.concurrent.FutureTask.report(FutureTask.java:122)
	at java.util.concurrent.FutureTask.get(FutureTask.java:192)
	at org.apache.ratis.server.impl.LeaderElection.waitForResults(LeaderElection.java:259)
	at org.apache.ratis.server.impl.LeaderElection.askForVotes(LeaderElection.java:197)
	at org.apache.ratis.server.impl.LeaderElection.run(LeaderElection.java:133)
	at java.lang.Thread.run(Thread.java:748)
Caused by: org.apache.ratis.thirdparty.io.grpc.StatusRuntimeException: UNAVAILABLE: io exception
	at org.apache.ratis.thirdparty.io.grpc.stub.ClientCalls.toStatusRuntimeException(ClientCalls.java:233)
	at org.apache.ratis.thirdparty.io.grpc.stub.ClientCalls.getUnchecked(ClientCalls.java:214)
	at org.apache.ratis.thirdparty.io.grpc.stub.ClientCalls.blockingUnaryCall(ClientCalls.java:139)
	at org.apache.ratis.proto.grpc.RaftServerProtocolServiceGrpc$RaftServerProtocolServiceBlockingStub.requestVote(RaftServerProtocolServiceGrpc.java:265)
	at org.apache.ratis.grpc.server.GrpcServerProtocolClient.requestVote(GrpcServerProtocolClient.java:99)
	at org.apache.ratis.grpc.server.GrpcService.requestVote(GrpcService.java:204)
	at org.apache.ratis.server.impl.LeaderElection.lambda$submitRequests$1(LeaderElection.java:234)
	at java.util.concurrent.FutureTask.run(FutureTask.java:266)
	at java.util.concurrent.Executors$RunnableAdapter.call(Executors.java:511)
	at java.util.concurrent.FutureTask.run(FutureTask.java:266)
	at java.util.concurrent.ThreadPoolExecutor.runWorker(ThreadPoolExecutor.java:1149)
	at java.util.concurrent.ThreadPoolExecutor$Worker.run(ThreadPoolExecutor.java:624)
	... 1 more
Caused by: org.apache.ratis.thirdparty.io.netty.channel.AbstractChannel$AnnotatedConnectException: Connection refused: /192.168.151.83:41804
	at sun.nio.ch.SocketChannelImpl.checkConnect(Native Method)
	at sun.nio.ch.SocketChannelImpl.finishConnect(SocketChannelImpl.java:717)
	at org.apache.ratis.thirdparty.io.netty.channel.socket.nio.NioSocketChannel.doFinishConnect(NioSocketChannel.java:327)
	at org.apache.ratis.thirdparty.io.netty.channel.nio.AbstractNioChannel$AbstractNioUnsafe.finishConnect(AbstractNioChannel.java:340)
	at org.apache.ratis.thirdparty.io.netty.channel.nio.NioEventLoop.processSelectedKey(NioEventLoop.java:632)
	at org.apache.ratis.thirdparty.io.netty.channel.nio.NioEventLoop.processSelectedKeysOptimized(NioEventLoop.java:579)
	at org.apache.ratis.thirdparty.io.netty.channel.nio.NioEventLoop.processSelectedKeys(NioEventLoop.java:496)
	at org.apache.ratis.thirdparty.io.netty.channel.nio.NioEventLoop.run(NioEventLoop.java:458)
	at org.apache.ratis.thirdparty.io.netty.util.concurrent.SingleThreadEventExecutor$5.run(SingleThreadEventExecutor.java:897)
	at org.apache.ratis.thirdparty.io.netty.util.concurrent.FastThreadLocalRunnable.run(FastThreadLocalRunnable.java:30)
	... 1 more
Caused by: java.net.ConnectException: Connection refused
	... 11 more
2019-10-08 03:43:35,237 [655e713e-f432-49c6-be02-8424905dac44@group-317885D50A8B-LeaderElection21] INFO  impl.LeaderElection (LogUtils.java:infoOrTrace(149)) - 655e713e-f432-49c6-be02-8424905dac44@group-317885D50A8B-LeaderElection21 got exception when requesting votes: {}
java.util.concurrent.ExecutionException: org.apache.ratis.thirdparty.io.grpc.StatusRuntimeException: UNAVAILABLE: io exception
	at java.util.concurrent.FutureTask.report(FutureTask.java:122)
	at java.util.concurrent.FutureTask.get(FutureTask.java:192)
	at org.apache.ratis.server.impl.LeaderElection.waitForResults(LeaderElection.java:259)
	at org.apache.ratis.server.impl.LeaderElection.askForVotes(LeaderElection.java:197)
	at org.apache.ratis.server.impl.LeaderElection.run(LeaderElection.java:133)
	at java.lang.Thread.run(Thread.java:748)
Caused by: org.apache.ratis.thirdparty.io.grpc.StatusRuntimeException: UNAVAILABLE: io exception
	at org.apache.ratis.thirdparty.io.grpc.stub.ClientCalls.toStatusRuntimeException(ClientCalls.java:233)
	at org.apache.ratis.thirdparty.io.grpc.stub.ClientCalls.getUnchecked(ClientCalls.java:214)
	at org.apache.ratis.thirdparty.io.grpc.stub.ClientCalls.blockingUnaryCall(ClientCalls.java:139)
	at org.apache.ratis.proto.grpc.RaftServerProtocolServiceGrpc$RaftServerProtocolServiceBlockingStub.requestVote(RaftServerProtocolServiceGrpc.java:265)
	at org.apache.ratis.grpc.server.GrpcServerProtocolClient.requestVote(GrpcServerProtocolClient.java:99)
	at org.apache.ratis.grpc.server.GrpcService.requestVote(GrpcService.java:204)
	at org.apache.ratis.server.impl.LeaderElection.lambda$submitRequests$1(LeaderElection.java:234)
	at java.util.concurrent.FutureTask.run(FutureTask.java:266)
	at java.util.concurrent.Executors$RunnableAdapter.call(Executors.java:511)
	at java.util.concurrent.FutureTask.run(FutureTask.java:266)
	at java.util.concurrent.ThreadPoolExecutor.runWorker(ThreadPoolExecutor.java:1149)
	at java.util.concurrent.ThreadPoolExecutor$Worker.run(ThreadPoolExecutor.java:624)
	... 1 more
Caused by: org.apache.ratis.thirdparty.io.netty.channel.AbstractChannel$AnnotatedConnectException: Connection refused: /192.168.151.83:38050
	at sun.nio.ch.SocketChannelImpl.checkConnect(Native Method)
	at sun.nio.ch.SocketChannelImpl.finishConnect(SocketChannelImpl.java:717)
	at org.apache.ratis.thirdparty.io.netty.channel.socket.nio.NioSocketChannel.doFinishConnect(NioSocketChannel.java:327)
	at org.apache.ratis.thirdparty.io.netty.channel.nio.AbstractNioChannel$AbstractNioUnsafe.finishConnect(AbstractNioChannel.java:340)
	at org.apache.ratis.thirdparty.io.netty.channel.nio.NioEventLoop.processSelectedKey(NioEventLoop.java:632)
	at org.apache.ratis.thirdparty.io.netty.channel.nio.NioEventLoop.processSelectedKeysOptimized(NioEventLoop.java:579)
	at org.apache.ratis.thirdparty.io.netty.channel.nio.NioEventLoop.processSelectedKeys(NioEventLoop.java:496)
	at org.apache.ratis.thirdparty.io.netty.channel.nio.NioEventLoop.run(NioEventLoop.java:458)
	at org.apache.ratis.thirdparty.io.netty.util.concurrent.SingleThreadEventExecutor$5.run(SingleThreadEventExecutor.java:897)
	at org.apache.ratis.thirdparty.io.netty.util.concurrent.FastThreadLocalRunnable.run(FastThreadLocalRunnable.java:30)
	... 1 more
Caused by: java.net.ConnectException: Connection refused
	... 11 more
2019-10-08 03:43:35,239 [655e713e-f432-49c6-be02-8424905dac44@group-317885D50A8B-LeaderElection21] INFO  impl.LeaderElection (LeaderElection.java:logAndReturn(56)) - 655e713e-f432-49c6-be02-8424905dac44@group-317885D50A8B-LeaderElection21: Election REJECTED; received 0 response(s) [] and 2 exception(s); 655e713e-f432-49c6-be02-8424905dac44@group-317885D50A8B:t12, leader=null, voted=655e713e-f432-49c6-be02-8424905dac44, raftlog=655e713e-f432-49c6-be02-8424905dac44@group-317885D50A8B-SegmentedRaftLog:OPENED:c16,f16,i16, conf=0: [e55dc74a-5508-43f4-ba5a-e1e75e0afb35:192.168.151.83:38050, 655e713e-f432-49c6-be02-8424905dac44:192.168.151.83:45232, 577faf7f-deb6-4506-8e99-75f39047aeab:192.168.151.83:41804], old=null
2019-10-08 03:43:35,239 [655e713e-f432-49c6-be02-8424905dac44@group-317885D50A8B-LeaderElection21] INFO  impl.LeaderElection (LogUtils.java:infoOrTrace(149)) -   Exception 0: {}
java.util.concurrent.ExecutionException: org.apache.ratis.thirdparty.io.grpc.StatusRuntimeException: UNAVAILABLE: io exception
	at java.util.concurrent.FutureTask.report(FutureTask.java:122)
	at java.util.concurrent.FutureTask.get(FutureTask.java:192)
	at org.apache.ratis.server.impl.LeaderElection.waitForResults(LeaderElection.java:259)
	at org.apache.ratis.server.impl.LeaderElection.askForVotes(LeaderElection.java:197)
	at org.apache.ratis.server.impl.LeaderElection.run(LeaderElection.java:133)
	at java.lang.Thread.run(Thread.java:748)
Caused by: org.apache.ratis.thirdparty.io.grpc.StatusRuntimeException: UNAVAILABLE: io exception
	at org.apache.ratis.thirdparty.io.grpc.stub.ClientCalls.toStatusRuntimeException(ClientCalls.java:233)
	at org.apache.ratis.thirdparty.io.grpc.stub.ClientCalls.getUnchecked(ClientCalls.java:214)
	at org.apache.ratis.thirdparty.io.grpc.stub.ClientCalls.blockingUnaryCall(ClientCalls.java:139)
	at org.apache.ratis.proto.grpc.RaftServerProtocolServiceGrpc$RaftServerProtocolServiceBlockingStub.requestVote(RaftServerProtocolServiceGrpc.java:265)
	at org.apache.ratis.grpc.server.GrpcServerProtocolClient.requestVote(GrpcServerProtocolClient.java:99)
	at org.apache.ratis.grpc.server.GrpcService.requestVote(GrpcService.java:204)
	at org.apache.ratis.server.impl.LeaderElection.lambda$submitRequests$1(LeaderElection.java:234)
	at java.util.concurrent.FutureTask.run(FutureTask.java:266)
	at java.util.concurrent.Executors$RunnableAdapter.call(Executors.java:511)
	at java.util.concurrent.FutureTask.run(FutureTask.java:266)
	at java.util.concurrent.ThreadPoolExecutor.runWorker(ThreadPoolExecutor.java:1149)
	at java.util.concurrent.ThreadPoolExecutor$Worker.run(ThreadPoolExecutor.java:624)
	... 1 more
Caused by: org.apache.ratis.thirdparty.io.netty.channel.AbstractChannel$AnnotatedConnectException: Connection refused: /192.168.151.83:41804
	at sun.nio.ch.SocketChannelImpl.checkConnect(Native Method)
	at sun.nio.ch.SocketChannelImpl.finishConnect(SocketChannelImpl.java:717)
	at org.apache.ratis.thirdparty.io.netty.channel.socket.nio.NioSocketChannel.doFinishConnect(NioSocketChannel.java:327)
	at org.apache.ratis.thirdparty.io.netty.channel.nio.AbstractNioChannel$AbstractNioUnsafe.finishConnect(AbstractNioChannel.java:340)
	at org.apache.ratis.thirdparty.io.netty.channel.nio.NioEventLoop.processSelectedKey(NioEventLoop.java:632)
	at org.apache.ratis.thirdparty.io.netty.channel.nio.NioEventLoop.processSelectedKeysOptimized(NioEventLoop.java:579)
	at org.apache.ratis.thirdparty.io.netty.channel.nio.NioEventLoop.processSelectedKeys(NioEventLoop.java:496)
	at org.apache.ratis.thirdparty.io.netty.channel.nio.NioEventLoop.run(NioEventLoop.java:458)
	at org.apache.ratis.thirdparty.io.netty.util.concurrent.SingleThreadEventExecutor$5.run(SingleThreadEventExecutor.java:897)
	at org.apache.ratis.thirdparty.io.netty.util.concurrent.FastThreadLocalRunnable.run(FastThreadLocalRunnable.java:30)
	... 1 more
Caused by: java.net.ConnectException: Connection refused
	... 11 more
2019-10-08 03:43:35,240 [655e713e-f432-49c6-be02-8424905dac44@group-317885D50A8B-LeaderElection21] INFO  impl.LeaderElection (LogUtils.java:infoOrTrace(149)) -   Exception 1: {}
java.util.concurrent.ExecutionException: org.apache.ratis.thirdparty.io.grpc.StatusRuntimeException: UNAVAILABLE: io exception
	at java.util.concurrent.FutureTask.report(FutureTask.java:122)
	at java.util.concurrent.FutureTask.get(FutureTask.java:192)
	at org.apache.ratis.server.impl.LeaderElection.waitForResults(LeaderElection.java:259)
	at org.apache.ratis.server.impl.LeaderElection.askForVotes(LeaderElection.java:197)
	at org.apache.ratis.server.impl.LeaderElection.run(LeaderElection.java:133)
	at java.lang.Thread.run(Thread.java:748)
Caused by: org.apache.ratis.thirdparty.io.grpc.StatusRuntimeException: UNAVAILABLE: io exception
	at org.apache.ratis.thirdparty.io.grpc.stub.ClientCalls.toStatusRuntimeException(ClientCalls.java:233)
	at org.apache.ratis.thirdparty.io.grpc.stub.ClientCalls.getUnchecked(ClientCalls.java:214)
	at org.apache.ratis.thirdparty.io.grpc.stub.ClientCalls.blockingUnaryCall(ClientCalls.java:139)
	at org.apache.ratis.proto.grpc.RaftServerProtocolServiceGrpc$RaftServerProtocolServiceBlockingStub.requestVote(RaftServerProtocolServiceGrpc.java:265)
	at org.apache.ratis.grpc.server.GrpcServerProtocolClient.requestVote(GrpcServerProtocolClient.java:99)
	at org.apache.ratis.grpc.server.GrpcService.requestVote(GrpcService.java:204)
	at org.apache.ratis.server.impl.LeaderElection.lambda$submitRequests$1(LeaderElection.java:234)
	at java.util.concurrent.FutureTask.run(FutureTask.java:266)
	at java.util.concurrent.Executors$RunnableAdapter.call(Executors.java:511)
	at java.util.concurrent.FutureTask.run(FutureTask.java:266)
	at java.util.concurrent.ThreadPoolExecutor.runWorker(ThreadPoolExecutor.java:1149)
	at java.util.concurrent.ThreadPoolExecutor$Worker.run(ThreadPoolExecutor.java:624)
	... 1 more
Caused by: org.apache.ratis.thirdparty.io.netty.channel.AbstractChannel$AnnotatedConnectException: Connection refused: /192.168.151.83:38050
	at sun.nio.ch.SocketChannelImpl.checkConnect(Native Method)
	at sun.nio.ch.SocketChannelImpl.finishConnect(SocketChannelImpl.java:717)
	at org.apache.ratis.thirdparty.io.netty.channel.socket.nio.NioSocketChannel.doFinishConnect(NioSocketChannel.java:327)
	at org.apache.ratis.thirdparty.io.netty.channel.nio.AbstractNioChannel$AbstractNioUnsafe.finishConnect(AbstractNioChannel.java:340)
	at org.apache.ratis.thirdparty.io.netty.channel.nio.NioEventLoop.processSelectedKey(NioEventLoop.java:632)
	at org.apache.ratis.thirdparty.io.netty.channel.nio.NioEventLoop.processSelectedKeysOptimized(NioEventLoop.java:579)
	at org.apache.ratis.thirdparty.io.netty.channel.nio.NioEventLoop.processSelectedKeys(NioEventLoop.java:496)
	at org.apache.ratis.thirdparty.io.netty.channel.nio.NioEventLoop.run(NioEventLoop.java:458)
	at org.apache.ratis.thirdparty.io.netty.util.concurrent.SingleThreadEventExecutor$5.run(SingleThreadEventExecutor.java:897)
	at org.apache.ratis.thirdparty.io.netty.util.concurrent.FastThreadLocalRunnable.run(FastThreadLocalRunnable.java:30)
	... 1 more
Caused by: java.net.ConnectException: Connection refused
	... 11 more
2019-10-08 03:43:35,240 [655e713e-f432-49c6-be02-8424905dac44@group-317885D50A8B-LeaderElection21] INFO  impl.RaftServerImpl (RaftServerImpl.java:setRole(170)) - 655e713e-f432-49c6-be02-8424905dac44@group-317885D50A8B: changes role from CANDIDATE to FOLLOWER at term 12 for DISCOVERED_A_NEW_TERM
2019-10-08 03:43:35,240 [655e713e-f432-49c6-be02-8424905dac44@group-317885D50A8B-LeaderElection21] INFO  impl.RoleInfo (RoleInfo.java:shutdownLeaderElection(134)) - 655e713e-f432-49c6-be02-8424905dac44: shutdown LeaderElection
2019-10-08 03:43:35,241 [655e713e-f432-49c6-be02-8424905dac44@group-317885D50A8B-LeaderElection21] INFO  impl.RoleInfo (RoleInfo.java:updateAndGet(143)) - 655e713e-f432-49c6-be02-8424905dac44: start FollowerState
2019-10-08 03:43:40,166 [RatisPipelineUtilsThread] WARN  pipeline.RatisPipelineUtils (RatisPipelineUtils.java:destroyPipeline(67)) - Pipeline destroy failed for pipeline=PipelineID=285b0918-2076-492b-bb72-317885d50a8b dn=577faf7f-deb6-4506-8e99-75f39047aeab{ip: 192.168.151.83, host: pr-hdds-2217-jqnfv-3133698562, networkLocation: /default-rack, certSerialId: null}
2019-10-08 03:43:40,174 [RatisPipelineUtilsThread] WARN  pipeline.RatisPipelineUtils (RatisPipelineUtils.java:destroyPipeline(67)) - Pipeline destroy failed for pipeline=PipelineID=285b0918-2076-492b-bb72-317885d50a8b dn=e55dc74a-5508-43f4-ba5a-e1e75e0afb35{ip: 192.168.151.83, host: pr-hdds-2217-jqnfv-3133698562, networkLocation: /default-rack, certSerialId: null}
2019-10-08 03:43:40,181 [grpc-default-executor-3] INFO  impl.RaftServerProxy (RaftServerProxy.java:remove(95)) - 655e713e-f432-49c6-be02-8424905dac44: remove  FOLLOWER 655e713e-f432-49c6-be02-8424905dac44@group-317885D50A8B:t12, leader=null, voted=655e713e-f432-49c6-be02-8424905dac44, raftlog=655e713e-f432-49c6-be02-8424905dac44@group-317885D50A8B-SegmentedRaftLog:OPENED:c16,f16,i16, conf=0: [e55dc74a-5508-43f4-ba5a-e1e75e0afb35:192.168.151.83:38050, 655e713e-f432-49c6-be02-8424905dac44:192.168.151.83:45232, 577faf7f-deb6-4506-8e99-75f39047aeab:192.168.151.83:41804], old=null RUNNING
2019-10-08 03:43:40,185 [grpc-default-executor-3] INFO  impl.RaftServerImpl (RaftServerImpl.java:lambda$shutdown$3(247)) - 655e713e-f432-49c6-be02-8424905dac44@group-317885D50A8B: shutdown
2019-10-08 03:43:40,185 [grpc-default-executor-3] INFO  util.JmxRegister (JmxRegister.java:unregister(73)) - Successfully un-registered JMX Bean with object name Ratis:service=RaftServer,group=group-317885D50A8B,id=655e713e-f432-49c6-be02-8424905dac44
2019-10-08 03:43:40,185 [grpc-default-executor-3] INFO  impl.RoleInfo (RoleInfo.java:shutdownFollowerState(121)) - 655e713e-f432-49c6-be02-8424905dac44: shutdown FollowerState
2019-10-08 03:43:40,186 [grpc-default-executor-3] INFO  impl.StateMachineUpdater (StateMachineUpdater.java:stopAndJoin(136)) - 655e713e-f432-49c6-be02-8424905dac44@group-317885D50A8B-StateMachineUpdater: set stopIndex = 16
2019-10-08 03:43:40,186 [Thread-570] INFO  impl.FollowerState (FollowerState.java:run(117)) - 655e713e-f432-49c6-be02-8424905dac44@group-317885D50A8B-FollowerState was interrupted: java.lang.InterruptedException: sleep interrupted
2019-10-08 03:43:40,186 [655e713e-f432-49c6-be02-8424905dac44@group-317885D50A8B-StateMachineUpdater] INFO  ratis.ContainerStateMachine (ContainerStateMachine.java:takeSnapshot(294)) - group-317885D50A8B: Taking a snapshot at:(t:1, i:14) file /workdir/hadoop-ozone/integration-test/target/test-dir/MiniOzoneClusterImpl-803a9bc2-2fef-4080-b053-fc887ab92aa0/datanode-0/data/ratis/285b0918-2076-492b-bb72-317885d50a8b/sm/snapshot.1_14
2019-10-08 03:43:40,215 [655e713e-f432-49c6-be02-8424905dac44@group-317885D50A8B-StateMachineUpdater] INFO  ratis.ContainerStateMachine (ContainerStateMachine.java:takeSnapshot(305)) - group-317885D50A8B: Finished taking a snapshot at:(t:1, i:14) file:/workdir/hadoop-ozone/integration-test/target/test-dir/MiniOzoneClusterImpl-803a9bc2-2fef-4080-b053-fc887ab92aa0/datanode-0/data/ratis/285b0918-2076-492b-bb72-317885d50a8b/sm/snapshot.1_14 time:29
2019-10-08 03:43:40,215 [655e713e-f432-49c6-be02-8424905dac44@group-317885D50A8B-StateMachineUpdater] INFO  impl.StateMachineUpdater (StateMachineUpdater.java:takeSnapshot(269)) - 655e713e-f432-49c6-be02-8424905dac44@group-317885D50A8B-StateMachineUpdater: Took a snapshot at index 14
2019-10-08 03:43:40,215 [655e713e-f432-49c6-be02-8424905dac44@group-317885D50A8B-StateMachineUpdater] INFO  impl.StateMachineUpdater (StateMachineUpdater.java:lambda$new$0(84)) - 655e713e-f432-49c6-be02-8424905dac44@group-317885D50A8B-StateMachineUpdater: snapshotIndex: updateIncreasingly -1 -> 14
2019-10-08 03:43:40,216 [655e713e-f432-49c6-be02-8424905dac44@group-317885D50A8B-StateMachineUpdater] INFO  ratis.ContainerStateMachine (ContainerStateMachine.java:takeSnapshot(294)) - group-317885D50A8B: Taking a snapshot at:(t:1, i:14) file /workdir/hadoop-ozone/integration-test/target/test-dir/MiniOzoneClusterImpl-803a9bc2-2fef-4080-b053-fc887ab92aa0/datanode-0/data/ratis/285b0918-2076-492b-bb72-317885d50a8b/sm/snapshot.1_14
2019-10-08 03:43:40,228 [655e713e-f432-49c6-be02-8424905dac44@group-317885D50A8B-StateMachineUpdater] INFO  ratis.ContainerStateMachine (ContainerStateMachine.java:takeSnapshot(305)) - group-317885D50A8B: Finished taking a snapshot at:(t:1, i:14) file:/workdir/hadoop-ozone/integration-test/target/test-dir/MiniOzoneClusterImpl-803a9bc2-2fef-4080-b053-fc887ab92aa0/datanode-0/data/ratis/285b0918-2076-492b-bb72-317885d50a8b/sm/snapshot.1_14 time:13
2019-10-08 03:43:40,228 [655e713e-f432-49c6-be02-8424905dac44@group-317885D50A8B-StateMachineUpdater] INFO  impl.StateMachineUpdater (StateMachineUpdater.java:takeSnapshot(269)) - 655e713e-f432-49c6-be02-8424905dac44@group-317885D50A8B-StateMachineUpdater: Took a snapshot at index 14
2019-10-08 03:43:40,228 [655e713e-f432-49c6-be02-8424905dac44@group-317885D50A8B-StateMachineUpdater] INFO  impl.StateMachineUpdater (StateMachineUpdater.java:lambda$new$0(84)) - 655e713e-f432-49c6-be02-8424905dac44@group-317885D50A8B-StateMachineUpdater: snapshotIndex: updateIncreasingly 14 -> 14
2019-10-08 03:43:40,229 [grpc-default-executor-3] INFO  impl.RaftServerImpl (ServerState.java:close(387)) - 655e713e-f432-49c6-be02-8424905dac44@group-317885D50A8B: closes. applyIndex: 16
2019-10-08 03:43:40,229 [655e713e-f432-49c6-be02-8424905dac44@group-317885D50A8B-SegmentedRaftLogWorker] INFO  segmented.SegmentedRaftLogWorker (SegmentedRaftLogWorker.java:run(316)) - 655e713e-f432-49c6-be02-8424905dac44@group-317885D50A8B-SegmentedRaftLogWorker was interrupted, exiting. There are 0 tasks remaining in the queue.
2019-10-08 03:43:40,231 [grpc-default-executor-3] INFO  segmented.SegmentedRaftLogWorker (SegmentedRaftLogWorker.java:close(224)) - 655e713e-f432-49c6-be02-8424905dac44@group-317885D50A8B-SegmentedRaftLogWorker close()
2019-10-08 03:43:40,250 [grpc-default-executor-3] INFO  interfaces.Container (KeyValueContainer.java:flushAndSyncDB(386)) - Container 1 is synced with bcsId 14.
2019-10-08 03:43:40,250 [grpc-default-executor-3] INFO  interfaces.Container (KeyValueContainer.java:flushAndSyncDB(386)) - Container 1 is synced with bcsId 14.
2019-10-08 03:43:40,271 [EventQueue-IncrementalContainerReportForIncrementalContainerReportHandler] INFO  container.IncrementalContainerReportHandler (AbstractContainerReportHandler.java:updateContainerState(169)) - Moving container #1 to QUASI_CLOSED state, datanode 655e713e-f432-49c6-be02-8424905dac44{ip: 192.168.151.83, host: pr-hdds-2217-jqnfv-3133698562, networkLocation: /default-rack, certSerialId: null} reported QUASI_CLOSED replica.
2019-10-08 03:43:40,272 [RatisPipelineUtilsThread] INFO  pipeline.PipelineStateManager (PipelineStateManager.java:removePipeline(108)) - Pipeline Pipeline[ Id: 285b0918-2076-492b-bb72-317885d50a8b, Nodes: 577faf7f-deb6-4506-8e99-75f39047aeab{ip: 192.168.151.83, host: pr-hdds-2217-jqnfv-3133698562, networkLocation: /default-rack, certSerialId: null}e55dc74a-5508-43f4-ba5a-e1e75e0afb35{ip: 192.168.151.83, host: pr-hdds-2217-jqnfv-3133698562, networkLocation: /default-rack, certSerialId: null}655e713e-f432-49c6-be02-8424905dac44{ip: 192.168.151.83, host: pr-hdds-2217-jqnfv-3133698562, networkLocation: /default-rack, certSerialId: null}, Type:RATIS, Factor:THREE, State:CLOSED] removed from db
2019-10-08 03:43:40,277 [RatisPipelineUtilsThread] WARN  pipeline.RatisPipelineUtils (RatisPipelineUtils.java:destroyPipeline(67)) - Pipeline destroy failed for pipeline=PipelineID=d8c4f5fa-d9d7-4da0-96c7-1b9fb895418b dn=577faf7f-deb6-4506-8e99-75f39047aeab{ip: 192.168.151.83, host: pr-hdds-2217-jqnfv-3133698562, networkLocation: /default-rack, certSerialId: null}
2019-10-08 03:43:40,278 [RatisPipelineUtilsThread] INFO  pipeline.PipelineStateManager (PipelineStateManager.java:removePipeline(108)) - Pipeline Pipeline[ Id: d8c4f5fa-d9d7-4da0-96c7-1b9fb895418b, Nodes: 577faf7f-deb6-4506-8e99-75f39047aeab{ip: 192.168.151.83, host: pr-hdds-2217-jqnfv-3133698562, networkLocation: /default-rack, certSerialId: null}, Type:RATIS, Factor:ONE, State:CLOSED] removed from db
2019-10-08 03:43:45,159 [RatisPipelineUtilsThread] WARN  pipeline.RatisPipelineUtils (RatisPipelineUtils.java:destroyPipeline(67)) - Pipeline destroy failed for pipeline=PipelineID=285b0918-2076-492b-bb72-317885d50a8b dn=577faf7f-deb6-4506-8e99-75f39047aeab{ip: 192.168.151.83, host: pr-hdds-2217-jqnfv-3133698562, networkLocation: /default-rack, certSerialId: null}
2019-10-08 03:43:45,162 [RatisPipelineUtilsThread] WARN  pipeline.RatisPipelineUtils (RatisPipelineUtils.java:destroyPipeline(67)) - Pipeline destroy failed for pipeline=PipelineID=285b0918-2076-492b-bb72-317885d50a8b dn=e55dc74a-5508-43f4-ba5a-e1e75e0afb35{ip: 192.168.151.83, host: pr-hdds-2217-jqnfv-3133698562, networkLocation: /default-rack, certSerialId: null}
2019-10-08 03:43:45,168 [grpc-default-executor-0] INFO  impl.RaftServerProxy (RaftServerProxy.java:remove(95)) - 655e713e-f432-49c6-be02-8424905dac44: remove group-317885D50A8B:null
2019-10-08 03:43:45,220 [RatisPipelineUtilsThread] WARN  pipeline.RatisPipelineUtils (RatisPipelineUtils.java:destroyPipeline(67)) - Pipeline destroy failed for pipeline=PipelineID=285b0918-2076-492b-bb72-317885d50a8b dn=655e713e-f432-49c6-be02-8424905dac44{ip: 192.168.151.83, host: pr-hdds-2217-jqnfv-3133698562, networkLocation: /default-rack, certSerialId: null}
2019-10-08 03:43:45,221 [RatisPipelineUtilsThread] ERROR pipeline.SCMPipelineManager (Scheduler.java:lambda$schedule$1(70)) - Destroy pipeline failed for pipeline:Pipeline[ Id: 285b0918-2076-492b-bb72-317885d50a8b, Nodes: 577faf7f-deb6-4506-8e99-75f39047aeab{ip: 192.168.151.83, host: pr-hdds-2217-jqnfv-3133698562, networkLocation: /default-rack, certSerialId: null}e55dc74a-5508-43f4-ba5a-e1e75e0afb35{ip: 192.168.151.83, host: pr-hdds-2217-jqnfv-3133698562, networkLocation: /default-rack, certSerialId: null}655e713e-f432-49c6-be02-8424905dac44{ip: 192.168.151.83, host: pr-hdds-2217-jqnfv-3133698562, networkLocation: /default-rack, certSerialId: null}, Type:RATIS, Factor:THREE, State:CLOSED]
org.apache.hadoop.hdds.scm.pipeline.PipelineNotFoundException: PipelineID=285b0918-2076-492b-bb72-317885d50a8b not found
	at org.apache.hadoop.hdds.scm.pipeline.PipelineStateMap.getPipeline(PipelineStateMap.java:132)
	at org.apache.hadoop.hdds.scm.pipeline.PipelineStateMap.removePipeline(PipelineStateMap.java:322)
	at org.apache.hadoop.hdds.scm.pipeline.PipelineStateManager.removePipeline(PipelineStateManager.java:107)
	at org.apache.hadoop.hdds.scm.pipeline.SCMPipelineManager.removePipeline(SCMPipelineManager.java:427)
	at org.apache.hadoop.hdds.scm.pipeline.SCMPipelineManager.destroyPipeline(SCMPipelineManager.java:413)
	at org.apache.hadoop.hdds.scm.pipeline.SCMPipelineManager.lambda$finalizeAndDestroyPipeline$0(SCMPipelineManager.java:322)
	at org.apache.hadoop.hdds.utils.Scheduler.lambda$schedule$1(Scheduler.java:68)
	at java.util.concurrent.Executors$RunnableAdapter.call(Executors.java:511)
	at java.util.concurrent.FutureTask.run(FutureTask.java:266)
	at java.util.concurrent.ScheduledThreadPoolExecutor$ScheduledFutureTask.access$201(ScheduledThreadPoolExecutor.java:180)
	at java.util.concurrent.ScheduledThreadPoolExecutor$ScheduledFutureTask.run(ScheduledThreadPoolExecutor.java:293)
	at java.util.concurrent.ThreadPoolExecutor.runWorker(ThreadPoolExecutor.java:1149)
	at java.util.concurrent.ThreadPoolExecutor$Worker.run(ThreadPoolExecutor.java:624)
	at java.lang.Thread.run(Thread.java:748)
2019-10-08 03:43:45,224 [RatisPipelineUtilsThread] WARN  pipeline.RatisPipelineUtils (RatisPipelineUtils.java:destroyPipeline(67)) - Pipeline destroy failed for pipeline=PipelineID=146f4890-2f84-425a-ab8e-e10f35f715a9 dn=e55dc74a-5508-43f4-ba5a-e1e75e0afb35{ip: 192.168.151.83, host: pr-hdds-2217-jqnfv-3133698562, networkLocation: /default-rack, certSerialId: null}
2019-10-08 03:43:45,224 [RatisPipelineUtilsThread] INFO  pipeline.PipelineStateManager (PipelineStateManager.java:removePipeline(108)) - Pipeline Pipeline[ Id: 146f4890-2f84-425a-ab8e-e10f35f715a9, Nodes: e55dc74a-5508-43f4-ba5a-e1e75e0afb35{ip: 192.168.151.83, host: pr-hdds-2217-jqnfv-3133698562, networkLocation: /default-rack, certSerialId: null}, Type:RATIS, Factor:ONE, State:CLOSED] removed from db
2019-10-08 03:43:45,884 [main] WARN  io.KeyOutputStream (KeyOutputStream.java:handleException(274)) - Encountered exception java.io.IOException: Unexpected Storage Container Exception: java.util.concurrent.CompletionException: java.util.concurrent.CompletionException: org.apache.ratis.protocol.GroupMismatchException: 655e713e-f432-49c6-be02-8424905dac44: group-317885D50A8B not found. on the pipeline Pipeline[ Id: 285b0918-2076-492b-bb72-317885d50a8b, Nodes: 577faf7f-deb6-4506-8e99-75f39047aeab{ip: 192.168.151.83, host: pr-hdds-2217-jqnfv-3133698562, networkLocation: /default-rack, certSerialId: null}e55dc74a-5508-43f4-ba5a-e1e75e0afb35{ip: 192.168.151.83, host: pr-hdds-2217-jqnfv-3133698562, networkLocation: /default-rack, certSerialId: null}655e713e-f432-49c6-be02-8424905dac44{ip: 192.168.151.83, host: pr-hdds-2217-jqnfv-3133698562, networkLocation: /default-rack, certSerialId: null}, Type:RATIS, Factor:THREE, State:OPEN]. The last committed block length is 450, uncommitted data length is 350 retry count 0
2019-10-08 03:43:47,539 [main] WARN  scm.XceiverClientRatis (XceiverClientRatis.java:watchForCommit(269)) - 3 way commit failed on pipeline Pipeline[ Id: d3c8b4c3-c2f3-447a-9a15-99a017148508, Nodes: 0d9c9caf-a10d-4dbf-84ca-13e0af47996f{ip: 192.168.151.83, host: pr-hdds-2217-jqnfv-3133698562, networkLocation: /default-rack, certSerialId: null}04caef7c-ddb6-4702-809f-1a73204ea274{ip: 192.168.151.83, host: pr-hdds-2217-jqnfv-3133698562, networkLocation: /default-rack, certSerialId: null}140d7c2d-6527-405c-b465-1b1d8cb4b4a3{ip: 192.168.151.83, host: pr-hdds-2217-jqnfv-3133698562, networkLocation: /default-rack, certSerialId: null}, Type:RATIS, Factor:THREE, State:OPEN]
java.util.concurrent.TimeoutException
	at java.util.concurrent.CompletableFuture.timedGet(CompletableFuture.java:1771)
	at java.util.concurrent.CompletableFuture.get(CompletableFuture.java:1915)
	at org.apache.hadoop.hdds.scm.XceiverClientRatis.watchForCommit(XceiverClientRatis.java:266)
	at org.apache.hadoop.hdds.scm.storage.CommitWatcher.watchForCommit(CommitWatcher.java:194)
	at org.apache.hadoop.hdds.scm.storage.CommitWatcher.watchOnLastIndex(CommitWatcher.java:157)
	at org.apache.hadoop.hdds.scm.storage.BlockOutputStream.watchForCommit(BlockOutputStream.java:347)
	at org.apache.hadoop.hdds.scm.storage.BlockOutputStream.handleFlush(BlockOutputStream.java:479)
	at org.apache.hadoop.hdds.scm.storage.BlockOutputStream.flush(BlockOutputStream.java:428)
	at org.apache.hadoop.ozone.client.io.BlockOutputStreamEntry.flush(BlockOutputStreamEntry.java:136)
	at org.apache.hadoop.ozone.client.io.KeyOutputStream.handleFlushOrClose(KeyOutputStream.java:443)
	at org.apache.hadoop.ozone.client.io.KeyOutputStream.flush(KeyOutputStream.java:397)
	at org.apache.hadoop.ozone.client.io.OzoneOutputStream.flush(OzoneOutputStream.java:54)
	at org.apache.hadoop.ozone.client.rpc.TestBlockOutputStreamWithFailures.test2DatanodesFailure(TestBlockOutputStreamWithFailures.java:502)
	at sun.reflect.NativeMethodAccessorImpl.invoke0(Native Method)
	at sun.reflect.NativeMethodAccessorImpl.invoke(NativeMethodAccessorImpl.java:62)
	at sun.reflect.DelegatingMethodAccessorImpl.invoke(DelegatingMethodAccessorImpl.java:43)
	at java.lang.reflect.Method.invoke(Method.java:498)
	at org.junit.runners.model.FrameworkMethod$1.runReflectiveCall(FrameworkMethod.java:47)
	at org.junit.internal.runners.model.ReflectiveCallable.run(ReflectiveCallable.java:12)
	at org.junit.runners.model.FrameworkMethod.invokeExplosively(FrameworkMethod.java:44)
	at org.junit.internal.runners.statements.InvokeMethod.evaluate(InvokeMethod.java:17)
	at org.junit.internal.runners.statements.RunBefores.evaluate(RunBefores.java:26)
	at org.junit.internal.runners.statements.RunAfters.evaluate(RunAfters.java:27)
	at org.junit.runners.ParentRunner.runLeaf(ParentRunner.java:271)
	at org.junit.runners.BlockJUnit4ClassRunner.runChild(BlockJUnit4ClassRunner.java:70)
	at org.junit.runners.BlockJUnit4ClassRunner.runChild(BlockJUnit4ClassRunner.java:50)
	at org.junit.runners.ParentRunner$3.run(ParentRunner.java:238)
	at org.junit.runners.ParentRunner$1.schedule(ParentRunner.java:63)
	at org.junit.runners.ParentRunner.runChildren(ParentRunner.java:236)
	at org.junit.runners.ParentRunner.access$000(ParentRunner.java:53)
	at org.junit.runners.ParentRunner$2.evaluate(ParentRunner.java:229)
	at org.junit.runners.ParentRunner.run(ParentRunner.java:309)
	at org.apache.maven.surefire.junit4.JUnit4Provider.execute(JUnit4Provider.java:365)
	at org.apache.maven.surefire.junit4.JUnit4Provider.executeWithRerun(JUnit4Provider.java:273)
	at org.apache.maven.surefire.junit4.JUnit4Provider.executeTestSet(JUnit4Provider.java:238)
	at org.apache.maven.surefire.junit4.JUnit4Provider.invoke(JUnit4Provider.java:159)
	at org.apache.maven.surefire.booter.ForkedBooter.invokeProviderInSameClassLoader(ForkedBooter.java:384)
	at org.apache.maven.surefire.booter.ForkedBooter.runSuitesInProcess(ForkedBooter.java:345)
	at org.apache.maven.surefire.booter.ForkedBooter.execute(ForkedBooter.java:126)
	at org.apache.maven.surefire.booter.ForkedBooter.main(ForkedBooter.java:418)
2019-10-08 03:43:48,541 [main] WARN  storage.CommitWatcher (CommitWatcher.java:watchForCommit(203)) - watchForCommit failed for index 13
java.util.concurrent.TimeoutException
	at java.util.concurrent.CompletableFuture.timedGet(CompletableFuture.java:1771)
	at java.util.concurrent.CompletableFuture.get(CompletableFuture.java:1915)
	at org.apache.hadoop.hdds.scm.XceiverClientRatis.watchForCommit(XceiverClientRatis.java:275)
	at org.apache.hadoop.hdds.scm.storage.CommitWatcher.watchForCommit(CommitWatcher.java:194)
	at org.apache.hadoop.hdds.scm.storage.CommitWatcher.watchOnLastIndex(CommitWatcher.java:157)
	at org.apache.hadoop.hdds.scm.storage.BlockOutputStream.watchForCommit(BlockOutputStream.java:347)
	at org.apache.hadoop.hdds.scm.storage.BlockOutputStream.handleFlush(BlockOutputStream.java:479)
	at org.apache.hadoop.hdds.scm.storage.BlockOutputStream.flush(BlockOutputStream.java:428)
	at org.apache.hadoop.ozone.client.io.BlockOutputStreamEntry.flush(BlockOutputStreamEntry.java:136)
	at org.apache.hadoop.ozone.client.io.KeyOutputStream.handleFlushOrClose(KeyOutputStream.java:443)
	at org.apache.hadoop.ozone.client.io.KeyOutputStream.flush(KeyOutputStream.java:397)
	at org.apache.hadoop.ozone.client.io.OzoneOutputStream.flush(OzoneOutputStream.java:54)
	at org.apache.hadoop.ozone.client.rpc.TestBlockOutputStreamWithFailures.test2DatanodesFailure(TestBlockOutputStreamWithFailures.java:502)
	at sun.reflect.NativeMethodAccessorImpl.invoke0(Native Method)
	at sun.reflect.NativeMethodAccessorImpl.invoke(NativeMethodAccessorImpl.java:62)
	at sun.reflect.DelegatingMethodAccessorImpl.invoke(DelegatingMethodAccessorImpl.java:43)
	at java.lang.reflect.Method.invoke(Method.java:498)
	at org.junit.runners.model.FrameworkMethod$1.runReflectiveCall(FrameworkMethod.java:47)
	at org.junit.internal.runners.model.ReflectiveCallable.run(ReflectiveCallable.java:12)
	at org.junit.runners.model.FrameworkMethod.invokeExplosively(FrameworkMethod.java:44)
	at org.junit.internal.runners.statements.InvokeMethod.evaluate(InvokeMethod.java:17)
	at org.junit.internal.runners.statements.RunBefores.evaluate(RunBefores.java:26)
	at org.junit.internal.runners.statements.RunAfters.evaluate(RunAfters.java:27)
	at org.junit.runners.ParentRunner.runLeaf(ParentRunner.java:271)
	at org.junit.runners.BlockJUnit4ClassRunner.runChild(BlockJUnit4ClassRunner.java:70)
	at org.junit.runners.BlockJUnit4ClassRunner.runChild(BlockJUnit4ClassRunner.java:50)
	at org.junit.runners.ParentRunner$3.run(ParentRunner.java:238)
	at org.junit.runners.ParentRunner$1.schedule(ParentRunner.java:63)
	at org.junit.runners.ParentRunner.runChildren(ParentRunner.java:236)
	at org.junit.runners.ParentRunner.access$000(ParentRunner.java:53)
	at org.junit.runners.ParentRunner$2.evaluate(ParentRunner.java:229)
	at org.junit.runners.ParentRunner.run(ParentRunner.java:309)
	at org.apache.maven.surefire.junit4.JUnit4Provider.execute(JUnit4Provider.java:365)
	at org.apache.maven.surefire.junit4.JUnit4Provider.executeWithRerun(JUnit4Provider.java:273)
	at org.apache.maven.surefire.junit4.JUnit4Provider.executeTestSet(JUnit4Provider.java:238)
	at org.apache.maven.surefire.junit4.JUnit4Provider.invoke(JUnit4Provider.java:159)
	at org.apache.maven.surefire.booter.ForkedBooter.invokeProviderInSameClassLoader(ForkedBooter.java:384)
	at org.apache.maven.surefire.booter.ForkedBooter.runSuitesInProcess(ForkedBooter.java:345)
	at org.apache.maven.surefire.booter.ForkedBooter.execute(ForkedBooter.java:126)
	at org.apache.maven.surefire.booter.ForkedBooter.main(ForkedBooter.java:418)
2019-10-08 03:43:48,543 [main] WARN  io.KeyOutputStream (KeyOutputStream.java:handleException(274)) - Encountered exception java.io.IOException: Unexpected Storage Container Exception: java.io.IOException: Unexpected Storage Container Exception: java.util.concurrent.TimeoutException on the pipeline Pipeline[ Id: d3c8b4c3-c2f3-447a-9a15-99a017148508, Nodes: 0d9c9caf-a10d-4dbf-84ca-13e0af47996f{ip: 192.168.151.83, host: pr-hdds-2217-jqnfv-3133698562, networkLocation: /default-rack, certSerialId: null}04caef7c-ddb6-4702-809f-1a73204ea274{ip: 192.168.151.83, host: pr-hdds-2217-jqnfv-3133698562, networkLocation: /default-rack, certSerialId: null}140d7c2d-6527-405c-b465-1b1d8cb4b4a3{ip: 192.168.151.83, host: pr-hdds-2217-jqnfv-3133698562, networkLocation: /default-rack, certSerialId: null}, Type:RATIS, Factor:THREE, State:OPEN]. The last committed block length is 400, uncommitted data length is 50 retry count 0
2019-10-08 03:43:48,547 [IPC Server handler 0 on 32972] WARN  block.BlockManagerImpl (BlockManagerImpl.java:allocateBlock(192)) - Pipeline creation failed for type:RATIS factor:THREE. Retrying get pipelines call once.
org.apache.hadoop.hdds.scm.pipeline.InsufficientDatanodesException: Cannot create pipeline of factor 3 using 2 nodes.
	at org.apache.hadoop.hdds.scm.pipeline.RatisPipelineProvider.create(RatisPipelineProvider.java:153)
	at org.apache.hadoop.hdds.scm.pipeline.PipelineFactory.create(PipelineFactory.java:58)
	at org.apache.hadoop.hdds.scm.pipeline.SCMPipelineManager.createPipeline(SCMPipelineManager.java:155)
	at org.apache.hadoop.hdds.scm.block.BlockManagerImpl.allocateBlock(BlockManagerImpl.java:190)
	at org.apache.hadoop.hdds.scm.server.SCMBlockProtocolServer.allocateBlock(SCMBlockProtocolServer.java:182)
	at org.apache.hadoop.hdds.scm.protocol.ScmBlockLocationProtocolServerSideTranslatorPB.allocateScmBlock(ScmBlockLocationProtocolServerSideTranslatorPB.java:159)
	at org.apache.hadoop.hdds.scm.protocol.ScmBlockLocationProtocolServerSideTranslatorPB.processMessage(ScmBlockLocationProtocolServerSideTranslatorPB.java:117)
	at org.apache.hadoop.hdds.server.OzoneProtocolMessageDispatcher.processRequest(OzoneProtocolMessageDispatcher.java:72)
	at org.apache.hadoop.hdds.scm.protocol.ScmBlockLocationProtocolServerSideTranslatorPB.send(ScmBlockLocationProtocolServerSideTranslatorPB.java:98)
	at org.apache.hadoop.hdds.protocol.proto.ScmBlockLocationProtocolProtos$ScmBlockLocationProtocolService$2.callBlockingMethod(ScmBlockLocationProtocolProtos.java:13157)
	at org.apache.hadoop.ipc.ProtobufRpcEngine$Server$ProtoBufRpcInvoker.call(ProtobufRpcEngine.java:524)
	at org.apache.hadoop.ipc.RPC$Server.call(RPC.java:1025)
	at org.apache.hadoop.ipc.Server$RpcCall.run(Server.java:876)
	at org.apache.hadoop.ipc.Server$RpcCall.run(Server.java:822)
	at java.security.AccessController.doPrivileged(Native Method)
	at javax.security.auth.Subject.doAs(Subject.java:422)
	at org.apache.hadoop.security.UserGroupInformation.doAs(UserGroupInformation.java:1730)
	at org.apache.hadoop.ipc.Server$Handler.run(Server.java:2682)
2019-10-08 03:43:48,549 [IPC Server handler 0 on 32972] INFO  block.BlockManagerImpl (BlockManagerImpl.java:allocateBlock(198)) - Could not find available pipeline of type:RATIS and factor:THREE even after retrying
2019-10-08 03:43:48,549 [IPC Server handler 0 on 32972] ERROR block.BlockManagerImpl (BlockManagerImpl.java:allocateBlock(222)) - Unable to allocate a block for the size: 800, type: RATIS, factor: THREE
2019-10-08 03:43:48,554 [main] ERROR io.BlockOutputStreamEntryPool (BlockOutputStreamEntryPool.java:allocateBlockIfNeeded(299)) - Try to allocate more blocks for write failed, already allocated 0 blocks for this write.
INTERNAL_ERROR org.apache.hadoop.ozone.om.exceptions.OMException: Allocated 0 blocks. Requested 1 blocks
	at org.apache.hadoop.ozone.om.protocolPB.OzoneManagerProtocolClientSideTranslatorPB.handleError(OzoneManagerProtocolClientSideTranslatorPB.java:732)
	at org.apache.hadoop.ozone.om.protocolPB.OzoneManagerProtocolClientSideTranslatorPB.allocateBlock(OzoneManagerProtocolClientSideTranslatorPB.java:764)
	at sun.reflect.NativeMethodAccessorImpl.invoke0(Native Method)
	at sun.reflect.NativeMethodAccessorImpl.invoke(NativeMethodAccessorImpl.java:62)
	at sun.reflect.DelegatingMethodAccessorImpl.invoke(DelegatingMethodAccessorImpl.java:43)
	at java.lang.reflect.Method.invoke(Method.java:498)
	at org.apache.hadoop.hdds.tracing.TraceAllMethod.invoke(TraceAllMethod.java:66)
	at com.sun.proxy.$Proxy37.allocateBlock(Unknown Source)
	at org.apache.hadoop.ozone.client.io.BlockOutputStreamEntryPool.allocateNewBlock(BlockOutputStreamEntryPool.java:248)
	at org.apache.hadoop.ozone.client.io.BlockOutputStreamEntryPool.allocateBlockIfNeeded(BlockOutputStreamEntryPool.java:296)
	at org.apache.hadoop.ozone.client.io.KeyOutputStream.handleWrite(KeyOutputStream.java:198)
	at org.apache.hadoop.ozone.client.io.KeyOutputStream.handleRetry(KeyOutputStream.java:375)
	at org.apache.hadoop.ozone.client.io.KeyOutputStream.handleException(KeyOutputStream.java:324)
	at org.apache.hadoop.ozone.client.io.KeyOutputStream.handleFlushOrClose(KeyOutputStream.java:449)
	at org.apache.hadoop.ozone.client.io.KeyOutputStream.flush(KeyOutputStream.java:397)
	at org.apache.hadoop.ozone.client.io.OzoneOutputStream.flush(OzoneOutputStream.java:54)
	at org.apache.hadoop.ozone.client.rpc.TestBlockOutputStreamWithFailures.test2DatanodesFailure(TestBlockOutputStreamWithFailures.java:502)
	at sun.reflect.NativeMethodAccessorImpl.invoke0(Native Method)
	at sun.reflect.NativeMethodAccessorImpl.invoke(NativeMethodAccessorImpl.java:62)
	at sun.reflect.DelegatingMethodAccessorImpl.invoke(DelegatingMethodAccessorImpl.java:43)
	at java.lang.reflect.Method.invoke(Method.java:498)
	at org.junit.runners.model.FrameworkMethod$1.runReflectiveCall(FrameworkMethod.java:47)
	at org.junit.internal.runners.model.ReflectiveCallable.run(ReflectiveCallable.java:12)
	at org.junit.runners.model.FrameworkMethod.invokeExplosively(FrameworkMethod.java:44)
	at org.junit.internal.runners.statements.InvokeMethod.evaluate(InvokeMethod.java:17)
	at org.junit.internal.runners.statements.RunBefores.evaluate(RunBefores.java:26)
	at org.junit.internal.runners.statements.RunAfters.evaluate(RunAfters.java:27)
	at org.junit.runners.ParentRunner.runLeaf(ParentRunner.java:271)
	at org.junit.runners.BlockJUnit4ClassRunner.runChild(BlockJUnit4ClassRunner.java:70)
	at org.junit.runners.BlockJUnit4ClassRunner.runChild(BlockJUnit4ClassRunner.java:50)
	at org.junit.runners.ParentRunner$3.run(ParentRunner.java:238)
	at org.junit.runners.ParentRunner$1.schedule(ParentRunner.java:63)
	at org.junit.runners.ParentRunner.runChildren(ParentRunner.java:236)
	at org.junit.runners.ParentRunner.access$000(ParentRunner.java:53)
	at org.junit.runners.ParentRunner$2.evaluate(ParentRunner.java:229)
	at org.junit.runners.ParentRunner.run(ParentRunner.java:309)
	at org.apache.maven.surefire.junit4.JUnit4Provider.execute(JUnit4Provider.java:365)
	at org.apache.maven.surefire.junit4.JUnit4Provider.executeWithRerun(JUnit4Provider.java:273)
	at org.apache.maven.surefire.junit4.JUnit4Provider.executeTestSet(JUnit4Provider.java:238)
	at org.apache.maven.surefire.junit4.JUnit4Provider.invoke(JUnit4Provider.java:159)
	at org.apache.maven.surefire.booter.ForkedBooter.invokeProviderInSameClassLoader(ForkedBooter.java:384)
	at org.apache.maven.surefire.booter.ForkedBooter.runSuitesInProcess(ForkedBooter.java:345)
	at org.apache.maven.surefire.booter.ForkedBooter.execute(ForkedBooter.java:126)
	at org.apache.maven.surefire.booter.ForkedBooter.main(ForkedBooter.java:418)
2019-10-08 03:43:48,557 [main] INFO  ozone.MiniOzoneClusterImpl (MiniOzoneClusterImpl.java:shutdown(314)) - Shutting down the Mini Ozone Cluster
2019-10-08 03:43:48,557 [main] INFO  ozone.MiniOzoneClusterImpl (MiniOzoneClusterImpl.java:stop(330)) - Stopping the Mini Ozone Cluster
2019-10-08 03:43:48,557 [main] INFO  ozone.MiniOzoneClusterImpl (MiniOzoneClusterImpl.java:stopOM(400)) - Stopping the OzoneManager
2019-10-08 03:43:48,557 [main] INFO  ipc.Server (Server.java:stop(3082)) - Stopping server on 36099
2019-10-08 03:43:48,568 [IPC Server listener on 36099] INFO  ipc.Server (Server.java:run(1185)) - Stopping IPC Server listener on 36099
2019-10-08 03:43:48,568 [main] INFO  ratis.OzoneManagerDoubleBuffer (OzoneManagerDoubleBuffer.java:stop(248)) - Stopping OMDoubleBuffer flush thread
2019-10-08 03:43:48,572 [IPC Server Responder] INFO  ipc.Server (Server.java:run(1319)) - Stopping IPC Server Responder
2019-10-08 03:43:48,576 [OMDoubleBufferFlushThread] INFO  ratis.OzoneManagerDoubleBuffer (OzoneManagerDoubleBuffer.java:flushTransactions(191)) - OMDoubleBuffer flush thread OMDoubleBufferFlushThread is interrupted and will exit. OMDoubleBufferFlushThread
2019-10-08 03:43:48,581 [main] INFO  utils.BackgroundService (BackgroundService.java:shutdown(148)) - Shutting down service KeyDeletingService
2019-10-08 03:43:48,592 [main] INFO  handler.ContextHandler (ContextHandler.java:doStop(910)) - Stopped o.e.j.w.WebAppContext@660591fb{/,null,UNAVAILABLE}{/ozoneManager}
2019-10-08 03:43:48,593 [main] INFO  server.AbstractConnector (AbstractConnector.java:doStop(318)) - Stopped ServerConnector@4a55a6e8{HTTP/1.1,[http/1.1]}{0.0.0.0:0}
2019-10-08 03:43:48,594 [main] INFO  handler.ContextHandler (ContextHandler.java:doStop(910)) - Stopped o.e.j.s.ServletContextHandler@2032e725{/static,file:///workdir/hadoop-ozone/integration-test/target/test-classes/webapps/static,UNAVAILABLE}
2019-10-08 03:43:48,594 [main] INFO  handler.ContextHandler (ContextHandler.java:doStop(910)) - Stopped o.e.j.s.ServletContextHandler@3eed0f5{/logs,file:///workdir/hadoop-ozone/integration-test/target/log,UNAVAILABLE}
2019-10-08 03:43:48,598 [main] INFO  ozone.MiniOzoneClusterImpl (MiniOzoneClusterImpl.java:stopDatanodes(377)) - Stopping the HddsDatanodes
2019-10-08 03:43:49,262 [Datanode State Machine Thread - 0] INFO  statemachine.DatanodeStateMachine (DatanodeStateMachine.java:lambda$startDaemon$0(350)) - Ozone container server started.
2019-10-08 03:43:49,262 [Datanode State Machine Thread - 0] INFO  statemachine.DatanodeStateMachine (DatanodeStateMachine.java:lambda$startDaemon$0(350)) - Ozone container server started.
2019-10-08 03:43:53,322 [EventQueue-StaleNodeForStaleNodeHandler] INFO  node.StaleNodeHandler (StaleNodeHandler.java:onMessage(58)) - Datanode 0d9c9caf-a10d-4dbf-84ca-13e0af47996f{ip: 192.168.151.83, host: pr-hdds-2217-jqnfv-3133698562, networkLocation: /default-rack, certSerialId: null} moved to stale state. Finalizing its pipelines [PipelineID=ac2e668f-ecc5-4bd2-a52a-8ff0358b77c4, PipelineID=d3c8b4c3-c2f3-447a-9a15-99a017148508]
2019-10-08 03:43:53,323 [EventQueue-StaleNodeForStaleNodeHandler] INFO  pipeline.SCMPipelineManager (SCMPipelineManager.java:finalizeAndDestroyPipeline(315)) - destroying pipeline:Pipeline[ Id: ac2e668f-ecc5-4bd2-a52a-8ff0358b77c4, Nodes: 0d9c9caf-a10d-4dbf-84ca-13e0af47996f{ip: 192.168.151.83, host: pr-hdds-2217-jqnfv-3133698562, networkLocation: /default-rack, certSerialId: null}, Type:RATIS, Factor:ONE, State:OPEN]
2019-10-08 03:43:53,324 [EventQueue-StaleNodeForStaleNodeHandler] INFO  pipeline.PipelineStateManager (PipelineStateManager.java:finalizePipeline(123)) - Pipeline Pipeline[ Id: ac2e668f-ecc5-4bd2-a52a-8ff0358b77c4, Nodes: 0d9c9caf-a10d-4dbf-84ca-13e0af47996f{ip: 192.168.151.83, host: pr-hdds-2217-jqnfv-3133698562, networkLocation: /default-rack, certSerialId: null}, Type:RATIS, Factor:ONE, State:CLOSED] moved to CLOSED state
2019-10-08 03:43:53,324 [EventQueue-StaleNodeForStaleNodeHandler] INFO  pipeline.SCMPipelineManager (SCMPipelineManager.java:finalizeAndDestroyPipeline(315)) - destroying pipeline:Pipeline[ Id: d3c8b4c3-c2f3-447a-9a15-99a017148508, Nodes: 0d9c9caf-a10d-4dbf-84ca-13e0af47996f{ip: 192.168.151.83, host: pr-hdds-2217-jqnfv-3133698562, networkLocation: /default-rack, certSerialId: null}04caef7c-ddb6-4702-809f-1a73204ea274{ip: 192.168.151.83, host: pr-hdds-2217-jqnfv-3133698562, networkLocation: /default-rack, certSerialId: null}140d7c2d-6527-405c-b465-1b1d8cb4b4a3{ip: 192.168.151.83, host: pr-hdds-2217-jqnfv-3133698562, networkLocation: /default-rack, certSerialId: null}, Type:RATIS, Factor:THREE, State:OPEN]
2019-10-08 03:43:53,324 [EventQueue-StaleNodeForStaleNodeHandler] INFO  pipeline.PipelineStateManager (PipelineStateManager.java:finalizePipeline(123)) - Pipeline Pipeline[ Id: d3c8b4c3-c2f3-447a-9a15-99a017148508, Nodes: 0d9c9caf-a10d-4dbf-84ca-13e0af47996f{ip: 192.168.151.83, host: pr-hdds-2217-jqnfv-3133698562, networkLocation: /default-rack, certSerialId: null}04caef7c-ddb6-4702-809f-1a73204ea274{ip: 192.168.151.83, host: pr-hdds-2217-jqnfv-3133698562, networkLocation: /default-rack, certSerialId: null}140d7c2d-6527-405c-b465-1b1d8cb4b4a3{ip: 192.168.151.83, host: pr-hdds-2217-jqnfv-3133698562, networkLocation: /default-rack, certSerialId: null}, Type:RATIS, Factor:THREE, State:CLOSED] moved to CLOSED state
2019-10-08 03:43:53,325 [EventQueue-StaleNodeForStaleNodeHandler] INFO  node.StaleNodeHandler (StaleNodeHandler.java:onMessage(58)) - Datanode 04caef7c-ddb6-4702-809f-1a73204ea274{ip: 192.168.151.83, host: pr-hdds-2217-jqnfv-3133698562, networkLocation: /default-rack, certSerialId: null} moved to stale state. Finalizing its pipelines [PipelineID=d3cbb526-6ec6-42d9-a64b-4857a8285dd7, PipelineID=d3c8b4c3-c2f3-447a-9a15-99a017148508]
2019-10-08 03:43:53,325 [EventQueue-CloseContainerForCloseContainerEventHandler] INFO  container.CloseContainerEventHandler (CloseContainerEventHandler.java:onMessage(61)) - Close container Event triggered for container : #2
2019-10-08 03:43:53,331 [EventQueue-StaleNodeForStaleNodeHandler] INFO  pipeline.SCMPipelineManager (SCMPipelineManager.java:finalizeAndDestroyPipeline(315)) - destroying pipeline:Pipeline[ Id: d3cbb526-6ec6-42d9-a64b-4857a8285dd7, Nodes: 04caef7c-ddb6-4702-809f-1a73204ea274{ip: 192.168.151.83, host: pr-hdds-2217-jqnfv-3133698562, networkLocation: /default-rack, certSerialId: null}, Type:RATIS, Factor:ONE, State:OPEN]
2019-10-08 03:43:53,331 [EventQueue-StaleNodeForStaleNodeHandler] INFO  pipeline.PipelineStateManager (PipelineStateManager.java:finalizePipeline(123)) - Pipeline Pipeline[ Id: d3cbb526-6ec6-42d9-a64b-4857a8285dd7, Nodes: 04caef7c-ddb6-4702-809f-1a73204ea274{ip: 192.168.151.83, host: pr-hdds-2217-jqnfv-3133698562, networkLocation: /default-rack, certSerialId: null}, Type:RATIS, Factor:ONE, State:CLOSED] moved to CLOSED state
2019-10-08 03:43:53,331 [EventQueue-StaleNodeForStaleNodeHandler] INFO  pipeline.SCMPipelineManager (SCMPipelineManager.java:finalizeAndDestroyPipeline(315)) - destroying pipeline:Pipeline[ Id: d3c8b4c3-c2f3-447a-9a15-99a017148508, Nodes: 0d9c9caf-a10d-4dbf-84ca-13e0af47996f{ip: 192.168.151.83, host: pr-hdds-2217-jqnfv-3133698562, networkLocation: /default-rack, certSerialId: null}04caef7c-ddb6-4702-809f-1a73204ea274{ip: 192.168.151.83, host: pr-hdds-2217-jqnfv-3133698562, networkLocation: /default-rack, certSerialId: null}140d7c2d-6527-405c-b465-1b1d8cb4b4a3{ip: 192.168.151.83, host: pr-hdds-2217-jqnfv-3133698562, networkLocation: /default-rack, certSerialId: null}, Type:RATIS, Factor:THREE, State:CLOSED]
2019-10-08 03:43:53,600 [main] INFO  ozoneimpl.OzoneContainer (OzoneContainer.java:stop(227)) - Attempting to stop container services.
2019-10-08 03:43:53,600 [ForkJoinPool.commonPool-worker-1] INFO  ozoneimpl.OzoneContainer (OzoneContainer.java:stop(227)) - Attempting to stop container services.
2019-10-08 03:43:53,604 [ForkJoinPool.commonPool-worker-1] INFO  impl.RaftServerProxy (RaftServerProxy.java:lambda$close$4(314)) - 0d9c9caf-a10d-4dbf-84ca-13e0af47996f: close
2019-10-08 03:43:53,605 [main] INFO  impl.RaftServerProxy (RaftServerProxy.java:lambda$close$4(314)) - 04caef7c-ddb6-4702-809f-1a73204ea274: close
2019-10-08 03:43:53,605 [ForkJoinPool.commonPool-worker-1] INFO  impl.RaftServerImpl (RaftServerImpl.java:lambda$shutdown$3(247)) - 0d9c9caf-a10d-4dbf-84ca-13e0af47996f@group-8FF0358B77C4: shutdown
2019-10-08 03:43:53,605 [main] INFO  impl.RaftServerImpl (RaftServerImpl.java:lambda$shutdown$3(247)) - 04caef7c-ddb6-4702-809f-1a73204ea274@group-4857A8285DD7: shutdown
2019-10-08 03:43:53,605 [ForkJoinPool.commonPool-worker-1] INFO  util.JmxRegister (JmxRegister.java:unregister(73)) - Successfully un-registered JMX Bean with object name Ratis:service=RaftServer,group=group-8FF0358B77C4,id=0d9c9caf-a10d-4dbf-84ca-13e0af47996f
2019-10-08 03:43:53,606 [main] INFO  util.JmxRegister (JmxRegister.java:unregister(73)) - Successfully un-registered JMX Bean with object name Ratis:service=RaftServer,group=group-4857A8285DD7,id=04caef7c-ddb6-4702-809f-1a73204ea274
2019-10-08 03:43:53,606 [ForkJoinPool.commonPool-worker-1] INFO  impl.RoleInfo (RoleInfo.java:shutdownLeaderState(104)) - 0d9c9caf-a10d-4dbf-84ca-13e0af47996f: shutdown LeaderState
2019-10-08 03:43:53,606 [main] INFO  impl.RoleInfo (RoleInfo.java:shutdownLeaderState(104)) - 04caef7c-ddb6-4702-809f-1a73204ea274: shutdown LeaderState
2019-10-08 03:43:53,607 [ForkJoinPool.commonPool-worker-1] INFO  impl.PendingRequests (PendingRequests.java:sendNotLeaderResponses(202)) - 0d9c9caf-a10d-4dbf-84ca-13e0af47996f@group-8FF0358B77C4-PendingRequests: sendNotLeaderResponses
2019-10-08 03:43:53,608 [main] INFO  impl.PendingRequests (PendingRequests.java:sendNotLeaderResponses(202)) - 04caef7c-ddb6-4702-809f-1a73204ea274@group-4857A8285DD7-PendingRequests: sendNotLeaderResponses
2019-10-08 03:43:53,609 [ForkJoinPool.commonPool-worker-1] INFO  impl.StateMachineUpdater (StateMachineUpdater.java:stopAndJoin(136)) - 0d9c9caf-a10d-4dbf-84ca-13e0af47996f@group-8FF0358B77C4-StateMachineUpdater: set stopIndex = 0
2019-10-08 03:43:53,609 [main] INFO  impl.StateMachineUpdater (StateMachineUpdater.java:stopAndJoin(136)) - 04caef7c-ddb6-4702-809f-1a73204ea274@group-4857A8285DD7-StateMachineUpdater: set stopIndex = 0
2019-10-08 03:43:53,609 [ForkJoinPool.commonPool-worker-1] INFO  impl.RaftServerImpl (ServerState.java:close(387)) - 0d9c9caf-a10d-4dbf-84ca-13e0af47996f@group-8FF0358B77C4: closes. applyIndex: 0
2019-10-08 03:43:53,609 [main] INFO  impl.RaftServerImpl (ServerState.java:close(387)) - 04caef7c-ddb6-4702-809f-1a73204ea274@group-4857A8285DD7: closes. applyIndex: 0
2019-10-08 03:43:53,610 [0d9c9caf-a10d-4dbf-84ca-13e0af47996f@group-8FF0358B77C4-SegmentedRaftLogWorker] INFO  segmented.SegmentedRaftLogWorker (SegmentedRaftLogWorker.java:run(316)) - 0d9c9caf-a10d-4dbf-84ca-13e0af47996f@group-8FF0358B77C4-SegmentedRaftLogWorker was interrupted, exiting. There are 0 tasks remaining in the queue.
2019-10-08 03:43:53,610 [04caef7c-ddb6-4702-809f-1a73204ea274@group-4857A8285DD7-SegmentedRaftLogWorker] INFO  segmented.SegmentedRaftLogWorker (SegmentedRaftLogWorker.java:run(316)) - 04caef7c-ddb6-4702-809f-1a73204ea274@group-4857A8285DD7-SegmentedRaftLogWorker was interrupted, exiting. There are 0 tasks remaining in the queue.
2019-10-08 03:43:53,612 [ForkJoinPool.commonPool-worker-1] INFO  segmented.SegmentedRaftLogWorker (SegmentedRaftLogWorker.java:close(224)) - 0d9c9caf-a10d-4dbf-84ca-13e0af47996f@group-8FF0358B77C4-SegmentedRaftLogWorker close()
2019-10-08 03:43:53,612 [main] INFO  segmented.SegmentedRaftLogWorker (SegmentedRaftLogWorker.java:close(224)) - 04caef7c-ddb6-4702-809f-1a73204ea274@group-4857A8285DD7-SegmentedRaftLogWorker close()
2019-10-08 03:43:53,616 [ForkJoinPool.commonPool-worker-1] INFO  impl.RaftServerImpl (RaftServerImpl.java:lambda$shutdown$3(247)) - 0d9c9caf-a10d-4dbf-84ca-13e0af47996f@group-99A017148508: shutdown
2019-10-08 03:43:53,618 [main] INFO  impl.RaftServerImpl (RaftServerImpl.java:lambda$shutdown$3(247)) - 04caef7c-ddb6-4702-809f-1a73204ea274@group-99A017148508: shutdown
2019-10-08 03:43:53,618 [ForkJoinPool.commonPool-worker-1] INFO  util.JmxRegister (JmxRegister.java:unregister(73)) - Successfully un-registered JMX Bean with object name Ratis:service=RaftServer,group=group-99A017148508,id=0d9c9caf-a10d-4dbf-84ca-13e0af47996f
2019-10-08 03:43:53,619 [main] INFO  util.JmxRegister (JmxRegister.java:unregister(73)) - Successfully un-registered JMX Bean with object name Ratis:service=RaftServer,group=group-99A017148508,id=04caef7c-ddb6-4702-809f-1a73204ea274
2019-10-08 03:43:53,619 [main] INFO  impl.RoleInfo (RoleInfo.java:shutdownFollowerState(121)) - 04caef7c-ddb6-4702-809f-1a73204ea274: shutdown FollowerState
2019-10-08 03:43:53,619 [ForkJoinPool.commonPool-worker-1] INFO  impl.RoleInfo (RoleInfo.java:shutdownFollowerState(121)) - 0d9c9caf-a10d-4dbf-84ca-13e0af47996f: shutdown FollowerState
2019-10-08 03:43:53,620 [04caef7c-ddb6-4702-809f-1a73204ea274@group-99A017148508-StateMachineUpdater] INFO  ratis.ContainerStateMachine (ContainerStateMachine.java:takeSnapshot(294)) - group-99A017148508: Taking a snapshot at:(t:1, i:12) file /workdir/hadoop-ozone/integration-test/target/test-dir/MiniOzoneClusterImpl-803a9bc2-2fef-4080-b053-fc887ab92aa0/datanode-4/data/ratis/d3c8b4c3-c2f3-447a-9a15-99a017148508/sm/snapshot.1_12
2019-10-08 03:43:53,620 [Thread-309] INFO  impl.FollowerState (FollowerState.java:run(117)) - 04caef7c-ddb6-4702-809f-1a73204ea274@group-99A017148508-FollowerState was interrupted: java.lang.InterruptedException: sleep interrupted
2019-10-08 03:43:53,620 [main] INFO  impl.StateMachineUpdater (StateMachineUpdater.java:stopAndJoin(136)) - 04caef7c-ddb6-4702-809f-1a73204ea274@group-99A017148508-StateMachineUpdater: set stopIndex = 15
2019-10-08 03:43:53,620 [0d9c9caf-a10d-4dbf-84ca-13e0af47996f@group-99A017148508-StateMachineUpdater] INFO  ratis.ContainerStateMachine (ContainerStateMachine.java:takeSnapshot(294)) - group-99A017148508: Taking a snapshot at:(t:1, i:15) file /workdir/hadoop-ozone/integration-test/target/test-dir/MiniOzoneClusterImpl-803a9bc2-2fef-4080-b053-fc887ab92aa0/datanode-1/data/ratis/d3c8b4c3-c2f3-447a-9a15-99a017148508/sm/snapshot.1_15
2019-10-08 03:43:53,620 [Thread-316] INFO  impl.FollowerState (FollowerState.java:run(117)) - 0d9c9caf-a10d-4dbf-84ca-13e0af47996f@group-99A017148508-FollowerState was interrupted: java.lang.InterruptedException: sleep interrupted
2019-10-08 03:43:53,620 [ForkJoinPool.commonPool-worker-1] INFO  impl.StateMachineUpdater (StateMachineUpdater.java:stopAndJoin(136)) - 0d9c9caf-a10d-4dbf-84ca-13e0af47996f@group-99A017148508-StateMachineUpdater: set stopIndex = 15
2019-10-08 03:43:53,645 [0d9c9caf-a10d-4dbf-84ca-13e0af47996f@group-99A017148508-StateMachineUpdater] INFO  ratis.ContainerStateMachine (ContainerStateMachine.java:takeSnapshot(305)) - group-99A017148508: Finished taking a snapshot at:(t:1, i:15) file:/workdir/hadoop-ozone/integration-test/target/test-dir/MiniOzoneClusterImpl-803a9bc2-2fef-4080-b053-fc887ab92aa0/datanode-1/data/ratis/d3c8b4c3-c2f3-447a-9a15-99a017148508/sm/snapshot.1_15 time:25
2019-10-08 03:43:53,645 [04caef7c-ddb6-4702-809f-1a73204ea274@group-99A017148508-StateMachineUpdater] INFO  ratis.ContainerStateMachine (ContainerStateMachine.java:takeSnapshot(305)) - group-99A017148508: Finished taking a snapshot at:(t:1, i:12) file:/workdir/hadoop-ozone/integration-test/target/test-dir/MiniOzoneClusterImpl-803a9bc2-2fef-4080-b053-fc887ab92aa0/datanode-4/data/ratis/d3c8b4c3-c2f3-447a-9a15-99a017148508/sm/snapshot.1_12 time:25
2019-10-08 03:43:53,645 [04caef7c-ddb6-4702-809f-1a73204ea274@group-99A017148508-StateMachineUpdater] INFO  impl.StateMachineUpdater (StateMachineUpdater.java:takeSnapshot(269)) - 04caef7c-ddb6-4702-809f-1a73204ea274@group-99A017148508-StateMachineUpdater: Took a snapshot at index 12
2019-10-08 03:43:53,645 [0d9c9caf-a10d-4dbf-84ca-13e0af47996f@group-99A017148508-StateMachineUpdater] INFO  impl.StateMachineUpdater (StateMachineUpdater.java:takeSnapshot(269)) - 0d9c9caf-a10d-4dbf-84ca-13e0af47996f@group-99A017148508-StateMachineUpdater: Took a snapshot at index 15
2019-10-08 03:43:53,646 [04caef7c-ddb6-4702-809f-1a73204ea274@group-99A017148508-StateMachineUpdater] INFO  impl.StateMachineUpdater (StateMachineUpdater.java:lambda$new$0(84)) - 04caef7c-ddb6-4702-809f-1a73204ea274@group-99A017148508-StateMachineUpdater: snapshotIndex: updateIncreasingly -1 -> 12
2019-10-08 03:43:53,646 [0d9c9caf-a10d-4dbf-84ca-13e0af47996f@group-99A017148508-StateMachineUpdater] INFO  impl.StateMachineUpdater (StateMachineUpdater.java:lambda$new$0(84)) - 0d9c9caf-a10d-4dbf-84ca-13e0af47996f@group-99A017148508-StateMachineUpdater: snapshotIndex: updateIncreasingly -1 -> 15
2019-10-08 03:43:53,646 [04caef7c-ddb6-4702-809f-1a73204ea274@group-99A017148508-StateMachineUpdater] INFO  ratis.ContainerStateMachine (ContainerStateMachine.java:takeSnapshot(294)) - group-99A017148508: Taking a snapshot at:(t:1, i:12) file /workdir/hadoop-ozone/integration-test/target/test-dir/MiniOzoneClusterImpl-803a9bc2-2fef-4080-b053-fc887ab92aa0/datanode-4/data/ratis/d3c8b4c3-c2f3-447a-9a15-99a017148508/sm/snapshot.1_12
2019-10-08 03:43:53,646 [ForkJoinPool.commonPool-worker-1] INFO  impl.RaftServerImpl (ServerState.java:close(387)) - 0d9c9caf-a10d-4dbf-84ca-13e0af47996f@group-99A017148508: closes. applyIndex: 15
2019-10-08 03:43:53,647 [0d9c9caf-a10d-4dbf-84ca-13e0af47996f@group-99A017148508-SegmentedRaftLogWorker] INFO  segmented.SegmentedRaftLogWorker (SegmentedRaftLogWorker.java:run(316)) - 0d9c9caf-a10d-4dbf-84ca-13e0af47996f@group-99A017148508-SegmentedRaftLogWorker was interrupted, exiting. There are 0 tasks remaining in the queue.
2019-10-08 03:43:53,649 [ForkJoinPool.commonPool-worker-1] INFO  segmented.SegmentedRaftLogWorker (SegmentedRaftLogWorker.java:close(224)) - 0d9c9caf-a10d-4dbf-84ca-13e0af47996f@group-99A017148508-SegmentedRaftLogWorker close()
2019-10-08 03:43:53,652 [ForkJoinPool.commonPool-worker-1] INFO  server.GrpcService (GrpcService.java:closeImpl(164)) - 0d9c9caf-a10d-4dbf-84ca-13e0af47996f: shutdown server with port 34616 now
2019-10-08 03:43:53,657 [ForkJoinPool.commonPool-worker-1] INFO  server.GrpcService (GrpcService.java:closeImpl(172)) - 0d9c9caf-a10d-4dbf-84ca-13e0af47996f: shutdown server with port 34616 successfully
2019-10-08 03:43:53,657 [grpc-default-executor-3] WARN  server.GrpcLogAppender (LogUtils.java:warn(134)) - 140d7c2d-6527-405c-b465-1b1d8cb4b4a3@group-99A017148508->0d9c9caf-a10d-4dbf-84ca-13e0af47996f-AppendLogResponseHandler: Failed appendEntries: org.apache.ratis.thirdparty.io.grpc.StatusRuntimeException: CANCELLED: HTTP/2 error code: CANCEL
Received Rst Stream
2019-10-08 03:43:53,658 [grpc-default-executor-4] WARN  server.GrpcServerProtocolService (LogUtils.java:warn(134)) - 0d9c9caf-a10d-4dbf-84ca-13e0af47996f: installSnapshot onError, lastRequest: 140d7c2d-6527-405c-b465-1b1d8cb4b4a3->0d9c9caf-a10d-4dbf-84ca-13e0af47996f#48-t1, previous=(t:1, i:15), leaderCommit=15, initializing? false, entries: <empty>: org.apache.ratis.thirdparty.io.grpc.StatusRuntimeException: CANCELLED: cancelled before receiving half close
2019-10-08 03:43:53,660 [grpc-default-executor-3] INFO  impl.FollowerInfo (FollowerInfo.java:lambda$new$0(51)) - 140d7c2d-6527-405c-b465-1b1d8cb4b4a3@group-99A017148508->0d9c9caf-a10d-4dbf-84ca-13e0af47996f: nextIndex: updateUnconditionally 16 -> 15
2019-10-08 03:43:53,679 [refreshUsed-/workdir/hadoop-ozone/integration-test/target/test-dir/MiniOzoneClusterImpl-803a9bc2-2fef-4080-b053-fc887ab92aa0/datanode-1/data/containers] WARN  fs.CachingGetSpaceUsed (CachingGetSpaceUsed.java:run(183)) - Thread Interrupted waiting to refresh disk information: sleep interrupted
2019-10-08 03:43:53,679 [04caef7c-ddb6-4702-809f-1a73204ea274@group-99A017148508-StateMachineUpdater] INFO  ratis.ContainerStateMachine (ContainerStateMachine.java:takeSnapshot(305)) - group-99A017148508: Finished taking a snapshot at:(t:1, i:12) file:/workdir/hadoop-ozone/integration-test/target/test-dir/MiniOzoneClusterImpl-803a9bc2-2fef-4080-b053-fc887ab92aa0/datanode-4/data/ratis/d3c8b4c3-c2f3-447a-9a15-99a017148508/sm/snapshot.1_12 time:33
2019-10-08 03:43:53,679 [04caef7c-ddb6-4702-809f-1a73204ea274@group-99A017148508-StateMachineUpdater] INFO  impl.StateMachineUpdater (StateMachineUpdater.java:takeSnapshot(269)) - 04caef7c-ddb6-4702-809f-1a73204ea274@group-99A017148508-StateMachineUpdater: Took a snapshot at index 12
2019-10-08 03:43:53,679 [04caef7c-ddb6-4702-809f-1a73204ea274@group-99A017148508-StateMachineUpdater] INFO  impl.StateMachineUpdater (StateMachineUpdater.java:lambda$new$0(84)) - 04caef7c-ddb6-4702-809f-1a73204ea274@group-99A017148508-StateMachineUpdater: snapshotIndex: updateIncreasingly 12 -> 12
2019-10-08 03:43:53,680 [main] INFO  impl.RaftServerImpl (ServerState.java:close(387)) - 04caef7c-ddb6-4702-809f-1a73204ea274@group-99A017148508: closes. applyIndex: 15
2019-10-08 03:43:53,680 [04caef7c-ddb6-4702-809f-1a73204ea274@group-99A017148508-SegmentedRaftLogWorker] INFO  segmented.SegmentedRaftLogWorker (SegmentedRaftLogWorker.java:run(316)) - 04caef7c-ddb6-4702-809f-1a73204ea274@group-99A017148508-SegmentedRaftLogWorker was interrupted, exiting. There are 0 tasks remaining in the queue.
2019-10-08 03:43:53,682 [main] INFO  segmented.SegmentedRaftLogWorker (SegmentedRaftLogWorker.java:close(224)) - 04caef7c-ddb6-4702-809f-1a73204ea274@group-99A017148508-SegmentedRaftLogWorker close()
2019-10-08 03:43:53,685 [main] INFO  server.GrpcService (GrpcService.java:closeImpl(164)) - 04caef7c-ddb6-4702-809f-1a73204ea274: shutdown server with port 39172 now
2019-10-08 03:43:53,686 [grpc-default-executor-3] WARN  server.GrpcServerProtocolService (LogUtils.java:warn(134)) - 04caef7c-ddb6-4702-809f-1a73204ea274: installSnapshot onError, lastRequest: 140d7c2d-6527-405c-b465-1b1d8cb4b4a3->04caef7c-ddb6-4702-809f-1a73204ea274#48-t1, previous=(t:1, i:15), leaderCommit=15, initializing? false, entries: <empty>: org.apache.ratis.thirdparty.io.grpc.StatusRuntimeException: CANCELLED: cancelled before receiving half close
2019-10-08 03:43:53,686 [main] INFO  server.GrpcService (GrpcService.java:closeImpl(172)) - 04caef7c-ddb6-4702-809f-1a73204ea274: shutdown server with port 39172 successfully
2019-10-08 03:43:53,689 [grpc-default-executor-0] WARN  server.GrpcLogAppender (LogUtils.java:warn(134)) - 140d7c2d-6527-405c-b465-1b1d8cb4b4a3@group-99A017148508->04caef7c-ddb6-4702-809f-1a73204ea274-AppendLogResponseHandler: Failed appendEntries: org.apache.ratis.thirdparty.io.grpc.StatusRuntimeException: CANCELLED: HTTP/2 error code: CANCEL
Received Rst Stream
2019-10-08 03:43:53,690 [grpc-default-executor-0] INFO  impl.FollowerInfo (FollowerInfo.java:lambda$new$0(51)) - 140d7c2d-6527-405c-b465-1b1d8cb4b4a3@group-99A017148508->04caef7c-ddb6-4702-809f-1a73204ea274: nextIndex: updateUnconditionally 16 -> 15
2019-10-08 03:43:53,695 [refreshUsed-/workdir/hadoop-ozone/integration-test/target/test-dir/MiniOzoneClusterImpl-803a9bc2-2fef-4080-b053-fc887ab92aa0/datanode-4/data/containers] WARN  fs.CachingGetSpaceUsed (CachingGetSpaceUsed.java:run(183)) - Thread Interrupted waiting to refresh disk information: sleep interrupted
2019-10-08 03:43:53,711 [main] INFO  utils.BackgroundService (BackgroundService.java:shutdown(148)) - Shutting down service BlockDeletingService
2019-10-08 03:43:53,715 [main] INFO  statemachine.DatanodeStateMachine (DatanodeStateMachine.java:stopDaemon(395)) - Ozone container server stopped.
2019-10-08 03:43:53,717 [main] INFO  handler.ContextHandler (ContextHandler.java:doStop(910)) - Stopped o.e.j.w.WebAppContext@2f5b8250{/,null,UNAVAILABLE}{/hddsDatanode}
2019-10-08 03:43:53,717 [ForkJoinPool.commonPool-worker-1] INFO  utils.BackgroundService (BackgroundService.java:shutdown(148)) - Shutting down service BlockDeletingService
2019-10-08 03:43:53,720 [main] INFO  server.AbstractConnector (AbstractConnector.java:doStop(318)) - Stopped ServerConnector@4821aa9f{HTTP/1.1,[http/1.1]}{0.0.0.0:0}
2019-10-08 03:43:53,721 [ForkJoinPool.commonPool-worker-1] INFO  statemachine.DatanodeStateMachine (DatanodeStateMachine.java:stopDaemon(395)) - Ozone container server stopped.
2019-10-08 03:43:53,724 [main] INFO  handler.ContextHandler (ContextHandler.java:doStop(910)) - Stopped o.e.j.s.ServletContextHandler@372ca2d6{/static,jar:file:/home/user/.m2/repository/org/apache/hadoop/hadoop-hdds-container-service/0.5.0-SNAPSHOT/hadoop-hdds-container-service-0.5.0-SNAPSHOT.jar!/webapps/static,UNAVAILABLE}
2019-10-08 03:43:53,725 [ForkJoinPool.commonPool-worker-1] INFO  handler.ContextHandler (ContextHandler.java:doStop(910)) - Stopped o.e.j.w.WebAppContext@7fe82967{/,null,UNAVAILABLE}{/hddsDatanode}
2019-10-08 03:43:53,726 [main] INFO  handler.ContextHandler (ContextHandler.java:doStop(910)) - Stopped o.e.j.s.ServletContextHandler@2f84acf7{/logs,file:///workdir/hadoop-ozone/integration-test/target/log,UNAVAILABLE}
2019-10-08 03:43:53,726 [ForkJoinPool.commonPool-worker-1] INFO  server.AbstractConnector (AbstractConnector.java:doStop(318)) - Stopped ServerConnector@50850539{HTTP/1.1,[http/1.1]}{0.0.0.0:0}
2019-10-08 03:43:53,727 [ForkJoinPool.commonPool-worker-1] INFO  handler.ContextHandler (ContextHandler.java:doStop(910)) - Stopped o.e.j.s.ServletContextHandler@7ceb4478{/static,jar:file:/home/user/.m2/repository/org/apache/hadoop/hadoop-hdds-container-service/0.5.0-SNAPSHOT/hadoop-hdds-container-service-0.5.0-SNAPSHOT.jar!/webapps/static,UNAVAILABLE}
2019-10-08 03:43:53,729 [ForkJoinPool.commonPool-worker-1] INFO  handler.ContextHandler (ContextHandler.java:doStop(910)) - Stopped o.e.j.s.ServletContextHandler@77bbadc{/logs,file:///workdir/hadoop-ozone/integration-test/target/log,UNAVAILABLE}
2019-10-08 03:43:54,052 [grpc-default-executor-4] WARN  server.GrpcLogAppender (LogUtils.java:warn(134)) - 140d7c2d-6527-405c-b465-1b1d8cb4b4a3@group-99A017148508->04caef7c-ddb6-4702-809f-1a73204ea274-AppendLogResponseHandler: Failed appendEntries: org.apache.ratis.thirdparty.io.grpc.StatusRuntimeException: UNAVAILABLE: io exception
2019-10-08 03:43:54,052 [grpc-default-executor-6] WARN  server.GrpcLogAppender (LogUtils.java:warn(134)) - 140d7c2d-6527-405c-b465-1b1d8cb4b4a3@group-99A017148508->0d9c9caf-a10d-4dbf-84ca-13e0af47996f-AppendLogResponseHandler: Failed appendEntries: org.apache.ratis.thirdparty.io.grpc.StatusRuntimeException: UNAVAILABLE: io exception
2019-10-08 03:43:54,053 [grpc-default-executor-4] INFO  impl.FollowerInfo (FollowerInfo.java:lambda$new$0(51)) - 140d7c2d-6527-405c-b465-1b1d8cb4b4a3@group-99A017148508->04caef7c-ddb6-4702-809f-1a73204ea274: nextIndex: updateUnconditionally 15 -> 14
2019-10-08 03:43:54,053 [grpc-default-executor-6] INFO  impl.FollowerInfo (FollowerInfo.java:lambda$new$0(51)) - 140d7c2d-6527-405c-b465-1b1d8cb4b4a3@group-99A017148508->0d9c9caf-a10d-4dbf-84ca-13e0af47996f: nextIndex: updateUnconditionally 15 -> 14
2019-10-08 03:43:54,262 [Datanode State Machine Thread - 0] INFO  statemachine.DatanodeStateMachine (DatanodeStateMachine.java:lambda$startDaemon$0(350)) - Ozone container server started.
2019-10-08 03:43:54,472 [Datanode State Machine Thread - 0] INFO  statemachine.DatanodeStateMachine (DatanodeStateMachine.java:lambda$startDaemon$0(350)) - Ozone container server started.
2019-10-08 03:43:56,556 [grpc-default-executor-3] WARN  server.GrpcLogAppender (LogUtils.java:warn(134)) - 140d7c2d-6527-405c-b465-1b1d8cb4b4a3@group-99A017148508->04caef7c-ddb6-4702-809f-1a73204ea274-AppendLogResponseHandler: Failed appendEntries: org.apache.ratis.thirdparty.io.grpc.StatusRuntimeException: UNAVAILABLE: io exception
2019-10-08 03:43:56,557 [grpc-default-executor-7] WARN  server.GrpcLogAppender (LogUtils.java:warn(134)) - 140d7c2d-6527-405c-b465-1b1d8cb4b4a3@group-99A017148508->0d9c9caf-a10d-4dbf-84ca-13e0af47996f-AppendLogResponseHandler: Failed appendEntries: org.apache.ratis.thirdparty.io.grpc.StatusRuntimeException: UNAVAILABLE: io exception
2019-10-08 03:43:56,558 [grpc-default-executor-3] INFO  impl.FollowerInfo (FollowerInfo.java:lambda$new$0(51)) - 140d7c2d-6527-405c-b465-1b1d8cb4b4a3@group-99A017148508->04caef7c-ddb6-4702-809f-1a73204ea274: nextIndex: updateUnconditionally 14 -> 13
2019-10-08 03:43:56,558 [grpc-default-executor-7] INFO  impl.FollowerInfo (FollowerInfo.java:lambda$new$0(51)) - 140d7c2d-6527-405c-b465-1b1d8cb4b4a3@group-99A017148508->0d9c9caf-a10d-4dbf-84ca-13e0af47996f: nextIndex: updateUnconditionally 14 -> 13
2019-10-08 03:43:58,330 [EventQueue-StaleNodeForStaleNodeHandler] INFO  node.StaleNodeHandler (StaleNodeHandler.java:onMessage(58)) - Datanode 140d7c2d-6527-405c-b465-1b1d8cb4b4a3{ip: 192.168.151.83, host: pr-hdds-2217-jqnfv-3133698562, networkLocation: /default-rack, certSerialId: null} moved to stale state. Finalizing its pipelines [PipelineID=d3c8b4c3-c2f3-447a-9a15-99a017148508, PipelineID=9fe47071-ab74-4573-8e8a-d977f4b4eca5]
2019-10-08 03:43:58,330 [EventQueue-StaleNodeForStaleNodeHandler] INFO  pipeline.SCMPipelineManager (SCMPipelineManager.java:finalizeAndDestroyPipeline(315)) - destroying pipeline:Pipeline[ Id: d3c8b4c3-c2f3-447a-9a15-99a017148508, Nodes: 0d9c9caf-a10d-4dbf-84ca-13e0af47996f{ip: 192.168.151.83, host: pr-hdds-2217-jqnfv-3133698562, networkLocation: /default-rack, certSerialId: null}04caef7c-ddb6-4702-809f-1a73204ea274{ip: 192.168.151.83, host: pr-hdds-2217-jqnfv-3133698562, networkLocation: /default-rack, certSerialId: null}140d7c2d-6527-405c-b465-1b1d8cb4b4a3{ip: 192.168.151.83, host: pr-hdds-2217-jqnfv-3133698562, networkLocation: /default-rack, certSerialId: null}, Type:RATIS, Factor:THREE, State:CLOSED]
2019-10-08 03:43:58,331 [EventQueue-StaleNodeForStaleNodeHandler] INFO  pipeline.SCMPipelineManager (SCMPipelineManager.java:finalizeAndDestroyPipeline(315)) - destroying pipeline:Pipeline[ Id: 9fe47071-ab74-4573-8e8a-d977f4b4eca5, Nodes: 140d7c2d-6527-405c-b465-1b1d8cb4b4a3{ip: 192.168.151.83, host: pr-hdds-2217-jqnfv-3133698562, networkLocation: /default-rack, certSerialId: null}, Type:RATIS, Factor:ONE, State:OPEN]
2019-10-08 03:43:58,331 [EventQueue-StaleNodeForStaleNodeHandler] INFO  pipeline.PipelineStateManager (PipelineStateManager.java:finalizePipeline(123)) - Pipeline Pipeline[ Id: 9fe47071-ab74-4573-8e8a-d977f4b4eca5, Nodes: 140d7c2d-6527-405c-b465-1b1d8cb4b4a3{ip: 192.168.151.83, host: pr-hdds-2217-jqnfv-3133698562, networkLocation: /default-rack, certSerialId: null}, Type:RATIS, Factor:ONE, State:CLOSED] moved to CLOSED state
2019-10-08 03:43:58,530 [EventQueue-StaleNodeForStaleNodeHandler] INFO  node.StaleNodeHandler (StaleNodeHandler.java:onMessage(58)) - Datanode 25c5b0e6-4311-43a0-b544-52b56a20287f{ip: 192.168.151.83, host: pr-hdds-2217-jqnfv-3133698562, networkLocation: /default-rack, certSerialId: null} moved to stale state. Finalizing its pipelines [PipelineID=5764dd09-dff9-49d9-820a-3274451b44b0]
2019-10-08 03:43:58,530 [EventQueue-StaleNodeForStaleNodeHandler] INFO  pipeline.SCMPipelineManager (SCMPipelineManager.java:finalizeAndDestroyPipeline(315)) - destroying pipeline:Pipeline[ Id: 5764dd09-dff9-49d9-820a-3274451b44b0, Nodes: 25c5b0e6-4311-43a0-b544-52b56a20287f{ip: 192.168.151.83, host: pr-hdds-2217-jqnfv-3133698562, networkLocation: /default-rack, certSerialId: null}, Type:RATIS, Factor:ONE, State:OPEN]
2019-10-08 03:43:58,530 [EventQueue-StaleNodeForStaleNodeHandler] INFO  pipeline.PipelineStateManager (PipelineStateManager.java:finalizePipeline(123)) - Pipeline Pipeline[ Id: 5764dd09-dff9-49d9-820a-3274451b44b0, Nodes: 25c5b0e6-4311-43a0-b544-52b56a20287f{ip: 192.168.151.83, host: pr-hdds-2217-jqnfv-3133698562, networkLocation: /default-rack, certSerialId: null}, Type:RATIS, Factor:ONE, State:CLOSED] moved to CLOSED state
2019-10-08 03:43:58,730 [main] INFO  ozoneimpl.OzoneContainer (OzoneContainer.java:stop(227)) - Attempting to stop container services.
2019-10-08 03:43:58,732 [ForkJoinPool.commonPool-worker-1] INFO  ozoneimpl.OzoneContainer (OzoneContainer.java:stop(227)) - Attempting to stop container services.
2019-10-08 03:43:58,733 [main] INFO  impl.RaftServerProxy (RaftServerProxy.java:lambda$close$4(314)) - 140d7c2d-6527-405c-b465-1b1d8cb4b4a3: close
2019-10-08 03:43:58,734 [ForkJoinPool.commonPool-worker-1] INFO  impl.RaftServerProxy (RaftServerProxy.java:lambda$close$4(314)) - 25c5b0e6-4311-43a0-b544-52b56a20287f: close
2019-10-08 03:43:58,734 [main] INFO  impl.RaftServerImpl (RaftServerImpl.java:lambda$shutdown$3(247)) - 140d7c2d-6527-405c-b465-1b1d8cb4b4a3@group-99A017148508: shutdown
2019-10-08 03:43:58,734 [ForkJoinPool.commonPool-worker-1] INFO  impl.RaftServerImpl (RaftServerImpl.java:lambda$shutdown$3(247)) - 25c5b0e6-4311-43a0-b544-52b56a20287f@group-3274451B44B0: shutdown
2019-10-08 03:43:58,735 [main] INFO  util.JmxRegister (JmxRegister.java:unregister(73)) - Successfully un-registered JMX Bean with object name Ratis:service=RaftServer,group=group-99A017148508,id=140d7c2d-6527-405c-b465-1b1d8cb4b4a3
2019-10-08 03:43:58,735 [ForkJoinPool.commonPool-worker-1] INFO  util.JmxRegister (JmxRegister.java:unregister(73)) - Successfully un-registered JMX Bean with object name Ratis:service=RaftServer,group=group-3274451B44B0,id=25c5b0e6-4311-43a0-b544-52b56a20287f
2019-10-08 03:43:58,735 [main] INFO  impl.RoleInfo (RoleInfo.java:shutdownLeaderState(104)) - 140d7c2d-6527-405c-b465-1b1d8cb4b4a3: shutdown LeaderState
2019-10-08 03:43:58,736 [ForkJoinPool.commonPool-worker-1] INFO  impl.RoleInfo (RoleInfo.java:shutdownLeaderState(104)) - 25c5b0e6-4311-43a0-b544-52b56a20287f: shutdown LeaderState
2019-10-08 03:43:58,739 [main] INFO  impl.PendingRequests (PendingRequests.java:sendNotLeaderResponses(202)) - 140d7c2d-6527-405c-b465-1b1d8cb4b4a3@group-99A017148508-PendingRequests: sendNotLeaderResponses
2019-10-08 03:43:58,739 [org.apache.ratis.server.impl.LogAppender$AppenderDaemon$$Lambda$514/1885687276@11915f0] WARN  server.GrpcLogAppender (GrpcLogAppender.java:mayWait(143)) - 140d7c2d-6527-405c-b465-1b1d8cb4b4a3@group-99A017148508->04caef7c-ddb6-4702-809f-1a73204ea274-GrpcLogAppender: Wait interrupted by java.lang.InterruptedException
2019-10-08 03:43:58,739 [org.apache.ratis.server.impl.LogAppender$AppenderDaemon$$Lambda$514/1885687276@1446dbda] WARN  server.GrpcLogAppender (GrpcLogAppender.java:mayWait(143)) - 140d7c2d-6527-405c-b465-1b1d8cb4b4a3@group-99A017148508->0d9c9caf-a10d-4dbf-84ca-13e0af47996f-GrpcLogAppender: Wait interrupted by java.lang.InterruptedException
2019-10-08 03:43:58,739 [ForkJoinPool.commonPool-worker-1] INFO  impl.PendingRequests (PendingRequests.java:sendNotLeaderResponses(202)) - 25c5b0e6-4311-43a0-b544-52b56a20287f@group-3274451B44B0-PendingRequests: sendNotLeaderResponses
2019-10-08 03:43:58,743 [ForkJoinPool.commonPool-worker-1] INFO  impl.StateMachineUpdater (StateMachineUpdater.java:stopAndJoin(136)) - 25c5b0e6-4311-43a0-b544-52b56a20287f@group-3274451B44B0-StateMachineUpdater: set stopIndex = 0
2019-10-08 03:43:58,743 [140d7c2d-6527-405c-b465-1b1d8cb4b4a3@group-99A017148508-StateMachineUpdater] INFO  ratis.ContainerStateMachine (ContainerStateMachine.java:takeSnapshot(294)) - group-99A017148508: Taking a snapshot at:(t:1, i:13) file /workdir/hadoop-ozone/integration-test/target/test-dir/MiniOzoneClusterImpl-803a9bc2-2fef-4080-b053-fc887ab92aa0/datanode-5/data/ratis/d3c8b4c3-c2f3-447a-9a15-99a017148508/sm/snapshot.1_13
2019-10-08 03:43:58,743 [main] INFO  impl.StateMachineUpdater (StateMachineUpdater.java:stopAndJoin(136)) - 140d7c2d-6527-405c-b465-1b1d8cb4b4a3@group-99A017148508-StateMachineUpdater: set stopIndex = 15
2019-10-08 03:43:58,743 [ForkJoinPool.commonPool-worker-1] INFO  impl.RaftServerImpl (ServerState.java:close(387)) - 25c5b0e6-4311-43a0-b544-52b56a20287f@group-3274451B44B0: closes. applyIndex: 0
2019-10-08 03:43:58,746 [25c5b0e6-4311-43a0-b544-52b56a20287f@group-3274451B44B0-SegmentedRaftLogWorker] INFO  segmented.SegmentedRaftLogWorker (SegmentedRaftLogWorker.java:run(316)) - 25c5b0e6-4311-43a0-b544-52b56a20287f@group-3274451B44B0-SegmentedRaftLogWorker was interrupted, exiting. There are 0 tasks remaining in the queue.
2019-10-08 03:43:58,755 [ForkJoinPool.commonPool-worker-1] INFO  segmented.SegmentedRaftLogWorker (SegmentedRaftLogWorker.java:close(224)) - 25c5b0e6-4311-43a0-b544-52b56a20287f@group-3274451B44B0-SegmentedRaftLogWorker close()
2019-10-08 03:43:58,763 [ForkJoinPool.commonPool-worker-1] INFO  server.GrpcService (GrpcService.java:closeImpl(164)) - 25c5b0e6-4311-43a0-b544-52b56a20287f: shutdown server with port 45813 now
2019-10-08 03:43:58,765 [ForkJoinPool.commonPool-worker-1] INFO  server.GrpcService (GrpcService.java:closeImpl(172)) - 25c5b0e6-4311-43a0-b544-52b56a20287f: shutdown server with port 45813 successfully
2019-10-08 03:43:58,769 [refreshUsed-/workdir/hadoop-ozone/integration-test/target/test-dir/MiniOzoneClusterImpl-803a9bc2-2fef-4080-b053-fc887ab92aa0/datanode-2/data/containers] WARN  fs.CachingGetSpaceUsed (CachingGetSpaceUsed.java:run(183)) - Thread Interrupted waiting to refresh disk information: sleep interrupted
2019-10-08 03:43:58,769 [140d7c2d-6527-405c-b465-1b1d8cb4b4a3@group-99A017148508-StateMachineUpdater] INFO  ratis.ContainerStateMachine (ContainerStateMachine.java:takeSnapshot(305)) - group-99A017148508: Finished taking a snapshot at:(t:1, i:13) file:/workdir/hadoop-ozone/integration-test/target/test-dir/MiniOzoneClusterImpl-803a9bc2-2fef-4080-b053-fc887ab92aa0/datanode-5/data/ratis/d3c8b4c3-c2f3-447a-9a15-99a017148508/sm/snapshot.1_13 time:27
2019-10-08 03:43:58,770 [140d7c2d-6527-405c-b465-1b1d8cb4b4a3@group-99A017148508-StateMachineUpdater] INFO  impl.StateMachineUpdater (StateMachineUpdater.java:takeSnapshot(269)) - 140d7c2d-6527-405c-b465-1b1d8cb4b4a3@group-99A017148508-StateMachineUpdater: Took a snapshot at index 13
2019-10-08 03:43:58,770 [140d7c2d-6527-405c-b465-1b1d8cb4b4a3@group-99A017148508-StateMachineUpdater] INFO  impl.StateMachineUpdater (StateMachineUpdater.java:lambda$new$0(84)) - 140d7c2d-6527-405c-b465-1b1d8cb4b4a3@group-99A017148508-StateMachineUpdater: snapshotIndex: updateIncreasingly -1 -> 13
2019-10-08 03:43:58,770 [140d7c2d-6527-405c-b465-1b1d8cb4b4a3@group-99A017148508-StateMachineUpdater] INFO  ratis.ContainerStateMachine (ContainerStateMachine.java:takeSnapshot(294)) - group-99A017148508: Taking a snapshot at:(t:1, i:13) file /workdir/hadoop-ozone/integration-test/target/test-dir/MiniOzoneClusterImpl-803a9bc2-2fef-4080-b053-fc887ab92aa0/datanode-5/data/ratis/d3c8b4c3-c2f3-447a-9a15-99a017148508/sm/snapshot.1_13
2019-10-08 03:43:58,783 [140d7c2d-6527-405c-b465-1b1d8cb4b4a3@group-99A017148508-StateMachineUpdater] INFO  ratis.ContainerStateMachine (ContainerStateMachine.java:takeSnapshot(305)) - group-99A017148508: Finished taking a snapshot at:(t:1, i:13) file:/workdir/hadoop-ozone/integration-test/target/test-dir/MiniOzoneClusterImpl-803a9bc2-2fef-4080-b053-fc887ab92aa0/datanode-5/data/ratis/d3c8b4c3-c2f3-447a-9a15-99a017148508/sm/snapshot.1_13 time:12
2019-10-08 03:43:58,783 [140d7c2d-6527-405c-b465-1b1d8cb4b4a3@group-99A017148508-StateMachineUpdater] INFO  impl.StateMachineUpdater (StateMachineUpdater.java:takeSnapshot(269)) - 140d7c2d-6527-405c-b465-1b1d8cb4b4a3@group-99A017148508-StateMachineUpdater: Took a snapshot at index 13
2019-10-08 03:43:58,783 [140d7c2d-6527-405c-b465-1b1d8cb4b4a3@group-99A017148508-StateMachineUpdater] INFO  impl.StateMachineUpdater (StateMachineUpdater.java:lambda$new$0(84)) - 140d7c2d-6527-405c-b465-1b1d8cb4b4a3@group-99A017148508-StateMachineUpdater: snapshotIndex: updateIncreasingly 13 -> 13
2019-10-08 03:43:58,783 [main] INFO  impl.RaftServerImpl (ServerState.java:close(387)) - 140d7c2d-6527-405c-b465-1b1d8cb4b4a3@group-99A017148508: closes. applyIndex: 15
2019-10-08 03:43:58,784 [140d7c2d-6527-405c-b465-1b1d8cb4b4a3@group-99A017148508-SegmentedRaftLogWorker] INFO  segmented.SegmentedRaftLogWorker (SegmentedRaftLogWorker.java:run(316)) - 140d7c2d-6527-405c-b465-1b1d8cb4b4a3@group-99A017148508-SegmentedRaftLogWorker was interrupted, exiting. There are 0 tasks remaining in the queue.
2019-10-08 03:43:58,784 [main] INFO  segmented.SegmentedRaftLogWorker (SegmentedRaftLogWorker.java:close(224)) - 140d7c2d-6527-405c-b465-1b1d8cb4b4a3@group-99A017148508-SegmentedRaftLogWorker close()
2019-10-08 03:43:58,785 [main] INFO  impl.RaftServerImpl (RaftServerImpl.java:lambda$shutdown$3(247)) - 140d7c2d-6527-405c-b465-1b1d8cb4b4a3@group-D977F4B4ECA5: shutdown
2019-10-08 03:43:58,786 [main] INFO  util.JmxRegister (JmxRegister.java:unregister(73)) - Successfully un-registered JMX Bean with object name Ratis:service=RaftServer,group=group-D977F4B4ECA5,id=140d7c2d-6527-405c-b465-1b1d8cb4b4a3
2019-10-08 03:43:58,786 [main] INFO  impl.RoleInfo (RoleInfo.java:shutdownLeaderState(104)) - 140d7c2d-6527-405c-b465-1b1d8cb4b4a3: shutdown LeaderState
2019-10-08 03:43:58,787 [main] INFO  impl.PendingRequests (PendingRequests.java:sendNotLeaderResponses(202)) - 140d7c2d-6527-405c-b465-1b1d8cb4b4a3@group-D977F4B4ECA5-PendingRequests: sendNotLeaderResponses
2019-10-08 03:43:58,787 [main] INFO  impl.StateMachineUpdater (StateMachineUpdater.java:stopAndJoin(136)) - 140d7c2d-6527-405c-b465-1b1d8cb4b4a3@group-D977F4B4ECA5-StateMachineUpdater: set stopIndex = 0
2019-10-08 03:43:58,787 [main] INFO  impl.RaftServerImpl (ServerState.java:close(387)) - 140d7c2d-6527-405c-b465-1b1d8cb4b4a3@group-D977F4B4ECA5: closes. applyIndex: 0
2019-10-08 03:43:58,788 [140d7c2d-6527-405c-b465-1b1d8cb4b4a3@group-D977F4B4ECA5-SegmentedRaftLogWorker] INFO  segmented.SegmentedRaftLogWorker (SegmentedRaftLogWorker.java:run(316)) - 140d7c2d-6527-405c-b465-1b1d8cb4b4a3@group-D977F4B4ECA5-SegmentedRaftLogWorker was interrupted, exiting. There are 0 tasks remaining in the queue.
2019-10-08 03:43:58,788 [main] INFO  segmented.SegmentedRaftLogWorker (SegmentedRaftLogWorker.java:close(224)) - 140d7c2d-6527-405c-b465-1b1d8cb4b4a3@group-D977F4B4ECA5-SegmentedRaftLogWorker close()
2019-10-08 03:43:58,789 [main] INFO  server.GrpcService (GrpcService.java:closeImpl(164)) - 140d7c2d-6527-405c-b465-1b1d8cb4b4a3: shutdown server with port 37221 now
2019-10-08 03:43:58,791 [grpc-default-executor-3] WARN  client.GrpcClientProtocolService (LogUtils.java:warn(134)) - 1-UnorderedRequestStreamObserver1: onError: org.apache.ratis.thirdparty.io.grpc.StatusRuntimeException: CANCELLED: cancelled before receiving half close
2019-10-08 03:43:58,792 [main] INFO  server.GrpcService (GrpcService.java:closeImpl(172)) - 140d7c2d-6527-405c-b465-1b1d8cb4b4a3: shutdown server with port 37221 successfully
2019-10-08 03:43:58,798 [refreshUsed-/workdir/hadoop-ozone/integration-test/target/test-dir/MiniOzoneClusterImpl-803a9bc2-2fef-4080-b053-fc887ab92aa0/datanode-5/data/containers] WARN  fs.CachingGetSpaceUsed (CachingGetSpaceUsed.java:run(183)) - Thread Interrupted waiting to refresh disk information: sleep interrupted
2019-10-08 03:43:58,803 [ForkJoinPool.commonPool-worker-1] INFO  utils.BackgroundService (BackgroundService.java:shutdown(148)) - Shutting down service BlockDeletingService
2019-10-08 03:43:58,807 [ForkJoinPool.commonPool-worker-1] INFO  statemachine.DatanodeStateMachine (DatanodeStateMachine.java:stopDaemon(395)) - Ozone container server stopped.
2019-10-08 03:43:58,810 [ForkJoinPool.commonPool-worker-1] INFO  handler.ContextHandler (ContextHandler.java:doStop(910)) - Stopped o.e.j.w.WebAppContext@5484117b{/,null,UNAVAILABLE}{/hddsDatanode}
2019-10-08 03:43:58,811 [ForkJoinPool.commonPool-worker-1] INFO  server.AbstractConnector (AbstractConnector.java:doStop(318)) - Stopped ServerConnector@37df14d1{HTTP/1.1,[http/1.1]}{0.0.0.0:0}
2019-10-08 03:43:58,812 [ForkJoinPool.commonPool-worker-1] INFO  handler.ContextHandler (ContextHandler.java:doStop(910)) - Stopped o.e.j.s.ServletContextHandler@328d044f{/static,jar:file:/home/user/.m2/repository/org/apache/hadoop/hadoop-hdds-container-service/0.5.0-SNAPSHOT/hadoop-hdds-container-service-0.5.0-SNAPSHOT.jar!/webapps/static,UNAVAILABLE}
2019-10-08 03:43:58,814 [ForkJoinPool.commonPool-worker-1] INFO  handler.ContextHandler (ContextHandler.java:doStop(910)) - Stopped o.e.j.s.ServletContextHandler@56da7487{/logs,file:///workdir/hadoop-ozone/integration-test/target/log,UNAVAILABLE}
2019-10-08 03:43:58,817 [main] INFO  utils.BackgroundService (BackgroundService.java:shutdown(148)) - Shutting down service BlockDeletingService
2019-10-08 03:43:58,820 [main] INFO  statemachine.DatanodeStateMachine (DatanodeStateMachine.java:stopDaemon(395)) - Ozone container server stopped.
2019-10-08 03:43:58,821 [main] INFO  handler.ContextHandler (ContextHandler.java:doStop(910)) - Stopped o.e.j.w.WebAppContext@63884e4{/,null,UNAVAILABLE}{/hddsDatanode}
2019-10-08 03:43:58,822 [main] INFO  server.AbstractConnector (AbstractConnector.java:doStop(318)) - Stopped ServerConnector@524270b8{HTTP/1.1,[http/1.1]}{0.0.0.0:0}
2019-10-08 03:43:58,822 [main] INFO  handler.ContextHandler (ContextHandler.java:doStop(910)) - Stopped o.e.j.s.ServletContextHandler@439b15f2{/static,jar:file:/home/user/.m2/repository/org/apache/hadoop/hadoop-hdds-container-service/0.5.0-SNAPSHOT/hadoop-hdds-container-service-0.5.0-SNAPSHOT.jar!/webapps/static,UNAVAILABLE}
2019-10-08 03:43:58,822 [main] INFO  handler.ContextHandler (ContextHandler.java:doStop(910)) - Stopped o.e.j.s.ServletContextHandler@6e041285{/logs,file:///workdir/hadoop-ozone/integration-test/target/log,UNAVAILABLE}
2019-10-08 03:43:59,272 [Datanode State Machine Thread - 0] INFO  statemachine.DatanodeStateMachine (DatanodeStateMachine.java:lambda$startDaemon$0(350)) - Ozone container server started.
2019-10-08 03:44:03,338 [EventQueue-StaleNodeForStaleNodeHandler] INFO  node.StaleNodeHandler (StaleNodeHandler.java:onMessage(58)) - Datanode 655e713e-f432-49c6-be02-8424905dac44{ip: 192.168.151.83, host: pr-hdds-2217-jqnfv-3133698562, networkLocation: /default-rack, certSerialId: null} moved to stale state. Finalizing its pipelines [PipelineID=7433016c-31a1-4e77-9f94-082f4d8d27da]
2019-10-08 03:44:03,339 [EventQueue-StaleNodeForStaleNodeHandler] INFO  pipeline.SCMPipelineManager (SCMPipelineManager.java:finalizeAndDestroyPipeline(315)) - destroying pipeline:Pipeline[ Id: 7433016c-31a1-4e77-9f94-082f4d8d27da, Nodes: 655e713e-f432-49c6-be02-8424905dac44{ip: 192.168.151.83, host: pr-hdds-2217-jqnfv-3133698562, networkLocation: /default-rack, certSerialId: null}, Type:RATIS, Factor:ONE, State:OPEN]
2019-10-08 03:44:03,340 [EventQueue-StaleNodeForStaleNodeHandler] INFO  pipeline.PipelineStateManager (PipelineStateManager.java:finalizePipeline(123)) - Pipeline Pipeline[ Id: 7433016c-31a1-4e77-9f94-082f4d8d27da, Nodes: 655e713e-f432-49c6-be02-8424905dac44{ip: 192.168.151.83, host: pr-hdds-2217-jqnfv-3133698562, networkLocation: /default-rack, certSerialId: null}, Type:RATIS, Factor:ONE, State:CLOSED] moved to CLOSED state
2019-10-08 03:44:03,816 [ForkJoinPool.commonPool-worker-1] INFO  ozoneimpl.OzoneContainer (OzoneContainer.java:stop(227)) - Attempting to stop container services.
2019-10-08 03:44:03,817 [ForkJoinPool.commonPool-worker-1] INFO  impl.RaftServerProxy (RaftServerProxy.java:lambda$close$4(314)) - 655e713e-f432-49c6-be02-8424905dac44: close
2019-10-08 03:44:03,818 [ForkJoinPool.commonPool-worker-1] INFO  impl.RaftServerImpl (RaftServerImpl.java:lambda$shutdown$3(247)) - 655e713e-f432-49c6-be02-8424905dac44@group-082F4D8D27DA: shutdown
2019-10-08 03:44:03,818 [ForkJoinPool.commonPool-worker-1] INFO  util.JmxRegister (JmxRegister.java:unregister(73)) - Successfully un-registered JMX Bean with object name Ratis:service=RaftServer,group=group-082F4D8D27DA,id=655e713e-f432-49c6-be02-8424905dac44
2019-10-08 03:44:03,818 [ForkJoinPool.commonPool-worker-1] INFO  impl.RoleInfo (RoleInfo.java:shutdownLeaderState(104)) - 655e713e-f432-49c6-be02-8424905dac44: shutdown LeaderState
2019-10-08 03:44:03,818 [ForkJoinPool.commonPool-worker-1] INFO  impl.PendingRequests (PendingRequests.java:sendNotLeaderResponses(202)) - 655e713e-f432-49c6-be02-8424905dac44@group-082F4D8D27DA-PendingRequests: sendNotLeaderResponses
2019-10-08 03:44:03,819 [ForkJoinPool.commonPool-worker-1] INFO  impl.StateMachineUpdater (StateMachineUpdater.java:stopAndJoin(136)) - 655e713e-f432-49c6-be02-8424905dac44@group-082F4D8D27DA-StateMachineUpdater: set stopIndex = 0
2019-10-08 03:44:03,820 [ForkJoinPool.commonPool-worker-1] INFO  impl.RaftServerImpl (ServerState.java:close(387)) - 655e713e-f432-49c6-be02-8424905dac44@group-082F4D8D27DA: closes. applyIndex: 0
2019-10-08 03:44:03,820 [655e713e-f432-49c6-be02-8424905dac44@group-082F4D8D27DA-SegmentedRaftLogWorker] INFO  segmented.SegmentedRaftLogWorker (SegmentedRaftLogWorker.java:run(316)) - 655e713e-f432-49c6-be02-8424905dac44@group-082F4D8D27DA-SegmentedRaftLogWorker was interrupted, exiting. There are 0 tasks remaining in the queue.
2019-10-08 03:44:03,821 [ForkJoinPool.commonPool-worker-1] INFO  segmented.SegmentedRaftLogWorker (SegmentedRaftLogWorker.java:close(224)) - 655e713e-f432-49c6-be02-8424905dac44@group-082F4D8D27DA-SegmentedRaftLogWorker close()
2019-10-08 03:44:03,824 [ForkJoinPool.commonPool-worker-1] INFO  server.GrpcService (GrpcService.java:closeImpl(164)) - 655e713e-f432-49c6-be02-8424905dac44: shutdown server with port 45232 now
2019-10-08 03:44:03,825 [ForkJoinPool.commonPool-worker-1] INFO  server.GrpcService (GrpcService.java:closeImpl(172)) - 655e713e-f432-49c6-be02-8424905dac44: shutdown server with port 45232 successfully
2019-10-08 03:44:03,834 [refreshUsed-/workdir/hadoop-ozone/integration-test/target/test-dir/MiniOzoneClusterImpl-803a9bc2-2fef-4080-b053-fc887ab92aa0/datanode-0/data/containers] WARN  fs.CachingGetSpaceUsed (CachingGetSpaceUsed.java:run(183)) - Thread Interrupted waiting to refresh disk information: sleep interrupted
2019-10-08 03:44:03,853 [ForkJoinPool.commonPool-worker-1] INFO  utils.BackgroundService (BackgroundService.java:shutdown(148)) - Shutting down service BlockDeletingService
2019-10-08 03:44:03,856 [ForkJoinPool.commonPool-worker-1] INFO  statemachine.DatanodeStateMachine (DatanodeStateMachine.java:stopDaemon(395)) - Ozone container server stopped.
2019-10-08 03:44:03,860 [ForkJoinPool.commonPool-worker-1] INFO  handler.ContextHandler (ContextHandler.java:doStop(910)) - Stopped o.e.j.w.WebAppContext@46963479{/,null,UNAVAILABLE}{/hddsDatanode}
2019-10-08 03:44:03,861 [ForkJoinPool.commonPool-worker-1] INFO  server.AbstractConnector (AbstractConnector.java:doStop(318)) - Stopped ServerConnector@7e74a380{HTTP/1.1,[http/1.1]}{0.0.0.0:0}
2019-10-08 03:44:03,862 [ForkJoinPool.commonPool-worker-1] INFO  handler.ContextHandler (ContextHandler.java:doStop(910)) - Stopped o.e.j.s.ServletContextHandler@60bbacfc{/static,jar:file:/home/user/.m2/repository/org/apache/hadoop/hadoop-hdds-container-service/0.5.0-SNAPSHOT/hadoop-hdds-container-service-0.5.0-SNAPSHOT.jar!/webapps/static,UNAVAILABLE}
2019-10-08 03:44:03,863 [ForkJoinPool.commonPool-worker-1] INFO  handler.ContextHandler (ContextHandler.java:doStop(910)) - Stopped o.e.j.s.ServletContextHandler@421056e5{/logs,file:///workdir/hadoop-ozone/integration-test/target/log,UNAVAILABLE}
2019-10-08 03:44:03,865 [main] INFO  ozone.MiniOzoneClusterImpl (MiniOzoneClusterImpl.java:stopSCM(392)) - Stopping the StorageContainerManager
2019-10-08 03:44:03,865 [main] INFO  server.StorageContainerManager (StorageContainerManager.java:stop(808)) - Stopping Replication Manager Service.
2019-10-08 03:44:03,865 [main] INFO  container.ReplicationManager (ReplicationManager.java:stop(203)) - Stopping Replication Monitor Thread.
2019-10-08 03:44:03,866 [main] INFO  server.StorageContainerManager (StorageContainerManager.java:stop(815)) - Stopping Lease Manager of the command watchers
2019-10-08 03:44:03,866 [main] INFO  server.StorageContainerManager (StorageContainerManager.java:stop(822)) - Stopping datanode service RPC server
2019-10-08 03:44:03,867 [main] INFO  server.SCMDatanodeProtocolServer (SCMDatanodeProtocolServer.java:stop(346)) - Stopping the RPC server for DataNodes
2019-10-08 03:44:03,867 [main] INFO  ipc.Server (Server.java:stop(3082)) - Stopping server on 40328
2019-10-08 03:44:03,870 [IPC Server listener on 40328] INFO  ipc.Server (Server.java:run(1185)) - Stopping IPC Server listener on 40328
2019-10-08 03:44:03,870 [IPC Server Responder] INFO  ipc.Server (Server.java:run(1319)) - Stopping IPC Server Responder
2019-10-08 03:44:03,939 [SCM Heartbeat Processing Thread - 0] WARN  node.NodeStateManager (NodeStateManager.java:scheduleNextHealthCheck(646)) - Current Thread is interrupted, shutting down HB processing thread for Node Manager.
2019-10-08 03:44:03,939 [main] INFO  server.StorageContainerManager (StorageContainerManager.java:stop(830)) - Stopping block service RPC server
2019-10-08 03:44:03,939 [main] INFO  server.SCMBlockProtocolServer (SCMBlockProtocolServer.java:stop(155)) - Stopping the RPC server for Block Protocol
2019-10-08 03:44:03,939 [main] INFO  ipc.Server (Server.java:stop(3082)) - Stopping server on 32972
2019-10-08 03:44:03,941 [IPC Server listener on 32972] INFO  ipc.Server (Server.java:run(1185)) - Stopping IPC Server listener on 32972
2019-10-08 03:44:03,942 [IPC Server Responder] INFO  ipc.Server (Server.java:run(1319)) - Stopping IPC Server Responder
2019-10-08 03:44:03,942 [main] INFO  server.StorageContainerManager (StorageContainerManager.java:stop(837)) - Stopping the StorageContainerLocationProtocol RPC server
2019-10-08 03:44:03,942 [main] INFO  server.SCMClientProtocolServer (SCMClientProtocolServer.java:stop(168)) - Stopping the RPC server for Client Protocol
2019-10-08 03:44:03,942 [main] INFO  ipc.Server (Server.java:stop(3082)) - Stopping server on 44724
2019-10-08 03:44:03,944 [IPC Server listener on 44724] INFO  ipc.Server (Server.java:run(1185)) - Stopping IPC Server listener on 44724
2019-10-08 03:44:03,944 [main] INFO  server.StorageContainerManager (StorageContainerManager.java:stop(844)) - Stopping Storage Container Manager HTTP server.
2019-10-08 03:44:03,944 [IPC Server Responder] INFO  ipc.Server (Server.java:run(1319)) - Stopping IPC Server Responder
2019-10-08 03:44:03,945 [main] INFO  handler.ContextHandler (ContextHandler.java:doStop(910)) - Stopped o.e.j.w.WebAppContext@6970140a{/,null,UNAVAILABLE}{/scm}
2019-10-08 03:44:03,946 [main] INFO  server.AbstractConnector (AbstractConnector.java:doStop(318)) - Stopped ServerConnector@1c32886a{HTTP/1.1,[http/1.1]}{0.0.0.0:0}
2019-10-08 03:44:03,946 [main] INFO  handler.ContextHandler (ContextHandler.java:doStop(910)) - Stopped o.e.j.s.ServletContextHandler@53f0a4cb{/static,file:///workdir/hadoop-ozone/integration-test/target/test-classes/webapps/static,UNAVAILABLE}
2019-10-08 03:44:03,947 [main] INFO  handler.ContextHandler (ContextHandler.java:doStop(910)) - Stopped o.e.j.s.ServletContextHandler@7a560583{/logs,file:///workdir/hadoop-ozone/integration-test/target/log,UNAVAILABLE}
2019-10-08 03:44:03,948 [main] INFO  server.StorageContainerManager (StorageContainerManager.java:stop(855)) - Stopping Block Manager Service.
2019-10-08 03:44:03,948 [main] INFO  utils.BackgroundService (BackgroundService.java:shutdown(148)) - Shutting down service SCMBlockDeletingService
2019-10-08 03:44:03,949 [main] INFO  utils.BackgroundService (BackgroundService.java:shutdown(148)) - Shutting down service SCMBlockDeletingService
2019-10-08 03:44:03,949 [main] INFO  server.StorageContainerManager (StorageContainerManager.java:stop(877)) - Stopping SCM Event Queue.
2019-10-08 03:44:03,958 [main] INFO  impl.MetricsSystemImpl (MetricsSystemImpl.java:stop(210)) - Stopping XceiverClientMetrics metrics system...
2019-10-08 03:44:03,967 [prometheus] INFO  impl.MetricsSinkAdapter (MetricsSinkAdapter.java:publishMetricsFromQueue(141)) - prometheus thread interrupted.
2019-10-08 03:44:03,967 [main] INFO  impl.MetricsSystemImpl (MetricsSystemImpl.java:stop(216)) - XceiverClientMetrics metrics system stopped.
]]></system-out>
    <system-err><![CDATA[ERROR StatusLogger No Log4j 2 configuration file found. Using default configuration (logging only errors to the console), or user programmatically provided configurations. Set system property 'log4j2.debug' to show Log4j 2 internal initialization logging. See https://logging.apache.org/log4j/2.x/manual/configuration.html for instructions on how to configure Log4j 2
Oct 08, 2019 3:43:53 AM org.apache.ratis.thirdparty.io.grpc.internal.SerializingExecutor run
SEVERE: Exception while executing runnable org.apache.ratis.thirdparty.io.grpc.internal.ServerImpl$JumpToApplicationThreadServerStreamListener$1Closed@75ba6496
org.apache.ratis.thirdparty.io.grpc.StatusRuntimeException: CANCELLED: call already cancelled
	at org.apache.ratis.thirdparty.io.grpc.Status.asRuntimeException(Status.java:517)
	at org.apache.ratis.thirdparty.io.grpc.stub.ServerCalls$ServerCallStreamObserverImpl.onCompleted(ServerCalls.java:356)
	at org.apache.ratis.grpc.server.GrpcServerProtocolService$ServerRequestStreamObserver.onError(GrpcServerProtocolService.java:121)
	at org.apache.ratis.thirdparty.io.grpc.stub.ServerCalls$StreamingServerCallHandler$StreamingServerCallListener.onCancel(ServerCalls.java:269)
	at org.apache.ratis.thirdparty.io.grpc.internal.ServerCallImpl$ServerStreamListenerImpl.closed(ServerCallImpl.java:293)
	at org.apache.ratis.thirdparty.io.grpc.internal.ServerImpl$JumpToApplicationThreadServerStreamListener$1Closed.runInContext(ServerImpl.java:741)
	at org.apache.ratis.thirdparty.io.grpc.internal.ContextRunnable.run(ContextRunnable.java:37)
	at org.apache.ratis.thirdparty.io.grpc.internal.SerializingExecutor.run(SerializingExecutor.java:123)
	at java.util.concurrent.ThreadPoolExecutor.runWorker(ThreadPoolExecutor.java:1149)
	at java.util.concurrent.ThreadPoolExecutor$Worker.run(ThreadPoolExecutor.java:624)
	at java.lang.Thread.run(Thread.java:748)

Oct 08, 2019 3:43:53 AM org.apache.ratis.thirdparty.io.grpc.internal.SerializingExecutor run
SEVERE: Exception while executing runnable org.apache.ratis.thirdparty.io.grpc.internal.ServerImpl$JumpToApplicationThreadServerStreamListener$1Closed@6f1b92f5
org.apache.ratis.thirdparty.io.grpc.StatusRuntimeException: CANCELLED: call already cancelled
	at org.apache.ratis.thirdparty.io.grpc.Status.asRuntimeException(Status.java:517)
	at org.apache.ratis.thirdparty.io.grpc.stub.ServerCalls$ServerCallStreamObserverImpl.onCompleted(ServerCalls.java:356)
	at org.apache.ratis.grpc.server.GrpcServerProtocolService$ServerRequestStreamObserver.onError(GrpcServerProtocolService.java:121)
	at org.apache.ratis.thirdparty.io.grpc.stub.ServerCalls$StreamingServerCallHandler$StreamingServerCallListener.onCancel(ServerCalls.java:269)
	at org.apache.ratis.thirdparty.io.grpc.internal.ServerCallImpl$ServerStreamListenerImpl.closed(ServerCallImpl.java:293)
	at org.apache.ratis.thirdparty.io.grpc.internal.ServerImpl$JumpToApplicationThreadServerStreamListener$1Closed.runInContext(ServerImpl.java:741)
	at org.apache.ratis.thirdparty.io.grpc.internal.ContextRunnable.run(ContextRunnable.java:37)
	at org.apache.ratis.thirdparty.io.grpc.internal.SerializingExecutor.run(SerializingExecutor.java:123)
	at java.util.concurrent.ThreadPoolExecutor.runWorker(ThreadPoolExecutor.java:1149)
	at java.util.concurrent.ThreadPoolExecutor$Worker.run(ThreadPoolExecutor.java:624)
	at java.lang.Thread.run(Thread.java:748)

]]></system-err>
  </testcase>
  <testcase name="testDatanodeFailureWithPreAllocation" classname="org.apache.hadoop.ozone.client.rpc.TestBlockOutputStreamWithFailures" time="222.499"/>
  <testcase name="testDatanodeFailureWithSingleNodeRatis" classname="org.apache.hadoop.ozone.client.rpc.TestBlockOutputStreamWithFailures" time="224.139"/>
  <testcase name="testWatchForCommitWithSingleNodeRatis" classname="org.apache.hadoop.ozone.client.rpc.TestBlockOutputStreamWithFailures" time="36.071"/>
  <testcase name="testWatchForCommitDatanodeFailure" classname="org.apache.hadoop.ozone.client.rpc.TestBlockOutputStreamWithFailures" time="57.044">
    <failure message="expected:&lt;2&gt; but was:&lt;3&gt;" type="java.lang.AssertionError"><![CDATA[java.lang.AssertionError: expected:<2> but was:<3>
	at org.junit.Assert.fail(Assert.java:88)
	at org.junit.Assert.failNotEquals(Assert.java:743)
	at org.junit.Assert.assertEquals(Assert.java:118)
	at org.junit.Assert.assertEquals(Assert.java:555)
	at org.junit.Assert.assertEquals(Assert.java:542)
	at org.apache.hadoop.ozone.client.rpc.TestBlockOutputStreamWithFailures.testWatchForCommitDatanodeFailure(TestBlockOutputStreamWithFailures.java:366)
	at sun.reflect.NativeMethodAccessorImpl.invoke0(Native Method)
	at sun.reflect.NativeMethodAccessorImpl.invoke(NativeMethodAccessorImpl.java:62)
	at sun.reflect.DelegatingMethodAccessorImpl.invoke(DelegatingMethodAccessorImpl.java:43)
	at java.lang.reflect.Method.invoke(Method.java:498)
	at org.junit.runners.model.FrameworkMethod$1.runReflectiveCall(FrameworkMethod.java:47)
	at org.junit.internal.runners.model.ReflectiveCallable.run(ReflectiveCallable.java:12)
	at org.junit.runners.model.FrameworkMethod.invokeExplosively(FrameworkMethod.java:44)
	at org.junit.internal.runners.statements.InvokeMethod.evaluate(InvokeMethod.java:17)
	at org.junit.internal.runners.statements.RunBefores.evaluate(RunBefores.java:26)
	at org.junit.internal.runners.statements.RunAfters.evaluate(RunAfters.java:27)
	at org.junit.runners.ParentRunner.runLeaf(ParentRunner.java:271)
	at org.junit.runners.BlockJUnit4ClassRunner.runChild(BlockJUnit4ClassRunner.java:70)
	at org.junit.runners.BlockJUnit4ClassRunner.runChild(BlockJUnit4ClassRunner.java:50)
	at org.junit.runners.ParentRunner$3.run(ParentRunner.java:238)
	at org.junit.runners.ParentRunner$1.schedule(ParentRunner.java:63)
	at org.junit.runners.ParentRunner.runChildren(ParentRunner.java:236)
	at org.junit.runners.ParentRunner.access$000(ParentRunner.java:53)
	at org.junit.runners.ParentRunner$2.evaluate(ParentRunner.java:229)
	at org.junit.runners.ParentRunner.run(ParentRunner.java:309)
	at org.apache.maven.surefire.junit4.JUnit4Provider.execute(JUnit4Provider.java:365)
	at org.apache.maven.surefire.junit4.JUnit4Provider.executeWithRerun(JUnit4Provider.java:273)
	at org.apache.maven.surefire.junit4.JUnit4Provider.executeTestSet(JUnit4Provider.java:238)
	at org.apache.maven.surefire.junit4.JUnit4Provider.invoke(JUnit4Provider.java:159)
	at org.apache.maven.surefire.booter.ForkedBooter.invokeProviderInSameClassLoader(ForkedBooter.java:384)
	at org.apache.maven.surefire.booter.ForkedBooter.runSuitesInProcess(ForkedBooter.java:345)
	at org.apache.maven.surefire.booter.ForkedBooter.execute(ForkedBooter.java:126)
	at org.apache.maven.surefire.booter.ForkedBooter.main(ForkedBooter.java:418)
]]></failure>
    <system-out><![CDATA[2019-10-08 03:52:06,755 [main] WARN  server.ServerUtils (ServerUtils.java:getScmDbDir(145)) - ozone.scm.db.dirs is not configured. We recommend adding this setting. Falling back to ozone.metadata.dirs instead.
2019-10-08 03:52:06,770 [main] WARN  server.ServerUtils (ServerUtils.java:getScmDbDir(145)) - ozone.scm.db.dirs is not configured. We recommend adding this setting. Falling back to ozone.metadata.dirs instead.
2019-10-08 03:52:06,771 [main] WARN  server.ServerUtils (ServerUtils.java:getScmDbDir(145)) - ozone.scm.db.dirs is not configured. We recommend adding this setting. Falling back to ozone.metadata.dirs instead.
2019-10-08 03:52:06,771 [main] INFO  db.DBStoreBuilder (DBStoreBuilder.java:addTable(117)) - using custom profile for table: deletedBlocks
2019-10-08 03:52:06,771 [main] INFO  db.DBStoreBuilder (DBStoreBuilder.java:processTables(168)) - Using default column profile:DBProfile.DISK for Table:deletedBlocks
2019-10-08 03:52:06,772 [main] INFO  db.DBStoreBuilder (DBStoreBuilder.java:addTable(117)) - using custom profile for table: validCerts
2019-10-08 03:52:06,772 [main] INFO  db.DBStoreBuilder (DBStoreBuilder.java:processTables(168)) - Using default column profile:DBProfile.DISK for Table:validCerts
2019-10-08 03:52:06,772 [main] INFO  db.DBStoreBuilder (DBStoreBuilder.java:addTable(117)) - using custom profile for table: revokedCerts
2019-10-08 03:52:06,772 [main] INFO  db.DBStoreBuilder (DBStoreBuilder.java:processTables(168)) - Using default column profile:DBProfile.DISK for Table:revokedCerts
2019-10-08 03:52:06,772 [main] INFO  db.DBStoreBuilder (DBStoreBuilder.java:addTable(117)) - using custom profile for table: default
2019-10-08 03:52:06,773 [main] INFO  db.DBStoreBuilder (DBStoreBuilder.java:processTables(174)) - Using default column profile:DBProfile.DISK for Table:default
2019-10-08 03:52:06,773 [main] INFO  db.DBStoreBuilder (DBStoreBuilder.java:getDbProfile(205)) - Using default options. DBProfile.DISK
2019-10-08 03:52:07,019 [main] INFO  net.NodeSchemaLoader (NodeSchemaLoader.java:loadSchemaFromFile(125)) - Loading file from sun.misc.CompoundEnumeration@3b0d3a63
2019-10-08 03:52:07,019 [main] INFO  net.NodeSchemaLoader (NodeSchemaLoader.java:loadSchema(171)) - Loading network topology layer schema file
2019-10-08 03:52:07,024 [main] INFO  node.SCMNodeManager (SCMNodeManager.java:<init>(116)) - Entering startup safe mode.
2019-10-08 03:52:07,025 [main] INFO  algorithms.ContainerPlacementPolicyFactory (ContainerPlacementPolicyFactory.java:getPolicy(57)) - Create container placement policy of type org.apache.hadoop.hdds.scm.container.placement.algorithms.SCMContainerPlacementRandom
2019-10-08 03:52:07,026 [main] WARN  server.ServerUtils (ServerUtils.java:getScmDbDir(145)) - ozone.scm.db.dirs is not configured. We recommend adding this setting. Falling back to ozone.metadata.dirs instead.
2019-10-08 03:52:07,124 [main] INFO  pipeline.SCMPipelineManager (SCMPipelineManager.java:initializePipelineState(132)) - No pipeline exists in current db
2019-10-08 03:52:07,124 [main] WARN  server.ServerUtils (ServerUtils.java:getScmDbDir(145)) - ozone.scm.db.dirs is not configured. We recommend adding this setting. Falling back to ozone.metadata.dirs instead.
2019-10-08 03:52:07,225 [main] WARN  events.EventQueue (EventQueue.java:fireEvent(183)) - No event handler registered for event TypedEvent{payloadType=SafeModeStatus, name='SafeModeStatus'}
2019-10-08 03:52:07,226 [main] INFO  ipc.CallQueueManager (CallQueueManager.java:<init>(84)) - Using callQueue: class java.util.concurrent.LinkedBlockingQueue, queueCapacity: 2000, scheduler: class org.apache.hadoop.ipc.DefaultRpcScheduler, ipcBackoff: false.
2019-10-08 03:52:07,227 [Socket Reader #1 for port 32867] INFO  ipc.Server (Server.java:run(1074)) - Starting Socket Reader #1 for port 32867
2019-10-08 03:52:07,230 [main] INFO  ipc.CallQueueManager (CallQueueManager.java:<init>(84)) - Using callQueue: class java.util.concurrent.LinkedBlockingQueue, queueCapacity: 2000, scheduler: class org.apache.hadoop.ipc.DefaultRpcScheduler, ipcBackoff: false.
2019-10-08 03:52:07,231 [Socket Reader #1 for port 37190] INFO  ipc.Server (Server.java:run(1074)) - Starting Socket Reader #1 for port 37190
2019-10-08 03:52:07,233 [main] INFO  ipc.CallQueueManager (CallQueueManager.java:<init>(84)) - Using callQueue: class java.util.concurrent.LinkedBlockingQueue, queueCapacity: 2000, scheduler: class org.apache.hadoop.ipc.DefaultRpcScheduler, ipcBackoff: false.
2019-10-08 03:52:07,234 [Socket Reader #1 for port 36524] INFO  ipc.Server (Server.java:run(1074)) - Starting Socket Reader #1 for port 36524
2019-10-08 03:52:07,236 [main] INFO  hdfs.DFSUtil (DFSUtil.java:httpServerTemplateForNNAndJN(1641)) - Starting Web-server for scm at: http://0.0.0.0:0
2019-10-08 03:52:07,239 [main] INFO  server.AuthenticationFilter (AuthenticationFilter.java:constructSecretProvider(240)) - Unable to initialize FileSignerSecretProvider, falling back to use random secrets.
2019-10-08 03:52:07,239 [main] WARN  http.HttpRequestLog (HttpRequestLog.java:getRequestLog(97)) - Jetty request log can only be enabled using Log4j
2019-10-08 03:52:07,241 [main] INFO  http.HttpServer2 (HttpServer2.java:addGlobalFilter(975)) - Added global filter 'safety' (class=org.apache.hadoop.http.HttpServer2$QuotingInputFilter)
2019-10-08 03:52:07,241 [main] INFO  http.HttpServer2 (HttpServer2.java:addFilter(948)) - Added filter static_user_filter (class=org.apache.hadoop.http.lib.StaticUserWebFilter$StaticUserFilter) to context scm
2019-10-08 03:52:07,242 [main] INFO  http.HttpServer2 (HttpServer2.java:addFilter(958)) - Added filter static_user_filter (class=org.apache.hadoop.http.lib.StaticUserWebFilter$StaticUserFilter) to context logs
2019-10-08 03:52:07,242 [main] INFO  http.HttpServer2 (HttpServer2.java:addFilter(958)) - Added filter static_user_filter (class=org.apache.hadoop.http.lib.StaticUserWebFilter$StaticUserFilter) to context static
2019-10-08 03:52:07,244 [main] INFO  server.StorageContainerManager (StorageContainerManager.java:start(770)) - StorageContainerLocationProtocol RPC server is listening at /0.0.0.0:36524
2019-10-08 03:52:07,246 [main] WARN  impl.MetricsConfig (MetricsConfig.java:loadFirst(134)) - Cannot locate configuration: tried hadoop-metrics2-storagecontainermanager.properties,hadoop-metrics2.properties
2019-10-08 03:52:07,247 [main] INFO  impl.MetricsSystemImpl (MetricsSystemImpl.java:startTimer(374)) - Scheduled Metric snapshot period at 10 second(s).
2019-10-08 03:52:07,247 [main] INFO  impl.MetricsSystemImpl (MetricsSystemImpl.java:start(191)) - StorageContainerManager metrics system started
2019-10-08 03:52:07,331 [main] WARN  impl.MetricsSystemImpl (MetricsSystemImpl.java:register(276)) - Sink prometheus already exists!
2019-10-08 03:52:07,427 [main] INFO  server.SCMClientProtocolServer (SCMClientProtocolServer.java:start(159)) - RPC server for Client  is listening at /0.0.0.0:36524
2019-10-08 03:52:07,427 [IPC Server Responder] INFO  ipc.Server (Server.java:run(1314)) - IPC Server Responder: starting
2019-10-08 03:52:07,427 [IPC Server listener on 36524] INFO  ipc.Server (Server.java:run(1153)) - IPC Server listener on 36524: starting
2019-10-08 03:52:07,433 [main] INFO  server.StorageContainerManager (StorageContainerManager.java:start(780)) - ScmBlockLocationProtocol RPC server is listening at /0.0.0.0:37190
2019-10-08 03:52:07,433 [main] INFO  server.SCMBlockProtocolServer (SCMBlockProtocolServer.java:start(146)) - RPC server for Block Protocol is listening at /0.0.0.0:37190
2019-10-08 03:52:07,433 [IPC Server Responder] INFO  ipc.Server (Server.java:run(1314)) - IPC Server Responder: starting
2019-10-08 03:52:07,433 [IPC Server listener on 37190] INFO  ipc.Server (Server.java:run(1153)) - IPC Server listener on 37190: starting
2019-10-08 03:52:07,438 [main] INFO  server.StorageContainerManager (StorageContainerManager.java:start(784)) - ScmDatanodeProtocl RPC server is listening at /0.0.0.0:32867
2019-10-08 03:52:07,438 [main] INFO  server.SCMDatanodeProtocolServer (SCMDatanodeProtocolServer.java:start(169)) - RPC server for DataNodes is listening at /0.0.0.0:32867
2019-10-08 03:52:07,439 [IPC Server Responder] INFO  ipc.Server (Server.java:run(1314)) - IPC Server Responder: starting
2019-10-08 03:52:07,439 [IPC Server listener on 32867] INFO  ipc.Server (Server.java:run(1153)) - IPC Server listener on 32867: starting
2019-10-08 03:52:07,442 [main] INFO  http.HttpServer2 (HttpServer2.java:bindListener(1191)) - Jetty bound to port 43360
2019-10-08 03:52:07,442 [main] INFO  server.Server (Server.java:doStart(351)) - jetty-9.3.25.v20180904, build timestamp: 2018-09-04T21:11:46Z, git hash: 3ce520221d0240229c862b122d2b06c12a625732
2019-10-08 03:52:07,444 [main] INFO  handler.ContextHandler (ContextHandler.java:doStart(781)) - Started o.e.j.s.ServletContextHandler@50ec4bfc{/logs,file:///workdir/hadoop-ozone/integration-test/target/log,AVAILABLE}
2019-10-08 03:52:07,444 [main] INFO  handler.ContextHandler (ContextHandler.java:doStart(781)) - Started o.e.j.s.ServletContextHandler@285a4fe3{/static,file:///workdir/hadoop-ozone/integration-test/target/test-classes/webapps/static,AVAILABLE}
2019-10-08 03:52:07,448 [main] INFO  handler.ContextHandler (ContextHandler.java:doStart(781)) - Started o.e.j.w.WebAppContext@7ac48e10{/,file:///workdir/hadoop-ozone/integration-test/target/test-classes/webapps/scm/,AVAILABLE}{/scm}
2019-10-08 03:52:07,448 [main] INFO  server.AbstractConnector (AbstractConnector.java:doStart(278)) - Started ServerConnector@52354202{HTTP/1.1,[http/1.1]}{0.0.0.0:43360}
2019-10-08 03:52:07,449 [main] INFO  server.Server (Server.java:doStart(419)) - Started @596213ms
2019-10-08 03:52:07,449 [main] WARN  impl.MetricsSystemImpl (MetricsSystemImpl.java:register(276)) - Sink prometheus already exists!
2019-10-08 03:52:07,450 [main] INFO  server.BaseHttpServer (BaseHttpServer.java:updateConnectorAddress(215)) - HTTP server of SCM is listening at http://0.0.0.0:43360
2019-10-08 03:52:07,451 [main] WARN  server.ServerUtils (ServerUtils.java:getDBPath(222)) - ozone.om.db.dirs is not configured. We recommend adding this setting. Falling back to ozone.metadata.dirs instead.
2019-10-08 03:52:07,451 [org.apache.hadoop.util.JvmPauseMonitor$Monitor@342ee097] INFO  util.JvmPauseMonitor (JvmPauseMonitor.java:run(188)) - Starting JVM pause monitor
2019-10-08 03:52:07,477 [main] INFO  ha.OMHANodeDetails (OMHANodeDetails.java:loadOMHAConfig(190)) - Configuration either no ozone.om.address set. Falling back to the default OM address /127.0.0.1:0
2019-10-08 03:52:07,477 [main] INFO  ha.OMHANodeDetails (OMHANodeDetails.java:getOMNodeDetails(220)) - OM Service ID is not set. Setting it to the default ID: omServiceIdDefault
2019-10-08 03:52:07,477 [main] WARN  server.ServerUtils (ServerUtils.java:getDBPath(222)) - ozone.om.db.dirs is not configured. We recommend adding this setting. Falling back to ozone.metadata.dirs instead.
2019-10-08 03:52:07,478 [main] WARN  server.ServerUtils (ServerUtils.java:getDBPath(222)) - ozone.om.db.dirs is not configured. We recommend adding this setting. Falling back to ozone.metadata.dirs instead.
2019-10-08 03:52:07,485 [main] WARN  server.ServerUtils (ServerUtils.java:getDBPath(222)) - ozone.om.db.dirs is not configured. We recommend adding this setting. Falling back to ozone.metadata.dirs instead.
2019-10-08 03:52:07,486 [main] INFO  db.DBStoreBuilder (DBStoreBuilder.java:addTable(117)) - using custom profile for table: userTable
2019-10-08 03:52:07,486 [main] INFO  db.DBStoreBuilder (DBStoreBuilder.java:processTables(168)) - Using default column profile:DBProfile.DISK for Table:userTable
2019-10-08 03:52:07,486 [main] INFO  db.DBStoreBuilder (DBStoreBuilder.java:addTable(117)) - using custom profile for table: volumeTable
2019-10-08 03:52:07,486 [main] INFO  db.DBStoreBuilder (DBStoreBuilder.java:processTables(168)) - Using default column profile:DBProfile.DISK for Table:volumeTable
2019-10-08 03:52:07,486 [main] INFO  db.DBStoreBuilder (DBStoreBuilder.java:addTable(117)) - using custom profile for table: bucketTable
2019-10-08 03:52:07,487 [main] INFO  db.DBStoreBuilder (DBStoreBuilder.java:processTables(168)) - Using default column profile:DBProfile.DISK for Table:bucketTable
2019-10-08 03:52:07,487 [main] INFO  db.DBStoreBuilder (DBStoreBuilder.java:addTable(117)) - using custom profile for table: keyTable
2019-10-08 03:52:07,487 [main] INFO  db.DBStoreBuilder (DBStoreBuilder.java:processTables(168)) - Using default column profile:DBProfile.DISK for Table:keyTable
2019-10-08 03:52:07,487 [main] INFO  db.DBStoreBuilder (DBStoreBuilder.java:addTable(117)) - using custom profile for table: deletedTable
2019-10-08 03:52:07,487 [main] INFO  db.DBStoreBuilder (DBStoreBuilder.java:processTables(168)) - Using default column profile:DBProfile.DISK for Table:deletedTable
2019-10-08 03:52:07,488 [main] INFO  db.DBStoreBuilder (DBStoreBuilder.java:addTable(117)) - using custom profile for table: openKeyTable
2019-10-08 03:52:07,488 [main] INFO  db.DBStoreBuilder (DBStoreBuilder.java:processTables(168)) - Using default column profile:DBProfile.DISK for Table:openKeyTable
2019-10-08 03:52:07,488 [main] INFO  db.DBStoreBuilder (DBStoreBuilder.java:addTable(117)) - using custom profile for table: s3Table
2019-10-08 03:52:07,488 [main] INFO  db.DBStoreBuilder (DBStoreBuilder.java:processTables(168)) - Using default column profile:DBProfile.DISK for Table:s3Table
2019-10-08 03:52:07,489 [main] INFO  db.DBStoreBuilder (DBStoreBuilder.java:addTable(117)) - using custom profile for table: multipartInfoTable
2019-10-08 03:52:07,489 [main] INFO  db.DBStoreBuilder (DBStoreBuilder.java:processTables(168)) - Using default column profile:DBProfile.DISK for Table:multipartInfoTable
2019-10-08 03:52:07,489 [main] INFO  db.DBStoreBuilder (DBStoreBuilder.java:addTable(117)) - using custom profile for table: dTokenTable
2019-10-08 03:52:07,489 [main] INFO  db.DBStoreBuilder (DBStoreBuilder.java:processTables(168)) - Using default column profile:DBProfile.DISK for Table:dTokenTable
2019-10-08 03:52:07,489 [main] INFO  db.DBStoreBuilder (DBStoreBuilder.java:addTable(117)) - using custom profile for table: s3SecretTable
2019-10-08 03:52:07,490 [main] INFO  db.DBStoreBuilder (DBStoreBuilder.java:processTables(168)) - Using default column profile:DBProfile.DISK for Table:s3SecretTable
2019-10-08 03:52:07,490 [main] INFO  db.DBStoreBuilder (DBStoreBuilder.java:addTable(117)) - using custom profile for table: prefixTable
2019-10-08 03:52:07,490 [main] INFO  db.DBStoreBuilder (DBStoreBuilder.java:processTables(168)) - Using default column profile:DBProfile.DISK for Table:prefixTable
2019-10-08 03:52:07,490 [main] INFO  db.DBStoreBuilder (DBStoreBuilder.java:addTable(117)) - using custom profile for table: default
2019-10-08 03:52:07,490 [main] INFO  db.DBStoreBuilder (DBStoreBuilder.java:processTables(174)) - Using default column profile:DBProfile.DISK for Table:default
2019-10-08 03:52:07,491 [main] INFO  db.DBStoreBuilder (DBStoreBuilder.java:getDbProfile(205)) - Using default options. DBProfile.DISK
2019-10-08 03:52:08,216 [main] INFO  ipc.CallQueueManager (CallQueueManager.java:<init>(84)) - Using callQueue: class java.util.concurrent.LinkedBlockingQueue, queueCapacity: 2000, scheduler: class org.apache.hadoop.ipc.DefaultRpcScheduler, ipcBackoff: false.
2019-10-08 03:52:08,217 [Socket Reader #1 for port 42654] INFO  ipc.Server (Server.java:run(1074)) - Starting Socket Reader #1 for port 42654
2019-10-08 03:52:08,236 [main] INFO  om.OzoneManager (OzoneManager.java:start(1069)) - OzoneManager RPC server is listening at localhost/127.0.0.1:42654
2019-10-08 03:52:08,236 [main] INFO  impl.MetricsSystemImpl (MetricsSystemImpl.java:init(158)) - OzoneManager metrics system started (again)
2019-10-08 03:52:08,238 [IPC Server Responder] INFO  ipc.Server (Server.java:run(1314)) - IPC Server Responder: starting
2019-10-08 03:52:08,240 [IPC Server listener on 42654] INFO  ipc.Server (Server.java:run(1153)) - IPC Server listener on 42654: starting
2019-10-08 03:52:08,245 [main] INFO  hdfs.DFSUtil (DFSUtil.java:httpServerTemplateForNNAndJN(1641)) - Starting Web-server for ozoneManager at: http://0.0.0.0:0
2019-10-08 03:52:08,247 [main] INFO  server.AuthenticationFilter (AuthenticationFilter.java:constructSecretProvider(240)) - Unable to initialize FileSignerSecretProvider, falling back to use random secrets.
2019-10-08 03:52:08,247 [main] WARN  http.HttpRequestLog (HttpRequestLog.java:getRequestLog(97)) - Jetty request log can only be enabled using Log4j
2019-10-08 03:52:08,250 [main] INFO  http.HttpServer2 (HttpServer2.java:addGlobalFilter(975)) - Added global filter 'safety' (class=org.apache.hadoop.http.HttpServer2$QuotingInputFilter)
2019-10-08 03:52:08,250 [main] INFO  http.HttpServer2 (HttpServer2.java:addFilter(948)) - Added filter static_user_filter (class=org.apache.hadoop.http.lib.StaticUserWebFilter$StaticUserFilter) to context ozoneManager
2019-10-08 03:52:08,251 [main] INFO  http.HttpServer2 (HttpServer2.java:addFilter(958)) - Added filter static_user_filter (class=org.apache.hadoop.http.lib.StaticUserWebFilter$StaticUserFilter) to context static
2019-10-08 03:52:08,251 [main] INFO  http.HttpServer2 (HttpServer2.java:addFilter(958)) - Added filter static_user_filter (class=org.apache.hadoop.http.lib.StaticUserWebFilter$StaticUserFilter) to context logs
2019-10-08 03:52:08,252 [main] INFO  http.HttpServer2 (HttpServer2.java:bindListener(1191)) - Jetty bound to port 33251
2019-10-08 03:52:08,252 [main] INFO  server.Server (Server.java:doStart(351)) - jetty-9.3.25.v20180904, build timestamp: 2018-09-04T21:11:46Z, git hash: 3ce520221d0240229c862b122d2b06c12a625732
2019-10-08 03:52:08,254 [main] INFO  handler.ContextHandler (ContextHandler.java:doStart(781)) - Started o.e.j.s.ServletContextHandler@4f664bee{/logs,file:///workdir/hadoop-ozone/integration-test/target/log,AVAILABLE}
2019-10-08 03:52:08,255 [main] INFO  handler.ContextHandler (ContextHandler.java:doStart(781)) - Started o.e.j.s.ServletContextHandler@4fd74223{/static,file:///workdir/hadoop-ozone/integration-test/target/test-classes/webapps/static,AVAILABLE}
2019-10-08 03:52:08,260 [main] INFO  handler.ContextHandler (ContextHandler.java:doStart(781)) - Started o.e.j.w.WebAppContext@4981d95b{/,file:///workdir/hadoop-ozone/integration-test/target/test-classes/webapps/ozoneManager/,AVAILABLE}{/ozoneManager}
2019-10-08 03:52:08,261 [main] INFO  server.AbstractConnector (AbstractConnector.java:doStart(278)) - Started ServerConnector@656842bc{HTTP/1.1,[http/1.1]}{0.0.0.0:33251}
2019-10-08 03:52:08,263 [main] INFO  server.Server (Server.java:doStart(419)) - Started @597027ms
2019-10-08 03:52:08,263 [main] WARN  impl.MetricsSystemImpl (MetricsSystemImpl.java:register(276)) - Sink prometheus already exists!
2019-10-08 03:52:08,264 [main] INFO  server.BaseHttpServer (BaseHttpServer.java:updateConnectorAddress(215)) - HTTP server of OZONEMANAGER is listening at http://0.0.0.0:33251
2019-10-08 03:52:08,283 [main] INFO  impl.MetricsSystemImpl (MetricsSystemImpl.java:init(158)) - HddsDatanode metrics system started (again)
2019-10-08 03:52:08,288 [main] INFO  ozone.HddsDatanodeService (HddsDatanodeService.java:start(184)) - HddsDatanodeService host:pr-hdds-2217-jqnfv-3133698562 ip:192.168.151.83
2019-10-08 03:52:08,295 [main] INFO  volume.HddsVolume (HddsVolume.java:<init>(176)) - Creating Volume: /workdir/hadoop-ozone/integration-test/target/test-dir/MiniOzoneClusterImpl-a9be05cf-aef7-47c4-a115-9f43cc1793f2/datanode-0/data/containers/hdds of  storage type : DISK and capacity : 1482555576320
2019-10-08 03:52:08,295 [main] INFO  volume.VolumeSet (VolumeSet.java:initializeVolumeSet(170)) - Added Volume : /workdir/hadoop-ozone/integration-test/target/test-dir/MiniOzoneClusterImpl-a9be05cf-aef7-47c4-a115-9f43cc1793f2/datanode-0/data/containers/hdds to VolumeSet
2019-10-08 03:52:08,296 [main] INFO  volume.ThrottledAsyncChecker (ThrottledAsyncChecker.java:schedule(139)) - Scheduling a check for org.apache.hadoop.ozone.container.common.volume.HddsVolume@34edd065
2019-10-08 03:52:08,296 [main] INFO  volume.HddsVolumeChecker (HddsVolumeChecker.java:checkAllVolumes(202)) - Scheduled health check for volume org.apache.hadoop.ozone.container.common.volume.HddsVolume@34edd065
2019-10-08 03:52:08,314 [main] INFO  impl.RaftServerProxy (ConfUtils.java:logGet(43)) - raft.rpc.type = GRPC (default)
2019-10-08 03:52:08,315 [main] INFO  grpc.GrpcFactory (GrpcFactory.java:checkPooledByteBufAllocatorUseCacheForAllThreads(45)) - PERFORMANCE WARNING: useCacheForAllThreads is true that may cause Netty to create a lot garbage objects and, as a result, trigger GC.
	It is recommended to disable useCacheForAllThreads by setting -Dorg.apache.ratis.thirdparty.io.netty.allocator.useCacheForAllThreads=false in command line.
2019-10-08 03:52:08,315 [main] INFO  grpc.GrpcConfigKeys$Server (ConfUtils.java:logGet(43)) - raft.grpc.server.port = 0 (default)
2019-10-08 03:52:08,315 [main] INFO  server.GrpcService (ConfUtils.java:logGet(43)) - raft.grpc.message.size.max = 33570816 (custom)
2019-10-08 03:52:08,316 [main] INFO  server.RaftServerConfigKeys (ConfUtils.java:logGet(43)) - raft.server.log.appender.buffer.byte-limit = 33554432 (custom)
2019-10-08 03:52:08,316 [main] INFO  server.GrpcService (ConfUtils.java:logGet(43)) - raft.grpc.flow.control.window = 1MB (=1048576) (default)
2019-10-08 03:52:08,316 [main] INFO  server.RaftServerConfigKeys (ConfUtils.java:logGet(43)) - raft.server.rpc.request.timeout = 3000ms (default)
2019-10-08 03:52:08,317 [main] INFO  server.RaftServerConfigKeys (ConfUtils.java:logGet(43)) - raft.server.storage.dir = [/workdir/hadoop-ozone/integration-test/target/test-dir/MiniOzoneClusterImpl-a9be05cf-aef7-47c4-a115-9f43cc1793f2/datanode-0/data/ratis] (custom)
2019-10-08 03:52:08,318 [main] INFO  hdfs.DFSUtil (DFSUtil.java:httpServerTemplateForNNAndJN(1641)) - Starting Web-server for hddsDatanode at: http://0.0.0.0:0
2019-10-08 03:52:08,320 [main] INFO  server.AuthenticationFilter (AuthenticationFilter.java:constructSecretProvider(240)) - Unable to initialize FileSignerSecretProvider, falling back to use random secrets.
2019-10-08 03:52:08,320 [main] WARN  http.HttpRequestLog (HttpRequestLog.java:getRequestLog(97)) - Jetty request log can only be enabled using Log4j
2019-10-08 03:52:08,322 [main] INFO  http.HttpServer2 (HttpServer2.java:addGlobalFilter(975)) - Added global filter 'safety' (class=org.apache.hadoop.http.HttpServer2$QuotingInputFilter)
2019-10-08 03:52:08,322 [main] INFO  http.HttpServer2 (HttpServer2.java:addFilter(948)) - Added filter static_user_filter (class=org.apache.hadoop.http.lib.StaticUserWebFilter$StaticUserFilter) to context hddsDatanode
2019-10-08 03:52:08,323 [main] INFO  http.HttpServer2 (HttpServer2.java:addFilter(958)) - Added filter static_user_filter (class=org.apache.hadoop.http.lib.StaticUserWebFilter$StaticUserFilter) to context logs
2019-10-08 03:52:08,323 [main] INFO  http.HttpServer2 (HttpServer2.java:addFilter(958)) - Added filter static_user_filter (class=org.apache.hadoop.http.lib.StaticUserWebFilter$StaticUserFilter) to context static
2019-10-08 03:52:08,323 [main] INFO  http.HttpServer2 (HttpServer2.java:bindListener(1191)) - Jetty bound to port 43648
2019-10-08 03:52:08,324 [main] INFO  server.Server (Server.java:doStart(351)) - jetty-9.3.25.v20180904, build timestamp: 2018-09-04T21:11:46Z, git hash: 3ce520221d0240229c862b122d2b06c12a625732
2019-10-08 03:52:08,326 [main] INFO  handler.ContextHandler (ContextHandler.java:doStart(781)) - Started o.e.j.s.ServletContextHandler@29bbc63c{/logs,file:///workdir/hadoop-ozone/integration-test/target/log,AVAILABLE}
2019-10-08 03:52:08,326 [main] INFO  handler.ContextHandler (ContextHandler.java:doStart(781)) - Started o.e.j.s.ServletContextHandler@2cccf134{/static,jar:file:/home/user/.m2/repository/org/apache/hadoop/hadoop-hdds-container-service/0.5.0-SNAPSHOT/hadoop-hdds-container-service-0.5.0-SNAPSHOT.jar!/webapps/static,AVAILABLE}
2019-10-08 03:52:08,360 [main] INFO  handler.ContextHandler (ContextHandler.java:doStart(781)) - Started o.e.j.w.WebAppContext@231df705{/,file:///tmp/jetty-0.0.0.0-43648-hddsDatanode-_-any-3045519258123027561.dir/webapp/,AVAILABLE}{/hddsDatanode}
2019-10-08 03:52:08,361 [main] INFO  server.AbstractConnector (AbstractConnector.java:doStart(278)) - Started ServerConnector@2d130ac4{HTTP/1.1,[http/1.1]}{0.0.0.0:43648}
2019-10-08 03:52:08,361 [main] INFO  server.Server (Server.java:doStart(419)) - Started @597126ms
2019-10-08 03:52:08,363 [main] WARN  impl.MetricsSystemImpl (MetricsSystemImpl.java:register(276)) - Sink prometheus already exists!
2019-10-08 03:52:08,363 [main] INFO  server.BaseHttpServer (BaseHttpServer.java:updateConnectorAddress(215)) - HTTP server of HDDSDATANODE is listening at http://0.0.0.0:43648
2019-10-08 03:52:08,364 [main] INFO  impl.MetricsSystemImpl (MetricsSystemImpl.java:init(158)) - HddsDatanode metrics system started (again)
2019-10-08 03:52:08,368 [org.apache.hadoop.util.JvmPauseMonitor$Monitor@554b4aa8] INFO  util.JvmPauseMonitor (JvmPauseMonitor.java:run(188)) - Starting JVM pause monitor
2019-10-08 03:52:08,368 [main] INFO  ozone.HddsDatanodeService (HddsDatanodeService.java:start(184)) - HddsDatanodeService host:pr-hdds-2217-jqnfv-3133698562 ip:192.168.151.83
2019-10-08 03:52:08,370 [Datanode State Machine Thread - 0] INFO  datanode.InitDatanodeState (InitDatanodeState.java:persistContainerDatanodeDetails(140)) - DatanodeDetails is persisted to /workdir/hadoop-ozone/integration-test/target/test-dir/MiniOzoneClusterImpl-a9be05cf-aef7-47c4-a115-9f43cc1793f2/datanode-0/meta/datanode.id
2019-10-08 03:52:08,375 [main] INFO  volume.HddsVolume (HddsVolume.java:<init>(176)) - Creating Volume: /workdir/hadoop-ozone/integration-test/target/test-dir/MiniOzoneClusterImpl-a9be05cf-aef7-47c4-a115-9f43cc1793f2/datanode-1/data/containers/hdds of  storage type : DISK and capacity : 1482555576320
2019-10-08 03:52:08,376 [main] INFO  volume.VolumeSet (VolumeSet.java:initializeVolumeSet(170)) - Added Volume : /workdir/hadoop-ozone/integration-test/target/test-dir/MiniOzoneClusterImpl-a9be05cf-aef7-47c4-a115-9f43cc1793f2/datanode-1/data/containers/hdds to VolumeSet
2019-10-08 03:52:08,376 [main] INFO  volume.ThrottledAsyncChecker (ThrottledAsyncChecker.java:schedule(139)) - Scheduling a check for org.apache.hadoop.ozone.container.common.volume.HddsVolume@111cba40
2019-10-08 03:52:08,376 [main] INFO  volume.HddsVolumeChecker (HddsVolumeChecker.java:checkAllVolumes(202)) - Scheduled health check for volume org.apache.hadoop.ozone.container.common.volume.HddsVolume@111cba40
2019-10-08 03:52:08,389 [main] INFO  impl.RaftServerProxy (ConfUtils.java:logGet(43)) - raft.rpc.type = GRPC (default)
2019-10-08 03:52:08,389 [main] INFO  grpc.GrpcFactory (GrpcFactory.java:checkPooledByteBufAllocatorUseCacheForAllThreads(45)) - PERFORMANCE WARNING: useCacheForAllThreads is true that may cause Netty to create a lot garbage objects and, as a result, trigger GC.
	It is recommended to disable useCacheForAllThreads by setting -Dorg.apache.ratis.thirdparty.io.netty.allocator.useCacheForAllThreads=false in command line.
2019-10-08 03:52:08,389 [main] INFO  grpc.GrpcConfigKeys$Server (ConfUtils.java:logGet(43)) - raft.grpc.server.port = 0 (default)
2019-10-08 03:52:08,390 [main] INFO  server.GrpcService (ConfUtils.java:logGet(43)) - raft.grpc.message.size.max = 33570816 (custom)
2019-10-08 03:52:08,390 [main] INFO  server.RaftServerConfigKeys (ConfUtils.java:logGet(43)) - raft.server.log.appender.buffer.byte-limit = 33554432 (custom)
2019-10-08 03:52:08,390 [main] INFO  server.GrpcService (ConfUtils.java:logGet(43)) - raft.grpc.flow.control.window = 1MB (=1048576) (default)
2019-10-08 03:52:08,390 [main] INFO  server.RaftServerConfigKeys (ConfUtils.java:logGet(43)) - raft.server.rpc.request.timeout = 3000ms (default)
2019-10-08 03:52:08,390 [main] INFO  server.RaftServerConfigKeys (ConfUtils.java:logGet(43)) - raft.server.storage.dir = [/workdir/hadoop-ozone/integration-test/target/test-dir/MiniOzoneClusterImpl-a9be05cf-aef7-47c4-a115-9f43cc1793f2/datanode-1/data/ratis] (custom)
2019-10-08 03:52:08,392 [main] INFO  hdfs.DFSUtil (DFSUtil.java:httpServerTemplateForNNAndJN(1641)) - Starting Web-server for hddsDatanode at: http://0.0.0.0:0
2019-10-08 03:52:08,393 [main] INFO  server.AuthenticationFilter (AuthenticationFilter.java:constructSecretProvider(240)) - Unable to initialize FileSignerSecretProvider, falling back to use random secrets.
2019-10-08 03:52:08,393 [main] WARN  http.HttpRequestLog (HttpRequestLog.java:getRequestLog(97)) - Jetty request log can only be enabled using Log4j
2019-10-08 03:52:08,394 [main] INFO  http.HttpServer2 (HttpServer2.java:addGlobalFilter(975)) - Added global filter 'safety' (class=org.apache.hadoop.http.HttpServer2$QuotingInputFilter)
2019-10-08 03:52:08,395 [main] INFO  http.HttpServer2 (HttpServer2.java:addFilter(948)) - Added filter static_user_filter (class=org.apache.hadoop.http.lib.StaticUserWebFilter$StaticUserFilter) to context hddsDatanode
2019-10-08 03:52:08,395 [main] INFO  http.HttpServer2 (HttpServer2.java:addFilter(958)) - Added filter static_user_filter (class=org.apache.hadoop.http.lib.StaticUserWebFilter$StaticUserFilter) to context logs
2019-10-08 03:52:08,395 [main] INFO  http.HttpServer2 (HttpServer2.java:addFilter(958)) - Added filter static_user_filter (class=org.apache.hadoop.http.lib.StaticUserWebFilter$StaticUserFilter) to context static
2019-10-08 03:52:08,396 [main] INFO  http.HttpServer2 (HttpServer2.java:bindListener(1191)) - Jetty bound to port 39381
2019-10-08 03:52:08,396 [main] INFO  server.Server (Server.java:doStart(351)) - jetty-9.3.25.v20180904, build timestamp: 2018-09-04T21:11:46Z, git hash: 3ce520221d0240229c862b122d2b06c12a625732
2019-10-08 03:52:08,397 [main] INFO  handler.ContextHandler (ContextHandler.java:doStart(781)) - Started o.e.j.s.ServletContextHandler@75bd28d{/logs,file:///workdir/hadoop-ozone/integration-test/target/log,AVAILABLE}
2019-10-08 03:52:08,398 [main] INFO  handler.ContextHandler (ContextHandler.java:doStart(781)) - Started o.e.j.s.ServletContextHandler@11810917{/static,jar:file:/home/user/.m2/repository/org/apache/hadoop/hadoop-hdds-container-service/0.5.0-SNAPSHOT/hadoop-hdds-container-service-0.5.0-SNAPSHOT.jar!/webapps/static,AVAILABLE}
2019-10-08 03:52:08,428 [main] INFO  handler.ContextHandler (ContextHandler.java:doStart(781)) - Started o.e.j.w.WebAppContext@5fb54740{/,file:///tmp/jetty-0.0.0.0-39381-hddsDatanode-_-any-5307381740878341369.dir/webapp/,AVAILABLE}{/hddsDatanode}
2019-10-08 03:52:08,428 [main] INFO  server.AbstractConnector (AbstractConnector.java:doStart(278)) - Started ServerConnector@325162e9{HTTP/1.1,[http/1.1]}{0.0.0.0:39381}
2019-10-08 03:52:08,430 [main] INFO  server.Server (Server.java:doStart(419)) - Started @597195ms
2019-10-08 03:52:08,430 [main] WARN  impl.MetricsSystemImpl (MetricsSystemImpl.java:register(276)) - Sink prometheus already exists!
2019-10-08 03:52:08,431 [main] INFO  server.BaseHttpServer (BaseHttpServer.java:updateConnectorAddress(215)) - HTTP server of HDDSDATANODE is listening at http://0.0.0.0:39381
2019-10-08 03:52:08,432 [main] INFO  impl.MetricsSystemImpl (MetricsSystemImpl.java:init(158)) - HddsDatanode metrics system started (again)
2019-10-08 03:52:08,436 [org.apache.hadoop.util.JvmPauseMonitor$Monitor@583f548b] INFO  util.JvmPauseMonitor (JvmPauseMonitor.java:run(188)) - Starting JVM pause monitor
2019-10-08 03:52:08,437 [main] INFO  ozone.HddsDatanodeService (HddsDatanodeService.java:start(184)) - HddsDatanodeService host:pr-hdds-2217-jqnfv-3133698562 ip:192.168.151.83
2019-10-08 03:52:08,438 [Datanode State Machine Thread - 0] INFO  datanode.InitDatanodeState (InitDatanodeState.java:persistContainerDatanodeDetails(140)) - DatanodeDetails is persisted to /workdir/hadoop-ozone/integration-test/target/test-dir/MiniOzoneClusterImpl-a9be05cf-aef7-47c4-a115-9f43cc1793f2/datanode-1/meta/datanode.id
2019-10-08 03:52:08,445 [main] INFO  volume.HddsVolume (HddsVolume.java:<init>(176)) - Creating Volume: /workdir/hadoop-ozone/integration-test/target/test-dir/MiniOzoneClusterImpl-a9be05cf-aef7-47c4-a115-9f43cc1793f2/datanode-2/data/containers/hdds of  storage type : DISK and capacity : 1482555576320
2019-10-08 03:52:08,446 [main] INFO  volume.VolumeSet (VolumeSet.java:initializeVolumeSet(170)) - Added Volume : /workdir/hadoop-ozone/integration-test/target/test-dir/MiniOzoneClusterImpl-a9be05cf-aef7-47c4-a115-9f43cc1793f2/datanode-2/data/containers/hdds to VolumeSet
2019-10-08 03:52:08,446 [main] INFO  volume.ThrottledAsyncChecker (ThrottledAsyncChecker.java:schedule(139)) - Scheduling a check for org.apache.hadoop.ozone.container.common.volume.HddsVolume@7b9e25bd
2019-10-08 03:52:08,446 [main] INFO  volume.HddsVolumeChecker (HddsVolumeChecker.java:checkAllVolumes(202)) - Scheduled health check for volume org.apache.hadoop.ozone.container.common.volume.HddsVolume@7b9e25bd
2019-10-08 03:52:08,460 [main] INFO  impl.RaftServerProxy (ConfUtils.java:logGet(43)) - raft.rpc.type = GRPC (default)
2019-10-08 03:52:08,460 [main] INFO  grpc.GrpcFactory (GrpcFactory.java:checkPooledByteBufAllocatorUseCacheForAllThreads(45)) - PERFORMANCE WARNING: useCacheForAllThreads is true that may cause Netty to create a lot garbage objects and, as a result, trigger GC.
	It is recommended to disable useCacheForAllThreads by setting -Dorg.apache.ratis.thirdparty.io.netty.allocator.useCacheForAllThreads=false in command line.
2019-10-08 03:52:08,461 [main] INFO  grpc.GrpcConfigKeys$Server (ConfUtils.java:logGet(43)) - raft.grpc.server.port = 0 (default)
2019-10-08 03:52:08,461 [main] INFO  server.GrpcService (ConfUtils.java:logGet(43)) - raft.grpc.message.size.max = 33570816 (custom)
2019-10-08 03:52:08,461 [main] INFO  server.RaftServerConfigKeys (ConfUtils.java:logGet(43)) - raft.server.log.appender.buffer.byte-limit = 33554432 (custom)
2019-10-08 03:52:08,461 [main] INFO  server.GrpcService (ConfUtils.java:logGet(43)) - raft.grpc.flow.control.window = 1MB (=1048576) (default)
2019-10-08 03:52:08,461 [main] INFO  server.RaftServerConfigKeys (ConfUtils.java:logGet(43)) - raft.server.rpc.request.timeout = 3000ms (default)
2019-10-08 03:52:08,462 [main] INFO  server.RaftServerConfigKeys (ConfUtils.java:logGet(43)) - raft.server.storage.dir = [/workdir/hadoop-ozone/integration-test/target/test-dir/MiniOzoneClusterImpl-a9be05cf-aef7-47c4-a115-9f43cc1793f2/datanode-2/data/ratis] (custom)
2019-10-08 03:52:08,463 [main] INFO  hdfs.DFSUtil (DFSUtil.java:httpServerTemplateForNNAndJN(1641)) - Starting Web-server for hddsDatanode at: http://0.0.0.0:0
2019-10-08 03:52:08,464 [main] INFO  server.AuthenticationFilter (AuthenticationFilter.java:constructSecretProvider(240)) - Unable to initialize FileSignerSecretProvider, falling back to use random secrets.
2019-10-08 03:52:08,464 [main] WARN  http.HttpRequestLog (HttpRequestLog.java:getRequestLog(97)) - Jetty request log can only be enabled using Log4j
2019-10-08 03:52:08,466 [main] INFO  http.HttpServer2 (HttpServer2.java:addGlobalFilter(975)) - Added global filter 'safety' (class=org.apache.hadoop.http.HttpServer2$QuotingInputFilter)
2019-10-08 03:52:08,466 [main] INFO  http.HttpServer2 (HttpServer2.java:addFilter(948)) - Added filter static_user_filter (class=org.apache.hadoop.http.lib.StaticUserWebFilter$StaticUserFilter) to context hddsDatanode
2019-10-08 03:52:08,466 [main] INFO  http.HttpServer2 (HttpServer2.java:addFilter(958)) - Added filter static_user_filter (class=org.apache.hadoop.http.lib.StaticUserWebFilter$StaticUserFilter) to context static
2019-10-08 03:52:08,466 [main] INFO  http.HttpServer2 (HttpServer2.java:addFilter(958)) - Added filter static_user_filter (class=org.apache.hadoop.http.lib.StaticUserWebFilter$StaticUserFilter) to context logs
2019-10-08 03:52:08,467 [main] INFO  http.HttpServer2 (HttpServer2.java:bindListener(1191)) - Jetty bound to port 41637
2019-10-08 03:52:08,467 [main] INFO  server.Server (Server.java:doStart(351)) - jetty-9.3.25.v20180904, build timestamp: 2018-09-04T21:11:46Z, git hash: 3ce520221d0240229c862b122d2b06c12a625732
2019-10-08 03:52:08,469 [main] INFO  handler.ContextHandler (ContextHandler.java:doStart(781)) - Started o.e.j.s.ServletContextHandler@5763a655{/logs,file:///workdir/hadoop-ozone/integration-test/target/log,AVAILABLE}
2019-10-08 03:52:08,469 [main] INFO  handler.ContextHandler (ContextHandler.java:doStart(781)) - Started o.e.j.s.ServletContextHandler@46bb0bdf{/static,jar:file:/home/user/.m2/repository/org/apache/hadoop/hadoop-hdds-container-service/0.5.0-SNAPSHOT/hadoop-hdds-container-service-0.5.0-SNAPSHOT.jar!/webapps/static,AVAILABLE}
2019-10-08 03:52:08,497 [main] INFO  handler.ContextHandler (ContextHandler.java:doStart(781)) - Started o.e.j.w.WebAppContext@61da0413{/,file:///tmp/jetty-0.0.0.0-41637-hddsDatanode-_-any-5543469219077515793.dir/webapp/,AVAILABLE}{/hddsDatanode}
2019-10-08 03:52:08,498 [main] INFO  server.AbstractConnector (AbstractConnector.java:doStart(278)) - Started ServerConnector@5627cb29{HTTP/1.1,[http/1.1]}{0.0.0.0:41637}
2019-10-08 03:52:08,499 [main] INFO  server.Server (Server.java:doStart(419)) - Started @597263ms
2019-10-08 03:52:08,500 [main] WARN  impl.MetricsSystemImpl (MetricsSystemImpl.java:register(276)) - Sink prometheus already exists!
2019-10-08 03:52:08,500 [main] INFO  server.BaseHttpServer (BaseHttpServer.java:updateConnectorAddress(215)) - HTTP server of HDDSDATANODE is listening at http://0.0.0.0:41637
2019-10-08 03:52:08,501 [main] INFO  impl.MetricsSystemImpl (MetricsSystemImpl.java:init(158)) - HddsDatanode metrics system started (again)
2019-10-08 03:52:08,506 [org.apache.hadoop.util.JvmPauseMonitor$Monitor@755bde65] INFO  util.JvmPauseMonitor (JvmPauseMonitor.java:run(188)) - Starting JVM pause monitor
2019-10-08 03:52:08,506 [main] INFO  ozone.HddsDatanodeService (HddsDatanodeService.java:start(184)) - HddsDatanodeService host:pr-hdds-2217-jqnfv-3133698562 ip:192.168.151.83
2019-10-08 03:52:08,507 [Datanode State Machine Thread - 0] INFO  datanode.InitDatanodeState (InitDatanodeState.java:persistContainerDatanodeDetails(140)) - DatanodeDetails is persisted to /workdir/hadoop-ozone/integration-test/target/test-dir/MiniOzoneClusterImpl-a9be05cf-aef7-47c4-a115-9f43cc1793f2/datanode-2/meta/datanode.id
2019-10-08 03:52:08,513 [main] INFO  volume.HddsVolume (HddsVolume.java:<init>(176)) - Creating Volume: /workdir/hadoop-ozone/integration-test/target/test-dir/MiniOzoneClusterImpl-a9be05cf-aef7-47c4-a115-9f43cc1793f2/datanode-3/data/containers/hdds of  storage type : DISK and capacity : 1482555576320
2019-10-08 03:52:08,513 [main] INFO  volume.VolumeSet (VolumeSet.java:initializeVolumeSet(170)) - Added Volume : /workdir/hadoop-ozone/integration-test/target/test-dir/MiniOzoneClusterImpl-a9be05cf-aef7-47c4-a115-9f43cc1793f2/datanode-3/data/containers/hdds to VolumeSet
2019-10-08 03:52:08,513 [main] INFO  volume.ThrottledAsyncChecker (ThrottledAsyncChecker.java:schedule(139)) - Scheduling a check for org.apache.hadoop.ozone.container.common.volume.HddsVolume@340afaf8
2019-10-08 03:52:08,514 [main] INFO  volume.HddsVolumeChecker (HddsVolumeChecker.java:checkAllVolumes(202)) - Scheduled health check for volume org.apache.hadoop.ozone.container.common.volume.HddsVolume@340afaf8
2019-10-08 03:52:08,526 [main] INFO  impl.RaftServerProxy (ConfUtils.java:logGet(43)) - raft.rpc.type = GRPC (default)
2019-10-08 03:52:08,526 [main] INFO  grpc.GrpcFactory (GrpcFactory.java:checkPooledByteBufAllocatorUseCacheForAllThreads(45)) - PERFORMANCE WARNING: useCacheForAllThreads is true that may cause Netty to create a lot garbage objects and, as a result, trigger GC.
	It is recommended to disable useCacheForAllThreads by setting -Dorg.apache.ratis.thirdparty.io.netty.allocator.useCacheForAllThreads=false in command line.
2019-10-08 03:52:08,526 [main] INFO  grpc.GrpcConfigKeys$Server (ConfUtils.java:logGet(43)) - raft.grpc.server.port = 0 (default)
2019-10-08 03:52:08,527 [main] INFO  server.GrpcService (ConfUtils.java:logGet(43)) - raft.grpc.message.size.max = 33570816 (custom)
2019-10-08 03:52:08,527 [main] INFO  server.RaftServerConfigKeys (ConfUtils.java:logGet(43)) - raft.server.log.appender.buffer.byte-limit = 33554432 (custom)
2019-10-08 03:52:08,527 [main] INFO  server.GrpcService (ConfUtils.java:logGet(43)) - raft.grpc.flow.control.window = 1MB (=1048576) (default)
2019-10-08 03:52:08,527 [main] INFO  server.RaftServerConfigKeys (ConfUtils.java:logGet(43)) - raft.server.rpc.request.timeout = 3000ms (default)
2019-10-08 03:52:08,527 [main] INFO  server.RaftServerConfigKeys (ConfUtils.java:logGet(43)) - raft.server.storage.dir = [/workdir/hadoop-ozone/integration-test/target/test-dir/MiniOzoneClusterImpl-a9be05cf-aef7-47c4-a115-9f43cc1793f2/datanode-3/data/ratis] (custom)
2019-10-08 03:52:08,529 [main] INFO  hdfs.DFSUtil (DFSUtil.java:httpServerTemplateForNNAndJN(1641)) - Starting Web-server for hddsDatanode at: http://0.0.0.0:0
2019-10-08 03:52:08,530 [main] INFO  server.AuthenticationFilter (AuthenticationFilter.java:constructSecretProvider(240)) - Unable to initialize FileSignerSecretProvider, falling back to use random secrets.
2019-10-08 03:52:08,530 [main] WARN  http.HttpRequestLog (HttpRequestLog.java:getRequestLog(97)) - Jetty request log can only be enabled using Log4j
2019-10-08 03:52:08,531 [main] INFO  http.HttpServer2 (HttpServer2.java:addGlobalFilter(975)) - Added global filter 'safety' (class=org.apache.hadoop.http.HttpServer2$QuotingInputFilter)
2019-10-08 03:52:08,531 [main] INFO  http.HttpServer2 (HttpServer2.java:addFilter(948)) - Added filter static_user_filter (class=org.apache.hadoop.http.lib.StaticUserWebFilter$StaticUserFilter) to context hddsDatanode
2019-10-08 03:52:08,532 [main] INFO  http.HttpServer2 (HttpServer2.java:addFilter(958)) - Added filter static_user_filter (class=org.apache.hadoop.http.lib.StaticUserWebFilter$StaticUserFilter) to context static
2019-10-08 03:52:08,532 [main] INFO  http.HttpServer2 (HttpServer2.java:addFilter(958)) - Added filter static_user_filter (class=org.apache.hadoop.http.lib.StaticUserWebFilter$StaticUserFilter) to context logs
2019-10-08 03:52:08,532 [main] INFO  http.HttpServer2 (HttpServer2.java:bindListener(1191)) - Jetty bound to port 39142
2019-10-08 03:52:08,532 [main] INFO  server.Server (Server.java:doStart(351)) - jetty-9.3.25.v20180904, build timestamp: 2018-09-04T21:11:46Z, git hash: 3ce520221d0240229c862b122d2b06c12a625732
2019-10-08 03:52:08,534 [main] INFO  handler.ContextHandler (ContextHandler.java:doStart(781)) - Started o.e.j.s.ServletContextHandler@788e3702{/logs,file:///workdir/hadoop-ozone/integration-test/target/log,AVAILABLE}
2019-10-08 03:52:08,534 [main] INFO  handler.ContextHandler (ContextHandler.java:doStart(781)) - Started o.e.j.s.ServletContextHandler@47187f50{/static,jar:file:/home/user/.m2/repository/org/apache/hadoop/hadoop-hdds-container-service/0.5.0-SNAPSHOT/hadoop-hdds-container-service-0.5.0-SNAPSHOT.jar!/webapps/static,AVAILABLE}
2019-10-08 03:52:08,563 [main] INFO  handler.ContextHandler (ContextHandler.java:doStart(781)) - Started o.e.j.w.WebAppContext@67c6f4d8{/,file:///tmp/jetty-0.0.0.0-39142-hddsDatanode-_-any-4912704345742070861.dir/webapp/,AVAILABLE}{/hddsDatanode}
2019-10-08 03:52:08,563 [main] INFO  server.AbstractConnector (AbstractConnector.java:doStart(278)) - Started ServerConnector@3a6e9856{HTTP/1.1,[http/1.1]}{0.0.0.0:39142}
2019-10-08 03:52:08,563 [main] INFO  server.Server (Server.java:doStart(419)) - Started @597328ms
2019-10-08 03:52:08,565 [main] WARN  impl.MetricsSystemImpl (MetricsSystemImpl.java:register(276)) - Sink prometheus already exists!
2019-10-08 03:52:08,567 [main] INFO  server.BaseHttpServer (BaseHttpServer.java:updateConnectorAddress(215)) - HTTP server of HDDSDATANODE is listening at http://0.0.0.0:39142
2019-10-08 03:52:08,568 [main] INFO  impl.MetricsSystemImpl (MetricsSystemImpl.java:init(158)) - HddsDatanode metrics system started (again)
2019-10-08 03:52:08,575 [org.apache.hadoop.util.JvmPauseMonitor$Monitor@338bc1a4] INFO  util.JvmPauseMonitor (JvmPauseMonitor.java:run(188)) - Starting JVM pause monitor
2019-10-08 03:52:08,576 [main] INFO  ozone.HddsDatanodeService (HddsDatanodeService.java:start(184)) - HddsDatanodeService host:pr-hdds-2217-jqnfv-3133698562 ip:192.168.151.83
2019-10-08 03:52:08,576 [Datanode State Machine Thread - 0] INFO  datanode.InitDatanodeState (InitDatanodeState.java:persistContainerDatanodeDetails(140)) - DatanodeDetails is persisted to /workdir/hadoop-ozone/integration-test/target/test-dir/MiniOzoneClusterImpl-a9be05cf-aef7-47c4-a115-9f43cc1793f2/datanode-3/meta/datanode.id
2019-10-08 03:52:08,583 [main] INFO  volume.HddsVolume (HddsVolume.java:<init>(176)) - Creating Volume: /workdir/hadoop-ozone/integration-test/target/test-dir/MiniOzoneClusterImpl-a9be05cf-aef7-47c4-a115-9f43cc1793f2/datanode-4/data/containers/hdds of  storage type : DISK and capacity : 1482555576320
2019-10-08 03:52:08,584 [main] INFO  volume.VolumeSet (VolumeSet.java:initializeVolumeSet(170)) - Added Volume : /workdir/hadoop-ozone/integration-test/target/test-dir/MiniOzoneClusterImpl-a9be05cf-aef7-47c4-a115-9f43cc1793f2/datanode-4/data/containers/hdds to VolumeSet
2019-10-08 03:52:08,584 [main] INFO  volume.ThrottledAsyncChecker (ThrottledAsyncChecker.java:schedule(139)) - Scheduling a check for org.apache.hadoop.ozone.container.common.volume.HddsVolume@7be94cd6
2019-10-08 03:52:08,586 [main] INFO  volume.HddsVolumeChecker (HddsVolumeChecker.java:checkAllVolumes(202)) - Scheduled health check for volume org.apache.hadoop.ozone.container.common.volume.HddsVolume@7be94cd6
2019-10-08 03:52:08,601 [main] INFO  impl.RaftServerProxy (ConfUtils.java:logGet(43)) - raft.rpc.type = GRPC (default)
2019-10-08 03:52:08,602 [main] INFO  grpc.GrpcFactory (GrpcFactory.java:checkPooledByteBufAllocatorUseCacheForAllThreads(45)) - PERFORMANCE WARNING: useCacheForAllThreads is true that may cause Netty to create a lot garbage objects and, as a result, trigger GC.
	It is recommended to disable useCacheForAllThreads by setting -Dorg.apache.ratis.thirdparty.io.netty.allocator.useCacheForAllThreads=false in command line.
2019-10-08 03:52:08,602 [main] INFO  grpc.GrpcConfigKeys$Server (ConfUtils.java:logGet(43)) - raft.grpc.server.port = 0 (default)
2019-10-08 03:52:08,602 [main] INFO  server.GrpcService (ConfUtils.java:logGet(43)) - raft.grpc.message.size.max = 33570816 (custom)
2019-10-08 03:52:08,602 [main] INFO  server.RaftServerConfigKeys (ConfUtils.java:logGet(43)) - raft.server.log.appender.buffer.byte-limit = 33554432 (custom)
2019-10-08 03:52:08,603 [main] INFO  server.GrpcService (ConfUtils.java:logGet(43)) - raft.grpc.flow.control.window = 1MB (=1048576) (default)
2019-10-08 03:52:08,603 [main] INFO  server.RaftServerConfigKeys (ConfUtils.java:logGet(43)) - raft.server.rpc.request.timeout = 3000ms (default)
2019-10-08 03:52:08,603 [main] INFO  server.RaftServerConfigKeys (ConfUtils.java:logGet(43)) - raft.server.storage.dir = [/workdir/hadoop-ozone/integration-test/target/test-dir/MiniOzoneClusterImpl-a9be05cf-aef7-47c4-a115-9f43cc1793f2/datanode-4/data/ratis] (custom)
2019-10-08 03:52:08,605 [main] INFO  hdfs.DFSUtil (DFSUtil.java:httpServerTemplateForNNAndJN(1641)) - Starting Web-server for hddsDatanode at: http://0.0.0.0:0
2019-10-08 03:52:08,606 [main] INFO  server.AuthenticationFilter (AuthenticationFilter.java:constructSecretProvider(240)) - Unable to initialize FileSignerSecretProvider, falling back to use random secrets.
2019-10-08 03:52:08,607 [main] WARN  http.HttpRequestLog (HttpRequestLog.java:getRequestLog(97)) - Jetty request log can only be enabled using Log4j
2019-10-08 03:52:08,608 [main] INFO  http.HttpServer2 (HttpServer2.java:addGlobalFilter(975)) - Added global filter 'safety' (class=org.apache.hadoop.http.HttpServer2$QuotingInputFilter)
2019-10-08 03:52:08,608 [main] INFO  http.HttpServer2 (HttpServer2.java:addFilter(948)) - Added filter static_user_filter (class=org.apache.hadoop.http.lib.StaticUserWebFilter$StaticUserFilter) to context hddsDatanode
2019-10-08 03:52:08,608 [main] INFO  http.HttpServer2 (HttpServer2.java:addFilter(958)) - Added filter static_user_filter (class=org.apache.hadoop.http.lib.StaticUserWebFilter$StaticUserFilter) to context static
2019-10-08 03:52:08,609 [main] INFO  http.HttpServer2 (HttpServer2.java:addFilter(958)) - Added filter static_user_filter (class=org.apache.hadoop.http.lib.StaticUserWebFilter$StaticUserFilter) to context logs
2019-10-08 03:52:08,609 [main] INFO  http.HttpServer2 (HttpServer2.java:bindListener(1191)) - Jetty bound to port 39322
2019-10-08 03:52:08,609 [main] INFO  server.Server (Server.java:doStart(351)) - jetty-9.3.25.v20180904, build timestamp: 2018-09-04T21:11:46Z, git hash: 3ce520221d0240229c862b122d2b06c12a625732
2019-10-08 03:52:08,611 [main] INFO  handler.ContextHandler (ContextHandler.java:doStart(781)) - Started o.e.j.s.ServletContextHandler@16e1219f{/logs,file:///workdir/hadoop-ozone/integration-test/target/log,AVAILABLE}
2019-10-08 03:52:08,611 [main] INFO  handler.ContextHandler (ContextHandler.java:doStart(781)) - Started o.e.j.s.ServletContextHandler@73a845cb{/static,jar:file:/home/user/.m2/repository/org/apache/hadoop/hadoop-hdds-container-service/0.5.0-SNAPSHOT/hadoop-hdds-container-service-0.5.0-SNAPSHOT.jar!/webapps/static,AVAILABLE}
2019-10-08 03:52:08,640 [main] INFO  handler.ContextHandler (ContextHandler.java:doStart(781)) - Started o.e.j.w.WebAppContext@1b7554d4{/,file:///tmp/jetty-0.0.0.0-39322-hddsDatanode-_-any-5146719811771450642.dir/webapp/,AVAILABLE}{/hddsDatanode}
2019-10-08 03:52:08,640 [main] INFO  server.AbstractConnector (AbstractConnector.java:doStart(278)) - Started ServerConnector@57ce2898{HTTP/1.1,[http/1.1]}{0.0.0.0:39322}
2019-10-08 03:52:08,640 [main] INFO  server.Server (Server.java:doStart(419)) - Started @597405ms
2019-10-08 03:52:08,642 [main] WARN  impl.MetricsSystemImpl (MetricsSystemImpl.java:register(276)) - Sink prometheus already exists!
2019-10-08 03:52:08,642 [main] INFO  server.BaseHttpServer (BaseHttpServer.java:updateConnectorAddress(215)) - HTTP server of HDDSDATANODE is listening at http://0.0.0.0:39322
2019-10-08 03:52:08,643 [main] INFO  impl.MetricsSystemImpl (MetricsSystemImpl.java:init(158)) - HddsDatanode metrics system started (again)
2019-10-08 03:52:08,648 [org.apache.hadoop.util.JvmPauseMonitor$Monitor@795c07b5] INFO  util.JvmPauseMonitor (JvmPauseMonitor.java:run(188)) - Starting JVM pause monitor
2019-10-08 03:52:08,649 [main] INFO  ozone.HddsDatanodeService (HddsDatanodeService.java:start(184)) - HddsDatanodeService host:pr-hdds-2217-jqnfv-3133698562 ip:192.168.151.83
2019-10-08 03:52:08,650 [Datanode State Machine Thread - 0] INFO  datanode.InitDatanodeState (InitDatanodeState.java:persistContainerDatanodeDetails(140)) - DatanodeDetails is persisted to /workdir/hadoop-ozone/integration-test/target/test-dir/MiniOzoneClusterImpl-a9be05cf-aef7-47c4-a115-9f43cc1793f2/datanode-4/meta/datanode.id
2019-10-08 03:52:08,656 [main] INFO  volume.HddsVolume (HddsVolume.java:<init>(176)) - Creating Volume: /workdir/hadoop-ozone/integration-test/target/test-dir/MiniOzoneClusterImpl-a9be05cf-aef7-47c4-a115-9f43cc1793f2/datanode-5/data/containers/hdds of  storage type : DISK and capacity : 1482555576320
2019-10-08 03:52:08,656 [main] INFO  volume.VolumeSet (VolumeSet.java:initializeVolumeSet(170)) - Added Volume : /workdir/hadoop-ozone/integration-test/target/test-dir/MiniOzoneClusterImpl-a9be05cf-aef7-47c4-a115-9f43cc1793f2/datanode-5/data/containers/hdds to VolumeSet
2019-10-08 03:52:08,656 [main] INFO  volume.ThrottledAsyncChecker (ThrottledAsyncChecker.java:schedule(139)) - Scheduling a check for org.apache.hadoop.ozone.container.common.volume.HddsVolume@1693ff90
2019-10-08 03:52:08,657 [main] INFO  volume.HddsVolumeChecker (HddsVolumeChecker.java:checkAllVolumes(202)) - Scheduled health check for volume org.apache.hadoop.ozone.container.common.volume.HddsVolume@1693ff90
2019-10-08 03:52:08,671 [main] INFO  impl.RaftServerProxy (ConfUtils.java:logGet(43)) - raft.rpc.type = GRPC (default)
2019-10-08 03:52:08,671 [main] INFO  grpc.GrpcFactory (GrpcFactory.java:checkPooledByteBufAllocatorUseCacheForAllThreads(45)) - PERFORMANCE WARNING: useCacheForAllThreads is true that may cause Netty to create a lot garbage objects and, as a result, trigger GC.
	It is recommended to disable useCacheForAllThreads by setting -Dorg.apache.ratis.thirdparty.io.netty.allocator.useCacheForAllThreads=false in command line.
2019-10-08 03:52:08,671 [main] INFO  grpc.GrpcConfigKeys$Server (ConfUtils.java:logGet(43)) - raft.grpc.server.port = 0 (default)
2019-10-08 03:52:08,671 [main] INFO  server.GrpcService (ConfUtils.java:logGet(43)) - raft.grpc.message.size.max = 33570816 (custom)
2019-10-08 03:52:08,671 [main] INFO  server.RaftServerConfigKeys (ConfUtils.java:logGet(43)) - raft.server.log.appender.buffer.byte-limit = 33554432 (custom)
2019-10-08 03:52:08,672 [main] INFO  server.GrpcService (ConfUtils.java:logGet(43)) - raft.grpc.flow.control.window = 1MB (=1048576) (default)
2019-10-08 03:52:08,672 [main] INFO  server.RaftServerConfigKeys (ConfUtils.java:logGet(43)) - raft.server.rpc.request.timeout = 3000ms (default)
2019-10-08 03:52:08,672 [main] INFO  server.RaftServerConfigKeys (ConfUtils.java:logGet(43)) - raft.server.storage.dir = [/workdir/hadoop-ozone/integration-test/target/test-dir/MiniOzoneClusterImpl-a9be05cf-aef7-47c4-a115-9f43cc1793f2/datanode-5/data/ratis] (custom)
2019-10-08 03:52:08,673 [main] INFO  hdfs.DFSUtil (DFSUtil.java:httpServerTemplateForNNAndJN(1641)) - Starting Web-server for hddsDatanode at: http://0.0.0.0:0
2019-10-08 03:52:08,674 [main] INFO  server.AuthenticationFilter (AuthenticationFilter.java:constructSecretProvider(240)) - Unable to initialize FileSignerSecretProvider, falling back to use random secrets.
2019-10-08 03:52:08,675 [main] WARN  http.HttpRequestLog (HttpRequestLog.java:getRequestLog(97)) - Jetty request log can only be enabled using Log4j
2019-10-08 03:52:08,676 [main] INFO  http.HttpServer2 (HttpServer2.java:addGlobalFilter(975)) - Added global filter 'safety' (class=org.apache.hadoop.http.HttpServer2$QuotingInputFilter)
2019-10-08 03:52:08,676 [main] INFO  http.HttpServer2 (HttpServer2.java:addFilter(948)) - Added filter static_user_filter (class=org.apache.hadoop.http.lib.StaticUserWebFilter$StaticUserFilter) to context hddsDatanode
2019-10-08 03:52:08,677 [main] INFO  http.HttpServer2 (HttpServer2.java:addFilter(958)) - Added filter static_user_filter (class=org.apache.hadoop.http.lib.StaticUserWebFilter$StaticUserFilter) to context static
2019-10-08 03:52:08,677 [main] INFO  http.HttpServer2 (HttpServer2.java:addFilter(958)) - Added filter static_user_filter (class=org.apache.hadoop.http.lib.StaticUserWebFilter$StaticUserFilter) to context logs
2019-10-08 03:52:08,677 [main] INFO  http.HttpServer2 (HttpServer2.java:bindListener(1191)) - Jetty bound to port 42788
2019-10-08 03:52:08,677 [main] INFO  server.Server (Server.java:doStart(351)) - jetty-9.3.25.v20180904, build timestamp: 2018-09-04T21:11:46Z, git hash: 3ce520221d0240229c862b122d2b06c12a625732
2019-10-08 03:52:08,679 [main] INFO  handler.ContextHandler (ContextHandler.java:doStart(781)) - Started o.e.j.s.ServletContextHandler@9785903{/logs,file:///workdir/hadoop-ozone/integration-test/target/log,AVAILABLE}
2019-10-08 03:52:08,679 [main] INFO  handler.ContextHandler (ContextHandler.java:doStart(781)) - Started o.e.j.s.ServletContextHandler@3f68a7f8{/static,jar:file:/home/user/.m2/repository/org/apache/hadoop/hadoop-hdds-container-service/0.5.0-SNAPSHOT/hadoop-hdds-container-service-0.5.0-SNAPSHOT.jar!/webapps/static,AVAILABLE}
2019-10-08 03:52:08,707 [main] INFO  handler.ContextHandler (ContextHandler.java:doStart(781)) - Started o.e.j.w.WebAppContext@7ec3a8bd{/,file:///tmp/jetty-0.0.0.0-42788-hddsDatanode-_-any-5519179811845545535.dir/webapp/,AVAILABLE}{/hddsDatanode}
2019-10-08 03:52:08,708 [main] INFO  server.AbstractConnector (AbstractConnector.java:doStart(278)) - Started ServerConnector@9690008{HTTP/1.1,[http/1.1]}{0.0.0.0:42788}
2019-10-08 03:52:08,708 [main] INFO  server.Server (Server.java:doStart(419)) - Started @597473ms
2019-10-08 03:52:08,710 [main] WARN  impl.MetricsSystemImpl (MetricsSystemImpl.java:register(276)) - Sink prometheus already exists!
2019-10-08 03:52:08,711 [main] INFO  server.BaseHttpServer (BaseHttpServer.java:updateConnectorAddress(215)) - HTTP server of HDDSDATANODE is listening at http://0.0.0.0:42788
2019-10-08 03:52:08,711 [main] INFO  impl.MetricsSystemImpl (MetricsSystemImpl.java:init(158)) - HddsDatanode metrics system started (again)
2019-10-08 03:52:08,717 [org.apache.hadoop.util.JvmPauseMonitor$Monitor@36b1b44c] INFO  util.JvmPauseMonitor (JvmPauseMonitor.java:run(188)) - Starting JVM pause monitor
2019-10-08 03:52:08,717 [main] INFO  ozone.HddsDatanodeService (HddsDatanodeService.java:start(184)) - HddsDatanodeService host:pr-hdds-2217-jqnfv-3133698562 ip:192.168.151.83
2019-10-08 03:52:08,719 [Datanode State Machine Thread - 0] INFO  datanode.InitDatanodeState (InitDatanodeState.java:persistContainerDatanodeDetails(140)) - DatanodeDetails is persisted to /workdir/hadoop-ozone/integration-test/target/test-dir/MiniOzoneClusterImpl-a9be05cf-aef7-47c4-a115-9f43cc1793f2/datanode-5/meta/datanode.id
2019-10-08 03:52:08,725 [main] INFO  volume.HddsVolume (HddsVolume.java:<init>(176)) - Creating Volume: /workdir/hadoop-ozone/integration-test/target/test-dir/MiniOzoneClusterImpl-a9be05cf-aef7-47c4-a115-9f43cc1793f2/datanode-6/data/containers/hdds of  storage type : DISK and capacity : 1482555576320
2019-10-08 03:52:08,725 [main] INFO  volume.VolumeSet (VolumeSet.java:initializeVolumeSet(170)) - Added Volume : /workdir/hadoop-ozone/integration-test/target/test-dir/MiniOzoneClusterImpl-a9be05cf-aef7-47c4-a115-9f43cc1793f2/datanode-6/data/containers/hdds to VolumeSet
2019-10-08 03:52:08,725 [main] INFO  volume.ThrottledAsyncChecker (ThrottledAsyncChecker.java:schedule(139)) - Scheduling a check for org.apache.hadoop.ozone.container.common.volume.HddsVolume@76e4212
2019-10-08 03:52:08,726 [main] INFO  volume.HddsVolumeChecker (HddsVolumeChecker.java:checkAllVolumes(202)) - Scheduled health check for volume org.apache.hadoop.ozone.container.common.volume.HddsVolume@76e4212
2019-10-08 03:52:08,740 [main] INFO  impl.RaftServerProxy (ConfUtils.java:logGet(43)) - raft.rpc.type = GRPC (default)
2019-10-08 03:52:08,740 [main] INFO  grpc.GrpcFactory (GrpcFactory.java:checkPooledByteBufAllocatorUseCacheForAllThreads(45)) - PERFORMANCE WARNING: useCacheForAllThreads is true that may cause Netty to create a lot garbage objects and, as a result, trigger GC.
	It is recommended to disable useCacheForAllThreads by setting -Dorg.apache.ratis.thirdparty.io.netty.allocator.useCacheForAllThreads=false in command line.
2019-10-08 03:52:08,740 [main] INFO  grpc.GrpcConfigKeys$Server (ConfUtils.java:logGet(43)) - raft.grpc.server.port = 0 (default)
2019-10-08 03:52:08,740 [main] INFO  server.GrpcService (ConfUtils.java:logGet(43)) - raft.grpc.message.size.max = 33570816 (custom)
2019-10-08 03:52:08,740 [main] INFO  server.RaftServerConfigKeys (ConfUtils.java:logGet(43)) - raft.server.log.appender.buffer.byte-limit = 33554432 (custom)
2019-10-08 03:52:08,741 [main] INFO  server.GrpcService (ConfUtils.java:logGet(43)) - raft.grpc.flow.control.window = 1MB (=1048576) (default)
2019-10-08 03:52:08,741 [main] INFO  server.RaftServerConfigKeys (ConfUtils.java:logGet(43)) - raft.server.rpc.request.timeout = 3000ms (default)
2019-10-08 03:52:08,741 [main] INFO  server.RaftServerConfigKeys (ConfUtils.java:logGet(43)) - raft.server.storage.dir = [/workdir/hadoop-ozone/integration-test/target/test-dir/MiniOzoneClusterImpl-a9be05cf-aef7-47c4-a115-9f43cc1793f2/datanode-6/data/ratis] (custom)
2019-10-08 03:52:08,742 [main] INFO  hdfs.DFSUtil (DFSUtil.java:httpServerTemplateForNNAndJN(1641)) - Starting Web-server for hddsDatanode at: http://0.0.0.0:0
2019-10-08 03:52:08,743 [main] INFO  server.AuthenticationFilter (AuthenticationFilter.java:constructSecretProvider(240)) - Unable to initialize FileSignerSecretProvider, falling back to use random secrets.
2019-10-08 03:52:08,744 [main] WARN  http.HttpRequestLog (HttpRequestLog.java:getRequestLog(97)) - Jetty request log can only be enabled using Log4j
2019-10-08 03:52:08,745 [main] INFO  http.HttpServer2 (HttpServer2.java:addGlobalFilter(975)) - Added global filter 'safety' (class=org.apache.hadoop.http.HttpServer2$QuotingInputFilter)
2019-10-08 03:52:08,745 [main] INFO  http.HttpServer2 (HttpServer2.java:addFilter(948)) - Added filter static_user_filter (class=org.apache.hadoop.http.lib.StaticUserWebFilter$StaticUserFilter) to context hddsDatanode
2019-10-08 03:52:08,745 [main] INFO  http.HttpServer2 (HttpServer2.java:addFilter(958)) - Added filter static_user_filter (class=org.apache.hadoop.http.lib.StaticUserWebFilter$StaticUserFilter) to context static
2019-10-08 03:52:08,746 [main] INFO  http.HttpServer2 (HttpServer2.java:addFilter(958)) - Added filter static_user_filter (class=org.apache.hadoop.http.lib.StaticUserWebFilter$StaticUserFilter) to context logs
2019-10-08 03:52:08,746 [main] INFO  http.HttpServer2 (HttpServer2.java:bindListener(1191)) - Jetty bound to port 40600
2019-10-08 03:52:08,746 [main] INFO  server.Server (Server.java:doStart(351)) - jetty-9.3.25.v20180904, build timestamp: 2018-09-04T21:11:46Z, git hash: 3ce520221d0240229c862b122d2b06c12a625732
2019-10-08 03:52:08,748 [main] INFO  handler.ContextHandler (ContextHandler.java:doStart(781)) - Started o.e.j.s.ServletContextHandler@7a3f08b6{/logs,file:///workdir/hadoop-ozone/integration-test/target/log,AVAILABLE}
2019-10-08 03:52:08,748 [main] INFO  handler.ContextHandler (ContextHandler.java:doStart(781)) - Started o.e.j.s.ServletContextHandler@5fb5ad40{/static,jar:file:/home/user/.m2/repository/org/apache/hadoop/hadoop-hdds-container-service/0.5.0-SNAPSHOT/hadoop-hdds-container-service-0.5.0-SNAPSHOT.jar!/webapps/static,AVAILABLE}
2019-10-08 03:52:08,776 [main] INFO  handler.ContextHandler (ContextHandler.java:doStart(781)) - Started o.e.j.w.WebAppContext@736b21ee{/,file:///tmp/jetty-0.0.0.0-40600-hddsDatanode-_-any-5516111441428616971.dir/webapp/,AVAILABLE}{/hddsDatanode}
2019-10-08 03:52:08,777 [main] INFO  server.AbstractConnector (AbstractConnector.java:doStart(278)) - Started ServerConnector@60deefed{HTTP/1.1,[http/1.1]}{0.0.0.0:40600}
2019-10-08 03:52:08,786 [main] INFO  server.Server (Server.java:doStart(419)) - Started @597541ms
2019-10-08 03:52:08,786 [main] WARN  impl.MetricsSystemImpl (MetricsSystemImpl.java:register(276)) - Sink prometheus already exists!
2019-10-08 03:52:08,787 [main] INFO  server.BaseHttpServer (BaseHttpServer.java:updateConnectorAddress(215)) - HTTP server of HDDSDATANODE is listening at http://0.0.0.0:40600
2019-10-08 03:52:08,787 [main] INFO  ozone.MiniOzoneClusterImpl (MiniOzoneClusterImpl.java:lambda$waitForClusterToBeReady$0(147)) - Waiting for cluster to be ready. Got 0 of 7 DN Heartbeats.
2019-10-08 03:52:08,789 [org.apache.hadoop.util.JvmPauseMonitor$Monitor@1cb97b6b] INFO  util.JvmPauseMonitor (JvmPauseMonitor.java:run(188)) - Starting JVM pause monitor
2019-10-08 03:52:08,790 [Datanode State Machine Thread - 0] INFO  datanode.InitDatanodeState (InitDatanodeState.java:persistContainerDatanodeDetails(140)) - DatanodeDetails is persisted to /workdir/hadoop-ozone/integration-test/target/test-dir/MiniOzoneClusterImpl-a9be05cf-aef7-47c4-a115-9f43cc1793f2/datanode-6/meta/datanode.id
2019-10-08 03:52:09,787 [main] INFO  ozone.MiniOzoneClusterImpl (MiniOzoneClusterImpl.java:lambda$waitForClusterToBeReady$0(147)) - Waiting for cluster to be ready. Got 0 of 7 DN Heartbeats.
2019-10-08 03:52:10,415 [Datanode State Machine Thread - 0] INFO  ozoneimpl.OzoneContainer (OzoneContainer.java:start(213)) - Attempting to start container services.
2019-10-08 03:52:10,416 [Datanode State Machine Thread - 0] INFO  ozoneimpl.OzoneContainer (OzoneContainer.java:startContainerScrub(177)) - Background container scanner has been disabled.
2019-10-08 03:52:10,416 [Datanode State Machine Thread - 0] INFO  ratis.XceiverServerRatis (XceiverServerRatis.java:start(418)) - Starting XceiverServerRatis 2d498c71-865b-4173-9483-847e0f5f0e11 at port 0
2019-10-08 03:52:10,424 [Datanode State Machine Thread - 0] INFO  impl.RaftServerProxy (RaftServerProxy.java:lambda$start$3(299)) - 2d498c71-865b-4173-9483-847e0f5f0e11: start RPC server
2019-10-08 03:52:10,428 [Datanode State Machine Thread - 0] INFO  server.GrpcService (GrpcService.java:startImpl(158)) - 2d498c71-865b-4173-9483-847e0f5f0e11: GrpcService started, listening on 0.0.0.0/0.0.0.0:42148
2019-10-08 03:52:10,428 [Datanode State Machine Thread - 0] INFO  ratis.XceiverServerRatis (XceiverServerRatis.java:start(428)) - XceiverServerRatis 2d498c71-865b-4173-9483-847e0f5f0e11 is started using port 42148
2019-10-08 03:52:10,430 [Datanode State Machine Thread - 0] INFO  server.XceiverServerGrpc (XceiverServerGrpc.java:start(149)) - XceiverServerGrpc 2d498c71-865b-4173-9483-847e0f5f0e11 is started using port 36207
2019-10-08 03:52:10,454 [Datanode State Machine Thread - 0] INFO  ozoneimpl.OzoneContainer (OzoneContainer.java:start(213)) - Attempting to start container services.
2019-10-08 03:52:10,454 [Datanode State Machine Thread - 0] INFO  ozoneimpl.OzoneContainer (OzoneContainer.java:startContainerScrub(177)) - Background container scanner has been disabled.
2019-10-08 03:52:10,454 [Datanode State Machine Thread - 0] INFO  ratis.XceiverServerRatis (XceiverServerRatis.java:start(418)) - Starting XceiverServerRatis de700667-c827-4507-9d64-7cee8175844f at port 0
2019-10-08 03:52:10,462 [Datanode State Machine Thread - 0] INFO  impl.RaftServerProxy (RaftServerProxy.java:lambda$start$3(299)) - de700667-c827-4507-9d64-7cee8175844f: start RPC server
2019-10-08 03:52:10,462 [Datanode State Machine Thread - 0] INFO  server.GrpcService (GrpcService.java:startImpl(158)) - de700667-c827-4507-9d64-7cee8175844f: GrpcService started, listening on 0.0.0.0/0.0.0.0:39345
2019-10-08 03:52:10,462 [Datanode State Machine Thread - 0] INFO  ratis.XceiverServerRatis (XceiverServerRatis.java:start(428)) - XceiverServerRatis de700667-c827-4507-9d64-7cee8175844f is started using port 39345
2019-10-08 03:52:10,463 [Datanode State Machine Thread - 0] INFO  server.XceiverServerGrpc (XceiverServerGrpc.java:start(149)) - XceiverServerGrpc de700667-c827-4507-9d64-7cee8175844f is started using port 35189
2019-10-08 03:52:10,519 [Datanode State Machine Thread - 0] INFO  ozoneimpl.OzoneContainer (OzoneContainer.java:start(213)) - Attempting to start container services.
2019-10-08 03:52:10,520 [Datanode State Machine Thread - 0] INFO  ozoneimpl.OzoneContainer (OzoneContainer.java:startContainerScrub(177)) - Background container scanner has been disabled.
2019-10-08 03:52:10,520 [Datanode State Machine Thread - 0] INFO  ratis.XceiverServerRatis (XceiverServerRatis.java:start(418)) - Starting XceiverServerRatis f5673c71-2777-46e9-9e6f-25a508b41700 at port 0
2019-10-08 03:52:10,527 [Datanode State Machine Thread - 0] INFO  impl.RaftServerProxy (RaftServerProxy.java:lambda$start$3(299)) - f5673c71-2777-46e9-9e6f-25a508b41700: start RPC server
2019-10-08 03:52:10,530 [Datanode State Machine Thread - 0] INFO  server.GrpcService (GrpcService.java:startImpl(158)) - f5673c71-2777-46e9-9e6f-25a508b41700: GrpcService started, listening on 0.0.0.0/0.0.0.0:35800
2019-10-08 03:52:10,532 [Datanode State Machine Thread - 0] INFO  ratis.XceiverServerRatis (XceiverServerRatis.java:start(428)) - XceiverServerRatis f5673c71-2777-46e9-9e6f-25a508b41700 is started using port 35800
2019-10-08 03:52:10,533 [Datanode State Machine Thread - 0] INFO  server.XceiverServerGrpc (XceiverServerGrpc.java:start(149)) - XceiverServerGrpc f5673c71-2777-46e9-9e6f-25a508b41700 is started using port 43744
2019-10-08 03:52:10,588 [Datanode State Machine Thread - 0] INFO  ozoneimpl.OzoneContainer (OzoneContainer.java:start(213)) - Attempting to start container services.
2019-10-08 03:52:10,589 [Datanode State Machine Thread - 0] INFO  ozoneimpl.OzoneContainer (OzoneContainer.java:startContainerScrub(177)) - Background container scanner has been disabled.
2019-10-08 03:52:10,589 [Datanode State Machine Thread - 0] INFO  ratis.XceiverServerRatis (XceiverServerRatis.java:start(418)) - Starting XceiverServerRatis d458369f-b65d-46d3-806a-6076be0425d4 at port 0
2019-10-08 03:52:10,597 [Datanode State Machine Thread - 0] INFO  impl.RaftServerProxy (RaftServerProxy.java:lambda$start$3(299)) - d458369f-b65d-46d3-806a-6076be0425d4: start RPC server
2019-10-08 03:52:10,600 [Datanode State Machine Thread - 0] INFO  server.GrpcService (GrpcService.java:startImpl(158)) - d458369f-b65d-46d3-806a-6076be0425d4: GrpcService started, listening on 0.0.0.0/0.0.0.0:40029
2019-10-08 03:52:10,600 [Datanode State Machine Thread - 0] INFO  ratis.XceiverServerRatis (XceiverServerRatis.java:start(428)) - XceiverServerRatis d458369f-b65d-46d3-806a-6076be0425d4 is started using port 40029
2019-10-08 03:52:10,601 [Datanode State Machine Thread - 0] INFO  server.XceiverServerGrpc (XceiverServerGrpc.java:start(149)) - XceiverServerGrpc d458369f-b65d-46d3-806a-6076be0425d4 is started using port 37186
2019-10-08 03:52:10,662 [Datanode State Machine Thread - 0] INFO  ozoneimpl.OzoneContainer (OzoneContainer.java:start(213)) - Attempting to start container services.
2019-10-08 03:52:10,662 [Datanode State Machine Thread - 0] INFO  ozoneimpl.OzoneContainer (OzoneContainer.java:startContainerScrub(177)) - Background container scanner has been disabled.
2019-10-08 03:52:10,663 [Datanode State Machine Thread - 0] INFO  ratis.XceiverServerRatis (XceiverServerRatis.java:start(418)) - Starting XceiverServerRatis 1f3a770e-e5ec-441a-afb4-472a8b96c489 at port 0
2019-10-08 03:52:10,670 [Datanode State Machine Thread - 0] INFO  impl.RaftServerProxy (RaftServerProxy.java:lambda$start$3(299)) - 1f3a770e-e5ec-441a-afb4-472a8b96c489: start RPC server
2019-10-08 03:52:10,671 [Datanode State Machine Thread - 0] INFO  server.GrpcService (GrpcService.java:startImpl(158)) - 1f3a770e-e5ec-441a-afb4-472a8b96c489: GrpcService started, listening on 0.0.0.0/0.0.0.0:38913
2019-10-08 03:52:10,671 [Datanode State Machine Thread - 0] INFO  ratis.XceiverServerRatis (XceiverServerRatis.java:start(428)) - XceiverServerRatis 1f3a770e-e5ec-441a-afb4-472a8b96c489 is started using port 38913
2019-10-08 03:52:10,671 [Datanode State Machine Thread - 0] INFO  server.XceiverServerGrpc (XceiverServerGrpc.java:start(149)) - XceiverServerGrpc 1f3a770e-e5ec-441a-afb4-472a8b96c489 is started using port 37067
2019-10-08 03:52:10,731 [Datanode State Machine Thread - 0] INFO  ozoneimpl.OzoneContainer (OzoneContainer.java:start(213)) - Attempting to start container services.
2019-10-08 03:52:10,732 [Datanode State Machine Thread - 0] INFO  ozoneimpl.OzoneContainer (OzoneContainer.java:startContainerScrub(177)) - Background container scanner has been disabled.
2019-10-08 03:52:10,732 [Datanode State Machine Thread - 0] INFO  ratis.XceiverServerRatis (XceiverServerRatis.java:start(418)) - Starting XceiverServerRatis 89453ef1-964b-45ae-849c-d802d4dd61c8 at port 0
2019-10-08 03:52:10,739 [Datanode State Machine Thread - 0] INFO  impl.RaftServerProxy (RaftServerProxy.java:lambda$start$3(299)) - 89453ef1-964b-45ae-849c-d802d4dd61c8: start RPC server
2019-10-08 03:52:10,743 [Datanode State Machine Thread - 0] INFO  server.GrpcService (GrpcService.java:startImpl(158)) - 89453ef1-964b-45ae-849c-d802d4dd61c8: GrpcService started, listening on 0.0.0.0/0.0.0.0:34073
2019-10-08 03:52:10,743 [Datanode State Machine Thread - 0] INFO  ratis.XceiverServerRatis (XceiverServerRatis.java:start(428)) - XceiverServerRatis 89453ef1-964b-45ae-849c-d802d4dd61c8 is started using port 34073
2019-10-08 03:52:10,746 [Datanode State Machine Thread - 0] INFO  server.XceiverServerGrpc (XceiverServerGrpc.java:start(149)) - XceiverServerGrpc 89453ef1-964b-45ae-849c-d802d4dd61c8 is started using port 33904
2019-10-08 03:52:10,788 [main] INFO  ozone.MiniOzoneClusterImpl (MiniOzoneClusterImpl.java:lambda$waitForClusterToBeReady$0(147)) - Waiting for cluster to be ready. Got 0 of 7 DN Heartbeats.
2019-10-08 03:52:10,802 [Datanode State Machine Thread - 0] INFO  ozoneimpl.OzoneContainer (OzoneContainer.java:start(213)) - Attempting to start container services.
2019-10-08 03:52:10,802 [Datanode State Machine Thread - 0] INFO  ozoneimpl.OzoneContainer (OzoneContainer.java:startContainerScrub(177)) - Background container scanner has been disabled.
2019-10-08 03:52:10,802 [Datanode State Machine Thread - 0] INFO  ratis.XceiverServerRatis (XceiverServerRatis.java:start(418)) - Starting XceiverServerRatis 970b5dc6-3c50-4c82-87dc-aa8302030428 at port 0
2019-10-08 03:52:10,810 [Datanode State Machine Thread - 0] INFO  impl.RaftServerProxy (RaftServerProxy.java:lambda$start$3(299)) - 970b5dc6-3c50-4c82-87dc-aa8302030428: start RPC server
2019-10-08 03:52:10,813 [Datanode State Machine Thread - 0] INFO  server.GrpcService (GrpcService.java:startImpl(158)) - 970b5dc6-3c50-4c82-87dc-aa8302030428: GrpcService started, listening on 0.0.0.0/0.0.0.0:34096
2019-10-08 03:52:10,814 [Datanode State Machine Thread - 0] INFO  ratis.XceiverServerRatis (XceiverServerRatis.java:start(428)) - XceiverServerRatis 970b5dc6-3c50-4c82-87dc-aa8302030428 is started using port 34096
2019-10-08 03:52:10,824 [Datanode State Machine Thread - 0] INFO  server.XceiverServerGrpc (XceiverServerGrpc.java:start(149)) - XceiverServerGrpc 970b5dc6-3c50-4c82-87dc-aa8302030428 is started using port 34324
2019-10-08 03:52:11,789 [main] INFO  ozone.MiniOzoneClusterImpl (MiniOzoneClusterImpl.java:lambda$waitForClusterToBeReady$0(147)) - Waiting for cluster to be ready. Got 0 of 7 DN Heartbeats.
2019-10-08 03:52:12,376 [IPC Server handler 6 on 32867] INFO  net.NetworkTopology (NetworkTopologyImpl.java:add(111)) - Added a new node: /default-rack/2d498c71-865b-4173-9483-847e0f5f0e11
2019-10-08 03:52:12,380 [IPC Server handler 6 on 32867] INFO  node.SCMNodeManager (SCMNodeManager.java:register(268)) - Registered Data node : 2d498c71-865b-4173-9483-847e0f5f0e11{ip: 192.168.151.83, host: pr-hdds-2217-jqnfv-3133698562, networkLocation: /default-rack, certSerialId: null}
2019-10-08 03:52:12,381 [EventQueue-NodeRegistrationContainerReportForDataNodeSafeModeRule] INFO  safemode.SCMSafeModeManager (DataNodeSafeModeRule.java:process(71)) - SCM in safe mode. 1 DataNodes registered, 1 required.
2019-10-08 03:52:12,384 [EventQueue-NodeRegistrationContainerReportForDataNodeSafeModeRule] INFO  safemode.SCMSafeModeManager (SCMSafeModeManager.java:validateSafeModeExitRules(177)) - ScmSafeModeManager, all rules are successfully validated
2019-10-08 03:52:12,385 [EventQueue-NodeRegistrationContainerReportForDataNodeSafeModeRule] INFO  safemode.SCMSafeModeManager (SCMSafeModeManager.java:exitSafeMode(193)) - SCM exiting safe mode.
2019-10-08 03:52:12,406 [grpc-default-executor-5] INFO  impl.RaftServerProxy (RaftServerProxy.java:addNew(89)) - 2d498c71-865b-4173-9483-847e0f5f0e11: addNew group-E2B15239571C:[2d498c71-865b-4173-9483-847e0f5f0e11:192.168.151.83:42148] returns group-E2B15239571C:java.util.concurrent.CompletableFuture@2add0b44[Not completed]
2019-10-08 03:52:12,409 [pool-409-thread-1] INFO  impl.RaftServerImpl (RaftServerImpl.java:<init>(95)) - 2d498c71-865b-4173-9483-847e0f5f0e11: new RaftServerImpl for group-E2B15239571C:[2d498c71-865b-4173-9483-847e0f5f0e11:192.168.151.83:42148] with ContainerStateMachine:uninitialized
2019-10-08 03:52:12,410 [pool-409-thread-1] INFO  server.RaftServerConfigKeys (ConfUtils.java:logGet(43)) - raft.server.rpc.timeout.min = 5s (custom)
2019-10-08 03:52:12,410 [pool-409-thread-1] INFO  server.RaftServerConfigKeys (ConfUtils.java:logGet(43)) - raft.server.rpc.timeout.max = 5200ms (custom)
2019-10-08 03:52:12,410 [pool-409-thread-1] INFO  server.RaftServerConfigKeys (ConfUtils.java:logGet(43)) - raft.server.rpcslowness.timeout = 120s (custom)
2019-10-08 03:52:12,410 [pool-409-thread-1] INFO  server.RaftServerConfigKeys (ConfUtils.java:logGet(43)) - raft.server.sleep.deviation.threshold = 300 (default)
2019-10-08 03:52:12,410 [pool-409-thread-1] INFO  server.RaftServerConfigKeys (ConfUtils.java:logGet(43)) - raft.server.log.appender.install.snapshot.enabled = false (custom)
2019-10-08 03:52:12,411 [pool-409-thread-1] INFO  impl.RaftServerImpl (ServerState.java:<init>(103)) - 2d498c71-865b-4173-9483-847e0f5f0e11@group-E2B15239571C: ConfigurationManager, init=-1: [2d498c71-865b-4173-9483-847e0f5f0e11:192.168.151.83:42148], old=null, confs=<EMPTY_MAP>
2019-10-08 03:52:12,411 [pool-409-thread-1] INFO  server.RaftServerConfigKeys (ConfUtils.java:logGet(43)) - raft.server.storage.dir = [/workdir/hadoop-ozone/integration-test/target/test-dir/MiniOzoneClusterImpl-a9be05cf-aef7-47c4-a115-9f43cc1793f2/datanode-0/data/ratis] (custom)
2019-10-08 03:52:12,411 [pool-409-thread-1] INFO  server.RaftServerConfigKeys (ConfUtils.java:logGet(43)) - raft.server.log.corruption.policy = EXCEPTION (default)
2019-10-08 03:52:12,412 [pool-409-thread-1] INFO  storage.RaftStorageDirectory (RaftStorageDirectory.java:analyzeStorage(246)) - The storage directory /workdir/hadoop-ozone/integration-test/target/test-dir/MiniOzoneClusterImpl-a9be05cf-aef7-47c4-a115-9f43cc1793f2/datanode-0/data/ratis/2727113d-6a85-493f-a0d1-e2b15239571c does not exist. Creating ...
2019-10-08 03:52:12,425 [pool-409-thread-1] INFO  storage.RaftStorageDirectory (RaftStorageDirectory.java:tryLock(328)) - Lock on /workdir/hadoop-ozone/integration-test/target/test-dir/MiniOzoneClusterImpl-a9be05cf-aef7-47c4-a115-9f43cc1793f2/datanode-0/data/ratis/2727113d-6a85-493f-a0d1-e2b15239571c/in_use.lock acquired by nodename 23383@pr-hdds-2217-jqnfv-3133698562
2019-10-08 03:52:12,437 [IPC Server handler 3 on 32867] INFO  net.NetworkTopology (NetworkTopologyImpl.java:add(111)) - Added a new node: /default-rack/de700667-c827-4507-9d64-7cee8175844f
2019-10-08 03:52:12,438 [IPC Server handler 3 on 32867] INFO  node.SCMNodeManager (SCMNodeManager.java:register(268)) - Registered Data node : de700667-c827-4507-9d64-7cee8175844f{ip: 192.168.151.83, host: pr-hdds-2217-jqnfv-3133698562, networkLocation: /default-rack, certSerialId: null}
2019-10-08 03:52:12,440 [pool-409-thread-1] INFO  storage.RaftStorage (RaftStorage.java:format(84)) - Storage directory /workdir/hadoop-ozone/integration-test/target/test-dir/MiniOzoneClusterImpl-a9be05cf-aef7-47c4-a115-9f43cc1793f2/datanode-0/data/ratis/2727113d-6a85-493f-a0d1-e2b15239571c has been successfully formatted.
2019-10-08 03:52:12,441 [pool-409-thread-1] INFO  ratis.ContainerStateMachine (ContainerStateMachine.java:loadSnapshot(231)) - group-E2B15239571C: The snapshot info is null. Setting the last applied indexto:(t:0, i:~)
2019-10-08 03:52:12,441 [pool-409-thread-1] INFO  server.RaftServerConfigKeys (ConfUtils.java:logGet(43)) - raft.server.notification.no-leader.timeout = 120s (custom)
2019-10-08 03:52:12,441 [pool-409-thread-1] INFO  server.RaftServerConfigKeys (ConfUtils.java:logGet(43)) - raft.server.log.use.memory = false (default)
2019-10-08 03:52:12,441 [pool-409-thread-1] INFO  server.RaftServerConfigKeys (ConfUtils.java:logGet(43)) - raft.server.log.purge.gap = 1000000 (custom)
2019-10-08 03:52:12,442 [pool-409-thread-1] INFO  server.RaftServerConfigKeys (ConfUtils.java:logGet(43)) - raft.server.log.appender.buffer.byte-limit = 33554432 (custom)
2019-10-08 03:52:12,442 [pool-409-thread-1] INFO  server.RaftServerConfigKeys (ConfUtils.java:logGet(43)) - raft.server.log.segment.size.max = 1048576 (custom)
2019-10-08 03:52:12,444 [pool-409-thread-1] INFO  server.RaftServerConfigKeys (ConfUtils.java:logGet(43)) - raft.server.log.segment.cache.num.max = 2 (custom)
2019-10-08 03:52:12,445 [pool-409-thread-1] INFO  segmented.SegmentedRaftLogWorker (SegmentedRaftLogWorker.java:<init>(173)) - new 2d498c71-865b-4173-9483-847e0f5f0e11@group-E2B15239571C-SegmentedRaftLogWorker for RaftStorage:Storage Directory /workdir/hadoop-ozone/integration-test/target/test-dir/MiniOzoneClusterImpl-a9be05cf-aef7-47c4-a115-9f43cc1793f2/datanode-0/data/ratis/2727113d-6a85-493f-a0d1-e2b15239571c
2019-10-08 03:52:12,445 [pool-409-thread-1] INFO  server.RaftServerConfigKeys (ConfUtils.java:logGet(43)) - raft.server.log.queue.byte-limit = 2147483647 (custom)
2019-10-08 03:52:12,445 [pool-409-thread-1] INFO  server.RaftServerConfigKeys (ConfUtils.java:logGet(43)) - raft.server.log.queue.element-limit = 1024 (custom)
2019-10-08 03:52:12,445 [pool-409-thread-1] INFO  server.RaftServerConfigKeys (ConfUtils.java:logGet(43)) - raft.server.log.segment.size.max = 1048576 (custom)
2019-10-08 03:52:12,445 [pool-409-thread-1] INFO  server.RaftServerConfigKeys (ConfUtils.java:logGet(43)) - raft.server.log.preallocated.size = 16384 (custom)
2019-10-08 03:52:12,446 [pool-409-thread-1] INFO  server.RaftServerConfigKeys (ConfUtils.java:logGet(43)) - raft.server.log.write.buffer.size = 33554432 (custom)
2019-10-08 03:52:12,446 [pool-409-thread-1] INFO  server.RaftServerConfigKeys (ConfUtils.java:logGet(43)) - raft.server.log.force.sync.num = 128 (default)
2019-10-08 03:52:12,446 [pool-409-thread-1] INFO  server.RaftServerConfigKeys (ConfUtils.java:logGet(43)) - raft.server.log.statemachine.data.sync = true (default)
2019-10-08 03:52:12,446 [pool-409-thread-1] INFO  server.RaftServerConfigKeys (ConfUtils.java:logGet(43)) - raft.server.log.statemachine.data.sync.timeout = 10s (default)
2019-10-08 03:52:12,446 [pool-409-thread-1] INFO  server.RaftServerConfigKeys (ConfUtils.java:logGet(43)) - raft.server.log.statemachine.data.sync.timeout.retry = -1 (default)
2019-10-08 03:52:12,447 [pool-409-thread-1] INFO  server.RaftServerConfigKeys (ConfUtils.java:logGet(43)) - raft.server.log.statemachine.data.caching.enabled = true (custom)
2019-10-08 03:52:12,447 [pool-409-thread-1] INFO  segmented.SegmentedRaftLogWorker (SegmentedRaftLogWorker.java:lambda$new$0(128)) - 2d498c71-865b-4173-9483-847e0f5f0e11@group-E2B15239571C-SegmentedRaftLogWorker: flushIndex: setUnconditionally 0 -> -1
2019-10-08 03:52:12,448 [pool-409-thread-1] INFO  server.RaftServerConfigKeys (ConfUtils.java:logGet(43)) - raft.server.snapshot.auto.trigger.enabled = true (custom)
2019-10-08 03:52:12,448 [pool-409-thread-1] INFO  server.RaftServerConfigKeys (ConfUtils.java:logGet(43)) - raft.server.snapshot.auto.trigger.threshold = 10000 (custom)
2019-10-08 03:52:12,448 [pool-409-thread-1] INFO  server.RaftServerConfigKeys (ConfUtils.java:logGet(43)) - raft.server.snapshot.retention.file.num = 5 (custom)
2019-10-08 03:52:12,449 [pool-409-thread-1] INFO  server.RaftServerConfigKeys (ConfUtils.java:logGet(43)) - raft.server.retrycache.expirytime = 600000ms (custom)
2019-10-08 03:52:12,451 [pool-409-thread-1] INFO  impl.RaftServerImpl (RaftServerImpl.java:start(181)) - 2d498c71-865b-4173-9483-847e0f5f0e11@group-E2B15239571C: start as a follower, conf=-1: [2d498c71-865b-4173-9483-847e0f5f0e11:192.168.151.83:42148], old=null
2019-10-08 03:52:12,451 [pool-409-thread-1] INFO  impl.RaftServerImpl (RaftServerImpl.java:setRole(170)) - 2d498c71-865b-4173-9483-847e0f5f0e11@group-E2B15239571C: changes role from      null to FOLLOWER at term 0 for startAsFollower
2019-10-08 03:52:12,451 [pool-409-thread-1] INFO  impl.RoleInfo (RoleInfo.java:updateAndGet(143)) - 2d498c71-865b-4173-9483-847e0f5f0e11: start FollowerState
2019-10-08 03:52:12,452 [pool-409-thread-1] INFO  util.JmxRegister (JmxRegister.java:tryRegister(44)) - Successfully registered JMX Bean with object name Ratis:service=RaftServer,group=group-E2B15239571C,id=2d498c71-865b-4173-9483-847e0f5f0e11
2019-10-08 03:52:12,506 [IPC Server handler 1 on 32867] INFO  net.NetworkTopology (NetworkTopologyImpl.java:add(111)) - Added a new node: /default-rack/f5673c71-2777-46e9-9e6f-25a508b41700
2019-10-08 03:52:12,507 [IPC Server handler 1 on 32867] INFO  node.SCMNodeManager (SCMNodeManager.java:register(268)) - Registered Data node : f5673c71-2777-46e9-9e6f-25a508b41700{ip: 192.168.151.83, host: pr-hdds-2217-jqnfv-3133698562, networkLocation: /default-rack, certSerialId: null}
2019-10-08 03:52:12,517 [RatisPipelineUtilsThread] INFO  pipeline.PipelineStateManager (PipelineStateManager.java:addPipeline(56)) - Created pipeline Pipeline[ Id: 2727113d-6a85-493f-a0d1-e2b15239571c, Nodes: 2d498c71-865b-4173-9483-847e0f5f0e11{ip: 192.168.151.83, host: pr-hdds-2217-jqnfv-3133698562, networkLocation: /default-rack, certSerialId: null}, Type:RATIS, Factor:ONE, State:OPEN]
2019-10-08 03:52:12,524 [grpc-default-executor-5] INFO  impl.RaftServerProxy (RaftServerProxy.java:addNew(89)) - f5673c71-2777-46e9-9e6f-25a508b41700: addNew group-1D9A21E3374B:[f5673c71-2777-46e9-9e6f-25a508b41700:192.168.151.83:35800] returns group-1D9A21E3374B:java.util.concurrent.CompletableFuture@8b09929[Not completed]
2019-10-08 03:52:12,526 [pool-429-thread-1] INFO  impl.RaftServerImpl (RaftServerImpl.java:<init>(95)) - f5673c71-2777-46e9-9e6f-25a508b41700: new RaftServerImpl for group-1D9A21E3374B:[f5673c71-2777-46e9-9e6f-25a508b41700:192.168.151.83:35800] with ContainerStateMachine:uninitialized
2019-10-08 03:52:12,526 [pool-429-thread-1] INFO  server.RaftServerConfigKeys (ConfUtils.java:logGet(43)) - raft.server.rpc.timeout.min = 5s (custom)
2019-10-08 03:52:12,526 [pool-429-thread-1] INFO  server.RaftServerConfigKeys (ConfUtils.java:logGet(43)) - raft.server.rpc.timeout.max = 5200ms (custom)
2019-10-08 03:52:12,526 [pool-429-thread-1] INFO  server.RaftServerConfigKeys (ConfUtils.java:logGet(43)) - raft.server.rpcslowness.timeout = 120s (custom)
2019-10-08 03:52:12,526 [pool-429-thread-1] INFO  server.RaftServerConfigKeys (ConfUtils.java:logGet(43)) - raft.server.sleep.deviation.threshold = 300 (default)
2019-10-08 03:52:12,527 [pool-429-thread-1] INFO  server.RaftServerConfigKeys (ConfUtils.java:logGet(43)) - raft.server.log.appender.install.snapshot.enabled = false (custom)
2019-10-08 03:52:12,527 [pool-429-thread-1] INFO  impl.RaftServerImpl (ServerState.java:<init>(103)) - f5673c71-2777-46e9-9e6f-25a508b41700@group-1D9A21E3374B: ConfigurationManager, init=-1: [f5673c71-2777-46e9-9e6f-25a508b41700:192.168.151.83:35800], old=null, confs=<EMPTY_MAP>
2019-10-08 03:52:12,527 [pool-429-thread-1] INFO  server.RaftServerConfigKeys (ConfUtils.java:logGet(43)) - raft.server.storage.dir = [/workdir/hadoop-ozone/integration-test/target/test-dir/MiniOzoneClusterImpl-a9be05cf-aef7-47c4-a115-9f43cc1793f2/datanode-2/data/ratis] (custom)
2019-10-08 03:52:12,527 [pool-429-thread-1] INFO  server.RaftServerConfigKeys (ConfUtils.java:logGet(43)) - raft.server.log.corruption.policy = EXCEPTION (default)
2019-10-08 03:52:12,527 [pool-429-thread-1] INFO  storage.RaftStorageDirectory (RaftStorageDirectory.java:analyzeStorage(246)) - The storage directory /workdir/hadoop-ozone/integration-test/target/test-dir/MiniOzoneClusterImpl-a9be05cf-aef7-47c4-a115-9f43cc1793f2/datanode-2/data/ratis/2e14cbf2-a37c-432d-a328-1d9a21e3374b does not exist. Creating ...
2019-10-08 03:52:12,549 [pool-429-thread-1] INFO  storage.RaftStorageDirectory (RaftStorageDirectory.java:tryLock(328)) - Lock on /workdir/hadoop-ozone/integration-test/target/test-dir/MiniOzoneClusterImpl-a9be05cf-aef7-47c4-a115-9f43cc1793f2/datanode-2/data/ratis/2e14cbf2-a37c-432d-a328-1d9a21e3374b/in_use.lock acquired by nodename 23383@pr-hdds-2217-jqnfv-3133698562
2019-10-08 03:52:12,561 [pool-429-thread-1] INFO  storage.RaftStorage (RaftStorage.java:format(84)) - Storage directory /workdir/hadoop-ozone/integration-test/target/test-dir/MiniOzoneClusterImpl-a9be05cf-aef7-47c4-a115-9f43cc1793f2/datanode-2/data/ratis/2e14cbf2-a37c-432d-a328-1d9a21e3374b has been successfully formatted.
2019-10-08 03:52:12,562 [pool-429-thread-1] INFO  ratis.ContainerStateMachine (ContainerStateMachine.java:loadSnapshot(231)) - group-1D9A21E3374B: The snapshot info is null. Setting the last applied indexto:(t:0, i:~)
2019-10-08 03:52:12,562 [pool-429-thread-1] INFO  server.RaftServerConfigKeys (ConfUtils.java:logGet(43)) - raft.server.notification.no-leader.timeout = 120s (custom)
2019-10-08 03:52:12,562 [pool-429-thread-1] INFO  server.RaftServerConfigKeys (ConfUtils.java:logGet(43)) - raft.server.log.use.memory = false (default)
2019-10-08 03:52:12,562 [pool-429-thread-1] INFO  server.RaftServerConfigKeys (ConfUtils.java:logGet(43)) - raft.server.log.purge.gap = 1000000 (custom)
2019-10-08 03:52:12,562 [pool-429-thread-1] INFO  server.RaftServerConfigKeys (ConfUtils.java:logGet(43)) - raft.server.log.appender.buffer.byte-limit = 33554432 (custom)
2019-10-08 03:52:12,562 [pool-429-thread-1] INFO  server.RaftServerConfigKeys (ConfUtils.java:logGet(43)) - raft.server.log.segment.size.max = 1048576 (custom)
2019-10-08 03:52:12,564 [pool-429-thread-1] INFO  server.RaftServerConfigKeys (ConfUtils.java:logGet(43)) - raft.server.log.segment.cache.num.max = 2 (custom)
2019-10-08 03:52:12,565 [pool-429-thread-1] INFO  segmented.SegmentedRaftLogWorker (SegmentedRaftLogWorker.java:<init>(173)) - new f5673c71-2777-46e9-9e6f-25a508b41700@group-1D9A21E3374B-SegmentedRaftLogWorker for RaftStorage:Storage Directory /workdir/hadoop-ozone/integration-test/target/test-dir/MiniOzoneClusterImpl-a9be05cf-aef7-47c4-a115-9f43cc1793f2/datanode-2/data/ratis/2e14cbf2-a37c-432d-a328-1d9a21e3374b
2019-10-08 03:52:12,565 [pool-429-thread-1] INFO  server.RaftServerConfigKeys (ConfUtils.java:logGet(43)) - raft.server.log.queue.byte-limit = 2147483647 (custom)
2019-10-08 03:52:12,565 [pool-429-thread-1] INFO  server.RaftServerConfigKeys (ConfUtils.java:logGet(43)) - raft.server.log.queue.element-limit = 1024 (custom)
2019-10-08 03:52:12,565 [pool-429-thread-1] INFO  server.RaftServerConfigKeys (ConfUtils.java:logGet(43)) - raft.server.log.segment.size.max = 1048576 (custom)
2019-10-08 03:52:12,565 [pool-429-thread-1] INFO  server.RaftServerConfigKeys (ConfUtils.java:logGet(43)) - raft.server.log.preallocated.size = 16384 (custom)
2019-10-08 03:52:12,565 [pool-429-thread-1] INFO  server.RaftServerConfigKeys (ConfUtils.java:logGet(43)) - raft.server.log.write.buffer.size = 33554432 (custom)
2019-10-08 03:52:12,565 [pool-429-thread-1] INFO  server.RaftServerConfigKeys (ConfUtils.java:logGet(43)) - raft.server.log.force.sync.num = 128 (default)
2019-10-08 03:52:12,566 [pool-429-thread-1] INFO  server.RaftServerConfigKeys (ConfUtils.java:logGet(43)) - raft.server.log.statemachine.data.sync = true (default)
2019-10-08 03:52:12,566 [pool-429-thread-1] INFO  server.RaftServerConfigKeys (ConfUtils.java:logGet(43)) - raft.server.log.statemachine.data.sync.timeout = 10s (default)
2019-10-08 03:52:12,566 [pool-429-thread-1] INFO  server.RaftServerConfigKeys (ConfUtils.java:logGet(43)) - raft.server.log.statemachine.data.sync.timeout.retry = -1 (default)
2019-10-08 03:52:12,566 [pool-429-thread-1] INFO  server.RaftServerConfigKeys (ConfUtils.java:logGet(43)) - raft.server.log.statemachine.data.caching.enabled = true (custom)
2019-10-08 03:52:12,567 [pool-429-thread-1] INFO  segmented.SegmentedRaftLogWorker (SegmentedRaftLogWorker.java:lambda$new$0(128)) - f5673c71-2777-46e9-9e6f-25a508b41700@group-1D9A21E3374B-SegmentedRaftLogWorker: flushIndex: setUnconditionally 0 -> -1
2019-10-08 03:52:12,567 [pool-429-thread-1] INFO  server.RaftServerConfigKeys (ConfUtils.java:logGet(43)) - raft.server.snapshot.auto.trigger.enabled = true (custom)
2019-10-08 03:52:12,567 [pool-429-thread-1] INFO  server.RaftServerConfigKeys (ConfUtils.java:logGet(43)) - raft.server.snapshot.auto.trigger.threshold = 10000 (custom)
2019-10-08 03:52:12,567 [pool-429-thread-1] INFO  server.RaftServerConfigKeys (ConfUtils.java:logGet(43)) - raft.server.snapshot.retention.file.num = 5 (custom)
2019-10-08 03:52:12,567 [pool-429-thread-1] INFO  server.RaftServerConfigKeys (ConfUtils.java:logGet(43)) - raft.server.retrycache.expirytime = 600000ms (custom)
2019-10-08 03:52:12,569 [pool-429-thread-1] INFO  impl.RaftServerImpl (RaftServerImpl.java:start(181)) - f5673c71-2777-46e9-9e6f-25a508b41700@group-1D9A21E3374B: start as a follower, conf=-1: [f5673c71-2777-46e9-9e6f-25a508b41700:192.168.151.83:35800], old=null
2019-10-08 03:52:12,570 [pool-429-thread-1] INFO  impl.RaftServerImpl (RaftServerImpl.java:setRole(170)) - f5673c71-2777-46e9-9e6f-25a508b41700@group-1D9A21E3374B: changes role from      null to FOLLOWER at term 0 for startAsFollower
2019-10-08 03:52:12,570 [pool-429-thread-1] INFO  impl.RoleInfo (RoleInfo.java:updateAndGet(143)) - f5673c71-2777-46e9-9e6f-25a508b41700: start FollowerState
2019-10-08 03:52:12,570 [pool-429-thread-1] INFO  util.JmxRegister (JmxRegister.java:tryRegister(44)) - Successfully registered JMX Bean with object name Ratis:service=RaftServer,group=group-1D9A21E3374B,id=f5673c71-2777-46e9-9e6f-25a508b41700
2019-10-08 03:52:12,577 [IPC Server handler 4 on 32867] INFO  net.NetworkTopology (NetworkTopologyImpl.java:add(111)) - Added a new node: /default-rack/d458369f-b65d-46d3-806a-6076be0425d4
2019-10-08 03:52:12,577 [IPC Server handler 4 on 32867] INFO  node.SCMNodeManager (SCMNodeManager.java:register(268)) - Registered Data node : d458369f-b65d-46d3-806a-6076be0425d4{ip: 192.168.151.83, host: pr-hdds-2217-jqnfv-3133698562, networkLocation: /default-rack, certSerialId: null}
2019-10-08 03:52:12,577 [RatisPipelineUtilsThread] INFO  pipeline.PipelineStateManager (PipelineStateManager.java:addPipeline(56)) - Created pipeline Pipeline[ Id: 2e14cbf2-a37c-432d-a328-1d9a21e3374b, Nodes: f5673c71-2777-46e9-9e6f-25a508b41700{ip: 192.168.151.83, host: pr-hdds-2217-jqnfv-3133698562, networkLocation: /default-rack, certSerialId: null}, Type:RATIS, Factor:ONE, State:OPEN]
2019-10-08 03:52:12,584 [grpc-default-executor-5] INFO  impl.RaftServerProxy (RaftServerProxy.java:addNew(89)) - d458369f-b65d-46d3-806a-6076be0425d4: addNew group-A4922DC9BBB7:[d458369f-b65d-46d3-806a-6076be0425d4:192.168.151.83:40029] returns group-A4922DC9BBB7:java.util.concurrent.CompletableFuture@4f13849e[Not completed]
2019-10-08 03:52:12,586 [pool-439-thread-1] INFO  impl.RaftServerImpl (RaftServerImpl.java:<init>(95)) - d458369f-b65d-46d3-806a-6076be0425d4: new RaftServerImpl for group-A4922DC9BBB7:[d458369f-b65d-46d3-806a-6076be0425d4:192.168.151.83:40029] with ContainerStateMachine:uninitialized
2019-10-08 03:52:12,586 [pool-439-thread-1] INFO  server.RaftServerConfigKeys (ConfUtils.java:logGet(43)) - raft.server.rpc.timeout.min = 5s (custom)
2019-10-08 03:52:12,586 [pool-439-thread-1] INFO  server.RaftServerConfigKeys (ConfUtils.java:logGet(43)) - raft.server.rpc.timeout.max = 5200ms (custom)
2019-10-08 03:52:12,586 [pool-439-thread-1] INFO  server.RaftServerConfigKeys (ConfUtils.java:logGet(43)) - raft.server.rpcslowness.timeout = 120s (custom)
2019-10-08 03:52:12,586 [pool-439-thread-1] INFO  server.RaftServerConfigKeys (ConfUtils.java:logGet(43)) - raft.server.sleep.deviation.threshold = 300 (default)
2019-10-08 03:52:12,586 [pool-439-thread-1] INFO  server.RaftServerConfigKeys (ConfUtils.java:logGet(43)) - raft.server.log.appender.install.snapshot.enabled = false (custom)
2019-10-08 03:52:12,587 [pool-439-thread-1] INFO  impl.RaftServerImpl (ServerState.java:<init>(103)) - d458369f-b65d-46d3-806a-6076be0425d4@group-A4922DC9BBB7: ConfigurationManager, init=-1: [d458369f-b65d-46d3-806a-6076be0425d4:192.168.151.83:40029], old=null, confs=<EMPTY_MAP>
2019-10-08 03:52:12,587 [pool-439-thread-1] INFO  server.RaftServerConfigKeys (ConfUtils.java:logGet(43)) - raft.server.storage.dir = [/workdir/hadoop-ozone/integration-test/target/test-dir/MiniOzoneClusterImpl-a9be05cf-aef7-47c4-a115-9f43cc1793f2/datanode-3/data/ratis] (custom)
2019-10-08 03:52:12,587 [pool-439-thread-1] INFO  server.RaftServerConfigKeys (ConfUtils.java:logGet(43)) - raft.server.log.corruption.policy = EXCEPTION (default)
2019-10-08 03:52:12,587 [pool-439-thread-1] INFO  storage.RaftStorageDirectory (RaftStorageDirectory.java:analyzeStorage(246)) - The storage directory /workdir/hadoop-ozone/integration-test/target/test-dir/MiniOzoneClusterImpl-a9be05cf-aef7-47c4-a115-9f43cc1793f2/datanode-3/data/ratis/68e39961-bbe5-48c6-88f6-a4922dc9bbb7 does not exist. Creating ...
2019-10-08 03:52:12,600 [pool-439-thread-1] INFO  storage.RaftStorageDirectory (RaftStorageDirectory.java:tryLock(328)) - Lock on /workdir/hadoop-ozone/integration-test/target/test-dir/MiniOzoneClusterImpl-a9be05cf-aef7-47c4-a115-9f43cc1793f2/datanode-3/data/ratis/68e39961-bbe5-48c6-88f6-a4922dc9bbb7/in_use.lock acquired by nodename 23383@pr-hdds-2217-jqnfv-3133698562
2019-10-08 03:52:12,613 [pool-439-thread-1] INFO  storage.RaftStorage (RaftStorage.java:format(84)) - Storage directory /workdir/hadoop-ozone/integration-test/target/test-dir/MiniOzoneClusterImpl-a9be05cf-aef7-47c4-a115-9f43cc1793f2/datanode-3/data/ratis/68e39961-bbe5-48c6-88f6-a4922dc9bbb7 has been successfully formatted.
2019-10-08 03:52:12,613 [pool-439-thread-1] INFO  ratis.ContainerStateMachine (ContainerStateMachine.java:loadSnapshot(231)) - group-A4922DC9BBB7: The snapshot info is null. Setting the last applied indexto:(t:0, i:~)
2019-10-08 03:52:12,614 [pool-439-thread-1] INFO  server.RaftServerConfigKeys (ConfUtils.java:logGet(43)) - raft.server.notification.no-leader.timeout = 120s (custom)
2019-10-08 03:52:12,614 [pool-439-thread-1] INFO  server.RaftServerConfigKeys (ConfUtils.java:logGet(43)) - raft.server.log.use.memory = false (default)
2019-10-08 03:52:12,614 [pool-439-thread-1] INFO  server.RaftServerConfigKeys (ConfUtils.java:logGet(43)) - raft.server.log.purge.gap = 1000000 (custom)
2019-10-08 03:52:12,614 [pool-439-thread-1] INFO  server.RaftServerConfigKeys (ConfUtils.java:logGet(43)) - raft.server.log.appender.buffer.byte-limit = 33554432 (custom)
2019-10-08 03:52:12,614 [pool-439-thread-1] INFO  server.RaftServerConfigKeys (ConfUtils.java:logGet(43)) - raft.server.log.segment.size.max = 1048576 (custom)
2019-10-08 03:52:12,616 [pool-439-thread-1] INFO  server.RaftServerConfigKeys (ConfUtils.java:logGet(43)) - raft.server.log.segment.cache.num.max = 2 (custom)
2019-10-08 03:52:12,616 [pool-439-thread-1] INFO  segmented.SegmentedRaftLogWorker (SegmentedRaftLogWorker.java:<init>(173)) - new d458369f-b65d-46d3-806a-6076be0425d4@group-A4922DC9BBB7-SegmentedRaftLogWorker for RaftStorage:Storage Directory /workdir/hadoop-ozone/integration-test/target/test-dir/MiniOzoneClusterImpl-a9be05cf-aef7-47c4-a115-9f43cc1793f2/datanode-3/data/ratis/68e39961-bbe5-48c6-88f6-a4922dc9bbb7
2019-10-08 03:52:12,616 [pool-439-thread-1] INFO  server.RaftServerConfigKeys (ConfUtils.java:logGet(43)) - raft.server.log.queue.byte-limit = 2147483647 (custom)
2019-10-08 03:52:12,616 [pool-439-thread-1] INFO  server.RaftServerConfigKeys (ConfUtils.java:logGet(43)) - raft.server.log.queue.element-limit = 1024 (custom)
2019-10-08 03:52:12,617 [pool-439-thread-1] INFO  server.RaftServerConfigKeys (ConfUtils.java:logGet(43)) - raft.server.log.segment.size.max = 1048576 (custom)
2019-10-08 03:52:12,617 [pool-439-thread-1] INFO  server.RaftServerConfigKeys (ConfUtils.java:logGet(43)) - raft.server.log.preallocated.size = 16384 (custom)
2019-10-08 03:52:12,617 [pool-439-thread-1] INFO  server.RaftServerConfigKeys (ConfUtils.java:logGet(43)) - raft.server.log.write.buffer.size = 33554432 (custom)
2019-10-08 03:52:12,617 [pool-439-thread-1] INFO  server.RaftServerConfigKeys (ConfUtils.java:logGet(43)) - raft.server.log.force.sync.num = 128 (default)
2019-10-08 03:52:12,617 [pool-439-thread-1] INFO  server.RaftServerConfigKeys (ConfUtils.java:logGet(43)) - raft.server.log.statemachine.data.sync = true (default)
2019-10-08 03:52:12,617 [pool-439-thread-1] INFO  server.RaftServerConfigKeys (ConfUtils.java:logGet(43)) - raft.server.log.statemachine.data.sync.timeout = 10s (default)
2019-10-08 03:52:12,617 [pool-439-thread-1] INFO  server.RaftServerConfigKeys (ConfUtils.java:logGet(43)) - raft.server.log.statemachine.data.sync.timeout.retry = -1 (default)
2019-10-08 03:52:12,618 [pool-439-thread-1] INFO  server.RaftServerConfigKeys (ConfUtils.java:logGet(43)) - raft.server.log.statemachine.data.caching.enabled = true (custom)
2019-10-08 03:52:12,618 [pool-439-thread-1] INFO  segmented.SegmentedRaftLogWorker (SegmentedRaftLogWorker.java:lambda$new$0(128)) - d458369f-b65d-46d3-806a-6076be0425d4@group-A4922DC9BBB7-SegmentedRaftLogWorker: flushIndex: setUnconditionally 0 -> -1
2019-10-08 03:52:12,618 [pool-439-thread-1] INFO  server.RaftServerConfigKeys (ConfUtils.java:logGet(43)) - raft.server.snapshot.auto.trigger.enabled = true (custom)
2019-10-08 03:52:12,618 [pool-439-thread-1] INFO  server.RaftServerConfigKeys (ConfUtils.java:logGet(43)) - raft.server.snapshot.auto.trigger.threshold = 10000 (custom)
2019-10-08 03:52:12,619 [pool-439-thread-1] INFO  server.RaftServerConfigKeys (ConfUtils.java:logGet(43)) - raft.server.snapshot.retention.file.num = 5 (custom)
2019-10-08 03:52:12,619 [pool-439-thread-1] INFO  server.RaftServerConfigKeys (ConfUtils.java:logGet(43)) - raft.server.retrycache.expirytime = 600000ms (custom)
2019-10-08 03:52:12,621 [pool-439-thread-1] INFO  impl.RaftServerImpl (RaftServerImpl.java:start(181)) - d458369f-b65d-46d3-806a-6076be0425d4@group-A4922DC9BBB7: start as a follower, conf=-1: [d458369f-b65d-46d3-806a-6076be0425d4:192.168.151.83:40029], old=null
2019-10-08 03:52:12,621 [pool-439-thread-1] INFO  impl.RaftServerImpl (RaftServerImpl.java:setRole(170)) - d458369f-b65d-46d3-806a-6076be0425d4@group-A4922DC9BBB7: changes role from      null to FOLLOWER at term 0 for startAsFollower
2019-10-08 03:52:12,621 [pool-439-thread-1] INFO  impl.RoleInfo (RoleInfo.java:updateAndGet(143)) - d458369f-b65d-46d3-806a-6076be0425d4: start FollowerState
2019-10-08 03:52:12,621 [pool-439-thread-1] INFO  util.JmxRegister (JmxRegister.java:tryRegister(44)) - Successfully registered JMX Bean with object name Ratis:service=RaftServer,group=group-A4922DC9BBB7,id=d458369f-b65d-46d3-806a-6076be0425d4
2019-10-08 03:52:12,628 [RatisPipelineUtilsThread] INFO  pipeline.PipelineStateManager (PipelineStateManager.java:addPipeline(56)) - Created pipeline Pipeline[ Id: 68e39961-bbe5-48c6-88f6-a4922dc9bbb7, Nodes: d458369f-b65d-46d3-806a-6076be0425d4{ip: 192.168.151.83, host: pr-hdds-2217-jqnfv-3133698562, networkLocation: /default-rack, certSerialId: null}, Type:RATIS, Factor:ONE, State:OPEN]
2019-10-08 03:52:12,635 [grpc-default-executor-5] INFO  impl.RaftServerProxy (RaftServerProxy.java:addNew(89)) - de700667-c827-4507-9d64-7cee8175844f: addNew group-6E9F3AB6FBB3:[de700667-c827-4507-9d64-7cee8175844f:192.168.151.83:39345] returns group-6E9F3AB6FBB3:java.util.concurrent.CompletableFuture@125cf5f[Not completed]
2019-10-08 03:52:12,637 [pool-419-thread-1] INFO  impl.RaftServerImpl (RaftServerImpl.java:<init>(95)) - de700667-c827-4507-9d64-7cee8175844f: new RaftServerImpl for group-6E9F3AB6FBB3:[de700667-c827-4507-9d64-7cee8175844f:192.168.151.83:39345] with ContainerStateMachine:uninitialized
2019-10-08 03:52:12,637 [pool-419-thread-1] INFO  server.RaftServerConfigKeys (ConfUtils.java:logGet(43)) - raft.server.rpc.timeout.min = 5s (custom)
2019-10-08 03:52:12,637 [pool-419-thread-1] INFO  server.RaftServerConfigKeys (ConfUtils.java:logGet(43)) - raft.server.rpc.timeout.max = 5200ms (custom)
2019-10-08 03:52:12,637 [pool-419-thread-1] INFO  server.RaftServerConfigKeys (ConfUtils.java:logGet(43)) - raft.server.rpcslowness.timeout = 120s (custom)
2019-10-08 03:52:12,637 [pool-419-thread-1] INFO  server.RaftServerConfigKeys (ConfUtils.java:logGet(43)) - raft.server.sleep.deviation.threshold = 300 (default)
2019-10-08 03:52:12,638 [pool-419-thread-1] INFO  server.RaftServerConfigKeys (ConfUtils.java:logGet(43)) - raft.server.log.appender.install.snapshot.enabled = false (custom)
2019-10-08 03:52:12,638 [pool-419-thread-1] INFO  impl.RaftServerImpl (ServerState.java:<init>(103)) - de700667-c827-4507-9d64-7cee8175844f@group-6E9F3AB6FBB3: ConfigurationManager, init=-1: [de700667-c827-4507-9d64-7cee8175844f:192.168.151.83:39345], old=null, confs=<EMPTY_MAP>
2019-10-08 03:52:12,638 [pool-419-thread-1] INFO  server.RaftServerConfigKeys (ConfUtils.java:logGet(43)) - raft.server.storage.dir = [/workdir/hadoop-ozone/integration-test/target/test-dir/MiniOzoneClusterImpl-a9be05cf-aef7-47c4-a115-9f43cc1793f2/datanode-1/data/ratis] (custom)
2019-10-08 03:52:12,638 [pool-419-thread-1] INFO  server.RaftServerConfigKeys (ConfUtils.java:logGet(43)) - raft.server.log.corruption.policy = EXCEPTION (default)
2019-10-08 03:52:12,639 [pool-419-thread-1] INFO  storage.RaftStorageDirectory (RaftStorageDirectory.java:analyzeStorage(246)) - The storage directory /workdir/hadoop-ozone/integration-test/target/test-dir/MiniOzoneClusterImpl-a9be05cf-aef7-47c4-a115-9f43cc1793f2/datanode-1/data/ratis/a85e0171-05f6-42d6-9911-6e9f3ab6fbb3 does not exist. Creating ...
2019-10-08 03:52:12,650 [IPC Server handler 0 on 32867] INFO  net.NetworkTopology (NetworkTopologyImpl.java:add(111)) - Added a new node: /default-rack/1f3a770e-e5ec-441a-afb4-472a8b96c489
2019-10-08 03:52:12,650 [IPC Server handler 0 on 32867] INFO  node.SCMNodeManager (SCMNodeManager.java:register(268)) - Registered Data node : 1f3a770e-e5ec-441a-afb4-472a8b96c489{ip: 192.168.151.83, host: pr-hdds-2217-jqnfv-3133698562, networkLocation: /default-rack, certSerialId: null}
2019-10-08 03:52:12,651 [pool-419-thread-1] INFO  storage.RaftStorageDirectory (RaftStorageDirectory.java:tryLock(328)) - Lock on /workdir/hadoop-ozone/integration-test/target/test-dir/MiniOzoneClusterImpl-a9be05cf-aef7-47c4-a115-9f43cc1793f2/datanode-1/data/ratis/a85e0171-05f6-42d6-9911-6e9f3ab6fbb3/in_use.lock acquired by nodename 23383@pr-hdds-2217-jqnfv-3133698562
2019-10-08 03:52:12,676 [pool-419-thread-1] INFO  storage.RaftStorage (RaftStorage.java:format(84)) - Storage directory /workdir/hadoop-ozone/integration-test/target/test-dir/MiniOzoneClusterImpl-a9be05cf-aef7-47c4-a115-9f43cc1793f2/datanode-1/data/ratis/a85e0171-05f6-42d6-9911-6e9f3ab6fbb3 has been successfully formatted.
2019-10-08 03:52:12,676 [pool-419-thread-1] INFO  ratis.ContainerStateMachine (ContainerStateMachine.java:loadSnapshot(231)) - group-6E9F3AB6FBB3: The snapshot info is null. Setting the last applied indexto:(t:0, i:~)
2019-10-08 03:52:12,677 [pool-419-thread-1] INFO  server.RaftServerConfigKeys (ConfUtils.java:logGet(43)) - raft.server.notification.no-leader.timeout = 120s (custom)
2019-10-08 03:52:12,677 [pool-419-thread-1] INFO  server.RaftServerConfigKeys (ConfUtils.java:logGet(43)) - raft.server.log.use.memory = false (default)
2019-10-08 03:52:12,677 [pool-419-thread-1] INFO  server.RaftServerConfigKeys (ConfUtils.java:logGet(43)) - raft.server.log.purge.gap = 1000000 (custom)
2019-10-08 03:52:12,677 [pool-419-thread-1] INFO  server.RaftServerConfigKeys (ConfUtils.java:logGet(43)) - raft.server.log.appender.buffer.byte-limit = 33554432 (custom)
2019-10-08 03:52:12,677 [pool-419-thread-1] INFO  server.RaftServerConfigKeys (ConfUtils.java:logGet(43)) - raft.server.log.segment.size.max = 1048576 (custom)
2019-10-08 03:52:12,679 [pool-419-thread-1] INFO  server.RaftServerConfigKeys (ConfUtils.java:logGet(43)) - raft.server.log.segment.cache.num.max = 2 (custom)
2019-10-08 03:52:12,679 [pool-419-thread-1] INFO  segmented.SegmentedRaftLogWorker (SegmentedRaftLogWorker.java:<init>(173)) - new de700667-c827-4507-9d64-7cee8175844f@group-6E9F3AB6FBB3-SegmentedRaftLogWorker for RaftStorage:Storage Directory /workdir/hadoop-ozone/integration-test/target/test-dir/MiniOzoneClusterImpl-a9be05cf-aef7-47c4-a115-9f43cc1793f2/datanode-1/data/ratis/a85e0171-05f6-42d6-9911-6e9f3ab6fbb3
2019-10-08 03:52:12,680 [pool-419-thread-1] INFO  server.RaftServerConfigKeys (ConfUtils.java:logGet(43)) - raft.server.log.queue.byte-limit = 2147483647 (custom)
2019-10-08 03:52:12,680 [pool-419-thread-1] INFO  server.RaftServerConfigKeys (ConfUtils.java:logGet(43)) - raft.server.log.queue.element-limit = 1024 (custom)
2019-10-08 03:52:12,680 [pool-419-thread-1] INFO  server.RaftServerConfigKeys (ConfUtils.java:logGet(43)) - raft.server.log.segment.size.max = 1048576 (custom)
2019-10-08 03:52:12,680 [pool-419-thread-1] INFO  server.RaftServerConfigKeys (ConfUtils.java:logGet(43)) - raft.server.log.preallocated.size = 16384 (custom)
2019-10-08 03:52:12,680 [pool-419-thread-1] INFO  server.RaftServerConfigKeys (ConfUtils.java:logGet(43)) - raft.server.log.write.buffer.size = 33554432 (custom)
2019-10-08 03:52:12,680 [pool-419-thread-1] INFO  server.RaftServerConfigKeys (ConfUtils.java:logGet(43)) - raft.server.log.force.sync.num = 128 (default)
2019-10-08 03:52:12,681 [pool-419-thread-1] INFO  server.RaftServerConfigKeys (ConfUtils.java:logGet(43)) - raft.server.log.statemachine.data.sync = true (default)
2019-10-08 03:52:12,681 [pool-419-thread-1] INFO  server.RaftServerConfigKeys (ConfUtils.java:logGet(43)) - raft.server.log.statemachine.data.sync.timeout = 10s (default)
2019-10-08 03:52:12,681 [pool-419-thread-1] INFO  server.RaftServerConfigKeys (ConfUtils.java:logGet(43)) - raft.server.log.statemachine.data.sync.timeout.retry = -1 (default)
2019-10-08 03:52:12,681 [pool-419-thread-1] INFO  server.RaftServerConfigKeys (ConfUtils.java:logGet(43)) - raft.server.log.statemachine.data.caching.enabled = true (custom)
2019-10-08 03:52:12,683 [pool-419-thread-1] INFO  segmented.SegmentedRaftLogWorker (SegmentedRaftLogWorker.java:lambda$new$0(128)) - de700667-c827-4507-9d64-7cee8175844f@group-6E9F3AB6FBB3-SegmentedRaftLogWorker: flushIndex: setUnconditionally 0 -> -1
2019-10-08 03:52:12,683 [pool-419-thread-1] INFO  server.RaftServerConfigKeys (ConfUtils.java:logGet(43)) - raft.server.snapshot.auto.trigger.enabled = true (custom)
2019-10-08 03:52:12,683 [pool-419-thread-1] INFO  server.RaftServerConfigKeys (ConfUtils.java:logGet(43)) - raft.server.snapshot.auto.trigger.threshold = 10000 (custom)
2019-10-08 03:52:12,684 [pool-419-thread-1] INFO  server.RaftServerConfigKeys (ConfUtils.java:logGet(43)) - raft.server.snapshot.retention.file.num = 5 (custom)
2019-10-08 03:52:12,684 [pool-419-thread-1] INFO  server.RaftServerConfigKeys (ConfUtils.java:logGet(43)) - raft.server.retrycache.expirytime = 600000ms (custom)
2019-10-08 03:52:12,686 [pool-419-thread-1] INFO  impl.RaftServerImpl (RaftServerImpl.java:start(181)) - de700667-c827-4507-9d64-7cee8175844f@group-6E9F3AB6FBB3: start as a follower, conf=-1: [de700667-c827-4507-9d64-7cee8175844f:192.168.151.83:39345], old=null
2019-10-08 03:52:12,686 [pool-419-thread-1] INFO  impl.RaftServerImpl (RaftServerImpl.java:setRole(170)) - de700667-c827-4507-9d64-7cee8175844f@group-6E9F3AB6FBB3: changes role from      null to FOLLOWER at term 0 for startAsFollower
2019-10-08 03:52:12,686 [pool-419-thread-1] INFO  impl.RoleInfo (RoleInfo.java:updateAndGet(143)) - de700667-c827-4507-9d64-7cee8175844f: start FollowerState
2019-10-08 03:52:12,686 [pool-419-thread-1] INFO  util.JmxRegister (JmxRegister.java:tryRegister(44)) - Successfully registered JMX Bean with object name Ratis:service=RaftServer,group=group-6E9F3AB6FBB3,id=de700667-c827-4507-9d64-7cee8175844f
2019-10-08 03:52:12,693 [RatisPipelineUtilsThread] INFO  pipeline.PipelineStateManager (PipelineStateManager.java:addPipeline(56)) - Created pipeline Pipeline[ Id: a85e0171-05f6-42d6-9911-6e9f3ab6fbb3, Nodes: de700667-c827-4507-9d64-7cee8175844f{ip: 192.168.151.83, host: pr-hdds-2217-jqnfv-3133698562, networkLocation: /default-rack, certSerialId: null}, Type:RATIS, Factor:ONE, State:OPEN]
2019-10-08 03:52:12,718 [IPC Server handler 5 on 32867] INFO  net.NetworkTopology (NetworkTopologyImpl.java:add(111)) - Added a new node: /default-rack/89453ef1-964b-45ae-849c-d802d4dd61c8
2019-10-08 03:52:12,718 [IPC Server handler 5 on 32867] INFO  node.SCMNodeManager (SCMNodeManager.java:register(268)) - Registered Data node : 89453ef1-964b-45ae-849c-d802d4dd61c8{ip: 192.168.151.83, host: pr-hdds-2217-jqnfv-3133698562, networkLocation: /default-rack, certSerialId: null}
2019-10-08 03:52:12,723 [grpc-default-executor-5] INFO  impl.RaftServerProxy (RaftServerProxy.java:addNew(89)) - 1f3a770e-e5ec-441a-afb4-472a8b96c489: addNew group-AE3991F4BADC:[1f3a770e-e5ec-441a-afb4-472a8b96c489:192.168.151.83:38913] returns group-AE3991F4BADC:java.util.concurrent.CompletableFuture@16edc165[Not completed]
2019-10-08 03:52:12,725 [pool-449-thread-1] INFO  impl.RaftServerImpl (RaftServerImpl.java:<init>(95)) - 1f3a770e-e5ec-441a-afb4-472a8b96c489: new RaftServerImpl for group-AE3991F4BADC:[1f3a770e-e5ec-441a-afb4-472a8b96c489:192.168.151.83:38913] with ContainerStateMachine:uninitialized
2019-10-08 03:52:12,725 [pool-449-thread-1] INFO  server.RaftServerConfigKeys (ConfUtils.java:logGet(43)) - raft.server.rpc.timeout.min = 5s (custom)
2019-10-08 03:52:12,725 [pool-449-thread-1] INFO  server.RaftServerConfigKeys (ConfUtils.java:logGet(43)) - raft.server.rpc.timeout.max = 5200ms (custom)
2019-10-08 03:52:12,725 [pool-449-thread-1] INFO  server.RaftServerConfigKeys (ConfUtils.java:logGet(43)) - raft.server.rpcslowness.timeout = 120s (custom)
2019-10-08 03:52:12,726 [pool-449-thread-1] INFO  server.RaftServerConfigKeys (ConfUtils.java:logGet(43)) - raft.server.sleep.deviation.threshold = 300 (default)
2019-10-08 03:52:12,726 [pool-449-thread-1] INFO  server.RaftServerConfigKeys (ConfUtils.java:logGet(43)) - raft.server.log.appender.install.snapshot.enabled = false (custom)
2019-10-08 03:52:12,726 [pool-449-thread-1] INFO  impl.RaftServerImpl (ServerState.java:<init>(103)) - 1f3a770e-e5ec-441a-afb4-472a8b96c489@group-AE3991F4BADC: ConfigurationManager, init=-1: [1f3a770e-e5ec-441a-afb4-472a8b96c489:192.168.151.83:38913], old=null, confs=<EMPTY_MAP>
2019-10-08 03:52:12,726 [pool-449-thread-1] INFO  server.RaftServerConfigKeys (ConfUtils.java:logGet(43)) - raft.server.storage.dir = [/workdir/hadoop-ozone/integration-test/target/test-dir/MiniOzoneClusterImpl-a9be05cf-aef7-47c4-a115-9f43cc1793f2/datanode-4/data/ratis] (custom)
2019-10-08 03:52:12,726 [pool-449-thread-1] INFO  server.RaftServerConfigKeys (ConfUtils.java:logGet(43)) - raft.server.log.corruption.policy = EXCEPTION (default)
2019-10-08 03:52:12,727 [pool-449-thread-1] INFO  storage.RaftStorageDirectory (RaftStorageDirectory.java:analyzeStorage(246)) - The storage directory /workdir/hadoop-ozone/integration-test/target/test-dir/MiniOzoneClusterImpl-a9be05cf-aef7-47c4-a115-9f43cc1793f2/datanode-4/data/ratis/709aa1a9-7348-4202-99e2-ae3991f4badc does not exist. Creating ...
2019-10-08 03:52:12,740 [pool-449-thread-1] INFO  storage.RaftStorageDirectory (RaftStorageDirectory.java:tryLock(328)) - Lock on /workdir/hadoop-ozone/integration-test/target/test-dir/MiniOzoneClusterImpl-a9be05cf-aef7-47c4-a115-9f43cc1793f2/datanode-4/data/ratis/709aa1a9-7348-4202-99e2-ae3991f4badc/in_use.lock acquired by nodename 23383@pr-hdds-2217-jqnfv-3133698562
2019-10-08 03:52:12,752 [pool-449-thread-1] INFO  storage.RaftStorage (RaftStorage.java:format(84)) - Storage directory /workdir/hadoop-ozone/integration-test/target/test-dir/MiniOzoneClusterImpl-a9be05cf-aef7-47c4-a115-9f43cc1793f2/datanode-4/data/ratis/709aa1a9-7348-4202-99e2-ae3991f4badc has been successfully formatted.
2019-10-08 03:52:12,752 [pool-449-thread-1] INFO  ratis.ContainerStateMachine (ContainerStateMachine.java:loadSnapshot(231)) - group-AE3991F4BADC: The snapshot info is null. Setting the last applied indexto:(t:0, i:~)
2019-10-08 03:52:12,753 [pool-449-thread-1] INFO  server.RaftServerConfigKeys (ConfUtils.java:logGet(43)) - raft.server.notification.no-leader.timeout = 120s (custom)
2019-10-08 03:52:12,753 [pool-449-thread-1] INFO  server.RaftServerConfigKeys (ConfUtils.java:logGet(43)) - raft.server.log.use.memory = false (default)
2019-10-08 03:52:12,753 [pool-449-thread-1] INFO  server.RaftServerConfigKeys (ConfUtils.java:logGet(43)) - raft.server.log.purge.gap = 1000000 (custom)
2019-10-08 03:52:12,753 [pool-449-thread-1] INFO  server.RaftServerConfigKeys (ConfUtils.java:logGet(43)) - raft.server.log.appender.buffer.byte-limit = 33554432 (custom)
2019-10-08 03:52:12,753 [pool-449-thread-1] INFO  server.RaftServerConfigKeys (ConfUtils.java:logGet(43)) - raft.server.log.segment.size.max = 1048576 (custom)
2019-10-08 03:52:12,755 [pool-449-thread-1] INFO  server.RaftServerConfigKeys (ConfUtils.java:logGet(43)) - raft.server.log.segment.cache.num.max = 2 (custom)
2019-10-08 03:52:12,755 [pool-449-thread-1] INFO  segmented.SegmentedRaftLogWorker (SegmentedRaftLogWorker.java:<init>(173)) - new 1f3a770e-e5ec-441a-afb4-472a8b96c489@group-AE3991F4BADC-SegmentedRaftLogWorker for RaftStorage:Storage Directory /workdir/hadoop-ozone/integration-test/target/test-dir/MiniOzoneClusterImpl-a9be05cf-aef7-47c4-a115-9f43cc1793f2/datanode-4/data/ratis/709aa1a9-7348-4202-99e2-ae3991f4badc
2019-10-08 03:52:12,755 [pool-449-thread-1] INFO  server.RaftServerConfigKeys (ConfUtils.java:logGet(43)) - raft.server.log.queue.byte-limit = 2147483647 (custom)
2019-10-08 03:52:12,755 [pool-449-thread-1] INFO  server.RaftServerConfigKeys (ConfUtils.java:logGet(43)) - raft.server.log.queue.element-limit = 1024 (custom)
2019-10-08 03:52:12,755 [pool-449-thread-1] INFO  server.RaftServerConfigKeys (ConfUtils.java:logGet(43)) - raft.server.log.segment.size.max = 1048576 (custom)
2019-10-08 03:52:12,756 [pool-449-thread-1] INFO  server.RaftServerConfigKeys (ConfUtils.java:logGet(43)) - raft.server.log.preallocated.size = 16384 (custom)
2019-10-08 03:52:12,756 [pool-449-thread-1] INFO  server.RaftServerConfigKeys (ConfUtils.java:logGet(43)) - raft.server.log.write.buffer.size = 33554432 (custom)
2019-10-08 03:52:12,756 [pool-449-thread-1] INFO  server.RaftServerConfigKeys (ConfUtils.java:logGet(43)) - raft.server.log.force.sync.num = 128 (default)
2019-10-08 03:52:12,756 [pool-449-thread-1] INFO  server.RaftServerConfigKeys (ConfUtils.java:logGet(43)) - raft.server.log.statemachine.data.sync = true (default)
2019-10-08 03:52:12,756 [pool-449-thread-1] INFO  server.RaftServerConfigKeys (ConfUtils.java:logGet(43)) - raft.server.log.statemachine.data.sync.timeout = 10s (default)
2019-10-08 03:52:12,756 [pool-449-thread-1] INFO  server.RaftServerConfigKeys (ConfUtils.java:logGet(43)) - raft.server.log.statemachine.data.sync.timeout.retry = -1 (default)
2019-10-08 03:52:12,756 [pool-449-thread-1] INFO  server.RaftServerConfigKeys (ConfUtils.java:logGet(43)) - raft.server.log.statemachine.data.caching.enabled = true (custom)
2019-10-08 03:52:12,757 [pool-449-thread-1] INFO  segmented.SegmentedRaftLogWorker (SegmentedRaftLogWorker.java:lambda$new$0(128)) - 1f3a770e-e5ec-441a-afb4-472a8b96c489@group-AE3991F4BADC-SegmentedRaftLogWorker: flushIndex: setUnconditionally 0 -> -1
2019-10-08 03:52:12,757 [pool-449-thread-1] INFO  server.RaftServerConfigKeys (ConfUtils.java:logGet(43)) - raft.server.snapshot.auto.trigger.enabled = true (custom)
2019-10-08 03:52:12,757 [pool-449-thread-1] INFO  server.RaftServerConfigKeys (ConfUtils.java:logGet(43)) - raft.server.snapshot.auto.trigger.threshold = 10000 (custom)
2019-10-08 03:52:12,757 [pool-449-thread-1] INFO  server.RaftServerConfigKeys (ConfUtils.java:logGet(43)) - raft.server.snapshot.retention.file.num = 5 (custom)
2019-10-08 03:52:12,757 [pool-449-thread-1] INFO  server.RaftServerConfigKeys (ConfUtils.java:logGet(43)) - raft.server.retrycache.expirytime = 600000ms (custom)
2019-10-08 03:52:12,759 [pool-449-thread-1] INFO  impl.RaftServerImpl (RaftServerImpl.java:start(181)) - 1f3a770e-e5ec-441a-afb4-472a8b96c489@group-AE3991F4BADC: start as a follower, conf=-1: [1f3a770e-e5ec-441a-afb4-472a8b96c489:192.168.151.83:38913], old=null
2019-10-08 03:52:12,759 [pool-449-thread-1] INFO  impl.RaftServerImpl (RaftServerImpl.java:setRole(170)) - 1f3a770e-e5ec-441a-afb4-472a8b96c489@group-AE3991F4BADC: changes role from      null to FOLLOWER at term 0 for startAsFollower
2019-10-08 03:52:12,759 [pool-449-thread-1] INFO  impl.RoleInfo (RoleInfo.java:updateAndGet(143)) - 1f3a770e-e5ec-441a-afb4-472a8b96c489: start FollowerState
2019-10-08 03:52:12,759 [pool-449-thread-1] INFO  util.JmxRegister (JmxRegister.java:tryRegister(44)) - Successfully registered JMX Bean with object name Ratis:service=RaftServer,group=group-AE3991F4BADC,id=1f3a770e-e5ec-441a-afb4-472a8b96c489
2019-10-08 03:52:12,767 [RatisPipelineUtilsThread] INFO  pipeline.PipelineStateManager (PipelineStateManager.java:addPipeline(56)) - Created pipeline Pipeline[ Id: 709aa1a9-7348-4202-99e2-ae3991f4badc, Nodes: 1f3a770e-e5ec-441a-afb4-472a8b96c489{ip: 192.168.151.83, host: pr-hdds-2217-jqnfv-3133698562, networkLocation: /default-rack, certSerialId: null}, Type:RATIS, Factor:ONE, State:OPEN]
2019-10-08 03:52:12,775 [grpc-default-executor-5] INFO  impl.RaftServerProxy (RaftServerProxy.java:addNew(89)) - 89453ef1-964b-45ae-849c-d802d4dd61c8: addNew group-D5FC1B7EBAD4:[89453ef1-964b-45ae-849c-d802d4dd61c8:192.168.151.83:34073] returns group-D5FC1B7EBAD4:java.util.concurrent.CompletableFuture@9bbbb5b[Not completed]
2019-10-08 03:52:12,776 [pool-459-thread-1] INFO  impl.RaftServerImpl (RaftServerImpl.java:<init>(95)) - 89453ef1-964b-45ae-849c-d802d4dd61c8: new RaftServerImpl for group-D5FC1B7EBAD4:[89453ef1-964b-45ae-849c-d802d4dd61c8:192.168.151.83:34073] with ContainerStateMachine:uninitialized
2019-10-08 03:52:12,777 [pool-459-thread-1] INFO  server.RaftServerConfigKeys (ConfUtils.java:logGet(43)) - raft.server.rpc.timeout.min = 5s (custom)
2019-10-08 03:52:12,777 [pool-459-thread-1] INFO  server.RaftServerConfigKeys (ConfUtils.java:logGet(43)) - raft.server.rpc.timeout.max = 5200ms (custom)
2019-10-08 03:52:12,777 [pool-459-thread-1] INFO  server.RaftServerConfigKeys (ConfUtils.java:logGet(43)) - raft.server.rpcslowness.timeout = 120s (custom)
2019-10-08 03:52:12,777 [pool-459-thread-1] INFO  server.RaftServerConfigKeys (ConfUtils.java:logGet(43)) - raft.server.sleep.deviation.threshold = 300 (default)
2019-10-08 03:52:12,777 [pool-459-thread-1] INFO  server.RaftServerConfigKeys (ConfUtils.java:logGet(43)) - raft.server.log.appender.install.snapshot.enabled = false (custom)
2019-10-08 03:52:12,777 [pool-459-thread-1] INFO  impl.RaftServerImpl (ServerState.java:<init>(103)) - 89453ef1-964b-45ae-849c-d802d4dd61c8@group-D5FC1B7EBAD4: ConfigurationManager, init=-1: [89453ef1-964b-45ae-849c-d802d4dd61c8:192.168.151.83:34073], old=null, confs=<EMPTY_MAP>
2019-10-08 03:52:12,777 [pool-459-thread-1] INFO  server.RaftServerConfigKeys (ConfUtils.java:logGet(43)) - raft.server.storage.dir = [/workdir/hadoop-ozone/integration-test/target/test-dir/MiniOzoneClusterImpl-a9be05cf-aef7-47c4-a115-9f43cc1793f2/datanode-5/data/ratis] (custom)
2019-10-08 03:52:12,778 [pool-459-thread-1] INFO  server.RaftServerConfigKeys (ConfUtils.java:logGet(43)) - raft.server.log.corruption.policy = EXCEPTION (default)
2019-10-08 03:52:12,778 [pool-459-thread-1] INFO  storage.RaftStorageDirectory (RaftStorageDirectory.java:analyzeStorage(246)) - The storage directory /workdir/hadoop-ozone/integration-test/target/test-dir/MiniOzoneClusterImpl-a9be05cf-aef7-47c4-a115-9f43cc1793f2/datanode-5/data/ratis/8e6d87fb-56d4-48ca-b208-d5fc1b7ebad4 does not exist. Creating ...
2019-10-08 03:52:12,789 [IPC Server handler 6 on 32867] INFO  net.NetworkTopology (NetworkTopologyImpl.java:add(111)) - Added a new node: /default-rack/970b5dc6-3c50-4c82-87dc-aa8302030428
2019-10-08 03:52:12,790 [main] INFO  ozone.MiniOzoneClusterImpl (MiniOzoneClusterImpl.java:lambda$waitForClusterToBeReady$0(147)) - Cluster is ready. Got 7 of 7 DN Heartbeats.
2019-10-08 03:52:12,790 [IPC Server handler 6 on 32867] INFO  node.SCMNodeManager (SCMNodeManager.java:register(268)) - Registered Data node : 970b5dc6-3c50-4c82-87dc-aa8302030428{ip: 192.168.151.83, host: pr-hdds-2217-jqnfv-3133698562, networkLocation: /default-rack, certSerialId: null}
2019-10-08 03:52:12,792 [pool-459-thread-1] INFO  storage.RaftStorageDirectory (RaftStorageDirectory.java:tryLock(328)) - Lock on /workdir/hadoop-ozone/integration-test/target/test-dir/MiniOzoneClusterImpl-a9be05cf-aef7-47c4-a115-9f43cc1793f2/datanode-5/data/ratis/8e6d87fb-56d4-48ca-b208-d5fc1b7ebad4/in_use.lock acquired by nodename 23383@pr-hdds-2217-jqnfv-3133698562
2019-10-08 03:52:12,805 [pool-459-thread-1] INFO  storage.RaftStorage (RaftStorage.java:format(84)) - Storage directory /workdir/hadoop-ozone/integration-test/target/test-dir/MiniOzoneClusterImpl-a9be05cf-aef7-47c4-a115-9f43cc1793f2/datanode-5/data/ratis/8e6d87fb-56d4-48ca-b208-d5fc1b7ebad4 has been successfully formatted.
2019-10-08 03:52:12,809 [pool-459-thread-1] INFO  ratis.ContainerStateMachine (ContainerStateMachine.java:loadSnapshot(231)) - group-D5FC1B7EBAD4: The snapshot info is null. Setting the last applied indexto:(t:0, i:~)
2019-10-08 03:52:12,810 [pool-459-thread-1] INFO  server.RaftServerConfigKeys (ConfUtils.java:logGet(43)) - raft.server.notification.no-leader.timeout = 120s (custom)
2019-10-08 03:52:12,817 [pool-459-thread-1] INFO  server.RaftServerConfigKeys (ConfUtils.java:logGet(43)) - raft.server.log.use.memory = false (default)
2019-10-08 03:52:12,817 [pool-459-thread-1] INFO  server.RaftServerConfigKeys (ConfUtils.java:logGet(43)) - raft.server.log.purge.gap = 1000000 (custom)
2019-10-08 03:52:12,817 [pool-459-thread-1] INFO  server.RaftServerConfigKeys (ConfUtils.java:logGet(43)) - raft.server.log.appender.buffer.byte-limit = 33554432 (custom)
2019-10-08 03:52:12,817 [pool-459-thread-1] INFO  server.RaftServerConfigKeys (ConfUtils.java:logGet(43)) - raft.server.log.segment.size.max = 1048576 (custom)
2019-10-08 03:52:12,819 [pool-459-thread-1] INFO  server.RaftServerConfigKeys (ConfUtils.java:logGet(43)) - raft.server.log.segment.cache.num.max = 2 (custom)
2019-10-08 03:52:12,819 [pool-459-thread-1] INFO  segmented.SegmentedRaftLogWorker (SegmentedRaftLogWorker.java:<init>(173)) - new 89453ef1-964b-45ae-849c-d802d4dd61c8@group-D5FC1B7EBAD4-SegmentedRaftLogWorker for RaftStorage:Storage Directory /workdir/hadoop-ozone/integration-test/target/test-dir/MiniOzoneClusterImpl-a9be05cf-aef7-47c4-a115-9f43cc1793f2/datanode-5/data/ratis/8e6d87fb-56d4-48ca-b208-d5fc1b7ebad4
2019-10-08 03:52:12,819 [pool-459-thread-1] INFO  server.RaftServerConfigKeys (ConfUtils.java:logGet(43)) - raft.server.log.queue.byte-limit = 2147483647 (custom)
2019-10-08 03:52:12,820 [pool-459-thread-1] INFO  server.RaftServerConfigKeys (ConfUtils.java:logGet(43)) - raft.server.log.queue.element-limit = 1024 (custom)
2019-10-08 03:52:12,822 [pool-459-thread-1] INFO  server.RaftServerConfigKeys (ConfUtils.java:logGet(43)) - raft.server.log.segment.size.max = 1048576 (custom)
2019-10-08 03:52:12,822 [pool-459-thread-1] INFO  server.RaftServerConfigKeys (ConfUtils.java:logGet(43)) - raft.server.log.preallocated.size = 16384 (custom)
2019-10-08 03:52:12,822 [pool-459-thread-1] INFO  server.RaftServerConfigKeys (ConfUtils.java:logGet(43)) - raft.server.log.write.buffer.size = 33554432 (custom)
2019-10-08 03:52:12,822 [pool-459-thread-1] INFO  server.RaftServerConfigKeys (ConfUtils.java:logGet(43)) - raft.server.log.force.sync.num = 128 (default)
2019-10-08 03:52:12,822 [pool-459-thread-1] INFO  server.RaftServerConfigKeys (ConfUtils.java:logGet(43)) - raft.server.log.statemachine.data.sync = true (default)
2019-10-08 03:52:12,822 [pool-459-thread-1] INFO  server.RaftServerConfigKeys (ConfUtils.java:logGet(43)) - raft.server.log.statemachine.data.sync.timeout = 10s (default)
2019-10-08 03:52:12,823 [pool-459-thread-1] INFO  server.RaftServerConfigKeys (ConfUtils.java:logGet(43)) - raft.server.log.statemachine.data.sync.timeout.retry = -1 (default)
2019-10-08 03:52:12,823 [pool-459-thread-1] INFO  server.RaftServerConfigKeys (ConfUtils.java:logGet(43)) - raft.server.log.statemachine.data.caching.enabled = true (custom)
2019-10-08 03:52:12,823 [pool-459-thread-1] INFO  segmented.SegmentedRaftLogWorker (SegmentedRaftLogWorker.java:lambda$new$0(128)) - 89453ef1-964b-45ae-849c-d802d4dd61c8@group-D5FC1B7EBAD4-SegmentedRaftLogWorker: flushIndex: setUnconditionally 0 -> -1
2019-10-08 03:52:12,824 [main] INFO  rpc.RpcClient (RpcClient.java:createVolume(277)) - Creating Volume: testblockoutputstream, with jenkins1000 as owner.
2019-10-08 03:52:12,824 [pool-459-thread-1] INFO  server.RaftServerConfigKeys (ConfUtils.java:logGet(43)) - raft.server.snapshot.auto.trigger.enabled = true (custom)
2019-10-08 03:52:12,824 [pool-459-thread-1] INFO  server.RaftServerConfigKeys (ConfUtils.java:logGet(43)) - raft.server.snapshot.auto.trigger.threshold = 10000 (custom)
2019-10-08 03:52:12,824 [pool-459-thread-1] INFO  server.RaftServerConfigKeys (ConfUtils.java:logGet(43)) - raft.server.snapshot.retention.file.num = 5 (custom)
2019-10-08 03:52:12,824 [pool-459-thread-1] INFO  server.RaftServerConfigKeys (ConfUtils.java:logGet(43)) - raft.server.retrycache.expirytime = 600000ms (custom)
2019-10-08 03:52:12,826 [pool-459-thread-1] INFO  impl.RaftServerImpl (RaftServerImpl.java:start(181)) - 89453ef1-964b-45ae-849c-d802d4dd61c8@group-D5FC1B7EBAD4: start as a follower, conf=-1: [89453ef1-964b-45ae-849c-d802d4dd61c8:192.168.151.83:34073], old=null
2019-10-08 03:52:12,827 [IPC Server handler 1 on 42654] INFO  volume.OMVolumeCreateRequest (OMVolumeCreateRequest.java:validateAndUpdateCache(193)) - created volume:testblockoutputstream for user:jenkins1000
2019-10-08 03:52:12,827 [pool-459-thread-1] INFO  impl.RaftServerImpl (RaftServerImpl.java:setRole(170)) - 89453ef1-964b-45ae-849c-d802d4dd61c8@group-D5FC1B7EBAD4: changes role from      null to FOLLOWER at term 0 for startAsFollower
2019-10-08 03:52:12,827 [pool-459-thread-1] INFO  impl.RoleInfo (RoleInfo.java:updateAndGet(143)) - 89453ef1-964b-45ae-849c-d802d4dd61c8: start FollowerState
2019-10-08 03:52:12,827 [pool-459-thread-1] INFO  util.JmxRegister (JmxRegister.java:tryRegister(44)) - Successfully registered JMX Bean with object name Ratis:service=RaftServer,group=group-D5FC1B7EBAD4,id=89453ef1-964b-45ae-849c-d802d4dd61c8
2019-10-08 03:52:12,833 [RatisPipelineUtilsThread] INFO  pipeline.PipelineStateManager (PipelineStateManager.java:addPipeline(56)) - Created pipeline Pipeline[ Id: 8e6d87fb-56d4-48ca-b208-d5fc1b7ebad4, Nodes: 89453ef1-964b-45ae-849c-d802d4dd61c8{ip: 192.168.151.83, host: pr-hdds-2217-jqnfv-3133698562, networkLocation: /default-rack, certSerialId: null}, Type:RATIS, Factor:ONE, State:OPEN]
2019-10-08 03:52:12,852 [main] INFO  rpc.RpcClient (RpcClient.java:createBucket(416)) - Creating Bucket: testblockoutputstream/testblockoutputstream, with Versioning false and Storage Type set to DISK and Encryption set to false 
2019-10-08 03:52:12,855 [grpc-default-executor-5] INFO  impl.RaftServerProxy (RaftServerProxy.java:addNew(89)) - 970b5dc6-3c50-4c82-87dc-aa8302030428: addNew group-BA7DF06ED2B5:[970b5dc6-3c50-4c82-87dc-aa8302030428:192.168.151.83:34096] returns group-BA7DF06ED2B5:java.util.concurrent.CompletableFuture@76ec77c2[Not completed]
2019-10-08 03:52:12,859 [pool-469-thread-1] INFO  impl.RaftServerImpl (RaftServerImpl.java:<init>(95)) - 970b5dc6-3c50-4c82-87dc-aa8302030428: new RaftServerImpl for group-BA7DF06ED2B5:[970b5dc6-3c50-4c82-87dc-aa8302030428:192.168.151.83:34096] with ContainerStateMachine:uninitialized
2019-10-08 03:52:12,859 [pool-469-thread-1] INFO  server.RaftServerConfigKeys (ConfUtils.java:logGet(43)) - raft.server.rpc.timeout.min = 5s (custom)
2019-10-08 03:52:12,860 [pool-469-thread-1] INFO  server.RaftServerConfigKeys (ConfUtils.java:logGet(43)) - raft.server.rpc.timeout.max = 5200ms (custom)
2019-10-08 03:52:12,860 [pool-469-thread-1] INFO  server.RaftServerConfigKeys (ConfUtils.java:logGet(43)) - raft.server.rpcslowness.timeout = 120s (custom)
2019-10-08 03:52:12,860 [pool-469-thread-1] INFO  server.RaftServerConfigKeys (ConfUtils.java:logGet(43)) - raft.server.sleep.deviation.threshold = 300 (default)
2019-10-08 03:52:12,860 [pool-469-thread-1] INFO  server.RaftServerConfigKeys (ConfUtils.java:logGet(43)) - raft.server.log.appender.install.snapshot.enabled = false (custom)
2019-10-08 03:52:12,860 [pool-469-thread-1] INFO  impl.RaftServerImpl (ServerState.java:<init>(103)) - 970b5dc6-3c50-4c82-87dc-aa8302030428@group-BA7DF06ED2B5: ConfigurationManager, init=-1: [970b5dc6-3c50-4c82-87dc-aa8302030428:192.168.151.83:34096], old=null, confs=<EMPTY_MAP>
2019-10-08 03:52:12,860 [pool-469-thread-1] INFO  server.RaftServerConfigKeys (ConfUtils.java:logGet(43)) - raft.server.storage.dir = [/workdir/hadoop-ozone/integration-test/target/test-dir/MiniOzoneClusterImpl-a9be05cf-aef7-47c4-a115-9f43cc1793f2/datanode-6/data/ratis] (custom)
2019-10-08 03:52:12,861 [pool-469-thread-1] INFO  server.RaftServerConfigKeys (ConfUtils.java:logGet(43)) - raft.server.log.corruption.policy = EXCEPTION (default)
2019-10-08 03:52:12,861 [pool-469-thread-1] INFO  storage.RaftStorageDirectory (RaftStorageDirectory.java:analyzeStorage(246)) - The storage directory /workdir/hadoop-ozone/integration-test/target/test-dir/MiniOzoneClusterImpl-a9be05cf-aef7-47c4-a115-9f43cc1793f2/datanode-6/data/ratis/99dd9794-c94b-4a2f-9bd0-ba7df06ed2b5 does not exist. Creating ...
2019-10-08 03:52:12,874 [pool-469-thread-1] INFO  storage.RaftStorageDirectory (RaftStorageDirectory.java:tryLock(328)) - Lock on /workdir/hadoop-ozone/integration-test/target/test-dir/MiniOzoneClusterImpl-a9be05cf-aef7-47c4-a115-9f43cc1793f2/datanode-6/data/ratis/99dd9794-c94b-4a2f-9bd0-ba7df06ed2b5/in_use.lock acquired by nodename 23383@pr-hdds-2217-jqnfv-3133698562
2019-10-08 03:52:12,887 [pool-469-thread-1] INFO  storage.RaftStorage (RaftStorage.java:format(84)) - Storage directory /workdir/hadoop-ozone/integration-test/target/test-dir/MiniOzoneClusterImpl-a9be05cf-aef7-47c4-a115-9f43cc1793f2/datanode-6/data/ratis/99dd9794-c94b-4a2f-9bd0-ba7df06ed2b5 has been successfully formatted.
2019-10-08 03:52:12,887 [pool-469-thread-1] INFO  ratis.ContainerStateMachine (ContainerStateMachine.java:loadSnapshot(231)) - group-BA7DF06ED2B5: The snapshot info is null. Setting the last applied indexto:(t:0, i:~)
2019-10-08 03:52:12,887 [pool-469-thread-1] INFO  server.RaftServerConfigKeys (ConfUtils.java:logGet(43)) - raft.server.notification.no-leader.timeout = 120s (custom)
2019-10-08 03:52:12,887 [pool-469-thread-1] INFO  server.RaftServerConfigKeys (ConfUtils.java:logGet(43)) - raft.server.log.use.memory = false (default)
2019-10-08 03:52:12,888 [pool-469-thread-1] INFO  server.RaftServerConfigKeys (ConfUtils.java:logGet(43)) - raft.server.log.purge.gap = 1000000 (custom)
2019-10-08 03:52:12,888 [pool-469-thread-1] INFO  server.RaftServerConfigKeys (ConfUtils.java:logGet(43)) - raft.server.log.appender.buffer.byte-limit = 33554432 (custom)
2019-10-08 03:52:12,888 [pool-469-thread-1] INFO  server.RaftServerConfigKeys (ConfUtils.java:logGet(43)) - raft.server.log.segment.size.max = 1048576 (custom)
2019-10-08 03:52:12,890 [pool-469-thread-1] INFO  server.RaftServerConfigKeys (ConfUtils.java:logGet(43)) - raft.server.log.segment.cache.num.max = 2 (custom)
2019-10-08 03:52:12,890 [pool-469-thread-1] INFO  segmented.SegmentedRaftLogWorker (SegmentedRaftLogWorker.java:<init>(173)) - new 970b5dc6-3c50-4c82-87dc-aa8302030428@group-BA7DF06ED2B5-SegmentedRaftLogWorker for RaftStorage:Storage Directory /workdir/hadoop-ozone/integration-test/target/test-dir/MiniOzoneClusterImpl-a9be05cf-aef7-47c4-a115-9f43cc1793f2/datanode-6/data/ratis/99dd9794-c94b-4a2f-9bd0-ba7df06ed2b5
2019-10-08 03:52:12,891 [pool-469-thread-1] INFO  server.RaftServerConfigKeys (ConfUtils.java:logGet(43)) - raft.server.log.queue.byte-limit = 2147483647 (custom)
2019-10-08 03:52:12,891 [pool-469-thread-1] INFO  server.RaftServerConfigKeys (ConfUtils.java:logGet(43)) - raft.server.log.queue.element-limit = 1024 (custom)
2019-10-08 03:52:12,891 [pool-469-thread-1] INFO  server.RaftServerConfigKeys (ConfUtils.java:logGet(43)) - raft.server.log.segment.size.max = 1048576 (custom)
2019-10-08 03:52:12,891 [pool-469-thread-1] INFO  server.RaftServerConfigKeys (ConfUtils.java:logGet(43)) - raft.server.log.preallocated.size = 16384 (custom)
2019-10-08 03:52:12,891 [pool-469-thread-1] INFO  server.RaftServerConfigKeys (ConfUtils.java:logGet(43)) - raft.server.log.write.buffer.size = 33554432 (custom)
2019-10-08 03:52:12,891 [pool-469-thread-1] INFO  server.RaftServerConfigKeys (ConfUtils.java:logGet(43)) - raft.server.log.force.sync.num = 128 (default)
2019-10-08 03:52:12,891 [pool-469-thread-1] INFO  server.RaftServerConfigKeys (ConfUtils.java:logGet(43)) - raft.server.log.statemachine.data.sync = true (default)
2019-10-08 03:52:12,891 [pool-469-thread-1] INFO  server.RaftServerConfigKeys (ConfUtils.java:logGet(43)) - raft.server.log.statemachine.data.sync.timeout = 10s (default)
2019-10-08 03:52:12,891 [pool-469-thread-1] INFO  server.RaftServerConfigKeys (ConfUtils.java:logGet(43)) - raft.server.log.statemachine.data.sync.timeout.retry = -1 (default)
2019-10-08 03:52:12,892 [pool-469-thread-1] INFO  server.RaftServerConfigKeys (ConfUtils.java:logGet(43)) - raft.server.log.statemachine.data.caching.enabled = true (custom)
2019-10-08 03:52:12,892 [pool-469-thread-1] INFO  segmented.SegmentedRaftLogWorker (SegmentedRaftLogWorker.java:lambda$new$0(128)) - 970b5dc6-3c50-4c82-87dc-aa8302030428@group-BA7DF06ED2B5-SegmentedRaftLogWorker: flushIndex: setUnconditionally 0 -> -1
2019-10-08 03:52:12,892 [pool-469-thread-1] INFO  server.RaftServerConfigKeys (ConfUtils.java:logGet(43)) - raft.server.snapshot.auto.trigger.enabled = true (custom)
2019-10-08 03:52:12,893 [pool-469-thread-1] INFO  server.RaftServerConfigKeys (ConfUtils.java:logGet(43)) - raft.server.snapshot.auto.trigger.threshold = 10000 (custom)
2019-10-08 03:52:12,893 [pool-469-thread-1] INFO  server.RaftServerConfigKeys (ConfUtils.java:logGet(43)) - raft.server.snapshot.retention.file.num = 5 (custom)
2019-10-08 03:52:12,893 [pool-469-thread-1] INFO  server.RaftServerConfigKeys (ConfUtils.java:logGet(43)) - raft.server.retrycache.expirytime = 600000ms (custom)
2019-10-08 03:52:12,894 [pool-469-thread-1] INFO  impl.RaftServerImpl (RaftServerImpl.java:start(181)) - 970b5dc6-3c50-4c82-87dc-aa8302030428@group-BA7DF06ED2B5: start as a follower, conf=-1: [970b5dc6-3c50-4c82-87dc-aa8302030428:192.168.151.83:34096], old=null
2019-10-08 03:52:12,894 [pool-469-thread-1] INFO  impl.RaftServerImpl (RaftServerImpl.java:setRole(170)) - 970b5dc6-3c50-4c82-87dc-aa8302030428@group-BA7DF06ED2B5: changes role from      null to FOLLOWER at term 0 for startAsFollower
2019-10-08 03:52:12,895 [pool-469-thread-1] INFO  impl.RoleInfo (RoleInfo.java:updateAndGet(143)) - 970b5dc6-3c50-4c82-87dc-aa8302030428: start FollowerState
2019-10-08 03:52:12,906 [pool-469-thread-1] INFO  util.JmxRegister (JmxRegister.java:tryRegister(44)) - Successfully registered JMX Bean with object name Ratis:service=RaftServer,group=group-BA7DF06ED2B5,id=970b5dc6-3c50-4c82-87dc-aa8302030428
2019-10-08 03:52:12,921 [RatisPipelineUtilsThread] INFO  pipeline.PipelineStateManager (PipelineStateManager.java:addPipeline(56)) - Created pipeline Pipeline[ Id: 99dd9794-c94b-4a2f-9bd0-ba7df06ed2b5, Nodes: 970b5dc6-3c50-4c82-87dc-aa8302030428{ip: 192.168.151.83, host: pr-hdds-2217-jqnfv-3133698562, networkLocation: /default-rack, certSerialId: null}, Type:RATIS, Factor:ONE, State:OPEN]
2019-10-08 03:52:12,933 [grpc-default-executor-6] INFO  impl.RaftServerProxy (RaftServerProxy.java:addNew(89)) - 1f3a770e-e5ec-441a-afb4-472a8b96c489: addNew group-613219B09FFD:[1f3a770e-e5ec-441a-afb4-472a8b96c489:192.168.151.83:38913, 2d498c71-865b-4173-9483-847e0f5f0e11:192.168.151.83:42148, d458369f-b65d-46d3-806a-6076be0425d4:192.168.151.83:40029] returns group-613219B09FFD:java.util.concurrent.CompletableFuture@180c3385[Not completed]
2019-10-08 03:52:12,933 [grpc-default-executor-8] INFO  impl.RaftServerProxy (RaftServerProxy.java:addNew(89)) - d458369f-b65d-46d3-806a-6076be0425d4: addNew group-613219B09FFD:[1f3a770e-e5ec-441a-afb4-472a8b96c489:192.168.151.83:38913, 2d498c71-865b-4173-9483-847e0f5f0e11:192.168.151.83:42148, d458369f-b65d-46d3-806a-6076be0425d4:192.168.151.83:40029] returns group-613219B09FFD:java.util.concurrent.CompletableFuture@3774551d[Not completed]
2019-10-08 03:52:12,934 [grpc-default-executor-5] INFO  impl.RaftServerProxy (RaftServerProxy.java:addNew(89)) - 2d498c71-865b-4173-9483-847e0f5f0e11: addNew group-613219B09FFD:[1f3a770e-e5ec-441a-afb4-472a8b96c489:192.168.151.83:38913, 2d498c71-865b-4173-9483-847e0f5f0e11:192.168.151.83:42148, d458369f-b65d-46d3-806a-6076be0425d4:192.168.151.83:40029] returns group-613219B09FFD:java.util.concurrent.CompletableFuture@7e8fd039[Not completed]
2019-10-08 03:52:12,935 [pool-449-thread-1] INFO  impl.RaftServerImpl (RaftServerImpl.java:<init>(95)) - 1f3a770e-e5ec-441a-afb4-472a8b96c489: new RaftServerImpl for group-613219B09FFD:[1f3a770e-e5ec-441a-afb4-472a8b96c489:192.168.151.83:38913, 2d498c71-865b-4173-9483-847e0f5f0e11:192.168.151.83:42148, d458369f-b65d-46d3-806a-6076be0425d4:192.168.151.83:40029] with ContainerStateMachine:uninitialized
2019-10-08 03:52:12,935 [pool-449-thread-1] INFO  server.RaftServerConfigKeys (ConfUtils.java:logGet(43)) - raft.server.rpc.timeout.min = 5s (custom)
2019-10-08 03:52:12,936 [pool-449-thread-1] INFO  server.RaftServerConfigKeys (ConfUtils.java:logGet(43)) - raft.server.rpc.timeout.max = 5200ms (custom)
2019-10-08 03:52:12,936 [pool-449-thread-1] INFO  server.RaftServerConfigKeys (ConfUtils.java:logGet(43)) - raft.server.rpcslowness.timeout = 120s (custom)
2019-10-08 03:52:12,936 [pool-449-thread-1] INFO  server.RaftServerConfigKeys (ConfUtils.java:logGet(43)) - raft.server.sleep.deviation.threshold = 300 (default)
2019-10-08 03:52:12,936 [pool-449-thread-1] INFO  server.RaftServerConfigKeys (ConfUtils.java:logGet(43)) - raft.server.log.appender.install.snapshot.enabled = false (custom)
2019-10-08 03:52:12,936 [pool-409-thread-1] INFO  impl.RaftServerImpl (RaftServerImpl.java:<init>(95)) - 2d498c71-865b-4173-9483-847e0f5f0e11: new RaftServerImpl for group-613219B09FFD:[1f3a770e-e5ec-441a-afb4-472a8b96c489:192.168.151.83:38913, 2d498c71-865b-4173-9483-847e0f5f0e11:192.168.151.83:42148, d458369f-b65d-46d3-806a-6076be0425d4:192.168.151.83:40029] with ContainerStateMachine:uninitialized
2019-10-08 03:52:12,936 [pool-449-thread-1] INFO  impl.RaftServerImpl (ServerState.java:<init>(103)) - 1f3a770e-e5ec-441a-afb4-472a8b96c489@group-613219B09FFD: ConfigurationManager, init=-1: [1f3a770e-e5ec-441a-afb4-472a8b96c489:192.168.151.83:38913, 2d498c71-865b-4173-9483-847e0f5f0e11:192.168.151.83:42148, d458369f-b65d-46d3-806a-6076be0425d4:192.168.151.83:40029], old=null, confs=<EMPTY_MAP>
2019-10-08 03:52:12,936 [pool-409-thread-1] INFO  server.RaftServerConfigKeys (ConfUtils.java:logGet(43)) - raft.server.rpc.timeout.min = 5s (custom)
2019-10-08 03:52:12,936 [pool-449-thread-1] INFO  server.RaftServerConfigKeys (ConfUtils.java:logGet(43)) - raft.server.storage.dir = [/workdir/hadoop-ozone/integration-test/target/test-dir/MiniOzoneClusterImpl-a9be05cf-aef7-47c4-a115-9f43cc1793f2/datanode-4/data/ratis] (custom)
2019-10-08 03:52:12,937 [pool-409-thread-1] INFO  server.RaftServerConfigKeys (ConfUtils.java:logGet(43)) - raft.server.rpc.timeout.max = 5200ms (custom)
2019-10-08 03:52:12,937 [pool-439-thread-1] INFO  impl.RaftServerImpl (RaftServerImpl.java:<init>(95)) - d458369f-b65d-46d3-806a-6076be0425d4: new RaftServerImpl for group-613219B09FFD:[1f3a770e-e5ec-441a-afb4-472a8b96c489:192.168.151.83:38913, 2d498c71-865b-4173-9483-847e0f5f0e11:192.168.151.83:42148, d458369f-b65d-46d3-806a-6076be0425d4:192.168.151.83:40029] with ContainerStateMachine:uninitialized
2019-10-08 03:52:12,937 [pool-449-thread-1] INFO  server.RaftServerConfigKeys (ConfUtils.java:logGet(43)) - raft.server.log.corruption.policy = EXCEPTION (default)
2019-10-08 03:52:12,937 [pool-409-thread-1] INFO  server.RaftServerConfigKeys (ConfUtils.java:logGet(43)) - raft.server.rpcslowness.timeout = 120s (custom)
2019-10-08 03:52:12,937 [pool-449-thread-1] INFO  storage.RaftStorageDirectory (RaftStorageDirectory.java:analyzeStorage(246)) - The storage directory /workdir/hadoop-ozone/integration-test/target/test-dir/MiniOzoneClusterImpl-a9be05cf-aef7-47c4-a115-9f43cc1793f2/datanode-4/data/ratis/726212e2-326b-4afd-8cea-613219b09ffd does not exist. Creating ...
2019-10-08 03:52:12,937 [pool-439-thread-1] INFO  server.RaftServerConfigKeys (ConfUtils.java:logGet(43)) - raft.server.rpc.timeout.min = 5s (custom)
2019-10-08 03:52:12,937 [pool-409-thread-1] INFO  server.RaftServerConfigKeys (ConfUtils.java:logGet(43)) - raft.server.sleep.deviation.threshold = 300 (default)
2019-10-08 03:52:12,937 [pool-439-thread-1] INFO  server.RaftServerConfigKeys (ConfUtils.java:logGet(43)) - raft.server.rpc.timeout.max = 5200ms (custom)
2019-10-08 03:52:12,938 [pool-409-thread-1] INFO  server.RaftServerConfigKeys (ConfUtils.java:logGet(43)) - raft.server.log.appender.install.snapshot.enabled = false (custom)
2019-10-08 03:52:12,938 [pool-439-thread-1] INFO  server.RaftServerConfigKeys (ConfUtils.java:logGet(43)) - raft.server.rpcslowness.timeout = 120s (custom)
2019-10-08 03:52:12,938 [pool-409-thread-1] INFO  impl.RaftServerImpl (ServerState.java:<init>(103)) - 2d498c71-865b-4173-9483-847e0f5f0e11@group-613219B09FFD: ConfigurationManager, init=-1: [1f3a770e-e5ec-441a-afb4-472a8b96c489:192.168.151.83:38913, 2d498c71-865b-4173-9483-847e0f5f0e11:192.168.151.83:42148, d458369f-b65d-46d3-806a-6076be0425d4:192.168.151.83:40029], old=null, confs=<EMPTY_MAP>
2019-10-08 03:52:12,938 [pool-439-thread-1] INFO  server.RaftServerConfigKeys (ConfUtils.java:logGet(43)) - raft.server.sleep.deviation.threshold = 300 (default)
2019-10-08 03:52:12,938 [pool-409-thread-1] INFO  server.RaftServerConfigKeys (ConfUtils.java:logGet(43)) - raft.server.storage.dir = [/workdir/hadoop-ozone/integration-test/target/test-dir/MiniOzoneClusterImpl-a9be05cf-aef7-47c4-a115-9f43cc1793f2/datanode-0/data/ratis] (custom)
2019-10-08 03:52:12,938 [pool-439-thread-1] INFO  server.RaftServerConfigKeys (ConfUtils.java:logGet(43)) - raft.server.log.appender.install.snapshot.enabled = false (custom)
2019-10-08 03:52:12,939 [pool-439-thread-1] INFO  impl.RaftServerImpl (ServerState.java:<init>(103)) - d458369f-b65d-46d3-806a-6076be0425d4@group-613219B09FFD: ConfigurationManager, init=-1: [1f3a770e-e5ec-441a-afb4-472a8b96c489:192.168.151.83:38913, 2d498c71-865b-4173-9483-847e0f5f0e11:192.168.151.83:42148, d458369f-b65d-46d3-806a-6076be0425d4:192.168.151.83:40029], old=null, confs=<EMPTY_MAP>
2019-10-08 03:52:12,939 [pool-409-thread-1] INFO  server.RaftServerConfigKeys (ConfUtils.java:logGet(43)) - raft.server.log.corruption.policy = EXCEPTION (default)
2019-10-08 03:52:12,939 [pool-439-thread-1] INFO  server.RaftServerConfigKeys (ConfUtils.java:logGet(43)) - raft.server.storage.dir = [/workdir/hadoop-ozone/integration-test/target/test-dir/MiniOzoneClusterImpl-a9be05cf-aef7-47c4-a115-9f43cc1793f2/datanode-3/data/ratis] (custom)
2019-10-08 03:52:12,939 [pool-409-thread-1] INFO  storage.RaftStorageDirectory (RaftStorageDirectory.java:analyzeStorage(246)) - The storage directory /workdir/hadoop-ozone/integration-test/target/test-dir/MiniOzoneClusterImpl-a9be05cf-aef7-47c4-a115-9f43cc1793f2/datanode-0/data/ratis/726212e2-326b-4afd-8cea-613219b09ffd does not exist. Creating ...
2019-10-08 03:52:12,939 [pool-439-thread-1] INFO  server.RaftServerConfigKeys (ConfUtils.java:logGet(43)) - raft.server.log.corruption.policy = EXCEPTION (default)
2019-10-08 03:52:12,939 [pool-439-thread-1] INFO  storage.RaftStorageDirectory (RaftStorageDirectory.java:analyzeStorage(246)) - The storage directory /workdir/hadoop-ozone/integration-test/target/test-dir/MiniOzoneClusterImpl-a9be05cf-aef7-47c4-a115-9f43cc1793f2/datanode-3/data/ratis/726212e2-326b-4afd-8cea-613219b09ffd does not exist. Creating ...
2019-10-08 03:52:12,963 [pool-409-thread-1] INFO  storage.RaftStorageDirectory (RaftStorageDirectory.java:tryLock(328)) - Lock on /workdir/hadoop-ozone/integration-test/target/test-dir/MiniOzoneClusterImpl-a9be05cf-aef7-47c4-a115-9f43cc1793f2/datanode-0/data/ratis/726212e2-326b-4afd-8cea-613219b09ffd/in_use.lock acquired by nodename 23383@pr-hdds-2217-jqnfv-3133698562
2019-10-08 03:52:12,963 [pool-439-thread-1] INFO  storage.RaftStorageDirectory (RaftStorageDirectory.java:tryLock(328)) - Lock on /workdir/hadoop-ozone/integration-test/target/test-dir/MiniOzoneClusterImpl-a9be05cf-aef7-47c4-a115-9f43cc1793f2/datanode-3/data/ratis/726212e2-326b-4afd-8cea-613219b09ffd/in_use.lock acquired by nodename 23383@pr-hdds-2217-jqnfv-3133698562
2019-10-08 03:52:12,963 [pool-449-thread-1] INFO  storage.RaftStorageDirectory (RaftStorageDirectory.java:tryLock(328)) - Lock on /workdir/hadoop-ozone/integration-test/target/test-dir/MiniOzoneClusterImpl-a9be05cf-aef7-47c4-a115-9f43cc1793f2/datanode-4/data/ratis/726212e2-326b-4afd-8cea-613219b09ffd/in_use.lock acquired by nodename 23383@pr-hdds-2217-jqnfv-3133698562
2019-10-08 03:52:12,985 [pool-409-thread-1] INFO  storage.RaftStorage (RaftStorage.java:format(84)) - Storage directory /workdir/hadoop-ozone/integration-test/target/test-dir/MiniOzoneClusterImpl-a9be05cf-aef7-47c4-a115-9f43cc1793f2/datanode-0/data/ratis/726212e2-326b-4afd-8cea-613219b09ffd has been successfully formatted.
2019-10-08 03:52:12,985 [pool-439-thread-1] INFO  storage.RaftStorage (RaftStorage.java:format(84)) - Storage directory /workdir/hadoop-ozone/integration-test/target/test-dir/MiniOzoneClusterImpl-a9be05cf-aef7-47c4-a115-9f43cc1793f2/datanode-3/data/ratis/726212e2-326b-4afd-8cea-613219b09ffd has been successfully formatted.
2019-10-08 03:52:12,985 [pool-449-thread-1] INFO  storage.RaftStorage (RaftStorage.java:format(84)) - Storage directory /workdir/hadoop-ozone/integration-test/target/test-dir/MiniOzoneClusterImpl-a9be05cf-aef7-47c4-a115-9f43cc1793f2/datanode-4/data/ratis/726212e2-326b-4afd-8cea-613219b09ffd has been successfully formatted.
2019-10-08 03:52:12,985 [pool-409-thread-1] INFO  ratis.ContainerStateMachine (ContainerStateMachine.java:loadSnapshot(231)) - group-613219B09FFD: The snapshot info is null. Setting the last applied indexto:(t:0, i:~)
2019-10-08 03:52:12,985 [pool-439-thread-1] INFO  ratis.ContainerStateMachine (ContainerStateMachine.java:loadSnapshot(231)) - group-613219B09FFD: The snapshot info is null. Setting the last applied indexto:(t:0, i:~)
2019-10-08 03:52:12,985 [pool-449-thread-1] INFO  ratis.ContainerStateMachine (ContainerStateMachine.java:loadSnapshot(231)) - group-613219B09FFD: The snapshot info is null. Setting the last applied indexto:(t:0, i:~)
2019-10-08 03:52:12,985 [pool-439-thread-1] INFO  server.RaftServerConfigKeys (ConfUtils.java:logGet(43)) - raft.server.notification.no-leader.timeout = 120s (custom)
2019-10-08 03:52:12,985 [pool-409-thread-1] INFO  server.RaftServerConfigKeys (ConfUtils.java:logGet(43)) - raft.server.notification.no-leader.timeout = 120s (custom)
2019-10-08 03:52:12,986 [pool-439-thread-1] INFO  server.RaftServerConfigKeys (ConfUtils.java:logGet(43)) - raft.server.log.use.memory = false (default)
2019-10-08 03:52:12,985 [pool-449-thread-1] INFO  server.RaftServerConfigKeys (ConfUtils.java:logGet(43)) - raft.server.notification.no-leader.timeout = 120s (custom)
2019-10-08 03:52:12,986 [pool-439-thread-1] INFO  server.RaftServerConfigKeys (ConfUtils.java:logGet(43)) - raft.server.log.purge.gap = 1000000 (custom)
2019-10-08 03:52:12,986 [pool-409-thread-1] INFO  server.RaftServerConfigKeys (ConfUtils.java:logGet(43)) - raft.server.log.use.memory = false (default)
2019-10-08 03:52:12,986 [pool-439-thread-1] INFO  server.RaftServerConfigKeys (ConfUtils.java:logGet(43)) - raft.server.log.appender.buffer.byte-limit = 33554432 (custom)
2019-10-08 03:52:12,986 [pool-449-thread-1] INFO  server.RaftServerConfigKeys (ConfUtils.java:logGet(43)) - raft.server.log.use.memory = false (default)
2019-10-08 03:52:12,987 [pool-439-thread-1] INFO  server.RaftServerConfigKeys (ConfUtils.java:logGet(43)) - raft.server.log.segment.size.max = 1048576 (custom)
2019-10-08 03:52:12,986 [pool-409-thread-1] INFO  server.RaftServerConfigKeys (ConfUtils.java:logGet(43)) - raft.server.log.purge.gap = 1000000 (custom)
2019-10-08 03:52:12,987 [pool-439-thread-1] INFO  server.RaftServerConfigKeys (ConfUtils.java:logGet(43)) - raft.server.log.segment.cache.num.max = 2 (custom)
2019-10-08 03:52:12,987 [pool-449-thread-1] INFO  server.RaftServerConfigKeys (ConfUtils.java:logGet(43)) - raft.server.log.purge.gap = 1000000 (custom)
2019-10-08 03:52:12,987 [pool-439-thread-1] INFO  segmented.SegmentedRaftLogWorker (SegmentedRaftLogWorker.java:<init>(173)) - new d458369f-b65d-46d3-806a-6076be0425d4@group-613219B09FFD-SegmentedRaftLogWorker for RaftStorage:Storage Directory /workdir/hadoop-ozone/integration-test/target/test-dir/MiniOzoneClusterImpl-a9be05cf-aef7-47c4-a115-9f43cc1793f2/datanode-3/data/ratis/726212e2-326b-4afd-8cea-613219b09ffd
2019-10-08 03:52:12,987 [pool-409-thread-1] INFO  server.RaftServerConfigKeys (ConfUtils.java:logGet(43)) - raft.server.log.appender.buffer.byte-limit = 33554432 (custom)
2019-10-08 03:52:12,988 [pool-439-thread-1] INFO  server.RaftServerConfigKeys (ConfUtils.java:logGet(43)) - raft.server.log.queue.byte-limit = 2147483647 (custom)
2019-10-08 03:52:12,987 [pool-449-thread-1] INFO  server.RaftServerConfigKeys (ConfUtils.java:logGet(43)) - raft.server.log.appender.buffer.byte-limit = 33554432 (custom)
2019-10-08 03:52:12,988 [pool-439-thread-1] INFO  server.RaftServerConfigKeys (ConfUtils.java:logGet(43)) - raft.server.log.queue.element-limit = 1024 (custom)
2019-10-08 03:52:12,988 [pool-409-thread-1] INFO  server.RaftServerConfigKeys (ConfUtils.java:logGet(43)) - raft.server.log.segment.size.max = 1048576 (custom)
2019-10-08 03:52:12,988 [pool-439-thread-1] INFO  server.RaftServerConfigKeys (ConfUtils.java:logGet(43)) - raft.server.log.segment.size.max = 1048576 (custom)
2019-10-08 03:52:12,989 [pool-439-thread-1] INFO  server.RaftServerConfigKeys (ConfUtils.java:logGet(43)) - raft.server.log.preallocated.size = 16384 (custom)
2019-10-08 03:52:12,988 [pool-449-thread-1] INFO  server.RaftServerConfigKeys (ConfUtils.java:logGet(43)) - raft.server.log.segment.size.max = 1048576 (custom)
2019-10-08 03:52:12,989 [pool-439-thread-1] INFO  server.RaftServerConfigKeys (ConfUtils.java:logGet(43)) - raft.server.log.write.buffer.size = 33554432 (custom)
2019-10-08 03:52:12,988 [pool-409-thread-1] INFO  server.RaftServerConfigKeys (ConfUtils.java:logGet(43)) - raft.server.log.segment.cache.num.max = 2 (custom)
2019-10-08 03:52:12,989 [pool-439-thread-1] INFO  server.RaftServerConfigKeys (ConfUtils.java:logGet(43)) - raft.server.log.force.sync.num = 128 (default)
2019-10-08 03:52:12,989 [pool-449-thread-1] INFO  server.RaftServerConfigKeys (ConfUtils.java:logGet(43)) - raft.server.log.segment.cache.num.max = 2 (custom)
2019-10-08 03:52:12,989 [pool-439-thread-1] INFO  server.RaftServerConfigKeys (ConfUtils.java:logGet(43)) - raft.server.log.statemachine.data.sync = true (default)
2019-10-08 03:52:12,989 [pool-409-thread-1] INFO  segmented.SegmentedRaftLogWorker (SegmentedRaftLogWorker.java:<init>(173)) - new 2d498c71-865b-4173-9483-847e0f5f0e11@group-613219B09FFD-SegmentedRaftLogWorker for RaftStorage:Storage Directory /workdir/hadoop-ozone/integration-test/target/test-dir/MiniOzoneClusterImpl-a9be05cf-aef7-47c4-a115-9f43cc1793f2/datanode-0/data/ratis/726212e2-326b-4afd-8cea-613219b09ffd
2019-10-08 03:52:12,990 [pool-439-thread-1] INFO  server.RaftServerConfigKeys (ConfUtils.java:logGet(43)) - raft.server.log.statemachine.data.sync.timeout = 10s (default)
2019-10-08 03:52:12,989 [pool-449-thread-1] INFO  segmented.SegmentedRaftLogWorker (SegmentedRaftLogWorker.java:<init>(173)) - new 1f3a770e-e5ec-441a-afb4-472a8b96c489@group-613219B09FFD-SegmentedRaftLogWorker for RaftStorage:Storage Directory /workdir/hadoop-ozone/integration-test/target/test-dir/MiniOzoneClusterImpl-a9be05cf-aef7-47c4-a115-9f43cc1793f2/datanode-4/data/ratis/726212e2-326b-4afd-8cea-613219b09ffd
2019-10-08 03:52:12,990 [pool-439-thread-1] INFO  server.RaftServerConfigKeys (ConfUtils.java:logGet(43)) - raft.server.log.statemachine.data.sync.timeout.retry = -1 (default)
2019-10-08 03:52:12,990 [pool-409-thread-1] INFO  server.RaftServerConfigKeys (ConfUtils.java:logGet(43)) - raft.server.log.queue.byte-limit = 2147483647 (custom)
2019-10-08 03:52:12,990 [pool-439-thread-1] INFO  server.RaftServerConfigKeys (ConfUtils.java:logGet(43)) - raft.server.log.statemachine.data.caching.enabled = true (custom)
2019-10-08 03:52:12,990 [pool-449-thread-1] INFO  server.RaftServerConfigKeys (ConfUtils.java:logGet(43)) - raft.server.log.queue.byte-limit = 2147483647 (custom)
2019-10-08 03:52:12,990 [pool-409-thread-1] INFO  server.RaftServerConfigKeys (ConfUtils.java:logGet(43)) - raft.server.log.queue.element-limit = 1024 (custom)
2019-10-08 03:52:12,991 [pool-439-thread-1] INFO  segmented.SegmentedRaftLogWorker (SegmentedRaftLogWorker.java:lambda$new$0(128)) - d458369f-b65d-46d3-806a-6076be0425d4@group-613219B09FFD-SegmentedRaftLogWorker: flushIndex: setUnconditionally 0 -> -1
2019-10-08 03:52:12,991 [pool-449-thread-1] INFO  server.RaftServerConfigKeys (ConfUtils.java:logGet(43)) - raft.server.log.queue.element-limit = 1024 (custom)
2019-10-08 03:52:12,991 [pool-409-thread-1] INFO  server.RaftServerConfigKeys (ConfUtils.java:logGet(43)) - raft.server.log.segment.size.max = 1048576 (custom)
2019-10-08 03:52:12,991 [pool-449-thread-1] INFO  server.RaftServerConfigKeys (ConfUtils.java:logGet(43)) - raft.server.log.segment.size.max = 1048576 (custom)
2019-10-08 03:52:12,991 [pool-409-thread-1] INFO  server.RaftServerConfigKeys (ConfUtils.java:logGet(43)) - raft.server.log.preallocated.size = 16384 (custom)
2019-10-08 03:52:12,991 [pool-439-thread-1] INFO  server.RaftServerConfigKeys (ConfUtils.java:logGet(43)) - raft.server.snapshot.auto.trigger.enabled = true (custom)
2019-10-08 03:52:12,991 [pool-409-thread-1] INFO  server.RaftServerConfigKeys (ConfUtils.java:logGet(43)) - raft.server.log.write.buffer.size = 33554432 (custom)
2019-10-08 03:52:12,991 [pool-449-thread-1] INFO  server.RaftServerConfigKeys (ConfUtils.java:logGet(43)) - raft.server.log.preallocated.size = 16384 (custom)
2019-10-08 03:52:12,992 [pool-409-thread-1] INFO  server.RaftServerConfigKeys (ConfUtils.java:logGet(43)) - raft.server.log.force.sync.num = 128 (default)
2019-10-08 03:52:12,991 [pool-439-thread-1] INFO  server.RaftServerConfigKeys (ConfUtils.java:logGet(43)) - raft.server.snapshot.auto.trigger.threshold = 10000 (custom)
2019-10-08 03:52:12,992 [pool-409-thread-1] INFO  server.RaftServerConfigKeys (ConfUtils.java:logGet(43)) - raft.server.log.statemachine.data.sync = true (default)
2019-10-08 03:52:12,992 [pool-449-thread-1] INFO  server.RaftServerConfigKeys (ConfUtils.java:logGet(43)) - raft.server.log.write.buffer.size = 33554432 (custom)
2019-10-08 03:52:12,992 [pool-409-thread-1] INFO  server.RaftServerConfigKeys (ConfUtils.java:logGet(43)) - raft.server.log.statemachine.data.sync.timeout = 10s (default)
2019-10-08 03:52:12,992 [pool-439-thread-1] INFO  server.RaftServerConfigKeys (ConfUtils.java:logGet(43)) - raft.server.snapshot.retention.file.num = 5 (custom)
2019-10-08 03:52:12,993 [pool-409-thread-1] INFO  server.RaftServerConfigKeys (ConfUtils.java:logGet(43)) - raft.server.log.statemachine.data.sync.timeout.retry = -1 (default)
2019-10-08 03:52:12,992 [pool-449-thread-1] INFO  server.RaftServerConfigKeys (ConfUtils.java:logGet(43)) - raft.server.log.force.sync.num = 128 (default)
2019-10-08 03:52:12,993 [pool-409-thread-1] INFO  server.RaftServerConfigKeys (ConfUtils.java:logGet(43)) - raft.server.log.statemachine.data.caching.enabled = true (custom)
2019-10-08 03:52:12,993 [pool-449-thread-1] INFO  server.RaftServerConfigKeys (ConfUtils.java:logGet(43)) - raft.server.log.statemachine.data.sync = true (default)
2019-10-08 03:52:12,993 [pool-439-thread-1] INFO  server.RaftServerConfigKeys (ConfUtils.java:logGet(43)) - raft.server.retrycache.expirytime = 600000ms (custom)
2019-10-08 03:52:12,993 [pool-409-thread-1] INFO  segmented.SegmentedRaftLogWorker (SegmentedRaftLogWorker.java:lambda$new$0(128)) - 2d498c71-865b-4173-9483-847e0f5f0e11@group-613219B09FFD-SegmentedRaftLogWorker: flushIndex: setUnconditionally 0 -> -1
2019-10-08 03:52:12,993 [pool-449-thread-1] INFO  server.RaftServerConfigKeys (ConfUtils.java:logGet(43)) - raft.server.log.statemachine.data.sync.timeout = 10s (default)
2019-10-08 03:52:12,994 [pool-449-thread-1] INFO  server.RaftServerConfigKeys (ConfUtils.java:logGet(43)) - raft.server.log.statemachine.data.sync.timeout.retry = -1 (default)
2019-10-08 03:52:12,994 [pool-449-thread-1] INFO  server.RaftServerConfigKeys (ConfUtils.java:logGet(43)) - raft.server.log.statemachine.data.caching.enabled = true (custom)
2019-10-08 03:52:12,994 [pool-409-thread-1] INFO  server.RaftServerConfigKeys (ConfUtils.java:logGet(43)) - raft.server.snapshot.auto.trigger.enabled = true (custom)
2019-10-08 03:52:12,994 [pool-449-thread-1] INFO  segmented.SegmentedRaftLogWorker (SegmentedRaftLogWorker.java:lambda$new$0(128)) - 1f3a770e-e5ec-441a-afb4-472a8b96c489@group-613219B09FFD-SegmentedRaftLogWorker: flushIndex: setUnconditionally 0 -> -1
2019-10-08 03:52:12,994 [pool-409-thread-1] INFO  server.RaftServerConfigKeys (ConfUtils.java:logGet(43)) - raft.server.snapshot.auto.trigger.threshold = 10000 (custom)
2019-10-08 03:52:12,994 [pool-449-thread-1] INFO  server.RaftServerConfigKeys (ConfUtils.java:logGet(43)) - raft.server.snapshot.auto.trigger.enabled = true (custom)
2019-10-08 03:52:12,994 [pool-409-thread-1] INFO  server.RaftServerConfigKeys (ConfUtils.java:logGet(43)) - raft.server.snapshot.retention.file.num = 5 (custom)
2019-10-08 03:52:12,994 [pool-449-thread-1] INFO  server.RaftServerConfigKeys (ConfUtils.java:logGet(43)) - raft.server.snapshot.auto.trigger.threshold = 10000 (custom)
2019-10-08 03:52:12,995 [pool-409-thread-1] INFO  server.RaftServerConfigKeys (ConfUtils.java:logGet(43)) - raft.server.retrycache.expirytime = 600000ms (custom)
2019-10-08 03:52:12,995 [pool-449-thread-1] INFO  server.RaftServerConfigKeys (ConfUtils.java:logGet(43)) - raft.server.snapshot.retention.file.num = 5 (custom)
2019-10-08 03:52:12,995 [pool-449-thread-1] INFO  server.RaftServerConfigKeys (ConfUtils.java:logGet(43)) - raft.server.retrycache.expirytime = 600000ms (custom)
2019-10-08 03:52:12,995 [pool-439-thread-1] INFO  impl.RaftServerImpl (RaftServerImpl.java:start(181)) - d458369f-b65d-46d3-806a-6076be0425d4@group-613219B09FFD: start as a follower, conf=-1: [1f3a770e-e5ec-441a-afb4-472a8b96c489:192.168.151.83:38913, 2d498c71-865b-4173-9483-847e0f5f0e11:192.168.151.83:42148, d458369f-b65d-46d3-806a-6076be0425d4:192.168.151.83:40029], old=null
2019-10-08 03:52:12,995 [pool-439-thread-1] INFO  impl.RaftServerImpl (RaftServerImpl.java:setRole(170)) - d458369f-b65d-46d3-806a-6076be0425d4@group-613219B09FFD: changes role from      null to FOLLOWER at term 0 for startAsFollower
2019-10-08 03:52:12,996 [pool-439-thread-1] INFO  impl.RoleInfo (RoleInfo.java:updateAndGet(143)) - d458369f-b65d-46d3-806a-6076be0425d4: start FollowerState
2019-10-08 03:52:12,996 [pool-439-thread-1] INFO  util.JmxRegister (JmxRegister.java:tryRegister(44)) - Successfully registered JMX Bean with object name Ratis:service=RaftServer,group=group-613219B09FFD,id=d458369f-b65d-46d3-806a-6076be0425d4
2019-10-08 03:52:12,998 [pool-409-thread-1] INFO  impl.RaftServerImpl (RaftServerImpl.java:start(181)) - 2d498c71-865b-4173-9483-847e0f5f0e11@group-613219B09FFD: start as a follower, conf=-1: [1f3a770e-e5ec-441a-afb4-472a8b96c489:192.168.151.83:38913, 2d498c71-865b-4173-9483-847e0f5f0e11:192.168.151.83:42148, d458369f-b65d-46d3-806a-6076be0425d4:192.168.151.83:40029], old=null
2019-10-08 03:52:12,998 [pool-449-thread-1] INFO  impl.RaftServerImpl (RaftServerImpl.java:start(181)) - 1f3a770e-e5ec-441a-afb4-472a8b96c489@group-613219B09FFD: start as a follower, conf=-1: [1f3a770e-e5ec-441a-afb4-472a8b96c489:192.168.151.83:38913, 2d498c71-865b-4173-9483-847e0f5f0e11:192.168.151.83:42148, d458369f-b65d-46d3-806a-6076be0425d4:192.168.151.83:40029], old=null
2019-10-08 03:52:12,999 [pool-409-thread-1] INFO  impl.RaftServerImpl (RaftServerImpl.java:setRole(170)) - 2d498c71-865b-4173-9483-847e0f5f0e11@group-613219B09FFD: changes role from      null to FOLLOWER at term 0 for startAsFollower
2019-10-08 03:52:12,999 [pool-449-thread-1] INFO  impl.RaftServerImpl (RaftServerImpl.java:setRole(170)) - 1f3a770e-e5ec-441a-afb4-472a8b96c489@group-613219B09FFD: changes role from      null to FOLLOWER at term 0 for startAsFollower
2019-10-08 03:52:12,999 [pool-409-thread-1] INFO  impl.RoleInfo (RoleInfo.java:updateAndGet(143)) - 2d498c71-865b-4173-9483-847e0f5f0e11: start FollowerState
2019-10-08 03:52:12,999 [pool-449-thread-1] INFO  impl.RoleInfo (RoleInfo.java:updateAndGet(143)) - 1f3a770e-e5ec-441a-afb4-472a8b96c489: start FollowerState
2019-10-08 03:52:12,999 [pool-449-thread-1] INFO  util.JmxRegister (JmxRegister.java:tryRegister(44)) - Successfully registered JMX Bean with object name Ratis:service=RaftServer,group=group-613219B09FFD,id=1f3a770e-e5ec-441a-afb4-472a8b96c489
2019-10-08 03:52:13,000 [pool-409-thread-1] INFO  util.JmxRegister (JmxRegister.java:tryRegister(44)) - Successfully registered JMX Bean with object name Ratis:service=RaftServer,group=group-613219B09FFD,id=2d498c71-865b-4173-9483-847e0f5f0e11
2019-10-08 03:52:13,010 [RatisPipelineUtilsThread] INFO  pipeline.PipelineStateManager (PipelineStateManager.java:addPipeline(56)) - Created pipeline Pipeline[ Id: 726212e2-326b-4afd-8cea-613219b09ffd, Nodes: 2d498c71-865b-4173-9483-847e0f5f0e11{ip: 192.168.151.83, host: pr-hdds-2217-jqnfv-3133698562, networkLocation: /default-rack, certSerialId: null}1f3a770e-e5ec-441a-afb4-472a8b96c489{ip: 192.168.151.83, host: pr-hdds-2217-jqnfv-3133698562, networkLocation: /default-rack, certSerialId: null}d458369f-b65d-46d3-806a-6076be0425d4{ip: 192.168.151.83, host: pr-hdds-2217-jqnfv-3133698562, networkLocation: /default-rack, certSerialId: null}, Type:RATIS, Factor:THREE, State:OPEN]
2019-10-08 03:52:13,021 [grpc-default-executor-5] INFO  impl.RaftServerProxy (RaftServerProxy.java:addNew(89)) - f5673c71-2777-46e9-9e6f-25a508b41700: addNew group-12291FDC6714:[de700667-c827-4507-9d64-7cee8175844f:192.168.151.83:39345, 89453ef1-964b-45ae-849c-d802d4dd61c8:192.168.151.83:34073, f5673c71-2777-46e9-9e6f-25a508b41700:192.168.151.83:35800] returns group-12291FDC6714:java.util.concurrent.CompletableFuture@58d0e3eb[Not completed]
2019-10-08 03:52:13,021 [grpc-default-executor-8] INFO  impl.RaftServerProxy (RaftServerProxy.java:addNew(89)) - 89453ef1-964b-45ae-849c-d802d4dd61c8: addNew group-12291FDC6714:[de700667-c827-4507-9d64-7cee8175844f:192.168.151.83:39345, 89453ef1-964b-45ae-849c-d802d4dd61c8:192.168.151.83:34073, f5673c71-2777-46e9-9e6f-25a508b41700:192.168.151.83:35800] returns group-12291FDC6714:java.util.concurrent.CompletableFuture@7e62a1e4[Not completed]
2019-10-08 03:52:13,021 [grpc-default-executor-6] INFO  impl.RaftServerProxy (RaftServerProxy.java:addNew(89)) - de700667-c827-4507-9d64-7cee8175844f: addNew group-12291FDC6714:[de700667-c827-4507-9d64-7cee8175844f:192.168.151.83:39345, 89453ef1-964b-45ae-849c-d802d4dd61c8:192.168.151.83:34073, f5673c71-2777-46e9-9e6f-25a508b41700:192.168.151.83:35800] returns group-12291FDC6714:java.util.concurrent.CompletableFuture@6bca5fd5[Not completed]
2019-10-08 03:52:13,026 [pool-429-thread-1] INFO  impl.RaftServerImpl (RaftServerImpl.java:<init>(95)) - f5673c71-2777-46e9-9e6f-25a508b41700: new RaftServerImpl for group-12291FDC6714:[de700667-c827-4507-9d64-7cee8175844f:192.168.151.83:39345, 89453ef1-964b-45ae-849c-d802d4dd61c8:192.168.151.83:34073, f5673c71-2777-46e9-9e6f-25a508b41700:192.168.151.83:35800] with ContainerStateMachine:uninitialized
2019-10-08 03:52:13,026 [pool-429-thread-1] INFO  server.RaftServerConfigKeys (ConfUtils.java:logGet(43)) - raft.server.rpc.timeout.min = 5s (custom)
2019-10-08 03:52:13,026 [pool-429-thread-1] INFO  server.RaftServerConfigKeys (ConfUtils.java:logGet(43)) - raft.server.rpc.timeout.max = 5200ms (custom)
2019-10-08 03:52:13,026 [pool-429-thread-1] INFO  server.RaftServerConfigKeys (ConfUtils.java:logGet(43)) - raft.server.rpcslowness.timeout = 120s (custom)
2019-10-08 03:52:13,026 [pool-429-thread-1] INFO  server.RaftServerConfigKeys (ConfUtils.java:logGet(43)) - raft.server.sleep.deviation.threshold = 300 (default)
2019-10-08 03:52:13,026 [pool-429-thread-1] INFO  server.RaftServerConfigKeys (ConfUtils.java:logGet(43)) - raft.server.log.appender.install.snapshot.enabled = false (custom)
2019-10-08 03:52:13,027 [pool-429-thread-1] INFO  impl.RaftServerImpl (ServerState.java:<init>(103)) - f5673c71-2777-46e9-9e6f-25a508b41700@group-12291FDC6714: ConfigurationManager, init=-1: [de700667-c827-4507-9d64-7cee8175844f:192.168.151.83:39345, 89453ef1-964b-45ae-849c-d802d4dd61c8:192.168.151.83:34073, f5673c71-2777-46e9-9e6f-25a508b41700:192.168.151.83:35800], old=null, confs=<EMPTY_MAP>
2019-10-08 03:52:13,027 [pool-419-thread-1] INFO  impl.RaftServerImpl (RaftServerImpl.java:<init>(95)) - de700667-c827-4507-9d64-7cee8175844f: new RaftServerImpl for group-12291FDC6714:[de700667-c827-4507-9d64-7cee8175844f:192.168.151.83:39345, 89453ef1-964b-45ae-849c-d802d4dd61c8:192.168.151.83:34073, f5673c71-2777-46e9-9e6f-25a508b41700:192.168.151.83:35800] with ContainerStateMachine:uninitialized
2019-10-08 03:52:13,027 [pool-429-thread-1] INFO  server.RaftServerConfigKeys (ConfUtils.java:logGet(43)) - raft.server.storage.dir = [/workdir/hadoop-ozone/integration-test/target/test-dir/MiniOzoneClusterImpl-a9be05cf-aef7-47c4-a115-9f43cc1793f2/datanode-2/data/ratis] (custom)
2019-10-08 03:52:13,027 [pool-419-thread-1] INFO  server.RaftServerConfigKeys (ConfUtils.java:logGet(43)) - raft.server.rpc.timeout.min = 5s (custom)
2019-10-08 03:52:13,027 [pool-429-thread-1] INFO  server.RaftServerConfigKeys (ConfUtils.java:logGet(43)) - raft.server.log.corruption.policy = EXCEPTION (default)
2019-10-08 03:52:13,027 [pool-419-thread-1] INFO  server.RaftServerConfigKeys (ConfUtils.java:logGet(43)) - raft.server.rpc.timeout.max = 5200ms (custom)
2019-10-08 03:52:13,027 [pool-429-thread-1] INFO  storage.RaftStorageDirectory (RaftStorageDirectory.java:analyzeStorage(246)) - The storage directory /workdir/hadoop-ozone/integration-test/target/test-dir/MiniOzoneClusterImpl-a9be05cf-aef7-47c4-a115-9f43cc1793f2/datanode-2/data/ratis/2915f879-8756-416b-b3d1-12291fdc6714 does not exist. Creating ...
2019-10-08 03:52:13,027 [pool-459-thread-1] INFO  impl.RaftServerImpl (RaftServerImpl.java:<init>(95)) - 89453ef1-964b-45ae-849c-d802d4dd61c8: new RaftServerImpl for group-12291FDC6714:[de700667-c827-4507-9d64-7cee8175844f:192.168.151.83:39345, 89453ef1-964b-45ae-849c-d802d4dd61c8:192.168.151.83:34073, f5673c71-2777-46e9-9e6f-25a508b41700:192.168.151.83:35800] with ContainerStateMachine:uninitialized
2019-10-08 03:52:13,027 [pool-419-thread-1] INFO  server.RaftServerConfigKeys (ConfUtils.java:logGet(43)) - raft.server.rpcslowness.timeout = 120s (custom)
2019-10-08 03:52:13,028 [pool-459-thread-1] INFO  server.RaftServerConfigKeys (ConfUtils.java:logGet(43)) - raft.server.rpc.timeout.min = 5s (custom)
2019-10-08 03:52:13,028 [pool-419-thread-1] INFO  server.RaftServerConfigKeys (ConfUtils.java:logGet(43)) - raft.server.sleep.deviation.threshold = 300 (default)
2019-10-08 03:52:13,028 [pool-459-thread-1] INFO  server.RaftServerConfigKeys (ConfUtils.java:logGet(43)) - raft.server.rpc.timeout.max = 5200ms (custom)
2019-10-08 03:52:13,028 [pool-419-thread-1] INFO  server.RaftServerConfigKeys (ConfUtils.java:logGet(43)) - raft.server.log.appender.install.snapshot.enabled = false (custom)
2019-10-08 03:52:13,028 [pool-459-thread-1] INFO  server.RaftServerConfigKeys (ConfUtils.java:logGet(43)) - raft.server.rpcslowness.timeout = 120s (custom)
2019-10-08 03:52:13,028 [pool-419-thread-1] INFO  impl.RaftServerImpl (ServerState.java:<init>(103)) - de700667-c827-4507-9d64-7cee8175844f@group-12291FDC6714: ConfigurationManager, init=-1: [de700667-c827-4507-9d64-7cee8175844f:192.168.151.83:39345, 89453ef1-964b-45ae-849c-d802d4dd61c8:192.168.151.83:34073, f5673c71-2777-46e9-9e6f-25a508b41700:192.168.151.83:35800], old=null, confs=<EMPTY_MAP>
2019-10-08 03:52:13,028 [pool-459-thread-1] INFO  server.RaftServerConfigKeys (ConfUtils.java:logGet(43)) - raft.server.sleep.deviation.threshold = 300 (default)
2019-10-08 03:52:13,029 [pool-419-thread-1] INFO  server.RaftServerConfigKeys (ConfUtils.java:logGet(43)) - raft.server.storage.dir = [/workdir/hadoop-ozone/integration-test/target/test-dir/MiniOzoneClusterImpl-a9be05cf-aef7-47c4-a115-9f43cc1793f2/datanode-1/data/ratis] (custom)
2019-10-08 03:52:13,029 [pool-459-thread-1] INFO  server.RaftServerConfigKeys (ConfUtils.java:logGet(43)) - raft.server.log.appender.install.snapshot.enabled = false (custom)
2019-10-08 03:52:13,029 [pool-419-thread-1] INFO  server.RaftServerConfigKeys (ConfUtils.java:logGet(43)) - raft.server.log.corruption.policy = EXCEPTION (default)
2019-10-08 03:52:13,029 [pool-459-thread-1] INFO  impl.RaftServerImpl (ServerState.java:<init>(103)) - 89453ef1-964b-45ae-849c-d802d4dd61c8@group-12291FDC6714: ConfigurationManager, init=-1: [de700667-c827-4507-9d64-7cee8175844f:192.168.151.83:39345, 89453ef1-964b-45ae-849c-d802d4dd61c8:192.168.151.83:34073, f5673c71-2777-46e9-9e6f-25a508b41700:192.168.151.83:35800], old=null, confs=<EMPTY_MAP>
2019-10-08 03:52:13,029 [pool-419-thread-1] INFO  storage.RaftStorageDirectory (RaftStorageDirectory.java:analyzeStorage(246)) - The storage directory /workdir/hadoop-ozone/integration-test/target/test-dir/MiniOzoneClusterImpl-a9be05cf-aef7-47c4-a115-9f43cc1793f2/datanode-1/data/ratis/2915f879-8756-416b-b3d1-12291fdc6714 does not exist. Creating ...
2019-10-08 03:52:13,029 [pool-459-thread-1] INFO  server.RaftServerConfigKeys (ConfUtils.java:logGet(43)) - raft.server.storage.dir = [/workdir/hadoop-ozone/integration-test/target/test-dir/MiniOzoneClusterImpl-a9be05cf-aef7-47c4-a115-9f43cc1793f2/datanode-5/data/ratis] (custom)
2019-10-08 03:52:13,030 [pool-459-thread-1] INFO  server.RaftServerConfigKeys (ConfUtils.java:logGet(43)) - raft.server.log.corruption.policy = EXCEPTION (default)
2019-10-08 03:52:13,030 [pool-459-thread-1] INFO  storage.RaftStorageDirectory (RaftStorageDirectory.java:analyzeStorage(246)) - The storage directory /workdir/hadoop-ozone/integration-test/target/test-dir/MiniOzoneClusterImpl-a9be05cf-aef7-47c4-a115-9f43cc1793f2/datanode-5/data/ratis/2915f879-8756-416b-b3d1-12291fdc6714 does not exist. Creating ...
2019-10-08 03:52:13,052 [pool-429-thread-1] INFO  storage.RaftStorageDirectory (RaftStorageDirectory.java:tryLock(328)) - Lock on /workdir/hadoop-ozone/integration-test/target/test-dir/MiniOzoneClusterImpl-a9be05cf-aef7-47c4-a115-9f43cc1793f2/datanode-2/data/ratis/2915f879-8756-416b-b3d1-12291fdc6714/in_use.lock acquired by nodename 23383@pr-hdds-2217-jqnfv-3133698562
2019-10-08 03:52:13,052 [pool-459-thread-1] INFO  storage.RaftStorageDirectory (RaftStorageDirectory.java:tryLock(328)) - Lock on /workdir/hadoop-ozone/integration-test/target/test-dir/MiniOzoneClusterImpl-a9be05cf-aef7-47c4-a115-9f43cc1793f2/datanode-5/data/ratis/2915f879-8756-416b-b3d1-12291fdc6714/in_use.lock acquired by nodename 23383@pr-hdds-2217-jqnfv-3133698562
2019-10-08 03:52:13,052 [pool-419-thread-1] INFO  storage.RaftStorageDirectory (RaftStorageDirectory.java:tryLock(328)) - Lock on /workdir/hadoop-ozone/integration-test/target/test-dir/MiniOzoneClusterImpl-a9be05cf-aef7-47c4-a115-9f43cc1793f2/datanode-1/data/ratis/2915f879-8756-416b-b3d1-12291fdc6714/in_use.lock acquired by nodename 23383@pr-hdds-2217-jqnfv-3133698562
2019-10-08 03:52:13,078 [pool-429-thread-1] INFO  storage.RaftStorage (RaftStorage.java:format(84)) - Storage directory /workdir/hadoop-ozone/integration-test/target/test-dir/MiniOzoneClusterImpl-a9be05cf-aef7-47c4-a115-9f43cc1793f2/datanode-2/data/ratis/2915f879-8756-416b-b3d1-12291fdc6714 has been successfully formatted.
2019-10-08 03:52:13,078 [pool-419-thread-1] INFO  storage.RaftStorage (RaftStorage.java:format(84)) - Storage directory /workdir/hadoop-ozone/integration-test/target/test-dir/MiniOzoneClusterImpl-a9be05cf-aef7-47c4-a115-9f43cc1793f2/datanode-1/data/ratis/2915f879-8756-416b-b3d1-12291fdc6714 has been successfully formatted.
2019-10-08 03:52:13,078 [pool-459-thread-1] INFO  storage.RaftStorage (RaftStorage.java:format(84)) - Storage directory /workdir/hadoop-ozone/integration-test/target/test-dir/MiniOzoneClusterImpl-a9be05cf-aef7-47c4-a115-9f43cc1793f2/datanode-5/data/ratis/2915f879-8756-416b-b3d1-12291fdc6714 has been successfully formatted.
2019-10-08 03:52:13,079 [pool-419-thread-1] INFO  ratis.ContainerStateMachine (ContainerStateMachine.java:loadSnapshot(231)) - group-12291FDC6714: The snapshot info is null. Setting the last applied indexto:(t:0, i:~)
2019-10-08 03:52:13,078 [pool-429-thread-1] INFO  ratis.ContainerStateMachine (ContainerStateMachine.java:loadSnapshot(231)) - group-12291FDC6714: The snapshot info is null. Setting the last applied indexto:(t:0, i:~)
2019-10-08 03:52:13,079 [pool-419-thread-1] INFO  server.RaftServerConfigKeys (ConfUtils.java:logGet(43)) - raft.server.notification.no-leader.timeout = 120s (custom)
2019-10-08 03:52:13,079 [pool-419-thread-1] INFO  server.RaftServerConfigKeys (ConfUtils.java:logGet(43)) - raft.server.log.use.memory = false (default)
2019-10-08 03:52:13,079 [pool-459-thread-1] INFO  ratis.ContainerStateMachine (ContainerStateMachine.java:loadSnapshot(231)) - group-12291FDC6714: The snapshot info is null. Setting the last applied indexto:(t:0, i:~)
2019-10-08 03:52:13,079 [pool-419-thread-1] INFO  server.RaftServerConfigKeys (ConfUtils.java:logGet(43)) - raft.server.log.purge.gap = 1000000 (custom)
2019-10-08 03:52:13,079 [pool-429-thread-1] INFO  server.RaftServerConfigKeys (ConfUtils.java:logGet(43)) - raft.server.notification.no-leader.timeout = 120s (custom)
2019-10-08 03:52:13,079 [pool-419-thread-1] INFO  server.RaftServerConfigKeys (ConfUtils.java:logGet(43)) - raft.server.log.appender.buffer.byte-limit = 33554432 (custom)
2019-10-08 03:52:13,079 [pool-459-thread-1] INFO  server.RaftServerConfigKeys (ConfUtils.java:logGet(43)) - raft.server.notification.no-leader.timeout = 120s (custom)
2019-10-08 03:52:13,080 [pool-419-thread-1] INFO  server.RaftServerConfigKeys (ConfUtils.java:logGet(43)) - raft.server.log.segment.size.max = 1048576 (custom)
2019-10-08 03:52:13,080 [pool-429-thread-1] INFO  server.RaftServerConfigKeys (ConfUtils.java:logGet(43)) - raft.server.log.use.memory = false (default)
2019-10-08 03:52:13,080 [pool-419-thread-1] INFO  server.RaftServerConfigKeys (ConfUtils.java:logGet(43)) - raft.server.log.segment.cache.num.max = 2 (custom)
2019-10-08 03:52:13,081 [pool-419-thread-1] INFO  segmented.SegmentedRaftLogWorker (SegmentedRaftLogWorker.java:<init>(173)) - new de700667-c827-4507-9d64-7cee8175844f@group-12291FDC6714-SegmentedRaftLogWorker for RaftStorage:Storage Directory /workdir/hadoop-ozone/integration-test/target/test-dir/MiniOzoneClusterImpl-a9be05cf-aef7-47c4-a115-9f43cc1793f2/datanode-1/data/ratis/2915f879-8756-416b-b3d1-12291fdc6714
2019-10-08 03:52:13,080 [pool-459-thread-1] INFO  server.RaftServerConfigKeys (ConfUtils.java:logGet(43)) - raft.server.log.use.memory = false (default)
2019-10-08 03:52:13,081 [pool-419-thread-1] INFO  server.RaftServerConfigKeys (ConfUtils.java:logGet(43)) - raft.server.log.queue.byte-limit = 2147483647 (custom)
2019-10-08 03:52:13,080 [pool-429-thread-1] INFO  server.RaftServerConfigKeys (ConfUtils.java:logGet(43)) - raft.server.log.purge.gap = 1000000 (custom)
2019-10-08 03:52:13,081 [pool-419-thread-1] INFO  server.RaftServerConfigKeys (ConfUtils.java:logGet(43)) - raft.server.log.queue.element-limit = 1024 (custom)
2019-10-08 03:52:13,081 [pool-459-thread-1] INFO  server.RaftServerConfigKeys (ConfUtils.java:logGet(43)) - raft.server.log.purge.gap = 1000000 (custom)
2019-10-08 03:52:13,081 [pool-419-thread-1] INFO  server.RaftServerConfigKeys (ConfUtils.java:logGet(43)) - raft.server.log.segment.size.max = 1048576 (custom)
2019-10-08 03:52:13,081 [pool-429-thread-1] INFO  server.RaftServerConfigKeys (ConfUtils.java:logGet(43)) - raft.server.log.appender.buffer.byte-limit = 33554432 (custom)
2019-10-08 03:52:13,082 [pool-419-thread-1] INFO  server.RaftServerConfigKeys (ConfUtils.java:logGet(43)) - raft.server.log.preallocated.size = 16384 (custom)
2019-10-08 03:52:13,082 [pool-419-thread-1] INFO  server.RaftServerConfigKeys (ConfUtils.java:logGet(43)) - raft.server.log.write.buffer.size = 33554432 (custom)
2019-10-08 03:52:13,082 [pool-459-thread-1] INFO  server.RaftServerConfigKeys (ConfUtils.java:logGet(43)) - raft.server.log.appender.buffer.byte-limit = 33554432 (custom)
2019-10-08 03:52:13,082 [pool-419-thread-1] INFO  server.RaftServerConfigKeys (ConfUtils.java:logGet(43)) - raft.server.log.force.sync.num = 128 (default)
2019-10-08 03:52:13,082 [pool-429-thread-1] INFO  server.RaftServerConfigKeys (ConfUtils.java:logGet(43)) - raft.server.log.segment.size.max = 1048576 (custom)
2019-10-08 03:52:13,083 [pool-419-thread-1] INFO  server.RaftServerConfigKeys (ConfUtils.java:logGet(43)) - raft.server.log.statemachine.data.sync = true (default)
2019-10-08 03:52:13,082 [pool-459-thread-1] INFO  server.RaftServerConfigKeys (ConfUtils.java:logGet(43)) - raft.server.log.segment.size.max = 1048576 (custom)
2019-10-08 03:52:13,083 [pool-419-thread-1] INFO  server.RaftServerConfigKeys (ConfUtils.java:logGet(43)) - raft.server.log.statemachine.data.sync.timeout = 10s (default)
2019-10-08 03:52:13,083 [pool-429-thread-1] INFO  server.RaftServerConfigKeys (ConfUtils.java:logGet(43)) - raft.server.log.segment.cache.num.max = 2 (custom)
2019-10-08 03:52:13,083 [pool-419-thread-1] INFO  server.RaftServerConfigKeys (ConfUtils.java:logGet(43)) - raft.server.log.statemachine.data.sync.timeout.retry = -1 (default)
2019-10-08 03:52:13,083 [pool-459-thread-1] INFO  server.RaftServerConfigKeys (ConfUtils.java:logGet(43)) - raft.server.log.segment.cache.num.max = 2 (custom)
2019-10-08 03:52:13,083 [pool-419-thread-1] INFO  server.RaftServerConfigKeys (ConfUtils.java:logGet(43)) - raft.server.log.statemachine.data.caching.enabled = true (custom)
2019-10-08 03:52:13,083 [pool-429-thread-1] INFO  segmented.SegmentedRaftLogWorker (SegmentedRaftLogWorker.java:<init>(173)) - new f5673c71-2777-46e9-9e6f-25a508b41700@group-12291FDC6714-SegmentedRaftLogWorker for RaftStorage:Storage Directory /workdir/hadoop-ozone/integration-test/target/test-dir/MiniOzoneClusterImpl-a9be05cf-aef7-47c4-a115-9f43cc1793f2/datanode-2/data/ratis/2915f879-8756-416b-b3d1-12291fdc6714
2019-10-08 03:52:13,084 [pool-459-thread-1] INFO  segmented.SegmentedRaftLogWorker (SegmentedRaftLogWorker.java:<init>(173)) - new 89453ef1-964b-45ae-849c-d802d4dd61c8@group-12291FDC6714-SegmentedRaftLogWorker for RaftStorage:Storage Directory /workdir/hadoop-ozone/integration-test/target/test-dir/MiniOzoneClusterImpl-a9be05cf-aef7-47c4-a115-9f43cc1793f2/datanode-5/data/ratis/2915f879-8756-416b-b3d1-12291fdc6714
2019-10-08 03:52:13,084 [pool-419-thread-1] INFO  segmented.SegmentedRaftLogWorker (SegmentedRaftLogWorker.java:lambda$new$0(128)) - de700667-c827-4507-9d64-7cee8175844f@group-12291FDC6714-SegmentedRaftLogWorker: flushIndex: setUnconditionally 0 -> -1
2019-10-08 03:52:13,084 [pool-429-thread-1] INFO  server.RaftServerConfigKeys (ConfUtils.java:logGet(43)) - raft.server.log.queue.byte-limit = 2147483647 (custom)
2019-10-08 03:52:13,084 [pool-459-thread-1] INFO  server.RaftServerConfigKeys (ConfUtils.java:logGet(43)) - raft.server.log.queue.byte-limit = 2147483647 (custom)
2019-10-08 03:52:13,084 [pool-419-thread-1] INFO  server.RaftServerConfigKeys (ConfUtils.java:logGet(43)) - raft.server.snapshot.auto.trigger.enabled = true (custom)
2019-10-08 03:52:13,084 [pool-429-thread-1] INFO  server.RaftServerConfigKeys (ConfUtils.java:logGet(43)) - raft.server.log.queue.element-limit = 1024 (custom)
2019-10-08 03:52:13,084 [pool-419-thread-1] INFO  server.RaftServerConfigKeys (ConfUtils.java:logGet(43)) - raft.server.snapshot.auto.trigger.threshold = 10000 (custom)
2019-10-08 03:52:13,085 [pool-419-thread-1] INFO  server.RaftServerConfigKeys (ConfUtils.java:logGet(43)) - raft.server.snapshot.retention.file.num = 5 (custom)
2019-10-08 03:52:13,084 [pool-459-thread-1] INFO  server.RaftServerConfigKeys (ConfUtils.java:logGet(43)) - raft.server.log.queue.element-limit = 1024 (custom)
2019-10-08 03:52:13,085 [pool-419-thread-1] INFO  server.RaftServerConfigKeys (ConfUtils.java:logGet(43)) - raft.server.retrycache.expirytime = 600000ms (custom)
2019-10-08 03:52:13,085 [pool-429-thread-1] INFO  server.RaftServerConfigKeys (ConfUtils.java:logGet(43)) - raft.server.log.segment.size.max = 1048576 (custom)
2019-10-08 03:52:13,085 [pool-459-thread-1] INFO  server.RaftServerConfigKeys (ConfUtils.java:logGet(43)) - raft.server.log.segment.size.max = 1048576 (custom)
2019-10-08 03:52:13,085 [pool-429-thread-1] INFO  server.RaftServerConfigKeys (ConfUtils.java:logGet(43)) - raft.server.log.preallocated.size = 16384 (custom)
2019-10-08 03:52:13,085 [pool-459-thread-1] INFO  server.RaftServerConfigKeys (ConfUtils.java:logGet(43)) - raft.server.log.preallocated.size = 16384 (custom)
2019-10-08 03:52:13,086 [pool-429-thread-1] INFO  server.RaftServerConfigKeys (ConfUtils.java:logGet(43)) - raft.server.log.write.buffer.size = 33554432 (custom)
2019-10-08 03:52:13,086 [pool-459-thread-1] INFO  server.RaftServerConfigKeys (ConfUtils.java:logGet(43)) - raft.server.log.write.buffer.size = 33554432 (custom)
2019-10-08 03:52:13,086 [pool-429-thread-1] INFO  server.RaftServerConfigKeys (ConfUtils.java:logGet(43)) - raft.server.log.force.sync.num = 128 (default)
2019-10-08 03:52:13,086 [pool-459-thread-1] INFO  server.RaftServerConfigKeys (ConfUtils.java:logGet(43)) - raft.server.log.force.sync.num = 128 (default)
2019-10-08 03:52:13,086 [pool-429-thread-1] INFO  server.RaftServerConfigKeys (ConfUtils.java:logGet(43)) - raft.server.log.statemachine.data.sync = true (default)
2019-10-08 03:52:13,086 [pool-459-thread-1] INFO  server.RaftServerConfigKeys (ConfUtils.java:logGet(43)) - raft.server.log.statemachine.data.sync = true (default)
2019-10-08 03:52:13,086 [pool-429-thread-1] INFO  server.RaftServerConfigKeys (ConfUtils.java:logGet(43)) - raft.server.log.statemachine.data.sync.timeout = 10s (default)
2019-10-08 03:52:13,086 [pool-459-thread-1] INFO  server.RaftServerConfigKeys (ConfUtils.java:logGet(43)) - raft.server.log.statemachine.data.sync.timeout = 10s (default)
2019-10-08 03:52:13,087 [pool-429-thread-1] INFO  server.RaftServerConfigKeys (ConfUtils.java:logGet(43)) - raft.server.log.statemachine.data.sync.timeout.retry = -1 (default)
2019-10-08 03:52:13,087 [pool-459-thread-1] INFO  server.RaftServerConfigKeys (ConfUtils.java:logGet(43)) - raft.server.log.statemachine.data.sync.timeout.retry = -1 (default)
2019-10-08 03:52:13,087 [pool-429-thread-1] INFO  server.RaftServerConfigKeys (ConfUtils.java:logGet(43)) - raft.server.log.statemachine.data.caching.enabled = true (custom)
2019-10-08 03:52:13,087 [pool-459-thread-1] INFO  server.RaftServerConfigKeys (ConfUtils.java:logGet(43)) - raft.server.log.statemachine.data.caching.enabled = true (custom)
2019-10-08 03:52:13,087 [pool-429-thread-1] INFO  segmented.SegmentedRaftLogWorker (SegmentedRaftLogWorker.java:lambda$new$0(128)) - f5673c71-2777-46e9-9e6f-25a508b41700@group-12291FDC6714-SegmentedRaftLogWorker: flushIndex: setUnconditionally 0 -> -1
2019-10-08 03:52:13,087 [pool-419-thread-1] INFO  impl.RaftServerImpl (RaftServerImpl.java:start(181)) - de700667-c827-4507-9d64-7cee8175844f@group-12291FDC6714: start as a follower, conf=-1: [de700667-c827-4507-9d64-7cee8175844f:192.168.151.83:39345, 89453ef1-964b-45ae-849c-d802d4dd61c8:192.168.151.83:34073, f5673c71-2777-46e9-9e6f-25a508b41700:192.168.151.83:35800], old=null
2019-10-08 03:52:13,087 [pool-459-thread-1] INFO  segmented.SegmentedRaftLogWorker (SegmentedRaftLogWorker.java:lambda$new$0(128)) - 89453ef1-964b-45ae-849c-d802d4dd61c8@group-12291FDC6714-SegmentedRaftLogWorker: flushIndex: setUnconditionally 0 -> -1
2019-10-08 03:52:13,087 [pool-419-thread-1] INFO  impl.RaftServerImpl (RaftServerImpl.java:setRole(170)) - de700667-c827-4507-9d64-7cee8175844f@group-12291FDC6714: changes role from      null to FOLLOWER at term 0 for startAsFollower
2019-10-08 03:52:13,087 [pool-429-thread-1] INFO  server.RaftServerConfigKeys (ConfUtils.java:logGet(43)) - raft.server.snapshot.auto.trigger.enabled = true (custom)
2019-10-08 03:52:13,088 [pool-419-thread-1] INFO  impl.RoleInfo (RoleInfo.java:updateAndGet(143)) - de700667-c827-4507-9d64-7cee8175844f: start FollowerState
2019-10-08 03:52:13,088 [pool-459-thread-1] INFO  server.RaftServerConfigKeys (ConfUtils.java:logGet(43)) - raft.server.snapshot.auto.trigger.enabled = true (custom)
2019-10-08 03:52:13,088 [pool-429-thread-1] INFO  server.RaftServerConfigKeys (ConfUtils.java:logGet(43)) - raft.server.snapshot.auto.trigger.threshold = 10000 (custom)
2019-10-08 03:52:13,088 [pool-419-thread-1] INFO  util.JmxRegister (JmxRegister.java:tryRegister(44)) - Successfully registered JMX Bean with object name Ratis:service=RaftServer,group=group-12291FDC6714,id=de700667-c827-4507-9d64-7cee8175844f
2019-10-08 03:52:13,088 [pool-459-thread-1] INFO  server.RaftServerConfigKeys (ConfUtils.java:logGet(43)) - raft.server.snapshot.auto.trigger.threshold = 10000 (custom)
2019-10-08 03:52:13,088 [pool-429-thread-1] INFO  server.RaftServerConfigKeys (ConfUtils.java:logGet(43)) - raft.server.snapshot.retention.file.num = 5 (custom)
2019-10-08 03:52:13,089 [pool-459-thread-1] INFO  server.RaftServerConfigKeys (ConfUtils.java:logGet(43)) - raft.server.snapshot.retention.file.num = 5 (custom)
2019-10-08 03:52:13,089 [pool-429-thread-1] INFO  server.RaftServerConfigKeys (ConfUtils.java:logGet(43)) - raft.server.retrycache.expirytime = 600000ms (custom)
2019-10-08 03:52:13,089 [pool-459-thread-1] INFO  server.RaftServerConfigKeys (ConfUtils.java:logGet(43)) - raft.server.retrycache.expirytime = 600000ms (custom)
2019-10-08 03:52:13,092 [pool-429-thread-1] INFO  impl.RaftServerImpl (RaftServerImpl.java:start(181)) - f5673c71-2777-46e9-9e6f-25a508b41700@group-12291FDC6714: start as a follower, conf=-1: [de700667-c827-4507-9d64-7cee8175844f:192.168.151.83:39345, 89453ef1-964b-45ae-849c-d802d4dd61c8:192.168.151.83:34073, f5673c71-2777-46e9-9e6f-25a508b41700:192.168.151.83:35800], old=null
2019-10-08 03:52:13,092 [pool-429-thread-1] INFO  impl.RaftServerImpl (RaftServerImpl.java:setRole(170)) - f5673c71-2777-46e9-9e6f-25a508b41700@group-12291FDC6714: changes role from      null to FOLLOWER at term 0 for startAsFollower
2019-10-08 03:52:13,092 [pool-429-thread-1] INFO  impl.RoleInfo (RoleInfo.java:updateAndGet(143)) - f5673c71-2777-46e9-9e6f-25a508b41700: start FollowerState
2019-10-08 03:52:13,093 [pool-459-thread-1] INFO  impl.RaftServerImpl (RaftServerImpl.java:start(181)) - 89453ef1-964b-45ae-849c-d802d4dd61c8@group-12291FDC6714: start as a follower, conf=-1: [de700667-c827-4507-9d64-7cee8175844f:192.168.151.83:39345, 89453ef1-964b-45ae-849c-d802d4dd61c8:192.168.151.83:34073, f5673c71-2777-46e9-9e6f-25a508b41700:192.168.151.83:35800], old=null
2019-10-08 03:52:13,093 [pool-429-thread-1] INFO  util.JmxRegister (JmxRegister.java:tryRegister(44)) - Successfully registered JMX Bean with object name Ratis:service=RaftServer,group=group-12291FDC6714,id=f5673c71-2777-46e9-9e6f-25a508b41700
2019-10-08 03:52:13,093 [pool-459-thread-1] INFO  impl.RaftServerImpl (RaftServerImpl.java:setRole(170)) - 89453ef1-964b-45ae-849c-d802d4dd61c8@group-12291FDC6714: changes role from      null to FOLLOWER at term 0 for startAsFollower
2019-10-08 03:52:13,093 [pool-459-thread-1] INFO  impl.RoleInfo (RoleInfo.java:updateAndGet(143)) - 89453ef1-964b-45ae-849c-d802d4dd61c8: start FollowerState
2019-10-08 03:52:13,097 [pool-459-thread-1] INFO  util.JmxRegister (JmxRegister.java:tryRegister(44)) - Successfully registered JMX Bean with object name Ratis:service=RaftServer,group=group-12291FDC6714,id=89453ef1-964b-45ae-849c-d802d4dd61c8
2019-10-08 03:52:13,108 [RatisPipelineUtilsThread] INFO  pipeline.PipelineStateManager (PipelineStateManager.java:addPipeline(56)) - Created pipeline Pipeline[ Id: 2915f879-8756-416b-b3d1-12291fdc6714, Nodes: f5673c71-2777-46e9-9e6f-25a508b41700{ip: 192.168.151.83, host: pr-hdds-2217-jqnfv-3133698562, networkLocation: /default-rack, certSerialId: null}de700667-c827-4507-9d64-7cee8175844f{ip: 192.168.151.83, host: pr-hdds-2217-jqnfv-3133698562, networkLocation: /default-rack, certSerialId: null}89453ef1-964b-45ae-849c-d802d4dd61c8{ip: 192.168.151.83, host: pr-hdds-2217-jqnfv-3133698562, networkLocation: /default-rack, certSerialId: null}, Type:RATIS, Factor:THREE, State:OPEN]
2019-10-08 03:52:15,397 [Thread-3041] INFO  container.ReplicationManager (ReplicationManager.java:start(162)) - Starting Replication Monitor Thread.
2019-10-08 03:52:15,401 [ReplicationMonitor] INFO  container.ReplicationManager (ReplicationManager.java:run(225)) - Replication Monitor Thread took 0 milliseconds for processing 1 containers.
2019-10-08 03:52:17,632 [Thread-3043] INFO  impl.FollowerState (FollowerState.java:run(108)) - 2d498c71-865b-4173-9483-847e0f5f0e11@group-E2B15239571C-FollowerState: change to CANDIDATE, lastRpcTime:5180ms, electionTimeout:5180ms
2019-10-08 03:52:17,633 [Thread-3043] INFO  impl.RoleInfo (RoleInfo.java:shutdownFollowerState(121)) - 2d498c71-865b-4173-9483-847e0f5f0e11: shutdown FollowerState
2019-10-08 03:52:17,633 [Thread-3043] INFO  impl.RaftServerImpl (RaftServerImpl.java:setRole(170)) - 2d498c71-865b-4173-9483-847e0f5f0e11@group-E2B15239571C: changes role from  FOLLOWER to CANDIDATE at term 0 for changeToCandidate
2019-10-08 03:52:17,633 [Thread-3043] INFO  impl.RoleInfo (RoleInfo.java:updateAndGet(143)) - 2d498c71-865b-4173-9483-847e0f5f0e11: start LeaderElection
2019-10-08 03:52:17,652 [Thread-3049] INFO  impl.FollowerState (FollowerState.java:run(108)) - d458369f-b65d-46d3-806a-6076be0425d4@group-A4922DC9BBB7-FollowerState: change to CANDIDATE, lastRpcTime:5030ms, electionTimeout:5030ms
2019-10-08 03:52:17,652 [Thread-3049] INFO  impl.RoleInfo (RoleInfo.java:shutdownFollowerState(121)) - d458369f-b65d-46d3-806a-6076be0425d4: shutdown FollowerState
2019-10-08 03:52:17,652 [Thread-3049] INFO  impl.RaftServerImpl (RaftServerImpl.java:setRole(170)) - d458369f-b65d-46d3-806a-6076be0425d4@group-A4922DC9BBB7: changes role from  FOLLOWER to CANDIDATE at term 0 for changeToCandidate
2019-10-08 03:52:17,652 [Thread-3049] INFO  impl.RoleInfo (RoleInfo.java:updateAndGet(143)) - d458369f-b65d-46d3-806a-6076be0425d4: start LeaderElection
2019-10-08 03:52:17,671 [2d498c71-865b-4173-9483-847e0f5f0e11@group-E2B15239571C-LeaderElection59] INFO  impl.LeaderElection (LeaderElection.java:askForVotes(178)) - 2d498c71-865b-4173-9483-847e0f5f0e11@group-E2B15239571C-LeaderElection59: begin an election at term 1 for -1: [2d498c71-865b-4173-9483-847e0f5f0e11:192.168.151.83:42148], old=null
2019-10-08 03:52:17,671 [2d498c71-865b-4173-9483-847e0f5f0e11@group-E2B15239571C-LeaderElection59] INFO  impl.RoleInfo (RoleInfo.java:shutdownLeaderElection(134)) - 2d498c71-865b-4173-9483-847e0f5f0e11: shutdown LeaderElection
2019-10-08 03:52:17,671 [2d498c71-865b-4173-9483-847e0f5f0e11@group-E2B15239571C-LeaderElection59] INFO  impl.RaftServerImpl (RaftServerImpl.java:setRole(170)) - 2d498c71-865b-4173-9483-847e0f5f0e11@group-E2B15239571C: changes role from CANDIDATE to LEADER at term 1 for changeToLeader
2019-10-08 03:52:17,672 [2d498c71-865b-4173-9483-847e0f5f0e11@group-E2B15239571C-LeaderElection59] INFO  impl.RaftServerImpl (ServerState.java:setLeader(255)) - 2d498c71-865b-4173-9483-847e0f5f0e11@group-E2B15239571C: change Leader from null to 2d498c71-865b-4173-9483-847e0f5f0e11 at term 1 for becomeLeader, leader elected after 5230ms
2019-10-08 03:52:17,672 [2d498c71-865b-4173-9483-847e0f5f0e11@group-E2B15239571C-LeaderElection59] INFO  server.RaftServerConfigKeys (ConfUtils.java:logGet(43)) - raft.server.staging.catchup.gap = 1000 (default)
2019-10-08 03:52:17,672 [2d498c71-865b-4173-9483-847e0f5f0e11@group-E2B15239571C-LeaderElection59] INFO  server.RaftServerConfigKeys (ConfUtils.java:logGet(43)) - raft.server.rpc.sleep.time = 25ms (default)
2019-10-08 03:52:17,673 [2d498c71-865b-4173-9483-847e0f5f0e11@group-E2B15239571C-LeaderElection59] INFO  server.RaftServerConfigKeys (ConfUtils.java:logGet(43)) - raft.server.write.element-limit = 4096 (default)
2019-10-08 03:52:17,673 [2d498c71-865b-4173-9483-847e0f5f0e11@group-E2B15239571C-LeaderElection59] INFO  server.RaftServerConfigKeys (ConfUtils.java:logGet(43)) - raft.server.watch.timeout = 10s (default)
2019-10-08 03:52:17,673 [2d498c71-865b-4173-9483-847e0f5f0e11@group-E2B15239571C-LeaderElection59] INFO  server.RaftServerConfigKeys (ConfUtils.java:logGet(43)) - raft.server.watch.timeout.denomination = 1s (default)
2019-10-08 03:52:17,674 [2d498c71-865b-4173-9483-847e0f5f0e11@group-E2B15239571C-LeaderElection59] INFO  server.RaftServerConfigKeys (ConfUtils.java:logGet(43)) - raft.server.watch.element-limit = 65536 (default)
2019-10-08 03:52:17,677 [2d498c71-865b-4173-9483-847e0f5f0e11@group-E2B15239571C-LeaderElection59] INFO  impl.RoleInfo (RoleInfo.java:updateAndGet(143)) - 2d498c71-865b-4173-9483-847e0f5f0e11: start LeaderState
2019-10-08 03:52:17,678 [2d498c71-865b-4173-9483-847e0f5f0e11@group-E2B15239571C-LeaderElection59] INFO  segmented.SegmentedRaftLogWorker (SegmentedRaftLogWorker.java:startLogSegment(385)) - 2d498c71-865b-4173-9483-847e0f5f0e11@group-E2B15239571C-SegmentedRaftLogWorker: Starting segment from index:0
2019-10-08 03:52:17,679 [2d498c71-865b-4173-9483-847e0f5f0e11@group-E2B15239571C-LeaderElection59] INFO  impl.RaftServerImpl (ServerState.java:setRaftConf(356)) - 2d498c71-865b-4173-9483-847e0f5f0e11@group-E2B15239571C: set configuration 0: [2d498c71-865b-4173-9483-847e0f5f0e11:192.168.151.83:42148], old=null at 0
2019-10-08 03:52:17,683 [d458369f-b65d-46d3-806a-6076be0425d4@group-A4922DC9BBB7-LeaderElection60] INFO  impl.LeaderElection (LeaderElection.java:askForVotes(178)) - d458369f-b65d-46d3-806a-6076be0425d4@group-A4922DC9BBB7-LeaderElection60: begin an election at term 1 for -1: [d458369f-b65d-46d3-806a-6076be0425d4:192.168.151.83:40029], old=null
2019-10-08 03:52:17,684 [d458369f-b65d-46d3-806a-6076be0425d4@group-A4922DC9BBB7-LeaderElection60] INFO  impl.RoleInfo (RoleInfo.java:shutdownLeaderElection(134)) - d458369f-b65d-46d3-806a-6076be0425d4: shutdown LeaderElection
2019-10-08 03:52:17,684 [d458369f-b65d-46d3-806a-6076be0425d4@group-A4922DC9BBB7-LeaderElection60] INFO  impl.RaftServerImpl (RaftServerImpl.java:setRole(170)) - d458369f-b65d-46d3-806a-6076be0425d4@group-A4922DC9BBB7: changes role from CANDIDATE to LEADER at term 1 for changeToLeader
2019-10-08 03:52:17,684 [d458369f-b65d-46d3-806a-6076be0425d4@group-A4922DC9BBB7-LeaderElection60] INFO  impl.RaftServerImpl (ServerState.java:setLeader(255)) - d458369f-b65d-46d3-806a-6076be0425d4@group-A4922DC9BBB7: change Leader from null to d458369f-b65d-46d3-806a-6076be0425d4 at term 1 for becomeLeader, leader elected after 5070ms
2019-10-08 03:52:17,684 [d458369f-b65d-46d3-806a-6076be0425d4@group-A4922DC9BBB7-LeaderElection60] INFO  server.RaftServerConfigKeys (ConfUtils.java:logGet(43)) - raft.server.staging.catchup.gap = 1000 (default)
2019-10-08 03:52:17,684 [d458369f-b65d-46d3-806a-6076be0425d4@group-A4922DC9BBB7-LeaderElection60] INFO  server.RaftServerConfigKeys (ConfUtils.java:logGet(43)) - raft.server.rpc.sleep.time = 25ms (default)
2019-10-08 03:52:17,684 [d458369f-b65d-46d3-806a-6076be0425d4@group-A4922DC9BBB7-LeaderElection60] INFO  server.RaftServerConfigKeys (ConfUtils.java:logGet(43)) - raft.server.write.element-limit = 4096 (default)
2019-10-08 03:52:17,685 [d458369f-b65d-46d3-806a-6076be0425d4@group-A4922DC9BBB7-LeaderElection60] INFO  server.RaftServerConfigKeys (ConfUtils.java:logGet(43)) - raft.server.watch.timeout = 10s (default)
2019-10-08 03:52:17,685 [d458369f-b65d-46d3-806a-6076be0425d4@group-A4922DC9BBB7-LeaderElection60] INFO  server.RaftServerConfigKeys (ConfUtils.java:logGet(43)) - raft.server.watch.timeout.denomination = 1s (default)
2019-10-08 03:52:17,685 [d458369f-b65d-46d3-806a-6076be0425d4@group-A4922DC9BBB7-LeaderElection60] INFO  server.RaftServerConfigKeys (ConfUtils.java:logGet(43)) - raft.server.watch.element-limit = 65536 (default)
2019-10-08 03:52:17,687 [d458369f-b65d-46d3-806a-6076be0425d4@group-A4922DC9BBB7-LeaderElection60] INFO  impl.RoleInfo (RoleInfo.java:updateAndGet(143)) - d458369f-b65d-46d3-806a-6076be0425d4: start LeaderState
2019-10-08 03:52:17,687 [d458369f-b65d-46d3-806a-6076be0425d4@group-A4922DC9BBB7-LeaderElection60] INFO  segmented.SegmentedRaftLogWorker (SegmentedRaftLogWorker.java:startLogSegment(385)) - d458369f-b65d-46d3-806a-6076be0425d4@group-A4922DC9BBB7-SegmentedRaftLogWorker: Starting segment from index:0
2019-10-08 03:52:17,688 [d458369f-b65d-46d3-806a-6076be0425d4@group-A4922DC9BBB7-LeaderElection60] INFO  impl.RaftServerImpl (ServerState.java:setRaftConf(356)) - d458369f-b65d-46d3-806a-6076be0425d4@group-A4922DC9BBB7: set configuration 0: [d458369f-b65d-46d3-806a-6076be0425d4:192.168.151.83:40029], old=null at 0
2019-10-08 03:52:17,713 [2d498c71-865b-4173-9483-847e0f5f0e11@group-E2B15239571C-SegmentedRaftLogWorker] INFO  segmented.SegmentedRaftLogWorker (SegmentedRaftLogWorker.java:execute(574)) - 2d498c71-865b-4173-9483-847e0f5f0e11@group-E2B15239571C-SegmentedRaftLogWorker: created new log segment /workdir/hadoop-ozone/integration-test/target/test-dir/MiniOzoneClusterImpl-a9be05cf-aef7-47c4-a115-9f43cc1793f2/datanode-0/data/ratis/2727113d-6a85-493f-a0d1-e2b15239571c/current/log_inprogress_0
2019-10-08 03:52:17,726 [d458369f-b65d-46d3-806a-6076be0425d4@group-A4922DC9BBB7-SegmentedRaftLogWorker] INFO  segmented.SegmentedRaftLogWorker (SegmentedRaftLogWorker.java:execute(574)) - d458369f-b65d-46d3-806a-6076be0425d4@group-A4922DC9BBB7-SegmentedRaftLogWorker: created new log segment /workdir/hadoop-ozone/integration-test/target/test-dir/MiniOzoneClusterImpl-a9be05cf-aef7-47c4-a115-9f43cc1793f2/datanode-3/data/ratis/68e39961-bbe5-48c6-88f6-a4922dc9bbb7/current/log_inprogress_0
2019-10-08 03:52:17,745 [Thread-3046] INFO  impl.FollowerState (FollowerState.java:run(108)) - f5673c71-2777-46e9-9e6f-25a508b41700@group-1D9A21E3374B-FollowerState: change to CANDIDATE, lastRpcTime:5175ms, electionTimeout:5175ms
2019-10-08 03:52:17,746 [Thread-3046] INFO  impl.RoleInfo (RoleInfo.java:shutdownFollowerState(121)) - f5673c71-2777-46e9-9e6f-25a508b41700: shutdown FollowerState
2019-10-08 03:52:17,746 [Thread-3046] INFO  impl.RaftServerImpl (RaftServerImpl.java:setRole(170)) - f5673c71-2777-46e9-9e6f-25a508b41700@group-1D9A21E3374B: changes role from  FOLLOWER to CANDIDATE at term 0 for changeToCandidate
2019-10-08 03:52:17,746 [Thread-3046] INFO  impl.RoleInfo (RoleInfo.java:updateAndGet(143)) - f5673c71-2777-46e9-9e6f-25a508b41700: start LeaderElection
2019-10-08 03:52:17,767 [f5673c71-2777-46e9-9e6f-25a508b41700@group-1D9A21E3374B-LeaderElection61] INFO  impl.LeaderElection (LeaderElection.java:askForVotes(178)) - f5673c71-2777-46e9-9e6f-25a508b41700@group-1D9A21E3374B-LeaderElection61: begin an election at term 1 for -1: [f5673c71-2777-46e9-9e6f-25a508b41700:192.168.151.83:35800], old=null
2019-10-08 03:52:17,767 [f5673c71-2777-46e9-9e6f-25a508b41700@group-1D9A21E3374B-LeaderElection61] INFO  impl.RoleInfo (RoleInfo.java:shutdownLeaderElection(134)) - f5673c71-2777-46e9-9e6f-25a508b41700: shutdown LeaderElection
2019-10-08 03:52:17,767 [f5673c71-2777-46e9-9e6f-25a508b41700@group-1D9A21E3374B-LeaderElection61] INFO  impl.RaftServerImpl (RaftServerImpl.java:setRole(170)) - f5673c71-2777-46e9-9e6f-25a508b41700@group-1D9A21E3374B: changes role from CANDIDATE to LEADER at term 1 for changeToLeader
2019-10-08 03:52:17,767 [f5673c71-2777-46e9-9e6f-25a508b41700@group-1D9A21E3374B-LeaderElection61] INFO  impl.RaftServerImpl (ServerState.java:setLeader(255)) - f5673c71-2777-46e9-9e6f-25a508b41700@group-1D9A21E3374B: change Leader from null to f5673c71-2777-46e9-9e6f-25a508b41700 at term 1 for becomeLeader, leader elected after 5205ms
2019-10-08 03:52:17,767 [f5673c71-2777-46e9-9e6f-25a508b41700@group-1D9A21E3374B-LeaderElection61] INFO  server.RaftServerConfigKeys (ConfUtils.java:logGet(43)) - raft.server.staging.catchup.gap = 1000 (default)
2019-10-08 03:52:17,767 [f5673c71-2777-46e9-9e6f-25a508b41700@group-1D9A21E3374B-LeaderElection61] INFO  server.RaftServerConfigKeys (ConfUtils.java:logGet(43)) - raft.server.rpc.sleep.time = 25ms (default)
2019-10-08 03:52:17,767 [f5673c71-2777-46e9-9e6f-25a508b41700@group-1D9A21E3374B-LeaderElection61] INFO  server.RaftServerConfigKeys (ConfUtils.java:logGet(43)) - raft.server.write.element-limit = 4096 (default)
2019-10-08 03:52:17,768 [f5673c71-2777-46e9-9e6f-25a508b41700@group-1D9A21E3374B-LeaderElection61] INFO  server.RaftServerConfigKeys (ConfUtils.java:logGet(43)) - raft.server.watch.timeout = 10s (default)
2019-10-08 03:52:17,768 [f5673c71-2777-46e9-9e6f-25a508b41700@group-1D9A21E3374B-LeaderElection61] INFO  server.RaftServerConfigKeys (ConfUtils.java:logGet(43)) - raft.server.watch.timeout.denomination = 1s (default)
2019-10-08 03:52:17,768 [f5673c71-2777-46e9-9e6f-25a508b41700@group-1D9A21E3374B-LeaderElection61] INFO  server.RaftServerConfigKeys (ConfUtils.java:logGet(43)) - raft.server.watch.element-limit = 65536 (default)
2019-10-08 03:52:17,770 [f5673c71-2777-46e9-9e6f-25a508b41700@group-1D9A21E3374B-LeaderElection61] INFO  impl.RoleInfo (RoleInfo.java:updateAndGet(143)) - f5673c71-2777-46e9-9e6f-25a508b41700: start LeaderState
2019-10-08 03:52:17,770 [f5673c71-2777-46e9-9e6f-25a508b41700@group-1D9A21E3374B-LeaderElection61] INFO  segmented.SegmentedRaftLogWorker (SegmentedRaftLogWorker.java:startLogSegment(385)) - f5673c71-2777-46e9-9e6f-25a508b41700@group-1D9A21E3374B-SegmentedRaftLogWorker: Starting segment from index:0
2019-10-08 03:52:17,771 [f5673c71-2777-46e9-9e6f-25a508b41700@group-1D9A21E3374B-LeaderElection61] INFO  impl.RaftServerImpl (ServerState.java:setRaftConf(356)) - f5673c71-2777-46e9-9e6f-25a508b41700@group-1D9A21E3374B: set configuration 0: [f5673c71-2777-46e9-9e6f-25a508b41700:192.168.151.83:35800], old=null at 0
2019-10-08 03:52:17,774 [Thread-3052] INFO  impl.FollowerState (FollowerState.java:run(108)) - de700667-c827-4507-9d64-7cee8175844f@group-6E9F3AB6FBB3-FollowerState: change to CANDIDATE, lastRpcTime:5087ms, electionTimeout:5087ms
2019-10-08 03:52:17,774 [Thread-3052] INFO  impl.RoleInfo (RoleInfo.java:shutdownFollowerState(121)) - de700667-c827-4507-9d64-7cee8175844f: shutdown FollowerState
2019-10-08 03:52:17,774 [Thread-3052] INFO  impl.RaftServerImpl (RaftServerImpl.java:setRole(170)) - de700667-c827-4507-9d64-7cee8175844f@group-6E9F3AB6FBB3: changes role from  FOLLOWER to CANDIDATE at term 0 for changeToCandidate
2019-10-08 03:52:17,774 [Thread-3052] INFO  impl.RoleInfo (RoleInfo.java:updateAndGet(143)) - de700667-c827-4507-9d64-7cee8175844f: start LeaderElection
2019-10-08 03:52:17,831 [f5673c71-2777-46e9-9e6f-25a508b41700@group-1D9A21E3374B-SegmentedRaftLogWorker] INFO  segmented.SegmentedRaftLogWorker (SegmentedRaftLogWorker.java:execute(574)) - f5673c71-2777-46e9-9e6f-25a508b41700@group-1D9A21E3374B-SegmentedRaftLogWorker: created new log segment /workdir/hadoop-ozone/integration-test/target/test-dir/MiniOzoneClusterImpl-a9be05cf-aef7-47c4-a115-9f43cc1793f2/datanode-2/data/ratis/2e14cbf2-a37c-432d-a328-1d9a21e3374b/current/log_inprogress_0
2019-10-08 03:52:17,831 [de700667-c827-4507-9d64-7cee8175844f@group-6E9F3AB6FBB3-LeaderElection62] INFO  impl.LeaderElection (LeaderElection.java:askForVotes(178)) - de700667-c827-4507-9d64-7cee8175844f@group-6E9F3AB6FBB3-LeaderElection62: begin an election at term 1 for -1: [de700667-c827-4507-9d64-7cee8175844f:192.168.151.83:39345], old=null
2019-10-08 03:52:17,831 [de700667-c827-4507-9d64-7cee8175844f@group-6E9F3AB6FBB3-LeaderElection62] INFO  impl.RoleInfo (RoleInfo.java:shutdownLeaderElection(134)) - de700667-c827-4507-9d64-7cee8175844f: shutdown LeaderElection
2019-10-08 03:52:17,831 [de700667-c827-4507-9d64-7cee8175844f@group-6E9F3AB6FBB3-LeaderElection62] INFO  impl.RaftServerImpl (RaftServerImpl.java:setRole(170)) - de700667-c827-4507-9d64-7cee8175844f@group-6E9F3AB6FBB3: changes role from CANDIDATE to LEADER at term 1 for changeToLeader
2019-10-08 03:52:17,831 [de700667-c827-4507-9d64-7cee8175844f@group-6E9F3AB6FBB3-LeaderElection62] INFO  impl.RaftServerImpl (ServerState.java:setLeader(255)) - de700667-c827-4507-9d64-7cee8175844f@group-6E9F3AB6FBB3: change Leader from null to de700667-c827-4507-9d64-7cee8175844f at term 1 for becomeLeader, leader elected after 5154ms
2019-10-08 03:52:17,832 [de700667-c827-4507-9d64-7cee8175844f@group-6E9F3AB6FBB3-LeaderElection62] INFO  server.RaftServerConfigKeys (ConfUtils.java:logGet(43)) - raft.server.staging.catchup.gap = 1000 (default)
2019-10-08 03:52:17,832 [de700667-c827-4507-9d64-7cee8175844f@group-6E9F3AB6FBB3-LeaderElection62] INFO  server.RaftServerConfigKeys (ConfUtils.java:logGet(43)) - raft.server.rpc.sleep.time = 25ms (default)
2019-10-08 03:52:17,832 [de700667-c827-4507-9d64-7cee8175844f@group-6E9F3AB6FBB3-LeaderElection62] INFO  server.RaftServerConfigKeys (ConfUtils.java:logGet(43)) - raft.server.write.element-limit = 4096 (default)
2019-10-08 03:52:17,832 [de700667-c827-4507-9d64-7cee8175844f@group-6E9F3AB6FBB3-LeaderElection62] INFO  server.RaftServerConfigKeys (ConfUtils.java:logGet(43)) - raft.server.watch.timeout = 10s (default)
2019-10-08 03:52:17,832 [de700667-c827-4507-9d64-7cee8175844f@group-6E9F3AB6FBB3-LeaderElection62] INFO  server.RaftServerConfigKeys (ConfUtils.java:logGet(43)) - raft.server.watch.timeout.denomination = 1s (default)
2019-10-08 03:52:17,832 [de700667-c827-4507-9d64-7cee8175844f@group-6E9F3AB6FBB3-LeaderElection62] INFO  server.RaftServerConfigKeys (ConfUtils.java:logGet(43)) - raft.server.watch.element-limit = 65536 (default)
2019-10-08 03:52:17,835 [de700667-c827-4507-9d64-7cee8175844f@group-6E9F3AB6FBB3-LeaderElection62] INFO  impl.RoleInfo (RoleInfo.java:updateAndGet(143)) - de700667-c827-4507-9d64-7cee8175844f: start LeaderState
2019-10-08 03:52:17,835 [de700667-c827-4507-9d64-7cee8175844f@group-6E9F3AB6FBB3-LeaderElection62] INFO  segmented.SegmentedRaftLogWorker (SegmentedRaftLogWorker.java:startLogSegment(385)) - de700667-c827-4507-9d64-7cee8175844f@group-6E9F3AB6FBB3-SegmentedRaftLogWorker: Starting segment from index:0
2019-10-08 03:52:17,835 [de700667-c827-4507-9d64-7cee8175844f@group-6E9F3AB6FBB3-LeaderElection62] INFO  impl.RaftServerImpl (ServerState.java:setRaftConf(356)) - de700667-c827-4507-9d64-7cee8175844f@group-6E9F3AB6FBB3: set configuration 0: [de700667-c827-4507-9d64-7cee8175844f:192.168.151.83:39345], old=null at 0
2019-10-08 03:52:17,880 [de700667-c827-4507-9d64-7cee8175844f@group-6E9F3AB6FBB3-SegmentedRaftLogWorker] INFO  segmented.SegmentedRaftLogWorker (SegmentedRaftLogWorker.java:execute(574)) - de700667-c827-4507-9d64-7cee8175844f@group-6E9F3AB6FBB3-SegmentedRaftLogWorker: created new log segment /workdir/hadoop-ozone/integration-test/target/test-dir/MiniOzoneClusterImpl-a9be05cf-aef7-47c4-a115-9f43cc1793f2/datanode-1/data/ratis/a85e0171-05f6-42d6-9911-6e9f3ab6fbb3/current/log_inprogress_0
2019-10-08 03:52:17,890 [Thread-3055] INFO  impl.FollowerState (FollowerState.java:run(108)) - 1f3a770e-e5ec-441a-afb4-472a8b96c489@group-AE3991F4BADC-FollowerState: change to CANDIDATE, lastRpcTime:5130ms, electionTimeout:5130ms
2019-10-08 03:52:17,890 [Thread-3055] INFO  impl.RoleInfo (RoleInfo.java:shutdownFollowerState(121)) - 1f3a770e-e5ec-441a-afb4-472a8b96c489: shutdown FollowerState
2019-10-08 03:52:17,890 [Thread-3055] INFO  impl.RaftServerImpl (RaftServerImpl.java:setRole(170)) - 1f3a770e-e5ec-441a-afb4-472a8b96c489@group-AE3991F4BADC: changes role from  FOLLOWER to CANDIDATE at term 0 for changeToCandidate
2019-10-08 03:52:17,890 [Thread-3055] INFO  impl.RoleInfo (RoleInfo.java:updateAndGet(143)) - 1f3a770e-e5ec-441a-afb4-472a8b96c489: start LeaderElection
2019-10-08 03:52:17,906 [Thread-3060] INFO  impl.FollowerState (FollowerState.java:run(108)) - 89453ef1-964b-45ae-849c-d802d4dd61c8@group-D5FC1B7EBAD4-FollowerState: change to CANDIDATE, lastRpcTime:5079ms, electionTimeout:5079ms
2019-10-08 03:52:17,907 [Thread-3060] INFO  impl.RoleInfo (RoleInfo.java:shutdownFollowerState(121)) - 89453ef1-964b-45ae-849c-d802d4dd61c8: shutdown FollowerState
2019-10-08 03:52:17,907 [Thread-3060] INFO  impl.RaftServerImpl (RaftServerImpl.java:setRole(170)) - 89453ef1-964b-45ae-849c-d802d4dd61c8@group-D5FC1B7EBAD4: changes role from  FOLLOWER to CANDIDATE at term 0 for changeToCandidate
2019-10-08 03:52:17,907 [1f3a770e-e5ec-441a-afb4-472a8b96c489@group-AE3991F4BADC-LeaderElection63] INFO  impl.LeaderElection (LeaderElection.java:askForVotes(178)) - 1f3a770e-e5ec-441a-afb4-472a8b96c489@group-AE3991F4BADC-LeaderElection63: begin an election at term 1 for -1: [1f3a770e-e5ec-441a-afb4-472a8b96c489:192.168.151.83:38913], old=null
2019-10-08 03:52:17,907 [Thread-3060] INFO  impl.RoleInfo (RoleInfo.java:updateAndGet(143)) - 89453ef1-964b-45ae-849c-d802d4dd61c8: start LeaderElection
2019-10-08 03:52:17,907 [1f3a770e-e5ec-441a-afb4-472a8b96c489@group-AE3991F4BADC-LeaderElection63] INFO  impl.RoleInfo (RoleInfo.java:shutdownLeaderElection(134)) - 1f3a770e-e5ec-441a-afb4-472a8b96c489: shutdown LeaderElection
2019-10-08 03:52:17,908 [1f3a770e-e5ec-441a-afb4-472a8b96c489@group-AE3991F4BADC-LeaderElection63] INFO  impl.RaftServerImpl (RaftServerImpl.java:setRole(170)) - 1f3a770e-e5ec-441a-afb4-472a8b96c489@group-AE3991F4BADC: changes role from CANDIDATE to LEADER at term 1 for changeToLeader
2019-10-08 03:52:17,908 [1f3a770e-e5ec-441a-afb4-472a8b96c489@group-AE3991F4BADC-LeaderElection63] INFO  impl.RaftServerImpl (ServerState.java:setLeader(255)) - 1f3a770e-e5ec-441a-afb4-472a8b96c489@group-AE3991F4BADC: change Leader from null to 1f3a770e-e5ec-441a-afb4-472a8b96c489 at term 1 for becomeLeader, leader elected after 5155ms
2019-10-08 03:52:17,912 [1f3a770e-e5ec-441a-afb4-472a8b96c489@group-AE3991F4BADC-LeaderElection63] INFO  server.RaftServerConfigKeys (ConfUtils.java:logGet(43)) - raft.server.staging.catchup.gap = 1000 (default)
2019-10-08 03:52:17,912 [1f3a770e-e5ec-441a-afb4-472a8b96c489@group-AE3991F4BADC-LeaderElection63] INFO  server.RaftServerConfigKeys (ConfUtils.java:logGet(43)) - raft.server.rpc.sleep.time = 25ms (default)
2019-10-08 03:52:17,912 [1f3a770e-e5ec-441a-afb4-472a8b96c489@group-AE3991F4BADC-LeaderElection63] INFO  server.RaftServerConfigKeys (ConfUtils.java:logGet(43)) - raft.server.write.element-limit = 4096 (default)
2019-10-08 03:52:17,912 [1f3a770e-e5ec-441a-afb4-472a8b96c489@group-AE3991F4BADC-LeaderElection63] INFO  server.RaftServerConfigKeys (ConfUtils.java:logGet(43)) - raft.server.watch.timeout = 10s (default)
2019-10-08 03:52:17,912 [1f3a770e-e5ec-441a-afb4-472a8b96c489@group-AE3991F4BADC-LeaderElection63] INFO  server.RaftServerConfigKeys (ConfUtils.java:logGet(43)) - raft.server.watch.timeout.denomination = 1s (default)
2019-10-08 03:52:17,913 [1f3a770e-e5ec-441a-afb4-472a8b96c489@group-AE3991F4BADC-LeaderElection63] INFO  server.RaftServerConfigKeys (ConfUtils.java:logGet(43)) - raft.server.watch.element-limit = 65536 (default)
2019-10-08 03:52:17,915 [1f3a770e-e5ec-441a-afb4-472a8b96c489@group-AE3991F4BADC-LeaderElection63] INFO  impl.RoleInfo (RoleInfo.java:updateAndGet(143)) - 1f3a770e-e5ec-441a-afb4-472a8b96c489: start LeaderState
2019-10-08 03:52:17,915 [1f3a770e-e5ec-441a-afb4-472a8b96c489@group-AE3991F4BADC-LeaderElection63] INFO  segmented.SegmentedRaftLogWorker (SegmentedRaftLogWorker.java:startLogSegment(385)) - 1f3a770e-e5ec-441a-afb4-472a8b96c489@group-AE3991F4BADC-SegmentedRaftLogWorker: Starting segment from index:0
2019-10-08 03:52:17,916 [1f3a770e-e5ec-441a-afb4-472a8b96c489@group-AE3991F4BADC-LeaderElection63] INFO  impl.RaftServerImpl (ServerState.java:setRaftConf(356)) - 1f3a770e-e5ec-441a-afb4-472a8b96c489@group-AE3991F4BADC: set configuration 0: [1f3a770e-e5ec-441a-afb4-472a8b96c489:192.168.151.83:38913], old=null at 0
2019-10-08 03:52:17,948 [89453ef1-964b-45ae-849c-d802d4dd61c8@group-D5FC1B7EBAD4-LeaderElection64] INFO  impl.LeaderElection (LeaderElection.java:askForVotes(178)) - 89453ef1-964b-45ae-849c-d802d4dd61c8@group-D5FC1B7EBAD4-LeaderElection64: begin an election at term 1 for -1: [89453ef1-964b-45ae-849c-d802d4dd61c8:192.168.151.83:34073], old=null
2019-10-08 03:52:17,948 [Thread-3063] INFO  impl.FollowerState (FollowerState.java:run(108)) - 970b5dc6-3c50-4c82-87dc-aa8302030428@group-BA7DF06ED2B5-FollowerState: change to CANDIDATE, lastRpcTime:5053ms, electionTimeout:5035ms
2019-10-08 03:52:17,948 [89453ef1-964b-45ae-849c-d802d4dd61c8@group-D5FC1B7EBAD4-LeaderElection64] INFO  impl.RoleInfo (RoleInfo.java:shutdownLeaderElection(134)) - 89453ef1-964b-45ae-849c-d802d4dd61c8: shutdown LeaderElection
2019-10-08 03:52:17,948 [Thread-3063] INFO  impl.RoleInfo (RoleInfo.java:shutdownFollowerState(121)) - 970b5dc6-3c50-4c82-87dc-aa8302030428: shutdown FollowerState
2019-10-08 03:52:17,948 [89453ef1-964b-45ae-849c-d802d4dd61c8@group-D5FC1B7EBAD4-LeaderElection64] INFO  impl.RaftServerImpl (RaftServerImpl.java:setRole(170)) - 89453ef1-964b-45ae-849c-d802d4dd61c8@group-D5FC1B7EBAD4: changes role from CANDIDATE to LEADER at term 1 for changeToLeader
2019-10-08 03:52:17,948 [Thread-3063] INFO  impl.RaftServerImpl (RaftServerImpl.java:setRole(170)) - 970b5dc6-3c50-4c82-87dc-aa8302030428@group-BA7DF06ED2B5: changes role from  FOLLOWER to CANDIDATE at term 0 for changeToCandidate
2019-10-08 03:52:17,949 [89453ef1-964b-45ae-849c-d802d4dd61c8@group-D5FC1B7EBAD4-LeaderElection64] INFO  impl.RaftServerImpl (ServerState.java:setLeader(255)) - 89453ef1-964b-45ae-849c-d802d4dd61c8@group-D5FC1B7EBAD4: change Leader from null to 89453ef1-964b-45ae-849c-d802d4dd61c8 at term 1 for becomeLeader, leader elected after 5139ms
2019-10-08 03:52:17,949 [Thread-3063] INFO  impl.RoleInfo (RoleInfo.java:updateAndGet(143)) - 970b5dc6-3c50-4c82-87dc-aa8302030428: start LeaderElection
2019-10-08 03:52:17,949 [89453ef1-964b-45ae-849c-d802d4dd61c8@group-D5FC1B7EBAD4-LeaderElection64] INFO  server.RaftServerConfigKeys (ConfUtils.java:logGet(43)) - raft.server.staging.catchup.gap = 1000 (default)
2019-10-08 03:52:17,949 [89453ef1-964b-45ae-849c-d802d4dd61c8@group-D5FC1B7EBAD4-LeaderElection64] INFO  server.RaftServerConfigKeys (ConfUtils.java:logGet(43)) - raft.server.rpc.sleep.time = 25ms (default)
2019-10-08 03:52:17,949 [89453ef1-964b-45ae-849c-d802d4dd61c8@group-D5FC1B7EBAD4-LeaderElection64] INFO  server.RaftServerConfigKeys (ConfUtils.java:logGet(43)) - raft.server.write.element-limit = 4096 (default)
2019-10-08 03:52:17,951 [89453ef1-964b-45ae-849c-d802d4dd61c8@group-D5FC1B7EBAD4-LeaderElection64] INFO  server.RaftServerConfigKeys (ConfUtils.java:logGet(43)) - raft.server.watch.timeout = 10s (default)
2019-10-08 03:52:17,952 [89453ef1-964b-45ae-849c-d802d4dd61c8@group-D5FC1B7EBAD4-LeaderElection64] INFO  server.RaftServerConfigKeys (ConfUtils.java:logGet(43)) - raft.server.watch.timeout.denomination = 1s (default)
2019-10-08 03:52:17,952 [89453ef1-964b-45ae-849c-d802d4dd61c8@group-D5FC1B7EBAD4-LeaderElection64] INFO  server.RaftServerConfigKeys (ConfUtils.java:logGet(43)) - raft.server.watch.element-limit = 65536 (default)
2019-10-08 03:52:17,953 [89453ef1-964b-45ae-849c-d802d4dd61c8@group-D5FC1B7EBAD4-LeaderElection64] INFO  impl.RoleInfo (RoleInfo.java:updateAndGet(143)) - 89453ef1-964b-45ae-849c-d802d4dd61c8: start LeaderState
2019-10-08 03:52:17,954 [89453ef1-964b-45ae-849c-d802d4dd61c8@group-D5FC1B7EBAD4-LeaderElection64] INFO  segmented.SegmentedRaftLogWorker (SegmentedRaftLogWorker.java:startLogSegment(385)) - 89453ef1-964b-45ae-849c-d802d4dd61c8@group-D5FC1B7EBAD4-SegmentedRaftLogWorker: Starting segment from index:0
2019-10-08 03:52:17,954 [89453ef1-964b-45ae-849c-d802d4dd61c8@group-D5FC1B7EBAD4-LeaderElection64] INFO  impl.RaftServerImpl (ServerState.java:setRaftConf(356)) - 89453ef1-964b-45ae-849c-d802d4dd61c8@group-D5FC1B7EBAD4: set configuration 0: [89453ef1-964b-45ae-849c-d802d4dd61c8:192.168.151.83:34073], old=null at 0
2019-10-08 03:52:17,958 [1f3a770e-e5ec-441a-afb4-472a8b96c489@group-AE3991F4BADC-SegmentedRaftLogWorker] INFO  segmented.SegmentedRaftLogWorker (SegmentedRaftLogWorker.java:execute(574)) - 1f3a770e-e5ec-441a-afb4-472a8b96c489@group-AE3991F4BADC-SegmentedRaftLogWorker: created new log segment /workdir/hadoop-ozone/integration-test/target/test-dir/MiniOzoneClusterImpl-a9be05cf-aef7-47c4-a115-9f43cc1793f2/datanode-4/data/ratis/709aa1a9-7348-4202-99e2-ae3991f4badc/current/log_inprogress_0
2019-10-08 03:52:17,958 [970b5dc6-3c50-4c82-87dc-aa8302030428@group-BA7DF06ED2B5-LeaderElection65] INFO  impl.LeaderElection (LeaderElection.java:askForVotes(178)) - 970b5dc6-3c50-4c82-87dc-aa8302030428@group-BA7DF06ED2B5-LeaderElection65: begin an election at term 1 for -1: [970b5dc6-3c50-4c82-87dc-aa8302030428:192.168.151.83:34096], old=null
2019-10-08 03:52:17,959 [970b5dc6-3c50-4c82-87dc-aa8302030428@group-BA7DF06ED2B5-LeaderElection65] INFO  impl.RoleInfo (RoleInfo.java:shutdownLeaderElection(134)) - 970b5dc6-3c50-4c82-87dc-aa8302030428: shutdown LeaderElection
2019-10-08 03:52:17,959 [970b5dc6-3c50-4c82-87dc-aa8302030428@group-BA7DF06ED2B5-LeaderElection65] INFO  impl.RaftServerImpl (RaftServerImpl.java:setRole(170)) - 970b5dc6-3c50-4c82-87dc-aa8302030428@group-BA7DF06ED2B5: changes role from CANDIDATE to LEADER at term 1 for changeToLeader
2019-10-08 03:52:17,959 [970b5dc6-3c50-4c82-87dc-aa8302030428@group-BA7DF06ED2B5-LeaderElection65] INFO  impl.RaftServerImpl (ServerState.java:setLeader(255)) - 970b5dc6-3c50-4c82-87dc-aa8302030428@group-BA7DF06ED2B5: change Leader from null to 970b5dc6-3c50-4c82-87dc-aa8302030428 at term 1 for becomeLeader, leader elected after 5071ms
2019-10-08 03:52:17,959 [970b5dc6-3c50-4c82-87dc-aa8302030428@group-BA7DF06ED2B5-LeaderElection65] INFO  server.RaftServerConfigKeys (ConfUtils.java:logGet(43)) - raft.server.staging.catchup.gap = 1000 (default)
2019-10-08 03:52:17,959 [970b5dc6-3c50-4c82-87dc-aa8302030428@group-BA7DF06ED2B5-LeaderElection65] INFO  server.RaftServerConfigKeys (ConfUtils.java:logGet(43)) - raft.server.rpc.sleep.time = 25ms (default)
2019-10-08 03:52:17,959 [970b5dc6-3c50-4c82-87dc-aa8302030428@group-BA7DF06ED2B5-LeaderElection65] INFO  server.RaftServerConfigKeys (ConfUtils.java:logGet(43)) - raft.server.write.element-limit = 4096 (default)
2019-10-08 03:52:17,959 [970b5dc6-3c50-4c82-87dc-aa8302030428@group-BA7DF06ED2B5-LeaderElection65] INFO  server.RaftServerConfigKeys (ConfUtils.java:logGet(43)) - raft.server.watch.timeout = 10s (default)
2019-10-08 03:52:17,959 [970b5dc6-3c50-4c82-87dc-aa8302030428@group-BA7DF06ED2B5-LeaderElection65] INFO  server.RaftServerConfigKeys (ConfUtils.java:logGet(43)) - raft.server.watch.timeout.denomination = 1s (default)
2019-10-08 03:52:17,960 [970b5dc6-3c50-4c82-87dc-aa8302030428@group-BA7DF06ED2B5-LeaderElection65] INFO  server.RaftServerConfigKeys (ConfUtils.java:logGet(43)) - raft.server.watch.element-limit = 65536 (default)
2019-10-08 03:52:17,961 [970b5dc6-3c50-4c82-87dc-aa8302030428@group-BA7DF06ED2B5-LeaderElection65] INFO  impl.RoleInfo (RoleInfo.java:updateAndGet(143)) - 970b5dc6-3c50-4c82-87dc-aa8302030428: start LeaderState
2019-10-08 03:52:17,962 [970b5dc6-3c50-4c82-87dc-aa8302030428@group-BA7DF06ED2B5-LeaderElection65] INFO  segmented.SegmentedRaftLogWorker (SegmentedRaftLogWorker.java:startLogSegment(385)) - 970b5dc6-3c50-4c82-87dc-aa8302030428@group-BA7DF06ED2B5-SegmentedRaftLogWorker: Starting segment from index:0
2019-10-08 03:52:17,962 [970b5dc6-3c50-4c82-87dc-aa8302030428@group-BA7DF06ED2B5-LeaderElection65] INFO  impl.RaftServerImpl (ServerState.java:setRaftConf(356)) - 970b5dc6-3c50-4c82-87dc-aa8302030428@group-BA7DF06ED2B5: set configuration 0: [970b5dc6-3c50-4c82-87dc-aa8302030428:192.168.151.83:34096], old=null at 0
2019-10-08 03:52:18,006 [970b5dc6-3c50-4c82-87dc-aa8302030428@group-BA7DF06ED2B5-SegmentedRaftLogWorker] INFO  segmented.SegmentedRaftLogWorker (SegmentedRaftLogWorker.java:execute(574)) - 970b5dc6-3c50-4c82-87dc-aa8302030428@group-BA7DF06ED2B5-SegmentedRaftLogWorker: created new log segment /workdir/hadoop-ozone/integration-test/target/test-dir/MiniOzoneClusterImpl-a9be05cf-aef7-47c4-a115-9f43cc1793f2/datanode-6/data/ratis/99dd9794-c94b-4a2f-9bd0-ba7df06ed2b5/current/log_inprogress_0
2019-10-08 03:52:18,006 [89453ef1-964b-45ae-849c-d802d4dd61c8@group-D5FC1B7EBAD4-SegmentedRaftLogWorker] INFO  segmented.SegmentedRaftLogWorker (SegmentedRaftLogWorker.java:execute(574)) - 89453ef1-964b-45ae-849c-d802d4dd61c8@group-D5FC1B7EBAD4-SegmentedRaftLogWorker: created new log segment /workdir/hadoop-ozone/integration-test/target/test-dir/MiniOzoneClusterImpl-a9be05cf-aef7-47c4-a115-9f43cc1793f2/datanode-5/data/ratis/8e6d87fb-56d4-48ca-b208-d5fc1b7ebad4/current/log_inprogress_0
2019-10-08 03:52:18,052 [Thread-3069] INFO  impl.FollowerState (FollowerState.java:run(108)) - 2d498c71-865b-4173-9483-847e0f5f0e11@group-613219B09FFD-FollowerState: change to CANDIDATE, lastRpcTime:5052ms, electionTimeout:5052ms
2019-10-08 03:52:18,052 [Thread-3069] INFO  impl.RoleInfo (RoleInfo.java:shutdownFollowerState(121)) - 2d498c71-865b-4173-9483-847e0f5f0e11: shutdown FollowerState
2019-10-08 03:52:18,052 [Thread-3069] INFO  impl.RaftServerImpl (RaftServerImpl.java:setRole(170)) - 2d498c71-865b-4173-9483-847e0f5f0e11@group-613219B09FFD: changes role from  FOLLOWER to CANDIDATE at term 0 for changeToCandidate
2019-10-08 03:52:18,052 [Thread-3069] INFO  impl.RoleInfo (RoleInfo.java:updateAndGet(143)) - 2d498c71-865b-4173-9483-847e0f5f0e11: start LeaderElection
2019-10-08 03:52:18,069 [2d498c71-865b-4173-9483-847e0f5f0e11@group-613219B09FFD-LeaderElection66] INFO  impl.LeaderElection (LeaderElection.java:askForVotes(178)) - 2d498c71-865b-4173-9483-847e0f5f0e11@group-613219B09FFD-LeaderElection66: begin an election at term 1 for -1: [1f3a770e-e5ec-441a-afb4-472a8b96c489:192.168.151.83:38913, 2d498c71-865b-4173-9483-847e0f5f0e11:192.168.151.83:42148, d458369f-b65d-46d3-806a-6076be0425d4:192.168.151.83:40029], old=null
2019-10-08 03:52:18,077 [grpc-default-executor-8] INFO  impl.RaftServerImpl (RaftServerImpl.java:setRole(170)) - 1f3a770e-e5ec-441a-afb4-472a8b96c489@group-613219B09FFD: changes role from  FOLLOWER to FOLLOWER at term 1 for recognizeCandidate:2d498c71-865b-4173-9483-847e0f5f0e11
2019-10-08 03:52:18,077 [grpc-default-executor-6] INFO  impl.RaftServerImpl (RaftServerImpl.java:setRole(170)) - d458369f-b65d-46d3-806a-6076be0425d4@group-613219B09FFD: changes role from  FOLLOWER to FOLLOWER at term 1 for recognizeCandidate:2d498c71-865b-4173-9483-847e0f5f0e11
2019-10-08 03:52:18,077 [grpc-default-executor-8] INFO  impl.RoleInfo (RoleInfo.java:shutdownFollowerState(121)) - 1f3a770e-e5ec-441a-afb4-472a8b96c489: shutdown FollowerState
2019-10-08 03:52:18,077 [grpc-default-executor-6] INFO  impl.RoleInfo (RoleInfo.java:shutdownFollowerState(121)) - d458369f-b65d-46d3-806a-6076be0425d4: shutdown FollowerState
2019-10-08 03:52:18,078 [grpc-default-executor-8] INFO  impl.RoleInfo (RoleInfo.java:updateAndGet(143)) - 1f3a770e-e5ec-441a-afb4-472a8b96c489: start FollowerState
2019-10-08 03:52:18,078 [grpc-default-executor-6] INFO  impl.RoleInfo (RoleInfo.java:updateAndGet(143)) - d458369f-b65d-46d3-806a-6076be0425d4: start FollowerState
2019-10-08 03:52:18,078 [Thread-3070] INFO  impl.FollowerState (FollowerState.java:run(117)) - 1f3a770e-e5ec-441a-afb4-472a8b96c489@group-613219B09FFD-FollowerState was interrupted: java.lang.InterruptedException: sleep interrupted
2019-10-08 03:52:18,078 [Thread-3068] INFO  impl.FollowerState (FollowerState.java:run(117)) - d458369f-b65d-46d3-806a-6076be0425d4@group-613219B09FFD-FollowerState was interrupted: java.lang.InterruptedException: sleep interrupted
2019-10-08 03:52:18,101 [2d498c71-865b-4173-9483-847e0f5f0e11@group-613219B09FFD-LeaderElection66] INFO  impl.LeaderElection (LeaderElection.java:logAndReturn(56)) - 2d498c71-865b-4173-9483-847e0f5f0e11@group-613219B09FFD-LeaderElection66: Election PASSED; received 1 response(s) [2d498c71-865b-4173-9483-847e0f5f0e11<-d458369f-b65d-46d3-806a-6076be0425d4#0:OK-t1] and 0 exception(s); 2d498c71-865b-4173-9483-847e0f5f0e11@group-613219B09FFD:t1, leader=null, voted=2d498c71-865b-4173-9483-847e0f5f0e11, raftlog=2d498c71-865b-4173-9483-847e0f5f0e11@group-613219B09FFD-SegmentedRaftLog:OPENED:c-1,f-1,i0, conf=-1: [1f3a770e-e5ec-441a-afb4-472a8b96c489:192.168.151.83:38913, 2d498c71-865b-4173-9483-847e0f5f0e11:192.168.151.83:42148, d458369f-b65d-46d3-806a-6076be0425d4:192.168.151.83:40029], old=null
2019-10-08 03:52:18,101 [2d498c71-865b-4173-9483-847e0f5f0e11@group-613219B09FFD-LeaderElection66] INFO  impl.RoleInfo (RoleInfo.java:shutdownLeaderElection(134)) - 2d498c71-865b-4173-9483-847e0f5f0e11: shutdown LeaderElection
2019-10-08 03:52:18,101 [2d498c71-865b-4173-9483-847e0f5f0e11@group-613219B09FFD-LeaderElection66] INFO  impl.RaftServerImpl (RaftServerImpl.java:setRole(170)) - 2d498c71-865b-4173-9483-847e0f5f0e11@group-613219B09FFD: changes role from CANDIDATE to LEADER at term 1 for changeToLeader
2019-10-08 03:52:18,102 [2d498c71-865b-4173-9483-847e0f5f0e11@group-613219B09FFD-LeaderElection66] INFO  impl.RaftServerImpl (ServerState.java:setLeader(255)) - 2d498c71-865b-4173-9483-847e0f5f0e11@group-613219B09FFD: change Leader from null to 2d498c71-865b-4173-9483-847e0f5f0e11 at term 1 for becomeLeader, leader elected after 5116ms
2019-10-08 03:52:18,102 [2d498c71-865b-4173-9483-847e0f5f0e11@group-613219B09FFD-LeaderElection66] INFO  server.RaftServerConfigKeys (ConfUtils.java:logGet(43)) - raft.server.staging.catchup.gap = 1000 (default)
2019-10-08 03:52:18,102 [2d498c71-865b-4173-9483-847e0f5f0e11@group-613219B09FFD-LeaderElection66] INFO  server.RaftServerConfigKeys (ConfUtils.java:logGet(43)) - raft.server.rpc.sleep.time = 25ms (default)
2019-10-08 03:52:18,102 [2d498c71-865b-4173-9483-847e0f5f0e11@group-613219B09FFD-LeaderElection66] INFO  server.RaftServerConfigKeys (ConfUtils.java:logGet(43)) - raft.server.write.element-limit = 4096 (default)
2019-10-08 03:52:18,102 [2d498c71-865b-4173-9483-847e0f5f0e11@group-613219B09FFD-LeaderElection66] INFO  server.RaftServerConfigKeys (ConfUtils.java:logGet(43)) - raft.server.watch.timeout = 10s (default)
2019-10-08 03:52:18,102 [2d498c71-865b-4173-9483-847e0f5f0e11@group-613219B09FFD-LeaderElection66] INFO  server.RaftServerConfigKeys (ConfUtils.java:logGet(43)) - raft.server.watch.timeout.denomination = 1s (default)
2019-10-08 03:52:18,102 [2d498c71-865b-4173-9483-847e0f5f0e11@group-613219B09FFD-LeaderElection66] INFO  server.RaftServerConfigKeys (ConfUtils.java:logGet(43)) - raft.server.watch.element-limit = 65536 (default)
2019-10-08 03:52:18,104 [2d498c71-865b-4173-9483-847e0f5f0e11@group-613219B09FFD-LeaderElection66] INFO  server.RaftServerConfigKeys (ConfUtils.java:logGet(43)) - raft.server.log.appender.snapshot.chunk.size.max = 16MB (=16777216) (default)
2019-10-08 03:52:18,104 [2d498c71-865b-4173-9483-847e0f5f0e11@group-613219B09FFD-LeaderElection66] INFO  server.RaftServerConfigKeys (ConfUtils.java:logGet(43)) - raft.server.log.appender.buffer.byte-limit = 33554432 (custom)
2019-10-08 03:52:18,104 [2d498c71-865b-4173-9483-847e0f5f0e11@group-613219B09FFD-LeaderElection66] INFO  server.RaftServerConfigKeys (ConfUtils.java:logGet(43)) - raft.server.log.appender.buffer.element-limit = 1 (custom)
2019-10-08 03:52:18,104 [2d498c71-865b-4173-9483-847e0f5f0e11@group-613219B09FFD-LeaderElection66] INFO  grpc.GrpcConfigKeys$Server (ConfUtils.java:logGet(43)) - raft.grpc.server.leader.outstanding.appends.max = 128 (default)
2019-10-08 03:52:18,104 [2d498c71-865b-4173-9483-847e0f5f0e11@group-613219B09FFD-LeaderElection66] INFO  server.RaftServerConfigKeys (ConfUtils.java:logGet(43)) - raft.server.rpc.request.timeout = 3000ms (default)
2019-10-08 03:52:18,104 [2d498c71-865b-4173-9483-847e0f5f0e11@group-613219B09FFD-LeaderElection66] INFO  server.RaftServerConfigKeys (ConfUtils.java:logGet(43)) - raft.server.log.appender.install.snapshot.enabled = false (custom)
2019-10-08 03:52:18,105 [2d498c71-865b-4173-9483-847e0f5f0e11@group-613219B09FFD-LeaderElection66] INFO  server.RaftServerConfigKeys (ConfUtils.java:logGet(43)) - raft.server.log.appender.snapshot.chunk.size.max = 16MB (=16777216) (default)
2019-10-08 03:52:18,105 [2d498c71-865b-4173-9483-847e0f5f0e11@group-613219B09FFD-LeaderElection66] INFO  server.RaftServerConfigKeys (ConfUtils.java:logGet(43)) - raft.server.log.appender.buffer.byte-limit = 33554432 (custom)
2019-10-08 03:52:18,105 [2d498c71-865b-4173-9483-847e0f5f0e11@group-613219B09FFD-LeaderElection66] INFO  server.RaftServerConfigKeys (ConfUtils.java:logGet(43)) - raft.server.log.appender.buffer.element-limit = 1 (custom)
2019-10-08 03:52:18,105 [2d498c71-865b-4173-9483-847e0f5f0e11@group-613219B09FFD-LeaderElection66] INFO  grpc.GrpcConfigKeys$Server (ConfUtils.java:logGet(43)) - raft.grpc.server.leader.outstanding.appends.max = 128 (default)
2019-10-08 03:52:18,105 [2d498c71-865b-4173-9483-847e0f5f0e11@group-613219B09FFD-LeaderElection66] INFO  server.RaftServerConfigKeys (ConfUtils.java:logGet(43)) - raft.server.rpc.request.timeout = 3000ms (default)
2019-10-08 03:52:18,105 [2d498c71-865b-4173-9483-847e0f5f0e11@group-613219B09FFD-LeaderElection66] INFO  server.RaftServerConfigKeys (ConfUtils.java:logGet(43)) - raft.server.log.appender.install.snapshot.enabled = false (custom)
2019-10-08 03:52:18,105 [2d498c71-865b-4173-9483-847e0f5f0e11@group-613219B09FFD-LeaderElection66] INFO  impl.RoleInfo (RoleInfo.java:updateAndGet(143)) - 2d498c71-865b-4173-9483-847e0f5f0e11: start LeaderState
2019-10-08 03:52:18,105 [2d498c71-865b-4173-9483-847e0f5f0e11@group-613219B09FFD-LeaderElection66] INFO  segmented.SegmentedRaftLogWorker (SegmentedRaftLogWorker.java:startLogSegment(385)) - 2d498c71-865b-4173-9483-847e0f5f0e11@group-613219B09FFD-SegmentedRaftLogWorker: Starting segment from index:0
2019-10-08 03:52:18,106 [2d498c71-865b-4173-9483-847e0f5f0e11@group-613219B09FFD-LeaderElection66] INFO  impl.RaftServerImpl (ServerState.java:setRaftConf(356)) - 2d498c71-865b-4173-9483-847e0f5f0e11@group-613219B09FFD: set configuration 0: [1f3a770e-e5ec-441a-afb4-472a8b96c489:192.168.151.83:38913, 2d498c71-865b-4173-9483-847e0f5f0e11:192.168.151.83:42148, d458369f-b65d-46d3-806a-6076be0425d4:192.168.151.83:40029], old=null at 0
2019-10-08 03:52:18,140 [grpc-default-executor-8] INFO  impl.RaftServerImpl (ServerState.java:setLeader(255)) - 1f3a770e-e5ec-441a-afb4-472a8b96c489@group-613219B09FFD: change Leader from null to 2d498c71-865b-4173-9483-847e0f5f0e11 at term 1 for appendEntries, leader elected after 5154ms
2019-10-08 03:52:18,140 [grpc-default-executor-6] INFO  impl.RaftServerImpl (ServerState.java:setLeader(255)) - d458369f-b65d-46d3-806a-6076be0425d4@group-613219B09FFD: change Leader from null to 2d498c71-865b-4173-9483-847e0f5f0e11 at term 1 for appendEntries, leader elected after 5154ms
2019-10-08 03:52:18,149 [grpc-default-executor-6] INFO  impl.RaftServerImpl (ServerState.java:setRaftConf(356)) - d458369f-b65d-46d3-806a-6076be0425d4@group-613219B09FFD: set configuration 0: [1f3a770e-e5ec-441a-afb4-472a8b96c489:192.168.151.83:38913, 2d498c71-865b-4173-9483-847e0f5f0e11:192.168.151.83:42148, d458369f-b65d-46d3-806a-6076be0425d4:192.168.151.83:40029], old=null at 0
2019-10-08 03:52:18,149 [grpc-default-executor-8] INFO  impl.RaftServerImpl (ServerState.java:setRaftConf(356)) - 1f3a770e-e5ec-441a-afb4-472a8b96c489@group-613219B09FFD: set configuration 0: [1f3a770e-e5ec-441a-afb4-472a8b96c489:192.168.151.83:38913, 2d498c71-865b-4173-9483-847e0f5f0e11:192.168.151.83:42148, d458369f-b65d-46d3-806a-6076be0425d4:192.168.151.83:40029], old=null at 0
2019-10-08 03:52:18,149 [grpc-default-executor-6] INFO  segmented.SegmentedRaftLogWorker (SegmentedRaftLogWorker.java:startLogSegment(385)) - d458369f-b65d-46d3-806a-6076be0425d4@group-613219B09FFD-SegmentedRaftLogWorker: Starting segment from index:0
2019-10-08 03:52:18,149 [grpc-default-executor-8] INFO  segmented.SegmentedRaftLogWorker (SegmentedRaftLogWorker.java:startLogSegment(385)) - 1f3a770e-e5ec-441a-afb4-472a8b96c489@group-613219B09FFD-SegmentedRaftLogWorker: Starting segment from index:0
2019-10-08 03:52:18,153 [2d498c71-865b-4173-9483-847e0f5f0e11@group-613219B09FFD-SegmentedRaftLogWorker] INFO  segmented.SegmentedRaftLogWorker (SegmentedRaftLogWorker.java:execute(574)) - 2d498c71-865b-4173-9483-847e0f5f0e11@group-613219B09FFD-SegmentedRaftLogWorker: created new log segment /workdir/hadoop-ozone/integration-test/target/test-dir/MiniOzoneClusterImpl-a9be05cf-aef7-47c4-a115-9f43cc1793f2/datanode-0/data/ratis/726212e2-326b-4afd-8cea-613219b09ffd/current/log_inprogress_0
2019-10-08 03:52:18,163 [Thread-3079] INFO  impl.FollowerState (FollowerState.java:run(108)) - f5673c71-2777-46e9-9e6f-25a508b41700@group-12291FDC6714-FollowerState: change to CANDIDATE, lastRpcTime:5070ms, electionTimeout:5070ms
2019-10-08 03:52:18,163 [Thread-3079] INFO  impl.RoleInfo (RoleInfo.java:shutdownFollowerState(121)) - f5673c71-2777-46e9-9e6f-25a508b41700: shutdown FollowerState
2019-10-08 03:52:18,163 [Thread-3079] INFO  impl.RaftServerImpl (RaftServerImpl.java:setRole(170)) - f5673c71-2777-46e9-9e6f-25a508b41700@group-12291FDC6714: changes role from  FOLLOWER to CANDIDATE at term 0 for changeToCandidate
2019-10-08 03:52:18,163 [Thread-3079] INFO  impl.RoleInfo (RoleInfo.java:updateAndGet(143)) - f5673c71-2777-46e9-9e6f-25a508b41700: start LeaderElection
2019-10-08 03:52:18,179 [Thread-3075] INFO  impl.FollowerState (FollowerState.java:run(108)) - de700667-c827-4507-9d64-7cee8175844f@group-12291FDC6714-FollowerState: change to CANDIDATE, lastRpcTime:5090ms, electionTimeout:5088ms
2019-10-08 03:52:18,179 [Thread-3075] INFO  impl.RoleInfo (RoleInfo.java:shutdownFollowerState(121)) - de700667-c827-4507-9d64-7cee8175844f: shutdown FollowerState
2019-10-08 03:52:18,179 [Thread-3075] INFO  impl.RaftServerImpl (RaftServerImpl.java:setRole(170)) - de700667-c827-4507-9d64-7cee8175844f@group-12291FDC6714: changes role from  FOLLOWER to CANDIDATE at term 0 for changeToCandidate
2019-10-08 03:52:18,179 [Thread-3075] INFO  impl.RoleInfo (RoleInfo.java:updateAndGet(143)) - de700667-c827-4507-9d64-7cee8175844f: start LeaderElection
2019-10-08 03:52:18,203 [d458369f-b65d-46d3-806a-6076be0425d4@group-613219B09FFD-SegmentedRaftLogWorker] INFO  segmented.SegmentedRaftLogWorker (SegmentedRaftLogWorker.java:execute(574)) - d458369f-b65d-46d3-806a-6076be0425d4@group-613219B09FFD-SegmentedRaftLogWorker: created new log segment /workdir/hadoop-ozone/integration-test/target/test-dir/MiniOzoneClusterImpl-a9be05cf-aef7-47c4-a115-9f43cc1793f2/datanode-3/data/ratis/726212e2-326b-4afd-8cea-613219b09ffd/current/log_inprogress_0
2019-10-08 03:52:18,203 [1f3a770e-e5ec-441a-afb4-472a8b96c489@group-613219B09FFD-SegmentedRaftLogWorker] INFO  segmented.SegmentedRaftLogWorker (SegmentedRaftLogWorker.java:execute(574)) - 1f3a770e-e5ec-441a-afb4-472a8b96c489@group-613219B09FFD-SegmentedRaftLogWorker: created new log segment /workdir/hadoop-ozone/integration-test/target/test-dir/MiniOzoneClusterImpl-a9be05cf-aef7-47c4-a115-9f43cc1793f2/datanode-4/data/ratis/726212e2-326b-4afd-8cea-613219b09ffd/current/log_inprogress_0
2019-10-08 03:52:18,204 [f5673c71-2777-46e9-9e6f-25a508b41700@group-12291FDC6714-LeaderElection67] INFO  impl.LeaderElection (LeaderElection.java:askForVotes(178)) - f5673c71-2777-46e9-9e6f-25a508b41700@group-12291FDC6714-LeaderElection67: begin an election at term 1 for -1: [de700667-c827-4507-9d64-7cee8175844f:192.168.151.83:39345, 89453ef1-964b-45ae-849c-d802d4dd61c8:192.168.151.83:34073, f5673c71-2777-46e9-9e6f-25a508b41700:192.168.151.83:35800], old=null
2019-10-08 03:52:18,204 [de700667-c827-4507-9d64-7cee8175844f@group-12291FDC6714-LeaderElection68] INFO  impl.LeaderElection (LeaderElection.java:askForVotes(178)) - de700667-c827-4507-9d64-7cee8175844f@group-12291FDC6714-LeaderElection68: begin an election at term 1 for -1: [de700667-c827-4507-9d64-7cee8175844f:192.168.151.83:39345, 89453ef1-964b-45ae-849c-d802d4dd61c8:192.168.151.83:34073, f5673c71-2777-46e9-9e6f-25a508b41700:192.168.151.83:35800], old=null
2019-10-08 03:52:18,210 [grpc-default-executor-6] INFO  impl.RaftServerImpl (RaftServerImpl.java:setRole(170)) - 89453ef1-964b-45ae-849c-d802d4dd61c8@group-12291FDC6714: changes role from  FOLLOWER to FOLLOWER at term 1 for recognizeCandidate:f5673c71-2777-46e9-9e6f-25a508b41700
2019-10-08 03:52:18,210 [grpc-default-executor-6] INFO  impl.RoleInfo (RoleInfo.java:shutdownFollowerState(121)) - 89453ef1-964b-45ae-849c-d802d4dd61c8: shutdown FollowerState
2019-10-08 03:52:18,213 [grpc-default-executor-6] INFO  impl.RoleInfo (RoleInfo.java:updateAndGet(143)) - 89453ef1-964b-45ae-849c-d802d4dd61c8: start FollowerState
2019-10-08 03:52:18,213 [Thread-3080] INFO  impl.FollowerState (FollowerState.java:run(117)) - 89453ef1-964b-45ae-849c-d802d4dd61c8@group-12291FDC6714-FollowerState was interrupted: java.lang.InterruptedException: sleep interrupted
2019-10-08 03:52:18,222 [f5673c71-2777-46e9-9e6f-25a508b41700@group-12291FDC6714-LeaderElection67] INFO  impl.LeaderElection (LeaderElection.java:logAndReturn(56)) - f5673c71-2777-46e9-9e6f-25a508b41700@group-12291FDC6714-LeaderElection67: Election PASSED; received 2 response(s) [f5673c71-2777-46e9-9e6f-25a508b41700<-de700667-c827-4507-9d64-7cee8175844f#0:FAIL-t1, f5673c71-2777-46e9-9e6f-25a508b41700<-89453ef1-964b-45ae-849c-d802d4dd61c8#0:OK-t1] and 0 exception(s); f5673c71-2777-46e9-9e6f-25a508b41700@group-12291FDC6714:t1, leader=null, voted=f5673c71-2777-46e9-9e6f-25a508b41700, raftlog=f5673c71-2777-46e9-9e6f-25a508b41700@group-12291FDC6714-SegmentedRaftLog:OPENED:c-1,f-1,i0, conf=-1: [de700667-c827-4507-9d64-7cee8175844f:192.168.151.83:39345, 89453ef1-964b-45ae-849c-d802d4dd61c8:192.168.151.83:34073, f5673c71-2777-46e9-9e6f-25a508b41700:192.168.151.83:35800], old=null
2019-10-08 03:52:18,222 [de700667-c827-4507-9d64-7cee8175844f@group-12291FDC6714-LeaderElection68] INFO  impl.LeaderElection (LeaderElection.java:logAndReturn(56)) - de700667-c827-4507-9d64-7cee8175844f@group-12291FDC6714-LeaderElection68: Election REJECTED; received 2 response(s) [de700667-c827-4507-9d64-7cee8175844f<-89453ef1-964b-45ae-849c-d802d4dd61c8#0:FAIL-t1, de700667-c827-4507-9d64-7cee8175844f<-f5673c71-2777-46e9-9e6f-25a508b41700#0:FAIL-t1] and 0 exception(s); de700667-c827-4507-9d64-7cee8175844f@group-12291FDC6714:t1, leader=null, voted=de700667-c827-4507-9d64-7cee8175844f, raftlog=de700667-c827-4507-9d64-7cee8175844f@group-12291FDC6714-SegmentedRaftLog:OPENED:c-1,f-1,i0, conf=-1: [de700667-c827-4507-9d64-7cee8175844f:192.168.151.83:39345, 89453ef1-964b-45ae-849c-d802d4dd61c8:192.168.151.83:34073, f5673c71-2777-46e9-9e6f-25a508b41700:192.168.151.83:35800], old=null
2019-10-08 03:52:18,222 [f5673c71-2777-46e9-9e6f-25a508b41700@group-12291FDC6714-LeaderElection67] INFO  impl.RoleInfo (RoleInfo.java:shutdownLeaderElection(134)) - f5673c71-2777-46e9-9e6f-25a508b41700: shutdown LeaderElection
2019-10-08 03:52:18,224 [de700667-c827-4507-9d64-7cee8175844f@group-12291FDC6714-LeaderElection68] INFO  impl.RaftServerImpl (RaftServerImpl.java:setRole(170)) - de700667-c827-4507-9d64-7cee8175844f@group-12291FDC6714: changes role from CANDIDATE to FOLLOWER at term 1 for DISCOVERED_A_NEW_TERM
2019-10-08 03:52:18,226 [de700667-c827-4507-9d64-7cee8175844f@group-12291FDC6714-LeaderElection68] INFO  impl.RoleInfo (RoleInfo.java:shutdownLeaderElection(134)) - de700667-c827-4507-9d64-7cee8175844f: shutdown LeaderElection
2019-10-08 03:52:18,226 [de700667-c827-4507-9d64-7cee8175844f@group-12291FDC6714-LeaderElection68] INFO  impl.RoleInfo (RoleInfo.java:updateAndGet(143)) - de700667-c827-4507-9d64-7cee8175844f: start FollowerState
2019-10-08 03:52:18,226 [f5673c71-2777-46e9-9e6f-25a508b41700@group-12291FDC6714-LeaderElection67] INFO  impl.RaftServerImpl (RaftServerImpl.java:setRole(170)) - f5673c71-2777-46e9-9e6f-25a508b41700@group-12291FDC6714: changes role from CANDIDATE to LEADER at term 1 for changeToLeader
2019-10-08 03:52:18,226 [f5673c71-2777-46e9-9e6f-25a508b41700@group-12291FDC6714-LeaderElection67] INFO  impl.RaftServerImpl (ServerState.java:setLeader(255)) - f5673c71-2777-46e9-9e6f-25a508b41700@group-12291FDC6714: change Leader from null to f5673c71-2777-46e9-9e6f-25a508b41700 at term 1 for becomeLeader, leader elected after 5147ms
2019-10-08 03:52:18,226 [f5673c71-2777-46e9-9e6f-25a508b41700@group-12291FDC6714-LeaderElection67] INFO  server.RaftServerConfigKeys (ConfUtils.java:logGet(43)) - raft.server.staging.catchup.gap = 1000 (default)
2019-10-08 03:52:18,226 [f5673c71-2777-46e9-9e6f-25a508b41700@group-12291FDC6714-LeaderElection67] INFO  server.RaftServerConfigKeys (ConfUtils.java:logGet(43)) - raft.server.rpc.sleep.time = 25ms (default)
2019-10-08 03:52:18,227 [f5673c71-2777-46e9-9e6f-25a508b41700@group-12291FDC6714-LeaderElection67] INFO  server.RaftServerConfigKeys (ConfUtils.java:logGet(43)) - raft.server.write.element-limit = 4096 (default)
2019-10-08 03:52:18,227 [f5673c71-2777-46e9-9e6f-25a508b41700@group-12291FDC6714-LeaderElection67] INFO  server.RaftServerConfigKeys (ConfUtils.java:logGet(43)) - raft.server.watch.timeout = 10s (default)
2019-10-08 03:52:18,227 [f5673c71-2777-46e9-9e6f-25a508b41700@group-12291FDC6714-LeaderElection67] INFO  server.RaftServerConfigKeys (ConfUtils.java:logGet(43)) - raft.server.watch.timeout.denomination = 1s (default)
2019-10-08 03:52:18,227 [f5673c71-2777-46e9-9e6f-25a508b41700@group-12291FDC6714-LeaderElection67] INFO  server.RaftServerConfigKeys (ConfUtils.java:logGet(43)) - raft.server.watch.element-limit = 65536 (default)
2019-10-08 03:52:18,229 [f5673c71-2777-46e9-9e6f-25a508b41700@group-12291FDC6714-LeaderElection67] INFO  server.RaftServerConfigKeys (ConfUtils.java:logGet(43)) - raft.server.log.appender.snapshot.chunk.size.max = 16MB (=16777216) (default)
2019-10-08 03:52:18,229 [f5673c71-2777-46e9-9e6f-25a508b41700@group-12291FDC6714-LeaderElection67] INFO  server.RaftServerConfigKeys (ConfUtils.java:logGet(43)) - raft.server.log.appender.buffer.byte-limit = 33554432 (custom)
2019-10-08 03:52:18,229 [f5673c71-2777-46e9-9e6f-25a508b41700@group-12291FDC6714-LeaderElection67] INFO  server.RaftServerConfigKeys (ConfUtils.java:logGet(43)) - raft.server.log.appender.buffer.element-limit = 1 (custom)
2019-10-08 03:52:18,230 [f5673c71-2777-46e9-9e6f-25a508b41700@group-12291FDC6714-LeaderElection67] INFO  grpc.GrpcConfigKeys$Server (ConfUtils.java:logGet(43)) - raft.grpc.server.leader.outstanding.appends.max = 128 (default)
2019-10-08 03:52:18,230 [f5673c71-2777-46e9-9e6f-25a508b41700@group-12291FDC6714-LeaderElection67] INFO  server.RaftServerConfigKeys (ConfUtils.java:logGet(43)) - raft.server.rpc.request.timeout = 3000ms (default)
2019-10-08 03:52:18,230 [f5673c71-2777-46e9-9e6f-25a508b41700@group-12291FDC6714-LeaderElection67] INFO  server.RaftServerConfigKeys (ConfUtils.java:logGet(43)) - raft.server.log.appender.install.snapshot.enabled = false (custom)
2019-10-08 03:52:18,230 [f5673c71-2777-46e9-9e6f-25a508b41700@group-12291FDC6714-LeaderElection67] INFO  server.RaftServerConfigKeys (ConfUtils.java:logGet(43)) - raft.server.log.appender.snapshot.chunk.size.max = 16MB (=16777216) (default)
2019-10-08 03:52:18,230 [f5673c71-2777-46e9-9e6f-25a508b41700@group-12291FDC6714-LeaderElection67] INFO  server.RaftServerConfigKeys (ConfUtils.java:logGet(43)) - raft.server.log.appender.buffer.byte-limit = 33554432 (custom)
2019-10-08 03:52:18,231 [f5673c71-2777-46e9-9e6f-25a508b41700@group-12291FDC6714-LeaderElection67] INFO  server.RaftServerConfigKeys (ConfUtils.java:logGet(43)) - raft.server.log.appender.buffer.element-limit = 1 (custom)
2019-10-08 03:52:18,231 [f5673c71-2777-46e9-9e6f-25a508b41700@group-12291FDC6714-LeaderElection67] INFO  grpc.GrpcConfigKeys$Server (ConfUtils.java:logGet(43)) - raft.grpc.server.leader.outstanding.appends.max = 128 (default)
2019-10-08 03:52:18,231 [f5673c71-2777-46e9-9e6f-25a508b41700@group-12291FDC6714-LeaderElection67] INFO  server.RaftServerConfigKeys (ConfUtils.java:logGet(43)) - raft.server.rpc.request.timeout = 3000ms (default)
2019-10-08 03:52:18,231 [f5673c71-2777-46e9-9e6f-25a508b41700@group-12291FDC6714-LeaderElection67] INFO  server.RaftServerConfigKeys (ConfUtils.java:logGet(43)) - raft.server.log.appender.install.snapshot.enabled = false (custom)
2019-10-08 03:52:18,231 [f5673c71-2777-46e9-9e6f-25a508b41700@group-12291FDC6714-LeaderElection67] INFO  impl.RoleInfo (RoleInfo.java:updateAndGet(143)) - f5673c71-2777-46e9-9e6f-25a508b41700: start LeaderState
2019-10-08 03:52:18,232 [f5673c71-2777-46e9-9e6f-25a508b41700@group-12291FDC6714-LeaderElection67] INFO  segmented.SegmentedRaftLogWorker (SegmentedRaftLogWorker.java:startLogSegment(385)) - f5673c71-2777-46e9-9e6f-25a508b41700@group-12291FDC6714-SegmentedRaftLogWorker: Starting segment from index:0
2019-10-08 03:52:18,233 [f5673c71-2777-46e9-9e6f-25a508b41700@group-12291FDC6714-LeaderElection67] INFO  impl.RaftServerImpl (ServerState.java:setRaftConf(356)) - f5673c71-2777-46e9-9e6f-25a508b41700@group-12291FDC6714: set configuration 0: [de700667-c827-4507-9d64-7cee8175844f:192.168.151.83:39345, 89453ef1-964b-45ae-849c-d802d4dd61c8:192.168.151.83:34073, f5673c71-2777-46e9-9e6f-25a508b41700:192.168.151.83:35800], old=null at 0
2019-10-08 03:52:18,234 [grpc-default-executor-8] INFO  impl.RaftServerImpl (ServerState.java:setLeader(255)) - de700667-c827-4507-9d64-7cee8175844f@group-12291FDC6714: change Leader from null to f5673c71-2777-46e9-9e6f-25a508b41700 at term 1 for appendEntries, leader elected after 5154ms
2019-10-08 03:52:18,234 [grpc-default-executor-6] INFO  impl.RaftServerImpl (ServerState.java:setLeader(255)) - 89453ef1-964b-45ae-849c-d802d4dd61c8@group-12291FDC6714: change Leader from null to f5673c71-2777-46e9-9e6f-25a508b41700 at term 1 for appendEntries, leader elected after 5154ms
2019-10-08 03:52:18,236 [grpc-default-executor-6] INFO  impl.RaftServerImpl (ServerState.java:setRaftConf(356)) - de700667-c827-4507-9d64-7cee8175844f@group-12291FDC6714: set configuration 0: [de700667-c827-4507-9d64-7cee8175844f:192.168.151.83:39345, 89453ef1-964b-45ae-849c-d802d4dd61c8:192.168.151.83:34073, f5673c71-2777-46e9-9e6f-25a508b41700:192.168.151.83:35800], old=null at 0
2019-10-08 03:52:18,236 [grpc-default-executor-6] INFO  segmented.SegmentedRaftLogWorker (SegmentedRaftLogWorker.java:startLogSegment(385)) - de700667-c827-4507-9d64-7cee8175844f@group-12291FDC6714-SegmentedRaftLogWorker: Starting segment from index:0
2019-10-08 03:52:18,236 [grpc-default-executor-8] INFO  impl.RaftServerImpl (ServerState.java:setRaftConf(356)) - 89453ef1-964b-45ae-849c-d802d4dd61c8@group-12291FDC6714: set configuration 0: [de700667-c827-4507-9d64-7cee8175844f:192.168.151.83:39345, 89453ef1-964b-45ae-849c-d802d4dd61c8:192.168.151.83:34073, f5673c71-2777-46e9-9e6f-25a508b41700:192.168.151.83:35800], old=null at 0
2019-10-08 03:52:18,237 [grpc-default-executor-8] INFO  segmented.SegmentedRaftLogWorker (SegmentedRaftLogWorker.java:startLogSegment(385)) - 89453ef1-964b-45ae-849c-d802d4dd61c8@group-12291FDC6714-SegmentedRaftLogWorker: Starting segment from index:0
2019-10-08 03:52:18,287 [f5673c71-2777-46e9-9e6f-25a508b41700@group-12291FDC6714-SegmentedRaftLogWorker] INFO  segmented.SegmentedRaftLogWorker (SegmentedRaftLogWorker.java:execute(574)) - f5673c71-2777-46e9-9e6f-25a508b41700@group-12291FDC6714-SegmentedRaftLogWorker: created new log segment /workdir/hadoop-ozone/integration-test/target/test-dir/MiniOzoneClusterImpl-a9be05cf-aef7-47c4-a115-9f43cc1793f2/datanode-2/data/ratis/2915f879-8756-416b-b3d1-12291fdc6714/current/log_inprogress_0
2019-10-08 03:52:18,287 [89453ef1-964b-45ae-849c-d802d4dd61c8@group-12291FDC6714-SegmentedRaftLogWorker] INFO  segmented.SegmentedRaftLogWorker (SegmentedRaftLogWorker.java:execute(574)) - 89453ef1-964b-45ae-849c-d802d4dd61c8@group-12291FDC6714-SegmentedRaftLogWorker: created new log segment /workdir/hadoop-ozone/integration-test/target/test-dir/MiniOzoneClusterImpl-a9be05cf-aef7-47c4-a115-9f43cc1793f2/datanode-5/data/ratis/2915f879-8756-416b-b3d1-12291fdc6714/current/log_inprogress_0
2019-10-08 03:52:18,287 [de700667-c827-4507-9d64-7cee8175844f@group-12291FDC6714-SegmentedRaftLogWorker] INFO  segmented.SegmentedRaftLogWorker (SegmentedRaftLogWorker.java:execute(574)) - de700667-c827-4507-9d64-7cee8175844f@group-12291FDC6714-SegmentedRaftLogWorker: created new log segment /workdir/hadoop-ozone/integration-test/target/test-dir/MiniOzoneClusterImpl-a9be05cf-aef7-47c4-a115-9f43cc1793f2/datanode-1/data/ratis/2915f879-8756-416b-b3d1-12291fdc6714/current/log_inprogress_0
2019-10-08 03:52:21,499 [Datanode State Machine Thread - 0] INFO  statemachine.DatanodeStateMachine (DatanodeStateMachine.java:lambda$startDaemon$0(350)) - Ozone container server started.
2019-10-08 03:52:25,518 [EventQueue-StaleNodeForStaleNodeHandler] INFO  node.StaleNodeHandler (StaleNodeHandler.java:onMessage(58)) - Datanode f5673c71-2777-46e9-9e6f-25a508b41700{ip: 192.168.151.83, host: pr-hdds-2217-jqnfv-3133698562, networkLocation: /default-rack, certSerialId: null} moved to stale state. Finalizing its pipelines [PipelineID=2915f879-8756-416b-b3d1-12291fdc6714, PipelineID=2e14cbf2-a37c-432d-a328-1d9a21e3374b]
2019-10-08 03:52:25,520 [EventQueue-StaleNodeForStaleNodeHandler] INFO  pipeline.SCMPipelineManager (SCMPipelineManager.java:finalizeAndDestroyPipeline(315)) - destroying pipeline:Pipeline[ Id: 2915f879-8756-416b-b3d1-12291fdc6714, Nodes: f5673c71-2777-46e9-9e6f-25a508b41700{ip: 192.168.151.83, host: pr-hdds-2217-jqnfv-3133698562, networkLocation: /default-rack, certSerialId: null}de700667-c827-4507-9d64-7cee8175844f{ip: 192.168.151.83, host: pr-hdds-2217-jqnfv-3133698562, networkLocation: /default-rack, certSerialId: null}89453ef1-964b-45ae-849c-d802d4dd61c8{ip: 192.168.151.83, host: pr-hdds-2217-jqnfv-3133698562, networkLocation: /default-rack, certSerialId: null}, Type:RATIS, Factor:THREE, State:OPEN]
2019-10-08 03:52:25,521 [EventQueue-StaleNodeForStaleNodeHandler] INFO  pipeline.PipelineStateManager (PipelineStateManager.java:finalizePipeline(123)) - Pipeline Pipeline[ Id: 2915f879-8756-416b-b3d1-12291fdc6714, Nodes: f5673c71-2777-46e9-9e6f-25a508b41700{ip: 192.168.151.83, host: pr-hdds-2217-jqnfv-3133698562, networkLocation: /default-rack, certSerialId: null}de700667-c827-4507-9d64-7cee8175844f{ip: 192.168.151.83, host: pr-hdds-2217-jqnfv-3133698562, networkLocation: /default-rack, certSerialId: null}89453ef1-964b-45ae-849c-d802d4dd61c8{ip: 192.168.151.83, host: pr-hdds-2217-jqnfv-3133698562, networkLocation: /default-rack, certSerialId: null}, Type:RATIS, Factor:THREE, State:CLOSED] moved to CLOSED state
2019-10-08 03:52:25,523 [EventQueue-CloseContainerForCloseContainerEventHandler] INFO  container.CloseContainerEventHandler (CloseContainerEventHandler.java:onMessage(61)) - Close container Event triggered for container : #1
2019-10-08 03:52:25,528 [EventQueue-StaleNodeForStaleNodeHandler] INFO  pipeline.SCMPipelineManager (SCMPipelineManager.java:finalizeAndDestroyPipeline(315)) - destroying pipeline:Pipeline[ Id: 2e14cbf2-a37c-432d-a328-1d9a21e3374b, Nodes: f5673c71-2777-46e9-9e6f-25a508b41700{ip: 192.168.151.83, host: pr-hdds-2217-jqnfv-3133698562, networkLocation: /default-rack, certSerialId: null}, Type:RATIS, Factor:ONE, State:OPEN]
2019-10-08 03:52:25,531 [EventQueue-StaleNodeForStaleNodeHandler] INFO  pipeline.PipelineStateManager (PipelineStateManager.java:finalizePipeline(123)) - Pipeline Pipeline[ Id: 2e14cbf2-a37c-432d-a328-1d9a21e3374b, Nodes: f5673c71-2777-46e9-9e6f-25a508b41700{ip: 192.168.151.83, host: pr-hdds-2217-jqnfv-3133698562, networkLocation: /default-rack, certSerialId: null}, Type:RATIS, Factor:ONE, State:CLOSED] moved to CLOSED state
2019-10-08 03:52:25,857 [main] INFO  ozoneimpl.OzoneContainer (OzoneContainer.java:stop(227)) - Attempting to stop container services.
2019-10-08 03:52:25,859 [main] INFO  impl.RaftServerProxy (RaftServerProxy.java:lambda$close$4(314)) - f5673c71-2777-46e9-9e6f-25a508b41700: close
2019-10-08 03:52:25,860 [main] INFO  impl.RaftServerImpl (RaftServerImpl.java:lambda$shutdown$3(247)) - f5673c71-2777-46e9-9e6f-25a508b41700@group-12291FDC6714: shutdown
2019-10-08 03:52:25,860 [ForkJoinPool.commonPool-worker-0] INFO  impl.RaftServerImpl (RaftServerImpl.java:lambda$shutdown$3(247)) - f5673c71-2777-46e9-9e6f-25a508b41700@group-1D9A21E3374B: shutdown
2019-10-08 03:52:25,860 [main] INFO  util.JmxRegister (JmxRegister.java:unregister(73)) - Successfully un-registered JMX Bean with object name Ratis:service=RaftServer,group=group-12291FDC6714,id=f5673c71-2777-46e9-9e6f-25a508b41700
2019-10-08 03:52:25,861 [ForkJoinPool.commonPool-worker-0] INFO  util.JmxRegister (JmxRegister.java:unregister(73)) - Successfully un-registered JMX Bean with object name Ratis:service=RaftServer,group=group-1D9A21E3374B,id=f5673c71-2777-46e9-9e6f-25a508b41700
2019-10-08 03:52:25,861 [main] INFO  impl.RoleInfo (RoleInfo.java:shutdownLeaderState(104)) - f5673c71-2777-46e9-9e6f-25a508b41700: shutdown LeaderState
2019-10-08 03:52:25,861 [ForkJoinPool.commonPool-worker-0] INFO  impl.RoleInfo (RoleInfo.java:shutdownLeaderState(104)) - f5673c71-2777-46e9-9e6f-25a508b41700: shutdown LeaderState
2019-10-08 03:52:25,887 [main] INFO  impl.PendingRequests (PendingRequests.java:sendNotLeaderResponses(202)) - f5673c71-2777-46e9-9e6f-25a508b41700@group-12291FDC6714-PendingRequests: sendNotLeaderResponses
2019-10-08 03:52:25,887 [org.apache.ratis.server.impl.LogAppender$AppenderDaemon$$Lambda$514/1885687276@bb6ca5] WARN  server.GrpcLogAppender (GrpcLogAppender.java:mayWait(143)) - f5673c71-2777-46e9-9e6f-25a508b41700@group-12291FDC6714->89453ef1-964b-45ae-849c-d802d4dd61c8-GrpcLogAppender: Wait interrupted by java.lang.InterruptedException
2019-10-08 03:52:25,887 [ForkJoinPool.commonPool-worker-0] INFO  impl.PendingRequests (PendingRequests.java:sendNotLeaderResponses(202)) - f5673c71-2777-46e9-9e6f-25a508b41700@group-1D9A21E3374B-PendingRequests: sendNotLeaderResponses
2019-10-08 03:52:25,888 [org.apache.ratis.server.impl.LogAppender$AppenderDaemon$$Lambda$514/1885687276@4983059a] WARN  server.GrpcLogAppender (GrpcLogAppender.java:mayWait(143)) - f5673c71-2777-46e9-9e6f-25a508b41700@group-12291FDC6714->de700667-c827-4507-9d64-7cee8175844f-GrpcLogAppender: Wait interrupted by java.lang.InterruptedException
2019-10-08 03:52:25,892 [main] INFO  impl.StateMachineUpdater (StateMachineUpdater.java:stopAndJoin(136)) - f5673c71-2777-46e9-9e6f-25a508b41700@group-12291FDC6714-StateMachineUpdater: set stopIndex = 16
2019-10-08 03:52:25,892 [grpc-default-executor-5] INFO  server.GrpcServerProtocolService (GrpcServerProtocolService.java:onCompleted(113)) - de700667-c827-4507-9d64-7cee8175844f: Completed APPEND_ENTRIES, lastRequest: f5673c71-2777-46e9-9e6f-25a508b41700->de700667-c827-4507-9d64-7cee8175844f#19-t1, previous=(t:1, i:16), leaderCommit=16, initializing? false, entries: <empty>
2019-10-08 03:52:25,892 [grpc-default-executor-9] INFO  server.GrpcServerProtocolService (GrpcServerProtocolService.java:onCompleted(113)) - 89453ef1-964b-45ae-849c-d802d4dd61c8: Completed APPEND_ENTRIES, lastRequest: f5673c71-2777-46e9-9e6f-25a508b41700->89453ef1-964b-45ae-849c-d802d4dd61c8#19-t1, previous=(t:1, i:16), leaderCommit=16, initializing? false, entries: <empty>
2019-10-08 03:52:25,892 [ForkJoinPool.commonPool-worker-0] INFO  impl.StateMachineUpdater (StateMachineUpdater.java:stopAndJoin(136)) - f5673c71-2777-46e9-9e6f-25a508b41700@group-1D9A21E3374B-StateMachineUpdater: set stopIndex = 0
2019-10-08 03:52:25,892 [f5673c71-2777-46e9-9e6f-25a508b41700@group-12291FDC6714-StateMachineUpdater] INFO  ratis.ContainerStateMachine (ContainerStateMachine.java:takeSnapshot(294)) - group-12291FDC6714: Taking a snapshot at:(t:1, i:14) file /workdir/hadoop-ozone/integration-test/target/test-dir/MiniOzoneClusterImpl-a9be05cf-aef7-47c4-a115-9f43cc1793f2/datanode-2/data/ratis/2915f879-8756-416b-b3d1-12291fdc6714/sm/snapshot.1_14
2019-10-08 03:52:25,893 [ForkJoinPool.commonPool-worker-0] INFO  impl.RaftServerImpl (ServerState.java:close(387)) - f5673c71-2777-46e9-9e6f-25a508b41700@group-1D9A21E3374B: closes. applyIndex: 0
2019-10-08 03:52:25,893 [grpc-default-executor-5] INFO  server.GrpcLogAppender (GrpcLogAppender.java:onCompleted(293)) - f5673c71-2777-46e9-9e6f-25a508b41700@group-12291FDC6714->89453ef1-964b-45ae-849c-d802d4dd61c8-AppendLogResponseHandler: follower responses appendEntries COMPLETED
2019-10-08 03:52:25,894 [f5673c71-2777-46e9-9e6f-25a508b41700@group-1D9A21E3374B-SegmentedRaftLogWorker] INFO  segmented.SegmentedRaftLogWorker (SegmentedRaftLogWorker.java:run(316)) - f5673c71-2777-46e9-9e6f-25a508b41700@group-1D9A21E3374B-SegmentedRaftLogWorker was interrupted, exiting. There are 0 tasks remaining in the queue.
2019-10-08 03:52:25,893 [grpc-default-executor-9] INFO  server.GrpcLogAppender (GrpcLogAppender.java:onCompleted(293)) - f5673c71-2777-46e9-9e6f-25a508b41700@group-12291FDC6714->de700667-c827-4507-9d64-7cee8175844f-AppendLogResponseHandler: follower responses appendEntries COMPLETED
2019-10-08 03:52:25,898 [grpc-default-executor-5] INFO  impl.FollowerInfo (FollowerInfo.java:lambda$new$0(51)) - f5673c71-2777-46e9-9e6f-25a508b41700@group-12291FDC6714->89453ef1-964b-45ae-849c-d802d4dd61c8: nextIndex: updateUnconditionally 17 -> 16
2019-10-08 03:52:25,902 [grpc-default-executor-9] INFO  impl.FollowerInfo (FollowerInfo.java:lambda$new$0(51)) - f5673c71-2777-46e9-9e6f-25a508b41700@group-12291FDC6714->de700667-c827-4507-9d64-7cee8175844f: nextIndex: updateUnconditionally 17 -> 16
2019-10-08 03:52:25,904 [ForkJoinPool.commonPool-worker-0] INFO  segmented.SegmentedRaftLogWorker (SegmentedRaftLogWorker.java:close(224)) - f5673c71-2777-46e9-9e6f-25a508b41700@group-1D9A21E3374B-SegmentedRaftLogWorker close()
2019-10-08 03:52:25,911 [f5673c71-2777-46e9-9e6f-25a508b41700@group-12291FDC6714-StateMachineUpdater] INFO  ratis.ContainerStateMachine (ContainerStateMachine.java:takeSnapshot(305)) - group-12291FDC6714: Finished taking a snapshot at:(t:1, i:14) file:/workdir/hadoop-ozone/integration-test/target/test-dir/MiniOzoneClusterImpl-a9be05cf-aef7-47c4-a115-9f43cc1793f2/datanode-2/data/ratis/2915f879-8756-416b-b3d1-12291fdc6714/sm/snapshot.1_14 time:18
2019-10-08 03:52:25,911 [f5673c71-2777-46e9-9e6f-25a508b41700@group-12291FDC6714-StateMachineUpdater] INFO  impl.StateMachineUpdater (StateMachineUpdater.java:takeSnapshot(269)) - f5673c71-2777-46e9-9e6f-25a508b41700@group-12291FDC6714-StateMachineUpdater: Took a snapshot at index 14
2019-10-08 03:52:25,911 [f5673c71-2777-46e9-9e6f-25a508b41700@group-12291FDC6714-StateMachineUpdater] INFO  impl.StateMachineUpdater (StateMachineUpdater.java:lambda$new$0(84)) - f5673c71-2777-46e9-9e6f-25a508b41700@group-12291FDC6714-StateMachineUpdater: snapshotIndex: updateIncreasingly -1 -> 14
2019-10-08 03:52:25,912 [f5673c71-2777-46e9-9e6f-25a508b41700@group-12291FDC6714-StateMachineUpdater] INFO  ratis.ContainerStateMachine (ContainerStateMachine.java:takeSnapshot(294)) - group-12291FDC6714: Taking a snapshot at:(t:1, i:14) file /workdir/hadoop-ozone/integration-test/target/test-dir/MiniOzoneClusterImpl-a9be05cf-aef7-47c4-a115-9f43cc1793f2/datanode-2/data/ratis/2915f879-8756-416b-b3d1-12291fdc6714/sm/snapshot.1_14
2019-10-08 03:52:25,915 [f5673c71-2777-46e9-9e6f-25a508b41700@group-12291FDC6714-StateMachineUpdater] INFO  ratis.ContainerStateMachine (ContainerStateMachine.java:takeSnapshot(305)) - group-12291FDC6714: Finished taking a snapshot at:(t:1, i:14) file:/workdir/hadoop-ozone/integration-test/target/test-dir/MiniOzoneClusterImpl-a9be05cf-aef7-47c4-a115-9f43cc1793f2/datanode-2/data/ratis/2915f879-8756-416b-b3d1-12291fdc6714/sm/snapshot.1_14 time:4
2019-10-08 03:52:25,915 [f5673c71-2777-46e9-9e6f-25a508b41700@group-12291FDC6714-StateMachineUpdater] INFO  impl.StateMachineUpdater (StateMachineUpdater.java:takeSnapshot(269)) - f5673c71-2777-46e9-9e6f-25a508b41700@group-12291FDC6714-StateMachineUpdater: Took a snapshot at index 14
2019-10-08 03:52:25,916 [f5673c71-2777-46e9-9e6f-25a508b41700@group-12291FDC6714-StateMachineUpdater] INFO  impl.StateMachineUpdater (StateMachineUpdater.java:lambda$new$0(84)) - f5673c71-2777-46e9-9e6f-25a508b41700@group-12291FDC6714-StateMachineUpdater: snapshotIndex: updateIncreasingly 14 -> 14
2019-10-08 03:52:25,916 [main] INFO  impl.RaftServerImpl (ServerState.java:close(387)) - f5673c71-2777-46e9-9e6f-25a508b41700@group-12291FDC6714: closes. applyIndex: 16
2019-10-08 03:52:25,916 [f5673c71-2777-46e9-9e6f-25a508b41700@group-12291FDC6714-SegmentedRaftLogWorker] INFO  segmented.SegmentedRaftLogWorker (SegmentedRaftLogWorker.java:run(316)) - f5673c71-2777-46e9-9e6f-25a508b41700@group-12291FDC6714-SegmentedRaftLogWorker was interrupted, exiting. There are 0 tasks remaining in the queue.
2019-10-08 03:52:25,920 [main] INFO  segmented.SegmentedRaftLogWorker (SegmentedRaftLogWorker.java:close(224)) - f5673c71-2777-46e9-9e6f-25a508b41700@group-12291FDC6714-SegmentedRaftLogWorker close()
2019-10-08 03:52:25,924 [main] INFO  server.GrpcService (GrpcService.java:closeImpl(164)) - f5673c71-2777-46e9-9e6f-25a508b41700: shutdown server with port 35800 now
2019-10-08 03:52:25,925 [main] INFO  server.GrpcService (GrpcService.java:closeImpl(172)) - f5673c71-2777-46e9-9e6f-25a508b41700: shutdown server with port 35800 successfully
2019-10-08 03:52:25,925 [grpc-default-executor-8] WARN  client.GrpcClientProtocolService (LogUtils.java:warn(134)) - 4-UnorderedRequestStreamObserver4: onError: org.apache.ratis.thirdparty.io.grpc.StatusRuntimeException: CANCELLED: cancelled before receiving half close
2019-10-08 03:52:25,933 [refreshUsed-/workdir/hadoop-ozone/integration-test/target/test-dir/MiniOzoneClusterImpl-a9be05cf-aef7-47c4-a115-9f43cc1793f2/datanode-2/data/containers] WARN  fs.CachingGetSpaceUsed (CachingGetSpaceUsed.java:run(183)) - Thread Interrupted waiting to refresh disk information: sleep interrupted
2019-10-08 03:52:25,945 [main] INFO  utils.BackgroundService (BackgroundService.java:shutdown(148)) - Shutting down service BlockDeletingService
2019-10-08 03:52:25,952 [main] INFO  statemachine.DatanodeStateMachine (DatanodeStateMachine.java:stopDaemon(395)) - Ozone container server stopped.
2019-10-08 03:52:25,953 [main] INFO  handler.ContextHandler (ContextHandler.java:doStop(910)) - Stopped o.e.j.w.WebAppContext@61da0413{/,null,UNAVAILABLE}{/hddsDatanode}
2019-10-08 03:52:25,954 [main] INFO  server.AbstractConnector (AbstractConnector.java:doStop(318)) - Stopped ServerConnector@5627cb29{HTTP/1.1,[http/1.1]}{0.0.0.0:0}
2019-10-08 03:52:25,954 [main] INFO  handler.ContextHandler (ContextHandler.java:doStop(910)) - Stopped o.e.j.s.ServletContextHandler@46bb0bdf{/static,jar:file:/home/user/.m2/repository/org/apache/hadoop/hadoop-hdds-container-service/0.5.0-SNAPSHOT/hadoop-hdds-container-service-0.5.0-SNAPSHOT.jar!/webapps/static,UNAVAILABLE}
2019-10-08 03:52:25,954 [main] INFO  handler.ContextHandler (ContextHandler.java:doStop(910)) - Stopped o.e.j.s.ServletContextHandler@5763a655{/logs,file:///workdir/hadoop-ozone/integration-test/target/log,UNAVAILABLE}
2019-10-08 03:52:33,362 [Thread-3127] INFO  impl.FollowerState (FollowerState.java:run(108)) - 89453ef1-964b-45ae-849c-d802d4dd61c8@group-12291FDC6714-FollowerState: change to CANDIDATE, lastRpcTime:7505ms, electionTimeout:5017ms
2019-10-08 03:52:33,363 [Thread-3127] INFO  impl.RoleInfo (RoleInfo.java:shutdownFollowerState(121)) - 89453ef1-964b-45ae-849c-d802d4dd61c8: shutdown FollowerState
2019-10-08 03:52:33,363 [Thread-3127] INFO  impl.RaftServerImpl (RaftServerImpl.java:setRole(170)) - 89453ef1-964b-45ae-849c-d802d4dd61c8@group-12291FDC6714: changes role from  FOLLOWER to CANDIDATE at term 1 for changeToCandidate
2019-10-08 03:52:33,363 [Thread-3127] INFO  impl.RoleInfo (RoleInfo.java:updateAndGet(143)) - 89453ef1-964b-45ae-849c-d802d4dd61c8: start LeaderElection
2019-10-08 03:52:33,367 [89453ef1-964b-45ae-849c-d802d4dd61c8@group-12291FDC6714-LeaderElection69] INFO  impl.RaftServerImpl (ServerState.java:setLeader(255)) - 89453ef1-964b-45ae-849c-d802d4dd61c8@group-12291FDC6714: change Leader from f5673c71-2777-46e9-9e6f-25a508b41700 to null at term 1 for initElection
2019-10-08 03:52:33,383 [89453ef1-964b-45ae-849c-d802d4dd61c8@group-12291FDC6714-LeaderElection69] INFO  impl.LeaderElection (LeaderElection.java:askForVotes(178)) - 89453ef1-964b-45ae-849c-d802d4dd61c8@group-12291FDC6714-LeaderElection69: begin an election at term 2 for 0: [de700667-c827-4507-9d64-7cee8175844f:192.168.151.83:39345, 89453ef1-964b-45ae-849c-d802d4dd61c8:192.168.151.83:34073, f5673c71-2777-46e9-9e6f-25a508b41700:192.168.151.83:35800], old=null
2019-10-08 03:52:33,386 [89453ef1-964b-45ae-849c-d802d4dd61c8@group-12291FDC6714-LeaderElection69] INFO  impl.LeaderElection (LogUtils.java:infoOrTrace(149)) - 89453ef1-964b-45ae-849c-d802d4dd61c8@group-12291FDC6714-LeaderElection69 got exception when requesting votes: {}
java.util.concurrent.ExecutionException: org.apache.ratis.thirdparty.io.grpc.StatusRuntimeException: UNAVAILABLE: io exception
	at java.util.concurrent.FutureTask.report(FutureTask.java:122)
	at java.util.concurrent.FutureTask.get(FutureTask.java:192)
	at org.apache.ratis.server.impl.LeaderElection.waitForResults(LeaderElection.java:259)
	at org.apache.ratis.server.impl.LeaderElection.askForVotes(LeaderElection.java:197)
	at org.apache.ratis.server.impl.LeaderElection.run(LeaderElection.java:133)
	at java.lang.Thread.run(Thread.java:748)
Caused by: org.apache.ratis.thirdparty.io.grpc.StatusRuntimeException: UNAVAILABLE: io exception
	at org.apache.ratis.thirdparty.io.grpc.stub.ClientCalls.toStatusRuntimeException(ClientCalls.java:233)
	at org.apache.ratis.thirdparty.io.grpc.stub.ClientCalls.getUnchecked(ClientCalls.java:214)
	at org.apache.ratis.thirdparty.io.grpc.stub.ClientCalls.blockingUnaryCall(ClientCalls.java:139)
	at org.apache.ratis.proto.grpc.RaftServerProtocolServiceGrpc$RaftServerProtocolServiceBlockingStub.requestVote(RaftServerProtocolServiceGrpc.java:265)
	at org.apache.ratis.grpc.server.GrpcServerProtocolClient.requestVote(GrpcServerProtocolClient.java:99)
	at org.apache.ratis.grpc.server.GrpcService.requestVote(GrpcService.java:204)
	at org.apache.ratis.server.impl.LeaderElection.lambda$submitRequests$1(LeaderElection.java:234)
	at java.util.concurrent.FutureTask.run(FutureTask.java:266)
	at java.util.concurrent.Executors$RunnableAdapter.call(Executors.java:511)
	at java.util.concurrent.FutureTask.run(FutureTask.java:266)
	at java.util.concurrent.ThreadPoolExecutor.runWorker(ThreadPoolExecutor.java:1149)
	at java.util.concurrent.ThreadPoolExecutor$Worker.run(ThreadPoolExecutor.java:624)
	... 1 more
Caused by: org.apache.ratis.thirdparty.io.netty.channel.AbstractChannel$AnnotatedConnectException: Connection refused: /192.168.151.83:35800
	at sun.nio.ch.SocketChannelImpl.checkConnect(Native Method)
	at sun.nio.ch.SocketChannelImpl.finishConnect(SocketChannelImpl.java:717)
	at org.apache.ratis.thirdparty.io.netty.channel.socket.nio.NioSocketChannel.doFinishConnect(NioSocketChannel.java:327)
	at org.apache.ratis.thirdparty.io.netty.channel.nio.AbstractNioChannel$AbstractNioUnsafe.finishConnect(AbstractNioChannel.java:340)
	at org.apache.ratis.thirdparty.io.netty.channel.nio.NioEventLoop.processSelectedKey(NioEventLoop.java:632)
	at org.apache.ratis.thirdparty.io.netty.channel.nio.NioEventLoop.processSelectedKeysOptimized(NioEventLoop.java:579)
	at org.apache.ratis.thirdparty.io.netty.channel.nio.NioEventLoop.processSelectedKeys(NioEventLoop.java:496)
	at org.apache.ratis.thirdparty.io.netty.channel.nio.NioEventLoop.run(NioEventLoop.java:458)
	at org.apache.ratis.thirdparty.io.netty.util.concurrent.SingleThreadEventExecutor$5.run(SingleThreadEventExecutor.java:897)
	at org.apache.ratis.thirdparty.io.netty.util.concurrent.FastThreadLocalRunnable.run(FastThreadLocalRunnable.java:30)
	... 1 more
Caused by: java.net.ConnectException: Connection refused
	... 11 more
2019-10-08 03:52:33,391 [grpc-default-executor-8] INFO  impl.RaftServerImpl (ServerState.java:setLeader(255)) - de700667-c827-4507-9d64-7cee8175844f@group-12291FDC6714: change Leader from f5673c71-2777-46e9-9e6f-25a508b41700 to null at term 2 for updateCurrentTerm
2019-10-08 03:52:33,392 [grpc-default-executor-8] INFO  impl.RaftServerImpl (RaftServerImpl.java:setRole(170)) - de700667-c827-4507-9d64-7cee8175844f@group-12291FDC6714: changes role from  FOLLOWER to FOLLOWER at term 2 for recognizeCandidate:89453ef1-964b-45ae-849c-d802d4dd61c8
2019-10-08 03:52:33,392 [grpc-default-executor-8] INFO  impl.RoleInfo (RoleInfo.java:shutdownFollowerState(121)) - de700667-c827-4507-9d64-7cee8175844f: shutdown FollowerState
2019-10-08 03:52:33,392 [grpc-default-executor-8] INFO  impl.RoleInfo (RoleInfo.java:updateAndGet(143)) - de700667-c827-4507-9d64-7cee8175844f: start FollowerState
2019-10-08 03:52:33,392 [Thread-3130] INFO  impl.FollowerState (FollowerState.java:run(117)) - de700667-c827-4507-9d64-7cee8175844f@group-12291FDC6714-FollowerState was interrupted: java.lang.InterruptedException: sleep interrupted
2019-10-08 03:52:33,412 [89453ef1-964b-45ae-849c-d802d4dd61c8@group-12291FDC6714-LeaderElection69] INFO  impl.LeaderElection (LeaderElection.java:logAndReturn(56)) - 89453ef1-964b-45ae-849c-d802d4dd61c8@group-12291FDC6714-LeaderElection69: Election PASSED; received 1 response(s) [89453ef1-964b-45ae-849c-d802d4dd61c8<-de700667-c827-4507-9d64-7cee8175844f#0:OK-t2] and 1 exception(s); 89453ef1-964b-45ae-849c-d802d4dd61c8@group-12291FDC6714:t2, leader=null, voted=89453ef1-964b-45ae-849c-d802d4dd61c8, raftlog=89453ef1-964b-45ae-849c-d802d4dd61c8@group-12291FDC6714-SegmentedRaftLog:OPENED:c16,f16,i16, conf=0: [de700667-c827-4507-9d64-7cee8175844f:192.168.151.83:39345, 89453ef1-964b-45ae-849c-d802d4dd61c8:192.168.151.83:34073, f5673c71-2777-46e9-9e6f-25a508b41700:192.168.151.83:35800], old=null
2019-10-08 03:52:33,413 [89453ef1-964b-45ae-849c-d802d4dd61c8@group-12291FDC6714-LeaderElection69] INFO  impl.LeaderElection (LogUtils.java:infoOrTrace(149)) -   Exception 0: {}
java.util.concurrent.ExecutionException: org.apache.ratis.thirdparty.io.grpc.StatusRuntimeException: UNAVAILABLE: io exception
	at java.util.concurrent.FutureTask.report(FutureTask.java:122)
	at java.util.concurrent.FutureTask.get(FutureTask.java:192)
	at org.apache.ratis.server.impl.LeaderElection.waitForResults(LeaderElection.java:259)
	at org.apache.ratis.server.impl.LeaderElection.askForVotes(LeaderElection.java:197)
	at org.apache.ratis.server.impl.LeaderElection.run(LeaderElection.java:133)
	at java.lang.Thread.run(Thread.java:748)
Caused by: org.apache.ratis.thirdparty.io.grpc.StatusRuntimeException: UNAVAILABLE: io exception
	at org.apache.ratis.thirdparty.io.grpc.stub.ClientCalls.toStatusRuntimeException(ClientCalls.java:233)
	at org.apache.ratis.thirdparty.io.grpc.stub.ClientCalls.getUnchecked(ClientCalls.java:214)
	at org.apache.ratis.thirdparty.io.grpc.stub.ClientCalls.blockingUnaryCall(ClientCalls.java:139)
	at org.apache.ratis.proto.grpc.RaftServerProtocolServiceGrpc$RaftServerProtocolServiceBlockingStub.requestVote(RaftServerProtocolServiceGrpc.java:265)
	at org.apache.ratis.grpc.server.GrpcServerProtocolClient.requestVote(GrpcServerProtocolClient.java:99)
	at org.apache.ratis.grpc.server.GrpcService.requestVote(GrpcService.java:204)
	at org.apache.ratis.server.impl.LeaderElection.lambda$submitRequests$1(LeaderElection.java:234)
	at java.util.concurrent.FutureTask.run(FutureTask.java:266)
	at java.util.concurrent.Executors$RunnableAdapter.call(Executors.java:511)
	at java.util.concurrent.FutureTask.run(FutureTask.java:266)
	at java.util.concurrent.ThreadPoolExecutor.runWorker(ThreadPoolExecutor.java:1149)
	at java.util.concurrent.ThreadPoolExecutor$Worker.run(ThreadPoolExecutor.java:624)
	... 1 more
Caused by: org.apache.ratis.thirdparty.io.netty.channel.AbstractChannel$AnnotatedConnectException: Connection refused: /192.168.151.83:35800
	at sun.nio.ch.SocketChannelImpl.checkConnect(Native Method)
	at sun.nio.ch.SocketChannelImpl.finishConnect(SocketChannelImpl.java:717)
	at org.apache.ratis.thirdparty.io.netty.channel.socket.nio.NioSocketChannel.doFinishConnect(NioSocketChannel.java:327)
	at org.apache.ratis.thirdparty.io.netty.channel.nio.AbstractNioChannel$AbstractNioUnsafe.finishConnect(AbstractNioChannel.java:340)
	at org.apache.ratis.thirdparty.io.netty.channel.nio.NioEventLoop.processSelectedKey(NioEventLoop.java:632)
	at org.apache.ratis.thirdparty.io.netty.channel.nio.NioEventLoop.processSelectedKeysOptimized(NioEventLoop.java:579)
	at org.apache.ratis.thirdparty.io.netty.channel.nio.NioEventLoop.processSelectedKeys(NioEventLoop.java:496)
	at org.apache.ratis.thirdparty.io.netty.channel.nio.NioEventLoop.run(NioEventLoop.java:458)
	at org.apache.ratis.thirdparty.io.netty.util.concurrent.SingleThreadEventExecutor$5.run(SingleThreadEventExecutor.java:897)
	at org.apache.ratis.thirdparty.io.netty.util.concurrent.FastThreadLocalRunnable.run(FastThreadLocalRunnable.java:30)
	... 1 more
Caused by: java.net.ConnectException: Connection refused
	... 11 more
2019-10-08 03:52:33,413 [89453ef1-964b-45ae-849c-d802d4dd61c8@group-12291FDC6714-LeaderElection69] INFO  impl.RoleInfo (RoleInfo.java:shutdownLeaderElection(134)) - 89453ef1-964b-45ae-849c-d802d4dd61c8: shutdown LeaderElection
2019-10-08 03:52:33,413 [89453ef1-964b-45ae-849c-d802d4dd61c8@group-12291FDC6714-LeaderElection69] INFO  impl.RaftServerImpl (RaftServerImpl.java:setRole(170)) - 89453ef1-964b-45ae-849c-d802d4dd61c8@group-12291FDC6714: changes role from CANDIDATE to LEADER at term 2 for changeToLeader
2019-10-08 03:52:33,413 [89453ef1-964b-45ae-849c-d802d4dd61c8@group-12291FDC6714-LeaderElection69] INFO  impl.RaftServerImpl (ServerState.java:setLeader(255)) - 89453ef1-964b-45ae-849c-d802d4dd61c8@group-12291FDC6714: change Leader from null to 89453ef1-964b-45ae-849c-d802d4dd61c8 at term 2 for becomeLeader, leader elected after 46ms
2019-10-08 03:52:33,414 [89453ef1-964b-45ae-849c-d802d4dd61c8@group-12291FDC6714-LeaderElection69] INFO  server.RaftServerConfigKeys (ConfUtils.java:logGet(43)) - raft.server.staging.catchup.gap = 1000 (default)
2019-10-08 03:52:33,414 [89453ef1-964b-45ae-849c-d802d4dd61c8@group-12291FDC6714-LeaderElection69] INFO  server.RaftServerConfigKeys (ConfUtils.java:logGet(43)) - raft.server.rpc.sleep.time = 25ms (default)
2019-10-08 03:52:33,414 [89453ef1-964b-45ae-849c-d802d4dd61c8@group-12291FDC6714-LeaderElection69] INFO  server.RaftServerConfigKeys (ConfUtils.java:logGet(43)) - raft.server.write.element-limit = 4096 (default)
2019-10-08 03:52:33,415 [89453ef1-964b-45ae-849c-d802d4dd61c8@group-12291FDC6714-LeaderElection69] INFO  server.RaftServerConfigKeys (ConfUtils.java:logGet(43)) - raft.server.watch.timeout = 10s (default)
2019-10-08 03:52:33,415 [89453ef1-964b-45ae-849c-d802d4dd61c8@group-12291FDC6714-LeaderElection69] INFO  server.RaftServerConfigKeys (ConfUtils.java:logGet(43)) - raft.server.watch.timeout.denomination = 1s (default)
2019-10-08 03:52:33,415 [89453ef1-964b-45ae-849c-d802d4dd61c8@group-12291FDC6714-LeaderElection69] INFO  server.RaftServerConfigKeys (ConfUtils.java:logGet(43)) - raft.server.watch.element-limit = 65536 (default)
2019-10-08 03:52:33,418 [89453ef1-964b-45ae-849c-d802d4dd61c8@group-12291FDC6714-LeaderElection69] INFO  server.RaftServerConfigKeys (ConfUtils.java:logGet(43)) - raft.server.log.appender.snapshot.chunk.size.max = 16MB (=16777216) (default)
2019-10-08 03:52:33,419 [89453ef1-964b-45ae-849c-d802d4dd61c8@group-12291FDC6714-LeaderElection69] INFO  server.RaftServerConfigKeys (ConfUtils.java:logGet(43)) - raft.server.log.appender.buffer.byte-limit = 33554432 (custom)
2019-10-08 03:52:33,419 [89453ef1-964b-45ae-849c-d802d4dd61c8@group-12291FDC6714-LeaderElection69] INFO  server.RaftServerConfigKeys (ConfUtils.java:logGet(43)) - raft.server.log.appender.buffer.element-limit = 1 (custom)
2019-10-08 03:52:33,419 [89453ef1-964b-45ae-849c-d802d4dd61c8@group-12291FDC6714-LeaderElection69] INFO  grpc.GrpcConfigKeys$Server (ConfUtils.java:logGet(43)) - raft.grpc.server.leader.outstanding.appends.max = 128 (default)
2019-10-08 03:52:33,420 [89453ef1-964b-45ae-849c-d802d4dd61c8@group-12291FDC6714-LeaderElection69] INFO  server.RaftServerConfigKeys (ConfUtils.java:logGet(43)) - raft.server.rpc.request.timeout = 3000ms (default)
2019-10-08 03:52:33,420 [89453ef1-964b-45ae-849c-d802d4dd61c8@group-12291FDC6714-LeaderElection69] INFO  server.RaftServerConfigKeys (ConfUtils.java:logGet(43)) - raft.server.log.appender.install.snapshot.enabled = false (custom)
2019-10-08 03:52:33,420 [89453ef1-964b-45ae-849c-d802d4dd61c8@group-12291FDC6714-LeaderElection69] INFO  server.RaftServerConfigKeys (ConfUtils.java:logGet(43)) - raft.server.log.appender.snapshot.chunk.size.max = 16MB (=16777216) (default)
2019-10-08 03:52:33,420 [89453ef1-964b-45ae-849c-d802d4dd61c8@group-12291FDC6714-LeaderElection69] INFO  server.RaftServerConfigKeys (ConfUtils.java:logGet(43)) - raft.server.log.appender.buffer.byte-limit = 33554432 (custom)
2019-10-08 03:52:33,420 [89453ef1-964b-45ae-849c-d802d4dd61c8@group-12291FDC6714-LeaderElection69] INFO  server.RaftServerConfigKeys (ConfUtils.java:logGet(43)) - raft.server.log.appender.buffer.element-limit = 1 (custom)
2019-10-08 03:52:33,421 [89453ef1-964b-45ae-849c-d802d4dd61c8@group-12291FDC6714-LeaderElection69] INFO  grpc.GrpcConfigKeys$Server (ConfUtils.java:logGet(43)) - raft.grpc.server.leader.outstanding.appends.max = 128 (default)
2019-10-08 03:52:33,421 [89453ef1-964b-45ae-849c-d802d4dd61c8@group-12291FDC6714-LeaderElection69] INFO  server.RaftServerConfigKeys (ConfUtils.java:logGet(43)) - raft.server.rpc.request.timeout = 3000ms (default)
2019-10-08 03:52:33,421 [89453ef1-964b-45ae-849c-d802d4dd61c8@group-12291FDC6714-LeaderElection69] INFO  server.RaftServerConfigKeys (ConfUtils.java:logGet(43)) - raft.server.log.appender.install.snapshot.enabled = false (custom)
2019-10-08 03:52:33,421 [89453ef1-964b-45ae-849c-d802d4dd61c8@group-12291FDC6714-LeaderElection69] INFO  impl.RoleInfo (RoleInfo.java:updateAndGet(143)) - 89453ef1-964b-45ae-849c-d802d4dd61c8: start LeaderState
2019-10-08 03:52:33,423 [89453ef1-964b-45ae-849c-d802d4dd61c8@group-12291FDC6714-LeaderElection69] INFO  segmented.SegmentedRaftLogWorker (SegmentedRaftLogWorker.java:rollLogSegment(390)) - 89453ef1-964b-45ae-849c-d802d4dd61c8@group-12291FDC6714-SegmentedRaftLogWorker: Rolling segment log-0_16 to index:16
2019-10-08 03:52:33,427 [89453ef1-964b-45ae-849c-d802d4dd61c8@group-12291FDC6714-SegmentedRaftLogWorker] INFO  segmented.SegmentedRaftLogWorker (SegmentedRaftLogWorker.java:execute(531)) - 89453ef1-964b-45ae-849c-d802d4dd61c8@group-12291FDC6714-SegmentedRaftLogWorker: Rolled log segment from /workdir/hadoop-ozone/integration-test/target/test-dir/MiniOzoneClusterImpl-a9be05cf-aef7-47c4-a115-9f43cc1793f2/datanode-5/data/ratis/2915f879-8756-416b-b3d1-12291fdc6714/current/log_inprogress_0 to /workdir/hadoop-ozone/integration-test/target/test-dir/MiniOzoneClusterImpl-a9be05cf-aef7-47c4-a115-9f43cc1793f2/datanode-5/data/ratis/2915f879-8756-416b-b3d1-12291fdc6714/current/log_0-16
2019-10-08 03:52:33,427 [89453ef1-964b-45ae-849c-d802d4dd61c8@group-12291FDC6714-LeaderElection69] INFO  impl.RaftServerImpl (ServerState.java:setRaftConf(356)) - 89453ef1-964b-45ae-849c-d802d4dd61c8@group-12291FDC6714: set configuration 17: [de700667-c827-4507-9d64-7cee8175844f:192.168.151.83:39345, 89453ef1-964b-45ae-849c-d802d4dd61c8:192.168.151.83:34073, f5673c71-2777-46e9-9e6f-25a508b41700:192.168.151.83:35800], old=null at 17
2019-10-08 03:52:33,430 [grpc-default-executor-8] WARN  server.GrpcLogAppender (LogUtils.java:warn(134)) - 89453ef1-964b-45ae-849c-d802d4dd61c8@group-12291FDC6714->f5673c71-2777-46e9-9e6f-25a508b41700-AppendLogResponseHandler: Failed appendEntries: org.apache.ratis.thirdparty.io.grpc.StatusRuntimeException: UNAVAILABLE: io exception
2019-10-08 03:52:33,472 [grpc-default-executor-8] INFO  impl.FollowerInfo (FollowerInfo.java:lambda$new$0(51)) - 89453ef1-964b-45ae-849c-d802d4dd61c8@group-12291FDC6714->f5673c71-2777-46e9-9e6f-25a508b41700: nextIndex: updateUnconditionally 17 -> 1
2019-10-08 03:52:33,472 [grpc-default-executor-6] INFO  impl.RaftServerImpl (ServerState.java:setLeader(255)) - de700667-c827-4507-9d64-7cee8175844f@group-12291FDC6714: change Leader from null to 89453ef1-964b-45ae-849c-d802d4dd61c8 at term 2 for appendEntries, leader elected after 81ms
2019-10-08 03:52:33,475 [grpc-default-executor-6] INFO  impl.RaftServerImpl (ServerState.java:setRaftConf(356)) - de700667-c827-4507-9d64-7cee8175844f@group-12291FDC6714: set configuration 17: [de700667-c827-4507-9d64-7cee8175844f:192.168.151.83:39345, 89453ef1-964b-45ae-849c-d802d4dd61c8:192.168.151.83:34073, f5673c71-2777-46e9-9e6f-25a508b41700:192.168.151.83:35800], old=null at 17
2019-10-08 03:52:33,476 [grpc-default-executor-6] INFO  segmented.SegmentedRaftLogWorker (SegmentedRaftLogWorker.java:rollLogSegment(390)) - de700667-c827-4507-9d64-7cee8175844f@group-12291FDC6714-SegmentedRaftLogWorker: Rolling segment log-0_16 to index:16
2019-10-08 03:52:33,477 [de700667-c827-4507-9d64-7cee8175844f@group-12291FDC6714-SegmentedRaftLogWorker] INFO  segmented.SegmentedRaftLogWorker (SegmentedRaftLogWorker.java:execute(531)) - de700667-c827-4507-9d64-7cee8175844f@group-12291FDC6714-SegmentedRaftLogWorker: Rolled log segment from /workdir/hadoop-ozone/integration-test/target/test-dir/MiniOzoneClusterImpl-a9be05cf-aef7-47c4-a115-9f43cc1793f2/datanode-1/data/ratis/2915f879-8756-416b-b3d1-12291fdc6714/current/log_inprogress_0 to /workdir/hadoop-ozone/integration-test/target/test-dir/MiniOzoneClusterImpl-a9be05cf-aef7-47c4-a115-9f43cc1793f2/datanode-1/data/ratis/2915f879-8756-416b-b3d1-12291fdc6714/current/log_0-16
2019-10-08 03:52:33,491 [89453ef1-964b-45ae-849c-d802d4dd61c8@group-12291FDC6714-SegmentedRaftLogWorker] INFO  segmented.SegmentedRaftLogWorker (SegmentedRaftLogWorker.java:execute(574)) - 89453ef1-964b-45ae-849c-d802d4dd61c8@group-12291FDC6714-SegmentedRaftLogWorker: created new log segment /workdir/hadoop-ozone/integration-test/target/test-dir/MiniOzoneClusterImpl-a9be05cf-aef7-47c4-a115-9f43cc1793f2/datanode-5/data/ratis/2915f879-8756-416b-b3d1-12291fdc6714/current/log_inprogress_17
2019-10-08 03:52:33,520 [de700667-c827-4507-9d64-7cee8175844f@group-12291FDC6714-SegmentedRaftLogWorker] INFO  segmented.SegmentedRaftLogWorker (SegmentedRaftLogWorker.java:execute(574)) - de700667-c827-4507-9d64-7cee8175844f@group-12291FDC6714-SegmentedRaftLogWorker: created new log segment /workdir/hadoop-ozone/integration-test/target/test-dir/MiniOzoneClusterImpl-a9be05cf-aef7-47c4-a115-9f43cc1793f2/datanode-1/data/ratis/2915f879-8756-416b-b3d1-12291fdc6714/current/log_inprogress_17
2019-10-08 03:52:33,545 [grpc-default-executor-5] WARN  server.GrpcLogAppender (LogUtils.java:warn(134)) - 89453ef1-964b-45ae-849c-d802d4dd61c8@group-12291FDC6714->f5673c71-2777-46e9-9e6f-25a508b41700-AppendLogResponseHandler: Failed appendEntries: org.apache.ratis.thirdparty.io.grpc.StatusRuntimeException: UNAVAILABLE: io exception
2019-10-08 03:52:33,546 [grpc-default-executor-5] INFO  impl.FollowerInfo (FollowerInfo.java:lambda$new$0(51)) - 89453ef1-964b-45ae-849c-d802d4dd61c8@group-12291FDC6714->f5673c71-2777-46e9-9e6f-25a508b41700: nextIndex: updateUnconditionally 2 -> 1
2019-10-08 03:52:33,557 [grpc-default-executor-8] WARN  server.GrpcLogAppender (LogUtils.java:warn(134)) - 89453ef1-964b-45ae-849c-d802d4dd61c8@group-12291FDC6714->f5673c71-2777-46e9-9e6f-25a508b41700-AppendLogResponseHandler: Failed appendEntries: org.apache.ratis.thirdparty.io.grpc.StatusRuntimeException: UNAVAILABLE: io exception
2019-10-08 03:52:33,558 [grpc-default-executor-8] INFO  impl.FollowerInfo (FollowerInfo.java:lambda$new$0(51)) - 89453ef1-964b-45ae-849c-d802d4dd61c8@group-12291FDC6714->f5673c71-2777-46e9-9e6f-25a508b41700: nextIndex: updateUnconditionally 2 -> 1
03:52:34.097 [grpc-default-executor-8] ERROR DNAudit - user=null | ip=null | op=WRITE_CHUNK {blockData=conID: 1 locID: 102924729261228045 bcsId: 14} | ret=FAILURE
org.apache.hadoop.hdds.scm.container.common.helpers.ContainerNotOpenException: Container 1 in CLOSING state
	at org.apache.hadoop.ozone.container.common.impl.HddsDispatcher.validateContainerCommand(HddsDispatcher.java:434) ~[hadoop-hdds-container-service-0.5.0-SNAPSHOT.jar:?]
	at org.apache.hadoop.ozone.container.common.transport.server.ratis.ContainerStateMachine.startTransaction(ContainerStateMachine.java:320) ~[hadoop-hdds-container-service-0.5.0-SNAPSHOT.jar:?]
	at org.apache.ratis.server.impl.RaftServerImpl.submitClientRequestAsync(RaftServerImpl.java:569) ~[ratis-server-0.5.0-201fc85-SNAPSHOT.jar:0.5.0-201fc85-SNAPSHOT]
	at org.apache.ratis.server.impl.RaftServerProxy.lambda$submitClientRequestAsync$7(RaftServerProxy.java:333) ~[ratis-server-0.5.0-201fc85-SNAPSHOT.jar:0.5.0-201fc85-SNAPSHOT]
	at org.apache.ratis.server.impl.RaftServerProxy.lambda$null$5(RaftServerProxy.java:328) ~[ratis-server-0.5.0-201fc85-SNAPSHOT.jar:0.5.0-201fc85-SNAPSHOT]
	at org.apache.ratis.util.JavaUtils.callAsUnchecked(JavaUtils.java:109) ~[ratis-common-0.5.0-201fc85-SNAPSHOT.jar:0.5.0-201fc85-SNAPSHOT]
	at org.apache.ratis.server.impl.RaftServerProxy.lambda$submitRequest$6(RaftServerProxy.java:328) ~[ratis-server-0.5.0-201fc85-SNAPSHOT.jar:0.5.0-201fc85-SNAPSHOT]
	at java.util.concurrent.CompletableFuture.uniComposeStage(CompletableFuture.java:981) ~[?:1.8.0_212]
	at java.util.concurrent.CompletableFuture.thenCompose(CompletableFuture.java:2124) ~[?:1.8.0_212]
	at org.apache.ratis.server.impl.RaftServerProxy.submitRequest(RaftServerProxy.java:327) ~[ratis-server-0.5.0-201fc85-SNAPSHOT.jar:0.5.0-201fc85-SNAPSHOT]
	at org.apache.ratis.server.impl.RaftServerProxy.submitClientRequestAsync(RaftServerProxy.java:333) ~[ratis-server-0.5.0-201fc85-SNAPSHOT.jar:0.5.0-201fc85-SNAPSHOT]
	at org.apache.ratis.grpc.client.GrpcClientProtocolService$RequestStreamObserver.processClientRequest(GrpcClientProtocolService.java:220) ~[ratis-grpc-0.5.0-201fc85-SNAPSHOT.jar:0.5.0-201fc85-SNAPSHOT]
	at org.apache.ratis.grpc.client.GrpcClientProtocolService$OrderedRequestStreamObserver.processClientRequest(GrpcClientProtocolService.java:326) ~[ratis-grpc-0.5.0-201fc85-SNAPSHOT.jar:0.5.0-201fc85-SNAPSHOT]
	at org.apache.ratis.util.SlidingWindow$Server.processRequestsFromHead(SlidingWindow.java:429) [ratis-common-0.5.0-201fc85-SNAPSHOT.jar:0.5.0-201fc85-SNAPSHOT]
	at org.apache.ratis.util.SlidingWindow$Server.receivedRequest(SlidingWindow.java:421) [ratis-common-0.5.0-201fc85-SNAPSHOT.jar:0.5.0-201fc85-SNAPSHOT]
	at org.apache.ratis.grpc.client.GrpcClientProtocolService$OrderedRequestStreamObserver.processClientRequest(GrpcClientProtocolService.java:345) [ratis-grpc-0.5.0-201fc85-SNAPSHOT.jar:0.5.0-201fc85-SNAPSHOT]
	at org.apache.ratis.grpc.client.GrpcClientProtocolService$RequestStreamObserver.onNext(GrpcClientProtocolService.java:240) [ratis-grpc-0.5.0-201fc85-SNAPSHOT.jar:0.5.0-201fc85-SNAPSHOT]
	at org.apache.ratis.grpc.client.GrpcClientProtocolService$RequestStreamObserver.onNext(GrpcClientProtocolService.java:168) [ratis-grpc-0.5.0-201fc85-SNAPSHOT.jar:0.5.0-201fc85-SNAPSHOT]
	at org.apache.ratis.thirdparty.io.grpc.stub.ServerCalls$StreamingServerCallHandler$StreamingServerCallListener.onMessage(ServerCalls.java:248) [ratis-thirdparty-misc-0.2.0.jar:0.2.0]
	at org.apache.ratis.thirdparty.io.grpc.internal.ServerCallImpl$ServerStreamListenerImpl.messagesAvailable(ServerCallImpl.java:263) [ratis-thirdparty-misc-0.2.0.jar:0.2.0]
	at org.apache.ratis.thirdparty.io.grpc.internal.ServerImpl$JumpToApplicationThreadServerStreamListener$1MessagesAvailable.runInContext(ServerImpl.java:686) [ratis-thirdparty-misc-0.2.0.jar:0.2.0]
	at org.apache.ratis.thirdparty.io.grpc.internal.ContextRunnable.run(ContextRunnable.java:37) [ratis-thirdparty-misc-0.2.0.jar:0.2.0]
	at org.apache.ratis.thirdparty.io.grpc.internal.SerializingExecutor.run(SerializingExecutor.java:123) [ratis-thirdparty-misc-0.2.0.jar:0.2.0]
	at java.util.concurrent.ThreadPoolExecutor.runWorker(ThreadPoolExecutor.java:1149) [?:1.8.0_212]
	at java.util.concurrent.ThreadPoolExecutor$Worker.run(ThreadPoolExecutor.java:624) [?:1.8.0_212]
	at java.lang.Thread.run(Thread.java:748) [?:1.8.0_212]
03:52:34.113 [grpc-default-executor-5] ERROR DNAudit - user=null | ip=null | op=WRITE_CHUNK {blockData=conID: 1 locID: 102924729261228045 bcsId: 14} | ret=FAILURE
org.apache.hadoop.hdds.scm.container.common.helpers.ContainerNotOpenException: Container 1 in CLOSING state
	at org.apache.hadoop.ozone.container.common.impl.HddsDispatcher.validateContainerCommand(HddsDispatcher.java:434) ~[hadoop-hdds-container-service-0.5.0-SNAPSHOT.jar:?]
	at org.apache.hadoop.ozone.container.common.transport.server.ratis.ContainerStateMachine.startTransaction(ContainerStateMachine.java:320) ~[hadoop-hdds-container-service-0.5.0-SNAPSHOT.jar:?]
	at org.apache.ratis.server.impl.RaftServerImpl.submitClientRequestAsync(RaftServerImpl.java:569) ~[ratis-server-0.5.0-201fc85-SNAPSHOT.jar:0.5.0-201fc85-SNAPSHOT]
	at org.apache.ratis.server.impl.RaftServerProxy.lambda$submitClientRequestAsync$7(RaftServerProxy.java:333) ~[ratis-server-0.5.0-201fc85-SNAPSHOT.jar:0.5.0-201fc85-SNAPSHOT]
	at org.apache.ratis.server.impl.RaftServerProxy.lambda$null$5(RaftServerProxy.java:328) ~[ratis-server-0.5.0-201fc85-SNAPSHOT.jar:0.5.0-201fc85-SNAPSHOT]
	at org.apache.ratis.util.JavaUtils.callAsUnchecked(JavaUtils.java:109) ~[ratis-common-0.5.0-201fc85-SNAPSHOT.jar:0.5.0-201fc85-SNAPSHOT]
	at org.apache.ratis.server.impl.RaftServerProxy.lambda$submitRequest$6(RaftServerProxy.java:328) ~[ratis-server-0.5.0-201fc85-SNAPSHOT.jar:0.5.0-201fc85-SNAPSHOT]
	at java.util.concurrent.CompletableFuture.uniComposeStage(CompletableFuture.java:981) ~[?:1.8.0_212]
	at java.util.concurrent.CompletableFuture.thenCompose(CompletableFuture.java:2124) ~[?:1.8.0_212]
	at org.apache.ratis.server.impl.RaftServerProxy.submitRequest(RaftServerProxy.java:327) ~[ratis-server-0.5.0-201fc85-SNAPSHOT.jar:0.5.0-201fc85-SNAPSHOT]
	at org.apache.ratis.server.impl.RaftServerProxy.submitClientRequestAsync(RaftServerProxy.java:333) ~[ratis-server-0.5.0-201fc85-SNAPSHOT.jar:0.5.0-201fc85-SNAPSHOT]
	at org.apache.ratis.grpc.client.GrpcClientProtocolService$RequestStreamObserver.processClientRequest(GrpcClientProtocolService.java:220) ~[ratis-grpc-0.5.0-201fc85-SNAPSHOT.jar:0.5.0-201fc85-SNAPSHOT]
	at org.apache.ratis.grpc.client.GrpcClientProtocolService$OrderedRequestStreamObserver.processClientRequest(GrpcClientProtocolService.java:326) ~[ratis-grpc-0.5.0-201fc85-SNAPSHOT.jar:0.5.0-201fc85-SNAPSHOT]
	at org.apache.ratis.util.SlidingWindow$Server.processRequestsFromHead(SlidingWindow.java:429) [ratis-common-0.5.0-201fc85-SNAPSHOT.jar:0.5.0-201fc85-SNAPSHOT]
	at org.apache.ratis.util.SlidingWindow$Server.receivedRequest(SlidingWindow.java:421) [ratis-common-0.5.0-201fc85-SNAPSHOT.jar:0.5.0-201fc85-SNAPSHOT]
	at org.apache.ratis.grpc.client.GrpcClientProtocolService$OrderedRequestStreamObserver.processClientRequest(GrpcClientProtocolService.java:345) [ratis-grpc-0.5.0-201fc85-SNAPSHOT.jar:0.5.0-201fc85-SNAPSHOT]
	at org.apache.ratis.grpc.client.GrpcClientProtocolService$RequestStreamObserver.onNext(GrpcClientProtocolService.java:240) [ratis-grpc-0.5.0-201fc85-SNAPSHOT.jar:0.5.0-201fc85-SNAPSHOT]
	at org.apache.ratis.grpc.client.GrpcClientProtocolService$RequestStreamObserver.onNext(GrpcClientProtocolService.java:168) [ratis-grpc-0.5.0-201fc85-SNAPSHOT.jar:0.5.0-201fc85-SNAPSHOT]
	at org.apache.ratis.thirdparty.io.grpc.stub.ServerCalls$StreamingServerCallHandler$StreamingServerCallListener.onMessage(ServerCalls.java:248) [ratis-thirdparty-misc-0.2.0.jar:0.2.0]
	at org.apache.ratis.thirdparty.io.grpc.internal.ServerCallImpl$ServerStreamListenerImpl.messagesAvailable(ServerCallImpl.java:263) [ratis-thirdparty-misc-0.2.0.jar:0.2.0]
	at org.apache.ratis.thirdparty.io.grpc.internal.ServerImpl$JumpToApplicationThreadServerStreamListener$1MessagesAvailable.runInContext(ServerImpl.java:686) [ratis-thirdparty-misc-0.2.0.jar:0.2.0]
	at org.apache.ratis.thirdparty.io.grpc.internal.ContextRunnable.run(ContextRunnable.java:37) [ratis-thirdparty-misc-0.2.0.jar:0.2.0]
	at org.apache.ratis.thirdparty.io.grpc.internal.SerializingExecutor.run(SerializingExecutor.java:123) [ratis-thirdparty-misc-0.2.0.jar:0.2.0]
	at java.util.concurrent.ThreadPoolExecutor.runWorker(ThreadPoolExecutor.java:1149) [?:1.8.0_212]
	at java.util.concurrent.ThreadPoolExecutor$Worker.run(ThreadPoolExecutor.java:624) [?:1.8.0_212]
	at java.lang.Thread.run(Thread.java:748) [?:1.8.0_212]
03:52:34.123 [grpc-default-executor-5] ERROR DNAudit - user=null | ip=null | op=PUT_BLOCK {blockData=[blockId=conID: 1 locID: 102924729261228045 bcsId: 0,size=650]} | ret=FAILURE
org.apache.hadoop.hdds.scm.container.common.helpers.ContainerNotOpenException: Container 1 in CLOSING state
	at org.apache.hadoop.ozone.container.common.impl.HddsDispatcher.validateContainerCommand(HddsDispatcher.java:434) ~[hadoop-hdds-container-service-0.5.0-SNAPSHOT.jar:?]
	at org.apache.hadoop.ozone.container.common.transport.server.ratis.ContainerStateMachine.startTransaction(ContainerStateMachine.java:320) ~[hadoop-hdds-container-service-0.5.0-SNAPSHOT.jar:?]
	at org.apache.ratis.server.impl.RaftServerImpl.submitClientRequestAsync(RaftServerImpl.java:569) ~[ratis-server-0.5.0-201fc85-SNAPSHOT.jar:0.5.0-201fc85-SNAPSHOT]
	at org.apache.ratis.server.impl.RaftServerProxy.lambda$submitClientRequestAsync$7(RaftServerProxy.java:333) ~[ratis-server-0.5.0-201fc85-SNAPSHOT.jar:0.5.0-201fc85-SNAPSHOT]
	at org.apache.ratis.server.impl.RaftServerProxy.lambda$null$5(RaftServerProxy.java:328) ~[ratis-server-0.5.0-201fc85-SNAPSHOT.jar:0.5.0-201fc85-SNAPSHOT]
	at org.apache.ratis.util.JavaUtils.callAsUnchecked(JavaUtils.java:109) ~[ratis-common-0.5.0-201fc85-SNAPSHOT.jar:0.5.0-201fc85-SNAPSHOT]
	at org.apache.ratis.server.impl.RaftServerProxy.lambda$submitRequest$6(RaftServerProxy.java:328) ~[ratis-server-0.5.0-201fc85-SNAPSHOT.jar:0.5.0-201fc85-SNAPSHOT]
	at java.util.concurrent.CompletableFuture.uniComposeStage(CompletableFuture.java:981) ~[?:1.8.0_212]
	at java.util.concurrent.CompletableFuture.thenCompose(CompletableFuture.java:2124) ~[?:1.8.0_212]
	at org.apache.ratis.server.impl.RaftServerProxy.submitRequest(RaftServerProxy.java:327) ~[ratis-server-0.5.0-201fc85-SNAPSHOT.jar:0.5.0-201fc85-SNAPSHOT]
	at org.apache.ratis.server.impl.RaftServerProxy.submitClientRequestAsync(RaftServerProxy.java:333) ~[ratis-server-0.5.0-201fc85-SNAPSHOT.jar:0.5.0-201fc85-SNAPSHOT]
	at org.apache.ratis.grpc.client.GrpcClientProtocolService$RequestStreamObserver.processClientRequest(GrpcClientProtocolService.java:220) ~[ratis-grpc-0.5.0-201fc85-SNAPSHOT.jar:0.5.0-201fc85-SNAPSHOT]
	at org.apache.ratis.grpc.client.GrpcClientProtocolService$OrderedRequestStreamObserver.processClientRequest(GrpcClientProtocolService.java:326) ~[ratis-grpc-0.5.0-201fc85-SNAPSHOT.jar:0.5.0-201fc85-SNAPSHOT]
	at org.apache.ratis.util.SlidingWindow$Server.processRequestsFromHead(SlidingWindow.java:429) [ratis-common-0.5.0-201fc85-SNAPSHOT.jar:0.5.0-201fc85-SNAPSHOT]
	at org.apache.ratis.util.SlidingWindow$Server.receivedRequest(SlidingWindow.java:421) [ratis-common-0.5.0-201fc85-SNAPSHOT.jar:0.5.0-201fc85-SNAPSHOT]
	at org.apache.ratis.grpc.client.GrpcClientProtocolService$OrderedRequestStreamObserver.processClientRequest(GrpcClientProtocolService.java:345) [ratis-grpc-0.5.0-201fc85-SNAPSHOT.jar:0.5.0-201fc85-SNAPSHOT]
	at org.apache.ratis.grpc.client.GrpcClientProtocolService$RequestStreamObserver.onNext(GrpcClientProtocolService.java:240) [ratis-grpc-0.5.0-201fc85-SNAPSHOT.jar:0.5.0-201fc85-SNAPSHOT]
	at org.apache.ratis.grpc.client.GrpcClientProtocolService$RequestStreamObserver.onNext(GrpcClientProtocolService.java:168) [ratis-grpc-0.5.0-201fc85-SNAPSHOT.jar:0.5.0-201fc85-SNAPSHOT]
	at org.apache.ratis.thirdparty.io.grpc.stub.ServerCalls$StreamingServerCallHandler$StreamingServerCallListener.onMessage(ServerCalls.java:248) [ratis-thirdparty-misc-0.2.0.jar:0.2.0]
	at org.apache.ratis.thirdparty.io.grpc.internal.ServerCallImpl$ServerStreamListenerImpl.messagesAvailable(ServerCallImpl.java:263) [ratis-thirdparty-misc-0.2.0.jar:0.2.0]
	at org.apache.ratis.thirdparty.io.grpc.internal.ServerImpl$JumpToApplicationThreadServerStreamListener$1MessagesAvailable.runInContext(ServerImpl.java:686) [ratis-thirdparty-misc-0.2.0.jar:0.2.0]
	at org.apache.ratis.thirdparty.io.grpc.internal.ContextRunnable.run(ContextRunnable.java:37) [ratis-thirdparty-misc-0.2.0.jar:0.2.0]
	at org.apache.ratis.thirdparty.io.grpc.internal.SerializingExecutor.run(SerializingExecutor.java:123) [ratis-thirdparty-misc-0.2.0.jar:0.2.0]
	at java.util.concurrent.ThreadPoolExecutor.runWorker(ThreadPoolExecutor.java:1149) [?:1.8.0_212]
	at java.util.concurrent.ThreadPoolExecutor$Worker.run(ThreadPoolExecutor.java:624) [?:1.8.0_212]
	at java.lang.Thread.run(Thread.java:748) [?:1.8.0_212]
03:52:34.129 [grpc-default-executor-5] ERROR DNAudit - user=null | ip=null | op=WRITE_CHUNK {blockData=conID: 1 locID: 102924729261228045 bcsId: 14} | ret=FAILURE
org.apache.hadoop.hdds.scm.container.common.helpers.ContainerNotOpenException: Container 1 in CLOSING state
	at org.apache.hadoop.ozone.container.common.impl.HddsDispatcher.validateContainerCommand(HddsDispatcher.java:434) ~[hadoop-hdds-container-service-0.5.0-SNAPSHOT.jar:?]
	at org.apache.hadoop.ozone.container.common.transport.server.ratis.ContainerStateMachine.startTransaction(ContainerStateMachine.java:320) ~[hadoop-hdds-container-service-0.5.0-SNAPSHOT.jar:?]
	at org.apache.ratis.server.impl.RaftServerImpl.submitClientRequestAsync(RaftServerImpl.java:569) ~[ratis-server-0.5.0-201fc85-SNAPSHOT.jar:0.5.0-201fc85-SNAPSHOT]
	at org.apache.ratis.server.impl.RaftServerProxy.lambda$submitClientRequestAsync$7(RaftServerProxy.java:333) ~[ratis-server-0.5.0-201fc85-SNAPSHOT.jar:0.5.0-201fc85-SNAPSHOT]
	at org.apache.ratis.server.impl.RaftServerProxy.lambda$null$5(RaftServerProxy.java:328) ~[ratis-server-0.5.0-201fc85-SNAPSHOT.jar:0.5.0-201fc85-SNAPSHOT]
	at org.apache.ratis.util.JavaUtils.callAsUnchecked(JavaUtils.java:109) ~[ratis-common-0.5.0-201fc85-SNAPSHOT.jar:0.5.0-201fc85-SNAPSHOT]
	at org.apache.ratis.server.impl.RaftServerProxy.lambda$submitRequest$6(RaftServerProxy.java:328) ~[ratis-server-0.5.0-201fc85-SNAPSHOT.jar:0.5.0-201fc85-SNAPSHOT]
	at java.util.concurrent.CompletableFuture.uniComposeStage(CompletableFuture.java:981) ~[?:1.8.0_212]
	at java.util.concurrent.CompletableFuture.thenCompose(CompletableFuture.java:2124) ~[?:1.8.0_212]
	at org.apache.ratis.server.impl.RaftServerProxy.submitRequest(RaftServerProxy.java:327) ~[ratis-server-0.5.0-201fc85-SNAPSHOT.jar:0.5.0-201fc85-SNAPSHOT]
	at org.apache.ratis.server.impl.RaftServerProxy.submitClientRequestAsync(RaftServerProxy.java:333) ~[ratis-server-0.5.0-201fc85-SNAPSHOT.jar:0.5.0-201fc85-SNAPSHOT]
	at org.apache.ratis.grpc.client.GrpcClientProtocolService$RequestStreamObserver.processClientRequest(GrpcClientProtocolService.java:220) ~[ratis-grpc-0.5.0-201fc85-SNAPSHOT.jar:0.5.0-201fc85-SNAPSHOT]
	at org.apache.ratis.grpc.client.GrpcClientProtocolService$OrderedRequestStreamObserver.processClientRequest(GrpcClientProtocolService.java:326) ~[ratis-grpc-0.5.0-201fc85-SNAPSHOT.jar:0.5.0-201fc85-SNAPSHOT]
	at org.apache.ratis.util.SlidingWindow$Server.processRequestsFromHead(SlidingWindow.java:429) [ratis-common-0.5.0-201fc85-SNAPSHOT.jar:0.5.0-201fc85-SNAPSHOT]
	at org.apache.ratis.util.SlidingWindow$Server.receivedRequest(SlidingWindow.java:421) [ratis-common-0.5.0-201fc85-SNAPSHOT.jar:0.5.0-201fc85-SNAPSHOT]
	at org.apache.ratis.grpc.client.GrpcClientProtocolService$OrderedRequestStreamObserver.processClientRequest(GrpcClientProtocolService.java:345) [ratis-grpc-0.5.0-201fc85-SNAPSHOT.jar:0.5.0-201fc85-SNAPSHOT]
	at org.apache.ratis.grpc.client.GrpcClientProtocolService$RequestStreamObserver.onNext(GrpcClientProtocolService.java:240) [ratis-grpc-0.5.0-201fc85-SNAPSHOT.jar:0.5.0-201fc85-SNAPSHOT]
	at org.apache.ratis.grpc.client.GrpcClientProtocolService$RequestStreamObserver.onNext(GrpcClientProtocolService.java:168) [ratis-grpc-0.5.0-201fc85-SNAPSHOT.jar:0.5.0-201fc85-SNAPSHOT]
	at org.apache.ratis.thirdparty.io.grpc.stub.ServerCalls$StreamingServerCallHandler$StreamingServerCallListener.onMessage(ServerCalls.java:248) [ratis-thirdparty-misc-0.2.0.jar:0.2.0]
	at org.apache.ratis.thirdparty.io.grpc.internal.ServerCallImpl$ServerStreamListenerImpl.messagesAvailable(ServerCallImpl.java:263) [ratis-thirdparty-misc-0.2.0.jar:0.2.0]
	at org.apache.ratis.thirdparty.io.grpc.internal.ServerImpl$JumpToApplicationThreadServerStreamListener$1MessagesAvailable.runInContext(ServerImpl.java:686) [ratis-thirdparty-misc-0.2.0.jar:0.2.0]
	at org.apache.ratis.thirdparty.io.grpc.internal.ContextRunnable.run(ContextRunnable.java:37) [ratis-thirdparty-misc-0.2.0.jar:0.2.0]
	at org.apache.ratis.thirdparty.io.grpc.internal.SerializingExecutor.run(SerializingExecutor.java:123) [ratis-thirdparty-misc-0.2.0.jar:0.2.0]
	at java.util.concurrent.ThreadPoolExecutor.runWorker(ThreadPoolExecutor.java:1149) [?:1.8.0_212]
	at java.util.concurrent.ThreadPoolExecutor$Worker.run(ThreadPoolExecutor.java:624) [?:1.8.0_212]
	at java.lang.Thread.run(Thread.java:748) [?:1.8.0_212]
03:52:34.135 [grpc-default-executor-5] ERROR DNAudit - user=null | ip=null | op=WRITE_CHUNK {blockData=conID: 1 locID: 102924729261228045 bcsId: 14} | ret=FAILURE
org.apache.hadoop.hdds.scm.container.common.helpers.ContainerNotOpenException: Container 1 in CLOSING state
	at org.apache.hadoop.ozone.container.common.impl.HddsDispatcher.validateContainerCommand(HddsDispatcher.java:434) ~[hadoop-hdds-container-service-0.5.0-SNAPSHOT.jar:?]
	at org.apache.hadoop.ozone.container.common.transport.server.ratis.ContainerStateMachine.startTransaction(ContainerStateMachine.java:320) ~[hadoop-hdds-container-service-0.5.0-SNAPSHOT.jar:?]
	at org.apache.ratis.server.impl.RaftServerImpl.submitClientRequestAsync(RaftServerImpl.java:569) ~[ratis-server-0.5.0-201fc85-SNAPSHOT.jar:0.5.0-201fc85-SNAPSHOT]
	at org.apache.ratis.server.impl.RaftServerProxy.lambda$submitClientRequestAsync$7(RaftServerProxy.java:333) ~[ratis-server-0.5.0-201fc85-SNAPSHOT.jar:0.5.0-201fc85-SNAPSHOT]
	at org.apache.ratis.server.impl.RaftServerProxy.lambda$null$5(RaftServerProxy.java:328) ~[ratis-server-0.5.0-201fc85-SNAPSHOT.jar:0.5.0-201fc85-SNAPSHOT]
	at org.apache.ratis.util.JavaUtils.callAsUnchecked(JavaUtils.java:109) ~[ratis-common-0.5.0-201fc85-SNAPSHOT.jar:0.5.0-201fc85-SNAPSHOT]
	at org.apache.ratis.server.impl.RaftServerProxy.lambda$submitRequest$6(RaftServerProxy.java:328) ~[ratis-server-0.5.0-201fc85-SNAPSHOT.jar:0.5.0-201fc85-SNAPSHOT]
	at java.util.concurrent.CompletableFuture.uniComposeStage(CompletableFuture.java:981) ~[?:1.8.0_212]
	at java.util.concurrent.CompletableFuture.thenCompose(CompletableFuture.java:2124) ~[?:1.8.0_212]
	at org.apache.ratis.server.impl.RaftServerProxy.submitRequest(RaftServerProxy.java:327) ~[ratis-server-0.5.0-201fc85-SNAPSHOT.jar:0.5.0-201fc85-SNAPSHOT]
	at org.apache.ratis.server.impl.RaftServerProxy.submitClientRequestAsync(RaftServerProxy.java:333) ~[ratis-server-0.5.0-201fc85-SNAPSHOT.jar:0.5.0-201fc85-SNAPSHOT]
	at org.apache.ratis.grpc.client.GrpcClientProtocolService$RequestStreamObserver.processClientRequest(GrpcClientProtocolService.java:220) ~[ratis-grpc-0.5.0-201fc85-SNAPSHOT.jar:0.5.0-201fc85-SNAPSHOT]
	at org.apache.ratis.grpc.client.GrpcClientProtocolService$OrderedRequestStreamObserver.processClientRequest(GrpcClientProtocolService.java:326) ~[ratis-grpc-0.5.0-201fc85-SNAPSHOT.jar:0.5.0-201fc85-SNAPSHOT]
	at org.apache.ratis.util.SlidingWindow$Server.processRequestsFromHead(SlidingWindow.java:429) [ratis-common-0.5.0-201fc85-SNAPSHOT.jar:0.5.0-201fc85-SNAPSHOT]
	at org.apache.ratis.util.SlidingWindow$Server.receivedRequest(SlidingWindow.java:421) [ratis-common-0.5.0-201fc85-SNAPSHOT.jar:0.5.0-201fc85-SNAPSHOT]
	at org.apache.ratis.grpc.client.GrpcClientProtocolService$OrderedRequestStreamObserver.processClientRequest(GrpcClientProtocolService.java:345) [ratis-grpc-0.5.0-201fc85-SNAPSHOT.jar:0.5.0-201fc85-SNAPSHOT]
	at org.apache.ratis.grpc.client.GrpcClientProtocolService$RequestStreamObserver.onNext(GrpcClientProtocolService.java:240) [ratis-grpc-0.5.0-201fc85-SNAPSHOT.jar:0.5.0-201fc85-SNAPSHOT]
	at org.apache.ratis.grpc.client.GrpcClientProtocolService$RequestStreamObserver.onNext(GrpcClientProtocolService.java:168) [ratis-grpc-0.5.0-201fc85-SNAPSHOT.jar:0.5.0-201fc85-SNAPSHOT]
	at org.apache.ratis.thirdparty.io.grpc.stub.ServerCalls$StreamingServerCallHandler$StreamingServerCallListener.onMessage(ServerCalls.java:248) [ratis-thirdparty-misc-0.2.0.jar:0.2.0]
	at org.apache.ratis.thirdparty.io.grpc.internal.ServerCallImpl$ServerStreamListenerImpl.messagesAvailable(ServerCallImpl.java:263) [ratis-thirdparty-misc-0.2.0.jar:0.2.0]
	at org.apache.ratis.thirdparty.io.grpc.internal.ServerImpl$JumpToApplicationThreadServerStreamListener$1MessagesAvailable.runInContext(ServerImpl.java:686) [ratis-thirdparty-misc-0.2.0.jar:0.2.0]
	at org.apache.ratis.thirdparty.io.grpc.internal.ContextRunnable.run(ContextRunnable.java:37) [ratis-thirdparty-misc-0.2.0.jar:0.2.0]
	at org.apache.ratis.thirdparty.io.grpc.internal.SerializingExecutor.run(SerializingExecutor.java:123) [ratis-thirdparty-misc-0.2.0.jar:0.2.0]
	at java.util.concurrent.ThreadPoolExecutor.runWorker(ThreadPoolExecutor.java:1149) [?:1.8.0_212]
	at java.util.concurrent.ThreadPoolExecutor$Worker.run(ThreadPoolExecutor.java:624) [?:1.8.0_212]
	at java.lang.Thread.run(Thread.java:748) [?:1.8.0_212]
03:52:34.142 [grpc-default-executor-5] ERROR DNAudit - user=null | ip=null | op=PUT_BLOCK {blockData=[blockId=conID: 1 locID: 102924729261228045 bcsId: 0,size=800]} | ret=FAILURE
org.apache.hadoop.hdds.scm.container.common.helpers.ContainerNotOpenException: Container 1 in CLOSING state
	at org.apache.hadoop.ozone.container.common.impl.HddsDispatcher.validateContainerCommand(HddsDispatcher.java:434) ~[hadoop-hdds-container-service-0.5.0-SNAPSHOT.jar:?]
	at org.apache.hadoop.ozone.container.common.transport.server.ratis.ContainerStateMachine.startTransaction(ContainerStateMachine.java:320) ~[hadoop-hdds-container-service-0.5.0-SNAPSHOT.jar:?]
	at org.apache.ratis.server.impl.RaftServerImpl.submitClientRequestAsync(RaftServerImpl.java:569) ~[ratis-server-0.5.0-201fc85-SNAPSHOT.jar:0.5.0-201fc85-SNAPSHOT]
	at org.apache.ratis.server.impl.RaftServerProxy.lambda$submitClientRequestAsync$7(RaftServerProxy.java:333) ~[ratis-server-0.5.0-201fc85-SNAPSHOT.jar:0.5.0-201fc85-SNAPSHOT]
	at org.apache.ratis.server.impl.RaftServerProxy.lambda$null$5(RaftServerProxy.java:328) ~[ratis-server-0.5.0-201fc85-SNAPSHOT.jar:0.5.0-201fc85-SNAPSHOT]
	at org.apache.ratis.util.JavaUtils.callAsUnchecked(JavaUtils.java:109) ~[ratis-common-0.5.0-201fc85-SNAPSHOT.jar:0.5.0-201fc85-SNAPSHOT]
	at org.apache.ratis.server.impl.RaftServerProxy.lambda$submitRequest$6(RaftServerProxy.java:328) ~[ratis-server-0.5.0-201fc85-SNAPSHOT.jar:0.5.0-201fc85-SNAPSHOT]
	at java.util.concurrent.CompletableFuture.uniComposeStage(CompletableFuture.java:981) ~[?:1.8.0_212]
	at java.util.concurrent.CompletableFuture.thenCompose(CompletableFuture.java:2124) ~[?:1.8.0_212]
	at org.apache.ratis.server.impl.RaftServerProxy.submitRequest(RaftServerProxy.java:327) ~[ratis-server-0.5.0-201fc85-SNAPSHOT.jar:0.5.0-201fc85-SNAPSHOT]
	at org.apache.ratis.server.impl.RaftServerProxy.submitClientRequestAsync(RaftServerProxy.java:333) ~[ratis-server-0.5.0-201fc85-SNAPSHOT.jar:0.5.0-201fc85-SNAPSHOT]
	at org.apache.ratis.grpc.client.GrpcClientProtocolService$RequestStreamObserver.processClientRequest(GrpcClientProtocolService.java:220) ~[ratis-grpc-0.5.0-201fc85-SNAPSHOT.jar:0.5.0-201fc85-SNAPSHOT]
	at org.apache.ratis.grpc.client.GrpcClientProtocolService$OrderedRequestStreamObserver.processClientRequest(GrpcClientProtocolService.java:326) ~[ratis-grpc-0.5.0-201fc85-SNAPSHOT.jar:0.5.0-201fc85-SNAPSHOT]
	at org.apache.ratis.util.SlidingWindow$Server.processRequestsFromHead(SlidingWindow.java:429) [ratis-common-0.5.0-201fc85-SNAPSHOT.jar:0.5.0-201fc85-SNAPSHOT]
	at org.apache.ratis.util.SlidingWindow$Server.receivedRequest(SlidingWindow.java:421) [ratis-common-0.5.0-201fc85-SNAPSHOT.jar:0.5.0-201fc85-SNAPSHOT]
	at org.apache.ratis.grpc.client.GrpcClientProtocolService$OrderedRequestStreamObserver.processClientRequest(GrpcClientProtocolService.java:345) [ratis-grpc-0.5.0-201fc85-SNAPSHOT.jar:0.5.0-201fc85-SNAPSHOT]
	at org.apache.ratis.grpc.client.GrpcClientProtocolService$RequestStreamObserver.onNext(GrpcClientProtocolService.java:240) [ratis-grpc-0.5.0-201fc85-SNAPSHOT.jar:0.5.0-201fc85-SNAPSHOT]
	at org.apache.ratis.grpc.client.GrpcClientProtocolService$RequestStreamObserver.onNext(GrpcClientProtocolService.java:168) [ratis-grpc-0.5.0-201fc85-SNAPSHOT.jar:0.5.0-201fc85-SNAPSHOT]
	at org.apache.ratis.thirdparty.io.grpc.stub.ServerCalls$StreamingServerCallHandler$StreamingServerCallListener.onMessage(ServerCalls.java:248) [ratis-thirdparty-misc-0.2.0.jar:0.2.0]
	at org.apache.ratis.thirdparty.io.grpc.internal.ServerCallImpl$ServerStreamListenerImpl.messagesAvailable(ServerCallImpl.java:263) [ratis-thirdparty-misc-0.2.0.jar:0.2.0]
	at org.apache.ratis.thirdparty.io.grpc.internal.ServerImpl$JumpToApplicationThreadServerStreamListener$1MessagesAvailable.runInContext(ServerImpl.java:686) [ratis-thirdparty-misc-0.2.0.jar:0.2.0]
	at org.apache.ratis.thirdparty.io.grpc.internal.ContextRunnable.run(ContextRunnable.java:37) [ratis-thirdparty-misc-0.2.0.jar:0.2.0]
	at org.apache.ratis.thirdparty.io.grpc.internal.SerializingExecutor.run(SerializingExecutor.java:123) [ratis-thirdparty-misc-0.2.0.jar:0.2.0]
	at java.util.concurrent.ThreadPoolExecutor.runWorker(ThreadPoolExecutor.java:1149) [?:1.8.0_212]
	at java.util.concurrent.ThreadPoolExecutor$Worker.run(ThreadPoolExecutor.java:624) [?:1.8.0_212]
	at java.lang.Thread.run(Thread.java:748) [?:1.8.0_212]
2019-10-08 03:52:35,681 [main] WARN  scm.XceiverClientRatis (XceiverClientRatis.java:watchForCommit(269)) - 3 way commit failed on pipeline Pipeline[ Id: 726212e2-326b-4afd-8cea-613219b09ffd, Nodes: 2d498c71-865b-4173-9483-847e0f5f0e11{ip: 192.168.151.83, host: pr-hdds-2217-jqnfv-3133698562, networkLocation: /default-rack, certSerialId: null}1f3a770e-e5ec-441a-afb4-472a8b96c489{ip: 192.168.151.83, host: pr-hdds-2217-jqnfv-3133698562, networkLocation: /default-rack, certSerialId: null}d458369f-b65d-46d3-806a-6076be0425d4{ip: 192.168.151.83, host: pr-hdds-2217-jqnfv-3133698562, networkLocation: /default-rack, certSerialId: null}, Type:RATIS, Factor:THREE, State:OPEN]
java.util.concurrent.TimeoutException
	at java.util.concurrent.CompletableFuture.timedGet(CompletableFuture.java:1771)
	at java.util.concurrent.CompletableFuture.get(CompletableFuture.java:1915)
	at org.apache.hadoop.hdds.scm.XceiverClientRatis.watchForCommit(XceiverClientRatis.java:266)
	at org.apache.hadoop.hdds.scm.storage.CommitWatcher.watchForCommit(CommitWatcher.java:194)
	at org.apache.hadoop.hdds.scm.storage.CommitWatcher.watchOnLastIndex(CommitWatcher.java:157)
	at org.apache.hadoop.hdds.scm.storage.BlockOutputStream.watchForCommit(BlockOutputStream.java:347)
	at org.apache.hadoop.hdds.scm.storage.BlockOutputStream.handleFlush(BlockOutputStream.java:479)
	at org.apache.hadoop.hdds.scm.storage.BlockOutputStream.flush(BlockOutputStream.java:428)
	at org.apache.hadoop.ozone.client.io.BlockOutputStreamEntry.flush(BlockOutputStreamEntry.java:136)
	at org.apache.hadoop.ozone.client.io.KeyOutputStream.handleFlushOrClose(KeyOutputStream.java:443)
	at org.apache.hadoop.ozone.client.io.KeyOutputStream.flush(KeyOutputStream.java:397)
	at org.apache.hadoop.ozone.client.io.OzoneOutputStream.flush(OzoneOutputStream.java:54)
	at org.apache.hadoop.ozone.client.rpc.TestBlockOutputStreamWithFailures.testWatchForCommitDatanodeFailure(TestBlockOutputStreamWithFailures.java:365)
	at sun.reflect.NativeMethodAccessorImpl.invoke0(Native Method)
	at sun.reflect.NativeMethodAccessorImpl.invoke(NativeMethodAccessorImpl.java:62)
	at sun.reflect.DelegatingMethodAccessorImpl.invoke(DelegatingMethodAccessorImpl.java:43)
	at java.lang.reflect.Method.invoke(Method.java:498)
	at org.junit.runners.model.FrameworkMethod$1.runReflectiveCall(FrameworkMethod.java:47)
	at org.junit.internal.runners.model.ReflectiveCallable.run(ReflectiveCallable.java:12)
	at org.junit.runners.model.FrameworkMethod.invokeExplosively(FrameworkMethod.java:44)
	at org.junit.internal.runners.statements.InvokeMethod.evaluate(InvokeMethod.java:17)
	at org.junit.internal.runners.statements.RunBefores.evaluate(RunBefores.java:26)
	at org.junit.internal.runners.statements.RunAfters.evaluate(RunAfters.java:27)
	at org.junit.runners.ParentRunner.runLeaf(ParentRunner.java:271)
	at org.junit.runners.BlockJUnit4ClassRunner.runChild(BlockJUnit4ClassRunner.java:70)
	at org.junit.runners.BlockJUnit4ClassRunner.runChild(BlockJUnit4ClassRunner.java:50)
	at org.junit.runners.ParentRunner$3.run(ParentRunner.java:238)
	at org.junit.runners.ParentRunner$1.schedule(ParentRunner.java:63)
	at org.junit.runners.ParentRunner.runChildren(ParentRunner.java:236)
	at org.junit.runners.ParentRunner.access$000(ParentRunner.java:53)
	at org.junit.runners.ParentRunner$2.evaluate(ParentRunner.java:229)
	at org.junit.runners.ParentRunner.run(ParentRunner.java:309)
	at org.apache.maven.surefire.junit4.JUnit4Provider.execute(JUnit4Provider.java:365)
	at org.apache.maven.surefire.junit4.JUnit4Provider.executeWithRerun(JUnit4Provider.java:273)
	at org.apache.maven.surefire.junit4.JUnit4Provider.executeTestSet(JUnit4Provider.java:238)
	at org.apache.maven.surefire.junit4.JUnit4Provider.invoke(JUnit4Provider.java:159)
	at org.apache.maven.surefire.booter.ForkedBooter.invokeProviderInSameClassLoader(ForkedBooter.java:384)
	at org.apache.maven.surefire.booter.ForkedBooter.runSuitesInProcess(ForkedBooter.java:345)
	at org.apache.maven.surefire.booter.ForkedBooter.execute(ForkedBooter.java:126)
	at org.apache.maven.surefire.booter.ForkedBooter.main(ForkedBooter.java:418)
2019-10-08 03:52:36,063 [grpc-default-executor-10] WARN  server.GrpcLogAppender (LogUtils.java:warn(134)) - 89453ef1-964b-45ae-849c-d802d4dd61c8@group-12291FDC6714->f5673c71-2777-46e9-9e6f-25a508b41700-AppendLogResponseHandler: Failed appendEntries: org.apache.ratis.thirdparty.io.grpc.StatusRuntimeException: UNAVAILABLE: io exception
2019-10-08 03:52:36,064 [grpc-default-executor-10] INFO  impl.FollowerInfo (FollowerInfo.java:lambda$new$0(51)) - 89453ef1-964b-45ae-849c-d802d4dd61c8@group-12291FDC6714->f5673c71-2777-46e9-9e6f-25a508b41700: nextIndex: updateUnconditionally 1 -> 0
2019-10-08 03:52:36,688 [main] WARN  storage.CommitWatcher (CommitWatcher.java:watchForCommit(203)) - watchForCommit failed for index 14
java.util.concurrent.TimeoutException
	at java.util.concurrent.CompletableFuture.timedGet(CompletableFuture.java:1771)
	at java.util.concurrent.CompletableFuture.get(CompletableFuture.java:1915)
	at org.apache.hadoop.hdds.scm.XceiverClientRatis.watchForCommit(XceiverClientRatis.java:275)
	at org.apache.hadoop.hdds.scm.storage.CommitWatcher.watchForCommit(CommitWatcher.java:194)
	at org.apache.hadoop.hdds.scm.storage.CommitWatcher.watchOnLastIndex(CommitWatcher.java:157)
	at org.apache.hadoop.hdds.scm.storage.BlockOutputStream.watchForCommit(BlockOutputStream.java:347)
	at org.apache.hadoop.hdds.scm.storage.BlockOutputStream.handleFlush(BlockOutputStream.java:479)
	at org.apache.hadoop.hdds.scm.storage.BlockOutputStream.flush(BlockOutputStream.java:428)
	at org.apache.hadoop.ozone.client.io.BlockOutputStreamEntry.flush(BlockOutputStreamEntry.java:136)
	at org.apache.hadoop.ozone.client.io.KeyOutputStream.handleFlushOrClose(KeyOutputStream.java:443)
	at org.apache.hadoop.ozone.client.io.KeyOutputStream.flush(KeyOutputStream.java:397)
	at org.apache.hadoop.ozone.client.io.OzoneOutputStream.flush(OzoneOutputStream.java:54)
	at org.apache.hadoop.ozone.client.rpc.TestBlockOutputStreamWithFailures.testWatchForCommitDatanodeFailure(TestBlockOutputStreamWithFailures.java:365)
	at sun.reflect.NativeMethodAccessorImpl.invoke0(Native Method)
	at sun.reflect.NativeMethodAccessorImpl.invoke(NativeMethodAccessorImpl.java:62)
	at sun.reflect.DelegatingMethodAccessorImpl.invoke(DelegatingMethodAccessorImpl.java:43)
	at java.lang.reflect.Method.invoke(Method.java:498)
	at org.junit.runners.model.FrameworkMethod$1.runReflectiveCall(FrameworkMethod.java:47)
	at org.junit.internal.runners.model.ReflectiveCallable.run(ReflectiveCallable.java:12)
	at org.junit.runners.model.FrameworkMethod.invokeExplosively(FrameworkMethod.java:44)
	at org.junit.internal.runners.statements.InvokeMethod.evaluate(InvokeMethod.java:17)
	at org.junit.internal.runners.statements.RunBefores.evaluate(RunBefores.java:26)
	at org.junit.internal.runners.statements.RunAfters.evaluate(RunAfters.java:27)
	at org.junit.runners.ParentRunner.runLeaf(ParentRunner.java:271)
	at org.junit.runners.BlockJUnit4ClassRunner.runChild(BlockJUnit4ClassRunner.java:70)
	at org.junit.runners.BlockJUnit4ClassRunner.runChild(BlockJUnit4ClassRunner.java:50)
	at org.junit.runners.ParentRunner$3.run(ParentRunner.java:238)
	at org.junit.runners.ParentRunner$1.schedule(ParentRunner.java:63)
	at org.junit.runners.ParentRunner.runChildren(ParentRunner.java:236)
	at org.junit.runners.ParentRunner.access$000(ParentRunner.java:53)
	at org.junit.runners.ParentRunner$2.evaluate(ParentRunner.java:229)
	at org.junit.runners.ParentRunner.run(ParentRunner.java:309)
	at org.apache.maven.surefire.junit4.JUnit4Provider.execute(JUnit4Provider.java:365)
	at org.apache.maven.surefire.junit4.JUnit4Provider.executeWithRerun(JUnit4Provider.java:273)
	at org.apache.maven.surefire.junit4.JUnit4Provider.executeTestSet(JUnit4Provider.java:238)
	at org.apache.maven.surefire.junit4.JUnit4Provider.invoke(JUnit4Provider.java:159)
	at org.apache.maven.surefire.booter.ForkedBooter.invokeProviderInSameClassLoader(ForkedBooter.java:384)
	at org.apache.maven.surefire.booter.ForkedBooter.runSuitesInProcess(ForkedBooter.java:345)
	at org.apache.maven.surefire.booter.ForkedBooter.execute(ForkedBooter.java:126)
	at org.apache.maven.surefire.booter.ForkedBooter.main(ForkedBooter.java:418)
2019-10-08 03:52:36,693 [main] WARN  io.KeyOutputStream (KeyOutputStream.java:handleException(274)) - Encountered exception java.io.IOException: Unexpected Storage Container Exception: java.io.IOException: Unexpected Storage Container Exception: java.util.concurrent.TimeoutException on the pipeline Pipeline[ Id: 726212e2-326b-4afd-8cea-613219b09ffd, Nodes: 2d498c71-865b-4173-9483-847e0f5f0e11{ip: 192.168.151.83, host: pr-hdds-2217-jqnfv-3133698562, networkLocation: /default-rack, certSerialId: null}1f3a770e-e5ec-441a-afb4-472a8b96c489{ip: 192.168.151.83, host: pr-hdds-2217-jqnfv-3133698562, networkLocation: /default-rack, certSerialId: null}d458369f-b65d-46d3-806a-6076be0425d4{ip: 192.168.151.83, host: pr-hdds-2217-jqnfv-3133698562, networkLocation: /default-rack, certSerialId: null}, Type:RATIS, Factor:THREE, State:OPEN]. The last committed block length is 400, uncommitted data length is 50 retry count 0
2019-10-08 03:52:36,730 [grpc-default-executor-10] INFO  impl.RaftServerProxy (RaftServerProxy.java:addNew(89)) - de700667-c827-4507-9d64-7cee8175844f: addNew group-5CD242095470:[de700667-c827-4507-9d64-7cee8175844f:192.168.151.83:39345, 89453ef1-964b-45ae-849c-d802d4dd61c8:192.168.151.83:34073, 970b5dc6-3c50-4c82-87dc-aa8302030428:192.168.151.83:34096] returns group-5CD242095470:java.util.concurrent.CompletableFuture@755f64e4[Not completed]
2019-10-08 03:52:36,730 [grpc-default-executor-9] INFO  impl.RaftServerProxy (RaftServerProxy.java:addNew(89)) - 89453ef1-964b-45ae-849c-d802d4dd61c8: addNew group-5CD242095470:[de700667-c827-4507-9d64-7cee8175844f:192.168.151.83:39345, 89453ef1-964b-45ae-849c-d802d4dd61c8:192.168.151.83:34073, 970b5dc6-3c50-4c82-87dc-aa8302030428:192.168.151.83:34096] returns group-5CD242095470:java.util.concurrent.CompletableFuture@252ab5cc[Not completed]
2019-10-08 03:52:36,730 [grpc-default-executor-5] INFO  impl.RaftServerProxy (RaftServerProxy.java:addNew(89)) - 970b5dc6-3c50-4c82-87dc-aa8302030428: addNew group-5CD242095470:[de700667-c827-4507-9d64-7cee8175844f:192.168.151.83:39345, 89453ef1-964b-45ae-849c-d802d4dd61c8:192.168.151.83:34073, 970b5dc6-3c50-4c82-87dc-aa8302030428:192.168.151.83:34096] returns group-5CD242095470:java.util.concurrent.CompletableFuture@4e67f519[Not completed]
2019-10-08 03:52:36,736 [pool-459-thread-1] INFO  impl.RaftServerImpl (RaftServerImpl.java:<init>(95)) - 89453ef1-964b-45ae-849c-d802d4dd61c8: new RaftServerImpl for group-5CD242095470:[de700667-c827-4507-9d64-7cee8175844f:192.168.151.83:39345, 89453ef1-964b-45ae-849c-d802d4dd61c8:192.168.151.83:34073, 970b5dc6-3c50-4c82-87dc-aa8302030428:192.168.151.83:34096] with ContainerStateMachine:uninitialized
2019-10-08 03:52:36,736 [pool-459-thread-1] INFO  server.RaftServerConfigKeys (ConfUtils.java:logGet(43)) - raft.server.rpc.timeout.min = 5s (custom)
2019-10-08 03:52:36,736 [pool-459-thread-1] INFO  server.RaftServerConfigKeys (ConfUtils.java:logGet(43)) - raft.server.rpc.timeout.max = 5200ms (custom)
2019-10-08 03:52:36,736 [pool-459-thread-1] INFO  server.RaftServerConfigKeys (ConfUtils.java:logGet(43)) - raft.server.rpcslowness.timeout = 120s (custom)
2019-10-08 03:52:36,736 [pool-459-thread-1] INFO  server.RaftServerConfigKeys (ConfUtils.java:logGet(43)) - raft.server.sleep.deviation.threshold = 300 (default)
2019-10-08 03:52:36,736 [pool-419-thread-1] INFO  impl.RaftServerImpl (RaftServerImpl.java:<init>(95)) - de700667-c827-4507-9d64-7cee8175844f: new RaftServerImpl for group-5CD242095470:[de700667-c827-4507-9d64-7cee8175844f:192.168.151.83:39345, 89453ef1-964b-45ae-849c-d802d4dd61c8:192.168.151.83:34073, 970b5dc6-3c50-4c82-87dc-aa8302030428:192.168.151.83:34096] with ContainerStateMachine:uninitialized
2019-10-08 03:52:36,736 [pool-459-thread-1] INFO  server.RaftServerConfigKeys (ConfUtils.java:logGet(43)) - raft.server.log.appender.install.snapshot.enabled = false (custom)
2019-10-08 03:52:36,736 [pool-419-thread-1] INFO  server.RaftServerConfigKeys (ConfUtils.java:logGet(43)) - raft.server.rpc.timeout.min = 5s (custom)
2019-10-08 03:52:36,737 [pool-459-thread-1] INFO  impl.RaftServerImpl (ServerState.java:<init>(103)) - 89453ef1-964b-45ae-849c-d802d4dd61c8@group-5CD242095470: ConfigurationManager, init=-1: [de700667-c827-4507-9d64-7cee8175844f:192.168.151.83:39345, 89453ef1-964b-45ae-849c-d802d4dd61c8:192.168.151.83:34073, 970b5dc6-3c50-4c82-87dc-aa8302030428:192.168.151.83:34096], old=null, confs=<EMPTY_MAP>
2019-10-08 03:52:36,737 [pool-419-thread-1] INFO  server.RaftServerConfigKeys (ConfUtils.java:logGet(43)) - raft.server.rpc.timeout.max = 5200ms (custom)
2019-10-08 03:52:36,737 [pool-459-thread-1] INFO  server.RaftServerConfigKeys (ConfUtils.java:logGet(43)) - raft.server.storage.dir = [/workdir/hadoop-ozone/integration-test/target/test-dir/MiniOzoneClusterImpl-a9be05cf-aef7-47c4-a115-9f43cc1793f2/datanode-5/data/ratis] (custom)
2019-10-08 03:52:36,737 [pool-469-thread-1] INFO  impl.RaftServerImpl (RaftServerImpl.java:<init>(95)) - 970b5dc6-3c50-4c82-87dc-aa8302030428: new RaftServerImpl for group-5CD242095470:[de700667-c827-4507-9d64-7cee8175844f:192.168.151.83:39345, 89453ef1-964b-45ae-849c-d802d4dd61c8:192.168.151.83:34073, 970b5dc6-3c50-4c82-87dc-aa8302030428:192.168.151.83:34096] with ContainerStateMachine:uninitialized
2019-10-08 03:52:36,737 [pool-419-thread-1] INFO  server.RaftServerConfigKeys (ConfUtils.java:logGet(43)) - raft.server.rpcslowness.timeout = 120s (custom)
2019-10-08 03:52:36,737 [pool-459-thread-1] INFO  server.RaftServerConfigKeys (ConfUtils.java:logGet(43)) - raft.server.log.corruption.policy = EXCEPTION (default)
2019-10-08 03:52:36,737 [pool-469-thread-1] INFO  server.RaftServerConfigKeys (ConfUtils.java:logGet(43)) - raft.server.rpc.timeout.min = 5s (custom)
2019-10-08 03:52:36,737 [pool-419-thread-1] INFO  server.RaftServerConfigKeys (ConfUtils.java:logGet(43)) - raft.server.sleep.deviation.threshold = 300 (default)
2019-10-08 03:52:36,737 [pool-469-thread-1] INFO  server.RaftServerConfigKeys (ConfUtils.java:logGet(43)) - raft.server.rpc.timeout.max = 5200ms (custom)
2019-10-08 03:52:36,737 [pool-459-thread-1] INFO  storage.RaftStorageDirectory (RaftStorageDirectory.java:analyzeStorage(246)) - The storage directory /workdir/hadoop-ozone/integration-test/target/test-dir/MiniOzoneClusterImpl-a9be05cf-aef7-47c4-a115-9f43cc1793f2/datanode-5/data/ratis/45ce00b3-6fd1-41f1-9abd-5cd242095470 does not exist. Creating ...
2019-10-08 03:52:36,738 [pool-469-thread-1] INFO  server.RaftServerConfigKeys (ConfUtils.java:logGet(43)) - raft.server.rpcslowness.timeout = 120s (custom)
2019-10-08 03:52:36,737 [pool-419-thread-1] INFO  server.RaftServerConfigKeys (ConfUtils.java:logGet(43)) - raft.server.log.appender.install.snapshot.enabled = false (custom)
2019-10-08 03:52:36,738 [pool-469-thread-1] INFO  server.RaftServerConfigKeys (ConfUtils.java:logGet(43)) - raft.server.sleep.deviation.threshold = 300 (default)
2019-10-08 03:52:36,738 [pool-419-thread-1] INFO  impl.RaftServerImpl (ServerState.java:<init>(103)) - de700667-c827-4507-9d64-7cee8175844f@group-5CD242095470: ConfigurationManager, init=-1: [de700667-c827-4507-9d64-7cee8175844f:192.168.151.83:39345, 89453ef1-964b-45ae-849c-d802d4dd61c8:192.168.151.83:34073, 970b5dc6-3c50-4c82-87dc-aa8302030428:192.168.151.83:34096], old=null, confs=<EMPTY_MAP>
2019-10-08 03:52:36,738 [pool-469-thread-1] INFO  server.RaftServerConfigKeys (ConfUtils.java:logGet(43)) - raft.server.log.appender.install.snapshot.enabled = false (custom)
2019-10-08 03:52:36,738 [pool-419-thread-1] INFO  server.RaftServerConfigKeys (ConfUtils.java:logGet(43)) - raft.server.storage.dir = [/workdir/hadoop-ozone/integration-test/target/test-dir/MiniOzoneClusterImpl-a9be05cf-aef7-47c4-a115-9f43cc1793f2/datanode-1/data/ratis] (custom)
2019-10-08 03:52:36,738 [pool-469-thread-1] INFO  impl.RaftServerImpl (ServerState.java:<init>(103)) - 970b5dc6-3c50-4c82-87dc-aa8302030428@group-5CD242095470: ConfigurationManager, init=-1: [de700667-c827-4507-9d64-7cee8175844f:192.168.151.83:39345, 89453ef1-964b-45ae-849c-d802d4dd61c8:192.168.151.83:34073, 970b5dc6-3c50-4c82-87dc-aa8302030428:192.168.151.83:34096], old=null, confs=<EMPTY_MAP>
2019-10-08 03:52:36,739 [pool-469-thread-1] INFO  server.RaftServerConfigKeys (ConfUtils.java:logGet(43)) - raft.server.storage.dir = [/workdir/hadoop-ozone/integration-test/target/test-dir/MiniOzoneClusterImpl-a9be05cf-aef7-47c4-a115-9f43cc1793f2/datanode-6/data/ratis] (custom)
2019-10-08 03:52:36,739 [pool-419-thread-1] INFO  server.RaftServerConfigKeys (ConfUtils.java:logGet(43)) - raft.server.log.corruption.policy = EXCEPTION (default)
2019-10-08 03:52:36,739 [pool-469-thread-1] INFO  server.RaftServerConfigKeys (ConfUtils.java:logGet(43)) - raft.server.log.corruption.policy = EXCEPTION (default)
2019-10-08 03:52:36,739 [pool-419-thread-1] INFO  storage.RaftStorageDirectory (RaftStorageDirectory.java:analyzeStorage(246)) - The storage directory /workdir/hadoop-ozone/integration-test/target/test-dir/MiniOzoneClusterImpl-a9be05cf-aef7-47c4-a115-9f43cc1793f2/datanode-1/data/ratis/45ce00b3-6fd1-41f1-9abd-5cd242095470 does not exist. Creating ...
2019-10-08 03:52:36,739 [pool-469-thread-1] INFO  storage.RaftStorageDirectory (RaftStorageDirectory.java:analyzeStorage(246)) - The storage directory /workdir/hadoop-ozone/integration-test/target/test-dir/MiniOzoneClusterImpl-a9be05cf-aef7-47c4-a115-9f43cc1793f2/datanode-6/data/ratis/45ce00b3-6fd1-41f1-9abd-5cd242095470 does not exist. Creating ...
2019-10-08 03:52:36,764 [pool-419-thread-1] INFO  storage.RaftStorageDirectory (RaftStorageDirectory.java:tryLock(328)) - Lock on /workdir/hadoop-ozone/integration-test/target/test-dir/MiniOzoneClusterImpl-a9be05cf-aef7-47c4-a115-9f43cc1793f2/datanode-1/data/ratis/45ce00b3-6fd1-41f1-9abd-5cd242095470/in_use.lock acquired by nodename 23383@pr-hdds-2217-jqnfv-3133698562
2019-10-08 03:52:36,764 [pool-459-thread-1] INFO  storage.RaftStorageDirectory (RaftStorageDirectory.java:tryLock(328)) - Lock on /workdir/hadoop-ozone/integration-test/target/test-dir/MiniOzoneClusterImpl-a9be05cf-aef7-47c4-a115-9f43cc1793f2/datanode-5/data/ratis/45ce00b3-6fd1-41f1-9abd-5cd242095470/in_use.lock acquired by nodename 23383@pr-hdds-2217-jqnfv-3133698562
2019-10-08 03:52:36,764 [pool-469-thread-1] INFO  storage.RaftStorageDirectory (RaftStorageDirectory.java:tryLock(328)) - Lock on /workdir/hadoop-ozone/integration-test/target/test-dir/MiniOzoneClusterImpl-a9be05cf-aef7-47c4-a115-9f43cc1793f2/datanode-6/data/ratis/45ce00b3-6fd1-41f1-9abd-5cd242095470/in_use.lock acquired by nodename 23383@pr-hdds-2217-jqnfv-3133698562
2019-10-08 03:52:36,789 [pool-469-thread-1] INFO  storage.RaftStorage (RaftStorage.java:format(84)) - Storage directory /workdir/hadoop-ozone/integration-test/target/test-dir/MiniOzoneClusterImpl-a9be05cf-aef7-47c4-a115-9f43cc1793f2/datanode-6/data/ratis/45ce00b3-6fd1-41f1-9abd-5cd242095470 has been successfully formatted.
2019-10-08 03:52:36,789 [pool-459-thread-1] INFO  storage.RaftStorage (RaftStorage.java:format(84)) - Storage directory /workdir/hadoop-ozone/integration-test/target/test-dir/MiniOzoneClusterImpl-a9be05cf-aef7-47c4-a115-9f43cc1793f2/datanode-5/data/ratis/45ce00b3-6fd1-41f1-9abd-5cd242095470 has been successfully formatted.
2019-10-08 03:52:36,789 [pool-419-thread-1] INFO  storage.RaftStorage (RaftStorage.java:format(84)) - Storage directory /workdir/hadoop-ozone/integration-test/target/test-dir/MiniOzoneClusterImpl-a9be05cf-aef7-47c4-a115-9f43cc1793f2/datanode-1/data/ratis/45ce00b3-6fd1-41f1-9abd-5cd242095470 has been successfully formatted.
2019-10-08 03:52:36,790 [pool-459-thread-1] INFO  ratis.ContainerStateMachine (ContainerStateMachine.java:loadSnapshot(231)) - group-5CD242095470: The snapshot info is null. Setting the last applied indexto:(t:0, i:~)
2019-10-08 03:52:36,790 [pool-469-thread-1] INFO  ratis.ContainerStateMachine (ContainerStateMachine.java:loadSnapshot(231)) - group-5CD242095470: The snapshot info is null. Setting the last applied indexto:(t:0, i:~)
2019-10-08 03:52:36,790 [pool-459-thread-1] INFO  server.RaftServerConfigKeys (ConfUtils.java:logGet(43)) - raft.server.notification.no-leader.timeout = 120s (custom)
2019-10-08 03:52:36,790 [pool-419-thread-1] INFO  ratis.ContainerStateMachine (ContainerStateMachine.java:loadSnapshot(231)) - group-5CD242095470: The snapshot info is null. Setting the last applied indexto:(t:0, i:~)
2019-10-08 03:52:36,790 [pool-459-thread-1] INFO  server.RaftServerConfigKeys (ConfUtils.java:logGet(43)) - raft.server.log.use.memory = false (default)
2019-10-08 03:52:36,790 [pool-469-thread-1] INFO  server.RaftServerConfigKeys (ConfUtils.java:logGet(43)) - raft.server.notification.no-leader.timeout = 120s (custom)
2019-10-08 03:52:36,790 [pool-419-thread-1] INFO  server.RaftServerConfigKeys (ConfUtils.java:logGet(43)) - raft.server.notification.no-leader.timeout = 120s (custom)
2019-10-08 03:52:36,791 [pool-459-thread-1] INFO  server.RaftServerConfigKeys (ConfUtils.java:logGet(43)) - raft.server.log.purge.gap = 1000000 (custom)
2019-10-08 03:52:36,791 [pool-469-thread-1] INFO  server.RaftServerConfigKeys (ConfUtils.java:logGet(43)) - raft.server.log.use.memory = false (default)
2019-10-08 03:52:36,791 [pool-459-thread-1] INFO  server.RaftServerConfigKeys (ConfUtils.java:logGet(43)) - raft.server.log.appender.buffer.byte-limit = 33554432 (custom)
2019-10-08 03:52:36,791 [pool-419-thread-1] INFO  server.RaftServerConfigKeys (ConfUtils.java:logGet(43)) - raft.server.log.use.memory = false (default)
2019-10-08 03:52:36,791 [pool-459-thread-1] INFO  server.RaftServerConfigKeys (ConfUtils.java:logGet(43)) - raft.server.log.segment.size.max = 1048576 (custom)
2019-10-08 03:52:36,791 [pool-469-thread-1] INFO  server.RaftServerConfigKeys (ConfUtils.java:logGet(43)) - raft.server.log.purge.gap = 1000000 (custom)
2019-10-08 03:52:36,792 [pool-459-thread-1] INFO  server.RaftServerConfigKeys (ConfUtils.java:logGet(43)) - raft.server.log.segment.cache.num.max = 2 (custom)
2019-10-08 03:52:36,791 [pool-419-thread-1] INFO  server.RaftServerConfigKeys (ConfUtils.java:logGet(43)) - raft.server.log.purge.gap = 1000000 (custom)
2019-10-08 03:52:36,792 [pool-459-thread-1] INFO  segmented.SegmentedRaftLogWorker (SegmentedRaftLogWorker.java:<init>(173)) - new 89453ef1-964b-45ae-849c-d802d4dd61c8@group-5CD242095470-SegmentedRaftLogWorker for RaftStorage:Storage Directory /workdir/hadoop-ozone/integration-test/target/test-dir/MiniOzoneClusterImpl-a9be05cf-aef7-47c4-a115-9f43cc1793f2/datanode-5/data/ratis/45ce00b3-6fd1-41f1-9abd-5cd242095470
2019-10-08 03:52:36,792 [pool-469-thread-1] INFO  server.RaftServerConfigKeys (ConfUtils.java:logGet(43)) - raft.server.log.appender.buffer.byte-limit = 33554432 (custom)
2019-10-08 03:52:36,792 [pool-459-thread-1] INFO  server.RaftServerConfigKeys (ConfUtils.java:logGet(43)) - raft.server.log.queue.byte-limit = 2147483647 (custom)
2019-10-08 03:52:36,792 [pool-419-thread-1] INFO  server.RaftServerConfigKeys (ConfUtils.java:logGet(43)) - raft.server.log.appender.buffer.byte-limit = 33554432 (custom)
2019-10-08 03:52:36,792 [pool-459-thread-1] INFO  server.RaftServerConfigKeys (ConfUtils.java:logGet(43)) - raft.server.log.queue.element-limit = 1024 (custom)
2019-10-08 03:52:36,792 [pool-469-thread-1] INFO  server.RaftServerConfigKeys (ConfUtils.java:logGet(43)) - raft.server.log.segment.size.max = 1048576 (custom)
2019-10-08 03:52:36,793 [pool-459-thread-1] INFO  server.RaftServerConfigKeys (ConfUtils.java:logGet(43)) - raft.server.log.segment.size.max = 1048576 (custom)
2019-10-08 03:52:36,793 [pool-419-thread-1] INFO  server.RaftServerConfigKeys (ConfUtils.java:logGet(43)) - raft.server.log.segment.size.max = 1048576 (custom)
2019-10-08 03:52:36,793 [pool-459-thread-1] INFO  server.RaftServerConfigKeys (ConfUtils.java:logGet(43)) - raft.server.log.preallocated.size = 16384 (custom)
2019-10-08 03:52:36,793 [pool-469-thread-1] INFO  server.RaftServerConfigKeys (ConfUtils.java:logGet(43)) - raft.server.log.segment.cache.num.max = 2 (custom)
2019-10-08 03:52:36,793 [pool-459-thread-1] INFO  server.RaftServerConfigKeys (ConfUtils.java:logGet(43)) - raft.server.log.write.buffer.size = 33554432 (custom)
2019-10-08 03:52:36,793 [pool-419-thread-1] INFO  server.RaftServerConfigKeys (ConfUtils.java:logGet(43)) - raft.server.log.segment.cache.num.max = 2 (custom)
2019-10-08 03:52:36,794 [pool-459-thread-1] INFO  server.RaftServerConfigKeys (ConfUtils.java:logGet(43)) - raft.server.log.force.sync.num = 128 (default)
2019-10-08 03:52:36,793 [pool-469-thread-1] INFO  segmented.SegmentedRaftLogWorker (SegmentedRaftLogWorker.java:<init>(173)) - new 970b5dc6-3c50-4c82-87dc-aa8302030428@group-5CD242095470-SegmentedRaftLogWorker for RaftStorage:Storage Directory /workdir/hadoop-ozone/integration-test/target/test-dir/MiniOzoneClusterImpl-a9be05cf-aef7-47c4-a115-9f43cc1793f2/datanode-6/data/ratis/45ce00b3-6fd1-41f1-9abd-5cd242095470
2019-10-08 03:52:36,794 [pool-459-thread-1] INFO  server.RaftServerConfigKeys (ConfUtils.java:logGet(43)) - raft.server.log.statemachine.data.sync = true (default)
2019-10-08 03:52:36,794 [pool-459-thread-1] INFO  server.RaftServerConfigKeys (ConfUtils.java:logGet(43)) - raft.server.log.statemachine.data.sync.timeout = 10s (default)
2019-10-08 03:52:36,794 [pool-419-thread-1] INFO  segmented.SegmentedRaftLogWorker (SegmentedRaftLogWorker.java:<init>(173)) - new de700667-c827-4507-9d64-7cee8175844f@group-5CD242095470-SegmentedRaftLogWorker for RaftStorage:Storage Directory /workdir/hadoop-ozone/integration-test/target/test-dir/MiniOzoneClusterImpl-a9be05cf-aef7-47c4-a115-9f43cc1793f2/datanode-1/data/ratis/45ce00b3-6fd1-41f1-9abd-5cd242095470
2019-10-08 03:52:36,795 [pool-459-thread-1] INFO  server.RaftServerConfigKeys (ConfUtils.java:logGet(43)) - raft.server.log.statemachine.data.sync.timeout.retry = -1 (default)
2019-10-08 03:52:36,794 [pool-469-thread-1] INFO  server.RaftServerConfigKeys (ConfUtils.java:logGet(43)) - raft.server.log.queue.byte-limit = 2147483647 (custom)
2019-10-08 03:52:36,795 [pool-469-thread-1] INFO  server.RaftServerConfigKeys (ConfUtils.java:logGet(43)) - raft.server.log.queue.element-limit = 1024 (custom)
2019-10-08 03:52:36,795 [pool-419-thread-1] INFO  server.RaftServerConfigKeys (ConfUtils.java:logGet(43)) - raft.server.log.queue.byte-limit = 2147483647 (custom)
2019-10-08 03:52:36,795 [pool-469-thread-1] INFO  server.RaftServerConfigKeys (ConfUtils.java:logGet(43)) - raft.server.log.segment.size.max = 1048576 (custom)
2019-10-08 03:52:36,795 [pool-459-thread-1] INFO  server.RaftServerConfigKeys (ConfUtils.java:logGet(43)) - raft.server.log.statemachine.data.caching.enabled = true (custom)
2019-10-08 03:52:36,796 [pool-469-thread-1] INFO  server.RaftServerConfigKeys (ConfUtils.java:logGet(43)) - raft.server.log.preallocated.size = 16384 (custom)
2019-10-08 03:52:36,796 [pool-469-thread-1] INFO  server.RaftServerConfigKeys (ConfUtils.java:logGet(43)) - raft.server.log.write.buffer.size = 33554432 (custom)
2019-10-08 03:52:36,795 [pool-419-thread-1] INFO  server.RaftServerConfigKeys (ConfUtils.java:logGet(43)) - raft.server.log.queue.element-limit = 1024 (custom)
2019-10-08 03:52:36,796 [pool-459-thread-1] INFO  segmented.SegmentedRaftLogWorker (SegmentedRaftLogWorker.java:lambda$new$0(128)) - 89453ef1-964b-45ae-849c-d802d4dd61c8@group-5CD242095470-SegmentedRaftLogWorker: flushIndex: setUnconditionally 0 -> -1
2019-10-08 03:52:36,796 [pool-469-thread-1] INFO  server.RaftServerConfigKeys (ConfUtils.java:logGet(43)) - raft.server.log.force.sync.num = 128 (default)
2019-10-08 03:52:36,796 [pool-469-thread-1] INFO  server.RaftServerConfigKeys (ConfUtils.java:logGet(43)) - raft.server.log.statemachine.data.sync = true (default)
2019-10-08 03:52:36,796 [pool-419-thread-1] INFO  server.RaftServerConfigKeys (ConfUtils.java:logGet(43)) - raft.server.log.segment.size.max = 1048576 (custom)
2019-10-08 03:52:36,797 [pool-459-thread-1] INFO  server.RaftServerConfigKeys (ConfUtils.java:logGet(43)) - raft.server.snapshot.auto.trigger.enabled = true (custom)
2019-10-08 03:52:36,797 [pool-469-thread-1] INFO  server.RaftServerConfigKeys (ConfUtils.java:logGet(43)) - raft.server.log.statemachine.data.sync.timeout = 10s (default)
2019-10-08 03:52:36,797 [pool-459-thread-1] INFO  server.RaftServerConfigKeys (ConfUtils.java:logGet(43)) - raft.server.snapshot.auto.trigger.threshold = 10000 (custom)
2019-10-08 03:52:36,797 [pool-419-thread-1] INFO  server.RaftServerConfigKeys (ConfUtils.java:logGet(43)) - raft.server.log.preallocated.size = 16384 (custom)
2019-10-08 03:52:36,797 [pool-459-thread-1] INFO  server.RaftServerConfigKeys (ConfUtils.java:logGet(43)) - raft.server.snapshot.retention.file.num = 5 (custom)
2019-10-08 03:52:36,797 [pool-469-thread-1] INFO  server.RaftServerConfigKeys (ConfUtils.java:logGet(43)) - raft.server.log.statemachine.data.sync.timeout.retry = -1 (default)
2019-10-08 03:52:36,798 [pool-459-thread-1] INFO  server.RaftServerConfigKeys (ConfUtils.java:logGet(43)) - raft.server.retrycache.expirytime = 600000ms (custom)
2019-10-08 03:52:36,797 [pool-419-thread-1] INFO  server.RaftServerConfigKeys (ConfUtils.java:logGet(43)) - raft.server.log.write.buffer.size = 33554432 (custom)
2019-10-08 03:52:36,798 [pool-469-thread-1] INFO  server.RaftServerConfigKeys (ConfUtils.java:logGet(43)) - raft.server.log.statemachine.data.caching.enabled = true (custom)
2019-10-08 03:52:36,798 [pool-419-thread-1] INFO  server.RaftServerConfigKeys (ConfUtils.java:logGet(43)) - raft.server.log.force.sync.num = 128 (default)
2019-10-08 03:52:36,798 [pool-469-thread-1] INFO  segmented.SegmentedRaftLogWorker (SegmentedRaftLogWorker.java:lambda$new$0(128)) - 970b5dc6-3c50-4c82-87dc-aa8302030428@group-5CD242095470-SegmentedRaftLogWorker: flushIndex: setUnconditionally 0 -> -1
2019-10-08 03:52:36,798 [pool-419-thread-1] INFO  server.RaftServerConfigKeys (ConfUtils.java:logGet(43)) - raft.server.log.statemachine.data.sync = true (default)
2019-10-08 03:52:36,799 [pool-469-thread-1] INFO  server.RaftServerConfigKeys (ConfUtils.java:logGet(43)) - raft.server.snapshot.auto.trigger.enabled = true (custom)
2019-10-08 03:52:36,799 [pool-419-thread-1] INFO  server.RaftServerConfigKeys (ConfUtils.java:logGet(43)) - raft.server.log.statemachine.data.sync.timeout = 10s (default)
2019-10-08 03:52:36,799 [pool-469-thread-1] INFO  server.RaftServerConfigKeys (ConfUtils.java:logGet(43)) - raft.server.snapshot.auto.trigger.threshold = 10000 (custom)
2019-10-08 03:52:36,799 [pool-419-thread-1] INFO  server.RaftServerConfigKeys (ConfUtils.java:logGet(43)) - raft.server.log.statemachine.data.sync.timeout.retry = -1 (default)
2019-10-08 03:52:36,799 [pool-469-thread-1] INFO  server.RaftServerConfigKeys (ConfUtils.java:logGet(43)) - raft.server.snapshot.retention.file.num = 5 (custom)
2019-10-08 03:52:36,799 [pool-419-thread-1] INFO  server.RaftServerConfigKeys (ConfUtils.java:logGet(43)) - raft.server.log.statemachine.data.caching.enabled = true (custom)
2019-10-08 03:52:36,799 [pool-469-thread-1] INFO  server.RaftServerConfigKeys (ConfUtils.java:logGet(43)) - raft.server.retrycache.expirytime = 600000ms (custom)
2019-10-08 03:52:36,800 [pool-419-thread-1] INFO  segmented.SegmentedRaftLogWorker (SegmentedRaftLogWorker.java:lambda$new$0(128)) - de700667-c827-4507-9d64-7cee8175844f@group-5CD242095470-SegmentedRaftLogWorker: flushIndex: setUnconditionally 0 -> -1
2019-10-08 03:52:36,800 [pool-419-thread-1] INFO  server.RaftServerConfigKeys (ConfUtils.java:logGet(43)) - raft.server.snapshot.auto.trigger.enabled = true (custom)
2019-10-08 03:52:36,800 [pool-419-thread-1] INFO  server.RaftServerConfigKeys (ConfUtils.java:logGet(43)) - raft.server.snapshot.auto.trigger.threshold = 10000 (custom)
2019-10-08 03:52:36,800 [pool-419-thread-1] INFO  server.RaftServerConfigKeys (ConfUtils.java:logGet(43)) - raft.server.snapshot.retention.file.num = 5 (custom)
2019-10-08 03:52:36,800 [pool-419-thread-1] INFO  server.RaftServerConfigKeys (ConfUtils.java:logGet(43)) - raft.server.retrycache.expirytime = 600000ms (custom)
2019-10-08 03:52:36,802 [pool-459-thread-1] INFO  impl.RaftServerImpl (RaftServerImpl.java:start(181)) - 89453ef1-964b-45ae-849c-d802d4dd61c8@group-5CD242095470: start as a follower, conf=-1: [de700667-c827-4507-9d64-7cee8175844f:192.168.151.83:39345, 89453ef1-964b-45ae-849c-d802d4dd61c8:192.168.151.83:34073, 970b5dc6-3c50-4c82-87dc-aa8302030428:192.168.151.83:34096], old=null
2019-10-08 03:52:36,803 [pool-469-thread-1] INFO  impl.RaftServerImpl (RaftServerImpl.java:start(181)) - 970b5dc6-3c50-4c82-87dc-aa8302030428@group-5CD242095470: start as a follower, conf=-1: [de700667-c827-4507-9d64-7cee8175844f:192.168.151.83:39345, 89453ef1-964b-45ae-849c-d802d4dd61c8:192.168.151.83:34073, 970b5dc6-3c50-4c82-87dc-aa8302030428:192.168.151.83:34096], old=null
2019-10-08 03:52:36,803 [pool-459-thread-1] INFO  impl.RaftServerImpl (RaftServerImpl.java:setRole(170)) - 89453ef1-964b-45ae-849c-d802d4dd61c8@group-5CD242095470: changes role from      null to FOLLOWER at term 0 for startAsFollower
2019-10-08 03:52:36,803 [pool-469-thread-1] INFO  impl.RaftServerImpl (RaftServerImpl.java:setRole(170)) - 970b5dc6-3c50-4c82-87dc-aa8302030428@group-5CD242095470: changes role from      null to FOLLOWER at term 0 for startAsFollower
2019-10-08 03:52:36,803 [pool-469-thread-1] INFO  impl.RoleInfo (RoleInfo.java:updateAndGet(143)) - 970b5dc6-3c50-4c82-87dc-aa8302030428: start FollowerState
2019-10-08 03:52:36,803 [pool-419-thread-1] INFO  impl.RaftServerImpl (RaftServerImpl.java:start(181)) - de700667-c827-4507-9d64-7cee8175844f@group-5CD242095470: start as a follower, conf=-1: [de700667-c827-4507-9d64-7cee8175844f:192.168.151.83:39345, 89453ef1-964b-45ae-849c-d802d4dd61c8:192.168.151.83:34073, 970b5dc6-3c50-4c82-87dc-aa8302030428:192.168.151.83:34096], old=null
2019-10-08 03:52:36,803 [pool-459-thread-1] INFO  impl.RoleInfo (RoleInfo.java:updateAndGet(143)) - 89453ef1-964b-45ae-849c-d802d4dd61c8: start FollowerState
2019-10-08 03:52:36,807 [pool-419-thread-1] INFO  impl.RaftServerImpl (RaftServerImpl.java:setRole(170)) - de700667-c827-4507-9d64-7cee8175844f@group-5CD242095470: changes role from      null to FOLLOWER at term 0 for startAsFollower
2019-10-08 03:52:36,807 [pool-469-thread-1] INFO  util.JmxRegister (JmxRegister.java:tryRegister(44)) - Successfully registered JMX Bean with object name Ratis:service=RaftServer,group=group-5CD242095470,id=970b5dc6-3c50-4c82-87dc-aa8302030428
2019-10-08 03:52:36,807 [pool-419-thread-1] INFO  impl.RoleInfo (RoleInfo.java:updateAndGet(143)) - de700667-c827-4507-9d64-7cee8175844f: start FollowerState
2019-10-08 03:52:36,807 [pool-459-thread-1] INFO  util.JmxRegister (JmxRegister.java:tryRegister(44)) - Successfully registered JMX Bean with object name Ratis:service=RaftServer,group=group-5CD242095470,id=89453ef1-964b-45ae-849c-d802d4dd61c8
2019-10-08 03:52:36,808 [pool-419-thread-1] INFO  util.JmxRegister (JmxRegister.java:tryRegister(44)) - Successfully registered JMX Bean with object name Ratis:service=RaftServer,group=group-5CD242095470,id=de700667-c827-4507-9d64-7cee8175844f
2019-10-08 03:52:36,834 [IPC Server handler 6 on 37190] INFO  pipeline.PipelineStateManager (PipelineStateManager.java:addPipeline(56)) - Created pipeline Pipeline[ Id: 45ce00b3-6fd1-41f1-9abd-5cd242095470, Nodes: de700667-c827-4507-9d64-7cee8175844f{ip: 192.168.151.83, host: pr-hdds-2217-jqnfv-3133698562, networkLocation: /default-rack, certSerialId: null}89453ef1-964b-45ae-849c-d802d4dd61c8{ip: 192.168.151.83, host: pr-hdds-2217-jqnfv-3133698562, networkLocation: /default-rack, certSerialId: null}970b5dc6-3c50-4c82-87dc-aa8302030428{ip: 192.168.151.83, host: pr-hdds-2217-jqnfv-3133698562, networkLocation: /default-rack, certSerialId: null}, Type:RATIS, Factor:THREE, State:OPEN]
2019-10-08 03:52:38,571 [grpc-default-executor-5] WARN  server.GrpcLogAppender (LogUtils.java:warn(134)) - 89453ef1-964b-45ae-849c-d802d4dd61c8@group-12291FDC6714->f5673c71-2777-46e9-9e6f-25a508b41700-AppendLogResponseHandler: Failed appendEntries: org.apache.ratis.thirdparty.io.grpc.StatusRuntimeException: UNAVAILABLE: io exception
2019-10-08 03:52:38,574 [grpc-default-executor-5] INFO  impl.FollowerInfo (FollowerInfo.java:lambda$new$0(51)) - 89453ef1-964b-45ae-849c-d802d4dd61c8@group-12291FDC6714->f5673c71-2777-46e9-9e6f-25a508b41700: nextIndex: updateUnconditionally 0 -> 0
2019-10-08 03:52:41,064 [grpc-default-executor-10] WARN  server.GrpcLogAppender (LogUtils.java:warn(134)) - 89453ef1-964b-45ae-849c-d802d4dd61c8@group-12291FDC6714->f5673c71-2777-46e9-9e6f-25a508b41700-AppendLogResponseHandler: Failed appendEntries: org.apache.ratis.thirdparty.io.grpc.StatusRuntimeException: UNAVAILABLE: io exception
2019-10-08 03:52:41,067 [grpc-default-executor-10] INFO  impl.FollowerInfo (FollowerInfo.java:lambda$new$0(51)) - 89453ef1-964b-45ae-849c-d802d4dd61c8@group-12291FDC6714->f5673c71-2777-46e9-9e6f-25a508b41700: nextIndex: updateUnconditionally 0 -> 0
2019-10-08 03:52:41,840 [Thread-3307] INFO  impl.FollowerState (FollowerState.java:run(108)) - 970b5dc6-3c50-4c82-87dc-aa8302030428@group-5CD242095470-FollowerState: change to CANDIDATE, lastRpcTime:5036ms, electionTimeout:5033ms
2019-10-08 03:52:41,840 [Thread-3307] INFO  impl.RoleInfo (RoleInfo.java:shutdownFollowerState(121)) - 970b5dc6-3c50-4c82-87dc-aa8302030428: shutdown FollowerState
2019-10-08 03:52:41,841 [Thread-3307] INFO  impl.RaftServerImpl (RaftServerImpl.java:setRole(170)) - 970b5dc6-3c50-4c82-87dc-aa8302030428@group-5CD242095470: changes role from  FOLLOWER to CANDIDATE at term 0 for changeToCandidate
2019-10-08 03:52:41,841 [Thread-3307] INFO  impl.RoleInfo (RoleInfo.java:updateAndGet(143)) - 970b5dc6-3c50-4c82-87dc-aa8302030428: start LeaderElection
2019-10-08 03:52:41,855 [Thread-3308] INFO  impl.FollowerState (FollowerState.java:run(108)) - de700667-c827-4507-9d64-7cee8175844f@group-5CD242095470-FollowerState: change to CANDIDATE, lastRpcTime:5047ms, electionTimeout:5047ms
2019-10-08 03:52:41,855 [Thread-3308] INFO  impl.RoleInfo (RoleInfo.java:shutdownFollowerState(121)) - de700667-c827-4507-9d64-7cee8175844f: shutdown FollowerState
2019-10-08 03:52:41,855 [Thread-3308] INFO  impl.RaftServerImpl (RaftServerImpl.java:setRole(170)) - de700667-c827-4507-9d64-7cee8175844f@group-5CD242095470: changes role from  FOLLOWER to CANDIDATE at term 0 for changeToCandidate
2019-10-08 03:52:41,855 [Thread-3308] INFO  impl.RoleInfo (RoleInfo.java:updateAndGet(143)) - de700667-c827-4507-9d64-7cee8175844f: start LeaderElection
2019-10-08 03:52:41,869 [Thread-3306] INFO  impl.FollowerState (FollowerState.java:run(108)) - 89453ef1-964b-45ae-849c-d802d4dd61c8@group-5CD242095470-FollowerState: change to CANDIDATE, lastRpcTime:5065ms, electionTimeout:5062ms
2019-10-08 03:52:41,869 [de700667-c827-4507-9d64-7cee8175844f@group-5CD242095470-LeaderElection71] INFO  impl.LeaderElection (LeaderElection.java:askForVotes(178)) - de700667-c827-4507-9d64-7cee8175844f@group-5CD242095470-LeaderElection71: begin an election at term 1 for -1: [de700667-c827-4507-9d64-7cee8175844f:192.168.151.83:39345, 89453ef1-964b-45ae-849c-d802d4dd61c8:192.168.151.83:34073, 970b5dc6-3c50-4c82-87dc-aa8302030428:192.168.151.83:34096], old=null
2019-10-08 03:52:41,869 [970b5dc6-3c50-4c82-87dc-aa8302030428@group-5CD242095470-LeaderElection70] INFO  impl.LeaderElection (LeaderElection.java:askForVotes(178)) - 970b5dc6-3c50-4c82-87dc-aa8302030428@group-5CD242095470-LeaderElection70: begin an election at term 1 for -1: [de700667-c827-4507-9d64-7cee8175844f:192.168.151.83:39345, 89453ef1-964b-45ae-849c-d802d4dd61c8:192.168.151.83:34073, 970b5dc6-3c50-4c82-87dc-aa8302030428:192.168.151.83:34096], old=null
2019-10-08 03:52:41,870 [Thread-3306] INFO  impl.RoleInfo (RoleInfo.java:shutdownFollowerState(121)) - 89453ef1-964b-45ae-849c-d802d4dd61c8: shutdown FollowerState
2019-10-08 03:52:41,870 [Thread-3306] INFO  impl.RaftServerImpl (RaftServerImpl.java:setRole(170)) - 89453ef1-964b-45ae-849c-d802d4dd61c8@group-5CD242095470: changes role from  FOLLOWER to CANDIDATE at term 0 for changeToCandidate
2019-10-08 03:52:41,870 [Thread-3306] INFO  impl.RoleInfo (RoleInfo.java:updateAndGet(143)) - 89453ef1-964b-45ae-849c-d802d4dd61c8: start LeaderElection
2019-10-08 03:52:41,879 [89453ef1-964b-45ae-849c-d802d4dd61c8@group-5CD242095470-LeaderElection72] INFO  impl.LeaderElection (LeaderElection.java:askForVotes(178)) - 89453ef1-964b-45ae-849c-d802d4dd61c8@group-5CD242095470-LeaderElection72: begin an election at term 1 for -1: [de700667-c827-4507-9d64-7cee8175844f:192.168.151.83:39345, 89453ef1-964b-45ae-849c-d802d4dd61c8:192.168.151.83:34073, 970b5dc6-3c50-4c82-87dc-aa8302030428:192.168.151.83:34096], old=null
2019-10-08 03:52:41,881 [de700667-c827-4507-9d64-7cee8175844f@group-5CD242095470-LeaderElection71] INFO  impl.LeaderElection (LeaderElection.java:logAndReturn(56)) - de700667-c827-4507-9d64-7cee8175844f@group-5CD242095470-LeaderElection71: Election REJECTED; received 2 response(s) [de700667-c827-4507-9d64-7cee8175844f<-89453ef1-964b-45ae-849c-d802d4dd61c8#0:FAIL-t1, de700667-c827-4507-9d64-7cee8175844f<-970b5dc6-3c50-4c82-87dc-aa8302030428#0:FAIL-t1] and 0 exception(s); de700667-c827-4507-9d64-7cee8175844f@group-5CD242095470:t1, leader=null, voted=de700667-c827-4507-9d64-7cee8175844f, raftlog=de700667-c827-4507-9d64-7cee8175844f@group-5CD242095470-SegmentedRaftLog:OPENED:c-1,f-1,i0, conf=-1: [de700667-c827-4507-9d64-7cee8175844f:192.168.151.83:39345, 89453ef1-964b-45ae-849c-d802d4dd61c8:192.168.151.83:34073, 970b5dc6-3c50-4c82-87dc-aa8302030428:192.168.151.83:34096], old=null
2019-10-08 03:52:41,881 [de700667-c827-4507-9d64-7cee8175844f@group-5CD242095470-LeaderElection71] INFO  impl.RaftServerImpl (RaftServerImpl.java:setRole(170)) - de700667-c827-4507-9d64-7cee8175844f@group-5CD242095470: changes role from CANDIDATE to FOLLOWER at term 1 for DISCOVERED_A_NEW_TERM
2019-10-08 03:52:41,881 [de700667-c827-4507-9d64-7cee8175844f@group-5CD242095470-LeaderElection71] INFO  impl.RoleInfo (RoleInfo.java:shutdownLeaderElection(134)) - de700667-c827-4507-9d64-7cee8175844f: shutdown LeaderElection
2019-10-08 03:52:41,881 [de700667-c827-4507-9d64-7cee8175844f@group-5CD242095470-LeaderElection71] INFO  impl.RoleInfo (RoleInfo.java:updateAndGet(143)) - de700667-c827-4507-9d64-7cee8175844f: start FollowerState
2019-10-08 03:52:41,883 [970b5dc6-3c50-4c82-87dc-aa8302030428@group-5CD242095470-LeaderElection70] INFO  impl.LeaderElection (LeaderElection.java:logAndReturn(56)) - 970b5dc6-3c50-4c82-87dc-aa8302030428@group-5CD242095470-LeaderElection70: Election REJECTED; received 2 response(s) [970b5dc6-3c50-4c82-87dc-aa8302030428<-de700667-c827-4507-9d64-7cee8175844f#0:FAIL-t1, 970b5dc6-3c50-4c82-87dc-aa8302030428<-89453ef1-964b-45ae-849c-d802d4dd61c8#0:FAIL-t1] and 0 exception(s); 970b5dc6-3c50-4c82-87dc-aa8302030428@group-5CD242095470:t1, leader=null, voted=970b5dc6-3c50-4c82-87dc-aa8302030428, raftlog=970b5dc6-3c50-4c82-87dc-aa8302030428@group-5CD242095470-SegmentedRaftLog:OPENED:c-1,f-1,i0, conf=-1: [de700667-c827-4507-9d64-7cee8175844f:192.168.151.83:39345, 89453ef1-964b-45ae-849c-d802d4dd61c8:192.168.151.83:34073, 970b5dc6-3c50-4c82-87dc-aa8302030428:192.168.151.83:34096], old=null
2019-10-08 03:52:41,885 [970b5dc6-3c50-4c82-87dc-aa8302030428@group-5CD242095470-LeaderElection70] INFO  impl.RaftServerImpl (RaftServerImpl.java:setRole(170)) - 970b5dc6-3c50-4c82-87dc-aa8302030428@group-5CD242095470: changes role from CANDIDATE to FOLLOWER at term 1 for DISCOVERED_A_NEW_TERM
2019-10-08 03:52:41,885 [89453ef1-964b-45ae-849c-d802d4dd61c8@group-5CD242095470-LeaderElection72] INFO  impl.LeaderElection (LeaderElection.java:logAndReturn(56)) - 89453ef1-964b-45ae-849c-d802d4dd61c8@group-5CD242095470-LeaderElection72: Election REJECTED; received 2 response(s) [89453ef1-964b-45ae-849c-d802d4dd61c8<-de700667-c827-4507-9d64-7cee8175844f#0:FAIL-t1, 89453ef1-964b-45ae-849c-d802d4dd61c8<-970b5dc6-3c50-4c82-87dc-aa8302030428#0:FAIL-t1] and 0 exception(s); 89453ef1-964b-45ae-849c-d802d4dd61c8@group-5CD242095470:t1, leader=null, voted=89453ef1-964b-45ae-849c-d802d4dd61c8, raftlog=89453ef1-964b-45ae-849c-d802d4dd61c8@group-5CD242095470-SegmentedRaftLog:OPENED:c-1,f-1,i0, conf=-1: [de700667-c827-4507-9d64-7cee8175844f:192.168.151.83:39345, 89453ef1-964b-45ae-849c-d802d4dd61c8:192.168.151.83:34073, 970b5dc6-3c50-4c82-87dc-aa8302030428:192.168.151.83:34096], old=null
2019-10-08 03:52:41,885 [970b5dc6-3c50-4c82-87dc-aa8302030428@group-5CD242095470-LeaderElection70] INFO  impl.RoleInfo (RoleInfo.java:shutdownLeaderElection(134)) - 970b5dc6-3c50-4c82-87dc-aa8302030428: shutdown LeaderElection
2019-10-08 03:52:41,887 [89453ef1-964b-45ae-849c-d802d4dd61c8@group-5CD242095470-LeaderElection72] INFO  impl.RaftServerImpl (RaftServerImpl.java:setRole(170)) - 89453ef1-964b-45ae-849c-d802d4dd61c8@group-5CD242095470: changes role from CANDIDATE to FOLLOWER at term 1 for DISCOVERED_A_NEW_TERM
2019-10-08 03:52:41,888 [970b5dc6-3c50-4c82-87dc-aa8302030428@group-5CD242095470-LeaderElection70] INFO  impl.RoleInfo (RoleInfo.java:updateAndGet(143)) - 970b5dc6-3c50-4c82-87dc-aa8302030428: start FollowerState
2019-10-08 03:52:41,889 [89453ef1-964b-45ae-849c-d802d4dd61c8@group-5CD242095470-LeaderElection72] INFO  impl.RoleInfo (RoleInfo.java:shutdownLeaderElection(134)) - 89453ef1-964b-45ae-849c-d802d4dd61c8: shutdown LeaderElection
2019-10-08 03:52:41,889 [89453ef1-964b-45ae-849c-d802d4dd61c8@group-5CD242095470-LeaderElection72] INFO  impl.RoleInfo (RoleInfo.java:updateAndGet(143)) - 89453ef1-964b-45ae-849c-d802d4dd61c8: start FollowerState
2019-10-08 03:52:43,565 [grpc-default-executor-8] WARN  server.GrpcLogAppender (LogUtils.java:warn(134)) - 89453ef1-964b-45ae-849c-d802d4dd61c8@group-12291FDC6714->f5673c71-2777-46e9-9e6f-25a508b41700-AppendLogResponseHandler: Failed appendEntries: org.apache.ratis.thirdparty.io.grpc.StatusRuntimeException: UNAVAILABLE: io exception
2019-10-08 03:52:43,566 [grpc-default-executor-8] INFO  impl.FollowerInfo (FollowerInfo.java:lambda$new$0(51)) - 89453ef1-964b-45ae-849c-d802d4dd61c8@group-12291FDC6714->f5673c71-2777-46e9-9e6f-25a508b41700: nextIndex: updateUnconditionally 0 -> 0
2019-10-08 03:52:46,066 [grpc-default-executor-5] WARN  server.GrpcLogAppender (LogUtils.java:warn(134)) - 89453ef1-964b-45ae-849c-d802d4dd61c8@group-12291FDC6714->f5673c71-2777-46e9-9e6f-25a508b41700-AppendLogResponseHandler: Failed appendEntries: org.apache.ratis.thirdparty.io.grpc.StatusRuntimeException: UNAVAILABLE: io exception
2019-10-08 03:52:46,066 [grpc-default-executor-5] INFO  impl.FollowerInfo (FollowerInfo.java:lambda$new$0(51)) - 89453ef1-964b-45ae-849c-d802d4dd61c8@group-12291FDC6714->f5673c71-2777-46e9-9e6f-25a508b41700: nextIndex: updateUnconditionally 0 -> 0
2019-10-08 03:52:46,954 [Thread-3342] INFO  impl.FollowerState (FollowerState.java:run(108)) - de700667-c827-4507-9d64-7cee8175844f@group-5CD242095470-FollowerState: change to CANDIDATE, lastRpcTime:5072ms, electionTimeout:5072ms
2019-10-08 03:52:46,954 [Thread-3342] INFO  impl.RoleInfo (RoleInfo.java:shutdownFollowerState(121)) - de700667-c827-4507-9d64-7cee8175844f: shutdown FollowerState
2019-10-08 03:52:46,954 [Thread-3342] INFO  impl.RaftServerImpl (RaftServerImpl.java:setRole(170)) - de700667-c827-4507-9d64-7cee8175844f@group-5CD242095470: changes role from  FOLLOWER to CANDIDATE at term 1 for changeToCandidate
2019-10-08 03:52:46,954 [Thread-3342] INFO  impl.RoleInfo (RoleInfo.java:updateAndGet(143)) - de700667-c827-4507-9d64-7cee8175844f: start LeaderElection
2019-10-08 03:52:46,980 [de700667-c827-4507-9d64-7cee8175844f@group-5CD242095470-LeaderElection73] INFO  impl.LeaderElection (LeaderElection.java:askForVotes(178)) - de700667-c827-4507-9d64-7cee8175844f@group-5CD242095470-LeaderElection73: begin an election at term 2 for -1: [de700667-c827-4507-9d64-7cee8175844f:192.168.151.83:39345, 89453ef1-964b-45ae-849c-d802d4dd61c8:192.168.151.83:34073, 970b5dc6-3c50-4c82-87dc-aa8302030428:192.168.151.83:34096], old=null
2019-10-08 03:52:46,980 [Thread-3344] INFO  impl.FollowerState (FollowerState.java:run(108)) - 89453ef1-964b-45ae-849c-d802d4dd61c8@group-5CD242095470-FollowerState: change to CANDIDATE, lastRpcTime:5091ms, electionTimeout:5091ms
2019-10-08 03:52:46,981 [Thread-3344] INFO  impl.RoleInfo (RoleInfo.java:shutdownFollowerState(121)) - 89453ef1-964b-45ae-849c-d802d4dd61c8: shutdown FollowerState
2019-10-08 03:52:46,981 [Thread-3344] INFO  impl.RaftServerImpl (RaftServerImpl.java:setRole(170)) - 89453ef1-964b-45ae-849c-d802d4dd61c8@group-5CD242095470: changes role from  FOLLOWER to CANDIDATE at term 1 for changeToCandidate
2019-10-08 03:52:46,981 [Thread-3344] INFO  impl.RoleInfo (RoleInfo.java:updateAndGet(143)) - 89453ef1-964b-45ae-849c-d802d4dd61c8: start LeaderElection
2019-10-08 03:52:46,986 [grpc-default-executor-8] INFO  impl.RaftServerImpl (RaftServerImpl.java:setRole(170)) - 970b5dc6-3c50-4c82-87dc-aa8302030428@group-5CD242095470: changes role from  FOLLOWER to FOLLOWER at term 2 for recognizeCandidate:de700667-c827-4507-9d64-7cee8175844f
2019-10-08 03:52:46,987 [grpc-default-executor-8] INFO  impl.RoleInfo (RoleInfo.java:shutdownFollowerState(121)) - 970b5dc6-3c50-4c82-87dc-aa8302030428: shutdown FollowerState
2019-10-08 03:52:46,987 [grpc-default-executor-8] INFO  impl.RoleInfo (RoleInfo.java:updateAndGet(143)) - 970b5dc6-3c50-4c82-87dc-aa8302030428: start FollowerState
2019-10-08 03:52:46,987 [Thread-3343] INFO  impl.FollowerState (FollowerState.java:run(117)) - 970b5dc6-3c50-4c82-87dc-aa8302030428@group-5CD242095470-FollowerState was interrupted: java.lang.InterruptedException: sleep interrupted
2019-10-08 03:52:47,009 [89453ef1-964b-45ae-849c-d802d4dd61c8@group-5CD242095470-LeaderElection74] INFO  impl.LeaderElection (LeaderElection.java:askForVotes(178)) - 89453ef1-964b-45ae-849c-d802d4dd61c8@group-5CD242095470-LeaderElection74: begin an election at term 2 for -1: [de700667-c827-4507-9d64-7cee8175844f:192.168.151.83:39345, 89453ef1-964b-45ae-849c-d802d4dd61c8:192.168.151.83:34073, 970b5dc6-3c50-4c82-87dc-aa8302030428:192.168.151.83:34096], old=null
2019-10-08 03:52:47,010 [de700667-c827-4507-9d64-7cee8175844f@group-5CD242095470-LeaderElection73] INFO  impl.LeaderElection (LeaderElection.java:logAndReturn(56)) - de700667-c827-4507-9d64-7cee8175844f@group-5CD242095470-LeaderElection73: Election PASSED; received 1 response(s) [de700667-c827-4507-9d64-7cee8175844f<-970b5dc6-3c50-4c82-87dc-aa8302030428#0:OK-t2] and 0 exception(s); de700667-c827-4507-9d64-7cee8175844f@group-5CD242095470:t2, leader=null, voted=de700667-c827-4507-9d64-7cee8175844f, raftlog=de700667-c827-4507-9d64-7cee8175844f@group-5CD242095470-SegmentedRaftLog:OPENED:c-1,f-1,i0, conf=-1: [de700667-c827-4507-9d64-7cee8175844f:192.168.151.83:39345, 89453ef1-964b-45ae-849c-d802d4dd61c8:192.168.151.83:34073, 970b5dc6-3c50-4c82-87dc-aa8302030428:192.168.151.83:34096], old=null
2019-10-08 03:52:47,010 [de700667-c827-4507-9d64-7cee8175844f@group-5CD242095470-LeaderElection73] INFO  impl.RoleInfo (RoleInfo.java:shutdownLeaderElection(134)) - de700667-c827-4507-9d64-7cee8175844f: shutdown LeaderElection
2019-10-08 03:52:47,010 [de700667-c827-4507-9d64-7cee8175844f@group-5CD242095470-LeaderElection73] INFO  impl.RaftServerImpl (RaftServerImpl.java:setRole(170)) - de700667-c827-4507-9d64-7cee8175844f@group-5CD242095470: changes role from CANDIDATE to LEADER at term 2 for changeToLeader
2019-10-08 03:52:47,010 [de700667-c827-4507-9d64-7cee8175844f@group-5CD242095470-LeaderElection73] INFO  impl.RaftServerImpl (ServerState.java:setLeader(255)) - de700667-c827-4507-9d64-7cee8175844f@group-5CD242095470: change Leader from null to de700667-c827-4507-9d64-7cee8175844f at term 2 for becomeLeader, leader elected after 10219ms
2019-10-08 03:52:47,011 [de700667-c827-4507-9d64-7cee8175844f@group-5CD242095470-LeaderElection73] INFO  server.RaftServerConfigKeys (ConfUtils.java:logGet(43)) - raft.server.staging.catchup.gap = 1000 (default)
2019-10-08 03:52:47,011 [de700667-c827-4507-9d64-7cee8175844f@group-5CD242095470-LeaderElection73] INFO  server.RaftServerConfigKeys (ConfUtils.java:logGet(43)) - raft.server.rpc.sleep.time = 25ms (default)
2019-10-08 03:52:47,011 [de700667-c827-4507-9d64-7cee8175844f@group-5CD242095470-LeaderElection73] INFO  server.RaftServerConfigKeys (ConfUtils.java:logGet(43)) - raft.server.write.element-limit = 4096 (default)
2019-10-08 03:52:47,011 [de700667-c827-4507-9d64-7cee8175844f@group-5CD242095470-LeaderElection73] INFO  server.RaftServerConfigKeys (ConfUtils.java:logGet(43)) - raft.server.watch.timeout = 10s (default)
2019-10-08 03:52:47,011 [de700667-c827-4507-9d64-7cee8175844f@group-5CD242095470-LeaderElection73] INFO  server.RaftServerConfigKeys (ConfUtils.java:logGet(43)) - raft.server.watch.timeout.denomination = 1s (default)
2019-10-08 03:52:47,012 [de700667-c827-4507-9d64-7cee8175844f@group-5CD242095470-LeaderElection73] INFO  server.RaftServerConfigKeys (ConfUtils.java:logGet(43)) - raft.server.watch.element-limit = 65536 (default)
2019-10-08 03:52:47,015 [de700667-c827-4507-9d64-7cee8175844f@group-5CD242095470-LeaderElection73] INFO  server.RaftServerConfigKeys (ConfUtils.java:logGet(43)) - raft.server.log.appender.snapshot.chunk.size.max = 16MB (=16777216) (default)
2019-10-08 03:52:47,015 [de700667-c827-4507-9d64-7cee8175844f@group-5CD242095470-LeaderElection73] INFO  server.RaftServerConfigKeys (ConfUtils.java:logGet(43)) - raft.server.log.appender.buffer.byte-limit = 33554432 (custom)
2019-10-08 03:52:47,015 [de700667-c827-4507-9d64-7cee8175844f@group-5CD242095470-LeaderElection73] INFO  server.RaftServerConfigKeys (ConfUtils.java:logGet(43)) - raft.server.log.appender.buffer.element-limit = 1 (custom)
2019-10-08 03:52:47,016 [de700667-c827-4507-9d64-7cee8175844f@group-5CD242095470-LeaderElection73] INFO  grpc.GrpcConfigKeys$Server (ConfUtils.java:logGet(43)) - raft.grpc.server.leader.outstanding.appends.max = 128 (default)
2019-10-08 03:52:47,016 [de700667-c827-4507-9d64-7cee8175844f@group-5CD242095470-LeaderElection73] INFO  server.RaftServerConfigKeys (ConfUtils.java:logGet(43)) - raft.server.rpc.request.timeout = 3000ms (default)
2019-10-08 03:52:47,016 [de700667-c827-4507-9d64-7cee8175844f@group-5CD242095470-LeaderElection73] INFO  server.RaftServerConfigKeys (ConfUtils.java:logGet(43)) - raft.server.log.appender.install.snapshot.enabled = false (custom)
2019-10-08 03:52:47,016 [de700667-c827-4507-9d64-7cee8175844f@group-5CD242095470-LeaderElection73] INFO  server.RaftServerConfigKeys (ConfUtils.java:logGet(43)) - raft.server.log.appender.snapshot.chunk.size.max = 16MB (=16777216) (default)
2019-10-08 03:52:47,017 [de700667-c827-4507-9d64-7cee8175844f@group-5CD242095470-LeaderElection73] INFO  server.RaftServerConfigKeys (ConfUtils.java:logGet(43)) - raft.server.log.appender.buffer.byte-limit = 33554432 (custom)
2019-10-08 03:52:47,017 [de700667-c827-4507-9d64-7cee8175844f@group-5CD242095470-LeaderElection73] INFO  server.RaftServerConfigKeys (ConfUtils.java:logGet(43)) - raft.server.log.appender.buffer.element-limit = 1 (custom)
2019-10-08 03:52:47,017 [de700667-c827-4507-9d64-7cee8175844f@group-5CD242095470-LeaderElection73] INFO  grpc.GrpcConfigKeys$Server (ConfUtils.java:logGet(43)) - raft.grpc.server.leader.outstanding.appends.max = 128 (default)
2019-10-08 03:52:47,017 [de700667-c827-4507-9d64-7cee8175844f@group-5CD242095470-LeaderElection73] INFO  server.RaftServerConfigKeys (ConfUtils.java:logGet(43)) - raft.server.rpc.request.timeout = 3000ms (default)
2019-10-08 03:52:47,017 [de700667-c827-4507-9d64-7cee8175844f@group-5CD242095470-LeaderElection73] INFO  server.RaftServerConfigKeys (ConfUtils.java:logGet(43)) - raft.server.log.appender.install.snapshot.enabled = false (custom)
2019-10-08 03:52:47,018 [de700667-c827-4507-9d64-7cee8175844f@group-5CD242095470-LeaderElection73] INFO  impl.RoleInfo (RoleInfo.java:updateAndGet(143)) - de700667-c827-4507-9d64-7cee8175844f: start LeaderState
2019-10-08 03:52:47,018 [de700667-c827-4507-9d64-7cee8175844f@group-5CD242095470-LeaderElection73] INFO  segmented.SegmentedRaftLogWorker (SegmentedRaftLogWorker.java:startLogSegment(385)) - de700667-c827-4507-9d64-7cee8175844f@group-5CD242095470-SegmentedRaftLogWorker: Starting segment from index:0
2019-10-08 03:52:47,019 [de700667-c827-4507-9d64-7cee8175844f@group-5CD242095470-LeaderElection73] INFO  impl.RaftServerImpl (ServerState.java:setRaftConf(356)) - de700667-c827-4507-9d64-7cee8175844f@group-5CD242095470: set configuration 0: [de700667-c827-4507-9d64-7cee8175844f:192.168.151.83:39345, 89453ef1-964b-45ae-849c-d802d4dd61c8:192.168.151.83:34073, 970b5dc6-3c50-4c82-87dc-aa8302030428:192.168.151.83:34096], old=null at 0
2019-10-08 03:52:47,019 [grpc-default-executor-8] INFO  impl.RaftServerImpl (RaftServerImpl.java:requestVote(754)) - de700667-c827-4507-9d64-7cee8175844f@group-5CD242095470-   LEADER: Withhold vote from candidate 89453ef1-964b-45ae-849c-d802d4dd61c8 with term 2. State: leader=de700667-c827-4507-9d64-7cee8175844f, term=2, lastRpcElapsed=null
2019-10-08 03:52:47,053 [grpc-default-executor-8] INFO  impl.RaftServerImpl (ServerState.java:setLeader(255)) - 970b5dc6-3c50-4c82-87dc-aa8302030428@group-5CD242095470: change Leader from null to de700667-c827-4507-9d64-7cee8175844f at term 2 for appendEntries, leader elected after 10263ms
2019-10-08 03:52:47,054 [grpc-default-executor-5] INFO  impl.RaftServerImpl (RaftServerImpl.java:setRole(170)) - 89453ef1-964b-45ae-849c-d802d4dd61c8@group-5CD242095470: changes role from CANDIDATE to FOLLOWER at term 2 for appendEntries
2019-10-08 03:52:47,053 [89453ef1-964b-45ae-849c-d802d4dd61c8@group-5CD242095470-LeaderElection74] INFO  impl.LeaderElection (LeaderElection.java:logAndReturn(56)) - 89453ef1-964b-45ae-849c-d802d4dd61c8@group-5CD242095470-LeaderElection74: Election REJECTED; received 2 response(s) [89453ef1-964b-45ae-849c-d802d4dd61c8<-de700667-c827-4507-9d64-7cee8175844f#0:FAIL-t2, 89453ef1-964b-45ae-849c-d802d4dd61c8<-970b5dc6-3c50-4c82-87dc-aa8302030428#0:FAIL-t2] and 0 exception(s); 89453ef1-964b-45ae-849c-d802d4dd61c8@group-5CD242095470:t2, leader=null, voted=89453ef1-964b-45ae-849c-d802d4dd61c8, raftlog=89453ef1-964b-45ae-849c-d802d4dd61c8@group-5CD242095470-SegmentedRaftLog:OPENED:c-1,f-1,i0, conf=-1: [de700667-c827-4507-9d64-7cee8175844f:192.168.151.83:39345, 89453ef1-964b-45ae-849c-d802d4dd61c8:192.168.151.83:34073, 970b5dc6-3c50-4c82-87dc-aa8302030428:192.168.151.83:34096], old=null
2019-10-08 03:52:47,054 [grpc-default-executor-5] INFO  impl.RoleInfo (RoleInfo.java:shutdownLeaderElection(134)) - 89453ef1-964b-45ae-849c-d802d4dd61c8: shutdown LeaderElection
2019-10-08 03:52:47,055 [grpc-default-executor-5] INFO  impl.RoleInfo (RoleInfo.java:updateAndGet(143)) - 89453ef1-964b-45ae-849c-d802d4dd61c8: start FollowerState
2019-10-08 03:52:47,055 [grpc-default-executor-5] INFO  impl.RaftServerImpl (ServerState.java:setLeader(255)) - 89453ef1-964b-45ae-849c-d802d4dd61c8@group-5CD242095470: change Leader from null to de700667-c827-4507-9d64-7cee8175844f at term 2 for appendEntries, leader elected after 10265ms
2019-10-08 03:52:47,056 [grpc-default-executor-5] INFO  impl.RaftServerImpl (ServerState.java:setRaftConf(356)) - 970b5dc6-3c50-4c82-87dc-aa8302030428@group-5CD242095470: set configuration 0: [de700667-c827-4507-9d64-7cee8175844f:192.168.151.83:39345, 89453ef1-964b-45ae-849c-d802d4dd61c8:192.168.151.83:34073, 970b5dc6-3c50-4c82-87dc-aa8302030428:192.168.151.83:34096], old=null at 0
2019-10-08 03:52:47,057 [grpc-default-executor-5] INFO  segmented.SegmentedRaftLogWorker (SegmentedRaftLogWorker.java:startLogSegment(385)) - 970b5dc6-3c50-4c82-87dc-aa8302030428@group-5CD242095470-SegmentedRaftLogWorker: Starting segment from index:0
2019-10-08 03:52:47,057 [grpc-default-executor-8] INFO  impl.RaftServerImpl (ServerState.java:setRaftConf(356)) - 89453ef1-964b-45ae-849c-d802d4dd61c8@group-5CD242095470: set configuration 0: [de700667-c827-4507-9d64-7cee8175844f:192.168.151.83:39345, 89453ef1-964b-45ae-849c-d802d4dd61c8:192.168.151.83:34073, 970b5dc6-3c50-4c82-87dc-aa8302030428:192.168.151.83:34096], old=null at 0
2019-10-08 03:52:47,061 [grpc-default-executor-8] INFO  segmented.SegmentedRaftLogWorker (SegmentedRaftLogWorker.java:startLogSegment(385)) - 89453ef1-964b-45ae-849c-d802d4dd61c8@group-5CD242095470-SegmentedRaftLogWorker: Starting segment from index:0
2019-10-08 03:52:47,076 [de700667-c827-4507-9d64-7cee8175844f@group-5CD242095470-SegmentedRaftLogWorker] INFO  segmented.SegmentedRaftLogWorker (SegmentedRaftLogWorker.java:execute(574)) - de700667-c827-4507-9d64-7cee8175844f@group-5CD242095470-SegmentedRaftLogWorker: created new log segment /workdir/hadoop-ozone/integration-test/target/test-dir/MiniOzoneClusterImpl-a9be05cf-aef7-47c4-a115-9f43cc1793f2/datanode-1/data/ratis/45ce00b3-6fd1-41f1-9abd-5cd242095470/current/log_inprogress_0
2019-10-08 03:52:47,095 [970b5dc6-3c50-4c82-87dc-aa8302030428@group-5CD242095470-SegmentedRaftLogWorker] INFO  segmented.SegmentedRaftLogWorker (SegmentedRaftLogWorker.java:execute(574)) - 970b5dc6-3c50-4c82-87dc-aa8302030428@group-5CD242095470-SegmentedRaftLogWorker: created new log segment /workdir/hadoop-ozone/integration-test/target/test-dir/MiniOzoneClusterImpl-a9be05cf-aef7-47c4-a115-9f43cc1793f2/datanode-6/data/ratis/45ce00b3-6fd1-41f1-9abd-5cd242095470/current/log_inprogress_0
2019-10-08 03:52:47,100 [89453ef1-964b-45ae-849c-d802d4dd61c8@group-5CD242095470-SegmentedRaftLogWorker] INFO  segmented.SegmentedRaftLogWorker (SegmentedRaftLogWorker.java:execute(574)) - 89453ef1-964b-45ae-849c-d802d4dd61c8@group-5CD242095470-SegmentedRaftLogWorker: created new log segment /workdir/hadoop-ozone/integration-test/target/test-dir/MiniOzoneClusterImpl-a9be05cf-aef7-47c4-a115-9f43cc1793f2/datanode-5/data/ratis/45ce00b3-6fd1-41f1-9abd-5cd242095470/current/log_inprogress_0
2019-10-08 03:52:48,221 [main] INFO  ozone.MiniOzoneClusterImpl (MiniOzoneClusterImpl.java:shutdown(314)) - Shutting down the Mini Ozone Cluster
2019-10-08 03:52:48,222 [main] INFO  ozone.MiniOzoneClusterImpl (MiniOzoneClusterImpl.java:stop(330)) - Stopping the Mini Ozone Cluster
2019-10-08 03:52:48,222 [main] INFO  ozone.MiniOzoneClusterImpl (MiniOzoneClusterImpl.java:stopOM(400)) - Stopping the OzoneManager
2019-10-08 03:52:48,223 [main] INFO  ipc.Server (Server.java:stop(3082)) - Stopping server on 42654
2019-10-08 03:52:48,261 [IPC Server listener on 42654] INFO  ipc.Server (Server.java:run(1185)) - Stopping IPC Server listener on 42654
2019-10-08 03:52:48,264 [main] INFO  ratis.OzoneManagerDoubleBuffer (OzoneManagerDoubleBuffer.java:stop(248)) - Stopping OMDoubleBuffer flush thread
2019-10-08 03:52:48,264 [IPC Server Responder] INFO  ipc.Server (Server.java:run(1319)) - Stopping IPC Server Responder
2019-10-08 03:52:48,265 [OMDoubleBufferFlushThread] INFO  ratis.OzoneManagerDoubleBuffer (OzoneManagerDoubleBuffer.java:flushTransactions(191)) - OMDoubleBuffer flush thread OMDoubleBufferFlushThread is interrupted and will exit. OMDoubleBufferFlushThread
2019-10-08 03:52:48,265 [main] INFO  utils.BackgroundService (BackgroundService.java:shutdown(148)) - Shutting down service KeyDeletingService
2019-10-08 03:52:48,267 [main] INFO  handler.ContextHandler (ContextHandler.java:doStop(910)) - Stopped o.e.j.w.WebAppContext@4981d95b{/,null,UNAVAILABLE}{/ozoneManager}
2019-10-08 03:52:48,268 [main] INFO  server.AbstractConnector (AbstractConnector.java:doStop(318)) - Stopped ServerConnector@656842bc{HTTP/1.1,[http/1.1]}{0.0.0.0:0}
2019-10-08 03:52:48,269 [main] INFO  handler.ContextHandler (ContextHandler.java:doStop(910)) - Stopped o.e.j.s.ServletContextHandler@4fd74223{/static,file:///workdir/hadoop-ozone/integration-test/target/test-classes/webapps/static,UNAVAILABLE}
2019-10-08 03:52:48,269 [main] INFO  handler.ContextHandler (ContextHandler.java:doStop(910)) - Stopped o.e.j.s.ServletContextHandler@4f664bee{/logs,file:///workdir/hadoop-ozone/integration-test/target/log,UNAVAILABLE}
2019-10-08 03:52:48,272 [main] INFO  ozone.MiniOzoneClusterImpl (MiniOzoneClusterImpl.java:stopDatanodes(377)) - Stopping the HddsDatanodes
2019-10-08 03:52:48,379 [Datanode State Machine Thread - 0] INFO  statemachine.DatanodeStateMachine (DatanodeStateMachine.java:lambda$startDaemon$0(350)) - Ozone container server started.
2019-10-08 03:52:48,566 [grpc-default-executor-9] WARN  server.GrpcLogAppender (LogUtils.java:warn(134)) - 89453ef1-964b-45ae-849c-d802d4dd61c8@group-12291FDC6714->f5673c71-2777-46e9-9e6f-25a508b41700-AppendLogResponseHandler: Failed appendEntries: org.apache.ratis.thirdparty.io.grpc.StatusRuntimeException: UNAVAILABLE: io exception
2019-10-08 03:52:48,566 [grpc-default-executor-9] INFO  impl.FollowerInfo (FollowerInfo.java:lambda$new$0(51)) - 89453ef1-964b-45ae-849c-d802d4dd61c8@group-12291FDC6714->f5673c71-2777-46e9-9e6f-25a508b41700: nextIndex: updateUnconditionally 0 -> 0
2019-10-08 03:52:49,169 [Datanode State Machine Thread - 0] INFO  statemachine.DatanodeStateMachine (DatanodeStateMachine.java:lambda$startDaemon$0(350)) - Ozone container server started.
2019-10-08 03:52:51,068 [grpc-default-executor-5] WARN  server.GrpcLogAppender (LogUtils.java:warn(134)) - 89453ef1-964b-45ae-849c-d802d4dd61c8@group-12291FDC6714->f5673c71-2777-46e9-9e6f-25a508b41700-AppendLogResponseHandler: Failed appendEntries: org.apache.ratis.thirdparty.io.grpc.StatusRuntimeException: UNAVAILABLE: io exception
2019-10-08 03:52:51,070 [grpc-default-executor-5] INFO  impl.FollowerInfo (FollowerInfo.java:lambda$new$0(51)) - 89453ef1-964b-45ae-849c-d802d4dd61c8@group-12291FDC6714->f5673c71-2777-46e9-9e6f-25a508b41700: nextIndex: updateUnconditionally 0 -> 0
2019-10-08 03:52:52,470 [EventQueue-StaleNodeForStaleNodeHandler] INFO  node.StaleNodeHandler (StaleNodeHandler.java:onMessage(58)) - Datanode 1f3a770e-e5ec-441a-afb4-472a8b96c489{ip: 192.168.151.83, host: pr-hdds-2217-jqnfv-3133698562, networkLocation: /default-rack, certSerialId: null} moved to stale state. Finalizing its pipelines [PipelineID=726212e2-326b-4afd-8cea-613219b09ffd, PipelineID=709aa1a9-7348-4202-99e2-ae3991f4badc]
2019-10-08 03:52:52,471 [EventQueue-StaleNodeForStaleNodeHandler] INFO  pipeline.SCMPipelineManager (SCMPipelineManager.java:finalizeAndDestroyPipeline(315)) - destroying pipeline:Pipeline[ Id: 726212e2-326b-4afd-8cea-613219b09ffd, Nodes: 2d498c71-865b-4173-9483-847e0f5f0e11{ip: 192.168.151.83, host: pr-hdds-2217-jqnfv-3133698562, networkLocation: /default-rack, certSerialId: null}1f3a770e-e5ec-441a-afb4-472a8b96c489{ip: 192.168.151.83, host: pr-hdds-2217-jqnfv-3133698562, networkLocation: /default-rack, certSerialId: null}d458369f-b65d-46d3-806a-6076be0425d4{ip: 192.168.151.83, host: pr-hdds-2217-jqnfv-3133698562, networkLocation: /default-rack, certSerialId: null}, Type:RATIS, Factor:THREE, State:OPEN]
2019-10-08 03:52:52,471 [EventQueue-StaleNodeForStaleNodeHandler] INFO  pipeline.PipelineStateManager (PipelineStateManager.java:finalizePipeline(123)) - Pipeline Pipeline[ Id: 726212e2-326b-4afd-8cea-613219b09ffd, Nodes: 2d498c71-865b-4173-9483-847e0f5f0e11{ip: 192.168.151.83, host: pr-hdds-2217-jqnfv-3133698562, networkLocation: /default-rack, certSerialId: null}1f3a770e-e5ec-441a-afb4-472a8b96c489{ip: 192.168.151.83, host: pr-hdds-2217-jqnfv-3133698562, networkLocation: /default-rack, certSerialId: null}d458369f-b65d-46d3-806a-6076be0425d4{ip: 192.168.151.83, host: pr-hdds-2217-jqnfv-3133698562, networkLocation: /default-rack, certSerialId: null}, Type:RATIS, Factor:THREE, State:CLOSED] moved to CLOSED state
2019-10-08 03:52:52,472 [EventQueue-CloseContainerForCloseContainerEventHandler] INFO  container.CloseContainerEventHandler (CloseContainerEventHandler.java:onMessage(61)) - Close container Event triggered for container : #2
2019-10-08 03:52:52,482 [EventQueue-StaleNodeForStaleNodeHandler] INFO  pipeline.SCMPipelineManager (SCMPipelineManager.java:finalizeAndDestroyPipeline(315)) - destroying pipeline:Pipeline[ Id: 709aa1a9-7348-4202-99e2-ae3991f4badc, Nodes: 1f3a770e-e5ec-441a-afb4-472a8b96c489{ip: 192.168.151.83, host: pr-hdds-2217-jqnfv-3133698562, networkLocation: /default-rack, certSerialId: null}, Type:RATIS, Factor:ONE, State:OPEN]
2019-10-08 03:52:52,484 [EventQueue-StaleNodeForStaleNodeHandler] INFO  pipeline.PipelineStateManager (PipelineStateManager.java:finalizePipeline(123)) - Pipeline Pipeline[ Id: 709aa1a9-7348-4202-99e2-ae3991f4badc, Nodes: 1f3a770e-e5ec-441a-afb4-472a8b96c489{ip: 192.168.151.83, host: pr-hdds-2217-jqnfv-3133698562, networkLocation: /default-rack, certSerialId: null}, Type:RATIS, Factor:ONE, State:CLOSED] moved to CLOSED state
2019-10-08 03:52:53,271 [EventQueue-StaleNodeForStaleNodeHandler] INFO  node.StaleNodeHandler (StaleNodeHandler.java:onMessage(58)) - Datanode de700667-c827-4507-9d64-7cee8175844f{ip: 192.168.151.83, host: pr-hdds-2217-jqnfv-3133698562, networkLocation: /default-rack, certSerialId: null} moved to stale state. Finalizing its pipelines [PipelineID=2915f879-8756-416b-b3d1-12291fdc6714, PipelineID=a85e0171-05f6-42d6-9911-6e9f3ab6fbb3, PipelineID=45ce00b3-6fd1-41f1-9abd-5cd242095470]
2019-10-08 03:52:53,271 [EventQueue-StaleNodeForStaleNodeHandler] INFO  pipeline.SCMPipelineManager (SCMPipelineManager.java:finalizeAndDestroyPipeline(315)) - destroying pipeline:Pipeline[ Id: 2915f879-8756-416b-b3d1-12291fdc6714, Nodes: f5673c71-2777-46e9-9e6f-25a508b41700{ip: 192.168.151.83, host: pr-hdds-2217-jqnfv-3133698562, networkLocation: /default-rack, certSerialId: null}de700667-c827-4507-9d64-7cee8175844f{ip: 192.168.151.83, host: pr-hdds-2217-jqnfv-3133698562, networkLocation: /default-rack, certSerialId: null}89453ef1-964b-45ae-849c-d802d4dd61c8{ip: 192.168.151.83, host: pr-hdds-2217-jqnfv-3133698562, networkLocation: /default-rack, certSerialId: null}, Type:RATIS, Factor:THREE, State:CLOSED]
2019-10-08 03:52:53,272 [EventQueue-StaleNodeForStaleNodeHandler] INFO  pipeline.SCMPipelineManager (SCMPipelineManager.java:finalizeAndDestroyPipeline(315)) - destroying pipeline:Pipeline[ Id: a85e0171-05f6-42d6-9911-6e9f3ab6fbb3, Nodes: de700667-c827-4507-9d64-7cee8175844f{ip: 192.168.151.83, host: pr-hdds-2217-jqnfv-3133698562, networkLocation: /default-rack, certSerialId: null}, Type:RATIS, Factor:ONE, State:OPEN]
2019-10-08 03:52:53,272 [EventQueue-StaleNodeForStaleNodeHandler] INFO  pipeline.PipelineStateManager (PipelineStateManager.java:finalizePipeline(123)) - Pipeline Pipeline[ Id: a85e0171-05f6-42d6-9911-6e9f3ab6fbb3, Nodes: de700667-c827-4507-9d64-7cee8175844f{ip: 192.168.151.83, host: pr-hdds-2217-jqnfv-3133698562, networkLocation: /default-rack, certSerialId: null}, Type:RATIS, Factor:ONE, State:CLOSED] moved to CLOSED state
2019-10-08 03:52:53,272 [EventQueue-StaleNodeForStaleNodeHandler] INFO  pipeline.SCMPipelineManager (SCMPipelineManager.java:finalizeAndDestroyPipeline(315)) - destroying pipeline:Pipeline[ Id: 45ce00b3-6fd1-41f1-9abd-5cd242095470, Nodes: de700667-c827-4507-9d64-7cee8175844f{ip: 192.168.151.83, host: pr-hdds-2217-jqnfv-3133698562, networkLocation: /default-rack, certSerialId: null}89453ef1-964b-45ae-849c-d802d4dd61c8{ip: 192.168.151.83, host: pr-hdds-2217-jqnfv-3133698562, networkLocation: /default-rack, certSerialId: null}970b5dc6-3c50-4c82-87dc-aa8302030428{ip: 192.168.151.83, host: pr-hdds-2217-jqnfv-3133698562, networkLocation: /default-rack, certSerialId: null}, Type:RATIS, Factor:THREE, State:OPEN]
2019-10-08 03:52:53,272 [EventQueue-StaleNodeForStaleNodeHandler] INFO  pipeline.PipelineStateManager (PipelineStateManager.java:finalizePipeline(123)) - Pipeline Pipeline[ Id: 45ce00b3-6fd1-41f1-9abd-5cd242095470, Nodes: de700667-c827-4507-9d64-7cee8175844f{ip: 192.168.151.83, host: pr-hdds-2217-jqnfv-3133698562, networkLocation: /default-rack, certSerialId: null}89453ef1-964b-45ae-849c-d802d4dd61c8{ip: 192.168.151.83, host: pr-hdds-2217-jqnfv-3133698562, networkLocation: /default-rack, certSerialId: null}970b5dc6-3c50-4c82-87dc-aa8302030428{ip: 192.168.151.83, host: pr-hdds-2217-jqnfv-3133698562, networkLocation: /default-rack, certSerialId: null}, Type:RATIS, Factor:THREE, State:CLOSED] moved to CLOSED state
2019-10-08 03:52:53,272 [EventQueue-CloseContainerForCloseContainerEventHandler] INFO  container.CloseContainerEventHandler (CloseContainerEventHandler.java:onMessage(61)) - Close container Event triggered for container : #3
2019-10-08 03:52:53,278 [ForkJoinPool.commonPool-worker-1] INFO  ozoneimpl.OzoneContainer (OzoneContainer.java:stop(227)) - Attempting to stop container services.
2019-10-08 03:52:53,278 [main] INFO  ozoneimpl.OzoneContainer (OzoneContainer.java:stop(227)) - Attempting to stop container services.
2019-10-08 03:52:53,282 [ForkJoinPool.commonPool-worker-1] INFO  impl.RaftServerProxy (RaftServerProxy.java:lambda$close$4(314)) - de700667-c827-4507-9d64-7cee8175844f: close
2019-10-08 03:52:53,282 [main] INFO  impl.RaftServerProxy (RaftServerProxy.java:lambda$close$4(314)) - 1f3a770e-e5ec-441a-afb4-472a8b96c489: close
2019-10-08 03:52:53,282 [ForkJoinPool.commonPool-worker-1] INFO  impl.RaftServerImpl (RaftServerImpl.java:lambda$shutdown$3(247)) - de700667-c827-4507-9d64-7cee8175844f@group-12291FDC6714: shutdown
2019-10-08 03:52:53,283 [main] INFO  impl.RaftServerImpl (RaftServerImpl.java:lambda$shutdown$3(247)) - 1f3a770e-e5ec-441a-afb4-472a8b96c489@group-613219B09FFD: shutdown
2019-10-08 03:52:53,283 [ForkJoinPool.commonPool-worker-1] INFO  util.JmxRegister (JmxRegister.java:unregister(73)) - Successfully un-registered JMX Bean with object name Ratis:service=RaftServer,group=group-12291FDC6714,id=de700667-c827-4507-9d64-7cee8175844f
2019-10-08 03:52:53,283 [main] INFO  util.JmxRegister (JmxRegister.java:unregister(73)) - Successfully un-registered JMX Bean with object name Ratis:service=RaftServer,group=group-613219B09FFD,id=1f3a770e-e5ec-441a-afb4-472a8b96c489
2019-10-08 03:52:53,283 [ForkJoinPool.commonPool-worker-1] INFO  impl.RoleInfo (RoleInfo.java:shutdownFollowerState(121)) - de700667-c827-4507-9d64-7cee8175844f: shutdown FollowerState
2019-10-08 03:52:53,284 [main] INFO  impl.RoleInfo (RoleInfo.java:shutdownFollowerState(121)) - 1f3a770e-e5ec-441a-afb4-472a8b96c489: shutdown FollowerState
2019-10-08 03:52:53,284 [Thread-3237] INFO  impl.FollowerState (FollowerState.java:run(117)) - de700667-c827-4507-9d64-7cee8175844f@group-12291FDC6714-FollowerState was interrupted: java.lang.InterruptedException: sleep interrupted
2019-10-08 03:52:53,284 [ForkJoinPool.commonPool-worker-1] INFO  impl.StateMachineUpdater (StateMachineUpdater.java:stopAndJoin(136)) - de700667-c827-4507-9d64-7cee8175844f@group-12291FDC6714-StateMachineUpdater: set stopIndex = 18
2019-10-08 03:52:53,287 [1f3a770e-e5ec-441a-afb4-472a8b96c489@group-613219B09FFD-StateMachineUpdater] INFO  ratis.ContainerStateMachine (ContainerStateMachine.java:takeSnapshot(294)) - group-613219B09FFD: Taking a snapshot at:(t:1, i:16) file /workdir/hadoop-ozone/integration-test/target/test-dir/MiniOzoneClusterImpl-a9be05cf-aef7-47c4-a115-9f43cc1793f2/datanode-4/data/ratis/726212e2-326b-4afd-8cea-613219b09ffd/sm/snapshot.1_16
2019-10-08 03:52:53,287 [Thread-3112] INFO  impl.FollowerState (FollowerState.java:run(117)) - 1f3a770e-e5ec-441a-afb4-472a8b96c489@group-613219B09FFD-FollowerState was interrupted: java.lang.InterruptedException: sleep interrupted
2019-10-08 03:52:53,284 [main] INFO  impl.StateMachineUpdater (StateMachineUpdater.java:stopAndJoin(136)) - 1f3a770e-e5ec-441a-afb4-472a8b96c489@group-613219B09FFD-StateMachineUpdater: set stopIndex = 16
2019-10-08 03:52:53,284 [de700667-c827-4507-9d64-7cee8175844f@group-12291FDC6714-StateMachineUpdater] INFO  ratis.ContainerStateMachine (ContainerStateMachine.java:takeSnapshot(294)) - group-12291FDC6714: Taking a snapshot at:(t:1, i:14) file /workdir/hadoop-ozone/integration-test/target/test-dir/MiniOzoneClusterImpl-a9be05cf-aef7-47c4-a115-9f43cc1793f2/datanode-1/data/ratis/2915f879-8756-416b-b3d1-12291fdc6714/sm/snapshot.1_14
2019-10-08 03:52:53,316 [de700667-c827-4507-9d64-7cee8175844f@group-12291FDC6714-StateMachineUpdater] INFO  ratis.ContainerStateMachine (ContainerStateMachine.java:takeSnapshot(305)) - group-12291FDC6714: Finished taking a snapshot at:(t:1, i:14) file:/workdir/hadoop-ozone/integration-test/target/test-dir/MiniOzoneClusterImpl-a9be05cf-aef7-47c4-a115-9f43cc1793f2/datanode-1/data/ratis/2915f879-8756-416b-b3d1-12291fdc6714/sm/snapshot.1_14 time:32
2019-10-08 03:52:53,316 [1f3a770e-e5ec-441a-afb4-472a8b96c489@group-613219B09FFD-StateMachineUpdater] INFO  ratis.ContainerStateMachine (ContainerStateMachine.java:takeSnapshot(305)) - group-613219B09FFD: Finished taking a snapshot at:(t:1, i:16) file:/workdir/hadoop-ozone/integration-test/target/test-dir/MiniOzoneClusterImpl-a9be05cf-aef7-47c4-a115-9f43cc1793f2/datanode-4/data/ratis/726212e2-326b-4afd-8cea-613219b09ffd/sm/snapshot.1_16 time:32
2019-10-08 03:52:53,317 [de700667-c827-4507-9d64-7cee8175844f@group-12291FDC6714-StateMachineUpdater] INFO  impl.StateMachineUpdater (StateMachineUpdater.java:takeSnapshot(269)) - de700667-c827-4507-9d64-7cee8175844f@group-12291FDC6714-StateMachineUpdater: Took a snapshot at index 14
2019-10-08 03:52:53,317 [1f3a770e-e5ec-441a-afb4-472a8b96c489@group-613219B09FFD-StateMachineUpdater] INFO  impl.StateMachineUpdater (StateMachineUpdater.java:takeSnapshot(269)) - 1f3a770e-e5ec-441a-afb4-472a8b96c489@group-613219B09FFD-StateMachineUpdater: Took a snapshot at index 16
2019-10-08 03:52:53,317 [de700667-c827-4507-9d64-7cee8175844f@group-12291FDC6714-StateMachineUpdater] INFO  impl.StateMachineUpdater (StateMachineUpdater.java:lambda$new$0(84)) - de700667-c827-4507-9d64-7cee8175844f@group-12291FDC6714-StateMachineUpdater: snapshotIndex: updateIncreasingly -1 -> 14
2019-10-08 03:52:53,317 [1f3a770e-e5ec-441a-afb4-472a8b96c489@group-613219B09FFD-StateMachineUpdater] INFO  impl.StateMachineUpdater (StateMachineUpdater.java:lambda$new$0(84)) - 1f3a770e-e5ec-441a-afb4-472a8b96c489@group-613219B09FFD-StateMachineUpdater: snapshotIndex: updateIncreasingly -1 -> 16
2019-10-08 03:52:53,317 [de700667-c827-4507-9d64-7cee8175844f@group-12291FDC6714-StateMachineUpdater] INFO  ratis.ContainerStateMachine (ContainerStateMachine.java:takeSnapshot(294)) - group-12291FDC6714: Taking a snapshot at:(t:1, i:14) file /workdir/hadoop-ozone/integration-test/target/test-dir/MiniOzoneClusterImpl-a9be05cf-aef7-47c4-a115-9f43cc1793f2/datanode-1/data/ratis/2915f879-8756-416b-b3d1-12291fdc6714/sm/snapshot.1_14
2019-10-08 03:52:53,318 [main] INFO  impl.RaftServerImpl (ServerState.java:close(387)) - 1f3a770e-e5ec-441a-afb4-472a8b96c489@group-613219B09FFD: closes. applyIndex: 16
2019-10-08 03:52:53,318 [1f3a770e-e5ec-441a-afb4-472a8b96c489@group-613219B09FFD-SegmentedRaftLogWorker] INFO  segmented.SegmentedRaftLogWorker (SegmentedRaftLogWorker.java:run(316)) - 1f3a770e-e5ec-441a-afb4-472a8b96c489@group-613219B09FFD-SegmentedRaftLogWorker was interrupted, exiting. There are 0 tasks remaining in the queue.
2019-10-08 03:52:53,321 [main] INFO  segmented.SegmentedRaftLogWorker (SegmentedRaftLogWorker.java:close(224)) - 1f3a770e-e5ec-441a-afb4-472a8b96c489@group-613219B09FFD-SegmentedRaftLogWorker close()
2019-10-08 03:52:53,326 [main] INFO  impl.RaftServerImpl (RaftServerImpl.java:lambda$shutdown$3(247)) - 1f3a770e-e5ec-441a-afb4-472a8b96c489@group-AE3991F4BADC: shutdown
2019-10-08 03:52:53,326 [main] INFO  util.JmxRegister (JmxRegister.java:unregister(73)) - Successfully un-registered JMX Bean with object name Ratis:service=RaftServer,group=group-AE3991F4BADC,id=1f3a770e-e5ec-441a-afb4-472a8b96c489
2019-10-08 03:52:53,327 [main] INFO  impl.RoleInfo (RoleInfo.java:shutdownLeaderState(104)) - 1f3a770e-e5ec-441a-afb4-472a8b96c489: shutdown LeaderState
2019-10-08 03:52:53,327 [main] INFO  impl.PendingRequests (PendingRequests.java:sendNotLeaderResponses(202)) - 1f3a770e-e5ec-441a-afb4-472a8b96c489@group-AE3991F4BADC-PendingRequests: sendNotLeaderResponses
2019-10-08 03:52:53,328 [main] INFO  impl.StateMachineUpdater (StateMachineUpdater.java:stopAndJoin(136)) - 1f3a770e-e5ec-441a-afb4-472a8b96c489@group-AE3991F4BADC-StateMachineUpdater: set stopIndex = 0
2019-10-08 03:52:53,328 [main] INFO  impl.RaftServerImpl (ServerState.java:close(387)) - 1f3a770e-e5ec-441a-afb4-472a8b96c489@group-AE3991F4BADC: closes. applyIndex: 0
2019-10-08 03:52:53,329 [1f3a770e-e5ec-441a-afb4-472a8b96c489@group-AE3991F4BADC-SegmentedRaftLogWorker] INFO  segmented.SegmentedRaftLogWorker (SegmentedRaftLogWorker.java:run(316)) - 1f3a770e-e5ec-441a-afb4-472a8b96c489@group-AE3991F4BADC-SegmentedRaftLogWorker was interrupted, exiting. There are 0 tasks remaining in the queue.
2019-10-08 03:52:53,331 [de700667-c827-4507-9d64-7cee8175844f@group-12291FDC6714-StateMachineUpdater] INFO  ratis.ContainerStateMachine (ContainerStateMachine.java:takeSnapshot(305)) - group-12291FDC6714: Finished taking a snapshot at:(t:1, i:14) file:/workdir/hadoop-ozone/integration-test/target/test-dir/MiniOzoneClusterImpl-a9be05cf-aef7-47c4-a115-9f43cc1793f2/datanode-1/data/ratis/2915f879-8756-416b-b3d1-12291fdc6714/sm/snapshot.1_14 time:14
2019-10-08 03:52:53,331 [main] INFO  segmented.SegmentedRaftLogWorker (SegmentedRaftLogWorker.java:close(224)) - 1f3a770e-e5ec-441a-afb4-472a8b96c489@group-AE3991F4BADC-SegmentedRaftLogWorker close()
2019-10-08 03:52:53,331 [de700667-c827-4507-9d64-7cee8175844f@group-12291FDC6714-StateMachineUpdater] INFO  impl.StateMachineUpdater (StateMachineUpdater.java:takeSnapshot(269)) - de700667-c827-4507-9d64-7cee8175844f@group-12291FDC6714-StateMachineUpdater: Took a snapshot at index 14
2019-10-08 03:52:53,336 [de700667-c827-4507-9d64-7cee8175844f@group-12291FDC6714-StateMachineUpdater] INFO  impl.StateMachineUpdater (StateMachineUpdater.java:lambda$new$0(84)) - de700667-c827-4507-9d64-7cee8175844f@group-12291FDC6714-StateMachineUpdater: snapshotIndex: updateIncreasingly 14 -> 14
2019-10-08 03:52:53,336 [main] INFO  server.GrpcService (GrpcService.java:closeImpl(164)) - 1f3a770e-e5ec-441a-afb4-472a8b96c489: shutdown server with port 38913 now
2019-10-08 03:52:53,336 [ForkJoinPool.commonPool-worker-1] INFO  impl.RaftServerImpl (ServerState.java:close(387)) - de700667-c827-4507-9d64-7cee8175844f@group-12291FDC6714: closes. applyIndex: 18
2019-10-08 03:52:53,337 [de700667-c827-4507-9d64-7cee8175844f@group-12291FDC6714-SegmentedRaftLogWorker] INFO  segmented.SegmentedRaftLogWorker (SegmentedRaftLogWorker.java:run(316)) - de700667-c827-4507-9d64-7cee8175844f@group-12291FDC6714-SegmentedRaftLogWorker was interrupted, exiting. There are 0 tasks remaining in the queue.
2019-10-08 03:52:53,339 [ForkJoinPool.commonPool-worker-1] INFO  segmented.SegmentedRaftLogWorker (SegmentedRaftLogWorker.java:close(224)) - de700667-c827-4507-9d64-7cee8175844f@group-12291FDC6714-SegmentedRaftLogWorker close()
2019-10-08 03:52:53,342 [ForkJoinPool.commonPool-worker-1] INFO  impl.RaftServerImpl (RaftServerImpl.java:lambda$shutdown$3(247)) - de700667-c827-4507-9d64-7cee8175844f@group-6E9F3AB6FBB3: shutdown
2019-10-08 03:52:53,342 [grpc-default-executor-5] WARN  server.GrpcServerProtocolService (LogUtils.java:warn(134)) - 1f3a770e-e5ec-441a-afb4-472a8b96c489: installSnapshot onError, lastRequest: 2d498c71-865b-4173-9483-847e0f5f0e11->1f3a770e-e5ec-441a-afb4-472a8b96c489#30-t1, previous=(t:1, i:16), leaderCommit=16, initializing? false, entries: <empty>: org.apache.ratis.thirdparty.io.grpc.StatusRuntimeException: CANCELLED: cancelled before receiving half close
2019-10-08 03:52:53,343 [main] INFO  server.GrpcService (GrpcService.java:closeImpl(172)) - 1f3a770e-e5ec-441a-afb4-472a8b96c489: shutdown server with port 38913 successfully
2019-10-08 03:52:53,343 [grpc-default-executor-9] WARN  server.GrpcLogAppender (LogUtils.java:warn(134)) - 2d498c71-865b-4173-9483-847e0f5f0e11@group-613219B09FFD->1f3a770e-e5ec-441a-afb4-472a8b96c489-AppendLogResponseHandler: Failed appendEntries: org.apache.ratis.thirdparty.io.grpc.StatusRuntimeException: CANCELLED: HTTP/2 error code: CANCEL
Received Rst Stream
2019-10-08 03:52:53,343 [ForkJoinPool.commonPool-worker-1] INFO  util.JmxRegister (JmxRegister.java:unregister(73)) - Successfully un-registered JMX Bean with object name Ratis:service=RaftServer,group=group-6E9F3AB6FBB3,id=de700667-c827-4507-9d64-7cee8175844f
2019-10-08 03:52:53,344 [grpc-default-executor-9] INFO  impl.FollowerInfo (FollowerInfo.java:lambda$new$0(51)) - 2d498c71-865b-4173-9483-847e0f5f0e11@group-613219B09FFD->1f3a770e-e5ec-441a-afb4-472a8b96c489: nextIndex: updateUnconditionally 17 -> 16
2019-10-08 03:52:53,344 [ForkJoinPool.commonPool-worker-1] INFO  impl.RoleInfo (RoleInfo.java:shutdownLeaderState(104)) - de700667-c827-4507-9d64-7cee8175844f: shutdown LeaderState
2019-10-08 03:52:53,344 [ForkJoinPool.commonPool-worker-1] INFO  impl.PendingRequests (PendingRequests.java:sendNotLeaderResponses(202)) - de700667-c827-4507-9d64-7cee8175844f@group-6E9F3AB6FBB3-PendingRequests: sendNotLeaderResponses
2019-10-08 03:52:53,345 [ForkJoinPool.commonPool-worker-1] INFO  impl.StateMachineUpdater (StateMachineUpdater.java:stopAndJoin(136)) - de700667-c827-4507-9d64-7cee8175844f@group-6E9F3AB6FBB3-StateMachineUpdater: set stopIndex = 0
2019-10-08 03:52:53,345 [ForkJoinPool.commonPool-worker-1] INFO  impl.RaftServerImpl (ServerState.java:close(387)) - de700667-c827-4507-9d64-7cee8175844f@group-6E9F3AB6FBB3: closes. applyIndex: 0
2019-10-08 03:52:53,346 [de700667-c827-4507-9d64-7cee8175844f@group-6E9F3AB6FBB3-SegmentedRaftLogWorker] INFO  segmented.SegmentedRaftLogWorker (SegmentedRaftLogWorker.java:run(316)) - de700667-c827-4507-9d64-7cee8175844f@group-6E9F3AB6FBB3-SegmentedRaftLogWorker was interrupted, exiting. There are 0 tasks remaining in the queue.
2019-10-08 03:52:53,349 [ForkJoinPool.commonPool-worker-1] INFO  segmented.SegmentedRaftLogWorker (SegmentedRaftLogWorker.java:close(224)) - de700667-c827-4507-9d64-7cee8175844f@group-6E9F3AB6FBB3-SegmentedRaftLogWorker close()
2019-10-08 03:52:53,354 [ForkJoinPool.commonPool-worker-1] INFO  impl.RaftServerImpl (RaftServerImpl.java:lambda$shutdown$3(247)) - de700667-c827-4507-9d64-7cee8175844f@group-5CD242095470: shutdown
2019-10-08 03:52:53,355 [ForkJoinPool.commonPool-worker-1] INFO  util.JmxRegister (JmxRegister.java:unregister(73)) - Successfully un-registered JMX Bean with object name Ratis:service=RaftServer,group=group-5CD242095470,id=de700667-c827-4507-9d64-7cee8175844f
2019-10-08 03:52:53,355 [ForkJoinPool.commonPool-worker-1] INFO  impl.RoleInfo (RoleInfo.java:shutdownLeaderState(104)) - de700667-c827-4507-9d64-7cee8175844f: shutdown LeaderState
2019-10-08 03:52:53,355 [refreshUsed-/workdir/hadoop-ozone/integration-test/target/test-dir/MiniOzoneClusterImpl-a9be05cf-aef7-47c4-a115-9f43cc1793f2/datanode-4/data/containers] WARN  fs.CachingGetSpaceUsed (CachingGetSpaceUsed.java:run(183)) - Thread Interrupted waiting to refresh disk information: sleep interrupted
2019-10-08 03:52:53,361 [ForkJoinPool.commonPool-worker-1] INFO  impl.PendingRequests (PendingRequests.java:sendNotLeaderResponses(202)) - de700667-c827-4507-9d64-7cee8175844f@group-5CD242095470-PendingRequests: sendNotLeaderResponses
2019-10-08 03:52:53,361 [org.apache.ratis.server.impl.LogAppender$AppenderDaemon$$Lambda$514/1885687276@4b385665] WARN  server.GrpcLogAppender (GrpcLogAppender.java:mayWait(143)) - de700667-c827-4507-9d64-7cee8175844f@group-5CD242095470->89453ef1-964b-45ae-849c-d802d4dd61c8-GrpcLogAppender: Wait interrupted by java.lang.InterruptedException
2019-10-08 03:52:53,361 [org.apache.ratis.server.impl.LogAppender$AppenderDaemon$$Lambda$514/1885687276@5afe0ab6] WARN  server.GrpcLogAppender (GrpcLogAppender.java:mayWait(143)) - de700667-c827-4507-9d64-7cee8175844f@group-5CD242095470->970b5dc6-3c50-4c82-87dc-aa8302030428-GrpcLogAppender: Wait interrupted by java.lang.InterruptedException
2019-10-08 03:52:53,381 [grpc-default-executor-5] INFO  server.GrpcServerProtocolService (GrpcServerProtocolService.java:onCompleted(113)) - 89453ef1-964b-45ae-849c-d802d4dd61c8: Completed APPEND_ENTRIES, lastRequest: de700667-c827-4507-9d64-7cee8175844f->89453ef1-964b-45ae-849c-d802d4dd61c8#7-t2, previous=(t:2, i:4), leaderCommit=4, initializing? false, entries: <empty>
2019-10-08 03:52:53,381 [de700667-c827-4507-9d64-7cee8175844f@group-5CD242095470-StateMachineUpdater] INFO  ratis.ContainerStateMachine (ContainerStateMachine.java:takeSnapshot(294)) - group-5CD242095470: Taking a snapshot at:(t:2, i:4) file /workdir/hadoop-ozone/integration-test/target/test-dir/MiniOzoneClusterImpl-a9be05cf-aef7-47c4-a115-9f43cc1793f2/datanode-1/data/ratis/45ce00b3-6fd1-41f1-9abd-5cd242095470/sm/snapshot.2_4
2019-10-08 03:52:53,381 [ForkJoinPool.commonPool-worker-1] INFO  impl.StateMachineUpdater (StateMachineUpdater.java:stopAndJoin(136)) - de700667-c827-4507-9d64-7cee8175844f@group-5CD242095470-StateMachineUpdater: set stopIndex = 4
2019-10-08 03:52:53,382 [grpc-default-executor-9] INFO  server.GrpcLogAppender (GrpcLogAppender.java:onCompleted(293)) - de700667-c827-4507-9d64-7cee8175844f@group-5CD242095470->89453ef1-964b-45ae-849c-d802d4dd61c8-AppendLogResponseHandler: follower responses appendEntries COMPLETED
2019-10-08 03:52:53,382 [grpc-default-executor-5] INFO  server.GrpcServerProtocolService (GrpcServerProtocolService.java:onCompleted(113)) - 970b5dc6-3c50-4c82-87dc-aa8302030428: Completed APPEND_ENTRIES, lastRequest: de700667-c827-4507-9d64-7cee8175844f->970b5dc6-3c50-4c82-87dc-aa8302030428#7-t2, previous=(t:2, i:4), leaderCommit=4, initializing? false, entries: <empty>
2019-10-08 03:52:53,382 [grpc-default-executor-9] INFO  impl.FollowerInfo (FollowerInfo.java:lambda$new$0(51)) - de700667-c827-4507-9d64-7cee8175844f@group-5CD242095470->89453ef1-964b-45ae-849c-d802d4dd61c8: nextIndex: updateUnconditionally 5 -> 4
2019-10-08 03:52:53,383 [grpc-default-executor-5] INFO  server.GrpcLogAppender (GrpcLogAppender.java:onCompleted(293)) - de700667-c827-4507-9d64-7cee8175844f@group-5CD242095470->970b5dc6-3c50-4c82-87dc-aa8302030428-AppendLogResponseHandler: follower responses appendEntries COMPLETED
2019-10-08 03:52:53,383 [grpc-default-executor-5] INFO  impl.FollowerInfo (FollowerInfo.java:lambda$new$0(51)) - de700667-c827-4507-9d64-7cee8175844f@group-5CD242095470->970b5dc6-3c50-4c82-87dc-aa8302030428: nextIndex: updateUnconditionally 5 -> 4
2019-10-08 03:52:53,403 [main] INFO  utils.BackgroundService (BackgroundService.java:shutdown(148)) - Shutting down service BlockDeletingService
2019-10-08 03:52:53,408 [de700667-c827-4507-9d64-7cee8175844f@group-5CD242095470-StateMachineUpdater] INFO  ratis.ContainerStateMachine (ContainerStateMachine.java:takeSnapshot(305)) - group-5CD242095470: Finished taking a snapshot at:(t:2, i:4) file:/workdir/hadoop-ozone/integration-test/target/test-dir/MiniOzoneClusterImpl-a9be05cf-aef7-47c4-a115-9f43cc1793f2/datanode-1/data/ratis/45ce00b3-6fd1-41f1-9abd-5cd242095470/sm/snapshot.2_4 time:26
2019-10-08 03:52:53,410 [main] INFO  statemachine.DatanodeStateMachine (DatanodeStateMachine.java:stopDaemon(395)) - Ozone container server stopped.
2019-10-08 03:52:53,410 [de700667-c827-4507-9d64-7cee8175844f@group-5CD242095470-StateMachineUpdater] INFO  impl.StateMachineUpdater (StateMachineUpdater.java:takeSnapshot(269)) - de700667-c827-4507-9d64-7cee8175844f@group-5CD242095470-StateMachineUpdater: Took a snapshot at index 4
2019-10-08 03:52:53,411 [de700667-c827-4507-9d64-7cee8175844f@group-5CD242095470-StateMachineUpdater] INFO  impl.StateMachineUpdater (StateMachineUpdater.java:lambda$new$0(84)) - de700667-c827-4507-9d64-7cee8175844f@group-5CD242095470-StateMachineUpdater: snapshotIndex: updateIncreasingly -1 -> 4
2019-10-08 03:52:53,411 [ForkJoinPool.commonPool-worker-1] INFO  impl.RaftServerImpl (ServerState.java:close(387)) - de700667-c827-4507-9d64-7cee8175844f@group-5CD242095470: closes. applyIndex: 4
2019-10-08 03:52:53,412 [de700667-c827-4507-9d64-7cee8175844f@group-5CD242095470-SegmentedRaftLogWorker] INFO  segmented.SegmentedRaftLogWorker (SegmentedRaftLogWorker.java:run(316)) - de700667-c827-4507-9d64-7cee8175844f@group-5CD242095470-SegmentedRaftLogWorker was interrupted, exiting. There are 0 tasks remaining in the queue.
2019-10-08 03:52:53,414 [ForkJoinPool.commonPool-worker-1] INFO  segmented.SegmentedRaftLogWorker (SegmentedRaftLogWorker.java:close(224)) - de700667-c827-4507-9d64-7cee8175844f@group-5CD242095470-SegmentedRaftLogWorker close()
2019-10-08 03:52:53,414 [main] INFO  handler.ContextHandler (ContextHandler.java:doStop(910)) - Stopped o.e.j.w.WebAppContext@1b7554d4{/,null,UNAVAILABLE}{/hddsDatanode}
2019-10-08 03:52:53,418 [ForkJoinPool.commonPool-worker-1] INFO  server.GrpcService (GrpcService.java:closeImpl(164)) - de700667-c827-4507-9d64-7cee8175844f: shutdown server with port 39345 now
2019-10-08 03:52:53,419 [grpc-default-executor-9] WARN  server.GrpcServerProtocolService (LogUtils.java:warn(134)) - de700667-c827-4507-9d64-7cee8175844f: installSnapshot onError, lastRequest: 89453ef1-964b-45ae-849c-d802d4dd61c8->de700667-c827-4507-9d64-7cee8175844f#9-t2, previous=(t:2, i:18), leaderCommit=18, initializing? false, entries: <empty>: org.apache.ratis.thirdparty.io.grpc.StatusRuntimeException: CANCELLED: cancelled before receiving half close
2019-10-08 03:52:53,419 [main] INFO  server.AbstractConnector (AbstractConnector.java:doStop(318)) - Stopped ServerConnector@57ce2898{HTTP/1.1,[http/1.1]}{0.0.0.0:0}
2019-10-08 03:52:53,420 [ForkJoinPool.commonPool-worker-1] INFO  server.GrpcService (GrpcService.java:closeImpl(172)) - de700667-c827-4507-9d64-7cee8175844f: shutdown server with port 39345 successfully
2019-10-08 03:52:53,419 [grpc-default-executor-5] WARN  server.GrpcLogAppender (LogUtils.java:warn(134)) - 89453ef1-964b-45ae-849c-d802d4dd61c8@group-12291FDC6714->de700667-c827-4507-9d64-7cee8175844f-AppendLogResponseHandler: Failed appendEntries: org.apache.ratis.thirdparty.io.grpc.StatusRuntimeException: CANCELLED: HTTP/2 error code: CANCEL
Received Rst Stream
2019-10-08 03:52:53,420 [main] INFO  handler.ContextHandler (ContextHandler.java:doStop(910)) - Stopped o.e.j.s.ServletContextHandler@73a845cb{/static,jar:file:/home/user/.m2/repository/org/apache/hadoop/hadoop-hdds-container-service/0.5.0-SNAPSHOT/hadoop-hdds-container-service-0.5.0-SNAPSHOT.jar!/webapps/static,UNAVAILABLE}
2019-10-08 03:52:53,420 [grpc-default-executor-5] INFO  impl.FollowerInfo (FollowerInfo.java:lambda$new$0(51)) - 89453ef1-964b-45ae-849c-d802d4dd61c8@group-12291FDC6714->de700667-c827-4507-9d64-7cee8175844f: nextIndex: updateUnconditionally 19 -> 18
2019-10-08 03:52:53,421 [main] INFO  handler.ContextHandler (ContextHandler.java:doStop(910)) - Stopped o.e.j.s.ServletContextHandler@16e1219f{/logs,file:///workdir/hadoop-ozone/integration-test/target/log,UNAVAILABLE}
2019-10-08 03:52:53,423 [refreshUsed-/workdir/hadoop-ozone/integration-test/target/test-dir/MiniOzoneClusterImpl-a9be05cf-aef7-47c4-a115-9f43cc1793f2/datanode-1/data/containers] WARN  fs.CachingGetSpaceUsed (CachingGetSpaceUsed.java:run(183)) - Thread Interrupted waiting to refresh disk information: sleep interrupted
2019-10-08 03:52:53,440 [ForkJoinPool.commonPool-worker-1] INFO  utils.BackgroundService (BackgroundService.java:shutdown(148)) - Shutting down service BlockDeletingService
2019-10-08 03:52:53,446 [ForkJoinPool.commonPool-worker-1] INFO  statemachine.DatanodeStateMachine (DatanodeStateMachine.java:stopDaemon(395)) - Ozone container server stopped.
2019-10-08 03:52:53,452 [ForkJoinPool.commonPool-worker-1] INFO  handler.ContextHandler (ContextHandler.java:doStop(910)) - Stopped o.e.j.w.WebAppContext@5fb54740{/,null,UNAVAILABLE}{/hddsDatanode}
2019-10-08 03:52:53,453 [ForkJoinPool.commonPool-worker-1] INFO  server.AbstractConnector (AbstractConnector.java:doStop(318)) - Stopped ServerConnector@325162e9{HTTP/1.1,[http/1.1]}{0.0.0.0:0}
2019-10-08 03:52:53,455 [ForkJoinPool.commonPool-worker-1] INFO  handler.ContextHandler (ContextHandler.java:doStop(910)) - Stopped o.e.j.s.ServletContextHandler@11810917{/static,jar:file:/home/user/.m2/repository/org/apache/hadoop/hadoop-hdds-container-service/0.5.0-SNAPSHOT/hadoop-hdds-container-service-0.5.0-SNAPSHOT.jar!/webapps/static,UNAVAILABLE}
2019-10-08 03:52:53,457 [ForkJoinPool.commonPool-worker-1] INFO  handler.ContextHandler (ContextHandler.java:doStop(910)) - Stopped o.e.j.s.ServletContextHandler@75bd28d{/logs,file:///workdir/hadoop-ozone/integration-test/target/log,UNAVAILABLE}
2019-10-08 03:52:53,568 [grpc-default-executor-9] WARN  server.GrpcLogAppender (LogUtils.java:warn(134)) - 89453ef1-964b-45ae-849c-d802d4dd61c8@group-12291FDC6714->f5673c71-2777-46e9-9e6f-25a508b41700-AppendLogResponseHandler: Failed appendEntries: org.apache.ratis.thirdparty.io.grpc.StatusRuntimeException: UNAVAILABLE: io exception
2019-10-08 03:52:53,568 [grpc-default-executor-9] INFO  impl.FollowerInfo (FollowerInfo.java:lambda$new$0(51)) - 89453ef1-964b-45ae-849c-d802d4dd61c8@group-12291FDC6714->f5673c71-2777-46e9-9e6f-25a508b41700: nextIndex: updateUnconditionally 0 -> 0
2019-10-08 03:52:53,579 [grpc-default-executor-8] WARN  server.GrpcLogAppender (LogUtils.java:warn(134)) - 89453ef1-964b-45ae-849c-d802d4dd61c8@group-12291FDC6714->de700667-c827-4507-9d64-7cee8175844f-AppendLogResponseHandler: Failed appendEntries: org.apache.ratis.thirdparty.io.grpc.StatusRuntimeException: UNAVAILABLE: io exception
2019-10-08 03:52:53,579 [grpc-default-executor-8] INFO  impl.FollowerInfo (FollowerInfo.java:lambda$new$0(51)) - 89453ef1-964b-45ae-849c-d802d4dd61c8@group-12291FDC6714->de700667-c827-4507-9d64-7cee8175844f: nextIndex: updateUnconditionally 18 -> 17
2019-10-08 03:52:54,352 [Datanode State Machine Thread - 0] INFO  statemachine.DatanodeStateMachine (DatanodeStateMachine.java:lambda$startDaemon$0(350)) - Ozone container server started.
2019-10-08 03:52:54,380 [Datanode State Machine Thread - 0] INFO  statemachine.DatanodeStateMachine (DatanodeStateMachine.java:lambda$startDaemon$0(350)) - Ozone container server started.
2019-10-08 03:52:54,713 [grpc-default-executor-5] WARN  server.GrpcLogAppender (LogUtils.java:warn(134)) - 2d498c71-865b-4173-9483-847e0f5f0e11@group-613219B09FFD->1f3a770e-e5ec-441a-afb4-472a8b96c489-AppendLogResponseHandler: Failed appendEntries: org.apache.ratis.thirdparty.io.grpc.StatusRuntimeException: UNAVAILABLE: io exception
2019-10-08 03:52:54,714 [grpc-default-executor-5] INFO  impl.FollowerInfo (FollowerInfo.java:lambda$new$0(51)) - 2d498c71-865b-4173-9483-847e0f5f0e11@group-613219B09FFD->1f3a770e-e5ec-441a-afb4-472a8b96c489: nextIndex: updateUnconditionally 16 -> 15
2019-10-08 03:52:56,074 [grpc-default-executor-5] WARN  server.GrpcLogAppender (LogUtils.java:warn(134)) - 89453ef1-964b-45ae-849c-d802d4dd61c8@group-12291FDC6714->f5673c71-2777-46e9-9e6f-25a508b41700-AppendLogResponseHandler: Failed appendEntries: org.apache.ratis.thirdparty.io.grpc.StatusRuntimeException: UNAVAILABLE: io exception
2019-10-08 03:52:56,075 [grpc-default-executor-5] INFO  impl.FollowerInfo (FollowerInfo.java:lambda$new$0(51)) - 89453ef1-964b-45ae-849c-d802d4dd61c8@group-12291FDC6714->f5673c71-2777-46e9-9e6f-25a508b41700: nextIndex: updateUnconditionally 0 -> 0
2019-10-08 03:52:56,080 [grpc-default-executor-8] WARN  server.GrpcLogAppender (LogUtils.java:warn(134)) - 89453ef1-964b-45ae-849c-d802d4dd61c8@group-12291FDC6714->de700667-c827-4507-9d64-7cee8175844f-AppendLogResponseHandler: Failed appendEntries: org.apache.ratis.thirdparty.io.grpc.StatusRuntimeException: UNAVAILABLE: io exception
2019-10-08 03:52:56,080 [grpc-default-executor-8] INFO  impl.FollowerInfo (FollowerInfo.java:lambda$new$0(51)) - 89453ef1-964b-45ae-849c-d802d4dd61c8@group-12291FDC6714->de700667-c827-4507-9d64-7cee8175844f: nextIndex: updateUnconditionally 17 -> 16
2019-10-08 03:52:57,215 [grpc-default-executor-8] WARN  server.GrpcLogAppender (LogUtils.java:warn(134)) - 2d498c71-865b-4173-9483-847e0f5f0e11@group-613219B09FFD->1f3a770e-e5ec-441a-afb4-472a8b96c489-AppendLogResponseHandler: Failed appendEntries: org.apache.ratis.thirdparty.io.grpc.StatusRuntimeException: UNAVAILABLE: io exception
2019-10-08 03:52:57,215 [grpc-default-executor-8] INFO  impl.FollowerInfo (FollowerInfo.java:lambda$new$0(51)) - 2d498c71-865b-4173-9483-847e0f5f0e11@group-613219B09FFD->1f3a770e-e5ec-441a-afb4-472a8b96c489: nextIndex: updateUnconditionally 15 -> 14
2019-10-08 03:52:58,388 [EventQueue-StaleNodeForStaleNodeHandler] INFO  node.StaleNodeHandler (StaleNodeHandler.java:onMessage(58)) - Datanode 2d498c71-865b-4173-9483-847e0f5f0e11{ip: 192.168.151.83, host: pr-hdds-2217-jqnfv-3133698562, networkLocation: /default-rack, certSerialId: null} moved to stale state. Finalizing its pipelines [PipelineID=726212e2-326b-4afd-8cea-613219b09ffd, PipelineID=2727113d-6a85-493f-a0d1-e2b15239571c]
2019-10-08 03:52:58,389 [EventQueue-StaleNodeForStaleNodeHandler] INFO  pipeline.SCMPipelineManager (SCMPipelineManager.java:finalizeAndDestroyPipeline(315)) - destroying pipeline:Pipeline[ Id: 726212e2-326b-4afd-8cea-613219b09ffd, Nodes: 2d498c71-865b-4173-9483-847e0f5f0e11{ip: 192.168.151.83, host: pr-hdds-2217-jqnfv-3133698562, networkLocation: /default-rack, certSerialId: null}1f3a770e-e5ec-441a-afb4-472a8b96c489{ip: 192.168.151.83, host: pr-hdds-2217-jqnfv-3133698562, networkLocation: /default-rack, certSerialId: null}d458369f-b65d-46d3-806a-6076be0425d4{ip: 192.168.151.83, host: pr-hdds-2217-jqnfv-3133698562, networkLocation: /default-rack, certSerialId: null}, Type:RATIS, Factor:THREE, State:CLOSED]
2019-10-08 03:52:58,389 [EventQueue-StaleNodeForStaleNodeHandler] INFO  pipeline.SCMPipelineManager (SCMPipelineManager.java:finalizeAndDestroyPipeline(315)) - destroying pipeline:Pipeline[ Id: 2727113d-6a85-493f-a0d1-e2b15239571c, Nodes: 2d498c71-865b-4173-9483-847e0f5f0e11{ip: 192.168.151.83, host: pr-hdds-2217-jqnfv-3133698562, networkLocation: /default-rack, certSerialId: null}, Type:RATIS, Factor:ONE, State:OPEN]
2019-10-08 03:52:58,389 [EventQueue-StaleNodeForStaleNodeHandler] INFO  pipeline.PipelineStateManager (PipelineStateManager.java:finalizePipeline(123)) - Pipeline Pipeline[ Id: 2727113d-6a85-493f-a0d1-e2b15239571c, Nodes: 2d498c71-865b-4173-9483-847e0f5f0e11{ip: 192.168.151.83, host: pr-hdds-2217-jqnfv-3133698562, networkLocation: /default-rack, certSerialId: null}, Type:RATIS, Factor:ONE, State:CLOSED] moved to CLOSED state
2019-10-08 03:52:58,390 [EventQueue-StaleNodeForStaleNodeHandler] INFO  node.StaleNodeHandler (StaleNodeHandler.java:onMessage(58)) - Datanode d458369f-b65d-46d3-806a-6076be0425d4{ip: 192.168.151.83, host: pr-hdds-2217-jqnfv-3133698562, networkLocation: /default-rack, certSerialId: null} moved to stale state. Finalizing its pipelines [PipelineID=726212e2-326b-4afd-8cea-613219b09ffd, PipelineID=68e39961-bbe5-48c6-88f6-a4922dc9bbb7]
2019-10-08 03:52:58,390 [EventQueue-StaleNodeForStaleNodeHandler] INFO  pipeline.SCMPipelineManager (SCMPipelineManager.java:finalizeAndDestroyPipeline(315)) - destroying pipeline:Pipeline[ Id: 726212e2-326b-4afd-8cea-613219b09ffd, Nodes: 2d498c71-865b-4173-9483-847e0f5f0e11{ip: 192.168.151.83, host: pr-hdds-2217-jqnfv-3133698562, networkLocation: /default-rack, certSerialId: null}1f3a770e-e5ec-441a-afb4-472a8b96c489{ip: 192.168.151.83, host: pr-hdds-2217-jqnfv-3133698562, networkLocation: /default-rack, certSerialId: null}d458369f-b65d-46d3-806a-6076be0425d4{ip: 192.168.151.83, host: pr-hdds-2217-jqnfv-3133698562, networkLocation: /default-rack, certSerialId: null}, Type:RATIS, Factor:THREE, State:CLOSED]
2019-10-08 03:52:58,390 [EventQueue-StaleNodeForStaleNodeHandler] INFO  pipeline.SCMPipelineManager (SCMPipelineManager.java:finalizeAndDestroyPipeline(315)) - destroying pipeline:Pipeline[ Id: 68e39961-bbe5-48c6-88f6-a4922dc9bbb7, Nodes: d458369f-b65d-46d3-806a-6076be0425d4{ip: 192.168.151.83, host: pr-hdds-2217-jqnfv-3133698562, networkLocation: /default-rack, certSerialId: null}, Type:RATIS, Factor:ONE, State:OPEN]
2019-10-08 03:52:58,390 [EventQueue-StaleNodeForStaleNodeHandler] INFO  pipeline.PipelineStateManager (PipelineStateManager.java:finalizePipeline(123)) - Pipeline Pipeline[ Id: 68e39961-bbe5-48c6-88f6-a4922dc9bbb7, Nodes: d458369f-b65d-46d3-806a-6076be0425d4{ip: 192.168.151.83, host: pr-hdds-2217-jqnfv-3133698562, networkLocation: /default-rack, certSerialId: null}, Type:RATIS, Factor:ONE, State:CLOSED] moved to CLOSED state
2019-10-08 03:52:58,425 [main] INFO  ozoneimpl.OzoneContainer (OzoneContainer.java:stop(227)) - Attempting to stop container services.
2019-10-08 03:52:58,432 [main] INFO  impl.RaftServerProxy (RaftServerProxy.java:lambda$close$4(314)) - d458369f-b65d-46d3-806a-6076be0425d4: close
2019-10-08 03:52:58,432 [main] INFO  impl.RaftServerImpl (RaftServerImpl.java:lambda$shutdown$3(247)) - d458369f-b65d-46d3-806a-6076be0425d4@group-613219B09FFD: shutdown
2019-10-08 03:52:58,433 [main] INFO  util.JmxRegister (JmxRegister.java:unregister(73)) - Successfully un-registered JMX Bean with object name Ratis:service=RaftServer,group=group-613219B09FFD,id=d458369f-b65d-46d3-806a-6076be0425d4
2019-10-08 03:52:58,433 [main] INFO  impl.RoleInfo (RoleInfo.java:shutdownFollowerState(121)) - d458369f-b65d-46d3-806a-6076be0425d4: shutdown FollowerState
2019-10-08 03:52:58,433 [main] INFO  impl.StateMachineUpdater (StateMachineUpdater.java:stopAndJoin(136)) - d458369f-b65d-46d3-806a-6076be0425d4@group-613219B09FFD-StateMachineUpdater: set stopIndex = 16
2019-10-08 03:52:58,433 [Thread-3113] INFO  impl.FollowerState (FollowerState.java:run(117)) - d458369f-b65d-46d3-806a-6076be0425d4@group-613219B09FFD-FollowerState was interrupted: java.lang.InterruptedException: sleep interrupted
2019-10-08 03:52:58,434 [d458369f-b65d-46d3-806a-6076be0425d4@group-613219B09FFD-StateMachineUpdater] INFO  ratis.ContainerStateMachine (ContainerStateMachine.java:takeSnapshot(294)) - group-613219B09FFD: Taking a snapshot at:(t:1, i:16) file /workdir/hadoop-ozone/integration-test/target/test-dir/MiniOzoneClusterImpl-a9be05cf-aef7-47c4-a115-9f43cc1793f2/datanode-3/data/ratis/726212e2-326b-4afd-8cea-613219b09ffd/sm/snapshot.1_16
2019-10-08 03:52:58,450 [d458369f-b65d-46d3-806a-6076be0425d4@group-613219B09FFD-StateMachineUpdater] INFO  ratis.ContainerStateMachine (ContainerStateMachine.java:takeSnapshot(305)) - group-613219B09FFD: Finished taking a snapshot at:(t:1, i:16) file:/workdir/hadoop-ozone/integration-test/target/test-dir/MiniOzoneClusterImpl-a9be05cf-aef7-47c4-a115-9f43cc1793f2/datanode-3/data/ratis/726212e2-326b-4afd-8cea-613219b09ffd/sm/snapshot.1_16 time:17
2019-10-08 03:52:58,451 [d458369f-b65d-46d3-806a-6076be0425d4@group-613219B09FFD-StateMachineUpdater] INFO  impl.StateMachineUpdater (StateMachineUpdater.java:takeSnapshot(269)) - d458369f-b65d-46d3-806a-6076be0425d4@group-613219B09FFD-StateMachineUpdater: Took a snapshot at index 16
2019-10-08 03:52:58,451 [d458369f-b65d-46d3-806a-6076be0425d4@group-613219B09FFD-StateMachineUpdater] INFO  impl.StateMachineUpdater (StateMachineUpdater.java:lambda$new$0(84)) - d458369f-b65d-46d3-806a-6076be0425d4@group-613219B09FFD-StateMachineUpdater: snapshotIndex: updateIncreasingly -1 -> 16
2019-10-08 03:52:58,452 [main] INFO  impl.RaftServerImpl (ServerState.java:close(387)) - d458369f-b65d-46d3-806a-6076be0425d4@group-613219B09FFD: closes. applyIndex: 16
2019-10-08 03:52:58,453 [d458369f-b65d-46d3-806a-6076be0425d4@group-613219B09FFD-SegmentedRaftLogWorker] INFO  segmented.SegmentedRaftLogWorker (SegmentedRaftLogWorker.java:run(316)) - d458369f-b65d-46d3-806a-6076be0425d4@group-613219B09FFD-SegmentedRaftLogWorker was interrupted, exiting. There are 0 tasks remaining in the queue.
2019-10-08 03:52:58,454 [main] INFO  segmented.SegmentedRaftLogWorker (SegmentedRaftLogWorker.java:close(224)) - d458369f-b65d-46d3-806a-6076be0425d4@group-613219B09FFD-SegmentedRaftLogWorker close()
2019-10-08 03:52:58,457 [main] INFO  impl.RaftServerImpl (RaftServerImpl.java:lambda$shutdown$3(247)) - d458369f-b65d-46d3-806a-6076be0425d4@group-A4922DC9BBB7: shutdown
2019-10-08 03:52:58,457 [main] INFO  util.JmxRegister (JmxRegister.java:unregister(73)) - Successfully un-registered JMX Bean with object name Ratis:service=RaftServer,group=group-A4922DC9BBB7,id=d458369f-b65d-46d3-806a-6076be0425d4
2019-10-08 03:52:58,457 [main] INFO  impl.RoleInfo (RoleInfo.java:shutdownLeaderState(104)) - d458369f-b65d-46d3-806a-6076be0425d4: shutdown LeaderState
2019-10-08 03:52:58,457 [main] INFO  impl.PendingRequests (PendingRequests.java:sendNotLeaderResponses(202)) - d458369f-b65d-46d3-806a-6076be0425d4@group-A4922DC9BBB7-PendingRequests: sendNotLeaderResponses
2019-10-08 03:52:58,458 [main] INFO  impl.StateMachineUpdater (StateMachineUpdater.java:stopAndJoin(136)) - d458369f-b65d-46d3-806a-6076be0425d4@group-A4922DC9BBB7-StateMachineUpdater: set stopIndex = 0
2019-10-08 03:52:58,458 [ForkJoinPool.commonPool-worker-1] INFO  ozoneimpl.OzoneContainer (OzoneContainer.java:stop(227)) - Attempting to stop container services.
2019-10-08 03:52:58,458 [main] INFO  impl.RaftServerImpl (ServerState.java:close(387)) - d458369f-b65d-46d3-806a-6076be0425d4@group-A4922DC9BBB7: closes. applyIndex: 0
2019-10-08 03:52:58,459 [ForkJoinPool.commonPool-worker-1] INFO  impl.RaftServerProxy (RaftServerProxy.java:lambda$close$4(314)) - 2d498c71-865b-4173-9483-847e0f5f0e11: close
2019-10-08 03:52:58,459 [ForkJoinPool.commonPool-worker-1] INFO  impl.RaftServerImpl (RaftServerImpl.java:lambda$shutdown$3(247)) - 2d498c71-865b-4173-9483-847e0f5f0e11@group-613219B09FFD: shutdown
2019-10-08 03:52:58,459 [d458369f-b65d-46d3-806a-6076be0425d4@group-A4922DC9BBB7-SegmentedRaftLogWorker] INFO  segmented.SegmentedRaftLogWorker (SegmentedRaftLogWorker.java:run(316)) - d458369f-b65d-46d3-806a-6076be0425d4@group-A4922DC9BBB7-SegmentedRaftLogWorker was interrupted, exiting. There are 0 tasks remaining in the queue.
2019-10-08 03:52:58,459 [ForkJoinPool.commonPool-worker-1] INFO  util.JmxRegister (JmxRegister.java:unregister(73)) - Successfully un-registered JMX Bean with object name Ratis:service=RaftServer,group=group-613219B09FFD,id=2d498c71-865b-4173-9483-847e0f5f0e11
2019-10-08 03:52:58,461 [ForkJoinPool.commonPool-worker-1] INFO  impl.RoleInfo (RoleInfo.java:shutdownLeaderState(104)) - 2d498c71-865b-4173-9483-847e0f5f0e11: shutdown LeaderState
2019-10-08 03:52:58,461 [main] INFO  segmented.SegmentedRaftLogWorker (SegmentedRaftLogWorker.java:close(224)) - d458369f-b65d-46d3-806a-6076be0425d4@group-A4922DC9BBB7-SegmentedRaftLogWorker close()
2019-10-08 03:52:58,461 [org.apache.ratis.server.impl.LogAppender$AppenderDaemon$$Lambda$514/1885687276@7ac8c091] WARN  server.GrpcLogAppender (GrpcLogAppender.java:mayWait(143)) - 2d498c71-865b-4173-9483-847e0f5f0e11@group-613219B09FFD->1f3a770e-e5ec-441a-afb4-472a8b96c489-GrpcLogAppender: Wait interrupted by java.lang.InterruptedException
2019-10-08 03:52:58,461 [org.apache.ratis.server.impl.LogAppender$AppenderDaemon$$Lambda$514/1885687276@5ecd2c76] WARN  server.GrpcLogAppender (GrpcLogAppender.java:mayWait(143)) - 2d498c71-865b-4173-9483-847e0f5f0e11@group-613219B09FFD->d458369f-b65d-46d3-806a-6076be0425d4-GrpcLogAppender: Wait interrupted by java.lang.InterruptedException
2019-10-08 03:52:58,461 [ForkJoinPool.commonPool-worker-1] INFO  impl.PendingRequests (PendingRequests.java:sendNotLeaderResponses(202)) - 2d498c71-865b-4173-9483-847e0f5f0e11@group-613219B09FFD-PendingRequests: sendNotLeaderResponses
2019-10-08 03:52:58,464 [main] INFO  server.GrpcService (GrpcService.java:closeImpl(164)) - d458369f-b65d-46d3-806a-6076be0425d4: shutdown server with port 40029 now
2019-10-08 03:52:58,464 [ForkJoinPool.commonPool-worker-1] INFO  impl.StateMachineUpdater (StateMachineUpdater.java:stopAndJoin(136)) - 2d498c71-865b-4173-9483-847e0f5f0e11@group-613219B09FFD-StateMachineUpdater: set stopIndex = 16
2019-10-08 03:52:58,465 [2d498c71-865b-4173-9483-847e0f5f0e11@group-613219B09FFD-StateMachineUpdater] INFO  ratis.ContainerStateMachine (ContainerStateMachine.java:takeSnapshot(294)) - group-613219B09FFD: Taking a snapshot at:(t:1, i:14) file /workdir/hadoop-ozone/integration-test/target/test-dir/MiniOzoneClusterImpl-a9be05cf-aef7-47c4-a115-9f43cc1793f2/datanode-0/data/ratis/726212e2-326b-4afd-8cea-613219b09ffd/sm/snapshot.1_14
2019-10-08 03:52:58,465 [grpc-default-executor-5] INFO  server.GrpcServerProtocolService (GrpcServerProtocolService.java:onCompleted(113)) - d458369f-b65d-46d3-806a-6076be0425d4: Completed APPEND_ENTRIES, lastRequest: 2d498c71-865b-4173-9483-847e0f5f0e11->d458369f-b65d-46d3-806a-6076be0425d4#32-t1, previous=(t:1, i:16), leaderCommit=16, initializing? false, entries: <empty>
2019-10-08 03:52:58,466 [main] INFO  server.GrpcService (GrpcService.java:closeImpl(172)) - d458369f-b65d-46d3-806a-6076be0425d4: shutdown server with port 40029 successfully
2019-10-08 03:52:58,466 [grpc-default-executor-8] INFO  server.GrpcLogAppender (GrpcLogAppender.java:onError(282)) - 2d498c71-865b-4173-9483-847e0f5f0e11@group-613219B09FFD->d458369f-b65d-46d3-806a-6076be0425d4-GrpcLogAppender is stopped
2019-10-08 03:52:58,471 [refreshUsed-/workdir/hadoop-ozone/integration-test/target/test-dir/MiniOzoneClusterImpl-a9be05cf-aef7-47c4-a115-9f43cc1793f2/datanode-3/data/containers] WARN  fs.CachingGetSpaceUsed (CachingGetSpaceUsed.java:run(183)) - Thread Interrupted waiting to refresh disk information: sleep interrupted
2019-10-08 03:52:58,477 [2d498c71-865b-4173-9483-847e0f5f0e11@group-613219B09FFD-StateMachineUpdater] INFO  ratis.ContainerStateMachine (ContainerStateMachine.java:takeSnapshot(305)) - group-613219B09FFD: Finished taking a snapshot at:(t:1, i:14) file:/workdir/hadoop-ozone/integration-test/target/test-dir/MiniOzoneClusterImpl-a9be05cf-aef7-47c4-a115-9f43cc1793f2/datanode-0/data/ratis/726212e2-326b-4afd-8cea-613219b09ffd/sm/snapshot.1_14 time:13
2019-10-08 03:52:58,478 [2d498c71-865b-4173-9483-847e0f5f0e11@group-613219B09FFD-StateMachineUpdater] INFO  impl.StateMachineUpdater (StateMachineUpdater.java:takeSnapshot(269)) - 2d498c71-865b-4173-9483-847e0f5f0e11@group-613219B09FFD-StateMachineUpdater: Took a snapshot at index 14
2019-10-08 03:52:58,478 [2d498c71-865b-4173-9483-847e0f5f0e11@group-613219B09FFD-StateMachineUpdater] INFO  impl.StateMachineUpdater (StateMachineUpdater.java:lambda$new$0(84)) - 2d498c71-865b-4173-9483-847e0f5f0e11@group-613219B09FFD-StateMachineUpdater: snapshotIndex: updateIncreasingly -1 -> 14
2019-10-08 03:52:58,478 [2d498c71-865b-4173-9483-847e0f5f0e11@group-613219B09FFD-StateMachineUpdater] INFO  ratis.ContainerStateMachine (ContainerStateMachine.java:takeSnapshot(294)) - group-613219B09FFD: Taking a snapshot at:(t:1, i:14) file /workdir/hadoop-ozone/integration-test/target/test-dir/MiniOzoneClusterImpl-a9be05cf-aef7-47c4-a115-9f43cc1793f2/datanode-0/data/ratis/726212e2-326b-4afd-8cea-613219b09ffd/sm/snapshot.1_14
2019-10-08 03:52:58,490 [main] INFO  utils.BackgroundService (BackgroundService.java:shutdown(148)) - Shutting down service BlockDeletingService
2019-10-08 03:52:58,492 [2d498c71-865b-4173-9483-847e0f5f0e11@group-613219B09FFD-StateMachineUpdater] INFO  ratis.ContainerStateMachine (ContainerStateMachine.java:takeSnapshot(305)) - group-613219B09FFD: Finished taking a snapshot at:(t:1, i:14) file:/workdir/hadoop-ozone/integration-test/target/test-dir/MiniOzoneClusterImpl-a9be05cf-aef7-47c4-a115-9f43cc1793f2/datanode-0/data/ratis/726212e2-326b-4afd-8cea-613219b09ffd/sm/snapshot.1_14 time:14
2019-10-08 03:52:58,493 [2d498c71-865b-4173-9483-847e0f5f0e11@group-613219B09FFD-StateMachineUpdater] INFO  impl.StateMachineUpdater (StateMachineUpdater.java:takeSnapshot(269)) - 2d498c71-865b-4173-9483-847e0f5f0e11@group-613219B09FFD-StateMachineUpdater: Took a snapshot at index 14
2019-10-08 03:52:58,494 [main] INFO  statemachine.DatanodeStateMachine (DatanodeStateMachine.java:stopDaemon(395)) - Ozone container server stopped.
2019-10-08 03:52:58,494 [2d498c71-865b-4173-9483-847e0f5f0e11@group-613219B09FFD-StateMachineUpdater] INFO  impl.StateMachineUpdater (StateMachineUpdater.java:lambda$new$0(84)) - 2d498c71-865b-4173-9483-847e0f5f0e11@group-613219B09FFD-StateMachineUpdater: snapshotIndex: updateIncreasingly 14 -> 14
2019-10-08 03:52:58,494 [ForkJoinPool.commonPool-worker-1] INFO  impl.RaftServerImpl (ServerState.java:close(387)) - 2d498c71-865b-4173-9483-847e0f5f0e11@group-613219B09FFD: closes. applyIndex: 16
2019-10-08 03:52:58,495 [2d498c71-865b-4173-9483-847e0f5f0e11@group-613219B09FFD-SegmentedRaftLogWorker] INFO  segmented.SegmentedRaftLogWorker (SegmentedRaftLogWorker.java:run(316)) - 2d498c71-865b-4173-9483-847e0f5f0e11@group-613219B09FFD-SegmentedRaftLogWorker was interrupted, exiting. There are 0 tasks remaining in the queue.
2019-10-08 03:52:58,496 [ForkJoinPool.commonPool-worker-1] INFO  segmented.SegmentedRaftLogWorker (SegmentedRaftLogWorker.java:close(224)) - 2d498c71-865b-4173-9483-847e0f5f0e11@group-613219B09FFD-SegmentedRaftLogWorker close()
2019-10-08 03:52:58,498 [ForkJoinPool.commonPool-worker-1] INFO  impl.RaftServerImpl (RaftServerImpl.java:lambda$shutdown$3(247)) - 2d498c71-865b-4173-9483-847e0f5f0e11@group-E2B15239571C: shutdown
2019-10-08 03:52:58,498 [ForkJoinPool.commonPool-worker-1] INFO  util.JmxRegister (JmxRegister.java:unregister(73)) - Successfully un-registered JMX Bean with object name Ratis:service=RaftServer,group=group-E2B15239571C,id=2d498c71-865b-4173-9483-847e0f5f0e11
2019-10-08 03:52:58,499 [ForkJoinPool.commonPool-worker-1] INFO  impl.RoleInfo (RoleInfo.java:shutdownLeaderState(104)) - 2d498c71-865b-4173-9483-847e0f5f0e11: shutdown LeaderState
2019-10-08 03:52:58,499 [ForkJoinPool.commonPool-worker-1] INFO  impl.PendingRequests (PendingRequests.java:sendNotLeaderResponses(202)) - 2d498c71-865b-4173-9483-847e0f5f0e11@group-E2B15239571C-PendingRequests: sendNotLeaderResponses
2019-10-08 03:52:58,499 [ForkJoinPool.commonPool-worker-1] INFO  impl.StateMachineUpdater (StateMachineUpdater.java:stopAndJoin(136)) - 2d498c71-865b-4173-9483-847e0f5f0e11@group-E2B15239571C-StateMachineUpdater: set stopIndex = 0
2019-10-08 03:52:58,499 [main] INFO  handler.ContextHandler (ContextHandler.java:doStop(910)) - Stopped o.e.j.w.WebAppContext@67c6f4d8{/,null,UNAVAILABLE}{/hddsDatanode}
2019-10-08 03:52:58,499 [ForkJoinPool.commonPool-worker-1] INFO  impl.RaftServerImpl (ServerState.java:close(387)) - 2d498c71-865b-4173-9483-847e0f5f0e11@group-E2B15239571C: closes. applyIndex: 0
2019-10-08 03:52:58,500 [2d498c71-865b-4173-9483-847e0f5f0e11@group-E2B15239571C-SegmentedRaftLogWorker] INFO  segmented.SegmentedRaftLogWorker (SegmentedRaftLogWorker.java:run(316)) - 2d498c71-865b-4173-9483-847e0f5f0e11@group-E2B15239571C-SegmentedRaftLogWorker was interrupted, exiting. There are 0 tasks remaining in the queue.
2019-10-08 03:52:58,502 [main] INFO  server.AbstractConnector (AbstractConnector.java:doStop(318)) - Stopped ServerConnector@3a6e9856{HTTP/1.1,[http/1.1]}{0.0.0.0:0}
2019-10-08 03:52:58,502 [ForkJoinPool.commonPool-worker-1] INFO  segmented.SegmentedRaftLogWorker (SegmentedRaftLogWorker.java:close(224)) - 2d498c71-865b-4173-9483-847e0f5f0e11@group-E2B15239571C-SegmentedRaftLogWorker close()
2019-10-08 03:52:58,502 [main] INFO  handler.ContextHandler (ContextHandler.java:doStop(910)) - Stopped o.e.j.s.ServletContextHandler@47187f50{/static,jar:file:/home/user/.m2/repository/org/apache/hadoop/hadoop-hdds-container-service/0.5.0-SNAPSHOT/hadoop-hdds-container-service-0.5.0-SNAPSHOT.jar!/webapps/static,UNAVAILABLE}
2019-10-08 03:52:58,504 [ForkJoinPool.commonPool-worker-1] INFO  server.GrpcService (GrpcService.java:closeImpl(164)) - 2d498c71-865b-4173-9483-847e0f5f0e11: shutdown server with port 42148 now
2019-10-08 03:52:58,505 [main] INFO  handler.ContextHandler (ContextHandler.java:doStop(910)) - Stopped o.e.j.s.ServletContextHandler@788e3702{/logs,file:///workdir/hadoop-ozone/integration-test/target/log,UNAVAILABLE}
2019-10-08 03:52:58,505 [grpc-default-executor-8] WARN  client.GrpcClientProtocolService (LogUtils.java:warn(134)) - 1-UnorderedRequestStreamObserver1: onError: org.apache.ratis.thirdparty.io.grpc.StatusRuntimeException: CANCELLED: cancelled before receiving half close
2019-10-08 03:52:58,505 [ForkJoinPool.commonPool-worker-1] INFO  server.GrpcService (GrpcService.java:closeImpl(172)) - 2d498c71-865b-4173-9483-847e0f5f0e11: shutdown server with port 42148 successfully
2019-10-08 03:52:58,509 [refreshUsed-/workdir/hadoop-ozone/integration-test/target/test-dir/MiniOzoneClusterImpl-a9be05cf-aef7-47c4-a115-9f43cc1793f2/datanode-0/data/containers] WARN  fs.CachingGetSpaceUsed (CachingGetSpaceUsed.java:run(183)) - Thread Interrupted waiting to refresh disk information: sleep interrupted
2019-10-08 03:52:58,523 [ForkJoinPool.commonPool-worker-1] INFO  utils.BackgroundService (BackgroundService.java:shutdown(148)) - Shutting down service BlockDeletingService
2019-10-08 03:52:58,526 [ForkJoinPool.commonPool-worker-1] INFO  statemachine.DatanodeStateMachine (DatanodeStateMachine.java:stopDaemon(395)) - Ozone container server stopped.
2019-10-08 03:52:58,532 [ForkJoinPool.commonPool-worker-1] INFO  handler.ContextHandler (ContextHandler.java:doStop(910)) - Stopped o.e.j.w.WebAppContext@231df705{/,null,UNAVAILABLE}{/hddsDatanode}
2019-10-08 03:52:58,532 [ForkJoinPool.commonPool-worker-1] INFO  server.AbstractConnector (AbstractConnector.java:doStop(318)) - Stopped ServerConnector@2d130ac4{HTTP/1.1,[http/1.1]}{0.0.0.0:0}
2019-10-08 03:52:58,534 [ForkJoinPool.commonPool-worker-1] INFO  handler.ContextHandler (ContextHandler.java:doStop(910)) - Stopped o.e.j.s.ServletContextHandler@2cccf134{/static,jar:file:/home/user/.m2/repository/org/apache/hadoop/hadoop-hdds-container-service/0.5.0-SNAPSHOT/hadoop-hdds-container-service-0.5.0-SNAPSHOT.jar!/webapps/static,UNAVAILABLE}
2019-10-08 03:52:58,536 [ForkJoinPool.commonPool-worker-1] INFO  handler.ContextHandler (ContextHandler.java:doStop(910)) - Stopped o.e.j.s.ServletContextHandler@29bbc63c{/logs,file:///workdir/hadoop-ozone/integration-test/target/log,UNAVAILABLE}
2019-10-08 03:52:58,573 [grpc-default-executor-8] WARN  server.GrpcLogAppender (LogUtils.java:warn(134)) - 89453ef1-964b-45ae-849c-d802d4dd61c8@group-12291FDC6714->f5673c71-2777-46e9-9e6f-25a508b41700-AppendLogResponseHandler: Failed appendEntries: org.apache.ratis.thirdparty.io.grpc.StatusRuntimeException: UNAVAILABLE: io exception
2019-10-08 03:52:58,573 [grpc-default-executor-8] INFO  impl.FollowerInfo (FollowerInfo.java:lambda$new$0(51)) - 89453ef1-964b-45ae-849c-d802d4dd61c8@group-12291FDC6714->f5673c71-2777-46e9-9e6f-25a508b41700: nextIndex: updateUnconditionally 0 -> 0
2019-10-08 03:52:58,581 [grpc-default-executor-9] WARN  server.GrpcLogAppender (LogUtils.java:warn(134)) - 89453ef1-964b-45ae-849c-d802d4dd61c8@group-12291FDC6714->de700667-c827-4507-9d64-7cee8175844f-AppendLogResponseHandler: Failed appendEntries: org.apache.ratis.thirdparty.io.grpc.StatusRuntimeException: UNAVAILABLE: io exception
2019-10-08 03:52:58,581 [grpc-default-executor-9] INFO  impl.FollowerInfo (FollowerInfo.java:lambda$new$0(51)) - 89453ef1-964b-45ae-849c-d802d4dd61c8@group-12291FDC6714->de700667-c827-4507-9d64-7cee8175844f: nextIndex: updateUnconditionally 16 -> 15
2019-10-08 03:52:59,164 [Datanode State Machine Thread - 0] INFO  statemachine.DatanodeStateMachine (DatanodeStateMachine.java:lambda$startDaemon$0(350)) - Ozone container server started.
2019-10-08 03:52:59,187 [Datanode State Machine Thread - 0] INFO  statemachine.DatanodeStateMachine (DatanodeStateMachine.java:lambda$startDaemon$0(350)) - Ozone container server started.
2019-10-08 03:53:01,073 [grpc-default-executor-5] WARN  server.GrpcLogAppender (LogUtils.java:warn(134)) - 89453ef1-964b-45ae-849c-d802d4dd61c8@group-12291FDC6714->f5673c71-2777-46e9-9e6f-25a508b41700-AppendLogResponseHandler: Failed appendEntries: org.apache.ratis.thirdparty.io.grpc.StatusRuntimeException: UNAVAILABLE: io exception
2019-10-08 03:53:01,074 [grpc-default-executor-5] INFO  impl.FollowerInfo (FollowerInfo.java:lambda$new$0(51)) - 89453ef1-964b-45ae-849c-d802d4dd61c8@group-12291FDC6714->f5673c71-2777-46e9-9e6f-25a508b41700: nextIndex: updateUnconditionally 0 -> 0
2019-10-08 03:53:01,081 [grpc-default-executor-8] WARN  server.GrpcLogAppender (LogUtils.java:warn(134)) - 89453ef1-964b-45ae-849c-d802d4dd61c8@group-12291FDC6714->de700667-c827-4507-9d64-7cee8175844f-AppendLogResponseHandler: Failed appendEntries: org.apache.ratis.thirdparty.io.grpc.StatusRuntimeException: UNAVAILABLE: io exception
2019-10-08 03:53:01,081 [grpc-default-executor-8] INFO  impl.FollowerInfo (FollowerInfo.java:lambda$new$0(51)) - 89453ef1-964b-45ae-849c-d802d4dd61c8@group-12291FDC6714->de700667-c827-4507-9d64-7cee8175844f: nextIndex: updateUnconditionally 15 -> 14
2019-10-08 03:53:02,100 [Thread-3365] INFO  impl.FollowerState (FollowerState.java:run(108)) - 970b5dc6-3c50-4c82-87dc-aa8302030428@group-5CD242095470-FollowerState: change to CANDIDATE, lastRpcTime:8904ms, electionTimeout:5012ms
2019-10-08 03:53:02,101 [Thread-3365] INFO  impl.RoleInfo (RoleInfo.java:shutdownFollowerState(121)) - 970b5dc6-3c50-4c82-87dc-aa8302030428: shutdown FollowerState
2019-10-08 03:53:02,101 [Thread-3365] INFO  impl.RaftServerImpl (RaftServerImpl.java:setRole(170)) - 970b5dc6-3c50-4c82-87dc-aa8302030428@group-5CD242095470: changes role from  FOLLOWER to CANDIDATE at term 2 for changeToCandidate
2019-10-08 03:53:02,102 [Thread-3365] INFO  impl.RoleInfo (RoleInfo.java:updateAndGet(143)) - 970b5dc6-3c50-4c82-87dc-aa8302030428: start LeaderElection
2019-10-08 03:53:02,106 [970b5dc6-3c50-4c82-87dc-aa8302030428@group-5CD242095470-LeaderElection75] INFO  impl.RaftServerImpl (ServerState.java:setLeader(255)) - 970b5dc6-3c50-4c82-87dc-aa8302030428@group-5CD242095470: change Leader from de700667-c827-4507-9d64-7cee8175844f to null at term 2 for initElection
2019-10-08 03:53:02,132 [970b5dc6-3c50-4c82-87dc-aa8302030428@group-5CD242095470-LeaderElection75] INFO  impl.LeaderElection (LeaderElection.java:askForVotes(178)) - 970b5dc6-3c50-4c82-87dc-aa8302030428@group-5CD242095470-LeaderElection75: begin an election at term 3 for 0: [de700667-c827-4507-9d64-7cee8175844f:192.168.151.83:39345, 89453ef1-964b-45ae-849c-d802d4dd61c8:192.168.151.83:34073, 970b5dc6-3c50-4c82-87dc-aa8302030428:192.168.151.83:34096], old=null
2019-10-08 03:53:02,135 [970b5dc6-3c50-4c82-87dc-aa8302030428@group-5CD242095470-LeaderElection75] INFO  impl.LeaderElection (LogUtils.java:infoOrTrace(149)) - 970b5dc6-3c50-4c82-87dc-aa8302030428@group-5CD242095470-LeaderElection75 got exception when requesting votes: {}
java.util.concurrent.ExecutionException: org.apache.ratis.thirdparty.io.grpc.StatusRuntimeException: UNAVAILABLE: io exception
	at java.util.concurrent.FutureTask.report(FutureTask.java:122)
	at java.util.concurrent.FutureTask.get(FutureTask.java:192)
	at org.apache.ratis.server.impl.LeaderElection.waitForResults(LeaderElection.java:259)
	at org.apache.ratis.server.impl.LeaderElection.askForVotes(LeaderElection.java:197)
	at org.apache.ratis.server.impl.LeaderElection.run(LeaderElection.java:133)
	at java.lang.Thread.run(Thread.java:748)
Caused by: org.apache.ratis.thirdparty.io.grpc.StatusRuntimeException: UNAVAILABLE: io exception
	at org.apache.ratis.thirdparty.io.grpc.stub.ClientCalls.toStatusRuntimeException(ClientCalls.java:233)
	at org.apache.ratis.thirdparty.io.grpc.stub.ClientCalls.getUnchecked(ClientCalls.java:214)
	at org.apache.ratis.thirdparty.io.grpc.stub.ClientCalls.blockingUnaryCall(ClientCalls.java:139)
	at org.apache.ratis.proto.grpc.RaftServerProtocolServiceGrpc$RaftServerProtocolServiceBlockingStub.requestVote(RaftServerProtocolServiceGrpc.java:265)
	at org.apache.ratis.grpc.server.GrpcServerProtocolClient.requestVote(GrpcServerProtocolClient.java:99)
	at org.apache.ratis.grpc.server.GrpcService.requestVote(GrpcService.java:204)
	at org.apache.ratis.server.impl.LeaderElection.lambda$submitRequests$1(LeaderElection.java:234)
	at java.util.concurrent.FutureTask.run(FutureTask.java:266)
	at java.util.concurrent.Executors$RunnableAdapter.call(Executors.java:511)
	at java.util.concurrent.FutureTask.run(FutureTask.java:266)
	at java.util.concurrent.ThreadPoolExecutor.runWorker(ThreadPoolExecutor.java:1149)
	at java.util.concurrent.ThreadPoolExecutor$Worker.run(ThreadPoolExecutor.java:624)
	... 1 more
Caused by: org.apache.ratis.thirdparty.io.netty.channel.AbstractChannel$AnnotatedConnectException: Connection refused: /192.168.151.83:39345
	at sun.nio.ch.SocketChannelImpl.checkConnect(Native Method)
	at sun.nio.ch.SocketChannelImpl.finishConnect(SocketChannelImpl.java:717)
	at org.apache.ratis.thirdparty.io.netty.channel.socket.nio.NioSocketChannel.doFinishConnect(NioSocketChannel.java:327)
	at org.apache.ratis.thirdparty.io.netty.channel.nio.AbstractNioChannel$AbstractNioUnsafe.finishConnect(AbstractNioChannel.java:340)
	at org.apache.ratis.thirdparty.io.netty.channel.nio.NioEventLoop.processSelectedKey(NioEventLoop.java:632)
	at org.apache.ratis.thirdparty.io.netty.channel.nio.NioEventLoop.processSelectedKeysOptimized(NioEventLoop.java:579)
	at org.apache.ratis.thirdparty.io.netty.channel.nio.NioEventLoop.processSelectedKeys(NioEventLoop.java:496)
	at org.apache.ratis.thirdparty.io.netty.channel.nio.NioEventLoop.run(NioEventLoop.java:458)
	at org.apache.ratis.thirdparty.io.netty.util.concurrent.SingleThreadEventExecutor$5.run(SingleThreadEventExecutor.java:897)
	at org.apache.ratis.thirdparty.io.netty.util.concurrent.FastThreadLocalRunnable.run(FastThreadLocalRunnable.java:30)
	... 1 more
Caused by: java.net.ConnectException: Connection refused
	... 11 more
2019-10-08 03:53:02,142 [grpc-default-executor-8] INFO  impl.RaftServerImpl (ServerState.java:setLeader(255)) - 89453ef1-964b-45ae-849c-d802d4dd61c8@group-5CD242095470: change Leader from de700667-c827-4507-9d64-7cee8175844f to null at term 3 for updateCurrentTerm
2019-10-08 03:53:02,142 [grpc-default-executor-8] INFO  impl.RaftServerImpl (RaftServerImpl.java:setRole(170)) - 89453ef1-964b-45ae-849c-d802d4dd61c8@group-5CD242095470: changes role from  FOLLOWER to FOLLOWER at term 3 for recognizeCandidate:970b5dc6-3c50-4c82-87dc-aa8302030428
2019-10-08 03:53:02,142 [grpc-default-executor-8] INFO  impl.RoleInfo (RoleInfo.java:shutdownFollowerState(121)) - 89453ef1-964b-45ae-849c-d802d4dd61c8: shutdown FollowerState
2019-10-08 03:53:02,142 [grpc-default-executor-8] INFO  impl.RoleInfo (RoleInfo.java:updateAndGet(143)) - 89453ef1-964b-45ae-849c-d802d4dd61c8: start FollowerState
2019-10-08 03:53:02,142 [Thread-3376] INFO  impl.FollowerState (FollowerState.java:run(117)) - 89453ef1-964b-45ae-849c-d802d4dd61c8@group-5CD242095470-FollowerState was interrupted: java.lang.InterruptedException: sleep interrupted
2019-10-08 03:53:02,160 [970b5dc6-3c50-4c82-87dc-aa8302030428@group-5CD242095470-LeaderElection75] INFO  impl.LeaderElection (LeaderElection.java:logAndReturn(56)) - 970b5dc6-3c50-4c82-87dc-aa8302030428@group-5CD242095470-LeaderElection75: Election PASSED; received 1 response(s) [970b5dc6-3c50-4c82-87dc-aa8302030428<-89453ef1-964b-45ae-849c-d802d4dd61c8#0:OK-t3] and 1 exception(s); 970b5dc6-3c50-4c82-87dc-aa8302030428@group-5CD242095470:t3, leader=null, voted=970b5dc6-3c50-4c82-87dc-aa8302030428, raftlog=970b5dc6-3c50-4c82-87dc-aa8302030428@group-5CD242095470-SegmentedRaftLog:OPENED:c4,f4,i4, conf=0: [de700667-c827-4507-9d64-7cee8175844f:192.168.151.83:39345, 89453ef1-964b-45ae-849c-d802d4dd61c8:192.168.151.83:34073, 970b5dc6-3c50-4c82-87dc-aa8302030428:192.168.151.83:34096], old=null
2019-10-08 03:53:02,160 [970b5dc6-3c50-4c82-87dc-aa8302030428@group-5CD242095470-LeaderElection75] INFO  impl.LeaderElection (LogUtils.java:infoOrTrace(149)) -   Exception 0: {}
java.util.concurrent.ExecutionException: org.apache.ratis.thirdparty.io.grpc.StatusRuntimeException: UNAVAILABLE: io exception
	at java.util.concurrent.FutureTask.report(FutureTask.java:122)
	at java.util.concurrent.FutureTask.get(FutureTask.java:192)
	at org.apache.ratis.server.impl.LeaderElection.waitForResults(LeaderElection.java:259)
	at org.apache.ratis.server.impl.LeaderElection.askForVotes(LeaderElection.java:197)
	at org.apache.ratis.server.impl.LeaderElection.run(LeaderElection.java:133)
	at java.lang.Thread.run(Thread.java:748)
Caused by: org.apache.ratis.thirdparty.io.grpc.StatusRuntimeException: UNAVAILABLE: io exception
	at org.apache.ratis.thirdparty.io.grpc.stub.ClientCalls.toStatusRuntimeException(ClientCalls.java:233)
	at org.apache.ratis.thirdparty.io.grpc.stub.ClientCalls.getUnchecked(ClientCalls.java:214)
	at org.apache.ratis.thirdparty.io.grpc.stub.ClientCalls.blockingUnaryCall(ClientCalls.java:139)
	at org.apache.ratis.proto.grpc.RaftServerProtocolServiceGrpc$RaftServerProtocolServiceBlockingStub.requestVote(RaftServerProtocolServiceGrpc.java:265)
	at org.apache.ratis.grpc.server.GrpcServerProtocolClient.requestVote(GrpcServerProtocolClient.java:99)
	at org.apache.ratis.grpc.server.GrpcService.requestVote(GrpcService.java:204)
	at org.apache.ratis.server.impl.LeaderElection.lambda$submitRequests$1(LeaderElection.java:234)
	at java.util.concurrent.FutureTask.run(FutureTask.java:266)
	at java.util.concurrent.Executors$RunnableAdapter.call(Executors.java:511)
	at java.util.concurrent.FutureTask.run(FutureTask.java:266)
	at java.util.concurrent.ThreadPoolExecutor.runWorker(ThreadPoolExecutor.java:1149)
	at java.util.concurrent.ThreadPoolExecutor$Worker.run(ThreadPoolExecutor.java:624)
	... 1 more
Caused by: org.apache.ratis.thirdparty.io.netty.channel.AbstractChannel$AnnotatedConnectException: Connection refused: /192.168.151.83:39345
	at sun.nio.ch.SocketChannelImpl.checkConnect(Native Method)
	at sun.nio.ch.SocketChannelImpl.finishConnect(SocketChannelImpl.java:717)
	at org.apache.ratis.thirdparty.io.netty.channel.socket.nio.NioSocketChannel.doFinishConnect(NioSocketChannel.java:327)
	at org.apache.ratis.thirdparty.io.netty.channel.nio.AbstractNioChannel$AbstractNioUnsafe.finishConnect(AbstractNioChannel.java:340)
	at org.apache.ratis.thirdparty.io.netty.channel.nio.NioEventLoop.processSelectedKey(NioEventLoop.java:632)
	at org.apache.ratis.thirdparty.io.netty.channel.nio.NioEventLoop.processSelectedKeysOptimized(NioEventLoop.java:579)
	at org.apache.ratis.thirdparty.io.netty.channel.nio.NioEventLoop.processSelectedKeys(NioEventLoop.java:496)
	at org.apache.ratis.thirdparty.io.netty.channel.nio.NioEventLoop.run(NioEventLoop.java:458)
	at org.apache.ratis.thirdparty.io.netty.util.concurrent.SingleThreadEventExecutor$5.run(SingleThreadEventExecutor.java:897)
	at org.apache.ratis.thirdparty.io.netty.util.concurrent.FastThreadLocalRunnable.run(FastThreadLocalRunnable.java:30)
	... 1 more
Caused by: java.net.ConnectException: Connection refused
	... 11 more
2019-10-08 03:53:02,160 [970b5dc6-3c50-4c82-87dc-aa8302030428@group-5CD242095470-LeaderElection75] INFO  impl.RoleInfo (RoleInfo.java:shutdownLeaderElection(134)) - 970b5dc6-3c50-4c82-87dc-aa8302030428: shutdown LeaderElection
2019-10-08 03:53:02,160 [970b5dc6-3c50-4c82-87dc-aa8302030428@group-5CD242095470-LeaderElection75] INFO  impl.RaftServerImpl (RaftServerImpl.java:setRole(170)) - 970b5dc6-3c50-4c82-87dc-aa8302030428@group-5CD242095470: changes role from CANDIDATE to LEADER at term 3 for changeToLeader
2019-10-08 03:53:02,161 [970b5dc6-3c50-4c82-87dc-aa8302030428@group-5CD242095470-LeaderElection75] INFO  impl.RaftServerImpl (ServerState.java:setLeader(255)) - 970b5dc6-3c50-4c82-87dc-aa8302030428@group-5CD242095470: change Leader from null to 970b5dc6-3c50-4c82-87dc-aa8302030428 at term 3 for becomeLeader, leader elected after 54ms
2019-10-08 03:53:02,161 [970b5dc6-3c50-4c82-87dc-aa8302030428@group-5CD242095470-LeaderElection75] INFO  server.RaftServerConfigKeys (ConfUtils.java:logGet(43)) - raft.server.staging.catchup.gap = 1000 (default)
2019-10-08 03:53:02,161 [970b5dc6-3c50-4c82-87dc-aa8302030428@group-5CD242095470-LeaderElection75] INFO  server.RaftServerConfigKeys (ConfUtils.java:logGet(43)) - raft.server.rpc.sleep.time = 25ms (default)
2019-10-08 03:53:02,161 [970b5dc6-3c50-4c82-87dc-aa8302030428@group-5CD242095470-LeaderElection75] INFO  server.RaftServerConfigKeys (ConfUtils.java:logGet(43)) - raft.server.write.element-limit = 4096 (default)
2019-10-08 03:53:02,162 [970b5dc6-3c50-4c82-87dc-aa8302030428@group-5CD242095470-LeaderElection75] INFO  server.RaftServerConfigKeys (ConfUtils.java:logGet(43)) - raft.server.watch.timeout = 10s (default)
2019-10-08 03:53:02,162 [970b5dc6-3c50-4c82-87dc-aa8302030428@group-5CD242095470-LeaderElection75] INFO  server.RaftServerConfigKeys (ConfUtils.java:logGet(43)) - raft.server.watch.timeout.denomination = 1s (default)
2019-10-08 03:53:02,162 [970b5dc6-3c50-4c82-87dc-aa8302030428@group-5CD242095470-LeaderElection75] INFO  server.RaftServerConfigKeys (ConfUtils.java:logGet(43)) - raft.server.watch.element-limit = 65536 (default)
2019-10-08 03:53:02,164 [970b5dc6-3c50-4c82-87dc-aa8302030428@group-5CD242095470-LeaderElection75] INFO  server.RaftServerConfigKeys (ConfUtils.java:logGet(43)) - raft.server.log.appender.snapshot.chunk.size.max = 16MB (=16777216) (default)
2019-10-08 03:53:02,164 [970b5dc6-3c50-4c82-87dc-aa8302030428@group-5CD242095470-LeaderElection75] INFO  server.RaftServerConfigKeys (ConfUtils.java:logGet(43)) - raft.server.log.appender.buffer.byte-limit = 33554432 (custom)
2019-10-08 03:53:02,164 [970b5dc6-3c50-4c82-87dc-aa8302030428@group-5CD242095470-LeaderElection75] INFO  server.RaftServerConfigKeys (ConfUtils.java:logGet(43)) - raft.server.log.appender.buffer.element-limit = 1 (custom)
2019-10-08 03:53:02,165 [970b5dc6-3c50-4c82-87dc-aa8302030428@group-5CD242095470-LeaderElection75] INFO  grpc.GrpcConfigKeys$Server (ConfUtils.java:logGet(43)) - raft.grpc.server.leader.outstanding.appends.max = 128 (default)
2019-10-08 03:53:02,165 [970b5dc6-3c50-4c82-87dc-aa8302030428@group-5CD242095470-LeaderElection75] INFO  server.RaftServerConfigKeys (ConfUtils.java:logGet(43)) - raft.server.rpc.request.timeout = 3000ms (default)
2019-10-08 03:53:02,165 [970b5dc6-3c50-4c82-87dc-aa8302030428@group-5CD242095470-LeaderElection75] INFO  server.RaftServerConfigKeys (ConfUtils.java:logGet(43)) - raft.server.log.appender.install.snapshot.enabled = false (custom)
2019-10-08 03:53:02,165 [970b5dc6-3c50-4c82-87dc-aa8302030428@group-5CD242095470-LeaderElection75] INFO  server.RaftServerConfigKeys (ConfUtils.java:logGet(43)) - raft.server.log.appender.snapshot.chunk.size.max = 16MB (=16777216) (default)
2019-10-08 03:53:02,165 [970b5dc6-3c50-4c82-87dc-aa8302030428@group-5CD242095470-LeaderElection75] INFO  server.RaftServerConfigKeys (ConfUtils.java:logGet(43)) - raft.server.log.appender.buffer.byte-limit = 33554432 (custom)
2019-10-08 03:53:02,165 [970b5dc6-3c50-4c82-87dc-aa8302030428@group-5CD242095470-LeaderElection75] INFO  server.RaftServerConfigKeys (ConfUtils.java:logGet(43)) - raft.server.log.appender.buffer.element-limit = 1 (custom)
2019-10-08 03:53:02,165 [970b5dc6-3c50-4c82-87dc-aa8302030428@group-5CD242095470-LeaderElection75] INFO  grpc.GrpcConfigKeys$Server (ConfUtils.java:logGet(43)) - raft.grpc.server.leader.outstanding.appends.max = 128 (default)
2019-10-08 03:53:02,166 [970b5dc6-3c50-4c82-87dc-aa8302030428@group-5CD242095470-LeaderElection75] INFO  server.RaftServerConfigKeys (ConfUtils.java:logGet(43)) - raft.server.rpc.request.timeout = 3000ms (default)
2019-10-08 03:53:02,166 [970b5dc6-3c50-4c82-87dc-aa8302030428@group-5CD242095470-LeaderElection75] INFO  server.RaftServerConfigKeys (ConfUtils.java:logGet(43)) - raft.server.log.appender.install.snapshot.enabled = false (custom)
2019-10-08 03:53:02,166 [970b5dc6-3c50-4c82-87dc-aa8302030428@group-5CD242095470-LeaderElection75] INFO  impl.RoleInfo (RoleInfo.java:updateAndGet(143)) - 970b5dc6-3c50-4c82-87dc-aa8302030428: start LeaderState
2019-10-08 03:53:02,166 [970b5dc6-3c50-4c82-87dc-aa8302030428@group-5CD242095470-LeaderElection75] INFO  segmented.SegmentedRaftLogWorker (SegmentedRaftLogWorker.java:rollLogSegment(390)) - 970b5dc6-3c50-4c82-87dc-aa8302030428@group-5CD242095470-SegmentedRaftLogWorker: Rolling segment log-0_4 to index:4
2019-10-08 03:53:02,167 [970b5dc6-3c50-4c82-87dc-aa8302030428@group-5CD242095470-SegmentedRaftLogWorker] INFO  segmented.SegmentedRaftLogWorker (SegmentedRaftLogWorker.java:execute(531)) - 970b5dc6-3c50-4c82-87dc-aa8302030428@group-5CD242095470-SegmentedRaftLogWorker: Rolled log segment from /workdir/hadoop-ozone/integration-test/target/test-dir/MiniOzoneClusterImpl-a9be05cf-aef7-47c4-a115-9f43cc1793f2/datanode-6/data/ratis/45ce00b3-6fd1-41f1-9abd-5cd242095470/current/log_inprogress_0 to /workdir/hadoop-ozone/integration-test/target/test-dir/MiniOzoneClusterImpl-a9be05cf-aef7-47c4-a115-9f43cc1793f2/datanode-6/data/ratis/45ce00b3-6fd1-41f1-9abd-5cd242095470/current/log_0-4
2019-10-08 03:53:02,169 [970b5dc6-3c50-4c82-87dc-aa8302030428@group-5CD242095470-LeaderElection75] INFO  impl.RaftServerImpl (ServerState.java:setRaftConf(356)) - 970b5dc6-3c50-4c82-87dc-aa8302030428@group-5CD242095470: set configuration 5: [de700667-c827-4507-9d64-7cee8175844f:192.168.151.83:39345, 89453ef1-964b-45ae-849c-d802d4dd61c8:192.168.151.83:34073, 970b5dc6-3c50-4c82-87dc-aa8302030428:192.168.151.83:34096], old=null at 5
2019-10-08 03:53:02,170 [grpc-default-executor-8] WARN  server.GrpcLogAppender (LogUtils.java:warn(134)) - 970b5dc6-3c50-4c82-87dc-aa8302030428@group-5CD242095470->de700667-c827-4507-9d64-7cee8175844f-AppendLogResponseHandler: Failed appendEntries: org.apache.ratis.thirdparty.io.grpc.StatusRuntimeException: UNAVAILABLE: io exception
2019-10-08 03:53:02,196 [grpc-default-executor-8] INFO  impl.FollowerInfo (FollowerInfo.java:lambda$new$0(51)) - 970b5dc6-3c50-4c82-87dc-aa8302030428@group-5CD242095470->de700667-c827-4507-9d64-7cee8175844f: nextIndex: updateUnconditionally 5 -> 1
2019-10-08 03:53:02,197 [grpc-default-executor-5] INFO  impl.RaftServerImpl (ServerState.java:setLeader(255)) - 89453ef1-964b-45ae-849c-d802d4dd61c8@group-5CD242095470: change Leader from null to 970b5dc6-3c50-4c82-87dc-aa8302030428 at term 3 for appendEntries, leader elected after 55ms
2019-10-08 03:53:02,200 [970b5dc6-3c50-4c82-87dc-aa8302030428@group-5CD242095470-SegmentedRaftLogWorker] INFO  segmented.SegmentedRaftLogWorker (SegmentedRaftLogWorker.java:execute(574)) - 970b5dc6-3c50-4c82-87dc-aa8302030428@group-5CD242095470-SegmentedRaftLogWorker: created new log segment /workdir/hadoop-ozone/integration-test/target/test-dir/MiniOzoneClusterImpl-a9be05cf-aef7-47c4-a115-9f43cc1793f2/datanode-6/data/ratis/45ce00b3-6fd1-41f1-9abd-5cd242095470/current/log_inprogress_5
2019-10-08 03:53:02,201 [grpc-default-executor-5] INFO  impl.RaftServerImpl (ServerState.java:setRaftConf(356)) - 89453ef1-964b-45ae-849c-d802d4dd61c8@group-5CD242095470: set configuration 5: [de700667-c827-4507-9d64-7cee8175844f:192.168.151.83:39345, 89453ef1-964b-45ae-849c-d802d4dd61c8:192.168.151.83:34073, 970b5dc6-3c50-4c82-87dc-aa8302030428:192.168.151.83:34096], old=null at 5
2019-10-08 03:53:02,201 [grpc-default-executor-5] INFO  segmented.SegmentedRaftLogWorker (SegmentedRaftLogWorker.java:rollLogSegment(390)) - 89453ef1-964b-45ae-849c-d802d4dd61c8@group-5CD242095470-SegmentedRaftLogWorker: Rolling segment log-0_4 to index:4
2019-10-08 03:53:02,202 [89453ef1-964b-45ae-849c-d802d4dd61c8@group-5CD242095470-SegmentedRaftLogWorker] INFO  segmented.SegmentedRaftLogWorker (SegmentedRaftLogWorker.java:execute(531)) - 89453ef1-964b-45ae-849c-d802d4dd61c8@group-5CD242095470-SegmentedRaftLogWorker: Rolled log segment from /workdir/hadoop-ozone/integration-test/target/test-dir/MiniOzoneClusterImpl-a9be05cf-aef7-47c4-a115-9f43cc1793f2/datanode-5/data/ratis/45ce00b3-6fd1-41f1-9abd-5cd242095470/current/log_inprogress_0 to /workdir/hadoop-ozone/integration-test/target/test-dir/MiniOzoneClusterImpl-a9be05cf-aef7-47c4-a115-9f43cc1793f2/datanode-5/data/ratis/45ce00b3-6fd1-41f1-9abd-5cd242095470/current/log_0-4
2019-10-08 03:53:02,203 [grpc-default-executor-5] WARN  server.GrpcLogAppender (LogUtils.java:warn(134)) - 970b5dc6-3c50-4c82-87dc-aa8302030428@group-5CD242095470->de700667-c827-4507-9d64-7cee8175844f-AppendLogResponseHandler: Failed appendEntries: org.apache.ratis.thirdparty.io.grpc.StatusRuntimeException: UNAVAILABLE: io exception
2019-10-08 03:53:02,203 [grpc-default-executor-5] INFO  impl.FollowerInfo (FollowerInfo.java:lambda$new$0(51)) - 970b5dc6-3c50-4c82-87dc-aa8302030428@group-5CD242095470->de700667-c827-4507-9d64-7cee8175844f: nextIndex: updateUnconditionally 2 -> 1
2019-10-08 03:53:02,230 [89453ef1-964b-45ae-849c-d802d4dd61c8@group-5CD242095470-SegmentedRaftLogWorker] INFO  segmented.SegmentedRaftLogWorker (SegmentedRaftLogWorker.java:execute(574)) - 89453ef1-964b-45ae-849c-d802d4dd61c8@group-5CD242095470-SegmentedRaftLogWorker: created new log segment /workdir/hadoop-ozone/integration-test/target/test-dir/MiniOzoneClusterImpl-a9be05cf-aef7-47c4-a115-9f43cc1793f2/datanode-5/data/ratis/45ce00b3-6fd1-41f1-9abd-5cd242095470/current/log_inprogress_5
2019-10-08 03:53:02,240 [grpc-default-executor-5] WARN  server.GrpcLogAppender (LogUtils.java:warn(134)) - 970b5dc6-3c50-4c82-87dc-aa8302030428@group-5CD242095470->de700667-c827-4507-9d64-7cee8175844f-AppendLogResponseHandler: Failed appendEntries: org.apache.ratis.thirdparty.io.grpc.StatusRuntimeException: UNAVAILABLE: io exception
2019-10-08 03:53:02,241 [grpc-default-executor-5] INFO  impl.FollowerInfo (FollowerInfo.java:lambda$new$0(51)) - 970b5dc6-3c50-4c82-87dc-aa8302030428@group-5CD242095470->de700667-c827-4507-9d64-7cee8175844f: nextIndex: updateUnconditionally 2 -> 1
2019-10-08 03:53:02,244 [grpc-default-executor-5] WARN  server.GrpcLogAppender (LogUtils.java:warn(134)) - 970b5dc6-3c50-4c82-87dc-aa8302030428@group-5CD242095470->de700667-c827-4507-9d64-7cee8175844f-AppendLogResponseHandler: Failed appendEntries: org.apache.ratis.thirdparty.io.grpc.StatusRuntimeException: UNAVAILABLE: io exception
2019-10-08 03:53:02,244 [grpc-default-executor-5] INFO  impl.FollowerInfo (FollowerInfo.java:lambda$new$0(51)) - 970b5dc6-3c50-4c82-87dc-aa8302030428@group-5CD242095470->de700667-c827-4507-9d64-7cee8175844f: nextIndex: updateUnconditionally 2 -> 1
2019-10-08 03:53:03,197 [EventQueue-StaleNodeForStaleNodeHandler] INFO  node.StaleNodeHandler (StaleNodeHandler.java:onMessage(58)) - Datanode 89453ef1-964b-45ae-849c-d802d4dd61c8{ip: 192.168.151.83, host: pr-hdds-2217-jqnfv-3133698562, networkLocation: /default-rack, certSerialId: null} moved to stale state. Finalizing its pipelines [PipelineID=2915f879-8756-416b-b3d1-12291fdc6714, PipelineID=8e6d87fb-56d4-48ca-b208-d5fc1b7ebad4, PipelineID=45ce00b3-6fd1-41f1-9abd-5cd242095470]
2019-10-08 03:53:03,199 [EventQueue-StaleNodeForStaleNodeHandler] INFO  pipeline.SCMPipelineManager (SCMPipelineManager.java:finalizeAndDestroyPipeline(315)) - destroying pipeline:Pipeline[ Id: 2915f879-8756-416b-b3d1-12291fdc6714, Nodes: f5673c71-2777-46e9-9e6f-25a508b41700{ip: 192.168.151.83, host: pr-hdds-2217-jqnfv-3133698562, networkLocation: /default-rack, certSerialId: null}de700667-c827-4507-9d64-7cee8175844f{ip: 192.168.151.83, host: pr-hdds-2217-jqnfv-3133698562, networkLocation: /default-rack, certSerialId: null}89453ef1-964b-45ae-849c-d802d4dd61c8{ip: 192.168.151.83, host: pr-hdds-2217-jqnfv-3133698562, networkLocation: /default-rack, certSerialId: null}, Type:RATIS, Factor:THREE, State:CLOSED]
2019-10-08 03:53:03,199 [EventQueue-StaleNodeForStaleNodeHandler] INFO  pipeline.SCMPipelineManager (SCMPipelineManager.java:finalizeAndDestroyPipeline(315)) - destroying pipeline:Pipeline[ Id: 8e6d87fb-56d4-48ca-b208-d5fc1b7ebad4, Nodes: 89453ef1-964b-45ae-849c-d802d4dd61c8{ip: 192.168.151.83, host: pr-hdds-2217-jqnfv-3133698562, networkLocation: /default-rack, certSerialId: null}, Type:RATIS, Factor:ONE, State:OPEN]
2019-10-08 03:53:03,200 [EventQueue-StaleNodeForStaleNodeHandler] INFO  pipeline.PipelineStateManager (PipelineStateManager.java:finalizePipeline(123)) - Pipeline Pipeline[ Id: 8e6d87fb-56d4-48ca-b208-d5fc1b7ebad4, Nodes: 89453ef1-964b-45ae-849c-d802d4dd61c8{ip: 192.168.151.83, host: pr-hdds-2217-jqnfv-3133698562, networkLocation: /default-rack, certSerialId: null}, Type:RATIS, Factor:ONE, State:CLOSED] moved to CLOSED state
2019-10-08 03:53:03,200 [EventQueue-StaleNodeForStaleNodeHandler] INFO  pipeline.SCMPipelineManager (SCMPipelineManager.java:finalizeAndDestroyPipeline(315)) - destroying pipeline:Pipeline[ Id: 45ce00b3-6fd1-41f1-9abd-5cd242095470, Nodes: de700667-c827-4507-9d64-7cee8175844f{ip: 192.168.151.83, host: pr-hdds-2217-jqnfv-3133698562, networkLocation: /default-rack, certSerialId: null}89453ef1-964b-45ae-849c-d802d4dd61c8{ip: 192.168.151.83, host: pr-hdds-2217-jqnfv-3133698562, networkLocation: /default-rack, certSerialId: null}970b5dc6-3c50-4c82-87dc-aa8302030428{ip: 192.168.151.83, host: pr-hdds-2217-jqnfv-3133698562, networkLocation: /default-rack, certSerialId: null}, Type:RATIS, Factor:THREE, State:CLOSED]
2019-10-08 03:53:03,200 [EventQueue-StaleNodeForStaleNodeHandler] INFO  node.StaleNodeHandler (StaleNodeHandler.java:onMessage(58)) - Datanode 970b5dc6-3c50-4c82-87dc-aa8302030428{ip: 192.168.151.83, host: pr-hdds-2217-jqnfv-3133698562, networkLocation: /default-rack, certSerialId: null} moved to stale state. Finalizing its pipelines [PipelineID=99dd9794-c94b-4a2f-9bd0-ba7df06ed2b5, PipelineID=45ce00b3-6fd1-41f1-9abd-5cd242095470]
2019-10-08 03:53:03,200 [EventQueue-StaleNodeForStaleNodeHandler] INFO  pipeline.SCMPipelineManager (SCMPipelineManager.java:finalizeAndDestroyPipeline(315)) - destroying pipeline:Pipeline[ Id: 99dd9794-c94b-4a2f-9bd0-ba7df06ed2b5, Nodes: 970b5dc6-3c50-4c82-87dc-aa8302030428{ip: 192.168.151.83, host: pr-hdds-2217-jqnfv-3133698562, networkLocation: /default-rack, certSerialId: null}, Type:RATIS, Factor:ONE, State:OPEN]
2019-10-08 03:53:03,200 [EventQueue-StaleNodeForStaleNodeHandler] INFO  pipeline.PipelineStateManager (PipelineStateManager.java:finalizePipeline(123)) - Pipeline Pipeline[ Id: 99dd9794-c94b-4a2f-9bd0-ba7df06ed2b5, Nodes: 970b5dc6-3c50-4c82-87dc-aa8302030428{ip: 192.168.151.83, host: pr-hdds-2217-jqnfv-3133698562, networkLocation: /default-rack, certSerialId: null}, Type:RATIS, Factor:ONE, State:CLOSED] moved to CLOSED state
2019-10-08 03:53:03,200 [EventQueue-StaleNodeForStaleNodeHandler] INFO  pipeline.SCMPipelineManager (SCMPipelineManager.java:finalizeAndDestroyPipeline(315)) - destroying pipeline:Pipeline[ Id: 45ce00b3-6fd1-41f1-9abd-5cd242095470, Nodes: de700667-c827-4507-9d64-7cee8175844f{ip: 192.168.151.83, host: pr-hdds-2217-jqnfv-3133698562, networkLocation: /default-rack, certSerialId: null}89453ef1-964b-45ae-849c-d802d4dd61c8{ip: 192.168.151.83, host: pr-hdds-2217-jqnfv-3133698562, networkLocation: /default-rack, certSerialId: null}970b5dc6-3c50-4c82-87dc-aa8302030428{ip: 192.168.151.83, host: pr-hdds-2217-jqnfv-3133698562, networkLocation: /default-rack, certSerialId: null}, Type:RATIS, Factor:THREE, State:CLOSED]
2019-10-08 03:53:03,508 [main] INFO  ozoneimpl.OzoneContainer (OzoneContainer.java:stop(227)) - Attempting to stop container services.
2019-10-08 03:53:03,523 [main] INFO  impl.RaftServerProxy (RaftServerProxy.java:lambda$close$4(314)) - 970b5dc6-3c50-4c82-87dc-aa8302030428: close
2019-10-08 03:53:03,524 [main] INFO  impl.RaftServerImpl (RaftServerImpl.java:lambda$shutdown$3(247)) - 970b5dc6-3c50-4c82-87dc-aa8302030428@group-BA7DF06ED2B5: shutdown
2019-10-08 03:53:03,524 [main] INFO  util.JmxRegister (JmxRegister.java:unregister(73)) - Successfully un-registered JMX Bean with object name Ratis:service=RaftServer,group=group-BA7DF06ED2B5,id=970b5dc6-3c50-4c82-87dc-aa8302030428
2019-10-08 03:53:03,525 [main] INFO  impl.RoleInfo (RoleInfo.java:shutdownLeaderState(104)) - 970b5dc6-3c50-4c82-87dc-aa8302030428: shutdown LeaderState
2019-10-08 03:53:03,525 [main] INFO  impl.PendingRequests (PendingRequests.java:sendNotLeaderResponses(202)) - 970b5dc6-3c50-4c82-87dc-aa8302030428@group-BA7DF06ED2B5-PendingRequests: sendNotLeaderResponses
2019-10-08 03:53:03,526 [main] INFO  impl.StateMachineUpdater (StateMachineUpdater.java:stopAndJoin(136)) - 970b5dc6-3c50-4c82-87dc-aa8302030428@group-BA7DF06ED2B5-StateMachineUpdater: set stopIndex = 0
2019-10-08 03:53:03,527 [main] INFO  impl.RaftServerImpl (ServerState.java:close(387)) - 970b5dc6-3c50-4c82-87dc-aa8302030428@group-BA7DF06ED2B5: closes. applyIndex: 0
2019-10-08 03:53:03,528 [970b5dc6-3c50-4c82-87dc-aa8302030428@group-BA7DF06ED2B5-SegmentedRaftLogWorker] INFO  segmented.SegmentedRaftLogWorker (SegmentedRaftLogWorker.java:run(316)) - 970b5dc6-3c50-4c82-87dc-aa8302030428@group-BA7DF06ED2B5-SegmentedRaftLogWorker was interrupted, exiting. There are 0 tasks remaining in the queue.
2019-10-08 03:53:03,532 [main] INFO  segmented.SegmentedRaftLogWorker (SegmentedRaftLogWorker.java:close(224)) - 970b5dc6-3c50-4c82-87dc-aa8302030428@group-BA7DF06ED2B5-SegmentedRaftLogWorker close()
2019-10-08 03:53:03,540 [main] INFO  impl.RaftServerImpl (RaftServerImpl.java:lambda$shutdown$3(247)) - 970b5dc6-3c50-4c82-87dc-aa8302030428@group-5CD242095470: shutdown
2019-10-08 03:53:03,540 [ForkJoinPool.commonPool-worker-1] INFO  ozoneimpl.OzoneContainer (OzoneContainer.java:stop(227)) - Attempting to stop container services.
2019-10-08 03:53:03,540 [main] INFO  util.JmxRegister (JmxRegister.java:unregister(73)) - Successfully un-registered JMX Bean with object name Ratis:service=RaftServer,group=group-5CD242095470,id=970b5dc6-3c50-4c82-87dc-aa8302030428
2019-10-08 03:53:03,541 [ForkJoinPool.commonPool-worker-1] INFO  impl.RaftServerProxy (RaftServerProxy.java:lambda$close$4(314)) - 89453ef1-964b-45ae-849c-d802d4dd61c8: close
2019-10-08 03:53:03,541 [main] INFO  impl.RoleInfo (RoleInfo.java:shutdownLeaderState(104)) - 970b5dc6-3c50-4c82-87dc-aa8302030428: shutdown LeaderState
2019-10-08 03:53:03,541 [ForkJoinPool.commonPool-worker-1] INFO  impl.RaftServerImpl (RaftServerImpl.java:lambda$shutdown$3(247)) - 89453ef1-964b-45ae-849c-d802d4dd61c8@group-12291FDC6714: shutdown
2019-10-08 03:53:03,545 [org.apache.ratis.server.impl.LogAppender$AppenderDaemon$$Lambda$514/1885687276@69400ef5] WARN  server.GrpcLogAppender (GrpcLogAppender.java:mayWait(143)) - 970b5dc6-3c50-4c82-87dc-aa8302030428@group-5CD242095470->de700667-c827-4507-9d64-7cee8175844f-GrpcLogAppender: Wait interrupted by java.lang.InterruptedException
2019-10-08 03:53:03,545 [main] INFO  impl.PendingRequests (PendingRequests.java:sendNotLeaderResponses(202)) - 970b5dc6-3c50-4c82-87dc-aa8302030428@group-5CD242095470-PendingRequests: sendNotLeaderResponses
2019-10-08 03:53:03,545 [ForkJoinPool.commonPool-worker-1] INFO  util.JmxRegister (JmxRegister.java:unregister(73)) - Successfully un-registered JMX Bean with object name Ratis:service=RaftServer,group=group-12291FDC6714,id=89453ef1-964b-45ae-849c-d802d4dd61c8
2019-10-08 03:53:03,548 [main] INFO  impl.StateMachineUpdater (StateMachineUpdater.java:stopAndJoin(136)) - 970b5dc6-3c50-4c82-87dc-aa8302030428@group-5CD242095470-StateMachineUpdater: set stopIndex = 6
2019-10-08 03:53:03,545 [org.apache.ratis.server.impl.LogAppender$AppenderDaemon$$Lambda$514/1885687276@737a4d23] WARN  server.GrpcLogAppender (GrpcLogAppender.java:mayWait(143)) - 970b5dc6-3c50-4c82-87dc-aa8302030428@group-5CD242095470->89453ef1-964b-45ae-849c-d802d4dd61c8-GrpcLogAppender: Wait interrupted by java.lang.InterruptedException
2019-10-08 03:53:03,548 [970b5dc6-3c50-4c82-87dc-aa8302030428@group-5CD242095470-StateMachineUpdater] INFO  ratis.ContainerStateMachine (ContainerStateMachine.java:takeSnapshot(294)) - group-5CD242095470: Taking a snapshot at:(t:2, i:3) file /workdir/hadoop-ozone/integration-test/target/test-dir/MiniOzoneClusterImpl-a9be05cf-aef7-47c4-a115-9f43cc1793f2/datanode-6/data/ratis/45ce00b3-6fd1-41f1-9abd-5cd242095470/sm/snapshot.2_3
2019-10-08 03:53:03,548 [ForkJoinPool.commonPool-worker-1] INFO  impl.RoleInfo (RoleInfo.java:shutdownLeaderState(104)) - 89453ef1-964b-45ae-849c-d802d4dd61c8: shutdown LeaderState
2019-10-08 03:53:03,553 [ForkJoinPool.commonPool-worker-1] INFO  impl.PendingRequests (PendingRequests.java:sendNotLeaderResponses(202)) - 89453ef1-964b-45ae-849c-d802d4dd61c8@group-12291FDC6714-PendingRequests: sendNotLeaderResponses
2019-10-08 03:53:03,553 [org.apache.ratis.server.impl.LogAppender$AppenderDaemon$$Lambda$514/1885687276@27f43e09] WARN  server.GrpcLogAppender (GrpcLogAppender.java:mayWait(143)) - 89453ef1-964b-45ae-849c-d802d4dd61c8@group-12291FDC6714->de700667-c827-4507-9d64-7cee8175844f-GrpcLogAppender: Wait interrupted by java.lang.InterruptedException
2019-10-08 03:53:03,553 [org.apache.ratis.server.impl.LogAppender$AppenderDaemon$$Lambda$514/1885687276@278015f8] WARN  server.GrpcLogAppender (GrpcLogAppender.java:mayWait(143)) - 89453ef1-964b-45ae-849c-d802d4dd61c8@group-12291FDC6714->f5673c71-2777-46e9-9e6f-25a508b41700-GrpcLogAppender: Wait interrupted by java.lang.InterruptedException
2019-10-08 03:53:03,553 [ForkJoinPool.commonPool-worker-1] INFO  impl.StateMachineUpdater (StateMachineUpdater.java:stopAndJoin(136)) - 89453ef1-964b-45ae-849c-d802d4dd61c8@group-12291FDC6714-StateMachineUpdater: set stopIndex = 18
2019-10-08 03:53:03,554 [89453ef1-964b-45ae-849c-d802d4dd61c8@group-12291FDC6714-StateMachineUpdater] INFO  ratis.ContainerStateMachine (ContainerStateMachine.java:takeSnapshot(294)) - group-12291FDC6714: Taking a snapshot at:(t:1, i:14) file /workdir/hadoop-ozone/integration-test/target/test-dir/MiniOzoneClusterImpl-a9be05cf-aef7-47c4-a115-9f43cc1793f2/datanode-5/data/ratis/2915f879-8756-416b-b3d1-12291fdc6714/sm/snapshot.1_14
2019-10-08 03:53:03,555 [grpc-default-executor-5] INFO  server.GrpcServerProtocolService (GrpcServerProtocolService.java:onCompleted(113)) - 89453ef1-964b-45ae-849c-d802d4dd61c8: Completed APPEND_ENTRIES, lastRequest: 970b5dc6-3c50-4c82-87dc-aa8302030428->89453ef1-964b-45ae-849c-d802d4dd61c8#2-t3, previous=(t:3, i:5), leaderCommit=5, initializing? false, entries: size=1, first=(t:3, i:6), METADATAENTRY(c5)
2019-10-08 03:53:03,557 [grpc-default-executor-5] INFO  server.GrpcLogAppender (GrpcLogAppender.java:onCompleted(293)) - 970b5dc6-3c50-4c82-87dc-aa8302030428@group-5CD242095470->89453ef1-964b-45ae-849c-d802d4dd61c8-AppendLogResponseHandler: follower responses appendEntries COMPLETED
2019-10-08 03:53:03,558 [grpc-default-executor-5] INFO  impl.FollowerInfo (FollowerInfo.java:lambda$new$0(51)) - 970b5dc6-3c50-4c82-87dc-aa8302030428@group-5CD242095470->89453ef1-964b-45ae-849c-d802d4dd61c8: nextIndex: updateUnconditionally 7 -> 6
2019-10-08 03:53:03,566 [970b5dc6-3c50-4c82-87dc-aa8302030428@group-5CD242095470-StateMachineUpdater] INFO  ratis.ContainerStateMachine (ContainerStateMachine.java:takeSnapshot(305)) - group-5CD242095470: Finished taking a snapshot at:(t:2, i:3) file:/workdir/hadoop-ozone/integration-test/target/test-dir/MiniOzoneClusterImpl-a9be05cf-aef7-47c4-a115-9f43cc1793f2/datanode-6/data/ratis/45ce00b3-6fd1-41f1-9abd-5cd242095470/sm/snapshot.2_3 time:19
2019-10-08 03:53:03,566 [89453ef1-964b-45ae-849c-d802d4dd61c8@group-12291FDC6714-StateMachineUpdater] INFO  ratis.ContainerStateMachine (ContainerStateMachine.java:takeSnapshot(305)) - group-12291FDC6714: Finished taking a snapshot at:(t:1, i:14) file:/workdir/hadoop-ozone/integration-test/target/test-dir/MiniOzoneClusterImpl-a9be05cf-aef7-47c4-a115-9f43cc1793f2/datanode-5/data/ratis/2915f879-8756-416b-b3d1-12291fdc6714/sm/snapshot.1_14 time:13
2019-10-08 03:53:03,566 [970b5dc6-3c50-4c82-87dc-aa8302030428@group-5CD242095470-StateMachineUpdater] INFO  impl.StateMachineUpdater (StateMachineUpdater.java:takeSnapshot(269)) - 970b5dc6-3c50-4c82-87dc-aa8302030428@group-5CD242095470-StateMachineUpdater: Took a snapshot at index 3
2019-10-08 03:53:03,566 [970b5dc6-3c50-4c82-87dc-aa8302030428@group-5CD242095470-StateMachineUpdater] INFO  impl.StateMachineUpdater (StateMachineUpdater.java:lambda$new$0(84)) - 970b5dc6-3c50-4c82-87dc-aa8302030428@group-5CD242095470-StateMachineUpdater: snapshotIndex: updateIncreasingly -1 -> 3
2019-10-08 03:53:03,567 [89453ef1-964b-45ae-849c-d802d4dd61c8@group-12291FDC6714-StateMachineUpdater] INFO  impl.StateMachineUpdater (StateMachineUpdater.java:takeSnapshot(269)) - 89453ef1-964b-45ae-849c-d802d4dd61c8@group-12291FDC6714-StateMachineUpdater: Took a snapshot at index 14
2019-10-08 03:53:03,567 [89453ef1-964b-45ae-849c-d802d4dd61c8@group-12291FDC6714-StateMachineUpdater] INFO  impl.StateMachineUpdater (StateMachineUpdater.java:lambda$new$0(84)) - 89453ef1-964b-45ae-849c-d802d4dd61c8@group-12291FDC6714-StateMachineUpdater: snapshotIndex: updateIncreasingly -1 -> 14
2019-10-08 03:53:03,567 [970b5dc6-3c50-4c82-87dc-aa8302030428@group-5CD242095470-StateMachineUpdater] INFO  ratis.ContainerStateMachine (ContainerStateMachine.java:takeSnapshot(294)) - group-5CD242095470: Taking a snapshot at:(t:2, i:3) file /workdir/hadoop-ozone/integration-test/target/test-dir/MiniOzoneClusterImpl-a9be05cf-aef7-47c4-a115-9f43cc1793f2/datanode-6/data/ratis/45ce00b3-6fd1-41f1-9abd-5cd242095470/sm/snapshot.2_3
2019-10-08 03:53:03,567 [89453ef1-964b-45ae-849c-d802d4dd61c8@group-12291FDC6714-StateMachineUpdater] INFO  ratis.ContainerStateMachine (ContainerStateMachine.java:takeSnapshot(294)) - group-12291FDC6714: Taking a snapshot at:(t:1, i:14) file /workdir/hadoop-ozone/integration-test/target/test-dir/MiniOzoneClusterImpl-a9be05cf-aef7-47c4-a115-9f43cc1793f2/datanode-5/data/ratis/2915f879-8756-416b-b3d1-12291fdc6714/sm/snapshot.1_14
2019-10-08 03:53:03,593 [970b5dc6-3c50-4c82-87dc-aa8302030428@group-5CD242095470-StateMachineUpdater] INFO  ratis.ContainerStateMachine (ContainerStateMachine.java:takeSnapshot(305)) - group-5CD242095470: Finished taking a snapshot at:(t:2, i:3) file:/workdir/hadoop-ozone/integration-test/target/test-dir/MiniOzoneClusterImpl-a9be05cf-aef7-47c4-a115-9f43cc1793f2/datanode-6/data/ratis/45ce00b3-6fd1-41f1-9abd-5cd242095470/sm/snapshot.2_3 time:27
2019-10-08 03:53:03,593 [89453ef1-964b-45ae-849c-d802d4dd61c8@group-12291FDC6714-StateMachineUpdater] INFO  ratis.ContainerStateMachine (ContainerStateMachine.java:takeSnapshot(305)) - group-12291FDC6714: Finished taking a snapshot at:(t:1, i:14) file:/workdir/hadoop-ozone/integration-test/target/test-dir/MiniOzoneClusterImpl-a9be05cf-aef7-47c4-a115-9f43cc1793f2/datanode-5/data/ratis/2915f879-8756-416b-b3d1-12291fdc6714/sm/snapshot.1_14 time:26
2019-10-08 03:53:03,593 [970b5dc6-3c50-4c82-87dc-aa8302030428@group-5CD242095470-StateMachineUpdater] INFO  impl.StateMachineUpdater (StateMachineUpdater.java:takeSnapshot(269)) - 970b5dc6-3c50-4c82-87dc-aa8302030428@group-5CD242095470-StateMachineUpdater: Took a snapshot at index 3
2019-10-08 03:53:03,593 [970b5dc6-3c50-4c82-87dc-aa8302030428@group-5CD242095470-StateMachineUpdater] INFO  impl.StateMachineUpdater (StateMachineUpdater.java:lambda$new$0(84)) - 970b5dc6-3c50-4c82-87dc-aa8302030428@group-5CD242095470-StateMachineUpdater: snapshotIndex: updateIncreasingly 3 -> 3
2019-10-08 03:53:03,593 [89453ef1-964b-45ae-849c-d802d4dd61c8@group-12291FDC6714-StateMachineUpdater] INFO  impl.StateMachineUpdater (StateMachineUpdater.java:takeSnapshot(269)) - 89453ef1-964b-45ae-849c-d802d4dd61c8@group-12291FDC6714-StateMachineUpdater: Took a snapshot at index 14
2019-10-08 03:53:03,596 [89453ef1-964b-45ae-849c-d802d4dd61c8@group-12291FDC6714-StateMachineUpdater] INFO  impl.StateMachineUpdater (StateMachineUpdater.java:lambda$new$0(84)) - 89453ef1-964b-45ae-849c-d802d4dd61c8@group-12291FDC6714-StateMachineUpdater: snapshotIndex: updateIncreasingly 14 -> 14
2019-10-08 03:53:03,596 [main] INFO  impl.RaftServerImpl (ServerState.java:close(387)) - 970b5dc6-3c50-4c82-87dc-aa8302030428@group-5CD242095470: closes. applyIndex: 6
2019-10-08 03:53:03,596 [ForkJoinPool.commonPool-worker-1] INFO  impl.RaftServerImpl (ServerState.java:close(387)) - 89453ef1-964b-45ae-849c-d802d4dd61c8@group-12291FDC6714: closes. applyIndex: 18
2019-10-08 03:53:03,597 [970b5dc6-3c50-4c82-87dc-aa8302030428@group-5CD242095470-SegmentedRaftLogWorker] INFO  segmented.SegmentedRaftLogWorker (SegmentedRaftLogWorker.java:run(316)) - 970b5dc6-3c50-4c82-87dc-aa8302030428@group-5CD242095470-SegmentedRaftLogWorker was interrupted, exiting. There are 0 tasks remaining in the queue.
2019-10-08 03:53:03,597 [89453ef1-964b-45ae-849c-d802d4dd61c8@group-12291FDC6714-SegmentedRaftLogWorker] INFO  segmented.SegmentedRaftLogWorker (SegmentedRaftLogWorker.java:run(316)) - 89453ef1-964b-45ae-849c-d802d4dd61c8@group-12291FDC6714-SegmentedRaftLogWorker was interrupted, exiting. There are 0 tasks remaining in the queue.
2019-10-08 03:53:03,597 [main] INFO  segmented.SegmentedRaftLogWorker (SegmentedRaftLogWorker.java:close(224)) - 970b5dc6-3c50-4c82-87dc-aa8302030428@group-5CD242095470-SegmentedRaftLogWorker close()
2019-10-08 03:53:03,597 [ForkJoinPool.commonPool-worker-1] INFO  segmented.SegmentedRaftLogWorker (SegmentedRaftLogWorker.java:close(224)) - 89453ef1-964b-45ae-849c-d802d4dd61c8@group-12291FDC6714-SegmentedRaftLogWorker close()
2019-10-08 03:53:03,600 [main] INFO  server.GrpcService (GrpcService.java:closeImpl(164)) - 970b5dc6-3c50-4c82-87dc-aa8302030428: shutdown server with port 34096 now
2019-10-08 03:53:03,602 [ForkJoinPool.commonPool-worker-1] INFO  impl.RaftServerImpl (RaftServerImpl.java:lambda$shutdown$3(247)) - 89453ef1-964b-45ae-849c-d802d4dd61c8@group-D5FC1B7EBAD4: shutdown
2019-10-08 03:53:03,603 [ForkJoinPool.commonPool-worker-1] INFO  util.JmxRegister (JmxRegister.java:unregister(73)) - Successfully un-registered JMX Bean with object name Ratis:service=RaftServer,group=group-D5FC1B7EBAD4,id=89453ef1-964b-45ae-849c-d802d4dd61c8
2019-10-08 03:53:03,603 [ForkJoinPool.commonPool-worker-1] INFO  impl.RoleInfo (RoleInfo.java:shutdownLeaderState(104)) - 89453ef1-964b-45ae-849c-d802d4dd61c8: shutdown LeaderState
2019-10-08 03:53:03,603 [main] INFO  server.GrpcService (GrpcService.java:closeImpl(172)) - 970b5dc6-3c50-4c82-87dc-aa8302030428: shutdown server with port 34096 successfully
2019-10-08 03:53:03,603 [ForkJoinPool.commonPool-worker-1] INFO  impl.PendingRequests (PendingRequests.java:sendNotLeaderResponses(202)) - 89453ef1-964b-45ae-849c-d802d4dd61c8@group-D5FC1B7EBAD4-PendingRequests: sendNotLeaderResponses
2019-10-08 03:53:03,604 [ForkJoinPool.commonPool-worker-1] INFO  impl.StateMachineUpdater (StateMachineUpdater.java:stopAndJoin(136)) - 89453ef1-964b-45ae-849c-d802d4dd61c8@group-D5FC1B7EBAD4-StateMachineUpdater: set stopIndex = 0
2019-10-08 03:53:03,604 [ForkJoinPool.commonPool-worker-1] INFO  impl.RaftServerImpl (ServerState.java:close(387)) - 89453ef1-964b-45ae-849c-d802d4dd61c8@group-D5FC1B7EBAD4: closes. applyIndex: 0
2019-10-08 03:53:03,605 [89453ef1-964b-45ae-849c-d802d4dd61c8@group-D5FC1B7EBAD4-SegmentedRaftLogWorker] INFO  segmented.SegmentedRaftLogWorker (SegmentedRaftLogWorker.java:run(316)) - 89453ef1-964b-45ae-849c-d802d4dd61c8@group-D5FC1B7EBAD4-SegmentedRaftLogWorker was interrupted, exiting. There are 0 tasks remaining in the queue.
2019-10-08 03:53:03,605 [ForkJoinPool.commonPool-worker-1] INFO  segmented.SegmentedRaftLogWorker (SegmentedRaftLogWorker.java:close(224)) - 89453ef1-964b-45ae-849c-d802d4dd61c8@group-D5FC1B7EBAD4-SegmentedRaftLogWorker close()
2019-10-08 03:53:03,608 [ForkJoinPool.commonPool-worker-1] INFO  impl.RaftServerImpl (RaftServerImpl.java:lambda$shutdown$3(247)) - 89453ef1-964b-45ae-849c-d802d4dd61c8@group-5CD242095470: shutdown
2019-10-08 03:53:03,609 [ForkJoinPool.commonPool-worker-1] INFO  util.JmxRegister (JmxRegister.java:unregister(73)) - Successfully un-registered JMX Bean with object name Ratis:service=RaftServer,group=group-5CD242095470,id=89453ef1-964b-45ae-849c-d802d4dd61c8
2019-10-08 03:53:03,609 [ForkJoinPool.commonPool-worker-1] INFO  impl.RoleInfo (RoleInfo.java:shutdownFollowerState(121)) - 89453ef1-964b-45ae-849c-d802d4dd61c8: shutdown FollowerState
2019-10-08 03:53:03,610 [ForkJoinPool.commonPool-worker-1] INFO  impl.StateMachineUpdater (StateMachineUpdater.java:stopAndJoin(136)) - 89453ef1-964b-45ae-849c-d802d4dd61c8@group-5CD242095470-StateMachineUpdater: set stopIndex = 5
2019-10-08 03:53:03,610 [89453ef1-964b-45ae-849c-d802d4dd61c8@group-5CD242095470-StateMachineUpdater] INFO  ratis.ContainerStateMachine (ContainerStateMachine.java:takeSnapshot(294)) - group-5CD242095470: Taking a snapshot at:(t:2, i:3) file /workdir/hadoop-ozone/integration-test/target/test-dir/MiniOzoneClusterImpl-a9be05cf-aef7-47c4-a115-9f43cc1793f2/datanode-5/data/ratis/45ce00b3-6fd1-41f1-9abd-5cd242095470/sm/snapshot.2_3
2019-10-08 03:53:03,610 [Thread-3411] INFO  impl.FollowerState (FollowerState.java:run(117)) - 89453ef1-964b-45ae-849c-d802d4dd61c8@group-5CD242095470-FollowerState was interrupted: java.lang.InterruptedException: sleep interrupted
2019-10-08 03:53:03,610 [refreshUsed-/workdir/hadoop-ozone/integration-test/target/test-dir/MiniOzoneClusterImpl-a9be05cf-aef7-47c4-a115-9f43cc1793f2/datanode-6/data/containers] WARN  fs.CachingGetSpaceUsed (CachingGetSpaceUsed.java:run(183)) - Thread Interrupted waiting to refresh disk information: sleep interrupted
2019-10-08 03:53:03,631 [main] INFO  utils.BackgroundService (BackgroundService.java:shutdown(148)) - Shutting down service BlockDeletingService
2019-10-08 03:53:03,637 [main] INFO  statemachine.DatanodeStateMachine (DatanodeStateMachine.java:stopDaemon(395)) - Ozone container server stopped.
2019-10-08 03:53:03,638 [89453ef1-964b-45ae-849c-d802d4dd61c8@group-5CD242095470-StateMachineUpdater] INFO  ratis.ContainerStateMachine (ContainerStateMachine.java:takeSnapshot(305)) - group-5CD242095470: Finished taking a snapshot at:(t:2, i:3) file:/workdir/hadoop-ozone/integration-test/target/test-dir/MiniOzoneClusterImpl-a9be05cf-aef7-47c4-a115-9f43cc1793f2/datanode-5/data/ratis/45ce00b3-6fd1-41f1-9abd-5cd242095470/sm/snapshot.2_3 time:28
2019-10-08 03:53:03,638 [89453ef1-964b-45ae-849c-d802d4dd61c8@group-5CD242095470-StateMachineUpdater] INFO  impl.StateMachineUpdater (StateMachineUpdater.java:takeSnapshot(269)) - 89453ef1-964b-45ae-849c-d802d4dd61c8@group-5CD242095470-StateMachineUpdater: Took a snapshot at index 3
2019-10-08 03:53:03,638 [89453ef1-964b-45ae-849c-d802d4dd61c8@group-5CD242095470-StateMachineUpdater] INFO  impl.StateMachineUpdater (StateMachineUpdater.java:lambda$new$0(84)) - 89453ef1-964b-45ae-849c-d802d4dd61c8@group-5CD242095470-StateMachineUpdater: snapshotIndex: updateIncreasingly -1 -> 3
2019-10-08 03:53:03,638 [89453ef1-964b-45ae-849c-d802d4dd61c8@group-5CD242095470-StateMachineUpdater] INFO  ratis.ContainerStateMachine (ContainerStateMachine.java:takeSnapshot(294)) - group-5CD242095470: Taking a snapshot at:(t:2, i:3) file /workdir/hadoop-ozone/integration-test/target/test-dir/MiniOzoneClusterImpl-a9be05cf-aef7-47c4-a115-9f43cc1793f2/datanode-5/data/ratis/45ce00b3-6fd1-41f1-9abd-5cd242095470/sm/snapshot.2_3
2019-10-08 03:53:03,639 [main] INFO  handler.ContextHandler (ContextHandler.java:doStop(910)) - Stopped o.e.j.w.WebAppContext@736b21ee{/,null,UNAVAILABLE}{/hddsDatanode}
2019-10-08 03:53:03,642 [main] INFO  server.AbstractConnector (AbstractConnector.java:doStop(318)) - Stopped ServerConnector@60deefed{HTTP/1.1,[http/1.1]}{0.0.0.0:0}
2019-10-08 03:53:03,642 [main] INFO  handler.ContextHandler (ContextHandler.java:doStop(910)) - Stopped o.e.j.s.ServletContextHandler@5fb5ad40{/static,jar:file:/home/user/.m2/repository/org/apache/hadoop/hadoop-hdds-container-service/0.5.0-SNAPSHOT/hadoop-hdds-container-service-0.5.0-SNAPSHOT.jar!/webapps/static,UNAVAILABLE}
2019-10-08 03:53:03,643 [main] INFO  handler.ContextHandler (ContextHandler.java:doStop(910)) - Stopped o.e.j.s.ServletContextHandler@7a3f08b6{/logs,file:///workdir/hadoop-ozone/integration-test/target/log,UNAVAILABLE}
2019-10-08 03:53:03,651 [89453ef1-964b-45ae-849c-d802d4dd61c8@group-5CD242095470-StateMachineUpdater] INFO  ratis.ContainerStateMachine (ContainerStateMachine.java:takeSnapshot(305)) - group-5CD242095470: Finished taking a snapshot at:(t:2, i:3) file:/workdir/hadoop-ozone/integration-test/target/test-dir/MiniOzoneClusterImpl-a9be05cf-aef7-47c4-a115-9f43cc1793f2/datanode-5/data/ratis/45ce00b3-6fd1-41f1-9abd-5cd242095470/sm/snapshot.2_3 time:13
2019-10-08 03:53:03,651 [89453ef1-964b-45ae-849c-d802d4dd61c8@group-5CD242095470-StateMachineUpdater] INFO  impl.StateMachineUpdater (StateMachineUpdater.java:takeSnapshot(269)) - 89453ef1-964b-45ae-849c-d802d4dd61c8@group-5CD242095470-StateMachineUpdater: Took a snapshot at index 3
2019-10-08 03:53:03,651 [89453ef1-964b-45ae-849c-d802d4dd61c8@group-5CD242095470-StateMachineUpdater] INFO  impl.StateMachineUpdater (StateMachineUpdater.java:lambda$new$0(84)) - 89453ef1-964b-45ae-849c-d802d4dd61c8@group-5CD242095470-StateMachineUpdater: snapshotIndex: updateIncreasingly 3 -> 3
2019-10-08 03:53:03,651 [ForkJoinPool.commonPool-worker-1] INFO  impl.RaftServerImpl (ServerState.java:close(387)) - 89453ef1-964b-45ae-849c-d802d4dd61c8@group-5CD242095470: closes. applyIndex: 5
2019-10-08 03:53:03,652 [89453ef1-964b-45ae-849c-d802d4dd61c8@group-5CD242095470-SegmentedRaftLogWorker] INFO  segmented.SegmentedRaftLogWorker (SegmentedRaftLogWorker.java:run(316)) - 89453ef1-964b-45ae-849c-d802d4dd61c8@group-5CD242095470-SegmentedRaftLogWorker was interrupted, exiting. There are 0 tasks remaining in the queue.
2019-10-08 03:53:03,652 [ForkJoinPool.commonPool-worker-1] INFO  segmented.SegmentedRaftLogWorker (SegmentedRaftLogWorker.java:close(224)) - 89453ef1-964b-45ae-849c-d802d4dd61c8@group-5CD242095470-SegmentedRaftLogWorker close()
2019-10-08 03:53:03,654 [ForkJoinPool.commonPool-worker-1] INFO  server.GrpcService (GrpcService.java:closeImpl(164)) - 89453ef1-964b-45ae-849c-d802d4dd61c8: shutdown server with port 34073 now
2019-10-08 03:53:03,654 [ForkJoinPool.commonPool-worker-1] INFO  server.GrpcService (GrpcService.java:closeImpl(172)) - 89453ef1-964b-45ae-849c-d802d4dd61c8: shutdown server with port 34073 successfully
2019-10-08 03:53:03,657 [refreshUsed-/workdir/hadoop-ozone/integration-test/target/test-dir/MiniOzoneClusterImpl-a9be05cf-aef7-47c4-a115-9f43cc1793f2/datanode-5/data/containers] WARN  fs.CachingGetSpaceUsed (CachingGetSpaceUsed.java:run(183)) - Thread Interrupted waiting to refresh disk information: sleep interrupted
2019-10-08 03:53:03,669 [ForkJoinPool.commonPool-worker-1] INFO  utils.BackgroundService (BackgroundService.java:shutdown(148)) - Shutting down service BlockDeletingService
2019-10-08 03:53:03,675 [ForkJoinPool.commonPool-worker-1] INFO  statemachine.DatanodeStateMachine (DatanodeStateMachine.java:stopDaemon(395)) - Ozone container server stopped.
2019-10-08 03:53:03,680 [ForkJoinPool.commonPool-worker-1] INFO  handler.ContextHandler (ContextHandler.java:doStop(910)) - Stopped o.e.j.w.WebAppContext@7ec3a8bd{/,null,UNAVAILABLE}{/hddsDatanode}
2019-10-08 03:53:03,680 [ForkJoinPool.commonPool-worker-1] INFO  server.AbstractConnector (AbstractConnector.java:doStop(318)) - Stopped ServerConnector@9690008{HTTP/1.1,[http/1.1]}{0.0.0.0:0}
2019-10-08 03:53:03,685 [ForkJoinPool.commonPool-worker-1] INFO  handler.ContextHandler (ContextHandler.java:doStop(910)) - Stopped o.e.j.s.ServletContextHandler@3f68a7f8{/static,jar:file:/home/user/.m2/repository/org/apache/hadoop/hadoop-hdds-container-service/0.5.0-SNAPSHOT/hadoop-hdds-container-service-0.5.0-SNAPSHOT.jar!/webapps/static,UNAVAILABLE}
2019-10-08 03:53:03,686 [ForkJoinPool.commonPool-worker-1] INFO  handler.ContextHandler (ContextHandler.java:doStop(910)) - Stopped o.e.j.s.ServletContextHandler@9785903{/logs,file:///workdir/hadoop-ozone/integration-test/target/log,UNAVAILABLE}
2019-10-08 03:53:03,687 [main] INFO  ozone.MiniOzoneClusterImpl (MiniOzoneClusterImpl.java:stopSCM(392)) - Stopping the StorageContainerManager
2019-10-08 03:53:03,687 [main] INFO  server.StorageContainerManager (StorageContainerManager.java:stop(808)) - Stopping Replication Manager Service.
2019-10-08 03:53:03,687 [main] INFO  container.ReplicationManager (ReplicationManager.java:stop(203)) - Stopping Replication Monitor Thread.
2019-10-08 03:53:03,688 [main] INFO  server.StorageContainerManager (StorageContainerManager.java:stop(815)) - Stopping Lease Manager of the command watchers
2019-10-08 03:53:03,688 [main] INFO  server.StorageContainerManager (StorageContainerManager.java:stop(822)) - Stopping datanode service RPC server
2019-10-08 03:53:03,688 [main] INFO  server.SCMDatanodeProtocolServer (SCMDatanodeProtocolServer.java:stop(346)) - Stopping the RPC server for DataNodes
2019-10-08 03:53:03,688 [main] INFO  ipc.Server (Server.java:stop(3082)) - Stopping server on 32867
2019-10-08 03:53:03,690 [IPC Server listener on 32867] INFO  ipc.Server (Server.java:run(1185)) - Stopping IPC Server listener on 32867
2019-10-08 03:53:03,691 [IPC Server Responder] INFO  ipc.Server (Server.java:run(1319)) - Stopping IPC Server Responder
2019-10-08 03:53:03,697 [SCM Heartbeat Processing Thread - 0] WARN  node.NodeStateManager (NodeStateManager.java:scheduleNextHealthCheck(646)) - Current Thread is interrupted, shutting down HB processing thread for Node Manager.
2019-10-08 03:53:03,697 [main] INFO  server.StorageContainerManager (StorageContainerManager.java:stop(830)) - Stopping block service RPC server
2019-10-08 03:53:03,697 [main] INFO  server.SCMBlockProtocolServer (SCMBlockProtocolServer.java:stop(155)) - Stopping the RPC server for Block Protocol
2019-10-08 03:53:03,697 [main] INFO  ipc.Server (Server.java:stop(3082)) - Stopping server on 37190
2019-10-08 03:53:03,700 [IPC Server listener on 37190] INFO  ipc.Server (Server.java:run(1185)) - Stopping IPC Server listener on 37190
2019-10-08 03:53:03,700 [main] INFO  server.StorageContainerManager (StorageContainerManager.java:stop(837)) - Stopping the StorageContainerLocationProtocol RPC server
2019-10-08 03:53:03,700 [IPC Server Responder] INFO  ipc.Server (Server.java:run(1319)) - Stopping IPC Server Responder
2019-10-08 03:53:03,701 [main] INFO  server.SCMClientProtocolServer (SCMClientProtocolServer.java:stop(168)) - Stopping the RPC server for Client Protocol
2019-10-08 03:53:03,701 [main] INFO  ipc.Server (Server.java:stop(3082)) - Stopping server on 36524
2019-10-08 03:53:03,703 [IPC Server listener on 36524] INFO  ipc.Server (Server.java:run(1185)) - Stopping IPC Server listener on 36524
2019-10-08 03:53:03,703 [main] INFO  server.StorageContainerManager (StorageContainerManager.java:stop(844)) - Stopping Storage Container Manager HTTP server.
2019-10-08 03:53:03,704 [IPC Server Responder] INFO  ipc.Server (Server.java:run(1319)) - Stopping IPC Server Responder
2019-10-08 03:53:03,706 [main] INFO  handler.ContextHandler (ContextHandler.java:doStop(910)) - Stopped o.e.j.w.WebAppContext@7ac48e10{/,null,UNAVAILABLE}{/scm}
2019-10-08 03:53:03,706 [main] INFO  server.AbstractConnector (AbstractConnector.java:doStop(318)) - Stopped ServerConnector@52354202{HTTP/1.1,[http/1.1]}{0.0.0.0:0}
2019-10-08 03:53:03,707 [main] INFO  handler.ContextHandler (ContextHandler.java:doStop(910)) - Stopped o.e.j.s.ServletContextHandler@285a4fe3{/static,file:///workdir/hadoop-ozone/integration-test/target/test-classes/webapps/static,UNAVAILABLE}
2019-10-08 03:53:03,707 [main] INFO  handler.ContextHandler (ContextHandler.java:doStop(910)) - Stopped o.e.j.s.ServletContextHandler@50ec4bfc{/logs,file:///workdir/hadoop-ozone/integration-test/target/log,UNAVAILABLE}
2019-10-08 03:53:03,708 [main] INFO  server.StorageContainerManager (StorageContainerManager.java:stop(855)) - Stopping Block Manager Service.
2019-10-08 03:53:03,708 [main] INFO  utils.BackgroundService (BackgroundService.java:shutdown(148)) - Shutting down service SCMBlockDeletingService
2019-10-08 03:53:03,709 [main] INFO  utils.BackgroundService (BackgroundService.java:shutdown(148)) - Shutting down service SCMBlockDeletingService
2019-10-08 03:53:03,709 [main] INFO  server.StorageContainerManager (StorageContainerManager.java:stop(877)) - Stopping SCM Event Queue.
2019-10-08 03:53:03,714 [main] INFO  impl.MetricsSystemImpl (MetricsSystemImpl.java:stop(210)) - Stopping HddsDatanode metrics system...
2019-10-08 03:53:03,743 [main] INFO  impl.MetricsSystemImpl (MetricsSystemImpl.java:stop(216)) - HddsDatanode metrics system stopped.
]]></system-out>
    <system-err><![CDATA[Oct 08, 2019 3:52:53 AM org.apache.ratis.thirdparty.io.grpc.internal.SerializingExecutor run
SEVERE: Exception while executing runnable org.apache.ratis.thirdparty.io.grpc.internal.ServerImpl$JumpToApplicationThreadServerStreamListener$1Closed@620b4ef9
org.apache.ratis.thirdparty.io.grpc.StatusRuntimeException: CANCELLED: call already cancelled
	at org.apache.ratis.thirdparty.io.grpc.Status.asRuntimeException(Status.java:517)
	at org.apache.ratis.thirdparty.io.grpc.stub.ServerCalls$ServerCallStreamObserverImpl.onCompleted(ServerCalls.java:356)
	at org.apache.ratis.grpc.server.GrpcServerProtocolService$ServerRequestStreamObserver.onError(GrpcServerProtocolService.java:121)
	at org.apache.ratis.thirdparty.io.grpc.stub.ServerCalls$StreamingServerCallHandler$StreamingServerCallListener.onCancel(ServerCalls.java:269)
	at org.apache.ratis.thirdparty.io.grpc.internal.ServerCallImpl$ServerStreamListenerImpl.closed(ServerCallImpl.java:293)
	at org.apache.ratis.thirdparty.io.grpc.internal.ServerImpl$JumpToApplicationThreadServerStreamListener$1Closed.runInContext(ServerImpl.java:741)
	at org.apache.ratis.thirdparty.io.grpc.internal.ContextRunnable.run(ContextRunnable.java:37)
	at org.apache.ratis.thirdparty.io.grpc.internal.SerializingExecutor.run(SerializingExecutor.java:123)
	at java.util.concurrent.ThreadPoolExecutor.runWorker(ThreadPoolExecutor.java:1149)
	at java.util.concurrent.ThreadPoolExecutor$Worker.run(ThreadPoolExecutor.java:624)
	at java.lang.Thread.run(Thread.java:748)

Oct 08, 2019 3:52:53 AM org.apache.ratis.thirdparty.io.grpc.internal.SerializingExecutor run
SEVERE: Exception while executing runnable org.apache.ratis.thirdparty.io.grpc.internal.ServerImpl$JumpToApplicationThreadServerStreamListener$1Closed@5e0e965e
org.apache.ratis.thirdparty.io.grpc.StatusRuntimeException: CANCELLED: call already cancelled
	at org.apache.ratis.thirdparty.io.grpc.Status.asRuntimeException(Status.java:517)
	at org.apache.ratis.thirdparty.io.grpc.stub.ServerCalls$ServerCallStreamObserverImpl.onCompleted(ServerCalls.java:356)
	at org.apache.ratis.grpc.server.GrpcServerProtocolService$ServerRequestStreamObserver.onError(GrpcServerProtocolService.java:121)
	at org.apache.ratis.thirdparty.io.grpc.stub.ServerCalls$StreamingServerCallHandler$StreamingServerCallListener.onCancel(ServerCalls.java:269)
	at org.apache.ratis.thirdparty.io.grpc.internal.ServerCallImpl$ServerStreamListenerImpl.closed(ServerCallImpl.java:293)
	at org.apache.ratis.thirdparty.io.grpc.internal.ServerImpl$JumpToApplicationThreadServerStreamListener$1Closed.runInContext(ServerImpl.java:741)
	at org.apache.ratis.thirdparty.io.grpc.internal.ContextRunnable.run(ContextRunnable.java:37)
	at org.apache.ratis.thirdparty.io.grpc.internal.SerializingExecutor.run(SerializingExecutor.java:123)
	at java.util.concurrent.ThreadPoolExecutor.runWorker(ThreadPoolExecutor.java:1149)
	at java.util.concurrent.ThreadPoolExecutor$Worker.run(ThreadPoolExecutor.java:624)
	at java.lang.Thread.run(Thread.java:748)

]]></system-err>
  </testcase>
  <testcase name="testFailureWithPrimeSizedData" classname="org.apache.hadoop.ozone.client.rpc.TestBlockOutputStreamWithFailures" time="34.084"/>
  <testcase name="testWatchForCommitWithCloseContainerException" classname="org.apache.hadoop.ozone.client.rpc.TestBlockOutputStreamWithFailures" time="35.296"/>
  <testcase name="testExceptionDuringClose" classname="org.apache.hadoop.ozone.client.rpc.TestBlockOutputStreamWithFailures" time="34.577"/>
</testsuite>