<?xml version="1.0" encoding="UTF-8"?>
<testsuite xmlns:xsi="http://www.w3.org/2001/XMLSchema-instance" xsi:noNamespaceSchemaLocation="https://maven.apache.org/surefire/maven-surefire-plugin/xsd/surefire-test-report.xsd" name="org.apache.hadoop.ozone.client.rpc.TestDeleteWithSlowFollower" time="133.173" tests="1" errors="0" skipped="0" failures="1">
  <properties>
    <property name="awt.toolkit" value="sun.awt.X11.XToolkit"/>
    <property name="file.encoding.pkg" value="sun.io"/>
    <property name="java.specification.version" value="1.8"/>
    <property name="sun.cpu.isalist" value=""/>
    <property name="sun.jnu.encoding" value="ANSI_X3.4-1968"/>
    <property name="java.class.path" value="/workdir/hadoop-ozone/integration-test/target/test-classes:/workdir/hadoop-ozone/integration-test/target/classes:/home/user/.m2/repository/org/apache/hadoop/hadoop-ozone-common/0.5.0-SNAPSHOT/hadoop-ozone-common-0.5.0-SNAPSHOT.jar:/home/user/.m2/repository/org/apache/commons/commons-compress/1.4.1/commons-compress-1.4.1.jar:/home/user/.m2/repository/org/tukaani/xz/1.0/xz-1.0.jar:/home/user/.m2/repository/org/apache/hadoop/hadoop-common/3.2.0/hadoop-common-3.2.0.jar:/home/user/.m2/repository/org/apache/hadoop/hadoop-hdfs/3.2.0/hadoop-hdfs-3.2.0.jar:/home/user/.m2/repository/org/apache/hadoop/hadoop-hdfs-client/3.2.0/hadoop-hdfs-client-3.2.0.jar:/home/user/.m2/repository/com/fasterxml/jackson/core/jackson-annotations/2.9.9/jackson-annotations-2.9.9.jar:/home/user/.m2/repository/org/apache/hadoop/hadoop-hdds-common/0.5.0-SNAPSHOT/hadoop-hdds-common-0.5.0-SNAPSHOT.jar:/home/user/.m2/repository/javax/annotation/javax.annotation-api/1.2/javax.annotation-api-1.2.jar:/home/user/.m2/repository/org/apache/ratis/ratis-server/0.5.0-3f446aa-SNAPSHOT/ratis-server-0.5.0-3f446aa-SNAPSHOT.jar:/home/user/.m2/repository/org/apache/ratis/ratis-thirdparty-misc/0.2.0/ratis-thirdparty-misc-0.2.0.jar:/home/user/.m2/repository/org/apache/ratis/ratis-proto/0.5.0-3f446aa-SNAPSHOT/ratis-proto-0.5.0-3f446aa-SNAPSHOT.jar:/home/user/.m2/repository/org/apache/ratis/ratis-common/0.5.0-3f446aa-SNAPSHOT/ratis-common-0.5.0-3f446aa-SNAPSHOT.jar:/home/user/.m2/repository/org/apache/ratis/ratis-client/0.5.0-3f446aa-SNAPSHOT/ratis-client-0.5.0-3f446aa-SNAPSHOT.jar:/home/user/.m2/repository/org/apache/ratis/ratis-metrics/0.5.0-3f446aa-SNAPSHOT/ratis-metrics-0.5.0-3f446aa-SNAPSHOT.jar:/home/user/.m2/repository/com/github/joshelser/dropwizard-metrics-hadoop-metrics2-reporter/0.1.2/dropwizard-metrics-hadoop-metrics2-reporter-0.1.2.jar:/home/user/.m2/repository/io/dropwizard/metrics/metrics-jvm/3.2.5/metrics-jvm-3.2.5.jar:/home/user/.m2/repository/io/dropwizard/metrics/metrics-ganglia/3.2.5/metrics-ganglia-3.2.5.jar:/home/user/.m2/repository/info/ganglia/gmetric4j/gmetric4j/1.0.7/gmetric4j-1.0.7.jar:/home/user/.m2/repository/org/apache/ratis/ratis-netty/0.5.0-3f446aa-SNAPSHOT/ratis-netty-0.5.0-3f446aa-SNAPSHOT.jar:/home/user/.m2/repository/org/apache/ratis/ratis-grpc/0.5.0-3f446aa-SNAPSHOT/ratis-grpc-0.5.0-3f446aa-SNAPSHOT.jar:/home/user/.m2/repository/org/rocksdb/rocksdbjni/6.0.1/rocksdbjni-6.0.1.jar:/home/user/.m2/repository/org/apache/logging/log4j/log4j-api/2.11.0/log4j-api-2.11.0.jar:/home/user/.m2/repository/org/apache/logging/log4j/log4j-core/2.11.0/log4j-core-2.11.0.jar:/home/user/.m2/repository/com/lmax/disruptor/3.4.2/disruptor-3.4.2.jar:/home/user/.m2/repository/org/apache/commons/commons-pool2/2.6.0/commons-pool2-2.6.0.jar:/home/user/.m2/repository/org/bouncycastle/bcpkix-jdk15on/1.60/bcpkix-jdk15on-1.60.jar:/home/user/.m2/repository/commons-validator/commons-validator/1.6/commons-validator-1.6.jar:/home/user/.m2/repository/commons-digester/commons-digester/1.8.1/commons-digester-1.8.1.jar:/home/user/.m2/repository/io/jaegertracing/jaeger-client/0.34.0/jaeger-client-0.34.0.jar:/home/user/.m2/repository/io/jaegertracing/jaeger-thrift/0.34.0/jaeger-thrift-0.34.0.jar:/home/user/.m2/repository/org/apache/thrift/libthrift/0.12.0/libthrift-0.12.0.jar:/home/user/.m2/repository/com/squareup/okhttp3/okhttp/3.9.0/okhttp-3.9.0.jar:/home/user/.m2/repository/com/squareup/okio/okio/1.13.0/okio-1.13.0.jar:/home/user/.m2/repository/io/jaegertracing/jaeger-core/0.34.0/jaeger-core-0.34.0.jar:/home/user/.m2/repository/io/jaegertracing/jaeger-tracerresolver/0.34.0/jaeger-tracerresolver-0.34.0.jar:/home/user/.m2/repository/io/opentracing/contrib/opentracing-tracerresolver/0.1.5/opentracing-tracerresolver-0.1.5.jar:/home/user/.m2/repository/io/opentracing/opentracing-util/0.31.0/opentracing-util-0.31.0.jar:/home/user/.m2/repository/io/opentracing/opentracing-api/0.31.0/opentracing-api-0.31.0.jar:/home/user/.m2/repository/io/opentracing/opentracing-noop/0.31.0/opentracing-noop-0.31.0.jar:/home/user/.m2/repository/org/apache/hadoop/hadoop-hdds-server-framework/0.5.0-SNAPSHOT/hadoop-hdds-server-framework-0.5.0-SNAPSHOT.jar:/home/user/.m2/repository/org/apache/hadoop/hadoop-hdds-container-service/0.5.0-SNAPSHOT/hadoop-hdds-container-service-0.5.0-SNAPSHOT.jar:/home/user/.m2/repository/org/apache/hadoop/hadoop-hdds-client/0.5.0-SNAPSHOT/hadoop-hdds-client-0.5.0-SNAPSHOT.jar:/home/user/.m2/repository/org/apache/hadoop/hadoop-hdds-tools/0.5.0-SNAPSHOT/hadoop-hdds-tools-0.5.0-SNAPSHOT.jar:/home/user/.m2/repository/org/apache/hadoop/hadoop-hdds-server-scm/0.5.0-SNAPSHOT/hadoop-hdds-server-scm-0.5.0-SNAPSHOT.jar:/home/user/.m2/repository/org/apache/hadoop/hadoop-hdds-docs/0.5.0-SNAPSHOT/hadoop-hdds-docs-0.5.0-SNAPSHOT.jar:/home/user/.m2/repository/io/dropwizard/metrics/metrics-core/3.2.4/metrics-core-3.2.4.jar:/home/user/.m2/repository/org/hamcrest/hamcrest-all/1.3/hamcrest-all-1.3.jar:/home/user/.m2/repository/org/bouncycastle/bcprov-jdk15on/1.60/bcprov-jdk15on-1.60.jar:/home/user/.m2/repository/info/picocli/picocli/3.9.6/picocli-3.9.6.jar:/home/user/.m2/repository/com/google/protobuf/protobuf-java/2.5.0/protobuf-java-2.5.0.jar:/home/user/.m2/repository/com/google/guava/guava/11.0.2/guava-11.0.2.jar:/home/user/.m2/repository/org/apache/hadoop/hadoop-ozone-ozone-manager/0.5.0-SNAPSHOT/hadoop-ozone-ozone-manager-0.5.0-SNAPSHOT.jar:/home/user/.m2/repository/org/apache/hadoop/hadoop-minikdc/3.2.0/hadoop-minikdc-3.2.0.jar:/home/user/.m2/repository/commons-io/commons-io/2.5/commons-io-2.5.jar:/home/user/.m2/repository/org/apache/kerby/kerb-simplekdc/1.0.1/kerb-simplekdc-1.0.1.jar:/home/user/.m2/repository/org/apache/kerby/kerb-client/1.0.1/kerb-client-1.0.1.jar:/home/user/.m2/repository/org/apache/kerby/kerby-config/1.0.1/kerby-config-1.0.1.jar:/home/user/.m2/repository/org/apache/kerby/kerb-core/1.0.1/kerb-core-1.0.1.jar:/home/user/.m2/repository/org/apache/kerby/kerby-pkix/1.0.1/kerby-pkix-1.0.1.jar:/home/user/.m2/repository/org/apache/kerby/kerby-asn1/1.0.1/kerby-asn1-1.0.1.jar:/home/user/.m2/repository/org/apache/kerby/kerby-util/1.0.1/kerby-util-1.0.1.jar:/home/user/.m2/repository/org/apache/kerby/kerb-common/1.0.1/kerb-common-1.0.1.jar:/home/user/.m2/repository/org/apache/kerby/kerb-crypto/1.0.1/kerb-crypto-1.0.1.jar:/home/user/.m2/repository/org/apache/kerby/kerb-util/1.0.1/kerb-util-1.0.1.jar:/home/user/.m2/repository/org/apache/kerby/token-provider/1.0.1/token-provider-1.0.1.jar:/home/user/.m2/repository/org/apache/kerby/kerb-admin/1.0.1/kerb-admin-1.0.1.jar:/home/user/.m2/repository/org/apache/kerby/kerb-server/1.0.1/kerb-server-1.0.1.jar:/home/user/.m2/repository/org/apache/kerby/kerb-identity/1.0.1/kerb-identity-1.0.1.jar:/home/user/.m2/repository/org/apache/kerby/kerby-xdr/1.0.1/kerby-xdr-1.0.1.jar:/home/user/.m2/repository/org/slf4j/slf4j-log4j12/1.7.25/slf4j-log4j12-1.7.25.jar:/home/user/.m2/repository/org/apache/hadoop/hadoop-ozone-s3gateway/0.5.0-SNAPSHOT/hadoop-ozone-s3gateway-0.5.0-SNAPSHOT.jar:/home/user/.m2/repository/org/jboss/weld/servlet/weld-servlet/2.4.7.Final/weld-servlet-2.4.7.Final.jar:/home/user/.m2/repository/org/glassfish/jersey/containers/jersey-container-servlet-core/2.27/jersey-container-servlet-core-2.27.jar:/home/user/.m2/repository/org/glassfish/hk2/external/javax.inject/2.5.0-b42/javax.inject-2.5.0-b42.jar:/home/user/.m2/repository/org/glassfish/jersey/core/jersey-common/2.27/jersey-common-2.27.jar:/home/user/.m2/repository/org/glassfish/hk2/osgi-resource-locator/1.0.1/osgi-resource-locator-1.0.1.jar:/home/user/.m2/repository/javax/ws/rs/javax.ws.rs-api/2.1/javax.ws.rs-api-2.1.jar:/home/user/.m2/repository/org/glassfish/jersey/ext/cdi/jersey-cdi1x/2.27/jersey-cdi1x-2.27.jar:/home/user/.m2/repository/org/glassfish/jersey/inject/jersey-hk2/2.27/jersey-hk2-2.27.jar:/home/user/.m2/repository/org/glassfish/hk2/hk2-locator/2.5.0-b42/hk2-locator-2.5.0-b42.jar:/home/user/.m2/repository/org/javassist/javassist/3.22.0-CR2/javassist-3.22.0-CR2.jar:/home/user/.m2/repository/org/glassfish/hk2/hk2-api/2.5.0/hk2-api-2.5.0.jar:/home/user/.m2/repository/org/glassfish/hk2/external/jakarta.inject/2.5.0/jakarta.inject-2.5.0.jar:/home/user/.m2/repository/org/glassfish/hk2/hk2-utils/2.5.0/hk2-utils-2.5.0.jar:/home/user/.m2/repository/jakarta/annotation/jakarta.annotation-api/1.3.4/jakarta.annotation-api-1.3.4.jar:/home/user/.m2/repository/org/glassfish/hk2/external/aopalliance-repackaged/2.5.0/aopalliance-repackaged-2.5.0.jar:/home/user/.m2/repository/com/fasterxml/jackson/dataformat/jackson-dataformat-xml/2.9.0/jackson-dataformat-xml-2.9.0.jar:/home/user/.m2/repository/com/fasterxml/jackson/core/jackson-core/2.9.9/jackson-core-2.9.9.jar:/home/user/.m2/repository/com/fasterxml/jackson/module/jackson-module-jaxb-annotations/2.9.9/jackson-module-jaxb-annotations-2.9.9.jar:/home/user/.m2/repository/javax/enterprise/cdi-api/1.2/cdi-api-1.2.jar:/home/user/.m2/repository/javax/el/javax.el-api/3.0.0/javax.el-api-3.0.0.jar:/home/user/.m2/repository/javax/interceptor/javax.interceptor-api/1.2/javax.interceptor-api-1.2.jar:/home/user/.m2/repository/javax/inject/javax.inject/1/javax.inject-1.jar:/home/user/.m2/repository/com/sun/xml/bind/jaxb-impl/2.3.0.1/jaxb-impl-2.3.0.1.jar:/home/user/.m2/repository/com/sun/xml/bind/jaxb-core/2.3.0.1/jaxb-core-2.3.0.1.jar:/home/user/.m2/repository/javax/xml/bind/jaxb-api/2.3.0/jaxb-api-2.3.0.jar:/home/user/.m2/repository/javax/activation/activation/1.1.1/activation-1.1.1.jar:/home/user/.m2/repository/org/apache/hadoop/hadoop-ozone-csi/0.5.0-SNAPSHOT/hadoop-ozone-csi-0.5.0-SNAPSHOT.jar:/home/user/.m2/repository/com/google/protobuf/protobuf-java-util/3.5.1/protobuf-java-util-3.5.1.jar:/home/user/.m2/repository/org/apache/hadoop/hadoop-hdds-config/0.5.0-SNAPSHOT/hadoop-hdds-config-0.5.0-SNAPSHOT.jar:/home/user/.m2/repository/io/grpc/grpc-netty/1.17.1/grpc-netty-1.17.1.jar:/home/user/.m2/repository/io/grpc/grpc-core/1.17.1/grpc-core-1.17.1.jar:/home/user/.m2/repository/io/grpc/grpc-context/1.17.1/grpc-context-1.17.1.jar:/home/user/.m2/repository/com/google/errorprone/error_prone_annotations/2.2.0/error_prone_annotations-2.2.0.jar:/home/user/.m2/repository/org/codehaus/mojo/animal-sniffer-annotations/1.17/animal-sniffer-annotations-1.17.jar:/home/user/.m2/repository/io/opencensus/opencensus-api/0.17.0/opencensus-api-0.17.0.jar:/home/user/.m2/repository/io/opencensus/opencensus-contrib-grpc-metrics/0.17.0/opencensus-contrib-grpc-metrics-0.17.0.jar:/home/user/.m2/repository/io/netty/netty-codec-http2/4.1.30.Final/netty-codec-http2-4.1.30.Final.jar:/home/user/.m2/repository/io/netty/netty-codec-http/4.1.30.Final/netty-codec-http-4.1.30.Final.jar:/home/user/.m2/repository/io/netty/netty-codec/4.1.30.Final/netty-codec-4.1.30.Final.jar:/home/user/.m2/repository/io/netty/netty-handler/4.1.30.Final/netty-handler-4.1.30.Final.jar:/home/user/.m2/repository/io/netty/netty-handler-proxy/4.1.30.Final/netty-handler-proxy-4.1.30.Final.jar:/home/user/.m2/repository/io/netty/netty-codec-socks/4.1.30.Final/netty-codec-socks-4.1.30.Final.jar:/home/user/.m2/repository/io/netty/netty-transport-native-epoll/4.1.30.Final/netty-transport-native-epoll-4.1.30.Final.jar:/home/user/.m2/repository/io/netty/netty-common/4.1.30.Final/netty-common-4.1.30.Final.jar:/home/user/.m2/repository/io/netty/netty-buffer/4.1.30.Final/netty-buffer-4.1.30.Final.jar:/home/user/.m2/repository/io/netty/netty-transport/4.1.30.Final/netty-transport-4.1.30.Final.jar:/home/user/.m2/repository/io/netty/netty-resolver/4.1.30.Final/netty-resolver-4.1.30.Final.jar:/home/user/.m2/repository/io/netty/netty-transport-native-unix-common/4.1.30.Final/netty-transport-native-unix-common-4.1.30.Final.jar:/home/user/.m2/repository/io/grpc/grpc-protobuf/1.17.1/grpc-protobuf-1.17.1.jar:/home/user/.m2/repository/com/google/api/grpc/proto-google-common-protos/1.0.0/proto-google-common-protos-1.0.0.jar:/home/user/.m2/repository/io/grpc/grpc-protobuf-lite/1.17.1/grpc-protobuf-lite-1.17.1.jar:/home/user/.m2/repository/io/grpc/grpc-stub/1.17.1/grpc-stub-1.17.1.jar:/home/user/.m2/repository/org/apache/hadoop/hadoop-ozone-recon/0.5.0-SNAPSHOT/hadoop-ozone-recon-0.5.0-SNAPSHOT.jar:/home/user/.m2/repository/org/apache/hadoop/hadoop-ozone-reconcodegen/0.5.0-SNAPSHOT/hadoop-ozone-reconcodegen-0.5.0-SNAPSHOT.jar:/home/user/.m2/repository/com/google/inject/extensions/guice-multibindings/4.0/guice-multibindings-4.0.jar:/home/user/.m2/repository/com/google/inject/guice/4.0/guice-4.0.jar:/home/user/.m2/repository/aopalliance/aopalliance/1.0/aopalliance-1.0.jar:/home/user/.m2/repository/com/google/inject/extensions/guice-servlet/4.0/guice-servlet-4.0.jar:/home/user/.m2/repository/org/glassfish/jersey/containers/jersey-container-servlet/2.27/jersey-container-servlet-2.27.jar:/home/user/.m2/repository/org/glassfish/hk2/guice-bridge/2.5.0/guice-bridge-2.5.0.jar:/home/user/.m2/repository/org/glassfish/jersey/core/jersey-server/2.27/jersey-server-2.27.jar:/home/user/.m2/repository/org/glassfish/jersey/core/jersey-client/2.27/jersey-client-2.27.jar:/home/user/.m2/repository/org/glassfish/jersey/media/jersey-media-jaxb/2.27/jersey-media-jaxb-2.27.jar:/home/user/.m2/repository/javax/validation/validation-api/1.1.0.Final/validation-api-1.1.0.Final.jar:/home/user/.m2/repository/org/glassfish/jersey/media/jersey-media-json-jackson/2.27/jersey-media-json-jackson-2.27.jar:/home/user/.m2/repository/org/glassfish/jersey/ext/jersey-entity-filtering/2.27/jersey-entity-filtering-2.27.jar:/home/user/.m2/repository/com/google/inject/extensions/guice-assistedinject/4.0/guice-assistedinject-4.0.jar:/home/user/.m2/repository/org/jooq/jooq/3.11.10/jooq-3.11.10.jar:/home/user/.m2/repository/org/jooq/jooq-meta/3.11.10/jooq-meta-3.11.10.jar:/home/user/.m2/repository/org/jooq/jooq-codegen/3.11.10/jooq-codegen-3.11.10.jar:/home/user/.m2/repository/com/jolbox/bonecp/0.8.0.RELEASE/bonecp-0.8.0.RELEASE.jar:/home/user/.m2/repository/org/xerial/sqlite-jdbc/3.25.2/sqlite-jdbc-3.25.2.jar:/home/user/.m2/repository/org/springframework/spring-jdbc/5.1.3.RELEASE/spring-jdbc-5.1.3.RELEASE.jar:/home/user/.m2/repository/org/springframework/spring-beans/5.1.3.RELEASE/spring-beans-5.1.3.RELEASE.jar:/home/user/.m2/repository/org/springframework/spring-core/5.1.3.RELEASE/spring-core-5.1.3.RELEASE.jar:/home/user/.m2/repository/org/springframework/spring-jcl/5.1.3.RELEASE/spring-jcl-5.1.3.RELEASE.jar:/home/user/.m2/repository/org/springframework/spring-tx/5.1.3.RELEASE/spring-tx-5.1.3.RELEASE.jar:/home/user/.m2/repository/org/apache/hadoop/hadoop-ozone-client/0.5.0-SNAPSHOT/hadoop-ozone-client-0.5.0-SNAPSHOT.jar:/home/user/.m2/repository/commons-lang/commons-lang/2.6/commons-lang-2.6.jar:/home/user/.m2/repository/org/apache/hadoop/hadoop-ozone-ozone-manager/0.5.0-SNAPSHOT/hadoop-ozone-ozone-manager-0.5.0-SNAPSHOT-tests.jar:/home/user/.m2/repository/junit/junit/4.11/junit-4.11.jar:/home/user/.m2/repository/org/hamcrest/hamcrest-core/1.3/hamcrest-core-1.3.jar:/home/user/.m2/repository/org/openjdk/jmh/jmh-core/1.19/jmh-core-1.19.jar:/home/user/.m2/repository/net/sf/jopt-simple/jopt-simple/4.6/jopt-simple-4.6.jar:/home/user/.m2/repository/org/apache/commons/commons-math3/3.1.1/commons-math3-3.1.1.jar:/home/user/.m2/repository/org/openjdk/jmh/jmh-generator-annprocess/1.19/jmh-generator-annprocess-1.19.jar:/home/user/.m2/repository/org/mockito/mockito-all/1.8.5/mockito-all-1.8.5.jar:/home/user/.m2/repository/org/apache/hadoop/hadoop-kms/3.2.0/hadoop-kms-3.2.0.jar:/home/user/.m2/repository/org/apache/hadoop/hadoop-auth/3.2.0/hadoop-auth-3.2.0.jar:/home/user/.m2/repository/com/nimbusds/nimbus-jose-jwt/4.41.1/nimbus-jose-jwt-4.41.1.jar:/home/user/.m2/repository/com/github/stephenc/jcip/jcip-annotations/1.0-1/jcip-annotations-1.0-1.jar:/home/user/.m2/repository/net/minidev/json-smart/2.3/json-smart-2.3.jar:/home/user/.m2/repository/net/minidev/accessors-smart/1.2/accessors-smart-1.2.jar:/home/user/.m2/repository/org/ow2/asm/asm/5.0.4/asm-5.0.4.jar:/home/user/.m2/repository/org/apache/curator/curator-framework/2.12.0/curator-framework-2.12.0.jar:/home/user/.m2/repository/com/sun/jersey/jersey-core/1.19/jersey-core-1.19.jar:/home/user/.m2/repository/javax/ws/rs/jsr311-api/1.1.1/jsr311-api-1.1.1.jar:/home/user/.m2/repository/com/sun/jersey/jersey-server/1.19/jersey-server-1.19.jar:/home/user/.m2/repository/javax/servlet/javax.servlet-api/3.1.0/javax.servlet-api-3.1.0.jar:/home/user/.m2/repository/org/eclipse/jetty/jetty-server/9.3.25.v20180904/jetty-server-9.3.25.v20180904.jar:/home/user/.m2/repository/org/eclipse/jetty/jetty-http/9.3.25.v20180904/jetty-http-9.3.25.v20180904.jar:/home/user/.m2/repository/org/eclipse/jetty/jetty-io/9.3.25.v20180904/jetty-io-9.3.25.v20180904.jar:/home/user/.m2/repository/org/eclipse/jetty/jetty-webapp/9.3.25.v20180904/jetty-webapp-9.3.25.v20180904.jar:/home/user/.m2/repository/org/eclipse/jetty/jetty-xml/9.3.25.v20180904/jetty-xml-9.3.25.v20180904.jar:/home/user/.m2/repository/log4j/log4j/1.2.17/log4j-1.2.17.jar:/home/user/.m2/repository/org/slf4j/slf4j-api/1.7.25/slf4j-api-1.7.25.jar:/home/user/.m2/repository/org/slf4j/jul-to-slf4j/1.7.25/jul-to-slf4j-1.7.25.jar:/home/user/.m2/repository/org/eclipse/jetty/jetty-util/9.3.25.v20180904/jetty-util-9.3.25.v20180904.jar:/home/user/.m2/repository/com/fasterxml/jackson/core/jackson-databind/2.9.9/jackson-databind-2.9.9.jar:/home/user/.m2/repository/org/apache/hadoop/hadoop-kms/3.2.0/hadoop-kms-3.2.0-tests.jar:/home/user/.m2/repository/org/apache/hadoop/hadoop-hdds-server-scm/0.5.0-SNAPSHOT/hadoop-hdds-server-scm-0.5.0-SNAPSHOT-tests.jar:/home/user/.m2/repository/org/apache/hadoop/hadoop-hdds-container-service/0.5.0-SNAPSHOT/hadoop-hdds-container-service-0.5.0-SNAPSHOT-tests.jar:/home/user/.m2/repository/org/yaml/snakeyaml/1.16/snakeyaml-1.16.jar:/home/user/.m2/repository/org/apache/hadoop/hadoop-common/3.2.0/hadoop-common-3.2.0-tests.jar:/home/user/.m2/repository/org/apache/hadoop/hadoop-annotations/3.2.0/hadoop-annotations-3.2.0.jar:/usr/lib/jvm/java-1.8.0-openjdk-1.8.0.222.b10-1.el7_7.x86_64/jre/../lib/tools.jar:/home/user/.m2/repository/commons-cli/commons-cli/1.2/commons-cli-1.2.jar:/home/user/.m2/repository/org/apache/httpcomponents/httpclient/4.5.2/httpclient-4.5.2.jar:/home/user/.m2/repository/org/apache/httpcomponents/httpcore/4.4.4/httpcore-4.4.4.jar:/home/user/.m2/repository/commons-codec/commons-codec/1.11/commons-codec-1.11.jar:/home/user/.m2/repository/commons-net/commons-net/3.6/commons-net-3.6.jar:/home/user/.m2/repository/commons-collections/commons-collections/3.2.2/commons-collections-3.2.2.jar:/home/user/.m2/repository/org/eclipse/jetty/jetty-servlet/9.3.25.v20180904/jetty-servlet-9.3.25.v20180904.jar:/home/user/.m2/repository/org/eclipse/jetty/jetty-security/9.3.25.v20180904/jetty-security-9.3.25.v20180904.jar:/home/user/.m2/repository/javax/servlet/jsp/jsp-api/2.1/jsp-api-2.1.jar:/home/user/.m2/repository/com/sun/jersey/jersey-servlet/1.19/jersey-servlet-1.19.jar:/home/user/.m2/repository/com/sun/jersey/jersey-json/1.19/jersey-json-1.19.jar:/home/user/.m2/repository/org/codehaus/jettison/jettison/1.1/jettison-1.1.jar:/home/user/.m2/repository/org/codehaus/jackson/jackson-core-asl/1.9.13/jackson-core-asl-1.9.13.jar:/home/user/.m2/repository/org/codehaus/jackson/jackson-mapper-asl/1.9.13/jackson-mapper-asl-1.9.13.jar:/home/user/.m2/repository/org/codehaus/jackson/jackson-jaxrs/1.9.13/jackson-jaxrs-1.9.13.jar:/home/user/.m2/repository/org/codehaus/jackson/jackson-xc/1.9.13/jackson-xc-1.9.13.jar:/home/user/.m2/repository/commons-logging/commons-logging/1.1.3/commons-logging-1.1.3.jar:/home/user/.m2/repository/commons-beanutils/commons-beanutils/1.9.4/commons-beanutils-1.9.4.jar:/home/user/.m2/repository/org/apache/commons/commons-configuration2/2.1.1/commons-configuration2-2.1.1.jar:/home/user/.m2/repository/org/apache/commons/commons-lang3/3.7/commons-lang3-3.7.jar:/home/user/.m2/repository/org/apache/commons/commons-text/1.4/commons-text-1.4.jar:/home/user/.m2/repository/org/apache/avro/avro/1.7.7/avro-1.7.7.jar:/home/user/.m2/repository/com/thoughtworks/paranamer/paranamer/2.3/paranamer-2.3.jar:/home/user/.m2/repository/org/xerial/snappy/snappy-java/1.0.5/snappy-java-1.0.5.jar:/home/user/.m2/repository/com/google/re2j/re2j/1.1/re2j-1.1.jar:/home/user/.m2/repository/com/google/code/gson/gson/2.2.4/gson-2.2.4.jar:/home/user/.m2/repository/com/jcraft/jsch/0.1.54/jsch-0.1.54.jar:/home/user/.m2/repository/org/apache/curator/curator-client/2.12.0/curator-client-2.12.0.jar:/home/user/.m2/repository/org/apache/curator/curator-recipes/2.12.0/curator-recipes-2.12.0.jar:/home/user/.m2/repository/com/google/code/findbugs/jsr305/3.0.0/jsr305-3.0.0.jar:/home/user/.m2/repository/org/apache/htrace/htrace-core4/4.1.0-incubating/htrace-core4-4.1.0-incubating.jar:/home/user/.m2/repository/org/apache/zookeeper/zookeeper/3.4.13/zookeeper-3.4.13.jar:/home/user/.m2/repository/jline/jline/0.9.94/jline-0.9.94.jar:/home/user/.m2/repository/org/apache/yetus/audience-annotations/0.5.0/audience-annotations-0.5.0.jar:/home/user/.m2/repository/org/codehaus/woodstox/stax2-api/3.1.4/stax2-api-3.1.4.jar:/home/user/.m2/repository/com/fasterxml/woodstox/woodstox-core/5.0.3/woodstox-core-5.0.3.jar:/home/user/.m2/repository/dnsjava/dnsjava/2.1.7/dnsjava-2.1.7.jar:/home/user/.m2/repository/org/apache/hadoop/hadoop-hdfs/3.2.0/hadoop-hdfs-3.2.0-tests.jar:/home/user/.m2/repository/org/eclipse/jetty/jetty-util-ajax/9.3.25.v20180904/jetty-util-ajax-9.3.25.v20180904.jar:/home/user/.m2/repository/commons-daemon/commons-daemon/1.0.13/commons-daemon-1.0.13.jar:/home/user/.m2/repository/io/netty/netty/3.10.5.Final/netty-3.10.5.Final.jar:/home/user/.m2/repository/io/netty/netty-all/4.0.52.Final/netty-all-4.0.52.Final.jar:/home/user/.m2/repository/org/fusesource/leveldbjni/leveldbjni-all/1.8/leveldbjni-all-1.8.jar:"/>
    <property name="java.vm.vendor" value="Oracle Corporation"/>
    <property name="sun.arch.data.model" value="64"/>
    <property name="test.build.dir" value="/workdir/hadoop-ozone/integration-test/target/test-dir"/>
    <property name="test.cache.data" value=""/>
    <property name="java.vendor.url" value="http://java.oracle.com/"/>
    <property name="user.timezone" value=""/>
    <property name="java.vm.specification.version" value="1.8"/>
    <property name="os.name" value="Linux"/>
    <property name="test.build.data" value="/workdir/hadoop-ozone/integration-test/target/test-dir"/>
    <property name="user.country" value="US"/>
    <property name="sun.java.launcher" value="SUN_STANDARD"/>
    <property name="sun.boot.library.path" value="/usr/lib/jvm/java-1.8.0-openjdk-1.8.0.222.b10-1.el7_7.x86_64/jre/lib/amd64"/>
    <property name="sun.java.command" value="/workdir/hadoop-ozone/integration-test/target/surefire/surefirebooter6825023959753494816.jar /workdir/hadoop-ozone/integration-test/target/surefire 2019-10-21T22-28-36_994-jvmRun1 surefire788936818791588276tmp surefire_268894555653964971468tmp"/>
    <property name="surefire.test.class.path" value="/workdir/hadoop-ozone/integration-test/target/test-classes:/workdir/hadoop-ozone/integration-test/target/classes:/home/user/.m2/repository/org/apache/hadoop/hadoop-ozone-common/0.5.0-SNAPSHOT/hadoop-ozone-common-0.5.0-SNAPSHOT.jar:/home/user/.m2/repository/org/apache/commons/commons-compress/1.4.1/commons-compress-1.4.1.jar:/home/user/.m2/repository/org/tukaani/xz/1.0/xz-1.0.jar:/home/user/.m2/repository/org/apache/hadoop/hadoop-common/3.2.0/hadoop-common-3.2.0.jar:/home/user/.m2/repository/org/apache/hadoop/hadoop-hdfs/3.2.0/hadoop-hdfs-3.2.0.jar:/home/user/.m2/repository/org/apache/hadoop/hadoop-hdfs-client/3.2.0/hadoop-hdfs-client-3.2.0.jar:/home/user/.m2/repository/com/fasterxml/jackson/core/jackson-annotations/2.9.9/jackson-annotations-2.9.9.jar:/home/user/.m2/repository/org/apache/hadoop/hadoop-hdds-common/0.5.0-SNAPSHOT/hadoop-hdds-common-0.5.0-SNAPSHOT.jar:/home/user/.m2/repository/javax/annotation/javax.annotation-api/1.2/javax.annotation-api-1.2.jar:/home/user/.m2/repository/org/apache/ratis/ratis-server/0.5.0-3f446aa-SNAPSHOT/ratis-server-0.5.0-3f446aa-SNAPSHOT.jar:/home/user/.m2/repository/org/apache/ratis/ratis-thirdparty-misc/0.2.0/ratis-thirdparty-misc-0.2.0.jar:/home/user/.m2/repository/org/apache/ratis/ratis-proto/0.5.0-3f446aa-SNAPSHOT/ratis-proto-0.5.0-3f446aa-SNAPSHOT.jar:/home/user/.m2/repository/org/apache/ratis/ratis-common/0.5.0-3f446aa-SNAPSHOT/ratis-common-0.5.0-3f446aa-SNAPSHOT.jar:/home/user/.m2/repository/org/apache/ratis/ratis-client/0.5.0-3f446aa-SNAPSHOT/ratis-client-0.5.0-3f446aa-SNAPSHOT.jar:/home/user/.m2/repository/org/apache/ratis/ratis-metrics/0.5.0-3f446aa-SNAPSHOT/ratis-metrics-0.5.0-3f446aa-SNAPSHOT.jar:/home/user/.m2/repository/com/github/joshelser/dropwizard-metrics-hadoop-metrics2-reporter/0.1.2/dropwizard-metrics-hadoop-metrics2-reporter-0.1.2.jar:/home/user/.m2/repository/io/dropwizard/metrics/metrics-jvm/3.2.5/metrics-jvm-3.2.5.jar:/home/user/.m2/repository/io/dropwizard/metrics/metrics-ganglia/3.2.5/metrics-ganglia-3.2.5.jar:/home/user/.m2/repository/info/ganglia/gmetric4j/gmetric4j/1.0.7/gmetric4j-1.0.7.jar:/home/user/.m2/repository/org/apache/ratis/ratis-netty/0.5.0-3f446aa-SNAPSHOT/ratis-netty-0.5.0-3f446aa-SNAPSHOT.jar:/home/user/.m2/repository/org/apache/ratis/ratis-grpc/0.5.0-3f446aa-SNAPSHOT/ratis-grpc-0.5.0-3f446aa-SNAPSHOT.jar:/home/user/.m2/repository/org/rocksdb/rocksdbjni/6.0.1/rocksdbjni-6.0.1.jar:/home/user/.m2/repository/org/apache/logging/log4j/log4j-api/2.11.0/log4j-api-2.11.0.jar:/home/user/.m2/repository/org/apache/logging/log4j/log4j-core/2.11.0/log4j-core-2.11.0.jar:/home/user/.m2/repository/com/lmax/disruptor/3.4.2/disruptor-3.4.2.jar:/home/user/.m2/repository/org/apache/commons/commons-pool2/2.6.0/commons-pool2-2.6.0.jar:/home/user/.m2/repository/org/bouncycastle/bcpkix-jdk15on/1.60/bcpkix-jdk15on-1.60.jar:/home/user/.m2/repository/commons-validator/commons-validator/1.6/commons-validator-1.6.jar:/home/user/.m2/repository/commons-digester/commons-digester/1.8.1/commons-digester-1.8.1.jar:/home/user/.m2/repository/io/jaegertracing/jaeger-client/0.34.0/jaeger-client-0.34.0.jar:/home/user/.m2/repository/io/jaegertracing/jaeger-thrift/0.34.0/jaeger-thrift-0.34.0.jar:/home/user/.m2/repository/org/apache/thrift/libthrift/0.12.0/libthrift-0.12.0.jar:/home/user/.m2/repository/com/squareup/okhttp3/okhttp/3.9.0/okhttp-3.9.0.jar:/home/user/.m2/repository/com/squareup/okio/okio/1.13.0/okio-1.13.0.jar:/home/user/.m2/repository/io/jaegertracing/jaeger-core/0.34.0/jaeger-core-0.34.0.jar:/home/user/.m2/repository/io/jaegertracing/jaeger-tracerresolver/0.34.0/jaeger-tracerresolver-0.34.0.jar:/home/user/.m2/repository/io/opentracing/contrib/opentracing-tracerresolver/0.1.5/opentracing-tracerresolver-0.1.5.jar:/home/user/.m2/repository/io/opentracing/opentracing-util/0.31.0/opentracing-util-0.31.0.jar:/home/user/.m2/repository/io/opentracing/opentracing-api/0.31.0/opentracing-api-0.31.0.jar:/home/user/.m2/repository/io/opentracing/opentracing-noop/0.31.0/opentracing-noop-0.31.0.jar:/home/user/.m2/repository/org/apache/hadoop/hadoop-hdds-server-framework/0.5.0-SNAPSHOT/hadoop-hdds-server-framework-0.5.0-SNAPSHOT.jar:/home/user/.m2/repository/org/apache/hadoop/hadoop-hdds-container-service/0.5.0-SNAPSHOT/hadoop-hdds-container-service-0.5.0-SNAPSHOT.jar:/home/user/.m2/repository/org/apache/hadoop/hadoop-hdds-client/0.5.0-SNAPSHOT/hadoop-hdds-client-0.5.0-SNAPSHOT.jar:/home/user/.m2/repository/org/apache/hadoop/hadoop-hdds-tools/0.5.0-SNAPSHOT/hadoop-hdds-tools-0.5.0-SNAPSHOT.jar:/home/user/.m2/repository/org/apache/hadoop/hadoop-hdds-server-scm/0.5.0-SNAPSHOT/hadoop-hdds-server-scm-0.5.0-SNAPSHOT.jar:/home/user/.m2/repository/org/apache/hadoop/hadoop-hdds-docs/0.5.0-SNAPSHOT/hadoop-hdds-docs-0.5.0-SNAPSHOT.jar:/home/user/.m2/repository/io/dropwizard/metrics/metrics-core/3.2.4/metrics-core-3.2.4.jar:/home/user/.m2/repository/org/hamcrest/hamcrest-all/1.3/hamcrest-all-1.3.jar:/home/user/.m2/repository/org/bouncycastle/bcprov-jdk15on/1.60/bcprov-jdk15on-1.60.jar:/home/user/.m2/repository/info/picocli/picocli/3.9.6/picocli-3.9.6.jar:/home/user/.m2/repository/com/google/protobuf/protobuf-java/2.5.0/protobuf-java-2.5.0.jar:/home/user/.m2/repository/com/google/guava/guava/11.0.2/guava-11.0.2.jar:/home/user/.m2/repository/org/apache/hadoop/hadoop-ozone-ozone-manager/0.5.0-SNAPSHOT/hadoop-ozone-ozone-manager-0.5.0-SNAPSHOT.jar:/home/user/.m2/repository/org/apache/hadoop/hadoop-minikdc/3.2.0/hadoop-minikdc-3.2.0.jar:/home/user/.m2/repository/commons-io/commons-io/2.5/commons-io-2.5.jar:/home/user/.m2/repository/org/apache/kerby/kerb-simplekdc/1.0.1/kerb-simplekdc-1.0.1.jar:/home/user/.m2/repository/org/apache/kerby/kerb-client/1.0.1/kerb-client-1.0.1.jar:/home/user/.m2/repository/org/apache/kerby/kerby-config/1.0.1/kerby-config-1.0.1.jar:/home/user/.m2/repository/org/apache/kerby/kerb-core/1.0.1/kerb-core-1.0.1.jar:/home/user/.m2/repository/org/apache/kerby/kerby-pkix/1.0.1/kerby-pkix-1.0.1.jar:/home/user/.m2/repository/org/apache/kerby/kerby-asn1/1.0.1/kerby-asn1-1.0.1.jar:/home/user/.m2/repository/org/apache/kerby/kerby-util/1.0.1/kerby-util-1.0.1.jar:/home/user/.m2/repository/org/apache/kerby/kerb-common/1.0.1/kerb-common-1.0.1.jar:/home/user/.m2/repository/org/apache/kerby/kerb-crypto/1.0.1/kerb-crypto-1.0.1.jar:/home/user/.m2/repository/org/apache/kerby/kerb-util/1.0.1/kerb-util-1.0.1.jar:/home/user/.m2/repository/org/apache/kerby/token-provider/1.0.1/token-provider-1.0.1.jar:/home/user/.m2/repository/org/apache/kerby/kerb-admin/1.0.1/kerb-admin-1.0.1.jar:/home/user/.m2/repository/org/apache/kerby/kerb-server/1.0.1/kerb-server-1.0.1.jar:/home/user/.m2/repository/org/apache/kerby/kerb-identity/1.0.1/kerb-identity-1.0.1.jar:/home/user/.m2/repository/org/apache/kerby/kerby-xdr/1.0.1/kerby-xdr-1.0.1.jar:/home/user/.m2/repository/org/slf4j/slf4j-log4j12/1.7.25/slf4j-log4j12-1.7.25.jar:/home/user/.m2/repository/org/apache/hadoop/hadoop-ozone-s3gateway/0.5.0-SNAPSHOT/hadoop-ozone-s3gateway-0.5.0-SNAPSHOT.jar:/home/user/.m2/repository/org/jboss/weld/servlet/weld-servlet/2.4.7.Final/weld-servlet-2.4.7.Final.jar:/home/user/.m2/repository/org/glassfish/jersey/containers/jersey-container-servlet-core/2.27/jersey-container-servlet-core-2.27.jar:/home/user/.m2/repository/org/glassfish/hk2/external/javax.inject/2.5.0-b42/javax.inject-2.5.0-b42.jar:/home/user/.m2/repository/org/glassfish/jersey/core/jersey-common/2.27/jersey-common-2.27.jar:/home/user/.m2/repository/org/glassfish/hk2/osgi-resource-locator/1.0.1/osgi-resource-locator-1.0.1.jar:/home/user/.m2/repository/javax/ws/rs/javax.ws.rs-api/2.1/javax.ws.rs-api-2.1.jar:/home/user/.m2/repository/org/glassfish/jersey/ext/cdi/jersey-cdi1x/2.27/jersey-cdi1x-2.27.jar:/home/user/.m2/repository/org/glassfish/jersey/inject/jersey-hk2/2.27/jersey-hk2-2.27.jar:/home/user/.m2/repository/org/glassfish/hk2/hk2-locator/2.5.0-b42/hk2-locator-2.5.0-b42.jar:/home/user/.m2/repository/org/javassist/javassist/3.22.0-CR2/javassist-3.22.0-CR2.jar:/home/user/.m2/repository/org/glassfish/hk2/hk2-api/2.5.0/hk2-api-2.5.0.jar:/home/user/.m2/repository/org/glassfish/hk2/external/jakarta.inject/2.5.0/jakarta.inject-2.5.0.jar:/home/user/.m2/repository/org/glassfish/hk2/hk2-utils/2.5.0/hk2-utils-2.5.0.jar:/home/user/.m2/repository/jakarta/annotation/jakarta.annotation-api/1.3.4/jakarta.annotation-api-1.3.4.jar:/home/user/.m2/repository/org/glassfish/hk2/external/aopalliance-repackaged/2.5.0/aopalliance-repackaged-2.5.0.jar:/home/user/.m2/repository/com/fasterxml/jackson/dataformat/jackson-dataformat-xml/2.9.0/jackson-dataformat-xml-2.9.0.jar:/home/user/.m2/repository/com/fasterxml/jackson/core/jackson-core/2.9.9/jackson-core-2.9.9.jar:/home/user/.m2/repository/com/fasterxml/jackson/module/jackson-module-jaxb-annotations/2.9.9/jackson-module-jaxb-annotations-2.9.9.jar:/home/user/.m2/repository/javax/enterprise/cdi-api/1.2/cdi-api-1.2.jar:/home/user/.m2/repository/javax/el/javax.el-api/3.0.0/javax.el-api-3.0.0.jar:/home/user/.m2/repository/javax/interceptor/javax.interceptor-api/1.2/javax.interceptor-api-1.2.jar:/home/user/.m2/repository/javax/inject/javax.inject/1/javax.inject-1.jar:/home/user/.m2/repository/com/sun/xml/bind/jaxb-impl/2.3.0.1/jaxb-impl-2.3.0.1.jar:/home/user/.m2/repository/com/sun/xml/bind/jaxb-core/2.3.0.1/jaxb-core-2.3.0.1.jar:/home/user/.m2/repository/javax/xml/bind/jaxb-api/2.3.0/jaxb-api-2.3.0.jar:/home/user/.m2/repository/javax/activation/activation/1.1.1/activation-1.1.1.jar:/home/user/.m2/repository/org/apache/hadoop/hadoop-ozone-csi/0.5.0-SNAPSHOT/hadoop-ozone-csi-0.5.0-SNAPSHOT.jar:/home/user/.m2/repository/com/google/protobuf/protobuf-java-util/3.5.1/protobuf-java-util-3.5.1.jar:/home/user/.m2/repository/org/apache/hadoop/hadoop-hdds-config/0.5.0-SNAPSHOT/hadoop-hdds-config-0.5.0-SNAPSHOT.jar:/home/user/.m2/repository/io/grpc/grpc-netty/1.17.1/grpc-netty-1.17.1.jar:/home/user/.m2/repository/io/grpc/grpc-core/1.17.1/grpc-core-1.17.1.jar:/home/user/.m2/repository/io/grpc/grpc-context/1.17.1/grpc-context-1.17.1.jar:/home/user/.m2/repository/com/google/errorprone/error_prone_annotations/2.2.0/error_prone_annotations-2.2.0.jar:/home/user/.m2/repository/org/codehaus/mojo/animal-sniffer-annotations/1.17/animal-sniffer-annotations-1.17.jar:/home/user/.m2/repository/io/opencensus/opencensus-api/0.17.0/opencensus-api-0.17.0.jar:/home/user/.m2/repository/io/opencensus/opencensus-contrib-grpc-metrics/0.17.0/opencensus-contrib-grpc-metrics-0.17.0.jar:/home/user/.m2/repository/io/netty/netty-codec-http2/4.1.30.Final/netty-codec-http2-4.1.30.Final.jar:/home/user/.m2/repository/io/netty/netty-codec-http/4.1.30.Final/netty-codec-http-4.1.30.Final.jar:/home/user/.m2/repository/io/netty/netty-codec/4.1.30.Final/netty-codec-4.1.30.Final.jar:/home/user/.m2/repository/io/netty/netty-handler/4.1.30.Final/netty-handler-4.1.30.Final.jar:/home/user/.m2/repository/io/netty/netty-handler-proxy/4.1.30.Final/netty-handler-proxy-4.1.30.Final.jar:/home/user/.m2/repository/io/netty/netty-codec-socks/4.1.30.Final/netty-codec-socks-4.1.30.Final.jar:/home/user/.m2/repository/io/netty/netty-transport-native-epoll/4.1.30.Final/netty-transport-native-epoll-4.1.30.Final.jar:/home/user/.m2/repository/io/netty/netty-common/4.1.30.Final/netty-common-4.1.30.Final.jar:/home/user/.m2/repository/io/netty/netty-buffer/4.1.30.Final/netty-buffer-4.1.30.Final.jar:/home/user/.m2/repository/io/netty/netty-transport/4.1.30.Final/netty-transport-4.1.30.Final.jar:/home/user/.m2/repository/io/netty/netty-resolver/4.1.30.Final/netty-resolver-4.1.30.Final.jar:/home/user/.m2/repository/io/netty/netty-transport-native-unix-common/4.1.30.Final/netty-transport-native-unix-common-4.1.30.Final.jar:/home/user/.m2/repository/io/grpc/grpc-protobuf/1.17.1/grpc-protobuf-1.17.1.jar:/home/user/.m2/repository/com/google/api/grpc/proto-google-common-protos/1.0.0/proto-google-common-protos-1.0.0.jar:/home/user/.m2/repository/io/grpc/grpc-protobuf-lite/1.17.1/grpc-protobuf-lite-1.17.1.jar:/home/user/.m2/repository/io/grpc/grpc-stub/1.17.1/grpc-stub-1.17.1.jar:/home/user/.m2/repository/org/apache/hadoop/hadoop-ozone-recon/0.5.0-SNAPSHOT/hadoop-ozone-recon-0.5.0-SNAPSHOT.jar:/home/user/.m2/repository/org/apache/hadoop/hadoop-ozone-reconcodegen/0.5.0-SNAPSHOT/hadoop-ozone-reconcodegen-0.5.0-SNAPSHOT.jar:/home/user/.m2/repository/com/google/inject/extensions/guice-multibindings/4.0/guice-multibindings-4.0.jar:/home/user/.m2/repository/com/google/inject/guice/4.0/guice-4.0.jar:/home/user/.m2/repository/aopalliance/aopalliance/1.0/aopalliance-1.0.jar:/home/user/.m2/repository/com/google/inject/extensions/guice-servlet/4.0/guice-servlet-4.0.jar:/home/user/.m2/repository/org/glassfish/jersey/containers/jersey-container-servlet/2.27/jersey-container-servlet-2.27.jar:/home/user/.m2/repository/org/glassfish/hk2/guice-bridge/2.5.0/guice-bridge-2.5.0.jar:/home/user/.m2/repository/org/glassfish/jersey/core/jersey-server/2.27/jersey-server-2.27.jar:/home/user/.m2/repository/org/glassfish/jersey/core/jersey-client/2.27/jersey-client-2.27.jar:/home/user/.m2/repository/org/glassfish/jersey/media/jersey-media-jaxb/2.27/jersey-media-jaxb-2.27.jar:/home/user/.m2/repository/javax/validation/validation-api/1.1.0.Final/validation-api-1.1.0.Final.jar:/home/user/.m2/repository/org/glassfish/jersey/media/jersey-media-json-jackson/2.27/jersey-media-json-jackson-2.27.jar:/home/user/.m2/repository/org/glassfish/jersey/ext/jersey-entity-filtering/2.27/jersey-entity-filtering-2.27.jar:/home/user/.m2/repository/com/google/inject/extensions/guice-assistedinject/4.0/guice-assistedinject-4.0.jar:/home/user/.m2/repository/org/jooq/jooq/3.11.10/jooq-3.11.10.jar:/home/user/.m2/repository/org/jooq/jooq-meta/3.11.10/jooq-meta-3.11.10.jar:/home/user/.m2/repository/org/jooq/jooq-codegen/3.11.10/jooq-codegen-3.11.10.jar:/home/user/.m2/repository/com/jolbox/bonecp/0.8.0.RELEASE/bonecp-0.8.0.RELEASE.jar:/home/user/.m2/repository/org/xerial/sqlite-jdbc/3.25.2/sqlite-jdbc-3.25.2.jar:/home/user/.m2/repository/org/springframework/spring-jdbc/5.1.3.RELEASE/spring-jdbc-5.1.3.RELEASE.jar:/home/user/.m2/repository/org/springframework/spring-beans/5.1.3.RELEASE/spring-beans-5.1.3.RELEASE.jar:/home/user/.m2/repository/org/springframework/spring-core/5.1.3.RELEASE/spring-core-5.1.3.RELEASE.jar:/home/user/.m2/repository/org/springframework/spring-jcl/5.1.3.RELEASE/spring-jcl-5.1.3.RELEASE.jar:/home/user/.m2/repository/org/springframework/spring-tx/5.1.3.RELEASE/spring-tx-5.1.3.RELEASE.jar:/home/user/.m2/repository/org/apache/hadoop/hadoop-ozone-client/0.5.0-SNAPSHOT/hadoop-ozone-client-0.5.0-SNAPSHOT.jar:/home/user/.m2/repository/commons-lang/commons-lang/2.6/commons-lang-2.6.jar:/home/user/.m2/repository/org/apache/hadoop/hadoop-ozone-ozone-manager/0.5.0-SNAPSHOT/hadoop-ozone-ozone-manager-0.5.0-SNAPSHOT-tests.jar:/home/user/.m2/repository/junit/junit/4.11/junit-4.11.jar:/home/user/.m2/repository/org/hamcrest/hamcrest-core/1.3/hamcrest-core-1.3.jar:/home/user/.m2/repository/org/openjdk/jmh/jmh-core/1.19/jmh-core-1.19.jar:/home/user/.m2/repository/net/sf/jopt-simple/jopt-simple/4.6/jopt-simple-4.6.jar:/home/user/.m2/repository/org/apache/commons/commons-math3/3.1.1/commons-math3-3.1.1.jar:/home/user/.m2/repository/org/openjdk/jmh/jmh-generator-annprocess/1.19/jmh-generator-annprocess-1.19.jar:/home/user/.m2/repository/org/mockito/mockito-all/1.8.5/mockito-all-1.8.5.jar:/home/user/.m2/repository/org/apache/hadoop/hadoop-kms/3.2.0/hadoop-kms-3.2.0.jar:/home/user/.m2/repository/org/apache/hadoop/hadoop-auth/3.2.0/hadoop-auth-3.2.0.jar:/home/user/.m2/repository/com/nimbusds/nimbus-jose-jwt/4.41.1/nimbus-jose-jwt-4.41.1.jar:/home/user/.m2/repository/com/github/stephenc/jcip/jcip-annotations/1.0-1/jcip-annotations-1.0-1.jar:/home/user/.m2/repository/net/minidev/json-smart/2.3/json-smart-2.3.jar:/home/user/.m2/repository/net/minidev/accessors-smart/1.2/accessors-smart-1.2.jar:/home/user/.m2/repository/org/ow2/asm/asm/5.0.4/asm-5.0.4.jar:/home/user/.m2/repository/org/apache/curator/curator-framework/2.12.0/curator-framework-2.12.0.jar:/home/user/.m2/repository/com/sun/jersey/jersey-core/1.19/jersey-core-1.19.jar:/home/user/.m2/repository/javax/ws/rs/jsr311-api/1.1.1/jsr311-api-1.1.1.jar:/home/user/.m2/repository/com/sun/jersey/jersey-server/1.19/jersey-server-1.19.jar:/home/user/.m2/repository/javax/servlet/javax.servlet-api/3.1.0/javax.servlet-api-3.1.0.jar:/home/user/.m2/repository/org/eclipse/jetty/jetty-server/9.3.25.v20180904/jetty-server-9.3.25.v20180904.jar:/home/user/.m2/repository/org/eclipse/jetty/jetty-http/9.3.25.v20180904/jetty-http-9.3.25.v20180904.jar:/home/user/.m2/repository/org/eclipse/jetty/jetty-io/9.3.25.v20180904/jetty-io-9.3.25.v20180904.jar:/home/user/.m2/repository/org/eclipse/jetty/jetty-webapp/9.3.25.v20180904/jetty-webapp-9.3.25.v20180904.jar:/home/user/.m2/repository/org/eclipse/jetty/jetty-xml/9.3.25.v20180904/jetty-xml-9.3.25.v20180904.jar:/home/user/.m2/repository/log4j/log4j/1.2.17/log4j-1.2.17.jar:/home/user/.m2/repository/org/slf4j/slf4j-api/1.7.25/slf4j-api-1.7.25.jar:/home/user/.m2/repository/org/slf4j/jul-to-slf4j/1.7.25/jul-to-slf4j-1.7.25.jar:/home/user/.m2/repository/org/eclipse/jetty/jetty-util/9.3.25.v20180904/jetty-util-9.3.25.v20180904.jar:/home/user/.m2/repository/com/fasterxml/jackson/core/jackson-databind/2.9.9/jackson-databind-2.9.9.jar:/home/user/.m2/repository/org/apache/hadoop/hadoop-kms/3.2.0/hadoop-kms-3.2.0-tests.jar:/home/user/.m2/repository/org/apache/hadoop/hadoop-hdds-server-scm/0.5.0-SNAPSHOT/hadoop-hdds-server-scm-0.5.0-SNAPSHOT-tests.jar:/home/user/.m2/repository/org/apache/hadoop/hadoop-hdds-container-service/0.5.0-SNAPSHOT/hadoop-hdds-container-service-0.5.0-SNAPSHOT-tests.jar:/home/user/.m2/repository/org/yaml/snakeyaml/1.16/snakeyaml-1.16.jar:/home/user/.m2/repository/org/apache/hadoop/hadoop-common/3.2.0/hadoop-common-3.2.0-tests.jar:/home/user/.m2/repository/org/apache/hadoop/hadoop-annotations/3.2.0/hadoop-annotations-3.2.0.jar:/usr/lib/jvm/java-1.8.0-openjdk-1.8.0.222.b10-1.el7_7.x86_64/jre/../lib/tools.jar:/home/user/.m2/repository/commons-cli/commons-cli/1.2/commons-cli-1.2.jar:/home/user/.m2/repository/org/apache/httpcomponents/httpclient/4.5.2/httpclient-4.5.2.jar:/home/user/.m2/repository/org/apache/httpcomponents/httpcore/4.4.4/httpcore-4.4.4.jar:/home/user/.m2/repository/commons-codec/commons-codec/1.11/commons-codec-1.11.jar:/home/user/.m2/repository/commons-net/commons-net/3.6/commons-net-3.6.jar:/home/user/.m2/repository/commons-collections/commons-collections/3.2.2/commons-collections-3.2.2.jar:/home/user/.m2/repository/org/eclipse/jetty/jetty-servlet/9.3.25.v20180904/jetty-servlet-9.3.25.v20180904.jar:/home/user/.m2/repository/org/eclipse/jetty/jetty-security/9.3.25.v20180904/jetty-security-9.3.25.v20180904.jar:/home/user/.m2/repository/javax/servlet/jsp/jsp-api/2.1/jsp-api-2.1.jar:/home/user/.m2/repository/com/sun/jersey/jersey-servlet/1.19/jersey-servlet-1.19.jar:/home/user/.m2/repository/com/sun/jersey/jersey-json/1.19/jersey-json-1.19.jar:/home/user/.m2/repository/org/codehaus/jettison/jettison/1.1/jettison-1.1.jar:/home/user/.m2/repository/org/codehaus/jackson/jackson-core-asl/1.9.13/jackson-core-asl-1.9.13.jar:/home/user/.m2/repository/org/codehaus/jackson/jackson-mapper-asl/1.9.13/jackson-mapper-asl-1.9.13.jar:/home/user/.m2/repository/org/codehaus/jackson/jackson-jaxrs/1.9.13/jackson-jaxrs-1.9.13.jar:/home/user/.m2/repository/org/codehaus/jackson/jackson-xc/1.9.13/jackson-xc-1.9.13.jar:/home/user/.m2/repository/commons-logging/commons-logging/1.1.3/commons-logging-1.1.3.jar:/home/user/.m2/repository/commons-beanutils/commons-beanutils/1.9.4/commons-beanutils-1.9.4.jar:/home/user/.m2/repository/org/apache/commons/commons-configuration2/2.1.1/commons-configuration2-2.1.1.jar:/home/user/.m2/repository/org/apache/commons/commons-lang3/3.7/commons-lang3-3.7.jar:/home/user/.m2/repository/org/apache/commons/commons-text/1.4/commons-text-1.4.jar:/home/user/.m2/repository/org/apache/avro/avro/1.7.7/avro-1.7.7.jar:/home/user/.m2/repository/com/thoughtworks/paranamer/paranamer/2.3/paranamer-2.3.jar:/home/user/.m2/repository/org/xerial/snappy/snappy-java/1.0.5/snappy-java-1.0.5.jar:/home/user/.m2/repository/com/google/re2j/re2j/1.1/re2j-1.1.jar:/home/user/.m2/repository/com/google/code/gson/gson/2.2.4/gson-2.2.4.jar:/home/user/.m2/repository/com/jcraft/jsch/0.1.54/jsch-0.1.54.jar:/home/user/.m2/repository/org/apache/curator/curator-client/2.12.0/curator-client-2.12.0.jar:/home/user/.m2/repository/org/apache/curator/curator-recipes/2.12.0/curator-recipes-2.12.0.jar:/home/user/.m2/repository/com/google/code/findbugs/jsr305/3.0.0/jsr305-3.0.0.jar:/home/user/.m2/repository/org/apache/htrace/htrace-core4/4.1.0-incubating/htrace-core4-4.1.0-incubating.jar:/home/user/.m2/repository/org/apache/zookeeper/zookeeper/3.4.13/zookeeper-3.4.13.jar:/home/user/.m2/repository/jline/jline/0.9.94/jline-0.9.94.jar:/home/user/.m2/repository/org/apache/yetus/audience-annotations/0.5.0/audience-annotations-0.5.0.jar:/home/user/.m2/repository/org/codehaus/woodstox/stax2-api/3.1.4/stax2-api-3.1.4.jar:/home/user/.m2/repository/com/fasterxml/woodstox/woodstox-core/5.0.3/woodstox-core-5.0.3.jar:/home/user/.m2/repository/dnsjava/dnsjava/2.1.7/dnsjava-2.1.7.jar:/home/user/.m2/repository/org/apache/hadoop/hadoop-hdfs/3.2.0/hadoop-hdfs-3.2.0-tests.jar:/home/user/.m2/repository/org/eclipse/jetty/jetty-util-ajax/9.3.25.v20180904/jetty-util-ajax-9.3.25.v20180904.jar:/home/user/.m2/repository/commons-daemon/commons-daemon/1.0.13/commons-daemon-1.0.13.jar:/home/user/.m2/repository/io/netty/netty/3.10.5.Final/netty-3.10.5.Final.jar:/home/user/.m2/repository/io/netty/netty-all/4.0.52.Final/netty-all-4.0.52.Final.jar:/home/user/.m2/repository/org/fusesource/leveldbjni/leveldbjni-all/1.8/leveldbjni-all-1.8.jar:"/>
    <property name="sun.cpu.endian" value="little"/>
    <property name="user.home" value="/home/user"/>
    <property name="user.language" value="en"/>
    <property name="java.specification.vendor" value="Oracle Corporation"/>
    <property name="java.home" value="/usr/lib/jvm/java-1.8.0-openjdk-1.8.0.222.b10-1.el7_7.x86_64/jre"/>
    <property name="surefire.excludesFile" value="/tools/ozone-bad-unit-tests"/>
    <property name="java.security.krb5.conf" value="/workdir/hadoop-ozone/integration-test/target/test-classes/krb5.conf"/>
    <property name="basedir" value="/workdir/hadoop-ozone/integration-test"/>
    <property name="file.separator" value="/"/>
    <property name="line.separator" value="&#10;"/>
    <property name="java.vm.specification.vendor" value="Oracle Corporation"/>
    <property name="java.specification.name" value="Java Platform API Specification"/>
    <property name="java.awt.graphicsenv" value="sun.awt.X11GraphicsEnvironment"/>
    <property name="surefire.real.class.path" value="/workdir/hadoop-ozone/integration-test/target/surefire/surefirebooter6825023959753494816.jar"/>
    <property name="hadoop.log.dir" value="/workdir/hadoop-ozone/integration-test/target/log"/>
    <property name="sun.boot.class.path" value="/usr/lib/jvm/java-1.8.0-openjdk-1.8.0.222.b10-1.el7_7.x86_64/jre/lib/resources.jar:/usr/lib/jvm/java-1.8.0-openjdk-1.8.0.222.b10-1.el7_7.x86_64/jre/lib/rt.jar:/usr/lib/jvm/java-1.8.0-openjdk-1.8.0.222.b10-1.el7_7.x86_64/jre/lib/sunrsasign.jar:/usr/lib/jvm/java-1.8.0-openjdk-1.8.0.222.b10-1.el7_7.x86_64/jre/lib/jsse.jar:/usr/lib/jvm/java-1.8.0-openjdk-1.8.0.222.b10-1.el7_7.x86_64/jre/lib/jce.jar:/usr/lib/jvm/java-1.8.0-openjdk-1.8.0.222.b10-1.el7_7.x86_64/jre/lib/charsets.jar:/usr/lib/jvm/java-1.8.0-openjdk-1.8.0.222.b10-1.el7_7.x86_64/jre/lib/jfr.jar:/usr/lib/jvm/java-1.8.0-openjdk-1.8.0.222.b10-1.el7_7.x86_64/jre/classes"/>
    <property name="sun.management.compiler" value="HotSpot 64-Bit Tiered Compilers"/>
    <property name="java.runtime.version" value="1.8.0_222-b10"/>
    <property name="java.net.preferIPv4Stack" value="true"/>
    <property name="user.name" value="jenkins1000"/>
    <property name="path.separator" value=":"/>
    <property name="java.security.egd" value="file:///dev/urandom"/>
    <property name="os.version" value="3.10.0-957.12.2.el7.x86_64"/>
    <property name="java.endorsed.dirs" value="/usr/lib/jvm/java-1.8.0-openjdk-1.8.0.222.b10-1.el7_7.x86_64/jre/lib/endorsed"/>
    <property name="java.runtime.name" value="OpenJDK Runtime Environment"/>
    <property name="file.encoding" value="ANSI_X3.4-1968"/>
    <property name="java.vm.name" value="OpenJDK 64-Bit Server VM"/>
    <property name="test.build.webapps" value=""/>
    <property name="localRepository" value="/home/user/.m2/repository"/>
    <property name="java.vendor.url.bug" value="http://bugreport.sun.com/bugreport/"/>
    <property name="java.io.tmpdir" value="/tmp"/>
    <property name="require.test.libhadoop" value=""/>
    <property name="java.version" value="1.8.0_222"/>
    <property name="user.dir" value="/workdir/hadoop-ozone/integration-test"/>
    <property name="os.arch" value="amd64"/>
    <property name="java.vm.specification.name" value="Java Virtual Machine Specification"/>
    <property name="test.build.classes" value="/workdir/hadoop-ozone/integration-test/target/test-classes"/>
    <property name="java.awt.printerjob" value="sun.print.PSPrinterJob"/>
    <property name="sun.os.patch.level" value="unknown"/>
    <property name="hadoop.tmp.dir" value="/workdir/hadoop-ozone/integration-test/target/tmp"/>
    <property name="java.library.path" value="/usr/lib:/workdir/hadoop-ozone/integration-test/target/native/target/usr/local/lib:/workdir/hadoop-ozone/integration-test/../../hadoop-common-project/hadoop-common/target/native/target/usr/local/lib:/usr/java/packages/lib/amd64:/usr/lib64:/lib64:/lib:/usr/lib"/>
    <property name="java.vm.info" value="mixed mode"/>
    <property name="java.vendor" value="Oracle Corporation"/>
    <property name="java.vm.version" value="25.222-b10"/>
    <property name="java.ext.dirs" value="/usr/lib/jvm/java-1.8.0-openjdk-1.8.0.222.b10-1.el7_7.x86_64/jre/lib/ext:/usr/java/packages/lib/ext"/>
    <property name="sun.io.unicode.encoding" value="UnicodeLittle"/>
    <property name="java.class.version" value="52.0"/>
  </properties>
  <testcase name="testDeleteKeyWithSlowFollower" classname="org.apache.hadoop.ozone.client.rpc.TestDeleteWithSlowFollower" time="111.534">
    <failure type="java.lang.AssertionError">java.lang.AssertionError
	at org.junit.Assert.fail(Assert.java:86)
	at org.junit.Assert.assertTrue(Assert.java:41)
	at org.junit.Assert.assertTrue(Assert.java:52)
	at org.apache.hadoop.ozone.client.rpc.TestDeleteWithSlowFollower.testDeleteKeyWithSlowFollower(TestDeleteWithSlowFollower.java:265)
	at sun.reflect.NativeMethodAccessorImpl.invoke0(Native Method)
	at sun.reflect.NativeMethodAccessorImpl.invoke(NativeMethodAccessorImpl.java:62)
	at sun.reflect.DelegatingMethodAccessorImpl.invoke(DelegatingMethodAccessorImpl.java:43)
	at java.lang.reflect.Method.invoke(Method.java:498)
	at org.junit.runners.model.FrameworkMethod$1.runReflectiveCall(FrameworkMethod.java:47)
	at org.junit.internal.runners.model.ReflectiveCallable.run(ReflectiveCallable.java:12)
	at org.junit.runners.model.FrameworkMethod.invokeExplosively(FrameworkMethod.java:44)
	at org.junit.internal.runners.statements.InvokeMethod.evaluate(InvokeMethod.java:17)
	at org.junit.runners.ParentRunner.runLeaf(ParentRunner.java:271)
	at org.junit.runners.BlockJUnit4ClassRunner.runChild(BlockJUnit4ClassRunner.java:70)
	at org.junit.runners.BlockJUnit4ClassRunner.runChild(BlockJUnit4ClassRunner.java:50)
	at org.junit.runners.ParentRunner$3.run(ParentRunner.java:238)
	at org.junit.runners.ParentRunner$1.schedule(ParentRunner.java:63)
	at org.junit.runners.ParentRunner.runChildren(ParentRunner.java:236)
	at org.junit.runners.ParentRunner.access$000(ParentRunner.java:53)
	at org.junit.runners.ParentRunner$2.evaluate(ParentRunner.java:229)
	at org.junit.internal.runners.statements.RunBefores.evaluate(RunBefores.java:26)
	at org.junit.internal.runners.statements.RunAfters.evaluate(RunAfters.java:27)
	at org.junit.runners.ParentRunner.run(ParentRunner.java:309)
	at org.apache.maven.surefire.junit4.JUnit4Provider.execute(JUnit4Provider.java:365)
	at org.apache.maven.surefire.junit4.JUnit4Provider.executeWithRerun(JUnit4Provider.java:273)
	at org.apache.maven.surefire.junit4.JUnit4Provider.executeTestSet(JUnit4Provider.java:238)
	at org.apache.maven.surefire.junit4.JUnit4Provider.invoke(JUnit4Provider.java:159)
	at org.apache.maven.surefire.booter.ForkedBooter.invokeProviderInSameClassLoader(ForkedBooter.java:384)
	at org.apache.maven.surefire.booter.ForkedBooter.runSuitesInProcess(ForkedBooter.java:345)
	at org.apache.maven.surefire.booter.ForkedBooter.execute(ForkedBooter.java:126)
	at org.apache.maven.surefire.booter.ForkedBooter.main(ForkedBooter.java:418)
</failure>
    <system-out><![CDATA[2019-10-21 23:03:59,974 [main] WARN  server.ServerUtils (ServerUtils.java:getScmDbDir(145)) - ozone.scm.db.dirs is not configured. We recommend adding this setting. Falling back to ozone.metadata.dirs instead.
2019-10-21 23:04:00,100 [main] WARN  server.ServerUtils (ServerUtils.java:getScmDbDir(145)) - ozone.scm.db.dirs is not configured. We recommend adding this setting. Falling back to ozone.metadata.dirs instead.
2019-10-21 23:04:00,104 [main] WARN  server.ServerUtils (ServerUtils.java:getScmDbDir(145)) - ozone.scm.db.dirs is not configured. We recommend adding this setting. Falling back to ozone.metadata.dirs instead.
2019-10-21 23:04:00,139 [main] INFO  util.log (Log.java:initialized(192)) - Logging initialized @900ms
2019-10-21 23:04:00,252 [main] INFO  db.DBStoreBuilder (DBStoreBuilder.java:addTable(117)) - using custom profile for table: deletedBlocks
2019-10-21 23:04:00,252 [main] INFO  db.DBStoreBuilder (DBStoreBuilder.java:processTables(168)) - Using default column profile:DBProfile.DISK for Table:deletedBlocks
2019-10-21 23:04:00,252 [main] INFO  db.DBStoreBuilder (DBStoreBuilder.java:addTable(117)) - using custom profile for table: validCerts
2019-10-21 23:04:00,253 [main] INFO  db.DBStoreBuilder (DBStoreBuilder.java:processTables(168)) - Using default column profile:DBProfile.DISK for Table:validCerts
2019-10-21 23:04:00,253 [main] INFO  db.DBStoreBuilder (DBStoreBuilder.java:addTable(117)) - using custom profile for table: revokedCerts
2019-10-21 23:04:00,253 [main] INFO  db.DBStoreBuilder (DBStoreBuilder.java:processTables(168)) - Using default column profile:DBProfile.DISK for Table:revokedCerts
2019-10-21 23:04:00,263 [main] INFO  db.DBStoreBuilder (DBStoreBuilder.java:addTable(117)) - using custom profile for table: default
2019-10-21 23:04:00,263 [main] INFO  db.DBStoreBuilder (DBStoreBuilder.java:processTables(174)) - Using default column profile:DBProfile.DISK for Table:default
2019-10-21 23:04:00,265 [main] INFO  db.DBStoreBuilder (DBStoreBuilder.java:getDbProfile(205)) - Using default options. DBProfile.DISK
2019-10-21 23:04:00,507 [main] INFO  net.NodeSchemaLoader (NodeSchemaLoader.java:loadSchemaFromFile(125)) - Loading file from sun.misc.CompoundEnumeration@74235045
2019-10-21 23:04:00,509 [main] INFO  net.NodeSchemaLoader (NodeSchemaLoader.java:loadSchema(171)) - Loading network topology layer schema file
2019-10-21 23:04:00,578 [main] WARN  server.ServerUtils (ServerUtils.java:sanitizeUserArgs(70)) - ozone.scm.stale.node.interval value = 1000000 is larger than max = 100000 based on the key value of ozone.scm.heartbeat.thread.interval, reset to the max value 100000.
2019-10-21 23:04:00,580 [main] WARN  server.ServerUtils (ServerUtils.java:sanitizeUserArgs(70)) - ozone.scm.stale.node.interval value = 1000000 is larger than max = 100000 based on the key value of ozone.scm.heartbeat.thread.interval, reset to the max value 100000.
2019-10-21 23:04:00,583 [main] INFO  node.SCMNodeManager (SCMNodeManager.java:<init>(116)) - Entering startup safe mode.
2019-10-21 23:04:00,647 [main] INFO  algorithms.ContainerPlacementPolicyFactory (ContainerPlacementPolicyFactory.java:getPolicy(57)) - Create container placement policy of type org.apache.hadoop.hdds.scm.container.placement.algorithms.SCMContainerPlacementRandom
2019-10-21 23:04:00,666 [main] WARN  server.ServerUtils (ServerUtils.java:getScmDbDir(145)) - ozone.scm.db.dirs is not configured. We recommend adding this setting. Falling back to ozone.metadata.dirs instead.
2019-10-21 23:04:00,755 [main] INFO  pipeline.SCMPipelineManager (SCMPipelineManager.java:initializePipelineState(132)) - No pipeline exists in current db
2019-10-21 23:04:00,758 [main] WARN  server.ServerUtils (ServerUtils.java:getScmDbDir(145)) - ozone.scm.db.dirs is not configured. We recommend adding this setting. Falling back to ozone.metadata.dirs instead.
2019-10-21 23:04:00,873 [main] WARN  events.EventQueue (EventQueue.java:fireEvent(183)) - No event handler registered for event TypedEvent{payloadType=SafeModeStatus, name='SafeModeStatus'}
2019-10-21 23:04:01,214 [main] INFO  ipc.CallQueueManager (CallQueueManager.java:<init>(84)) - Using callQueue: class java.util.concurrent.LinkedBlockingQueue, queueCapacity: 2000, scheduler: class org.apache.hadoop.ipc.DefaultRpcScheduler, ipcBackoff: false.
2019-10-21 23:04:01,342 [Socket Reader #1 for port 36732] INFO  ipc.Server (Server.java:run(1074)) - Starting Socket Reader #1 for port 36732
2019-10-21 23:04:01,372 [main] INFO  ipc.CallQueueManager (CallQueueManager.java:<init>(84)) - Using callQueue: class java.util.concurrent.LinkedBlockingQueue, queueCapacity: 2000, scheduler: class org.apache.hadoop.ipc.DefaultRpcScheduler, ipcBackoff: false.
2019-10-21 23:04:01,373 [Socket Reader #1 for port 37056] INFO  ipc.Server (Server.java:run(1074)) - Starting Socket Reader #1 for port 37056
2019-10-21 23:04:01,384 [main] INFO  ipc.CallQueueManager (CallQueueManager.java:<init>(84)) - Using callQueue: class java.util.concurrent.LinkedBlockingQueue, queueCapacity: 2000, scheduler: class org.apache.hadoop.ipc.DefaultRpcScheduler, ipcBackoff: false.
2019-10-21 23:04:01,385 [Socket Reader #1 for port 38431] INFO  ipc.Server (Server.java:run(1074)) - Starting Socket Reader #1 for port 38431
2019-10-21 23:04:01,411 [main] INFO  hdfs.DFSUtil (DFSUtil.java:httpServerTemplateForNNAndJN(1641)) - Starting Web-server for scm at: http://0.0.0.0:0
2019-10-21 23:04:01,547 [main] INFO  server.AuthenticationFilter (AuthenticationFilter.java:constructSecretProvider(240)) - Unable to initialize FileSignerSecretProvider, falling back to use random secrets.
2019-10-21 23:04:01,555 [main] WARN  http.HttpRequestLog (HttpRequestLog.java:getRequestLog(97)) - Jetty request log can only be enabled using Log4j
2019-10-21 23:04:01,563 [main] INFO  http.HttpServer2 (HttpServer2.java:addGlobalFilter(975)) - Added global filter 'safety' (class=org.apache.hadoop.http.HttpServer2$QuotingInputFilter)
2019-10-21 23:04:01,565 [main] INFO  http.HttpServer2 (HttpServer2.java:addFilter(948)) - Added filter static_user_filter (class=org.apache.hadoop.http.lib.StaticUserWebFilter$StaticUserFilter) to context scm
2019-10-21 23:04:01,566 [main] INFO  http.HttpServer2 (HttpServer2.java:addFilter(958)) - Added filter static_user_filter (class=org.apache.hadoop.http.lib.StaticUserWebFilter$StaticUserFilter) to context logs
2019-10-21 23:04:01,566 [main] INFO  http.HttpServer2 (HttpServer2.java:addFilter(958)) - Added filter static_user_filter (class=org.apache.hadoop.http.lib.StaticUserWebFilter$StaticUserFilter) to context static
2019-10-21 23:04:01,611 [main] INFO  server.StorageContainerManager (StorageContainerManager.java:start(772)) - StorageContainerLocationProtocol RPC server is listening at /0.0.0.0:38431
2019-10-21 23:04:01,683 [main] WARN  impl.MetricsConfig (MetricsConfig.java:loadFirst(134)) - Cannot locate configuration: tried hadoop-metrics2-storagecontainermanager.properties,hadoop-metrics2.properties
2019-10-21 23:04:01,697 [main] INFO  impl.MetricsSystemImpl (MetricsSystemImpl.java:startTimer(374)) - Scheduled Metric snapshot period at 10 second(s).
2019-10-21 23:04:01,698 [main] INFO  impl.MetricsSystemImpl (MetricsSystemImpl.java:start(191)) - StorageContainerManager metrics system started
2019-10-21 23:04:01,930 [main] INFO  server.SCMClientProtocolServer (SCMClientProtocolServer.java:start(159)) - RPC server for Client  is listening at /0.0.0.0:38431
2019-10-21 23:04:01,930 [IPC Server Responder] INFO  ipc.Server (Server.java:run(1314)) - IPC Server Responder: starting
2019-10-21 23:04:01,930 [IPC Server listener on 38431] INFO  ipc.Server (Server.java:run(1153)) - IPC Server listener on 38431: starting
2019-10-21 23:04:01,933 [main] INFO  server.StorageContainerManager (StorageContainerManager.java:start(782)) - ScmBlockLocationProtocol RPC server is listening at /0.0.0.0:37056
2019-10-21 23:04:01,933 [main] INFO  server.SCMBlockProtocolServer (SCMBlockProtocolServer.java:start(146)) - RPC server for Block Protocol is listening at /0.0.0.0:37056
2019-10-21 23:04:01,934 [IPC Server Responder] INFO  ipc.Server (Server.java:run(1314)) - IPC Server Responder: starting
2019-10-21 23:04:01,934 [IPC Server listener on 37056] INFO  ipc.Server (Server.java:run(1153)) - IPC Server listener on 37056: starting
2019-10-21 23:04:01,936 [main] INFO  server.StorageContainerManager (StorageContainerManager.java:start(786)) - ScmDatanodeProtocl RPC server is listening at /0.0.0.0:36732
2019-10-21 23:04:01,936 [main] INFO  server.SCMDatanodeProtocolServer (SCMDatanodeProtocolServer.java:start(169)) - RPC server for DataNodes is listening at /0.0.0.0:36732
2019-10-21 23:04:01,937 [IPC Server Responder] INFO  ipc.Server (Server.java:run(1314)) - IPC Server Responder: starting
2019-10-21 23:04:01,937 [IPC Server listener on 36732] INFO  ipc.Server (Server.java:run(1153)) - IPC Server listener on 36732: starting
2019-10-21 23:04:01,939 [main] INFO  http.HttpServer2 (HttpServer2.java:bindListener(1191)) - Jetty bound to port 35437
2019-10-21 23:04:01,941 [main] INFO  server.Server (Server.java:doStart(351)) - jetty-9.3.25.v20180904, build timestamp: 2018-09-04T21:11:46Z, git hash: 3ce520221d0240229c862b122d2b06c12a625732
2019-10-21 23:04:01,974 [main] INFO  handler.ContextHandler (ContextHandler.java:doStart(781)) - Started o.e.j.s.ServletContextHandler@42f8285e{/logs,file:///workdir/hadoop-ozone/integration-test/target/log,AVAILABLE}
2019-10-21 23:04:01,975 [main] INFO  handler.ContextHandler (ContextHandler.java:doStart(781)) - Started o.e.j.s.ServletContextHandler@3724af13{/static,file:///workdir/hadoop-ozone/integration-test/target/test-classes/webapps/static,AVAILABLE}
2019-10-21 23:04:02,204 [main] INFO  handler.ContextHandler (ContextHandler.java:doStart(781)) - Started o.e.j.w.WebAppContext@24a1c17f{/,file:///workdir/hadoop-ozone/integration-test/target/test-classes/webapps/scm/,AVAILABLE}{/scm}
2019-10-21 23:04:02,212 [main] INFO  server.AbstractConnector (AbstractConnector.java:doStart(278)) - Started ServerConnector@4d63b624{HTTP/1.1,[http/1.1]}{0.0.0.0:35437}
2019-10-21 23:04:02,212 [main] INFO  server.Server (Server.java:doStart(419)) - Started @2974ms
2019-10-21 23:04:02,215 [main] INFO  impl.MetricsSinkAdapter (MetricsSinkAdapter.java:start(204)) - Sink prometheus started
2019-10-21 23:04:02,215 [main] INFO  impl.MetricsSystemImpl (MetricsSystemImpl.java:registerSink(301)) - Registered sink prometheus
2019-10-21 23:04:02,218 [main] INFO  server.BaseHttpServer (BaseHttpServer.java:updateConnectorAddress(215)) - HTTP server of SCM is listening at http://0.0.0.0:35437
2019-10-21 23:04:02,225 [org.apache.hadoop.util.JvmPauseMonitor$Monitor@4b629f13] INFO  util.JvmPauseMonitor (JvmPauseMonitor.java:run(188)) - Starting JVM pause monitor
2019-10-21 23:04:02,230 [main] WARN  server.ServerUtils (ServerUtils.java:getDBPath(222)) - ozone.om.db.dirs is not configured. We recommend adding this setting. Falling back to ozone.metadata.dirs instead.
2019-10-21 23:04:02,346 [main] INFO  ha.OMHANodeDetails (OMHANodeDetails.java:loadOMHAConfig(190)) - Configuration either no ozone.om.address set. Falling back to the default OM address /127.0.0.1:0
2019-10-21 23:04:02,347 [main] INFO  ha.OMHANodeDetails (OMHANodeDetails.java:getOMNodeDetails(220)) - OM Service ID is not set. Setting it to the default ID: omServiceIdDefault
2019-10-21 23:04:02,349 [main] WARN  server.ServerUtils (ServerUtils.java:getDBPath(222)) - ozone.om.db.dirs is not configured. We recommend adding this setting. Falling back to ozone.metadata.dirs instead.
2019-10-21 23:04:02,350 [main] WARN  server.ServerUtils (ServerUtils.java:getDBPath(222)) - ozone.om.db.dirs is not configured. We recommend adding this setting. Falling back to ozone.metadata.dirs instead.
2019-10-21 23:04:03,082 [main] WARN  server.ServerUtils (ServerUtils.java:getDBPath(222)) - ozone.om.db.dirs is not configured. We recommend adding this setting. Falling back to ozone.metadata.dirs instead.
2019-10-21 23:04:03,089 [main] INFO  db.DBStoreBuilder (DBStoreBuilder.java:addTable(117)) - using custom profile for table: userTable
2019-10-21 23:04:03,090 [main] INFO  db.DBStoreBuilder (DBStoreBuilder.java:processTables(168)) - Using default column profile:DBProfile.DISK for Table:userTable
2019-10-21 23:04:03,090 [main] INFO  db.DBStoreBuilder (DBStoreBuilder.java:addTable(117)) - using custom profile for table: volumeTable
2019-10-21 23:04:03,090 [main] INFO  db.DBStoreBuilder (DBStoreBuilder.java:processTables(168)) - Using default column profile:DBProfile.DISK for Table:volumeTable
2019-10-21 23:04:03,090 [main] INFO  db.DBStoreBuilder (DBStoreBuilder.java:addTable(117)) - using custom profile for table: bucketTable
2019-10-21 23:04:03,091 [main] INFO  db.DBStoreBuilder (DBStoreBuilder.java:processTables(168)) - Using default column profile:DBProfile.DISK for Table:bucketTable
2019-10-21 23:04:03,091 [main] INFO  db.DBStoreBuilder (DBStoreBuilder.java:addTable(117)) - using custom profile for table: keyTable
2019-10-21 23:04:03,091 [main] INFO  db.DBStoreBuilder (DBStoreBuilder.java:processTables(168)) - Using default column profile:DBProfile.DISK for Table:keyTable
2019-10-21 23:04:03,091 [main] INFO  db.DBStoreBuilder (DBStoreBuilder.java:addTable(117)) - using custom profile for table: deletedTable
2019-10-21 23:04:03,091 [main] INFO  db.DBStoreBuilder (DBStoreBuilder.java:processTables(168)) - Using default column profile:DBProfile.DISK for Table:deletedTable
2019-10-21 23:04:03,092 [main] INFO  db.DBStoreBuilder (DBStoreBuilder.java:addTable(117)) - using custom profile for table: openKeyTable
2019-10-21 23:04:03,092 [main] INFO  db.DBStoreBuilder (DBStoreBuilder.java:processTables(168)) - Using default column profile:DBProfile.DISK for Table:openKeyTable
2019-10-21 23:04:03,092 [main] INFO  db.DBStoreBuilder (DBStoreBuilder.java:addTable(117)) - using custom profile for table: s3Table
2019-10-21 23:04:03,092 [main] INFO  db.DBStoreBuilder (DBStoreBuilder.java:processTables(168)) - Using default column profile:DBProfile.DISK for Table:s3Table
2019-10-21 23:04:03,093 [main] INFO  db.DBStoreBuilder (DBStoreBuilder.java:addTable(117)) - using custom profile for table: multipartInfoTable
2019-10-21 23:04:03,093 [main] INFO  db.DBStoreBuilder (DBStoreBuilder.java:processTables(168)) - Using default column profile:DBProfile.DISK for Table:multipartInfoTable
2019-10-21 23:04:03,093 [main] INFO  db.DBStoreBuilder (DBStoreBuilder.java:addTable(117)) - using custom profile for table: dTokenTable
2019-10-21 23:04:03,093 [main] INFO  db.DBStoreBuilder (DBStoreBuilder.java:processTables(168)) - Using default column profile:DBProfile.DISK for Table:dTokenTable
2019-10-21 23:04:03,093 [main] INFO  db.DBStoreBuilder (DBStoreBuilder.java:addTable(117)) - using custom profile for table: s3SecretTable
2019-10-21 23:04:03,094 [main] INFO  db.DBStoreBuilder (DBStoreBuilder.java:processTables(168)) - Using default column profile:DBProfile.DISK for Table:s3SecretTable
2019-10-21 23:04:03,094 [main] INFO  db.DBStoreBuilder (DBStoreBuilder.java:addTable(117)) - using custom profile for table: prefixTable
2019-10-21 23:04:03,094 [main] INFO  db.DBStoreBuilder (DBStoreBuilder.java:processTables(168)) - Using default column profile:DBProfile.DISK for Table:prefixTable
2019-10-21 23:04:03,094 [main] INFO  db.DBStoreBuilder (DBStoreBuilder.java:addTable(117)) - using custom profile for table: default
2019-10-21 23:04:03,094 [main] INFO  db.DBStoreBuilder (DBStoreBuilder.java:processTables(174)) - Using default column profile:DBProfile.DISK for Table:default
2019-10-21 23:04:03,095 [main] INFO  db.DBStoreBuilder (DBStoreBuilder.java:getDbProfile(205)) - Using default options. DBProfile.DISK
2019-10-21 23:04:03,539 [main] INFO  ipc.CallQueueManager (CallQueueManager.java:<init>(84)) - Using callQueue: class java.util.concurrent.LinkedBlockingQueue, queueCapacity: 2000, scheduler: class org.apache.hadoop.ipc.DefaultRpcScheduler, ipcBackoff: false.
2019-10-21 23:04:03,540 [Socket Reader #1 for port 40129] INFO  ipc.Server (Server.java:run(1074)) - Starting Socket Reader #1 for port 40129
2019-10-21 23:04:03,562 [main] INFO  om.OzoneManager (OzoneManager.java:start(1074)) - OzoneManager RPC server is listening at localhost/127.0.0.1:40129
2019-10-21 23:04:03,563 [main] INFO  impl.MetricsSystemImpl (MetricsSystemImpl.java:init(158)) - OzoneManager metrics system started (again)
2019-10-21 23:04:03,571 [IPC Server Responder] INFO  ipc.Server (Server.java:run(1314)) - IPC Server Responder: starting
2019-10-21 23:04:03,571 [IPC Server listener on 40129] INFO  ipc.Server (Server.java:run(1153)) - IPC Server listener on 40129: starting
2019-10-21 23:04:03,577 [main] INFO  hdfs.DFSUtil (DFSUtil.java:httpServerTemplateForNNAndJN(1641)) - Starting Web-server for ozoneManager at: http://0.0.0.0:0
2019-10-21 23:04:03,580 [main] INFO  server.AuthenticationFilter (AuthenticationFilter.java:constructSecretProvider(240)) - Unable to initialize FileSignerSecretProvider, falling back to use random secrets.
2019-10-21 23:04:03,581 [main] WARN  http.HttpRequestLog (HttpRequestLog.java:getRequestLog(97)) - Jetty request log can only be enabled using Log4j
2019-10-21 23:04:03,585 [main] INFO  http.HttpServer2 (HttpServer2.java:addGlobalFilter(975)) - Added global filter 'safety' (class=org.apache.hadoop.http.HttpServer2$QuotingInputFilter)
2019-10-21 23:04:03,586 [main] INFO  http.HttpServer2 (HttpServer2.java:addFilter(948)) - Added filter static_user_filter (class=org.apache.hadoop.http.lib.StaticUserWebFilter$StaticUserFilter) to context ozoneManager
2019-10-21 23:04:03,586 [main] INFO  http.HttpServer2 (HttpServer2.java:addFilter(958)) - Added filter static_user_filter (class=org.apache.hadoop.http.lib.StaticUserWebFilter$StaticUserFilter) to context static
2019-10-21 23:04:03,587 [main] INFO  http.HttpServer2 (HttpServer2.java:addFilter(958)) - Added filter static_user_filter (class=org.apache.hadoop.http.lib.StaticUserWebFilter$StaticUserFilter) to context logs
2019-10-21 23:04:03,590 [main] INFO  http.HttpServer2 (HttpServer2.java:bindListener(1191)) - Jetty bound to port 36021
2019-10-21 23:04:03,590 [main] INFO  server.Server (Server.java:doStart(351)) - jetty-9.3.25.v20180904, build timestamp: 2018-09-04T21:11:46Z, git hash: 3ce520221d0240229c862b122d2b06c12a625732
2019-10-21 23:04:03,594 [main] INFO  handler.ContextHandler (ContextHandler.java:doStart(781)) - Started o.e.j.s.ServletContextHandler@aa10649{/logs,file:///workdir/hadoop-ozone/integration-test/target/log,AVAILABLE}
2019-10-21 23:04:03,595 [main] INFO  handler.ContextHandler (ContextHandler.java:doStart(781)) - Started o.e.j.s.ServletContextHandler@37095ded{/static,file:///workdir/hadoop-ozone/integration-test/target/test-classes/webapps/static,AVAILABLE}
2019-10-21 23:04:03,602 [main] INFO  handler.ContextHandler (ContextHandler.java:doStart(781)) - Started o.e.j.w.WebAppContext@75b3673{/,file:///workdir/hadoop-ozone/integration-test/target/test-classes/webapps/ozoneManager/,AVAILABLE}{/ozoneManager}
2019-10-21 23:04:03,604 [main] INFO  server.AbstractConnector (AbstractConnector.java:doStart(278)) - Started ServerConnector@1bcb79c2{HTTP/1.1,[http/1.1]}{0.0.0.0:36021}
2019-10-21 23:04:03,604 [main] INFO  server.Server (Server.java:doStart(419)) - Started @4365ms
2019-10-21 23:04:03,605 [main] WARN  impl.MetricsSystemImpl (MetricsSystemImpl.java:register(276)) - Sink prometheus already exists!
2019-10-21 23:04:03,606 [main] INFO  server.BaseHttpServer (BaseHttpServer.java:updateConnectorAddress(215)) - HTTP server of OZONEMANAGER is listening at http://0.0.0.0:36021
2019-10-21 23:04:03,921 [main] INFO  impl.MetricsSystemImpl (MetricsSystemImpl.java:init(158)) - HddsDatanode metrics system started (again)
2019-10-21 23:04:03,967 [main] INFO  ozone.HddsDatanodeService (HddsDatanodeService.java:start(184)) - HddsDatanodeService host:pr-hdds-2131-w2fms-3313293055 ip:192.168.69.118
2019-10-21 23:04:03,998 [main] INFO  volume.HddsVolume (HddsVolume.java:<init>(176)) - Creating Volume: /workdir/hadoop-ozone/integration-test/target/test-dir/MiniOzoneClusterImpl-a7a400a2-5f0e-446d-a613-255cd6ec9d67/datanode-0/data/containers/hdds of  storage type : DISK and capacity : 1482555576320
2019-10-21 23:04:04,000 [main] INFO  volume.VolumeSet (VolumeSet.java:initializeVolumeSet(170)) - Added Volume : /workdir/hadoop-ozone/integration-test/target/test-dir/MiniOzoneClusterImpl-a7a400a2-5f0e-446d-a613-255cd6ec9d67/datanode-0/data/containers/hdds to VolumeSet
2019-10-21 23:04:04,002 [main] INFO  volume.ThrottledAsyncChecker (ThrottledAsyncChecker.java:schedule(141)) - Scheduling a check for /workdir/hadoop-ozone/integration-test/target/test-dir/MiniOzoneClusterImpl-a7a400a2-5f0e-446d-a613-255cd6ec9d67/datanode-0/data/containers/hdds
2019-10-21 23:04:04,018 [main] INFO  volume.HddsVolumeChecker (HddsVolumeChecker.java:checkAllVolumes(204)) - Scheduled health check for volume /workdir/hadoop-ozone/integration-test/target/test-dir/MiniOzoneClusterImpl-a7a400a2-5f0e-446d-a613-255cd6ec9d67/datanode-0/data/containers/hdds
2019-10-21 23:04:04,123 [main] INFO  impl.RaftServerProxy (ConfUtils.java:logGet(43)) - raft.rpc.type = GRPC (default)
2019-10-21 23:04:04,194 [main] INFO  grpc.GrpcFactory (GrpcFactory.java:checkPooledByteBufAllocatorUseCacheForAllThreads(45)) - PERFORMANCE WARNING: useCacheForAllThreads is true that may cause Netty to create a lot garbage objects and, as a result, trigger GC.
	It is recommended to disable useCacheForAllThreads by setting -Dorg.apache.ratis.thirdparty.io.netty.allocator.useCacheForAllThreads=false in command line.
2019-10-21 23:04:04,200 [main] INFO  grpc.GrpcConfigKeys$Server (ConfUtils.java:logGet(43)) - raft.grpc.server.port = 0 (default)
2019-10-21 23:04:04,201 [main] INFO  server.GrpcService (ConfUtils.java:logGet(43)) - raft.grpc.message.size.max = 33570816 (custom)
2019-10-21 23:04:04,203 [main] INFO  server.RaftServerConfigKeys (ConfUtils.java:logGet(43)) - raft.server.log.appender.buffer.byte-limit = 33554432 (custom)
2019-10-21 23:04:04,204 [main] INFO  server.GrpcService (ConfUtils.java:logGet(43)) - raft.grpc.flow.control.window = 1MB (=1048576) (default)
2019-10-21 23:04:04,205 [main] INFO  server.RaftServerConfigKeys (ConfUtils.java:logGet(43)) - raft.server.rpc.request.timeout = 3000ms (default)
2019-10-21 23:04:04,391 [main] INFO  server.RaftServerConfigKeys (ConfUtils.java:logGet(43)) - raft.server.storage.dir = [/workdir/hadoop-ozone/integration-test/target/test-dir/MiniOzoneClusterImpl-a7a400a2-5f0e-446d-a613-255cd6ec9d67/datanode-0/data/ratis] (custom)
2019-10-21 23:04:04,440 [main] INFO  hdfs.DFSUtil (DFSUtil.java:httpServerTemplateForNNAndJN(1641)) - Starting Web-server for hddsDatanode at: http://0.0.0.0:0
2019-10-21 23:04:04,443 [main] INFO  server.AuthenticationFilter (AuthenticationFilter.java:constructSecretProvider(240)) - Unable to initialize FileSignerSecretProvider, falling back to use random secrets.
2019-10-21 23:04:04,444 [main] WARN  http.HttpRequestLog (HttpRequestLog.java:getRequestLog(97)) - Jetty request log can only be enabled using Log4j
2019-10-21 23:04:04,447 [main] INFO  http.HttpServer2 (HttpServer2.java:addGlobalFilter(975)) - Added global filter 'safety' (class=org.apache.hadoop.http.HttpServer2$QuotingInputFilter)
2019-10-21 23:04:04,448 [main] INFO  http.HttpServer2 (HttpServer2.java:addFilter(948)) - Added filter static_user_filter (class=org.apache.hadoop.http.lib.StaticUserWebFilter$StaticUserFilter) to context hddsDatanode
2019-10-21 23:04:04,448 [main] INFO  http.HttpServer2 (HttpServer2.java:addFilter(958)) - Added filter static_user_filter (class=org.apache.hadoop.http.lib.StaticUserWebFilter$StaticUserFilter) to context logs
2019-10-21 23:04:04,448 [main] INFO  http.HttpServer2 (HttpServer2.java:addFilter(958)) - Added filter static_user_filter (class=org.apache.hadoop.http.lib.StaticUserWebFilter$StaticUserFilter) to context static
2019-10-21 23:04:04,450 [main] INFO  http.HttpServer2 (HttpServer2.java:bindListener(1191)) - Jetty bound to port 42997
2019-10-21 23:04:04,450 [main] INFO  server.Server (Server.java:doStart(351)) - jetty-9.3.25.v20180904, build timestamp: 2018-09-04T21:11:46Z, git hash: 3ce520221d0240229c862b122d2b06c12a625732
2019-10-21 23:04:04,454 [main] INFO  handler.ContextHandler (ContextHandler.java:doStart(781)) - Started o.e.j.s.ServletContextHandler@60cf62ad{/logs,file:///workdir/hadoop-ozone/integration-test/target/log,AVAILABLE}
2019-10-21 23:04:04,454 [main] INFO  handler.ContextHandler (ContextHandler.java:doStart(781)) - Started o.e.j.s.ServletContextHandler@1ac4ccad{/static,jar:file:/home/user/.m2/repository/org/apache/hadoop/hadoop-hdds-container-service/0.5.0-SNAPSHOT/hadoop-hdds-container-service-0.5.0-SNAPSHOT.jar!/webapps/static,AVAILABLE}
2019-10-21 23:04:04,501 [main] INFO  handler.ContextHandler (ContextHandler.java:doStart(781)) - Started o.e.j.w.WebAppContext@de8039f{/,file:///tmp/jetty-0.0.0.0-42997-hddsDatanode-_-any-5190594341204454681.dir/webapp/,AVAILABLE}{/hddsDatanode}
2019-10-21 23:04:04,502 [main] INFO  server.AbstractConnector (AbstractConnector.java:doStart(278)) - Started ServerConnector@1deceb67{HTTP/1.1,[http/1.1]}{0.0.0.0:42997}
2019-10-21 23:04:04,503 [main] INFO  server.Server (Server.java:doStart(419)) - Started @5264ms
2019-10-21 23:04:04,504 [main] WARN  impl.MetricsSystemImpl (MetricsSystemImpl.java:register(276)) - Sink prometheus already exists!
2019-10-21 23:04:04,506 [main] INFO  server.BaseHttpServer (BaseHttpServer.java:updateConnectorAddress(215)) - HTTP server of HDDSDATANODE is listening at http://0.0.0.0:42997
2019-10-21 23:04:04,507 [main] INFO  impl.MetricsSystemImpl (MetricsSystemImpl.java:init(158)) - HddsDatanode metrics system started (again)
2019-10-21 23:04:04,512 [main] INFO  ozone.HddsDatanodeService (HddsDatanodeService.java:start(184)) - HddsDatanodeService host:pr-hdds-2131-w2fms-3313293055 ip:192.168.69.118
2019-10-21 23:04:04,513 [org.apache.hadoop.util.JvmPauseMonitor$Monitor@61c00c5d] INFO  util.JvmPauseMonitor (JvmPauseMonitor.java:run(188)) - Starting JVM pause monitor
2019-10-21 23:04:04,523 [main] INFO  volume.HddsVolume (HddsVolume.java:<init>(176)) - Creating Volume: /workdir/hadoop-ozone/integration-test/target/test-dir/MiniOzoneClusterImpl-a7a400a2-5f0e-446d-a613-255cd6ec9d67/datanode-1/data/containers/hdds of  storage type : DISK and capacity : 1482555576320
2019-10-21 23:04:04,524 [main] INFO  volume.VolumeSet (VolumeSet.java:initializeVolumeSet(170)) - Added Volume : /workdir/hadoop-ozone/integration-test/target/test-dir/MiniOzoneClusterImpl-a7a400a2-5f0e-446d-a613-255cd6ec9d67/datanode-1/data/containers/hdds to VolumeSet
2019-10-21 23:04:04,524 [main] INFO  volume.ThrottledAsyncChecker (ThrottledAsyncChecker.java:schedule(141)) - Scheduling a check for /workdir/hadoop-ozone/integration-test/target/test-dir/MiniOzoneClusterImpl-a7a400a2-5f0e-446d-a613-255cd6ec9d67/datanode-1/data/containers/hdds
2019-10-21 23:04:04,526 [main] INFO  volume.HddsVolumeChecker (HddsVolumeChecker.java:checkAllVolumes(204)) - Scheduled health check for volume /workdir/hadoop-ozone/integration-test/target/test-dir/MiniOzoneClusterImpl-a7a400a2-5f0e-446d-a613-255cd6ec9d67/datanode-1/data/containers/hdds
2019-10-21 23:04:04,547 [main] INFO  impl.RaftServerProxy (ConfUtils.java:logGet(43)) - raft.rpc.type = GRPC (default)
2019-10-21 23:04:04,547 [main] INFO  grpc.GrpcFactory (GrpcFactory.java:checkPooledByteBufAllocatorUseCacheForAllThreads(45)) - PERFORMANCE WARNING: useCacheForAllThreads is true that may cause Netty to create a lot garbage objects and, as a result, trigger GC.
	It is recommended to disable useCacheForAllThreads by setting -Dorg.apache.ratis.thirdparty.io.netty.allocator.useCacheForAllThreads=false in command line.
2019-10-21 23:04:04,547 [main] INFO  grpc.GrpcConfigKeys$Server (ConfUtils.java:logGet(43)) - raft.grpc.server.port = 0 (default)
2019-10-21 23:04:04,548 [main] INFO  server.GrpcService (ConfUtils.java:logGet(43)) - raft.grpc.message.size.max = 33570816 (custom)
2019-10-21 23:04:04,548 [main] INFO  server.RaftServerConfigKeys (ConfUtils.java:logGet(43)) - raft.server.log.appender.buffer.byte-limit = 33554432 (custom)
2019-10-21 23:04:04,548 [main] INFO  server.GrpcService (ConfUtils.java:logGet(43)) - raft.grpc.flow.control.window = 1MB (=1048576) (default)
2019-10-21 23:04:04,549 [main] INFO  server.RaftServerConfigKeys (ConfUtils.java:logGet(43)) - raft.server.rpc.request.timeout = 3000ms (default)
2019-10-21 23:04:04,549 [main] INFO  server.RaftServerConfigKeys (ConfUtils.java:logGet(43)) - raft.server.storage.dir = [/workdir/hadoop-ozone/integration-test/target/test-dir/MiniOzoneClusterImpl-a7a400a2-5f0e-446d-a613-255cd6ec9d67/datanode-1/data/ratis] (custom)
2019-10-21 23:04:04,552 [main] INFO  hdfs.DFSUtil (DFSUtil.java:httpServerTemplateForNNAndJN(1641)) - Starting Web-server for hddsDatanode at: http://0.0.0.0:0
2019-10-21 23:04:04,554 [main] INFO  server.AuthenticationFilter (AuthenticationFilter.java:constructSecretProvider(240)) - Unable to initialize FileSignerSecretProvider, falling back to use random secrets.
2019-10-21 23:04:04,554 [main] WARN  http.HttpRequestLog (HttpRequestLog.java:getRequestLog(97)) - Jetty request log can only be enabled using Log4j
2019-10-21 23:04:04,556 [main] INFO  http.HttpServer2 (HttpServer2.java:addGlobalFilter(975)) - Added global filter 'safety' (class=org.apache.hadoop.http.HttpServer2$QuotingInputFilter)
2019-10-21 23:04:04,557 [main] INFO  http.HttpServer2 (HttpServer2.java:addFilter(948)) - Added filter static_user_filter (class=org.apache.hadoop.http.lib.StaticUserWebFilter$StaticUserFilter) to context hddsDatanode
2019-10-21 23:04:04,558 [main] INFO  http.HttpServer2 (HttpServer2.java:addFilter(958)) - Added filter static_user_filter (class=org.apache.hadoop.http.lib.StaticUserWebFilter$StaticUserFilter) to context logs
2019-10-21 23:04:04,558 [main] INFO  http.HttpServer2 (HttpServer2.java:addFilter(958)) - Added filter static_user_filter (class=org.apache.hadoop.http.lib.StaticUserWebFilter$StaticUserFilter) to context static
2019-10-21 23:04:04,559 [main] INFO  http.HttpServer2 (HttpServer2.java:bindListener(1191)) - Jetty bound to port 41829
2019-10-21 23:04:04,559 [main] INFO  server.Server (Server.java:doStart(351)) - jetty-9.3.25.v20180904, build timestamp: 2018-09-04T21:11:46Z, git hash: 3ce520221d0240229c862b122d2b06c12a625732
2019-10-21 23:04:04,562 [main] INFO  handler.ContextHandler (ContextHandler.java:doStart(781)) - Started o.e.j.s.ServletContextHandler@5e65afb6{/logs,file:///workdir/hadoop-ozone/integration-test/target/log,AVAILABLE}
2019-10-21 23:04:04,563 [main] INFO  handler.ContextHandler (ContextHandler.java:doStart(781)) - Started o.e.j.s.ServletContextHandler@8851ce1{/static,jar:file:/home/user/.m2/repository/org/apache/hadoop/hadoop-hdds-container-service/0.5.0-SNAPSHOT/hadoop-hdds-container-service-0.5.0-SNAPSHOT.jar!/webapps/static,AVAILABLE}
2019-10-21 23:04:04,597 [main] INFO  handler.ContextHandler (ContextHandler.java:doStart(781)) - Started o.e.j.w.WebAppContext@7a0ef219{/,file:///tmp/jetty-0.0.0.0-41829-hddsDatanode-_-any-7519362799873950283.dir/webapp/,AVAILABLE}{/hddsDatanode}
2019-10-21 23:04:04,598 [main] INFO  server.AbstractConnector (AbstractConnector.java:doStart(278)) - Started ServerConnector@1b1f5012{HTTP/1.1,[http/1.1]}{0.0.0.0:41829}
2019-10-21 23:04:04,598 [main] INFO  server.Server (Server.java:doStart(419)) - Started @5360ms
2019-10-21 23:04:04,599 [main] WARN  impl.MetricsSystemImpl (MetricsSystemImpl.java:register(276)) - Sink prometheus already exists!
2019-10-21 23:04:04,600 [main] INFO  server.BaseHttpServer (BaseHttpServer.java:updateConnectorAddress(215)) - HTTP server of HDDSDATANODE is listening at http://0.0.0.0:41829
2019-10-21 23:04:04,601 [main] INFO  impl.MetricsSystemImpl (MetricsSystemImpl.java:init(158)) - HddsDatanode metrics system started (again)
2019-10-21 23:04:04,604 [main] INFO  ozone.HddsDatanodeService (HddsDatanodeService.java:start(184)) - HddsDatanodeService host:pr-hdds-2131-w2fms-3313293055 ip:192.168.69.118
2019-10-21 23:04:04,605 [org.apache.hadoop.util.JvmPauseMonitor$Monitor@166fd044] INFO  util.JvmPauseMonitor (JvmPauseMonitor.java:run(188)) - Starting JVM pause monitor
2019-10-21 23:04:04,613 [main] INFO  volume.HddsVolume (HddsVolume.java:<init>(176)) - Creating Volume: /workdir/hadoop-ozone/integration-test/target/test-dir/MiniOzoneClusterImpl-a7a400a2-5f0e-446d-a613-255cd6ec9d67/datanode-2/data/containers/hdds of  storage type : DISK and capacity : 1482555576320
2019-10-21 23:04:04,614 [main] INFO  volume.VolumeSet (VolumeSet.java:initializeVolumeSet(170)) - Added Volume : /workdir/hadoop-ozone/integration-test/target/test-dir/MiniOzoneClusterImpl-a7a400a2-5f0e-446d-a613-255cd6ec9d67/datanode-2/data/containers/hdds to VolumeSet
2019-10-21 23:04:04,614 [main] INFO  volume.ThrottledAsyncChecker (ThrottledAsyncChecker.java:schedule(141)) - Scheduling a check for /workdir/hadoop-ozone/integration-test/target/test-dir/MiniOzoneClusterImpl-a7a400a2-5f0e-446d-a613-255cd6ec9d67/datanode-2/data/containers/hdds
2019-10-21 23:04:04,615 [main] INFO  volume.HddsVolumeChecker (HddsVolumeChecker.java:checkAllVolumes(204)) - Scheduled health check for volume /workdir/hadoop-ozone/integration-test/target/test-dir/MiniOzoneClusterImpl-a7a400a2-5f0e-446d-a613-255cd6ec9d67/datanode-2/data/containers/hdds
2019-10-21 23:04:04,633 [Datanode State Machine Thread - 0] INFO  datanode.InitDatanodeState (InitDatanodeState.java:persistContainerDatanodeDetails(140)) - DatanodeDetails is persisted to /workdir/hadoop-ozone/integration-test/target/test-dir/MiniOzoneClusterImpl-a7a400a2-5f0e-446d-a613-255cd6ec9d67/datanode-0/meta/datanode.id
2019-10-21 23:04:04,639 [main] INFO  impl.RaftServerProxy (ConfUtils.java:logGet(43)) - raft.rpc.type = GRPC (default)
2019-10-21 23:04:04,639 [main] INFO  grpc.GrpcFactory (GrpcFactory.java:checkPooledByteBufAllocatorUseCacheForAllThreads(45)) - PERFORMANCE WARNING: useCacheForAllThreads is true that may cause Netty to create a lot garbage objects and, as a result, trigger GC.
	It is recommended to disable useCacheForAllThreads by setting -Dorg.apache.ratis.thirdparty.io.netty.allocator.useCacheForAllThreads=false in command line.
2019-10-21 23:04:04,639 [main] INFO  grpc.GrpcConfigKeys$Server (ConfUtils.java:logGet(43)) - raft.grpc.server.port = 0 (default)
2019-10-21 23:04:04,639 [main] INFO  server.GrpcService (ConfUtils.java:logGet(43)) - raft.grpc.message.size.max = 33570816 (custom)
2019-10-21 23:04:04,640 [main] INFO  server.RaftServerConfigKeys (ConfUtils.java:logGet(43)) - raft.server.log.appender.buffer.byte-limit = 33554432 (custom)
2019-10-21 23:04:04,640 [main] INFO  server.GrpcService (ConfUtils.java:logGet(43)) - raft.grpc.flow.control.window = 1MB (=1048576) (default)
2019-10-21 23:04:04,640 [Datanode State Machine Thread - 0] INFO  datanode.InitDatanodeState (InitDatanodeState.java:persistContainerDatanodeDetails(140)) - DatanodeDetails is persisted to /workdir/hadoop-ozone/integration-test/target/test-dir/MiniOzoneClusterImpl-a7a400a2-5f0e-446d-a613-255cd6ec9d67/datanode-1/meta/datanode.id
2019-10-21 23:04:04,640 [main] INFO  server.RaftServerConfigKeys (ConfUtils.java:logGet(43)) - raft.server.rpc.request.timeout = 3000ms (default)
2019-10-21 23:04:04,641 [main] INFO  server.RaftServerConfigKeys (ConfUtils.java:logGet(43)) - raft.server.storage.dir = [/workdir/hadoop-ozone/integration-test/target/test-dir/MiniOzoneClusterImpl-a7a400a2-5f0e-446d-a613-255cd6ec9d67/datanode-2/data/ratis] (custom)
2019-10-21 23:04:04,643 [main] INFO  hdfs.DFSUtil (DFSUtil.java:httpServerTemplateForNNAndJN(1641)) - Starting Web-server for hddsDatanode at: http://0.0.0.0:0
2019-10-21 23:04:04,645 [main] INFO  server.AuthenticationFilter (AuthenticationFilter.java:constructSecretProvider(240)) - Unable to initialize FileSignerSecretProvider, falling back to use random secrets.
2019-10-21 23:04:04,645 [main] WARN  http.HttpRequestLog (HttpRequestLog.java:getRequestLog(97)) - Jetty request log can only be enabled using Log4j
2019-10-21 23:04:04,647 [main] INFO  http.HttpServer2 (HttpServer2.java:addGlobalFilter(975)) - Added global filter 'safety' (class=org.apache.hadoop.http.HttpServer2$QuotingInputFilter)
2019-10-21 23:04:04,648 [main] INFO  http.HttpServer2 (HttpServer2.java:addFilter(948)) - Added filter static_user_filter (class=org.apache.hadoop.http.lib.StaticUserWebFilter$StaticUserFilter) to context hddsDatanode
2019-10-21 23:04:04,648 [main] INFO  http.HttpServer2 (HttpServer2.java:addFilter(958)) - Added filter static_user_filter (class=org.apache.hadoop.http.lib.StaticUserWebFilter$StaticUserFilter) to context logs
2019-10-21 23:04:04,648 [main] INFO  http.HttpServer2 (HttpServer2.java:addFilter(958)) - Added filter static_user_filter (class=org.apache.hadoop.http.lib.StaticUserWebFilter$StaticUserFilter) to context static
2019-10-21 23:04:04,649 [main] INFO  http.HttpServer2 (HttpServer2.java:bindListener(1191)) - Jetty bound to port 45674
2019-10-21 23:04:04,649 [main] INFO  server.Server (Server.java:doStart(351)) - jetty-9.3.25.v20180904, build timestamp: 2018-09-04T21:11:46Z, git hash: 3ce520221d0240229c862b122d2b06c12a625732
2019-10-21 23:04:04,651 [main] INFO  handler.ContextHandler (ContextHandler.java:doStart(781)) - Started o.e.j.s.ServletContextHandler@6069dd38{/logs,file:///workdir/hadoop-ozone/integration-test/target/log,AVAILABLE}
2019-10-21 23:04:04,652 [main] INFO  handler.ContextHandler (ContextHandler.java:doStart(781)) - Started o.e.j.s.ServletContextHandler@558756be{/static,jar:file:/home/user/.m2/repository/org/apache/hadoop/hadoop-hdds-container-service/0.5.0-SNAPSHOT/hadoop-hdds-container-service-0.5.0-SNAPSHOT.jar!/webapps/static,AVAILABLE}
2019-10-21 23:04:04,682 [main] INFO  handler.ContextHandler (ContextHandler.java:doStart(781)) - Started o.e.j.w.WebAppContext@54e3658c{/,file:///tmp/jetty-0.0.0.0-45674-hddsDatanode-_-any-1155837886403391933.dir/webapp/,AVAILABLE}{/hddsDatanode}
2019-10-21 23:04:04,683 [main] INFO  server.AbstractConnector (AbstractConnector.java:doStart(278)) - Started ServerConnector@43e9089{HTTP/1.1,[http/1.1]}{0.0.0.0:45674}
2019-10-21 23:04:04,683 [main] INFO  server.Server (Server.java:doStart(419)) - Started @5445ms
2019-10-21 23:04:04,684 [main] WARN  impl.MetricsSystemImpl (MetricsSystemImpl.java:register(276)) - Sink prometheus already exists!
2019-10-21 23:04:04,686 [main] INFO  server.BaseHttpServer (BaseHttpServer.java:updateConnectorAddress(215)) - HTTP server of HDDSDATANODE is listening at http://0.0.0.0:45674
2019-10-21 23:04:04,687 [main] INFO  ozone.MiniOzoneClusterImpl (MiniOzoneClusterImpl.java:lambda$waitForClusterToBeReady$0(147)) - Waiting for cluster to be ready. Got 0 of 3 DN Heartbeats.
2019-10-21 23:04:04,688 [org.apache.hadoop.util.JvmPauseMonitor$Monitor@6bdf36b4] INFO  util.JvmPauseMonitor (JvmPauseMonitor.java:run(188)) - Starting JVM pause monitor
2019-10-21 23:04:04,692 [Datanode State Machine Thread - 0] INFO  datanode.InitDatanodeState (InitDatanodeState.java:persistContainerDatanodeDetails(140)) - DatanodeDetails is persisted to /workdir/hadoop-ozone/integration-test/target/test-dir/MiniOzoneClusterImpl-a7a400a2-5f0e-446d-a613-255cd6ec9d67/datanode-2/meta/datanode.id
2019-10-21 23:04:05,688 [main] INFO  ozone.MiniOzoneClusterImpl (MiniOzoneClusterImpl.java:lambda$waitForClusterToBeReady$0(147)) - Waiting for cluster to be ready. Got 0 of 3 DN Heartbeats.
2019-10-21 23:04:06,584 [Datanode State Machine Thread - 0] INFO  ozoneimpl.OzoneContainer (OzoneContainer.java:start(213)) - Attempting to start container services.
2019-10-21 23:04:06,587 [Datanode State Machine Thread - 0] INFO  ozoneimpl.OzoneContainer (OzoneContainer.java:startContainerScrub(177)) - Background container scanner has been disabled.
2019-10-21 23:04:06,587 [Datanode State Machine Thread - 0] INFO  ratis.XceiverServerRatis (XceiverServerRatis.java:start(418)) - Starting XceiverServerRatis 8e5ceb90-17c7-416d-ba3b-e9af83490bf4 at port 0
2019-10-21 23:04:06,612 [Datanode State Machine Thread - 0] INFO  impl.RaftServerProxy (RaftServerProxy.java:lambda$start$3(299)) - 8e5ceb90-17c7-416d-ba3b-e9af83490bf4: start RPC server
2019-10-21 23:04:06,625 [Datanode State Machine Thread - 0] INFO  ozoneimpl.OzoneContainer (OzoneContainer.java:start(213)) - Attempting to start container services.
2019-10-21 23:04:06,630 [Datanode State Machine Thread - 0] INFO  ozoneimpl.OzoneContainer (OzoneContainer.java:startContainerScrub(177)) - Background container scanner has been disabled.
2019-10-21 23:04:06,630 [Datanode State Machine Thread - 0] INFO  ratis.XceiverServerRatis (XceiverServerRatis.java:start(418)) - Starting XceiverServerRatis 2c02d436-c6f2-4204-8248-e3d2779a79c3 at port 0
2019-10-21 23:04:06,642 [Datanode State Machine Thread - 0] INFO  impl.RaftServerProxy (RaftServerProxy.java:lambda$start$3(299)) - 2c02d436-c6f2-4204-8248-e3d2779a79c3: start RPC server
2019-10-21 23:04:06,688 [main] INFO  ozone.MiniOzoneClusterImpl (MiniOzoneClusterImpl.java:lambda$waitForClusterToBeReady$0(147)) - Waiting for cluster to be ready. Got 0 of 3 DN Heartbeats.
2019-10-21 23:04:06,705 [Datanode State Machine Thread - 0] INFO  ozoneimpl.OzoneContainer (OzoneContainer.java:start(213)) - Attempting to start container services.
2019-10-21 23:04:06,706 [Datanode State Machine Thread - 0] INFO  ozoneimpl.OzoneContainer (OzoneContainer.java:startContainerScrub(177)) - Background container scanner has been disabled.
2019-10-21 23:04:06,707 [Datanode State Machine Thread - 0] INFO  ratis.XceiverServerRatis (XceiverServerRatis.java:start(418)) - Starting XceiverServerRatis 95f8ce0c-61f1-45b1-a4e7-5b97bbfe9a5b at port 0
2019-10-21 23:04:06,717 [Datanode State Machine Thread - 0] INFO  impl.RaftServerProxy (RaftServerProxy.java:lambda$start$3(299)) - 95f8ce0c-61f1-45b1-a4e7-5b97bbfe9a5b: start RPC server
2019-10-21 23:04:06,760 [Datanode State Machine Thread - 0] INFO  server.GrpcService (GrpcService.java:startImpl(158)) - 8e5ceb90-17c7-416d-ba3b-e9af83490bf4: GrpcService started, listening on 0.0.0.0/0.0.0.0:43663
2019-10-21 23:04:06,760 [Datanode State Machine Thread - 0] INFO  server.GrpcService (GrpcService.java:startImpl(158)) - 95f8ce0c-61f1-45b1-a4e7-5b97bbfe9a5b: GrpcService started, listening on 0.0.0.0/0.0.0.0:45158
2019-10-21 23:04:06,760 [Datanode State Machine Thread - 0] INFO  server.GrpcService (GrpcService.java:startImpl(158)) - 2c02d436-c6f2-4204-8248-e3d2779a79c3: GrpcService started, listening on 0.0.0.0/0.0.0.0:45342
2019-10-21 23:04:06,761 [Datanode State Machine Thread - 0] INFO  ratis.XceiverServerRatis (XceiverServerRatis.java:start(428)) - XceiverServerRatis 95f8ce0c-61f1-45b1-a4e7-5b97bbfe9a5b is started using port 45158
2019-10-21 23:04:06,761 [Datanode State Machine Thread - 0] INFO  ratis.XceiverServerRatis (XceiverServerRatis.java:start(428)) - XceiverServerRatis 8e5ceb90-17c7-416d-ba3b-e9af83490bf4 is started using port 43663
2019-10-21 23:04:06,761 [Datanode State Machine Thread - 0] INFO  ratis.XceiverServerRatis (XceiverServerRatis.java:start(428)) - XceiverServerRatis 2c02d436-c6f2-4204-8248-e3d2779a79c3 is started using port 45342
2019-10-21 23:04:06,765 [Datanode State Machine Thread - 0] INFO  server.XceiverServerGrpc (XceiverServerGrpc.java:start(149)) - XceiverServerGrpc 8e5ceb90-17c7-416d-ba3b-e9af83490bf4 is started using port 37027
2019-10-21 23:04:06,766 [Datanode State Machine Thread - 0] INFO  server.XceiverServerGrpc (XceiverServerGrpc.java:start(149)) - XceiverServerGrpc 95f8ce0c-61f1-45b1-a4e7-5b97bbfe9a5b is started using port 34355
2019-10-21 23:04:06,765 [Datanode State Machine Thread - 0] INFO  server.XceiverServerGrpc (XceiverServerGrpc.java:start(149)) - XceiverServerGrpc 2c02d436-c6f2-4204-8248-e3d2779a79c3 is started using port 38621
2019-10-21 23:04:07,689 [main] INFO  ozone.MiniOzoneClusterImpl (MiniOzoneClusterImpl.java:lambda$waitForClusterToBeReady$0(147)) - Waiting for cluster to be ready. Got 0 of 3 DN Heartbeats.
2019-10-21 23:04:08,548 [IPC Server handler 0 on 36732] INFO  net.NetworkTopology (NetworkTopologyImpl.java:add(111)) - Added a new node: /default-rack/8e5ceb90-17c7-416d-ba3b-e9af83490bf4
2019-10-21 23:04:08,549 [IPC Server handler 0 on 36732] INFO  node.SCMNodeManager (SCMNodeManager.java:register(268)) - Registered Data node : 8e5ceb90-17c7-416d-ba3b-e9af83490bf4{ip: 192.168.69.118, host: pr-hdds-2131-w2fms-3313293055, networkLocation: /default-rack, certSerialId: null}
2019-10-21 23:04:08,552 [EventQueue-NodeRegistrationContainerReportForDataNodeSafeModeRule] INFO  safemode.SCMSafeModeManager (DataNodeSafeModeRule.java:process(71)) - SCM in safe mode. 1 DataNodes registered, 1 required.
2019-10-21 23:04:08,553 [EventQueue-NodeRegistrationContainerReportForDataNodeSafeModeRule] INFO  safemode.SCMSafeModeManager (SCMSafeModeManager.java:validateSafeModeExitRules(177)) - ScmSafeModeManager, all rules are successfully validated
2019-10-21 23:04:08,553 [EventQueue-NodeRegistrationContainerReportForDataNodeSafeModeRule] INFO  safemode.SCMSafeModeManager (SCMSafeModeManager.java:exitSafeMode(193)) - SCM exiting safe mode.
2019-10-21 23:04:08,612 [IPC Server handler 1 on 36732] INFO  net.NetworkTopology (NetworkTopologyImpl.java:add(111)) - Added a new node: /default-rack/2c02d436-c6f2-4204-8248-e3d2779a79c3
2019-10-21 23:04:08,613 [IPC Server handler 1 on 36732] INFO  node.SCMNodeManager (SCMNodeManager.java:register(268)) - Registered Data node : 2c02d436-c6f2-4204-8248-e3d2779a79c3{ip: 192.168.69.118, host: pr-hdds-2131-w2fms-3313293055, networkLocation: /default-rack, certSerialId: null}
2019-10-21 23:04:08,689 [main] INFO  ozone.MiniOzoneClusterImpl (MiniOzoneClusterImpl.java:lambda$waitForClusterToBeReady$0(147)) - Waiting for cluster to be ready. Got 2 of 3 DN Heartbeats.
2019-10-21 23:04:08,692 [IPC Server handler 2 on 36732] INFO  net.NetworkTopology (NetworkTopologyImpl.java:add(111)) - Added a new node: /default-rack/95f8ce0c-61f1-45b1-a4e7-5b97bbfe9a5b
2019-10-21 23:04:08,692 [IPC Server handler 2 on 36732] INFO  node.SCMNodeManager (SCMNodeManager.java:register(268)) - Registered Data node : 95f8ce0c-61f1-45b1-a4e7-5b97bbfe9a5b{ip: 192.168.69.118, host: pr-hdds-2131-w2fms-3313293055, networkLocation: /default-rack, certSerialId: null}
2019-10-21 23:04:09,047 [grpc-default-executor-0] INFO  impl.RaftServerProxy (RaftServerProxy.java:addNew(89)) - 8e5ceb90-17c7-416d-ba3b-e9af83490bf4: addNew group-B674AE6B1A89:[8e5ceb90-17c7-416d-ba3b-e9af83490bf4:192.168.69.118:43663] returns group-B674AE6B1A89:java.util.concurrent.CompletableFuture@44cb9568[Not completed]
2019-10-21 23:04:09,060 [pool-27-thread-1] INFO  impl.RaftServerImpl (RaftServerImpl.java:<init>(104)) - 8e5ceb90-17c7-416d-ba3b-e9af83490bf4: new RaftServerImpl for group-B674AE6B1A89:[8e5ceb90-17c7-416d-ba3b-e9af83490bf4:192.168.69.118:43663] with ContainerStateMachine:uninitialized
2019-10-21 23:04:09,063 [pool-27-thread-1] INFO  server.RaftServerConfigKeys (ConfUtils.java:logGet(43)) - raft.server.rpc.timeout.min = 5s (custom)
2019-10-21 23:04:09,063 [pool-27-thread-1] INFO  server.RaftServerConfigKeys (ConfUtils.java:logGet(43)) - raft.server.rpc.timeout.max = 5200ms (custom)
2019-10-21 23:04:09,064 [pool-27-thread-1] INFO  server.RaftServerConfigKeys (ConfUtils.java:logGet(43)) - raft.server.rpcslowness.timeout = 1000s (custom)
2019-10-21 23:04:09,064 [pool-27-thread-1] INFO  server.RaftServerConfigKeys (ConfUtils.java:logGet(43)) - raft.server.sleep.deviation.threshold = 300 (default)
2019-10-21 23:04:09,065 [pool-27-thread-1] INFO  server.RaftServerConfigKeys (ConfUtils.java:logGet(43)) - raft.server.log.appender.install.snapshot.enabled = false (custom)
2019-10-21 23:04:09,073 [pool-27-thread-1] INFO  impl.RaftServerImpl (ServerState.java:<init>(103)) - 8e5ceb90-17c7-416d-ba3b-e9af83490bf4@group-B674AE6B1A89: ConfigurationManager, init=-1: [8e5ceb90-17c7-416d-ba3b-e9af83490bf4:192.168.69.118:43663], old=null, confs=<EMPTY_MAP>
2019-10-21 23:04:09,073 [pool-27-thread-1] INFO  server.RaftServerConfigKeys (ConfUtils.java:logGet(43)) - raft.server.storage.dir = [/workdir/hadoop-ozone/integration-test/target/test-dir/MiniOzoneClusterImpl-a7a400a2-5f0e-446d-a613-255cd6ec9d67/datanode-0/data/ratis] (custom)
2019-10-21 23:04:09,079 [pool-27-thread-1] INFO  server.RaftServerConfigKeys (ConfUtils.java:logGet(43)) - raft.server.log.corruption.policy = EXCEPTION (default)
2019-10-21 23:04:09,081 [pool-27-thread-1] INFO  storage.RaftStorageDirectory (RaftStorageDirectory.java:analyzeStorage(246)) - The storage directory /workdir/hadoop-ozone/integration-test/target/test-dir/MiniOzoneClusterImpl-a7a400a2-5f0e-446d-a613-255cd6ec9d67/datanode-0/data/ratis/788d85b3-f01e-43ee-81de-b674ae6b1a89 does not exist. Creating ...
2019-10-21 23:04:09,099 [pool-27-thread-1] INFO  storage.RaftStorageDirectory (RaftStorageDirectory.java:tryLock(328)) - Lock on /workdir/hadoop-ozone/integration-test/target/test-dir/MiniOzoneClusterImpl-a7a400a2-5f0e-446d-a613-255cd6ec9d67/datanode-0/data/ratis/788d85b3-f01e-43ee-81de-b674ae6b1a89/in_use.lock acquired by nodename 27539@pr-hdds-2131-w2fms-3313293055
2019-10-21 23:04:09,114 [pool-27-thread-1] INFO  storage.RaftStorage (RaftStorage.java:format(84)) - Storage directory /workdir/hadoop-ozone/integration-test/target/test-dir/MiniOzoneClusterImpl-a7a400a2-5f0e-446d-a613-255cd6ec9d67/datanode-0/data/ratis/788d85b3-f01e-43ee-81de-b674ae6b1a89 has been successfully formatted.
2019-10-21 23:04:09,116 [pool-27-thread-1] INFO  ratis.ContainerStateMachine (ContainerStateMachine.java:loadSnapshot(231)) - group-B674AE6B1A89: The snapshot info is null. Setting the last applied indexto:(t:0, i:~)
2019-10-21 23:04:09,116 [pool-27-thread-1] INFO  server.RaftServerConfigKeys (ConfUtils.java:logGet(43)) - raft.server.notification.no-leader.timeout = 1000s (custom)
2019-10-21 23:04:09,118 [pool-27-thread-1] INFO  server.RaftServerConfigKeys (ConfUtils.java:logGet(43)) - raft.server.log.use.memory = false (default)
2019-10-21 23:04:09,123 [pool-27-thread-1] INFO  server.RaftServerConfigKeys (ConfUtils.java:logGet(43)) - raft.server.log.purge.gap = 1000000 (custom)
2019-10-21 23:04:09,123 [pool-27-thread-1] INFO  server.RaftServerConfigKeys (ConfUtils.java:logGet(43)) - raft.server.log.appender.buffer.byte-limit = 33554432 (custom)
2019-10-21 23:04:09,125 [pool-27-thread-1] INFO  server.RaftServerConfigKeys (ConfUtils.java:logGet(43)) - raft.server.log.segment.size.max = 1048576 (custom)
2019-10-21 23:04:09,127 [pool-27-thread-1] INFO  impl.MetricsSystemImpl (MetricsSystemImpl.java:init(158)) - ratis metrics system started (again)
2019-10-21 23:04:09,131 [pool-27-thread-1] INFO  metrics.MetricRegistries (MetricRegistriesLoader.java:load(64)) - Loaded MetricRegistries class org.apache.ratis.metrics.impl.MetricRegistriesImpl
2019-10-21 23:04:09,163 [pool-27-thread-1] INFO  server.RaftServerConfigKeys (ConfUtils.java:logGet(43)) - raft.server.log.segment.cache.num.max = 2 (custom)
2019-10-21 23:04:09,168 [pool-27-thread-1] INFO  segmented.SegmentedRaftLogWorker (SegmentedRaftLogWorker.java:<init>(173)) - new 8e5ceb90-17c7-416d-ba3b-e9af83490bf4@group-B674AE6B1A89-SegmentedRaftLogWorker for RaftStorage:Storage Directory /workdir/hadoop-ozone/integration-test/target/test-dir/MiniOzoneClusterImpl-a7a400a2-5f0e-446d-a613-255cd6ec9d67/datanode-0/data/ratis/788d85b3-f01e-43ee-81de-b674ae6b1a89
2019-10-21 23:04:09,168 [pool-27-thread-1] INFO  server.RaftServerConfigKeys (ConfUtils.java:logGet(43)) - raft.server.log.queue.byte-limit = 2147483647 (custom)
2019-10-21 23:04:09,169 [pool-27-thread-1] INFO  server.RaftServerConfigKeys (ConfUtils.java:logGet(43)) - raft.server.log.queue.element-limit = 1024 (custom)
2019-10-21 23:04:09,170 [pool-27-thread-1] INFO  server.RaftServerConfigKeys (ConfUtils.java:logGet(43)) - raft.server.log.segment.size.max = 1048576 (custom)
2019-10-21 23:04:09,170 [pool-27-thread-1] INFO  server.RaftServerConfigKeys (ConfUtils.java:logGet(43)) - raft.server.log.preallocated.size = 16384 (custom)
2019-10-21 23:04:09,171 [pool-27-thread-1] INFO  server.RaftServerConfigKeys (ConfUtils.java:logGet(43)) - raft.server.log.write.buffer.size = 33554432 (custom)
2019-10-21 23:04:09,171 [pool-27-thread-1] INFO  server.RaftServerConfigKeys (ConfUtils.java:logGet(43)) - raft.server.log.force.sync.num = 128 (default)
2019-10-21 23:04:09,172 [pool-27-thread-1] INFO  server.RaftServerConfigKeys (ConfUtils.java:logGet(43)) - raft.server.log.statemachine.data.sync = true (default)
2019-10-21 23:04:09,172 [pool-27-thread-1] INFO  server.RaftServerConfigKeys (ConfUtils.java:logGet(43)) - raft.server.log.statemachine.data.sync.timeout = 10s (default)
2019-10-21 23:04:09,173 [pool-27-thread-1] INFO  server.RaftServerConfigKeys (ConfUtils.java:logGet(43)) - raft.server.log.statemachine.data.sync.timeout.retry = -1 (default)
2019-10-21 23:04:09,183 [pool-27-thread-1] INFO  server.RaftServerConfigKeys (ConfUtils.java:logGet(43)) - raft.server.log.statemachine.data.caching.enabled = true (custom)
2019-10-21 23:04:09,188 [pool-27-thread-1] INFO  segmented.SegmentedRaftLogWorker (SegmentedRaftLogWorker.java:lambda$new$0(128)) - 8e5ceb90-17c7-416d-ba3b-e9af83490bf4@group-B674AE6B1A89-SegmentedRaftLogWorker: flushIndex: setUnconditionally 0 -> -1
2019-10-21 23:04:09,192 [pool-27-thread-1] INFO  server.RaftServerConfigKeys (ConfUtils.java:logGet(43)) - raft.server.snapshot.auto.trigger.enabled = true (custom)
2019-10-21 23:04:09,193 [pool-27-thread-1] INFO  server.RaftServerConfigKeys (ConfUtils.java:logGet(43)) - raft.server.snapshot.auto.trigger.threshold = 10000 (custom)
2019-10-21 23:04:09,193 [pool-27-thread-1] INFO  server.RaftServerConfigKeys (ConfUtils.java:logGet(43)) - raft.server.snapshot.retention.file.num = 5 (custom)
2019-10-21 23:04:09,194 [pool-27-thread-1] INFO  server.RaftServerConfigKeys (ConfUtils.java:logGet(43)) - raft.server.retrycache.expirytime = 600000ms (custom)
2019-10-21 23:04:09,221 [pool-27-thread-1] INFO  impl.RaftServerImpl (RaftServerImpl.java:start(195)) - 8e5ceb90-17c7-416d-ba3b-e9af83490bf4@group-B674AE6B1A89: start as a follower, conf=-1: [8e5ceb90-17c7-416d-ba3b-e9af83490bf4:192.168.69.118:43663], old=null
2019-10-21 23:04:09,222 [pool-27-thread-1] INFO  impl.RaftServerImpl (RaftServerImpl.java:setRole(184)) - 8e5ceb90-17c7-416d-ba3b-e9af83490bf4@group-B674AE6B1A89: changes role from      null to FOLLOWER at term 0 for startAsFollower
2019-10-21 23:04:09,223 [pool-27-thread-1] INFO  impl.RoleInfo (RoleInfo.java:updateAndGet(143)) - 8e5ceb90-17c7-416d-ba3b-e9af83490bf4: start FollowerState
2019-10-21 23:04:09,224 [pool-27-thread-1] INFO  util.JmxRegister (JmxRegister.java:tryRegister(44)) - Successfully registered JMX Bean with object name Ratis:service=RaftServer,group=group-B674AE6B1A89,id=8e5ceb90-17c7-416d-ba3b-e9af83490bf4
2019-10-21 23:04:09,284 [RatisPipelineUtilsThread] INFO  pipeline.PipelineStateManager (PipelineStateManager.java:addPipeline(56)) - Created pipeline Pipeline[ Id: 788d85b3-f01e-43ee-81de-b674ae6b1a89, Nodes: 8e5ceb90-17c7-416d-ba3b-e9af83490bf4{ip: 192.168.69.118, host: pr-hdds-2131-w2fms-3313293055, networkLocation: /default-rack, certSerialId: null}, Type:RATIS, Factor:ONE, State:OPEN]
2019-10-21 23:04:09,301 [grpc-default-executor-0] INFO  impl.RaftServerProxy (RaftServerProxy.java:addNew(89)) - 2c02d436-c6f2-4204-8248-e3d2779a79c3: addNew group-6BB505043614:[2c02d436-c6f2-4204-8248-e3d2779a79c3:192.168.69.118:45342] returns group-6BB505043614:java.util.concurrent.CompletableFuture@11422fa7[Not completed]
2019-10-21 23:04:09,325 [pool-37-thread-1] INFO  impl.RaftServerImpl (RaftServerImpl.java:<init>(104)) - 2c02d436-c6f2-4204-8248-e3d2779a79c3: new RaftServerImpl for group-6BB505043614:[2c02d436-c6f2-4204-8248-e3d2779a79c3:192.168.69.118:45342] with ContainerStateMachine:uninitialized
2019-10-21 23:04:09,326 [pool-37-thread-1] INFO  server.RaftServerConfigKeys (ConfUtils.java:logGet(43)) - raft.server.rpc.timeout.min = 5s (custom)
2019-10-21 23:04:09,326 [pool-37-thread-1] INFO  server.RaftServerConfigKeys (ConfUtils.java:logGet(43)) - raft.server.rpc.timeout.max = 5200ms (custom)
2019-10-21 23:04:09,326 [pool-37-thread-1] INFO  server.RaftServerConfigKeys (ConfUtils.java:logGet(43)) - raft.server.rpcslowness.timeout = 1000s (custom)
2019-10-21 23:04:09,326 [pool-37-thread-1] INFO  server.RaftServerConfigKeys (ConfUtils.java:logGet(43)) - raft.server.sleep.deviation.threshold = 300 (default)
2019-10-21 23:04:09,327 [pool-37-thread-1] INFO  server.RaftServerConfigKeys (ConfUtils.java:logGet(43)) - raft.server.log.appender.install.snapshot.enabled = false (custom)
2019-10-21 23:04:09,327 [pool-37-thread-1] INFO  impl.RaftServerImpl (ServerState.java:<init>(103)) - 2c02d436-c6f2-4204-8248-e3d2779a79c3@group-6BB505043614: ConfigurationManager, init=-1: [2c02d436-c6f2-4204-8248-e3d2779a79c3:192.168.69.118:45342], old=null, confs=<EMPTY_MAP>
2019-10-21 23:04:09,327 [pool-37-thread-1] INFO  server.RaftServerConfigKeys (ConfUtils.java:logGet(43)) - raft.server.storage.dir = [/workdir/hadoop-ozone/integration-test/target/test-dir/MiniOzoneClusterImpl-a7a400a2-5f0e-446d-a613-255cd6ec9d67/datanode-1/data/ratis] (custom)
2019-10-21 23:04:09,327 [pool-37-thread-1] INFO  server.RaftServerConfigKeys (ConfUtils.java:logGet(43)) - raft.server.log.corruption.policy = EXCEPTION (default)
2019-10-21 23:04:09,327 [pool-37-thread-1] INFO  storage.RaftStorageDirectory (RaftStorageDirectory.java:analyzeStorage(246)) - The storage directory /workdir/hadoop-ozone/integration-test/target/test-dir/MiniOzoneClusterImpl-a7a400a2-5f0e-446d-a613-255cd6ec9d67/datanode-1/data/ratis/b4aae664-47b0-4017-ada1-6bb505043614 does not exist. Creating ...
2019-10-21 23:04:09,342 [pool-37-thread-1] INFO  storage.RaftStorageDirectory (RaftStorageDirectory.java:tryLock(328)) - Lock on /workdir/hadoop-ozone/integration-test/target/test-dir/MiniOzoneClusterImpl-a7a400a2-5f0e-446d-a613-255cd6ec9d67/datanode-1/data/ratis/b4aae664-47b0-4017-ada1-6bb505043614/in_use.lock acquired by nodename 27539@pr-hdds-2131-w2fms-3313293055
2019-10-21 23:04:09,355 [pool-37-thread-1] INFO  storage.RaftStorage (RaftStorage.java:format(84)) - Storage directory /workdir/hadoop-ozone/integration-test/target/test-dir/MiniOzoneClusterImpl-a7a400a2-5f0e-446d-a613-255cd6ec9d67/datanode-1/data/ratis/b4aae664-47b0-4017-ada1-6bb505043614 has been successfully formatted.
2019-10-21 23:04:09,357 [pool-37-thread-1] INFO  ratis.ContainerStateMachine (ContainerStateMachine.java:loadSnapshot(231)) - group-6BB505043614: The snapshot info is null. Setting the last applied indexto:(t:0, i:~)
2019-10-21 23:04:09,357 [pool-37-thread-1] INFO  server.RaftServerConfigKeys (ConfUtils.java:logGet(43)) - raft.server.notification.no-leader.timeout = 1000s (custom)
2019-10-21 23:04:09,358 [pool-37-thread-1] INFO  server.RaftServerConfigKeys (ConfUtils.java:logGet(43)) - raft.server.log.use.memory = false (default)
2019-10-21 23:04:09,358 [pool-37-thread-1] INFO  server.RaftServerConfigKeys (ConfUtils.java:logGet(43)) - raft.server.log.purge.gap = 1000000 (custom)
2019-10-21 23:04:09,358 [pool-37-thread-1] INFO  server.RaftServerConfigKeys (ConfUtils.java:logGet(43)) - raft.server.log.appender.buffer.byte-limit = 33554432 (custom)
2019-10-21 23:04:09,358 [pool-37-thread-1] INFO  server.RaftServerConfigKeys (ConfUtils.java:logGet(43)) - raft.server.log.segment.size.max = 1048576 (custom)
2019-10-21 23:04:09,361 [pool-37-thread-1] INFO  server.RaftServerConfigKeys (ConfUtils.java:logGet(43)) - raft.server.log.segment.cache.num.max = 2 (custom)
2019-10-21 23:04:09,361 [pool-37-thread-1] INFO  segmented.SegmentedRaftLogWorker (SegmentedRaftLogWorker.java:<init>(173)) - new 2c02d436-c6f2-4204-8248-e3d2779a79c3@group-6BB505043614-SegmentedRaftLogWorker for RaftStorage:Storage Directory /workdir/hadoop-ozone/integration-test/target/test-dir/MiniOzoneClusterImpl-a7a400a2-5f0e-446d-a613-255cd6ec9d67/datanode-1/data/ratis/b4aae664-47b0-4017-ada1-6bb505043614
2019-10-21 23:04:09,362 [pool-37-thread-1] INFO  server.RaftServerConfigKeys (ConfUtils.java:logGet(43)) - raft.server.log.queue.byte-limit = 2147483647 (custom)
2019-10-21 23:04:09,362 [pool-37-thread-1] INFO  server.RaftServerConfigKeys (ConfUtils.java:logGet(43)) - raft.server.log.queue.element-limit = 1024 (custom)
2019-10-21 23:04:09,362 [pool-37-thread-1] INFO  server.RaftServerConfigKeys (ConfUtils.java:logGet(43)) - raft.server.log.segment.size.max = 1048576 (custom)
2019-10-21 23:04:09,363 [pool-37-thread-1] INFO  server.RaftServerConfigKeys (ConfUtils.java:logGet(43)) - raft.server.log.preallocated.size = 16384 (custom)
2019-10-21 23:04:09,363 [pool-37-thread-1] INFO  server.RaftServerConfigKeys (ConfUtils.java:logGet(43)) - raft.server.log.write.buffer.size = 33554432 (custom)
2019-10-21 23:04:09,363 [pool-37-thread-1] INFO  server.RaftServerConfigKeys (ConfUtils.java:logGet(43)) - raft.server.log.force.sync.num = 128 (default)
2019-10-21 23:04:09,363 [pool-37-thread-1] INFO  server.RaftServerConfigKeys (ConfUtils.java:logGet(43)) - raft.server.log.statemachine.data.sync = true (default)
2019-10-21 23:04:09,363 [pool-37-thread-1] INFO  server.RaftServerConfigKeys (ConfUtils.java:logGet(43)) - raft.server.log.statemachine.data.sync.timeout = 10s (default)
2019-10-21 23:04:09,363 [pool-37-thread-1] INFO  server.RaftServerConfigKeys (ConfUtils.java:logGet(43)) - raft.server.log.statemachine.data.sync.timeout.retry = -1 (default)
2019-10-21 23:04:09,364 [pool-37-thread-1] INFO  server.RaftServerConfigKeys (ConfUtils.java:logGet(43)) - raft.server.log.statemachine.data.caching.enabled = true (custom)
2019-10-21 23:04:09,364 [pool-37-thread-1] INFO  segmented.SegmentedRaftLogWorker (SegmentedRaftLogWorker.java:lambda$new$0(128)) - 2c02d436-c6f2-4204-8248-e3d2779a79c3@group-6BB505043614-SegmentedRaftLogWorker: flushIndex: setUnconditionally 0 -> -1
2019-10-21 23:04:09,364 [pool-37-thread-1] INFO  server.RaftServerConfigKeys (ConfUtils.java:logGet(43)) - raft.server.snapshot.auto.trigger.enabled = true (custom)
2019-10-21 23:04:09,364 [pool-37-thread-1] INFO  server.RaftServerConfigKeys (ConfUtils.java:logGet(43)) - raft.server.snapshot.auto.trigger.threshold = 10000 (custom)
2019-10-21 23:04:09,364 [pool-37-thread-1] INFO  server.RaftServerConfigKeys (ConfUtils.java:logGet(43)) - raft.server.snapshot.retention.file.num = 5 (custom)
2019-10-21 23:04:09,365 [pool-37-thread-1] INFO  server.RaftServerConfigKeys (ConfUtils.java:logGet(43)) - raft.server.retrycache.expirytime = 600000ms (custom)
2019-10-21 23:04:09,371 [pool-37-thread-1] INFO  impl.RaftServerImpl (RaftServerImpl.java:start(195)) - 2c02d436-c6f2-4204-8248-e3d2779a79c3@group-6BB505043614: start as a follower, conf=-1: [2c02d436-c6f2-4204-8248-e3d2779a79c3:192.168.69.118:45342], old=null
2019-10-21 23:04:09,371 [pool-37-thread-1] INFO  impl.RaftServerImpl (RaftServerImpl.java:setRole(184)) - 2c02d436-c6f2-4204-8248-e3d2779a79c3@group-6BB505043614: changes role from      null to FOLLOWER at term 0 for startAsFollower
2019-10-21 23:04:09,371 [pool-37-thread-1] INFO  impl.RoleInfo (RoleInfo.java:updateAndGet(143)) - 2c02d436-c6f2-4204-8248-e3d2779a79c3: start FollowerState
2019-10-21 23:04:09,372 [pool-37-thread-1] INFO  util.JmxRegister (JmxRegister.java:tryRegister(44)) - Successfully registered JMX Bean with object name Ratis:service=RaftServer,group=group-6BB505043614,id=2c02d436-c6f2-4204-8248-e3d2779a79c3
2019-10-21 23:04:09,385 [RatisPipelineUtilsThread] INFO  pipeline.PipelineStateManager (PipelineStateManager.java:addPipeline(56)) - Created pipeline Pipeline[ Id: b4aae664-47b0-4017-ada1-6bb505043614, Nodes: 2c02d436-c6f2-4204-8248-e3d2779a79c3{ip: 192.168.69.118, host: pr-hdds-2131-w2fms-3313293055, networkLocation: /default-rack, certSerialId: null}, Type:RATIS, Factor:ONE, State:OPEN]
2019-10-21 23:04:09,400 [grpc-default-executor-0] INFO  impl.RaftServerProxy (RaftServerProxy.java:addNew(89)) - 95f8ce0c-61f1-45b1-a4e7-5b97bbfe9a5b: addNew group-DF889DFD8CFF:[95f8ce0c-61f1-45b1-a4e7-5b97bbfe9a5b:192.168.69.118:45158] returns group-DF889DFD8CFF:java.util.concurrent.CompletableFuture@5ddce877[Not completed]
2019-10-21 23:04:09,410 [Thread-186] INFO  impl.FollowerState (FollowerState.java:run(108)) - 8e5ceb90-17c7-416d-ba3b-e9af83490bf4@group-B674AE6B1A89-FollowerState: change to CANDIDATE, lastRpcTime:187ms, electionTimeout:183ms
2019-10-21 23:04:09,411 [pool-47-thread-1] INFO  impl.RaftServerImpl (RaftServerImpl.java:<init>(104)) - 95f8ce0c-61f1-45b1-a4e7-5b97bbfe9a5b: new RaftServerImpl for group-DF889DFD8CFF:[95f8ce0c-61f1-45b1-a4e7-5b97bbfe9a5b:192.168.69.118:45158] with ContainerStateMachine:uninitialized
2019-10-21 23:04:09,412 [pool-47-thread-1] INFO  server.RaftServerConfigKeys (ConfUtils.java:logGet(43)) - raft.server.rpc.timeout.min = 5s (custom)
2019-10-21 23:04:09,412 [pool-47-thread-1] INFO  server.RaftServerConfigKeys (ConfUtils.java:logGet(43)) - raft.server.rpc.timeout.max = 5200ms (custom)
2019-10-21 23:04:09,412 [pool-47-thread-1] INFO  server.RaftServerConfigKeys (ConfUtils.java:logGet(43)) - raft.server.rpcslowness.timeout = 1000s (custom)
2019-10-21 23:04:09,412 [Thread-186] INFO  impl.RoleInfo (RoleInfo.java:shutdownFollowerState(121)) - 8e5ceb90-17c7-416d-ba3b-e9af83490bf4: shutdown FollowerState
2019-10-21 23:04:09,412 [pool-47-thread-1] INFO  server.RaftServerConfigKeys (ConfUtils.java:logGet(43)) - raft.server.sleep.deviation.threshold = 300 (default)
2019-10-21 23:04:09,412 [Thread-186] INFO  impl.RaftServerImpl (RaftServerImpl.java:setRole(184)) - 8e5ceb90-17c7-416d-ba3b-e9af83490bf4@group-B674AE6B1A89: changes role from  FOLLOWER to CANDIDATE at term 0 for changeToCandidate
2019-10-21 23:04:09,412 [pool-47-thread-1] INFO  server.RaftServerConfigKeys (ConfUtils.java:logGet(43)) - raft.server.log.appender.install.snapshot.enabled = false (custom)
2019-10-21 23:04:09,413 [pool-47-thread-1] INFO  impl.RaftServerImpl (ServerState.java:<init>(103)) - 95f8ce0c-61f1-45b1-a4e7-5b97bbfe9a5b@group-DF889DFD8CFF: ConfigurationManager, init=-1: [95f8ce0c-61f1-45b1-a4e7-5b97bbfe9a5b:192.168.69.118:45158], old=null, confs=<EMPTY_MAP>
2019-10-21 23:04:09,413 [pool-47-thread-1] INFO  server.RaftServerConfigKeys (ConfUtils.java:logGet(43)) - raft.server.storage.dir = [/workdir/hadoop-ozone/integration-test/target/test-dir/MiniOzoneClusterImpl-a7a400a2-5f0e-446d-a613-255cd6ec9d67/datanode-2/data/ratis] (custom)
2019-10-21 23:04:09,413 [pool-47-thread-1] INFO  server.RaftServerConfigKeys (ConfUtils.java:logGet(43)) - raft.server.log.corruption.policy = EXCEPTION (default)
2019-10-21 23:04:09,413 [pool-47-thread-1] INFO  storage.RaftStorageDirectory (RaftStorageDirectory.java:analyzeStorage(246)) - The storage directory /workdir/hadoop-ozone/integration-test/target/test-dir/MiniOzoneClusterImpl-a7a400a2-5f0e-446d-a613-255cd6ec9d67/datanode-2/data/ratis/3cb421da-c0c7-4180-a4d6-df889dfd8cff does not exist. Creating ...
2019-10-21 23:04:09,416 [Thread-186] INFO  impl.RoleInfo (RoleInfo.java:updateAndGet(143)) - 8e5ceb90-17c7-416d-ba3b-e9af83490bf4: start LeaderElection
2019-10-21 23:04:09,427 [pool-47-thread-1] INFO  storage.RaftStorageDirectory (RaftStorageDirectory.java:tryLock(328)) - Lock on /workdir/hadoop-ozone/integration-test/target/test-dir/MiniOzoneClusterImpl-a7a400a2-5f0e-446d-a613-255cd6ec9d67/datanode-2/data/ratis/3cb421da-c0c7-4180-a4d6-df889dfd8cff/in_use.lock acquired by nodename 27539@pr-hdds-2131-w2fms-3313293055
2019-10-21 23:04:09,427 [8e5ceb90-17c7-416d-ba3b-e9af83490bf4@group-B674AE6B1A89-LeaderElection1] INFO  impl.LeaderElection (LeaderElection.java:askForVotes(178)) - 8e5ceb90-17c7-416d-ba3b-e9af83490bf4@group-B674AE6B1A89-LeaderElection1: begin an election at term 1 for -1: [8e5ceb90-17c7-416d-ba3b-e9af83490bf4:192.168.69.118:43663], old=null
2019-10-21 23:04:09,429 [8e5ceb90-17c7-416d-ba3b-e9af83490bf4@group-B674AE6B1A89-LeaderElection1] INFO  impl.RoleInfo (RoleInfo.java:shutdownLeaderElection(134)) - 8e5ceb90-17c7-416d-ba3b-e9af83490bf4: shutdown LeaderElection
2019-10-21 23:04:09,430 [8e5ceb90-17c7-416d-ba3b-e9af83490bf4@group-B674AE6B1A89-LeaderElection1] INFO  impl.RaftServerImpl (RaftServerImpl.java:setRole(184)) - 8e5ceb90-17c7-416d-ba3b-e9af83490bf4@group-B674AE6B1A89: changes role from CANDIDATE to LEADER at term 1 for changeToLeader
2019-10-21 23:04:09,430 [8e5ceb90-17c7-416d-ba3b-e9af83490bf4@group-B674AE6B1A89-LeaderElection1] INFO  impl.RaftServerImpl (ServerState.java:setLeader(256)) - 8e5ceb90-17c7-416d-ba3b-e9af83490bf4@group-B674AE6B1A89: change Leader from null to 8e5ceb90-17c7-416d-ba3b-e9af83490bf4 at term 1 for becomeLeader, leader elected after 314ms
2019-10-21 23:04:09,436 [8e5ceb90-17c7-416d-ba3b-e9af83490bf4@group-B674AE6B1A89-LeaderElection1] INFO  server.RaftServerConfigKeys (ConfUtils.java:logGet(43)) - raft.server.staging.catchup.gap = 1000 (default)
2019-10-21 23:04:09,437 [8e5ceb90-17c7-416d-ba3b-e9af83490bf4@group-B674AE6B1A89-LeaderElection1] INFO  server.RaftServerConfigKeys (ConfUtils.java:logGet(43)) - raft.server.rpc.sleep.time = 25ms (default)
2019-10-21 23:04:09,441 [pool-47-thread-1] INFO  storage.RaftStorage (RaftStorage.java:format(84)) - Storage directory /workdir/hadoop-ozone/integration-test/target/test-dir/MiniOzoneClusterImpl-a7a400a2-5f0e-446d-a613-255cd6ec9d67/datanode-2/data/ratis/3cb421da-c0c7-4180-a4d6-df889dfd8cff has been successfully formatted.
2019-10-21 23:04:09,441 [pool-47-thread-1] INFO  ratis.ContainerStateMachine (ContainerStateMachine.java:loadSnapshot(231)) - group-DF889DFD8CFF: The snapshot info is null. Setting the last applied indexto:(t:0, i:~)
2019-10-21 23:04:09,441 [pool-47-thread-1] INFO  server.RaftServerConfigKeys (ConfUtils.java:logGet(43)) - raft.server.notification.no-leader.timeout = 1000s (custom)
2019-10-21 23:04:09,441 [pool-47-thread-1] INFO  server.RaftServerConfigKeys (ConfUtils.java:logGet(43)) - raft.server.log.use.memory = false (default)
2019-10-21 23:04:09,441 [pool-47-thread-1] INFO  server.RaftServerConfigKeys (ConfUtils.java:logGet(43)) - raft.server.log.purge.gap = 1000000 (custom)
2019-10-21 23:04:09,441 [pool-47-thread-1] INFO  server.RaftServerConfigKeys (ConfUtils.java:logGet(43)) - raft.server.log.appender.buffer.byte-limit = 33554432 (custom)
2019-10-21 23:04:09,441 [pool-47-thread-1] INFO  server.RaftServerConfigKeys (ConfUtils.java:logGet(43)) - raft.server.log.segment.size.max = 1048576 (custom)
2019-10-21 23:04:09,442 [8e5ceb90-17c7-416d-ba3b-e9af83490bf4@group-B674AE6B1A89-LeaderElection1] INFO  server.RaftServerConfigKeys (ConfUtils.java:logGet(43)) - raft.server.write.element-limit = 4096 (default)
2019-10-21 23:04:09,453 [pool-47-thread-1] INFO  server.RaftServerConfigKeys (ConfUtils.java:logGet(43)) - raft.server.log.segment.cache.num.max = 2 (custom)
2019-10-21 23:04:09,453 [pool-47-thread-1] INFO  segmented.SegmentedRaftLogWorker (SegmentedRaftLogWorker.java:<init>(173)) - new 95f8ce0c-61f1-45b1-a4e7-5b97bbfe9a5b@group-DF889DFD8CFF-SegmentedRaftLogWorker for RaftStorage:Storage Directory /workdir/hadoop-ozone/integration-test/target/test-dir/MiniOzoneClusterImpl-a7a400a2-5f0e-446d-a613-255cd6ec9d67/datanode-2/data/ratis/3cb421da-c0c7-4180-a4d6-df889dfd8cff
2019-10-21 23:04:09,453 [pool-47-thread-1] INFO  server.RaftServerConfigKeys (ConfUtils.java:logGet(43)) - raft.server.log.queue.byte-limit = 2147483647 (custom)
2019-10-21 23:04:09,453 [8e5ceb90-17c7-416d-ba3b-e9af83490bf4@group-B674AE6B1A89-LeaderElection1] INFO  server.RaftServerConfigKeys (ConfUtils.java:logGet(43)) - raft.server.watch.timeout = 10s (default)
2019-10-21 23:04:09,453 [pool-47-thread-1] INFO  server.RaftServerConfigKeys (ConfUtils.java:logGet(43)) - raft.server.log.queue.element-limit = 1024 (custom)
2019-10-21 23:04:09,454 [8e5ceb90-17c7-416d-ba3b-e9af83490bf4@group-B674AE6B1A89-LeaderElection1] INFO  server.RaftServerConfigKeys (ConfUtils.java:logGet(43)) - raft.server.watch.timeout.denomination = 1s (default)
2019-10-21 23:04:09,454 [pool-47-thread-1] INFO  server.RaftServerConfigKeys (ConfUtils.java:logGet(43)) - raft.server.log.segment.size.max = 1048576 (custom)
2019-10-21 23:04:09,454 [pool-47-thread-1] INFO  server.RaftServerConfigKeys (ConfUtils.java:logGet(43)) - raft.server.log.preallocated.size = 16384 (custom)
2019-10-21 23:04:09,454 [pool-47-thread-1] INFO  server.RaftServerConfigKeys (ConfUtils.java:logGet(43)) - raft.server.log.write.buffer.size = 33554432 (custom)
2019-10-21 23:04:09,454 [pool-47-thread-1] INFO  server.RaftServerConfigKeys (ConfUtils.java:logGet(43)) - raft.server.log.force.sync.num = 128 (default)
2019-10-21 23:04:09,454 [pool-47-thread-1] INFO  server.RaftServerConfigKeys (ConfUtils.java:logGet(43)) - raft.server.log.statemachine.data.sync = true (default)
2019-10-21 23:04:09,454 [pool-47-thread-1] INFO  server.RaftServerConfigKeys (ConfUtils.java:logGet(43)) - raft.server.log.statemachine.data.sync.timeout = 10s (default)
2019-10-21 23:04:09,454 [pool-47-thread-1] INFO  server.RaftServerConfigKeys (ConfUtils.java:logGet(43)) - raft.server.log.statemachine.data.sync.timeout.retry = -1 (default)
2019-10-21 23:04:09,455 [8e5ceb90-17c7-416d-ba3b-e9af83490bf4@group-B674AE6B1A89-LeaderElection1] INFO  server.RaftServerConfigKeys (ConfUtils.java:logGet(43)) - raft.server.watch.element-limit = 65536 (default)
2019-10-21 23:04:09,455 [pool-47-thread-1] INFO  server.RaftServerConfigKeys (ConfUtils.java:logGet(43)) - raft.server.log.statemachine.data.caching.enabled = true (custom)
2019-10-21 23:04:09,455 [pool-47-thread-1] INFO  segmented.SegmentedRaftLogWorker (SegmentedRaftLogWorker.java:lambda$new$0(128)) - 95f8ce0c-61f1-45b1-a4e7-5b97bbfe9a5b@group-DF889DFD8CFF-SegmentedRaftLogWorker: flushIndex: setUnconditionally 0 -> -1
2019-10-21 23:04:09,456 [pool-47-thread-1] INFO  server.RaftServerConfigKeys (ConfUtils.java:logGet(43)) - raft.server.snapshot.auto.trigger.enabled = true (custom)
2019-10-21 23:04:09,456 [pool-47-thread-1] INFO  server.RaftServerConfigKeys (ConfUtils.java:logGet(43)) - raft.server.snapshot.auto.trigger.threshold = 10000 (custom)
2019-10-21 23:04:09,456 [pool-47-thread-1] INFO  server.RaftServerConfigKeys (ConfUtils.java:logGet(43)) - raft.server.snapshot.retention.file.num = 5 (custom)
2019-10-21 23:04:09,456 [pool-47-thread-1] INFO  server.RaftServerConfigKeys (ConfUtils.java:logGet(43)) - raft.server.retrycache.expirytime = 600000ms (custom)
2019-10-21 23:04:09,461 [pool-47-thread-1] INFO  impl.RaftServerImpl (RaftServerImpl.java:start(195)) - 95f8ce0c-61f1-45b1-a4e7-5b97bbfe9a5b@group-DF889DFD8CFF: start as a follower, conf=-1: [95f8ce0c-61f1-45b1-a4e7-5b97bbfe9a5b:192.168.69.118:45158], old=null
2019-10-21 23:04:09,461 [pool-47-thread-1] INFO  impl.RaftServerImpl (RaftServerImpl.java:setRole(184)) - 95f8ce0c-61f1-45b1-a4e7-5b97bbfe9a5b@group-DF889DFD8CFF: changes role from      null to FOLLOWER at term 0 for startAsFollower
2019-10-21 23:04:09,461 [pool-47-thread-1] INFO  impl.RoleInfo (RoleInfo.java:updateAndGet(143)) - 95f8ce0c-61f1-45b1-a4e7-5b97bbfe9a5b: start FollowerState
2019-10-21 23:04:09,462 [pool-47-thread-1] INFO  util.JmxRegister (JmxRegister.java:tryRegister(44)) - Successfully registered JMX Bean with object name Ratis:service=RaftServer,group=group-DF889DFD8CFF,id=95f8ce0c-61f1-45b1-a4e7-5b97bbfe9a5b
2019-10-21 23:04:09,473 [RatisPipelineUtilsThread] INFO  pipeline.PipelineStateManager (PipelineStateManager.java:addPipeline(56)) - Created pipeline Pipeline[ Id: 3cb421da-c0c7-4180-a4d6-df889dfd8cff, Nodes: 95f8ce0c-61f1-45b1-a4e7-5b97bbfe9a5b{ip: 192.168.69.118, host: pr-hdds-2131-w2fms-3313293055, networkLocation: /default-rack, certSerialId: null}, Type:RATIS, Factor:ONE, State:OPEN]
2019-10-21 23:04:09,474 [8e5ceb90-17c7-416d-ba3b-e9af83490bf4@group-B674AE6B1A89-LeaderElection1] INFO  impl.RoleInfo (RoleInfo.java:updateAndGet(143)) - 8e5ceb90-17c7-416d-ba3b-e9af83490bf4: start LeaderState
2019-10-21 23:04:09,498 [Thread-194] INFO  impl.FollowerState (FollowerState.java:run(108)) - 95f8ce0c-61f1-45b1-a4e7-5b97bbfe9a5b@group-DF889DFD8CFF-FollowerState: change to CANDIDATE, lastRpcTime:36ms, electionTimeout:36ms
2019-10-21 23:04:09,500 [Thread-194] INFO  impl.RoleInfo (RoleInfo.java:shutdownFollowerState(121)) - 95f8ce0c-61f1-45b1-a4e7-5b97bbfe9a5b: shutdown FollowerState
2019-10-21 23:04:09,501 [Thread-194] INFO  impl.RaftServerImpl (RaftServerImpl.java:setRole(184)) - 95f8ce0c-61f1-45b1-a4e7-5b97bbfe9a5b@group-DF889DFD8CFF: changes role from  FOLLOWER to CANDIDATE at term 0 for changeToCandidate
2019-10-21 23:04:09,501 [Thread-194] INFO  impl.RoleInfo (RoleInfo.java:updateAndGet(143)) - 95f8ce0c-61f1-45b1-a4e7-5b97bbfe9a5b: start LeaderElection
2019-10-21 23:04:09,503 [grpc-default-executor-2] INFO  impl.RaftServerProxy (RaftServerProxy.java:addNew(89)) - 8e5ceb90-17c7-416d-ba3b-e9af83490bf4: addNew group-60CA7EC77FF7:[8e5ceb90-17c7-416d-ba3b-e9af83490bf4:192.168.69.118:43663, 95f8ce0c-61f1-45b1-a4e7-5b97bbfe9a5b:192.168.69.118:45158, 2c02d436-c6f2-4204-8248-e3d2779a79c3:192.168.69.118:45342] returns group-60CA7EC77FF7:java.util.concurrent.CompletableFuture@4d673907[Not completed]
2019-10-21 23:04:09,505 [grpc-default-executor-1] INFO  impl.RaftServerProxy (RaftServerProxy.java:addNew(89)) - 2c02d436-c6f2-4204-8248-e3d2779a79c3: addNew group-60CA7EC77FF7:[8e5ceb90-17c7-416d-ba3b-e9af83490bf4:192.168.69.118:43663, 95f8ce0c-61f1-45b1-a4e7-5b97bbfe9a5b:192.168.69.118:45158, 2c02d436-c6f2-4204-8248-e3d2779a79c3:192.168.69.118:45342] returns group-60CA7EC77FF7:java.util.concurrent.CompletableFuture@5798ff38[Not completed]
2019-10-21 23:04:09,505 [grpc-default-executor-2] INFO  impl.RaftServerProxy (RaftServerProxy.java:addNew(89)) - 95f8ce0c-61f1-45b1-a4e7-5b97bbfe9a5b: addNew group-60CA7EC77FF7:[8e5ceb90-17c7-416d-ba3b-e9af83490bf4:192.168.69.118:43663, 95f8ce0c-61f1-45b1-a4e7-5b97bbfe9a5b:192.168.69.118:45158, 2c02d436-c6f2-4204-8248-e3d2779a79c3:192.168.69.118:45342] returns group-60CA7EC77FF7:java.util.concurrent.CompletableFuture@865becf[Not completed]
2019-10-21 23:04:09,506 [pool-27-thread-1] INFO  impl.RaftServerImpl (RaftServerImpl.java:<init>(104)) - 8e5ceb90-17c7-416d-ba3b-e9af83490bf4: new RaftServerImpl for group-60CA7EC77FF7:[8e5ceb90-17c7-416d-ba3b-e9af83490bf4:192.168.69.118:43663, 95f8ce0c-61f1-45b1-a4e7-5b97bbfe9a5b:192.168.69.118:45158, 2c02d436-c6f2-4204-8248-e3d2779a79c3:192.168.69.118:45342] with ContainerStateMachine:uninitialized
2019-10-21 23:04:09,506 [pool-27-thread-1] INFO  server.RaftServerConfigKeys (ConfUtils.java:logGet(43)) - raft.server.rpc.timeout.min = 5s (custom)
2019-10-21 23:04:09,506 [pool-27-thread-1] INFO  server.RaftServerConfigKeys (ConfUtils.java:logGet(43)) - raft.server.rpc.timeout.max = 5200ms (custom)
2019-10-21 23:04:09,507 [pool-27-thread-1] INFO  server.RaftServerConfigKeys (ConfUtils.java:logGet(43)) - raft.server.rpcslowness.timeout = 1000s (custom)
2019-10-21 23:04:09,507 [pool-27-thread-1] INFO  server.RaftServerConfigKeys (ConfUtils.java:logGet(43)) - raft.server.sleep.deviation.threshold = 300 (default)
2019-10-21 23:04:09,507 [pool-27-thread-1] INFO  server.RaftServerConfigKeys (ConfUtils.java:logGet(43)) - raft.server.log.appender.install.snapshot.enabled = false (custom)
2019-10-21 23:04:09,507 [pool-27-thread-1] INFO  impl.RaftServerImpl (ServerState.java:<init>(103)) - 8e5ceb90-17c7-416d-ba3b-e9af83490bf4@group-60CA7EC77FF7: ConfigurationManager, init=-1: [8e5ceb90-17c7-416d-ba3b-e9af83490bf4:192.168.69.118:43663, 95f8ce0c-61f1-45b1-a4e7-5b97bbfe9a5b:192.168.69.118:45158, 2c02d436-c6f2-4204-8248-e3d2779a79c3:192.168.69.118:45342], old=null, confs=<EMPTY_MAP>
2019-10-21 23:04:09,507 [pool-37-thread-1] INFO  impl.RaftServerImpl (RaftServerImpl.java:<init>(104)) - 2c02d436-c6f2-4204-8248-e3d2779a79c3: new RaftServerImpl for group-60CA7EC77FF7:[8e5ceb90-17c7-416d-ba3b-e9af83490bf4:192.168.69.118:43663, 95f8ce0c-61f1-45b1-a4e7-5b97bbfe9a5b:192.168.69.118:45158, 2c02d436-c6f2-4204-8248-e3d2779a79c3:192.168.69.118:45342] with ContainerStateMachine:uninitialized
2019-10-21 23:04:09,507 [pool-27-thread-1] INFO  server.RaftServerConfigKeys (ConfUtils.java:logGet(43)) - raft.server.storage.dir = [/workdir/hadoop-ozone/integration-test/target/test-dir/MiniOzoneClusterImpl-a7a400a2-5f0e-446d-a613-255cd6ec9d67/datanode-0/data/ratis] (custom)
2019-10-21 23:04:09,507 [pool-37-thread-1] INFO  server.RaftServerConfigKeys (ConfUtils.java:logGet(43)) - raft.server.rpc.timeout.min = 5s (custom)
2019-10-21 23:04:09,508 [pool-37-thread-1] INFO  server.RaftServerConfigKeys (ConfUtils.java:logGet(43)) - raft.server.rpc.timeout.max = 5200ms (custom)
2019-10-21 23:04:09,508 [pool-27-thread-1] INFO  server.RaftServerConfigKeys (ConfUtils.java:logGet(43)) - raft.server.log.corruption.policy = EXCEPTION (default)
2019-10-21 23:04:09,508 [pool-47-thread-1] INFO  impl.RaftServerImpl (RaftServerImpl.java:<init>(104)) - 95f8ce0c-61f1-45b1-a4e7-5b97bbfe9a5b: new RaftServerImpl for group-60CA7EC77FF7:[8e5ceb90-17c7-416d-ba3b-e9af83490bf4:192.168.69.118:43663, 95f8ce0c-61f1-45b1-a4e7-5b97bbfe9a5b:192.168.69.118:45158, 2c02d436-c6f2-4204-8248-e3d2779a79c3:192.168.69.118:45342] with ContainerStateMachine:uninitialized
2019-10-21 23:04:09,508 [pool-37-thread-1] INFO  server.RaftServerConfigKeys (ConfUtils.java:logGet(43)) - raft.server.rpcslowness.timeout = 1000s (custom)
2019-10-21 23:04:09,508 [pool-47-thread-1] INFO  server.RaftServerConfigKeys (ConfUtils.java:logGet(43)) - raft.server.rpc.timeout.min = 5s (custom)
2019-10-21 23:04:09,508 [pool-27-thread-1] INFO  storage.RaftStorageDirectory (RaftStorageDirectory.java:analyzeStorage(246)) - The storage directory /workdir/hadoop-ozone/integration-test/target/test-dir/MiniOzoneClusterImpl-a7a400a2-5f0e-446d-a613-255cd6ec9d67/datanode-0/data/ratis/f77f3c44-7213-45ac-81dc-60ca7ec77ff7 does not exist. Creating ...
2019-10-21 23:04:09,508 [pool-47-thread-1] INFO  server.RaftServerConfigKeys (ConfUtils.java:logGet(43)) - raft.server.rpc.timeout.max = 5200ms (custom)
2019-10-21 23:04:09,508 [pool-37-thread-1] INFO  server.RaftServerConfigKeys (ConfUtils.java:logGet(43)) - raft.server.sleep.deviation.threshold = 300 (default)
2019-10-21 23:04:09,509 [pool-47-thread-1] INFO  server.RaftServerConfigKeys (ConfUtils.java:logGet(43)) - raft.server.rpcslowness.timeout = 1000s (custom)
2019-10-21 23:04:09,509 [pool-37-thread-1] INFO  server.RaftServerConfigKeys (ConfUtils.java:logGet(43)) - raft.server.log.appender.install.snapshot.enabled = false (custom)
2019-10-21 23:04:09,509 [pool-47-thread-1] INFO  server.RaftServerConfigKeys (ConfUtils.java:logGet(43)) - raft.server.sleep.deviation.threshold = 300 (default)
2019-10-21 23:04:09,509 [pool-37-thread-1] INFO  impl.RaftServerImpl (ServerState.java:<init>(103)) - 2c02d436-c6f2-4204-8248-e3d2779a79c3@group-60CA7EC77FF7: ConfigurationManager, init=-1: [8e5ceb90-17c7-416d-ba3b-e9af83490bf4:192.168.69.118:43663, 95f8ce0c-61f1-45b1-a4e7-5b97bbfe9a5b:192.168.69.118:45158, 2c02d436-c6f2-4204-8248-e3d2779a79c3:192.168.69.118:45342], old=null, confs=<EMPTY_MAP>
2019-10-21 23:04:09,509 [pool-47-thread-1] INFO  server.RaftServerConfigKeys (ConfUtils.java:logGet(43)) - raft.server.log.appender.install.snapshot.enabled = false (custom)
2019-10-21 23:04:09,509 [pool-47-thread-1] INFO  impl.RaftServerImpl (ServerState.java:<init>(103)) - 95f8ce0c-61f1-45b1-a4e7-5b97bbfe9a5b@group-60CA7EC77FF7: ConfigurationManager, init=-1: [8e5ceb90-17c7-416d-ba3b-e9af83490bf4:192.168.69.118:43663, 95f8ce0c-61f1-45b1-a4e7-5b97bbfe9a5b:192.168.69.118:45158, 2c02d436-c6f2-4204-8248-e3d2779a79c3:192.168.69.118:45342], old=null, confs=<EMPTY_MAP>
2019-10-21 23:04:09,509 [pool-37-thread-1] INFO  server.RaftServerConfigKeys (ConfUtils.java:logGet(43)) - raft.server.storage.dir = [/workdir/hadoop-ozone/integration-test/target/test-dir/MiniOzoneClusterImpl-a7a400a2-5f0e-446d-a613-255cd6ec9d67/datanode-1/data/ratis] (custom)
2019-10-21 23:04:09,510 [pool-47-thread-1] INFO  server.RaftServerConfigKeys (ConfUtils.java:logGet(43)) - raft.server.storage.dir = [/workdir/hadoop-ozone/integration-test/target/test-dir/MiniOzoneClusterImpl-a7a400a2-5f0e-446d-a613-255cd6ec9d67/datanode-2/data/ratis] (custom)
2019-10-21 23:04:09,510 [pool-37-thread-1] INFO  server.RaftServerConfigKeys (ConfUtils.java:logGet(43)) - raft.server.log.corruption.policy = EXCEPTION (default)
2019-10-21 23:04:09,510 [pool-47-thread-1] INFO  server.RaftServerConfigKeys (ConfUtils.java:logGet(43)) - raft.server.log.corruption.policy = EXCEPTION (default)
2019-10-21 23:04:09,510 [pool-37-thread-1] INFO  storage.RaftStorageDirectory (RaftStorageDirectory.java:analyzeStorage(246)) - The storage directory /workdir/hadoop-ozone/integration-test/target/test-dir/MiniOzoneClusterImpl-a7a400a2-5f0e-446d-a613-255cd6ec9d67/datanode-1/data/ratis/f77f3c44-7213-45ac-81dc-60ca7ec77ff7 does not exist. Creating ...
2019-10-21 23:04:09,510 [pool-47-thread-1] INFO  storage.RaftStorageDirectory (RaftStorageDirectory.java:analyzeStorage(246)) - The storage directory /workdir/hadoop-ozone/integration-test/target/test-dir/MiniOzoneClusterImpl-a7a400a2-5f0e-446d-a613-255cd6ec9d67/datanode-2/data/ratis/f77f3c44-7213-45ac-81dc-60ca7ec77ff7 does not exist. Creating ...
2019-10-21 23:04:09,514 [8e5ceb90-17c7-416d-ba3b-e9af83490bf4@group-B674AE6B1A89-LeaderElection1] INFO  segmented.SegmentedRaftLogWorker (SegmentedRaftLogWorker.java:startLogSegment(385)) - 8e5ceb90-17c7-416d-ba3b-e9af83490bf4@group-B674AE6B1A89-SegmentedRaftLogWorker: Starting segment from index:0
2019-10-21 23:04:09,517 [pool-27-thread-1] INFO  storage.RaftStorageDirectory (RaftStorageDirectory.java:tryLock(328)) - Lock on /workdir/hadoop-ozone/integration-test/target/test-dir/MiniOzoneClusterImpl-a7a400a2-5f0e-446d-a613-255cd6ec9d67/datanode-0/data/ratis/f77f3c44-7213-45ac-81dc-60ca7ec77ff7/in_use.lock acquired by nodename 27539@pr-hdds-2131-w2fms-3313293055
2019-10-21 23:04:09,517 [pool-37-thread-1] INFO  storage.RaftStorageDirectory (RaftStorageDirectory.java:tryLock(328)) - Lock on /workdir/hadoop-ozone/integration-test/target/test-dir/MiniOzoneClusterImpl-a7a400a2-5f0e-446d-a613-255cd6ec9d67/datanode-1/data/ratis/f77f3c44-7213-45ac-81dc-60ca7ec77ff7/in_use.lock acquired by nodename 27539@pr-hdds-2131-w2fms-3313293055
2019-10-21 23:04:09,517 [pool-47-thread-1] INFO  storage.RaftStorageDirectory (RaftStorageDirectory.java:tryLock(328)) - Lock on /workdir/hadoop-ozone/integration-test/target/test-dir/MiniOzoneClusterImpl-a7a400a2-5f0e-446d-a613-255cd6ec9d67/datanode-2/data/ratis/f77f3c44-7213-45ac-81dc-60ca7ec77ff7/in_use.lock acquired by nodename 27539@pr-hdds-2131-w2fms-3313293055
2019-10-21 23:04:09,517 [95f8ce0c-61f1-45b1-a4e7-5b97bbfe9a5b@group-DF889DFD8CFF-LeaderElection2] INFO  impl.LeaderElection (LeaderElection.java:askForVotes(178)) - 95f8ce0c-61f1-45b1-a4e7-5b97bbfe9a5b@group-DF889DFD8CFF-LeaderElection2: begin an election at term 1 for -1: [95f8ce0c-61f1-45b1-a4e7-5b97bbfe9a5b:192.168.69.118:45158], old=null
2019-10-21 23:04:09,519 [95f8ce0c-61f1-45b1-a4e7-5b97bbfe9a5b@group-DF889DFD8CFF-LeaderElection2] INFO  impl.RoleInfo (RoleInfo.java:shutdownLeaderElection(134)) - 95f8ce0c-61f1-45b1-a4e7-5b97bbfe9a5b: shutdown LeaderElection
2019-10-21 23:04:09,519 [95f8ce0c-61f1-45b1-a4e7-5b97bbfe9a5b@group-DF889DFD8CFF-LeaderElection2] INFO  impl.RaftServerImpl (RaftServerImpl.java:setRole(184)) - 95f8ce0c-61f1-45b1-a4e7-5b97bbfe9a5b@group-DF889DFD8CFF: changes role from CANDIDATE to LEADER at term 1 for changeToLeader
2019-10-21 23:04:09,519 [95f8ce0c-61f1-45b1-a4e7-5b97bbfe9a5b@group-DF889DFD8CFF-LeaderElection2] INFO  impl.RaftServerImpl (ServerState.java:setLeader(256)) - 95f8ce0c-61f1-45b1-a4e7-5b97bbfe9a5b@group-DF889DFD8CFF: change Leader from null to 95f8ce0c-61f1-45b1-a4e7-5b97bbfe9a5b at term 1 for becomeLeader, leader elected after 78ms
2019-10-21 23:04:09,519 [95f8ce0c-61f1-45b1-a4e7-5b97bbfe9a5b@group-DF889DFD8CFF-LeaderElection2] INFO  server.RaftServerConfigKeys (ConfUtils.java:logGet(43)) - raft.server.staging.catchup.gap = 1000 (default)
2019-10-21 23:04:09,519 [95f8ce0c-61f1-45b1-a4e7-5b97bbfe9a5b@group-DF889DFD8CFF-LeaderElection2] INFO  server.RaftServerConfigKeys (ConfUtils.java:logGet(43)) - raft.server.rpc.sleep.time = 25ms (default)
2019-10-21 23:04:09,520 [95f8ce0c-61f1-45b1-a4e7-5b97bbfe9a5b@group-DF889DFD8CFF-LeaderElection2] INFO  server.RaftServerConfigKeys (ConfUtils.java:logGet(43)) - raft.server.write.element-limit = 4096 (default)
2019-10-21 23:04:09,520 [95f8ce0c-61f1-45b1-a4e7-5b97bbfe9a5b@group-DF889DFD8CFF-LeaderElection2] INFO  server.RaftServerConfigKeys (ConfUtils.java:logGet(43)) - raft.server.watch.timeout = 10s (default)
2019-10-21 23:04:09,520 [95f8ce0c-61f1-45b1-a4e7-5b97bbfe9a5b@group-DF889DFD8CFF-LeaderElection2] INFO  server.RaftServerConfigKeys (ConfUtils.java:logGet(43)) - raft.server.watch.timeout.denomination = 1s (default)
2019-10-21 23:04:09,520 [95f8ce0c-61f1-45b1-a4e7-5b97bbfe9a5b@group-DF889DFD8CFF-LeaderElection2] INFO  server.RaftServerConfigKeys (ConfUtils.java:logGet(43)) - raft.server.watch.element-limit = 65536 (default)
2019-10-21 23:04:09,524 [95f8ce0c-61f1-45b1-a4e7-5b97bbfe9a5b@group-DF889DFD8CFF-LeaderElection2] INFO  impl.RoleInfo (RoleInfo.java:updateAndGet(143)) - 95f8ce0c-61f1-45b1-a4e7-5b97bbfe9a5b: start LeaderState
2019-10-21 23:04:09,525 [95f8ce0c-61f1-45b1-a4e7-5b97bbfe9a5b@group-DF889DFD8CFF-LeaderElection2] INFO  segmented.SegmentedRaftLogWorker (SegmentedRaftLogWorker.java:startLogSegment(385)) - 95f8ce0c-61f1-45b1-a4e7-5b97bbfe9a5b@group-DF889DFD8CFF-SegmentedRaftLogWorker: Starting segment from index:0
2019-10-21 23:04:09,528 [95f8ce0c-61f1-45b1-a4e7-5b97bbfe9a5b@group-DF889DFD8CFF-LeaderElection2] INFO  impl.RaftServerImpl (ServerState.java:setRaftConf(357)) - 95f8ce0c-61f1-45b1-a4e7-5b97bbfe9a5b@group-DF889DFD8CFF: set configuration 0: [95f8ce0c-61f1-45b1-a4e7-5b97bbfe9a5b:192.168.69.118:45158], old=null at 0
2019-10-21 23:04:09,528 [8e5ceb90-17c7-416d-ba3b-e9af83490bf4@group-B674AE6B1A89-LeaderElection1] INFO  impl.RaftServerImpl (ServerState.java:setRaftConf(357)) - 8e5ceb90-17c7-416d-ba3b-e9af83490bf4@group-B674AE6B1A89: set configuration 0: [8e5ceb90-17c7-416d-ba3b-e9af83490bf4:192.168.69.118:43663], old=null at 0
2019-10-21 23:04:09,536 [pool-27-thread-1] INFO  storage.RaftStorage (RaftStorage.java:format(84)) - Storage directory /workdir/hadoop-ozone/integration-test/target/test-dir/MiniOzoneClusterImpl-a7a400a2-5f0e-446d-a613-255cd6ec9d67/datanode-0/data/ratis/f77f3c44-7213-45ac-81dc-60ca7ec77ff7 has been successfully formatted.
2019-10-21 23:04:09,536 [pool-47-thread-1] INFO  storage.RaftStorage (RaftStorage.java:format(84)) - Storage directory /workdir/hadoop-ozone/integration-test/target/test-dir/MiniOzoneClusterImpl-a7a400a2-5f0e-446d-a613-255cd6ec9d67/datanode-2/data/ratis/f77f3c44-7213-45ac-81dc-60ca7ec77ff7 has been successfully formatted.
2019-10-21 23:04:09,536 [pool-27-thread-1] INFO  ratis.ContainerStateMachine (ContainerStateMachine.java:loadSnapshot(231)) - group-60CA7EC77FF7: The snapshot info is null. Setting the last applied indexto:(t:0, i:~)
2019-10-21 23:04:09,536 [pool-37-thread-1] INFO  storage.RaftStorage (RaftStorage.java:format(84)) - Storage directory /workdir/hadoop-ozone/integration-test/target/test-dir/MiniOzoneClusterImpl-a7a400a2-5f0e-446d-a613-255cd6ec9d67/datanode-1/data/ratis/f77f3c44-7213-45ac-81dc-60ca7ec77ff7 has been successfully formatted.
2019-10-21 23:04:09,536 [pool-47-thread-1] INFO  ratis.ContainerStateMachine (ContainerStateMachine.java:loadSnapshot(231)) - group-60CA7EC77FF7: The snapshot info is null. Setting the last applied indexto:(t:0, i:~)
2019-10-21 23:04:09,536 [pool-27-thread-1] INFO  server.RaftServerConfigKeys (ConfUtils.java:logGet(43)) - raft.server.notification.no-leader.timeout = 1000s (custom)
2019-10-21 23:04:09,537 [pool-47-thread-1] INFO  server.RaftServerConfigKeys (ConfUtils.java:logGet(43)) - raft.server.notification.no-leader.timeout = 1000s (custom)
2019-10-21 23:04:09,536 [pool-37-thread-1] INFO  ratis.ContainerStateMachine (ContainerStateMachine.java:loadSnapshot(231)) - group-60CA7EC77FF7: The snapshot info is null. Setting the last applied indexto:(t:0, i:~)
2019-10-21 23:04:09,537 [pool-47-thread-1] INFO  server.RaftServerConfigKeys (ConfUtils.java:logGet(43)) - raft.server.log.use.memory = false (default)
2019-10-21 23:04:09,537 [pool-27-thread-1] INFO  server.RaftServerConfigKeys (ConfUtils.java:logGet(43)) - raft.server.log.use.memory = false (default)
2019-10-21 23:04:09,537 [pool-47-thread-1] INFO  server.RaftServerConfigKeys (ConfUtils.java:logGet(43)) - raft.server.log.purge.gap = 1000000 (custom)
2019-10-21 23:04:09,537 [pool-37-thread-1] INFO  server.RaftServerConfigKeys (ConfUtils.java:logGet(43)) - raft.server.notification.no-leader.timeout = 1000s (custom)
2019-10-21 23:04:09,537 [pool-47-thread-1] INFO  server.RaftServerConfigKeys (ConfUtils.java:logGet(43)) - raft.server.log.appender.buffer.byte-limit = 33554432 (custom)
2019-10-21 23:04:09,537 [pool-27-thread-1] INFO  server.RaftServerConfigKeys (ConfUtils.java:logGet(43)) - raft.server.log.purge.gap = 1000000 (custom)
2019-10-21 23:04:09,538 [pool-47-thread-1] INFO  server.RaftServerConfigKeys (ConfUtils.java:logGet(43)) - raft.server.log.segment.size.max = 1048576 (custom)
2019-10-21 23:04:09,537 [pool-37-thread-1] INFO  server.RaftServerConfigKeys (ConfUtils.java:logGet(43)) - raft.server.log.use.memory = false (default)
2019-10-21 23:04:09,538 [pool-47-thread-1] INFO  server.RaftServerConfigKeys (ConfUtils.java:logGet(43)) - raft.server.log.segment.cache.num.max = 2 (custom)
2019-10-21 23:04:09,538 [pool-27-thread-1] INFO  server.RaftServerConfigKeys (ConfUtils.java:logGet(43)) - raft.server.log.appender.buffer.byte-limit = 33554432 (custom)
2019-10-21 23:04:09,538 [pool-47-thread-1] INFO  segmented.SegmentedRaftLogWorker (SegmentedRaftLogWorker.java:<init>(173)) - new 95f8ce0c-61f1-45b1-a4e7-5b97bbfe9a5b@group-60CA7EC77FF7-SegmentedRaftLogWorker for RaftStorage:Storage Directory /workdir/hadoop-ozone/integration-test/target/test-dir/MiniOzoneClusterImpl-a7a400a2-5f0e-446d-a613-255cd6ec9d67/datanode-2/data/ratis/f77f3c44-7213-45ac-81dc-60ca7ec77ff7
2019-10-21 23:04:09,538 [pool-37-thread-1] INFO  server.RaftServerConfigKeys (ConfUtils.java:logGet(43)) - raft.server.log.purge.gap = 1000000 (custom)
2019-10-21 23:04:09,538 [pool-47-thread-1] INFO  server.RaftServerConfigKeys (ConfUtils.java:logGet(43)) - raft.server.log.queue.byte-limit = 2147483647 (custom)
2019-10-21 23:04:09,538 [pool-27-thread-1] INFO  server.RaftServerConfigKeys (ConfUtils.java:logGet(43)) - raft.server.log.segment.size.max = 1048576 (custom)
2019-10-21 23:04:09,539 [pool-47-thread-1] INFO  server.RaftServerConfigKeys (ConfUtils.java:logGet(43)) - raft.server.log.queue.element-limit = 1024 (custom)
2019-10-21 23:04:09,539 [pool-37-thread-1] INFO  server.RaftServerConfigKeys (ConfUtils.java:logGet(43)) - raft.server.log.appender.buffer.byte-limit = 33554432 (custom)
2019-10-21 23:04:09,539 [pool-47-thread-1] INFO  server.RaftServerConfigKeys (ConfUtils.java:logGet(43)) - raft.server.log.segment.size.max = 1048576 (custom)
2019-10-21 23:04:09,539 [pool-27-thread-1] INFO  server.RaftServerConfigKeys (ConfUtils.java:logGet(43)) - raft.server.log.segment.cache.num.max = 2 (custom)
2019-10-21 23:04:09,539 [pool-47-thread-1] INFO  server.RaftServerConfigKeys (ConfUtils.java:logGet(43)) - raft.server.log.preallocated.size = 16384 (custom)
2019-10-21 23:04:09,539 [pool-37-thread-1] INFO  server.RaftServerConfigKeys (ConfUtils.java:logGet(43)) - raft.server.log.segment.size.max = 1048576 (custom)
2019-10-21 23:04:09,540 [pool-47-thread-1] INFO  server.RaftServerConfigKeys (ConfUtils.java:logGet(43)) - raft.server.log.write.buffer.size = 33554432 (custom)
2019-10-21 23:04:09,539 [pool-27-thread-1] INFO  segmented.SegmentedRaftLogWorker (SegmentedRaftLogWorker.java:<init>(173)) - new 8e5ceb90-17c7-416d-ba3b-e9af83490bf4@group-60CA7EC77FF7-SegmentedRaftLogWorker for RaftStorage:Storage Directory /workdir/hadoop-ozone/integration-test/target/test-dir/MiniOzoneClusterImpl-a7a400a2-5f0e-446d-a613-255cd6ec9d67/datanode-0/data/ratis/f77f3c44-7213-45ac-81dc-60ca7ec77ff7
2019-10-21 23:04:09,540 [pool-47-thread-1] INFO  server.RaftServerConfigKeys (ConfUtils.java:logGet(43)) - raft.server.log.force.sync.num = 128 (default)
2019-10-21 23:04:09,540 [pool-37-thread-1] INFO  server.RaftServerConfigKeys (ConfUtils.java:logGet(43)) - raft.server.log.segment.cache.num.max = 2 (custom)
2019-10-21 23:04:09,540 [pool-47-thread-1] INFO  server.RaftServerConfigKeys (ConfUtils.java:logGet(43)) - raft.server.log.statemachine.data.sync = true (default)
2019-10-21 23:04:09,540 [pool-27-thread-1] INFO  server.RaftServerConfigKeys (ConfUtils.java:logGet(43)) - raft.server.log.queue.byte-limit = 2147483647 (custom)
2019-10-21 23:04:09,540 [pool-47-thread-1] INFO  server.RaftServerConfigKeys (ConfUtils.java:logGet(43)) - raft.server.log.statemachine.data.sync.timeout = 10s (default)
2019-10-21 23:04:09,540 [pool-37-thread-1] INFO  segmented.SegmentedRaftLogWorker (SegmentedRaftLogWorker.java:<init>(173)) - new 2c02d436-c6f2-4204-8248-e3d2779a79c3@group-60CA7EC77FF7-SegmentedRaftLogWorker for RaftStorage:Storage Directory /workdir/hadoop-ozone/integration-test/target/test-dir/MiniOzoneClusterImpl-a7a400a2-5f0e-446d-a613-255cd6ec9d67/datanode-1/data/ratis/f77f3c44-7213-45ac-81dc-60ca7ec77ff7
2019-10-21 23:04:09,541 [pool-47-thread-1] INFO  server.RaftServerConfigKeys (ConfUtils.java:logGet(43)) - raft.server.log.statemachine.data.sync.timeout.retry = -1 (default)
2019-10-21 23:04:09,540 [pool-27-thread-1] INFO  server.RaftServerConfigKeys (ConfUtils.java:logGet(43)) - raft.server.log.queue.element-limit = 1024 (custom)
2019-10-21 23:04:09,541 [pool-37-thread-1] INFO  server.RaftServerConfigKeys (ConfUtils.java:logGet(43)) - raft.server.log.queue.byte-limit = 2147483647 (custom)
2019-10-21 23:04:09,541 [pool-47-thread-1] INFO  server.RaftServerConfigKeys (ConfUtils.java:logGet(43)) - raft.server.log.statemachine.data.caching.enabled = true (custom)
2019-10-21 23:04:09,541 [pool-37-thread-1] INFO  server.RaftServerConfigKeys (ConfUtils.java:logGet(43)) - raft.server.log.queue.element-limit = 1024 (custom)
2019-10-21 23:04:09,541 [pool-27-thread-1] INFO  server.RaftServerConfigKeys (ConfUtils.java:logGet(43)) - raft.server.log.segment.size.max = 1048576 (custom)
2019-10-21 23:04:09,541 [pool-37-thread-1] INFO  server.RaftServerConfigKeys (ConfUtils.java:logGet(43)) - raft.server.log.segment.size.max = 1048576 (custom)
2019-10-21 23:04:09,541 [pool-47-thread-1] INFO  segmented.SegmentedRaftLogWorker (SegmentedRaftLogWorker.java:lambda$new$0(128)) - 95f8ce0c-61f1-45b1-a4e7-5b97bbfe9a5b@group-60CA7EC77FF7-SegmentedRaftLogWorker: flushIndex: setUnconditionally 0 -> -1
2019-10-21 23:04:09,541 [pool-27-thread-1] INFO  server.RaftServerConfigKeys (ConfUtils.java:logGet(43)) - raft.server.log.preallocated.size = 16384 (custom)
2019-10-21 23:04:09,542 [pool-37-thread-1] INFO  server.RaftServerConfigKeys (ConfUtils.java:logGet(43)) - raft.server.log.preallocated.size = 16384 (custom)
2019-10-21 23:04:09,542 [pool-27-thread-1] INFO  server.RaftServerConfigKeys (ConfUtils.java:logGet(43)) - raft.server.log.write.buffer.size = 33554432 (custom)
2019-10-21 23:04:09,542 [pool-47-thread-1] INFO  server.RaftServerConfigKeys (ConfUtils.java:logGet(43)) - raft.server.snapshot.auto.trigger.enabled = true (custom)
2019-10-21 23:04:09,542 [pool-27-thread-1] INFO  server.RaftServerConfigKeys (ConfUtils.java:logGet(43)) - raft.server.log.force.sync.num = 128 (default)
2019-10-21 23:04:09,542 [pool-37-thread-1] INFO  server.RaftServerConfigKeys (ConfUtils.java:logGet(43)) - raft.server.log.write.buffer.size = 33554432 (custom)
2019-10-21 23:04:09,543 [pool-27-thread-1] INFO  server.RaftServerConfigKeys (ConfUtils.java:logGet(43)) - raft.server.log.statemachine.data.sync = true (default)
2019-10-21 23:04:09,542 [pool-47-thread-1] INFO  server.RaftServerConfigKeys (ConfUtils.java:logGet(43)) - raft.server.snapshot.auto.trigger.threshold = 10000 (custom)
2019-10-21 23:04:09,543 [pool-27-thread-1] INFO  server.RaftServerConfigKeys (ConfUtils.java:logGet(43)) - raft.server.log.statemachine.data.sync.timeout = 10s (default)
2019-10-21 23:04:09,543 [pool-37-thread-1] INFO  server.RaftServerConfigKeys (ConfUtils.java:logGet(43)) - raft.server.log.force.sync.num = 128 (default)
2019-10-21 23:04:09,543 [pool-27-thread-1] INFO  server.RaftServerConfigKeys (ConfUtils.java:logGet(43)) - raft.server.log.statemachine.data.sync.timeout.retry = -1 (default)
2019-10-21 23:04:09,543 [pool-47-thread-1] INFO  server.RaftServerConfigKeys (ConfUtils.java:logGet(43)) - raft.server.snapshot.retention.file.num = 5 (custom)
2019-10-21 23:04:09,543 [pool-37-thread-1] INFO  server.RaftServerConfigKeys (ConfUtils.java:logGet(43)) - raft.server.log.statemachine.data.sync = true (default)
2019-10-21 23:04:09,544 [pool-27-thread-1] INFO  server.RaftServerConfigKeys (ConfUtils.java:logGet(43)) - raft.server.log.statemachine.data.caching.enabled = true (custom)
2019-10-21 23:04:09,544 [pool-37-thread-1] INFO  server.RaftServerConfigKeys (ConfUtils.java:logGet(43)) - raft.server.log.statemachine.data.sync.timeout = 10s (default)
2019-10-21 23:04:09,544 [pool-47-thread-1] INFO  server.RaftServerConfigKeys (ConfUtils.java:logGet(43)) - raft.server.retrycache.expirytime = 600000ms (custom)
2019-10-21 23:04:09,544 [pool-27-thread-1] INFO  segmented.SegmentedRaftLogWorker (SegmentedRaftLogWorker.java:lambda$new$0(128)) - 8e5ceb90-17c7-416d-ba3b-e9af83490bf4@group-60CA7EC77FF7-SegmentedRaftLogWorker: flushIndex: setUnconditionally 0 -> -1
2019-10-21 23:04:09,544 [pool-37-thread-1] INFO  server.RaftServerConfigKeys (ConfUtils.java:logGet(43)) - raft.server.log.statemachine.data.sync.timeout.retry = -1 (default)
2019-10-21 23:04:09,544 [pool-27-thread-1] INFO  server.RaftServerConfigKeys (ConfUtils.java:logGet(43)) - raft.server.snapshot.auto.trigger.enabled = true (custom)
2019-10-21 23:04:09,545 [pool-37-thread-1] INFO  server.RaftServerConfigKeys (ConfUtils.java:logGet(43)) - raft.server.log.statemachine.data.caching.enabled = true (custom)
2019-10-21 23:04:09,545 [pool-27-thread-1] INFO  server.RaftServerConfigKeys (ConfUtils.java:logGet(43)) - raft.server.snapshot.auto.trigger.threshold = 10000 (custom)
2019-10-21 23:04:09,545 [pool-27-thread-1] INFO  server.RaftServerConfigKeys (ConfUtils.java:logGet(43)) - raft.server.snapshot.retention.file.num = 5 (custom)
2019-10-21 23:04:09,545 [pool-37-thread-1] INFO  segmented.SegmentedRaftLogWorker (SegmentedRaftLogWorker.java:lambda$new$0(128)) - 2c02d436-c6f2-4204-8248-e3d2779a79c3@group-60CA7EC77FF7-SegmentedRaftLogWorker: flushIndex: setUnconditionally 0 -> -1
2019-10-21 23:04:09,545 [pool-27-thread-1] INFO  server.RaftServerConfigKeys (ConfUtils.java:logGet(43)) - raft.server.retrycache.expirytime = 600000ms (custom)
2019-10-21 23:04:09,545 [pool-37-thread-1] INFO  server.RaftServerConfigKeys (ConfUtils.java:logGet(43)) - raft.server.snapshot.auto.trigger.enabled = true (custom)
2019-10-21 23:04:09,546 [pool-37-thread-1] INFO  server.RaftServerConfigKeys (ConfUtils.java:logGet(43)) - raft.server.snapshot.auto.trigger.threshold = 10000 (custom)
2019-10-21 23:04:09,546 [pool-37-thread-1] INFO  server.RaftServerConfigKeys (ConfUtils.java:logGet(43)) - raft.server.snapshot.retention.file.num = 5 (custom)
2019-10-21 23:04:09,546 [pool-37-thread-1] INFO  server.RaftServerConfigKeys (ConfUtils.java:logGet(43)) - raft.server.retrycache.expirytime = 600000ms (custom)
2019-10-21 23:04:09,547 [Thread-189] INFO  impl.FollowerState (FollowerState.java:run(108)) - 2c02d436-c6f2-4204-8248-e3d2779a79c3@group-6BB505043614-FollowerState: change to CANDIDATE, lastRpcTime:176ms, electionTimeout:175ms
2019-10-21 23:04:09,548 [Thread-189] INFO  impl.RoleInfo (RoleInfo.java:shutdownFollowerState(121)) - 2c02d436-c6f2-4204-8248-e3d2779a79c3: shutdown FollowerState
2019-10-21 23:04:09,548 [Thread-189] INFO  impl.RaftServerImpl (RaftServerImpl.java:setRole(184)) - 2c02d436-c6f2-4204-8248-e3d2779a79c3@group-6BB505043614: changes role from  FOLLOWER to CANDIDATE at term 0 for changeToCandidate
2019-10-21 23:04:09,548 [Thread-189] INFO  impl.RoleInfo (RoleInfo.java:updateAndGet(143)) - 2c02d436-c6f2-4204-8248-e3d2779a79c3: start LeaderElection
2019-10-21 23:04:09,551 [pool-47-thread-1] INFO  impl.RaftServerImpl (RaftServerImpl.java:start(195)) - 95f8ce0c-61f1-45b1-a4e7-5b97bbfe9a5b@group-60CA7EC77FF7: start as a follower, conf=-1: [8e5ceb90-17c7-416d-ba3b-e9af83490bf4:192.168.69.118:43663, 95f8ce0c-61f1-45b1-a4e7-5b97bbfe9a5b:192.168.69.118:45158, 2c02d436-c6f2-4204-8248-e3d2779a79c3:192.168.69.118:45342], old=null
2019-10-21 23:04:09,551 [pool-47-thread-1] INFO  impl.RaftServerImpl (RaftServerImpl.java:setRole(184)) - 95f8ce0c-61f1-45b1-a4e7-5b97bbfe9a5b@group-60CA7EC77FF7: changes role from      null to FOLLOWER at term 0 for startAsFollower
2019-10-21 23:04:09,552 [pool-47-thread-1] INFO  impl.RoleInfo (RoleInfo.java:updateAndGet(143)) - 95f8ce0c-61f1-45b1-a4e7-5b97bbfe9a5b: start FollowerState
2019-10-21 23:04:09,552 [pool-27-thread-1] INFO  impl.RaftServerImpl (RaftServerImpl.java:start(195)) - 8e5ceb90-17c7-416d-ba3b-e9af83490bf4@group-60CA7EC77FF7: start as a follower, conf=-1: [8e5ceb90-17c7-416d-ba3b-e9af83490bf4:192.168.69.118:43663, 95f8ce0c-61f1-45b1-a4e7-5b97bbfe9a5b:192.168.69.118:45158, 2c02d436-c6f2-4204-8248-e3d2779a79c3:192.168.69.118:45342], old=null
2019-10-21 23:04:09,552 [pool-47-thread-1] INFO  util.JmxRegister (JmxRegister.java:tryRegister(44)) - Successfully registered JMX Bean with object name Ratis:service=RaftServer,group=group-60CA7EC77FF7,id=95f8ce0c-61f1-45b1-a4e7-5b97bbfe9a5b
2019-10-21 23:04:09,552 [pool-27-thread-1] INFO  impl.RaftServerImpl (RaftServerImpl.java:setRole(184)) - 8e5ceb90-17c7-416d-ba3b-e9af83490bf4@group-60CA7EC77FF7: changes role from      null to FOLLOWER at term 0 for startAsFollower
2019-10-21 23:04:09,552 [pool-37-thread-1] INFO  impl.RaftServerImpl (RaftServerImpl.java:start(195)) - 2c02d436-c6f2-4204-8248-e3d2779a79c3@group-60CA7EC77FF7: start as a follower, conf=-1: [8e5ceb90-17c7-416d-ba3b-e9af83490bf4:192.168.69.118:43663, 95f8ce0c-61f1-45b1-a4e7-5b97bbfe9a5b:192.168.69.118:45158, 2c02d436-c6f2-4204-8248-e3d2779a79c3:192.168.69.118:45342], old=null
2019-10-21 23:04:09,553 [pool-27-thread-1] INFO  impl.RoleInfo (RoleInfo.java:updateAndGet(143)) - 8e5ceb90-17c7-416d-ba3b-e9af83490bf4: start FollowerState
2019-10-21 23:04:09,553 [pool-37-thread-1] INFO  impl.RaftServerImpl (RaftServerImpl.java:setRole(184)) - 2c02d436-c6f2-4204-8248-e3d2779a79c3@group-60CA7EC77FF7: changes role from      null to FOLLOWER at term 0 for startAsFollower
2019-10-21 23:04:09,553 [pool-37-thread-1] INFO  impl.RoleInfo (RoleInfo.java:updateAndGet(143)) - 2c02d436-c6f2-4204-8248-e3d2779a79c3: start FollowerState
2019-10-21 23:04:09,553 [pool-27-thread-1] INFO  util.JmxRegister (JmxRegister.java:tryRegister(44)) - Successfully registered JMX Bean with object name Ratis:service=RaftServer,group=group-60CA7EC77FF7,id=8e5ceb90-17c7-416d-ba3b-e9af83490bf4
2019-10-21 23:04:09,553 [pool-37-thread-1] INFO  util.JmxRegister (JmxRegister.java:tryRegister(44)) - Successfully registered JMX Bean with object name Ratis:service=RaftServer,group=group-60CA7EC77FF7,id=2c02d436-c6f2-4204-8248-e3d2779a79c3
2019-10-21 23:04:09,556 [2c02d436-c6f2-4204-8248-e3d2779a79c3@group-6BB505043614-LeaderElection3] INFO  impl.LeaderElection (LeaderElection.java:askForVotes(178)) - 2c02d436-c6f2-4204-8248-e3d2779a79c3@group-6BB505043614-LeaderElection3: begin an election at term 1 for -1: [2c02d436-c6f2-4204-8248-e3d2779a79c3:192.168.69.118:45342], old=null
2019-10-21 23:04:09,556 [2c02d436-c6f2-4204-8248-e3d2779a79c3@group-6BB505043614-LeaderElection3] INFO  impl.RoleInfo (RoleInfo.java:shutdownLeaderElection(134)) - 2c02d436-c6f2-4204-8248-e3d2779a79c3: shutdown LeaderElection
2019-10-21 23:04:09,556 [2c02d436-c6f2-4204-8248-e3d2779a79c3@group-6BB505043614-LeaderElection3] INFO  impl.RaftServerImpl (RaftServerImpl.java:setRole(184)) - 2c02d436-c6f2-4204-8248-e3d2779a79c3@group-6BB505043614: changes role from CANDIDATE to LEADER at term 1 for changeToLeader
2019-10-21 23:04:09,556 [2c02d436-c6f2-4204-8248-e3d2779a79c3@group-6BB505043614-LeaderElection3] INFO  impl.RaftServerImpl (ServerState.java:setLeader(256)) - 2c02d436-c6f2-4204-8248-e3d2779a79c3@group-6BB505043614: change Leader from null to 2c02d436-c6f2-4204-8248-e3d2779a79c3 at term 1 for becomeLeader, leader elected after 198ms
2019-10-21 23:04:09,556 [2c02d436-c6f2-4204-8248-e3d2779a79c3@group-6BB505043614-LeaderElection3] INFO  server.RaftServerConfigKeys (ConfUtils.java:logGet(43)) - raft.server.staging.catchup.gap = 1000 (default)
2019-10-21 23:04:09,557 [2c02d436-c6f2-4204-8248-e3d2779a79c3@group-6BB505043614-LeaderElection3] INFO  server.RaftServerConfigKeys (ConfUtils.java:logGet(43)) - raft.server.rpc.sleep.time = 25ms (default)
2019-10-21 23:04:09,557 [2c02d436-c6f2-4204-8248-e3d2779a79c3@group-6BB505043614-LeaderElection3] INFO  server.RaftServerConfigKeys (ConfUtils.java:logGet(43)) - raft.server.write.element-limit = 4096 (default)
2019-10-21 23:04:09,557 [2c02d436-c6f2-4204-8248-e3d2779a79c3@group-6BB505043614-LeaderElection3] INFO  server.RaftServerConfigKeys (ConfUtils.java:logGet(43)) - raft.server.watch.timeout = 10s (default)
2019-10-21 23:04:09,557 [2c02d436-c6f2-4204-8248-e3d2779a79c3@group-6BB505043614-LeaderElection3] INFO  server.RaftServerConfigKeys (ConfUtils.java:logGet(43)) - raft.server.watch.timeout.denomination = 1s (default)
2019-10-21 23:04:09,558 [2c02d436-c6f2-4204-8248-e3d2779a79c3@group-6BB505043614-LeaderElection3] INFO  server.RaftServerConfigKeys (ConfUtils.java:logGet(43)) - raft.server.watch.element-limit = 65536 (default)
2019-10-21 23:04:09,568 [2c02d436-c6f2-4204-8248-e3d2779a79c3@group-6BB505043614-LeaderElection3] INFO  impl.RoleInfo (RoleInfo.java:updateAndGet(143)) - 2c02d436-c6f2-4204-8248-e3d2779a79c3: start LeaderState
2019-10-21 23:04:09,570 [2c02d436-c6f2-4204-8248-e3d2779a79c3@group-6BB505043614-LeaderElection3] INFO  segmented.SegmentedRaftLogWorker (SegmentedRaftLogWorker.java:startLogSegment(385)) - 2c02d436-c6f2-4204-8248-e3d2779a79c3@group-6BB505043614-SegmentedRaftLogWorker: Starting segment from index:0
2019-10-21 23:04:09,572 [2c02d436-c6f2-4204-8248-e3d2779a79c3@group-6BB505043614-LeaderElection3] INFO  impl.RaftServerImpl (ServerState.java:setRaftConf(357)) - 2c02d436-c6f2-4204-8248-e3d2779a79c3@group-6BB505043614: set configuration 0: [2c02d436-c6f2-4204-8248-e3d2779a79c3:192.168.69.118:45342], old=null at 0
2019-10-21 23:04:09,575 [RatisPipelineUtilsThread] INFO  pipeline.PipelineStateManager (PipelineStateManager.java:addPipeline(56)) - Created pipeline Pipeline[ Id: f77f3c44-7213-45ac-81dc-60ca7ec77ff7, Nodes: 2c02d436-c6f2-4204-8248-e3d2779a79c3{ip: 192.168.69.118, host: pr-hdds-2131-w2fms-3313293055, networkLocation: /default-rack, certSerialId: null}95f8ce0c-61f1-45b1-a4e7-5b97bbfe9a5b{ip: 192.168.69.118, host: pr-hdds-2131-w2fms-3313293055, networkLocation: /default-rack, certSerialId: null}8e5ceb90-17c7-416d-ba3b-e9af83490bf4{ip: 192.168.69.118, host: pr-hdds-2131-w2fms-3313293055, networkLocation: /default-rack, certSerialId: null}, Type:RATIS, Factor:THREE, State:OPEN]
2019-10-21 23:04:09,591 [Thread-203] INFO  impl.FollowerState (FollowerState.java:run(108)) - 8e5ceb90-17c7-416d-ba3b-e9af83490bf4@group-60CA7EC77FF7-FollowerState: change to CANDIDATE, lastRpcTime:38ms, electionTimeout:38ms
2019-10-21 23:04:09,591 [Thread-203] INFO  impl.RoleInfo (RoleInfo.java:shutdownFollowerState(121)) - 8e5ceb90-17c7-416d-ba3b-e9af83490bf4: shutdown FollowerState
2019-10-21 23:04:09,591 [Thread-203] INFO  impl.RaftServerImpl (RaftServerImpl.java:setRole(184)) - 8e5ceb90-17c7-416d-ba3b-e9af83490bf4@group-60CA7EC77FF7: changes role from  FOLLOWER to CANDIDATE at term 0 for changeToCandidate
2019-10-21 23:04:09,592 [Thread-203] INFO  impl.RoleInfo (RoleInfo.java:updateAndGet(143)) - 8e5ceb90-17c7-416d-ba3b-e9af83490bf4: start LeaderElection
2019-10-21 23:04:09,607 [8e5ceb90-17c7-416d-ba3b-e9af83490bf4@group-60CA7EC77FF7-LeaderElection4] INFO  impl.LeaderElection (LeaderElection.java:askForVotes(178)) - 8e5ceb90-17c7-416d-ba3b-e9af83490bf4@group-60CA7EC77FF7-LeaderElection4: begin an election at term 1 for -1: [8e5ceb90-17c7-416d-ba3b-e9af83490bf4:192.168.69.118:43663, 95f8ce0c-61f1-45b1-a4e7-5b97bbfe9a5b:192.168.69.118:45158, 2c02d436-c6f2-4204-8248-e3d2779a79c3:192.168.69.118:45342], old=null
2019-10-21 23:04:09,636 [grpc-default-executor-1] INFO  impl.RaftServerImpl (RaftServerImpl.java:setRole(184)) - 2c02d436-c6f2-4204-8248-e3d2779a79c3@group-60CA7EC77FF7: changes role from  FOLLOWER to FOLLOWER at term 1 for recognizeCandidate:8e5ceb90-17c7-416d-ba3b-e9af83490bf4
2019-10-21 23:04:09,636 [grpc-default-executor-2] INFO  impl.RaftServerImpl (RaftServerImpl.java:setRole(184)) - 95f8ce0c-61f1-45b1-a4e7-5b97bbfe9a5b@group-60CA7EC77FF7: changes role from  FOLLOWER to FOLLOWER at term 1 for recognizeCandidate:8e5ceb90-17c7-416d-ba3b-e9af83490bf4
2019-10-21 23:04:09,636 [grpc-default-executor-1] INFO  impl.RoleInfo (RoleInfo.java:shutdownFollowerState(121)) - 2c02d436-c6f2-4204-8248-e3d2779a79c3: shutdown FollowerState
2019-10-21 23:04:09,637 [grpc-default-executor-2] INFO  impl.RoleInfo (RoleInfo.java:shutdownFollowerState(121)) - 95f8ce0c-61f1-45b1-a4e7-5b97bbfe9a5b: shutdown FollowerState
2019-10-21 23:04:09,637 [Thread-204] INFO  impl.FollowerState (FollowerState.java:run(117)) - 2c02d436-c6f2-4204-8248-e3d2779a79c3@group-60CA7EC77FF7-FollowerState was interrupted: java.lang.InterruptedException: sleep interrupted
2019-10-21 23:04:09,637 [grpc-default-executor-1] INFO  impl.RoleInfo (RoleInfo.java:updateAndGet(143)) - 2c02d436-c6f2-4204-8248-e3d2779a79c3: start FollowerState
2019-10-21 23:04:09,637 [grpc-default-executor-2] INFO  impl.RoleInfo (RoleInfo.java:updateAndGet(143)) - 95f8ce0c-61f1-45b1-a4e7-5b97bbfe9a5b: start FollowerState
2019-10-21 23:04:09,637 [Thread-202] INFO  impl.FollowerState (FollowerState.java:run(117)) - 95f8ce0c-61f1-45b1-a4e7-5b97bbfe9a5b@group-60CA7EC77FF7-FollowerState was interrupted: java.lang.InterruptedException: sleep interrupted
2019-10-21 23:04:09,693 [main] INFO  ozone.MiniOzoneClusterImpl (MiniOzoneClusterImpl.java:lambda$waitForClusterToBeReady$0(147)) - Cluster is ready. Got 3 of 3 DN Heartbeats.
2019-10-21 23:04:09,702 [8e5ceb90-17c7-416d-ba3b-e9af83490bf4@group-60CA7EC77FF7-LeaderElection4] INFO  impl.LeaderElection (LeaderElection.java:logAndReturn(56)) - 8e5ceb90-17c7-416d-ba3b-e9af83490bf4@group-60CA7EC77FF7-LeaderElection4: Election PASSED; received 1 response(s) [8e5ceb90-17c7-416d-ba3b-e9af83490bf4<-95f8ce0c-61f1-45b1-a4e7-5b97bbfe9a5b#0:OK-t1] and 0 exception(s); 8e5ceb90-17c7-416d-ba3b-e9af83490bf4@group-60CA7EC77FF7:t1, leader=null, voted=8e5ceb90-17c7-416d-ba3b-e9af83490bf4, raftlog=8e5ceb90-17c7-416d-ba3b-e9af83490bf4@group-60CA7EC77FF7-SegmentedRaftLog:OPENED:c-1,f-1,i0, conf=-1: [8e5ceb90-17c7-416d-ba3b-e9af83490bf4:192.168.69.118:43663, 95f8ce0c-61f1-45b1-a4e7-5b97bbfe9a5b:192.168.69.118:45158, 2c02d436-c6f2-4204-8248-e3d2779a79c3:192.168.69.118:45342], old=null
2019-10-21 23:04:09,702 [8e5ceb90-17c7-416d-ba3b-e9af83490bf4@group-60CA7EC77FF7-LeaderElection4] INFO  impl.RoleInfo (RoleInfo.java:shutdownLeaderElection(134)) - 8e5ceb90-17c7-416d-ba3b-e9af83490bf4: shutdown LeaderElection
2019-10-21 23:04:09,702 [8e5ceb90-17c7-416d-ba3b-e9af83490bf4@group-60CA7EC77FF7-LeaderElection4] INFO  impl.RaftServerImpl (RaftServerImpl.java:setRole(184)) - 8e5ceb90-17c7-416d-ba3b-e9af83490bf4@group-60CA7EC77FF7: changes role from CANDIDATE to LEADER at term 1 for changeToLeader
2019-10-21 23:04:09,703 [8e5ceb90-17c7-416d-ba3b-e9af83490bf4@group-60CA7EC77FF7-LeaderElection4] INFO  impl.RaftServerImpl (ServerState.java:setLeader(256)) - 8e5ceb90-17c7-416d-ba3b-e9af83490bf4@group-60CA7EC77FF7: change Leader from null to 8e5ceb90-17c7-416d-ba3b-e9af83490bf4 at term 1 for becomeLeader, leader elected after 165ms
2019-10-21 23:04:09,704 [8e5ceb90-17c7-416d-ba3b-e9af83490bf4@group-60CA7EC77FF7-LeaderElection4] INFO  server.RaftServerConfigKeys (ConfUtils.java:logGet(43)) - raft.server.staging.catchup.gap = 1000 (default)
2019-10-21 23:04:09,704 [8e5ceb90-17c7-416d-ba3b-e9af83490bf4@group-60CA7EC77FF7-LeaderElection4] INFO  server.RaftServerConfigKeys (ConfUtils.java:logGet(43)) - raft.server.rpc.sleep.time = 25ms (default)
2019-10-21 23:04:09,704 [8e5ceb90-17c7-416d-ba3b-e9af83490bf4@group-60CA7EC77FF7-LeaderElection4] INFO  server.RaftServerConfigKeys (ConfUtils.java:logGet(43)) - raft.server.write.element-limit = 4096 (default)
2019-10-21 23:04:09,704 [8e5ceb90-17c7-416d-ba3b-e9af83490bf4@group-60CA7EC77FF7-LeaderElection4] INFO  server.RaftServerConfigKeys (ConfUtils.java:logGet(43)) - raft.server.watch.timeout = 10s (default)
2019-10-21 23:04:09,704 [8e5ceb90-17c7-416d-ba3b-e9af83490bf4@group-60CA7EC77FF7-LeaderElection4] INFO  server.RaftServerConfigKeys (ConfUtils.java:logGet(43)) - raft.server.watch.timeout.denomination = 1s (default)
2019-10-21 23:04:09,704 [8e5ceb90-17c7-416d-ba3b-e9af83490bf4@group-60CA7EC77FF7-LeaderElection4] INFO  server.RaftServerConfigKeys (ConfUtils.java:logGet(43)) - raft.server.watch.element-limit = 65536 (default)
2019-10-21 23:04:09,710 [8e5ceb90-17c7-416d-ba3b-e9af83490bf4@group-60CA7EC77FF7-LeaderElection4] INFO  server.RaftServerConfigKeys (ConfUtils.java:logGet(43)) - raft.server.log.appender.snapshot.chunk.size.max = 16MB (=16777216) (default)
2019-10-21 23:04:09,710 [8e5ceb90-17c7-416d-ba3b-e9af83490bf4@group-60CA7EC77FF7-LeaderElection4] INFO  server.RaftServerConfigKeys (ConfUtils.java:logGet(43)) - raft.server.log.appender.buffer.byte-limit = 33554432 (custom)
2019-10-21 23:04:09,710 [8e5ceb90-17c7-416d-ba3b-e9af83490bf4@group-60CA7EC77FF7-LeaderElection4] INFO  server.RaftServerConfigKeys (ConfUtils.java:logGet(43)) - raft.server.log.appender.buffer.element-limit = 1 (custom)
2019-10-21 23:04:09,711 [95f8ce0c-61f1-45b1-a4e7-5b97bbfe9a5b@group-DF889DFD8CFF-SegmentedRaftLogWorker] INFO  segmented.SegmentedRaftLogWorker (SegmentedRaftLogWorker.java:execute(576)) - 95f8ce0c-61f1-45b1-a4e7-5b97bbfe9a5b@group-DF889DFD8CFF-SegmentedRaftLogWorker: created new log segment /workdir/hadoop-ozone/integration-test/target/test-dir/MiniOzoneClusterImpl-a7a400a2-5f0e-446d-a613-255cd6ec9d67/datanode-2/data/ratis/3cb421da-c0c7-4180-a4d6-df889dfd8cff/current/log_inprogress_0
2019-10-21 23:04:09,711 [8e5ceb90-17c7-416d-ba3b-e9af83490bf4@group-B674AE6B1A89-SegmentedRaftLogWorker] INFO  segmented.SegmentedRaftLogWorker (SegmentedRaftLogWorker.java:execute(576)) - 8e5ceb90-17c7-416d-ba3b-e9af83490bf4@group-B674AE6B1A89-SegmentedRaftLogWorker: created new log segment /workdir/hadoop-ozone/integration-test/target/test-dir/MiniOzoneClusterImpl-a7a400a2-5f0e-446d-a613-255cd6ec9d67/datanode-0/data/ratis/788d85b3-f01e-43ee-81de-b674ae6b1a89/current/log_inprogress_0
2019-10-21 23:04:09,711 [2c02d436-c6f2-4204-8248-e3d2779a79c3@group-6BB505043614-SegmentedRaftLogWorker] INFO  segmented.SegmentedRaftLogWorker (SegmentedRaftLogWorker.java:execute(576)) - 2c02d436-c6f2-4204-8248-e3d2779a79c3@group-6BB505043614-SegmentedRaftLogWorker: created new log segment /workdir/hadoop-ozone/integration-test/target/test-dir/MiniOzoneClusterImpl-a7a400a2-5f0e-446d-a613-255cd6ec9d67/datanode-1/data/ratis/b4aae664-47b0-4017-ada1-6bb505043614/current/log_inprogress_0
2019-10-21 23:04:09,721 [8e5ceb90-17c7-416d-ba3b-e9af83490bf4@group-60CA7EC77FF7-LeaderElection4] INFO  grpc.GrpcConfigKeys$Server (ConfUtils.java:logGet(43)) - raft.grpc.server.leader.outstanding.appends.max = 128 (default)
2019-10-21 23:04:09,722 [8e5ceb90-17c7-416d-ba3b-e9af83490bf4@group-60CA7EC77FF7-LeaderElection4] INFO  server.RaftServerConfigKeys (ConfUtils.java:logGet(43)) - raft.server.rpc.request.timeout = 3000ms (default)
2019-10-21 23:04:09,722 [8e5ceb90-17c7-416d-ba3b-e9af83490bf4@group-60CA7EC77FF7-LeaderElection4] INFO  server.RaftServerConfigKeys (ConfUtils.java:logGet(43)) - raft.server.log.appender.install.snapshot.enabled = false (custom)
2019-10-21 23:04:09,729 [8e5ceb90-17c7-416d-ba3b-e9af83490bf4@group-60CA7EC77FF7-LeaderElection4] INFO  server.RaftServerConfigKeys (ConfUtils.java:logGet(43)) - raft.server.log.appender.snapshot.chunk.size.max = 16MB (=16777216) (default)
2019-10-21 23:04:09,729 [8e5ceb90-17c7-416d-ba3b-e9af83490bf4@group-60CA7EC77FF7-LeaderElection4] INFO  server.RaftServerConfigKeys (ConfUtils.java:logGet(43)) - raft.server.log.appender.buffer.byte-limit = 33554432 (custom)
2019-10-21 23:04:09,729 [8e5ceb90-17c7-416d-ba3b-e9af83490bf4@group-60CA7EC77FF7-LeaderElection4] INFO  server.RaftServerConfigKeys (ConfUtils.java:logGet(43)) - raft.server.log.appender.buffer.element-limit = 1 (custom)
2019-10-21 23:04:09,729 [8e5ceb90-17c7-416d-ba3b-e9af83490bf4@group-60CA7EC77FF7-LeaderElection4] INFO  grpc.GrpcConfigKeys$Server (ConfUtils.java:logGet(43)) - raft.grpc.server.leader.outstanding.appends.max = 128 (default)
2019-10-21 23:04:09,730 [8e5ceb90-17c7-416d-ba3b-e9af83490bf4@group-60CA7EC77FF7-LeaderElection4] INFO  server.RaftServerConfigKeys (ConfUtils.java:logGet(43)) - raft.server.rpc.request.timeout = 3000ms (default)
2019-10-21 23:04:09,730 [8e5ceb90-17c7-416d-ba3b-e9af83490bf4@group-60CA7EC77FF7-LeaderElection4] INFO  server.RaftServerConfigKeys (ConfUtils.java:logGet(43)) - raft.server.log.appender.install.snapshot.enabled = false (custom)
2019-10-21 23:04:09,736 [8e5ceb90-17c7-416d-ba3b-e9af83490bf4@group-60CA7EC77FF7-LeaderElection4] INFO  impl.RoleInfo (RoleInfo.java:updateAndGet(143)) - 8e5ceb90-17c7-416d-ba3b-e9af83490bf4: start LeaderState
2019-10-21 23:04:09,737 [8e5ceb90-17c7-416d-ba3b-e9af83490bf4@group-60CA7EC77FF7-LeaderElection4] INFO  segmented.SegmentedRaftLogWorker (SegmentedRaftLogWorker.java:startLogSegment(385)) - 8e5ceb90-17c7-416d-ba3b-e9af83490bf4@group-60CA7EC77FF7-SegmentedRaftLogWorker: Starting segment from index:0
2019-10-21 23:04:09,738 [8e5ceb90-17c7-416d-ba3b-e9af83490bf4@group-60CA7EC77FF7-LeaderElection4] INFO  impl.RaftServerImpl (ServerState.java:setRaftConf(357)) - 8e5ceb90-17c7-416d-ba3b-e9af83490bf4@group-60CA7EC77FF7: set configuration 0: [8e5ceb90-17c7-416d-ba3b-e9af83490bf4:192.168.69.118:43663, 95f8ce0c-61f1-45b1-a4e7-5b97bbfe9a5b:192.168.69.118:45158, 2c02d436-c6f2-4204-8248-e3d2779a79c3:192.168.69.118:45342], old=null at 0
2019-10-21 23:04:09,765 [Thread-212] INFO  impl.FollowerState (FollowerState.java:run(108)) - 2c02d436-c6f2-4204-8248-e3d2779a79c3@group-60CA7EC77FF7-FollowerState: change to CANDIDATE, lastRpcTime:127ms, electionTimeout:113ms
2019-10-21 23:04:09,765 [Thread-212] INFO  impl.RoleInfo (RoleInfo.java:shutdownFollowerState(121)) - 2c02d436-c6f2-4204-8248-e3d2779a79c3: shutdown FollowerState
2019-10-21 23:04:09,765 [Thread-212] INFO  impl.RaftServerImpl (RaftServerImpl.java:setRole(184)) - 2c02d436-c6f2-4204-8248-e3d2779a79c3@group-60CA7EC77FF7: changes role from  FOLLOWER to CANDIDATE at term 1 for changeToCandidate
2019-10-21 23:04:09,766 [Thread-212] INFO  impl.RoleInfo (RoleInfo.java:updateAndGet(143)) - 2c02d436-c6f2-4204-8248-e3d2779a79c3: start LeaderElection
2019-10-21 23:04:09,779 [8e5ceb90-17c7-416d-ba3b-e9af83490bf4@group-60CA7EC77FF7-SegmentedRaftLogWorker] INFO  segmented.SegmentedRaftLogWorker (SegmentedRaftLogWorker.java:execute(576)) - 8e5ceb90-17c7-416d-ba3b-e9af83490bf4@group-60CA7EC77FF7-SegmentedRaftLogWorker: created new log segment /workdir/hadoop-ozone/integration-test/target/test-dir/MiniOzoneClusterImpl-a7a400a2-5f0e-446d-a613-255cd6ec9d67/datanode-0/data/ratis/f77f3c44-7213-45ac-81dc-60ca7ec77ff7/current/log_inprogress_0
2019-10-21 23:04:09,779 [2c02d436-c6f2-4204-8248-e3d2779a79c3@group-60CA7EC77FF7-LeaderElection5] INFO  impl.LeaderElection (LeaderElection.java:askForVotes(178)) - 2c02d436-c6f2-4204-8248-e3d2779a79c3@group-60CA7EC77FF7-LeaderElection5: begin an election at term 2 for -1: [8e5ceb90-17c7-416d-ba3b-e9af83490bf4:192.168.69.118:43663, 95f8ce0c-61f1-45b1-a4e7-5b97bbfe9a5b:192.168.69.118:45158, 2c02d436-c6f2-4204-8248-e3d2779a79c3:192.168.69.118:45342], old=null
2019-10-21 23:04:09,789 [grpc-default-executor-1] INFO  impl.RaftServerImpl (ServerState.java:setLeader(256)) - 95f8ce0c-61f1-45b1-a4e7-5b97bbfe9a5b@group-60CA7EC77FF7: change Leader from null to 8e5ceb90-17c7-416d-ba3b-e9af83490bf4 at term 1 for appendEntries, leader elected after 252ms
2019-10-21 23:04:09,795 [grpc-default-executor-3] INFO  impl.RaftServerImpl (ServerState.java:setLeader(256)) - 8e5ceb90-17c7-416d-ba3b-e9af83490bf4@group-60CA7EC77FF7: change Leader from 8e5ceb90-17c7-416d-ba3b-e9af83490bf4 to null at term 2 for updateCurrentTerm
2019-10-21 23:04:09,796 [grpc-default-executor-3] INFO  impl.RaftServerImpl (RaftServerImpl.java:setRole(184)) - 8e5ceb90-17c7-416d-ba3b-e9af83490bf4@group-60CA7EC77FF7: changes role from    LEADER to FOLLOWER at term 2 for recognizeCandidate:2c02d436-c6f2-4204-8248-e3d2779a79c3
2019-10-21 23:04:09,796 [grpc-default-executor-3] INFO  impl.RoleInfo (RoleInfo.java:shutdownLeaderState(104)) - 8e5ceb90-17c7-416d-ba3b-e9af83490bf4: shutdown LeaderState
2019-10-21 23:04:09,798 [org.apache.ratis.server.impl.LogAppender$AppenderDaemon$$Lambda$388/1385193839@64b98212] WARN  server.GrpcLogAppender (GrpcLogAppender.java:mayWait(149)) - 8e5ceb90-17c7-416d-ba3b-e9af83490bf4@group-60CA7EC77FF7->95f8ce0c-61f1-45b1-a4e7-5b97bbfe9a5b-GrpcLogAppender: Wait interrupted by java.lang.InterruptedException
2019-10-21 23:04:09,798 [org.apache.ratis.server.impl.LogAppender$AppenderDaemon$$Lambda$388/1385193839@5fbbf5b1] WARN  server.GrpcLogAppender (GrpcLogAppender.java:mayWait(149)) - 8e5ceb90-17c7-416d-ba3b-e9af83490bf4@group-60CA7EC77FF7->2c02d436-c6f2-4204-8248-e3d2779a79c3-GrpcLogAppender: Wait interrupted by java.lang.InterruptedException
2019-10-21 23:04:09,800 [grpc-default-executor-0] INFO  impl.RaftServerImpl (ServerState.java:setLeader(256)) - 95f8ce0c-61f1-45b1-a4e7-5b97bbfe9a5b@group-60CA7EC77FF7: change Leader from 8e5ceb90-17c7-416d-ba3b-e9af83490bf4 to null at term 2 for updateCurrentTerm
2019-10-21 23:04:09,801 [grpc-default-executor-3] INFO  impl.PendingRequests (PendingRequests.java:sendNotLeaderResponses(202)) - 8e5ceb90-17c7-416d-ba3b-e9af83490bf4@group-60CA7EC77FF7-PendingRequests: sendNotLeaderResponses
2019-10-21 23:04:09,801 [grpc-default-executor-0] INFO  impl.RaftServerImpl (RaftServerImpl.java:setRole(184)) - 95f8ce0c-61f1-45b1-a4e7-5b97bbfe9a5b@group-60CA7EC77FF7: changes role from  FOLLOWER to FOLLOWER at term 2 for recognizeCandidate:2c02d436-c6f2-4204-8248-e3d2779a79c3
2019-10-21 23:04:09,802 [grpc-default-executor-0] INFO  impl.RoleInfo (RoleInfo.java:shutdownFollowerState(121)) - 95f8ce0c-61f1-45b1-a4e7-5b97bbfe9a5b: shutdown FollowerState
2019-10-21 23:04:09,802 [Thread-213] INFO  impl.FollowerState (FollowerState.java:run(117)) - 95f8ce0c-61f1-45b1-a4e7-5b97bbfe9a5b@group-60CA7EC77FF7-FollowerState was interrupted: java.lang.InterruptedException: sleep interrupted
2019-10-21 23:04:09,802 [grpc-default-executor-0] INFO  impl.RoleInfo (RoleInfo.java:updateAndGet(143)) - 95f8ce0c-61f1-45b1-a4e7-5b97bbfe9a5b: start FollowerState
2019-10-21 23:04:09,804 [grpc-default-executor-3] INFO  impl.RoleInfo (RoleInfo.java:updateAndGet(143)) - 8e5ceb90-17c7-416d-ba3b-e9af83490bf4: start FollowerState
2019-10-21 23:04:09,804 [grpc-default-executor-5] INFO  server.GrpcServerProtocolService (GrpcServerProtocolService.java:onCompleted(113)) - 2c02d436-c6f2-4204-8248-e3d2779a79c3: Completed APPEND_ENTRIES, lastRequest: 8e5ceb90-17c7-416d-ba3b-e9af83490bf4->2c02d436-c6f2-4204-8248-e3d2779a79c3#0-t1, previous=(t:0, i:0), leaderCommit=-1, initializing? false, entries: <empty>
2019-10-21 23:04:09,804 [grpc-default-executor-4] INFO  server.GrpcServerProtocolService (GrpcServerProtocolService.java:onCompleted(113)) - 95f8ce0c-61f1-45b1-a4e7-5b97bbfe9a5b: Completed APPEND_ENTRIES, lastRequest: 8e5ceb90-17c7-416d-ba3b-e9af83490bf4->95f8ce0c-61f1-45b1-a4e7-5b97bbfe9a5b#0-t1, previous=(t:0, i:0), leaderCommit=-1, initializing? false, entries: <empty>
2019-10-21 23:04:09,807 [grpc-default-executor-2] INFO  server.GrpcLogAppender (GrpcLogAppender.java:onCompleted(308)) - 8e5ceb90-17c7-416d-ba3b-e9af83490bf4@group-60CA7EC77FF7->95f8ce0c-61f1-45b1-a4e7-5b97bbfe9a5b-AppendLogResponseHandler: follower responses appendEntries COMPLETED
2019-10-21 23:04:09,810 [grpc-default-executor-2] INFO  impl.FollowerInfo (FollowerInfo.java:lambda$new$0(51)) - 8e5ceb90-17c7-416d-ba3b-e9af83490bf4@group-60CA7EC77FF7->95f8ce0c-61f1-45b1-a4e7-5b97bbfe9a5b: nextIndex: updateUnconditionally 0 -> 0
2019-10-21 23:04:09,811 [grpc-default-executor-1] INFO  server.GrpcLogAppender (GrpcLogAppender.java:onCompleted(308)) - 8e5ceb90-17c7-416d-ba3b-e9af83490bf4@group-60CA7EC77FF7->2c02d436-c6f2-4204-8248-e3d2779a79c3-AppendLogResponseHandler: follower responses appendEntries COMPLETED
2019-10-21 23:04:09,816 [grpc-default-executor-1] INFO  impl.FollowerInfo (FollowerInfo.java:lambda$new$0(51)) - 8e5ceb90-17c7-416d-ba3b-e9af83490bf4@group-60CA7EC77FF7->2c02d436-c6f2-4204-8248-e3d2779a79c3: nextIndex: updateUnconditionally 0 -> 0
2019-10-21 23:04:09,819 [2c02d436-c6f2-4204-8248-e3d2779a79c3@group-60CA7EC77FF7-LeaderElection5] INFO  impl.LeaderElection (LeaderElection.java:logAndReturn(56)) - 2c02d436-c6f2-4204-8248-e3d2779a79c3@group-60CA7EC77FF7-LeaderElection5: Election PASSED; received 1 response(s) [2c02d436-c6f2-4204-8248-e3d2779a79c3<-95f8ce0c-61f1-45b1-a4e7-5b97bbfe9a5b#0:OK-t2] and 0 exception(s); 2c02d436-c6f2-4204-8248-e3d2779a79c3@group-60CA7EC77FF7:t2, leader=null, voted=2c02d436-c6f2-4204-8248-e3d2779a79c3, raftlog=2c02d436-c6f2-4204-8248-e3d2779a79c3@group-60CA7EC77FF7-SegmentedRaftLog:OPENED:c-1,f-1,i0, conf=-1: [8e5ceb90-17c7-416d-ba3b-e9af83490bf4:192.168.69.118:43663, 95f8ce0c-61f1-45b1-a4e7-5b97bbfe9a5b:192.168.69.118:45158, 2c02d436-c6f2-4204-8248-e3d2779a79c3:192.168.69.118:45342], old=null
2019-10-21 23:04:09,819 [2c02d436-c6f2-4204-8248-e3d2779a79c3@group-60CA7EC77FF7-LeaderElection5] INFO  impl.RoleInfo (RoleInfo.java:shutdownLeaderElection(134)) - 2c02d436-c6f2-4204-8248-e3d2779a79c3: shutdown LeaderElection
2019-10-21 23:04:09,819 [2c02d436-c6f2-4204-8248-e3d2779a79c3@group-60CA7EC77FF7-LeaderElection5] INFO  impl.RaftServerImpl (RaftServerImpl.java:setRole(184)) - 2c02d436-c6f2-4204-8248-e3d2779a79c3@group-60CA7EC77FF7: changes role from CANDIDATE to LEADER at term 2 for changeToLeader
2019-10-21 23:04:09,820 [2c02d436-c6f2-4204-8248-e3d2779a79c3@group-60CA7EC77FF7-LeaderElection5] INFO  impl.RaftServerImpl (ServerState.java:setLeader(256)) - 2c02d436-c6f2-4204-8248-e3d2779a79c3@group-60CA7EC77FF7: change Leader from null to 2c02d436-c6f2-4204-8248-e3d2779a79c3 at term 2 for becomeLeader, leader elected after 283ms
2019-10-21 23:04:09,821 [2c02d436-c6f2-4204-8248-e3d2779a79c3@group-60CA7EC77FF7-LeaderElection5] INFO  server.RaftServerConfigKeys (ConfUtils.java:logGet(43)) - raft.server.staging.catchup.gap = 1000 (default)
2019-10-21 23:04:09,821 [2c02d436-c6f2-4204-8248-e3d2779a79c3@group-60CA7EC77FF7-LeaderElection5] INFO  server.RaftServerConfigKeys (ConfUtils.java:logGet(43)) - raft.server.rpc.sleep.time = 25ms (default)
2019-10-21 23:04:09,821 [2c02d436-c6f2-4204-8248-e3d2779a79c3@group-60CA7EC77FF7-LeaderElection5] INFO  server.RaftServerConfigKeys (ConfUtils.java:logGet(43)) - raft.server.write.element-limit = 4096 (default)
2019-10-21 23:04:09,822 [2c02d436-c6f2-4204-8248-e3d2779a79c3@group-60CA7EC77FF7-LeaderElection5] INFO  server.RaftServerConfigKeys (ConfUtils.java:logGet(43)) - raft.server.watch.timeout = 10s (default)
2019-10-21 23:04:09,822 [2c02d436-c6f2-4204-8248-e3d2779a79c3@group-60CA7EC77FF7-LeaderElection5] INFO  server.RaftServerConfigKeys (ConfUtils.java:logGet(43)) - raft.server.watch.timeout.denomination = 1s (default)
2019-10-21 23:04:09,822 [2c02d436-c6f2-4204-8248-e3d2779a79c3@group-60CA7EC77FF7-LeaderElection5] INFO  server.RaftServerConfigKeys (ConfUtils.java:logGet(43)) - raft.server.watch.element-limit = 65536 (default)
2019-10-21 23:04:09,824 [2c02d436-c6f2-4204-8248-e3d2779a79c3@group-60CA7EC77FF7-LeaderElection5] INFO  server.RaftServerConfigKeys (ConfUtils.java:logGet(43)) - raft.server.log.appender.snapshot.chunk.size.max = 16MB (=16777216) (default)
2019-10-21 23:04:09,824 [2c02d436-c6f2-4204-8248-e3d2779a79c3@group-60CA7EC77FF7-LeaderElection5] INFO  server.RaftServerConfigKeys (ConfUtils.java:logGet(43)) - raft.server.log.appender.buffer.byte-limit = 33554432 (custom)
2019-10-21 23:04:09,824 [2c02d436-c6f2-4204-8248-e3d2779a79c3@group-60CA7EC77FF7-LeaderElection5] INFO  server.RaftServerConfigKeys (ConfUtils.java:logGet(43)) - raft.server.log.appender.buffer.element-limit = 1 (custom)
2019-10-21 23:04:09,824 [2c02d436-c6f2-4204-8248-e3d2779a79c3@group-60CA7EC77FF7-LeaderElection5] INFO  grpc.GrpcConfigKeys$Server (ConfUtils.java:logGet(43)) - raft.grpc.server.leader.outstanding.appends.max = 128 (default)
2019-10-21 23:04:09,825 [2c02d436-c6f2-4204-8248-e3d2779a79c3@group-60CA7EC77FF7-LeaderElection5] INFO  server.RaftServerConfigKeys (ConfUtils.java:logGet(43)) - raft.server.rpc.request.timeout = 3000ms (default)
2019-10-21 23:04:09,825 [2c02d436-c6f2-4204-8248-e3d2779a79c3@group-60CA7EC77FF7-LeaderElection5] INFO  server.RaftServerConfigKeys (ConfUtils.java:logGet(43)) - raft.server.log.appender.install.snapshot.enabled = false (custom)
2019-10-21 23:04:09,826 [2c02d436-c6f2-4204-8248-e3d2779a79c3@group-60CA7EC77FF7-LeaderElection5] INFO  server.RaftServerConfigKeys (ConfUtils.java:logGet(43)) - raft.server.log.appender.snapshot.chunk.size.max = 16MB (=16777216) (default)
2019-10-21 23:04:09,826 [2c02d436-c6f2-4204-8248-e3d2779a79c3@group-60CA7EC77FF7-LeaderElection5] INFO  server.RaftServerConfigKeys (ConfUtils.java:logGet(43)) - raft.server.log.appender.buffer.byte-limit = 33554432 (custom)
2019-10-21 23:04:09,827 [2c02d436-c6f2-4204-8248-e3d2779a79c3@group-60CA7EC77FF7-LeaderElection5] INFO  server.RaftServerConfigKeys (ConfUtils.java:logGet(43)) - raft.server.log.appender.buffer.element-limit = 1 (custom)
2019-10-21 23:04:09,827 [2c02d436-c6f2-4204-8248-e3d2779a79c3@group-60CA7EC77FF7-LeaderElection5] INFO  grpc.GrpcConfigKeys$Server (ConfUtils.java:logGet(43)) - raft.grpc.server.leader.outstanding.appends.max = 128 (default)
2019-10-21 23:04:09,827 [2c02d436-c6f2-4204-8248-e3d2779a79c3@group-60CA7EC77FF7-LeaderElection5] INFO  server.RaftServerConfigKeys (ConfUtils.java:logGet(43)) - raft.server.rpc.request.timeout = 3000ms (default)
2019-10-21 23:04:09,827 [2c02d436-c6f2-4204-8248-e3d2779a79c3@group-60CA7EC77FF7-LeaderElection5] INFO  server.RaftServerConfigKeys (ConfUtils.java:logGet(43)) - raft.server.log.appender.install.snapshot.enabled = false (custom)
2019-10-21 23:04:09,829 [2c02d436-c6f2-4204-8248-e3d2779a79c3@group-60CA7EC77FF7-LeaderElection5] INFO  impl.RoleInfo (RoleInfo.java:updateAndGet(143)) - 2c02d436-c6f2-4204-8248-e3d2779a79c3: start LeaderState
2019-10-21 23:04:09,829 [2c02d436-c6f2-4204-8248-e3d2779a79c3@group-60CA7EC77FF7-LeaderElection5] INFO  segmented.SegmentedRaftLogWorker (SegmentedRaftLogWorker.java:startLogSegment(385)) - 2c02d436-c6f2-4204-8248-e3d2779a79c3@group-60CA7EC77FF7-SegmentedRaftLogWorker: Starting segment from index:0
2019-10-21 23:04:09,830 [2c02d436-c6f2-4204-8248-e3d2779a79c3@group-60CA7EC77FF7-LeaderElection5] INFO  impl.RaftServerImpl (ServerState.java:setRaftConf(357)) - 2c02d436-c6f2-4204-8248-e3d2779a79c3@group-60CA7EC77FF7: set configuration 0: [8e5ceb90-17c7-416d-ba3b-e9af83490bf4:192.168.69.118:43663, 95f8ce0c-61f1-45b1-a4e7-5b97bbfe9a5b:192.168.69.118:45158, 2c02d436-c6f2-4204-8248-e3d2779a79c3:192.168.69.118:45342], old=null at 0
2019-10-21 23:04:09,863 [grpc-default-executor-1] INFO  impl.RaftServerImpl (ServerState.java:setLeader(256)) - 8e5ceb90-17c7-416d-ba3b-e9af83490bf4@group-60CA7EC77FF7: change Leader from null to 2c02d436-c6f2-4204-8248-e3d2779a79c3 at term 2 for appendEntries, leader elected after 68ms
2019-10-21 23:04:09,865 [grpc-default-executor-3] INFO  impl.RaftServerImpl (ServerState.java:setLeader(256)) - 95f8ce0c-61f1-45b1-a4e7-5b97bbfe9a5b@group-60CA7EC77FF7: change Leader from null to 2c02d436-c6f2-4204-8248-e3d2779a79c3 at term 2 for appendEntries, leader elected after 64ms
2019-10-21 23:04:09,875 [2c02d436-c6f2-4204-8248-e3d2779a79c3@group-60CA7EC77FF7-SegmentedRaftLogWorker] INFO  segmented.SegmentedRaftLogWorker (SegmentedRaftLogWorker.java:execute(576)) - 2c02d436-c6f2-4204-8248-e3d2779a79c3@group-60CA7EC77FF7-SegmentedRaftLogWorker: created new log segment /workdir/hadoop-ozone/integration-test/target/test-dir/MiniOzoneClusterImpl-a7a400a2-5f0e-446d-a613-255cd6ec9d67/datanode-1/data/ratis/f77f3c44-7213-45ac-81dc-60ca7ec77ff7/current/log_inprogress_0
2019-10-21 23:04:09,878 [grpc-default-executor-1] INFO  impl.RaftServerImpl (ServerState.java:setRaftConf(357)) - 8e5ceb90-17c7-416d-ba3b-e9af83490bf4@group-60CA7EC77FF7: set configuration 0: [8e5ceb90-17c7-416d-ba3b-e9af83490bf4:192.168.69.118:43663, 95f8ce0c-61f1-45b1-a4e7-5b97bbfe9a5b:192.168.69.118:45158, 2c02d436-c6f2-4204-8248-e3d2779a79c3:192.168.69.118:45342], old=null at 0
2019-10-21 23:04:09,879 [grpc-default-executor-3] INFO  impl.RaftServerImpl (ServerState.java:setRaftConf(357)) - 95f8ce0c-61f1-45b1-a4e7-5b97bbfe9a5b@group-60CA7EC77FF7: set configuration 0: [8e5ceb90-17c7-416d-ba3b-e9af83490bf4:192.168.69.118:43663, 95f8ce0c-61f1-45b1-a4e7-5b97bbfe9a5b:192.168.69.118:45158, 2c02d436-c6f2-4204-8248-e3d2779a79c3:192.168.69.118:45342], old=null at 0
2019-10-21 23:04:09,879 [grpc-default-executor-3] INFO  segmented.SegmentedRaftLogWorker (SegmentedRaftLogWorker.java:startLogSegment(385)) - 95f8ce0c-61f1-45b1-a4e7-5b97bbfe9a5b@group-60CA7EC77FF7-SegmentedRaftLogWorker: Starting segment from index:0
2019-10-21 23:04:09,881 [grpc-default-executor-1] INFO  segmented.SegmentedRaftLogWorker (SegmentedRaftLogWorker.java:truncate(401)) - 8e5ceb90-17c7-416d-ba3b-e9af83490bf4@group-60CA7EC77FF7-SegmentedRaftLogWorker: Truncating segments toTruncate: null
  toDelete: [(0, 0) isOpen? true, length=0, newEndIndex=-1], start index 0
2019-10-21 23:04:09,881 [grpc-default-executor-1] INFO  segmented.SegmentedRaftLogWorker (SegmentedRaftLogWorker.java:startLogSegment(385)) - 8e5ceb90-17c7-416d-ba3b-e9af83490bf4@group-60CA7EC77FF7-SegmentedRaftLogWorker: Starting segment from index:0
2019-10-21 23:04:09,883 [8e5ceb90-17c7-416d-ba3b-e9af83490bf4@group-60CA7EC77FF7-SegmentedRaftLogWorker] INFO  segmented.SegmentedRaftLogWorker (SegmentedRaftLogWorker.java:execute(640)) - 8e5ceb90-17c7-416d-ba3b-e9af83490bf4@group-60CA7EC77FF7-SegmentedRaftLogWorker: Deleted log file /workdir/hadoop-ozone/integration-test/target/test-dir/MiniOzoneClusterImpl-a7a400a2-5f0e-446d-a613-255cd6ec9d67/datanode-0/data/ratis/f77f3c44-7213-45ac-81dc-60ca7ec77ff7/current/log_inprogress_0
2019-10-21 23:04:09,883 [8e5ceb90-17c7-416d-ba3b-e9af83490bf4@group-60CA7EC77FF7-SegmentedRaftLogWorker] INFO  segmented.SegmentedRaftLogWorker (SegmentedRaftLogWorker.java:lambda$new$0(128)) - 8e5ceb90-17c7-416d-ba3b-e9af83490bf4@group-60CA7EC77FF7-SegmentedRaftLogWorker: flushIndex: setUnconditionally 0 -> -1
2019-10-21 23:04:09,927 [8e5ceb90-17c7-416d-ba3b-e9af83490bf4@group-60CA7EC77FF7-SegmentedRaftLogWorker] INFO  segmented.SegmentedRaftLogWorker (SegmentedRaftLogWorker.java:execute(576)) - 8e5ceb90-17c7-416d-ba3b-e9af83490bf4@group-60CA7EC77FF7-SegmentedRaftLogWorker: created new log segment /workdir/hadoop-ozone/integration-test/target/test-dir/MiniOzoneClusterImpl-a7a400a2-5f0e-446d-a613-255cd6ec9d67/datanode-0/data/ratis/f77f3c44-7213-45ac-81dc-60ca7ec77ff7/current/log_inprogress_0
2019-10-21 23:04:09,927 [95f8ce0c-61f1-45b1-a4e7-5b97bbfe9a5b@group-60CA7EC77FF7-SegmentedRaftLogWorker] INFO  segmented.SegmentedRaftLogWorker (SegmentedRaftLogWorker.java:execute(576)) - 95f8ce0c-61f1-45b1-a4e7-5b97bbfe9a5b@group-60CA7EC77FF7-SegmentedRaftLogWorker: created new log segment /workdir/hadoop-ozone/integration-test/target/test-dir/MiniOzoneClusterImpl-a7a400a2-5f0e-446d-a613-255cd6ec9d67/datanode-2/data/ratis/f77f3c44-7213-45ac-81dc-60ca7ec77ff7/current/log_inprogress_0
2019-10-21 23:04:10,578 [main] INFO  rpc.RpcClient (RpcClient.java:createVolume(272)) - Creating Volume: testcontainerstatemachinefailures, with jenkins1000 as owner.
2019-10-21 23:04:10,683 [IPC Server handler 4 on 40129] INFO  volume.OMVolumeCreateRequest (OMVolumeCreateRequest.java:validateAndUpdateCache(193)) - created volume:testcontainerstatemachinefailures for user:jenkins1000
2019-10-21 23:04:10,709 [main] INFO  rpc.RpcClient (RpcClient.java:createBucket(411)) - Creating Bucket: testcontainerstatemachinefailures/testcontainerstatemachinefailures, with Versioning false and Storage Type set to DISK and Encryption set to false 
2019-10-21 23:04:10,848 [main] INFO  impl.MetricsSystemImpl (MetricsSystemImpl.java:init(158)) - XceiverClientMetrics metrics system started (again)
2019-10-21 23:04:11,275 [Datanode State Machine Thread - 0] INFO  statemachine.DatanodeStateMachine (DatanodeStateMachine.java:lambda$startDaemon$0(350)) - Ozone container server started.
2019-10-21 23:04:11,557 [Thread-181] INFO  container.ReplicationManager (ReplicationManager.java:start(162)) - Starting Replication Monitor Thread.
2019-10-21 23:04:11,559 [ReplicationMonitor] INFO  container.ReplicationManager (ReplicationManager.java:run(225)) - Replication Monitor Thread took 1 milliseconds for processing 1 containers.
2019-10-21 23:04:16,218 [main] INFO  ozoneimpl.OzoneContainer (OzoneContainer.java:stop(227)) - Attempting to stop container services.
2019-10-21 23:04:16,219 [main] INFO  impl.RaftServerProxy (RaftServerProxy.java:lambda$close$4(314)) - 95f8ce0c-61f1-45b1-a4e7-5b97bbfe9a5b: close
2019-10-21 23:04:16,221 [main] INFO  impl.RaftServerImpl (RaftServerImpl.java:lambda$shutdown$3(261)) - 95f8ce0c-61f1-45b1-a4e7-5b97bbfe9a5b@group-60CA7EC77FF7: shutdown
2019-10-21 23:04:16,222 [main] INFO  util.JmxRegister (JmxRegister.java:unregister(73)) - Successfully un-registered JMX Bean with object name Ratis:service=RaftServer,group=group-60CA7EC77FF7,id=95f8ce0c-61f1-45b1-a4e7-5b97bbfe9a5b
2019-10-21 23:04:16,222 [main] INFO  impl.RoleInfo (RoleInfo.java:shutdownFollowerState(121)) - 95f8ce0c-61f1-45b1-a4e7-5b97bbfe9a5b: shutdown FollowerState
2019-10-21 23:04:16,223 [main] INFO  impl.StateMachineUpdater (StateMachineUpdater.java:stopAndJoin(136)) - 95f8ce0c-61f1-45b1-a4e7-5b97bbfe9a5b@group-60CA7EC77FF7-StateMachineUpdater: set stopIndex = 4
2019-10-21 23:04:16,223 [95f8ce0c-61f1-45b1-a4e7-5b97bbfe9a5b@group-60CA7EC77FF7-StateMachineUpdater] INFO  ratis.ContainerStateMachine (ContainerStateMachine.java:takeSnapshot(294)) - group-60CA7EC77FF7: Taking a snapshot at:(t:2, i:3) file /workdir/hadoop-ozone/integration-test/target/test-dir/MiniOzoneClusterImpl-a7a400a2-5f0e-446d-a613-255cd6ec9d67/datanode-2/data/ratis/f77f3c44-7213-45ac-81dc-60ca7ec77ff7/sm/snapshot.2_3
2019-10-21 23:04:16,223 [Thread-226] INFO  impl.FollowerState (FollowerState.java:run(117)) - 95f8ce0c-61f1-45b1-a4e7-5b97bbfe9a5b@group-60CA7EC77FF7-FollowerState was interrupted: java.lang.InterruptedException: sleep interrupted
2019-10-21 23:04:16,331 [95f8ce0c-61f1-45b1-a4e7-5b97bbfe9a5b@group-60CA7EC77FF7-StateMachineUpdater] INFO  ratis.ContainerStateMachine (ContainerStateMachine.java:takeSnapshot(305)) - group-60CA7EC77FF7: Finished taking a snapshot at:(t:2, i:3) file:/workdir/hadoop-ozone/integration-test/target/test-dir/MiniOzoneClusterImpl-a7a400a2-5f0e-446d-a613-255cd6ec9d67/datanode-2/data/ratis/f77f3c44-7213-45ac-81dc-60ca7ec77ff7/sm/snapshot.2_3 time:108
2019-10-21 23:04:16,332 [95f8ce0c-61f1-45b1-a4e7-5b97bbfe9a5b@group-60CA7EC77FF7-StateMachineUpdater] INFO  impl.StateMachineUpdater (StateMachineUpdater.java:takeSnapshot(269)) - 95f8ce0c-61f1-45b1-a4e7-5b97bbfe9a5b@group-60CA7EC77FF7-StateMachineUpdater: Took a snapshot at index 3
2019-10-21 23:04:16,334 [95f8ce0c-61f1-45b1-a4e7-5b97bbfe9a5b@group-60CA7EC77FF7-StateMachineUpdater] INFO  impl.StateMachineUpdater (StateMachineUpdater.java:lambda$new$0(84)) - 95f8ce0c-61f1-45b1-a4e7-5b97bbfe9a5b@group-60CA7EC77FF7-StateMachineUpdater: snapshotIndex: updateIncreasingly -1 -> 3
2019-10-21 23:04:16,338 [95f8ce0c-61f1-45b1-a4e7-5b97bbfe9a5b@group-60CA7EC77FF7-StateMachineUpdater] INFO  ratis.ContainerStateMachine (ContainerStateMachine.java:takeSnapshot(294)) - group-60CA7EC77FF7: Taking a snapshot at:(t:2, i:3) file /workdir/hadoop-ozone/integration-test/target/test-dir/MiniOzoneClusterImpl-a7a400a2-5f0e-446d-a613-255cd6ec9d67/datanode-2/data/ratis/f77f3c44-7213-45ac-81dc-60ca7ec77ff7/sm/snapshot.2_3
2019-10-21 23:04:16,351 [95f8ce0c-61f1-45b1-a4e7-5b97bbfe9a5b@group-60CA7EC77FF7-StateMachineUpdater] INFO  ratis.ContainerStateMachine (ContainerStateMachine.java:takeSnapshot(305)) - group-60CA7EC77FF7: Finished taking a snapshot at:(t:2, i:3) file:/workdir/hadoop-ozone/integration-test/target/test-dir/MiniOzoneClusterImpl-a7a400a2-5f0e-446d-a613-255cd6ec9d67/datanode-2/data/ratis/f77f3c44-7213-45ac-81dc-60ca7ec77ff7/sm/snapshot.2_3 time:12
2019-10-21 23:04:16,351 [95f8ce0c-61f1-45b1-a4e7-5b97bbfe9a5b@group-60CA7EC77FF7-StateMachineUpdater] INFO  impl.StateMachineUpdater (StateMachineUpdater.java:takeSnapshot(269)) - 95f8ce0c-61f1-45b1-a4e7-5b97bbfe9a5b@group-60CA7EC77FF7-StateMachineUpdater: Took a snapshot at index 3
2019-10-21 23:04:16,351 [95f8ce0c-61f1-45b1-a4e7-5b97bbfe9a5b@group-60CA7EC77FF7-StateMachineUpdater] INFO  impl.StateMachineUpdater (StateMachineUpdater.java:lambda$new$0(84)) - 95f8ce0c-61f1-45b1-a4e7-5b97bbfe9a5b@group-60CA7EC77FF7-StateMachineUpdater: snapshotIndex: updateIncreasingly 3 -> 3
2019-10-21 23:04:16,352 [main] INFO  impl.RaftServerImpl (ServerState.java:close(388)) - 95f8ce0c-61f1-45b1-a4e7-5b97bbfe9a5b@group-60CA7EC77FF7: closes. applyIndex: 4
2019-10-21 23:04:16,353 [95f8ce0c-61f1-45b1-a4e7-5b97bbfe9a5b@group-60CA7EC77FF7-SegmentedRaftLogWorker] INFO  segmented.SegmentedRaftLogWorker (SegmentedRaftLogWorker.java:run(316)) - 95f8ce0c-61f1-45b1-a4e7-5b97bbfe9a5b@group-60CA7EC77FF7-SegmentedRaftLogWorker was interrupted, exiting. There are 0 tasks remaining in the queue.
2019-10-21 23:04:16,355 [main] INFO  segmented.SegmentedRaftLogWorker (SegmentedRaftLogWorker.java:close(224)) - 95f8ce0c-61f1-45b1-a4e7-5b97bbfe9a5b@group-60CA7EC77FF7-SegmentedRaftLogWorker close()
2019-10-21 23:04:16,357 [main] INFO  impl.RaftServerImpl (RaftServerImpl.java:lambda$shutdown$3(261)) - 95f8ce0c-61f1-45b1-a4e7-5b97bbfe9a5b@group-DF889DFD8CFF: shutdown
2019-10-21 23:04:16,357 [main] INFO  util.JmxRegister (JmxRegister.java:unregister(73)) - Successfully un-registered JMX Bean with object name Ratis:service=RaftServer,group=group-DF889DFD8CFF,id=95f8ce0c-61f1-45b1-a4e7-5b97bbfe9a5b
2019-10-21 23:04:16,357 [main] INFO  impl.RoleInfo (RoleInfo.java:shutdownLeaderState(104)) - 95f8ce0c-61f1-45b1-a4e7-5b97bbfe9a5b: shutdown LeaderState
2019-10-21 23:04:16,358 [main] INFO  impl.PendingRequests (PendingRequests.java:sendNotLeaderResponses(202)) - 95f8ce0c-61f1-45b1-a4e7-5b97bbfe9a5b@group-DF889DFD8CFF-PendingRequests: sendNotLeaderResponses
2019-10-21 23:04:16,359 [main] INFO  impl.StateMachineUpdater (StateMachineUpdater.java:stopAndJoin(136)) - 95f8ce0c-61f1-45b1-a4e7-5b97bbfe9a5b@group-DF889DFD8CFF-StateMachineUpdater: set stopIndex = 0
2019-10-21 23:04:16,360 [main] INFO  impl.RaftServerImpl (ServerState.java:close(388)) - 95f8ce0c-61f1-45b1-a4e7-5b97bbfe9a5b@group-DF889DFD8CFF: closes. applyIndex: 0
2019-10-21 23:04:16,360 [95f8ce0c-61f1-45b1-a4e7-5b97bbfe9a5b@group-DF889DFD8CFF-SegmentedRaftLogWorker] INFO  segmented.SegmentedRaftLogWorker (SegmentedRaftLogWorker.java:run(316)) - 95f8ce0c-61f1-45b1-a4e7-5b97bbfe9a5b@group-DF889DFD8CFF-SegmentedRaftLogWorker was interrupted, exiting. There are 0 tasks remaining in the queue.
2019-10-21 23:04:16,361 [main] INFO  segmented.SegmentedRaftLogWorker (SegmentedRaftLogWorker.java:close(224)) - 95f8ce0c-61f1-45b1-a4e7-5b97bbfe9a5b@group-DF889DFD8CFF-SegmentedRaftLogWorker close()
2019-10-21 23:04:16,363 [main] INFO  server.GrpcService (GrpcService.java:closeImpl(164)) - 95f8ce0c-61f1-45b1-a4e7-5b97bbfe9a5b: shutdown server with port 45158 now
2019-10-21 23:04:16,369 [grpc-default-executor-0] WARN  server.GrpcServerProtocolService (LogUtils.java:warn(134)) - 95f8ce0c-61f1-45b1-a4e7-5b97bbfe9a5b: installSnapshot onError, lastRequest: 2c02d436-c6f2-4204-8248-e3d2779a79c3->95f8ce0c-61f1-45b1-a4e7-5b97bbfe9a5b#7-t2, previous=(t:2, i:4), leaderCommit=4, initializing? false, entries: <empty>: org.apache.ratis.thirdparty.io.grpc.StatusRuntimeException: CANCELLED: cancelled before receiving half close
2019-10-21 23:04:16,372 [main] INFO  server.GrpcService (GrpcService.java:closeImpl(172)) - 95f8ce0c-61f1-45b1-a4e7-5b97bbfe9a5b: shutdown server with port 45158 successfully
2019-10-21 23:04:16,373 [grpc-default-executor-1] WARN  server.GrpcLogAppender (LogUtils.java:warn(134)) - 2c02d436-c6f2-4204-8248-e3d2779a79c3@group-60CA7EC77FF7->95f8ce0c-61f1-45b1-a4e7-5b97bbfe9a5b-AppendLogResponseHandler: Failed appendEntries: org.apache.ratis.thirdparty.io.grpc.StatusRuntimeException: CANCELLED: HTTP/2 error code: CANCEL
Received Rst Stream
2019-10-21 23:04:16,382 [refreshUsed-/workdir/hadoop-ozone/integration-test/target/test-dir/MiniOzoneClusterImpl-a7a400a2-5f0e-446d-a613-255cd6ec9d67/datanode-2/data/containers] WARN  fs.CachingGetSpaceUsed (CachingGetSpaceUsed.java:run(183)) - Thread Interrupted waiting to refresh disk information: sleep interrupted
2019-10-21 23:04:16,394 [main] INFO  utils.BackgroundService (BackgroundService.java:shutdown(151)) - Shutting down service BlockDeletingService
2019-10-21 23:04:16,398 [main] INFO  statemachine.DatanodeStateMachine (DatanodeStateMachine.java:stopDaemon(395)) - Ozone container server stopped.
2019-10-21 23:04:16,401 [main] INFO  handler.ContextHandler (ContextHandler.java:doStop(910)) - Stopped o.e.j.w.WebAppContext@54e3658c{/,null,UNAVAILABLE}{/hddsDatanode}
2019-10-21 23:04:16,405 [main] INFO  server.AbstractConnector (AbstractConnector.java:doStop(318)) - Stopped ServerConnector@43e9089{HTTP/1.1,[http/1.1]}{0.0.0.0:0}
2019-10-21 23:04:16,406 [main] INFO  handler.ContextHandler (ContextHandler.java:doStop(910)) - Stopped o.e.j.s.ServletContextHandler@558756be{/static,jar:file:/home/user/.m2/repository/org/apache/hadoop/hadoop-hdds-container-service/0.5.0-SNAPSHOT/hadoop-hdds-container-service-0.5.0-SNAPSHOT.jar!/webapps/static,UNAVAILABLE}
2019-10-21 23:04:16,406 [main] INFO  handler.ContextHandler (ContextHandler.java:doStop(910)) - Stopped o.e.j.s.ServletContextHandler@6069dd38{/logs,file:///workdir/hadoop-ozone/integration-test/target/log,UNAVAILABLE}
2019-10-21 23:04:19,412 [java.util.concurrent.ThreadPoolExecutor$Worker@49aa5385[State = -1, empty queue]] WARN  server.GrpcLogAppender (GrpcLogAppender.java:timeoutAppendRequest(209)) - 2c02d436-c6f2-4204-8248-e3d2779a79c3@group-60CA7EC77FF7->95f8ce0c-61f1-45b1-a4e7-5b97bbfe9a5b-GrpcLogAppender: appendEntries Timeout, request=2c02d436-c6f2-4204-8248-e3d2779a79c3->95f8ce0c-61f1-45b1-a4e7-5b97bbfe9a5b#8-t2, previous=(t:2, i:4), leaderCommit=4, initializing? false, entries: size=1, first=(t:2, i:5), STATEMACHINELOGENTRY, client-0013CC304CD3, cid=8
2019-10-21 23:04:19,413 [java.util.concurrent.ThreadPoolExecutor$Worker@49aa5385[State = -1, empty queue]] WARN  server.GrpcLogAppender (GrpcLogAppender.java:timeoutAppendRequest(209)) - 2c02d436-c6f2-4204-8248-e3d2779a79c3@group-60CA7EC77FF7->95f8ce0c-61f1-45b1-a4e7-5b97bbfe9a5b-GrpcLogAppender: appendEntries Timeout, request=2c02d436-c6f2-4204-8248-e3d2779a79c3->95f8ce0c-61f1-45b1-a4e7-5b97bbfe9a5b#9-t2, previous=(t:2, i:5), leaderCommit=4, initializing? false, entries: size=1, first=(t:2, i:6), STATEMACHINELOGENTRY, client-0013CC304CD3, cid=9
2019-10-21 23:04:19,435 [java.util.concurrent.ThreadPoolExecutor$Worker@49aa5385[State = -1, empty queue]] WARN  server.GrpcLogAppender (GrpcLogAppender.java:timeoutAppendRequest(209)) - 2c02d436-c6f2-4204-8248-e3d2779a79c3@group-60CA7EC77FF7->95f8ce0c-61f1-45b1-a4e7-5b97bbfe9a5b-GrpcLogAppender: appendEntries Timeout, request=2c02d436-c6f2-4204-8248-e3d2779a79c3->95f8ce0c-61f1-45b1-a4e7-5b97bbfe9a5b#10-t2, previous=(t:2, i:6), leaderCommit=6, initializing? false, entries: size=1, first=(t:2, i:7), METADATAENTRY(c5)
2019-10-21 23:04:19,435 [java.util.concurrent.ThreadPoolExecutor$Worker@49aa5385[State = -1, empty queue]] WARN  server.GrpcLogAppender (GrpcLogAppender.java:timeoutAppendRequest(209)) - 2c02d436-c6f2-4204-8248-e3d2779a79c3@group-60CA7EC77FF7->95f8ce0c-61f1-45b1-a4e7-5b97bbfe9a5b-GrpcLogAppender: appendEntries Timeout, request=2c02d436-c6f2-4204-8248-e3d2779a79c3->95f8ce0c-61f1-45b1-a4e7-5b97bbfe9a5b#11-t2, previous=(t:2, i:7), leaderCommit=6, initializing? false, entries: size=1, first=(t:2, i:8), METADATAENTRY(c6)
2019-10-21 23:04:21,936 [java.util.concurrent.ThreadPoolExecutor$Worker@49aa5385[State = -1, empty queue]] WARN  server.GrpcLogAppender (GrpcLogAppender.java:timeoutAppendRequest(209)) - 2c02d436-c6f2-4204-8248-e3d2779a79c3@group-60CA7EC77FF7->95f8ce0c-61f1-45b1-a4e7-5b97bbfe9a5b-GrpcLogAppender: appendEntries Timeout, request=2c02d436-c6f2-4204-8248-e3d2779a79c3->95f8ce0c-61f1-45b1-a4e7-5b97bbfe9a5b#12-t2, previous=(t:2, i:8), leaderCommit=8, initializing? false, entries: <empty>
2019-10-21 23:04:24,438 [java.util.concurrent.ThreadPoolExecutor$Worker@49aa5385[State = -1, empty queue]] WARN  server.GrpcLogAppender (GrpcLogAppender.java:timeoutAppendRequest(209)) - 2c02d436-c6f2-4204-8248-e3d2779a79c3@group-60CA7EC77FF7->95f8ce0c-61f1-45b1-a4e7-5b97bbfe9a5b-GrpcLogAppender: appendEntries Timeout, request=2c02d436-c6f2-4204-8248-e3d2779a79c3->95f8ce0c-61f1-45b1-a4e7-5b97bbfe9a5b#13-t2, previous=(t:2, i:8), leaderCommit=8, initializing? false, entries: <empty>
2019-10-21 23:04:25,471 [Thread-288] INFO  client.GrpcClientProtocolService (GrpcClientProtocolService.java:lambda$processClientRequest$0(278)) - Failed RaftClientRequest:client-0013CC304CD3->8e5ceb90-17c7-416d-ba3b-e9af83490bf4@group-60CA7EC77FF7, cid=10, seq=0, Watch-ALL_COMMITTED(6), Message:<EMPTY>, reply=RaftClientReply:client-0013CC304CD3->8e5ceb90-17c7-416d-ba3b-e9af83490bf4@group-60CA7EC77FF7, cid=10, FAILED org.apache.ratis.protocol.NotLeaderException: Server 8e5ceb90-17c7-416d-ba3b-e9af83490bf4@group-60CA7EC77FF7 is not the leader 2c02d436-c6f2-4204-8248-e3d2779a79c3:192.168.69.118:45342, logIndex=0, commits[8e5ceb90-17c7-416d-ba3b-e9af83490bf4:c8, 95f8ce0c-61f1-45b1-a4e7-5b97bbfe9a5b:c4, 2c02d436-c6f2-4204-8248-e3d2779a79c3:c8]
2019-10-21 23:04:26,888 [Thread-292] INFO  client.GrpcClientProtocolService (GrpcClientProtocolService.java:lambda$processClientRequest$0(278)) - Failed RaftClientRequest:client-0013CC304CD3->2c02d436-c6f2-4204-8248-e3d2779a79c3@group-60CA7EC77FF7, cid=10, seq=0, Watch-ALL_COMMITTED(6), Message:<EMPTY>, reply=RaftClientReply:client-0013CC304CD3->2c02d436-c6f2-4204-8248-e3d2779a79c3@group-60CA7EC77FF7, cid=10, FAILED org.apache.ratis.protocol.NotReplicatedException: Request with call Id 10 and log index 6 is not yet replicated to ALL_COMMITTED, logIndex=6, commits[2c02d436-c6f2-4204-8248-e3d2779a79c3:c8, 8e5ceb90-17c7-416d-ba3b-e9af83490bf4:c8, 95f8ce0c-61f1-45b1-a4e7-5b97bbfe9a5b:c4]
2019-10-21 23:04:26,938 [java.util.concurrent.ThreadPoolExecutor$Worker@49aa5385[State = -1, empty queue]] WARN  server.GrpcLogAppender (GrpcLogAppender.java:timeoutAppendRequest(209)) - 2c02d436-c6f2-4204-8248-e3d2779a79c3@group-60CA7EC77FF7->95f8ce0c-61f1-45b1-a4e7-5b97bbfe9a5b-GrpcLogAppender: appendEntries Timeout, request=2c02d436-c6f2-4204-8248-e3d2779a79c3->95f8ce0c-61f1-45b1-a4e7-5b97bbfe9a5b#14-t2, previous=(t:2, i:8), leaderCommit=8, initializing? false, entries: <empty>
2019-10-21 23:04:29,440 [java.util.concurrent.ThreadPoolExecutor$Worker@49aa5385[State = -1, empty queue]] WARN  server.GrpcLogAppender (GrpcLogAppender.java:timeoutAppendRequest(209)) - 2c02d436-c6f2-4204-8248-e3d2779a79c3@group-60CA7EC77FF7->95f8ce0c-61f1-45b1-a4e7-5b97bbfe9a5b-GrpcLogAppender: appendEntries Timeout, request=2c02d436-c6f2-4204-8248-e3d2779a79c3->95f8ce0c-61f1-45b1-a4e7-5b97bbfe9a5b#15-t2, previous=(t:2, i:8), leaderCommit=8, initializing? false, entries: <empty>
2019-10-21 23:04:31,941 [java.util.concurrent.ThreadPoolExecutor$Worker@49aa5385[State = -1, empty queue]] WARN  server.GrpcLogAppender (GrpcLogAppender.java:timeoutAppendRequest(209)) - 2c02d436-c6f2-4204-8248-e3d2779a79c3@group-60CA7EC77FF7->95f8ce0c-61f1-45b1-a4e7-5b97bbfe9a5b-GrpcLogAppender: appendEntries Timeout, request=2c02d436-c6f2-4204-8248-e3d2779a79c3->95f8ce0c-61f1-45b1-a4e7-5b97bbfe9a5b#16-t2, previous=(t:2, i:8), leaderCommit=8, initializing? false, entries: <empty>
2019-10-21 23:04:34,441 [java.util.concurrent.ThreadPoolExecutor$Worker@49aa5385[State = -1, empty queue]] WARN  server.GrpcLogAppender (GrpcLogAppender.java:timeoutAppendRequest(209)) - 2c02d436-c6f2-4204-8248-e3d2779a79c3@group-60CA7EC77FF7->95f8ce0c-61f1-45b1-a4e7-5b97bbfe9a5b-GrpcLogAppender: appendEntries Timeout, request=2c02d436-c6f2-4204-8248-e3d2779a79c3->95f8ce0c-61f1-45b1-a4e7-5b97bbfe9a5b#17-t2, previous=(t:2, i:8), leaderCommit=8, initializing? false, entries: <empty>
2019-10-21 23:04:35,884 [Thread-300] INFO  client.GrpcClientProtocolService (GrpcClientProtocolService.java:lambda$processClientRequest$0(278)) - Failed RaftClientRequest:client-0013CC304CD3->2c02d436-c6f2-4204-8248-e3d2779a79c3@group-60CA7EC77FF7, cid=10, seq=0, Watch-ALL_COMMITTED(6), Message:<EMPTY>, reply=RaftClientReply:client-0013CC304CD3->2c02d436-c6f2-4204-8248-e3d2779a79c3@group-60CA7EC77FF7, cid=10, FAILED org.apache.ratis.protocol.NotReplicatedException: Request with call Id 10 and log index 6 is not yet replicated to ALL_COMMITTED, logIndex=6, commits[2c02d436-c6f2-4204-8248-e3d2779a79c3:c8, 8e5ceb90-17c7-416d-ba3b-e9af83490bf4:c8, 95f8ce0c-61f1-45b1-a4e7-5b97bbfe9a5b:c4]
2019-10-21 23:04:36,942 [java.util.concurrent.ThreadPoolExecutor$Worker@49aa5385[State = -1, empty queue]] WARN  server.GrpcLogAppender (GrpcLogAppender.java:timeoutAppendRequest(209)) - 2c02d436-c6f2-4204-8248-e3d2779a79c3@group-60CA7EC77FF7->95f8ce0c-61f1-45b1-a4e7-5b97bbfe9a5b-GrpcLogAppender: appendEntries Timeout, request=2c02d436-c6f2-4204-8248-e3d2779a79c3->95f8ce0c-61f1-45b1-a4e7-5b97bbfe9a5b#18-t2, previous=(t:2, i:8), leaderCommit=8, initializing? false, entries: <empty>
2019-10-21 23:04:39,443 [java.util.concurrent.ThreadPoolExecutor$Worker@49aa5385[State = -1, empty queue]] WARN  server.GrpcLogAppender (GrpcLogAppender.java:timeoutAppendRequest(209)) - 2c02d436-c6f2-4204-8248-e3d2779a79c3@group-60CA7EC77FF7->95f8ce0c-61f1-45b1-a4e7-5b97bbfe9a5b-GrpcLogAppender: appendEntries Timeout, request=2c02d436-c6f2-4204-8248-e3d2779a79c3->95f8ce0c-61f1-45b1-a4e7-5b97bbfe9a5b#19-t2, previous=(t:2, i:8), leaderCommit=8, initializing? false, entries: <empty>
2019-10-21 23:04:41,945 [java.util.concurrent.ThreadPoolExecutor$Worker@49aa5385[State = -1, empty queue]] WARN  server.GrpcLogAppender (GrpcLogAppender.java:timeoutAppendRequest(209)) - 2c02d436-c6f2-4204-8248-e3d2779a79c3@group-60CA7EC77FF7->95f8ce0c-61f1-45b1-a4e7-5b97bbfe9a5b-GrpcLogAppender: appendEntries Timeout, request=2c02d436-c6f2-4204-8248-e3d2779a79c3->95f8ce0c-61f1-45b1-a4e7-5b97bbfe9a5b#20-t2, previous=(t:2, i:8), leaderCommit=8, initializing? false, entries: <empty>
2019-10-21 23:04:44,448 [java.util.concurrent.ThreadPoolExecutor$Worker@49aa5385[State = -1, empty queue]] WARN  server.GrpcLogAppender (GrpcLogAppender.java:timeoutAppendRequest(209)) - 2c02d436-c6f2-4204-8248-e3d2779a79c3@group-60CA7EC77FF7->95f8ce0c-61f1-45b1-a4e7-5b97bbfe9a5b-GrpcLogAppender: appendEntries Timeout, request=2c02d436-c6f2-4204-8248-e3d2779a79c3->95f8ce0c-61f1-45b1-a4e7-5b97bbfe9a5b#21-t2, previous=(t:2, i:8), leaderCommit=8, initializing? false, entries: <empty>
2019-10-21 23:04:44,539 [Thread-307] INFO  client.GrpcClientProtocolService (GrpcClientProtocolService.java:lambda$processClientRequest$0(278)) - Failed RaftClientRequest:client-0013CC304CD3->8e5ceb90-17c7-416d-ba3b-e9af83490bf4@group-60CA7EC77FF7, cid=10, seq=0, Watch-ALL_COMMITTED(6), Message:<EMPTY>, reply=RaftClientReply:client-0013CC304CD3->8e5ceb90-17c7-416d-ba3b-e9af83490bf4@group-60CA7EC77FF7, cid=10, FAILED org.apache.ratis.protocol.NotLeaderException: Server 8e5ceb90-17c7-416d-ba3b-e9af83490bf4@group-60CA7EC77FF7 is not the leader 2c02d436-c6f2-4204-8248-e3d2779a79c3:192.168.69.118:45342, logIndex=0, commits[8e5ceb90-17c7-416d-ba3b-e9af83490bf4:c8, 95f8ce0c-61f1-45b1-a4e7-5b97bbfe9a5b:c4, 2c02d436-c6f2-4204-8248-e3d2779a79c3:c8]
2019-10-21 23:04:45,885 [Thread-310] INFO  client.GrpcClientProtocolService (GrpcClientProtocolService.java:lambda$processClientRequest$0(278)) - Failed RaftClientRequest:client-0013CC304CD3->2c02d436-c6f2-4204-8248-e3d2779a79c3@group-60CA7EC77FF7, cid=10, seq=0, Watch-ALL_COMMITTED(6), Message:<EMPTY>, reply=RaftClientReply:client-0013CC304CD3->2c02d436-c6f2-4204-8248-e3d2779a79c3@group-60CA7EC77FF7, cid=10, FAILED org.apache.ratis.protocol.NotReplicatedException: Request with call Id 10 and log index 6 is not yet replicated to ALL_COMMITTED, logIndex=6, commits[2c02d436-c6f2-4204-8248-e3d2779a79c3:c8, 8e5ceb90-17c7-416d-ba3b-e9af83490bf4:c8, 95f8ce0c-61f1-45b1-a4e7-5b97bbfe9a5b:c4]
2019-10-21 23:04:46,449 [main] WARN  scm.XceiverClientRatis (XceiverClientRatis.java:watchForCommit(277)) - 3 way commit failed on pipeline Pipeline[ Id: f77f3c44-7213-45ac-81dc-60ca7ec77ff7, Nodes: 2c02d436-c6f2-4204-8248-e3d2779a79c3{ip: 192.168.69.118, host: pr-hdds-2131-w2fms-3313293055, networkLocation: /default-rack, certSerialId: null}95f8ce0c-61f1-45b1-a4e7-5b97bbfe9a5b{ip: 192.168.69.118, host: pr-hdds-2131-w2fms-3313293055, networkLocation: /default-rack, certSerialId: null}8e5ceb90-17c7-416d-ba3b-e9af83490bf4{ip: 192.168.69.118, host: pr-hdds-2131-w2fms-3313293055, networkLocation: /default-rack, certSerialId: null}, Type:RATIS, Factor:THREE, State:OPEN]
java.util.concurrent.TimeoutException
	at java.util.concurrent.CompletableFuture.timedGet(CompletableFuture.java:1771)
	at java.util.concurrent.CompletableFuture.get(CompletableFuture.java:1915)
	at org.apache.hadoop.hdds.scm.XceiverClientRatis.watchForCommit(XceiverClientRatis.java:274)
	at org.apache.hadoop.hdds.scm.storage.CommitWatcher.watchForCommit(CommitWatcher.java:198)
	at org.apache.hadoop.hdds.scm.storage.CommitWatcher.watchOnLastIndex(CommitWatcher.java:161)
	at org.apache.hadoop.hdds.scm.storage.BlockOutputStream.watchForCommit(BlockOutputStream.java:346)
	at org.apache.hadoop.hdds.scm.storage.BlockOutputStream.handleFlush(BlockOutputStream.java:482)
	at org.apache.hadoop.hdds.scm.storage.BlockOutputStream.close(BlockOutputStream.java:496)
	at org.apache.hadoop.ozone.client.io.BlockOutputStreamEntry.close(BlockOutputStreamEntry.java:143)
	at org.apache.hadoop.ozone.client.io.KeyOutputStream.handleFlushOrClose(KeyOutputStream.java:435)
	at org.apache.hadoop.ozone.client.io.KeyOutputStream.close(KeyOutputStream.java:473)
	at org.apache.hadoop.ozone.client.io.OzoneOutputStream.close(OzoneOutputStream.java:60)
	at org.apache.hadoop.ozone.client.rpc.TestDeleteWithSlowFollower.testDeleteKeyWithSlowFollower(TestDeleteWithSlowFollower.java:193)
	at sun.reflect.NativeMethodAccessorImpl.invoke0(Native Method)
	at sun.reflect.NativeMethodAccessorImpl.invoke(NativeMethodAccessorImpl.java:62)
	at sun.reflect.DelegatingMethodAccessorImpl.invoke(DelegatingMethodAccessorImpl.java:43)
	at java.lang.reflect.Method.invoke(Method.java:498)
	at org.junit.runners.model.FrameworkMethod$1.runReflectiveCall(FrameworkMethod.java:47)
	at org.junit.internal.runners.model.ReflectiveCallable.run(ReflectiveCallable.java:12)
	at org.junit.runners.model.FrameworkMethod.invokeExplosively(FrameworkMethod.java:44)
	at org.junit.internal.runners.statements.InvokeMethod.evaluate(InvokeMethod.java:17)
	at org.junit.runners.ParentRunner.runLeaf(ParentRunner.java:271)
	at org.junit.runners.BlockJUnit4ClassRunner.runChild(BlockJUnit4ClassRunner.java:70)
	at org.junit.runners.BlockJUnit4ClassRunner.runChild(BlockJUnit4ClassRunner.java:50)
	at org.junit.runners.ParentRunner$3.run(ParentRunner.java:238)
	at org.junit.runners.ParentRunner$1.schedule(ParentRunner.java:63)
	at org.junit.runners.ParentRunner.runChildren(ParentRunner.java:236)
	at org.junit.runners.ParentRunner.access$000(ParentRunner.java:53)
	at org.junit.runners.ParentRunner$2.evaluate(ParentRunner.java:229)
	at org.junit.internal.runners.statements.RunBefores.evaluate(RunBefores.java:26)
	at org.junit.internal.runners.statements.RunAfters.evaluate(RunAfters.java:27)
	at org.junit.runners.ParentRunner.run(ParentRunner.java:309)
	at org.apache.maven.surefire.junit4.JUnit4Provider.execute(JUnit4Provider.java:365)
	at org.apache.maven.surefire.junit4.JUnit4Provider.executeWithRerun(JUnit4Provider.java:273)
	at org.apache.maven.surefire.junit4.JUnit4Provider.executeTestSet(JUnit4Provider.java:238)
	at org.apache.maven.surefire.junit4.JUnit4Provider.invoke(JUnit4Provider.java:159)
	at org.apache.maven.surefire.booter.ForkedBooter.invokeProviderInSameClassLoader(ForkedBooter.java:384)
	at org.apache.maven.surefire.booter.ForkedBooter.runSuitesInProcess(ForkedBooter.java:345)
	at org.apache.maven.surefire.booter.ForkedBooter.execute(ForkedBooter.java:126)
	at org.apache.maven.surefire.booter.ForkedBooter.main(ForkedBooter.java:418)
2019-10-21 23:04:46,468 [main] INFO  scm.XceiverClientRatis (XceiverClientRatis.java:lambda$watchForCommit$5(295)) - Could not commit index 6 on pipeline Pipeline[ Id: f77f3c44-7213-45ac-81dc-60ca7ec77ff7, Nodes: 2c02d436-c6f2-4204-8248-e3d2779a79c3{ip: 192.168.69.118, host: pr-hdds-2131-w2fms-3313293055, networkLocation: /default-rack, certSerialId: null}95f8ce0c-61f1-45b1-a4e7-5b97bbfe9a5b{ip: 192.168.69.118, host: pr-hdds-2131-w2fms-3313293055, networkLocation: /default-rack, certSerialId: null}8e5ceb90-17c7-416d-ba3b-e9af83490bf4{ip: 192.168.69.118, host: pr-hdds-2131-w2fms-3313293055, networkLocation: /default-rack, certSerialId: null}, Type:RATIS, Factor:THREE, State:OPEN] to all the nodes. Server 95f8ce0c-61f1-45b1-a4e7-5b97bbfe9a5b has failed. Committed by majority.
2019-10-21 23:04:46,469 [main] WARN  storage.BlockOutputStream (BlockOutputStream.java:watchForCommit(352)) - Failed to commit BlockId conID: 1 locID: 103002868991852544 bcsId: 6 on Pipeline[ Id: f77f3c44-7213-45ac-81dc-60ca7ec77ff7, Nodes: 2c02d436-c6f2-4204-8248-e3d2779a79c3{ip: 192.168.69.118, host: pr-hdds-2131-w2fms-3313293055, networkLocation: /default-rack, certSerialId: null}95f8ce0c-61f1-45b1-a4e7-5b97bbfe9a5b{ip: 192.168.69.118, host: pr-hdds-2131-w2fms-3313293055, networkLocation: /default-rack, certSerialId: null}8e5ceb90-17c7-416d-ba3b-e9af83490bf4{ip: 192.168.69.118, host: pr-hdds-2131-w2fms-3313293055, networkLocation: /default-rack, certSerialId: null}, Type:RATIS, Factor:THREE, State:OPEN]. Failed nodes: [95f8ce0c-61f1-45b1-a4e7-5b97bbfe9a5b{ip: null, host: null, networkLocation: /default-rack, certSerialId: null}]
2019-10-21 23:04:46,534 [EventQueue-IncrementalContainerReportForIncrementalContainerReportHandler] WARN  container.IncrementalContainerReportHandler (AbstractContainerReportHandler.java:updateContainerState(145)) - Container #1 is in OPEN state, but the datanode 2c02d436-c6f2-4204-8248-e3d2779a79c3{ip: 192.168.69.118, host: pr-hdds-2131-w2fms-3313293055, networkLocation: /default-rack, certSerialId: null} reports an CLOSING replica.
2019-10-21 23:04:46,545 [RatisApplyTransactionExecutor 1] INFO  interfaces.Container (KeyValueContainer.java:flushAndSyncDB(386)) - Container 1 is synced with bcsId 6.
2019-10-21 23:04:46,546 [RatisApplyTransactionExecutor 1] INFO  interfaces.Container (KeyValueContainer.java:flushAndSyncDB(386)) - Container 1 is synced with bcsId 6.
2019-10-21 23:04:46,561 [EventQueue-IncrementalContainerReportForIncrementalContainerReportHandler] WARN  container.IncrementalContainerReportHandler (AbstractContainerReportHandler.java:updateContainerState(145)) - Container #1 is in OPEN state, but the datanode 8e5ceb90-17c7-416d-ba3b-e9af83490bf4{ip: 192.168.69.118, host: pr-hdds-2131-w2fms-3313293055, networkLocation: /default-rack, certSerialId: null} reports an CLOSING replica.
2019-10-21 23:04:46,572 [RatisApplyTransactionExecutor 1] INFO  interfaces.Container (KeyValueContainer.java:flushAndSyncDB(386)) - Container 1 is synced with bcsId 6.
2019-10-21 23:04:46,573 [RatisApplyTransactionExecutor 1] INFO  interfaces.Container (KeyValueContainer.java:close(335)) - Container 1 is closed with bcsId 6.
2019-10-21 23:04:46,573 [RatisApplyTransactionExecutor 1] INFO  interfaces.Container (KeyValueContainer.java:flushAndSyncDB(386)) - Container 1 is synced with bcsId 6.
2019-10-21 23:04:46,576 [EventQueue-IncrementalContainerReportForIncrementalContainerReportHandler] WARN  container.IncrementalContainerReportHandler (AbstractContainerReportHandler.java:updateContainerState(145)) - Container #1 is in OPEN state, but the datanode 2c02d436-c6f2-4204-8248-e3d2779a79c3{ip: 192.168.69.118, host: pr-hdds-2131-w2fms-3313293055, networkLocation: /default-rack, certSerialId: null} reports an CLOSED replica.
2019-10-21 23:04:46,605 [IPC Server handler 0 on 37056] INFO  server.SCMBlockProtocolServer (SCMBlockProtocolServer.java:deleteKeyBlocks(212)) - SCM is informed by OM to delete 1 blocks
2019-10-21 23:04:46,606 [IPC Server handler 0 on 37056] INFO  block.BlockManagerImpl (BlockManagerImpl.java:deleteBlocks(285)) - Deleting blocks conID: 1 locID: 103002868991852544 bcsId: 0
2019-10-21 23:04:46,615 [RatisApplyTransactionExecutor 1] INFO  interfaces.Container (KeyValueContainer.java:close(335)) - Container 1 is closed with bcsId 6.
2019-10-21 23:04:46,617 [EventQueue-IncrementalContainerReportForIncrementalContainerReportHandler] WARN  container.IncrementalContainerReportHandler (AbstractContainerReportHandler.java:updateContainerState(145)) - Container #1 is in OPEN state, but the datanode 8e5ceb90-17c7-416d-ba3b-e9af83490bf4{ip: 192.168.69.118, host: pr-hdds-2131-w2fms-3313293055, networkLocation: /default-rack, certSerialId: null} reports an CLOSED replica.
2019-10-21 23:04:46,717 [EventQueue-ContainerReportForContainerReportHandler] WARN  container.ContainerReportHandler (AbstractContainerReportHandler.java:updateContainerState(145)) - Container #1 is in OPEN state, but the datanode 8e5ceb90-17c7-416d-ba3b-e9af83490bf4{ip: 192.168.69.118, host: pr-hdds-2131-w2fms-3313293055, networkLocation: /default-rack, certSerialId: null} reports an CLOSED replica.
2019-10-21 23:04:46,774 [EventQueue-ContainerReportForContainerReportHandler] WARN  container.ContainerReportHandler (AbstractContainerReportHandler.java:updateContainerState(145)) - Container #1 is in OPEN state, but the datanode 2c02d436-c6f2-4204-8248-e3d2779a79c3{ip: 192.168.69.118, host: pr-hdds-2131-w2fms-3313293055, networkLocation: /default-rack, certSerialId: null} reports an CLOSED replica.
2019-10-21 23:04:46,805 [BlockDeletingService#2] WARN  background.BlockDeletingService (BlockDeletingService.java:isDeletionAllowed(187)) - Close Container log Index 6 is not replicated across allthe servers in the pipeline f77f3c44-7213-45ac-81dc-60ca7ec77ff7 as the min replicated index is 4. Deletion is not allowed in this container yet.
2019-10-21 23:04:46,807 [BlockDeletingService#2] WARN  background.BlockDeletingService (BlockDeletingService.java:isDeletionAllowed(187)) - Close Container log Index 6 is not replicated across allthe servers in the pipeline f77f3c44-7213-45ac-81dc-60ca7ec77ff7 as the min replicated index is 4. Deletion is not allowed in this container yet.
2019-10-21 23:04:46,950 [java.util.concurrent.ThreadPoolExecutor$Worker@49aa5385[State = -1, empty queue]] WARN  server.GrpcLogAppender (GrpcLogAppender.java:timeoutAppendRequest(209)) - 2c02d436-c6f2-4204-8248-e3d2779a79c3@group-60CA7EC77FF7->95f8ce0c-61f1-45b1-a4e7-5b97bbfe9a5b-GrpcLogAppender: appendEntries Timeout, request=2c02d436-c6f2-4204-8248-e3d2779a79c3->95f8ce0c-61f1-45b1-a4e7-5b97bbfe9a5b#22-t2, previous=(t:2, i:8), leaderCommit=8, initializing? false, entries: <empty>
2019-10-21 23:04:47,075 [EventQueue-ContainerReportForContainerReportHandler] WARN  container.ContainerReportHandler (AbstractContainerReportHandler.java:updateContainerState(145)) - Container #1 is in OPEN state, but the datanode 2c02d436-c6f2-4204-8248-e3d2779a79c3{ip: 192.168.69.118, host: pr-hdds-2131-w2fms-3313293055, networkLocation: /default-rack, certSerialId: null} reports an CLOSED replica.
2019-10-21 23:04:47,119 [EventQueue-ContainerReportForContainerReportHandler] WARN  container.ContainerReportHandler (AbstractContainerReportHandler.java:updateContainerState(145)) - Container #1 is in OPEN state, but the datanode 8e5ceb90-17c7-416d-ba3b-e9af83490bf4{ip: 192.168.69.118, host: pr-hdds-2131-w2fms-3313293055, networkLocation: /default-rack, certSerialId: null} reports an CLOSED replica.
2019-10-21 23:04:47,375 [EventQueue-ContainerReportForContainerReportHandler] WARN  container.ContainerReportHandler (AbstractContainerReportHandler.java:updateContainerState(145)) - Container #1 is in OPEN state, but the datanode 2c02d436-c6f2-4204-8248-e3d2779a79c3{ip: 192.168.69.118, host: pr-hdds-2131-w2fms-3313293055, networkLocation: /default-rack, certSerialId: null} reports an CLOSED replica.
2019-10-21 23:04:47,419 [EventQueue-ContainerReportForContainerReportHandler] WARN  container.ContainerReportHandler (AbstractContainerReportHandler.java:updateContainerState(145)) - Container #1 is in OPEN state, but the datanode 8e5ceb90-17c7-416d-ba3b-e9af83490bf4{ip: 192.168.69.118, host: pr-hdds-2131-w2fms-3313293055, networkLocation: /default-rack, certSerialId: null} reports an CLOSED replica.
2019-10-21 23:04:47,576 [EventQueue-ContainerReportForContainerReportHandler] WARN  container.ContainerReportHandler (AbstractContainerReportHandler.java:updateContainerState(145)) - Container #1 is in OPEN state, but the datanode 2c02d436-c6f2-4204-8248-e3d2779a79c3{ip: 192.168.69.118, host: pr-hdds-2131-w2fms-3313293055, networkLocation: /default-rack, certSerialId: null} reports an CLOSED replica.
2019-10-21 23:04:47,720 [EventQueue-ContainerReportForContainerReportHandler] WARN  container.ContainerReportHandler (AbstractContainerReportHandler.java:updateContainerState(145)) - Container #1 is in OPEN state, but the datanode 8e5ceb90-17c7-416d-ba3b-e9af83490bf4{ip: 192.168.69.118, host: pr-hdds-2131-w2fms-3313293055, networkLocation: /default-rack, certSerialId: null} reports an CLOSED replica.
2019-10-21 23:04:47,775 [EventQueue-ContainerReportForContainerReportHandler] WARN  container.ContainerReportHandler (AbstractContainerReportHandler.java:updateContainerState(145)) - Container #1 is in OPEN state, but the datanode 2c02d436-c6f2-4204-8248-e3d2779a79c3{ip: 192.168.69.118, host: pr-hdds-2131-w2fms-3313293055, networkLocation: /default-rack, certSerialId: null} reports an CLOSED replica.
2019-10-21 23:04:47,806 [BlockDeletingService#2] WARN  background.BlockDeletingService (BlockDeletingService.java:isDeletionAllowed(187)) - Close Container log Index 6 is not replicated across allthe servers in the pipeline f77f3c44-7213-45ac-81dc-60ca7ec77ff7 as the min replicated index is 4. Deletion is not allowed in this container yet.
2019-10-21 23:04:47,809 [BlockDeletingService#2] WARN  background.BlockDeletingService (BlockDeletingService.java:isDeletionAllowed(187)) - Close Container log Index 6 is not replicated across allthe servers in the pipeline f77f3c44-7213-45ac-81dc-60ca7ec77ff7 as the min replicated index is 4. Deletion is not allowed in this container yet.
2019-10-21 23:04:48,021 [EventQueue-ContainerReportForContainerReportHandler] WARN  container.ContainerReportHandler (AbstractContainerReportHandler.java:updateContainerState(145)) - Container #1 is in OPEN state, but the datanode 8e5ceb90-17c7-416d-ba3b-e9af83490bf4{ip: 192.168.69.118, host: pr-hdds-2131-w2fms-3313293055, networkLocation: /default-rack, certSerialId: null} reports an CLOSED replica.
2019-10-21 23:04:48,076 [EventQueue-ContainerReportForContainerReportHandler] WARN  container.ContainerReportHandler (AbstractContainerReportHandler.java:updateContainerState(145)) - Container #1 is in OPEN state, but the datanode 2c02d436-c6f2-4204-8248-e3d2779a79c3{ip: 192.168.69.118, host: pr-hdds-2131-w2fms-3313293055, networkLocation: /default-rack, certSerialId: null} reports an CLOSED replica.
2019-10-21 23:04:48,275 [EventQueue-ContainerReportForContainerReportHandler] WARN  container.ContainerReportHandler (AbstractContainerReportHandler.java:updateContainerState(145)) - Container #1 is in OPEN state, but the datanode 2c02d436-c6f2-4204-8248-e3d2779a79c3{ip: 192.168.69.118, host: pr-hdds-2131-w2fms-3313293055, networkLocation: /default-rack, certSerialId: null} reports an CLOSED replica.
2019-10-21 23:04:48,321 [EventQueue-ContainerReportForContainerReportHandler] WARN  container.ContainerReportHandler (AbstractContainerReportHandler.java:updateContainerState(145)) - Container #1 is in OPEN state, but the datanode 8e5ceb90-17c7-416d-ba3b-e9af83490bf4{ip: 192.168.69.118, host: pr-hdds-2131-w2fms-3313293055, networkLocation: /default-rack, certSerialId: null} reports an CLOSED replica.
2019-10-21 23:04:48,476 [EventQueue-ContainerReportForContainerReportHandler] WARN  container.ContainerReportHandler (AbstractContainerReportHandler.java:updateContainerState(145)) - Container #1 is in OPEN state, but the datanode 2c02d436-c6f2-4204-8248-e3d2779a79c3{ip: 192.168.69.118, host: pr-hdds-2131-w2fms-3313293055, networkLocation: /default-rack, certSerialId: null} reports an CLOSED replica.
2019-10-21 23:04:48,622 [EventQueue-ContainerReportForContainerReportHandler] WARN  container.ContainerReportHandler (AbstractContainerReportHandler.java:updateContainerState(145)) - Container #1 is in OPEN state, but the datanode 8e5ceb90-17c7-416d-ba3b-e9af83490bf4{ip: 192.168.69.118, host: pr-hdds-2131-w2fms-3313293055, networkLocation: /default-rack, certSerialId: null} reports an CLOSED replica.
2019-10-21 23:04:48,776 [EventQueue-ContainerReportForContainerReportHandler] WARN  container.ContainerReportHandler (AbstractContainerReportHandler.java:updateContainerState(145)) - Container #1 is in OPEN state, but the datanode 2c02d436-c6f2-4204-8248-e3d2779a79c3{ip: 192.168.69.118, host: pr-hdds-2131-w2fms-3313293055, networkLocation: /default-rack, certSerialId: null} reports an CLOSED replica.
2019-10-21 23:04:48,808 [BlockDeletingService#2] WARN  background.BlockDeletingService (BlockDeletingService.java:isDeletionAllowed(187)) - Close Container log Index 6 is not replicated across allthe servers in the pipeline f77f3c44-7213-45ac-81dc-60ca7ec77ff7 as the min replicated index is 4. Deletion is not allowed in this container yet.
2019-10-21 23:04:48,810 [BlockDeletingService#2] WARN  background.BlockDeletingService (BlockDeletingService.java:isDeletionAllowed(187)) - Close Container log Index 6 is not replicated across allthe servers in the pipeline f77f3c44-7213-45ac-81dc-60ca7ec77ff7 as the min replicated index is 4. Deletion is not allowed in this container yet.
2019-10-21 23:04:48,822 [EventQueue-ContainerReportForContainerReportHandler] WARN  container.ContainerReportHandler (AbstractContainerReportHandler.java:updateContainerState(145)) - Container #1 is in OPEN state, but the datanode 8e5ceb90-17c7-416d-ba3b-e9af83490bf4{ip: 192.168.69.118, host: pr-hdds-2131-w2fms-3313293055, networkLocation: /default-rack, certSerialId: null} reports an CLOSED replica.
2019-10-21 23:04:48,975 [EventQueue-ContainerReportForContainerReportHandler] WARN  container.ContainerReportHandler (AbstractContainerReportHandler.java:updateContainerState(145)) - Container #1 is in OPEN state, but the datanode 2c02d436-c6f2-4204-8248-e3d2779a79c3{ip: 192.168.69.118, host: pr-hdds-2131-w2fms-3313293055, networkLocation: /default-rack, certSerialId: null} reports an CLOSED replica.
2019-10-21 23:04:49,022 [EventQueue-ContainerReportForContainerReportHandler] WARN  container.ContainerReportHandler (AbstractContainerReportHandler.java:updateContainerState(145)) - Container #1 is in OPEN state, but the datanode 8e5ceb90-17c7-416d-ba3b-e9af83490bf4{ip: 192.168.69.118, host: pr-hdds-2131-w2fms-3313293055, networkLocation: /default-rack, certSerialId: null} reports an CLOSED replica.
2019-10-21 23:04:49,176 [EventQueue-ContainerReportForContainerReportHandler] WARN  container.ContainerReportHandler (AbstractContainerReportHandler.java:updateContainerState(145)) - Container #1 is in OPEN state, but the datanode 2c02d436-c6f2-4204-8248-e3d2779a79c3{ip: 192.168.69.118, host: pr-hdds-2131-w2fms-3313293055, networkLocation: /default-rack, certSerialId: null} reports an CLOSED replica.
2019-10-21 23:04:49,423 [EventQueue-ContainerReportForContainerReportHandler] WARN  container.ContainerReportHandler (AbstractContainerReportHandler.java:updateContainerState(145)) - Container #1 is in OPEN state, but the datanode 8e5ceb90-17c7-416d-ba3b-e9af83490bf4{ip: 192.168.69.118, host: pr-hdds-2131-w2fms-3313293055, networkLocation: /default-rack, certSerialId: null} reports an CLOSED replica.
2019-10-21 23:04:49,453 [java.util.concurrent.ThreadPoolExecutor$Worker@49aa5385[State = -1, empty queue]] WARN  server.GrpcLogAppender (GrpcLogAppender.java:timeoutAppendRequest(209)) - 2c02d436-c6f2-4204-8248-e3d2779a79c3@group-60CA7EC77FF7->95f8ce0c-61f1-45b1-a4e7-5b97bbfe9a5b-GrpcLogAppender: appendEntries Timeout, request=2c02d436-c6f2-4204-8248-e3d2779a79c3->95f8ce0c-61f1-45b1-a4e7-5b97bbfe9a5b#23-t2, previous=(t:2, i:8), leaderCommit=8, initializing? false, entries: <empty>
2019-10-21 23:04:49,476 [EventQueue-ContainerReportForContainerReportHandler] WARN  container.ContainerReportHandler (AbstractContainerReportHandler.java:updateContainerState(145)) - Container #1 is in OPEN state, but the datanode 2c02d436-c6f2-4204-8248-e3d2779a79c3{ip: 192.168.69.118, host: pr-hdds-2131-w2fms-3313293055, networkLocation: /default-rack, certSerialId: null} reports an CLOSED replica.
2019-10-21 23:04:49,505 [java.util.concurrent.ThreadPoolExecutor$Worker@49aa5385[State = -1, empty queue]] WARN  server.GrpcLogAppender (GrpcLogAppender.java:timeoutAppendRequest(209)) - 2c02d436-c6f2-4204-8248-e3d2779a79c3@group-60CA7EC77FF7->95f8ce0c-61f1-45b1-a4e7-5b97bbfe9a5b-GrpcLogAppender: appendEntries Timeout, request=2c02d436-c6f2-4204-8248-e3d2779a79c3->95f8ce0c-61f1-45b1-a4e7-5b97bbfe9a5b#24-t2, previous=(t:2, i:8), leaderCommit=8, initializing? false, entries: size=1, first=(t:2, i:9), STATEMACHINELOGENTRY, client-2944E5DF8F94, cid=12
2019-10-21 23:04:49,518 [java.util.concurrent.ThreadPoolExecutor$Worker@49aa5385[State = -1, empty queue]] WARN  server.GrpcLogAppender (GrpcLogAppender.java:timeoutAppendRequest(209)) - 2c02d436-c6f2-4204-8248-e3d2779a79c3@group-60CA7EC77FF7->95f8ce0c-61f1-45b1-a4e7-5b97bbfe9a5b-GrpcLogAppender: appendEntries Timeout, request=2c02d436-c6f2-4204-8248-e3d2779a79c3->95f8ce0c-61f1-45b1-a4e7-5b97bbfe9a5b#25-t2, previous=(t:2, i:9), leaderCommit=9, initializing? false, entries: size=1, first=(t:2, i:10), METADATAENTRY(c9)
2019-10-21 23:04:49,775 [EventQueue-ContainerReportForContainerReportHandler] WARN  container.ContainerReportHandler (AbstractContainerReportHandler.java:updateContainerState(145)) - Container #1 is in OPEN state, but the datanode 2c02d436-c6f2-4204-8248-e3d2779a79c3{ip: 192.168.69.118, host: pr-hdds-2131-w2fms-3313293055, networkLocation: /default-rack, certSerialId: null} reports an CLOSED replica.
2019-10-21 23:04:49,811 [BlockDeletingService#2] WARN  background.BlockDeletingService (BlockDeletingService.java:isDeletionAllowed(187)) - Close Container log Index 6 is not replicated across allthe servers in the pipeline f77f3c44-7213-45ac-81dc-60ca7ec77ff7 as the min replicated index is 4. Deletion is not allowed in this container yet.
2019-10-21 23:04:49,812 [BlockDeletingService#2] WARN  background.BlockDeletingService (BlockDeletingService.java:isDeletionAllowed(187)) - Close Container log Index 6 is not replicated across allthe servers in the pipeline f77f3c44-7213-45ac-81dc-60ca7ec77ff7 as the min replicated index is 4. Deletion is not allowed in this container yet.
2019-10-21 23:04:49,824 [EventQueue-ContainerReportForContainerReportHandler] WARN  container.ContainerReportHandler (AbstractContainerReportHandler.java:updateContainerState(145)) - Container #1 is in OPEN state, but the datanode 8e5ceb90-17c7-416d-ba3b-e9af83490bf4{ip: 192.168.69.118, host: pr-hdds-2131-w2fms-3313293055, networkLocation: /default-rack, certSerialId: null} reports an CLOSED replica.
2019-10-21 23:04:50,076 [EventQueue-ContainerReportForContainerReportHandler] WARN  container.ContainerReportHandler (AbstractContainerReportHandler.java:updateContainerState(145)) - Container #1 is in OPEN state, but the datanode 2c02d436-c6f2-4204-8248-e3d2779a79c3{ip: 192.168.69.118, host: pr-hdds-2131-w2fms-3313293055, networkLocation: /default-rack, certSerialId: null} reports an CLOSED replica.
2019-10-21 23:04:50,223 [EventQueue-ContainerReportForContainerReportHandler] WARN  container.ContainerReportHandler (AbstractContainerReportHandler.java:updateContainerState(145)) - Container #1 is in OPEN state, but the datanode 8e5ceb90-17c7-416d-ba3b-e9af83490bf4{ip: 192.168.69.118, host: pr-hdds-2131-w2fms-3313293055, networkLocation: /default-rack, certSerialId: null} reports an CLOSED replica.
2019-10-21 23:04:50,380 [EventQueue-ContainerReportForContainerReportHandler] WARN  container.ContainerReportHandler (AbstractContainerReportHandler.java:updateContainerState(145)) - Container #1 is in OPEN state, but the datanode 2c02d436-c6f2-4204-8248-e3d2779a79c3{ip: 192.168.69.118, host: pr-hdds-2131-w2fms-3313293055, networkLocation: /default-rack, certSerialId: null} reports an CLOSED replica.
2019-10-21 23:04:50,524 [EventQueue-ContainerReportForContainerReportHandler] WARN  container.ContainerReportHandler (AbstractContainerReportHandler.java:updateContainerState(145)) - Container #1 is in OPEN state, but the datanode 8e5ceb90-17c7-416d-ba3b-e9af83490bf4{ip: 192.168.69.118, host: pr-hdds-2131-w2fms-3313293055, networkLocation: /default-rack, certSerialId: null} reports an CLOSED replica.
2019-10-21 23:04:50,578 [EventQueue-ContainerReportForContainerReportHandler] WARN  container.ContainerReportHandler (AbstractContainerReportHandler.java:updateContainerState(145)) - Container #1 is in OPEN state, but the datanode 2c02d436-c6f2-4204-8248-e3d2779a79c3{ip: 192.168.69.118, host: pr-hdds-2131-w2fms-3313293055, networkLocation: /default-rack, certSerialId: null} reports an CLOSED replica.
2019-10-21 23:04:50,818 [BlockDeletingService#2] WARN  background.BlockDeletingService (BlockDeletingService.java:isDeletionAllowed(187)) - Close Container log Index 6 is not replicated across allthe servers in the pipeline f77f3c44-7213-45ac-81dc-60ca7ec77ff7 as the min replicated index is 4. Deletion is not allowed in this container yet.
2019-10-21 23:04:50,818 [BlockDeletingService#2] WARN  background.BlockDeletingService (BlockDeletingService.java:isDeletionAllowed(187)) - Close Container log Index 6 is not replicated across allthe servers in the pipeline f77f3c44-7213-45ac-81dc-60ca7ec77ff7 as the min replicated index is 4. Deletion is not allowed in this container yet.
2019-10-21 23:04:50,825 [EventQueue-ContainerReportForContainerReportHandler] WARN  container.ContainerReportHandler (AbstractContainerReportHandler.java:updateContainerState(145)) - Container #1 is in OPEN state, but the datanode 8e5ceb90-17c7-416d-ba3b-e9af83490bf4{ip: 192.168.69.118, host: pr-hdds-2131-w2fms-3313293055, networkLocation: /default-rack, certSerialId: null} reports an CLOSED replica.
2019-10-21 23:04:50,978 [EventQueue-ContainerReportForContainerReportHandler] WARN  container.ContainerReportHandler (AbstractContainerReportHandler.java:updateContainerState(145)) - Container #1 is in OPEN state, but the datanode 2c02d436-c6f2-4204-8248-e3d2779a79c3{ip: 192.168.69.118, host: pr-hdds-2131-w2fms-3313293055, networkLocation: /default-rack, certSerialId: null} reports an CLOSED replica.
2019-10-21 23:04:51,226 [EventQueue-ContainerReportForContainerReportHandler] WARN  container.ContainerReportHandler (AbstractContainerReportHandler.java:updateContainerState(145)) - Container #1 is in OPEN state, but the datanode 8e5ceb90-17c7-416d-ba3b-e9af83490bf4{ip: 192.168.69.118, host: pr-hdds-2131-w2fms-3313293055, networkLocation: /default-rack, certSerialId: null} reports an CLOSED replica.
2019-10-21 23:04:51,279 [EventQueue-ContainerReportForContainerReportHandler] WARN  container.ContainerReportHandler (AbstractContainerReportHandler.java:updateContainerState(145)) - Container #1 is in OPEN state, but the datanode 2c02d436-c6f2-4204-8248-e3d2779a79c3{ip: 192.168.69.118, host: pr-hdds-2131-w2fms-3313293055, networkLocation: /default-rack, certSerialId: null} reports an CLOSED replica.
2019-10-21 23:04:51,580 [EventQueue-ContainerReportForContainerReportHandler] WARN  container.ContainerReportHandler (AbstractContainerReportHandler.java:updateContainerState(145)) - Container #1 is in OPEN state, but the datanode 2c02d436-c6f2-4204-8248-e3d2779a79c3{ip: 192.168.69.118, host: pr-hdds-2131-w2fms-3313293055, networkLocation: /default-rack, certSerialId: null} reports an CLOSED replica.
2019-10-21 23:04:51,626 [EventQueue-ContainerReportForContainerReportHandler] WARN  container.ContainerReportHandler (AbstractContainerReportHandler.java:updateContainerState(145)) - Container #1 is in OPEN state, but the datanode 8e5ceb90-17c7-416d-ba3b-e9af83490bf4{ip: 192.168.69.118, host: pr-hdds-2131-w2fms-3313293055, networkLocation: /default-rack, certSerialId: null} reports an CLOSED replica.
2019-10-21 23:04:51,819 [BlockDeletingService#2] WARN  background.BlockDeletingService (BlockDeletingService.java:isDeletionAllowed(187)) - Close Container log Index 6 is not replicated across allthe servers in the pipeline f77f3c44-7213-45ac-81dc-60ca7ec77ff7 as the min replicated index is 4. Deletion is not allowed in this container yet.
2019-10-21 23:04:51,819 [BlockDeletingService#2] WARN  background.BlockDeletingService (BlockDeletingService.java:isDeletionAllowed(187)) - Close Container log Index 6 is not replicated across allthe servers in the pipeline f77f3c44-7213-45ac-81dc-60ca7ec77ff7 as the min replicated index is 4. Deletion is not allowed in this container yet.
2019-10-21 23:04:51,826 [EventQueue-ContainerReportForContainerReportHandler] WARN  container.ContainerReportHandler (AbstractContainerReportHandler.java:updateContainerState(145)) - Container #1 is in OPEN state, but the datanode 8e5ceb90-17c7-416d-ba3b-e9af83490bf4{ip: 192.168.69.118, host: pr-hdds-2131-w2fms-3313293055, networkLocation: /default-rack, certSerialId: null} reports an CLOSED replica.
2019-10-21 23:04:51,879 [EventQueue-ContainerReportForContainerReportHandler] WARN  container.ContainerReportHandler (AbstractContainerReportHandler.java:updateContainerState(145)) - Container #1 is in OPEN state, but the datanode 2c02d436-c6f2-4204-8248-e3d2779a79c3{ip: 192.168.69.118, host: pr-hdds-2131-w2fms-3313293055, networkLocation: /default-rack, certSerialId: null} reports an CLOSED replica.
2019-10-21 23:04:52,019 [java.util.concurrent.ThreadPoolExecutor$Worker@49aa5385[State = -1, empty queue]] WARN  server.GrpcLogAppender (GrpcLogAppender.java:timeoutAppendRequest(209)) - 2c02d436-c6f2-4204-8248-e3d2779a79c3@group-60CA7EC77FF7->95f8ce0c-61f1-45b1-a4e7-5b97bbfe9a5b-GrpcLogAppender: appendEntries Timeout, request=2c02d436-c6f2-4204-8248-e3d2779a79c3->95f8ce0c-61f1-45b1-a4e7-5b97bbfe9a5b#26-t2, previous=(t:2, i:10), leaderCommit=10, initializing? false, entries: <empty>
2019-10-21 23:04:52,226 [EventQueue-ContainerReportForContainerReportHandler] WARN  container.ContainerReportHandler (AbstractContainerReportHandler.java:updateContainerState(145)) - Container #1 is in OPEN state, but the datanode 8e5ceb90-17c7-416d-ba3b-e9af83490bf4{ip: 192.168.69.118, host: pr-hdds-2131-w2fms-3313293055, networkLocation: /default-rack, certSerialId: null} reports an CLOSED replica.
2019-10-21 23:04:52,281 [EventQueue-ContainerReportForContainerReportHandler] WARN  container.ContainerReportHandler (AbstractContainerReportHandler.java:updateContainerState(145)) - Container #1 is in OPEN state, but the datanode 2c02d436-c6f2-4204-8248-e3d2779a79c3{ip: 192.168.69.118, host: pr-hdds-2131-w2fms-3313293055, networkLocation: /default-rack, certSerialId: null} reports an CLOSED replica.
2019-10-21 23:04:52,526 [EventQueue-ContainerReportForContainerReportHandler] WARN  container.ContainerReportHandler (AbstractContainerReportHandler.java:updateContainerState(145)) - Container #1 is in OPEN state, but the datanode 8e5ceb90-17c7-416d-ba3b-e9af83490bf4{ip: 192.168.69.118, host: pr-hdds-2131-w2fms-3313293055, networkLocation: /default-rack, certSerialId: null} reports an CLOSED replica.
2019-10-21 23:04:52,682 [EventQueue-ContainerReportForContainerReportHandler] WARN  container.ContainerReportHandler (AbstractContainerReportHandler.java:updateContainerState(145)) - Container #1 is in OPEN state, but the datanode 2c02d436-c6f2-4204-8248-e3d2779a79c3{ip: 192.168.69.118, host: pr-hdds-2131-w2fms-3313293055, networkLocation: /default-rack, certSerialId: null} reports an CLOSED replica.
2019-10-21 23:04:52,821 [BlockDeletingService#2] WARN  background.BlockDeletingService (BlockDeletingService.java:isDeletionAllowed(187)) - Close Container log Index 6 is not replicated across allthe servers in the pipeline f77f3c44-7213-45ac-81dc-60ca7ec77ff7 as the min replicated index is 4. Deletion is not allowed in this container yet.
2019-10-21 23:04:52,821 [BlockDeletingService#2] WARN  background.BlockDeletingService (BlockDeletingService.java:isDeletionAllowed(187)) - Close Container log Index 6 is not replicated across allthe servers in the pipeline f77f3c44-7213-45ac-81dc-60ca7ec77ff7 as the min replicated index is 4. Deletion is not allowed in this container yet.
2019-10-21 23:04:52,827 [EventQueue-ContainerReportForContainerReportHandler] WARN  container.ContainerReportHandler (AbstractContainerReportHandler.java:updateContainerState(145)) - Container #1 is in OPEN state, but the datanode 8e5ceb90-17c7-416d-ba3b-e9af83490bf4{ip: 192.168.69.118, host: pr-hdds-2131-w2fms-3313293055, networkLocation: /default-rack, certSerialId: null} reports an CLOSED replica.
2019-10-21 23:04:52,983 [EventQueue-ContainerReportForContainerReportHandler] WARN  container.ContainerReportHandler (AbstractContainerReportHandler.java:updateContainerState(145)) - Container #1 is in OPEN state, but the datanode 2c02d436-c6f2-4204-8248-e3d2779a79c3{ip: 192.168.69.118, host: pr-hdds-2131-w2fms-3313293055, networkLocation: /default-rack, certSerialId: null} reports an CLOSED replica.
2019-10-21 23:04:53,128 [EventQueue-ContainerReportForContainerReportHandler] WARN  container.ContainerReportHandler (AbstractContainerReportHandler.java:updateContainerState(145)) - Container #1 is in OPEN state, but the datanode 8e5ceb90-17c7-416d-ba3b-e9af83490bf4{ip: 192.168.69.118, host: pr-hdds-2131-w2fms-3313293055, networkLocation: /default-rack, certSerialId: null} reports an CLOSED replica.
2019-10-21 23:04:53,284 [EventQueue-ContainerReportForContainerReportHandler] WARN  container.ContainerReportHandler (AbstractContainerReportHandler.java:updateContainerState(145)) - Container #1 is in OPEN state, but the datanode 2c02d436-c6f2-4204-8248-e3d2779a79c3{ip: 192.168.69.118, host: pr-hdds-2131-w2fms-3313293055, networkLocation: /default-rack, certSerialId: null} reports an CLOSED replica.
2019-10-21 23:04:53,428 [EventQueue-ContainerReportForContainerReportHandler] WARN  container.ContainerReportHandler (AbstractContainerReportHandler.java:updateContainerState(145)) - Container #1 is in OPEN state, but the datanode 8e5ceb90-17c7-416d-ba3b-e9af83490bf4{ip: 192.168.69.118, host: pr-hdds-2131-w2fms-3313293055, networkLocation: /default-rack, certSerialId: null} reports an CLOSED replica.
2019-10-21 23:04:53,572 [Thread-337] INFO  client.GrpcClientProtocolService (GrpcClientProtocolService.java:lambda$processClientRequest$0(278)) - Failed RaftClientRequest:client-0013CC304CD3->8e5ceb90-17c7-416d-ba3b-e9af83490bf4@group-60CA7EC77FF7, cid=10, seq=0, Watch-ALL_COMMITTED(6), Message:<EMPTY>, reply=RaftClientReply:client-0013CC304CD3->8e5ceb90-17c7-416d-ba3b-e9af83490bf4@group-60CA7EC77FF7, cid=10, FAILED org.apache.ratis.protocol.NotLeaderException: Server 8e5ceb90-17c7-416d-ba3b-e9af83490bf4@group-60CA7EC77FF7 is not the leader 2c02d436-c6f2-4204-8248-e3d2779a79c3:192.168.69.118:45342, logIndex=0, commits[8e5ceb90-17c7-416d-ba3b-e9af83490bf4:c10, 95f8ce0c-61f1-45b1-a4e7-5b97bbfe9a5b:c4, 2c02d436-c6f2-4204-8248-e3d2779a79c3:c10]
2019-10-21 23:04:53,685 [EventQueue-ContainerReportForContainerReportHandler] WARN  container.ContainerReportHandler (AbstractContainerReportHandler.java:updateContainerState(145)) - Container #1 is in OPEN state, but the datanode 2c02d436-c6f2-4204-8248-e3d2779a79c3{ip: 192.168.69.118, host: pr-hdds-2131-w2fms-3313293055, networkLocation: /default-rack, certSerialId: null} reports an CLOSED replica.
2019-10-21 23:04:53,823 [BlockDeletingService#2] WARN  background.BlockDeletingService (BlockDeletingService.java:isDeletionAllowed(187)) - Close Container log Index 6 is not replicated across allthe servers in the pipeline f77f3c44-7213-45ac-81dc-60ca7ec77ff7 as the min replicated index is 4. Deletion is not allowed in this container yet.
2019-10-21 23:04:53,823 [BlockDeletingService#2] WARN  background.BlockDeletingService (BlockDeletingService.java:isDeletionAllowed(187)) - Close Container log Index 6 is not replicated across allthe servers in the pipeline f77f3c44-7213-45ac-81dc-60ca7ec77ff7 as the min replicated index is 4. Deletion is not allowed in this container yet.
2019-10-21 23:04:53,828 [EventQueue-ContainerReportForContainerReportHandler] WARN  container.ContainerReportHandler (AbstractContainerReportHandler.java:updateContainerState(145)) - Container #1 is in OPEN state, but the datanode 8e5ceb90-17c7-416d-ba3b-e9af83490bf4{ip: 192.168.69.118, host: pr-hdds-2131-w2fms-3313293055, networkLocation: /default-rack, certSerialId: null} reports an CLOSED replica.
2019-10-21 23:04:53,986 [EventQueue-ContainerReportForContainerReportHandler] WARN  container.ContainerReportHandler (AbstractContainerReportHandler.java:updateContainerState(145)) - Container #1 is in OPEN state, but the datanode 2c02d436-c6f2-4204-8248-e3d2779a79c3{ip: 192.168.69.118, host: pr-hdds-2131-w2fms-3313293055, networkLocation: /default-rack, certSerialId: null} reports an CLOSED replica.
2019-10-21 23:04:54,229 [EventQueue-ContainerReportForContainerReportHandler] WARN  container.ContainerReportHandler (AbstractContainerReportHandler.java:updateContainerState(145)) - Container #1 is in OPEN state, but the datanode 8e5ceb90-17c7-416d-ba3b-e9af83490bf4{ip: 192.168.69.118, host: pr-hdds-2131-w2fms-3313293055, networkLocation: /default-rack, certSerialId: null} reports an CLOSED replica.
2019-10-21 23:04:54,285 [EventQueue-ContainerReportForContainerReportHandler] WARN  container.ContainerReportHandler (AbstractContainerReportHandler.java:updateContainerState(145)) - Container #1 is in OPEN state, but the datanode 2c02d436-c6f2-4204-8248-e3d2779a79c3{ip: 192.168.69.118, host: pr-hdds-2131-w2fms-3313293055, networkLocation: /default-rack, certSerialId: null} reports an CLOSED replica.
2019-10-21 23:04:54,521 [java.util.concurrent.ThreadPoolExecutor$Worker@49aa5385[State = -1, empty queue]] WARN  server.GrpcLogAppender (GrpcLogAppender.java:timeoutAppendRequest(209)) - 2c02d436-c6f2-4204-8248-e3d2779a79c3@group-60CA7EC77FF7->95f8ce0c-61f1-45b1-a4e7-5b97bbfe9a5b-GrpcLogAppender: appendEntries Timeout, request=2c02d436-c6f2-4204-8248-e3d2779a79c3->95f8ce0c-61f1-45b1-a4e7-5b97bbfe9a5b#27-t2, previous=(t:2, i:10), leaderCommit=10, initializing? false, entries: <empty>
2019-10-21 23:04:54,530 [EventQueue-ContainerReportForContainerReportHandler] WARN  container.ContainerReportHandler (AbstractContainerReportHandler.java:updateContainerState(145)) - Container #1 is in OPEN state, but the datanode 8e5ceb90-17c7-416d-ba3b-e9af83490bf4{ip: 192.168.69.118, host: pr-hdds-2131-w2fms-3313293055, networkLocation: /default-rack, certSerialId: null} reports an CLOSED replica.
2019-10-21 23:04:54,586 [EventQueue-ContainerReportForContainerReportHandler] WARN  container.ContainerReportHandler (AbstractContainerReportHandler.java:updateContainerState(145)) - Container #1 is in OPEN state, but the datanode 2c02d436-c6f2-4204-8248-e3d2779a79c3{ip: 192.168.69.118, host: pr-hdds-2131-w2fms-3313293055, networkLocation: /default-rack, certSerialId: null} reports an CLOSED replica.
2019-10-21 23:04:54,827 [BlockDeletingService#2] WARN  background.BlockDeletingService (BlockDeletingService.java:isDeletionAllowed(187)) - Close Container log Index 6 is not replicated across allthe servers in the pipeline f77f3c44-7213-45ac-81dc-60ca7ec77ff7 as the min replicated index is 4. Deletion is not allowed in this container yet.
2019-10-21 23:04:54,827 [BlockDeletingService#2] WARN  background.BlockDeletingService (BlockDeletingService.java:isDeletionAllowed(187)) - Close Container log Index 6 is not replicated across allthe servers in the pipeline f77f3c44-7213-45ac-81dc-60ca7ec77ff7 as the min replicated index is 4. Deletion is not allowed in this container yet.
2019-10-21 23:04:54,830 [EventQueue-ContainerReportForContainerReportHandler] WARN  container.ContainerReportHandler (AbstractContainerReportHandler.java:updateContainerState(145)) - Container #1 is in OPEN state, but the datanode 8e5ceb90-17c7-416d-ba3b-e9af83490bf4{ip: 192.168.69.118, host: pr-hdds-2131-w2fms-3313293055, networkLocation: /default-rack, certSerialId: null} reports an CLOSED replica.
2019-10-21 23:04:54,884 [Thread-345] INFO  client.GrpcClientProtocolService (GrpcClientProtocolService.java:lambda$processClientRequest$0(278)) - Failed RaftClientRequest:client-0013CC304CD3->2c02d436-c6f2-4204-8248-e3d2779a79c3@group-60CA7EC77FF7, cid=10, seq=0, Watch-ALL_COMMITTED(6), Message:<EMPTY>, reply=RaftClientReply:client-0013CC304CD3->2c02d436-c6f2-4204-8248-e3d2779a79c3@group-60CA7EC77FF7, cid=10, FAILED org.apache.ratis.protocol.NotReplicatedException: Request with call Id 10 and log index 6 is not yet replicated to ALL_COMMITTED, logIndex=6, commits[2c02d436-c6f2-4204-8248-e3d2779a79c3:c10, 8e5ceb90-17c7-416d-ba3b-e9af83490bf4:c10, 95f8ce0c-61f1-45b1-a4e7-5b97bbfe9a5b:c4]
2019-10-21 23:04:54,987 [EventQueue-ContainerReportForContainerReportHandler] WARN  container.ContainerReportHandler (AbstractContainerReportHandler.java:updateContainerState(145)) - Container #1 is in OPEN state, but the datanode 2c02d436-c6f2-4204-8248-e3d2779a79c3{ip: 192.168.69.118, host: pr-hdds-2131-w2fms-3313293055, networkLocation: /default-rack, certSerialId: null} reports an CLOSED replica.
2019-10-21 23:04:55,130 [EventQueue-ContainerReportForContainerReportHandler] WARN  container.ContainerReportHandler (AbstractContainerReportHandler.java:updateContainerState(145)) - Container #1 is in OPEN state, but the datanode 8e5ceb90-17c7-416d-ba3b-e9af83490bf4{ip: 192.168.69.118, host: pr-hdds-2131-w2fms-3313293055, networkLocation: /default-rack, certSerialId: null} reports an CLOSED replica.
2019-10-21 23:04:55,288 [EventQueue-ContainerReportForContainerReportHandler] WARN  container.ContainerReportHandler (AbstractContainerReportHandler.java:updateContainerState(145)) - Container #1 is in OPEN state, but the datanode 2c02d436-c6f2-4204-8248-e3d2779a79c3{ip: 192.168.69.118, host: pr-hdds-2131-w2fms-3313293055, networkLocation: /default-rack, certSerialId: null} reports an CLOSED replica.
2019-10-21 23:04:55,431 [EventQueue-ContainerReportForContainerReportHandler] WARN  container.ContainerReportHandler (AbstractContainerReportHandler.java:updateContainerState(145)) - Container #1 is in OPEN state, but the datanode 8e5ceb90-17c7-416d-ba3b-e9af83490bf4{ip: 192.168.69.118, host: pr-hdds-2131-w2fms-3313293055, networkLocation: /default-rack, certSerialId: null} reports an CLOSED replica.
2019-10-21 23:04:55,589 [EventQueue-ContainerReportForContainerReportHandler] WARN  container.ContainerReportHandler (AbstractContainerReportHandler.java:updateContainerState(145)) - Container #1 is in OPEN state, but the datanode 2c02d436-c6f2-4204-8248-e3d2779a79c3{ip: 192.168.69.118, host: pr-hdds-2131-w2fms-3313293055, networkLocation: /default-rack, certSerialId: null} reports an CLOSED replica.
2019-10-21 23:04:55,733 [EventQueue-ContainerReportForContainerReportHandler] WARN  container.ContainerReportHandler (AbstractContainerReportHandler.java:updateContainerState(145)) - Container #1 is in OPEN state, but the datanode 8e5ceb90-17c7-416d-ba3b-e9af83490bf4{ip: 192.168.69.118, host: pr-hdds-2131-w2fms-3313293055, networkLocation: /default-rack, certSerialId: null} reports an CLOSED replica.
2019-10-21 23:04:55,789 [EventQueue-ContainerReportForContainerReportHandler] WARN  container.ContainerReportHandler (AbstractContainerReportHandler.java:updateContainerState(145)) - Container #1 is in OPEN state, but the datanode 2c02d436-c6f2-4204-8248-e3d2779a79c3{ip: 192.168.69.118, host: pr-hdds-2131-w2fms-3313293055, networkLocation: /default-rack, certSerialId: null} reports an CLOSED replica.
2019-10-21 23:04:55,832 [BlockDeletingService#2] WARN  background.BlockDeletingService (BlockDeletingService.java:isDeletionAllowed(187)) - Close Container log Index 6 is not replicated across allthe servers in the pipeline f77f3c44-7213-45ac-81dc-60ca7ec77ff7 as the min replicated index is 4. Deletion is not allowed in this container yet.
2019-10-21 23:04:55,832 [BlockDeletingService#2] WARN  background.BlockDeletingService (BlockDeletingService.java:isDeletionAllowed(187)) - Close Container log Index 6 is not replicated across allthe servers in the pipeline f77f3c44-7213-45ac-81dc-60ca7ec77ff7 as the min replicated index is 4. Deletion is not allowed in this container yet.
2019-10-21 23:04:56,032 [EventQueue-ContainerReportForContainerReportHandler] WARN  container.ContainerReportHandler (AbstractContainerReportHandler.java:updateContainerState(145)) - Container #1 is in OPEN state, but the datanode 8e5ceb90-17c7-416d-ba3b-e9af83490bf4{ip: 192.168.69.118, host: pr-hdds-2131-w2fms-3313293055, networkLocation: /default-rack, certSerialId: null} reports an CLOSED replica.
2019-10-21 23:04:56,188 [EventQueue-ContainerReportForContainerReportHandler] WARN  container.ContainerReportHandler (AbstractContainerReportHandler.java:updateContainerState(145)) - Container #1 is in OPEN state, but the datanode 2c02d436-c6f2-4204-8248-e3d2779a79c3{ip: 192.168.69.118, host: pr-hdds-2131-w2fms-3313293055, networkLocation: /default-rack, certSerialId: null} reports an CLOSED replica.
2019-10-21 23:04:56,333 [EventQueue-ContainerReportForContainerReportHandler] WARN  container.ContainerReportHandler (AbstractContainerReportHandler.java:updateContainerState(145)) - Container #1 is in OPEN state, but the datanode 8e5ceb90-17c7-416d-ba3b-e9af83490bf4{ip: 192.168.69.118, host: pr-hdds-2131-w2fms-3313293055, networkLocation: /default-rack, certSerialId: null} reports an CLOSED replica.
2019-10-21 23:04:56,388 [EventQueue-ContainerReportForContainerReportHandler] WARN  container.ContainerReportHandler (AbstractContainerReportHandler.java:updateContainerState(145)) - Container #1 is in OPEN state, but the datanode 2c02d436-c6f2-4204-8248-e3d2779a79c3{ip: 192.168.69.118, host: pr-hdds-2131-w2fms-3313293055, networkLocation: /default-rack, certSerialId: null} reports an CLOSED replica.
2019-10-21 23:04:56,532 [EventQueue-ContainerReportForContainerReportHandler] WARN  container.ContainerReportHandler (AbstractContainerReportHandler.java:updateContainerState(145)) - Container #1 is in OPEN state, but the datanode 8e5ceb90-17c7-416d-ba3b-e9af83490bf4{ip: 192.168.69.118, host: pr-hdds-2131-w2fms-3313293055, networkLocation: /default-rack, certSerialId: null} reports an CLOSED replica.
2019-10-21 23:04:56,689 [EventQueue-ContainerReportForContainerReportHandler] WARN  container.ContainerReportHandler (AbstractContainerReportHandler.java:updateContainerState(145)) - Container #1 is in OPEN state, but the datanode 2c02d436-c6f2-4204-8248-e3d2779a79c3{ip: 192.168.69.118, host: pr-hdds-2131-w2fms-3313293055, networkLocation: /default-rack, certSerialId: null} reports an CLOSED replica.
2019-10-21 23:04:56,835 [BlockDeletingService#2] WARN  background.BlockDeletingService (BlockDeletingService.java:isDeletionAllowed(187)) - Close Container log Index 6 is not replicated across allthe servers in the pipeline f77f3c44-7213-45ac-81dc-60ca7ec77ff7 as the min replicated index is 4. Deletion is not allowed in this container yet.
2019-10-21 23:04:56,835 [BlockDeletingService#2] WARN  background.BlockDeletingService (BlockDeletingService.java:isDeletionAllowed(187)) - Close Container log Index 6 is not replicated across allthe servers in the pipeline f77f3c44-7213-45ac-81dc-60ca7ec77ff7 as the min replicated index is 4. Deletion is not allowed in this container yet.
2019-10-21 23:04:56,933 [EventQueue-ContainerReportForContainerReportHandler] WARN  container.ContainerReportHandler (AbstractContainerReportHandler.java:updateContainerState(145)) - Container #1 is in OPEN state, but the datanode 8e5ceb90-17c7-416d-ba3b-e9af83490bf4{ip: 192.168.69.118, host: pr-hdds-2131-w2fms-3313293055, networkLocation: /default-rack, certSerialId: null} reports an CLOSED replica.
2019-10-21 23:04:56,990 [EventQueue-ContainerReportForContainerReportHandler] WARN  container.ContainerReportHandler (AbstractContainerReportHandler.java:updateContainerState(145)) - Container #1 is in OPEN state, but the datanode 2c02d436-c6f2-4204-8248-e3d2779a79c3{ip: 192.168.69.118, host: pr-hdds-2131-w2fms-3313293055, networkLocation: /default-rack, certSerialId: null} reports an CLOSED replica.
2019-10-21 23:04:57,022 [java.util.concurrent.ThreadPoolExecutor$Worker@49aa5385[State = -1, empty queue]] WARN  server.GrpcLogAppender (GrpcLogAppender.java:timeoutAppendRequest(209)) - 2c02d436-c6f2-4204-8248-e3d2779a79c3@group-60CA7EC77FF7->95f8ce0c-61f1-45b1-a4e7-5b97bbfe9a5b-GrpcLogAppender: appendEntries Timeout, request=2c02d436-c6f2-4204-8248-e3d2779a79c3->95f8ce0c-61f1-45b1-a4e7-5b97bbfe9a5b#28-t2, previous=(t:2, i:10), leaderCommit=10, initializing? false, entries: <empty>
2019-10-21 23:04:57,233 [EventQueue-ContainerReportForContainerReportHandler] WARN  container.ContainerReportHandler (AbstractContainerReportHandler.java:updateContainerState(145)) - Container #1 is in OPEN state, but the datanode 8e5ceb90-17c7-416d-ba3b-e9af83490bf4{ip: 192.168.69.118, host: pr-hdds-2131-w2fms-3313293055, networkLocation: /default-rack, certSerialId: null} reports an CLOSED replica.
2019-10-21 23:04:57,289 [EventQueue-ContainerReportForContainerReportHandler] WARN  container.ContainerReportHandler (AbstractContainerReportHandler.java:updateContainerState(145)) - Container #1 is in OPEN state, but the datanode 2c02d436-c6f2-4204-8248-e3d2779a79c3{ip: 192.168.69.118, host: pr-hdds-2131-w2fms-3313293055, networkLocation: /default-rack, certSerialId: null} reports an CLOSED replica.
2019-10-21 23:04:57,533 [EventQueue-ContainerReportForContainerReportHandler] WARN  container.ContainerReportHandler (AbstractContainerReportHandler.java:updateContainerState(145)) - Container #1 is in OPEN state, but the datanode 8e5ceb90-17c7-416d-ba3b-e9af83490bf4{ip: 192.168.69.118, host: pr-hdds-2131-w2fms-3313293055, networkLocation: /default-rack, certSerialId: null} reports an CLOSED replica.
2019-10-21 23:04:57,689 [EventQueue-ContainerReportForContainerReportHandler] WARN  container.ContainerReportHandler (AbstractContainerReportHandler.java:updateContainerState(145)) - Container #1 is in OPEN state, but the datanode 2c02d436-c6f2-4204-8248-e3d2779a79c3{ip: 192.168.69.118, host: pr-hdds-2131-w2fms-3313293055, networkLocation: /default-rack, certSerialId: null} reports an CLOSED replica.
2019-10-21 23:04:57,734 [EventQueue-ContainerReportForContainerReportHandler] WARN  container.ContainerReportHandler (AbstractContainerReportHandler.java:updateContainerState(145)) - Container #1 is in OPEN state, but the datanode 8e5ceb90-17c7-416d-ba3b-e9af83490bf4{ip: 192.168.69.118, host: pr-hdds-2131-w2fms-3313293055, networkLocation: /default-rack, certSerialId: null} reports an CLOSED replica.
2019-10-21 23:04:57,838 [BlockDeletingService#2] WARN  background.BlockDeletingService (BlockDeletingService.java:isDeletionAllowed(187)) - Close Container log Index 6 is not replicated across allthe servers in the pipeline f77f3c44-7213-45ac-81dc-60ca7ec77ff7 as the min replicated index is 4. Deletion is not allowed in this container yet.
2019-10-21 23:04:57,838 [BlockDeletingService#2] WARN  background.BlockDeletingService (BlockDeletingService.java:isDeletionAllowed(187)) - Close Container log Index 6 is not replicated across allthe servers in the pipeline f77f3c44-7213-45ac-81dc-60ca7ec77ff7 as the min replicated index is 4. Deletion is not allowed in this container yet.
2019-10-21 23:04:58,035 [EventQueue-ContainerReportForContainerReportHandler] WARN  container.ContainerReportHandler (AbstractContainerReportHandler.java:updateContainerState(145)) - Container #1 is in OPEN state, but the datanode 8e5ceb90-17c7-416d-ba3b-e9af83490bf4{ip: 192.168.69.118, host: pr-hdds-2131-w2fms-3313293055, networkLocation: /default-rack, certSerialId: null} reports an CLOSED replica.
2019-10-21 23:04:58,089 [EventQueue-ContainerReportForContainerReportHandler] WARN  container.ContainerReportHandler (AbstractContainerReportHandler.java:updateContainerState(145)) - Container #1 is in OPEN state, but the datanode 2c02d436-c6f2-4204-8248-e3d2779a79c3{ip: 192.168.69.118, host: pr-hdds-2131-w2fms-3313293055, networkLocation: /default-rack, certSerialId: null} reports an CLOSED replica.
2019-10-21 23:04:58,289 [EventQueue-ContainerReportForContainerReportHandler] WARN  container.ContainerReportHandler (AbstractContainerReportHandler.java:updateContainerState(145)) - Container #1 is in OPEN state, but the datanode 2c02d436-c6f2-4204-8248-e3d2779a79c3{ip: 192.168.69.118, host: pr-hdds-2131-w2fms-3313293055, networkLocation: /default-rack, certSerialId: null} reports an CLOSED replica.
2019-10-21 23:04:58,336 [EventQueue-ContainerReportForContainerReportHandler] WARN  container.ContainerReportHandler (AbstractContainerReportHandler.java:updateContainerState(145)) - Container #1 is in OPEN state, but the datanode 8e5ceb90-17c7-416d-ba3b-e9af83490bf4{ip: 192.168.69.118, host: pr-hdds-2131-w2fms-3313293055, networkLocation: /default-rack, certSerialId: null} reports an CLOSED replica.
2019-10-21 23:04:58,535 [EventQueue-ContainerReportForContainerReportHandler] WARN  container.ContainerReportHandler (AbstractContainerReportHandler.java:updateContainerState(145)) - Container #1 is in OPEN state, but the datanode 8e5ceb90-17c7-416d-ba3b-e9af83490bf4{ip: 192.168.69.118, host: pr-hdds-2131-w2fms-3313293055, networkLocation: /default-rack, certSerialId: null} reports an CLOSED replica.
2019-10-21 23:04:58,691 [EventQueue-ContainerReportForContainerReportHandler] WARN  container.ContainerReportHandler (AbstractContainerReportHandler.java:updateContainerState(145)) - Container #1 is in OPEN state, but the datanode 2c02d436-c6f2-4204-8248-e3d2779a79c3{ip: 192.168.69.118, host: pr-hdds-2131-w2fms-3313293055, networkLocation: /default-rack, certSerialId: null} reports an CLOSED replica.
2019-10-21 23:04:58,836 [EventQueue-ContainerReportForContainerReportHandler] WARN  container.ContainerReportHandler (AbstractContainerReportHandler.java:updateContainerState(145)) - Container #1 is in OPEN state, but the datanode 8e5ceb90-17c7-416d-ba3b-e9af83490bf4{ip: 192.168.69.118, host: pr-hdds-2131-w2fms-3313293055, networkLocation: /default-rack, certSerialId: null} reports an CLOSED replica.
2019-10-21 23:04:58,840 [BlockDeletingService#2] WARN  background.BlockDeletingService (BlockDeletingService.java:isDeletionAllowed(187)) - Close Container log Index 6 is not replicated across allthe servers in the pipeline f77f3c44-7213-45ac-81dc-60ca7ec77ff7 as the min replicated index is 4. Deletion is not allowed in this container yet.
2019-10-21 23:04:58,840 [BlockDeletingService#2] WARN  background.BlockDeletingService (BlockDeletingService.java:isDeletionAllowed(187)) - Close Container log Index 6 is not replicated across allthe servers in the pipeline f77f3c44-7213-45ac-81dc-60ca7ec77ff7 as the min replicated index is 4. Deletion is not allowed in this container yet.
2019-10-21 23:04:58,991 [EventQueue-ContainerReportForContainerReportHandler] WARN  container.ContainerReportHandler (AbstractContainerReportHandler.java:updateContainerState(145)) - Container #1 is in OPEN state, but the datanode 2c02d436-c6f2-4204-8248-e3d2779a79c3{ip: 192.168.69.118, host: pr-hdds-2131-w2fms-3313293055, networkLocation: /default-rack, certSerialId: null} reports an CLOSED replica.
2019-10-21 23:04:59,136 [EventQueue-ContainerReportForContainerReportHandler] WARN  container.ContainerReportHandler (AbstractContainerReportHandler.java:updateContainerState(145)) - Container #1 is in OPEN state, but the datanode 8e5ceb90-17c7-416d-ba3b-e9af83490bf4{ip: 192.168.69.118, host: pr-hdds-2131-w2fms-3313293055, networkLocation: /default-rack, certSerialId: null} reports an CLOSED replica.
2019-10-21 23:04:59,335 [EventQueue-ContainerReportForContainerReportHandler] WARN  container.ContainerReportHandler (AbstractContainerReportHandler.java:updateContainerState(145)) - Container #1 is in OPEN state, but the datanode 8e5ceb90-17c7-416d-ba3b-e9af83490bf4{ip: 192.168.69.118, host: pr-hdds-2131-w2fms-3313293055, networkLocation: /default-rack, certSerialId: null} reports an CLOSED replica.
2019-10-21 23:04:59,391 [EventQueue-ContainerReportForContainerReportHandler] WARN  container.ContainerReportHandler (AbstractContainerReportHandler.java:updateContainerState(145)) - Container #1 is in OPEN state, but the datanode 2c02d436-c6f2-4204-8248-e3d2779a79c3{ip: 192.168.69.118, host: pr-hdds-2131-w2fms-3313293055, networkLocation: /default-rack, certSerialId: null} reports an CLOSED replica.
2019-10-21 23:04:59,523 [java.util.concurrent.ThreadPoolExecutor$Worker@49aa5385[State = -1, empty queue]] WARN  server.GrpcLogAppender (GrpcLogAppender.java:timeoutAppendRequest(209)) - 2c02d436-c6f2-4204-8248-e3d2779a79c3@group-60CA7EC77FF7->95f8ce0c-61f1-45b1-a4e7-5b97bbfe9a5b-GrpcLogAppender: appendEntries Timeout, request=2c02d436-c6f2-4204-8248-e3d2779a79c3->95f8ce0c-61f1-45b1-a4e7-5b97bbfe9a5b#29-t2, previous=(t:2, i:10), leaderCommit=10, initializing? false, entries: <empty>
2019-10-21 23:04:59,635 [EventQueue-ContainerReportForContainerReportHandler] WARN  container.ContainerReportHandler (AbstractContainerReportHandler.java:updateContainerState(145)) - Container #1 is in OPEN state, but the datanode 8e5ceb90-17c7-416d-ba3b-e9af83490bf4{ip: 192.168.69.118, host: pr-hdds-2131-w2fms-3313293055, networkLocation: /default-rack, certSerialId: null} reports an CLOSED replica.
2019-10-21 23:04:59,692 [EventQueue-ContainerReportForContainerReportHandler] WARN  container.ContainerReportHandler (AbstractContainerReportHandler.java:updateContainerState(145)) - Container #1 is in OPEN state, but the datanode 2c02d436-c6f2-4204-8248-e3d2779a79c3{ip: 192.168.69.118, host: pr-hdds-2131-w2fms-3313293055, networkLocation: /default-rack, certSerialId: null} reports an CLOSED replica.
2019-10-21 23:04:59,836 [EventQueue-ContainerReportForContainerReportHandler] WARN  container.ContainerReportHandler (AbstractContainerReportHandler.java:updateContainerState(145)) - Container #1 is in OPEN state, but the datanode 8e5ceb90-17c7-416d-ba3b-e9af83490bf4{ip: 192.168.69.118, host: pr-hdds-2131-w2fms-3313293055, networkLocation: /default-rack, certSerialId: null} reports an CLOSED replica.
2019-10-21 23:04:59,842 [BlockDeletingService#2] WARN  background.BlockDeletingService (BlockDeletingService.java:isDeletionAllowed(187)) - Close Container log Index 6 is not replicated across allthe servers in the pipeline f77f3c44-7213-45ac-81dc-60ca7ec77ff7 as the min replicated index is 4. Deletion is not allowed in this container yet.
2019-10-21 23:04:59,842 [BlockDeletingService#2] WARN  background.BlockDeletingService (BlockDeletingService.java:isDeletionAllowed(187)) - Close Container log Index 6 is not replicated across allthe servers in the pipeline f77f3c44-7213-45ac-81dc-60ca7ec77ff7 as the min replicated index is 4. Deletion is not allowed in this container yet.
2019-10-21 23:04:59,892 [EventQueue-ContainerReportForContainerReportHandler] WARN  container.ContainerReportHandler (AbstractContainerReportHandler.java:updateContainerState(145)) - Container #1 is in OPEN state, but the datanode 2c02d436-c6f2-4204-8248-e3d2779a79c3{ip: 192.168.69.118, host: pr-hdds-2131-w2fms-3313293055, networkLocation: /default-rack, certSerialId: null} reports an CLOSED replica.
2019-10-21 23:05:00,136 [EventQueue-ContainerReportForContainerReportHandler] WARN  container.ContainerReportHandler (AbstractContainerReportHandler.java:updateContainerState(145)) - Container #1 is in OPEN state, but the datanode 8e5ceb90-17c7-416d-ba3b-e9af83490bf4{ip: 192.168.69.118, host: pr-hdds-2131-w2fms-3313293055, networkLocation: /default-rack, certSerialId: null} reports an CLOSED replica.
2019-10-21 23:05:00,192 [EventQueue-ContainerReportForContainerReportHandler] WARN  container.ContainerReportHandler (AbstractContainerReportHandler.java:updateContainerState(145)) - Container #1 is in OPEN state, but the datanode 2c02d436-c6f2-4204-8248-e3d2779a79c3{ip: 192.168.69.118, host: pr-hdds-2131-w2fms-3313293055, networkLocation: /default-rack, certSerialId: null} reports an CLOSED replica.
2019-10-21 23:05:00,392 [EventQueue-ContainerReportForContainerReportHandler] WARN  container.ContainerReportHandler (AbstractContainerReportHandler.java:updateContainerState(145)) - Container #1 is in OPEN state, but the datanode 2c02d436-c6f2-4204-8248-e3d2779a79c3{ip: 192.168.69.118, host: pr-hdds-2131-w2fms-3313293055, networkLocation: /default-rack, certSerialId: null} reports an CLOSED replica.
2019-10-21 23:05:00,537 [EventQueue-ContainerReportForContainerReportHandler] WARN  container.ContainerReportHandler (AbstractContainerReportHandler.java:updateContainerState(145)) - Container #1 is in OPEN state, but the datanode 8e5ceb90-17c7-416d-ba3b-e9af83490bf4{ip: 192.168.69.118, host: pr-hdds-2131-w2fms-3313293055, networkLocation: /default-rack, certSerialId: null} reports an CLOSED replica.
2019-10-21 23:05:00,692 [EventQueue-ContainerReportForContainerReportHandler] WARN  container.ContainerReportHandler (AbstractContainerReportHandler.java:updateContainerState(145)) - Container #1 is in OPEN state, but the datanode 2c02d436-c6f2-4204-8248-e3d2779a79c3{ip: 192.168.69.118, host: pr-hdds-2131-w2fms-3313293055, networkLocation: /default-rack, certSerialId: null} reports an CLOSED replica.
2019-10-21 23:05:00,844 [BlockDeletingService#2] WARN  background.BlockDeletingService (BlockDeletingService.java:isDeletionAllowed(187)) - Close Container log Index 6 is not replicated across allthe servers in the pipeline f77f3c44-7213-45ac-81dc-60ca7ec77ff7 as the min replicated index is 4. Deletion is not allowed in this container yet.
2019-10-21 23:05:00,844 [BlockDeletingService#2] WARN  background.BlockDeletingService (BlockDeletingService.java:isDeletionAllowed(187)) - Close Container log Index 6 is not replicated across allthe servers in the pipeline f77f3c44-7213-45ac-81dc-60ca7ec77ff7 as the min replicated index is 4. Deletion is not allowed in this container yet.
2019-10-21 23:05:00,936 [EventQueue-ContainerReportForContainerReportHandler] WARN  container.ContainerReportHandler (AbstractContainerReportHandler.java:updateContainerState(145)) - Container #1 is in OPEN state, but the datanode 8e5ceb90-17c7-416d-ba3b-e9af83490bf4{ip: 192.168.69.118, host: pr-hdds-2131-w2fms-3313293055, networkLocation: /default-rack, certSerialId: null} reports an CLOSED replica.
2019-10-21 23:05:01,092 [EventQueue-ContainerReportForContainerReportHandler] WARN  container.ContainerReportHandler (AbstractContainerReportHandler.java:updateContainerState(145)) - Container #1 is in OPEN state, but the datanode 2c02d436-c6f2-4204-8248-e3d2779a79c3{ip: 192.168.69.118, host: pr-hdds-2131-w2fms-3313293055, networkLocation: /default-rack, certSerialId: null} reports an CLOSED replica.
2019-10-21 23:05:01,236 [EventQueue-ContainerReportForContainerReportHandler] WARN  container.ContainerReportHandler (AbstractContainerReportHandler.java:updateContainerState(145)) - Container #1 is in OPEN state, but the datanode 8e5ceb90-17c7-416d-ba3b-e9af83490bf4{ip: 192.168.69.118, host: pr-hdds-2131-w2fms-3313293055, networkLocation: /default-rack, certSerialId: null} reports an CLOSED replica.
2019-10-21 23:05:01,392 [EventQueue-ContainerReportForContainerReportHandler] WARN  container.ContainerReportHandler (AbstractContainerReportHandler.java:updateContainerState(145)) - Container #1 is in OPEN state, but the datanode 2c02d436-c6f2-4204-8248-e3d2779a79c3{ip: 192.168.69.118, host: pr-hdds-2131-w2fms-3313293055, networkLocation: /default-rack, certSerialId: null} reports an CLOSED replica.
2019-10-21 23:05:01,436 [EventQueue-ContainerReportForContainerReportHandler] WARN  container.ContainerReportHandler (AbstractContainerReportHandler.java:updateContainerState(145)) - Container #1 is in OPEN state, but the datanode 8e5ceb90-17c7-416d-ba3b-e9af83490bf4{ip: 192.168.69.118, host: pr-hdds-2131-w2fms-3313293055, networkLocation: /default-rack, certSerialId: null} reports an CLOSED replica.
2019-10-21 23:05:01,736 [EventQueue-ContainerReportForContainerReportHandler] WARN  container.ContainerReportHandler (AbstractContainerReportHandler.java:updateContainerState(145)) - Container #1 is in OPEN state, but the datanode 8e5ceb90-17c7-416d-ba3b-e9af83490bf4{ip: 192.168.69.118, host: pr-hdds-2131-w2fms-3313293055, networkLocation: /default-rack, certSerialId: null} reports an CLOSED replica.
2019-10-21 23:05:01,794 [EventQueue-ContainerReportForContainerReportHandler] WARN  container.ContainerReportHandler (AbstractContainerReportHandler.java:updateContainerState(145)) - Container #1 is in OPEN state, but the datanode 2c02d436-c6f2-4204-8248-e3d2779a79c3{ip: 192.168.69.118, host: pr-hdds-2131-w2fms-3313293055, networkLocation: /default-rack, certSerialId: null} reports an CLOSED replica.
2019-10-21 23:05:01,845 [BlockDeletingService#2] WARN  background.BlockDeletingService (BlockDeletingService.java:isDeletionAllowed(187)) - Close Container log Index 6 is not replicated across allthe servers in the pipeline f77f3c44-7213-45ac-81dc-60ca7ec77ff7 as the min replicated index is 4. Deletion is not allowed in this container yet.
2019-10-21 23:05:01,845 [BlockDeletingService#2] WARN  background.BlockDeletingService (BlockDeletingService.java:isDeletionAllowed(187)) - Close Container log Index 6 is not replicated across allthe servers in the pipeline f77f3c44-7213-45ac-81dc-60ca7ec77ff7 as the min replicated index is 4. Deletion is not allowed in this container yet.
2019-10-21 23:05:01,995 [EventQueue-ContainerReportForContainerReportHandler] WARN  container.ContainerReportHandler (AbstractContainerReportHandler.java:updateContainerState(145)) - Container #1 is in OPEN state, but the datanode 2c02d436-c6f2-4204-8248-e3d2779a79c3{ip: 192.168.69.118, host: pr-hdds-2131-w2fms-3313293055, networkLocation: /default-rack, certSerialId: null} reports an CLOSED replica.
2019-10-21 23:05:02,026 [java.util.concurrent.ThreadPoolExecutor$Worker@49aa5385[State = -1, empty queue]] WARN  server.GrpcLogAppender (GrpcLogAppender.java:timeoutAppendRequest(209)) - 2c02d436-c6f2-4204-8248-e3d2779a79c3@group-60CA7EC77FF7->95f8ce0c-61f1-45b1-a4e7-5b97bbfe9a5b-GrpcLogAppender: appendEntries Timeout, request=2c02d436-c6f2-4204-8248-e3d2779a79c3->95f8ce0c-61f1-45b1-a4e7-5b97bbfe9a5b#30-t2, previous=(t:2, i:10), leaderCommit=10, initializing? false, entries: <empty>
2019-10-21 23:05:02,036 [EventQueue-ContainerReportForContainerReportHandler] WARN  container.ContainerReportHandler (AbstractContainerReportHandler.java:updateContainerState(145)) - Container #1 is in OPEN state, but the datanode 8e5ceb90-17c7-416d-ba3b-e9af83490bf4{ip: 192.168.69.118, host: pr-hdds-2131-w2fms-3313293055, networkLocation: /default-rack, certSerialId: null} reports an CLOSED replica.
2019-10-21 23:05:02,295 [EventQueue-ContainerReportForContainerReportHandler] WARN  container.ContainerReportHandler (AbstractContainerReportHandler.java:updateContainerState(145)) - Container #1 is in OPEN state, but the datanode 2c02d436-c6f2-4204-8248-e3d2779a79c3{ip: 192.168.69.118, host: pr-hdds-2131-w2fms-3313293055, networkLocation: /default-rack, certSerialId: null} reports an CLOSED replica.
2019-10-21 23:05:02,337 [EventQueue-ContainerReportForContainerReportHandler] WARN  container.ContainerReportHandler (AbstractContainerReportHandler.java:updateContainerState(145)) - Container #1 is in OPEN state, but the datanode 8e5ceb90-17c7-416d-ba3b-e9af83490bf4{ip: 192.168.69.118, host: pr-hdds-2131-w2fms-3313293055, networkLocation: /default-rack, certSerialId: null} reports an CLOSED replica.
2019-10-21 23:05:02,602 [Thread-365] INFO  client.GrpcClientProtocolService (GrpcClientProtocolService.java:lambda$processClientRequest$0(278)) - Failed RaftClientRequest:client-0013CC304CD3->8e5ceb90-17c7-416d-ba3b-e9af83490bf4@group-60CA7EC77FF7, cid=10, seq=0, Watch-ALL_COMMITTED(6), Message:<EMPTY>, reply=RaftClientReply:client-0013CC304CD3->8e5ceb90-17c7-416d-ba3b-e9af83490bf4@group-60CA7EC77FF7, cid=10, FAILED org.apache.ratis.protocol.NotLeaderException: Server 8e5ceb90-17c7-416d-ba3b-e9af83490bf4@group-60CA7EC77FF7 is not the leader 2c02d436-c6f2-4204-8248-e3d2779a79c3:192.168.69.118:45342, logIndex=0, commits[8e5ceb90-17c7-416d-ba3b-e9af83490bf4:c10, 95f8ce0c-61f1-45b1-a4e7-5b97bbfe9a5b:c4, 2c02d436-c6f2-4204-8248-e3d2779a79c3:c10]
2019-10-21 23:05:02,638 [EventQueue-ContainerReportForContainerReportHandler] WARN  container.ContainerReportHandler (AbstractContainerReportHandler.java:updateContainerState(145)) - Container #1 is in OPEN state, but the datanode 8e5ceb90-17c7-416d-ba3b-e9af83490bf4{ip: 192.168.69.118, host: pr-hdds-2131-w2fms-3313293055, networkLocation: /default-rack, certSerialId: null} reports an CLOSED replica.
2019-10-21 23:05:02,695 [EventQueue-ContainerReportForContainerReportHandler] WARN  container.ContainerReportHandler (AbstractContainerReportHandler.java:updateContainerState(145)) - Container #1 is in OPEN state, but the datanode 2c02d436-c6f2-4204-8248-e3d2779a79c3{ip: 192.168.69.118, host: pr-hdds-2131-w2fms-3313293055, networkLocation: /default-rack, certSerialId: null} reports an CLOSED replica.
2019-10-21 23:05:02,847 [BlockDeletingService#2] WARN  background.BlockDeletingService (BlockDeletingService.java:isDeletionAllowed(187)) - Close Container log Index 6 is not replicated across allthe servers in the pipeline f77f3c44-7213-45ac-81dc-60ca7ec77ff7 as the min replicated index is 4. Deletion is not allowed in this container yet.
2019-10-21 23:05:02,847 [BlockDeletingService#2] WARN  background.BlockDeletingService (BlockDeletingService.java:isDeletionAllowed(187)) - Close Container log Index 6 is not replicated across allthe servers in the pipeline f77f3c44-7213-45ac-81dc-60ca7ec77ff7 as the min replicated index is 4. Deletion is not allowed in this container yet.
2019-10-21 23:05:02,996 [EventQueue-ContainerReportForContainerReportHandler] WARN  container.ContainerReportHandler (AbstractContainerReportHandler.java:updateContainerState(145)) - Container #1 is in OPEN state, but the datanode 2c02d436-c6f2-4204-8248-e3d2779a79c3{ip: 192.168.69.118, host: pr-hdds-2131-w2fms-3313293055, networkLocation: /default-rack, certSerialId: null} reports an CLOSED replica.
2019-10-21 23:05:03,038 [EventQueue-ContainerReportForContainerReportHandler] WARN  container.ContainerReportHandler (AbstractContainerReportHandler.java:updateContainerState(145)) - Container #1 is in OPEN state, but the datanode 8e5ceb90-17c7-416d-ba3b-e9af83490bf4{ip: 192.168.69.118, host: pr-hdds-2131-w2fms-3313293055, networkLocation: /default-rack, certSerialId: null} reports an CLOSED replica.
2019-10-21 23:05:03,238 [EventQueue-ContainerReportForContainerReportHandler] WARN  container.ContainerReportHandler (AbstractContainerReportHandler.java:updateContainerState(145)) - Container #1 is in OPEN state, but the datanode 8e5ceb90-17c7-416d-ba3b-e9af83490bf4{ip: 192.168.69.118, host: pr-hdds-2131-w2fms-3313293055, networkLocation: /default-rack, certSerialId: null} reports an CLOSED replica.
2019-10-21 23:05:03,296 [EventQueue-ContainerReportForContainerReportHandler] WARN  container.ContainerReportHandler (AbstractContainerReportHandler.java:updateContainerState(145)) - Container #1 is in OPEN state, but the datanode 2c02d436-c6f2-4204-8248-e3d2779a79c3{ip: 192.168.69.118, host: pr-hdds-2131-w2fms-3313293055, networkLocation: /default-rack, certSerialId: null} reports an CLOSED replica.
2019-10-21 23:05:03,439 [EventQueue-ContainerReportForContainerReportHandler] WARN  container.ContainerReportHandler (AbstractContainerReportHandler.java:updateContainerState(145)) - Container #1 is in OPEN state, but the datanode 8e5ceb90-17c7-416d-ba3b-e9af83490bf4{ip: 192.168.69.118, host: pr-hdds-2131-w2fms-3313293055, networkLocation: /default-rack, certSerialId: null} reports an CLOSED replica.
2019-10-21 23:05:03,597 [EventQueue-ContainerReportForContainerReportHandler] WARN  container.ContainerReportHandler (AbstractContainerReportHandler.java:updateContainerState(145)) - Container #1 is in OPEN state, but the datanode 2c02d436-c6f2-4204-8248-e3d2779a79c3{ip: 192.168.69.118, host: pr-hdds-2131-w2fms-3313293055, networkLocation: /default-rack, certSerialId: null} reports an CLOSED replica.
2019-10-21 23:05:03,797 [EventQueue-ContainerReportForContainerReportHandler] WARN  container.ContainerReportHandler (AbstractContainerReportHandler.java:updateContainerState(145)) - Container #1 is in OPEN state, but the datanode 2c02d436-c6f2-4204-8248-e3d2779a79c3{ip: 192.168.69.118, host: pr-hdds-2131-w2fms-3313293055, networkLocation: /default-rack, certSerialId: null} reports an CLOSED replica.
2019-10-21 23:05:03,838 [EventQueue-ContainerReportForContainerReportHandler] WARN  container.ContainerReportHandler (AbstractContainerReportHandler.java:updateContainerState(145)) - Container #1 is in OPEN state, but the datanode 8e5ceb90-17c7-416d-ba3b-e9af83490bf4{ip: 192.168.69.118, host: pr-hdds-2131-w2fms-3313293055, networkLocation: /default-rack, certSerialId: null} reports an CLOSED replica.
2019-10-21 23:05:03,850 [BlockDeletingService#2] WARN  background.BlockDeletingService (BlockDeletingService.java:isDeletionAllowed(187)) - Close Container log Index 6 is not replicated across allthe servers in the pipeline f77f3c44-7213-45ac-81dc-60ca7ec77ff7 as the min replicated index is 4. Deletion is not allowed in this container yet.
2019-10-21 23:05:03,850 [BlockDeletingService#2] WARN  background.BlockDeletingService (BlockDeletingService.java:isDeletionAllowed(187)) - Close Container log Index 6 is not replicated across allthe servers in the pipeline f77f3c44-7213-45ac-81dc-60ca7ec77ff7 as the min replicated index is 4. Deletion is not allowed in this container yet.
2019-10-21 23:05:03,884 [Thread-372] INFO  client.GrpcClientProtocolService (GrpcClientProtocolService.java:lambda$processClientRequest$0(278)) - Failed RaftClientRequest:client-0013CC304CD3->2c02d436-c6f2-4204-8248-e3d2779a79c3@group-60CA7EC77FF7, cid=10, seq=0, Watch-ALL_COMMITTED(6), Message:<EMPTY>, reply=RaftClientReply:client-0013CC304CD3->2c02d436-c6f2-4204-8248-e3d2779a79c3@group-60CA7EC77FF7, cid=10, FAILED org.apache.ratis.protocol.NotReplicatedException: Request with call Id 10 and log index 6 is not yet replicated to ALL_COMMITTED, logIndex=6, commits[2c02d436-c6f2-4204-8248-e3d2779a79c3:c10, 8e5ceb90-17c7-416d-ba3b-e9af83490bf4:c10, 95f8ce0c-61f1-45b1-a4e7-5b97bbfe9a5b:c4]
2019-10-21 23:05:04,098 [EventQueue-ContainerReportForContainerReportHandler] WARN  container.ContainerReportHandler (AbstractContainerReportHandler.java:updateContainerState(145)) - Container #1 is in OPEN state, but the datanode 2c02d436-c6f2-4204-8248-e3d2779a79c3{ip: 192.168.69.118, host: pr-hdds-2131-w2fms-3313293055, networkLocation: /default-rack, certSerialId: null} reports an CLOSED replica.
2019-10-21 23:05:04,139 [EventQueue-ContainerReportForContainerReportHandler] WARN  container.ContainerReportHandler (AbstractContainerReportHandler.java:updateContainerState(145)) - Container #1 is in OPEN state, but the datanode 8e5ceb90-17c7-416d-ba3b-e9af83490bf4{ip: 192.168.69.118, host: pr-hdds-2131-w2fms-3313293055, networkLocation: /default-rack, certSerialId: null} reports an CLOSED replica.
2019-10-21 23:05:04,499 [EventQueue-ContainerReportForContainerReportHandler] WARN  container.ContainerReportHandler (AbstractContainerReportHandler.java:updateContainerState(145)) - Container #1 is in OPEN state, but the datanode 2c02d436-c6f2-4204-8248-e3d2779a79c3{ip: 192.168.69.118, host: pr-hdds-2131-w2fms-3313293055, networkLocation: /default-rack, certSerialId: null} reports an CLOSED replica.
2019-10-21 23:05:04,527 [java.util.concurrent.ThreadPoolExecutor$Worker@49aa5385[State = -1, empty queue]] WARN  server.GrpcLogAppender (GrpcLogAppender.java:timeoutAppendRequest(209)) - 2c02d436-c6f2-4204-8248-e3d2779a79c3@group-60CA7EC77FF7->95f8ce0c-61f1-45b1-a4e7-5b97bbfe9a5b-GrpcLogAppender: appendEntries Timeout, request=2c02d436-c6f2-4204-8248-e3d2779a79c3->95f8ce0c-61f1-45b1-a4e7-5b97bbfe9a5b#31-t2, previous=(t:2, i:10), leaderCommit=10, initializing? false, entries: <empty>
2019-10-21 23:05:04,540 [EventQueue-ContainerReportForContainerReportHandler] WARN  container.ContainerReportHandler (AbstractContainerReportHandler.java:updateContainerState(145)) - Container #1 is in OPEN state, but the datanode 8e5ceb90-17c7-416d-ba3b-e9af83490bf4{ip: 192.168.69.118, host: pr-hdds-2131-w2fms-3313293055, networkLocation: /default-rack, certSerialId: null} reports an CLOSED replica.
2019-10-21 23:05:04,701 [EventQueue-ContainerReportForContainerReportHandler] WARN  container.ContainerReportHandler (AbstractContainerReportHandler.java:updateContainerState(145)) - Container #1 is in OPEN state, but the datanode 2c02d436-c6f2-4204-8248-e3d2779a79c3{ip: 192.168.69.118, host: pr-hdds-2131-w2fms-3313293055, networkLocation: /default-rack, certSerialId: null} reports an CLOSED replica.
2019-10-21 23:05:04,840 [EventQueue-ContainerReportForContainerReportHandler] WARN  container.ContainerReportHandler (AbstractContainerReportHandler.java:updateContainerState(145)) - Container #1 is in OPEN state, but the datanode 8e5ceb90-17c7-416d-ba3b-e9af83490bf4{ip: 192.168.69.118, host: pr-hdds-2131-w2fms-3313293055, networkLocation: /default-rack, certSerialId: null} reports an CLOSED replica.
2019-10-21 23:05:04,851 [BlockDeletingService#2] WARN  background.BlockDeletingService (BlockDeletingService.java:isDeletionAllowed(187)) - Close Container log Index 6 is not replicated across allthe servers in the pipeline f77f3c44-7213-45ac-81dc-60ca7ec77ff7 as the min replicated index is 4. Deletion is not allowed in this container yet.
2019-10-21 23:05:04,851 [BlockDeletingService#2] WARN  background.BlockDeletingService (BlockDeletingService.java:isDeletionAllowed(187)) - Close Container log Index 6 is not replicated across allthe servers in the pipeline f77f3c44-7213-45ac-81dc-60ca7ec77ff7 as the min replicated index is 4. Deletion is not allowed in this container yet.
2019-10-21 23:05:05,100 [EventQueue-ContainerReportForContainerReportHandler] WARN  container.ContainerReportHandler (AbstractContainerReportHandler.java:updateContainerState(145)) - Container #1 is in OPEN state, but the datanode 2c02d436-c6f2-4204-8248-e3d2779a79c3{ip: 192.168.69.118, host: pr-hdds-2131-w2fms-3313293055, networkLocation: /default-rack, certSerialId: null} reports an CLOSED replica.
2019-10-21 23:05:05,242 [EventQueue-ContainerReportForContainerReportHandler] WARN  container.ContainerReportHandler (AbstractContainerReportHandler.java:updateContainerState(145)) - Container #1 is in OPEN state, but the datanode 8e5ceb90-17c7-416d-ba3b-e9af83490bf4{ip: 192.168.69.118, host: pr-hdds-2131-w2fms-3313293055, networkLocation: /default-rack, certSerialId: null} reports an CLOSED replica.
2019-10-21 23:05:05,300 [EventQueue-ContainerReportForContainerReportHandler] WARN  container.ContainerReportHandler (AbstractContainerReportHandler.java:updateContainerState(145)) - Container #1 is in OPEN state, but the datanode 2c02d436-c6f2-4204-8248-e3d2779a79c3{ip: 192.168.69.118, host: pr-hdds-2131-w2fms-3313293055, networkLocation: /default-rack, certSerialId: null} reports an CLOSED replica.
2019-10-21 23:05:05,442 [EventQueue-ContainerReportForContainerReportHandler] WARN  container.ContainerReportHandler (AbstractContainerReportHandler.java:updateContainerState(145)) - Container #1 is in OPEN state, but the datanode 8e5ceb90-17c7-416d-ba3b-e9af83490bf4{ip: 192.168.69.118, host: pr-hdds-2131-w2fms-3313293055, networkLocation: /default-rack, certSerialId: null} reports an CLOSED replica.
2019-10-21 23:05:05,600 [EventQueue-ContainerReportForContainerReportHandler] WARN  container.ContainerReportHandler (AbstractContainerReportHandler.java:updateContainerState(145)) - Container #1 is in OPEN state, but the datanode 2c02d436-c6f2-4204-8248-e3d2779a79c3{ip: 192.168.69.118, host: pr-hdds-2131-w2fms-3313293055, networkLocation: /default-rack, certSerialId: null} reports an CLOSED replica.
2019-10-21 23:05:05,642 [EventQueue-ContainerReportForContainerReportHandler] WARN  container.ContainerReportHandler (AbstractContainerReportHandler.java:updateContainerState(145)) - Container #1 is in OPEN state, but the datanode 8e5ceb90-17c7-416d-ba3b-e9af83490bf4{ip: 192.168.69.118, host: pr-hdds-2131-w2fms-3313293055, networkLocation: /default-rack, certSerialId: null} reports an CLOSED replica.
2019-10-21 23:05:05,852 [BlockDeletingService#2] WARN  background.BlockDeletingService (BlockDeletingService.java:isDeletionAllowed(187)) - Close Container log Index 6 is not replicated across allthe servers in the pipeline f77f3c44-7213-45ac-81dc-60ca7ec77ff7 as the min replicated index is 4. Deletion is not allowed in this container yet.
2019-10-21 23:05:05,852 [BlockDeletingService#2] WARN  background.BlockDeletingService (BlockDeletingService.java:isDeletionAllowed(187)) - Close Container log Index 6 is not replicated across allthe servers in the pipeline f77f3c44-7213-45ac-81dc-60ca7ec77ff7 as the min replicated index is 4. Deletion is not allowed in this container yet.
2019-10-21 23:05:05,900 [EventQueue-ContainerReportForContainerReportHandler] WARN  container.ContainerReportHandler (AbstractContainerReportHandler.java:updateContainerState(145)) - Container #1 is in OPEN state, but the datanode 2c02d436-c6f2-4204-8248-e3d2779a79c3{ip: 192.168.69.118, host: pr-hdds-2131-w2fms-3313293055, networkLocation: /default-rack, certSerialId: null} reports an CLOSED replica.
2019-10-21 23:05:05,942 [EventQueue-ContainerReportForContainerReportHandler] WARN  container.ContainerReportHandler (AbstractContainerReportHandler.java:updateContainerState(145)) - Container #1 is in OPEN state, but the datanode 8e5ceb90-17c7-416d-ba3b-e9af83490bf4{ip: 192.168.69.118, host: pr-hdds-2131-w2fms-3313293055, networkLocation: /default-rack, certSerialId: null} reports an CLOSED replica.
2019-10-21 23:05:06,101 [EventQueue-ContainerReportForContainerReportHandler] WARN  container.ContainerReportHandler (AbstractContainerReportHandler.java:updateContainerState(145)) - Container #1 is in OPEN state, but the datanode 2c02d436-c6f2-4204-8248-e3d2779a79c3{ip: 192.168.69.118, host: pr-hdds-2131-w2fms-3313293055, networkLocation: /default-rack, certSerialId: null} reports an CLOSED replica.
2019-10-21 23:05:06,342 [EventQueue-ContainerReportForContainerReportHandler] WARN  container.ContainerReportHandler (AbstractContainerReportHandler.java:updateContainerState(145)) - Container #1 is in OPEN state, but the datanode 8e5ceb90-17c7-416d-ba3b-e9af83490bf4{ip: 192.168.69.118, host: pr-hdds-2131-w2fms-3313293055, networkLocation: /default-rack, certSerialId: null} reports an CLOSED replica.
2019-10-21 23:05:06,500 [EventQueue-ContainerReportForContainerReportHandler] WARN  container.ContainerReportHandler (AbstractContainerReportHandler.java:updateContainerState(145)) - Container #1 is in OPEN state, but the datanode 2c02d436-c6f2-4204-8248-e3d2779a79c3{ip: 192.168.69.118, host: pr-hdds-2131-w2fms-3313293055, networkLocation: /default-rack, certSerialId: null} reports an CLOSED replica.
2019-10-21 23:05:06,744 [EventQueue-ContainerReportForContainerReportHandler] WARN  container.ContainerReportHandler (AbstractContainerReportHandler.java:updateContainerState(145)) - Container #1 is in OPEN state, but the datanode 8e5ceb90-17c7-416d-ba3b-e9af83490bf4{ip: 192.168.69.118, host: pr-hdds-2131-w2fms-3313293055, networkLocation: /default-rack, certSerialId: null} reports an CLOSED replica.
2019-10-21 23:05:06,854 [BlockDeletingService#2] WARN  background.BlockDeletingService (BlockDeletingService.java:isDeletionAllowed(187)) - Close Container log Index 6 is not replicated across allthe servers in the pipeline f77f3c44-7213-45ac-81dc-60ca7ec77ff7 as the min replicated index is 4. Deletion is not allowed in this container yet.
2019-10-21 23:05:06,854 [BlockDeletingService#2] WARN  background.BlockDeletingService (BlockDeletingService.java:isDeletionAllowed(187)) - Close Container log Index 6 is not replicated across allthe servers in the pipeline f77f3c44-7213-45ac-81dc-60ca7ec77ff7 as the min replicated index is 4. Deletion is not allowed in this container yet.
2019-10-21 23:05:06,900 [EventQueue-ContainerReportForContainerReportHandler] WARN  container.ContainerReportHandler (AbstractContainerReportHandler.java:updateContainerState(145)) - Container #1 is in OPEN state, but the datanode 2c02d436-c6f2-4204-8248-e3d2779a79c3{ip: 192.168.69.118, host: pr-hdds-2131-w2fms-3313293055, networkLocation: /default-rack, certSerialId: null} reports an CLOSED replica.
2019-10-21 23:05:07,027 [java.util.concurrent.ThreadPoolExecutor$Worker@49aa5385[State = -1, empty queue]] WARN  server.GrpcLogAppender (GrpcLogAppender.java:timeoutAppendRequest(209)) - 2c02d436-c6f2-4204-8248-e3d2779a79c3@group-60CA7EC77FF7->95f8ce0c-61f1-45b1-a4e7-5b97bbfe9a5b-GrpcLogAppender: appendEntries Timeout, request=2c02d436-c6f2-4204-8248-e3d2779a79c3->95f8ce0c-61f1-45b1-a4e7-5b97bbfe9a5b#32-t2, previous=(t:2, i:10), leaderCommit=10, initializing? false, entries: <empty>
2019-10-21 23:05:07,042 [EventQueue-ContainerReportForContainerReportHandler] WARN  container.ContainerReportHandler (AbstractContainerReportHandler.java:updateContainerState(145)) - Container #1 is in OPEN state, but the datanode 8e5ceb90-17c7-416d-ba3b-e9af83490bf4{ip: 192.168.69.118, host: pr-hdds-2131-w2fms-3313293055, networkLocation: /default-rack, certSerialId: null} reports an CLOSED replica.
2019-10-21 23:05:07,200 [EventQueue-ContainerReportForContainerReportHandler] WARN  container.ContainerReportHandler (AbstractContainerReportHandler.java:updateContainerState(145)) - Container #1 is in OPEN state, but the datanode 2c02d436-c6f2-4204-8248-e3d2779a79c3{ip: 192.168.69.118, host: pr-hdds-2131-w2fms-3313293055, networkLocation: /default-rack, certSerialId: null} reports an CLOSED replica.
2019-10-21 23:05:07,443 [EventQueue-ContainerReportForContainerReportHandler] WARN  container.ContainerReportHandler (AbstractContainerReportHandler.java:updateContainerState(145)) - Container #1 is in OPEN state, but the datanode 8e5ceb90-17c7-416d-ba3b-e9af83490bf4{ip: 192.168.69.118, host: pr-hdds-2131-w2fms-3313293055, networkLocation: /default-rack, certSerialId: null} reports an CLOSED replica.
2019-10-21 23:05:07,500 [EventQueue-ContainerReportForContainerReportHandler] WARN  container.ContainerReportHandler (AbstractContainerReportHandler.java:updateContainerState(145)) - Container #1 is in OPEN state, but the datanode 2c02d436-c6f2-4204-8248-e3d2779a79c3{ip: 192.168.69.118, host: pr-hdds-2131-w2fms-3313293055, networkLocation: /default-rack, certSerialId: null} reports an CLOSED replica.
2019-10-21 23:05:07,700 [EventQueue-ContainerReportForContainerReportHandler] WARN  container.ContainerReportHandler (AbstractContainerReportHandler.java:updateContainerState(145)) - Container #1 is in OPEN state, but the datanode 2c02d436-c6f2-4204-8248-e3d2779a79c3{ip: 192.168.69.118, host: pr-hdds-2131-w2fms-3313293055, networkLocation: /default-rack, certSerialId: null} reports an CLOSED replica.
2019-10-21 23:05:07,742 [EventQueue-ContainerReportForContainerReportHandler] WARN  container.ContainerReportHandler (AbstractContainerReportHandler.java:updateContainerState(145)) - Container #1 is in OPEN state, but the datanode 8e5ceb90-17c7-416d-ba3b-e9af83490bf4{ip: 192.168.69.118, host: pr-hdds-2131-w2fms-3313293055, networkLocation: /default-rack, certSerialId: null} reports an CLOSED replica.
2019-10-21 23:05:07,855 [BlockDeletingService#2] WARN  background.BlockDeletingService (BlockDeletingService.java:isDeletionAllowed(187)) - Close Container log Index 6 is not replicated across allthe servers in the pipeline f77f3c44-7213-45ac-81dc-60ca7ec77ff7 as the min replicated index is 4. Deletion is not allowed in this container yet.
2019-10-21 23:05:07,856 [BlockDeletingService#2] WARN  background.BlockDeletingService (BlockDeletingService.java:isDeletionAllowed(187)) - Close Container log Index 6 is not replicated across allthe servers in the pipeline f77f3c44-7213-45ac-81dc-60ca7ec77ff7 as the min replicated index is 4. Deletion is not allowed in this container yet.
2019-10-21 23:05:08,001 [EventQueue-ContainerReportForContainerReportHandler] WARN  container.ContainerReportHandler (AbstractContainerReportHandler.java:updateContainerState(145)) - Container #1 is in OPEN state, but the datanode 2c02d436-c6f2-4204-8248-e3d2779a79c3{ip: 192.168.69.118, host: pr-hdds-2131-w2fms-3313293055, networkLocation: /default-rack, certSerialId: null} reports an CLOSED replica.
2019-10-21 23:05:08,042 [EventQueue-ContainerReportForContainerReportHandler] WARN  container.ContainerReportHandler (AbstractContainerReportHandler.java:updateContainerState(145)) - Container #1 is in OPEN state, but the datanode 8e5ceb90-17c7-416d-ba3b-e9af83490bf4{ip: 192.168.69.118, host: pr-hdds-2131-w2fms-3313293055, networkLocation: /default-rack, certSerialId: null} reports an CLOSED replica.
2019-10-21 23:05:08,202 [EventQueue-ContainerReportForContainerReportHandler] WARN  container.ContainerReportHandler (AbstractContainerReportHandler.java:updateContainerState(145)) - Container #1 is in OPEN state, but the datanode 2c02d436-c6f2-4204-8248-e3d2779a79c3{ip: 192.168.69.118, host: pr-hdds-2131-w2fms-3313293055, networkLocation: /default-rack, certSerialId: null} reports an CLOSED replica.
2019-10-21 23:05:08,342 [EventQueue-ContainerReportForContainerReportHandler] WARN  container.ContainerReportHandler (AbstractContainerReportHandler.java:updateContainerState(145)) - Container #1 is in OPEN state, but the datanode 8e5ceb90-17c7-416d-ba3b-e9af83490bf4{ip: 192.168.69.118, host: pr-hdds-2131-w2fms-3313293055, networkLocation: /default-rack, certSerialId: null} reports an CLOSED replica.
2019-10-21 23:05:08,603 [EventQueue-ContainerReportForContainerReportHandler] WARN  container.ContainerReportHandler (AbstractContainerReportHandler.java:updateContainerState(145)) - Container #1 is in OPEN state, but the datanode 2c02d436-c6f2-4204-8248-e3d2779a79c3{ip: 192.168.69.118, host: pr-hdds-2131-w2fms-3313293055, networkLocation: /default-rack, certSerialId: null} reports an CLOSED replica.
2019-10-21 23:05:08,642 [EventQueue-ContainerReportForContainerReportHandler] WARN  container.ContainerReportHandler (AbstractContainerReportHandler.java:updateContainerState(145)) - Container #1 is in OPEN state, but the datanode 8e5ceb90-17c7-416d-ba3b-e9af83490bf4{ip: 192.168.69.118, host: pr-hdds-2131-w2fms-3313293055, networkLocation: /default-rack, certSerialId: null} reports an CLOSED replica.
2019-10-21 23:05:08,804 [EventQueue-ContainerReportForContainerReportHandler] WARN  container.ContainerReportHandler (AbstractContainerReportHandler.java:updateContainerState(145)) - Container #1 is in OPEN state, but the datanode 2c02d436-c6f2-4204-8248-e3d2779a79c3{ip: 192.168.69.118, host: pr-hdds-2131-w2fms-3313293055, networkLocation: /default-rack, certSerialId: null} reports an CLOSED replica.
2019-10-21 23:05:08,857 [BlockDeletingService#2] WARN  background.BlockDeletingService (BlockDeletingService.java:isDeletionAllowed(187)) - Close Container log Index 6 is not replicated across allthe servers in the pipeline f77f3c44-7213-45ac-81dc-60ca7ec77ff7 as the min replicated index is 4. Deletion is not allowed in this container yet.
2019-10-21 23:05:08,857 [BlockDeletingService#2] WARN  background.BlockDeletingService (BlockDeletingService.java:isDeletionAllowed(187)) - Close Container log Index 6 is not replicated across allthe servers in the pipeline f77f3c44-7213-45ac-81dc-60ca7ec77ff7 as the min replicated index is 4. Deletion is not allowed in this container yet.
2019-10-21 23:05:08,943 [EventQueue-ContainerReportForContainerReportHandler] WARN  container.ContainerReportHandler (AbstractContainerReportHandler.java:updateContainerState(145)) - Container #1 is in OPEN state, but the datanode 8e5ceb90-17c7-416d-ba3b-e9af83490bf4{ip: 192.168.69.118, host: pr-hdds-2131-w2fms-3313293055, networkLocation: /default-rack, certSerialId: null} reports an CLOSED replica.
2019-10-21 23:05:09,104 [EventQueue-ContainerReportForContainerReportHandler] WARN  container.ContainerReportHandler (AbstractContainerReportHandler.java:updateContainerState(145)) - Container #1 is in OPEN state, but the datanode 2c02d436-c6f2-4204-8248-e3d2779a79c3{ip: 192.168.69.118, host: pr-hdds-2131-w2fms-3313293055, networkLocation: /default-rack, certSerialId: null} reports an CLOSED replica.
2019-10-21 23:05:09,304 [EventQueue-ContainerReportForContainerReportHandler] WARN  container.ContainerReportHandler (AbstractContainerReportHandler.java:updateContainerState(145)) - Container #1 is in OPEN state, but the datanode 2c02d436-c6f2-4204-8248-e3d2779a79c3{ip: 192.168.69.118, host: pr-hdds-2131-w2fms-3313293055, networkLocation: /default-rack, certSerialId: null} reports an CLOSED replica.
2019-10-21 23:05:09,345 [EventQueue-ContainerReportForContainerReportHandler] WARN  container.ContainerReportHandler (AbstractContainerReportHandler.java:updateContainerState(145)) - Container #1 is in OPEN state, but the datanode 8e5ceb90-17c7-416d-ba3b-e9af83490bf4{ip: 192.168.69.118, host: pr-hdds-2131-w2fms-3313293055, networkLocation: /default-rack, certSerialId: null} reports an CLOSED replica.
2019-10-21 23:05:09,528 [java.util.concurrent.ThreadPoolExecutor$Worker@49aa5385[State = -1, empty queue]] WARN  server.GrpcLogAppender (GrpcLogAppender.java:timeoutAppendRequest(209)) - 2c02d436-c6f2-4204-8248-e3d2779a79c3@group-60CA7EC77FF7->95f8ce0c-61f1-45b1-a4e7-5b97bbfe9a5b-GrpcLogAppender: appendEntries Timeout, request=2c02d436-c6f2-4204-8248-e3d2779a79c3->95f8ce0c-61f1-45b1-a4e7-5b97bbfe9a5b#33-t2, previous=(t:2, i:10), leaderCommit=10, initializing? false, entries: <empty>
2019-10-21 23:05:09,604 [EventQueue-ContainerReportForContainerReportHandler] WARN  container.ContainerReportHandler (AbstractContainerReportHandler.java:updateContainerState(145)) - Container #1 is in OPEN state, but the datanode 2c02d436-c6f2-4204-8248-e3d2779a79c3{ip: 192.168.69.118, host: pr-hdds-2131-w2fms-3313293055, networkLocation: /default-rack, certSerialId: null} reports an CLOSED replica.
2019-10-21 23:05:09,745 [EventQueue-ContainerReportForContainerReportHandler] WARN  container.ContainerReportHandler (AbstractContainerReportHandler.java:updateContainerState(145)) - Container #1 is in OPEN state, but the datanode 8e5ceb90-17c7-416d-ba3b-e9af83490bf4{ip: 192.168.69.118, host: pr-hdds-2131-w2fms-3313293055, networkLocation: /default-rack, certSerialId: null} reports an CLOSED replica.
2019-10-21 23:05:09,860 [BlockDeletingService#2] WARN  background.BlockDeletingService (BlockDeletingService.java:isDeletionAllowed(187)) - Close Container log Index 6 is not replicated across allthe servers in the pipeline f77f3c44-7213-45ac-81dc-60ca7ec77ff7 as the min replicated index is 4. Deletion is not allowed in this container yet.
2019-10-21 23:05:09,860 [BlockDeletingService#2] WARN  background.BlockDeletingService (BlockDeletingService.java:isDeletionAllowed(187)) - Close Container log Index 6 is not replicated across allthe servers in the pipeline f77f3c44-7213-45ac-81dc-60ca7ec77ff7 as the min replicated index is 4. Deletion is not allowed in this container yet.
2019-10-21 23:05:09,905 [EventQueue-ContainerReportForContainerReportHandler] WARN  container.ContainerReportHandler (AbstractContainerReportHandler.java:updateContainerState(145)) - Container #1 is in OPEN state, but the datanode 2c02d436-c6f2-4204-8248-e3d2779a79c3{ip: 192.168.69.118, host: pr-hdds-2131-w2fms-3313293055, networkLocation: /default-rack, certSerialId: null} reports an CLOSED replica.
2019-10-21 23:05:09,946 [EventQueue-ContainerReportForContainerReportHandler] WARN  container.ContainerReportHandler (AbstractContainerReportHandler.java:updateContainerState(145)) - Container #1 is in OPEN state, but the datanode 8e5ceb90-17c7-416d-ba3b-e9af83490bf4{ip: 192.168.69.118, host: pr-hdds-2131-w2fms-3313293055, networkLocation: /default-rack, certSerialId: null} reports an CLOSED replica.
2019-10-21 23:05:10,205 [EventQueue-ContainerReportForContainerReportHandler] WARN  container.ContainerReportHandler (AbstractContainerReportHandler.java:updateContainerState(145)) - Container #1 is in OPEN state, but the datanode 2c02d436-c6f2-4204-8248-e3d2779a79c3{ip: 192.168.69.118, host: pr-hdds-2131-w2fms-3313293055, networkLocation: /default-rack, certSerialId: null} reports an CLOSED replica.
2019-10-21 23:05:10,247 [EventQueue-ContainerReportForContainerReportHandler] WARN  container.ContainerReportHandler (AbstractContainerReportHandler.java:updateContainerState(145)) - Container #1 is in OPEN state, but the datanode 8e5ceb90-17c7-416d-ba3b-e9af83490bf4{ip: 192.168.69.118, host: pr-hdds-2131-w2fms-3313293055, networkLocation: /default-rack, certSerialId: null} reports an CLOSED replica.
2019-10-21 23:05:10,505 [EventQueue-ContainerReportForContainerReportHandler] WARN  container.ContainerReportHandler (AbstractContainerReportHandler.java:updateContainerState(145)) - Container #1 is in OPEN state, but the datanode 2c02d436-c6f2-4204-8248-e3d2779a79c3{ip: 192.168.69.118, host: pr-hdds-2131-w2fms-3313293055, networkLocation: /default-rack, certSerialId: null} reports an CLOSED replica.
2019-10-21 23:05:10,547 [EventQueue-ContainerReportForContainerReportHandler] WARN  container.ContainerReportHandler (AbstractContainerReportHandler.java:updateContainerState(145)) - Container #1 is in OPEN state, but the datanode 8e5ceb90-17c7-416d-ba3b-e9af83490bf4{ip: 192.168.69.118, host: pr-hdds-2131-w2fms-3313293055, networkLocation: /default-rack, certSerialId: null} reports an CLOSED replica.
2019-10-21 23:05:10,862 [BlockDeletingService#2] WARN  background.BlockDeletingService (BlockDeletingService.java:isDeletionAllowed(187)) - Close Container log Index 6 is not replicated across allthe servers in the pipeline f77f3c44-7213-45ac-81dc-60ca7ec77ff7 as the min replicated index is 4. Deletion is not allowed in this container yet.
2019-10-21 23:05:10,862 [BlockDeletingService#2] WARN  background.BlockDeletingService (BlockDeletingService.java:isDeletionAllowed(187)) - Close Container log Index 6 is not replicated across allthe servers in the pipeline f77f3c44-7213-45ac-81dc-60ca7ec77ff7 as the min replicated index is 4. Deletion is not allowed in this container yet.
2019-10-21 23:05:10,906 [EventQueue-ContainerReportForContainerReportHandler] WARN  container.ContainerReportHandler (AbstractContainerReportHandler.java:updateContainerState(145)) - Container #1 is in OPEN state, but the datanode 2c02d436-c6f2-4204-8248-e3d2779a79c3{ip: 192.168.69.118, host: pr-hdds-2131-w2fms-3313293055, networkLocation: /default-rack, certSerialId: null} reports an CLOSED replica.
2019-10-21 23:05:10,947 [EventQueue-ContainerReportForContainerReportHandler] WARN  container.ContainerReportHandler (AbstractContainerReportHandler.java:updateContainerState(145)) - Container #1 is in OPEN state, but the datanode 8e5ceb90-17c7-416d-ba3b-e9af83490bf4{ip: 192.168.69.118, host: pr-hdds-2131-w2fms-3313293055, networkLocation: /default-rack, certSerialId: null} reports an CLOSED replica.
2019-10-21 23:05:11,107 [EventQueue-ContainerReportForContainerReportHandler] WARN  container.ContainerReportHandler (AbstractContainerReportHandler.java:updateContainerState(145)) - Container #1 is in OPEN state, but the datanode 2c02d436-c6f2-4204-8248-e3d2779a79c3{ip: 192.168.69.118, host: pr-hdds-2131-w2fms-3313293055, networkLocation: /default-rack, certSerialId: null} reports an CLOSED replica.
2019-10-21 23:05:11,147 [EventQueue-ContainerReportForContainerReportHandler] WARN  container.ContainerReportHandler (AbstractContainerReportHandler.java:updateContainerState(145)) - Container #1 is in OPEN state, but the datanode 8e5ceb90-17c7-416d-ba3b-e9af83490bf4{ip: 192.168.69.118, host: pr-hdds-2131-w2fms-3313293055, networkLocation: /default-rack, certSerialId: null} reports an CLOSED replica.
2019-10-21 23:05:11,309 [EventQueue-ContainerReportForContainerReportHandler] WARN  container.ContainerReportHandler (AbstractContainerReportHandler.java:updateContainerState(145)) - Container #1 is in OPEN state, but the datanode 2c02d436-c6f2-4204-8248-e3d2779a79c3{ip: 192.168.69.118, host: pr-hdds-2131-w2fms-3313293055, networkLocation: /default-rack, certSerialId: null} reports an CLOSED replica.
2019-10-21 23:05:11,547 [EventQueue-ContainerReportForContainerReportHandler] WARN  container.ContainerReportHandler (AbstractContainerReportHandler.java:updateContainerState(145)) - Container #1 is in OPEN state, but the datanode 8e5ceb90-17c7-416d-ba3b-e9af83490bf4{ip: 192.168.69.118, host: pr-hdds-2131-w2fms-3313293055, networkLocation: /default-rack, certSerialId: null} reports an CLOSED replica.
2019-10-21 23:05:11,628 [Thread-394] INFO  client.GrpcClientProtocolService (GrpcClientProtocolService.java:lambda$processClientRequest$0(278)) - Failed RaftClientRequest:client-0013CC304CD3->8e5ceb90-17c7-416d-ba3b-e9af83490bf4@group-60CA7EC77FF7, cid=10, seq=0, Watch-ALL_COMMITTED(6), Message:<EMPTY>, reply=RaftClientReply:client-0013CC304CD3->8e5ceb90-17c7-416d-ba3b-e9af83490bf4@group-60CA7EC77FF7, cid=10, FAILED org.apache.ratis.protocol.NotLeaderException: Server 8e5ceb90-17c7-416d-ba3b-e9af83490bf4@group-60CA7EC77FF7 is not the leader 2c02d436-c6f2-4204-8248-e3d2779a79c3:192.168.69.118:45342, logIndex=0, commits[8e5ceb90-17c7-416d-ba3b-e9af83490bf4:c10, 95f8ce0c-61f1-45b1-a4e7-5b97bbfe9a5b:c4, 2c02d436-c6f2-4204-8248-e3d2779a79c3:c10]
2019-10-21 23:05:11,710 [EventQueue-ContainerReportForContainerReportHandler] WARN  container.ContainerReportHandler (AbstractContainerReportHandler.java:updateContainerState(145)) - Container #1 is in OPEN state, but the datanode 2c02d436-c6f2-4204-8248-e3d2779a79c3{ip: 192.168.69.118, host: pr-hdds-2131-w2fms-3313293055, networkLocation: /default-rack, certSerialId: null} reports an CLOSED replica.
2019-10-21 23:05:11,748 [EventQueue-ContainerReportForContainerReportHandler] WARN  container.ContainerReportHandler (AbstractContainerReportHandler.java:updateContainerState(145)) - Container #1 is in OPEN state, but the datanode 8e5ceb90-17c7-416d-ba3b-e9af83490bf4{ip: 192.168.69.118, host: pr-hdds-2131-w2fms-3313293055, networkLocation: /default-rack, certSerialId: null} reports an CLOSED replica.
2019-10-21 23:05:11,863 [BlockDeletingService#2] WARN  background.BlockDeletingService (BlockDeletingService.java:isDeletionAllowed(187)) - Close Container log Index 6 is not replicated across allthe servers in the pipeline f77f3c44-7213-45ac-81dc-60ca7ec77ff7 as the min replicated index is 4. Deletion is not allowed in this container yet.
2019-10-21 23:05:11,863 [BlockDeletingService#2] WARN  background.BlockDeletingService (BlockDeletingService.java:isDeletionAllowed(187)) - Close Container log Index 6 is not replicated across allthe servers in the pipeline f77f3c44-7213-45ac-81dc-60ca7ec77ff7 as the min replicated index is 4. Deletion is not allowed in this container yet.
2019-10-21 23:05:12,012 [EventQueue-ContainerReportForContainerReportHandler] WARN  container.ContainerReportHandler (AbstractContainerReportHandler.java:updateContainerState(145)) - Container #1 is in OPEN state, but the datanode 2c02d436-c6f2-4204-8248-e3d2779a79c3{ip: 192.168.69.118, host: pr-hdds-2131-w2fms-3313293055, networkLocation: /default-rack, certSerialId: null} reports an CLOSED replica.
2019-10-21 23:05:12,029 [java.util.concurrent.ThreadPoolExecutor$Worker@49aa5385[State = -1, empty queue]] WARN  server.GrpcLogAppender (GrpcLogAppender.java:timeoutAppendRequest(209)) - 2c02d436-c6f2-4204-8248-e3d2779a79c3@group-60CA7EC77FF7->95f8ce0c-61f1-45b1-a4e7-5b97bbfe9a5b-GrpcLogAppender: appendEntries Timeout, request=2c02d436-c6f2-4204-8248-e3d2779a79c3->95f8ce0c-61f1-45b1-a4e7-5b97bbfe9a5b#34-t2, previous=(t:2, i:10), leaderCommit=10, initializing? false, entries: <empty>
2019-10-21 23:05:12,148 [EventQueue-ContainerReportForContainerReportHandler] WARN  container.ContainerReportHandler (AbstractContainerReportHandler.java:updateContainerState(145)) - Container #1 is in OPEN state, but the datanode 8e5ceb90-17c7-416d-ba3b-e9af83490bf4{ip: 192.168.69.118, host: pr-hdds-2131-w2fms-3313293055, networkLocation: /default-rack, certSerialId: null} reports an CLOSED replica.
2019-10-21 23:05:12,312 [EventQueue-ContainerReportForContainerReportHandler] WARN  container.ContainerReportHandler (AbstractContainerReportHandler.java:updateContainerState(145)) - Container #1 is in OPEN state, but the datanode 2c02d436-c6f2-4204-8248-e3d2779a79c3{ip: 192.168.69.118, host: pr-hdds-2131-w2fms-3313293055, networkLocation: /default-rack, certSerialId: null} reports an CLOSED replica.
2019-10-21 23:05:12,349 [EventQueue-ContainerReportForContainerReportHandler] WARN  container.ContainerReportHandler (AbstractContainerReportHandler.java:updateContainerState(145)) - Container #1 is in OPEN state, but the datanode 8e5ceb90-17c7-416d-ba3b-e9af83490bf4{ip: 192.168.69.118, host: pr-hdds-2131-w2fms-3313293055, networkLocation: /default-rack, certSerialId: null} reports an CLOSED replica.
2019-10-21 23:05:12,512 [EventQueue-ContainerReportForContainerReportHandler] WARN  container.ContainerReportHandler (AbstractContainerReportHandler.java:updateContainerState(145)) - Container #1 is in OPEN state, but the datanode 2c02d436-c6f2-4204-8248-e3d2779a79c3{ip: 192.168.69.118, host: pr-hdds-2131-w2fms-3313293055, networkLocation: /default-rack, certSerialId: null} reports an CLOSED replica.
2019-10-21 23:05:12,750 [EventQueue-ContainerReportForContainerReportHandler] WARN  container.ContainerReportHandler (AbstractContainerReportHandler.java:updateContainerState(145)) - Container #1 is in OPEN state, but the datanode 8e5ceb90-17c7-416d-ba3b-e9af83490bf4{ip: 192.168.69.118, host: pr-hdds-2131-w2fms-3313293055, networkLocation: /default-rack, certSerialId: null} reports an CLOSED replica.
2019-10-21 23:05:12,865 [BlockDeletingService#2] WARN  background.BlockDeletingService (BlockDeletingService.java:isDeletionAllowed(187)) - Close Container log Index 6 is not replicated across allthe servers in the pipeline f77f3c44-7213-45ac-81dc-60ca7ec77ff7 as the min replicated index is 4. Deletion is not allowed in this container yet.
2019-10-21 23:05:12,865 [BlockDeletingService#2] WARN  background.BlockDeletingService (BlockDeletingService.java:isDeletionAllowed(187)) - Close Container log Index 6 is not replicated across allthe servers in the pipeline f77f3c44-7213-45ac-81dc-60ca7ec77ff7 as the min replicated index is 4. Deletion is not allowed in this container yet.
2019-10-21 23:05:12,884 [Thread-401] INFO  client.GrpcClientProtocolService (GrpcClientProtocolService.java:lambda$processClientRequest$0(278)) - Failed RaftClientRequest:client-0013CC304CD3->2c02d436-c6f2-4204-8248-e3d2779a79c3@group-60CA7EC77FF7, cid=10, seq=0, Watch-ALL_COMMITTED(6), Message:<EMPTY>, reply=RaftClientReply:client-0013CC304CD3->2c02d436-c6f2-4204-8248-e3d2779a79c3@group-60CA7EC77FF7, cid=10, FAILED org.apache.ratis.protocol.NotReplicatedException: Request with call Id 10 and log index 6 is not yet replicated to ALL_COMMITTED, logIndex=6, commits[2c02d436-c6f2-4204-8248-e3d2779a79c3:c10, 8e5ceb90-17c7-416d-ba3b-e9af83490bf4:c10, 95f8ce0c-61f1-45b1-a4e7-5b97bbfe9a5b:c4]
2019-10-21 23:05:12,913 [EventQueue-ContainerReportForContainerReportHandler] WARN  container.ContainerReportHandler (AbstractContainerReportHandler.java:updateContainerState(145)) - Container #1 is in OPEN state, but the datanode 2c02d436-c6f2-4204-8248-e3d2779a79c3{ip: 192.168.69.118, host: pr-hdds-2131-w2fms-3313293055, networkLocation: /default-rack, certSerialId: null} reports an CLOSED replica.
2019-10-21 23:05:13,113 [EventQueue-ContainerReportForContainerReportHandler] WARN  container.ContainerReportHandler (AbstractContainerReportHandler.java:updateContainerState(145)) - Container #1 is in OPEN state, but the datanode 2c02d436-c6f2-4204-8248-e3d2779a79c3{ip: 192.168.69.118, host: pr-hdds-2131-w2fms-3313293055, networkLocation: /default-rack, certSerialId: null} reports an CLOSED replica.
2019-10-21 23:05:13,151 [EventQueue-ContainerReportForContainerReportHandler] WARN  container.ContainerReportHandler (AbstractContainerReportHandler.java:updateContainerState(145)) - Container #1 is in OPEN state, but the datanode 8e5ceb90-17c7-416d-ba3b-e9af83490bf4{ip: 192.168.69.118, host: pr-hdds-2131-w2fms-3313293055, networkLocation: /default-rack, certSerialId: null} reports an CLOSED replica.
2019-10-21 23:05:13,412 [EventQueue-ContainerReportForContainerReportHandler] WARN  container.ContainerReportHandler (AbstractContainerReportHandler.java:updateContainerState(145)) - Container #1 is in OPEN state, but the datanode 2c02d436-c6f2-4204-8248-e3d2779a79c3{ip: 192.168.69.118, host: pr-hdds-2131-w2fms-3313293055, networkLocation: /default-rack, certSerialId: null} reports an CLOSED replica.
2019-10-21 23:05:13,551 [EventQueue-ContainerReportForContainerReportHandler] WARN  container.ContainerReportHandler (AbstractContainerReportHandler.java:updateContainerState(145)) - Container #1 is in OPEN state, but the datanode 8e5ceb90-17c7-416d-ba3b-e9af83490bf4{ip: 192.168.69.118, host: pr-hdds-2131-w2fms-3313293055, networkLocation: /default-rack, certSerialId: null} reports an CLOSED replica.
2019-10-21 23:05:13,712 [EventQueue-ContainerReportForContainerReportHandler] WARN  container.ContainerReportHandler (AbstractContainerReportHandler.java:updateContainerState(145)) - Container #1 is in OPEN state, but the datanode 2c02d436-c6f2-4204-8248-e3d2779a79c3{ip: 192.168.69.118, host: pr-hdds-2131-w2fms-3313293055, networkLocation: /default-rack, certSerialId: null} reports an CLOSED replica.
2019-10-21 23:05:13,752 [EventQueue-ContainerReportForContainerReportHandler] WARN  container.ContainerReportHandler (AbstractContainerReportHandler.java:updateContainerState(145)) - Container #1 is in OPEN state, but the datanode 8e5ceb90-17c7-416d-ba3b-e9af83490bf4{ip: 192.168.69.118, host: pr-hdds-2131-w2fms-3313293055, networkLocation: /default-rack, certSerialId: null} reports an CLOSED replica.
2019-10-21 23:05:13,867 [BlockDeletingService#2] WARN  background.BlockDeletingService (BlockDeletingService.java:isDeletionAllowed(187)) - Close Container log Index 6 is not replicated across allthe servers in the pipeline f77f3c44-7213-45ac-81dc-60ca7ec77ff7 as the min replicated index is 4. Deletion is not allowed in this container yet.
2019-10-21 23:05:13,867 [BlockDeletingService#2] WARN  background.BlockDeletingService (BlockDeletingService.java:isDeletionAllowed(187)) - Close Container log Index 6 is not replicated across allthe servers in the pipeline f77f3c44-7213-45ac-81dc-60ca7ec77ff7 as the min replicated index is 4. Deletion is not allowed in this container yet.
2019-10-21 23:05:13,951 [EventQueue-ContainerReportForContainerReportHandler] WARN  container.ContainerReportHandler (AbstractContainerReportHandler.java:updateContainerState(145)) - Container #1 is in OPEN state, but the datanode 8e5ceb90-17c7-416d-ba3b-e9af83490bf4{ip: 192.168.69.118, host: pr-hdds-2131-w2fms-3313293055, networkLocation: /default-rack, certSerialId: null} reports an CLOSED replica.
2019-10-21 23:05:14,012 [EventQueue-ContainerReportForContainerReportHandler] WARN  container.ContainerReportHandler (AbstractContainerReportHandler.java:updateContainerState(145)) - Container #1 is in OPEN state, but the datanode 2c02d436-c6f2-4204-8248-e3d2779a79c3{ip: 192.168.69.118, host: pr-hdds-2131-w2fms-3313293055, networkLocation: /default-rack, certSerialId: null} reports an CLOSED replica.
2019-10-21 23:05:14,252 [EventQueue-ContainerReportForContainerReportHandler] WARN  container.ContainerReportHandler (AbstractContainerReportHandler.java:updateContainerState(145)) - Container #1 is in OPEN state, but the datanode 8e5ceb90-17c7-416d-ba3b-e9af83490bf4{ip: 192.168.69.118, host: pr-hdds-2131-w2fms-3313293055, networkLocation: /default-rack, certSerialId: null} reports an CLOSED replica.
2019-10-21 23:05:14,412 [EventQueue-ContainerReportForContainerReportHandler] WARN  container.ContainerReportHandler (AbstractContainerReportHandler.java:updateContainerState(145)) - Container #1 is in OPEN state, but the datanode 2c02d436-c6f2-4204-8248-e3d2779a79c3{ip: 192.168.69.118, host: pr-hdds-2131-w2fms-3313293055, networkLocation: /default-rack, certSerialId: null} reports an CLOSED replica.
2019-10-21 23:05:14,530 [java.util.concurrent.ThreadPoolExecutor$Worker@49aa5385[State = -1, empty queue]] WARN  server.GrpcLogAppender (GrpcLogAppender.java:timeoutAppendRequest(209)) - 2c02d436-c6f2-4204-8248-e3d2779a79c3@group-60CA7EC77FF7->95f8ce0c-61f1-45b1-a4e7-5b97bbfe9a5b-GrpcLogAppender: appendEntries Timeout, request=2c02d436-c6f2-4204-8248-e3d2779a79c3->95f8ce0c-61f1-45b1-a4e7-5b97bbfe9a5b#35-t2, previous=(t:2, i:10), leaderCommit=10, initializing? false, entries: <empty>
2019-10-21 23:05:14,652 [EventQueue-ContainerReportForContainerReportHandler] WARN  container.ContainerReportHandler (AbstractContainerReportHandler.java:updateContainerState(145)) - Container #1 is in OPEN state, but the datanode 8e5ceb90-17c7-416d-ba3b-e9af83490bf4{ip: 192.168.69.118, host: pr-hdds-2131-w2fms-3313293055, networkLocation: /default-rack, certSerialId: null} reports an CLOSED replica.
2019-10-21 23:05:14,712 [EventQueue-ContainerReportForContainerReportHandler] WARN  container.ContainerReportHandler (AbstractContainerReportHandler.java:updateContainerState(145)) - Container #1 is in OPEN state, but the datanode 2c02d436-c6f2-4204-8248-e3d2779a79c3{ip: 192.168.69.118, host: pr-hdds-2131-w2fms-3313293055, networkLocation: /default-rack, certSerialId: null} reports an CLOSED replica.
2019-10-21 23:05:14,870 [BlockDeletingService#2] WARN  background.BlockDeletingService (BlockDeletingService.java:isDeletionAllowed(187)) - Close Container log Index 6 is not replicated across allthe servers in the pipeline f77f3c44-7213-45ac-81dc-60ca7ec77ff7 as the min replicated index is 4. Deletion is not allowed in this container yet.
2019-10-21 23:05:14,870 [BlockDeletingService#2] WARN  background.BlockDeletingService (BlockDeletingService.java:isDeletionAllowed(187)) - Close Container log Index 6 is not replicated across allthe servers in the pipeline f77f3c44-7213-45ac-81dc-60ca7ec77ff7 as the min replicated index is 4. Deletion is not allowed in this container yet.
2019-10-21 23:05:14,913 [EventQueue-ContainerReportForContainerReportHandler] WARN  container.ContainerReportHandler (AbstractContainerReportHandler.java:updateContainerState(145)) - Container #1 is in OPEN state, but the datanode 2c02d436-c6f2-4204-8248-e3d2779a79c3{ip: 192.168.69.118, host: pr-hdds-2131-w2fms-3313293055, networkLocation: /default-rack, certSerialId: null} reports an CLOSED replica.
2019-10-21 23:05:14,952 [EventQueue-ContainerReportForContainerReportHandler] WARN  container.ContainerReportHandler (AbstractContainerReportHandler.java:updateContainerState(145)) - Container #1 is in OPEN state, but the datanode 8e5ceb90-17c7-416d-ba3b-e9af83490bf4{ip: 192.168.69.118, host: pr-hdds-2131-w2fms-3313293055, networkLocation: /default-rack, certSerialId: null} reports an CLOSED replica.
2019-10-21 23:05:15,114 [EventQueue-ContainerReportForContainerReportHandler] WARN  container.ContainerReportHandler (AbstractContainerReportHandler.java:updateContainerState(145)) - Container #1 is in OPEN state, but the datanode 2c02d436-c6f2-4204-8248-e3d2779a79c3{ip: 192.168.69.118, host: pr-hdds-2131-w2fms-3313293055, networkLocation: /default-rack, certSerialId: null} reports an CLOSED replica.
2019-10-21 23:05:15,252 [EventQueue-ContainerReportForContainerReportHandler] WARN  container.ContainerReportHandler (AbstractContainerReportHandler.java:updateContainerState(145)) - Container #1 is in OPEN state, but the datanode 8e5ceb90-17c7-416d-ba3b-e9af83490bf4{ip: 192.168.69.118, host: pr-hdds-2131-w2fms-3313293055, networkLocation: /default-rack, certSerialId: null} reports an CLOSED replica.
2019-10-21 23:05:15,514 [EventQueue-ContainerReportForContainerReportHandler] WARN  container.ContainerReportHandler (AbstractContainerReportHandler.java:updateContainerState(145)) - Container #1 is in OPEN state, but the datanode 2c02d436-c6f2-4204-8248-e3d2779a79c3{ip: 192.168.69.118, host: pr-hdds-2131-w2fms-3313293055, networkLocation: /default-rack, certSerialId: null} reports an CLOSED replica.
2019-10-21 23:05:15,552 [EventQueue-ContainerReportForContainerReportHandler] WARN  container.ContainerReportHandler (AbstractContainerReportHandler.java:updateContainerState(145)) - Container #1 is in OPEN state, but the datanode 8e5ceb90-17c7-416d-ba3b-e9af83490bf4{ip: 192.168.69.118, host: pr-hdds-2131-w2fms-3313293055, networkLocation: /default-rack, certSerialId: null} reports an CLOSED replica.
2019-10-21 23:05:15,872 [BlockDeletingService#2] WARN  background.BlockDeletingService (BlockDeletingService.java:isDeletionAllowed(187)) - Close Container log Index 6 is not replicated across allthe servers in the pipeline f77f3c44-7213-45ac-81dc-60ca7ec77ff7 as the min replicated index is 4. Deletion is not allowed in this container yet.
2019-10-21 23:05:15,872 [BlockDeletingService#2] WARN  background.BlockDeletingService (BlockDeletingService.java:isDeletionAllowed(187)) - Close Container log Index 6 is not replicated across allthe servers in the pipeline f77f3c44-7213-45ac-81dc-60ca7ec77ff7 as the min replicated index is 4. Deletion is not allowed in this container yet.
2019-10-21 23:05:15,916 [EventQueue-ContainerReportForContainerReportHandler] WARN  container.ContainerReportHandler (AbstractContainerReportHandler.java:updateContainerState(145)) - Container #1 is in OPEN state, but the datanode 2c02d436-c6f2-4204-8248-e3d2779a79c3{ip: 192.168.69.118, host: pr-hdds-2131-w2fms-3313293055, networkLocation: /default-rack, certSerialId: null} reports an CLOSED replica.
2019-10-21 23:05:15,952 [EventQueue-ContainerReportForContainerReportHandler] WARN  container.ContainerReportHandler (AbstractContainerReportHandler.java:updateContainerState(145)) - Container #1 is in OPEN state, but the datanode 8e5ceb90-17c7-416d-ba3b-e9af83490bf4{ip: 192.168.69.118, host: pr-hdds-2131-w2fms-3313293055, networkLocation: /default-rack, certSerialId: null} reports an CLOSED replica.
2019-10-21 23:05:16,152 [EventQueue-ContainerReportForContainerReportHandler] WARN  container.ContainerReportHandler (AbstractContainerReportHandler.java:updateContainerState(145)) - Container #1 is in OPEN state, but the datanode 8e5ceb90-17c7-416d-ba3b-e9af83490bf4{ip: 192.168.69.118, host: pr-hdds-2131-w2fms-3313293055, networkLocation: /default-rack, certSerialId: null} reports an CLOSED replica.
2019-10-21 23:05:16,218 [EventQueue-ContainerReportForContainerReportHandler] WARN  container.ContainerReportHandler (AbstractContainerReportHandler.java:updateContainerState(145)) - Container #1 is in OPEN state, but the datanode 2c02d436-c6f2-4204-8248-e3d2779a79c3{ip: 192.168.69.118, host: pr-hdds-2131-w2fms-3313293055, networkLocation: /default-rack, certSerialId: null} reports an CLOSED replica.
2019-10-21 23:05:16,552 [EventQueue-ContainerReportForContainerReportHandler] WARN  container.ContainerReportHandler (AbstractContainerReportHandler.java:updateContainerState(145)) - Container #1 is in OPEN state, but the datanode 8e5ceb90-17c7-416d-ba3b-e9af83490bf4{ip: 192.168.69.118, host: pr-hdds-2131-w2fms-3313293055, networkLocation: /default-rack, certSerialId: null} reports an CLOSED replica.
2019-10-21 23:05:16,615 [EventQueue-ContainerReportForContainerReportHandler] WARN  container.ContainerReportHandler (AbstractContainerReportHandler.java:updateContainerState(145)) - Container #1 is in OPEN state, but the datanode 2c02d436-c6f2-4204-8248-e3d2779a79c3{ip: 192.168.69.118, host: pr-hdds-2131-w2fms-3313293055, networkLocation: /default-rack, certSerialId: null} reports an CLOSED replica.
2019-10-21 23:05:16,852 [EventQueue-ContainerReportForContainerReportHandler] WARN  container.ContainerReportHandler (AbstractContainerReportHandler.java:updateContainerState(145)) - Container #1 is in OPEN state, but the datanode 8e5ceb90-17c7-416d-ba3b-e9af83490bf4{ip: 192.168.69.118, host: pr-hdds-2131-w2fms-3313293055, networkLocation: /default-rack, certSerialId: null} reports an CLOSED replica.
2019-10-21 23:05:16,874 [BlockDeletingService#2] WARN  background.BlockDeletingService (BlockDeletingService.java:isDeletionAllowed(187)) - Close Container log Index 6 is not replicated across allthe servers in the pipeline f77f3c44-7213-45ac-81dc-60ca7ec77ff7 as the min replicated index is 4. Deletion is not allowed in this container yet.
2019-10-21 23:05:16,874 [BlockDeletingService#2] WARN  background.BlockDeletingService (BlockDeletingService.java:isDeletionAllowed(187)) - Close Container log Index 6 is not replicated across allthe servers in the pipeline f77f3c44-7213-45ac-81dc-60ca7ec77ff7 as the min replicated index is 4. Deletion is not allowed in this container yet.
2019-10-21 23:05:16,915 [EventQueue-ContainerReportForContainerReportHandler] WARN  container.ContainerReportHandler (AbstractContainerReportHandler.java:updateContainerState(145)) - Container #1 is in OPEN state, but the datanode 2c02d436-c6f2-4204-8248-e3d2779a79c3{ip: 192.168.69.118, host: pr-hdds-2131-w2fms-3313293055, networkLocation: /default-rack, certSerialId: null} reports an CLOSED replica.
2019-10-21 23:05:17,031 [java.util.concurrent.ThreadPoolExecutor$Worker@49aa5385[State = -1, empty queue]] WARN  server.GrpcLogAppender (GrpcLogAppender.java:timeoutAppendRequest(209)) - 2c02d436-c6f2-4204-8248-e3d2779a79c3@group-60CA7EC77FF7->95f8ce0c-61f1-45b1-a4e7-5b97bbfe9a5b-GrpcLogAppender: appendEntries Timeout, request=2c02d436-c6f2-4204-8248-e3d2779a79c3->95f8ce0c-61f1-45b1-a4e7-5b97bbfe9a5b#36-t2, previous=(t:2, i:10), leaderCommit=10, initializing? false, entries: <empty>
2019-10-21 23:05:17,152 [EventQueue-ContainerReportForContainerReportHandler] WARN  container.ContainerReportHandler (AbstractContainerReportHandler.java:updateContainerState(145)) - Container #1 is in OPEN state, but the datanode 8e5ceb90-17c7-416d-ba3b-e9af83490bf4{ip: 192.168.69.118, host: pr-hdds-2131-w2fms-3313293055, networkLocation: /default-rack, certSerialId: null} reports an CLOSED replica.
2019-10-21 23:05:17,215 [EventQueue-ContainerReportForContainerReportHandler] WARN  container.ContainerReportHandler (AbstractContainerReportHandler.java:updateContainerState(145)) - Container #1 is in OPEN state, but the datanode 2c02d436-c6f2-4204-8248-e3d2779a79c3{ip: 192.168.69.118, host: pr-hdds-2131-w2fms-3313293055, networkLocation: /default-rack, certSerialId: null} reports an CLOSED replica.
2019-10-21 23:05:17,452 [EventQueue-ContainerReportForContainerReportHandler] WARN  container.ContainerReportHandler (AbstractContainerReportHandler.java:updateContainerState(145)) - Container #1 is in OPEN state, but the datanode 8e5ceb90-17c7-416d-ba3b-e9af83490bf4{ip: 192.168.69.118, host: pr-hdds-2131-w2fms-3313293055, networkLocation: /default-rack, certSerialId: null} reports an CLOSED replica.
2019-10-21 23:05:17,516 [EventQueue-ContainerReportForContainerReportHandler] WARN  container.ContainerReportHandler (AbstractContainerReportHandler.java:updateContainerState(145)) - Container #1 is in OPEN state, but the datanode 2c02d436-c6f2-4204-8248-e3d2779a79c3{ip: 192.168.69.118, host: pr-hdds-2131-w2fms-3313293055, networkLocation: /default-rack, certSerialId: null} reports an CLOSED replica.
2019-10-21 23:05:17,652 [EventQueue-ContainerReportForContainerReportHandler] WARN  container.ContainerReportHandler (AbstractContainerReportHandler.java:updateContainerState(145)) - Container #1 is in OPEN state, but the datanode 8e5ceb90-17c7-416d-ba3b-e9af83490bf4{ip: 192.168.69.118, host: pr-hdds-2131-w2fms-3313293055, networkLocation: /default-rack, certSerialId: null} reports an CLOSED replica.
2019-10-21 23:05:17,715 [EventQueue-ContainerReportForContainerReportHandler] WARN  container.ContainerReportHandler (AbstractContainerReportHandler.java:updateContainerState(145)) - Container #1 is in OPEN state, but the datanode 2c02d436-c6f2-4204-8248-e3d2779a79c3{ip: 192.168.69.118, host: pr-hdds-2131-w2fms-3313293055, networkLocation: /default-rack, certSerialId: null} reports an CLOSED replica.
2019-10-21 23:05:17,876 [BlockDeletingService#2] WARN  background.BlockDeletingService (BlockDeletingService.java:isDeletionAllowed(187)) - Close Container log Index 6 is not replicated across allthe servers in the pipeline f77f3c44-7213-45ac-81dc-60ca7ec77ff7 as the min replicated index is 4. Deletion is not allowed in this container yet.
2019-10-21 23:05:17,876 [BlockDeletingService#2] WARN  background.BlockDeletingService (BlockDeletingService.java:isDeletionAllowed(187)) - Close Container log Index 6 is not replicated across allthe servers in the pipeline f77f3c44-7213-45ac-81dc-60ca7ec77ff7 as the min replicated index is 4. Deletion is not allowed in this container yet.
2019-10-21 23:05:17,953 [EventQueue-ContainerReportForContainerReportHandler] WARN  container.ContainerReportHandler (AbstractContainerReportHandler.java:updateContainerState(145)) - Container #1 is in OPEN state, but the datanode 8e5ceb90-17c7-416d-ba3b-e9af83490bf4{ip: 192.168.69.118, host: pr-hdds-2131-w2fms-3313293055, networkLocation: /default-rack, certSerialId: null} reports an CLOSED replica.
2019-10-21 23:05:18,116 [EventQueue-ContainerReportForContainerReportHandler] WARN  container.ContainerReportHandler (AbstractContainerReportHandler.java:updateContainerState(145)) - Container #1 is in OPEN state, but the datanode 2c02d436-c6f2-4204-8248-e3d2779a79c3{ip: 192.168.69.118, host: pr-hdds-2131-w2fms-3313293055, networkLocation: /default-rack, certSerialId: null} reports an CLOSED replica.
2019-10-21 23:05:18,354 [EventQueue-ContainerReportForContainerReportHandler] WARN  container.ContainerReportHandler (AbstractContainerReportHandler.java:updateContainerState(145)) - Container #1 is in OPEN state, but the datanode 8e5ceb90-17c7-416d-ba3b-e9af83490bf4{ip: 192.168.69.118, host: pr-hdds-2131-w2fms-3313293055, networkLocation: /default-rack, certSerialId: null} reports an CLOSED replica.
2019-10-21 23:05:18,418 [EventQueue-ContainerReportForContainerReportHandler] WARN  container.ContainerReportHandler (AbstractContainerReportHandler.java:updateContainerState(145)) - Container #1 is in OPEN state, but the datanode 2c02d436-c6f2-4204-8248-e3d2779a79c3{ip: 192.168.69.118, host: pr-hdds-2131-w2fms-3313293055, networkLocation: /default-rack, certSerialId: null} reports an CLOSED replica.
2019-10-21 23:05:18,654 [EventQueue-ContainerReportForContainerReportHandler] WARN  container.ContainerReportHandler (AbstractContainerReportHandler.java:updateContainerState(145)) - Container #1 is in OPEN state, but the datanode 8e5ceb90-17c7-416d-ba3b-e9af83490bf4{ip: 192.168.69.118, host: pr-hdds-2131-w2fms-3313293055, networkLocation: /default-rack, certSerialId: null} reports an CLOSED replica.
2019-10-21 23:05:18,818 [EventQueue-ContainerReportForContainerReportHandler] WARN  container.ContainerReportHandler (AbstractContainerReportHandler.java:updateContainerState(145)) - Container #1 is in OPEN state, but the datanode 2c02d436-c6f2-4204-8248-e3d2779a79c3{ip: 192.168.69.118, host: pr-hdds-2131-w2fms-3313293055, networkLocation: /default-rack, certSerialId: null} reports an CLOSED replica.
2019-10-21 23:05:18,878 [BlockDeletingService#2] WARN  background.BlockDeletingService (BlockDeletingService.java:isDeletionAllowed(187)) - Close Container log Index 6 is not replicated across allthe servers in the pipeline f77f3c44-7213-45ac-81dc-60ca7ec77ff7 as the min replicated index is 4. Deletion is not allowed in this container yet.
2019-10-21 23:05:18,878 [BlockDeletingService#2] WARN  background.BlockDeletingService (BlockDeletingService.java:isDeletionAllowed(187)) - Close Container log Index 6 is not replicated across allthe servers in the pipeline f77f3c44-7213-45ac-81dc-60ca7ec77ff7 as the min replicated index is 4. Deletion is not allowed in this container yet.
2019-10-21 23:05:18,954 [EventQueue-ContainerReportForContainerReportHandler] WARN  container.ContainerReportHandler (AbstractContainerReportHandler.java:updateContainerState(145)) - Container #1 is in OPEN state, but the datanode 8e5ceb90-17c7-416d-ba3b-e9af83490bf4{ip: 192.168.69.118, host: pr-hdds-2131-w2fms-3313293055, networkLocation: /default-rack, certSerialId: null} reports an CLOSED replica.
2019-10-21 23:05:19,118 [EventQueue-ContainerReportForContainerReportHandler] WARN  container.ContainerReportHandler (AbstractContainerReportHandler.java:updateContainerState(145)) - Container #1 is in OPEN state, but the datanode 2c02d436-c6f2-4204-8248-e3d2779a79c3{ip: 192.168.69.118, host: pr-hdds-2131-w2fms-3313293055, networkLocation: /default-rack, certSerialId: null} reports an CLOSED replica.
2019-10-21 23:05:19,155 [EventQueue-ContainerReportForContainerReportHandler] WARN  container.ContainerReportHandler (AbstractContainerReportHandler.java:updateContainerState(145)) - Container #1 is in OPEN state, but the datanode 8e5ceb90-17c7-416d-ba3b-e9af83490bf4{ip: 192.168.69.118, host: pr-hdds-2131-w2fms-3313293055, networkLocation: /default-rack, certSerialId: null} reports an CLOSED replica.
2019-10-21 23:05:19,454 [EventQueue-ContainerReportForContainerReportHandler] WARN  container.ContainerReportHandler (AbstractContainerReportHandler.java:updateContainerState(145)) - Container #1 is in OPEN state, but the datanode 8e5ceb90-17c7-416d-ba3b-e9af83490bf4{ip: 192.168.69.118, host: pr-hdds-2131-w2fms-3313293055, networkLocation: /default-rack, certSerialId: null} reports an CLOSED replica.
2019-10-21 23:05:19,517 [EventQueue-ContainerReportForContainerReportHandler] WARN  container.ContainerReportHandler (AbstractContainerReportHandler.java:updateContainerState(145)) - Container #1 is in OPEN state, but the datanode 2c02d436-c6f2-4204-8248-e3d2779a79c3{ip: 192.168.69.118, host: pr-hdds-2131-w2fms-3313293055, networkLocation: /default-rack, certSerialId: null} reports an CLOSED replica.
2019-10-21 23:05:19,533 [java.util.concurrent.ThreadPoolExecutor$Worker@49aa5385[State = -1, empty queue]] WARN  server.GrpcLogAppender (GrpcLogAppender.java:timeoutAppendRequest(209)) - 2c02d436-c6f2-4204-8248-e3d2779a79c3@group-60CA7EC77FF7->95f8ce0c-61f1-45b1-a4e7-5b97bbfe9a5b-GrpcLogAppender: appendEntries Timeout, request=2c02d436-c6f2-4204-8248-e3d2779a79c3->95f8ce0c-61f1-45b1-a4e7-5b97bbfe9a5b#37-t2, previous=(t:2, i:10), leaderCommit=10, initializing? false, entries: <empty>
2019-10-21 23:05:19,755 [EventQueue-ContainerReportForContainerReportHandler] WARN  container.ContainerReportHandler (AbstractContainerReportHandler.java:updateContainerState(145)) - Container #1 is in OPEN state, but the datanode 8e5ceb90-17c7-416d-ba3b-e9af83490bf4{ip: 192.168.69.118, host: pr-hdds-2131-w2fms-3313293055, networkLocation: /default-rack, certSerialId: null} reports an CLOSED replica.
2019-10-21 23:05:19,819 [EventQueue-ContainerReportForContainerReportHandler] WARN  container.ContainerReportHandler (AbstractContainerReportHandler.java:updateContainerState(145)) - Container #1 is in OPEN state, but the datanode 2c02d436-c6f2-4204-8248-e3d2779a79c3{ip: 192.168.69.118, host: pr-hdds-2131-w2fms-3313293055, networkLocation: /default-rack, certSerialId: null} reports an CLOSED replica.
2019-10-21 23:05:19,879 [BlockDeletingService#2] WARN  background.BlockDeletingService (BlockDeletingService.java:isDeletionAllowed(187)) - Close Container log Index 6 is not replicated across allthe servers in the pipeline f77f3c44-7213-45ac-81dc-60ca7ec77ff7 as the min replicated index is 4. Deletion is not allowed in this container yet.
2019-10-21 23:05:19,879 [BlockDeletingService#2] WARN  background.BlockDeletingService (BlockDeletingService.java:isDeletionAllowed(187)) - Close Container log Index 6 is not replicated across allthe servers in the pipeline f77f3c44-7213-45ac-81dc-60ca7ec77ff7 as the min replicated index is 4. Deletion is not allowed in this container yet.
2019-10-21 23:05:19,956 [EventQueue-ContainerReportForContainerReportHandler] WARN  container.ContainerReportHandler (AbstractContainerReportHandler.java:updateContainerState(145)) - Container #1 is in OPEN state, but the datanode 8e5ceb90-17c7-416d-ba3b-e9af83490bf4{ip: 192.168.69.118, host: pr-hdds-2131-w2fms-3313293055, networkLocation: /default-rack, certSerialId: null} reports an CLOSED replica.
2019-10-21 23:05:20,018 [EventQueue-ContainerReportForContainerReportHandler] WARN  container.ContainerReportHandler (AbstractContainerReportHandler.java:updateContainerState(145)) - Container #1 is in OPEN state, but the datanode 2c02d436-c6f2-4204-8248-e3d2779a79c3{ip: 192.168.69.118, host: pr-hdds-2131-w2fms-3313293055, networkLocation: /default-rack, certSerialId: null} reports an CLOSED replica.
2019-10-21 23:05:20,256 [EventQueue-ContainerReportForContainerReportHandler] WARN  container.ContainerReportHandler (AbstractContainerReportHandler.java:updateContainerState(145)) - Container #1 is in OPEN state, but the datanode 8e5ceb90-17c7-416d-ba3b-e9af83490bf4{ip: 192.168.69.118, host: pr-hdds-2131-w2fms-3313293055, networkLocation: /default-rack, certSerialId: null} reports an CLOSED replica.
2019-10-21 23:05:20,321 [EventQueue-ContainerReportForContainerReportHandler] WARN  container.ContainerReportHandler (AbstractContainerReportHandler.java:updateContainerState(145)) - Container #1 is in OPEN state, but the datanode 2c02d436-c6f2-4204-8248-e3d2779a79c3{ip: 192.168.69.118, host: pr-hdds-2131-w2fms-3313293055, networkLocation: /default-rack, certSerialId: null} reports an CLOSED replica.
2019-10-21 23:05:20,456 [EventQueue-ContainerReportForContainerReportHandler] WARN  container.ContainerReportHandler (AbstractContainerReportHandler.java:updateContainerState(145)) - Container #1 is in OPEN state, but the datanode 8e5ceb90-17c7-416d-ba3b-e9af83490bf4{ip: 192.168.69.118, host: pr-hdds-2131-w2fms-3313293055, networkLocation: /default-rack, certSerialId: null} reports an CLOSED replica.
2019-10-21 23:05:20,622 [EventQueue-ContainerReportForContainerReportHandler] WARN  container.ContainerReportHandler (AbstractContainerReportHandler.java:updateContainerState(145)) - Container #1 is in OPEN state, but the datanode 2c02d436-c6f2-4204-8248-e3d2779a79c3{ip: 192.168.69.118, host: pr-hdds-2131-w2fms-3313293055, networkLocation: /default-rack, certSerialId: null} reports an CLOSED replica.
2019-10-21 23:05:20,658 [EventQueue-ContainerReportForContainerReportHandler] WARN  container.ContainerReportHandler (AbstractContainerReportHandler.java:updateContainerState(145)) - Container #1 is in OPEN state, but the datanode 8e5ceb90-17c7-416d-ba3b-e9af83490bf4{ip: 192.168.69.118, host: pr-hdds-2131-w2fms-3313293055, networkLocation: /default-rack, certSerialId: null} reports an CLOSED replica.
2019-10-21 23:05:20,881 [BlockDeletingService#2] WARN  background.BlockDeletingService (BlockDeletingService.java:isDeletionAllowed(187)) - Close Container log Index 6 is not replicated across allthe servers in the pipeline f77f3c44-7213-45ac-81dc-60ca7ec77ff7 as the min replicated index is 4. Deletion is not allowed in this container yet.
2019-10-21 23:05:20,881 [BlockDeletingService#2] WARN  background.BlockDeletingService (BlockDeletingService.java:isDeletionAllowed(187)) - Close Container log Index 6 is not replicated across allthe servers in the pipeline f77f3c44-7213-45ac-81dc-60ca7ec77ff7 as the min replicated index is 4. Deletion is not allowed in this container yet.
2019-10-21 23:05:20,922 [EventQueue-ContainerReportForContainerReportHandler] WARN  container.ContainerReportHandler (AbstractContainerReportHandler.java:updateContainerState(145)) - Container #1 is in OPEN state, but the datanode 2c02d436-c6f2-4204-8248-e3d2779a79c3{ip: 192.168.69.118, host: pr-hdds-2131-w2fms-3313293055, networkLocation: /default-rack, certSerialId: null} reports an CLOSED replica.
2019-10-21 23:05:21,057 [EventQueue-ContainerReportForContainerReportHandler] WARN  container.ContainerReportHandler (AbstractContainerReportHandler.java:updateContainerState(145)) - Container #1 is in OPEN state, but the datanode 8e5ceb90-17c7-416d-ba3b-e9af83490bf4{ip: 192.168.69.118, host: pr-hdds-2131-w2fms-3313293055, networkLocation: /default-rack, certSerialId: null} reports an CLOSED replica.
2019-10-21 23:05:21,223 [EventQueue-ContainerReportForContainerReportHandler] WARN  container.ContainerReportHandler (AbstractContainerReportHandler.java:updateContainerState(145)) - Container #1 is in OPEN state, but the datanode 2c02d436-c6f2-4204-8248-e3d2779a79c3{ip: 192.168.69.118, host: pr-hdds-2131-w2fms-3313293055, networkLocation: /default-rack, certSerialId: null} reports an CLOSED replica.
2019-10-21 23:05:21,357 [EventQueue-ContainerReportForContainerReportHandler] WARN  container.ContainerReportHandler (AbstractContainerReportHandler.java:updateContainerState(145)) - Container #1 is in OPEN state, but the datanode 8e5ceb90-17c7-416d-ba3b-e9af83490bf4{ip: 192.168.69.118, host: pr-hdds-2131-w2fms-3313293055, networkLocation: /default-rack, certSerialId: null} reports an CLOSED replica.
2019-10-21 23:05:21,522 [EventQueue-ContainerReportForContainerReportHandler] WARN  container.ContainerReportHandler (AbstractContainerReportHandler.java:updateContainerState(145)) - Container #1 is in OPEN state, but the datanode 2c02d436-c6f2-4204-8248-e3d2779a79c3{ip: 192.168.69.118, host: pr-hdds-2131-w2fms-3313293055, networkLocation: /default-rack, certSerialId: null} reports an CLOSED replica.
2019-10-21 23:05:21,657 [EventQueue-ContainerReportForContainerReportHandler] WARN  container.ContainerReportHandler (AbstractContainerReportHandler.java:updateContainerState(145)) - Container #1 is in OPEN state, but the datanode 8e5ceb90-17c7-416d-ba3b-e9af83490bf4{ip: 192.168.69.118, host: pr-hdds-2131-w2fms-3313293055, networkLocation: /default-rack, certSerialId: null} reports an CLOSED replica.
2019-10-21 23:05:21,664 [Thread-426] INFO  client.GrpcClientProtocolService (GrpcClientProtocolService.java:lambda$processClientRequest$0(278)) - Failed RaftClientRequest:client-0013CC304CD3->8e5ceb90-17c7-416d-ba3b-e9af83490bf4@group-60CA7EC77FF7, cid=10, seq=0, Watch-ALL_COMMITTED(6), Message:<EMPTY>, reply=RaftClientReply:client-0013CC304CD3->8e5ceb90-17c7-416d-ba3b-e9af83490bf4@group-60CA7EC77FF7, cid=10, FAILED org.apache.ratis.protocol.NotLeaderException: Server 8e5ceb90-17c7-416d-ba3b-e9af83490bf4@group-60CA7EC77FF7 is not the leader 2c02d436-c6f2-4204-8248-e3d2779a79c3:192.168.69.118:45342, logIndex=0, commits[8e5ceb90-17c7-416d-ba3b-e9af83490bf4:c10, 95f8ce0c-61f1-45b1-a4e7-5b97bbfe9a5b:c4, 2c02d436-c6f2-4204-8248-e3d2779a79c3:c10]
2019-10-21 23:05:21,822 [EventQueue-ContainerReportForContainerReportHandler] WARN  container.ContainerReportHandler (AbstractContainerReportHandler.java:updateContainerState(145)) - Container #1 is in OPEN state, but the datanode 2c02d436-c6f2-4204-8248-e3d2779a79c3{ip: 192.168.69.118, host: pr-hdds-2131-w2fms-3313293055, networkLocation: /default-rack, certSerialId: null} reports an CLOSED replica.
2019-10-21 23:05:21,882 [BlockDeletingService#2] WARN  background.BlockDeletingService (BlockDeletingService.java:isDeletionAllowed(187)) - Close Container log Index 6 is not replicated across allthe servers in the pipeline f77f3c44-7213-45ac-81dc-60ca7ec77ff7 as the min replicated index is 4. Deletion is not allowed in this container yet.
2019-10-21 23:05:21,883 [BlockDeletingService#2] WARN  background.BlockDeletingService (BlockDeletingService.java:isDeletionAllowed(187)) - Close Container log Index 6 is not replicated across allthe servers in the pipeline f77f3c44-7213-45ac-81dc-60ca7ec77ff7 as the min replicated index is 4. Deletion is not allowed in this container yet.
2019-10-21 23:05:21,884 [Thread-431] INFO  client.GrpcClientProtocolService (GrpcClientProtocolService.java:lambda$processClientRequest$0(278)) - Failed RaftClientRequest:client-0013CC304CD3->2c02d436-c6f2-4204-8248-e3d2779a79c3@group-60CA7EC77FF7, cid=10, seq=0, Watch-ALL_COMMITTED(6), Message:<EMPTY>, reply=RaftClientReply:client-0013CC304CD3->2c02d436-c6f2-4204-8248-e3d2779a79c3@group-60CA7EC77FF7, cid=10, FAILED org.apache.ratis.protocol.NotReplicatedException: Request with call Id 10 and log index 6 is not yet replicated to ALL_COMMITTED, logIndex=6, commits[2c02d436-c6f2-4204-8248-e3d2779a79c3:c10, 8e5ceb90-17c7-416d-ba3b-e9af83490bf4:c10, 95f8ce0c-61f1-45b1-a4e7-5b97bbfe9a5b:c4]
2019-10-21 23:05:21,957 [EventQueue-ContainerReportForContainerReportHandler] WARN  container.ContainerReportHandler (AbstractContainerReportHandler.java:updateContainerState(145)) - Container #1 is in OPEN state, but the datanode 8e5ceb90-17c7-416d-ba3b-e9af83490bf4{ip: 192.168.69.118, host: pr-hdds-2131-w2fms-3313293055, networkLocation: /default-rack, certSerialId: null} reports an CLOSED replica.
2019-10-21 23:05:22,035 [java.util.concurrent.ThreadPoolExecutor$Worker@49aa5385[State = -1, empty queue]] WARN  server.GrpcLogAppender (GrpcLogAppender.java:timeoutAppendRequest(209)) - 2c02d436-c6f2-4204-8248-e3d2779a79c3@group-60CA7EC77FF7->95f8ce0c-61f1-45b1-a4e7-5b97bbfe9a5b-GrpcLogAppender: appendEntries Timeout, request=2c02d436-c6f2-4204-8248-e3d2779a79c3->95f8ce0c-61f1-45b1-a4e7-5b97bbfe9a5b#38-t2, previous=(t:2, i:10), leaderCommit=10, initializing? false, entries: <empty>
2019-10-21 23:05:22,122 [EventQueue-ContainerReportForContainerReportHandler] WARN  container.ContainerReportHandler (AbstractContainerReportHandler.java:updateContainerState(145)) - Container #1 is in OPEN state, but the datanode 2c02d436-c6f2-4204-8248-e3d2779a79c3{ip: 192.168.69.118, host: pr-hdds-2131-w2fms-3313293055, networkLocation: /default-rack, certSerialId: null} reports an CLOSED replica.
2019-10-21 23:05:22,358 [EventQueue-ContainerReportForContainerReportHandler] WARN  container.ContainerReportHandler (AbstractContainerReportHandler.java:updateContainerState(145)) - Container #1 is in OPEN state, but the datanode 8e5ceb90-17c7-416d-ba3b-e9af83490bf4{ip: 192.168.69.118, host: pr-hdds-2131-w2fms-3313293055, networkLocation: /default-rack, certSerialId: null} reports an CLOSED replica.
2019-10-21 23:05:22,422 [EventQueue-ContainerReportForContainerReportHandler] WARN  container.ContainerReportHandler (AbstractContainerReportHandler.java:updateContainerState(145)) - Container #1 is in OPEN state, but the datanode 2c02d436-c6f2-4204-8248-e3d2779a79c3{ip: 192.168.69.118, host: pr-hdds-2131-w2fms-3313293055, networkLocation: /default-rack, certSerialId: null} reports an CLOSED replica.
2019-10-21 23:05:22,622 [EventQueue-ContainerReportForContainerReportHandler] WARN  container.ContainerReportHandler (AbstractContainerReportHandler.java:updateContainerState(145)) - Container #1 is in OPEN state, but the datanode 2c02d436-c6f2-4204-8248-e3d2779a79c3{ip: 192.168.69.118, host: pr-hdds-2131-w2fms-3313293055, networkLocation: /default-rack, certSerialId: null} reports an CLOSED replica.
2019-10-21 23:05:22,658 [EventQueue-ContainerReportForContainerReportHandler] WARN  container.ContainerReportHandler (AbstractContainerReportHandler.java:updateContainerState(145)) - Container #1 is in OPEN state, but the datanode 8e5ceb90-17c7-416d-ba3b-e9af83490bf4{ip: 192.168.69.118, host: pr-hdds-2131-w2fms-3313293055, networkLocation: /default-rack, certSerialId: null} reports an CLOSED replica.
2019-10-21 23:05:22,884 [BlockDeletingService#2] WARN  background.BlockDeletingService (BlockDeletingService.java:isDeletionAllowed(187)) - Close Container log Index 6 is not replicated across allthe servers in the pipeline f77f3c44-7213-45ac-81dc-60ca7ec77ff7 as the min replicated index is 4. Deletion is not allowed in this container yet.
2019-10-21 23:05:22,885 [BlockDeletingService#2] WARN  background.BlockDeletingService (BlockDeletingService.java:isDeletionAllowed(187)) - Close Container log Index 6 is not replicated across allthe servers in the pipeline f77f3c44-7213-45ac-81dc-60ca7ec77ff7 as the min replicated index is 4. Deletion is not allowed in this container yet.
2019-10-21 23:05:22,922 [EventQueue-ContainerReportForContainerReportHandler] WARN  container.ContainerReportHandler (AbstractContainerReportHandler.java:updateContainerState(145)) - Container #1 is in OPEN state, but the datanode 2c02d436-c6f2-4204-8248-e3d2779a79c3{ip: 192.168.69.118, host: pr-hdds-2131-w2fms-3313293055, networkLocation: /default-rack, certSerialId: null} reports an CLOSED replica.
2019-10-21 23:05:22,958 [EventQueue-ContainerReportForContainerReportHandler] WARN  container.ContainerReportHandler (AbstractContainerReportHandler.java:updateContainerState(145)) - Container #1 is in OPEN state, but the datanode 8e5ceb90-17c7-416d-ba3b-e9af83490bf4{ip: 192.168.69.118, host: pr-hdds-2131-w2fms-3313293055, networkLocation: /default-rack, certSerialId: null} reports an CLOSED replica.
2019-10-21 23:05:23,258 [EventQueue-ContainerReportForContainerReportHandler] WARN  container.ContainerReportHandler (AbstractContainerReportHandler.java:updateContainerState(145)) - Container #1 is in OPEN state, but the datanode 8e5ceb90-17c7-416d-ba3b-e9af83490bf4{ip: 192.168.69.118, host: pr-hdds-2131-w2fms-3313293055, networkLocation: /default-rack, certSerialId: null} reports an CLOSED replica.
2019-10-21 23:05:23,322 [EventQueue-ContainerReportForContainerReportHandler] WARN  container.ContainerReportHandler (AbstractContainerReportHandler.java:updateContainerState(145)) - Container #1 is in OPEN state, but the datanode 2c02d436-c6f2-4204-8248-e3d2779a79c3{ip: 192.168.69.118, host: pr-hdds-2131-w2fms-3313293055, networkLocation: /default-rack, certSerialId: null} reports an CLOSED replica.
2019-10-21 23:05:23,458 [EventQueue-ContainerReportForContainerReportHandler] WARN  container.ContainerReportHandler (AbstractContainerReportHandler.java:updateContainerState(145)) - Container #1 is in OPEN state, but the datanode 8e5ceb90-17c7-416d-ba3b-e9af83490bf4{ip: 192.168.69.118, host: pr-hdds-2131-w2fms-3313293055, networkLocation: /default-rack, certSerialId: null} reports an CLOSED replica.
2019-10-21 23:05:23,622 [EventQueue-ContainerReportForContainerReportHandler] WARN  container.ContainerReportHandler (AbstractContainerReportHandler.java:updateContainerState(145)) - Container #1 is in OPEN state, but the datanode 2c02d436-c6f2-4204-8248-e3d2779a79c3{ip: 192.168.69.118, host: pr-hdds-2131-w2fms-3313293055, networkLocation: /default-rack, certSerialId: null} reports an CLOSED replica.
2019-10-21 23:05:23,858 [EventQueue-ContainerReportForContainerReportHandler] WARN  container.ContainerReportHandler (AbstractContainerReportHandler.java:updateContainerState(145)) - Container #1 is in OPEN state, but the datanode 8e5ceb90-17c7-416d-ba3b-e9af83490bf4{ip: 192.168.69.118, host: pr-hdds-2131-w2fms-3313293055, networkLocation: /default-rack, certSerialId: null} reports an CLOSED replica.
2019-10-21 23:05:23,886 [BlockDeletingService#2] WARN  background.BlockDeletingService (BlockDeletingService.java:isDeletionAllowed(187)) - Close Container log Index 6 is not replicated across allthe servers in the pipeline f77f3c44-7213-45ac-81dc-60ca7ec77ff7 as the min replicated index is 4. Deletion is not allowed in this container yet.
2019-10-21 23:05:23,886 [BlockDeletingService#2] WARN  background.BlockDeletingService (BlockDeletingService.java:isDeletionAllowed(187)) - Close Container log Index 6 is not replicated across allthe servers in the pipeline f77f3c44-7213-45ac-81dc-60ca7ec77ff7 as the min replicated index is 4. Deletion is not allowed in this container yet.
2019-10-21 23:05:23,922 [EventQueue-ContainerReportForContainerReportHandler] WARN  container.ContainerReportHandler (AbstractContainerReportHandler.java:updateContainerState(145)) - Container #1 is in OPEN state, but the datanode 2c02d436-c6f2-4204-8248-e3d2779a79c3{ip: 192.168.69.118, host: pr-hdds-2131-w2fms-3313293055, networkLocation: /default-rack, certSerialId: null} reports an CLOSED replica.
2019-10-21 23:05:24,222 [EventQueue-ContainerReportForContainerReportHandler] WARN  container.ContainerReportHandler (AbstractContainerReportHandler.java:updateContainerState(145)) - Container #1 is in OPEN state, but the datanode 2c02d436-c6f2-4204-8248-e3d2779a79c3{ip: 192.168.69.118, host: pr-hdds-2131-w2fms-3313293055, networkLocation: /default-rack, certSerialId: null} reports an CLOSED replica.
2019-10-21 23:05:24,258 [EventQueue-ContainerReportForContainerReportHandler] WARN  container.ContainerReportHandler (AbstractContainerReportHandler.java:updateContainerState(145)) - Container #1 is in OPEN state, but the datanode 8e5ceb90-17c7-416d-ba3b-e9af83490bf4{ip: 192.168.69.118, host: pr-hdds-2131-w2fms-3313293055, networkLocation: /default-rack, certSerialId: null} reports an CLOSED replica.
2019-10-21 23:05:24,458 [EventQueue-ContainerReportForContainerReportHandler] WARN  container.ContainerReportHandler (AbstractContainerReportHandler.java:updateContainerState(145)) - Container #1 is in OPEN state, but the datanode 8e5ceb90-17c7-416d-ba3b-e9af83490bf4{ip: 192.168.69.118, host: pr-hdds-2131-w2fms-3313293055, networkLocation: /default-rack, certSerialId: null} reports an CLOSED replica.
2019-10-21 23:05:24,522 [EventQueue-ContainerReportForContainerReportHandler] WARN  container.ContainerReportHandler (AbstractContainerReportHandler.java:updateContainerState(145)) - Container #1 is in OPEN state, but the datanode 2c02d436-c6f2-4204-8248-e3d2779a79c3{ip: 192.168.69.118, host: pr-hdds-2131-w2fms-3313293055, networkLocation: /default-rack, certSerialId: null} reports an CLOSED replica.
2019-10-21 23:05:24,536 [java.util.concurrent.ThreadPoolExecutor$Worker@49aa5385[State = -1, empty queue]] WARN  server.GrpcLogAppender (GrpcLogAppender.java:timeoutAppendRequest(209)) - 2c02d436-c6f2-4204-8248-e3d2779a79c3@group-60CA7EC77FF7->95f8ce0c-61f1-45b1-a4e7-5b97bbfe9a5b-GrpcLogAppender: appendEntries Timeout, request=2c02d436-c6f2-4204-8248-e3d2779a79c3->95f8ce0c-61f1-45b1-a4e7-5b97bbfe9a5b#39-t2, previous=(t:2, i:10), leaderCommit=10, initializing? false, entries: <empty>
2019-10-21 23:05:24,758 [EventQueue-ContainerReportForContainerReportHandler] WARN  container.ContainerReportHandler (AbstractContainerReportHandler.java:updateContainerState(145)) - Container #1 is in OPEN state, but the datanode 8e5ceb90-17c7-416d-ba3b-e9af83490bf4{ip: 192.168.69.118, host: pr-hdds-2131-w2fms-3313293055, networkLocation: /default-rack, certSerialId: null} reports an CLOSED replica.
2019-10-21 23:05:24,887 [BlockDeletingService#2] WARN  background.BlockDeletingService (BlockDeletingService.java:isDeletionAllowed(187)) - Close Container log Index 6 is not replicated across allthe servers in the pipeline f77f3c44-7213-45ac-81dc-60ca7ec77ff7 as the min replicated index is 4. Deletion is not allowed in this container yet.
2019-10-21 23:05:24,887 [BlockDeletingService#2] WARN  background.BlockDeletingService (BlockDeletingService.java:isDeletionAllowed(187)) - Close Container log Index 6 is not replicated across allthe servers in the pipeline f77f3c44-7213-45ac-81dc-60ca7ec77ff7 as the min replicated index is 4. Deletion is not allowed in this container yet.
2019-10-21 23:05:24,922 [EventQueue-ContainerReportForContainerReportHandler] WARN  container.ContainerReportHandler (AbstractContainerReportHandler.java:updateContainerState(145)) - Container #1 is in OPEN state, but the datanode 2c02d436-c6f2-4204-8248-e3d2779a79c3{ip: 192.168.69.118, host: pr-hdds-2131-w2fms-3313293055, networkLocation: /default-rack, certSerialId: null} reports an CLOSED replica.
2019-10-21 23:05:25,058 [EventQueue-ContainerReportForContainerReportHandler] WARN  container.ContainerReportHandler (AbstractContainerReportHandler.java:updateContainerState(145)) - Container #1 is in OPEN state, but the datanode 8e5ceb90-17c7-416d-ba3b-e9af83490bf4{ip: 192.168.69.118, host: pr-hdds-2131-w2fms-3313293055, networkLocation: /default-rack, certSerialId: null} reports an CLOSED replica.
2019-10-21 23:05:25,123 [EventQueue-ContainerReportForContainerReportHandler] WARN  container.ContainerReportHandler (AbstractContainerReportHandler.java:updateContainerState(145)) - Container #1 is in OPEN state, but the datanode 2c02d436-c6f2-4204-8248-e3d2779a79c3{ip: 192.168.69.118, host: pr-hdds-2131-w2fms-3313293055, networkLocation: /default-rack, certSerialId: null} reports an CLOSED replica.
2019-10-21 23:05:25,423 [EventQueue-ContainerReportForContainerReportHandler] WARN  container.ContainerReportHandler (AbstractContainerReportHandler.java:updateContainerState(145)) - Container #1 is in OPEN state, but the datanode 2c02d436-c6f2-4204-8248-e3d2779a79c3{ip: 192.168.69.118, host: pr-hdds-2131-w2fms-3313293055, networkLocation: /default-rack, certSerialId: null} reports an CLOSED replica.
2019-10-21 23:05:25,458 [EventQueue-ContainerReportForContainerReportHandler] WARN  container.ContainerReportHandler (AbstractContainerReportHandler.java:updateContainerState(145)) - Container #1 is in OPEN state, but the datanode 8e5ceb90-17c7-416d-ba3b-e9af83490bf4{ip: 192.168.69.118, host: pr-hdds-2131-w2fms-3313293055, networkLocation: /default-rack, certSerialId: null} reports an CLOSED replica.
2019-10-21 23:05:25,624 [EventQueue-ContainerReportForContainerReportHandler] WARN  container.ContainerReportHandler (AbstractContainerReportHandler.java:updateContainerState(145)) - Container #1 is in OPEN state, but the datanode 2c02d436-c6f2-4204-8248-e3d2779a79c3{ip: 192.168.69.118, host: pr-hdds-2131-w2fms-3313293055, networkLocation: /default-rack, certSerialId: null} reports an CLOSED replica.
2019-10-21 23:05:25,658 [EventQueue-ContainerReportForContainerReportHandler] WARN  container.ContainerReportHandler (AbstractContainerReportHandler.java:updateContainerState(145)) - Container #1 is in OPEN state, but the datanode 8e5ceb90-17c7-416d-ba3b-e9af83490bf4{ip: 192.168.69.118, host: pr-hdds-2131-w2fms-3313293055, networkLocation: /default-rack, certSerialId: null} reports an CLOSED replica.
2019-10-21 23:05:25,824 [EventQueue-ContainerReportForContainerReportHandler] WARN  container.ContainerReportHandler (AbstractContainerReportHandler.java:updateContainerState(145)) - Container #1 is in OPEN state, but the datanode 2c02d436-c6f2-4204-8248-e3d2779a79c3{ip: 192.168.69.118, host: pr-hdds-2131-w2fms-3313293055, networkLocation: /default-rack, certSerialId: null} reports an CLOSED replica.
2019-10-21 23:05:25,888 [BlockDeletingService#2] WARN  background.BlockDeletingService (BlockDeletingService.java:isDeletionAllowed(187)) - Close Container log Index 6 is not replicated across allthe servers in the pipeline f77f3c44-7213-45ac-81dc-60ca7ec77ff7 as the min replicated index is 4. Deletion is not allowed in this container yet.
2019-10-21 23:05:25,888 [BlockDeletingService#2] WARN  background.BlockDeletingService (BlockDeletingService.java:isDeletionAllowed(187)) - Close Container log Index 6 is not replicated across allthe servers in the pipeline f77f3c44-7213-45ac-81dc-60ca7ec77ff7 as the min replicated index is 4. Deletion is not allowed in this container yet.
2019-10-21 23:05:25,958 [EventQueue-ContainerReportForContainerReportHandler] WARN  container.ContainerReportHandler (AbstractContainerReportHandler.java:updateContainerState(145)) - Container #1 is in OPEN state, but the datanode 8e5ceb90-17c7-416d-ba3b-e9af83490bf4{ip: 192.168.69.118, host: pr-hdds-2131-w2fms-3313293055, networkLocation: /default-rack, certSerialId: null} reports an CLOSED replica.
2019-10-21 23:05:26,125 [EventQueue-ContainerReportForContainerReportHandler] WARN  container.ContainerReportHandler (AbstractContainerReportHandler.java:updateContainerState(145)) - Container #1 is in OPEN state, but the datanode 2c02d436-c6f2-4204-8248-e3d2779a79c3{ip: 192.168.69.118, host: pr-hdds-2131-w2fms-3313293055, networkLocation: /default-rack, certSerialId: null} reports an CLOSED replica.
2019-10-21 23:05:26,359 [EventQueue-ContainerReportForContainerReportHandler] WARN  container.ContainerReportHandler (AbstractContainerReportHandler.java:updateContainerState(145)) - Container #1 is in OPEN state, but the datanode 8e5ceb90-17c7-416d-ba3b-e9af83490bf4{ip: 192.168.69.118, host: pr-hdds-2131-w2fms-3313293055, networkLocation: /default-rack, certSerialId: null} reports an CLOSED replica.
2019-10-21 23:05:26,525 [EventQueue-ContainerReportForContainerReportHandler] WARN  container.ContainerReportHandler (AbstractContainerReportHandler.java:updateContainerState(145)) - Container #1 is in OPEN state, but the datanode 2c02d436-c6f2-4204-8248-e3d2779a79c3{ip: 192.168.69.118, host: pr-hdds-2131-w2fms-3313293055, networkLocation: /default-rack, certSerialId: null} reports an CLOSED replica.
2019-10-21 23:05:26,659 [EventQueue-ContainerReportForContainerReportHandler] WARN  container.ContainerReportHandler (AbstractContainerReportHandler.java:updateContainerState(145)) - Container #1 is in OPEN state, but the datanode 8e5ceb90-17c7-416d-ba3b-e9af83490bf4{ip: 192.168.69.118, host: pr-hdds-2131-w2fms-3313293055, networkLocation: /default-rack, certSerialId: null} reports an CLOSED replica.
2019-10-21 23:05:26,724 [EventQueue-ContainerReportForContainerReportHandler] WARN  container.ContainerReportHandler (AbstractContainerReportHandler.java:updateContainerState(145)) - Container #1 is in OPEN state, but the datanode 2c02d436-c6f2-4204-8248-e3d2779a79c3{ip: 192.168.69.118, host: pr-hdds-2131-w2fms-3313293055, networkLocation: /default-rack, certSerialId: null} reports an CLOSED replica.
2019-10-21 23:05:26,890 [BlockDeletingService#2] WARN  background.BlockDeletingService (BlockDeletingService.java:isDeletionAllowed(187)) - Close Container log Index 6 is not replicated across allthe servers in the pipeline f77f3c44-7213-45ac-81dc-60ca7ec77ff7 as the min replicated index is 4. Deletion is not allowed in this container yet.
2019-10-21 23:05:26,890 [BlockDeletingService#2] WARN  background.BlockDeletingService (BlockDeletingService.java:isDeletionAllowed(187)) - Close Container log Index 6 is not replicated across allthe servers in the pipeline f77f3c44-7213-45ac-81dc-60ca7ec77ff7 as the min replicated index is 4. Deletion is not allowed in this container yet.
2019-10-21 23:05:27,024 [EventQueue-ContainerReportForContainerReportHandler] WARN  container.ContainerReportHandler (AbstractContainerReportHandler.java:updateContainerState(145)) - Container #1 is in OPEN state, but the datanode 2c02d436-c6f2-4204-8248-e3d2779a79c3{ip: 192.168.69.118, host: pr-hdds-2131-w2fms-3313293055, networkLocation: /default-rack, certSerialId: null} reports an CLOSED replica.
2019-10-21 23:05:27,037 [java.util.concurrent.ThreadPoolExecutor$Worker@49aa5385[State = -1, empty queue]] WARN  server.GrpcLogAppender (GrpcLogAppender.java:timeoutAppendRequest(209)) - 2c02d436-c6f2-4204-8248-e3d2779a79c3@group-60CA7EC77FF7->95f8ce0c-61f1-45b1-a4e7-5b97bbfe9a5b-GrpcLogAppender: appendEntries Timeout, request=2c02d436-c6f2-4204-8248-e3d2779a79c3->95f8ce0c-61f1-45b1-a4e7-5b97bbfe9a5b#40-t2, previous=(t:2, i:10), leaderCommit=10, initializing? false, entries: <empty>
2019-10-21 23:05:27,059 [EventQueue-ContainerReportForContainerReportHandler] WARN  container.ContainerReportHandler (AbstractContainerReportHandler.java:updateContainerState(145)) - Container #1 is in OPEN state, but the datanode 8e5ceb90-17c7-416d-ba3b-e9af83490bf4{ip: 192.168.69.118, host: pr-hdds-2131-w2fms-3313293055, networkLocation: /default-rack, certSerialId: null} reports an CLOSED replica.
2019-10-21 23:05:27,324 [EventQueue-ContainerReportForContainerReportHandler] WARN  container.ContainerReportHandler (AbstractContainerReportHandler.java:updateContainerState(145)) - Container #1 is in OPEN state, but the datanode 2c02d436-c6f2-4204-8248-e3d2779a79c3{ip: 192.168.69.118, host: pr-hdds-2131-w2fms-3313293055, networkLocation: /default-rack, certSerialId: null} reports an CLOSED replica.
2019-10-21 23:05:27,359 [EventQueue-ContainerReportForContainerReportHandler] WARN  container.ContainerReportHandler (AbstractContainerReportHandler.java:updateContainerState(145)) - Container #1 is in OPEN state, but the datanode 8e5ceb90-17c7-416d-ba3b-e9af83490bf4{ip: 192.168.69.118, host: pr-hdds-2131-w2fms-3313293055, networkLocation: /default-rack, certSerialId: null} reports an CLOSED replica.
2019-10-21 23:05:27,625 [EventQueue-ContainerReportForContainerReportHandler] WARN  container.ContainerReportHandler (AbstractContainerReportHandler.java:updateContainerState(145)) - Container #1 is in OPEN state, but the datanode 2c02d436-c6f2-4204-8248-e3d2779a79c3{ip: 192.168.69.118, host: pr-hdds-2131-w2fms-3313293055, networkLocation: /default-rack, certSerialId: null} reports an CLOSED replica.
2019-10-21 23:05:27,760 [EventQueue-ContainerReportForContainerReportHandler] WARN  container.ContainerReportHandler (AbstractContainerReportHandler.java:updateContainerState(145)) - Container #1 is in OPEN state, but the datanode 8e5ceb90-17c7-416d-ba3b-e9af83490bf4{ip: 192.168.69.118, host: pr-hdds-2131-w2fms-3313293055, networkLocation: /default-rack, certSerialId: null} reports an CLOSED replica.
2019-10-21 23:05:27,892 [BlockDeletingService#2] WARN  background.BlockDeletingService (BlockDeletingService.java:isDeletionAllowed(187)) - Close Container log Index 6 is not replicated across allthe servers in the pipeline f77f3c44-7213-45ac-81dc-60ca7ec77ff7 as the min replicated index is 4. Deletion is not allowed in this container yet.
2019-10-21 23:05:27,892 [BlockDeletingService#2] WARN  background.BlockDeletingService (BlockDeletingService.java:isDeletionAllowed(187)) - Close Container log Index 6 is not replicated across allthe servers in the pipeline f77f3c44-7213-45ac-81dc-60ca7ec77ff7 as the min replicated index is 4. Deletion is not allowed in this container yet.
2019-10-21 23:05:28,025 [EventQueue-ContainerReportForContainerReportHandler] WARN  container.ContainerReportHandler (AbstractContainerReportHandler.java:updateContainerState(145)) - Container #1 is in OPEN state, but the datanode 2c02d436-c6f2-4204-8248-e3d2779a79c3{ip: 192.168.69.118, host: pr-hdds-2131-w2fms-3313293055, networkLocation: /default-rack, certSerialId: null} reports an CLOSED replica.
2019-10-21 23:05:28,060 [EventQueue-ContainerReportForContainerReportHandler] WARN  container.ContainerReportHandler (AbstractContainerReportHandler.java:updateContainerState(145)) - Container #1 is in OPEN state, but the datanode 8e5ceb90-17c7-416d-ba3b-e9af83490bf4{ip: 192.168.69.118, host: pr-hdds-2131-w2fms-3313293055, networkLocation: /default-rack, certSerialId: null} reports an CLOSED replica.
2019-10-21 23:05:28,262 [EventQueue-ContainerReportForContainerReportHandler] WARN  container.ContainerReportHandler (AbstractContainerReportHandler.java:updateContainerState(145)) - Container #1 is in OPEN state, but the datanode 8e5ceb90-17c7-416d-ba3b-e9af83490bf4{ip: 192.168.69.118, host: pr-hdds-2131-w2fms-3313293055, networkLocation: /default-rack, certSerialId: null} reports an CLOSED replica.
2019-10-21 23:05:28,324 [EventQueue-ContainerReportForContainerReportHandler] WARN  container.ContainerReportHandler (AbstractContainerReportHandler.java:updateContainerState(145)) - Container #1 is in OPEN state, but the datanode 2c02d436-c6f2-4204-8248-e3d2779a79c3{ip: 192.168.69.118, host: pr-hdds-2131-w2fms-3313293055, networkLocation: /default-rack, certSerialId: null} reports an CLOSED replica.
2019-10-21 23:05:28,662 [EventQueue-ContainerReportForContainerReportHandler] WARN  container.ContainerReportHandler (AbstractContainerReportHandler.java:updateContainerState(145)) - Container #1 is in OPEN state, but the datanode 8e5ceb90-17c7-416d-ba3b-e9af83490bf4{ip: 192.168.69.118, host: pr-hdds-2131-w2fms-3313293055, networkLocation: /default-rack, certSerialId: null} reports an CLOSED replica.
2019-10-21 23:05:28,727 [EventQueue-ContainerReportForContainerReportHandler] WARN  container.ContainerReportHandler (AbstractContainerReportHandler.java:updateContainerState(145)) - Container #1 is in OPEN state, but the datanode 2c02d436-c6f2-4204-8248-e3d2779a79c3{ip: 192.168.69.118, host: pr-hdds-2131-w2fms-3313293055, networkLocation: /default-rack, certSerialId: null} reports an CLOSED replica.
2019-10-21 23:05:28,862 [EventQueue-ContainerReportForContainerReportHandler] WARN  container.ContainerReportHandler (AbstractContainerReportHandler.java:updateContainerState(145)) - Container #1 is in OPEN state, but the datanode 8e5ceb90-17c7-416d-ba3b-e9af83490bf4{ip: 192.168.69.118, host: pr-hdds-2131-w2fms-3313293055, networkLocation: /default-rack, certSerialId: null} reports an CLOSED replica.
2019-10-21 23:05:28,894 [BlockDeletingService#2] WARN  background.BlockDeletingService (BlockDeletingService.java:isDeletionAllowed(187)) - Close Container log Index 6 is not replicated across allthe servers in the pipeline f77f3c44-7213-45ac-81dc-60ca7ec77ff7 as the min replicated index is 4. Deletion is not allowed in this container yet.
2019-10-21 23:05:28,894 [BlockDeletingService#2] WARN  background.BlockDeletingService (BlockDeletingService.java:isDeletionAllowed(187)) - Close Container log Index 6 is not replicated across allthe servers in the pipeline f77f3c44-7213-45ac-81dc-60ca7ec77ff7 as the min replicated index is 4. Deletion is not allowed in this container yet.
2019-10-21 23:05:29,027 [EventQueue-ContainerReportForContainerReportHandler] WARN  container.ContainerReportHandler (AbstractContainerReportHandler.java:updateContainerState(145)) - Container #1 is in OPEN state, but the datanode 2c02d436-c6f2-4204-8248-e3d2779a79c3{ip: 192.168.69.118, host: pr-hdds-2131-w2fms-3313293055, networkLocation: /default-rack, certSerialId: null} reports an CLOSED replica.
2019-10-21 23:05:29,162 [EventQueue-ContainerReportForContainerReportHandler] WARN  container.ContainerReportHandler (AbstractContainerReportHandler.java:updateContainerState(145)) - Container #1 is in OPEN state, but the datanode 8e5ceb90-17c7-416d-ba3b-e9af83490bf4{ip: 192.168.69.118, host: pr-hdds-2131-w2fms-3313293055, networkLocation: /default-rack, certSerialId: null} reports an CLOSED replica.
2019-10-21 23:05:29,428 [EventQueue-ContainerReportForContainerReportHandler] WARN  container.ContainerReportHandler (AbstractContainerReportHandler.java:updateContainerState(145)) - Container #1 is in OPEN state, but the datanode 2c02d436-c6f2-4204-8248-e3d2779a79c3{ip: 192.168.69.118, host: pr-hdds-2131-w2fms-3313293055, networkLocation: /default-rack, certSerialId: null} reports an CLOSED replica.
2019-10-21 23:05:29,463 [EventQueue-ContainerReportForContainerReportHandler] WARN  container.ContainerReportHandler (AbstractContainerReportHandler.java:updateContainerState(145)) - Container #1 is in OPEN state, but the datanode 8e5ceb90-17c7-416d-ba3b-e9af83490bf4{ip: 192.168.69.118, host: pr-hdds-2131-w2fms-3313293055, networkLocation: /default-rack, certSerialId: null} reports an CLOSED replica.
2019-10-21 23:05:29,539 [java.util.concurrent.ThreadPoolExecutor$Worker@49aa5385[State = -1, empty queue]] WARN  server.GrpcLogAppender (GrpcLogAppender.java:timeoutAppendRequest(209)) - 2c02d436-c6f2-4204-8248-e3d2779a79c3@group-60CA7EC77FF7->95f8ce0c-61f1-45b1-a4e7-5b97bbfe9a5b-GrpcLogAppender: appendEntries Timeout, request=2c02d436-c6f2-4204-8248-e3d2779a79c3->95f8ce0c-61f1-45b1-a4e7-5b97bbfe9a5b#41-t2, previous=(t:2, i:10), leaderCommit=10, initializing? false, entries: <empty>
2019-10-21 23:05:29,628 [EventQueue-ContainerReportForContainerReportHandler] WARN  container.ContainerReportHandler (AbstractContainerReportHandler.java:updateContainerState(145)) - Container #1 is in OPEN state, but the datanode 2c02d436-c6f2-4204-8248-e3d2779a79c3{ip: 192.168.69.118, host: pr-hdds-2131-w2fms-3313293055, networkLocation: /default-rack, certSerialId: null} reports an CLOSED replica.
2019-10-21 23:05:29,764 [EventQueue-ContainerReportForContainerReportHandler] WARN  container.ContainerReportHandler (AbstractContainerReportHandler.java:updateContainerState(145)) - Container #1 is in OPEN state, but the datanode 8e5ceb90-17c7-416d-ba3b-e9af83490bf4{ip: 192.168.69.118, host: pr-hdds-2131-w2fms-3313293055, networkLocation: /default-rack, certSerialId: null} reports an CLOSED replica.
2019-10-21 23:05:29,828 [EventQueue-ContainerReportForContainerReportHandler] WARN  container.ContainerReportHandler (AbstractContainerReportHandler.java:updateContainerState(145)) - Container #1 is in OPEN state, but the datanode 2c02d436-c6f2-4204-8248-e3d2779a79c3{ip: 192.168.69.118, host: pr-hdds-2131-w2fms-3313293055, networkLocation: /default-rack, certSerialId: null} reports an CLOSED replica.
2019-10-21 23:05:29,897 [BlockDeletingService#2] WARN  background.BlockDeletingService (BlockDeletingService.java:isDeletionAllowed(187)) - Close Container log Index 6 is not replicated across allthe servers in the pipeline f77f3c44-7213-45ac-81dc-60ca7ec77ff7 as the min replicated index is 4. Deletion is not allowed in this container yet.
2019-10-21 23:05:29,897 [BlockDeletingService#2] WARN  background.BlockDeletingService (BlockDeletingService.java:isDeletionAllowed(187)) - Close Container log Index 6 is not replicated across allthe servers in the pipeline f77f3c44-7213-45ac-81dc-60ca7ec77ff7 as the min replicated index is 4. Deletion is not allowed in this container yet.
2019-10-21 23:05:30,064 [EventQueue-ContainerReportForContainerReportHandler] WARN  container.ContainerReportHandler (AbstractContainerReportHandler.java:updateContainerState(145)) - Container #1 is in OPEN state, but the datanode 8e5ceb90-17c7-416d-ba3b-e9af83490bf4{ip: 192.168.69.118, host: pr-hdds-2131-w2fms-3313293055, networkLocation: /default-rack, certSerialId: null} reports an CLOSED replica.
2019-10-21 23:05:30,129 [EventQueue-ContainerReportForContainerReportHandler] WARN  container.ContainerReportHandler (AbstractContainerReportHandler.java:updateContainerState(145)) - Container #1 is in OPEN state, but the datanode 2c02d436-c6f2-4204-8248-e3d2779a79c3{ip: 192.168.69.118, host: pr-hdds-2131-w2fms-3313293055, networkLocation: /default-rack, certSerialId: null} reports an CLOSED replica.
2019-10-21 23:05:30,364 [EventQueue-ContainerReportForContainerReportHandler] WARN  container.ContainerReportHandler (AbstractContainerReportHandler.java:updateContainerState(145)) - Container #1 is in OPEN state, but the datanode 8e5ceb90-17c7-416d-ba3b-e9af83490bf4{ip: 192.168.69.118, host: pr-hdds-2131-w2fms-3313293055, networkLocation: /default-rack, certSerialId: null} reports an CLOSED replica.
2019-10-21 23:05:30,528 [EventQueue-ContainerReportForContainerReportHandler] WARN  container.ContainerReportHandler (AbstractContainerReportHandler.java:updateContainerState(145)) - Container #1 is in OPEN state, but the datanode 2c02d436-c6f2-4204-8248-e3d2779a79c3{ip: 192.168.69.118, host: pr-hdds-2131-w2fms-3313293055, networkLocation: /default-rack, certSerialId: null} reports an CLOSED replica.
2019-10-21 23:05:30,664 [EventQueue-ContainerReportForContainerReportHandler] WARN  container.ContainerReportHandler (AbstractContainerReportHandler.java:updateContainerState(145)) - Container #1 is in OPEN state, but the datanode 8e5ceb90-17c7-416d-ba3b-e9af83490bf4{ip: 192.168.69.118, host: pr-hdds-2131-w2fms-3313293055, networkLocation: /default-rack, certSerialId: null} reports an CLOSED replica.
2019-10-21 23:05:30,689 [Thread-453] INFO  client.GrpcClientProtocolService (GrpcClientProtocolService.java:lambda$processClientRequest$0(278)) - Failed RaftClientRequest:client-0013CC304CD3->8e5ceb90-17c7-416d-ba3b-e9af83490bf4@group-60CA7EC77FF7, cid=10, seq=0, Watch-ALL_COMMITTED(6), Message:<EMPTY>, reply=RaftClientReply:client-0013CC304CD3->8e5ceb90-17c7-416d-ba3b-e9af83490bf4@group-60CA7EC77FF7, cid=10, FAILED org.apache.ratis.protocol.NotLeaderException: Server 8e5ceb90-17c7-416d-ba3b-e9af83490bf4@group-60CA7EC77FF7 is not the leader 2c02d436-c6f2-4204-8248-e3d2779a79c3:192.168.69.118:45342, logIndex=0, commits[8e5ceb90-17c7-416d-ba3b-e9af83490bf4:c10, 95f8ce0c-61f1-45b1-a4e7-5b97bbfe9a5b:c4, 2c02d436-c6f2-4204-8248-e3d2779a79c3:c10]
2019-10-21 23:05:30,898 [BlockDeletingService#2] WARN  background.BlockDeletingService (BlockDeletingService.java:isDeletionAllowed(187)) - Close Container log Index 6 is not replicated across allthe servers in the pipeline f77f3c44-7213-45ac-81dc-60ca7ec77ff7 as the min replicated index is 4. Deletion is not allowed in this container yet.
2019-10-21 23:05:30,898 [BlockDeletingService#2] WARN  background.BlockDeletingService (BlockDeletingService.java:isDeletionAllowed(187)) - Close Container log Index 6 is not replicated across allthe servers in the pipeline f77f3c44-7213-45ac-81dc-60ca7ec77ff7 as the min replicated index is 4. Deletion is not allowed in this container yet.
2019-10-21 23:05:30,928 [EventQueue-ContainerReportForContainerReportHandler] WARN  container.ContainerReportHandler (AbstractContainerReportHandler.java:updateContainerState(145)) - Container #1 is in OPEN state, but the datanode 2c02d436-c6f2-4204-8248-e3d2779a79c3{ip: 192.168.69.118, host: pr-hdds-2131-w2fms-3313293055, networkLocation: /default-rack, certSerialId: null} reports an CLOSED replica.
2019-10-21 23:05:30,964 [EventQueue-ContainerReportForContainerReportHandler] WARN  container.ContainerReportHandler (AbstractContainerReportHandler.java:updateContainerState(145)) - Container #1 is in OPEN state, but the datanode 8e5ceb90-17c7-416d-ba3b-e9af83490bf4{ip: 192.168.69.118, host: pr-hdds-2131-w2fms-3313293055, networkLocation: /default-rack, certSerialId: null} reports an CLOSED replica.
2019-10-21 23:05:31,229 [EventQueue-ContainerReportForContainerReportHandler] WARN  container.ContainerReportHandler (AbstractContainerReportHandler.java:updateContainerState(145)) - Container #1 is in OPEN state, but the datanode 2c02d436-c6f2-4204-8248-e3d2779a79c3{ip: 192.168.69.118, host: pr-hdds-2131-w2fms-3313293055, networkLocation: /default-rack, certSerialId: null} reports an CLOSED replica.
2019-10-21 23:05:31,265 [EventQueue-ContainerReportForContainerReportHandler] WARN  container.ContainerReportHandler (AbstractContainerReportHandler.java:updateContainerState(145)) - Container #1 is in OPEN state, but the datanode 8e5ceb90-17c7-416d-ba3b-e9af83490bf4{ip: 192.168.69.118, host: pr-hdds-2131-w2fms-3313293055, networkLocation: /default-rack, certSerialId: null} reports an CLOSED replica.
2019-10-21 23:05:31,531 [EventQueue-ContainerReportForContainerReportHandler] WARN  container.ContainerReportHandler (AbstractContainerReportHandler.java:updateContainerState(145)) - Container #1 is in OPEN state, but the datanode 2c02d436-c6f2-4204-8248-e3d2779a79c3{ip: 192.168.69.118, host: pr-hdds-2131-w2fms-3313293055, networkLocation: /default-rack, certSerialId: null} reports an CLOSED replica.
2019-10-21 23:05:31,565 [EventQueue-ContainerReportForContainerReportHandler] WARN  container.ContainerReportHandler (AbstractContainerReportHandler.java:updateContainerState(145)) - Container #1 is in OPEN state, but the datanode 8e5ceb90-17c7-416d-ba3b-e9af83490bf4{ip: 192.168.69.118, host: pr-hdds-2131-w2fms-3313293055, networkLocation: /default-rack, certSerialId: null} reports an CLOSED replica.
2019-10-21 23:05:31,765 [EventQueue-ContainerReportForContainerReportHandler] WARN  container.ContainerReportHandler (AbstractContainerReportHandler.java:updateContainerState(145)) - Container #1 is in OPEN state, but the datanode 8e5ceb90-17c7-416d-ba3b-e9af83490bf4{ip: 192.168.69.118, host: pr-hdds-2131-w2fms-3313293055, networkLocation: /default-rack, certSerialId: null} reports an CLOSED replica.
2019-10-21 23:05:31,831 [EventQueue-ContainerReportForContainerReportHandler] WARN  container.ContainerReportHandler (AbstractContainerReportHandler.java:updateContainerState(145)) - Container #1 is in OPEN state, but the datanode 2c02d436-c6f2-4204-8248-e3d2779a79c3{ip: 192.168.69.118, host: pr-hdds-2131-w2fms-3313293055, networkLocation: /default-rack, certSerialId: null} reports an CLOSED replica.
2019-10-21 23:05:31,884 [Thread-459] INFO  client.GrpcClientProtocolService (GrpcClientProtocolService.java:lambda$processClientRequest$0(278)) - Failed RaftClientRequest:client-0013CC304CD3->2c02d436-c6f2-4204-8248-e3d2779a79c3@group-60CA7EC77FF7, cid=10, seq=0, Watch-ALL_COMMITTED(6), Message:<EMPTY>, reply=RaftClientReply:client-0013CC304CD3->2c02d436-c6f2-4204-8248-e3d2779a79c3@group-60CA7EC77FF7, cid=10, FAILED org.apache.ratis.protocol.NotReplicatedException: Request with call Id 10 and log index 6 is not yet replicated to ALL_COMMITTED, logIndex=6, commits[2c02d436-c6f2-4204-8248-e3d2779a79c3:c10, 8e5ceb90-17c7-416d-ba3b-e9af83490bf4:c10, 95f8ce0c-61f1-45b1-a4e7-5b97bbfe9a5b:c4]
2019-10-21 23:05:31,900 [BlockDeletingService#2] WARN  background.BlockDeletingService (BlockDeletingService.java:isDeletionAllowed(187)) - Close Container log Index 6 is not replicated across allthe servers in the pipeline f77f3c44-7213-45ac-81dc-60ca7ec77ff7 as the min replicated index is 4. Deletion is not allowed in this container yet.
2019-10-21 23:05:31,900 [BlockDeletingService#2] WARN  background.BlockDeletingService (BlockDeletingService.java:isDeletionAllowed(187)) - Close Container log Index 6 is not replicated across allthe servers in the pipeline f77f3c44-7213-45ac-81dc-60ca7ec77ff7 as the min replicated index is 4. Deletion is not allowed in this container yet.
2019-10-21 23:05:31,965 [EventQueue-ContainerReportForContainerReportHandler] WARN  container.ContainerReportHandler (AbstractContainerReportHandler.java:updateContainerState(145)) - Container #1 is in OPEN state, but the datanode 8e5ceb90-17c7-416d-ba3b-e9af83490bf4{ip: 192.168.69.118, host: pr-hdds-2131-w2fms-3313293055, networkLocation: /default-rack, certSerialId: null} reports an CLOSED replica.
2019-10-21 23:05:32,033 [EventQueue-ContainerReportForContainerReportHandler] WARN  container.ContainerReportHandler (AbstractContainerReportHandler.java:updateContainerState(145)) - Container #1 is in OPEN state, but the datanode 2c02d436-c6f2-4204-8248-e3d2779a79c3{ip: 192.168.69.118, host: pr-hdds-2131-w2fms-3313293055, networkLocation: /default-rack, certSerialId: null} reports an CLOSED replica.
2019-10-21 23:05:32,040 [java.util.concurrent.ThreadPoolExecutor$Worker@49aa5385[State = -1, empty queue]] WARN  server.GrpcLogAppender (GrpcLogAppender.java:timeoutAppendRequest(209)) - 2c02d436-c6f2-4204-8248-e3d2779a79c3@group-60CA7EC77FF7->95f8ce0c-61f1-45b1-a4e7-5b97bbfe9a5b-GrpcLogAppender: appendEntries Timeout, request=2c02d436-c6f2-4204-8248-e3d2779a79c3->95f8ce0c-61f1-45b1-a4e7-5b97bbfe9a5b#42-t2, previous=(t:2, i:10), leaderCommit=10, initializing? false, entries: <empty>
2019-10-21 23:05:32,166 [EventQueue-ContainerReportForContainerReportHandler] WARN  container.ContainerReportHandler (AbstractContainerReportHandler.java:updateContainerState(145)) - Container #1 is in OPEN state, but the datanode 8e5ceb90-17c7-416d-ba3b-e9af83490bf4{ip: 192.168.69.118, host: pr-hdds-2131-w2fms-3313293055, networkLocation: /default-rack, certSerialId: null} reports an CLOSED replica.
2019-10-21 23:05:32,432 [EventQueue-ContainerReportForContainerReportHandler] WARN  container.ContainerReportHandler (AbstractContainerReportHandler.java:updateContainerState(145)) - Container #1 is in OPEN state, but the datanode 2c02d436-c6f2-4204-8248-e3d2779a79c3{ip: 192.168.69.118, host: pr-hdds-2131-w2fms-3313293055, networkLocation: /default-rack, certSerialId: null} reports an CLOSED replica.
2019-10-21 23:05:32,566 [EventQueue-ContainerReportForContainerReportHandler] WARN  container.ContainerReportHandler (AbstractContainerReportHandler.java:updateContainerState(145)) - Container #1 is in OPEN state, but the datanode 8e5ceb90-17c7-416d-ba3b-e9af83490bf4{ip: 192.168.69.118, host: pr-hdds-2131-w2fms-3313293055, networkLocation: /default-rack, certSerialId: null} reports an CLOSED replica.
2019-10-21 23:05:32,632 [EventQueue-ContainerReportForContainerReportHandler] WARN  container.ContainerReportHandler (AbstractContainerReportHandler.java:updateContainerState(145)) - Container #1 is in OPEN state, but the datanode 2c02d436-c6f2-4204-8248-e3d2779a79c3{ip: 192.168.69.118, host: pr-hdds-2131-w2fms-3313293055, networkLocation: /default-rack, certSerialId: null} reports an CLOSED replica.
2019-10-21 23:05:32,867 [EventQueue-ContainerReportForContainerReportHandler] WARN  container.ContainerReportHandler (AbstractContainerReportHandler.java:updateContainerState(145)) - Container #1 is in OPEN state, but the datanode 8e5ceb90-17c7-416d-ba3b-e9af83490bf4{ip: 192.168.69.118, host: pr-hdds-2131-w2fms-3313293055, networkLocation: /default-rack, certSerialId: null} reports an CLOSED replica.
2019-10-21 23:05:32,901 [BlockDeletingService#2] WARN  background.BlockDeletingService (BlockDeletingService.java:isDeletionAllowed(187)) - Close Container log Index 6 is not replicated across allthe servers in the pipeline f77f3c44-7213-45ac-81dc-60ca7ec77ff7 as the min replicated index is 4. Deletion is not allowed in this container yet.
2019-10-21 23:05:32,903 [BlockDeletingService#2] WARN  background.BlockDeletingService (BlockDeletingService.java:isDeletionAllowed(187)) - Close Container log Index 6 is not replicated across allthe servers in the pipeline f77f3c44-7213-45ac-81dc-60ca7ec77ff7 as the min replicated index is 4. Deletion is not allowed in this container yet.
2019-10-21 23:05:33,033 [EventQueue-ContainerReportForContainerReportHandler] WARN  container.ContainerReportHandler (AbstractContainerReportHandler.java:updateContainerState(145)) - Container #1 is in OPEN state, but the datanode 2c02d436-c6f2-4204-8248-e3d2779a79c3{ip: 192.168.69.118, host: pr-hdds-2131-w2fms-3313293055, networkLocation: /default-rack, certSerialId: null} reports an CLOSED replica.
2019-10-21 23:05:33,268 [EventQueue-ContainerReportForContainerReportHandler] WARN  container.ContainerReportHandler (AbstractContainerReportHandler.java:updateContainerState(145)) - Container #1 is in OPEN state, but the datanode 8e5ceb90-17c7-416d-ba3b-e9af83490bf4{ip: 192.168.69.118, host: pr-hdds-2131-w2fms-3313293055, networkLocation: /default-rack, certSerialId: null} reports an CLOSED replica.
2019-10-21 23:05:33,333 [EventQueue-ContainerReportForContainerReportHandler] WARN  container.ContainerReportHandler (AbstractContainerReportHandler.java:updateContainerState(145)) - Container #1 is in OPEN state, but the datanode 2c02d436-c6f2-4204-8248-e3d2779a79c3{ip: 192.168.69.118, host: pr-hdds-2131-w2fms-3313293055, networkLocation: /default-rack, certSerialId: null} reports an CLOSED replica.
2019-10-21 23:05:33,568 [EventQueue-ContainerReportForContainerReportHandler] WARN  container.ContainerReportHandler (AbstractContainerReportHandler.java:updateContainerState(145)) - Container #1 is in OPEN state, but the datanode 8e5ceb90-17c7-416d-ba3b-e9af83490bf4{ip: 192.168.69.118, host: pr-hdds-2131-w2fms-3313293055, networkLocation: /default-rack, certSerialId: null} reports an CLOSED replica.
2019-10-21 23:05:33,633 [EventQueue-ContainerReportForContainerReportHandler] WARN  container.ContainerReportHandler (AbstractContainerReportHandler.java:updateContainerState(145)) - Container #1 is in OPEN state, but the datanode 2c02d436-c6f2-4204-8248-e3d2779a79c3{ip: 192.168.69.118, host: pr-hdds-2131-w2fms-3313293055, networkLocation: /default-rack, certSerialId: null} reports an CLOSED replica.
2019-10-21 23:05:33,868 [EventQueue-ContainerReportForContainerReportHandler] WARN  container.ContainerReportHandler (AbstractContainerReportHandler.java:updateContainerState(145)) - Container #1 is in OPEN state, but the datanode 8e5ceb90-17c7-416d-ba3b-e9af83490bf4{ip: 192.168.69.118, host: pr-hdds-2131-w2fms-3313293055, networkLocation: /default-rack, certSerialId: null} reports an CLOSED replica.
2019-10-21 23:05:33,903 [BlockDeletingService#2] WARN  background.BlockDeletingService (BlockDeletingService.java:isDeletionAllowed(187)) - Close Container log Index 6 is not replicated across allthe servers in the pipeline f77f3c44-7213-45ac-81dc-60ca7ec77ff7 as the min replicated index is 4. Deletion is not allowed in this container yet.
2019-10-21 23:05:33,904 [BlockDeletingService#2] WARN  background.BlockDeletingService (BlockDeletingService.java:isDeletionAllowed(187)) - Close Container log Index 6 is not replicated across allthe servers in the pipeline f77f3c44-7213-45ac-81dc-60ca7ec77ff7 as the min replicated index is 4. Deletion is not allowed in this container yet.
2019-10-21 23:05:33,933 [EventQueue-ContainerReportForContainerReportHandler] WARN  container.ContainerReportHandler (AbstractContainerReportHandler.java:updateContainerState(145)) - Container #1 is in OPEN state, but the datanode 2c02d436-c6f2-4204-8248-e3d2779a79c3{ip: 192.168.69.118, host: pr-hdds-2131-w2fms-3313293055, networkLocation: /default-rack, certSerialId: null} reports an CLOSED replica.
2019-10-21 23:05:34,068 [EventQueue-ContainerReportForContainerReportHandler] WARN  container.ContainerReportHandler (AbstractContainerReportHandler.java:updateContainerState(145)) - Container #1 is in OPEN state, but the datanode 8e5ceb90-17c7-416d-ba3b-e9af83490bf4{ip: 192.168.69.118, host: pr-hdds-2131-w2fms-3313293055, networkLocation: /default-rack, certSerialId: null} reports an CLOSED replica.
2019-10-21 23:05:34,335 [EventQueue-ContainerReportForContainerReportHandler] WARN  container.ContainerReportHandler (AbstractContainerReportHandler.java:updateContainerState(145)) - Container #1 is in OPEN state, but the datanode 2c02d436-c6f2-4204-8248-e3d2779a79c3{ip: 192.168.69.118, host: pr-hdds-2131-w2fms-3313293055, networkLocation: /default-rack, certSerialId: null} reports an CLOSED replica.
2019-10-21 23:05:34,368 [EventQueue-ContainerReportForContainerReportHandler] WARN  container.ContainerReportHandler (AbstractContainerReportHandler.java:updateContainerState(145)) - Container #1 is in OPEN state, but the datanode 8e5ceb90-17c7-416d-ba3b-e9af83490bf4{ip: 192.168.69.118, host: pr-hdds-2131-w2fms-3313293055, networkLocation: /default-rack, certSerialId: null} reports an CLOSED replica.
2019-10-21 23:05:34,540 [java.util.concurrent.ThreadPoolExecutor$Worker@49aa5385[State = -1, empty queue]] WARN  server.GrpcLogAppender (GrpcLogAppender.java:timeoutAppendRequest(209)) - 2c02d436-c6f2-4204-8248-e3d2779a79c3@group-60CA7EC77FF7->95f8ce0c-61f1-45b1-a4e7-5b97bbfe9a5b-GrpcLogAppender: appendEntries Timeout, request=2c02d436-c6f2-4204-8248-e3d2779a79c3->95f8ce0c-61f1-45b1-a4e7-5b97bbfe9a5b#43-t2, previous=(t:2, i:10), leaderCommit=10, initializing? false, entries: <empty>
2019-10-21 23:05:34,635 [EventQueue-ContainerReportForContainerReportHandler] WARN  container.ContainerReportHandler (AbstractContainerReportHandler.java:updateContainerState(145)) - Container #1 is in OPEN state, but the datanode 2c02d436-c6f2-4204-8248-e3d2779a79c3{ip: 192.168.69.118, host: pr-hdds-2131-w2fms-3313293055, networkLocation: /default-rack, certSerialId: null} reports an CLOSED replica.
2019-10-21 23:05:34,669 [EventQueue-ContainerReportForContainerReportHandler] WARN  container.ContainerReportHandler (AbstractContainerReportHandler.java:updateContainerState(145)) - Container #1 is in OPEN state, but the datanode 8e5ceb90-17c7-416d-ba3b-e9af83490bf4{ip: 192.168.69.118, host: pr-hdds-2131-w2fms-3313293055, networkLocation: /default-rack, certSerialId: null} reports an CLOSED replica.
2019-10-21 23:05:34,868 [EventQueue-ContainerReportForContainerReportHandler] WARN  container.ContainerReportHandler (AbstractContainerReportHandler.java:updateContainerState(145)) - Container #1 is in OPEN state, but the datanode 8e5ceb90-17c7-416d-ba3b-e9af83490bf4{ip: 192.168.69.118, host: pr-hdds-2131-w2fms-3313293055, networkLocation: /default-rack, certSerialId: null} reports an CLOSED replica.
2019-10-21 23:05:34,904 [BlockDeletingService#2] WARN  background.BlockDeletingService (BlockDeletingService.java:isDeletionAllowed(187)) - Close Container log Index 6 is not replicated across allthe servers in the pipeline f77f3c44-7213-45ac-81dc-60ca7ec77ff7 as the min replicated index is 4. Deletion is not allowed in this container yet.
2019-10-21 23:05:34,904 [BlockDeletingService#2] WARN  background.BlockDeletingService (BlockDeletingService.java:isDeletionAllowed(187)) - Close Container log Index 6 is not replicated across allthe servers in the pipeline f77f3c44-7213-45ac-81dc-60ca7ec77ff7 as the min replicated index is 4. Deletion is not allowed in this container yet.
2019-10-21 23:05:34,936 [EventQueue-ContainerReportForContainerReportHandler] WARN  container.ContainerReportHandler (AbstractContainerReportHandler.java:updateContainerState(145)) - Container #1 is in OPEN state, but the datanode 2c02d436-c6f2-4204-8248-e3d2779a79c3{ip: 192.168.69.118, host: pr-hdds-2131-w2fms-3313293055, networkLocation: /default-rack, certSerialId: null} reports an CLOSED replica.
2019-10-21 23:05:35,136 [EventQueue-ContainerReportForContainerReportHandler] WARN  container.ContainerReportHandler (AbstractContainerReportHandler.java:updateContainerState(145)) - Container #1 is in OPEN state, but the datanode 2c02d436-c6f2-4204-8248-e3d2779a79c3{ip: 192.168.69.118, host: pr-hdds-2131-w2fms-3313293055, networkLocation: /default-rack, certSerialId: null} reports an CLOSED replica.
2019-10-21 23:05:35,270 [EventQueue-ContainerReportForContainerReportHandler] WARN  container.ContainerReportHandler (AbstractContainerReportHandler.java:updateContainerState(145)) - Container #1 is in OPEN state, but the datanode 8e5ceb90-17c7-416d-ba3b-e9af83490bf4{ip: 192.168.69.118, host: pr-hdds-2131-w2fms-3313293055, networkLocation: /default-rack, certSerialId: null} reports an CLOSED replica.
2019-10-21 23:05:35,437 [EventQueue-ContainerReportForContainerReportHandler] WARN  container.ContainerReportHandler (AbstractContainerReportHandler.java:updateContainerState(145)) - Container #1 is in OPEN state, but the datanode 2c02d436-c6f2-4204-8248-e3d2779a79c3{ip: 192.168.69.118, host: pr-hdds-2131-w2fms-3313293055, networkLocation: /default-rack, certSerialId: null} reports an CLOSED replica.
2019-10-21 23:05:35,570 [EventQueue-ContainerReportForContainerReportHandler] WARN  container.ContainerReportHandler (AbstractContainerReportHandler.java:updateContainerState(145)) - Container #1 is in OPEN state, but the datanode 8e5ceb90-17c7-416d-ba3b-e9af83490bf4{ip: 192.168.69.118, host: pr-hdds-2131-w2fms-3313293055, networkLocation: /default-rack, certSerialId: null} reports an CLOSED replica.
2019-10-21 23:05:35,840 [EventQueue-ContainerReportForContainerReportHandler] WARN  container.ContainerReportHandler (AbstractContainerReportHandler.java:updateContainerState(145)) - Container #1 is in OPEN state, but the datanode 2c02d436-c6f2-4204-8248-e3d2779a79c3{ip: 192.168.69.118, host: pr-hdds-2131-w2fms-3313293055, networkLocation: /default-rack, certSerialId: null} reports an CLOSED replica.
2019-10-21 23:05:35,869 [EventQueue-ContainerReportForContainerReportHandler] WARN  container.ContainerReportHandler (AbstractContainerReportHandler.java:updateContainerState(145)) - Container #1 is in OPEN state, but the datanode 8e5ceb90-17c7-416d-ba3b-e9af83490bf4{ip: 192.168.69.118, host: pr-hdds-2131-w2fms-3313293055, networkLocation: /default-rack, certSerialId: null} reports an CLOSED replica.
2019-10-21 23:05:35,907 [BlockDeletingService#2] WARN  background.BlockDeletingService (BlockDeletingService.java:isDeletionAllowed(187)) - Close Container log Index 6 is not replicated across allthe servers in the pipeline f77f3c44-7213-45ac-81dc-60ca7ec77ff7 as the min replicated index is 4. Deletion is not allowed in this container yet.
2019-10-21 23:05:35,907 [BlockDeletingService#2] WARN  background.BlockDeletingService (BlockDeletingService.java:isDeletionAllowed(187)) - Close Container log Index 6 is not replicated across allthe servers in the pipeline f77f3c44-7213-45ac-81dc-60ca7ec77ff7 as the min replicated index is 4. Deletion is not allowed in this container yet.
2019-10-21 23:05:36,037 [EventQueue-ContainerReportForContainerReportHandler] WARN  container.ContainerReportHandler (AbstractContainerReportHandler.java:updateContainerState(145)) - Container #1 is in OPEN state, but the datanode 2c02d436-c6f2-4204-8248-e3d2779a79c3{ip: 192.168.69.118, host: pr-hdds-2131-w2fms-3313293055, networkLocation: /default-rack, certSerialId: null} reports an CLOSED replica.
2019-10-21 23:05:36,170 [EventQueue-ContainerReportForContainerReportHandler] WARN  container.ContainerReportHandler (AbstractContainerReportHandler.java:updateContainerState(145)) - Container #1 is in OPEN state, but the datanode 8e5ceb90-17c7-416d-ba3b-e9af83490bf4{ip: 192.168.69.118, host: pr-hdds-2131-w2fms-3313293055, networkLocation: /default-rack, certSerialId: null} reports an CLOSED replica.
2019-10-21 23:05:36,338 [EventQueue-ContainerReportForContainerReportHandler] WARN  container.ContainerReportHandler (AbstractContainerReportHandler.java:updateContainerState(145)) - Container #1 is in OPEN state, but the datanode 2c02d436-c6f2-4204-8248-e3d2779a79c3{ip: 192.168.69.118, host: pr-hdds-2131-w2fms-3313293055, networkLocation: /default-rack, certSerialId: null} reports an CLOSED replica.
2019-10-21 23:05:36,471 [EventQueue-ContainerReportForContainerReportHandler] WARN  container.ContainerReportHandler (AbstractContainerReportHandler.java:updateContainerState(145)) - Container #1 is in OPEN state, but the datanode 8e5ceb90-17c7-416d-ba3b-e9af83490bf4{ip: 192.168.69.118, host: pr-hdds-2131-w2fms-3313293055, networkLocation: /default-rack, certSerialId: null} reports an CLOSED replica.
2019-10-21 23:05:36,638 [EventQueue-ContainerReportForContainerReportHandler] WARN  container.ContainerReportHandler (AbstractContainerReportHandler.java:updateContainerState(145)) - Container #1 is in OPEN state, but the datanode 2c02d436-c6f2-4204-8248-e3d2779a79c3{ip: 192.168.69.118, host: pr-hdds-2131-w2fms-3313293055, networkLocation: /default-rack, certSerialId: null} reports an CLOSED replica.
2019-10-21 23:05:36,871 [EventQueue-ContainerReportForContainerReportHandler] WARN  container.ContainerReportHandler (AbstractContainerReportHandler.java:updateContainerState(145)) - Container #1 is in OPEN state, but the datanode 8e5ceb90-17c7-416d-ba3b-e9af83490bf4{ip: 192.168.69.118, host: pr-hdds-2131-w2fms-3313293055, networkLocation: /default-rack, certSerialId: null} reports an CLOSED replica.
2019-10-21 23:05:36,909 [BlockDeletingService#2] WARN  background.BlockDeletingService (BlockDeletingService.java:isDeletionAllowed(187)) - Close Container log Index 6 is not replicated across allthe servers in the pipeline f77f3c44-7213-45ac-81dc-60ca7ec77ff7 as the min replicated index is 4. Deletion is not allowed in this container yet.
2019-10-21 23:05:36,909 [BlockDeletingService#2] WARN  background.BlockDeletingService (BlockDeletingService.java:isDeletionAllowed(187)) - Close Container log Index 6 is not replicated across allthe servers in the pipeline f77f3c44-7213-45ac-81dc-60ca7ec77ff7 as the min replicated index is 4. Deletion is not allowed in this container yet.
2019-10-21 23:05:36,938 [EventQueue-ContainerReportForContainerReportHandler] WARN  container.ContainerReportHandler (AbstractContainerReportHandler.java:updateContainerState(145)) - Container #1 is in OPEN state, but the datanode 2c02d436-c6f2-4204-8248-e3d2779a79c3{ip: 192.168.69.118, host: pr-hdds-2131-w2fms-3313293055, networkLocation: /default-rack, certSerialId: null} reports an CLOSED replica.
2019-10-21 23:05:37,041 [java.util.concurrent.ThreadPoolExecutor$Worker@49aa5385[State = -1, empty queue]] WARN  server.GrpcLogAppender (GrpcLogAppender.java:timeoutAppendRequest(209)) - 2c02d436-c6f2-4204-8248-e3d2779a79c3@group-60CA7EC77FF7->95f8ce0c-61f1-45b1-a4e7-5b97bbfe9a5b-GrpcLogAppender: appendEntries Timeout, request=2c02d436-c6f2-4204-8248-e3d2779a79c3->95f8ce0c-61f1-45b1-a4e7-5b97bbfe9a5b#44-t2, previous=(t:2, i:10), leaderCommit=10, initializing? false, entries: <empty>
2019-10-21 23:05:37,171 [EventQueue-ContainerReportForContainerReportHandler] WARN  container.ContainerReportHandler (AbstractContainerReportHandler.java:updateContainerState(145)) - Container #1 is in OPEN state, but the datanode 8e5ceb90-17c7-416d-ba3b-e9af83490bf4{ip: 192.168.69.118, host: pr-hdds-2131-w2fms-3313293055, networkLocation: /default-rack, certSerialId: null} reports an CLOSED replica.
2019-10-21 23:05:37,338 [EventQueue-ContainerReportForContainerReportHandler] WARN  container.ContainerReportHandler (AbstractContainerReportHandler.java:updateContainerState(145)) - Container #1 is in OPEN state, but the datanode 2c02d436-c6f2-4204-8248-e3d2779a79c3{ip: 192.168.69.118, host: pr-hdds-2131-w2fms-3313293055, networkLocation: /default-rack, certSerialId: null} reports an CLOSED replica.
2019-10-21 23:05:37,472 [EventQueue-ContainerReportForContainerReportHandler] WARN  container.ContainerReportHandler (AbstractContainerReportHandler.java:updateContainerState(145)) - Container #1 is in OPEN state, but the datanode 8e5ceb90-17c7-416d-ba3b-e9af83490bf4{ip: 192.168.69.118, host: pr-hdds-2131-w2fms-3313293055, networkLocation: /default-rack, certSerialId: null} reports an CLOSED replica.
2019-10-21 23:05:37,639 [EventQueue-ContainerReportForContainerReportHandler] WARN  container.ContainerReportHandler (AbstractContainerReportHandler.java:updateContainerState(145)) - Container #1 is in OPEN state, but the datanode 2c02d436-c6f2-4204-8248-e3d2779a79c3{ip: 192.168.69.118, host: pr-hdds-2131-w2fms-3313293055, networkLocation: /default-rack, certSerialId: null} reports an CLOSED replica.
2019-10-21 23:05:37,872 [EventQueue-ContainerReportForContainerReportHandler] WARN  container.ContainerReportHandler (AbstractContainerReportHandler.java:updateContainerState(145)) - Container #1 is in OPEN state, but the datanode 8e5ceb90-17c7-416d-ba3b-e9af83490bf4{ip: 192.168.69.118, host: pr-hdds-2131-w2fms-3313293055, networkLocation: /default-rack, certSerialId: null} reports an CLOSED replica.
2019-10-21 23:05:37,910 [BlockDeletingService#2] WARN  background.BlockDeletingService (BlockDeletingService.java:isDeletionAllowed(187)) - Close Container log Index 6 is not replicated across allthe servers in the pipeline f77f3c44-7213-45ac-81dc-60ca7ec77ff7 as the min replicated index is 4. Deletion is not allowed in this container yet.
2019-10-21 23:05:37,910 [BlockDeletingService#2] WARN  background.BlockDeletingService (BlockDeletingService.java:isDeletionAllowed(187)) - Close Container log Index 6 is not replicated across allthe servers in the pipeline f77f3c44-7213-45ac-81dc-60ca7ec77ff7 as the min replicated index is 4. Deletion is not allowed in this container yet.
2019-10-21 23:05:37,939 [EventQueue-ContainerReportForContainerReportHandler] WARN  container.ContainerReportHandler (AbstractContainerReportHandler.java:updateContainerState(145)) - Container #1 is in OPEN state, but the datanode 2c02d436-c6f2-4204-8248-e3d2779a79c3{ip: 192.168.69.118, host: pr-hdds-2131-w2fms-3313293055, networkLocation: /default-rack, certSerialId: null} reports an CLOSED replica.
2019-10-21 23:05:38,241 [EventQueue-ContainerReportForContainerReportHandler] WARN  container.ContainerReportHandler (AbstractContainerReportHandler.java:updateContainerState(145)) - Container #1 is in OPEN state, but the datanode 2c02d436-c6f2-4204-8248-e3d2779a79c3{ip: 192.168.69.118, host: pr-hdds-2131-w2fms-3313293055, networkLocation: /default-rack, certSerialId: null} reports an CLOSED replica.
2019-10-21 23:05:38,273 [EventQueue-ContainerReportForContainerReportHandler] WARN  container.ContainerReportHandler (AbstractContainerReportHandler.java:updateContainerState(145)) - Container #1 is in OPEN state, but the datanode 8e5ceb90-17c7-416d-ba3b-e9af83490bf4{ip: 192.168.69.118, host: pr-hdds-2131-w2fms-3313293055, networkLocation: /default-rack, certSerialId: null} reports an CLOSED replica.
2019-10-21 23:05:38,440 [EventQueue-ContainerReportForContainerReportHandler] WARN  container.ContainerReportHandler (AbstractContainerReportHandler.java:updateContainerState(145)) - Container #1 is in OPEN state, but the datanode 2c02d436-c6f2-4204-8248-e3d2779a79c3{ip: 192.168.69.118, host: pr-hdds-2131-w2fms-3313293055, networkLocation: /default-rack, certSerialId: null} reports an CLOSED replica.
2019-10-21 23:05:38,672 [EventQueue-ContainerReportForContainerReportHandler] WARN  container.ContainerReportHandler (AbstractContainerReportHandler.java:updateContainerState(145)) - Container #1 is in OPEN state, but the datanode 8e5ceb90-17c7-416d-ba3b-e9af83490bf4{ip: 192.168.69.118, host: pr-hdds-2131-w2fms-3313293055, networkLocation: /default-rack, certSerialId: null} reports an CLOSED replica.
2019-10-21 23:05:38,841 [EventQueue-ContainerReportForContainerReportHandler] WARN  container.ContainerReportHandler (AbstractContainerReportHandler.java:updateContainerState(145)) - Container #1 is in OPEN state, but the datanode 2c02d436-c6f2-4204-8248-e3d2779a79c3{ip: 192.168.69.118, host: pr-hdds-2131-w2fms-3313293055, networkLocation: /default-rack, certSerialId: null} reports an CLOSED replica.
2019-10-21 23:05:38,873 [EventQueue-ContainerReportForContainerReportHandler] WARN  container.ContainerReportHandler (AbstractContainerReportHandler.java:updateContainerState(145)) - Container #1 is in OPEN state, but the datanode 8e5ceb90-17c7-416d-ba3b-e9af83490bf4{ip: 192.168.69.118, host: pr-hdds-2131-w2fms-3313293055, networkLocation: /default-rack, certSerialId: null} reports an CLOSED replica.
2019-10-21 23:05:38,912 [BlockDeletingService#2] WARN  background.BlockDeletingService (BlockDeletingService.java:isDeletionAllowed(187)) - Close Container log Index 6 is not replicated across allthe servers in the pipeline f77f3c44-7213-45ac-81dc-60ca7ec77ff7 as the min replicated index is 4. Deletion is not allowed in this container yet.
2019-10-21 23:05:38,912 [BlockDeletingService#2] WARN  background.BlockDeletingService (BlockDeletingService.java:isDeletionAllowed(187)) - Close Container log Index 6 is not replicated across allthe servers in the pipeline f77f3c44-7213-45ac-81dc-60ca7ec77ff7 as the min replicated index is 4. Deletion is not allowed in this container yet.
2019-10-21 23:05:39,142 [EventQueue-ContainerReportForContainerReportHandler] WARN  container.ContainerReportHandler (AbstractContainerReportHandler.java:updateContainerState(145)) - Container #1 is in OPEN state, but the datanode 2c02d436-c6f2-4204-8248-e3d2779a79c3{ip: 192.168.69.118, host: pr-hdds-2131-w2fms-3313293055, networkLocation: /default-rack, certSerialId: null} reports an CLOSED replica.
2019-10-21 23:05:39,174 [EventQueue-ContainerReportForContainerReportHandler] WARN  container.ContainerReportHandler (AbstractContainerReportHandler.java:updateContainerState(145)) - Container #1 is in OPEN state, but the datanode 8e5ceb90-17c7-416d-ba3b-e9af83490bf4{ip: 192.168.69.118, host: pr-hdds-2131-w2fms-3313293055, networkLocation: /default-rack, certSerialId: null} reports an CLOSED replica.
2019-10-21 23:05:39,443 [EventQueue-ContainerReportForContainerReportHandler] WARN  container.ContainerReportHandler (AbstractContainerReportHandler.java:updateContainerState(145)) - Container #1 is in OPEN state, but the datanode 2c02d436-c6f2-4204-8248-e3d2779a79c3{ip: 192.168.69.118, host: pr-hdds-2131-w2fms-3313293055, networkLocation: /default-rack, certSerialId: null} reports an CLOSED replica.
2019-10-21 23:05:39,544 [java.util.concurrent.ThreadPoolExecutor$Worker@49aa5385[State = -1, empty queue]] WARN  server.GrpcLogAppender (GrpcLogAppender.java:timeoutAppendRequest(209)) - 2c02d436-c6f2-4204-8248-e3d2779a79c3@group-60CA7EC77FF7->95f8ce0c-61f1-45b1-a4e7-5b97bbfe9a5b-GrpcLogAppender: appendEntries Timeout, request=2c02d436-c6f2-4204-8248-e3d2779a79c3->95f8ce0c-61f1-45b1-a4e7-5b97bbfe9a5b#45-t2, previous=(t:2, i:10), leaderCommit=10, initializing? false, entries: <empty>
2019-10-21 23:05:39,573 [EventQueue-ContainerReportForContainerReportHandler] WARN  container.ContainerReportHandler (AbstractContainerReportHandler.java:updateContainerState(145)) - Container #1 is in OPEN state, but the datanode 8e5ceb90-17c7-416d-ba3b-e9af83490bf4{ip: 192.168.69.118, host: pr-hdds-2131-w2fms-3313293055, networkLocation: /default-rack, certSerialId: null} reports an CLOSED replica.
2019-10-21 23:05:39,643 [EventQueue-ContainerReportForContainerReportHandler] WARN  container.ContainerReportHandler (AbstractContainerReportHandler.java:updateContainerState(145)) - Container #1 is in OPEN state, but the datanode 2c02d436-c6f2-4204-8248-e3d2779a79c3{ip: 192.168.69.118, host: pr-hdds-2131-w2fms-3313293055, networkLocation: /default-rack, certSerialId: null} reports an CLOSED replica.
2019-10-21 23:05:39,729 [Thread-481] INFO  client.GrpcClientProtocolService (GrpcClientProtocolService.java:lambda$processClientRequest$0(278)) - Failed RaftClientRequest:client-0013CC304CD3->8e5ceb90-17c7-416d-ba3b-e9af83490bf4@group-60CA7EC77FF7, cid=10, seq=0, Watch-ALL_COMMITTED(6), Message:<EMPTY>, reply=RaftClientReply:client-0013CC304CD3->8e5ceb90-17c7-416d-ba3b-e9af83490bf4@group-60CA7EC77FF7, cid=10, FAILED org.apache.ratis.protocol.NotLeaderException: Server 8e5ceb90-17c7-416d-ba3b-e9af83490bf4@group-60CA7EC77FF7 is not the leader 2c02d436-c6f2-4204-8248-e3d2779a79c3:192.168.69.118:45342, logIndex=0, commits[8e5ceb90-17c7-416d-ba3b-e9af83490bf4:c10, 95f8ce0c-61f1-45b1-a4e7-5b97bbfe9a5b:c4, 2c02d436-c6f2-4204-8248-e3d2779a79c3:c10]
2019-10-21 23:05:39,773 [EventQueue-ContainerReportForContainerReportHandler] WARN  container.ContainerReportHandler (AbstractContainerReportHandler.java:updateContainerState(145)) - Container #1 is in OPEN state, but the datanode 8e5ceb90-17c7-416d-ba3b-e9af83490bf4{ip: 192.168.69.118, host: pr-hdds-2131-w2fms-3313293055, networkLocation: /default-rack, certSerialId: null} reports an CLOSED replica.
2019-10-21 23:05:39,914 [BlockDeletingService#2] WARN  background.BlockDeletingService (BlockDeletingService.java:isDeletionAllowed(187)) - Close Container log Index 6 is not replicated across allthe servers in the pipeline f77f3c44-7213-45ac-81dc-60ca7ec77ff7 as the min replicated index is 4. Deletion is not allowed in this container yet.
2019-10-21 23:05:39,914 [BlockDeletingService#2] WARN  background.BlockDeletingService (BlockDeletingService.java:isDeletionAllowed(187)) - Close Container log Index 6 is not replicated across allthe servers in the pipeline f77f3c44-7213-45ac-81dc-60ca7ec77ff7 as the min replicated index is 4. Deletion is not allowed in this container yet.
2019-10-21 23:05:39,944 [EventQueue-ContainerReportForContainerReportHandler] WARN  container.ContainerReportHandler (AbstractContainerReportHandler.java:updateContainerState(145)) - Container #1 is in OPEN state, but the datanode 2c02d436-c6f2-4204-8248-e3d2779a79c3{ip: 192.168.69.118, host: pr-hdds-2131-w2fms-3313293055, networkLocation: /default-rack, certSerialId: null} reports an CLOSED replica.
2019-10-21 23:05:40,073 [EventQueue-ContainerReportForContainerReportHandler] WARN  container.ContainerReportHandler (AbstractContainerReportHandler.java:updateContainerState(145)) - Container #1 is in OPEN state, but the datanode 8e5ceb90-17c7-416d-ba3b-e9af83490bf4{ip: 192.168.69.118, host: pr-hdds-2131-w2fms-3313293055, networkLocation: /default-rack, certSerialId: null} reports an CLOSED replica.
2019-10-21 23:05:40,145 [EventQueue-ContainerReportForContainerReportHandler] WARN  container.ContainerReportHandler (AbstractContainerReportHandler.java:updateContainerState(145)) - Container #1 is in OPEN state, but the datanode 2c02d436-c6f2-4204-8248-e3d2779a79c3{ip: 192.168.69.118, host: pr-hdds-2131-w2fms-3313293055, networkLocation: /default-rack, certSerialId: null} reports an CLOSED replica.
2019-10-21 23:05:40,274 [EventQueue-ContainerReportForContainerReportHandler] WARN  container.ContainerReportHandler (AbstractContainerReportHandler.java:updateContainerState(145)) - Container #1 is in OPEN state, but the datanode 8e5ceb90-17c7-416d-ba3b-e9af83490bf4{ip: 192.168.69.118, host: pr-hdds-2131-w2fms-3313293055, networkLocation: /default-rack, certSerialId: null} reports an CLOSED replica.
2019-10-21 23:05:40,474 [EventQueue-ContainerReportForContainerReportHandler] WARN  container.ContainerReportHandler (AbstractContainerReportHandler.java:updateContainerState(145)) - Container #1 is in OPEN state, but the datanode 8e5ceb90-17c7-416d-ba3b-e9af83490bf4{ip: 192.168.69.118, host: pr-hdds-2131-w2fms-3313293055, networkLocation: /default-rack, certSerialId: null} reports an CLOSED replica.
2019-10-21 23:05:40,545 [EventQueue-ContainerReportForContainerReportHandler] WARN  container.ContainerReportHandler (AbstractContainerReportHandler.java:updateContainerState(145)) - Container #1 is in OPEN state, but the datanode 2c02d436-c6f2-4204-8248-e3d2779a79c3{ip: 192.168.69.118, host: pr-hdds-2131-w2fms-3313293055, networkLocation: /default-rack, certSerialId: null} reports an CLOSED replica.
2019-10-21 23:05:40,775 [EventQueue-ContainerReportForContainerReportHandler] WARN  container.ContainerReportHandler (AbstractContainerReportHandler.java:updateContainerState(145)) - Container #1 is in OPEN state, but the datanode 8e5ceb90-17c7-416d-ba3b-e9af83490bf4{ip: 192.168.69.118, host: pr-hdds-2131-w2fms-3313293055, networkLocation: /default-rack, certSerialId: null} reports an CLOSED replica.
2019-10-21 23:05:40,845 [EventQueue-ContainerReportForContainerReportHandler] WARN  container.ContainerReportHandler (AbstractContainerReportHandler.java:updateContainerState(145)) - Container #1 is in OPEN state, but the datanode 2c02d436-c6f2-4204-8248-e3d2779a79c3{ip: 192.168.69.118, host: pr-hdds-2131-w2fms-3313293055, networkLocation: /default-rack, certSerialId: null} reports an CLOSED replica.
2019-10-21 23:05:40,885 [Thread-486] INFO  client.GrpcClientProtocolService (GrpcClientProtocolService.java:lambda$processClientRequest$0(278)) - Failed RaftClientRequest:client-0013CC304CD3->2c02d436-c6f2-4204-8248-e3d2779a79c3@group-60CA7EC77FF7, cid=10, seq=0, Watch-ALL_COMMITTED(6), Message:<EMPTY>, reply=RaftClientReply:client-0013CC304CD3->2c02d436-c6f2-4204-8248-e3d2779a79c3@group-60CA7EC77FF7, cid=10, FAILED org.apache.ratis.protocol.NotReplicatedException: Request with call Id 10 and log index 6 is not yet replicated to ALL_COMMITTED, logIndex=6, commits[2c02d436-c6f2-4204-8248-e3d2779a79c3:c10, 8e5ceb90-17c7-416d-ba3b-e9af83490bf4:c10, 95f8ce0c-61f1-45b1-a4e7-5b97bbfe9a5b:c4]
2019-10-21 23:05:40,918 [BlockDeletingService#2] WARN  background.BlockDeletingService (BlockDeletingService.java:isDeletionAllowed(187)) - Close Container log Index 6 is not replicated across allthe servers in the pipeline f77f3c44-7213-45ac-81dc-60ca7ec77ff7 as the min replicated index is 4. Deletion is not allowed in this container yet.
2019-10-21 23:05:40,918 [BlockDeletingService#2] WARN  background.BlockDeletingService (BlockDeletingService.java:isDeletionAllowed(187)) - Close Container log Index 6 is not replicated across allthe servers in the pipeline f77f3c44-7213-45ac-81dc-60ca7ec77ff7 as the min replicated index is 4. Deletion is not allowed in this container yet.
2019-10-21 23:05:41,175 [EventQueue-ContainerReportForContainerReportHandler] WARN  container.ContainerReportHandler (AbstractContainerReportHandler.java:updateContainerState(145)) - Container #1 is in OPEN state, but the datanode 8e5ceb90-17c7-416d-ba3b-e9af83490bf4{ip: 192.168.69.118, host: pr-hdds-2131-w2fms-3313293055, networkLocation: /default-rack, certSerialId: null} reports an CLOSED replica.
2019-10-21 23:05:41,250 [EventQueue-ContainerReportForContainerReportHandler] WARN  container.ContainerReportHandler (AbstractContainerReportHandler.java:updateContainerState(145)) - Container #1 is in OPEN state, but the datanode 2c02d436-c6f2-4204-8248-e3d2779a79c3{ip: 192.168.69.118, host: pr-hdds-2131-w2fms-3313293055, networkLocation: /default-rack, certSerialId: null} reports an CLOSED replica.
2019-10-21 23:05:41,447 [EventQueue-ContainerReportForContainerReportHandler] WARN  container.ContainerReportHandler (AbstractContainerReportHandler.java:updateContainerState(145)) - Container #1 is in OPEN state, but the datanode 2c02d436-c6f2-4204-8248-e3d2779a79c3{ip: 192.168.69.118, host: pr-hdds-2131-w2fms-3313293055, networkLocation: /default-rack, certSerialId: null} reports an CLOSED replica.
2019-10-21 23:05:41,575 [EventQueue-ContainerReportForContainerReportHandler] WARN  container.ContainerReportHandler (AbstractContainerReportHandler.java:updateContainerState(145)) - Container #1 is in OPEN state, but the datanode 8e5ceb90-17c7-416d-ba3b-e9af83490bf4{ip: 192.168.69.118, host: pr-hdds-2131-w2fms-3313293055, networkLocation: /default-rack, certSerialId: null} reports an CLOSED replica.
2019-10-21 23:05:41,747 [EventQueue-ContainerReportForContainerReportHandler] WARN  container.ContainerReportHandler (AbstractContainerReportHandler.java:updateContainerState(145)) - Container #1 is in OPEN state, but the datanode 2c02d436-c6f2-4204-8248-e3d2779a79c3{ip: 192.168.69.118, host: pr-hdds-2131-w2fms-3313293055, networkLocation: /default-rack, certSerialId: null} reports an CLOSED replica.
2019-10-21 23:05:41,775 [EventQueue-ContainerReportForContainerReportHandler] WARN  container.ContainerReportHandler (AbstractContainerReportHandler.java:updateContainerState(145)) - Container #1 is in OPEN state, but the datanode 8e5ceb90-17c7-416d-ba3b-e9af83490bf4{ip: 192.168.69.118, host: pr-hdds-2131-w2fms-3313293055, networkLocation: /default-rack, certSerialId: null} reports an CLOSED replica.
2019-10-21 23:05:41,922 [BlockDeletingService#2] WARN  background.BlockDeletingService (BlockDeletingService.java:isDeletionAllowed(187)) - Close Container log Index 6 is not replicated across allthe servers in the pipeline f77f3c44-7213-45ac-81dc-60ca7ec77ff7 as the min replicated index is 4. Deletion is not allowed in this container yet.
2019-10-21 23:05:41,922 [BlockDeletingService#2] WARN  background.BlockDeletingService (BlockDeletingService.java:isDeletionAllowed(187)) - Close Container log Index 6 is not replicated across allthe servers in the pipeline f77f3c44-7213-45ac-81dc-60ca7ec77ff7 as the min replicated index is 4. Deletion is not allowed in this container yet.
2019-10-21 23:05:42,046 [java.util.concurrent.ThreadPoolExecutor$Worker@49aa5385[State = -1, empty queue]] WARN  server.GrpcLogAppender (GrpcLogAppender.java:timeoutAppendRequest(209)) - 2c02d436-c6f2-4204-8248-e3d2779a79c3@group-60CA7EC77FF7->95f8ce0c-61f1-45b1-a4e7-5b97bbfe9a5b-GrpcLogAppender: appendEntries Timeout, request=2c02d436-c6f2-4204-8248-e3d2779a79c3->95f8ce0c-61f1-45b1-a4e7-5b97bbfe9a5b#46-t2, previous=(t:2, i:10), leaderCommit=10, initializing? false, entries: <empty>
2019-10-21 23:05:42,048 [EventQueue-ContainerReportForContainerReportHandler] WARN  container.ContainerReportHandler (AbstractContainerReportHandler.java:updateContainerState(145)) - Container #1 is in OPEN state, but the datanode 2c02d436-c6f2-4204-8248-e3d2779a79c3{ip: 192.168.69.118, host: pr-hdds-2131-w2fms-3313293055, networkLocation: /default-rack, certSerialId: null} reports an CLOSED replica.
2019-10-21 23:05:42,177 [EventQueue-ContainerReportForContainerReportHandler] WARN  container.ContainerReportHandler (AbstractContainerReportHandler.java:updateContainerState(145)) - Container #1 is in OPEN state, but the datanode 8e5ceb90-17c7-416d-ba3b-e9af83490bf4{ip: 192.168.69.118, host: pr-hdds-2131-w2fms-3313293055, networkLocation: /default-rack, certSerialId: null} reports an CLOSED replica.
2019-10-21 23:05:42,348 [EventQueue-ContainerReportForContainerReportHandler] WARN  container.ContainerReportHandler (AbstractContainerReportHandler.java:updateContainerState(145)) - Container #1 is in OPEN state, but the datanode 2c02d436-c6f2-4204-8248-e3d2779a79c3{ip: 192.168.69.118, host: pr-hdds-2131-w2fms-3313293055, networkLocation: /default-rack, certSerialId: null} reports an CLOSED replica.
2019-10-21 23:05:42,377 [EventQueue-ContainerReportForContainerReportHandler] WARN  container.ContainerReportHandler (AbstractContainerReportHandler.java:updateContainerState(145)) - Container #1 is in OPEN state, but the datanode 8e5ceb90-17c7-416d-ba3b-e9af83490bf4{ip: 192.168.69.118, host: pr-hdds-2131-w2fms-3313293055, networkLocation: /default-rack, certSerialId: null} reports an CLOSED replica.
2019-10-21 23:05:42,548 [EventQueue-ContainerReportForContainerReportHandler] WARN  container.ContainerReportHandler (AbstractContainerReportHandler.java:updateContainerState(145)) - Container #1 is in OPEN state, but the datanode 2c02d436-c6f2-4204-8248-e3d2779a79c3{ip: 192.168.69.118, host: pr-hdds-2131-w2fms-3313293055, networkLocation: /default-rack, certSerialId: null} reports an CLOSED replica.
2019-10-21 23:05:42,677 [EventQueue-ContainerReportForContainerReportHandler] WARN  container.ContainerReportHandler (AbstractContainerReportHandler.java:updateContainerState(145)) - Container #1 is in OPEN state, but the datanode 8e5ceb90-17c7-416d-ba3b-e9af83490bf4{ip: 192.168.69.118, host: pr-hdds-2131-w2fms-3313293055, networkLocation: /default-rack, certSerialId: null} reports an CLOSED replica.
2019-10-21 23:05:42,849 [EventQueue-ContainerReportForContainerReportHandler] WARN  container.ContainerReportHandler (AbstractContainerReportHandler.java:updateContainerState(145)) - Container #1 is in OPEN state, but the datanode 2c02d436-c6f2-4204-8248-e3d2779a79c3{ip: 192.168.69.118, host: pr-hdds-2131-w2fms-3313293055, networkLocation: /default-rack, certSerialId: null} reports an CLOSED replica.
2019-10-21 23:05:42,877 [EventQueue-ContainerReportForContainerReportHandler] WARN  container.ContainerReportHandler (AbstractContainerReportHandler.java:updateContainerState(145)) - Container #1 is in OPEN state, but the datanode 8e5ceb90-17c7-416d-ba3b-e9af83490bf4{ip: 192.168.69.118, host: pr-hdds-2131-w2fms-3313293055, networkLocation: /default-rack, certSerialId: null} reports an CLOSED replica.
2019-10-21 23:05:42,923 [BlockDeletingService#2] WARN  background.BlockDeletingService (BlockDeletingService.java:isDeletionAllowed(187)) - Close Container log Index 6 is not replicated across allthe servers in the pipeline f77f3c44-7213-45ac-81dc-60ca7ec77ff7 as the min replicated index is 4. Deletion is not allowed in this container yet.
2019-10-21 23:05:42,923 [BlockDeletingService#2] WARN  background.BlockDeletingService (BlockDeletingService.java:isDeletionAllowed(187)) - Close Container log Index 6 is not replicated across allthe servers in the pipeline f77f3c44-7213-45ac-81dc-60ca7ec77ff7 as the min replicated index is 4. Deletion is not allowed in this container yet.
2019-10-21 23:05:43,178 [EventQueue-ContainerReportForContainerReportHandler] WARN  container.ContainerReportHandler (AbstractContainerReportHandler.java:updateContainerState(145)) - Container #1 is in OPEN state, but the datanode 8e5ceb90-17c7-416d-ba3b-e9af83490bf4{ip: 192.168.69.118, host: pr-hdds-2131-w2fms-3313293055, networkLocation: /default-rack, certSerialId: null} reports an CLOSED replica.
2019-10-21 23:05:43,250 [EventQueue-ContainerReportForContainerReportHandler] WARN  container.ContainerReportHandler (AbstractContainerReportHandler.java:updateContainerState(145)) - Container #1 is in OPEN state, but the datanode 2c02d436-c6f2-4204-8248-e3d2779a79c3{ip: 192.168.69.118, host: pr-hdds-2131-w2fms-3313293055, networkLocation: /default-rack, certSerialId: null} reports an CLOSED replica.
2019-10-21 23:05:43,378 [EventQueue-ContainerReportForContainerReportHandler] WARN  container.ContainerReportHandler (AbstractContainerReportHandler.java:updateContainerState(145)) - Container #1 is in OPEN state, but the datanode 8e5ceb90-17c7-416d-ba3b-e9af83490bf4{ip: 192.168.69.118, host: pr-hdds-2131-w2fms-3313293055, networkLocation: /default-rack, certSerialId: null} reports an CLOSED replica.
2019-10-21 23:05:43,550 [EventQueue-ContainerReportForContainerReportHandler] WARN  container.ContainerReportHandler (AbstractContainerReportHandler.java:updateContainerState(145)) - Container #1 is in OPEN state, but the datanode 2c02d436-c6f2-4204-8248-e3d2779a79c3{ip: 192.168.69.118, host: pr-hdds-2131-w2fms-3313293055, networkLocation: /default-rack, certSerialId: null} reports an CLOSED replica.
2019-10-21 23:05:43,751 [EventQueue-ContainerReportForContainerReportHandler] WARN  container.ContainerReportHandler (AbstractContainerReportHandler.java:updateContainerState(145)) - Container #1 is in OPEN state, but the datanode 2c02d436-c6f2-4204-8248-e3d2779a79c3{ip: 192.168.69.118, host: pr-hdds-2131-w2fms-3313293055, networkLocation: /default-rack, certSerialId: null} reports an CLOSED replica.
2019-10-21 23:05:43,779 [EventQueue-ContainerReportForContainerReportHandler] WARN  container.ContainerReportHandler (AbstractContainerReportHandler.java:updateContainerState(145)) - Container #1 is in OPEN state, but the datanode 8e5ceb90-17c7-416d-ba3b-e9af83490bf4{ip: 192.168.69.118, host: pr-hdds-2131-w2fms-3313293055, networkLocation: /default-rack, certSerialId: null} reports an CLOSED replica.
2019-10-21 23:05:43,926 [BlockDeletingService#2] WARN  background.BlockDeletingService (BlockDeletingService.java:isDeletionAllowed(187)) - Close Container log Index 6 is not replicated across allthe servers in the pipeline f77f3c44-7213-45ac-81dc-60ca7ec77ff7 as the min replicated index is 4. Deletion is not allowed in this container yet.
2019-10-21 23:05:43,926 [BlockDeletingService#2] WARN  background.BlockDeletingService (BlockDeletingService.java:isDeletionAllowed(187)) - Close Container log Index 6 is not replicated across allthe servers in the pipeline f77f3c44-7213-45ac-81dc-60ca7ec77ff7 as the min replicated index is 4. Deletion is not allowed in this container yet.
2019-10-21 23:05:44,052 [EventQueue-ContainerReportForContainerReportHandler] WARN  container.ContainerReportHandler (AbstractContainerReportHandler.java:updateContainerState(145)) - Container #1 is in OPEN state, but the datanode 2c02d436-c6f2-4204-8248-e3d2779a79c3{ip: 192.168.69.118, host: pr-hdds-2131-w2fms-3313293055, networkLocation: /default-rack, certSerialId: null} reports an CLOSED replica.
2019-10-21 23:05:44,080 [EventQueue-ContainerReportForContainerReportHandler] WARN  container.ContainerReportHandler (AbstractContainerReportHandler.java:updateContainerState(145)) - Container #1 is in OPEN state, but the datanode 8e5ceb90-17c7-416d-ba3b-e9af83490bf4{ip: 192.168.69.118, host: pr-hdds-2131-w2fms-3313293055, networkLocation: /default-rack, certSerialId: null} reports an CLOSED replica.
2019-10-21 23:05:44,252 [EventQueue-ContainerReportForContainerReportHandler] WARN  container.ContainerReportHandler (AbstractContainerReportHandler.java:updateContainerState(145)) - Container #1 is in OPEN state, but the datanode 2c02d436-c6f2-4204-8248-e3d2779a79c3{ip: 192.168.69.118, host: pr-hdds-2131-w2fms-3313293055, networkLocation: /default-rack, certSerialId: null} reports an CLOSED replica.
2019-10-21 23:05:44,280 [EventQueue-ContainerReportForContainerReportHandler] WARN  container.ContainerReportHandler (AbstractContainerReportHandler.java:updateContainerState(145)) - Container #1 is in OPEN state, but the datanode 8e5ceb90-17c7-416d-ba3b-e9af83490bf4{ip: 192.168.69.118, host: pr-hdds-2131-w2fms-3313293055, networkLocation: /default-rack, certSerialId: null} reports an CLOSED replica.
2019-10-21 23:05:44,452 [EventQueue-ContainerReportForContainerReportHandler] WARN  container.ContainerReportHandler (AbstractContainerReportHandler.java:updateContainerState(145)) - Container #1 is in OPEN state, but the datanode 2c02d436-c6f2-4204-8248-e3d2779a79c3{ip: 192.168.69.118, host: pr-hdds-2131-w2fms-3313293055, networkLocation: /default-rack, certSerialId: null} reports an CLOSED replica.
2019-10-21 23:05:44,548 [java.util.concurrent.ThreadPoolExecutor$Worker@49aa5385[State = -1, empty queue]] WARN  server.GrpcLogAppender (GrpcLogAppender.java:timeoutAppendRequest(209)) - 2c02d436-c6f2-4204-8248-e3d2779a79c3@group-60CA7EC77FF7->95f8ce0c-61f1-45b1-a4e7-5b97bbfe9a5b-GrpcLogAppender: appendEntries Timeout, request=2c02d436-c6f2-4204-8248-e3d2779a79c3->95f8ce0c-61f1-45b1-a4e7-5b97bbfe9a5b#47-t2, previous=(t:2, i:10), leaderCommit=10, initializing? false, entries: <empty>
2019-10-21 23:05:44,581 [EventQueue-ContainerReportForContainerReportHandler] WARN  container.ContainerReportHandler (AbstractContainerReportHandler.java:updateContainerState(145)) - Container #1 is in OPEN state, but the datanode 8e5ceb90-17c7-416d-ba3b-e9af83490bf4{ip: 192.168.69.118, host: pr-hdds-2131-w2fms-3313293055, networkLocation: /default-rack, certSerialId: null} reports an CLOSED replica.
2019-10-21 23:05:44,653 [EventQueue-ContainerReportForContainerReportHandler] WARN  container.ContainerReportHandler (AbstractContainerReportHandler.java:updateContainerState(145)) - Container #1 is in OPEN state, but the datanode 2c02d436-c6f2-4204-8248-e3d2779a79c3{ip: 192.168.69.118, host: pr-hdds-2131-w2fms-3313293055, networkLocation: /default-rack, certSerialId: null} reports an CLOSED replica.
2019-10-21 23:05:44,780 [EventQueue-ContainerReportForContainerReportHandler] WARN  container.ContainerReportHandler (AbstractContainerReportHandler.java:updateContainerState(145)) - Container #1 is in OPEN state, but the datanode 8e5ceb90-17c7-416d-ba3b-e9af83490bf4{ip: 192.168.69.118, host: pr-hdds-2131-w2fms-3313293055, networkLocation: /default-rack, certSerialId: null} reports an CLOSED replica.
2019-10-21 23:05:44,929 [BlockDeletingService#2] WARN  background.BlockDeletingService (BlockDeletingService.java:isDeletionAllowed(187)) - Close Container log Index 6 is not replicated across allthe servers in the pipeline f77f3c44-7213-45ac-81dc-60ca7ec77ff7 as the min replicated index is 4. Deletion is not allowed in this container yet.
2019-10-21 23:05:44,929 [BlockDeletingService#2] WARN  background.BlockDeletingService (BlockDeletingService.java:isDeletionAllowed(187)) - Close Container log Index 6 is not replicated across allthe servers in the pipeline f77f3c44-7213-45ac-81dc-60ca7ec77ff7 as the min replicated index is 4. Deletion is not allowed in this container yet.
2019-10-21 23:05:45,054 [EventQueue-ContainerReportForContainerReportHandler] WARN  container.ContainerReportHandler (AbstractContainerReportHandler.java:updateContainerState(145)) - Container #1 is in OPEN state, but the datanode 2c02d436-c6f2-4204-8248-e3d2779a79c3{ip: 192.168.69.118, host: pr-hdds-2131-w2fms-3313293055, networkLocation: /default-rack, certSerialId: null} reports an CLOSED replica.
2019-10-21 23:05:45,080 [EventQueue-ContainerReportForContainerReportHandler] WARN  container.ContainerReportHandler (AbstractContainerReportHandler.java:updateContainerState(145)) - Container #1 is in OPEN state, but the datanode 8e5ceb90-17c7-416d-ba3b-e9af83490bf4{ip: 192.168.69.118, host: pr-hdds-2131-w2fms-3313293055, networkLocation: /default-rack, certSerialId: null} reports an CLOSED replica.
2019-10-21 23:05:45,353 [EventQueue-ContainerReportForContainerReportHandler] WARN  container.ContainerReportHandler (AbstractContainerReportHandler.java:updateContainerState(145)) - Container #1 is in OPEN state, but the datanode 2c02d436-c6f2-4204-8248-e3d2779a79c3{ip: 192.168.69.118, host: pr-hdds-2131-w2fms-3313293055, networkLocation: /default-rack, certSerialId: null} reports an CLOSED replica.
2019-10-21 23:05:45,382 [EventQueue-ContainerReportForContainerReportHandler] WARN  container.ContainerReportHandler (AbstractContainerReportHandler.java:updateContainerState(145)) - Container #1 is in OPEN state, but the datanode 8e5ceb90-17c7-416d-ba3b-e9af83490bf4{ip: 192.168.69.118, host: pr-hdds-2131-w2fms-3313293055, networkLocation: /default-rack, certSerialId: null} reports an CLOSED replica.
2019-10-21 23:05:45,582 [EventQueue-ContainerReportForContainerReportHandler] WARN  container.ContainerReportHandler (AbstractContainerReportHandler.java:updateContainerState(145)) - Container #1 is in OPEN state, but the datanode 8e5ceb90-17c7-416d-ba3b-e9af83490bf4{ip: 192.168.69.118, host: pr-hdds-2131-w2fms-3313293055, networkLocation: /default-rack, certSerialId: null} reports an CLOSED replica.
2019-10-21 23:05:45,653 [EventQueue-ContainerReportForContainerReportHandler] WARN  container.ContainerReportHandler (AbstractContainerReportHandler.java:updateContainerState(145)) - Container #1 is in OPEN state, but the datanode 2c02d436-c6f2-4204-8248-e3d2779a79c3{ip: 192.168.69.118, host: pr-hdds-2131-w2fms-3313293055, networkLocation: /default-rack, certSerialId: null} reports an CLOSED replica.
2019-10-21 23:05:45,882 [EventQueue-ContainerReportForContainerReportHandler] WARN  container.ContainerReportHandler (AbstractContainerReportHandler.java:updateContainerState(145)) - Container #1 is in OPEN state, but the datanode 8e5ceb90-17c7-416d-ba3b-e9af83490bf4{ip: 192.168.69.118, host: pr-hdds-2131-w2fms-3313293055, networkLocation: /default-rack, certSerialId: null} reports an CLOSED replica.
2019-10-21 23:05:45,930 [BlockDeletingService#2] WARN  background.BlockDeletingService (BlockDeletingService.java:isDeletionAllowed(187)) - Close Container log Index 6 is not replicated across allthe servers in the pipeline f77f3c44-7213-45ac-81dc-60ca7ec77ff7 as the min replicated index is 4. Deletion is not allowed in this container yet.
2019-10-21 23:05:45,930 [BlockDeletingService#2] WARN  background.BlockDeletingService (BlockDeletingService.java:isDeletionAllowed(187)) - Close Container log Index 6 is not replicated across allthe servers in the pipeline f77f3c44-7213-45ac-81dc-60ca7ec77ff7 as the min replicated index is 4. Deletion is not allowed in this container yet.
2019-10-21 23:05:45,954 [EventQueue-ContainerReportForContainerReportHandler] WARN  container.ContainerReportHandler (AbstractContainerReportHandler.java:updateContainerState(145)) - Container #1 is in OPEN state, but the datanode 2c02d436-c6f2-4204-8248-e3d2779a79c3{ip: 192.168.69.118, host: pr-hdds-2131-w2fms-3313293055, networkLocation: /default-rack, certSerialId: null} reports an CLOSED replica.
2019-10-21 23:05:46,253 [EventQueue-ContainerReportForContainerReportHandler] WARN  container.ContainerReportHandler (AbstractContainerReportHandler.java:updateContainerState(145)) - Container #1 is in OPEN state, but the datanode 2c02d436-c6f2-4204-8248-e3d2779a79c3{ip: 192.168.69.118, host: pr-hdds-2131-w2fms-3313293055, networkLocation: /default-rack, certSerialId: null} reports an CLOSED replica.
2019-10-21 23:05:46,282 [EventQueue-ContainerReportForContainerReportHandler] WARN  container.ContainerReportHandler (AbstractContainerReportHandler.java:updateContainerState(145)) - Container #1 is in OPEN state, but the datanode 8e5ceb90-17c7-416d-ba3b-e9af83490bf4{ip: 192.168.69.118, host: pr-hdds-2131-w2fms-3313293055, networkLocation: /default-rack, certSerialId: null} reports an CLOSED replica.
2019-10-21 23:05:46,454 [EventQueue-ContainerReportForContainerReportHandler] WARN  container.ContainerReportHandler (AbstractContainerReportHandler.java:updateContainerState(145)) - Container #1 is in OPEN state, but the datanode 2c02d436-c6f2-4204-8248-e3d2779a79c3{ip: 192.168.69.118, host: pr-hdds-2131-w2fms-3313293055, networkLocation: /default-rack, certSerialId: null} reports an CLOSED replica.
2019-10-21 23:05:46,653 [EventQueue-ContainerReportForContainerReportHandler] WARN  container.ContainerReportHandler (AbstractContainerReportHandler.java:updateContainerState(145)) - Container #1 is in OPEN state, but the datanode 2c02d436-c6f2-4204-8248-e3d2779a79c3{ip: 192.168.69.118, host: pr-hdds-2131-w2fms-3313293055, networkLocation: /default-rack, certSerialId: null} reports an CLOSED replica.
2019-10-21 23:05:46,682 [EventQueue-ContainerReportForContainerReportHandler] WARN  container.ContainerReportHandler (AbstractContainerReportHandler.java:updateContainerState(145)) - Container #1 is in OPEN state, but the datanode 8e5ceb90-17c7-416d-ba3b-e9af83490bf4{ip: 192.168.69.118, host: pr-hdds-2131-w2fms-3313293055, networkLocation: /default-rack, certSerialId: null} reports an CLOSED replica.
2019-10-21 23:05:46,932 [BlockDeletingService#2] WARN  background.BlockDeletingService (BlockDeletingService.java:isDeletionAllowed(187)) - Close Container log Index 6 is not replicated across allthe servers in the pipeline f77f3c44-7213-45ac-81dc-60ca7ec77ff7 as the min replicated index is 4. Deletion is not allowed in this container yet.
2019-10-21 23:05:46,932 [BlockDeletingService#2] WARN  background.BlockDeletingService (BlockDeletingService.java:isDeletionAllowed(187)) - Close Container log Index 6 is not replicated across allthe servers in the pipeline f77f3c44-7213-45ac-81dc-60ca7ec77ff7 as the min replicated index is 4. Deletion is not allowed in this container yet.
2019-10-21 23:05:46,982 [EventQueue-ContainerReportForContainerReportHandler] WARN  container.ContainerReportHandler (AbstractContainerReportHandler.java:updateContainerState(145)) - Container #1 is in OPEN state, but the datanode 8e5ceb90-17c7-416d-ba3b-e9af83490bf4{ip: 192.168.69.118, host: pr-hdds-2131-w2fms-3313293055, networkLocation: /default-rack, certSerialId: null} reports an CLOSED replica.
2019-10-21 23:05:47,049 [java.util.concurrent.ThreadPoolExecutor$Worker@49aa5385[State = -1, empty queue]] WARN  server.GrpcLogAppender (GrpcLogAppender.java:timeoutAppendRequest(209)) - 2c02d436-c6f2-4204-8248-e3d2779a79c3@group-60CA7EC77FF7->95f8ce0c-61f1-45b1-a4e7-5b97bbfe9a5b-GrpcLogAppender: appendEntries Timeout, request=2c02d436-c6f2-4204-8248-e3d2779a79c3->95f8ce0c-61f1-45b1-a4e7-5b97bbfe9a5b#48-t2, previous=(t:2, i:10), leaderCommit=10, initializing? false, entries: <empty>
2019-10-21 23:05:47,053 [EventQueue-ContainerReportForContainerReportHandler] WARN  container.ContainerReportHandler (AbstractContainerReportHandler.java:updateContainerState(145)) - Container #1 is in OPEN state, but the datanode 2c02d436-c6f2-4204-8248-e3d2779a79c3{ip: 192.168.69.118, host: pr-hdds-2131-w2fms-3313293055, networkLocation: /default-rack, certSerialId: null} reports an CLOSED replica.
2019-10-21 23:05:47,255 [EventQueue-ContainerReportForContainerReportHandler] WARN  container.ContainerReportHandler (AbstractContainerReportHandler.java:updateContainerState(145)) - Container #1 is in OPEN state, but the datanode 2c02d436-c6f2-4204-8248-e3d2779a79c3{ip: 192.168.69.118, host: pr-hdds-2131-w2fms-3313293055, networkLocation: /default-rack, certSerialId: null} reports an CLOSED replica.
2019-10-21 23:05:47,282 [EventQueue-ContainerReportForContainerReportHandler] WARN  container.ContainerReportHandler (AbstractContainerReportHandler.java:updateContainerState(145)) - Container #1 is in OPEN state, but the datanode 8e5ceb90-17c7-416d-ba3b-e9af83490bf4{ip: 192.168.69.118, host: pr-hdds-2131-w2fms-3313293055, networkLocation: /default-rack, certSerialId: null} reports an CLOSED replica.
2019-10-21 23:05:47,482 [EventQueue-ContainerReportForContainerReportHandler] WARN  container.ContainerReportHandler (AbstractContainerReportHandler.java:updateContainerState(145)) - Container #1 is in OPEN state, but the datanode 8e5ceb90-17c7-416d-ba3b-e9af83490bf4{ip: 192.168.69.118, host: pr-hdds-2131-w2fms-3313293055, networkLocation: /default-rack, certSerialId: null} reports an CLOSED replica.
2019-10-21 23:05:47,553 [EventQueue-ContainerReportForContainerReportHandler] WARN  container.ContainerReportHandler (AbstractContainerReportHandler.java:updateContainerState(145)) - Container #1 is in OPEN state, but the datanode 2c02d436-c6f2-4204-8248-e3d2779a79c3{ip: 192.168.69.118, host: pr-hdds-2131-w2fms-3313293055, networkLocation: /default-rack, certSerialId: null} reports an CLOSED replica.
2019-10-21 23:05:47,757 [EventQueue-ContainerReportForContainerReportHandler] WARN  container.ContainerReportHandler (AbstractContainerReportHandler.java:updateContainerState(145)) - Container #1 is in OPEN state, but the datanode 2c02d436-c6f2-4204-8248-e3d2779a79c3{ip: 192.168.69.118, host: pr-hdds-2131-w2fms-3313293055, networkLocation: /default-rack, certSerialId: null} reports an CLOSED replica.
2019-10-21 23:05:47,883 [EventQueue-ContainerReportForContainerReportHandler] WARN  container.ContainerReportHandler (AbstractContainerReportHandler.java:updateContainerState(145)) - Container #1 is in OPEN state, but the datanode 8e5ceb90-17c7-416d-ba3b-e9af83490bf4{ip: 192.168.69.118, host: pr-hdds-2131-w2fms-3313293055, networkLocation: /default-rack, certSerialId: null} reports an CLOSED replica.
2019-10-21 23:05:47,935 [BlockDeletingService#2] WARN  background.BlockDeletingService (BlockDeletingService.java:isDeletionAllowed(187)) - Close Container log Index 6 is not replicated across allthe servers in the pipeline f77f3c44-7213-45ac-81dc-60ca7ec77ff7 as the min replicated index is 4. Deletion is not allowed in this container yet.
2019-10-21 23:05:47,935 [BlockDeletingService#2] WARN  background.BlockDeletingService (BlockDeletingService.java:isDeletionAllowed(187)) - Close Container log Index 6 is not replicated across allthe servers in the pipeline f77f3c44-7213-45ac-81dc-60ca7ec77ff7 as the min replicated index is 4. Deletion is not allowed in this container yet.
2019-10-21 23:05:48,053 [EventQueue-ContainerReportForContainerReportHandler] WARN  container.ContainerReportHandler (AbstractContainerReportHandler.java:updateContainerState(145)) - Container #1 is in OPEN state, but the datanode 2c02d436-c6f2-4204-8248-e3d2779a79c3{ip: 192.168.69.118, host: pr-hdds-2131-w2fms-3313293055, networkLocation: /default-rack, certSerialId: null} reports an CLOSED replica.
2019-10-21 23:05:48,284 [EventQueue-ContainerReportForContainerReportHandler] WARN  container.ContainerReportHandler (AbstractContainerReportHandler.java:updateContainerState(145)) - Container #1 is in OPEN state, but the datanode 8e5ceb90-17c7-416d-ba3b-e9af83490bf4{ip: 192.168.69.118, host: pr-hdds-2131-w2fms-3313293055, networkLocation: /default-rack, certSerialId: null} reports an CLOSED replica.
2019-10-21 23:05:48,454 [EventQueue-ContainerReportForContainerReportHandler] WARN  container.ContainerReportHandler (AbstractContainerReportHandler.java:updateContainerState(145)) - Container #1 is in OPEN state, but the datanode 2c02d436-c6f2-4204-8248-e3d2779a79c3{ip: 192.168.69.118, host: pr-hdds-2131-w2fms-3313293055, networkLocation: /default-rack, certSerialId: null} reports an CLOSED replica.
2019-10-21 23:05:48,655 [EventQueue-ContainerReportForContainerReportHandler] WARN  container.ContainerReportHandler (AbstractContainerReportHandler.java:updateContainerState(145)) - Container #1 is in OPEN state, but the datanode 2c02d436-c6f2-4204-8248-e3d2779a79c3{ip: 192.168.69.118, host: pr-hdds-2131-w2fms-3313293055, networkLocation: /default-rack, certSerialId: null} reports an CLOSED replica.
2019-10-21 23:05:48,685 [EventQueue-ContainerReportForContainerReportHandler] WARN  container.ContainerReportHandler (AbstractContainerReportHandler.java:updateContainerState(145)) - Container #1 is in OPEN state, but the datanode 8e5ceb90-17c7-416d-ba3b-e9af83490bf4{ip: 192.168.69.118, host: pr-hdds-2131-w2fms-3313293055, networkLocation: /default-rack, certSerialId: null} reports an CLOSED replica.
2019-10-21 23:05:48,855 [EventQueue-ContainerReportForContainerReportHandler] WARN  container.ContainerReportHandler (AbstractContainerReportHandler.java:updateContainerState(145)) - Container #1 is in OPEN state, but the datanode 2c02d436-c6f2-4204-8248-e3d2779a79c3{ip: 192.168.69.118, host: pr-hdds-2131-w2fms-3313293055, networkLocation: /default-rack, certSerialId: null} reports an CLOSED replica.
2019-10-21 23:05:48,886 [EventQueue-ContainerReportForContainerReportHandler] WARN  container.ContainerReportHandler (AbstractContainerReportHandler.java:updateContainerState(145)) - Container #1 is in OPEN state, but the datanode 8e5ceb90-17c7-416d-ba3b-e9af83490bf4{ip: 192.168.69.118, host: pr-hdds-2131-w2fms-3313293055, networkLocation: /default-rack, certSerialId: null} reports an CLOSED replica.
2019-10-21 23:05:48,936 [BlockDeletingService#2] WARN  background.BlockDeletingService (BlockDeletingService.java:isDeletionAllowed(187)) - Close Container log Index 6 is not replicated across allthe servers in the pipeline f77f3c44-7213-45ac-81dc-60ca7ec77ff7 as the min replicated index is 4. Deletion is not allowed in this container yet.
2019-10-21 23:05:48,936 [BlockDeletingService#2] WARN  background.BlockDeletingService (BlockDeletingService.java:isDeletionAllowed(187)) - Close Container log Index 6 is not replicated across allthe servers in the pipeline f77f3c44-7213-45ac-81dc-60ca7ec77ff7 as the min replicated index is 4. Deletion is not allowed in this container yet.
2019-10-21 23:05:49,155 [EventQueue-ContainerReportForContainerReportHandler] WARN  container.ContainerReportHandler (AbstractContainerReportHandler.java:updateContainerState(145)) - Container #1 is in OPEN state, but the datanode 2c02d436-c6f2-4204-8248-e3d2779a79c3{ip: 192.168.69.118, host: pr-hdds-2131-w2fms-3313293055, networkLocation: /default-rack, certSerialId: null} reports an CLOSED replica.
2019-10-21 23:05:49,286 [EventQueue-ContainerReportForContainerReportHandler] WARN  container.ContainerReportHandler (AbstractContainerReportHandler.java:updateContainerState(145)) - Container #1 is in OPEN state, but the datanode 8e5ceb90-17c7-416d-ba3b-e9af83490bf4{ip: 192.168.69.118, host: pr-hdds-2131-w2fms-3313293055, networkLocation: /default-rack, certSerialId: null} reports an CLOSED replica.
2019-10-21 23:05:49,487 [EventQueue-ContainerReportForContainerReportHandler] WARN  container.ContainerReportHandler (AbstractContainerReportHandler.java:updateContainerState(145)) - Container #1 is in OPEN state, but the datanode 8e5ceb90-17c7-416d-ba3b-e9af83490bf4{ip: 192.168.69.118, host: pr-hdds-2131-w2fms-3313293055, networkLocation: /default-rack, certSerialId: null} reports an CLOSED replica.
2019-10-21 23:05:49,551 [java.util.concurrent.ThreadPoolExecutor$Worker@49aa5385[State = -1, empty queue]] WARN  server.GrpcLogAppender (GrpcLogAppender.java:timeoutAppendRequest(209)) - 2c02d436-c6f2-4204-8248-e3d2779a79c3@group-60CA7EC77FF7->95f8ce0c-61f1-45b1-a4e7-5b97bbfe9a5b-GrpcLogAppender: appendEntries Timeout, request=2c02d436-c6f2-4204-8248-e3d2779a79c3->95f8ce0c-61f1-45b1-a4e7-5b97bbfe9a5b#49-t2, previous=(t:2, i:10), leaderCommit=10, initializing? false, entries: <empty>
2019-10-21 23:05:49,555 [EventQueue-ContainerReportForContainerReportHandler] WARN  container.ContainerReportHandler (AbstractContainerReportHandler.java:updateContainerState(145)) - Container #1 is in OPEN state, but the datanode 2c02d436-c6f2-4204-8248-e3d2779a79c3{ip: 192.168.69.118, host: pr-hdds-2131-w2fms-3313293055, networkLocation: /default-rack, certSerialId: null} reports an CLOSED replica.
2019-10-21 23:05:49,788 [EventQueue-ContainerReportForContainerReportHandler] WARN  container.ContainerReportHandler (AbstractContainerReportHandler.java:updateContainerState(145)) - Container #1 is in OPEN state, but the datanode 8e5ceb90-17c7-416d-ba3b-e9af83490bf4{ip: 192.168.69.118, host: pr-hdds-2131-w2fms-3313293055, networkLocation: /default-rack, certSerialId: null} reports an CLOSED replica.
2019-10-21 23:05:49,856 [EventQueue-ContainerReportForContainerReportHandler] WARN  container.ContainerReportHandler (AbstractContainerReportHandler.java:updateContainerState(145)) - Container #1 is in OPEN state, but the datanode 2c02d436-c6f2-4204-8248-e3d2779a79c3{ip: 192.168.69.118, host: pr-hdds-2131-w2fms-3313293055, networkLocation: /default-rack, certSerialId: null} reports an CLOSED replica.
2019-10-21 23:05:49,884 [Thread-513] INFO  client.GrpcClientProtocolService (GrpcClientProtocolService.java:lambda$processClientRequest$0(278)) - Failed RaftClientRequest:client-0013CC304CD3->2c02d436-c6f2-4204-8248-e3d2779a79c3@group-60CA7EC77FF7, cid=10, seq=0, Watch-ALL_COMMITTED(6), Message:<EMPTY>, reply=RaftClientReply:client-0013CC304CD3->2c02d436-c6f2-4204-8248-e3d2779a79c3@group-60CA7EC77FF7, cid=10, FAILED org.apache.ratis.protocol.NotReplicatedException: Request with call Id 10 and log index 6 is not yet replicated to ALL_COMMITTED, logIndex=6, commits[2c02d436-c6f2-4204-8248-e3d2779a79c3:c10, 8e5ceb90-17c7-416d-ba3b-e9af83490bf4:c10, 95f8ce0c-61f1-45b1-a4e7-5b97bbfe9a5b:c4]
2019-10-21 23:05:49,940 [BlockDeletingService#2] WARN  background.BlockDeletingService (BlockDeletingService.java:isDeletionAllowed(187)) - Close Container log Index 6 is not replicated across allthe servers in the pipeline f77f3c44-7213-45ac-81dc-60ca7ec77ff7 as the min replicated index is 4. Deletion is not allowed in this container yet.
2019-10-21 23:05:49,940 [BlockDeletingService#2] WARN  background.BlockDeletingService (BlockDeletingService.java:isDeletionAllowed(187)) - Close Container log Index 6 is not replicated across allthe servers in the pipeline f77f3c44-7213-45ac-81dc-60ca7ec77ff7 as the min replicated index is 4. Deletion is not allowed in this container yet.
2019-10-21 23:05:49,989 [EventQueue-ContainerReportForContainerReportHandler] WARN  container.ContainerReportHandler (AbstractContainerReportHandler.java:updateContainerState(145)) - Container #1 is in OPEN state, but the datanode 8e5ceb90-17c7-416d-ba3b-e9af83490bf4{ip: 192.168.69.118, host: pr-hdds-2131-w2fms-3313293055, networkLocation: /default-rack, certSerialId: null} reports an CLOSED replica.
2019-10-21 23:05:50,258 [EventQueue-ContainerReportForContainerReportHandler] WARN  container.ContainerReportHandler (AbstractContainerReportHandler.java:updateContainerState(145)) - Container #1 is in OPEN state, but the datanode 2c02d436-c6f2-4204-8248-e3d2779a79c3{ip: 192.168.69.118, host: pr-hdds-2131-w2fms-3313293055, networkLocation: /default-rack, certSerialId: null} reports an CLOSED replica.
2019-10-21 23:05:50,290 [EventQueue-ContainerReportForContainerReportHandler] WARN  container.ContainerReportHandler (AbstractContainerReportHandler.java:updateContainerState(145)) - Container #1 is in OPEN state, but the datanode 8e5ceb90-17c7-416d-ba3b-e9af83490bf4{ip: 192.168.69.118, host: pr-hdds-2131-w2fms-3313293055, networkLocation: /default-rack, certSerialId: null} reports an CLOSED replica.
2019-10-21 23:05:50,459 [EventQueue-ContainerReportForContainerReportHandler] WARN  container.ContainerReportHandler (AbstractContainerReportHandler.java:updateContainerState(145)) - Container #1 is in OPEN state, but the datanode 2c02d436-c6f2-4204-8248-e3d2779a79c3{ip: 192.168.69.118, host: pr-hdds-2131-w2fms-3313293055, networkLocation: /default-rack, certSerialId: null} reports an CLOSED replica.
2019-10-21 23:05:50,591 [EventQueue-ContainerReportForContainerReportHandler] WARN  container.ContainerReportHandler (AbstractContainerReportHandler.java:updateContainerState(145)) - Container #1 is in OPEN state, but the datanode 8e5ceb90-17c7-416d-ba3b-e9af83490bf4{ip: 192.168.69.118, host: pr-hdds-2131-w2fms-3313293055, networkLocation: /default-rack, certSerialId: null} reports an CLOSED replica.
2019-10-21 23:05:50,759 [EventQueue-ContainerReportForContainerReportHandler] WARN  container.ContainerReportHandler (AbstractContainerReportHandler.java:updateContainerState(145)) - Container #1 is in OPEN state, but the datanode 2c02d436-c6f2-4204-8248-e3d2779a79c3{ip: 192.168.69.118, host: pr-hdds-2131-w2fms-3313293055, networkLocation: /default-rack, certSerialId: null} reports an CLOSED replica.
2019-10-21 23:05:50,790 [EventQueue-ContainerReportForContainerReportHandler] WARN  container.ContainerReportHandler (AbstractContainerReportHandler.java:updateContainerState(145)) - Container #1 is in OPEN state, but the datanode 8e5ceb90-17c7-416d-ba3b-e9af83490bf4{ip: 192.168.69.118, host: pr-hdds-2131-w2fms-3313293055, networkLocation: /default-rack, certSerialId: null} reports an CLOSED replica.
2019-10-21 23:05:50,941 [BlockDeletingService#2] WARN  background.BlockDeletingService (BlockDeletingService.java:isDeletionAllowed(187)) - Close Container log Index 6 is not replicated across allthe servers in the pipeline f77f3c44-7213-45ac-81dc-60ca7ec77ff7 as the min replicated index is 4. Deletion is not allowed in this container yet.
2019-10-21 23:05:50,944 [BlockDeletingService#2] WARN  background.BlockDeletingService (BlockDeletingService.java:isDeletionAllowed(187)) - Close Container log Index 6 is not replicated across allthe servers in the pipeline f77f3c44-7213-45ac-81dc-60ca7ec77ff7 as the min replicated index is 4. Deletion is not allowed in this container yet.
2019-10-21 23:05:50,991 [EventQueue-ContainerReportForContainerReportHandler] WARN  container.ContainerReportHandler (AbstractContainerReportHandler.java:updateContainerState(145)) - Container #1 is in OPEN state, but the datanode 8e5ceb90-17c7-416d-ba3b-e9af83490bf4{ip: 192.168.69.118, host: pr-hdds-2131-w2fms-3313293055, networkLocation: /default-rack, certSerialId: null} reports an CLOSED replica.
2019-10-21 23:05:51,159 [EventQueue-ContainerReportForContainerReportHandler] WARN  container.ContainerReportHandler (AbstractContainerReportHandler.java:updateContainerState(145)) - Container #1 is in OPEN state, but the datanode 2c02d436-c6f2-4204-8248-e3d2779a79c3{ip: 192.168.69.118, host: pr-hdds-2131-w2fms-3313293055, networkLocation: /default-rack, certSerialId: null} reports an CLOSED replica.
2019-10-21 23:05:51,225 [EventQueue-StaleNodeForStaleNodeHandler] INFO  node.StaleNodeHandler (StaleNodeHandler.java:onMessage(58)) - Datanode 95f8ce0c-61f1-45b1-a4e7-5b97bbfe9a5b{ip: 192.168.69.118, host: pr-hdds-2131-w2fms-3313293055, networkLocation: /default-rack, certSerialId: null} moved to stale state. Finalizing its pipelines [PipelineID=f77f3c44-7213-45ac-81dc-60ca7ec77ff7, PipelineID=3cb421da-c0c7-4180-a4d6-df889dfd8cff]
2019-10-21 23:05:51,225 [EventQueue-StaleNodeForStaleNodeHandler] INFO  pipeline.SCMPipelineManager (SCMPipelineManager.java:finalizeAndDestroyPipeline(315)) - destroying pipeline:Pipeline[ Id: f77f3c44-7213-45ac-81dc-60ca7ec77ff7, Nodes: 2c02d436-c6f2-4204-8248-e3d2779a79c3{ip: 192.168.69.118, host: pr-hdds-2131-w2fms-3313293055, networkLocation: /default-rack, certSerialId: null}95f8ce0c-61f1-45b1-a4e7-5b97bbfe9a5b{ip: 192.168.69.118, host: pr-hdds-2131-w2fms-3313293055, networkLocation: /default-rack, certSerialId: null}8e5ceb90-17c7-416d-ba3b-e9af83490bf4{ip: 192.168.69.118, host: pr-hdds-2131-w2fms-3313293055, networkLocation: /default-rack, certSerialId: null}, Type:RATIS, Factor:THREE, State:OPEN]
2019-10-21 23:05:51,228 [EventQueue-StaleNodeForStaleNodeHandler] INFO  pipeline.PipelineStateManager (PipelineStateManager.java:finalizePipeline(123)) - Pipeline Pipeline[ Id: f77f3c44-7213-45ac-81dc-60ca7ec77ff7, Nodes: 2c02d436-c6f2-4204-8248-e3d2779a79c3{ip: 192.168.69.118, host: pr-hdds-2131-w2fms-3313293055, networkLocation: /default-rack, certSerialId: null}95f8ce0c-61f1-45b1-a4e7-5b97bbfe9a5b{ip: 192.168.69.118, host: pr-hdds-2131-w2fms-3313293055, networkLocation: /default-rack, certSerialId: null}8e5ceb90-17c7-416d-ba3b-e9af83490bf4{ip: 192.168.69.118, host: pr-hdds-2131-w2fms-3313293055, networkLocation: /default-rack, certSerialId: null}, Type:RATIS, Factor:THREE, State:CLOSED] moved to CLOSED state
2019-10-21 23:05:51,228 [EventQueue-CloseContainerForCloseContainerEventHandler] INFO  container.CloseContainerEventHandler (CloseContainerEventHandler.java:onMessage(61)) - Close container Event triggered for container : #1
2019-10-21 23:05:51,232 [EventQueue-StaleNodeForStaleNodeHandler] INFO  pipeline.SCMPipelineManager (SCMPipelineManager.java:finalizeAndDestroyPipeline(315)) - destroying pipeline:Pipeline[ Id: 3cb421da-c0c7-4180-a4d6-df889dfd8cff, Nodes: 95f8ce0c-61f1-45b1-a4e7-5b97bbfe9a5b{ip: 192.168.69.118, host: pr-hdds-2131-w2fms-3313293055, networkLocation: /default-rack, certSerialId: null}, Type:RATIS, Factor:ONE, State:OPEN]
2019-10-21 23:05:51,233 [EventQueue-StaleNodeForStaleNodeHandler] INFO  pipeline.PipelineStateManager (PipelineStateManager.java:finalizePipeline(123)) - Pipeline Pipeline[ Id: 3cb421da-c0c7-4180-a4d6-df889dfd8cff, Nodes: 95f8ce0c-61f1-45b1-a4e7-5b97bbfe9a5b{ip: 192.168.69.118, host: pr-hdds-2131-w2fms-3313293055, networkLocation: /default-rack, certSerialId: null}, Type:RATIS, Factor:ONE, State:CLOSED] moved to CLOSED state
2019-10-21 23:05:51,291 [EventQueue-ContainerReportForContainerReportHandler] INFO  container.ContainerReportHandler (AbstractContainerReportHandler.java:updateContainerState(178)) - Moving container #1 to CLOSED state, datanode 8e5ceb90-17c7-416d-ba3b-e9af83490bf4{ip: 192.168.69.118, host: pr-hdds-2131-w2fms-3313293055, networkLocation: /default-rack, certSerialId: null} reported CLOSED replica.
2019-10-21 23:05:51,553 [SCMBlockDeletingService#0] INFO  block.SCMBlockDeletingService (SCMBlockDeletingService.java:call(184)) - Totally added 3 delete blocks command for 3 datanodes, task elapsed time: 7ms
2019-10-21 23:05:51,592 [EventQueue-PendingDeleteStatusForPendingDeleteHandler] INFO  block.SCMBlockDeletingService (SCMBlockDeletingService.java:handlePendingDeletes(115)) - Block deletion txnID mismatch in datanode 8e5ceb90-17c7-416d-ba3b-e9af83490bf4 for containerID 1. Datanode delete txnID: 0, SCM txnID: 1
2019-10-21 23:05:51,759 [EventQueue-PendingDeleteStatusForPendingDeleteHandler] INFO  block.SCMBlockDeletingService (SCMBlockDeletingService.java:handlePendingDeletes(115)) - Block deletion txnID mismatch in datanode 2c02d436-c6f2-4204-8248-e3d2779a79c3 for containerID 1. Datanode delete txnID: 0, SCM txnID: 1
2019-10-21 23:05:51,861 [Command processor thread] INFO  commandhandler.DeleteBlocksCommandHandler (DeleteBlocksCommandHandler.java:handle(106)) - Start to delete container blocks, TXIDs=[1(0)], numOfContainers=1, numOfBlocks=1
2019-10-21 23:05:51,943 [BlockDeletingService#2] WARN  background.BlockDeletingService (BlockDeletingService.java:isDeletionAllowed(187)) - Close Container log Index 6 is not replicated across allthe servers in the pipeline f77f3c44-7213-45ac-81dc-60ca7ec77ff7 as the min replicated index is 4. Deletion is not allowed in this container yet.
2019-10-21 23:05:51,945 [BlockDeletingService#2] WARN  background.BlockDeletingService (BlockDeletingService.java:isDeletionAllowed(187)) - Close Container log Index 6 is not replicated across allthe servers in the pipeline f77f3c44-7213-45ac-81dc-60ca7ec77ff7 as the min replicated index is 4. Deletion is not allowed in this container yet.
2019-10-21 23:05:51,990 [Command processor thread] INFO  commandhandler.DeleteBlocksCommandHandler (DeleteBlocksCommandHandler.java:handle(106)) - Start to delete container blocks, TXIDs=[1(0)], numOfContainers=1, numOfBlocks=1
2019-10-21 23:05:51,994 [EventQueue-PendingDeleteStatusForPendingDeleteHandler] INFO  block.SCMBlockDeletingService (SCMBlockDeletingService.java:handlePendingDeletes(115)) - Block deletion txnID mismatch in datanode 8e5ceb90-17c7-416d-ba3b-e9af83490bf4 for containerID 1. Datanode delete txnID: 0, SCM txnID: 1
2019-10-21 23:05:52,051 [java.util.concurrent.ThreadPoolExecutor$Worker@49aa5385[State = -1, empty queue]] WARN  server.GrpcLogAppender (GrpcLogAppender.java:timeoutAppendRequest(209)) - 2c02d436-c6f2-4204-8248-e3d2779a79c3@group-60CA7EC77FF7->95f8ce0c-61f1-45b1-a4e7-5b97bbfe9a5b-GrpcLogAppender: appendEntries Timeout, request=2c02d436-c6f2-4204-8248-e3d2779a79c3->95f8ce0c-61f1-45b1-a4e7-5b97bbfe9a5b#50-t2, previous=(t:2, i:10), leaderCommit=10, initializing? false, entries: <empty>
2019-10-21 23:05:52,110 [main] INFO  impl.MetricsSystemImpl (MetricsSystemImpl.java:init(158)) - HddsDatanode metrics system started (again)
2019-10-21 23:05:52,145 [main] INFO  ozone.HddsDatanodeService (HddsDatanodeService.java:start(184)) - HddsDatanodeService host:pr-hdds-2131-w2fms-3313293055 ip:192.168.69.118
2019-10-21 23:05:52,149 [main] INFO  volume.VolumeUsage (VolumeUsage.java:loadScmUsed(144)) - Cached ScmUsed found for /workdir/hadoop-ozone/integration-test/target/test-dir/MiniOzoneClusterImpl-a7a400a2-5f0e-446d-a613-255cd6ec9d67/datanode-2/data/containers : 4096 
2019-10-21 23:05:52,149 [main] INFO  volume.HddsVolume (HddsVolume.java:<init>(176)) - Creating Volume: /workdir/hadoop-ozone/integration-test/target/test-dir/MiniOzoneClusterImpl-a7a400a2-5f0e-446d-a613-255cd6ec9d67/datanode-2/data/containers/hdds of  storage type : DISK and capacity : 1482555576320
2019-10-21 23:05:52,150 [main] INFO  volume.VolumeSet (VolumeSet.java:initializeVolumeSet(170)) - Added Volume : /workdir/hadoop-ozone/integration-test/target/test-dir/MiniOzoneClusterImpl-a7a400a2-5f0e-446d-a613-255cd6ec9d67/datanode-2/data/containers/hdds to VolumeSet
2019-10-21 23:05:52,150 [main] INFO  volume.ThrottledAsyncChecker (ThrottledAsyncChecker.java:schedule(141)) - Scheduling a check for /workdir/hadoop-ozone/integration-test/target/test-dir/MiniOzoneClusterImpl-a7a400a2-5f0e-446d-a613-255cd6ec9d67/datanode-2/data/containers/hdds
2019-10-21 23:05:52,151 [main] INFO  volume.HddsVolumeChecker (HddsVolumeChecker.java:checkAllVolumes(204)) - Scheduled health check for volume /workdir/hadoop-ozone/integration-test/target/test-dir/MiniOzoneClusterImpl-a7a400a2-5f0e-446d-a613-255cd6ec9d67/datanode-2/data/containers/hdds
2019-10-21 23:05:52,189 [main] INFO  impl.RaftServerProxy (ConfUtils.java:logGet(43)) - raft.rpc.type = GRPC (default)
2019-10-21 23:05:52,190 [main] INFO  grpc.GrpcFactory (GrpcFactory.java:checkPooledByteBufAllocatorUseCacheForAllThreads(45)) - PERFORMANCE WARNING: useCacheForAllThreads is true that may cause Netty to create a lot garbage objects and, as a result, trigger GC.
	It is recommended to disable useCacheForAllThreads by setting -Dorg.apache.ratis.thirdparty.io.netty.allocator.useCacheForAllThreads=false in command line.
2019-10-21 23:05:52,190 [main] INFO  grpc.GrpcConfigKeys$Server (ConfUtils.java:logGet(43)) - raft.grpc.server.port = 45158 (custom)
2019-10-21 23:05:52,190 [main] INFO  server.GrpcService (ConfUtils.java:logGet(43)) - raft.grpc.message.size.max = 33570816 (custom)
2019-10-21 23:05:52,190 [main] INFO  server.RaftServerConfigKeys (ConfUtils.java:logGet(43)) - raft.server.log.appender.buffer.byte-limit = 33554432 (custom)
2019-10-21 23:05:52,190 [main] INFO  server.GrpcService (ConfUtils.java:logGet(43)) - raft.grpc.flow.control.window = 1MB (=1048576) (default)
2019-10-21 23:05:52,191 [main] INFO  server.RaftServerConfigKeys (ConfUtils.java:logGet(43)) - raft.server.rpc.request.timeout = 3000ms (default)
2019-10-21 23:05:52,191 [main] INFO  server.RaftServerConfigKeys (ConfUtils.java:logGet(43)) - raft.server.storage.dir = [/workdir/hadoop-ozone/integration-test/target/test-dir/MiniOzoneClusterImpl-a7a400a2-5f0e-446d-a613-255cd6ec9d67/datanode-2/data/ratis] (custom)
2019-10-21 23:05:52,191 [main] INFO  impl.RaftServerProxy (RaftServerProxy.java:lambda$null$0(191)) - 95f8ce0c-61f1-45b1-a4e7-5b97bbfe9a5b: found a subdirectory /workdir/hadoop-ozone/integration-test/target/test-dir/MiniOzoneClusterImpl-a7a400a2-5f0e-446d-a613-255cd6ec9d67/datanode-2/data/ratis/f77f3c44-7213-45ac-81dc-60ca7ec77ff7
2019-10-21 23:05:52,192 [main] INFO  impl.RaftServerProxy (RaftServerProxy.java:addNew(89)) - 95f8ce0c-61f1-45b1-a4e7-5b97bbfe9a5b: addNew group-60CA7EC77FF7:[] returns group-60CA7EC77FF7:java.util.concurrent.CompletableFuture@6abdec0e[Not completed]
2019-10-21 23:05:52,193 [main] INFO  impl.RaftServerProxy (RaftServerProxy.java:lambda$null$0(191)) - 95f8ce0c-61f1-45b1-a4e7-5b97bbfe9a5b: found a subdirectory /workdir/hadoop-ozone/integration-test/target/test-dir/MiniOzoneClusterImpl-a7a400a2-5f0e-446d-a613-255cd6ec9d67/datanode-2/data/ratis/3cb421da-c0c7-4180-a4d6-df889dfd8cff
2019-10-21 23:05:52,193 [main] INFO  impl.RaftServerProxy (RaftServerProxy.java:addNew(89)) - 95f8ce0c-61f1-45b1-a4e7-5b97bbfe9a5b: addNew group-DF889DFD8CFF:[] returns group-DF889DFD8CFF:java.util.concurrent.CompletableFuture@28f4f300[Not completed]
2019-10-21 23:05:52,196 [main] INFO  hdfs.DFSUtil (DFSUtil.java:httpServerTemplateForNNAndJN(1641)) - Starting Web-server for hddsDatanode at: http://0.0.0.0:45674
2019-10-21 23:05:52,196 [pool-59-thread-1] INFO  impl.RaftServerImpl (RaftServerImpl.java:<init>(104)) - 95f8ce0c-61f1-45b1-a4e7-5b97bbfe9a5b: new RaftServerImpl for group-60CA7EC77FF7:[] with ContainerStateMachine:uninitialized
2019-10-21 23:05:52,198 [pool-59-thread-1] INFO  server.RaftServerConfigKeys (ConfUtils.java:logGet(43)) - raft.server.rpc.timeout.min = 5s (custom)
2019-10-21 23:05:52,198 [pool-59-thread-1] INFO  server.RaftServerConfigKeys (ConfUtils.java:logGet(43)) - raft.server.rpc.timeout.max = 5200ms (custom)
2019-10-21 23:05:52,198 [pool-59-thread-1] INFO  server.RaftServerConfigKeys (ConfUtils.java:logGet(43)) - raft.server.rpcslowness.timeout = 1000s (custom)
2019-10-21 23:05:52,199 [pool-59-thread-1] INFO  server.RaftServerConfigKeys (ConfUtils.java:logGet(43)) - raft.server.sleep.deviation.threshold = 300 (default)
2019-10-21 23:05:52,199 [pool-59-thread-1] INFO  server.RaftServerConfigKeys (ConfUtils.java:logGet(43)) - raft.server.log.appender.install.snapshot.enabled = false (custom)
2019-10-21 23:05:52,199 [pool-59-thread-1] INFO  impl.RaftServerImpl (ServerState.java:<init>(103)) - 95f8ce0c-61f1-45b1-a4e7-5b97bbfe9a5b@group-60CA7EC77FF7: ConfigurationManager, init=-1: [], old=null, confs=<EMPTY_MAP>
2019-10-21 23:05:52,199 [pool-59-thread-1] INFO  server.RaftServerConfigKeys (ConfUtils.java:logGet(43)) - raft.server.storage.dir = [/workdir/hadoop-ozone/integration-test/target/test-dir/MiniOzoneClusterImpl-a7a400a2-5f0e-446d-a613-255cd6ec9d67/datanode-2/data/ratis] (custom)
2019-10-21 23:05:52,199 [pool-59-thread-1] INFO  server.RaftServerConfigKeys (ConfUtils.java:logGet(43)) - raft.server.log.corruption.policy = EXCEPTION (default)
2019-10-21 23:05:52,200 [main] INFO  server.AuthenticationFilter (AuthenticationFilter.java:constructSecretProvider(240)) - Unable to initialize FileSignerSecretProvider, falling back to use random secrets.
2019-10-21 23:05:52,201 [main] WARN  http.HttpRequestLog (HttpRequestLog.java:getRequestLog(97)) - Jetty request log can only be enabled using Log4j
2019-10-21 23:05:52,202 [pool-59-thread-1] INFO  storage.RaftStorageDirectory (RaftStorageDirectory.java:tryLock(328)) - Lock on /workdir/hadoop-ozone/integration-test/target/test-dir/MiniOzoneClusterImpl-a7a400a2-5f0e-446d-a613-255cd6ec9d67/datanode-2/data/ratis/f77f3c44-7213-45ac-81dc-60ca7ec77ff7/in_use.lock acquired by nodename 27539@pr-hdds-2131-w2fms-3313293055
2019-10-21 23:05:52,202 [main] INFO  http.HttpServer2 (HttpServer2.java:addGlobalFilter(975)) - Added global filter 'safety' (class=org.apache.hadoop.http.HttpServer2$QuotingInputFilter)
2019-10-21 23:05:52,203 [main] INFO  http.HttpServer2 (HttpServer2.java:addFilter(948)) - Added filter static_user_filter (class=org.apache.hadoop.http.lib.StaticUserWebFilter$StaticUserFilter) to context hddsDatanode
2019-10-21 23:05:52,203 [main] INFO  http.HttpServer2 (HttpServer2.java:addFilter(958)) - Added filter static_user_filter (class=org.apache.hadoop.http.lib.StaticUserWebFilter$StaticUserFilter) to context logs
2019-10-21 23:05:52,204 [main] INFO  http.HttpServer2 (HttpServer2.java:addFilter(958)) - Added filter static_user_filter (class=org.apache.hadoop.http.lib.StaticUserWebFilter$StaticUserFilter) to context static
2019-10-21 23:05:52,204 [main] INFO  http.HttpServer2 (HttpServer2.java:bindListener(1191)) - Jetty bound to port 45674
2019-10-21 23:05:52,205 [main] INFO  server.Server (Server.java:doStart(351)) - jetty-9.3.25.v20180904, build timestamp: 2018-09-04T21:11:46Z, git hash: 3ce520221d0240229c862b122d2b06c12a625732
2019-10-21 23:05:52,206 [pool-59-thread-1] INFO  ratis.ContainerStateMachine (ContainerStateMachine.java:loadSnapshot(240)) - group-60CA7EC77FF7: Setting the last applied index to (t:2, i:3)
2019-10-21 23:05:52,207 [main] INFO  handler.ContextHandler (ContextHandler.java:doStart(781)) - Started o.e.j.s.ServletContextHandler@41ad373{/logs,file:///workdir/hadoop-ozone/integration-test/target/log,AVAILABLE}
2019-10-21 23:05:52,207 [main] INFO  handler.ContextHandler (ContextHandler.java:doStart(781)) - Started o.e.j.s.ServletContextHandler@177c41d7{/static,jar:file:/home/user/.m2/repository/org/apache/hadoop/hadoop-hdds-container-service/0.5.0-SNAPSHOT/hadoop-hdds-container-service-0.5.0-SNAPSHOT.jar!/webapps/static,AVAILABLE}
2019-10-21 23:05:52,213 [pool-59-thread-1] INFO  impl.RaftServerImpl (ServerState.java:setRaftConf(357)) - 95f8ce0c-61f1-45b1-a4e7-5b97bbfe9a5b@group-60CA7EC77FF7: set configuration 0: [8e5ceb90-17c7-416d-ba3b-e9af83490bf4:192.168.69.118:43663, 95f8ce0c-61f1-45b1-a4e7-5b97bbfe9a5b:192.168.69.118:45158, 2c02d436-c6f2-4204-8248-e3d2779a79c3:192.168.69.118:45342], old=null at 0
2019-10-21 23:05:52,213 [pool-59-thread-1] INFO  server.RaftServerConfigKeys (ConfUtils.java:logGet(43)) - raft.server.notification.no-leader.timeout = 1000s (custom)
2019-10-21 23:05:52,213 [pool-59-thread-1] INFO  server.RaftServerConfigKeys (ConfUtils.java:logGet(43)) - raft.server.log.use.memory = false (default)
2019-10-21 23:05:52,214 [pool-59-thread-1] INFO  server.RaftServerConfigKeys (ConfUtils.java:logGet(43)) - raft.server.log.purge.gap = 1000000 (custom)
2019-10-21 23:05:52,214 [pool-59-thread-1] INFO  server.RaftServerConfigKeys (ConfUtils.java:logGet(43)) - raft.server.log.appender.buffer.byte-limit = 33554432 (custom)
2019-10-21 23:05:52,214 [pool-59-thread-1] INFO  server.RaftServerConfigKeys (ConfUtils.java:logGet(43)) - raft.server.log.segment.size.max = 1048576 (custom)
2019-10-21 23:05:52,214 [pool-59-thread-1] INFO  server.RaftServerConfigKeys (ConfUtils.java:logGet(43)) - raft.server.log.segment.cache.num.max = 2 (custom)
2019-10-21 23:05:52,214 [pool-59-thread-1] INFO  segmented.SegmentedRaftLogWorker (SegmentedRaftLogWorker.java:<init>(173)) - new 95f8ce0c-61f1-45b1-a4e7-5b97bbfe9a5b@group-60CA7EC77FF7-SegmentedRaftLogWorker for RaftStorage:Storage Directory /workdir/hadoop-ozone/integration-test/target/test-dir/MiniOzoneClusterImpl-a7a400a2-5f0e-446d-a613-255cd6ec9d67/datanode-2/data/ratis/f77f3c44-7213-45ac-81dc-60ca7ec77ff7
2019-10-21 23:05:52,215 [pool-59-thread-1] INFO  server.RaftServerConfigKeys (ConfUtils.java:logGet(43)) - raft.server.log.queue.byte-limit = 2147483647 (custom)
2019-10-21 23:05:52,215 [pool-59-thread-1] INFO  server.RaftServerConfigKeys (ConfUtils.java:logGet(43)) - raft.server.log.queue.element-limit = 1024 (custom)
2019-10-21 23:05:52,215 [pool-59-thread-1] INFO  server.RaftServerConfigKeys (ConfUtils.java:logGet(43)) - raft.server.log.segment.size.max = 1048576 (custom)
2019-10-21 23:05:52,215 [pool-59-thread-1] INFO  server.RaftServerConfigKeys (ConfUtils.java:logGet(43)) - raft.server.log.preallocated.size = 16384 (custom)
2019-10-21 23:05:52,215 [pool-59-thread-1] INFO  server.RaftServerConfigKeys (ConfUtils.java:logGet(43)) - raft.server.log.write.buffer.size = 33554432 (custom)
2019-10-21 23:05:52,215 [pool-59-thread-1] INFO  server.RaftServerConfigKeys (ConfUtils.java:logGet(43)) - raft.server.log.force.sync.num = 128 (default)
2019-10-21 23:05:52,216 [pool-59-thread-1] INFO  server.RaftServerConfigKeys (ConfUtils.java:logGet(43)) - raft.server.log.statemachine.data.sync = true (default)
2019-10-21 23:05:52,216 [pool-59-thread-1] INFO  server.RaftServerConfigKeys (ConfUtils.java:logGet(43)) - raft.server.log.statemachine.data.sync.timeout = 10s (default)
2019-10-21 23:05:52,216 [pool-59-thread-1] INFO  server.RaftServerConfigKeys (ConfUtils.java:logGet(43)) - raft.server.log.statemachine.data.sync.timeout.retry = -1 (default)
2019-10-21 23:05:52,216 [pool-59-thread-1] INFO  server.RaftServerConfigKeys (ConfUtils.java:logGet(43)) - raft.server.log.statemachine.data.caching.enabled = true (custom)
2019-10-21 23:05:52,224 [pool-59-thread-1] INFO  impl.RaftServerImpl (ServerState.java:setRaftConf(357)) - 95f8ce0c-61f1-45b1-a4e7-5b97bbfe9a5b@group-60CA7EC77FF7: set configuration 0: [8e5ceb90-17c7-416d-ba3b-e9af83490bf4:192.168.69.118:43663, 95f8ce0c-61f1-45b1-a4e7-5b97bbfe9a5b:192.168.69.118:45158, 2c02d436-c6f2-4204-8248-e3d2779a79c3:192.168.69.118:45342], old=null at 0
2019-10-21 23:05:52,225 [pool-59-thread-1] INFO  segmented.LogSegment (LogSegment.java:loadSegment(140)) - Successfully read 5 entries from segment file /workdir/hadoop-ozone/integration-test/target/test-dir/MiniOzoneClusterImpl-a7a400a2-5f0e-446d-a613-255cd6ec9d67/datanode-2/data/ratis/f77f3c44-7213-45ac-81dc-60ca7ec77ff7/current/log_inprogress_0
2019-10-21 23:05:52,225 [pool-59-thread-1] INFO  segmented.SegmentedRaftLogWorker (SegmentedRaftLogWorker.java:lambda$new$0(128)) - 95f8ce0c-61f1-45b1-a4e7-5b97bbfe9a5b@group-60CA7EC77FF7-SegmentedRaftLogWorker: flushIndex: setUnconditionally 0 -> 4
2019-10-21 23:05:52,239 [main] INFO  handler.ContextHandler (ContextHandler.java:doStart(781)) - Started o.e.j.w.WebAppContext@3481ff98{/,file:///tmp/jetty-0.0.0.0-45674-hddsDatanode-_-any-990765132890526273.dir/webapp/,AVAILABLE}{/hddsDatanode}
2019-10-21 23:05:52,250 [main] INFO  server.AbstractConnector (AbstractConnector.java:doStart(278)) - Started ServerConnector@2ddb3ae8{HTTP/1.1,[http/1.1]}{0.0.0.0:45674}
2019-10-21 23:05:52,250 [pool-59-thread-1] INFO  raftlog.RaftLog (RaftLog.java:lambda$new$0(61)) - 95f8ce0c-61f1-45b1-a4e7-5b97bbfe9a5b@group-60CA7EC77FF7-SegmentedRaftLog: commitIndex: updateToMax old=3, new=3, updated? false
2019-10-21 23:05:52,250 [main] INFO  server.Server (Server.java:doStart(419)) - Started @113011ms
2019-10-21 23:05:52,250 [main] WARN  impl.MetricsSystemImpl (MetricsSystemImpl.java:register(276)) - Sink prometheus already exists!
2019-10-21 23:05:52,251 [pool-59-thread-1] INFO  server.RaftServerConfigKeys (ConfUtils.java:logGet(43)) - raft.server.snapshot.auto.trigger.enabled = true (custom)
2019-10-21 23:05:52,251 [pool-59-thread-1] INFO  server.RaftServerConfigKeys (ConfUtils.java:logGet(43)) - raft.server.snapshot.auto.trigger.threshold = 10000 (custom)
2019-10-21 23:05:52,251 [pool-59-thread-1] INFO  server.RaftServerConfigKeys (ConfUtils.java:logGet(43)) - raft.server.snapshot.retention.file.num = 5 (custom)
2019-10-21 23:05:52,251 [pool-59-thread-1] INFO  server.RaftServerConfigKeys (ConfUtils.java:logGet(43)) - raft.server.retrycache.expirytime = 600000ms (custom)
2019-10-21 23:05:52,252 [main] INFO  server.BaseHttpServer (BaseHttpServer.java:updateConnectorAddress(215)) - HTTP server of HDDSDATANODE is listening at http://0.0.0.0:45674
2019-10-21 23:05:52,253 [org.apache.hadoop.util.JvmPauseMonitor$Monitor@227b6ddc] INFO  util.JvmPauseMonitor (JvmPauseMonitor.java:run(188)) - Starting JVM pause monitor
2019-10-21 23:05:52,254 [pool-59-thread-1] INFO  impl.RaftServerImpl (RaftServerImpl.java:<init>(104)) - 95f8ce0c-61f1-45b1-a4e7-5b97bbfe9a5b: new RaftServerImpl for group-DF889DFD8CFF:[] with ContainerStateMachine:uninitialized
2019-10-21 23:05:52,254 [pool-59-thread-1] INFO  server.RaftServerConfigKeys (ConfUtils.java:logGet(43)) - raft.server.rpc.timeout.min = 5s (custom)
2019-10-21 23:05:52,254 [pool-59-thread-1] INFO  server.RaftServerConfigKeys (ConfUtils.java:logGet(43)) - raft.server.rpc.timeout.max = 5200ms (custom)
2019-10-21 23:05:52,254 [pool-59-thread-1] INFO  server.RaftServerConfigKeys (ConfUtils.java:logGet(43)) - raft.server.rpcslowness.timeout = 1000s (custom)
2019-10-21 23:05:52,254 [pool-59-thread-1] INFO  server.RaftServerConfigKeys (ConfUtils.java:logGet(43)) - raft.server.sleep.deviation.threshold = 300 (default)
2019-10-21 23:05:52,254 [pool-59-thread-1] INFO  server.RaftServerConfigKeys (ConfUtils.java:logGet(43)) - raft.server.log.appender.install.snapshot.enabled = false (custom)
2019-10-21 23:05:52,254 [pool-59-thread-1] INFO  impl.RaftServerImpl (ServerState.java:<init>(103)) - 95f8ce0c-61f1-45b1-a4e7-5b97bbfe9a5b@group-DF889DFD8CFF: ConfigurationManager, init=-1: [], old=null, confs=<EMPTY_MAP>
2019-10-21 23:05:52,254 [pool-59-thread-1] INFO  server.RaftServerConfigKeys (ConfUtils.java:logGet(43)) - raft.server.storage.dir = [/workdir/hadoop-ozone/integration-test/target/test-dir/MiniOzoneClusterImpl-a7a400a2-5f0e-446d-a613-255cd6ec9d67/datanode-2/data/ratis] (custom)
2019-10-21 23:05:52,255 [pool-59-thread-1] INFO  server.RaftServerConfigKeys (ConfUtils.java:logGet(43)) - raft.server.log.corruption.policy = EXCEPTION (default)
2019-10-21 23:05:52,261 [pool-59-thread-1] INFO  storage.RaftStorageDirectory (RaftStorageDirectory.java:tryLock(328)) - Lock on /workdir/hadoop-ozone/integration-test/target/test-dir/MiniOzoneClusterImpl-a7a400a2-5f0e-446d-a613-255cd6ec9d67/datanode-2/data/ratis/3cb421da-c0c7-4180-a4d6-df889dfd8cff/in_use.lock acquired by nodename 27539@pr-hdds-2131-w2fms-3313293055
2019-10-21 23:05:52,262 [pool-59-thread-1] INFO  ratis.ContainerStateMachine (ContainerStateMachine.java:loadSnapshot(231)) - group-DF889DFD8CFF: The snapshot info is null. Setting the last applied indexto:(t:0, i:~)
2019-10-21 23:05:52,262 [pool-59-thread-1] INFO  server.RaftServerConfigKeys (ConfUtils.java:logGet(43)) - raft.server.notification.no-leader.timeout = 1000s (custom)
2019-10-21 23:05:52,262 [pool-59-thread-1] INFO  server.RaftServerConfigKeys (ConfUtils.java:logGet(43)) - raft.server.log.use.memory = false (default)
2019-10-21 23:05:52,262 [pool-59-thread-1] INFO  server.RaftServerConfigKeys (ConfUtils.java:logGet(43)) - raft.server.log.purge.gap = 1000000 (custom)
2019-10-21 23:05:52,262 [pool-59-thread-1] INFO  server.RaftServerConfigKeys (ConfUtils.java:logGet(43)) - raft.server.log.appender.buffer.byte-limit = 33554432 (custom)
2019-10-21 23:05:52,263 [pool-59-thread-1] INFO  server.RaftServerConfigKeys (ConfUtils.java:logGet(43)) - raft.server.log.segment.size.max = 1048576 (custom)
2019-10-21 23:05:52,263 [pool-59-thread-1] INFO  server.RaftServerConfigKeys (ConfUtils.java:logGet(43)) - raft.server.log.segment.cache.num.max = 2 (custom)
2019-10-21 23:05:52,263 [pool-59-thread-1] INFO  segmented.SegmentedRaftLogWorker (SegmentedRaftLogWorker.java:<init>(173)) - new 95f8ce0c-61f1-45b1-a4e7-5b97bbfe9a5b@group-DF889DFD8CFF-SegmentedRaftLogWorker for RaftStorage:Storage Directory /workdir/hadoop-ozone/integration-test/target/test-dir/MiniOzoneClusterImpl-a7a400a2-5f0e-446d-a613-255cd6ec9d67/datanode-2/data/ratis/3cb421da-c0c7-4180-a4d6-df889dfd8cff
2019-10-21 23:05:52,263 [pool-59-thread-1] INFO  server.RaftServerConfigKeys (ConfUtils.java:logGet(43)) - raft.server.log.queue.byte-limit = 2147483647 (custom)
2019-10-21 23:05:52,263 [pool-59-thread-1] INFO  server.RaftServerConfigKeys (ConfUtils.java:logGet(43)) - raft.server.log.queue.element-limit = 1024 (custom)
2019-10-21 23:05:52,263 [pool-59-thread-1] INFO  server.RaftServerConfigKeys (ConfUtils.java:logGet(43)) - raft.server.log.segment.size.max = 1048576 (custom)
2019-10-21 23:05:52,263 [pool-59-thread-1] INFO  server.RaftServerConfigKeys (ConfUtils.java:logGet(43)) - raft.server.log.preallocated.size = 16384 (custom)
2019-10-21 23:05:52,263 [pool-59-thread-1] INFO  server.RaftServerConfigKeys (ConfUtils.java:logGet(43)) - raft.server.log.write.buffer.size = 33554432 (custom)
2019-10-21 23:05:52,263 [pool-59-thread-1] INFO  server.RaftServerConfigKeys (ConfUtils.java:logGet(43)) - raft.server.log.force.sync.num = 128 (default)
2019-10-21 23:05:52,264 [pool-59-thread-1] INFO  server.RaftServerConfigKeys (ConfUtils.java:logGet(43)) - raft.server.log.statemachine.data.sync = true (default)
2019-10-21 23:05:52,264 [pool-59-thread-1] INFO  server.RaftServerConfigKeys (ConfUtils.java:logGet(43)) - raft.server.log.statemachine.data.sync.timeout = 10s (default)
2019-10-21 23:05:52,264 [pool-59-thread-1] INFO  server.RaftServerConfigKeys (ConfUtils.java:logGet(43)) - raft.server.log.statemachine.data.sync.timeout.retry = -1 (default)
2019-10-21 23:05:52,264 [pool-59-thread-1] INFO  server.RaftServerConfigKeys (ConfUtils.java:logGet(43)) - raft.server.log.statemachine.data.caching.enabled = true (custom)
2019-10-21 23:05:52,265 [pool-59-thread-1] INFO  impl.RaftServerImpl (ServerState.java:setRaftConf(357)) - 95f8ce0c-61f1-45b1-a4e7-5b97bbfe9a5b@group-DF889DFD8CFF: set configuration 0: [95f8ce0c-61f1-45b1-a4e7-5b97bbfe9a5b:192.168.69.118:45158], old=null at 0
2019-10-21 23:05:52,265 [pool-59-thread-1] INFO  segmented.LogSegment (LogSegment.java:loadSegment(140)) - Successfully read 1 entries from segment file /workdir/hadoop-ozone/integration-test/target/test-dir/MiniOzoneClusterImpl-a7a400a2-5f0e-446d-a613-255cd6ec9d67/datanode-2/data/ratis/3cb421da-c0c7-4180-a4d6-df889dfd8cff/current/log_inprogress_0
2019-10-21 23:05:52,265 [pool-59-thread-1] INFO  segmented.SegmentedRaftLogWorker (SegmentedRaftLogWorker.java:lambda$new$0(128)) - 95f8ce0c-61f1-45b1-a4e7-5b97bbfe9a5b@group-DF889DFD8CFF-SegmentedRaftLogWorker: flushIndex: setUnconditionally 0 -> 0
2019-10-21 23:05:52,292 [pool-59-thread-1] INFO  server.RaftServerConfigKeys (ConfUtils.java:logGet(43)) - raft.server.snapshot.auto.trigger.enabled = true (custom)
2019-10-21 23:05:52,292 [pool-59-thread-1] INFO  server.RaftServerConfigKeys (ConfUtils.java:logGet(43)) - raft.server.snapshot.auto.trigger.threshold = 10000 (custom)
2019-10-21 23:05:52,292 [pool-59-thread-1] INFO  server.RaftServerConfigKeys (ConfUtils.java:logGet(43)) - raft.server.snapshot.retention.file.num = 5 (custom)
2019-10-21 23:05:52,293 [pool-59-thread-1] INFO  server.RaftServerConfigKeys (ConfUtils.java:logGet(43)) - raft.server.retrycache.expirytime = 600000ms (custom)
2019-10-21 23:05:52,554 [SCMBlockDeletingService#0] INFO  block.SCMBlockDeletingService (SCMBlockDeletingService.java:call(184)) - Totally added 1 delete blocks command for 1 datanodes, task elapsed time: 0ms
2019-10-21 23:05:52,554 [pool-7-thread-1] INFO  commands.RetriableDatanodeEventWatcher (RetriableDatanodeEventWatcher.java:onTimeout(47)) - RetriableDatanodeCommand type=deleteBlocksCommand with id=1571699151551 timed out. Retrying.
2019-10-21 23:05:52,944 [BlockDeletingService#2] WARN  background.BlockDeletingService (BlockDeletingService.java:isDeletionAllowed(187)) - Close Container log Index 6 is not replicated across allthe servers in the pipeline f77f3c44-7213-45ac-81dc-60ca7ec77ff7 as the min replicated index is 4. Deletion is not allowed in this container yet.
2019-10-21 23:05:52,946 [BlockDeletingService#2] WARN  background.BlockDeletingService (BlockDeletingService.java:isDeletionAllowed(187)) - Close Container log Index 6 is not replicated across allthe servers in the pipeline f77f3c44-7213-45ac-81dc-60ca7ec77ff7 as the min replicated index is 4. Deletion is not allowed in this container yet.
2019-10-21 23:05:53,554 [pool-7-thread-1] INFO  commands.RetriableDatanodeEventWatcher (RetriableDatanodeEventWatcher.java:onTimeout(47)) - RetriableDatanodeCommand type=deleteBlocksCommand with id=1571699151551 timed out. Retrying.
2019-10-21 23:05:53,554 [pool-7-thread-2] INFO  commands.RetriableDatanodeEventWatcher (RetriableDatanodeEventWatcher.java:onTimeout(47)) - RetriableDatanodeCommand type=deleteBlocksCommand with id=1571699151554 timed out. Retrying.
2019-10-21 23:05:53,555 [SCMBlockDeletingService#0] INFO  block.SCMBlockDeletingService (SCMBlockDeletingService.java:call(184)) - Totally added 1 delete blocks command for 1 datanodes, task elapsed time: 1ms
2019-10-21 23:05:53,945 [BlockDeletingService#2] WARN  background.BlockDeletingService (BlockDeletingService.java:isDeletionAllowed(187)) - Close Container log Index 6 is not replicated across allthe servers in the pipeline f77f3c44-7213-45ac-81dc-60ca7ec77ff7 as the min replicated index is 4. Deletion is not allowed in this container yet.
2019-10-21 23:05:53,947 [BlockDeletingService#2] WARN  background.BlockDeletingService (BlockDeletingService.java:isDeletionAllowed(187)) - Close Container log Index 6 is not replicated across allthe servers in the pipeline f77f3c44-7213-45ac-81dc-60ca7ec77ff7 as the min replicated index is 4. Deletion is not allowed in this container yet.
2019-10-21 23:05:54,256 [Datanode State Machine Thread - 0] INFO  ozoneimpl.OzoneContainer (OzoneContainer.java:start(213)) - Attempting to start container services.
2019-10-21 23:05:54,257 [Datanode State Machine Thread - 0] INFO  ozoneimpl.OzoneContainer (OzoneContainer.java:startContainerScrub(177)) - Background container scanner has been disabled.
2019-10-21 23:05:54,257 [Datanode State Machine Thread - 0] INFO  ratis.XceiverServerRatis (XceiverServerRatis.java:start(418)) - Starting XceiverServerRatis 95f8ce0c-61f1-45b1-a4e7-5b97bbfe9a5b at port 45158
2019-10-21 23:05:54,267 [Datanode State Machine Thread - 0] INFO  impl.RaftServerImpl (RaftServerImpl.java:start(195)) - 95f8ce0c-61f1-45b1-a4e7-5b97bbfe9a5b@group-DF889DFD8CFF: start as a follower, conf=0: [95f8ce0c-61f1-45b1-a4e7-5b97bbfe9a5b:192.168.69.118:45158], old=null
2019-10-21 23:05:54,268 [ForkJoinPool.commonPool-worker-0] INFO  impl.RaftServerImpl (RaftServerImpl.java:start(195)) - 95f8ce0c-61f1-45b1-a4e7-5b97bbfe9a5b@group-60CA7EC77FF7: start as a follower, conf=0: [8e5ceb90-17c7-416d-ba3b-e9af83490bf4:192.168.69.118:43663, 95f8ce0c-61f1-45b1-a4e7-5b97bbfe9a5b:192.168.69.118:45158, 2c02d436-c6f2-4204-8248-e3d2779a79c3:192.168.69.118:45342], old=null
2019-10-21 23:05:54,268 [Datanode State Machine Thread - 0] INFO  impl.RaftServerImpl (RaftServerImpl.java:setRole(184)) - 95f8ce0c-61f1-45b1-a4e7-5b97bbfe9a5b@group-DF889DFD8CFF: changes role from      null to FOLLOWER at term 1 for startAsFollower
2019-10-21 23:05:54,269 [ForkJoinPool.commonPool-worker-0] INFO  impl.RaftServerImpl (RaftServerImpl.java:setRole(184)) - 95f8ce0c-61f1-45b1-a4e7-5b97bbfe9a5b@group-60CA7EC77FF7: changes role from      null to FOLLOWER at term 2 for startAsFollower
2019-10-21 23:05:54,269 [Datanode State Machine Thread - 0] INFO  impl.RoleInfo (RoleInfo.java:updateAndGet(143)) - 95f8ce0c-61f1-45b1-a4e7-5b97bbfe9a5b: start FollowerState
2019-10-21 23:05:54,269 [ForkJoinPool.commonPool-worker-0] INFO  impl.RoleInfo (RoleInfo.java:updateAndGet(143)) - 95f8ce0c-61f1-45b1-a4e7-5b97bbfe9a5b: start FollowerState
2019-10-21 23:05:54,270 [Datanode State Machine Thread - 0] INFO  util.JmxRegister (JmxRegister.java:tryRegister(44)) - Successfully registered JMX Bean with object name Ratis:service=RaftServer,group=group-DF889DFD8CFF,id=95f8ce0c-61f1-45b1-a4e7-5b97bbfe9a5b
2019-10-21 23:05:54,270 [ForkJoinPool.commonPool-worker-0] INFO  util.JmxRegister (JmxRegister.java:tryRegister(44)) - Successfully registered JMX Bean with object name Ratis:service=RaftServer,group=group-60CA7EC77FF7,id=95f8ce0c-61f1-45b1-a4e7-5b97bbfe9a5b
2019-10-21 23:05:54,272 [Datanode State Machine Thread - 0] INFO  impl.RaftServerProxy (RaftServerProxy.java:lambda$start$3(299)) - 95f8ce0c-61f1-45b1-a4e7-5b97bbfe9a5b: start RPC server
2019-10-21 23:05:54,274 [Datanode State Machine Thread - 0] INFO  server.GrpcService (GrpcService.java:startImpl(158)) - 95f8ce0c-61f1-45b1-a4e7-5b97bbfe9a5b: GrpcService started, listening on 0.0.0.0/0.0.0.0:45158
2019-10-21 23:05:54,290 [Thread-551] INFO  impl.FollowerState (FollowerState.java:run(108)) - 95f8ce0c-61f1-45b1-a4e7-5b97bbfe9a5b@group-60CA7EC77FF7-FollowerState: change to CANDIDATE, lastRpcTime:20ms, electionTimeout:20ms
2019-10-21 23:05:54,290 [Thread-551] INFO  impl.RoleInfo (RoleInfo.java:shutdownFollowerState(121)) - 95f8ce0c-61f1-45b1-a4e7-5b97bbfe9a5b: shutdown FollowerState
2019-10-21 23:05:54,290 [Thread-551] INFO  impl.RaftServerImpl (RaftServerImpl.java:setRole(184)) - 95f8ce0c-61f1-45b1-a4e7-5b97bbfe9a5b@group-60CA7EC77FF7: changes role from  FOLLOWER to CANDIDATE at term 2 for changeToCandidate
2019-10-21 23:05:54,290 [Thread-551] INFO  impl.RoleInfo (RoleInfo.java:updateAndGet(143)) - 95f8ce0c-61f1-45b1-a4e7-5b97bbfe9a5b: start LeaderElection
2019-10-21 23:05:54,298 [Thread-550] INFO  impl.FollowerState (FollowerState.java:run(108)) - 95f8ce0c-61f1-45b1-a4e7-5b97bbfe9a5b@group-DF889DFD8CFF-FollowerState: change to CANDIDATE, lastRpcTime:28ms, electionTimeout:28ms
2019-10-21 23:05:54,298 [Thread-550] INFO  impl.RoleInfo (RoleInfo.java:shutdownFollowerState(121)) - 95f8ce0c-61f1-45b1-a4e7-5b97bbfe9a5b: shutdown FollowerState
2019-10-21 23:05:54,298 [Thread-550] INFO  impl.RaftServerImpl (RaftServerImpl.java:setRole(184)) - 95f8ce0c-61f1-45b1-a4e7-5b97bbfe9a5b@group-DF889DFD8CFF: changes role from  FOLLOWER to CANDIDATE at term 1 for changeToCandidate
2019-10-21 23:05:54,298 [Thread-550] INFO  impl.RoleInfo (RoleInfo.java:updateAndGet(143)) - 95f8ce0c-61f1-45b1-a4e7-5b97bbfe9a5b: start LeaderElection
2019-10-21 23:05:54,306 [95f8ce0c-61f1-45b1-a4e7-5b97bbfe9a5b@group-DF889DFD8CFF-LeaderElection7] INFO  impl.LeaderElection (LeaderElection.java:askForVotes(178)) - 95f8ce0c-61f1-45b1-a4e7-5b97bbfe9a5b@group-DF889DFD8CFF-LeaderElection7: begin an election at term 2 for 0: [95f8ce0c-61f1-45b1-a4e7-5b97bbfe9a5b:192.168.69.118:45158], old=null
2019-10-21 23:05:54,306 [95f8ce0c-61f1-45b1-a4e7-5b97bbfe9a5b@group-60CA7EC77FF7-LeaderElection6] INFO  impl.LeaderElection (LeaderElection.java:askForVotes(178)) - 95f8ce0c-61f1-45b1-a4e7-5b97bbfe9a5b@group-60CA7EC77FF7-LeaderElection6: begin an election at term 3 for 0: [8e5ceb90-17c7-416d-ba3b-e9af83490bf4:192.168.69.118:43663, 95f8ce0c-61f1-45b1-a4e7-5b97bbfe9a5b:192.168.69.118:45158, 2c02d436-c6f2-4204-8248-e3d2779a79c3:192.168.69.118:45342], old=null
2019-10-21 23:05:54,306 [95f8ce0c-61f1-45b1-a4e7-5b97bbfe9a5b@group-DF889DFD8CFF-LeaderElection7] INFO  impl.RoleInfo (RoleInfo.java:shutdownLeaderElection(134)) - 95f8ce0c-61f1-45b1-a4e7-5b97bbfe9a5b: shutdown LeaderElection
2019-10-21 23:05:54,307 [95f8ce0c-61f1-45b1-a4e7-5b97bbfe9a5b@group-DF889DFD8CFF-LeaderElection7] INFO  impl.RaftServerImpl (RaftServerImpl.java:setRole(184)) - 95f8ce0c-61f1-45b1-a4e7-5b97bbfe9a5b@group-DF889DFD8CFF: changes role from CANDIDATE to LEADER at term 2 for changeToLeader
2019-10-21 23:05:54,307 [95f8ce0c-61f1-45b1-a4e7-5b97bbfe9a5b@group-DF889DFD8CFF-LeaderElection7] INFO  impl.RaftServerImpl (ServerState.java:setLeader(256)) - 95f8ce0c-61f1-45b1-a4e7-5b97bbfe9a5b@group-DF889DFD8CFF: change Leader from null to 95f8ce0c-61f1-45b1-a4e7-5b97bbfe9a5b at term 2 for becomeLeader, leader elected after 2044ms
2019-10-21 23:05:54,308 [95f8ce0c-61f1-45b1-a4e7-5b97bbfe9a5b@group-DF889DFD8CFF-LeaderElection7] INFO  server.RaftServerConfigKeys (ConfUtils.java:logGet(43)) - raft.server.staging.catchup.gap = 1000 (default)
2019-10-21 23:05:54,308 [95f8ce0c-61f1-45b1-a4e7-5b97bbfe9a5b@group-DF889DFD8CFF-LeaderElection7] INFO  server.RaftServerConfigKeys (ConfUtils.java:logGet(43)) - raft.server.rpc.sleep.time = 25ms (default)
2019-10-21 23:05:54,308 [95f8ce0c-61f1-45b1-a4e7-5b97bbfe9a5b@group-DF889DFD8CFF-LeaderElection7] INFO  server.RaftServerConfigKeys (ConfUtils.java:logGet(43)) - raft.server.write.element-limit = 4096 (default)
2019-10-21 23:05:54,308 [95f8ce0c-61f1-45b1-a4e7-5b97bbfe9a5b@group-DF889DFD8CFF-LeaderElection7] INFO  server.RaftServerConfigKeys (ConfUtils.java:logGet(43)) - raft.server.watch.timeout = 10s (default)
2019-10-21 23:05:54,309 [95f8ce0c-61f1-45b1-a4e7-5b97bbfe9a5b@group-DF889DFD8CFF-LeaderElection7] INFO  server.RaftServerConfigKeys (ConfUtils.java:logGet(43)) - raft.server.watch.timeout.denomination = 1s (default)
2019-10-21 23:05:54,309 [95f8ce0c-61f1-45b1-a4e7-5b97bbfe9a5b@group-DF889DFD8CFF-LeaderElection7] INFO  server.RaftServerConfigKeys (ConfUtils.java:logGet(43)) - raft.server.watch.element-limit = 65536 (default)
2019-10-21 23:05:54,309 [95f8ce0c-61f1-45b1-a4e7-5b97bbfe9a5b@group-DF889DFD8CFF-LeaderElection7] INFO  impl.RoleInfo (RoleInfo.java:updateAndGet(143)) - 95f8ce0c-61f1-45b1-a4e7-5b97bbfe9a5b: start LeaderState
2019-10-21 23:05:54,312 [95f8ce0c-61f1-45b1-a4e7-5b97bbfe9a5b@group-DF889DFD8CFF-LeaderElection7] INFO  segmented.SegmentedRaftLogWorker (SegmentedRaftLogWorker.java:rollLogSegment(390)) - 95f8ce0c-61f1-45b1-a4e7-5b97bbfe9a5b@group-DF889DFD8CFF-SegmentedRaftLogWorker: Rolling segment log-0_0 to index:0
2019-10-21 23:05:54,317 [95f8ce0c-61f1-45b1-a4e7-5b97bbfe9a5b@group-DF889DFD8CFF-LeaderElection7] INFO  impl.RaftServerImpl (ServerState.java:setRaftConf(357)) - 95f8ce0c-61f1-45b1-a4e7-5b97bbfe9a5b@group-DF889DFD8CFF: set configuration 1: [95f8ce0c-61f1-45b1-a4e7-5b97bbfe9a5b:192.168.69.118:45158], old=null at 1
2019-10-21 23:05:54,319 [95f8ce0c-61f1-45b1-a4e7-5b97bbfe9a5b@group-DF889DFD8CFF-SegmentedRaftLogWorker] INFO  segmented.SegmentedRaftLogWorker (SegmentedRaftLogWorker.java:execute(533)) - 95f8ce0c-61f1-45b1-a4e7-5b97bbfe9a5b@group-DF889DFD8CFF-SegmentedRaftLogWorker: Rolled log segment from /workdir/hadoop-ozone/integration-test/target/test-dir/MiniOzoneClusterImpl-a7a400a2-5f0e-446d-a613-255cd6ec9d67/datanode-2/data/ratis/3cb421da-c0c7-4180-a4d6-df889dfd8cff/current/log_inprogress_0 to /workdir/hadoop-ozone/integration-test/target/test-dir/MiniOzoneClusterImpl-a7a400a2-5f0e-446d-a613-255cd6ec9d67/datanode-2/data/ratis/3cb421da-c0c7-4180-a4d6-df889dfd8cff/current/log_0-0
2019-10-21 23:05:54,354 [grpc-default-executor-0] INFO  impl.RaftServerImpl (ServerState.java:setLeader(256)) - 8e5ceb90-17c7-416d-ba3b-e9af83490bf4@group-60CA7EC77FF7: change Leader from 2c02d436-c6f2-4204-8248-e3d2779a79c3 to null at term 3 for updateCurrentTerm
2019-10-21 23:05:54,354 [grpc-default-executor-1] INFO  impl.RaftServerImpl (ServerState.java:setLeader(256)) - 2c02d436-c6f2-4204-8248-e3d2779a79c3@group-60CA7EC77FF7: change Leader from 2c02d436-c6f2-4204-8248-e3d2779a79c3 to null at term 3 for updateCurrentTerm
2019-10-21 23:05:54,355 [grpc-default-executor-0] INFO  impl.RaftServerImpl (RaftServerImpl.java:setRole(184)) - 8e5ceb90-17c7-416d-ba3b-e9af83490bf4@group-60CA7EC77FF7: changes role from  FOLLOWER to FOLLOWER at term 3 for recognizeCandidate:95f8ce0c-61f1-45b1-a4e7-5b97bbfe9a5b
2019-10-21 23:05:54,356 [grpc-default-executor-1] INFO  impl.RaftServerImpl (RaftServerImpl.java:setRole(184)) - 2c02d436-c6f2-4204-8248-e3d2779a79c3@group-60CA7EC77FF7: changes role from    LEADER to FOLLOWER at term 3 for recognizeCandidate:95f8ce0c-61f1-45b1-a4e7-5b97bbfe9a5b
2019-10-21 23:05:54,356 [grpc-default-executor-0] INFO  impl.RoleInfo (RoleInfo.java:shutdownFollowerState(121)) - 8e5ceb90-17c7-416d-ba3b-e9af83490bf4: shutdown FollowerState
2019-10-21 23:05:54,356 [grpc-default-executor-1] INFO  impl.RoleInfo (RoleInfo.java:shutdownLeaderState(104)) - 2c02d436-c6f2-4204-8248-e3d2779a79c3: shutdown LeaderState
2019-10-21 23:05:54,357 [Thread-227] INFO  impl.FollowerState (FollowerState.java:run(117)) - 8e5ceb90-17c7-416d-ba3b-e9af83490bf4@group-60CA7EC77FF7-FollowerState was interrupted: java.lang.InterruptedException: sleep interrupted
2019-10-21 23:05:54,357 [grpc-default-executor-0] INFO  impl.RoleInfo (RoleInfo.java:updateAndGet(143)) - 8e5ceb90-17c7-416d-ba3b-e9af83490bf4: start FollowerState
2019-10-21 23:05:54,360 [grpc-default-executor-1] INFO  impl.PendingRequests (PendingRequests.java:sendNotLeaderResponses(202)) - 2c02d436-c6f2-4204-8248-e3d2779a79c3@group-60CA7EC77FF7-PendingRequests: sendNotLeaderResponses
2019-10-21 23:05:54,360 [org.apache.ratis.server.impl.LogAppender$AppenderDaemon$$Lambda$388/1385193839@67475655] WARN  server.GrpcLogAppender (GrpcLogAppender.java:mayWait(149)) - 2c02d436-c6f2-4204-8248-e3d2779a79c3@group-60CA7EC77FF7->95f8ce0c-61f1-45b1-a4e7-5b97bbfe9a5b-GrpcLogAppender: Wait interrupted by java.lang.InterruptedException
2019-10-21 23:05:54,360 [org.apache.ratis.server.impl.LogAppender$AppenderDaemon$$Lambda$388/1385193839@565b2439] WARN  server.GrpcLogAppender (GrpcLogAppender.java:mayWait(149)) - 2c02d436-c6f2-4204-8248-e3d2779a79c3@group-60CA7EC77FF7->8e5ceb90-17c7-416d-ba3b-e9af83490bf4-GrpcLogAppender: Wait interrupted by java.lang.InterruptedException
2019-10-21 23:05:54,363 [95f8ce0c-61f1-45b1-a4e7-5b97bbfe9a5b@group-DF889DFD8CFF-SegmentedRaftLogWorker] INFO  segmented.SegmentedRaftLogWorker (SegmentedRaftLogWorker.java:execute(576)) - 95f8ce0c-61f1-45b1-a4e7-5b97bbfe9a5b@group-DF889DFD8CFF-SegmentedRaftLogWorker: created new log segment /workdir/hadoop-ozone/integration-test/target/test-dir/MiniOzoneClusterImpl-a7a400a2-5f0e-446d-a613-255cd6ec9d67/datanode-2/data/ratis/3cb421da-c0c7-4180-a4d6-df889dfd8cff/current/log_inprogress_1
2019-10-21 23:05:54,365 [Thread-560] INFO  client.GrpcClientProtocolService (GrpcClientProtocolService.java:lambda$processClientRequest$0(278)) - Failed RaftClientRequest:client-0013CC304CD3->2c02d436-c6f2-4204-8248-e3d2779a79c3@group-60CA7EC77FF7, cid=10, seq=0, Watch-ALL_COMMITTED(6), Message:<EMPTY>, reply=RaftClientReply:client-0013CC304CD3->2c02d436-c6f2-4204-8248-e3d2779a79c3@group-60CA7EC77FF7, cid=10, FAILED org.apache.ratis.protocol.NotLeaderException: Server 2c02d436-c6f2-4204-8248-e3d2779a79c3@group-60CA7EC77FF7 is not the leader, logIndex=0, commits[2c02d436-c6f2-4204-8248-e3d2779a79c3:c10, 8e5ceb90-17c7-416d-ba3b-e9af83490bf4:c10, 95f8ce0c-61f1-45b1-a4e7-5b97bbfe9a5b:c4]
2019-10-21 23:05:54,365 [grpc-default-executor-1] INFO  impl.RoleInfo (RoleInfo.java:updateAndGet(143)) - 2c02d436-c6f2-4204-8248-e3d2779a79c3: start FollowerState
2019-10-21 23:05:54,366 [grpc-default-executor-6] INFO  server.GrpcServerProtocolService (GrpcServerProtocolService.java:onCompleted(113)) - 8e5ceb90-17c7-416d-ba3b-e9af83490bf4: Completed APPEND_ENTRIES, lastRequest: 2c02d436-c6f2-4204-8248-e3d2779a79c3->8e5ceb90-17c7-416d-ba3b-e9af83490bf4#51-t2, previous=(t:2, i:10), leaderCommit=10, initializing? false, entries: <empty>
2019-10-21 23:05:54,369 [grpc-default-executor-7] INFO  server.GrpcLogAppender (GrpcLogAppender.java:onCompleted(308)) - 2c02d436-c6f2-4204-8248-e3d2779a79c3@group-60CA7EC77FF7->8e5ceb90-17c7-416d-ba3b-e9af83490bf4-AppendLogResponseHandler: follower responses appendEntries COMPLETED
2019-10-21 23:05:54,375 [grpc-default-executor-7] INFO  impl.FollowerInfo (FollowerInfo.java:lambda$new$0(51)) - 2c02d436-c6f2-4204-8248-e3d2779a79c3@group-60CA7EC77FF7->8e5ceb90-17c7-416d-ba3b-e9af83490bf4: nextIndex: updateUnconditionally 11 -> 10
2019-10-21 23:05:54,382 [95f8ce0c-61f1-45b1-a4e7-5b97bbfe9a5b@group-60CA7EC77FF7-LeaderElection6] INFO  impl.LeaderElection (LeaderElection.java:logAndReturn(56)) - 95f8ce0c-61f1-45b1-a4e7-5b97bbfe9a5b@group-60CA7EC77FF7-LeaderElection6: Election REJECTED; received 2 response(s) [95f8ce0c-61f1-45b1-a4e7-5b97bbfe9a5b<-8e5ceb90-17c7-416d-ba3b-e9af83490bf4#0:FAIL-t3, 95f8ce0c-61f1-45b1-a4e7-5b97bbfe9a5b<-2c02d436-c6f2-4204-8248-e3d2779a79c3#0:FAIL-t3] and 0 exception(s); 95f8ce0c-61f1-45b1-a4e7-5b97bbfe9a5b@group-60CA7EC77FF7:t3, leader=null, voted=95f8ce0c-61f1-45b1-a4e7-5b97bbfe9a5b, raftlog=95f8ce0c-61f1-45b1-a4e7-5b97bbfe9a5b@group-60CA7EC77FF7-SegmentedRaftLog:OPENED:c3,f4,i4, conf=0: [8e5ceb90-17c7-416d-ba3b-e9af83490bf4:192.168.69.118:43663, 95f8ce0c-61f1-45b1-a4e7-5b97bbfe9a5b:192.168.69.118:45158, 2c02d436-c6f2-4204-8248-e3d2779a79c3:192.168.69.118:45342], old=null
2019-10-21 23:05:54,383 [95f8ce0c-61f1-45b1-a4e7-5b97bbfe9a5b@group-60CA7EC77FF7-LeaderElection6] INFO  impl.RaftServerImpl (RaftServerImpl.java:setRole(184)) - 95f8ce0c-61f1-45b1-a4e7-5b97bbfe9a5b@group-60CA7EC77FF7: changes role from CANDIDATE to FOLLOWER at term 3 for DISCOVERED_A_NEW_TERM
2019-10-21 23:05:54,383 [95f8ce0c-61f1-45b1-a4e7-5b97bbfe9a5b@group-60CA7EC77FF7-LeaderElection6] INFO  impl.RoleInfo (RoleInfo.java:shutdownLeaderElection(134)) - 95f8ce0c-61f1-45b1-a4e7-5b97bbfe9a5b: shutdown LeaderElection
2019-10-21 23:05:54,384 [95f8ce0c-61f1-45b1-a4e7-5b97bbfe9a5b@group-60CA7EC77FF7-LeaderElection6] INFO  impl.RoleInfo (RoleInfo.java:updateAndGet(143)) - 95f8ce0c-61f1-45b1-a4e7-5b97bbfe9a5b: start FollowerState
2019-10-21 23:05:54,544 [Thread-562] INFO  impl.FollowerState (FollowerState.java:run(108)) - 95f8ce0c-61f1-45b1-a4e7-5b97bbfe9a5b@group-60CA7EC77FF7-FollowerState: change to CANDIDATE, lastRpcTime:160ms, electionTimeout:159ms
2019-10-21 23:05:54,545 [Thread-562] INFO  impl.RoleInfo (RoleInfo.java:shutdownFollowerState(121)) - 95f8ce0c-61f1-45b1-a4e7-5b97bbfe9a5b: shutdown FollowerState
2019-10-21 23:05:54,546 [Thread-562] INFO  impl.RaftServerImpl (RaftServerImpl.java:setRole(184)) - 95f8ce0c-61f1-45b1-a4e7-5b97bbfe9a5b@group-60CA7EC77FF7: changes role from  FOLLOWER to CANDIDATE at term 3 for changeToCandidate
2019-10-21 23:05:54,546 [Thread-562] INFO  impl.RoleInfo (RoleInfo.java:updateAndGet(143)) - 95f8ce0c-61f1-45b1-a4e7-5b97bbfe9a5b: start LeaderElection
2019-10-21 23:05:54,657 [java.util.concurrent.ThreadPoolExecutor$Worker@49aa5385[State = -1, empty queue]] WARN  server.GrpcLogAppender (GrpcLogAppender.java:timeoutAppendRequest(209)) - 2c02d436-c6f2-4204-8248-e3d2779a79c3@group-60CA7EC77FF7->95f8ce0c-61f1-45b1-a4e7-5b97bbfe9a5b-GrpcLogAppender: appendEntries Timeout, request=2c02d436-c6f2-4204-8248-e3d2779a79c3->95f8ce0c-61f1-45b1-a4e7-5b97bbfe9a5b#51-t2, previous=(t:2, i:10), leaderCommit=10, initializing? false, entries: <empty>
2019-10-21 23:05:54,657 [pool-7-thread-2] INFO  commands.RetriableDatanodeEventWatcher (RetriableDatanodeEventWatcher.java:onTimeout(47)) - RetriableDatanodeCommand type=deleteBlocksCommand with id=1571699151551 timed out. Retrying.
2019-10-21 23:05:54,657 [pool-7-thread-3] INFO  commands.RetriableDatanodeEventWatcher (RetriableDatanodeEventWatcher.java:onTimeout(47)) - RetriableDatanodeCommand type=deleteBlocksCommand with id=1571699151555 timed out. Retrying.
2019-10-21 23:05:54,659 [SCMBlockDeletingService#0] INFO  block.SCMBlockDeletingService (SCMBlockDeletingService.java:call(184)) - Totally added 1 delete blocks command for 1 datanodes, task elapsed time: 2ms
2019-10-21 23:05:54,659 [pool-7-thread-1] INFO  commands.RetriableDatanodeEventWatcher (RetriableDatanodeEventWatcher.java:onTimeout(47)) - RetriableDatanodeCommand type=deleteBlocksCommand with id=1571699151554 timed out. Retrying.
2019-10-21 23:05:54,667 [95f8ce0c-61f1-45b1-a4e7-5b97bbfe9a5b@group-60CA7EC77FF7-LeaderElection8] INFO  impl.LeaderElection (LeaderElection.java:askForVotes(178)) - 95f8ce0c-61f1-45b1-a4e7-5b97bbfe9a5b@group-60CA7EC77FF7-LeaderElection8: begin an election at term 4 for 0: [8e5ceb90-17c7-416d-ba3b-e9af83490bf4:192.168.69.118:43663, 95f8ce0c-61f1-45b1-a4e7-5b97bbfe9a5b:192.168.69.118:45158, 2c02d436-c6f2-4204-8248-e3d2779a79c3:192.168.69.118:45342], old=null
2019-10-21 23:05:54,672 [grpc-default-executor-1] INFO  impl.RaftServerImpl (RaftServerImpl.java:setRole(184)) - 8e5ceb90-17c7-416d-ba3b-e9af83490bf4@group-60CA7EC77FF7: changes role from  FOLLOWER to FOLLOWER at term 4 for recognizeCandidate:95f8ce0c-61f1-45b1-a4e7-5b97bbfe9a5b
2019-10-21 23:05:54,672 [grpc-default-executor-7] INFO  impl.RaftServerImpl (RaftServerImpl.java:setRole(184)) - 2c02d436-c6f2-4204-8248-e3d2779a79c3@group-60CA7EC77FF7: changes role from  FOLLOWER to FOLLOWER at term 4 for recognizeCandidate:95f8ce0c-61f1-45b1-a4e7-5b97bbfe9a5b
2019-10-21 23:05:54,672 [grpc-default-executor-1] INFO  impl.RoleInfo (RoleInfo.java:shutdownFollowerState(121)) - 8e5ceb90-17c7-416d-ba3b-e9af83490bf4: shutdown FollowerState
2019-10-21 23:05:54,672 [grpc-default-executor-7] INFO  impl.RoleInfo (RoleInfo.java:shutdownFollowerState(121)) - 2c02d436-c6f2-4204-8248-e3d2779a79c3: shutdown FollowerState
2019-10-21 23:05:54,672 [Thread-559] INFO  impl.FollowerState (FollowerState.java:run(117)) - 8e5ceb90-17c7-416d-ba3b-e9af83490bf4@group-60CA7EC77FF7-FollowerState was interrupted: java.lang.InterruptedException: sleep interrupted
2019-10-21 23:05:54,673 [grpc-default-executor-7] INFO  impl.RoleInfo (RoleInfo.java:updateAndGet(143)) - 2c02d436-c6f2-4204-8248-e3d2779a79c3: start FollowerState
2019-10-21 23:05:54,672 [grpc-default-executor-1] INFO  impl.RoleInfo (RoleInfo.java:updateAndGet(143)) - 8e5ceb90-17c7-416d-ba3b-e9af83490bf4: start FollowerState
2019-10-21 23:05:54,673 [Thread-561] INFO  impl.FollowerState (FollowerState.java:run(117)) - 2c02d436-c6f2-4204-8248-e3d2779a79c3@group-60CA7EC77FF7-FollowerState was interrupted: java.lang.InterruptedException: sleep interrupted
2019-10-21 23:05:54,693 [95f8ce0c-61f1-45b1-a4e7-5b97bbfe9a5b@group-60CA7EC77FF7-LeaderElection8] INFO  impl.LeaderElection (LeaderElection.java:logAndReturn(56)) - 95f8ce0c-61f1-45b1-a4e7-5b97bbfe9a5b@group-60CA7EC77FF7-LeaderElection8: Election REJECTED; received 2 response(s) [95f8ce0c-61f1-45b1-a4e7-5b97bbfe9a5b<-8e5ceb90-17c7-416d-ba3b-e9af83490bf4#0:FAIL-t4, 95f8ce0c-61f1-45b1-a4e7-5b97bbfe9a5b<-2c02d436-c6f2-4204-8248-e3d2779a79c3#0:FAIL-t4] and 0 exception(s); 95f8ce0c-61f1-45b1-a4e7-5b97bbfe9a5b@group-60CA7EC77FF7:t4, leader=null, voted=95f8ce0c-61f1-45b1-a4e7-5b97bbfe9a5b, raftlog=95f8ce0c-61f1-45b1-a4e7-5b97bbfe9a5b@group-60CA7EC77FF7-SegmentedRaftLog:OPENED:c3,f4,i4, conf=0: [8e5ceb90-17c7-416d-ba3b-e9af83490bf4:192.168.69.118:43663, 95f8ce0c-61f1-45b1-a4e7-5b97bbfe9a5b:192.168.69.118:45158, 2c02d436-c6f2-4204-8248-e3d2779a79c3:192.168.69.118:45342], old=null
2019-10-21 23:05:54,693 [95f8ce0c-61f1-45b1-a4e7-5b97bbfe9a5b@group-60CA7EC77FF7-LeaderElection8] INFO  impl.RaftServerImpl (RaftServerImpl.java:setRole(184)) - 95f8ce0c-61f1-45b1-a4e7-5b97bbfe9a5b@group-60CA7EC77FF7: changes role from CANDIDATE to FOLLOWER at term 4 for DISCOVERED_A_NEW_TERM
2019-10-21 23:05:54,694 [95f8ce0c-61f1-45b1-a4e7-5b97bbfe9a5b@group-60CA7EC77FF7-LeaderElection8] INFO  impl.RoleInfo (RoleInfo.java:shutdownLeaderElection(134)) - 95f8ce0c-61f1-45b1-a4e7-5b97bbfe9a5b: shutdown LeaderElection
2019-10-21 23:05:54,695 [95f8ce0c-61f1-45b1-a4e7-5b97bbfe9a5b@group-60CA7EC77FF7-LeaderElection8] INFO  impl.RoleInfo (RoleInfo.java:updateAndGet(143)) - 95f8ce0c-61f1-45b1-a4e7-5b97bbfe9a5b: start FollowerState
2019-10-21 23:05:54,877 [Thread-568] INFO  impl.FollowerState (FollowerState.java:run(108)) - 95f8ce0c-61f1-45b1-a4e7-5b97bbfe9a5b@group-60CA7EC77FF7-FollowerState: change to CANDIDATE, lastRpcTime:182ms, electionTimeout:181ms
2019-10-21 23:05:54,879 [Thread-568] INFO  impl.RoleInfo (RoleInfo.java:shutdownFollowerState(121)) - 95f8ce0c-61f1-45b1-a4e7-5b97bbfe9a5b: shutdown FollowerState
2019-10-21 23:05:54,879 [Thread-568] INFO  impl.RaftServerImpl (RaftServerImpl.java:setRole(184)) - 95f8ce0c-61f1-45b1-a4e7-5b97bbfe9a5b@group-60CA7EC77FF7: changes role from  FOLLOWER to CANDIDATE at term 4 for changeToCandidate
2019-10-21 23:05:54,879 [Thread-568] INFO  impl.RoleInfo (RoleInfo.java:updateAndGet(143)) - 95f8ce0c-61f1-45b1-a4e7-5b97bbfe9a5b: start LeaderElection
2019-10-21 23:05:54,894 [95f8ce0c-61f1-45b1-a4e7-5b97bbfe9a5b@group-60CA7EC77FF7-LeaderElection9] INFO  impl.LeaderElection (LeaderElection.java:askForVotes(178)) - 95f8ce0c-61f1-45b1-a4e7-5b97bbfe9a5b@group-60CA7EC77FF7-LeaderElection9: begin an election at term 5 for 0: [8e5ceb90-17c7-416d-ba3b-e9af83490bf4:192.168.69.118:43663, 95f8ce0c-61f1-45b1-a4e7-5b97bbfe9a5b:192.168.69.118:45158, 2c02d436-c6f2-4204-8248-e3d2779a79c3:192.168.69.118:45342], old=null
2019-10-21 23:05:54,900 [grpc-default-executor-7] INFO  impl.RaftServerImpl (RaftServerImpl.java:setRole(184)) - 2c02d436-c6f2-4204-8248-e3d2779a79c3@group-60CA7EC77FF7: changes role from  FOLLOWER to FOLLOWER at term 5 for recognizeCandidate:95f8ce0c-61f1-45b1-a4e7-5b97bbfe9a5b
2019-10-21 23:05:54,900 [grpc-default-executor-1] INFO  impl.RaftServerImpl (RaftServerImpl.java:setRole(184)) - 8e5ceb90-17c7-416d-ba3b-e9af83490bf4@group-60CA7EC77FF7: changes role from  FOLLOWER to FOLLOWER at term 5 for recognizeCandidate:95f8ce0c-61f1-45b1-a4e7-5b97bbfe9a5b
2019-10-21 23:05:54,900 [grpc-default-executor-7] INFO  impl.RoleInfo (RoleInfo.java:shutdownFollowerState(121)) - 2c02d436-c6f2-4204-8248-e3d2779a79c3: shutdown FollowerState
2019-10-21 23:05:54,901 [grpc-default-executor-1] INFO  impl.RoleInfo (RoleInfo.java:shutdownFollowerState(121)) - 8e5ceb90-17c7-416d-ba3b-e9af83490bf4: shutdown FollowerState
2019-10-21 23:05:54,901 [Thread-567] INFO  impl.FollowerState (FollowerState.java:run(117)) - 2c02d436-c6f2-4204-8248-e3d2779a79c3@group-60CA7EC77FF7-FollowerState was interrupted: java.lang.InterruptedException: sleep interrupted
2019-10-21 23:05:54,901 [grpc-default-executor-7] INFO  impl.RoleInfo (RoleInfo.java:updateAndGet(143)) - 2c02d436-c6f2-4204-8248-e3d2779a79c3: start FollowerState
2019-10-21 23:05:54,902 [Thread-566] INFO  impl.FollowerState (FollowerState.java:run(117)) - 8e5ceb90-17c7-416d-ba3b-e9af83490bf4@group-60CA7EC77FF7-FollowerState was interrupted: java.lang.InterruptedException: sleep interrupted
2019-10-21 23:05:54,902 [grpc-default-executor-1] INFO  impl.RoleInfo (RoleInfo.java:updateAndGet(143)) - 8e5ceb90-17c7-416d-ba3b-e9af83490bf4: start FollowerState
2019-10-21 23:05:54,932 [95f8ce0c-61f1-45b1-a4e7-5b97bbfe9a5b@group-60CA7EC77FF7-LeaderElection9] INFO  impl.LeaderElection (LeaderElection.java:logAndReturn(56)) - 95f8ce0c-61f1-45b1-a4e7-5b97bbfe9a5b@group-60CA7EC77FF7-LeaderElection9: Election REJECTED; received 2 response(s) [95f8ce0c-61f1-45b1-a4e7-5b97bbfe9a5b<-8e5ceb90-17c7-416d-ba3b-e9af83490bf4#0:FAIL-t5, 95f8ce0c-61f1-45b1-a4e7-5b97bbfe9a5b<-2c02d436-c6f2-4204-8248-e3d2779a79c3#0:FAIL-t5] and 0 exception(s); 95f8ce0c-61f1-45b1-a4e7-5b97bbfe9a5b@group-60CA7EC77FF7:t5, leader=null, voted=95f8ce0c-61f1-45b1-a4e7-5b97bbfe9a5b, raftlog=95f8ce0c-61f1-45b1-a4e7-5b97bbfe9a5b@group-60CA7EC77FF7-SegmentedRaftLog:OPENED:c3,f4,i4, conf=0: [8e5ceb90-17c7-416d-ba3b-e9af83490bf4:192.168.69.118:43663, 95f8ce0c-61f1-45b1-a4e7-5b97bbfe9a5b:192.168.69.118:45158, 2c02d436-c6f2-4204-8248-e3d2779a79c3:192.168.69.118:45342], old=null
2019-10-21 23:05:54,932 [95f8ce0c-61f1-45b1-a4e7-5b97bbfe9a5b@group-60CA7EC77FF7-LeaderElection9] INFO  impl.RaftServerImpl (RaftServerImpl.java:setRole(184)) - 95f8ce0c-61f1-45b1-a4e7-5b97bbfe9a5b@group-60CA7EC77FF7: changes role from CANDIDATE to FOLLOWER at term 5 for DISCOVERED_A_NEW_TERM
2019-10-21 23:05:54,936 [95f8ce0c-61f1-45b1-a4e7-5b97bbfe9a5b@group-60CA7EC77FF7-LeaderElection9] INFO  impl.RoleInfo (RoleInfo.java:shutdownLeaderElection(134)) - 95f8ce0c-61f1-45b1-a4e7-5b97bbfe9a5b: shutdown LeaderElection
2019-10-21 23:05:54,936 [95f8ce0c-61f1-45b1-a4e7-5b97bbfe9a5b@group-60CA7EC77FF7-LeaderElection9] INFO  impl.RoleInfo (RoleInfo.java:updateAndGet(143)) - 95f8ce0c-61f1-45b1-a4e7-5b97bbfe9a5b: start FollowerState
2019-10-21 23:05:54,947 [BlockDeletingService#2] WARN  background.BlockDeletingService (BlockDeletingService.java:isDeletionAllowed(187)) - Close Container log Index 6 is not replicated across allthe servers in the pipeline f77f3c44-7213-45ac-81dc-60ca7ec77ff7 as the min replicated index is 4. Deletion is not allowed in this container yet.
2019-10-21 23:05:54,949 [BlockDeletingService#2] WARN  background.BlockDeletingService (BlockDeletingService.java:isDeletionAllowed(187)) - Close Container log Index 6 is not replicated across allthe servers in the pipeline f77f3c44-7213-45ac-81dc-60ca7ec77ff7 as the min replicated index is 4. Deletion is not allowed in this container yet.
2019-10-21 23:05:55,047 [Thread-574] INFO  impl.FollowerState (FollowerState.java:run(108)) - 95f8ce0c-61f1-45b1-a4e7-5b97bbfe9a5b@group-60CA7EC77FF7-FollowerState: change to CANDIDATE, lastRpcTime:111ms, electionTimeout:111ms
2019-10-21 23:05:55,048 [Thread-574] INFO  impl.RoleInfo (RoleInfo.java:shutdownFollowerState(121)) - 95f8ce0c-61f1-45b1-a4e7-5b97bbfe9a5b: shutdown FollowerState
2019-10-21 23:05:55,048 [Thread-574] INFO  impl.RaftServerImpl (RaftServerImpl.java:setRole(184)) - 95f8ce0c-61f1-45b1-a4e7-5b97bbfe9a5b@group-60CA7EC77FF7: changes role from  FOLLOWER to CANDIDATE at term 5 for changeToCandidate
2019-10-21 23:05:55,048 [Thread-574] INFO  impl.RoleInfo (RoleInfo.java:updateAndGet(143)) - 95f8ce0c-61f1-45b1-a4e7-5b97bbfe9a5b: start LeaderElection
2019-10-21 23:05:55,064 [95f8ce0c-61f1-45b1-a4e7-5b97bbfe9a5b@group-60CA7EC77FF7-LeaderElection10] INFO  impl.LeaderElection (LeaderElection.java:askForVotes(178)) - 95f8ce0c-61f1-45b1-a4e7-5b97bbfe9a5b@group-60CA7EC77FF7-LeaderElection10: begin an election at term 6 for 0: [8e5ceb90-17c7-416d-ba3b-e9af83490bf4:192.168.69.118:43663, 95f8ce0c-61f1-45b1-a4e7-5b97bbfe9a5b:192.168.69.118:45158, 2c02d436-c6f2-4204-8248-e3d2779a79c3:192.168.69.118:45342], old=null
2019-10-21 23:05:55,068 [grpc-default-executor-1] INFO  impl.RaftServerImpl (RaftServerImpl.java:setRole(184)) - 8e5ceb90-17c7-416d-ba3b-e9af83490bf4@group-60CA7EC77FF7: changes role from  FOLLOWER to FOLLOWER at term 6 for recognizeCandidate:95f8ce0c-61f1-45b1-a4e7-5b97bbfe9a5b
2019-10-21 23:05:55,068 [grpc-default-executor-7] INFO  impl.RaftServerImpl (RaftServerImpl.java:setRole(184)) - 2c02d436-c6f2-4204-8248-e3d2779a79c3@group-60CA7EC77FF7: changes role from  FOLLOWER to FOLLOWER at term 6 for recognizeCandidate:95f8ce0c-61f1-45b1-a4e7-5b97bbfe9a5b
2019-10-21 23:05:55,068 [grpc-default-executor-1] INFO  impl.RoleInfo (RoleInfo.java:shutdownFollowerState(121)) - 8e5ceb90-17c7-416d-ba3b-e9af83490bf4: shutdown FollowerState
2019-10-21 23:05:55,068 [grpc-default-executor-7] INFO  impl.RoleInfo (RoleInfo.java:shutdownFollowerState(121)) - 2c02d436-c6f2-4204-8248-e3d2779a79c3: shutdown FollowerState
2019-10-21 23:05:55,069 [grpc-default-executor-1] INFO  impl.RoleInfo (RoleInfo.java:updateAndGet(143)) - 8e5ceb90-17c7-416d-ba3b-e9af83490bf4: start FollowerState
2019-10-21 23:05:55,069 [Thread-573] INFO  impl.FollowerState (FollowerState.java:run(117)) - 8e5ceb90-17c7-416d-ba3b-e9af83490bf4@group-60CA7EC77FF7-FollowerState was interrupted: java.lang.InterruptedException: sleep interrupted
2019-10-21 23:05:55,069 [Thread-572] INFO  impl.FollowerState (FollowerState.java:run(117)) - 2c02d436-c6f2-4204-8248-e3d2779a79c3@group-60CA7EC77FF7-FollowerState was interrupted: java.lang.InterruptedException: sleep interrupted
2019-10-21 23:05:55,069 [grpc-default-executor-7] INFO  impl.RoleInfo (RoleInfo.java:updateAndGet(143)) - 2c02d436-c6f2-4204-8248-e3d2779a79c3: start FollowerState
2019-10-21 23:05:55,089 [95f8ce0c-61f1-45b1-a4e7-5b97bbfe9a5b@group-60CA7EC77FF7-LeaderElection10] INFO  impl.LeaderElection (LeaderElection.java:logAndReturn(56)) - 95f8ce0c-61f1-45b1-a4e7-5b97bbfe9a5b@group-60CA7EC77FF7-LeaderElection10: Election REJECTED; received 2 response(s) [95f8ce0c-61f1-45b1-a4e7-5b97bbfe9a5b<-8e5ceb90-17c7-416d-ba3b-e9af83490bf4#0:FAIL-t6, 95f8ce0c-61f1-45b1-a4e7-5b97bbfe9a5b<-2c02d436-c6f2-4204-8248-e3d2779a79c3#0:FAIL-t6] and 0 exception(s); 95f8ce0c-61f1-45b1-a4e7-5b97bbfe9a5b@group-60CA7EC77FF7:t6, leader=null, voted=95f8ce0c-61f1-45b1-a4e7-5b97bbfe9a5b, raftlog=95f8ce0c-61f1-45b1-a4e7-5b97bbfe9a5b@group-60CA7EC77FF7-SegmentedRaftLog:OPENED:c3,f4,i4, conf=0: [8e5ceb90-17c7-416d-ba3b-e9af83490bf4:192.168.69.118:43663, 95f8ce0c-61f1-45b1-a4e7-5b97bbfe9a5b:192.168.69.118:45158, 2c02d436-c6f2-4204-8248-e3d2779a79c3:192.168.69.118:45342], old=null
2019-10-21 23:05:55,089 [95f8ce0c-61f1-45b1-a4e7-5b97bbfe9a5b@group-60CA7EC77FF7-LeaderElection10] INFO  impl.RaftServerImpl (RaftServerImpl.java:setRole(184)) - 95f8ce0c-61f1-45b1-a4e7-5b97bbfe9a5b@group-60CA7EC77FF7: changes role from CANDIDATE to FOLLOWER at term 6 for DISCOVERED_A_NEW_TERM
2019-10-21 23:05:55,090 [95f8ce0c-61f1-45b1-a4e7-5b97bbfe9a5b@group-60CA7EC77FF7-LeaderElection10] INFO  impl.RoleInfo (RoleInfo.java:shutdownLeaderElection(134)) - 95f8ce0c-61f1-45b1-a4e7-5b97bbfe9a5b: shutdown LeaderElection
2019-10-21 23:05:55,091 [95f8ce0c-61f1-45b1-a4e7-5b97bbfe9a5b@group-60CA7EC77FF7-LeaderElection10] INFO  impl.RoleInfo (RoleInfo.java:updateAndGet(143)) - 95f8ce0c-61f1-45b1-a4e7-5b97bbfe9a5b: start FollowerState
2019-10-21 23:05:55,165 [Thread-582] INFO  impl.FollowerState (FollowerState.java:run(108)) - 95f8ce0c-61f1-45b1-a4e7-5b97bbfe9a5b@group-60CA7EC77FF7-FollowerState: change to CANDIDATE, lastRpcTime:73ms, electionTimeout:73ms
2019-10-21 23:05:55,166 [Thread-582] INFO  impl.RoleInfo (RoleInfo.java:shutdownFollowerState(121)) - 95f8ce0c-61f1-45b1-a4e7-5b97bbfe9a5b: shutdown FollowerState
2019-10-21 23:05:55,166 [Thread-582] INFO  impl.RaftServerImpl (RaftServerImpl.java:setRole(184)) - 95f8ce0c-61f1-45b1-a4e7-5b97bbfe9a5b@group-60CA7EC77FF7: changes role from  FOLLOWER to CANDIDATE at term 6 for changeToCandidate
2019-10-21 23:05:55,166 [Thread-582] INFO  impl.RoleInfo (RoleInfo.java:updateAndGet(143)) - 95f8ce0c-61f1-45b1-a4e7-5b97bbfe9a5b: start LeaderElection
2019-10-21 23:05:55,192 [95f8ce0c-61f1-45b1-a4e7-5b97bbfe9a5b@group-60CA7EC77FF7-LeaderElection11] INFO  impl.LeaderElection (LeaderElection.java:askForVotes(178)) - 95f8ce0c-61f1-45b1-a4e7-5b97bbfe9a5b@group-60CA7EC77FF7-LeaderElection11: begin an election at term 7 for 0: [8e5ceb90-17c7-416d-ba3b-e9af83490bf4:192.168.69.118:43663, 95f8ce0c-61f1-45b1-a4e7-5b97bbfe9a5b:192.168.69.118:45158, 2c02d436-c6f2-4204-8248-e3d2779a79c3:192.168.69.118:45342], old=null
2019-10-21 23:05:55,198 [grpc-default-executor-7] INFO  impl.RaftServerImpl (RaftServerImpl.java:setRole(184)) - 8e5ceb90-17c7-416d-ba3b-e9af83490bf4@group-60CA7EC77FF7: changes role from  FOLLOWER to FOLLOWER at term 7 for recognizeCandidate:95f8ce0c-61f1-45b1-a4e7-5b97bbfe9a5b
2019-10-21 23:05:55,198 [grpc-default-executor-7] INFO  impl.RoleInfo (RoleInfo.java:shutdownFollowerState(121)) - 8e5ceb90-17c7-416d-ba3b-e9af83490bf4: shutdown FollowerState
2019-10-21 23:05:55,198 [grpc-default-executor-1] INFO  impl.RaftServerImpl (RaftServerImpl.java:setRole(184)) - 2c02d436-c6f2-4204-8248-e3d2779a79c3@group-60CA7EC77FF7: changes role from  FOLLOWER to FOLLOWER at term 7 for recognizeCandidate:95f8ce0c-61f1-45b1-a4e7-5b97bbfe9a5b
2019-10-21 23:05:55,198 [grpc-default-executor-7] INFO  impl.RoleInfo (RoleInfo.java:updateAndGet(143)) - 8e5ceb90-17c7-416d-ba3b-e9af83490bf4: start FollowerState
2019-10-21 23:05:55,198 [Thread-580] INFO  impl.FollowerState (FollowerState.java:run(117)) - 8e5ceb90-17c7-416d-ba3b-e9af83490bf4@group-60CA7EC77FF7-FollowerState was interrupted: java.lang.InterruptedException: sleep interrupted
2019-10-21 23:05:55,199 [grpc-default-executor-1] INFO  impl.RoleInfo (RoleInfo.java:shutdownFollowerState(121)) - 2c02d436-c6f2-4204-8248-e3d2779a79c3: shutdown FollowerState
2019-10-21 23:05:55,200 [Thread-581] INFO  impl.FollowerState (FollowerState.java:run(117)) - 2c02d436-c6f2-4204-8248-e3d2779a79c3@group-60CA7EC77FF7-FollowerState was interrupted: java.lang.InterruptedException: sleep interrupted
2019-10-21 23:05:55,200 [grpc-default-executor-1] INFO  impl.RoleInfo (RoleInfo.java:updateAndGet(143)) - 2c02d436-c6f2-4204-8248-e3d2779a79c3: start FollowerState
2019-10-21 23:05:55,221 [95f8ce0c-61f1-45b1-a4e7-5b97bbfe9a5b@group-60CA7EC77FF7-LeaderElection11] INFO  impl.LeaderElection (LeaderElection.java:logAndReturn(56)) - 95f8ce0c-61f1-45b1-a4e7-5b97bbfe9a5b@group-60CA7EC77FF7-LeaderElection11: Election REJECTED; received 2 response(s) [95f8ce0c-61f1-45b1-a4e7-5b97bbfe9a5b<-8e5ceb90-17c7-416d-ba3b-e9af83490bf4#0:FAIL-t7, 95f8ce0c-61f1-45b1-a4e7-5b97bbfe9a5b<-2c02d436-c6f2-4204-8248-e3d2779a79c3#0:FAIL-t7] and 0 exception(s); 95f8ce0c-61f1-45b1-a4e7-5b97bbfe9a5b@group-60CA7EC77FF7:t7, leader=null, voted=95f8ce0c-61f1-45b1-a4e7-5b97bbfe9a5b, raftlog=95f8ce0c-61f1-45b1-a4e7-5b97bbfe9a5b@group-60CA7EC77FF7-SegmentedRaftLog:OPENED:c3,f4,i4, conf=0: [8e5ceb90-17c7-416d-ba3b-e9af83490bf4:192.168.69.118:43663, 95f8ce0c-61f1-45b1-a4e7-5b97bbfe9a5b:192.168.69.118:45158, 2c02d436-c6f2-4204-8248-e3d2779a79c3:192.168.69.118:45342], old=null
2019-10-21 23:05:55,221 [95f8ce0c-61f1-45b1-a4e7-5b97bbfe9a5b@group-60CA7EC77FF7-LeaderElection11] INFO  impl.RaftServerImpl (RaftServerImpl.java:setRole(184)) - 95f8ce0c-61f1-45b1-a4e7-5b97bbfe9a5b@group-60CA7EC77FF7: changes role from CANDIDATE to FOLLOWER at term 7 for DISCOVERED_A_NEW_TERM
2019-10-21 23:05:55,222 [95f8ce0c-61f1-45b1-a4e7-5b97bbfe9a5b@group-60CA7EC77FF7-LeaderElection11] INFO  impl.RoleInfo (RoleInfo.java:shutdownLeaderElection(134)) - 95f8ce0c-61f1-45b1-a4e7-5b97bbfe9a5b: shutdown LeaderElection
2019-10-21 23:05:55,222 [95f8ce0c-61f1-45b1-a4e7-5b97bbfe9a5b@group-60CA7EC77FF7-LeaderElection11] INFO  impl.RoleInfo (RoleInfo.java:updateAndGet(143)) - 95f8ce0c-61f1-45b1-a4e7-5b97bbfe9a5b: start FollowerState
2019-10-21 23:05:55,238 [Thread-588] INFO  impl.FollowerState (FollowerState.java:run(108)) - 95f8ce0c-61f1-45b1-a4e7-5b97bbfe9a5b@group-60CA7EC77FF7-FollowerState: change to CANDIDATE, lastRpcTime:16ms, electionTimeout:15ms
2019-10-21 23:05:55,239 [Thread-588] INFO  impl.RoleInfo (RoleInfo.java:shutdownFollowerState(121)) - 95f8ce0c-61f1-45b1-a4e7-5b97bbfe9a5b: shutdown FollowerState
2019-10-21 23:05:55,239 [Thread-588] INFO  impl.RaftServerImpl (RaftServerImpl.java:setRole(184)) - 95f8ce0c-61f1-45b1-a4e7-5b97bbfe9a5b@group-60CA7EC77FF7: changes role from  FOLLOWER to CANDIDATE at term 7 for changeToCandidate
2019-10-21 23:05:55,240 [Thread-588] INFO  impl.RoleInfo (RoleInfo.java:updateAndGet(143)) - 95f8ce0c-61f1-45b1-a4e7-5b97bbfe9a5b: start LeaderElection
2019-10-21 23:05:55,267 [95f8ce0c-61f1-45b1-a4e7-5b97bbfe9a5b@group-60CA7EC77FF7-LeaderElection12] INFO  impl.LeaderElection (LeaderElection.java:askForVotes(178)) - 95f8ce0c-61f1-45b1-a4e7-5b97bbfe9a5b@group-60CA7EC77FF7-LeaderElection12: begin an election at term 8 for 0: [8e5ceb90-17c7-416d-ba3b-e9af83490bf4:192.168.69.118:43663, 95f8ce0c-61f1-45b1-a4e7-5b97bbfe9a5b:192.168.69.118:45158, 2c02d436-c6f2-4204-8248-e3d2779a79c3:192.168.69.118:45342], old=null
2019-10-21 23:05:55,271 [95f8ce0c-61f1-45b1-a4e7-5b97bbfe9a5b@group-60CA7EC77FF7-LeaderElection12] INFO  impl.LeaderElection (LeaderElection.java:logAndReturn(56)) - 95f8ce0c-61f1-45b1-a4e7-5b97bbfe9a5b@group-60CA7EC77FF7-LeaderElection12: Election TIMEOUT; received 0 response(s) [] and 0 exception(s); 95f8ce0c-61f1-45b1-a4e7-5b97bbfe9a5b@group-60CA7EC77FF7:t8, leader=null, voted=95f8ce0c-61f1-45b1-a4e7-5b97bbfe9a5b, raftlog=95f8ce0c-61f1-45b1-a4e7-5b97bbfe9a5b@group-60CA7EC77FF7-SegmentedRaftLog:OPENED:c3,f4,i4, conf=0: [8e5ceb90-17c7-416d-ba3b-e9af83490bf4:192.168.69.118:43663, 95f8ce0c-61f1-45b1-a4e7-5b97bbfe9a5b:192.168.69.118:45158, 2c02d436-c6f2-4204-8248-e3d2779a79c3:192.168.69.118:45342], old=null
2019-10-21 23:05:55,273 [grpc-default-executor-7] INFO  impl.RaftServerImpl (RaftServerImpl.java:setRole(184)) - 2c02d436-c6f2-4204-8248-e3d2779a79c3@group-60CA7EC77FF7: changes role from  FOLLOWER to FOLLOWER at term 8 for recognizeCandidate:95f8ce0c-61f1-45b1-a4e7-5b97bbfe9a5b
2019-10-21 23:05:55,274 [grpc-default-executor-1] INFO  impl.RaftServerImpl (RaftServerImpl.java:setRole(184)) - 8e5ceb90-17c7-416d-ba3b-e9af83490bf4@group-60CA7EC77FF7: changes role from  FOLLOWER to FOLLOWER at term 8 for recognizeCandidate:95f8ce0c-61f1-45b1-a4e7-5b97bbfe9a5b
2019-10-21 23:05:55,274 [grpc-default-executor-7] INFO  impl.RoleInfo (RoleInfo.java:shutdownFollowerState(121)) - 2c02d436-c6f2-4204-8248-e3d2779a79c3: shutdown FollowerState
2019-10-21 23:05:55,275 [grpc-default-executor-1] INFO  impl.RoleInfo (RoleInfo.java:shutdownFollowerState(121)) - 8e5ceb90-17c7-416d-ba3b-e9af83490bf4: shutdown FollowerState
2019-10-21 23:05:55,275 [Thread-587] INFO  impl.FollowerState (FollowerState.java:run(117)) - 2c02d436-c6f2-4204-8248-e3d2779a79c3@group-60CA7EC77FF7-FollowerState was interrupted: java.lang.InterruptedException: sleep interrupted
2019-10-21 23:05:55,275 [grpc-default-executor-7] INFO  impl.RoleInfo (RoleInfo.java:updateAndGet(143)) - 2c02d436-c6f2-4204-8248-e3d2779a79c3: start FollowerState
2019-10-21 23:05:55,275 [grpc-default-executor-1] INFO  impl.RoleInfo (RoleInfo.java:updateAndGet(143)) - 8e5ceb90-17c7-416d-ba3b-e9af83490bf4: start FollowerState
2019-10-21 23:05:55,275 [Thread-586] INFO  impl.FollowerState (FollowerState.java:run(117)) - 8e5ceb90-17c7-416d-ba3b-e9af83490bf4@group-60CA7EC77FF7-FollowerState was interrupted: java.lang.InterruptedException: sleep interrupted
2019-10-21 23:05:55,284 [95f8ce0c-61f1-45b1-a4e7-5b97bbfe9a5b@group-60CA7EC77FF7-LeaderElection12] INFO  impl.LeaderElection (LeaderElection.java:askForVotes(178)) - 95f8ce0c-61f1-45b1-a4e7-5b97bbfe9a5b@group-60CA7EC77FF7-LeaderElection12: begin an election at term 9 for 0: [8e5ceb90-17c7-416d-ba3b-e9af83490bf4:192.168.69.118:43663, 95f8ce0c-61f1-45b1-a4e7-5b97bbfe9a5b:192.168.69.118:45158, 2c02d436-c6f2-4204-8248-e3d2779a79c3:192.168.69.118:45342], old=null
2019-10-21 23:05:55,289 [grpc-default-executor-1] INFO  impl.RaftServerImpl (RaftServerImpl.java:setRole(184)) - 8e5ceb90-17c7-416d-ba3b-e9af83490bf4@group-60CA7EC77FF7: changes role from  FOLLOWER to FOLLOWER at term 9 for recognizeCandidate:95f8ce0c-61f1-45b1-a4e7-5b97bbfe9a5b
2019-10-21 23:05:55,289 [grpc-default-executor-1] INFO  impl.RoleInfo (RoleInfo.java:shutdownFollowerState(121)) - 8e5ceb90-17c7-416d-ba3b-e9af83490bf4: shutdown FollowerState
2019-10-21 23:05:55,291 [grpc-default-executor-1] INFO  impl.RoleInfo (RoleInfo.java:updateAndGet(143)) - 8e5ceb90-17c7-416d-ba3b-e9af83490bf4: start FollowerState
2019-10-21 23:05:55,291 [grpc-default-executor-7] INFO  impl.RaftServerImpl (RaftServerImpl.java:setRole(184)) - 2c02d436-c6f2-4204-8248-e3d2779a79c3@group-60CA7EC77FF7: changes role from  FOLLOWER to FOLLOWER at term 9 for recognizeCandidate:95f8ce0c-61f1-45b1-a4e7-5b97bbfe9a5b
2019-10-21 23:05:55,291 [Thread-593] INFO  impl.FollowerState (FollowerState.java:run(117)) - 8e5ceb90-17c7-416d-ba3b-e9af83490bf4@group-60CA7EC77FF7-FollowerState was interrupted: java.lang.InterruptedException: sleep interrupted
2019-10-21 23:05:55,291 [grpc-default-executor-7] INFO  impl.RoleInfo (RoleInfo.java:shutdownFollowerState(121)) - 2c02d436-c6f2-4204-8248-e3d2779a79c3: shutdown FollowerState
2019-10-21 23:05:55,292 [Thread-592] INFO  impl.FollowerState (FollowerState.java:run(117)) - 2c02d436-c6f2-4204-8248-e3d2779a79c3@group-60CA7EC77FF7-FollowerState was interrupted: java.lang.InterruptedException: sleep interrupted
2019-10-21 23:05:55,292 [grpc-default-executor-7] INFO  impl.RoleInfo (RoleInfo.java:updateAndGet(143)) - 2c02d436-c6f2-4204-8248-e3d2779a79c3: start FollowerState
2019-10-21 23:05:55,305 [95f8ce0c-61f1-45b1-a4e7-5b97bbfe9a5b@group-60CA7EC77FF7-LeaderElection12] INFO  impl.LeaderElection (LeaderElection.java:logAndReturn(56)) - 95f8ce0c-61f1-45b1-a4e7-5b97bbfe9a5b@group-60CA7EC77FF7-LeaderElection12: Election REJECTED; received 2 response(s) [95f8ce0c-61f1-45b1-a4e7-5b97bbfe9a5b<-8e5ceb90-17c7-416d-ba3b-e9af83490bf4#0:FAIL-t9, 95f8ce0c-61f1-45b1-a4e7-5b97bbfe9a5b<-2c02d436-c6f2-4204-8248-e3d2779a79c3#0:FAIL-t9] and 0 exception(s); 95f8ce0c-61f1-45b1-a4e7-5b97bbfe9a5b@group-60CA7EC77FF7:t9, leader=null, voted=95f8ce0c-61f1-45b1-a4e7-5b97bbfe9a5b, raftlog=95f8ce0c-61f1-45b1-a4e7-5b97bbfe9a5b@group-60CA7EC77FF7-SegmentedRaftLog:OPENED:c3,f4,i4, conf=0: [8e5ceb90-17c7-416d-ba3b-e9af83490bf4:192.168.69.118:43663, 95f8ce0c-61f1-45b1-a4e7-5b97bbfe9a5b:192.168.69.118:45158, 2c02d436-c6f2-4204-8248-e3d2779a79c3:192.168.69.118:45342], old=null
2019-10-21 23:05:55,306 [95f8ce0c-61f1-45b1-a4e7-5b97bbfe9a5b@group-60CA7EC77FF7-LeaderElection12] INFO  impl.RaftServerImpl (RaftServerImpl.java:setRole(184)) - 95f8ce0c-61f1-45b1-a4e7-5b97bbfe9a5b@group-60CA7EC77FF7: changes role from CANDIDATE to FOLLOWER at term 9 for DISCOVERED_A_NEW_TERM
2019-10-21 23:05:55,307 [95f8ce0c-61f1-45b1-a4e7-5b97bbfe9a5b@group-60CA7EC77FF7-LeaderElection12] INFO  impl.RoleInfo (RoleInfo.java:shutdownLeaderElection(134)) - 95f8ce0c-61f1-45b1-a4e7-5b97bbfe9a5b: shutdown LeaderElection
2019-10-21 23:05:55,307 [95f8ce0c-61f1-45b1-a4e7-5b97bbfe9a5b@group-60CA7EC77FF7-LeaderElection12] INFO  impl.RoleInfo (RoleInfo.java:updateAndGet(143)) - 95f8ce0c-61f1-45b1-a4e7-5b97bbfe9a5b: start FollowerState
2019-10-21 23:05:55,321 [Thread-599] INFO  impl.FollowerState (FollowerState.java:run(108)) - 95f8ce0c-61f1-45b1-a4e7-5b97bbfe9a5b@group-60CA7EC77FF7-FollowerState: change to CANDIDATE, lastRpcTime:14ms, electionTimeout:13ms
2019-10-21 23:05:55,322 [Thread-599] INFO  impl.RoleInfo (RoleInfo.java:shutdownFollowerState(121)) - 95f8ce0c-61f1-45b1-a4e7-5b97bbfe9a5b: shutdown FollowerState
2019-10-21 23:05:55,322 [Thread-599] INFO  impl.RaftServerImpl (RaftServerImpl.java:setRole(184)) - 95f8ce0c-61f1-45b1-a4e7-5b97bbfe9a5b@group-60CA7EC77FF7: changes role from  FOLLOWER to CANDIDATE at term 9 for changeToCandidate
2019-10-21 23:05:55,322 [Thread-599] INFO  impl.RoleInfo (RoleInfo.java:updateAndGet(143)) - 95f8ce0c-61f1-45b1-a4e7-5b97bbfe9a5b: start LeaderElection
2019-10-21 23:05:55,338 [95f8ce0c-61f1-45b1-a4e7-5b97bbfe9a5b@group-60CA7EC77FF7-LeaderElection13] INFO  impl.LeaderElection (LeaderElection.java:askForVotes(178)) - 95f8ce0c-61f1-45b1-a4e7-5b97bbfe9a5b@group-60CA7EC77FF7-LeaderElection13: begin an election at term 10 for 0: [8e5ceb90-17c7-416d-ba3b-e9af83490bf4:192.168.69.118:43663, 95f8ce0c-61f1-45b1-a4e7-5b97bbfe9a5b:192.168.69.118:45158, 2c02d436-c6f2-4204-8248-e3d2779a79c3:192.168.69.118:45342], old=null
2019-10-21 23:05:55,342 [grpc-default-executor-7] INFO  impl.RaftServerImpl (RaftServerImpl.java:setRole(184)) - 2c02d436-c6f2-4204-8248-e3d2779a79c3@group-60CA7EC77FF7: changes role from  FOLLOWER to FOLLOWER at term 10 for recognizeCandidate:95f8ce0c-61f1-45b1-a4e7-5b97bbfe9a5b
2019-10-21 23:05:55,342 [grpc-default-executor-1] INFO  impl.RaftServerImpl (RaftServerImpl.java:setRole(184)) - 8e5ceb90-17c7-416d-ba3b-e9af83490bf4@group-60CA7EC77FF7: changes role from  FOLLOWER to FOLLOWER at term 10 for recognizeCandidate:95f8ce0c-61f1-45b1-a4e7-5b97bbfe9a5b
2019-10-21 23:05:55,342 [grpc-default-executor-7] INFO  impl.RoleInfo (RoleInfo.java:shutdownFollowerState(121)) - 2c02d436-c6f2-4204-8248-e3d2779a79c3: shutdown FollowerState
2019-10-21 23:05:55,342 [grpc-default-executor-1] INFO  impl.RoleInfo (RoleInfo.java:shutdownFollowerState(121)) - 8e5ceb90-17c7-416d-ba3b-e9af83490bf4: shutdown FollowerState
2019-10-21 23:05:55,342 [Thread-598] INFO  impl.FollowerState (FollowerState.java:run(117)) - 2c02d436-c6f2-4204-8248-e3d2779a79c3@group-60CA7EC77FF7-FollowerState was interrupted: java.lang.InterruptedException: sleep interrupted
2019-10-21 23:05:55,342 [Thread-597] INFO  impl.FollowerState (FollowerState.java:run(117)) - 8e5ceb90-17c7-416d-ba3b-e9af83490bf4@group-60CA7EC77FF7-FollowerState was interrupted: java.lang.InterruptedException: sleep interrupted
2019-10-21 23:05:55,342 [grpc-default-executor-1] INFO  impl.RoleInfo (RoleInfo.java:updateAndGet(143)) - 8e5ceb90-17c7-416d-ba3b-e9af83490bf4: start FollowerState
2019-10-21 23:05:55,342 [grpc-default-executor-7] INFO  impl.RoleInfo (RoleInfo.java:updateAndGet(143)) - 2c02d436-c6f2-4204-8248-e3d2779a79c3: start FollowerState
2019-10-21 23:05:55,354 [95f8ce0c-61f1-45b1-a4e7-5b97bbfe9a5b@group-60CA7EC77FF7-LeaderElection13] INFO  impl.LeaderElection (LeaderElection.java:logAndReturn(56)) - 95f8ce0c-61f1-45b1-a4e7-5b97bbfe9a5b@group-60CA7EC77FF7-LeaderElection13: Election TIMEOUT; received 0 response(s) [] and 0 exception(s); 95f8ce0c-61f1-45b1-a4e7-5b97bbfe9a5b@group-60CA7EC77FF7:t10, leader=null, voted=95f8ce0c-61f1-45b1-a4e7-5b97bbfe9a5b, raftlog=95f8ce0c-61f1-45b1-a4e7-5b97bbfe9a5b@group-60CA7EC77FF7-SegmentedRaftLog:OPENED:c3,f4,i4, conf=0: [8e5ceb90-17c7-416d-ba3b-e9af83490bf4:192.168.69.118:43663, 95f8ce0c-61f1-45b1-a4e7-5b97bbfe9a5b:192.168.69.118:45158, 2c02d436-c6f2-4204-8248-e3d2779a79c3:192.168.69.118:45342], old=null
2019-10-21 23:05:55,359 [95f8ce0c-61f1-45b1-a4e7-5b97bbfe9a5b@group-60CA7EC77FF7-LeaderElection13] INFO  impl.LeaderElection (LeaderElection.java:askForVotes(178)) - 95f8ce0c-61f1-45b1-a4e7-5b97bbfe9a5b@group-60CA7EC77FF7-LeaderElection13: begin an election at term 11 for 0: [8e5ceb90-17c7-416d-ba3b-e9af83490bf4:192.168.69.118:43663, 95f8ce0c-61f1-45b1-a4e7-5b97bbfe9a5b:192.168.69.118:45158, 2c02d436-c6f2-4204-8248-e3d2779a79c3:192.168.69.118:45342], old=null
2019-10-21 23:05:55,364 [grpc-default-executor-7] INFO  impl.RaftServerImpl (RaftServerImpl.java:setRole(184)) - 8e5ceb90-17c7-416d-ba3b-e9af83490bf4@group-60CA7EC77FF7: changes role from  FOLLOWER to FOLLOWER at term 11 for recognizeCandidate:95f8ce0c-61f1-45b1-a4e7-5b97bbfe9a5b
2019-10-21 23:05:55,364 [grpc-default-executor-1] INFO  impl.RaftServerImpl (RaftServerImpl.java:setRole(184)) - 2c02d436-c6f2-4204-8248-e3d2779a79c3@group-60CA7EC77FF7: changes role from  FOLLOWER to FOLLOWER at term 11 for recognizeCandidate:95f8ce0c-61f1-45b1-a4e7-5b97bbfe9a5b
2019-10-21 23:05:55,365 [grpc-default-executor-7] INFO  impl.RoleInfo (RoleInfo.java:shutdownFollowerState(121)) - 8e5ceb90-17c7-416d-ba3b-e9af83490bf4: shutdown FollowerState
2019-10-21 23:05:55,365 [grpc-default-executor-1] INFO  impl.RoleInfo (RoleInfo.java:shutdownFollowerState(121)) - 2c02d436-c6f2-4204-8248-e3d2779a79c3: shutdown FollowerState
2019-10-21 23:05:55,366 [grpc-default-executor-7] INFO  impl.RoleInfo (RoleInfo.java:updateAndGet(143)) - 8e5ceb90-17c7-416d-ba3b-e9af83490bf4: start FollowerState
2019-10-21 23:05:55,366 [Thread-604] INFO  impl.FollowerState (FollowerState.java:run(117)) - 8e5ceb90-17c7-416d-ba3b-e9af83490bf4@group-60CA7EC77FF7-FollowerState was interrupted: java.lang.InterruptedException: sleep interrupted
2019-10-21 23:05:55,366 [grpc-default-executor-1] INFO  impl.RoleInfo (RoleInfo.java:updateAndGet(143)) - 2c02d436-c6f2-4204-8248-e3d2779a79c3: start FollowerState
2019-10-21 23:05:55,366 [Thread-603] INFO  impl.FollowerState (FollowerState.java:run(117)) - 2c02d436-c6f2-4204-8248-e3d2779a79c3@group-60CA7EC77FF7-FollowerState was interrupted: java.lang.InterruptedException: sleep interrupted
2019-10-21 23:05:55,384 [95f8ce0c-61f1-45b1-a4e7-5b97bbfe9a5b@group-60CA7EC77FF7-LeaderElection13] INFO  impl.LeaderElection (LeaderElection.java:logAndReturn(56)) - 95f8ce0c-61f1-45b1-a4e7-5b97bbfe9a5b@group-60CA7EC77FF7-LeaderElection13: Election REJECTED; received 2 response(s) [95f8ce0c-61f1-45b1-a4e7-5b97bbfe9a5b<-8e5ceb90-17c7-416d-ba3b-e9af83490bf4#0:FAIL-t11, 95f8ce0c-61f1-45b1-a4e7-5b97bbfe9a5b<-2c02d436-c6f2-4204-8248-e3d2779a79c3#0:FAIL-t11] and 0 exception(s); 95f8ce0c-61f1-45b1-a4e7-5b97bbfe9a5b@group-60CA7EC77FF7:t11, leader=null, voted=95f8ce0c-61f1-45b1-a4e7-5b97bbfe9a5b, raftlog=95f8ce0c-61f1-45b1-a4e7-5b97bbfe9a5b@group-60CA7EC77FF7-SegmentedRaftLog:OPENED:c3,f4,i4, conf=0: [8e5ceb90-17c7-416d-ba3b-e9af83490bf4:192.168.69.118:43663, 95f8ce0c-61f1-45b1-a4e7-5b97bbfe9a5b:192.168.69.118:45158, 2c02d436-c6f2-4204-8248-e3d2779a79c3:192.168.69.118:45342], old=null
2019-10-21 23:05:55,384 [95f8ce0c-61f1-45b1-a4e7-5b97bbfe9a5b@group-60CA7EC77FF7-LeaderElection13] INFO  impl.RaftServerImpl (RaftServerImpl.java:setRole(184)) - 95f8ce0c-61f1-45b1-a4e7-5b97bbfe9a5b@group-60CA7EC77FF7: changes role from CANDIDATE to FOLLOWER at term 11 for DISCOVERED_A_NEW_TERM
2019-10-21 23:05:55,384 [95f8ce0c-61f1-45b1-a4e7-5b97bbfe9a5b@group-60CA7EC77FF7-LeaderElection13] INFO  impl.RoleInfo (RoleInfo.java:shutdownLeaderElection(134)) - 95f8ce0c-61f1-45b1-a4e7-5b97bbfe9a5b: shutdown LeaderElection
2019-10-21 23:05:55,385 [Thread-610] INFO  client.GrpcClientProtocolService (GrpcClientProtocolService.java:lambda$processClientRequest$0(278)) - Failed RaftClientRequest:client-0013CC304CD3->95f8ce0c-61f1-45b1-a4e7-5b97bbfe9a5b@group-60CA7EC77FF7, cid=10, seq=0, Watch-ALL_COMMITTED(6), Message:<EMPTY>, reply=RaftClientReply:client-0013CC304CD3->95f8ce0c-61f1-45b1-a4e7-5b97bbfe9a5b@group-60CA7EC77FF7, cid=10, FAILED org.apache.ratis.protocol.NotLeaderException: Server 95f8ce0c-61f1-45b1-a4e7-5b97bbfe9a5b@group-60CA7EC77FF7 is not the leader, logIndex=0, commits[95f8ce0c-61f1-45b1-a4e7-5b97bbfe9a5b:c3]
2019-10-21 23:05:55,386 [95f8ce0c-61f1-45b1-a4e7-5b97bbfe9a5b@group-60CA7EC77FF7-LeaderElection13] INFO  impl.RoleInfo (RoleInfo.java:updateAndGet(143)) - 95f8ce0c-61f1-45b1-a4e7-5b97bbfe9a5b: start FollowerState
2019-10-21 23:05:55,527 [Thread-611] INFO  impl.FollowerState (FollowerState.java:run(108)) - 95f8ce0c-61f1-45b1-a4e7-5b97bbfe9a5b@group-60CA7EC77FF7-FollowerState: change to CANDIDATE, lastRpcTime:140ms, electionTimeout:136ms
2019-10-21 23:05:55,529 [Thread-611] INFO  impl.RoleInfo (RoleInfo.java:shutdownFollowerState(121)) - 95f8ce0c-61f1-45b1-a4e7-5b97bbfe9a5b: shutdown FollowerState
2019-10-21 23:05:55,529 [Thread-611] INFO  impl.RaftServerImpl (RaftServerImpl.java:setRole(184)) - 95f8ce0c-61f1-45b1-a4e7-5b97bbfe9a5b@group-60CA7EC77FF7: changes role from  FOLLOWER to CANDIDATE at term 11 for changeToCandidate
2019-10-21 23:05:55,529 [Thread-611] INFO  impl.RoleInfo (RoleInfo.java:updateAndGet(143)) - 95f8ce0c-61f1-45b1-a4e7-5b97bbfe9a5b: start LeaderElection
2019-10-21 23:05:55,544 [95f8ce0c-61f1-45b1-a4e7-5b97bbfe9a5b@group-60CA7EC77FF7-LeaderElection14] INFO  impl.LeaderElection (LeaderElection.java:askForVotes(178)) - 95f8ce0c-61f1-45b1-a4e7-5b97bbfe9a5b@group-60CA7EC77FF7-LeaderElection14: begin an election at term 12 for 0: [8e5ceb90-17c7-416d-ba3b-e9af83490bf4:192.168.69.118:43663, 95f8ce0c-61f1-45b1-a4e7-5b97bbfe9a5b:192.168.69.118:45158, 2c02d436-c6f2-4204-8248-e3d2779a79c3:192.168.69.118:45342], old=null
2019-10-21 23:05:55,551 [grpc-default-executor-6] INFO  impl.RaftServerImpl (RaftServerImpl.java:setRole(184)) - 8e5ceb90-17c7-416d-ba3b-e9af83490bf4@group-60CA7EC77FF7: changes role from  FOLLOWER to FOLLOWER at term 12 for recognizeCandidate:95f8ce0c-61f1-45b1-a4e7-5b97bbfe9a5b
2019-10-21 23:05:55,551 [grpc-default-executor-1] INFO  impl.RaftServerImpl (RaftServerImpl.java:setRole(184)) - 2c02d436-c6f2-4204-8248-e3d2779a79c3@group-60CA7EC77FF7: changes role from  FOLLOWER to FOLLOWER at term 12 for recognizeCandidate:95f8ce0c-61f1-45b1-a4e7-5b97bbfe9a5b
2019-10-21 23:05:55,551 [grpc-default-executor-6] INFO  impl.RoleInfo (RoleInfo.java:shutdownFollowerState(121)) - 8e5ceb90-17c7-416d-ba3b-e9af83490bf4: shutdown FollowerState
2019-10-21 23:05:55,551 [grpc-default-executor-1] INFO  impl.RoleInfo (RoleInfo.java:shutdownFollowerState(121)) - 2c02d436-c6f2-4204-8248-e3d2779a79c3: shutdown FollowerState
2019-10-21 23:05:55,551 [grpc-default-executor-6] INFO  impl.RoleInfo (RoleInfo.java:updateAndGet(143)) - 8e5ceb90-17c7-416d-ba3b-e9af83490bf4: start FollowerState
2019-10-21 23:05:55,551 [Thread-607] INFO  impl.FollowerState (FollowerState.java:run(117)) - 8e5ceb90-17c7-416d-ba3b-e9af83490bf4@group-60CA7EC77FF7-FollowerState was interrupted: java.lang.InterruptedException: sleep interrupted
2019-10-21 23:05:55,552 [Thread-608] INFO  impl.FollowerState (FollowerState.java:run(117)) - 2c02d436-c6f2-4204-8248-e3d2779a79c3@group-60CA7EC77FF7-FollowerState was interrupted: java.lang.InterruptedException: sleep interrupted
2019-10-21 23:05:55,552 [grpc-default-executor-1] INFO  impl.RoleInfo (RoleInfo.java:updateAndGet(143)) - 2c02d436-c6f2-4204-8248-e3d2779a79c3: start FollowerState
2019-10-21 23:05:55,562 [95f8ce0c-61f1-45b1-a4e7-5b97bbfe9a5b@group-60CA7EC77FF7-LeaderElection14] INFO  impl.LeaderElection (LeaderElection.java:logAndReturn(56)) - 95f8ce0c-61f1-45b1-a4e7-5b97bbfe9a5b@group-60CA7EC77FF7-LeaderElection14: Election REJECTED; received 2 response(s) [95f8ce0c-61f1-45b1-a4e7-5b97bbfe9a5b<-8e5ceb90-17c7-416d-ba3b-e9af83490bf4#0:FAIL-t12, 95f8ce0c-61f1-45b1-a4e7-5b97bbfe9a5b<-2c02d436-c6f2-4204-8248-e3d2779a79c3#0:FAIL-t12] and 0 exception(s); 95f8ce0c-61f1-45b1-a4e7-5b97bbfe9a5b@group-60CA7EC77FF7:t12, leader=null, voted=95f8ce0c-61f1-45b1-a4e7-5b97bbfe9a5b, raftlog=95f8ce0c-61f1-45b1-a4e7-5b97bbfe9a5b@group-60CA7EC77FF7-SegmentedRaftLog:OPENED:c3,f4,i4, conf=0: [8e5ceb90-17c7-416d-ba3b-e9af83490bf4:192.168.69.118:43663, 95f8ce0c-61f1-45b1-a4e7-5b97bbfe9a5b:192.168.69.118:45158, 2c02d436-c6f2-4204-8248-e3d2779a79c3:192.168.69.118:45342], old=null
2019-10-21 23:05:55,563 [95f8ce0c-61f1-45b1-a4e7-5b97bbfe9a5b@group-60CA7EC77FF7-LeaderElection14] INFO  impl.RaftServerImpl (RaftServerImpl.java:setRole(184)) - 95f8ce0c-61f1-45b1-a4e7-5b97bbfe9a5b@group-60CA7EC77FF7: changes role from CANDIDATE to FOLLOWER at term 12 for DISCOVERED_A_NEW_TERM
2019-10-21 23:05:55,566 [95f8ce0c-61f1-45b1-a4e7-5b97bbfe9a5b@group-60CA7EC77FF7-LeaderElection14] INFO  impl.RoleInfo (RoleInfo.java:shutdownLeaderElection(134)) - 95f8ce0c-61f1-45b1-a4e7-5b97bbfe9a5b: shutdown LeaderElection
2019-10-21 23:05:55,566 [95f8ce0c-61f1-45b1-a4e7-5b97bbfe9a5b@group-60CA7EC77FF7-LeaderElection14] INFO  impl.RoleInfo (RoleInfo.java:updateAndGet(143)) - 95f8ce0c-61f1-45b1-a4e7-5b97bbfe9a5b: start FollowerState
2019-10-21 23:05:55,659 [pool-7-thread-1] INFO  commands.RetriableDatanodeEventWatcher (RetriableDatanodeEventWatcher.java:onTimeout(47)) - RetriableDatanodeCommand type=deleteBlocksCommand with id=1571699151556 timed out. Retrying.
2019-10-21 23:05:55,660 [pool-7-thread-2] INFO  commands.RetriableDatanodeEventWatcher (RetriableDatanodeEventWatcher.java:onTimeout(47)) - RetriableDatanodeCommand type=deleteBlocksCommand with id=1571699151554 timed out. Retrying.
2019-10-21 23:05:55,661 [pool-7-thread-4] INFO  commands.RetriableDatanodeEventWatcher (RetriableDatanodeEventWatcher.java:onTimeout(47)) - RetriableDatanodeCommand type=deleteBlocksCommand with id=1571699151555 timed out. Retrying.
2019-10-21 23:05:55,661 [pool-7-thread-3] INFO  commands.RetriableDatanodeEventWatcher (RetriableDatanodeEventWatcher.java:onTimeout(47)) - RetriableDatanodeCommand type=deleteBlocksCommand with id=1571699151551 timed out. Retrying.
2019-10-21 23:05:55,662 [SCMBlockDeletingService#0] INFO  block.SCMBlockDeletingService (SCMBlockDeletingService.java:call(184)) - Totally added 1 delete blocks command for 1 datanodes, task elapsed time: 1ms
2019-10-21 23:05:55,749 [Thread-618] INFO  impl.FollowerState (FollowerState.java:run(108)) - 95f8ce0c-61f1-45b1-a4e7-5b97bbfe9a5b@group-60CA7EC77FF7-FollowerState: change to CANDIDATE, lastRpcTime:182ms, electionTimeout:182ms
2019-10-21 23:05:55,750 [Thread-618] INFO  impl.RoleInfo (RoleInfo.java:shutdownFollowerState(121)) - 95f8ce0c-61f1-45b1-a4e7-5b97bbfe9a5b: shutdown FollowerState
2019-10-21 23:05:55,750 [Thread-618] INFO  impl.RaftServerImpl (RaftServerImpl.java:setRole(184)) - 95f8ce0c-61f1-45b1-a4e7-5b97bbfe9a5b@group-60CA7EC77FF7: changes role from  FOLLOWER to CANDIDATE at term 12 for changeToCandidate
2019-10-21 23:05:55,750 [Thread-618] INFO  impl.RoleInfo (RoleInfo.java:updateAndGet(143)) - 95f8ce0c-61f1-45b1-a4e7-5b97bbfe9a5b: start LeaderElection
2019-10-21 23:05:55,817 [95f8ce0c-61f1-45b1-a4e7-5b97bbfe9a5b@group-60CA7EC77FF7-LeaderElection15] INFO  impl.LeaderElection (LeaderElection.java:askForVotes(178)) - 95f8ce0c-61f1-45b1-a4e7-5b97bbfe9a5b@group-60CA7EC77FF7-LeaderElection15: begin an election at term 13 for 0: [8e5ceb90-17c7-416d-ba3b-e9af83490bf4:192.168.69.118:43663, 95f8ce0c-61f1-45b1-a4e7-5b97bbfe9a5b:192.168.69.118:45158, 2c02d436-c6f2-4204-8248-e3d2779a79c3:192.168.69.118:45342], old=null
2019-10-21 23:05:55,828 [grpc-default-executor-6] INFO  impl.RaftServerImpl (RaftServerImpl.java:setRole(184)) - 2c02d436-c6f2-4204-8248-e3d2779a79c3@group-60CA7EC77FF7: changes role from  FOLLOWER to FOLLOWER at term 13 for recognizeCandidate:95f8ce0c-61f1-45b1-a4e7-5b97bbfe9a5b
2019-10-21 23:05:55,828 [grpc-default-executor-1] INFO  impl.RaftServerImpl (RaftServerImpl.java:setRole(184)) - 8e5ceb90-17c7-416d-ba3b-e9af83490bf4@group-60CA7EC77FF7: changes role from  FOLLOWER to FOLLOWER at term 13 for recognizeCandidate:95f8ce0c-61f1-45b1-a4e7-5b97bbfe9a5b
2019-10-21 23:05:55,829 [grpc-default-executor-6] INFO  impl.RoleInfo (RoleInfo.java:shutdownFollowerState(121)) - 2c02d436-c6f2-4204-8248-e3d2779a79c3: shutdown FollowerState
2019-10-21 23:05:55,829 [grpc-default-executor-1] INFO  impl.RoleInfo (RoleInfo.java:shutdownFollowerState(121)) - 8e5ceb90-17c7-416d-ba3b-e9af83490bf4: shutdown FollowerState
2019-10-21 23:05:55,829 [grpc-default-executor-6] INFO  impl.RoleInfo (RoleInfo.java:updateAndGet(143)) - 2c02d436-c6f2-4204-8248-e3d2779a79c3: start FollowerState
2019-10-21 23:05:55,829 [Thread-617] INFO  impl.FollowerState (FollowerState.java:run(117)) - 2c02d436-c6f2-4204-8248-e3d2779a79c3@group-60CA7EC77FF7-FollowerState was interrupted: java.lang.InterruptedException: sleep interrupted
2019-10-21 23:05:55,829 [Thread-616] INFO  impl.FollowerState (FollowerState.java:run(117)) - 8e5ceb90-17c7-416d-ba3b-e9af83490bf4@group-60CA7EC77FF7-FollowerState was interrupted: java.lang.InterruptedException: sleep interrupted
2019-10-21 23:05:55,829 [grpc-default-executor-1] INFO  impl.RoleInfo (RoleInfo.java:updateAndGet(143)) - 8e5ceb90-17c7-416d-ba3b-e9af83490bf4: start FollowerState
2019-10-21 23:05:55,863 [95f8ce0c-61f1-45b1-a4e7-5b97bbfe9a5b@group-60CA7EC77FF7-LeaderElection15] INFO  impl.LeaderElection (LeaderElection.java:logAndReturn(56)) - 95f8ce0c-61f1-45b1-a4e7-5b97bbfe9a5b@group-60CA7EC77FF7-LeaderElection15: Election REJECTED; received 2 response(s) [95f8ce0c-61f1-45b1-a4e7-5b97bbfe9a5b<-8e5ceb90-17c7-416d-ba3b-e9af83490bf4#0:FAIL-t13, 95f8ce0c-61f1-45b1-a4e7-5b97bbfe9a5b<-2c02d436-c6f2-4204-8248-e3d2779a79c3#0:FAIL-t13] and 0 exception(s); 95f8ce0c-61f1-45b1-a4e7-5b97bbfe9a5b@group-60CA7EC77FF7:t13, leader=null, voted=95f8ce0c-61f1-45b1-a4e7-5b97bbfe9a5b, raftlog=95f8ce0c-61f1-45b1-a4e7-5b97bbfe9a5b@group-60CA7EC77FF7-SegmentedRaftLog:OPENED:c3,f4,i4, conf=0: [8e5ceb90-17c7-416d-ba3b-e9af83490bf4:192.168.69.118:43663, 95f8ce0c-61f1-45b1-a4e7-5b97bbfe9a5b:192.168.69.118:45158, 2c02d436-c6f2-4204-8248-e3d2779a79c3:192.168.69.118:45342], old=null
2019-10-21 23:05:55,863 [95f8ce0c-61f1-45b1-a4e7-5b97bbfe9a5b@group-60CA7EC77FF7-LeaderElection15] INFO  impl.RaftServerImpl (RaftServerImpl.java:setRole(184)) - 95f8ce0c-61f1-45b1-a4e7-5b97bbfe9a5b@group-60CA7EC77FF7: changes role from CANDIDATE to FOLLOWER at term 13 for DISCOVERED_A_NEW_TERM
2019-10-21 23:05:55,864 [95f8ce0c-61f1-45b1-a4e7-5b97bbfe9a5b@group-60CA7EC77FF7-LeaderElection15] INFO  impl.RoleInfo (RoleInfo.java:shutdownLeaderElection(134)) - 95f8ce0c-61f1-45b1-a4e7-5b97bbfe9a5b: shutdown LeaderElection
2019-10-21 23:05:55,865 [95f8ce0c-61f1-45b1-a4e7-5b97bbfe9a5b@group-60CA7EC77FF7-LeaderElection15] INFO  impl.RoleInfo (RoleInfo.java:updateAndGet(143)) - 95f8ce0c-61f1-45b1-a4e7-5b97bbfe9a5b: start FollowerState
2019-10-21 23:05:55,893 [Thread-624] INFO  impl.FollowerState (FollowerState.java:run(108)) - 95f8ce0c-61f1-45b1-a4e7-5b97bbfe9a5b@group-60CA7EC77FF7-FollowerState: change to CANDIDATE, lastRpcTime:27ms, electionTimeout:26ms
2019-10-21 23:05:55,895 [Thread-624] INFO  impl.RoleInfo (RoleInfo.java:shutdownFollowerState(121)) - 95f8ce0c-61f1-45b1-a4e7-5b97bbfe9a5b: shutdown FollowerState
2019-10-21 23:05:55,895 [Thread-624] INFO  impl.RaftServerImpl (RaftServerImpl.java:setRole(184)) - 95f8ce0c-61f1-45b1-a4e7-5b97bbfe9a5b@group-60CA7EC77FF7: changes role from  FOLLOWER to CANDIDATE at term 13 for changeToCandidate
2019-10-21 23:05:55,895 [Thread-624] INFO  impl.RoleInfo (RoleInfo.java:updateAndGet(143)) - 95f8ce0c-61f1-45b1-a4e7-5b97bbfe9a5b: start LeaderElection
2019-10-21 23:05:55,913 [95f8ce0c-61f1-45b1-a4e7-5b97bbfe9a5b@group-60CA7EC77FF7-LeaderElection16] INFO  impl.LeaderElection (LeaderElection.java:askForVotes(178)) - 95f8ce0c-61f1-45b1-a4e7-5b97bbfe9a5b@group-60CA7EC77FF7-LeaderElection16: begin an election at term 14 for 0: [8e5ceb90-17c7-416d-ba3b-e9af83490bf4:192.168.69.118:43663, 95f8ce0c-61f1-45b1-a4e7-5b97bbfe9a5b:192.168.69.118:45158, 2c02d436-c6f2-4204-8248-e3d2779a79c3:192.168.69.118:45342], old=null
2019-10-21 23:05:55,916 [grpc-default-executor-1] INFO  impl.RaftServerImpl (RaftServerImpl.java:setRole(184)) - 8e5ceb90-17c7-416d-ba3b-e9af83490bf4@group-60CA7EC77FF7: changes role from  FOLLOWER to FOLLOWER at term 14 for recognizeCandidate:95f8ce0c-61f1-45b1-a4e7-5b97bbfe9a5b
2019-10-21 23:05:55,916 [grpc-default-executor-1] INFO  impl.RoleInfo (RoleInfo.java:shutdownFollowerState(121)) - 8e5ceb90-17c7-416d-ba3b-e9af83490bf4: shutdown FollowerState
2019-10-21 23:05:55,916 [grpc-default-executor-1] INFO  impl.RoleInfo (RoleInfo.java:updateAndGet(143)) - 8e5ceb90-17c7-416d-ba3b-e9af83490bf4: start FollowerState
2019-10-21 23:05:55,917 [Thread-623] INFO  impl.FollowerState (FollowerState.java:run(117)) - 8e5ceb90-17c7-416d-ba3b-e9af83490bf4@group-60CA7EC77FF7-FollowerState was interrupted: java.lang.InterruptedException: sleep interrupted
2019-10-21 23:05:55,917 [grpc-default-executor-6] INFO  impl.RaftServerImpl (RaftServerImpl.java:setRole(184)) - 2c02d436-c6f2-4204-8248-e3d2779a79c3@group-60CA7EC77FF7: changes role from  FOLLOWER to FOLLOWER at term 14 for recognizeCandidate:95f8ce0c-61f1-45b1-a4e7-5b97bbfe9a5b
2019-10-21 23:05:55,917 [grpc-default-executor-6] INFO  impl.RoleInfo (RoleInfo.java:shutdownFollowerState(121)) - 2c02d436-c6f2-4204-8248-e3d2779a79c3: shutdown FollowerState
2019-10-21 23:05:55,917 [Thread-622] INFO  impl.FollowerState (FollowerState.java:run(117)) - 2c02d436-c6f2-4204-8248-e3d2779a79c3@group-60CA7EC77FF7-FollowerState was interrupted: java.lang.InterruptedException: sleep interrupted
2019-10-21 23:05:55,917 [grpc-default-executor-6] INFO  impl.RoleInfo (RoleInfo.java:updateAndGet(143)) - 2c02d436-c6f2-4204-8248-e3d2779a79c3: start FollowerState
2019-10-21 23:05:55,931 [95f8ce0c-61f1-45b1-a4e7-5b97bbfe9a5b@group-60CA7EC77FF7-LeaderElection16] INFO  impl.LeaderElection (LeaderElection.java:logAndReturn(56)) - 95f8ce0c-61f1-45b1-a4e7-5b97bbfe9a5b@group-60CA7EC77FF7-LeaderElection16: Election REJECTED; received 2 response(s) [95f8ce0c-61f1-45b1-a4e7-5b97bbfe9a5b<-8e5ceb90-17c7-416d-ba3b-e9af83490bf4#0:FAIL-t14, 95f8ce0c-61f1-45b1-a4e7-5b97bbfe9a5b<-2c02d436-c6f2-4204-8248-e3d2779a79c3#0:FAIL-t14] and 0 exception(s); 95f8ce0c-61f1-45b1-a4e7-5b97bbfe9a5b@group-60CA7EC77FF7:t14, leader=null, voted=95f8ce0c-61f1-45b1-a4e7-5b97bbfe9a5b, raftlog=95f8ce0c-61f1-45b1-a4e7-5b97bbfe9a5b@group-60CA7EC77FF7-SegmentedRaftLog:OPENED:c3,f4,i4, conf=0: [8e5ceb90-17c7-416d-ba3b-e9af83490bf4:192.168.69.118:43663, 95f8ce0c-61f1-45b1-a4e7-5b97bbfe9a5b:192.168.69.118:45158, 2c02d436-c6f2-4204-8248-e3d2779a79c3:192.168.69.118:45342], old=null
2019-10-21 23:05:55,931 [95f8ce0c-61f1-45b1-a4e7-5b97bbfe9a5b@group-60CA7EC77FF7-LeaderElection16] INFO  impl.RaftServerImpl (RaftServerImpl.java:setRole(184)) - 95f8ce0c-61f1-45b1-a4e7-5b97bbfe9a5b@group-60CA7EC77FF7: changes role from CANDIDATE to FOLLOWER at term 14 for DISCOVERED_A_NEW_TERM
2019-10-21 23:05:55,933 [95f8ce0c-61f1-45b1-a4e7-5b97bbfe9a5b@group-60CA7EC77FF7-LeaderElection16] INFO  impl.RoleInfo (RoleInfo.java:shutdownLeaderElection(134)) - 95f8ce0c-61f1-45b1-a4e7-5b97bbfe9a5b: shutdown LeaderElection
2019-10-21 23:05:55,933 [95f8ce0c-61f1-45b1-a4e7-5b97bbfe9a5b@group-60CA7EC77FF7-LeaderElection16] INFO  impl.RoleInfo (RoleInfo.java:updateAndGet(143)) - 95f8ce0c-61f1-45b1-a4e7-5b97bbfe9a5b: start FollowerState
2019-10-21 23:05:55,949 [BlockDeletingService#2] WARN  background.BlockDeletingService (BlockDeletingService.java:isDeletionAllowed(187)) - Close Container log Index 6 is not replicated across allthe servers in the pipeline f77f3c44-7213-45ac-81dc-60ca7ec77ff7 as the min replicated index is 4. Deletion is not allowed in this container yet.
2019-10-21 23:05:55,950 [BlockDeletingService#2] WARN  background.BlockDeletingService (BlockDeletingService.java:isDeletionAllowed(187)) - Close Container log Index 6 is not replicated across allthe servers in the pipeline f77f3c44-7213-45ac-81dc-60ca7ec77ff7 as the min replicated index is 4. Deletion is not allowed in this container yet.
2019-10-21 23:05:56,125 [Thread-630] INFO  impl.FollowerState (FollowerState.java:run(108)) - 95f8ce0c-61f1-45b1-a4e7-5b97bbfe9a5b@group-60CA7EC77FF7-FollowerState: change to CANDIDATE, lastRpcTime:192ms, electionTimeout:191ms
2019-10-21 23:05:56,126 [Thread-630] INFO  impl.RoleInfo (RoleInfo.java:shutdownFollowerState(121)) - 95f8ce0c-61f1-45b1-a4e7-5b97bbfe9a5b: shutdown FollowerState
2019-10-21 23:05:56,126 [Thread-630] INFO  impl.RaftServerImpl (RaftServerImpl.java:setRole(184)) - 95f8ce0c-61f1-45b1-a4e7-5b97bbfe9a5b@group-60CA7EC77FF7: changes role from  FOLLOWER to CANDIDATE at term 14 for changeToCandidate
2019-10-21 23:05:56,126 [Thread-630] INFO  impl.RoleInfo (RoleInfo.java:updateAndGet(143)) - 95f8ce0c-61f1-45b1-a4e7-5b97bbfe9a5b: start LeaderElection
2019-10-21 23:05:56,140 [95f8ce0c-61f1-45b1-a4e7-5b97bbfe9a5b@group-60CA7EC77FF7-LeaderElection17] INFO  impl.LeaderElection (LeaderElection.java:askForVotes(178)) - 95f8ce0c-61f1-45b1-a4e7-5b97bbfe9a5b@group-60CA7EC77FF7-LeaderElection17: begin an election at term 15 for 0: [8e5ceb90-17c7-416d-ba3b-e9af83490bf4:192.168.69.118:43663, 95f8ce0c-61f1-45b1-a4e7-5b97bbfe9a5b:192.168.69.118:45158, 2c02d436-c6f2-4204-8248-e3d2779a79c3:192.168.69.118:45342], old=null
2019-10-21 23:05:56,144 [grpc-default-executor-6] INFO  impl.RaftServerImpl (RaftServerImpl.java:setRole(184)) - 8e5ceb90-17c7-416d-ba3b-e9af83490bf4@group-60CA7EC77FF7: changes role from  FOLLOWER to FOLLOWER at term 15 for recognizeCandidate:95f8ce0c-61f1-45b1-a4e7-5b97bbfe9a5b
2019-10-21 23:05:56,144 [grpc-default-executor-1] INFO  impl.RaftServerImpl (RaftServerImpl.java:setRole(184)) - 2c02d436-c6f2-4204-8248-e3d2779a79c3@group-60CA7EC77FF7: changes role from  FOLLOWER to FOLLOWER at term 15 for recognizeCandidate:95f8ce0c-61f1-45b1-a4e7-5b97bbfe9a5b
2019-10-21 23:05:56,144 [grpc-default-executor-6] INFO  impl.RoleInfo (RoleInfo.java:shutdownFollowerState(121)) - 8e5ceb90-17c7-416d-ba3b-e9af83490bf4: shutdown FollowerState
2019-10-21 23:05:56,144 [grpc-default-executor-1] INFO  impl.RoleInfo (RoleInfo.java:shutdownFollowerState(121)) - 2c02d436-c6f2-4204-8248-e3d2779a79c3: shutdown FollowerState
2019-10-21 23:05:56,145 [Thread-628] INFO  impl.FollowerState (FollowerState.java:run(117)) - 8e5ceb90-17c7-416d-ba3b-e9af83490bf4@group-60CA7EC77FF7-FollowerState was interrupted: java.lang.InterruptedException: sleep interrupted
2019-10-21 23:05:56,145 [grpc-default-executor-6] INFO  impl.RoleInfo (RoleInfo.java:updateAndGet(143)) - 8e5ceb90-17c7-416d-ba3b-e9af83490bf4: start FollowerState
2019-10-21 23:05:56,145 [grpc-default-executor-1] INFO  impl.RoleInfo (RoleInfo.java:updateAndGet(143)) - 2c02d436-c6f2-4204-8248-e3d2779a79c3: start FollowerState
2019-10-21 23:05:56,145 [Thread-629] INFO  impl.FollowerState (FollowerState.java:run(117)) - 2c02d436-c6f2-4204-8248-e3d2779a79c3@group-60CA7EC77FF7-FollowerState was interrupted: java.lang.InterruptedException: sleep interrupted
2019-10-21 23:05:56,161 [95f8ce0c-61f1-45b1-a4e7-5b97bbfe9a5b@group-60CA7EC77FF7-LeaderElection17] INFO  impl.LeaderElection (LeaderElection.java:logAndReturn(56)) - 95f8ce0c-61f1-45b1-a4e7-5b97bbfe9a5b@group-60CA7EC77FF7-LeaderElection17: Election REJECTED; received 2 response(s) [95f8ce0c-61f1-45b1-a4e7-5b97bbfe9a5b<-8e5ceb90-17c7-416d-ba3b-e9af83490bf4#0:FAIL-t15, 95f8ce0c-61f1-45b1-a4e7-5b97bbfe9a5b<-2c02d436-c6f2-4204-8248-e3d2779a79c3#0:FAIL-t15] and 0 exception(s); 95f8ce0c-61f1-45b1-a4e7-5b97bbfe9a5b@group-60CA7EC77FF7:t15, leader=null, voted=95f8ce0c-61f1-45b1-a4e7-5b97bbfe9a5b, raftlog=95f8ce0c-61f1-45b1-a4e7-5b97bbfe9a5b@group-60CA7EC77FF7-SegmentedRaftLog:OPENED:c3,f4,i4, conf=0: [8e5ceb90-17c7-416d-ba3b-e9af83490bf4:192.168.69.118:43663, 95f8ce0c-61f1-45b1-a4e7-5b97bbfe9a5b:192.168.69.118:45158, 2c02d436-c6f2-4204-8248-e3d2779a79c3:192.168.69.118:45342], old=null
2019-10-21 23:05:56,161 [95f8ce0c-61f1-45b1-a4e7-5b97bbfe9a5b@group-60CA7EC77FF7-LeaderElection17] INFO  impl.RaftServerImpl (RaftServerImpl.java:setRole(184)) - 95f8ce0c-61f1-45b1-a4e7-5b97bbfe9a5b@group-60CA7EC77FF7: changes role from CANDIDATE to FOLLOWER at term 15 for DISCOVERED_A_NEW_TERM
2019-10-21 23:05:56,163 [95f8ce0c-61f1-45b1-a4e7-5b97bbfe9a5b@group-60CA7EC77FF7-LeaderElection17] INFO  impl.RoleInfo (RoleInfo.java:shutdownLeaderElection(134)) - 95f8ce0c-61f1-45b1-a4e7-5b97bbfe9a5b: shutdown LeaderElection
2019-10-21 23:05:56,163 [95f8ce0c-61f1-45b1-a4e7-5b97bbfe9a5b@group-60CA7EC77FF7-LeaderElection17] INFO  impl.RoleInfo (RoleInfo.java:updateAndGet(143)) - 95f8ce0c-61f1-45b1-a4e7-5b97bbfe9a5b: start FollowerState
2019-10-21 23:05:56,192 [Thread-638] INFO  impl.FollowerState (FollowerState.java:run(108)) - 95f8ce0c-61f1-45b1-a4e7-5b97bbfe9a5b@group-60CA7EC77FF7-FollowerState: change to CANDIDATE, lastRpcTime:28ms, electionTimeout:27ms
2019-10-21 23:05:56,192 [Thread-638] INFO  impl.RoleInfo (RoleInfo.java:shutdownFollowerState(121)) - 95f8ce0c-61f1-45b1-a4e7-5b97bbfe9a5b: shutdown FollowerState
2019-10-21 23:05:56,192 [Thread-638] INFO  impl.RaftServerImpl (RaftServerImpl.java:setRole(184)) - 95f8ce0c-61f1-45b1-a4e7-5b97bbfe9a5b@group-60CA7EC77FF7: changes role from  FOLLOWER to CANDIDATE at term 15 for changeToCandidate
2019-10-21 23:05:56,193 [Thread-638] INFO  impl.RoleInfo (RoleInfo.java:updateAndGet(143)) - 95f8ce0c-61f1-45b1-a4e7-5b97bbfe9a5b: start LeaderElection
2019-10-21 23:05:56,217 [95f8ce0c-61f1-45b1-a4e7-5b97bbfe9a5b@group-60CA7EC77FF7-LeaderElection18] INFO  impl.LeaderElection (LeaderElection.java:askForVotes(178)) - 95f8ce0c-61f1-45b1-a4e7-5b97bbfe9a5b@group-60CA7EC77FF7-LeaderElection18: begin an election at term 16 for 0: [8e5ceb90-17c7-416d-ba3b-e9af83490bf4:192.168.69.118:43663, 95f8ce0c-61f1-45b1-a4e7-5b97bbfe9a5b:192.168.69.118:45158, 2c02d436-c6f2-4204-8248-e3d2779a79c3:192.168.69.118:45342], old=null
2019-10-21 23:05:56,220 [grpc-default-executor-6] INFO  impl.RaftServerImpl (RaftServerImpl.java:setRole(184)) - 2c02d436-c6f2-4204-8248-e3d2779a79c3@group-60CA7EC77FF7: changes role from  FOLLOWER to FOLLOWER at term 16 for recognizeCandidate:95f8ce0c-61f1-45b1-a4e7-5b97bbfe9a5b
2019-10-21 23:05:56,220 [grpc-default-executor-1] INFO  impl.RaftServerImpl (RaftServerImpl.java:setRole(184)) - 8e5ceb90-17c7-416d-ba3b-e9af83490bf4@group-60CA7EC77FF7: changes role from  FOLLOWER to FOLLOWER at term 16 for recognizeCandidate:95f8ce0c-61f1-45b1-a4e7-5b97bbfe9a5b
2019-10-21 23:05:56,221 [grpc-default-executor-6] INFO  impl.RoleInfo (RoleInfo.java:shutdownFollowerState(121)) - 2c02d436-c6f2-4204-8248-e3d2779a79c3: shutdown FollowerState
2019-10-21 23:05:56,221 [grpc-default-executor-1] INFO  impl.RoleInfo (RoleInfo.java:shutdownFollowerState(121)) - 8e5ceb90-17c7-416d-ba3b-e9af83490bf4: shutdown FollowerState
2019-10-21 23:05:56,221 [grpc-default-executor-6] INFO  impl.RoleInfo (RoleInfo.java:updateAndGet(143)) - 2c02d436-c6f2-4204-8248-e3d2779a79c3: start FollowerState
2019-10-21 23:05:56,221 [Thread-637] INFO  impl.FollowerState (FollowerState.java:run(117)) - 2c02d436-c6f2-4204-8248-e3d2779a79c3@group-60CA7EC77FF7-FollowerState was interrupted: java.lang.InterruptedException: sleep interrupted
2019-10-21 23:05:56,221 [Thread-636] INFO  impl.FollowerState (FollowerState.java:run(117)) - 8e5ceb90-17c7-416d-ba3b-e9af83490bf4@group-60CA7EC77FF7-FollowerState was interrupted: java.lang.InterruptedException: sleep interrupted
2019-10-21 23:05:56,221 [grpc-default-executor-1] INFO  impl.RoleInfo (RoleInfo.java:updateAndGet(143)) - 8e5ceb90-17c7-416d-ba3b-e9af83490bf4: start FollowerState
2019-10-21 23:05:56,239 [95f8ce0c-61f1-45b1-a4e7-5b97bbfe9a5b@group-60CA7EC77FF7-LeaderElection18] INFO  impl.LeaderElection (LeaderElection.java:logAndReturn(56)) - 95f8ce0c-61f1-45b1-a4e7-5b97bbfe9a5b@group-60CA7EC77FF7-LeaderElection18: Election REJECTED; received 2 response(s) [95f8ce0c-61f1-45b1-a4e7-5b97bbfe9a5b<-8e5ceb90-17c7-416d-ba3b-e9af83490bf4#0:FAIL-t16, 95f8ce0c-61f1-45b1-a4e7-5b97bbfe9a5b<-2c02d436-c6f2-4204-8248-e3d2779a79c3#0:FAIL-t16] and 0 exception(s); 95f8ce0c-61f1-45b1-a4e7-5b97bbfe9a5b@group-60CA7EC77FF7:t16, leader=null, voted=95f8ce0c-61f1-45b1-a4e7-5b97bbfe9a5b, raftlog=95f8ce0c-61f1-45b1-a4e7-5b97bbfe9a5b@group-60CA7EC77FF7-SegmentedRaftLog:OPENED:c3,f4,i4, conf=0: [8e5ceb90-17c7-416d-ba3b-e9af83490bf4:192.168.69.118:43663, 95f8ce0c-61f1-45b1-a4e7-5b97bbfe9a5b:192.168.69.118:45158, 2c02d436-c6f2-4204-8248-e3d2779a79c3:192.168.69.118:45342], old=null
2019-10-21 23:05:56,239 [95f8ce0c-61f1-45b1-a4e7-5b97bbfe9a5b@group-60CA7EC77FF7-LeaderElection18] INFO  impl.RaftServerImpl (RaftServerImpl.java:setRole(184)) - 95f8ce0c-61f1-45b1-a4e7-5b97bbfe9a5b@group-60CA7EC77FF7: changes role from CANDIDATE to FOLLOWER at term 16 for DISCOVERED_A_NEW_TERM
2019-10-21 23:05:56,240 [95f8ce0c-61f1-45b1-a4e7-5b97bbfe9a5b@group-60CA7EC77FF7-LeaderElection18] INFO  impl.RoleInfo (RoleInfo.java:shutdownLeaderElection(134)) - 95f8ce0c-61f1-45b1-a4e7-5b97bbfe9a5b: shutdown LeaderElection
2019-10-21 23:05:56,241 [95f8ce0c-61f1-45b1-a4e7-5b97bbfe9a5b@group-60CA7EC77FF7-LeaderElection18] INFO  impl.RoleInfo (RoleInfo.java:updateAndGet(143)) - 95f8ce0c-61f1-45b1-a4e7-5b97bbfe9a5b: start FollowerState
2019-10-21 23:05:56,258 [EventQueue-PendingDeleteStatusForPendingDeleteHandler] INFO  block.SCMBlockDeletingService (SCMBlockDeletingService.java:handlePendingDeletes(115)) - Block deletion txnID mismatch in datanode 95f8ce0c-61f1-45b1-a4e7-5b97bbfe9a5b for containerID 1. Datanode delete txnID: 0, SCM txnID: 1
2019-10-21 23:05:56,408 [Thread-647] INFO  client.GrpcClientProtocolService (GrpcClientProtocolService.java:lambda$processClientRequest$0(278)) - Failed RaftClientRequest:client-0013CC304CD3->2c02d436-c6f2-4204-8248-e3d2779a79c3@group-60CA7EC77FF7, cid=10, seq=0, Watch-ALL_COMMITTED(6), Message:<EMPTY>, reply=RaftClientReply:client-0013CC304CD3->2c02d436-c6f2-4204-8248-e3d2779a79c3@group-60CA7EC77FF7, cid=10, FAILED org.apache.ratis.protocol.NotLeaderException: Server 2c02d436-c6f2-4204-8248-e3d2779a79c3@group-60CA7EC77FF7 is not the leader, logIndex=0, commits[2c02d436-c6f2-4204-8248-e3d2779a79c3:c10, 8e5ceb90-17c7-416d-ba3b-e9af83490bf4:c10, 95f8ce0c-61f1-45b1-a4e7-5b97bbfe9a5b:c4]
2019-10-21 23:05:56,417 [Thread-644] INFO  impl.FollowerState (FollowerState.java:run(108)) - 95f8ce0c-61f1-45b1-a4e7-5b97bbfe9a5b@group-60CA7EC77FF7-FollowerState: change to CANDIDATE, lastRpcTime:176ms, electionTimeout:175ms
2019-10-21 23:05:56,417 [Thread-644] INFO  impl.RoleInfo (RoleInfo.java:shutdownFollowerState(121)) - 95f8ce0c-61f1-45b1-a4e7-5b97bbfe9a5b: shutdown FollowerState
2019-10-21 23:05:56,418 [Thread-644] INFO  impl.RaftServerImpl (RaftServerImpl.java:setRole(184)) - 95f8ce0c-61f1-45b1-a4e7-5b97bbfe9a5b@group-60CA7EC77FF7: changes role from  FOLLOWER to CANDIDATE at term 16 for changeToCandidate
2019-10-21 23:05:56,419 [Thread-644] INFO  impl.RoleInfo (RoleInfo.java:updateAndGet(143)) - 95f8ce0c-61f1-45b1-a4e7-5b97bbfe9a5b: start LeaderElection
2019-10-21 23:05:56,445 [95f8ce0c-61f1-45b1-a4e7-5b97bbfe9a5b@group-60CA7EC77FF7-LeaderElection19] INFO  impl.LeaderElection (LeaderElection.java:askForVotes(178)) - 95f8ce0c-61f1-45b1-a4e7-5b97bbfe9a5b@group-60CA7EC77FF7-LeaderElection19: begin an election at term 17 for 0: [8e5ceb90-17c7-416d-ba3b-e9af83490bf4:192.168.69.118:43663, 95f8ce0c-61f1-45b1-a4e7-5b97bbfe9a5b:192.168.69.118:45158, 2c02d436-c6f2-4204-8248-e3d2779a79c3:192.168.69.118:45342], old=null
2019-10-21 23:05:56,449 [grpc-default-executor-1] INFO  impl.RaftServerImpl (RaftServerImpl.java:setRole(184)) - 2c02d436-c6f2-4204-8248-e3d2779a79c3@group-60CA7EC77FF7: changes role from  FOLLOWER to FOLLOWER at term 17 for recognizeCandidate:95f8ce0c-61f1-45b1-a4e7-5b97bbfe9a5b
2019-10-21 23:05:56,449 [grpc-default-executor-6] INFO  impl.RaftServerImpl (RaftServerImpl.java:setRole(184)) - 8e5ceb90-17c7-416d-ba3b-e9af83490bf4@group-60CA7EC77FF7: changes role from  FOLLOWER to FOLLOWER at term 17 for recognizeCandidate:95f8ce0c-61f1-45b1-a4e7-5b97bbfe9a5b
2019-10-21 23:05:56,450 [grpc-default-executor-1] INFO  impl.RoleInfo (RoleInfo.java:shutdownFollowerState(121)) - 2c02d436-c6f2-4204-8248-e3d2779a79c3: shutdown FollowerState
2019-10-21 23:05:56,450 [grpc-default-executor-6] INFO  impl.RoleInfo (RoleInfo.java:shutdownFollowerState(121)) - 8e5ceb90-17c7-416d-ba3b-e9af83490bf4: shutdown FollowerState
2019-10-21 23:05:56,450 [grpc-default-executor-1] INFO  impl.RoleInfo (RoleInfo.java:updateAndGet(143)) - 2c02d436-c6f2-4204-8248-e3d2779a79c3: start FollowerState
2019-10-21 23:05:56,450 [Thread-643] INFO  impl.FollowerState (FollowerState.java:run(117)) - 8e5ceb90-17c7-416d-ba3b-e9af83490bf4@group-60CA7EC77FF7-FollowerState was interrupted: java.lang.InterruptedException: sleep interrupted
2019-10-21 23:05:56,450 [grpc-default-executor-6] INFO  impl.RoleInfo (RoleInfo.java:updateAndGet(143)) - 8e5ceb90-17c7-416d-ba3b-e9af83490bf4: start FollowerState
2019-10-21 23:05:56,450 [Thread-642] INFO  impl.FollowerState (FollowerState.java:run(117)) - 2c02d436-c6f2-4204-8248-e3d2779a79c3@group-60CA7EC77FF7-FollowerState was interrupted: java.lang.InterruptedException: sleep interrupted
2019-10-21 23:05:56,463 [95f8ce0c-61f1-45b1-a4e7-5b97bbfe9a5b@group-60CA7EC77FF7-LeaderElection19] INFO  impl.LeaderElection (LeaderElection.java:logAndReturn(56)) - 95f8ce0c-61f1-45b1-a4e7-5b97bbfe9a5b@group-60CA7EC77FF7-LeaderElection19: Election REJECTED; received 2 response(s) [95f8ce0c-61f1-45b1-a4e7-5b97bbfe9a5b<-8e5ceb90-17c7-416d-ba3b-e9af83490bf4#0:FAIL-t17, 95f8ce0c-61f1-45b1-a4e7-5b97bbfe9a5b<-2c02d436-c6f2-4204-8248-e3d2779a79c3#0:FAIL-t17] and 0 exception(s); 95f8ce0c-61f1-45b1-a4e7-5b97bbfe9a5b@group-60CA7EC77FF7:t17, leader=null, voted=95f8ce0c-61f1-45b1-a4e7-5b97bbfe9a5b, raftlog=95f8ce0c-61f1-45b1-a4e7-5b97bbfe9a5b@group-60CA7EC77FF7-SegmentedRaftLog:OPENED:c3,f4,i4, conf=0: [8e5ceb90-17c7-416d-ba3b-e9af83490bf4:192.168.69.118:43663, 95f8ce0c-61f1-45b1-a4e7-5b97bbfe9a5b:192.168.69.118:45158, 2c02d436-c6f2-4204-8248-e3d2779a79c3:192.168.69.118:45342], old=null
2019-10-21 23:05:56,463 [95f8ce0c-61f1-45b1-a4e7-5b97bbfe9a5b@group-60CA7EC77FF7-LeaderElection19] INFO  impl.RaftServerImpl (RaftServerImpl.java:setRole(184)) - 95f8ce0c-61f1-45b1-a4e7-5b97bbfe9a5b@group-60CA7EC77FF7: changes role from CANDIDATE to FOLLOWER at term 17 for DISCOVERED_A_NEW_TERM
2019-10-21 23:05:56,463 [95f8ce0c-61f1-45b1-a4e7-5b97bbfe9a5b@group-60CA7EC77FF7-LeaderElection19] INFO  impl.RoleInfo (RoleInfo.java:shutdownLeaderElection(134)) - 95f8ce0c-61f1-45b1-a4e7-5b97bbfe9a5b: shutdown LeaderElection
2019-10-21 23:05:56,465 [95f8ce0c-61f1-45b1-a4e7-5b97bbfe9a5b@group-60CA7EC77FF7-LeaderElection19] INFO  impl.RoleInfo (RoleInfo.java:updateAndGet(143)) - 95f8ce0c-61f1-45b1-a4e7-5b97bbfe9a5b: start FollowerState
2019-10-21 23:05:56,502 [Thread-654] INFO  impl.FollowerState (FollowerState.java:run(108)) - 95f8ce0c-61f1-45b1-a4e7-5b97bbfe9a5b@group-60CA7EC77FF7-FollowerState: change to CANDIDATE, lastRpcTime:36ms, electionTimeout:35ms
2019-10-21 23:05:56,504 [Thread-654] INFO  impl.RoleInfo (RoleInfo.java:shutdownFollowerState(121)) - 95f8ce0c-61f1-45b1-a4e7-5b97bbfe9a5b: shutdown FollowerState
2019-10-21 23:05:56,504 [Thread-654] INFO  impl.RaftServerImpl (RaftServerImpl.java:setRole(184)) - 95f8ce0c-61f1-45b1-a4e7-5b97bbfe9a5b@group-60CA7EC77FF7: changes role from  FOLLOWER to CANDIDATE at term 17 for changeToCandidate
2019-10-21 23:05:56,504 [Thread-654] INFO  impl.RoleInfo (RoleInfo.java:updateAndGet(143)) - 95f8ce0c-61f1-45b1-a4e7-5b97bbfe9a5b: start LeaderElection
2019-10-21 23:05:56,515 [95f8ce0c-61f1-45b1-a4e7-5b97bbfe9a5b@group-60CA7EC77FF7-LeaderElection20] INFO  impl.LeaderElection (LeaderElection.java:askForVotes(178)) - 95f8ce0c-61f1-45b1-a4e7-5b97bbfe9a5b@group-60CA7EC77FF7-LeaderElection20: begin an election at term 18 for 0: [8e5ceb90-17c7-416d-ba3b-e9af83490bf4:192.168.69.118:43663, 95f8ce0c-61f1-45b1-a4e7-5b97bbfe9a5b:192.168.69.118:45158, 2c02d436-c6f2-4204-8248-e3d2779a79c3:192.168.69.118:45342], old=null
2019-10-21 23:05:56,519 [grpc-default-executor-1] INFO  impl.RaftServerImpl (RaftServerImpl.java:setRole(184)) - 2c02d436-c6f2-4204-8248-e3d2779a79c3@group-60CA7EC77FF7: changes role from  FOLLOWER to FOLLOWER at term 18 for recognizeCandidate:95f8ce0c-61f1-45b1-a4e7-5b97bbfe9a5b
2019-10-21 23:05:56,519 [grpc-default-executor-6] INFO  impl.RaftServerImpl (RaftServerImpl.java:setRole(184)) - 8e5ceb90-17c7-416d-ba3b-e9af83490bf4@group-60CA7EC77FF7: changes role from  FOLLOWER to FOLLOWER at term 18 for recognizeCandidate:95f8ce0c-61f1-45b1-a4e7-5b97bbfe9a5b
2019-10-21 23:05:56,519 [grpc-default-executor-1] INFO  impl.RoleInfo (RoleInfo.java:shutdownFollowerState(121)) - 2c02d436-c6f2-4204-8248-e3d2779a79c3: shutdown FollowerState
2019-10-21 23:05:56,519 [grpc-default-executor-6] INFO  impl.RoleInfo (RoleInfo.java:shutdownFollowerState(121)) - 8e5ceb90-17c7-416d-ba3b-e9af83490bf4: shutdown FollowerState
2019-10-21 23:05:56,519 [Thread-652] INFO  impl.FollowerState (FollowerState.java:run(117)) - 2c02d436-c6f2-4204-8248-e3d2779a79c3@group-60CA7EC77FF7-FollowerState was interrupted: java.lang.InterruptedException: sleep interrupted
2019-10-21 23:05:56,519 [grpc-default-executor-1] INFO  impl.RoleInfo (RoleInfo.java:updateAndGet(143)) - 2c02d436-c6f2-4204-8248-e3d2779a79c3: start FollowerState
2019-10-21 23:05:56,520 [grpc-default-executor-6] INFO  impl.RoleInfo (RoleInfo.java:updateAndGet(143)) - 8e5ceb90-17c7-416d-ba3b-e9af83490bf4: start FollowerState
2019-10-21 23:05:56,519 [Thread-653] INFO  impl.FollowerState (FollowerState.java:run(117)) - 8e5ceb90-17c7-416d-ba3b-e9af83490bf4@group-60CA7EC77FF7-FollowerState was interrupted: java.lang.InterruptedException: sleep interrupted
2019-10-21 23:05:56,527 [95f8ce0c-61f1-45b1-a4e7-5b97bbfe9a5b@group-60CA7EC77FF7-LeaderElection20] INFO  impl.LeaderElection (LeaderElection.java:logAndReturn(56)) - 95f8ce0c-61f1-45b1-a4e7-5b97bbfe9a5b@group-60CA7EC77FF7-LeaderElection20: Election TIMEOUT; received 0 response(s) [] and 0 exception(s); 95f8ce0c-61f1-45b1-a4e7-5b97bbfe9a5b@group-60CA7EC77FF7:t18, leader=null, voted=95f8ce0c-61f1-45b1-a4e7-5b97bbfe9a5b, raftlog=95f8ce0c-61f1-45b1-a4e7-5b97bbfe9a5b@group-60CA7EC77FF7-SegmentedRaftLog:OPENED:c3,f4,i4, conf=0: [8e5ceb90-17c7-416d-ba3b-e9af83490bf4:192.168.69.118:43663, 95f8ce0c-61f1-45b1-a4e7-5b97bbfe9a5b:192.168.69.118:45158, 2c02d436-c6f2-4204-8248-e3d2779a79c3:192.168.69.118:45342], old=null
2019-10-21 23:05:56,532 [95f8ce0c-61f1-45b1-a4e7-5b97bbfe9a5b@group-60CA7EC77FF7-LeaderElection20] INFO  impl.LeaderElection (LeaderElection.java:askForVotes(178)) - 95f8ce0c-61f1-45b1-a4e7-5b97bbfe9a5b@group-60CA7EC77FF7-LeaderElection20: begin an election at term 19 for 0: [8e5ceb90-17c7-416d-ba3b-e9af83490bf4:192.168.69.118:43663, 95f8ce0c-61f1-45b1-a4e7-5b97bbfe9a5b:192.168.69.118:45158, 2c02d436-c6f2-4204-8248-e3d2779a79c3:192.168.69.118:45342], old=null
2019-10-21 23:05:56,537 [grpc-default-executor-1] INFO  impl.RaftServerImpl (RaftServerImpl.java:setRole(184)) - 2c02d436-c6f2-4204-8248-e3d2779a79c3@group-60CA7EC77FF7: changes role from  FOLLOWER to FOLLOWER at term 19 for recognizeCandidate:95f8ce0c-61f1-45b1-a4e7-5b97bbfe9a5b
2019-10-21 23:05:56,537 [grpc-default-executor-6] INFO  impl.RaftServerImpl (RaftServerImpl.java:setRole(184)) - 8e5ceb90-17c7-416d-ba3b-e9af83490bf4@group-60CA7EC77FF7: changes role from  FOLLOWER to FOLLOWER at term 19 for recognizeCandidate:95f8ce0c-61f1-45b1-a4e7-5b97bbfe9a5b
2019-10-21 23:05:56,538 [grpc-default-executor-1] INFO  impl.RoleInfo (RoleInfo.java:shutdownFollowerState(121)) - 2c02d436-c6f2-4204-8248-e3d2779a79c3: shutdown FollowerState
2019-10-21 23:05:56,538 [grpc-default-executor-6] INFO  impl.RoleInfo (RoleInfo.java:shutdownFollowerState(121)) - 8e5ceb90-17c7-416d-ba3b-e9af83490bf4: shutdown FollowerState
2019-10-21 23:05:56,538 [Thread-658] INFO  impl.FollowerState (FollowerState.java:run(117)) - 2c02d436-c6f2-4204-8248-e3d2779a79c3@group-60CA7EC77FF7-FollowerState was interrupted: java.lang.InterruptedException: sleep interrupted
2019-10-21 23:05:56,539 [Thread-659] INFO  impl.FollowerState (FollowerState.java:run(117)) - 8e5ceb90-17c7-416d-ba3b-e9af83490bf4@group-60CA7EC77FF7-FollowerState was interrupted: java.lang.InterruptedException: sleep interrupted
2019-10-21 23:05:56,538 [grpc-default-executor-1] INFO  impl.RoleInfo (RoleInfo.java:updateAndGet(143)) - 2c02d436-c6f2-4204-8248-e3d2779a79c3: start FollowerState
2019-10-21 23:05:56,539 [grpc-default-executor-6] INFO  impl.RoleInfo (RoleInfo.java:updateAndGet(143)) - 8e5ceb90-17c7-416d-ba3b-e9af83490bf4: start FollowerState
2019-10-21 23:05:56,588 [95f8ce0c-61f1-45b1-a4e7-5b97bbfe9a5b@group-60CA7EC77FF7-LeaderElection20] INFO  impl.LeaderElection (LeaderElection.java:logAndReturn(56)) - 95f8ce0c-61f1-45b1-a4e7-5b97bbfe9a5b@group-60CA7EC77FF7-LeaderElection20: Election REJECTED; received 2 response(s) [95f8ce0c-61f1-45b1-a4e7-5b97bbfe9a5b<-8e5ceb90-17c7-416d-ba3b-e9af83490bf4#0:FAIL-t19, 95f8ce0c-61f1-45b1-a4e7-5b97bbfe9a5b<-2c02d436-c6f2-4204-8248-e3d2779a79c3#0:FAIL-t19] and 0 exception(s); 95f8ce0c-61f1-45b1-a4e7-5b97bbfe9a5b@group-60CA7EC77FF7:t19, leader=null, voted=95f8ce0c-61f1-45b1-a4e7-5b97bbfe9a5b, raftlog=95f8ce0c-61f1-45b1-a4e7-5b97bbfe9a5b@group-60CA7EC77FF7-SegmentedRaftLog:OPENED:c3,f4,i4, conf=0: [8e5ceb90-17c7-416d-ba3b-e9af83490bf4:192.168.69.118:43663, 95f8ce0c-61f1-45b1-a4e7-5b97bbfe9a5b:192.168.69.118:45158, 2c02d436-c6f2-4204-8248-e3d2779a79c3:192.168.69.118:45342], old=null
2019-10-21 23:05:56,588 [95f8ce0c-61f1-45b1-a4e7-5b97bbfe9a5b@group-60CA7EC77FF7-LeaderElection20] INFO  impl.RaftServerImpl (RaftServerImpl.java:setRole(184)) - 95f8ce0c-61f1-45b1-a4e7-5b97bbfe9a5b@group-60CA7EC77FF7: changes role from CANDIDATE to FOLLOWER at term 19 for DISCOVERED_A_NEW_TERM
2019-10-21 23:05:56,592 [95f8ce0c-61f1-45b1-a4e7-5b97bbfe9a5b@group-60CA7EC77FF7-LeaderElection20] INFO  impl.RoleInfo (RoleInfo.java:shutdownLeaderElection(134)) - 95f8ce0c-61f1-45b1-a4e7-5b97bbfe9a5b: shutdown LeaderElection
2019-10-21 23:05:56,592 [95f8ce0c-61f1-45b1-a4e7-5b97bbfe9a5b@group-60CA7EC77FF7-LeaderElection20] INFO  impl.RoleInfo (RoleInfo.java:updateAndGet(143)) - 95f8ce0c-61f1-45b1-a4e7-5b97bbfe9a5b: start FollowerState
2019-10-21 23:05:56,660 [pool-7-thread-2] INFO  commands.RetriableDatanodeEventWatcher (RetriableDatanodeEventWatcher.java:onTimeout(47)) - RetriableDatanodeCommand type=deleteBlocksCommand with id=1571699151555 timed out. Retrying.
2019-10-21 23:05:56,662 [pool-7-thread-5] INFO  commands.RetriableDatanodeEventWatcher (RetriableDatanodeEventWatcher.java:onTimeout(47)) - RetriableDatanodeCommand type=deleteBlocksCommand with id=1571699151557 timed out. Retrying.
2019-10-21 23:05:56,662 [pool-7-thread-1] INFO  commands.RetriableDatanodeEventWatcher (RetriableDatanodeEventWatcher.java:onTimeout(47)) - RetriableDatanodeCommand type=deleteBlocksCommand with id=1571699151551 timed out. Retrying.
2019-10-21 23:05:56,663 [pool-7-thread-4] INFO  commands.RetriableDatanodeEventWatcher (RetriableDatanodeEventWatcher.java:onTimeout(47)) - RetriableDatanodeCommand type=deleteBlocksCommand with id=1571699151554 timed out. Retrying.
2019-10-21 23:05:56,663 [SCMBlockDeletingService#0] INFO  block.SCMBlockDeletingService (SCMBlockDeletingService.java:call(184)) - Totally added 1 delete blocks command for 1 datanodes, task elapsed time: 0ms
2019-10-21 23:05:56,663 [pool-7-thread-3] INFO  commands.RetriableDatanodeEventWatcher (RetriableDatanodeEventWatcher.java:onTimeout(47)) - RetriableDatanodeCommand type=deleteBlocksCommand with id=1571699151556 timed out. Retrying.
2019-10-21 23:05:56,667 [Thread-664] INFO  impl.FollowerState (FollowerState.java:run(108)) - 95f8ce0c-61f1-45b1-a4e7-5b97bbfe9a5b@group-60CA7EC77FF7-FollowerState: change to CANDIDATE, lastRpcTime:74ms, electionTimeout:74ms
2019-10-21 23:05:56,667 [Thread-664] INFO  impl.RoleInfo (RoleInfo.java:shutdownFollowerState(121)) - 95f8ce0c-61f1-45b1-a4e7-5b97bbfe9a5b: shutdown FollowerState
2019-10-21 23:05:56,667 [Thread-664] INFO  impl.RaftServerImpl (RaftServerImpl.java:setRole(184)) - 95f8ce0c-61f1-45b1-a4e7-5b97bbfe9a5b@group-60CA7EC77FF7: changes role from  FOLLOWER to CANDIDATE at term 19 for changeToCandidate
2019-10-21 23:05:56,667 [Thread-664] INFO  impl.RoleInfo (RoleInfo.java:updateAndGet(143)) - 95f8ce0c-61f1-45b1-a4e7-5b97bbfe9a5b: start LeaderElection
2019-10-21 23:05:56,680 [95f8ce0c-61f1-45b1-a4e7-5b97bbfe9a5b@group-60CA7EC77FF7-LeaderElection21] INFO  impl.LeaderElection (LeaderElection.java:askForVotes(178)) - 95f8ce0c-61f1-45b1-a4e7-5b97bbfe9a5b@group-60CA7EC77FF7-LeaderElection21: begin an election at term 20 for 0: [8e5ceb90-17c7-416d-ba3b-e9af83490bf4:192.168.69.118:43663, 95f8ce0c-61f1-45b1-a4e7-5b97bbfe9a5b:192.168.69.118:45158, 2c02d436-c6f2-4204-8248-e3d2779a79c3:192.168.69.118:45342], old=null
2019-10-21 23:05:56,683 [grpc-default-executor-1] INFO  impl.RaftServerImpl (RaftServerImpl.java:setRole(184)) - 2c02d436-c6f2-4204-8248-e3d2779a79c3@group-60CA7EC77FF7: changes role from  FOLLOWER to FOLLOWER at term 20 for recognizeCandidate:95f8ce0c-61f1-45b1-a4e7-5b97bbfe9a5b
2019-10-21 23:05:56,683 [grpc-default-executor-6] INFO  impl.RaftServerImpl (RaftServerImpl.java:setRole(184)) - 8e5ceb90-17c7-416d-ba3b-e9af83490bf4@group-60CA7EC77FF7: changes role from  FOLLOWER to FOLLOWER at term 20 for recognizeCandidate:95f8ce0c-61f1-45b1-a4e7-5b97bbfe9a5b
2019-10-21 23:05:56,683 [grpc-default-executor-1] INFO  impl.RoleInfo (RoleInfo.java:shutdownFollowerState(121)) - 2c02d436-c6f2-4204-8248-e3d2779a79c3: shutdown FollowerState
2019-10-21 23:05:56,684 [grpc-default-executor-6] INFO  impl.RoleInfo (RoleInfo.java:shutdownFollowerState(121)) - 8e5ceb90-17c7-416d-ba3b-e9af83490bf4: shutdown FollowerState
2019-10-21 23:05:56,684 [Thread-662] INFO  impl.FollowerState (FollowerState.java:run(117)) - 2c02d436-c6f2-4204-8248-e3d2779a79c3@group-60CA7EC77FF7-FollowerState was interrupted: java.lang.InterruptedException: sleep interrupted
2019-10-21 23:05:56,684 [Thread-663] INFO  impl.FollowerState (FollowerState.java:run(117)) - 8e5ceb90-17c7-416d-ba3b-e9af83490bf4@group-60CA7EC77FF7-FollowerState was interrupted: java.lang.InterruptedException: sleep interrupted
2019-10-21 23:05:56,684 [grpc-default-executor-1] INFO  impl.RoleInfo (RoleInfo.java:updateAndGet(143)) - 2c02d436-c6f2-4204-8248-e3d2779a79c3: start FollowerState
2019-10-21 23:05:56,684 [grpc-default-executor-6] INFO  impl.RoleInfo (RoleInfo.java:updateAndGet(143)) - 8e5ceb90-17c7-416d-ba3b-e9af83490bf4: start FollowerState
2019-10-21 23:05:56,699 [95f8ce0c-61f1-45b1-a4e7-5b97bbfe9a5b@group-60CA7EC77FF7-LeaderElection21] INFO  impl.LeaderElection (LeaderElection.java:logAndReturn(56)) - 95f8ce0c-61f1-45b1-a4e7-5b97bbfe9a5b@group-60CA7EC77FF7-LeaderElection21: Election REJECTED; received 2 response(s) [95f8ce0c-61f1-45b1-a4e7-5b97bbfe9a5b<-8e5ceb90-17c7-416d-ba3b-e9af83490bf4#0:FAIL-t20, 95f8ce0c-61f1-45b1-a4e7-5b97bbfe9a5b<-2c02d436-c6f2-4204-8248-e3d2779a79c3#0:FAIL-t20] and 0 exception(s); 95f8ce0c-61f1-45b1-a4e7-5b97bbfe9a5b@group-60CA7EC77FF7:t20, leader=null, voted=95f8ce0c-61f1-45b1-a4e7-5b97bbfe9a5b, raftlog=95f8ce0c-61f1-45b1-a4e7-5b97bbfe9a5b@group-60CA7EC77FF7-SegmentedRaftLog:OPENED:c3,f4,i4, conf=0: [8e5ceb90-17c7-416d-ba3b-e9af83490bf4:192.168.69.118:43663, 95f8ce0c-61f1-45b1-a4e7-5b97bbfe9a5b:192.168.69.118:45158, 2c02d436-c6f2-4204-8248-e3d2779a79c3:192.168.69.118:45342], old=null
2019-10-21 23:05:56,699 [95f8ce0c-61f1-45b1-a4e7-5b97bbfe9a5b@group-60CA7EC77FF7-LeaderElection21] INFO  impl.RaftServerImpl (RaftServerImpl.java:setRole(184)) - 95f8ce0c-61f1-45b1-a4e7-5b97bbfe9a5b@group-60CA7EC77FF7: changes role from CANDIDATE to FOLLOWER at term 20 for DISCOVERED_A_NEW_TERM
2019-10-21 23:05:56,699 [95f8ce0c-61f1-45b1-a4e7-5b97bbfe9a5b@group-60CA7EC77FF7-LeaderElection21] INFO  impl.RoleInfo (RoleInfo.java:shutdownLeaderElection(134)) - 95f8ce0c-61f1-45b1-a4e7-5b97bbfe9a5b: shutdown LeaderElection
2019-10-21 23:05:56,699 [95f8ce0c-61f1-45b1-a4e7-5b97bbfe9a5b@group-60CA7EC77FF7-LeaderElection21] INFO  impl.RoleInfo (RoleInfo.java:updateAndGet(143)) - 95f8ce0c-61f1-45b1-a4e7-5b97bbfe9a5b: start FollowerState
2019-10-21 23:05:56,879 [Thread-670] INFO  impl.FollowerState (FollowerState.java:run(108)) - 95f8ce0c-61f1-45b1-a4e7-5b97bbfe9a5b@group-60CA7EC77FF7-FollowerState: change to CANDIDATE, lastRpcTime:179ms, electionTimeout:179ms
2019-10-21 23:05:56,880 [Thread-670] INFO  impl.RoleInfo (RoleInfo.java:shutdownFollowerState(121)) - 95f8ce0c-61f1-45b1-a4e7-5b97bbfe9a5b: shutdown FollowerState
2019-10-21 23:05:56,881 [Thread-670] INFO  impl.RaftServerImpl (RaftServerImpl.java:setRole(184)) - 95f8ce0c-61f1-45b1-a4e7-5b97bbfe9a5b@group-60CA7EC77FF7: changes role from  FOLLOWER to CANDIDATE at term 20 for changeToCandidate
2019-10-21 23:05:56,881 [Thread-670] INFO  impl.RoleInfo (RoleInfo.java:updateAndGet(143)) - 95f8ce0c-61f1-45b1-a4e7-5b97bbfe9a5b: start LeaderElection
2019-10-21 23:05:56,895 [95f8ce0c-61f1-45b1-a4e7-5b97bbfe9a5b@group-60CA7EC77FF7-LeaderElection22] INFO  impl.LeaderElection (LeaderElection.java:askForVotes(178)) - 95f8ce0c-61f1-45b1-a4e7-5b97bbfe9a5b@group-60CA7EC77FF7-LeaderElection22: begin an election at term 21 for 0: [8e5ceb90-17c7-416d-ba3b-e9af83490bf4:192.168.69.118:43663, 95f8ce0c-61f1-45b1-a4e7-5b97bbfe9a5b:192.168.69.118:45158, 2c02d436-c6f2-4204-8248-e3d2779a79c3:192.168.69.118:45342], old=null
2019-10-21 23:05:56,898 [grpc-default-executor-6] INFO  impl.RaftServerImpl (RaftServerImpl.java:setRole(184)) - 8e5ceb90-17c7-416d-ba3b-e9af83490bf4@group-60CA7EC77FF7: changes role from  FOLLOWER to FOLLOWER at term 21 for recognizeCandidate:95f8ce0c-61f1-45b1-a4e7-5b97bbfe9a5b
2019-10-21 23:05:56,898 [grpc-default-executor-1] INFO  impl.RaftServerImpl (RaftServerImpl.java:setRole(184)) - 2c02d436-c6f2-4204-8248-e3d2779a79c3@group-60CA7EC77FF7: changes role from  FOLLOWER to FOLLOWER at term 21 for recognizeCandidate:95f8ce0c-61f1-45b1-a4e7-5b97bbfe9a5b
2019-10-21 23:05:56,898 [grpc-default-executor-6] INFO  impl.RoleInfo (RoleInfo.java:shutdownFollowerState(121)) - 8e5ceb90-17c7-416d-ba3b-e9af83490bf4: shutdown FollowerState
2019-10-21 23:05:56,899 [grpc-default-executor-1] INFO  impl.RoleInfo (RoleInfo.java:shutdownFollowerState(121)) - 2c02d436-c6f2-4204-8248-e3d2779a79c3: shutdown FollowerState
2019-10-21 23:05:56,899 [grpc-default-executor-6] INFO  impl.RoleInfo (RoleInfo.java:updateAndGet(143)) - 8e5ceb90-17c7-416d-ba3b-e9af83490bf4: start FollowerState
2019-10-21 23:05:56,899 [Thread-669] INFO  impl.FollowerState (FollowerState.java:run(117)) - 8e5ceb90-17c7-416d-ba3b-e9af83490bf4@group-60CA7EC77FF7-FollowerState was interrupted: java.lang.InterruptedException: sleep interrupted
2019-10-21 23:05:56,899 [grpc-default-executor-1] INFO  impl.RoleInfo (RoleInfo.java:updateAndGet(143)) - 2c02d436-c6f2-4204-8248-e3d2779a79c3: start FollowerState
2019-10-21 23:05:56,899 [Thread-668] INFO  impl.FollowerState (FollowerState.java:run(117)) - 2c02d436-c6f2-4204-8248-e3d2779a79c3@group-60CA7EC77FF7-FollowerState was interrupted: java.lang.InterruptedException: sleep interrupted
2019-10-21 23:05:56,914 [95f8ce0c-61f1-45b1-a4e7-5b97bbfe9a5b@group-60CA7EC77FF7-LeaderElection22] INFO  impl.LeaderElection (LeaderElection.java:logAndReturn(56)) - 95f8ce0c-61f1-45b1-a4e7-5b97bbfe9a5b@group-60CA7EC77FF7-LeaderElection22: Election REJECTED; received 2 response(s) [95f8ce0c-61f1-45b1-a4e7-5b97bbfe9a5b<-8e5ceb90-17c7-416d-ba3b-e9af83490bf4#0:FAIL-t21, 95f8ce0c-61f1-45b1-a4e7-5b97bbfe9a5b<-2c02d436-c6f2-4204-8248-e3d2779a79c3#0:FAIL-t21] and 0 exception(s); 95f8ce0c-61f1-45b1-a4e7-5b97bbfe9a5b@group-60CA7EC77FF7:t21, leader=null, voted=95f8ce0c-61f1-45b1-a4e7-5b97bbfe9a5b, raftlog=95f8ce0c-61f1-45b1-a4e7-5b97bbfe9a5b@group-60CA7EC77FF7-SegmentedRaftLog:OPENED:c3,f4,i4, conf=0: [8e5ceb90-17c7-416d-ba3b-e9af83490bf4:192.168.69.118:43663, 95f8ce0c-61f1-45b1-a4e7-5b97bbfe9a5b:192.168.69.118:45158, 2c02d436-c6f2-4204-8248-e3d2779a79c3:192.168.69.118:45342], old=null
2019-10-21 23:05:56,915 [95f8ce0c-61f1-45b1-a4e7-5b97bbfe9a5b@group-60CA7EC77FF7-LeaderElection22] INFO  impl.RaftServerImpl (RaftServerImpl.java:setRole(184)) - 95f8ce0c-61f1-45b1-a4e7-5b97bbfe9a5b@group-60CA7EC77FF7: changes role from CANDIDATE to FOLLOWER at term 21 for DISCOVERED_A_NEW_TERM
2019-10-21 23:05:56,915 [95f8ce0c-61f1-45b1-a4e7-5b97bbfe9a5b@group-60CA7EC77FF7-LeaderElection22] INFO  impl.RoleInfo (RoleInfo.java:shutdownLeaderElection(134)) - 95f8ce0c-61f1-45b1-a4e7-5b97bbfe9a5b: shutdown LeaderElection
2019-10-21 23:05:56,915 [95f8ce0c-61f1-45b1-a4e7-5b97bbfe9a5b@group-60CA7EC77FF7-LeaderElection22] INFO  impl.RoleInfo (RoleInfo.java:updateAndGet(143)) - 95f8ce0c-61f1-45b1-a4e7-5b97bbfe9a5b: start FollowerState
2019-10-21 23:05:56,952 [BlockDeletingService#2] WARN  background.BlockDeletingService (BlockDeletingService.java:isDeletionAllowed(187)) - Close Container log Index 6 is not replicated across allthe servers in the pipeline f77f3c44-7213-45ac-81dc-60ca7ec77ff7 as the min replicated index is 4. Deletion is not allowed in this container yet.
2019-10-21 23:05:56,952 [BlockDeletingService#2] WARN  background.BlockDeletingService (BlockDeletingService.java:isDeletionAllowed(187)) - Close Container log Index 6 is not replicated across allthe servers in the pipeline f77f3c44-7213-45ac-81dc-60ca7ec77ff7 as the min replicated index is 4. Deletion is not allowed in this container yet.
2019-10-21 23:05:57,053 [java.util.concurrent.ThreadPoolExecutor$Worker@49aa5385[State = -1, empty queue]] WARN  server.GrpcLogAppender (GrpcLogAppender.java:timeoutAppendRequest(209)) - 2c02d436-c6f2-4204-8248-e3d2779a79c3@group-60CA7EC77FF7->95f8ce0c-61f1-45b1-a4e7-5b97bbfe9a5b-GrpcLogAppender: appendEntries Timeout, request=2c02d436-c6f2-4204-8248-e3d2779a79c3->95f8ce0c-61f1-45b1-a4e7-5b97bbfe9a5b#52-t2, previous=(t:2, i:10), leaderCommit=10, initializing? false, entries: <empty>
2019-10-21 23:05:57,109 [Thread-676] INFO  impl.FollowerState (FollowerState.java:run(108)) - 95f8ce0c-61f1-45b1-a4e7-5b97bbfe9a5b@group-60CA7EC77FF7-FollowerState: change to CANDIDATE, lastRpcTime:194ms, electionTimeout:194ms
2019-10-21 23:05:57,110 [Thread-676] INFO  impl.RoleInfo (RoleInfo.java:shutdownFollowerState(121)) - 95f8ce0c-61f1-45b1-a4e7-5b97bbfe9a5b: shutdown FollowerState
2019-10-21 23:05:57,110 [Thread-676] INFO  impl.RaftServerImpl (RaftServerImpl.java:setRole(184)) - 95f8ce0c-61f1-45b1-a4e7-5b97bbfe9a5b@group-60CA7EC77FF7: changes role from  FOLLOWER to CANDIDATE at term 21 for changeToCandidate
2019-10-21 23:05:57,110 [Thread-676] INFO  impl.RoleInfo (RoleInfo.java:updateAndGet(143)) - 95f8ce0c-61f1-45b1-a4e7-5b97bbfe9a5b: start LeaderElection
2019-10-21 23:05:57,124 [95f8ce0c-61f1-45b1-a4e7-5b97bbfe9a5b@group-60CA7EC77FF7-LeaderElection23] INFO  impl.LeaderElection (LeaderElection.java:askForVotes(178)) - 95f8ce0c-61f1-45b1-a4e7-5b97bbfe9a5b@group-60CA7EC77FF7-LeaderElection23: begin an election at term 22 for 0: [8e5ceb90-17c7-416d-ba3b-e9af83490bf4:192.168.69.118:43663, 95f8ce0c-61f1-45b1-a4e7-5b97bbfe9a5b:192.168.69.118:45158, 2c02d436-c6f2-4204-8248-e3d2779a79c3:192.168.69.118:45342], old=null
2019-10-21 23:05:57,127 [grpc-default-executor-6] INFO  impl.RaftServerImpl (RaftServerImpl.java:setRole(184)) - 8e5ceb90-17c7-416d-ba3b-e9af83490bf4@group-60CA7EC77FF7: changes role from  FOLLOWER to FOLLOWER at term 22 for recognizeCandidate:95f8ce0c-61f1-45b1-a4e7-5b97bbfe9a5b
2019-10-21 23:05:57,127 [grpc-default-executor-1] INFO  impl.RaftServerImpl (RaftServerImpl.java:setRole(184)) - 2c02d436-c6f2-4204-8248-e3d2779a79c3@group-60CA7EC77FF7: changes role from  FOLLOWER to FOLLOWER at term 22 for recognizeCandidate:95f8ce0c-61f1-45b1-a4e7-5b97bbfe9a5b
2019-10-21 23:05:57,127 [grpc-default-executor-6] INFO  impl.RoleInfo (RoleInfo.java:shutdownFollowerState(121)) - 8e5ceb90-17c7-416d-ba3b-e9af83490bf4: shutdown FollowerState
2019-10-21 23:05:57,127 [grpc-default-executor-1] INFO  impl.RoleInfo (RoleInfo.java:shutdownFollowerState(121)) - 2c02d436-c6f2-4204-8248-e3d2779a79c3: shutdown FollowerState
2019-10-21 23:05:57,128 [grpc-default-executor-6] INFO  impl.RoleInfo (RoleInfo.java:updateAndGet(143)) - 8e5ceb90-17c7-416d-ba3b-e9af83490bf4: start FollowerState
2019-10-21 23:05:57,128 [grpc-default-executor-1] INFO  impl.RoleInfo (RoleInfo.java:updateAndGet(143)) - 2c02d436-c6f2-4204-8248-e3d2779a79c3: start FollowerState
2019-10-21 23:05:57,128 [Thread-674] INFO  impl.FollowerState (FollowerState.java:run(117)) - 8e5ceb90-17c7-416d-ba3b-e9af83490bf4@group-60CA7EC77FF7-FollowerState was interrupted: java.lang.InterruptedException: sleep interrupted
2019-10-21 23:05:57,128 [Thread-675] INFO  impl.FollowerState (FollowerState.java:run(117)) - 2c02d436-c6f2-4204-8248-e3d2779a79c3@group-60CA7EC77FF7-FollowerState was interrupted: java.lang.InterruptedException: sleep interrupted
2019-10-21 23:05:57,144 [95f8ce0c-61f1-45b1-a4e7-5b97bbfe9a5b@group-60CA7EC77FF7-LeaderElection23] INFO  impl.LeaderElection (LeaderElection.java:logAndReturn(56)) - 95f8ce0c-61f1-45b1-a4e7-5b97bbfe9a5b@group-60CA7EC77FF7-LeaderElection23: Election REJECTED; received 2 response(s) [95f8ce0c-61f1-45b1-a4e7-5b97bbfe9a5b<-8e5ceb90-17c7-416d-ba3b-e9af83490bf4#0:FAIL-t22, 95f8ce0c-61f1-45b1-a4e7-5b97bbfe9a5b<-2c02d436-c6f2-4204-8248-e3d2779a79c3#0:FAIL-t22] and 0 exception(s); 95f8ce0c-61f1-45b1-a4e7-5b97bbfe9a5b@group-60CA7EC77FF7:t22, leader=null, voted=95f8ce0c-61f1-45b1-a4e7-5b97bbfe9a5b, raftlog=95f8ce0c-61f1-45b1-a4e7-5b97bbfe9a5b@group-60CA7EC77FF7-SegmentedRaftLog:OPENED:c3,f4,i4, conf=0: [8e5ceb90-17c7-416d-ba3b-e9af83490bf4:192.168.69.118:43663, 95f8ce0c-61f1-45b1-a4e7-5b97bbfe9a5b:192.168.69.118:45158, 2c02d436-c6f2-4204-8248-e3d2779a79c3:192.168.69.118:45342], old=null
2019-10-21 23:05:57,144 [95f8ce0c-61f1-45b1-a4e7-5b97bbfe9a5b@group-60CA7EC77FF7-LeaderElection23] INFO  impl.RaftServerImpl (RaftServerImpl.java:setRole(184)) - 95f8ce0c-61f1-45b1-a4e7-5b97bbfe9a5b@group-60CA7EC77FF7: changes role from CANDIDATE to FOLLOWER at term 22 for DISCOVERED_A_NEW_TERM
2019-10-21 23:05:57,144 [95f8ce0c-61f1-45b1-a4e7-5b97bbfe9a5b@group-60CA7EC77FF7-LeaderElection23] INFO  impl.RoleInfo (RoleInfo.java:shutdownLeaderElection(134)) - 95f8ce0c-61f1-45b1-a4e7-5b97bbfe9a5b: shutdown LeaderElection
2019-10-21 23:05:57,145 [95f8ce0c-61f1-45b1-a4e7-5b97bbfe9a5b@group-60CA7EC77FF7-LeaderElection23] INFO  impl.RoleInfo (RoleInfo.java:updateAndGet(143)) - 95f8ce0c-61f1-45b1-a4e7-5b97bbfe9a5b: start FollowerState
2019-10-21 23:05:57,342 [Thread-684] INFO  impl.FollowerState (FollowerState.java:run(108)) - 95f8ce0c-61f1-45b1-a4e7-5b97bbfe9a5b@group-60CA7EC77FF7-FollowerState: change to CANDIDATE, lastRpcTime:197ms, electionTimeout:197ms
2019-10-21 23:05:57,344 [Thread-684] INFO  impl.RoleInfo (RoleInfo.java:shutdownFollowerState(121)) - 95f8ce0c-61f1-45b1-a4e7-5b97bbfe9a5b: shutdown FollowerState
2019-10-21 23:05:57,344 [Thread-684] INFO  impl.RaftServerImpl (RaftServerImpl.java:setRole(184)) - 95f8ce0c-61f1-45b1-a4e7-5b97bbfe9a5b@group-60CA7EC77FF7: changes role from  FOLLOWER to CANDIDATE at term 22 for changeToCandidate
2019-10-21 23:05:57,344 [Thread-684] INFO  impl.RoleInfo (RoleInfo.java:updateAndGet(143)) - 95f8ce0c-61f1-45b1-a4e7-5b97bbfe9a5b: start LeaderElection
2019-10-21 23:05:57,357 [95f8ce0c-61f1-45b1-a4e7-5b97bbfe9a5b@group-60CA7EC77FF7-LeaderElection24] INFO  impl.LeaderElection (LeaderElection.java:askForVotes(178)) - 95f8ce0c-61f1-45b1-a4e7-5b97bbfe9a5b@group-60CA7EC77FF7-LeaderElection24: begin an election at term 23 for 0: [8e5ceb90-17c7-416d-ba3b-e9af83490bf4:192.168.69.118:43663, 95f8ce0c-61f1-45b1-a4e7-5b97bbfe9a5b:192.168.69.118:45158, 2c02d436-c6f2-4204-8248-e3d2779a79c3:192.168.69.118:45342], old=null
2019-10-21 23:05:57,361 [grpc-default-executor-1] INFO  impl.RaftServerImpl (RaftServerImpl.java:setRole(184)) - 2c02d436-c6f2-4204-8248-e3d2779a79c3@group-60CA7EC77FF7: changes role from  FOLLOWER to FOLLOWER at term 23 for recognizeCandidate:95f8ce0c-61f1-45b1-a4e7-5b97bbfe9a5b
2019-10-21 23:05:57,361 [grpc-default-executor-6] INFO  impl.RaftServerImpl (RaftServerImpl.java:setRole(184)) - 8e5ceb90-17c7-416d-ba3b-e9af83490bf4@group-60CA7EC77FF7: changes role from  FOLLOWER to FOLLOWER at term 23 for recognizeCandidate:95f8ce0c-61f1-45b1-a4e7-5b97bbfe9a5b
2019-10-21 23:05:57,361 [grpc-default-executor-1] INFO  impl.RoleInfo (RoleInfo.java:shutdownFollowerState(121)) - 2c02d436-c6f2-4204-8248-e3d2779a79c3: shutdown FollowerState
2019-10-21 23:05:57,361 [grpc-default-executor-6] INFO  impl.RoleInfo (RoleInfo.java:shutdownFollowerState(121)) - 8e5ceb90-17c7-416d-ba3b-e9af83490bf4: shutdown FollowerState
2019-10-21 23:05:57,361 [grpc-default-executor-1] INFO  impl.RoleInfo (RoleInfo.java:updateAndGet(143)) - 2c02d436-c6f2-4204-8248-e3d2779a79c3: start FollowerState
2019-10-21 23:05:57,361 [Thread-683] INFO  impl.FollowerState (FollowerState.java:run(117)) - 2c02d436-c6f2-4204-8248-e3d2779a79c3@group-60CA7EC77FF7-FollowerState was interrupted: java.lang.InterruptedException: sleep interrupted
2019-10-21 23:05:57,362 [grpc-default-executor-6] INFO  impl.RoleInfo (RoleInfo.java:updateAndGet(143)) - 8e5ceb90-17c7-416d-ba3b-e9af83490bf4: start FollowerState
2019-10-21 23:05:57,362 [Thread-682] INFO  impl.FollowerState (FollowerState.java:run(117)) - 8e5ceb90-17c7-416d-ba3b-e9af83490bf4@group-60CA7EC77FF7-FollowerState was interrupted: java.lang.InterruptedException: sleep interrupted
2019-10-21 23:05:57,375 [95f8ce0c-61f1-45b1-a4e7-5b97bbfe9a5b@group-60CA7EC77FF7-LeaderElection24] INFO  impl.LeaderElection (LeaderElection.java:logAndReturn(56)) - 95f8ce0c-61f1-45b1-a4e7-5b97bbfe9a5b@group-60CA7EC77FF7-LeaderElection24: Election REJECTED; received 2 response(s) [95f8ce0c-61f1-45b1-a4e7-5b97bbfe9a5b<-8e5ceb90-17c7-416d-ba3b-e9af83490bf4#0:FAIL-t23, 95f8ce0c-61f1-45b1-a4e7-5b97bbfe9a5b<-2c02d436-c6f2-4204-8248-e3d2779a79c3#0:FAIL-t23] and 0 exception(s); 95f8ce0c-61f1-45b1-a4e7-5b97bbfe9a5b@group-60CA7EC77FF7:t23, leader=null, voted=95f8ce0c-61f1-45b1-a4e7-5b97bbfe9a5b, raftlog=95f8ce0c-61f1-45b1-a4e7-5b97bbfe9a5b@group-60CA7EC77FF7-SegmentedRaftLog:OPENED:c3,f4,i4, conf=0: [8e5ceb90-17c7-416d-ba3b-e9af83490bf4:192.168.69.118:43663, 95f8ce0c-61f1-45b1-a4e7-5b97bbfe9a5b:192.168.69.118:45158, 2c02d436-c6f2-4204-8248-e3d2779a79c3:192.168.69.118:45342], old=null
2019-10-21 23:05:57,375 [95f8ce0c-61f1-45b1-a4e7-5b97bbfe9a5b@group-60CA7EC77FF7-LeaderElection24] INFO  impl.RaftServerImpl (RaftServerImpl.java:setRole(184)) - 95f8ce0c-61f1-45b1-a4e7-5b97bbfe9a5b@group-60CA7EC77FF7: changes role from CANDIDATE to FOLLOWER at term 23 for DISCOVERED_A_NEW_TERM
2019-10-21 23:05:57,375 [95f8ce0c-61f1-45b1-a4e7-5b97bbfe9a5b@group-60CA7EC77FF7-LeaderElection24] INFO  impl.RoleInfo (RoleInfo.java:shutdownLeaderElection(134)) - 95f8ce0c-61f1-45b1-a4e7-5b97bbfe9a5b: shutdown LeaderElection
2019-10-21 23:05:57,375 [95f8ce0c-61f1-45b1-a4e7-5b97bbfe9a5b@group-60CA7EC77FF7-LeaderElection24] INFO  impl.RoleInfo (RoleInfo.java:updateAndGet(143)) - 95f8ce0c-61f1-45b1-a4e7-5b97bbfe9a5b: start FollowerState
2019-10-21 23:05:57,426 [Thread-693] INFO  client.GrpcClientProtocolService (GrpcClientProtocolService.java:lambda$processClientRequest$0(278)) - Failed RaftClientRequest:client-0013CC304CD3->8e5ceb90-17c7-416d-ba3b-e9af83490bf4@group-60CA7EC77FF7, cid=10, seq=0, Watch-ALL_COMMITTED(6), Message:<EMPTY>, reply=RaftClientReply:client-0013CC304CD3->8e5ceb90-17c7-416d-ba3b-e9af83490bf4@group-60CA7EC77FF7, cid=10, FAILED org.apache.ratis.protocol.NotLeaderException: Server 8e5ceb90-17c7-416d-ba3b-e9af83490bf4@group-60CA7EC77FF7 is not the leader, logIndex=0, commits[8e5ceb90-17c7-416d-ba3b-e9af83490bf4:c10, 95f8ce0c-61f1-45b1-a4e7-5b97bbfe9a5b:c4, 2c02d436-c6f2-4204-8248-e3d2779a79c3:c10]
2019-10-21 23:05:57,521 [Thread-691] INFO  impl.FollowerState (FollowerState.java:run(108)) - 95f8ce0c-61f1-45b1-a4e7-5b97bbfe9a5b@group-60CA7EC77FF7-FollowerState: change to CANDIDATE, lastRpcTime:145ms, electionTimeout:145ms
2019-10-21 23:05:57,521 [Thread-691] INFO  impl.RoleInfo (RoleInfo.java:shutdownFollowerState(121)) - 95f8ce0c-61f1-45b1-a4e7-5b97bbfe9a5b: shutdown FollowerState
2019-10-21 23:05:57,521 [Thread-691] INFO  impl.RaftServerImpl (RaftServerImpl.java:setRole(184)) - 95f8ce0c-61f1-45b1-a4e7-5b97bbfe9a5b@group-60CA7EC77FF7: changes role from  FOLLOWER to CANDIDATE at term 23 for changeToCandidate
2019-10-21 23:05:57,521 [Thread-691] INFO  impl.RoleInfo (RoleInfo.java:updateAndGet(143)) - 95f8ce0c-61f1-45b1-a4e7-5b97bbfe9a5b: start LeaderElection
2019-10-21 23:05:57,530 [95f8ce0c-61f1-45b1-a4e7-5b97bbfe9a5b@group-60CA7EC77FF7-LeaderElection25] INFO  impl.LeaderElection (LeaderElection.java:askForVotes(178)) - 95f8ce0c-61f1-45b1-a4e7-5b97bbfe9a5b@group-60CA7EC77FF7-LeaderElection25: begin an election at term 24 for 0: [8e5ceb90-17c7-416d-ba3b-e9af83490bf4:192.168.69.118:43663, 95f8ce0c-61f1-45b1-a4e7-5b97bbfe9a5b:192.168.69.118:45158, 2c02d436-c6f2-4204-8248-e3d2779a79c3:192.168.69.118:45342], old=null
2019-10-21 23:05:57,535 [grpc-default-executor-6] INFO  impl.RaftServerImpl (RaftServerImpl.java:setRole(184)) - 2c02d436-c6f2-4204-8248-e3d2779a79c3@group-60CA7EC77FF7: changes role from  FOLLOWER to FOLLOWER at term 24 for recognizeCandidate:95f8ce0c-61f1-45b1-a4e7-5b97bbfe9a5b
2019-10-21 23:05:57,535 [grpc-default-executor-1] INFO  impl.RaftServerImpl (RaftServerImpl.java:setRole(184)) - 8e5ceb90-17c7-416d-ba3b-e9af83490bf4@group-60CA7EC77FF7: changes role from  FOLLOWER to FOLLOWER at term 24 for recognizeCandidate:95f8ce0c-61f1-45b1-a4e7-5b97bbfe9a5b
2019-10-21 23:05:57,535 [grpc-default-executor-6] INFO  impl.RoleInfo (RoleInfo.java:shutdownFollowerState(121)) - 2c02d436-c6f2-4204-8248-e3d2779a79c3: shutdown FollowerState
2019-10-21 23:05:57,535 [grpc-default-executor-1] INFO  impl.RoleInfo (RoleInfo.java:shutdownFollowerState(121)) - 8e5ceb90-17c7-416d-ba3b-e9af83490bf4: shutdown FollowerState
2019-10-21 23:05:57,535 [grpc-default-executor-6] INFO  impl.RoleInfo (RoleInfo.java:updateAndGet(143)) - 2c02d436-c6f2-4204-8248-e3d2779a79c3: start FollowerState
2019-10-21 23:05:57,535 [Thread-689] INFO  impl.FollowerState (FollowerState.java:run(117)) - 2c02d436-c6f2-4204-8248-e3d2779a79c3@group-60CA7EC77FF7-FollowerState was interrupted: java.lang.InterruptedException: sleep interrupted
2019-10-21 23:05:57,535 [Thread-690] INFO  impl.FollowerState (FollowerState.java:run(117)) - 8e5ceb90-17c7-416d-ba3b-e9af83490bf4@group-60CA7EC77FF7-FollowerState was interrupted: java.lang.InterruptedException: sleep interrupted
2019-10-21 23:05:57,535 [grpc-default-executor-1] INFO  impl.RoleInfo (RoleInfo.java:updateAndGet(143)) - 8e5ceb90-17c7-416d-ba3b-e9af83490bf4: start FollowerState
2019-10-21 23:05:57,547 [95f8ce0c-61f1-45b1-a4e7-5b97bbfe9a5b@group-60CA7EC77FF7-LeaderElection25] INFO  impl.LeaderElection (LeaderElection.java:logAndReturn(56)) - 95f8ce0c-61f1-45b1-a4e7-5b97bbfe9a5b@group-60CA7EC77FF7-LeaderElection25: Election REJECTED; received 2 response(s) [95f8ce0c-61f1-45b1-a4e7-5b97bbfe9a5b<-8e5ceb90-17c7-416d-ba3b-e9af83490bf4#0:FAIL-t24, 95f8ce0c-61f1-45b1-a4e7-5b97bbfe9a5b<-2c02d436-c6f2-4204-8248-e3d2779a79c3#0:FAIL-t24] and 0 exception(s); 95f8ce0c-61f1-45b1-a4e7-5b97bbfe9a5b@group-60CA7EC77FF7:t24, leader=null, voted=95f8ce0c-61f1-45b1-a4e7-5b97bbfe9a5b, raftlog=95f8ce0c-61f1-45b1-a4e7-5b97bbfe9a5b@group-60CA7EC77FF7-SegmentedRaftLog:OPENED:c3,f4,i4, conf=0: [8e5ceb90-17c7-416d-ba3b-e9af83490bf4:192.168.69.118:43663, 95f8ce0c-61f1-45b1-a4e7-5b97bbfe9a5b:192.168.69.118:45158, 2c02d436-c6f2-4204-8248-e3d2779a79c3:192.168.69.118:45342], old=null
2019-10-21 23:05:57,547 [95f8ce0c-61f1-45b1-a4e7-5b97bbfe9a5b@group-60CA7EC77FF7-LeaderElection25] INFO  impl.RaftServerImpl (RaftServerImpl.java:setRole(184)) - 95f8ce0c-61f1-45b1-a4e7-5b97bbfe9a5b@group-60CA7EC77FF7: changes role from CANDIDATE to FOLLOWER at term 24 for DISCOVERED_A_NEW_TERM
2019-10-21 23:05:57,548 [95f8ce0c-61f1-45b1-a4e7-5b97bbfe9a5b@group-60CA7EC77FF7-LeaderElection25] INFO  impl.RoleInfo (RoleInfo.java:shutdownLeaderElection(134)) - 95f8ce0c-61f1-45b1-a4e7-5b97bbfe9a5b: shutdown LeaderElection
2019-10-21 23:05:57,548 [95f8ce0c-61f1-45b1-a4e7-5b97bbfe9a5b@group-60CA7EC77FF7-LeaderElection25] INFO  impl.RoleInfo (RoleInfo.java:updateAndGet(143)) - 95f8ce0c-61f1-45b1-a4e7-5b97bbfe9a5b: start FollowerState
2019-10-21 23:05:57,594 [Thread-700] INFO  impl.FollowerState (FollowerState.java:run(108)) - 95f8ce0c-61f1-45b1-a4e7-5b97bbfe9a5b@group-60CA7EC77FF7-FollowerState: change to CANDIDATE, lastRpcTime:46ms, electionTimeout:46ms
2019-10-21 23:05:57,596 [Thread-700] INFO  impl.RoleInfo (RoleInfo.java:shutdownFollowerState(121)) - 95f8ce0c-61f1-45b1-a4e7-5b97bbfe9a5b: shutdown FollowerState
2019-10-21 23:05:57,596 [Thread-700] INFO  impl.RaftServerImpl (RaftServerImpl.java:setRole(184)) - 95f8ce0c-61f1-45b1-a4e7-5b97bbfe9a5b@group-60CA7EC77FF7: changes role from  FOLLOWER to CANDIDATE at term 24 for changeToCandidate
2019-10-21 23:05:57,596 [Thread-700] INFO  impl.RoleInfo (RoleInfo.java:updateAndGet(143)) - 95f8ce0c-61f1-45b1-a4e7-5b97bbfe9a5b: start LeaderElection
2019-10-21 23:05:57,602 [95f8ce0c-61f1-45b1-a4e7-5b97bbfe9a5b@group-60CA7EC77FF7-LeaderElection26] INFO  impl.LeaderElection (LeaderElection.java:askForVotes(178)) - 95f8ce0c-61f1-45b1-a4e7-5b97bbfe9a5b@group-60CA7EC77FF7-LeaderElection26: begin an election at term 25 for 0: [8e5ceb90-17c7-416d-ba3b-e9af83490bf4:192.168.69.118:43663, 95f8ce0c-61f1-45b1-a4e7-5b97bbfe9a5b:192.168.69.118:45158, 2c02d436-c6f2-4204-8248-e3d2779a79c3:192.168.69.118:45342], old=null
2019-10-21 23:05:57,605 [grpc-default-executor-1] INFO  impl.RaftServerImpl (RaftServerImpl.java:setRole(184)) - 8e5ceb90-17c7-416d-ba3b-e9af83490bf4@group-60CA7EC77FF7: changes role from  FOLLOWER to FOLLOWER at term 25 for recognizeCandidate:95f8ce0c-61f1-45b1-a4e7-5b97bbfe9a5b
2019-10-21 23:05:57,605 [grpc-default-executor-1] INFO  impl.RoleInfo (RoleInfo.java:shutdownFollowerState(121)) - 8e5ceb90-17c7-416d-ba3b-e9af83490bf4: shutdown FollowerState
2019-10-21 23:05:57,605 [grpc-default-executor-6] INFO  impl.RaftServerImpl (RaftServerImpl.java:setRole(184)) - 2c02d436-c6f2-4204-8248-e3d2779a79c3@group-60CA7EC77FF7: changes role from  FOLLOWER to FOLLOWER at term 25 for recognizeCandidate:95f8ce0c-61f1-45b1-a4e7-5b97bbfe9a5b
2019-10-21 23:05:57,606 [grpc-default-executor-1] INFO  impl.RoleInfo (RoleInfo.java:updateAndGet(143)) - 8e5ceb90-17c7-416d-ba3b-e9af83490bf4: start FollowerState
2019-10-21 23:05:57,606 [grpc-default-executor-6] INFO  impl.RoleInfo (RoleInfo.java:shutdownFollowerState(121)) - 2c02d436-c6f2-4204-8248-e3d2779a79c3: shutdown FollowerState
2019-10-21 23:05:57,606 [Thread-698] INFO  impl.FollowerState (FollowerState.java:run(117)) - 2c02d436-c6f2-4204-8248-e3d2779a79c3@group-60CA7EC77FF7-FollowerState was interrupted: java.lang.InterruptedException: sleep interrupted
2019-10-21 23:05:57,606 [Thread-699] INFO  impl.FollowerState (FollowerState.java:run(117)) - 8e5ceb90-17c7-416d-ba3b-e9af83490bf4@group-60CA7EC77FF7-FollowerState was interrupted: java.lang.InterruptedException: sleep interrupted
2019-10-21 23:05:57,606 [grpc-default-executor-6] INFO  impl.RoleInfo (RoleInfo.java:updateAndGet(143)) - 2c02d436-c6f2-4204-8248-e3d2779a79c3: start FollowerState
2019-10-21 23:05:57,622 [95f8ce0c-61f1-45b1-a4e7-5b97bbfe9a5b@group-60CA7EC77FF7-LeaderElection26] INFO  impl.LeaderElection (LeaderElection.java:logAndReturn(56)) - 95f8ce0c-61f1-45b1-a4e7-5b97bbfe9a5b@group-60CA7EC77FF7-LeaderElection26: Election REJECTED; received 2 response(s) [95f8ce0c-61f1-45b1-a4e7-5b97bbfe9a5b<-8e5ceb90-17c7-416d-ba3b-e9af83490bf4#0:FAIL-t25, 95f8ce0c-61f1-45b1-a4e7-5b97bbfe9a5b<-2c02d436-c6f2-4204-8248-e3d2779a79c3#0:FAIL-t25] and 0 exception(s); 95f8ce0c-61f1-45b1-a4e7-5b97bbfe9a5b@group-60CA7EC77FF7:t25, leader=null, voted=95f8ce0c-61f1-45b1-a4e7-5b97bbfe9a5b, raftlog=95f8ce0c-61f1-45b1-a4e7-5b97bbfe9a5b@group-60CA7EC77FF7-SegmentedRaftLog:OPENED:c3,f4,i4, conf=0: [8e5ceb90-17c7-416d-ba3b-e9af83490bf4:192.168.69.118:43663, 95f8ce0c-61f1-45b1-a4e7-5b97bbfe9a5b:192.168.69.118:45158, 2c02d436-c6f2-4204-8248-e3d2779a79c3:192.168.69.118:45342], old=null
2019-10-21 23:05:57,622 [95f8ce0c-61f1-45b1-a4e7-5b97bbfe9a5b@group-60CA7EC77FF7-LeaderElection26] INFO  impl.RaftServerImpl (RaftServerImpl.java:setRole(184)) - 95f8ce0c-61f1-45b1-a4e7-5b97bbfe9a5b@group-60CA7EC77FF7: changes role from CANDIDATE to FOLLOWER at term 25 for DISCOVERED_A_NEW_TERM
2019-10-21 23:05:57,623 [95f8ce0c-61f1-45b1-a4e7-5b97bbfe9a5b@group-60CA7EC77FF7-LeaderElection26] INFO  impl.RoleInfo (RoleInfo.java:shutdownLeaderElection(134)) - 95f8ce0c-61f1-45b1-a4e7-5b97bbfe9a5b: shutdown LeaderElection
2019-10-21 23:05:57,623 [95f8ce0c-61f1-45b1-a4e7-5b97bbfe9a5b@group-60CA7EC77FF7-LeaderElection26] INFO  impl.RoleInfo (RoleInfo.java:updateAndGet(143)) - 95f8ce0c-61f1-45b1-a4e7-5b97bbfe9a5b: start FollowerState
2019-10-21 23:05:57,663 [pool-7-thread-3] INFO  commands.RetriableDatanodeEventWatcher (RetriableDatanodeEventWatcher.java:onTimeout(47)) - RetriableDatanodeCommand type=deleteBlocksCommand with id=1571699151551 timed out. Retrying.
2019-10-21 23:05:57,665 [pool-7-thread-6] INFO  commands.RetriableDatanodeEventWatcher (RetriableDatanodeEventWatcher.java:onTimeout(47)) - RetriableDatanodeCommand type=deleteBlocksCommand with id=1571699151555 timed out. Retrying.
2019-10-21 23:05:57,665 [SCMBlockDeletingService#0] INFO  block.SCMBlockDeletingService (SCMBlockDeletingService.java:call(184)) - Totally added 1 delete blocks command for 1 datanodes, task elapsed time: 2ms
2019-10-21 23:05:57,665 [pool-7-thread-2] INFO  commands.RetriableDatanodeEventWatcher (RetriableDatanodeEventWatcher.java:onTimeout(47)) - RetriableDatanodeCommand type=deleteBlocksCommand with id=1571699151554 timed out. Retrying.
2019-10-21 23:05:57,666 [pool-7-thread-5] INFO  commands.RetriableDatanodeEventWatcher (RetriableDatanodeEventWatcher.java:onTimeout(47)) - RetriableDatanodeCommand type=deleteBlocksCommand with id=1571699151558 timed out. Retrying.
2019-10-21 23:05:57,666 [pool-7-thread-4] INFO  commands.RetriableDatanodeEventWatcher (RetriableDatanodeEventWatcher.java:onTimeout(47)) - RetriableDatanodeCommand type=deleteBlocksCommand with id=1571699151556 timed out. Retrying.
2019-10-21 23:05:57,666 [pool-7-thread-1] INFO  commands.RetriableDatanodeEventWatcher (RetriableDatanodeEventWatcher.java:onTimeout(47)) - RetriableDatanodeCommand type=deleteBlocksCommand with id=1571699151557 timed out. Retrying.
2019-10-21 23:05:57,740 [Thread-706] INFO  impl.FollowerState (FollowerState.java:run(108)) - 95f8ce0c-61f1-45b1-a4e7-5b97bbfe9a5b@group-60CA7EC77FF7-FollowerState: change to CANDIDATE, lastRpcTime:117ms, electionTimeout:117ms
2019-10-21 23:05:57,740 [Thread-706] INFO  impl.RoleInfo (RoleInfo.java:shutdownFollowerState(121)) - 95f8ce0c-61f1-45b1-a4e7-5b97bbfe9a5b: shutdown FollowerState
2019-10-21 23:05:57,740 [Thread-706] INFO  impl.RaftServerImpl (RaftServerImpl.java:setRole(184)) - 95f8ce0c-61f1-45b1-a4e7-5b97bbfe9a5b@group-60CA7EC77FF7: changes role from  FOLLOWER to CANDIDATE at term 25 for changeToCandidate
2019-10-21 23:05:57,741 [Thread-706] INFO  impl.RoleInfo (RoleInfo.java:updateAndGet(143)) - 95f8ce0c-61f1-45b1-a4e7-5b97bbfe9a5b: start LeaderElection
2019-10-21 23:05:57,746 [95f8ce0c-61f1-45b1-a4e7-5b97bbfe9a5b@group-60CA7EC77FF7-LeaderElection27] INFO  impl.LeaderElection (LeaderElection.java:askForVotes(178)) - 95f8ce0c-61f1-45b1-a4e7-5b97bbfe9a5b@group-60CA7EC77FF7-LeaderElection27: begin an election at term 26 for 0: [8e5ceb90-17c7-416d-ba3b-e9af83490bf4:192.168.69.118:43663, 95f8ce0c-61f1-45b1-a4e7-5b97bbfe9a5b:192.168.69.118:45158, 2c02d436-c6f2-4204-8248-e3d2779a79c3:192.168.69.118:45342], old=null
2019-10-21 23:05:57,749 [grpc-default-executor-1] INFO  impl.RaftServerImpl (RaftServerImpl.java:setRole(184)) - 2c02d436-c6f2-4204-8248-e3d2779a79c3@group-60CA7EC77FF7: changes role from  FOLLOWER to FOLLOWER at term 26 for recognizeCandidate:95f8ce0c-61f1-45b1-a4e7-5b97bbfe9a5b
2019-10-21 23:05:57,750 [grpc-default-executor-6] INFO  impl.RaftServerImpl (RaftServerImpl.java:setRole(184)) - 8e5ceb90-17c7-416d-ba3b-e9af83490bf4@group-60CA7EC77FF7: changes role from  FOLLOWER to FOLLOWER at term 26 for recognizeCandidate:95f8ce0c-61f1-45b1-a4e7-5b97bbfe9a5b
2019-10-21 23:05:57,750 [grpc-default-executor-1] INFO  impl.RoleInfo (RoleInfo.java:shutdownFollowerState(121)) - 2c02d436-c6f2-4204-8248-e3d2779a79c3: shutdown FollowerState
2019-10-21 23:05:57,750 [grpc-default-executor-6] INFO  impl.RoleInfo (RoleInfo.java:shutdownFollowerState(121)) - 8e5ceb90-17c7-416d-ba3b-e9af83490bf4: shutdown FollowerState
2019-10-21 23:05:57,750 [grpc-default-executor-1] INFO  impl.RoleInfo (RoleInfo.java:updateAndGet(143)) - 2c02d436-c6f2-4204-8248-e3d2779a79c3: start FollowerState
2019-10-21 23:05:57,750 [Thread-705] INFO  impl.FollowerState (FollowerState.java:run(117)) - 2c02d436-c6f2-4204-8248-e3d2779a79c3@group-60CA7EC77FF7-FollowerState was interrupted: java.lang.InterruptedException: sleep interrupted
2019-10-21 23:05:57,750 [grpc-default-executor-6] INFO  impl.RoleInfo (RoleInfo.java:updateAndGet(143)) - 8e5ceb90-17c7-416d-ba3b-e9af83490bf4: start FollowerState
2019-10-21 23:05:57,750 [Thread-704] INFO  impl.FollowerState (FollowerState.java:run(117)) - 8e5ceb90-17c7-416d-ba3b-e9af83490bf4@group-60CA7EC77FF7-FollowerState was interrupted: java.lang.InterruptedException: sleep interrupted
2019-10-21 23:05:57,763 [95f8ce0c-61f1-45b1-a4e7-5b97bbfe9a5b@group-60CA7EC77FF7-LeaderElection27] INFO  impl.LeaderElection (LeaderElection.java:logAndReturn(56)) - 95f8ce0c-61f1-45b1-a4e7-5b97bbfe9a5b@group-60CA7EC77FF7-LeaderElection27: Election REJECTED; received 2 response(s) [95f8ce0c-61f1-45b1-a4e7-5b97bbfe9a5b<-8e5ceb90-17c7-416d-ba3b-e9af83490bf4#0:FAIL-t26, 95f8ce0c-61f1-45b1-a4e7-5b97bbfe9a5b<-2c02d436-c6f2-4204-8248-e3d2779a79c3#0:FAIL-t26] and 0 exception(s); 95f8ce0c-61f1-45b1-a4e7-5b97bbfe9a5b@group-60CA7EC77FF7:t26, leader=null, voted=95f8ce0c-61f1-45b1-a4e7-5b97bbfe9a5b, raftlog=95f8ce0c-61f1-45b1-a4e7-5b97bbfe9a5b@group-60CA7EC77FF7-SegmentedRaftLog:OPENED:c3,f4,i4, conf=0: [8e5ceb90-17c7-416d-ba3b-e9af83490bf4:192.168.69.118:43663, 95f8ce0c-61f1-45b1-a4e7-5b97bbfe9a5b:192.168.69.118:45158, 2c02d436-c6f2-4204-8248-e3d2779a79c3:192.168.69.118:45342], old=null
2019-10-21 23:05:57,763 [95f8ce0c-61f1-45b1-a4e7-5b97bbfe9a5b@group-60CA7EC77FF7-LeaderElection27] INFO  impl.RaftServerImpl (RaftServerImpl.java:setRole(184)) - 95f8ce0c-61f1-45b1-a4e7-5b97bbfe9a5b@group-60CA7EC77FF7: changes role from CANDIDATE to FOLLOWER at term 26 for DISCOVERED_A_NEW_TERM
2019-10-21 23:05:57,763 [95f8ce0c-61f1-45b1-a4e7-5b97bbfe9a5b@group-60CA7EC77FF7-LeaderElection27] INFO  impl.RoleInfo (RoleInfo.java:shutdownLeaderElection(134)) - 95f8ce0c-61f1-45b1-a4e7-5b97bbfe9a5b: shutdown LeaderElection
2019-10-21 23:05:57,764 [95f8ce0c-61f1-45b1-a4e7-5b97bbfe9a5b@group-60CA7EC77FF7-LeaderElection27] INFO  impl.RoleInfo (RoleInfo.java:updateAndGet(143)) - 95f8ce0c-61f1-45b1-a4e7-5b97bbfe9a5b: start FollowerState
2019-10-21 23:05:57,907 [Thread-712] INFO  impl.FollowerState (FollowerState.java:run(108)) - 95f8ce0c-61f1-45b1-a4e7-5b97bbfe9a5b@group-60CA7EC77FF7-FollowerState: change to CANDIDATE, lastRpcTime:143ms, electionTimeout:143ms
2019-10-21 23:05:57,908 [Thread-712] INFO  impl.RoleInfo (RoleInfo.java:shutdownFollowerState(121)) - 95f8ce0c-61f1-45b1-a4e7-5b97bbfe9a5b: shutdown FollowerState
2019-10-21 23:05:57,909 [Thread-712] INFO  impl.RaftServerImpl (RaftServerImpl.java:setRole(184)) - 95f8ce0c-61f1-45b1-a4e7-5b97bbfe9a5b@group-60CA7EC77FF7: changes role from  FOLLOWER to CANDIDATE at term 26 for changeToCandidate
2019-10-21 23:05:57,909 [Thread-712] INFO  impl.RoleInfo (RoleInfo.java:updateAndGet(143)) - 95f8ce0c-61f1-45b1-a4e7-5b97bbfe9a5b: start LeaderElection
2019-10-21 23:05:57,914 [95f8ce0c-61f1-45b1-a4e7-5b97bbfe9a5b@group-60CA7EC77FF7-LeaderElection28] INFO  impl.LeaderElection (LeaderElection.java:askForVotes(178)) - 95f8ce0c-61f1-45b1-a4e7-5b97bbfe9a5b@group-60CA7EC77FF7-LeaderElection28: begin an election at term 27 for 0: [8e5ceb90-17c7-416d-ba3b-e9af83490bf4:192.168.69.118:43663, 95f8ce0c-61f1-45b1-a4e7-5b97bbfe9a5b:192.168.69.118:45158, 2c02d436-c6f2-4204-8248-e3d2779a79c3:192.168.69.118:45342], old=null
2019-10-21 23:05:57,917 [grpc-default-executor-1] INFO  impl.RaftServerImpl (RaftServerImpl.java:setRole(184)) - 8e5ceb90-17c7-416d-ba3b-e9af83490bf4@group-60CA7EC77FF7: changes role from  FOLLOWER to FOLLOWER at term 27 for recognizeCandidate:95f8ce0c-61f1-45b1-a4e7-5b97bbfe9a5b
2019-10-21 23:05:57,917 [grpc-default-executor-6] INFO  impl.RaftServerImpl (RaftServerImpl.java:setRole(184)) - 2c02d436-c6f2-4204-8248-e3d2779a79c3@group-60CA7EC77FF7: changes role from  FOLLOWER to FOLLOWER at term 27 for recognizeCandidate:95f8ce0c-61f1-45b1-a4e7-5b97bbfe9a5b
2019-10-21 23:05:57,917 [grpc-default-executor-1] INFO  impl.RoleInfo (RoleInfo.java:shutdownFollowerState(121)) - 8e5ceb90-17c7-416d-ba3b-e9af83490bf4: shutdown FollowerState
2019-10-21 23:05:57,918 [grpc-default-executor-6] INFO  impl.RoleInfo (RoleInfo.java:shutdownFollowerState(121)) - 2c02d436-c6f2-4204-8248-e3d2779a79c3: shutdown FollowerState
2019-10-21 23:05:57,918 [grpc-default-executor-1] INFO  impl.RoleInfo (RoleInfo.java:updateAndGet(143)) - 8e5ceb90-17c7-416d-ba3b-e9af83490bf4: start FollowerState
2019-10-21 23:05:57,918 [grpc-default-executor-6] INFO  impl.RoleInfo (RoleInfo.java:updateAndGet(143)) - 2c02d436-c6f2-4204-8248-e3d2779a79c3: start FollowerState
2019-10-21 23:05:57,918 [Thread-711] INFO  impl.FollowerState (FollowerState.java:run(117)) - 8e5ceb90-17c7-416d-ba3b-e9af83490bf4@group-60CA7EC77FF7-FollowerState was interrupted: java.lang.InterruptedException: sleep interrupted
2019-10-21 23:05:57,918 [Thread-710] INFO  impl.FollowerState (FollowerState.java:run(117)) - 2c02d436-c6f2-4204-8248-e3d2779a79c3@group-60CA7EC77FF7-FollowerState was interrupted: java.lang.InterruptedException: sleep interrupted
2019-10-21 23:05:57,934 [95f8ce0c-61f1-45b1-a4e7-5b97bbfe9a5b@group-60CA7EC77FF7-LeaderElection28] INFO  impl.LeaderElection (LeaderElection.java:logAndReturn(56)) - 95f8ce0c-61f1-45b1-a4e7-5b97bbfe9a5b@group-60CA7EC77FF7-LeaderElection28: Election REJECTED; received 2 response(s) [95f8ce0c-61f1-45b1-a4e7-5b97bbfe9a5b<-8e5ceb90-17c7-416d-ba3b-e9af83490bf4#0:FAIL-t27, 95f8ce0c-61f1-45b1-a4e7-5b97bbfe9a5b<-2c02d436-c6f2-4204-8248-e3d2779a79c3#0:FAIL-t27] and 0 exception(s); 95f8ce0c-61f1-45b1-a4e7-5b97bbfe9a5b@group-60CA7EC77FF7:t27, leader=null, voted=95f8ce0c-61f1-45b1-a4e7-5b97bbfe9a5b, raftlog=95f8ce0c-61f1-45b1-a4e7-5b97bbfe9a5b@group-60CA7EC77FF7-SegmentedRaftLog:OPENED:c3,f4,i4, conf=0: [8e5ceb90-17c7-416d-ba3b-e9af83490bf4:192.168.69.118:43663, 95f8ce0c-61f1-45b1-a4e7-5b97bbfe9a5b:192.168.69.118:45158, 2c02d436-c6f2-4204-8248-e3d2779a79c3:192.168.69.118:45342], old=null
2019-10-21 23:05:57,934 [95f8ce0c-61f1-45b1-a4e7-5b97bbfe9a5b@group-60CA7EC77FF7-LeaderElection28] INFO  impl.RaftServerImpl (RaftServerImpl.java:setRole(184)) - 95f8ce0c-61f1-45b1-a4e7-5b97bbfe9a5b@group-60CA7EC77FF7: changes role from CANDIDATE to FOLLOWER at term 27 for DISCOVERED_A_NEW_TERM
2019-10-21 23:05:57,934 [95f8ce0c-61f1-45b1-a4e7-5b97bbfe9a5b@group-60CA7EC77FF7-LeaderElection28] INFO  impl.RoleInfo (RoleInfo.java:shutdownLeaderElection(134)) - 95f8ce0c-61f1-45b1-a4e7-5b97bbfe9a5b: shutdown LeaderElection
2019-10-21 23:05:57,934 [95f8ce0c-61f1-45b1-a4e7-5b97bbfe9a5b@group-60CA7EC77FF7-LeaderElection28] INFO  impl.RoleInfo (RoleInfo.java:updateAndGet(143)) - 95f8ce0c-61f1-45b1-a4e7-5b97bbfe9a5b: start FollowerState
2019-10-21 23:05:57,955 [BlockDeletingService#2] WARN  background.BlockDeletingService (BlockDeletingService.java:isDeletionAllowed(187)) - Close Container log Index 6 is not replicated across allthe servers in the pipeline f77f3c44-7213-45ac-81dc-60ca7ec77ff7 as the min replicated index is 4. Deletion is not allowed in this container yet.
2019-10-21 23:05:57,956 [BlockDeletingService#2] WARN  background.BlockDeletingService (BlockDeletingService.java:isDeletionAllowed(187)) - Close Container log Index 6 is not replicated across allthe servers in the pipeline f77f3c44-7213-45ac-81dc-60ca7ec77ff7 as the min replicated index is 4. Deletion is not allowed in this container yet.
2019-10-21 23:05:58,052 [Thread-718] INFO  impl.FollowerState (FollowerState.java:run(108)) - 95f8ce0c-61f1-45b1-a4e7-5b97bbfe9a5b@group-60CA7EC77FF7-FollowerState: change to CANDIDATE, lastRpcTime:117ms, electionTimeout:117ms
2019-10-21 23:05:58,052 [Thread-718] INFO  impl.RoleInfo (RoleInfo.java:shutdownFollowerState(121)) - 95f8ce0c-61f1-45b1-a4e7-5b97bbfe9a5b: shutdown FollowerState
2019-10-21 23:05:58,052 [Thread-718] INFO  impl.RaftServerImpl (RaftServerImpl.java:setRole(184)) - 95f8ce0c-61f1-45b1-a4e7-5b97bbfe9a5b@group-60CA7EC77FF7: changes role from  FOLLOWER to CANDIDATE at term 27 for changeToCandidate
2019-10-21 23:05:58,052 [Thread-718] INFO  impl.RoleInfo (RoleInfo.java:updateAndGet(143)) - 95f8ce0c-61f1-45b1-a4e7-5b97bbfe9a5b: start LeaderElection
2019-10-21 23:05:58,060 [95f8ce0c-61f1-45b1-a4e7-5b97bbfe9a5b@group-60CA7EC77FF7-LeaderElection29] INFO  impl.LeaderElection (LeaderElection.java:askForVotes(178)) - 95f8ce0c-61f1-45b1-a4e7-5b97bbfe9a5b@group-60CA7EC77FF7-LeaderElection29: begin an election at term 28 for 0: [8e5ceb90-17c7-416d-ba3b-e9af83490bf4:192.168.69.118:43663, 95f8ce0c-61f1-45b1-a4e7-5b97bbfe9a5b:192.168.69.118:45158, 2c02d436-c6f2-4204-8248-e3d2779a79c3:192.168.69.118:45342], old=null
2019-10-21 23:05:58,063 [grpc-default-executor-6] INFO  impl.RaftServerImpl (RaftServerImpl.java:setRole(184)) - 2c02d436-c6f2-4204-8248-e3d2779a79c3@group-60CA7EC77FF7: changes role from  FOLLOWER to FOLLOWER at term 28 for recognizeCandidate:95f8ce0c-61f1-45b1-a4e7-5b97bbfe9a5b
2019-10-21 23:05:58,063 [grpc-default-executor-1] INFO  impl.RaftServerImpl (RaftServerImpl.java:setRole(184)) - 8e5ceb90-17c7-416d-ba3b-e9af83490bf4@group-60CA7EC77FF7: changes role from  FOLLOWER to FOLLOWER at term 28 for recognizeCandidate:95f8ce0c-61f1-45b1-a4e7-5b97bbfe9a5b
2019-10-21 23:05:58,063 [grpc-default-executor-6] INFO  impl.RoleInfo (RoleInfo.java:shutdownFollowerState(121)) - 2c02d436-c6f2-4204-8248-e3d2779a79c3: shutdown FollowerState
2019-10-21 23:05:58,064 [grpc-default-executor-1] INFO  impl.RoleInfo (RoleInfo.java:shutdownFollowerState(121)) - 8e5ceb90-17c7-416d-ba3b-e9af83490bf4: shutdown FollowerState
2019-10-21 23:05:58,064 [Thread-717] INFO  impl.FollowerState (FollowerState.java:run(117)) - 2c02d436-c6f2-4204-8248-e3d2779a79c3@group-60CA7EC77FF7-FollowerState was interrupted: java.lang.InterruptedException: sleep interrupted
2019-10-21 23:05:58,064 [grpc-default-executor-6] INFO  impl.RoleInfo (RoleInfo.java:updateAndGet(143)) - 2c02d436-c6f2-4204-8248-e3d2779a79c3: start FollowerState
2019-10-21 23:05:58,064 [grpc-default-executor-1] INFO  impl.RoleInfo (RoleInfo.java:updateAndGet(143)) - 8e5ceb90-17c7-416d-ba3b-e9af83490bf4: start FollowerState
2019-10-21 23:05:58,064 [Thread-716] INFO  impl.FollowerState (FollowerState.java:run(117)) - 8e5ceb90-17c7-416d-ba3b-e9af83490bf4@group-60CA7EC77FF7-FollowerState was interrupted: java.lang.InterruptedException: sleep interrupted
2019-10-21 23:05:58,080 [95f8ce0c-61f1-45b1-a4e7-5b97bbfe9a5b@group-60CA7EC77FF7-LeaderElection29] INFO  impl.LeaderElection (LeaderElection.java:logAndReturn(56)) - 95f8ce0c-61f1-45b1-a4e7-5b97bbfe9a5b@group-60CA7EC77FF7-LeaderElection29: Election REJECTED; received 2 response(s) [95f8ce0c-61f1-45b1-a4e7-5b97bbfe9a5b<-8e5ceb90-17c7-416d-ba3b-e9af83490bf4#0:FAIL-t28, 95f8ce0c-61f1-45b1-a4e7-5b97bbfe9a5b<-2c02d436-c6f2-4204-8248-e3d2779a79c3#0:FAIL-t28] and 0 exception(s); 95f8ce0c-61f1-45b1-a4e7-5b97bbfe9a5b@group-60CA7EC77FF7:t28, leader=null, voted=95f8ce0c-61f1-45b1-a4e7-5b97bbfe9a5b, raftlog=95f8ce0c-61f1-45b1-a4e7-5b97bbfe9a5b@group-60CA7EC77FF7-SegmentedRaftLog:OPENED:c3,f4,i4, conf=0: [8e5ceb90-17c7-416d-ba3b-e9af83490bf4:192.168.69.118:43663, 95f8ce0c-61f1-45b1-a4e7-5b97bbfe9a5b:192.168.69.118:45158, 2c02d436-c6f2-4204-8248-e3d2779a79c3:192.168.69.118:45342], old=null
2019-10-21 23:05:58,080 [95f8ce0c-61f1-45b1-a4e7-5b97bbfe9a5b@group-60CA7EC77FF7-LeaderElection29] INFO  impl.RaftServerImpl (RaftServerImpl.java:setRole(184)) - 95f8ce0c-61f1-45b1-a4e7-5b97bbfe9a5b@group-60CA7EC77FF7: changes role from CANDIDATE to FOLLOWER at term 28 for DISCOVERED_A_NEW_TERM
2019-10-21 23:05:58,080 [95f8ce0c-61f1-45b1-a4e7-5b97bbfe9a5b@group-60CA7EC77FF7-LeaderElection29] INFO  impl.RoleInfo (RoleInfo.java:shutdownLeaderElection(134)) - 95f8ce0c-61f1-45b1-a4e7-5b97bbfe9a5b: shutdown LeaderElection
2019-10-21 23:05:58,080 [95f8ce0c-61f1-45b1-a4e7-5b97bbfe9a5b@group-60CA7EC77FF7-LeaderElection29] INFO  impl.RoleInfo (RoleInfo.java:updateAndGet(143)) - 95f8ce0c-61f1-45b1-a4e7-5b97bbfe9a5b: start FollowerState
2019-10-21 23:05:58,192 [Thread-726] INFO  impl.FollowerState (FollowerState.java:run(108)) - 95f8ce0c-61f1-45b1-a4e7-5b97bbfe9a5b@group-60CA7EC77FF7-FollowerState: change to CANDIDATE, lastRpcTime:111ms, electionTimeout:111ms
2019-10-21 23:05:58,193 [Thread-726] INFO  impl.RoleInfo (RoleInfo.java:shutdownFollowerState(121)) - 95f8ce0c-61f1-45b1-a4e7-5b97bbfe9a5b: shutdown FollowerState
2019-10-21 23:05:58,194 [Thread-726] INFO  impl.RaftServerImpl (RaftServerImpl.java:setRole(184)) - 95f8ce0c-61f1-45b1-a4e7-5b97bbfe9a5b@group-60CA7EC77FF7: changes role from  FOLLOWER to CANDIDATE at term 28 for changeToCandidate
2019-10-21 23:05:58,194 [Thread-726] INFO  impl.RoleInfo (RoleInfo.java:updateAndGet(143)) - 95f8ce0c-61f1-45b1-a4e7-5b97bbfe9a5b: start LeaderElection
2019-10-21 23:05:58,201 [95f8ce0c-61f1-45b1-a4e7-5b97bbfe9a5b@group-60CA7EC77FF7-LeaderElection30] INFO  impl.LeaderElection (LeaderElection.java:askForVotes(178)) - 95f8ce0c-61f1-45b1-a4e7-5b97bbfe9a5b@group-60CA7EC77FF7-LeaderElection30: begin an election at term 29 for 0: [8e5ceb90-17c7-416d-ba3b-e9af83490bf4:192.168.69.118:43663, 95f8ce0c-61f1-45b1-a4e7-5b97bbfe9a5b:192.168.69.118:45158, 2c02d436-c6f2-4204-8248-e3d2779a79c3:192.168.69.118:45342], old=null
2019-10-21 23:05:58,204 [grpc-default-executor-1] INFO  impl.RaftServerImpl (RaftServerImpl.java:setRole(184)) - 2c02d436-c6f2-4204-8248-e3d2779a79c3@group-60CA7EC77FF7: changes role from  FOLLOWER to FOLLOWER at term 29 for recognizeCandidate:95f8ce0c-61f1-45b1-a4e7-5b97bbfe9a5b
2019-10-21 23:05:58,204 [grpc-default-executor-6] INFO  impl.RaftServerImpl (RaftServerImpl.java:setRole(184)) - 8e5ceb90-17c7-416d-ba3b-e9af83490bf4@group-60CA7EC77FF7: changes role from  FOLLOWER to FOLLOWER at term 29 for recognizeCandidate:95f8ce0c-61f1-45b1-a4e7-5b97bbfe9a5b
2019-10-21 23:05:58,204 [grpc-default-executor-1] INFO  impl.RoleInfo (RoleInfo.java:shutdownFollowerState(121)) - 2c02d436-c6f2-4204-8248-e3d2779a79c3: shutdown FollowerState
2019-10-21 23:05:58,204 [grpc-default-executor-6] INFO  impl.RoleInfo (RoleInfo.java:shutdownFollowerState(121)) - 8e5ceb90-17c7-416d-ba3b-e9af83490bf4: shutdown FollowerState
2019-10-21 23:05:58,204 [grpc-default-executor-1] INFO  impl.RoleInfo (RoleInfo.java:updateAndGet(143)) - 2c02d436-c6f2-4204-8248-e3d2779a79c3: start FollowerState
2019-10-21 23:05:58,204 [Thread-724] INFO  impl.FollowerState (FollowerState.java:run(117)) - 2c02d436-c6f2-4204-8248-e3d2779a79c3@group-60CA7EC77FF7-FollowerState was interrupted: java.lang.InterruptedException: sleep interrupted
2019-10-21 23:05:58,205 [grpc-default-executor-6] INFO  impl.RoleInfo (RoleInfo.java:updateAndGet(143)) - 8e5ceb90-17c7-416d-ba3b-e9af83490bf4: start FollowerState
2019-10-21 23:05:58,205 [Thread-725] INFO  impl.FollowerState (FollowerState.java:run(117)) - 8e5ceb90-17c7-416d-ba3b-e9af83490bf4@group-60CA7EC77FF7-FollowerState was interrupted: java.lang.InterruptedException: sleep interrupted
2019-10-21 23:05:58,220 [95f8ce0c-61f1-45b1-a4e7-5b97bbfe9a5b@group-60CA7EC77FF7-LeaderElection30] INFO  impl.LeaderElection (LeaderElection.java:logAndReturn(56)) - 95f8ce0c-61f1-45b1-a4e7-5b97bbfe9a5b@group-60CA7EC77FF7-LeaderElection30: Election REJECTED; received 2 response(s) [95f8ce0c-61f1-45b1-a4e7-5b97bbfe9a5b<-8e5ceb90-17c7-416d-ba3b-e9af83490bf4#0:FAIL-t29, 95f8ce0c-61f1-45b1-a4e7-5b97bbfe9a5b<-2c02d436-c6f2-4204-8248-e3d2779a79c3#0:FAIL-t29] and 0 exception(s); 95f8ce0c-61f1-45b1-a4e7-5b97bbfe9a5b@group-60CA7EC77FF7:t29, leader=null, voted=95f8ce0c-61f1-45b1-a4e7-5b97bbfe9a5b, raftlog=95f8ce0c-61f1-45b1-a4e7-5b97bbfe9a5b@group-60CA7EC77FF7-SegmentedRaftLog:OPENED:c3,f4,i4, conf=0: [8e5ceb90-17c7-416d-ba3b-e9af83490bf4:192.168.69.118:43663, 95f8ce0c-61f1-45b1-a4e7-5b97bbfe9a5b:192.168.69.118:45158, 2c02d436-c6f2-4204-8248-e3d2779a79c3:192.168.69.118:45342], old=null
2019-10-21 23:05:58,220 [95f8ce0c-61f1-45b1-a4e7-5b97bbfe9a5b@group-60CA7EC77FF7-LeaderElection30] INFO  impl.RaftServerImpl (RaftServerImpl.java:setRole(184)) - 95f8ce0c-61f1-45b1-a4e7-5b97bbfe9a5b@group-60CA7EC77FF7: changes role from CANDIDATE to FOLLOWER at term 29 for DISCOVERED_A_NEW_TERM
2019-10-21 23:05:58,220 [95f8ce0c-61f1-45b1-a4e7-5b97bbfe9a5b@group-60CA7EC77FF7-LeaderElection30] INFO  impl.RoleInfo (RoleInfo.java:shutdownLeaderElection(134)) - 95f8ce0c-61f1-45b1-a4e7-5b97bbfe9a5b: shutdown LeaderElection
2019-10-21 23:05:58,221 [95f8ce0c-61f1-45b1-a4e7-5b97bbfe9a5b@group-60CA7EC77FF7-LeaderElection30] INFO  impl.RoleInfo (RoleInfo.java:updateAndGet(143)) - 95f8ce0c-61f1-45b1-a4e7-5b97bbfe9a5b: start FollowerState
2019-10-21 23:05:58,226 [Thread-732] INFO  impl.FollowerState (FollowerState.java:run(108)) - 95f8ce0c-61f1-45b1-a4e7-5b97bbfe9a5b@group-60CA7EC77FF7-FollowerState: change to CANDIDATE, lastRpcTime:5ms, electionTimeout:5ms
2019-10-21 23:05:58,227 [Thread-732] INFO  impl.RoleInfo (RoleInfo.java:shutdownFollowerState(121)) - 95f8ce0c-61f1-45b1-a4e7-5b97bbfe9a5b: shutdown FollowerState
2019-10-21 23:05:58,228 [Thread-732] INFO  impl.RaftServerImpl (RaftServerImpl.java:setRole(184)) - 95f8ce0c-61f1-45b1-a4e7-5b97bbfe9a5b@group-60CA7EC77FF7: changes role from  FOLLOWER to CANDIDATE at term 29 for changeToCandidate
2019-10-21 23:05:58,228 [Thread-732] INFO  impl.RoleInfo (RoleInfo.java:updateAndGet(143)) - 95f8ce0c-61f1-45b1-a4e7-5b97bbfe9a5b: start LeaderElection
2019-10-21 23:05:58,235 [95f8ce0c-61f1-45b1-a4e7-5b97bbfe9a5b@group-60CA7EC77FF7-LeaderElection31] INFO  impl.LeaderElection (LeaderElection.java:askForVotes(178)) - 95f8ce0c-61f1-45b1-a4e7-5b97bbfe9a5b@group-60CA7EC77FF7-LeaderElection31: begin an election at term 30 for 0: [8e5ceb90-17c7-416d-ba3b-e9af83490bf4:192.168.69.118:43663, 95f8ce0c-61f1-45b1-a4e7-5b97bbfe9a5b:192.168.69.118:45158, 2c02d436-c6f2-4204-8248-e3d2779a79c3:192.168.69.118:45342], old=null
2019-10-21 23:05:58,236 [95f8ce0c-61f1-45b1-a4e7-5b97bbfe9a5b@group-60CA7EC77FF7-LeaderElection31] INFO  impl.LeaderElection (LeaderElection.java:logAndReturn(56)) - 95f8ce0c-61f1-45b1-a4e7-5b97bbfe9a5b@group-60CA7EC77FF7-LeaderElection31: Election TIMEOUT; received 0 response(s) [] and 0 exception(s); 95f8ce0c-61f1-45b1-a4e7-5b97bbfe9a5b@group-60CA7EC77FF7:t30, leader=null, voted=95f8ce0c-61f1-45b1-a4e7-5b97bbfe9a5b, raftlog=95f8ce0c-61f1-45b1-a4e7-5b97bbfe9a5b@group-60CA7EC77FF7-SegmentedRaftLog:OPENED:c3,f4,i4, conf=0: [8e5ceb90-17c7-416d-ba3b-e9af83490bf4:192.168.69.118:43663, 95f8ce0c-61f1-45b1-a4e7-5b97bbfe9a5b:192.168.69.118:45158, 2c02d436-c6f2-4204-8248-e3d2779a79c3:192.168.69.118:45342], old=null
2019-10-21 23:05:58,238 [grpc-default-executor-6] INFO  impl.RaftServerImpl (RaftServerImpl.java:setRole(184)) - 2c02d436-c6f2-4204-8248-e3d2779a79c3@group-60CA7EC77FF7: changes role from  FOLLOWER to FOLLOWER at term 30 for recognizeCandidate:95f8ce0c-61f1-45b1-a4e7-5b97bbfe9a5b
2019-10-21 23:05:58,238 [grpc-default-executor-1] INFO  impl.RaftServerImpl (RaftServerImpl.java:setRole(184)) - 8e5ceb90-17c7-416d-ba3b-e9af83490bf4@group-60CA7EC77FF7: changes role from  FOLLOWER to FOLLOWER at term 30 for recognizeCandidate:95f8ce0c-61f1-45b1-a4e7-5b97bbfe9a5b
2019-10-21 23:05:58,238 [grpc-default-executor-6] INFO  impl.RoleInfo (RoleInfo.java:shutdownFollowerState(121)) - 2c02d436-c6f2-4204-8248-e3d2779a79c3: shutdown FollowerState
2019-10-21 23:05:58,239 [grpc-default-executor-1] INFO  impl.RoleInfo (RoleInfo.java:shutdownFollowerState(121)) - 8e5ceb90-17c7-416d-ba3b-e9af83490bf4: shutdown FollowerState
2019-10-21 23:05:58,240 [grpc-default-executor-6] INFO  impl.RoleInfo (RoleInfo.java:updateAndGet(143)) - 2c02d436-c6f2-4204-8248-e3d2779a79c3: start FollowerState
2019-10-21 23:05:58,240 [Thread-731] INFO  impl.FollowerState (FollowerState.java:run(117)) - 8e5ceb90-17c7-416d-ba3b-e9af83490bf4@group-60CA7EC77FF7-FollowerState was interrupted: java.lang.InterruptedException: sleep interrupted
2019-10-21 23:05:58,240 [grpc-default-executor-1] INFO  impl.RoleInfo (RoleInfo.java:updateAndGet(143)) - 8e5ceb90-17c7-416d-ba3b-e9af83490bf4: start FollowerState
2019-10-21 23:05:58,240 [Thread-730] INFO  impl.FollowerState (FollowerState.java:run(117)) - 2c02d436-c6f2-4204-8248-e3d2779a79c3@group-60CA7EC77FF7-FollowerState was interrupted: java.lang.InterruptedException: sleep interrupted
2019-10-21 23:05:58,250 [95f8ce0c-61f1-45b1-a4e7-5b97bbfe9a5b@group-60CA7EC77FF7-LeaderElection31] INFO  impl.LeaderElection (LeaderElection.java:askForVotes(178)) - 95f8ce0c-61f1-45b1-a4e7-5b97bbfe9a5b@group-60CA7EC77FF7-LeaderElection31: begin an election at term 31 for 0: [8e5ceb90-17c7-416d-ba3b-e9af83490bf4:192.168.69.118:43663, 95f8ce0c-61f1-45b1-a4e7-5b97bbfe9a5b:192.168.69.118:45158, 2c02d436-c6f2-4204-8248-e3d2779a79c3:192.168.69.118:45342], old=null
2019-10-21 23:05:58,252 [grpc-default-executor-1] INFO  impl.RaftServerImpl (RaftServerImpl.java:setRole(184)) - 2c02d436-c6f2-4204-8248-e3d2779a79c3@group-60CA7EC77FF7: changes role from  FOLLOWER to FOLLOWER at term 31 for recognizeCandidate:95f8ce0c-61f1-45b1-a4e7-5b97bbfe9a5b
2019-10-21 23:05:58,252 [grpc-default-executor-6] INFO  impl.RaftServerImpl (RaftServerImpl.java:setRole(184)) - 8e5ceb90-17c7-416d-ba3b-e9af83490bf4@group-60CA7EC77FF7: changes role from  FOLLOWER to FOLLOWER at term 31 for recognizeCandidate:95f8ce0c-61f1-45b1-a4e7-5b97bbfe9a5b
2019-10-21 23:05:58,252 [grpc-default-executor-1] INFO  impl.RoleInfo (RoleInfo.java:shutdownFollowerState(121)) - 2c02d436-c6f2-4204-8248-e3d2779a79c3: shutdown FollowerState
2019-10-21 23:05:58,252 [grpc-default-executor-6] INFO  impl.RoleInfo (RoleInfo.java:shutdownFollowerState(121)) - 8e5ceb90-17c7-416d-ba3b-e9af83490bf4: shutdown FollowerState
2019-10-21 23:05:58,252 [Thread-736] INFO  impl.FollowerState (FollowerState.java:run(117)) - 2c02d436-c6f2-4204-8248-e3d2779a79c3@group-60CA7EC77FF7-FollowerState was interrupted: java.lang.InterruptedException: sleep interrupted
2019-10-21 23:05:58,252 [grpc-default-executor-1] INFO  impl.RoleInfo (RoleInfo.java:updateAndGet(143)) - 2c02d436-c6f2-4204-8248-e3d2779a79c3: start FollowerState
2019-10-21 23:05:58,252 [grpc-default-executor-6] INFO  impl.RoleInfo (RoleInfo.java:updateAndGet(143)) - 8e5ceb90-17c7-416d-ba3b-e9af83490bf4: start FollowerState
2019-10-21 23:05:58,252 [Thread-737] INFO  impl.FollowerState (FollowerState.java:run(117)) - 8e5ceb90-17c7-416d-ba3b-e9af83490bf4@group-60CA7EC77FF7-FollowerState was interrupted: java.lang.InterruptedException: sleep interrupted
2019-10-21 23:05:58,256 [EventQueue-PendingDeleteStatusForPendingDeleteHandler] INFO  block.SCMBlockDeletingService (SCMBlockDeletingService.java:handlePendingDeletes(115)) - Block deletion txnID mismatch in datanode 95f8ce0c-61f1-45b1-a4e7-5b97bbfe9a5b for containerID 1. Datanode delete txnID: 0, SCM txnID: 1
2019-10-21 23:05:58,269 [95f8ce0c-61f1-45b1-a4e7-5b97bbfe9a5b@group-60CA7EC77FF7-LeaderElection31] INFO  impl.LeaderElection (LeaderElection.java:logAndReturn(56)) - 95f8ce0c-61f1-45b1-a4e7-5b97bbfe9a5b@group-60CA7EC77FF7-LeaderElection31: Election REJECTED; received 2 response(s) [95f8ce0c-61f1-45b1-a4e7-5b97bbfe9a5b<-8e5ceb90-17c7-416d-ba3b-e9af83490bf4#0:FAIL-t31, 95f8ce0c-61f1-45b1-a4e7-5b97bbfe9a5b<-2c02d436-c6f2-4204-8248-e3d2779a79c3#0:FAIL-t31] and 0 exception(s); 95f8ce0c-61f1-45b1-a4e7-5b97bbfe9a5b@group-60CA7EC77FF7:t31, leader=null, voted=95f8ce0c-61f1-45b1-a4e7-5b97bbfe9a5b, raftlog=95f8ce0c-61f1-45b1-a4e7-5b97bbfe9a5b@group-60CA7EC77FF7-SegmentedRaftLog:OPENED:c3,f4,i4, conf=0: [8e5ceb90-17c7-416d-ba3b-e9af83490bf4:192.168.69.118:43663, 95f8ce0c-61f1-45b1-a4e7-5b97bbfe9a5b:192.168.69.118:45158, 2c02d436-c6f2-4204-8248-e3d2779a79c3:192.168.69.118:45342], old=null
2019-10-21 23:05:58,270 [95f8ce0c-61f1-45b1-a4e7-5b97bbfe9a5b@group-60CA7EC77FF7-LeaderElection31] INFO  impl.RaftServerImpl (RaftServerImpl.java:setRole(184)) - 95f8ce0c-61f1-45b1-a4e7-5b97bbfe9a5b@group-60CA7EC77FF7: changes role from CANDIDATE to FOLLOWER at term 31 for DISCOVERED_A_NEW_TERM
2019-10-21 23:05:58,270 [95f8ce0c-61f1-45b1-a4e7-5b97bbfe9a5b@group-60CA7EC77FF7-LeaderElection31] INFO  impl.RoleInfo (RoleInfo.java:shutdownLeaderElection(134)) - 95f8ce0c-61f1-45b1-a4e7-5b97bbfe9a5b: shutdown LeaderElection
2019-10-21 23:05:58,270 [95f8ce0c-61f1-45b1-a4e7-5b97bbfe9a5b@group-60CA7EC77FF7-LeaderElection31] INFO  impl.RoleInfo (RoleInfo.java:updateAndGet(143)) - 95f8ce0c-61f1-45b1-a4e7-5b97bbfe9a5b: start FollowerState
2019-10-21 23:05:58,281 [grpc-default-executor-6] INFO  impl.RaftServerProxy (RaftServerProxy.java:addNew(89)) - 95f8ce0c-61f1-45b1-a4e7-5b97bbfe9a5b: addNew group-42F4DB484925:[95f8ce0c-61f1-45b1-a4e7-5b97bbfe9a5b:192.168.69.118:45158] returns group-42F4DB484925:java.util.concurrent.CompletableFuture@459f39ad[Not completed]
2019-10-21 23:05:58,283 [pool-59-thread-1] INFO  impl.RaftServerImpl (RaftServerImpl.java:<init>(104)) - 95f8ce0c-61f1-45b1-a4e7-5b97bbfe9a5b: new RaftServerImpl for group-42F4DB484925:[95f8ce0c-61f1-45b1-a4e7-5b97bbfe9a5b:192.168.69.118:45158] with ContainerStateMachine:uninitialized
2019-10-21 23:05:58,284 [pool-59-thread-1] INFO  server.RaftServerConfigKeys (ConfUtils.java:logGet(43)) - raft.server.rpc.timeout.min = 5s (custom)
2019-10-21 23:05:58,284 [pool-59-thread-1] INFO  server.RaftServerConfigKeys (ConfUtils.java:logGet(43)) - raft.server.rpc.timeout.max = 5200ms (custom)
2019-10-21 23:05:58,284 [pool-59-thread-1] INFO  server.RaftServerConfigKeys (ConfUtils.java:logGet(43)) - raft.server.rpcslowness.timeout = 1000s (custom)
2019-10-21 23:05:58,284 [pool-59-thread-1] INFO  server.RaftServerConfigKeys (ConfUtils.java:logGet(43)) - raft.server.sleep.deviation.threshold = 300 (default)
2019-10-21 23:05:58,284 [pool-59-thread-1] INFO  server.RaftServerConfigKeys (ConfUtils.java:logGet(43)) - raft.server.log.appender.install.snapshot.enabled = false (custom)
2019-10-21 23:05:58,284 [pool-59-thread-1] INFO  impl.RaftServerImpl (ServerState.java:<init>(103)) - 95f8ce0c-61f1-45b1-a4e7-5b97bbfe9a5b@group-42F4DB484925: ConfigurationManager, init=-1: [95f8ce0c-61f1-45b1-a4e7-5b97bbfe9a5b:192.168.69.118:45158], old=null, confs=<EMPTY_MAP>
2019-10-21 23:05:58,284 [pool-59-thread-1] INFO  server.RaftServerConfigKeys (ConfUtils.java:logGet(43)) - raft.server.storage.dir = [/workdir/hadoop-ozone/integration-test/target/test-dir/MiniOzoneClusterImpl-a7a400a2-5f0e-446d-a613-255cd6ec9d67/datanode-2/data/ratis] (custom)
2019-10-21 23:05:58,285 [pool-59-thread-1] INFO  server.RaftServerConfigKeys (ConfUtils.java:logGet(43)) - raft.server.log.corruption.policy = EXCEPTION (default)
2019-10-21 23:05:58,285 [pool-59-thread-1] INFO  storage.RaftStorageDirectory (RaftStorageDirectory.java:analyzeStorage(246)) - The storage directory /workdir/hadoop-ozone/integration-test/target/test-dir/MiniOzoneClusterImpl-a7a400a2-5f0e-446d-a613-255cd6ec9d67/datanode-2/data/ratis/1bd46d62-f466-4179-bee7-42f4db484925 does not exist. Creating ...
2019-10-21 23:05:58,298 [pool-59-thread-1] INFO  storage.RaftStorageDirectory (RaftStorageDirectory.java:tryLock(328)) - Lock on /workdir/hadoop-ozone/integration-test/target/test-dir/MiniOzoneClusterImpl-a7a400a2-5f0e-446d-a613-255cd6ec9d67/datanode-2/data/ratis/1bd46d62-f466-4179-bee7-42f4db484925/in_use.lock acquired by nodename 27539@pr-hdds-2131-w2fms-3313293055
2019-10-21 23:05:58,310 [pool-59-thread-1] INFO  storage.RaftStorage (RaftStorage.java:format(84)) - Storage directory /workdir/hadoop-ozone/integration-test/target/test-dir/MiniOzoneClusterImpl-a7a400a2-5f0e-446d-a613-255cd6ec9d67/datanode-2/data/ratis/1bd46d62-f466-4179-bee7-42f4db484925 has been successfully formatted.
2019-10-21 23:05:58,310 [pool-59-thread-1] INFO  ratis.ContainerStateMachine (ContainerStateMachine.java:loadSnapshot(231)) - group-42F4DB484925: The snapshot info is null. Setting the last applied indexto:(t:0, i:~)
2019-10-21 23:05:58,311 [pool-59-thread-1] INFO  server.RaftServerConfigKeys (ConfUtils.java:logGet(43)) - raft.server.notification.no-leader.timeout = 1000s (custom)
2019-10-21 23:05:58,311 [pool-59-thread-1] INFO  server.RaftServerConfigKeys (ConfUtils.java:logGet(43)) - raft.server.log.use.memory = false (default)
2019-10-21 23:05:58,311 [pool-59-thread-1] INFO  server.RaftServerConfigKeys (ConfUtils.java:logGet(43)) - raft.server.log.purge.gap = 1000000 (custom)
2019-10-21 23:05:58,311 [pool-59-thread-1] INFO  server.RaftServerConfigKeys (ConfUtils.java:logGet(43)) - raft.server.log.appender.buffer.byte-limit = 33554432 (custom)
2019-10-21 23:05:58,311 [pool-59-thread-1] INFO  server.RaftServerConfigKeys (ConfUtils.java:logGet(43)) - raft.server.log.segment.size.max = 1048576 (custom)
2019-10-21 23:05:58,311 [pool-59-thread-1] INFO  server.RaftServerConfigKeys (ConfUtils.java:logGet(43)) - raft.server.log.segment.cache.num.max = 2 (custom)
2019-10-21 23:05:58,311 [pool-59-thread-1] INFO  segmented.SegmentedRaftLogWorker (SegmentedRaftLogWorker.java:<init>(173)) - new 95f8ce0c-61f1-45b1-a4e7-5b97bbfe9a5b@group-42F4DB484925-SegmentedRaftLogWorker for RaftStorage:Storage Directory /workdir/hadoop-ozone/integration-test/target/test-dir/MiniOzoneClusterImpl-a7a400a2-5f0e-446d-a613-255cd6ec9d67/datanode-2/data/ratis/1bd46d62-f466-4179-bee7-42f4db484925
2019-10-21 23:05:58,311 [pool-59-thread-1] INFO  server.RaftServerConfigKeys (ConfUtils.java:logGet(43)) - raft.server.log.queue.byte-limit = 2147483647 (custom)
2019-10-21 23:05:58,312 [pool-59-thread-1] INFO  server.RaftServerConfigKeys (ConfUtils.java:logGet(43)) - raft.server.log.queue.element-limit = 1024 (custom)
2019-10-21 23:05:58,312 [pool-59-thread-1] INFO  server.RaftServerConfigKeys (ConfUtils.java:logGet(43)) - raft.server.log.segment.size.max = 1048576 (custom)
2019-10-21 23:05:58,312 [pool-59-thread-1] INFO  server.RaftServerConfigKeys (ConfUtils.java:logGet(43)) - raft.server.log.preallocated.size = 16384 (custom)
2019-10-21 23:05:58,312 [pool-59-thread-1] INFO  server.RaftServerConfigKeys (ConfUtils.java:logGet(43)) - raft.server.log.write.buffer.size = 33554432 (custom)
2019-10-21 23:05:58,312 [pool-59-thread-1] INFO  server.RaftServerConfigKeys (ConfUtils.java:logGet(43)) - raft.server.log.force.sync.num = 128 (default)
2019-10-21 23:05:58,312 [pool-59-thread-1] INFO  server.RaftServerConfigKeys (ConfUtils.java:logGet(43)) - raft.server.log.statemachine.data.sync = true (default)
2019-10-21 23:05:58,312 [pool-59-thread-1] INFO  server.RaftServerConfigKeys (ConfUtils.java:logGet(43)) - raft.server.log.statemachine.data.sync.timeout = 10s (default)
2019-10-21 23:05:58,312 [pool-59-thread-1] INFO  server.RaftServerConfigKeys (ConfUtils.java:logGet(43)) - raft.server.log.statemachine.data.sync.timeout.retry = -1 (default)
2019-10-21 23:05:58,312 [pool-59-thread-1] INFO  server.RaftServerConfigKeys (ConfUtils.java:logGet(43)) - raft.server.log.statemachine.data.caching.enabled = true (custom)
2019-10-21 23:05:58,313 [pool-59-thread-1] INFO  segmented.SegmentedRaftLogWorker (SegmentedRaftLogWorker.java:lambda$new$0(128)) - 95f8ce0c-61f1-45b1-a4e7-5b97bbfe9a5b@group-42F4DB484925-SegmentedRaftLogWorker: flushIndex: setUnconditionally 0 -> -1
2019-10-21 23:05:58,313 [pool-59-thread-1] INFO  server.RaftServerConfigKeys (ConfUtils.java:logGet(43)) - raft.server.snapshot.auto.trigger.enabled = true (custom)
2019-10-21 23:05:58,313 [pool-59-thread-1] INFO  server.RaftServerConfigKeys (ConfUtils.java:logGet(43)) - raft.server.snapshot.auto.trigger.threshold = 10000 (custom)
2019-10-21 23:05:58,313 [pool-59-thread-1] INFO  server.RaftServerConfigKeys (ConfUtils.java:logGet(43)) - raft.server.snapshot.retention.file.num = 5 (custom)
2019-10-21 23:05:58,313 [pool-59-thread-1] INFO  server.RaftServerConfigKeys (ConfUtils.java:logGet(43)) - raft.server.retrycache.expirytime = 600000ms (custom)
2019-10-21 23:05:58,316 [pool-59-thread-1] INFO  impl.RaftServerImpl (RaftServerImpl.java:start(195)) - 95f8ce0c-61f1-45b1-a4e7-5b97bbfe9a5b@group-42F4DB484925: start as a follower, conf=-1: [95f8ce0c-61f1-45b1-a4e7-5b97bbfe9a5b:192.168.69.118:45158], old=null
2019-10-21 23:05:58,316 [pool-59-thread-1] INFO  impl.RaftServerImpl (RaftServerImpl.java:setRole(184)) - 95f8ce0c-61f1-45b1-a4e7-5b97bbfe9a5b@group-42F4DB484925: changes role from      null to FOLLOWER at term 0 for startAsFollower
2019-10-21 23:05:58,316 [pool-59-thread-1] INFO  impl.RoleInfo (RoleInfo.java:updateAndGet(143)) - 95f8ce0c-61f1-45b1-a4e7-5b97bbfe9a5b: start FollowerState
2019-10-21 23:05:58,317 [pool-59-thread-1] INFO  util.JmxRegister (JmxRegister.java:tryRegister(44)) - Successfully registered JMX Bean with object name Ratis:service=RaftServer,group=group-42F4DB484925,id=95f8ce0c-61f1-45b1-a4e7-5b97bbfe9a5b
2019-10-21 23:05:58,323 [RatisPipelineUtilsThread] INFO  pipeline.PipelineStateManager (PipelineStateManager.java:addPipeline(56)) - Created pipeline Pipeline[ Id: 1bd46d62-f466-4179-bee7-42f4db484925, Nodes: 95f8ce0c-61f1-45b1-a4e7-5b97bbfe9a5b{ip: 192.168.69.118, host: pr-hdds-2131-w2fms-3313293055, networkLocation: /default-rack, certSerialId: null}, Type:RATIS, Factor:ONE, State:OPEN]
2019-10-21 23:05:58,333 [Thread-743] INFO  impl.FollowerState (FollowerState.java:run(108)) - 95f8ce0c-61f1-45b1-a4e7-5b97bbfe9a5b@group-60CA7EC77FF7-FollowerState: change to CANDIDATE, lastRpcTime:63ms, electionTimeout:63ms
2019-10-21 23:05:58,334 [Thread-743] INFO  impl.RoleInfo (RoleInfo.java:shutdownFollowerState(121)) - 95f8ce0c-61f1-45b1-a4e7-5b97bbfe9a5b: shutdown FollowerState
2019-10-21 23:05:58,334 [Thread-743] INFO  impl.RaftServerImpl (RaftServerImpl.java:setRole(184)) - 95f8ce0c-61f1-45b1-a4e7-5b97bbfe9a5b@group-60CA7EC77FF7: changes role from  FOLLOWER to CANDIDATE at term 31 for changeToCandidate
2019-10-21 23:05:58,334 [Thread-743] INFO  impl.RoleInfo (RoleInfo.java:updateAndGet(143)) - 95f8ce0c-61f1-45b1-a4e7-5b97bbfe9a5b: start LeaderElection
2019-10-21 23:05:58,336 [grpc-default-executor-7] INFO  impl.RaftServerProxy (RaftServerProxy.java:addNew(89)) - 2c02d436-c6f2-4204-8248-e3d2779a79c3: addNew group-D3AFFDC567C4:[8e5ceb90-17c7-416d-ba3b-e9af83490bf4:192.168.69.118:43663, 95f8ce0c-61f1-45b1-a4e7-5b97bbfe9a5b:192.168.69.118:45158, 2c02d436-c6f2-4204-8248-e3d2779a79c3:192.168.69.118:45342] returns group-D3AFFDC567C4:java.util.concurrent.CompletableFuture@a045b2e[Not completed]
2019-10-21 23:05:58,336 [grpc-default-executor-6] INFO  impl.RaftServerProxy (RaftServerProxy.java:addNew(89)) - 95f8ce0c-61f1-45b1-a4e7-5b97bbfe9a5b: addNew group-D3AFFDC567C4:[8e5ceb90-17c7-416d-ba3b-e9af83490bf4:192.168.69.118:43663, 95f8ce0c-61f1-45b1-a4e7-5b97bbfe9a5b:192.168.69.118:45158, 2c02d436-c6f2-4204-8248-e3d2779a79c3:192.168.69.118:45342] returns group-D3AFFDC567C4:java.util.concurrent.CompletableFuture@74101c0a[Not completed]
2019-10-21 23:05:58,336 [grpc-default-executor-1] INFO  impl.RaftServerProxy (RaftServerProxy.java:addNew(89)) - 8e5ceb90-17c7-416d-ba3b-e9af83490bf4: addNew group-D3AFFDC567C4:[8e5ceb90-17c7-416d-ba3b-e9af83490bf4:192.168.69.118:43663, 95f8ce0c-61f1-45b1-a4e7-5b97bbfe9a5b:192.168.69.118:45158, 2c02d436-c6f2-4204-8248-e3d2779a79c3:192.168.69.118:45342] returns group-D3AFFDC567C4:java.util.concurrent.CompletableFuture@71688154[Not completed]
2019-10-21 23:05:58,338 [pool-59-thread-1] INFO  impl.RaftServerImpl (RaftServerImpl.java:<init>(104)) - 95f8ce0c-61f1-45b1-a4e7-5b97bbfe9a5b: new RaftServerImpl for group-D3AFFDC567C4:[8e5ceb90-17c7-416d-ba3b-e9af83490bf4:192.168.69.118:43663, 95f8ce0c-61f1-45b1-a4e7-5b97bbfe9a5b:192.168.69.118:45158, 2c02d436-c6f2-4204-8248-e3d2779a79c3:192.168.69.118:45342] with ContainerStateMachine:uninitialized
2019-10-21 23:05:58,338 [pool-59-thread-1] INFO  server.RaftServerConfigKeys (ConfUtils.java:logGet(43)) - raft.server.rpc.timeout.min = 5s (custom)
2019-10-21 23:05:58,338 [pool-59-thread-1] INFO  server.RaftServerConfigKeys (ConfUtils.java:logGet(43)) - raft.server.rpc.timeout.max = 5200ms (custom)
2019-10-21 23:05:58,338 [pool-59-thread-1] INFO  server.RaftServerConfigKeys (ConfUtils.java:logGet(43)) - raft.server.rpcslowness.timeout = 1000s (custom)
2019-10-21 23:05:58,338 [pool-59-thread-1] INFO  server.RaftServerConfigKeys (ConfUtils.java:logGet(43)) - raft.server.sleep.deviation.threshold = 300 (default)
2019-10-21 23:05:58,338 [pool-59-thread-1] INFO  server.RaftServerConfigKeys (ConfUtils.java:logGet(43)) - raft.server.log.appender.install.snapshot.enabled = false (custom)
2019-10-21 23:05:58,339 [pool-59-thread-1] INFO  impl.RaftServerImpl (ServerState.java:<init>(103)) - 95f8ce0c-61f1-45b1-a4e7-5b97bbfe9a5b@group-D3AFFDC567C4: ConfigurationManager, init=-1: [8e5ceb90-17c7-416d-ba3b-e9af83490bf4:192.168.69.118:43663, 95f8ce0c-61f1-45b1-a4e7-5b97bbfe9a5b:192.168.69.118:45158, 2c02d436-c6f2-4204-8248-e3d2779a79c3:192.168.69.118:45342], old=null, confs=<EMPTY_MAP>
2019-10-21 23:05:58,339 [pool-59-thread-1] INFO  server.RaftServerConfigKeys (ConfUtils.java:logGet(43)) - raft.server.storage.dir = [/workdir/hadoop-ozone/integration-test/target/test-dir/MiniOzoneClusterImpl-a7a400a2-5f0e-446d-a613-255cd6ec9d67/datanode-2/data/ratis] (custom)
2019-10-21 23:05:58,339 [pool-37-thread-1] INFO  impl.RaftServerImpl (RaftServerImpl.java:<init>(104)) - 2c02d436-c6f2-4204-8248-e3d2779a79c3: new RaftServerImpl for group-D3AFFDC567C4:[8e5ceb90-17c7-416d-ba3b-e9af83490bf4:192.168.69.118:43663, 95f8ce0c-61f1-45b1-a4e7-5b97bbfe9a5b:192.168.69.118:45158, 2c02d436-c6f2-4204-8248-e3d2779a79c3:192.168.69.118:45342] with ContainerStateMachine:uninitialized
2019-10-21 23:05:58,339 [pool-59-thread-1] INFO  server.RaftServerConfigKeys (ConfUtils.java:logGet(43)) - raft.server.log.corruption.policy = EXCEPTION (default)
2019-10-21 23:05:58,339 [pool-37-thread-1] INFO  server.RaftServerConfigKeys (ConfUtils.java:logGet(43)) - raft.server.rpc.timeout.min = 5s (custom)
2019-10-21 23:05:58,339 [pool-59-thread-1] INFO  storage.RaftStorageDirectory (RaftStorageDirectory.java:analyzeStorage(246)) - The storage directory /workdir/hadoop-ozone/integration-test/target/test-dir/MiniOzoneClusterImpl-a7a400a2-5f0e-446d-a613-255cd6ec9d67/datanode-2/data/ratis/d7d7148a-e506-4d51-aaab-d3affdc567c4 does not exist. Creating ...
2019-10-21 23:05:58,339 [pool-37-thread-1] INFO  server.RaftServerConfigKeys (ConfUtils.java:logGet(43)) - raft.server.rpc.timeout.max = 5200ms (custom)
2019-10-21 23:05:58,339 [pool-37-thread-1] INFO  server.RaftServerConfigKeys (ConfUtils.java:logGet(43)) - raft.server.rpcslowness.timeout = 1000s (custom)
2019-10-21 23:05:58,339 [pool-37-thread-1] INFO  server.RaftServerConfigKeys (ConfUtils.java:logGet(43)) - raft.server.sleep.deviation.threshold = 300 (default)
2019-10-21 23:05:58,340 [pool-37-thread-1] INFO  server.RaftServerConfigKeys (ConfUtils.java:logGet(43)) - raft.server.log.appender.install.snapshot.enabled = false (custom)
2019-10-21 23:05:58,340 [pool-27-thread-1] INFO  impl.RaftServerImpl (RaftServerImpl.java:<init>(104)) - 8e5ceb90-17c7-416d-ba3b-e9af83490bf4: new RaftServerImpl for group-D3AFFDC567C4:[8e5ceb90-17c7-416d-ba3b-e9af83490bf4:192.168.69.118:43663, 95f8ce0c-61f1-45b1-a4e7-5b97bbfe9a5b:192.168.69.118:45158, 2c02d436-c6f2-4204-8248-e3d2779a79c3:192.168.69.118:45342] with ContainerStateMachine:uninitialized
2019-10-21 23:05:58,340 [pool-37-thread-1] INFO  impl.RaftServerImpl (ServerState.java:<init>(103)) - 2c02d436-c6f2-4204-8248-e3d2779a79c3@group-D3AFFDC567C4: ConfigurationManager, init=-1: [8e5ceb90-17c7-416d-ba3b-e9af83490bf4:192.168.69.118:43663, 95f8ce0c-61f1-45b1-a4e7-5b97bbfe9a5b:192.168.69.118:45158, 2c02d436-c6f2-4204-8248-e3d2779a79c3:192.168.69.118:45342], old=null, confs=<EMPTY_MAP>
2019-10-21 23:05:58,340 [pool-27-thread-1] INFO  server.RaftServerConfigKeys (ConfUtils.java:logGet(43)) - raft.server.rpc.timeout.min = 5s (custom)
2019-10-21 23:05:58,340 [pool-37-thread-1] INFO  server.RaftServerConfigKeys (ConfUtils.java:logGet(43)) - raft.server.storage.dir = [/workdir/hadoop-ozone/integration-test/target/test-dir/MiniOzoneClusterImpl-a7a400a2-5f0e-446d-a613-255cd6ec9d67/datanode-1/data/ratis] (custom)
2019-10-21 23:05:58,340 [pool-27-thread-1] INFO  server.RaftServerConfigKeys (ConfUtils.java:logGet(43)) - raft.server.rpc.timeout.max = 5200ms (custom)
2019-10-21 23:05:58,340 [pool-27-thread-1] INFO  server.RaftServerConfigKeys (ConfUtils.java:logGet(43)) - raft.server.rpcslowness.timeout = 1000s (custom)
2019-10-21 23:05:58,340 [pool-37-thread-1] INFO  server.RaftServerConfigKeys (ConfUtils.java:logGet(43)) - raft.server.log.corruption.policy = EXCEPTION (default)
2019-10-21 23:05:58,340 [pool-27-thread-1] INFO  server.RaftServerConfigKeys (ConfUtils.java:logGet(43)) - raft.server.sleep.deviation.threshold = 300 (default)
2019-10-21 23:05:58,341 [pool-27-thread-1] INFO  server.RaftServerConfigKeys (ConfUtils.java:logGet(43)) - raft.server.log.appender.install.snapshot.enabled = false (custom)
2019-10-21 23:05:58,341 [pool-37-thread-1] INFO  storage.RaftStorageDirectory (RaftStorageDirectory.java:analyzeStorage(246)) - The storage directory /workdir/hadoop-ozone/integration-test/target/test-dir/MiniOzoneClusterImpl-a7a400a2-5f0e-446d-a613-255cd6ec9d67/datanode-1/data/ratis/d7d7148a-e506-4d51-aaab-d3affdc567c4 does not exist. Creating ...
2019-10-21 23:05:58,341 [pool-27-thread-1] INFO  impl.RaftServerImpl (ServerState.java:<init>(103)) - 8e5ceb90-17c7-416d-ba3b-e9af83490bf4@group-D3AFFDC567C4: ConfigurationManager, init=-1: [8e5ceb90-17c7-416d-ba3b-e9af83490bf4:192.168.69.118:43663, 95f8ce0c-61f1-45b1-a4e7-5b97bbfe9a5b:192.168.69.118:45158, 2c02d436-c6f2-4204-8248-e3d2779a79c3:192.168.69.118:45342], old=null, confs=<EMPTY_MAP>
2019-10-21 23:05:58,341 [pool-27-thread-1] INFO  server.RaftServerConfigKeys (ConfUtils.java:logGet(43)) - raft.server.storage.dir = [/workdir/hadoop-ozone/integration-test/target/test-dir/MiniOzoneClusterImpl-a7a400a2-5f0e-446d-a613-255cd6ec9d67/datanode-0/data/ratis] (custom)
2019-10-21 23:05:58,341 [pool-27-thread-1] INFO  server.RaftServerConfigKeys (ConfUtils.java:logGet(43)) - raft.server.log.corruption.policy = EXCEPTION (default)
2019-10-21 23:05:58,341 [pool-27-thread-1] INFO  storage.RaftStorageDirectory (RaftStorageDirectory.java:analyzeStorage(246)) - The storage directory /workdir/hadoop-ozone/integration-test/target/test-dir/MiniOzoneClusterImpl-a7a400a2-5f0e-446d-a613-255cd6ec9d67/datanode-0/data/ratis/d7d7148a-e506-4d51-aaab-d3affdc567c4 does not exist. Creating ...
2019-10-21 23:05:58,373 [Thread-746] INFO  impl.FollowerState (FollowerState.java:run(108)) - 95f8ce0c-61f1-45b1-a4e7-5b97bbfe9a5b@group-42F4DB484925-FollowerState: change to CANDIDATE, lastRpcTime:56ms, electionTimeout:56ms
2019-10-21 23:05:58,373 [Thread-746] INFO  impl.RoleInfo (RoleInfo.java:shutdownFollowerState(121)) - 95f8ce0c-61f1-45b1-a4e7-5b97bbfe9a5b: shutdown FollowerState
2019-10-21 23:05:58,373 [Thread-746] INFO  impl.RaftServerImpl (RaftServerImpl.java:setRole(184)) - 95f8ce0c-61f1-45b1-a4e7-5b97bbfe9a5b@group-42F4DB484925: changes role from  FOLLOWER to CANDIDATE at term 0 for changeToCandidate
2019-10-21 23:05:58,374 [Thread-746] INFO  impl.RoleInfo (RoleInfo.java:updateAndGet(143)) - 95f8ce0c-61f1-45b1-a4e7-5b97bbfe9a5b: start LeaderElection
2019-10-21 23:05:58,390 [pool-37-thread-1] INFO  storage.RaftStorageDirectory (RaftStorageDirectory.java:tryLock(328)) - Lock on /workdir/hadoop-ozone/integration-test/target/test-dir/MiniOzoneClusterImpl-a7a400a2-5f0e-446d-a613-255cd6ec9d67/datanode-1/data/ratis/d7d7148a-e506-4d51-aaab-d3affdc567c4/in_use.lock acquired by nodename 27539@pr-hdds-2131-w2fms-3313293055
2019-10-21 23:05:58,390 [95f8ce0c-61f1-45b1-a4e7-5b97bbfe9a5b@group-42F4DB484925-LeaderElection33] INFO  impl.LeaderElection (LeaderElection.java:askForVotes(178)) - 95f8ce0c-61f1-45b1-a4e7-5b97bbfe9a5b@group-42F4DB484925-LeaderElection33: begin an election at term 1 for -1: [95f8ce0c-61f1-45b1-a4e7-5b97bbfe9a5b:192.168.69.118:45158], old=null
2019-10-21 23:05:58,390 [pool-27-thread-1] INFO  storage.RaftStorageDirectory (RaftStorageDirectory.java:tryLock(328)) - Lock on /workdir/hadoop-ozone/integration-test/target/test-dir/MiniOzoneClusterImpl-a7a400a2-5f0e-446d-a613-255cd6ec9d67/datanode-0/data/ratis/d7d7148a-e506-4d51-aaab-d3affdc567c4/in_use.lock acquired by nodename 27539@pr-hdds-2131-w2fms-3313293055
2019-10-21 23:05:58,390 [pool-59-thread-1] INFO  storage.RaftStorageDirectory (RaftStorageDirectory.java:tryLock(328)) - Lock on /workdir/hadoop-ozone/integration-test/target/test-dir/MiniOzoneClusterImpl-a7a400a2-5f0e-446d-a613-255cd6ec9d67/datanode-2/data/ratis/d7d7148a-e506-4d51-aaab-d3affdc567c4/in_use.lock acquired by nodename 27539@pr-hdds-2131-w2fms-3313293055
2019-10-21 23:05:58,391 [95f8ce0c-61f1-45b1-a4e7-5b97bbfe9a5b@group-42F4DB484925-LeaderElection33] INFO  impl.RoleInfo (RoleInfo.java:shutdownLeaderElection(134)) - 95f8ce0c-61f1-45b1-a4e7-5b97bbfe9a5b: shutdown LeaderElection
2019-10-21 23:05:58,390 [95f8ce0c-61f1-45b1-a4e7-5b97bbfe9a5b@group-60CA7EC77FF7-LeaderElection32] INFO  impl.LeaderElection (LeaderElection.java:askForVotes(178)) - 95f8ce0c-61f1-45b1-a4e7-5b97bbfe9a5b@group-60CA7EC77FF7-LeaderElection32: begin an election at term 32 for 0: [8e5ceb90-17c7-416d-ba3b-e9af83490bf4:192.168.69.118:43663, 95f8ce0c-61f1-45b1-a4e7-5b97bbfe9a5b:192.168.69.118:45158, 2c02d436-c6f2-4204-8248-e3d2779a79c3:192.168.69.118:45342], old=null
2019-10-21 23:05:58,391 [95f8ce0c-61f1-45b1-a4e7-5b97bbfe9a5b@group-42F4DB484925-LeaderElection33] INFO  impl.RaftServerImpl (RaftServerImpl.java:setRole(184)) - 95f8ce0c-61f1-45b1-a4e7-5b97bbfe9a5b@group-42F4DB484925: changes role from CANDIDATE to LEADER at term 1 for changeToLeader
2019-10-21 23:05:58,391 [95f8ce0c-61f1-45b1-a4e7-5b97bbfe9a5b@group-42F4DB484925-LeaderElection33] INFO  impl.RaftServerImpl (ServerState.java:setLeader(256)) - 95f8ce0c-61f1-45b1-a4e7-5b97bbfe9a5b@group-42F4DB484925: change Leader from null to 95f8ce0c-61f1-45b1-a4e7-5b97bbfe9a5b at term 1 for becomeLeader, leader elected after 80ms
2019-10-21 23:05:58,392 [95f8ce0c-61f1-45b1-a4e7-5b97bbfe9a5b@group-42F4DB484925-LeaderElection33] INFO  server.RaftServerConfigKeys (ConfUtils.java:logGet(43)) - raft.server.staging.catchup.gap = 1000 (default)
2019-10-21 23:05:58,392 [95f8ce0c-61f1-45b1-a4e7-5b97bbfe9a5b@group-42F4DB484925-LeaderElection33] INFO  server.RaftServerConfigKeys (ConfUtils.java:logGet(43)) - raft.server.rpc.sleep.time = 25ms (default)
2019-10-21 23:05:58,392 [95f8ce0c-61f1-45b1-a4e7-5b97bbfe9a5b@group-42F4DB484925-LeaderElection33] INFO  server.RaftServerConfigKeys (ConfUtils.java:logGet(43)) - raft.server.write.element-limit = 4096 (default)
2019-10-21 23:05:58,392 [95f8ce0c-61f1-45b1-a4e7-5b97bbfe9a5b@group-42F4DB484925-LeaderElection33] INFO  server.RaftServerConfigKeys (ConfUtils.java:logGet(43)) - raft.server.watch.timeout = 10s (default)
2019-10-21 23:05:58,392 [95f8ce0c-61f1-45b1-a4e7-5b97bbfe9a5b@group-42F4DB484925-LeaderElection33] INFO  server.RaftServerConfigKeys (ConfUtils.java:logGet(43)) - raft.server.watch.timeout.denomination = 1s (default)
2019-10-21 23:05:58,393 [95f8ce0c-61f1-45b1-a4e7-5b97bbfe9a5b@group-42F4DB484925-LeaderElection33] INFO  server.RaftServerConfigKeys (ConfUtils.java:logGet(43)) - raft.server.watch.element-limit = 65536 (default)
2019-10-21 23:05:58,395 [grpc-default-executor-6] INFO  impl.RaftServerImpl (RaftServerImpl.java:setRole(184)) - 8e5ceb90-17c7-416d-ba3b-e9af83490bf4@group-60CA7EC77FF7: changes role from  FOLLOWER to FOLLOWER at term 32 for recognizeCandidate:95f8ce0c-61f1-45b1-a4e7-5b97bbfe9a5b
2019-10-21 23:05:58,395 [grpc-default-executor-1] INFO  impl.RaftServerImpl (RaftServerImpl.java:setRole(184)) - 2c02d436-c6f2-4204-8248-e3d2779a79c3@group-60CA7EC77FF7: changes role from  FOLLOWER to FOLLOWER at term 32 for recognizeCandidate:95f8ce0c-61f1-45b1-a4e7-5b97bbfe9a5b
2019-10-21 23:05:58,395 [grpc-default-executor-6] INFO  impl.RoleInfo (RoleInfo.java:shutdownFollowerState(121)) - 8e5ceb90-17c7-416d-ba3b-e9af83490bf4: shutdown FollowerState
2019-10-21 23:05:58,395 [grpc-default-executor-1] INFO  impl.RoleInfo (RoleInfo.java:shutdownFollowerState(121)) - 2c02d436-c6f2-4204-8248-e3d2779a79c3: shutdown FollowerState
2019-10-21 23:05:58,396 [Thread-741] INFO  impl.FollowerState (FollowerState.java:run(117)) - 8e5ceb90-17c7-416d-ba3b-e9af83490bf4@group-60CA7EC77FF7-FollowerState was interrupted: java.lang.InterruptedException: sleep interrupted
2019-10-21 23:05:58,396 [95f8ce0c-61f1-45b1-a4e7-5b97bbfe9a5b@group-42F4DB484925-LeaderElection33] INFO  impl.RoleInfo (RoleInfo.java:updateAndGet(143)) - 95f8ce0c-61f1-45b1-a4e7-5b97bbfe9a5b: start LeaderState
2019-10-21 23:05:58,396 [grpc-default-executor-6] INFO  impl.RoleInfo (RoleInfo.java:updateAndGet(143)) - 8e5ceb90-17c7-416d-ba3b-e9af83490bf4: start FollowerState
2019-10-21 23:05:58,396 [Thread-740] INFO  impl.FollowerState (FollowerState.java:run(117)) - 2c02d436-c6f2-4204-8248-e3d2779a79c3@group-60CA7EC77FF7-FollowerState was interrupted: java.lang.InterruptedException: sleep interrupted
2019-10-21 23:05:58,396 [grpc-default-executor-1] INFO  impl.RoleInfo (RoleInfo.java:updateAndGet(143)) - 2c02d436-c6f2-4204-8248-e3d2779a79c3: start FollowerState
2019-10-21 23:05:58,396 [95f8ce0c-61f1-45b1-a4e7-5b97bbfe9a5b@group-42F4DB484925-LeaderElection33] INFO  segmented.SegmentedRaftLogWorker (SegmentedRaftLogWorker.java:startLogSegment(385)) - 95f8ce0c-61f1-45b1-a4e7-5b97bbfe9a5b@group-42F4DB484925-SegmentedRaftLogWorker: Starting segment from index:0
2019-10-21 23:05:58,397 [95f8ce0c-61f1-45b1-a4e7-5b97bbfe9a5b@group-42F4DB484925-LeaderElection33] INFO  impl.RaftServerImpl (ServerState.java:setRaftConf(357)) - 95f8ce0c-61f1-45b1-a4e7-5b97bbfe9a5b@group-42F4DB484925: set configuration 0: [95f8ce0c-61f1-45b1-a4e7-5b97bbfe9a5b:192.168.69.118:45158], old=null at 0
2019-10-21 23:05:58,405 [pool-37-thread-1] INFO  storage.RaftStorage (RaftStorage.java:format(84)) - Storage directory /workdir/hadoop-ozone/integration-test/target/test-dir/MiniOzoneClusterImpl-a7a400a2-5f0e-446d-a613-255cd6ec9d67/datanode-1/data/ratis/d7d7148a-e506-4d51-aaab-d3affdc567c4 has been successfully formatted.
2019-10-21 23:05:58,405 [pool-59-thread-1] INFO  storage.RaftStorage (RaftStorage.java:format(84)) - Storage directory /workdir/hadoop-ozone/integration-test/target/test-dir/MiniOzoneClusterImpl-a7a400a2-5f0e-446d-a613-255cd6ec9d67/datanode-2/data/ratis/d7d7148a-e506-4d51-aaab-d3affdc567c4 has been successfully formatted.
2019-10-21 23:05:58,405 [pool-27-thread-1] INFO  storage.RaftStorage (RaftStorage.java:format(84)) - Storage directory /workdir/hadoop-ozone/integration-test/target/test-dir/MiniOzoneClusterImpl-a7a400a2-5f0e-446d-a613-255cd6ec9d67/datanode-0/data/ratis/d7d7148a-e506-4d51-aaab-d3affdc567c4 has been successfully formatted.
2019-10-21 23:05:58,405 [pool-59-thread-1] INFO  ratis.ContainerStateMachine (ContainerStateMachine.java:loadSnapshot(231)) - group-D3AFFDC567C4: The snapshot info is null. Setting the last applied indexto:(t:0, i:~)
2019-10-21 23:05:58,405 [pool-37-thread-1] INFO  ratis.ContainerStateMachine (ContainerStateMachine.java:loadSnapshot(231)) - group-D3AFFDC567C4: The snapshot info is null. Setting the last applied indexto:(t:0, i:~)
2019-10-21 23:05:58,405 [pool-59-thread-1] INFO  server.RaftServerConfigKeys (ConfUtils.java:logGet(43)) - raft.server.notification.no-leader.timeout = 1000s (custom)
2019-10-21 23:05:58,405 [pool-27-thread-1] INFO  ratis.ContainerStateMachine (ContainerStateMachine.java:loadSnapshot(231)) - group-D3AFFDC567C4: The snapshot info is null. Setting the last applied indexto:(t:0, i:~)
2019-10-21 23:05:58,406 [pool-59-thread-1] INFO  server.RaftServerConfigKeys (ConfUtils.java:logGet(43)) - raft.server.log.use.memory = false (default)
2019-10-21 23:05:58,406 [pool-37-thread-1] INFO  server.RaftServerConfigKeys (ConfUtils.java:logGet(43)) - raft.server.notification.no-leader.timeout = 1000s (custom)
2019-10-21 23:05:58,406 [pool-59-thread-1] INFO  server.RaftServerConfigKeys (ConfUtils.java:logGet(43)) - raft.server.log.purge.gap = 1000000 (custom)
2019-10-21 23:05:58,406 [pool-27-thread-1] INFO  server.RaftServerConfigKeys (ConfUtils.java:logGet(43)) - raft.server.notification.no-leader.timeout = 1000s (custom)
2019-10-21 23:05:58,406 [95f8ce0c-61f1-45b1-a4e7-5b97bbfe9a5b@group-60CA7EC77FF7-LeaderElection32] INFO  impl.LeaderElection (LeaderElection.java:logAndReturn(56)) - 95f8ce0c-61f1-45b1-a4e7-5b97bbfe9a5b@group-60CA7EC77FF7-LeaderElection32: Election REJECTED; received 2 response(s) [95f8ce0c-61f1-45b1-a4e7-5b97bbfe9a5b<-8e5ceb90-17c7-416d-ba3b-e9af83490bf4#0:FAIL-t32, 95f8ce0c-61f1-45b1-a4e7-5b97bbfe9a5b<-2c02d436-c6f2-4204-8248-e3d2779a79c3#0:FAIL-t32] and 0 exception(s); 95f8ce0c-61f1-45b1-a4e7-5b97bbfe9a5b@group-60CA7EC77FF7:t32, leader=null, voted=95f8ce0c-61f1-45b1-a4e7-5b97bbfe9a5b, raftlog=95f8ce0c-61f1-45b1-a4e7-5b97bbfe9a5b@group-60CA7EC77FF7-SegmentedRaftLog:OPENED:c3,f4,i4, conf=0: [8e5ceb90-17c7-416d-ba3b-e9af83490bf4:192.168.69.118:43663, 95f8ce0c-61f1-45b1-a4e7-5b97bbfe9a5b:192.168.69.118:45158, 2c02d436-c6f2-4204-8248-e3d2779a79c3:192.168.69.118:45342], old=null
2019-10-21 23:05:58,406 [pool-59-thread-1] INFO  server.RaftServerConfigKeys (ConfUtils.java:logGet(43)) - raft.server.log.appender.buffer.byte-limit = 33554432 (custom)
2019-10-21 23:05:58,406 [pool-37-thread-1] INFO  server.RaftServerConfigKeys (ConfUtils.java:logGet(43)) - raft.server.log.use.memory = false (default)
2019-10-21 23:05:58,407 [pool-59-thread-1] INFO  server.RaftServerConfigKeys (ConfUtils.java:logGet(43)) - raft.server.log.segment.size.max = 1048576 (custom)
2019-10-21 23:05:58,407 [95f8ce0c-61f1-45b1-a4e7-5b97bbfe9a5b@group-60CA7EC77FF7-LeaderElection32] INFO  impl.RaftServerImpl (RaftServerImpl.java:setRole(184)) - 95f8ce0c-61f1-45b1-a4e7-5b97bbfe9a5b@group-60CA7EC77FF7: changes role from CANDIDATE to FOLLOWER at term 32 for DISCOVERED_A_NEW_TERM
2019-10-21 23:05:58,407 [pool-27-thread-1] INFO  server.RaftServerConfigKeys (ConfUtils.java:logGet(43)) - raft.server.log.use.memory = false (default)
2019-10-21 23:05:58,423 [95f8ce0c-61f1-45b1-a4e7-5b97bbfe9a5b@group-60CA7EC77FF7-LeaderElection32] INFO  impl.RoleInfo (RoleInfo.java:shutdownLeaderElection(134)) - 95f8ce0c-61f1-45b1-a4e7-5b97bbfe9a5b: shutdown LeaderElection
2019-10-21 23:05:58,423 [pool-59-thread-1] INFO  server.RaftServerConfigKeys (ConfUtils.java:logGet(43)) - raft.server.log.segment.cache.num.max = 2 (custom)
2019-10-21 23:05:58,423 [pool-37-thread-1] INFO  server.RaftServerConfigKeys (ConfUtils.java:logGet(43)) - raft.server.log.purge.gap = 1000000 (custom)
2019-10-21 23:05:58,424 [pool-59-thread-1] INFO  segmented.SegmentedRaftLogWorker (SegmentedRaftLogWorker.java:<init>(173)) - new 95f8ce0c-61f1-45b1-a4e7-5b97bbfe9a5b@group-D3AFFDC567C4-SegmentedRaftLogWorker for RaftStorage:Storage Directory /workdir/hadoop-ozone/integration-test/target/test-dir/MiniOzoneClusterImpl-a7a400a2-5f0e-446d-a613-255cd6ec9d67/datanode-2/data/ratis/d7d7148a-e506-4d51-aaab-d3affdc567c4
2019-10-21 23:05:58,424 [95f8ce0c-61f1-45b1-a4e7-5b97bbfe9a5b@group-60CA7EC77FF7-LeaderElection32] INFO  impl.RoleInfo (RoleInfo.java:updateAndGet(143)) - 95f8ce0c-61f1-45b1-a4e7-5b97bbfe9a5b: start FollowerState
2019-10-21 23:05:58,424 [pool-27-thread-1] INFO  server.RaftServerConfigKeys (ConfUtils.java:logGet(43)) - raft.server.log.purge.gap = 1000000 (custom)
2019-10-21 23:05:58,424 [pool-59-thread-1] INFO  server.RaftServerConfigKeys (ConfUtils.java:logGet(43)) - raft.server.log.queue.byte-limit = 2147483647 (custom)
2019-10-21 23:05:58,424 [pool-37-thread-1] INFO  server.RaftServerConfigKeys (ConfUtils.java:logGet(43)) - raft.server.log.appender.buffer.byte-limit = 33554432 (custom)
2019-10-21 23:05:58,424 [pool-59-thread-1] INFO  server.RaftServerConfigKeys (ConfUtils.java:logGet(43)) - raft.server.log.queue.element-limit = 1024 (custom)
2019-10-21 23:05:58,424 [pool-27-thread-1] INFO  server.RaftServerConfigKeys (ConfUtils.java:logGet(43)) - raft.server.log.appender.buffer.byte-limit = 33554432 (custom)
2019-10-21 23:05:58,425 [pool-59-thread-1] INFO  server.RaftServerConfigKeys (ConfUtils.java:logGet(43)) - raft.server.log.segment.size.max = 1048576 (custom)
2019-10-21 23:05:58,424 [pool-37-thread-1] INFO  server.RaftServerConfigKeys (ConfUtils.java:logGet(43)) - raft.server.log.segment.size.max = 1048576 (custom)
2019-10-21 23:05:58,425 [pool-59-thread-1] INFO  server.RaftServerConfigKeys (ConfUtils.java:logGet(43)) - raft.server.log.preallocated.size = 16384 (custom)
2019-10-21 23:05:58,425 [pool-27-thread-1] INFO  server.RaftServerConfigKeys (ConfUtils.java:logGet(43)) - raft.server.log.segment.size.max = 1048576 (custom)
2019-10-21 23:05:58,425 [pool-59-thread-1] INFO  server.RaftServerConfigKeys (ConfUtils.java:logGet(43)) - raft.server.log.write.buffer.size = 33554432 (custom)
2019-10-21 23:05:58,425 [pool-37-thread-1] INFO  server.RaftServerConfigKeys (ConfUtils.java:logGet(43)) - raft.server.log.segment.cache.num.max = 2 (custom)
2019-10-21 23:05:58,425 [pool-59-thread-1] INFO  server.RaftServerConfigKeys (ConfUtils.java:logGet(43)) - raft.server.log.force.sync.num = 128 (default)
2019-10-21 23:05:58,425 [pool-27-thread-1] INFO  server.RaftServerConfigKeys (ConfUtils.java:logGet(43)) - raft.server.log.segment.cache.num.max = 2 (custom)
2019-10-21 23:05:58,425 [pool-59-thread-1] INFO  server.RaftServerConfigKeys (ConfUtils.java:logGet(43)) - raft.server.log.statemachine.data.sync = true (default)
2019-10-21 23:05:58,425 [pool-37-thread-1] INFO  segmented.SegmentedRaftLogWorker (SegmentedRaftLogWorker.java:<init>(173)) - new 2c02d436-c6f2-4204-8248-e3d2779a79c3@group-D3AFFDC567C4-SegmentedRaftLogWorker for RaftStorage:Storage Directory /workdir/hadoop-ozone/integration-test/target/test-dir/MiniOzoneClusterImpl-a7a400a2-5f0e-446d-a613-255cd6ec9d67/datanode-1/data/ratis/d7d7148a-e506-4d51-aaab-d3affdc567c4
2019-10-21 23:05:58,426 [pool-59-thread-1] INFO  server.RaftServerConfigKeys (ConfUtils.java:logGet(43)) - raft.server.log.statemachine.data.sync.timeout = 10s (default)
2019-10-21 23:05:58,426 [pool-27-thread-1] INFO  segmented.SegmentedRaftLogWorker (SegmentedRaftLogWorker.java:<init>(173)) - new 8e5ceb90-17c7-416d-ba3b-e9af83490bf4@group-D3AFFDC567C4-SegmentedRaftLogWorker for RaftStorage:Storage Directory /workdir/hadoop-ozone/integration-test/target/test-dir/MiniOzoneClusterImpl-a7a400a2-5f0e-446d-a613-255cd6ec9d67/datanode-0/data/ratis/d7d7148a-e506-4d51-aaab-d3affdc567c4
2019-10-21 23:05:58,426 [pool-59-thread-1] INFO  server.RaftServerConfigKeys (ConfUtils.java:logGet(43)) - raft.server.log.statemachine.data.sync.timeout.retry = -1 (default)
2019-10-21 23:05:58,426 [pool-37-thread-1] INFO  server.RaftServerConfigKeys (ConfUtils.java:logGet(43)) - raft.server.log.queue.byte-limit = 2147483647 (custom)
2019-10-21 23:05:58,426 [pool-59-thread-1] INFO  server.RaftServerConfigKeys (ConfUtils.java:logGet(43)) - raft.server.log.statemachine.data.caching.enabled = true (custom)
2019-10-21 23:05:58,426 [pool-27-thread-1] INFO  server.RaftServerConfigKeys (ConfUtils.java:logGet(43)) - raft.server.log.queue.byte-limit = 2147483647 (custom)
2019-10-21 23:05:58,426 [pool-37-thread-1] INFO  server.RaftServerConfigKeys (ConfUtils.java:logGet(43)) - raft.server.log.queue.element-limit = 1024 (custom)
2019-10-21 23:05:58,426 [pool-27-thread-1] INFO  server.RaftServerConfigKeys (ConfUtils.java:logGet(43)) - raft.server.log.queue.element-limit = 1024 (custom)
2019-10-21 23:05:58,426 [pool-37-thread-1] INFO  server.RaftServerConfigKeys (ConfUtils.java:logGet(43)) - raft.server.log.segment.size.max = 1048576 (custom)
2019-10-21 23:05:58,426 [pool-59-thread-1] INFO  segmented.SegmentedRaftLogWorker (SegmentedRaftLogWorker.java:lambda$new$0(128)) - 95f8ce0c-61f1-45b1-a4e7-5b97bbfe9a5b@group-D3AFFDC567C4-SegmentedRaftLogWorker: flushIndex: setUnconditionally 0 -> -1
2019-10-21 23:05:58,427 [pool-37-thread-1] INFO  server.RaftServerConfigKeys (ConfUtils.java:logGet(43)) - raft.server.log.preallocated.size = 16384 (custom)
2019-10-21 23:05:58,427 [pool-27-thread-1] INFO  server.RaftServerConfigKeys (ConfUtils.java:logGet(43)) - raft.server.log.segment.size.max = 1048576 (custom)
2019-10-21 23:05:58,427 [pool-59-thread-1] INFO  server.RaftServerConfigKeys (ConfUtils.java:logGet(43)) - raft.server.snapshot.auto.trigger.enabled = true (custom)
2019-10-21 23:05:58,427 [pool-37-thread-1] INFO  server.RaftServerConfigKeys (ConfUtils.java:logGet(43)) - raft.server.log.write.buffer.size = 33554432 (custom)
2019-10-21 23:05:58,427 [pool-59-thread-1] INFO  server.RaftServerConfigKeys (ConfUtils.java:logGet(43)) - raft.server.snapshot.auto.trigger.threshold = 10000 (custom)
2019-10-21 23:05:58,427 [pool-27-thread-1] INFO  server.RaftServerConfigKeys (ConfUtils.java:logGet(43)) - raft.server.log.preallocated.size = 16384 (custom)
2019-10-21 23:05:58,427 [pool-59-thread-1] INFO  server.RaftServerConfigKeys (ConfUtils.java:logGet(43)) - raft.server.snapshot.retention.file.num = 5 (custom)
2019-10-21 23:05:58,427 [pool-37-thread-1] INFO  server.RaftServerConfigKeys (ConfUtils.java:logGet(43)) - raft.server.log.force.sync.num = 128 (default)
2019-10-21 23:05:58,427 [pool-59-thread-1] INFO  server.RaftServerConfigKeys (ConfUtils.java:logGet(43)) - raft.server.retrycache.expirytime = 600000ms (custom)
2019-10-21 23:05:58,427 [pool-27-thread-1] INFO  server.RaftServerConfigKeys (ConfUtils.java:logGet(43)) - raft.server.log.write.buffer.size = 33554432 (custom)
2019-10-21 23:05:58,428 [pool-37-thread-1] INFO  server.RaftServerConfigKeys (ConfUtils.java:logGet(43)) - raft.server.log.statemachine.data.sync = true (default)
2019-10-21 23:05:58,428 [pool-27-thread-1] INFO  server.RaftServerConfigKeys (ConfUtils.java:logGet(43)) - raft.server.log.force.sync.num = 128 (default)
2019-10-21 23:05:58,428 [pool-37-thread-1] INFO  server.RaftServerConfigKeys (ConfUtils.java:logGet(43)) - raft.server.log.statemachine.data.sync.timeout = 10s (default)
2019-10-21 23:05:58,428 [pool-27-thread-1] INFO  server.RaftServerConfigKeys (ConfUtils.java:logGet(43)) - raft.server.log.statemachine.data.sync = true (default)
2019-10-21 23:05:58,428 [pool-37-thread-1] INFO  server.RaftServerConfigKeys (ConfUtils.java:logGet(43)) - raft.server.log.statemachine.data.sync.timeout.retry = -1 (default)
2019-10-21 23:05:58,428 [pool-27-thread-1] INFO  server.RaftServerConfigKeys (ConfUtils.java:logGet(43)) - raft.server.log.statemachine.data.sync.timeout = 10s (default)
2019-10-21 23:05:58,428 [pool-37-thread-1] INFO  server.RaftServerConfigKeys (ConfUtils.java:logGet(43)) - raft.server.log.statemachine.data.caching.enabled = true (custom)
2019-10-21 23:05:58,428 [pool-27-thread-1] INFO  server.RaftServerConfigKeys (ConfUtils.java:logGet(43)) - raft.server.log.statemachine.data.sync.timeout.retry = -1 (default)
2019-10-21 23:05:58,429 [pool-37-thread-1] INFO  segmented.SegmentedRaftLogWorker (SegmentedRaftLogWorker.java:lambda$new$0(128)) - 2c02d436-c6f2-4204-8248-e3d2779a79c3@group-D3AFFDC567C4-SegmentedRaftLogWorker: flushIndex: setUnconditionally 0 -> -1
2019-10-21 23:05:58,429 [pool-27-thread-1] INFO  server.RaftServerConfigKeys (ConfUtils.java:logGet(43)) - raft.server.log.statemachine.data.caching.enabled = true (custom)
2019-10-21 23:05:58,429 [pool-37-thread-1] INFO  server.RaftServerConfigKeys (ConfUtils.java:logGet(43)) - raft.server.snapshot.auto.trigger.enabled = true (custom)
2019-10-21 23:05:58,429 [pool-27-thread-1] INFO  segmented.SegmentedRaftLogWorker (SegmentedRaftLogWorker.java:lambda$new$0(128)) - 8e5ceb90-17c7-416d-ba3b-e9af83490bf4@group-D3AFFDC567C4-SegmentedRaftLogWorker: flushIndex: setUnconditionally 0 -> -1
2019-10-21 23:05:58,429 [pool-37-thread-1] INFO  server.RaftServerConfigKeys (ConfUtils.java:logGet(43)) - raft.server.snapshot.auto.trigger.threshold = 10000 (custom)
2019-10-21 23:05:58,429 [pool-37-thread-1] INFO  server.RaftServerConfigKeys (ConfUtils.java:logGet(43)) - raft.server.snapshot.retention.file.num = 5 (custom)
2019-10-21 23:05:58,429 [pool-27-thread-1] INFO  server.RaftServerConfigKeys (ConfUtils.java:logGet(43)) - raft.server.snapshot.auto.trigger.enabled = true (custom)
2019-10-21 23:05:58,430 [pool-37-thread-1] INFO  server.RaftServerConfigKeys (ConfUtils.java:logGet(43)) - raft.server.retrycache.expirytime = 600000ms (custom)
2019-10-21 23:05:58,430 [pool-27-thread-1] INFO  server.RaftServerConfigKeys (ConfUtils.java:logGet(43)) - raft.server.snapshot.auto.trigger.threshold = 10000 (custom)
2019-10-21 23:05:58,430 [pool-27-thread-1] INFO  server.RaftServerConfigKeys (ConfUtils.java:logGet(43)) - raft.server.snapshot.retention.file.num = 5 (custom)
2019-10-21 23:05:58,430 [pool-27-thread-1] INFO  server.RaftServerConfigKeys (ConfUtils.java:logGet(43)) - raft.server.retrycache.expirytime = 600000ms (custom)
2019-10-21 23:05:58,430 [pool-59-thread-1] INFO  impl.RaftServerImpl (RaftServerImpl.java:start(195)) - 95f8ce0c-61f1-45b1-a4e7-5b97bbfe9a5b@group-D3AFFDC567C4: start as a follower, conf=-1: [8e5ceb90-17c7-416d-ba3b-e9af83490bf4:192.168.69.118:43663, 95f8ce0c-61f1-45b1-a4e7-5b97bbfe9a5b:192.168.69.118:45158, 2c02d436-c6f2-4204-8248-e3d2779a79c3:192.168.69.118:45342], old=null
2019-10-21 23:05:58,430 [pool-59-thread-1] INFO  impl.RaftServerImpl (RaftServerImpl.java:setRole(184)) - 95f8ce0c-61f1-45b1-a4e7-5b97bbfe9a5b@group-D3AFFDC567C4: changes role from      null to FOLLOWER at term 0 for startAsFollower
2019-10-21 23:05:58,431 [pool-59-thread-1] INFO  impl.RoleInfo (RoleInfo.java:updateAndGet(143)) - 95f8ce0c-61f1-45b1-a4e7-5b97bbfe9a5b: start FollowerState
2019-10-21 23:05:58,431 [pool-59-thread-1] INFO  util.JmxRegister (JmxRegister.java:tryRegister(44)) - Successfully registered JMX Bean with object name Ratis:service=RaftServer,group=group-D3AFFDC567C4,id=95f8ce0c-61f1-45b1-a4e7-5b97bbfe9a5b
2019-10-21 23:05:58,433 [pool-37-thread-1] INFO  impl.RaftServerImpl (RaftServerImpl.java:start(195)) - 2c02d436-c6f2-4204-8248-e3d2779a79c3@group-D3AFFDC567C4: start as a follower, conf=-1: [8e5ceb90-17c7-416d-ba3b-e9af83490bf4:192.168.69.118:43663, 95f8ce0c-61f1-45b1-a4e7-5b97bbfe9a5b:192.168.69.118:45158, 2c02d436-c6f2-4204-8248-e3d2779a79c3:192.168.69.118:45342], old=null
2019-10-21 23:05:58,433 [pool-37-thread-1] INFO  impl.RaftServerImpl (RaftServerImpl.java:setRole(184)) - 2c02d436-c6f2-4204-8248-e3d2779a79c3@group-D3AFFDC567C4: changes role from      null to FOLLOWER at term 0 for startAsFollower
2019-10-21 23:05:58,433 [pool-37-thread-1] INFO  impl.RoleInfo (RoleInfo.java:updateAndGet(143)) - 2c02d436-c6f2-4204-8248-e3d2779a79c3: start FollowerState
2019-10-21 23:05:58,434 [pool-37-thread-1] INFO  util.JmxRegister (JmxRegister.java:tryRegister(44)) - Successfully registered JMX Bean with object name Ratis:service=RaftServer,group=group-D3AFFDC567C4,id=2c02d436-c6f2-4204-8248-e3d2779a79c3
2019-10-21 23:05:58,434 [pool-27-thread-1] INFO  impl.RaftServerImpl (RaftServerImpl.java:start(195)) - 8e5ceb90-17c7-416d-ba3b-e9af83490bf4@group-D3AFFDC567C4: start as a follower, conf=-1: [8e5ceb90-17c7-416d-ba3b-e9af83490bf4:192.168.69.118:43663, 95f8ce0c-61f1-45b1-a4e7-5b97bbfe9a5b:192.168.69.118:45158, 2c02d436-c6f2-4204-8248-e3d2779a79c3:192.168.69.118:45342], old=null
2019-10-21 23:05:58,434 [pool-27-thread-1] INFO  impl.RaftServerImpl (RaftServerImpl.java:setRole(184)) - 8e5ceb90-17c7-416d-ba3b-e9af83490bf4@group-D3AFFDC567C4: changes role from      null to FOLLOWER at term 0 for startAsFollower
2019-10-21 23:05:58,434 [pool-27-thread-1] INFO  impl.RoleInfo (RoleInfo.java:updateAndGet(143)) - 8e5ceb90-17c7-416d-ba3b-e9af83490bf4: start FollowerState
2019-10-21 23:05:58,435 [pool-27-thread-1] INFO  util.JmxRegister (JmxRegister.java:tryRegister(44)) - Successfully registered JMX Bean with object name Ratis:service=RaftServer,group=group-D3AFFDC567C4,id=8e5ceb90-17c7-416d-ba3b-e9af83490bf4
2019-10-21 23:05:58,438 [95f8ce0c-61f1-45b1-a4e7-5b97bbfe9a5b@group-42F4DB484925-SegmentedRaftLogWorker] INFO  segmented.SegmentedRaftLogWorker (SegmentedRaftLogWorker.java:execute(576)) - 95f8ce0c-61f1-45b1-a4e7-5b97bbfe9a5b@group-42F4DB484925-SegmentedRaftLogWorker: created new log segment /workdir/hadoop-ozone/integration-test/target/test-dir/MiniOzoneClusterImpl-a7a400a2-5f0e-446d-a613-255cd6ec9d67/datanode-2/data/ratis/1bd46d62-f466-4179-bee7-42f4db484925/current/log_inprogress_0
2019-10-21 23:05:58,439 [Thread-761] INFO  impl.FollowerState (FollowerState.java:run(108)) - 8e5ceb90-17c7-416d-ba3b-e9af83490bf4@group-D3AFFDC567C4-FollowerState: change to CANDIDATE, lastRpcTime:5ms, electionTimeout:4ms
2019-10-21 23:05:58,440 [Thread-761] INFO  impl.RoleInfo (RoleInfo.java:shutdownFollowerState(121)) - 8e5ceb90-17c7-416d-ba3b-e9af83490bf4: shutdown FollowerState
2019-10-21 23:05:58,440 [Thread-761] INFO  impl.RaftServerImpl (RaftServerImpl.java:setRole(184)) - 8e5ceb90-17c7-416d-ba3b-e9af83490bf4@group-D3AFFDC567C4: changes role from  FOLLOWER to CANDIDATE at term 0 for changeToCandidate
2019-10-21 23:05:58,440 [Thread-761] INFO  impl.RoleInfo (RoleInfo.java:updateAndGet(143)) - 8e5ceb90-17c7-416d-ba3b-e9af83490bf4: start LeaderElection
2019-10-21 23:05:58,450 [Thread-767] INFO  client.GrpcClientProtocolService (GrpcClientProtocolService.java:lambda$processClientRequest$0(278)) - Failed RaftClientRequest:client-0013CC304CD3->95f8ce0c-61f1-45b1-a4e7-5b97bbfe9a5b@group-60CA7EC77FF7, cid=10, seq=0, Watch-ALL_COMMITTED(6), Message:<EMPTY>, reply=RaftClientReply:client-0013CC304CD3->95f8ce0c-61f1-45b1-a4e7-5b97bbfe9a5b@group-60CA7EC77FF7, cid=10, FAILED org.apache.ratis.protocol.NotLeaderException: Server 95f8ce0c-61f1-45b1-a4e7-5b97bbfe9a5b@group-60CA7EC77FF7 is not the leader, logIndex=0, commits[95f8ce0c-61f1-45b1-a4e7-5b97bbfe9a5b:c3]
2019-10-21 23:05:58,450 [RatisPipelineUtilsThread] INFO  pipeline.PipelineStateManager (PipelineStateManager.java:addPipeline(56)) - Created pipeline Pipeline[ Id: d7d7148a-e506-4d51-aaab-d3affdc567c4, Nodes: 2c02d436-c6f2-4204-8248-e3d2779a79c3{ip: 192.168.69.118, host: pr-hdds-2131-w2fms-3313293055, networkLocation: /default-rack, certSerialId: null}95f8ce0c-61f1-45b1-a4e7-5b97bbfe9a5b{ip: 192.168.69.118, host: pr-hdds-2131-w2fms-3313293055, networkLocation: /default-rack, certSerialId: null}8e5ceb90-17c7-416d-ba3b-e9af83490bf4{ip: 192.168.69.118, host: pr-hdds-2131-w2fms-3313293055, networkLocation: /default-rack, certSerialId: null}, Type:RATIS, Factor:THREE, State:OPEN]
2019-10-21 23:05:58,452 [8e5ceb90-17c7-416d-ba3b-e9af83490bf4@group-D3AFFDC567C4-LeaderElection34] INFO  impl.LeaderElection (LeaderElection.java:askForVotes(178)) - 8e5ceb90-17c7-416d-ba3b-e9af83490bf4@group-D3AFFDC567C4-LeaderElection34: begin an election at term 1 for -1: [8e5ceb90-17c7-416d-ba3b-e9af83490bf4:192.168.69.118:43663, 95f8ce0c-61f1-45b1-a4e7-5b97bbfe9a5b:192.168.69.118:45158, 2c02d436-c6f2-4204-8248-e3d2779a79c3:192.168.69.118:45342], old=null
2019-10-21 23:05:58,464 [8e5ceb90-17c7-416d-ba3b-e9af83490bf4@group-D3AFFDC567C4-LeaderElection34] INFO  impl.LeaderElection (LeaderElection.java:logAndReturn(56)) - 8e5ceb90-17c7-416d-ba3b-e9af83490bf4@group-D3AFFDC567C4-LeaderElection34: Election TIMEOUT; received 0 response(s) [] and 0 exception(s); 8e5ceb90-17c7-416d-ba3b-e9af83490bf4@group-D3AFFDC567C4:t1, leader=null, voted=8e5ceb90-17c7-416d-ba3b-e9af83490bf4, raftlog=8e5ceb90-17c7-416d-ba3b-e9af83490bf4@group-D3AFFDC567C4-SegmentedRaftLog:OPENED:c-1,f-1,i0, conf=-1: [8e5ceb90-17c7-416d-ba3b-e9af83490bf4:192.168.69.118:43663, 95f8ce0c-61f1-45b1-a4e7-5b97bbfe9a5b:192.168.69.118:45158, 2c02d436-c6f2-4204-8248-e3d2779a79c3:192.168.69.118:45342], old=null
2019-10-21 23:05:58,471 [8e5ceb90-17c7-416d-ba3b-e9af83490bf4@group-D3AFFDC567C4-LeaderElection34] INFO  impl.LeaderElection (LeaderElection.java:askForVotes(178)) - 8e5ceb90-17c7-416d-ba3b-e9af83490bf4@group-D3AFFDC567C4-LeaderElection34: begin an election at term 2 for -1: [8e5ceb90-17c7-416d-ba3b-e9af83490bf4:192.168.69.118:43663, 95f8ce0c-61f1-45b1-a4e7-5b97bbfe9a5b:192.168.69.118:45158, 2c02d436-c6f2-4204-8248-e3d2779a79c3:192.168.69.118:45342], old=null
2019-10-21 23:05:58,475 [grpc-default-executor-6] INFO  impl.RaftServerImpl (RaftServerImpl.java:setRole(184)) - 2c02d436-c6f2-4204-8248-e3d2779a79c3@group-D3AFFDC567C4: changes role from  FOLLOWER to FOLLOWER at term 1 for recognizeCandidate:8e5ceb90-17c7-416d-ba3b-e9af83490bf4
2019-10-21 23:05:58,476 [grpc-default-executor-6] INFO  impl.RoleInfo (RoleInfo.java:shutdownFollowerState(121)) - 2c02d436-c6f2-4204-8248-e3d2779a79c3: shutdown FollowerState
2019-10-21 23:05:58,476 [grpc-default-executor-6] INFO  impl.RoleInfo (RoleInfo.java:updateAndGet(143)) - 2c02d436-c6f2-4204-8248-e3d2779a79c3: start FollowerState
2019-10-21 23:05:58,476 [Thread-760] INFO  impl.FollowerState (FollowerState.java:run(117)) - 2c02d436-c6f2-4204-8248-e3d2779a79c3@group-D3AFFDC567C4-FollowerState was interrupted: java.lang.InterruptedException: sleep interrupted
2019-10-21 23:05:58,477 [grpc-default-executor-7] INFO  impl.RaftServerImpl (RaftServerImpl.java:setRole(184)) - 95f8ce0c-61f1-45b1-a4e7-5b97bbfe9a5b@group-D3AFFDC567C4: changes role from  FOLLOWER to FOLLOWER at term 1 for recognizeCandidate:8e5ceb90-17c7-416d-ba3b-e9af83490bf4
2019-10-21 23:05:58,477 [grpc-default-executor-7] INFO  impl.RoleInfo (RoleInfo.java:shutdownFollowerState(121)) - 95f8ce0c-61f1-45b1-a4e7-5b97bbfe9a5b: shutdown FollowerState
2019-10-21 23:05:58,477 [grpc-default-executor-7] INFO  impl.RoleInfo (RoleInfo.java:updateAndGet(143)) - 95f8ce0c-61f1-45b1-a4e7-5b97bbfe9a5b: start FollowerState
2019-10-21 23:05:58,477 [Thread-759] INFO  impl.FollowerState (FollowerState.java:run(117)) - 95f8ce0c-61f1-45b1-a4e7-5b97bbfe9a5b@group-D3AFFDC567C4-FollowerState was interrupted: java.lang.InterruptedException: sleep interrupted
2019-10-21 23:05:58,488 [8e5ceb90-17c7-416d-ba3b-e9af83490bf4@group-D3AFFDC567C4-LeaderElection34] INFO  impl.LeaderElection (LeaderElection.java:logAndReturn(56)) - 8e5ceb90-17c7-416d-ba3b-e9af83490bf4@group-D3AFFDC567C4-LeaderElection34: Election TIMEOUT; received 0 response(s) [] and 0 exception(s); 8e5ceb90-17c7-416d-ba3b-e9af83490bf4@group-D3AFFDC567C4:t2, leader=null, voted=8e5ceb90-17c7-416d-ba3b-e9af83490bf4, raftlog=8e5ceb90-17c7-416d-ba3b-e9af83490bf4@group-D3AFFDC567C4-SegmentedRaftLog:OPENED:c-1,f-1,i0, conf=-1: [8e5ceb90-17c7-416d-ba3b-e9af83490bf4:192.168.69.118:43663, 95f8ce0c-61f1-45b1-a4e7-5b97bbfe9a5b:192.168.69.118:45158, 2c02d436-c6f2-4204-8248-e3d2779a79c3:192.168.69.118:45342], old=null
2019-10-21 23:05:58,492 [8e5ceb90-17c7-416d-ba3b-e9af83490bf4@group-D3AFFDC567C4-LeaderElection34] INFO  impl.LeaderElection (LeaderElection.java:askForVotes(178)) - 8e5ceb90-17c7-416d-ba3b-e9af83490bf4@group-D3AFFDC567C4-LeaderElection34: begin an election at term 3 for -1: [8e5ceb90-17c7-416d-ba3b-e9af83490bf4:192.168.69.118:43663, 95f8ce0c-61f1-45b1-a4e7-5b97bbfe9a5b:192.168.69.118:45158, 2c02d436-c6f2-4204-8248-e3d2779a79c3:192.168.69.118:45342], old=null
2019-10-21 23:05:58,492 [grpc-default-executor-8] INFO  impl.RaftServerImpl (RaftServerImpl.java:setRole(184)) - 95f8ce0c-61f1-45b1-a4e7-5b97bbfe9a5b@group-D3AFFDC567C4: changes role from  FOLLOWER to FOLLOWER at term 2 for recognizeCandidate:8e5ceb90-17c7-416d-ba3b-e9af83490bf4
2019-10-21 23:05:58,492 [grpc-default-executor-1] INFO  impl.RaftServerImpl (RaftServerImpl.java:setRole(184)) - 2c02d436-c6f2-4204-8248-e3d2779a79c3@group-D3AFFDC567C4: changes role from  FOLLOWER to FOLLOWER at term 2 for recognizeCandidate:8e5ceb90-17c7-416d-ba3b-e9af83490bf4
2019-10-21 23:05:58,493 [grpc-default-executor-8] INFO  impl.RoleInfo (RoleInfo.java:shutdownFollowerState(121)) - 95f8ce0c-61f1-45b1-a4e7-5b97bbfe9a5b: shutdown FollowerState
2019-10-21 23:05:58,493 [grpc-default-executor-1] INFO  impl.RoleInfo (RoleInfo.java:shutdownFollowerState(121)) - 2c02d436-c6f2-4204-8248-e3d2779a79c3: shutdown FollowerState
2019-10-21 23:05:58,493 [Thread-774] INFO  impl.FollowerState (FollowerState.java:run(117)) - 95f8ce0c-61f1-45b1-a4e7-5b97bbfe9a5b@group-D3AFFDC567C4-FollowerState was interrupted: java.lang.InterruptedException: sleep interrupted
2019-10-21 23:05:58,493 [8e5ceb90-17c7-416d-ba3b-e9af83490bf4@group-D3AFFDC567C4-LeaderElection34] INFO  impl.LeaderElection (LeaderElection.java:logAndReturn(56)) - 8e5ceb90-17c7-416d-ba3b-e9af83490bf4@group-D3AFFDC567C4-LeaderElection34: Election TIMEOUT; received 0 response(s) [] and 0 exception(s); 8e5ceb90-17c7-416d-ba3b-e9af83490bf4@group-D3AFFDC567C4:t3, leader=null, voted=8e5ceb90-17c7-416d-ba3b-e9af83490bf4, raftlog=8e5ceb90-17c7-416d-ba3b-e9af83490bf4@group-D3AFFDC567C4-SegmentedRaftLog:OPENED:c-1,f-1,i0, conf=-1: [8e5ceb90-17c7-416d-ba3b-e9af83490bf4:192.168.69.118:43663, 95f8ce0c-61f1-45b1-a4e7-5b97bbfe9a5b:192.168.69.118:45158, 2c02d436-c6f2-4204-8248-e3d2779a79c3:192.168.69.118:45342], old=null
2019-10-21 23:05:58,493 [grpc-default-executor-8] INFO  impl.RoleInfo (RoleInfo.java:updateAndGet(143)) - 95f8ce0c-61f1-45b1-a4e7-5b97bbfe9a5b: start FollowerState
2019-10-21 23:05:58,493 [grpc-default-executor-1] INFO  impl.RoleInfo (RoleInfo.java:updateAndGet(143)) - 2c02d436-c6f2-4204-8248-e3d2779a79c3: start FollowerState
2019-10-21 23:05:58,493 [Thread-773] INFO  impl.FollowerState (FollowerState.java:run(117)) - 2c02d436-c6f2-4204-8248-e3d2779a79c3@group-D3AFFDC567C4-FollowerState was interrupted: java.lang.InterruptedException: sleep interrupted
2019-10-21 23:05:58,509 [8e5ceb90-17c7-416d-ba3b-e9af83490bf4@group-D3AFFDC567C4-LeaderElection34] INFO  impl.LeaderElection (LeaderElection.java:askForVotes(178)) - 8e5ceb90-17c7-416d-ba3b-e9af83490bf4@group-D3AFFDC567C4-LeaderElection34: begin an election at term 4 for -1: [8e5ceb90-17c7-416d-ba3b-e9af83490bf4:192.168.69.118:43663, 95f8ce0c-61f1-45b1-a4e7-5b97bbfe9a5b:192.168.69.118:45158, 2c02d436-c6f2-4204-8248-e3d2779a79c3:192.168.69.118:45342], old=null
2019-10-21 23:05:58,509 [grpc-default-executor-7] INFO  impl.RaftServerImpl (RaftServerImpl.java:setRole(184)) - 95f8ce0c-61f1-45b1-a4e7-5b97bbfe9a5b@group-D3AFFDC567C4: changes role from  FOLLOWER to FOLLOWER at term 3 for recognizeCandidate:8e5ceb90-17c7-416d-ba3b-e9af83490bf4
2019-10-21 23:05:58,509 [grpc-default-executor-6] INFO  impl.RaftServerImpl (RaftServerImpl.java:setRole(184)) - 2c02d436-c6f2-4204-8248-e3d2779a79c3@group-D3AFFDC567C4: changes role from  FOLLOWER to FOLLOWER at term 3 for recognizeCandidate:8e5ceb90-17c7-416d-ba3b-e9af83490bf4
2019-10-21 23:05:58,509 [grpc-default-executor-7] INFO  impl.RoleInfo (RoleInfo.java:shutdownFollowerState(121)) - 95f8ce0c-61f1-45b1-a4e7-5b97bbfe9a5b: shutdown FollowerState
2019-10-21 23:05:58,509 [grpc-default-executor-6] INFO  impl.RoleInfo (RoleInfo.java:shutdownFollowerState(121)) - 2c02d436-c6f2-4204-8248-e3d2779a79c3: shutdown FollowerState
2019-10-21 23:05:58,510 [Thread-777] INFO  impl.FollowerState (FollowerState.java:run(117)) - 95f8ce0c-61f1-45b1-a4e7-5b97bbfe9a5b@group-D3AFFDC567C4-FollowerState was interrupted: java.lang.InterruptedException: sleep interrupted
2019-10-21 23:05:58,509 [grpc-default-executor-7] INFO  impl.RoleInfo (RoleInfo.java:updateAndGet(143)) - 95f8ce0c-61f1-45b1-a4e7-5b97bbfe9a5b: start FollowerState
2019-10-21 23:05:58,510 [Thread-778] INFO  impl.FollowerState (FollowerState.java:run(117)) - 2c02d436-c6f2-4204-8248-e3d2779a79c3@group-D3AFFDC567C4-FollowerState was interrupted: java.lang.InterruptedException: sleep interrupted
2019-10-21 23:05:58,510 [grpc-default-executor-6] INFO  impl.RoleInfo (RoleInfo.java:updateAndGet(143)) - 2c02d436-c6f2-4204-8248-e3d2779a79c3: start FollowerState
2019-10-21 23:05:58,545 [Thread-782] INFO  impl.FollowerState (FollowerState.java:run(108)) - 2c02d436-c6f2-4204-8248-e3d2779a79c3@group-D3AFFDC567C4-FollowerState: change to CANDIDATE, lastRpcTime:35ms, electionTimeout:32ms
2019-10-21 23:05:58,545 [grpc-default-executor-8] INFO  impl.RaftServerImpl (RaftServerImpl.java:setRole(184)) - 95f8ce0c-61f1-45b1-a4e7-5b97bbfe9a5b@group-D3AFFDC567C4: changes role from  FOLLOWER to FOLLOWER at term 4 for recognizeCandidate:8e5ceb90-17c7-416d-ba3b-e9af83490bf4
2019-10-21 23:05:58,545 [Thread-782] INFO  impl.RoleInfo (RoleInfo.java:shutdownFollowerState(121)) - 2c02d436-c6f2-4204-8248-e3d2779a79c3: shutdown FollowerState
2019-10-21 23:05:58,545 [grpc-default-executor-8] INFO  impl.RoleInfo (RoleInfo.java:shutdownFollowerState(121)) - 95f8ce0c-61f1-45b1-a4e7-5b97bbfe9a5b: shutdown FollowerState
2019-10-21 23:05:58,545 [Thread-782] INFO  impl.RaftServerImpl (RaftServerImpl.java:setRole(184)) - 2c02d436-c6f2-4204-8248-e3d2779a79c3@group-D3AFFDC567C4: changes role from  FOLLOWER to CANDIDATE at term 3 for changeToCandidate
2019-10-21 23:05:58,546 [grpc-default-executor-8] INFO  impl.RoleInfo (RoleInfo.java:updateAndGet(143)) - 95f8ce0c-61f1-45b1-a4e7-5b97bbfe9a5b: start FollowerState
2019-10-21 23:05:58,546 [Thread-782] INFO  impl.RoleInfo (RoleInfo.java:updateAndGet(143)) - 2c02d436-c6f2-4204-8248-e3d2779a79c3: start LeaderElection
2019-10-21 23:05:58,546 [Thread-781] INFO  impl.FollowerState (FollowerState.java:run(117)) - 95f8ce0c-61f1-45b1-a4e7-5b97bbfe9a5b@group-D3AFFDC567C4-FollowerState was interrupted: java.lang.InterruptedException: sleep interrupted
2019-10-21 23:05:58,546 [grpc-default-executor-1] INFO  impl.RaftServerImpl (RaftServerImpl.java:setRole(184)) - 2c02d436-c6f2-4204-8248-e3d2779a79c3@group-D3AFFDC567C4: changes role from CANDIDATE to FOLLOWER at term 4 for recognizeCandidate:8e5ceb90-17c7-416d-ba3b-e9af83490bf4
2019-10-21 23:05:58,546 [grpc-default-executor-1] INFO  impl.RoleInfo (RoleInfo.java:shutdownLeaderElection(134)) - 2c02d436-c6f2-4204-8248-e3d2779a79c3: shutdown LeaderElection
2019-10-21 23:05:58,546 [grpc-default-executor-1] INFO  impl.RoleInfo (RoleInfo.java:updateAndGet(143)) - 2c02d436-c6f2-4204-8248-e3d2779a79c3: start FollowerState
2019-10-21 23:05:58,561 [8e5ceb90-17c7-416d-ba3b-e9af83490bf4@group-D3AFFDC567C4-LeaderElection34] INFO  impl.LeaderElection (LeaderElection.java:logAndReturn(56)) - 8e5ceb90-17c7-416d-ba3b-e9af83490bf4@group-D3AFFDC567C4-LeaderElection34: Election PASSED; received 2 response(s) [8e5ceb90-17c7-416d-ba3b-e9af83490bf4<-95f8ce0c-61f1-45b1-a4e7-5b97bbfe9a5b#0:OK-t4, 8e5ceb90-17c7-416d-ba3b-e9af83490bf4<-2c02d436-c6f2-4204-8248-e3d2779a79c3#0:FAIL-t4] and 0 exception(s); 8e5ceb90-17c7-416d-ba3b-e9af83490bf4@group-D3AFFDC567C4:t4, leader=null, voted=8e5ceb90-17c7-416d-ba3b-e9af83490bf4, raftlog=8e5ceb90-17c7-416d-ba3b-e9af83490bf4@group-D3AFFDC567C4-SegmentedRaftLog:OPENED:c-1,f-1,i0, conf=-1: [8e5ceb90-17c7-416d-ba3b-e9af83490bf4:192.168.69.118:43663, 95f8ce0c-61f1-45b1-a4e7-5b97bbfe9a5b:192.168.69.118:45158, 2c02d436-c6f2-4204-8248-e3d2779a79c3:192.168.69.118:45342], old=null
2019-10-21 23:05:58,561 [8e5ceb90-17c7-416d-ba3b-e9af83490bf4@group-D3AFFDC567C4-LeaderElection34] INFO  impl.RoleInfo (RoleInfo.java:shutdownLeaderElection(134)) - 8e5ceb90-17c7-416d-ba3b-e9af83490bf4: shutdown LeaderElection
2019-10-21 23:05:58,561 [8e5ceb90-17c7-416d-ba3b-e9af83490bf4@group-D3AFFDC567C4-LeaderElection34] INFO  impl.RaftServerImpl (RaftServerImpl.java:setRole(184)) - 8e5ceb90-17c7-416d-ba3b-e9af83490bf4@group-D3AFFDC567C4: changes role from CANDIDATE to LEADER at term 4 for changeToLeader
2019-10-21 23:05:58,561 [8e5ceb90-17c7-416d-ba3b-e9af83490bf4@group-D3AFFDC567C4-LeaderElection34] INFO  impl.RaftServerImpl (ServerState.java:setLeader(256)) - 8e5ceb90-17c7-416d-ba3b-e9af83490bf4@group-D3AFFDC567C4: change Leader from null to 8e5ceb90-17c7-416d-ba3b-e9af83490bf4 at term 4 for becomeLeader, leader elected after 155ms
2019-10-21 23:05:58,561 [8e5ceb90-17c7-416d-ba3b-e9af83490bf4@group-D3AFFDC567C4-LeaderElection34] INFO  server.RaftServerConfigKeys (ConfUtils.java:logGet(43)) - raft.server.staging.catchup.gap = 1000 (default)
2019-10-21 23:05:58,561 [8e5ceb90-17c7-416d-ba3b-e9af83490bf4@group-D3AFFDC567C4-LeaderElection34] INFO  server.RaftServerConfigKeys (ConfUtils.java:logGet(43)) - raft.server.rpc.sleep.time = 25ms (default)
2019-10-21 23:05:58,561 [8e5ceb90-17c7-416d-ba3b-e9af83490bf4@group-D3AFFDC567C4-LeaderElection34] INFO  server.RaftServerConfigKeys (ConfUtils.java:logGet(43)) - raft.server.write.element-limit = 4096 (default)
2019-10-21 23:05:58,562 [8e5ceb90-17c7-416d-ba3b-e9af83490bf4@group-D3AFFDC567C4-LeaderElection34] INFO  server.RaftServerConfigKeys (ConfUtils.java:logGet(43)) - raft.server.watch.timeout = 10s (default)
2019-10-21 23:05:58,562 [8e5ceb90-17c7-416d-ba3b-e9af83490bf4@group-D3AFFDC567C4-LeaderElection34] INFO  server.RaftServerConfigKeys (ConfUtils.java:logGet(43)) - raft.server.watch.timeout.denomination = 1s (default)
2019-10-21 23:05:58,562 [8e5ceb90-17c7-416d-ba3b-e9af83490bf4@group-D3AFFDC567C4-LeaderElection34] INFO  server.RaftServerConfigKeys (ConfUtils.java:logGet(43)) - raft.server.watch.element-limit = 65536 (default)
2019-10-21 23:05:58,564 [8e5ceb90-17c7-416d-ba3b-e9af83490bf4@group-D3AFFDC567C4-LeaderElection34] INFO  server.RaftServerConfigKeys (ConfUtils.java:logGet(43)) - raft.server.log.appender.snapshot.chunk.size.max = 16MB (=16777216) (default)
2019-10-21 23:05:58,564 [8e5ceb90-17c7-416d-ba3b-e9af83490bf4@group-D3AFFDC567C4-LeaderElection34] INFO  server.RaftServerConfigKeys (ConfUtils.java:logGet(43)) - raft.server.log.appender.buffer.byte-limit = 33554432 (custom)
2019-10-21 23:05:58,564 [8e5ceb90-17c7-416d-ba3b-e9af83490bf4@group-D3AFFDC567C4-LeaderElection34] INFO  server.RaftServerConfigKeys (ConfUtils.java:logGet(43)) - raft.server.log.appender.buffer.element-limit = 1 (custom)
2019-10-21 23:05:58,564 [8e5ceb90-17c7-416d-ba3b-e9af83490bf4@group-D3AFFDC567C4-LeaderElection34] INFO  grpc.GrpcConfigKeys$Server (ConfUtils.java:logGet(43)) - raft.grpc.server.leader.outstanding.appends.max = 128 (default)
2019-10-21 23:05:58,564 [8e5ceb90-17c7-416d-ba3b-e9af83490bf4@group-D3AFFDC567C4-LeaderElection34] INFO  server.RaftServerConfigKeys (ConfUtils.java:logGet(43)) - raft.server.rpc.request.timeout = 3000ms (default)
2019-10-21 23:05:58,564 [8e5ceb90-17c7-416d-ba3b-e9af83490bf4@group-D3AFFDC567C4-LeaderElection34] INFO  server.RaftServerConfigKeys (ConfUtils.java:logGet(43)) - raft.server.log.appender.install.snapshot.enabled = false (custom)
2019-10-21 23:05:58,566 [8e5ceb90-17c7-416d-ba3b-e9af83490bf4@group-D3AFFDC567C4-LeaderElection34] INFO  server.RaftServerConfigKeys (ConfUtils.java:logGet(43)) - raft.server.log.appender.snapshot.chunk.size.max = 16MB (=16777216) (default)
2019-10-21 23:05:58,566 [8e5ceb90-17c7-416d-ba3b-e9af83490bf4@group-D3AFFDC567C4-LeaderElection34] INFO  server.RaftServerConfigKeys (ConfUtils.java:logGet(43)) - raft.server.log.appender.buffer.byte-limit = 33554432 (custom)
2019-10-21 23:05:58,566 [8e5ceb90-17c7-416d-ba3b-e9af83490bf4@group-D3AFFDC567C4-LeaderElection34] INFO  server.RaftServerConfigKeys (ConfUtils.java:logGet(43)) - raft.server.log.appender.buffer.element-limit = 1 (custom)
2019-10-21 23:05:58,566 [8e5ceb90-17c7-416d-ba3b-e9af83490bf4@group-D3AFFDC567C4-LeaderElection34] INFO  grpc.GrpcConfigKeys$Server (ConfUtils.java:logGet(43)) - raft.grpc.server.leader.outstanding.appends.max = 128 (default)
2019-10-21 23:05:58,566 [8e5ceb90-17c7-416d-ba3b-e9af83490bf4@group-D3AFFDC567C4-LeaderElection34] INFO  server.RaftServerConfigKeys (ConfUtils.java:logGet(43)) - raft.server.rpc.request.timeout = 3000ms (default)
2019-10-21 23:05:58,566 [8e5ceb90-17c7-416d-ba3b-e9af83490bf4@group-D3AFFDC567C4-LeaderElection34] INFO  server.RaftServerConfigKeys (ConfUtils.java:logGet(43)) - raft.server.log.appender.install.snapshot.enabled = false (custom)
2019-10-21 23:05:58,568 [8e5ceb90-17c7-416d-ba3b-e9af83490bf4@group-D3AFFDC567C4-LeaderElection34] INFO  impl.RoleInfo (RoleInfo.java:updateAndGet(143)) - 8e5ceb90-17c7-416d-ba3b-e9af83490bf4: start LeaderState
2019-10-21 23:05:58,568 [8e5ceb90-17c7-416d-ba3b-e9af83490bf4@group-D3AFFDC567C4-LeaderElection34] INFO  segmented.SegmentedRaftLogWorker (SegmentedRaftLogWorker.java:startLogSegment(385)) - 8e5ceb90-17c7-416d-ba3b-e9af83490bf4@group-D3AFFDC567C4-SegmentedRaftLogWorker: Starting segment from index:0
2019-10-21 23:05:58,569 [8e5ceb90-17c7-416d-ba3b-e9af83490bf4@group-D3AFFDC567C4-LeaderElection34] INFO  impl.RaftServerImpl (ServerState.java:setRaftConf(357)) - 8e5ceb90-17c7-416d-ba3b-e9af83490bf4@group-D3AFFDC567C4: set configuration 0: [8e5ceb90-17c7-416d-ba3b-e9af83490bf4:192.168.69.118:43663, 95f8ce0c-61f1-45b1-a4e7-5b97bbfe9a5b:192.168.69.118:45158, 2c02d436-c6f2-4204-8248-e3d2779a79c3:192.168.69.118:45342], old=null at 0
2019-10-21 23:05:58,570 [Thread-755] INFO  impl.FollowerState (FollowerState.java:run(108)) - 95f8ce0c-61f1-45b1-a4e7-5b97bbfe9a5b@group-60CA7EC77FF7-FollowerState: change to CANDIDATE, lastRpcTime:146ms, electionTimeout:146ms
2019-10-21 23:05:58,571 [Thread-755] INFO  impl.RoleInfo (RoleInfo.java:shutdownFollowerState(121)) - 95f8ce0c-61f1-45b1-a4e7-5b97bbfe9a5b: shutdown FollowerState
2019-10-21 23:05:58,571 [Thread-755] INFO  impl.RaftServerImpl (RaftServerImpl.java:setRole(184)) - 95f8ce0c-61f1-45b1-a4e7-5b97bbfe9a5b@group-60CA7EC77FF7: changes role from  FOLLOWER to CANDIDATE at term 32 for changeToCandidate
2019-10-21 23:05:58,571 [grpc-default-executor-1] INFO  impl.RaftServerImpl (ServerState.java:setLeader(256)) - 95f8ce0c-61f1-45b1-a4e7-5b97bbfe9a5b@group-D3AFFDC567C4: change Leader from null to 8e5ceb90-17c7-416d-ba3b-e9af83490bf4 at term 4 for appendEntries, leader elected after 165ms
2019-10-21 23:05:58,571 [Thread-755] INFO  impl.RoleInfo (RoleInfo.java:updateAndGet(143)) - 95f8ce0c-61f1-45b1-a4e7-5b97bbfe9a5b: start LeaderElection
2019-10-21 23:05:58,574 [grpc-default-executor-1] INFO  impl.RaftServerImpl (ServerState.java:setRaftConf(357)) - 95f8ce0c-61f1-45b1-a4e7-5b97bbfe9a5b@group-D3AFFDC567C4: set configuration 0: [8e5ceb90-17c7-416d-ba3b-e9af83490bf4:192.168.69.118:43663, 95f8ce0c-61f1-45b1-a4e7-5b97bbfe9a5b:192.168.69.118:45158, 2c02d436-c6f2-4204-8248-e3d2779a79c3:192.168.69.118:45342], old=null at 0
2019-10-21 23:05:58,574 [grpc-default-executor-1] INFO  segmented.SegmentedRaftLogWorker (SegmentedRaftLogWorker.java:startLogSegment(385)) - 95f8ce0c-61f1-45b1-a4e7-5b97bbfe9a5b@group-D3AFFDC567C4-SegmentedRaftLogWorker: Starting segment from index:0
2019-10-21 23:05:58,583 [95f8ce0c-61f1-45b1-a4e7-5b97bbfe9a5b@group-60CA7EC77FF7-LeaderElection36] INFO  impl.LeaderElection (LeaderElection.java:askForVotes(178)) - 95f8ce0c-61f1-45b1-a4e7-5b97bbfe9a5b@group-60CA7EC77FF7-LeaderElection36: begin an election at term 33 for 0: [8e5ceb90-17c7-416d-ba3b-e9af83490bf4:192.168.69.118:43663, 95f8ce0c-61f1-45b1-a4e7-5b97bbfe9a5b:192.168.69.118:45158, 2c02d436-c6f2-4204-8248-e3d2779a79c3:192.168.69.118:45342], old=null
2019-10-21 23:05:58,583 [2c02d436-c6f2-4204-8248-e3d2779a79c3@group-D3AFFDC567C4-LeaderElection35] INFO  impl.LeaderElection (LeaderElection.java:askForVotes(178)) - 2c02d436-c6f2-4204-8248-e3d2779a79c3@group-D3AFFDC567C4-LeaderElection35: begin an election at term 5 for -1: [8e5ceb90-17c7-416d-ba3b-e9af83490bf4:192.168.69.118:43663, 95f8ce0c-61f1-45b1-a4e7-5b97bbfe9a5b:192.168.69.118:45158, 2c02d436-c6f2-4204-8248-e3d2779a79c3:192.168.69.118:45342], old=null
2019-10-21 23:05:58,584 [2c02d436-c6f2-4204-8248-e3d2779a79c3@group-D3AFFDC567C4-LeaderElection35] INFO  impl.LeaderElection (LeaderElection.java:logAndReturn(56)) - 2c02d436-c6f2-4204-8248-e3d2779a79c3@group-D3AFFDC567C4-LeaderElection35: Election REJECTED; received 0 response(s) [] and 0 exception(s); 2c02d436-c6f2-4204-8248-e3d2779a79c3@group-D3AFFDC567C4:t5, leader=null, voted=2c02d436-c6f2-4204-8248-e3d2779a79c3, raftlog=2c02d436-c6f2-4204-8248-e3d2779a79c3@group-D3AFFDC567C4-SegmentedRaftLog:OPENED:c-1,f-1,i0, conf=-1: [8e5ceb90-17c7-416d-ba3b-e9af83490bf4:192.168.69.118:43663, 95f8ce0c-61f1-45b1-a4e7-5b97bbfe9a5b:192.168.69.118:45158, 2c02d436-c6f2-4204-8248-e3d2779a79c3:192.168.69.118:45342], old=null
2019-10-21 23:05:58,603 [Thread-786] INFO  impl.RaftServerImpl (ServerState.java:setLeader(256)) - 8e5ceb90-17c7-416d-ba3b-e9af83490bf4@group-D3AFFDC567C4: change Leader from 8e5ceb90-17c7-416d-ba3b-e9af83490bf4 to null at term 5 for updateCurrentTerm
2019-10-21 23:05:58,604 [Thread-786] INFO  impl.RaftServerImpl (RaftServerImpl.java:setRole(184)) - 8e5ceb90-17c7-416d-ba3b-e9af83490bf4@group-D3AFFDC567C4: changes role from    LEADER to FOLLOWER at term 5 for stepDown
2019-10-21 23:05:58,604 [Thread-786] INFO  impl.RoleInfo (RoleInfo.java:shutdownLeaderState(104)) - 8e5ceb90-17c7-416d-ba3b-e9af83490bf4: shutdown LeaderState
2019-10-21 23:05:58,605 [org.apache.ratis.server.impl.LogAppender$AppenderDaemon$$Lambda$388/1385193839@323ef8bc] WARN  server.GrpcLogAppender (GrpcLogAppender.java:mayWait(149)) - 8e5ceb90-17c7-416d-ba3b-e9af83490bf4@group-D3AFFDC567C4->2c02d436-c6f2-4204-8248-e3d2779a79c3-GrpcLogAppender: Wait interrupted by java.lang.InterruptedException
2019-10-21 23:05:58,605 [Thread-786] INFO  impl.PendingRequests (PendingRequests.java:sendNotLeaderResponses(202)) - 8e5ceb90-17c7-416d-ba3b-e9af83490bf4@group-D3AFFDC567C4-PendingRequests: sendNotLeaderResponses
2019-10-21 23:05:58,605 [grpc-default-executor-8] INFO  impl.RaftServerImpl (RaftServerImpl.java:setRole(184)) - 2c02d436-c6f2-4204-8248-e3d2779a79c3@group-60CA7EC77FF7: changes role from  FOLLOWER to FOLLOWER at term 33 for recognizeCandidate:95f8ce0c-61f1-45b1-a4e7-5b97bbfe9a5b
2019-10-21 23:05:58,606 [grpc-default-executor-8] INFO  impl.RoleInfo (RoleInfo.java:shutdownFollowerState(121)) - 2c02d436-c6f2-4204-8248-e3d2779a79c3: shutdown FollowerState
2019-10-21 23:05:58,605 [org.apache.ratis.server.impl.LogAppender$AppenderDaemon$$Lambda$388/1385193839@69ba426c] WARN  server.GrpcLogAppender (GrpcLogAppender.java:mayWait(149)) - 8e5ceb90-17c7-416d-ba3b-e9af83490bf4@group-D3AFFDC567C4->95f8ce0c-61f1-45b1-a4e7-5b97bbfe9a5b-GrpcLogAppender: Wait interrupted by java.lang.InterruptedException
2019-10-21 23:05:58,606 [Thread-754] INFO  impl.FollowerState (FollowerState.java:run(117)) - 2c02d436-c6f2-4204-8248-e3d2779a79c3@group-60CA7EC77FF7-FollowerState was interrupted: java.lang.InterruptedException: sleep interrupted
2019-10-21 23:05:58,606 [grpc-default-executor-7] INFO  server.GrpcServerProtocolService (GrpcServerProtocolService.java:onCompleted(113)) - 2c02d436-c6f2-4204-8248-e3d2779a79c3: Completed APPEND_ENTRIES, lastRequest: 8e5ceb90-17c7-416d-ba3b-e9af83490bf4->2c02d436-c6f2-4204-8248-e3d2779a79c3#0-t4, previous=(t:0, i:0), leaderCommit=-1, initializing? false, entries: <empty>
2019-10-21 23:05:58,606 [grpc-default-executor-1] INFO  impl.RaftServerImpl (RaftServerImpl.java:setRole(184)) - 8e5ceb90-17c7-416d-ba3b-e9af83490bf4@group-60CA7EC77FF7: changes role from  FOLLOWER to FOLLOWER at term 33 for recognizeCandidate:95f8ce0c-61f1-45b1-a4e7-5b97bbfe9a5b
2019-10-21 23:05:58,606 [grpc-default-executor-8] INFO  impl.RoleInfo (RoleInfo.java:updateAndGet(143)) - 2c02d436-c6f2-4204-8248-e3d2779a79c3: start FollowerState
2019-10-21 23:05:58,606 [Thread-786] INFO  impl.RoleInfo (RoleInfo.java:updateAndGet(143)) - 8e5ceb90-17c7-416d-ba3b-e9af83490bf4: start FollowerState
2019-10-21 23:05:58,607 [grpc-default-executor-1] INFO  impl.RoleInfo (RoleInfo.java:shutdownFollowerState(121)) - 8e5ceb90-17c7-416d-ba3b-e9af83490bf4: shutdown FollowerState
2019-10-21 23:05:58,606 [grpc-default-executor-6] INFO  server.GrpcServerProtocolService (GrpcServerProtocolService.java:onCompleted(113)) - 95f8ce0c-61f1-45b1-a4e7-5b97bbfe9a5b: Completed APPEND_ENTRIES, lastRequest: 8e5ceb90-17c7-416d-ba3b-e9af83490bf4->95f8ce0c-61f1-45b1-a4e7-5b97bbfe9a5b#1-t4, previous=(t:0, i:0), leaderCommit=-1, initializing? false, entries: size=1, first=(t:4, i:0), CONFIGURATIONENTRY
2019-10-21 23:05:58,607 [grpc-default-executor-1] INFO  impl.RoleInfo (RoleInfo.java:updateAndGet(143)) - 8e5ceb90-17c7-416d-ba3b-e9af83490bf4: start FollowerState
2019-10-21 23:05:58,607 [Thread-753] INFO  impl.FollowerState (FollowerState.java:run(117)) - 8e5ceb90-17c7-416d-ba3b-e9af83490bf4@group-60CA7EC77FF7-FollowerState was interrupted: java.lang.InterruptedException: sleep interrupted
2019-10-21 23:05:58,607 [grpc-default-executor-0] INFO  server.GrpcLogAppender (GrpcLogAppender.java:onCompleted(308)) - 8e5ceb90-17c7-416d-ba3b-e9af83490bf4@group-D3AFFDC567C4->2c02d436-c6f2-4204-8248-e3d2779a79c3-AppendLogResponseHandler: follower responses appendEntries COMPLETED
2019-10-21 23:05:58,607 [grpc-default-executor-7] INFO  impl.RaftServerImpl (ServerState.java:setLeader(256)) - 95f8ce0c-61f1-45b1-a4e7-5b97bbfe9a5b@group-D3AFFDC567C4: change Leader from 8e5ceb90-17c7-416d-ba3b-e9af83490bf4 to null at term 5 for updateCurrentTerm
2019-10-21 23:05:58,608 [grpc-default-executor-7] INFO  impl.RaftServerImpl (RaftServerImpl.java:setRole(184)) - 95f8ce0c-61f1-45b1-a4e7-5b97bbfe9a5b@group-D3AFFDC567C4: changes role from  FOLLOWER to FOLLOWER at term 5 for recognizeCandidate:2c02d436-c6f2-4204-8248-e3d2779a79c3
2019-10-21 23:05:58,608 [grpc-default-executor-7] INFO  impl.RoleInfo (RoleInfo.java:shutdownFollowerState(121)) - 95f8ce0c-61f1-45b1-a4e7-5b97bbfe9a5b: shutdown FollowerState
2019-10-21 23:05:58,609 [grpc-default-executor-0] INFO  impl.FollowerInfo (FollowerInfo.java:lambda$new$0(51)) - 8e5ceb90-17c7-416d-ba3b-e9af83490bf4@group-D3AFFDC567C4->2c02d436-c6f2-4204-8248-e3d2779a79c3: nextIndex: updateUnconditionally 0 -> 0
2019-10-21 23:05:58,609 [grpc-default-executor-9] INFO  server.GrpcLogAppender (GrpcLogAppender.java:onCompleted(308)) - 8e5ceb90-17c7-416d-ba3b-e9af83490bf4@group-D3AFFDC567C4->95f8ce0c-61f1-45b1-a4e7-5b97bbfe9a5b-AppendLogResponseHandler: follower responses appendEntries COMPLETED
2019-10-21 23:05:58,609 [Thread-783] INFO  impl.FollowerState (FollowerState.java:run(117)) - 95f8ce0c-61f1-45b1-a4e7-5b97bbfe9a5b@group-D3AFFDC567C4-FollowerState was interrupted: java.lang.InterruptedException: sleep interrupted
2019-10-21 23:05:58,609 [grpc-default-executor-7] INFO  impl.RoleInfo (RoleInfo.java:updateAndGet(143)) - 95f8ce0c-61f1-45b1-a4e7-5b97bbfe9a5b: start FollowerState
2019-10-21 23:05:58,610 [grpc-default-executor-9] INFO  impl.FollowerInfo (FollowerInfo.java:lambda$new$0(51)) - 8e5ceb90-17c7-416d-ba3b-e9af83490bf4@group-D3AFFDC567C4->95f8ce0c-61f1-45b1-a4e7-5b97bbfe9a5b: nextIndex: updateUnconditionally 1 -> 0
2019-10-21 23:05:58,616 [95f8ce0c-61f1-45b1-a4e7-5b97bbfe9a5b@group-D3AFFDC567C4-SegmentedRaftLogWorker] INFO  segmented.SegmentedRaftLogWorker (SegmentedRaftLogWorker.java:execute(576)) - 95f8ce0c-61f1-45b1-a4e7-5b97bbfe9a5b@group-D3AFFDC567C4-SegmentedRaftLogWorker: created new log segment /workdir/hadoop-ozone/integration-test/target/test-dir/MiniOzoneClusterImpl-a7a400a2-5f0e-446d-a613-255cd6ec9d67/datanode-2/data/ratis/d7d7148a-e506-4d51-aaab-d3affdc567c4/current/log_inprogress_0
2019-10-21 23:05:58,616 [8e5ceb90-17c7-416d-ba3b-e9af83490bf4@group-D3AFFDC567C4-SegmentedRaftLogWorker] INFO  segmented.SegmentedRaftLogWorker (SegmentedRaftLogWorker.java:execute(576)) - 8e5ceb90-17c7-416d-ba3b-e9af83490bf4@group-D3AFFDC567C4-SegmentedRaftLogWorker: created new log segment /workdir/hadoop-ozone/integration-test/target/test-dir/MiniOzoneClusterImpl-a7a400a2-5f0e-446d-a613-255cd6ec9d67/datanode-0/data/ratis/d7d7148a-e506-4d51-aaab-d3affdc567c4/current/log_inprogress_0
2019-10-21 23:05:58,617 [grpc-default-executor-6] INFO  impl.RaftServerImpl (RaftServerImpl.java:setRole(184)) - 8e5ceb90-17c7-416d-ba3b-e9af83490bf4@group-D3AFFDC567C4: changes role from  FOLLOWER to FOLLOWER at term 5 for recognizeCandidate:2c02d436-c6f2-4204-8248-e3d2779a79c3
2019-10-21 23:05:58,618 [grpc-default-executor-6] INFO  impl.RoleInfo (RoleInfo.java:shutdownFollowerState(121)) - 8e5ceb90-17c7-416d-ba3b-e9af83490bf4: shutdown FollowerState
2019-10-21 23:05:58,618 [grpc-default-executor-6] INFO  impl.RoleInfo (RoleInfo.java:updateAndGet(143)) - 8e5ceb90-17c7-416d-ba3b-e9af83490bf4: start FollowerState
2019-10-21 23:05:58,618 [Thread-797] INFO  impl.FollowerState (FollowerState.java:run(117)) - 8e5ceb90-17c7-416d-ba3b-e9af83490bf4@group-D3AFFDC567C4-FollowerState was interrupted: java.lang.InterruptedException: sleep interrupted
2019-10-21 23:05:58,622 [95f8ce0c-61f1-45b1-a4e7-5b97bbfe9a5b@group-60CA7EC77FF7-LeaderElection36] INFO  impl.LeaderElection (LeaderElection.java:logAndReturn(56)) - 95f8ce0c-61f1-45b1-a4e7-5b97bbfe9a5b@group-60CA7EC77FF7-LeaderElection36: Election REJECTED; received 2 response(s) [95f8ce0c-61f1-45b1-a4e7-5b97bbfe9a5b<-8e5ceb90-17c7-416d-ba3b-e9af83490bf4#0:FAIL-t33, 95f8ce0c-61f1-45b1-a4e7-5b97bbfe9a5b<-2c02d436-c6f2-4204-8248-e3d2779a79c3#0:FAIL-t33] and 0 exception(s); 95f8ce0c-61f1-45b1-a4e7-5b97bbfe9a5b@group-60CA7EC77FF7:t33, leader=null, voted=95f8ce0c-61f1-45b1-a4e7-5b97bbfe9a5b, raftlog=95f8ce0c-61f1-45b1-a4e7-5b97bbfe9a5b@group-60CA7EC77FF7-SegmentedRaftLog:OPENED:c3,f4,i4, conf=0: [8e5ceb90-17c7-416d-ba3b-e9af83490bf4:192.168.69.118:43663, 95f8ce0c-61f1-45b1-a4e7-5b97bbfe9a5b:192.168.69.118:45158, 2c02d436-c6f2-4204-8248-e3d2779a79c3:192.168.69.118:45342], old=null
2019-10-21 23:05:58,623 [95f8ce0c-61f1-45b1-a4e7-5b97bbfe9a5b@group-60CA7EC77FF7-LeaderElection36] INFO  impl.RaftServerImpl (RaftServerImpl.java:setRole(184)) - 95f8ce0c-61f1-45b1-a4e7-5b97bbfe9a5b@group-60CA7EC77FF7: changes role from CANDIDATE to FOLLOWER at term 33 for DISCOVERED_A_NEW_TERM
2019-10-21 23:05:58,623 [95f8ce0c-61f1-45b1-a4e7-5b97bbfe9a5b@group-60CA7EC77FF7-LeaderElection36] INFO  impl.RoleInfo (RoleInfo.java:shutdownLeaderElection(134)) - 95f8ce0c-61f1-45b1-a4e7-5b97bbfe9a5b: shutdown LeaderElection
2019-10-21 23:05:58,623 [95f8ce0c-61f1-45b1-a4e7-5b97bbfe9a5b@group-60CA7EC77FF7-LeaderElection36] INFO  impl.RoleInfo (RoleInfo.java:updateAndGet(143)) - 95f8ce0c-61f1-45b1-a4e7-5b97bbfe9a5b: start FollowerState
2019-10-21 23:05:58,656 [EventQueue-PendingDeleteStatusForPendingDeleteHandler] INFO  block.SCMBlockDeletingService (SCMBlockDeletingService.java:handlePendingDeletes(115)) - Block deletion txnID mismatch in datanode 95f8ce0c-61f1-45b1-a4e7-5b97bbfe9a5b for containerID 1. Datanode delete txnID: 0, SCM txnID: 1
2019-10-21 23:05:58,665 [pool-7-thread-1] INFO  commands.RetriableDatanodeEventWatcher (RetriableDatanodeEventWatcher.java:onTimeout(47)) - RetriableDatanodeCommand type=deleteBlocksCommand with id=1571699151551 timed out. Retrying.
2019-10-21 23:05:58,666 [pool-7-thread-4] INFO  commands.RetriableDatanodeEventWatcher (RetriableDatanodeEventWatcher.java:onTimeout(47)) - RetriableDatanodeCommand type=deleteBlocksCommand with id=1571699151559 timed out. Retrying.
2019-10-21 23:05:58,666 [pool-7-thread-5] INFO  commands.RetriableDatanodeEventWatcher (RetriableDatanodeEventWatcher.java:onTimeout(47)) - RetriableDatanodeCommand type=deleteBlocksCommand with id=1571699151555 timed out. Retrying.
2019-10-21 23:05:58,666 [pool-7-thread-2] INFO  commands.RetriableDatanodeEventWatcher (RetriableDatanodeEventWatcher.java:onTimeout(47)) - RetriableDatanodeCommand type=deleteBlocksCommand with id=1571699151558 timed out. Retrying.
2019-10-21 23:05:58,666 [pool-7-thread-6] INFO  commands.RetriableDatanodeEventWatcher (RetriableDatanodeEventWatcher.java:onTimeout(47)) - RetriableDatanodeCommand type=deleteBlocksCommand with id=1571699151554 timed out. Retrying.
2019-10-21 23:05:58,666 [SCMBlockDeletingService#0] INFO  block.SCMBlockDeletingService (SCMBlockDeletingService.java:call(184)) - Totally added 1 delete blocks command for 1 datanodes, task elapsed time: 1ms
2019-10-21 23:05:58,667 [pool-7-thread-1] INFO  commands.RetriableDatanodeEventWatcher (RetriableDatanodeEventWatcher.java:onTimeout(47)) - RetriableDatanodeCommand type=deleteBlocksCommand with id=1571699151557 timed out. Retrying.
2019-10-21 23:05:58,667 [Thread-785] INFO  impl.FollowerState (FollowerState.java:run(108)) - 2c02d436-c6f2-4204-8248-e3d2779a79c3@group-D3AFFDC567C4-FollowerState: change to CANDIDATE, lastRpcTime:120ms, electionTimeout:120ms
2019-10-21 23:05:58,667 [pool-7-thread-4] INFO  commands.RetriableDatanodeEventWatcher (RetriableDatanodeEventWatcher.java:onTimeout(47)) - RetriableDatanodeCommand type=deleteBlocksCommand with id=1571699151556 timed out. Retrying.
2019-10-21 23:05:58,667 [Thread-785] INFO  impl.RoleInfo (RoleInfo.java:shutdownFollowerState(121)) - 2c02d436-c6f2-4204-8248-e3d2779a79c3: shutdown FollowerState
2019-10-21 23:05:58,667 [Thread-785] INFO  impl.RaftServerImpl (RaftServerImpl.java:setRole(184)) - 2c02d436-c6f2-4204-8248-e3d2779a79c3@group-D3AFFDC567C4: changes role from  FOLLOWER to CANDIDATE at term 5 for changeToCandidate
2019-10-21 23:05:58,667 [Thread-785] INFO  impl.RoleInfo (RoleInfo.java:updateAndGet(143)) - 2c02d436-c6f2-4204-8248-e3d2779a79c3: start LeaderElection
2019-10-21 23:05:58,693 [2c02d436-c6f2-4204-8248-e3d2779a79c3@group-D3AFFDC567C4-LeaderElection37] INFO  impl.LeaderElection (LeaderElection.java:askForVotes(178)) - 2c02d436-c6f2-4204-8248-e3d2779a79c3@group-D3AFFDC567C4-LeaderElection37: begin an election at term 6 for -1: [8e5ceb90-17c7-416d-ba3b-e9af83490bf4:192.168.69.118:43663, 95f8ce0c-61f1-45b1-a4e7-5b97bbfe9a5b:192.168.69.118:45158, 2c02d436-c6f2-4204-8248-e3d2779a79c3:192.168.69.118:45342], old=null
2019-10-21 23:05:58,696 [grpc-default-executor-1] INFO  impl.RaftServerImpl (RaftServerImpl.java:setRole(184)) - 8e5ceb90-17c7-416d-ba3b-e9af83490bf4@group-D3AFFDC567C4: changes role from  FOLLOWER to FOLLOWER at term 6 for recognizeCandidate:2c02d436-c6f2-4204-8248-e3d2779a79c3
2019-10-21 23:05:58,696 [grpc-default-executor-6] INFO  impl.RaftServerImpl (RaftServerImpl.java:setRole(184)) - 95f8ce0c-61f1-45b1-a4e7-5b97bbfe9a5b@group-D3AFFDC567C4: changes role from  FOLLOWER to FOLLOWER at term 6 for recognizeCandidate:2c02d436-c6f2-4204-8248-e3d2779a79c3
2019-10-21 23:05:58,697 [grpc-default-executor-1] INFO  impl.RoleInfo (RoleInfo.java:shutdownFollowerState(121)) - 8e5ceb90-17c7-416d-ba3b-e9af83490bf4: shutdown FollowerState
2019-10-21 23:05:58,697 [grpc-default-executor-6] INFO  impl.RoleInfo (RoleInfo.java:shutdownFollowerState(121)) - 95f8ce0c-61f1-45b1-a4e7-5b97bbfe9a5b: shutdown FollowerState
2019-10-21 23:05:58,697 [grpc-default-executor-1] INFO  impl.RoleInfo (RoleInfo.java:updateAndGet(143)) - 8e5ceb90-17c7-416d-ba3b-e9af83490bf4: start FollowerState
2019-10-21 23:05:58,697 [Thread-800] INFO  impl.FollowerState (FollowerState.java:run(117)) - 95f8ce0c-61f1-45b1-a4e7-5b97bbfe9a5b@group-D3AFFDC567C4-FollowerState was interrupted: java.lang.InterruptedException: sleep interrupted
2019-10-21 23:05:58,697 [grpc-default-executor-6] INFO  impl.RoleInfo (RoleInfo.java:updateAndGet(143)) - 95f8ce0c-61f1-45b1-a4e7-5b97bbfe9a5b: start FollowerState
2019-10-21 23:05:58,697 [Thread-801] INFO  impl.FollowerState (FollowerState.java:run(117)) - 8e5ceb90-17c7-416d-ba3b-e9af83490bf4@group-D3AFFDC567C4-FollowerState was interrupted: java.lang.InterruptedException: sleep interrupted
2019-10-21 23:05:58,723 [2c02d436-c6f2-4204-8248-e3d2779a79c3@group-D3AFFDC567C4-LeaderElection37] INFO  impl.LeaderElection (LeaderElection.java:logAndReturn(56)) - 2c02d436-c6f2-4204-8248-e3d2779a79c3@group-D3AFFDC567C4-LeaderElection37: Election REJECTED; received 2 response(s) [2c02d436-c6f2-4204-8248-e3d2779a79c3<-8e5ceb90-17c7-416d-ba3b-e9af83490bf4#0:FAIL-t6, 2c02d436-c6f2-4204-8248-e3d2779a79c3<-95f8ce0c-61f1-45b1-a4e7-5b97bbfe9a5b#0:FAIL-t6] and 0 exception(s); 2c02d436-c6f2-4204-8248-e3d2779a79c3@group-D3AFFDC567C4:t6, leader=null, voted=2c02d436-c6f2-4204-8248-e3d2779a79c3, raftlog=2c02d436-c6f2-4204-8248-e3d2779a79c3@group-D3AFFDC567C4-SegmentedRaftLog:OPENED:c-1,f-1,i0, conf=-1: [8e5ceb90-17c7-416d-ba3b-e9af83490bf4:192.168.69.118:43663, 95f8ce0c-61f1-45b1-a4e7-5b97bbfe9a5b:192.168.69.118:45158, 2c02d436-c6f2-4204-8248-e3d2779a79c3:192.168.69.118:45342], old=null
2019-10-21 23:05:58,723 [2c02d436-c6f2-4204-8248-e3d2779a79c3@group-D3AFFDC567C4-LeaderElection37] INFO  impl.RaftServerImpl (RaftServerImpl.java:setRole(184)) - 2c02d436-c6f2-4204-8248-e3d2779a79c3@group-D3AFFDC567C4: changes role from CANDIDATE to FOLLOWER at term 6 for DISCOVERED_A_NEW_TERM
2019-10-21 23:05:58,723 [2c02d436-c6f2-4204-8248-e3d2779a79c3@group-D3AFFDC567C4-LeaderElection37] INFO  impl.RoleInfo (RoleInfo.java:shutdownLeaderElection(134)) - 2c02d436-c6f2-4204-8248-e3d2779a79c3: shutdown LeaderElection
2019-10-21 23:05:58,724 [2c02d436-c6f2-4204-8248-e3d2779a79c3@group-D3AFFDC567C4-LeaderElection37] INFO  impl.RoleInfo (RoleInfo.java:updateAndGet(143)) - 2c02d436-c6f2-4204-8248-e3d2779a79c3: start FollowerState
2019-10-21 23:05:58,740 [Thread-803] INFO  impl.FollowerState (FollowerState.java:run(108)) - 95f8ce0c-61f1-45b1-a4e7-5b97bbfe9a5b@group-60CA7EC77FF7-FollowerState: change to CANDIDATE, lastRpcTime:117ms, electionTimeout:117ms
2019-10-21 23:05:58,740 [Thread-803] INFO  impl.RoleInfo (RoleInfo.java:shutdownFollowerState(121)) - 95f8ce0c-61f1-45b1-a4e7-5b97bbfe9a5b: shutdown FollowerState
2019-10-21 23:05:58,741 [Thread-803] INFO  impl.RaftServerImpl (RaftServerImpl.java:setRole(184)) - 95f8ce0c-61f1-45b1-a4e7-5b97bbfe9a5b@group-60CA7EC77FF7: changes role from  FOLLOWER to CANDIDATE at term 33 for changeToCandidate
2019-10-21 23:05:58,741 [Thread-803] INFO  impl.RoleInfo (RoleInfo.java:updateAndGet(143)) - 95f8ce0c-61f1-45b1-a4e7-5b97bbfe9a5b: start LeaderElection
2019-10-21 23:05:58,754 [95f8ce0c-61f1-45b1-a4e7-5b97bbfe9a5b@group-60CA7EC77FF7-LeaderElection38] INFO  impl.LeaderElection (LeaderElection.java:askForVotes(178)) - 95f8ce0c-61f1-45b1-a4e7-5b97bbfe9a5b@group-60CA7EC77FF7-LeaderElection38: begin an election at term 34 for 0: [8e5ceb90-17c7-416d-ba3b-e9af83490bf4:192.168.69.118:43663, 95f8ce0c-61f1-45b1-a4e7-5b97bbfe9a5b:192.168.69.118:45158, 2c02d436-c6f2-4204-8248-e3d2779a79c3:192.168.69.118:45342], old=null
2019-10-21 23:05:58,758 [grpc-default-executor-1] INFO  impl.RaftServerImpl (RaftServerImpl.java:setRole(184)) - 8e5ceb90-17c7-416d-ba3b-e9af83490bf4@group-60CA7EC77FF7: changes role from  FOLLOWER to FOLLOWER at term 34 for recognizeCandidate:95f8ce0c-61f1-45b1-a4e7-5b97bbfe9a5b
2019-10-21 23:05:58,758 [grpc-default-executor-6] INFO  impl.RaftServerImpl (RaftServerImpl.java:setRole(184)) - 2c02d436-c6f2-4204-8248-e3d2779a79c3@group-60CA7EC77FF7: changes role from  FOLLOWER to FOLLOWER at term 34 for recognizeCandidate:95f8ce0c-61f1-45b1-a4e7-5b97bbfe9a5b
2019-10-21 23:05:58,758 [grpc-default-executor-1] INFO  impl.RoleInfo (RoleInfo.java:shutdownFollowerState(121)) - 8e5ceb90-17c7-416d-ba3b-e9af83490bf4: shutdown FollowerState
2019-10-21 23:05:58,758 [grpc-default-executor-6] INFO  impl.RoleInfo (RoleInfo.java:shutdownFollowerState(121)) - 2c02d436-c6f2-4204-8248-e3d2779a79c3: shutdown FollowerState
2019-10-21 23:05:58,759 [Thread-799] INFO  impl.FollowerState (FollowerState.java:run(117)) - 8e5ceb90-17c7-416d-ba3b-e9af83490bf4@group-60CA7EC77FF7-FollowerState was interrupted: java.lang.InterruptedException: sleep interrupted
2019-10-21 23:05:58,759 [grpc-default-executor-1] INFO  impl.RoleInfo (RoleInfo.java:updateAndGet(143)) - 8e5ceb90-17c7-416d-ba3b-e9af83490bf4: start FollowerState
2019-10-21 23:05:58,759 [grpc-default-executor-6] INFO  impl.RoleInfo (RoleInfo.java:updateAndGet(143)) - 2c02d436-c6f2-4204-8248-e3d2779a79c3: start FollowerState
2019-10-21 23:05:58,759 [Thread-798] INFO  impl.FollowerState (FollowerState.java:run(117)) - 2c02d436-c6f2-4204-8248-e3d2779a79c3@group-60CA7EC77FF7-FollowerState was interrupted: java.lang.InterruptedException: sleep interrupted
2019-10-21 23:05:58,775 [95f8ce0c-61f1-45b1-a4e7-5b97bbfe9a5b@group-60CA7EC77FF7-LeaderElection38] INFO  impl.LeaderElection (LeaderElection.java:logAndReturn(56)) - 95f8ce0c-61f1-45b1-a4e7-5b97bbfe9a5b@group-60CA7EC77FF7-LeaderElection38: Election REJECTED; received 2 response(s) [95f8ce0c-61f1-45b1-a4e7-5b97bbfe9a5b<-8e5ceb90-17c7-416d-ba3b-e9af83490bf4#0:FAIL-t34, 95f8ce0c-61f1-45b1-a4e7-5b97bbfe9a5b<-2c02d436-c6f2-4204-8248-e3d2779a79c3#0:FAIL-t34] and 0 exception(s); 95f8ce0c-61f1-45b1-a4e7-5b97bbfe9a5b@group-60CA7EC77FF7:t34, leader=null, voted=95f8ce0c-61f1-45b1-a4e7-5b97bbfe9a5b, raftlog=95f8ce0c-61f1-45b1-a4e7-5b97bbfe9a5b@group-60CA7EC77FF7-SegmentedRaftLog:OPENED:c3,f4,i4, conf=0: [8e5ceb90-17c7-416d-ba3b-e9af83490bf4:192.168.69.118:43663, 95f8ce0c-61f1-45b1-a4e7-5b97bbfe9a5b:192.168.69.118:45158, 2c02d436-c6f2-4204-8248-e3d2779a79c3:192.168.69.118:45342], old=null
2019-10-21 23:05:58,775 [95f8ce0c-61f1-45b1-a4e7-5b97bbfe9a5b@group-60CA7EC77FF7-LeaderElection38] INFO  impl.RaftServerImpl (RaftServerImpl.java:setRole(184)) - 95f8ce0c-61f1-45b1-a4e7-5b97bbfe9a5b@group-60CA7EC77FF7: changes role from CANDIDATE to FOLLOWER at term 34 for DISCOVERED_A_NEW_TERM
2019-10-21 23:05:58,775 [95f8ce0c-61f1-45b1-a4e7-5b97bbfe9a5b@group-60CA7EC77FF7-LeaderElection38] INFO  impl.RoleInfo (RoleInfo.java:shutdownLeaderElection(134)) - 95f8ce0c-61f1-45b1-a4e7-5b97bbfe9a5b: shutdown LeaderElection
2019-10-21 23:05:58,775 [95f8ce0c-61f1-45b1-a4e7-5b97bbfe9a5b@group-60CA7EC77FF7-LeaderElection38] INFO  impl.RoleInfo (RoleInfo.java:updateAndGet(143)) - 95f8ce0c-61f1-45b1-a4e7-5b97bbfe9a5b: start FollowerState
2019-10-21 23:05:58,818 [Thread-809] INFO  impl.FollowerState (FollowerState.java:run(108)) - 2c02d436-c6f2-4204-8248-e3d2779a79c3@group-D3AFFDC567C4-FollowerState: change to CANDIDATE, lastRpcTime:94ms, electionTimeout:94ms
2019-10-21 23:05:58,818 [Thread-809] INFO  impl.RoleInfo (RoleInfo.java:shutdownFollowerState(121)) - 2c02d436-c6f2-4204-8248-e3d2779a79c3: shutdown FollowerState
2019-10-21 23:05:58,819 [Thread-809] INFO  impl.RaftServerImpl (RaftServerImpl.java:setRole(184)) - 2c02d436-c6f2-4204-8248-e3d2779a79c3@group-D3AFFDC567C4: changes role from  FOLLOWER to CANDIDATE at term 6 for changeToCandidate
2019-10-21 23:05:58,819 [Thread-809] INFO  impl.RoleInfo (RoleInfo.java:updateAndGet(143)) - 2c02d436-c6f2-4204-8248-e3d2779a79c3: start LeaderElection
2019-10-21 23:05:58,833 [2c02d436-c6f2-4204-8248-e3d2779a79c3@group-D3AFFDC567C4-LeaderElection39] INFO  impl.LeaderElection (LeaderElection.java:askForVotes(178)) - 2c02d436-c6f2-4204-8248-e3d2779a79c3@group-D3AFFDC567C4-LeaderElection39: begin an election at term 7 for -1: [8e5ceb90-17c7-416d-ba3b-e9af83490bf4:192.168.69.118:43663, 95f8ce0c-61f1-45b1-a4e7-5b97bbfe9a5b:192.168.69.118:45158, 2c02d436-c6f2-4204-8248-e3d2779a79c3:192.168.69.118:45342], old=null
2019-10-21 23:05:58,836 [grpc-default-executor-1] INFO  impl.RaftServerImpl (RaftServerImpl.java:setRole(184)) - 8e5ceb90-17c7-416d-ba3b-e9af83490bf4@group-D3AFFDC567C4: changes role from  FOLLOWER to FOLLOWER at term 7 for recognizeCandidate:2c02d436-c6f2-4204-8248-e3d2779a79c3
2019-10-21 23:05:58,836 [grpc-default-executor-1] INFO  impl.RoleInfo (RoleInfo.java:shutdownFollowerState(121)) - 8e5ceb90-17c7-416d-ba3b-e9af83490bf4: shutdown FollowerState
2019-10-21 23:05:58,837 [grpc-default-executor-1] INFO  impl.RoleInfo (RoleInfo.java:updateAndGet(143)) - 8e5ceb90-17c7-416d-ba3b-e9af83490bf4: start FollowerState
2019-10-21 23:05:58,837 [Thread-807] INFO  impl.FollowerState (FollowerState.java:run(117)) - 8e5ceb90-17c7-416d-ba3b-e9af83490bf4@group-D3AFFDC567C4-FollowerState was interrupted: java.lang.InterruptedException: sleep interrupted
2019-10-21 23:05:58,837 [grpc-default-executor-6] INFO  impl.RaftServerImpl (RaftServerImpl.java:setRole(184)) - 95f8ce0c-61f1-45b1-a4e7-5b97bbfe9a5b@group-D3AFFDC567C4: changes role from  FOLLOWER to FOLLOWER at term 7 for recognizeCandidate:2c02d436-c6f2-4204-8248-e3d2779a79c3
2019-10-21 23:05:58,837 [grpc-default-executor-6] INFO  impl.RoleInfo (RoleInfo.java:shutdownFollowerState(121)) - 95f8ce0c-61f1-45b1-a4e7-5b97bbfe9a5b: shutdown FollowerState
2019-10-21 23:05:58,837 [Thread-808] INFO  impl.FollowerState (FollowerState.java:run(117)) - 95f8ce0c-61f1-45b1-a4e7-5b97bbfe9a5b@group-D3AFFDC567C4-FollowerState was interrupted: java.lang.InterruptedException: sleep interrupted
2019-10-21 23:05:58,837 [grpc-default-executor-6] INFO  impl.RoleInfo (RoleInfo.java:updateAndGet(143)) - 95f8ce0c-61f1-45b1-a4e7-5b97bbfe9a5b: start FollowerState
2019-10-21 23:05:58,851 [2c02d436-c6f2-4204-8248-e3d2779a79c3@group-D3AFFDC567C4-LeaderElection39] INFO  impl.LeaderElection (LeaderElection.java:logAndReturn(56)) - 2c02d436-c6f2-4204-8248-e3d2779a79c3@group-D3AFFDC567C4-LeaderElection39: Election REJECTED; received 2 response(s) [2c02d436-c6f2-4204-8248-e3d2779a79c3<-8e5ceb90-17c7-416d-ba3b-e9af83490bf4#0:FAIL-t7, 2c02d436-c6f2-4204-8248-e3d2779a79c3<-95f8ce0c-61f1-45b1-a4e7-5b97bbfe9a5b#0:FAIL-t7] and 0 exception(s); 2c02d436-c6f2-4204-8248-e3d2779a79c3@group-D3AFFDC567C4:t7, leader=null, voted=2c02d436-c6f2-4204-8248-e3d2779a79c3, raftlog=2c02d436-c6f2-4204-8248-e3d2779a79c3@group-D3AFFDC567C4-SegmentedRaftLog:OPENED:c-1,f-1,i0, conf=-1: [8e5ceb90-17c7-416d-ba3b-e9af83490bf4:192.168.69.118:43663, 95f8ce0c-61f1-45b1-a4e7-5b97bbfe9a5b:192.168.69.118:45158, 2c02d436-c6f2-4204-8248-e3d2779a79c3:192.168.69.118:45342], old=null
2019-10-21 23:05:58,851 [2c02d436-c6f2-4204-8248-e3d2779a79c3@group-D3AFFDC567C4-LeaderElection39] INFO  impl.RaftServerImpl (RaftServerImpl.java:setRole(184)) - 2c02d436-c6f2-4204-8248-e3d2779a79c3@group-D3AFFDC567C4: changes role from CANDIDATE to FOLLOWER at term 7 for DISCOVERED_A_NEW_TERM
2019-10-21 23:05:58,851 [2c02d436-c6f2-4204-8248-e3d2779a79c3@group-D3AFFDC567C4-LeaderElection39] INFO  impl.RoleInfo (RoleInfo.java:shutdownLeaderElection(134)) - 2c02d436-c6f2-4204-8248-e3d2779a79c3: shutdown LeaderElection
2019-10-21 23:05:58,852 [2c02d436-c6f2-4204-8248-e3d2779a79c3@group-D3AFFDC567C4-LeaderElection39] INFO  impl.RoleInfo (RoleInfo.java:updateAndGet(143)) - 2c02d436-c6f2-4204-8248-e3d2779a79c3: start FollowerState
2019-10-21 23:05:58,862 [Thread-821] INFO  impl.FollowerState (FollowerState.java:run(108)) - 2c02d436-c6f2-4204-8248-e3d2779a79c3@group-D3AFFDC567C4-FollowerState: change to CANDIDATE, lastRpcTime:10ms, electionTimeout:10ms
2019-10-21 23:05:58,862 [Thread-821] INFO  impl.RoleInfo (RoleInfo.java:shutdownFollowerState(121)) - 2c02d436-c6f2-4204-8248-e3d2779a79c3: shutdown FollowerState
2019-10-21 23:05:58,862 [Thread-821] INFO  impl.RaftServerImpl (RaftServerImpl.java:setRole(184)) - 2c02d436-c6f2-4204-8248-e3d2779a79c3@group-D3AFFDC567C4: changes role from  FOLLOWER to CANDIDATE at term 7 for changeToCandidate
2019-10-21 23:05:58,862 [Thread-821] INFO  impl.RoleInfo (RoleInfo.java:updateAndGet(143)) - 2c02d436-c6f2-4204-8248-e3d2779a79c3: start LeaderElection
2019-10-21 23:05:58,888 [2c02d436-c6f2-4204-8248-e3d2779a79c3@group-D3AFFDC567C4-LeaderElection40] INFO  impl.LeaderElection (LeaderElection.java:askForVotes(178)) - 2c02d436-c6f2-4204-8248-e3d2779a79c3@group-D3AFFDC567C4-LeaderElection40: begin an election at term 8 for -1: [8e5ceb90-17c7-416d-ba3b-e9af83490bf4:192.168.69.118:43663, 95f8ce0c-61f1-45b1-a4e7-5b97bbfe9a5b:192.168.69.118:45158, 2c02d436-c6f2-4204-8248-e3d2779a79c3:192.168.69.118:45342], old=null
2019-10-21 23:05:58,892 [grpc-default-executor-1] INFO  impl.RaftServerImpl (RaftServerImpl.java:setRole(184)) - 8e5ceb90-17c7-416d-ba3b-e9af83490bf4@group-D3AFFDC567C4: changes role from  FOLLOWER to FOLLOWER at term 8 for recognizeCandidate:2c02d436-c6f2-4204-8248-e3d2779a79c3
2019-10-21 23:05:58,892 [grpc-default-executor-1] INFO  impl.RoleInfo (RoleInfo.java:shutdownFollowerState(121)) - 8e5ceb90-17c7-416d-ba3b-e9af83490bf4: shutdown FollowerState
2019-10-21 23:05:58,892 [grpc-default-executor-6] INFO  impl.RaftServerImpl (RaftServerImpl.java:setRole(184)) - 95f8ce0c-61f1-45b1-a4e7-5b97bbfe9a5b@group-D3AFFDC567C4: changes role from  FOLLOWER to FOLLOWER at term 8 for recognizeCandidate:2c02d436-c6f2-4204-8248-e3d2779a79c3
2019-10-21 23:05:58,892 [Thread-819] INFO  impl.FollowerState (FollowerState.java:run(117)) - 8e5ceb90-17c7-416d-ba3b-e9af83490bf4@group-D3AFFDC567C4-FollowerState was interrupted: java.lang.InterruptedException: sleep interrupted
2019-10-21 23:05:58,892 [grpc-default-executor-1] INFO  impl.RoleInfo (RoleInfo.java:updateAndGet(143)) - 8e5ceb90-17c7-416d-ba3b-e9af83490bf4: start FollowerState
2019-10-21 23:05:58,893 [grpc-default-executor-6] INFO  impl.RoleInfo (RoleInfo.java:shutdownFollowerState(121)) - 95f8ce0c-61f1-45b1-a4e7-5b97bbfe9a5b: shutdown FollowerState
2019-10-21 23:05:58,893 [grpc-default-executor-6] INFO  impl.RoleInfo (RoleInfo.java:updateAndGet(143)) - 95f8ce0c-61f1-45b1-a4e7-5b97bbfe9a5b: start FollowerState
2019-10-21 23:05:58,893 [Thread-820] INFO  impl.FollowerState (FollowerState.java:run(117)) - 95f8ce0c-61f1-45b1-a4e7-5b97bbfe9a5b@group-D3AFFDC567C4-FollowerState was interrupted: java.lang.InterruptedException: sleep interrupted
2019-10-21 23:05:58,904 [2c02d436-c6f2-4204-8248-e3d2779a79c3@group-D3AFFDC567C4-LeaderElection40] INFO  impl.LeaderElection (LeaderElection.java:logAndReturn(56)) - 2c02d436-c6f2-4204-8248-e3d2779a79c3@group-D3AFFDC567C4-LeaderElection40: Election REJECTED; received 2 response(s) [2c02d436-c6f2-4204-8248-e3d2779a79c3<-8e5ceb90-17c7-416d-ba3b-e9af83490bf4#0:FAIL-t8, 2c02d436-c6f2-4204-8248-e3d2779a79c3<-95f8ce0c-61f1-45b1-a4e7-5b97bbfe9a5b#0:FAIL-t8] and 0 exception(s); 2c02d436-c6f2-4204-8248-e3d2779a79c3@group-D3AFFDC567C4:t8, leader=null, voted=2c02d436-c6f2-4204-8248-e3d2779a79c3, raftlog=2c02d436-c6f2-4204-8248-e3d2779a79c3@group-D3AFFDC567C4-SegmentedRaftLog:OPENED:c-1,f-1,i0, conf=-1: [8e5ceb90-17c7-416d-ba3b-e9af83490bf4:192.168.69.118:43663, 95f8ce0c-61f1-45b1-a4e7-5b97bbfe9a5b:192.168.69.118:45158, 2c02d436-c6f2-4204-8248-e3d2779a79c3:192.168.69.118:45342], old=null
2019-10-21 23:05:58,905 [2c02d436-c6f2-4204-8248-e3d2779a79c3@group-D3AFFDC567C4-LeaderElection40] INFO  impl.RaftServerImpl (RaftServerImpl.java:setRole(184)) - 2c02d436-c6f2-4204-8248-e3d2779a79c3@group-D3AFFDC567C4: changes role from CANDIDATE to FOLLOWER at term 8 for DISCOVERED_A_NEW_TERM
2019-10-21 23:05:58,905 [2c02d436-c6f2-4204-8248-e3d2779a79c3@group-D3AFFDC567C4-LeaderElection40] INFO  impl.RoleInfo (RoleInfo.java:shutdownLeaderElection(134)) - 2c02d436-c6f2-4204-8248-e3d2779a79c3: shutdown LeaderElection
2019-10-21 23:05:58,905 [2c02d436-c6f2-4204-8248-e3d2779a79c3@group-D3AFFDC567C4-LeaderElection40] INFO  impl.RoleInfo (RoleInfo.java:updateAndGet(143)) - 2c02d436-c6f2-4204-8248-e3d2779a79c3: start FollowerState
2019-10-21 23:05:58,955 [Thread-827] INFO  impl.FollowerState (FollowerState.java:run(108)) - 2c02d436-c6f2-4204-8248-e3d2779a79c3@group-D3AFFDC567C4-FollowerState: change to CANDIDATE, lastRpcTime:49ms, electionTimeout:49ms
2019-10-21 23:05:58,955 [Thread-827] INFO  impl.RoleInfo (RoleInfo.java:shutdownFollowerState(121)) - 2c02d436-c6f2-4204-8248-e3d2779a79c3: shutdown FollowerState
2019-10-21 23:05:58,955 [Thread-827] INFO  impl.RaftServerImpl (RaftServerImpl.java:setRole(184)) - 2c02d436-c6f2-4204-8248-e3d2779a79c3@group-D3AFFDC567C4: changes role from  FOLLOWER to CANDIDATE at term 8 for changeToCandidate
2019-10-21 23:05:58,955 [Thread-827] INFO  impl.RoleInfo (RoleInfo.java:updateAndGet(143)) - 2c02d436-c6f2-4204-8248-e3d2779a79c3: start LeaderElection
2019-10-21 23:05:58,956 [EventQueue-PendingDeleteStatusForPendingDeleteHandler] INFO  block.SCMBlockDeletingService (SCMBlockDeletingService.java:handlePendingDeletes(115)) - Block deletion txnID mismatch in datanode 95f8ce0c-61f1-45b1-a4e7-5b97bbfe9a5b for containerID 1. Datanode delete txnID: 0, SCM txnID: 1
2019-10-21 23:05:58,958 [BlockDeletingService#2] WARN  background.BlockDeletingService (BlockDeletingService.java:isDeletionAllowed(187)) - Close Container log Index 6 is not replicated across allthe servers in the pipeline f77f3c44-7213-45ac-81dc-60ca7ec77ff7 as the min replicated index is 4. Deletion is not allowed in this container yet.
2019-10-21 23:05:58,958 [BlockDeletingService#2] WARN  background.BlockDeletingService (BlockDeletingService.java:isDeletionAllowed(187)) - Close Container log Index 6 is not replicated across allthe servers in the pipeline f77f3c44-7213-45ac-81dc-60ca7ec77ff7 as the min replicated index is 4. Deletion is not allowed in this container yet.
2019-10-21 23:05:58,966 [Thread-815] INFO  impl.FollowerState (FollowerState.java:run(108)) - 95f8ce0c-61f1-45b1-a4e7-5b97bbfe9a5b@group-60CA7EC77FF7-FollowerState: change to CANDIDATE, lastRpcTime:190ms, electionTimeout:190ms
2019-10-21 23:05:58,966 [Thread-815] INFO  impl.RoleInfo (RoleInfo.java:shutdownFollowerState(121)) - 95f8ce0c-61f1-45b1-a4e7-5b97bbfe9a5b: shutdown FollowerState
2019-10-21 23:05:58,966 [Thread-815] INFO  impl.RaftServerImpl (RaftServerImpl.java:setRole(184)) - 95f8ce0c-61f1-45b1-a4e7-5b97bbfe9a5b@group-60CA7EC77FF7: changes role from  FOLLOWER to CANDIDATE at term 34 for changeToCandidate
2019-10-21 23:05:58,966 [Thread-815] INFO  impl.RoleInfo (RoleInfo.java:updateAndGet(143)) - 95f8ce0c-61f1-45b1-a4e7-5b97bbfe9a5b: start LeaderElection
2019-10-21 23:05:58,971 [95f8ce0c-61f1-45b1-a4e7-5b97bbfe9a5b@group-60CA7EC77FF7-LeaderElection42] INFO  impl.LeaderElection (LeaderElection.java:askForVotes(178)) - 95f8ce0c-61f1-45b1-a4e7-5b97bbfe9a5b@group-60CA7EC77FF7-LeaderElection42: begin an election at term 35 for 0: [8e5ceb90-17c7-416d-ba3b-e9af83490bf4:192.168.69.118:43663, 95f8ce0c-61f1-45b1-a4e7-5b97bbfe9a5b:192.168.69.118:45158, 2c02d436-c6f2-4204-8248-e3d2779a79c3:192.168.69.118:45342], old=null
2019-10-21 23:05:58,971 [2c02d436-c6f2-4204-8248-e3d2779a79c3@group-D3AFFDC567C4-LeaderElection41] INFO  impl.LeaderElection (LeaderElection.java:askForVotes(178)) - 2c02d436-c6f2-4204-8248-e3d2779a79c3@group-D3AFFDC567C4-LeaderElection41: begin an election at term 9 for -1: [8e5ceb90-17c7-416d-ba3b-e9af83490bf4:192.168.69.118:43663, 95f8ce0c-61f1-45b1-a4e7-5b97bbfe9a5b:192.168.69.118:45158, 2c02d436-c6f2-4204-8248-e3d2779a79c3:192.168.69.118:45342], old=null
2019-10-21 23:05:58,975 [grpc-default-executor-1] INFO  impl.RaftServerImpl (RaftServerImpl.java:setRole(184)) - 2c02d436-c6f2-4204-8248-e3d2779a79c3@group-60CA7EC77FF7: changes role from  FOLLOWER to FOLLOWER at term 35 for recognizeCandidate:95f8ce0c-61f1-45b1-a4e7-5b97bbfe9a5b
2019-10-21 23:05:58,975 [2c02d436-c6f2-4204-8248-e3d2779a79c3@group-D3AFFDC567C4-LeaderElection41] INFO  impl.LeaderElection (LeaderElection.java:logAndReturn(56)) - 2c02d436-c6f2-4204-8248-e3d2779a79c3@group-D3AFFDC567C4-LeaderElection41: Election TIMEOUT; received 0 response(s) [] and 0 exception(s); 2c02d436-c6f2-4204-8248-e3d2779a79c3@group-D3AFFDC567C4:t9, leader=null, voted=2c02d436-c6f2-4204-8248-e3d2779a79c3, raftlog=2c02d436-c6f2-4204-8248-e3d2779a79c3@group-D3AFFDC567C4-SegmentedRaftLog:OPENED:c-1,f-1,i0, conf=-1: [8e5ceb90-17c7-416d-ba3b-e9af83490bf4:192.168.69.118:43663, 95f8ce0c-61f1-45b1-a4e7-5b97bbfe9a5b:192.168.69.118:45158, 2c02d436-c6f2-4204-8248-e3d2779a79c3:192.168.69.118:45342], old=null
2019-10-21 23:05:58,975 [grpc-default-executor-1] INFO  impl.RoleInfo (RoleInfo.java:shutdownFollowerState(121)) - 2c02d436-c6f2-4204-8248-e3d2779a79c3: shutdown FollowerState
2019-10-21 23:05:58,976 [grpc-default-executor-1] INFO  impl.RoleInfo (RoleInfo.java:updateAndGet(143)) - 2c02d436-c6f2-4204-8248-e3d2779a79c3: start FollowerState
2019-10-21 23:05:58,976 [Thread-814] INFO  impl.FollowerState (FollowerState.java:run(117)) - 2c02d436-c6f2-4204-8248-e3d2779a79c3@group-60CA7EC77FF7-FollowerState was interrupted: java.lang.InterruptedException: sleep interrupted
2019-10-21 23:05:58,976 [grpc-default-executor-6] INFO  impl.RaftServerImpl (RaftServerImpl.java:setRole(184)) - 8e5ceb90-17c7-416d-ba3b-e9af83490bf4@group-60CA7EC77FF7: changes role from  FOLLOWER to FOLLOWER at term 35 for recognizeCandidate:95f8ce0c-61f1-45b1-a4e7-5b97bbfe9a5b
2019-10-21 23:05:58,976 [grpc-default-executor-6] INFO  impl.RoleInfo (RoleInfo.java:shutdownFollowerState(121)) - 8e5ceb90-17c7-416d-ba3b-e9af83490bf4: shutdown FollowerState
2019-10-21 23:05:58,976 [grpc-default-executor-8] INFO  impl.RaftServerImpl (RaftServerImpl.java:setRole(184)) - 8e5ceb90-17c7-416d-ba3b-e9af83490bf4@group-D3AFFDC567C4: changes role from  FOLLOWER to FOLLOWER at term 9 for recognizeCandidate:2c02d436-c6f2-4204-8248-e3d2779a79c3
2019-10-21 23:05:58,976 [Thread-813] INFO  impl.FollowerState (FollowerState.java:run(117)) - 8e5ceb90-17c7-416d-ba3b-e9af83490bf4@group-60CA7EC77FF7-FollowerState was interrupted: java.lang.InterruptedException: sleep interrupted
2019-10-21 23:05:58,976 [grpc-default-executor-6] INFO  impl.RoleInfo (RoleInfo.java:updateAndGet(143)) - 8e5ceb90-17c7-416d-ba3b-e9af83490bf4: start FollowerState
2019-10-21 23:05:58,976 [grpc-default-executor-7] INFO  impl.RaftServerImpl (RaftServerImpl.java:setRole(184)) - 95f8ce0c-61f1-45b1-a4e7-5b97bbfe9a5b@group-D3AFFDC567C4: changes role from  FOLLOWER to FOLLOWER at term 9 for recognizeCandidate:2c02d436-c6f2-4204-8248-e3d2779a79c3
2019-10-21 23:05:58,977 [grpc-default-executor-7] INFO  impl.RoleInfo (RoleInfo.java:shutdownFollowerState(121)) - 95f8ce0c-61f1-45b1-a4e7-5b97bbfe9a5b: shutdown FollowerState
2019-10-21 23:05:58,976 [grpc-default-executor-8] INFO  impl.RoleInfo (RoleInfo.java:shutdownFollowerState(121)) - 8e5ceb90-17c7-416d-ba3b-e9af83490bf4: shutdown FollowerState
2019-10-21 23:05:58,977 [Thread-826] INFO  impl.FollowerState (FollowerState.java:run(117)) - 95f8ce0c-61f1-45b1-a4e7-5b97bbfe9a5b@group-D3AFFDC567C4-FollowerState was interrupted: java.lang.InterruptedException: sleep interrupted
2019-10-21 23:05:58,977 [grpc-default-executor-7] INFO  impl.RoleInfo (RoleInfo.java:updateAndGet(143)) - 95f8ce0c-61f1-45b1-a4e7-5b97bbfe9a5b: start FollowerState
2019-10-21 23:05:58,977 [grpc-default-executor-8] INFO  impl.RoleInfo (RoleInfo.java:updateAndGet(143)) - 8e5ceb90-17c7-416d-ba3b-e9af83490bf4: start FollowerState
2019-10-21 23:05:58,977 [Thread-825] INFO  impl.FollowerState (FollowerState.java:run(117)) - 8e5ceb90-17c7-416d-ba3b-e9af83490bf4@group-D3AFFDC567C4-FollowerState was interrupted: java.lang.InterruptedException: sleep interrupted
2019-10-21 23:05:59,000 [2c02d436-c6f2-4204-8248-e3d2779a79c3@group-D3AFFDC567C4-LeaderElection41] INFO  impl.LeaderElection (LeaderElection.java:askForVotes(178)) - 2c02d436-c6f2-4204-8248-e3d2779a79c3@group-D3AFFDC567C4-LeaderElection41: begin an election at term 10 for -1: [8e5ceb90-17c7-416d-ba3b-e9af83490bf4:192.168.69.118:43663, 95f8ce0c-61f1-45b1-a4e7-5b97bbfe9a5b:192.168.69.118:45158, 2c02d436-c6f2-4204-8248-e3d2779a79c3:192.168.69.118:45342], old=null
2019-10-21 23:05:59,003 [95f8ce0c-61f1-45b1-a4e7-5b97bbfe9a5b@group-60CA7EC77FF7-LeaderElection42] INFO  impl.LeaderElection (LeaderElection.java:logAndReturn(56)) - 95f8ce0c-61f1-45b1-a4e7-5b97bbfe9a5b@group-60CA7EC77FF7-LeaderElection42: Election REJECTED; received 2 response(s) [95f8ce0c-61f1-45b1-a4e7-5b97bbfe9a5b<-8e5ceb90-17c7-416d-ba3b-e9af83490bf4#0:FAIL-t35, 95f8ce0c-61f1-45b1-a4e7-5b97bbfe9a5b<-2c02d436-c6f2-4204-8248-e3d2779a79c3#0:FAIL-t35] and 0 exception(s); 95f8ce0c-61f1-45b1-a4e7-5b97bbfe9a5b@group-60CA7EC77FF7:t35, leader=null, voted=95f8ce0c-61f1-45b1-a4e7-5b97bbfe9a5b, raftlog=95f8ce0c-61f1-45b1-a4e7-5b97bbfe9a5b@group-60CA7EC77FF7-SegmentedRaftLog:OPENED:c3,f4,i4, conf=0: [8e5ceb90-17c7-416d-ba3b-e9af83490bf4:192.168.69.118:43663, 95f8ce0c-61f1-45b1-a4e7-5b97bbfe9a5b:192.168.69.118:45158, 2c02d436-c6f2-4204-8248-e3d2779a79c3:192.168.69.118:45342], old=null
2019-10-21 23:05:59,003 [95f8ce0c-61f1-45b1-a4e7-5b97bbfe9a5b@group-60CA7EC77FF7-LeaderElection42] INFO  impl.RaftServerImpl (RaftServerImpl.java:setRole(184)) - 95f8ce0c-61f1-45b1-a4e7-5b97bbfe9a5b@group-60CA7EC77FF7: changes role from CANDIDATE to FOLLOWER at term 35 for DISCOVERED_A_NEW_TERM
2019-10-21 23:05:59,003 [grpc-default-executor-1] INFO  impl.RaftServerImpl (RaftServerImpl.java:setRole(184)) - 95f8ce0c-61f1-45b1-a4e7-5b97bbfe9a5b@group-D3AFFDC567C4: changes role from  FOLLOWER to FOLLOWER at term 10 for recognizeCandidate:2c02d436-c6f2-4204-8248-e3d2779a79c3
2019-10-21 23:05:59,003 [95f8ce0c-61f1-45b1-a4e7-5b97bbfe9a5b@group-60CA7EC77FF7-LeaderElection42] INFO  impl.RoleInfo (RoleInfo.java:shutdownLeaderElection(134)) - 95f8ce0c-61f1-45b1-a4e7-5b97bbfe9a5b: shutdown LeaderElection
2019-10-21 23:05:59,003 [grpc-default-executor-1] INFO  impl.RoleInfo (RoleInfo.java:shutdownFollowerState(121)) - 95f8ce0c-61f1-45b1-a4e7-5b97bbfe9a5b: shutdown FollowerState
2019-10-21 23:05:59,003 [95f8ce0c-61f1-45b1-a4e7-5b97bbfe9a5b@group-60CA7EC77FF7-LeaderElection42] INFO  impl.RoleInfo (RoleInfo.java:updateAndGet(143)) - 95f8ce0c-61f1-45b1-a4e7-5b97bbfe9a5b: start FollowerState
2019-10-21 23:05:59,004 [Thread-838] INFO  impl.FollowerState (FollowerState.java:run(117)) - 95f8ce0c-61f1-45b1-a4e7-5b97bbfe9a5b@group-D3AFFDC567C4-FollowerState was interrupted: java.lang.InterruptedException: sleep interrupted
2019-10-21 23:05:59,004 [grpc-default-executor-1] INFO  impl.RoleInfo (RoleInfo.java:updateAndGet(143)) - 95f8ce0c-61f1-45b1-a4e7-5b97bbfe9a5b: start FollowerState
2019-10-21 23:05:59,004 [grpc-default-executor-6] INFO  impl.RaftServerImpl (RaftServerImpl.java:setRole(184)) - 8e5ceb90-17c7-416d-ba3b-e9af83490bf4@group-D3AFFDC567C4: changes role from  FOLLOWER to FOLLOWER at term 10 for recognizeCandidate:2c02d436-c6f2-4204-8248-e3d2779a79c3
2019-10-21 23:05:59,004 [grpc-default-executor-6] INFO  impl.RoleInfo (RoleInfo.java:shutdownFollowerState(121)) - 8e5ceb90-17c7-416d-ba3b-e9af83490bf4: shutdown FollowerState
2019-10-21 23:05:59,004 [grpc-default-executor-6] INFO  impl.RoleInfo (RoleInfo.java:updateAndGet(143)) - 8e5ceb90-17c7-416d-ba3b-e9af83490bf4: start FollowerState
2019-10-21 23:05:59,004 [Thread-839] INFO  impl.FollowerState (FollowerState.java:run(117)) - 8e5ceb90-17c7-416d-ba3b-e9af83490bf4@group-D3AFFDC567C4-FollowerState was interrupted: java.lang.InterruptedException: sleep interrupted
2019-10-21 23:05:59,021 [2c02d436-c6f2-4204-8248-e3d2779a79c3@group-D3AFFDC567C4-LeaderElection41] INFO  impl.LeaderElection (LeaderElection.java:logAndReturn(56)) - 2c02d436-c6f2-4204-8248-e3d2779a79c3@group-D3AFFDC567C4-LeaderElection41: Election REJECTED; received 2 response(s) [2c02d436-c6f2-4204-8248-e3d2779a79c3<-8e5ceb90-17c7-416d-ba3b-e9af83490bf4#0:FAIL-t10, 2c02d436-c6f2-4204-8248-e3d2779a79c3<-95f8ce0c-61f1-45b1-a4e7-5b97bbfe9a5b#0:FAIL-t10] and 0 exception(s); 2c02d436-c6f2-4204-8248-e3d2779a79c3@group-D3AFFDC567C4:t10, leader=null, voted=2c02d436-c6f2-4204-8248-e3d2779a79c3, raftlog=2c02d436-c6f2-4204-8248-e3d2779a79c3@group-D3AFFDC567C4-SegmentedRaftLog:OPENED:c-1,f-1,i0, conf=-1: [8e5ceb90-17c7-416d-ba3b-e9af83490bf4:192.168.69.118:43663, 95f8ce0c-61f1-45b1-a4e7-5b97bbfe9a5b:192.168.69.118:45158, 2c02d436-c6f2-4204-8248-e3d2779a79c3:192.168.69.118:45342], old=null
2019-10-21 23:05:59,021 [2c02d436-c6f2-4204-8248-e3d2779a79c3@group-D3AFFDC567C4-LeaderElection41] INFO  impl.RaftServerImpl (RaftServerImpl.java:setRole(184)) - 2c02d436-c6f2-4204-8248-e3d2779a79c3@group-D3AFFDC567C4: changes role from CANDIDATE to FOLLOWER at term 10 for DISCOVERED_A_NEW_TERM
2019-10-21 23:05:59,021 [2c02d436-c6f2-4204-8248-e3d2779a79c3@group-D3AFFDC567C4-LeaderElection41] INFO  impl.RoleInfo (RoleInfo.java:shutdownLeaderElection(134)) - 2c02d436-c6f2-4204-8248-e3d2779a79c3: shutdown LeaderElection
2019-10-21 23:05:59,021 [2c02d436-c6f2-4204-8248-e3d2779a79c3@group-D3AFFDC567C4-LeaderElection41] INFO  impl.RoleInfo (RoleInfo.java:updateAndGet(143)) - 2c02d436-c6f2-4204-8248-e3d2779a79c3: start FollowerState
2019-10-21 23:05:59,042 [Thread-845] INFO  impl.FollowerState (FollowerState.java:run(108)) - 2c02d436-c6f2-4204-8248-e3d2779a79c3@group-D3AFFDC567C4-FollowerState: change to CANDIDATE, lastRpcTime:20ms, electionTimeout:20ms
2019-10-21 23:05:59,042 [Thread-845] INFO  impl.RoleInfo (RoleInfo.java:shutdownFollowerState(121)) - 2c02d436-c6f2-4204-8248-e3d2779a79c3: shutdown FollowerState
2019-10-21 23:05:59,042 [Thread-845] INFO  impl.RaftServerImpl (RaftServerImpl.java:setRole(184)) - 2c02d436-c6f2-4204-8248-e3d2779a79c3@group-D3AFFDC567C4: changes role from  FOLLOWER to CANDIDATE at term 10 for changeToCandidate
2019-10-21 23:05:59,042 [Thread-845] INFO  impl.RoleInfo (RoleInfo.java:updateAndGet(143)) - 2c02d436-c6f2-4204-8248-e3d2779a79c3: start LeaderElection
2019-10-21 23:05:59,056 [2c02d436-c6f2-4204-8248-e3d2779a79c3@group-D3AFFDC567C4-LeaderElection43] INFO  impl.LeaderElection (LeaderElection.java:askForVotes(178)) - 2c02d436-c6f2-4204-8248-e3d2779a79c3@group-D3AFFDC567C4-LeaderElection43: begin an election at term 11 for -1: [8e5ceb90-17c7-416d-ba3b-e9af83490bf4:192.168.69.118:43663, 95f8ce0c-61f1-45b1-a4e7-5b97bbfe9a5b:192.168.69.118:45158, 2c02d436-c6f2-4204-8248-e3d2779a79c3:192.168.69.118:45342], old=null
2019-10-21 23:05:59,059 [grpc-default-executor-1] INFO  impl.RaftServerImpl (RaftServerImpl.java:setRole(184)) - 8e5ceb90-17c7-416d-ba3b-e9af83490bf4@group-D3AFFDC567C4: changes role from  FOLLOWER to FOLLOWER at term 11 for recognizeCandidate:2c02d436-c6f2-4204-8248-e3d2779a79c3
2019-10-21 23:05:59,060 [grpc-default-executor-1] INFO  impl.RoleInfo (RoleInfo.java:shutdownFollowerState(121)) - 8e5ceb90-17c7-416d-ba3b-e9af83490bf4: shutdown FollowerState
2019-10-21 23:05:59,060 [grpc-default-executor-1] INFO  impl.RoleInfo (RoleInfo.java:updateAndGet(143)) - 8e5ceb90-17c7-416d-ba3b-e9af83490bf4: start FollowerState
2019-10-21 23:05:59,060 [Thread-844] INFO  impl.FollowerState (FollowerState.java:run(117)) - 8e5ceb90-17c7-416d-ba3b-e9af83490bf4@group-D3AFFDC567C4-FollowerState was interrupted: java.lang.InterruptedException: sleep interrupted
2019-10-21 23:05:59,060 [grpc-default-executor-6] INFO  impl.RaftServerImpl (RaftServerImpl.java:setRole(184)) - 95f8ce0c-61f1-45b1-a4e7-5b97bbfe9a5b@group-D3AFFDC567C4: changes role from  FOLLOWER to FOLLOWER at term 11 for recognizeCandidate:2c02d436-c6f2-4204-8248-e3d2779a79c3
2019-10-21 23:05:59,060 [grpc-default-executor-6] INFO  impl.RoleInfo (RoleInfo.java:shutdownFollowerState(121)) - 95f8ce0c-61f1-45b1-a4e7-5b97bbfe9a5b: shutdown FollowerState
2019-10-21 23:05:59,060 [grpc-default-executor-6] INFO  impl.RoleInfo (RoleInfo.java:updateAndGet(143)) - 95f8ce0c-61f1-45b1-a4e7-5b97bbfe9a5b: start FollowerState
2019-10-21 23:05:59,060 [Thread-843] INFO  impl.FollowerState (FollowerState.java:run(117)) - 95f8ce0c-61f1-45b1-a4e7-5b97bbfe9a5b@group-D3AFFDC567C4-FollowerState was interrupted: java.lang.InterruptedException: sleep interrupted
2019-10-21 23:05:59,076 [2c02d436-c6f2-4204-8248-e3d2779a79c3@group-D3AFFDC567C4-LeaderElection43] INFO  impl.LeaderElection (LeaderElection.java:logAndReturn(56)) - 2c02d436-c6f2-4204-8248-e3d2779a79c3@group-D3AFFDC567C4-LeaderElection43: Election REJECTED; received 2 response(s) [2c02d436-c6f2-4204-8248-e3d2779a79c3<-8e5ceb90-17c7-416d-ba3b-e9af83490bf4#0:FAIL-t11, 2c02d436-c6f2-4204-8248-e3d2779a79c3<-95f8ce0c-61f1-45b1-a4e7-5b97bbfe9a5b#0:FAIL-t11] and 0 exception(s); 2c02d436-c6f2-4204-8248-e3d2779a79c3@group-D3AFFDC567C4:t11, leader=null, voted=2c02d436-c6f2-4204-8248-e3d2779a79c3, raftlog=2c02d436-c6f2-4204-8248-e3d2779a79c3@group-D3AFFDC567C4-SegmentedRaftLog:OPENED:c-1,f-1,i0, conf=-1: [8e5ceb90-17c7-416d-ba3b-e9af83490bf4:192.168.69.118:43663, 95f8ce0c-61f1-45b1-a4e7-5b97bbfe9a5b:192.168.69.118:45158, 2c02d436-c6f2-4204-8248-e3d2779a79c3:192.168.69.118:45342], old=null
2019-10-21 23:05:59,076 [2c02d436-c6f2-4204-8248-e3d2779a79c3@group-D3AFFDC567C4-LeaderElection43] INFO  impl.RaftServerImpl (RaftServerImpl.java:setRole(184)) - 2c02d436-c6f2-4204-8248-e3d2779a79c3@group-D3AFFDC567C4: changes role from CANDIDATE to FOLLOWER at term 11 for DISCOVERED_A_NEW_TERM
2019-10-21 23:05:59,076 [2c02d436-c6f2-4204-8248-e3d2779a79c3@group-D3AFFDC567C4-LeaderElection43] INFO  impl.RoleInfo (RoleInfo.java:shutdownLeaderElection(134)) - 2c02d436-c6f2-4204-8248-e3d2779a79c3: shutdown LeaderElection
2019-10-21 23:05:59,077 [2c02d436-c6f2-4204-8248-e3d2779a79c3@group-D3AFFDC567C4-LeaderElection43] INFO  impl.RoleInfo (RoleInfo.java:updateAndGet(143)) - 2c02d436-c6f2-4204-8248-e3d2779a79c3: start FollowerState
2019-10-21 23:05:59,170 [Thread-842] INFO  impl.FollowerState (FollowerState.java:run(108)) - 95f8ce0c-61f1-45b1-a4e7-5b97bbfe9a5b@group-60CA7EC77FF7-FollowerState: change to CANDIDATE, lastRpcTime:166ms, electionTimeout:166ms
2019-10-21 23:05:59,170 [Thread-842] INFO  impl.RoleInfo (RoleInfo.java:shutdownFollowerState(121)) - 95f8ce0c-61f1-45b1-a4e7-5b97bbfe9a5b: shutdown FollowerState
2019-10-21 23:05:59,170 [Thread-842] INFO  impl.RaftServerImpl (RaftServerImpl.java:setRole(184)) - 95f8ce0c-61f1-45b1-a4e7-5b97bbfe9a5b@group-60CA7EC77FF7: changes role from  FOLLOWER to CANDIDATE at term 35 for changeToCandidate
2019-10-21 23:05:59,170 [Thread-842] INFO  impl.RoleInfo (RoleInfo.java:updateAndGet(143)) - 95f8ce0c-61f1-45b1-a4e7-5b97bbfe9a5b: start LeaderElection
2019-10-21 23:05:59,195 [95f8ce0c-61f1-45b1-a4e7-5b97bbfe9a5b@group-60CA7EC77FF7-LeaderElection44] INFO  impl.LeaderElection (LeaderElection.java:askForVotes(178)) - 95f8ce0c-61f1-45b1-a4e7-5b97bbfe9a5b@group-60CA7EC77FF7-LeaderElection44: begin an election at term 36 for 0: [8e5ceb90-17c7-416d-ba3b-e9af83490bf4:192.168.69.118:43663, 95f8ce0c-61f1-45b1-a4e7-5b97bbfe9a5b:192.168.69.118:45158, 2c02d436-c6f2-4204-8248-e3d2779a79c3:192.168.69.118:45342], old=null
2019-10-21 23:05:59,198 [grpc-default-executor-6] INFO  impl.RaftServerImpl (RaftServerImpl.java:setRole(184)) - 2c02d436-c6f2-4204-8248-e3d2779a79c3@group-60CA7EC77FF7: changes role from  FOLLOWER to FOLLOWER at term 36 for recognizeCandidate:95f8ce0c-61f1-45b1-a4e7-5b97bbfe9a5b
2019-10-21 23:05:59,198 [grpc-default-executor-1] INFO  impl.RaftServerImpl (RaftServerImpl.java:setRole(184)) - 8e5ceb90-17c7-416d-ba3b-e9af83490bf4@group-60CA7EC77FF7: changes role from  FOLLOWER to FOLLOWER at term 36 for recognizeCandidate:95f8ce0c-61f1-45b1-a4e7-5b97bbfe9a5b
2019-10-21 23:05:59,198 [grpc-default-executor-6] INFO  impl.RoleInfo (RoleInfo.java:shutdownFollowerState(121)) - 2c02d436-c6f2-4204-8248-e3d2779a79c3: shutdown FollowerState
2019-10-21 23:05:59,198 [grpc-default-executor-1] INFO  impl.RoleInfo (RoleInfo.java:shutdownFollowerState(121)) - 8e5ceb90-17c7-416d-ba3b-e9af83490bf4: shutdown FollowerState
2019-10-21 23:05:59,198 [grpc-default-executor-6] INFO  impl.RoleInfo (RoleInfo.java:updateAndGet(143)) - 2c02d436-c6f2-4204-8248-e3d2779a79c3: start FollowerState
2019-10-21 23:05:59,198 [Thread-836] INFO  impl.FollowerState (FollowerState.java:run(117)) - 2c02d436-c6f2-4204-8248-e3d2779a79c3@group-60CA7EC77FF7-FollowerState was interrupted: java.lang.InterruptedException: sleep interrupted
2019-10-21 23:05:59,199 [Thread-837] INFO  impl.FollowerState (FollowerState.java:run(117)) - 8e5ceb90-17c7-416d-ba3b-e9af83490bf4@group-60CA7EC77FF7-FollowerState was interrupted: java.lang.InterruptedException: sleep interrupted
2019-10-21 23:05:59,199 [grpc-default-executor-1] INFO  impl.RoleInfo (RoleInfo.java:updateAndGet(143)) - 8e5ceb90-17c7-416d-ba3b-e9af83490bf4: start FollowerState
2019-10-21 23:05:59,214 [95f8ce0c-61f1-45b1-a4e7-5b97bbfe9a5b@group-60CA7EC77FF7-LeaderElection44] INFO  impl.LeaderElection (LeaderElection.java:logAndReturn(56)) - 95f8ce0c-61f1-45b1-a4e7-5b97bbfe9a5b@group-60CA7EC77FF7-LeaderElection44: Election REJECTED; received 2 response(s) [95f8ce0c-61f1-45b1-a4e7-5b97bbfe9a5b<-8e5ceb90-17c7-416d-ba3b-e9af83490bf4#0:FAIL-t36, 95f8ce0c-61f1-45b1-a4e7-5b97bbfe9a5b<-2c02d436-c6f2-4204-8248-e3d2779a79c3#0:FAIL-t36] and 0 exception(s); 95f8ce0c-61f1-45b1-a4e7-5b97bbfe9a5b@group-60CA7EC77FF7:t36, leader=null, voted=95f8ce0c-61f1-45b1-a4e7-5b97bbfe9a5b, raftlog=95f8ce0c-61f1-45b1-a4e7-5b97bbfe9a5b@group-60CA7EC77FF7-SegmentedRaftLog:OPENED:c3,f4,i4, conf=0: [8e5ceb90-17c7-416d-ba3b-e9af83490bf4:192.168.69.118:43663, 95f8ce0c-61f1-45b1-a4e7-5b97bbfe9a5b:192.168.69.118:45158, 2c02d436-c6f2-4204-8248-e3d2779a79c3:192.168.69.118:45342], old=null
2019-10-21 23:05:59,214 [95f8ce0c-61f1-45b1-a4e7-5b97bbfe9a5b@group-60CA7EC77FF7-LeaderElection44] INFO  impl.RaftServerImpl (RaftServerImpl.java:setRole(184)) - 95f8ce0c-61f1-45b1-a4e7-5b97bbfe9a5b@group-60CA7EC77FF7: changes role from CANDIDATE to FOLLOWER at term 36 for DISCOVERED_A_NEW_TERM
2019-10-21 23:05:59,214 [95f8ce0c-61f1-45b1-a4e7-5b97bbfe9a5b@group-60CA7EC77FF7-LeaderElection44] INFO  impl.RoleInfo (RoleInfo.java:shutdownLeaderElection(134)) - 95f8ce0c-61f1-45b1-a4e7-5b97bbfe9a5b: shutdown LeaderElection
2019-10-21 23:05:59,214 [95f8ce0c-61f1-45b1-a4e7-5b97bbfe9a5b@group-60CA7EC77FF7-LeaderElection44] INFO  impl.RoleInfo (RoleInfo.java:updateAndGet(143)) - 95f8ce0c-61f1-45b1-a4e7-5b97bbfe9a5b: start FollowerState
2019-10-21 23:05:59,241 [Thread-851] INFO  impl.FollowerState (FollowerState.java:run(108)) - 2c02d436-c6f2-4204-8248-e3d2779a79c3@group-D3AFFDC567C4-FollowerState: change to CANDIDATE, lastRpcTime:164ms, electionTimeout:164ms
2019-10-21 23:05:59,241 [Thread-851] INFO  impl.RoleInfo (RoleInfo.java:shutdownFollowerState(121)) - 2c02d436-c6f2-4204-8248-e3d2779a79c3: shutdown FollowerState
2019-10-21 23:05:59,241 [Thread-851] INFO  impl.RaftServerImpl (RaftServerImpl.java:setRole(184)) - 2c02d436-c6f2-4204-8248-e3d2779a79c3@group-D3AFFDC567C4: changes role from  FOLLOWER to CANDIDATE at term 11 for changeToCandidate
2019-10-21 23:05:59,241 [Thread-851] INFO  impl.RoleInfo (RoleInfo.java:updateAndGet(143)) - 2c02d436-c6f2-4204-8248-e3d2779a79c3: start LeaderElection
2019-10-21 23:05:59,255 [2c02d436-c6f2-4204-8248-e3d2779a79c3@group-D3AFFDC567C4-LeaderElection45] INFO  impl.LeaderElection (LeaderElection.java:askForVotes(178)) - 2c02d436-c6f2-4204-8248-e3d2779a79c3@group-D3AFFDC567C4-LeaderElection45: begin an election at term 12 for -1: [8e5ceb90-17c7-416d-ba3b-e9af83490bf4:192.168.69.118:43663, 95f8ce0c-61f1-45b1-a4e7-5b97bbfe9a5b:192.168.69.118:45158, 2c02d436-c6f2-4204-8248-e3d2779a79c3:192.168.69.118:45342], old=null
2019-10-21 23:05:59,256 [EventQueue-PendingDeleteStatusForPendingDeleteHandler] INFO  block.SCMBlockDeletingService (SCMBlockDeletingService.java:handlePendingDeletes(115)) - Block deletion txnID mismatch in datanode 95f8ce0c-61f1-45b1-a4e7-5b97bbfe9a5b for containerID 1. Datanode delete txnID: 0, SCM txnID: 1
2019-10-21 23:05:59,258 [grpc-default-executor-1] INFO  impl.RaftServerImpl (RaftServerImpl.java:setRole(184)) - 95f8ce0c-61f1-45b1-a4e7-5b97bbfe9a5b@group-D3AFFDC567C4: changes role from  FOLLOWER to FOLLOWER at term 12 for recognizeCandidate:2c02d436-c6f2-4204-8248-e3d2779a79c3
2019-10-21 23:05:59,258 [grpc-default-executor-1] INFO  impl.RoleInfo (RoleInfo.java:shutdownFollowerState(121)) - 95f8ce0c-61f1-45b1-a4e7-5b97bbfe9a5b: shutdown FollowerState
2019-10-21 23:05:59,258 [grpc-default-executor-6] INFO  impl.RaftServerImpl (RaftServerImpl.java:setRole(184)) - 8e5ceb90-17c7-416d-ba3b-e9af83490bf4@group-D3AFFDC567C4: changes role from  FOLLOWER to FOLLOWER at term 12 for recognizeCandidate:2c02d436-c6f2-4204-8248-e3d2779a79c3
2019-10-21 23:05:59,258 [Thread-850] INFO  impl.FollowerState (FollowerState.java:run(117)) - 95f8ce0c-61f1-45b1-a4e7-5b97bbfe9a5b@group-D3AFFDC567C4-FollowerState was interrupted: java.lang.InterruptedException: sleep interrupted
2019-10-21 23:05:59,258 [grpc-default-executor-1] INFO  impl.RoleInfo (RoleInfo.java:updateAndGet(143)) - 95f8ce0c-61f1-45b1-a4e7-5b97bbfe9a5b: start FollowerState
2019-10-21 23:05:59,258 [grpc-default-executor-6] INFO  impl.RoleInfo (RoleInfo.java:shutdownFollowerState(121)) - 8e5ceb90-17c7-416d-ba3b-e9af83490bf4: shutdown FollowerState
2019-10-21 23:05:59,259 [grpc-default-executor-6] INFO  impl.RoleInfo (RoleInfo.java:updateAndGet(143)) - 8e5ceb90-17c7-416d-ba3b-e9af83490bf4: start FollowerState
2019-10-21 23:05:59,259 [Thread-849] INFO  impl.FollowerState (FollowerState.java:run(117)) - 8e5ceb90-17c7-416d-ba3b-e9af83490bf4@group-D3AFFDC567C4-FollowerState was interrupted: java.lang.InterruptedException: sleep interrupted
2019-10-21 23:05:59,260 [Thread-857] INFO  impl.FollowerState (FollowerState.java:run(108)) - 95f8ce0c-61f1-45b1-a4e7-5b97bbfe9a5b@group-60CA7EC77FF7-FollowerState: change to CANDIDATE, lastRpcTime:45ms, electionTimeout:45ms
2019-10-21 23:05:59,260 [Thread-857] INFO  impl.RoleInfo (RoleInfo.java:shutdownFollowerState(121)) - 95f8ce0c-61f1-45b1-a4e7-5b97bbfe9a5b: shutdown FollowerState
2019-10-21 23:05:59,260 [Thread-857] INFO  impl.RaftServerImpl (RaftServerImpl.java:setRole(184)) - 95f8ce0c-61f1-45b1-a4e7-5b97bbfe9a5b@group-60CA7EC77FF7: changes role from  FOLLOWER to CANDIDATE at term 36 for changeToCandidate
2019-10-21 23:05:59,260 [Thread-857] INFO  impl.RoleInfo (RoleInfo.java:updateAndGet(143)) - 95f8ce0c-61f1-45b1-a4e7-5b97bbfe9a5b: start LeaderElection
2019-10-21 23:05:59,271 [2c02d436-c6f2-4204-8248-e3d2779a79c3@group-D3AFFDC567C4-LeaderElection45] INFO  impl.LeaderElection (LeaderElection.java:logAndReturn(56)) - 2c02d436-c6f2-4204-8248-e3d2779a79c3@group-D3AFFDC567C4-LeaderElection45: Election TIMEOUT; received 0 response(s) [] and 0 exception(s); 2c02d436-c6f2-4204-8248-e3d2779a79c3@group-D3AFFDC567C4:t12, leader=null, voted=2c02d436-c6f2-4204-8248-e3d2779a79c3, raftlog=2c02d436-c6f2-4204-8248-e3d2779a79c3@group-D3AFFDC567C4-SegmentedRaftLog:OPENED:c-1,f-1,i0, conf=-1: [8e5ceb90-17c7-416d-ba3b-e9af83490bf4:192.168.69.118:43663, 95f8ce0c-61f1-45b1-a4e7-5b97bbfe9a5b:192.168.69.118:45158, 2c02d436-c6f2-4204-8248-e3d2779a79c3:192.168.69.118:45342], old=null
2019-10-21 23:05:59,271 [95f8ce0c-61f1-45b1-a4e7-5b97bbfe9a5b@group-60CA7EC77FF7-LeaderElection46] INFO  impl.LeaderElection (LeaderElection.java:askForVotes(178)) - 95f8ce0c-61f1-45b1-a4e7-5b97bbfe9a5b@group-60CA7EC77FF7-LeaderElection46: begin an election at term 37 for 0: [8e5ceb90-17c7-416d-ba3b-e9af83490bf4:192.168.69.118:43663, 95f8ce0c-61f1-45b1-a4e7-5b97bbfe9a5b:192.168.69.118:45158, 2c02d436-c6f2-4204-8248-e3d2779a79c3:192.168.69.118:45342], old=null
2019-10-21 23:05:59,272 [Command processor thread] INFO  commandhandler.DeleteBlocksCommandHandler (DeleteBlocksCommandHandler.java:handle(106)) - Start to delete container blocks, TXIDs=[1(0)], numOfContainers=1, numOfBlocks=1
2019-10-21 23:05:59,273 [Command processor thread] INFO  commandhandler.DeleteBlocksCommandHandler (DeleteBlocksCommandHandler.java:handle(106)) - Start to delete container blocks, TXIDs=[1(2)], numOfContainers=1, numOfBlocks=1
2019-10-21 23:05:59,273 [Command processor thread] INFO  commandhandler.DeleteBlocksCommandHandler (DeleteBlocksCommandHandler.java:handle(106)) - Start to delete container blocks, TXIDs=[1(0)], numOfContainers=1, numOfBlocks=1
2019-10-21 23:05:59,273 [grpc-default-executor-6] INFO  impl.RaftServerImpl (RaftServerImpl.java:setRole(184)) - 8e5ceb90-17c7-416d-ba3b-e9af83490bf4@group-60CA7EC77FF7: changes role from  FOLLOWER to FOLLOWER at term 37 for recognizeCandidate:95f8ce0c-61f1-45b1-a4e7-5b97bbfe9a5b
2019-10-21 23:05:59,273 [Command processor thread] INFO  commandhandler.DeleteBlocksCommandHandler (DeleteBlocksCommandHandler.java:handle(106)) - Start to delete container blocks, TXIDs=[1(0)], numOfContainers=1, numOfBlocks=1
2019-10-21 23:05:59,273 [grpc-default-executor-1] INFO  impl.RaftServerImpl (RaftServerImpl.java:setRole(184)) - 2c02d436-c6f2-4204-8248-e3d2779a79c3@group-60CA7EC77FF7: changes role from  FOLLOWER to FOLLOWER at term 37 for recognizeCandidate:95f8ce0c-61f1-45b1-a4e7-5b97bbfe9a5b
2019-10-21 23:05:59,273 [grpc-default-executor-6] INFO  impl.RoleInfo (RoleInfo.java:shutdownFollowerState(121)) - 8e5ceb90-17c7-416d-ba3b-e9af83490bf4: shutdown FollowerState
2019-10-21 23:05:59,274 [grpc-default-executor-1] INFO  impl.RoleInfo (RoleInfo.java:shutdownFollowerState(121)) - 2c02d436-c6f2-4204-8248-e3d2779a79c3: shutdown FollowerState
2019-10-21 23:05:59,274 [Command processor thread] INFO  commandhandler.DeleteBlocksCommandHandler (DeleteBlocksCommandHandler.java:handle(106)) - Start to delete container blocks, TXIDs=[1(2)], numOfContainers=1, numOfBlocks=1
2019-10-21 23:05:59,274 [grpc-default-executor-1] INFO  impl.RoleInfo (RoleInfo.java:updateAndGet(143)) - 2c02d436-c6f2-4204-8248-e3d2779a79c3: start FollowerState
2019-10-21 23:05:59,274 [Thread-855] INFO  impl.FollowerState (FollowerState.java:run(117)) - 2c02d436-c6f2-4204-8248-e3d2779a79c3@group-60CA7EC77FF7-FollowerState was interrupted: java.lang.InterruptedException: sleep interrupted
2019-10-21 23:05:59,274 [grpc-default-executor-6] INFO  impl.RoleInfo (RoleInfo.java:updateAndGet(143)) - 8e5ceb90-17c7-416d-ba3b-e9af83490bf4: start FollowerState
2019-10-21 23:05:59,274 [Thread-856] INFO  impl.FollowerState (FollowerState.java:run(117)) - 8e5ceb90-17c7-416d-ba3b-e9af83490bf4@group-60CA7EC77FF7-FollowerState was interrupted: java.lang.InterruptedException: sleep interrupted
2019-10-21 23:05:59,274 [Command processor thread] INFO  commandhandler.DeleteBlocksCommandHandler (DeleteBlocksCommandHandler.java:handle(106)) - Start to delete container blocks, TXIDs=[1(2)], numOfContainers=1, numOfBlocks=1
2019-10-21 23:05:59,275 [Command processor thread] INFO  commandhandler.DeleteBlocksCommandHandler (DeleteBlocksCommandHandler.java:handle(106)) - Start to delete container blocks, TXIDs=[1(2)], numOfContainers=1, numOfBlocks=1
2019-10-21 23:05:59,275 [Command processor thread] INFO  commandhandler.DeleteBlocksCommandHandler (DeleteBlocksCommandHandler.java:handle(106)) - Start to delete container blocks, TXIDs=[1(0)], numOfContainers=1, numOfBlocks=1
2019-10-21 23:05:59,275 [Command processor thread] INFO  commandhandler.DeleteBlocksCommandHandler (DeleteBlocksCommandHandler.java:handle(106)) - Start to delete container blocks, TXIDs=[1(2)], numOfContainers=1, numOfBlocks=1
2019-10-21 23:05:59,275 [Command processor thread] INFO  commandhandler.DeleteBlocksCommandHandler (DeleteBlocksCommandHandler.java:handle(106)) - Start to delete container blocks, TXIDs=[1(2)], numOfContainers=1, numOfBlocks=1
2019-10-21 23:05:59,275 [Command processor thread] INFO  commandhandler.DeleteBlocksCommandHandler (DeleteBlocksCommandHandler.java:handle(106)) - Start to delete container blocks, TXIDs=[1(2)], numOfContainers=1, numOfBlocks=1
2019-10-21 23:05:59,275 [Command processor thread] INFO  commandhandler.DeleteBlocksCommandHandler (DeleteBlocksCommandHandler.java:handle(106)) - Start to delete container blocks, TXIDs=[1(2)], numOfContainers=1, numOfBlocks=1
2019-10-21 23:05:59,275 [Command processor thread] INFO  commandhandler.DeleteBlocksCommandHandler (DeleteBlocksCommandHandler.java:handle(106)) - Start to delete container blocks, TXIDs=[1(2)], numOfContainers=1, numOfBlocks=1
2019-10-21 23:05:59,276 [Command processor thread] INFO  commandhandler.DeleteBlocksCommandHandler (DeleteBlocksCommandHandler.java:handle(106)) - Start to delete container blocks, TXIDs=[1(0)], numOfContainers=1, numOfBlocks=1
2019-10-21 23:05:59,276 [Command processor thread] INFO  commandhandler.DeleteBlocksCommandHandler (DeleteBlocksCommandHandler.java:handle(106)) - Start to delete container blocks, TXIDs=[1(2)], numOfContainers=1, numOfBlocks=1
2019-10-21 23:05:59,276 [Command processor thread] INFO  commandhandler.DeleteBlocksCommandHandler (DeleteBlocksCommandHandler.java:handle(106)) - Start to delete container blocks, TXIDs=[1(2)], numOfContainers=1, numOfBlocks=1
2019-10-21 23:05:59,276 [Command processor thread] INFO  commandhandler.DeleteBlocksCommandHandler (DeleteBlocksCommandHandler.java:handle(106)) - Start to delete container blocks, TXIDs=[1(2)], numOfContainers=1, numOfBlocks=1
2019-10-21 23:05:59,276 [Command processor thread] INFO  commandhandler.DeleteBlocksCommandHandler (DeleteBlocksCommandHandler.java:handle(106)) - Start to delete container blocks, TXIDs=[1(2)], numOfContainers=1, numOfBlocks=1
2019-10-21 23:05:59,276 [Command processor thread] INFO  commandhandler.DeleteBlocksCommandHandler (DeleteBlocksCommandHandler.java:handle(106)) - Start to delete container blocks, TXIDs=[1(0)], numOfContainers=1, numOfBlocks=1
2019-10-21 23:05:59,276 [Command processor thread] INFO  commandhandler.DeleteBlocksCommandHandler (DeleteBlocksCommandHandler.java:handle(106)) - Start to delete container blocks, TXIDs=[1(2)], numOfContainers=1, numOfBlocks=1
2019-10-21 23:05:59,277 [Command processor thread] INFO  commandhandler.DeleteBlocksCommandHandler (DeleteBlocksCommandHandler.java:handle(106)) - Start to delete container blocks, TXIDs=[1(2)], numOfContainers=1, numOfBlocks=1
2019-10-21 23:05:59,277 [Command processor thread] INFO  commandhandler.DeleteBlocksCommandHandler (DeleteBlocksCommandHandler.java:handle(106)) - Start to delete container blocks, TXIDs=[1(2)], numOfContainers=1, numOfBlocks=1
2019-10-21 23:05:59,277 [Command processor thread] INFO  commandhandler.DeleteBlocksCommandHandler (DeleteBlocksCommandHandler.java:handle(106)) - Start to delete container blocks, TXIDs=[1(0)], numOfContainers=1, numOfBlocks=1
2019-10-21 23:05:59,277 [Command processor thread] INFO  commandhandler.DeleteBlocksCommandHandler (DeleteBlocksCommandHandler.java:handle(106)) - Start to delete container blocks, TXIDs=[1(2)], numOfContainers=1, numOfBlocks=1
2019-10-21 23:05:59,277 [Command processor thread] INFO  commandhandler.DeleteBlocksCommandHandler (DeleteBlocksCommandHandler.java:handle(106)) - Start to delete container blocks, TXIDs=[1(2)], numOfContainers=1, numOfBlocks=1
2019-10-21 23:05:59,277 [Command processor thread] INFO  commandhandler.DeleteBlocksCommandHandler (DeleteBlocksCommandHandler.java:handle(106)) - Start to delete container blocks, TXIDs=[1(2)], numOfContainers=1, numOfBlocks=1
2019-10-21 23:05:59,277 [Command processor thread] INFO  commandhandler.DeleteBlocksCommandHandler (DeleteBlocksCommandHandler.java:handle(106)) - Start to delete container blocks, TXIDs=[1(2)], numOfContainers=1, numOfBlocks=1
2019-10-21 23:05:59,278 [Command processor thread] INFO  commandhandler.DeleteBlocksCommandHandler (DeleteBlocksCommandHandler.java:handle(106)) - Start to delete container blocks, TXIDs=[1(2)], numOfContainers=1, numOfBlocks=1
2019-10-21 23:05:59,278 [Command processor thread] INFO  commandhandler.DeleteBlocksCommandHandler (DeleteBlocksCommandHandler.java:handle(106)) - Start to delete container blocks, TXIDs=[1(0)], numOfContainers=1, numOfBlocks=1
2019-10-21 23:05:59,278 [Command processor thread] INFO  commandhandler.DeleteBlocksCommandHandler (DeleteBlocksCommandHandler.java:handle(106)) - Start to delete container blocks, TXIDs=[1(2)], numOfContainers=1, numOfBlocks=1
2019-10-21 23:05:59,278 [Command processor thread] INFO  commandhandler.DeleteBlocksCommandHandler (DeleteBlocksCommandHandler.java:handle(106)) - Start to delete container blocks, TXIDs=[1(30)], numOfContainers=1, numOfBlocks=1
2019-10-21 23:05:59,278 [Command processor thread] INFO  commandhandler.DeleteBlocksCommandHandler (DeleteBlocksCommandHandler.java:handle(106)) - Start to delete container blocks, TXIDs=[1(2)], numOfContainers=1, numOfBlocks=1
2019-10-21 23:05:59,278 [Command processor thread] INFO  commandhandler.DeleteBlocksCommandHandler (DeleteBlocksCommandHandler.java:handle(106)) - Start to delete container blocks, TXIDs=[1(2)], numOfContainers=1, numOfBlocks=1
2019-10-21 23:05:59,279 [Command processor thread] INFO  commandhandler.DeleteBlocksCommandHandler (DeleteBlocksCommandHandler.java:handle(106)) - Start to delete container blocks, TXIDs=[1(2)], numOfContainers=1, numOfBlocks=1
2019-10-21 23:05:59,279 [Command processor thread] INFO  commandhandler.DeleteBlocksCommandHandler (DeleteBlocksCommandHandler.java:handle(106)) - Start to delete container blocks, TXIDs=[1(2)], numOfContainers=1, numOfBlocks=1
2019-10-21 23:05:59,279 [Command processor thread] INFO  commandhandler.DeleteBlocksCommandHandler (DeleteBlocksCommandHandler.java:handle(106)) - Start to delete container blocks, TXIDs=[1(2)], numOfContainers=1, numOfBlocks=1
2019-10-21 23:05:59,293 [2c02d436-c6f2-4204-8248-e3d2779a79c3@group-D3AFFDC567C4-LeaderElection45] INFO  impl.LeaderElection (LeaderElection.java:askForVotes(178)) - 2c02d436-c6f2-4204-8248-e3d2779a79c3@group-D3AFFDC567C4-LeaderElection45: begin an election at term 13 for -1: [8e5ceb90-17c7-416d-ba3b-e9af83490bf4:192.168.69.118:43663, 95f8ce0c-61f1-45b1-a4e7-5b97bbfe9a5b:192.168.69.118:45158, 2c02d436-c6f2-4204-8248-e3d2779a79c3:192.168.69.118:45342], old=null
2019-10-21 23:05:59,295 [95f8ce0c-61f1-45b1-a4e7-5b97bbfe9a5b@group-60CA7EC77FF7-LeaderElection46] INFO  impl.LeaderElection (LeaderElection.java:logAndReturn(56)) - 95f8ce0c-61f1-45b1-a4e7-5b97bbfe9a5b@group-60CA7EC77FF7-LeaderElection46: Election REJECTED; received 2 response(s) [95f8ce0c-61f1-45b1-a4e7-5b97bbfe9a5b<-8e5ceb90-17c7-416d-ba3b-e9af83490bf4#0:FAIL-t37, 95f8ce0c-61f1-45b1-a4e7-5b97bbfe9a5b<-2c02d436-c6f2-4204-8248-e3d2779a79c3#0:FAIL-t37] and 0 exception(s); 95f8ce0c-61f1-45b1-a4e7-5b97bbfe9a5b@group-60CA7EC77FF7:t37, leader=null, voted=95f8ce0c-61f1-45b1-a4e7-5b97bbfe9a5b, raftlog=95f8ce0c-61f1-45b1-a4e7-5b97bbfe9a5b@group-60CA7EC77FF7-SegmentedRaftLog:OPENED:c3,f4,i4, conf=0: [8e5ceb90-17c7-416d-ba3b-e9af83490bf4:192.168.69.118:43663, 95f8ce0c-61f1-45b1-a4e7-5b97bbfe9a5b:192.168.69.118:45158, 2c02d436-c6f2-4204-8248-e3d2779a79c3:192.168.69.118:45342], old=null
2019-10-21 23:05:59,295 [95f8ce0c-61f1-45b1-a4e7-5b97bbfe9a5b@group-60CA7EC77FF7-LeaderElection46] INFO  impl.RaftServerImpl (RaftServerImpl.java:setRole(184)) - 95f8ce0c-61f1-45b1-a4e7-5b97bbfe9a5b@group-60CA7EC77FF7: changes role from CANDIDATE to FOLLOWER at term 37 for DISCOVERED_A_NEW_TERM
2019-10-21 23:05:59,295 [95f8ce0c-61f1-45b1-a4e7-5b97bbfe9a5b@group-60CA7EC77FF7-LeaderElection46] INFO  impl.RoleInfo (RoleInfo.java:shutdownLeaderElection(134)) - 95f8ce0c-61f1-45b1-a4e7-5b97bbfe9a5b: shutdown LeaderElection
2019-10-21 23:05:59,295 [95f8ce0c-61f1-45b1-a4e7-5b97bbfe9a5b@group-60CA7EC77FF7-LeaderElection46] INFO  impl.RoleInfo (RoleInfo.java:updateAndGet(143)) - 95f8ce0c-61f1-45b1-a4e7-5b97bbfe9a5b: start FollowerState
2019-10-21 23:05:59,295 [grpc-default-executor-6] INFO  impl.RaftServerImpl (RaftServerImpl.java:setRole(184)) - 95f8ce0c-61f1-45b1-a4e7-5b97bbfe9a5b@group-D3AFFDC567C4: changes role from  FOLLOWER to FOLLOWER at term 13 for recognizeCandidate:2c02d436-c6f2-4204-8248-e3d2779a79c3
2019-10-21 23:05:59,296 [grpc-default-executor-1] INFO  impl.RaftServerImpl (RaftServerImpl.java:setRole(184)) - 8e5ceb90-17c7-416d-ba3b-e9af83490bf4@group-D3AFFDC567C4: changes role from  FOLLOWER to FOLLOWER at term 13 for recognizeCandidate:2c02d436-c6f2-4204-8248-e3d2779a79c3
2019-10-21 23:05:59,296 [grpc-default-executor-6] INFO  impl.RoleInfo (RoleInfo.java:shutdownFollowerState(121)) - 95f8ce0c-61f1-45b1-a4e7-5b97bbfe9a5b: shutdown FollowerState
2019-10-21 23:05:59,296 [grpc-default-executor-1] INFO  impl.RoleInfo (RoleInfo.java:shutdownFollowerState(121)) - 8e5ceb90-17c7-416d-ba3b-e9af83490bf4: shutdown FollowerState
2019-10-21 23:05:59,296 [Thread-861] INFO  impl.FollowerState (FollowerState.java:run(117)) - 95f8ce0c-61f1-45b1-a4e7-5b97bbfe9a5b@group-D3AFFDC567C4-FollowerState was interrupted: java.lang.InterruptedException: sleep interrupted
2019-10-21 23:05:59,296 [grpc-default-executor-6] INFO  impl.RoleInfo (RoleInfo.java:updateAndGet(143)) - 95f8ce0c-61f1-45b1-a4e7-5b97bbfe9a5b: start FollowerState
2019-10-21 23:05:59,296 [Thread-862] INFO  impl.FollowerState (FollowerState.java:run(117)) - 8e5ceb90-17c7-416d-ba3b-e9af83490bf4@group-D3AFFDC567C4-FollowerState was interrupted: java.lang.InterruptedException: sleep interrupted
2019-10-21 23:05:59,296 [grpc-default-executor-1] INFO  impl.RoleInfo (RoleInfo.java:updateAndGet(143)) - 8e5ceb90-17c7-416d-ba3b-e9af83490bf4: start FollowerState
2019-10-21 23:05:59,327 [2c02d436-c6f2-4204-8248-e3d2779a79c3@group-D3AFFDC567C4-LeaderElection45] INFO  impl.LeaderElection (LeaderElection.java:logAndReturn(56)) - 2c02d436-c6f2-4204-8248-e3d2779a79c3@group-D3AFFDC567C4-LeaderElection45: Election REJECTED; received 2 response(s) [2c02d436-c6f2-4204-8248-e3d2779a79c3<-8e5ceb90-17c7-416d-ba3b-e9af83490bf4#0:FAIL-t13, 2c02d436-c6f2-4204-8248-e3d2779a79c3<-95f8ce0c-61f1-45b1-a4e7-5b97bbfe9a5b#0:FAIL-t13] and 0 exception(s); 2c02d436-c6f2-4204-8248-e3d2779a79c3@group-D3AFFDC567C4:t13, leader=null, voted=2c02d436-c6f2-4204-8248-e3d2779a79c3, raftlog=2c02d436-c6f2-4204-8248-e3d2779a79c3@group-D3AFFDC567C4-SegmentedRaftLog:OPENED:c-1,f-1,i0, conf=-1: [8e5ceb90-17c7-416d-ba3b-e9af83490bf4:192.168.69.118:43663, 95f8ce0c-61f1-45b1-a4e7-5b97bbfe9a5b:192.168.69.118:45158, 2c02d436-c6f2-4204-8248-e3d2779a79c3:192.168.69.118:45342], old=null
2019-10-21 23:05:59,327 [2c02d436-c6f2-4204-8248-e3d2779a79c3@group-D3AFFDC567C4-LeaderElection45] INFO  impl.RaftServerImpl (RaftServerImpl.java:setRole(184)) - 2c02d436-c6f2-4204-8248-e3d2779a79c3@group-D3AFFDC567C4: changes role from CANDIDATE to FOLLOWER at term 13 for DISCOVERED_A_NEW_TERM
2019-10-21 23:05:59,327 [2c02d436-c6f2-4204-8248-e3d2779a79c3@group-D3AFFDC567C4-LeaderElection45] INFO  impl.RoleInfo (RoleInfo.java:shutdownLeaderElection(134)) - 2c02d436-c6f2-4204-8248-e3d2779a79c3: shutdown LeaderElection
2019-10-21 23:05:59,328 [2c02d436-c6f2-4204-8248-e3d2779a79c3@group-D3AFFDC567C4-LeaderElection45] INFO  impl.RoleInfo (RoleInfo.java:updateAndGet(143)) - 2c02d436-c6f2-4204-8248-e3d2779a79c3: start FollowerState
2019-10-21 23:05:59,372 [Thread-874] INFO  impl.FollowerState (FollowerState.java:run(108)) - 2c02d436-c6f2-4204-8248-e3d2779a79c3@group-D3AFFDC567C4-FollowerState: change to CANDIDATE, lastRpcTime:44ms, electionTimeout:44ms
2019-10-21 23:05:59,372 [Thread-874] INFO  impl.RoleInfo (RoleInfo.java:shutdownFollowerState(121)) - 2c02d436-c6f2-4204-8248-e3d2779a79c3: shutdown FollowerState
2019-10-21 23:05:59,372 [Thread-874] INFO  impl.RaftServerImpl (RaftServerImpl.java:setRole(184)) - 2c02d436-c6f2-4204-8248-e3d2779a79c3@group-D3AFFDC567C4: changes role from  FOLLOWER to CANDIDATE at term 13 for changeToCandidate
2019-10-21 23:05:59,373 [Thread-874] INFO  impl.RoleInfo (RoleInfo.java:updateAndGet(143)) - 2c02d436-c6f2-4204-8248-e3d2779a79c3: start LeaderElection
2019-10-21 23:05:59,389 [2c02d436-c6f2-4204-8248-e3d2779a79c3@group-D3AFFDC567C4-LeaderElection47] INFO  impl.LeaderElection (LeaderElection.java:askForVotes(178)) - 2c02d436-c6f2-4204-8248-e3d2779a79c3@group-D3AFFDC567C4-LeaderElection47: begin an election at term 14 for -1: [8e5ceb90-17c7-416d-ba3b-e9af83490bf4:192.168.69.118:43663, 95f8ce0c-61f1-45b1-a4e7-5b97bbfe9a5b:192.168.69.118:45158, 2c02d436-c6f2-4204-8248-e3d2779a79c3:192.168.69.118:45342], old=null
2019-10-21 23:05:59,392 [grpc-default-executor-6] INFO  impl.RaftServerImpl (RaftServerImpl.java:setRole(184)) - 8e5ceb90-17c7-416d-ba3b-e9af83490bf4@group-D3AFFDC567C4: changes role from  FOLLOWER to FOLLOWER at term 14 for recognizeCandidate:2c02d436-c6f2-4204-8248-e3d2779a79c3
2019-10-21 23:05:59,393 [grpc-default-executor-6] INFO  impl.RoleInfo (RoleInfo.java:shutdownFollowerState(121)) - 8e5ceb90-17c7-416d-ba3b-e9af83490bf4: shutdown FollowerState
2019-10-21 23:05:59,392 [grpc-default-executor-1] INFO  impl.RaftServerImpl (RaftServerImpl.java:setRole(184)) - 95f8ce0c-61f1-45b1-a4e7-5b97bbfe9a5b@group-D3AFFDC567C4: changes role from  FOLLOWER to FOLLOWER at term 14 for recognizeCandidate:2c02d436-c6f2-4204-8248-e3d2779a79c3
2019-10-21 23:05:59,393 [grpc-default-executor-6] INFO  impl.RoleInfo (RoleInfo.java:updateAndGet(143)) - 8e5ceb90-17c7-416d-ba3b-e9af83490bf4: start FollowerState
2019-10-21 23:05:59,393 [Thread-873] INFO  impl.FollowerState (FollowerState.java:run(117)) - 8e5ceb90-17c7-416d-ba3b-e9af83490bf4@group-D3AFFDC567C4-FollowerState was interrupted: java.lang.InterruptedException: sleep interrupted
2019-10-21 23:05:59,393 [grpc-default-executor-1] INFO  impl.RoleInfo (RoleInfo.java:shutdownFollowerState(121)) - 95f8ce0c-61f1-45b1-a4e7-5b97bbfe9a5b: shutdown FollowerState
2019-10-21 23:05:59,393 [grpc-default-executor-1] INFO  impl.RoleInfo (RoleInfo.java:updateAndGet(143)) - 95f8ce0c-61f1-45b1-a4e7-5b97bbfe9a5b: start FollowerState
2019-10-21 23:05:59,393 [Thread-872] INFO  impl.FollowerState (FollowerState.java:run(117)) - 95f8ce0c-61f1-45b1-a4e7-5b97bbfe9a5b@group-D3AFFDC567C4-FollowerState was interrupted: java.lang.InterruptedException: sleep interrupted
2019-10-21 23:05:59,394 [Thread-871] INFO  impl.FollowerState (FollowerState.java:run(108)) - 95f8ce0c-61f1-45b1-a4e7-5b97bbfe9a5b@group-60CA7EC77FF7-FollowerState: change to CANDIDATE, lastRpcTime:99ms, electionTimeout:99ms
2019-10-21 23:05:59,394 [Thread-871] INFO  impl.RoleInfo (RoleInfo.java:shutdownFollowerState(121)) - 95f8ce0c-61f1-45b1-a4e7-5b97bbfe9a5b: shutdown FollowerState
2019-10-21 23:05:59,395 [Thread-871] INFO  impl.RaftServerImpl (RaftServerImpl.java:setRole(184)) - 95f8ce0c-61f1-45b1-a4e7-5b97bbfe9a5b@group-60CA7EC77FF7: changes role from  FOLLOWER to CANDIDATE at term 37 for changeToCandidate
2019-10-21 23:05:59,395 [Thread-871] INFO  impl.RoleInfo (RoleInfo.java:updateAndGet(143)) - 95f8ce0c-61f1-45b1-a4e7-5b97bbfe9a5b: start LeaderElection
2019-10-21 23:05:59,407 [95f8ce0c-61f1-45b1-a4e7-5b97bbfe9a5b@group-60CA7EC77FF7-LeaderElection48] INFO  impl.LeaderElection (LeaderElection.java:askForVotes(178)) - 95f8ce0c-61f1-45b1-a4e7-5b97bbfe9a5b@group-60CA7EC77FF7-LeaderElection48: begin an election at term 38 for 0: [8e5ceb90-17c7-416d-ba3b-e9af83490bf4:192.168.69.118:43663, 95f8ce0c-61f1-45b1-a4e7-5b97bbfe9a5b:192.168.69.118:45158, 2c02d436-c6f2-4204-8248-e3d2779a79c3:192.168.69.118:45342], old=null
2019-10-21 23:05:59,409 [2c02d436-c6f2-4204-8248-e3d2779a79c3@group-D3AFFDC567C4-LeaderElection47] INFO  impl.LeaderElection (LeaderElection.java:logAndReturn(56)) - 2c02d436-c6f2-4204-8248-e3d2779a79c3@group-D3AFFDC567C4-LeaderElection47: Election REJECTED; received 2 response(s) [2c02d436-c6f2-4204-8248-e3d2779a79c3<-8e5ceb90-17c7-416d-ba3b-e9af83490bf4#0:FAIL-t14, 2c02d436-c6f2-4204-8248-e3d2779a79c3<-95f8ce0c-61f1-45b1-a4e7-5b97bbfe9a5b#0:FAIL-t14] and 0 exception(s); 2c02d436-c6f2-4204-8248-e3d2779a79c3@group-D3AFFDC567C4:t14, leader=null, voted=2c02d436-c6f2-4204-8248-e3d2779a79c3, raftlog=2c02d436-c6f2-4204-8248-e3d2779a79c3@group-D3AFFDC567C4-SegmentedRaftLog:OPENED:c-1,f-1,i0, conf=-1: [8e5ceb90-17c7-416d-ba3b-e9af83490bf4:192.168.69.118:43663, 95f8ce0c-61f1-45b1-a4e7-5b97bbfe9a5b:192.168.69.118:45158, 2c02d436-c6f2-4204-8248-e3d2779a79c3:192.168.69.118:45342], old=null
2019-10-21 23:05:59,409 [2c02d436-c6f2-4204-8248-e3d2779a79c3@group-D3AFFDC567C4-LeaderElection47] INFO  impl.RaftServerImpl (RaftServerImpl.java:setRole(184)) - 2c02d436-c6f2-4204-8248-e3d2779a79c3@group-D3AFFDC567C4: changes role from CANDIDATE to FOLLOWER at term 14 for DISCOVERED_A_NEW_TERM
2019-10-21 23:05:59,409 [2c02d436-c6f2-4204-8248-e3d2779a79c3@group-D3AFFDC567C4-LeaderElection47] INFO  impl.RoleInfo (RoleInfo.java:shutdownLeaderElection(134)) - 2c02d436-c6f2-4204-8248-e3d2779a79c3: shutdown LeaderElection
2019-10-21 23:05:59,410 [grpc-default-executor-6] INFO  impl.RaftServerImpl (RaftServerImpl.java:setRole(184)) - 8e5ceb90-17c7-416d-ba3b-e9af83490bf4@group-60CA7EC77FF7: changes role from  FOLLOWER to FOLLOWER at term 38 for recognizeCandidate:95f8ce0c-61f1-45b1-a4e7-5b97bbfe9a5b
2019-10-21 23:05:59,410 [grpc-default-executor-1] INFO  impl.RaftServerImpl (RaftServerImpl.java:setRole(184)) - 2c02d436-c6f2-4204-8248-e3d2779a79c3@group-60CA7EC77FF7: changes role from  FOLLOWER to FOLLOWER at term 38 for recognizeCandidate:95f8ce0c-61f1-45b1-a4e7-5b97bbfe9a5b
2019-10-21 23:05:59,410 [2c02d436-c6f2-4204-8248-e3d2779a79c3@group-D3AFFDC567C4-LeaderElection47] INFO  impl.RoleInfo (RoleInfo.java:updateAndGet(143)) - 2c02d436-c6f2-4204-8248-e3d2779a79c3: start FollowerState
2019-10-21 23:05:59,410 [grpc-default-executor-1] INFO  impl.RoleInfo (RoleInfo.java:shutdownFollowerState(121)) - 2c02d436-c6f2-4204-8248-e3d2779a79c3: shutdown FollowerState
2019-10-21 23:05:59,410 [grpc-default-executor-6] INFO  impl.RoleInfo (RoleInfo.java:shutdownFollowerState(121)) - 8e5ceb90-17c7-416d-ba3b-e9af83490bf4: shutdown FollowerState
2019-10-21 23:05:59,410 [Thread-867] INFO  impl.FollowerState (FollowerState.java:run(117)) - 2c02d436-c6f2-4204-8248-e3d2779a79c3@group-60CA7EC77FF7-FollowerState was interrupted: java.lang.InterruptedException: sleep interrupted
2019-10-21 23:05:59,410 [grpc-default-executor-1] INFO  impl.RoleInfo (RoleInfo.java:updateAndGet(143)) - 2c02d436-c6f2-4204-8248-e3d2779a79c3: start FollowerState
2019-10-21 23:05:59,410 [Thread-866] INFO  impl.FollowerState (FollowerState.java:run(117)) - 8e5ceb90-17c7-416d-ba3b-e9af83490bf4@group-60CA7EC77FF7-FollowerState was interrupted: java.lang.InterruptedException: sleep interrupted
2019-10-21 23:05:59,410 [grpc-default-executor-6] INFO  impl.RoleInfo (RoleInfo.java:updateAndGet(143)) - 8e5ceb90-17c7-416d-ba3b-e9af83490bf4: start FollowerState
2019-10-21 23:05:59,426 [95f8ce0c-61f1-45b1-a4e7-5b97bbfe9a5b@group-60CA7EC77FF7-LeaderElection48] INFO  impl.LeaderElection (LeaderElection.java:logAndReturn(56)) - 95f8ce0c-61f1-45b1-a4e7-5b97bbfe9a5b@group-60CA7EC77FF7-LeaderElection48: Election REJECTED; received 2 response(s) [95f8ce0c-61f1-45b1-a4e7-5b97bbfe9a5b<-8e5ceb90-17c7-416d-ba3b-e9af83490bf4#0:FAIL-t38, 95f8ce0c-61f1-45b1-a4e7-5b97bbfe9a5b<-2c02d436-c6f2-4204-8248-e3d2779a79c3#0:FAIL-t38] and 0 exception(s); 95f8ce0c-61f1-45b1-a4e7-5b97bbfe9a5b@group-60CA7EC77FF7:t38, leader=null, voted=95f8ce0c-61f1-45b1-a4e7-5b97bbfe9a5b, raftlog=95f8ce0c-61f1-45b1-a4e7-5b97bbfe9a5b@group-60CA7EC77FF7-SegmentedRaftLog:OPENED:c3,f4,i4, conf=0: [8e5ceb90-17c7-416d-ba3b-e9af83490bf4:192.168.69.118:43663, 95f8ce0c-61f1-45b1-a4e7-5b97bbfe9a5b:192.168.69.118:45158, 2c02d436-c6f2-4204-8248-e3d2779a79c3:192.168.69.118:45342], old=null
2019-10-21 23:05:59,426 [95f8ce0c-61f1-45b1-a4e7-5b97bbfe9a5b@group-60CA7EC77FF7-LeaderElection48] INFO  impl.RaftServerImpl (RaftServerImpl.java:setRole(184)) - 95f8ce0c-61f1-45b1-a4e7-5b97bbfe9a5b@group-60CA7EC77FF7: changes role from CANDIDATE to FOLLOWER at term 38 for DISCOVERED_A_NEW_TERM
2019-10-21 23:05:59,426 [95f8ce0c-61f1-45b1-a4e7-5b97bbfe9a5b@group-60CA7EC77FF7-LeaderElection48] INFO  impl.RoleInfo (RoleInfo.java:shutdownLeaderElection(134)) - 95f8ce0c-61f1-45b1-a4e7-5b97bbfe9a5b: shutdown LeaderElection
2019-10-21 23:05:59,426 [95f8ce0c-61f1-45b1-a4e7-5b97bbfe9a5b@group-60CA7EC77FF7-LeaderElection48] INFO  impl.RoleInfo (RoleInfo.java:updateAndGet(143)) - 95f8ce0c-61f1-45b1-a4e7-5b97bbfe9a5b: start FollowerState
2019-10-21 23:05:59,444 [Thread-886] INFO  impl.FollowerState (FollowerState.java:run(108)) - 95f8ce0c-61f1-45b1-a4e7-5b97bbfe9a5b@group-60CA7EC77FF7-FollowerState: change to CANDIDATE, lastRpcTime:18ms, electionTimeout:18ms
2019-10-21 23:05:59,445 [Thread-886] INFO  impl.RoleInfo (RoleInfo.java:shutdownFollowerState(121)) - 95f8ce0c-61f1-45b1-a4e7-5b97bbfe9a5b: shutdown FollowerState
2019-10-21 23:05:59,445 [Thread-886] INFO  impl.RaftServerImpl (RaftServerImpl.java:setRole(184)) - 95f8ce0c-61f1-45b1-a4e7-5b97bbfe9a5b@group-60CA7EC77FF7: changes role from  FOLLOWER to CANDIDATE at term 38 for changeToCandidate
2019-10-21 23:05:59,445 [Thread-886] INFO  impl.RoleInfo (RoleInfo.java:updateAndGet(143)) - 95f8ce0c-61f1-45b1-a4e7-5b97bbfe9a5b: start LeaderElection
2019-10-21 23:05:59,457 [95f8ce0c-61f1-45b1-a4e7-5b97bbfe9a5b@group-60CA7EC77FF7-LeaderElection49] INFO  impl.LeaderElection (LeaderElection.java:askForVotes(178)) - 95f8ce0c-61f1-45b1-a4e7-5b97bbfe9a5b@group-60CA7EC77FF7-LeaderElection49: begin an election at term 39 for 0: [8e5ceb90-17c7-416d-ba3b-e9af83490bf4:192.168.69.118:43663, 95f8ce0c-61f1-45b1-a4e7-5b97bbfe9a5b:192.168.69.118:45158, 2c02d436-c6f2-4204-8248-e3d2779a79c3:192.168.69.118:45342], old=null
2019-10-21 23:05:59,459 [grpc-default-executor-6] INFO  impl.RaftServerImpl (RaftServerImpl.java:setRole(184)) - 2c02d436-c6f2-4204-8248-e3d2779a79c3@group-60CA7EC77FF7: changes role from  FOLLOWER to FOLLOWER at term 39 for recognizeCandidate:95f8ce0c-61f1-45b1-a4e7-5b97bbfe9a5b
2019-10-21 23:05:59,459 [grpc-default-executor-1] INFO  impl.RaftServerImpl (RaftServerImpl.java:setRole(184)) - 8e5ceb90-17c7-416d-ba3b-e9af83490bf4@group-60CA7EC77FF7: changes role from  FOLLOWER to FOLLOWER at term 39 for recognizeCandidate:95f8ce0c-61f1-45b1-a4e7-5b97bbfe9a5b
2019-10-21 23:05:59,460 [grpc-default-executor-6] INFO  impl.RoleInfo (RoleInfo.java:shutdownFollowerState(121)) - 2c02d436-c6f2-4204-8248-e3d2779a79c3: shutdown FollowerState
2019-10-21 23:05:59,460 [grpc-default-executor-1] INFO  impl.RoleInfo (RoleInfo.java:shutdownFollowerState(121)) - 8e5ceb90-17c7-416d-ba3b-e9af83490bf4: shutdown FollowerState
2019-10-21 23:05:59,460 [grpc-default-executor-6] INFO  impl.RoleInfo (RoleInfo.java:updateAndGet(143)) - 2c02d436-c6f2-4204-8248-e3d2779a79c3: start FollowerState
2019-10-21 23:05:59,460 [Thread-884] INFO  impl.FollowerState (FollowerState.java:run(117)) - 2c02d436-c6f2-4204-8248-e3d2779a79c3@group-60CA7EC77FF7-FollowerState was interrupted: java.lang.InterruptedException: sleep interrupted
2019-10-21 23:05:59,460 [Thread-885] INFO  impl.FollowerState (FollowerState.java:run(117)) - 8e5ceb90-17c7-416d-ba3b-e9af83490bf4@group-60CA7EC77FF7-FollowerState was interrupted: java.lang.InterruptedException: sleep interrupted
2019-10-21 23:05:59,460 [grpc-default-executor-1] INFO  impl.RoleInfo (RoleInfo.java:updateAndGet(143)) - 8e5ceb90-17c7-416d-ba3b-e9af83490bf4: start FollowerState
2019-10-21 23:05:59,475 [EventQueue-DeleteBlockStatusForDeletedBlockLogImpl] WARN  block.DeletedBlockLogImpl (DeletedBlockLogImpl.java:commitTransactions(205)) - Transaction txId=1 commit by dnId=95f8ce0c-61f1-45b1-a4e7-5b97bbfe9a5b for containerID=#1 failed. Corresponding entry not found.
2019-10-21 23:05:59,476 [EventQueue-DeleteBlockStatusForDeletedBlockLogImpl] WARN  block.DeletedBlockLogImpl (DeletedBlockLogImpl.java:commitTransactions(205)) - Transaction txId=1 commit by dnId=95f8ce0c-61f1-45b1-a4e7-5b97bbfe9a5b for containerID=#1 failed. Corresponding entry not found.
2019-10-21 23:05:59,476 [EventQueue-DeleteBlockStatusForDeletedBlockLogImpl] WARN  block.DeletedBlockLogImpl (DeletedBlockLogImpl.java:commitTransactions(205)) - Transaction txId=1 commit by dnId=95f8ce0c-61f1-45b1-a4e7-5b97bbfe9a5b for containerID=#1 failed. Corresponding entry not found.
2019-10-21 23:05:59,476 [EventQueue-DeleteBlockStatusForDeletedBlockLogImpl] WARN  block.DeletedBlockLogImpl (DeletedBlockLogImpl.java:commitTransactions(205)) - Transaction txId=1 commit by dnId=95f8ce0c-61f1-45b1-a4e7-5b97bbfe9a5b for containerID=#1 failed. Corresponding entry not found.
2019-10-21 23:05:59,476 [EventQueue-DeleteBlockStatusForDeletedBlockLogImpl] WARN  block.DeletedBlockLogImpl (DeletedBlockLogImpl.java:commitTransactions(205)) - Transaction txId=1 commit by dnId=95f8ce0c-61f1-45b1-a4e7-5b97bbfe9a5b for containerID=#1 failed. Corresponding entry not found.
2019-10-21 23:05:59,476 [EventQueue-DeleteBlockStatusForDeletedBlockLogImpl] WARN  block.DeletedBlockLogImpl (DeletedBlockLogImpl.java:commitTransactions(205)) - Transaction txId=1 commit by dnId=95f8ce0c-61f1-45b1-a4e7-5b97bbfe9a5b for containerID=#1 failed. Corresponding entry not found.
2019-10-21 23:05:59,476 [EventQueue-DeleteBlockStatusForDeletedBlockLogImpl] WARN  block.DeletedBlockLogImpl (DeletedBlockLogImpl.java:commitTransactions(205)) - Transaction txId=1 commit by dnId=95f8ce0c-61f1-45b1-a4e7-5b97bbfe9a5b for containerID=#1 failed. Corresponding entry not found.
2019-10-21 23:05:59,477 [95f8ce0c-61f1-45b1-a4e7-5b97bbfe9a5b@group-60CA7EC77FF7-LeaderElection49] INFO  impl.LeaderElection (LeaderElection.java:logAndReturn(56)) - 95f8ce0c-61f1-45b1-a4e7-5b97bbfe9a5b@group-60CA7EC77FF7-LeaderElection49: Election REJECTED; received 2 response(s) [95f8ce0c-61f1-45b1-a4e7-5b97bbfe9a5b<-8e5ceb90-17c7-416d-ba3b-e9af83490bf4#0:FAIL-t39, 95f8ce0c-61f1-45b1-a4e7-5b97bbfe9a5b<-2c02d436-c6f2-4204-8248-e3d2779a79c3#0:FAIL-t39] and 0 exception(s); 95f8ce0c-61f1-45b1-a4e7-5b97bbfe9a5b@group-60CA7EC77FF7:t39, leader=null, voted=95f8ce0c-61f1-45b1-a4e7-5b97bbfe9a5b, raftlog=95f8ce0c-61f1-45b1-a4e7-5b97bbfe9a5b@group-60CA7EC77FF7-SegmentedRaftLog:OPENED:c3,f4,i4, conf=0: [8e5ceb90-17c7-416d-ba3b-e9af83490bf4:192.168.69.118:43663, 95f8ce0c-61f1-45b1-a4e7-5b97bbfe9a5b:192.168.69.118:45158, 2c02d436-c6f2-4204-8248-e3d2779a79c3:192.168.69.118:45342], old=null
2019-10-21 23:05:59,478 [95f8ce0c-61f1-45b1-a4e7-5b97bbfe9a5b@group-60CA7EC77FF7-LeaderElection49] INFO  impl.RaftServerImpl (RaftServerImpl.java:setRole(184)) - 95f8ce0c-61f1-45b1-a4e7-5b97bbfe9a5b@group-60CA7EC77FF7: changes role from CANDIDATE to FOLLOWER at term 39 for DISCOVERED_A_NEW_TERM
2019-10-21 23:05:59,479 [95f8ce0c-61f1-45b1-a4e7-5b97bbfe9a5b@group-60CA7EC77FF7-LeaderElection49] INFO  impl.RoleInfo (RoleInfo.java:shutdownLeaderElection(134)) - 95f8ce0c-61f1-45b1-a4e7-5b97bbfe9a5b: shutdown LeaderElection
2019-10-21 23:05:59,479 [95f8ce0c-61f1-45b1-a4e7-5b97bbfe9a5b@group-60CA7EC77FF7-LeaderElection49] INFO  impl.RoleInfo (RoleInfo.java:updateAndGet(143)) - 95f8ce0c-61f1-45b1-a4e7-5b97bbfe9a5b: start FollowerState
2019-10-21 23:05:59,481 [Thread-894] INFO  client.GrpcClientProtocolService (GrpcClientProtocolService.java:lambda$processClientRequest$0(278)) - Failed RaftClientRequest:client-0013CC304CD3->8e5ceb90-17c7-416d-ba3b-e9af83490bf4@group-60CA7EC77FF7, cid=10, seq=0, Watch-ALL_COMMITTED(6), Message:<EMPTY>, reply=RaftClientReply:client-0013CC304CD3->8e5ceb90-17c7-416d-ba3b-e9af83490bf4@group-60CA7EC77FF7, cid=10, FAILED org.apache.ratis.protocol.NotLeaderException: Server 8e5ceb90-17c7-416d-ba3b-e9af83490bf4@group-60CA7EC77FF7 is not the leader, logIndex=0, commits[8e5ceb90-17c7-416d-ba3b-e9af83490bf4:c10, 95f8ce0c-61f1-45b1-a4e7-5b97bbfe9a5b:c4, 2c02d436-c6f2-4204-8248-e3d2779a79c3:c10]
2019-10-21 23:05:59,528 [Thread-893] INFO  impl.FollowerState (FollowerState.java:run(108)) - 95f8ce0c-61f1-45b1-a4e7-5b97bbfe9a5b@group-60CA7EC77FF7-FollowerState: change to CANDIDATE, lastRpcTime:49ms, electionTimeout:49ms
2019-10-21 23:05:59,528 [Thread-893] INFO  impl.RoleInfo (RoleInfo.java:shutdownFollowerState(121)) - 95f8ce0c-61f1-45b1-a4e7-5b97bbfe9a5b: shutdown FollowerState
2019-10-21 23:05:59,528 [Thread-893] INFO  impl.RaftServerImpl (RaftServerImpl.java:setRole(184)) - 95f8ce0c-61f1-45b1-a4e7-5b97bbfe9a5b@group-60CA7EC77FF7: changes role from  FOLLOWER to CANDIDATE at term 39 for changeToCandidate
2019-10-21 23:05:59,529 [Thread-893] INFO  impl.RoleInfo (RoleInfo.java:updateAndGet(143)) - 95f8ce0c-61f1-45b1-a4e7-5b97bbfe9a5b: start LeaderElection
2019-10-21 23:05:59,534 [95f8ce0c-61f1-45b1-a4e7-5b97bbfe9a5b@group-60CA7EC77FF7-LeaderElection50] INFO  impl.LeaderElection (LeaderElection.java:askForVotes(178)) - 95f8ce0c-61f1-45b1-a4e7-5b97bbfe9a5b@group-60CA7EC77FF7-LeaderElection50: begin an election at term 40 for 0: [8e5ceb90-17c7-416d-ba3b-e9af83490bf4:192.168.69.118:43663, 95f8ce0c-61f1-45b1-a4e7-5b97bbfe9a5b:192.168.69.118:45158, 2c02d436-c6f2-4204-8248-e3d2779a79c3:192.168.69.118:45342], old=null
2019-10-21 23:05:59,536 [grpc-default-executor-6] INFO  impl.RaftServerImpl (RaftServerImpl.java:setRole(184)) - 8e5ceb90-17c7-416d-ba3b-e9af83490bf4@group-60CA7EC77FF7: changes role from  FOLLOWER to FOLLOWER at term 40 for recognizeCandidate:95f8ce0c-61f1-45b1-a4e7-5b97bbfe9a5b
2019-10-21 23:05:59,536 [grpc-default-executor-1] INFO  impl.RaftServerImpl (RaftServerImpl.java:setRole(184)) - 2c02d436-c6f2-4204-8248-e3d2779a79c3@group-60CA7EC77FF7: changes role from  FOLLOWER to FOLLOWER at term 40 for recognizeCandidate:95f8ce0c-61f1-45b1-a4e7-5b97bbfe9a5b
2019-10-21 23:05:59,536 [grpc-default-executor-6] INFO  impl.RoleInfo (RoleInfo.java:shutdownFollowerState(121)) - 8e5ceb90-17c7-416d-ba3b-e9af83490bf4: shutdown FollowerState
2019-10-21 23:05:59,536 [grpc-default-executor-1] INFO  impl.RoleInfo (RoleInfo.java:shutdownFollowerState(121)) - 2c02d436-c6f2-4204-8248-e3d2779a79c3: shutdown FollowerState
2019-10-21 23:05:59,537 [Thread-891] INFO  impl.FollowerState (FollowerState.java:run(117)) - 8e5ceb90-17c7-416d-ba3b-e9af83490bf4@group-60CA7EC77FF7-FollowerState was interrupted: java.lang.InterruptedException: sleep interrupted
2019-10-21 23:05:59,537 [Thread-890] INFO  impl.FollowerState (FollowerState.java:run(117)) - 2c02d436-c6f2-4204-8248-e3d2779a79c3@group-60CA7EC77FF7-FollowerState was interrupted: java.lang.InterruptedException: sleep interrupted
2019-10-21 23:05:59,537 [grpc-default-executor-6] INFO  impl.RoleInfo (RoleInfo.java:updateAndGet(143)) - 8e5ceb90-17c7-416d-ba3b-e9af83490bf4: start FollowerState
2019-10-21 23:05:59,537 [grpc-default-executor-1] INFO  impl.RoleInfo (RoleInfo.java:updateAndGet(143)) - 2c02d436-c6f2-4204-8248-e3d2779a79c3: start FollowerState
2019-10-21 23:05:59,557 [95f8ce0c-61f1-45b1-a4e7-5b97bbfe9a5b@group-60CA7EC77FF7-LeaderElection50] INFO  impl.LeaderElection (LeaderElection.java:logAndReturn(56)) - 95f8ce0c-61f1-45b1-a4e7-5b97bbfe9a5b@group-60CA7EC77FF7-LeaderElection50: Election REJECTED; received 2 response(s) [95f8ce0c-61f1-45b1-a4e7-5b97bbfe9a5b<-8e5ceb90-17c7-416d-ba3b-e9af83490bf4#0:FAIL-t40, 95f8ce0c-61f1-45b1-a4e7-5b97bbfe9a5b<-2c02d436-c6f2-4204-8248-e3d2779a79c3#0:FAIL-t40] and 0 exception(s); 95f8ce0c-61f1-45b1-a4e7-5b97bbfe9a5b@group-60CA7EC77FF7:t40, leader=null, voted=95f8ce0c-61f1-45b1-a4e7-5b97bbfe9a5b, raftlog=95f8ce0c-61f1-45b1-a4e7-5b97bbfe9a5b@group-60CA7EC77FF7-SegmentedRaftLog:OPENED:c3,f4,i4, conf=0: [8e5ceb90-17c7-416d-ba3b-e9af83490bf4:192.168.69.118:43663, 95f8ce0c-61f1-45b1-a4e7-5b97bbfe9a5b:192.168.69.118:45158, 2c02d436-c6f2-4204-8248-e3d2779a79c3:192.168.69.118:45342], old=null
2019-10-21 23:05:59,557 [95f8ce0c-61f1-45b1-a4e7-5b97bbfe9a5b@group-60CA7EC77FF7-LeaderElection50] INFO  impl.RaftServerImpl (RaftServerImpl.java:setRole(184)) - 95f8ce0c-61f1-45b1-a4e7-5b97bbfe9a5b@group-60CA7EC77FF7: changes role from CANDIDATE to FOLLOWER at term 40 for DISCOVERED_A_NEW_TERM
2019-10-21 23:05:59,557 [95f8ce0c-61f1-45b1-a4e7-5b97bbfe9a5b@group-60CA7EC77FF7-LeaderElection50] INFO  impl.RoleInfo (RoleInfo.java:shutdownLeaderElection(134)) - 95f8ce0c-61f1-45b1-a4e7-5b97bbfe9a5b: shutdown LeaderElection
2019-10-21 23:05:59,557 [95f8ce0c-61f1-45b1-a4e7-5b97bbfe9a5b@group-60CA7EC77FF7-LeaderElection50] INFO  impl.RoleInfo (RoleInfo.java:updateAndGet(143)) - 95f8ce0c-61f1-45b1-a4e7-5b97bbfe9a5b: start FollowerState
2019-10-21 23:05:59,571 [Thread-883] INFO  impl.FollowerState (FollowerState.java:run(108)) - 2c02d436-c6f2-4204-8248-e3d2779a79c3@group-D3AFFDC567C4-FollowerState: change to CANDIDATE, lastRpcTime:161ms, electionTimeout:161ms
2019-10-21 23:05:59,571 [Thread-883] INFO  impl.RoleInfo (RoleInfo.java:shutdownFollowerState(121)) - 2c02d436-c6f2-4204-8248-e3d2779a79c3: shutdown FollowerState
2019-10-21 23:05:59,572 [Thread-883] INFO  impl.RaftServerImpl (RaftServerImpl.java:setRole(184)) - 2c02d436-c6f2-4204-8248-e3d2779a79c3@group-D3AFFDC567C4: changes role from  FOLLOWER to CANDIDATE at term 14 for changeToCandidate
2019-10-21 23:05:59,572 [Thread-883] INFO  impl.RoleInfo (RoleInfo.java:updateAndGet(143)) - 2c02d436-c6f2-4204-8248-e3d2779a79c3: start LeaderElection
2019-10-21 23:05:59,577 [2c02d436-c6f2-4204-8248-e3d2779a79c3@group-D3AFFDC567C4-LeaderElection51] INFO  impl.LeaderElection (LeaderElection.java:askForVotes(178)) - 2c02d436-c6f2-4204-8248-e3d2779a79c3@group-D3AFFDC567C4-LeaderElection51: begin an election at term 15 for -1: [8e5ceb90-17c7-416d-ba3b-e9af83490bf4:192.168.69.118:43663, 95f8ce0c-61f1-45b1-a4e7-5b97bbfe9a5b:192.168.69.118:45158, 2c02d436-c6f2-4204-8248-e3d2779a79c3:192.168.69.118:45342], old=null
2019-10-21 23:05:59,579 [grpc-default-executor-1] INFO  impl.RaftServerImpl (RaftServerImpl.java:setRole(184)) - 8e5ceb90-17c7-416d-ba3b-e9af83490bf4@group-D3AFFDC567C4: changes role from  FOLLOWER to FOLLOWER at term 15 for recognizeCandidate:2c02d436-c6f2-4204-8248-e3d2779a79c3
2019-10-21 23:05:59,580 [grpc-default-executor-6] INFO  impl.RaftServerImpl (RaftServerImpl.java:setRole(184)) - 95f8ce0c-61f1-45b1-a4e7-5b97bbfe9a5b@group-D3AFFDC567C4: changes role from  FOLLOWER to FOLLOWER at term 15 for recognizeCandidate:2c02d436-c6f2-4204-8248-e3d2779a79c3
2019-10-21 23:05:59,580 [grpc-default-executor-1] INFO  impl.RoleInfo (RoleInfo.java:shutdownFollowerState(121)) - 8e5ceb90-17c7-416d-ba3b-e9af83490bf4: shutdown FollowerState
2019-10-21 23:05:59,580 [grpc-default-executor-6] INFO  impl.RoleInfo (RoleInfo.java:shutdownFollowerState(121)) - 95f8ce0c-61f1-45b1-a4e7-5b97bbfe9a5b: shutdown FollowerState
2019-10-21 23:05:59,580 [grpc-default-executor-1] INFO  impl.RoleInfo (RoleInfo.java:updateAndGet(143)) - 8e5ceb90-17c7-416d-ba3b-e9af83490bf4: start FollowerState
2019-10-21 23:05:59,580 [Thread-878] INFO  impl.FollowerState (FollowerState.java:run(117)) - 8e5ceb90-17c7-416d-ba3b-e9af83490bf4@group-D3AFFDC567C4-FollowerState was interrupted: java.lang.InterruptedException: sleep interrupted
2019-10-21 23:05:59,580 [Thread-879] INFO  impl.FollowerState (FollowerState.java:run(117)) - 95f8ce0c-61f1-45b1-a4e7-5b97bbfe9a5b@group-D3AFFDC567C4-FollowerState was interrupted: java.lang.InterruptedException: sleep interrupted
2019-10-21 23:05:59,580 [grpc-default-executor-6] INFO  impl.RoleInfo (RoleInfo.java:updateAndGet(143)) - 95f8ce0c-61f1-45b1-a4e7-5b97bbfe9a5b: start FollowerState
2019-10-21 23:05:59,584 [2c02d436-c6f2-4204-8248-e3d2779a79c3@group-D3AFFDC567C4-LeaderElection51] INFO  impl.LeaderElection (LeaderElection.java:logAndReturn(56)) - 2c02d436-c6f2-4204-8248-e3d2779a79c3@group-D3AFFDC567C4-LeaderElection51: Election TIMEOUT; received 0 response(s) [] and 0 exception(s); 2c02d436-c6f2-4204-8248-e3d2779a79c3@group-D3AFFDC567C4:t15, leader=null, voted=2c02d436-c6f2-4204-8248-e3d2779a79c3, raftlog=2c02d436-c6f2-4204-8248-e3d2779a79c3@group-D3AFFDC567C4-SegmentedRaftLog:OPENED:c-1,f-1,i0, conf=-1: [8e5ceb90-17c7-416d-ba3b-e9af83490bf4:192.168.69.118:43663, 95f8ce0c-61f1-45b1-a4e7-5b97bbfe9a5b:192.168.69.118:45158, 2c02d436-c6f2-4204-8248-e3d2779a79c3:192.168.69.118:45342], old=null
2019-10-21 23:05:59,591 [2c02d436-c6f2-4204-8248-e3d2779a79c3@group-D3AFFDC567C4-LeaderElection51] INFO  impl.LeaderElection (LeaderElection.java:askForVotes(178)) - 2c02d436-c6f2-4204-8248-e3d2779a79c3@group-D3AFFDC567C4-LeaderElection51: begin an election at term 16 for -1: [8e5ceb90-17c7-416d-ba3b-e9af83490bf4:192.168.69.118:43663, 95f8ce0c-61f1-45b1-a4e7-5b97bbfe9a5b:192.168.69.118:45158, 2c02d436-c6f2-4204-8248-e3d2779a79c3:192.168.69.118:45342], old=null
2019-10-21 23:05:59,592 [grpc-default-executor-6] INFO  impl.RaftServerImpl (RaftServerImpl.java:setRole(184)) - 8e5ceb90-17c7-416d-ba3b-e9af83490bf4@group-D3AFFDC567C4: changes role from  FOLLOWER to FOLLOWER at term 16 for recognizeCandidate:2c02d436-c6f2-4204-8248-e3d2779a79c3
2019-10-21 23:05:59,592 [grpc-default-executor-1] INFO  impl.RaftServerImpl (RaftServerImpl.java:setRole(184)) - 95f8ce0c-61f1-45b1-a4e7-5b97bbfe9a5b@group-D3AFFDC567C4: changes role from  FOLLOWER to FOLLOWER at term 16 for recognizeCandidate:2c02d436-c6f2-4204-8248-e3d2779a79c3
2019-10-21 23:05:59,593 [grpc-default-executor-6] INFO  impl.RoleInfo (RoleInfo.java:shutdownFollowerState(121)) - 8e5ceb90-17c7-416d-ba3b-e9af83490bf4: shutdown FollowerState
2019-10-21 23:05:59,593 [grpc-default-executor-1] INFO  impl.RoleInfo (RoleInfo.java:shutdownFollowerState(121)) - 95f8ce0c-61f1-45b1-a4e7-5b97bbfe9a5b: shutdown FollowerState
2019-10-21 23:05:59,593 [Thread-905] INFO  impl.FollowerState (FollowerState.java:run(117)) - 8e5ceb90-17c7-416d-ba3b-e9af83490bf4@group-D3AFFDC567C4-FollowerState was interrupted: java.lang.InterruptedException: sleep interrupted
2019-10-21 23:05:59,593 [Thread-906] INFO  impl.FollowerState (FollowerState.java:run(117)) - 95f8ce0c-61f1-45b1-a4e7-5b97bbfe9a5b@group-D3AFFDC567C4-FollowerState was interrupted: java.lang.InterruptedException: sleep interrupted
2019-10-21 23:05:59,593 [grpc-default-executor-6] INFO  impl.RoleInfo (RoleInfo.java:updateAndGet(143)) - 8e5ceb90-17c7-416d-ba3b-e9af83490bf4: start FollowerState
2019-10-21 23:05:59,593 [grpc-default-executor-1] INFO  impl.RoleInfo (RoleInfo.java:updateAndGet(143)) - 95f8ce0c-61f1-45b1-a4e7-5b97bbfe9a5b: start FollowerState
2019-10-21 23:05:59,603 [2c02d436-c6f2-4204-8248-e3d2779a79c3@group-D3AFFDC567C4-LeaderElection51] INFO  impl.LeaderElection (LeaderElection.java:logAndReturn(56)) - 2c02d436-c6f2-4204-8248-e3d2779a79c3@group-D3AFFDC567C4-LeaderElection51: Election REJECTED; received 2 response(s) [2c02d436-c6f2-4204-8248-e3d2779a79c3<-8e5ceb90-17c7-416d-ba3b-e9af83490bf4#0:FAIL-t16, 2c02d436-c6f2-4204-8248-e3d2779a79c3<-95f8ce0c-61f1-45b1-a4e7-5b97bbfe9a5b#0:FAIL-t16] and 0 exception(s); 2c02d436-c6f2-4204-8248-e3d2779a79c3@group-D3AFFDC567C4:t16, leader=null, voted=2c02d436-c6f2-4204-8248-e3d2779a79c3, raftlog=2c02d436-c6f2-4204-8248-e3d2779a79c3@group-D3AFFDC567C4-SegmentedRaftLog:OPENED:c-1,f-1,i0, conf=-1: [8e5ceb90-17c7-416d-ba3b-e9af83490bf4:192.168.69.118:43663, 95f8ce0c-61f1-45b1-a4e7-5b97bbfe9a5b:192.168.69.118:45158, 2c02d436-c6f2-4204-8248-e3d2779a79c3:192.168.69.118:45342], old=null
2019-10-21 23:05:59,603 [2c02d436-c6f2-4204-8248-e3d2779a79c3@group-D3AFFDC567C4-LeaderElection51] INFO  impl.RaftServerImpl (RaftServerImpl.java:setRole(184)) - 2c02d436-c6f2-4204-8248-e3d2779a79c3@group-D3AFFDC567C4: changes role from CANDIDATE to FOLLOWER at term 16 for DISCOVERED_A_NEW_TERM
2019-10-21 23:05:59,604 [2c02d436-c6f2-4204-8248-e3d2779a79c3@group-D3AFFDC567C4-LeaderElection51] INFO  impl.RoleInfo (RoleInfo.java:shutdownLeaderElection(134)) - 2c02d436-c6f2-4204-8248-e3d2779a79c3: shutdown LeaderElection
2019-10-21 23:05:59,604 [2c02d436-c6f2-4204-8248-e3d2779a79c3@group-D3AFFDC567C4-LeaderElection51] INFO  impl.RoleInfo (RoleInfo.java:updateAndGet(143)) - 2c02d436-c6f2-4204-8248-e3d2779a79c3: start FollowerState
2019-10-21 23:05:59,704 [Thread-901] INFO  impl.FollowerState (FollowerState.java:run(108)) - 95f8ce0c-61f1-45b1-a4e7-5b97bbfe9a5b@group-60CA7EC77FF7-FollowerState: change to CANDIDATE, lastRpcTime:147ms, electionTimeout:147ms
2019-10-21 23:05:59,705 [Thread-901] INFO  impl.RoleInfo (RoleInfo.java:shutdownFollowerState(121)) - 95f8ce0c-61f1-45b1-a4e7-5b97bbfe9a5b: shutdown FollowerState
2019-10-21 23:05:59,705 [Thread-901] INFO  impl.RaftServerImpl (RaftServerImpl.java:setRole(184)) - 95f8ce0c-61f1-45b1-a4e7-5b97bbfe9a5b@group-60CA7EC77FF7: changes role from  FOLLOWER to CANDIDATE at term 40 for changeToCandidate
2019-10-21 23:05:59,705 [Thread-901] INFO  impl.RoleInfo (RoleInfo.java:updateAndGet(143)) - 95f8ce0c-61f1-45b1-a4e7-5b97bbfe9a5b: start LeaderElection
2019-10-21 23:05:59,738 [Thread-911] INFO  impl.FollowerState (FollowerState.java:run(108)) - 2c02d436-c6f2-4204-8248-e3d2779a79c3@group-D3AFFDC567C4-FollowerState: change to CANDIDATE, lastRpcTime:134ms, electionTimeout:134ms
2019-10-21 23:05:59,738 [Thread-911] INFO  impl.RoleInfo (RoleInfo.java:shutdownFollowerState(121)) - 2c02d436-c6f2-4204-8248-e3d2779a79c3: shutdown FollowerState
2019-10-21 23:05:59,738 [Thread-911] INFO  impl.RaftServerImpl (RaftServerImpl.java:setRole(184)) - 2c02d436-c6f2-4204-8248-e3d2779a79c3@group-D3AFFDC567C4: changes role from  FOLLOWER to CANDIDATE at term 16 for changeToCandidate
2019-10-21 23:05:59,739 [Thread-911] INFO  impl.RoleInfo (RoleInfo.java:updateAndGet(143)) - 2c02d436-c6f2-4204-8248-e3d2779a79c3: start LeaderElection
2019-10-21 23:05:59,748 [95f8ce0c-61f1-45b1-a4e7-5b97bbfe9a5b@group-60CA7EC77FF7-LeaderElection52] INFO  impl.LeaderElection (LeaderElection.java:askForVotes(178)) - 95f8ce0c-61f1-45b1-a4e7-5b97bbfe9a5b@group-60CA7EC77FF7-LeaderElection52: begin an election at term 41 for 0: [8e5ceb90-17c7-416d-ba3b-e9af83490bf4:192.168.69.118:43663, 95f8ce0c-61f1-45b1-a4e7-5b97bbfe9a5b:192.168.69.118:45158, 2c02d436-c6f2-4204-8248-e3d2779a79c3:192.168.69.118:45342], old=null
2019-10-21 23:05:59,748 [2c02d436-c6f2-4204-8248-e3d2779a79c3@group-D3AFFDC567C4-LeaderElection53] INFO  impl.LeaderElection (LeaderElection.java:askForVotes(178)) - 2c02d436-c6f2-4204-8248-e3d2779a79c3@group-D3AFFDC567C4-LeaderElection53: begin an election at term 17 for -1: [8e5ceb90-17c7-416d-ba3b-e9af83490bf4:192.168.69.118:43663, 95f8ce0c-61f1-45b1-a4e7-5b97bbfe9a5b:192.168.69.118:45158, 2c02d436-c6f2-4204-8248-e3d2779a79c3:192.168.69.118:45342], old=null
2019-10-21 23:05:59,751 [grpc-default-executor-6] INFO  impl.RaftServerImpl (RaftServerImpl.java:setRole(184)) - 8e5ceb90-17c7-416d-ba3b-e9af83490bf4@group-D3AFFDC567C4: changes role from  FOLLOWER to FOLLOWER at term 17 for recognizeCandidate:2c02d436-c6f2-4204-8248-e3d2779a79c3
2019-10-21 23:05:59,752 [grpc-default-executor-6] INFO  impl.RoleInfo (RoleInfo.java:shutdownFollowerState(121)) - 8e5ceb90-17c7-416d-ba3b-e9af83490bf4: shutdown FollowerState
2019-10-21 23:05:59,752 [Thread-909] INFO  impl.FollowerState (FollowerState.java:run(117)) - 8e5ceb90-17c7-416d-ba3b-e9af83490bf4@group-D3AFFDC567C4-FollowerState was interrupted: java.lang.InterruptedException: sleep interrupted
2019-10-21 23:05:59,752 [grpc-default-executor-6] INFO  impl.RoleInfo (RoleInfo.java:updateAndGet(143)) - 8e5ceb90-17c7-416d-ba3b-e9af83490bf4: start FollowerState
2019-10-21 23:05:59,752 [grpc-default-executor-1] INFO  impl.RaftServerImpl (RaftServerImpl.java:setRole(184)) - 8e5ceb90-17c7-416d-ba3b-e9af83490bf4@group-60CA7EC77FF7: changes role from  FOLLOWER to FOLLOWER at term 41 for recognizeCandidate:95f8ce0c-61f1-45b1-a4e7-5b97bbfe9a5b
2019-10-21 23:05:59,752 [grpc-default-executor-7] INFO  impl.RaftServerImpl (RaftServerImpl.java:setRole(184)) - 2c02d436-c6f2-4204-8248-e3d2779a79c3@group-60CA7EC77FF7: changes role from  FOLLOWER to FOLLOWER at term 41 for recognizeCandidate:95f8ce0c-61f1-45b1-a4e7-5b97bbfe9a5b
2019-10-21 23:05:59,752 [grpc-default-executor-1] INFO  impl.RoleInfo (RoleInfo.java:shutdownFollowerState(121)) - 8e5ceb90-17c7-416d-ba3b-e9af83490bf4: shutdown FollowerState
2019-10-21 23:05:59,753 [grpc-default-executor-8] INFO  impl.RaftServerImpl (RaftServerImpl.java:setRole(184)) - 95f8ce0c-61f1-45b1-a4e7-5b97bbfe9a5b@group-D3AFFDC567C4: changes role from  FOLLOWER to FOLLOWER at term 17 for recognizeCandidate:2c02d436-c6f2-4204-8248-e3d2779a79c3
2019-10-21 23:05:59,753 [grpc-default-executor-7] INFO  impl.RoleInfo (RoleInfo.java:shutdownFollowerState(121)) - 2c02d436-c6f2-4204-8248-e3d2779a79c3: shutdown FollowerState
2019-10-21 23:05:59,753 [grpc-default-executor-8] INFO  impl.RoleInfo (RoleInfo.java:shutdownFollowerState(121)) - 95f8ce0c-61f1-45b1-a4e7-5b97bbfe9a5b: shutdown FollowerState
2019-10-21 23:05:59,753 [Thread-899] INFO  impl.FollowerState (FollowerState.java:run(117)) - 8e5ceb90-17c7-416d-ba3b-e9af83490bf4@group-60CA7EC77FF7-FollowerState was interrupted: java.lang.InterruptedException: sleep interrupted
2019-10-21 23:05:59,753 [grpc-default-executor-1] INFO  impl.RoleInfo (RoleInfo.java:updateAndGet(143)) - 8e5ceb90-17c7-416d-ba3b-e9af83490bf4: start FollowerState
2019-10-21 23:05:59,753 [grpc-default-executor-8] INFO  impl.RoleInfo (RoleInfo.java:updateAndGet(143)) - 95f8ce0c-61f1-45b1-a4e7-5b97bbfe9a5b: start FollowerState
2019-10-21 23:05:59,753 [Thread-910] INFO  impl.FollowerState (FollowerState.java:run(117)) - 95f8ce0c-61f1-45b1-a4e7-5b97bbfe9a5b@group-D3AFFDC567C4-FollowerState was interrupted: java.lang.InterruptedException: sleep interrupted
2019-10-21 23:05:59,753 [Thread-900] INFO  impl.FollowerState (FollowerState.java:run(117)) - 2c02d436-c6f2-4204-8248-e3d2779a79c3@group-60CA7EC77FF7-FollowerState was interrupted: java.lang.InterruptedException: sleep interrupted
2019-10-21 23:05:59,753 [grpc-default-executor-7] INFO  impl.RoleInfo (RoleInfo.java:updateAndGet(143)) - 2c02d436-c6f2-4204-8248-e3d2779a79c3: start FollowerState
2019-10-21 23:05:59,766 [95f8ce0c-61f1-45b1-a4e7-5b97bbfe9a5b@group-60CA7EC77FF7-LeaderElection52] INFO  impl.LeaderElection (LeaderElection.java:logAndReturn(56)) - 95f8ce0c-61f1-45b1-a4e7-5b97bbfe9a5b@group-60CA7EC77FF7-LeaderElection52: Election REJECTED; received 2 response(s) [95f8ce0c-61f1-45b1-a4e7-5b97bbfe9a5b<-8e5ceb90-17c7-416d-ba3b-e9af83490bf4#0:FAIL-t41, 95f8ce0c-61f1-45b1-a4e7-5b97bbfe9a5b<-2c02d436-c6f2-4204-8248-e3d2779a79c3#0:FAIL-t41] and 0 exception(s); 95f8ce0c-61f1-45b1-a4e7-5b97bbfe9a5b@group-60CA7EC77FF7:t41, leader=null, voted=95f8ce0c-61f1-45b1-a4e7-5b97bbfe9a5b, raftlog=95f8ce0c-61f1-45b1-a4e7-5b97bbfe9a5b@group-60CA7EC77FF7-SegmentedRaftLog:OPENED:c3,f4,i4, conf=0: [8e5ceb90-17c7-416d-ba3b-e9af83490bf4:192.168.69.118:43663, 95f8ce0c-61f1-45b1-a4e7-5b97bbfe9a5b:192.168.69.118:45158, 2c02d436-c6f2-4204-8248-e3d2779a79c3:192.168.69.118:45342], old=null
2019-10-21 23:05:59,766 [95f8ce0c-61f1-45b1-a4e7-5b97bbfe9a5b@group-60CA7EC77FF7-LeaderElection52] INFO  impl.RaftServerImpl (RaftServerImpl.java:setRole(184)) - 95f8ce0c-61f1-45b1-a4e7-5b97bbfe9a5b@group-60CA7EC77FF7: changes role from CANDIDATE to FOLLOWER at term 41 for DISCOVERED_A_NEW_TERM
2019-10-21 23:05:59,767 [95f8ce0c-61f1-45b1-a4e7-5b97bbfe9a5b@group-60CA7EC77FF7-LeaderElection52] INFO  impl.RoleInfo (RoleInfo.java:shutdownLeaderElection(134)) - 95f8ce0c-61f1-45b1-a4e7-5b97bbfe9a5b: shutdown LeaderElection
2019-10-21 23:05:59,767 [2c02d436-c6f2-4204-8248-e3d2779a79c3@group-D3AFFDC567C4-LeaderElection53] INFO  impl.LeaderElection (LeaderElection.java:logAndReturn(56)) - 2c02d436-c6f2-4204-8248-e3d2779a79c3@group-D3AFFDC567C4-LeaderElection53: Election REJECTED; received 2 response(s) [2c02d436-c6f2-4204-8248-e3d2779a79c3<-8e5ceb90-17c7-416d-ba3b-e9af83490bf4#0:FAIL-t17, 2c02d436-c6f2-4204-8248-e3d2779a79c3<-95f8ce0c-61f1-45b1-a4e7-5b97bbfe9a5b#0:FAIL-t17] and 0 exception(s); 2c02d436-c6f2-4204-8248-e3d2779a79c3@group-D3AFFDC567C4:t17, leader=null, voted=2c02d436-c6f2-4204-8248-e3d2779a79c3, raftlog=2c02d436-c6f2-4204-8248-e3d2779a79c3@group-D3AFFDC567C4-SegmentedRaftLog:OPENED:c-1,f-1,i0, conf=-1: [8e5ceb90-17c7-416d-ba3b-e9af83490bf4:192.168.69.118:43663, 95f8ce0c-61f1-45b1-a4e7-5b97bbfe9a5b:192.168.69.118:45158, 2c02d436-c6f2-4204-8248-e3d2779a79c3:192.168.69.118:45342], old=null
2019-10-21 23:05:59,767 [95f8ce0c-61f1-45b1-a4e7-5b97bbfe9a5b@group-60CA7EC77FF7-LeaderElection52] INFO  impl.RoleInfo (RoleInfo.java:updateAndGet(143)) - 95f8ce0c-61f1-45b1-a4e7-5b97bbfe9a5b: start FollowerState
2019-10-21 23:05:59,767 [2c02d436-c6f2-4204-8248-e3d2779a79c3@group-D3AFFDC567C4-LeaderElection53] INFO  impl.RaftServerImpl (RaftServerImpl.java:setRole(184)) - 2c02d436-c6f2-4204-8248-e3d2779a79c3@group-D3AFFDC567C4: changes role from CANDIDATE to FOLLOWER at term 17 for DISCOVERED_A_NEW_TERM
2019-10-21 23:05:59,767 [2c02d436-c6f2-4204-8248-e3d2779a79c3@group-D3AFFDC567C4-LeaderElection53] INFO  impl.RoleInfo (RoleInfo.java:shutdownLeaderElection(134)) - 2c02d436-c6f2-4204-8248-e3d2779a79c3: shutdown LeaderElection
2019-10-21 23:05:59,767 [2c02d436-c6f2-4204-8248-e3d2779a79c3@group-D3AFFDC567C4-LeaderElection53] INFO  impl.RoleInfo (RoleInfo.java:updateAndGet(143)) - 2c02d436-c6f2-4204-8248-e3d2779a79c3: start FollowerState
2019-10-21 23:05:59,887 [Thread-923] INFO  impl.FollowerState (FollowerState.java:run(108)) - 2c02d436-c6f2-4204-8248-e3d2779a79c3@group-D3AFFDC567C4-FollowerState: change to CANDIDATE, lastRpcTime:119ms, electionTimeout:119ms
2019-10-21 23:05:59,887 [Thread-923] INFO  impl.RoleInfo (RoleInfo.java:shutdownFollowerState(121)) - 2c02d436-c6f2-4204-8248-e3d2779a79c3: shutdown FollowerState
2019-10-21 23:05:59,887 [Thread-923] INFO  impl.RaftServerImpl (RaftServerImpl.java:setRole(184)) - 2c02d436-c6f2-4204-8248-e3d2779a79c3@group-D3AFFDC567C4: changes role from  FOLLOWER to CANDIDATE at term 17 for changeToCandidate
2019-10-21 23:05:59,887 [Thread-923] INFO  impl.RoleInfo (RoleInfo.java:updateAndGet(143)) - 2c02d436-c6f2-4204-8248-e3d2779a79c3: start LeaderElection
2019-10-21 23:05:59,900 [2c02d436-c6f2-4204-8248-e3d2779a79c3@group-D3AFFDC567C4-LeaderElection54] INFO  impl.LeaderElection (LeaderElection.java:askForVotes(178)) - 2c02d436-c6f2-4204-8248-e3d2779a79c3@group-D3AFFDC567C4-LeaderElection54: begin an election at term 18 for -1: [8e5ceb90-17c7-416d-ba3b-e9af83490bf4:192.168.69.118:43663, 95f8ce0c-61f1-45b1-a4e7-5b97bbfe9a5b:192.168.69.118:45158, 2c02d436-c6f2-4204-8248-e3d2779a79c3:192.168.69.118:45342], old=null
2019-10-21 23:05:59,903 [grpc-default-executor-1] INFO  impl.RaftServerImpl (RaftServerImpl.java:setRole(184)) - 8e5ceb90-17c7-416d-ba3b-e9af83490bf4@group-D3AFFDC567C4: changes role from  FOLLOWER to FOLLOWER at term 18 for recognizeCandidate:2c02d436-c6f2-4204-8248-e3d2779a79c3
2019-10-21 23:05:59,903 [grpc-default-executor-1] INFO  impl.RoleInfo (RoleInfo.java:shutdownFollowerState(121)) - 8e5ceb90-17c7-416d-ba3b-e9af83490bf4: shutdown FollowerState
2019-10-21 23:05:59,903 [grpc-default-executor-6] INFO  impl.RaftServerImpl (RaftServerImpl.java:setRole(184)) - 95f8ce0c-61f1-45b1-a4e7-5b97bbfe9a5b@group-D3AFFDC567C4: changes role from  FOLLOWER to FOLLOWER at term 18 for recognizeCandidate:2c02d436-c6f2-4204-8248-e3d2779a79c3
2019-10-21 23:05:59,903 [Thread-918] INFO  impl.FollowerState (FollowerState.java:run(117)) - 8e5ceb90-17c7-416d-ba3b-e9af83490bf4@group-D3AFFDC567C4-FollowerState was interrupted: java.lang.InterruptedException: sleep interrupted
2019-10-21 23:05:59,903 [grpc-default-executor-1] INFO  impl.RoleInfo (RoleInfo.java:updateAndGet(143)) - 8e5ceb90-17c7-416d-ba3b-e9af83490bf4: start FollowerState
2019-10-21 23:05:59,903 [grpc-default-executor-6] INFO  impl.RoleInfo (RoleInfo.java:shutdownFollowerState(121)) - 95f8ce0c-61f1-45b1-a4e7-5b97bbfe9a5b: shutdown FollowerState
2019-10-21 23:05:59,904 [grpc-default-executor-6] INFO  impl.RoleInfo (RoleInfo.java:updateAndGet(143)) - 95f8ce0c-61f1-45b1-a4e7-5b97bbfe9a5b: start FollowerState
2019-10-21 23:05:59,904 [Thread-921] INFO  impl.FollowerState (FollowerState.java:run(117)) - 95f8ce0c-61f1-45b1-a4e7-5b97bbfe9a5b@group-D3AFFDC567C4-FollowerState was interrupted: java.lang.InterruptedException: sleep interrupted
2019-10-21 23:05:59,911 [2c02d436-c6f2-4204-8248-e3d2779a79c3@group-D3AFFDC567C4-LeaderElection54] INFO  impl.LeaderElection (LeaderElection.java:logAndReturn(56)) - 2c02d436-c6f2-4204-8248-e3d2779a79c3@group-D3AFFDC567C4-LeaderElection54: Election REJECTED; received 2 response(s) [2c02d436-c6f2-4204-8248-e3d2779a79c3<-8e5ceb90-17c7-416d-ba3b-e9af83490bf4#0:FAIL-t18, 2c02d436-c6f2-4204-8248-e3d2779a79c3<-95f8ce0c-61f1-45b1-a4e7-5b97bbfe9a5b#0:FAIL-t18] and 0 exception(s); 2c02d436-c6f2-4204-8248-e3d2779a79c3@group-D3AFFDC567C4:t18, leader=null, voted=2c02d436-c6f2-4204-8248-e3d2779a79c3, raftlog=2c02d436-c6f2-4204-8248-e3d2779a79c3@group-D3AFFDC567C4-SegmentedRaftLog:OPENED:c-1,f-1,i0, conf=-1: [8e5ceb90-17c7-416d-ba3b-e9af83490bf4:192.168.69.118:43663, 95f8ce0c-61f1-45b1-a4e7-5b97bbfe9a5b:192.168.69.118:45158, 2c02d436-c6f2-4204-8248-e3d2779a79c3:192.168.69.118:45342], old=null
2019-10-21 23:05:59,911 [2c02d436-c6f2-4204-8248-e3d2779a79c3@group-D3AFFDC567C4-LeaderElection54] INFO  impl.RaftServerImpl (RaftServerImpl.java:setRole(184)) - 2c02d436-c6f2-4204-8248-e3d2779a79c3@group-D3AFFDC567C4: changes role from CANDIDATE to FOLLOWER at term 18 for DISCOVERED_A_NEW_TERM
2019-10-21 23:05:59,911 [2c02d436-c6f2-4204-8248-e3d2779a79c3@group-D3AFFDC567C4-LeaderElection54] INFO  impl.RoleInfo (RoleInfo.java:shutdownLeaderElection(134)) - 2c02d436-c6f2-4204-8248-e3d2779a79c3: shutdown LeaderElection
2019-10-21 23:05:59,911 [2c02d436-c6f2-4204-8248-e3d2779a79c3@group-D3AFFDC567C4-LeaderElection54] INFO  impl.RoleInfo (RoleInfo.java:updateAndGet(143)) - 2c02d436-c6f2-4204-8248-e3d2779a79c3: start FollowerState
2019-10-21 23:05:59,928 [Thread-922] INFO  impl.FollowerState (FollowerState.java:run(108)) - 95f8ce0c-61f1-45b1-a4e7-5b97bbfe9a5b@group-60CA7EC77FF7-FollowerState: change to CANDIDATE, lastRpcTime:161ms, electionTimeout:161ms
2019-10-21 23:05:59,928 [Thread-922] INFO  impl.RoleInfo (RoleInfo.java:shutdownFollowerState(121)) - 95f8ce0c-61f1-45b1-a4e7-5b97bbfe9a5b: shutdown FollowerState
2019-10-21 23:05:59,928 [Thread-922] INFO  impl.RaftServerImpl (RaftServerImpl.java:setRole(184)) - 95f8ce0c-61f1-45b1-a4e7-5b97bbfe9a5b@group-60CA7EC77FF7: changes role from  FOLLOWER to CANDIDATE at term 41 for changeToCandidate
2019-10-21 23:05:59,928 [Thread-922] INFO  impl.RoleInfo (RoleInfo.java:updateAndGet(143)) - 95f8ce0c-61f1-45b1-a4e7-5b97bbfe9a5b: start LeaderElection
2019-10-21 23:05:59,944 [95f8ce0c-61f1-45b1-a4e7-5b97bbfe9a5b@group-60CA7EC77FF7-LeaderElection55] INFO  impl.LeaderElection (LeaderElection.java:askForVotes(178)) - 95f8ce0c-61f1-45b1-a4e7-5b97bbfe9a5b@group-60CA7EC77FF7-LeaderElection55: begin an election at term 42 for 0: [8e5ceb90-17c7-416d-ba3b-e9af83490bf4:192.168.69.118:43663, 95f8ce0c-61f1-45b1-a4e7-5b97bbfe9a5b:192.168.69.118:45158, 2c02d436-c6f2-4204-8248-e3d2779a79c3:192.168.69.118:45342], old=null
2019-10-21 23:05:59,947 [grpc-default-executor-1] INFO  impl.RaftServerImpl (RaftServerImpl.java:setRole(184)) - 2c02d436-c6f2-4204-8248-e3d2779a79c3@group-60CA7EC77FF7: changes role from  FOLLOWER to FOLLOWER at term 42 for recognizeCandidate:95f8ce0c-61f1-45b1-a4e7-5b97bbfe9a5b
2019-10-21 23:05:59,947 [grpc-default-executor-6] INFO  impl.RaftServerImpl (RaftServerImpl.java:setRole(184)) - 8e5ceb90-17c7-416d-ba3b-e9af83490bf4@group-60CA7EC77FF7: changes role from  FOLLOWER to FOLLOWER at term 42 for recognizeCandidate:95f8ce0c-61f1-45b1-a4e7-5b97bbfe9a5b
2019-10-21 23:05:59,948 [grpc-default-executor-1] INFO  impl.RoleInfo (RoleInfo.java:shutdownFollowerState(121)) - 2c02d436-c6f2-4204-8248-e3d2779a79c3: shutdown FollowerState
2019-10-21 23:05:59,948 [grpc-default-executor-6] INFO  impl.RoleInfo (RoleInfo.java:shutdownFollowerState(121)) - 8e5ceb90-17c7-416d-ba3b-e9af83490bf4: shutdown FollowerState
2019-10-21 23:05:59,948 [grpc-default-executor-1] INFO  impl.RoleInfo (RoleInfo.java:updateAndGet(143)) - 2c02d436-c6f2-4204-8248-e3d2779a79c3: start FollowerState
2019-10-21 23:05:59,948 [Thread-920] INFO  impl.FollowerState (FollowerState.java:run(117)) - 2c02d436-c6f2-4204-8248-e3d2779a79c3@group-60CA7EC77FF7-FollowerState was interrupted: java.lang.InterruptedException: sleep interrupted
2019-10-21 23:05:59,948 [Thread-919] INFO  impl.FollowerState (FollowerState.java:run(117)) - 8e5ceb90-17c7-416d-ba3b-e9af83490bf4@group-60CA7EC77FF7-FollowerState was interrupted: java.lang.InterruptedException: sleep interrupted
2019-10-21 23:05:59,948 [grpc-default-executor-6] INFO  impl.RoleInfo (RoleInfo.java:updateAndGet(143)) - 8e5ceb90-17c7-416d-ba3b-e9af83490bf4: start FollowerState
2019-10-21 23:05:59,952 [Thread-929] INFO  impl.FollowerState (FollowerState.java:run(108)) - 2c02d436-c6f2-4204-8248-e3d2779a79c3@group-D3AFFDC567C4-FollowerState: change to CANDIDATE, lastRpcTime:41ms, electionTimeout:41ms
2019-10-21 23:05:59,952 [Thread-929] INFO  impl.RoleInfo (RoleInfo.java:shutdownFollowerState(121)) - 2c02d436-c6f2-4204-8248-e3d2779a79c3: shutdown FollowerState
2019-10-21 23:05:59,953 [Thread-929] INFO  impl.RaftServerImpl (RaftServerImpl.java:setRole(184)) - 2c02d436-c6f2-4204-8248-e3d2779a79c3@group-D3AFFDC567C4: changes role from  FOLLOWER to CANDIDATE at term 18 for changeToCandidate
2019-10-21 23:05:59,953 [Thread-929] INFO  impl.RoleInfo (RoleInfo.java:updateAndGet(143)) - 2c02d436-c6f2-4204-8248-e3d2779a79c3: start LeaderElection
2019-10-21 23:05:59,957 [95f8ce0c-61f1-45b1-a4e7-5b97bbfe9a5b@group-60CA7EC77FF7-LeaderElection55] INFO  impl.LeaderElection (LeaderElection.java:logAndReturn(56)) - 95f8ce0c-61f1-45b1-a4e7-5b97bbfe9a5b@group-60CA7EC77FF7-LeaderElection55: Election REJECTED; received 2 response(s) [95f8ce0c-61f1-45b1-a4e7-5b97bbfe9a5b<-8e5ceb90-17c7-416d-ba3b-e9af83490bf4#0:FAIL-t42, 95f8ce0c-61f1-45b1-a4e7-5b97bbfe9a5b<-2c02d436-c6f2-4204-8248-e3d2779a79c3#0:FAIL-t42] and 0 exception(s); 95f8ce0c-61f1-45b1-a4e7-5b97bbfe9a5b@group-60CA7EC77FF7:t42, leader=null, voted=95f8ce0c-61f1-45b1-a4e7-5b97bbfe9a5b, raftlog=95f8ce0c-61f1-45b1-a4e7-5b97bbfe9a5b@group-60CA7EC77FF7-SegmentedRaftLog:OPENED:c3,f4,i4, conf=0: [8e5ceb90-17c7-416d-ba3b-e9af83490bf4:192.168.69.118:43663, 95f8ce0c-61f1-45b1-a4e7-5b97bbfe9a5b:192.168.69.118:45158, 2c02d436-c6f2-4204-8248-e3d2779a79c3:192.168.69.118:45342], old=null
2019-10-21 23:05:59,958 [95f8ce0c-61f1-45b1-a4e7-5b97bbfe9a5b@group-60CA7EC77FF7-LeaderElection55] INFO  impl.RaftServerImpl (RaftServerImpl.java:setRole(184)) - 95f8ce0c-61f1-45b1-a4e7-5b97bbfe9a5b@group-60CA7EC77FF7: changes role from CANDIDATE to FOLLOWER at term 42 for DISCOVERED_A_NEW_TERM
2019-10-21 23:05:59,958 [95f8ce0c-61f1-45b1-a4e7-5b97bbfe9a5b@group-60CA7EC77FF7-LeaderElection55] INFO  impl.RoleInfo (RoleInfo.java:shutdownLeaderElection(134)) - 95f8ce0c-61f1-45b1-a4e7-5b97bbfe9a5b: shutdown LeaderElection
2019-10-21 23:05:59,958 [95f8ce0c-61f1-45b1-a4e7-5b97bbfe9a5b@group-60CA7EC77FF7-LeaderElection55] INFO  impl.RoleInfo (RoleInfo.java:updateAndGet(143)) - 95f8ce0c-61f1-45b1-a4e7-5b97bbfe9a5b: start FollowerState
2019-10-21 23:05:59,959 [BlockDeletingService#2] WARN  background.BlockDeletingService (BlockDeletingService.java:isDeletionAllowed(187)) - Close Container log Index 6 is not replicated across allthe servers in the pipeline f77f3c44-7213-45ac-81dc-60ca7ec77ff7 as the min replicated index is 4. Deletion is not allowed in this container yet.
2019-10-21 23:05:59,959 [BlockDeletingService#2] WARN  background.BlockDeletingService (BlockDeletingService.java:isDeletionAllowed(187)) - Close Container log Index 6 is not replicated across allthe servers in the pipeline f77f3c44-7213-45ac-81dc-60ca7ec77ff7 as the min replicated index is 4. Deletion is not allowed in this container yet.
2019-10-21 23:05:59,969 [2c02d436-c6f2-4204-8248-e3d2779a79c3@group-D3AFFDC567C4-LeaderElection56] INFO  impl.LeaderElection (LeaderElection.java:askForVotes(178)) - 2c02d436-c6f2-4204-8248-e3d2779a79c3@group-D3AFFDC567C4-LeaderElection56: begin an election at term 19 for -1: [8e5ceb90-17c7-416d-ba3b-e9af83490bf4:192.168.69.118:43663, 95f8ce0c-61f1-45b1-a4e7-5b97bbfe9a5b:192.168.69.118:45158, 2c02d436-c6f2-4204-8248-e3d2779a79c3:192.168.69.118:45342], old=null
2019-10-21 23:05:59,972 [grpc-default-executor-1] INFO  impl.RaftServerImpl (RaftServerImpl.java:setRole(184)) - 8e5ceb90-17c7-416d-ba3b-e9af83490bf4@group-D3AFFDC567C4: changes role from  FOLLOWER to FOLLOWER at term 19 for recognizeCandidate:2c02d436-c6f2-4204-8248-e3d2779a79c3
2019-10-21 23:05:59,972 [grpc-default-executor-6] INFO  impl.RaftServerImpl (RaftServerImpl.java:setRole(184)) - 95f8ce0c-61f1-45b1-a4e7-5b97bbfe9a5b@group-D3AFFDC567C4: changes role from  FOLLOWER to FOLLOWER at term 19 for recognizeCandidate:2c02d436-c6f2-4204-8248-e3d2779a79c3
2019-10-21 23:05:59,973 [grpc-default-executor-1] INFO  impl.RoleInfo (RoleInfo.java:shutdownFollowerState(121)) - 8e5ceb90-17c7-416d-ba3b-e9af83490bf4: shutdown FollowerState
2019-10-21 23:05:59,973 [grpc-default-executor-6] INFO  impl.RoleInfo (RoleInfo.java:shutdownFollowerState(121)) - 95f8ce0c-61f1-45b1-a4e7-5b97bbfe9a5b: shutdown FollowerState
2019-10-21 23:05:59,973 [grpc-default-executor-1] INFO  impl.RoleInfo (RoleInfo.java:updateAndGet(143)) - 8e5ceb90-17c7-416d-ba3b-e9af83490bf4: start FollowerState
2019-10-21 23:05:59,973 [Thread-927] INFO  impl.FollowerState (FollowerState.java:run(117)) - 8e5ceb90-17c7-416d-ba3b-e9af83490bf4@group-D3AFFDC567C4-FollowerState was interrupted: java.lang.InterruptedException: sleep interrupted
2019-10-21 23:05:59,973 [Thread-928] INFO  impl.FollowerState (FollowerState.java:run(117)) - 95f8ce0c-61f1-45b1-a4e7-5b97bbfe9a5b@group-D3AFFDC567C4-FollowerState was interrupted: java.lang.InterruptedException: sleep interrupted
2019-10-21 23:05:59,973 [grpc-default-executor-6] INFO  impl.RoleInfo (RoleInfo.java:updateAndGet(143)) - 95f8ce0c-61f1-45b1-a4e7-5b97bbfe9a5b: start FollowerState
2019-10-21 23:05:59,990 [2c02d436-c6f2-4204-8248-e3d2779a79c3@group-D3AFFDC567C4-LeaderElection56] INFO  impl.LeaderElection (LeaderElection.java:logAndReturn(56)) - 2c02d436-c6f2-4204-8248-e3d2779a79c3@group-D3AFFDC567C4-LeaderElection56: Election TIMEOUT; received 0 response(s) [] and 0 exception(s); 2c02d436-c6f2-4204-8248-e3d2779a79c3@group-D3AFFDC567C4:t19, leader=null, voted=2c02d436-c6f2-4204-8248-e3d2779a79c3, raftlog=2c02d436-c6f2-4204-8248-e3d2779a79c3@group-D3AFFDC567C4-SegmentedRaftLog:OPENED:c-1,f-1,i0, conf=-1: [8e5ceb90-17c7-416d-ba3b-e9af83490bf4:192.168.69.118:43663, 95f8ce0c-61f1-45b1-a4e7-5b97bbfe9a5b:192.168.69.118:45158, 2c02d436-c6f2-4204-8248-e3d2779a79c3:192.168.69.118:45342], old=null
2019-10-21 23:06:00,029 [Thread-936] INFO  impl.FollowerState (FollowerState.java:run(108)) - 95f8ce0c-61f1-45b1-a4e7-5b97bbfe9a5b@group-60CA7EC77FF7-FollowerState: change to CANDIDATE, lastRpcTime:71ms, electionTimeout:71ms
2019-10-21 23:06:00,029 [Thread-936] INFO  impl.RoleInfo (RoleInfo.java:shutdownFollowerState(121)) - 95f8ce0c-61f1-45b1-a4e7-5b97bbfe9a5b: shutdown FollowerState
2019-10-21 23:06:00,030 [Thread-936] INFO  impl.RaftServerImpl (RaftServerImpl.java:setRole(184)) - 95f8ce0c-61f1-45b1-a4e7-5b97bbfe9a5b@group-60CA7EC77FF7: changes role from  FOLLOWER to CANDIDATE at term 42 for changeToCandidate
2019-10-21 23:06:00,030 [Thread-936] INFO  impl.RoleInfo (RoleInfo.java:updateAndGet(143)) - 95f8ce0c-61f1-45b1-a4e7-5b97bbfe9a5b: start LeaderElection
2019-10-21 23:06:00,077 [2c02d436-c6f2-4204-8248-e3d2779a79c3@group-D3AFFDC567C4-LeaderElection56] INFO  impl.LeaderElection (LeaderElection.java:askForVotes(178)) - 2c02d436-c6f2-4204-8248-e3d2779a79c3@group-D3AFFDC567C4-LeaderElection56: begin an election at term 20 for -1: [8e5ceb90-17c7-416d-ba3b-e9af83490bf4:192.168.69.118:43663, 95f8ce0c-61f1-45b1-a4e7-5b97bbfe9a5b:192.168.69.118:45158, 2c02d436-c6f2-4204-8248-e3d2779a79c3:192.168.69.118:45342], old=null
2019-10-21 23:06:00,077 [95f8ce0c-61f1-45b1-a4e7-5b97bbfe9a5b@group-60CA7EC77FF7-LeaderElection57] INFO  impl.LeaderElection (LeaderElection.java:askForVotes(178)) - 95f8ce0c-61f1-45b1-a4e7-5b97bbfe9a5b@group-60CA7EC77FF7-LeaderElection57: begin an election at term 43 for 0: [8e5ceb90-17c7-416d-ba3b-e9af83490bf4:192.168.69.118:43663, 95f8ce0c-61f1-45b1-a4e7-5b97bbfe9a5b:192.168.69.118:45158, 2c02d436-c6f2-4204-8248-e3d2779a79c3:192.168.69.118:45342], old=null
2019-10-21 23:06:00,080 [grpc-default-executor-1] INFO  impl.RaftServerImpl (RaftServerImpl.java:setRole(184)) - 2c02d436-c6f2-4204-8248-e3d2779a79c3@group-60CA7EC77FF7: changes role from  FOLLOWER to FOLLOWER at term 43 for recognizeCandidate:95f8ce0c-61f1-45b1-a4e7-5b97bbfe9a5b
2019-10-21 23:06:00,080 [grpc-default-executor-6] INFO  impl.RaftServerImpl (RaftServerImpl.java:setRole(184)) - 95f8ce0c-61f1-45b1-a4e7-5b97bbfe9a5b@group-D3AFFDC567C4: changes role from  FOLLOWER to FOLLOWER at term 20 for recognizeCandidate:2c02d436-c6f2-4204-8248-e3d2779a79c3
2019-10-21 23:06:00,080 [grpc-default-executor-1] INFO  impl.RoleInfo (RoleInfo.java:shutdownFollowerState(121)) - 2c02d436-c6f2-4204-8248-e3d2779a79c3: shutdown FollowerState
2019-10-21 23:06:00,081 [grpc-default-executor-7] INFO  impl.RaftServerImpl (RaftServerImpl.java:setRole(184)) - 8e5ceb90-17c7-416d-ba3b-e9af83490bf4@group-D3AFFDC567C4: changes role from  FOLLOWER to FOLLOWER at term 20 for recognizeCandidate:2c02d436-c6f2-4204-8248-e3d2779a79c3
2019-10-21 23:06:00,081 [grpc-default-executor-8] INFO  impl.RaftServerImpl (RaftServerImpl.java:setRole(184)) - 8e5ceb90-17c7-416d-ba3b-e9af83490bf4@group-60CA7EC77FF7: changes role from  FOLLOWER to FOLLOWER at term 43 for recognizeCandidate:95f8ce0c-61f1-45b1-a4e7-5b97bbfe9a5b
2019-10-21 23:06:00,081 [grpc-default-executor-8] INFO  impl.RoleInfo (RoleInfo.java:shutdownFollowerState(121)) - 8e5ceb90-17c7-416d-ba3b-e9af83490bf4: shutdown FollowerState
2019-10-21 23:06:00,081 [grpc-default-executor-6] INFO  impl.RoleInfo (RoleInfo.java:shutdownFollowerState(121)) - 95f8ce0c-61f1-45b1-a4e7-5b97bbfe9a5b: shutdown FollowerState
2019-10-21 23:06:00,081 [Thread-934] INFO  impl.FollowerState (FollowerState.java:run(117)) - 8e5ceb90-17c7-416d-ba3b-e9af83490bf4@group-60CA7EC77FF7-FollowerState was interrupted: java.lang.InterruptedException: sleep interrupted
2019-10-21 23:06:00,081 [grpc-default-executor-8] INFO  impl.RoleInfo (RoleInfo.java:updateAndGet(143)) - 8e5ceb90-17c7-416d-ba3b-e9af83490bf4: start FollowerState
2019-10-21 23:06:00,081 [grpc-default-executor-7] INFO  impl.RoleInfo (RoleInfo.java:shutdownFollowerState(121)) - 8e5ceb90-17c7-416d-ba3b-e9af83490bf4: shutdown FollowerState
2019-10-21 23:06:00,081 [Thread-933] INFO  impl.FollowerState (FollowerState.java:run(117)) - 2c02d436-c6f2-4204-8248-e3d2779a79c3@group-60CA7EC77FF7-FollowerState was interrupted: java.lang.InterruptedException: sleep interrupted
2019-10-21 23:06:00,081 [grpc-default-executor-1] INFO  impl.RoleInfo (RoleInfo.java:updateAndGet(143)) - 2c02d436-c6f2-4204-8248-e3d2779a79c3: start FollowerState
2019-10-21 23:06:00,082 [grpc-default-executor-7] INFO  impl.RoleInfo (RoleInfo.java:updateAndGet(143)) - 8e5ceb90-17c7-416d-ba3b-e9af83490bf4: start FollowerState
2019-10-21 23:06:00,082 [Thread-941] INFO  impl.FollowerState (FollowerState.java:run(117)) - 8e5ceb90-17c7-416d-ba3b-e9af83490bf4@group-D3AFFDC567C4-FollowerState was interrupted: java.lang.InterruptedException: sleep interrupted
2019-10-21 23:06:00,081 [grpc-default-executor-6] INFO  impl.RoleInfo (RoleInfo.java:updateAndGet(143)) - 95f8ce0c-61f1-45b1-a4e7-5b97bbfe9a5b: start FollowerState
2019-10-21 23:06:00,081 [Thread-942] INFO  impl.FollowerState (FollowerState.java:run(117)) - 95f8ce0c-61f1-45b1-a4e7-5b97bbfe9a5b@group-D3AFFDC567C4-FollowerState was interrupted: java.lang.InterruptedException: sleep interrupted
2019-10-21 23:06:00,093 [2c02d436-c6f2-4204-8248-e3d2779a79c3@group-D3AFFDC567C4-LeaderElection56] INFO  impl.LeaderElection (LeaderElection.java:logAndReturn(56)) - 2c02d436-c6f2-4204-8248-e3d2779a79c3@group-D3AFFDC567C4-LeaderElection56: Election TIMEOUT; received 0 response(s) [] and 0 exception(s); 2c02d436-c6f2-4204-8248-e3d2779a79c3@group-D3AFFDC567C4:t20, leader=null, voted=2c02d436-c6f2-4204-8248-e3d2779a79c3, raftlog=2c02d436-c6f2-4204-8248-e3d2779a79c3@group-D3AFFDC567C4-SegmentedRaftLog:OPENED:c-1,f-1,i0, conf=-1: [8e5ceb90-17c7-416d-ba3b-e9af83490bf4:192.168.69.118:43663, 95f8ce0c-61f1-45b1-a4e7-5b97bbfe9a5b:192.168.69.118:45158, 2c02d436-c6f2-4204-8248-e3d2779a79c3:192.168.69.118:45342], old=null
2019-10-21 23:06:00,110 [95f8ce0c-61f1-45b1-a4e7-5b97bbfe9a5b@group-60CA7EC77FF7-LeaderElection57] INFO  impl.LeaderElection (LeaderElection.java:logAndReturn(56)) - 95f8ce0c-61f1-45b1-a4e7-5b97bbfe9a5b@group-60CA7EC77FF7-LeaderElection57: Election TIMEOUT; received 0 response(s) [] and 0 exception(s); 95f8ce0c-61f1-45b1-a4e7-5b97bbfe9a5b@group-60CA7EC77FF7:t43, leader=null, voted=95f8ce0c-61f1-45b1-a4e7-5b97bbfe9a5b, raftlog=95f8ce0c-61f1-45b1-a4e7-5b97bbfe9a5b@group-60CA7EC77FF7-SegmentedRaftLog:OPENED:c3,f4,i4, conf=0: [8e5ceb90-17c7-416d-ba3b-e9af83490bf4:192.168.69.118:43663, 95f8ce0c-61f1-45b1-a4e7-5b97bbfe9a5b:192.168.69.118:45158, 2c02d436-c6f2-4204-8248-e3d2779a79c3:192.168.69.118:45342], old=null
2019-10-21 23:06:00,114 [2c02d436-c6f2-4204-8248-e3d2779a79c3@group-D3AFFDC567C4-LeaderElection56] INFO  impl.LeaderElection (LeaderElection.java:askForVotes(178)) - 2c02d436-c6f2-4204-8248-e3d2779a79c3@group-D3AFFDC567C4-LeaderElection56: begin an election at term 21 for -1: [8e5ceb90-17c7-416d-ba3b-e9af83490bf4:192.168.69.118:43663, 95f8ce0c-61f1-45b1-a4e7-5b97bbfe9a5b:192.168.69.118:45158, 2c02d436-c6f2-4204-8248-e3d2779a79c3:192.168.69.118:45342], old=null
2019-10-21 23:06:00,115 [95f8ce0c-61f1-45b1-a4e7-5b97bbfe9a5b@group-60CA7EC77FF7-LeaderElection57] INFO  impl.LeaderElection (LeaderElection.java:askForVotes(178)) - 95f8ce0c-61f1-45b1-a4e7-5b97bbfe9a5b@group-60CA7EC77FF7-LeaderElection57: begin an election at term 44 for 0: [8e5ceb90-17c7-416d-ba3b-e9af83490bf4:192.168.69.118:43663, 95f8ce0c-61f1-45b1-a4e7-5b97bbfe9a5b:192.168.69.118:45158, 2c02d436-c6f2-4204-8248-e3d2779a79c3:192.168.69.118:45342], old=null
2019-10-21 23:06:00,116 [grpc-default-executor-8] INFO  impl.RaftServerImpl (RaftServerImpl.java:setRole(184)) - 8e5ceb90-17c7-416d-ba3b-e9af83490bf4@group-D3AFFDC567C4: changes role from  FOLLOWER to FOLLOWER at term 21 for recognizeCandidate:2c02d436-c6f2-4204-8248-e3d2779a79c3
2019-10-21 23:06:00,116 [grpc-default-executor-8] INFO  impl.RoleInfo (RoleInfo.java:shutdownFollowerState(121)) - 8e5ceb90-17c7-416d-ba3b-e9af83490bf4: shutdown FollowerState
2019-10-21 23:06:00,117 [grpc-default-executor-8] INFO  impl.RoleInfo (RoleInfo.java:updateAndGet(143)) - 8e5ceb90-17c7-416d-ba3b-e9af83490bf4: start FollowerState
2019-10-21 23:06:00,117 [Thread-951] INFO  impl.FollowerState (FollowerState.java:run(117)) - 8e5ceb90-17c7-416d-ba3b-e9af83490bf4@group-D3AFFDC567C4-FollowerState was interrupted: java.lang.InterruptedException: sleep interrupted
2019-10-21 23:06:00,117 [grpc-default-executor-7] INFO  impl.RaftServerImpl (RaftServerImpl.java:setRole(184)) - 8e5ceb90-17c7-416d-ba3b-e9af83490bf4@group-60CA7EC77FF7: changes role from  FOLLOWER to FOLLOWER at term 44 for recognizeCandidate:95f8ce0c-61f1-45b1-a4e7-5b97bbfe9a5b
2019-10-21 23:06:00,117 [grpc-default-executor-6] INFO  impl.RaftServerImpl (RaftServerImpl.java:setRole(184)) - 95f8ce0c-61f1-45b1-a4e7-5b97bbfe9a5b@group-D3AFFDC567C4: changes role from  FOLLOWER to FOLLOWER at term 21 for recognizeCandidate:2c02d436-c6f2-4204-8248-e3d2779a79c3
2019-10-21 23:06:00,117 [grpc-default-executor-7] INFO  impl.RoleInfo (RoleInfo.java:shutdownFollowerState(121)) - 8e5ceb90-17c7-416d-ba3b-e9af83490bf4: shutdown FollowerState
2019-10-21 23:06:00,117 [grpc-default-executor-1] INFO  impl.RaftServerImpl (RaftServerImpl.java:setRole(184)) - 2c02d436-c6f2-4204-8248-e3d2779a79c3@group-60CA7EC77FF7: changes role from  FOLLOWER to FOLLOWER at term 44 for recognizeCandidate:95f8ce0c-61f1-45b1-a4e7-5b97bbfe9a5b
2019-10-21 23:06:00,118 [grpc-default-executor-1] INFO  impl.RoleInfo (RoleInfo.java:shutdownFollowerState(121)) - 2c02d436-c6f2-4204-8248-e3d2779a79c3: shutdown FollowerState
2019-10-21 23:06:00,118 [grpc-default-executor-7] INFO  impl.RoleInfo (RoleInfo.java:updateAndGet(143)) - 8e5ceb90-17c7-416d-ba3b-e9af83490bf4: start FollowerState
2019-10-21 23:06:00,118 [Thread-949] INFO  impl.FollowerState (FollowerState.java:run(117)) - 8e5ceb90-17c7-416d-ba3b-e9af83490bf4@group-60CA7EC77FF7-FollowerState was interrupted: java.lang.InterruptedException: sleep interrupted
2019-10-21 23:06:00,117 [grpc-default-executor-6] INFO  impl.RoleInfo (RoleInfo.java:shutdownFollowerState(121)) - 95f8ce0c-61f1-45b1-a4e7-5b97bbfe9a5b: shutdown FollowerState
2019-10-21 23:06:00,118 [Thread-948] INFO  impl.FollowerState (FollowerState.java:run(117)) - 2c02d436-c6f2-4204-8248-e3d2779a79c3@group-60CA7EC77FF7-FollowerState was interrupted: java.lang.InterruptedException: sleep interrupted
2019-10-21 23:06:00,118 [grpc-default-executor-1] INFO  impl.RoleInfo (RoleInfo.java:updateAndGet(143)) - 2c02d436-c6f2-4204-8248-e3d2779a79c3: start FollowerState
2019-10-21 23:06:00,118 [Thread-950] INFO  impl.FollowerState (FollowerState.java:run(117)) - 95f8ce0c-61f1-45b1-a4e7-5b97bbfe9a5b@group-D3AFFDC567C4-FollowerState was interrupted: java.lang.InterruptedException: sleep interrupted
2019-10-21 23:06:00,118 [grpc-default-executor-6] INFO  impl.RoleInfo (RoleInfo.java:updateAndGet(143)) - 95f8ce0c-61f1-45b1-a4e7-5b97bbfe9a5b: start FollowerState
2019-10-21 23:06:00,138 [95f8ce0c-61f1-45b1-a4e7-5b97bbfe9a5b@group-60CA7EC77FF7-LeaderElection57] INFO  impl.LeaderElection (LeaderElection.java:logAndReturn(56)) - 95f8ce0c-61f1-45b1-a4e7-5b97bbfe9a5b@group-60CA7EC77FF7-LeaderElection57: Election REJECTED; received 2 response(s) [95f8ce0c-61f1-45b1-a4e7-5b97bbfe9a5b<-8e5ceb90-17c7-416d-ba3b-e9af83490bf4#0:FAIL-t44, 95f8ce0c-61f1-45b1-a4e7-5b97bbfe9a5b<-2c02d436-c6f2-4204-8248-e3d2779a79c3#0:FAIL-t44] and 0 exception(s); 95f8ce0c-61f1-45b1-a4e7-5b97bbfe9a5b@group-60CA7EC77FF7:t44, leader=null, voted=95f8ce0c-61f1-45b1-a4e7-5b97bbfe9a5b, raftlog=95f8ce0c-61f1-45b1-a4e7-5b97bbfe9a5b@group-60CA7EC77FF7-SegmentedRaftLog:OPENED:c3,f4,i4, conf=0: [8e5ceb90-17c7-416d-ba3b-e9af83490bf4:192.168.69.118:43663, 95f8ce0c-61f1-45b1-a4e7-5b97bbfe9a5b:192.168.69.118:45158, 2c02d436-c6f2-4204-8248-e3d2779a79c3:192.168.69.118:45342], old=null
2019-10-21 23:06:00,138 [95f8ce0c-61f1-45b1-a4e7-5b97bbfe9a5b@group-60CA7EC77FF7-LeaderElection57] INFO  impl.RaftServerImpl (RaftServerImpl.java:setRole(184)) - 95f8ce0c-61f1-45b1-a4e7-5b97bbfe9a5b@group-60CA7EC77FF7: changes role from CANDIDATE to FOLLOWER at term 44 for DISCOVERED_A_NEW_TERM
2019-10-21 23:06:00,139 [95f8ce0c-61f1-45b1-a4e7-5b97bbfe9a5b@group-60CA7EC77FF7-LeaderElection57] INFO  impl.RoleInfo (RoleInfo.java:shutdownLeaderElection(134)) - 95f8ce0c-61f1-45b1-a4e7-5b97bbfe9a5b: shutdown LeaderElection
2019-10-21 23:06:00,139 [95f8ce0c-61f1-45b1-a4e7-5b97bbfe9a5b@group-60CA7EC77FF7-LeaderElection57] INFO  impl.RoleInfo (RoleInfo.java:updateAndGet(143)) - 95f8ce0c-61f1-45b1-a4e7-5b97bbfe9a5b: start FollowerState
2019-10-21 23:06:00,139 [2c02d436-c6f2-4204-8248-e3d2779a79c3@group-D3AFFDC567C4-LeaderElection56] INFO  impl.LeaderElection (LeaderElection.java:logAndReturn(56)) - 2c02d436-c6f2-4204-8248-e3d2779a79c3@group-D3AFFDC567C4-LeaderElection56: Election REJECTED; received 2 response(s) [2c02d436-c6f2-4204-8248-e3d2779a79c3<-8e5ceb90-17c7-416d-ba3b-e9af83490bf4#0:FAIL-t21, 2c02d436-c6f2-4204-8248-e3d2779a79c3<-95f8ce0c-61f1-45b1-a4e7-5b97bbfe9a5b#0:FAIL-t21] and 0 exception(s); 2c02d436-c6f2-4204-8248-e3d2779a79c3@group-D3AFFDC567C4:t21, leader=null, voted=2c02d436-c6f2-4204-8248-e3d2779a79c3, raftlog=2c02d436-c6f2-4204-8248-e3d2779a79c3@group-D3AFFDC567C4-SegmentedRaftLog:OPENED:c-1,f-1,i0, conf=-1: [8e5ceb90-17c7-416d-ba3b-e9af83490bf4:192.168.69.118:43663, 95f8ce0c-61f1-45b1-a4e7-5b97bbfe9a5b:192.168.69.118:45158, 2c02d436-c6f2-4204-8248-e3d2779a79c3:192.168.69.118:45342], old=null
2019-10-21 23:06:00,139 [2c02d436-c6f2-4204-8248-e3d2779a79c3@group-D3AFFDC567C4-LeaderElection56] INFO  impl.RaftServerImpl (RaftServerImpl.java:setRole(184)) - 2c02d436-c6f2-4204-8248-e3d2779a79c3@group-D3AFFDC567C4: changes role from CANDIDATE to FOLLOWER at term 21 for DISCOVERED_A_NEW_TERM
2019-10-21 23:06:00,139 [2c02d436-c6f2-4204-8248-e3d2779a79c3@group-D3AFFDC567C4-LeaderElection56] INFO  impl.RoleInfo (RoleInfo.java:shutdownLeaderElection(134)) - 2c02d436-c6f2-4204-8248-e3d2779a79c3: shutdown LeaderElection
2019-10-21 23:06:00,139 [2c02d436-c6f2-4204-8248-e3d2779a79c3@group-D3AFFDC567C4-LeaderElection56] INFO  impl.RoleInfo (RoleInfo.java:updateAndGet(143)) - 2c02d436-c6f2-4204-8248-e3d2779a79c3: start FollowerState
2019-10-21 23:06:00,174 [Thread-960] INFO  impl.FollowerState (FollowerState.java:run(108)) - 95f8ce0c-61f1-45b1-a4e7-5b97bbfe9a5b@group-60CA7EC77FF7-FollowerState: change to CANDIDATE, lastRpcTime:35ms, electionTimeout:35ms
2019-10-21 23:06:00,174 [Thread-960] INFO  impl.RoleInfo (RoleInfo.java:shutdownFollowerState(121)) - 95f8ce0c-61f1-45b1-a4e7-5b97bbfe9a5b: shutdown FollowerState
2019-10-21 23:06:00,174 [Thread-960] INFO  impl.RaftServerImpl (RaftServerImpl.java:setRole(184)) - 95f8ce0c-61f1-45b1-a4e7-5b97bbfe9a5b@group-60CA7EC77FF7: changes role from  FOLLOWER to CANDIDATE at term 44 for changeToCandidate
2019-10-21 23:06:00,174 [Thread-960] INFO  impl.RoleInfo (RoleInfo.java:updateAndGet(143)) - 95f8ce0c-61f1-45b1-a4e7-5b97bbfe9a5b: start LeaderElection
2019-10-21 23:06:00,211 [95f8ce0c-61f1-45b1-a4e7-5b97bbfe9a5b@group-60CA7EC77FF7-LeaderElection58] INFO  impl.LeaderElection (LeaderElection.java:askForVotes(178)) - 95f8ce0c-61f1-45b1-a4e7-5b97bbfe9a5b@group-60CA7EC77FF7-LeaderElection58: begin an election at term 45 for 0: [8e5ceb90-17c7-416d-ba3b-e9af83490bf4:192.168.69.118:43663, 95f8ce0c-61f1-45b1-a4e7-5b97bbfe9a5b:192.168.69.118:45158, 2c02d436-c6f2-4204-8248-e3d2779a79c3:192.168.69.118:45342], old=null
2019-10-21 23:06:00,214 [grpc-default-executor-1] INFO  impl.RaftServerImpl (RaftServerImpl.java:setRole(184)) - 8e5ceb90-17c7-416d-ba3b-e9af83490bf4@group-60CA7EC77FF7: changes role from  FOLLOWER to FOLLOWER at term 45 for recognizeCandidate:95f8ce0c-61f1-45b1-a4e7-5b97bbfe9a5b
2019-10-21 23:06:00,214 [grpc-default-executor-6] INFO  impl.RaftServerImpl (RaftServerImpl.java:setRole(184)) - 2c02d436-c6f2-4204-8248-e3d2779a79c3@group-60CA7EC77FF7: changes role from  FOLLOWER to FOLLOWER at term 45 for recognizeCandidate:95f8ce0c-61f1-45b1-a4e7-5b97bbfe9a5b
2019-10-21 23:06:00,214 [grpc-default-executor-1] INFO  impl.RoleInfo (RoleInfo.java:shutdownFollowerState(121)) - 8e5ceb90-17c7-416d-ba3b-e9af83490bf4: shutdown FollowerState
2019-10-21 23:06:00,215 [grpc-default-executor-6] INFO  impl.RoleInfo (RoleInfo.java:shutdownFollowerState(121)) - 2c02d436-c6f2-4204-8248-e3d2779a79c3: shutdown FollowerState
2019-10-21 23:06:00,215 [Thread-957] INFO  impl.FollowerState (FollowerState.java:run(117)) - 8e5ceb90-17c7-416d-ba3b-e9af83490bf4@group-60CA7EC77FF7-FollowerState was interrupted: java.lang.InterruptedException: sleep interrupted
2019-10-21 23:06:00,215 [grpc-default-executor-1] INFO  impl.RoleInfo (RoleInfo.java:updateAndGet(143)) - 8e5ceb90-17c7-416d-ba3b-e9af83490bf4: start FollowerState
2019-10-21 23:06:00,215 [Thread-958] INFO  impl.FollowerState (FollowerState.java:run(117)) - 2c02d436-c6f2-4204-8248-e3d2779a79c3@group-60CA7EC77FF7-FollowerState was interrupted: java.lang.InterruptedException: sleep interrupted
2019-10-21 23:06:00,215 [grpc-default-executor-6] INFO  impl.RoleInfo (RoleInfo.java:updateAndGet(143)) - 2c02d436-c6f2-4204-8248-e3d2779a79c3: start FollowerState
2019-10-21 23:06:00,229 [95f8ce0c-61f1-45b1-a4e7-5b97bbfe9a5b@group-60CA7EC77FF7-LeaderElection58] INFO  impl.LeaderElection (LeaderElection.java:logAndReturn(56)) - 95f8ce0c-61f1-45b1-a4e7-5b97bbfe9a5b@group-60CA7EC77FF7-LeaderElection58: Election REJECTED; received 2 response(s) [95f8ce0c-61f1-45b1-a4e7-5b97bbfe9a5b<-8e5ceb90-17c7-416d-ba3b-e9af83490bf4#0:FAIL-t45, 95f8ce0c-61f1-45b1-a4e7-5b97bbfe9a5b<-2c02d436-c6f2-4204-8248-e3d2779a79c3#0:FAIL-t45] and 0 exception(s); 95f8ce0c-61f1-45b1-a4e7-5b97bbfe9a5b@group-60CA7EC77FF7:t45, leader=null, voted=95f8ce0c-61f1-45b1-a4e7-5b97bbfe9a5b, raftlog=95f8ce0c-61f1-45b1-a4e7-5b97bbfe9a5b@group-60CA7EC77FF7-SegmentedRaftLog:OPENED:c3,f4,i4, conf=0: [8e5ceb90-17c7-416d-ba3b-e9af83490bf4:192.168.69.118:43663, 95f8ce0c-61f1-45b1-a4e7-5b97bbfe9a5b:192.168.69.118:45158, 2c02d436-c6f2-4204-8248-e3d2779a79c3:192.168.69.118:45342], old=null
2019-10-21 23:06:00,229 [95f8ce0c-61f1-45b1-a4e7-5b97bbfe9a5b@group-60CA7EC77FF7-LeaderElection58] INFO  impl.RaftServerImpl (RaftServerImpl.java:setRole(184)) - 95f8ce0c-61f1-45b1-a4e7-5b97bbfe9a5b@group-60CA7EC77FF7: changes role from CANDIDATE to FOLLOWER at term 45 for DISCOVERED_A_NEW_TERM
2019-10-21 23:06:00,229 [95f8ce0c-61f1-45b1-a4e7-5b97bbfe9a5b@group-60CA7EC77FF7-LeaderElection58] INFO  impl.RoleInfo (RoleInfo.java:shutdownLeaderElection(134)) - 95f8ce0c-61f1-45b1-a4e7-5b97bbfe9a5b: shutdown LeaderElection
2019-10-21 23:06:00,229 [95f8ce0c-61f1-45b1-a4e7-5b97bbfe9a5b@group-60CA7EC77FF7-LeaderElection58] INFO  impl.RoleInfo (RoleInfo.java:updateAndGet(143)) - 95f8ce0c-61f1-45b1-a4e7-5b97bbfe9a5b: start FollowerState
2019-10-21 23:06:00,248 [Thread-961] INFO  impl.FollowerState (FollowerState.java:run(108)) - 2c02d436-c6f2-4204-8248-e3d2779a79c3@group-D3AFFDC567C4-FollowerState: change to CANDIDATE, lastRpcTime:108ms, electionTimeout:108ms
2019-10-21 23:06:00,248 [Thread-961] INFO  impl.RoleInfo (RoleInfo.java:shutdownFollowerState(121)) - 2c02d436-c6f2-4204-8248-e3d2779a79c3: shutdown FollowerState
2019-10-21 23:06:00,248 [Thread-961] INFO  impl.RaftServerImpl (RaftServerImpl.java:setRole(184)) - 2c02d436-c6f2-4204-8248-e3d2779a79c3@group-D3AFFDC567C4: changes role from  FOLLOWER to CANDIDATE at term 21 for changeToCandidate
2019-10-21 23:06:00,248 [Thread-961] INFO  impl.RoleInfo (RoleInfo.java:updateAndGet(143)) - 2c02d436-c6f2-4204-8248-e3d2779a79c3: start LeaderElection
2019-10-21 23:06:00,264 [2c02d436-c6f2-4204-8248-e3d2779a79c3@group-D3AFFDC567C4-LeaderElection59] INFO  impl.LeaderElection (LeaderElection.java:askForVotes(178)) - 2c02d436-c6f2-4204-8248-e3d2779a79c3@group-D3AFFDC567C4-LeaderElection59: begin an election at term 22 for -1: [8e5ceb90-17c7-416d-ba3b-e9af83490bf4:192.168.69.118:43663, 95f8ce0c-61f1-45b1-a4e7-5b97bbfe9a5b:192.168.69.118:45158, 2c02d436-c6f2-4204-8248-e3d2779a79c3:192.168.69.118:45342], old=null
2019-10-21 23:06:00,266 [2c02d436-c6f2-4204-8248-e3d2779a79c3@group-D3AFFDC567C4-LeaderElection59] INFO  impl.LeaderElection (LeaderElection.java:logAndReturn(56)) - 2c02d436-c6f2-4204-8248-e3d2779a79c3@group-D3AFFDC567C4-LeaderElection59: Election TIMEOUT; received 0 response(s) [] and 0 exception(s); 2c02d436-c6f2-4204-8248-e3d2779a79c3@group-D3AFFDC567C4:t22, leader=null, voted=2c02d436-c6f2-4204-8248-e3d2779a79c3, raftlog=2c02d436-c6f2-4204-8248-e3d2779a79c3@group-D3AFFDC567C4-SegmentedRaftLog:OPENED:c-1,f-1,i0, conf=-1: [8e5ceb90-17c7-416d-ba3b-e9af83490bf4:192.168.69.118:43663, 95f8ce0c-61f1-45b1-a4e7-5b97bbfe9a5b:192.168.69.118:45158, 2c02d436-c6f2-4204-8248-e3d2779a79c3:192.168.69.118:45342], old=null
2019-10-21 23:06:00,267 [grpc-default-executor-1] INFO  impl.RaftServerImpl (RaftServerImpl.java:setRole(184)) - 95f8ce0c-61f1-45b1-a4e7-5b97bbfe9a5b@group-D3AFFDC567C4: changes role from  FOLLOWER to FOLLOWER at term 22 for recognizeCandidate:2c02d436-c6f2-4204-8248-e3d2779a79c3
2019-10-21 23:06:00,267 [grpc-default-executor-6] INFO  impl.RaftServerImpl (RaftServerImpl.java:setRole(184)) - 8e5ceb90-17c7-416d-ba3b-e9af83490bf4@group-D3AFFDC567C4: changes role from  FOLLOWER to FOLLOWER at term 22 for recognizeCandidate:2c02d436-c6f2-4204-8248-e3d2779a79c3
2019-10-21 23:06:00,267 [grpc-default-executor-6] INFO  impl.RoleInfo (RoleInfo.java:shutdownFollowerState(121)) - 8e5ceb90-17c7-416d-ba3b-e9af83490bf4: shutdown FollowerState
2019-10-21 23:06:00,267 [grpc-default-executor-1] INFO  impl.RoleInfo (RoleInfo.java:shutdownFollowerState(121)) - 95f8ce0c-61f1-45b1-a4e7-5b97bbfe9a5b: shutdown FollowerState
2019-10-21 23:06:00,267 [Thread-956] INFO  impl.FollowerState (FollowerState.java:run(117)) - 8e5ceb90-17c7-416d-ba3b-e9af83490bf4@group-D3AFFDC567C4-FollowerState was interrupted: java.lang.InterruptedException: sleep interrupted
2019-10-21 23:06:00,267 [grpc-default-executor-6] INFO  impl.RoleInfo (RoleInfo.java:updateAndGet(143)) - 8e5ceb90-17c7-416d-ba3b-e9af83490bf4: start FollowerState
2019-10-21 23:06:00,267 [grpc-default-executor-1] INFO  impl.RoleInfo (RoleInfo.java:updateAndGet(143)) - 95f8ce0c-61f1-45b1-a4e7-5b97bbfe9a5b: start FollowerState
2019-10-21 23:06:00,267 [Thread-959] INFO  impl.FollowerState (FollowerState.java:run(117)) - 95f8ce0c-61f1-45b1-a4e7-5b97bbfe9a5b@group-D3AFFDC567C4-FollowerState was interrupted: java.lang.InterruptedException: sleep interrupted
2019-10-21 23:06:00,304 [Thread-967] INFO  impl.FollowerState (FollowerState.java:run(108)) - 95f8ce0c-61f1-45b1-a4e7-5b97bbfe9a5b@group-60CA7EC77FF7-FollowerState: change to CANDIDATE, lastRpcTime:74ms, electionTimeout:74ms
2019-10-21 23:06:00,304 [Thread-967] INFO  impl.RoleInfo (RoleInfo.java:shutdownFollowerState(121)) - 95f8ce0c-61f1-45b1-a4e7-5b97bbfe9a5b: shutdown FollowerState
2019-10-21 23:06:00,304 [Thread-967] INFO  impl.RaftServerImpl (RaftServerImpl.java:setRole(184)) - 95f8ce0c-61f1-45b1-a4e7-5b97bbfe9a5b@group-60CA7EC77FF7: changes role from  FOLLOWER to CANDIDATE at term 45 for changeToCandidate
2019-10-21 23:06:00,304 [Thread-967] INFO  impl.RoleInfo (RoleInfo.java:updateAndGet(143)) - 95f8ce0c-61f1-45b1-a4e7-5b97bbfe9a5b: start LeaderElection
2019-10-21 23:06:00,317 [2c02d436-c6f2-4204-8248-e3d2779a79c3@group-D3AFFDC567C4-LeaderElection59] INFO  impl.LeaderElection (LeaderElection.java:askForVotes(178)) - 2c02d436-c6f2-4204-8248-e3d2779a79c3@group-D3AFFDC567C4-LeaderElection59: begin an election at term 23 for -1: [8e5ceb90-17c7-416d-ba3b-e9af83490bf4:192.168.69.118:43663, 95f8ce0c-61f1-45b1-a4e7-5b97bbfe9a5b:192.168.69.118:45158, 2c02d436-c6f2-4204-8248-e3d2779a79c3:192.168.69.118:45342], old=null
2019-10-21 23:06:00,319 [grpc-default-executor-6] INFO  impl.RaftServerImpl (RaftServerImpl.java:setRole(184)) - 8e5ceb90-17c7-416d-ba3b-e9af83490bf4@group-D3AFFDC567C4: changes role from  FOLLOWER to FOLLOWER at term 23 for recognizeCandidate:2c02d436-c6f2-4204-8248-e3d2779a79c3
2019-10-21 23:06:00,319 [grpc-default-executor-6] INFO  impl.RoleInfo (RoleInfo.java:shutdownFollowerState(121)) - 8e5ceb90-17c7-416d-ba3b-e9af83490bf4: shutdown FollowerState
2019-10-21 23:06:00,319 [grpc-default-executor-1] INFO  impl.RaftServerImpl (RaftServerImpl.java:setRole(184)) - 95f8ce0c-61f1-45b1-a4e7-5b97bbfe9a5b@group-D3AFFDC567C4: changes role from  FOLLOWER to FOLLOWER at term 23 for recognizeCandidate:2c02d436-c6f2-4204-8248-e3d2779a79c3
2019-10-21 23:06:00,320 [grpc-default-executor-6] INFO  impl.RoleInfo (RoleInfo.java:updateAndGet(143)) - 8e5ceb90-17c7-416d-ba3b-e9af83490bf4: start FollowerState
2019-10-21 23:06:00,320 [Thread-971] INFO  impl.FollowerState (FollowerState.java:run(117)) - 8e5ceb90-17c7-416d-ba3b-e9af83490bf4@group-D3AFFDC567C4-FollowerState was interrupted: java.lang.InterruptedException: sleep interrupted
2019-10-21 23:06:00,320 [grpc-default-executor-1] INFO  impl.RoleInfo (RoleInfo.java:shutdownFollowerState(121)) - 95f8ce0c-61f1-45b1-a4e7-5b97bbfe9a5b: shutdown FollowerState
2019-10-21 23:06:00,320 [grpc-default-executor-1] INFO  impl.RoleInfo (RoleInfo.java:updateAndGet(143)) - 95f8ce0c-61f1-45b1-a4e7-5b97bbfe9a5b: start FollowerState
2019-10-21 23:06:00,320 [Thread-972] INFO  impl.FollowerState (FollowerState.java:run(117)) - 95f8ce0c-61f1-45b1-a4e7-5b97bbfe9a5b@group-D3AFFDC567C4-FollowerState was interrupted: java.lang.InterruptedException: sleep interrupted
2019-10-21 23:06:00,368 [95f8ce0c-61f1-45b1-a4e7-5b97bbfe9a5b@group-60CA7EC77FF7-LeaderElection60] INFO  impl.LeaderElection (LeaderElection.java:askForVotes(178)) - 95f8ce0c-61f1-45b1-a4e7-5b97bbfe9a5b@group-60CA7EC77FF7-LeaderElection60: begin an election at term 46 for 0: [8e5ceb90-17c7-416d-ba3b-e9af83490bf4:192.168.69.118:43663, 95f8ce0c-61f1-45b1-a4e7-5b97bbfe9a5b:192.168.69.118:45158, 2c02d436-c6f2-4204-8248-e3d2779a79c3:192.168.69.118:45342], old=null
2019-10-21 23:06:00,370 [grpc-default-executor-8] INFO  impl.RaftServerImpl (RaftServerImpl.java:setRole(184)) - 8e5ceb90-17c7-416d-ba3b-e9af83490bf4@group-60CA7EC77FF7: changes role from  FOLLOWER to FOLLOWER at term 46 for recognizeCandidate:95f8ce0c-61f1-45b1-a4e7-5b97bbfe9a5b
2019-10-21 23:06:00,370 [grpc-default-executor-8] INFO  impl.RoleInfo (RoleInfo.java:shutdownFollowerState(121)) - 8e5ceb90-17c7-416d-ba3b-e9af83490bf4: shutdown FollowerState
2019-10-21 23:06:00,370 [grpc-default-executor-7] INFO  impl.RaftServerImpl (RaftServerImpl.java:setRole(184)) - 2c02d436-c6f2-4204-8248-e3d2779a79c3@group-60CA7EC77FF7: changes role from  FOLLOWER to FOLLOWER at term 46 for recognizeCandidate:95f8ce0c-61f1-45b1-a4e7-5b97bbfe9a5b
2019-10-21 23:06:00,371 [Thread-965] INFO  impl.FollowerState (FollowerState.java:run(117)) - 8e5ceb90-17c7-416d-ba3b-e9af83490bf4@group-60CA7EC77FF7-FollowerState was interrupted: java.lang.InterruptedException: sleep interrupted
2019-10-21 23:06:00,371 [grpc-default-executor-8] INFO  impl.RoleInfo (RoleInfo.java:updateAndGet(143)) - 8e5ceb90-17c7-416d-ba3b-e9af83490bf4: start FollowerState
2019-10-21 23:06:00,371 [grpc-default-executor-7] INFO  impl.RoleInfo (RoleInfo.java:shutdownFollowerState(121)) - 2c02d436-c6f2-4204-8248-e3d2779a79c3: shutdown FollowerState
2019-10-21 23:06:00,371 [Thread-966] INFO  impl.FollowerState (FollowerState.java:run(117)) - 2c02d436-c6f2-4204-8248-e3d2779a79c3@group-60CA7EC77FF7-FollowerState was interrupted: java.lang.InterruptedException: sleep interrupted
2019-10-21 23:06:00,371 [grpc-default-executor-7] INFO  impl.RoleInfo (RoleInfo.java:updateAndGet(143)) - 2c02d436-c6f2-4204-8248-e3d2779a79c3: start FollowerState
2019-10-21 23:06:00,404 [2c02d436-c6f2-4204-8248-e3d2779a79c3@group-D3AFFDC567C4-LeaderElection59] INFO  impl.LeaderElection (LeaderElection.java:logAndReturn(56)) - 2c02d436-c6f2-4204-8248-e3d2779a79c3@group-D3AFFDC567C4-LeaderElection59: Election REJECTED; received 2 response(s) [2c02d436-c6f2-4204-8248-e3d2779a79c3<-8e5ceb90-17c7-416d-ba3b-e9af83490bf4#0:FAIL-t23, 2c02d436-c6f2-4204-8248-e3d2779a79c3<-95f8ce0c-61f1-45b1-a4e7-5b97bbfe9a5b#0:FAIL-t23] and 0 exception(s); 2c02d436-c6f2-4204-8248-e3d2779a79c3@group-D3AFFDC567C4:t23, leader=null, voted=2c02d436-c6f2-4204-8248-e3d2779a79c3, raftlog=2c02d436-c6f2-4204-8248-e3d2779a79c3@group-D3AFFDC567C4-SegmentedRaftLog:OPENED:c-1,f-1,i0, conf=-1: [8e5ceb90-17c7-416d-ba3b-e9af83490bf4:192.168.69.118:43663, 95f8ce0c-61f1-45b1-a4e7-5b97bbfe9a5b:192.168.69.118:45158, 2c02d436-c6f2-4204-8248-e3d2779a79c3:192.168.69.118:45342], old=null
2019-10-21 23:06:00,405 [2c02d436-c6f2-4204-8248-e3d2779a79c3@group-D3AFFDC567C4-LeaderElection59] INFO  impl.RaftServerImpl (RaftServerImpl.java:setRole(184)) - 2c02d436-c6f2-4204-8248-e3d2779a79c3@group-D3AFFDC567C4: changes role from CANDIDATE to FOLLOWER at term 23 for DISCOVERED_A_NEW_TERM
2019-10-21 23:06:00,405 [2c02d436-c6f2-4204-8248-e3d2779a79c3@group-D3AFFDC567C4-LeaderElection59] INFO  impl.RoleInfo (RoleInfo.java:shutdownLeaderElection(134)) - 2c02d436-c6f2-4204-8248-e3d2779a79c3: shutdown LeaderElection
2019-10-21 23:06:00,405 [2c02d436-c6f2-4204-8248-e3d2779a79c3@group-D3AFFDC567C4-LeaderElection59] INFO  impl.RoleInfo (RoleInfo.java:updateAndGet(143)) - 2c02d436-c6f2-4204-8248-e3d2779a79c3: start FollowerState
2019-10-21 23:06:00,405 [95f8ce0c-61f1-45b1-a4e7-5b97bbfe9a5b@group-60CA7EC77FF7-LeaderElection60] INFO  impl.LeaderElection (LeaderElection.java:logAndReturn(56)) - 95f8ce0c-61f1-45b1-a4e7-5b97bbfe9a5b@group-60CA7EC77FF7-LeaderElection60: Election REJECTED; received 2 response(s) [95f8ce0c-61f1-45b1-a4e7-5b97bbfe9a5b<-8e5ceb90-17c7-416d-ba3b-e9af83490bf4#0:FAIL-t46, 95f8ce0c-61f1-45b1-a4e7-5b97bbfe9a5b<-2c02d436-c6f2-4204-8248-e3d2779a79c3#0:FAIL-t46] and 0 exception(s); 95f8ce0c-61f1-45b1-a4e7-5b97bbfe9a5b@group-60CA7EC77FF7:t46, leader=null, voted=95f8ce0c-61f1-45b1-a4e7-5b97bbfe9a5b, raftlog=95f8ce0c-61f1-45b1-a4e7-5b97bbfe9a5b@group-60CA7EC77FF7-SegmentedRaftLog:OPENED:c3,f4,i4, conf=0: [8e5ceb90-17c7-416d-ba3b-e9af83490bf4:192.168.69.118:43663, 95f8ce0c-61f1-45b1-a4e7-5b97bbfe9a5b:192.168.69.118:45158, 2c02d436-c6f2-4204-8248-e3d2779a79c3:192.168.69.118:45342], old=null
2019-10-21 23:06:00,406 [95f8ce0c-61f1-45b1-a4e7-5b97bbfe9a5b@group-60CA7EC77FF7-LeaderElection60] INFO  impl.RaftServerImpl (RaftServerImpl.java:setRole(184)) - 95f8ce0c-61f1-45b1-a4e7-5b97bbfe9a5b@group-60CA7EC77FF7: changes role from CANDIDATE to FOLLOWER at term 46 for DISCOVERED_A_NEW_TERM
2019-10-21 23:06:00,406 [95f8ce0c-61f1-45b1-a4e7-5b97bbfe9a5b@group-60CA7EC77FF7-LeaderElection60] INFO  impl.RoleInfo (RoleInfo.java:shutdownLeaderElection(134)) - 95f8ce0c-61f1-45b1-a4e7-5b97bbfe9a5b: shutdown LeaderElection
2019-10-21 23:06:00,406 [95f8ce0c-61f1-45b1-a4e7-5b97bbfe9a5b@group-60CA7EC77FF7-LeaderElection60] INFO  impl.RoleInfo (RoleInfo.java:updateAndGet(143)) - 95f8ce0c-61f1-45b1-a4e7-5b97bbfe9a5b: start FollowerState
2019-10-21 23:06:00,499 [Thread-986] INFO  client.GrpcClientProtocolService (GrpcClientProtocolService.java:lambda$processClientRequest$0(278)) - Failed RaftClientRequest:client-0013CC304CD3->95f8ce0c-61f1-45b1-a4e7-5b97bbfe9a5b@group-60CA7EC77FF7, cid=10, seq=0, Watch-ALL_COMMITTED(6), Message:<EMPTY>, reply=RaftClientReply:client-0013CC304CD3->95f8ce0c-61f1-45b1-a4e7-5b97bbfe9a5b@group-60CA7EC77FF7, cid=10, FAILED org.apache.ratis.protocol.NotLeaderException: Server 95f8ce0c-61f1-45b1-a4e7-5b97bbfe9a5b@group-60CA7EC77FF7 is not the leader, logIndex=0, commits[95f8ce0c-61f1-45b1-a4e7-5b97bbfe9a5b:c3]
2019-10-21 23:06:00,546 [Thread-984] INFO  impl.FollowerState (FollowerState.java:run(108)) - 95f8ce0c-61f1-45b1-a4e7-5b97bbfe9a5b@group-60CA7EC77FF7-FollowerState: change to CANDIDATE, lastRpcTime:140ms, electionTimeout:140ms
2019-10-21 23:06:00,547 [Thread-984] INFO  impl.RoleInfo (RoleInfo.java:shutdownFollowerState(121)) - 95f8ce0c-61f1-45b1-a4e7-5b97bbfe9a5b: shutdown FollowerState
2019-10-21 23:06:00,547 [Thread-984] INFO  impl.RaftServerImpl (RaftServerImpl.java:setRole(184)) - 95f8ce0c-61f1-45b1-a4e7-5b97bbfe9a5b@group-60CA7EC77FF7: changes role from  FOLLOWER to CANDIDATE at term 46 for changeToCandidate
2019-10-21 23:06:00,547 [Thread-984] INFO  impl.RoleInfo (RoleInfo.java:updateAndGet(143)) - 95f8ce0c-61f1-45b1-a4e7-5b97bbfe9a5b: start LeaderElection
2019-10-21 23:06:00,596 [Thread-983] INFO  impl.FollowerState (FollowerState.java:run(108)) - 2c02d436-c6f2-4204-8248-e3d2779a79c3@group-D3AFFDC567C4-FollowerState: change to CANDIDATE, lastRpcTime:190ms, electionTimeout:190ms
2019-10-21 23:06:00,596 [Thread-983] INFO  impl.RoleInfo (RoleInfo.java:shutdownFollowerState(121)) - 2c02d436-c6f2-4204-8248-e3d2779a79c3: shutdown FollowerState
2019-10-21 23:06:00,596 [Thread-983] INFO  impl.RaftServerImpl (RaftServerImpl.java:setRole(184)) - 2c02d436-c6f2-4204-8248-e3d2779a79c3@group-D3AFFDC567C4: changes role from  FOLLOWER to CANDIDATE at term 23 for changeToCandidate
2019-10-21 23:06:00,596 [Thread-983] INFO  impl.RoleInfo (RoleInfo.java:updateAndGet(143)) - 2c02d436-c6f2-4204-8248-e3d2779a79c3: start LeaderElection
2019-10-21 23:06:00,608 [95f8ce0c-61f1-45b1-a4e7-5b97bbfe9a5b@group-60CA7EC77FF7-LeaderElection61] INFO  impl.LeaderElection (LeaderElection.java:askForVotes(178)) - 95f8ce0c-61f1-45b1-a4e7-5b97bbfe9a5b@group-60CA7EC77FF7-LeaderElection61: begin an election at term 47 for 0: [8e5ceb90-17c7-416d-ba3b-e9af83490bf4:192.168.69.118:43663, 95f8ce0c-61f1-45b1-a4e7-5b97bbfe9a5b:192.168.69.118:45158, 2c02d436-c6f2-4204-8248-e3d2779a79c3:192.168.69.118:45342], old=null
2019-10-21 23:06:00,613 [grpc-default-executor-7] INFO  impl.RaftServerImpl (RaftServerImpl.java:setRole(184)) - 8e5ceb90-17c7-416d-ba3b-e9af83490bf4@group-60CA7EC77FF7: changes role from  FOLLOWER to FOLLOWER at term 47 for recognizeCandidate:95f8ce0c-61f1-45b1-a4e7-5b97bbfe9a5b
2019-10-21 23:06:00,613 [grpc-default-executor-8] INFO  impl.RaftServerImpl (RaftServerImpl.java:setRole(184)) - 2c02d436-c6f2-4204-8248-e3d2779a79c3@group-60CA7EC77FF7: changes role from  FOLLOWER to FOLLOWER at term 47 for recognizeCandidate:95f8ce0c-61f1-45b1-a4e7-5b97bbfe9a5b
2019-10-21 23:06:00,613 [grpc-default-executor-7] INFO  impl.RoleInfo (RoleInfo.java:shutdownFollowerState(121)) - 8e5ceb90-17c7-416d-ba3b-e9af83490bf4: shutdown FollowerState
2019-10-21 23:06:00,613 [grpc-default-executor-8] INFO  impl.RoleInfo (RoleInfo.java:shutdownFollowerState(121)) - 2c02d436-c6f2-4204-8248-e3d2779a79c3: shutdown FollowerState
2019-10-21 23:06:00,613 [grpc-default-executor-7] INFO  impl.RoleInfo (RoleInfo.java:updateAndGet(143)) - 8e5ceb90-17c7-416d-ba3b-e9af83490bf4: start FollowerState
2019-10-21 23:06:00,613 [Thread-981] INFO  impl.FollowerState (FollowerState.java:run(117)) - 8e5ceb90-17c7-416d-ba3b-e9af83490bf4@group-60CA7EC77FF7-FollowerState was interrupted: java.lang.InterruptedException: sleep interrupted
2019-10-21 23:06:00,614 [grpc-default-executor-8] INFO  impl.RoleInfo (RoleInfo.java:updateAndGet(143)) - 2c02d436-c6f2-4204-8248-e3d2779a79c3: start FollowerState
2019-10-21 23:06:00,614 [Thread-982] INFO  impl.FollowerState (FollowerState.java:run(117)) - 2c02d436-c6f2-4204-8248-e3d2779a79c3@group-60CA7EC77FF7-FollowerState was interrupted: java.lang.InterruptedException: sleep interrupted
2019-10-21 23:06:00,690 [2c02d436-c6f2-4204-8248-e3d2779a79c3@group-D3AFFDC567C4-LeaderElection62] INFO  impl.LeaderElection (LeaderElection.java:askForVotes(178)) - 2c02d436-c6f2-4204-8248-e3d2779a79c3@group-D3AFFDC567C4-LeaderElection62: begin an election at term 24 for -1: [8e5ceb90-17c7-416d-ba3b-e9af83490bf4:192.168.69.118:43663, 95f8ce0c-61f1-45b1-a4e7-5b97bbfe9a5b:192.168.69.118:45158, 2c02d436-c6f2-4204-8248-e3d2779a79c3:192.168.69.118:45342], old=null
2019-10-21 23:06:00,695 [grpc-default-executor-6] INFO  impl.RaftServerImpl (RaftServerImpl.java:setRole(184)) - 95f8ce0c-61f1-45b1-a4e7-5b97bbfe9a5b@group-D3AFFDC567C4: changes role from  FOLLOWER to FOLLOWER at term 24 for recognizeCandidate:2c02d436-c6f2-4204-8248-e3d2779a79c3
2019-10-21 23:06:00,695 [grpc-default-executor-1] INFO  impl.RaftServerImpl (RaftServerImpl.java:setRole(184)) - 8e5ceb90-17c7-416d-ba3b-e9af83490bf4@group-D3AFFDC567C4: changes role from  FOLLOWER to FOLLOWER at term 24 for recognizeCandidate:2c02d436-c6f2-4204-8248-e3d2779a79c3
2019-10-21 23:06:00,695 [grpc-default-executor-6] INFO  impl.RoleInfo (RoleInfo.java:shutdownFollowerState(121)) - 95f8ce0c-61f1-45b1-a4e7-5b97bbfe9a5b: shutdown FollowerState
2019-10-21 23:06:00,695 [grpc-default-executor-1] INFO  impl.RoleInfo (RoleInfo.java:shutdownFollowerState(121)) - 8e5ceb90-17c7-416d-ba3b-e9af83490bf4: shutdown FollowerState
2019-10-21 23:06:00,695 [grpc-default-executor-6] INFO  impl.RoleInfo (RoleInfo.java:updateAndGet(143)) - 95f8ce0c-61f1-45b1-a4e7-5b97bbfe9a5b: start FollowerState
2019-10-21 23:06:00,695 [Thread-978] INFO  impl.FollowerState (FollowerState.java:run(117)) - 95f8ce0c-61f1-45b1-a4e7-5b97bbfe9a5b@group-D3AFFDC567C4-FollowerState was interrupted: java.lang.InterruptedException: sleep interrupted
2019-10-21 23:06:00,696 [Thread-977] INFO  impl.FollowerState (FollowerState.java:run(117)) - 8e5ceb90-17c7-416d-ba3b-e9af83490bf4@group-D3AFFDC567C4-FollowerState was interrupted: java.lang.InterruptedException: sleep interrupted
2019-10-21 23:06:00,696 [grpc-default-executor-1] INFO  impl.RoleInfo (RoleInfo.java:updateAndGet(143)) - 8e5ceb90-17c7-416d-ba3b-e9af83490bf4: start FollowerState
2019-10-21 23:06:00,703 [2c02d436-c6f2-4204-8248-e3d2779a79c3@group-D3AFFDC567C4-LeaderElection62] INFO  impl.LeaderElection (LeaderElection.java:logAndReturn(56)) - 2c02d436-c6f2-4204-8248-e3d2779a79c3@group-D3AFFDC567C4-LeaderElection62: Election TIMEOUT; received 0 response(s) [] and 0 exception(s); 2c02d436-c6f2-4204-8248-e3d2779a79c3@group-D3AFFDC567C4:t24, leader=null, voted=2c02d436-c6f2-4204-8248-e3d2779a79c3, raftlog=2c02d436-c6f2-4204-8248-e3d2779a79c3@group-D3AFFDC567C4-SegmentedRaftLog:OPENED:c-1,f-1,i0, conf=-1: [8e5ceb90-17c7-416d-ba3b-e9af83490bf4:192.168.69.118:43663, 95f8ce0c-61f1-45b1-a4e7-5b97bbfe9a5b:192.168.69.118:45158, 2c02d436-c6f2-4204-8248-e3d2779a79c3:192.168.69.118:45342], old=null
2019-10-21 23:06:00,709 [95f8ce0c-61f1-45b1-a4e7-5b97bbfe9a5b@group-60CA7EC77FF7-LeaderElection61] INFO  impl.LeaderElection (LeaderElection.java:logAndReturn(56)) - 95f8ce0c-61f1-45b1-a4e7-5b97bbfe9a5b@group-60CA7EC77FF7-LeaderElection61: Election REJECTED; received 2 response(s) [95f8ce0c-61f1-45b1-a4e7-5b97bbfe9a5b<-8e5ceb90-17c7-416d-ba3b-e9af83490bf4#0:FAIL-t47, 95f8ce0c-61f1-45b1-a4e7-5b97bbfe9a5b<-2c02d436-c6f2-4204-8248-e3d2779a79c3#0:FAIL-t47] and 0 exception(s); 95f8ce0c-61f1-45b1-a4e7-5b97bbfe9a5b@group-60CA7EC77FF7:t47, leader=null, voted=95f8ce0c-61f1-45b1-a4e7-5b97bbfe9a5b, raftlog=95f8ce0c-61f1-45b1-a4e7-5b97bbfe9a5b@group-60CA7EC77FF7-SegmentedRaftLog:OPENED:c3,f4,i4, conf=0: [8e5ceb90-17c7-416d-ba3b-e9af83490bf4:192.168.69.118:43663, 95f8ce0c-61f1-45b1-a4e7-5b97bbfe9a5b:192.168.69.118:45158, 2c02d436-c6f2-4204-8248-e3d2779a79c3:192.168.69.118:45342], old=null
2019-10-21 23:06:00,709 [95f8ce0c-61f1-45b1-a4e7-5b97bbfe9a5b@group-60CA7EC77FF7-LeaderElection61] INFO  impl.RaftServerImpl (RaftServerImpl.java:setRole(184)) - 95f8ce0c-61f1-45b1-a4e7-5b97bbfe9a5b@group-60CA7EC77FF7: changes role from CANDIDATE to FOLLOWER at term 47 for DISCOVERED_A_NEW_TERM
2019-10-21 23:06:00,709 [95f8ce0c-61f1-45b1-a4e7-5b97bbfe9a5b@group-60CA7EC77FF7-LeaderElection61] INFO  impl.RoleInfo (RoleInfo.java:shutdownLeaderElection(134)) - 95f8ce0c-61f1-45b1-a4e7-5b97bbfe9a5b: shutdown LeaderElection
2019-10-21 23:06:00,709 [95f8ce0c-61f1-45b1-a4e7-5b97bbfe9a5b@group-60CA7EC77FF7-LeaderElection61] INFO  impl.RoleInfo (RoleInfo.java:updateAndGet(143)) - 95f8ce0c-61f1-45b1-a4e7-5b97bbfe9a5b: start FollowerState
2019-10-21 23:06:00,756 [2c02d436-c6f2-4204-8248-e3d2779a79c3@group-D3AFFDC567C4-LeaderElection62] INFO  impl.LeaderElection (LeaderElection.java:askForVotes(178)) - 2c02d436-c6f2-4204-8248-e3d2779a79c3@group-D3AFFDC567C4-LeaderElection62: begin an election at term 25 for -1: [8e5ceb90-17c7-416d-ba3b-e9af83490bf4:192.168.69.118:43663, 95f8ce0c-61f1-45b1-a4e7-5b97bbfe9a5b:192.168.69.118:45158, 2c02d436-c6f2-4204-8248-e3d2779a79c3:192.168.69.118:45342], old=null
2019-10-21 23:06:00,777 [grpc-default-executor-8] INFO  impl.RaftServerImpl (RaftServerImpl.java:setRole(184)) - 95f8ce0c-61f1-45b1-a4e7-5b97bbfe9a5b@group-D3AFFDC567C4: changes role from  FOLLOWER to FOLLOWER at term 25 for recognizeCandidate:2c02d436-c6f2-4204-8248-e3d2779a79c3
2019-10-21 23:06:00,777 [grpc-default-executor-7] INFO  impl.RaftServerImpl (RaftServerImpl.java:setRole(184)) - 8e5ceb90-17c7-416d-ba3b-e9af83490bf4@group-D3AFFDC567C4: changes role from  FOLLOWER to FOLLOWER at term 25 for recognizeCandidate:2c02d436-c6f2-4204-8248-e3d2779a79c3
2019-10-21 23:06:00,777 [grpc-default-executor-7] INFO  impl.RoleInfo (RoleInfo.java:shutdownFollowerState(121)) - 8e5ceb90-17c7-416d-ba3b-e9af83490bf4: shutdown FollowerState
2019-10-21 23:06:00,777 [grpc-default-executor-8] INFO  impl.RoleInfo (RoleInfo.java:shutdownFollowerState(121)) - 95f8ce0c-61f1-45b1-a4e7-5b97bbfe9a5b: shutdown FollowerState
2019-10-21 23:06:00,777 [grpc-default-executor-7] INFO  impl.RoleInfo (RoleInfo.java:updateAndGet(143)) - 8e5ceb90-17c7-416d-ba3b-e9af83490bf4: start FollowerState
2019-10-21 23:06:00,777 [Thread-997] INFO  impl.FollowerState (FollowerState.java:run(117)) - 8e5ceb90-17c7-416d-ba3b-e9af83490bf4@group-D3AFFDC567C4-FollowerState was interrupted: java.lang.InterruptedException: sleep interrupted
2019-10-21 23:06:00,778 [Thread-996] INFO  impl.FollowerState (FollowerState.java:run(117)) - 95f8ce0c-61f1-45b1-a4e7-5b97bbfe9a5b@group-D3AFFDC567C4-FollowerState was interrupted: java.lang.InterruptedException: sleep interrupted
2019-10-21 23:06:00,778 [grpc-default-executor-8] INFO  impl.RoleInfo (RoleInfo.java:updateAndGet(143)) - 95f8ce0c-61f1-45b1-a4e7-5b97bbfe9a5b: start FollowerState
2019-10-21 23:06:00,855 [2c02d436-c6f2-4204-8248-e3d2779a79c3@group-D3AFFDC567C4-LeaderElection62] INFO  impl.LeaderElection (LeaderElection.java:logAndReturn(56)) - 2c02d436-c6f2-4204-8248-e3d2779a79c3@group-D3AFFDC567C4-LeaderElection62: Election REJECTED; received 2 response(s) [2c02d436-c6f2-4204-8248-e3d2779a79c3<-8e5ceb90-17c7-416d-ba3b-e9af83490bf4#0:FAIL-t25, 2c02d436-c6f2-4204-8248-e3d2779a79c3<-95f8ce0c-61f1-45b1-a4e7-5b97bbfe9a5b#0:FAIL-t25] and 0 exception(s); 2c02d436-c6f2-4204-8248-e3d2779a79c3@group-D3AFFDC567C4:t25, leader=null, voted=2c02d436-c6f2-4204-8248-e3d2779a79c3, raftlog=2c02d436-c6f2-4204-8248-e3d2779a79c3@group-D3AFFDC567C4-SegmentedRaftLog:OPENED:c-1,f-1,i0, conf=-1: [8e5ceb90-17c7-416d-ba3b-e9af83490bf4:192.168.69.118:43663, 95f8ce0c-61f1-45b1-a4e7-5b97bbfe9a5b:192.168.69.118:45158, 2c02d436-c6f2-4204-8248-e3d2779a79c3:192.168.69.118:45342], old=null
2019-10-21 23:06:00,855 [2c02d436-c6f2-4204-8248-e3d2779a79c3@group-D3AFFDC567C4-LeaderElection62] INFO  impl.RaftServerImpl (RaftServerImpl.java:setRole(184)) - 2c02d436-c6f2-4204-8248-e3d2779a79c3@group-D3AFFDC567C4: changes role from CANDIDATE to FOLLOWER at term 25 for DISCOVERED_A_NEW_TERM
2019-10-21 23:06:00,855 [2c02d436-c6f2-4204-8248-e3d2779a79c3@group-D3AFFDC567C4-LeaderElection62] INFO  impl.RoleInfo (RoleInfo.java:shutdownLeaderElection(134)) - 2c02d436-c6f2-4204-8248-e3d2779a79c3: shutdown LeaderElection
2019-10-21 23:06:00,856 [2c02d436-c6f2-4204-8248-e3d2779a79c3@group-D3AFFDC567C4-LeaderElection62] INFO  impl.RoleInfo (RoleInfo.java:updateAndGet(143)) - 2c02d436-c6f2-4204-8248-e3d2779a79c3: start FollowerState
2019-10-21 23:06:00,870 [Thread-998] INFO  impl.FollowerState (FollowerState.java:run(108)) - 95f8ce0c-61f1-45b1-a4e7-5b97bbfe9a5b@group-60CA7EC77FF7-FollowerState: change to CANDIDATE, lastRpcTime:160ms, electionTimeout:160ms
2019-10-21 23:06:00,870 [Thread-998] INFO  impl.RoleInfo (RoleInfo.java:shutdownFollowerState(121)) - 95f8ce0c-61f1-45b1-a4e7-5b97bbfe9a5b: shutdown FollowerState
2019-10-21 23:06:00,870 [Thread-998] INFO  impl.RaftServerImpl (RaftServerImpl.java:setRole(184)) - 95f8ce0c-61f1-45b1-a4e7-5b97bbfe9a5b@group-60CA7EC77FF7: changes role from  FOLLOWER to CANDIDATE at term 47 for changeToCandidate
2019-10-21 23:06:00,870 [Thread-998] INFO  impl.RoleInfo (RoleInfo.java:updateAndGet(143)) - 95f8ce0c-61f1-45b1-a4e7-5b97bbfe9a5b: start LeaderElection
2019-10-21 23:06:00,913 [Thread-1003] INFO  impl.FollowerState (FollowerState.java:run(108)) - 2c02d436-c6f2-4204-8248-e3d2779a79c3@group-D3AFFDC567C4-FollowerState: change to CANDIDATE, lastRpcTime:57ms, electionTimeout:57ms
2019-10-21 23:06:00,913 [Thread-1003] INFO  impl.RoleInfo (RoleInfo.java:shutdownFollowerState(121)) - 2c02d436-c6f2-4204-8248-e3d2779a79c3: shutdown FollowerState
2019-10-21 23:06:00,914 [Thread-1003] INFO  impl.RaftServerImpl (RaftServerImpl.java:setRole(184)) - 2c02d436-c6f2-4204-8248-e3d2779a79c3@group-D3AFFDC567C4: changes role from  FOLLOWER to CANDIDATE at term 25 for changeToCandidate
2019-10-21 23:06:00,914 [Thread-1003] INFO  impl.RoleInfo (RoleInfo.java:updateAndGet(143)) - 2c02d436-c6f2-4204-8248-e3d2779a79c3: start LeaderElection
2019-10-21 23:06:00,958 [95f8ce0c-61f1-45b1-a4e7-5b97bbfe9a5b@group-60CA7EC77FF7-LeaderElection63] INFO  impl.LeaderElection (LeaderElection.java:askForVotes(178)) - 95f8ce0c-61f1-45b1-a4e7-5b97bbfe9a5b@group-60CA7EC77FF7-LeaderElection63: begin an election at term 48 for 0: [8e5ceb90-17c7-416d-ba3b-e9af83490bf4:192.168.69.118:43663, 95f8ce0c-61f1-45b1-a4e7-5b97bbfe9a5b:192.168.69.118:45158, 2c02d436-c6f2-4204-8248-e3d2779a79c3:192.168.69.118:45342], old=null
2019-10-21 23:06:00,960 [BlockDeletingService#2] WARN  background.BlockDeletingService (BlockDeletingService.java:isDeletionAllowed(187)) - Close Container log Index 6 is not replicated across allthe servers in the pipeline f77f3c44-7213-45ac-81dc-60ca7ec77ff7 as the min replicated index is 4. Deletion is not allowed in this container yet.
2019-10-21 23:06:00,961 [BlockDeletingService#2] WARN  background.BlockDeletingService (BlockDeletingService.java:isDeletionAllowed(187)) - Close Container log Index 6 is not replicated across allthe servers in the pipeline f77f3c44-7213-45ac-81dc-60ca7ec77ff7 as the min replicated index is 4. Deletion is not allowed in this container yet.
2019-10-21 23:06:00,963 [grpc-default-executor-7] INFO  impl.RaftServerImpl (RaftServerImpl.java:setRole(184)) - 8e5ceb90-17c7-416d-ba3b-e9af83490bf4@group-60CA7EC77FF7: changes role from  FOLLOWER to FOLLOWER at term 48 for recognizeCandidate:95f8ce0c-61f1-45b1-a4e7-5b97bbfe9a5b
2019-10-21 23:06:00,963 [grpc-default-executor-8] INFO  impl.RaftServerImpl (RaftServerImpl.java:setRole(184)) - 2c02d436-c6f2-4204-8248-e3d2779a79c3@group-60CA7EC77FF7: changes role from  FOLLOWER to FOLLOWER at term 48 for recognizeCandidate:95f8ce0c-61f1-45b1-a4e7-5b97bbfe9a5b
2019-10-21 23:06:00,963 [grpc-default-executor-7] INFO  impl.RoleInfo (RoleInfo.java:shutdownFollowerState(121)) - 8e5ceb90-17c7-416d-ba3b-e9af83490bf4: shutdown FollowerState
2019-10-21 23:06:00,963 [grpc-default-executor-8] INFO  impl.RoleInfo (RoleInfo.java:shutdownFollowerState(121)) - 2c02d436-c6f2-4204-8248-e3d2779a79c3: shutdown FollowerState
2019-10-21 23:06:00,963 [Thread-992] INFO  impl.FollowerState (FollowerState.java:run(117)) - 8e5ceb90-17c7-416d-ba3b-e9af83490bf4@group-60CA7EC77FF7-FollowerState was interrupted: java.lang.InterruptedException: sleep interrupted
2019-10-21 23:06:00,963 [grpc-default-executor-7] INFO  impl.RoleInfo (RoleInfo.java:updateAndGet(143)) - 8e5ceb90-17c7-416d-ba3b-e9af83490bf4: start FollowerState
2019-10-21 23:06:00,963 [Thread-993] INFO  impl.FollowerState (FollowerState.java:run(117)) - 2c02d436-c6f2-4204-8248-e3d2779a79c3@group-60CA7EC77FF7-FollowerState was interrupted: java.lang.InterruptedException: sleep interrupted
2019-10-21 23:06:00,963 [grpc-default-executor-8] INFO  impl.RoleInfo (RoleInfo.java:updateAndGet(143)) - 2c02d436-c6f2-4204-8248-e3d2779a79c3: start FollowerState
2019-10-21 23:06:01,006 [2c02d436-c6f2-4204-8248-e3d2779a79c3@group-D3AFFDC567C4-LeaderElection64] INFO  impl.LeaderElection (LeaderElection.java:askForVotes(178)) - 2c02d436-c6f2-4204-8248-e3d2779a79c3@group-D3AFFDC567C4-LeaderElection64: begin an election at term 26 for -1: [8e5ceb90-17c7-416d-ba3b-e9af83490bf4:192.168.69.118:43663, 95f8ce0c-61f1-45b1-a4e7-5b97bbfe9a5b:192.168.69.118:45158, 2c02d436-c6f2-4204-8248-e3d2779a79c3:192.168.69.118:45342], old=null
2019-10-21 23:06:01,010 [grpc-default-executor-1] INFO  impl.RaftServerImpl (RaftServerImpl.java:setRole(184)) - 8e5ceb90-17c7-416d-ba3b-e9af83490bf4@group-D3AFFDC567C4: changes role from  FOLLOWER to FOLLOWER at term 26 for recognizeCandidate:2c02d436-c6f2-4204-8248-e3d2779a79c3
2019-10-21 23:06:01,010 [grpc-default-executor-6] INFO  impl.RaftServerImpl (RaftServerImpl.java:setRole(184)) - 95f8ce0c-61f1-45b1-a4e7-5b97bbfe9a5b@group-D3AFFDC567C4: changes role from  FOLLOWER to FOLLOWER at term 26 for recognizeCandidate:2c02d436-c6f2-4204-8248-e3d2779a79c3
2019-10-21 23:06:01,010 [grpc-default-executor-1] INFO  impl.RoleInfo (RoleInfo.java:shutdownFollowerState(121)) - 8e5ceb90-17c7-416d-ba3b-e9af83490bf4: shutdown FollowerState
2019-10-21 23:06:01,010 [grpc-default-executor-6] INFO  impl.RoleInfo (RoleInfo.java:shutdownFollowerState(121)) - 95f8ce0c-61f1-45b1-a4e7-5b97bbfe9a5b: shutdown FollowerState
2019-10-21 23:06:01,010 [Thread-1001] INFO  impl.FollowerState (FollowerState.java:run(117)) - 8e5ceb90-17c7-416d-ba3b-e9af83490bf4@group-D3AFFDC567C4-FollowerState was interrupted: java.lang.InterruptedException: sleep interrupted
2019-10-21 23:06:01,010 [grpc-default-executor-1] INFO  impl.RoleInfo (RoleInfo.java:updateAndGet(143)) - 8e5ceb90-17c7-416d-ba3b-e9af83490bf4: start FollowerState
2019-10-21 23:06:01,010 [Thread-1002] INFO  impl.FollowerState (FollowerState.java:run(117)) - 95f8ce0c-61f1-45b1-a4e7-5b97bbfe9a5b@group-D3AFFDC567C4-FollowerState was interrupted: java.lang.InterruptedException: sleep interrupted
2019-10-21 23:06:01,010 [grpc-default-executor-6] INFO  impl.RoleInfo (RoleInfo.java:updateAndGet(143)) - 95f8ce0c-61f1-45b1-a4e7-5b97bbfe9a5b: start FollowerState
2019-10-21 23:06:01,054 [95f8ce0c-61f1-45b1-a4e7-5b97bbfe9a5b@group-60CA7EC77FF7-LeaderElection63] INFO  impl.LeaderElection (LeaderElection.java:logAndReturn(56)) - 95f8ce0c-61f1-45b1-a4e7-5b97bbfe9a5b@group-60CA7EC77FF7-LeaderElection63: Election REJECTED; received 2 response(s) [95f8ce0c-61f1-45b1-a4e7-5b97bbfe9a5b<-8e5ceb90-17c7-416d-ba3b-e9af83490bf4#0:FAIL-t48, 95f8ce0c-61f1-45b1-a4e7-5b97bbfe9a5b<-2c02d436-c6f2-4204-8248-e3d2779a79c3#0:FAIL-t48] and 0 exception(s); 95f8ce0c-61f1-45b1-a4e7-5b97bbfe9a5b@group-60CA7EC77FF7:t48, leader=null, voted=95f8ce0c-61f1-45b1-a4e7-5b97bbfe9a5b, raftlog=95f8ce0c-61f1-45b1-a4e7-5b97bbfe9a5b@group-60CA7EC77FF7-SegmentedRaftLog:OPENED:c3,f4,i4, conf=0: [8e5ceb90-17c7-416d-ba3b-e9af83490bf4:192.168.69.118:43663, 95f8ce0c-61f1-45b1-a4e7-5b97bbfe9a5b:192.168.69.118:45158, 2c02d436-c6f2-4204-8248-e3d2779a79c3:192.168.69.118:45342], old=null
2019-10-21 23:06:01,054 [95f8ce0c-61f1-45b1-a4e7-5b97bbfe9a5b@group-60CA7EC77FF7-LeaderElection63] INFO  impl.RaftServerImpl (RaftServerImpl.java:setRole(184)) - 95f8ce0c-61f1-45b1-a4e7-5b97bbfe9a5b@group-60CA7EC77FF7: changes role from CANDIDATE to FOLLOWER at term 48 for DISCOVERED_A_NEW_TERM
2019-10-21 23:06:01,054 [95f8ce0c-61f1-45b1-a4e7-5b97bbfe9a5b@group-60CA7EC77FF7-LeaderElection63] INFO  impl.RoleInfo (RoleInfo.java:shutdownLeaderElection(134)) - 95f8ce0c-61f1-45b1-a4e7-5b97bbfe9a5b: shutdown LeaderElection
2019-10-21 23:06:01,054 [95f8ce0c-61f1-45b1-a4e7-5b97bbfe9a5b@group-60CA7EC77FF7-LeaderElection63] INFO  impl.RoleInfo (RoleInfo.java:updateAndGet(143)) - 95f8ce0c-61f1-45b1-a4e7-5b97bbfe9a5b: start FollowerState
2019-10-21 23:06:01,091 [2c02d436-c6f2-4204-8248-e3d2779a79c3@group-D3AFFDC567C4-LeaderElection64] INFO  impl.LeaderElection (LeaderElection.java:logAndReturn(56)) - 2c02d436-c6f2-4204-8248-e3d2779a79c3@group-D3AFFDC567C4-LeaderElection64: Election REJECTED; received 2 response(s) [2c02d436-c6f2-4204-8248-e3d2779a79c3<-8e5ceb90-17c7-416d-ba3b-e9af83490bf4#0:FAIL-t26, 2c02d436-c6f2-4204-8248-e3d2779a79c3<-95f8ce0c-61f1-45b1-a4e7-5b97bbfe9a5b#0:FAIL-t26] and 0 exception(s); 2c02d436-c6f2-4204-8248-e3d2779a79c3@group-D3AFFDC567C4:t26, leader=null, voted=2c02d436-c6f2-4204-8248-e3d2779a79c3, raftlog=2c02d436-c6f2-4204-8248-e3d2779a79c3@group-D3AFFDC567C4-SegmentedRaftLog:OPENED:c-1,f-1,i0, conf=-1: [8e5ceb90-17c7-416d-ba3b-e9af83490bf4:192.168.69.118:43663, 95f8ce0c-61f1-45b1-a4e7-5b97bbfe9a5b:192.168.69.118:45158, 2c02d436-c6f2-4204-8248-e3d2779a79c3:192.168.69.118:45342], old=null
2019-10-21 23:06:01,091 [2c02d436-c6f2-4204-8248-e3d2779a79c3@group-D3AFFDC567C4-LeaderElection64] INFO  impl.RaftServerImpl (RaftServerImpl.java:setRole(184)) - 2c02d436-c6f2-4204-8248-e3d2779a79c3@group-D3AFFDC567C4: changes role from CANDIDATE to FOLLOWER at term 26 for DISCOVERED_A_NEW_TERM
2019-10-21 23:06:01,092 [2c02d436-c6f2-4204-8248-e3d2779a79c3@group-D3AFFDC567C4-LeaderElection64] INFO  impl.RoleInfo (RoleInfo.java:shutdownLeaderElection(134)) - 2c02d436-c6f2-4204-8248-e3d2779a79c3: shutdown LeaderElection
2019-10-21 23:06:01,092 [2c02d436-c6f2-4204-8248-e3d2779a79c3@group-D3AFFDC567C4-LeaderElection64] INFO  impl.RoleInfo (RoleInfo.java:updateAndGet(143)) - 2c02d436-c6f2-4204-8248-e3d2779a79c3: start FollowerState
2019-10-21 23:06:01,117 [Thread-1017] INFO  impl.FollowerState (FollowerState.java:run(108)) - 2c02d436-c6f2-4204-8248-e3d2779a79c3@group-D3AFFDC567C4-FollowerState: change to CANDIDATE, lastRpcTime:25ms, electionTimeout:25ms
2019-10-21 23:06:01,117 [Thread-1017] INFO  impl.RoleInfo (RoleInfo.java:shutdownFollowerState(121)) - 2c02d436-c6f2-4204-8248-e3d2779a79c3: shutdown FollowerState
2019-10-21 23:06:01,117 [Thread-1017] INFO  impl.RaftServerImpl (RaftServerImpl.java:setRole(184)) - 2c02d436-c6f2-4204-8248-e3d2779a79c3@group-D3AFFDC567C4: changes role from  FOLLOWER to CANDIDATE at term 26 for changeToCandidate
2019-10-21 23:06:01,118 [Thread-1017] INFO  impl.RoleInfo (RoleInfo.java:updateAndGet(143)) - 2c02d436-c6f2-4204-8248-e3d2779a79c3: start LeaderElection
2019-10-21 23:06:01,169 [Thread-1016] INFO  impl.FollowerState (FollowerState.java:run(108)) - 95f8ce0c-61f1-45b1-a4e7-5b97bbfe9a5b@group-60CA7EC77FF7-FollowerState: change to CANDIDATE, lastRpcTime:114ms, electionTimeout:114ms
2019-10-21 23:06:01,169 [Thread-1016] INFO  impl.RoleInfo (RoleInfo.java:shutdownFollowerState(121)) - 95f8ce0c-61f1-45b1-a4e7-5b97bbfe9a5b: shutdown FollowerState
2019-10-21 23:06:01,169 [Thread-1016] INFO  impl.RaftServerImpl (RaftServerImpl.java:setRole(184)) - 95f8ce0c-61f1-45b1-a4e7-5b97bbfe9a5b@group-60CA7EC77FF7: changes role from  FOLLOWER to CANDIDATE at term 48 for changeToCandidate
2019-10-21 23:06:01,169 [Thread-1016] INFO  impl.RoleInfo (RoleInfo.java:updateAndGet(143)) - 95f8ce0c-61f1-45b1-a4e7-5b97bbfe9a5b: start LeaderElection
2019-10-21 23:06:01,229 [2c02d436-c6f2-4204-8248-e3d2779a79c3@group-D3AFFDC567C4-LeaderElection65] INFO  impl.LeaderElection (LeaderElection.java:askForVotes(178)) - 2c02d436-c6f2-4204-8248-e3d2779a79c3@group-D3AFFDC567C4-LeaderElection65: begin an election at term 27 for -1: [8e5ceb90-17c7-416d-ba3b-e9af83490bf4:192.168.69.118:43663, 95f8ce0c-61f1-45b1-a4e7-5b97bbfe9a5b:192.168.69.118:45158, 2c02d436-c6f2-4204-8248-e3d2779a79c3:192.168.69.118:45342], old=null
2019-10-21 23:06:01,232 [grpc-default-executor-1] INFO  impl.RaftServerImpl (RaftServerImpl.java:setRole(184)) - 95f8ce0c-61f1-45b1-a4e7-5b97bbfe9a5b@group-D3AFFDC567C4: changes role from  FOLLOWER to FOLLOWER at term 27 for recognizeCandidate:2c02d436-c6f2-4204-8248-e3d2779a79c3
2019-10-21 23:06:01,232 [grpc-default-executor-1] INFO  impl.RoleInfo (RoleInfo.java:shutdownFollowerState(121)) - 95f8ce0c-61f1-45b1-a4e7-5b97bbfe9a5b: shutdown FollowerState
2019-10-21 23:06:01,232 [grpc-default-executor-6] INFO  impl.RaftServerImpl (RaftServerImpl.java:setRole(184)) - 8e5ceb90-17c7-416d-ba3b-e9af83490bf4@group-D3AFFDC567C4: changes role from  FOLLOWER to FOLLOWER at term 27 for recognizeCandidate:2c02d436-c6f2-4204-8248-e3d2779a79c3
2019-10-21 23:06:01,232 [Thread-1015] INFO  impl.FollowerState (FollowerState.java:run(117)) - 95f8ce0c-61f1-45b1-a4e7-5b97bbfe9a5b@group-D3AFFDC567C4-FollowerState was interrupted: java.lang.InterruptedException: sleep interrupted
2019-10-21 23:06:01,232 [grpc-default-executor-1] INFO  impl.RoleInfo (RoleInfo.java:updateAndGet(143)) - 95f8ce0c-61f1-45b1-a4e7-5b97bbfe9a5b: start FollowerState
2019-10-21 23:06:01,233 [grpc-default-executor-6] INFO  impl.RoleInfo (RoleInfo.java:shutdownFollowerState(121)) - 8e5ceb90-17c7-416d-ba3b-e9af83490bf4: shutdown FollowerState
2019-10-21 23:06:01,233 [grpc-default-executor-6] INFO  impl.RoleInfo (RoleInfo.java:updateAndGet(143)) - 8e5ceb90-17c7-416d-ba3b-e9af83490bf4: start FollowerState
2019-10-21 23:06:01,233 [Thread-1014] INFO  impl.FollowerState (FollowerState.java:run(117)) - 8e5ceb90-17c7-416d-ba3b-e9af83490bf4@group-D3AFFDC567C4-FollowerState was interrupted: java.lang.InterruptedException: sleep interrupted
2019-10-21 23:06:01,259 [95f8ce0c-61f1-45b1-a4e7-5b97bbfe9a5b@group-60CA7EC77FF7-LeaderElection66] INFO  impl.LeaderElection (LeaderElection.java:askForVotes(178)) - 95f8ce0c-61f1-45b1-a4e7-5b97bbfe9a5b@group-60CA7EC77FF7-LeaderElection66: begin an election at term 49 for 0: [8e5ceb90-17c7-416d-ba3b-e9af83490bf4:192.168.69.118:43663, 95f8ce0c-61f1-45b1-a4e7-5b97bbfe9a5b:192.168.69.118:45158, 2c02d436-c6f2-4204-8248-e3d2779a79c3:192.168.69.118:45342], old=null
2019-10-21 23:06:01,262 [grpc-default-executor-8] INFO  impl.RaftServerImpl (RaftServerImpl.java:setRole(184)) - 2c02d436-c6f2-4204-8248-e3d2779a79c3@group-60CA7EC77FF7: changes role from  FOLLOWER to FOLLOWER at term 49 for recognizeCandidate:95f8ce0c-61f1-45b1-a4e7-5b97bbfe9a5b
2019-10-21 23:06:01,262 [grpc-default-executor-8] INFO  impl.RoleInfo (RoleInfo.java:shutdownFollowerState(121)) - 2c02d436-c6f2-4204-8248-e3d2779a79c3: shutdown FollowerState
2019-10-21 23:06:01,262 [grpc-default-executor-7] INFO  impl.RaftServerImpl (RaftServerImpl.java:setRole(184)) - 8e5ceb90-17c7-416d-ba3b-e9af83490bf4@group-60CA7EC77FF7: changes role from  FOLLOWER to FOLLOWER at term 49 for recognizeCandidate:95f8ce0c-61f1-45b1-a4e7-5b97bbfe9a5b
2019-10-21 23:06:01,262 [grpc-default-executor-8] INFO  impl.RoleInfo (RoleInfo.java:updateAndGet(143)) - 2c02d436-c6f2-4204-8248-e3d2779a79c3: start FollowerState
2019-10-21 23:06:01,262 [Thread-1011] INFO  impl.FollowerState (FollowerState.java:run(117)) - 2c02d436-c6f2-4204-8248-e3d2779a79c3@group-60CA7EC77FF7-FollowerState was interrupted: java.lang.InterruptedException: sleep interrupted
2019-10-21 23:06:01,262 [grpc-default-executor-7] INFO  impl.RoleInfo (RoleInfo.java:shutdownFollowerState(121)) - 8e5ceb90-17c7-416d-ba3b-e9af83490bf4: shutdown FollowerState
2019-10-21 23:06:01,263 [grpc-default-executor-7] INFO  impl.RoleInfo (RoleInfo.java:updateAndGet(143)) - 8e5ceb90-17c7-416d-ba3b-e9af83490bf4: start FollowerState
2019-10-21 23:06:01,263 [Thread-1010] INFO  impl.FollowerState (FollowerState.java:run(117)) - 8e5ceb90-17c7-416d-ba3b-e9af83490bf4@group-60CA7EC77FF7-FollowerState was interrupted: java.lang.InterruptedException: sleep interrupted
2019-10-21 23:06:01,307 [2c02d436-c6f2-4204-8248-e3d2779a79c3@group-D3AFFDC567C4-LeaderElection65] INFO  impl.LeaderElection (LeaderElection.java:logAndReturn(56)) - 2c02d436-c6f2-4204-8248-e3d2779a79c3@group-D3AFFDC567C4-LeaderElection65: Election REJECTED; received 2 response(s) [2c02d436-c6f2-4204-8248-e3d2779a79c3<-8e5ceb90-17c7-416d-ba3b-e9af83490bf4#0:FAIL-t27, 2c02d436-c6f2-4204-8248-e3d2779a79c3<-95f8ce0c-61f1-45b1-a4e7-5b97bbfe9a5b#0:FAIL-t27] and 0 exception(s); 2c02d436-c6f2-4204-8248-e3d2779a79c3@group-D3AFFDC567C4:t27, leader=null, voted=2c02d436-c6f2-4204-8248-e3d2779a79c3, raftlog=2c02d436-c6f2-4204-8248-e3d2779a79c3@group-D3AFFDC567C4-SegmentedRaftLog:OPENED:c-1,f-1,i0, conf=-1: [8e5ceb90-17c7-416d-ba3b-e9af83490bf4:192.168.69.118:43663, 95f8ce0c-61f1-45b1-a4e7-5b97bbfe9a5b:192.168.69.118:45158, 2c02d436-c6f2-4204-8248-e3d2779a79c3:192.168.69.118:45342], old=null
2019-10-21 23:06:01,308 [2c02d436-c6f2-4204-8248-e3d2779a79c3@group-D3AFFDC567C4-LeaderElection65] INFO  impl.RaftServerImpl (RaftServerImpl.java:setRole(184)) - 2c02d436-c6f2-4204-8248-e3d2779a79c3@group-D3AFFDC567C4: changes role from CANDIDATE to FOLLOWER at term 27 for DISCOVERED_A_NEW_TERM
2019-10-21 23:06:01,308 [2c02d436-c6f2-4204-8248-e3d2779a79c3@group-D3AFFDC567C4-LeaderElection65] INFO  impl.RoleInfo (RoleInfo.java:shutdownLeaderElection(134)) - 2c02d436-c6f2-4204-8248-e3d2779a79c3: shutdown LeaderElection
2019-10-21 23:06:01,308 [2c02d436-c6f2-4204-8248-e3d2779a79c3@group-D3AFFDC567C4-LeaderElection65] INFO  impl.RoleInfo (RoleInfo.java:updateAndGet(143)) - 2c02d436-c6f2-4204-8248-e3d2779a79c3: start FollowerState
2019-10-21 23:06:01,319 [95f8ce0c-61f1-45b1-a4e7-5b97bbfe9a5b@group-60CA7EC77FF7-LeaderElection66] INFO  impl.LeaderElection (LeaderElection.java:logAndReturn(56)) - 95f8ce0c-61f1-45b1-a4e7-5b97bbfe9a5b@group-60CA7EC77FF7-LeaderElection66: Election REJECTED; received 2 response(s) [95f8ce0c-61f1-45b1-a4e7-5b97bbfe9a5b<-8e5ceb90-17c7-416d-ba3b-e9af83490bf4#0:FAIL-t49, 95f8ce0c-61f1-45b1-a4e7-5b97bbfe9a5b<-2c02d436-c6f2-4204-8248-e3d2779a79c3#0:FAIL-t49] and 0 exception(s); 95f8ce0c-61f1-45b1-a4e7-5b97bbfe9a5b@group-60CA7EC77FF7:t49, leader=null, voted=95f8ce0c-61f1-45b1-a4e7-5b97bbfe9a5b, raftlog=95f8ce0c-61f1-45b1-a4e7-5b97bbfe9a5b@group-60CA7EC77FF7-SegmentedRaftLog:OPENED:c3,f4,i4, conf=0: [8e5ceb90-17c7-416d-ba3b-e9af83490bf4:192.168.69.118:43663, 95f8ce0c-61f1-45b1-a4e7-5b97bbfe9a5b:192.168.69.118:45158, 2c02d436-c6f2-4204-8248-e3d2779a79c3:192.168.69.118:45342], old=null
2019-10-21 23:06:01,319 [95f8ce0c-61f1-45b1-a4e7-5b97bbfe9a5b@group-60CA7EC77FF7-LeaderElection66] INFO  impl.RaftServerImpl (RaftServerImpl.java:setRole(184)) - 95f8ce0c-61f1-45b1-a4e7-5b97bbfe9a5b@group-60CA7EC77FF7: changes role from CANDIDATE to FOLLOWER at term 49 for DISCOVERED_A_NEW_TERM
2019-10-21 23:06:01,319 [95f8ce0c-61f1-45b1-a4e7-5b97bbfe9a5b@group-60CA7EC77FF7-LeaderElection66] INFO  impl.RoleInfo (RoleInfo.java:shutdownLeaderElection(134)) - 95f8ce0c-61f1-45b1-a4e7-5b97bbfe9a5b: shutdown LeaderElection
2019-10-21 23:06:01,319 [95f8ce0c-61f1-45b1-a4e7-5b97bbfe9a5b@group-60CA7EC77FF7-LeaderElection66] INFO  impl.RoleInfo (RoleInfo.java:updateAndGet(143)) - 95f8ce0c-61f1-45b1-a4e7-5b97bbfe9a5b: start FollowerState
2019-10-21 23:06:01,320 [Thread-1030] INFO  impl.FollowerState (FollowerState.java:run(108)) - 95f8ce0c-61f1-45b1-a4e7-5b97bbfe9a5b@group-60CA7EC77FF7-FollowerState: change to CANDIDATE, lastRpcTime:0ms, electionTimeout:0ms
2019-10-21 23:06:01,320 [Thread-1030] INFO  impl.RoleInfo (RoleInfo.java:shutdownFollowerState(121)) - 95f8ce0c-61f1-45b1-a4e7-5b97bbfe9a5b: shutdown FollowerState
2019-10-21 23:06:01,320 [Thread-1030] INFO  impl.RaftServerImpl (RaftServerImpl.java:setRole(184)) - 95f8ce0c-61f1-45b1-a4e7-5b97bbfe9a5b@group-60CA7EC77FF7: changes role from  FOLLOWER to CANDIDATE at term 49 for changeToCandidate
2019-10-21 23:06:01,320 [Thread-1030] INFO  impl.RoleInfo (RoleInfo.java:updateAndGet(143)) - 95f8ce0c-61f1-45b1-a4e7-5b97bbfe9a5b: start LeaderElection
2019-10-21 23:06:01,372 [Thread-1029] INFO  impl.FollowerState (FollowerState.java:run(108)) - 2c02d436-c6f2-4204-8248-e3d2779a79c3@group-D3AFFDC567C4-FollowerState: change to CANDIDATE, lastRpcTime:63ms, electionTimeout:63ms
2019-10-21 23:06:01,372 [Thread-1029] INFO  impl.RoleInfo (RoleInfo.java:shutdownFollowerState(121)) - 2c02d436-c6f2-4204-8248-e3d2779a79c3: shutdown FollowerState
2019-10-21 23:06:01,372 [Thread-1029] INFO  impl.RaftServerImpl (RaftServerImpl.java:setRole(184)) - 2c02d436-c6f2-4204-8248-e3d2779a79c3@group-D3AFFDC567C4: changes role from  FOLLOWER to CANDIDATE at term 27 for changeToCandidate
2019-10-21 23:06:01,372 [Thread-1029] INFO  impl.RoleInfo (RoleInfo.java:updateAndGet(143)) - 2c02d436-c6f2-4204-8248-e3d2779a79c3: start LeaderElection
2019-10-21 23:06:01,389 [95f8ce0c-61f1-45b1-a4e7-5b97bbfe9a5b@group-60CA7EC77FF7-LeaderElection67] INFO  impl.LeaderElection (LeaderElection.java:askForVotes(178)) - 95f8ce0c-61f1-45b1-a4e7-5b97bbfe9a5b@group-60CA7EC77FF7-LeaderElection67: begin an election at term 50 for 0: [8e5ceb90-17c7-416d-ba3b-e9af83490bf4:192.168.69.118:43663, 95f8ce0c-61f1-45b1-a4e7-5b97bbfe9a5b:192.168.69.118:45158, 2c02d436-c6f2-4204-8248-e3d2779a79c3:192.168.69.118:45342], old=null
2019-10-21 23:06:01,391 [grpc-default-executor-7] INFO  impl.RaftServerImpl (RaftServerImpl.java:setRole(184)) - 8e5ceb90-17c7-416d-ba3b-e9af83490bf4@group-60CA7EC77FF7: changes role from  FOLLOWER to FOLLOWER at term 50 for recognizeCandidate:95f8ce0c-61f1-45b1-a4e7-5b97bbfe9a5b
2019-10-21 23:06:01,391 [grpc-default-executor-8] INFO  impl.RaftServerImpl (RaftServerImpl.java:setRole(184)) - 2c02d436-c6f2-4204-8248-e3d2779a79c3@group-60CA7EC77FF7: changes role from  FOLLOWER to FOLLOWER at term 50 for recognizeCandidate:95f8ce0c-61f1-45b1-a4e7-5b97bbfe9a5b
2019-10-21 23:06:01,391 [grpc-default-executor-7] INFO  impl.RoleInfo (RoleInfo.java:shutdownFollowerState(121)) - 8e5ceb90-17c7-416d-ba3b-e9af83490bf4: shutdown FollowerState
2019-10-21 23:06:01,392 [grpc-default-executor-8] INFO  impl.RoleInfo (RoleInfo.java:shutdownFollowerState(121)) - 2c02d436-c6f2-4204-8248-e3d2779a79c3: shutdown FollowerState
2019-10-21 23:06:01,392 [Thread-1027] INFO  impl.FollowerState (FollowerState.java:run(117)) - 8e5ceb90-17c7-416d-ba3b-e9af83490bf4@group-60CA7EC77FF7-FollowerState was interrupted: java.lang.InterruptedException: sleep interrupted
2019-10-21 23:06:01,392 [grpc-default-executor-7] INFO  impl.RoleInfo (RoleInfo.java:updateAndGet(143)) - 8e5ceb90-17c7-416d-ba3b-e9af83490bf4: start FollowerState
2019-10-21 23:06:01,392 [Thread-1026] INFO  impl.FollowerState (FollowerState.java:run(117)) - 2c02d436-c6f2-4204-8248-e3d2779a79c3@group-60CA7EC77FF7-FollowerState was interrupted: java.lang.InterruptedException: sleep interrupted
2019-10-21 23:06:01,392 [grpc-default-executor-8] INFO  impl.RoleInfo (RoleInfo.java:updateAndGet(143)) - 2c02d436-c6f2-4204-8248-e3d2779a79c3: start FollowerState
2019-10-21 23:06:01,411 [2c02d436-c6f2-4204-8248-e3d2779a79c3@group-D3AFFDC567C4-LeaderElection68] INFO  impl.LeaderElection (LeaderElection.java:askForVotes(178)) - 2c02d436-c6f2-4204-8248-e3d2779a79c3@group-D3AFFDC567C4-LeaderElection68: begin an election at term 28 for -1: [8e5ceb90-17c7-416d-ba3b-e9af83490bf4:192.168.69.118:43663, 95f8ce0c-61f1-45b1-a4e7-5b97bbfe9a5b:192.168.69.118:45158, 2c02d436-c6f2-4204-8248-e3d2779a79c3:192.168.69.118:45342], old=null
2019-10-21 23:06:01,413 [grpc-default-executor-1] INFO  impl.RaftServerImpl (RaftServerImpl.java:setRole(184)) - 8e5ceb90-17c7-416d-ba3b-e9af83490bf4@group-D3AFFDC567C4: changes role from  FOLLOWER to FOLLOWER at term 28 for recognizeCandidate:2c02d436-c6f2-4204-8248-e3d2779a79c3
2019-10-21 23:06:01,413 [grpc-default-executor-6] INFO  impl.RaftServerImpl (RaftServerImpl.java:setRole(184)) - 95f8ce0c-61f1-45b1-a4e7-5b97bbfe9a5b@group-D3AFFDC567C4: changes role from  FOLLOWER to FOLLOWER at term 28 for recognizeCandidate:2c02d436-c6f2-4204-8248-e3d2779a79c3
2019-10-21 23:06:01,413 [grpc-default-executor-1] INFO  impl.RoleInfo (RoleInfo.java:shutdownFollowerState(121)) - 8e5ceb90-17c7-416d-ba3b-e9af83490bf4: shutdown FollowerState
2019-10-21 23:06:01,413 [grpc-default-executor-6] INFO  impl.RoleInfo (RoleInfo.java:shutdownFollowerState(121)) - 95f8ce0c-61f1-45b1-a4e7-5b97bbfe9a5b: shutdown FollowerState
2019-10-21 23:06:01,414 [grpc-default-executor-6] INFO  impl.RoleInfo (RoleInfo.java:updateAndGet(143)) - 95f8ce0c-61f1-45b1-a4e7-5b97bbfe9a5b: start FollowerState
2019-10-21 23:06:01,414 [Thread-1023] INFO  impl.FollowerState (FollowerState.java:run(117)) - 8e5ceb90-17c7-416d-ba3b-e9af83490bf4@group-D3AFFDC567C4-FollowerState was interrupted: java.lang.InterruptedException: sleep interrupted
2019-10-21 23:06:01,414 [grpc-default-executor-1] INFO  impl.RoleInfo (RoleInfo.java:updateAndGet(143)) - 8e5ceb90-17c7-416d-ba3b-e9af83490bf4: start FollowerState
2019-10-21 23:06:01,414 [Thread-1022] INFO  impl.FollowerState (FollowerState.java:run(117)) - 95f8ce0c-61f1-45b1-a4e7-5b97bbfe9a5b@group-D3AFFDC567C4-FollowerState was interrupted: java.lang.InterruptedException: sleep interrupted
2019-10-21 23:06:01,449 [95f8ce0c-61f1-45b1-a4e7-5b97bbfe9a5b@group-60CA7EC77FF7-LeaderElection67] INFO  impl.LeaderElection (LeaderElection.java:logAndReturn(56)) - 95f8ce0c-61f1-45b1-a4e7-5b97bbfe9a5b@group-60CA7EC77FF7-LeaderElection67: Election REJECTED; received 2 response(s) [95f8ce0c-61f1-45b1-a4e7-5b97bbfe9a5b<-8e5ceb90-17c7-416d-ba3b-e9af83490bf4#0:FAIL-t50, 95f8ce0c-61f1-45b1-a4e7-5b97bbfe9a5b<-2c02d436-c6f2-4204-8248-e3d2779a79c3#0:FAIL-t50] and 0 exception(s); 95f8ce0c-61f1-45b1-a4e7-5b97bbfe9a5b@group-60CA7EC77FF7:t50, leader=null, voted=95f8ce0c-61f1-45b1-a4e7-5b97bbfe9a5b, raftlog=95f8ce0c-61f1-45b1-a4e7-5b97bbfe9a5b@group-60CA7EC77FF7-SegmentedRaftLog:OPENED:c3,f4,i4, conf=0: [8e5ceb90-17c7-416d-ba3b-e9af83490bf4:192.168.69.118:43663, 95f8ce0c-61f1-45b1-a4e7-5b97bbfe9a5b:192.168.69.118:45158, 2c02d436-c6f2-4204-8248-e3d2779a79c3:192.168.69.118:45342], old=null
2019-10-21 23:06:01,449 [95f8ce0c-61f1-45b1-a4e7-5b97bbfe9a5b@group-60CA7EC77FF7-LeaderElection67] INFO  impl.RaftServerImpl (RaftServerImpl.java:setRole(184)) - 95f8ce0c-61f1-45b1-a4e7-5b97bbfe9a5b@group-60CA7EC77FF7: changes role from CANDIDATE to FOLLOWER at term 50 for DISCOVERED_A_NEW_TERM
2019-10-21 23:06:01,449 [95f8ce0c-61f1-45b1-a4e7-5b97bbfe9a5b@group-60CA7EC77FF7-LeaderElection67] INFO  impl.RoleInfo (RoleInfo.java:shutdownLeaderElection(134)) - 95f8ce0c-61f1-45b1-a4e7-5b97bbfe9a5b: shutdown LeaderElection
2019-10-21 23:06:01,450 [95f8ce0c-61f1-45b1-a4e7-5b97bbfe9a5b@group-60CA7EC77FF7-LeaderElection67] INFO  impl.RoleInfo (RoleInfo.java:updateAndGet(143)) - 95f8ce0c-61f1-45b1-a4e7-5b97bbfe9a5b: start FollowerState
2019-10-21 23:06:01,450 [Thread-1041] INFO  impl.FollowerState (FollowerState.java:run(108)) - 95f8ce0c-61f1-45b1-a4e7-5b97bbfe9a5b@group-60CA7EC77FF7-FollowerState: change to CANDIDATE, lastRpcTime:0ms, electionTimeout:0ms
2019-10-21 23:06:01,450 [Thread-1041] INFO  impl.RoleInfo (RoleInfo.java:shutdownFollowerState(121)) - 95f8ce0c-61f1-45b1-a4e7-5b97bbfe9a5b: shutdown FollowerState
2019-10-21 23:06:01,450 [Thread-1041] INFO  impl.RaftServerImpl (RaftServerImpl.java:setRole(184)) - 95f8ce0c-61f1-45b1-a4e7-5b97bbfe9a5b@group-60CA7EC77FF7: changes role from  FOLLOWER to CANDIDATE at term 50 for changeToCandidate
2019-10-21 23:06:01,450 [Thread-1041] INFO  impl.RoleInfo (RoleInfo.java:updateAndGet(143)) - 95f8ce0c-61f1-45b1-a4e7-5b97bbfe9a5b: start LeaderElection
2019-10-21 23:06:01,488 [2c02d436-c6f2-4204-8248-e3d2779a79c3@group-D3AFFDC567C4-LeaderElection68] INFO  impl.LeaderElection (LeaderElection.java:logAndReturn(56)) - 2c02d436-c6f2-4204-8248-e3d2779a79c3@group-D3AFFDC567C4-LeaderElection68: Election REJECTED; received 2 response(s) [2c02d436-c6f2-4204-8248-e3d2779a79c3<-8e5ceb90-17c7-416d-ba3b-e9af83490bf4#0:FAIL-t28, 2c02d436-c6f2-4204-8248-e3d2779a79c3<-95f8ce0c-61f1-45b1-a4e7-5b97bbfe9a5b#0:FAIL-t28] and 0 exception(s); 2c02d436-c6f2-4204-8248-e3d2779a79c3@group-D3AFFDC567C4:t28, leader=null, voted=2c02d436-c6f2-4204-8248-e3d2779a79c3, raftlog=2c02d436-c6f2-4204-8248-e3d2779a79c3@group-D3AFFDC567C4-SegmentedRaftLog:OPENED:c-1,f-1,i0, conf=-1: [8e5ceb90-17c7-416d-ba3b-e9af83490bf4:192.168.69.118:43663, 95f8ce0c-61f1-45b1-a4e7-5b97bbfe9a5b:192.168.69.118:45158, 2c02d436-c6f2-4204-8248-e3d2779a79c3:192.168.69.118:45342], old=null
2019-10-21 23:06:01,488 [2c02d436-c6f2-4204-8248-e3d2779a79c3@group-D3AFFDC567C4-LeaderElection68] INFO  impl.RaftServerImpl (RaftServerImpl.java:setRole(184)) - 2c02d436-c6f2-4204-8248-e3d2779a79c3@group-D3AFFDC567C4: changes role from CANDIDATE to FOLLOWER at term 28 for DISCOVERED_A_NEW_TERM
2019-10-21 23:06:01,489 [2c02d436-c6f2-4204-8248-e3d2779a79c3@group-D3AFFDC567C4-LeaderElection68] INFO  impl.RoleInfo (RoleInfo.java:shutdownLeaderElection(134)) - 2c02d436-c6f2-4204-8248-e3d2779a79c3: shutdown LeaderElection
2019-10-21 23:06:01,489 [2c02d436-c6f2-4204-8248-e3d2779a79c3@group-D3AFFDC567C4-LeaderElection68] INFO  impl.RoleInfo (RoleInfo.java:updateAndGet(143)) - 2c02d436-c6f2-4204-8248-e3d2779a79c3: start FollowerState
2019-10-21 23:06:01,508 [95f8ce0c-61f1-45b1-a4e7-5b97bbfe9a5b@group-60CA7EC77FF7-LeaderElection69] INFO  impl.LeaderElection (LeaderElection.java:askForVotes(178)) - 95f8ce0c-61f1-45b1-a4e7-5b97bbfe9a5b@group-60CA7EC77FF7-LeaderElection69: begin an election at term 51 for 0: [8e5ceb90-17c7-416d-ba3b-e9af83490bf4:192.168.69.118:43663, 95f8ce0c-61f1-45b1-a4e7-5b97bbfe9a5b:192.168.69.118:45158, 2c02d436-c6f2-4204-8248-e3d2779a79c3:192.168.69.118:45342], old=null
2019-10-21 23:06:01,511 [grpc-default-executor-6] INFO  impl.RaftServerImpl (RaftServerImpl.java:setRole(184)) - 8e5ceb90-17c7-416d-ba3b-e9af83490bf4@group-60CA7EC77FF7: changes role from  FOLLOWER to FOLLOWER at term 51 for recognizeCandidate:95f8ce0c-61f1-45b1-a4e7-5b97bbfe9a5b
2019-10-21 23:06:01,511 [grpc-default-executor-6] INFO  impl.RoleInfo (RoleInfo.java:shutdownFollowerState(121)) - 8e5ceb90-17c7-416d-ba3b-e9af83490bf4: shutdown FollowerState
2019-10-21 23:06:01,511 [grpc-default-executor-6] INFO  impl.RoleInfo (RoleInfo.java:updateAndGet(143)) - 8e5ceb90-17c7-416d-ba3b-e9af83490bf4: start FollowerState
2019-10-21 23:06:01,511 [Thread-1035] INFO  impl.FollowerState (FollowerState.java:run(117)) - 8e5ceb90-17c7-416d-ba3b-e9af83490bf4@group-60CA7EC77FF7-FollowerState was interrupted: java.lang.InterruptedException: sleep interrupted
2019-10-21 23:06:01,511 [grpc-default-executor-7] INFO  impl.RaftServerImpl (RaftServerImpl.java:setRole(184)) - 2c02d436-c6f2-4204-8248-e3d2779a79c3@group-60CA7EC77FF7: changes role from  FOLLOWER to FOLLOWER at term 51 for recognizeCandidate:95f8ce0c-61f1-45b1-a4e7-5b97bbfe9a5b
2019-10-21 23:06:01,512 [grpc-default-executor-7] INFO  impl.RoleInfo (RoleInfo.java:shutdownFollowerState(121)) - 2c02d436-c6f2-4204-8248-e3d2779a79c3: shutdown FollowerState
2019-10-21 23:06:01,512 [grpc-default-executor-7] INFO  impl.RoleInfo (RoleInfo.java:updateAndGet(143)) - 2c02d436-c6f2-4204-8248-e3d2779a79c3: start FollowerState
2019-10-21 23:06:01,512 [Thread-1036] INFO  impl.FollowerState (FollowerState.java:run(117)) - 2c02d436-c6f2-4204-8248-e3d2779a79c3@group-60CA7EC77FF7-FollowerState was interrupted: java.lang.InterruptedException: sleep interrupted
2019-10-21 23:06:01,512 [Thread-1049] INFO  client.GrpcClientProtocolService (GrpcClientProtocolService.java:lambda$processClientRequest$0(278)) - Failed RaftClientRequest:client-0013CC304CD3->2c02d436-c6f2-4204-8248-e3d2779a79c3@group-60CA7EC77FF7, cid=10, seq=0, Watch-ALL_COMMITTED(6), Message:<EMPTY>, reply=RaftClientReply:client-0013CC304CD3->2c02d436-c6f2-4204-8248-e3d2779a79c3@group-60CA7EC77FF7, cid=10, FAILED org.apache.ratis.protocol.NotLeaderException: Server 2c02d436-c6f2-4204-8248-e3d2779a79c3@group-60CA7EC77FF7 is not the leader, logIndex=0, commits[2c02d436-c6f2-4204-8248-e3d2779a79c3:c10, 8e5ceb90-17c7-416d-ba3b-e9af83490bf4:c10, 95f8ce0c-61f1-45b1-a4e7-5b97bbfe9a5b:c4]
2019-10-21 23:06:01,533 [95f8ce0c-61f1-45b1-a4e7-5b97bbfe9a5b@group-60CA7EC77FF7-LeaderElection69] INFO  impl.LeaderElection (LeaderElection.java:logAndReturn(56)) - 95f8ce0c-61f1-45b1-a4e7-5b97bbfe9a5b@group-60CA7EC77FF7-LeaderElection69: Election TIMEOUT; received 0 response(s) [] and 0 exception(s); 95f8ce0c-61f1-45b1-a4e7-5b97bbfe9a5b@group-60CA7EC77FF7:t51, leader=null, voted=95f8ce0c-61f1-45b1-a4e7-5b97bbfe9a5b, raftlog=95f8ce0c-61f1-45b1-a4e7-5b97bbfe9a5b@group-60CA7EC77FF7-SegmentedRaftLog:OPENED:c3,f4,i4, conf=0: [8e5ceb90-17c7-416d-ba3b-e9af83490bf4:192.168.69.118:43663, 95f8ce0c-61f1-45b1-a4e7-5b97bbfe9a5b:192.168.69.118:45158, 2c02d436-c6f2-4204-8248-e3d2779a79c3:192.168.69.118:45342], old=null
2019-10-21 23:06:01,605 [95f8ce0c-61f1-45b1-a4e7-5b97bbfe9a5b@group-60CA7EC77FF7-LeaderElection69] INFO  impl.LeaderElection (LeaderElection.java:askForVotes(178)) - 95f8ce0c-61f1-45b1-a4e7-5b97bbfe9a5b@group-60CA7EC77FF7-LeaderElection69: begin an election at term 52 for 0: [8e5ceb90-17c7-416d-ba3b-e9af83490bf4:192.168.69.118:43663, 95f8ce0c-61f1-45b1-a4e7-5b97bbfe9a5b:192.168.69.118:45158, 2c02d436-c6f2-4204-8248-e3d2779a79c3:192.168.69.118:45342], old=null
2019-10-21 23:06:01,607 [grpc-default-executor-7] INFO  impl.RaftServerImpl (RaftServerImpl.java:setRole(184)) - 8e5ceb90-17c7-416d-ba3b-e9af83490bf4@group-60CA7EC77FF7: changes role from  FOLLOWER to FOLLOWER at term 52 for recognizeCandidate:95f8ce0c-61f1-45b1-a4e7-5b97bbfe9a5b
2019-10-21 23:06:01,607 [grpc-default-executor-6] INFO  impl.RaftServerImpl (RaftServerImpl.java:setRole(184)) - 2c02d436-c6f2-4204-8248-e3d2779a79c3@group-60CA7EC77FF7: changes role from  FOLLOWER to FOLLOWER at term 52 for recognizeCandidate:95f8ce0c-61f1-45b1-a4e7-5b97bbfe9a5b
2019-10-21 23:06:01,607 [grpc-default-executor-7] INFO  impl.RoleInfo (RoleInfo.java:shutdownFollowerState(121)) - 8e5ceb90-17c7-416d-ba3b-e9af83490bf4: shutdown FollowerState
2019-10-21 23:06:01,608 [grpc-default-executor-6] INFO  impl.RoleInfo (RoleInfo.java:shutdownFollowerState(121)) - 2c02d436-c6f2-4204-8248-e3d2779a79c3: shutdown FollowerState
2019-10-21 23:06:01,608 [Thread-1047] INFO  impl.FollowerState (FollowerState.java:run(117)) - 8e5ceb90-17c7-416d-ba3b-e9af83490bf4@group-60CA7EC77FF7-FollowerState was interrupted: java.lang.InterruptedException: sleep interrupted
2019-10-21 23:06:01,608 [grpc-default-executor-7] INFO  impl.RoleInfo (RoleInfo.java:updateAndGet(143)) - 8e5ceb90-17c7-416d-ba3b-e9af83490bf4: start FollowerState
2019-10-21 23:06:01,608 [Thread-1048] INFO  impl.FollowerState (FollowerState.java:run(117)) - 2c02d436-c6f2-4204-8248-e3d2779a79c3@group-60CA7EC77FF7-FollowerState was interrupted: java.lang.InterruptedException: sleep interrupted
2019-10-21 23:06:01,608 [grpc-default-executor-6] INFO  impl.RoleInfo (RoleInfo.java:updateAndGet(143)) - 2c02d436-c6f2-4204-8248-e3d2779a79c3: start FollowerState
2019-10-21 23:06:01,667 [95f8ce0c-61f1-45b1-a4e7-5b97bbfe9a5b@group-60CA7EC77FF7-LeaderElection69] INFO  impl.LeaderElection (LeaderElection.java:logAndReturn(56)) - 95f8ce0c-61f1-45b1-a4e7-5b97bbfe9a5b@group-60CA7EC77FF7-LeaderElection69: Election REJECTED; received 2 response(s) [95f8ce0c-61f1-45b1-a4e7-5b97bbfe9a5b<-8e5ceb90-17c7-416d-ba3b-e9af83490bf4#0:FAIL-t52, 95f8ce0c-61f1-45b1-a4e7-5b97bbfe9a5b<-2c02d436-c6f2-4204-8248-e3d2779a79c3#0:FAIL-t52] and 0 exception(s); 95f8ce0c-61f1-45b1-a4e7-5b97bbfe9a5b@group-60CA7EC77FF7:t52, leader=null, voted=95f8ce0c-61f1-45b1-a4e7-5b97bbfe9a5b, raftlog=95f8ce0c-61f1-45b1-a4e7-5b97bbfe9a5b@group-60CA7EC77FF7-SegmentedRaftLog:OPENED:c3,f4,i4, conf=0: [8e5ceb90-17c7-416d-ba3b-e9af83490bf4:192.168.69.118:43663, 95f8ce0c-61f1-45b1-a4e7-5b97bbfe9a5b:192.168.69.118:45158, 2c02d436-c6f2-4204-8248-e3d2779a79c3:192.168.69.118:45342], old=null
2019-10-21 23:06:01,668 [95f8ce0c-61f1-45b1-a4e7-5b97bbfe9a5b@group-60CA7EC77FF7-LeaderElection69] INFO  impl.RaftServerImpl (RaftServerImpl.java:setRole(184)) - 95f8ce0c-61f1-45b1-a4e7-5b97bbfe9a5b@group-60CA7EC77FF7: changes role from CANDIDATE to FOLLOWER at term 52 for DISCOVERED_A_NEW_TERM
2019-10-21 23:06:01,668 [95f8ce0c-61f1-45b1-a4e7-5b97bbfe9a5b@group-60CA7EC77FF7-LeaderElection69] INFO  impl.RoleInfo (RoleInfo.java:shutdownLeaderElection(134)) - 95f8ce0c-61f1-45b1-a4e7-5b97bbfe9a5b: shutdown LeaderElection
2019-10-21 23:06:01,668 [95f8ce0c-61f1-45b1-a4e7-5b97bbfe9a5b@group-60CA7EC77FF7-LeaderElection69] INFO  impl.RoleInfo (RoleInfo.java:updateAndGet(143)) - 95f8ce0c-61f1-45b1-a4e7-5b97bbfe9a5b: start FollowerState
2019-10-21 23:06:01,670 [Thread-1043] INFO  impl.FollowerState (FollowerState.java:run(108)) - 2c02d436-c6f2-4204-8248-e3d2779a79c3@group-D3AFFDC567C4-FollowerState: change to CANDIDATE, lastRpcTime:181ms, electionTimeout:181ms
2019-10-21 23:06:01,670 [Thread-1043] INFO  impl.RoleInfo (RoleInfo.java:shutdownFollowerState(121)) - 2c02d436-c6f2-4204-8248-e3d2779a79c3: shutdown FollowerState
2019-10-21 23:06:01,670 [Thread-1043] INFO  impl.RaftServerImpl (RaftServerImpl.java:setRole(184)) - 2c02d436-c6f2-4204-8248-e3d2779a79c3@group-D3AFFDC567C4: changes role from  FOLLOWER to CANDIDATE at term 28 for changeToCandidate
2019-10-21 23:06:01,670 [Thread-1043] INFO  impl.RoleInfo (RoleInfo.java:updateAndGet(143)) - 2c02d436-c6f2-4204-8248-e3d2779a79c3: start LeaderElection
2019-10-21 23:06:01,703 [Thread-1055] INFO  impl.FollowerState (FollowerState.java:run(108)) - 95f8ce0c-61f1-45b1-a4e7-5b97bbfe9a5b@group-60CA7EC77FF7-FollowerState: change to CANDIDATE, lastRpcTime:35ms, electionTimeout:35ms
2019-10-21 23:06:01,704 [Thread-1055] INFO  impl.RoleInfo (RoleInfo.java:shutdownFollowerState(121)) - 95f8ce0c-61f1-45b1-a4e7-5b97bbfe9a5b: shutdown FollowerState
2019-10-21 23:06:01,704 [Thread-1055] INFO  impl.RaftServerImpl (RaftServerImpl.java:setRole(184)) - 95f8ce0c-61f1-45b1-a4e7-5b97bbfe9a5b@group-60CA7EC77FF7: changes role from  FOLLOWER to CANDIDATE at term 52 for changeToCandidate
2019-10-21 23:06:01,704 [Thread-1055] INFO  impl.RoleInfo (RoleInfo.java:updateAndGet(143)) - 95f8ce0c-61f1-45b1-a4e7-5b97bbfe9a5b: start LeaderElection
2019-10-21 23:06:01,733 [2c02d436-c6f2-4204-8248-e3d2779a79c3@group-D3AFFDC567C4-LeaderElection70] INFO  impl.LeaderElection (LeaderElection.java:askForVotes(178)) - 2c02d436-c6f2-4204-8248-e3d2779a79c3@group-D3AFFDC567C4-LeaderElection70: begin an election at term 29 for -1: [8e5ceb90-17c7-416d-ba3b-e9af83490bf4:192.168.69.118:43663, 95f8ce0c-61f1-45b1-a4e7-5b97bbfe9a5b:192.168.69.118:45158, 2c02d436-c6f2-4204-8248-e3d2779a79c3:192.168.69.118:45342], old=null
2019-10-21 23:06:01,750 [grpc-default-executor-6] INFO  impl.RaftServerImpl (RaftServerImpl.java:setRole(184)) - 8e5ceb90-17c7-416d-ba3b-e9af83490bf4@group-D3AFFDC567C4: changes role from  FOLLOWER to FOLLOWER at term 29 for recognizeCandidate:2c02d436-c6f2-4204-8248-e3d2779a79c3
2019-10-21 23:06:01,750 [grpc-default-executor-7] INFO  impl.RaftServerImpl (RaftServerImpl.java:setRole(184)) - 95f8ce0c-61f1-45b1-a4e7-5b97bbfe9a5b@group-D3AFFDC567C4: changes role from  FOLLOWER to FOLLOWER at term 29 for recognizeCandidate:2c02d436-c6f2-4204-8248-e3d2779a79c3
2019-10-21 23:06:01,751 [grpc-default-executor-6] INFO  impl.RoleInfo (RoleInfo.java:shutdownFollowerState(121)) - 8e5ceb90-17c7-416d-ba3b-e9af83490bf4: shutdown FollowerState
2019-10-21 23:06:01,751 [grpc-default-executor-7] INFO  impl.RoleInfo (RoleInfo.java:shutdownFollowerState(121)) - 95f8ce0c-61f1-45b1-a4e7-5b97bbfe9a5b: shutdown FollowerState
2019-10-21 23:06:01,751 [Thread-1039] INFO  impl.FollowerState (FollowerState.java:run(117)) - 8e5ceb90-17c7-416d-ba3b-e9af83490bf4@group-D3AFFDC567C4-FollowerState was interrupted: java.lang.InterruptedException: sleep interrupted
2019-10-21 23:06:01,751 [grpc-default-executor-6] INFO  impl.RoleInfo (RoleInfo.java:updateAndGet(143)) - 8e5ceb90-17c7-416d-ba3b-e9af83490bf4: start FollowerState
2019-10-21 23:06:01,751 [Thread-1040] INFO  impl.FollowerState (FollowerState.java:run(117)) - 95f8ce0c-61f1-45b1-a4e7-5b97bbfe9a5b@group-D3AFFDC567C4-FollowerState was interrupted: java.lang.InterruptedException: sleep interrupted
2019-10-21 23:06:01,751 [grpc-default-executor-7] INFO  impl.RoleInfo (RoleInfo.java:updateAndGet(143)) - 95f8ce0c-61f1-45b1-a4e7-5b97bbfe9a5b: start FollowerState
2019-10-21 23:06:01,761 [95f8ce0c-61f1-45b1-a4e7-5b97bbfe9a5b@group-60CA7EC77FF7-LeaderElection71] INFO  impl.LeaderElection (LeaderElection.java:askForVotes(178)) - 95f8ce0c-61f1-45b1-a4e7-5b97bbfe9a5b@group-60CA7EC77FF7-LeaderElection71: begin an election at term 53 for 0: [8e5ceb90-17c7-416d-ba3b-e9af83490bf4:192.168.69.118:43663, 95f8ce0c-61f1-45b1-a4e7-5b97bbfe9a5b:192.168.69.118:45158, 2c02d436-c6f2-4204-8248-e3d2779a79c3:192.168.69.118:45342], old=null
2019-10-21 23:06:01,763 [grpc-default-executor-1] INFO  impl.RaftServerImpl (RaftServerImpl.java:setRole(184)) - 8e5ceb90-17c7-416d-ba3b-e9af83490bf4@group-60CA7EC77FF7: changes role from  FOLLOWER to FOLLOWER at term 53 for recognizeCandidate:95f8ce0c-61f1-45b1-a4e7-5b97bbfe9a5b
2019-10-21 23:06:01,763 [grpc-default-executor-1] INFO  impl.RoleInfo (RoleInfo.java:shutdownFollowerState(121)) - 8e5ceb90-17c7-416d-ba3b-e9af83490bf4: shutdown FollowerState
2019-10-21 23:06:01,763 [grpc-default-executor-1] INFO  impl.RoleInfo (RoleInfo.java:updateAndGet(143)) - 8e5ceb90-17c7-416d-ba3b-e9af83490bf4: start FollowerState
2019-10-21 23:06:01,763 [Thread-1053] INFO  impl.FollowerState (FollowerState.java:run(117)) - 8e5ceb90-17c7-416d-ba3b-e9af83490bf4@group-60CA7EC77FF7-FollowerState was interrupted: java.lang.InterruptedException: sleep interrupted
2019-10-21 23:06:01,764 [grpc-default-executor-8] INFO  impl.RaftServerImpl (RaftServerImpl.java:setRole(184)) - 2c02d436-c6f2-4204-8248-e3d2779a79c3@group-60CA7EC77FF7: changes role from  FOLLOWER to FOLLOWER at term 53 for recognizeCandidate:95f8ce0c-61f1-45b1-a4e7-5b97bbfe9a5b
2019-10-21 23:06:01,764 [grpc-default-executor-8] INFO  impl.RoleInfo (RoleInfo.java:shutdownFollowerState(121)) - 2c02d436-c6f2-4204-8248-e3d2779a79c3: shutdown FollowerState
2019-10-21 23:06:01,764 [grpc-default-executor-8] INFO  impl.RoleInfo (RoleInfo.java:updateAndGet(143)) - 2c02d436-c6f2-4204-8248-e3d2779a79c3: start FollowerState
2019-10-21 23:06:01,764 [Thread-1054] INFO  impl.FollowerState (FollowerState.java:run(117)) - 2c02d436-c6f2-4204-8248-e3d2779a79c3@group-60CA7EC77FF7-FollowerState was interrupted: java.lang.InterruptedException: sleep interrupted
2019-10-21 23:06:01,771 [2c02d436-c6f2-4204-8248-e3d2779a79c3@group-D3AFFDC567C4-LeaderElection70] INFO  impl.LeaderElection (LeaderElection.java:logAndReturn(56)) - 2c02d436-c6f2-4204-8248-e3d2779a79c3@group-D3AFFDC567C4-LeaderElection70: Election TIMEOUT; received 0 response(s) [] and 0 exception(s); 2c02d436-c6f2-4204-8248-e3d2779a79c3@group-D3AFFDC567C4:t29, leader=null, voted=2c02d436-c6f2-4204-8248-e3d2779a79c3, raftlog=2c02d436-c6f2-4204-8248-e3d2779a79c3@group-D3AFFDC567C4-SegmentedRaftLog:OPENED:c-1,f-1,i0, conf=-1: [8e5ceb90-17c7-416d-ba3b-e9af83490bf4:192.168.69.118:43663, 95f8ce0c-61f1-45b1-a4e7-5b97bbfe9a5b:192.168.69.118:45158, 2c02d436-c6f2-4204-8248-e3d2779a79c3:192.168.69.118:45342], old=null
2019-10-21 23:06:01,823 [2c02d436-c6f2-4204-8248-e3d2779a79c3@group-D3AFFDC567C4-LeaderElection70] INFO  impl.LeaderElection (LeaderElection.java:askForVotes(178)) - 2c02d436-c6f2-4204-8248-e3d2779a79c3@group-D3AFFDC567C4-LeaderElection70: begin an election at term 30 for -1: [8e5ceb90-17c7-416d-ba3b-e9af83490bf4:192.168.69.118:43663, 95f8ce0c-61f1-45b1-a4e7-5b97bbfe9a5b:192.168.69.118:45158, 2c02d436-c6f2-4204-8248-e3d2779a79c3:192.168.69.118:45342], old=null
2019-10-21 23:06:01,824 [95f8ce0c-61f1-45b1-a4e7-5b97bbfe9a5b@group-60CA7EC77FF7-LeaderElection71] INFO  impl.LeaderElection (LeaderElection.java:logAndReturn(56)) - 95f8ce0c-61f1-45b1-a4e7-5b97bbfe9a5b@group-60CA7EC77FF7-LeaderElection71: Election REJECTED; received 2 response(s) [95f8ce0c-61f1-45b1-a4e7-5b97bbfe9a5b<-8e5ceb90-17c7-416d-ba3b-e9af83490bf4#0:FAIL-t53, 95f8ce0c-61f1-45b1-a4e7-5b97bbfe9a5b<-2c02d436-c6f2-4204-8248-e3d2779a79c3#0:FAIL-t53] and 0 exception(s); 95f8ce0c-61f1-45b1-a4e7-5b97bbfe9a5b@group-60CA7EC77FF7:t53, leader=null, voted=95f8ce0c-61f1-45b1-a4e7-5b97bbfe9a5b, raftlog=95f8ce0c-61f1-45b1-a4e7-5b97bbfe9a5b@group-60CA7EC77FF7-SegmentedRaftLog:OPENED:c3,f4,i4, conf=0: [8e5ceb90-17c7-416d-ba3b-e9af83490bf4:192.168.69.118:43663, 95f8ce0c-61f1-45b1-a4e7-5b97bbfe9a5b:192.168.69.118:45158, 2c02d436-c6f2-4204-8248-e3d2779a79c3:192.168.69.118:45342], old=null
2019-10-21 23:06:01,824 [95f8ce0c-61f1-45b1-a4e7-5b97bbfe9a5b@group-60CA7EC77FF7-LeaderElection71] INFO  impl.RaftServerImpl (RaftServerImpl.java:setRole(184)) - 95f8ce0c-61f1-45b1-a4e7-5b97bbfe9a5b@group-60CA7EC77FF7: changes role from CANDIDATE to FOLLOWER at term 53 for DISCOVERED_A_NEW_TERM
2019-10-21 23:06:01,824 [95f8ce0c-61f1-45b1-a4e7-5b97bbfe9a5b@group-60CA7EC77FF7-LeaderElection71] INFO  impl.RoleInfo (RoleInfo.java:shutdownLeaderElection(134)) - 95f8ce0c-61f1-45b1-a4e7-5b97bbfe9a5b: shutdown LeaderElection
2019-10-21 23:06:01,824 [95f8ce0c-61f1-45b1-a4e7-5b97bbfe9a5b@group-60CA7EC77FF7-LeaderElection71] INFO  impl.RoleInfo (RoleInfo.java:updateAndGet(143)) - 95f8ce0c-61f1-45b1-a4e7-5b97bbfe9a5b: start FollowerState
2019-10-21 23:06:01,824 [grpc-default-executor-8] INFO  impl.RaftServerImpl (RaftServerImpl.java:setRole(184)) - 95f8ce0c-61f1-45b1-a4e7-5b97bbfe9a5b@group-D3AFFDC567C4: changes role from  FOLLOWER to FOLLOWER at term 30 for recognizeCandidate:2c02d436-c6f2-4204-8248-e3d2779a79c3
2019-10-21 23:06:01,825 [grpc-default-executor-8] INFO  impl.RoleInfo (RoleInfo.java:shutdownFollowerState(121)) - 95f8ce0c-61f1-45b1-a4e7-5b97bbfe9a5b: shutdown FollowerState
2019-10-21 23:06:01,825 [grpc-default-executor-1] INFO  impl.RaftServerImpl (RaftServerImpl.java:setRole(184)) - 8e5ceb90-17c7-416d-ba3b-e9af83490bf4@group-D3AFFDC567C4: changes role from  FOLLOWER to FOLLOWER at term 30 for recognizeCandidate:2c02d436-c6f2-4204-8248-e3d2779a79c3
2019-10-21 23:06:01,825 [Thread-1061] INFO  impl.FollowerState (FollowerState.java:run(117)) - 95f8ce0c-61f1-45b1-a4e7-5b97bbfe9a5b@group-D3AFFDC567C4-FollowerState was interrupted: java.lang.InterruptedException: sleep interrupted
2019-10-21 23:06:01,825 [grpc-default-executor-8] INFO  impl.RoleInfo (RoleInfo.java:updateAndGet(143)) - 95f8ce0c-61f1-45b1-a4e7-5b97bbfe9a5b: start FollowerState
2019-10-21 23:06:01,825 [grpc-default-executor-1] INFO  impl.RoleInfo (RoleInfo.java:shutdownFollowerState(121)) - 8e5ceb90-17c7-416d-ba3b-e9af83490bf4: shutdown FollowerState
2019-10-21 23:06:01,825 [grpc-default-executor-1] INFO  impl.RoleInfo (RoleInfo.java:updateAndGet(143)) - 8e5ceb90-17c7-416d-ba3b-e9af83490bf4: start FollowerState
2019-10-21 23:06:01,825 [Thread-1060] INFO  impl.FollowerState (FollowerState.java:run(117)) - 8e5ceb90-17c7-416d-ba3b-e9af83490bf4@group-D3AFFDC567C4-FollowerState was interrupted: java.lang.InterruptedException: sleep interrupted
2019-10-21 23:06:01,879 [2c02d436-c6f2-4204-8248-e3d2779a79c3@group-D3AFFDC567C4-LeaderElection70] INFO  impl.LeaderElection (LeaderElection.java:logAndReturn(56)) - 2c02d436-c6f2-4204-8248-e3d2779a79c3@group-D3AFFDC567C4-LeaderElection70: Election TIMEOUT; received 0 response(s) [] and 0 exception(s); 2c02d436-c6f2-4204-8248-e3d2779a79c3@group-D3AFFDC567C4:t30, leader=null, voted=2c02d436-c6f2-4204-8248-e3d2779a79c3, raftlog=2c02d436-c6f2-4204-8248-e3d2779a79c3@group-D3AFFDC567C4-SegmentedRaftLog:OPENED:c-1,f-1,i0, conf=-1: [8e5ceb90-17c7-416d-ba3b-e9af83490bf4:192.168.69.118:43663, 95f8ce0c-61f1-45b1-a4e7-5b97bbfe9a5b:192.168.69.118:45158, 2c02d436-c6f2-4204-8248-e3d2779a79c3:192.168.69.118:45342], old=null
2019-10-21 23:06:01,936 [2c02d436-c6f2-4204-8248-e3d2779a79c3@group-D3AFFDC567C4-LeaderElection70] INFO  impl.LeaderElection (LeaderElection.java:askForVotes(178)) - 2c02d436-c6f2-4204-8248-e3d2779a79c3@group-D3AFFDC567C4-LeaderElection70: begin an election at term 31 for -1: [8e5ceb90-17c7-416d-ba3b-e9af83490bf4:192.168.69.118:43663, 95f8ce0c-61f1-45b1-a4e7-5b97bbfe9a5b:192.168.69.118:45158, 2c02d436-c6f2-4204-8248-e3d2779a79c3:192.168.69.118:45342], old=null
2019-10-21 23:06:01,940 [grpc-default-executor-1] INFO  impl.RaftServerImpl (RaftServerImpl.java:setRole(184)) - 95f8ce0c-61f1-45b1-a4e7-5b97bbfe9a5b@group-D3AFFDC567C4: changes role from  FOLLOWER to FOLLOWER at term 31 for recognizeCandidate:2c02d436-c6f2-4204-8248-e3d2779a79c3
2019-10-21 23:06:01,940 [grpc-default-executor-8] INFO  impl.RaftServerImpl (RaftServerImpl.java:setRole(184)) - 8e5ceb90-17c7-416d-ba3b-e9af83490bf4@group-D3AFFDC567C4: changes role from  FOLLOWER to FOLLOWER at term 31 for recognizeCandidate:2c02d436-c6f2-4204-8248-e3d2779a79c3
2019-10-21 23:06:01,941 [grpc-default-executor-8] INFO  impl.RoleInfo (RoleInfo.java:shutdownFollowerState(121)) - 8e5ceb90-17c7-416d-ba3b-e9af83490bf4: shutdown FollowerState
2019-10-21 23:06:01,940 [grpc-default-executor-1] INFO  impl.RoleInfo (RoleInfo.java:shutdownFollowerState(121)) - 95f8ce0c-61f1-45b1-a4e7-5b97bbfe9a5b: shutdown FollowerState
2019-10-21 23:06:01,941 [grpc-default-executor-8] INFO  impl.RoleInfo (RoleInfo.java:updateAndGet(143)) - 8e5ceb90-17c7-416d-ba3b-e9af83490bf4: start FollowerState
2019-10-21 23:06:01,941 [grpc-default-executor-1] INFO  impl.RoleInfo (RoleInfo.java:updateAndGet(143)) - 95f8ce0c-61f1-45b1-a4e7-5b97bbfe9a5b: start FollowerState
2019-10-21 23:06:01,941 [Thread-1069] INFO  impl.FollowerState (FollowerState.java:run(117)) - 95f8ce0c-61f1-45b1-a4e7-5b97bbfe9a5b@group-D3AFFDC567C4-FollowerState was interrupted: java.lang.InterruptedException: sleep interrupted
2019-10-21 23:06:01,941 [Thread-1070] INFO  impl.FollowerState (FollowerState.java:run(117)) - 8e5ceb90-17c7-416d-ba3b-e9af83490bf4@group-D3AFFDC567C4-FollowerState was interrupted: java.lang.InterruptedException: sleep interrupted
2019-10-21 23:06:01,962 [BlockDeletingService#2] WARN  background.BlockDeletingService (BlockDeletingService.java:isDeletionAllowed(187)) - Close Container log Index 6 is not replicated across allthe servers in the pipeline f77f3c44-7213-45ac-81dc-60ca7ec77ff7 as the min replicated index is 4. Deletion is not allowed in this container yet.
2019-10-21 23:06:01,962 [BlockDeletingService#2] WARN  background.BlockDeletingService (BlockDeletingService.java:isDeletionAllowed(187)) - Close Container log Index 6 is not replicated across allthe servers in the pipeline f77f3c44-7213-45ac-81dc-60ca7ec77ff7 as the min replicated index is 4. Deletion is not allowed in this container yet.
2019-10-21 23:06:02,012 [2c02d436-c6f2-4204-8248-e3d2779a79c3@group-D3AFFDC567C4-LeaderElection70] INFO  impl.LeaderElection (LeaderElection.java:logAndReturn(56)) - 2c02d436-c6f2-4204-8248-e3d2779a79c3@group-D3AFFDC567C4-LeaderElection70: Election REJECTED; received 2 response(s) [2c02d436-c6f2-4204-8248-e3d2779a79c3<-8e5ceb90-17c7-416d-ba3b-e9af83490bf4#0:FAIL-t31, 2c02d436-c6f2-4204-8248-e3d2779a79c3<-95f8ce0c-61f1-45b1-a4e7-5b97bbfe9a5b#0:FAIL-t31] and 0 exception(s); 2c02d436-c6f2-4204-8248-e3d2779a79c3@group-D3AFFDC567C4:t31, leader=null, voted=2c02d436-c6f2-4204-8248-e3d2779a79c3, raftlog=2c02d436-c6f2-4204-8248-e3d2779a79c3@group-D3AFFDC567C4-SegmentedRaftLog:OPENED:c-1,f-1,i0, conf=-1: [8e5ceb90-17c7-416d-ba3b-e9af83490bf4:192.168.69.118:43663, 95f8ce0c-61f1-45b1-a4e7-5b97bbfe9a5b:192.168.69.118:45158, 2c02d436-c6f2-4204-8248-e3d2779a79c3:192.168.69.118:45342], old=null
2019-10-21 23:06:02,013 [2c02d436-c6f2-4204-8248-e3d2779a79c3@group-D3AFFDC567C4-LeaderElection70] INFO  impl.RaftServerImpl (RaftServerImpl.java:setRole(184)) - 2c02d436-c6f2-4204-8248-e3d2779a79c3@group-D3AFFDC567C4: changes role from CANDIDATE to FOLLOWER at term 31 for DISCOVERED_A_NEW_TERM
2019-10-21 23:06:02,013 [2c02d436-c6f2-4204-8248-e3d2779a79c3@group-D3AFFDC567C4-LeaderElection70] INFO  impl.RoleInfo (RoleInfo.java:shutdownLeaderElection(134)) - 2c02d436-c6f2-4204-8248-e3d2779a79c3: shutdown LeaderElection
2019-10-21 23:06:02,013 [2c02d436-c6f2-4204-8248-e3d2779a79c3@group-D3AFFDC567C4-LeaderElection70] INFO  impl.RoleInfo (RoleInfo.java:updateAndGet(143)) - 2c02d436-c6f2-4204-8248-e3d2779a79c3: start FollowerState
2019-10-21 23:06:02,019 [Thread-1068] INFO  impl.FollowerState (FollowerState.java:run(108)) - 95f8ce0c-61f1-45b1-a4e7-5b97bbfe9a5b@group-60CA7EC77FF7-FollowerState: change to CANDIDATE, lastRpcTime:194ms, electionTimeout:194ms
2019-10-21 23:06:02,019 [Thread-1068] INFO  impl.RoleInfo (RoleInfo.java:shutdownFollowerState(121)) - 95f8ce0c-61f1-45b1-a4e7-5b97bbfe9a5b: shutdown FollowerState
2019-10-21 23:06:02,019 [Thread-1068] INFO  impl.RaftServerImpl (RaftServerImpl.java:setRole(184)) - 95f8ce0c-61f1-45b1-a4e7-5b97bbfe9a5b@group-60CA7EC77FF7: changes role from  FOLLOWER to CANDIDATE at term 53 for changeToCandidate
2019-10-21 23:06:02,019 [Thread-1068] INFO  impl.RoleInfo (RoleInfo.java:updateAndGet(143)) - 95f8ce0c-61f1-45b1-a4e7-5b97bbfe9a5b: start LeaderElection
2019-10-21 23:06:02,043 [Thread-1077] INFO  impl.FollowerState (FollowerState.java:run(108)) - 2c02d436-c6f2-4204-8248-e3d2779a79c3@group-D3AFFDC567C4-FollowerState: change to CANDIDATE, lastRpcTime:29ms, electionTimeout:29ms
2019-10-21 23:06:02,043 [Thread-1077] INFO  impl.RoleInfo (RoleInfo.java:shutdownFollowerState(121)) - 2c02d436-c6f2-4204-8248-e3d2779a79c3: shutdown FollowerState
2019-10-21 23:06:02,043 [Thread-1077] INFO  impl.RaftServerImpl (RaftServerImpl.java:setRole(184)) - 2c02d436-c6f2-4204-8248-e3d2779a79c3@group-D3AFFDC567C4: changes role from  FOLLOWER to CANDIDATE at term 31 for changeToCandidate
2019-10-21 23:06:02,043 [Thread-1077] INFO  impl.RoleInfo (RoleInfo.java:updateAndGet(143)) - 2c02d436-c6f2-4204-8248-e3d2779a79c3: start LeaderElection
2019-10-21 23:06:02,057 [95f8ce0c-61f1-45b1-a4e7-5b97bbfe9a5b@group-60CA7EC77FF7-LeaderElection72] INFO  impl.LeaderElection (LeaderElection.java:askForVotes(178)) - 95f8ce0c-61f1-45b1-a4e7-5b97bbfe9a5b@group-60CA7EC77FF7-LeaderElection72: begin an election at term 54 for 0: [8e5ceb90-17c7-416d-ba3b-e9af83490bf4:192.168.69.118:43663, 95f8ce0c-61f1-45b1-a4e7-5b97bbfe9a5b:192.168.69.118:45158, 2c02d436-c6f2-4204-8248-e3d2779a79c3:192.168.69.118:45342], old=null
2019-10-21 23:06:02,060 [grpc-default-executor-1] INFO  impl.RaftServerImpl (RaftServerImpl.java:setRole(184)) - 8e5ceb90-17c7-416d-ba3b-e9af83490bf4@group-60CA7EC77FF7: changes role from  FOLLOWER to FOLLOWER at term 54 for recognizeCandidate:95f8ce0c-61f1-45b1-a4e7-5b97bbfe9a5b
2019-10-21 23:06:02,060 [grpc-default-executor-8] INFO  impl.RaftServerImpl (RaftServerImpl.java:setRole(184)) - 2c02d436-c6f2-4204-8248-e3d2779a79c3@group-60CA7EC77FF7: changes role from  FOLLOWER to FOLLOWER at term 54 for recognizeCandidate:95f8ce0c-61f1-45b1-a4e7-5b97bbfe9a5b
2019-10-21 23:06:02,061 [grpc-default-executor-8] INFO  impl.RoleInfo (RoleInfo.java:shutdownFollowerState(121)) - 2c02d436-c6f2-4204-8248-e3d2779a79c3: shutdown FollowerState
2019-10-21 23:06:02,060 [grpc-default-executor-1] INFO  impl.RoleInfo (RoleInfo.java:shutdownFollowerState(121)) - 8e5ceb90-17c7-416d-ba3b-e9af83490bf4: shutdown FollowerState
2019-10-21 23:06:02,061 [Thread-1065] INFO  impl.FollowerState (FollowerState.java:run(117)) - 2c02d436-c6f2-4204-8248-e3d2779a79c3@group-60CA7EC77FF7-FollowerState was interrupted: java.lang.InterruptedException: sleep interrupted
2019-10-21 23:06:02,061 [grpc-default-executor-8] INFO  impl.RoleInfo (RoleInfo.java:updateAndGet(143)) - 2c02d436-c6f2-4204-8248-e3d2779a79c3: start FollowerState
2019-10-21 23:06:02,061 [grpc-default-executor-1] INFO  impl.RoleInfo (RoleInfo.java:updateAndGet(143)) - 8e5ceb90-17c7-416d-ba3b-e9af83490bf4: start FollowerState
2019-10-21 23:06:02,061 [Thread-1064] INFO  impl.FollowerState (FollowerState.java:run(117)) - 8e5ceb90-17c7-416d-ba3b-e9af83490bf4@group-60CA7EC77FF7-FollowerState was interrupted: java.lang.InterruptedException: sleep interrupted
2019-10-21 23:06:02,068 [2c02d436-c6f2-4204-8248-e3d2779a79c3@group-D3AFFDC567C4-LeaderElection73] INFO  impl.LeaderElection (LeaderElection.java:askForVotes(178)) - 2c02d436-c6f2-4204-8248-e3d2779a79c3@group-D3AFFDC567C4-LeaderElection73: begin an election at term 32 for -1: [8e5ceb90-17c7-416d-ba3b-e9af83490bf4:192.168.69.118:43663, 95f8ce0c-61f1-45b1-a4e7-5b97bbfe9a5b:192.168.69.118:45158, 2c02d436-c6f2-4204-8248-e3d2779a79c3:192.168.69.118:45342], old=null
2019-10-21 23:06:02,070 [grpc-default-executor-7] INFO  impl.RaftServerImpl (RaftServerImpl.java:setRole(184)) - 8e5ceb90-17c7-416d-ba3b-e9af83490bf4@group-D3AFFDC567C4: changes role from  FOLLOWER to FOLLOWER at term 32 for recognizeCandidate:2c02d436-c6f2-4204-8248-e3d2779a79c3
2019-10-21 23:06:02,070 [grpc-default-executor-7] INFO  impl.RoleInfo (RoleInfo.java:shutdownFollowerState(121)) - 8e5ceb90-17c7-416d-ba3b-e9af83490bf4: shutdown FollowerState
2019-10-21 23:06:02,070 [grpc-default-executor-7] INFO  impl.RoleInfo (RoleInfo.java:updateAndGet(143)) - 8e5ceb90-17c7-416d-ba3b-e9af83490bf4: start FollowerState
2019-10-21 23:06:02,070 [Thread-1073] INFO  impl.FollowerState (FollowerState.java:run(117)) - 8e5ceb90-17c7-416d-ba3b-e9af83490bf4@group-D3AFFDC567C4-FollowerState was interrupted: java.lang.InterruptedException: sleep interrupted
2019-10-21 23:06:02,070 [grpc-default-executor-6] INFO  impl.RaftServerImpl (RaftServerImpl.java:setRole(184)) - 95f8ce0c-61f1-45b1-a4e7-5b97bbfe9a5b@group-D3AFFDC567C4: changes role from  FOLLOWER to FOLLOWER at term 32 for recognizeCandidate:2c02d436-c6f2-4204-8248-e3d2779a79c3
2019-10-21 23:06:02,071 [grpc-default-executor-6] INFO  impl.RoleInfo (RoleInfo.java:shutdownFollowerState(121)) - 95f8ce0c-61f1-45b1-a4e7-5b97bbfe9a5b: shutdown FollowerState
2019-10-21 23:06:02,071 [Thread-1074] INFO  impl.FollowerState (FollowerState.java:run(117)) - 95f8ce0c-61f1-45b1-a4e7-5b97bbfe9a5b@group-D3AFFDC567C4-FollowerState was interrupted: java.lang.InterruptedException: sleep interrupted
2019-10-21 23:06:02,071 [grpc-default-executor-6] INFO  impl.RoleInfo (RoleInfo.java:updateAndGet(143)) - 95f8ce0c-61f1-45b1-a4e7-5b97bbfe9a5b: start FollowerState
2019-10-21 23:06:02,112 [95f8ce0c-61f1-45b1-a4e7-5b97bbfe9a5b@group-60CA7EC77FF7-LeaderElection72] INFO  impl.LeaderElection (LeaderElection.java:logAndReturn(56)) - 95f8ce0c-61f1-45b1-a4e7-5b97bbfe9a5b@group-60CA7EC77FF7-LeaderElection72: Election REJECTED; received 2 response(s) [95f8ce0c-61f1-45b1-a4e7-5b97bbfe9a5b<-8e5ceb90-17c7-416d-ba3b-e9af83490bf4#0:FAIL-t54, 95f8ce0c-61f1-45b1-a4e7-5b97bbfe9a5b<-2c02d436-c6f2-4204-8248-e3d2779a79c3#0:FAIL-t54] and 0 exception(s); 95f8ce0c-61f1-45b1-a4e7-5b97bbfe9a5b@group-60CA7EC77FF7:t54, leader=null, voted=95f8ce0c-61f1-45b1-a4e7-5b97bbfe9a5b, raftlog=95f8ce0c-61f1-45b1-a4e7-5b97bbfe9a5b@group-60CA7EC77FF7-SegmentedRaftLog:OPENED:c3,f4,i4, conf=0: [8e5ceb90-17c7-416d-ba3b-e9af83490bf4:192.168.69.118:43663, 95f8ce0c-61f1-45b1-a4e7-5b97bbfe9a5b:192.168.69.118:45158, 2c02d436-c6f2-4204-8248-e3d2779a79c3:192.168.69.118:45342], old=null
2019-10-21 23:06:02,112 [95f8ce0c-61f1-45b1-a4e7-5b97bbfe9a5b@group-60CA7EC77FF7-LeaderElection72] INFO  impl.RaftServerImpl (RaftServerImpl.java:setRole(184)) - 95f8ce0c-61f1-45b1-a4e7-5b97bbfe9a5b@group-60CA7EC77FF7: changes role from CANDIDATE to FOLLOWER at term 54 for DISCOVERED_A_NEW_TERM
2019-10-21 23:06:02,112 [95f8ce0c-61f1-45b1-a4e7-5b97bbfe9a5b@group-60CA7EC77FF7-LeaderElection72] INFO  impl.RoleInfo (RoleInfo.java:shutdownLeaderElection(134)) - 95f8ce0c-61f1-45b1-a4e7-5b97bbfe9a5b: shutdown LeaderElection
2019-10-21 23:06:02,113 [95f8ce0c-61f1-45b1-a4e7-5b97bbfe9a5b@group-60CA7EC77FF7-LeaderElection72] INFO  impl.RoleInfo (RoleInfo.java:updateAndGet(143)) - 95f8ce0c-61f1-45b1-a4e7-5b97bbfe9a5b: start FollowerState
2019-10-21 23:06:02,133 [Thread-1088] INFO  impl.FollowerState (FollowerState.java:run(108)) - 95f8ce0c-61f1-45b1-a4e7-5b97bbfe9a5b@group-60CA7EC77FF7-FollowerState: change to CANDIDATE, lastRpcTime:20ms, electionTimeout:20ms
2019-10-21 23:06:02,133 [Thread-1088] INFO  impl.RoleInfo (RoleInfo.java:shutdownFollowerState(121)) - 95f8ce0c-61f1-45b1-a4e7-5b97bbfe9a5b: shutdown FollowerState
2019-10-21 23:06:02,133 [Thread-1088] INFO  impl.RaftServerImpl (RaftServerImpl.java:setRole(184)) - 95f8ce0c-61f1-45b1-a4e7-5b97bbfe9a5b@group-60CA7EC77FF7: changes role from  FOLLOWER to CANDIDATE at term 54 for changeToCandidate
2019-10-21 23:06:02,133 [Thread-1088] INFO  impl.RoleInfo (RoleInfo.java:updateAndGet(143)) - 95f8ce0c-61f1-45b1-a4e7-5b97bbfe9a5b: start LeaderElection
2019-10-21 23:06:02,148 [2c02d436-c6f2-4204-8248-e3d2779a79c3@group-D3AFFDC567C4-LeaderElection73] INFO  impl.LeaderElection (LeaderElection.java:logAndReturn(56)) - 2c02d436-c6f2-4204-8248-e3d2779a79c3@group-D3AFFDC567C4-LeaderElection73: Election REJECTED; received 2 response(s) [2c02d436-c6f2-4204-8248-e3d2779a79c3<-8e5ceb90-17c7-416d-ba3b-e9af83490bf4#0:FAIL-t32, 2c02d436-c6f2-4204-8248-e3d2779a79c3<-95f8ce0c-61f1-45b1-a4e7-5b97bbfe9a5b#0:FAIL-t32] and 0 exception(s); 2c02d436-c6f2-4204-8248-e3d2779a79c3@group-D3AFFDC567C4:t32, leader=null, voted=2c02d436-c6f2-4204-8248-e3d2779a79c3, raftlog=2c02d436-c6f2-4204-8248-e3d2779a79c3@group-D3AFFDC567C4-SegmentedRaftLog:OPENED:c-1,f-1,i0, conf=-1: [8e5ceb90-17c7-416d-ba3b-e9af83490bf4:192.168.69.118:43663, 95f8ce0c-61f1-45b1-a4e7-5b97bbfe9a5b:192.168.69.118:45158, 2c02d436-c6f2-4204-8248-e3d2779a79c3:192.168.69.118:45342], old=null
2019-10-21 23:06:02,148 [2c02d436-c6f2-4204-8248-e3d2779a79c3@group-D3AFFDC567C4-LeaderElection73] INFO  impl.RaftServerImpl (RaftServerImpl.java:setRole(184)) - 2c02d436-c6f2-4204-8248-e3d2779a79c3@group-D3AFFDC567C4: changes role from CANDIDATE to FOLLOWER at term 32 for DISCOVERED_A_NEW_TERM
2019-10-21 23:06:02,148 [2c02d436-c6f2-4204-8248-e3d2779a79c3@group-D3AFFDC567C4-LeaderElection73] INFO  impl.RoleInfo (RoleInfo.java:shutdownLeaderElection(134)) - 2c02d436-c6f2-4204-8248-e3d2779a79c3: shutdown LeaderElection
2019-10-21 23:06:02,149 [2c02d436-c6f2-4204-8248-e3d2779a79c3@group-D3AFFDC567C4-LeaderElection73] INFO  impl.RoleInfo (RoleInfo.java:updateAndGet(143)) - 2c02d436-c6f2-4204-8248-e3d2779a79c3: start FollowerState
2019-10-21 23:06:02,157 [95f8ce0c-61f1-45b1-a4e7-5b97bbfe9a5b@group-60CA7EC77FF7-LeaderElection74] INFO  impl.LeaderElection (LeaderElection.java:askForVotes(178)) - 95f8ce0c-61f1-45b1-a4e7-5b97bbfe9a5b@group-60CA7EC77FF7-LeaderElection74: begin an election at term 55 for 0: [8e5ceb90-17c7-416d-ba3b-e9af83490bf4:192.168.69.118:43663, 95f8ce0c-61f1-45b1-a4e7-5b97bbfe9a5b:192.168.69.118:45158, 2c02d436-c6f2-4204-8248-e3d2779a79c3:192.168.69.118:45342], old=null
2019-10-21 23:06:02,160 [grpc-default-executor-6] INFO  impl.RaftServerImpl (RaftServerImpl.java:setRole(184)) - 8e5ceb90-17c7-416d-ba3b-e9af83490bf4@group-60CA7EC77FF7: changes role from  FOLLOWER to FOLLOWER at term 55 for recognizeCandidate:95f8ce0c-61f1-45b1-a4e7-5b97bbfe9a5b
2019-10-21 23:06:02,160 [grpc-default-executor-6] INFO  impl.RoleInfo (RoleInfo.java:shutdownFollowerState(121)) - 8e5ceb90-17c7-416d-ba3b-e9af83490bf4: shutdown FollowerState
2019-10-21 23:06:02,160 [grpc-default-executor-7] INFO  impl.RaftServerImpl (RaftServerImpl.java:setRole(184)) - 2c02d436-c6f2-4204-8248-e3d2779a79c3@group-60CA7EC77FF7: changes role from  FOLLOWER to FOLLOWER at term 55 for recognizeCandidate:95f8ce0c-61f1-45b1-a4e7-5b97bbfe9a5b
2019-10-21 23:06:02,160 [Thread-1083] INFO  impl.FollowerState (FollowerState.java:run(117)) - 8e5ceb90-17c7-416d-ba3b-e9af83490bf4@group-60CA7EC77FF7-FollowerState was interrupted: java.lang.InterruptedException: sleep interrupted
2019-10-21 23:06:02,160 [grpc-default-executor-6] INFO  impl.RoleInfo (RoleInfo.java:updateAndGet(143)) - 8e5ceb90-17c7-416d-ba3b-e9af83490bf4: start FollowerState
2019-10-21 23:06:02,160 [grpc-default-executor-7] INFO  impl.RoleInfo (RoleInfo.java:shutdownFollowerState(121)) - 2c02d436-c6f2-4204-8248-e3d2779a79c3: shutdown FollowerState
2019-10-21 23:06:02,160 [grpc-default-executor-7] INFO  impl.RoleInfo (RoleInfo.java:updateAndGet(143)) - 2c02d436-c6f2-4204-8248-e3d2779a79c3: start FollowerState
2019-10-21 23:06:02,160 [Thread-1082] INFO  impl.FollowerState (FollowerState.java:run(117)) - 2c02d436-c6f2-4204-8248-e3d2779a79c3@group-60CA7EC77FF7-FollowerState was interrupted: java.lang.InterruptedException: sleep interrupted
2019-10-21 23:06:02,246 [95f8ce0c-61f1-45b1-a4e7-5b97bbfe9a5b@group-60CA7EC77FF7-LeaderElection74] INFO  impl.LeaderElection (LeaderElection.java:logAndReturn(56)) - 95f8ce0c-61f1-45b1-a4e7-5b97bbfe9a5b@group-60CA7EC77FF7-LeaderElection74: Election REJECTED; received 2 response(s) [95f8ce0c-61f1-45b1-a4e7-5b97bbfe9a5b<-8e5ceb90-17c7-416d-ba3b-e9af83490bf4#0:FAIL-t55, 95f8ce0c-61f1-45b1-a4e7-5b97bbfe9a5b<-2c02d436-c6f2-4204-8248-e3d2779a79c3#0:FAIL-t55] and 0 exception(s); 95f8ce0c-61f1-45b1-a4e7-5b97bbfe9a5b@group-60CA7EC77FF7:t55, leader=null, voted=95f8ce0c-61f1-45b1-a4e7-5b97bbfe9a5b, raftlog=95f8ce0c-61f1-45b1-a4e7-5b97bbfe9a5b@group-60CA7EC77FF7-SegmentedRaftLog:OPENED:c3,f4,i4, conf=0: [8e5ceb90-17c7-416d-ba3b-e9af83490bf4:192.168.69.118:43663, 95f8ce0c-61f1-45b1-a4e7-5b97bbfe9a5b:192.168.69.118:45158, 2c02d436-c6f2-4204-8248-e3d2779a79c3:192.168.69.118:45342], old=null
2019-10-21 23:06:02,246 [95f8ce0c-61f1-45b1-a4e7-5b97bbfe9a5b@group-60CA7EC77FF7-LeaderElection74] INFO  impl.RaftServerImpl (RaftServerImpl.java:setRole(184)) - 95f8ce0c-61f1-45b1-a4e7-5b97bbfe9a5b@group-60CA7EC77FF7: changes role from CANDIDATE to FOLLOWER at term 55 for DISCOVERED_A_NEW_TERM
2019-10-21 23:06:02,246 [95f8ce0c-61f1-45b1-a4e7-5b97bbfe9a5b@group-60CA7EC77FF7-LeaderElection74] INFO  impl.RoleInfo (RoleInfo.java:shutdownLeaderElection(134)) - 95f8ce0c-61f1-45b1-a4e7-5b97bbfe9a5b: shutdown LeaderElection
2019-10-21 23:06:02,246 [95f8ce0c-61f1-45b1-a4e7-5b97bbfe9a5b@group-60CA7EC77FF7-LeaderElection74] INFO  impl.RoleInfo (RoleInfo.java:updateAndGet(143)) - 95f8ce0c-61f1-45b1-a4e7-5b97bbfe9a5b: start FollowerState
]]></system-out>
    <system-err><![CDATA[ERROR StatusLogger No Log4j 2 configuration file found. Using default configuration (logging only errors to the console), or user programmatically provided configurations. Set system property 'log4j2.debug' to show Log4j 2 internal initialization logging. See https://logging.apache.org/log4j/2.x/manual/configuration.html for instructions on how to configure Log4j 2
Oct 21, 2019 11:04:16 PM org.apache.ratis.thirdparty.io.grpc.internal.SerializingExecutor run
SEVERE: Exception while executing runnable org.apache.ratis.thirdparty.io.grpc.internal.ServerImpl$JumpToApplicationThreadServerStreamListener$1Closed@3b1c9d0a
org.apache.ratis.thirdparty.io.grpc.StatusRuntimeException: CANCELLED: call already cancelled
	at org.apache.ratis.thirdparty.io.grpc.Status.asRuntimeException(Status.java:517)
	at org.apache.ratis.thirdparty.io.grpc.stub.ServerCalls$ServerCallStreamObserverImpl.onCompleted(ServerCalls.java:356)
	at org.apache.ratis.grpc.server.GrpcServerProtocolService$ServerRequestStreamObserver.onError(GrpcServerProtocolService.java:121)
	at org.apache.ratis.thirdparty.io.grpc.stub.ServerCalls$StreamingServerCallHandler$StreamingServerCallListener.onCancel(ServerCalls.java:269)
	at org.apache.ratis.thirdparty.io.grpc.internal.ServerCallImpl$ServerStreamListenerImpl.closed(ServerCallImpl.java:293)
	at org.apache.ratis.thirdparty.io.grpc.internal.ServerImpl$JumpToApplicationThreadServerStreamListener$1Closed.runInContext(ServerImpl.java:741)
	at org.apache.ratis.thirdparty.io.grpc.internal.ContextRunnable.run(ContextRunnable.java:37)
	at org.apache.ratis.thirdparty.io.grpc.internal.SerializingExecutor.run(SerializingExecutor.java:123)
	at java.util.concurrent.ThreadPoolExecutor.runWorker(ThreadPoolExecutor.java:1149)
	at java.util.concurrent.ThreadPoolExecutor$Worker.run(ThreadPoolExecutor.java:624)
	at java.lang.Thread.run(Thread.java:748)

Oct 21, 2019 11:04:16 PM org.apache.ratis.thirdparty.io.grpc.internal.SerializingExecutor run
SEVERE: Exception while executing runnable org.apache.ratis.thirdparty.io.grpc.internal.ClientCallImpl$ClientStreamListenerImpl$1StreamClosed@67829e18
java.lang.NullPointerException
	at org.apache.ratis.grpc.server.GrpcLogAppender$AppendLogResponseHandler.onError(GrpcLogAppender.java:303)
	at org.apache.ratis.thirdparty.io.grpc.stub.ClientCalls$StreamObserverToCallListenerAdapter.onClose(ClientCalls.java:434)
	at org.apache.ratis.thirdparty.io.grpc.PartialForwardingClientCallListener.onClose(PartialForwardingClientCallListener.java:39)
	at org.apache.ratis.thirdparty.io.grpc.ForwardingClientCallListener.onClose(ForwardingClientCallListener.java:23)
	at org.apache.ratis.thirdparty.io.grpc.ForwardingClientCallListener$SimpleForwardingClientCallListener.onClose(ForwardingClientCallListener.java:40)
	at org.apache.ratis.thirdparty.io.grpc.internal.CensusStatsModule$StatsClientInterceptor$1$1.onClose(CensusStatsModule.java:678)
	at org.apache.ratis.thirdparty.io.grpc.PartialForwardingClientCallListener.onClose(PartialForwardingClientCallListener.java:39)
	at org.apache.ratis.thirdparty.io.grpc.ForwardingClientCallListener.onClose(ForwardingClientCallListener.java:23)
	at org.apache.ratis.thirdparty.io.grpc.ForwardingClientCallListener$SimpleForwardingClientCallListener.onClose(ForwardingClientCallListener.java:40)
	at org.apache.ratis.thirdparty.io.grpc.internal.CensusTracingModule$TracingClientInterceptor$1$1.onClose(CensusTracingModule.java:397)
	at org.apache.ratis.thirdparty.io.grpc.internal.ClientCallImpl.closeObserver(ClientCallImpl.java:459)
	at org.apache.ratis.thirdparty.io.grpc.internal.ClientCallImpl.access$300(ClientCallImpl.java:63)
	at org.apache.ratis.thirdparty.io.grpc.internal.ClientCallImpl$ClientStreamListenerImpl.close(ClientCallImpl.java:546)
	at org.apache.ratis.thirdparty.io.grpc.internal.ClientCallImpl$ClientStreamListenerImpl.access$600(ClientCallImpl.java:467)
	at org.apache.ratis.thirdparty.io.grpc.internal.ClientCallImpl$ClientStreamListenerImpl$1StreamClosed.runInContext(ClientCallImpl.java:584)
	at org.apache.ratis.thirdparty.io.grpc.internal.ContextRunnable.run(ContextRunnable.java:37)
	at org.apache.ratis.thirdparty.io.grpc.internal.SerializingExecutor.run(SerializingExecutor.java:123)
	at java.util.concurrent.ThreadPoolExecutor.runWorker(ThreadPoolExecutor.java:1149)
	at java.util.concurrent.ThreadPoolExecutor$Worker.run(ThreadPoolExecutor.java:624)
	at java.lang.Thread.run(Thread.java:748)

]]></system-err>
  </testcase>
</testsuite>