<?xml version="1.0" encoding="UTF-8"?>
<testsuite xmlns:xsi="http://www.w3.org/2001/XMLSchema-instance" xsi:noNamespaceSchemaLocation="https://maven.apache.org/surefire/maven-surefire-plugin/xsd/surefire-test-report.xsd" name="org.apache.hadoop.ozone.client.rpc.TestFailureHandlingByClient" time="297.208" tests="5" errors="0" skipped="0" failures="1">
  <properties>
    <property name="awt.toolkit" value="sun.awt.X11.XToolkit"/>
    <property name="file.encoding.pkg" value="sun.io"/>
    <property name="java.specification.version" value="1.8"/>
    <property name="sun.cpu.isalist" value=""/>
    <property name="sun.jnu.encoding" value="ANSI_X3.4-1968"/>
    <property name="java.class.path" value="/workdir/hadoop-ozone/integration-test/target/test-classes:/workdir/hadoop-ozone/integration-test/target/classes:/home/user/.m2/repository/org/apache/hadoop/hadoop-ozone-common/0.5.0-SNAPSHOT/hadoop-ozone-common-0.5.0-SNAPSHOT.jar:/home/user/.m2/repository/org/apache/commons/commons-compress/1.4.1/commons-compress-1.4.1.jar:/home/user/.m2/repository/org/tukaani/xz/1.0/xz-1.0.jar:/home/user/.m2/repository/org/apache/hadoop/hadoop-common/3.2.0/hadoop-common-3.2.0.jar:/home/user/.m2/repository/org/apache/hadoop/hadoop-hdfs/3.2.0/hadoop-hdfs-3.2.0.jar:/home/user/.m2/repository/org/apache/hadoop/hadoop-hdfs-client/3.2.0/hadoop-hdfs-client-3.2.0.jar:/home/user/.m2/repository/com/fasterxml/jackson/core/jackson-annotations/2.9.9/jackson-annotations-2.9.9.jar:/home/user/.m2/repository/org/apache/hadoop/hadoop-hdds-common/0.5.0-SNAPSHOT/hadoop-hdds-common-0.5.0-SNAPSHOT.jar:/home/user/.m2/repository/javax/annotation/javax.annotation-api/1.2/javax.annotation-api-1.2.jar:/home/user/.m2/repository/org/apache/ratis/ratis-server/0.5.0-3f446aa-SNAPSHOT/ratis-server-0.5.0-3f446aa-SNAPSHOT.jar:/home/user/.m2/repository/org/apache/ratis/ratis-thirdparty-misc/0.2.0/ratis-thirdparty-misc-0.2.0.jar:/home/user/.m2/repository/org/apache/ratis/ratis-proto/0.5.0-3f446aa-SNAPSHOT/ratis-proto-0.5.0-3f446aa-SNAPSHOT.jar:/home/user/.m2/repository/org/apache/ratis/ratis-common/0.5.0-3f446aa-SNAPSHOT/ratis-common-0.5.0-3f446aa-SNAPSHOT.jar:/home/user/.m2/repository/org/apache/ratis/ratis-client/0.5.0-3f446aa-SNAPSHOT/ratis-client-0.5.0-3f446aa-SNAPSHOT.jar:/home/user/.m2/repository/org/apache/ratis/ratis-metrics/0.5.0-3f446aa-SNAPSHOT/ratis-metrics-0.5.0-3f446aa-SNAPSHOT.jar:/home/user/.m2/repository/com/github/joshelser/dropwizard-metrics-hadoop-metrics2-reporter/0.1.2/dropwizard-metrics-hadoop-metrics2-reporter-0.1.2.jar:/home/user/.m2/repository/io/dropwizard/metrics/metrics-jvm/3.2.5/metrics-jvm-3.2.5.jar:/home/user/.m2/repository/io/dropwizard/metrics/metrics-ganglia/3.2.5/metrics-ganglia-3.2.5.jar:/home/user/.m2/repository/info/ganglia/gmetric4j/gmetric4j/1.0.7/gmetric4j-1.0.7.jar:/home/user/.m2/repository/org/apache/ratis/ratis-netty/0.5.0-3f446aa-SNAPSHOT/ratis-netty-0.5.0-3f446aa-SNAPSHOT.jar:/home/user/.m2/repository/org/apache/ratis/ratis-grpc/0.5.0-3f446aa-SNAPSHOT/ratis-grpc-0.5.0-3f446aa-SNAPSHOT.jar:/home/user/.m2/repository/org/rocksdb/rocksdbjni/6.0.1/rocksdbjni-6.0.1.jar:/home/user/.m2/repository/org/apache/logging/log4j/log4j-api/2.11.0/log4j-api-2.11.0.jar:/home/user/.m2/repository/org/apache/logging/log4j/log4j-core/2.11.0/log4j-core-2.11.0.jar:/home/user/.m2/repository/com/lmax/disruptor/3.4.2/disruptor-3.4.2.jar:/home/user/.m2/repository/org/apache/commons/commons-pool2/2.6.0/commons-pool2-2.6.0.jar:/home/user/.m2/repository/org/bouncycastle/bcpkix-jdk15on/1.60/bcpkix-jdk15on-1.60.jar:/home/user/.m2/repository/commons-validator/commons-validator/1.6/commons-validator-1.6.jar:/home/user/.m2/repository/commons-digester/commons-digester/1.8.1/commons-digester-1.8.1.jar:/home/user/.m2/repository/io/jaegertracing/jaeger-client/0.34.0/jaeger-client-0.34.0.jar:/home/user/.m2/repository/io/jaegertracing/jaeger-thrift/0.34.0/jaeger-thrift-0.34.0.jar:/home/user/.m2/repository/org/apache/thrift/libthrift/0.12.0/libthrift-0.12.0.jar:/home/user/.m2/repository/com/squareup/okhttp3/okhttp/3.9.0/okhttp-3.9.0.jar:/home/user/.m2/repository/com/squareup/okio/okio/1.13.0/okio-1.13.0.jar:/home/user/.m2/repository/io/jaegertracing/jaeger-core/0.34.0/jaeger-core-0.34.0.jar:/home/user/.m2/repository/io/jaegertracing/jaeger-tracerresolver/0.34.0/jaeger-tracerresolver-0.34.0.jar:/home/user/.m2/repository/io/opentracing/contrib/opentracing-tracerresolver/0.1.5/opentracing-tracerresolver-0.1.5.jar:/home/user/.m2/repository/io/opentracing/opentracing-util/0.31.0/opentracing-util-0.31.0.jar:/home/user/.m2/repository/io/opentracing/opentracing-api/0.31.0/opentracing-api-0.31.0.jar:/home/user/.m2/repository/io/opentracing/opentracing-noop/0.31.0/opentracing-noop-0.31.0.jar:/home/user/.m2/repository/org/apache/hadoop/hadoop-hdds-server-framework/0.5.0-SNAPSHOT/hadoop-hdds-server-framework-0.5.0-SNAPSHOT.jar:/home/user/.m2/repository/org/apache/hadoop/hadoop-hdds-container-service/0.5.0-SNAPSHOT/hadoop-hdds-container-service-0.5.0-SNAPSHOT.jar:/home/user/.m2/repository/org/apache/hadoop/hadoop-hdds-client/0.5.0-SNAPSHOT/hadoop-hdds-client-0.5.0-SNAPSHOT.jar:/home/user/.m2/repository/org/apache/hadoop/hadoop-hdds-tools/0.5.0-SNAPSHOT/hadoop-hdds-tools-0.5.0-SNAPSHOT.jar:/home/user/.m2/repository/org/apache/hadoop/hadoop-hdds-server-scm/0.5.0-SNAPSHOT/hadoop-hdds-server-scm-0.5.0-SNAPSHOT.jar:/home/user/.m2/repository/org/apache/hadoop/hadoop-hdds-docs/0.5.0-SNAPSHOT/hadoop-hdds-docs-0.5.0-SNAPSHOT.jar:/home/user/.m2/repository/io/dropwizard/metrics/metrics-core/3.2.4/metrics-core-3.2.4.jar:/home/user/.m2/repository/org/hamcrest/hamcrest-all/1.3/hamcrest-all-1.3.jar:/home/user/.m2/repository/org/bouncycastle/bcprov-jdk15on/1.60/bcprov-jdk15on-1.60.jar:/home/user/.m2/repository/info/picocli/picocli/3.9.6/picocli-3.9.6.jar:/home/user/.m2/repository/com/google/protobuf/protobuf-java/2.5.0/protobuf-java-2.5.0.jar:/home/user/.m2/repository/com/google/guava/guava/11.0.2/guava-11.0.2.jar:/home/user/.m2/repository/org/apache/hadoop/hadoop-ozone-ozone-manager/0.5.0-SNAPSHOT/hadoop-ozone-ozone-manager-0.5.0-SNAPSHOT.jar:/home/user/.m2/repository/org/apache/hadoop/hadoop-minikdc/3.2.0/hadoop-minikdc-3.2.0.jar:/home/user/.m2/repository/commons-io/commons-io/2.5/commons-io-2.5.jar:/home/user/.m2/repository/org/apache/kerby/kerb-simplekdc/1.0.1/kerb-simplekdc-1.0.1.jar:/home/user/.m2/repository/org/apache/kerby/kerb-client/1.0.1/kerb-client-1.0.1.jar:/home/user/.m2/repository/org/apache/kerby/kerby-config/1.0.1/kerby-config-1.0.1.jar:/home/user/.m2/repository/org/apache/kerby/kerb-core/1.0.1/kerb-core-1.0.1.jar:/home/user/.m2/repository/org/apache/kerby/kerby-pkix/1.0.1/kerby-pkix-1.0.1.jar:/home/user/.m2/repository/org/apache/kerby/kerby-asn1/1.0.1/kerby-asn1-1.0.1.jar:/home/user/.m2/repository/org/apache/kerby/kerby-util/1.0.1/kerby-util-1.0.1.jar:/home/user/.m2/repository/org/apache/kerby/kerb-common/1.0.1/kerb-common-1.0.1.jar:/home/user/.m2/repository/org/apache/kerby/kerb-crypto/1.0.1/kerb-crypto-1.0.1.jar:/home/user/.m2/repository/org/apache/kerby/kerb-util/1.0.1/kerb-util-1.0.1.jar:/home/user/.m2/repository/org/apache/kerby/token-provider/1.0.1/token-provider-1.0.1.jar:/home/user/.m2/repository/org/apache/kerby/kerb-admin/1.0.1/kerb-admin-1.0.1.jar:/home/user/.m2/repository/org/apache/kerby/kerb-server/1.0.1/kerb-server-1.0.1.jar:/home/user/.m2/repository/org/apache/kerby/kerb-identity/1.0.1/kerb-identity-1.0.1.jar:/home/user/.m2/repository/org/apache/kerby/kerby-xdr/1.0.1/kerby-xdr-1.0.1.jar:/home/user/.m2/repository/org/slf4j/slf4j-log4j12/1.7.25/slf4j-log4j12-1.7.25.jar:/home/user/.m2/repository/org/apache/hadoop/hadoop-ozone-s3gateway/0.5.0-SNAPSHOT/hadoop-ozone-s3gateway-0.5.0-SNAPSHOT.jar:/home/user/.m2/repository/org/jboss/weld/servlet/weld-servlet/2.4.7.Final/weld-servlet-2.4.7.Final.jar:/home/user/.m2/repository/org/glassfish/jersey/containers/jersey-container-servlet-core/2.27/jersey-container-servlet-core-2.27.jar:/home/user/.m2/repository/org/glassfish/hk2/external/javax.inject/2.5.0-b42/javax.inject-2.5.0-b42.jar:/home/user/.m2/repository/org/glassfish/jersey/core/jersey-common/2.27/jersey-common-2.27.jar:/home/user/.m2/repository/org/glassfish/hk2/osgi-resource-locator/1.0.1/osgi-resource-locator-1.0.1.jar:/home/user/.m2/repository/javax/ws/rs/javax.ws.rs-api/2.1/javax.ws.rs-api-2.1.jar:/home/user/.m2/repository/org/glassfish/jersey/ext/cdi/jersey-cdi1x/2.27/jersey-cdi1x-2.27.jar:/home/user/.m2/repository/org/glassfish/jersey/inject/jersey-hk2/2.27/jersey-hk2-2.27.jar:/home/user/.m2/repository/org/glassfish/hk2/hk2-locator/2.5.0-b42/hk2-locator-2.5.0-b42.jar:/home/user/.m2/repository/org/javassist/javassist/3.22.0-CR2/javassist-3.22.0-CR2.jar:/home/user/.m2/repository/org/glassfish/hk2/hk2-api/2.5.0/hk2-api-2.5.0.jar:/home/user/.m2/repository/org/glassfish/hk2/external/jakarta.inject/2.5.0/jakarta.inject-2.5.0.jar:/home/user/.m2/repository/org/glassfish/hk2/hk2-utils/2.5.0/hk2-utils-2.5.0.jar:/home/user/.m2/repository/jakarta/annotation/jakarta.annotation-api/1.3.4/jakarta.annotation-api-1.3.4.jar:/home/user/.m2/repository/org/glassfish/hk2/external/aopalliance-repackaged/2.5.0/aopalliance-repackaged-2.5.0.jar:/home/user/.m2/repository/com/fasterxml/jackson/dataformat/jackson-dataformat-xml/2.9.0/jackson-dataformat-xml-2.9.0.jar:/home/user/.m2/repository/com/fasterxml/jackson/core/jackson-core/2.9.9/jackson-core-2.9.9.jar:/home/user/.m2/repository/com/fasterxml/jackson/module/jackson-module-jaxb-annotations/2.9.9/jackson-module-jaxb-annotations-2.9.9.jar:/home/user/.m2/repository/javax/enterprise/cdi-api/1.2/cdi-api-1.2.jar:/home/user/.m2/repository/javax/el/javax.el-api/3.0.0/javax.el-api-3.0.0.jar:/home/user/.m2/repository/javax/interceptor/javax.interceptor-api/1.2/javax.interceptor-api-1.2.jar:/home/user/.m2/repository/javax/inject/javax.inject/1/javax.inject-1.jar:/home/user/.m2/repository/com/sun/xml/bind/jaxb-impl/2.3.0.1/jaxb-impl-2.3.0.1.jar:/home/user/.m2/repository/com/sun/xml/bind/jaxb-core/2.3.0.1/jaxb-core-2.3.0.1.jar:/home/user/.m2/repository/javax/xml/bind/jaxb-api/2.3.0/jaxb-api-2.3.0.jar:/home/user/.m2/repository/javax/activation/activation/1.1.1/activation-1.1.1.jar:/home/user/.m2/repository/org/apache/hadoop/hadoop-ozone-csi/0.5.0-SNAPSHOT/hadoop-ozone-csi-0.5.0-SNAPSHOT.jar:/home/user/.m2/repository/com/google/protobuf/protobuf-java-util/3.5.1/protobuf-java-util-3.5.1.jar:/home/user/.m2/repository/org/apache/hadoop/hadoop-hdds-config/0.5.0-SNAPSHOT/hadoop-hdds-config-0.5.0-SNAPSHOT.jar:/home/user/.m2/repository/io/grpc/grpc-netty/1.17.1/grpc-netty-1.17.1.jar:/home/user/.m2/repository/io/grpc/grpc-core/1.17.1/grpc-core-1.17.1.jar:/home/user/.m2/repository/io/grpc/grpc-context/1.17.1/grpc-context-1.17.1.jar:/home/user/.m2/repository/com/google/errorprone/error_prone_annotations/2.2.0/error_prone_annotations-2.2.0.jar:/home/user/.m2/repository/org/codehaus/mojo/animal-sniffer-annotations/1.17/animal-sniffer-annotations-1.17.jar:/home/user/.m2/repository/io/opencensus/opencensus-api/0.17.0/opencensus-api-0.17.0.jar:/home/user/.m2/repository/io/opencensus/opencensus-contrib-grpc-metrics/0.17.0/opencensus-contrib-grpc-metrics-0.17.0.jar:/home/user/.m2/repository/io/netty/netty-codec-http2/4.1.30.Final/netty-codec-http2-4.1.30.Final.jar:/home/user/.m2/repository/io/netty/netty-codec-http/4.1.30.Final/netty-codec-http-4.1.30.Final.jar:/home/user/.m2/repository/io/netty/netty-codec/4.1.30.Final/netty-codec-4.1.30.Final.jar:/home/user/.m2/repository/io/netty/netty-handler/4.1.30.Final/netty-handler-4.1.30.Final.jar:/home/user/.m2/repository/io/netty/netty-handler-proxy/4.1.30.Final/netty-handler-proxy-4.1.30.Final.jar:/home/user/.m2/repository/io/netty/netty-codec-socks/4.1.30.Final/netty-codec-socks-4.1.30.Final.jar:/home/user/.m2/repository/io/netty/netty-transport-native-epoll/4.1.30.Final/netty-transport-native-epoll-4.1.30.Final.jar:/home/user/.m2/repository/io/netty/netty-common/4.1.30.Final/netty-common-4.1.30.Final.jar:/home/user/.m2/repository/io/netty/netty-buffer/4.1.30.Final/netty-buffer-4.1.30.Final.jar:/home/user/.m2/repository/io/netty/netty-transport/4.1.30.Final/netty-transport-4.1.30.Final.jar:/home/user/.m2/repository/io/netty/netty-resolver/4.1.30.Final/netty-resolver-4.1.30.Final.jar:/home/user/.m2/repository/io/netty/netty-transport-native-unix-common/4.1.30.Final/netty-transport-native-unix-common-4.1.30.Final.jar:/home/user/.m2/repository/io/grpc/grpc-protobuf/1.17.1/grpc-protobuf-1.17.1.jar:/home/user/.m2/repository/com/google/api/grpc/proto-google-common-protos/1.0.0/proto-google-common-protos-1.0.0.jar:/home/user/.m2/repository/io/grpc/grpc-protobuf-lite/1.17.1/grpc-protobuf-lite-1.17.1.jar:/home/user/.m2/repository/io/grpc/grpc-stub/1.17.1/grpc-stub-1.17.1.jar:/home/user/.m2/repository/org/apache/hadoop/hadoop-ozone-recon/0.5.0-SNAPSHOT/hadoop-ozone-recon-0.5.0-SNAPSHOT.jar:/home/user/.m2/repository/org/apache/hadoop/hadoop-ozone-reconcodegen/0.5.0-SNAPSHOT/hadoop-ozone-reconcodegen-0.5.0-SNAPSHOT.jar:/home/user/.m2/repository/com/google/inject/extensions/guice-multibindings/4.0/guice-multibindings-4.0.jar:/home/user/.m2/repository/com/google/inject/guice/4.0/guice-4.0.jar:/home/user/.m2/repository/aopalliance/aopalliance/1.0/aopalliance-1.0.jar:/home/user/.m2/repository/com/google/inject/extensions/guice-servlet/4.0/guice-servlet-4.0.jar:/home/user/.m2/repository/org/glassfish/jersey/containers/jersey-container-servlet/2.27/jersey-container-servlet-2.27.jar:/home/user/.m2/repository/org/glassfish/hk2/guice-bridge/2.5.0/guice-bridge-2.5.0.jar:/home/user/.m2/repository/org/glassfish/jersey/core/jersey-server/2.27/jersey-server-2.27.jar:/home/user/.m2/repository/org/glassfish/jersey/core/jersey-client/2.27/jersey-client-2.27.jar:/home/user/.m2/repository/org/glassfish/jersey/media/jersey-media-jaxb/2.27/jersey-media-jaxb-2.27.jar:/home/user/.m2/repository/javax/validation/validation-api/1.1.0.Final/validation-api-1.1.0.Final.jar:/home/user/.m2/repository/org/glassfish/jersey/media/jersey-media-json-jackson/2.27/jersey-media-json-jackson-2.27.jar:/home/user/.m2/repository/org/glassfish/jersey/ext/jersey-entity-filtering/2.27/jersey-entity-filtering-2.27.jar:/home/user/.m2/repository/com/google/inject/extensions/guice-assistedinject/4.0/guice-assistedinject-4.0.jar:/home/user/.m2/repository/org/jooq/jooq/3.11.10/jooq-3.11.10.jar:/home/user/.m2/repository/org/jooq/jooq-meta/3.11.10/jooq-meta-3.11.10.jar:/home/user/.m2/repository/org/jooq/jooq-codegen/3.11.10/jooq-codegen-3.11.10.jar:/home/user/.m2/repository/com/jolbox/bonecp/0.8.0.RELEASE/bonecp-0.8.0.RELEASE.jar:/home/user/.m2/repository/org/xerial/sqlite-jdbc/3.25.2/sqlite-jdbc-3.25.2.jar:/home/user/.m2/repository/org/springframework/spring-jdbc/5.1.3.RELEASE/spring-jdbc-5.1.3.RELEASE.jar:/home/user/.m2/repository/org/springframework/spring-beans/5.1.3.RELEASE/spring-beans-5.1.3.RELEASE.jar:/home/user/.m2/repository/org/springframework/spring-core/5.1.3.RELEASE/spring-core-5.1.3.RELEASE.jar:/home/user/.m2/repository/org/springframework/spring-jcl/5.1.3.RELEASE/spring-jcl-5.1.3.RELEASE.jar:/home/user/.m2/repository/org/springframework/spring-tx/5.1.3.RELEASE/spring-tx-5.1.3.RELEASE.jar:/home/user/.m2/repository/org/apache/hadoop/hadoop-ozone-client/0.5.0-SNAPSHOT/hadoop-ozone-client-0.5.0-SNAPSHOT.jar:/home/user/.m2/repository/commons-lang/commons-lang/2.6/commons-lang-2.6.jar:/home/user/.m2/repository/org/apache/hadoop/hadoop-ozone-ozone-manager/0.5.0-SNAPSHOT/hadoop-ozone-ozone-manager-0.5.0-SNAPSHOT-tests.jar:/home/user/.m2/repository/junit/junit/4.11/junit-4.11.jar:/home/user/.m2/repository/org/hamcrest/hamcrest-core/1.3/hamcrest-core-1.3.jar:/home/user/.m2/repository/org/openjdk/jmh/jmh-core/1.19/jmh-core-1.19.jar:/home/user/.m2/repository/net/sf/jopt-simple/jopt-simple/4.6/jopt-simple-4.6.jar:/home/user/.m2/repository/org/apache/commons/commons-math3/3.1.1/commons-math3-3.1.1.jar:/home/user/.m2/repository/org/openjdk/jmh/jmh-generator-annprocess/1.19/jmh-generator-annprocess-1.19.jar:/home/user/.m2/repository/org/mockito/mockito-all/1.8.5/mockito-all-1.8.5.jar:/home/user/.m2/repository/org/apache/hadoop/hadoop-kms/3.2.0/hadoop-kms-3.2.0.jar:/home/user/.m2/repository/org/apache/hadoop/hadoop-auth/3.2.0/hadoop-auth-3.2.0.jar:/home/user/.m2/repository/com/nimbusds/nimbus-jose-jwt/4.41.1/nimbus-jose-jwt-4.41.1.jar:/home/user/.m2/repository/com/github/stephenc/jcip/jcip-annotations/1.0-1/jcip-annotations-1.0-1.jar:/home/user/.m2/repository/net/minidev/json-smart/2.3/json-smart-2.3.jar:/home/user/.m2/repository/net/minidev/accessors-smart/1.2/accessors-smart-1.2.jar:/home/user/.m2/repository/org/ow2/asm/asm/5.0.4/asm-5.0.4.jar:/home/user/.m2/repository/org/apache/curator/curator-framework/2.12.0/curator-framework-2.12.0.jar:/home/user/.m2/repository/com/sun/jersey/jersey-core/1.19/jersey-core-1.19.jar:/home/user/.m2/repository/javax/ws/rs/jsr311-api/1.1.1/jsr311-api-1.1.1.jar:/home/user/.m2/repository/com/sun/jersey/jersey-server/1.19/jersey-server-1.19.jar:/home/user/.m2/repository/javax/servlet/javax.servlet-api/3.1.0/javax.servlet-api-3.1.0.jar:/home/user/.m2/repository/org/eclipse/jetty/jetty-server/9.3.25.v20180904/jetty-server-9.3.25.v20180904.jar:/home/user/.m2/repository/org/eclipse/jetty/jetty-http/9.3.25.v20180904/jetty-http-9.3.25.v20180904.jar:/home/user/.m2/repository/org/eclipse/jetty/jetty-io/9.3.25.v20180904/jetty-io-9.3.25.v20180904.jar:/home/user/.m2/repository/org/eclipse/jetty/jetty-webapp/9.3.25.v20180904/jetty-webapp-9.3.25.v20180904.jar:/home/user/.m2/repository/org/eclipse/jetty/jetty-xml/9.3.25.v20180904/jetty-xml-9.3.25.v20180904.jar:/home/user/.m2/repository/log4j/log4j/1.2.17/log4j-1.2.17.jar:/home/user/.m2/repository/org/slf4j/slf4j-api/1.7.25/slf4j-api-1.7.25.jar:/home/user/.m2/repository/org/slf4j/jul-to-slf4j/1.7.25/jul-to-slf4j-1.7.25.jar:/home/user/.m2/repository/org/eclipse/jetty/jetty-util/9.3.25.v20180904/jetty-util-9.3.25.v20180904.jar:/home/user/.m2/repository/com/fasterxml/jackson/core/jackson-databind/2.9.9/jackson-databind-2.9.9.jar:/home/user/.m2/repository/org/apache/hadoop/hadoop-kms/3.2.0/hadoop-kms-3.2.0-tests.jar:/home/user/.m2/repository/org/apache/hadoop/hadoop-hdds-server-scm/0.5.0-SNAPSHOT/hadoop-hdds-server-scm-0.5.0-SNAPSHOT-tests.jar:/home/user/.m2/repository/org/apache/hadoop/hadoop-hdds-container-service/0.5.0-SNAPSHOT/hadoop-hdds-container-service-0.5.0-SNAPSHOT-tests.jar:/home/user/.m2/repository/org/yaml/snakeyaml/1.16/snakeyaml-1.16.jar:/home/user/.m2/repository/org/apache/hadoop/hadoop-common/3.2.0/hadoop-common-3.2.0-tests.jar:/home/user/.m2/repository/org/apache/hadoop/hadoop-annotations/3.2.0/hadoop-annotations-3.2.0.jar:/usr/lib/jvm/java-1.8.0-openjdk-1.8.0.222.b10-1.el7_7.x86_64/jre/../lib/tools.jar:/home/user/.m2/repository/commons-cli/commons-cli/1.2/commons-cli-1.2.jar:/home/user/.m2/repository/org/apache/httpcomponents/httpclient/4.5.2/httpclient-4.5.2.jar:/home/user/.m2/repository/org/apache/httpcomponents/httpcore/4.4.4/httpcore-4.4.4.jar:/home/user/.m2/repository/commons-codec/commons-codec/1.11/commons-codec-1.11.jar:/home/user/.m2/repository/commons-net/commons-net/3.6/commons-net-3.6.jar:/home/user/.m2/repository/commons-collections/commons-collections/3.2.2/commons-collections-3.2.2.jar:/home/user/.m2/repository/org/eclipse/jetty/jetty-servlet/9.3.25.v20180904/jetty-servlet-9.3.25.v20180904.jar:/home/user/.m2/repository/org/eclipse/jetty/jetty-security/9.3.25.v20180904/jetty-security-9.3.25.v20180904.jar:/home/user/.m2/repository/javax/servlet/jsp/jsp-api/2.1/jsp-api-2.1.jar:/home/user/.m2/repository/com/sun/jersey/jersey-servlet/1.19/jersey-servlet-1.19.jar:/home/user/.m2/repository/com/sun/jersey/jersey-json/1.19/jersey-json-1.19.jar:/home/user/.m2/repository/org/codehaus/jettison/jettison/1.1/jettison-1.1.jar:/home/user/.m2/repository/org/codehaus/jackson/jackson-core-asl/1.9.13/jackson-core-asl-1.9.13.jar:/home/user/.m2/repository/org/codehaus/jackson/jackson-mapper-asl/1.9.13/jackson-mapper-asl-1.9.13.jar:/home/user/.m2/repository/org/codehaus/jackson/jackson-jaxrs/1.9.13/jackson-jaxrs-1.9.13.jar:/home/user/.m2/repository/org/codehaus/jackson/jackson-xc/1.9.13/jackson-xc-1.9.13.jar:/home/user/.m2/repository/commons-logging/commons-logging/1.1.3/commons-logging-1.1.3.jar:/home/user/.m2/repository/commons-beanutils/commons-beanutils/1.9.4/commons-beanutils-1.9.4.jar:/home/user/.m2/repository/org/apache/commons/commons-configuration2/2.1.1/commons-configuration2-2.1.1.jar:/home/user/.m2/repository/org/apache/commons/commons-lang3/3.7/commons-lang3-3.7.jar:/home/user/.m2/repository/org/apache/commons/commons-text/1.4/commons-text-1.4.jar:/home/user/.m2/repository/org/apache/avro/avro/1.7.7/avro-1.7.7.jar:/home/user/.m2/repository/com/thoughtworks/paranamer/paranamer/2.3/paranamer-2.3.jar:/home/user/.m2/repository/org/xerial/snappy/snappy-java/1.0.5/snappy-java-1.0.5.jar:/home/user/.m2/repository/com/google/re2j/re2j/1.1/re2j-1.1.jar:/home/user/.m2/repository/com/google/code/gson/gson/2.2.4/gson-2.2.4.jar:/home/user/.m2/repository/com/jcraft/jsch/0.1.54/jsch-0.1.54.jar:/home/user/.m2/repository/org/apache/curator/curator-client/2.12.0/curator-client-2.12.0.jar:/home/user/.m2/repository/org/apache/curator/curator-recipes/2.12.0/curator-recipes-2.12.0.jar:/home/user/.m2/repository/com/google/code/findbugs/jsr305/3.0.0/jsr305-3.0.0.jar:/home/user/.m2/repository/org/apache/htrace/htrace-core4/4.1.0-incubating/htrace-core4-4.1.0-incubating.jar:/home/user/.m2/repository/org/apache/zookeeper/zookeeper/3.4.13/zookeeper-3.4.13.jar:/home/user/.m2/repository/jline/jline/0.9.94/jline-0.9.94.jar:/home/user/.m2/repository/org/apache/yetus/audience-annotations/0.5.0/audience-annotations-0.5.0.jar:/home/user/.m2/repository/org/codehaus/woodstox/stax2-api/3.1.4/stax2-api-3.1.4.jar:/home/user/.m2/repository/com/fasterxml/woodstox/woodstox-core/5.0.3/woodstox-core-5.0.3.jar:/home/user/.m2/repository/dnsjava/dnsjava/2.1.7/dnsjava-2.1.7.jar:/home/user/.m2/repository/org/apache/hadoop/hadoop-hdfs/3.2.0/hadoop-hdfs-3.2.0-tests.jar:/home/user/.m2/repository/org/eclipse/jetty/jetty-util-ajax/9.3.25.v20180904/jetty-util-ajax-9.3.25.v20180904.jar:/home/user/.m2/repository/commons-daemon/commons-daemon/1.0.13/commons-daemon-1.0.13.jar:/home/user/.m2/repository/io/netty/netty/3.10.5.Final/netty-3.10.5.Final.jar:/home/user/.m2/repository/io/netty/netty-all/4.0.52.Final/netty-all-4.0.52.Final.jar:/home/user/.m2/repository/org/fusesource/leveldbjni/leveldbjni-all/1.8/leveldbjni-all-1.8.jar:"/>
    <property name="java.vm.vendor" value="Oracle Corporation"/>
    <property name="sun.arch.data.model" value="64"/>
    <property name="test.build.dir" value="/workdir/hadoop-ozone/integration-test/target/test-dir"/>
    <property name="test.cache.data" value=""/>
    <property name="java.vendor.url" value="http://java.oracle.com/"/>
    <property name="user.timezone" value=""/>
    <property name="java.vm.specification.version" value="1.8"/>
    <property name="os.name" value="Linux"/>
    <property name="test.build.data" value="/workdir/hadoop-ozone/integration-test/target/test-dir"/>
    <property name="user.country" value="US"/>
    <property name="sun.java.launcher" value="SUN_STANDARD"/>
    <property name="sun.boot.library.path" value="/usr/lib/jvm/java-1.8.0-openjdk-1.8.0.222.b10-1.el7_7.x86_64/jre/lib/amd64"/>
    <property name="sun.java.command" value="/workdir/hadoop-ozone/integration-test/target/surefire/surefirebooter6498333379533763937.jar /workdir/hadoop-ozone/integration-test/target/surefire 2019-10-21T22-28-36_994-jvmRun1 surefire170335058751858931tmp surefire_258513883991865951885tmp"/>
    <property name="surefire.test.class.path" value="/workdir/hadoop-ozone/integration-test/target/test-classes:/workdir/hadoop-ozone/integration-test/target/classes:/home/user/.m2/repository/org/apache/hadoop/hadoop-ozone-common/0.5.0-SNAPSHOT/hadoop-ozone-common-0.5.0-SNAPSHOT.jar:/home/user/.m2/repository/org/apache/commons/commons-compress/1.4.1/commons-compress-1.4.1.jar:/home/user/.m2/repository/org/tukaani/xz/1.0/xz-1.0.jar:/home/user/.m2/repository/org/apache/hadoop/hadoop-common/3.2.0/hadoop-common-3.2.0.jar:/home/user/.m2/repository/org/apache/hadoop/hadoop-hdfs/3.2.0/hadoop-hdfs-3.2.0.jar:/home/user/.m2/repository/org/apache/hadoop/hadoop-hdfs-client/3.2.0/hadoop-hdfs-client-3.2.0.jar:/home/user/.m2/repository/com/fasterxml/jackson/core/jackson-annotations/2.9.9/jackson-annotations-2.9.9.jar:/home/user/.m2/repository/org/apache/hadoop/hadoop-hdds-common/0.5.0-SNAPSHOT/hadoop-hdds-common-0.5.0-SNAPSHOT.jar:/home/user/.m2/repository/javax/annotation/javax.annotation-api/1.2/javax.annotation-api-1.2.jar:/home/user/.m2/repository/org/apache/ratis/ratis-server/0.5.0-3f446aa-SNAPSHOT/ratis-server-0.5.0-3f446aa-SNAPSHOT.jar:/home/user/.m2/repository/org/apache/ratis/ratis-thirdparty-misc/0.2.0/ratis-thirdparty-misc-0.2.0.jar:/home/user/.m2/repository/org/apache/ratis/ratis-proto/0.5.0-3f446aa-SNAPSHOT/ratis-proto-0.5.0-3f446aa-SNAPSHOT.jar:/home/user/.m2/repository/org/apache/ratis/ratis-common/0.5.0-3f446aa-SNAPSHOT/ratis-common-0.5.0-3f446aa-SNAPSHOT.jar:/home/user/.m2/repository/org/apache/ratis/ratis-client/0.5.0-3f446aa-SNAPSHOT/ratis-client-0.5.0-3f446aa-SNAPSHOT.jar:/home/user/.m2/repository/org/apache/ratis/ratis-metrics/0.5.0-3f446aa-SNAPSHOT/ratis-metrics-0.5.0-3f446aa-SNAPSHOT.jar:/home/user/.m2/repository/com/github/joshelser/dropwizard-metrics-hadoop-metrics2-reporter/0.1.2/dropwizard-metrics-hadoop-metrics2-reporter-0.1.2.jar:/home/user/.m2/repository/io/dropwizard/metrics/metrics-jvm/3.2.5/metrics-jvm-3.2.5.jar:/home/user/.m2/repository/io/dropwizard/metrics/metrics-ganglia/3.2.5/metrics-ganglia-3.2.5.jar:/home/user/.m2/repository/info/ganglia/gmetric4j/gmetric4j/1.0.7/gmetric4j-1.0.7.jar:/home/user/.m2/repository/org/apache/ratis/ratis-netty/0.5.0-3f446aa-SNAPSHOT/ratis-netty-0.5.0-3f446aa-SNAPSHOT.jar:/home/user/.m2/repository/org/apache/ratis/ratis-grpc/0.5.0-3f446aa-SNAPSHOT/ratis-grpc-0.5.0-3f446aa-SNAPSHOT.jar:/home/user/.m2/repository/org/rocksdb/rocksdbjni/6.0.1/rocksdbjni-6.0.1.jar:/home/user/.m2/repository/org/apache/logging/log4j/log4j-api/2.11.0/log4j-api-2.11.0.jar:/home/user/.m2/repository/org/apache/logging/log4j/log4j-core/2.11.0/log4j-core-2.11.0.jar:/home/user/.m2/repository/com/lmax/disruptor/3.4.2/disruptor-3.4.2.jar:/home/user/.m2/repository/org/apache/commons/commons-pool2/2.6.0/commons-pool2-2.6.0.jar:/home/user/.m2/repository/org/bouncycastle/bcpkix-jdk15on/1.60/bcpkix-jdk15on-1.60.jar:/home/user/.m2/repository/commons-validator/commons-validator/1.6/commons-validator-1.6.jar:/home/user/.m2/repository/commons-digester/commons-digester/1.8.1/commons-digester-1.8.1.jar:/home/user/.m2/repository/io/jaegertracing/jaeger-client/0.34.0/jaeger-client-0.34.0.jar:/home/user/.m2/repository/io/jaegertracing/jaeger-thrift/0.34.0/jaeger-thrift-0.34.0.jar:/home/user/.m2/repository/org/apache/thrift/libthrift/0.12.0/libthrift-0.12.0.jar:/home/user/.m2/repository/com/squareup/okhttp3/okhttp/3.9.0/okhttp-3.9.0.jar:/home/user/.m2/repository/com/squareup/okio/okio/1.13.0/okio-1.13.0.jar:/home/user/.m2/repository/io/jaegertracing/jaeger-core/0.34.0/jaeger-core-0.34.0.jar:/home/user/.m2/repository/io/jaegertracing/jaeger-tracerresolver/0.34.0/jaeger-tracerresolver-0.34.0.jar:/home/user/.m2/repository/io/opentracing/contrib/opentracing-tracerresolver/0.1.5/opentracing-tracerresolver-0.1.5.jar:/home/user/.m2/repository/io/opentracing/opentracing-util/0.31.0/opentracing-util-0.31.0.jar:/home/user/.m2/repository/io/opentracing/opentracing-api/0.31.0/opentracing-api-0.31.0.jar:/home/user/.m2/repository/io/opentracing/opentracing-noop/0.31.0/opentracing-noop-0.31.0.jar:/home/user/.m2/repository/org/apache/hadoop/hadoop-hdds-server-framework/0.5.0-SNAPSHOT/hadoop-hdds-server-framework-0.5.0-SNAPSHOT.jar:/home/user/.m2/repository/org/apache/hadoop/hadoop-hdds-container-service/0.5.0-SNAPSHOT/hadoop-hdds-container-service-0.5.0-SNAPSHOT.jar:/home/user/.m2/repository/org/apache/hadoop/hadoop-hdds-client/0.5.0-SNAPSHOT/hadoop-hdds-client-0.5.0-SNAPSHOT.jar:/home/user/.m2/repository/org/apache/hadoop/hadoop-hdds-tools/0.5.0-SNAPSHOT/hadoop-hdds-tools-0.5.0-SNAPSHOT.jar:/home/user/.m2/repository/org/apache/hadoop/hadoop-hdds-server-scm/0.5.0-SNAPSHOT/hadoop-hdds-server-scm-0.5.0-SNAPSHOT.jar:/home/user/.m2/repository/org/apache/hadoop/hadoop-hdds-docs/0.5.0-SNAPSHOT/hadoop-hdds-docs-0.5.0-SNAPSHOT.jar:/home/user/.m2/repository/io/dropwizard/metrics/metrics-core/3.2.4/metrics-core-3.2.4.jar:/home/user/.m2/repository/org/hamcrest/hamcrest-all/1.3/hamcrest-all-1.3.jar:/home/user/.m2/repository/org/bouncycastle/bcprov-jdk15on/1.60/bcprov-jdk15on-1.60.jar:/home/user/.m2/repository/info/picocli/picocli/3.9.6/picocli-3.9.6.jar:/home/user/.m2/repository/com/google/protobuf/protobuf-java/2.5.0/protobuf-java-2.5.0.jar:/home/user/.m2/repository/com/google/guava/guava/11.0.2/guava-11.0.2.jar:/home/user/.m2/repository/org/apache/hadoop/hadoop-ozone-ozone-manager/0.5.0-SNAPSHOT/hadoop-ozone-ozone-manager-0.5.0-SNAPSHOT.jar:/home/user/.m2/repository/org/apache/hadoop/hadoop-minikdc/3.2.0/hadoop-minikdc-3.2.0.jar:/home/user/.m2/repository/commons-io/commons-io/2.5/commons-io-2.5.jar:/home/user/.m2/repository/org/apache/kerby/kerb-simplekdc/1.0.1/kerb-simplekdc-1.0.1.jar:/home/user/.m2/repository/org/apache/kerby/kerb-client/1.0.1/kerb-client-1.0.1.jar:/home/user/.m2/repository/org/apache/kerby/kerby-config/1.0.1/kerby-config-1.0.1.jar:/home/user/.m2/repository/org/apache/kerby/kerb-core/1.0.1/kerb-core-1.0.1.jar:/home/user/.m2/repository/org/apache/kerby/kerby-pkix/1.0.1/kerby-pkix-1.0.1.jar:/home/user/.m2/repository/org/apache/kerby/kerby-asn1/1.0.1/kerby-asn1-1.0.1.jar:/home/user/.m2/repository/org/apache/kerby/kerby-util/1.0.1/kerby-util-1.0.1.jar:/home/user/.m2/repository/org/apache/kerby/kerb-common/1.0.1/kerb-common-1.0.1.jar:/home/user/.m2/repository/org/apache/kerby/kerb-crypto/1.0.1/kerb-crypto-1.0.1.jar:/home/user/.m2/repository/org/apache/kerby/kerb-util/1.0.1/kerb-util-1.0.1.jar:/home/user/.m2/repository/org/apache/kerby/token-provider/1.0.1/token-provider-1.0.1.jar:/home/user/.m2/repository/org/apache/kerby/kerb-admin/1.0.1/kerb-admin-1.0.1.jar:/home/user/.m2/repository/org/apache/kerby/kerb-server/1.0.1/kerb-server-1.0.1.jar:/home/user/.m2/repository/org/apache/kerby/kerb-identity/1.0.1/kerb-identity-1.0.1.jar:/home/user/.m2/repository/org/apache/kerby/kerby-xdr/1.0.1/kerby-xdr-1.0.1.jar:/home/user/.m2/repository/org/slf4j/slf4j-log4j12/1.7.25/slf4j-log4j12-1.7.25.jar:/home/user/.m2/repository/org/apache/hadoop/hadoop-ozone-s3gateway/0.5.0-SNAPSHOT/hadoop-ozone-s3gateway-0.5.0-SNAPSHOT.jar:/home/user/.m2/repository/org/jboss/weld/servlet/weld-servlet/2.4.7.Final/weld-servlet-2.4.7.Final.jar:/home/user/.m2/repository/org/glassfish/jersey/containers/jersey-container-servlet-core/2.27/jersey-container-servlet-core-2.27.jar:/home/user/.m2/repository/org/glassfish/hk2/external/javax.inject/2.5.0-b42/javax.inject-2.5.0-b42.jar:/home/user/.m2/repository/org/glassfish/jersey/core/jersey-common/2.27/jersey-common-2.27.jar:/home/user/.m2/repository/org/glassfish/hk2/osgi-resource-locator/1.0.1/osgi-resource-locator-1.0.1.jar:/home/user/.m2/repository/javax/ws/rs/javax.ws.rs-api/2.1/javax.ws.rs-api-2.1.jar:/home/user/.m2/repository/org/glassfish/jersey/ext/cdi/jersey-cdi1x/2.27/jersey-cdi1x-2.27.jar:/home/user/.m2/repository/org/glassfish/jersey/inject/jersey-hk2/2.27/jersey-hk2-2.27.jar:/home/user/.m2/repository/org/glassfish/hk2/hk2-locator/2.5.0-b42/hk2-locator-2.5.0-b42.jar:/home/user/.m2/repository/org/javassist/javassist/3.22.0-CR2/javassist-3.22.0-CR2.jar:/home/user/.m2/repository/org/glassfish/hk2/hk2-api/2.5.0/hk2-api-2.5.0.jar:/home/user/.m2/repository/org/glassfish/hk2/external/jakarta.inject/2.5.0/jakarta.inject-2.5.0.jar:/home/user/.m2/repository/org/glassfish/hk2/hk2-utils/2.5.0/hk2-utils-2.5.0.jar:/home/user/.m2/repository/jakarta/annotation/jakarta.annotation-api/1.3.4/jakarta.annotation-api-1.3.4.jar:/home/user/.m2/repository/org/glassfish/hk2/external/aopalliance-repackaged/2.5.0/aopalliance-repackaged-2.5.0.jar:/home/user/.m2/repository/com/fasterxml/jackson/dataformat/jackson-dataformat-xml/2.9.0/jackson-dataformat-xml-2.9.0.jar:/home/user/.m2/repository/com/fasterxml/jackson/core/jackson-core/2.9.9/jackson-core-2.9.9.jar:/home/user/.m2/repository/com/fasterxml/jackson/module/jackson-module-jaxb-annotations/2.9.9/jackson-module-jaxb-annotations-2.9.9.jar:/home/user/.m2/repository/javax/enterprise/cdi-api/1.2/cdi-api-1.2.jar:/home/user/.m2/repository/javax/el/javax.el-api/3.0.0/javax.el-api-3.0.0.jar:/home/user/.m2/repository/javax/interceptor/javax.interceptor-api/1.2/javax.interceptor-api-1.2.jar:/home/user/.m2/repository/javax/inject/javax.inject/1/javax.inject-1.jar:/home/user/.m2/repository/com/sun/xml/bind/jaxb-impl/2.3.0.1/jaxb-impl-2.3.0.1.jar:/home/user/.m2/repository/com/sun/xml/bind/jaxb-core/2.3.0.1/jaxb-core-2.3.0.1.jar:/home/user/.m2/repository/javax/xml/bind/jaxb-api/2.3.0/jaxb-api-2.3.0.jar:/home/user/.m2/repository/javax/activation/activation/1.1.1/activation-1.1.1.jar:/home/user/.m2/repository/org/apache/hadoop/hadoop-ozone-csi/0.5.0-SNAPSHOT/hadoop-ozone-csi-0.5.0-SNAPSHOT.jar:/home/user/.m2/repository/com/google/protobuf/protobuf-java-util/3.5.1/protobuf-java-util-3.5.1.jar:/home/user/.m2/repository/org/apache/hadoop/hadoop-hdds-config/0.5.0-SNAPSHOT/hadoop-hdds-config-0.5.0-SNAPSHOT.jar:/home/user/.m2/repository/io/grpc/grpc-netty/1.17.1/grpc-netty-1.17.1.jar:/home/user/.m2/repository/io/grpc/grpc-core/1.17.1/grpc-core-1.17.1.jar:/home/user/.m2/repository/io/grpc/grpc-context/1.17.1/grpc-context-1.17.1.jar:/home/user/.m2/repository/com/google/errorprone/error_prone_annotations/2.2.0/error_prone_annotations-2.2.0.jar:/home/user/.m2/repository/org/codehaus/mojo/animal-sniffer-annotations/1.17/animal-sniffer-annotations-1.17.jar:/home/user/.m2/repository/io/opencensus/opencensus-api/0.17.0/opencensus-api-0.17.0.jar:/home/user/.m2/repository/io/opencensus/opencensus-contrib-grpc-metrics/0.17.0/opencensus-contrib-grpc-metrics-0.17.0.jar:/home/user/.m2/repository/io/netty/netty-codec-http2/4.1.30.Final/netty-codec-http2-4.1.30.Final.jar:/home/user/.m2/repository/io/netty/netty-codec-http/4.1.30.Final/netty-codec-http-4.1.30.Final.jar:/home/user/.m2/repository/io/netty/netty-codec/4.1.30.Final/netty-codec-4.1.30.Final.jar:/home/user/.m2/repository/io/netty/netty-handler/4.1.30.Final/netty-handler-4.1.30.Final.jar:/home/user/.m2/repository/io/netty/netty-handler-proxy/4.1.30.Final/netty-handler-proxy-4.1.30.Final.jar:/home/user/.m2/repository/io/netty/netty-codec-socks/4.1.30.Final/netty-codec-socks-4.1.30.Final.jar:/home/user/.m2/repository/io/netty/netty-transport-native-epoll/4.1.30.Final/netty-transport-native-epoll-4.1.30.Final.jar:/home/user/.m2/repository/io/netty/netty-common/4.1.30.Final/netty-common-4.1.30.Final.jar:/home/user/.m2/repository/io/netty/netty-buffer/4.1.30.Final/netty-buffer-4.1.30.Final.jar:/home/user/.m2/repository/io/netty/netty-transport/4.1.30.Final/netty-transport-4.1.30.Final.jar:/home/user/.m2/repository/io/netty/netty-resolver/4.1.30.Final/netty-resolver-4.1.30.Final.jar:/home/user/.m2/repository/io/netty/netty-transport-native-unix-common/4.1.30.Final/netty-transport-native-unix-common-4.1.30.Final.jar:/home/user/.m2/repository/io/grpc/grpc-protobuf/1.17.1/grpc-protobuf-1.17.1.jar:/home/user/.m2/repository/com/google/api/grpc/proto-google-common-protos/1.0.0/proto-google-common-protos-1.0.0.jar:/home/user/.m2/repository/io/grpc/grpc-protobuf-lite/1.17.1/grpc-protobuf-lite-1.17.1.jar:/home/user/.m2/repository/io/grpc/grpc-stub/1.17.1/grpc-stub-1.17.1.jar:/home/user/.m2/repository/org/apache/hadoop/hadoop-ozone-recon/0.5.0-SNAPSHOT/hadoop-ozone-recon-0.5.0-SNAPSHOT.jar:/home/user/.m2/repository/org/apache/hadoop/hadoop-ozone-reconcodegen/0.5.0-SNAPSHOT/hadoop-ozone-reconcodegen-0.5.0-SNAPSHOT.jar:/home/user/.m2/repository/com/google/inject/extensions/guice-multibindings/4.0/guice-multibindings-4.0.jar:/home/user/.m2/repository/com/google/inject/guice/4.0/guice-4.0.jar:/home/user/.m2/repository/aopalliance/aopalliance/1.0/aopalliance-1.0.jar:/home/user/.m2/repository/com/google/inject/extensions/guice-servlet/4.0/guice-servlet-4.0.jar:/home/user/.m2/repository/org/glassfish/jersey/containers/jersey-container-servlet/2.27/jersey-container-servlet-2.27.jar:/home/user/.m2/repository/org/glassfish/hk2/guice-bridge/2.5.0/guice-bridge-2.5.0.jar:/home/user/.m2/repository/org/glassfish/jersey/core/jersey-server/2.27/jersey-server-2.27.jar:/home/user/.m2/repository/org/glassfish/jersey/core/jersey-client/2.27/jersey-client-2.27.jar:/home/user/.m2/repository/org/glassfish/jersey/media/jersey-media-jaxb/2.27/jersey-media-jaxb-2.27.jar:/home/user/.m2/repository/javax/validation/validation-api/1.1.0.Final/validation-api-1.1.0.Final.jar:/home/user/.m2/repository/org/glassfish/jersey/media/jersey-media-json-jackson/2.27/jersey-media-json-jackson-2.27.jar:/home/user/.m2/repository/org/glassfish/jersey/ext/jersey-entity-filtering/2.27/jersey-entity-filtering-2.27.jar:/home/user/.m2/repository/com/google/inject/extensions/guice-assistedinject/4.0/guice-assistedinject-4.0.jar:/home/user/.m2/repository/org/jooq/jooq/3.11.10/jooq-3.11.10.jar:/home/user/.m2/repository/org/jooq/jooq-meta/3.11.10/jooq-meta-3.11.10.jar:/home/user/.m2/repository/org/jooq/jooq-codegen/3.11.10/jooq-codegen-3.11.10.jar:/home/user/.m2/repository/com/jolbox/bonecp/0.8.0.RELEASE/bonecp-0.8.0.RELEASE.jar:/home/user/.m2/repository/org/xerial/sqlite-jdbc/3.25.2/sqlite-jdbc-3.25.2.jar:/home/user/.m2/repository/org/springframework/spring-jdbc/5.1.3.RELEASE/spring-jdbc-5.1.3.RELEASE.jar:/home/user/.m2/repository/org/springframework/spring-beans/5.1.3.RELEASE/spring-beans-5.1.3.RELEASE.jar:/home/user/.m2/repository/org/springframework/spring-core/5.1.3.RELEASE/spring-core-5.1.3.RELEASE.jar:/home/user/.m2/repository/org/springframework/spring-jcl/5.1.3.RELEASE/spring-jcl-5.1.3.RELEASE.jar:/home/user/.m2/repository/org/springframework/spring-tx/5.1.3.RELEASE/spring-tx-5.1.3.RELEASE.jar:/home/user/.m2/repository/org/apache/hadoop/hadoop-ozone-client/0.5.0-SNAPSHOT/hadoop-ozone-client-0.5.0-SNAPSHOT.jar:/home/user/.m2/repository/commons-lang/commons-lang/2.6/commons-lang-2.6.jar:/home/user/.m2/repository/org/apache/hadoop/hadoop-ozone-ozone-manager/0.5.0-SNAPSHOT/hadoop-ozone-ozone-manager-0.5.0-SNAPSHOT-tests.jar:/home/user/.m2/repository/junit/junit/4.11/junit-4.11.jar:/home/user/.m2/repository/org/hamcrest/hamcrest-core/1.3/hamcrest-core-1.3.jar:/home/user/.m2/repository/org/openjdk/jmh/jmh-core/1.19/jmh-core-1.19.jar:/home/user/.m2/repository/net/sf/jopt-simple/jopt-simple/4.6/jopt-simple-4.6.jar:/home/user/.m2/repository/org/apache/commons/commons-math3/3.1.1/commons-math3-3.1.1.jar:/home/user/.m2/repository/org/openjdk/jmh/jmh-generator-annprocess/1.19/jmh-generator-annprocess-1.19.jar:/home/user/.m2/repository/org/mockito/mockito-all/1.8.5/mockito-all-1.8.5.jar:/home/user/.m2/repository/org/apache/hadoop/hadoop-kms/3.2.0/hadoop-kms-3.2.0.jar:/home/user/.m2/repository/org/apache/hadoop/hadoop-auth/3.2.0/hadoop-auth-3.2.0.jar:/home/user/.m2/repository/com/nimbusds/nimbus-jose-jwt/4.41.1/nimbus-jose-jwt-4.41.1.jar:/home/user/.m2/repository/com/github/stephenc/jcip/jcip-annotations/1.0-1/jcip-annotations-1.0-1.jar:/home/user/.m2/repository/net/minidev/json-smart/2.3/json-smart-2.3.jar:/home/user/.m2/repository/net/minidev/accessors-smart/1.2/accessors-smart-1.2.jar:/home/user/.m2/repository/org/ow2/asm/asm/5.0.4/asm-5.0.4.jar:/home/user/.m2/repository/org/apache/curator/curator-framework/2.12.0/curator-framework-2.12.0.jar:/home/user/.m2/repository/com/sun/jersey/jersey-core/1.19/jersey-core-1.19.jar:/home/user/.m2/repository/javax/ws/rs/jsr311-api/1.1.1/jsr311-api-1.1.1.jar:/home/user/.m2/repository/com/sun/jersey/jersey-server/1.19/jersey-server-1.19.jar:/home/user/.m2/repository/javax/servlet/javax.servlet-api/3.1.0/javax.servlet-api-3.1.0.jar:/home/user/.m2/repository/org/eclipse/jetty/jetty-server/9.3.25.v20180904/jetty-server-9.3.25.v20180904.jar:/home/user/.m2/repository/org/eclipse/jetty/jetty-http/9.3.25.v20180904/jetty-http-9.3.25.v20180904.jar:/home/user/.m2/repository/org/eclipse/jetty/jetty-io/9.3.25.v20180904/jetty-io-9.3.25.v20180904.jar:/home/user/.m2/repository/org/eclipse/jetty/jetty-webapp/9.3.25.v20180904/jetty-webapp-9.3.25.v20180904.jar:/home/user/.m2/repository/org/eclipse/jetty/jetty-xml/9.3.25.v20180904/jetty-xml-9.3.25.v20180904.jar:/home/user/.m2/repository/log4j/log4j/1.2.17/log4j-1.2.17.jar:/home/user/.m2/repository/org/slf4j/slf4j-api/1.7.25/slf4j-api-1.7.25.jar:/home/user/.m2/repository/org/slf4j/jul-to-slf4j/1.7.25/jul-to-slf4j-1.7.25.jar:/home/user/.m2/repository/org/eclipse/jetty/jetty-util/9.3.25.v20180904/jetty-util-9.3.25.v20180904.jar:/home/user/.m2/repository/com/fasterxml/jackson/core/jackson-databind/2.9.9/jackson-databind-2.9.9.jar:/home/user/.m2/repository/org/apache/hadoop/hadoop-kms/3.2.0/hadoop-kms-3.2.0-tests.jar:/home/user/.m2/repository/org/apache/hadoop/hadoop-hdds-server-scm/0.5.0-SNAPSHOT/hadoop-hdds-server-scm-0.5.0-SNAPSHOT-tests.jar:/home/user/.m2/repository/org/apache/hadoop/hadoop-hdds-container-service/0.5.0-SNAPSHOT/hadoop-hdds-container-service-0.5.0-SNAPSHOT-tests.jar:/home/user/.m2/repository/org/yaml/snakeyaml/1.16/snakeyaml-1.16.jar:/home/user/.m2/repository/org/apache/hadoop/hadoop-common/3.2.0/hadoop-common-3.2.0-tests.jar:/home/user/.m2/repository/org/apache/hadoop/hadoop-annotations/3.2.0/hadoop-annotations-3.2.0.jar:/usr/lib/jvm/java-1.8.0-openjdk-1.8.0.222.b10-1.el7_7.x86_64/jre/../lib/tools.jar:/home/user/.m2/repository/commons-cli/commons-cli/1.2/commons-cli-1.2.jar:/home/user/.m2/repository/org/apache/httpcomponents/httpclient/4.5.2/httpclient-4.5.2.jar:/home/user/.m2/repository/org/apache/httpcomponents/httpcore/4.4.4/httpcore-4.4.4.jar:/home/user/.m2/repository/commons-codec/commons-codec/1.11/commons-codec-1.11.jar:/home/user/.m2/repository/commons-net/commons-net/3.6/commons-net-3.6.jar:/home/user/.m2/repository/commons-collections/commons-collections/3.2.2/commons-collections-3.2.2.jar:/home/user/.m2/repository/org/eclipse/jetty/jetty-servlet/9.3.25.v20180904/jetty-servlet-9.3.25.v20180904.jar:/home/user/.m2/repository/org/eclipse/jetty/jetty-security/9.3.25.v20180904/jetty-security-9.3.25.v20180904.jar:/home/user/.m2/repository/javax/servlet/jsp/jsp-api/2.1/jsp-api-2.1.jar:/home/user/.m2/repository/com/sun/jersey/jersey-servlet/1.19/jersey-servlet-1.19.jar:/home/user/.m2/repository/com/sun/jersey/jersey-json/1.19/jersey-json-1.19.jar:/home/user/.m2/repository/org/codehaus/jettison/jettison/1.1/jettison-1.1.jar:/home/user/.m2/repository/org/codehaus/jackson/jackson-core-asl/1.9.13/jackson-core-asl-1.9.13.jar:/home/user/.m2/repository/org/codehaus/jackson/jackson-mapper-asl/1.9.13/jackson-mapper-asl-1.9.13.jar:/home/user/.m2/repository/org/codehaus/jackson/jackson-jaxrs/1.9.13/jackson-jaxrs-1.9.13.jar:/home/user/.m2/repository/org/codehaus/jackson/jackson-xc/1.9.13/jackson-xc-1.9.13.jar:/home/user/.m2/repository/commons-logging/commons-logging/1.1.3/commons-logging-1.1.3.jar:/home/user/.m2/repository/commons-beanutils/commons-beanutils/1.9.4/commons-beanutils-1.9.4.jar:/home/user/.m2/repository/org/apache/commons/commons-configuration2/2.1.1/commons-configuration2-2.1.1.jar:/home/user/.m2/repository/org/apache/commons/commons-lang3/3.7/commons-lang3-3.7.jar:/home/user/.m2/repository/org/apache/commons/commons-text/1.4/commons-text-1.4.jar:/home/user/.m2/repository/org/apache/avro/avro/1.7.7/avro-1.7.7.jar:/home/user/.m2/repository/com/thoughtworks/paranamer/paranamer/2.3/paranamer-2.3.jar:/home/user/.m2/repository/org/xerial/snappy/snappy-java/1.0.5/snappy-java-1.0.5.jar:/home/user/.m2/repository/com/google/re2j/re2j/1.1/re2j-1.1.jar:/home/user/.m2/repository/com/google/code/gson/gson/2.2.4/gson-2.2.4.jar:/home/user/.m2/repository/com/jcraft/jsch/0.1.54/jsch-0.1.54.jar:/home/user/.m2/repository/org/apache/curator/curator-client/2.12.0/curator-client-2.12.0.jar:/home/user/.m2/repository/org/apache/curator/curator-recipes/2.12.0/curator-recipes-2.12.0.jar:/home/user/.m2/repository/com/google/code/findbugs/jsr305/3.0.0/jsr305-3.0.0.jar:/home/user/.m2/repository/org/apache/htrace/htrace-core4/4.1.0-incubating/htrace-core4-4.1.0-incubating.jar:/home/user/.m2/repository/org/apache/zookeeper/zookeeper/3.4.13/zookeeper-3.4.13.jar:/home/user/.m2/repository/jline/jline/0.9.94/jline-0.9.94.jar:/home/user/.m2/repository/org/apache/yetus/audience-annotations/0.5.0/audience-annotations-0.5.0.jar:/home/user/.m2/repository/org/codehaus/woodstox/stax2-api/3.1.4/stax2-api-3.1.4.jar:/home/user/.m2/repository/com/fasterxml/woodstox/woodstox-core/5.0.3/woodstox-core-5.0.3.jar:/home/user/.m2/repository/dnsjava/dnsjava/2.1.7/dnsjava-2.1.7.jar:/home/user/.m2/repository/org/apache/hadoop/hadoop-hdfs/3.2.0/hadoop-hdfs-3.2.0-tests.jar:/home/user/.m2/repository/org/eclipse/jetty/jetty-util-ajax/9.3.25.v20180904/jetty-util-ajax-9.3.25.v20180904.jar:/home/user/.m2/repository/commons-daemon/commons-daemon/1.0.13/commons-daemon-1.0.13.jar:/home/user/.m2/repository/io/netty/netty/3.10.5.Final/netty-3.10.5.Final.jar:/home/user/.m2/repository/io/netty/netty-all/4.0.52.Final/netty-all-4.0.52.Final.jar:/home/user/.m2/repository/org/fusesource/leveldbjni/leveldbjni-all/1.8/leveldbjni-all-1.8.jar:"/>
    <property name="sun.cpu.endian" value="little"/>
    <property name="user.home" value="/home/user"/>
    <property name="user.language" value="en"/>
    <property name="java.specification.vendor" value="Oracle Corporation"/>
    <property name="java.home" value="/usr/lib/jvm/java-1.8.0-openjdk-1.8.0.222.b10-1.el7_7.x86_64/jre"/>
    <property name="surefire.excludesFile" value="/tools/ozone-bad-unit-tests"/>
    <property name="java.security.krb5.conf" value="/workdir/hadoop-ozone/integration-test/target/test-classes/krb5.conf"/>
    <property name="basedir" value="/workdir/hadoop-ozone/integration-test"/>
    <property name="file.separator" value="/"/>
    <property name="line.separator" value="&#10;"/>
    <property name="java.vm.specification.vendor" value="Oracle Corporation"/>
    <property name="java.specification.name" value="Java Platform API Specification"/>
    <property name="java.awt.graphicsenv" value="sun.awt.X11GraphicsEnvironment"/>
    <property name="surefire.real.class.path" value="/workdir/hadoop-ozone/integration-test/target/surefire/surefirebooter6498333379533763937.jar"/>
    <property name="hadoop.log.dir" value="/workdir/hadoop-ozone/integration-test/target/log"/>
    <property name="sun.boot.class.path" value="/usr/lib/jvm/java-1.8.0-openjdk-1.8.0.222.b10-1.el7_7.x86_64/jre/lib/resources.jar:/usr/lib/jvm/java-1.8.0-openjdk-1.8.0.222.b10-1.el7_7.x86_64/jre/lib/rt.jar:/usr/lib/jvm/java-1.8.0-openjdk-1.8.0.222.b10-1.el7_7.x86_64/jre/lib/sunrsasign.jar:/usr/lib/jvm/java-1.8.0-openjdk-1.8.0.222.b10-1.el7_7.x86_64/jre/lib/jsse.jar:/usr/lib/jvm/java-1.8.0-openjdk-1.8.0.222.b10-1.el7_7.x86_64/jre/lib/jce.jar:/usr/lib/jvm/java-1.8.0-openjdk-1.8.0.222.b10-1.el7_7.x86_64/jre/lib/charsets.jar:/usr/lib/jvm/java-1.8.0-openjdk-1.8.0.222.b10-1.el7_7.x86_64/jre/lib/jfr.jar:/usr/lib/jvm/java-1.8.0-openjdk-1.8.0.222.b10-1.el7_7.x86_64/jre/classes"/>
    <property name="sun.management.compiler" value="HotSpot 64-Bit Tiered Compilers"/>
    <property name="java.runtime.version" value="1.8.0_222-b10"/>
    <property name="java.net.preferIPv4Stack" value="true"/>
    <property name="user.name" value="jenkins1000"/>
    <property name="path.separator" value=":"/>
    <property name="java.security.egd" value="file:///dev/urandom"/>
    <property name="os.version" value="3.10.0-957.12.2.el7.x86_64"/>
    <property name="java.endorsed.dirs" value="/usr/lib/jvm/java-1.8.0-openjdk-1.8.0.222.b10-1.el7_7.x86_64/jre/lib/endorsed"/>
    <property name="java.runtime.name" value="OpenJDK Runtime Environment"/>
    <property name="file.encoding" value="ANSI_X3.4-1968"/>
    <property name="java.vm.name" value="OpenJDK 64-Bit Server VM"/>
    <property name="test.build.webapps" value=""/>
    <property name="localRepository" value="/home/user/.m2/repository"/>
    <property name="java.vendor.url.bug" value="http://bugreport.sun.com/bugreport/"/>
    <property name="java.io.tmpdir" value="/tmp"/>
    <property name="require.test.libhadoop" value=""/>
    <property name="java.version" value="1.8.0_222"/>
    <property name="user.dir" value="/workdir/hadoop-ozone/integration-test"/>
    <property name="os.arch" value="amd64"/>
    <property name="java.vm.specification.name" value="Java Virtual Machine Specification"/>
    <property name="test.build.classes" value="/workdir/hadoop-ozone/integration-test/target/test-classes"/>
    <property name="java.awt.printerjob" value="sun.print.PSPrinterJob"/>
    <property name="sun.os.patch.level" value="unknown"/>
    <property name="hadoop.tmp.dir" value="/workdir/hadoop-ozone/integration-test/target/tmp"/>
    <property name="java.library.path" value="/usr/lib:/workdir/hadoop-ozone/integration-test/target/native/target/usr/local/lib:/workdir/hadoop-ozone/integration-test/../../hadoop-common-project/hadoop-common/target/native/target/usr/local/lib:/usr/java/packages/lib/amd64:/usr/lib64:/lib64:/lib:/usr/lib"/>
    <property name="java.vm.info" value="mixed mode"/>
    <property name="java.vendor" value="Oracle Corporation"/>
    <property name="java.vm.version" value="25.222-b10"/>
    <property name="java.ext.dirs" value="/usr/lib/jvm/java-1.8.0-openjdk-1.8.0.222.b10-1.el7_7.x86_64/jre/lib/ext:/usr/java/packages/lib/ext"/>
    <property name="sun.io.unicode.encoding" value="UnicodeLittle"/>
    <property name="java.class.version" value="52.0"/>
  </properties>
  <testcase name="testPipelineExclusionWithPipelineFailure" classname="org.apache.hadoop.ozone.client.rpc.TestFailureHandlingByClient" time="87.435"/>
  <testcase name="testContainerExclusionWithClosedContainerException" classname="org.apache.hadoop.ozone.client.rpc.TestFailureHandlingByClient" time="35.036"/>
  <testcase name="testWriteSmallFile" classname="org.apache.hadoop.ozone.client.rpc.TestFailureHandlingByClient" time="70.888"/>
  <testcase name="testBlockWritesWithDnFailures" classname="org.apache.hadoop.ozone.client.rpc.TestFailureHandlingByClient" time="55.976"/>
  <testcase name="testDatanodeExclusionWithMajorityCommit" classname="org.apache.hadoop.ozone.client.rpc.TestFailureHandlingByClient" time="47.796">
    <failure type="java.lang.AssertionError">java.lang.AssertionError
	at org.junit.Assert.fail(Assert.java:86)
	at org.junit.Assert.assertTrue(Assert.java:41)
	at org.junit.Assert.assertTrue(Assert.java:52)
	at org.apache.hadoop.ozone.client.rpc.TestFailureHandlingByClient.testDatanodeExclusionWithMajorityCommit(TestFailureHandlingByClient.java:318)
	at sun.reflect.NativeMethodAccessorImpl.invoke0(Native Method)
	at sun.reflect.NativeMethodAccessorImpl.invoke(NativeMethodAccessorImpl.java:62)
	at sun.reflect.DelegatingMethodAccessorImpl.invoke(DelegatingMethodAccessorImpl.java:43)
	at java.lang.reflect.Method.invoke(Method.java:498)
	at org.junit.runners.model.FrameworkMethod$1.runReflectiveCall(FrameworkMethod.java:47)
	at org.junit.internal.runners.model.ReflectiveCallable.run(ReflectiveCallable.java:12)
	at org.junit.runners.model.FrameworkMethod.invokeExplosively(FrameworkMethod.java:44)
	at org.junit.internal.runners.statements.InvokeMethod.evaluate(InvokeMethod.java:17)
	at org.junit.internal.runners.statements.RunAfters.evaluate(RunAfters.java:27)
	at org.junit.runners.ParentRunner.runLeaf(ParentRunner.java:271)
	at org.junit.runners.BlockJUnit4ClassRunner.runChild(BlockJUnit4ClassRunner.java:70)
	at org.junit.runners.BlockJUnit4ClassRunner.runChild(BlockJUnit4ClassRunner.java:50)
	at org.junit.runners.ParentRunner$3.run(ParentRunner.java:238)
	at org.junit.runners.ParentRunner$1.schedule(ParentRunner.java:63)
	at org.junit.runners.ParentRunner.runChildren(ParentRunner.java:236)
	at org.junit.runners.ParentRunner.access$000(ParentRunner.java:53)
	at org.junit.runners.ParentRunner$2.evaluate(ParentRunner.java:229)
	at org.junit.runners.ParentRunner.run(ParentRunner.java:309)
	at org.apache.maven.surefire.junit4.JUnit4Provider.execute(JUnit4Provider.java:365)
	at org.apache.maven.surefire.junit4.JUnit4Provider.executeWithRerun(JUnit4Provider.java:273)
	at org.apache.maven.surefire.junit4.JUnit4Provider.executeTestSet(JUnit4Provider.java:238)
	at org.apache.maven.surefire.junit4.JUnit4Provider.invoke(JUnit4Provider.java:159)
	at org.apache.maven.surefire.booter.ForkedBooter.invokeProviderInSameClassLoader(ForkedBooter.java:384)
	at org.apache.maven.surefire.booter.ForkedBooter.runSuitesInProcess(ForkedBooter.java:345)
	at org.apache.maven.surefire.booter.ForkedBooter.execute(ForkedBooter.java:126)
	at org.apache.maven.surefire.booter.ForkedBooter.main(ForkedBooter.java:418)
</failure>
    <system-out><![CDATA[2019-10-21 23:03:10,695 [main] WARN  server.ServerUtils (ServerUtils.java:getScmDbDir(145)) - ozone.scm.db.dirs is not configured. We recommend adding this setting. Falling back to ozone.metadata.dirs instead.
2019-10-21 23:03:10,722 [main] WARN  server.ServerUtils (ServerUtils.java:getScmDbDir(145)) - ozone.scm.db.dirs is not configured. We recommend adding this setting. Falling back to ozone.metadata.dirs instead.
2019-10-21 23:03:10,722 [main] WARN  server.ServerUtils (ServerUtils.java:getScmDbDir(145)) - ozone.scm.db.dirs is not configured. We recommend adding this setting. Falling back to ozone.metadata.dirs instead.
2019-10-21 23:03:10,723 [main] INFO  db.DBStoreBuilder (DBStoreBuilder.java:addTable(117)) - using custom profile for table: deletedBlocks
2019-10-21 23:03:10,723 [main] INFO  db.DBStoreBuilder (DBStoreBuilder.java:processTables(168)) - Using default column profile:DBProfile.DISK for Table:deletedBlocks
2019-10-21 23:03:10,724 [main] INFO  db.DBStoreBuilder (DBStoreBuilder.java:addTable(117)) - using custom profile for table: validCerts
2019-10-21 23:03:10,724 [main] INFO  db.DBStoreBuilder (DBStoreBuilder.java:processTables(168)) - Using default column profile:DBProfile.DISK for Table:validCerts
2019-10-21 23:03:10,724 [main] INFO  db.DBStoreBuilder (DBStoreBuilder.java:addTable(117)) - using custom profile for table: revokedCerts
2019-10-21 23:03:10,724 [main] INFO  db.DBStoreBuilder (DBStoreBuilder.java:processTables(168)) - Using default column profile:DBProfile.DISK for Table:revokedCerts
2019-10-21 23:03:10,725 [main] INFO  db.DBStoreBuilder (DBStoreBuilder.java:addTable(117)) - using custom profile for table: default
2019-10-21 23:03:10,725 [main] INFO  db.DBStoreBuilder (DBStoreBuilder.java:processTables(174)) - Using default column profile:DBProfile.DISK for Table:default
2019-10-21 23:03:10,725 [main] INFO  db.DBStoreBuilder (DBStoreBuilder.java:getDbProfile(205)) - Using default options. DBProfile.DISK
2019-10-21 23:03:10,947 [main] INFO  net.NodeSchemaLoader (NodeSchemaLoader.java:loadSchemaFromFile(125)) - Loading file from sun.misc.CompoundEnumeration@5763a655
2019-10-21 23:03:10,948 [main] INFO  net.NodeSchemaLoader (NodeSchemaLoader.java:loadSchema(171)) - Loading network topology layer schema file
2019-10-21 23:03:10,952 [main] INFO  node.SCMNodeManager (SCMNodeManager.java:<init>(116)) - Entering startup safe mode.
2019-10-21 23:03:10,953 [main] INFO  algorithms.ContainerPlacementPolicyFactory (ContainerPlacementPolicyFactory.java:getPolicy(57)) - Create container placement policy of type org.apache.hadoop.hdds.scm.container.placement.algorithms.SCMContainerPlacementRandom
2019-10-21 23:03:10,953 [main] WARN  server.ServerUtils (ServerUtils.java:getScmDbDir(145)) - ozone.scm.db.dirs is not configured. We recommend adding this setting. Falling back to ozone.metadata.dirs instead.
2019-10-21 23:03:10,993 [main] INFO  pipeline.SCMPipelineManager (SCMPipelineManager.java:initializePipelineState(132)) - No pipeline exists in current db
2019-10-21 23:03:10,993 [main] WARN  server.ServerUtils (ServerUtils.java:getScmDbDir(145)) - ozone.scm.db.dirs is not configured. We recommend adding this setting. Falling back to ozone.metadata.dirs instead.
2019-10-21 23:03:11,069 [main] WARN  events.EventQueue (EventQueue.java:fireEvent(183)) - No event handler registered for event TypedEvent{payloadType=SafeModeStatus, name='SafeModeStatus'}
2019-10-21 23:03:11,069 [main] INFO  ipc.CallQueueManager (CallQueueManager.java:<init>(84)) - Using callQueue: class java.util.concurrent.LinkedBlockingQueue, queueCapacity: 2000, scheduler: class org.apache.hadoop.ipc.DefaultRpcScheduler, ipcBackoff: false.
2019-10-21 23:03:11,070 [Socket Reader #1 for port 43510] INFO  ipc.Server (Server.java:run(1074)) - Starting Socket Reader #1 for port 43510
2019-10-21 23:03:11,072 [main] INFO  ipc.CallQueueManager (CallQueueManager.java:<init>(84)) - Using callQueue: class java.util.concurrent.LinkedBlockingQueue, queueCapacity: 2000, scheduler: class org.apache.hadoop.ipc.DefaultRpcScheduler, ipcBackoff: false.
2019-10-21 23:03:11,072 [Socket Reader #1 for port 44269] INFO  ipc.Server (Server.java:run(1074)) - Starting Socket Reader #1 for port 44269
2019-10-21 23:03:11,073 [main] INFO  ipc.CallQueueManager (CallQueueManager.java:<init>(84)) - Using callQueue: class java.util.concurrent.LinkedBlockingQueue, queueCapacity: 2000, scheduler: class org.apache.hadoop.ipc.DefaultRpcScheduler, ipcBackoff: false.
2019-10-21 23:03:11,074 [Socket Reader #1 for port 38174] INFO  ipc.Server (Server.java:run(1074)) - Starting Socket Reader #1 for port 38174
2019-10-21 23:03:11,076 [main] INFO  hdfs.DFSUtil (DFSUtil.java:httpServerTemplateForNNAndJN(1641)) - Starting Web-server for scm at: http://0.0.0.0:0
2019-10-21 23:03:11,077 [main] INFO  server.AuthenticationFilter (AuthenticationFilter.java:constructSecretProvider(240)) - Unable to initialize FileSignerSecretProvider, falling back to use random secrets.
2019-10-21 23:03:11,078 [main] WARN  http.HttpRequestLog (HttpRequestLog.java:getRequestLog(97)) - Jetty request log can only be enabled using Log4j
2019-10-21 23:03:11,080 [main] INFO  http.HttpServer2 (HttpServer2.java:addGlobalFilter(975)) - Added global filter 'safety' (class=org.apache.hadoop.http.HttpServer2$QuotingInputFilter)
2019-10-21 23:03:11,081 [main] INFO  http.HttpServer2 (HttpServer2.java:addFilter(948)) - Added filter static_user_filter (class=org.apache.hadoop.http.lib.StaticUserWebFilter$StaticUserFilter) to context scm
2019-10-21 23:03:11,081 [main] INFO  http.HttpServer2 (HttpServer2.java:addFilter(958)) - Added filter static_user_filter (class=org.apache.hadoop.http.lib.StaticUserWebFilter$StaticUserFilter) to context static
2019-10-21 23:03:11,081 [main] INFO  http.HttpServer2 (HttpServer2.java:addFilter(958)) - Added filter static_user_filter (class=org.apache.hadoop.http.lib.StaticUserWebFilter$StaticUserFilter) to context logs
2019-10-21 23:03:11,083 [main] INFO  server.StorageContainerManager (StorageContainerManager.java:start(772)) - StorageContainerLocationProtocol RPC server is listening at /0.0.0.0:38174
2019-10-21 23:03:11,086 [main] WARN  impl.MetricsConfig (MetricsConfig.java:loadFirst(134)) - Cannot locate configuration: tried hadoop-metrics2-storagecontainermanager.properties,hadoop-metrics2.properties
2019-10-21 23:03:11,087 [main] INFO  impl.MetricsSystemImpl (MetricsSystemImpl.java:startTimer(374)) - Scheduled Metric snapshot period at 10 second(s).
2019-10-21 23:03:11,087 [main] INFO  impl.MetricsSystemImpl (MetricsSystemImpl.java:start(191)) - StorageContainerManager metrics system started
2019-10-21 23:03:11,280 [main] WARN  impl.MetricsSystemImpl (MetricsSystemImpl.java:register(276)) - Sink prometheus already exists!
2019-10-21 23:03:11,372 [main] INFO  server.SCMClientProtocolServer (SCMClientProtocolServer.java:start(159)) - RPC server for Client  is listening at /0.0.0.0:38174
2019-10-21 23:03:11,372 [IPC Server Responder] INFO  ipc.Server (Server.java:run(1314)) - IPC Server Responder: starting
2019-10-21 23:03:11,372 [IPC Server listener on 38174] INFO  ipc.Server (Server.java:run(1153)) - IPC Server listener on 38174: starting
2019-10-21 23:03:11,376 [main] INFO  server.StorageContainerManager (StorageContainerManager.java:start(782)) - ScmBlockLocationProtocol RPC server is listening at /0.0.0.0:44269
2019-10-21 23:03:11,377 [main] INFO  server.SCMBlockProtocolServer (SCMBlockProtocolServer.java:start(146)) - RPC server for Block Protocol is listening at /0.0.0.0:44269
2019-10-21 23:03:11,377 [IPC Server Responder] INFO  ipc.Server (Server.java:run(1314)) - IPC Server Responder: starting
2019-10-21 23:03:11,377 [IPC Server listener on 44269] INFO  ipc.Server (Server.java:run(1153)) - IPC Server listener on 44269: starting
2019-10-21 23:03:11,380 [main] INFO  server.StorageContainerManager (StorageContainerManager.java:start(786)) - ScmDatanodeProtocl RPC server is listening at /0.0.0.0:43510
2019-10-21 23:03:11,380 [main] INFO  server.SCMDatanodeProtocolServer (SCMDatanodeProtocolServer.java:start(169)) - RPC server for DataNodes is listening at /0.0.0.0:43510
2019-10-21 23:03:11,381 [IPC Server Responder] INFO  ipc.Server (Server.java:run(1314)) - IPC Server Responder: starting
2019-10-21 23:03:11,381 [IPC Server listener on 43510] INFO  ipc.Server (Server.java:run(1153)) - IPC Server listener on 43510: starting
2019-10-21 23:03:11,384 [main] INFO  http.HttpServer2 (HttpServer2.java:bindListener(1191)) - Jetty bound to port 38892
2019-10-21 23:03:11,384 [main] INFO  server.Server (Server.java:doStart(351)) - jetty-9.3.25.v20180904, build timestamp: 2018-09-04T21:11:46Z, git hash: 3ce520221d0240229c862b122d2b06c12a625732
2019-10-21 23:03:11,385 [main] INFO  handler.ContextHandler (ContextHandler.java:doStart(781)) - Started o.e.j.s.ServletContextHandler@2c9fdb64{/logs,file:///workdir/hadoop-ozone/integration-test/target/log,AVAILABLE}
2019-10-21 23:03:11,386 [main] INFO  handler.ContextHandler (ContextHandler.java:doStart(781)) - Started o.e.j.s.ServletContextHandler@1c3b6963{/static,file:///workdir/hadoop-ozone/integration-test/target/test-classes/webapps/static,AVAILABLE}
2019-10-21 23:03:11,390 [main] INFO  handler.ContextHandler (ContextHandler.java:doStart(781)) - Started o.e.j.w.WebAppContext@2e0ad709{/,file:///workdir/hadoop-ozone/integration-test/target/test-classes/webapps/scm/,AVAILABLE}{/scm}
2019-10-21 23:03:11,391 [main] INFO  server.AbstractConnector (AbstractConnector.java:doStart(278)) - Started ServerConnector@1fe8f5e8{HTTP/1.1,[http/1.1]}{0.0.0.0:38892}
2019-10-21 23:03:11,392 [main] INFO  server.Server (Server.java:doStart(419)) - Started @250395ms
2019-10-21 23:03:11,392 [main] WARN  impl.MetricsSystemImpl (MetricsSystemImpl.java:register(276)) - Sink prometheus already exists!
2019-10-21 23:03:11,393 [main] INFO  server.BaseHttpServer (BaseHttpServer.java:updateConnectorAddress(215)) - HTTP server of SCM is listening at http://0.0.0.0:38892
2019-10-21 23:03:11,395 [main] WARN  server.ServerUtils (ServerUtils.java:getDBPath(222)) - ozone.om.db.dirs is not configured. We recommend adding this setting. Falling back to ozone.metadata.dirs instead.
2019-10-21 23:03:11,395 [org.apache.hadoop.util.JvmPauseMonitor$Monitor@6e3dd5ce] INFO  util.JvmPauseMonitor (JvmPauseMonitor.java:run(188)) - Starting JVM pause monitor
2019-10-21 23:03:11,409 [main] INFO  ha.OMHANodeDetails (OMHANodeDetails.java:loadOMHAConfig(190)) - Configuration either no ozone.om.address set. Falling back to the default OM address /127.0.0.1:0
2019-10-21 23:03:11,409 [main] INFO  ha.OMHANodeDetails (OMHANodeDetails.java:getOMNodeDetails(220)) - OM Service ID is not set. Setting it to the default ID: omServiceIdDefault
2019-10-21 23:03:11,409 [main] WARN  server.ServerUtils (ServerUtils.java:getDBPath(222)) - ozone.om.db.dirs is not configured. We recommend adding this setting. Falling back to ozone.metadata.dirs instead.
2019-10-21 23:03:11,410 [main] WARN  server.ServerUtils (ServerUtils.java:getDBPath(222)) - ozone.om.db.dirs is not configured. We recommend adding this setting. Falling back to ozone.metadata.dirs instead.
2019-10-21 23:03:11,416 [main] WARN  server.ServerUtils (ServerUtils.java:getDBPath(222)) - ozone.om.db.dirs is not configured. We recommend adding this setting. Falling back to ozone.metadata.dirs instead.
2019-10-21 23:03:11,417 [main] INFO  db.DBStoreBuilder (DBStoreBuilder.java:addTable(117)) - using custom profile for table: userTable
2019-10-21 23:03:11,417 [main] INFO  db.DBStoreBuilder (DBStoreBuilder.java:processTables(168)) - Using default column profile:DBProfile.DISK for Table:userTable
2019-10-21 23:03:11,417 [main] INFO  db.DBStoreBuilder (DBStoreBuilder.java:addTable(117)) - using custom profile for table: volumeTable
2019-10-21 23:03:11,417 [main] INFO  db.DBStoreBuilder (DBStoreBuilder.java:processTables(168)) - Using default column profile:DBProfile.DISK for Table:volumeTable
2019-10-21 23:03:11,417 [main] INFO  db.DBStoreBuilder (DBStoreBuilder.java:addTable(117)) - using custom profile for table: bucketTable
2019-10-21 23:03:11,418 [main] INFO  db.DBStoreBuilder (DBStoreBuilder.java:processTables(168)) - Using default column profile:DBProfile.DISK for Table:bucketTable
2019-10-21 23:03:11,418 [main] INFO  db.DBStoreBuilder (DBStoreBuilder.java:addTable(117)) - using custom profile for table: keyTable
2019-10-21 23:03:11,418 [main] INFO  db.DBStoreBuilder (DBStoreBuilder.java:processTables(168)) - Using default column profile:DBProfile.DISK for Table:keyTable
2019-10-21 23:03:11,418 [main] INFO  db.DBStoreBuilder (DBStoreBuilder.java:addTable(117)) - using custom profile for table: deletedTable
2019-10-21 23:03:11,418 [main] INFO  db.DBStoreBuilder (DBStoreBuilder.java:processTables(168)) - Using default column profile:DBProfile.DISK for Table:deletedTable
2019-10-21 23:03:11,418 [main] INFO  db.DBStoreBuilder (DBStoreBuilder.java:addTable(117)) - using custom profile for table: openKeyTable
2019-10-21 23:03:11,419 [main] INFO  db.DBStoreBuilder (DBStoreBuilder.java:processTables(168)) - Using default column profile:DBProfile.DISK for Table:openKeyTable
2019-10-21 23:03:11,419 [main] INFO  db.DBStoreBuilder (DBStoreBuilder.java:addTable(117)) - using custom profile for table: s3Table
2019-10-21 23:03:11,419 [main] INFO  db.DBStoreBuilder (DBStoreBuilder.java:processTables(168)) - Using default column profile:DBProfile.DISK for Table:s3Table
2019-10-21 23:03:11,419 [main] INFO  db.DBStoreBuilder (DBStoreBuilder.java:addTable(117)) - using custom profile for table: multipartInfoTable
2019-10-21 23:03:11,419 [main] INFO  db.DBStoreBuilder (DBStoreBuilder.java:processTables(168)) - Using default column profile:DBProfile.DISK for Table:multipartInfoTable
2019-10-21 23:03:11,420 [main] INFO  db.DBStoreBuilder (DBStoreBuilder.java:addTable(117)) - using custom profile for table: dTokenTable
2019-10-21 23:03:11,420 [main] INFO  db.DBStoreBuilder (DBStoreBuilder.java:processTables(168)) - Using default column profile:DBProfile.DISK for Table:dTokenTable
2019-10-21 23:03:11,420 [main] INFO  db.DBStoreBuilder (DBStoreBuilder.java:addTable(117)) - using custom profile for table: s3SecretTable
2019-10-21 23:03:11,420 [main] INFO  db.DBStoreBuilder (DBStoreBuilder.java:processTables(168)) - Using default column profile:DBProfile.DISK for Table:s3SecretTable
2019-10-21 23:03:11,420 [main] INFO  db.DBStoreBuilder (DBStoreBuilder.java:addTable(117)) - using custom profile for table: prefixTable
2019-10-21 23:03:11,420 [main] INFO  db.DBStoreBuilder (DBStoreBuilder.java:processTables(168)) - Using default column profile:DBProfile.DISK for Table:prefixTable
2019-10-21 23:03:11,421 [main] INFO  db.DBStoreBuilder (DBStoreBuilder.java:addTable(117)) - using custom profile for table: default
2019-10-21 23:03:11,421 [main] INFO  db.DBStoreBuilder (DBStoreBuilder.java:processTables(174)) - Using default column profile:DBProfile.DISK for Table:default
2019-10-21 23:03:11,421 [main] INFO  db.DBStoreBuilder (DBStoreBuilder.java:getDbProfile(205)) - Using default options. DBProfile.DISK
2019-10-21 23:03:11,959 [main] INFO  ipc.CallQueueManager (CallQueueManager.java:<init>(84)) - Using callQueue: class java.util.concurrent.LinkedBlockingQueue, queueCapacity: 2000, scheduler: class org.apache.hadoop.ipc.DefaultRpcScheduler, ipcBackoff: false.
2019-10-21 23:03:11,960 [Socket Reader #1 for port 41672] INFO  ipc.Server (Server.java:run(1074)) - Starting Socket Reader #1 for port 41672
2019-10-21 23:03:11,975 [main] INFO  om.OzoneManager (OzoneManager.java:start(1074)) - OzoneManager RPC server is listening at localhost/127.0.0.1:41672
2019-10-21 23:03:11,975 [main] INFO  impl.MetricsSystemImpl (MetricsSystemImpl.java:init(158)) - OzoneManager metrics system started (again)
2019-10-21 23:03:11,976 [IPC Server Responder] INFO  ipc.Server (Server.java:run(1314)) - IPC Server Responder: starting
2019-10-21 23:03:11,977 [IPC Server listener on 41672] INFO  ipc.Server (Server.java:run(1153)) - IPC Server listener on 41672: starting
2019-10-21 23:03:11,983 [main] INFO  hdfs.DFSUtil (DFSUtil.java:httpServerTemplateForNNAndJN(1641)) - Starting Web-server for ozoneManager at: http://0.0.0.0:0
2019-10-21 23:03:11,986 [main] INFO  server.AuthenticationFilter (AuthenticationFilter.java:constructSecretProvider(240)) - Unable to initialize FileSignerSecretProvider, falling back to use random secrets.
2019-10-21 23:03:11,986 [main] WARN  http.HttpRequestLog (HttpRequestLog.java:getRequestLog(97)) - Jetty request log can only be enabled using Log4j
2019-10-21 23:03:11,989 [main] INFO  http.HttpServer2 (HttpServer2.java:addGlobalFilter(975)) - Added global filter 'safety' (class=org.apache.hadoop.http.HttpServer2$QuotingInputFilter)
2019-10-21 23:03:11,990 [main] INFO  http.HttpServer2 (HttpServer2.java:addFilter(948)) - Added filter static_user_filter (class=org.apache.hadoop.http.lib.StaticUserWebFilter$StaticUserFilter) to context ozoneManager
2019-10-21 23:03:11,990 [main] INFO  http.HttpServer2 (HttpServer2.java:addFilter(958)) - Added filter static_user_filter (class=org.apache.hadoop.http.lib.StaticUserWebFilter$StaticUserFilter) to context logs
2019-10-21 23:03:11,990 [main] INFO  http.HttpServer2 (HttpServer2.java:addFilter(958)) - Added filter static_user_filter (class=org.apache.hadoop.http.lib.StaticUserWebFilter$StaticUserFilter) to context static
2019-10-21 23:03:11,991 [main] INFO  http.HttpServer2 (HttpServer2.java:bindListener(1191)) - Jetty bound to port 36754
2019-10-21 23:03:11,991 [main] INFO  server.Server (Server.java:doStart(351)) - jetty-9.3.25.v20180904, build timestamp: 2018-09-04T21:11:46Z, git hash: 3ce520221d0240229c862b122d2b06c12a625732
2019-10-21 23:03:11,993 [main] INFO  handler.ContextHandler (ContextHandler.java:doStart(781)) - Started o.e.j.s.ServletContextHandler@7faa0680{/logs,file:///workdir/hadoop-ozone/integration-test/target/log,AVAILABLE}
2019-10-21 23:03:11,994 [main] INFO  handler.ContextHandler (ContextHandler.java:doStart(781)) - Started o.e.j.s.ServletContextHandler@4245bf68{/static,file:///workdir/hadoop-ozone/integration-test/target/test-classes/webapps/static,AVAILABLE}
2019-10-21 23:03:11,999 [main] INFO  handler.ContextHandler (ContextHandler.java:doStart(781)) - Started o.e.j.w.WebAppContext@50cbcca7{/,file:///workdir/hadoop-ozone/integration-test/target/test-classes/webapps/ozoneManager/,AVAILABLE}{/ozoneManager}
2019-10-21 23:03:11,999 [main] INFO  server.AbstractConnector (AbstractConnector.java:doStart(278)) - Started ServerConnector@49491770{HTTP/1.1,[http/1.1]}{0.0.0.0:36754}
2019-10-21 23:03:12,001 [main] INFO  server.Server (Server.java:doStart(419)) - Started @251004ms
2019-10-21 23:03:12,001 [main] WARN  impl.MetricsSystemImpl (MetricsSystemImpl.java:register(276)) - Sink prometheus already exists!
2019-10-21 23:03:12,002 [main] INFO  server.BaseHttpServer (BaseHttpServer.java:updateConnectorAddress(215)) - HTTP server of OZONEMANAGER is listening at http://0.0.0.0:36754
2019-10-21 23:03:12,027 [main] INFO  impl.MetricsSystemImpl (MetricsSystemImpl.java:init(158)) - HddsDatanode metrics system started (again)
2019-10-21 23:03:12,033 [main] INFO  ozone.HddsDatanodeService (HddsDatanodeService.java:start(184)) - HddsDatanodeService host:pr-hdds-2131-w2fms-3313293055 ip:192.168.69.118
2019-10-21 23:03:12,056 [main] INFO  volume.HddsVolume (HddsVolume.java:<init>(176)) - Creating Volume: /workdir/hadoop-ozone/integration-test/target/test-dir/MiniOzoneClusterImpl-d9aa8a4b-930f-46eb-8e95-9ce1bbfd2407/datanode-0/data/containers/hdds of  storage type : DISK and capacity : 1482555576320
2019-10-21 23:03:12,057 [main] INFO  volume.VolumeSet (VolumeSet.java:initializeVolumeSet(170)) - Added Volume : /workdir/hadoop-ozone/integration-test/target/test-dir/MiniOzoneClusterImpl-d9aa8a4b-930f-46eb-8e95-9ce1bbfd2407/datanode-0/data/containers/hdds to VolumeSet
2019-10-21 23:03:12,057 [main] INFO  volume.ThrottledAsyncChecker (ThrottledAsyncChecker.java:schedule(141)) - Scheduling a check for /workdir/hadoop-ozone/integration-test/target/test-dir/MiniOzoneClusterImpl-d9aa8a4b-930f-46eb-8e95-9ce1bbfd2407/datanode-0/data/containers/hdds
2019-10-21 23:03:12,057 [main] INFO  volume.HddsVolumeChecker (HddsVolumeChecker.java:checkAllVolumes(204)) - Scheduled health check for volume /workdir/hadoop-ozone/integration-test/target/test-dir/MiniOzoneClusterImpl-d9aa8a4b-930f-46eb-8e95-9ce1bbfd2407/datanode-0/data/containers/hdds
2019-10-21 23:03:12,069 [main] INFO  impl.RaftServerProxy (ConfUtils.java:logGet(43)) - raft.rpc.type = GRPC (default)
2019-10-21 23:03:12,069 [main] INFO  grpc.GrpcFactory (GrpcFactory.java:checkPooledByteBufAllocatorUseCacheForAllThreads(45)) - PERFORMANCE WARNING: useCacheForAllThreads is true that may cause Netty to create a lot garbage objects and, as a result, trigger GC.
	It is recommended to disable useCacheForAllThreads by setting -Dorg.apache.ratis.thirdparty.io.netty.allocator.useCacheForAllThreads=false in command line.
2019-10-21 23:03:12,069 [main] INFO  grpc.GrpcConfigKeys$Server (ConfUtils.java:logGet(43)) - raft.grpc.server.port = 0 (default)
2019-10-21 23:03:12,069 [main] INFO  server.GrpcService (ConfUtils.java:logGet(43)) - raft.grpc.message.size.max = 33570816 (custom)
2019-10-21 23:03:12,069 [main] INFO  server.RaftServerConfigKeys (ConfUtils.java:logGet(43)) - raft.server.log.appender.buffer.byte-limit = 33554432 (custom)
2019-10-21 23:03:12,069 [main] INFO  server.GrpcService (ConfUtils.java:logGet(43)) - raft.grpc.flow.control.window = 1MB (=1048576) (default)
2019-10-21 23:03:12,070 [main] INFO  server.RaftServerConfigKeys (ConfUtils.java:logGet(43)) - raft.server.rpc.request.timeout = 3000ms (default)
2019-10-21 23:03:12,070 [main] INFO  server.RaftServerConfigKeys (ConfUtils.java:logGet(43)) - raft.server.storage.dir = [/workdir/hadoop-ozone/integration-test/target/test-dir/MiniOzoneClusterImpl-d9aa8a4b-930f-46eb-8e95-9ce1bbfd2407/datanode-0/data/ratis] (custom)
2019-10-21 23:03:12,072 [main] INFO  hdfs.DFSUtil (DFSUtil.java:httpServerTemplateForNNAndJN(1641)) - Starting Web-server for hddsDatanode at: http://0.0.0.0:0
2019-10-21 23:03:12,074 [main] INFO  server.AuthenticationFilter (AuthenticationFilter.java:constructSecretProvider(240)) - Unable to initialize FileSignerSecretProvider, falling back to use random secrets.
2019-10-21 23:03:12,075 [main] WARN  http.HttpRequestLog (HttpRequestLog.java:getRequestLog(97)) - Jetty request log can only be enabled using Log4j
2019-10-21 23:03:12,077 [main] INFO  http.HttpServer2 (HttpServer2.java:addGlobalFilter(975)) - Added global filter 'safety' (class=org.apache.hadoop.http.HttpServer2$QuotingInputFilter)
2019-10-21 23:03:12,078 [main] INFO  http.HttpServer2 (HttpServer2.java:addFilter(948)) - Added filter static_user_filter (class=org.apache.hadoop.http.lib.StaticUserWebFilter$StaticUserFilter) to context hddsDatanode
2019-10-21 23:03:12,078 [main] INFO  http.HttpServer2 (HttpServer2.java:addFilter(958)) - Added filter static_user_filter (class=org.apache.hadoop.http.lib.StaticUserWebFilter$StaticUserFilter) to context logs
2019-10-21 23:03:12,078 [main] INFO  http.HttpServer2 (HttpServer2.java:addFilter(958)) - Added filter static_user_filter (class=org.apache.hadoop.http.lib.StaticUserWebFilter$StaticUserFilter) to context static
2019-10-21 23:03:12,079 [main] INFO  http.HttpServer2 (HttpServer2.java:bindListener(1191)) - Jetty bound to port 40786
2019-10-21 23:03:12,079 [main] INFO  server.Server (Server.java:doStart(351)) - jetty-9.3.25.v20180904, build timestamp: 2018-09-04T21:11:46Z, git hash: 3ce520221d0240229c862b122d2b06c12a625732
2019-10-21 23:03:12,081 [main] INFO  handler.ContextHandler (ContextHandler.java:doStart(781)) - Started o.e.j.s.ServletContextHandler@787178b1{/logs,file:///workdir/hadoop-ozone/integration-test/target/log,AVAILABLE}
2019-10-21 23:03:12,082 [main] INFO  handler.ContextHandler (ContextHandler.java:doStart(781)) - Started o.e.j.s.ServletContextHandler@27da994b{/static,jar:file:/home/user/.m2/repository/org/apache/hadoop/hadoop-hdds-container-service/0.5.0-SNAPSHOT/hadoop-hdds-container-service-0.5.0-SNAPSHOT.jar!/webapps/static,AVAILABLE}
2019-10-21 23:03:12,127 [main] INFO  handler.ContextHandler (ContextHandler.java:doStart(781)) - Started o.e.j.w.WebAppContext@16f15ae9{/,file:///tmp/jetty-0.0.0.0-40786-hddsDatanode-_-any-7357058174506298726.dir/webapp/,AVAILABLE}{/hddsDatanode}
2019-10-21 23:03:12,127 [main] INFO  server.AbstractConnector (AbstractConnector.java:doStart(278)) - Started ServerConnector@6206b4a7{HTTP/1.1,[http/1.1]}{0.0.0.0:40786}
2019-10-21 23:03:12,129 [main] INFO  server.Server (Server.java:doStart(419)) - Started @251132ms
2019-10-21 23:03:12,129 [main] WARN  impl.MetricsSystemImpl (MetricsSystemImpl.java:register(276)) - Sink prometheus already exists!
2019-10-21 23:03:12,130 [main] INFO  server.BaseHttpServer (BaseHttpServer.java:updateConnectorAddress(215)) - HTTP server of HDDSDATANODE is listening at http://0.0.0.0:40786
2019-10-21 23:03:12,131 [main] INFO  impl.MetricsSystemImpl (MetricsSystemImpl.java:init(158)) - HddsDatanode metrics system started (again)
2019-10-21 23:03:12,137 [org.apache.hadoop.util.JvmPauseMonitor$Monitor@7aec60e1] INFO  util.JvmPauseMonitor (JvmPauseMonitor.java:run(188)) - Starting JVM pause monitor
2019-10-21 23:03:12,138 [main] INFO  ozone.HddsDatanodeService (HddsDatanodeService.java:start(184)) - HddsDatanodeService host:pr-hdds-2131-w2fms-3313293055 ip:192.168.69.118
2019-10-21 23:03:12,140 [Datanode State Machine Thread - 0] INFO  datanode.InitDatanodeState (InitDatanodeState.java:persistContainerDatanodeDetails(140)) - DatanodeDetails is persisted to /workdir/hadoop-ozone/integration-test/target/test-dir/MiniOzoneClusterImpl-d9aa8a4b-930f-46eb-8e95-9ce1bbfd2407/datanode-0/meta/datanode.id
2019-10-21 23:03:12,146 [main] INFO  volume.HddsVolume (HddsVolume.java:<init>(176)) - Creating Volume: /workdir/hadoop-ozone/integration-test/target/test-dir/MiniOzoneClusterImpl-d9aa8a4b-930f-46eb-8e95-9ce1bbfd2407/datanode-1/data/containers/hdds of  storage type : DISK and capacity : 1482555576320
2019-10-21 23:03:12,146 [main] INFO  volume.VolumeSet (VolumeSet.java:initializeVolumeSet(170)) - Added Volume : /workdir/hadoop-ozone/integration-test/target/test-dir/MiniOzoneClusterImpl-d9aa8a4b-930f-46eb-8e95-9ce1bbfd2407/datanode-1/data/containers/hdds to VolumeSet
2019-10-21 23:03:12,147 [main] INFO  volume.ThrottledAsyncChecker (ThrottledAsyncChecker.java:schedule(141)) - Scheduling a check for /workdir/hadoop-ozone/integration-test/target/test-dir/MiniOzoneClusterImpl-d9aa8a4b-930f-46eb-8e95-9ce1bbfd2407/datanode-1/data/containers/hdds
2019-10-21 23:03:12,147 [main] INFO  volume.HddsVolumeChecker (HddsVolumeChecker.java:checkAllVolumes(204)) - Scheduled health check for volume /workdir/hadoop-ozone/integration-test/target/test-dir/MiniOzoneClusterImpl-d9aa8a4b-930f-46eb-8e95-9ce1bbfd2407/datanode-1/data/containers/hdds
2019-10-21 23:03:12,164 [main] INFO  impl.RaftServerProxy (ConfUtils.java:logGet(43)) - raft.rpc.type = GRPC (default)
2019-10-21 23:03:12,164 [main] INFO  grpc.GrpcFactory (GrpcFactory.java:checkPooledByteBufAllocatorUseCacheForAllThreads(45)) - PERFORMANCE WARNING: useCacheForAllThreads is true that may cause Netty to create a lot garbage objects and, as a result, trigger GC.
	It is recommended to disable useCacheForAllThreads by setting -Dorg.apache.ratis.thirdparty.io.netty.allocator.useCacheForAllThreads=false in command line.
2019-10-21 23:03:12,164 [main] INFO  grpc.GrpcConfigKeys$Server (ConfUtils.java:logGet(43)) - raft.grpc.server.port = 0 (default)
2019-10-21 23:03:12,165 [main] INFO  server.GrpcService (ConfUtils.java:logGet(43)) - raft.grpc.message.size.max = 33570816 (custom)
2019-10-21 23:03:12,165 [main] INFO  server.RaftServerConfigKeys (ConfUtils.java:logGet(43)) - raft.server.log.appender.buffer.byte-limit = 33554432 (custom)
2019-10-21 23:03:12,165 [main] INFO  server.GrpcService (ConfUtils.java:logGet(43)) - raft.grpc.flow.control.window = 1MB (=1048576) (default)
2019-10-21 23:03:12,165 [main] INFO  server.RaftServerConfigKeys (ConfUtils.java:logGet(43)) - raft.server.rpc.request.timeout = 3000ms (default)
2019-10-21 23:03:12,166 [main] INFO  server.RaftServerConfigKeys (ConfUtils.java:logGet(43)) - raft.server.storage.dir = [/workdir/hadoop-ozone/integration-test/target/test-dir/MiniOzoneClusterImpl-d9aa8a4b-930f-46eb-8e95-9ce1bbfd2407/datanode-1/data/ratis] (custom)
2019-10-21 23:03:12,167 [main] INFO  hdfs.DFSUtil (DFSUtil.java:httpServerTemplateForNNAndJN(1641)) - Starting Web-server for hddsDatanode at: http://0.0.0.0:0
2019-10-21 23:03:12,170 [main] INFO  server.AuthenticationFilter (AuthenticationFilter.java:constructSecretProvider(240)) - Unable to initialize FileSignerSecretProvider, falling back to use random secrets.
2019-10-21 23:03:12,170 [main] WARN  http.HttpRequestLog (HttpRequestLog.java:getRequestLog(97)) - Jetty request log can only be enabled using Log4j
2019-10-21 23:03:12,172 [main] INFO  http.HttpServer2 (HttpServer2.java:addGlobalFilter(975)) - Added global filter 'safety' (class=org.apache.hadoop.http.HttpServer2$QuotingInputFilter)
2019-10-21 23:03:12,172 [main] INFO  http.HttpServer2 (HttpServer2.java:addFilter(948)) - Added filter static_user_filter (class=org.apache.hadoop.http.lib.StaticUserWebFilter$StaticUserFilter) to context hddsDatanode
2019-10-21 23:03:12,172 [main] INFO  http.HttpServer2 (HttpServer2.java:addFilter(958)) - Added filter static_user_filter (class=org.apache.hadoop.http.lib.StaticUserWebFilter$StaticUserFilter) to context logs
2019-10-21 23:03:12,172 [main] INFO  http.HttpServer2 (HttpServer2.java:addFilter(958)) - Added filter static_user_filter (class=org.apache.hadoop.http.lib.StaticUserWebFilter$StaticUserFilter) to context static
2019-10-21 23:03:12,173 [main] INFO  http.HttpServer2 (HttpServer2.java:bindListener(1191)) - Jetty bound to port 40897
2019-10-21 23:03:12,174 [main] INFO  server.Server (Server.java:doStart(351)) - jetty-9.3.25.v20180904, build timestamp: 2018-09-04T21:11:46Z, git hash: 3ce520221d0240229c862b122d2b06c12a625732
2019-10-21 23:03:12,175 [main] INFO  handler.ContextHandler (ContextHandler.java:doStart(781)) - Started o.e.j.s.ServletContextHandler@1282e98{/logs,file:///workdir/hadoop-ozone/integration-test/target/log,AVAILABLE}
2019-10-21 23:03:12,176 [main] INFO  handler.ContextHandler (ContextHandler.java:doStart(781)) - Started o.e.j.s.ServletContextHandler@1d91fa02{/static,jar:file:/home/user/.m2/repository/org/apache/hadoop/hadoop-hdds-container-service/0.5.0-SNAPSHOT/hadoop-hdds-container-service-0.5.0-SNAPSHOT.jar!/webapps/static,AVAILABLE}
2019-10-21 23:03:12,207 [main] INFO  handler.ContextHandler (ContextHandler.java:doStart(781)) - Started o.e.j.w.WebAppContext@3030836d{/,file:///tmp/jetty-0.0.0.0-40897-hddsDatanode-_-any-8638803167857601205.dir/webapp/,AVAILABLE}{/hddsDatanode}
2019-10-21 23:03:12,208 [main] INFO  server.AbstractConnector (AbstractConnector.java:doStart(278)) - Started ServerConnector@6af78a48{HTTP/1.1,[http/1.1]}{0.0.0.0:40897}
2019-10-21 23:03:12,209 [main] INFO  server.Server (Server.java:doStart(419)) - Started @251212ms
2019-10-21 23:03:12,210 [main] WARN  impl.MetricsSystemImpl (MetricsSystemImpl.java:register(276)) - Sink prometheus already exists!
2019-10-21 23:03:12,211 [main] INFO  server.BaseHttpServer (BaseHttpServer.java:updateConnectorAddress(215)) - HTTP server of HDDSDATANODE is listening at http://0.0.0.0:40897
2019-10-21 23:03:12,211 [main] INFO  impl.MetricsSystemImpl (MetricsSystemImpl.java:init(158)) - HddsDatanode metrics system started (again)
2019-10-21 23:03:12,217 [org.apache.hadoop.util.JvmPauseMonitor$Monitor@4dbb62a5] INFO  util.JvmPauseMonitor (JvmPauseMonitor.java:run(188)) - Starting JVM pause monitor
2019-10-21 23:03:12,218 [main] INFO  ozone.HddsDatanodeService (HddsDatanodeService.java:start(184)) - HddsDatanodeService host:pr-hdds-2131-w2fms-3313293055 ip:192.168.69.118
2019-10-21 23:03:12,220 [Datanode State Machine Thread - 0] INFO  datanode.InitDatanodeState (InitDatanodeState.java:persistContainerDatanodeDetails(140)) - DatanodeDetails is persisted to /workdir/hadoop-ozone/integration-test/target/test-dir/MiniOzoneClusterImpl-d9aa8a4b-930f-46eb-8e95-9ce1bbfd2407/datanode-1/meta/datanode.id
2019-10-21 23:03:12,226 [main] INFO  volume.HddsVolume (HddsVolume.java:<init>(176)) - Creating Volume: /workdir/hadoop-ozone/integration-test/target/test-dir/MiniOzoneClusterImpl-d9aa8a4b-930f-46eb-8e95-9ce1bbfd2407/datanode-2/data/containers/hdds of  storage type : DISK and capacity : 1482555576320
2019-10-21 23:03:12,226 [main] INFO  volume.VolumeSet (VolumeSet.java:initializeVolumeSet(170)) - Added Volume : /workdir/hadoop-ozone/integration-test/target/test-dir/MiniOzoneClusterImpl-d9aa8a4b-930f-46eb-8e95-9ce1bbfd2407/datanode-2/data/containers/hdds to VolumeSet
2019-10-21 23:03:12,227 [main] INFO  volume.ThrottledAsyncChecker (ThrottledAsyncChecker.java:schedule(141)) - Scheduling a check for /workdir/hadoop-ozone/integration-test/target/test-dir/MiniOzoneClusterImpl-d9aa8a4b-930f-46eb-8e95-9ce1bbfd2407/datanode-2/data/containers/hdds
2019-10-21 23:03:12,227 [main] INFO  volume.HddsVolumeChecker (HddsVolumeChecker.java:checkAllVolumes(204)) - Scheduled health check for volume /workdir/hadoop-ozone/integration-test/target/test-dir/MiniOzoneClusterImpl-d9aa8a4b-930f-46eb-8e95-9ce1bbfd2407/datanode-2/data/containers/hdds
2019-10-21 23:03:12,241 [main] INFO  impl.RaftServerProxy (ConfUtils.java:logGet(43)) - raft.rpc.type = GRPC (default)
2019-10-21 23:03:12,241 [main] INFO  grpc.GrpcFactory (GrpcFactory.java:checkPooledByteBufAllocatorUseCacheForAllThreads(45)) - PERFORMANCE WARNING: useCacheForAllThreads is true that may cause Netty to create a lot garbage objects and, as a result, trigger GC.
	It is recommended to disable useCacheForAllThreads by setting -Dorg.apache.ratis.thirdparty.io.netty.allocator.useCacheForAllThreads=false in command line.
2019-10-21 23:03:12,242 [main] INFO  grpc.GrpcConfigKeys$Server (ConfUtils.java:logGet(43)) - raft.grpc.server.port = 0 (default)
2019-10-21 23:03:12,242 [main] INFO  server.GrpcService (ConfUtils.java:logGet(43)) - raft.grpc.message.size.max = 33570816 (custom)
2019-10-21 23:03:12,242 [main] INFO  server.RaftServerConfigKeys (ConfUtils.java:logGet(43)) - raft.server.log.appender.buffer.byte-limit = 33554432 (custom)
2019-10-21 23:03:12,242 [main] INFO  server.GrpcService (ConfUtils.java:logGet(43)) - raft.grpc.flow.control.window = 1MB (=1048576) (default)
2019-10-21 23:03:12,242 [main] INFO  server.RaftServerConfigKeys (ConfUtils.java:logGet(43)) - raft.server.rpc.request.timeout = 3000ms (default)
2019-10-21 23:03:12,243 [main] INFO  server.RaftServerConfigKeys (ConfUtils.java:logGet(43)) - raft.server.storage.dir = [/workdir/hadoop-ozone/integration-test/target/test-dir/MiniOzoneClusterImpl-d9aa8a4b-930f-46eb-8e95-9ce1bbfd2407/datanode-2/data/ratis] (custom)
2019-10-21 23:03:12,244 [main] INFO  hdfs.DFSUtil (DFSUtil.java:httpServerTemplateForNNAndJN(1641)) - Starting Web-server for hddsDatanode at: http://0.0.0.0:0
2019-10-21 23:03:12,245 [main] INFO  server.AuthenticationFilter (AuthenticationFilter.java:constructSecretProvider(240)) - Unable to initialize FileSignerSecretProvider, falling back to use random secrets.
2019-10-21 23:03:12,246 [main] WARN  http.HttpRequestLog (HttpRequestLog.java:getRequestLog(97)) - Jetty request log can only be enabled using Log4j
2019-10-21 23:03:12,247 [main] INFO  http.HttpServer2 (HttpServer2.java:addGlobalFilter(975)) - Added global filter 'safety' (class=org.apache.hadoop.http.HttpServer2$QuotingInputFilter)
2019-10-21 23:03:12,248 [main] INFO  http.HttpServer2 (HttpServer2.java:addFilter(948)) - Added filter static_user_filter (class=org.apache.hadoop.http.lib.StaticUserWebFilter$StaticUserFilter) to context hddsDatanode
2019-10-21 23:03:12,248 [main] INFO  http.HttpServer2 (HttpServer2.java:addFilter(958)) - Added filter static_user_filter (class=org.apache.hadoop.http.lib.StaticUserWebFilter$StaticUserFilter) to context static
2019-10-21 23:03:12,248 [main] INFO  http.HttpServer2 (HttpServer2.java:addFilter(958)) - Added filter static_user_filter (class=org.apache.hadoop.http.lib.StaticUserWebFilter$StaticUserFilter) to context logs
2019-10-21 23:03:12,249 [main] INFO  http.HttpServer2 (HttpServer2.java:bindListener(1191)) - Jetty bound to port 42065
2019-10-21 23:03:12,249 [main] INFO  server.Server (Server.java:doStart(351)) - jetty-9.3.25.v20180904, build timestamp: 2018-09-04T21:11:46Z, git hash: 3ce520221d0240229c862b122d2b06c12a625732
2019-10-21 23:03:12,250 [main] INFO  handler.ContextHandler (ContextHandler.java:doStart(781)) - Started o.e.j.s.ServletContextHandler@120df990{/logs,file:///workdir/hadoop-ozone/integration-test/target/log,AVAILABLE}
2019-10-21 23:03:12,251 [main] INFO  handler.ContextHandler (ContextHandler.java:doStart(781)) - Started o.e.j.s.ServletContextHandler@282c4da0{/static,jar:file:/home/user/.m2/repository/org/apache/hadoop/hadoop-hdds-container-service/0.5.0-SNAPSHOT/hadoop-hdds-container-service-0.5.0-SNAPSHOT.jar!/webapps/static,AVAILABLE}
2019-10-21 23:03:12,279 [main] INFO  handler.ContextHandler (ContextHandler.java:doStart(781)) - Started o.e.j.w.WebAppContext@49b89425{/,file:///tmp/jetty-0.0.0.0-42065-hddsDatanode-_-any-2827941503260904879.dir/webapp/,AVAILABLE}{/hddsDatanode}
2019-10-21 23:03:12,280 [main] INFO  server.AbstractConnector (AbstractConnector.java:doStart(278)) - Started ServerConnector@59328218{HTTP/1.1,[http/1.1]}{0.0.0.0:42065}
2019-10-21 23:03:12,281 [main] INFO  server.Server (Server.java:doStart(419)) - Started @251284ms
2019-10-21 23:03:12,282 [main] WARN  impl.MetricsSystemImpl (MetricsSystemImpl.java:register(276)) - Sink prometheus already exists!
2019-10-21 23:03:12,283 [main] INFO  server.BaseHttpServer (BaseHttpServer.java:updateConnectorAddress(215)) - HTTP server of HDDSDATANODE is listening at http://0.0.0.0:42065
2019-10-21 23:03:12,283 [main] INFO  impl.MetricsSystemImpl (MetricsSystemImpl.java:init(158)) - HddsDatanode metrics system started (again)
2019-10-21 23:03:12,290 [org.apache.hadoop.util.JvmPauseMonitor$Monitor@2a058b22] INFO  util.JvmPauseMonitor (JvmPauseMonitor.java:run(188)) - Starting JVM pause monitor
2019-10-21 23:03:12,290 [main] INFO  ozone.HddsDatanodeService (HddsDatanodeService.java:start(184)) - HddsDatanodeService host:pr-hdds-2131-w2fms-3313293055 ip:192.168.69.118
2019-10-21 23:03:12,291 [Datanode State Machine Thread - 0] INFO  datanode.InitDatanodeState (InitDatanodeState.java:persistContainerDatanodeDetails(140)) - DatanodeDetails is persisted to /workdir/hadoop-ozone/integration-test/target/test-dir/MiniOzoneClusterImpl-d9aa8a4b-930f-46eb-8e95-9ce1bbfd2407/datanode-2/meta/datanode.id
2019-10-21 23:03:12,297 [main] INFO  volume.HddsVolume (HddsVolume.java:<init>(176)) - Creating Volume: /workdir/hadoop-ozone/integration-test/target/test-dir/MiniOzoneClusterImpl-d9aa8a4b-930f-46eb-8e95-9ce1bbfd2407/datanode-3/data/containers/hdds of  storage type : DISK and capacity : 1482555576320
2019-10-21 23:03:12,298 [main] INFO  volume.VolumeSet (VolumeSet.java:initializeVolumeSet(170)) - Added Volume : /workdir/hadoop-ozone/integration-test/target/test-dir/MiniOzoneClusterImpl-d9aa8a4b-930f-46eb-8e95-9ce1bbfd2407/datanode-3/data/containers/hdds to VolumeSet
2019-10-21 23:03:12,298 [main] INFO  volume.ThrottledAsyncChecker (ThrottledAsyncChecker.java:schedule(141)) - Scheduling a check for /workdir/hadoop-ozone/integration-test/target/test-dir/MiniOzoneClusterImpl-d9aa8a4b-930f-46eb-8e95-9ce1bbfd2407/datanode-3/data/containers/hdds
2019-10-21 23:03:12,298 [main] INFO  volume.HddsVolumeChecker (HddsVolumeChecker.java:checkAllVolumes(204)) - Scheduled health check for volume /workdir/hadoop-ozone/integration-test/target/test-dir/MiniOzoneClusterImpl-d9aa8a4b-930f-46eb-8e95-9ce1bbfd2407/datanode-3/data/containers/hdds
2019-10-21 23:03:12,311 [main] INFO  impl.RaftServerProxy (ConfUtils.java:logGet(43)) - raft.rpc.type = GRPC (default)
2019-10-21 23:03:12,311 [main] INFO  grpc.GrpcFactory (GrpcFactory.java:checkPooledByteBufAllocatorUseCacheForAllThreads(45)) - PERFORMANCE WARNING: useCacheForAllThreads is true that may cause Netty to create a lot garbage objects and, as a result, trigger GC.
	It is recommended to disable useCacheForAllThreads by setting -Dorg.apache.ratis.thirdparty.io.netty.allocator.useCacheForAllThreads=false in command line.
2019-10-21 23:03:12,311 [main] INFO  grpc.GrpcConfigKeys$Server (ConfUtils.java:logGet(43)) - raft.grpc.server.port = 0 (default)
2019-10-21 23:03:12,311 [main] INFO  server.GrpcService (ConfUtils.java:logGet(43)) - raft.grpc.message.size.max = 33570816 (custom)
2019-10-21 23:03:12,312 [main] INFO  server.RaftServerConfigKeys (ConfUtils.java:logGet(43)) - raft.server.log.appender.buffer.byte-limit = 33554432 (custom)
2019-10-21 23:03:12,312 [main] INFO  server.GrpcService (ConfUtils.java:logGet(43)) - raft.grpc.flow.control.window = 1MB (=1048576) (default)
2019-10-21 23:03:12,312 [main] INFO  server.RaftServerConfigKeys (ConfUtils.java:logGet(43)) - raft.server.rpc.request.timeout = 3000ms (default)
2019-10-21 23:03:12,312 [main] INFO  server.RaftServerConfigKeys (ConfUtils.java:logGet(43)) - raft.server.storage.dir = [/workdir/hadoop-ozone/integration-test/target/test-dir/MiniOzoneClusterImpl-d9aa8a4b-930f-46eb-8e95-9ce1bbfd2407/datanode-3/data/ratis] (custom)
2019-10-21 23:03:12,314 [main] INFO  hdfs.DFSUtil (DFSUtil.java:httpServerTemplateForNNAndJN(1641)) - Starting Web-server for hddsDatanode at: http://0.0.0.0:0
2019-10-21 23:03:12,315 [main] INFO  server.AuthenticationFilter (AuthenticationFilter.java:constructSecretProvider(240)) - Unable to initialize FileSignerSecretProvider, falling back to use random secrets.
2019-10-21 23:03:12,315 [main] WARN  http.HttpRequestLog (HttpRequestLog.java:getRequestLog(97)) - Jetty request log can only be enabled using Log4j
2019-10-21 23:03:12,528 [main] INFO  http.HttpServer2 (HttpServer2.java:addGlobalFilter(975)) - Added global filter 'safety' (class=org.apache.hadoop.http.HttpServer2$QuotingInputFilter)
2019-10-21 23:03:12,529 [main] INFO  http.HttpServer2 (HttpServer2.java:addFilter(948)) - Added filter static_user_filter (class=org.apache.hadoop.http.lib.StaticUserWebFilter$StaticUserFilter) to context hddsDatanode
2019-10-21 23:03:12,529 [main] INFO  http.HttpServer2 (HttpServer2.java:addFilter(958)) - Added filter static_user_filter (class=org.apache.hadoop.http.lib.StaticUserWebFilter$StaticUserFilter) to context logs
2019-10-21 23:03:12,529 [main] INFO  http.HttpServer2 (HttpServer2.java:addFilter(958)) - Added filter static_user_filter (class=org.apache.hadoop.http.lib.StaticUserWebFilter$StaticUserFilter) to context static
2019-10-21 23:03:12,534 [main] INFO  http.HttpServer2 (HttpServer2.java:bindListener(1191)) - Jetty bound to port 45363
2019-10-21 23:03:12,538 [main] INFO  server.Server (Server.java:doStart(351)) - jetty-9.3.25.v20180904, build timestamp: 2018-09-04T21:11:46Z, git hash: 3ce520221d0240229c862b122d2b06c12a625732
2019-10-21 23:03:12,550 [main] INFO  handler.ContextHandler (ContextHandler.java:doStart(781)) - Started o.e.j.s.ServletContextHandler@24e5389c{/logs,file:///workdir/hadoop-ozone/integration-test/target/log,AVAILABLE}
2019-10-21 23:03:12,551 [main] INFO  handler.ContextHandler (ContextHandler.java:doStart(781)) - Started o.e.j.s.ServletContextHandler@5e9bf744{/static,jar:file:/home/user/.m2/repository/org/apache/hadoop/hadoop-hdds-container-service/0.5.0-SNAPSHOT/hadoop-hdds-container-service-0.5.0-SNAPSHOT.jar!/webapps/static,AVAILABLE}
2019-10-21 23:03:12,583 [main] INFO  handler.ContextHandler (ContextHandler.java:doStart(781)) - Started o.e.j.w.WebAppContext@33bdd01{/,file:///tmp/jetty-0.0.0.0-45363-hddsDatanode-_-any-1172072145178734315.dir/webapp/,AVAILABLE}{/hddsDatanode}
2019-10-21 23:03:12,584 [main] INFO  server.AbstractConnector (AbstractConnector.java:doStart(278)) - Started ServerConnector@159ac15f{HTTP/1.1,[http/1.1]}{0.0.0.0:45363}
2019-10-21 23:03:12,584 [main] INFO  server.Server (Server.java:doStart(419)) - Started @251587ms
2019-10-21 23:03:12,585 [main] WARN  impl.MetricsSystemImpl (MetricsSystemImpl.java:register(276)) - Sink prometheus already exists!
2019-10-21 23:03:12,586 [main] INFO  server.BaseHttpServer (BaseHttpServer.java:updateConnectorAddress(215)) - HTTP server of HDDSDATANODE is listening at http://0.0.0.0:45363
2019-10-21 23:03:12,587 [main] INFO  impl.MetricsSystemImpl (MetricsSystemImpl.java:init(158)) - HddsDatanode metrics system started (again)
2019-10-21 23:03:12,588 [org.apache.hadoop.util.JvmPauseMonitor$Monitor@69d4bf6a] INFO  util.JvmPauseMonitor (JvmPauseMonitor.java:run(188)) - Starting JVM pause monitor
2019-10-21 23:03:12,598 [Datanode State Machine Thread - 0] INFO  datanode.InitDatanodeState (InitDatanodeState.java:persistContainerDatanodeDetails(140)) - DatanodeDetails is persisted to /workdir/hadoop-ozone/integration-test/target/test-dir/MiniOzoneClusterImpl-d9aa8a4b-930f-46eb-8e95-9ce1bbfd2407/datanode-3/meta/datanode.id
2019-10-21 23:03:12,599 [main] INFO  ozone.HddsDatanodeService (HddsDatanodeService.java:start(184)) - HddsDatanodeService host:pr-hdds-2131-w2fms-3313293055 ip:192.168.69.118
2019-10-21 23:03:12,605 [main] INFO  volume.HddsVolume (HddsVolume.java:<init>(176)) - Creating Volume: /workdir/hadoop-ozone/integration-test/target/test-dir/MiniOzoneClusterImpl-d9aa8a4b-930f-46eb-8e95-9ce1bbfd2407/datanode-4/data/containers/hdds of  storage type : DISK and capacity : 1482555576320
2019-10-21 23:03:12,605 [main] INFO  volume.VolumeSet (VolumeSet.java:initializeVolumeSet(170)) - Added Volume : /workdir/hadoop-ozone/integration-test/target/test-dir/MiniOzoneClusterImpl-d9aa8a4b-930f-46eb-8e95-9ce1bbfd2407/datanode-4/data/containers/hdds to VolumeSet
2019-10-21 23:03:12,606 [main] INFO  volume.ThrottledAsyncChecker (ThrottledAsyncChecker.java:schedule(141)) - Scheduling a check for /workdir/hadoop-ozone/integration-test/target/test-dir/MiniOzoneClusterImpl-d9aa8a4b-930f-46eb-8e95-9ce1bbfd2407/datanode-4/data/containers/hdds
2019-10-21 23:03:12,607 [main] INFO  volume.HddsVolumeChecker (HddsVolumeChecker.java:checkAllVolumes(204)) - Scheduled health check for volume /workdir/hadoop-ozone/integration-test/target/test-dir/MiniOzoneClusterImpl-d9aa8a4b-930f-46eb-8e95-9ce1bbfd2407/datanode-4/data/containers/hdds
2019-10-21 23:03:12,625 [main] INFO  impl.RaftServerProxy (ConfUtils.java:logGet(43)) - raft.rpc.type = GRPC (default)
2019-10-21 23:03:12,625 [main] INFO  grpc.GrpcFactory (GrpcFactory.java:checkPooledByteBufAllocatorUseCacheForAllThreads(45)) - PERFORMANCE WARNING: useCacheForAllThreads is true that may cause Netty to create a lot garbage objects and, as a result, trigger GC.
	It is recommended to disable useCacheForAllThreads by setting -Dorg.apache.ratis.thirdparty.io.netty.allocator.useCacheForAllThreads=false in command line.
2019-10-21 23:03:12,626 [main] INFO  grpc.GrpcConfigKeys$Server (ConfUtils.java:logGet(43)) - raft.grpc.server.port = 0 (default)
2019-10-21 23:03:12,626 [main] INFO  server.GrpcService (ConfUtils.java:logGet(43)) - raft.grpc.message.size.max = 33570816 (custom)
2019-10-21 23:03:12,626 [main] INFO  server.RaftServerConfigKeys (ConfUtils.java:logGet(43)) - raft.server.log.appender.buffer.byte-limit = 33554432 (custom)
2019-10-21 23:03:12,627 [main] INFO  server.GrpcService (ConfUtils.java:logGet(43)) - raft.grpc.flow.control.window = 1MB (=1048576) (default)
2019-10-21 23:03:12,627 [main] INFO  server.RaftServerConfigKeys (ConfUtils.java:logGet(43)) - raft.server.rpc.request.timeout = 3000ms (default)
2019-10-21 23:03:12,627 [main] INFO  server.RaftServerConfigKeys (ConfUtils.java:logGet(43)) - raft.server.storage.dir = [/workdir/hadoop-ozone/integration-test/target/test-dir/MiniOzoneClusterImpl-d9aa8a4b-930f-46eb-8e95-9ce1bbfd2407/datanode-4/data/ratis] (custom)
2019-10-21 23:03:12,629 [main] INFO  hdfs.DFSUtil (DFSUtil.java:httpServerTemplateForNNAndJN(1641)) - Starting Web-server for hddsDatanode at: http://0.0.0.0:0
2019-10-21 23:03:12,631 [main] INFO  server.AuthenticationFilter (AuthenticationFilter.java:constructSecretProvider(240)) - Unable to initialize FileSignerSecretProvider, falling back to use random secrets.
2019-10-21 23:03:12,632 [main] WARN  http.HttpRequestLog (HttpRequestLog.java:getRequestLog(97)) - Jetty request log can only be enabled using Log4j
2019-10-21 23:03:12,633 [main] INFO  http.HttpServer2 (HttpServer2.java:addGlobalFilter(975)) - Added global filter 'safety' (class=org.apache.hadoop.http.HttpServer2$QuotingInputFilter)
2019-10-21 23:03:12,634 [main] INFO  http.HttpServer2 (HttpServer2.java:addFilter(948)) - Added filter static_user_filter (class=org.apache.hadoop.http.lib.StaticUserWebFilter$StaticUserFilter) to context hddsDatanode
2019-10-21 23:03:12,634 [main] INFO  http.HttpServer2 (HttpServer2.java:addFilter(958)) - Added filter static_user_filter (class=org.apache.hadoop.http.lib.StaticUserWebFilter$StaticUserFilter) to context static
2019-10-21 23:03:12,634 [main] INFO  http.HttpServer2 (HttpServer2.java:addFilter(958)) - Added filter static_user_filter (class=org.apache.hadoop.http.lib.StaticUserWebFilter$StaticUserFilter) to context logs
2019-10-21 23:03:12,635 [main] INFO  http.HttpServer2 (HttpServer2.java:bindListener(1191)) - Jetty bound to port 33062
2019-10-21 23:03:12,635 [main] INFO  server.Server (Server.java:doStart(351)) - jetty-9.3.25.v20180904, build timestamp: 2018-09-04T21:11:46Z, git hash: 3ce520221d0240229c862b122d2b06c12a625732
2019-10-21 23:03:12,637 [main] INFO  handler.ContextHandler (ContextHandler.java:doStart(781)) - Started o.e.j.s.ServletContextHandler@38087342{/logs,file:///workdir/hadoop-ozone/integration-test/target/log,AVAILABLE}
2019-10-21 23:03:12,637 [main] INFO  handler.ContextHandler (ContextHandler.java:doStart(781)) - Started o.e.j.s.ServletContextHandler@2eb1c615{/static,jar:file:/home/user/.m2/repository/org/apache/hadoop/hadoop-hdds-container-service/0.5.0-SNAPSHOT/hadoop-hdds-container-service-0.5.0-SNAPSHOT.jar!/webapps/static,AVAILABLE}
2019-10-21 23:03:12,678 [main] INFO  handler.ContextHandler (ContextHandler.java:doStart(781)) - Started o.e.j.w.WebAppContext@44faa4f2{/,file:///tmp/jetty-0.0.0.0-33062-hddsDatanode-_-any-6782777802190229207.dir/webapp/,AVAILABLE}{/hddsDatanode}
2019-10-21 23:03:12,679 [main] INFO  server.AbstractConnector (AbstractConnector.java:doStart(278)) - Started ServerConnector@6793f752{HTTP/1.1,[http/1.1]}{0.0.0.0:33062}
2019-10-21 23:03:12,680 [main] INFO  server.Server (Server.java:doStart(419)) - Started @251683ms
2019-10-21 23:03:12,680 [main] WARN  impl.MetricsSystemImpl (MetricsSystemImpl.java:register(276)) - Sink prometheus already exists!
2019-10-21 23:03:12,681 [main] INFO  server.BaseHttpServer (BaseHttpServer.java:updateConnectorAddress(215)) - HTTP server of HDDSDATANODE is listening at http://0.0.0.0:33062
2019-10-21 23:03:12,681 [main] INFO  impl.MetricsSystemImpl (MetricsSystemImpl.java:init(158)) - HddsDatanode metrics system started (again)
2019-10-21 23:03:12,689 [org.apache.hadoop.util.JvmPauseMonitor$Monitor@726c06d8] INFO  util.JvmPauseMonitor (JvmPauseMonitor.java:run(188)) - Starting JVM pause monitor
2019-10-21 23:03:12,715 [main] INFO  ozone.HddsDatanodeService (HddsDatanodeService.java:start(184)) - HddsDatanodeService host:pr-hdds-2131-w2fms-3313293055 ip:192.168.69.118
2019-10-21 23:03:12,715 [Datanode State Machine Thread - 0] INFO  datanode.InitDatanodeState (InitDatanodeState.java:persistContainerDatanodeDetails(140)) - DatanodeDetails is persisted to /workdir/hadoop-ozone/integration-test/target/test-dir/MiniOzoneClusterImpl-d9aa8a4b-930f-46eb-8e95-9ce1bbfd2407/datanode-4/meta/datanode.id
2019-10-21 23:03:12,724 [main] INFO  volume.HddsVolume (HddsVolume.java:<init>(176)) - Creating Volume: /workdir/hadoop-ozone/integration-test/target/test-dir/MiniOzoneClusterImpl-d9aa8a4b-930f-46eb-8e95-9ce1bbfd2407/datanode-5/data/containers/hdds of  storage type : DISK and capacity : 1482555576320
2019-10-21 23:03:12,725 [main] INFO  volume.VolumeSet (VolumeSet.java:initializeVolumeSet(170)) - Added Volume : /workdir/hadoop-ozone/integration-test/target/test-dir/MiniOzoneClusterImpl-d9aa8a4b-930f-46eb-8e95-9ce1bbfd2407/datanode-5/data/containers/hdds to VolumeSet
2019-10-21 23:03:12,725 [main] INFO  volume.ThrottledAsyncChecker (ThrottledAsyncChecker.java:schedule(141)) - Scheduling a check for /workdir/hadoop-ozone/integration-test/target/test-dir/MiniOzoneClusterImpl-d9aa8a4b-930f-46eb-8e95-9ce1bbfd2407/datanode-5/data/containers/hdds
2019-10-21 23:03:12,725 [main] INFO  volume.HddsVolumeChecker (HddsVolumeChecker.java:checkAllVolumes(204)) - Scheduled health check for volume /workdir/hadoop-ozone/integration-test/target/test-dir/MiniOzoneClusterImpl-d9aa8a4b-930f-46eb-8e95-9ce1bbfd2407/datanode-5/data/containers/hdds
2019-10-21 23:03:12,738 [main] INFO  impl.RaftServerProxy (ConfUtils.java:logGet(43)) - raft.rpc.type = GRPC (default)
2019-10-21 23:03:12,739 [main] INFO  grpc.GrpcFactory (GrpcFactory.java:checkPooledByteBufAllocatorUseCacheForAllThreads(45)) - PERFORMANCE WARNING: useCacheForAllThreads is true that may cause Netty to create a lot garbage objects and, as a result, trigger GC.
	It is recommended to disable useCacheForAllThreads by setting -Dorg.apache.ratis.thirdparty.io.netty.allocator.useCacheForAllThreads=false in command line.
2019-10-21 23:03:12,739 [main] INFO  grpc.GrpcConfigKeys$Server (ConfUtils.java:logGet(43)) - raft.grpc.server.port = 0 (default)
2019-10-21 23:03:12,739 [main] INFO  server.GrpcService (ConfUtils.java:logGet(43)) - raft.grpc.message.size.max = 33570816 (custom)
2019-10-21 23:03:12,739 [main] INFO  server.RaftServerConfigKeys (ConfUtils.java:logGet(43)) - raft.server.log.appender.buffer.byte-limit = 33554432 (custom)
2019-10-21 23:03:12,739 [main] INFO  server.GrpcService (ConfUtils.java:logGet(43)) - raft.grpc.flow.control.window = 1MB (=1048576) (default)
2019-10-21 23:03:12,739 [main] INFO  server.RaftServerConfigKeys (ConfUtils.java:logGet(43)) - raft.server.rpc.request.timeout = 3000ms (default)
2019-10-21 23:03:12,740 [main] INFO  server.RaftServerConfigKeys (ConfUtils.java:logGet(43)) - raft.server.storage.dir = [/workdir/hadoop-ozone/integration-test/target/test-dir/MiniOzoneClusterImpl-d9aa8a4b-930f-46eb-8e95-9ce1bbfd2407/datanode-5/data/ratis] (custom)
2019-10-21 23:03:12,742 [main] INFO  hdfs.DFSUtil (DFSUtil.java:httpServerTemplateForNNAndJN(1641)) - Starting Web-server for hddsDatanode at: http://0.0.0.0:0
2019-10-21 23:03:12,743 [main] INFO  server.AuthenticationFilter (AuthenticationFilter.java:constructSecretProvider(240)) - Unable to initialize FileSignerSecretProvider, falling back to use random secrets.
2019-10-21 23:03:12,743 [main] WARN  http.HttpRequestLog (HttpRequestLog.java:getRequestLog(97)) - Jetty request log can only be enabled using Log4j
2019-10-21 23:03:12,745 [main] INFO  http.HttpServer2 (HttpServer2.java:addGlobalFilter(975)) - Added global filter 'safety' (class=org.apache.hadoop.http.HttpServer2$QuotingInputFilter)
2019-10-21 23:03:12,745 [main] INFO  http.HttpServer2 (HttpServer2.java:addFilter(948)) - Added filter static_user_filter (class=org.apache.hadoop.http.lib.StaticUserWebFilter$StaticUserFilter) to context hddsDatanode
2019-10-21 23:03:12,745 [main] INFO  http.HttpServer2 (HttpServer2.java:addFilter(958)) - Added filter static_user_filter (class=org.apache.hadoop.http.lib.StaticUserWebFilter$StaticUserFilter) to context logs
2019-10-21 23:03:12,745 [main] INFO  http.HttpServer2 (HttpServer2.java:addFilter(958)) - Added filter static_user_filter (class=org.apache.hadoop.http.lib.StaticUserWebFilter$StaticUserFilter) to context static
2019-10-21 23:03:12,746 [main] INFO  http.HttpServer2 (HttpServer2.java:bindListener(1191)) - Jetty bound to port 40937
2019-10-21 23:03:12,746 [main] INFO  server.Server (Server.java:doStart(351)) - jetty-9.3.25.v20180904, build timestamp: 2018-09-04T21:11:46Z, git hash: 3ce520221d0240229c862b122d2b06c12a625732
2019-10-21 23:03:12,748 [main] INFO  handler.ContextHandler (ContextHandler.java:doStart(781)) - Started o.e.j.s.ServletContextHandler@267ff4df{/logs,file:///workdir/hadoop-ozone/integration-test/target/log,AVAILABLE}
2019-10-21 23:03:12,748 [main] INFO  handler.ContextHandler (ContextHandler.java:doStart(781)) - Started o.e.j.s.ServletContextHandler@6c07add6{/static,jar:file:/home/user/.m2/repository/org/apache/hadoop/hadoop-hdds-container-service/0.5.0-SNAPSHOT/hadoop-hdds-container-service-0.5.0-SNAPSHOT.jar!/webapps/static,AVAILABLE}
2019-10-21 23:03:12,780 [main] INFO  handler.ContextHandler (ContextHandler.java:doStart(781)) - Started o.e.j.w.WebAppContext@5fb8dc01{/,file:///tmp/jetty-0.0.0.0-40937-hddsDatanode-_-any-1360359714791450886.dir/webapp/,AVAILABLE}{/hddsDatanode}
2019-10-21 23:03:12,780 [main] INFO  server.AbstractConnector (AbstractConnector.java:doStart(278)) - Started ServerConnector@3e38c472{HTTP/1.1,[http/1.1]}{0.0.0.0:40937}
2019-10-21 23:03:12,781 [main] INFO  server.Server (Server.java:doStart(419)) - Started @251783ms
2019-10-21 23:03:12,783 [main] WARN  impl.MetricsSystemImpl (MetricsSystemImpl.java:register(276)) - Sink prometheus already exists!
2019-10-21 23:03:12,784 [main] INFO  server.BaseHttpServer (BaseHttpServer.java:updateConnectorAddress(215)) - HTTP server of HDDSDATANODE is listening at http://0.0.0.0:40937
2019-10-21 23:03:12,785 [main] INFO  impl.MetricsSystemImpl (MetricsSystemImpl.java:init(158)) - HddsDatanode metrics system started (again)
2019-10-21 23:03:12,792 [org.apache.hadoop.util.JvmPauseMonitor$Monitor@1025f30f] INFO  util.JvmPauseMonitor (JvmPauseMonitor.java:run(188)) - Starting JVM pause monitor
2019-10-21 23:03:12,793 [main] INFO  ozone.HddsDatanodeService (HddsDatanodeService.java:start(184)) - HddsDatanodeService host:pr-hdds-2131-w2fms-3313293055 ip:192.168.69.118
2019-10-21 23:03:12,794 [Datanode State Machine Thread - 0] INFO  datanode.InitDatanodeState (InitDatanodeState.java:persistContainerDatanodeDetails(140)) - DatanodeDetails is persisted to /workdir/hadoop-ozone/integration-test/target/test-dir/MiniOzoneClusterImpl-d9aa8a4b-930f-46eb-8e95-9ce1bbfd2407/datanode-5/meta/datanode.id
2019-10-21 23:03:12,802 [main] INFO  volume.HddsVolume (HddsVolume.java:<init>(176)) - Creating Volume: /workdir/hadoop-ozone/integration-test/target/test-dir/MiniOzoneClusterImpl-d9aa8a4b-930f-46eb-8e95-9ce1bbfd2407/datanode-6/data/containers/hdds of  storage type : DISK and capacity : 1482555576320
2019-10-21 23:03:12,802 [main] INFO  volume.VolumeSet (VolumeSet.java:initializeVolumeSet(170)) - Added Volume : /workdir/hadoop-ozone/integration-test/target/test-dir/MiniOzoneClusterImpl-d9aa8a4b-930f-46eb-8e95-9ce1bbfd2407/datanode-6/data/containers/hdds to VolumeSet
2019-10-21 23:03:12,802 [main] INFO  volume.ThrottledAsyncChecker (ThrottledAsyncChecker.java:schedule(141)) - Scheduling a check for /workdir/hadoop-ozone/integration-test/target/test-dir/MiniOzoneClusterImpl-d9aa8a4b-930f-46eb-8e95-9ce1bbfd2407/datanode-6/data/containers/hdds
2019-10-21 23:03:12,803 [main] INFO  volume.HddsVolumeChecker (HddsVolumeChecker.java:checkAllVolumes(204)) - Scheduled health check for volume /workdir/hadoop-ozone/integration-test/target/test-dir/MiniOzoneClusterImpl-d9aa8a4b-930f-46eb-8e95-9ce1bbfd2407/datanode-6/data/containers/hdds
2019-10-21 23:03:12,820 [main] INFO  impl.RaftServerProxy (ConfUtils.java:logGet(43)) - raft.rpc.type = GRPC (default)
2019-10-21 23:03:12,820 [main] INFO  grpc.GrpcFactory (GrpcFactory.java:checkPooledByteBufAllocatorUseCacheForAllThreads(45)) - PERFORMANCE WARNING: useCacheForAllThreads is true that may cause Netty to create a lot garbage objects and, as a result, trigger GC.
	It is recommended to disable useCacheForAllThreads by setting -Dorg.apache.ratis.thirdparty.io.netty.allocator.useCacheForAllThreads=false in command line.
2019-10-21 23:03:12,820 [main] INFO  grpc.GrpcConfigKeys$Server (ConfUtils.java:logGet(43)) - raft.grpc.server.port = 0 (default)
2019-10-21 23:03:12,820 [main] INFO  server.GrpcService (ConfUtils.java:logGet(43)) - raft.grpc.message.size.max = 33570816 (custom)
2019-10-21 23:03:12,821 [main] INFO  server.RaftServerConfigKeys (ConfUtils.java:logGet(43)) - raft.server.log.appender.buffer.byte-limit = 33554432 (custom)
2019-10-21 23:03:12,821 [main] INFO  server.GrpcService (ConfUtils.java:logGet(43)) - raft.grpc.flow.control.window = 1MB (=1048576) (default)
2019-10-21 23:03:12,821 [main] INFO  server.RaftServerConfigKeys (ConfUtils.java:logGet(43)) - raft.server.rpc.request.timeout = 3000ms (default)
2019-10-21 23:03:12,821 [main] INFO  server.RaftServerConfigKeys (ConfUtils.java:logGet(43)) - raft.server.storage.dir = [/workdir/hadoop-ozone/integration-test/target/test-dir/MiniOzoneClusterImpl-d9aa8a4b-930f-46eb-8e95-9ce1bbfd2407/datanode-6/data/ratis] (custom)
2019-10-21 23:03:12,823 [main] INFO  hdfs.DFSUtil (DFSUtil.java:httpServerTemplateForNNAndJN(1641)) - Starting Web-server for hddsDatanode at: http://0.0.0.0:0
2019-10-21 23:03:12,824 [main] INFO  server.AuthenticationFilter (AuthenticationFilter.java:constructSecretProvider(240)) - Unable to initialize FileSignerSecretProvider, falling back to use random secrets.
2019-10-21 23:03:12,824 [main] WARN  http.HttpRequestLog (HttpRequestLog.java:getRequestLog(97)) - Jetty request log can only be enabled using Log4j
2019-10-21 23:03:12,825 [main] INFO  http.HttpServer2 (HttpServer2.java:addGlobalFilter(975)) - Added global filter 'safety' (class=org.apache.hadoop.http.HttpServer2$QuotingInputFilter)
2019-10-21 23:03:12,826 [main] INFO  http.HttpServer2 (HttpServer2.java:addFilter(948)) - Added filter static_user_filter (class=org.apache.hadoop.http.lib.StaticUserWebFilter$StaticUserFilter) to context hddsDatanode
2019-10-21 23:03:12,826 [main] INFO  http.HttpServer2 (HttpServer2.java:addFilter(958)) - Added filter static_user_filter (class=org.apache.hadoop.http.lib.StaticUserWebFilter$StaticUserFilter) to context logs
2019-10-21 23:03:12,826 [main] INFO  http.HttpServer2 (HttpServer2.java:addFilter(958)) - Added filter static_user_filter (class=org.apache.hadoop.http.lib.StaticUserWebFilter$StaticUserFilter) to context static
2019-10-21 23:03:12,827 [main] INFO  http.HttpServer2 (HttpServer2.java:bindListener(1191)) - Jetty bound to port 33121
2019-10-21 23:03:12,827 [main] INFO  server.Server (Server.java:doStart(351)) - jetty-9.3.25.v20180904, build timestamp: 2018-09-04T21:11:46Z, git hash: 3ce520221d0240229c862b122d2b06c12a625732
2019-10-21 23:03:12,828 [main] INFO  handler.ContextHandler (ContextHandler.java:doStart(781)) - Started o.e.j.s.ServletContextHandler@68c34db2{/logs,file:///workdir/hadoop-ozone/integration-test/target/log,AVAILABLE}
2019-10-21 23:03:12,829 [main] INFO  handler.ContextHandler (ContextHandler.java:doStart(781)) - Started o.e.j.s.ServletContextHandler@3f0ce0d1{/static,jar:file:/home/user/.m2/repository/org/apache/hadoop/hadoop-hdds-container-service/0.5.0-SNAPSHOT/hadoop-hdds-container-service-0.5.0-SNAPSHOT.jar!/webapps/static,AVAILABLE}
2019-10-21 23:03:12,858 [main] INFO  handler.ContextHandler (ContextHandler.java:doStart(781)) - Started o.e.j.w.WebAppContext@1192c925{/,file:///tmp/jetty-0.0.0.0-33121-hddsDatanode-_-any-2888208346389003791.dir/webapp/,AVAILABLE}{/hddsDatanode}
2019-10-21 23:03:12,858 [main] INFO  server.AbstractConnector (AbstractConnector.java:doStart(278)) - Started ServerConnector@615b5480{HTTP/1.1,[http/1.1]}{0.0.0.0:33121}
2019-10-21 23:03:12,858 [main] INFO  server.Server (Server.java:doStart(419)) - Started @251861ms
2019-10-21 23:03:12,861 [main] WARN  impl.MetricsSystemImpl (MetricsSystemImpl.java:register(276)) - Sink prometheus already exists!
2019-10-21 23:03:12,862 [main] INFO  server.BaseHttpServer (BaseHttpServer.java:updateConnectorAddress(215)) - HTTP server of HDDSDATANODE is listening at http://0.0.0.0:33121
2019-10-21 23:03:12,863 [main] INFO  impl.MetricsSystemImpl (MetricsSystemImpl.java:init(158)) - HddsDatanode metrics system started (again)
2019-10-21 23:03:12,871 [org.apache.hadoop.util.JvmPauseMonitor$Monitor@4c68d1c7] INFO  util.JvmPauseMonitor (JvmPauseMonitor.java:run(188)) - Starting JVM pause monitor
2019-10-21 23:03:12,871 [main] INFO  ozone.HddsDatanodeService (HddsDatanodeService.java:start(184)) - HddsDatanodeService host:pr-hdds-2131-w2fms-3313293055 ip:192.168.69.118
2019-10-21 23:03:12,872 [Datanode State Machine Thread - 0] INFO  datanode.InitDatanodeState (InitDatanodeState.java:persistContainerDatanodeDetails(140)) - DatanodeDetails is persisted to /workdir/hadoop-ozone/integration-test/target/test-dir/MiniOzoneClusterImpl-d9aa8a4b-930f-46eb-8e95-9ce1bbfd2407/datanode-6/meta/datanode.id
2019-10-21 23:03:12,880 [main] INFO  volume.HddsVolume (HddsVolume.java:<init>(176)) - Creating Volume: /workdir/hadoop-ozone/integration-test/target/test-dir/MiniOzoneClusterImpl-d9aa8a4b-930f-46eb-8e95-9ce1bbfd2407/datanode-7/data/containers/hdds of  storage type : DISK and capacity : 1482555576320
2019-10-21 23:03:12,880 [main] INFO  volume.VolumeSet (VolumeSet.java:initializeVolumeSet(170)) - Added Volume : /workdir/hadoop-ozone/integration-test/target/test-dir/MiniOzoneClusterImpl-d9aa8a4b-930f-46eb-8e95-9ce1bbfd2407/datanode-7/data/containers/hdds to VolumeSet
2019-10-21 23:03:12,881 [main] INFO  volume.ThrottledAsyncChecker (ThrottledAsyncChecker.java:schedule(141)) - Scheduling a check for /workdir/hadoop-ozone/integration-test/target/test-dir/MiniOzoneClusterImpl-d9aa8a4b-930f-46eb-8e95-9ce1bbfd2407/datanode-7/data/containers/hdds
2019-10-21 23:03:12,881 [main] INFO  volume.HddsVolumeChecker (HddsVolumeChecker.java:checkAllVolumes(204)) - Scheduled health check for volume /workdir/hadoop-ozone/integration-test/target/test-dir/MiniOzoneClusterImpl-d9aa8a4b-930f-46eb-8e95-9ce1bbfd2407/datanode-7/data/containers/hdds
2019-10-21 23:03:12,894 [main] INFO  impl.RaftServerProxy (ConfUtils.java:logGet(43)) - raft.rpc.type = GRPC (default)
2019-10-21 23:03:12,894 [main] INFO  grpc.GrpcFactory (GrpcFactory.java:checkPooledByteBufAllocatorUseCacheForAllThreads(45)) - PERFORMANCE WARNING: useCacheForAllThreads is true that may cause Netty to create a lot garbage objects and, as a result, trigger GC.
	It is recommended to disable useCacheForAllThreads by setting -Dorg.apache.ratis.thirdparty.io.netty.allocator.useCacheForAllThreads=false in command line.
2019-10-21 23:03:12,894 [main] INFO  grpc.GrpcConfigKeys$Server (ConfUtils.java:logGet(43)) - raft.grpc.server.port = 0 (default)
2019-10-21 23:03:12,894 [main] INFO  server.GrpcService (ConfUtils.java:logGet(43)) - raft.grpc.message.size.max = 33570816 (custom)
2019-10-21 23:03:12,894 [main] INFO  server.RaftServerConfigKeys (ConfUtils.java:logGet(43)) - raft.server.log.appender.buffer.byte-limit = 33554432 (custom)
2019-10-21 23:03:12,895 [main] INFO  server.GrpcService (ConfUtils.java:logGet(43)) - raft.grpc.flow.control.window = 1MB (=1048576) (default)
2019-10-21 23:03:12,895 [main] INFO  server.RaftServerConfigKeys (ConfUtils.java:logGet(43)) - raft.server.rpc.request.timeout = 3000ms (default)
2019-10-21 23:03:12,895 [main] INFO  server.RaftServerConfigKeys (ConfUtils.java:logGet(43)) - raft.server.storage.dir = [/workdir/hadoop-ozone/integration-test/target/test-dir/MiniOzoneClusterImpl-d9aa8a4b-930f-46eb-8e95-9ce1bbfd2407/datanode-7/data/ratis] (custom)
2019-10-21 23:03:12,897 [main] INFO  hdfs.DFSUtil (DFSUtil.java:httpServerTemplateForNNAndJN(1641)) - Starting Web-server for hddsDatanode at: http://0.0.0.0:0
2019-10-21 23:03:12,898 [main] INFO  server.AuthenticationFilter (AuthenticationFilter.java:constructSecretProvider(240)) - Unable to initialize FileSignerSecretProvider, falling back to use random secrets.
2019-10-21 23:03:12,898 [main] WARN  http.HttpRequestLog (HttpRequestLog.java:getRequestLog(97)) - Jetty request log can only be enabled using Log4j
2019-10-21 23:03:12,899 [main] INFO  http.HttpServer2 (HttpServer2.java:addGlobalFilter(975)) - Added global filter 'safety' (class=org.apache.hadoop.http.HttpServer2$QuotingInputFilter)
2019-10-21 23:03:12,900 [main] INFO  http.HttpServer2 (HttpServer2.java:addFilter(948)) - Added filter static_user_filter (class=org.apache.hadoop.http.lib.StaticUserWebFilter$StaticUserFilter) to context hddsDatanode
2019-10-21 23:03:12,900 [main] INFO  http.HttpServer2 (HttpServer2.java:addFilter(958)) - Added filter static_user_filter (class=org.apache.hadoop.http.lib.StaticUserWebFilter$StaticUserFilter) to context logs
2019-10-21 23:03:12,900 [main] INFO  http.HttpServer2 (HttpServer2.java:addFilter(958)) - Added filter static_user_filter (class=org.apache.hadoop.http.lib.StaticUserWebFilter$StaticUserFilter) to context static
2019-10-21 23:03:12,901 [main] INFO  http.HttpServer2 (HttpServer2.java:bindListener(1191)) - Jetty bound to port 35781
2019-10-21 23:03:12,901 [main] INFO  server.Server (Server.java:doStart(351)) - jetty-9.3.25.v20180904, build timestamp: 2018-09-04T21:11:46Z, git hash: 3ce520221d0240229c862b122d2b06c12a625732
2019-10-21 23:03:12,902 [main] INFO  handler.ContextHandler (ContextHandler.java:doStart(781)) - Started o.e.j.s.ServletContextHandler@685d7ba5{/logs,file:///workdir/hadoop-ozone/integration-test/target/log,AVAILABLE}
2019-10-21 23:03:12,903 [main] INFO  handler.ContextHandler (ContextHandler.java:doStart(781)) - Started o.e.j.s.ServletContextHandler@3b6c2be6{/static,jar:file:/home/user/.m2/repository/org/apache/hadoop/hadoop-hdds-container-service/0.5.0-SNAPSHOT/hadoop-hdds-container-service-0.5.0-SNAPSHOT.jar!/webapps/static,AVAILABLE}
2019-10-21 23:03:12,931 [main] INFO  handler.ContextHandler (ContextHandler.java:doStart(781)) - Started o.e.j.w.WebAppContext@64a1116a{/,file:///tmp/jetty-0.0.0.0-35781-hddsDatanode-_-any-1557031925645328722.dir/webapp/,AVAILABLE}{/hddsDatanode}
2019-10-21 23:03:12,932 [main] INFO  server.AbstractConnector (AbstractConnector.java:doStart(278)) - Started ServerConnector@11e17893{HTTP/1.1,[http/1.1]}{0.0.0.0:35781}
2019-10-21 23:03:12,934 [main] INFO  server.Server (Server.java:doStart(419)) - Started @251935ms
2019-10-21 23:03:12,934 [main] WARN  impl.MetricsSystemImpl (MetricsSystemImpl.java:register(276)) - Sink prometheus already exists!
2019-10-21 23:03:12,935 [main] INFO  server.BaseHttpServer (BaseHttpServer.java:updateConnectorAddress(215)) - HTTP server of HDDSDATANODE is listening at http://0.0.0.0:35781
2019-10-21 23:03:12,936 [main] INFO  impl.MetricsSystemImpl (MetricsSystemImpl.java:init(158)) - HddsDatanode metrics system started (again)
2019-10-21 23:03:12,945 [org.apache.hadoop.util.JvmPauseMonitor$Monitor@6547e1fb] INFO  util.JvmPauseMonitor (JvmPauseMonitor.java:run(188)) - Starting JVM pause monitor
2019-10-21 23:03:12,946 [main] INFO  ozone.HddsDatanodeService (HddsDatanodeService.java:start(184)) - HddsDatanodeService host:pr-hdds-2131-w2fms-3313293055 ip:192.168.69.118
2019-10-21 23:03:12,948 [Datanode State Machine Thread - 0] INFO  datanode.InitDatanodeState (InitDatanodeState.java:persistContainerDatanodeDetails(140)) - DatanodeDetails is persisted to /workdir/hadoop-ozone/integration-test/target/test-dir/MiniOzoneClusterImpl-d9aa8a4b-930f-46eb-8e95-9ce1bbfd2407/datanode-7/meta/datanode.id
2019-10-21 23:03:12,955 [main] INFO  volume.HddsVolume (HddsVolume.java:<init>(176)) - Creating Volume: /workdir/hadoop-ozone/integration-test/target/test-dir/MiniOzoneClusterImpl-d9aa8a4b-930f-46eb-8e95-9ce1bbfd2407/datanode-8/data/containers/hdds of  storage type : DISK and capacity : 1482555576320
2019-10-21 23:03:12,955 [main] INFO  volume.VolumeSet (VolumeSet.java:initializeVolumeSet(170)) - Added Volume : /workdir/hadoop-ozone/integration-test/target/test-dir/MiniOzoneClusterImpl-d9aa8a4b-930f-46eb-8e95-9ce1bbfd2407/datanode-8/data/containers/hdds to VolumeSet
2019-10-21 23:03:12,956 [main] INFO  volume.ThrottledAsyncChecker (ThrottledAsyncChecker.java:schedule(141)) - Scheduling a check for /workdir/hadoop-ozone/integration-test/target/test-dir/MiniOzoneClusterImpl-d9aa8a4b-930f-46eb-8e95-9ce1bbfd2407/datanode-8/data/containers/hdds
2019-10-21 23:03:12,956 [main] INFO  volume.HddsVolumeChecker (HddsVolumeChecker.java:checkAllVolumes(204)) - Scheduled health check for volume /workdir/hadoop-ozone/integration-test/target/test-dir/MiniOzoneClusterImpl-d9aa8a4b-930f-46eb-8e95-9ce1bbfd2407/datanode-8/data/containers/hdds
2019-10-21 23:03:12,968 [main] INFO  impl.RaftServerProxy (ConfUtils.java:logGet(43)) - raft.rpc.type = GRPC (default)
2019-10-21 23:03:12,969 [main] INFO  grpc.GrpcFactory (GrpcFactory.java:checkPooledByteBufAllocatorUseCacheForAllThreads(45)) - PERFORMANCE WARNING: useCacheForAllThreads is true that may cause Netty to create a lot garbage objects and, as a result, trigger GC.
	It is recommended to disable useCacheForAllThreads by setting -Dorg.apache.ratis.thirdparty.io.netty.allocator.useCacheForAllThreads=false in command line.
2019-10-21 23:03:12,969 [main] INFO  grpc.GrpcConfigKeys$Server (ConfUtils.java:logGet(43)) - raft.grpc.server.port = 0 (default)
2019-10-21 23:03:12,969 [main] INFO  server.GrpcService (ConfUtils.java:logGet(43)) - raft.grpc.message.size.max = 33570816 (custom)
2019-10-21 23:03:12,969 [main] INFO  server.RaftServerConfigKeys (ConfUtils.java:logGet(43)) - raft.server.log.appender.buffer.byte-limit = 33554432 (custom)
2019-10-21 23:03:12,969 [main] INFO  server.GrpcService (ConfUtils.java:logGet(43)) - raft.grpc.flow.control.window = 1MB (=1048576) (default)
2019-10-21 23:03:12,970 [main] INFO  server.RaftServerConfigKeys (ConfUtils.java:logGet(43)) - raft.server.rpc.request.timeout = 3000ms (default)
2019-10-21 23:03:12,970 [main] INFO  server.RaftServerConfigKeys (ConfUtils.java:logGet(43)) - raft.server.storage.dir = [/workdir/hadoop-ozone/integration-test/target/test-dir/MiniOzoneClusterImpl-d9aa8a4b-930f-46eb-8e95-9ce1bbfd2407/datanode-8/data/ratis] (custom)
2019-10-21 23:03:12,972 [main] INFO  hdfs.DFSUtil (DFSUtil.java:httpServerTemplateForNNAndJN(1641)) - Starting Web-server for hddsDatanode at: http://0.0.0.0:0
2019-10-21 23:03:12,973 [main] INFO  server.AuthenticationFilter (AuthenticationFilter.java:constructSecretProvider(240)) - Unable to initialize FileSignerSecretProvider, falling back to use random secrets.
2019-10-21 23:03:12,973 [main] WARN  http.HttpRequestLog (HttpRequestLog.java:getRequestLog(97)) - Jetty request log can only be enabled using Log4j
2019-10-21 23:03:12,975 [main] INFO  http.HttpServer2 (HttpServer2.java:addGlobalFilter(975)) - Added global filter 'safety' (class=org.apache.hadoop.http.HttpServer2$QuotingInputFilter)
2019-10-21 23:03:12,975 [main] INFO  http.HttpServer2 (HttpServer2.java:addFilter(948)) - Added filter static_user_filter (class=org.apache.hadoop.http.lib.StaticUserWebFilter$StaticUserFilter) to context hddsDatanode
2019-10-21 23:03:12,975 [main] INFO  http.HttpServer2 (HttpServer2.java:addFilter(958)) - Added filter static_user_filter (class=org.apache.hadoop.http.lib.StaticUserWebFilter$StaticUserFilter) to context static
2019-10-21 23:03:12,975 [main] INFO  http.HttpServer2 (HttpServer2.java:addFilter(958)) - Added filter static_user_filter (class=org.apache.hadoop.http.lib.StaticUserWebFilter$StaticUserFilter) to context logs
2019-10-21 23:03:12,976 [main] INFO  http.HttpServer2 (HttpServer2.java:bindListener(1191)) - Jetty bound to port 44328
2019-10-21 23:03:12,976 [main] INFO  server.Server (Server.java:doStart(351)) - jetty-9.3.25.v20180904, build timestamp: 2018-09-04T21:11:46Z, git hash: 3ce520221d0240229c862b122d2b06c12a625732
2019-10-21 23:03:12,977 [main] INFO  handler.ContextHandler (ContextHandler.java:doStart(781)) - Started o.e.j.s.ServletContextHandler@5203c80f{/logs,file:///workdir/hadoop-ozone/integration-test/target/log,AVAILABLE}
2019-10-21 23:03:12,978 [main] INFO  handler.ContextHandler (ContextHandler.java:doStart(781)) - Started o.e.j.s.ServletContextHandler@721bf7ad{/static,jar:file:/home/user/.m2/repository/org/apache/hadoop/hadoop-hdds-container-service/0.5.0-SNAPSHOT/hadoop-hdds-container-service-0.5.0-SNAPSHOT.jar!/webapps/static,AVAILABLE}
2019-10-21 23:03:13,007 [main] INFO  handler.ContextHandler (ContextHandler.java:doStart(781)) - Started o.e.j.w.WebAppContext@3a209918{/,file:///tmp/jetty-0.0.0.0-44328-hddsDatanode-_-any-8100878690234925228.dir/webapp/,AVAILABLE}{/hddsDatanode}
2019-10-21 23:03:13,007 [main] INFO  server.AbstractConnector (AbstractConnector.java:doStart(278)) - Started ServerConnector@2cae5fa7{HTTP/1.1,[http/1.1]}{0.0.0.0:44328}
2019-10-21 23:03:13,010 [main] INFO  server.Server (Server.java:doStart(419)) - Started @252013ms
2019-10-21 23:03:13,010 [main] WARN  impl.MetricsSystemImpl (MetricsSystemImpl.java:register(276)) - Sink prometheus already exists!
2019-10-21 23:03:13,011 [main] INFO  server.BaseHttpServer (BaseHttpServer.java:updateConnectorAddress(215)) - HTTP server of HDDSDATANODE is listening at http://0.0.0.0:44328
2019-10-21 23:03:13,011 [main] INFO  impl.MetricsSystemImpl (MetricsSystemImpl.java:init(158)) - HddsDatanode metrics system started (again)
2019-10-21 23:03:13,021 [org.apache.hadoop.util.JvmPauseMonitor$Monitor@67c85dd] INFO  util.JvmPauseMonitor (JvmPauseMonitor.java:run(188)) - Starting JVM pause monitor
2019-10-21 23:03:13,021 [main] INFO  ozone.HddsDatanodeService (HddsDatanodeService.java:start(184)) - HddsDatanodeService host:pr-hdds-2131-w2fms-3313293055 ip:192.168.69.118
2019-10-21 23:03:13,022 [Datanode State Machine Thread - 0] INFO  datanode.InitDatanodeState (InitDatanodeState.java:persistContainerDatanodeDetails(140)) - DatanodeDetails is persisted to /workdir/hadoop-ozone/integration-test/target/test-dir/MiniOzoneClusterImpl-d9aa8a4b-930f-46eb-8e95-9ce1bbfd2407/datanode-8/meta/datanode.id
2019-10-21 23:03:13,031 [main] INFO  volume.HddsVolume (HddsVolume.java:<init>(176)) - Creating Volume: /workdir/hadoop-ozone/integration-test/target/test-dir/MiniOzoneClusterImpl-d9aa8a4b-930f-46eb-8e95-9ce1bbfd2407/datanode-9/data/containers/hdds of  storage type : DISK and capacity : 1482555576320
2019-10-21 23:03:13,031 [main] INFO  volume.VolumeSet (VolumeSet.java:initializeVolumeSet(170)) - Added Volume : /workdir/hadoop-ozone/integration-test/target/test-dir/MiniOzoneClusterImpl-d9aa8a4b-930f-46eb-8e95-9ce1bbfd2407/datanode-9/data/containers/hdds to VolumeSet
2019-10-21 23:03:13,031 [main] INFO  volume.ThrottledAsyncChecker (ThrottledAsyncChecker.java:schedule(141)) - Scheduling a check for /workdir/hadoop-ozone/integration-test/target/test-dir/MiniOzoneClusterImpl-d9aa8a4b-930f-46eb-8e95-9ce1bbfd2407/datanode-9/data/containers/hdds
2019-10-21 23:03:13,032 [main] INFO  volume.HddsVolumeChecker (HddsVolumeChecker.java:checkAllVolumes(204)) - Scheduled health check for volume /workdir/hadoop-ozone/integration-test/target/test-dir/MiniOzoneClusterImpl-d9aa8a4b-930f-46eb-8e95-9ce1bbfd2407/datanode-9/data/containers/hdds
2019-10-21 23:03:13,044 [main] INFO  impl.RaftServerProxy (ConfUtils.java:logGet(43)) - raft.rpc.type = GRPC (default)
2019-10-21 23:03:13,044 [main] INFO  grpc.GrpcFactory (GrpcFactory.java:checkPooledByteBufAllocatorUseCacheForAllThreads(45)) - PERFORMANCE WARNING: useCacheForAllThreads is true that may cause Netty to create a lot garbage objects and, as a result, trigger GC.
	It is recommended to disable useCacheForAllThreads by setting -Dorg.apache.ratis.thirdparty.io.netty.allocator.useCacheForAllThreads=false in command line.
2019-10-21 23:03:13,044 [main] INFO  grpc.GrpcConfigKeys$Server (ConfUtils.java:logGet(43)) - raft.grpc.server.port = 0 (default)
2019-10-21 23:03:13,044 [main] INFO  server.GrpcService (ConfUtils.java:logGet(43)) - raft.grpc.message.size.max = 33570816 (custom)
2019-10-21 23:03:13,044 [main] INFO  server.RaftServerConfigKeys (ConfUtils.java:logGet(43)) - raft.server.log.appender.buffer.byte-limit = 33554432 (custom)
2019-10-21 23:03:13,044 [main] INFO  server.GrpcService (ConfUtils.java:logGet(43)) - raft.grpc.flow.control.window = 1MB (=1048576) (default)
2019-10-21 23:03:13,045 [main] INFO  server.RaftServerConfigKeys (ConfUtils.java:logGet(43)) - raft.server.rpc.request.timeout = 3000ms (default)
2019-10-21 23:03:13,045 [main] INFO  server.RaftServerConfigKeys (ConfUtils.java:logGet(43)) - raft.server.storage.dir = [/workdir/hadoop-ozone/integration-test/target/test-dir/MiniOzoneClusterImpl-d9aa8a4b-930f-46eb-8e95-9ce1bbfd2407/datanode-9/data/ratis] (custom)
2019-10-21 23:03:13,047 [main] INFO  hdfs.DFSUtil (DFSUtil.java:httpServerTemplateForNNAndJN(1641)) - Starting Web-server for hddsDatanode at: http://0.0.0.0:0
2019-10-21 23:03:13,048 [main] INFO  server.AuthenticationFilter (AuthenticationFilter.java:constructSecretProvider(240)) - Unable to initialize FileSignerSecretProvider, falling back to use random secrets.
2019-10-21 23:03:13,048 [main] WARN  http.HttpRequestLog (HttpRequestLog.java:getRequestLog(97)) - Jetty request log can only be enabled using Log4j
2019-10-21 23:03:13,050 [main] INFO  http.HttpServer2 (HttpServer2.java:addGlobalFilter(975)) - Added global filter 'safety' (class=org.apache.hadoop.http.HttpServer2$QuotingInputFilter)
2019-10-21 23:03:13,050 [main] INFO  http.HttpServer2 (HttpServer2.java:addFilter(948)) - Added filter static_user_filter (class=org.apache.hadoop.http.lib.StaticUserWebFilter$StaticUserFilter) to context hddsDatanode
2019-10-21 23:03:13,050 [main] INFO  http.HttpServer2 (HttpServer2.java:addFilter(958)) - Added filter static_user_filter (class=org.apache.hadoop.http.lib.StaticUserWebFilter$StaticUserFilter) to context logs
2019-10-21 23:03:13,050 [main] INFO  http.HttpServer2 (HttpServer2.java:addFilter(958)) - Added filter static_user_filter (class=org.apache.hadoop.http.lib.StaticUserWebFilter$StaticUserFilter) to context static
2019-10-21 23:03:13,051 [main] INFO  http.HttpServer2 (HttpServer2.java:bindListener(1191)) - Jetty bound to port 43060
2019-10-21 23:03:13,051 [main] INFO  server.Server (Server.java:doStart(351)) - jetty-9.3.25.v20180904, build timestamp: 2018-09-04T21:11:46Z, git hash: 3ce520221d0240229c862b122d2b06c12a625732
2019-10-21 23:03:13,052 [main] INFO  handler.ContextHandler (ContextHandler.java:doStart(781)) - Started o.e.j.s.ServletContextHandler@5f3b84bd{/logs,file:///workdir/hadoop-ozone/integration-test/target/log,AVAILABLE}
2019-10-21 23:03:13,053 [main] INFO  handler.ContextHandler (ContextHandler.java:doStart(781)) - Started o.e.j.s.ServletContextHandler@1e191150{/static,jar:file:/home/user/.m2/repository/org/apache/hadoop/hadoop-hdds-container-service/0.5.0-SNAPSHOT/hadoop-hdds-container-service-0.5.0-SNAPSHOT.jar!/webapps/static,AVAILABLE}
2019-10-21 23:03:13,080 [main] INFO  handler.ContextHandler (ContextHandler.java:doStart(781)) - Started o.e.j.w.WebAppContext@216f01{/,file:///tmp/jetty-0.0.0.0-43060-hddsDatanode-_-any-3707730535979405393.dir/webapp/,AVAILABLE}{/hddsDatanode}
2019-10-21 23:03:13,080 [main] INFO  server.AbstractConnector (AbstractConnector.java:doStart(278)) - Started ServerConnector@7c901203{HTTP/1.1,[http/1.1]}{0.0.0.0:43060}
2019-10-21 23:03:13,083 [main] INFO  server.Server (Server.java:doStart(419)) - Started @252086ms
2019-10-21 23:03:13,083 [main] WARN  impl.MetricsSystemImpl (MetricsSystemImpl.java:register(276)) - Sink prometheus already exists!
2019-10-21 23:03:13,085 [main] INFO  server.BaseHttpServer (BaseHttpServer.java:updateConnectorAddress(215)) - HTTP server of HDDSDATANODE is listening at http://0.0.0.0:43060
2019-10-21 23:03:13,085 [main] INFO  ozone.MiniOzoneClusterImpl (MiniOzoneClusterImpl.java:lambda$waitForClusterToBeReady$0(147)) - Waiting for cluster to be ready. Got 0 of 10 DN Heartbeats.
2019-10-21 23:03:13,086 [org.apache.hadoop.util.JvmPauseMonitor$Monitor@7fb91747] INFO  util.JvmPauseMonitor (JvmPauseMonitor.java:run(188)) - Starting JVM pause monitor
2019-10-21 23:03:13,087 [Datanode State Machine Thread - 0] INFO  datanode.InitDatanodeState (InitDatanodeState.java:persistContainerDatanodeDetails(140)) - DatanodeDetails is persisted to /workdir/hadoop-ozone/integration-test/target/test-dir/MiniOzoneClusterImpl-d9aa8a4b-930f-46eb-8e95-9ce1bbfd2407/datanode-9/meta/datanode.id
2019-10-21 23:03:14,086 [main] INFO  ozone.MiniOzoneClusterImpl (MiniOzoneClusterImpl.java:lambda$waitForClusterToBeReady$0(147)) - Waiting for cluster to be ready. Got 0 of 10 DN Heartbeats.
2019-10-21 23:03:14,159 [Datanode State Machine Thread - 0] INFO  ozoneimpl.OzoneContainer (OzoneContainer.java:start(213)) - Attempting to start container services.
2019-10-21 23:03:14,160 [Datanode State Machine Thread - 0] INFO  ozoneimpl.OzoneContainer (OzoneContainer.java:startContainerScrub(177)) - Background container scanner has been disabled.
2019-10-21 23:03:14,160 [Datanode State Machine Thread - 0] INFO  ratis.XceiverServerRatis (XceiverServerRatis.java:start(418)) - Starting XceiverServerRatis 7c107f1d-8592-48e3-af71-5982c0af1f56 at port 0
2019-10-21 23:03:14,190 [Datanode State Machine Thread - 0] INFO  impl.RaftServerProxy (RaftServerProxy.java:lambda$start$3(299)) - 7c107f1d-8592-48e3-af71-5982c0af1f56: start RPC server
2019-10-21 23:03:14,193 [Datanode State Machine Thread - 0] INFO  server.GrpcService (GrpcService.java:startImpl(158)) - 7c107f1d-8592-48e3-af71-5982c0af1f56: GrpcService started, listening on 0.0.0.0/0.0.0.0:36514
2019-10-21 23:03:14,193 [Datanode State Machine Thread - 0] INFO  ratis.XceiverServerRatis (XceiverServerRatis.java:start(428)) - XceiverServerRatis 7c107f1d-8592-48e3-af71-5982c0af1f56 is started using port 36514
2019-10-21 23:03:14,194 [Datanode State Machine Thread - 0] INFO  server.XceiverServerGrpc (XceiverServerGrpc.java:start(149)) - XceiverServerGrpc 7c107f1d-8592-48e3-af71-5982c0af1f56 is started using port 34519
2019-10-21 23:03:14,238 [Datanode State Machine Thread - 0] INFO  ozoneimpl.OzoneContainer (OzoneContainer.java:start(213)) - Attempting to start container services.
2019-10-21 23:03:14,238 [Datanode State Machine Thread - 0] INFO  ozoneimpl.OzoneContainer (OzoneContainer.java:startContainerScrub(177)) - Background container scanner has been disabled.
2019-10-21 23:03:14,238 [Datanode State Machine Thread - 0] INFO  ratis.XceiverServerRatis (XceiverServerRatis.java:start(418)) - Starting XceiverServerRatis d10c8639-03b1-4f19-ac0f-6419d7578d59 at port 0
2019-10-21 23:03:14,243 [Datanode State Machine Thread - 0] INFO  impl.RaftServerProxy (RaftServerProxy.java:lambda$start$3(299)) - d10c8639-03b1-4f19-ac0f-6419d7578d59: start RPC server
2019-10-21 23:03:14,244 [Datanode State Machine Thread - 0] INFO  server.GrpcService (GrpcService.java:startImpl(158)) - d10c8639-03b1-4f19-ac0f-6419d7578d59: GrpcService started, listening on 0.0.0.0/0.0.0.0:37568
2019-10-21 23:03:14,244 [Datanode State Machine Thread - 0] INFO  ratis.XceiverServerRatis (XceiverServerRatis.java:start(428)) - XceiverServerRatis d10c8639-03b1-4f19-ac0f-6419d7578d59 is started using port 37568
2019-10-21 23:03:14,244 [Datanode State Machine Thread - 0] INFO  server.XceiverServerGrpc (XceiverServerGrpc.java:start(149)) - XceiverServerGrpc d10c8639-03b1-4f19-ac0f-6419d7578d59 is started using port 33308
2019-10-21 23:03:14,304 [Datanode State Machine Thread - 0] INFO  ozoneimpl.OzoneContainer (OzoneContainer.java:start(213)) - Attempting to start container services.
2019-10-21 23:03:14,304 [Datanode State Machine Thread - 0] INFO  ozoneimpl.OzoneContainer (OzoneContainer.java:startContainerScrub(177)) - Background container scanner has been disabled.
2019-10-21 23:03:14,304 [Datanode State Machine Thread - 0] INFO  ratis.XceiverServerRatis (XceiverServerRatis.java:start(418)) - Starting XceiverServerRatis 1244ca21-2158-4cc7-9e07-ba347e145504 at port 0
2019-10-21 23:03:14,310 [Datanode State Machine Thread - 0] INFO  impl.RaftServerProxy (RaftServerProxy.java:lambda$start$3(299)) - 1244ca21-2158-4cc7-9e07-ba347e145504: start RPC server
2019-10-21 23:03:14,310 [Datanode State Machine Thread - 0] INFO  server.GrpcService (GrpcService.java:startImpl(158)) - 1244ca21-2158-4cc7-9e07-ba347e145504: GrpcService started, listening on 0.0.0.0/0.0.0.0:43370
2019-10-21 23:03:14,310 [Datanode State Machine Thread - 0] INFO  ratis.XceiverServerRatis (XceiverServerRatis.java:start(428)) - XceiverServerRatis 1244ca21-2158-4cc7-9e07-ba347e145504 is started using port 43370
2019-10-21 23:03:14,310 [Datanode State Machine Thread - 0] INFO  server.XceiverServerGrpc (XceiverServerGrpc.java:start(149)) - XceiverServerGrpc 1244ca21-2158-4cc7-9e07-ba347e145504 is started using port 41629
2019-10-21 23:03:14,603 [Datanode State Machine Thread - 0] INFO  ozoneimpl.OzoneContainer (OzoneContainer.java:start(213)) - Attempting to start container services.
2019-10-21 23:03:14,603 [Datanode State Machine Thread - 0] INFO  ozoneimpl.OzoneContainer (OzoneContainer.java:startContainerScrub(177)) - Background container scanner has been disabled.
2019-10-21 23:03:14,603 [Datanode State Machine Thread - 0] INFO  ratis.XceiverServerRatis (XceiverServerRatis.java:start(418)) - Starting XceiverServerRatis 8f86521a-dea0-43d1-ae77-898e04dffe78 at port 0
2019-10-21 23:03:14,611 [Datanode State Machine Thread - 0] INFO  impl.RaftServerProxy (RaftServerProxy.java:lambda$start$3(299)) - 8f86521a-dea0-43d1-ae77-898e04dffe78: start RPC server
2019-10-21 23:03:14,611 [Datanode State Machine Thread - 0] INFO  server.GrpcService (GrpcService.java:startImpl(158)) - 8f86521a-dea0-43d1-ae77-898e04dffe78: GrpcService started, listening on 0.0.0.0/0.0.0.0:34690
2019-10-21 23:03:14,611 [Datanode State Machine Thread - 0] INFO  ratis.XceiverServerRatis (XceiverServerRatis.java:start(428)) - XceiverServerRatis 8f86521a-dea0-43d1-ae77-898e04dffe78 is started using port 34690
2019-10-21 23:03:14,612 [Datanode State Machine Thread - 0] INFO  server.XceiverServerGrpc (XceiverServerGrpc.java:start(149)) - XceiverServerGrpc 8f86521a-dea0-43d1-ae77-898e04dffe78 is started using port 45391
2019-10-21 23:03:14,702 [Datanode State Machine Thread - 0] INFO  ozoneimpl.OzoneContainer (OzoneContainer.java:start(213)) - Attempting to start container services.
2019-10-21 23:03:14,703 [Datanode State Machine Thread - 0] INFO  ozoneimpl.OzoneContainer (OzoneContainer.java:startContainerScrub(177)) - Background container scanner has been disabled.
2019-10-21 23:03:14,703 [Datanode State Machine Thread - 0] INFO  ratis.XceiverServerRatis (XceiverServerRatis.java:start(418)) - Starting XceiverServerRatis 75bcb3a2-b551-405f-b8dd-694cefee0d48 at port 0
2019-10-21 23:03:14,708 [Datanode State Machine Thread - 0] INFO  impl.RaftServerProxy (RaftServerProxy.java:lambda$start$3(299)) - 75bcb3a2-b551-405f-b8dd-694cefee0d48: start RPC server
2019-10-21 23:03:14,708 [Datanode State Machine Thread - 0] INFO  server.GrpcService (GrpcService.java:startImpl(158)) - 75bcb3a2-b551-405f-b8dd-694cefee0d48: GrpcService started, listening on 0.0.0.0/0.0.0.0:38590
2019-10-21 23:03:14,708 [Datanode State Machine Thread - 0] INFO  ratis.XceiverServerRatis (XceiverServerRatis.java:start(428)) - XceiverServerRatis 75bcb3a2-b551-405f-b8dd-694cefee0d48 is started using port 38590
2019-10-21 23:03:14,709 [Datanode State Machine Thread - 0] INFO  server.XceiverServerGrpc (XceiverServerGrpc.java:start(149)) - XceiverServerGrpc 75bcb3a2-b551-405f-b8dd-694cefee0d48 is started using port 35295
2019-10-21 23:03:14,802 [Datanode State Machine Thread - 0] INFO  ozoneimpl.OzoneContainer (OzoneContainer.java:start(213)) - Attempting to start container services.
2019-10-21 23:03:14,802 [Datanode State Machine Thread - 0] INFO  ozoneimpl.OzoneContainer (OzoneContainer.java:startContainerScrub(177)) - Background container scanner has been disabled.
2019-10-21 23:03:14,802 [Datanode State Machine Thread - 0] INFO  ratis.XceiverServerRatis (XceiverServerRatis.java:start(418)) - Starting XceiverServerRatis 9aaebd24-66cb-4b96-a722-f4b7b0063a4e at port 0
2019-10-21 23:03:14,808 [Datanode State Machine Thread - 0] INFO  impl.RaftServerProxy (RaftServerProxy.java:lambda$start$3(299)) - 9aaebd24-66cb-4b96-a722-f4b7b0063a4e: start RPC server
2019-10-21 23:03:14,808 [Datanode State Machine Thread - 0] INFO  server.GrpcService (GrpcService.java:startImpl(158)) - 9aaebd24-66cb-4b96-a722-f4b7b0063a4e: GrpcService started, listening on 0.0.0.0/0.0.0.0:34037
2019-10-21 23:03:14,808 [Datanode State Machine Thread - 0] INFO  ratis.XceiverServerRatis (XceiverServerRatis.java:start(428)) - XceiverServerRatis 9aaebd24-66cb-4b96-a722-f4b7b0063a4e is started using port 34037
2019-10-21 23:03:14,809 [Datanode State Machine Thread - 0] INFO  server.XceiverServerGrpc (XceiverServerGrpc.java:start(149)) - XceiverServerGrpc 9aaebd24-66cb-4b96-a722-f4b7b0063a4e is started using port 38554
2019-10-21 23:03:14,877 [Datanode State Machine Thread - 0] INFO  ozoneimpl.OzoneContainer (OzoneContainer.java:start(213)) - Attempting to start container services.
2019-10-21 23:03:14,877 [Datanode State Machine Thread - 0] INFO  ozoneimpl.OzoneContainer (OzoneContainer.java:startContainerScrub(177)) - Background container scanner has been disabled.
2019-10-21 23:03:14,878 [Datanode State Machine Thread - 0] INFO  ratis.XceiverServerRatis (XceiverServerRatis.java:start(418)) - Starting XceiverServerRatis 1ece9cc6-afa0-4e0e-a250-be9279276c08 at port 0
2019-10-21 23:03:14,885 [Datanode State Machine Thread - 0] INFO  impl.RaftServerProxy (RaftServerProxy.java:lambda$start$3(299)) - 1ece9cc6-afa0-4e0e-a250-be9279276c08: start RPC server
2019-10-21 23:03:14,886 [Datanode State Machine Thread - 0] INFO  server.GrpcService (GrpcService.java:startImpl(158)) - 1ece9cc6-afa0-4e0e-a250-be9279276c08: GrpcService started, listening on 0.0.0.0/0.0.0.0:46095
2019-10-21 23:03:14,886 [Datanode State Machine Thread - 0] INFO  ratis.XceiverServerRatis (XceiverServerRatis.java:start(428)) - XceiverServerRatis 1ece9cc6-afa0-4e0e-a250-be9279276c08 is started using port 46095
2019-10-21 23:03:14,886 [Datanode State Machine Thread - 0] INFO  server.XceiverServerGrpc (XceiverServerGrpc.java:start(149)) - XceiverServerGrpc 1ece9cc6-afa0-4e0e-a250-be9279276c08 is started using port 38326
2019-10-21 23:03:14,956 [Datanode State Machine Thread - 0] INFO  ozoneimpl.OzoneContainer (OzoneContainer.java:start(213)) - Attempting to start container services.
2019-10-21 23:03:14,957 [Datanode State Machine Thread - 0] INFO  ozoneimpl.OzoneContainer (OzoneContainer.java:startContainerScrub(177)) - Background container scanner has been disabled.
2019-10-21 23:03:14,957 [Datanode State Machine Thread - 0] INFO  ratis.XceiverServerRatis (XceiverServerRatis.java:start(418)) - Starting XceiverServerRatis 5e72733e-cb8a-4e36-9088-390b573ceccc at port 0
2019-10-21 23:03:14,963 [Datanode State Machine Thread - 0] INFO  impl.RaftServerProxy (RaftServerProxy.java:lambda$start$3(299)) - 5e72733e-cb8a-4e36-9088-390b573ceccc: start RPC server
2019-10-21 23:03:14,964 [Datanode State Machine Thread - 0] INFO  server.GrpcService (GrpcService.java:startImpl(158)) - 5e72733e-cb8a-4e36-9088-390b573ceccc: GrpcService started, listening on 0.0.0.0/0.0.0.0:39726
2019-10-21 23:03:14,964 [Datanode State Machine Thread - 0] INFO  ratis.XceiverServerRatis (XceiverServerRatis.java:start(428)) - XceiverServerRatis 5e72733e-cb8a-4e36-9088-390b573ceccc is started using port 39726
2019-10-21 23:03:14,964 [Datanode State Machine Thread - 0] INFO  server.XceiverServerGrpc (XceiverServerGrpc.java:start(149)) - XceiverServerGrpc 5e72733e-cb8a-4e36-9088-390b573ceccc is started using port 44785
2019-10-21 23:03:15,026 [Datanode State Machine Thread - 0] INFO  ozoneimpl.OzoneContainer (OzoneContainer.java:start(213)) - Attempting to start container services.
2019-10-21 23:03:15,026 [Datanode State Machine Thread - 0] INFO  ozoneimpl.OzoneContainer (OzoneContainer.java:startContainerScrub(177)) - Background container scanner has been disabled.
2019-10-21 23:03:15,027 [Datanode State Machine Thread - 0] INFO  ratis.XceiverServerRatis (XceiverServerRatis.java:start(418)) - Starting XceiverServerRatis 603ba073-be5d-40c9-b7ed-25f4d1f5a99d at port 0
2019-10-21 23:03:15,034 [Datanode State Machine Thread - 0] INFO  impl.RaftServerProxy (RaftServerProxy.java:lambda$start$3(299)) - 603ba073-be5d-40c9-b7ed-25f4d1f5a99d: start RPC server
2019-10-21 23:03:15,034 [Datanode State Machine Thread - 0] INFO  server.GrpcService (GrpcService.java:startImpl(158)) - 603ba073-be5d-40c9-b7ed-25f4d1f5a99d: GrpcService started, listening on 0.0.0.0/0.0.0.0:37356
2019-10-21 23:03:15,034 [Datanode State Machine Thread - 0] INFO  ratis.XceiverServerRatis (XceiverServerRatis.java:start(428)) - XceiverServerRatis 603ba073-be5d-40c9-b7ed-25f4d1f5a99d is started using port 37356
2019-10-21 23:03:15,035 [Datanode State Machine Thread - 0] INFO  server.XceiverServerGrpc (XceiverServerGrpc.java:start(149)) - XceiverServerGrpc 603ba073-be5d-40c9-b7ed-25f4d1f5a99d is started using port 46488
2019-10-21 23:03:15,087 [main] INFO  ozone.MiniOzoneClusterImpl (MiniOzoneClusterImpl.java:lambda$waitForClusterToBeReady$0(147)) - Waiting for cluster to be ready. Got 0 of 10 DN Heartbeats.
2019-10-21 23:03:15,093 [Datanode State Machine Thread - 0] INFO  ozoneimpl.OzoneContainer (OzoneContainer.java:start(213)) - Attempting to start container services.
2019-10-21 23:03:15,093 [Datanode State Machine Thread - 0] INFO  ozoneimpl.OzoneContainer (OzoneContainer.java:startContainerScrub(177)) - Background container scanner has been disabled.
2019-10-21 23:03:15,093 [Datanode State Machine Thread - 0] INFO  ratis.XceiverServerRatis (XceiverServerRatis.java:start(418)) - Starting XceiverServerRatis bc9ab211-cc75-4801-ac6a-7532c28ed948 at port 0
2019-10-21 23:03:15,100 [Datanode State Machine Thread - 0] INFO  impl.RaftServerProxy (RaftServerProxy.java:lambda$start$3(299)) - bc9ab211-cc75-4801-ac6a-7532c28ed948: start RPC server
2019-10-21 23:03:15,101 [Datanode State Machine Thread - 0] INFO  server.GrpcService (GrpcService.java:startImpl(158)) - bc9ab211-cc75-4801-ac6a-7532c28ed948: GrpcService started, listening on 0.0.0.0/0.0.0.0:42914
2019-10-21 23:03:15,101 [Datanode State Machine Thread - 0] INFO  ratis.XceiverServerRatis (XceiverServerRatis.java:start(428)) - XceiverServerRatis bc9ab211-cc75-4801-ac6a-7532c28ed948 is started using port 42914
2019-10-21 23:03:15,120 [Datanode State Machine Thread - 0] INFO  server.XceiverServerGrpc (XceiverServerGrpc.java:start(149)) - XceiverServerGrpc bc9ab211-cc75-4801-ac6a-7532c28ed948 is started using port 46351
2019-10-21 23:03:16,087 [main] INFO  ozone.MiniOzoneClusterImpl (MiniOzoneClusterImpl.java:lambda$waitForClusterToBeReady$0(147)) - Waiting for cluster to be ready. Got 0 of 10 DN Heartbeats.
2019-10-21 23:03:16,142 [IPC Server handler 13 on 43510] INFO  net.NetworkTopology (NetworkTopologyImpl.java:add(111)) - Added a new node: /rack1/7c107f1d-8592-48e3-af71-5982c0af1f56
2019-10-21 23:03:16,145 [IPC Server handler 13 on 43510] INFO  node.SCMNodeManager (SCMNodeManager.java:register(268)) - Registered Data node : 7c107f1d-8592-48e3-af71-5982c0af1f56{ip: 192.168.69.118, host: pr-hdds-2131-w2fms-3313293055, networkLocation: /rack1, certSerialId: null}
2019-10-21 23:03:16,146 [EventQueue-NodeRegistrationContainerReportForDataNodeSafeModeRule] INFO  safemode.SCMSafeModeManager (DataNodeSafeModeRule.java:process(71)) - SCM in safe mode. 1 DataNodes registered, 1 required.
2019-10-21 23:03:16,149 [EventQueue-NodeRegistrationContainerReportForDataNodeSafeModeRule] INFO  safemode.SCMSafeModeManager (SCMSafeModeManager.java:validateSafeModeExitRules(177)) - ScmSafeModeManager, all rules are successfully validated
2019-10-21 23:03:16,149 [EventQueue-NodeRegistrationContainerReportForDataNodeSafeModeRule] INFO  safemode.SCMSafeModeManager (SCMSafeModeManager.java:exitSafeMode(193)) - SCM exiting safe mode.
2019-10-21 23:03:16,174 [grpc-default-executor-8] INFO  impl.RaftServerProxy (RaftServerProxy.java:addNew(89)) - 7c107f1d-8592-48e3-af71-5982c0af1f56: addNew group-F56D0DE279E4:[7c107f1d-8592-48e3-af71-5982c0af1f56:192.168.69.118:36514] returns group-F56D0DE279E4:java.util.concurrent.CompletableFuture@3fc28d55[Not completed]
2019-10-21 23:03:16,176 [pool-511-thread-1] INFO  impl.RaftServerImpl (RaftServerImpl.java:<init>(104)) - 7c107f1d-8592-48e3-af71-5982c0af1f56: new RaftServerImpl for group-F56D0DE279E4:[7c107f1d-8592-48e3-af71-5982c0af1f56:192.168.69.118:36514] with ContainerStateMachine:uninitialized
2019-10-21 23:03:16,176 [pool-511-thread-1] INFO  server.RaftServerConfigKeys (ConfUtils.java:logGet(43)) - raft.server.rpc.timeout.min = 1s (custom)
2019-10-21 23:03:16,177 [pool-511-thread-1] INFO  server.RaftServerConfigKeys (ConfUtils.java:logGet(43)) - raft.server.rpc.timeout.max = 1200ms (custom)
2019-10-21 23:03:16,177 [pool-511-thread-1] INFO  server.RaftServerConfigKeys (ConfUtils.java:logGet(43)) - raft.server.rpcslowness.timeout = 120s (custom)
2019-10-21 23:03:16,177 [pool-511-thread-1] INFO  server.RaftServerConfigKeys (ConfUtils.java:logGet(43)) - raft.server.sleep.deviation.threshold = 300 (default)
2019-10-21 23:03:16,177 [pool-511-thread-1] INFO  server.RaftServerConfigKeys (ConfUtils.java:logGet(43)) - raft.server.log.appender.install.snapshot.enabled = false (custom)
2019-10-21 23:03:16,177 [pool-511-thread-1] INFO  impl.RaftServerImpl (ServerState.java:<init>(103)) - 7c107f1d-8592-48e3-af71-5982c0af1f56@group-F56D0DE279E4: ConfigurationManager, init=-1: [7c107f1d-8592-48e3-af71-5982c0af1f56:192.168.69.118:36514], old=null, confs=<EMPTY_MAP>
2019-10-21 23:03:16,177 [pool-511-thread-1] INFO  server.RaftServerConfigKeys (ConfUtils.java:logGet(43)) - raft.server.storage.dir = [/workdir/hadoop-ozone/integration-test/target/test-dir/MiniOzoneClusterImpl-d9aa8a4b-930f-46eb-8e95-9ce1bbfd2407/datanode-0/data/ratis] (custom)
2019-10-21 23:03:16,178 [pool-511-thread-1] INFO  server.RaftServerConfigKeys (ConfUtils.java:logGet(43)) - raft.server.log.corruption.policy = EXCEPTION (default)
2019-10-21 23:03:16,178 [pool-511-thread-1] INFO  storage.RaftStorageDirectory (RaftStorageDirectory.java:analyzeStorage(246)) - The storage directory /workdir/hadoop-ozone/integration-test/target/test-dir/MiniOzoneClusterImpl-d9aa8a4b-930f-46eb-8e95-9ce1bbfd2407/datanode-0/data/ratis/527c310a-d609-4afb-9e5d-f56d0de279e4 does not exist. Creating ...
2019-10-21 23:03:16,193 [pool-511-thread-1] INFO  storage.RaftStorageDirectory (RaftStorageDirectory.java:tryLock(328)) - Lock on /workdir/hadoop-ozone/integration-test/target/test-dir/MiniOzoneClusterImpl-d9aa8a4b-930f-46eb-8e95-9ce1bbfd2407/datanode-0/data/ratis/527c310a-d609-4afb-9e5d-f56d0de279e4/in_use.lock acquired by nodename 10674@pr-hdds-2131-w2fms-3313293055
2019-10-21 23:03:16,206 [pool-511-thread-1] INFO  storage.RaftStorage (RaftStorage.java:format(84)) - Storage directory /workdir/hadoop-ozone/integration-test/target/test-dir/MiniOzoneClusterImpl-d9aa8a4b-930f-46eb-8e95-9ce1bbfd2407/datanode-0/data/ratis/527c310a-d609-4afb-9e5d-f56d0de279e4 has been successfully formatted.
2019-10-21 23:03:16,207 [pool-511-thread-1] INFO  ratis.ContainerStateMachine (ContainerStateMachine.java:loadSnapshot(231)) - group-F56D0DE279E4: The snapshot info is null. Setting the last applied indexto:(t:0, i:~)
2019-10-21 23:03:16,207 [pool-511-thread-1] INFO  server.RaftServerConfigKeys (ConfUtils.java:logGet(43)) - raft.server.notification.no-leader.timeout = 120s (custom)
2019-10-21 23:03:16,207 [pool-511-thread-1] INFO  server.RaftServerConfigKeys (ConfUtils.java:logGet(43)) - raft.server.log.use.memory = false (default)
2019-10-21 23:03:16,207 [pool-511-thread-1] INFO  server.RaftServerConfigKeys (ConfUtils.java:logGet(43)) - raft.server.log.purge.gap = 1000000 (custom)
2019-10-21 23:03:16,207 [pool-511-thread-1] INFO  server.RaftServerConfigKeys (ConfUtils.java:logGet(43)) - raft.server.log.appender.buffer.byte-limit = 33554432 (custom)
2019-10-21 23:03:16,207 [pool-511-thread-1] INFO  server.RaftServerConfigKeys (ConfUtils.java:logGet(43)) - raft.server.log.segment.size.max = 1048576 (custom)
2019-10-21 23:03:16,209 [pool-511-thread-1] INFO  server.RaftServerConfigKeys (ConfUtils.java:logGet(43)) - raft.server.log.segment.cache.num.max = 2 (custom)
2019-10-21 23:03:16,209 [pool-511-thread-1] INFO  segmented.SegmentedRaftLogWorker (SegmentedRaftLogWorker.java:<init>(173)) - new 7c107f1d-8592-48e3-af71-5982c0af1f56@group-F56D0DE279E4-SegmentedRaftLogWorker for RaftStorage:Storage Directory /workdir/hadoop-ozone/integration-test/target/test-dir/MiniOzoneClusterImpl-d9aa8a4b-930f-46eb-8e95-9ce1bbfd2407/datanode-0/data/ratis/527c310a-d609-4afb-9e5d-f56d0de279e4
2019-10-21 23:03:16,209 [pool-511-thread-1] INFO  server.RaftServerConfigKeys (ConfUtils.java:logGet(43)) - raft.server.log.queue.byte-limit = 2147483647 (custom)
2019-10-21 23:03:16,209 [pool-511-thread-1] INFO  server.RaftServerConfigKeys (ConfUtils.java:logGet(43)) - raft.server.log.queue.element-limit = 1024 (custom)
2019-10-21 23:03:16,210 [pool-511-thread-1] INFO  server.RaftServerConfigKeys (ConfUtils.java:logGet(43)) - raft.server.log.segment.size.max = 1048576 (custom)
2019-10-21 23:03:16,210 [pool-511-thread-1] INFO  server.RaftServerConfigKeys (ConfUtils.java:logGet(43)) - raft.server.log.preallocated.size = 16384 (custom)
2019-10-21 23:03:16,210 [pool-511-thread-1] INFO  server.RaftServerConfigKeys (ConfUtils.java:logGet(43)) - raft.server.log.write.buffer.size = 33554432 (custom)
2019-10-21 23:03:16,210 [pool-511-thread-1] INFO  server.RaftServerConfigKeys (ConfUtils.java:logGet(43)) - raft.server.log.force.sync.num = 128 (default)
2019-10-21 23:03:16,210 [pool-511-thread-1] INFO  server.RaftServerConfigKeys (ConfUtils.java:logGet(43)) - raft.server.log.statemachine.data.sync = true (default)
2019-10-21 23:03:16,210 [pool-511-thread-1] INFO  server.RaftServerConfigKeys (ConfUtils.java:logGet(43)) - raft.server.log.statemachine.data.sync.timeout = 10s (default)
2019-10-21 23:03:16,210 [pool-511-thread-1] INFO  server.RaftServerConfigKeys (ConfUtils.java:logGet(43)) - raft.server.log.statemachine.data.sync.timeout.retry = -1 (default)
2019-10-21 23:03:16,211 [pool-511-thread-1] INFO  server.RaftServerConfigKeys (ConfUtils.java:logGet(43)) - raft.server.log.statemachine.data.caching.enabled = true (custom)
2019-10-21 23:03:16,211 [pool-511-thread-1] INFO  segmented.SegmentedRaftLogWorker (SegmentedRaftLogWorker.java:lambda$new$0(128)) - 7c107f1d-8592-48e3-af71-5982c0af1f56@group-F56D0DE279E4-SegmentedRaftLogWorker: flushIndex: setUnconditionally 0 -> -1
2019-10-21 23:03:16,211 [pool-511-thread-1] INFO  server.RaftServerConfigKeys (ConfUtils.java:logGet(43)) - raft.server.snapshot.auto.trigger.enabled = true (custom)
2019-10-21 23:03:16,211 [pool-511-thread-1] INFO  server.RaftServerConfigKeys (ConfUtils.java:logGet(43)) - raft.server.snapshot.auto.trigger.threshold = 10000 (custom)
2019-10-21 23:03:16,211 [pool-511-thread-1] INFO  server.RaftServerConfigKeys (ConfUtils.java:logGet(43)) - raft.server.snapshot.retention.file.num = 5 (custom)
2019-10-21 23:03:16,211 [pool-511-thread-1] INFO  server.RaftServerConfigKeys (ConfUtils.java:logGet(43)) - raft.server.retrycache.expirytime = 600000ms (custom)
2019-10-21 23:03:16,214 [pool-511-thread-1] INFO  impl.RaftServerImpl (RaftServerImpl.java:start(195)) - 7c107f1d-8592-48e3-af71-5982c0af1f56@group-F56D0DE279E4: start as a follower, conf=-1: [7c107f1d-8592-48e3-af71-5982c0af1f56:192.168.69.118:36514], old=null
2019-10-21 23:03:16,214 [pool-511-thread-1] INFO  impl.RaftServerImpl (RaftServerImpl.java:setRole(184)) - 7c107f1d-8592-48e3-af71-5982c0af1f56@group-F56D0DE279E4: changes role from      null to FOLLOWER at term 0 for startAsFollower
2019-10-21 23:03:16,214 [pool-511-thread-1] INFO  impl.RoleInfo (RoleInfo.java:updateAndGet(143)) - 7c107f1d-8592-48e3-af71-5982c0af1f56: start FollowerState
2019-10-21 23:03:16,214 [pool-511-thread-1] INFO  util.JmxRegister (JmxRegister.java:tryRegister(44)) - Successfully registered JMX Bean with object name Ratis:service=RaftServer,group=group-F56D0DE279E4,id=7c107f1d-8592-48e3-af71-5982c0af1f56
2019-10-21 23:03:16,219 [IPC Server handler 8 on 43510] INFO  net.NetworkTopology (NetworkTopologyImpl.java:add(111)) - Added a new node: /rack1/d10c8639-03b1-4f19-ac0f-6419d7578d59
2019-10-21 23:03:16,219 [IPC Server handler 8 on 43510] INFO  node.SCMNodeManager (SCMNodeManager.java:register(268)) - Registered Data node : d10c8639-03b1-4f19-ac0f-6419d7578d59{ip: 192.168.69.118, host: pr-hdds-2131-w2fms-3313293055, networkLocation: /rack1, certSerialId: null}
2019-10-21 23:03:16,221 [Thread-9348] INFO  impl.FollowerState (FollowerState.java:run(108)) - 7c107f1d-8592-48e3-af71-5982c0af1f56@group-F56D0DE279E4-FollowerState: change to CANDIDATE, lastRpcTime:7ms, electionTimeout:7ms
2019-10-21 23:03:16,222 [Thread-9348] INFO  impl.RoleInfo (RoleInfo.java:shutdownFollowerState(121)) - 7c107f1d-8592-48e3-af71-5982c0af1f56: shutdown FollowerState
2019-10-21 23:03:16,222 [Thread-9348] INFO  impl.RaftServerImpl (RaftServerImpl.java:setRole(184)) - 7c107f1d-8592-48e3-af71-5982c0af1f56@group-F56D0DE279E4: changes role from  FOLLOWER to CANDIDATE at term 0 for changeToCandidate
2019-10-21 23:03:16,222 [Thread-9348] INFO  impl.RoleInfo (RoleInfo.java:updateAndGet(143)) - 7c107f1d-8592-48e3-af71-5982c0af1f56: start LeaderElection
2019-10-21 23:03:16,227 [RatisPipelineUtilsThread] INFO  pipeline.PipelineStateManager (PipelineStateManager.java:addPipeline(56)) - Created pipeline Pipeline[ Id: 527c310a-d609-4afb-9e5d-f56d0de279e4, Nodes: 7c107f1d-8592-48e3-af71-5982c0af1f56{ip: 192.168.69.118, host: pr-hdds-2131-w2fms-3313293055, networkLocation: /rack1, certSerialId: null}, Type:RATIS, Factor:ONE, State:OPEN]
2019-10-21 23:03:16,233 [grpc-default-executor-8] INFO  impl.RaftServerProxy (RaftServerProxy.java:addNew(89)) - d10c8639-03b1-4f19-ac0f-6419d7578d59: addNew group-E771D32ED872:[d10c8639-03b1-4f19-ac0f-6419d7578d59:192.168.69.118:37568] returns group-E771D32ED872:java.util.concurrent.CompletableFuture@54ecbe91[Not completed]
2019-10-21 23:03:16,234 [pool-521-thread-1] INFO  impl.RaftServerImpl (RaftServerImpl.java:<init>(104)) - d10c8639-03b1-4f19-ac0f-6419d7578d59: new RaftServerImpl for group-E771D32ED872:[d10c8639-03b1-4f19-ac0f-6419d7578d59:192.168.69.118:37568] with ContainerStateMachine:uninitialized
2019-10-21 23:03:16,234 [pool-521-thread-1] INFO  server.RaftServerConfigKeys (ConfUtils.java:logGet(43)) - raft.server.rpc.timeout.min = 1s (custom)
2019-10-21 23:03:16,234 [pool-521-thread-1] INFO  server.RaftServerConfigKeys (ConfUtils.java:logGet(43)) - raft.server.rpc.timeout.max = 1200ms (custom)
2019-10-21 23:03:16,234 [pool-521-thread-1] INFO  server.RaftServerConfigKeys (ConfUtils.java:logGet(43)) - raft.server.rpcslowness.timeout = 120s (custom)
2019-10-21 23:03:16,234 [pool-521-thread-1] INFO  server.RaftServerConfigKeys (ConfUtils.java:logGet(43)) - raft.server.sleep.deviation.threshold = 300 (default)
2019-10-21 23:03:16,234 [pool-521-thread-1] INFO  server.RaftServerConfigKeys (ConfUtils.java:logGet(43)) - raft.server.log.appender.install.snapshot.enabled = false (custom)
2019-10-21 23:03:16,234 [pool-521-thread-1] INFO  impl.RaftServerImpl (ServerState.java:<init>(103)) - d10c8639-03b1-4f19-ac0f-6419d7578d59@group-E771D32ED872: ConfigurationManager, init=-1: [d10c8639-03b1-4f19-ac0f-6419d7578d59:192.168.69.118:37568], old=null, confs=<EMPTY_MAP>
2019-10-21 23:03:16,234 [pool-521-thread-1] INFO  server.RaftServerConfigKeys (ConfUtils.java:logGet(43)) - raft.server.storage.dir = [/workdir/hadoop-ozone/integration-test/target/test-dir/MiniOzoneClusterImpl-d9aa8a4b-930f-46eb-8e95-9ce1bbfd2407/datanode-1/data/ratis] (custom)
2019-10-21 23:03:16,234 [pool-521-thread-1] INFO  server.RaftServerConfigKeys (ConfUtils.java:logGet(43)) - raft.server.log.corruption.policy = EXCEPTION (default)
2019-10-21 23:03:16,234 [pool-521-thread-1] INFO  storage.RaftStorageDirectory (RaftStorageDirectory.java:analyzeStorage(246)) - The storage directory /workdir/hadoop-ozone/integration-test/target/test-dir/MiniOzoneClusterImpl-d9aa8a4b-930f-46eb-8e95-9ce1bbfd2407/datanode-1/data/ratis/fa4dd112-a2f1-4c6c-bfd7-e771d32ed872 does not exist. Creating ...
2019-10-21 23:03:16,241 [pool-521-thread-1] INFO  storage.RaftStorageDirectory (RaftStorageDirectory.java:tryLock(328)) - Lock on /workdir/hadoop-ozone/integration-test/target/test-dir/MiniOzoneClusterImpl-d9aa8a4b-930f-46eb-8e95-9ce1bbfd2407/datanode-1/data/ratis/fa4dd112-a2f1-4c6c-bfd7-e771d32ed872/in_use.lock acquired by nodename 10674@pr-hdds-2131-w2fms-3313293055
2019-10-21 23:03:16,241 [7c107f1d-8592-48e3-af71-5982c0af1f56@group-F56D0DE279E4-LeaderElection1066] INFO  impl.LeaderElection (LeaderElection.java:askForVotes(178)) - 7c107f1d-8592-48e3-af71-5982c0af1f56@group-F56D0DE279E4-LeaderElection1066: begin an election at term 1 for -1: [7c107f1d-8592-48e3-af71-5982c0af1f56:192.168.69.118:36514], old=null
2019-10-21 23:03:16,242 [7c107f1d-8592-48e3-af71-5982c0af1f56@group-F56D0DE279E4-LeaderElection1066] INFO  impl.RoleInfo (RoleInfo.java:shutdownLeaderElection(134)) - 7c107f1d-8592-48e3-af71-5982c0af1f56: shutdown LeaderElection
2019-10-21 23:03:16,242 [7c107f1d-8592-48e3-af71-5982c0af1f56@group-F56D0DE279E4-LeaderElection1066] INFO  impl.RaftServerImpl (RaftServerImpl.java:setRole(184)) - 7c107f1d-8592-48e3-af71-5982c0af1f56@group-F56D0DE279E4: changes role from CANDIDATE to LEADER at term 1 for changeToLeader
2019-10-21 23:03:16,242 [7c107f1d-8592-48e3-af71-5982c0af1f56@group-F56D0DE279E4-LeaderElection1066] INFO  impl.RaftServerImpl (ServerState.java:setLeader(256)) - 7c107f1d-8592-48e3-af71-5982c0af1f56@group-F56D0DE279E4: change Leader from null to 7c107f1d-8592-48e3-af71-5982c0af1f56 at term 1 for becomeLeader, leader elected after 34ms
2019-10-21 23:03:16,242 [7c107f1d-8592-48e3-af71-5982c0af1f56@group-F56D0DE279E4-LeaderElection1066] INFO  server.RaftServerConfigKeys (ConfUtils.java:logGet(43)) - raft.server.staging.catchup.gap = 1000 (default)
2019-10-21 23:03:16,242 [7c107f1d-8592-48e3-af71-5982c0af1f56@group-F56D0DE279E4-LeaderElection1066] INFO  server.RaftServerConfigKeys (ConfUtils.java:logGet(43)) - raft.server.rpc.sleep.time = 25ms (default)
2019-10-21 23:03:16,242 [7c107f1d-8592-48e3-af71-5982c0af1f56@group-F56D0DE279E4-LeaderElection1066] INFO  server.RaftServerConfigKeys (ConfUtils.java:logGet(43)) - raft.server.write.element-limit = 4096 (default)
2019-10-21 23:03:16,242 [7c107f1d-8592-48e3-af71-5982c0af1f56@group-F56D0DE279E4-LeaderElection1066] INFO  server.RaftServerConfigKeys (ConfUtils.java:logGet(43)) - raft.server.watch.timeout = 10s (default)
2019-10-21 23:03:16,243 [7c107f1d-8592-48e3-af71-5982c0af1f56@group-F56D0DE279E4-LeaderElection1066] INFO  server.RaftServerConfigKeys (ConfUtils.java:logGet(43)) - raft.server.watch.timeout.denomination = 1s (default)
2019-10-21 23:03:16,243 [7c107f1d-8592-48e3-af71-5982c0af1f56@group-F56D0DE279E4-LeaderElection1066] INFO  server.RaftServerConfigKeys (ConfUtils.java:logGet(43)) - raft.server.watch.element-limit = 65536 (default)
2019-10-21 23:03:16,244 [7c107f1d-8592-48e3-af71-5982c0af1f56@group-F56D0DE279E4-LeaderElection1066] INFO  impl.RoleInfo (RoleInfo.java:updateAndGet(143)) - 7c107f1d-8592-48e3-af71-5982c0af1f56: start LeaderState
2019-10-21 23:03:16,244 [7c107f1d-8592-48e3-af71-5982c0af1f56@group-F56D0DE279E4-LeaderElection1066] INFO  segmented.SegmentedRaftLogWorker (SegmentedRaftLogWorker.java:startLogSegment(385)) - 7c107f1d-8592-48e3-af71-5982c0af1f56@group-F56D0DE279E4-SegmentedRaftLogWorker: Starting segment from index:0
2019-10-21 23:03:16,245 [7c107f1d-8592-48e3-af71-5982c0af1f56@group-F56D0DE279E4-LeaderElection1066] INFO  impl.RaftServerImpl (ServerState.java:setRaftConf(357)) - 7c107f1d-8592-48e3-af71-5982c0af1f56@group-F56D0DE279E4: set configuration 0: [7c107f1d-8592-48e3-af71-5982c0af1f56:192.168.69.118:36514], old=null at 0
2019-10-21 23:03:16,274 [pool-521-thread-1] INFO  storage.RaftStorage (RaftStorage.java:format(84)) - Storage directory /workdir/hadoop-ozone/integration-test/target/test-dir/MiniOzoneClusterImpl-d9aa8a4b-930f-46eb-8e95-9ce1bbfd2407/datanode-1/data/ratis/fa4dd112-a2f1-4c6c-bfd7-e771d32ed872 has been successfully formatted.
2019-10-21 23:03:16,274 [pool-521-thread-1] INFO  ratis.ContainerStateMachine (ContainerStateMachine.java:loadSnapshot(231)) - group-E771D32ED872: The snapshot info is null. Setting the last applied indexto:(t:0, i:~)
2019-10-21 23:03:16,274 [pool-521-thread-1] INFO  server.RaftServerConfigKeys (ConfUtils.java:logGet(43)) - raft.server.notification.no-leader.timeout = 120s (custom)
2019-10-21 23:03:16,274 [pool-521-thread-1] INFO  server.RaftServerConfigKeys (ConfUtils.java:logGet(43)) - raft.server.log.use.memory = false (default)
2019-10-21 23:03:16,275 [pool-521-thread-1] INFO  server.RaftServerConfigKeys (ConfUtils.java:logGet(43)) - raft.server.log.purge.gap = 1000000 (custom)
2019-10-21 23:03:16,275 [pool-521-thread-1] INFO  server.RaftServerConfigKeys (ConfUtils.java:logGet(43)) - raft.server.log.appender.buffer.byte-limit = 33554432 (custom)
2019-10-21 23:03:16,275 [pool-521-thread-1] INFO  server.RaftServerConfigKeys (ConfUtils.java:logGet(43)) - raft.server.log.segment.size.max = 1048576 (custom)
2019-10-21 23:03:16,276 [pool-521-thread-1] INFO  server.RaftServerConfigKeys (ConfUtils.java:logGet(43)) - raft.server.log.segment.cache.num.max = 2 (custom)
2019-10-21 23:03:16,276 [pool-521-thread-1] INFO  segmented.SegmentedRaftLogWorker (SegmentedRaftLogWorker.java:<init>(173)) - new d10c8639-03b1-4f19-ac0f-6419d7578d59@group-E771D32ED872-SegmentedRaftLogWorker for RaftStorage:Storage Directory /workdir/hadoop-ozone/integration-test/target/test-dir/MiniOzoneClusterImpl-d9aa8a4b-930f-46eb-8e95-9ce1bbfd2407/datanode-1/data/ratis/fa4dd112-a2f1-4c6c-bfd7-e771d32ed872
2019-10-21 23:03:16,276 [pool-521-thread-1] INFO  server.RaftServerConfigKeys (ConfUtils.java:logGet(43)) - raft.server.log.queue.byte-limit = 2147483647 (custom)
2019-10-21 23:03:16,276 [pool-521-thread-1] INFO  server.RaftServerConfigKeys (ConfUtils.java:logGet(43)) - raft.server.log.queue.element-limit = 1024 (custom)
2019-10-21 23:03:16,277 [pool-521-thread-1] INFO  server.RaftServerConfigKeys (ConfUtils.java:logGet(43)) - raft.server.log.segment.size.max = 1048576 (custom)
2019-10-21 23:03:16,277 [pool-521-thread-1] INFO  server.RaftServerConfigKeys (ConfUtils.java:logGet(43)) - raft.server.log.preallocated.size = 16384 (custom)
2019-10-21 23:03:16,277 [pool-521-thread-1] INFO  server.RaftServerConfigKeys (ConfUtils.java:logGet(43)) - raft.server.log.write.buffer.size = 33554432 (custom)
2019-10-21 23:03:16,277 [pool-521-thread-1] INFO  server.RaftServerConfigKeys (ConfUtils.java:logGet(43)) - raft.server.log.force.sync.num = 128 (default)
2019-10-21 23:03:16,277 [pool-521-thread-1] INFO  server.RaftServerConfigKeys (ConfUtils.java:logGet(43)) - raft.server.log.statemachine.data.sync = true (default)
2019-10-21 23:03:16,277 [pool-521-thread-1] INFO  server.RaftServerConfigKeys (ConfUtils.java:logGet(43)) - raft.server.log.statemachine.data.sync.timeout = 10s (default)
2019-10-21 23:03:16,277 [pool-521-thread-1] INFO  server.RaftServerConfigKeys (ConfUtils.java:logGet(43)) - raft.server.log.statemachine.data.sync.timeout.retry = -1 (default)
2019-10-21 23:03:16,277 [pool-521-thread-1] INFO  server.RaftServerConfigKeys (ConfUtils.java:logGet(43)) - raft.server.log.statemachine.data.caching.enabled = true (custom)
2019-10-21 23:03:16,278 [pool-521-thread-1] INFO  segmented.SegmentedRaftLogWorker (SegmentedRaftLogWorker.java:lambda$new$0(128)) - d10c8639-03b1-4f19-ac0f-6419d7578d59@group-E771D32ED872-SegmentedRaftLogWorker: flushIndex: setUnconditionally 0 -> -1
2019-10-21 23:03:16,278 [pool-521-thread-1] INFO  server.RaftServerConfigKeys (ConfUtils.java:logGet(43)) - raft.server.snapshot.auto.trigger.enabled = true (custom)
2019-10-21 23:03:16,278 [pool-521-thread-1] INFO  server.RaftServerConfigKeys (ConfUtils.java:logGet(43)) - raft.server.snapshot.auto.trigger.threshold = 10000 (custom)
2019-10-21 23:03:16,278 [pool-521-thread-1] INFO  server.RaftServerConfigKeys (ConfUtils.java:logGet(43)) - raft.server.snapshot.retention.file.num = 5 (custom)
2019-10-21 23:03:16,278 [pool-521-thread-1] INFO  server.RaftServerConfigKeys (ConfUtils.java:logGet(43)) - raft.server.retrycache.expirytime = 600000ms (custom)
2019-10-21 23:03:16,281 [pool-521-thread-1] INFO  impl.RaftServerImpl (RaftServerImpl.java:start(195)) - d10c8639-03b1-4f19-ac0f-6419d7578d59@group-E771D32ED872: start as a follower, conf=-1: [d10c8639-03b1-4f19-ac0f-6419d7578d59:192.168.69.118:37568], old=null
2019-10-21 23:03:16,281 [pool-521-thread-1] INFO  impl.RaftServerImpl (RaftServerImpl.java:setRole(184)) - d10c8639-03b1-4f19-ac0f-6419d7578d59@group-E771D32ED872: changes role from      null to FOLLOWER at term 0 for startAsFollower
2019-10-21 23:03:16,281 [pool-521-thread-1] INFO  impl.RoleInfo (RoleInfo.java:updateAndGet(143)) - d10c8639-03b1-4f19-ac0f-6419d7578d59: start FollowerState
2019-10-21 23:03:16,282 [pool-521-thread-1] INFO  util.JmxRegister (JmxRegister.java:tryRegister(44)) - Successfully registered JMX Bean with object name Ratis:service=RaftServer,group=group-E771D32ED872,id=d10c8639-03b1-4f19-ac0f-6419d7578d59
2019-10-21 23:03:16,285 [RatisPipelineUtilsThread] INFO  pipeline.PipelineStateManager (PipelineStateManager.java:addPipeline(56)) - Created pipeline Pipeline[ Id: fa4dd112-a2f1-4c6c-bfd7-e771d32ed872, Nodes: d10c8639-03b1-4f19-ac0f-6419d7578d59{ip: 192.168.69.118, host: pr-hdds-2131-w2fms-3313293055, networkLocation: /rack1, certSerialId: null}, Type:RATIS, Factor:ONE, State:OPEN]
2019-10-21 23:03:16,288 [7c107f1d-8592-48e3-af71-5982c0af1f56@group-F56D0DE279E4-SegmentedRaftLogWorker] INFO  segmented.SegmentedRaftLogWorker (SegmentedRaftLogWorker.java:execute(576)) - 7c107f1d-8592-48e3-af71-5982c0af1f56@group-F56D0DE279E4-SegmentedRaftLogWorker: created new log segment /workdir/hadoop-ozone/integration-test/target/test-dir/MiniOzoneClusterImpl-d9aa8a4b-930f-46eb-8e95-9ce1bbfd2407/datanode-0/data/ratis/527c310a-d609-4afb-9e5d-f56d0de279e4/current/log_inprogress_0
2019-10-21 23:03:16,298 [IPC Server handler 5 on 43510] INFO  net.NetworkTopology (NetworkTopologyImpl.java:add(111)) - Added a new node: /rack1/1244ca21-2158-4cc7-9e07-ba347e145504
2019-10-21 23:03:16,298 [IPC Server handler 5 on 43510] INFO  node.SCMNodeManager (SCMNodeManager.java:register(268)) - Registered Data node : 1244ca21-2158-4cc7-9e07-ba347e145504{ip: 192.168.69.118, host: pr-hdds-2131-w2fms-3313293055, networkLocation: /rack1, certSerialId: null}
2019-10-21 23:03:16,306 [grpc-default-executor-0] INFO  impl.RaftServerProxy (RaftServerProxy.java:addNew(89)) - 7c107f1d-8592-48e3-af71-5982c0af1f56: addNew group-C1C12825AC52:[1244ca21-2158-4cc7-9e07-ba347e145504:192.168.69.118:43370, 7c107f1d-8592-48e3-af71-5982c0af1f56:192.168.69.118:36514, d10c8639-03b1-4f19-ac0f-6419d7578d59:192.168.69.118:37568] returns group-C1C12825AC52:java.util.concurrent.CompletableFuture@104ba9d3[Not completed]
2019-10-21 23:03:16,306 [grpc-default-executor-5] INFO  impl.RaftServerProxy (RaftServerProxy.java:addNew(89)) - d10c8639-03b1-4f19-ac0f-6419d7578d59: addNew group-C1C12825AC52:[1244ca21-2158-4cc7-9e07-ba347e145504:192.168.69.118:43370, 7c107f1d-8592-48e3-af71-5982c0af1f56:192.168.69.118:36514, d10c8639-03b1-4f19-ac0f-6419d7578d59:192.168.69.118:37568] returns group-C1C12825AC52:java.util.concurrent.CompletableFuture@1aff8cb7[Not completed]
2019-10-21 23:03:16,309 [grpc-default-executor-5] INFO  impl.RaftServerProxy (RaftServerProxy.java:addNew(89)) - 1244ca21-2158-4cc7-9e07-ba347e145504: addNew group-C1C12825AC52:[1244ca21-2158-4cc7-9e07-ba347e145504:192.168.69.118:43370, 7c107f1d-8592-48e3-af71-5982c0af1f56:192.168.69.118:36514, d10c8639-03b1-4f19-ac0f-6419d7578d59:192.168.69.118:37568] returns group-C1C12825AC52:java.util.concurrent.CompletableFuture@27ca451c[Not completed]
2019-10-21 23:03:16,309 [pool-511-thread-1] INFO  impl.RaftServerImpl (RaftServerImpl.java:<init>(104)) - 7c107f1d-8592-48e3-af71-5982c0af1f56: new RaftServerImpl for group-C1C12825AC52:[1244ca21-2158-4cc7-9e07-ba347e145504:192.168.69.118:43370, 7c107f1d-8592-48e3-af71-5982c0af1f56:192.168.69.118:36514, d10c8639-03b1-4f19-ac0f-6419d7578d59:192.168.69.118:37568] with ContainerStateMachine:uninitialized
2019-10-21 23:03:16,309 [pool-511-thread-1] INFO  server.RaftServerConfigKeys (ConfUtils.java:logGet(43)) - raft.server.rpc.timeout.min = 1s (custom)
2019-10-21 23:03:16,309 [pool-511-thread-1] INFO  server.RaftServerConfigKeys (ConfUtils.java:logGet(43)) - raft.server.rpc.timeout.max = 1200ms (custom)
2019-10-21 23:03:16,309 [pool-511-thread-1] INFO  server.RaftServerConfigKeys (ConfUtils.java:logGet(43)) - raft.server.rpcslowness.timeout = 120s (custom)
2019-10-21 23:03:16,309 [pool-511-thread-1] INFO  server.RaftServerConfigKeys (ConfUtils.java:logGet(43)) - raft.server.sleep.deviation.threshold = 300 (default)
2019-10-21 23:03:16,309 [pool-511-thread-1] INFO  server.RaftServerConfigKeys (ConfUtils.java:logGet(43)) - raft.server.log.appender.install.snapshot.enabled = false (custom)
2019-10-21 23:03:16,309 [pool-521-thread-1] INFO  impl.RaftServerImpl (RaftServerImpl.java:<init>(104)) - d10c8639-03b1-4f19-ac0f-6419d7578d59: new RaftServerImpl for group-C1C12825AC52:[1244ca21-2158-4cc7-9e07-ba347e145504:192.168.69.118:43370, 7c107f1d-8592-48e3-af71-5982c0af1f56:192.168.69.118:36514, d10c8639-03b1-4f19-ac0f-6419d7578d59:192.168.69.118:37568] with ContainerStateMachine:uninitialized
2019-10-21 23:03:16,309 [pool-511-thread-1] INFO  impl.RaftServerImpl (ServerState.java:<init>(103)) - 7c107f1d-8592-48e3-af71-5982c0af1f56@group-C1C12825AC52: ConfigurationManager, init=-1: [1244ca21-2158-4cc7-9e07-ba347e145504:192.168.69.118:43370, 7c107f1d-8592-48e3-af71-5982c0af1f56:192.168.69.118:36514, d10c8639-03b1-4f19-ac0f-6419d7578d59:192.168.69.118:37568], old=null, confs=<EMPTY_MAP>
2019-10-21 23:03:16,309 [pool-521-thread-1] INFO  server.RaftServerConfigKeys (ConfUtils.java:logGet(43)) - raft.server.rpc.timeout.min = 1s (custom)
2019-10-21 23:03:16,310 [pool-511-thread-1] INFO  server.RaftServerConfigKeys (ConfUtils.java:logGet(43)) - raft.server.storage.dir = [/workdir/hadoop-ozone/integration-test/target/test-dir/MiniOzoneClusterImpl-d9aa8a4b-930f-46eb-8e95-9ce1bbfd2407/datanode-0/data/ratis] (custom)
2019-10-21 23:03:16,310 [pool-521-thread-1] INFO  server.RaftServerConfigKeys (ConfUtils.java:logGet(43)) - raft.server.rpc.timeout.max = 1200ms (custom)
2019-10-21 23:03:16,310 [pool-521-thread-1] INFO  server.RaftServerConfigKeys (ConfUtils.java:logGet(43)) - raft.server.rpcslowness.timeout = 120s (custom)
2019-10-21 23:03:16,310 [pool-511-thread-1] INFO  server.RaftServerConfigKeys (ConfUtils.java:logGet(43)) - raft.server.log.corruption.policy = EXCEPTION (default)
2019-10-21 23:03:16,310 [pool-521-thread-1] INFO  server.RaftServerConfigKeys (ConfUtils.java:logGet(43)) - raft.server.sleep.deviation.threshold = 300 (default)
2019-10-21 23:03:16,310 [pool-521-thread-1] INFO  server.RaftServerConfigKeys (ConfUtils.java:logGet(43)) - raft.server.log.appender.install.snapshot.enabled = false (custom)
2019-10-21 23:03:16,310 [pool-511-thread-1] INFO  storage.RaftStorageDirectory (RaftStorageDirectory.java:analyzeStorage(246)) - The storage directory /workdir/hadoop-ozone/integration-test/target/test-dir/MiniOzoneClusterImpl-d9aa8a4b-930f-46eb-8e95-9ce1bbfd2407/datanode-0/data/ratis/d799179c-eb37-40a5-b454-c1c12825ac52 does not exist. Creating ...
2019-10-21 23:03:16,310 [pool-531-thread-1] INFO  impl.RaftServerImpl (RaftServerImpl.java:<init>(104)) - 1244ca21-2158-4cc7-9e07-ba347e145504: new RaftServerImpl for group-C1C12825AC52:[1244ca21-2158-4cc7-9e07-ba347e145504:192.168.69.118:43370, 7c107f1d-8592-48e3-af71-5982c0af1f56:192.168.69.118:36514, d10c8639-03b1-4f19-ac0f-6419d7578d59:192.168.69.118:37568] with ContainerStateMachine:uninitialized
2019-10-21 23:03:16,310 [pool-521-thread-1] INFO  impl.RaftServerImpl (ServerState.java:<init>(103)) - d10c8639-03b1-4f19-ac0f-6419d7578d59@group-C1C12825AC52: ConfigurationManager, init=-1: [1244ca21-2158-4cc7-9e07-ba347e145504:192.168.69.118:43370, 7c107f1d-8592-48e3-af71-5982c0af1f56:192.168.69.118:36514, d10c8639-03b1-4f19-ac0f-6419d7578d59:192.168.69.118:37568], old=null, confs=<EMPTY_MAP>
2019-10-21 23:03:16,310 [pool-531-thread-1] INFO  server.RaftServerConfigKeys (ConfUtils.java:logGet(43)) - raft.server.rpc.timeout.min = 1s (custom)
2019-10-21 23:03:16,310 [pool-521-thread-1] INFO  server.RaftServerConfigKeys (ConfUtils.java:logGet(43)) - raft.server.storage.dir = [/workdir/hadoop-ozone/integration-test/target/test-dir/MiniOzoneClusterImpl-d9aa8a4b-930f-46eb-8e95-9ce1bbfd2407/datanode-1/data/ratis] (custom)
2019-10-21 23:03:16,311 [pool-531-thread-1] INFO  server.RaftServerConfigKeys (ConfUtils.java:logGet(43)) - raft.server.rpc.timeout.max = 1200ms (custom)
2019-10-21 23:03:16,311 [pool-521-thread-1] INFO  server.RaftServerConfigKeys (ConfUtils.java:logGet(43)) - raft.server.log.corruption.policy = EXCEPTION (default)
2019-10-21 23:03:16,311 [pool-531-thread-1] INFO  server.RaftServerConfigKeys (ConfUtils.java:logGet(43)) - raft.server.rpcslowness.timeout = 120s (custom)
2019-10-21 23:03:16,311 [pool-521-thread-1] INFO  storage.RaftStorageDirectory (RaftStorageDirectory.java:analyzeStorage(246)) - The storage directory /workdir/hadoop-ozone/integration-test/target/test-dir/MiniOzoneClusterImpl-d9aa8a4b-930f-46eb-8e95-9ce1bbfd2407/datanode-1/data/ratis/d799179c-eb37-40a5-b454-c1c12825ac52 does not exist. Creating ...
2019-10-21 23:03:16,311 [pool-531-thread-1] INFO  server.RaftServerConfigKeys (ConfUtils.java:logGet(43)) - raft.server.sleep.deviation.threshold = 300 (default)
2019-10-21 23:03:16,311 [pool-531-thread-1] INFO  server.RaftServerConfigKeys (ConfUtils.java:logGet(43)) - raft.server.log.appender.install.snapshot.enabled = false (custom)
2019-10-21 23:03:16,311 [pool-531-thread-1] INFO  impl.RaftServerImpl (ServerState.java:<init>(103)) - 1244ca21-2158-4cc7-9e07-ba347e145504@group-C1C12825AC52: ConfigurationManager, init=-1: [1244ca21-2158-4cc7-9e07-ba347e145504:192.168.69.118:43370, 7c107f1d-8592-48e3-af71-5982c0af1f56:192.168.69.118:36514, d10c8639-03b1-4f19-ac0f-6419d7578d59:192.168.69.118:37568], old=null, confs=<EMPTY_MAP>
2019-10-21 23:03:16,311 [pool-531-thread-1] INFO  server.RaftServerConfigKeys (ConfUtils.java:logGet(43)) - raft.server.storage.dir = [/workdir/hadoop-ozone/integration-test/target/test-dir/MiniOzoneClusterImpl-d9aa8a4b-930f-46eb-8e95-9ce1bbfd2407/datanode-2/data/ratis] (custom)
2019-10-21 23:03:16,312 [pool-531-thread-1] INFO  server.RaftServerConfigKeys (ConfUtils.java:logGet(43)) - raft.server.log.corruption.policy = EXCEPTION (default)
2019-10-21 23:03:16,312 [pool-531-thread-1] INFO  storage.RaftStorageDirectory (RaftStorageDirectory.java:analyzeStorage(246)) - The storage directory /workdir/hadoop-ozone/integration-test/target/test-dir/MiniOzoneClusterImpl-d9aa8a4b-930f-46eb-8e95-9ce1bbfd2407/datanode-2/data/ratis/d799179c-eb37-40a5-b454-c1c12825ac52 does not exist. Creating ...
2019-10-21 23:03:16,323 [pool-521-thread-1] INFO  storage.RaftStorageDirectory (RaftStorageDirectory.java:tryLock(328)) - Lock on /workdir/hadoop-ozone/integration-test/target/test-dir/MiniOzoneClusterImpl-d9aa8a4b-930f-46eb-8e95-9ce1bbfd2407/datanode-1/data/ratis/d799179c-eb37-40a5-b454-c1c12825ac52/in_use.lock acquired by nodename 10674@pr-hdds-2131-w2fms-3313293055
2019-10-21 23:03:16,323 [pool-531-thread-1] INFO  storage.RaftStorageDirectory (RaftStorageDirectory.java:tryLock(328)) - Lock on /workdir/hadoop-ozone/integration-test/target/test-dir/MiniOzoneClusterImpl-d9aa8a4b-930f-46eb-8e95-9ce1bbfd2407/datanode-2/data/ratis/d799179c-eb37-40a5-b454-c1c12825ac52/in_use.lock acquired by nodename 10674@pr-hdds-2131-w2fms-3313293055
2019-10-21 23:03:16,323 [pool-511-thread-1] INFO  storage.RaftStorageDirectory (RaftStorageDirectory.java:tryLock(328)) - Lock on /workdir/hadoop-ozone/integration-test/target/test-dir/MiniOzoneClusterImpl-d9aa8a4b-930f-46eb-8e95-9ce1bbfd2407/datanode-0/data/ratis/d799179c-eb37-40a5-b454-c1c12825ac52/in_use.lock acquired by nodename 10674@pr-hdds-2131-w2fms-3313293055
2019-10-21 23:03:16,338 [pool-511-thread-1] INFO  storage.RaftStorage (RaftStorage.java:format(84)) - Storage directory /workdir/hadoop-ozone/integration-test/target/test-dir/MiniOzoneClusterImpl-d9aa8a4b-930f-46eb-8e95-9ce1bbfd2407/datanode-0/data/ratis/d799179c-eb37-40a5-b454-c1c12825ac52 has been successfully formatted.
2019-10-21 23:03:16,338 [pool-531-thread-1] INFO  storage.RaftStorage (RaftStorage.java:format(84)) - Storage directory /workdir/hadoop-ozone/integration-test/target/test-dir/MiniOzoneClusterImpl-d9aa8a4b-930f-46eb-8e95-9ce1bbfd2407/datanode-2/data/ratis/d799179c-eb37-40a5-b454-c1c12825ac52 has been successfully formatted.
2019-10-21 23:03:16,338 [pool-521-thread-1] INFO  storage.RaftStorage (RaftStorage.java:format(84)) - Storage directory /workdir/hadoop-ozone/integration-test/target/test-dir/MiniOzoneClusterImpl-d9aa8a4b-930f-46eb-8e95-9ce1bbfd2407/datanode-1/data/ratis/d799179c-eb37-40a5-b454-c1c12825ac52 has been successfully formatted.
2019-10-21 23:03:16,338 [pool-511-thread-1] INFO  ratis.ContainerStateMachine (ContainerStateMachine.java:loadSnapshot(231)) - group-C1C12825AC52: The snapshot info is null. Setting the last applied indexto:(t:0, i:~)
2019-10-21 23:03:16,338 [pool-521-thread-1] INFO  ratis.ContainerStateMachine (ContainerStateMachine.java:loadSnapshot(231)) - group-C1C12825AC52: The snapshot info is null. Setting the last applied indexto:(t:0, i:~)
2019-10-21 23:03:16,338 [pool-531-thread-1] INFO  ratis.ContainerStateMachine (ContainerStateMachine.java:loadSnapshot(231)) - group-C1C12825AC52: The snapshot info is null. Setting the last applied indexto:(t:0, i:~)
2019-10-21 23:03:16,339 [pool-521-thread-1] INFO  server.RaftServerConfigKeys (ConfUtils.java:logGet(43)) - raft.server.notification.no-leader.timeout = 120s (custom)
2019-10-21 23:03:16,338 [pool-511-thread-1] INFO  server.RaftServerConfigKeys (ConfUtils.java:logGet(43)) - raft.server.notification.no-leader.timeout = 120s (custom)
2019-10-21 23:03:16,339 [pool-521-thread-1] INFO  server.RaftServerConfigKeys (ConfUtils.java:logGet(43)) - raft.server.log.use.memory = false (default)
2019-10-21 23:03:16,339 [pool-531-thread-1] INFO  server.RaftServerConfigKeys (ConfUtils.java:logGet(43)) - raft.server.notification.no-leader.timeout = 120s (custom)
2019-10-21 23:03:16,339 [pool-521-thread-1] INFO  server.RaftServerConfigKeys (ConfUtils.java:logGet(43)) - raft.server.log.purge.gap = 1000000 (custom)
2019-10-21 23:03:16,339 [pool-511-thread-1] INFO  server.RaftServerConfigKeys (ConfUtils.java:logGet(43)) - raft.server.log.use.memory = false (default)
2019-10-21 23:03:16,339 [pool-521-thread-1] INFO  server.RaftServerConfigKeys (ConfUtils.java:logGet(43)) - raft.server.log.appender.buffer.byte-limit = 33554432 (custom)
2019-10-21 23:03:16,339 [pool-531-thread-1] INFO  server.RaftServerConfigKeys (ConfUtils.java:logGet(43)) - raft.server.log.use.memory = false (default)
2019-10-21 23:03:16,339 [pool-521-thread-1] INFO  server.RaftServerConfigKeys (ConfUtils.java:logGet(43)) - raft.server.log.segment.size.max = 1048576 (custom)
2019-10-21 23:03:16,339 [pool-511-thread-1] INFO  server.RaftServerConfigKeys (ConfUtils.java:logGet(43)) - raft.server.log.purge.gap = 1000000 (custom)
2019-10-21 23:03:16,340 [pool-521-thread-1] INFO  server.RaftServerConfigKeys (ConfUtils.java:logGet(43)) - raft.server.log.segment.cache.num.max = 2 (custom)
2019-10-21 23:03:16,339 [pool-531-thread-1] INFO  server.RaftServerConfigKeys (ConfUtils.java:logGet(43)) - raft.server.log.purge.gap = 1000000 (custom)
2019-10-21 23:03:16,340 [pool-521-thread-1] INFO  segmented.SegmentedRaftLogWorker (SegmentedRaftLogWorker.java:<init>(173)) - new d10c8639-03b1-4f19-ac0f-6419d7578d59@group-C1C12825AC52-SegmentedRaftLogWorker for RaftStorage:Storage Directory /workdir/hadoop-ozone/integration-test/target/test-dir/MiniOzoneClusterImpl-d9aa8a4b-930f-46eb-8e95-9ce1bbfd2407/datanode-1/data/ratis/d799179c-eb37-40a5-b454-c1c12825ac52
2019-10-21 23:03:16,340 [pool-511-thread-1] INFO  server.RaftServerConfigKeys (ConfUtils.java:logGet(43)) - raft.server.log.appender.buffer.byte-limit = 33554432 (custom)
2019-10-21 23:03:16,340 [pool-521-thread-1] INFO  server.RaftServerConfigKeys (ConfUtils.java:logGet(43)) - raft.server.log.queue.byte-limit = 2147483647 (custom)
2019-10-21 23:03:16,340 [pool-531-thread-1] INFO  server.RaftServerConfigKeys (ConfUtils.java:logGet(43)) - raft.server.log.appender.buffer.byte-limit = 33554432 (custom)
2019-10-21 23:03:16,340 [pool-521-thread-1] INFO  server.RaftServerConfigKeys (ConfUtils.java:logGet(43)) - raft.server.log.queue.element-limit = 1024 (custom)
2019-10-21 23:03:16,340 [pool-511-thread-1] INFO  server.RaftServerConfigKeys (ConfUtils.java:logGet(43)) - raft.server.log.segment.size.max = 1048576 (custom)
2019-10-21 23:03:16,340 [pool-521-thread-1] INFO  server.RaftServerConfigKeys (ConfUtils.java:logGet(43)) - raft.server.log.segment.size.max = 1048576 (custom)
2019-10-21 23:03:16,340 [pool-531-thread-1] INFO  server.RaftServerConfigKeys (ConfUtils.java:logGet(43)) - raft.server.log.segment.size.max = 1048576 (custom)
2019-10-21 23:03:16,341 [pool-521-thread-1] INFO  server.RaftServerConfigKeys (ConfUtils.java:logGet(43)) - raft.server.log.preallocated.size = 16384 (custom)
2019-10-21 23:03:16,340 [pool-511-thread-1] INFO  server.RaftServerConfigKeys (ConfUtils.java:logGet(43)) - raft.server.log.segment.cache.num.max = 2 (custom)
2019-10-21 23:03:16,341 [pool-521-thread-1] INFO  server.RaftServerConfigKeys (ConfUtils.java:logGet(43)) - raft.server.log.write.buffer.size = 33554432 (custom)
2019-10-21 23:03:16,341 [pool-521-thread-1] INFO  server.RaftServerConfigKeys (ConfUtils.java:logGet(43)) - raft.server.log.force.sync.num = 128 (default)
2019-10-21 23:03:16,341 [pool-511-thread-1] INFO  segmented.SegmentedRaftLogWorker (SegmentedRaftLogWorker.java:<init>(173)) - new 7c107f1d-8592-48e3-af71-5982c0af1f56@group-C1C12825AC52-SegmentedRaftLogWorker for RaftStorage:Storage Directory /workdir/hadoop-ozone/integration-test/target/test-dir/MiniOzoneClusterImpl-d9aa8a4b-930f-46eb-8e95-9ce1bbfd2407/datanode-0/data/ratis/d799179c-eb37-40a5-b454-c1c12825ac52
2019-10-21 23:03:16,341 [pool-521-thread-1] INFO  server.RaftServerConfigKeys (ConfUtils.java:logGet(43)) - raft.server.log.statemachine.data.sync = true (default)
2019-10-21 23:03:16,341 [pool-511-thread-1] INFO  server.RaftServerConfigKeys (ConfUtils.java:logGet(43)) - raft.server.log.queue.byte-limit = 2147483647 (custom)
2019-10-21 23:03:16,341 [pool-521-thread-1] INFO  server.RaftServerConfigKeys (ConfUtils.java:logGet(43)) - raft.server.log.statemachine.data.sync.timeout = 10s (default)
2019-10-21 23:03:16,341 [pool-511-thread-1] INFO  server.RaftServerConfigKeys (ConfUtils.java:logGet(43)) - raft.server.log.queue.element-limit = 1024 (custom)
2019-10-21 23:03:16,341 [pool-521-thread-1] INFO  server.RaftServerConfigKeys (ConfUtils.java:logGet(43)) - raft.server.log.statemachine.data.sync.timeout.retry = -1 (default)
2019-10-21 23:03:16,341 [pool-511-thread-1] INFO  server.RaftServerConfigKeys (ConfUtils.java:logGet(43)) - raft.server.log.segment.size.max = 1048576 (custom)
2019-10-21 23:03:16,342 [pool-521-thread-1] INFO  server.RaftServerConfigKeys (ConfUtils.java:logGet(43)) - raft.server.log.statemachine.data.caching.enabled = true (custom)
2019-10-21 23:03:16,342 [pool-511-thread-1] INFO  server.RaftServerConfigKeys (ConfUtils.java:logGet(43)) - raft.server.log.preallocated.size = 16384 (custom)
2019-10-21 23:03:16,342 [pool-511-thread-1] INFO  server.RaftServerConfigKeys (ConfUtils.java:logGet(43)) - raft.server.log.write.buffer.size = 33554432 (custom)
2019-10-21 23:03:16,342 [pool-521-thread-1] INFO  segmented.SegmentedRaftLogWorker (SegmentedRaftLogWorker.java:lambda$new$0(128)) - d10c8639-03b1-4f19-ac0f-6419d7578d59@group-C1C12825AC52-SegmentedRaftLogWorker: flushIndex: setUnconditionally 0 -> -1
2019-10-21 23:03:16,342 [pool-511-thread-1] INFO  server.RaftServerConfigKeys (ConfUtils.java:logGet(43)) - raft.server.log.force.sync.num = 128 (default)
2019-10-21 23:03:16,342 [pool-511-thread-1] INFO  server.RaftServerConfigKeys (ConfUtils.java:logGet(43)) - raft.server.log.statemachine.data.sync = true (default)
2019-10-21 23:03:16,342 [pool-521-thread-1] INFO  server.RaftServerConfigKeys (ConfUtils.java:logGet(43)) - raft.server.snapshot.auto.trigger.enabled = true (custom)
2019-10-21 23:03:16,342 [pool-511-thread-1] INFO  server.RaftServerConfigKeys (ConfUtils.java:logGet(43)) - raft.server.log.statemachine.data.sync.timeout = 10s (default)
2019-10-21 23:03:16,342 [pool-521-thread-1] INFO  server.RaftServerConfigKeys (ConfUtils.java:logGet(43)) - raft.server.snapshot.auto.trigger.threshold = 10000 (custom)
2019-10-21 23:03:16,342 [pool-511-thread-1] INFO  server.RaftServerConfigKeys (ConfUtils.java:logGet(43)) - raft.server.log.statemachine.data.sync.timeout.retry = -1 (default)
2019-10-21 23:03:16,342 [pool-521-thread-1] INFO  server.RaftServerConfigKeys (ConfUtils.java:logGet(43)) - raft.server.snapshot.retention.file.num = 5 (custom)
2019-10-21 23:03:16,343 [pool-531-thread-1] INFO  server.RaftServerConfigKeys (ConfUtils.java:logGet(43)) - raft.server.log.segment.cache.num.max = 2 (custom)
2019-10-21 23:03:16,342 [pool-511-thread-1] INFO  server.RaftServerConfigKeys (ConfUtils.java:logGet(43)) - raft.server.log.statemachine.data.caching.enabled = true (custom)
2019-10-21 23:03:16,343 [pool-531-thread-1] INFO  segmented.SegmentedRaftLogWorker (SegmentedRaftLogWorker.java:<init>(173)) - new 1244ca21-2158-4cc7-9e07-ba347e145504@group-C1C12825AC52-SegmentedRaftLogWorker for RaftStorage:Storage Directory /workdir/hadoop-ozone/integration-test/target/test-dir/MiniOzoneClusterImpl-d9aa8a4b-930f-46eb-8e95-9ce1bbfd2407/datanode-2/data/ratis/d799179c-eb37-40a5-b454-c1c12825ac52
2019-10-21 23:03:16,343 [pool-521-thread-1] INFO  server.RaftServerConfigKeys (ConfUtils.java:logGet(43)) - raft.server.retrycache.expirytime = 600000ms (custom)
2019-10-21 23:03:16,343 [pool-531-thread-1] INFO  server.RaftServerConfigKeys (ConfUtils.java:logGet(43)) - raft.server.log.queue.byte-limit = 2147483647 (custom)
2019-10-21 23:03:16,343 [pool-511-thread-1] INFO  segmented.SegmentedRaftLogWorker (SegmentedRaftLogWorker.java:lambda$new$0(128)) - 7c107f1d-8592-48e3-af71-5982c0af1f56@group-C1C12825AC52-SegmentedRaftLogWorker: flushIndex: setUnconditionally 0 -> -1
2019-10-21 23:03:16,343 [pool-531-thread-1] INFO  server.RaftServerConfigKeys (ConfUtils.java:logGet(43)) - raft.server.log.queue.element-limit = 1024 (custom)
2019-10-21 23:03:16,343 [pool-511-thread-1] INFO  server.RaftServerConfigKeys (ConfUtils.java:logGet(43)) - raft.server.snapshot.auto.trigger.enabled = true (custom)
2019-10-21 23:03:16,343 [pool-531-thread-1] INFO  server.RaftServerConfigKeys (ConfUtils.java:logGet(43)) - raft.server.log.segment.size.max = 1048576 (custom)
2019-10-21 23:03:16,343 [pool-511-thread-1] INFO  server.RaftServerConfigKeys (ConfUtils.java:logGet(43)) - raft.server.snapshot.auto.trigger.threshold = 10000 (custom)
2019-10-21 23:03:16,344 [pool-531-thread-1] INFO  server.RaftServerConfigKeys (ConfUtils.java:logGet(43)) - raft.server.log.preallocated.size = 16384 (custom)
2019-10-21 23:03:16,344 [pool-511-thread-1] INFO  server.RaftServerConfigKeys (ConfUtils.java:logGet(43)) - raft.server.snapshot.retention.file.num = 5 (custom)
2019-10-21 23:03:16,344 [pool-531-thread-1] INFO  server.RaftServerConfigKeys (ConfUtils.java:logGet(43)) - raft.server.log.write.buffer.size = 33554432 (custom)
2019-10-21 23:03:16,344 [pool-511-thread-1] INFO  server.RaftServerConfigKeys (ConfUtils.java:logGet(43)) - raft.server.retrycache.expirytime = 600000ms (custom)
2019-10-21 23:03:16,344 [pool-531-thread-1] INFO  server.RaftServerConfigKeys (ConfUtils.java:logGet(43)) - raft.server.log.force.sync.num = 128 (default)
2019-10-21 23:03:16,344 [pool-531-thread-1] INFO  server.RaftServerConfigKeys (ConfUtils.java:logGet(43)) - raft.server.log.statemachine.data.sync = true (default)
2019-10-21 23:03:16,344 [pool-521-thread-1] INFO  impl.RaftServerImpl (RaftServerImpl.java:start(195)) - d10c8639-03b1-4f19-ac0f-6419d7578d59@group-C1C12825AC52: start as a follower, conf=-1: [1244ca21-2158-4cc7-9e07-ba347e145504:192.168.69.118:43370, 7c107f1d-8592-48e3-af71-5982c0af1f56:192.168.69.118:36514, d10c8639-03b1-4f19-ac0f-6419d7578d59:192.168.69.118:37568], old=null
2019-10-21 23:03:16,344 [pool-531-thread-1] INFO  server.RaftServerConfigKeys (ConfUtils.java:logGet(43)) - raft.server.log.statemachine.data.sync.timeout = 10s (default)
2019-10-21 23:03:16,344 [pool-521-thread-1] INFO  impl.RaftServerImpl (RaftServerImpl.java:setRole(184)) - d10c8639-03b1-4f19-ac0f-6419d7578d59@group-C1C12825AC52: changes role from      null to FOLLOWER at term 0 for startAsFollower
2019-10-21 23:03:16,344 [pool-531-thread-1] INFO  server.RaftServerConfigKeys (ConfUtils.java:logGet(43)) - raft.server.log.statemachine.data.sync.timeout.retry = -1 (default)
2019-10-21 23:03:16,345 [pool-521-thread-1] INFO  impl.RoleInfo (RoleInfo.java:updateAndGet(143)) - d10c8639-03b1-4f19-ac0f-6419d7578d59: start FollowerState
2019-10-21 23:03:16,345 [pool-521-thread-1] INFO  util.JmxRegister (JmxRegister.java:tryRegister(44)) - Successfully registered JMX Bean with object name Ratis:service=RaftServer,group=group-C1C12825AC52,id=d10c8639-03b1-4f19-ac0f-6419d7578d59
2019-10-21 23:03:16,345 [pool-511-thread-1] INFO  impl.RaftServerImpl (RaftServerImpl.java:start(195)) - 7c107f1d-8592-48e3-af71-5982c0af1f56@group-C1C12825AC52: start as a follower, conf=-1: [1244ca21-2158-4cc7-9e07-ba347e145504:192.168.69.118:43370, 7c107f1d-8592-48e3-af71-5982c0af1f56:192.168.69.118:36514, d10c8639-03b1-4f19-ac0f-6419d7578d59:192.168.69.118:37568], old=null
2019-10-21 23:03:16,345 [pool-531-thread-1] INFO  server.RaftServerConfigKeys (ConfUtils.java:logGet(43)) - raft.server.log.statemachine.data.caching.enabled = true (custom)
2019-10-21 23:03:16,345 [pool-511-thread-1] INFO  impl.RaftServerImpl (RaftServerImpl.java:setRole(184)) - 7c107f1d-8592-48e3-af71-5982c0af1f56@group-C1C12825AC52: changes role from      null to FOLLOWER at term 0 for startAsFollower
2019-10-21 23:03:16,345 [pool-511-thread-1] INFO  impl.RoleInfo (RoleInfo.java:updateAndGet(143)) - 7c107f1d-8592-48e3-af71-5982c0af1f56: start FollowerState
2019-10-21 23:03:16,345 [pool-531-thread-1] INFO  segmented.SegmentedRaftLogWorker (SegmentedRaftLogWorker.java:lambda$new$0(128)) - 1244ca21-2158-4cc7-9e07-ba347e145504@group-C1C12825AC52-SegmentedRaftLogWorker: flushIndex: setUnconditionally 0 -> -1
2019-10-21 23:03:16,345 [pool-511-thread-1] INFO  util.JmxRegister (JmxRegister.java:tryRegister(44)) - Successfully registered JMX Bean with object name Ratis:service=RaftServer,group=group-C1C12825AC52,id=7c107f1d-8592-48e3-af71-5982c0af1f56
2019-10-21 23:03:16,346 [pool-531-thread-1] INFO  server.RaftServerConfigKeys (ConfUtils.java:logGet(43)) - raft.server.snapshot.auto.trigger.enabled = true (custom)
2019-10-21 23:03:16,346 [pool-531-thread-1] INFO  server.RaftServerConfigKeys (ConfUtils.java:logGet(43)) - raft.server.snapshot.auto.trigger.threshold = 10000 (custom)
2019-10-21 23:03:16,346 [pool-531-thread-1] INFO  server.RaftServerConfigKeys (ConfUtils.java:logGet(43)) - raft.server.snapshot.retention.file.num = 5 (custom)
2019-10-21 23:03:16,346 [pool-531-thread-1] INFO  server.RaftServerConfigKeys (ConfUtils.java:logGet(43)) - raft.server.retrycache.expirytime = 600000ms (custom)
2019-10-21 23:03:16,350 [pool-531-thread-1] INFO  impl.RaftServerImpl (RaftServerImpl.java:start(195)) - 1244ca21-2158-4cc7-9e07-ba347e145504@group-C1C12825AC52: start as a follower, conf=-1: [1244ca21-2158-4cc7-9e07-ba347e145504:192.168.69.118:43370, 7c107f1d-8592-48e3-af71-5982c0af1f56:192.168.69.118:36514, d10c8639-03b1-4f19-ac0f-6419d7578d59:192.168.69.118:37568], old=null
2019-10-21 23:03:16,350 [pool-531-thread-1] INFO  impl.RaftServerImpl (RaftServerImpl.java:setRole(184)) - 1244ca21-2158-4cc7-9e07-ba347e145504@group-C1C12825AC52: changes role from      null to FOLLOWER at term 0 for startAsFollower
2019-10-21 23:03:16,350 [pool-531-thread-1] INFO  impl.RoleInfo (RoleInfo.java:updateAndGet(143)) - 1244ca21-2158-4cc7-9e07-ba347e145504: start FollowerState
2019-10-21 23:03:16,351 [pool-531-thread-1] INFO  util.JmxRegister (JmxRegister.java:tryRegister(44)) - Successfully registered JMX Bean with object name Ratis:service=RaftServer,group=group-C1C12825AC52,id=1244ca21-2158-4cc7-9e07-ba347e145504
2019-10-21 23:03:16,353 [RatisPipelineUtilsThread] INFO  pipeline.PipelineStateManager (PipelineStateManager.java:addPipeline(56)) - Created pipeline Pipeline[ Id: d799179c-eb37-40a5-b454-c1c12825ac52, Nodes: d10c8639-03b1-4f19-ac0f-6419d7578d59{ip: 192.168.69.118, host: pr-hdds-2131-w2fms-3313293055, networkLocation: /rack1, certSerialId: null}7c107f1d-8592-48e3-af71-5982c0af1f56{ip: 192.168.69.118, host: pr-hdds-2131-w2fms-3313293055, networkLocation: /rack1, certSerialId: null}1244ca21-2158-4cc7-9e07-ba347e145504{ip: 192.168.69.118, host: pr-hdds-2131-w2fms-3313293055, networkLocation: /rack1, certSerialId: null}, Type:RATIS, Factor:THREE, State:OPEN]
2019-10-21 23:03:16,371 [Thread-9358] INFO  impl.FollowerState (FollowerState.java:run(108)) - 7c107f1d-8592-48e3-af71-5982c0af1f56@group-C1C12825AC52-FollowerState: change to CANDIDATE, lastRpcTime:25ms, electionTimeout:25ms
2019-10-21 23:03:16,371 [Thread-9358] INFO  impl.RoleInfo (RoleInfo.java:shutdownFollowerState(121)) - 7c107f1d-8592-48e3-af71-5982c0af1f56: shutdown FollowerState
2019-10-21 23:03:16,371 [Thread-9358] INFO  impl.RaftServerImpl (RaftServerImpl.java:setRole(184)) - 7c107f1d-8592-48e3-af71-5982c0af1f56@group-C1C12825AC52: changes role from  FOLLOWER to CANDIDATE at term 0 for changeToCandidate
2019-10-21 23:03:16,371 [Thread-9358] INFO  impl.RoleInfo (RoleInfo.java:updateAndGet(143)) - 7c107f1d-8592-48e3-af71-5982c0af1f56: start LeaderElection
2019-10-21 23:03:16,389 [7c107f1d-8592-48e3-af71-5982c0af1f56@group-C1C12825AC52-LeaderElection1067] INFO  impl.LeaderElection (LeaderElection.java:askForVotes(178)) - 7c107f1d-8592-48e3-af71-5982c0af1f56@group-C1C12825AC52-LeaderElection1067: begin an election at term 1 for -1: [1244ca21-2158-4cc7-9e07-ba347e145504:192.168.69.118:43370, 7c107f1d-8592-48e3-af71-5982c0af1f56:192.168.69.118:36514, d10c8639-03b1-4f19-ac0f-6419d7578d59:192.168.69.118:37568], old=null
2019-10-21 23:03:16,394 [grpc-default-executor-0] INFO  impl.RaftServerImpl (RaftServerImpl.java:setRole(184)) - d10c8639-03b1-4f19-ac0f-6419d7578d59@group-C1C12825AC52: changes role from  FOLLOWER to FOLLOWER at term 1 for recognizeCandidate:7c107f1d-8592-48e3-af71-5982c0af1f56
2019-10-21 23:03:16,394 [grpc-default-executor-0] INFO  impl.RoleInfo (RoleInfo.java:shutdownFollowerState(121)) - d10c8639-03b1-4f19-ac0f-6419d7578d59: shutdown FollowerState
2019-10-21 23:03:16,396 [grpc-default-executor-5] INFO  impl.RaftServerImpl (RaftServerImpl.java:setRole(184)) - 1244ca21-2158-4cc7-9e07-ba347e145504@group-C1C12825AC52: changes role from  FOLLOWER to FOLLOWER at term 1 for recognizeCandidate:7c107f1d-8592-48e3-af71-5982c0af1f56
2019-10-21 23:03:16,396 [Thread-9357] INFO  impl.FollowerState (FollowerState.java:run(117)) - d10c8639-03b1-4f19-ac0f-6419d7578d59@group-C1C12825AC52-FollowerState was interrupted: java.lang.InterruptedException: sleep interrupted
2019-10-21 23:03:16,396 [grpc-default-executor-5] INFO  impl.RoleInfo (RoleInfo.java:shutdownFollowerState(121)) - 1244ca21-2158-4cc7-9e07-ba347e145504: shutdown FollowerState
2019-10-21 23:03:16,396 [grpc-default-executor-0] INFO  impl.RoleInfo (RoleInfo.java:updateAndGet(143)) - d10c8639-03b1-4f19-ac0f-6419d7578d59: start FollowerState
2019-10-21 23:03:16,396 [Thread-9362] INFO  impl.FollowerState (FollowerState.java:run(117)) - 1244ca21-2158-4cc7-9e07-ba347e145504@group-C1C12825AC52-FollowerState was interrupted: java.lang.InterruptedException: sleep interrupted
2019-10-21 23:03:16,396 [grpc-default-executor-5] INFO  impl.RoleInfo (RoleInfo.java:updateAndGet(143)) - 1244ca21-2158-4cc7-9e07-ba347e145504: start FollowerState
2019-10-21 23:03:16,406 [7c107f1d-8592-48e3-af71-5982c0af1f56@group-C1C12825AC52-LeaderElection1067] INFO  impl.LeaderElection (LeaderElection.java:logAndReturn(56)) - 7c107f1d-8592-48e3-af71-5982c0af1f56@group-C1C12825AC52-LeaderElection1067: Election TIMEOUT; received 0 response(s) [] and 0 exception(s); 7c107f1d-8592-48e3-af71-5982c0af1f56@group-C1C12825AC52:t1, leader=null, voted=7c107f1d-8592-48e3-af71-5982c0af1f56, raftlog=7c107f1d-8592-48e3-af71-5982c0af1f56@group-C1C12825AC52-SegmentedRaftLog:OPENED:c-1,f-1,i0, conf=-1: [1244ca21-2158-4cc7-9e07-ba347e145504:192.168.69.118:43370, 7c107f1d-8592-48e3-af71-5982c0af1f56:192.168.69.118:36514, d10c8639-03b1-4f19-ac0f-6419d7578d59:192.168.69.118:37568], old=null
2019-10-21 23:03:16,411 [7c107f1d-8592-48e3-af71-5982c0af1f56@group-C1C12825AC52-LeaderElection1067] INFO  impl.LeaderElection (LeaderElection.java:askForVotes(178)) - 7c107f1d-8592-48e3-af71-5982c0af1f56@group-C1C12825AC52-LeaderElection1067: begin an election at term 2 for -1: [1244ca21-2158-4cc7-9e07-ba347e145504:192.168.69.118:43370, 7c107f1d-8592-48e3-af71-5982c0af1f56:192.168.69.118:36514, d10c8639-03b1-4f19-ac0f-6419d7578d59:192.168.69.118:37568], old=null
2019-10-21 23:03:16,413 [grpc-default-executor-0] INFO  impl.RaftServerImpl (RaftServerImpl.java:setRole(184)) - 1244ca21-2158-4cc7-9e07-ba347e145504@group-C1C12825AC52: changes role from  FOLLOWER to FOLLOWER at term 2 for recognizeCandidate:7c107f1d-8592-48e3-af71-5982c0af1f56
2019-10-21 23:03:16,414 [grpc-default-executor-0] INFO  impl.RoleInfo (RoleInfo.java:shutdownFollowerState(121)) - 1244ca21-2158-4cc7-9e07-ba347e145504: shutdown FollowerState
2019-10-21 23:03:16,414 [grpc-default-executor-0] INFO  impl.RoleInfo (RoleInfo.java:updateAndGet(143)) - 1244ca21-2158-4cc7-9e07-ba347e145504: start FollowerState
2019-10-21 23:03:16,414 [Thread-9368] INFO  impl.FollowerState (FollowerState.java:run(117)) - 1244ca21-2158-4cc7-9e07-ba347e145504@group-C1C12825AC52-FollowerState was interrupted: java.lang.InterruptedException: sleep interrupted
2019-10-21 23:03:16,415 [grpc-default-executor-5] INFO  impl.RaftServerImpl (RaftServerImpl.java:setRole(184)) - d10c8639-03b1-4f19-ac0f-6419d7578d59@group-C1C12825AC52: changes role from  FOLLOWER to FOLLOWER at term 2 for recognizeCandidate:7c107f1d-8592-48e3-af71-5982c0af1f56
2019-10-21 23:03:16,415 [grpc-default-executor-5] INFO  impl.RoleInfo (RoleInfo.java:shutdownFollowerState(121)) - d10c8639-03b1-4f19-ac0f-6419d7578d59: shutdown FollowerState
2019-10-21 23:03:16,415 [grpc-default-executor-5] INFO  impl.RoleInfo (RoleInfo.java:updateAndGet(143)) - d10c8639-03b1-4f19-ac0f-6419d7578d59: start FollowerState
2019-10-21 23:03:16,416 [Thread-9367] INFO  impl.FollowerState (FollowerState.java:run(117)) - d10c8639-03b1-4f19-ac0f-6419d7578d59@group-C1C12825AC52-FollowerState was interrupted: java.lang.InterruptedException: sleep interrupted
2019-10-21 23:03:16,420 [Thread-9353] INFO  impl.FollowerState (FollowerState.java:run(108)) - d10c8639-03b1-4f19-ac0f-6419d7578d59@group-E771D32ED872-FollowerState: change to CANDIDATE, lastRpcTime:138ms, electionTimeout:138ms
2019-10-21 23:03:16,420 [Thread-9353] INFO  impl.RoleInfo (RoleInfo.java:shutdownFollowerState(121)) - d10c8639-03b1-4f19-ac0f-6419d7578d59: shutdown FollowerState
2019-10-21 23:03:16,420 [Thread-9353] INFO  impl.RaftServerImpl (RaftServerImpl.java:setRole(184)) - d10c8639-03b1-4f19-ac0f-6419d7578d59@group-E771D32ED872: changes role from  FOLLOWER to CANDIDATE at term 0 for changeToCandidate
2019-10-21 23:03:16,420 [Thread-9353] INFO  impl.RoleInfo (RoleInfo.java:updateAndGet(143)) - d10c8639-03b1-4f19-ac0f-6419d7578d59: start LeaderElection
2019-10-21 23:03:16,428 [d10c8639-03b1-4f19-ac0f-6419d7578d59@group-E771D32ED872-LeaderElection1068] INFO  impl.LeaderElection (LeaderElection.java:askForVotes(178)) - d10c8639-03b1-4f19-ac0f-6419d7578d59@group-E771D32ED872-LeaderElection1068: begin an election at term 1 for -1: [d10c8639-03b1-4f19-ac0f-6419d7578d59:192.168.69.118:37568], old=null
2019-10-21 23:03:16,428 [d10c8639-03b1-4f19-ac0f-6419d7578d59@group-E771D32ED872-LeaderElection1068] INFO  impl.RoleInfo (RoleInfo.java:shutdownLeaderElection(134)) - d10c8639-03b1-4f19-ac0f-6419d7578d59: shutdown LeaderElection
2019-10-21 23:03:16,429 [d10c8639-03b1-4f19-ac0f-6419d7578d59@group-E771D32ED872-LeaderElection1068] INFO  impl.RaftServerImpl (RaftServerImpl.java:setRole(184)) - d10c8639-03b1-4f19-ac0f-6419d7578d59@group-E771D32ED872: changes role from CANDIDATE to LEADER at term 1 for changeToLeader
2019-10-21 23:03:16,429 [d10c8639-03b1-4f19-ac0f-6419d7578d59@group-E771D32ED872-LeaderElection1068] INFO  impl.RaftServerImpl (ServerState.java:setLeader(256)) - d10c8639-03b1-4f19-ac0f-6419d7578d59@group-E771D32ED872: change Leader from null to d10c8639-03b1-4f19-ac0f-6419d7578d59 at term 1 for becomeLeader, leader elected after 154ms
2019-10-21 23:03:16,429 [d10c8639-03b1-4f19-ac0f-6419d7578d59@group-E771D32ED872-LeaderElection1068] INFO  server.RaftServerConfigKeys (ConfUtils.java:logGet(43)) - raft.server.staging.catchup.gap = 1000 (default)
2019-10-21 23:03:16,429 [d10c8639-03b1-4f19-ac0f-6419d7578d59@group-E771D32ED872-LeaderElection1068] INFO  server.RaftServerConfigKeys (ConfUtils.java:logGet(43)) - raft.server.rpc.sleep.time = 25ms (default)
2019-10-21 23:03:16,429 [d10c8639-03b1-4f19-ac0f-6419d7578d59@group-E771D32ED872-LeaderElection1068] INFO  server.RaftServerConfigKeys (ConfUtils.java:logGet(43)) - raft.server.write.element-limit = 4096 (default)
2019-10-21 23:03:16,429 [7c107f1d-8592-48e3-af71-5982c0af1f56@group-C1C12825AC52-LeaderElection1067] INFO  impl.LeaderElection (LeaderElection.java:logAndReturn(56)) - 7c107f1d-8592-48e3-af71-5982c0af1f56@group-C1C12825AC52-LeaderElection1067: Election PASSED; received 1 response(s) [7c107f1d-8592-48e3-af71-5982c0af1f56<-d10c8639-03b1-4f19-ac0f-6419d7578d59#0:OK-t2] and 0 exception(s); 7c107f1d-8592-48e3-af71-5982c0af1f56@group-C1C12825AC52:t2, leader=null, voted=7c107f1d-8592-48e3-af71-5982c0af1f56, raftlog=7c107f1d-8592-48e3-af71-5982c0af1f56@group-C1C12825AC52-SegmentedRaftLog:OPENED:c-1,f-1,i0, conf=-1: [1244ca21-2158-4cc7-9e07-ba347e145504:192.168.69.118:43370, 7c107f1d-8592-48e3-af71-5982c0af1f56:192.168.69.118:36514, d10c8639-03b1-4f19-ac0f-6419d7578d59:192.168.69.118:37568], old=null
2019-10-21 23:03:16,429 [d10c8639-03b1-4f19-ac0f-6419d7578d59@group-E771D32ED872-LeaderElection1068] INFO  server.RaftServerConfigKeys (ConfUtils.java:logGet(43)) - raft.server.watch.timeout = 10s (default)
2019-10-21 23:03:16,429 [7c107f1d-8592-48e3-af71-5982c0af1f56@group-C1C12825AC52-LeaderElection1067] INFO  impl.RoleInfo (RoleInfo.java:shutdownLeaderElection(134)) - 7c107f1d-8592-48e3-af71-5982c0af1f56: shutdown LeaderElection
2019-10-21 23:03:16,429 [d10c8639-03b1-4f19-ac0f-6419d7578d59@group-E771D32ED872-LeaderElection1068] INFO  server.RaftServerConfigKeys (ConfUtils.java:logGet(43)) - raft.server.watch.timeout.denomination = 1s (default)
2019-10-21 23:03:16,429 [7c107f1d-8592-48e3-af71-5982c0af1f56@group-C1C12825AC52-LeaderElection1067] INFO  impl.RaftServerImpl (RaftServerImpl.java:setRole(184)) - 7c107f1d-8592-48e3-af71-5982c0af1f56@group-C1C12825AC52: changes role from CANDIDATE to LEADER at term 2 for changeToLeader
2019-10-21 23:03:16,429 [d10c8639-03b1-4f19-ac0f-6419d7578d59@group-E771D32ED872-LeaderElection1068] INFO  server.RaftServerConfigKeys (ConfUtils.java:logGet(43)) - raft.server.watch.element-limit = 65536 (default)
2019-10-21 23:03:16,430 [Thread-9371] INFO  impl.FollowerState (FollowerState.java:run(108)) - 1244ca21-2158-4cc7-9e07-ba347e145504@group-C1C12825AC52-FollowerState: change to CANDIDATE, lastRpcTime:15ms, electionTimeout:14ms
2019-10-21 23:03:16,430 [7c107f1d-8592-48e3-af71-5982c0af1f56@group-C1C12825AC52-LeaderElection1067] INFO  impl.RaftServerImpl (ServerState.java:setLeader(256)) - 7c107f1d-8592-48e3-af71-5982c0af1f56@group-C1C12825AC52: change Leader from null to 7c107f1d-8592-48e3-af71-5982c0af1f56 at term 2 for becomeLeader, leader elected after 91ms
2019-10-21 23:03:16,430 [Thread-9371] INFO  impl.RoleInfo (RoleInfo.java:shutdownFollowerState(121)) - 1244ca21-2158-4cc7-9e07-ba347e145504: shutdown FollowerState
2019-10-21 23:03:16,430 [7c107f1d-8592-48e3-af71-5982c0af1f56@group-C1C12825AC52-LeaderElection1067] INFO  server.RaftServerConfigKeys (ConfUtils.java:logGet(43)) - raft.server.staging.catchup.gap = 1000 (default)
2019-10-21 23:03:16,430 [Thread-9371] INFO  impl.RaftServerImpl (RaftServerImpl.java:setRole(184)) - 1244ca21-2158-4cc7-9e07-ba347e145504@group-C1C12825AC52: changes role from  FOLLOWER to CANDIDATE at term 2 for changeToCandidate
2019-10-21 23:03:16,430 [7c107f1d-8592-48e3-af71-5982c0af1f56@group-C1C12825AC52-LeaderElection1067] INFO  server.RaftServerConfigKeys (ConfUtils.java:logGet(43)) - raft.server.rpc.sleep.time = 25ms (default)
2019-10-21 23:03:16,430 [Thread-9371] INFO  impl.RoleInfo (RoleInfo.java:updateAndGet(143)) - 1244ca21-2158-4cc7-9e07-ba347e145504: start LeaderElection
2019-10-21 23:03:16,430 [7c107f1d-8592-48e3-af71-5982c0af1f56@group-C1C12825AC52-LeaderElection1067] INFO  server.RaftServerConfigKeys (ConfUtils.java:logGet(43)) - raft.server.write.element-limit = 4096 (default)
2019-10-21 23:03:16,430 [7c107f1d-8592-48e3-af71-5982c0af1f56@group-C1C12825AC52-LeaderElection1067] INFO  server.RaftServerConfigKeys (ConfUtils.java:logGet(43)) - raft.server.watch.timeout = 10s (default)
2019-10-21 23:03:16,431 [7c107f1d-8592-48e3-af71-5982c0af1f56@group-C1C12825AC52-LeaderElection1067] INFO  server.RaftServerConfigKeys (ConfUtils.java:logGet(43)) - raft.server.watch.timeout.denomination = 1s (default)
2019-10-21 23:03:16,431 [7c107f1d-8592-48e3-af71-5982c0af1f56@group-C1C12825AC52-LeaderElection1067] INFO  server.RaftServerConfigKeys (ConfUtils.java:logGet(43)) - raft.server.watch.element-limit = 65536 (default)
2019-10-21 23:03:16,431 [d10c8639-03b1-4f19-ac0f-6419d7578d59@group-E771D32ED872-LeaderElection1068] INFO  impl.RoleInfo (RoleInfo.java:updateAndGet(143)) - d10c8639-03b1-4f19-ac0f-6419d7578d59: start LeaderState
2019-10-21 23:03:16,431 [d10c8639-03b1-4f19-ac0f-6419d7578d59@group-E771D32ED872-LeaderElection1068] INFO  segmented.SegmentedRaftLogWorker (SegmentedRaftLogWorker.java:startLogSegment(385)) - d10c8639-03b1-4f19-ac0f-6419d7578d59@group-E771D32ED872-SegmentedRaftLogWorker: Starting segment from index:0
2019-10-21 23:03:16,431 [d10c8639-03b1-4f19-ac0f-6419d7578d59@group-E771D32ED872-LeaderElection1068] INFO  impl.RaftServerImpl (ServerState.java:setRaftConf(357)) - d10c8639-03b1-4f19-ac0f-6419d7578d59@group-E771D32ED872: set configuration 0: [d10c8639-03b1-4f19-ac0f-6419d7578d59:192.168.69.118:37568], old=null at 0
2019-10-21 23:03:16,432 [7c107f1d-8592-48e3-af71-5982c0af1f56@group-C1C12825AC52-LeaderElection1067] INFO  server.RaftServerConfigKeys (ConfUtils.java:logGet(43)) - raft.server.log.appender.snapshot.chunk.size.max = 16MB (=16777216) (default)
2019-10-21 23:03:16,433 [7c107f1d-8592-48e3-af71-5982c0af1f56@group-C1C12825AC52-LeaderElection1067] INFO  server.RaftServerConfigKeys (ConfUtils.java:logGet(43)) - raft.server.log.appender.buffer.byte-limit = 33554432 (custom)
2019-10-21 23:03:16,433 [7c107f1d-8592-48e3-af71-5982c0af1f56@group-C1C12825AC52-LeaderElection1067] INFO  server.RaftServerConfigKeys (ConfUtils.java:logGet(43)) - raft.server.log.appender.buffer.element-limit = 1 (custom)
2019-10-21 23:03:16,433 [7c107f1d-8592-48e3-af71-5982c0af1f56@group-C1C12825AC52-LeaderElection1067] INFO  grpc.GrpcConfigKeys$Server (ConfUtils.java:logGet(43)) - raft.grpc.server.leader.outstanding.appends.max = 128 (default)
2019-10-21 23:03:16,433 [7c107f1d-8592-48e3-af71-5982c0af1f56@group-C1C12825AC52-LeaderElection1067] INFO  server.RaftServerConfigKeys (ConfUtils.java:logGet(43)) - raft.server.rpc.request.timeout = 3000ms (default)
2019-10-21 23:03:16,433 [7c107f1d-8592-48e3-af71-5982c0af1f56@group-C1C12825AC52-LeaderElection1067] INFO  server.RaftServerConfigKeys (ConfUtils.java:logGet(43)) - raft.server.log.appender.install.snapshot.enabled = false (custom)
2019-10-21 23:03:16,435 [7c107f1d-8592-48e3-af71-5982c0af1f56@group-C1C12825AC52-LeaderElection1067] INFO  server.RaftServerConfigKeys (ConfUtils.java:logGet(43)) - raft.server.log.appender.snapshot.chunk.size.max = 16MB (=16777216) (default)
2019-10-21 23:03:16,435 [7c107f1d-8592-48e3-af71-5982c0af1f56@group-C1C12825AC52-LeaderElection1067] INFO  server.RaftServerConfigKeys (ConfUtils.java:logGet(43)) - raft.server.log.appender.buffer.byte-limit = 33554432 (custom)
2019-10-21 23:03:16,435 [7c107f1d-8592-48e3-af71-5982c0af1f56@group-C1C12825AC52-LeaderElection1067] INFO  server.RaftServerConfigKeys (ConfUtils.java:logGet(43)) - raft.server.log.appender.buffer.element-limit = 1 (custom)
2019-10-21 23:03:16,435 [7c107f1d-8592-48e3-af71-5982c0af1f56@group-C1C12825AC52-LeaderElection1067] INFO  grpc.GrpcConfigKeys$Server (ConfUtils.java:logGet(43)) - raft.grpc.server.leader.outstanding.appends.max = 128 (default)
2019-10-21 23:03:16,436 [7c107f1d-8592-48e3-af71-5982c0af1f56@group-C1C12825AC52-LeaderElection1067] INFO  server.RaftServerConfigKeys (ConfUtils.java:logGet(43)) - raft.server.rpc.request.timeout = 3000ms (default)
2019-10-21 23:03:16,436 [7c107f1d-8592-48e3-af71-5982c0af1f56@group-C1C12825AC52-LeaderElection1067] INFO  server.RaftServerConfigKeys (ConfUtils.java:logGet(43)) - raft.server.log.appender.install.snapshot.enabled = false (custom)
2019-10-21 23:03:16,437 [7c107f1d-8592-48e3-af71-5982c0af1f56@group-C1C12825AC52-LeaderElection1067] INFO  impl.RoleInfo (RoleInfo.java:updateAndGet(143)) - 7c107f1d-8592-48e3-af71-5982c0af1f56: start LeaderState
2019-10-21 23:03:16,438 [7c107f1d-8592-48e3-af71-5982c0af1f56@group-C1C12825AC52-LeaderElection1067] INFO  segmented.SegmentedRaftLogWorker (SegmentedRaftLogWorker.java:startLogSegment(385)) - 7c107f1d-8592-48e3-af71-5982c0af1f56@group-C1C12825AC52-SegmentedRaftLogWorker: Starting segment from index:0
2019-10-21 23:03:16,438 [7c107f1d-8592-48e3-af71-5982c0af1f56@group-C1C12825AC52-LeaderElection1067] INFO  impl.RaftServerImpl (ServerState.java:setRaftConf(357)) - 7c107f1d-8592-48e3-af71-5982c0af1f56@group-C1C12825AC52: set configuration 0: [1244ca21-2158-4cc7-9e07-ba347e145504:192.168.69.118:43370, 7c107f1d-8592-48e3-af71-5982c0af1f56:192.168.69.118:36514, d10c8639-03b1-4f19-ac0f-6419d7578d59:192.168.69.118:37568], old=null at 0
2019-10-21 23:03:16,440 [grpc-default-executor-5] INFO  impl.RaftServerImpl (ServerState.java:setLeader(256)) - d10c8639-03b1-4f19-ac0f-6419d7578d59@group-C1C12825AC52: change Leader from null to 7c107f1d-8592-48e3-af71-5982c0af1f56 at term 2 for appendEntries, leader elected after 101ms
2019-10-21 23:03:16,442 [grpc-default-executor-0] INFO  impl.RaftServerImpl (ServerState.java:setRaftConf(357)) - d10c8639-03b1-4f19-ac0f-6419d7578d59@group-C1C12825AC52: set configuration 0: [1244ca21-2158-4cc7-9e07-ba347e145504:192.168.69.118:43370, 7c107f1d-8592-48e3-af71-5982c0af1f56:192.168.69.118:36514, d10c8639-03b1-4f19-ac0f-6419d7578d59:192.168.69.118:37568], old=null at 0
2019-10-21 23:03:16,442 [grpc-default-executor-0] INFO  segmented.SegmentedRaftLogWorker (SegmentedRaftLogWorker.java:startLogSegment(385)) - d10c8639-03b1-4f19-ac0f-6419d7578d59@group-C1C12825AC52-SegmentedRaftLogWorker: Starting segment from index:0
2019-10-21 23:03:16,444 [1244ca21-2158-4cc7-9e07-ba347e145504@group-C1C12825AC52-LeaderElection1069] INFO  impl.LeaderElection (LeaderElection.java:askForVotes(178)) - 1244ca21-2158-4cc7-9e07-ba347e145504@group-C1C12825AC52-LeaderElection1069: begin an election at term 3 for -1: [1244ca21-2158-4cc7-9e07-ba347e145504:192.168.69.118:43370, 7c107f1d-8592-48e3-af71-5982c0af1f56:192.168.69.118:36514, d10c8639-03b1-4f19-ac0f-6419d7578d59:192.168.69.118:37568], old=null
2019-10-21 23:03:16,444 [Thread-9376] INFO  impl.RaftServerImpl (ServerState.java:setLeader(256)) - 7c107f1d-8592-48e3-af71-5982c0af1f56@group-C1C12825AC52: change Leader from 7c107f1d-8592-48e3-af71-5982c0af1f56 to null at term 3 for updateCurrentTerm
2019-10-21 23:03:16,444 [Thread-9376] INFO  impl.RaftServerImpl (RaftServerImpl.java:setRole(184)) - 7c107f1d-8592-48e3-af71-5982c0af1f56@group-C1C12825AC52: changes role from    LEADER to FOLLOWER at term 3 for stepDown
2019-10-21 23:03:16,444 [Thread-9376] INFO  impl.RoleInfo (RoleInfo.java:shutdownLeaderState(104)) - 7c107f1d-8592-48e3-af71-5982c0af1f56: shutdown LeaderState
2019-10-21 23:03:16,477 [org.apache.ratis.server.impl.LogAppender$AppenderDaemon$$Lambda$485/205454701@33f653f7] WARN  server.GrpcLogAppender (GrpcLogAppender.java:mayWait(149)) - 7c107f1d-8592-48e3-af71-5982c0af1f56@group-C1C12825AC52->d10c8639-03b1-4f19-ac0f-6419d7578d59-GrpcLogAppender: Wait interrupted by java.lang.InterruptedException
2019-10-21 23:03:16,477 [Thread-9376] INFO  impl.PendingRequests (PendingRequests.java:sendNotLeaderResponses(202)) - 7c107f1d-8592-48e3-af71-5982c0af1f56@group-C1C12825AC52-PendingRequests: sendNotLeaderResponses
2019-10-21 23:03:16,477 [Thread-9376] INFO  impl.RoleInfo (RoleInfo.java:updateAndGet(143)) - 7c107f1d-8592-48e3-af71-5982c0af1f56: start FollowerState
2019-10-21 23:03:16,477 [grpc-default-executor-8] INFO  server.GrpcServerProtocolService (GrpcServerProtocolService.java:onCompleted(113)) - d10c8639-03b1-4f19-ac0f-6419d7578d59: Completed APPEND_ENTRIES, lastRequest: 7c107f1d-8592-48e3-af71-5982c0af1f56->d10c8639-03b1-4f19-ac0f-6419d7578d59#1-t2, previous=(t:0, i:0), leaderCommit=-1, initializing? false, entries: size=1, first=(t:2, i:0), CONFIGURATIONENTRY
2019-10-21 23:03:16,477 [org.apache.ratis.server.impl.LogAppender$AppenderDaemon$$Lambda$485/205454701@6240d9ce] WARN  server.GrpcLogAppender (GrpcLogAppender.java:mayWait(149)) - 7c107f1d-8592-48e3-af71-5982c0af1f56@group-C1C12825AC52->1244ca21-2158-4cc7-9e07-ba347e145504-GrpcLogAppender: Wait interrupted by java.lang.InterruptedException
2019-10-21 23:03:16,478 [grpc-default-executor-0] INFO  server.GrpcLogAppender (GrpcLogAppender.java:onCompleted(308)) - 7c107f1d-8592-48e3-af71-5982c0af1f56@group-C1C12825AC52->d10c8639-03b1-4f19-ac0f-6419d7578d59-AppendLogResponseHandler: follower responses appendEntries COMPLETED
2019-10-21 23:03:16,478 [grpc-default-executor-5] INFO  server.GrpcServerProtocolService (GrpcServerProtocolService.java:onCompleted(113)) - 1244ca21-2158-4cc7-9e07-ba347e145504: Completed APPEND_ENTRIES, lastRequest: 7c107f1d-8592-48e3-af71-5982c0af1f56->1244ca21-2158-4cc7-9e07-ba347e145504#0-t2, previous=(t:0, i:0), leaderCommit=-1, initializing? false, entries: <empty>
2019-10-21 23:03:16,479 [grpc-default-executor-5] INFO  server.GrpcLogAppender (GrpcLogAppender.java:onCompleted(308)) - 7c107f1d-8592-48e3-af71-5982c0af1f56@group-C1C12825AC52->1244ca21-2158-4cc7-9e07-ba347e145504-AppendLogResponseHandler: follower responses appendEntries COMPLETED
2019-10-21 23:03:16,482 [grpc-default-executor-0] INFO  impl.FollowerInfo (FollowerInfo.java:lambda$new$0(51)) - 7c107f1d-8592-48e3-af71-5982c0af1f56@group-C1C12825AC52->d10c8639-03b1-4f19-ac0f-6419d7578d59: nextIndex: updateUnconditionally 1 -> 0
2019-10-21 23:03:16,482 [grpc-default-executor-5] INFO  impl.FollowerInfo (FollowerInfo.java:lambda$new$0(51)) - 7c107f1d-8592-48e3-af71-5982c0af1f56@group-C1C12825AC52->1244ca21-2158-4cc7-9e07-ba347e145504: nextIndex: updateUnconditionally 0 -> 0
2019-10-21 23:03:16,482 [grpc-default-executor-8] INFO  impl.RaftServerImpl (ServerState.java:setLeader(256)) - d10c8639-03b1-4f19-ac0f-6419d7578d59@group-C1C12825AC52: change Leader from 7c107f1d-8592-48e3-af71-5982c0af1f56 to null at term 3 for updateCurrentTerm
2019-10-21 23:03:16,482 [grpc-default-executor-8] INFO  impl.RaftServerImpl (RaftServerImpl.java:setRole(184)) - d10c8639-03b1-4f19-ac0f-6419d7578d59@group-C1C12825AC52: changes role from  FOLLOWER to FOLLOWER at term 3 for recognizeCandidate:1244ca21-2158-4cc7-9e07-ba347e145504
2019-10-21 23:03:16,482 [grpc-default-executor-8] INFO  impl.RoleInfo (RoleInfo.java:shutdownFollowerState(121)) - d10c8639-03b1-4f19-ac0f-6419d7578d59: shutdown FollowerState
2019-10-21 23:03:16,482 [grpc-default-executor-8] INFO  impl.RoleInfo (RoleInfo.java:updateAndGet(143)) - d10c8639-03b1-4f19-ac0f-6419d7578d59: start FollowerState
2019-10-21 23:03:16,482 [Thread-9372] INFO  impl.FollowerState (FollowerState.java:run(117)) - d10c8639-03b1-4f19-ac0f-6419d7578d59@group-C1C12825AC52-FollowerState was interrupted: java.lang.InterruptedException: sleep interrupted
2019-10-21 23:03:16,503 [d10c8639-03b1-4f19-ac0f-6419d7578d59@group-C1C12825AC52-SegmentedRaftLogWorker] INFO  segmented.SegmentedRaftLogWorker (SegmentedRaftLogWorker.java:execute(576)) - d10c8639-03b1-4f19-ac0f-6419d7578d59@group-C1C12825AC52-SegmentedRaftLogWorker: created new log segment /workdir/hadoop-ozone/integration-test/target/test-dir/MiniOzoneClusterImpl-d9aa8a4b-930f-46eb-8e95-9ce1bbfd2407/datanode-1/data/ratis/d799179c-eb37-40a5-b454-c1c12825ac52/current/log_inprogress_0
2019-10-21 23:03:16,503 [d10c8639-03b1-4f19-ac0f-6419d7578d59@group-E771D32ED872-SegmentedRaftLogWorker] INFO  segmented.SegmentedRaftLogWorker (SegmentedRaftLogWorker.java:execute(576)) - d10c8639-03b1-4f19-ac0f-6419d7578d59@group-E771D32ED872-SegmentedRaftLogWorker: created new log segment /workdir/hadoop-ozone/integration-test/target/test-dir/MiniOzoneClusterImpl-d9aa8a4b-930f-46eb-8e95-9ce1bbfd2407/datanode-1/data/ratis/fa4dd112-a2f1-4c6c-bfd7-e771d32ed872/current/log_inprogress_0
2019-10-21 23:03:16,503 [grpc-default-executor-0] INFO  impl.RaftServerImpl (RaftServerImpl.java:setRole(184)) - 7c107f1d-8592-48e3-af71-5982c0af1f56@group-C1C12825AC52: changes role from  FOLLOWER to FOLLOWER at term 3 for recognizeCandidate:1244ca21-2158-4cc7-9e07-ba347e145504
2019-10-21 23:03:16,505 [grpc-default-executor-0] INFO  impl.RoleInfo (RoleInfo.java:shutdownFollowerState(121)) - 7c107f1d-8592-48e3-af71-5982c0af1f56: shutdown FollowerState
2019-10-21 23:03:16,503 [7c107f1d-8592-48e3-af71-5982c0af1f56@group-C1C12825AC52-SegmentedRaftLogWorker] INFO  segmented.SegmentedRaftLogWorker (SegmentedRaftLogWorker.java:execute(576)) - 7c107f1d-8592-48e3-af71-5982c0af1f56@group-C1C12825AC52-SegmentedRaftLogWorker: created new log segment /workdir/hadoop-ozone/integration-test/target/test-dir/MiniOzoneClusterImpl-d9aa8a4b-930f-46eb-8e95-9ce1bbfd2407/datanode-0/data/ratis/d799179c-eb37-40a5-b454-c1c12825ac52/current/log_inprogress_0
2019-10-21 23:03:16,505 [Thread-9384] INFO  impl.FollowerState (FollowerState.java:run(117)) - 7c107f1d-8592-48e3-af71-5982c0af1f56@group-C1C12825AC52-FollowerState was interrupted: java.lang.InterruptedException: sleep interrupted
2019-10-21 23:03:16,505 [grpc-default-executor-0] INFO  impl.RoleInfo (RoleInfo.java:updateAndGet(143)) - 7c107f1d-8592-48e3-af71-5982c0af1f56: start FollowerState
2019-10-21 23:03:16,506 [1244ca21-2158-4cc7-9e07-ba347e145504@group-C1C12825AC52-LeaderElection1069] INFO  impl.LeaderElection (LeaderElection.java:logAndReturn(56)) - 1244ca21-2158-4cc7-9e07-ba347e145504@group-C1C12825AC52-LeaderElection1069: Election REJECTED; received 2 response(s) [1244ca21-2158-4cc7-9e07-ba347e145504<-7c107f1d-8592-48e3-af71-5982c0af1f56#0:FAIL-t3, 1244ca21-2158-4cc7-9e07-ba347e145504<-d10c8639-03b1-4f19-ac0f-6419d7578d59#0:FAIL-t3] and 0 exception(s); 1244ca21-2158-4cc7-9e07-ba347e145504@group-C1C12825AC52:t3, leader=null, voted=1244ca21-2158-4cc7-9e07-ba347e145504, raftlog=1244ca21-2158-4cc7-9e07-ba347e145504@group-C1C12825AC52-SegmentedRaftLog:OPENED:c-1,f-1,i0, conf=-1: [1244ca21-2158-4cc7-9e07-ba347e145504:192.168.69.118:43370, 7c107f1d-8592-48e3-af71-5982c0af1f56:192.168.69.118:36514, d10c8639-03b1-4f19-ac0f-6419d7578d59:192.168.69.118:37568], old=null
2019-10-21 23:03:16,506 [1244ca21-2158-4cc7-9e07-ba347e145504@group-C1C12825AC52-LeaderElection1069] INFO  impl.RaftServerImpl (RaftServerImpl.java:setRole(184)) - 1244ca21-2158-4cc7-9e07-ba347e145504@group-C1C12825AC52: changes role from CANDIDATE to FOLLOWER at term 3 for DISCOVERED_A_NEW_TERM
2019-10-21 23:03:16,506 [1244ca21-2158-4cc7-9e07-ba347e145504@group-C1C12825AC52-LeaderElection1069] INFO  impl.RoleInfo (RoleInfo.java:shutdownLeaderElection(134)) - 1244ca21-2158-4cc7-9e07-ba347e145504: shutdown LeaderElection
2019-10-21 23:03:16,506 [1244ca21-2158-4cc7-9e07-ba347e145504@group-C1C12825AC52-LeaderElection1069] INFO  impl.RoleInfo (RoleInfo.java:updateAndGet(143)) - 1244ca21-2158-4cc7-9e07-ba347e145504: start FollowerState
2019-10-21 23:03:16,588 [IPC Server handler 18 on 43510] INFO  net.NetworkTopology (NetworkTopologyImpl.java:add(111)) - Added a new node: /rack1/8f86521a-dea0-43d1-ae77-898e04dffe78
2019-10-21 23:03:16,588 [IPC Server handler 18 on 43510] INFO  node.SCMNodeManager (SCMNodeManager.java:register(268)) - Registered Data node : 8f86521a-dea0-43d1-ae77-898e04dffe78{ip: 192.168.69.118, host: pr-hdds-2131-w2fms-3313293055, networkLocation: /rack1, certSerialId: null}
2019-10-21 23:03:16,596 [Thread-9387] INFO  impl.FollowerState (FollowerState.java:run(108)) - 1244ca21-2158-4cc7-9e07-ba347e145504@group-C1C12825AC52-FollowerState: change to CANDIDATE, lastRpcTime:89ms, electionTimeout:87ms
2019-10-21 23:03:16,596 [grpc-default-executor-0] INFO  impl.RaftServerProxy (RaftServerProxy.java:addNew(89)) - 8f86521a-dea0-43d1-ae77-898e04dffe78: addNew group-444865C88E0F:[8f86521a-dea0-43d1-ae77-898e04dffe78:192.168.69.118:34690] returns group-444865C88E0F:java.util.concurrent.CompletableFuture@552629fc[Not completed]
2019-10-21 23:03:16,596 [Thread-9387] INFO  impl.RoleInfo (RoleInfo.java:shutdownFollowerState(121)) - 1244ca21-2158-4cc7-9e07-ba347e145504: shutdown FollowerState
2019-10-21 23:03:16,597 [Thread-9387] INFO  impl.RaftServerImpl (RaftServerImpl.java:setRole(184)) - 1244ca21-2158-4cc7-9e07-ba347e145504@group-C1C12825AC52: changes role from  FOLLOWER to CANDIDATE at term 3 for changeToCandidate
2019-10-21 23:03:16,597 [Thread-9387] INFO  impl.RoleInfo (RoleInfo.java:updateAndGet(143)) - 1244ca21-2158-4cc7-9e07-ba347e145504: start LeaderElection
2019-10-21 23:03:16,597 [pool-541-thread-1] INFO  impl.RaftServerImpl (RaftServerImpl.java:<init>(104)) - 8f86521a-dea0-43d1-ae77-898e04dffe78: new RaftServerImpl for group-444865C88E0F:[8f86521a-dea0-43d1-ae77-898e04dffe78:192.168.69.118:34690] with ContainerStateMachine:uninitialized
2019-10-21 23:03:16,597 [pool-541-thread-1] INFO  server.RaftServerConfigKeys (ConfUtils.java:logGet(43)) - raft.server.rpc.timeout.min = 1s (custom)
2019-10-21 23:03:16,597 [pool-541-thread-1] INFO  server.RaftServerConfigKeys (ConfUtils.java:logGet(43)) - raft.server.rpc.timeout.max = 1200ms (custom)
2019-10-21 23:03:16,598 [pool-541-thread-1] INFO  server.RaftServerConfigKeys (ConfUtils.java:logGet(43)) - raft.server.rpcslowness.timeout = 120s (custom)
2019-10-21 23:03:16,598 [pool-541-thread-1] INFO  server.RaftServerConfigKeys (ConfUtils.java:logGet(43)) - raft.server.sleep.deviation.threshold = 300 (default)
2019-10-21 23:03:16,598 [pool-541-thread-1] INFO  server.RaftServerConfigKeys (ConfUtils.java:logGet(43)) - raft.server.log.appender.install.snapshot.enabled = false (custom)
2019-10-21 23:03:16,598 [pool-541-thread-1] INFO  impl.RaftServerImpl (ServerState.java:<init>(103)) - 8f86521a-dea0-43d1-ae77-898e04dffe78@group-444865C88E0F: ConfigurationManager, init=-1: [8f86521a-dea0-43d1-ae77-898e04dffe78:192.168.69.118:34690], old=null, confs=<EMPTY_MAP>
2019-10-21 23:03:16,598 [pool-541-thread-1] INFO  server.RaftServerConfigKeys (ConfUtils.java:logGet(43)) - raft.server.storage.dir = [/workdir/hadoop-ozone/integration-test/target/test-dir/MiniOzoneClusterImpl-d9aa8a4b-930f-46eb-8e95-9ce1bbfd2407/datanode-3/data/ratis] (custom)
2019-10-21 23:03:16,598 [pool-541-thread-1] INFO  server.RaftServerConfigKeys (ConfUtils.java:logGet(43)) - raft.server.log.corruption.policy = EXCEPTION (default)
2019-10-21 23:03:16,598 [pool-541-thread-1] INFO  storage.RaftStorageDirectory (RaftStorageDirectory.java:analyzeStorage(246)) - The storage directory /workdir/hadoop-ozone/integration-test/target/test-dir/MiniOzoneClusterImpl-d9aa8a4b-930f-46eb-8e95-9ce1bbfd2407/datanode-3/data/ratis/69d0f2a3-3ec5-40a7-9b9a-444865c88e0f does not exist. Creating ...
2019-10-21 23:03:16,623 [pool-541-thread-1] INFO  storage.RaftStorageDirectory (RaftStorageDirectory.java:tryLock(328)) - Lock on /workdir/hadoop-ozone/integration-test/target/test-dir/MiniOzoneClusterImpl-d9aa8a4b-930f-46eb-8e95-9ce1bbfd2407/datanode-3/data/ratis/69d0f2a3-3ec5-40a7-9b9a-444865c88e0f/in_use.lock acquired by nodename 10674@pr-hdds-2131-w2fms-3313293055
2019-10-21 23:03:16,623 [1244ca21-2158-4cc7-9e07-ba347e145504@group-C1C12825AC52-LeaderElection1070] INFO  impl.LeaderElection (LeaderElection.java:askForVotes(178)) - 1244ca21-2158-4cc7-9e07-ba347e145504@group-C1C12825AC52-LeaderElection1070: begin an election at term 4 for -1: [1244ca21-2158-4cc7-9e07-ba347e145504:192.168.69.118:43370, 7c107f1d-8592-48e3-af71-5982c0af1f56:192.168.69.118:36514, d10c8639-03b1-4f19-ac0f-6419d7578d59:192.168.69.118:37568], old=null
2019-10-21 23:03:16,624 [grpc-default-executor-0] INFO  impl.RaftServerImpl (RaftServerImpl.java:setRole(184)) - d10c8639-03b1-4f19-ac0f-6419d7578d59@group-C1C12825AC52: changes role from  FOLLOWER to FOLLOWER at term 4 for recognizeCandidate:1244ca21-2158-4cc7-9e07-ba347e145504
2019-10-21 23:03:16,624 [grpc-default-executor-0] INFO  impl.RoleInfo (RoleInfo.java:shutdownFollowerState(121)) - d10c8639-03b1-4f19-ac0f-6419d7578d59: shutdown FollowerState
2019-10-21 23:03:16,624 [grpc-default-executor-8] INFO  impl.RaftServerImpl (RaftServerImpl.java:setRole(184)) - 7c107f1d-8592-48e3-af71-5982c0af1f56@group-C1C12825AC52: changes role from  FOLLOWER to FOLLOWER at term 4 for recognizeCandidate:1244ca21-2158-4cc7-9e07-ba347e145504
2019-10-21 23:03:16,625 [Thread-9385] INFO  impl.FollowerState (FollowerState.java:run(117)) - d10c8639-03b1-4f19-ac0f-6419d7578d59@group-C1C12825AC52-FollowerState was interrupted: java.lang.InterruptedException: sleep interrupted
2019-10-21 23:03:16,625 [grpc-default-executor-0] INFO  impl.RoleInfo (RoleInfo.java:updateAndGet(143)) - d10c8639-03b1-4f19-ac0f-6419d7578d59: start FollowerState
2019-10-21 23:03:16,625 [grpc-default-executor-8] INFO  impl.RoleInfo (RoleInfo.java:shutdownFollowerState(121)) - 7c107f1d-8592-48e3-af71-5982c0af1f56: shutdown FollowerState
2019-10-21 23:03:16,625 [grpc-default-executor-8] INFO  impl.RoleInfo (RoleInfo.java:updateAndGet(143)) - 7c107f1d-8592-48e3-af71-5982c0af1f56: start FollowerState
2019-10-21 23:03:16,625 [Thread-9386] INFO  impl.FollowerState (FollowerState.java:run(117)) - 7c107f1d-8592-48e3-af71-5982c0af1f56@group-C1C12825AC52-FollowerState was interrupted: java.lang.InterruptedException: sleep interrupted
2019-10-21 23:03:16,644 [pool-541-thread-1] INFO  storage.RaftStorage (RaftStorage.java:format(84)) - Storage directory /workdir/hadoop-ozone/integration-test/target/test-dir/MiniOzoneClusterImpl-d9aa8a4b-930f-46eb-8e95-9ce1bbfd2407/datanode-3/data/ratis/69d0f2a3-3ec5-40a7-9b9a-444865c88e0f has been successfully formatted.
2019-10-21 23:03:16,644 [pool-541-thread-1] INFO  ratis.ContainerStateMachine (ContainerStateMachine.java:loadSnapshot(231)) - group-444865C88E0F: The snapshot info is null. Setting the last applied indexto:(t:0, i:~)
2019-10-21 23:03:16,644 [pool-541-thread-1] INFO  server.RaftServerConfigKeys (ConfUtils.java:logGet(43)) - raft.server.notification.no-leader.timeout = 120s (custom)
2019-10-21 23:03:16,644 [pool-541-thread-1] INFO  server.RaftServerConfigKeys (ConfUtils.java:logGet(43)) - raft.server.log.use.memory = false (default)
2019-10-21 23:03:16,644 [1244ca21-2158-4cc7-9e07-ba347e145504@group-C1C12825AC52-LeaderElection1070] INFO  impl.LeaderElection (LeaderElection.java:logAndReturn(56)) - 1244ca21-2158-4cc7-9e07-ba347e145504@group-C1C12825AC52-LeaderElection1070: Election REJECTED; received 2 response(s) [1244ca21-2158-4cc7-9e07-ba347e145504<-7c107f1d-8592-48e3-af71-5982c0af1f56#0:FAIL-t4, 1244ca21-2158-4cc7-9e07-ba347e145504<-d10c8639-03b1-4f19-ac0f-6419d7578d59#0:FAIL-t4] and 0 exception(s); 1244ca21-2158-4cc7-9e07-ba347e145504@group-C1C12825AC52:t4, leader=null, voted=1244ca21-2158-4cc7-9e07-ba347e145504, raftlog=1244ca21-2158-4cc7-9e07-ba347e145504@group-C1C12825AC52-SegmentedRaftLog:OPENED:c-1,f-1,i0, conf=-1: [1244ca21-2158-4cc7-9e07-ba347e145504:192.168.69.118:43370, 7c107f1d-8592-48e3-af71-5982c0af1f56:192.168.69.118:36514, d10c8639-03b1-4f19-ac0f-6419d7578d59:192.168.69.118:37568], old=null
2019-10-21 23:03:16,645 [pool-541-thread-1] INFO  server.RaftServerConfigKeys (ConfUtils.java:logGet(43)) - raft.server.log.purge.gap = 1000000 (custom)
2019-10-21 23:03:16,645 [1244ca21-2158-4cc7-9e07-ba347e145504@group-C1C12825AC52-LeaderElection1070] INFO  impl.RaftServerImpl (RaftServerImpl.java:setRole(184)) - 1244ca21-2158-4cc7-9e07-ba347e145504@group-C1C12825AC52: changes role from CANDIDATE to FOLLOWER at term 4 for DISCOVERED_A_NEW_TERM
2019-10-21 23:03:16,645 [pool-541-thread-1] INFO  server.RaftServerConfigKeys (ConfUtils.java:logGet(43)) - raft.server.log.appender.buffer.byte-limit = 33554432 (custom)
2019-10-21 23:03:16,645 [1244ca21-2158-4cc7-9e07-ba347e145504@group-C1C12825AC52-LeaderElection1070] INFO  impl.RoleInfo (RoleInfo.java:shutdownLeaderElection(134)) - 1244ca21-2158-4cc7-9e07-ba347e145504: shutdown LeaderElection
2019-10-21 23:03:16,645 [pool-541-thread-1] INFO  server.RaftServerConfigKeys (ConfUtils.java:logGet(43)) - raft.server.log.segment.size.max = 1048576 (custom)
2019-10-21 23:03:16,645 [1244ca21-2158-4cc7-9e07-ba347e145504@group-C1C12825AC52-LeaderElection1070] INFO  impl.RoleInfo (RoleInfo.java:updateAndGet(143)) - 1244ca21-2158-4cc7-9e07-ba347e145504: start FollowerState
2019-10-21 23:03:16,646 [pool-541-thread-1] INFO  server.RaftServerConfigKeys (ConfUtils.java:logGet(43)) - raft.server.log.segment.cache.num.max = 2 (custom)
2019-10-21 23:03:16,647 [pool-541-thread-1] INFO  segmented.SegmentedRaftLogWorker (SegmentedRaftLogWorker.java:<init>(173)) - new 8f86521a-dea0-43d1-ae77-898e04dffe78@group-444865C88E0F-SegmentedRaftLogWorker for RaftStorage:Storage Directory /workdir/hadoop-ozone/integration-test/target/test-dir/MiniOzoneClusterImpl-d9aa8a4b-930f-46eb-8e95-9ce1bbfd2407/datanode-3/data/ratis/69d0f2a3-3ec5-40a7-9b9a-444865c88e0f
2019-10-21 23:03:16,647 [pool-541-thread-1] INFO  server.RaftServerConfigKeys (ConfUtils.java:logGet(43)) - raft.server.log.queue.byte-limit = 2147483647 (custom)
2019-10-21 23:03:16,647 [pool-541-thread-1] INFO  server.RaftServerConfigKeys (ConfUtils.java:logGet(43)) - raft.server.log.queue.element-limit = 1024 (custom)
2019-10-21 23:03:16,647 [pool-541-thread-1] INFO  server.RaftServerConfigKeys (ConfUtils.java:logGet(43)) - raft.server.log.segment.size.max = 1048576 (custom)
2019-10-21 23:03:16,647 [pool-541-thread-1] INFO  server.RaftServerConfigKeys (ConfUtils.java:logGet(43)) - raft.server.log.preallocated.size = 16384 (custom)
2019-10-21 23:03:16,647 [pool-541-thread-1] INFO  server.RaftServerConfigKeys (ConfUtils.java:logGet(43)) - raft.server.log.write.buffer.size = 33554432 (custom)
2019-10-21 23:03:16,647 [pool-541-thread-1] INFO  server.RaftServerConfigKeys (ConfUtils.java:logGet(43)) - raft.server.log.force.sync.num = 128 (default)
2019-10-21 23:03:16,647 [pool-541-thread-1] INFO  server.RaftServerConfigKeys (ConfUtils.java:logGet(43)) - raft.server.log.statemachine.data.sync = true (default)
2019-10-21 23:03:16,647 [pool-541-thread-1] INFO  server.RaftServerConfigKeys (ConfUtils.java:logGet(43)) - raft.server.log.statemachine.data.sync.timeout = 10s (default)
2019-10-21 23:03:16,647 [pool-541-thread-1] INFO  server.RaftServerConfigKeys (ConfUtils.java:logGet(43)) - raft.server.log.statemachine.data.sync.timeout.retry = -1 (default)
2019-10-21 23:03:16,648 [pool-541-thread-1] INFO  server.RaftServerConfigKeys (ConfUtils.java:logGet(43)) - raft.server.log.statemachine.data.caching.enabled = true (custom)
2019-10-21 23:03:16,648 [pool-541-thread-1] INFO  segmented.SegmentedRaftLogWorker (SegmentedRaftLogWorker.java:lambda$new$0(128)) - 8f86521a-dea0-43d1-ae77-898e04dffe78@group-444865C88E0F-SegmentedRaftLogWorker: flushIndex: setUnconditionally 0 -> -1
2019-10-21 23:03:16,648 [pool-541-thread-1] INFO  server.RaftServerConfigKeys (ConfUtils.java:logGet(43)) - raft.server.snapshot.auto.trigger.enabled = true (custom)
2019-10-21 23:03:16,648 [pool-541-thread-1] INFO  server.RaftServerConfigKeys (ConfUtils.java:logGet(43)) - raft.server.snapshot.auto.trigger.threshold = 10000 (custom)
2019-10-21 23:03:16,648 [pool-541-thread-1] INFO  server.RaftServerConfigKeys (ConfUtils.java:logGet(43)) - raft.server.snapshot.retention.file.num = 5 (custom)
2019-10-21 23:03:16,648 [pool-541-thread-1] INFO  server.RaftServerConfigKeys (ConfUtils.java:logGet(43)) - raft.server.retrycache.expirytime = 600000ms (custom)
2019-10-21 23:03:16,650 [pool-541-thread-1] INFO  impl.RaftServerImpl (RaftServerImpl.java:start(195)) - 8f86521a-dea0-43d1-ae77-898e04dffe78@group-444865C88E0F: start as a follower, conf=-1: [8f86521a-dea0-43d1-ae77-898e04dffe78:192.168.69.118:34690], old=null
2019-10-21 23:03:16,650 [pool-541-thread-1] INFO  impl.RaftServerImpl (RaftServerImpl.java:setRole(184)) - 8f86521a-dea0-43d1-ae77-898e04dffe78@group-444865C88E0F: changes role from      null to FOLLOWER at term 0 for startAsFollower
2019-10-21 23:03:16,651 [pool-541-thread-1] INFO  impl.RoleInfo (RoleInfo.java:updateAndGet(143)) - 8f86521a-dea0-43d1-ae77-898e04dffe78: start FollowerState
2019-10-21 23:03:16,651 [pool-541-thread-1] INFO  util.JmxRegister (JmxRegister.java:tryRegister(44)) - Successfully registered JMX Bean with object name Ratis:service=RaftServer,group=group-444865C88E0F,id=8f86521a-dea0-43d1-ae77-898e04dffe78
2019-10-21 23:03:16,653 [Thread-9394] INFO  impl.FollowerState (FollowerState.java:run(108)) - 1244ca21-2158-4cc7-9e07-ba347e145504@group-C1C12825AC52-FollowerState: change to CANDIDATE, lastRpcTime:7ms, electionTimeout:7ms
2019-10-21 23:03:16,653 [Thread-9394] INFO  impl.RoleInfo (RoleInfo.java:shutdownFollowerState(121)) - 1244ca21-2158-4cc7-9e07-ba347e145504: shutdown FollowerState
2019-10-21 23:03:16,653 [Thread-9394] INFO  impl.RaftServerImpl (RaftServerImpl.java:setRole(184)) - 1244ca21-2158-4cc7-9e07-ba347e145504@group-C1C12825AC52: changes role from  FOLLOWER to CANDIDATE at term 4 for changeToCandidate
2019-10-21 23:03:16,653 [Thread-9394] INFO  impl.RoleInfo (RoleInfo.java:updateAndGet(143)) - 1244ca21-2158-4cc7-9e07-ba347e145504: start LeaderElection
2019-10-21 23:03:16,654 [RatisPipelineUtilsThread] INFO  pipeline.PipelineStateManager (PipelineStateManager.java:addPipeline(56)) - Created pipeline Pipeline[ Id: 69d0f2a3-3ec5-40a7-9b9a-444865c88e0f, Nodes: 8f86521a-dea0-43d1-ae77-898e04dffe78{ip: 192.168.69.118, host: pr-hdds-2131-w2fms-3313293055, networkLocation: /rack1, certSerialId: null}, Type:RATIS, Factor:ONE, State:OPEN]
2019-10-21 23:03:16,657 [1244ca21-2158-4cc7-9e07-ba347e145504@group-C1C12825AC52-LeaderElection1071] INFO  impl.LeaderElection (LeaderElection.java:askForVotes(178)) - 1244ca21-2158-4cc7-9e07-ba347e145504@group-C1C12825AC52-LeaderElection1071: begin an election at term 5 for -1: [1244ca21-2158-4cc7-9e07-ba347e145504:192.168.69.118:43370, 7c107f1d-8592-48e3-af71-5982c0af1f56:192.168.69.118:36514, d10c8639-03b1-4f19-ac0f-6419d7578d59:192.168.69.118:37568], old=null
2019-10-21 23:03:16,657 [grpc-default-executor-0] INFO  impl.RaftServerProxy (RaftServerProxy.java:addNew(89)) - 1244ca21-2158-4cc7-9e07-ba347e145504: addNew group-0242A18271E8:[1244ca21-2158-4cc7-9e07-ba347e145504:192.168.69.118:43370] returns group-0242A18271E8:java.util.concurrent.CompletableFuture@337f58fa[Not completed]
2019-10-21 23:03:16,658 [grpc-default-executor-8] INFO  impl.RaftServerImpl (RaftServerImpl.java:setRole(184)) - 7c107f1d-8592-48e3-af71-5982c0af1f56@group-C1C12825AC52: changes role from  FOLLOWER to FOLLOWER at term 5 for recognizeCandidate:1244ca21-2158-4cc7-9e07-ba347e145504
2019-10-21 23:03:16,658 [grpc-default-executor-8] INFO  impl.RoleInfo (RoleInfo.java:shutdownFollowerState(121)) - 7c107f1d-8592-48e3-af71-5982c0af1f56: shutdown FollowerState
2019-10-21 23:03:16,658 [grpc-default-executor-0] INFO  impl.RaftServerImpl (RaftServerImpl.java:setRole(184)) - d10c8639-03b1-4f19-ac0f-6419d7578d59@group-C1C12825AC52: changes role from  FOLLOWER to FOLLOWER at term 5 for recognizeCandidate:1244ca21-2158-4cc7-9e07-ba347e145504
2019-10-21 23:03:16,658 [grpc-default-executor-0] INFO  impl.RoleInfo (RoleInfo.java:shutdownFollowerState(121)) - d10c8639-03b1-4f19-ac0f-6419d7578d59: shutdown FollowerState
2019-10-21 23:03:16,658 [grpc-default-executor-8] INFO  impl.RoleInfo (RoleInfo.java:updateAndGet(143)) - 7c107f1d-8592-48e3-af71-5982c0af1f56: start FollowerState
2019-10-21 23:03:16,658 [Thread-9393] INFO  impl.FollowerState (FollowerState.java:run(117)) - 7c107f1d-8592-48e3-af71-5982c0af1f56@group-C1C12825AC52-FollowerState was interrupted: java.lang.InterruptedException: sleep interrupted
2019-10-21 23:03:16,659 [grpc-default-executor-0] INFO  impl.RoleInfo (RoleInfo.java:updateAndGet(143)) - d10c8639-03b1-4f19-ac0f-6419d7578d59: start FollowerState
2019-10-21 23:03:16,659 [Thread-9392] INFO  impl.FollowerState (FollowerState.java:run(117)) - d10c8639-03b1-4f19-ac0f-6419d7578d59@group-C1C12825AC52-FollowerState was interrupted: java.lang.InterruptedException: sleep interrupted
2019-10-21 23:03:16,658 [pool-531-thread-1] INFO  impl.RaftServerImpl (RaftServerImpl.java:<init>(104)) - 1244ca21-2158-4cc7-9e07-ba347e145504: new RaftServerImpl for group-0242A18271E8:[1244ca21-2158-4cc7-9e07-ba347e145504:192.168.69.118:43370] with ContainerStateMachine:uninitialized
2019-10-21 23:03:16,659 [pool-531-thread-1] INFO  server.RaftServerConfigKeys (ConfUtils.java:logGet(43)) - raft.server.rpc.timeout.min = 1s (custom)
2019-10-21 23:03:16,659 [pool-531-thread-1] INFO  server.RaftServerConfigKeys (ConfUtils.java:logGet(43)) - raft.server.rpc.timeout.max = 1200ms (custom)
2019-10-21 23:03:16,659 [pool-531-thread-1] INFO  server.RaftServerConfigKeys (ConfUtils.java:logGet(43)) - raft.server.rpcslowness.timeout = 120s (custom)
2019-10-21 23:03:16,660 [pool-531-thread-1] INFO  server.RaftServerConfigKeys (ConfUtils.java:logGet(43)) - raft.server.sleep.deviation.threshold = 300 (default)
2019-10-21 23:03:16,660 [pool-531-thread-1] INFO  server.RaftServerConfigKeys (ConfUtils.java:logGet(43)) - raft.server.log.appender.install.snapshot.enabled = false (custom)
2019-10-21 23:03:16,660 [pool-531-thread-1] INFO  impl.RaftServerImpl (ServerState.java:<init>(103)) - 1244ca21-2158-4cc7-9e07-ba347e145504@group-0242A18271E8: ConfigurationManager, init=-1: [1244ca21-2158-4cc7-9e07-ba347e145504:192.168.69.118:43370], old=null, confs=<EMPTY_MAP>
2019-10-21 23:03:16,660 [pool-531-thread-1] INFO  server.RaftServerConfigKeys (ConfUtils.java:logGet(43)) - raft.server.storage.dir = [/workdir/hadoop-ozone/integration-test/target/test-dir/MiniOzoneClusterImpl-d9aa8a4b-930f-46eb-8e95-9ce1bbfd2407/datanode-2/data/ratis] (custom)
2019-10-21 23:03:16,660 [pool-531-thread-1] INFO  server.RaftServerConfigKeys (ConfUtils.java:logGet(43)) - raft.server.log.corruption.policy = EXCEPTION (default)
2019-10-21 23:03:16,660 [pool-531-thread-1] INFO  storage.RaftStorageDirectory (RaftStorageDirectory.java:analyzeStorage(246)) - The storage directory /workdir/hadoop-ozone/integration-test/target/test-dir/MiniOzoneClusterImpl-d9aa8a4b-930f-46eb-8e95-9ce1bbfd2407/datanode-2/data/ratis/143f1889-b232-4544-844d-0242a18271e8 does not exist. Creating ...
2019-10-21 23:03:16,681 [pool-531-thread-1] INFO  storage.RaftStorageDirectory (RaftStorageDirectory.java:tryLock(328)) - Lock on /workdir/hadoop-ozone/integration-test/target/test-dir/MiniOzoneClusterImpl-d9aa8a4b-930f-46eb-8e95-9ce1bbfd2407/datanode-2/data/ratis/143f1889-b232-4544-844d-0242a18271e8/in_use.lock acquired by nodename 10674@pr-hdds-2131-w2fms-3313293055
2019-10-21 23:03:16,682 [1244ca21-2158-4cc7-9e07-ba347e145504@group-C1C12825AC52-LeaderElection1071] INFO  impl.LeaderElection (LeaderElection.java:logAndReturn(56)) - 1244ca21-2158-4cc7-9e07-ba347e145504@group-C1C12825AC52-LeaderElection1071: Election REJECTED; received 2 response(s) [1244ca21-2158-4cc7-9e07-ba347e145504<-7c107f1d-8592-48e3-af71-5982c0af1f56#0:FAIL-t5, 1244ca21-2158-4cc7-9e07-ba347e145504<-d10c8639-03b1-4f19-ac0f-6419d7578d59#0:FAIL-t5] and 0 exception(s); 1244ca21-2158-4cc7-9e07-ba347e145504@group-C1C12825AC52:t5, leader=null, voted=1244ca21-2158-4cc7-9e07-ba347e145504, raftlog=1244ca21-2158-4cc7-9e07-ba347e145504@group-C1C12825AC52-SegmentedRaftLog:OPENED:c-1,f-1,i0, conf=-1: [1244ca21-2158-4cc7-9e07-ba347e145504:192.168.69.118:43370, 7c107f1d-8592-48e3-af71-5982c0af1f56:192.168.69.118:36514, d10c8639-03b1-4f19-ac0f-6419d7578d59:192.168.69.118:37568], old=null
2019-10-21 23:03:16,682 [1244ca21-2158-4cc7-9e07-ba347e145504@group-C1C12825AC52-LeaderElection1071] INFO  impl.RaftServerImpl (RaftServerImpl.java:setRole(184)) - 1244ca21-2158-4cc7-9e07-ba347e145504@group-C1C12825AC52: changes role from CANDIDATE to FOLLOWER at term 5 for DISCOVERED_A_NEW_TERM
2019-10-21 23:03:16,682 [1244ca21-2158-4cc7-9e07-ba347e145504@group-C1C12825AC52-LeaderElection1071] INFO  impl.RoleInfo (RoleInfo.java:shutdownLeaderElection(134)) - 1244ca21-2158-4cc7-9e07-ba347e145504: shutdown LeaderElection
2019-10-21 23:03:16,682 [1244ca21-2158-4cc7-9e07-ba347e145504@group-C1C12825AC52-LeaderElection1071] INFO  impl.RoleInfo (RoleInfo.java:updateAndGet(143)) - 1244ca21-2158-4cc7-9e07-ba347e145504: start FollowerState
2019-10-21 23:03:16,689 [IPC Server handler 11 on 43510] INFO  net.NetworkTopology (NetworkTopologyImpl.java:add(111)) - Added a new node: /rack1/75bcb3a2-b551-405f-b8dd-694cefee0d48
2019-10-21 23:03:16,689 [IPC Server handler 11 on 43510] INFO  node.SCMNodeManager (SCMNodeManager.java:register(268)) - Registered Data node : 75bcb3a2-b551-405f-b8dd-694cefee0d48{ip: 192.168.69.118, host: pr-hdds-2131-w2fms-3313293055, networkLocation: /rack1, certSerialId: null}
2019-10-21 23:03:16,695 [pool-531-thread-1] INFO  storage.RaftStorage (RaftStorage.java:format(84)) - Storage directory /workdir/hadoop-ozone/integration-test/target/test-dir/MiniOzoneClusterImpl-d9aa8a4b-930f-46eb-8e95-9ce1bbfd2407/datanode-2/data/ratis/143f1889-b232-4544-844d-0242a18271e8 has been successfully formatted.
2019-10-21 23:03:16,695 [pool-531-thread-1] INFO  ratis.ContainerStateMachine (ContainerStateMachine.java:loadSnapshot(231)) - group-0242A18271E8: The snapshot info is null. Setting the last applied indexto:(t:0, i:~)
2019-10-21 23:03:16,695 [pool-531-thread-1] INFO  server.RaftServerConfigKeys (ConfUtils.java:logGet(43)) - raft.server.notification.no-leader.timeout = 120s (custom)
2019-10-21 23:03:16,695 [pool-531-thread-1] INFO  server.RaftServerConfigKeys (ConfUtils.java:logGet(43)) - raft.server.log.use.memory = false (default)
2019-10-21 23:03:16,695 [pool-531-thread-1] INFO  server.RaftServerConfigKeys (ConfUtils.java:logGet(43)) - raft.server.log.purge.gap = 1000000 (custom)
2019-10-21 23:03:16,695 [pool-531-thread-1] INFO  server.RaftServerConfigKeys (ConfUtils.java:logGet(43)) - raft.server.log.appender.buffer.byte-limit = 33554432 (custom)
2019-10-21 23:03:16,696 [pool-531-thread-1] INFO  server.RaftServerConfigKeys (ConfUtils.java:logGet(43)) - raft.server.log.segment.size.max = 1048576 (custom)
2019-10-21 23:03:16,696 [pool-531-thread-1] INFO  server.RaftServerConfigKeys (ConfUtils.java:logGet(43)) - raft.server.log.segment.cache.num.max = 2 (custom)
2019-10-21 23:03:16,696 [pool-531-thread-1] INFO  segmented.SegmentedRaftLogWorker (SegmentedRaftLogWorker.java:<init>(173)) - new 1244ca21-2158-4cc7-9e07-ba347e145504@group-0242A18271E8-SegmentedRaftLogWorker for RaftStorage:Storage Directory /workdir/hadoop-ozone/integration-test/target/test-dir/MiniOzoneClusterImpl-d9aa8a4b-930f-46eb-8e95-9ce1bbfd2407/datanode-2/data/ratis/143f1889-b232-4544-844d-0242a18271e8
2019-10-21 23:03:16,696 [pool-531-thread-1] INFO  server.RaftServerConfigKeys (ConfUtils.java:logGet(43)) - raft.server.log.queue.byte-limit = 2147483647 (custom)
2019-10-21 23:03:16,696 [pool-531-thread-1] INFO  server.RaftServerConfigKeys (ConfUtils.java:logGet(43)) - raft.server.log.queue.element-limit = 1024 (custom)
2019-10-21 23:03:16,696 [pool-531-thread-1] INFO  server.RaftServerConfigKeys (ConfUtils.java:logGet(43)) - raft.server.log.segment.size.max = 1048576 (custom)
2019-10-21 23:03:16,696 [pool-531-thread-1] INFO  server.RaftServerConfigKeys (ConfUtils.java:logGet(43)) - raft.server.log.preallocated.size = 16384 (custom)
2019-10-21 23:03:16,696 [pool-531-thread-1] INFO  server.RaftServerConfigKeys (ConfUtils.java:logGet(43)) - raft.server.log.write.buffer.size = 33554432 (custom)
2019-10-21 23:03:16,696 [pool-531-thread-1] INFO  server.RaftServerConfigKeys (ConfUtils.java:logGet(43)) - raft.server.log.force.sync.num = 128 (default)
2019-10-21 23:03:16,696 [pool-531-thread-1] INFO  server.RaftServerConfigKeys (ConfUtils.java:logGet(43)) - raft.server.log.statemachine.data.sync = true (default)
2019-10-21 23:03:16,697 [pool-531-thread-1] INFO  server.RaftServerConfigKeys (ConfUtils.java:logGet(43)) - raft.server.log.statemachine.data.sync.timeout = 10s (default)
2019-10-21 23:03:16,697 [pool-531-thread-1] INFO  server.RaftServerConfigKeys (ConfUtils.java:logGet(43)) - raft.server.log.statemachine.data.sync.timeout.retry = -1 (default)
2019-10-21 23:03:16,697 [pool-531-thread-1] INFO  server.RaftServerConfigKeys (ConfUtils.java:logGet(43)) - raft.server.log.statemachine.data.caching.enabled = true (custom)
2019-10-21 23:03:16,697 [pool-531-thread-1] INFO  segmented.SegmentedRaftLogWorker (SegmentedRaftLogWorker.java:lambda$new$0(128)) - 1244ca21-2158-4cc7-9e07-ba347e145504@group-0242A18271E8-SegmentedRaftLogWorker: flushIndex: setUnconditionally 0 -> -1
2019-10-21 23:03:16,697 [pool-531-thread-1] INFO  server.RaftServerConfigKeys (ConfUtils.java:logGet(43)) - raft.server.snapshot.auto.trigger.enabled = true (custom)
2019-10-21 23:03:16,698 [pool-531-thread-1] INFO  server.RaftServerConfigKeys (ConfUtils.java:logGet(43)) - raft.server.snapshot.auto.trigger.threshold = 10000 (custom)
2019-10-21 23:03:16,698 [pool-531-thread-1] INFO  server.RaftServerConfigKeys (ConfUtils.java:logGet(43)) - raft.server.snapshot.retention.file.num = 5 (custom)
2019-10-21 23:03:16,698 [pool-531-thread-1] INFO  server.RaftServerConfigKeys (ConfUtils.java:logGet(43)) - raft.server.retrycache.expirytime = 600000ms (custom)
2019-10-21 23:03:16,699 [pool-531-thread-1] INFO  impl.RaftServerImpl (RaftServerImpl.java:start(195)) - 1244ca21-2158-4cc7-9e07-ba347e145504@group-0242A18271E8: start as a follower, conf=-1: [1244ca21-2158-4cc7-9e07-ba347e145504:192.168.69.118:43370], old=null
2019-10-21 23:03:16,699 [pool-531-thread-1] INFO  impl.RaftServerImpl (RaftServerImpl.java:setRole(184)) - 1244ca21-2158-4cc7-9e07-ba347e145504@group-0242A18271E8: changes role from      null to FOLLOWER at term 0 for startAsFollower
2019-10-21 23:03:16,699 [pool-531-thread-1] INFO  impl.RoleInfo (RoleInfo.java:updateAndGet(143)) - 1244ca21-2158-4cc7-9e07-ba347e145504: start FollowerState
2019-10-21 23:03:16,699 [pool-531-thread-1] INFO  util.JmxRegister (JmxRegister.java:tryRegister(44)) - Successfully registered JMX Bean with object name Ratis:service=RaftServer,group=group-0242A18271E8,id=1244ca21-2158-4cc7-9e07-ba347e145504
2019-10-21 23:03:16,702 [RatisPipelineUtilsThread] INFO  pipeline.PipelineStateManager (PipelineStateManager.java:addPipeline(56)) - Created pipeline Pipeline[ Id: 143f1889-b232-4544-844d-0242a18271e8, Nodes: 1244ca21-2158-4cc7-9e07-ba347e145504{ip: 192.168.69.118, host: pr-hdds-2131-w2fms-3313293055, networkLocation: /rack1, certSerialId: null}, Type:RATIS, Factor:ONE, State:OPEN]
2019-10-21 23:03:16,709 [grpc-default-executor-8] INFO  impl.RaftServerProxy (RaftServerProxy.java:addNew(89)) - 75bcb3a2-b551-405f-b8dd-694cefee0d48: addNew group-292C166D26FD:[75bcb3a2-b551-405f-b8dd-694cefee0d48:192.168.69.118:38590] returns group-292C166D26FD:java.util.concurrent.CompletableFuture@4b0fe999[Not completed]
2019-10-21 23:03:16,710 [pool-551-thread-1] INFO  impl.RaftServerImpl (RaftServerImpl.java:<init>(104)) - 75bcb3a2-b551-405f-b8dd-694cefee0d48: new RaftServerImpl for group-292C166D26FD:[75bcb3a2-b551-405f-b8dd-694cefee0d48:192.168.69.118:38590] with ContainerStateMachine:uninitialized
2019-10-21 23:03:16,710 [pool-551-thread-1] INFO  server.RaftServerConfigKeys (ConfUtils.java:logGet(43)) - raft.server.rpc.timeout.min = 1s (custom)
2019-10-21 23:03:16,710 [pool-551-thread-1] INFO  server.RaftServerConfigKeys (ConfUtils.java:logGet(43)) - raft.server.rpc.timeout.max = 1200ms (custom)
2019-10-21 23:03:16,710 [pool-551-thread-1] INFO  server.RaftServerConfigKeys (ConfUtils.java:logGet(43)) - raft.server.rpcslowness.timeout = 120s (custom)
2019-10-21 23:03:16,710 [pool-551-thread-1] INFO  server.RaftServerConfigKeys (ConfUtils.java:logGet(43)) - raft.server.sleep.deviation.threshold = 300 (default)
2019-10-21 23:03:16,710 [pool-551-thread-1] INFO  server.RaftServerConfigKeys (ConfUtils.java:logGet(43)) - raft.server.log.appender.install.snapshot.enabled = false (custom)
2019-10-21 23:03:16,710 [pool-551-thread-1] INFO  impl.RaftServerImpl (ServerState.java:<init>(103)) - 75bcb3a2-b551-405f-b8dd-694cefee0d48@group-292C166D26FD: ConfigurationManager, init=-1: [75bcb3a2-b551-405f-b8dd-694cefee0d48:192.168.69.118:38590], old=null, confs=<EMPTY_MAP>
2019-10-21 23:03:16,710 [pool-551-thread-1] INFO  server.RaftServerConfigKeys (ConfUtils.java:logGet(43)) - raft.server.storage.dir = [/workdir/hadoop-ozone/integration-test/target/test-dir/MiniOzoneClusterImpl-d9aa8a4b-930f-46eb-8e95-9ce1bbfd2407/datanode-4/data/ratis] (custom)
2019-10-21 23:03:16,710 [pool-551-thread-1] INFO  server.RaftServerConfigKeys (ConfUtils.java:logGet(43)) - raft.server.log.corruption.policy = EXCEPTION (default)
2019-10-21 23:03:16,711 [pool-551-thread-1] INFO  storage.RaftStorageDirectory (RaftStorageDirectory.java:analyzeStorage(246)) - The storage directory /workdir/hadoop-ozone/integration-test/target/test-dir/MiniOzoneClusterImpl-d9aa8a4b-930f-46eb-8e95-9ce1bbfd2407/datanode-4/data/ratis/7226c35f-e38e-4ef1-a735-292c166d26fd does not exist. Creating ...
2019-10-21 23:03:16,719 [Thread-9405] INFO  impl.FollowerState (FollowerState.java:run(108)) - 1244ca21-2158-4cc7-9e07-ba347e145504@group-0242A18271E8-FollowerState: change to CANDIDATE, lastRpcTime:20ms, electionTimeout:20ms
2019-10-21 23:03:16,720 [Thread-9405] INFO  impl.RoleInfo (RoleInfo.java:shutdownFollowerState(121)) - 1244ca21-2158-4cc7-9e07-ba347e145504: shutdown FollowerState
2019-10-21 23:03:16,720 [Thread-9405] INFO  impl.RaftServerImpl (RaftServerImpl.java:setRole(184)) - 1244ca21-2158-4cc7-9e07-ba347e145504@group-0242A18271E8: changes role from  FOLLOWER to CANDIDATE at term 0 for changeToCandidate
2019-10-21 23:03:16,720 [Thread-9405] INFO  impl.RoleInfo (RoleInfo.java:updateAndGet(143)) - 1244ca21-2158-4cc7-9e07-ba347e145504: start LeaderElection
2019-10-21 23:03:16,724 [pool-551-thread-1] INFO  storage.RaftStorageDirectory (RaftStorageDirectory.java:tryLock(328)) - Lock on /workdir/hadoop-ozone/integration-test/target/test-dir/MiniOzoneClusterImpl-d9aa8a4b-930f-46eb-8e95-9ce1bbfd2407/datanode-4/data/ratis/7226c35f-e38e-4ef1-a735-292c166d26fd/in_use.lock acquired by nodename 10674@pr-hdds-2131-w2fms-3313293055
2019-10-21 23:03:16,738 [pool-551-thread-1] INFO  storage.RaftStorage (RaftStorage.java:format(84)) - Storage directory /workdir/hadoop-ozone/integration-test/target/test-dir/MiniOzoneClusterImpl-d9aa8a4b-930f-46eb-8e95-9ce1bbfd2407/datanode-4/data/ratis/7226c35f-e38e-4ef1-a735-292c166d26fd has been successfully formatted.
2019-10-21 23:03:16,738 [1244ca21-2158-4cc7-9e07-ba347e145504@group-0242A18271E8-LeaderElection1072] INFO  impl.LeaderElection (LeaderElection.java:askForVotes(178)) - 1244ca21-2158-4cc7-9e07-ba347e145504@group-0242A18271E8-LeaderElection1072: begin an election at term 1 for -1: [1244ca21-2158-4cc7-9e07-ba347e145504:192.168.69.118:43370], old=null
2019-10-21 23:03:16,738 [pool-551-thread-1] INFO  ratis.ContainerStateMachine (ContainerStateMachine.java:loadSnapshot(231)) - group-292C166D26FD: The snapshot info is null. Setting the last applied indexto:(t:0, i:~)
2019-10-21 23:03:16,738 [1244ca21-2158-4cc7-9e07-ba347e145504@group-0242A18271E8-LeaderElection1072] INFO  impl.RoleInfo (RoleInfo.java:shutdownLeaderElection(134)) - 1244ca21-2158-4cc7-9e07-ba347e145504: shutdown LeaderElection
2019-10-21 23:03:16,738 [pool-551-thread-1] INFO  server.RaftServerConfigKeys (ConfUtils.java:logGet(43)) - raft.server.notification.no-leader.timeout = 120s (custom)
2019-10-21 23:03:16,738 [1244ca21-2158-4cc7-9e07-ba347e145504@group-0242A18271E8-LeaderElection1072] INFO  impl.RaftServerImpl (RaftServerImpl.java:setRole(184)) - 1244ca21-2158-4cc7-9e07-ba347e145504@group-0242A18271E8: changes role from CANDIDATE to LEADER at term 1 for changeToLeader
2019-10-21 23:03:16,738 [pool-551-thread-1] INFO  server.RaftServerConfigKeys (ConfUtils.java:logGet(43)) - raft.server.log.use.memory = false (default)
2019-10-21 23:03:16,738 [1244ca21-2158-4cc7-9e07-ba347e145504@group-0242A18271E8-LeaderElection1072] INFO  impl.RaftServerImpl (ServerState.java:setLeader(256)) - 1244ca21-2158-4cc7-9e07-ba347e145504@group-0242A18271E8: change Leader from null to 1244ca21-2158-4cc7-9e07-ba347e145504 at term 1 for becomeLeader, leader elected after 43ms
2019-10-21 23:03:16,739 [pool-551-thread-1] INFO  server.RaftServerConfigKeys (ConfUtils.java:logGet(43)) - raft.server.log.purge.gap = 1000000 (custom)
2019-10-21 23:03:16,739 [1244ca21-2158-4cc7-9e07-ba347e145504@group-0242A18271E8-LeaderElection1072] INFO  server.RaftServerConfigKeys (ConfUtils.java:logGet(43)) - raft.server.staging.catchup.gap = 1000 (default)
2019-10-21 23:03:16,739 [pool-551-thread-1] INFO  server.RaftServerConfigKeys (ConfUtils.java:logGet(43)) - raft.server.log.appender.buffer.byte-limit = 33554432 (custom)
2019-10-21 23:03:16,739 [1244ca21-2158-4cc7-9e07-ba347e145504@group-0242A18271E8-LeaderElection1072] INFO  server.RaftServerConfigKeys (ConfUtils.java:logGet(43)) - raft.server.rpc.sleep.time = 25ms (default)
2019-10-21 23:03:16,739 [pool-551-thread-1] INFO  server.RaftServerConfigKeys (ConfUtils.java:logGet(43)) - raft.server.log.segment.size.max = 1048576 (custom)
2019-10-21 23:03:16,739 [1244ca21-2158-4cc7-9e07-ba347e145504@group-0242A18271E8-LeaderElection1072] INFO  server.RaftServerConfigKeys (ConfUtils.java:logGet(43)) - raft.server.write.element-limit = 4096 (default)
2019-10-21 23:03:16,739 [1244ca21-2158-4cc7-9e07-ba347e145504@group-0242A18271E8-LeaderElection1072] INFO  server.RaftServerConfigKeys (ConfUtils.java:logGet(43)) - raft.server.watch.timeout = 10s (default)
2019-10-21 23:03:16,739 [1244ca21-2158-4cc7-9e07-ba347e145504@group-0242A18271E8-LeaderElection1072] INFO  server.RaftServerConfigKeys (ConfUtils.java:logGet(43)) - raft.server.watch.timeout.denomination = 1s (default)
2019-10-21 23:03:16,740 [1244ca21-2158-4cc7-9e07-ba347e145504@group-0242A18271E8-LeaderElection1072] INFO  server.RaftServerConfigKeys (ConfUtils.java:logGet(43)) - raft.server.watch.element-limit = 65536 (default)
2019-10-21 23:03:16,740 [pool-551-thread-1] INFO  server.RaftServerConfigKeys (ConfUtils.java:logGet(43)) - raft.server.log.segment.cache.num.max = 2 (custom)
2019-10-21 23:03:16,740 [pool-551-thread-1] INFO  segmented.SegmentedRaftLogWorker (SegmentedRaftLogWorker.java:<init>(173)) - new 75bcb3a2-b551-405f-b8dd-694cefee0d48@group-292C166D26FD-SegmentedRaftLogWorker for RaftStorage:Storage Directory /workdir/hadoop-ozone/integration-test/target/test-dir/MiniOzoneClusterImpl-d9aa8a4b-930f-46eb-8e95-9ce1bbfd2407/datanode-4/data/ratis/7226c35f-e38e-4ef1-a735-292c166d26fd
2019-10-21 23:03:16,740 [pool-551-thread-1] INFO  server.RaftServerConfigKeys (ConfUtils.java:logGet(43)) - raft.server.log.queue.byte-limit = 2147483647 (custom)
2019-10-21 23:03:16,740 [pool-551-thread-1] INFO  server.RaftServerConfigKeys (ConfUtils.java:logGet(43)) - raft.server.log.queue.element-limit = 1024 (custom)
2019-10-21 23:03:16,741 [pool-551-thread-1] INFO  server.RaftServerConfigKeys (ConfUtils.java:logGet(43)) - raft.server.log.segment.size.max = 1048576 (custom)
2019-10-21 23:03:16,741 [pool-551-thread-1] INFO  server.RaftServerConfigKeys (ConfUtils.java:logGet(43)) - raft.server.log.preallocated.size = 16384 (custom)
2019-10-21 23:03:16,741 [pool-551-thread-1] INFO  server.RaftServerConfigKeys (ConfUtils.java:logGet(43)) - raft.server.log.write.buffer.size = 33554432 (custom)
2019-10-21 23:03:16,741 [pool-551-thread-1] INFO  server.RaftServerConfigKeys (ConfUtils.java:logGet(43)) - raft.server.log.force.sync.num = 128 (default)
2019-10-21 23:03:16,741 [pool-551-thread-1] INFO  server.RaftServerConfigKeys (ConfUtils.java:logGet(43)) - raft.server.log.statemachine.data.sync = true (default)
2019-10-21 23:03:16,741 [pool-551-thread-1] INFO  server.RaftServerConfigKeys (ConfUtils.java:logGet(43)) - raft.server.log.statemachine.data.sync.timeout = 10s (default)
2019-10-21 23:03:16,741 [pool-551-thread-1] INFO  server.RaftServerConfigKeys (ConfUtils.java:logGet(43)) - raft.server.log.statemachine.data.sync.timeout.retry = -1 (default)
2019-10-21 23:03:16,741 [pool-551-thread-1] INFO  server.RaftServerConfigKeys (ConfUtils.java:logGet(43)) - raft.server.log.statemachine.data.caching.enabled = true (custom)
2019-10-21 23:03:16,742 [pool-551-thread-1] INFO  segmented.SegmentedRaftLogWorker (SegmentedRaftLogWorker.java:lambda$new$0(128)) - 75bcb3a2-b551-405f-b8dd-694cefee0d48@group-292C166D26FD-SegmentedRaftLogWorker: flushIndex: setUnconditionally 0 -> -1
2019-10-21 23:03:16,742 [1244ca21-2158-4cc7-9e07-ba347e145504@group-0242A18271E8-LeaderElection1072] INFO  impl.RoleInfo (RoleInfo.java:updateAndGet(143)) - 1244ca21-2158-4cc7-9e07-ba347e145504: start LeaderState
2019-10-21 23:03:16,742 [pool-551-thread-1] INFO  server.RaftServerConfigKeys (ConfUtils.java:logGet(43)) - raft.server.snapshot.auto.trigger.enabled = true (custom)
2019-10-21 23:03:16,742 [pool-551-thread-1] INFO  server.RaftServerConfigKeys (ConfUtils.java:logGet(43)) - raft.server.snapshot.auto.trigger.threshold = 10000 (custom)
2019-10-21 23:03:16,742 [1244ca21-2158-4cc7-9e07-ba347e145504@group-0242A18271E8-LeaderElection1072] INFO  segmented.SegmentedRaftLogWorker (SegmentedRaftLogWorker.java:startLogSegment(385)) - 1244ca21-2158-4cc7-9e07-ba347e145504@group-0242A18271E8-SegmentedRaftLogWorker: Starting segment from index:0
2019-10-21 23:03:16,742 [pool-551-thread-1] INFO  server.RaftServerConfigKeys (ConfUtils.java:logGet(43)) - raft.server.snapshot.retention.file.num = 5 (custom)
2019-10-21 23:03:16,742 [pool-551-thread-1] INFO  server.RaftServerConfigKeys (ConfUtils.java:logGet(43)) - raft.server.retrycache.expirytime = 600000ms (custom)
2019-10-21 23:03:16,743 [1244ca21-2158-4cc7-9e07-ba347e145504@group-0242A18271E8-LeaderElection1072] INFO  impl.RaftServerImpl (ServerState.java:setRaftConf(357)) - 1244ca21-2158-4cc7-9e07-ba347e145504@group-0242A18271E8: set configuration 0: [1244ca21-2158-4cc7-9e07-ba347e145504:192.168.69.118:43370], old=null at 0
2019-10-21 23:03:16,745 [pool-551-thread-1] INFO  impl.RaftServerImpl (RaftServerImpl.java:start(195)) - 75bcb3a2-b551-405f-b8dd-694cefee0d48@group-292C166D26FD: start as a follower, conf=-1: [75bcb3a2-b551-405f-b8dd-694cefee0d48:192.168.69.118:38590], old=null
2019-10-21 23:03:16,745 [pool-551-thread-1] INFO  impl.RaftServerImpl (RaftServerImpl.java:setRole(184)) - 75bcb3a2-b551-405f-b8dd-694cefee0d48@group-292C166D26FD: changes role from      null to FOLLOWER at term 0 for startAsFollower
2019-10-21 23:03:16,745 [pool-551-thread-1] INFO  impl.RoleInfo (RoleInfo.java:updateAndGet(143)) - 75bcb3a2-b551-405f-b8dd-694cefee0d48: start FollowerState
2019-10-21 23:03:16,745 [pool-551-thread-1] INFO  util.JmxRegister (JmxRegister.java:tryRegister(44)) - Successfully registered JMX Bean with object name Ratis:service=RaftServer,group=group-292C166D26FD,id=75bcb3a2-b551-405f-b8dd-694cefee0d48
2019-10-21 23:03:16,748 [RatisPipelineUtilsThread] INFO  pipeline.PipelineStateManager (PipelineStateManager.java:addPipeline(56)) - Created pipeline Pipeline[ Id: 7226c35f-e38e-4ef1-a735-292c166d26fd, Nodes: 75bcb3a2-b551-405f-b8dd-694cefee0d48{ip: 192.168.69.118, host: pr-hdds-2131-w2fms-3313293055, networkLocation: /rack1, certSerialId: null}, Type:RATIS, Factor:ONE, State:OPEN]
2019-10-21 23:03:16,778 [1244ca21-2158-4cc7-9e07-ba347e145504@group-0242A18271E8-SegmentedRaftLogWorker] INFO  segmented.SegmentedRaftLogWorker (SegmentedRaftLogWorker.java:execute(576)) - 1244ca21-2158-4cc7-9e07-ba347e145504@group-0242A18271E8-SegmentedRaftLogWorker: created new log segment /workdir/hadoop-ozone/integration-test/target/test-dir/MiniOzoneClusterImpl-d9aa8a4b-930f-46eb-8e95-9ce1bbfd2407/datanode-2/data/ratis/143f1889-b232-4544-844d-0242a18271e8/current/log_inprogress_0
2019-10-21 23:03:16,794 [IPC Server handler 1 on 43510] INFO  net.NetworkTopology (NetworkTopologyImpl.java:add(111)) - Added a new node: /rack1/9aaebd24-66cb-4b96-a722-f4b7b0063a4e
2019-10-21 23:03:16,794 [IPC Server handler 1 on 43510] INFO  node.SCMNodeManager (SCMNodeManager.java:register(268)) - Registered Data node : 9aaebd24-66cb-4b96-a722-f4b7b0063a4e{ip: 192.168.69.118, host: pr-hdds-2131-w2fms-3313293055, networkLocation: /rack1, certSerialId: null}
2019-10-21 23:03:16,802 [grpc-default-executor-8] INFO  impl.RaftServerProxy (RaftServerProxy.java:addNew(89)) - 9aaebd24-66cb-4b96-a722-f4b7b0063a4e: addNew group-7CEDB5923D7C:[9aaebd24-66cb-4b96-a722-f4b7b0063a4e:192.168.69.118:34037] returns group-7CEDB5923D7C:java.util.concurrent.CompletableFuture@1ebc4d44[Not completed]
2019-10-21 23:03:16,803 [pool-561-thread-1] INFO  impl.RaftServerImpl (RaftServerImpl.java:<init>(104)) - 9aaebd24-66cb-4b96-a722-f4b7b0063a4e: new RaftServerImpl for group-7CEDB5923D7C:[9aaebd24-66cb-4b96-a722-f4b7b0063a4e:192.168.69.118:34037] with ContainerStateMachine:uninitialized
2019-10-21 23:03:16,803 [pool-561-thread-1] INFO  server.RaftServerConfigKeys (ConfUtils.java:logGet(43)) - raft.server.rpc.timeout.min = 1s (custom)
2019-10-21 23:03:16,803 [pool-561-thread-1] INFO  server.RaftServerConfigKeys (ConfUtils.java:logGet(43)) - raft.server.rpc.timeout.max = 1200ms (custom)
2019-10-21 23:03:16,804 [pool-561-thread-1] INFO  server.RaftServerConfigKeys (ConfUtils.java:logGet(43)) - raft.server.rpcslowness.timeout = 120s (custom)
2019-10-21 23:03:16,804 [pool-561-thread-1] INFO  server.RaftServerConfigKeys (ConfUtils.java:logGet(43)) - raft.server.sleep.deviation.threshold = 300 (default)
2019-10-21 23:03:16,804 [pool-561-thread-1] INFO  server.RaftServerConfigKeys (ConfUtils.java:logGet(43)) - raft.server.log.appender.install.snapshot.enabled = false (custom)
2019-10-21 23:03:16,804 [pool-561-thread-1] INFO  impl.RaftServerImpl (ServerState.java:<init>(103)) - 9aaebd24-66cb-4b96-a722-f4b7b0063a4e@group-7CEDB5923D7C: ConfigurationManager, init=-1: [9aaebd24-66cb-4b96-a722-f4b7b0063a4e:192.168.69.118:34037], old=null, confs=<EMPTY_MAP>
2019-10-21 23:03:16,804 [pool-561-thread-1] INFO  server.RaftServerConfigKeys (ConfUtils.java:logGet(43)) - raft.server.storage.dir = [/workdir/hadoop-ozone/integration-test/target/test-dir/MiniOzoneClusterImpl-d9aa8a4b-930f-46eb-8e95-9ce1bbfd2407/datanode-5/data/ratis] (custom)
2019-10-21 23:03:16,804 [pool-561-thread-1] INFO  server.RaftServerConfigKeys (ConfUtils.java:logGet(43)) - raft.server.log.corruption.policy = EXCEPTION (default)
2019-10-21 23:03:16,805 [pool-561-thread-1] INFO  storage.RaftStorageDirectory (RaftStorageDirectory.java:analyzeStorage(246)) - The storage directory /workdir/hadoop-ozone/integration-test/target/test-dir/MiniOzoneClusterImpl-d9aa8a4b-930f-46eb-8e95-9ce1bbfd2407/datanode-5/data/ratis/eb7354e5-ef21-4ee0-9c36-7cedb5923d7c does not exist. Creating ...
2019-10-21 23:03:16,809 [pool-561-thread-1] INFO  storage.RaftStorageDirectory (RaftStorageDirectory.java:tryLock(328)) - Lock on /workdir/hadoop-ozone/integration-test/target/test-dir/MiniOzoneClusterImpl-d9aa8a4b-930f-46eb-8e95-9ce1bbfd2407/datanode-5/data/ratis/eb7354e5-ef21-4ee0-9c36-7cedb5923d7c/in_use.lock acquired by nodename 10674@pr-hdds-2131-w2fms-3313293055
2019-10-21 23:03:16,822 [pool-561-thread-1] INFO  storage.RaftStorage (RaftStorage.java:format(84)) - Storage directory /workdir/hadoop-ozone/integration-test/target/test-dir/MiniOzoneClusterImpl-d9aa8a4b-930f-46eb-8e95-9ce1bbfd2407/datanode-5/data/ratis/eb7354e5-ef21-4ee0-9c36-7cedb5923d7c has been successfully formatted.
2019-10-21 23:03:16,822 [pool-561-thread-1] INFO  ratis.ContainerStateMachine (ContainerStateMachine.java:loadSnapshot(231)) - group-7CEDB5923D7C: The snapshot info is null. Setting the last applied indexto:(t:0, i:~)
2019-10-21 23:03:16,822 [pool-561-thread-1] INFO  server.RaftServerConfigKeys (ConfUtils.java:logGet(43)) - raft.server.notification.no-leader.timeout = 120s (custom)
2019-10-21 23:03:16,822 [pool-561-thread-1] INFO  server.RaftServerConfigKeys (ConfUtils.java:logGet(43)) - raft.server.log.use.memory = false (default)
2019-10-21 23:03:16,822 [pool-561-thread-1] INFO  server.RaftServerConfigKeys (ConfUtils.java:logGet(43)) - raft.server.log.purge.gap = 1000000 (custom)
2019-10-21 23:03:16,823 [pool-561-thread-1] INFO  server.RaftServerConfigKeys (ConfUtils.java:logGet(43)) - raft.server.log.appender.buffer.byte-limit = 33554432 (custom)
2019-10-21 23:03:16,823 [pool-561-thread-1] INFO  server.RaftServerConfigKeys (ConfUtils.java:logGet(43)) - raft.server.log.segment.size.max = 1048576 (custom)
2019-10-21 23:03:16,824 [pool-561-thread-1] INFO  server.RaftServerConfigKeys (ConfUtils.java:logGet(43)) - raft.server.log.segment.cache.num.max = 2 (custom)
2019-10-21 23:03:16,824 [pool-561-thread-1] INFO  segmented.SegmentedRaftLogWorker (SegmentedRaftLogWorker.java:<init>(173)) - new 9aaebd24-66cb-4b96-a722-f4b7b0063a4e@group-7CEDB5923D7C-SegmentedRaftLogWorker for RaftStorage:Storage Directory /workdir/hadoop-ozone/integration-test/target/test-dir/MiniOzoneClusterImpl-d9aa8a4b-930f-46eb-8e95-9ce1bbfd2407/datanode-5/data/ratis/eb7354e5-ef21-4ee0-9c36-7cedb5923d7c
2019-10-21 23:03:16,824 [pool-561-thread-1] INFO  server.RaftServerConfigKeys (ConfUtils.java:logGet(43)) - raft.server.log.queue.byte-limit = 2147483647 (custom)
2019-10-21 23:03:16,825 [pool-561-thread-1] INFO  server.RaftServerConfigKeys (ConfUtils.java:logGet(43)) - raft.server.log.queue.element-limit = 1024 (custom)
2019-10-21 23:03:16,825 [pool-561-thread-1] INFO  server.RaftServerConfigKeys (ConfUtils.java:logGet(43)) - raft.server.log.segment.size.max = 1048576 (custom)
2019-10-21 23:03:16,825 [pool-561-thread-1] INFO  server.RaftServerConfigKeys (ConfUtils.java:logGet(43)) - raft.server.log.preallocated.size = 16384 (custom)
2019-10-21 23:03:16,825 [pool-561-thread-1] INFO  server.RaftServerConfigKeys (ConfUtils.java:logGet(43)) - raft.server.log.write.buffer.size = 33554432 (custom)
2019-10-21 23:03:16,825 [pool-561-thread-1] INFO  server.RaftServerConfigKeys (ConfUtils.java:logGet(43)) - raft.server.log.force.sync.num = 128 (default)
2019-10-21 23:03:16,825 [pool-561-thread-1] INFO  server.RaftServerConfigKeys (ConfUtils.java:logGet(43)) - raft.server.log.statemachine.data.sync = true (default)
2019-10-21 23:03:16,825 [pool-561-thread-1] INFO  server.RaftServerConfigKeys (ConfUtils.java:logGet(43)) - raft.server.log.statemachine.data.sync.timeout = 10s (default)
2019-10-21 23:03:16,825 [pool-561-thread-1] INFO  server.RaftServerConfigKeys (ConfUtils.java:logGet(43)) - raft.server.log.statemachine.data.sync.timeout.retry = -1 (default)
2019-10-21 23:03:16,826 [pool-561-thread-1] INFO  server.RaftServerConfigKeys (ConfUtils.java:logGet(43)) - raft.server.log.statemachine.data.caching.enabled = true (custom)
2019-10-21 23:03:16,826 [pool-561-thread-1] INFO  segmented.SegmentedRaftLogWorker (SegmentedRaftLogWorker.java:lambda$new$0(128)) - 9aaebd24-66cb-4b96-a722-f4b7b0063a4e@group-7CEDB5923D7C-SegmentedRaftLogWorker: flushIndex: setUnconditionally 0 -> -1
2019-10-21 23:03:16,826 [pool-561-thread-1] INFO  server.RaftServerConfigKeys (ConfUtils.java:logGet(43)) - raft.server.snapshot.auto.trigger.enabled = true (custom)
2019-10-21 23:03:16,826 [pool-561-thread-1] INFO  server.RaftServerConfigKeys (ConfUtils.java:logGet(43)) - raft.server.snapshot.auto.trigger.threshold = 10000 (custom)
2019-10-21 23:03:16,827 [pool-561-thread-1] INFO  server.RaftServerConfigKeys (ConfUtils.java:logGet(43)) - raft.server.snapshot.retention.file.num = 5 (custom)
2019-10-21 23:03:16,827 [pool-561-thread-1] INFO  server.RaftServerConfigKeys (ConfUtils.java:logGet(43)) - raft.server.retrycache.expirytime = 600000ms (custom)
2019-10-21 23:03:16,828 [Thread-9403] INFO  impl.FollowerState (FollowerState.java:run(108)) - 1244ca21-2158-4cc7-9e07-ba347e145504@group-C1C12825AC52-FollowerState: change to CANDIDATE, lastRpcTime:146ms, electionTimeout:146ms
2019-10-21 23:03:16,829 [Thread-9403] INFO  impl.RoleInfo (RoleInfo.java:shutdownFollowerState(121)) - 1244ca21-2158-4cc7-9e07-ba347e145504: shutdown FollowerState
2019-10-21 23:03:16,829 [Thread-9403] INFO  impl.RaftServerImpl (RaftServerImpl.java:setRole(184)) - 1244ca21-2158-4cc7-9e07-ba347e145504@group-C1C12825AC52: changes role from  FOLLOWER to CANDIDATE at term 5 for changeToCandidate
2019-10-21 23:03:16,829 [Thread-9403] INFO  impl.RoleInfo (RoleInfo.java:updateAndGet(143)) - 1244ca21-2158-4cc7-9e07-ba347e145504: start LeaderElection
2019-10-21 23:03:16,830 [pool-561-thread-1] INFO  impl.RaftServerImpl (RaftServerImpl.java:start(195)) - 9aaebd24-66cb-4b96-a722-f4b7b0063a4e@group-7CEDB5923D7C: start as a follower, conf=-1: [9aaebd24-66cb-4b96-a722-f4b7b0063a4e:192.168.69.118:34037], old=null
2019-10-21 23:03:16,830 [pool-561-thread-1] INFO  impl.RaftServerImpl (RaftServerImpl.java:setRole(184)) - 9aaebd24-66cb-4b96-a722-f4b7b0063a4e@group-7CEDB5923D7C: changes role from      null to FOLLOWER at term 0 for startAsFollower
2019-10-21 23:03:16,830 [pool-561-thread-1] INFO  impl.RoleInfo (RoleInfo.java:updateAndGet(143)) - 9aaebd24-66cb-4b96-a722-f4b7b0063a4e: start FollowerState
2019-10-21 23:03:16,830 [pool-561-thread-1] INFO  util.JmxRegister (JmxRegister.java:tryRegister(44)) - Successfully registered JMX Bean with object name Ratis:service=RaftServer,group=group-7CEDB5923D7C,id=9aaebd24-66cb-4b96-a722-f4b7b0063a4e
2019-10-21 23:03:16,834 [RatisPipelineUtilsThread] INFO  pipeline.PipelineStateManager (PipelineStateManager.java:addPipeline(56)) - Created pipeline Pipeline[ Id: eb7354e5-ef21-4ee0-9c36-7cedb5923d7c, Nodes: 9aaebd24-66cb-4b96-a722-f4b7b0063a4e{ip: 192.168.69.118, host: pr-hdds-2131-w2fms-3313293055, networkLocation: /rack1, certSerialId: null}, Type:RATIS, Factor:ONE, State:OPEN]
2019-10-21 23:03:16,843 [Thread-9410] INFO  impl.FollowerState (FollowerState.java:run(108)) - 75bcb3a2-b551-405f-b8dd-694cefee0d48@group-292C166D26FD-FollowerState: change to CANDIDATE, lastRpcTime:97ms, electionTimeout:97ms
2019-10-21 23:03:16,843 [1244ca21-2158-4cc7-9e07-ba347e145504@group-C1C12825AC52-LeaderElection1073] INFO  impl.LeaderElection (LeaderElection.java:askForVotes(178)) - 1244ca21-2158-4cc7-9e07-ba347e145504@group-C1C12825AC52-LeaderElection1073: begin an election at term 6 for -1: [1244ca21-2158-4cc7-9e07-ba347e145504:192.168.69.118:43370, 7c107f1d-8592-48e3-af71-5982c0af1f56:192.168.69.118:36514, d10c8639-03b1-4f19-ac0f-6419d7578d59:192.168.69.118:37568], old=null
2019-10-21 23:03:16,843 [Thread-9410] INFO  impl.RoleInfo (RoleInfo.java:shutdownFollowerState(121)) - 75bcb3a2-b551-405f-b8dd-694cefee0d48: shutdown FollowerState
2019-10-21 23:03:16,843 [Thread-9410] INFO  impl.RaftServerImpl (RaftServerImpl.java:setRole(184)) - 75bcb3a2-b551-405f-b8dd-694cefee0d48@group-292C166D26FD: changes role from  FOLLOWER to CANDIDATE at term 0 for changeToCandidate
2019-10-21 23:03:16,843 [Thread-9410] INFO  impl.RoleInfo (RoleInfo.java:updateAndGet(143)) - 75bcb3a2-b551-405f-b8dd-694cefee0d48: start LeaderElection
2019-10-21 23:03:16,848 [grpc-default-executor-8] INFO  impl.RaftServerImpl (RaftServerImpl.java:setRole(184)) - 7c107f1d-8592-48e3-af71-5982c0af1f56@group-C1C12825AC52: changes role from  FOLLOWER to FOLLOWER at term 6 for recognizeCandidate:1244ca21-2158-4cc7-9e07-ba347e145504
2019-10-21 23:03:16,848 [grpc-default-executor-8] INFO  impl.RoleInfo (RoleInfo.java:shutdownFollowerState(121)) - 7c107f1d-8592-48e3-af71-5982c0af1f56: shutdown FollowerState
2019-10-21 23:03:16,848 [grpc-default-executor-8] INFO  impl.RoleInfo (RoleInfo.java:updateAndGet(143)) - 7c107f1d-8592-48e3-af71-5982c0af1f56: start FollowerState
2019-10-21 23:03:16,850 [Thread-9396] INFO  impl.FollowerState (FollowerState.java:run(108)) - 8f86521a-dea0-43d1-ae77-898e04dffe78@group-444865C88E0F-FollowerState: change to CANDIDATE, lastRpcTime:199ms, electionTimeout:198ms
2019-10-21 23:03:16,848 [Thread-9401] INFO  impl.FollowerState (FollowerState.java:run(117)) - 7c107f1d-8592-48e3-af71-5982c0af1f56@group-C1C12825AC52-FollowerState was interrupted: java.lang.InterruptedException: sleep interrupted
2019-10-21 23:03:16,851 [Thread-9396] INFO  impl.RoleInfo (RoleInfo.java:shutdownFollowerState(121)) - 8f86521a-dea0-43d1-ae77-898e04dffe78: shutdown FollowerState
2019-10-21 23:03:16,853 [Thread-9396] INFO  impl.RaftServerImpl (RaftServerImpl.java:setRole(184)) - 8f86521a-dea0-43d1-ae77-898e04dffe78@group-444865C88E0F: changes role from  FOLLOWER to CANDIDATE at term 0 for changeToCandidate
2019-10-21 23:03:16,853 [Thread-9396] INFO  impl.RoleInfo (RoleInfo.java:updateAndGet(143)) - 8f86521a-dea0-43d1-ae77-898e04dffe78: start LeaderElection
2019-10-21 23:03:16,856 [grpc-default-executor-0] INFO  impl.RaftServerImpl (RaftServerImpl.java:setRole(184)) - d10c8639-03b1-4f19-ac0f-6419d7578d59@group-C1C12825AC52: changes role from  FOLLOWER to FOLLOWER at term 6 for recognizeCandidate:1244ca21-2158-4cc7-9e07-ba347e145504
2019-10-21 23:03:16,856 [grpc-default-executor-0] INFO  impl.RoleInfo (RoleInfo.java:shutdownFollowerState(121)) - d10c8639-03b1-4f19-ac0f-6419d7578d59: shutdown FollowerState
2019-10-21 23:03:16,856 [grpc-default-executor-0] INFO  impl.RoleInfo (RoleInfo.java:updateAndGet(143)) - d10c8639-03b1-4f19-ac0f-6419d7578d59: start FollowerState
2019-10-21 23:03:16,856 [Thread-9402] INFO  impl.FollowerState (FollowerState.java:run(117)) - d10c8639-03b1-4f19-ac0f-6419d7578d59@group-C1C12825AC52-FollowerState was interrupted: java.lang.InterruptedException: sleep interrupted
2019-10-21 23:03:16,857 [grpc-default-executor-3] INFO  impl.RaftServerProxy (RaftServerProxy.java:addNew(89)) - 8f86521a-dea0-43d1-ae77-898e04dffe78: addNew group-2FC1C8829C54:[8f86521a-dea0-43d1-ae77-898e04dffe78:192.168.69.118:34690, 75bcb3a2-b551-405f-b8dd-694cefee0d48:192.168.69.118:38590, 9aaebd24-66cb-4b96-a722-f4b7b0063a4e:192.168.69.118:34037] returns group-2FC1C8829C54:java.util.concurrent.CompletableFuture@15b3930b[Not completed]
2019-10-21 23:03:16,857 [grpc-default-executor-5] INFO  impl.RaftServerProxy (RaftServerProxy.java:addNew(89)) - 75bcb3a2-b551-405f-b8dd-694cefee0d48: addNew group-2FC1C8829C54:[8f86521a-dea0-43d1-ae77-898e04dffe78:192.168.69.118:34690, 75bcb3a2-b551-405f-b8dd-694cefee0d48:192.168.69.118:38590, 9aaebd24-66cb-4b96-a722-f4b7b0063a4e:192.168.69.118:34037] returns group-2FC1C8829C54:java.util.concurrent.CompletableFuture@47a94f8d[Not completed]
2019-10-21 23:03:16,857 [grpc-default-executor-6] INFO  impl.RaftServerProxy (RaftServerProxy.java:addNew(89)) - 9aaebd24-66cb-4b96-a722-f4b7b0063a4e: addNew group-2FC1C8829C54:[8f86521a-dea0-43d1-ae77-898e04dffe78:192.168.69.118:34690, 75bcb3a2-b551-405f-b8dd-694cefee0d48:192.168.69.118:38590, 9aaebd24-66cb-4b96-a722-f4b7b0063a4e:192.168.69.118:34037] returns group-2FC1C8829C54:java.util.concurrent.CompletableFuture@5332b5c0[Not completed]
2019-10-21 23:03:16,858 [pool-551-thread-1] INFO  impl.RaftServerImpl (RaftServerImpl.java:<init>(104)) - 75bcb3a2-b551-405f-b8dd-694cefee0d48: new RaftServerImpl for group-2FC1C8829C54:[8f86521a-dea0-43d1-ae77-898e04dffe78:192.168.69.118:34690, 75bcb3a2-b551-405f-b8dd-694cefee0d48:192.168.69.118:38590, 9aaebd24-66cb-4b96-a722-f4b7b0063a4e:192.168.69.118:34037] with ContainerStateMachine:uninitialized
2019-10-21 23:03:16,858 [pool-551-thread-1] INFO  server.RaftServerConfigKeys (ConfUtils.java:logGet(43)) - raft.server.rpc.timeout.min = 1s (custom)
2019-10-21 23:03:16,858 [pool-551-thread-1] INFO  server.RaftServerConfigKeys (ConfUtils.java:logGet(43)) - raft.server.rpc.timeout.max = 1200ms (custom)
2019-10-21 23:03:16,858 [pool-551-thread-1] INFO  server.RaftServerConfigKeys (ConfUtils.java:logGet(43)) - raft.server.rpcslowness.timeout = 120s (custom)
2019-10-21 23:03:16,858 [pool-561-thread-1] INFO  impl.RaftServerImpl (RaftServerImpl.java:<init>(104)) - 9aaebd24-66cb-4b96-a722-f4b7b0063a4e: new RaftServerImpl for group-2FC1C8829C54:[8f86521a-dea0-43d1-ae77-898e04dffe78:192.168.69.118:34690, 75bcb3a2-b551-405f-b8dd-694cefee0d48:192.168.69.118:38590, 9aaebd24-66cb-4b96-a722-f4b7b0063a4e:192.168.69.118:34037] with ContainerStateMachine:uninitialized
2019-10-21 23:03:16,859 [pool-551-thread-1] INFO  server.RaftServerConfigKeys (ConfUtils.java:logGet(43)) - raft.server.sleep.deviation.threshold = 300 (default)
2019-10-21 23:03:16,859 [pool-561-thread-1] INFO  server.RaftServerConfigKeys (ConfUtils.java:logGet(43)) - raft.server.rpc.timeout.min = 1s (custom)
2019-10-21 23:03:16,859 [pool-551-thread-1] INFO  server.RaftServerConfigKeys (ConfUtils.java:logGet(43)) - raft.server.log.appender.install.snapshot.enabled = false (custom)
2019-10-21 23:03:16,859 [pool-561-thread-1] INFO  server.RaftServerConfigKeys (ConfUtils.java:logGet(43)) - raft.server.rpc.timeout.max = 1200ms (custom)
2019-10-21 23:03:16,859 [pool-551-thread-1] INFO  impl.RaftServerImpl (ServerState.java:<init>(103)) - 75bcb3a2-b551-405f-b8dd-694cefee0d48@group-2FC1C8829C54: ConfigurationManager, init=-1: [8f86521a-dea0-43d1-ae77-898e04dffe78:192.168.69.118:34690, 75bcb3a2-b551-405f-b8dd-694cefee0d48:192.168.69.118:38590, 9aaebd24-66cb-4b96-a722-f4b7b0063a4e:192.168.69.118:34037], old=null, confs=<EMPTY_MAP>
2019-10-21 23:03:16,859 [pool-541-thread-1] INFO  impl.RaftServerImpl (RaftServerImpl.java:<init>(104)) - 8f86521a-dea0-43d1-ae77-898e04dffe78: new RaftServerImpl for group-2FC1C8829C54:[8f86521a-dea0-43d1-ae77-898e04dffe78:192.168.69.118:34690, 75bcb3a2-b551-405f-b8dd-694cefee0d48:192.168.69.118:38590, 9aaebd24-66cb-4b96-a722-f4b7b0063a4e:192.168.69.118:34037] with ContainerStateMachine:uninitialized
2019-10-21 23:03:16,859 [pool-551-thread-1] INFO  server.RaftServerConfigKeys (ConfUtils.java:logGet(43)) - raft.server.storage.dir = [/workdir/hadoop-ozone/integration-test/target/test-dir/MiniOzoneClusterImpl-d9aa8a4b-930f-46eb-8e95-9ce1bbfd2407/datanode-4/data/ratis] (custom)
2019-10-21 23:03:16,859 [pool-561-thread-1] INFO  server.RaftServerConfigKeys (ConfUtils.java:logGet(43)) - raft.server.rpcslowness.timeout = 120s (custom)
2019-10-21 23:03:16,859 [pool-541-thread-1] INFO  server.RaftServerConfigKeys (ConfUtils.java:logGet(43)) - raft.server.rpc.timeout.min = 1s (custom)
2019-10-21 23:03:16,859 [pool-551-thread-1] INFO  server.RaftServerConfigKeys (ConfUtils.java:logGet(43)) - raft.server.log.corruption.policy = EXCEPTION (default)
2019-10-21 23:03:16,859 [pool-561-thread-1] INFO  server.RaftServerConfigKeys (ConfUtils.java:logGet(43)) - raft.server.sleep.deviation.threshold = 300 (default)
2019-10-21 23:03:16,860 [pool-541-thread-1] INFO  server.RaftServerConfigKeys (ConfUtils.java:logGet(43)) - raft.server.rpc.timeout.max = 1200ms (custom)
2019-10-21 23:03:16,860 [pool-551-thread-1] INFO  storage.RaftStorageDirectory (RaftStorageDirectory.java:analyzeStorage(246)) - The storage directory /workdir/hadoop-ozone/integration-test/target/test-dir/MiniOzoneClusterImpl-d9aa8a4b-930f-46eb-8e95-9ce1bbfd2407/datanode-4/data/ratis/f1772525-8379-4a34-84d1-2fc1c8829c54 does not exist. Creating ...
2019-10-21 23:03:16,860 [pool-561-thread-1] INFO  server.RaftServerConfigKeys (ConfUtils.java:logGet(43)) - raft.server.log.appender.install.snapshot.enabled = false (custom)
2019-10-21 23:03:16,860 [pool-541-thread-1] INFO  server.RaftServerConfigKeys (ConfUtils.java:logGet(43)) - raft.server.rpcslowness.timeout = 120s (custom)
2019-10-21 23:03:16,860 [pool-561-thread-1] INFO  impl.RaftServerImpl (ServerState.java:<init>(103)) - 9aaebd24-66cb-4b96-a722-f4b7b0063a4e@group-2FC1C8829C54: ConfigurationManager, init=-1: [8f86521a-dea0-43d1-ae77-898e04dffe78:192.168.69.118:34690, 75bcb3a2-b551-405f-b8dd-694cefee0d48:192.168.69.118:38590, 9aaebd24-66cb-4b96-a722-f4b7b0063a4e:192.168.69.118:34037], old=null, confs=<EMPTY_MAP>
2019-10-21 23:03:16,860 [pool-541-thread-1] INFO  server.RaftServerConfigKeys (ConfUtils.java:logGet(43)) - raft.server.sleep.deviation.threshold = 300 (default)
2019-10-21 23:03:16,860 [pool-561-thread-1] INFO  server.RaftServerConfigKeys (ConfUtils.java:logGet(43)) - raft.server.storage.dir = [/workdir/hadoop-ozone/integration-test/target/test-dir/MiniOzoneClusterImpl-d9aa8a4b-930f-46eb-8e95-9ce1bbfd2407/datanode-5/data/ratis] (custom)
2019-10-21 23:03:16,860 [pool-541-thread-1] INFO  server.RaftServerConfigKeys (ConfUtils.java:logGet(43)) - raft.server.log.appender.install.snapshot.enabled = false (custom)
2019-10-21 23:03:16,860 [pool-541-thread-1] INFO  impl.RaftServerImpl (ServerState.java:<init>(103)) - 8f86521a-dea0-43d1-ae77-898e04dffe78@group-2FC1C8829C54: ConfigurationManager, init=-1: [8f86521a-dea0-43d1-ae77-898e04dffe78:192.168.69.118:34690, 75bcb3a2-b551-405f-b8dd-694cefee0d48:192.168.69.118:38590, 9aaebd24-66cb-4b96-a722-f4b7b0063a4e:192.168.69.118:34037], old=null, confs=<EMPTY_MAP>
2019-10-21 23:03:16,861 [pool-561-thread-1] INFO  server.RaftServerConfigKeys (ConfUtils.java:logGet(43)) - raft.server.log.corruption.policy = EXCEPTION (default)
2019-10-21 23:03:16,861 [pool-541-thread-1] INFO  server.RaftServerConfigKeys (ConfUtils.java:logGet(43)) - raft.server.storage.dir = [/workdir/hadoop-ozone/integration-test/target/test-dir/MiniOzoneClusterImpl-d9aa8a4b-930f-46eb-8e95-9ce1bbfd2407/datanode-3/data/ratis] (custom)
2019-10-21 23:03:16,861 [pool-561-thread-1] INFO  storage.RaftStorageDirectory (RaftStorageDirectory.java:analyzeStorage(246)) - The storage directory /workdir/hadoop-ozone/integration-test/target/test-dir/MiniOzoneClusterImpl-d9aa8a4b-930f-46eb-8e95-9ce1bbfd2407/datanode-5/data/ratis/f1772525-8379-4a34-84d1-2fc1c8829c54 does not exist. Creating ...
2019-10-21 23:03:16,861 [pool-541-thread-1] INFO  server.RaftServerConfigKeys (ConfUtils.java:logGet(43)) - raft.server.log.corruption.policy = EXCEPTION (default)
2019-10-21 23:03:16,861 [pool-541-thread-1] INFO  storage.RaftStorageDirectory (RaftStorageDirectory.java:analyzeStorage(246)) - The storage directory /workdir/hadoop-ozone/integration-test/target/test-dir/MiniOzoneClusterImpl-d9aa8a4b-930f-46eb-8e95-9ce1bbfd2407/datanode-3/data/ratis/f1772525-8379-4a34-84d1-2fc1c8829c54 does not exist. Creating ...
2019-10-21 23:03:16,872 [IPC Server handler 4 on 43510] INFO  net.NetworkTopology (NetworkTopologyImpl.java:add(111)) - Added a new node: /rack1/1ece9cc6-afa0-4e0e-a250-be9279276c08
2019-10-21 23:03:16,873 [8f86521a-dea0-43d1-ae77-898e04dffe78@group-444865C88E0F-LeaderElection1075] INFO  impl.LeaderElection (LeaderElection.java:askForVotes(178)) - 8f86521a-dea0-43d1-ae77-898e04dffe78@group-444865C88E0F-LeaderElection1075: begin an election at term 1 for -1: [8f86521a-dea0-43d1-ae77-898e04dffe78:192.168.69.118:34690], old=null
2019-10-21 23:03:16,873 [75bcb3a2-b551-405f-b8dd-694cefee0d48@group-292C166D26FD-LeaderElection1074] INFO  impl.LeaderElection (LeaderElection.java:askForVotes(178)) - 75bcb3a2-b551-405f-b8dd-694cefee0d48@group-292C166D26FD-LeaderElection1074: begin an election at term 1 for -1: [75bcb3a2-b551-405f-b8dd-694cefee0d48:192.168.69.118:38590], old=null
2019-10-21 23:03:16,873 [IPC Server handler 4 on 43510] INFO  node.SCMNodeManager (SCMNodeManager.java:register(268)) - Registered Data node : 1ece9cc6-afa0-4e0e-a250-be9279276c08{ip: 192.168.69.118, host: pr-hdds-2131-w2fms-3313293055, networkLocation: /rack1, certSerialId: null}
2019-10-21 23:03:16,873 [75bcb3a2-b551-405f-b8dd-694cefee0d48@group-292C166D26FD-LeaderElection1074] INFO  impl.RoleInfo (RoleInfo.java:shutdownLeaderElection(134)) - 75bcb3a2-b551-405f-b8dd-694cefee0d48: shutdown LeaderElection
2019-10-21 23:03:16,873 [8f86521a-dea0-43d1-ae77-898e04dffe78@group-444865C88E0F-LeaderElection1075] INFO  impl.RoleInfo (RoleInfo.java:shutdownLeaderElection(134)) - 8f86521a-dea0-43d1-ae77-898e04dffe78: shutdown LeaderElection
2019-10-21 23:03:16,873 [75bcb3a2-b551-405f-b8dd-694cefee0d48@group-292C166D26FD-LeaderElection1074] INFO  impl.RaftServerImpl (RaftServerImpl.java:setRole(184)) - 75bcb3a2-b551-405f-b8dd-694cefee0d48@group-292C166D26FD: changes role from CANDIDATE to LEADER at term 1 for changeToLeader
2019-10-21 23:03:16,873 [75bcb3a2-b551-405f-b8dd-694cefee0d48@group-292C166D26FD-LeaderElection1074] INFO  impl.RaftServerImpl (ServerState.java:setLeader(256)) - 75bcb3a2-b551-405f-b8dd-694cefee0d48@group-292C166D26FD: change Leader from null to 75bcb3a2-b551-405f-b8dd-694cefee0d48 at term 1 for becomeLeader, leader elected after 135ms
2019-10-21 23:03:16,873 [1244ca21-2158-4cc7-9e07-ba347e145504@group-C1C12825AC52-LeaderElection1073] INFO  impl.LeaderElection (LeaderElection.java:logAndReturn(56)) - 1244ca21-2158-4cc7-9e07-ba347e145504@group-C1C12825AC52-LeaderElection1073: Election REJECTED; received 2 response(s) [1244ca21-2158-4cc7-9e07-ba347e145504<-7c107f1d-8592-48e3-af71-5982c0af1f56#0:FAIL-t6, 1244ca21-2158-4cc7-9e07-ba347e145504<-d10c8639-03b1-4f19-ac0f-6419d7578d59#0:FAIL-t6] and 0 exception(s); 1244ca21-2158-4cc7-9e07-ba347e145504@group-C1C12825AC52:t6, leader=null, voted=1244ca21-2158-4cc7-9e07-ba347e145504, raftlog=1244ca21-2158-4cc7-9e07-ba347e145504@group-C1C12825AC52-SegmentedRaftLog:OPENED:c-1,f-1,i0, conf=-1: [1244ca21-2158-4cc7-9e07-ba347e145504:192.168.69.118:43370, 7c107f1d-8592-48e3-af71-5982c0af1f56:192.168.69.118:36514, d10c8639-03b1-4f19-ac0f-6419d7578d59:192.168.69.118:37568], old=null
2019-10-21 23:03:16,874 [75bcb3a2-b551-405f-b8dd-694cefee0d48@group-292C166D26FD-LeaderElection1074] INFO  server.RaftServerConfigKeys (ConfUtils.java:logGet(43)) - raft.server.staging.catchup.gap = 1000 (default)
2019-10-21 23:03:16,873 [8f86521a-dea0-43d1-ae77-898e04dffe78@group-444865C88E0F-LeaderElection1075] INFO  impl.RaftServerImpl (RaftServerImpl.java:setRole(184)) - 8f86521a-dea0-43d1-ae77-898e04dffe78@group-444865C88E0F: changes role from CANDIDATE to LEADER at term 1 for changeToLeader
2019-10-21 23:03:16,874 [8f86521a-dea0-43d1-ae77-898e04dffe78@group-444865C88E0F-LeaderElection1075] INFO  impl.RaftServerImpl (ServerState.java:setLeader(256)) - 8f86521a-dea0-43d1-ae77-898e04dffe78@group-444865C88E0F: change Leader from null to 8f86521a-dea0-43d1-ae77-898e04dffe78 at term 1 for becomeLeader, leader elected after 229ms
2019-10-21 23:03:16,874 [75bcb3a2-b551-405f-b8dd-694cefee0d48@group-292C166D26FD-LeaderElection1074] INFO  server.RaftServerConfigKeys (ConfUtils.java:logGet(43)) - raft.server.rpc.sleep.time = 25ms (default)
2019-10-21 23:03:16,874 [1244ca21-2158-4cc7-9e07-ba347e145504@group-C1C12825AC52-LeaderElection1073] INFO  impl.RaftServerImpl (RaftServerImpl.java:setRole(184)) - 1244ca21-2158-4cc7-9e07-ba347e145504@group-C1C12825AC52: changes role from CANDIDATE to FOLLOWER at term 6 for DISCOVERED_A_NEW_TERM
2019-10-21 23:03:16,874 [8f86521a-dea0-43d1-ae77-898e04dffe78@group-444865C88E0F-LeaderElection1075] INFO  server.RaftServerConfigKeys (ConfUtils.java:logGet(43)) - raft.server.staging.catchup.gap = 1000 (default)
2019-10-21 23:03:16,874 [75bcb3a2-b551-405f-b8dd-694cefee0d48@group-292C166D26FD-LeaderElection1074] INFO  server.RaftServerConfigKeys (ConfUtils.java:logGet(43)) - raft.server.write.element-limit = 4096 (default)
2019-10-21 23:03:16,874 [1244ca21-2158-4cc7-9e07-ba347e145504@group-C1C12825AC52-LeaderElection1073] INFO  impl.RoleInfo (RoleInfo.java:shutdownLeaderElection(134)) - 1244ca21-2158-4cc7-9e07-ba347e145504: shutdown LeaderElection
2019-10-21 23:03:16,874 [75bcb3a2-b551-405f-b8dd-694cefee0d48@group-292C166D26FD-LeaderElection1074] INFO  server.RaftServerConfigKeys (ConfUtils.java:logGet(43)) - raft.server.watch.timeout = 10s (default)
2019-10-21 23:03:16,874 [8f86521a-dea0-43d1-ae77-898e04dffe78@group-444865C88E0F-LeaderElection1075] INFO  server.RaftServerConfigKeys (ConfUtils.java:logGet(43)) - raft.server.rpc.sleep.time = 25ms (default)
2019-10-21 23:03:16,874 [75bcb3a2-b551-405f-b8dd-694cefee0d48@group-292C166D26FD-LeaderElection1074] INFO  server.RaftServerConfigKeys (ConfUtils.java:logGet(43)) - raft.server.watch.timeout.denomination = 1s (default)
2019-10-21 23:03:16,874 [1244ca21-2158-4cc7-9e07-ba347e145504@group-C1C12825AC52-LeaderElection1073] INFO  impl.RoleInfo (RoleInfo.java:updateAndGet(143)) - 1244ca21-2158-4cc7-9e07-ba347e145504: start FollowerState
2019-10-21 23:03:16,875 [75bcb3a2-b551-405f-b8dd-694cefee0d48@group-292C166D26FD-LeaderElection1074] INFO  server.RaftServerConfigKeys (ConfUtils.java:logGet(43)) - raft.server.watch.element-limit = 65536 (default)
2019-10-21 23:03:16,875 [8f86521a-dea0-43d1-ae77-898e04dffe78@group-444865C88E0F-LeaderElection1075] INFO  server.RaftServerConfigKeys (ConfUtils.java:logGet(43)) - raft.server.write.element-limit = 4096 (default)
2019-10-21 23:03:16,875 [8f86521a-dea0-43d1-ae77-898e04dffe78@group-444865C88E0F-LeaderElection1075] INFO  server.RaftServerConfigKeys (ConfUtils.java:logGet(43)) - raft.server.watch.timeout = 10s (default)
2019-10-21 23:03:16,875 [8f86521a-dea0-43d1-ae77-898e04dffe78@group-444865C88E0F-LeaderElection1075] INFO  server.RaftServerConfigKeys (ConfUtils.java:logGet(43)) - raft.server.watch.timeout.denomination = 1s (default)
2019-10-21 23:03:16,875 [8f86521a-dea0-43d1-ae77-898e04dffe78@group-444865C88E0F-LeaderElection1075] INFO  server.RaftServerConfigKeys (ConfUtils.java:logGet(43)) - raft.server.watch.element-limit = 65536 (default)
2019-10-21 23:03:16,875 [pool-541-thread-1] INFO  storage.RaftStorageDirectory (RaftStorageDirectory.java:tryLock(328)) - Lock on /workdir/hadoop-ozone/integration-test/target/test-dir/MiniOzoneClusterImpl-d9aa8a4b-930f-46eb-8e95-9ce1bbfd2407/datanode-3/data/ratis/f1772525-8379-4a34-84d1-2fc1c8829c54/in_use.lock acquired by nodename 10674@pr-hdds-2131-w2fms-3313293055
2019-10-21 23:03:16,875 [pool-551-thread-1] INFO  storage.RaftStorageDirectory (RaftStorageDirectory.java:tryLock(328)) - Lock on /workdir/hadoop-ozone/integration-test/target/test-dir/MiniOzoneClusterImpl-d9aa8a4b-930f-46eb-8e95-9ce1bbfd2407/datanode-4/data/ratis/f1772525-8379-4a34-84d1-2fc1c8829c54/in_use.lock acquired by nodename 10674@pr-hdds-2131-w2fms-3313293055
2019-10-21 23:03:16,875 [pool-561-thread-1] INFO  storage.RaftStorageDirectory (RaftStorageDirectory.java:tryLock(328)) - Lock on /workdir/hadoop-ozone/integration-test/target/test-dir/MiniOzoneClusterImpl-d9aa8a4b-930f-46eb-8e95-9ce1bbfd2407/datanode-5/data/ratis/f1772525-8379-4a34-84d1-2fc1c8829c54/in_use.lock acquired by nodename 10674@pr-hdds-2131-w2fms-3313293055
2019-10-21 23:03:16,878 [75bcb3a2-b551-405f-b8dd-694cefee0d48@group-292C166D26FD-LeaderElection1074] INFO  impl.RoleInfo (RoleInfo.java:updateAndGet(143)) - 75bcb3a2-b551-405f-b8dd-694cefee0d48: start LeaderState
2019-10-21 23:03:16,878 [8f86521a-dea0-43d1-ae77-898e04dffe78@group-444865C88E0F-LeaderElection1075] INFO  impl.RoleInfo (RoleInfo.java:updateAndGet(143)) - 8f86521a-dea0-43d1-ae77-898e04dffe78: start LeaderState
2019-10-21 23:03:16,878 [8f86521a-dea0-43d1-ae77-898e04dffe78@group-444865C88E0F-LeaderElection1075] INFO  segmented.SegmentedRaftLogWorker (SegmentedRaftLogWorker.java:startLogSegment(385)) - 8f86521a-dea0-43d1-ae77-898e04dffe78@group-444865C88E0F-SegmentedRaftLogWorker: Starting segment from index:0
2019-10-21 23:03:16,878 [75bcb3a2-b551-405f-b8dd-694cefee0d48@group-292C166D26FD-LeaderElection1074] INFO  segmented.SegmentedRaftLogWorker (SegmentedRaftLogWorker.java:startLogSegment(385)) - 75bcb3a2-b551-405f-b8dd-694cefee0d48@group-292C166D26FD-SegmentedRaftLogWorker: Starting segment from index:0
2019-10-21 23:03:16,878 [8f86521a-dea0-43d1-ae77-898e04dffe78@group-444865C88E0F-LeaderElection1075] INFO  impl.RaftServerImpl (ServerState.java:setRaftConf(357)) - 8f86521a-dea0-43d1-ae77-898e04dffe78@group-444865C88E0F: set configuration 0: [8f86521a-dea0-43d1-ae77-898e04dffe78:192.168.69.118:34690], old=null at 0
2019-10-21 23:03:16,878 [75bcb3a2-b551-405f-b8dd-694cefee0d48@group-292C166D26FD-LeaderElection1074] INFO  impl.RaftServerImpl (ServerState.java:setRaftConf(357)) - 75bcb3a2-b551-405f-b8dd-694cefee0d48@group-292C166D26FD: set configuration 0: [75bcb3a2-b551-405f-b8dd-694cefee0d48:192.168.69.118:38590], old=null at 0
2019-10-21 23:03:16,902 [pool-541-thread-1] INFO  storage.RaftStorage (RaftStorage.java:format(84)) - Storage directory /workdir/hadoop-ozone/integration-test/target/test-dir/MiniOzoneClusterImpl-d9aa8a4b-930f-46eb-8e95-9ce1bbfd2407/datanode-3/data/ratis/f1772525-8379-4a34-84d1-2fc1c8829c54 has been successfully formatted.
2019-10-21 23:03:16,902 [pool-561-thread-1] INFO  storage.RaftStorage (RaftStorage.java:format(84)) - Storage directory /workdir/hadoop-ozone/integration-test/target/test-dir/MiniOzoneClusterImpl-d9aa8a4b-930f-46eb-8e95-9ce1bbfd2407/datanode-5/data/ratis/f1772525-8379-4a34-84d1-2fc1c8829c54 has been successfully formatted.
2019-10-21 23:03:16,902 [pool-551-thread-1] INFO  storage.RaftStorage (RaftStorage.java:format(84)) - Storage directory /workdir/hadoop-ozone/integration-test/target/test-dir/MiniOzoneClusterImpl-d9aa8a4b-930f-46eb-8e95-9ce1bbfd2407/datanode-4/data/ratis/f1772525-8379-4a34-84d1-2fc1c8829c54 has been successfully formatted.
2019-10-21 23:03:16,902 [pool-541-thread-1] INFO  ratis.ContainerStateMachine (ContainerStateMachine.java:loadSnapshot(231)) - group-2FC1C8829C54: The snapshot info is null. Setting the last applied indexto:(t:0, i:~)
2019-10-21 23:03:16,903 [pool-551-thread-1] INFO  ratis.ContainerStateMachine (ContainerStateMachine.java:loadSnapshot(231)) - group-2FC1C8829C54: The snapshot info is null. Setting the last applied indexto:(t:0, i:~)
2019-10-21 23:03:16,903 [pool-561-thread-1] INFO  ratis.ContainerStateMachine (ContainerStateMachine.java:loadSnapshot(231)) - group-2FC1C8829C54: The snapshot info is null. Setting the last applied indexto:(t:0, i:~)
2019-10-21 23:03:16,903 [pool-551-thread-1] INFO  server.RaftServerConfigKeys (ConfUtils.java:logGet(43)) - raft.server.notification.no-leader.timeout = 120s (custom)
2019-10-21 23:03:16,903 [pool-541-thread-1] INFO  server.RaftServerConfigKeys (ConfUtils.java:logGet(43)) - raft.server.notification.no-leader.timeout = 120s (custom)
2019-10-21 23:03:16,903 [pool-551-thread-1] INFO  server.RaftServerConfigKeys (ConfUtils.java:logGet(43)) - raft.server.log.use.memory = false (default)
2019-10-21 23:03:16,903 [pool-561-thread-1] INFO  server.RaftServerConfigKeys (ConfUtils.java:logGet(43)) - raft.server.notification.no-leader.timeout = 120s (custom)
2019-10-21 23:03:16,903 [pool-551-thread-1] INFO  server.RaftServerConfigKeys (ConfUtils.java:logGet(43)) - raft.server.log.purge.gap = 1000000 (custom)
2019-10-21 23:03:16,903 [pool-541-thread-1] INFO  server.RaftServerConfigKeys (ConfUtils.java:logGet(43)) - raft.server.log.use.memory = false (default)
2019-10-21 23:03:16,904 [pool-551-thread-1] INFO  server.RaftServerConfigKeys (ConfUtils.java:logGet(43)) - raft.server.log.appender.buffer.byte-limit = 33554432 (custom)
2019-10-21 23:03:16,903 [pool-561-thread-1] INFO  server.RaftServerConfigKeys (ConfUtils.java:logGet(43)) - raft.server.log.use.memory = false (default)
2019-10-21 23:03:16,904 [pool-551-thread-1] INFO  server.RaftServerConfigKeys (ConfUtils.java:logGet(43)) - raft.server.log.segment.size.max = 1048576 (custom)
2019-10-21 23:03:16,904 [pool-541-thread-1] INFO  server.RaftServerConfigKeys (ConfUtils.java:logGet(43)) - raft.server.log.purge.gap = 1000000 (custom)
2019-10-21 23:03:16,904 [pool-551-thread-1] INFO  server.RaftServerConfigKeys (ConfUtils.java:logGet(43)) - raft.server.log.segment.cache.num.max = 2 (custom)
2019-10-21 23:03:16,904 [pool-561-thread-1] INFO  server.RaftServerConfigKeys (ConfUtils.java:logGet(43)) - raft.server.log.purge.gap = 1000000 (custom)
2019-10-21 23:03:16,904 [pool-551-thread-1] INFO  segmented.SegmentedRaftLogWorker (SegmentedRaftLogWorker.java:<init>(173)) - new 75bcb3a2-b551-405f-b8dd-694cefee0d48@group-2FC1C8829C54-SegmentedRaftLogWorker for RaftStorage:Storage Directory /workdir/hadoop-ozone/integration-test/target/test-dir/MiniOzoneClusterImpl-d9aa8a4b-930f-46eb-8e95-9ce1bbfd2407/datanode-4/data/ratis/f1772525-8379-4a34-84d1-2fc1c8829c54
2019-10-21 23:03:16,904 [pool-541-thread-1] INFO  server.RaftServerConfigKeys (ConfUtils.java:logGet(43)) - raft.server.log.appender.buffer.byte-limit = 33554432 (custom)
2019-10-21 23:03:16,904 [pool-551-thread-1] INFO  server.RaftServerConfigKeys (ConfUtils.java:logGet(43)) - raft.server.log.queue.byte-limit = 2147483647 (custom)
2019-10-21 23:03:16,904 [pool-561-thread-1] INFO  server.RaftServerConfigKeys (ConfUtils.java:logGet(43)) - raft.server.log.appender.buffer.byte-limit = 33554432 (custom)
2019-10-21 23:03:16,905 [pool-551-thread-1] INFO  server.RaftServerConfigKeys (ConfUtils.java:logGet(43)) - raft.server.log.queue.element-limit = 1024 (custom)
2019-10-21 23:03:16,905 [pool-541-thread-1] INFO  server.RaftServerConfigKeys (ConfUtils.java:logGet(43)) - raft.server.log.segment.size.max = 1048576 (custom)
2019-10-21 23:03:16,905 [pool-551-thread-1] INFO  server.RaftServerConfigKeys (ConfUtils.java:logGet(43)) - raft.server.log.segment.size.max = 1048576 (custom)
2019-10-21 23:03:16,905 [pool-561-thread-1] INFO  server.RaftServerConfigKeys (ConfUtils.java:logGet(43)) - raft.server.log.segment.size.max = 1048576 (custom)
2019-10-21 23:03:16,905 [pool-551-thread-1] INFO  server.RaftServerConfigKeys (ConfUtils.java:logGet(43)) - raft.server.log.preallocated.size = 16384 (custom)
2019-10-21 23:03:16,905 [pool-541-thread-1] INFO  server.RaftServerConfigKeys (ConfUtils.java:logGet(43)) - raft.server.log.segment.cache.num.max = 2 (custom)
2019-10-21 23:03:16,905 [pool-551-thread-1] INFO  server.RaftServerConfigKeys (ConfUtils.java:logGet(43)) - raft.server.log.write.buffer.size = 33554432 (custom)
2019-10-21 23:03:16,905 [pool-561-thread-1] INFO  server.RaftServerConfigKeys (ConfUtils.java:logGet(43)) - raft.server.log.segment.cache.num.max = 2 (custom)
2019-10-21 23:03:16,906 [pool-551-thread-1] INFO  server.RaftServerConfigKeys (ConfUtils.java:logGet(43)) - raft.server.log.force.sync.num = 128 (default)
2019-10-21 23:03:16,905 [pool-541-thread-1] INFO  segmented.SegmentedRaftLogWorker (SegmentedRaftLogWorker.java:<init>(173)) - new 8f86521a-dea0-43d1-ae77-898e04dffe78@group-2FC1C8829C54-SegmentedRaftLogWorker for RaftStorage:Storage Directory /workdir/hadoop-ozone/integration-test/target/test-dir/MiniOzoneClusterImpl-d9aa8a4b-930f-46eb-8e95-9ce1bbfd2407/datanode-3/data/ratis/f1772525-8379-4a34-84d1-2fc1c8829c54
2019-10-21 23:03:16,906 [pool-551-thread-1] INFO  server.RaftServerConfigKeys (ConfUtils.java:logGet(43)) - raft.server.log.statemachine.data.sync = true (default)
2019-10-21 23:03:16,906 [pool-561-thread-1] INFO  segmented.SegmentedRaftLogWorker (SegmentedRaftLogWorker.java:<init>(173)) - new 9aaebd24-66cb-4b96-a722-f4b7b0063a4e@group-2FC1C8829C54-SegmentedRaftLogWorker for RaftStorage:Storage Directory /workdir/hadoop-ozone/integration-test/target/test-dir/MiniOzoneClusterImpl-d9aa8a4b-930f-46eb-8e95-9ce1bbfd2407/datanode-5/data/ratis/f1772525-8379-4a34-84d1-2fc1c8829c54
2019-10-21 23:03:16,906 [pool-551-thread-1] INFO  server.RaftServerConfigKeys (ConfUtils.java:logGet(43)) - raft.server.log.statemachine.data.sync.timeout = 10s (default)
2019-10-21 23:03:16,906 [pool-541-thread-1] INFO  server.RaftServerConfigKeys (ConfUtils.java:logGet(43)) - raft.server.log.queue.byte-limit = 2147483647 (custom)
2019-10-21 23:03:16,906 [pool-551-thread-1] INFO  server.RaftServerConfigKeys (ConfUtils.java:logGet(43)) - raft.server.log.statemachine.data.sync.timeout.retry = -1 (default)
2019-10-21 23:03:16,906 [pool-561-thread-1] INFO  server.RaftServerConfigKeys (ConfUtils.java:logGet(43)) - raft.server.log.queue.byte-limit = 2147483647 (custom)
2019-10-21 23:03:16,906 [pool-551-thread-1] INFO  server.RaftServerConfigKeys (ConfUtils.java:logGet(43)) - raft.server.log.statemachine.data.caching.enabled = true (custom)
2019-10-21 23:03:16,906 [pool-541-thread-1] INFO  server.RaftServerConfigKeys (ConfUtils.java:logGet(43)) - raft.server.log.queue.element-limit = 1024 (custom)
2019-10-21 23:03:16,907 [pool-551-thread-1] INFO  segmented.SegmentedRaftLogWorker (SegmentedRaftLogWorker.java:lambda$new$0(128)) - 75bcb3a2-b551-405f-b8dd-694cefee0d48@group-2FC1C8829C54-SegmentedRaftLogWorker: flushIndex: setUnconditionally 0 -> -1
2019-10-21 23:03:16,907 [pool-561-thread-1] INFO  server.RaftServerConfigKeys (ConfUtils.java:logGet(43)) - raft.server.log.queue.element-limit = 1024 (custom)
2019-10-21 23:03:16,907 [pool-541-thread-1] INFO  server.RaftServerConfigKeys (ConfUtils.java:logGet(43)) - raft.server.log.segment.size.max = 1048576 (custom)
2019-10-21 23:03:16,907 [pool-551-thread-1] INFO  server.RaftServerConfigKeys (ConfUtils.java:logGet(43)) - raft.server.snapshot.auto.trigger.enabled = true (custom)
2019-10-21 23:03:16,907 [pool-561-thread-1] INFO  server.RaftServerConfigKeys (ConfUtils.java:logGet(43)) - raft.server.log.segment.size.max = 1048576 (custom)
2019-10-21 23:03:16,907 [pool-551-thread-1] INFO  server.RaftServerConfigKeys (ConfUtils.java:logGet(43)) - raft.server.snapshot.auto.trigger.threshold = 10000 (custom)
2019-10-21 23:03:16,907 [pool-541-thread-1] INFO  server.RaftServerConfigKeys (ConfUtils.java:logGet(43)) - raft.server.log.preallocated.size = 16384 (custom)
2019-10-21 23:03:16,907 [pool-551-thread-1] INFO  server.RaftServerConfigKeys (ConfUtils.java:logGet(43)) - raft.server.snapshot.retention.file.num = 5 (custom)
2019-10-21 23:03:16,907 [pool-561-thread-1] INFO  server.RaftServerConfigKeys (ConfUtils.java:logGet(43)) - raft.server.log.preallocated.size = 16384 (custom)
2019-10-21 23:03:16,908 [pool-551-thread-1] INFO  server.RaftServerConfigKeys (ConfUtils.java:logGet(43)) - raft.server.retrycache.expirytime = 600000ms (custom)
2019-10-21 23:03:16,908 [pool-541-thread-1] INFO  server.RaftServerConfigKeys (ConfUtils.java:logGet(43)) - raft.server.log.write.buffer.size = 33554432 (custom)
2019-10-21 23:03:16,908 [pool-561-thread-1] INFO  server.RaftServerConfigKeys (ConfUtils.java:logGet(43)) - raft.server.log.write.buffer.size = 33554432 (custom)
2019-10-21 23:03:16,908 [pool-541-thread-1] INFO  server.RaftServerConfigKeys (ConfUtils.java:logGet(43)) - raft.server.log.force.sync.num = 128 (default)
2019-10-21 23:03:16,908 [pool-561-thread-1] INFO  server.RaftServerConfigKeys (ConfUtils.java:logGet(43)) - raft.server.log.force.sync.num = 128 (default)
2019-10-21 23:03:16,908 [pool-541-thread-1] INFO  server.RaftServerConfigKeys (ConfUtils.java:logGet(43)) - raft.server.log.statemachine.data.sync = true (default)
2019-10-21 23:03:16,908 [pool-561-thread-1] INFO  server.RaftServerConfigKeys (ConfUtils.java:logGet(43)) - raft.server.log.statemachine.data.sync = true (default)
2019-10-21 23:03:16,908 [pool-541-thread-1] INFO  server.RaftServerConfigKeys (ConfUtils.java:logGet(43)) - raft.server.log.statemachine.data.sync.timeout = 10s (default)
2019-10-21 23:03:16,909 [pool-561-thread-1] INFO  server.RaftServerConfigKeys (ConfUtils.java:logGet(43)) - raft.server.log.statemachine.data.sync.timeout = 10s (default)
2019-10-21 23:03:16,909 [pool-541-thread-1] INFO  server.RaftServerConfigKeys (ConfUtils.java:logGet(43)) - raft.server.log.statemachine.data.sync.timeout.retry = -1 (default)
2019-10-21 23:03:16,909 [pool-561-thread-1] INFO  server.RaftServerConfigKeys (ConfUtils.java:logGet(43)) - raft.server.log.statemachine.data.sync.timeout.retry = -1 (default)
2019-10-21 23:03:16,909 [pool-541-thread-1] INFO  server.RaftServerConfigKeys (ConfUtils.java:logGet(43)) - raft.server.log.statemachine.data.caching.enabled = true (custom)
2019-10-21 23:03:16,909 [pool-561-thread-1] INFO  server.RaftServerConfigKeys (ConfUtils.java:logGet(43)) - raft.server.log.statemachine.data.caching.enabled = true (custom)
2019-10-21 23:03:16,909 [pool-541-thread-1] INFO  segmented.SegmentedRaftLogWorker (SegmentedRaftLogWorker.java:lambda$new$0(128)) - 8f86521a-dea0-43d1-ae77-898e04dffe78@group-2FC1C8829C54-SegmentedRaftLogWorker: flushIndex: setUnconditionally 0 -> -1
2019-10-21 23:03:16,909 [pool-551-thread-1] INFO  impl.RaftServerImpl (RaftServerImpl.java:start(195)) - 75bcb3a2-b551-405f-b8dd-694cefee0d48@group-2FC1C8829C54: start as a follower, conf=-1: [8f86521a-dea0-43d1-ae77-898e04dffe78:192.168.69.118:34690, 75bcb3a2-b551-405f-b8dd-694cefee0d48:192.168.69.118:38590, 9aaebd24-66cb-4b96-a722-f4b7b0063a4e:192.168.69.118:34037], old=null
2019-10-21 23:03:16,909 [pool-561-thread-1] INFO  segmented.SegmentedRaftLogWorker (SegmentedRaftLogWorker.java:lambda$new$0(128)) - 9aaebd24-66cb-4b96-a722-f4b7b0063a4e@group-2FC1C8829C54-SegmentedRaftLogWorker: flushIndex: setUnconditionally 0 -> -1
2019-10-21 23:03:16,909 [pool-541-thread-1] INFO  server.RaftServerConfigKeys (ConfUtils.java:logGet(43)) - raft.server.snapshot.auto.trigger.enabled = true (custom)
2019-10-21 23:03:16,909 [pool-551-thread-1] INFO  impl.RaftServerImpl (RaftServerImpl.java:setRole(184)) - 75bcb3a2-b551-405f-b8dd-694cefee0d48@group-2FC1C8829C54: changes role from      null to FOLLOWER at term 0 for startAsFollower
2019-10-21 23:03:16,910 [pool-541-thread-1] INFO  server.RaftServerConfigKeys (ConfUtils.java:logGet(43)) - raft.server.snapshot.auto.trigger.threshold = 10000 (custom)
2019-10-21 23:03:16,910 [pool-551-thread-1] INFO  impl.RoleInfo (RoleInfo.java:updateAndGet(143)) - 75bcb3a2-b551-405f-b8dd-694cefee0d48: start FollowerState
2019-10-21 23:03:16,910 [pool-561-thread-1] INFO  server.RaftServerConfigKeys (ConfUtils.java:logGet(43)) - raft.server.snapshot.auto.trigger.enabled = true (custom)
2019-10-21 23:03:16,910 [pool-541-thread-1] INFO  server.RaftServerConfigKeys (ConfUtils.java:logGet(43)) - raft.server.snapshot.retention.file.num = 5 (custom)
2019-10-21 23:03:16,910 [pool-551-thread-1] INFO  util.JmxRegister (JmxRegister.java:tryRegister(44)) - Successfully registered JMX Bean with object name Ratis:service=RaftServer,group=group-2FC1C8829C54,id=75bcb3a2-b551-405f-b8dd-694cefee0d48
2019-10-21 23:03:16,910 [pool-561-thread-1] INFO  server.RaftServerConfigKeys (ConfUtils.java:logGet(43)) - raft.server.snapshot.auto.trigger.threshold = 10000 (custom)
2019-10-21 23:03:16,910 [pool-541-thread-1] INFO  server.RaftServerConfigKeys (ConfUtils.java:logGet(43)) - raft.server.retrycache.expirytime = 600000ms (custom)
2019-10-21 23:03:16,910 [pool-561-thread-1] INFO  server.RaftServerConfigKeys (ConfUtils.java:logGet(43)) - raft.server.snapshot.retention.file.num = 5 (custom)
2019-10-21 23:03:16,911 [pool-561-thread-1] INFO  server.RaftServerConfigKeys (ConfUtils.java:logGet(43)) - raft.server.retrycache.expirytime = 600000ms (custom)
2019-10-21 23:03:16,913 [pool-541-thread-1] INFO  impl.RaftServerImpl (RaftServerImpl.java:start(195)) - 8f86521a-dea0-43d1-ae77-898e04dffe78@group-2FC1C8829C54: start as a follower, conf=-1: [8f86521a-dea0-43d1-ae77-898e04dffe78:192.168.69.118:34690, 75bcb3a2-b551-405f-b8dd-694cefee0d48:192.168.69.118:38590, 9aaebd24-66cb-4b96-a722-f4b7b0063a4e:192.168.69.118:34037], old=null
2019-10-21 23:03:16,913 [pool-541-thread-1] INFO  impl.RaftServerImpl (RaftServerImpl.java:setRole(184)) - 8f86521a-dea0-43d1-ae77-898e04dffe78@group-2FC1C8829C54: changes role from      null to FOLLOWER at term 0 for startAsFollower
2019-10-21 23:03:16,913 [pool-541-thread-1] INFO  impl.RoleInfo (RoleInfo.java:updateAndGet(143)) - 8f86521a-dea0-43d1-ae77-898e04dffe78: start FollowerState
2019-10-21 23:03:16,913 [pool-561-thread-1] INFO  impl.RaftServerImpl (RaftServerImpl.java:start(195)) - 9aaebd24-66cb-4b96-a722-f4b7b0063a4e@group-2FC1C8829C54: start as a follower, conf=-1: [8f86521a-dea0-43d1-ae77-898e04dffe78:192.168.69.118:34690, 75bcb3a2-b551-405f-b8dd-694cefee0d48:192.168.69.118:38590, 9aaebd24-66cb-4b96-a722-f4b7b0063a4e:192.168.69.118:34037], old=null
2019-10-21 23:03:16,914 [pool-541-thread-1] INFO  util.JmxRegister (JmxRegister.java:tryRegister(44)) - Successfully registered JMX Bean with object name Ratis:service=RaftServer,group=group-2FC1C8829C54,id=8f86521a-dea0-43d1-ae77-898e04dffe78
2019-10-21 23:03:16,914 [pool-561-thread-1] INFO  impl.RaftServerImpl (RaftServerImpl.java:setRole(184)) - 9aaebd24-66cb-4b96-a722-f4b7b0063a4e@group-2FC1C8829C54: changes role from      null to FOLLOWER at term 0 for startAsFollower
2019-10-21 23:03:16,914 [pool-561-thread-1] INFO  impl.RoleInfo (RoleInfo.java:updateAndGet(143)) - 9aaebd24-66cb-4b96-a722-f4b7b0063a4e: start FollowerState
2019-10-21 23:03:16,914 [pool-561-thread-1] INFO  util.JmxRegister (JmxRegister.java:tryRegister(44)) - Successfully registered JMX Bean with object name Ratis:service=RaftServer,group=group-2FC1C8829C54,id=9aaebd24-66cb-4b96-a722-f4b7b0063a4e
2019-10-21 23:03:16,918 [RatisPipelineUtilsThread] INFO  pipeline.PipelineStateManager (PipelineStateManager.java:addPipeline(56)) - Created pipeline Pipeline[ Id: f1772525-8379-4a34-84d1-2fc1c8829c54, Nodes: 8f86521a-dea0-43d1-ae77-898e04dffe78{ip: 192.168.69.118, host: pr-hdds-2131-w2fms-3313293055, networkLocation: /rack1, certSerialId: null}75bcb3a2-b551-405f-b8dd-694cefee0d48{ip: 192.168.69.118, host: pr-hdds-2131-w2fms-3313293055, networkLocation: /rack1, certSerialId: null}9aaebd24-66cb-4b96-a722-f4b7b0063a4e{ip: 192.168.69.118, host: pr-hdds-2131-w2fms-3313293055, networkLocation: /rack1, certSerialId: null}, Type:RATIS, Factor:THREE, State:OPEN]
2019-10-21 23:03:16,921 [Thread-9414] INFO  impl.FollowerState (FollowerState.java:run(108)) - 9aaebd24-66cb-4b96-a722-f4b7b0063a4e@group-7CEDB5923D7C-FollowerState: change to CANDIDATE, lastRpcTime:91ms, electionTimeout:91ms
2019-10-21 23:03:16,921 [75bcb3a2-b551-405f-b8dd-694cefee0d48@group-292C166D26FD-SegmentedRaftLogWorker] INFO  segmented.SegmentedRaftLogWorker (SegmentedRaftLogWorker.java:execute(576)) - 75bcb3a2-b551-405f-b8dd-694cefee0d48@group-292C166D26FD-SegmentedRaftLogWorker: created new log segment /workdir/hadoop-ozone/integration-test/target/test-dir/MiniOzoneClusterImpl-d9aa8a4b-930f-46eb-8e95-9ce1bbfd2407/datanode-4/data/ratis/7226c35f-e38e-4ef1-a735-292c166d26fd/current/log_inprogress_0
2019-10-21 23:03:16,922 [Thread-9414] INFO  impl.RoleInfo (RoleInfo.java:shutdownFollowerState(121)) - 9aaebd24-66cb-4b96-a722-f4b7b0063a4e: shutdown FollowerState
2019-10-21 23:03:16,921 [8f86521a-dea0-43d1-ae77-898e04dffe78@group-444865C88E0F-SegmentedRaftLogWorker] INFO  segmented.SegmentedRaftLogWorker (SegmentedRaftLogWorker.java:execute(576)) - 8f86521a-dea0-43d1-ae77-898e04dffe78@group-444865C88E0F-SegmentedRaftLogWorker: created new log segment /workdir/hadoop-ozone/integration-test/target/test-dir/MiniOzoneClusterImpl-d9aa8a4b-930f-46eb-8e95-9ce1bbfd2407/datanode-3/data/ratis/69d0f2a3-3ec5-40a7-9b9a-444865c88e0f/current/log_inprogress_0
2019-10-21 23:03:16,922 [Thread-9414] INFO  impl.RaftServerImpl (RaftServerImpl.java:setRole(184)) - 9aaebd24-66cb-4b96-a722-f4b7b0063a4e@group-7CEDB5923D7C: changes role from  FOLLOWER to CANDIDATE at term 0 for changeToCandidate
2019-10-21 23:03:16,922 [Thread-9414] INFO  impl.RoleInfo (RoleInfo.java:updateAndGet(143)) - 9aaebd24-66cb-4b96-a722-f4b7b0063a4e: start LeaderElection
2019-10-21 23:03:16,927 [Thread-9423] INFO  impl.FollowerState (FollowerState.java:run(108)) - 1244ca21-2158-4cc7-9e07-ba347e145504@group-C1C12825AC52-FollowerState: change to CANDIDATE, lastRpcTime:52ms, electionTimeout:50ms
2019-10-21 23:03:16,927 [Thread-9423] INFO  impl.RoleInfo (RoleInfo.java:shutdownFollowerState(121)) - 1244ca21-2158-4cc7-9e07-ba347e145504: shutdown FollowerState
2019-10-21 23:03:16,927 [Thread-9423] INFO  impl.RaftServerImpl (RaftServerImpl.java:setRole(184)) - 1244ca21-2158-4cc7-9e07-ba347e145504@group-C1C12825AC52: changes role from  FOLLOWER to CANDIDATE at term 6 for changeToCandidate
2019-10-21 23:03:16,927 [Thread-9423] INFO  impl.RoleInfo (RoleInfo.java:updateAndGet(143)) - 1244ca21-2158-4cc7-9e07-ba347e145504: start LeaderElection
2019-10-21 23:03:16,936 [9aaebd24-66cb-4b96-a722-f4b7b0063a4e@group-7CEDB5923D7C-LeaderElection1076] INFO  impl.LeaderElection (LeaderElection.java:askForVotes(178)) - 9aaebd24-66cb-4b96-a722-f4b7b0063a4e@group-7CEDB5923D7C-LeaderElection1076: begin an election at term 1 for -1: [9aaebd24-66cb-4b96-a722-f4b7b0063a4e:192.168.69.118:34037], old=null
2019-10-21 23:03:16,936 [1244ca21-2158-4cc7-9e07-ba347e145504@group-C1C12825AC52-LeaderElection1077] INFO  impl.LeaderElection (LeaderElection.java:askForVotes(178)) - 1244ca21-2158-4cc7-9e07-ba347e145504@group-C1C12825AC52-LeaderElection1077: begin an election at term 7 for -1: [1244ca21-2158-4cc7-9e07-ba347e145504:192.168.69.118:43370, 7c107f1d-8592-48e3-af71-5982c0af1f56:192.168.69.118:36514, d10c8639-03b1-4f19-ac0f-6419d7578d59:192.168.69.118:37568], old=null
2019-10-21 23:03:16,937 [9aaebd24-66cb-4b96-a722-f4b7b0063a4e@group-7CEDB5923D7C-LeaderElection1076] INFO  impl.RoleInfo (RoleInfo.java:shutdownLeaderElection(134)) - 9aaebd24-66cb-4b96-a722-f4b7b0063a4e: shutdown LeaderElection
2019-10-21 23:03:16,937 [9aaebd24-66cb-4b96-a722-f4b7b0063a4e@group-7CEDB5923D7C-LeaderElection1076] INFO  impl.RaftServerImpl (RaftServerImpl.java:setRole(184)) - 9aaebd24-66cb-4b96-a722-f4b7b0063a4e@group-7CEDB5923D7C: changes role from CANDIDATE to LEADER at term 1 for changeToLeader
2019-10-21 23:03:16,937 [9aaebd24-66cb-4b96-a722-f4b7b0063a4e@group-7CEDB5923D7C-LeaderElection1076] INFO  impl.RaftServerImpl (ServerState.java:setLeader(256)) - 9aaebd24-66cb-4b96-a722-f4b7b0063a4e@group-7CEDB5923D7C: change Leader from null to 9aaebd24-66cb-4b96-a722-f4b7b0063a4e at term 1 for becomeLeader, leader elected after 114ms
2019-10-21 23:03:16,937 [9aaebd24-66cb-4b96-a722-f4b7b0063a4e@group-7CEDB5923D7C-LeaderElection1076] INFO  server.RaftServerConfigKeys (ConfUtils.java:logGet(43)) - raft.server.staging.catchup.gap = 1000 (default)
2019-10-21 23:03:16,937 [9aaebd24-66cb-4b96-a722-f4b7b0063a4e@group-7CEDB5923D7C-LeaderElection1076] INFO  server.RaftServerConfigKeys (ConfUtils.java:logGet(43)) - raft.server.rpc.sleep.time = 25ms (default)
2019-10-21 23:03:16,937 [9aaebd24-66cb-4b96-a722-f4b7b0063a4e@group-7CEDB5923D7C-LeaderElection1076] INFO  server.RaftServerConfigKeys (ConfUtils.java:logGet(43)) - raft.server.write.element-limit = 4096 (default)
2019-10-21 23:03:16,937 [9aaebd24-66cb-4b96-a722-f4b7b0063a4e@group-7CEDB5923D7C-LeaderElection1076] INFO  server.RaftServerConfigKeys (ConfUtils.java:logGet(43)) - raft.server.watch.timeout = 10s (default)
2019-10-21 23:03:16,937 [9aaebd24-66cb-4b96-a722-f4b7b0063a4e@group-7CEDB5923D7C-LeaderElection1076] INFO  server.RaftServerConfigKeys (ConfUtils.java:logGet(43)) - raft.server.watch.timeout.denomination = 1s (default)
2019-10-21 23:03:16,937 [9aaebd24-66cb-4b96-a722-f4b7b0063a4e@group-7CEDB5923D7C-LeaderElection1076] INFO  server.RaftServerConfigKeys (ConfUtils.java:logGet(43)) - raft.server.watch.element-limit = 65536 (default)
2019-10-21 23:03:16,938 [grpc-default-executor-8] INFO  impl.RaftServerImpl (RaftServerImpl.java:setRole(184)) - 7c107f1d-8592-48e3-af71-5982c0af1f56@group-C1C12825AC52: changes role from  FOLLOWER to FOLLOWER at term 7 for recognizeCandidate:1244ca21-2158-4cc7-9e07-ba347e145504
2019-10-21 23:03:16,938 [grpc-default-executor-8] INFO  impl.RoleInfo (RoleInfo.java:shutdownFollowerState(121)) - 7c107f1d-8592-48e3-af71-5982c0af1f56: shutdown FollowerState
2019-10-21 23:03:16,938 [grpc-default-executor-0] INFO  impl.RaftServerImpl (RaftServerImpl.java:setRole(184)) - d10c8639-03b1-4f19-ac0f-6419d7578d59@group-C1C12825AC52: changes role from  FOLLOWER to FOLLOWER at term 7 for recognizeCandidate:1244ca21-2158-4cc7-9e07-ba347e145504
2019-10-21 23:03:16,938 [Thread-9419] INFO  impl.FollowerState (FollowerState.java:run(117)) - 7c107f1d-8592-48e3-af71-5982c0af1f56@group-C1C12825AC52-FollowerState was interrupted: java.lang.InterruptedException: sleep interrupted
2019-10-21 23:03:16,938 [grpc-default-executor-8] INFO  impl.RoleInfo (RoleInfo.java:updateAndGet(143)) - 7c107f1d-8592-48e3-af71-5982c0af1f56: start FollowerState
2019-10-21 23:03:16,938 [9aaebd24-66cb-4b96-a722-f4b7b0063a4e@group-7CEDB5923D7C-LeaderElection1076] INFO  impl.RoleInfo (RoleInfo.java:updateAndGet(143)) - 9aaebd24-66cb-4b96-a722-f4b7b0063a4e: start LeaderState
2019-10-21 23:03:16,938 [grpc-default-executor-0] INFO  impl.RoleInfo (RoleInfo.java:shutdownFollowerState(121)) - d10c8639-03b1-4f19-ac0f-6419d7578d59: shutdown FollowerState
2019-10-21 23:03:16,939 [grpc-default-executor-0] INFO  impl.RoleInfo (RoleInfo.java:updateAndGet(143)) - d10c8639-03b1-4f19-ac0f-6419d7578d59: start FollowerState
2019-10-21 23:03:16,939 [Thread-9421] INFO  impl.FollowerState (FollowerState.java:run(117)) - d10c8639-03b1-4f19-ac0f-6419d7578d59@group-C1C12825AC52-FollowerState was interrupted: java.lang.InterruptedException: sleep interrupted
2019-10-21 23:03:16,939 [9aaebd24-66cb-4b96-a722-f4b7b0063a4e@group-7CEDB5923D7C-LeaderElection1076] INFO  segmented.SegmentedRaftLogWorker (SegmentedRaftLogWorker.java:startLogSegment(385)) - 9aaebd24-66cb-4b96-a722-f4b7b0063a4e@group-7CEDB5923D7C-SegmentedRaftLogWorker: Starting segment from index:0
2019-10-21 23:03:16,939 [9aaebd24-66cb-4b96-a722-f4b7b0063a4e@group-7CEDB5923D7C-LeaderElection1076] INFO  impl.RaftServerImpl (ServerState.java:setRaftConf(357)) - 9aaebd24-66cb-4b96-a722-f4b7b0063a4e@group-7CEDB5923D7C: set configuration 0: [9aaebd24-66cb-4b96-a722-f4b7b0063a4e:192.168.69.118:34037], old=null at 0
2019-10-21 23:03:16,946 [IPC Server handler 14 on 43510] INFO  net.NetworkTopology (NetworkTopologyImpl.java:add(111)) - Added a new node: /rack1/5e72733e-cb8a-4e36-9088-390b573ceccc
2019-10-21 23:03:16,946 [IPC Server handler 14 on 43510] INFO  node.SCMNodeManager (SCMNodeManager.java:register(268)) - Registered Data node : 5e72733e-cb8a-4e36-9088-390b573ceccc{ip: 192.168.69.118, host: pr-hdds-2131-w2fms-3313293055, networkLocation: /rack1, certSerialId: null}
2019-10-21 23:03:16,969 [grpc-default-executor-6] INFO  impl.RaftServerProxy (RaftServerProxy.java:addNew(89)) - 5e72733e-cb8a-4e36-9088-390b573ceccc: addNew group-3A4E2A65E666:[5e72733e-cb8a-4e36-9088-390b573ceccc:192.168.69.118:39726] returns group-3A4E2A65E666:java.util.concurrent.CompletableFuture@30fca028[Not completed]
2019-10-21 23:03:16,969 [1244ca21-2158-4cc7-9e07-ba347e145504@group-C1C12825AC52-LeaderElection1077] INFO  impl.LeaderElection (LeaderElection.java:logAndReturn(56)) - 1244ca21-2158-4cc7-9e07-ba347e145504@group-C1C12825AC52-LeaderElection1077: Election REJECTED; received 2 response(s) [1244ca21-2158-4cc7-9e07-ba347e145504<-7c107f1d-8592-48e3-af71-5982c0af1f56#0:FAIL-t7, 1244ca21-2158-4cc7-9e07-ba347e145504<-d10c8639-03b1-4f19-ac0f-6419d7578d59#0:FAIL-t7] and 0 exception(s); 1244ca21-2158-4cc7-9e07-ba347e145504@group-C1C12825AC52:t7, leader=null, voted=1244ca21-2158-4cc7-9e07-ba347e145504, raftlog=1244ca21-2158-4cc7-9e07-ba347e145504@group-C1C12825AC52-SegmentedRaftLog:OPENED:c-1,f-1,i0, conf=-1: [1244ca21-2158-4cc7-9e07-ba347e145504:192.168.69.118:43370, 7c107f1d-8592-48e3-af71-5982c0af1f56:192.168.69.118:36514, d10c8639-03b1-4f19-ac0f-6419d7578d59:192.168.69.118:37568], old=null
2019-10-21 23:03:16,969 [1244ca21-2158-4cc7-9e07-ba347e145504@group-C1C12825AC52-LeaderElection1077] INFO  impl.RaftServerImpl (RaftServerImpl.java:setRole(184)) - 1244ca21-2158-4cc7-9e07-ba347e145504@group-C1C12825AC52: changes role from CANDIDATE to FOLLOWER at term 7 for DISCOVERED_A_NEW_TERM
2019-10-21 23:03:16,969 [1244ca21-2158-4cc7-9e07-ba347e145504@group-C1C12825AC52-LeaderElection1077] INFO  impl.RoleInfo (RoleInfo.java:shutdownLeaderElection(134)) - 1244ca21-2158-4cc7-9e07-ba347e145504: shutdown LeaderElection
2019-10-21 23:03:16,970 [1244ca21-2158-4cc7-9e07-ba347e145504@group-C1C12825AC52-LeaderElection1077] INFO  impl.RoleInfo (RoleInfo.java:updateAndGet(143)) - 1244ca21-2158-4cc7-9e07-ba347e145504: start FollowerState
2019-10-21 23:03:16,970 [pool-581-thread-1] INFO  impl.RaftServerImpl (RaftServerImpl.java:<init>(104)) - 5e72733e-cb8a-4e36-9088-390b573ceccc: new RaftServerImpl for group-3A4E2A65E666:[5e72733e-cb8a-4e36-9088-390b573ceccc:192.168.69.118:39726] with ContainerStateMachine:uninitialized
2019-10-21 23:03:16,970 [pool-581-thread-1] INFO  server.RaftServerConfigKeys (ConfUtils.java:logGet(43)) - raft.server.rpc.timeout.min = 1s (custom)
2019-10-21 23:03:16,970 [pool-581-thread-1] INFO  server.RaftServerConfigKeys (ConfUtils.java:logGet(43)) - raft.server.rpc.timeout.max = 1200ms (custom)
2019-10-21 23:03:16,971 [pool-581-thread-1] INFO  server.RaftServerConfigKeys (ConfUtils.java:logGet(43)) - raft.server.rpcslowness.timeout = 120s (custom)
2019-10-21 23:03:16,971 [Thread-9430] INFO  impl.FollowerState (FollowerState.java:run(108)) - 8f86521a-dea0-43d1-ae77-898e04dffe78@group-2FC1C8829C54-FollowerState: change to CANDIDATE, lastRpcTime:57ms, electionTimeout:57ms
2019-10-21 23:03:16,971 [pool-581-thread-1] INFO  server.RaftServerConfigKeys (ConfUtils.java:logGet(43)) - raft.server.sleep.deviation.threshold = 300 (default)
2019-10-21 23:03:16,971 [Thread-9430] INFO  impl.RoleInfo (RoleInfo.java:shutdownFollowerState(121)) - 8f86521a-dea0-43d1-ae77-898e04dffe78: shutdown FollowerState
2019-10-21 23:03:16,971 [pool-581-thread-1] INFO  server.RaftServerConfigKeys (ConfUtils.java:logGet(43)) - raft.server.log.appender.install.snapshot.enabled = false (custom)
2019-10-21 23:03:16,971 [Thread-9430] INFO  impl.RaftServerImpl (RaftServerImpl.java:setRole(184)) - 8f86521a-dea0-43d1-ae77-898e04dffe78@group-2FC1C8829C54: changes role from  FOLLOWER to CANDIDATE at term 0 for changeToCandidate
2019-10-21 23:03:16,971 [pool-581-thread-1] INFO  impl.RaftServerImpl (ServerState.java:<init>(103)) - 5e72733e-cb8a-4e36-9088-390b573ceccc@group-3A4E2A65E666: ConfigurationManager, init=-1: [5e72733e-cb8a-4e36-9088-390b573ceccc:192.168.69.118:39726], old=null, confs=<EMPTY_MAP>
2019-10-21 23:03:16,971 [Thread-9430] INFO  impl.RoleInfo (RoleInfo.java:updateAndGet(143)) - 8f86521a-dea0-43d1-ae77-898e04dffe78: start LeaderElection
2019-10-21 23:03:16,971 [pool-581-thread-1] INFO  server.RaftServerConfigKeys (ConfUtils.java:logGet(43)) - raft.server.storage.dir = [/workdir/hadoop-ozone/integration-test/target/test-dir/MiniOzoneClusterImpl-d9aa8a4b-930f-46eb-8e95-9ce1bbfd2407/datanode-7/data/ratis] (custom)
2019-10-21 23:03:16,977 [pool-581-thread-1] INFO  server.RaftServerConfigKeys (ConfUtils.java:logGet(43)) - raft.server.log.corruption.policy = EXCEPTION (default)
2019-10-21 23:03:16,977 [pool-581-thread-1] INFO  storage.RaftStorageDirectory (RaftStorageDirectory.java:analyzeStorage(246)) - The storage directory /workdir/hadoop-ozone/integration-test/target/test-dir/MiniOzoneClusterImpl-d9aa8a4b-930f-46eb-8e95-9ce1bbfd2407/datanode-7/data/ratis/ad7fb66d-8351-4f2e-9519-3a4e2a65e666 does not exist. Creating ...
2019-10-21 23:03:16,981 [pool-581-thread-1] INFO  storage.RaftStorageDirectory (RaftStorageDirectory.java:tryLock(328)) - Lock on /workdir/hadoop-ozone/integration-test/target/test-dir/MiniOzoneClusterImpl-d9aa8a4b-930f-46eb-8e95-9ce1bbfd2407/datanode-7/data/ratis/ad7fb66d-8351-4f2e-9519-3a4e2a65e666/in_use.lock acquired by nodename 10674@pr-hdds-2131-w2fms-3313293055
2019-10-21 23:03:16,981 [8f86521a-dea0-43d1-ae77-898e04dffe78@group-2FC1C8829C54-LeaderElection1078] INFO  impl.LeaderElection (LeaderElection.java:askForVotes(178)) - 8f86521a-dea0-43d1-ae77-898e04dffe78@group-2FC1C8829C54-LeaderElection1078: begin an election at term 1 for -1: [8f86521a-dea0-43d1-ae77-898e04dffe78:192.168.69.118:34690, 75bcb3a2-b551-405f-b8dd-694cefee0d48:192.168.69.118:38590, 9aaebd24-66cb-4b96-a722-f4b7b0063a4e:192.168.69.118:34037], old=null
2019-10-21 23:03:16,981 [9aaebd24-66cb-4b96-a722-f4b7b0063a4e@group-7CEDB5923D7C-SegmentedRaftLogWorker] INFO  segmented.SegmentedRaftLogWorker (SegmentedRaftLogWorker.java:execute(576)) - 9aaebd24-66cb-4b96-a722-f4b7b0063a4e@group-7CEDB5923D7C-SegmentedRaftLogWorker: created new log segment /workdir/hadoop-ozone/integration-test/target/test-dir/MiniOzoneClusterImpl-d9aa8a4b-930f-46eb-8e95-9ce1bbfd2407/datanode-5/data/ratis/eb7354e5-ef21-4ee0-9c36-7cedb5923d7c/current/log_inprogress_0
2019-10-21 23:03:16,987 [grpc-default-executor-0] INFO  impl.RaftServerImpl (RaftServerImpl.java:setRole(184)) - 75bcb3a2-b551-405f-b8dd-694cefee0d48@group-2FC1C8829C54: changes role from  FOLLOWER to FOLLOWER at term 1 for recognizeCandidate:8f86521a-dea0-43d1-ae77-898e04dffe78
2019-10-21 23:03:16,987 [grpc-default-executor-0] INFO  impl.RoleInfo (RoleInfo.java:shutdownFollowerState(121)) - 75bcb3a2-b551-405f-b8dd-694cefee0d48: shutdown FollowerState
2019-10-21 23:03:16,987 [grpc-default-executor-0] INFO  impl.RoleInfo (RoleInfo.java:updateAndGet(143)) - 75bcb3a2-b551-405f-b8dd-694cefee0d48: start FollowerState
2019-10-21 23:03:16,987 [Thread-9426] INFO  impl.FollowerState (FollowerState.java:run(117)) - 75bcb3a2-b551-405f-b8dd-694cefee0d48@group-2FC1C8829C54-FollowerState was interrupted: java.lang.InterruptedException: sleep interrupted
2019-10-21 23:03:16,989 [grpc-default-executor-8] INFO  impl.RaftServerImpl (RaftServerImpl.java:setRole(184)) - 9aaebd24-66cb-4b96-a722-f4b7b0063a4e@group-2FC1C8829C54: changes role from  FOLLOWER to FOLLOWER at term 1 for recognizeCandidate:8f86521a-dea0-43d1-ae77-898e04dffe78
2019-10-21 23:03:16,989 [grpc-default-executor-8] INFO  impl.RoleInfo (RoleInfo.java:shutdownFollowerState(121)) - 9aaebd24-66cb-4b96-a722-f4b7b0063a4e: shutdown FollowerState
2019-10-21 23:03:16,989 [grpc-default-executor-8] INFO  impl.RoleInfo (RoleInfo.java:updateAndGet(143)) - 9aaebd24-66cb-4b96-a722-f4b7b0063a4e: start FollowerState
2019-10-21 23:03:16,990 [Thread-9431] INFO  impl.FollowerState (FollowerState.java:run(117)) - 9aaebd24-66cb-4b96-a722-f4b7b0063a4e@group-2FC1C8829C54-FollowerState was interrupted: java.lang.InterruptedException: sleep interrupted
2019-10-21 23:03:17,022 [IPC Server handler 0 on 43510] INFO  net.NetworkTopology (NetworkTopologyImpl.java:add(111)) - Added a new node: /rack1/603ba073-be5d-40c9-b7ed-25f4d1f5a99d
2019-10-21 23:03:17,022 [IPC Server handler 0 on 43510] INFO  node.SCMNodeManager (SCMNodeManager.java:register(268)) - Registered Data node : 603ba073-be5d-40c9-b7ed-25f4d1f5a99d{ip: 192.168.69.118, host: pr-hdds-2131-w2fms-3313293055, networkLocation: /rack1, certSerialId: null}
2019-10-21 23:03:17,032 [pool-581-thread-1] INFO  storage.RaftStorage (RaftStorage.java:format(84)) - Storage directory /workdir/hadoop-ozone/integration-test/target/test-dir/MiniOzoneClusterImpl-d9aa8a4b-930f-46eb-8e95-9ce1bbfd2407/datanode-7/data/ratis/ad7fb66d-8351-4f2e-9519-3a4e2a65e666 has been successfully formatted.
2019-10-21 23:03:17,033 [pool-581-thread-1] INFO  ratis.ContainerStateMachine (ContainerStateMachine.java:loadSnapshot(231)) - group-3A4E2A65E666: The snapshot info is null. Setting the last applied indexto:(t:0, i:~)
2019-10-21 23:03:17,033 [pool-581-thread-1] INFO  server.RaftServerConfigKeys (ConfUtils.java:logGet(43)) - raft.server.notification.no-leader.timeout = 120s (custom)
2019-10-21 23:03:17,033 [8f86521a-dea0-43d1-ae77-898e04dffe78@group-2FC1C8829C54-LeaderElection1078] INFO  impl.LeaderElection (LeaderElection.java:logAndReturn(56)) - 8f86521a-dea0-43d1-ae77-898e04dffe78@group-2FC1C8829C54-LeaderElection1078: Election PASSED; received 1 response(s) [8f86521a-dea0-43d1-ae77-898e04dffe78<-75bcb3a2-b551-405f-b8dd-694cefee0d48#0:OK-t1] and 0 exception(s); 8f86521a-dea0-43d1-ae77-898e04dffe78@group-2FC1C8829C54:t1, leader=null, voted=8f86521a-dea0-43d1-ae77-898e04dffe78, raftlog=8f86521a-dea0-43d1-ae77-898e04dffe78@group-2FC1C8829C54-SegmentedRaftLog:OPENED:c-1,f-1,i0, conf=-1: [8f86521a-dea0-43d1-ae77-898e04dffe78:192.168.69.118:34690, 75bcb3a2-b551-405f-b8dd-694cefee0d48:192.168.69.118:38590, 9aaebd24-66cb-4b96-a722-f4b7b0063a4e:192.168.69.118:34037], old=null
2019-10-21 23:03:17,033 [pool-581-thread-1] INFO  server.RaftServerConfigKeys (ConfUtils.java:logGet(43)) - raft.server.log.use.memory = false (default)
2019-10-21 23:03:17,033 [8f86521a-dea0-43d1-ae77-898e04dffe78@group-2FC1C8829C54-LeaderElection1078] INFO  impl.RoleInfo (RoleInfo.java:shutdownLeaderElection(134)) - 8f86521a-dea0-43d1-ae77-898e04dffe78: shutdown LeaderElection
2019-10-21 23:03:17,033 [pool-581-thread-1] INFO  server.RaftServerConfigKeys (ConfUtils.java:logGet(43)) - raft.server.log.purge.gap = 1000000 (custom)
2019-10-21 23:03:17,033 [8f86521a-dea0-43d1-ae77-898e04dffe78@group-2FC1C8829C54-LeaderElection1078] INFO  impl.RaftServerImpl (RaftServerImpl.java:setRole(184)) - 8f86521a-dea0-43d1-ae77-898e04dffe78@group-2FC1C8829C54: changes role from CANDIDATE to LEADER at term 1 for changeToLeader
2019-10-21 23:03:17,034 [pool-581-thread-1] INFO  server.RaftServerConfigKeys (ConfUtils.java:logGet(43)) - raft.server.log.appender.buffer.byte-limit = 33554432 (custom)
2019-10-21 23:03:17,034 [8f86521a-dea0-43d1-ae77-898e04dffe78@group-2FC1C8829C54-LeaderElection1078] INFO  impl.RaftServerImpl (ServerState.java:setLeader(256)) - 8f86521a-dea0-43d1-ae77-898e04dffe78@group-2FC1C8829C54: change Leader from null to 8f86521a-dea0-43d1-ae77-898e04dffe78 at term 1 for becomeLeader, leader elected after 130ms
2019-10-21 23:03:17,034 [pool-581-thread-1] INFO  server.RaftServerConfigKeys (ConfUtils.java:logGet(43)) - raft.server.log.segment.size.max = 1048576 (custom)
2019-10-21 23:03:17,034 [8f86521a-dea0-43d1-ae77-898e04dffe78@group-2FC1C8829C54-LeaderElection1078] INFO  server.RaftServerConfigKeys (ConfUtils.java:logGet(43)) - raft.server.staging.catchup.gap = 1000 (default)
2019-10-21 23:03:17,034 [8f86521a-dea0-43d1-ae77-898e04dffe78@group-2FC1C8829C54-LeaderElection1078] INFO  server.RaftServerConfigKeys (ConfUtils.java:logGet(43)) - raft.server.rpc.sleep.time = 25ms (default)
2019-10-21 23:03:17,034 [8f86521a-dea0-43d1-ae77-898e04dffe78@group-2FC1C8829C54-LeaderElection1078] INFO  server.RaftServerConfigKeys (ConfUtils.java:logGet(43)) - raft.server.write.element-limit = 4096 (default)
2019-10-21 23:03:17,034 [8f86521a-dea0-43d1-ae77-898e04dffe78@group-2FC1C8829C54-LeaderElection1078] INFO  server.RaftServerConfigKeys (ConfUtils.java:logGet(43)) - raft.server.watch.timeout = 10s (default)
2019-10-21 23:03:17,035 [8f86521a-dea0-43d1-ae77-898e04dffe78@group-2FC1C8829C54-LeaderElection1078] INFO  server.RaftServerConfigKeys (ConfUtils.java:logGet(43)) - raft.server.watch.timeout.denomination = 1s (default)
2019-10-21 23:03:17,035 [8f86521a-dea0-43d1-ae77-898e04dffe78@group-2FC1C8829C54-LeaderElection1078] INFO  server.RaftServerConfigKeys (ConfUtils.java:logGet(43)) - raft.server.watch.element-limit = 65536 (default)
2019-10-21 23:03:17,036 [pool-581-thread-1] INFO  server.RaftServerConfigKeys (ConfUtils.java:logGet(43)) - raft.server.log.segment.cache.num.max = 2 (custom)
2019-10-21 23:03:17,036 [pool-581-thread-1] INFO  segmented.SegmentedRaftLogWorker (SegmentedRaftLogWorker.java:<init>(173)) - new 5e72733e-cb8a-4e36-9088-390b573ceccc@group-3A4E2A65E666-SegmentedRaftLogWorker for RaftStorage:Storage Directory /workdir/hadoop-ozone/integration-test/target/test-dir/MiniOzoneClusterImpl-d9aa8a4b-930f-46eb-8e95-9ce1bbfd2407/datanode-7/data/ratis/ad7fb66d-8351-4f2e-9519-3a4e2a65e666
2019-10-21 23:03:17,036 [pool-581-thread-1] INFO  server.RaftServerConfigKeys (ConfUtils.java:logGet(43)) - raft.server.log.queue.byte-limit = 2147483647 (custom)
2019-10-21 23:03:17,036 [pool-581-thread-1] INFO  server.RaftServerConfigKeys (ConfUtils.java:logGet(43)) - raft.server.log.queue.element-limit = 1024 (custom)
2019-10-21 23:03:17,036 [pool-581-thread-1] INFO  server.RaftServerConfigKeys (ConfUtils.java:logGet(43)) - raft.server.log.segment.size.max = 1048576 (custom)
2019-10-21 23:03:17,036 [pool-581-thread-1] INFO  server.RaftServerConfigKeys (ConfUtils.java:logGet(43)) - raft.server.log.preallocated.size = 16384 (custom)
2019-10-21 23:03:17,037 [pool-581-thread-1] INFO  server.RaftServerConfigKeys (ConfUtils.java:logGet(43)) - raft.server.log.write.buffer.size = 33554432 (custom)
2019-10-21 23:03:17,037 [8f86521a-dea0-43d1-ae77-898e04dffe78@group-2FC1C8829C54-LeaderElection1078] INFO  server.RaftServerConfigKeys (ConfUtils.java:logGet(43)) - raft.server.log.appender.snapshot.chunk.size.max = 16MB (=16777216) (default)
2019-10-21 23:03:17,037 [pool-581-thread-1] INFO  server.RaftServerConfigKeys (ConfUtils.java:logGet(43)) - raft.server.log.force.sync.num = 128 (default)
2019-10-21 23:03:17,037 [8f86521a-dea0-43d1-ae77-898e04dffe78@group-2FC1C8829C54-LeaderElection1078] INFO  server.RaftServerConfigKeys (ConfUtils.java:logGet(43)) - raft.server.log.appender.buffer.byte-limit = 33554432 (custom)
2019-10-21 23:03:17,037 [pool-581-thread-1] INFO  server.RaftServerConfigKeys (ConfUtils.java:logGet(43)) - raft.server.log.statemachine.data.sync = true (default)
2019-10-21 23:03:17,037 [8f86521a-dea0-43d1-ae77-898e04dffe78@group-2FC1C8829C54-LeaderElection1078] INFO  server.RaftServerConfigKeys (ConfUtils.java:logGet(43)) - raft.server.log.appender.buffer.element-limit = 1 (custom)
2019-10-21 23:03:17,037 [pool-581-thread-1] INFO  server.RaftServerConfigKeys (ConfUtils.java:logGet(43)) - raft.server.log.statemachine.data.sync.timeout = 10s (default)
2019-10-21 23:03:17,037 [8f86521a-dea0-43d1-ae77-898e04dffe78@group-2FC1C8829C54-LeaderElection1078] INFO  grpc.GrpcConfigKeys$Server (ConfUtils.java:logGet(43)) - raft.grpc.server.leader.outstanding.appends.max = 128 (default)
2019-10-21 23:03:17,038 [pool-581-thread-1] INFO  server.RaftServerConfigKeys (ConfUtils.java:logGet(43)) - raft.server.log.statemachine.data.sync.timeout.retry = -1 (default)
2019-10-21 23:03:17,038 [8f86521a-dea0-43d1-ae77-898e04dffe78@group-2FC1C8829C54-LeaderElection1078] INFO  server.RaftServerConfigKeys (ConfUtils.java:logGet(43)) - raft.server.rpc.request.timeout = 3000ms (default)
2019-10-21 23:03:17,038 [8f86521a-dea0-43d1-ae77-898e04dffe78@group-2FC1C8829C54-LeaderElection1078] INFO  server.RaftServerConfigKeys (ConfUtils.java:logGet(43)) - raft.server.log.appender.install.snapshot.enabled = false (custom)
2019-10-21 23:03:17,038 [pool-581-thread-1] INFO  server.RaftServerConfigKeys (ConfUtils.java:logGet(43)) - raft.server.log.statemachine.data.caching.enabled = true (custom)
2019-10-21 23:03:17,038 [pool-581-thread-1] INFO  segmented.SegmentedRaftLogWorker (SegmentedRaftLogWorker.java:lambda$new$0(128)) - 5e72733e-cb8a-4e36-9088-390b573ceccc@group-3A4E2A65E666-SegmentedRaftLogWorker: flushIndex: setUnconditionally 0 -> -1
2019-10-21 23:03:17,039 [pool-581-thread-1] INFO  server.RaftServerConfigKeys (ConfUtils.java:logGet(43)) - raft.server.snapshot.auto.trigger.enabled = true (custom)
2019-10-21 23:03:17,039 [pool-581-thread-1] INFO  server.RaftServerConfigKeys (ConfUtils.java:logGet(43)) - raft.server.snapshot.auto.trigger.threshold = 10000 (custom)
2019-10-21 23:03:17,039 [pool-581-thread-1] INFO  server.RaftServerConfigKeys (ConfUtils.java:logGet(43)) - raft.server.snapshot.retention.file.num = 5 (custom)
2019-10-21 23:03:17,039 [pool-581-thread-1] INFO  server.RaftServerConfigKeys (ConfUtils.java:logGet(43)) - raft.server.retrycache.expirytime = 600000ms (custom)
2019-10-21 23:03:17,040 [8f86521a-dea0-43d1-ae77-898e04dffe78@group-2FC1C8829C54-LeaderElection1078] INFO  server.RaftServerConfigKeys (ConfUtils.java:logGet(43)) - raft.server.log.appender.snapshot.chunk.size.max = 16MB (=16777216) (default)
2019-10-21 23:03:17,040 [8f86521a-dea0-43d1-ae77-898e04dffe78@group-2FC1C8829C54-LeaderElection1078] INFO  server.RaftServerConfigKeys (ConfUtils.java:logGet(43)) - raft.server.log.appender.buffer.byte-limit = 33554432 (custom)
2019-10-21 23:03:17,040 [8f86521a-dea0-43d1-ae77-898e04dffe78@group-2FC1C8829C54-LeaderElection1078] INFO  server.RaftServerConfigKeys (ConfUtils.java:logGet(43)) - raft.server.log.appender.buffer.element-limit = 1 (custom)
2019-10-21 23:03:17,040 [8f86521a-dea0-43d1-ae77-898e04dffe78@group-2FC1C8829C54-LeaderElection1078] INFO  grpc.GrpcConfigKeys$Server (ConfUtils.java:logGet(43)) - raft.grpc.server.leader.outstanding.appends.max = 128 (default)
2019-10-21 23:03:17,041 [8f86521a-dea0-43d1-ae77-898e04dffe78@group-2FC1C8829C54-LeaderElection1078] INFO  server.RaftServerConfigKeys (ConfUtils.java:logGet(43)) - raft.server.rpc.request.timeout = 3000ms (default)
2019-10-21 23:03:17,041 [8f86521a-dea0-43d1-ae77-898e04dffe78@group-2FC1C8829C54-LeaderElection1078] INFO  server.RaftServerConfigKeys (ConfUtils.java:logGet(43)) - raft.server.log.appender.install.snapshot.enabled = false (custom)
2019-10-21 23:03:17,043 [pool-581-thread-1] INFO  impl.RaftServerImpl (RaftServerImpl.java:start(195)) - 5e72733e-cb8a-4e36-9088-390b573ceccc@group-3A4E2A65E666: start as a follower, conf=-1: [5e72733e-cb8a-4e36-9088-390b573ceccc:192.168.69.118:39726], old=null
2019-10-21 23:03:17,043 [pool-581-thread-1] INFO  impl.RaftServerImpl (RaftServerImpl.java:setRole(184)) - 5e72733e-cb8a-4e36-9088-390b573ceccc@group-3A4E2A65E666: changes role from      null to FOLLOWER at term 0 for startAsFollower
2019-10-21 23:03:17,043 [pool-581-thread-1] INFO  impl.RoleInfo (RoleInfo.java:updateAndGet(143)) - 5e72733e-cb8a-4e36-9088-390b573ceccc: start FollowerState
2019-10-21 23:03:17,044 [8f86521a-dea0-43d1-ae77-898e04dffe78@group-2FC1C8829C54-LeaderElection1078] INFO  impl.RoleInfo (RoleInfo.java:updateAndGet(143)) - 8f86521a-dea0-43d1-ae77-898e04dffe78: start LeaderState
2019-10-21 23:03:17,044 [pool-581-thread-1] INFO  util.JmxRegister (JmxRegister.java:tryRegister(44)) - Successfully registered JMX Bean with object name Ratis:service=RaftServer,group=group-3A4E2A65E666,id=5e72733e-cb8a-4e36-9088-390b573ceccc
2019-10-21 23:03:17,044 [8f86521a-dea0-43d1-ae77-898e04dffe78@group-2FC1C8829C54-LeaderElection1078] INFO  segmented.SegmentedRaftLogWorker (SegmentedRaftLogWorker.java:startLogSegment(385)) - 8f86521a-dea0-43d1-ae77-898e04dffe78@group-2FC1C8829C54-SegmentedRaftLogWorker: Starting segment from index:0
2019-10-21 23:03:17,045 [8f86521a-dea0-43d1-ae77-898e04dffe78@group-2FC1C8829C54-LeaderElection1078] INFO  impl.RaftServerImpl (ServerState.java:setRaftConf(357)) - 8f86521a-dea0-43d1-ae77-898e04dffe78@group-2FC1C8829C54: set configuration 0: [8f86521a-dea0-43d1-ae77-898e04dffe78:192.168.69.118:34690, 75bcb3a2-b551-405f-b8dd-694cefee0d48:192.168.69.118:38590, 9aaebd24-66cb-4b96-a722-f4b7b0063a4e:192.168.69.118:34037], old=null at 0
2019-10-21 23:03:17,068 [grpc-default-executor-8] INFO  impl.RaftServerImpl (ServerState.java:setLeader(256)) - 75bcb3a2-b551-405f-b8dd-694cefee0d48@group-2FC1C8829C54: change Leader from null to 8f86521a-dea0-43d1-ae77-898e04dffe78 at term 1 for appendEntries, leader elected after 165ms
2019-10-21 23:03:17,069 [grpc-default-executor-8] INFO  impl.RaftServerImpl (ServerState.java:setLeader(256)) - 9aaebd24-66cb-4b96-a722-f4b7b0063a4e@group-2FC1C8829C54: change Leader from null to 8f86521a-dea0-43d1-ae77-898e04dffe78 at term 1 for appendEntries, leader elected after 166ms
2019-10-21 23:03:17,072 [grpc-default-executor-8] INFO  impl.RaftServerImpl (ServerState.java:setRaftConf(357)) - 75bcb3a2-b551-405f-b8dd-694cefee0d48@group-2FC1C8829C54: set configuration 0: [8f86521a-dea0-43d1-ae77-898e04dffe78:192.168.69.118:34690, 75bcb3a2-b551-405f-b8dd-694cefee0d48:192.168.69.118:38590, 9aaebd24-66cb-4b96-a722-f4b7b0063a4e:192.168.69.118:34037], old=null at 0
2019-10-21 23:03:17,072 [grpc-default-executor-8] INFO  segmented.SegmentedRaftLogWorker (SegmentedRaftLogWorker.java:startLogSegment(385)) - 75bcb3a2-b551-405f-b8dd-694cefee0d48@group-2FC1C8829C54-SegmentedRaftLogWorker: Starting segment from index:0
2019-10-21 23:03:17,072 [grpc-default-executor-8] INFO  impl.RaftServerImpl (ServerState.java:setRaftConf(357)) - 9aaebd24-66cb-4b96-a722-f4b7b0063a4e@group-2FC1C8829C54: set configuration 0: [8f86521a-dea0-43d1-ae77-898e04dffe78:192.168.69.118:34690, 75bcb3a2-b551-405f-b8dd-694cefee0d48:192.168.69.118:38590, 9aaebd24-66cb-4b96-a722-f4b7b0063a4e:192.168.69.118:34037], old=null at 0
2019-10-21 23:03:17,073 [grpc-default-executor-8] INFO  segmented.SegmentedRaftLogWorker (SegmentedRaftLogWorker.java:startLogSegment(385)) - 9aaebd24-66cb-4b96-a722-f4b7b0063a4e@group-2FC1C8829C54-SegmentedRaftLogWorker: Starting segment from index:0
2019-10-21 23:03:17,078 [RatisPipelineUtilsThread] INFO  pipeline.PipelineStateManager (PipelineStateManager.java:addPipeline(56)) - Created pipeline Pipeline[ Id: ad7fb66d-8351-4f2e-9519-3a4e2a65e666, Nodes: 5e72733e-cb8a-4e36-9088-390b573ceccc{ip: 192.168.69.118, host: pr-hdds-2131-w2fms-3313293055, networkLocation: /rack1, certSerialId: null}, Type:RATIS, Factor:ONE, State:OPEN]
2019-10-21 23:03:17,081 [8f86521a-dea0-43d1-ae77-898e04dffe78@group-2FC1C8829C54-SegmentedRaftLogWorker] INFO  segmented.SegmentedRaftLogWorker (SegmentedRaftLogWorker.java:execute(576)) - 8f86521a-dea0-43d1-ae77-898e04dffe78@group-2FC1C8829C54-SegmentedRaftLogWorker: created new log segment /workdir/hadoop-ozone/integration-test/target/test-dir/MiniOzoneClusterImpl-d9aa8a4b-930f-46eb-8e95-9ce1bbfd2407/datanode-3/data/ratis/f1772525-8379-4a34-84d1-2fc1c8829c54/current/log_inprogress_0
2019-10-21 23:03:17,112 [grpc-default-executor-8] INFO  impl.RaftServerProxy (RaftServerProxy.java:addNew(89)) - 1ece9cc6-afa0-4e0e-a250-be9279276c08: addNew group-B9DE29A44889:[1ece9cc6-afa0-4e0e-a250-be9279276c08:192.168.69.118:46095] returns group-B9DE29A44889:java.util.concurrent.CompletableFuture@7fe7b822[Not completed]
2019-10-21 23:03:17,113 [main] INFO  ozone.MiniOzoneClusterImpl (MiniOzoneClusterImpl.java:lambda$waitForClusterToBeReady$0(147)) - Waiting for cluster to be ready. Got 9 of 10 DN Heartbeats.
2019-10-21 23:03:17,113 [pool-571-thread-1] INFO  impl.RaftServerImpl (RaftServerImpl.java:<init>(104)) - 1ece9cc6-afa0-4e0e-a250-be9279276c08: new RaftServerImpl for group-B9DE29A44889:[1ece9cc6-afa0-4e0e-a250-be9279276c08:192.168.69.118:46095] with ContainerStateMachine:uninitialized
2019-10-21 23:03:17,113 [pool-571-thread-1] INFO  server.RaftServerConfigKeys (ConfUtils.java:logGet(43)) - raft.server.rpc.timeout.min = 1s (custom)
2019-10-21 23:03:17,114 [pool-571-thread-1] INFO  server.RaftServerConfigKeys (ConfUtils.java:logGet(43)) - raft.server.rpc.timeout.max = 1200ms (custom)
2019-10-21 23:03:17,114 [IPC Server handler 13 on 43510] INFO  net.NetworkTopology (NetworkTopologyImpl.java:add(111)) - Added a new node: /rack1/bc9ab211-cc75-4801-ac6a-7532c28ed948
2019-10-21 23:03:17,114 [pool-571-thread-1] INFO  server.RaftServerConfigKeys (ConfUtils.java:logGet(43)) - raft.server.rpcslowness.timeout = 120s (custom)
2019-10-21 23:03:17,114 [IPC Server handler 13 on 43510] INFO  node.SCMNodeManager (SCMNodeManager.java:register(268)) - Registered Data node : bc9ab211-cc75-4801-ac6a-7532c28ed948{ip: 192.168.69.118, host: pr-hdds-2131-w2fms-3313293055, networkLocation: /rack1, certSerialId: null}
2019-10-21 23:03:17,114 [pool-571-thread-1] INFO  server.RaftServerConfigKeys (ConfUtils.java:logGet(43)) - raft.server.sleep.deviation.threshold = 300 (default)
2019-10-21 23:03:17,114 [pool-571-thread-1] INFO  server.RaftServerConfigKeys (ConfUtils.java:logGet(43)) - raft.server.log.appender.install.snapshot.enabled = false (custom)
2019-10-21 23:03:17,114 [pool-571-thread-1] INFO  impl.RaftServerImpl (ServerState.java:<init>(103)) - 1ece9cc6-afa0-4e0e-a250-be9279276c08@group-B9DE29A44889: ConfigurationManager, init=-1: [1ece9cc6-afa0-4e0e-a250-be9279276c08:192.168.69.118:46095], old=null, confs=<EMPTY_MAP>
2019-10-21 23:03:17,115 [pool-571-thread-1] INFO  server.RaftServerConfigKeys (ConfUtils.java:logGet(43)) - raft.server.storage.dir = [/workdir/hadoop-ozone/integration-test/target/test-dir/MiniOzoneClusterImpl-d9aa8a4b-930f-46eb-8e95-9ce1bbfd2407/datanode-6/data/ratis] (custom)
2019-10-21 23:03:17,115 [pool-571-thread-1] INFO  server.RaftServerConfigKeys (ConfUtils.java:logGet(43)) - raft.server.log.corruption.policy = EXCEPTION (default)
2019-10-21 23:03:17,115 [pool-571-thread-1] INFO  storage.RaftStorageDirectory (RaftStorageDirectory.java:analyzeStorage(246)) - The storage directory /workdir/hadoop-ozone/integration-test/target/test-dir/MiniOzoneClusterImpl-d9aa8a4b-930f-46eb-8e95-9ce1bbfd2407/datanode-6/data/ratis/ee72cce6-ab40-4342-becf-b9de29a44889 does not exist. Creating ...
2019-10-21 23:03:17,128 [75bcb3a2-b551-405f-b8dd-694cefee0d48@group-2FC1C8829C54-SegmentedRaftLogWorker] INFO  segmented.SegmentedRaftLogWorker (SegmentedRaftLogWorker.java:execute(576)) - 75bcb3a2-b551-405f-b8dd-694cefee0d48@group-2FC1C8829C54-SegmentedRaftLogWorker: created new log segment /workdir/hadoop-ozone/integration-test/target/test-dir/MiniOzoneClusterImpl-d9aa8a4b-930f-46eb-8e95-9ce1bbfd2407/datanode-4/data/ratis/f1772525-8379-4a34-84d1-2fc1c8829c54/current/log_inprogress_0
2019-10-21 23:03:17,128 [pool-571-thread-1] INFO  storage.RaftStorageDirectory (RaftStorageDirectory.java:tryLock(328)) - Lock on /workdir/hadoop-ozone/integration-test/target/test-dir/MiniOzoneClusterImpl-d9aa8a4b-930f-46eb-8e95-9ce1bbfd2407/datanode-6/data/ratis/ee72cce6-ab40-4342-becf-b9de29a44889/in_use.lock acquired by nodename 10674@pr-hdds-2131-w2fms-3313293055
2019-10-21 23:03:17,128 [9aaebd24-66cb-4b96-a722-f4b7b0063a4e@group-2FC1C8829C54-SegmentedRaftLogWorker] INFO  segmented.SegmentedRaftLogWorker (SegmentedRaftLogWorker.java:execute(576)) - 9aaebd24-66cb-4b96-a722-f4b7b0063a4e@group-2FC1C8829C54-SegmentedRaftLogWorker: created new log segment /workdir/hadoop-ozone/integration-test/target/test-dir/MiniOzoneClusterImpl-d9aa8a4b-930f-46eb-8e95-9ce1bbfd2407/datanode-5/data/ratis/f1772525-8379-4a34-84d1-2fc1c8829c54/current/log_inprogress_0
2019-10-21 23:03:17,141 [pool-571-thread-1] INFO  storage.RaftStorage (RaftStorage.java:format(84)) - Storage directory /workdir/hadoop-ozone/integration-test/target/test-dir/MiniOzoneClusterImpl-d9aa8a4b-930f-46eb-8e95-9ce1bbfd2407/datanode-6/data/ratis/ee72cce6-ab40-4342-becf-b9de29a44889 has been successfully formatted.
2019-10-21 23:03:17,142 [pool-571-thread-1] INFO  ratis.ContainerStateMachine (ContainerStateMachine.java:loadSnapshot(231)) - group-B9DE29A44889: The snapshot info is null. Setting the last applied indexto:(t:0, i:~)
2019-10-21 23:03:17,142 [pool-571-thread-1] INFO  server.RaftServerConfigKeys (ConfUtils.java:logGet(43)) - raft.server.notification.no-leader.timeout = 120s (custom)
2019-10-21 23:03:17,142 [pool-571-thread-1] INFO  server.RaftServerConfigKeys (ConfUtils.java:logGet(43)) - raft.server.log.use.memory = false (default)
2019-10-21 23:03:17,142 [pool-571-thread-1] INFO  server.RaftServerConfigKeys (ConfUtils.java:logGet(43)) - raft.server.log.purge.gap = 1000000 (custom)
2019-10-21 23:03:17,142 [pool-571-thread-1] INFO  server.RaftServerConfigKeys (ConfUtils.java:logGet(43)) - raft.server.log.appender.buffer.byte-limit = 33554432 (custom)
2019-10-21 23:03:17,142 [pool-571-thread-1] INFO  server.RaftServerConfigKeys (ConfUtils.java:logGet(43)) - raft.server.log.segment.size.max = 1048576 (custom)
2019-10-21 23:03:17,144 [pool-571-thread-1] INFO  server.RaftServerConfigKeys (ConfUtils.java:logGet(43)) - raft.server.log.segment.cache.num.max = 2 (custom)
2019-10-21 23:03:17,144 [pool-571-thread-1] INFO  segmented.SegmentedRaftLogWorker (SegmentedRaftLogWorker.java:<init>(173)) - new 1ece9cc6-afa0-4e0e-a250-be9279276c08@group-B9DE29A44889-SegmentedRaftLogWorker for RaftStorage:Storage Directory /workdir/hadoop-ozone/integration-test/target/test-dir/MiniOzoneClusterImpl-d9aa8a4b-930f-46eb-8e95-9ce1bbfd2407/datanode-6/data/ratis/ee72cce6-ab40-4342-becf-b9de29a44889
2019-10-21 23:03:17,144 [pool-571-thread-1] INFO  server.RaftServerConfigKeys (ConfUtils.java:logGet(43)) - raft.server.log.queue.byte-limit = 2147483647 (custom)
2019-10-21 23:03:17,144 [pool-571-thread-1] INFO  server.RaftServerConfigKeys (ConfUtils.java:logGet(43)) - raft.server.log.queue.element-limit = 1024 (custom)
2019-10-21 23:03:17,144 [pool-571-thread-1] INFO  server.RaftServerConfigKeys (ConfUtils.java:logGet(43)) - raft.server.log.segment.size.max = 1048576 (custom)
2019-10-21 23:03:17,145 [pool-571-thread-1] INFO  server.RaftServerConfigKeys (ConfUtils.java:logGet(43)) - raft.server.log.preallocated.size = 16384 (custom)
2019-10-21 23:03:17,145 [pool-571-thread-1] INFO  server.RaftServerConfigKeys (ConfUtils.java:logGet(43)) - raft.server.log.write.buffer.size = 33554432 (custom)
2019-10-21 23:03:17,145 [pool-571-thread-1] INFO  server.RaftServerConfigKeys (ConfUtils.java:logGet(43)) - raft.server.log.force.sync.num = 128 (default)
2019-10-21 23:03:17,145 [pool-571-thread-1] INFO  server.RaftServerConfigKeys (ConfUtils.java:logGet(43)) - raft.server.log.statemachine.data.sync = true (default)
2019-10-21 23:03:17,145 [pool-571-thread-1] INFO  server.RaftServerConfigKeys (ConfUtils.java:logGet(43)) - raft.server.log.statemachine.data.sync.timeout = 10s (default)
2019-10-21 23:03:17,145 [pool-571-thread-1] INFO  server.RaftServerConfigKeys (ConfUtils.java:logGet(43)) - raft.server.log.statemachine.data.sync.timeout.retry = -1 (default)
2019-10-21 23:03:17,145 [pool-571-thread-1] INFO  server.RaftServerConfigKeys (ConfUtils.java:logGet(43)) - raft.server.log.statemachine.data.caching.enabled = true (custom)
2019-10-21 23:03:17,146 [pool-571-thread-1] INFO  segmented.SegmentedRaftLogWorker (SegmentedRaftLogWorker.java:lambda$new$0(128)) - 1ece9cc6-afa0-4e0e-a250-be9279276c08@group-B9DE29A44889-SegmentedRaftLogWorker: flushIndex: setUnconditionally 0 -> -1
2019-10-21 23:03:17,146 [pool-571-thread-1] INFO  server.RaftServerConfigKeys (ConfUtils.java:logGet(43)) - raft.server.snapshot.auto.trigger.enabled = true (custom)
2019-10-21 23:03:17,146 [pool-571-thread-1] INFO  server.RaftServerConfigKeys (ConfUtils.java:logGet(43)) - raft.server.snapshot.auto.trigger.threshold = 10000 (custom)
2019-10-21 23:03:17,146 [pool-571-thread-1] INFO  server.RaftServerConfigKeys (ConfUtils.java:logGet(43)) - raft.server.snapshot.retention.file.num = 5 (custom)
2019-10-21 23:03:17,146 [pool-571-thread-1] INFO  server.RaftServerConfigKeys (ConfUtils.java:logGet(43)) - raft.server.retrycache.expirytime = 600000ms (custom)
2019-10-21 23:03:17,149 [pool-571-thread-1] INFO  impl.RaftServerImpl (RaftServerImpl.java:start(195)) - 1ece9cc6-afa0-4e0e-a250-be9279276c08@group-B9DE29A44889: start as a follower, conf=-1: [1ece9cc6-afa0-4e0e-a250-be9279276c08:192.168.69.118:46095], old=null
2019-10-21 23:03:17,149 [pool-571-thread-1] INFO  impl.RaftServerImpl (RaftServerImpl.java:setRole(184)) - 1ece9cc6-afa0-4e0e-a250-be9279276c08@group-B9DE29A44889: changes role from      null to FOLLOWER at term 0 for startAsFollower
2019-10-21 23:03:17,149 [pool-571-thread-1] INFO  impl.RoleInfo (RoleInfo.java:updateAndGet(143)) - 1ece9cc6-afa0-4e0e-a250-be9279276c08: start FollowerState
2019-10-21 23:03:17,150 [pool-571-thread-1] INFO  util.JmxRegister (JmxRegister.java:tryRegister(44)) - Successfully registered JMX Bean with object name Ratis:service=RaftServer,group=group-B9DE29A44889,id=1ece9cc6-afa0-4e0e-a250-be9279276c08
2019-10-21 23:03:17,153 [RatisPipelineUtilsThread] INFO  pipeline.PipelineStateManager (PipelineStateManager.java:addPipeline(56)) - Created pipeline Pipeline[ Id: ee72cce6-ab40-4342-becf-b9de29a44889, Nodes: 1ece9cc6-afa0-4e0e-a250-be9279276c08{ip: 192.168.69.118, host: pr-hdds-2131-w2fms-3313293055, networkLocation: /rack1, certSerialId: null}, Type:RATIS, Factor:ONE, State:OPEN]
2019-10-21 23:03:17,159 [Thread-9441] INFO  impl.FollowerState (FollowerState.java:run(108)) - 1244ca21-2158-4cc7-9e07-ba347e145504@group-C1C12825AC52-FollowerState: change to CANDIDATE, lastRpcTime:189ms, electionTimeout:188ms
2019-10-21 23:03:17,159 [grpc-default-executor-8] INFO  impl.RaftServerProxy (RaftServerProxy.java:addNew(89)) - bc9ab211-cc75-4801-ac6a-7532c28ed948: addNew group-827C49DB2EF5:[bc9ab211-cc75-4801-ac6a-7532c28ed948:192.168.69.118:42914] returns group-827C49DB2EF5:java.util.concurrent.CompletableFuture@157debc3[Not completed]
2019-10-21 23:03:17,159 [Thread-9441] INFO  impl.RoleInfo (RoleInfo.java:shutdownFollowerState(121)) - 1244ca21-2158-4cc7-9e07-ba347e145504: shutdown FollowerState
2019-10-21 23:03:17,159 [Thread-9441] INFO  impl.RaftServerImpl (RaftServerImpl.java:setRole(184)) - 1244ca21-2158-4cc7-9e07-ba347e145504@group-C1C12825AC52: changes role from  FOLLOWER to CANDIDATE at term 7 for changeToCandidate
2019-10-21 23:03:17,160 [Thread-9441] INFO  impl.RoleInfo (RoleInfo.java:updateAndGet(143)) - 1244ca21-2158-4cc7-9e07-ba347e145504: start LeaderElection
2019-10-21 23:03:17,160 [pool-601-thread-1] INFO  impl.RaftServerImpl (RaftServerImpl.java:<init>(104)) - bc9ab211-cc75-4801-ac6a-7532c28ed948: new RaftServerImpl for group-827C49DB2EF5:[bc9ab211-cc75-4801-ac6a-7532c28ed948:192.168.69.118:42914] with ContainerStateMachine:uninitialized
2019-10-21 23:03:17,160 [pool-601-thread-1] INFO  server.RaftServerConfigKeys (ConfUtils.java:logGet(43)) - raft.server.rpc.timeout.min = 1s (custom)
2019-10-21 23:03:17,161 [pool-601-thread-1] INFO  server.RaftServerConfigKeys (ConfUtils.java:logGet(43)) - raft.server.rpc.timeout.max = 1200ms (custom)
2019-10-21 23:03:17,161 [pool-601-thread-1] INFO  server.RaftServerConfigKeys (ConfUtils.java:logGet(43)) - raft.server.rpcslowness.timeout = 120s (custom)
2019-10-21 23:03:17,161 [pool-601-thread-1] INFO  server.RaftServerConfigKeys (ConfUtils.java:logGet(43)) - raft.server.sleep.deviation.threshold = 300 (default)
2019-10-21 23:03:17,161 [pool-601-thread-1] INFO  server.RaftServerConfigKeys (ConfUtils.java:logGet(43)) - raft.server.log.appender.install.snapshot.enabled = false (custom)
2019-10-21 23:03:17,161 [pool-601-thread-1] INFO  impl.RaftServerImpl (ServerState.java:<init>(103)) - bc9ab211-cc75-4801-ac6a-7532c28ed948@group-827C49DB2EF5: ConfigurationManager, init=-1: [bc9ab211-cc75-4801-ac6a-7532c28ed948:192.168.69.118:42914], old=null, confs=<EMPTY_MAP>
2019-10-21 23:03:17,161 [pool-601-thread-1] INFO  server.RaftServerConfigKeys (ConfUtils.java:logGet(43)) - raft.server.storage.dir = [/workdir/hadoop-ozone/integration-test/target/test-dir/MiniOzoneClusterImpl-d9aa8a4b-930f-46eb-8e95-9ce1bbfd2407/datanode-9/data/ratis] (custom)
2019-10-21 23:03:17,161 [pool-601-thread-1] INFO  server.RaftServerConfigKeys (ConfUtils.java:logGet(43)) - raft.server.log.corruption.policy = EXCEPTION (default)
2019-10-21 23:03:17,161 [pool-601-thread-1] INFO  storage.RaftStorageDirectory (RaftStorageDirectory.java:analyzeStorage(246)) - The storage directory /workdir/hadoop-ozone/integration-test/target/test-dir/MiniOzoneClusterImpl-d9aa8a4b-930f-46eb-8e95-9ce1bbfd2407/datanode-9/data/ratis/8230f126-6424-454d-b9e1-827c49db2ef5 does not exist. Creating ...
2019-10-21 23:03:17,165 [Thread-9451] INFO  impl.FollowerState (FollowerState.java:run(108)) - 5e72733e-cb8a-4e36-9088-390b573ceccc@group-3A4E2A65E666-FollowerState: change to CANDIDATE, lastRpcTime:121ms, electionTimeout:121ms
2019-10-21 23:03:17,165 [Thread-9451] INFO  impl.RoleInfo (RoleInfo.java:shutdownFollowerState(121)) - 5e72733e-cb8a-4e36-9088-390b573ceccc: shutdown FollowerState
2019-10-21 23:03:17,165 [Thread-9451] INFO  impl.RaftServerImpl (RaftServerImpl.java:setRole(184)) - 5e72733e-cb8a-4e36-9088-390b573ceccc@group-3A4E2A65E666: changes role from  FOLLOWER to CANDIDATE at term 0 for changeToCandidate
2019-10-21 23:03:17,165 [Thread-9451] INFO  impl.RoleInfo (RoleInfo.java:updateAndGet(143)) - 5e72733e-cb8a-4e36-9088-390b573ceccc: start LeaderElection
2019-10-21 23:03:17,186 [pool-601-thread-1] INFO  storage.RaftStorageDirectory (RaftStorageDirectory.java:tryLock(328)) - Lock on /workdir/hadoop-ozone/integration-test/target/test-dir/MiniOzoneClusterImpl-d9aa8a4b-930f-46eb-8e95-9ce1bbfd2407/datanode-9/data/ratis/8230f126-6424-454d-b9e1-827c49db2ef5/in_use.lock acquired by nodename 10674@pr-hdds-2131-w2fms-3313293055
2019-10-21 23:03:17,186 [1244ca21-2158-4cc7-9e07-ba347e145504@group-C1C12825AC52-LeaderElection1079] INFO  impl.LeaderElection (LeaderElection.java:askForVotes(178)) - 1244ca21-2158-4cc7-9e07-ba347e145504@group-C1C12825AC52-LeaderElection1079: begin an election at term 8 for -1: [1244ca21-2158-4cc7-9e07-ba347e145504:192.168.69.118:43370, 7c107f1d-8592-48e3-af71-5982c0af1f56:192.168.69.118:36514, d10c8639-03b1-4f19-ac0f-6419d7578d59:192.168.69.118:37568], old=null
2019-10-21 23:03:17,186 [5e72733e-cb8a-4e36-9088-390b573ceccc@group-3A4E2A65E666-LeaderElection1080] INFO  impl.LeaderElection (LeaderElection.java:askForVotes(178)) - 5e72733e-cb8a-4e36-9088-390b573ceccc@group-3A4E2A65E666-LeaderElection1080: begin an election at term 1 for -1: [5e72733e-cb8a-4e36-9088-390b573ceccc:192.168.69.118:39726], old=null
2019-10-21 23:03:17,186 [5e72733e-cb8a-4e36-9088-390b573ceccc@group-3A4E2A65E666-LeaderElection1080] INFO  impl.RoleInfo (RoleInfo.java:shutdownLeaderElection(134)) - 5e72733e-cb8a-4e36-9088-390b573ceccc: shutdown LeaderElection
2019-10-21 23:03:17,186 [5e72733e-cb8a-4e36-9088-390b573ceccc@group-3A4E2A65E666-LeaderElection1080] INFO  impl.RaftServerImpl (RaftServerImpl.java:setRole(184)) - 5e72733e-cb8a-4e36-9088-390b573ceccc@group-3A4E2A65E666: changes role from CANDIDATE to LEADER at term 1 for changeToLeader
2019-10-21 23:03:17,186 [5e72733e-cb8a-4e36-9088-390b573ceccc@group-3A4E2A65E666-LeaderElection1080] INFO  impl.RaftServerImpl (ServerState.java:setLeader(256)) - 5e72733e-cb8a-4e36-9088-390b573ceccc@group-3A4E2A65E666: change Leader from null to 5e72733e-cb8a-4e36-9088-390b573ceccc at term 1 for becomeLeader, leader elected after 153ms
2019-10-21 23:03:17,186 [5e72733e-cb8a-4e36-9088-390b573ceccc@group-3A4E2A65E666-LeaderElection1080] INFO  server.RaftServerConfigKeys (ConfUtils.java:logGet(43)) - raft.server.staging.catchup.gap = 1000 (default)
2019-10-21 23:03:17,186 [5e72733e-cb8a-4e36-9088-390b573ceccc@group-3A4E2A65E666-LeaderElection1080] INFO  server.RaftServerConfigKeys (ConfUtils.java:logGet(43)) - raft.server.rpc.sleep.time = 25ms (default)
2019-10-21 23:03:17,186 [5e72733e-cb8a-4e36-9088-390b573ceccc@group-3A4E2A65E666-LeaderElection1080] INFO  server.RaftServerConfigKeys (ConfUtils.java:logGet(43)) - raft.server.write.element-limit = 4096 (default)
2019-10-21 23:03:17,187 [5e72733e-cb8a-4e36-9088-390b573ceccc@group-3A4E2A65E666-LeaderElection1080] INFO  server.RaftServerConfigKeys (ConfUtils.java:logGet(43)) - raft.server.watch.timeout = 10s (default)
2019-10-21 23:03:17,187 [5e72733e-cb8a-4e36-9088-390b573ceccc@group-3A4E2A65E666-LeaderElection1080] INFO  server.RaftServerConfigKeys (ConfUtils.java:logGet(43)) - raft.server.watch.timeout.denomination = 1s (default)
2019-10-21 23:03:17,187 [5e72733e-cb8a-4e36-9088-390b573ceccc@group-3A4E2A65E666-LeaderElection1080] INFO  server.RaftServerConfigKeys (ConfUtils.java:logGet(43)) - raft.server.watch.element-limit = 65536 (default)
2019-10-21 23:03:17,187 [grpc-default-executor-0] INFO  impl.RaftServerImpl (RaftServerImpl.java:setRole(184)) - d10c8639-03b1-4f19-ac0f-6419d7578d59@group-C1C12825AC52: changes role from  FOLLOWER to FOLLOWER at term 8 for recognizeCandidate:1244ca21-2158-4cc7-9e07-ba347e145504
2019-10-21 23:03:17,187 [grpc-default-executor-0] INFO  impl.RoleInfo (RoleInfo.java:shutdownFollowerState(121)) - d10c8639-03b1-4f19-ac0f-6419d7578d59: shutdown FollowerState
2019-10-21 23:03:17,187 [grpc-default-executor-8] INFO  impl.RaftServerImpl (RaftServerImpl.java:setRole(184)) - 7c107f1d-8592-48e3-af71-5982c0af1f56@group-C1C12825AC52: changes role from  FOLLOWER to FOLLOWER at term 8 for recognizeCandidate:1244ca21-2158-4cc7-9e07-ba347e145504
2019-10-21 23:03:17,188 [grpc-default-executor-8] INFO  impl.RoleInfo (RoleInfo.java:shutdownFollowerState(121)) - 7c107f1d-8592-48e3-af71-5982c0af1f56: shutdown FollowerState
2019-10-21 23:03:17,188 [Thread-9440] INFO  impl.FollowerState (FollowerState.java:run(117)) - d10c8639-03b1-4f19-ac0f-6419d7578d59@group-C1C12825AC52-FollowerState was interrupted: java.lang.InterruptedException: sleep interrupted
2019-10-21 23:03:17,188 [grpc-default-executor-0] INFO  impl.RoleInfo (RoleInfo.java:updateAndGet(143)) - d10c8639-03b1-4f19-ac0f-6419d7578d59: start FollowerState
2019-10-21 23:03:17,188 [Thread-9439] INFO  impl.FollowerState (FollowerState.java:run(117)) - 7c107f1d-8592-48e3-af71-5982c0af1f56@group-C1C12825AC52-FollowerState was interrupted: java.lang.InterruptedException: sleep interrupted
2019-10-21 23:03:17,188 [grpc-default-executor-8] INFO  impl.RoleInfo (RoleInfo.java:updateAndGet(143)) - 7c107f1d-8592-48e3-af71-5982c0af1f56: start FollowerState
2019-10-21 23:03:17,188 [5e72733e-cb8a-4e36-9088-390b573ceccc@group-3A4E2A65E666-LeaderElection1080] INFO  impl.RoleInfo (RoleInfo.java:updateAndGet(143)) - 5e72733e-cb8a-4e36-9088-390b573ceccc: start LeaderState
2019-10-21 23:03:17,189 [5e72733e-cb8a-4e36-9088-390b573ceccc@group-3A4E2A65E666-LeaderElection1080] INFO  segmented.SegmentedRaftLogWorker (SegmentedRaftLogWorker.java:startLogSegment(385)) - 5e72733e-cb8a-4e36-9088-390b573ceccc@group-3A4E2A65E666-SegmentedRaftLogWorker: Starting segment from index:0
2019-10-21 23:03:17,189 [5e72733e-cb8a-4e36-9088-390b573ceccc@group-3A4E2A65E666-LeaderElection1080] INFO  impl.RaftServerImpl (ServerState.java:setRaftConf(357)) - 5e72733e-cb8a-4e36-9088-390b573ceccc@group-3A4E2A65E666: set configuration 0: [5e72733e-cb8a-4e36-9088-390b573ceccc:192.168.69.118:39726], old=null at 0
2019-10-21 23:03:17,196 [Thread-9460] INFO  impl.FollowerState (FollowerState.java:run(108)) - 1ece9cc6-afa0-4e0e-a250-be9279276c08@group-B9DE29A44889-FollowerState: change to CANDIDATE, lastRpcTime:46ms, electionTimeout:46ms
2019-10-21 23:03:17,196 [Thread-9460] INFO  impl.RoleInfo (RoleInfo.java:shutdownFollowerState(121)) - 1ece9cc6-afa0-4e0e-a250-be9279276c08: shutdown FollowerState
2019-10-21 23:03:17,196 [Thread-9460] INFO  impl.RaftServerImpl (RaftServerImpl.java:setRole(184)) - 1ece9cc6-afa0-4e0e-a250-be9279276c08@group-B9DE29A44889: changes role from  FOLLOWER to CANDIDATE at term 0 for changeToCandidate
2019-10-21 23:03:17,196 [Thread-9460] INFO  impl.RoleInfo (RoleInfo.java:updateAndGet(143)) - 1ece9cc6-afa0-4e0e-a250-be9279276c08: start LeaderElection
2019-10-21 23:03:17,223 [1244ca21-2158-4cc7-9e07-ba347e145504@group-C1C12825AC52-LeaderElection1079] INFO  impl.LeaderElection (LeaderElection.java:logAndReturn(56)) - 1244ca21-2158-4cc7-9e07-ba347e145504@group-C1C12825AC52-LeaderElection1079: Election TIMEOUT; received 0 response(s) [] and 0 exception(s); 1244ca21-2158-4cc7-9e07-ba347e145504@group-C1C12825AC52:t8, leader=null, voted=1244ca21-2158-4cc7-9e07-ba347e145504, raftlog=1244ca21-2158-4cc7-9e07-ba347e145504@group-C1C12825AC52-SegmentedRaftLog:OPENED:c-1,f-1,i0, conf=-1: [1244ca21-2158-4cc7-9e07-ba347e145504:192.168.69.118:43370, 7c107f1d-8592-48e3-af71-5982c0af1f56:192.168.69.118:36514, d10c8639-03b1-4f19-ac0f-6419d7578d59:192.168.69.118:37568], old=null
2019-10-21 23:03:17,223 [pool-601-thread-1] INFO  storage.RaftStorage (RaftStorage.java:format(84)) - Storage directory /workdir/hadoop-ozone/integration-test/target/test-dir/MiniOzoneClusterImpl-d9aa8a4b-930f-46eb-8e95-9ce1bbfd2407/datanode-9/data/ratis/8230f126-6424-454d-b9e1-827c49db2ef5 has been successfully formatted.
2019-10-21 23:03:17,223 [pool-601-thread-1] INFO  ratis.ContainerStateMachine (ContainerStateMachine.java:loadSnapshot(231)) - group-827C49DB2EF5: The snapshot info is null. Setting the last applied indexto:(t:0, i:~)
2019-10-21 23:03:17,223 [pool-601-thread-1] INFO  server.RaftServerConfigKeys (ConfUtils.java:logGet(43)) - raft.server.notification.no-leader.timeout = 120s (custom)
2019-10-21 23:03:17,224 [pool-601-thread-1] INFO  server.RaftServerConfigKeys (ConfUtils.java:logGet(43)) - raft.server.log.use.memory = false (default)
2019-10-21 23:03:17,224 [pool-601-thread-1] INFO  server.RaftServerConfigKeys (ConfUtils.java:logGet(43)) - raft.server.log.purge.gap = 1000000 (custom)
2019-10-21 23:03:17,224 [pool-601-thread-1] INFO  server.RaftServerConfigKeys (ConfUtils.java:logGet(43)) - raft.server.log.appender.buffer.byte-limit = 33554432 (custom)
2019-10-21 23:03:17,224 [pool-601-thread-1] INFO  server.RaftServerConfigKeys (ConfUtils.java:logGet(43)) - raft.server.log.segment.size.max = 1048576 (custom)
2019-10-21 23:03:17,227 [pool-601-thread-1] INFO  server.RaftServerConfigKeys (ConfUtils.java:logGet(43)) - raft.server.log.segment.cache.num.max = 2 (custom)
2019-10-21 23:03:17,227 [pool-601-thread-1] INFO  segmented.SegmentedRaftLogWorker (SegmentedRaftLogWorker.java:<init>(173)) - new bc9ab211-cc75-4801-ac6a-7532c28ed948@group-827C49DB2EF5-SegmentedRaftLogWorker for RaftStorage:Storage Directory /workdir/hadoop-ozone/integration-test/target/test-dir/MiniOzoneClusterImpl-d9aa8a4b-930f-46eb-8e95-9ce1bbfd2407/datanode-9/data/ratis/8230f126-6424-454d-b9e1-827c49db2ef5
2019-10-21 23:03:17,227 [pool-601-thread-1] INFO  server.RaftServerConfigKeys (ConfUtils.java:logGet(43)) - raft.server.log.queue.byte-limit = 2147483647 (custom)
2019-10-21 23:03:17,227 [pool-601-thread-1] INFO  server.RaftServerConfigKeys (ConfUtils.java:logGet(43)) - raft.server.log.queue.element-limit = 1024 (custom)
2019-10-21 23:03:17,228 [pool-601-thread-1] INFO  server.RaftServerConfigKeys (ConfUtils.java:logGet(43)) - raft.server.log.segment.size.max = 1048576 (custom)
2019-10-21 23:03:17,228 [pool-601-thread-1] INFO  server.RaftServerConfigKeys (ConfUtils.java:logGet(43)) - raft.server.log.preallocated.size = 16384 (custom)
2019-10-21 23:03:17,228 [pool-601-thread-1] INFO  server.RaftServerConfigKeys (ConfUtils.java:logGet(43)) - raft.server.log.write.buffer.size = 33554432 (custom)
2019-10-21 23:03:17,228 [pool-601-thread-1] INFO  server.RaftServerConfigKeys (ConfUtils.java:logGet(43)) - raft.server.log.force.sync.num = 128 (default)
2019-10-21 23:03:17,228 [pool-601-thread-1] INFO  server.RaftServerConfigKeys (ConfUtils.java:logGet(43)) - raft.server.log.statemachine.data.sync = true (default)
2019-10-21 23:03:17,229 [pool-601-thread-1] INFO  server.RaftServerConfigKeys (ConfUtils.java:logGet(43)) - raft.server.log.statemachine.data.sync.timeout = 10s (default)
2019-10-21 23:03:17,229 [pool-601-thread-1] INFO  server.RaftServerConfigKeys (ConfUtils.java:logGet(43)) - raft.server.log.statemachine.data.sync.timeout.retry = -1 (default)
2019-10-21 23:03:17,229 [pool-601-thread-1] INFO  server.RaftServerConfigKeys (ConfUtils.java:logGet(43)) - raft.server.log.statemachine.data.caching.enabled = true (custom)
2019-10-21 23:03:17,229 [pool-601-thread-1] INFO  segmented.SegmentedRaftLogWorker (SegmentedRaftLogWorker.java:lambda$new$0(128)) - bc9ab211-cc75-4801-ac6a-7532c28ed948@group-827C49DB2EF5-SegmentedRaftLogWorker: flushIndex: setUnconditionally 0 -> -1
2019-10-21 23:03:17,230 [pool-601-thread-1] INFO  server.RaftServerConfigKeys (ConfUtils.java:logGet(43)) - raft.server.snapshot.auto.trigger.enabled = true (custom)
2019-10-21 23:03:17,230 [pool-601-thread-1] INFO  server.RaftServerConfigKeys (ConfUtils.java:logGet(43)) - raft.server.snapshot.auto.trigger.threshold = 10000 (custom)
2019-10-21 23:03:17,230 [pool-601-thread-1] INFO  server.RaftServerConfigKeys (ConfUtils.java:logGet(43)) - raft.server.snapshot.retention.file.num = 5 (custom)
2019-10-21 23:03:17,230 [pool-601-thread-1] INFO  server.RaftServerConfigKeys (ConfUtils.java:logGet(43)) - raft.server.retrycache.expirytime = 600000ms (custom)
2019-10-21 23:03:17,233 [pool-601-thread-1] INFO  impl.RaftServerImpl (RaftServerImpl.java:start(195)) - bc9ab211-cc75-4801-ac6a-7532c28ed948@group-827C49DB2EF5: start as a follower, conf=-1: [bc9ab211-cc75-4801-ac6a-7532c28ed948:192.168.69.118:42914], old=null
2019-10-21 23:03:17,233 [pool-601-thread-1] INFO  impl.RaftServerImpl (RaftServerImpl.java:setRole(184)) - bc9ab211-cc75-4801-ac6a-7532c28ed948@group-827C49DB2EF5: changes role from      null to FOLLOWER at term 0 for startAsFollower
2019-10-21 23:03:17,233 [pool-601-thread-1] INFO  impl.RoleInfo (RoleInfo.java:updateAndGet(143)) - bc9ab211-cc75-4801-ac6a-7532c28ed948: start FollowerState
2019-10-21 23:03:17,234 [pool-601-thread-1] INFO  util.JmxRegister (JmxRegister.java:tryRegister(44)) - Successfully registered JMX Bean with object name Ratis:service=RaftServer,group=group-827C49DB2EF5,id=bc9ab211-cc75-4801-ac6a-7532c28ed948
2019-10-21 23:03:17,236 [5e72733e-cb8a-4e36-9088-390b573ceccc@group-3A4E2A65E666-SegmentedRaftLogWorker] INFO  segmented.SegmentedRaftLogWorker (SegmentedRaftLogWorker.java:execute(576)) - 5e72733e-cb8a-4e36-9088-390b573ceccc@group-3A4E2A65E666-SegmentedRaftLogWorker: created new log segment /workdir/hadoop-ozone/integration-test/target/test-dir/MiniOzoneClusterImpl-d9aa8a4b-930f-46eb-8e95-9ce1bbfd2407/datanode-7/data/ratis/ad7fb66d-8351-4f2e-9519-3a4e2a65e666/current/log_inprogress_0
2019-10-21 23:03:17,236 [1ece9cc6-afa0-4e0e-a250-be9279276c08@group-B9DE29A44889-LeaderElection1081] INFO  impl.LeaderElection (LeaderElection.java:askForVotes(178)) - 1ece9cc6-afa0-4e0e-a250-be9279276c08@group-B9DE29A44889-LeaderElection1081: begin an election at term 1 for -1: [1ece9cc6-afa0-4e0e-a250-be9279276c08:192.168.69.118:46095], old=null
2019-10-21 23:03:17,236 [1244ca21-2158-4cc7-9e07-ba347e145504@group-C1C12825AC52-LeaderElection1079] INFO  impl.LeaderElection (LeaderElection.java:askForVotes(178)) - 1244ca21-2158-4cc7-9e07-ba347e145504@group-C1C12825AC52-LeaderElection1079: begin an election at term 9 for -1: [1244ca21-2158-4cc7-9e07-ba347e145504:192.168.69.118:43370, 7c107f1d-8592-48e3-af71-5982c0af1f56:192.168.69.118:36514, d10c8639-03b1-4f19-ac0f-6419d7578d59:192.168.69.118:37568], old=null
2019-10-21 23:03:17,236 [1ece9cc6-afa0-4e0e-a250-be9279276c08@group-B9DE29A44889-LeaderElection1081] INFO  impl.RoleInfo (RoleInfo.java:shutdownLeaderElection(134)) - 1ece9cc6-afa0-4e0e-a250-be9279276c08: shutdown LeaderElection
2019-10-21 23:03:17,236 [1ece9cc6-afa0-4e0e-a250-be9279276c08@group-B9DE29A44889-LeaderElection1081] INFO  impl.RaftServerImpl (RaftServerImpl.java:setRole(184)) - 1ece9cc6-afa0-4e0e-a250-be9279276c08@group-B9DE29A44889: changes role from CANDIDATE to LEADER at term 1 for changeToLeader
2019-10-21 23:03:17,236 [1ece9cc6-afa0-4e0e-a250-be9279276c08@group-B9DE29A44889-LeaderElection1081] INFO  impl.RaftServerImpl (ServerState.java:setLeader(256)) - 1ece9cc6-afa0-4e0e-a250-be9279276c08@group-B9DE29A44889: change Leader from null to 1ece9cc6-afa0-4e0e-a250-be9279276c08 at term 1 for becomeLeader, leader elected after 94ms
2019-10-21 23:03:17,237 [1ece9cc6-afa0-4e0e-a250-be9279276c08@group-B9DE29A44889-LeaderElection1081] INFO  server.RaftServerConfigKeys (ConfUtils.java:logGet(43)) - raft.server.staging.catchup.gap = 1000 (default)
2019-10-21 23:03:17,237 [1ece9cc6-afa0-4e0e-a250-be9279276c08@group-B9DE29A44889-LeaderElection1081] INFO  server.RaftServerConfigKeys (ConfUtils.java:logGet(43)) - raft.server.rpc.sleep.time = 25ms (default)
2019-10-21 23:03:17,237 [1ece9cc6-afa0-4e0e-a250-be9279276c08@group-B9DE29A44889-LeaderElection1081] INFO  server.RaftServerConfigKeys (ConfUtils.java:logGet(43)) - raft.server.write.element-limit = 4096 (default)
2019-10-21 23:03:17,237 [1ece9cc6-afa0-4e0e-a250-be9279276c08@group-B9DE29A44889-LeaderElection1081] INFO  server.RaftServerConfigKeys (ConfUtils.java:logGet(43)) - raft.server.watch.timeout = 10s (default)
2019-10-21 23:03:17,237 [1ece9cc6-afa0-4e0e-a250-be9279276c08@group-B9DE29A44889-LeaderElection1081] INFO  server.RaftServerConfigKeys (ConfUtils.java:logGet(43)) - raft.server.watch.timeout.denomination = 1s (default)
2019-10-21 23:03:17,237 [RatisPipelineUtilsThread] INFO  pipeline.PipelineStateManager (PipelineStateManager.java:addPipeline(56)) - Created pipeline Pipeline[ Id: 8230f126-6424-454d-b9e1-827c49db2ef5, Nodes: bc9ab211-cc75-4801-ac6a-7532c28ed948{ip: 192.168.69.118, host: pr-hdds-2131-w2fms-3313293055, networkLocation: /rack1, certSerialId: null}, Type:RATIS, Factor:ONE, State:OPEN]
2019-10-21 23:03:17,237 [1ece9cc6-afa0-4e0e-a250-be9279276c08@group-B9DE29A44889-LeaderElection1081] INFO  server.RaftServerConfigKeys (ConfUtils.java:logGet(43)) - raft.server.watch.element-limit = 65536 (default)
2019-10-21 23:03:17,237 [grpc-default-executor-8] INFO  impl.RaftServerImpl (RaftServerImpl.java:setRole(184)) - d10c8639-03b1-4f19-ac0f-6419d7578d59@group-C1C12825AC52: changes role from  FOLLOWER to FOLLOWER at term 9 for recognizeCandidate:1244ca21-2158-4cc7-9e07-ba347e145504
2019-10-21 23:03:17,238 [grpc-default-executor-8] INFO  impl.RoleInfo (RoleInfo.java:shutdownFollowerState(121)) - d10c8639-03b1-4f19-ac0f-6419d7578d59: shutdown FollowerState
2019-10-21 23:03:17,237 [grpc-default-executor-0] INFO  impl.RaftServerImpl (RaftServerImpl.java:setRole(184)) - 7c107f1d-8592-48e3-af71-5982c0af1f56@group-C1C12825AC52: changes role from  FOLLOWER to FOLLOWER at term 9 for recognizeCandidate:1244ca21-2158-4cc7-9e07-ba347e145504
2019-10-21 23:03:17,238 [Thread-9467] INFO  impl.FollowerState (FollowerState.java:run(117)) - d10c8639-03b1-4f19-ac0f-6419d7578d59@group-C1C12825AC52-FollowerState was interrupted: java.lang.InterruptedException: sleep interrupted
2019-10-21 23:03:17,238 [grpc-default-executor-8] INFO  impl.RoleInfo (RoleInfo.java:updateAndGet(143)) - d10c8639-03b1-4f19-ac0f-6419d7578d59: start FollowerState
2019-10-21 23:03:17,238 [grpc-default-executor-0] INFO  impl.RoleInfo (RoleInfo.java:shutdownFollowerState(121)) - 7c107f1d-8592-48e3-af71-5982c0af1f56: shutdown FollowerState
2019-10-21 23:03:17,239 [grpc-default-executor-0] INFO  impl.RoleInfo (RoleInfo.java:updateAndGet(143)) - 7c107f1d-8592-48e3-af71-5982c0af1f56: start FollowerState
2019-10-21 23:03:17,239 [Thread-9468] INFO  impl.FollowerState (FollowerState.java:run(117)) - 7c107f1d-8592-48e3-af71-5982c0af1f56@group-C1C12825AC52-FollowerState was interrupted: java.lang.InterruptedException: sleep interrupted
2019-10-21 23:03:17,239 [1ece9cc6-afa0-4e0e-a250-be9279276c08@group-B9DE29A44889-LeaderElection1081] INFO  impl.RoleInfo (RoleInfo.java:updateAndGet(143)) - 1ece9cc6-afa0-4e0e-a250-be9279276c08: start LeaderState
2019-10-21 23:03:17,240 [1ece9cc6-afa0-4e0e-a250-be9279276c08@group-B9DE29A44889-LeaderElection1081] INFO  segmented.SegmentedRaftLogWorker (SegmentedRaftLogWorker.java:startLogSegment(385)) - 1ece9cc6-afa0-4e0e-a250-be9279276c08@group-B9DE29A44889-SegmentedRaftLogWorker: Starting segment from index:0
2019-10-21 23:03:17,240 [1ece9cc6-afa0-4e0e-a250-be9279276c08@group-B9DE29A44889-LeaderElection1081] INFO  impl.RaftServerImpl (ServerState.java:setRaftConf(357)) - 1ece9cc6-afa0-4e0e-a250-be9279276c08@group-B9DE29A44889: set configuration 0: [1ece9cc6-afa0-4e0e-a250-be9279276c08:192.168.69.118:46095], old=null at 0
2019-10-21 23:03:17,278 [grpc-default-executor-6] INFO  impl.RaftServerProxy (RaftServerProxy.java:addNew(89)) - 603ba073-be5d-40c9-b7ed-25f4d1f5a99d: addNew group-2E22A1C951B0:[603ba073-be5d-40c9-b7ed-25f4d1f5a99d:192.168.69.118:37356] returns group-2E22A1C951B0:java.util.concurrent.CompletableFuture@2ce822da[Not completed]
2019-10-21 23:03:17,278 [1244ca21-2158-4cc7-9e07-ba347e145504@group-C1C12825AC52-LeaderElection1079] INFO  impl.LeaderElection (LeaderElection.java:logAndReturn(56)) - 1244ca21-2158-4cc7-9e07-ba347e145504@group-C1C12825AC52-LeaderElection1079: Election REJECTED; received 2 response(s) [1244ca21-2158-4cc7-9e07-ba347e145504<-7c107f1d-8592-48e3-af71-5982c0af1f56#0:FAIL-t9, 1244ca21-2158-4cc7-9e07-ba347e145504<-d10c8639-03b1-4f19-ac0f-6419d7578d59#0:FAIL-t9] and 0 exception(s); 1244ca21-2158-4cc7-9e07-ba347e145504@group-C1C12825AC52:t9, leader=null, voted=1244ca21-2158-4cc7-9e07-ba347e145504, raftlog=1244ca21-2158-4cc7-9e07-ba347e145504@group-C1C12825AC52-SegmentedRaftLog:OPENED:c-1,f-1,i0, conf=-1: [1244ca21-2158-4cc7-9e07-ba347e145504:192.168.69.118:43370, 7c107f1d-8592-48e3-af71-5982c0af1f56:192.168.69.118:36514, d10c8639-03b1-4f19-ac0f-6419d7578d59:192.168.69.118:37568], old=null
2019-10-21 23:03:17,279 [1244ca21-2158-4cc7-9e07-ba347e145504@group-C1C12825AC52-LeaderElection1079] INFO  impl.RaftServerImpl (RaftServerImpl.java:setRole(184)) - 1244ca21-2158-4cc7-9e07-ba347e145504@group-C1C12825AC52: changes role from CANDIDATE to FOLLOWER at term 9 for DISCOVERED_A_NEW_TERM
2019-10-21 23:03:17,279 [1244ca21-2158-4cc7-9e07-ba347e145504@group-C1C12825AC52-LeaderElection1079] INFO  impl.RoleInfo (RoleInfo.java:shutdownLeaderElection(134)) - 1244ca21-2158-4cc7-9e07-ba347e145504: shutdown LeaderElection
2019-10-21 23:03:17,279 [1244ca21-2158-4cc7-9e07-ba347e145504@group-C1C12825AC52-LeaderElection1079] INFO  impl.RoleInfo (RoleInfo.java:updateAndGet(143)) - 1244ca21-2158-4cc7-9e07-ba347e145504: start FollowerState
2019-10-21 23:03:17,279 [pool-591-thread-1] INFO  impl.RaftServerImpl (RaftServerImpl.java:<init>(104)) - 603ba073-be5d-40c9-b7ed-25f4d1f5a99d: new RaftServerImpl for group-2E22A1C951B0:[603ba073-be5d-40c9-b7ed-25f4d1f5a99d:192.168.69.118:37356] with ContainerStateMachine:uninitialized
2019-10-21 23:03:17,279 [pool-591-thread-1] INFO  server.RaftServerConfigKeys (ConfUtils.java:logGet(43)) - raft.server.rpc.timeout.min = 1s (custom)
2019-10-21 23:03:17,280 [pool-591-thread-1] INFO  server.RaftServerConfigKeys (ConfUtils.java:logGet(43)) - raft.server.rpc.timeout.max = 1200ms (custom)
2019-10-21 23:03:17,280 [pool-591-thread-1] INFO  server.RaftServerConfigKeys (ConfUtils.java:logGet(43)) - raft.server.rpcslowness.timeout = 120s (custom)
2019-10-21 23:03:17,280 [pool-591-thread-1] INFO  server.RaftServerConfigKeys (ConfUtils.java:logGet(43)) - raft.server.sleep.deviation.threshold = 300 (default)
2019-10-21 23:03:17,280 [pool-591-thread-1] INFO  server.RaftServerConfigKeys (ConfUtils.java:logGet(43)) - raft.server.log.appender.install.snapshot.enabled = false (custom)
2019-10-21 23:03:17,280 [pool-591-thread-1] INFO  impl.RaftServerImpl (ServerState.java:<init>(103)) - 603ba073-be5d-40c9-b7ed-25f4d1f5a99d@group-2E22A1C951B0: ConfigurationManager, init=-1: [603ba073-be5d-40c9-b7ed-25f4d1f5a99d:192.168.69.118:37356], old=null, confs=<EMPTY_MAP>
2019-10-21 23:03:17,280 [pool-591-thread-1] INFO  server.RaftServerConfigKeys (ConfUtils.java:logGet(43)) - raft.server.storage.dir = [/workdir/hadoop-ozone/integration-test/target/test-dir/MiniOzoneClusterImpl-d9aa8a4b-930f-46eb-8e95-9ce1bbfd2407/datanode-8/data/ratis] (custom)
2019-10-21 23:03:17,280 [pool-591-thread-1] INFO  server.RaftServerConfigKeys (ConfUtils.java:logGet(43)) - raft.server.log.corruption.policy = EXCEPTION (default)
2019-10-21 23:03:17,281 [pool-591-thread-1] INFO  storage.RaftStorageDirectory (RaftStorageDirectory.java:analyzeStorage(246)) - The storage directory /workdir/hadoop-ozone/integration-test/target/test-dir/MiniOzoneClusterImpl-d9aa8a4b-930f-46eb-8e95-9ce1bbfd2407/datanode-8/data/ratis/ce2fdc57-c545-40e4-ae09-2e22a1c951b0 does not exist. Creating ...
2019-10-21 23:03:17,281 [1ece9cc6-afa0-4e0e-a250-be9279276c08@group-B9DE29A44889-SegmentedRaftLogWorker] INFO  segmented.SegmentedRaftLogWorker (SegmentedRaftLogWorker.java:execute(576)) - 1ece9cc6-afa0-4e0e-a250-be9279276c08@group-B9DE29A44889-SegmentedRaftLogWorker: created new log segment /workdir/hadoop-ozone/integration-test/target/test-dir/MiniOzoneClusterImpl-d9aa8a4b-930f-46eb-8e95-9ce1bbfd2407/datanode-6/data/ratis/ee72cce6-ab40-4342-becf-b9de29a44889/current/log_inprogress_0
2019-10-21 23:03:17,292 [Thread-9471] INFO  impl.FollowerState (FollowerState.java:run(108)) - bc9ab211-cc75-4801-ac6a-7532c28ed948@group-827C49DB2EF5-FollowerState: change to CANDIDATE, lastRpcTime:58ms, electionTimeout:58ms
2019-10-21 23:03:17,292 [Thread-9471] INFO  impl.RoleInfo (RoleInfo.java:shutdownFollowerState(121)) - bc9ab211-cc75-4801-ac6a-7532c28ed948: shutdown FollowerState
2019-10-21 23:03:17,292 [Thread-9471] INFO  impl.RaftServerImpl (RaftServerImpl.java:setRole(184)) - bc9ab211-cc75-4801-ac6a-7532c28ed948@group-827C49DB2EF5: changes role from  FOLLOWER to CANDIDATE at term 0 for changeToCandidate
2019-10-21 23:03:17,292 [Thread-9471] INFO  impl.RoleInfo (RoleInfo.java:updateAndGet(143)) - bc9ab211-cc75-4801-ac6a-7532c28ed948: start LeaderElection
2019-10-21 23:03:17,295 [pool-591-thread-1] INFO  storage.RaftStorageDirectory (RaftStorageDirectory.java:tryLock(328)) - Lock on /workdir/hadoop-ozone/integration-test/target/test-dir/MiniOzoneClusterImpl-d9aa8a4b-930f-46eb-8e95-9ce1bbfd2407/datanode-8/data/ratis/ce2fdc57-c545-40e4-ae09-2e22a1c951b0/in_use.lock acquired by nodename 10674@pr-hdds-2131-w2fms-3313293055
2019-10-21 23:03:17,310 [pool-591-thread-1] INFO  storage.RaftStorage (RaftStorage.java:format(84)) - Storage directory /workdir/hadoop-ozone/integration-test/target/test-dir/MiniOzoneClusterImpl-d9aa8a4b-930f-46eb-8e95-9ce1bbfd2407/datanode-8/data/ratis/ce2fdc57-c545-40e4-ae09-2e22a1c951b0 has been successfully formatted.
2019-10-21 23:03:17,310 [bc9ab211-cc75-4801-ac6a-7532c28ed948@group-827C49DB2EF5-LeaderElection1082] INFO  impl.LeaderElection (LeaderElection.java:askForVotes(178)) - bc9ab211-cc75-4801-ac6a-7532c28ed948@group-827C49DB2EF5-LeaderElection1082: begin an election at term 1 for -1: [bc9ab211-cc75-4801-ac6a-7532c28ed948:192.168.69.118:42914], old=null
2019-10-21 23:03:17,310 [pool-591-thread-1] INFO  ratis.ContainerStateMachine (ContainerStateMachine.java:loadSnapshot(231)) - group-2E22A1C951B0: The snapshot info is null. Setting the last applied indexto:(t:0, i:~)
2019-10-21 23:03:17,310 [bc9ab211-cc75-4801-ac6a-7532c28ed948@group-827C49DB2EF5-LeaderElection1082] INFO  impl.RoleInfo (RoleInfo.java:shutdownLeaderElection(134)) - bc9ab211-cc75-4801-ac6a-7532c28ed948: shutdown LeaderElection
2019-10-21 23:03:17,310 [pool-591-thread-1] INFO  server.RaftServerConfigKeys (ConfUtils.java:logGet(43)) - raft.server.notification.no-leader.timeout = 120s (custom)
2019-10-21 23:03:17,310 [bc9ab211-cc75-4801-ac6a-7532c28ed948@group-827C49DB2EF5-LeaderElection1082] INFO  impl.RaftServerImpl (RaftServerImpl.java:setRole(184)) - bc9ab211-cc75-4801-ac6a-7532c28ed948@group-827C49DB2EF5: changes role from CANDIDATE to LEADER at term 1 for changeToLeader
2019-10-21 23:03:17,311 [pool-591-thread-1] INFO  server.RaftServerConfigKeys (ConfUtils.java:logGet(43)) - raft.server.log.use.memory = false (default)
2019-10-21 23:03:17,311 [bc9ab211-cc75-4801-ac6a-7532c28ed948@group-827C49DB2EF5-LeaderElection1082] INFO  impl.RaftServerImpl (ServerState.java:setLeader(256)) - bc9ab211-cc75-4801-ac6a-7532c28ed948@group-827C49DB2EF5: change Leader from null to bc9ab211-cc75-4801-ac6a-7532c28ed948 at term 1 for becomeLeader, leader elected after 87ms
2019-10-21 23:03:17,311 [pool-591-thread-1] INFO  server.RaftServerConfigKeys (ConfUtils.java:logGet(43)) - raft.server.log.purge.gap = 1000000 (custom)
2019-10-21 23:03:17,311 [bc9ab211-cc75-4801-ac6a-7532c28ed948@group-827C49DB2EF5-LeaderElection1082] INFO  server.RaftServerConfigKeys (ConfUtils.java:logGet(43)) - raft.server.staging.catchup.gap = 1000 (default)
2019-10-21 23:03:17,311 [pool-591-thread-1] INFO  server.RaftServerConfigKeys (ConfUtils.java:logGet(43)) - raft.server.log.appender.buffer.byte-limit = 33554432 (custom)
2019-10-21 23:03:17,311 [bc9ab211-cc75-4801-ac6a-7532c28ed948@group-827C49DB2EF5-LeaderElection1082] INFO  server.RaftServerConfigKeys (ConfUtils.java:logGet(43)) - raft.server.rpc.sleep.time = 25ms (default)
2019-10-21 23:03:17,311 [pool-591-thread-1] INFO  server.RaftServerConfigKeys (ConfUtils.java:logGet(43)) - raft.server.log.segment.size.max = 1048576 (custom)
2019-10-21 23:03:17,311 [bc9ab211-cc75-4801-ac6a-7532c28ed948@group-827C49DB2EF5-LeaderElection1082] INFO  server.RaftServerConfigKeys (ConfUtils.java:logGet(43)) - raft.server.write.element-limit = 4096 (default)
2019-10-21 23:03:17,311 [bc9ab211-cc75-4801-ac6a-7532c28ed948@group-827C49DB2EF5-LeaderElection1082] INFO  server.RaftServerConfigKeys (ConfUtils.java:logGet(43)) - raft.server.watch.timeout = 10s (default)
2019-10-21 23:03:17,311 [bc9ab211-cc75-4801-ac6a-7532c28ed948@group-827C49DB2EF5-LeaderElection1082] INFO  server.RaftServerConfigKeys (ConfUtils.java:logGet(43)) - raft.server.watch.timeout.denomination = 1s (default)
2019-10-21 23:03:17,311 [bc9ab211-cc75-4801-ac6a-7532c28ed948@group-827C49DB2EF5-LeaderElection1082] INFO  server.RaftServerConfigKeys (ConfUtils.java:logGet(43)) - raft.server.watch.element-limit = 65536 (default)
2019-10-21 23:03:17,313 [pool-591-thread-1] INFO  server.RaftServerConfigKeys (ConfUtils.java:logGet(43)) - raft.server.log.segment.cache.num.max = 2 (custom)
2019-10-21 23:03:17,313 [pool-591-thread-1] INFO  segmented.SegmentedRaftLogWorker (SegmentedRaftLogWorker.java:<init>(173)) - new 603ba073-be5d-40c9-b7ed-25f4d1f5a99d@group-2E22A1C951B0-SegmentedRaftLogWorker for RaftStorage:Storage Directory /workdir/hadoop-ozone/integration-test/target/test-dir/MiniOzoneClusterImpl-d9aa8a4b-930f-46eb-8e95-9ce1bbfd2407/datanode-8/data/ratis/ce2fdc57-c545-40e4-ae09-2e22a1c951b0
2019-10-21 23:03:17,313 [pool-591-thread-1] INFO  server.RaftServerConfigKeys (ConfUtils.java:logGet(43)) - raft.server.log.queue.byte-limit = 2147483647 (custom)
2019-10-21 23:03:17,313 [pool-591-thread-1] INFO  server.RaftServerConfigKeys (ConfUtils.java:logGet(43)) - raft.server.log.queue.element-limit = 1024 (custom)
2019-10-21 23:03:17,313 [bc9ab211-cc75-4801-ac6a-7532c28ed948@group-827C49DB2EF5-LeaderElection1082] INFO  impl.RoleInfo (RoleInfo.java:updateAndGet(143)) - bc9ab211-cc75-4801-ac6a-7532c28ed948: start LeaderState
2019-10-21 23:03:17,313 [pool-591-thread-1] INFO  server.RaftServerConfigKeys (ConfUtils.java:logGet(43)) - raft.server.log.segment.size.max = 1048576 (custom)
2019-10-21 23:03:17,314 [pool-591-thread-1] INFO  server.RaftServerConfigKeys (ConfUtils.java:logGet(43)) - raft.server.log.preallocated.size = 16384 (custom)
2019-10-21 23:03:17,314 [bc9ab211-cc75-4801-ac6a-7532c28ed948@group-827C49DB2EF5-LeaderElection1082] INFO  segmented.SegmentedRaftLogWorker (SegmentedRaftLogWorker.java:startLogSegment(385)) - bc9ab211-cc75-4801-ac6a-7532c28ed948@group-827C49DB2EF5-SegmentedRaftLogWorker: Starting segment from index:0
2019-10-21 23:03:17,314 [pool-591-thread-1] INFO  server.RaftServerConfigKeys (ConfUtils.java:logGet(43)) - raft.server.log.write.buffer.size = 33554432 (custom)
2019-10-21 23:03:17,314 [pool-591-thread-1] INFO  server.RaftServerConfigKeys (ConfUtils.java:logGet(43)) - raft.server.log.force.sync.num = 128 (default)
2019-10-21 23:03:17,314 [pool-591-thread-1] INFO  server.RaftServerConfigKeys (ConfUtils.java:logGet(43)) - raft.server.log.statemachine.data.sync = true (default)
2019-10-21 23:03:17,314 [bc9ab211-cc75-4801-ac6a-7532c28ed948@group-827C49DB2EF5-LeaderElection1082] INFO  impl.RaftServerImpl (ServerState.java:setRaftConf(357)) - bc9ab211-cc75-4801-ac6a-7532c28ed948@group-827C49DB2EF5: set configuration 0: [bc9ab211-cc75-4801-ac6a-7532c28ed948:192.168.69.118:42914], old=null at 0
2019-10-21 23:03:17,314 [pool-591-thread-1] INFO  server.RaftServerConfigKeys (ConfUtils.java:logGet(43)) - raft.server.log.statemachine.data.sync.timeout = 10s (default)
2019-10-21 23:03:17,314 [pool-591-thread-1] INFO  server.RaftServerConfigKeys (ConfUtils.java:logGet(43)) - raft.server.log.statemachine.data.sync.timeout.retry = -1 (default)
2019-10-21 23:03:17,314 [pool-591-thread-1] INFO  server.RaftServerConfigKeys (ConfUtils.java:logGet(43)) - raft.server.log.statemachine.data.caching.enabled = true (custom)
2019-10-21 23:03:17,315 [pool-591-thread-1] INFO  segmented.SegmentedRaftLogWorker (SegmentedRaftLogWorker.java:lambda$new$0(128)) - 603ba073-be5d-40c9-b7ed-25f4d1f5a99d@group-2E22A1C951B0-SegmentedRaftLogWorker: flushIndex: setUnconditionally 0 -> -1
2019-10-21 23:03:17,315 [pool-591-thread-1] INFO  server.RaftServerConfigKeys (ConfUtils.java:logGet(43)) - raft.server.snapshot.auto.trigger.enabled = true (custom)
2019-10-21 23:03:17,315 [pool-591-thread-1] INFO  server.RaftServerConfigKeys (ConfUtils.java:logGet(43)) - raft.server.snapshot.auto.trigger.threshold = 10000 (custom)
2019-10-21 23:03:17,315 [pool-591-thread-1] INFO  server.RaftServerConfigKeys (ConfUtils.java:logGet(43)) - raft.server.snapshot.retention.file.num = 5 (custom)
2019-10-21 23:03:17,315 [pool-591-thread-1] INFO  server.RaftServerConfigKeys (ConfUtils.java:logGet(43)) - raft.server.retrycache.expirytime = 600000ms (custom)
2019-10-21 23:03:17,317 [pool-591-thread-1] INFO  impl.RaftServerImpl (RaftServerImpl.java:start(195)) - 603ba073-be5d-40c9-b7ed-25f4d1f5a99d@group-2E22A1C951B0: start as a follower, conf=-1: [603ba073-be5d-40c9-b7ed-25f4d1f5a99d:192.168.69.118:37356], old=null
2019-10-21 23:03:17,317 [pool-591-thread-1] INFO  impl.RaftServerImpl (RaftServerImpl.java:setRole(184)) - 603ba073-be5d-40c9-b7ed-25f4d1f5a99d@group-2E22A1C951B0: changes role from      null to FOLLOWER at term 0 for startAsFollower
2019-10-21 23:03:17,317 [pool-591-thread-1] INFO  impl.RoleInfo (RoleInfo.java:updateAndGet(143)) - 603ba073-be5d-40c9-b7ed-25f4d1f5a99d: start FollowerState
2019-10-21 23:03:17,318 [pool-591-thread-1] INFO  util.JmxRegister (JmxRegister.java:tryRegister(44)) - Successfully registered JMX Bean with object name Ratis:service=RaftServer,group=group-2E22A1C951B0,id=603ba073-be5d-40c9-b7ed-25f4d1f5a99d
2019-10-21 23:03:17,321 [RatisPipelineUtilsThread] INFO  pipeline.PipelineStateManager (PipelineStateManager.java:addPipeline(56)) - Created pipeline Pipeline[ Id: ce2fdc57-c545-40e4-ae09-2e22a1c951b0, Nodes: 603ba073-be5d-40c9-b7ed-25f4d1f5a99d{ip: 192.168.69.118, host: pr-hdds-2131-w2fms-3313293055, networkLocation: /rack1, certSerialId: null}, Type:RATIS, Factor:ONE, State:OPEN]
2019-10-21 23:03:17,366 [bc9ab211-cc75-4801-ac6a-7532c28ed948@group-827C49DB2EF5-SegmentedRaftLogWorker] INFO  segmented.SegmentedRaftLogWorker (SegmentedRaftLogWorker.java:execute(576)) - bc9ab211-cc75-4801-ac6a-7532c28ed948@group-827C49DB2EF5-SegmentedRaftLogWorker: created new log segment /workdir/hadoop-ozone/integration-test/target/test-dir/MiniOzoneClusterImpl-d9aa8a4b-930f-46eb-8e95-9ce1bbfd2407/datanode-9/data/ratis/8230f126-6424-454d-b9e1-827c49db2ef5/current/log_inprogress_0
2019-10-21 23:03:17,374 [grpc-default-executor-8] INFO  impl.RaftServerProxy (RaftServerProxy.java:addNew(89)) - bc9ab211-cc75-4801-ac6a-7532c28ed948: addNew group-B21FAD438C36:[5e72733e-cb8a-4e36-9088-390b573ceccc:192.168.69.118:39726, bc9ab211-cc75-4801-ac6a-7532c28ed948:192.168.69.118:42914, 1ece9cc6-afa0-4e0e-a250-be9279276c08:192.168.69.118:46095] returns group-B21FAD438C36:java.util.concurrent.CompletableFuture@23419c35[Not completed]
2019-10-21 23:03:17,374 [grpc-default-executor-0] INFO  impl.RaftServerProxy (RaftServerProxy.java:addNew(89)) - 5e72733e-cb8a-4e36-9088-390b573ceccc: addNew group-B21FAD438C36:[5e72733e-cb8a-4e36-9088-390b573ceccc:192.168.69.118:39726, bc9ab211-cc75-4801-ac6a-7532c28ed948:192.168.69.118:42914, 1ece9cc6-afa0-4e0e-a250-be9279276c08:192.168.69.118:46095] returns group-B21FAD438C36:java.util.concurrent.CompletableFuture@1c016481[Not completed]
2019-10-21 23:03:17,374 [grpc-default-executor-6] INFO  impl.RaftServerProxy (RaftServerProxy.java:addNew(89)) - 1ece9cc6-afa0-4e0e-a250-be9279276c08: addNew group-B21FAD438C36:[5e72733e-cb8a-4e36-9088-390b573ceccc:192.168.69.118:39726, bc9ab211-cc75-4801-ac6a-7532c28ed948:192.168.69.118:42914, 1ece9cc6-afa0-4e0e-a250-be9279276c08:192.168.69.118:46095] returns group-B21FAD438C36:java.util.concurrent.CompletableFuture@79402a8f[Not completed]
2019-10-21 23:03:17,375 [pool-581-thread-1] INFO  impl.RaftServerImpl (RaftServerImpl.java:<init>(104)) - 5e72733e-cb8a-4e36-9088-390b573ceccc: new RaftServerImpl for group-B21FAD438C36:[5e72733e-cb8a-4e36-9088-390b573ceccc:192.168.69.118:39726, bc9ab211-cc75-4801-ac6a-7532c28ed948:192.168.69.118:42914, 1ece9cc6-afa0-4e0e-a250-be9279276c08:192.168.69.118:46095] with ContainerStateMachine:uninitialized
2019-10-21 23:03:17,375 [pool-581-thread-1] INFO  server.RaftServerConfigKeys (ConfUtils.java:logGet(43)) - raft.server.rpc.timeout.min = 1s (custom)
2019-10-21 23:03:17,375 [pool-581-thread-1] INFO  server.RaftServerConfigKeys (ConfUtils.java:logGet(43)) - raft.server.rpc.timeout.max = 1200ms (custom)
2019-10-21 23:03:17,375 [pool-581-thread-1] INFO  server.RaftServerConfigKeys (ConfUtils.java:logGet(43)) - raft.server.rpcslowness.timeout = 120s (custom)
2019-10-21 23:03:17,375 [pool-581-thread-1] INFO  server.RaftServerConfigKeys (ConfUtils.java:logGet(43)) - raft.server.sleep.deviation.threshold = 300 (default)
2019-10-21 23:03:17,375 [pool-571-thread-1] INFO  impl.RaftServerImpl (RaftServerImpl.java:<init>(104)) - 1ece9cc6-afa0-4e0e-a250-be9279276c08: new RaftServerImpl for group-B21FAD438C36:[5e72733e-cb8a-4e36-9088-390b573ceccc:192.168.69.118:39726, bc9ab211-cc75-4801-ac6a-7532c28ed948:192.168.69.118:42914, 1ece9cc6-afa0-4e0e-a250-be9279276c08:192.168.69.118:46095] with ContainerStateMachine:uninitialized
2019-10-21 23:03:17,376 [pool-581-thread-1] INFO  server.RaftServerConfigKeys (ConfUtils.java:logGet(43)) - raft.server.log.appender.install.snapshot.enabled = false (custom)
2019-10-21 23:03:17,376 [pool-571-thread-1] INFO  server.RaftServerConfigKeys (ConfUtils.java:logGet(43)) - raft.server.rpc.timeout.min = 1s (custom)
2019-10-21 23:03:17,376 [pool-581-thread-1] INFO  impl.RaftServerImpl (ServerState.java:<init>(103)) - 5e72733e-cb8a-4e36-9088-390b573ceccc@group-B21FAD438C36: ConfigurationManager, init=-1: [5e72733e-cb8a-4e36-9088-390b573ceccc:192.168.69.118:39726, bc9ab211-cc75-4801-ac6a-7532c28ed948:192.168.69.118:42914, 1ece9cc6-afa0-4e0e-a250-be9279276c08:192.168.69.118:46095], old=null, confs=<EMPTY_MAP>
2019-10-21 23:03:17,376 [pool-571-thread-1] INFO  server.RaftServerConfigKeys (ConfUtils.java:logGet(43)) - raft.server.rpc.timeout.max = 1200ms (custom)
2019-10-21 23:03:17,376 [pool-601-thread-1] INFO  impl.RaftServerImpl (RaftServerImpl.java:<init>(104)) - bc9ab211-cc75-4801-ac6a-7532c28ed948: new RaftServerImpl for group-B21FAD438C36:[5e72733e-cb8a-4e36-9088-390b573ceccc:192.168.69.118:39726, bc9ab211-cc75-4801-ac6a-7532c28ed948:192.168.69.118:42914, 1ece9cc6-afa0-4e0e-a250-be9279276c08:192.168.69.118:46095] with ContainerStateMachine:uninitialized
2019-10-21 23:03:17,376 [pool-571-thread-1] INFO  server.RaftServerConfigKeys (ConfUtils.java:logGet(43)) - raft.server.rpcslowness.timeout = 120s (custom)
2019-10-21 23:03:17,376 [pool-581-thread-1] INFO  server.RaftServerConfigKeys (ConfUtils.java:logGet(43)) - raft.server.storage.dir = [/workdir/hadoop-ozone/integration-test/target/test-dir/MiniOzoneClusterImpl-d9aa8a4b-930f-46eb-8e95-9ce1bbfd2407/datanode-7/data/ratis] (custom)
2019-10-21 23:03:17,376 [pool-571-thread-1] INFO  server.RaftServerConfigKeys (ConfUtils.java:logGet(43)) - raft.server.sleep.deviation.threshold = 300 (default)
2019-10-21 23:03:17,376 [pool-601-thread-1] INFO  server.RaftServerConfigKeys (ConfUtils.java:logGet(43)) - raft.server.rpc.timeout.min = 1s (custom)
2019-10-21 23:03:17,376 [pool-571-thread-1] INFO  server.RaftServerConfigKeys (ConfUtils.java:logGet(43)) - raft.server.log.appender.install.snapshot.enabled = false (custom)
2019-10-21 23:03:17,376 [pool-581-thread-1] INFO  server.RaftServerConfigKeys (ConfUtils.java:logGet(43)) - raft.server.log.corruption.policy = EXCEPTION (default)
2019-10-21 23:03:17,376 [pool-601-thread-1] INFO  server.RaftServerConfigKeys (ConfUtils.java:logGet(43)) - raft.server.rpc.timeout.max = 1200ms (custom)
2019-10-21 23:03:17,377 [pool-571-thread-1] INFO  impl.RaftServerImpl (ServerState.java:<init>(103)) - 1ece9cc6-afa0-4e0e-a250-be9279276c08@group-B21FAD438C36: ConfigurationManager, init=-1: [5e72733e-cb8a-4e36-9088-390b573ceccc:192.168.69.118:39726, bc9ab211-cc75-4801-ac6a-7532c28ed948:192.168.69.118:42914, 1ece9cc6-afa0-4e0e-a250-be9279276c08:192.168.69.118:46095], old=null, confs=<EMPTY_MAP>
2019-10-21 23:03:17,377 [pool-581-thread-1] INFO  storage.RaftStorageDirectory (RaftStorageDirectory.java:analyzeStorage(246)) - The storage directory /workdir/hadoop-ozone/integration-test/target/test-dir/MiniOzoneClusterImpl-d9aa8a4b-930f-46eb-8e95-9ce1bbfd2407/datanode-7/data/ratis/44c70c6b-e1b6-4c46-841d-b21fad438c36 does not exist. Creating ...
2019-10-21 23:03:17,377 [pool-601-thread-1] INFO  server.RaftServerConfigKeys (ConfUtils.java:logGet(43)) - raft.server.rpcslowness.timeout = 120s (custom)
2019-10-21 23:03:17,377 [pool-571-thread-1] INFO  server.RaftServerConfigKeys (ConfUtils.java:logGet(43)) - raft.server.storage.dir = [/workdir/hadoop-ozone/integration-test/target/test-dir/MiniOzoneClusterImpl-d9aa8a4b-930f-46eb-8e95-9ce1bbfd2407/datanode-6/data/ratis] (custom)
2019-10-21 23:03:17,377 [pool-601-thread-1] INFO  server.RaftServerConfigKeys (ConfUtils.java:logGet(43)) - raft.server.sleep.deviation.threshold = 300 (default)
2019-10-21 23:03:17,377 [pool-601-thread-1] INFO  server.RaftServerConfigKeys (ConfUtils.java:logGet(43)) - raft.server.log.appender.install.snapshot.enabled = false (custom)
2019-10-21 23:03:17,377 [pool-571-thread-1] INFO  server.RaftServerConfigKeys (ConfUtils.java:logGet(43)) - raft.server.log.corruption.policy = EXCEPTION (default)
2019-10-21 23:03:17,377 [pool-601-thread-1] INFO  impl.RaftServerImpl (ServerState.java:<init>(103)) - bc9ab211-cc75-4801-ac6a-7532c28ed948@group-B21FAD438C36: ConfigurationManager, init=-1: [5e72733e-cb8a-4e36-9088-390b573ceccc:192.168.69.118:39726, bc9ab211-cc75-4801-ac6a-7532c28ed948:192.168.69.118:42914, 1ece9cc6-afa0-4e0e-a250-be9279276c08:192.168.69.118:46095], old=null, confs=<EMPTY_MAP>
2019-10-21 23:03:17,377 [pool-571-thread-1] INFO  storage.RaftStorageDirectory (RaftStorageDirectory.java:analyzeStorage(246)) - The storage directory /workdir/hadoop-ozone/integration-test/target/test-dir/MiniOzoneClusterImpl-d9aa8a4b-930f-46eb-8e95-9ce1bbfd2407/datanode-6/data/ratis/44c70c6b-e1b6-4c46-841d-b21fad438c36 does not exist. Creating ...
2019-10-21 23:03:17,377 [pool-601-thread-1] INFO  server.RaftServerConfigKeys (ConfUtils.java:logGet(43)) - raft.server.storage.dir = [/workdir/hadoop-ozone/integration-test/target/test-dir/MiniOzoneClusterImpl-d9aa8a4b-930f-46eb-8e95-9ce1bbfd2407/datanode-9/data/ratis] (custom)
2019-10-21 23:03:17,378 [pool-601-thread-1] INFO  server.RaftServerConfigKeys (ConfUtils.java:logGet(43)) - raft.server.log.corruption.policy = EXCEPTION (default)
2019-10-21 23:03:17,378 [pool-601-thread-1] INFO  storage.RaftStorageDirectory (RaftStorageDirectory.java:analyzeStorage(246)) - The storage directory /workdir/hadoop-ozone/integration-test/target/test-dir/MiniOzoneClusterImpl-d9aa8a4b-930f-46eb-8e95-9ce1bbfd2407/datanode-9/data/ratis/44c70c6b-e1b6-4c46-841d-b21fad438c36 does not exist. Creating ...
2019-10-21 23:03:17,380 [pool-571-thread-1] INFO  storage.RaftStorageDirectory (RaftStorageDirectory.java:tryLock(328)) - Lock on /workdir/hadoop-ozone/integration-test/target/test-dir/MiniOzoneClusterImpl-d9aa8a4b-930f-46eb-8e95-9ce1bbfd2407/datanode-6/data/ratis/44c70c6b-e1b6-4c46-841d-b21fad438c36/in_use.lock acquired by nodename 10674@pr-hdds-2131-w2fms-3313293055
2019-10-21 23:03:17,380 [pool-581-thread-1] INFO  storage.RaftStorageDirectory (RaftStorageDirectory.java:tryLock(328)) - Lock on /workdir/hadoop-ozone/integration-test/target/test-dir/MiniOzoneClusterImpl-d9aa8a4b-930f-46eb-8e95-9ce1bbfd2407/datanode-7/data/ratis/44c70c6b-e1b6-4c46-841d-b21fad438c36/in_use.lock acquired by nodename 10674@pr-hdds-2131-w2fms-3313293055
2019-10-21 23:03:17,383 [pool-601-thread-1] INFO  storage.RaftStorageDirectory (RaftStorageDirectory.java:tryLock(328)) - Lock on /workdir/hadoop-ozone/integration-test/target/test-dir/MiniOzoneClusterImpl-d9aa8a4b-930f-46eb-8e95-9ce1bbfd2407/datanode-9/data/ratis/44c70c6b-e1b6-4c46-841d-b21fad438c36/in_use.lock acquired by nodename 10674@pr-hdds-2131-w2fms-3313293055
2019-10-21 23:03:17,384 [pool-581-thread-1] INFO  storage.RaftStorage (RaftStorage.java:format(84)) - Storage directory /workdir/hadoop-ozone/integration-test/target/test-dir/MiniOzoneClusterImpl-d9aa8a4b-930f-46eb-8e95-9ce1bbfd2407/datanode-7/data/ratis/44c70c6b-e1b6-4c46-841d-b21fad438c36 has been successfully formatted.
2019-10-21 23:03:17,384 [pool-571-thread-1] INFO  storage.RaftStorage (RaftStorage.java:format(84)) - Storage directory /workdir/hadoop-ozone/integration-test/target/test-dir/MiniOzoneClusterImpl-d9aa8a4b-930f-46eb-8e95-9ce1bbfd2407/datanode-6/data/ratis/44c70c6b-e1b6-4c46-841d-b21fad438c36 has been successfully formatted.
2019-10-21 23:03:17,384 [pool-581-thread-1] INFO  ratis.ContainerStateMachine (ContainerStateMachine.java:loadSnapshot(231)) - group-B21FAD438C36: The snapshot info is null. Setting the last applied indexto:(t:0, i:~)
2019-10-21 23:03:17,384 [pool-581-thread-1] INFO  server.RaftServerConfigKeys (ConfUtils.java:logGet(43)) - raft.server.notification.no-leader.timeout = 120s (custom)
2019-10-21 23:03:17,384 [pool-571-thread-1] INFO  ratis.ContainerStateMachine (ContainerStateMachine.java:loadSnapshot(231)) - group-B21FAD438C36: The snapshot info is null. Setting the last applied indexto:(t:0, i:~)
2019-10-21 23:03:17,384 [pool-581-thread-1] INFO  server.RaftServerConfigKeys (ConfUtils.java:logGet(43)) - raft.server.log.use.memory = false (default)
2019-10-21 23:03:17,384 [pool-571-thread-1] INFO  server.RaftServerConfigKeys (ConfUtils.java:logGet(43)) - raft.server.notification.no-leader.timeout = 120s (custom)
2019-10-21 23:03:17,385 [pool-581-thread-1] INFO  server.RaftServerConfigKeys (ConfUtils.java:logGet(43)) - raft.server.log.purge.gap = 1000000 (custom)
2019-10-21 23:03:17,385 [pool-571-thread-1] INFO  server.RaftServerConfigKeys (ConfUtils.java:logGet(43)) - raft.server.log.use.memory = false (default)
2019-10-21 23:03:17,385 [pool-581-thread-1] INFO  server.RaftServerConfigKeys (ConfUtils.java:logGet(43)) - raft.server.log.appender.buffer.byte-limit = 33554432 (custom)
2019-10-21 23:03:17,385 [pool-571-thread-1] INFO  server.RaftServerConfigKeys (ConfUtils.java:logGet(43)) - raft.server.log.purge.gap = 1000000 (custom)
2019-10-21 23:03:17,385 [pool-581-thread-1] INFO  server.RaftServerConfigKeys (ConfUtils.java:logGet(43)) - raft.server.log.segment.size.max = 1048576 (custom)
2019-10-21 23:03:17,385 [pool-571-thread-1] INFO  server.RaftServerConfigKeys (ConfUtils.java:logGet(43)) - raft.server.log.appender.buffer.byte-limit = 33554432 (custom)
2019-10-21 23:03:17,385 [pool-581-thread-1] INFO  server.RaftServerConfigKeys (ConfUtils.java:logGet(43)) - raft.server.log.segment.cache.num.max = 2 (custom)
2019-10-21 23:03:17,385 [pool-571-thread-1] INFO  server.RaftServerConfigKeys (ConfUtils.java:logGet(43)) - raft.server.log.segment.size.max = 1048576 (custom)
2019-10-21 23:03:17,385 [pool-581-thread-1] INFO  segmented.SegmentedRaftLogWorker (SegmentedRaftLogWorker.java:<init>(173)) - new 5e72733e-cb8a-4e36-9088-390b573ceccc@group-B21FAD438C36-SegmentedRaftLogWorker for RaftStorage:Storage Directory /workdir/hadoop-ozone/integration-test/target/test-dir/MiniOzoneClusterImpl-d9aa8a4b-930f-46eb-8e95-9ce1bbfd2407/datanode-7/data/ratis/44c70c6b-e1b6-4c46-841d-b21fad438c36
2019-10-21 23:03:17,385 [pool-571-thread-1] INFO  server.RaftServerConfigKeys (ConfUtils.java:logGet(43)) - raft.server.log.segment.cache.num.max = 2 (custom)
2019-10-21 23:03:17,385 [pool-581-thread-1] INFO  server.RaftServerConfigKeys (ConfUtils.java:logGet(43)) - raft.server.log.queue.byte-limit = 2147483647 (custom)
2019-10-21 23:03:17,386 [pool-571-thread-1] INFO  segmented.SegmentedRaftLogWorker (SegmentedRaftLogWorker.java:<init>(173)) - new 1ece9cc6-afa0-4e0e-a250-be9279276c08@group-B21FAD438C36-SegmentedRaftLogWorker for RaftStorage:Storage Directory /workdir/hadoop-ozone/integration-test/target/test-dir/MiniOzoneClusterImpl-d9aa8a4b-930f-46eb-8e95-9ce1bbfd2407/datanode-6/data/ratis/44c70c6b-e1b6-4c46-841d-b21fad438c36
2019-10-21 23:03:17,386 [pool-581-thread-1] INFO  server.RaftServerConfigKeys (ConfUtils.java:logGet(43)) - raft.server.log.queue.element-limit = 1024 (custom)
2019-10-21 23:03:17,386 [pool-571-thread-1] INFO  server.RaftServerConfigKeys (ConfUtils.java:logGet(43)) - raft.server.log.queue.byte-limit = 2147483647 (custom)
2019-10-21 23:03:17,386 [pool-581-thread-1] INFO  server.RaftServerConfigKeys (ConfUtils.java:logGet(43)) - raft.server.log.segment.size.max = 1048576 (custom)
2019-10-21 23:03:17,386 [pool-571-thread-1] INFO  server.RaftServerConfigKeys (ConfUtils.java:logGet(43)) - raft.server.log.queue.element-limit = 1024 (custom)
2019-10-21 23:03:17,386 [pool-581-thread-1] INFO  server.RaftServerConfigKeys (ConfUtils.java:logGet(43)) - raft.server.log.preallocated.size = 16384 (custom)
2019-10-21 23:03:17,386 [pool-571-thread-1] INFO  server.RaftServerConfigKeys (ConfUtils.java:logGet(43)) - raft.server.log.segment.size.max = 1048576 (custom)
2019-10-21 23:03:17,386 [pool-601-thread-1] INFO  storage.RaftStorage (RaftStorage.java:format(84)) - Storage directory /workdir/hadoop-ozone/integration-test/target/test-dir/MiniOzoneClusterImpl-d9aa8a4b-930f-46eb-8e95-9ce1bbfd2407/datanode-9/data/ratis/44c70c6b-e1b6-4c46-841d-b21fad438c36 has been successfully formatted.
2019-10-21 23:03:17,386 [pool-581-thread-1] INFO  server.RaftServerConfigKeys (ConfUtils.java:logGet(43)) - raft.server.log.write.buffer.size = 33554432 (custom)
2019-10-21 23:03:17,386 [pool-571-thread-1] INFO  server.RaftServerConfigKeys (ConfUtils.java:logGet(43)) - raft.server.log.preallocated.size = 16384 (custom)
2019-10-21 23:03:17,387 [pool-601-thread-1] INFO  ratis.ContainerStateMachine (ContainerStateMachine.java:loadSnapshot(231)) - group-B21FAD438C36: The snapshot info is null. Setting the last applied indexto:(t:0, i:~)
2019-10-21 23:03:17,387 [pool-581-thread-1] INFO  server.RaftServerConfigKeys (ConfUtils.java:logGet(43)) - raft.server.log.force.sync.num = 128 (default)
2019-10-21 23:03:17,387 [pool-601-thread-1] INFO  server.RaftServerConfigKeys (ConfUtils.java:logGet(43)) - raft.server.notification.no-leader.timeout = 120s (custom)
2019-10-21 23:03:17,387 [pool-571-thread-1] INFO  server.RaftServerConfigKeys (ConfUtils.java:logGet(43)) - raft.server.log.write.buffer.size = 33554432 (custom)
2019-10-21 23:03:17,387 [pool-601-thread-1] INFO  server.RaftServerConfigKeys (ConfUtils.java:logGet(43)) - raft.server.log.use.memory = false (default)
2019-10-21 23:03:17,387 [pool-581-thread-1] INFO  server.RaftServerConfigKeys (ConfUtils.java:logGet(43)) - raft.server.log.statemachine.data.sync = true (default)
2019-10-21 23:03:17,387 [pool-601-thread-1] INFO  server.RaftServerConfigKeys (ConfUtils.java:logGet(43)) - raft.server.log.purge.gap = 1000000 (custom)
2019-10-21 23:03:17,387 [pool-571-thread-1] INFO  server.RaftServerConfigKeys (ConfUtils.java:logGet(43)) - raft.server.log.force.sync.num = 128 (default)
2019-10-21 23:03:17,387 [pool-601-thread-1] INFO  server.RaftServerConfigKeys (ConfUtils.java:logGet(43)) - raft.server.log.appender.buffer.byte-limit = 33554432 (custom)
2019-10-21 23:03:17,387 [pool-581-thread-1] INFO  server.RaftServerConfigKeys (ConfUtils.java:logGet(43)) - raft.server.log.statemachine.data.sync.timeout = 10s (default)
2019-10-21 23:03:17,388 [pool-601-thread-1] INFO  server.RaftServerConfigKeys (ConfUtils.java:logGet(43)) - raft.server.log.segment.size.max = 1048576 (custom)
2019-10-21 23:03:17,388 [pool-571-thread-1] INFO  server.RaftServerConfigKeys (ConfUtils.java:logGet(43)) - raft.server.log.statemachine.data.sync = true (default)
2019-10-21 23:03:17,388 [pool-601-thread-1] INFO  server.RaftServerConfigKeys (ConfUtils.java:logGet(43)) - raft.server.log.segment.cache.num.max = 2 (custom)
2019-10-21 23:03:17,388 [pool-581-thread-1] INFO  server.RaftServerConfigKeys (ConfUtils.java:logGet(43)) - raft.server.log.statemachine.data.sync.timeout.retry = -1 (default)
2019-10-21 23:03:17,388 [pool-601-thread-1] INFO  segmented.SegmentedRaftLogWorker (SegmentedRaftLogWorker.java:<init>(173)) - new bc9ab211-cc75-4801-ac6a-7532c28ed948@group-B21FAD438C36-SegmentedRaftLogWorker for RaftStorage:Storage Directory /workdir/hadoop-ozone/integration-test/target/test-dir/MiniOzoneClusterImpl-d9aa8a4b-930f-46eb-8e95-9ce1bbfd2407/datanode-9/data/ratis/44c70c6b-e1b6-4c46-841d-b21fad438c36
2019-10-21 23:03:17,388 [pool-571-thread-1] INFO  server.RaftServerConfigKeys (ConfUtils.java:logGet(43)) - raft.server.log.statemachine.data.sync.timeout = 10s (default)
2019-10-21 23:03:17,388 [pool-601-thread-1] INFO  server.RaftServerConfigKeys (ConfUtils.java:logGet(43)) - raft.server.log.queue.byte-limit = 2147483647 (custom)
2019-10-21 23:03:17,388 [pool-601-thread-1] INFO  server.RaftServerConfigKeys (ConfUtils.java:logGet(43)) - raft.server.log.queue.element-limit = 1024 (custom)
2019-10-21 23:03:17,388 [pool-581-thread-1] INFO  server.RaftServerConfigKeys (ConfUtils.java:logGet(43)) - raft.server.log.statemachine.data.caching.enabled = true (custom)
2019-10-21 23:03:17,389 [pool-601-thread-1] INFO  server.RaftServerConfigKeys (ConfUtils.java:logGet(43)) - raft.server.log.segment.size.max = 1048576 (custom)
2019-10-21 23:03:17,388 [pool-571-thread-1] INFO  server.RaftServerConfigKeys (ConfUtils.java:logGet(43)) - raft.server.log.statemachine.data.sync.timeout.retry = -1 (default)
2019-10-21 23:03:17,389 [pool-581-thread-1] INFO  segmented.SegmentedRaftLogWorker (SegmentedRaftLogWorker.java:lambda$new$0(128)) - 5e72733e-cb8a-4e36-9088-390b573ceccc@group-B21FAD438C36-SegmentedRaftLogWorker: flushIndex: setUnconditionally 0 -> -1
2019-10-21 23:03:17,389 [pool-601-thread-1] INFO  server.RaftServerConfigKeys (ConfUtils.java:logGet(43)) - raft.server.log.preallocated.size = 16384 (custom)
2019-10-21 23:03:17,389 [pool-571-thread-1] INFO  server.RaftServerConfigKeys (ConfUtils.java:logGet(43)) - raft.server.log.statemachine.data.caching.enabled = true (custom)
2019-10-21 23:03:17,389 [pool-581-thread-1] INFO  server.RaftServerConfigKeys (ConfUtils.java:logGet(43)) - raft.server.snapshot.auto.trigger.enabled = true (custom)
2019-10-21 23:03:17,389 [pool-601-thread-1] INFO  server.RaftServerConfigKeys (ConfUtils.java:logGet(43)) - raft.server.log.write.buffer.size = 33554432 (custom)
2019-10-21 23:03:17,389 [pool-571-thread-1] INFO  segmented.SegmentedRaftLogWorker (SegmentedRaftLogWorker.java:lambda$new$0(128)) - 1ece9cc6-afa0-4e0e-a250-be9279276c08@group-B21FAD438C36-SegmentedRaftLogWorker: flushIndex: setUnconditionally 0 -> -1
2019-10-21 23:03:17,389 [pool-581-thread-1] INFO  server.RaftServerConfigKeys (ConfUtils.java:logGet(43)) - raft.server.snapshot.auto.trigger.threshold = 10000 (custom)
2019-10-21 23:03:17,389 [pool-601-thread-1] INFO  server.RaftServerConfigKeys (ConfUtils.java:logGet(43)) - raft.server.log.force.sync.num = 128 (default)
2019-10-21 23:03:17,390 [pool-571-thread-1] INFO  server.RaftServerConfigKeys (ConfUtils.java:logGet(43)) - raft.server.snapshot.auto.trigger.enabled = true (custom)
2019-10-21 23:03:17,390 [pool-581-thread-1] INFO  server.RaftServerConfigKeys (ConfUtils.java:logGet(43)) - raft.server.snapshot.retention.file.num = 5 (custom)
2019-10-21 23:03:17,390 [pool-571-thread-1] INFO  server.RaftServerConfigKeys (ConfUtils.java:logGet(43)) - raft.server.snapshot.auto.trigger.threshold = 10000 (custom)
2019-10-21 23:03:17,390 [pool-601-thread-1] INFO  server.RaftServerConfigKeys (ConfUtils.java:logGet(43)) - raft.server.log.statemachine.data.sync = true (default)
2019-10-21 23:03:17,390 [pool-571-thread-1] INFO  server.RaftServerConfigKeys (ConfUtils.java:logGet(43)) - raft.server.snapshot.retention.file.num = 5 (custom)
2019-10-21 23:03:17,390 [pool-581-thread-1] INFO  server.RaftServerConfigKeys (ConfUtils.java:logGet(43)) - raft.server.retrycache.expirytime = 600000ms (custom)
2019-10-21 23:03:17,390 [pool-571-thread-1] INFO  server.RaftServerConfigKeys (ConfUtils.java:logGet(43)) - raft.server.retrycache.expirytime = 600000ms (custom)
2019-10-21 23:03:17,390 [pool-601-thread-1] INFO  server.RaftServerConfigKeys (ConfUtils.java:logGet(43)) - raft.server.log.statemachine.data.sync.timeout = 10s (default)
2019-10-21 23:03:17,390 [pool-601-thread-1] INFO  server.RaftServerConfigKeys (ConfUtils.java:logGet(43)) - raft.server.log.statemachine.data.sync.timeout.retry = -1 (default)
2019-10-21 23:03:17,391 [pool-601-thread-1] INFO  server.RaftServerConfigKeys (ConfUtils.java:logGet(43)) - raft.server.log.statemachine.data.caching.enabled = true (custom)
2019-10-21 23:03:17,391 [pool-601-thread-1] INFO  segmented.SegmentedRaftLogWorker (SegmentedRaftLogWorker.java:lambda$new$0(128)) - bc9ab211-cc75-4801-ac6a-7532c28ed948@group-B21FAD438C36-SegmentedRaftLogWorker: flushIndex: setUnconditionally 0 -> -1
2019-10-21 23:03:17,391 [pool-601-thread-1] INFO  server.RaftServerConfigKeys (ConfUtils.java:logGet(43)) - raft.server.snapshot.auto.trigger.enabled = true (custom)
2019-10-21 23:03:17,391 [pool-601-thread-1] INFO  server.RaftServerConfigKeys (ConfUtils.java:logGet(43)) - raft.server.snapshot.auto.trigger.threshold = 10000 (custom)
2019-10-21 23:03:17,391 [pool-601-thread-1] INFO  server.RaftServerConfigKeys (ConfUtils.java:logGet(43)) - raft.server.snapshot.retention.file.num = 5 (custom)
2019-10-21 23:03:17,392 [pool-601-thread-1] INFO  server.RaftServerConfigKeys (ConfUtils.java:logGet(43)) - raft.server.retrycache.expirytime = 600000ms (custom)
2019-10-21 23:03:17,393 [pool-581-thread-1] INFO  impl.RaftServerImpl (RaftServerImpl.java:start(195)) - 5e72733e-cb8a-4e36-9088-390b573ceccc@group-B21FAD438C36: start as a follower, conf=-1: [5e72733e-cb8a-4e36-9088-390b573ceccc:192.168.69.118:39726, bc9ab211-cc75-4801-ac6a-7532c28ed948:192.168.69.118:42914, 1ece9cc6-afa0-4e0e-a250-be9279276c08:192.168.69.118:46095], old=null
2019-10-21 23:03:17,393 [pool-581-thread-1] INFO  impl.RaftServerImpl (RaftServerImpl.java:setRole(184)) - 5e72733e-cb8a-4e36-9088-390b573ceccc@group-B21FAD438C36: changes role from      null to FOLLOWER at term 0 for startAsFollower
2019-10-21 23:03:17,393 [pool-581-thread-1] INFO  impl.RoleInfo (RoleInfo.java:updateAndGet(143)) - 5e72733e-cb8a-4e36-9088-390b573ceccc: start FollowerState
2019-10-21 23:03:17,393 [pool-571-thread-1] INFO  impl.RaftServerImpl (RaftServerImpl.java:start(195)) - 1ece9cc6-afa0-4e0e-a250-be9279276c08@group-B21FAD438C36: start as a follower, conf=-1: [5e72733e-cb8a-4e36-9088-390b573ceccc:192.168.69.118:39726, bc9ab211-cc75-4801-ac6a-7532c28ed948:192.168.69.118:42914, 1ece9cc6-afa0-4e0e-a250-be9279276c08:192.168.69.118:46095], old=null
2019-10-21 23:03:17,393 [pool-581-thread-1] INFO  util.JmxRegister (JmxRegister.java:tryRegister(44)) - Successfully registered JMX Bean with object name Ratis:service=RaftServer,group=group-B21FAD438C36,id=5e72733e-cb8a-4e36-9088-390b573ceccc
2019-10-21 23:03:17,394 [pool-571-thread-1] INFO  impl.RaftServerImpl (RaftServerImpl.java:setRole(184)) - 1ece9cc6-afa0-4e0e-a250-be9279276c08@group-B21FAD438C36: changes role from      null to FOLLOWER at term 0 for startAsFollower
2019-10-21 23:03:17,394 [pool-571-thread-1] INFO  impl.RoleInfo (RoleInfo.java:updateAndGet(143)) - 1ece9cc6-afa0-4e0e-a250-be9279276c08: start FollowerState
2019-10-21 23:03:17,394 [pool-601-thread-1] INFO  impl.RaftServerImpl (RaftServerImpl.java:start(195)) - bc9ab211-cc75-4801-ac6a-7532c28ed948@group-B21FAD438C36: start as a follower, conf=-1: [5e72733e-cb8a-4e36-9088-390b573ceccc:192.168.69.118:39726, bc9ab211-cc75-4801-ac6a-7532c28ed948:192.168.69.118:42914, 1ece9cc6-afa0-4e0e-a250-be9279276c08:192.168.69.118:46095], old=null
2019-10-21 23:03:17,394 [pool-601-thread-1] INFO  impl.RaftServerImpl (RaftServerImpl.java:setRole(184)) - bc9ab211-cc75-4801-ac6a-7532c28ed948@group-B21FAD438C36: changes role from      null to FOLLOWER at term 0 for startAsFollower
2019-10-21 23:03:17,394 [pool-601-thread-1] INFO  impl.RoleInfo (RoleInfo.java:updateAndGet(143)) - bc9ab211-cc75-4801-ac6a-7532c28ed948: start FollowerState
2019-10-21 23:03:17,394 [pool-571-thread-1] INFO  util.JmxRegister (JmxRegister.java:tryRegister(44)) - Successfully registered JMX Bean with object name Ratis:service=RaftServer,group=group-B21FAD438C36,id=1ece9cc6-afa0-4e0e-a250-be9279276c08
2019-10-21 23:03:17,395 [pool-601-thread-1] INFO  util.JmxRegister (JmxRegister.java:tryRegister(44)) - Successfully registered JMX Bean with object name Ratis:service=RaftServer,group=group-B21FAD438C36,id=bc9ab211-cc75-4801-ac6a-7532c28ed948
2019-10-21 23:03:17,400 [RatisPipelineUtilsThread] INFO  pipeline.PipelineStateManager (PipelineStateManager.java:addPipeline(56)) - Created pipeline Pipeline[ Id: 44c70c6b-e1b6-4c46-841d-b21fad438c36, Nodes: bc9ab211-cc75-4801-ac6a-7532c28ed948{ip: 192.168.69.118, host: pr-hdds-2131-w2fms-3313293055, networkLocation: /rack1, certSerialId: null}5e72733e-cb8a-4e36-9088-390b573ceccc{ip: 192.168.69.118, host: pr-hdds-2131-w2fms-3313293055, networkLocation: /rack1, certSerialId: null}1ece9cc6-afa0-4e0e-a250-be9279276c08{ip: 192.168.69.118, host: pr-hdds-2131-w2fms-3313293055, networkLocation: /rack1, certSerialId: null}, Type:RATIS, Factor:THREE, State:OPEN]
2019-10-21 23:03:17,412 [Thread-9488] INFO  impl.FollowerState (FollowerState.java:run(108)) - 1ece9cc6-afa0-4e0e-a250-be9279276c08@group-B21FAD438C36-FollowerState: change to CANDIDATE, lastRpcTime:18ms, electionTimeout:18ms
2019-10-21 23:03:17,413 [Thread-9488] INFO  impl.RoleInfo (RoleInfo.java:shutdownFollowerState(121)) - 1ece9cc6-afa0-4e0e-a250-be9279276c08: shutdown FollowerState
2019-10-21 23:03:17,413 [Thread-9488] INFO  impl.RaftServerImpl (RaftServerImpl.java:setRole(184)) - 1ece9cc6-afa0-4e0e-a250-be9279276c08@group-B21FAD438C36: changes role from  FOLLOWER to CANDIDATE at term 0 for changeToCandidate
2019-10-21 23:03:17,413 [Thread-9488] INFO  impl.RoleInfo (RoleInfo.java:updateAndGet(143)) - 1ece9cc6-afa0-4e0e-a250-be9279276c08: start LeaderElection
2019-10-21 23:03:17,420 [Thread-9482] INFO  impl.FollowerState (FollowerState.java:run(108)) - 603ba073-be5d-40c9-b7ed-25f4d1f5a99d@group-2E22A1C951B0-FollowerState: change to CANDIDATE, lastRpcTime:102ms, electionTimeout:102ms
2019-10-21 23:03:17,420 [Thread-9482] INFO  impl.RoleInfo (RoleInfo.java:shutdownFollowerState(121)) - 603ba073-be5d-40c9-b7ed-25f4d1f5a99d: shutdown FollowerState
2019-10-21 23:03:17,420 [Thread-9482] INFO  impl.RaftServerImpl (RaftServerImpl.java:setRole(184)) - 603ba073-be5d-40c9-b7ed-25f4d1f5a99d@group-2E22A1C951B0: changes role from  FOLLOWER to CANDIDATE at term 0 for changeToCandidate
2019-10-21 23:03:17,420 [Thread-9482] INFO  impl.RoleInfo (RoleInfo.java:updateAndGet(143)) - 603ba073-be5d-40c9-b7ed-25f4d1f5a99d: start LeaderElection
2019-10-21 23:03:17,432 [603ba073-be5d-40c9-b7ed-25f4d1f5a99d@group-2E22A1C951B0-LeaderElection1084] INFO  impl.LeaderElection (LeaderElection.java:askForVotes(178)) - 603ba073-be5d-40c9-b7ed-25f4d1f5a99d@group-2E22A1C951B0-LeaderElection1084: begin an election at term 1 for -1: [603ba073-be5d-40c9-b7ed-25f4d1f5a99d:192.168.69.118:37356], old=null
2019-10-21 23:03:17,432 [1ece9cc6-afa0-4e0e-a250-be9279276c08@group-B21FAD438C36-LeaderElection1083] INFO  impl.LeaderElection (LeaderElection.java:askForVotes(178)) - 1ece9cc6-afa0-4e0e-a250-be9279276c08@group-B21FAD438C36-LeaderElection1083: begin an election at term 1 for -1: [5e72733e-cb8a-4e36-9088-390b573ceccc:192.168.69.118:39726, bc9ab211-cc75-4801-ac6a-7532c28ed948:192.168.69.118:42914, 1ece9cc6-afa0-4e0e-a250-be9279276c08:192.168.69.118:46095], old=null
2019-10-21 23:03:17,432 [603ba073-be5d-40c9-b7ed-25f4d1f5a99d@group-2E22A1C951B0-LeaderElection1084] INFO  impl.RoleInfo (RoleInfo.java:shutdownLeaderElection(134)) - 603ba073-be5d-40c9-b7ed-25f4d1f5a99d: shutdown LeaderElection
2019-10-21 23:03:17,433 [603ba073-be5d-40c9-b7ed-25f4d1f5a99d@group-2E22A1C951B0-LeaderElection1084] INFO  impl.RaftServerImpl (RaftServerImpl.java:setRole(184)) - 603ba073-be5d-40c9-b7ed-25f4d1f5a99d@group-2E22A1C951B0: changes role from CANDIDATE to LEADER at term 1 for changeToLeader
2019-10-21 23:03:17,433 [603ba073-be5d-40c9-b7ed-25f4d1f5a99d@group-2E22A1C951B0-LeaderElection1084] INFO  impl.RaftServerImpl (ServerState.java:setLeader(256)) - 603ba073-be5d-40c9-b7ed-25f4d1f5a99d@group-2E22A1C951B0: change Leader from null to 603ba073-be5d-40c9-b7ed-25f4d1f5a99d at term 1 for becomeLeader, leader elected after 122ms
2019-10-21 23:03:17,433 [603ba073-be5d-40c9-b7ed-25f4d1f5a99d@group-2E22A1C951B0-LeaderElection1084] INFO  server.RaftServerConfigKeys (ConfUtils.java:logGet(43)) - raft.server.staging.catchup.gap = 1000 (default)
2019-10-21 23:03:17,433 [603ba073-be5d-40c9-b7ed-25f4d1f5a99d@group-2E22A1C951B0-LeaderElection1084] INFO  server.RaftServerConfigKeys (ConfUtils.java:logGet(43)) - raft.server.rpc.sleep.time = 25ms (default)
2019-10-21 23:03:17,433 [603ba073-be5d-40c9-b7ed-25f4d1f5a99d@group-2E22A1C951B0-LeaderElection1084] INFO  server.RaftServerConfigKeys (ConfUtils.java:logGet(43)) - raft.server.write.element-limit = 4096 (default)
2019-10-21 23:03:17,433 [603ba073-be5d-40c9-b7ed-25f4d1f5a99d@group-2E22A1C951B0-LeaderElection1084] INFO  server.RaftServerConfigKeys (ConfUtils.java:logGet(43)) - raft.server.watch.timeout = 10s (default)
2019-10-21 23:03:17,433 [603ba073-be5d-40c9-b7ed-25f4d1f5a99d@group-2E22A1C951B0-LeaderElection1084] INFO  server.RaftServerConfigKeys (ConfUtils.java:logGet(43)) - raft.server.watch.timeout.denomination = 1s (default)
2019-10-21 23:03:17,433 [603ba073-be5d-40c9-b7ed-25f4d1f5a99d@group-2E22A1C951B0-LeaderElection1084] INFO  server.RaftServerConfigKeys (ConfUtils.java:logGet(43)) - raft.server.watch.element-limit = 65536 (default)
2019-10-21 23:03:17,435 [603ba073-be5d-40c9-b7ed-25f4d1f5a99d@group-2E22A1C951B0-LeaderElection1084] INFO  impl.RoleInfo (RoleInfo.java:updateAndGet(143)) - 603ba073-be5d-40c9-b7ed-25f4d1f5a99d: start LeaderState
2019-10-21 23:03:17,435 [603ba073-be5d-40c9-b7ed-25f4d1f5a99d@group-2E22A1C951B0-LeaderElection1084] INFO  segmented.SegmentedRaftLogWorker (SegmentedRaftLogWorker.java:startLogSegment(385)) - 603ba073-be5d-40c9-b7ed-25f4d1f5a99d@group-2E22A1C951B0-SegmentedRaftLogWorker: Starting segment from index:0
2019-10-21 23:03:17,435 [603ba073-be5d-40c9-b7ed-25f4d1f5a99d@group-2E22A1C951B0-LeaderElection1084] INFO  impl.RaftServerImpl (ServerState.java:setRaftConf(357)) - 603ba073-be5d-40c9-b7ed-25f4d1f5a99d@group-2E22A1C951B0: set configuration 0: [603ba073-be5d-40c9-b7ed-25f4d1f5a99d:192.168.69.118:37356], old=null at 0
2019-10-21 23:03:17,459 [grpc-default-executor-6] INFO  impl.RaftServerImpl (RaftServerImpl.java:setRole(184)) - bc9ab211-cc75-4801-ac6a-7532c28ed948@group-B21FAD438C36: changes role from  FOLLOWER to FOLLOWER at term 1 for recognizeCandidate:1ece9cc6-afa0-4e0e-a250-be9279276c08
2019-10-21 23:03:17,460 [grpc-default-executor-6] INFO  impl.RoleInfo (RoleInfo.java:shutdownFollowerState(121)) - bc9ab211-cc75-4801-ac6a-7532c28ed948: shutdown FollowerState
2019-10-21 23:03:17,460 [1ece9cc6-afa0-4e0e-a250-be9279276c08@group-B21FAD438C36-LeaderElection1083] INFO  impl.LeaderElection (LeaderElection.java:logAndReturn(56)) - 1ece9cc6-afa0-4e0e-a250-be9279276c08@group-B21FAD438C36-LeaderElection1083: Election TIMEOUT; received 0 response(s) [] and 0 exception(s); 1ece9cc6-afa0-4e0e-a250-be9279276c08@group-B21FAD438C36:t1, leader=null, voted=1ece9cc6-afa0-4e0e-a250-be9279276c08, raftlog=1ece9cc6-afa0-4e0e-a250-be9279276c08@group-B21FAD438C36-SegmentedRaftLog:OPENED:c-1,f-1,i0, conf=-1: [5e72733e-cb8a-4e36-9088-390b573ceccc:192.168.69.118:39726, bc9ab211-cc75-4801-ac6a-7532c28ed948:192.168.69.118:42914, 1ece9cc6-afa0-4e0e-a250-be9279276c08:192.168.69.118:46095], old=null
2019-10-21 23:03:17,460 [Thread-9489] INFO  impl.FollowerState (FollowerState.java:run(117)) - bc9ab211-cc75-4801-ac6a-7532c28ed948@group-B21FAD438C36-FollowerState was interrupted: java.lang.InterruptedException: sleep interrupted
2019-10-21 23:03:17,460 [grpc-default-executor-6] INFO  impl.RoleInfo (RoleInfo.java:updateAndGet(143)) - bc9ab211-cc75-4801-ac6a-7532c28ed948: start FollowerState
2019-10-21 23:03:17,463 [grpc-default-executor-0] INFO  impl.RaftServerImpl (RaftServerImpl.java:setRole(184)) - 5e72733e-cb8a-4e36-9088-390b573ceccc@group-B21FAD438C36: changes role from  FOLLOWER to FOLLOWER at term 1 for recognizeCandidate:1ece9cc6-afa0-4e0e-a250-be9279276c08
2019-10-21 23:03:17,463 [grpc-default-executor-0] INFO  impl.RoleInfo (RoleInfo.java:shutdownFollowerState(121)) - 5e72733e-cb8a-4e36-9088-390b573ceccc: shutdown FollowerState
2019-10-21 23:03:17,463 [grpc-default-executor-0] INFO  impl.RoleInfo (RoleInfo.java:updateAndGet(143)) - 5e72733e-cb8a-4e36-9088-390b573ceccc: start FollowerState
2019-10-21 23:03:17,463 [Thread-9487] INFO  impl.FollowerState (FollowerState.java:run(117)) - 5e72733e-cb8a-4e36-9088-390b573ceccc@group-B21FAD438C36-FollowerState was interrupted: java.lang.InterruptedException: sleep interrupted
2019-10-21 23:03:17,472 [603ba073-be5d-40c9-b7ed-25f4d1f5a99d@group-2E22A1C951B0-SegmentedRaftLogWorker] INFO  segmented.SegmentedRaftLogWorker (SegmentedRaftLogWorker.java:execute(576)) - 603ba073-be5d-40c9-b7ed-25f4d1f5a99d@group-2E22A1C951B0-SegmentedRaftLogWorker: created new log segment /workdir/hadoop-ozone/integration-test/target/test-dir/MiniOzoneClusterImpl-d9aa8a4b-930f-46eb-8e95-9ce1bbfd2407/datanode-8/data/ratis/ce2fdc57-c545-40e4-ae09-2e22a1c951b0/current/log_inprogress_0
2019-10-21 23:03:17,472 [1ece9cc6-afa0-4e0e-a250-be9279276c08@group-B21FAD438C36-LeaderElection1083] INFO  impl.LeaderElection (LeaderElection.java:askForVotes(178)) - 1ece9cc6-afa0-4e0e-a250-be9279276c08@group-B21FAD438C36-LeaderElection1083: begin an election at term 2 for -1: [5e72733e-cb8a-4e36-9088-390b573ceccc:192.168.69.118:39726, bc9ab211-cc75-4801-ac6a-7532c28ed948:192.168.69.118:42914, 1ece9cc6-afa0-4e0e-a250-be9279276c08:192.168.69.118:46095], old=null
2019-10-21 23:03:17,476 [grpc-default-executor-6] INFO  impl.RaftServerImpl (RaftServerImpl.java:setRole(184)) - 5e72733e-cb8a-4e36-9088-390b573ceccc@group-B21FAD438C36: changes role from  FOLLOWER to FOLLOWER at term 2 for recognizeCandidate:1ece9cc6-afa0-4e0e-a250-be9279276c08
2019-10-21 23:03:17,476 [grpc-default-executor-6] INFO  impl.RoleInfo (RoleInfo.java:shutdownFollowerState(121)) - 5e72733e-cb8a-4e36-9088-390b573ceccc: shutdown FollowerState
2019-10-21 23:03:17,477 [grpc-default-executor-0] INFO  impl.RaftServerImpl (RaftServerImpl.java:setRole(184)) - bc9ab211-cc75-4801-ac6a-7532c28ed948@group-B21FAD438C36: changes role from  FOLLOWER to FOLLOWER at term 2 for recognizeCandidate:1ece9cc6-afa0-4e0e-a250-be9279276c08
2019-10-21 23:03:17,478 [grpc-default-executor-0] INFO  impl.RoleInfo (RoleInfo.java:shutdownFollowerState(121)) - bc9ab211-cc75-4801-ac6a-7532c28ed948: shutdown FollowerState
2019-10-21 23:03:17,478 [grpc-default-executor-6] INFO  impl.RoleInfo (RoleInfo.java:updateAndGet(143)) - 5e72733e-cb8a-4e36-9088-390b573ceccc: start FollowerState
2019-10-21 23:03:17,478 [Thread-9499] INFO  impl.FollowerState (FollowerState.java:run(117)) - 5e72733e-cb8a-4e36-9088-390b573ceccc@group-B21FAD438C36-FollowerState was interrupted: java.lang.InterruptedException: sleep interrupted
2019-10-21 23:03:17,478 [Thread-9498] INFO  impl.FollowerState (FollowerState.java:run(117)) - bc9ab211-cc75-4801-ac6a-7532c28ed948@group-B21FAD438C36-FollowerState was interrupted: java.lang.InterruptedException: sleep interrupted
2019-10-21 23:03:17,478 [grpc-default-executor-0] INFO  impl.RoleInfo (RoleInfo.java:updateAndGet(143)) - bc9ab211-cc75-4801-ac6a-7532c28ed948: start FollowerState
2019-10-21 23:03:17,479 [Thread-9478] INFO  impl.FollowerState (FollowerState.java:run(108)) - 1244ca21-2158-4cc7-9e07-ba347e145504@group-C1C12825AC52-FollowerState: change to CANDIDATE, lastRpcTime:200ms, electionTimeout:200ms
2019-10-21 23:03:17,480 [Thread-9478] INFO  impl.RoleInfo (RoleInfo.java:shutdownFollowerState(121)) - 1244ca21-2158-4cc7-9e07-ba347e145504: shutdown FollowerState
2019-10-21 23:03:17,480 [Thread-9478] INFO  impl.RaftServerImpl (RaftServerImpl.java:setRole(184)) - 1244ca21-2158-4cc7-9e07-ba347e145504@group-C1C12825AC52: changes role from  FOLLOWER to CANDIDATE at term 9 for changeToCandidate
2019-10-21 23:03:17,480 [Thread-9478] INFO  impl.RoleInfo (RoleInfo.java:updateAndGet(143)) - 1244ca21-2158-4cc7-9e07-ba347e145504: start LeaderElection
2019-10-21 23:03:17,485 [1244ca21-2158-4cc7-9e07-ba347e145504@group-C1C12825AC52-LeaderElection1085] INFO  impl.LeaderElection (LeaderElection.java:askForVotes(178)) - 1244ca21-2158-4cc7-9e07-ba347e145504@group-C1C12825AC52-LeaderElection1085: begin an election at term 10 for -1: [1244ca21-2158-4cc7-9e07-ba347e145504:192.168.69.118:43370, 7c107f1d-8592-48e3-af71-5982c0af1f56:192.168.69.118:36514, d10c8639-03b1-4f19-ac0f-6419d7578d59:192.168.69.118:37568], old=null
2019-10-21 23:03:17,486 [1ece9cc6-afa0-4e0e-a250-be9279276c08@group-B21FAD438C36-LeaderElection1083] INFO  impl.LeaderElection (LeaderElection.java:logAndReturn(56)) - 1ece9cc6-afa0-4e0e-a250-be9279276c08@group-B21FAD438C36-LeaderElection1083: Election PASSED; received 1 response(s) [1ece9cc6-afa0-4e0e-a250-be9279276c08<-5e72733e-cb8a-4e36-9088-390b573ceccc#0:OK-t2] and 0 exception(s); 1ece9cc6-afa0-4e0e-a250-be9279276c08@group-B21FAD438C36:t2, leader=null, voted=1ece9cc6-afa0-4e0e-a250-be9279276c08, raftlog=1ece9cc6-afa0-4e0e-a250-be9279276c08@group-B21FAD438C36-SegmentedRaftLog:OPENED:c-1,f-1,i0, conf=-1: [5e72733e-cb8a-4e36-9088-390b573ceccc:192.168.69.118:39726, bc9ab211-cc75-4801-ac6a-7532c28ed948:192.168.69.118:42914, 1ece9cc6-afa0-4e0e-a250-be9279276c08:192.168.69.118:46095], old=null
2019-10-21 23:03:17,486 [1ece9cc6-afa0-4e0e-a250-be9279276c08@group-B21FAD438C36-LeaderElection1083] INFO  impl.RoleInfo (RoleInfo.java:shutdownLeaderElection(134)) - 1ece9cc6-afa0-4e0e-a250-be9279276c08: shutdown LeaderElection
2019-10-21 23:03:17,486 [1ece9cc6-afa0-4e0e-a250-be9279276c08@group-B21FAD438C36-LeaderElection1083] INFO  impl.RaftServerImpl (RaftServerImpl.java:setRole(184)) - 1ece9cc6-afa0-4e0e-a250-be9279276c08@group-B21FAD438C36: changes role from CANDIDATE to LEADER at term 2 for changeToLeader
2019-10-21 23:03:17,486 [1ece9cc6-afa0-4e0e-a250-be9279276c08@group-B21FAD438C36-LeaderElection1083] INFO  impl.RaftServerImpl (ServerState.java:setLeader(256)) - 1ece9cc6-afa0-4e0e-a250-be9279276c08@group-B21FAD438C36: change Leader from null to 1ece9cc6-afa0-4e0e-a250-be9279276c08 at term 2 for becomeLeader, leader elected after 101ms
2019-10-21 23:03:17,486 [1ece9cc6-afa0-4e0e-a250-be9279276c08@group-B21FAD438C36-LeaderElection1083] INFO  server.RaftServerConfigKeys (ConfUtils.java:logGet(43)) - raft.server.staging.catchup.gap = 1000 (default)
2019-10-21 23:03:17,486 [1ece9cc6-afa0-4e0e-a250-be9279276c08@group-B21FAD438C36-LeaderElection1083] INFO  server.RaftServerConfigKeys (ConfUtils.java:logGet(43)) - raft.server.rpc.sleep.time = 25ms (default)
2019-10-21 23:03:17,487 [grpc-default-executor-0] INFO  impl.RaftServerImpl (RaftServerImpl.java:setRole(184)) - 7c107f1d-8592-48e3-af71-5982c0af1f56@group-C1C12825AC52: changes role from  FOLLOWER to FOLLOWER at term 10 for recognizeCandidate:1244ca21-2158-4cc7-9e07-ba347e145504
2019-10-21 23:03:17,487 [grpc-default-executor-0] INFO  impl.RoleInfo (RoleInfo.java:shutdownFollowerState(121)) - 7c107f1d-8592-48e3-af71-5982c0af1f56: shutdown FollowerState
2019-10-21 23:03:17,487 [1ece9cc6-afa0-4e0e-a250-be9279276c08@group-B21FAD438C36-LeaderElection1083] INFO  server.RaftServerConfigKeys (ConfUtils.java:logGet(43)) - raft.server.write.element-limit = 4096 (default)
2019-10-21 23:03:17,487 [grpc-default-executor-0] INFO  impl.RoleInfo (RoleInfo.java:updateAndGet(143)) - 7c107f1d-8592-48e3-af71-5982c0af1f56: start FollowerState
2019-10-21 23:03:17,487 [Thread-9477] INFO  impl.FollowerState (FollowerState.java:run(117)) - 7c107f1d-8592-48e3-af71-5982c0af1f56@group-C1C12825AC52-FollowerState was interrupted: java.lang.InterruptedException: sleep interrupted
2019-10-21 23:03:17,487 [1ece9cc6-afa0-4e0e-a250-be9279276c08@group-B21FAD438C36-LeaderElection1083] INFO  server.RaftServerConfigKeys (ConfUtils.java:logGet(43)) - raft.server.watch.timeout = 10s (default)
2019-10-21 23:03:17,487 [grpc-default-executor-6] INFO  impl.RaftServerImpl (RaftServerImpl.java:setRole(184)) - d10c8639-03b1-4f19-ac0f-6419d7578d59@group-C1C12825AC52: changes role from  FOLLOWER to FOLLOWER at term 10 for recognizeCandidate:1244ca21-2158-4cc7-9e07-ba347e145504
2019-10-21 23:03:17,487 [1ece9cc6-afa0-4e0e-a250-be9279276c08@group-B21FAD438C36-LeaderElection1083] INFO  server.RaftServerConfigKeys (ConfUtils.java:logGet(43)) - raft.server.watch.timeout.denomination = 1s (default)
2019-10-21 23:03:17,487 [grpc-default-executor-6] INFO  impl.RoleInfo (RoleInfo.java:shutdownFollowerState(121)) - d10c8639-03b1-4f19-ac0f-6419d7578d59: shutdown FollowerState
2019-10-21 23:03:17,487 [1ece9cc6-afa0-4e0e-a250-be9279276c08@group-B21FAD438C36-LeaderElection1083] INFO  server.RaftServerConfigKeys (ConfUtils.java:logGet(43)) - raft.server.watch.element-limit = 65536 (default)
2019-10-21 23:03:17,487 [Thread-9476] INFO  impl.FollowerState (FollowerState.java:run(117)) - d10c8639-03b1-4f19-ac0f-6419d7578d59@group-C1C12825AC52-FollowerState was interrupted: java.lang.InterruptedException: sleep interrupted
2019-10-21 23:03:17,487 [grpc-default-executor-6] INFO  impl.RoleInfo (RoleInfo.java:updateAndGet(143)) - d10c8639-03b1-4f19-ac0f-6419d7578d59: start FollowerState
2019-10-21 23:03:17,489 [1ece9cc6-afa0-4e0e-a250-be9279276c08@group-B21FAD438C36-LeaderElection1083] INFO  server.RaftServerConfigKeys (ConfUtils.java:logGet(43)) - raft.server.log.appender.snapshot.chunk.size.max = 16MB (=16777216) (default)
2019-10-21 23:03:17,489 [1ece9cc6-afa0-4e0e-a250-be9279276c08@group-B21FAD438C36-LeaderElection1083] INFO  server.RaftServerConfigKeys (ConfUtils.java:logGet(43)) - raft.server.log.appender.buffer.byte-limit = 33554432 (custom)
2019-10-21 23:03:17,489 [1ece9cc6-afa0-4e0e-a250-be9279276c08@group-B21FAD438C36-LeaderElection1083] INFO  server.RaftServerConfigKeys (ConfUtils.java:logGet(43)) - raft.server.log.appender.buffer.element-limit = 1 (custom)
2019-10-21 23:03:17,489 [1ece9cc6-afa0-4e0e-a250-be9279276c08@group-B21FAD438C36-LeaderElection1083] INFO  grpc.GrpcConfigKeys$Server (ConfUtils.java:logGet(43)) - raft.grpc.server.leader.outstanding.appends.max = 128 (default)
2019-10-21 23:03:17,489 [1ece9cc6-afa0-4e0e-a250-be9279276c08@group-B21FAD438C36-LeaderElection1083] INFO  server.RaftServerConfigKeys (ConfUtils.java:logGet(43)) - raft.server.rpc.request.timeout = 3000ms (default)
2019-10-21 23:03:17,489 [1ece9cc6-afa0-4e0e-a250-be9279276c08@group-B21FAD438C36-LeaderElection1083] INFO  server.RaftServerConfigKeys (ConfUtils.java:logGet(43)) - raft.server.log.appender.install.snapshot.enabled = false (custom)
2019-10-21 23:03:17,490 [1ece9cc6-afa0-4e0e-a250-be9279276c08@group-B21FAD438C36-LeaderElection1083] INFO  server.RaftServerConfigKeys (ConfUtils.java:logGet(43)) - raft.server.log.appender.snapshot.chunk.size.max = 16MB (=16777216) (default)
2019-10-21 23:03:17,490 [1ece9cc6-afa0-4e0e-a250-be9279276c08@group-B21FAD438C36-LeaderElection1083] INFO  server.RaftServerConfigKeys (ConfUtils.java:logGet(43)) - raft.server.log.appender.buffer.byte-limit = 33554432 (custom)
2019-10-21 23:03:17,491 [1ece9cc6-afa0-4e0e-a250-be9279276c08@group-B21FAD438C36-LeaderElection1083] INFO  server.RaftServerConfigKeys (ConfUtils.java:logGet(43)) - raft.server.log.appender.buffer.element-limit = 1 (custom)
2019-10-21 23:03:17,491 [1ece9cc6-afa0-4e0e-a250-be9279276c08@group-B21FAD438C36-LeaderElection1083] INFO  grpc.GrpcConfigKeys$Server (ConfUtils.java:logGet(43)) - raft.grpc.server.leader.outstanding.appends.max = 128 (default)
2019-10-21 23:03:17,491 [1ece9cc6-afa0-4e0e-a250-be9279276c08@group-B21FAD438C36-LeaderElection1083] INFO  server.RaftServerConfigKeys (ConfUtils.java:logGet(43)) - raft.server.rpc.request.timeout = 3000ms (default)
2019-10-21 23:03:17,491 [1ece9cc6-afa0-4e0e-a250-be9279276c08@group-B21FAD438C36-LeaderElection1083] INFO  server.RaftServerConfigKeys (ConfUtils.java:logGet(43)) - raft.server.log.appender.install.snapshot.enabled = false (custom)
2019-10-21 23:03:17,492 [1ece9cc6-afa0-4e0e-a250-be9279276c08@group-B21FAD438C36-LeaderElection1083] INFO  impl.RoleInfo (RoleInfo.java:updateAndGet(143)) - 1ece9cc6-afa0-4e0e-a250-be9279276c08: start LeaderState
2019-10-21 23:03:17,492 [1ece9cc6-afa0-4e0e-a250-be9279276c08@group-B21FAD438C36-LeaderElection1083] INFO  segmented.SegmentedRaftLogWorker (SegmentedRaftLogWorker.java:startLogSegment(385)) - 1ece9cc6-afa0-4e0e-a250-be9279276c08@group-B21FAD438C36-SegmentedRaftLogWorker: Starting segment from index:0
2019-10-21 23:03:17,493 [1ece9cc6-afa0-4e0e-a250-be9279276c08@group-B21FAD438C36-LeaderElection1083] INFO  impl.RaftServerImpl (ServerState.java:setRaftConf(357)) - 1ece9cc6-afa0-4e0e-a250-be9279276c08@group-B21FAD438C36: set configuration 0: [5e72733e-cb8a-4e36-9088-390b573ceccc:192.168.69.118:39726, bc9ab211-cc75-4801-ac6a-7532c28ed948:192.168.69.118:42914, 1ece9cc6-afa0-4e0e-a250-be9279276c08:192.168.69.118:46095], old=null at 0
2019-10-21 23:03:17,493 [grpc-default-executor-8] INFO  impl.RaftServerImpl (ServerState.java:setLeader(256)) - 5e72733e-cb8a-4e36-9088-390b573ceccc@group-B21FAD438C36: change Leader from null to 1ece9cc6-afa0-4e0e-a250-be9279276c08 at term 2 for appendEntries, leader elected after 109ms
2019-10-21 23:03:17,494 [grpc-default-executor-5] INFO  impl.RaftServerImpl (ServerState.java:setLeader(256)) - bc9ab211-cc75-4801-ac6a-7532c28ed948@group-B21FAD438C36: change Leader from null to 1ece9cc6-afa0-4e0e-a250-be9279276c08 at term 2 for appendEntries, leader elected after 107ms
2019-10-21 23:03:17,533 [1244ca21-2158-4cc7-9e07-ba347e145504@group-C1C12825AC52-LeaderElection1085] INFO  impl.LeaderElection (LeaderElection.java:logAndReturn(56)) - 1244ca21-2158-4cc7-9e07-ba347e145504@group-C1C12825AC52-LeaderElection1085: Election REJECTED; received 2 response(s) [1244ca21-2158-4cc7-9e07-ba347e145504<-7c107f1d-8592-48e3-af71-5982c0af1f56#0:FAIL-t10, 1244ca21-2158-4cc7-9e07-ba347e145504<-d10c8639-03b1-4f19-ac0f-6419d7578d59#0:FAIL-t10] and 0 exception(s); 1244ca21-2158-4cc7-9e07-ba347e145504@group-C1C12825AC52:t10, leader=null, voted=1244ca21-2158-4cc7-9e07-ba347e145504, raftlog=1244ca21-2158-4cc7-9e07-ba347e145504@group-C1C12825AC52-SegmentedRaftLog:OPENED:c-1,f-1,i0, conf=-1: [1244ca21-2158-4cc7-9e07-ba347e145504:192.168.69.118:43370, 7c107f1d-8592-48e3-af71-5982c0af1f56:192.168.69.118:36514, d10c8639-03b1-4f19-ac0f-6419d7578d59:192.168.69.118:37568], old=null
2019-10-21 23:03:17,533 [1244ca21-2158-4cc7-9e07-ba347e145504@group-C1C12825AC52-LeaderElection1085] INFO  impl.RaftServerImpl (RaftServerImpl.java:setRole(184)) - 1244ca21-2158-4cc7-9e07-ba347e145504@group-C1C12825AC52: changes role from CANDIDATE to FOLLOWER at term 10 for DISCOVERED_A_NEW_TERM
2019-10-21 23:03:17,534 [1244ca21-2158-4cc7-9e07-ba347e145504@group-C1C12825AC52-LeaderElection1085] INFO  impl.RoleInfo (RoleInfo.java:shutdownLeaderElection(134)) - 1244ca21-2158-4cc7-9e07-ba347e145504: shutdown LeaderElection
2019-10-21 23:03:17,534 [1244ca21-2158-4cc7-9e07-ba347e145504@group-C1C12825AC52-LeaderElection1085] INFO  impl.RoleInfo (RoleInfo.java:updateAndGet(143)) - 1244ca21-2158-4cc7-9e07-ba347e145504: start FollowerState
2019-10-21 23:03:17,534 [grpc-default-executor-8] INFO  impl.RaftServerImpl (ServerState.java:setRaftConf(357)) - 5e72733e-cb8a-4e36-9088-390b573ceccc@group-B21FAD438C36: set configuration 0: [5e72733e-cb8a-4e36-9088-390b573ceccc:192.168.69.118:39726, bc9ab211-cc75-4801-ac6a-7532c28ed948:192.168.69.118:42914, 1ece9cc6-afa0-4e0e-a250-be9279276c08:192.168.69.118:46095], old=null at 0
2019-10-21 23:03:17,534 [grpc-default-executor-8] INFO  segmented.SegmentedRaftLogWorker (SegmentedRaftLogWorker.java:startLogSegment(385)) - 5e72733e-cb8a-4e36-9088-390b573ceccc@group-B21FAD438C36-SegmentedRaftLogWorker: Starting segment from index:0
2019-10-21 23:03:17,535 [grpc-default-executor-5] INFO  impl.RaftServerImpl (ServerState.java:setRaftConf(357)) - bc9ab211-cc75-4801-ac6a-7532c28ed948@group-B21FAD438C36: set configuration 0: [5e72733e-cb8a-4e36-9088-390b573ceccc:192.168.69.118:39726, bc9ab211-cc75-4801-ac6a-7532c28ed948:192.168.69.118:42914, 1ece9cc6-afa0-4e0e-a250-be9279276c08:192.168.69.118:46095], old=null at 0
2019-10-21 23:03:17,535 [grpc-default-executor-5] INFO  segmented.SegmentedRaftLogWorker (SegmentedRaftLogWorker.java:startLogSegment(385)) - bc9ab211-cc75-4801-ac6a-7532c28ed948@group-B21FAD438C36-SegmentedRaftLogWorker: Starting segment from index:0
2019-10-21 23:03:17,545 [1ece9cc6-afa0-4e0e-a250-be9279276c08@group-B21FAD438C36-SegmentedRaftLogWorker] INFO  segmented.SegmentedRaftLogWorker (SegmentedRaftLogWorker.java:execute(576)) - 1ece9cc6-afa0-4e0e-a250-be9279276c08@group-B21FAD438C36-SegmentedRaftLogWorker: created new log segment /workdir/hadoop-ozone/integration-test/target/test-dir/MiniOzoneClusterImpl-d9aa8a4b-930f-46eb-8e95-9ce1bbfd2407/datanode-6/data/ratis/44c70c6b-e1b6-4c46-841d-b21fad438c36/current/log_inprogress_0
2019-10-21 23:03:17,574 [Thread-9516] INFO  impl.FollowerState (FollowerState.java:run(108)) - 1244ca21-2158-4cc7-9e07-ba347e145504@group-C1C12825AC52-FollowerState: change to CANDIDATE, lastRpcTime:40ms, electionTimeout:40ms
2019-10-21 23:03:17,574 [Thread-9516] INFO  impl.RoleInfo (RoleInfo.java:shutdownFollowerState(121)) - 1244ca21-2158-4cc7-9e07-ba347e145504: shutdown FollowerState
2019-10-21 23:03:17,574 [Thread-9516] INFO  impl.RaftServerImpl (RaftServerImpl.java:setRole(184)) - 1244ca21-2158-4cc7-9e07-ba347e145504@group-C1C12825AC52: changes role from  FOLLOWER to CANDIDATE at term 10 for changeToCandidate
2019-10-21 23:03:17,575 [Thread-9516] INFO  impl.RoleInfo (RoleInfo.java:updateAndGet(143)) - 1244ca21-2158-4cc7-9e07-ba347e145504: start LeaderElection
2019-10-21 23:03:17,577 [bc9ab211-cc75-4801-ac6a-7532c28ed948@group-B21FAD438C36-SegmentedRaftLogWorker] INFO  segmented.SegmentedRaftLogWorker (SegmentedRaftLogWorker.java:execute(576)) - bc9ab211-cc75-4801-ac6a-7532c28ed948@group-B21FAD438C36-SegmentedRaftLogWorker: created new log segment /workdir/hadoop-ozone/integration-test/target/test-dir/MiniOzoneClusterImpl-d9aa8a4b-930f-46eb-8e95-9ce1bbfd2407/datanode-9/data/ratis/44c70c6b-e1b6-4c46-841d-b21fad438c36/current/log_inprogress_0
2019-10-21 23:03:17,577 [5e72733e-cb8a-4e36-9088-390b573ceccc@group-B21FAD438C36-SegmentedRaftLogWorker] INFO  segmented.SegmentedRaftLogWorker (SegmentedRaftLogWorker.java:execute(576)) - 5e72733e-cb8a-4e36-9088-390b573ceccc@group-B21FAD438C36-SegmentedRaftLogWorker: created new log segment /workdir/hadoop-ozone/integration-test/target/test-dir/MiniOzoneClusterImpl-d9aa8a4b-930f-46eb-8e95-9ce1bbfd2407/datanode-7/data/ratis/44c70c6b-e1b6-4c46-841d-b21fad438c36/current/log_inprogress_0
2019-10-21 23:03:17,591 [1244ca21-2158-4cc7-9e07-ba347e145504@group-C1C12825AC52-LeaderElection1086] INFO  impl.LeaderElection (LeaderElection.java:askForVotes(178)) - 1244ca21-2158-4cc7-9e07-ba347e145504@group-C1C12825AC52-LeaderElection1086: begin an election at term 11 for -1: [1244ca21-2158-4cc7-9e07-ba347e145504:192.168.69.118:43370, 7c107f1d-8592-48e3-af71-5982c0af1f56:192.168.69.118:36514, d10c8639-03b1-4f19-ac0f-6419d7578d59:192.168.69.118:37568], old=null
2019-10-21 23:03:17,592 [grpc-default-executor-5] INFO  impl.RaftServerImpl (RaftServerImpl.java:setRole(184)) - 7c107f1d-8592-48e3-af71-5982c0af1f56@group-C1C12825AC52: changes role from  FOLLOWER to FOLLOWER at term 11 for recognizeCandidate:1244ca21-2158-4cc7-9e07-ba347e145504
2019-10-21 23:03:17,592 [grpc-default-executor-8] INFO  impl.RaftServerImpl (RaftServerImpl.java:setRole(184)) - d10c8639-03b1-4f19-ac0f-6419d7578d59@group-C1C12825AC52: changes role from  FOLLOWER to FOLLOWER at term 11 for recognizeCandidate:1244ca21-2158-4cc7-9e07-ba347e145504
2019-10-21 23:03:17,592 [grpc-default-executor-5] INFO  impl.RoleInfo (RoleInfo.java:shutdownFollowerState(121)) - 7c107f1d-8592-48e3-af71-5982c0af1f56: shutdown FollowerState
2019-10-21 23:03:17,592 [grpc-default-executor-8] INFO  impl.RoleInfo (RoleInfo.java:shutdownFollowerState(121)) - d10c8639-03b1-4f19-ac0f-6419d7578d59: shutdown FollowerState
2019-10-21 23:03:17,592 [Thread-9508] INFO  impl.FollowerState (FollowerState.java:run(117)) - 7c107f1d-8592-48e3-af71-5982c0af1f56@group-C1C12825AC52-FollowerState was interrupted: java.lang.InterruptedException: sleep interrupted
2019-10-21 23:03:17,592 [grpc-default-executor-5] INFO  impl.RoleInfo (RoleInfo.java:updateAndGet(143)) - 7c107f1d-8592-48e3-af71-5982c0af1f56: start FollowerState
2019-10-21 23:03:17,592 [Thread-9509] INFO  impl.FollowerState (FollowerState.java:run(117)) - d10c8639-03b1-4f19-ac0f-6419d7578d59@group-C1C12825AC52-FollowerState was interrupted: java.lang.InterruptedException: sleep interrupted
2019-10-21 23:03:17,592 [grpc-default-executor-8] INFO  impl.RoleInfo (RoleInfo.java:updateAndGet(143)) - d10c8639-03b1-4f19-ac0f-6419d7578d59: start FollowerState
2019-10-21 23:03:17,618 [1244ca21-2158-4cc7-9e07-ba347e145504@group-C1C12825AC52-LeaderElection1086] INFO  impl.LeaderElection (LeaderElection.java:logAndReturn(56)) - 1244ca21-2158-4cc7-9e07-ba347e145504@group-C1C12825AC52-LeaderElection1086: Election REJECTED; received 2 response(s) [1244ca21-2158-4cc7-9e07-ba347e145504<-7c107f1d-8592-48e3-af71-5982c0af1f56#0:FAIL-t11, 1244ca21-2158-4cc7-9e07-ba347e145504<-d10c8639-03b1-4f19-ac0f-6419d7578d59#0:FAIL-t11] and 0 exception(s); 1244ca21-2158-4cc7-9e07-ba347e145504@group-C1C12825AC52:t11, leader=null, voted=1244ca21-2158-4cc7-9e07-ba347e145504, raftlog=1244ca21-2158-4cc7-9e07-ba347e145504@group-C1C12825AC52-SegmentedRaftLog:OPENED:c-1,f-1,i0, conf=-1: [1244ca21-2158-4cc7-9e07-ba347e145504:192.168.69.118:43370, 7c107f1d-8592-48e3-af71-5982c0af1f56:192.168.69.118:36514, d10c8639-03b1-4f19-ac0f-6419d7578d59:192.168.69.118:37568], old=null
2019-10-21 23:03:17,618 [1244ca21-2158-4cc7-9e07-ba347e145504@group-C1C12825AC52-LeaderElection1086] INFO  impl.RaftServerImpl (RaftServerImpl.java:setRole(184)) - 1244ca21-2158-4cc7-9e07-ba347e145504@group-C1C12825AC52: changes role from CANDIDATE to FOLLOWER at term 11 for DISCOVERED_A_NEW_TERM
2019-10-21 23:03:17,618 [1244ca21-2158-4cc7-9e07-ba347e145504@group-C1C12825AC52-LeaderElection1086] INFO  impl.RoleInfo (RoleInfo.java:shutdownLeaderElection(134)) - 1244ca21-2158-4cc7-9e07-ba347e145504: shutdown LeaderElection
2019-10-21 23:03:17,618 [1244ca21-2158-4cc7-9e07-ba347e145504@group-C1C12825AC52-LeaderElection1086] INFO  impl.RoleInfo (RoleInfo.java:updateAndGet(143)) - 1244ca21-2158-4cc7-9e07-ba347e145504: start FollowerState
2019-10-21 23:03:17,793 [Thread-9524] INFO  impl.FollowerState (FollowerState.java:run(108)) - 1244ca21-2158-4cc7-9e07-ba347e145504@group-C1C12825AC52-FollowerState: change to CANDIDATE, lastRpcTime:174ms, electionTimeout:174ms
2019-10-21 23:03:17,793 [Thread-9524] INFO  impl.RoleInfo (RoleInfo.java:shutdownFollowerState(121)) - 1244ca21-2158-4cc7-9e07-ba347e145504: shutdown FollowerState
2019-10-21 23:03:17,793 [Thread-9524] INFO  impl.RaftServerImpl (RaftServerImpl.java:setRole(184)) - 1244ca21-2158-4cc7-9e07-ba347e145504@group-C1C12825AC52: changes role from  FOLLOWER to CANDIDATE at term 11 for changeToCandidate
2019-10-21 23:03:17,793 [Thread-9524] INFO  impl.RoleInfo (RoleInfo.java:updateAndGet(143)) - 1244ca21-2158-4cc7-9e07-ba347e145504: start LeaderElection
2019-10-21 23:03:17,810 [1244ca21-2158-4cc7-9e07-ba347e145504@group-C1C12825AC52-LeaderElection1087] INFO  impl.LeaderElection (LeaderElection.java:askForVotes(178)) - 1244ca21-2158-4cc7-9e07-ba347e145504@group-C1C12825AC52-LeaderElection1087: begin an election at term 12 for -1: [1244ca21-2158-4cc7-9e07-ba347e145504:192.168.69.118:43370, 7c107f1d-8592-48e3-af71-5982c0af1f56:192.168.69.118:36514, d10c8639-03b1-4f19-ac0f-6419d7578d59:192.168.69.118:37568], old=null
2019-10-21 23:03:17,811 [grpc-default-executor-8] INFO  impl.RaftServerImpl (RaftServerImpl.java:setRole(184)) - d10c8639-03b1-4f19-ac0f-6419d7578d59@group-C1C12825AC52: changes role from  FOLLOWER to FOLLOWER at term 12 for recognizeCandidate:1244ca21-2158-4cc7-9e07-ba347e145504
2019-10-21 23:03:17,811 [grpc-default-executor-8] INFO  impl.RoleInfo (RoleInfo.java:shutdownFollowerState(121)) - d10c8639-03b1-4f19-ac0f-6419d7578d59: shutdown FollowerState
2019-10-21 23:03:17,811 [grpc-default-executor-5] INFO  impl.RaftServerImpl (RaftServerImpl.java:setRole(184)) - 7c107f1d-8592-48e3-af71-5982c0af1f56@group-C1C12825AC52: changes role from  FOLLOWER to FOLLOWER at term 12 for recognizeCandidate:1244ca21-2158-4cc7-9e07-ba347e145504
2019-10-21 23:03:17,811 [Thread-9523] INFO  impl.FollowerState (FollowerState.java:run(117)) - d10c8639-03b1-4f19-ac0f-6419d7578d59@group-C1C12825AC52-FollowerState was interrupted: java.lang.InterruptedException: sleep interrupted
2019-10-21 23:03:17,811 [grpc-default-executor-8] INFO  impl.RoleInfo (RoleInfo.java:updateAndGet(143)) - d10c8639-03b1-4f19-ac0f-6419d7578d59: start FollowerState
2019-10-21 23:03:17,812 [grpc-default-executor-5] INFO  impl.RoleInfo (RoleInfo.java:shutdownFollowerState(121)) - 7c107f1d-8592-48e3-af71-5982c0af1f56: shutdown FollowerState
2019-10-21 23:03:17,812 [grpc-default-executor-5] INFO  impl.RoleInfo (RoleInfo.java:updateAndGet(143)) - 7c107f1d-8592-48e3-af71-5982c0af1f56: start FollowerState
2019-10-21 23:03:17,812 [Thread-9522] INFO  impl.FollowerState (FollowerState.java:run(117)) - 7c107f1d-8592-48e3-af71-5982c0af1f56@group-C1C12825AC52-FollowerState was interrupted: java.lang.InterruptedException: sleep interrupted
2019-10-21 23:03:17,815 [1244ca21-2158-4cc7-9e07-ba347e145504@group-C1C12825AC52-LeaderElection1087] INFO  impl.LeaderElection (LeaderElection.java:logAndReturn(56)) - 1244ca21-2158-4cc7-9e07-ba347e145504@group-C1C12825AC52-LeaderElection1087: Election TIMEOUT; received 0 response(s) [] and 0 exception(s); 1244ca21-2158-4cc7-9e07-ba347e145504@group-C1C12825AC52:t12, leader=null, voted=1244ca21-2158-4cc7-9e07-ba347e145504, raftlog=1244ca21-2158-4cc7-9e07-ba347e145504@group-C1C12825AC52-SegmentedRaftLog:OPENED:c-1,f-1,i0, conf=-1: [1244ca21-2158-4cc7-9e07-ba347e145504:192.168.69.118:43370, 7c107f1d-8592-48e3-af71-5982c0af1f56:192.168.69.118:36514, d10c8639-03b1-4f19-ac0f-6419d7578d59:192.168.69.118:37568], old=null
2019-10-21 23:03:17,825 [1244ca21-2158-4cc7-9e07-ba347e145504@group-C1C12825AC52-LeaderElection1087] INFO  impl.LeaderElection (LeaderElection.java:askForVotes(178)) - 1244ca21-2158-4cc7-9e07-ba347e145504@group-C1C12825AC52-LeaderElection1087: begin an election at term 13 for -1: [1244ca21-2158-4cc7-9e07-ba347e145504:192.168.69.118:43370, 7c107f1d-8592-48e3-af71-5982c0af1f56:192.168.69.118:36514, d10c8639-03b1-4f19-ac0f-6419d7578d59:192.168.69.118:37568], old=null
2019-10-21 23:03:17,827 [grpc-default-executor-8] INFO  impl.RaftServerImpl (RaftServerImpl.java:setRole(184)) - 7c107f1d-8592-48e3-af71-5982c0af1f56@group-C1C12825AC52: changes role from  FOLLOWER to FOLLOWER at term 13 for recognizeCandidate:1244ca21-2158-4cc7-9e07-ba347e145504
2019-10-21 23:03:17,827 [grpc-default-executor-5] INFO  impl.RaftServerImpl (RaftServerImpl.java:setRole(184)) - d10c8639-03b1-4f19-ac0f-6419d7578d59@group-C1C12825AC52: changes role from  FOLLOWER to FOLLOWER at term 13 for recognizeCandidate:1244ca21-2158-4cc7-9e07-ba347e145504
2019-10-21 23:03:17,827 [grpc-default-executor-8] INFO  impl.RoleInfo (RoleInfo.java:shutdownFollowerState(121)) - 7c107f1d-8592-48e3-af71-5982c0af1f56: shutdown FollowerState
2019-10-21 23:03:17,827 [grpc-default-executor-5] INFO  impl.RoleInfo (RoleInfo.java:shutdownFollowerState(121)) - d10c8639-03b1-4f19-ac0f-6419d7578d59: shutdown FollowerState
2019-10-21 23:03:17,827 [Thread-9531] INFO  impl.FollowerState (FollowerState.java:run(117)) - 7c107f1d-8592-48e3-af71-5982c0af1f56@group-C1C12825AC52-FollowerState was interrupted: java.lang.InterruptedException: sleep interrupted
2019-10-21 23:03:17,827 [Thread-9530] INFO  impl.FollowerState (FollowerState.java:run(117)) - d10c8639-03b1-4f19-ac0f-6419d7578d59@group-C1C12825AC52-FollowerState was interrupted: java.lang.InterruptedException: sleep interrupted
2019-10-21 23:03:17,827 [grpc-default-executor-8] INFO  impl.RoleInfo (RoleInfo.java:updateAndGet(143)) - 7c107f1d-8592-48e3-af71-5982c0af1f56: start FollowerState
2019-10-21 23:03:17,827 [grpc-default-executor-5] INFO  impl.RoleInfo (RoleInfo.java:updateAndGet(143)) - d10c8639-03b1-4f19-ac0f-6419d7578d59: start FollowerState
2019-10-21 23:03:17,843 [1244ca21-2158-4cc7-9e07-ba347e145504@group-C1C12825AC52-LeaderElection1087] INFO  impl.LeaderElection (LeaderElection.java:logAndReturn(56)) - 1244ca21-2158-4cc7-9e07-ba347e145504@group-C1C12825AC52-LeaderElection1087: Election TIMEOUT; received 0 response(s) [] and 0 exception(s); 1244ca21-2158-4cc7-9e07-ba347e145504@group-C1C12825AC52:t13, leader=null, voted=1244ca21-2158-4cc7-9e07-ba347e145504, raftlog=1244ca21-2158-4cc7-9e07-ba347e145504@group-C1C12825AC52-SegmentedRaftLog:OPENED:c-1,f-1,i0, conf=-1: [1244ca21-2158-4cc7-9e07-ba347e145504:192.168.69.118:43370, 7c107f1d-8592-48e3-af71-5982c0af1f56:192.168.69.118:36514, d10c8639-03b1-4f19-ac0f-6419d7578d59:192.168.69.118:37568], old=null
2019-10-21 23:03:17,856 [1244ca21-2158-4cc7-9e07-ba347e145504@group-C1C12825AC52-LeaderElection1087] INFO  impl.LeaderElection (LeaderElection.java:askForVotes(178)) - 1244ca21-2158-4cc7-9e07-ba347e145504@group-C1C12825AC52-LeaderElection1087: begin an election at term 14 for -1: [1244ca21-2158-4cc7-9e07-ba347e145504:192.168.69.118:43370, 7c107f1d-8592-48e3-af71-5982c0af1f56:192.168.69.118:36514, d10c8639-03b1-4f19-ac0f-6419d7578d59:192.168.69.118:37568], old=null
2019-10-21 23:03:17,858 [grpc-default-executor-5] INFO  impl.RaftServerImpl (RaftServerImpl.java:setRole(184)) - 7c107f1d-8592-48e3-af71-5982c0af1f56@group-C1C12825AC52: changes role from  FOLLOWER to FOLLOWER at term 14 for recognizeCandidate:1244ca21-2158-4cc7-9e07-ba347e145504
2019-10-21 23:03:17,858 [grpc-default-executor-5] INFO  impl.RoleInfo (RoleInfo.java:shutdownFollowerState(121)) - 7c107f1d-8592-48e3-af71-5982c0af1f56: shutdown FollowerState
2019-10-21 23:03:17,858 [grpc-default-executor-8] INFO  impl.RaftServerImpl (RaftServerImpl.java:setRole(184)) - d10c8639-03b1-4f19-ac0f-6419d7578d59@group-C1C12825AC52: changes role from  FOLLOWER to FOLLOWER at term 14 for recognizeCandidate:1244ca21-2158-4cc7-9e07-ba347e145504
2019-10-21 23:03:17,858 [grpc-default-executor-8] INFO  impl.RoleInfo (RoleInfo.java:shutdownFollowerState(121)) - d10c8639-03b1-4f19-ac0f-6419d7578d59: shutdown FollowerState
2019-10-21 23:03:17,858 [grpc-default-executor-5] INFO  impl.RoleInfo (RoleInfo.java:updateAndGet(143)) - 7c107f1d-8592-48e3-af71-5982c0af1f56: start FollowerState
2019-10-21 23:03:17,858 [Thread-9535] INFO  impl.FollowerState (FollowerState.java:run(117)) - d10c8639-03b1-4f19-ac0f-6419d7578d59@group-C1C12825AC52-FollowerState was interrupted: java.lang.InterruptedException: sleep interrupted
2019-10-21 23:03:17,858 [grpc-default-executor-8] INFO  impl.RoleInfo (RoleInfo.java:updateAndGet(143)) - d10c8639-03b1-4f19-ac0f-6419d7578d59: start FollowerState
2019-10-21 23:03:17,858 [Thread-9534] INFO  impl.FollowerState (FollowerState.java:run(117)) - 7c107f1d-8592-48e3-af71-5982c0af1f56@group-C1C12825AC52-FollowerState was interrupted: java.lang.InterruptedException: sleep interrupted
2019-10-21 23:03:17,874 [1244ca21-2158-4cc7-9e07-ba347e145504@group-C1C12825AC52-LeaderElection1087] INFO  impl.LeaderElection (LeaderElection.java:logAndReturn(56)) - 1244ca21-2158-4cc7-9e07-ba347e145504@group-C1C12825AC52-LeaderElection1087: Election REJECTED; received 2 response(s) [1244ca21-2158-4cc7-9e07-ba347e145504<-7c107f1d-8592-48e3-af71-5982c0af1f56#0:FAIL-t14, 1244ca21-2158-4cc7-9e07-ba347e145504<-d10c8639-03b1-4f19-ac0f-6419d7578d59#0:FAIL-t14] and 0 exception(s); 1244ca21-2158-4cc7-9e07-ba347e145504@group-C1C12825AC52:t14, leader=null, voted=1244ca21-2158-4cc7-9e07-ba347e145504, raftlog=1244ca21-2158-4cc7-9e07-ba347e145504@group-C1C12825AC52-SegmentedRaftLog:OPENED:c-1,f-1,i0, conf=-1: [1244ca21-2158-4cc7-9e07-ba347e145504:192.168.69.118:43370, 7c107f1d-8592-48e3-af71-5982c0af1f56:192.168.69.118:36514, d10c8639-03b1-4f19-ac0f-6419d7578d59:192.168.69.118:37568], old=null
2019-10-21 23:03:17,874 [1244ca21-2158-4cc7-9e07-ba347e145504@group-C1C12825AC52-LeaderElection1087] INFO  impl.RaftServerImpl (RaftServerImpl.java:setRole(184)) - 1244ca21-2158-4cc7-9e07-ba347e145504@group-C1C12825AC52: changes role from CANDIDATE to FOLLOWER at term 14 for DISCOVERED_A_NEW_TERM
2019-10-21 23:03:17,875 [1244ca21-2158-4cc7-9e07-ba347e145504@group-C1C12825AC52-LeaderElection1087] INFO  impl.RoleInfo (RoleInfo.java:shutdownLeaderElection(134)) - 1244ca21-2158-4cc7-9e07-ba347e145504: shutdown LeaderElection
2019-10-21 23:03:17,875 [1244ca21-2158-4cc7-9e07-ba347e145504@group-C1C12825AC52-LeaderElection1087] INFO  impl.RoleInfo (RoleInfo.java:updateAndGet(143)) - 1244ca21-2158-4cc7-9e07-ba347e145504: start FollowerState
2019-10-21 23:03:18,030 [Thread-9540] INFO  impl.FollowerState (FollowerState.java:run(108)) - 1244ca21-2158-4cc7-9e07-ba347e145504@group-C1C12825AC52-FollowerState: change to CANDIDATE, lastRpcTime:155ms, electionTimeout:155ms
2019-10-21 23:03:18,030 [Thread-9540] INFO  impl.RoleInfo (RoleInfo.java:shutdownFollowerState(121)) - 1244ca21-2158-4cc7-9e07-ba347e145504: shutdown FollowerState
2019-10-21 23:03:18,030 [Thread-9540] INFO  impl.RaftServerImpl (RaftServerImpl.java:setRole(184)) - 1244ca21-2158-4cc7-9e07-ba347e145504@group-C1C12825AC52: changes role from  FOLLOWER to CANDIDATE at term 14 for changeToCandidate
2019-10-21 23:03:18,031 [Thread-9540] INFO  impl.RoleInfo (RoleInfo.java:updateAndGet(143)) - 1244ca21-2158-4cc7-9e07-ba347e145504: start LeaderElection
2019-10-21 23:03:18,044 [1244ca21-2158-4cc7-9e07-ba347e145504@group-C1C12825AC52-LeaderElection1088] INFO  impl.LeaderElection (LeaderElection.java:askForVotes(178)) - 1244ca21-2158-4cc7-9e07-ba347e145504@group-C1C12825AC52-LeaderElection1088: begin an election at term 15 for -1: [1244ca21-2158-4cc7-9e07-ba347e145504:192.168.69.118:43370, 7c107f1d-8592-48e3-af71-5982c0af1f56:192.168.69.118:36514, d10c8639-03b1-4f19-ac0f-6419d7578d59:192.168.69.118:37568], old=null
2019-10-21 23:03:18,045 [grpc-default-executor-8] INFO  impl.RaftServerImpl (RaftServerImpl.java:setRole(184)) - 7c107f1d-8592-48e3-af71-5982c0af1f56@group-C1C12825AC52: changes role from  FOLLOWER to FOLLOWER at term 15 for recognizeCandidate:1244ca21-2158-4cc7-9e07-ba347e145504
2019-10-21 23:03:18,046 [grpc-default-executor-8] INFO  impl.RoleInfo (RoleInfo.java:shutdownFollowerState(121)) - 7c107f1d-8592-48e3-af71-5982c0af1f56: shutdown FollowerState
2019-10-21 23:03:18,046 [grpc-default-executor-5] INFO  impl.RaftServerImpl (RaftServerImpl.java:setRole(184)) - d10c8639-03b1-4f19-ac0f-6419d7578d59@group-C1C12825AC52: changes role from  FOLLOWER to FOLLOWER at term 15 for recognizeCandidate:1244ca21-2158-4cc7-9e07-ba347e145504
2019-10-21 23:03:18,046 [Thread-9538] INFO  impl.FollowerState (FollowerState.java:run(117)) - 7c107f1d-8592-48e3-af71-5982c0af1f56@group-C1C12825AC52-FollowerState was interrupted: java.lang.InterruptedException: sleep interrupted
2019-10-21 23:03:18,046 [grpc-default-executor-8] INFO  impl.RoleInfo (RoleInfo.java:updateAndGet(143)) - 7c107f1d-8592-48e3-af71-5982c0af1f56: start FollowerState
2019-10-21 23:03:18,046 [grpc-default-executor-5] INFO  impl.RoleInfo (RoleInfo.java:shutdownFollowerState(121)) - d10c8639-03b1-4f19-ac0f-6419d7578d59: shutdown FollowerState
2019-10-21 23:03:18,046 [grpc-default-executor-5] INFO  impl.RoleInfo (RoleInfo.java:updateAndGet(143)) - d10c8639-03b1-4f19-ac0f-6419d7578d59: start FollowerState
2019-10-21 23:03:18,046 [Thread-9539] INFO  impl.FollowerState (FollowerState.java:run(117)) - d10c8639-03b1-4f19-ac0f-6419d7578d59@group-C1C12825AC52-FollowerState was interrupted: java.lang.InterruptedException: sleep interrupted
2019-10-21 23:03:18,062 [1244ca21-2158-4cc7-9e07-ba347e145504@group-C1C12825AC52-LeaderElection1088] INFO  impl.LeaderElection (LeaderElection.java:logAndReturn(56)) - 1244ca21-2158-4cc7-9e07-ba347e145504@group-C1C12825AC52-LeaderElection1088: Election REJECTED; received 2 response(s) [1244ca21-2158-4cc7-9e07-ba347e145504<-7c107f1d-8592-48e3-af71-5982c0af1f56#0:FAIL-t15, 1244ca21-2158-4cc7-9e07-ba347e145504<-d10c8639-03b1-4f19-ac0f-6419d7578d59#0:FAIL-t15] and 0 exception(s); 1244ca21-2158-4cc7-9e07-ba347e145504@group-C1C12825AC52:t15, leader=null, voted=1244ca21-2158-4cc7-9e07-ba347e145504, raftlog=1244ca21-2158-4cc7-9e07-ba347e145504@group-C1C12825AC52-SegmentedRaftLog:OPENED:c-1,f-1,i0, conf=-1: [1244ca21-2158-4cc7-9e07-ba347e145504:192.168.69.118:43370, 7c107f1d-8592-48e3-af71-5982c0af1f56:192.168.69.118:36514, d10c8639-03b1-4f19-ac0f-6419d7578d59:192.168.69.118:37568], old=null
2019-10-21 23:03:18,062 [1244ca21-2158-4cc7-9e07-ba347e145504@group-C1C12825AC52-LeaderElection1088] INFO  impl.RaftServerImpl (RaftServerImpl.java:setRole(184)) - 1244ca21-2158-4cc7-9e07-ba347e145504@group-C1C12825AC52: changes role from CANDIDATE to FOLLOWER at term 15 for DISCOVERED_A_NEW_TERM
2019-10-21 23:03:18,062 [1244ca21-2158-4cc7-9e07-ba347e145504@group-C1C12825AC52-LeaderElection1088] INFO  impl.RoleInfo (RoleInfo.java:shutdownLeaderElection(134)) - 1244ca21-2158-4cc7-9e07-ba347e145504: shutdown LeaderElection
2019-10-21 23:03:18,062 [1244ca21-2158-4cc7-9e07-ba347e145504@group-C1C12825AC52-LeaderElection1088] INFO  impl.RoleInfo (RoleInfo.java:updateAndGet(143)) - 1244ca21-2158-4cc7-9e07-ba347e145504: start FollowerState
2019-10-21 23:03:18,102 [Thread-9546] INFO  impl.FollowerState (FollowerState.java:run(108)) - 1244ca21-2158-4cc7-9e07-ba347e145504@group-C1C12825AC52-FollowerState: change to CANDIDATE, lastRpcTime:40ms, electionTimeout:40ms
2019-10-21 23:03:18,103 [Thread-9546] INFO  impl.RoleInfo (RoleInfo.java:shutdownFollowerState(121)) - 1244ca21-2158-4cc7-9e07-ba347e145504: shutdown FollowerState
2019-10-21 23:03:18,103 [Thread-9546] INFO  impl.RaftServerImpl (RaftServerImpl.java:setRole(184)) - 1244ca21-2158-4cc7-9e07-ba347e145504@group-C1C12825AC52: changes role from  FOLLOWER to CANDIDATE at term 15 for changeToCandidate
2019-10-21 23:03:18,103 [Thread-9546] INFO  impl.RoleInfo (RoleInfo.java:updateAndGet(143)) - 1244ca21-2158-4cc7-9e07-ba347e145504: start LeaderElection
2019-10-21 23:03:18,113 [main] INFO  ozone.MiniOzoneClusterImpl (MiniOzoneClusterImpl.java:lambda$waitForClusterToBeReady$0(147)) - Cluster is ready. Got 10 of 10 DN Heartbeats.
2019-10-21 23:03:18,135 [1244ca21-2158-4cc7-9e07-ba347e145504@group-C1C12825AC52-LeaderElection1089] INFO  impl.LeaderElection (LeaderElection.java:askForVotes(178)) - 1244ca21-2158-4cc7-9e07-ba347e145504@group-C1C12825AC52-LeaderElection1089: begin an election at term 16 for -1: [1244ca21-2158-4cc7-9e07-ba347e145504:192.168.69.118:43370, 7c107f1d-8592-48e3-af71-5982c0af1f56:192.168.69.118:36514, d10c8639-03b1-4f19-ac0f-6419d7578d59:192.168.69.118:37568], old=null
2019-10-21 23:03:18,136 [grpc-default-executor-8] INFO  impl.RaftServerImpl (RaftServerImpl.java:setRole(184)) - 7c107f1d-8592-48e3-af71-5982c0af1f56@group-C1C12825AC52: changes role from  FOLLOWER to FOLLOWER at term 16 for recognizeCandidate:1244ca21-2158-4cc7-9e07-ba347e145504
2019-10-21 23:03:18,136 [grpc-default-executor-8] INFO  impl.RoleInfo (RoleInfo.java:shutdownFollowerState(121)) - 7c107f1d-8592-48e3-af71-5982c0af1f56: shutdown FollowerState
2019-10-21 23:03:18,136 [grpc-default-executor-5] INFO  impl.RaftServerImpl (RaftServerImpl.java:setRole(184)) - d10c8639-03b1-4f19-ac0f-6419d7578d59@group-C1C12825AC52: changes role from  FOLLOWER to FOLLOWER at term 16 for recognizeCandidate:1244ca21-2158-4cc7-9e07-ba347e145504
2019-10-21 23:03:18,137 [Thread-9544] INFO  impl.FollowerState (FollowerState.java:run(117)) - 7c107f1d-8592-48e3-af71-5982c0af1f56@group-C1C12825AC52-FollowerState was interrupted: java.lang.InterruptedException: sleep interrupted
2019-10-21 23:03:18,137 [grpc-default-executor-8] INFO  impl.RoleInfo (RoleInfo.java:updateAndGet(143)) - 7c107f1d-8592-48e3-af71-5982c0af1f56: start FollowerState
2019-10-21 23:03:18,137 [grpc-default-executor-5] INFO  impl.RoleInfo (RoleInfo.java:shutdownFollowerState(121)) - d10c8639-03b1-4f19-ac0f-6419d7578d59: shutdown FollowerState
2019-10-21 23:03:18,137 [grpc-default-executor-5] INFO  impl.RoleInfo (RoleInfo.java:updateAndGet(143)) - d10c8639-03b1-4f19-ac0f-6419d7578d59: start FollowerState
2019-10-21 23:03:18,137 [Thread-9545] INFO  impl.FollowerState (FollowerState.java:run(117)) - d10c8639-03b1-4f19-ac0f-6419d7578d59@group-C1C12825AC52-FollowerState was interrupted: java.lang.InterruptedException: sleep interrupted
2019-10-21 23:03:18,143 [main] INFO  rpc.RpcClient (RpcClient.java:createVolume(272)) - Creating Volume: datanodefailurehandlingtest, with jenkins1000 as owner.
2019-10-21 23:03:18,146 [IPC Server handler 2 on 41672] INFO  volume.OMVolumeCreateRequest (OMVolumeCreateRequest.java:validateAndUpdateCache(193)) - created volume:datanodefailurehandlingtest for user:jenkins1000
2019-10-21 23:03:18,157 [1244ca21-2158-4cc7-9e07-ba347e145504@group-C1C12825AC52-LeaderElection1089] INFO  impl.LeaderElection (LeaderElection.java:logAndReturn(56)) - 1244ca21-2158-4cc7-9e07-ba347e145504@group-C1C12825AC52-LeaderElection1089: Election REJECTED; received 2 response(s) [1244ca21-2158-4cc7-9e07-ba347e145504<-7c107f1d-8592-48e3-af71-5982c0af1f56#0:FAIL-t16, 1244ca21-2158-4cc7-9e07-ba347e145504<-d10c8639-03b1-4f19-ac0f-6419d7578d59#0:FAIL-t16] and 0 exception(s); 1244ca21-2158-4cc7-9e07-ba347e145504@group-C1C12825AC52:t16, leader=null, voted=1244ca21-2158-4cc7-9e07-ba347e145504, raftlog=1244ca21-2158-4cc7-9e07-ba347e145504@group-C1C12825AC52-SegmentedRaftLog:OPENED:c-1,f-1,i0, conf=-1: [1244ca21-2158-4cc7-9e07-ba347e145504:192.168.69.118:43370, 7c107f1d-8592-48e3-af71-5982c0af1f56:192.168.69.118:36514, d10c8639-03b1-4f19-ac0f-6419d7578d59:192.168.69.118:37568], old=null
2019-10-21 23:03:18,157 [1244ca21-2158-4cc7-9e07-ba347e145504@group-C1C12825AC52-LeaderElection1089] INFO  impl.RaftServerImpl (RaftServerImpl.java:setRole(184)) - 1244ca21-2158-4cc7-9e07-ba347e145504@group-C1C12825AC52: changes role from CANDIDATE to FOLLOWER at term 16 for DISCOVERED_A_NEW_TERM
2019-10-21 23:03:18,157 [main] INFO  rpc.RpcClient (RpcClient.java:createBucket(411)) - Creating Bucket: datanodefailurehandlingtest/datanodefailurehandlingtest, with Versioning false and Storage Type set to DISK and Encryption set to false 
2019-10-21 23:03:18,157 [1244ca21-2158-4cc7-9e07-ba347e145504@group-C1C12825AC52-LeaderElection1089] INFO  impl.RoleInfo (RoleInfo.java:shutdownLeaderElection(134)) - 1244ca21-2158-4cc7-9e07-ba347e145504: shutdown LeaderElection
2019-10-21 23:03:18,158 [1244ca21-2158-4cc7-9e07-ba347e145504@group-C1C12825AC52-LeaderElection1089] INFO  impl.RoleInfo (RoleInfo.java:updateAndGet(143)) - 1244ca21-2158-4cc7-9e07-ba347e145504: start FollowerState
2019-10-21 23:03:18,303 [Thread-9558] INFO  impl.FollowerState (FollowerState.java:run(108)) - 1244ca21-2158-4cc7-9e07-ba347e145504@group-C1C12825AC52-FollowerState: change to CANDIDATE, lastRpcTime:145ms, electionTimeout:145ms
2019-10-21 23:03:18,303 [Thread-9558] INFO  impl.RoleInfo (RoleInfo.java:shutdownFollowerState(121)) - 1244ca21-2158-4cc7-9e07-ba347e145504: shutdown FollowerState
2019-10-21 23:03:18,303 [Thread-9558] INFO  impl.RaftServerImpl (RaftServerImpl.java:setRole(184)) - 1244ca21-2158-4cc7-9e07-ba347e145504@group-C1C12825AC52: changes role from  FOLLOWER to CANDIDATE at term 16 for changeToCandidate
2019-10-21 23:03:18,303 [Thread-9558] INFO  impl.RoleInfo (RoleInfo.java:updateAndGet(143)) - 1244ca21-2158-4cc7-9e07-ba347e145504: start LeaderElection
2019-10-21 23:03:18,317 [1244ca21-2158-4cc7-9e07-ba347e145504@group-C1C12825AC52-LeaderElection1090] INFO  impl.LeaderElection (LeaderElection.java:askForVotes(178)) - 1244ca21-2158-4cc7-9e07-ba347e145504@group-C1C12825AC52-LeaderElection1090: begin an election at term 17 for -1: [1244ca21-2158-4cc7-9e07-ba347e145504:192.168.69.118:43370, 7c107f1d-8592-48e3-af71-5982c0af1f56:192.168.69.118:36514, d10c8639-03b1-4f19-ac0f-6419d7578d59:192.168.69.118:37568], old=null
2019-10-21 23:03:18,318 [grpc-default-executor-8] INFO  impl.RaftServerImpl (RaftServerImpl.java:setRole(184)) - 7c107f1d-8592-48e3-af71-5982c0af1f56@group-C1C12825AC52: changes role from  FOLLOWER to FOLLOWER at term 17 for recognizeCandidate:1244ca21-2158-4cc7-9e07-ba347e145504
2019-10-21 23:03:18,318 [grpc-default-executor-5] INFO  impl.RaftServerImpl (RaftServerImpl.java:setRole(184)) - d10c8639-03b1-4f19-ac0f-6419d7578d59@group-C1C12825AC52: changes role from  FOLLOWER to FOLLOWER at term 17 for recognizeCandidate:1244ca21-2158-4cc7-9e07-ba347e145504
2019-10-21 23:03:18,318 [grpc-default-executor-5] INFO  impl.RoleInfo (RoleInfo.java:shutdownFollowerState(121)) - d10c8639-03b1-4f19-ac0f-6419d7578d59: shutdown FollowerState
2019-10-21 23:03:18,318 [grpc-default-executor-8] INFO  impl.RoleInfo (RoleInfo.java:shutdownFollowerState(121)) - 7c107f1d-8592-48e3-af71-5982c0af1f56: shutdown FollowerState
2019-10-21 23:03:18,318 [Thread-9555] INFO  impl.FollowerState (FollowerState.java:run(117)) - d10c8639-03b1-4f19-ac0f-6419d7578d59@group-C1C12825AC52-FollowerState was interrupted: java.lang.InterruptedException: sleep interrupted
2019-10-21 23:03:18,318 [grpc-default-executor-5] INFO  impl.RoleInfo (RoleInfo.java:updateAndGet(143)) - d10c8639-03b1-4f19-ac0f-6419d7578d59: start FollowerState
2019-10-21 23:03:18,318 [Thread-9554] INFO  impl.FollowerState (FollowerState.java:run(117)) - 7c107f1d-8592-48e3-af71-5982c0af1f56@group-C1C12825AC52-FollowerState was interrupted: java.lang.InterruptedException: sleep interrupted
2019-10-21 23:03:18,318 [grpc-default-executor-8] INFO  impl.RoleInfo (RoleInfo.java:updateAndGet(143)) - 7c107f1d-8592-48e3-af71-5982c0af1f56: start FollowerState
2019-10-21 23:03:18,344 [1244ca21-2158-4cc7-9e07-ba347e145504@group-C1C12825AC52-LeaderElection1090] INFO  impl.LeaderElection (LeaderElection.java:logAndReturn(56)) - 1244ca21-2158-4cc7-9e07-ba347e145504@group-C1C12825AC52-LeaderElection1090: Election REJECTED; received 2 response(s) [1244ca21-2158-4cc7-9e07-ba347e145504<-7c107f1d-8592-48e3-af71-5982c0af1f56#0:FAIL-t17, 1244ca21-2158-4cc7-9e07-ba347e145504<-d10c8639-03b1-4f19-ac0f-6419d7578d59#0:FAIL-t17] and 0 exception(s); 1244ca21-2158-4cc7-9e07-ba347e145504@group-C1C12825AC52:t17, leader=null, voted=1244ca21-2158-4cc7-9e07-ba347e145504, raftlog=1244ca21-2158-4cc7-9e07-ba347e145504@group-C1C12825AC52-SegmentedRaftLog:OPENED:c-1,f-1,i0, conf=-1: [1244ca21-2158-4cc7-9e07-ba347e145504:192.168.69.118:43370, 7c107f1d-8592-48e3-af71-5982c0af1f56:192.168.69.118:36514, d10c8639-03b1-4f19-ac0f-6419d7578d59:192.168.69.118:37568], old=null
2019-10-21 23:03:18,344 [1244ca21-2158-4cc7-9e07-ba347e145504@group-C1C12825AC52-LeaderElection1090] INFO  impl.RaftServerImpl (RaftServerImpl.java:setRole(184)) - 1244ca21-2158-4cc7-9e07-ba347e145504@group-C1C12825AC52: changes role from CANDIDATE to FOLLOWER at term 17 for DISCOVERED_A_NEW_TERM
2019-10-21 23:03:18,345 [1244ca21-2158-4cc7-9e07-ba347e145504@group-C1C12825AC52-LeaderElection1090] INFO  impl.RoleInfo (RoleInfo.java:shutdownLeaderElection(134)) - 1244ca21-2158-4cc7-9e07-ba347e145504: shutdown LeaderElection
2019-10-21 23:03:18,345 [1244ca21-2158-4cc7-9e07-ba347e145504@group-C1C12825AC52-LeaderElection1090] INFO  impl.RoleInfo (RoleInfo.java:updateAndGet(143)) - 1244ca21-2158-4cc7-9e07-ba347e145504: start FollowerState
2019-10-21 23:03:18,356 [Thread-9567] INFO  impl.FollowerState (FollowerState.java:run(108)) - 1244ca21-2158-4cc7-9e07-ba347e145504@group-C1C12825AC52-FollowerState: change to CANDIDATE, lastRpcTime:11ms, electionTimeout:11ms
2019-10-21 23:03:18,356 [Thread-9567] INFO  impl.RoleInfo (RoleInfo.java:shutdownFollowerState(121)) - 1244ca21-2158-4cc7-9e07-ba347e145504: shutdown FollowerState
2019-10-21 23:03:18,356 [Thread-9567] INFO  impl.RaftServerImpl (RaftServerImpl.java:setRole(184)) - 1244ca21-2158-4cc7-9e07-ba347e145504@group-C1C12825AC52: changes role from  FOLLOWER to CANDIDATE at term 17 for changeToCandidate
2019-10-21 23:03:18,356 [Thread-9567] INFO  impl.RoleInfo (RoleInfo.java:updateAndGet(143)) - 1244ca21-2158-4cc7-9e07-ba347e145504: start LeaderElection
2019-10-21 23:03:18,369 [1244ca21-2158-4cc7-9e07-ba347e145504@group-C1C12825AC52-LeaderElection1091] INFO  impl.LeaderElection (LeaderElection.java:askForVotes(178)) - 1244ca21-2158-4cc7-9e07-ba347e145504@group-C1C12825AC52-LeaderElection1091: begin an election at term 18 for -1: [1244ca21-2158-4cc7-9e07-ba347e145504:192.168.69.118:43370, 7c107f1d-8592-48e3-af71-5982c0af1f56:192.168.69.118:36514, d10c8639-03b1-4f19-ac0f-6419d7578d59:192.168.69.118:37568], old=null
2019-10-21 23:03:18,370 [grpc-default-executor-8] INFO  impl.RaftServerImpl (RaftServerImpl.java:setRole(184)) - 7c107f1d-8592-48e3-af71-5982c0af1f56@group-C1C12825AC52: changes role from  FOLLOWER to FOLLOWER at term 18 for recognizeCandidate:1244ca21-2158-4cc7-9e07-ba347e145504
2019-10-21 23:03:18,370 [grpc-default-executor-8] INFO  impl.RoleInfo (RoleInfo.java:shutdownFollowerState(121)) - 7c107f1d-8592-48e3-af71-5982c0af1f56: shutdown FollowerState
2019-10-21 23:03:18,370 [grpc-default-executor-5] INFO  impl.RaftServerImpl (RaftServerImpl.java:setRole(184)) - d10c8639-03b1-4f19-ac0f-6419d7578d59@group-C1C12825AC52: changes role from  FOLLOWER to FOLLOWER at term 18 for recognizeCandidate:1244ca21-2158-4cc7-9e07-ba347e145504
2019-10-21 23:03:18,371 [grpc-default-executor-5] INFO  impl.RoleInfo (RoleInfo.java:shutdownFollowerState(121)) - d10c8639-03b1-4f19-ac0f-6419d7578d59: shutdown FollowerState
2019-10-21 23:03:18,371 [Thread-9566] INFO  impl.FollowerState (FollowerState.java:run(117)) - 7c107f1d-8592-48e3-af71-5982c0af1f56@group-C1C12825AC52-FollowerState was interrupted: java.lang.InterruptedException: sleep interrupted
2019-10-21 23:03:18,370 [grpc-default-executor-8] INFO  impl.RoleInfo (RoleInfo.java:updateAndGet(143)) - 7c107f1d-8592-48e3-af71-5982c0af1f56: start FollowerState
2019-10-21 23:03:18,371 [Thread-9565] INFO  impl.FollowerState (FollowerState.java:run(117)) - d10c8639-03b1-4f19-ac0f-6419d7578d59@group-C1C12825AC52-FollowerState was interrupted: java.lang.InterruptedException: sleep interrupted
2019-10-21 23:03:18,371 [grpc-default-executor-5] INFO  impl.RoleInfo (RoleInfo.java:updateAndGet(143)) - d10c8639-03b1-4f19-ac0f-6419d7578d59: start FollowerState
2019-10-21 23:03:18,396 [1244ca21-2158-4cc7-9e07-ba347e145504@group-C1C12825AC52-LeaderElection1091] INFO  impl.LeaderElection (LeaderElection.java:logAndReturn(56)) - 1244ca21-2158-4cc7-9e07-ba347e145504@group-C1C12825AC52-LeaderElection1091: Election REJECTED; received 2 response(s) [1244ca21-2158-4cc7-9e07-ba347e145504<-7c107f1d-8592-48e3-af71-5982c0af1f56#0:FAIL-t18, 1244ca21-2158-4cc7-9e07-ba347e145504<-d10c8639-03b1-4f19-ac0f-6419d7578d59#0:FAIL-t18] and 0 exception(s); 1244ca21-2158-4cc7-9e07-ba347e145504@group-C1C12825AC52:t18, leader=null, voted=1244ca21-2158-4cc7-9e07-ba347e145504, raftlog=1244ca21-2158-4cc7-9e07-ba347e145504@group-C1C12825AC52-SegmentedRaftLog:OPENED:c-1,f-1,i0, conf=-1: [1244ca21-2158-4cc7-9e07-ba347e145504:192.168.69.118:43370, 7c107f1d-8592-48e3-af71-5982c0af1f56:192.168.69.118:36514, d10c8639-03b1-4f19-ac0f-6419d7578d59:192.168.69.118:37568], old=null
2019-10-21 23:03:18,396 [1244ca21-2158-4cc7-9e07-ba347e145504@group-C1C12825AC52-LeaderElection1091] INFO  impl.RaftServerImpl (RaftServerImpl.java:setRole(184)) - 1244ca21-2158-4cc7-9e07-ba347e145504@group-C1C12825AC52: changes role from CANDIDATE to FOLLOWER at term 18 for DISCOVERED_A_NEW_TERM
2019-10-21 23:03:18,396 [1244ca21-2158-4cc7-9e07-ba347e145504@group-C1C12825AC52-LeaderElection1091] INFO  impl.RoleInfo (RoleInfo.java:shutdownLeaderElection(134)) - 1244ca21-2158-4cc7-9e07-ba347e145504: shutdown LeaderElection
2019-10-21 23:03:18,396 [1244ca21-2158-4cc7-9e07-ba347e145504@group-C1C12825AC52-LeaderElection1091] INFO  impl.RoleInfo (RoleInfo.java:updateAndGet(143)) - 1244ca21-2158-4cc7-9e07-ba347e145504: start FollowerState
2019-10-21 23:03:18,526 [Thread-9573] INFO  impl.FollowerState (FollowerState.java:run(108)) - 1244ca21-2158-4cc7-9e07-ba347e145504@group-C1C12825AC52-FollowerState: change to CANDIDATE, lastRpcTime:130ms, electionTimeout:130ms
2019-10-21 23:03:18,526 [Thread-9573] INFO  impl.RoleInfo (RoleInfo.java:shutdownFollowerState(121)) - 1244ca21-2158-4cc7-9e07-ba347e145504: shutdown FollowerState
2019-10-21 23:03:18,526 [Thread-9573] INFO  impl.RaftServerImpl (RaftServerImpl.java:setRole(184)) - 1244ca21-2158-4cc7-9e07-ba347e145504@group-C1C12825AC52: changes role from  FOLLOWER to CANDIDATE at term 18 for changeToCandidate
2019-10-21 23:03:18,526 [Thread-9573] INFO  impl.RoleInfo (RoleInfo.java:updateAndGet(143)) - 1244ca21-2158-4cc7-9e07-ba347e145504: start LeaderElection
2019-10-21 23:03:18,534 [1244ca21-2158-4cc7-9e07-ba347e145504@group-C1C12825AC52-LeaderElection1092] INFO  impl.LeaderElection (LeaderElection.java:askForVotes(178)) - 1244ca21-2158-4cc7-9e07-ba347e145504@group-C1C12825AC52-LeaderElection1092: begin an election at term 19 for -1: [1244ca21-2158-4cc7-9e07-ba347e145504:192.168.69.118:43370, 7c107f1d-8592-48e3-af71-5982c0af1f56:192.168.69.118:36514, d10c8639-03b1-4f19-ac0f-6419d7578d59:192.168.69.118:37568], old=null
2019-10-21 23:03:18,535 [grpc-default-executor-5] INFO  impl.RaftServerImpl (RaftServerImpl.java:setRole(184)) - 7c107f1d-8592-48e3-af71-5982c0af1f56@group-C1C12825AC52: changes role from  FOLLOWER to FOLLOWER at term 19 for recognizeCandidate:1244ca21-2158-4cc7-9e07-ba347e145504
2019-10-21 23:03:18,535 [grpc-default-executor-5] INFO  impl.RoleInfo (RoleInfo.java:shutdownFollowerState(121)) - 7c107f1d-8592-48e3-af71-5982c0af1f56: shutdown FollowerState
2019-10-21 23:03:18,535 [grpc-default-executor-5] INFO  impl.RoleInfo (RoleInfo.java:updateAndGet(143)) - 7c107f1d-8592-48e3-af71-5982c0af1f56: start FollowerState
2019-10-21 23:03:18,535 [Thread-9571] INFO  impl.FollowerState (FollowerState.java:run(117)) - 7c107f1d-8592-48e3-af71-5982c0af1f56@group-C1C12825AC52-FollowerState was interrupted: java.lang.InterruptedException: sleep interrupted
2019-10-21 23:03:18,536 [grpc-default-executor-8] INFO  impl.RaftServerImpl (RaftServerImpl.java:setRole(184)) - d10c8639-03b1-4f19-ac0f-6419d7578d59@group-C1C12825AC52: changes role from  FOLLOWER to FOLLOWER at term 19 for recognizeCandidate:1244ca21-2158-4cc7-9e07-ba347e145504
2019-10-21 23:03:18,536 [grpc-default-executor-8] INFO  impl.RoleInfo (RoleInfo.java:shutdownFollowerState(121)) - d10c8639-03b1-4f19-ac0f-6419d7578d59: shutdown FollowerState
2019-10-21 23:03:18,536 [grpc-default-executor-8] INFO  impl.RoleInfo (RoleInfo.java:updateAndGet(143)) - d10c8639-03b1-4f19-ac0f-6419d7578d59: start FollowerState
2019-10-21 23:03:18,536 [Thread-9572] INFO  impl.FollowerState (FollowerState.java:run(117)) - d10c8639-03b1-4f19-ac0f-6419d7578d59@group-C1C12825AC52-FollowerState was interrupted: java.lang.InterruptedException: sleep interrupted
2019-10-21 23:03:18,560 [1244ca21-2158-4cc7-9e07-ba347e145504@group-C1C12825AC52-LeaderElection1092] INFO  impl.LeaderElection (LeaderElection.java:logAndReturn(56)) - 1244ca21-2158-4cc7-9e07-ba347e145504@group-C1C12825AC52-LeaderElection1092: Election REJECTED; received 2 response(s) [1244ca21-2158-4cc7-9e07-ba347e145504<-7c107f1d-8592-48e3-af71-5982c0af1f56#0:FAIL-t19, 1244ca21-2158-4cc7-9e07-ba347e145504<-d10c8639-03b1-4f19-ac0f-6419d7578d59#0:FAIL-t19] and 0 exception(s); 1244ca21-2158-4cc7-9e07-ba347e145504@group-C1C12825AC52:t19, leader=null, voted=1244ca21-2158-4cc7-9e07-ba347e145504, raftlog=1244ca21-2158-4cc7-9e07-ba347e145504@group-C1C12825AC52-SegmentedRaftLog:OPENED:c-1,f-1,i0, conf=-1: [1244ca21-2158-4cc7-9e07-ba347e145504:192.168.69.118:43370, 7c107f1d-8592-48e3-af71-5982c0af1f56:192.168.69.118:36514, d10c8639-03b1-4f19-ac0f-6419d7578d59:192.168.69.118:37568], old=null
2019-10-21 23:03:18,561 [1244ca21-2158-4cc7-9e07-ba347e145504@group-C1C12825AC52-LeaderElection1092] INFO  impl.RaftServerImpl (RaftServerImpl.java:setRole(184)) - 1244ca21-2158-4cc7-9e07-ba347e145504@group-C1C12825AC52: changes role from CANDIDATE to FOLLOWER at term 19 for DISCOVERED_A_NEW_TERM
2019-10-21 23:03:18,561 [1244ca21-2158-4cc7-9e07-ba347e145504@group-C1C12825AC52-LeaderElection1092] INFO  impl.RoleInfo (RoleInfo.java:shutdownLeaderElection(134)) - 1244ca21-2158-4cc7-9e07-ba347e145504: shutdown LeaderElection
2019-10-21 23:03:18,561 [1244ca21-2158-4cc7-9e07-ba347e145504@group-C1C12825AC52-LeaderElection1092] INFO  impl.RoleInfo (RoleInfo.java:updateAndGet(143)) - 1244ca21-2158-4cc7-9e07-ba347e145504: start FollowerState
2019-10-21 23:03:18,715 [Thread-9579] INFO  impl.FollowerState (FollowerState.java:run(108)) - 1244ca21-2158-4cc7-9e07-ba347e145504@group-C1C12825AC52-FollowerState: change to CANDIDATE, lastRpcTime:154ms, electionTimeout:154ms
2019-10-21 23:03:18,715 [Thread-9579] INFO  impl.RoleInfo (RoleInfo.java:shutdownFollowerState(121)) - 1244ca21-2158-4cc7-9e07-ba347e145504: shutdown FollowerState
2019-10-21 23:03:18,715 [Thread-9579] INFO  impl.RaftServerImpl (RaftServerImpl.java:setRole(184)) - 1244ca21-2158-4cc7-9e07-ba347e145504@group-C1C12825AC52: changes role from  FOLLOWER to CANDIDATE at term 19 for changeToCandidate
2019-10-21 23:03:18,715 [Thread-9579] INFO  impl.RoleInfo (RoleInfo.java:updateAndGet(143)) - 1244ca21-2158-4cc7-9e07-ba347e145504: start LeaderElection
2019-10-21 23:03:18,729 [1244ca21-2158-4cc7-9e07-ba347e145504@group-C1C12825AC52-LeaderElection1093] INFO  impl.LeaderElection (LeaderElection.java:askForVotes(178)) - 1244ca21-2158-4cc7-9e07-ba347e145504@group-C1C12825AC52-LeaderElection1093: begin an election at term 20 for -1: [1244ca21-2158-4cc7-9e07-ba347e145504:192.168.69.118:43370, 7c107f1d-8592-48e3-af71-5982c0af1f56:192.168.69.118:36514, d10c8639-03b1-4f19-ac0f-6419d7578d59:192.168.69.118:37568], old=null
2019-10-21 23:03:18,730 [grpc-default-executor-8] INFO  impl.RaftServerImpl (RaftServerImpl.java:setRole(184)) - 7c107f1d-8592-48e3-af71-5982c0af1f56@group-C1C12825AC52: changes role from  FOLLOWER to FOLLOWER at term 20 for recognizeCandidate:1244ca21-2158-4cc7-9e07-ba347e145504
2019-10-21 23:03:18,731 [grpc-default-executor-8] INFO  impl.RoleInfo (RoleInfo.java:shutdownFollowerState(121)) - 7c107f1d-8592-48e3-af71-5982c0af1f56: shutdown FollowerState
2019-10-21 23:03:18,731 [grpc-default-executor-5] INFO  impl.RaftServerImpl (RaftServerImpl.java:setRole(184)) - d10c8639-03b1-4f19-ac0f-6419d7578d59@group-C1C12825AC52: changes role from  FOLLOWER to FOLLOWER at term 20 for recognizeCandidate:1244ca21-2158-4cc7-9e07-ba347e145504
2019-10-21 23:03:18,731 [Thread-9577] INFO  impl.FollowerState (FollowerState.java:run(117)) - 7c107f1d-8592-48e3-af71-5982c0af1f56@group-C1C12825AC52-FollowerState was interrupted: java.lang.InterruptedException: sleep interrupted
2019-10-21 23:03:18,731 [grpc-default-executor-8] INFO  impl.RoleInfo (RoleInfo.java:updateAndGet(143)) - 7c107f1d-8592-48e3-af71-5982c0af1f56: start FollowerState
2019-10-21 23:03:18,731 [grpc-default-executor-5] INFO  impl.RoleInfo (RoleInfo.java:shutdownFollowerState(121)) - d10c8639-03b1-4f19-ac0f-6419d7578d59: shutdown FollowerState
2019-10-21 23:03:18,731 [grpc-default-executor-5] INFO  impl.RoleInfo (RoleInfo.java:updateAndGet(143)) - d10c8639-03b1-4f19-ac0f-6419d7578d59: start FollowerState
2019-10-21 23:03:18,731 [Thread-9578] INFO  impl.FollowerState (FollowerState.java:run(117)) - d10c8639-03b1-4f19-ac0f-6419d7578d59@group-C1C12825AC52-FollowerState was interrupted: java.lang.InterruptedException: sleep interrupted
2019-10-21 23:03:18,744 [1244ca21-2158-4cc7-9e07-ba347e145504@group-C1C12825AC52-LeaderElection1093] INFO  impl.LeaderElection (LeaderElection.java:logAndReturn(56)) - 1244ca21-2158-4cc7-9e07-ba347e145504@group-C1C12825AC52-LeaderElection1093: Election REJECTED; received 2 response(s) [1244ca21-2158-4cc7-9e07-ba347e145504<-7c107f1d-8592-48e3-af71-5982c0af1f56#0:FAIL-t20, 1244ca21-2158-4cc7-9e07-ba347e145504<-d10c8639-03b1-4f19-ac0f-6419d7578d59#0:FAIL-t20] and 0 exception(s); 1244ca21-2158-4cc7-9e07-ba347e145504@group-C1C12825AC52:t20, leader=null, voted=1244ca21-2158-4cc7-9e07-ba347e145504, raftlog=1244ca21-2158-4cc7-9e07-ba347e145504@group-C1C12825AC52-SegmentedRaftLog:OPENED:c-1,f-1,i0, conf=-1: [1244ca21-2158-4cc7-9e07-ba347e145504:192.168.69.118:43370, 7c107f1d-8592-48e3-af71-5982c0af1f56:192.168.69.118:36514, d10c8639-03b1-4f19-ac0f-6419d7578d59:192.168.69.118:37568], old=null
2019-10-21 23:03:18,745 [1244ca21-2158-4cc7-9e07-ba347e145504@group-C1C12825AC52-LeaderElection1093] INFO  impl.RaftServerImpl (RaftServerImpl.java:setRole(184)) - 1244ca21-2158-4cc7-9e07-ba347e145504@group-C1C12825AC52: changes role from CANDIDATE to FOLLOWER at term 20 for DISCOVERED_A_NEW_TERM
2019-10-21 23:03:18,745 [1244ca21-2158-4cc7-9e07-ba347e145504@group-C1C12825AC52-LeaderElection1093] INFO  impl.RoleInfo (RoleInfo.java:shutdownLeaderElection(134)) - 1244ca21-2158-4cc7-9e07-ba347e145504: shutdown LeaderElection
2019-10-21 23:03:18,745 [1244ca21-2158-4cc7-9e07-ba347e145504@group-C1C12825AC52-LeaderElection1093] INFO  impl.RoleInfo (RoleInfo.java:updateAndGet(143)) - 1244ca21-2158-4cc7-9e07-ba347e145504: start FollowerState
2019-10-21 23:03:18,900 [Thread-9589] INFO  impl.FollowerState (FollowerState.java:run(108)) - 1244ca21-2158-4cc7-9e07-ba347e145504@group-C1C12825AC52-FollowerState: change to CANDIDATE, lastRpcTime:155ms, electionTimeout:155ms
2019-10-21 23:03:18,900 [Thread-9589] INFO  impl.RoleInfo (RoleInfo.java:shutdownFollowerState(121)) - 1244ca21-2158-4cc7-9e07-ba347e145504: shutdown FollowerState
2019-10-21 23:03:18,900 [Thread-9589] INFO  impl.RaftServerImpl (RaftServerImpl.java:setRole(184)) - 1244ca21-2158-4cc7-9e07-ba347e145504@group-C1C12825AC52: changes role from  FOLLOWER to CANDIDATE at term 20 for changeToCandidate
2019-10-21 23:03:18,900 [Thread-9589] INFO  impl.RoleInfo (RoleInfo.java:updateAndGet(143)) - 1244ca21-2158-4cc7-9e07-ba347e145504: start LeaderElection
2019-10-21 23:03:18,914 [1244ca21-2158-4cc7-9e07-ba347e145504@group-C1C12825AC52-LeaderElection1094] INFO  impl.LeaderElection (LeaderElection.java:askForVotes(178)) - 1244ca21-2158-4cc7-9e07-ba347e145504@group-C1C12825AC52-LeaderElection1094: begin an election at term 21 for -1: [1244ca21-2158-4cc7-9e07-ba347e145504:192.168.69.118:43370, 7c107f1d-8592-48e3-af71-5982c0af1f56:192.168.69.118:36514, d10c8639-03b1-4f19-ac0f-6419d7578d59:192.168.69.118:37568], old=null
2019-10-21 23:03:18,915 [grpc-default-executor-5] INFO  impl.RaftServerImpl (RaftServerImpl.java:setRole(184)) - 7c107f1d-8592-48e3-af71-5982c0af1f56@group-C1C12825AC52: changes role from  FOLLOWER to FOLLOWER at term 21 for recognizeCandidate:1244ca21-2158-4cc7-9e07-ba347e145504
2019-10-21 23:03:18,915 [grpc-default-executor-8] INFO  impl.RaftServerImpl (RaftServerImpl.java:setRole(184)) - d10c8639-03b1-4f19-ac0f-6419d7578d59@group-C1C12825AC52: changes role from  FOLLOWER to FOLLOWER at term 21 for recognizeCandidate:1244ca21-2158-4cc7-9e07-ba347e145504
2019-10-21 23:03:18,915 [grpc-default-executor-8] INFO  impl.RoleInfo (RoleInfo.java:shutdownFollowerState(121)) - d10c8639-03b1-4f19-ac0f-6419d7578d59: shutdown FollowerState
2019-10-21 23:03:18,915 [grpc-default-executor-5] INFO  impl.RoleInfo (RoleInfo.java:shutdownFollowerState(121)) - 7c107f1d-8592-48e3-af71-5982c0af1f56: shutdown FollowerState
2019-10-21 23:03:18,915 [Thread-9588] INFO  impl.FollowerState (FollowerState.java:run(117)) - d10c8639-03b1-4f19-ac0f-6419d7578d59@group-C1C12825AC52-FollowerState was interrupted: java.lang.InterruptedException: sleep interrupted
2019-10-21 23:03:18,915 [grpc-default-executor-8] INFO  impl.RoleInfo (RoleInfo.java:updateAndGet(143)) - d10c8639-03b1-4f19-ac0f-6419d7578d59: start FollowerState
2019-10-21 23:03:18,915 [Thread-9587] INFO  impl.FollowerState (FollowerState.java:run(117)) - 7c107f1d-8592-48e3-af71-5982c0af1f56@group-C1C12825AC52-FollowerState was interrupted: java.lang.InterruptedException: sleep interrupted
2019-10-21 23:03:18,915 [grpc-default-executor-5] INFO  impl.RoleInfo (RoleInfo.java:updateAndGet(143)) - 7c107f1d-8592-48e3-af71-5982c0af1f56: start FollowerState
2019-10-21 23:03:18,959 [1244ca21-2158-4cc7-9e07-ba347e145504@group-C1C12825AC52-LeaderElection1094] INFO  impl.LeaderElection (LeaderElection.java:logAndReturn(56)) - 1244ca21-2158-4cc7-9e07-ba347e145504@group-C1C12825AC52-LeaderElection1094: Election REJECTED; received 2 response(s) [1244ca21-2158-4cc7-9e07-ba347e145504<-7c107f1d-8592-48e3-af71-5982c0af1f56#0:FAIL-t21, 1244ca21-2158-4cc7-9e07-ba347e145504<-d10c8639-03b1-4f19-ac0f-6419d7578d59#0:FAIL-t21] and 0 exception(s); 1244ca21-2158-4cc7-9e07-ba347e145504@group-C1C12825AC52:t21, leader=null, voted=1244ca21-2158-4cc7-9e07-ba347e145504, raftlog=1244ca21-2158-4cc7-9e07-ba347e145504@group-C1C12825AC52-SegmentedRaftLog:OPENED:c-1,f-1,i0, conf=-1: [1244ca21-2158-4cc7-9e07-ba347e145504:192.168.69.118:43370, 7c107f1d-8592-48e3-af71-5982c0af1f56:192.168.69.118:36514, d10c8639-03b1-4f19-ac0f-6419d7578d59:192.168.69.118:37568], old=null
2019-10-21 23:03:18,959 [1244ca21-2158-4cc7-9e07-ba347e145504@group-C1C12825AC52-LeaderElection1094] INFO  impl.RaftServerImpl (RaftServerImpl.java:setRole(184)) - 1244ca21-2158-4cc7-9e07-ba347e145504@group-C1C12825AC52: changes role from CANDIDATE to FOLLOWER at term 21 for DISCOVERED_A_NEW_TERM
2019-10-21 23:03:18,959 [1244ca21-2158-4cc7-9e07-ba347e145504@group-C1C12825AC52-LeaderElection1094] INFO  impl.RoleInfo (RoleInfo.java:shutdownLeaderElection(134)) - 1244ca21-2158-4cc7-9e07-ba347e145504: shutdown LeaderElection
2019-10-21 23:03:18,959 [1244ca21-2158-4cc7-9e07-ba347e145504@group-C1C12825AC52-LeaderElection1094] INFO  impl.RoleInfo (RoleInfo.java:updateAndGet(143)) - 1244ca21-2158-4cc7-9e07-ba347e145504: start FollowerState
2019-10-21 23:03:19,039 [Thread-9595] INFO  impl.FollowerState (FollowerState.java:run(108)) - 1244ca21-2158-4cc7-9e07-ba347e145504@group-C1C12825AC52-FollowerState: change to CANDIDATE, lastRpcTime:80ms, electionTimeout:80ms
2019-10-21 23:03:19,040 [Thread-9595] INFO  impl.RoleInfo (RoleInfo.java:shutdownFollowerState(121)) - 1244ca21-2158-4cc7-9e07-ba347e145504: shutdown FollowerState
2019-10-21 23:03:19,040 [Thread-9595] INFO  impl.RaftServerImpl (RaftServerImpl.java:setRole(184)) - 1244ca21-2158-4cc7-9e07-ba347e145504@group-C1C12825AC52: changes role from  FOLLOWER to CANDIDATE at term 21 for changeToCandidate
2019-10-21 23:03:19,040 [Thread-9595] INFO  impl.RoleInfo (RoleInfo.java:updateAndGet(143)) - 1244ca21-2158-4cc7-9e07-ba347e145504: start LeaderElection
2019-10-21 23:03:19,056 [1244ca21-2158-4cc7-9e07-ba347e145504@group-C1C12825AC52-LeaderElection1095] INFO  impl.LeaderElection (LeaderElection.java:askForVotes(178)) - 1244ca21-2158-4cc7-9e07-ba347e145504@group-C1C12825AC52-LeaderElection1095: begin an election at term 22 for -1: [1244ca21-2158-4cc7-9e07-ba347e145504:192.168.69.118:43370, 7c107f1d-8592-48e3-af71-5982c0af1f56:192.168.69.118:36514, d10c8639-03b1-4f19-ac0f-6419d7578d59:192.168.69.118:37568], old=null
2019-10-21 23:03:19,058 [grpc-default-executor-5] INFO  impl.RaftServerImpl (RaftServerImpl.java:setRole(184)) - 7c107f1d-8592-48e3-af71-5982c0af1f56@group-C1C12825AC52: changes role from  FOLLOWER to FOLLOWER at term 22 for recognizeCandidate:1244ca21-2158-4cc7-9e07-ba347e145504
2019-10-21 23:03:19,058 [grpc-default-executor-5] INFO  impl.RoleInfo (RoleInfo.java:shutdownFollowerState(121)) - 7c107f1d-8592-48e3-af71-5982c0af1f56: shutdown FollowerState
2019-10-21 23:03:19,058 [grpc-default-executor-8] INFO  impl.RaftServerImpl (RaftServerImpl.java:setRole(184)) - d10c8639-03b1-4f19-ac0f-6419d7578d59@group-C1C12825AC52: changes role from  FOLLOWER to FOLLOWER at term 22 for recognizeCandidate:1244ca21-2158-4cc7-9e07-ba347e145504
2019-10-21 23:03:19,058 [Thread-9594] INFO  impl.FollowerState (FollowerState.java:run(117)) - 7c107f1d-8592-48e3-af71-5982c0af1f56@group-C1C12825AC52-FollowerState was interrupted: java.lang.InterruptedException: sleep interrupted
2019-10-21 23:03:19,058 [grpc-default-executor-5] INFO  impl.RoleInfo (RoleInfo.java:updateAndGet(143)) - 7c107f1d-8592-48e3-af71-5982c0af1f56: start FollowerState
2019-10-21 23:03:19,058 [grpc-default-executor-8] INFO  impl.RoleInfo (RoleInfo.java:shutdownFollowerState(121)) - d10c8639-03b1-4f19-ac0f-6419d7578d59: shutdown FollowerState
2019-10-21 23:03:19,058 [grpc-default-executor-8] INFO  impl.RoleInfo (RoleInfo.java:updateAndGet(143)) - d10c8639-03b1-4f19-ac0f-6419d7578d59: start FollowerState
2019-10-21 23:03:19,058 [Thread-9593] INFO  impl.FollowerState (FollowerState.java:run(117)) - d10c8639-03b1-4f19-ac0f-6419d7578d59@group-C1C12825AC52-FollowerState was interrupted: java.lang.InterruptedException: sleep interrupted
2019-10-21 23:03:19,084 [1244ca21-2158-4cc7-9e07-ba347e145504@group-C1C12825AC52-LeaderElection1095] INFO  impl.LeaderElection (LeaderElection.java:logAndReturn(56)) - 1244ca21-2158-4cc7-9e07-ba347e145504@group-C1C12825AC52-LeaderElection1095: Election REJECTED; received 2 response(s) [1244ca21-2158-4cc7-9e07-ba347e145504<-7c107f1d-8592-48e3-af71-5982c0af1f56#0:FAIL-t22, 1244ca21-2158-4cc7-9e07-ba347e145504<-d10c8639-03b1-4f19-ac0f-6419d7578d59#0:FAIL-t22] and 0 exception(s); 1244ca21-2158-4cc7-9e07-ba347e145504@group-C1C12825AC52:t22, leader=null, voted=1244ca21-2158-4cc7-9e07-ba347e145504, raftlog=1244ca21-2158-4cc7-9e07-ba347e145504@group-C1C12825AC52-SegmentedRaftLog:OPENED:c-1,f-1,i0, conf=-1: [1244ca21-2158-4cc7-9e07-ba347e145504:192.168.69.118:43370, 7c107f1d-8592-48e3-af71-5982c0af1f56:192.168.69.118:36514, d10c8639-03b1-4f19-ac0f-6419d7578d59:192.168.69.118:37568], old=null
2019-10-21 23:03:19,085 [1244ca21-2158-4cc7-9e07-ba347e145504@group-C1C12825AC52-LeaderElection1095] INFO  impl.RaftServerImpl (RaftServerImpl.java:setRole(184)) - 1244ca21-2158-4cc7-9e07-ba347e145504@group-C1C12825AC52: changes role from CANDIDATE to FOLLOWER at term 22 for DISCOVERED_A_NEW_TERM
2019-10-21 23:03:19,085 [1244ca21-2158-4cc7-9e07-ba347e145504@group-C1C12825AC52-LeaderElection1095] INFO  impl.RoleInfo (RoleInfo.java:shutdownLeaderElection(134)) - 1244ca21-2158-4cc7-9e07-ba347e145504: shutdown LeaderElection
2019-10-21 23:03:19,085 [1244ca21-2158-4cc7-9e07-ba347e145504@group-C1C12825AC52-LeaderElection1095] INFO  impl.RoleInfo (RoleInfo.java:updateAndGet(143)) - 1244ca21-2158-4cc7-9e07-ba347e145504: start FollowerState
2019-10-21 23:03:19,150 [Thread-9346] INFO  container.ReplicationManager (ReplicationManager.java:start(162)) - Starting Replication Monitor Thread.
2019-10-21 23:03:19,154 [ReplicationMonitor] INFO  container.ReplicationManager (ReplicationManager.java:run(225)) - Replication Monitor Thread took 1 milliseconds for processing 1 containers.
2019-10-21 23:03:19,179 [Thread-9601] INFO  impl.FollowerState (FollowerState.java:run(108)) - 1244ca21-2158-4cc7-9e07-ba347e145504@group-C1C12825AC52-FollowerState: change to CANDIDATE, lastRpcTime:94ms, electionTimeout:94ms
2019-10-21 23:03:19,179 [Thread-9601] INFO  impl.RoleInfo (RoleInfo.java:shutdownFollowerState(121)) - 1244ca21-2158-4cc7-9e07-ba347e145504: shutdown FollowerState
2019-10-21 23:03:19,179 [Thread-9601] INFO  impl.RaftServerImpl (RaftServerImpl.java:setRole(184)) - 1244ca21-2158-4cc7-9e07-ba347e145504@group-C1C12825AC52: changes role from  FOLLOWER to CANDIDATE at term 22 for changeToCandidate
2019-10-21 23:03:19,180 [Thread-9601] INFO  impl.RoleInfo (RoleInfo.java:updateAndGet(143)) - 1244ca21-2158-4cc7-9e07-ba347e145504: start LeaderElection
2019-10-21 23:03:19,206 [1244ca21-2158-4cc7-9e07-ba347e145504@group-C1C12825AC52-LeaderElection1096] INFO  impl.LeaderElection (LeaderElection.java:askForVotes(178)) - 1244ca21-2158-4cc7-9e07-ba347e145504@group-C1C12825AC52-LeaderElection1096: begin an election at term 23 for -1: [1244ca21-2158-4cc7-9e07-ba347e145504:192.168.69.118:43370, 7c107f1d-8592-48e3-af71-5982c0af1f56:192.168.69.118:36514, d10c8639-03b1-4f19-ac0f-6419d7578d59:192.168.69.118:37568], old=null
2019-10-21 23:03:19,207 [grpc-default-executor-5] INFO  impl.RaftServerImpl (RaftServerImpl.java:setRole(184)) - d10c8639-03b1-4f19-ac0f-6419d7578d59@group-C1C12825AC52: changes role from  FOLLOWER to FOLLOWER at term 23 for recognizeCandidate:1244ca21-2158-4cc7-9e07-ba347e145504
2019-10-21 23:03:19,208 [grpc-default-executor-5] INFO  impl.RoleInfo (RoleInfo.java:shutdownFollowerState(121)) - d10c8639-03b1-4f19-ac0f-6419d7578d59: shutdown FollowerState
2019-10-21 23:03:19,208 [grpc-default-executor-5] INFO  impl.RoleInfo (RoleInfo.java:updateAndGet(143)) - d10c8639-03b1-4f19-ac0f-6419d7578d59: start FollowerState
2019-10-21 23:03:19,208 [Thread-9600] INFO  impl.FollowerState (FollowerState.java:run(117)) - d10c8639-03b1-4f19-ac0f-6419d7578d59@group-C1C12825AC52-FollowerState was interrupted: java.lang.InterruptedException: sleep interrupted
2019-10-21 23:03:19,208 [grpc-default-executor-8] INFO  impl.RaftServerImpl (RaftServerImpl.java:setRole(184)) - 7c107f1d-8592-48e3-af71-5982c0af1f56@group-C1C12825AC52: changes role from  FOLLOWER to FOLLOWER at term 23 for recognizeCandidate:1244ca21-2158-4cc7-9e07-ba347e145504
2019-10-21 23:03:19,208 [grpc-default-executor-8] INFO  impl.RoleInfo (RoleInfo.java:shutdownFollowerState(121)) - 7c107f1d-8592-48e3-af71-5982c0af1f56: shutdown FollowerState
2019-10-21 23:03:19,208 [grpc-default-executor-8] INFO  impl.RoleInfo (RoleInfo.java:updateAndGet(143)) - 7c107f1d-8592-48e3-af71-5982c0af1f56: start FollowerState
2019-10-21 23:03:19,208 [Thread-9599] INFO  impl.FollowerState (FollowerState.java:run(117)) - 7c107f1d-8592-48e3-af71-5982c0af1f56@group-C1C12825AC52-FollowerState was interrupted: java.lang.InterruptedException: sleep interrupted
2019-10-21 23:03:19,242 [1244ca21-2158-4cc7-9e07-ba347e145504@group-C1C12825AC52-LeaderElection1096] INFO  impl.LeaderElection (LeaderElection.java:logAndReturn(56)) - 1244ca21-2158-4cc7-9e07-ba347e145504@group-C1C12825AC52-LeaderElection1096: Election REJECTED; received 2 response(s) [1244ca21-2158-4cc7-9e07-ba347e145504<-7c107f1d-8592-48e3-af71-5982c0af1f56#0:FAIL-t23, 1244ca21-2158-4cc7-9e07-ba347e145504<-d10c8639-03b1-4f19-ac0f-6419d7578d59#0:FAIL-t23] and 0 exception(s); 1244ca21-2158-4cc7-9e07-ba347e145504@group-C1C12825AC52:t23, leader=null, voted=1244ca21-2158-4cc7-9e07-ba347e145504, raftlog=1244ca21-2158-4cc7-9e07-ba347e145504@group-C1C12825AC52-SegmentedRaftLog:OPENED:c-1,f-1,i0, conf=-1: [1244ca21-2158-4cc7-9e07-ba347e145504:192.168.69.118:43370, 7c107f1d-8592-48e3-af71-5982c0af1f56:192.168.69.118:36514, d10c8639-03b1-4f19-ac0f-6419d7578d59:192.168.69.118:37568], old=null
2019-10-21 23:03:19,245 [1244ca21-2158-4cc7-9e07-ba347e145504@group-C1C12825AC52-LeaderElection1096] INFO  impl.RaftServerImpl (RaftServerImpl.java:setRole(184)) - 1244ca21-2158-4cc7-9e07-ba347e145504@group-C1C12825AC52: changes role from CANDIDATE to FOLLOWER at term 23 for DISCOVERED_A_NEW_TERM
2019-10-21 23:03:19,245 [1244ca21-2158-4cc7-9e07-ba347e145504@group-C1C12825AC52-LeaderElection1096] INFO  impl.RoleInfo (RoleInfo.java:shutdownLeaderElection(134)) - 1244ca21-2158-4cc7-9e07-ba347e145504: shutdown LeaderElection
2019-10-21 23:03:19,245 [1244ca21-2158-4cc7-9e07-ba347e145504@group-C1C12825AC52-LeaderElection1096] INFO  impl.RoleInfo (RoleInfo.java:updateAndGet(143)) - 1244ca21-2158-4cc7-9e07-ba347e145504: start FollowerState
2019-10-21 23:03:19,334 [Thread-9614] INFO  impl.FollowerState (FollowerState.java:run(108)) - 1244ca21-2158-4cc7-9e07-ba347e145504@group-C1C12825AC52-FollowerState: change to CANDIDATE, lastRpcTime:88ms, electionTimeout:87ms
2019-10-21 23:03:19,334 [Thread-9614] INFO  impl.RoleInfo (RoleInfo.java:shutdownFollowerState(121)) - 1244ca21-2158-4cc7-9e07-ba347e145504: shutdown FollowerState
2019-10-21 23:03:19,334 [Thread-9614] INFO  impl.RaftServerImpl (RaftServerImpl.java:setRole(184)) - 1244ca21-2158-4cc7-9e07-ba347e145504@group-C1C12825AC52: changes role from  FOLLOWER to CANDIDATE at term 23 for changeToCandidate
2019-10-21 23:03:19,334 [Thread-9614] INFO  impl.RoleInfo (RoleInfo.java:updateAndGet(143)) - 1244ca21-2158-4cc7-9e07-ba347e145504: start LeaderElection
2019-10-21 23:03:19,348 [1244ca21-2158-4cc7-9e07-ba347e145504@group-C1C12825AC52-LeaderElection1097] INFO  impl.LeaderElection (LeaderElection.java:askForVotes(178)) - 1244ca21-2158-4cc7-9e07-ba347e145504@group-C1C12825AC52-LeaderElection1097: begin an election at term 24 for -1: [1244ca21-2158-4cc7-9e07-ba347e145504:192.168.69.118:43370, 7c107f1d-8592-48e3-af71-5982c0af1f56:192.168.69.118:36514, d10c8639-03b1-4f19-ac0f-6419d7578d59:192.168.69.118:37568], old=null
2019-10-21 23:03:19,350 [grpc-default-executor-6] INFO  impl.RaftServerImpl (RaftServerImpl.java:setRole(184)) - 7c107f1d-8592-48e3-af71-5982c0af1f56@group-C1C12825AC52: changes role from  FOLLOWER to FOLLOWER at term 24 for recognizeCandidate:1244ca21-2158-4cc7-9e07-ba347e145504
2019-10-21 23:03:19,350 [grpc-default-executor-6] INFO  impl.RoleInfo (RoleInfo.java:shutdownFollowerState(121)) - 7c107f1d-8592-48e3-af71-5982c0af1f56: shutdown FollowerState
2019-10-21 23:03:19,350 [grpc-default-executor-6] INFO  impl.RoleInfo (RoleInfo.java:updateAndGet(143)) - 7c107f1d-8592-48e3-af71-5982c0af1f56: start FollowerState
2019-10-21 23:03:19,350 [Thread-9611] INFO  impl.FollowerState (FollowerState.java:run(117)) - 7c107f1d-8592-48e3-af71-5982c0af1f56@group-C1C12825AC52-FollowerState was interrupted: java.lang.InterruptedException: sleep interrupted
2019-10-21 23:03:19,350 [grpc-default-executor-8] INFO  impl.RaftServerImpl (RaftServerImpl.java:setRole(184)) - d10c8639-03b1-4f19-ac0f-6419d7578d59@group-C1C12825AC52: changes role from  FOLLOWER to FOLLOWER at term 24 for recognizeCandidate:1244ca21-2158-4cc7-9e07-ba347e145504
2019-10-21 23:03:19,350 [grpc-default-executor-8] INFO  impl.RoleInfo (RoleInfo.java:shutdownFollowerState(121)) - d10c8639-03b1-4f19-ac0f-6419d7578d59: shutdown FollowerState
2019-10-21 23:03:19,351 [grpc-default-executor-8] INFO  impl.RoleInfo (RoleInfo.java:updateAndGet(143)) - d10c8639-03b1-4f19-ac0f-6419d7578d59: start FollowerState
2019-10-21 23:03:19,351 [Thread-9610] INFO  impl.FollowerState (FollowerState.java:run(117)) - d10c8639-03b1-4f19-ac0f-6419d7578d59@group-C1C12825AC52-FollowerState was interrupted: java.lang.InterruptedException: sleep interrupted
2019-10-21 23:03:19,376 [1244ca21-2158-4cc7-9e07-ba347e145504@group-C1C12825AC52-LeaderElection1097] INFO  impl.LeaderElection (LeaderElection.java:logAndReturn(56)) - 1244ca21-2158-4cc7-9e07-ba347e145504@group-C1C12825AC52-LeaderElection1097: Election REJECTED; received 2 response(s) [1244ca21-2158-4cc7-9e07-ba347e145504<-7c107f1d-8592-48e3-af71-5982c0af1f56#0:FAIL-t24, 1244ca21-2158-4cc7-9e07-ba347e145504<-d10c8639-03b1-4f19-ac0f-6419d7578d59#0:FAIL-t24] and 0 exception(s); 1244ca21-2158-4cc7-9e07-ba347e145504@group-C1C12825AC52:t24, leader=null, voted=1244ca21-2158-4cc7-9e07-ba347e145504, raftlog=1244ca21-2158-4cc7-9e07-ba347e145504@group-C1C12825AC52-SegmentedRaftLog:OPENED:c-1,f-1,i0, conf=-1: [1244ca21-2158-4cc7-9e07-ba347e145504:192.168.69.118:43370, 7c107f1d-8592-48e3-af71-5982c0af1f56:192.168.69.118:36514, d10c8639-03b1-4f19-ac0f-6419d7578d59:192.168.69.118:37568], old=null
2019-10-21 23:03:19,376 [1244ca21-2158-4cc7-9e07-ba347e145504@group-C1C12825AC52-LeaderElection1097] INFO  impl.RaftServerImpl (RaftServerImpl.java:setRole(184)) - 1244ca21-2158-4cc7-9e07-ba347e145504@group-C1C12825AC52: changes role from CANDIDATE to FOLLOWER at term 24 for DISCOVERED_A_NEW_TERM
2019-10-21 23:03:19,376 [1244ca21-2158-4cc7-9e07-ba347e145504@group-C1C12825AC52-LeaderElection1097] INFO  impl.RoleInfo (RoleInfo.java:shutdownLeaderElection(134)) - 1244ca21-2158-4cc7-9e07-ba347e145504: shutdown LeaderElection
2019-10-21 23:03:19,376 [1244ca21-2158-4cc7-9e07-ba347e145504@group-C1C12825AC52-LeaderElection1097] INFO  impl.RoleInfo (RoleInfo.java:updateAndGet(143)) - 1244ca21-2158-4cc7-9e07-ba347e145504: start FollowerState
2019-10-21 23:03:19,387 [Thread-9620] INFO  impl.FollowerState (FollowerState.java:run(108)) - 1244ca21-2158-4cc7-9e07-ba347e145504@group-C1C12825AC52-FollowerState: change to CANDIDATE, lastRpcTime:10ms, electionTimeout:10ms
2019-10-21 23:03:19,387 [Thread-9620] INFO  impl.RoleInfo (RoleInfo.java:shutdownFollowerState(121)) - 1244ca21-2158-4cc7-9e07-ba347e145504: shutdown FollowerState
2019-10-21 23:03:19,387 [Thread-9620] INFO  impl.RaftServerImpl (RaftServerImpl.java:setRole(184)) - 1244ca21-2158-4cc7-9e07-ba347e145504@group-C1C12825AC52: changes role from  FOLLOWER to CANDIDATE at term 24 for changeToCandidate
2019-10-21 23:03:19,387 [Thread-9620] INFO  impl.RoleInfo (RoleInfo.java:updateAndGet(143)) - 1244ca21-2158-4cc7-9e07-ba347e145504: start LeaderElection
2019-10-21 23:03:19,404 [1244ca21-2158-4cc7-9e07-ba347e145504@group-C1C12825AC52-LeaderElection1098] INFO  impl.LeaderElection (LeaderElection.java:askForVotes(178)) - 1244ca21-2158-4cc7-9e07-ba347e145504@group-C1C12825AC52-LeaderElection1098: begin an election at term 25 for -1: [1244ca21-2158-4cc7-9e07-ba347e145504:192.168.69.118:43370, 7c107f1d-8592-48e3-af71-5982c0af1f56:192.168.69.118:36514, d10c8639-03b1-4f19-ac0f-6419d7578d59:192.168.69.118:37568], old=null
2019-10-21 23:03:19,408 [grpc-default-executor-6] INFO  impl.RaftServerImpl (RaftServerImpl.java:setRole(184)) - d10c8639-03b1-4f19-ac0f-6419d7578d59@group-C1C12825AC52: changes role from  FOLLOWER to FOLLOWER at term 25 for recognizeCandidate:1244ca21-2158-4cc7-9e07-ba347e145504
2019-10-21 23:03:19,408 [grpc-default-executor-6] INFO  impl.RoleInfo (RoleInfo.java:shutdownFollowerState(121)) - d10c8639-03b1-4f19-ac0f-6419d7578d59: shutdown FollowerState
2019-10-21 23:03:19,409 [grpc-default-executor-6] INFO  impl.RoleInfo (RoleInfo.java:updateAndGet(143)) - d10c8639-03b1-4f19-ac0f-6419d7578d59: start FollowerState
2019-10-21 23:03:19,409 [grpc-default-executor-8] INFO  impl.RaftServerImpl (RaftServerImpl.java:setRole(184)) - 7c107f1d-8592-48e3-af71-5982c0af1f56@group-C1C12825AC52: changes role from  FOLLOWER to FOLLOWER at term 25 for recognizeCandidate:1244ca21-2158-4cc7-9e07-ba347e145504
2019-10-21 23:03:19,409 [grpc-default-executor-8] INFO  impl.RoleInfo (RoleInfo.java:shutdownFollowerState(121)) - 7c107f1d-8592-48e3-af71-5982c0af1f56: shutdown FollowerState
2019-10-21 23:03:19,409 [Thread-9619] INFO  impl.FollowerState (FollowerState.java:run(117)) - d10c8639-03b1-4f19-ac0f-6419d7578d59@group-C1C12825AC52-FollowerState was interrupted: java.lang.InterruptedException: sleep interrupted
2019-10-21 23:03:19,409 [Thread-9618] INFO  impl.FollowerState (FollowerState.java:run(117)) - 7c107f1d-8592-48e3-af71-5982c0af1f56@group-C1C12825AC52-FollowerState was interrupted: java.lang.InterruptedException: sleep interrupted
2019-10-21 23:03:19,409 [grpc-default-executor-8] INFO  impl.RoleInfo (RoleInfo.java:updateAndGet(143)) - 7c107f1d-8592-48e3-af71-5982c0af1f56: start FollowerState
2019-10-21 23:03:19,433 [1244ca21-2158-4cc7-9e07-ba347e145504@group-C1C12825AC52-LeaderElection1098] INFO  impl.LeaderElection (LeaderElection.java:logAndReturn(56)) - 1244ca21-2158-4cc7-9e07-ba347e145504@group-C1C12825AC52-LeaderElection1098: Election REJECTED; received 2 response(s) [1244ca21-2158-4cc7-9e07-ba347e145504<-7c107f1d-8592-48e3-af71-5982c0af1f56#0:FAIL-t25, 1244ca21-2158-4cc7-9e07-ba347e145504<-d10c8639-03b1-4f19-ac0f-6419d7578d59#0:FAIL-t25] and 0 exception(s); 1244ca21-2158-4cc7-9e07-ba347e145504@group-C1C12825AC52:t25, leader=null, voted=1244ca21-2158-4cc7-9e07-ba347e145504, raftlog=1244ca21-2158-4cc7-9e07-ba347e145504@group-C1C12825AC52-SegmentedRaftLog:OPENED:c-1,f-1,i0, conf=-1: [1244ca21-2158-4cc7-9e07-ba347e145504:192.168.69.118:43370, 7c107f1d-8592-48e3-af71-5982c0af1f56:192.168.69.118:36514, d10c8639-03b1-4f19-ac0f-6419d7578d59:192.168.69.118:37568], old=null
2019-10-21 23:03:19,433 [1244ca21-2158-4cc7-9e07-ba347e145504@group-C1C12825AC52-LeaderElection1098] INFO  impl.RaftServerImpl (RaftServerImpl.java:setRole(184)) - 1244ca21-2158-4cc7-9e07-ba347e145504@group-C1C12825AC52: changes role from CANDIDATE to FOLLOWER at term 25 for DISCOVERED_A_NEW_TERM
2019-10-21 23:03:19,433 [1244ca21-2158-4cc7-9e07-ba347e145504@group-C1C12825AC52-LeaderElection1098] INFO  impl.RoleInfo (RoleInfo.java:shutdownLeaderElection(134)) - 1244ca21-2158-4cc7-9e07-ba347e145504: shutdown LeaderElection
2019-10-21 23:03:19,434 [1244ca21-2158-4cc7-9e07-ba347e145504@group-C1C12825AC52-LeaderElection1098] INFO  impl.RoleInfo (RoleInfo.java:updateAndGet(143)) - 1244ca21-2158-4cc7-9e07-ba347e145504: start FollowerState
2019-10-21 23:03:19,475 [Thread-9626] INFO  impl.FollowerState (FollowerState.java:run(108)) - 1244ca21-2158-4cc7-9e07-ba347e145504@group-C1C12825AC52-FollowerState: change to CANDIDATE, lastRpcTime:41ms, electionTimeout:41ms
2019-10-21 23:03:19,475 [Thread-9626] INFO  impl.RoleInfo (RoleInfo.java:shutdownFollowerState(121)) - 1244ca21-2158-4cc7-9e07-ba347e145504: shutdown FollowerState
2019-10-21 23:03:19,475 [Thread-9626] INFO  impl.RaftServerImpl (RaftServerImpl.java:setRole(184)) - 1244ca21-2158-4cc7-9e07-ba347e145504@group-C1C12825AC52: changes role from  FOLLOWER to CANDIDATE at term 25 for changeToCandidate
2019-10-21 23:03:19,475 [Thread-9626] INFO  impl.RoleInfo (RoleInfo.java:updateAndGet(143)) - 1244ca21-2158-4cc7-9e07-ba347e145504: start LeaderElection
2019-10-21 23:03:19,489 [1244ca21-2158-4cc7-9e07-ba347e145504@group-C1C12825AC52-LeaderElection1099] INFO  impl.LeaderElection (LeaderElection.java:askForVotes(178)) - 1244ca21-2158-4cc7-9e07-ba347e145504@group-C1C12825AC52-LeaderElection1099: begin an election at term 26 for -1: [1244ca21-2158-4cc7-9e07-ba347e145504:192.168.69.118:43370, 7c107f1d-8592-48e3-af71-5982c0af1f56:192.168.69.118:36514, d10c8639-03b1-4f19-ac0f-6419d7578d59:192.168.69.118:37568], old=null
2019-10-21 23:03:19,490 [grpc-default-executor-6] INFO  impl.RaftServerImpl (RaftServerImpl.java:setRole(184)) - 7c107f1d-8592-48e3-af71-5982c0af1f56@group-C1C12825AC52: changes role from  FOLLOWER to FOLLOWER at term 26 for recognizeCandidate:1244ca21-2158-4cc7-9e07-ba347e145504
2019-10-21 23:03:19,490 [grpc-default-executor-6] INFO  impl.RoleInfo (RoleInfo.java:shutdownFollowerState(121)) - 7c107f1d-8592-48e3-af71-5982c0af1f56: shutdown FollowerState
2019-10-21 23:03:19,490 [grpc-default-executor-6] INFO  impl.RoleInfo (RoleInfo.java:updateAndGet(143)) - 7c107f1d-8592-48e3-af71-5982c0af1f56: start FollowerState
2019-10-21 23:03:19,490 [Thread-9625] INFO  impl.FollowerState (FollowerState.java:run(117)) - 7c107f1d-8592-48e3-af71-5982c0af1f56@group-C1C12825AC52-FollowerState was interrupted: java.lang.InterruptedException: sleep interrupted
2019-10-21 23:03:19,490 [grpc-default-executor-8] INFO  impl.RaftServerImpl (RaftServerImpl.java:setRole(184)) - d10c8639-03b1-4f19-ac0f-6419d7578d59@group-C1C12825AC52: changes role from  FOLLOWER to FOLLOWER at term 26 for recognizeCandidate:1244ca21-2158-4cc7-9e07-ba347e145504
2019-10-21 23:03:19,491 [grpc-default-executor-8] INFO  impl.RoleInfo (RoleInfo.java:shutdownFollowerState(121)) - d10c8639-03b1-4f19-ac0f-6419d7578d59: shutdown FollowerState
2019-10-21 23:03:19,491 [grpc-default-executor-8] INFO  impl.RoleInfo (RoleInfo.java:updateAndGet(143)) - d10c8639-03b1-4f19-ac0f-6419d7578d59: start FollowerState
2019-10-21 23:03:19,491 [Thread-9624] INFO  impl.FollowerState (FollowerState.java:run(117)) - d10c8639-03b1-4f19-ac0f-6419d7578d59@group-C1C12825AC52-FollowerState was interrupted: java.lang.InterruptedException: sleep interrupted
2019-10-21 23:03:19,504 [1244ca21-2158-4cc7-9e07-ba347e145504@group-C1C12825AC52-LeaderElection1099] INFO  impl.LeaderElection (LeaderElection.java:logAndReturn(56)) - 1244ca21-2158-4cc7-9e07-ba347e145504@group-C1C12825AC52-LeaderElection1099: Election REJECTED; received 2 response(s) [1244ca21-2158-4cc7-9e07-ba347e145504<-7c107f1d-8592-48e3-af71-5982c0af1f56#0:FAIL-t26, 1244ca21-2158-4cc7-9e07-ba347e145504<-d10c8639-03b1-4f19-ac0f-6419d7578d59#0:FAIL-t26] and 0 exception(s); 1244ca21-2158-4cc7-9e07-ba347e145504@group-C1C12825AC52:t26, leader=null, voted=1244ca21-2158-4cc7-9e07-ba347e145504, raftlog=1244ca21-2158-4cc7-9e07-ba347e145504@group-C1C12825AC52-SegmentedRaftLog:OPENED:c-1,f-1,i0, conf=-1: [1244ca21-2158-4cc7-9e07-ba347e145504:192.168.69.118:43370, 7c107f1d-8592-48e3-af71-5982c0af1f56:192.168.69.118:36514, d10c8639-03b1-4f19-ac0f-6419d7578d59:192.168.69.118:37568], old=null
2019-10-21 23:03:19,505 [1244ca21-2158-4cc7-9e07-ba347e145504@group-C1C12825AC52-LeaderElection1099] INFO  impl.RaftServerImpl (RaftServerImpl.java:setRole(184)) - 1244ca21-2158-4cc7-9e07-ba347e145504@group-C1C12825AC52: changes role from CANDIDATE to FOLLOWER at term 26 for DISCOVERED_A_NEW_TERM
2019-10-21 23:03:19,505 [1244ca21-2158-4cc7-9e07-ba347e145504@group-C1C12825AC52-LeaderElection1099] INFO  impl.RoleInfo (RoleInfo.java:shutdownLeaderElection(134)) - 1244ca21-2158-4cc7-9e07-ba347e145504: shutdown LeaderElection
2019-10-21 23:03:19,505 [1244ca21-2158-4cc7-9e07-ba347e145504@group-C1C12825AC52-LeaderElection1099] INFO  impl.RoleInfo (RoleInfo.java:updateAndGet(143)) - 1244ca21-2158-4cc7-9e07-ba347e145504: start FollowerState
2019-10-21 23:03:19,547 [Thread-9632] INFO  impl.FollowerState (FollowerState.java:run(108)) - 1244ca21-2158-4cc7-9e07-ba347e145504@group-C1C12825AC52-FollowerState: change to CANDIDATE, lastRpcTime:42ms, electionTimeout:42ms
2019-10-21 23:03:19,547 [Thread-9632] INFO  impl.RoleInfo (RoleInfo.java:shutdownFollowerState(121)) - 1244ca21-2158-4cc7-9e07-ba347e145504: shutdown FollowerState
2019-10-21 23:03:19,547 [Thread-9632] INFO  impl.RaftServerImpl (RaftServerImpl.java:setRole(184)) - 1244ca21-2158-4cc7-9e07-ba347e145504@group-C1C12825AC52: changes role from  FOLLOWER to CANDIDATE at term 26 for changeToCandidate
2019-10-21 23:03:19,547 [Thread-9632] INFO  impl.RoleInfo (RoleInfo.java:updateAndGet(143)) - 1244ca21-2158-4cc7-9e07-ba347e145504: start LeaderElection
2019-10-21 23:03:19,562 [1244ca21-2158-4cc7-9e07-ba347e145504@group-C1C12825AC52-LeaderElection1100] INFO  impl.LeaderElection (LeaderElection.java:askForVotes(178)) - 1244ca21-2158-4cc7-9e07-ba347e145504@group-C1C12825AC52-LeaderElection1100: begin an election at term 27 for -1: [1244ca21-2158-4cc7-9e07-ba347e145504:192.168.69.118:43370, 7c107f1d-8592-48e3-af71-5982c0af1f56:192.168.69.118:36514, d10c8639-03b1-4f19-ac0f-6419d7578d59:192.168.69.118:37568], old=null
2019-10-21 23:03:19,564 [grpc-default-executor-6] INFO  impl.RaftServerImpl (RaftServerImpl.java:setRole(184)) - 7c107f1d-8592-48e3-af71-5982c0af1f56@group-C1C12825AC52: changes role from  FOLLOWER to FOLLOWER at term 27 for recognizeCandidate:1244ca21-2158-4cc7-9e07-ba347e145504
2019-10-21 23:03:19,564 [grpc-default-executor-6] INFO  impl.RoleInfo (RoleInfo.java:shutdownFollowerState(121)) - 7c107f1d-8592-48e3-af71-5982c0af1f56: shutdown FollowerState
2019-10-21 23:03:19,564 [grpc-default-executor-8] INFO  impl.RaftServerImpl (RaftServerImpl.java:setRole(184)) - d10c8639-03b1-4f19-ac0f-6419d7578d59@group-C1C12825AC52: changes role from  FOLLOWER to FOLLOWER at term 27 for recognizeCandidate:1244ca21-2158-4cc7-9e07-ba347e145504
2019-10-21 23:03:19,564 [grpc-default-executor-8] INFO  impl.RoleInfo (RoleInfo.java:shutdownFollowerState(121)) - d10c8639-03b1-4f19-ac0f-6419d7578d59: shutdown FollowerState
2019-10-21 23:03:19,564 [grpc-default-executor-6] INFO  impl.RoleInfo (RoleInfo.java:updateAndGet(143)) - 7c107f1d-8592-48e3-af71-5982c0af1f56: start FollowerState
2019-10-21 23:03:19,564 [Thread-9630] INFO  impl.FollowerState (FollowerState.java:run(117)) - 7c107f1d-8592-48e3-af71-5982c0af1f56@group-C1C12825AC52-FollowerState was interrupted: java.lang.InterruptedException: sleep interrupted
2019-10-21 23:03:19,564 [Thread-9631] INFO  impl.FollowerState (FollowerState.java:run(117)) - d10c8639-03b1-4f19-ac0f-6419d7578d59@group-C1C12825AC52-FollowerState was interrupted: java.lang.InterruptedException: sleep interrupted
2019-10-21 23:03:19,564 [grpc-default-executor-8] INFO  impl.RoleInfo (RoleInfo.java:updateAndGet(143)) - d10c8639-03b1-4f19-ac0f-6419d7578d59: start FollowerState
2019-10-21 23:03:19,578 [1244ca21-2158-4cc7-9e07-ba347e145504@group-C1C12825AC52-LeaderElection1100] INFO  impl.LeaderElection (LeaderElection.java:logAndReturn(56)) - 1244ca21-2158-4cc7-9e07-ba347e145504@group-C1C12825AC52-LeaderElection1100: Election REJECTED; received 2 response(s) [1244ca21-2158-4cc7-9e07-ba347e145504<-7c107f1d-8592-48e3-af71-5982c0af1f56#0:FAIL-t27, 1244ca21-2158-4cc7-9e07-ba347e145504<-d10c8639-03b1-4f19-ac0f-6419d7578d59#0:FAIL-t27] and 0 exception(s); 1244ca21-2158-4cc7-9e07-ba347e145504@group-C1C12825AC52:t27, leader=null, voted=1244ca21-2158-4cc7-9e07-ba347e145504, raftlog=1244ca21-2158-4cc7-9e07-ba347e145504@group-C1C12825AC52-SegmentedRaftLog:OPENED:c-1,f-1,i0, conf=-1: [1244ca21-2158-4cc7-9e07-ba347e145504:192.168.69.118:43370, 7c107f1d-8592-48e3-af71-5982c0af1f56:192.168.69.118:36514, d10c8639-03b1-4f19-ac0f-6419d7578d59:192.168.69.118:37568], old=null
2019-10-21 23:03:19,578 [1244ca21-2158-4cc7-9e07-ba347e145504@group-C1C12825AC52-LeaderElection1100] INFO  impl.RaftServerImpl (RaftServerImpl.java:setRole(184)) - 1244ca21-2158-4cc7-9e07-ba347e145504@group-C1C12825AC52: changes role from CANDIDATE to FOLLOWER at term 27 for DISCOVERED_A_NEW_TERM
2019-10-21 23:03:19,578 [1244ca21-2158-4cc7-9e07-ba347e145504@group-C1C12825AC52-LeaderElection1100] INFO  impl.RoleInfo (RoleInfo.java:shutdownLeaderElection(134)) - 1244ca21-2158-4cc7-9e07-ba347e145504: shutdown LeaderElection
2019-10-21 23:03:19,578 [1244ca21-2158-4cc7-9e07-ba347e145504@group-C1C12825AC52-LeaderElection1100] INFO  impl.RoleInfo (RoleInfo.java:updateAndGet(143)) - 1244ca21-2158-4cc7-9e07-ba347e145504: start FollowerState
2019-10-21 23:03:19,670 [Thread-9638] INFO  impl.FollowerState (FollowerState.java:run(108)) - 1244ca21-2158-4cc7-9e07-ba347e145504@group-C1C12825AC52-FollowerState: change to CANDIDATE, lastRpcTime:92ms, electionTimeout:92ms
2019-10-21 23:03:19,670 [Thread-9638] INFO  impl.RoleInfo (RoleInfo.java:shutdownFollowerState(121)) - 1244ca21-2158-4cc7-9e07-ba347e145504: shutdown FollowerState
2019-10-21 23:03:19,670 [Thread-9638] INFO  impl.RaftServerImpl (RaftServerImpl.java:setRole(184)) - 1244ca21-2158-4cc7-9e07-ba347e145504@group-C1C12825AC52: changes role from  FOLLOWER to CANDIDATE at term 27 for changeToCandidate
2019-10-21 23:03:19,670 [Thread-9638] INFO  impl.RoleInfo (RoleInfo.java:updateAndGet(143)) - 1244ca21-2158-4cc7-9e07-ba347e145504: start LeaderElection
2019-10-21 23:03:19,689 [1244ca21-2158-4cc7-9e07-ba347e145504@group-C1C12825AC52-LeaderElection1101] INFO  impl.LeaderElection (LeaderElection.java:askForVotes(178)) - 1244ca21-2158-4cc7-9e07-ba347e145504@group-C1C12825AC52-LeaderElection1101: begin an election at term 28 for -1: [1244ca21-2158-4cc7-9e07-ba347e145504:192.168.69.118:43370, 7c107f1d-8592-48e3-af71-5982c0af1f56:192.168.69.118:36514, d10c8639-03b1-4f19-ac0f-6419d7578d59:192.168.69.118:37568], old=null
2019-10-21 23:03:19,690 [grpc-default-executor-8] INFO  impl.RaftServerImpl (RaftServerImpl.java:setRole(184)) - d10c8639-03b1-4f19-ac0f-6419d7578d59@group-C1C12825AC52: changes role from  FOLLOWER to FOLLOWER at term 28 for recognizeCandidate:1244ca21-2158-4cc7-9e07-ba347e145504
2019-10-21 23:03:19,690 [grpc-default-executor-8] INFO  impl.RoleInfo (RoleInfo.java:shutdownFollowerState(121)) - d10c8639-03b1-4f19-ac0f-6419d7578d59: shutdown FollowerState
2019-10-21 23:03:19,690 [grpc-default-executor-6] INFO  impl.RaftServerImpl (RaftServerImpl.java:setRole(184)) - 7c107f1d-8592-48e3-af71-5982c0af1f56@group-C1C12825AC52: changes role from  FOLLOWER to FOLLOWER at term 28 for recognizeCandidate:1244ca21-2158-4cc7-9e07-ba347e145504
2019-10-21 23:03:19,690 [Thread-9637] INFO  impl.FollowerState (FollowerState.java:run(117)) - d10c8639-03b1-4f19-ac0f-6419d7578d59@group-C1C12825AC52-FollowerState was interrupted: java.lang.InterruptedException: sleep interrupted
2019-10-21 23:03:19,690 [grpc-default-executor-8] INFO  impl.RoleInfo (RoleInfo.java:updateAndGet(143)) - d10c8639-03b1-4f19-ac0f-6419d7578d59: start FollowerState
2019-10-21 23:03:19,690 [grpc-default-executor-6] INFO  impl.RoleInfo (RoleInfo.java:shutdownFollowerState(121)) - 7c107f1d-8592-48e3-af71-5982c0af1f56: shutdown FollowerState
2019-10-21 23:03:19,691 [grpc-default-executor-6] INFO  impl.RoleInfo (RoleInfo.java:updateAndGet(143)) - 7c107f1d-8592-48e3-af71-5982c0af1f56: start FollowerState
2019-10-21 23:03:19,691 [Thread-9636] INFO  impl.FollowerState (FollowerState.java:run(117)) - 7c107f1d-8592-48e3-af71-5982c0af1f56@group-C1C12825AC52-FollowerState was interrupted: java.lang.InterruptedException: sleep interrupted
2019-10-21 23:03:19,709 [1244ca21-2158-4cc7-9e07-ba347e145504@group-C1C12825AC52-LeaderElection1101] INFO  impl.LeaderElection (LeaderElection.java:logAndReturn(56)) - 1244ca21-2158-4cc7-9e07-ba347e145504@group-C1C12825AC52-LeaderElection1101: Election REJECTED; received 2 response(s) [1244ca21-2158-4cc7-9e07-ba347e145504<-7c107f1d-8592-48e3-af71-5982c0af1f56#0:FAIL-t28, 1244ca21-2158-4cc7-9e07-ba347e145504<-d10c8639-03b1-4f19-ac0f-6419d7578d59#0:FAIL-t28] and 0 exception(s); 1244ca21-2158-4cc7-9e07-ba347e145504@group-C1C12825AC52:t28, leader=null, voted=1244ca21-2158-4cc7-9e07-ba347e145504, raftlog=1244ca21-2158-4cc7-9e07-ba347e145504@group-C1C12825AC52-SegmentedRaftLog:OPENED:c-1,f-1,i0, conf=-1: [1244ca21-2158-4cc7-9e07-ba347e145504:192.168.69.118:43370, 7c107f1d-8592-48e3-af71-5982c0af1f56:192.168.69.118:36514, d10c8639-03b1-4f19-ac0f-6419d7578d59:192.168.69.118:37568], old=null
2019-10-21 23:03:19,710 [1244ca21-2158-4cc7-9e07-ba347e145504@group-C1C12825AC52-LeaderElection1101] INFO  impl.RaftServerImpl (RaftServerImpl.java:setRole(184)) - 1244ca21-2158-4cc7-9e07-ba347e145504@group-C1C12825AC52: changes role from CANDIDATE to FOLLOWER at term 28 for DISCOVERED_A_NEW_TERM
2019-10-21 23:03:19,710 [1244ca21-2158-4cc7-9e07-ba347e145504@group-C1C12825AC52-LeaderElection1101] INFO  impl.RoleInfo (RoleInfo.java:shutdownLeaderElection(134)) - 1244ca21-2158-4cc7-9e07-ba347e145504: shutdown LeaderElection
2019-10-21 23:03:19,710 [1244ca21-2158-4cc7-9e07-ba347e145504@group-C1C12825AC52-LeaderElection1101] INFO  impl.RoleInfo (RoleInfo.java:updateAndGet(143)) - 1244ca21-2158-4cc7-9e07-ba347e145504: start FollowerState
2019-10-21 23:03:19,791 [Thread-9648] INFO  impl.FollowerState (FollowerState.java:run(108)) - 1244ca21-2158-4cc7-9e07-ba347e145504@group-C1C12825AC52-FollowerState: change to CANDIDATE, lastRpcTime:81ms, electionTimeout:81ms
2019-10-21 23:03:19,791 [Thread-9648] INFO  impl.RoleInfo (RoleInfo.java:shutdownFollowerState(121)) - 1244ca21-2158-4cc7-9e07-ba347e145504: shutdown FollowerState
2019-10-21 23:03:19,791 [Thread-9648] INFO  impl.RaftServerImpl (RaftServerImpl.java:setRole(184)) - 1244ca21-2158-4cc7-9e07-ba347e145504@group-C1C12825AC52: changes role from  FOLLOWER to CANDIDATE at term 28 for changeToCandidate
2019-10-21 23:03:19,791 [Thread-9648] INFO  impl.RoleInfo (RoleInfo.java:updateAndGet(143)) - 1244ca21-2158-4cc7-9e07-ba347e145504: start LeaderElection
2019-10-21 23:03:19,804 [1244ca21-2158-4cc7-9e07-ba347e145504@group-C1C12825AC52-LeaderElection1102] INFO  impl.LeaderElection (LeaderElection.java:askForVotes(178)) - 1244ca21-2158-4cc7-9e07-ba347e145504@group-C1C12825AC52-LeaderElection1102: begin an election at term 29 for -1: [1244ca21-2158-4cc7-9e07-ba347e145504:192.168.69.118:43370, 7c107f1d-8592-48e3-af71-5982c0af1f56:192.168.69.118:36514, d10c8639-03b1-4f19-ac0f-6419d7578d59:192.168.69.118:37568], old=null
2019-10-21 23:03:19,805 [grpc-default-executor-6] INFO  impl.RaftServerImpl (RaftServerImpl.java:setRole(184)) - 7c107f1d-8592-48e3-af71-5982c0af1f56@group-C1C12825AC52: changes role from  FOLLOWER to FOLLOWER at term 29 for recognizeCandidate:1244ca21-2158-4cc7-9e07-ba347e145504
2019-10-21 23:03:19,806 [grpc-default-executor-6] INFO  impl.RoleInfo (RoleInfo.java:shutdownFollowerState(121)) - 7c107f1d-8592-48e3-af71-5982c0af1f56: shutdown FollowerState
2019-10-21 23:03:19,806 [grpc-default-executor-6] INFO  impl.RoleInfo (RoleInfo.java:updateAndGet(143)) - 7c107f1d-8592-48e3-af71-5982c0af1f56: start FollowerState
2019-10-21 23:03:19,806 [Thread-9647] INFO  impl.FollowerState (FollowerState.java:run(117)) - 7c107f1d-8592-48e3-af71-5982c0af1f56@group-C1C12825AC52-FollowerState was interrupted: java.lang.InterruptedException: sleep interrupted
2019-10-21 23:03:19,806 [grpc-default-executor-8] INFO  impl.RaftServerImpl (RaftServerImpl.java:setRole(184)) - d10c8639-03b1-4f19-ac0f-6419d7578d59@group-C1C12825AC52: changes role from  FOLLOWER to FOLLOWER at term 29 for recognizeCandidate:1244ca21-2158-4cc7-9e07-ba347e145504
2019-10-21 23:03:19,806 [grpc-default-executor-8] INFO  impl.RoleInfo (RoleInfo.java:shutdownFollowerState(121)) - d10c8639-03b1-4f19-ac0f-6419d7578d59: shutdown FollowerState
2019-10-21 23:03:19,806 [grpc-default-executor-8] INFO  impl.RoleInfo (RoleInfo.java:updateAndGet(143)) - d10c8639-03b1-4f19-ac0f-6419d7578d59: start FollowerState
2019-10-21 23:03:19,806 [Thread-9646] INFO  impl.FollowerState (FollowerState.java:run(117)) - d10c8639-03b1-4f19-ac0f-6419d7578d59@group-C1C12825AC52-FollowerState was interrupted: java.lang.InterruptedException: sleep interrupted
2019-10-21 23:03:19,820 [1244ca21-2158-4cc7-9e07-ba347e145504@group-C1C12825AC52-LeaderElection1102] INFO  impl.LeaderElection (LeaderElection.java:logAndReturn(56)) - 1244ca21-2158-4cc7-9e07-ba347e145504@group-C1C12825AC52-LeaderElection1102: Election REJECTED; received 2 response(s) [1244ca21-2158-4cc7-9e07-ba347e145504<-7c107f1d-8592-48e3-af71-5982c0af1f56#0:FAIL-t29, 1244ca21-2158-4cc7-9e07-ba347e145504<-d10c8639-03b1-4f19-ac0f-6419d7578d59#0:FAIL-t29] and 0 exception(s); 1244ca21-2158-4cc7-9e07-ba347e145504@group-C1C12825AC52:t29, leader=null, voted=1244ca21-2158-4cc7-9e07-ba347e145504, raftlog=1244ca21-2158-4cc7-9e07-ba347e145504@group-C1C12825AC52-SegmentedRaftLog:OPENED:c-1,f-1,i0, conf=-1: [1244ca21-2158-4cc7-9e07-ba347e145504:192.168.69.118:43370, 7c107f1d-8592-48e3-af71-5982c0af1f56:192.168.69.118:36514, d10c8639-03b1-4f19-ac0f-6419d7578d59:192.168.69.118:37568], old=null
2019-10-21 23:03:19,820 [1244ca21-2158-4cc7-9e07-ba347e145504@group-C1C12825AC52-LeaderElection1102] INFO  impl.RaftServerImpl (RaftServerImpl.java:setRole(184)) - 1244ca21-2158-4cc7-9e07-ba347e145504@group-C1C12825AC52: changes role from CANDIDATE to FOLLOWER at term 29 for DISCOVERED_A_NEW_TERM
2019-10-21 23:03:19,820 [1244ca21-2158-4cc7-9e07-ba347e145504@group-C1C12825AC52-LeaderElection1102] INFO  impl.RoleInfo (RoleInfo.java:shutdownLeaderElection(134)) - 1244ca21-2158-4cc7-9e07-ba347e145504: shutdown LeaderElection
2019-10-21 23:03:19,820 [1244ca21-2158-4cc7-9e07-ba347e145504@group-C1C12825AC52-LeaderElection1102] INFO  impl.RoleInfo (RoleInfo.java:updateAndGet(143)) - 1244ca21-2158-4cc7-9e07-ba347e145504: start FollowerState
2019-10-21 23:03:19,855 [Thread-9654] INFO  impl.FollowerState (FollowerState.java:run(108)) - 1244ca21-2158-4cc7-9e07-ba347e145504@group-C1C12825AC52-FollowerState: change to CANDIDATE, lastRpcTime:35ms, electionTimeout:35ms
2019-10-21 23:03:19,855 [Thread-9654] INFO  impl.RoleInfo (RoleInfo.java:shutdownFollowerState(121)) - 1244ca21-2158-4cc7-9e07-ba347e145504: shutdown FollowerState
2019-10-21 23:03:19,855 [Thread-9654] INFO  impl.RaftServerImpl (RaftServerImpl.java:setRole(184)) - 1244ca21-2158-4cc7-9e07-ba347e145504@group-C1C12825AC52: changes role from  FOLLOWER to CANDIDATE at term 29 for changeToCandidate
2019-10-21 23:03:19,855 [Thread-9654] INFO  impl.RoleInfo (RoleInfo.java:updateAndGet(143)) - 1244ca21-2158-4cc7-9e07-ba347e145504: start LeaderElection
2019-10-21 23:03:19,870 [1244ca21-2158-4cc7-9e07-ba347e145504@group-C1C12825AC52-LeaderElection1103] INFO  impl.LeaderElection (LeaderElection.java:askForVotes(178)) - 1244ca21-2158-4cc7-9e07-ba347e145504@group-C1C12825AC52-LeaderElection1103: begin an election at term 30 for -1: [1244ca21-2158-4cc7-9e07-ba347e145504:192.168.69.118:43370, 7c107f1d-8592-48e3-af71-5982c0af1f56:192.168.69.118:36514, d10c8639-03b1-4f19-ac0f-6419d7578d59:192.168.69.118:37568], old=null
2019-10-21 23:03:19,870 [grpc-default-executor-8] INFO  impl.RaftServerImpl (RaftServerImpl.java:setRole(184)) - 7c107f1d-8592-48e3-af71-5982c0af1f56@group-C1C12825AC52: changes role from  FOLLOWER to FOLLOWER at term 30 for recognizeCandidate:1244ca21-2158-4cc7-9e07-ba347e145504
2019-10-21 23:03:19,870 [grpc-default-executor-6] INFO  impl.RaftServerImpl (RaftServerImpl.java:setRole(184)) - d10c8639-03b1-4f19-ac0f-6419d7578d59@group-C1C12825AC52: changes role from  FOLLOWER to FOLLOWER at term 30 for recognizeCandidate:1244ca21-2158-4cc7-9e07-ba347e145504
2019-10-21 23:03:19,871 [grpc-default-executor-6] INFO  impl.RoleInfo (RoleInfo.java:shutdownFollowerState(121)) - d10c8639-03b1-4f19-ac0f-6419d7578d59: shutdown FollowerState
2019-10-21 23:03:19,871 [grpc-default-executor-8] INFO  impl.RoleInfo (RoleInfo.java:shutdownFollowerState(121)) - 7c107f1d-8592-48e3-af71-5982c0af1f56: shutdown FollowerState
2019-10-21 23:03:19,871 [Thread-9653] INFO  impl.FollowerState (FollowerState.java:run(117)) - d10c8639-03b1-4f19-ac0f-6419d7578d59@group-C1C12825AC52-FollowerState was interrupted: java.lang.InterruptedException: sleep interrupted
2019-10-21 23:03:19,871 [grpc-default-executor-6] INFO  impl.RoleInfo (RoleInfo.java:updateAndGet(143)) - d10c8639-03b1-4f19-ac0f-6419d7578d59: start FollowerState
2019-10-21 23:03:19,871 [Thread-9652] INFO  impl.FollowerState (FollowerState.java:run(117)) - 7c107f1d-8592-48e3-af71-5982c0af1f56@group-C1C12825AC52-FollowerState was interrupted: java.lang.InterruptedException: sleep interrupted
2019-10-21 23:03:19,871 [grpc-default-executor-8] INFO  impl.RoleInfo (RoleInfo.java:updateAndGet(143)) - 7c107f1d-8592-48e3-af71-5982c0af1f56: start FollowerState
2019-10-21 23:03:19,896 [1244ca21-2158-4cc7-9e07-ba347e145504@group-C1C12825AC52-LeaderElection1103] INFO  impl.LeaderElection (LeaderElection.java:logAndReturn(56)) - 1244ca21-2158-4cc7-9e07-ba347e145504@group-C1C12825AC52-LeaderElection1103: Election REJECTED; received 2 response(s) [1244ca21-2158-4cc7-9e07-ba347e145504<-7c107f1d-8592-48e3-af71-5982c0af1f56#0:FAIL-t30, 1244ca21-2158-4cc7-9e07-ba347e145504<-d10c8639-03b1-4f19-ac0f-6419d7578d59#0:FAIL-t30] and 0 exception(s); 1244ca21-2158-4cc7-9e07-ba347e145504@group-C1C12825AC52:t30, leader=null, voted=1244ca21-2158-4cc7-9e07-ba347e145504, raftlog=1244ca21-2158-4cc7-9e07-ba347e145504@group-C1C12825AC52-SegmentedRaftLog:OPENED:c-1,f-1,i0, conf=-1: [1244ca21-2158-4cc7-9e07-ba347e145504:192.168.69.118:43370, 7c107f1d-8592-48e3-af71-5982c0af1f56:192.168.69.118:36514, d10c8639-03b1-4f19-ac0f-6419d7578d59:192.168.69.118:37568], old=null
2019-10-21 23:03:19,897 [1244ca21-2158-4cc7-9e07-ba347e145504@group-C1C12825AC52-LeaderElection1103] INFO  impl.RaftServerImpl (RaftServerImpl.java:setRole(184)) - 1244ca21-2158-4cc7-9e07-ba347e145504@group-C1C12825AC52: changes role from CANDIDATE to FOLLOWER at term 30 for DISCOVERED_A_NEW_TERM
2019-10-21 23:03:19,897 [1244ca21-2158-4cc7-9e07-ba347e145504@group-C1C12825AC52-LeaderElection1103] INFO  impl.RoleInfo (RoleInfo.java:shutdownLeaderElection(134)) - 1244ca21-2158-4cc7-9e07-ba347e145504: shutdown LeaderElection
2019-10-21 23:03:19,897 [1244ca21-2158-4cc7-9e07-ba347e145504@group-C1C12825AC52-LeaderElection1103] INFO  impl.RoleInfo (RoleInfo.java:updateAndGet(143)) - 1244ca21-2158-4cc7-9e07-ba347e145504: start FollowerState
2019-10-21 23:03:20,009 [Thread-9660] INFO  impl.FollowerState (FollowerState.java:run(108)) - 1244ca21-2158-4cc7-9e07-ba347e145504@group-C1C12825AC52-FollowerState: change to CANDIDATE, lastRpcTime:112ms, electionTimeout:112ms
2019-10-21 23:03:20,009 [Thread-9660] INFO  impl.RoleInfo (RoleInfo.java:shutdownFollowerState(121)) - 1244ca21-2158-4cc7-9e07-ba347e145504: shutdown FollowerState
2019-10-21 23:03:20,009 [Thread-9660] INFO  impl.RaftServerImpl (RaftServerImpl.java:setRole(184)) - 1244ca21-2158-4cc7-9e07-ba347e145504@group-C1C12825AC52: changes role from  FOLLOWER to CANDIDATE at term 30 for changeToCandidate
2019-10-21 23:03:20,010 [Thread-9660] INFO  impl.RoleInfo (RoleInfo.java:updateAndGet(143)) - 1244ca21-2158-4cc7-9e07-ba347e145504: start LeaderElection
2019-10-21 23:03:20,013 [1244ca21-2158-4cc7-9e07-ba347e145504@group-C1C12825AC52-LeaderElection1104] INFO  impl.LeaderElection (LeaderElection.java:askForVotes(178)) - 1244ca21-2158-4cc7-9e07-ba347e145504@group-C1C12825AC52-LeaderElection1104: begin an election at term 31 for -1: [1244ca21-2158-4cc7-9e07-ba347e145504:192.168.69.118:43370, 7c107f1d-8592-48e3-af71-5982c0af1f56:192.168.69.118:36514, d10c8639-03b1-4f19-ac0f-6419d7578d59:192.168.69.118:37568], old=null
2019-10-21 23:03:20,015 [grpc-default-executor-6] INFO  impl.RaftServerImpl (RaftServerImpl.java:setRole(184)) - 7c107f1d-8592-48e3-af71-5982c0af1f56@group-C1C12825AC52: changes role from  FOLLOWER to FOLLOWER at term 31 for recognizeCandidate:1244ca21-2158-4cc7-9e07-ba347e145504
2019-10-21 23:03:20,015 [grpc-default-executor-8] INFO  impl.RaftServerImpl (RaftServerImpl.java:setRole(184)) - d10c8639-03b1-4f19-ac0f-6419d7578d59@group-C1C12825AC52: changes role from  FOLLOWER to FOLLOWER at term 31 for recognizeCandidate:1244ca21-2158-4cc7-9e07-ba347e145504
2019-10-21 23:03:20,015 [grpc-default-executor-6] INFO  impl.RoleInfo (RoleInfo.java:shutdownFollowerState(121)) - 7c107f1d-8592-48e3-af71-5982c0af1f56: shutdown FollowerState
2019-10-21 23:03:20,015 [grpc-default-executor-8] INFO  impl.RoleInfo (RoleInfo.java:shutdownFollowerState(121)) - d10c8639-03b1-4f19-ac0f-6419d7578d59: shutdown FollowerState
2019-10-21 23:03:20,015 [Thread-9659] INFO  impl.FollowerState (FollowerState.java:run(117)) - 7c107f1d-8592-48e3-af71-5982c0af1f56@group-C1C12825AC52-FollowerState was interrupted: java.lang.InterruptedException: sleep interrupted
2019-10-21 23:03:20,016 [Thread-9658] INFO  impl.FollowerState (FollowerState.java:run(117)) - d10c8639-03b1-4f19-ac0f-6419d7578d59@group-C1C12825AC52-FollowerState was interrupted: java.lang.InterruptedException: sleep interrupted
2019-10-21 23:03:20,015 [grpc-default-executor-6] INFO  impl.RoleInfo (RoleInfo.java:updateAndGet(143)) - 7c107f1d-8592-48e3-af71-5982c0af1f56: start FollowerState
2019-10-21 23:03:20,016 [grpc-default-executor-8] INFO  impl.RoleInfo (RoleInfo.java:updateAndGet(143)) - d10c8639-03b1-4f19-ac0f-6419d7578d59: start FollowerState
2019-10-21 23:03:20,030 [1244ca21-2158-4cc7-9e07-ba347e145504@group-C1C12825AC52-LeaderElection1104] INFO  impl.LeaderElection (LeaderElection.java:logAndReturn(56)) - 1244ca21-2158-4cc7-9e07-ba347e145504@group-C1C12825AC52-LeaderElection1104: Election REJECTED; received 2 response(s) [1244ca21-2158-4cc7-9e07-ba347e145504<-7c107f1d-8592-48e3-af71-5982c0af1f56#0:FAIL-t31, 1244ca21-2158-4cc7-9e07-ba347e145504<-d10c8639-03b1-4f19-ac0f-6419d7578d59#0:FAIL-t31] and 0 exception(s); 1244ca21-2158-4cc7-9e07-ba347e145504@group-C1C12825AC52:t31, leader=null, voted=1244ca21-2158-4cc7-9e07-ba347e145504, raftlog=1244ca21-2158-4cc7-9e07-ba347e145504@group-C1C12825AC52-SegmentedRaftLog:OPENED:c-1,f-1,i0, conf=-1: [1244ca21-2158-4cc7-9e07-ba347e145504:192.168.69.118:43370, 7c107f1d-8592-48e3-af71-5982c0af1f56:192.168.69.118:36514, d10c8639-03b1-4f19-ac0f-6419d7578d59:192.168.69.118:37568], old=null
2019-10-21 23:03:20,030 [1244ca21-2158-4cc7-9e07-ba347e145504@group-C1C12825AC52-LeaderElection1104] INFO  impl.RaftServerImpl (RaftServerImpl.java:setRole(184)) - 1244ca21-2158-4cc7-9e07-ba347e145504@group-C1C12825AC52: changes role from CANDIDATE to FOLLOWER at term 31 for DISCOVERED_A_NEW_TERM
2019-10-21 23:03:20,030 [1244ca21-2158-4cc7-9e07-ba347e145504@group-C1C12825AC52-LeaderElection1104] INFO  impl.RoleInfo (RoleInfo.java:shutdownLeaderElection(134)) - 1244ca21-2158-4cc7-9e07-ba347e145504: shutdown LeaderElection
2019-10-21 23:03:20,030 [1244ca21-2158-4cc7-9e07-ba347e145504@group-C1C12825AC52-LeaderElection1104] INFO  impl.RoleInfo (RoleInfo.java:updateAndGet(143)) - 1244ca21-2158-4cc7-9e07-ba347e145504: start FollowerState
2019-10-21 23:03:20,120 [Thread-9666] INFO  impl.FollowerState (FollowerState.java:run(108)) - 1244ca21-2158-4cc7-9e07-ba347e145504@group-C1C12825AC52-FollowerState: change to CANDIDATE, lastRpcTime:89ms, electionTimeout:89ms
2019-10-21 23:03:20,120 [Thread-9666] INFO  impl.RoleInfo (RoleInfo.java:shutdownFollowerState(121)) - 1244ca21-2158-4cc7-9e07-ba347e145504: shutdown FollowerState
2019-10-21 23:03:20,120 [Thread-9666] INFO  impl.RaftServerImpl (RaftServerImpl.java:setRole(184)) - 1244ca21-2158-4cc7-9e07-ba347e145504@group-C1C12825AC52: changes role from  FOLLOWER to CANDIDATE at term 31 for changeToCandidate
2019-10-21 23:03:20,120 [Thread-9666] INFO  impl.RoleInfo (RoleInfo.java:updateAndGet(143)) - 1244ca21-2158-4cc7-9e07-ba347e145504: start LeaderElection
2019-10-21 23:03:20,134 [1244ca21-2158-4cc7-9e07-ba347e145504@group-C1C12825AC52-LeaderElection1105] INFO  impl.LeaderElection (LeaderElection.java:askForVotes(178)) - 1244ca21-2158-4cc7-9e07-ba347e145504@group-C1C12825AC52-LeaderElection1105: begin an election at term 32 for -1: [1244ca21-2158-4cc7-9e07-ba347e145504:192.168.69.118:43370, 7c107f1d-8592-48e3-af71-5982c0af1f56:192.168.69.118:36514, d10c8639-03b1-4f19-ac0f-6419d7578d59:192.168.69.118:37568], old=null
2019-10-21 23:03:20,135 [grpc-default-executor-8] INFO  impl.RaftServerImpl (RaftServerImpl.java:setRole(184)) - 7c107f1d-8592-48e3-af71-5982c0af1f56@group-C1C12825AC52: changes role from  FOLLOWER to FOLLOWER at term 32 for recognizeCandidate:1244ca21-2158-4cc7-9e07-ba347e145504
2019-10-21 23:03:20,135 [grpc-default-executor-8] INFO  impl.RoleInfo (RoleInfo.java:shutdownFollowerState(121)) - 7c107f1d-8592-48e3-af71-5982c0af1f56: shutdown FollowerState
2019-10-21 23:03:20,135 [grpc-default-executor-6] INFO  impl.RaftServerImpl (RaftServerImpl.java:setRole(184)) - d10c8639-03b1-4f19-ac0f-6419d7578d59@group-C1C12825AC52: changes role from  FOLLOWER to FOLLOWER at term 32 for recognizeCandidate:1244ca21-2158-4cc7-9e07-ba347e145504
2019-10-21 23:03:20,135 [Thread-9664] INFO  impl.FollowerState (FollowerState.java:run(117)) - 7c107f1d-8592-48e3-af71-5982c0af1f56@group-C1C12825AC52-FollowerState was interrupted: java.lang.InterruptedException: sleep interrupted
2019-10-21 23:03:20,135 [grpc-default-executor-8] INFO  impl.RoleInfo (RoleInfo.java:updateAndGet(143)) - 7c107f1d-8592-48e3-af71-5982c0af1f56: start FollowerState
2019-10-21 23:03:20,135 [grpc-default-executor-6] INFO  impl.RoleInfo (RoleInfo.java:shutdownFollowerState(121)) - d10c8639-03b1-4f19-ac0f-6419d7578d59: shutdown FollowerState
2019-10-21 23:03:20,136 [grpc-default-executor-6] INFO  impl.RoleInfo (RoleInfo.java:updateAndGet(143)) - d10c8639-03b1-4f19-ac0f-6419d7578d59: start FollowerState
2019-10-21 23:03:20,136 [Thread-9665] INFO  impl.FollowerState (FollowerState.java:run(117)) - d10c8639-03b1-4f19-ac0f-6419d7578d59@group-C1C12825AC52-FollowerState was interrupted: java.lang.InterruptedException: sleep interrupted
2019-10-21 23:03:20,149 [1244ca21-2158-4cc7-9e07-ba347e145504@group-C1C12825AC52-LeaderElection1105] INFO  impl.LeaderElection (LeaderElection.java:logAndReturn(56)) - 1244ca21-2158-4cc7-9e07-ba347e145504@group-C1C12825AC52-LeaderElection1105: Election REJECTED; received 2 response(s) [1244ca21-2158-4cc7-9e07-ba347e145504<-7c107f1d-8592-48e3-af71-5982c0af1f56#0:FAIL-t32, 1244ca21-2158-4cc7-9e07-ba347e145504<-d10c8639-03b1-4f19-ac0f-6419d7578d59#0:FAIL-t32] and 0 exception(s); 1244ca21-2158-4cc7-9e07-ba347e145504@group-C1C12825AC52:t32, leader=null, voted=1244ca21-2158-4cc7-9e07-ba347e145504, raftlog=1244ca21-2158-4cc7-9e07-ba347e145504@group-C1C12825AC52-SegmentedRaftLog:OPENED:c-1,f-1,i0, conf=-1: [1244ca21-2158-4cc7-9e07-ba347e145504:192.168.69.118:43370, 7c107f1d-8592-48e3-af71-5982c0af1f56:192.168.69.118:36514, d10c8639-03b1-4f19-ac0f-6419d7578d59:192.168.69.118:37568], old=null
2019-10-21 23:03:20,150 [1244ca21-2158-4cc7-9e07-ba347e145504@group-C1C12825AC52-LeaderElection1105] INFO  impl.RaftServerImpl (RaftServerImpl.java:setRole(184)) - 1244ca21-2158-4cc7-9e07-ba347e145504@group-C1C12825AC52: changes role from CANDIDATE to FOLLOWER at term 32 for DISCOVERED_A_NEW_TERM
2019-10-21 23:03:20,150 [1244ca21-2158-4cc7-9e07-ba347e145504@group-C1C12825AC52-LeaderElection1105] INFO  impl.RoleInfo (RoleInfo.java:shutdownLeaderElection(134)) - 1244ca21-2158-4cc7-9e07-ba347e145504: shutdown LeaderElection
2019-10-21 23:03:20,150 [1244ca21-2158-4cc7-9e07-ba347e145504@group-C1C12825AC52-LeaderElection1105] INFO  impl.RoleInfo (RoleInfo.java:updateAndGet(143)) - 1244ca21-2158-4cc7-9e07-ba347e145504: start FollowerState
2019-10-21 23:03:20,228 [Thread-9676] INFO  impl.FollowerState (FollowerState.java:run(108)) - 1244ca21-2158-4cc7-9e07-ba347e145504@group-C1C12825AC52-FollowerState: change to CANDIDATE, lastRpcTime:78ms, electionTimeout:78ms
2019-10-21 23:03:20,228 [Thread-9676] INFO  impl.RoleInfo (RoleInfo.java:shutdownFollowerState(121)) - 1244ca21-2158-4cc7-9e07-ba347e145504: shutdown FollowerState
2019-10-21 23:03:20,228 [Thread-9676] INFO  impl.RaftServerImpl (RaftServerImpl.java:setRole(184)) - 1244ca21-2158-4cc7-9e07-ba347e145504@group-C1C12825AC52: changes role from  FOLLOWER to CANDIDATE at term 32 for changeToCandidate
2019-10-21 23:03:20,228 [Thread-9676] INFO  impl.RoleInfo (RoleInfo.java:updateAndGet(143)) - 1244ca21-2158-4cc7-9e07-ba347e145504: start LeaderElection
2019-10-21 23:03:20,242 [1244ca21-2158-4cc7-9e07-ba347e145504@group-C1C12825AC52-LeaderElection1106] INFO  impl.LeaderElection (LeaderElection.java:askForVotes(178)) - 1244ca21-2158-4cc7-9e07-ba347e145504@group-C1C12825AC52-LeaderElection1106: begin an election at term 33 for -1: [1244ca21-2158-4cc7-9e07-ba347e145504:192.168.69.118:43370, 7c107f1d-8592-48e3-af71-5982c0af1f56:192.168.69.118:36514, d10c8639-03b1-4f19-ac0f-6419d7578d59:192.168.69.118:37568], old=null
2019-10-21 23:03:20,244 [grpc-default-executor-8] INFO  impl.RaftServerImpl (RaftServerImpl.java:setRole(184)) - 7c107f1d-8592-48e3-af71-5982c0af1f56@group-C1C12825AC52: changes role from  FOLLOWER to FOLLOWER at term 33 for recognizeCandidate:1244ca21-2158-4cc7-9e07-ba347e145504
2019-10-21 23:03:20,244 [grpc-default-executor-8] INFO  impl.RoleInfo (RoleInfo.java:shutdownFollowerState(121)) - 7c107f1d-8592-48e3-af71-5982c0af1f56: shutdown FollowerState
2019-10-21 23:03:20,244 [grpc-default-executor-6] INFO  impl.RaftServerImpl (RaftServerImpl.java:setRole(184)) - d10c8639-03b1-4f19-ac0f-6419d7578d59@group-C1C12825AC52: changes role from  FOLLOWER to FOLLOWER at term 33 for recognizeCandidate:1244ca21-2158-4cc7-9e07-ba347e145504
2019-10-21 23:03:20,244 [grpc-default-executor-6] INFO  impl.RoleInfo (RoleInfo.java:shutdownFollowerState(121)) - d10c8639-03b1-4f19-ac0f-6419d7578d59: shutdown FollowerState
2019-10-21 23:03:20,244 [Thread-9672] INFO  impl.FollowerState (FollowerState.java:run(117)) - 7c107f1d-8592-48e3-af71-5982c0af1f56@group-C1C12825AC52-FollowerState was interrupted: java.lang.InterruptedException: sleep interrupted
2019-10-21 23:03:20,244 [grpc-default-executor-8] INFO  impl.RoleInfo (RoleInfo.java:updateAndGet(143)) - 7c107f1d-8592-48e3-af71-5982c0af1f56: start FollowerState
2019-10-21 23:03:20,244 [Thread-9673] INFO  impl.FollowerState (FollowerState.java:run(117)) - d10c8639-03b1-4f19-ac0f-6419d7578d59@group-C1C12825AC52-FollowerState was interrupted: java.lang.InterruptedException: sleep interrupted
2019-10-21 23:03:20,244 [grpc-default-executor-6] INFO  impl.RoleInfo (RoleInfo.java:updateAndGet(143)) - d10c8639-03b1-4f19-ac0f-6419d7578d59: start FollowerState
2019-10-21 23:03:20,263 [1244ca21-2158-4cc7-9e07-ba347e145504@group-C1C12825AC52-LeaderElection1106] INFO  impl.LeaderElection (LeaderElection.java:logAndReturn(56)) - 1244ca21-2158-4cc7-9e07-ba347e145504@group-C1C12825AC52-LeaderElection1106: Election REJECTED; received 2 response(s) [1244ca21-2158-4cc7-9e07-ba347e145504<-7c107f1d-8592-48e3-af71-5982c0af1f56#0:FAIL-t33, 1244ca21-2158-4cc7-9e07-ba347e145504<-d10c8639-03b1-4f19-ac0f-6419d7578d59#0:FAIL-t33] and 0 exception(s); 1244ca21-2158-4cc7-9e07-ba347e145504@group-C1C12825AC52:t33, leader=null, voted=1244ca21-2158-4cc7-9e07-ba347e145504, raftlog=1244ca21-2158-4cc7-9e07-ba347e145504@group-C1C12825AC52-SegmentedRaftLog:OPENED:c-1,f-1,i0, conf=-1: [1244ca21-2158-4cc7-9e07-ba347e145504:192.168.69.118:43370, 7c107f1d-8592-48e3-af71-5982c0af1f56:192.168.69.118:36514, d10c8639-03b1-4f19-ac0f-6419d7578d59:192.168.69.118:37568], old=null
2019-10-21 23:03:20,263 [1244ca21-2158-4cc7-9e07-ba347e145504@group-C1C12825AC52-LeaderElection1106] INFO  impl.RaftServerImpl (RaftServerImpl.java:setRole(184)) - 1244ca21-2158-4cc7-9e07-ba347e145504@group-C1C12825AC52: changes role from CANDIDATE to FOLLOWER at term 33 for DISCOVERED_A_NEW_TERM
2019-10-21 23:03:20,263 [1244ca21-2158-4cc7-9e07-ba347e145504@group-C1C12825AC52-LeaderElection1106] INFO  impl.RoleInfo (RoleInfo.java:shutdownLeaderElection(134)) - 1244ca21-2158-4cc7-9e07-ba347e145504: shutdown LeaderElection
2019-10-21 23:03:20,264 [1244ca21-2158-4cc7-9e07-ba347e145504@group-C1C12825AC52-LeaderElection1106] INFO  impl.RoleInfo (RoleInfo.java:updateAndGet(143)) - 1244ca21-2158-4cc7-9e07-ba347e145504: start FollowerState
2019-10-21 23:03:20,421 [Thread-9684] INFO  impl.FollowerState (FollowerState.java:run(108)) - 1244ca21-2158-4cc7-9e07-ba347e145504@group-C1C12825AC52-FollowerState: change to CANDIDATE, lastRpcTime:157ms, electionTimeout:157ms
2019-10-21 23:03:20,421 [Thread-9684] INFO  impl.RoleInfo (RoleInfo.java:shutdownFollowerState(121)) - 1244ca21-2158-4cc7-9e07-ba347e145504: shutdown FollowerState
2019-10-21 23:03:20,421 [Thread-9684] INFO  impl.RaftServerImpl (RaftServerImpl.java:setRole(184)) - 1244ca21-2158-4cc7-9e07-ba347e145504@group-C1C12825AC52: changes role from  FOLLOWER to CANDIDATE at term 33 for changeToCandidate
2019-10-21 23:03:20,421 [Thread-9684] INFO  impl.RoleInfo (RoleInfo.java:updateAndGet(143)) - 1244ca21-2158-4cc7-9e07-ba347e145504: start LeaderElection
2019-10-21 23:03:20,430 [1244ca21-2158-4cc7-9e07-ba347e145504@group-C1C12825AC52-LeaderElection1107] INFO  impl.LeaderElection (LeaderElection.java:askForVotes(178)) - 1244ca21-2158-4cc7-9e07-ba347e145504@group-C1C12825AC52-LeaderElection1107: begin an election at term 34 for -1: [1244ca21-2158-4cc7-9e07-ba347e145504:192.168.69.118:43370, 7c107f1d-8592-48e3-af71-5982c0af1f56:192.168.69.118:36514, d10c8639-03b1-4f19-ac0f-6419d7578d59:192.168.69.118:37568], old=null
2019-10-21 23:03:20,431 [grpc-default-executor-8] INFO  impl.RaftServerImpl (RaftServerImpl.java:setRole(184)) - 7c107f1d-8592-48e3-af71-5982c0af1f56@group-C1C12825AC52: changes role from  FOLLOWER to FOLLOWER at term 34 for recognizeCandidate:1244ca21-2158-4cc7-9e07-ba347e145504
2019-10-21 23:03:20,432 [grpc-default-executor-8] INFO  impl.RoleInfo (RoleInfo.java:shutdownFollowerState(121)) - 7c107f1d-8592-48e3-af71-5982c0af1f56: shutdown FollowerState
2019-10-21 23:03:20,435 [grpc-default-executor-8] INFO  impl.RoleInfo (RoleInfo.java:updateAndGet(143)) - 7c107f1d-8592-48e3-af71-5982c0af1f56: start FollowerState
2019-10-21 23:03:20,435 [Thread-9680] INFO  impl.FollowerState (FollowerState.java:run(117)) - 7c107f1d-8592-48e3-af71-5982c0af1f56@group-C1C12825AC52-FollowerState was interrupted: java.lang.InterruptedException: sleep interrupted
2019-10-21 23:03:20,435 [grpc-default-executor-0] INFO  impl.RaftServerImpl (RaftServerImpl.java:setRole(184)) - d10c8639-03b1-4f19-ac0f-6419d7578d59@group-C1C12825AC52: changes role from  FOLLOWER to FOLLOWER at term 34 for recognizeCandidate:1244ca21-2158-4cc7-9e07-ba347e145504
2019-10-21 23:03:20,435 [grpc-default-executor-0] INFO  impl.RoleInfo (RoleInfo.java:shutdownFollowerState(121)) - d10c8639-03b1-4f19-ac0f-6419d7578d59: shutdown FollowerState
2019-10-21 23:03:20,435 [grpc-default-executor-0] INFO  impl.RoleInfo (RoleInfo.java:updateAndGet(143)) - d10c8639-03b1-4f19-ac0f-6419d7578d59: start FollowerState
2019-10-21 23:03:20,435 [Thread-9681] INFO  impl.FollowerState (FollowerState.java:run(117)) - d10c8639-03b1-4f19-ac0f-6419d7578d59@group-C1C12825AC52-FollowerState was interrupted: java.lang.InterruptedException: sleep interrupted
2019-10-21 23:03:20,447 [1244ca21-2158-4cc7-9e07-ba347e145504@group-C1C12825AC52-LeaderElection1107] INFO  impl.LeaderElection (LeaderElection.java:logAndReturn(56)) - 1244ca21-2158-4cc7-9e07-ba347e145504@group-C1C12825AC52-LeaderElection1107: Election REJECTED; received 2 response(s) [1244ca21-2158-4cc7-9e07-ba347e145504<-7c107f1d-8592-48e3-af71-5982c0af1f56#0:FAIL-t34, 1244ca21-2158-4cc7-9e07-ba347e145504<-d10c8639-03b1-4f19-ac0f-6419d7578d59#0:FAIL-t34] and 0 exception(s); 1244ca21-2158-4cc7-9e07-ba347e145504@group-C1C12825AC52:t34, leader=null, voted=1244ca21-2158-4cc7-9e07-ba347e145504, raftlog=1244ca21-2158-4cc7-9e07-ba347e145504@group-C1C12825AC52-SegmentedRaftLog:OPENED:c-1,f-1,i0, conf=-1: [1244ca21-2158-4cc7-9e07-ba347e145504:192.168.69.118:43370, 7c107f1d-8592-48e3-af71-5982c0af1f56:192.168.69.118:36514, d10c8639-03b1-4f19-ac0f-6419d7578d59:192.168.69.118:37568], old=null
2019-10-21 23:03:20,447 [1244ca21-2158-4cc7-9e07-ba347e145504@group-C1C12825AC52-LeaderElection1107] INFO  impl.RaftServerImpl (RaftServerImpl.java:setRole(184)) - 1244ca21-2158-4cc7-9e07-ba347e145504@group-C1C12825AC52: changes role from CANDIDATE to FOLLOWER at term 34 for DISCOVERED_A_NEW_TERM
2019-10-21 23:03:20,448 [1244ca21-2158-4cc7-9e07-ba347e145504@group-C1C12825AC52-LeaderElection1107] INFO  impl.RoleInfo (RoleInfo.java:shutdownLeaderElection(134)) - 1244ca21-2158-4cc7-9e07-ba347e145504: shutdown LeaderElection
2019-10-21 23:03:20,448 [1244ca21-2158-4cc7-9e07-ba347e145504@group-C1C12825AC52-LeaderElection1107] INFO  impl.RoleInfo (RoleInfo.java:updateAndGet(143)) - 1244ca21-2158-4cc7-9e07-ba347e145504: start FollowerState
2019-10-21 23:03:20,639 [Thread-9690] INFO  impl.FollowerState (FollowerState.java:run(108)) - 1244ca21-2158-4cc7-9e07-ba347e145504@group-C1C12825AC52-FollowerState: change to CANDIDATE, lastRpcTime:191ms, electionTimeout:191ms
2019-10-21 23:03:20,639 [Thread-9690] INFO  impl.RoleInfo (RoleInfo.java:shutdownFollowerState(121)) - 1244ca21-2158-4cc7-9e07-ba347e145504: shutdown FollowerState
2019-10-21 23:03:20,639 [Thread-9690] INFO  impl.RaftServerImpl (RaftServerImpl.java:setRole(184)) - 1244ca21-2158-4cc7-9e07-ba347e145504@group-C1C12825AC52: changes role from  FOLLOWER to CANDIDATE at term 34 for changeToCandidate
2019-10-21 23:03:20,639 [Thread-9690] INFO  impl.RoleInfo (RoleInfo.java:updateAndGet(143)) - 1244ca21-2158-4cc7-9e07-ba347e145504: start LeaderElection
2019-10-21 23:03:20,652 [1244ca21-2158-4cc7-9e07-ba347e145504@group-C1C12825AC52-LeaderElection1108] INFO  impl.LeaderElection (LeaderElection.java:askForVotes(178)) - 1244ca21-2158-4cc7-9e07-ba347e145504@group-C1C12825AC52-LeaderElection1108: begin an election at term 35 for -1: [1244ca21-2158-4cc7-9e07-ba347e145504:192.168.69.118:43370, 7c107f1d-8592-48e3-af71-5982c0af1f56:192.168.69.118:36514, d10c8639-03b1-4f19-ac0f-6419d7578d59:192.168.69.118:37568], old=null
2019-10-21 23:03:20,653 [grpc-default-executor-0] INFO  impl.RaftServerImpl (RaftServerImpl.java:setRole(184)) - 7c107f1d-8592-48e3-af71-5982c0af1f56@group-C1C12825AC52: changes role from  FOLLOWER to FOLLOWER at term 35 for recognizeCandidate:1244ca21-2158-4cc7-9e07-ba347e145504
2019-10-21 23:03:20,653 [grpc-default-executor-0] INFO  impl.RoleInfo (RoleInfo.java:shutdownFollowerState(121)) - 7c107f1d-8592-48e3-af71-5982c0af1f56: shutdown FollowerState
2019-10-21 23:03:20,653 [grpc-default-executor-0] INFO  impl.RoleInfo (RoleInfo.java:updateAndGet(143)) - 7c107f1d-8592-48e3-af71-5982c0af1f56: start FollowerState
2019-10-21 23:03:20,653 [Thread-9688] INFO  impl.FollowerState (FollowerState.java:run(117)) - 7c107f1d-8592-48e3-af71-5982c0af1f56@group-C1C12825AC52-FollowerState was interrupted: java.lang.InterruptedException: sleep interrupted
2019-10-21 23:03:20,653 [grpc-default-executor-8] INFO  impl.RaftServerImpl (RaftServerImpl.java:setRole(184)) - d10c8639-03b1-4f19-ac0f-6419d7578d59@group-C1C12825AC52: changes role from  FOLLOWER to FOLLOWER at term 35 for recognizeCandidate:1244ca21-2158-4cc7-9e07-ba347e145504
2019-10-21 23:03:20,654 [grpc-default-executor-8] INFO  impl.RoleInfo (RoleInfo.java:shutdownFollowerState(121)) - d10c8639-03b1-4f19-ac0f-6419d7578d59: shutdown FollowerState
2019-10-21 23:03:20,654 [grpc-default-executor-8] INFO  impl.RoleInfo (RoleInfo.java:updateAndGet(143)) - d10c8639-03b1-4f19-ac0f-6419d7578d59: start FollowerState
2019-10-21 23:03:20,654 [Thread-9689] INFO  impl.FollowerState (FollowerState.java:run(117)) - d10c8639-03b1-4f19-ac0f-6419d7578d59@group-C1C12825AC52-FollowerState was interrupted: java.lang.InterruptedException: sleep interrupted
2019-10-21 23:03:20,679 [1244ca21-2158-4cc7-9e07-ba347e145504@group-C1C12825AC52-LeaderElection1108] INFO  impl.LeaderElection (LeaderElection.java:logAndReturn(56)) - 1244ca21-2158-4cc7-9e07-ba347e145504@group-C1C12825AC52-LeaderElection1108: Election REJECTED; received 2 response(s) [1244ca21-2158-4cc7-9e07-ba347e145504<-7c107f1d-8592-48e3-af71-5982c0af1f56#0:FAIL-t35, 1244ca21-2158-4cc7-9e07-ba347e145504<-d10c8639-03b1-4f19-ac0f-6419d7578d59#0:FAIL-t35] and 0 exception(s); 1244ca21-2158-4cc7-9e07-ba347e145504@group-C1C12825AC52:t35, leader=null, voted=1244ca21-2158-4cc7-9e07-ba347e145504, raftlog=1244ca21-2158-4cc7-9e07-ba347e145504@group-C1C12825AC52-SegmentedRaftLog:OPENED:c-1,f-1,i0, conf=-1: [1244ca21-2158-4cc7-9e07-ba347e145504:192.168.69.118:43370, 7c107f1d-8592-48e3-af71-5982c0af1f56:192.168.69.118:36514, d10c8639-03b1-4f19-ac0f-6419d7578d59:192.168.69.118:37568], old=null
2019-10-21 23:03:20,679 [1244ca21-2158-4cc7-9e07-ba347e145504@group-C1C12825AC52-LeaderElection1108] INFO  impl.RaftServerImpl (RaftServerImpl.java:setRole(184)) - 1244ca21-2158-4cc7-9e07-ba347e145504@group-C1C12825AC52: changes role from CANDIDATE to FOLLOWER at term 35 for DISCOVERED_A_NEW_TERM
2019-10-21 23:03:20,680 [1244ca21-2158-4cc7-9e07-ba347e145504@group-C1C12825AC52-LeaderElection1108] INFO  impl.RoleInfo (RoleInfo.java:shutdownLeaderElection(134)) - 1244ca21-2158-4cc7-9e07-ba347e145504: shutdown LeaderElection
2019-10-21 23:03:20,680 [1244ca21-2158-4cc7-9e07-ba347e145504@group-C1C12825AC52-LeaderElection1108] INFO  impl.RoleInfo (RoleInfo.java:updateAndGet(143)) - 1244ca21-2158-4cc7-9e07-ba347e145504: start FollowerState
2019-10-21 23:03:20,714 [Thread-9700] INFO  impl.FollowerState (FollowerState.java:run(108)) - 1244ca21-2158-4cc7-9e07-ba347e145504@group-C1C12825AC52-FollowerState: change to CANDIDATE, lastRpcTime:34ms, electionTimeout:34ms
2019-10-21 23:03:20,714 [Thread-9700] INFO  impl.RoleInfo (RoleInfo.java:shutdownFollowerState(121)) - 1244ca21-2158-4cc7-9e07-ba347e145504: shutdown FollowerState
2019-10-21 23:03:20,714 [Thread-9700] INFO  impl.RaftServerImpl (RaftServerImpl.java:setRole(184)) - 1244ca21-2158-4cc7-9e07-ba347e145504@group-C1C12825AC52: changes role from  FOLLOWER to CANDIDATE at term 35 for changeToCandidate
2019-10-21 23:03:20,714 [Thread-9700] INFO  impl.RoleInfo (RoleInfo.java:updateAndGet(143)) - 1244ca21-2158-4cc7-9e07-ba347e145504: start LeaderElection
2019-10-21 23:03:20,727 [1244ca21-2158-4cc7-9e07-ba347e145504@group-C1C12825AC52-LeaderElection1109] INFO  impl.LeaderElection (LeaderElection.java:askForVotes(178)) - 1244ca21-2158-4cc7-9e07-ba347e145504@group-C1C12825AC52-LeaderElection1109: begin an election at term 36 for -1: [1244ca21-2158-4cc7-9e07-ba347e145504:192.168.69.118:43370, 7c107f1d-8592-48e3-af71-5982c0af1f56:192.168.69.118:36514, d10c8639-03b1-4f19-ac0f-6419d7578d59:192.168.69.118:37568], old=null
2019-10-21 23:03:20,728 [grpc-default-executor-0] INFO  impl.RaftServerImpl (RaftServerImpl.java:setRole(184)) - d10c8639-03b1-4f19-ac0f-6419d7578d59@group-C1C12825AC52: changes role from  FOLLOWER to FOLLOWER at term 36 for recognizeCandidate:1244ca21-2158-4cc7-9e07-ba347e145504
2019-10-21 23:03:20,728 [grpc-default-executor-8] INFO  impl.RaftServerImpl (RaftServerImpl.java:setRole(184)) - 7c107f1d-8592-48e3-af71-5982c0af1f56@group-C1C12825AC52: changes role from  FOLLOWER to FOLLOWER at term 36 for recognizeCandidate:1244ca21-2158-4cc7-9e07-ba347e145504
2019-10-21 23:03:20,728 [grpc-default-executor-0] INFO  impl.RoleInfo (RoleInfo.java:shutdownFollowerState(121)) - d10c8639-03b1-4f19-ac0f-6419d7578d59: shutdown FollowerState
2019-10-21 23:03:20,728 [grpc-default-executor-8] INFO  impl.RoleInfo (RoleInfo.java:shutdownFollowerState(121)) - 7c107f1d-8592-48e3-af71-5982c0af1f56: shutdown FollowerState
2019-10-21 23:03:20,729 [Thread-9699] INFO  impl.FollowerState (FollowerState.java:run(117)) - d10c8639-03b1-4f19-ac0f-6419d7578d59@group-C1C12825AC52-FollowerState was interrupted: java.lang.InterruptedException: sleep interrupted
2019-10-21 23:03:20,728 [grpc-default-executor-0] INFO  impl.RoleInfo (RoleInfo.java:updateAndGet(143)) - d10c8639-03b1-4f19-ac0f-6419d7578d59: start FollowerState
2019-10-21 23:03:20,729 [Thread-9698] INFO  impl.FollowerState (FollowerState.java:run(117)) - 7c107f1d-8592-48e3-af71-5982c0af1f56@group-C1C12825AC52-FollowerState was interrupted: java.lang.InterruptedException: sleep interrupted
2019-10-21 23:03:20,729 [grpc-default-executor-8] INFO  impl.RoleInfo (RoleInfo.java:updateAndGet(143)) - 7c107f1d-8592-48e3-af71-5982c0af1f56: start FollowerState
2019-10-21 23:03:20,751 [1244ca21-2158-4cc7-9e07-ba347e145504@group-C1C12825AC52-LeaderElection1109] INFO  impl.LeaderElection (LeaderElection.java:logAndReturn(56)) - 1244ca21-2158-4cc7-9e07-ba347e145504@group-C1C12825AC52-LeaderElection1109: Election REJECTED; received 2 response(s) [1244ca21-2158-4cc7-9e07-ba347e145504<-7c107f1d-8592-48e3-af71-5982c0af1f56#0:FAIL-t36, 1244ca21-2158-4cc7-9e07-ba347e145504<-d10c8639-03b1-4f19-ac0f-6419d7578d59#0:FAIL-t36] and 0 exception(s); 1244ca21-2158-4cc7-9e07-ba347e145504@group-C1C12825AC52:t36, leader=null, voted=1244ca21-2158-4cc7-9e07-ba347e145504, raftlog=1244ca21-2158-4cc7-9e07-ba347e145504@group-C1C12825AC52-SegmentedRaftLog:OPENED:c-1,f-1,i0, conf=-1: [1244ca21-2158-4cc7-9e07-ba347e145504:192.168.69.118:43370, 7c107f1d-8592-48e3-af71-5982c0af1f56:192.168.69.118:36514, d10c8639-03b1-4f19-ac0f-6419d7578d59:192.168.69.118:37568], old=null
2019-10-21 23:03:20,751 [1244ca21-2158-4cc7-9e07-ba347e145504@group-C1C12825AC52-LeaderElection1109] INFO  impl.RaftServerImpl (RaftServerImpl.java:setRole(184)) - 1244ca21-2158-4cc7-9e07-ba347e145504@group-C1C12825AC52: changes role from CANDIDATE to FOLLOWER at term 36 for DISCOVERED_A_NEW_TERM
2019-10-21 23:03:20,751 [1244ca21-2158-4cc7-9e07-ba347e145504@group-C1C12825AC52-LeaderElection1109] INFO  impl.RoleInfo (RoleInfo.java:shutdownLeaderElection(134)) - 1244ca21-2158-4cc7-9e07-ba347e145504: shutdown LeaderElection
2019-10-21 23:03:20,751 [1244ca21-2158-4cc7-9e07-ba347e145504@group-C1C12825AC52-LeaderElection1109] INFO  impl.RoleInfo (RoleInfo.java:updateAndGet(143)) - 1244ca21-2158-4cc7-9e07-ba347e145504: start FollowerState
2019-10-21 23:03:20,839 [Thread-9706] INFO  impl.FollowerState (FollowerState.java:run(108)) - 1244ca21-2158-4cc7-9e07-ba347e145504@group-C1C12825AC52-FollowerState: change to CANDIDATE, lastRpcTime:88ms, electionTimeout:88ms
2019-10-21 23:03:20,840 [Thread-9706] INFO  impl.RoleInfo (RoleInfo.java:shutdownFollowerState(121)) - 1244ca21-2158-4cc7-9e07-ba347e145504: shutdown FollowerState
2019-10-21 23:03:20,840 [Thread-9706] INFO  impl.RaftServerImpl (RaftServerImpl.java:setRole(184)) - 1244ca21-2158-4cc7-9e07-ba347e145504@group-C1C12825AC52: changes role from  FOLLOWER to CANDIDATE at term 36 for changeToCandidate
2019-10-21 23:03:20,840 [Thread-9706] INFO  impl.RoleInfo (RoleInfo.java:updateAndGet(143)) - 1244ca21-2158-4cc7-9e07-ba347e145504: start LeaderElection
2019-10-21 23:03:20,854 [1244ca21-2158-4cc7-9e07-ba347e145504@group-C1C12825AC52-LeaderElection1110] INFO  impl.LeaderElection (LeaderElection.java:askForVotes(178)) - 1244ca21-2158-4cc7-9e07-ba347e145504@group-C1C12825AC52-LeaderElection1110: begin an election at term 37 for -1: [1244ca21-2158-4cc7-9e07-ba347e145504:192.168.69.118:43370, 7c107f1d-8592-48e3-af71-5982c0af1f56:192.168.69.118:36514, d10c8639-03b1-4f19-ac0f-6419d7578d59:192.168.69.118:37568], old=null
2019-10-21 23:03:20,855 [grpc-default-executor-0] INFO  impl.RaftServerImpl (RaftServerImpl.java:setRole(184)) - 7c107f1d-8592-48e3-af71-5982c0af1f56@group-C1C12825AC52: changes role from  FOLLOWER to FOLLOWER at term 37 for recognizeCandidate:1244ca21-2158-4cc7-9e07-ba347e145504
2019-10-21 23:03:20,855 [grpc-default-executor-0] INFO  impl.RoleInfo (RoleInfo.java:shutdownFollowerState(121)) - 7c107f1d-8592-48e3-af71-5982c0af1f56: shutdown FollowerState
2019-10-21 23:03:20,855 [grpc-default-executor-8] INFO  impl.RaftServerImpl (RaftServerImpl.java:setRole(184)) - d10c8639-03b1-4f19-ac0f-6419d7578d59@group-C1C12825AC52: changes role from  FOLLOWER to FOLLOWER at term 37 for recognizeCandidate:1244ca21-2158-4cc7-9e07-ba347e145504
2019-10-21 23:03:20,855 [Thread-9705] INFO  impl.FollowerState (FollowerState.java:run(117)) - 7c107f1d-8592-48e3-af71-5982c0af1f56@group-C1C12825AC52-FollowerState was interrupted: java.lang.InterruptedException: sleep interrupted
2019-10-21 23:03:20,855 [grpc-default-executor-0] INFO  impl.RoleInfo (RoleInfo.java:updateAndGet(143)) - 7c107f1d-8592-48e3-af71-5982c0af1f56: start FollowerState
2019-10-21 23:03:20,855 [1244ca21-2158-4cc7-9e07-ba347e145504@group-C1C12825AC52-LeaderElection1110] INFO  impl.LeaderElection (LeaderElection.java:logAndReturn(56)) - 1244ca21-2158-4cc7-9e07-ba347e145504@group-C1C12825AC52-LeaderElection1110: Election TIMEOUT; received 0 response(s) [] and 0 exception(s); 1244ca21-2158-4cc7-9e07-ba347e145504@group-C1C12825AC52:t37, leader=null, voted=1244ca21-2158-4cc7-9e07-ba347e145504, raftlog=1244ca21-2158-4cc7-9e07-ba347e145504@group-C1C12825AC52-SegmentedRaftLog:OPENED:c-1,f-1,i0, conf=-1: [1244ca21-2158-4cc7-9e07-ba347e145504:192.168.69.118:43370, 7c107f1d-8592-48e3-af71-5982c0af1f56:192.168.69.118:36514, d10c8639-03b1-4f19-ac0f-6419d7578d59:192.168.69.118:37568], old=null
2019-10-21 23:03:20,855 [grpc-default-executor-8] INFO  impl.RoleInfo (RoleInfo.java:shutdownFollowerState(121)) - d10c8639-03b1-4f19-ac0f-6419d7578d59: shutdown FollowerState
2019-10-21 23:03:20,856 [grpc-default-executor-8] INFO  impl.RoleInfo (RoleInfo.java:updateAndGet(143)) - d10c8639-03b1-4f19-ac0f-6419d7578d59: start FollowerState
2019-10-21 23:03:20,856 [Thread-9704] INFO  impl.FollowerState (FollowerState.java:run(117)) - d10c8639-03b1-4f19-ac0f-6419d7578d59@group-C1C12825AC52-FollowerState was interrupted: java.lang.InterruptedException: sleep interrupted
2019-10-21 23:03:20,886 [1244ca21-2158-4cc7-9e07-ba347e145504@group-C1C12825AC52-LeaderElection1110] INFO  impl.LeaderElection (LeaderElection.java:askForVotes(178)) - 1244ca21-2158-4cc7-9e07-ba347e145504@group-C1C12825AC52-LeaderElection1110: begin an election at term 38 for -1: [1244ca21-2158-4cc7-9e07-ba347e145504:192.168.69.118:43370, 7c107f1d-8592-48e3-af71-5982c0af1f56:192.168.69.118:36514, d10c8639-03b1-4f19-ac0f-6419d7578d59:192.168.69.118:37568], old=null
2019-10-21 23:03:20,887 [grpc-default-executor-8] INFO  impl.RaftServerImpl (RaftServerImpl.java:setRole(184)) - 7c107f1d-8592-48e3-af71-5982c0af1f56@group-C1C12825AC52: changes role from  FOLLOWER to FOLLOWER at term 38 for recognizeCandidate:1244ca21-2158-4cc7-9e07-ba347e145504
2019-10-21 23:03:20,887 [grpc-default-executor-8] INFO  impl.RoleInfo (RoleInfo.java:shutdownFollowerState(121)) - 7c107f1d-8592-48e3-af71-5982c0af1f56: shutdown FollowerState
2019-10-21 23:03:20,887 [grpc-default-executor-0] INFO  impl.RaftServerImpl (RaftServerImpl.java:setRole(184)) - d10c8639-03b1-4f19-ac0f-6419d7578d59@group-C1C12825AC52: changes role from  FOLLOWER to FOLLOWER at term 38 for recognizeCandidate:1244ca21-2158-4cc7-9e07-ba347e145504
2019-10-21 23:03:20,888 [grpc-default-executor-0] INFO  impl.RoleInfo (RoleInfo.java:shutdownFollowerState(121)) - d10c8639-03b1-4f19-ac0f-6419d7578d59: shutdown FollowerState
2019-10-21 23:03:20,888 [Thread-9710] INFO  impl.FollowerState (FollowerState.java:run(117)) - 7c107f1d-8592-48e3-af71-5982c0af1f56@group-C1C12825AC52-FollowerState was interrupted: java.lang.InterruptedException: sleep interrupted
2019-10-21 23:03:20,888 [grpc-default-executor-8] INFO  impl.RoleInfo (RoleInfo.java:updateAndGet(143)) - 7c107f1d-8592-48e3-af71-5982c0af1f56: start FollowerState
2019-10-21 23:03:20,888 [Thread-9711] INFO  impl.FollowerState (FollowerState.java:run(117)) - d10c8639-03b1-4f19-ac0f-6419d7578d59@group-C1C12825AC52-FollowerState was interrupted: java.lang.InterruptedException: sleep interrupted
2019-10-21 23:03:20,888 [grpc-default-executor-0] INFO  impl.RoleInfo (RoleInfo.java:updateAndGet(143)) - d10c8639-03b1-4f19-ac0f-6419d7578d59: start FollowerState
2019-10-21 23:03:20,903 [1244ca21-2158-4cc7-9e07-ba347e145504@group-C1C12825AC52-LeaderElection1110] INFO  impl.LeaderElection (LeaderElection.java:logAndReturn(56)) - 1244ca21-2158-4cc7-9e07-ba347e145504@group-C1C12825AC52-LeaderElection1110: Election REJECTED; received 2 response(s) [1244ca21-2158-4cc7-9e07-ba347e145504<-7c107f1d-8592-48e3-af71-5982c0af1f56#0:FAIL-t38, 1244ca21-2158-4cc7-9e07-ba347e145504<-d10c8639-03b1-4f19-ac0f-6419d7578d59#0:FAIL-t38] and 0 exception(s); 1244ca21-2158-4cc7-9e07-ba347e145504@group-C1C12825AC52:t38, leader=null, voted=1244ca21-2158-4cc7-9e07-ba347e145504, raftlog=1244ca21-2158-4cc7-9e07-ba347e145504@group-C1C12825AC52-SegmentedRaftLog:OPENED:c-1,f-1,i0, conf=-1: [1244ca21-2158-4cc7-9e07-ba347e145504:192.168.69.118:43370, 7c107f1d-8592-48e3-af71-5982c0af1f56:192.168.69.118:36514, d10c8639-03b1-4f19-ac0f-6419d7578d59:192.168.69.118:37568], old=null
2019-10-21 23:03:20,904 [1244ca21-2158-4cc7-9e07-ba347e145504@group-C1C12825AC52-LeaderElection1110] INFO  impl.RaftServerImpl (RaftServerImpl.java:setRole(184)) - 1244ca21-2158-4cc7-9e07-ba347e145504@group-C1C12825AC52: changes role from CANDIDATE to FOLLOWER at term 38 for DISCOVERED_A_NEW_TERM
2019-10-21 23:03:20,904 [1244ca21-2158-4cc7-9e07-ba347e145504@group-C1C12825AC52-LeaderElection1110] INFO  impl.RoleInfo (RoleInfo.java:shutdownLeaderElection(134)) - 1244ca21-2158-4cc7-9e07-ba347e145504: shutdown LeaderElection
2019-10-21 23:03:20,904 [1244ca21-2158-4cc7-9e07-ba347e145504@group-C1C12825AC52-LeaderElection1110] INFO  impl.RoleInfo (RoleInfo.java:updateAndGet(143)) - 1244ca21-2158-4cc7-9e07-ba347e145504: start FollowerState
2019-10-21 23:03:20,957 [Thread-9716] INFO  impl.FollowerState (FollowerState.java:run(108)) - 1244ca21-2158-4cc7-9e07-ba347e145504@group-C1C12825AC52-FollowerState: change to CANDIDATE, lastRpcTime:53ms, electionTimeout:53ms
2019-10-21 23:03:20,957 [Thread-9716] INFO  impl.RoleInfo (RoleInfo.java:shutdownFollowerState(121)) - 1244ca21-2158-4cc7-9e07-ba347e145504: shutdown FollowerState
2019-10-21 23:03:20,957 [Thread-9716] INFO  impl.RaftServerImpl (RaftServerImpl.java:setRole(184)) - 1244ca21-2158-4cc7-9e07-ba347e145504@group-C1C12825AC52: changes role from  FOLLOWER to CANDIDATE at term 38 for changeToCandidate
2019-10-21 23:03:20,957 [Thread-9716] INFO  impl.RoleInfo (RoleInfo.java:updateAndGet(143)) - 1244ca21-2158-4cc7-9e07-ba347e145504: start LeaderElection
2019-10-21 23:03:20,973 [1244ca21-2158-4cc7-9e07-ba347e145504@group-C1C12825AC52-LeaderElection1111] INFO  impl.LeaderElection (LeaderElection.java:askForVotes(178)) - 1244ca21-2158-4cc7-9e07-ba347e145504@group-C1C12825AC52-LeaderElection1111: begin an election at term 39 for -1: [1244ca21-2158-4cc7-9e07-ba347e145504:192.168.69.118:43370, 7c107f1d-8592-48e3-af71-5982c0af1f56:192.168.69.118:36514, d10c8639-03b1-4f19-ac0f-6419d7578d59:192.168.69.118:37568], old=null
2019-10-21 23:03:20,975 [grpc-default-executor-0] INFO  impl.RaftServerImpl (RaftServerImpl.java:setRole(184)) - 7c107f1d-8592-48e3-af71-5982c0af1f56@group-C1C12825AC52: changes role from  FOLLOWER to FOLLOWER at term 39 for recognizeCandidate:1244ca21-2158-4cc7-9e07-ba347e145504
2019-10-21 23:03:20,975 [grpc-default-executor-0] INFO  impl.RoleInfo (RoleInfo.java:shutdownFollowerState(121)) - 7c107f1d-8592-48e3-af71-5982c0af1f56: shutdown FollowerState
2019-10-21 23:03:20,975 [grpc-default-executor-8] INFO  impl.RaftServerImpl (RaftServerImpl.java:setRole(184)) - d10c8639-03b1-4f19-ac0f-6419d7578d59@group-C1C12825AC52: changes role from  FOLLOWER to FOLLOWER at term 39 for recognizeCandidate:1244ca21-2158-4cc7-9e07-ba347e145504
2019-10-21 23:03:20,975 [grpc-default-executor-8] INFO  impl.RoleInfo (RoleInfo.java:shutdownFollowerState(121)) - d10c8639-03b1-4f19-ac0f-6419d7578d59: shutdown FollowerState
2019-10-21 23:03:20,975 [Thread-9714] INFO  impl.FollowerState (FollowerState.java:run(117)) - 7c107f1d-8592-48e3-af71-5982c0af1f56@group-C1C12825AC52-FollowerState was interrupted: java.lang.InterruptedException: sleep interrupted
2019-10-21 23:03:20,975 [grpc-default-executor-0] INFO  impl.RoleInfo (RoleInfo.java:updateAndGet(143)) - 7c107f1d-8592-48e3-af71-5982c0af1f56: start FollowerState
2019-10-21 23:03:20,975 [Thread-9715] INFO  impl.FollowerState (FollowerState.java:run(117)) - d10c8639-03b1-4f19-ac0f-6419d7578d59@group-C1C12825AC52-FollowerState was interrupted: java.lang.InterruptedException: sleep interrupted
2019-10-21 23:03:20,975 [grpc-default-executor-8] INFO  impl.RoleInfo (RoleInfo.java:updateAndGet(143)) - d10c8639-03b1-4f19-ac0f-6419d7578d59: start FollowerState
2019-10-21 23:03:20,989 [1244ca21-2158-4cc7-9e07-ba347e145504@group-C1C12825AC52-LeaderElection1111] INFO  impl.LeaderElection (LeaderElection.java:logAndReturn(56)) - 1244ca21-2158-4cc7-9e07-ba347e145504@group-C1C12825AC52-LeaderElection1111: Election REJECTED; received 2 response(s) [1244ca21-2158-4cc7-9e07-ba347e145504<-7c107f1d-8592-48e3-af71-5982c0af1f56#0:FAIL-t39, 1244ca21-2158-4cc7-9e07-ba347e145504<-d10c8639-03b1-4f19-ac0f-6419d7578d59#0:FAIL-t39] and 0 exception(s); 1244ca21-2158-4cc7-9e07-ba347e145504@group-C1C12825AC52:t39, leader=null, voted=1244ca21-2158-4cc7-9e07-ba347e145504, raftlog=1244ca21-2158-4cc7-9e07-ba347e145504@group-C1C12825AC52-SegmentedRaftLog:OPENED:c-1,f-1,i0, conf=-1: [1244ca21-2158-4cc7-9e07-ba347e145504:192.168.69.118:43370, 7c107f1d-8592-48e3-af71-5982c0af1f56:192.168.69.118:36514, d10c8639-03b1-4f19-ac0f-6419d7578d59:192.168.69.118:37568], old=null
2019-10-21 23:03:20,989 [1244ca21-2158-4cc7-9e07-ba347e145504@group-C1C12825AC52-LeaderElection1111] INFO  impl.RaftServerImpl (RaftServerImpl.java:setRole(184)) - 1244ca21-2158-4cc7-9e07-ba347e145504@group-C1C12825AC52: changes role from CANDIDATE to FOLLOWER at term 39 for DISCOVERED_A_NEW_TERM
2019-10-21 23:03:20,989 [1244ca21-2158-4cc7-9e07-ba347e145504@group-C1C12825AC52-LeaderElection1111] INFO  impl.RoleInfo (RoleInfo.java:shutdownLeaderElection(134)) - 1244ca21-2158-4cc7-9e07-ba347e145504: shutdown LeaderElection
2019-10-21 23:03:20,990 [1244ca21-2158-4cc7-9e07-ba347e145504@group-C1C12825AC52-LeaderElection1111] INFO  impl.RoleInfo (RoleInfo.java:updateAndGet(143)) - 1244ca21-2158-4cc7-9e07-ba347e145504: start FollowerState
2019-10-21 23:03:21,168 [Thread-9722] INFO  impl.FollowerState (FollowerState.java:run(108)) - 1244ca21-2158-4cc7-9e07-ba347e145504@group-C1C12825AC52-FollowerState: change to CANDIDATE, lastRpcTime:178ms, electionTimeout:178ms
2019-10-21 23:03:21,168 [Thread-9722] INFO  impl.RoleInfo (RoleInfo.java:shutdownFollowerState(121)) - 1244ca21-2158-4cc7-9e07-ba347e145504: shutdown FollowerState
2019-10-21 23:03:21,168 [Thread-9722] INFO  impl.RaftServerImpl (RaftServerImpl.java:setRole(184)) - 1244ca21-2158-4cc7-9e07-ba347e145504@group-C1C12825AC52: changes role from  FOLLOWER to CANDIDATE at term 39 for changeToCandidate
2019-10-21 23:03:21,168 [Thread-9722] INFO  impl.RoleInfo (RoleInfo.java:updateAndGet(143)) - 1244ca21-2158-4cc7-9e07-ba347e145504: start LeaderElection
2019-10-21 23:03:21,203 [1244ca21-2158-4cc7-9e07-ba347e145504@group-C1C12825AC52-LeaderElection1112] INFO  impl.LeaderElection (LeaderElection.java:askForVotes(178)) - 1244ca21-2158-4cc7-9e07-ba347e145504@group-C1C12825AC52-LeaderElection1112: begin an election at term 40 for -1: [1244ca21-2158-4cc7-9e07-ba347e145504:192.168.69.118:43370, 7c107f1d-8592-48e3-af71-5982c0af1f56:192.168.69.118:36514, d10c8639-03b1-4f19-ac0f-6419d7578d59:192.168.69.118:37568], old=null
2019-10-21 23:03:21,204 [grpc-default-executor-8] INFO  impl.RaftServerImpl (RaftServerImpl.java:setRole(184)) - 7c107f1d-8592-48e3-af71-5982c0af1f56@group-C1C12825AC52: changes role from  FOLLOWER to FOLLOWER at term 40 for recognizeCandidate:1244ca21-2158-4cc7-9e07-ba347e145504
2019-10-21 23:03:21,204 [grpc-default-executor-0] INFO  impl.RaftServerImpl (RaftServerImpl.java:setRole(184)) - d10c8639-03b1-4f19-ac0f-6419d7578d59@group-C1C12825AC52: changes role from  FOLLOWER to FOLLOWER at term 40 for recognizeCandidate:1244ca21-2158-4cc7-9e07-ba347e145504
2019-10-21 23:03:21,205 [grpc-default-executor-0] INFO  impl.RoleInfo (RoleInfo.java:shutdownFollowerState(121)) - d10c8639-03b1-4f19-ac0f-6419d7578d59: shutdown FollowerState
2019-10-21 23:03:21,205 [grpc-default-executor-0] INFO  impl.RoleInfo (RoleInfo.java:updateAndGet(143)) - d10c8639-03b1-4f19-ac0f-6419d7578d59: start FollowerState
2019-10-21 23:03:21,204 [grpc-default-executor-8] INFO  impl.RoleInfo (RoleInfo.java:shutdownFollowerState(121)) - 7c107f1d-8592-48e3-af71-5982c0af1f56: shutdown FollowerState
2019-10-21 23:03:21,205 [Thread-9721] INFO  impl.FollowerState (FollowerState.java:run(117)) - d10c8639-03b1-4f19-ac0f-6419d7578d59@group-C1C12825AC52-FollowerState was interrupted: java.lang.InterruptedException: sleep interrupted
2019-10-21 23:03:21,205 [grpc-default-executor-8] INFO  impl.RoleInfo (RoleInfo.java:updateAndGet(143)) - 7c107f1d-8592-48e3-af71-5982c0af1f56: start FollowerState
2019-10-21 23:03:21,205 [Thread-9720] INFO  impl.FollowerState (FollowerState.java:run(117)) - 7c107f1d-8592-48e3-af71-5982c0af1f56@group-C1C12825AC52-FollowerState was interrupted: java.lang.InterruptedException: sleep interrupted
2019-10-21 23:03:21,218 [1244ca21-2158-4cc7-9e07-ba347e145504@group-C1C12825AC52-LeaderElection1112] INFO  impl.LeaderElection (LeaderElection.java:logAndReturn(56)) - 1244ca21-2158-4cc7-9e07-ba347e145504@group-C1C12825AC52-LeaderElection1112: Election REJECTED; received 2 response(s) [1244ca21-2158-4cc7-9e07-ba347e145504<-7c107f1d-8592-48e3-af71-5982c0af1f56#0:FAIL-t40, 1244ca21-2158-4cc7-9e07-ba347e145504<-d10c8639-03b1-4f19-ac0f-6419d7578d59#0:FAIL-t40] and 0 exception(s); 1244ca21-2158-4cc7-9e07-ba347e145504@group-C1C12825AC52:t40, leader=null, voted=1244ca21-2158-4cc7-9e07-ba347e145504, raftlog=1244ca21-2158-4cc7-9e07-ba347e145504@group-C1C12825AC52-SegmentedRaftLog:OPENED:c-1,f-1,i0, conf=-1: [1244ca21-2158-4cc7-9e07-ba347e145504:192.168.69.118:43370, 7c107f1d-8592-48e3-af71-5982c0af1f56:192.168.69.118:36514, d10c8639-03b1-4f19-ac0f-6419d7578d59:192.168.69.118:37568], old=null
2019-10-21 23:03:21,218 [1244ca21-2158-4cc7-9e07-ba347e145504@group-C1C12825AC52-LeaderElection1112] INFO  impl.RaftServerImpl (RaftServerImpl.java:setRole(184)) - 1244ca21-2158-4cc7-9e07-ba347e145504@group-C1C12825AC52: changes role from CANDIDATE to FOLLOWER at term 40 for DISCOVERED_A_NEW_TERM
2019-10-21 23:03:21,218 [1244ca21-2158-4cc7-9e07-ba347e145504@group-C1C12825AC52-LeaderElection1112] INFO  impl.RoleInfo (RoleInfo.java:shutdownLeaderElection(134)) - 1244ca21-2158-4cc7-9e07-ba347e145504: shutdown LeaderElection
2019-10-21 23:03:21,218 [1244ca21-2158-4cc7-9e07-ba347e145504@group-C1C12825AC52-LeaderElection1112] INFO  impl.RoleInfo (RoleInfo.java:updateAndGet(143)) - 1244ca21-2158-4cc7-9e07-ba347e145504: start FollowerState
2019-10-21 23:03:21,412 [Thread-9732] INFO  impl.FollowerState (FollowerState.java:run(108)) - 1244ca21-2158-4cc7-9e07-ba347e145504@group-C1C12825AC52-FollowerState: change to CANDIDATE, lastRpcTime:194ms, electionTimeout:194ms
2019-10-21 23:03:21,412 [Thread-9732] INFO  impl.RoleInfo (RoleInfo.java:shutdownFollowerState(121)) - 1244ca21-2158-4cc7-9e07-ba347e145504: shutdown FollowerState
2019-10-21 23:03:21,412 [Thread-9732] INFO  impl.RaftServerImpl (RaftServerImpl.java:setRole(184)) - 1244ca21-2158-4cc7-9e07-ba347e145504@group-C1C12825AC52: changes role from  FOLLOWER to CANDIDATE at term 40 for changeToCandidate
2019-10-21 23:03:21,412 [Thread-9732] INFO  impl.RoleInfo (RoleInfo.java:updateAndGet(143)) - 1244ca21-2158-4cc7-9e07-ba347e145504: start LeaderElection
2019-10-21 23:03:21,434 [1244ca21-2158-4cc7-9e07-ba347e145504@group-C1C12825AC52-LeaderElection1113] INFO  impl.LeaderElection (LeaderElection.java:askForVotes(178)) - 1244ca21-2158-4cc7-9e07-ba347e145504@group-C1C12825AC52-LeaderElection1113: begin an election at term 41 for -1: [1244ca21-2158-4cc7-9e07-ba347e145504:192.168.69.118:43370, 7c107f1d-8592-48e3-af71-5982c0af1f56:192.168.69.118:36514, d10c8639-03b1-4f19-ac0f-6419d7578d59:192.168.69.118:37568], old=null
2019-10-21 23:03:21,435 [grpc-default-executor-8] INFO  impl.RaftServerImpl (RaftServerImpl.java:setRole(184)) - 7c107f1d-8592-48e3-af71-5982c0af1f56@group-C1C12825AC52: changes role from  FOLLOWER to FOLLOWER at term 41 for recognizeCandidate:1244ca21-2158-4cc7-9e07-ba347e145504
2019-10-21 23:03:21,435 [grpc-default-executor-5] INFO  impl.RaftServerImpl (RaftServerImpl.java:setRole(184)) - d10c8639-03b1-4f19-ac0f-6419d7578d59@group-C1C12825AC52: changes role from  FOLLOWER to FOLLOWER at term 41 for recognizeCandidate:1244ca21-2158-4cc7-9e07-ba347e145504
2019-10-21 23:03:21,435 [grpc-default-executor-8] INFO  impl.RoleInfo (RoleInfo.java:shutdownFollowerState(121)) - 7c107f1d-8592-48e3-af71-5982c0af1f56: shutdown FollowerState
2019-10-21 23:03:21,435 [grpc-default-executor-5] INFO  impl.RoleInfo (RoleInfo.java:shutdownFollowerState(121)) - d10c8639-03b1-4f19-ac0f-6419d7578d59: shutdown FollowerState
2019-10-21 23:03:21,435 [Thread-9731] INFO  impl.FollowerState (FollowerState.java:run(117)) - 7c107f1d-8592-48e3-af71-5982c0af1f56@group-C1C12825AC52-FollowerState was interrupted: java.lang.InterruptedException: sleep interrupted
2019-10-21 23:03:21,435 [grpc-default-executor-8] INFO  impl.RoleInfo (RoleInfo.java:updateAndGet(143)) - 7c107f1d-8592-48e3-af71-5982c0af1f56: start FollowerState
2019-10-21 23:03:21,435 [Thread-9730] INFO  impl.FollowerState (FollowerState.java:run(117)) - d10c8639-03b1-4f19-ac0f-6419d7578d59@group-C1C12825AC52-FollowerState was interrupted: java.lang.InterruptedException: sleep interrupted
2019-10-21 23:03:21,435 [grpc-default-executor-5] INFO  impl.RoleInfo (RoleInfo.java:updateAndGet(143)) - d10c8639-03b1-4f19-ac0f-6419d7578d59: start FollowerState
2019-10-21 23:03:21,438 [1244ca21-2158-4cc7-9e07-ba347e145504@group-C1C12825AC52-LeaderElection1113] INFO  impl.LeaderElection (LeaderElection.java:logAndReturn(56)) - 1244ca21-2158-4cc7-9e07-ba347e145504@group-C1C12825AC52-LeaderElection1113: Election TIMEOUT; received 0 response(s) [] and 0 exception(s); 1244ca21-2158-4cc7-9e07-ba347e145504@group-C1C12825AC52:t41, leader=null, voted=1244ca21-2158-4cc7-9e07-ba347e145504, raftlog=1244ca21-2158-4cc7-9e07-ba347e145504@group-C1C12825AC52-SegmentedRaftLog:OPENED:c-1,f-1,i0, conf=-1: [1244ca21-2158-4cc7-9e07-ba347e145504:192.168.69.118:43370, 7c107f1d-8592-48e3-af71-5982c0af1f56:192.168.69.118:36514, d10c8639-03b1-4f19-ac0f-6419d7578d59:192.168.69.118:37568], old=null
2019-10-21 23:03:21,462 [1244ca21-2158-4cc7-9e07-ba347e145504@group-C1C12825AC52-LeaderElection1113] INFO  impl.LeaderElection (LeaderElection.java:askForVotes(178)) - 1244ca21-2158-4cc7-9e07-ba347e145504@group-C1C12825AC52-LeaderElection1113: begin an election at term 42 for -1: [1244ca21-2158-4cc7-9e07-ba347e145504:192.168.69.118:43370, 7c107f1d-8592-48e3-af71-5982c0af1f56:192.168.69.118:36514, d10c8639-03b1-4f19-ac0f-6419d7578d59:192.168.69.118:37568], old=null
2019-10-21 23:03:21,463 [grpc-default-executor-5] INFO  impl.RaftServerImpl (RaftServerImpl.java:setRole(184)) - 7c107f1d-8592-48e3-af71-5982c0af1f56@group-C1C12825AC52: changes role from  FOLLOWER to FOLLOWER at term 42 for recognizeCandidate:1244ca21-2158-4cc7-9e07-ba347e145504
2019-10-21 23:03:21,463 [grpc-default-executor-8] INFO  impl.RaftServerImpl (RaftServerImpl.java:setRole(184)) - d10c8639-03b1-4f19-ac0f-6419d7578d59@group-C1C12825AC52: changes role from  FOLLOWER to FOLLOWER at term 42 for recognizeCandidate:1244ca21-2158-4cc7-9e07-ba347e145504
2019-10-21 23:03:21,463 [grpc-default-executor-8] INFO  impl.RoleInfo (RoleInfo.java:shutdownFollowerState(121)) - d10c8639-03b1-4f19-ac0f-6419d7578d59: shutdown FollowerState
2019-10-21 23:03:21,463 [grpc-default-executor-5] INFO  impl.RoleInfo (RoleInfo.java:shutdownFollowerState(121)) - 7c107f1d-8592-48e3-af71-5982c0af1f56: shutdown FollowerState
2019-10-21 23:03:21,463 [grpc-default-executor-8] INFO  impl.RoleInfo (RoleInfo.java:updateAndGet(143)) - d10c8639-03b1-4f19-ac0f-6419d7578d59: start FollowerState
2019-10-21 23:03:21,463 [Thread-9739] INFO  impl.FollowerState (FollowerState.java:run(117)) - d10c8639-03b1-4f19-ac0f-6419d7578d59@group-C1C12825AC52-FollowerState was interrupted: java.lang.InterruptedException: sleep interrupted
2019-10-21 23:03:21,463 [Thread-9738] INFO  impl.FollowerState (FollowerState.java:run(117)) - 7c107f1d-8592-48e3-af71-5982c0af1f56@group-C1C12825AC52-FollowerState was interrupted: java.lang.InterruptedException: sleep interrupted
2019-10-21 23:03:21,463 [grpc-default-executor-5] INFO  impl.RoleInfo (RoleInfo.java:updateAndGet(143)) - 7c107f1d-8592-48e3-af71-5982c0af1f56: start FollowerState
2019-10-21 23:03:21,489 [1244ca21-2158-4cc7-9e07-ba347e145504@group-C1C12825AC52-LeaderElection1113] INFO  impl.LeaderElection (LeaderElection.java:logAndReturn(56)) - 1244ca21-2158-4cc7-9e07-ba347e145504@group-C1C12825AC52-LeaderElection1113: Election REJECTED; received 2 response(s) [1244ca21-2158-4cc7-9e07-ba347e145504<-7c107f1d-8592-48e3-af71-5982c0af1f56#0:FAIL-t42, 1244ca21-2158-4cc7-9e07-ba347e145504<-d10c8639-03b1-4f19-ac0f-6419d7578d59#0:FAIL-t42] and 0 exception(s); 1244ca21-2158-4cc7-9e07-ba347e145504@group-C1C12825AC52:t42, leader=null, voted=1244ca21-2158-4cc7-9e07-ba347e145504, raftlog=1244ca21-2158-4cc7-9e07-ba347e145504@group-C1C12825AC52-SegmentedRaftLog:OPENED:c-1,f-1,i0, conf=-1: [1244ca21-2158-4cc7-9e07-ba347e145504:192.168.69.118:43370, 7c107f1d-8592-48e3-af71-5982c0af1f56:192.168.69.118:36514, d10c8639-03b1-4f19-ac0f-6419d7578d59:192.168.69.118:37568], old=null
2019-10-21 23:03:21,489 [1244ca21-2158-4cc7-9e07-ba347e145504@group-C1C12825AC52-LeaderElection1113] INFO  impl.RaftServerImpl (RaftServerImpl.java:setRole(184)) - 1244ca21-2158-4cc7-9e07-ba347e145504@group-C1C12825AC52: changes role from CANDIDATE to FOLLOWER at term 42 for DISCOVERED_A_NEW_TERM
2019-10-21 23:03:21,489 [1244ca21-2158-4cc7-9e07-ba347e145504@group-C1C12825AC52-LeaderElection1113] INFO  impl.RoleInfo (RoleInfo.java:shutdownLeaderElection(134)) - 1244ca21-2158-4cc7-9e07-ba347e145504: shutdown LeaderElection
2019-10-21 23:03:21,490 [1244ca21-2158-4cc7-9e07-ba347e145504@group-C1C12825AC52-LeaderElection1113] INFO  impl.RoleInfo (RoleInfo.java:updateAndGet(143)) - 1244ca21-2158-4cc7-9e07-ba347e145504: start FollowerState
2019-10-21 23:03:21,571 [Thread-9744] INFO  impl.FollowerState (FollowerState.java:run(108)) - 1244ca21-2158-4cc7-9e07-ba347e145504@group-C1C12825AC52-FollowerState: change to CANDIDATE, lastRpcTime:81ms, electionTimeout:81ms
2019-10-21 23:03:21,571 [Thread-9744] INFO  impl.RoleInfo (RoleInfo.java:shutdownFollowerState(121)) - 1244ca21-2158-4cc7-9e07-ba347e145504: shutdown FollowerState
2019-10-21 23:03:21,571 [Thread-9744] INFO  impl.RaftServerImpl (RaftServerImpl.java:setRole(184)) - 1244ca21-2158-4cc7-9e07-ba347e145504@group-C1C12825AC52: changes role from  FOLLOWER to CANDIDATE at term 42 for changeToCandidate
2019-10-21 23:03:21,571 [Thread-9744] INFO  impl.RoleInfo (RoleInfo.java:updateAndGet(143)) - 1244ca21-2158-4cc7-9e07-ba347e145504: start LeaderElection
2019-10-21 23:03:21,585 [1244ca21-2158-4cc7-9e07-ba347e145504@group-C1C12825AC52-LeaderElection1114] INFO  impl.LeaderElection (LeaderElection.java:askForVotes(178)) - 1244ca21-2158-4cc7-9e07-ba347e145504@group-C1C12825AC52-LeaderElection1114: begin an election at term 43 for -1: [1244ca21-2158-4cc7-9e07-ba347e145504:192.168.69.118:43370, 7c107f1d-8592-48e3-af71-5982c0af1f56:192.168.69.118:36514, d10c8639-03b1-4f19-ac0f-6419d7578d59:192.168.69.118:37568], old=null
2019-10-21 23:03:21,586 [grpc-default-executor-8] INFO  impl.RaftServerImpl (RaftServerImpl.java:setRole(184)) - d10c8639-03b1-4f19-ac0f-6419d7578d59@group-C1C12825AC52: changes role from  FOLLOWER to FOLLOWER at term 43 for recognizeCandidate:1244ca21-2158-4cc7-9e07-ba347e145504
2019-10-21 23:03:21,586 [grpc-default-executor-8] INFO  impl.RoleInfo (RoleInfo.java:shutdownFollowerState(121)) - d10c8639-03b1-4f19-ac0f-6419d7578d59: shutdown FollowerState
2019-10-21 23:03:21,586 [grpc-default-executor-8] INFO  impl.RoleInfo (RoleInfo.java:updateAndGet(143)) - d10c8639-03b1-4f19-ac0f-6419d7578d59: start FollowerState
2019-10-21 23:03:21,586 [Thread-9742] INFO  impl.FollowerState (FollowerState.java:run(117)) - d10c8639-03b1-4f19-ac0f-6419d7578d59@group-C1C12825AC52-FollowerState was interrupted: java.lang.InterruptedException: sleep interrupted
2019-10-21 23:03:21,588 [grpc-default-executor-5] INFO  impl.RaftServerImpl (RaftServerImpl.java:setRole(184)) - 7c107f1d-8592-48e3-af71-5982c0af1f56@group-C1C12825AC52: changes role from  FOLLOWER to FOLLOWER at term 43 for recognizeCandidate:1244ca21-2158-4cc7-9e07-ba347e145504
2019-10-21 23:03:21,588 [grpc-default-executor-5] INFO  impl.RoleInfo (RoleInfo.java:shutdownFollowerState(121)) - 7c107f1d-8592-48e3-af71-5982c0af1f56: shutdown FollowerState
2019-10-21 23:03:21,588 [grpc-default-executor-5] INFO  impl.RoleInfo (RoleInfo.java:updateAndGet(143)) - 7c107f1d-8592-48e3-af71-5982c0af1f56: start FollowerState
2019-10-21 23:03:21,588 [Thread-9743] INFO  impl.FollowerState (FollowerState.java:run(117)) - 7c107f1d-8592-48e3-af71-5982c0af1f56@group-C1C12825AC52-FollowerState was interrupted: java.lang.InterruptedException: sleep interrupted
2019-10-21 23:03:21,595 [1244ca21-2158-4cc7-9e07-ba347e145504@group-C1C12825AC52-LeaderElection1114] INFO  impl.LeaderElection (LeaderElection.java:logAndReturn(56)) - 1244ca21-2158-4cc7-9e07-ba347e145504@group-C1C12825AC52-LeaderElection1114: Election REJECTED; received 2 response(s) [1244ca21-2158-4cc7-9e07-ba347e145504<-7c107f1d-8592-48e3-af71-5982c0af1f56#0:FAIL-t43, 1244ca21-2158-4cc7-9e07-ba347e145504<-d10c8639-03b1-4f19-ac0f-6419d7578d59#0:FAIL-t43] and 0 exception(s); 1244ca21-2158-4cc7-9e07-ba347e145504@group-C1C12825AC52:t43, leader=null, voted=1244ca21-2158-4cc7-9e07-ba347e145504, raftlog=1244ca21-2158-4cc7-9e07-ba347e145504@group-C1C12825AC52-SegmentedRaftLog:OPENED:c-1,f-1,i0, conf=-1: [1244ca21-2158-4cc7-9e07-ba347e145504:192.168.69.118:43370, 7c107f1d-8592-48e3-af71-5982c0af1f56:192.168.69.118:36514, d10c8639-03b1-4f19-ac0f-6419d7578d59:192.168.69.118:37568], old=null
2019-10-21 23:03:21,595 [1244ca21-2158-4cc7-9e07-ba347e145504@group-C1C12825AC52-LeaderElection1114] INFO  impl.RaftServerImpl (RaftServerImpl.java:setRole(184)) - 1244ca21-2158-4cc7-9e07-ba347e145504@group-C1C12825AC52: changes role from CANDIDATE to FOLLOWER at term 43 for DISCOVERED_A_NEW_TERM
2019-10-21 23:03:21,595 [1244ca21-2158-4cc7-9e07-ba347e145504@group-C1C12825AC52-LeaderElection1114] INFO  impl.RoleInfo (RoleInfo.java:shutdownLeaderElection(134)) - 1244ca21-2158-4cc7-9e07-ba347e145504: shutdown LeaderElection
2019-10-21 23:03:21,595 [1244ca21-2158-4cc7-9e07-ba347e145504@group-C1C12825AC52-LeaderElection1114] INFO  impl.RoleInfo (RoleInfo.java:updateAndGet(143)) - 1244ca21-2158-4cc7-9e07-ba347e145504: start FollowerState
2019-10-21 23:03:21,758 [Thread-9750] INFO  impl.FollowerState (FollowerState.java:run(108)) - 1244ca21-2158-4cc7-9e07-ba347e145504@group-C1C12825AC52-FollowerState: change to CANDIDATE, lastRpcTime:163ms, electionTimeout:163ms
2019-10-21 23:03:21,758 [Thread-9750] INFO  impl.RoleInfo (RoleInfo.java:shutdownFollowerState(121)) - 1244ca21-2158-4cc7-9e07-ba347e145504: shutdown FollowerState
2019-10-21 23:03:21,759 [Thread-9750] INFO  impl.RaftServerImpl (RaftServerImpl.java:setRole(184)) - 1244ca21-2158-4cc7-9e07-ba347e145504@group-C1C12825AC52: changes role from  FOLLOWER to CANDIDATE at term 43 for changeToCandidate
2019-10-21 23:03:21,759 [Thread-9750] INFO  impl.RoleInfo (RoleInfo.java:updateAndGet(143)) - 1244ca21-2158-4cc7-9e07-ba347e145504: start LeaderElection
2019-10-21 23:03:21,762 [1244ca21-2158-4cc7-9e07-ba347e145504@group-C1C12825AC52-LeaderElection1115] INFO  impl.LeaderElection (LeaderElection.java:askForVotes(178)) - 1244ca21-2158-4cc7-9e07-ba347e145504@group-C1C12825AC52-LeaderElection1115: begin an election at term 44 for -1: [1244ca21-2158-4cc7-9e07-ba347e145504:192.168.69.118:43370, 7c107f1d-8592-48e3-af71-5982c0af1f56:192.168.69.118:36514, d10c8639-03b1-4f19-ac0f-6419d7578d59:192.168.69.118:37568], old=null
2019-10-21 23:03:21,763 [grpc-default-executor-5] INFO  impl.RaftServerImpl (RaftServerImpl.java:setRole(184)) - 7c107f1d-8592-48e3-af71-5982c0af1f56@group-C1C12825AC52: changes role from  FOLLOWER to FOLLOWER at term 44 for recognizeCandidate:1244ca21-2158-4cc7-9e07-ba347e145504
2019-10-21 23:03:21,763 [grpc-default-executor-5] INFO  impl.RoleInfo (RoleInfo.java:shutdownFollowerState(121)) - 7c107f1d-8592-48e3-af71-5982c0af1f56: shutdown FollowerState
2019-10-21 23:03:21,763 [grpc-default-executor-8] INFO  impl.RaftServerImpl (RaftServerImpl.java:setRole(184)) - d10c8639-03b1-4f19-ac0f-6419d7578d59@group-C1C12825AC52: changes role from  FOLLOWER to FOLLOWER at term 44 for recognizeCandidate:1244ca21-2158-4cc7-9e07-ba347e145504
2019-10-21 23:03:21,764 [grpc-default-executor-8] INFO  impl.RoleInfo (RoleInfo.java:shutdownFollowerState(121)) - d10c8639-03b1-4f19-ac0f-6419d7578d59: shutdown FollowerState
2019-10-21 23:03:21,763 [Thread-9749] INFO  impl.FollowerState (FollowerState.java:run(117)) - 7c107f1d-8592-48e3-af71-5982c0af1f56@group-C1C12825AC52-FollowerState was interrupted: java.lang.InterruptedException: sleep interrupted
2019-10-21 23:03:21,763 [grpc-default-executor-5] INFO  impl.RoleInfo (RoleInfo.java:updateAndGet(143)) - 7c107f1d-8592-48e3-af71-5982c0af1f56: start FollowerState
2019-10-21 23:03:21,764 [Thread-9748] INFO  impl.FollowerState (FollowerState.java:run(117)) - d10c8639-03b1-4f19-ac0f-6419d7578d59@group-C1C12825AC52-FollowerState was interrupted: java.lang.InterruptedException: sleep interrupted
2019-10-21 23:03:21,764 [grpc-default-executor-8] INFO  impl.RoleInfo (RoleInfo.java:updateAndGet(143)) - d10c8639-03b1-4f19-ac0f-6419d7578d59: start FollowerState
2019-10-21 23:03:21,790 [1244ca21-2158-4cc7-9e07-ba347e145504@group-C1C12825AC52-LeaderElection1115] INFO  impl.LeaderElection (LeaderElection.java:logAndReturn(56)) - 1244ca21-2158-4cc7-9e07-ba347e145504@group-C1C12825AC52-LeaderElection1115: Election REJECTED; received 2 response(s) [1244ca21-2158-4cc7-9e07-ba347e145504<-7c107f1d-8592-48e3-af71-5982c0af1f56#0:FAIL-t44, 1244ca21-2158-4cc7-9e07-ba347e145504<-d10c8639-03b1-4f19-ac0f-6419d7578d59#0:FAIL-t44] and 0 exception(s); 1244ca21-2158-4cc7-9e07-ba347e145504@group-C1C12825AC52:t44, leader=null, voted=1244ca21-2158-4cc7-9e07-ba347e145504, raftlog=1244ca21-2158-4cc7-9e07-ba347e145504@group-C1C12825AC52-SegmentedRaftLog:OPENED:c-1,f-1,i0, conf=-1: [1244ca21-2158-4cc7-9e07-ba347e145504:192.168.69.118:43370, 7c107f1d-8592-48e3-af71-5982c0af1f56:192.168.69.118:36514, d10c8639-03b1-4f19-ac0f-6419d7578d59:192.168.69.118:37568], old=null
2019-10-21 23:03:21,790 [1244ca21-2158-4cc7-9e07-ba347e145504@group-C1C12825AC52-LeaderElection1115] INFO  impl.RaftServerImpl (RaftServerImpl.java:setRole(184)) - 1244ca21-2158-4cc7-9e07-ba347e145504@group-C1C12825AC52: changes role from CANDIDATE to FOLLOWER at term 44 for DISCOVERED_A_NEW_TERM
2019-10-21 23:03:21,790 [1244ca21-2158-4cc7-9e07-ba347e145504@group-C1C12825AC52-LeaderElection1115] INFO  impl.RoleInfo (RoleInfo.java:shutdownLeaderElection(134)) - 1244ca21-2158-4cc7-9e07-ba347e145504: shutdown LeaderElection
2019-10-21 23:03:21,790 [1244ca21-2158-4cc7-9e07-ba347e145504@group-C1C12825AC52-LeaderElection1115] INFO  impl.RoleInfo (RoleInfo.java:updateAndGet(143)) - 1244ca21-2158-4cc7-9e07-ba347e145504: start FollowerState
2019-10-21 23:03:21,888 [Thread-9760] INFO  impl.FollowerState (FollowerState.java:run(108)) - 1244ca21-2158-4cc7-9e07-ba347e145504@group-C1C12825AC52-FollowerState: change to CANDIDATE, lastRpcTime:98ms, electionTimeout:98ms
2019-10-21 23:03:21,888 [Thread-9760] INFO  impl.RoleInfo (RoleInfo.java:shutdownFollowerState(121)) - 1244ca21-2158-4cc7-9e07-ba347e145504: shutdown FollowerState
2019-10-21 23:03:21,888 [Thread-9760] INFO  impl.RaftServerImpl (RaftServerImpl.java:setRole(184)) - 1244ca21-2158-4cc7-9e07-ba347e145504@group-C1C12825AC52: changes role from  FOLLOWER to CANDIDATE at term 44 for changeToCandidate
2019-10-21 23:03:21,889 [Thread-9760] INFO  impl.RoleInfo (RoleInfo.java:updateAndGet(143)) - 1244ca21-2158-4cc7-9e07-ba347e145504: start LeaderElection
2019-10-21 23:03:21,914 [1244ca21-2158-4cc7-9e07-ba347e145504@group-C1C12825AC52-LeaderElection1116] INFO  impl.LeaderElection (LeaderElection.java:askForVotes(178)) - 1244ca21-2158-4cc7-9e07-ba347e145504@group-C1C12825AC52-LeaderElection1116: begin an election at term 45 for -1: [1244ca21-2158-4cc7-9e07-ba347e145504:192.168.69.118:43370, 7c107f1d-8592-48e3-af71-5982c0af1f56:192.168.69.118:36514, d10c8639-03b1-4f19-ac0f-6419d7578d59:192.168.69.118:37568], old=null
2019-10-21 23:03:21,915 [grpc-default-executor-8] INFO  impl.RaftServerImpl (RaftServerImpl.java:setRole(184)) - 7c107f1d-8592-48e3-af71-5982c0af1f56@group-C1C12825AC52: changes role from  FOLLOWER to FOLLOWER at term 45 for recognizeCandidate:1244ca21-2158-4cc7-9e07-ba347e145504
2019-10-21 23:03:21,915 [grpc-default-executor-8] INFO  impl.RoleInfo (RoleInfo.java:shutdownFollowerState(121)) - 7c107f1d-8592-48e3-af71-5982c0af1f56: shutdown FollowerState
2019-10-21 23:03:21,915 [grpc-default-executor-5] INFO  impl.RaftServerImpl (RaftServerImpl.java:setRole(184)) - d10c8639-03b1-4f19-ac0f-6419d7578d59@group-C1C12825AC52: changes role from  FOLLOWER to FOLLOWER at term 45 for recognizeCandidate:1244ca21-2158-4cc7-9e07-ba347e145504
2019-10-21 23:03:21,915 [grpc-default-executor-8] INFO  impl.RoleInfo (RoleInfo.java:updateAndGet(143)) - 7c107f1d-8592-48e3-af71-5982c0af1f56: start FollowerState
2019-10-21 23:03:21,915 [Thread-9758] INFO  impl.FollowerState (FollowerState.java:run(117)) - 7c107f1d-8592-48e3-af71-5982c0af1f56@group-C1C12825AC52-FollowerState was interrupted: java.lang.InterruptedException: sleep interrupted
2019-10-21 23:03:21,915 [grpc-default-executor-5] INFO  impl.RoleInfo (RoleInfo.java:shutdownFollowerState(121)) - d10c8639-03b1-4f19-ac0f-6419d7578d59: shutdown FollowerState
2019-10-21 23:03:21,916 [grpc-default-executor-5] INFO  impl.RoleInfo (RoleInfo.java:updateAndGet(143)) - d10c8639-03b1-4f19-ac0f-6419d7578d59: start FollowerState
2019-10-21 23:03:21,916 [Thread-9759] INFO  impl.FollowerState (FollowerState.java:run(117)) - d10c8639-03b1-4f19-ac0f-6419d7578d59@group-C1C12825AC52-FollowerState was interrupted: java.lang.InterruptedException: sleep interrupted
2019-10-21 23:03:21,930 [1244ca21-2158-4cc7-9e07-ba347e145504@group-C1C12825AC52-LeaderElection1116] INFO  impl.LeaderElection (LeaderElection.java:logAndReturn(56)) - 1244ca21-2158-4cc7-9e07-ba347e145504@group-C1C12825AC52-LeaderElection1116: Election REJECTED; received 2 response(s) [1244ca21-2158-4cc7-9e07-ba347e145504<-7c107f1d-8592-48e3-af71-5982c0af1f56#0:FAIL-t45, 1244ca21-2158-4cc7-9e07-ba347e145504<-d10c8639-03b1-4f19-ac0f-6419d7578d59#0:FAIL-t45] and 0 exception(s); 1244ca21-2158-4cc7-9e07-ba347e145504@group-C1C12825AC52:t45, leader=null, voted=1244ca21-2158-4cc7-9e07-ba347e145504, raftlog=1244ca21-2158-4cc7-9e07-ba347e145504@group-C1C12825AC52-SegmentedRaftLog:OPENED:c-1,f-1,i0, conf=-1: [1244ca21-2158-4cc7-9e07-ba347e145504:192.168.69.118:43370, 7c107f1d-8592-48e3-af71-5982c0af1f56:192.168.69.118:36514, d10c8639-03b1-4f19-ac0f-6419d7578d59:192.168.69.118:37568], old=null
2019-10-21 23:03:21,931 [1244ca21-2158-4cc7-9e07-ba347e145504@group-C1C12825AC52-LeaderElection1116] INFO  impl.RaftServerImpl (RaftServerImpl.java:setRole(184)) - 1244ca21-2158-4cc7-9e07-ba347e145504@group-C1C12825AC52: changes role from CANDIDATE to FOLLOWER at term 45 for DISCOVERED_A_NEW_TERM
2019-10-21 23:03:21,931 [1244ca21-2158-4cc7-9e07-ba347e145504@group-C1C12825AC52-LeaderElection1116] INFO  impl.RoleInfo (RoleInfo.java:shutdownLeaderElection(134)) - 1244ca21-2158-4cc7-9e07-ba347e145504: shutdown LeaderElection
2019-10-21 23:03:21,931 [1244ca21-2158-4cc7-9e07-ba347e145504@group-C1C12825AC52-LeaderElection1116] INFO  impl.RoleInfo (RoleInfo.java:updateAndGet(143)) - 1244ca21-2158-4cc7-9e07-ba347e145504: start FollowerState
2019-10-21 23:03:22,043 [Thread-9766] INFO  impl.FollowerState (FollowerState.java:run(108)) - 1244ca21-2158-4cc7-9e07-ba347e145504@group-C1C12825AC52-FollowerState: change to CANDIDATE, lastRpcTime:112ms, electionTimeout:112ms
2019-10-21 23:03:22,043 [Thread-9766] INFO  impl.RoleInfo (RoleInfo.java:shutdownFollowerState(121)) - 1244ca21-2158-4cc7-9e07-ba347e145504: shutdown FollowerState
2019-10-21 23:03:22,043 [Thread-9766] INFO  impl.RaftServerImpl (RaftServerImpl.java:setRole(184)) - 1244ca21-2158-4cc7-9e07-ba347e145504@group-C1C12825AC52: changes role from  FOLLOWER to CANDIDATE at term 45 for changeToCandidate
2019-10-21 23:03:22,043 [Thread-9766] INFO  impl.RoleInfo (RoleInfo.java:updateAndGet(143)) - 1244ca21-2158-4cc7-9e07-ba347e145504: start LeaderElection
2019-10-21 23:03:22,046 [1244ca21-2158-4cc7-9e07-ba347e145504@group-C1C12825AC52-LeaderElection1117] INFO  impl.LeaderElection (LeaderElection.java:askForVotes(178)) - 1244ca21-2158-4cc7-9e07-ba347e145504@group-C1C12825AC52-LeaderElection1117: begin an election at term 46 for -1: [1244ca21-2158-4cc7-9e07-ba347e145504:192.168.69.118:43370, 7c107f1d-8592-48e3-af71-5982c0af1f56:192.168.69.118:36514, d10c8639-03b1-4f19-ac0f-6419d7578d59:192.168.69.118:37568], old=null
2019-10-21 23:03:22,047 [grpc-default-executor-5] INFO  impl.RaftServerImpl (RaftServerImpl.java:setRole(184)) - 7c107f1d-8592-48e3-af71-5982c0af1f56@group-C1C12825AC52: changes role from  FOLLOWER to FOLLOWER at term 46 for recognizeCandidate:1244ca21-2158-4cc7-9e07-ba347e145504
2019-10-21 23:03:22,048 [grpc-default-executor-5] INFO  impl.RoleInfo (RoleInfo.java:shutdownFollowerState(121)) - 7c107f1d-8592-48e3-af71-5982c0af1f56: shutdown FollowerState
2019-10-21 23:03:22,048 [grpc-default-executor-5] INFO  impl.RoleInfo (RoleInfo.java:updateAndGet(143)) - 7c107f1d-8592-48e3-af71-5982c0af1f56: start FollowerState
2019-10-21 23:03:22,048 [Thread-9764] INFO  impl.FollowerState (FollowerState.java:run(117)) - 7c107f1d-8592-48e3-af71-5982c0af1f56@group-C1C12825AC52-FollowerState was interrupted: java.lang.InterruptedException: sleep interrupted
2019-10-21 23:03:22,050 [grpc-default-executor-8] INFO  impl.RaftServerImpl (RaftServerImpl.java:setRole(184)) - d10c8639-03b1-4f19-ac0f-6419d7578d59@group-C1C12825AC52: changes role from  FOLLOWER to FOLLOWER at term 46 for recognizeCandidate:1244ca21-2158-4cc7-9e07-ba347e145504
2019-10-21 23:03:22,050 [grpc-default-executor-8] INFO  impl.RoleInfo (RoleInfo.java:shutdownFollowerState(121)) - d10c8639-03b1-4f19-ac0f-6419d7578d59: shutdown FollowerState
2019-10-21 23:03:22,050 [grpc-default-executor-8] INFO  impl.RoleInfo (RoleInfo.java:updateAndGet(143)) - d10c8639-03b1-4f19-ac0f-6419d7578d59: start FollowerState
2019-10-21 23:03:22,050 [Thread-9765] INFO  impl.FollowerState (FollowerState.java:run(117)) - d10c8639-03b1-4f19-ac0f-6419d7578d59@group-C1C12825AC52-FollowerState was interrupted: java.lang.InterruptedException: sleep interrupted
2019-10-21 23:03:22,061 [1244ca21-2158-4cc7-9e07-ba347e145504@group-C1C12825AC52-LeaderElection1117] INFO  impl.LeaderElection (LeaderElection.java:logAndReturn(56)) - 1244ca21-2158-4cc7-9e07-ba347e145504@group-C1C12825AC52-LeaderElection1117: Election REJECTED; received 2 response(s) [1244ca21-2158-4cc7-9e07-ba347e145504<-7c107f1d-8592-48e3-af71-5982c0af1f56#0:FAIL-t46, 1244ca21-2158-4cc7-9e07-ba347e145504<-d10c8639-03b1-4f19-ac0f-6419d7578d59#0:FAIL-t46] and 0 exception(s); 1244ca21-2158-4cc7-9e07-ba347e145504@group-C1C12825AC52:t46, leader=null, voted=1244ca21-2158-4cc7-9e07-ba347e145504, raftlog=1244ca21-2158-4cc7-9e07-ba347e145504@group-C1C12825AC52-SegmentedRaftLog:OPENED:c-1,f-1,i0, conf=-1: [1244ca21-2158-4cc7-9e07-ba347e145504:192.168.69.118:43370, 7c107f1d-8592-48e3-af71-5982c0af1f56:192.168.69.118:36514, d10c8639-03b1-4f19-ac0f-6419d7578d59:192.168.69.118:37568], old=null
2019-10-21 23:03:22,061 [1244ca21-2158-4cc7-9e07-ba347e145504@group-C1C12825AC52-LeaderElection1117] INFO  impl.RaftServerImpl (RaftServerImpl.java:setRole(184)) - 1244ca21-2158-4cc7-9e07-ba347e145504@group-C1C12825AC52: changes role from CANDIDATE to FOLLOWER at term 46 for DISCOVERED_A_NEW_TERM
2019-10-21 23:03:22,061 [1244ca21-2158-4cc7-9e07-ba347e145504@group-C1C12825AC52-LeaderElection1117] INFO  impl.RoleInfo (RoleInfo.java:shutdownLeaderElection(134)) - 1244ca21-2158-4cc7-9e07-ba347e145504: shutdown LeaderElection
2019-10-21 23:03:22,061 [1244ca21-2158-4cc7-9e07-ba347e145504@group-C1C12825AC52-LeaderElection1117] INFO  impl.RoleInfo (RoleInfo.java:updateAndGet(143)) - 1244ca21-2158-4cc7-9e07-ba347e145504: start FollowerState
2019-10-21 23:03:22,150 [Thread-9772] INFO  impl.FollowerState (FollowerState.java:run(108)) - 1244ca21-2158-4cc7-9e07-ba347e145504@group-C1C12825AC52-FollowerState: change to CANDIDATE, lastRpcTime:89ms, electionTimeout:89ms
2019-10-21 23:03:22,151 [Thread-9772] INFO  impl.RoleInfo (RoleInfo.java:shutdownFollowerState(121)) - 1244ca21-2158-4cc7-9e07-ba347e145504: shutdown FollowerState
2019-10-21 23:03:22,151 [Thread-9772] INFO  impl.RaftServerImpl (RaftServerImpl.java:setRole(184)) - 1244ca21-2158-4cc7-9e07-ba347e145504@group-C1C12825AC52: changes role from  FOLLOWER to CANDIDATE at term 46 for changeToCandidate
2019-10-21 23:03:22,151 [Thread-9772] INFO  impl.RoleInfo (RoleInfo.java:updateAndGet(143)) - 1244ca21-2158-4cc7-9e07-ba347e145504: start LeaderElection
2019-10-21 23:03:22,164 [1244ca21-2158-4cc7-9e07-ba347e145504@group-C1C12825AC52-LeaderElection1118] INFO  impl.LeaderElection (LeaderElection.java:askForVotes(178)) - 1244ca21-2158-4cc7-9e07-ba347e145504@group-C1C12825AC52-LeaderElection1118: begin an election at term 47 for -1: [1244ca21-2158-4cc7-9e07-ba347e145504:192.168.69.118:43370, 7c107f1d-8592-48e3-af71-5982c0af1f56:192.168.69.118:36514, d10c8639-03b1-4f19-ac0f-6419d7578d59:192.168.69.118:37568], old=null
2019-10-21 23:03:22,165 [grpc-default-executor-8] INFO  impl.RaftServerImpl (RaftServerImpl.java:setRole(184)) - 7c107f1d-8592-48e3-af71-5982c0af1f56@group-C1C12825AC52: changes role from  FOLLOWER to FOLLOWER at term 47 for recognizeCandidate:1244ca21-2158-4cc7-9e07-ba347e145504
2019-10-21 23:03:22,165 [grpc-default-executor-8] INFO  impl.RoleInfo (RoleInfo.java:shutdownFollowerState(121)) - 7c107f1d-8592-48e3-af71-5982c0af1f56: shutdown FollowerState
2019-10-21 23:03:22,165 [grpc-default-executor-5] INFO  impl.RaftServerImpl (RaftServerImpl.java:setRole(184)) - d10c8639-03b1-4f19-ac0f-6419d7578d59@group-C1C12825AC52: changes role from  FOLLOWER to FOLLOWER at term 47 for recognizeCandidate:1244ca21-2158-4cc7-9e07-ba347e145504
2019-10-21 23:03:22,165 [Thread-9770] INFO  impl.FollowerState (FollowerState.java:run(117)) - 7c107f1d-8592-48e3-af71-5982c0af1f56@group-C1C12825AC52-FollowerState was interrupted: java.lang.InterruptedException: sleep interrupted
2019-10-21 23:03:22,165 [grpc-default-executor-8] INFO  impl.RoleInfo (RoleInfo.java:updateAndGet(143)) - 7c107f1d-8592-48e3-af71-5982c0af1f56: start FollowerState
2019-10-21 23:03:22,165 [grpc-default-executor-5] INFO  impl.RoleInfo (RoleInfo.java:shutdownFollowerState(121)) - d10c8639-03b1-4f19-ac0f-6419d7578d59: shutdown FollowerState
2019-10-21 23:03:22,165 [grpc-default-executor-5] INFO  impl.RoleInfo (RoleInfo.java:updateAndGet(143)) - d10c8639-03b1-4f19-ac0f-6419d7578d59: start FollowerState
2019-10-21 23:03:22,165 [Thread-9771] INFO  impl.FollowerState (FollowerState.java:run(117)) - d10c8639-03b1-4f19-ac0f-6419d7578d59@group-C1C12825AC52-FollowerState was interrupted: java.lang.InterruptedException: sleep interrupted
2019-10-21 23:03:22,180 [1244ca21-2158-4cc7-9e07-ba347e145504@group-C1C12825AC52-LeaderElection1118] INFO  impl.LeaderElection (LeaderElection.java:logAndReturn(56)) - 1244ca21-2158-4cc7-9e07-ba347e145504@group-C1C12825AC52-LeaderElection1118: Election REJECTED; received 2 response(s) [1244ca21-2158-4cc7-9e07-ba347e145504<-7c107f1d-8592-48e3-af71-5982c0af1f56#0:FAIL-t47, 1244ca21-2158-4cc7-9e07-ba347e145504<-d10c8639-03b1-4f19-ac0f-6419d7578d59#0:FAIL-t47] and 0 exception(s); 1244ca21-2158-4cc7-9e07-ba347e145504@group-C1C12825AC52:t47, leader=null, voted=1244ca21-2158-4cc7-9e07-ba347e145504, raftlog=1244ca21-2158-4cc7-9e07-ba347e145504@group-C1C12825AC52-SegmentedRaftLog:OPENED:c-1,f-1,i0, conf=-1: [1244ca21-2158-4cc7-9e07-ba347e145504:192.168.69.118:43370, 7c107f1d-8592-48e3-af71-5982c0af1f56:192.168.69.118:36514, d10c8639-03b1-4f19-ac0f-6419d7578d59:192.168.69.118:37568], old=null
2019-10-21 23:03:22,181 [1244ca21-2158-4cc7-9e07-ba347e145504@group-C1C12825AC52-LeaderElection1118] INFO  impl.RaftServerImpl (RaftServerImpl.java:setRole(184)) - 1244ca21-2158-4cc7-9e07-ba347e145504@group-C1C12825AC52: changes role from CANDIDATE to FOLLOWER at term 47 for DISCOVERED_A_NEW_TERM
2019-10-21 23:03:22,181 [1244ca21-2158-4cc7-9e07-ba347e145504@group-C1C12825AC52-LeaderElection1118] INFO  impl.RoleInfo (RoleInfo.java:shutdownLeaderElection(134)) - 1244ca21-2158-4cc7-9e07-ba347e145504: shutdown LeaderElection
2019-10-21 23:03:22,181 [1244ca21-2158-4cc7-9e07-ba347e145504@group-C1C12825AC52-LeaderElection1118] INFO  impl.RoleInfo (RoleInfo.java:updateAndGet(143)) - 1244ca21-2158-4cc7-9e07-ba347e145504: start FollowerState
2019-10-21 23:03:22,240 [Thread-9782] INFO  impl.FollowerState (FollowerState.java:run(108)) - 1244ca21-2158-4cc7-9e07-ba347e145504@group-C1C12825AC52-FollowerState: change to CANDIDATE, lastRpcTime:59ms, electionTimeout:59ms
2019-10-21 23:03:22,240 [Thread-9782] INFO  impl.RoleInfo (RoleInfo.java:shutdownFollowerState(121)) - 1244ca21-2158-4cc7-9e07-ba347e145504: shutdown FollowerState
2019-10-21 23:03:22,240 [Thread-9782] INFO  impl.RaftServerImpl (RaftServerImpl.java:setRole(184)) - 1244ca21-2158-4cc7-9e07-ba347e145504@group-C1C12825AC52: changes role from  FOLLOWER to CANDIDATE at term 47 for changeToCandidate
2019-10-21 23:03:22,240 [Thread-9782] INFO  impl.RoleInfo (RoleInfo.java:updateAndGet(143)) - 1244ca21-2158-4cc7-9e07-ba347e145504: start LeaderElection
2019-10-21 23:03:22,247 [1244ca21-2158-4cc7-9e07-ba347e145504@group-C1C12825AC52-LeaderElection1119] INFO  impl.LeaderElection (LeaderElection.java:askForVotes(178)) - 1244ca21-2158-4cc7-9e07-ba347e145504@group-C1C12825AC52-LeaderElection1119: begin an election at term 48 for -1: [1244ca21-2158-4cc7-9e07-ba347e145504:192.168.69.118:43370, 7c107f1d-8592-48e3-af71-5982c0af1f56:192.168.69.118:36514, d10c8639-03b1-4f19-ac0f-6419d7578d59:192.168.69.118:37568], old=null
2019-10-21 23:03:22,248 [grpc-default-executor-8] INFO  impl.RaftServerImpl (RaftServerImpl.java:setRole(184)) - 7c107f1d-8592-48e3-af71-5982c0af1f56@group-C1C12825AC52: changes role from  FOLLOWER to FOLLOWER at term 48 for recognizeCandidate:1244ca21-2158-4cc7-9e07-ba347e145504
2019-10-21 23:03:22,248 [grpc-default-executor-8] INFO  impl.RoleInfo (RoleInfo.java:shutdownFollowerState(121)) - 7c107f1d-8592-48e3-af71-5982c0af1f56: shutdown FollowerState
2019-10-21 23:03:22,248 [grpc-default-executor-8] INFO  impl.RoleInfo (RoleInfo.java:updateAndGet(143)) - 7c107f1d-8592-48e3-af71-5982c0af1f56: start FollowerState
2019-10-21 23:03:22,248 [Thread-9780] INFO  impl.FollowerState (FollowerState.java:run(117)) - 7c107f1d-8592-48e3-af71-5982c0af1f56@group-C1C12825AC52-FollowerState was interrupted: java.lang.InterruptedException: sleep interrupted
2019-10-21 23:03:22,248 [grpc-default-executor-5] INFO  impl.RaftServerImpl (RaftServerImpl.java:setRole(184)) - d10c8639-03b1-4f19-ac0f-6419d7578d59@group-C1C12825AC52: changes role from  FOLLOWER to FOLLOWER at term 48 for recognizeCandidate:1244ca21-2158-4cc7-9e07-ba347e145504
2019-10-21 23:03:22,248 [grpc-default-executor-5] INFO  impl.RoleInfo (RoleInfo.java:shutdownFollowerState(121)) - d10c8639-03b1-4f19-ac0f-6419d7578d59: shutdown FollowerState
2019-10-21 23:03:22,248 [grpc-default-executor-5] INFO  impl.RoleInfo (RoleInfo.java:updateAndGet(143)) - d10c8639-03b1-4f19-ac0f-6419d7578d59: start FollowerState
2019-10-21 23:03:22,248 [Thread-9781] INFO  impl.FollowerState (FollowerState.java:run(117)) - d10c8639-03b1-4f19-ac0f-6419d7578d59@group-C1C12825AC52-FollowerState was interrupted: java.lang.InterruptedException: sleep interrupted
2019-10-21 23:03:22,261 [1244ca21-2158-4cc7-9e07-ba347e145504@group-C1C12825AC52-LeaderElection1119] INFO  impl.LeaderElection (LeaderElection.java:logAndReturn(56)) - 1244ca21-2158-4cc7-9e07-ba347e145504@group-C1C12825AC52-LeaderElection1119: Election REJECTED; received 2 response(s) [1244ca21-2158-4cc7-9e07-ba347e145504<-7c107f1d-8592-48e3-af71-5982c0af1f56#0:FAIL-t48, 1244ca21-2158-4cc7-9e07-ba347e145504<-d10c8639-03b1-4f19-ac0f-6419d7578d59#0:FAIL-t48] and 0 exception(s); 1244ca21-2158-4cc7-9e07-ba347e145504@group-C1C12825AC52:t48, leader=null, voted=1244ca21-2158-4cc7-9e07-ba347e145504, raftlog=1244ca21-2158-4cc7-9e07-ba347e145504@group-C1C12825AC52-SegmentedRaftLog:OPENED:c-1,f-1,i0, conf=-1: [1244ca21-2158-4cc7-9e07-ba347e145504:192.168.69.118:43370, 7c107f1d-8592-48e3-af71-5982c0af1f56:192.168.69.118:36514, d10c8639-03b1-4f19-ac0f-6419d7578d59:192.168.69.118:37568], old=null
2019-10-21 23:03:22,262 [1244ca21-2158-4cc7-9e07-ba347e145504@group-C1C12825AC52-LeaderElection1119] INFO  impl.RaftServerImpl (RaftServerImpl.java:setRole(184)) - 1244ca21-2158-4cc7-9e07-ba347e145504@group-C1C12825AC52: changes role from CANDIDATE to FOLLOWER at term 48 for DISCOVERED_A_NEW_TERM
2019-10-21 23:03:22,262 [1244ca21-2158-4cc7-9e07-ba347e145504@group-C1C12825AC52-LeaderElection1119] INFO  impl.RoleInfo (RoleInfo.java:shutdownLeaderElection(134)) - 1244ca21-2158-4cc7-9e07-ba347e145504: shutdown LeaderElection
2019-10-21 23:03:22,262 [1244ca21-2158-4cc7-9e07-ba347e145504@group-C1C12825AC52-LeaderElection1119] INFO  impl.RoleInfo (RoleInfo.java:updateAndGet(143)) - 1244ca21-2158-4cc7-9e07-ba347e145504: start FollowerState
2019-10-21 23:03:22,443 [Thread-9788] INFO  impl.FollowerState (FollowerState.java:run(108)) - 1244ca21-2158-4cc7-9e07-ba347e145504@group-C1C12825AC52-FollowerState: change to CANDIDATE, lastRpcTime:181ms, electionTimeout:181ms
2019-10-21 23:03:22,443 [Thread-9788] INFO  impl.RoleInfo (RoleInfo.java:shutdownFollowerState(121)) - 1244ca21-2158-4cc7-9e07-ba347e145504: shutdown FollowerState
2019-10-21 23:03:22,443 [Thread-9788] INFO  impl.RaftServerImpl (RaftServerImpl.java:setRole(184)) - 1244ca21-2158-4cc7-9e07-ba347e145504@group-C1C12825AC52: changes role from  FOLLOWER to CANDIDATE at term 48 for changeToCandidate
2019-10-21 23:03:22,443 [Thread-9788] INFO  impl.RoleInfo (RoleInfo.java:updateAndGet(143)) - 1244ca21-2158-4cc7-9e07-ba347e145504: start LeaderElection
2019-10-21 23:03:22,461 [1244ca21-2158-4cc7-9e07-ba347e145504@group-C1C12825AC52-LeaderElection1120] INFO  impl.LeaderElection (LeaderElection.java:askForVotes(178)) - 1244ca21-2158-4cc7-9e07-ba347e145504@group-C1C12825AC52-LeaderElection1120: begin an election at term 49 for -1: [1244ca21-2158-4cc7-9e07-ba347e145504:192.168.69.118:43370, 7c107f1d-8592-48e3-af71-5982c0af1f56:192.168.69.118:36514, d10c8639-03b1-4f19-ac0f-6419d7578d59:192.168.69.118:37568], old=null
2019-10-21 23:03:22,463 [grpc-default-executor-5] INFO  impl.RaftServerImpl (RaftServerImpl.java:setRole(184)) - d10c8639-03b1-4f19-ac0f-6419d7578d59@group-C1C12825AC52: changes role from  FOLLOWER to FOLLOWER at term 49 for recognizeCandidate:1244ca21-2158-4cc7-9e07-ba347e145504
2019-10-21 23:03:22,463 [grpc-default-executor-5] INFO  impl.RoleInfo (RoleInfo.java:shutdownFollowerState(121)) - d10c8639-03b1-4f19-ac0f-6419d7578d59: shutdown FollowerState
2019-10-21 23:03:22,463 [grpc-default-executor-8] INFO  impl.RaftServerImpl (RaftServerImpl.java:setRole(184)) - 7c107f1d-8592-48e3-af71-5982c0af1f56@group-C1C12825AC52: changes role from  FOLLOWER to FOLLOWER at term 49 for recognizeCandidate:1244ca21-2158-4cc7-9e07-ba347e145504
2019-10-21 23:03:22,463 [Thread-9787] INFO  impl.FollowerState (FollowerState.java:run(117)) - d10c8639-03b1-4f19-ac0f-6419d7578d59@group-C1C12825AC52-FollowerState was interrupted: java.lang.InterruptedException: sleep interrupted
2019-10-21 23:03:22,463 [grpc-default-executor-5] INFO  impl.RoleInfo (RoleInfo.java:updateAndGet(143)) - d10c8639-03b1-4f19-ac0f-6419d7578d59: start FollowerState
2019-10-21 23:03:22,463 [grpc-default-executor-8] INFO  impl.RoleInfo (RoleInfo.java:shutdownFollowerState(121)) - 7c107f1d-8592-48e3-af71-5982c0af1f56: shutdown FollowerState
2019-10-21 23:03:22,463 [grpc-default-executor-8] INFO  impl.RoleInfo (RoleInfo.java:updateAndGet(143)) - 7c107f1d-8592-48e3-af71-5982c0af1f56: start FollowerState
2019-10-21 23:03:22,463 [Thread-9786] INFO  impl.FollowerState (FollowerState.java:run(117)) - 7c107f1d-8592-48e3-af71-5982c0af1f56@group-C1C12825AC52-FollowerState was interrupted: java.lang.InterruptedException: sleep interrupted
2019-10-21 23:03:22,477 [1244ca21-2158-4cc7-9e07-ba347e145504@group-C1C12825AC52-LeaderElection1120] INFO  impl.LeaderElection (LeaderElection.java:logAndReturn(56)) - 1244ca21-2158-4cc7-9e07-ba347e145504@group-C1C12825AC52-LeaderElection1120: Election REJECTED; received 2 response(s) [1244ca21-2158-4cc7-9e07-ba347e145504<-7c107f1d-8592-48e3-af71-5982c0af1f56#0:FAIL-t49, 1244ca21-2158-4cc7-9e07-ba347e145504<-d10c8639-03b1-4f19-ac0f-6419d7578d59#0:FAIL-t49] and 0 exception(s); 1244ca21-2158-4cc7-9e07-ba347e145504@group-C1C12825AC52:t49, leader=null, voted=1244ca21-2158-4cc7-9e07-ba347e145504, raftlog=1244ca21-2158-4cc7-9e07-ba347e145504@group-C1C12825AC52-SegmentedRaftLog:OPENED:c-1,f-1,i0, conf=-1: [1244ca21-2158-4cc7-9e07-ba347e145504:192.168.69.118:43370, 7c107f1d-8592-48e3-af71-5982c0af1f56:192.168.69.118:36514, d10c8639-03b1-4f19-ac0f-6419d7578d59:192.168.69.118:37568], old=null
2019-10-21 23:03:22,477 [1244ca21-2158-4cc7-9e07-ba347e145504@group-C1C12825AC52-LeaderElection1120] INFO  impl.RaftServerImpl (RaftServerImpl.java:setRole(184)) - 1244ca21-2158-4cc7-9e07-ba347e145504@group-C1C12825AC52: changes role from CANDIDATE to FOLLOWER at term 49 for DISCOVERED_A_NEW_TERM
2019-10-21 23:03:22,477 [1244ca21-2158-4cc7-9e07-ba347e145504@group-C1C12825AC52-LeaderElection1120] INFO  impl.RoleInfo (RoleInfo.java:shutdownLeaderElection(134)) - 1244ca21-2158-4cc7-9e07-ba347e145504: shutdown LeaderElection
2019-10-21 23:03:22,477 [1244ca21-2158-4cc7-9e07-ba347e145504@group-C1C12825AC52-LeaderElection1120] INFO  impl.RoleInfo (RoleInfo.java:updateAndGet(143)) - 1244ca21-2158-4cc7-9e07-ba347e145504: start FollowerState
2019-10-21 23:03:22,659 [Thread-9796] INFO  impl.FollowerState (FollowerState.java:run(108)) - 1244ca21-2158-4cc7-9e07-ba347e145504@group-C1C12825AC52-FollowerState: change to CANDIDATE, lastRpcTime:181ms, electionTimeout:181ms
2019-10-21 23:03:22,659 [Thread-9796] INFO  impl.RoleInfo (RoleInfo.java:shutdownFollowerState(121)) - 1244ca21-2158-4cc7-9e07-ba347e145504: shutdown FollowerState
2019-10-21 23:03:22,659 [Thread-9796] INFO  impl.RaftServerImpl (RaftServerImpl.java:setRole(184)) - 1244ca21-2158-4cc7-9e07-ba347e145504@group-C1C12825AC52: changes role from  FOLLOWER to CANDIDATE at term 49 for changeToCandidate
2019-10-21 23:03:22,659 [Thread-9796] INFO  impl.RoleInfo (RoleInfo.java:updateAndGet(143)) - 1244ca21-2158-4cc7-9e07-ba347e145504: start LeaderElection
2019-10-21 23:03:22,672 [1244ca21-2158-4cc7-9e07-ba347e145504@group-C1C12825AC52-LeaderElection1121] INFO  impl.LeaderElection (LeaderElection.java:askForVotes(178)) - 1244ca21-2158-4cc7-9e07-ba347e145504@group-C1C12825AC52-LeaderElection1121: begin an election at term 50 for -1: [1244ca21-2158-4cc7-9e07-ba347e145504:192.168.69.118:43370, 7c107f1d-8592-48e3-af71-5982c0af1f56:192.168.69.118:36514, d10c8639-03b1-4f19-ac0f-6419d7578d59:192.168.69.118:37568], old=null
2019-10-21 23:03:22,673 [grpc-default-executor-5] INFO  impl.RaftServerImpl (RaftServerImpl.java:setRole(184)) - 7c107f1d-8592-48e3-af71-5982c0af1f56@group-C1C12825AC52: changes role from  FOLLOWER to FOLLOWER at term 50 for recognizeCandidate:1244ca21-2158-4cc7-9e07-ba347e145504
2019-10-21 23:03:22,673 [grpc-default-executor-5] INFO  impl.RoleInfo (RoleInfo.java:shutdownFollowerState(121)) - 7c107f1d-8592-48e3-af71-5982c0af1f56: shutdown FollowerState
2019-10-21 23:03:22,673 [grpc-default-executor-8] INFO  impl.RaftServerImpl (RaftServerImpl.java:setRole(184)) - d10c8639-03b1-4f19-ac0f-6419d7578d59@group-C1C12825AC52: changes role from  FOLLOWER to FOLLOWER at term 50 for recognizeCandidate:1244ca21-2158-4cc7-9e07-ba347e145504
2019-10-21 23:03:22,673 [grpc-default-executor-8] INFO  impl.RoleInfo (RoleInfo.java:shutdownFollowerState(121)) - d10c8639-03b1-4f19-ac0f-6419d7578d59: shutdown FollowerState
2019-10-21 23:03:22,673 [Thread-9795] INFO  impl.FollowerState (FollowerState.java:run(117)) - 7c107f1d-8592-48e3-af71-5982c0af1f56@group-C1C12825AC52-FollowerState was interrupted: java.lang.InterruptedException: sleep interrupted
2019-10-21 23:03:22,673 [Thread-9794] INFO  impl.FollowerState (FollowerState.java:run(117)) - d10c8639-03b1-4f19-ac0f-6419d7578d59@group-C1C12825AC52-FollowerState was interrupted: java.lang.InterruptedException: sleep interrupted
2019-10-21 23:03:22,673 [grpc-default-executor-5] INFO  impl.RoleInfo (RoleInfo.java:updateAndGet(143)) - 7c107f1d-8592-48e3-af71-5982c0af1f56: start FollowerState
2019-10-21 23:03:22,673 [grpc-default-executor-8] INFO  impl.RoleInfo (RoleInfo.java:updateAndGet(143)) - d10c8639-03b1-4f19-ac0f-6419d7578d59: start FollowerState
2019-10-21 23:03:22,685 [1244ca21-2158-4cc7-9e07-ba347e145504@group-C1C12825AC52-LeaderElection1121] INFO  impl.LeaderElection (LeaderElection.java:logAndReturn(56)) - 1244ca21-2158-4cc7-9e07-ba347e145504@group-C1C12825AC52-LeaderElection1121: Election REJECTED; received 2 response(s) [1244ca21-2158-4cc7-9e07-ba347e145504<-7c107f1d-8592-48e3-af71-5982c0af1f56#0:FAIL-t50, 1244ca21-2158-4cc7-9e07-ba347e145504<-d10c8639-03b1-4f19-ac0f-6419d7578d59#0:FAIL-t50] and 0 exception(s); 1244ca21-2158-4cc7-9e07-ba347e145504@group-C1C12825AC52:t50, leader=null, voted=1244ca21-2158-4cc7-9e07-ba347e145504, raftlog=1244ca21-2158-4cc7-9e07-ba347e145504@group-C1C12825AC52-SegmentedRaftLog:OPENED:c-1,f-1,i0, conf=-1: [1244ca21-2158-4cc7-9e07-ba347e145504:192.168.69.118:43370, 7c107f1d-8592-48e3-af71-5982c0af1f56:192.168.69.118:36514, d10c8639-03b1-4f19-ac0f-6419d7578d59:192.168.69.118:37568], old=null
2019-10-21 23:03:22,685 [1244ca21-2158-4cc7-9e07-ba347e145504@group-C1C12825AC52-LeaderElection1121] INFO  impl.RaftServerImpl (RaftServerImpl.java:setRole(184)) - 1244ca21-2158-4cc7-9e07-ba347e145504@group-C1C12825AC52: changes role from CANDIDATE to FOLLOWER at term 50 for DISCOVERED_A_NEW_TERM
2019-10-21 23:03:22,685 [1244ca21-2158-4cc7-9e07-ba347e145504@group-C1C12825AC52-LeaderElection1121] INFO  impl.RoleInfo (RoleInfo.java:shutdownLeaderElection(134)) - 1244ca21-2158-4cc7-9e07-ba347e145504: shutdown LeaderElection
2019-10-21 23:03:22,685 [1244ca21-2158-4cc7-9e07-ba347e145504@group-C1C12825AC52-LeaderElection1121] INFO  impl.RoleInfo (RoleInfo.java:updateAndGet(143)) - 1244ca21-2158-4cc7-9e07-ba347e145504: start FollowerState
2019-10-21 23:03:22,767 [Thread-9806] INFO  impl.FollowerState (FollowerState.java:run(108)) - 1244ca21-2158-4cc7-9e07-ba347e145504@group-C1C12825AC52-FollowerState: change to CANDIDATE, lastRpcTime:82ms, electionTimeout:82ms
2019-10-21 23:03:22,767 [Thread-9806] INFO  impl.RoleInfo (RoleInfo.java:shutdownFollowerState(121)) - 1244ca21-2158-4cc7-9e07-ba347e145504: shutdown FollowerState
2019-10-21 23:03:22,767 [Thread-9806] INFO  impl.RaftServerImpl (RaftServerImpl.java:setRole(184)) - 1244ca21-2158-4cc7-9e07-ba347e145504@group-C1C12825AC52: changes role from  FOLLOWER to CANDIDATE at term 50 for changeToCandidate
2019-10-21 23:03:22,768 [Thread-9806] INFO  impl.RoleInfo (RoleInfo.java:updateAndGet(143)) - 1244ca21-2158-4cc7-9e07-ba347e145504: start LeaderElection
2019-10-21 23:03:22,856 [1244ca21-2158-4cc7-9e07-ba347e145504@group-C1C12825AC52-LeaderElection1122] INFO  impl.LeaderElection (LeaderElection.java:askForVotes(178)) - 1244ca21-2158-4cc7-9e07-ba347e145504@group-C1C12825AC52-LeaderElection1122: begin an election at term 51 for -1: [1244ca21-2158-4cc7-9e07-ba347e145504:192.168.69.118:43370, 7c107f1d-8592-48e3-af71-5982c0af1f56:192.168.69.118:36514, d10c8639-03b1-4f19-ac0f-6419d7578d59:192.168.69.118:37568], old=null
2019-10-21 23:03:22,857 [grpc-default-executor-5] INFO  impl.RaftServerImpl (RaftServerImpl.java:setRole(184)) - 7c107f1d-8592-48e3-af71-5982c0af1f56@group-C1C12825AC52: changes role from  FOLLOWER to FOLLOWER at term 51 for recognizeCandidate:1244ca21-2158-4cc7-9e07-ba347e145504
2019-10-21 23:03:22,857 [grpc-default-executor-8] INFO  impl.RaftServerImpl (RaftServerImpl.java:setRole(184)) - d10c8639-03b1-4f19-ac0f-6419d7578d59@group-C1C12825AC52: changes role from  FOLLOWER to FOLLOWER at term 51 for recognizeCandidate:1244ca21-2158-4cc7-9e07-ba347e145504
2019-10-21 23:03:22,857 [grpc-default-executor-8] INFO  impl.RoleInfo (RoleInfo.java:shutdownFollowerState(121)) - d10c8639-03b1-4f19-ac0f-6419d7578d59: shutdown FollowerState
2019-10-21 23:03:22,857 [grpc-default-executor-5] INFO  impl.RoleInfo (RoleInfo.java:shutdownFollowerState(121)) - 7c107f1d-8592-48e3-af71-5982c0af1f56: shutdown FollowerState
2019-10-21 23:03:22,857 [grpc-default-executor-5] INFO  impl.RoleInfo (RoleInfo.java:updateAndGet(143)) - 7c107f1d-8592-48e3-af71-5982c0af1f56: start FollowerState
2019-10-21 23:03:22,857 [Thread-9805] INFO  impl.FollowerState (FollowerState.java:run(117)) - d10c8639-03b1-4f19-ac0f-6419d7578d59@group-C1C12825AC52-FollowerState was interrupted: java.lang.InterruptedException: sleep interrupted
2019-10-21 23:03:22,857 [grpc-default-executor-8] INFO  impl.RoleInfo (RoleInfo.java:updateAndGet(143)) - d10c8639-03b1-4f19-ac0f-6419d7578d59: start FollowerState
2019-10-21 23:03:22,857 [Thread-9804] INFO  impl.FollowerState (FollowerState.java:run(117)) - 7c107f1d-8592-48e3-af71-5982c0af1f56@group-C1C12825AC52-FollowerState was interrupted: java.lang.InterruptedException: sleep interrupted
2019-10-21 23:03:22,884 [1244ca21-2158-4cc7-9e07-ba347e145504@group-C1C12825AC52-LeaderElection1122] INFO  impl.LeaderElection (LeaderElection.java:logAndReturn(56)) - 1244ca21-2158-4cc7-9e07-ba347e145504@group-C1C12825AC52-LeaderElection1122: Election REJECTED; received 2 response(s) [1244ca21-2158-4cc7-9e07-ba347e145504<-7c107f1d-8592-48e3-af71-5982c0af1f56#0:FAIL-t51, 1244ca21-2158-4cc7-9e07-ba347e145504<-d10c8639-03b1-4f19-ac0f-6419d7578d59#0:FAIL-t51] and 0 exception(s); 1244ca21-2158-4cc7-9e07-ba347e145504@group-C1C12825AC52:t51, leader=null, voted=1244ca21-2158-4cc7-9e07-ba347e145504, raftlog=1244ca21-2158-4cc7-9e07-ba347e145504@group-C1C12825AC52-SegmentedRaftLog:OPENED:c-1,f-1,i0, conf=-1: [1244ca21-2158-4cc7-9e07-ba347e145504:192.168.69.118:43370, 7c107f1d-8592-48e3-af71-5982c0af1f56:192.168.69.118:36514, d10c8639-03b1-4f19-ac0f-6419d7578d59:192.168.69.118:37568], old=null
2019-10-21 23:03:22,885 [1244ca21-2158-4cc7-9e07-ba347e145504@group-C1C12825AC52-LeaderElection1122] INFO  impl.RaftServerImpl (RaftServerImpl.java:setRole(184)) - 1244ca21-2158-4cc7-9e07-ba347e145504@group-C1C12825AC52: changes role from CANDIDATE to FOLLOWER at term 51 for DISCOVERED_A_NEW_TERM
2019-10-21 23:03:22,885 [1244ca21-2158-4cc7-9e07-ba347e145504@group-C1C12825AC52-LeaderElection1122] INFO  impl.RoleInfo (RoleInfo.java:shutdownLeaderElection(134)) - 1244ca21-2158-4cc7-9e07-ba347e145504: shutdown LeaderElection
2019-10-21 23:03:22,885 [1244ca21-2158-4cc7-9e07-ba347e145504@group-C1C12825AC52-LeaderElection1122] INFO  impl.RoleInfo (RoleInfo.java:updateAndGet(143)) - 1244ca21-2158-4cc7-9e07-ba347e145504: start FollowerState
2019-10-21 23:03:22,949 [Thread-9812] INFO  impl.FollowerState (FollowerState.java:run(108)) - 1244ca21-2158-4cc7-9e07-ba347e145504@group-C1C12825AC52-FollowerState: change to CANDIDATE, lastRpcTime:64ms, electionTimeout:64ms
2019-10-21 23:03:22,949 [Thread-9812] INFO  impl.RoleInfo (RoleInfo.java:shutdownFollowerState(121)) - 1244ca21-2158-4cc7-9e07-ba347e145504: shutdown FollowerState
2019-10-21 23:03:22,949 [Thread-9812] INFO  impl.RaftServerImpl (RaftServerImpl.java:setRole(184)) - 1244ca21-2158-4cc7-9e07-ba347e145504@group-C1C12825AC52: changes role from  FOLLOWER to CANDIDATE at term 51 for changeToCandidate
2019-10-21 23:03:22,949 [Thread-9812] INFO  impl.RoleInfo (RoleInfo.java:updateAndGet(143)) - 1244ca21-2158-4cc7-9e07-ba347e145504: start LeaderElection
2019-10-21 23:03:22,959 [1244ca21-2158-4cc7-9e07-ba347e145504@group-C1C12825AC52-LeaderElection1123] INFO  impl.LeaderElection (LeaderElection.java:askForVotes(178)) - 1244ca21-2158-4cc7-9e07-ba347e145504@group-C1C12825AC52-LeaderElection1123: begin an election at term 52 for -1: [1244ca21-2158-4cc7-9e07-ba347e145504:192.168.69.118:43370, 7c107f1d-8592-48e3-af71-5982c0af1f56:192.168.69.118:36514, d10c8639-03b1-4f19-ac0f-6419d7578d59:192.168.69.118:37568], old=null
2019-10-21 23:03:22,960 [grpc-default-executor-5] INFO  impl.RaftServerImpl (RaftServerImpl.java:setRole(184)) - 7c107f1d-8592-48e3-af71-5982c0af1f56@group-C1C12825AC52: changes role from  FOLLOWER to FOLLOWER at term 52 for recognizeCandidate:1244ca21-2158-4cc7-9e07-ba347e145504
2019-10-21 23:03:22,960 [grpc-default-executor-5] INFO  impl.RoleInfo (RoleInfo.java:shutdownFollowerState(121)) - 7c107f1d-8592-48e3-af71-5982c0af1f56: shutdown FollowerState
2019-10-21 23:03:22,960 [grpc-default-executor-8] INFO  impl.RaftServerImpl (RaftServerImpl.java:setRole(184)) - d10c8639-03b1-4f19-ac0f-6419d7578d59@group-C1C12825AC52: changes role from  FOLLOWER to FOLLOWER at term 52 for recognizeCandidate:1244ca21-2158-4cc7-9e07-ba347e145504
2019-10-21 23:03:22,960 [grpc-default-executor-8] INFO  impl.RoleInfo (RoleInfo.java:shutdownFollowerState(121)) - d10c8639-03b1-4f19-ac0f-6419d7578d59: shutdown FollowerState
2019-10-21 23:03:22,960 [Thread-9811] INFO  impl.FollowerState (FollowerState.java:run(117)) - 7c107f1d-8592-48e3-af71-5982c0af1f56@group-C1C12825AC52-FollowerState was interrupted: java.lang.InterruptedException: sleep interrupted
2019-10-21 23:03:22,960 [grpc-default-executor-5] INFO  impl.RoleInfo (RoleInfo.java:updateAndGet(143)) - 7c107f1d-8592-48e3-af71-5982c0af1f56: start FollowerState
2019-10-21 23:03:22,960 [Thread-9810] INFO  impl.FollowerState (FollowerState.java:run(117)) - d10c8639-03b1-4f19-ac0f-6419d7578d59@group-C1C12825AC52-FollowerState was interrupted: java.lang.InterruptedException: sleep interrupted
2019-10-21 23:03:22,960 [grpc-default-executor-8] INFO  impl.RoleInfo (RoleInfo.java:updateAndGet(143)) - d10c8639-03b1-4f19-ac0f-6419d7578d59: start FollowerState
2019-10-21 23:03:22,977 [1244ca21-2158-4cc7-9e07-ba347e145504@group-C1C12825AC52-LeaderElection1123] INFO  impl.LeaderElection (LeaderElection.java:logAndReturn(56)) - 1244ca21-2158-4cc7-9e07-ba347e145504@group-C1C12825AC52-LeaderElection1123: Election REJECTED; received 2 response(s) [1244ca21-2158-4cc7-9e07-ba347e145504<-7c107f1d-8592-48e3-af71-5982c0af1f56#0:FAIL-t52, 1244ca21-2158-4cc7-9e07-ba347e145504<-d10c8639-03b1-4f19-ac0f-6419d7578d59#0:FAIL-t52] and 0 exception(s); 1244ca21-2158-4cc7-9e07-ba347e145504@group-C1C12825AC52:t52, leader=null, voted=1244ca21-2158-4cc7-9e07-ba347e145504, raftlog=1244ca21-2158-4cc7-9e07-ba347e145504@group-C1C12825AC52-SegmentedRaftLog:OPENED:c-1,f-1,i0, conf=-1: [1244ca21-2158-4cc7-9e07-ba347e145504:192.168.69.118:43370, 7c107f1d-8592-48e3-af71-5982c0af1f56:192.168.69.118:36514, d10c8639-03b1-4f19-ac0f-6419d7578d59:192.168.69.118:37568], old=null
2019-10-21 23:03:22,977 [1244ca21-2158-4cc7-9e07-ba347e145504@group-C1C12825AC52-LeaderElection1123] INFO  impl.RaftServerImpl (RaftServerImpl.java:setRole(184)) - 1244ca21-2158-4cc7-9e07-ba347e145504@group-C1C12825AC52: changes role from CANDIDATE to FOLLOWER at term 52 for DISCOVERED_A_NEW_TERM
2019-10-21 23:03:22,977 [1244ca21-2158-4cc7-9e07-ba347e145504@group-C1C12825AC52-LeaderElection1123] INFO  impl.RoleInfo (RoleInfo.java:shutdownLeaderElection(134)) - 1244ca21-2158-4cc7-9e07-ba347e145504: shutdown LeaderElection
2019-10-21 23:03:22,977 [1244ca21-2158-4cc7-9e07-ba347e145504@group-C1C12825AC52-LeaderElection1123] INFO  impl.RoleInfo (RoleInfo.java:updateAndGet(143)) - 1244ca21-2158-4cc7-9e07-ba347e145504: start FollowerState
2019-10-21 23:03:23,034 [Thread-9818] INFO  impl.FollowerState (FollowerState.java:run(108)) - 1244ca21-2158-4cc7-9e07-ba347e145504@group-C1C12825AC52-FollowerState: change to CANDIDATE, lastRpcTime:56ms, electionTimeout:56ms
2019-10-21 23:03:23,034 [Thread-9818] INFO  impl.RoleInfo (RoleInfo.java:shutdownFollowerState(121)) - 1244ca21-2158-4cc7-9e07-ba347e145504: shutdown FollowerState
2019-10-21 23:03:23,034 [Thread-9818] INFO  impl.RaftServerImpl (RaftServerImpl.java:setRole(184)) - 1244ca21-2158-4cc7-9e07-ba347e145504@group-C1C12825AC52: changes role from  FOLLOWER to CANDIDATE at term 52 for changeToCandidate
2019-10-21 23:03:23,034 [Thread-9818] INFO  impl.RoleInfo (RoleInfo.java:updateAndGet(143)) - 1244ca21-2158-4cc7-9e07-ba347e145504: start LeaderElection
2019-10-21 23:03:23,046 [1244ca21-2158-4cc7-9e07-ba347e145504@group-C1C12825AC52-LeaderElection1124] INFO  impl.LeaderElection (LeaderElection.java:askForVotes(178)) - 1244ca21-2158-4cc7-9e07-ba347e145504@group-C1C12825AC52-LeaderElection1124: begin an election at term 53 for -1: [1244ca21-2158-4cc7-9e07-ba347e145504:192.168.69.118:43370, 7c107f1d-8592-48e3-af71-5982c0af1f56:192.168.69.118:36514, d10c8639-03b1-4f19-ac0f-6419d7578d59:192.168.69.118:37568], old=null
2019-10-21 23:03:23,047 [grpc-default-executor-8] INFO  impl.RaftServerImpl (RaftServerImpl.java:setRole(184)) - 7c107f1d-8592-48e3-af71-5982c0af1f56@group-C1C12825AC52: changes role from  FOLLOWER to FOLLOWER at term 53 for recognizeCandidate:1244ca21-2158-4cc7-9e07-ba347e145504
2019-10-21 23:03:23,047 [grpc-default-executor-5] INFO  impl.RaftServerImpl (RaftServerImpl.java:setRole(184)) - d10c8639-03b1-4f19-ac0f-6419d7578d59@group-C1C12825AC52: changes role from  FOLLOWER to FOLLOWER at term 53 for recognizeCandidate:1244ca21-2158-4cc7-9e07-ba347e145504
2019-10-21 23:03:23,047 [grpc-default-executor-5] INFO  impl.RoleInfo (RoleInfo.java:shutdownFollowerState(121)) - d10c8639-03b1-4f19-ac0f-6419d7578d59: shutdown FollowerState
2019-10-21 23:03:23,047 [grpc-default-executor-8] INFO  impl.RoleInfo (RoleInfo.java:shutdownFollowerState(121)) - 7c107f1d-8592-48e3-af71-5982c0af1f56: shutdown FollowerState
2019-10-21 23:03:23,047 [Thread-9817] INFO  impl.FollowerState (FollowerState.java:run(117)) - d10c8639-03b1-4f19-ac0f-6419d7578d59@group-C1C12825AC52-FollowerState was interrupted: java.lang.InterruptedException: sleep interrupted
2019-10-21 23:03:23,047 [grpc-default-executor-5] INFO  impl.RoleInfo (RoleInfo.java:updateAndGet(143)) - d10c8639-03b1-4f19-ac0f-6419d7578d59: start FollowerState
2019-10-21 23:03:23,047 [Thread-9816] INFO  impl.FollowerState (FollowerState.java:run(117)) - 7c107f1d-8592-48e3-af71-5982c0af1f56@group-C1C12825AC52-FollowerState was interrupted: java.lang.InterruptedException: sleep interrupted
2019-10-21 23:03:23,047 [grpc-default-executor-8] INFO  impl.RoleInfo (RoleInfo.java:updateAndGet(143)) - 7c107f1d-8592-48e3-af71-5982c0af1f56: start FollowerState
2019-10-21 23:03:23,059 [1244ca21-2158-4cc7-9e07-ba347e145504@group-C1C12825AC52-LeaderElection1124] INFO  impl.LeaderElection (LeaderElection.java:logAndReturn(56)) - 1244ca21-2158-4cc7-9e07-ba347e145504@group-C1C12825AC52-LeaderElection1124: Election REJECTED; received 2 response(s) [1244ca21-2158-4cc7-9e07-ba347e145504<-7c107f1d-8592-48e3-af71-5982c0af1f56#0:FAIL-t53, 1244ca21-2158-4cc7-9e07-ba347e145504<-d10c8639-03b1-4f19-ac0f-6419d7578d59#0:FAIL-t53] and 0 exception(s); 1244ca21-2158-4cc7-9e07-ba347e145504@group-C1C12825AC52:t53, leader=null, voted=1244ca21-2158-4cc7-9e07-ba347e145504, raftlog=1244ca21-2158-4cc7-9e07-ba347e145504@group-C1C12825AC52-SegmentedRaftLog:OPENED:c-1,f-1,i0, conf=-1: [1244ca21-2158-4cc7-9e07-ba347e145504:192.168.69.118:43370, 7c107f1d-8592-48e3-af71-5982c0af1f56:192.168.69.118:36514, d10c8639-03b1-4f19-ac0f-6419d7578d59:192.168.69.118:37568], old=null
2019-10-21 23:03:23,059 [1244ca21-2158-4cc7-9e07-ba347e145504@group-C1C12825AC52-LeaderElection1124] INFO  impl.RaftServerImpl (RaftServerImpl.java:setRole(184)) - 1244ca21-2158-4cc7-9e07-ba347e145504@group-C1C12825AC52: changes role from CANDIDATE to FOLLOWER at term 53 for DISCOVERED_A_NEW_TERM
2019-10-21 23:03:23,059 [1244ca21-2158-4cc7-9e07-ba347e145504@group-C1C12825AC52-LeaderElection1124] INFO  impl.RoleInfo (RoleInfo.java:shutdownLeaderElection(134)) - 1244ca21-2158-4cc7-9e07-ba347e145504: shutdown LeaderElection
2019-10-21 23:03:23,059 [1244ca21-2158-4cc7-9e07-ba347e145504@group-C1C12825AC52-LeaderElection1124] INFO  impl.RoleInfo (RoleInfo.java:updateAndGet(143)) - 1244ca21-2158-4cc7-9e07-ba347e145504: start FollowerState
2019-10-21 23:03:23,121 [Thread-9824] INFO  impl.FollowerState (FollowerState.java:run(108)) - 1244ca21-2158-4cc7-9e07-ba347e145504@group-C1C12825AC52-FollowerState: change to CANDIDATE, lastRpcTime:62ms, electionTimeout:62ms
2019-10-21 23:03:23,121 [Thread-9824] INFO  impl.RoleInfo (RoleInfo.java:shutdownFollowerState(121)) - 1244ca21-2158-4cc7-9e07-ba347e145504: shutdown FollowerState
2019-10-21 23:03:23,121 [Thread-9824] INFO  impl.RaftServerImpl (RaftServerImpl.java:setRole(184)) - 1244ca21-2158-4cc7-9e07-ba347e145504@group-C1C12825AC52: changes role from  FOLLOWER to CANDIDATE at term 53 for changeToCandidate
2019-10-21 23:03:23,121 [Thread-9824] INFO  impl.RoleInfo (RoleInfo.java:updateAndGet(143)) - 1244ca21-2158-4cc7-9e07-ba347e145504: start LeaderElection
2019-10-21 23:03:23,138 [1244ca21-2158-4cc7-9e07-ba347e145504@group-C1C12825AC52-LeaderElection1125] INFO  impl.LeaderElection (LeaderElection.java:askForVotes(178)) - 1244ca21-2158-4cc7-9e07-ba347e145504@group-C1C12825AC52-LeaderElection1125: begin an election at term 54 for -1: [1244ca21-2158-4cc7-9e07-ba347e145504:192.168.69.118:43370, 7c107f1d-8592-48e3-af71-5982c0af1f56:192.168.69.118:36514, d10c8639-03b1-4f19-ac0f-6419d7578d59:192.168.69.118:37568], old=null
2019-10-21 23:03:23,139 [grpc-default-executor-8] INFO  impl.RaftServerImpl (RaftServerImpl.java:setRole(184)) - d10c8639-03b1-4f19-ac0f-6419d7578d59@group-C1C12825AC52: changes role from  FOLLOWER to FOLLOWER at term 54 for recognizeCandidate:1244ca21-2158-4cc7-9e07-ba347e145504
2019-10-21 23:03:23,139 [grpc-default-executor-8] INFO  impl.RoleInfo (RoleInfo.java:shutdownFollowerState(121)) - d10c8639-03b1-4f19-ac0f-6419d7578d59: shutdown FollowerState
2019-10-21 23:03:23,139 [grpc-default-executor-8] INFO  impl.RoleInfo (RoleInfo.java:updateAndGet(143)) - d10c8639-03b1-4f19-ac0f-6419d7578d59: start FollowerState
2019-10-21 23:03:23,139 [Thread-9822] INFO  impl.FollowerState (FollowerState.java:run(117)) - d10c8639-03b1-4f19-ac0f-6419d7578d59@group-C1C12825AC52-FollowerState was interrupted: java.lang.InterruptedException: sleep interrupted
2019-10-21 23:03:23,140 [grpc-default-executor-5] INFO  impl.RaftServerImpl (RaftServerImpl.java:setRole(184)) - 7c107f1d-8592-48e3-af71-5982c0af1f56@group-C1C12825AC52: changes role from  FOLLOWER to FOLLOWER at term 54 for recognizeCandidate:1244ca21-2158-4cc7-9e07-ba347e145504
2019-10-21 23:03:23,140 [grpc-default-executor-5] INFO  impl.RoleInfo (RoleInfo.java:shutdownFollowerState(121)) - 7c107f1d-8592-48e3-af71-5982c0af1f56: shutdown FollowerState
2019-10-21 23:03:23,140 [grpc-default-executor-5] INFO  impl.RoleInfo (RoleInfo.java:updateAndGet(143)) - 7c107f1d-8592-48e3-af71-5982c0af1f56: start FollowerState
2019-10-21 23:03:23,140 [Thread-9823] INFO  impl.FollowerState (FollowerState.java:run(117)) - 7c107f1d-8592-48e3-af71-5982c0af1f56@group-C1C12825AC52-FollowerState was interrupted: java.lang.InterruptedException: sleep interrupted
2019-10-21 23:03:23,145 [1244ca21-2158-4cc7-9e07-ba347e145504@group-C1C12825AC52-LeaderElection1125] INFO  impl.LeaderElection (LeaderElection.java:logAndReturn(56)) - 1244ca21-2158-4cc7-9e07-ba347e145504@group-C1C12825AC52-LeaderElection1125: Election REJECTED; received 2 response(s) [1244ca21-2158-4cc7-9e07-ba347e145504<-7c107f1d-8592-48e3-af71-5982c0af1f56#0:FAIL-t54, 1244ca21-2158-4cc7-9e07-ba347e145504<-d10c8639-03b1-4f19-ac0f-6419d7578d59#0:FAIL-t54] and 0 exception(s); 1244ca21-2158-4cc7-9e07-ba347e145504@group-C1C12825AC52:t54, leader=null, voted=1244ca21-2158-4cc7-9e07-ba347e145504, raftlog=1244ca21-2158-4cc7-9e07-ba347e145504@group-C1C12825AC52-SegmentedRaftLog:OPENED:c-1,f-1,i0, conf=-1: [1244ca21-2158-4cc7-9e07-ba347e145504:192.168.69.118:43370, 7c107f1d-8592-48e3-af71-5982c0af1f56:192.168.69.118:36514, d10c8639-03b1-4f19-ac0f-6419d7578d59:192.168.69.118:37568], old=null
2019-10-21 23:03:23,145 [1244ca21-2158-4cc7-9e07-ba347e145504@group-C1C12825AC52-LeaderElection1125] INFO  impl.RaftServerImpl (RaftServerImpl.java:setRole(184)) - 1244ca21-2158-4cc7-9e07-ba347e145504@group-C1C12825AC52: changes role from CANDIDATE to FOLLOWER at term 54 for DISCOVERED_A_NEW_TERM
2019-10-21 23:03:23,145 [1244ca21-2158-4cc7-9e07-ba347e145504@group-C1C12825AC52-LeaderElection1125] INFO  impl.RoleInfo (RoleInfo.java:shutdownLeaderElection(134)) - 1244ca21-2158-4cc7-9e07-ba347e145504: shutdown LeaderElection
2019-10-21 23:03:23,145 [1244ca21-2158-4cc7-9e07-ba347e145504@group-C1C12825AC52-LeaderElection1125] INFO  impl.RoleInfo (RoleInfo.java:updateAndGet(143)) - 1244ca21-2158-4cc7-9e07-ba347e145504: start FollowerState
2019-10-21 23:03:23,195 [Thread-9832] INFO  impl.FollowerState (FollowerState.java:run(108)) - 1244ca21-2158-4cc7-9e07-ba347e145504@group-C1C12825AC52-FollowerState: change to CANDIDATE, lastRpcTime:49ms, electionTimeout:49ms
2019-10-21 23:03:23,195 [Thread-9832] INFO  impl.RoleInfo (RoleInfo.java:shutdownFollowerState(121)) - 1244ca21-2158-4cc7-9e07-ba347e145504: shutdown FollowerState
2019-10-21 23:03:23,195 [Thread-9832] INFO  impl.RaftServerImpl (RaftServerImpl.java:setRole(184)) - 1244ca21-2158-4cc7-9e07-ba347e145504@group-C1C12825AC52: changes role from  FOLLOWER to CANDIDATE at term 54 for changeToCandidate
2019-10-21 23:03:23,195 [Thread-9832] INFO  impl.RoleInfo (RoleInfo.java:updateAndGet(143)) - 1244ca21-2158-4cc7-9e07-ba347e145504: start LeaderElection
2019-10-21 23:03:23,200 [1244ca21-2158-4cc7-9e07-ba347e145504@group-C1C12825AC52-LeaderElection1126] INFO  impl.LeaderElection (LeaderElection.java:askForVotes(178)) - 1244ca21-2158-4cc7-9e07-ba347e145504@group-C1C12825AC52-LeaderElection1126: begin an election at term 55 for -1: [1244ca21-2158-4cc7-9e07-ba347e145504:192.168.69.118:43370, 7c107f1d-8592-48e3-af71-5982c0af1f56:192.168.69.118:36514, d10c8639-03b1-4f19-ac0f-6419d7578d59:192.168.69.118:37568], old=null
2019-10-21 23:03:23,201 [grpc-default-executor-5] INFO  impl.RaftServerImpl (RaftServerImpl.java:setRole(184)) - d10c8639-03b1-4f19-ac0f-6419d7578d59@group-C1C12825AC52: changes role from  FOLLOWER to FOLLOWER at term 55 for recognizeCandidate:1244ca21-2158-4cc7-9e07-ba347e145504
2019-10-21 23:03:23,201 [grpc-default-executor-8] INFO  impl.RaftServerImpl (RaftServerImpl.java:setRole(184)) - 7c107f1d-8592-48e3-af71-5982c0af1f56@group-C1C12825AC52: changes role from  FOLLOWER to FOLLOWER at term 55 for recognizeCandidate:1244ca21-2158-4cc7-9e07-ba347e145504
2019-10-21 23:03:23,202 [grpc-default-executor-5] INFO  impl.RoleInfo (RoleInfo.java:shutdownFollowerState(121)) - d10c8639-03b1-4f19-ac0f-6419d7578d59: shutdown FollowerState
2019-10-21 23:03:23,202 [grpc-default-executor-8] INFO  impl.RoleInfo (RoleInfo.java:shutdownFollowerState(121)) - 7c107f1d-8592-48e3-af71-5982c0af1f56: shutdown FollowerState
2019-10-21 23:03:23,202 [Thread-9830] INFO  impl.FollowerState (FollowerState.java:run(117)) - d10c8639-03b1-4f19-ac0f-6419d7578d59@group-C1C12825AC52-FollowerState was interrupted: java.lang.InterruptedException: sleep interrupted
2019-10-21 23:03:23,202 [grpc-default-executor-5] INFO  impl.RoleInfo (RoleInfo.java:updateAndGet(143)) - d10c8639-03b1-4f19-ac0f-6419d7578d59: start FollowerState
2019-10-21 23:03:23,202 [Thread-9831] INFO  impl.FollowerState (FollowerState.java:run(117)) - 7c107f1d-8592-48e3-af71-5982c0af1f56@group-C1C12825AC52-FollowerState was interrupted: java.lang.InterruptedException: sleep interrupted
2019-10-21 23:03:23,202 [grpc-default-executor-8] INFO  impl.RoleInfo (RoleInfo.java:updateAndGet(143)) - 7c107f1d-8592-48e3-af71-5982c0af1f56: start FollowerState
2019-10-21 23:03:23,212 [1244ca21-2158-4cc7-9e07-ba347e145504@group-C1C12825AC52-LeaderElection1126] INFO  impl.LeaderElection (LeaderElection.java:logAndReturn(56)) - 1244ca21-2158-4cc7-9e07-ba347e145504@group-C1C12825AC52-LeaderElection1126: Election TIMEOUT; received 0 response(s) [] and 0 exception(s); 1244ca21-2158-4cc7-9e07-ba347e145504@group-C1C12825AC52:t55, leader=null, voted=1244ca21-2158-4cc7-9e07-ba347e145504, raftlog=1244ca21-2158-4cc7-9e07-ba347e145504@group-C1C12825AC52-SegmentedRaftLog:OPENED:c-1,f-1,i0, conf=-1: [1244ca21-2158-4cc7-9e07-ba347e145504:192.168.69.118:43370, 7c107f1d-8592-48e3-af71-5982c0af1f56:192.168.69.118:36514, d10c8639-03b1-4f19-ac0f-6419d7578d59:192.168.69.118:37568], old=null
2019-10-21 23:03:23,215 [1244ca21-2158-4cc7-9e07-ba347e145504@group-C1C12825AC52-LeaderElection1126] INFO  impl.LeaderElection (LeaderElection.java:askForVotes(178)) - 1244ca21-2158-4cc7-9e07-ba347e145504@group-C1C12825AC52-LeaderElection1126: begin an election at term 56 for -1: [1244ca21-2158-4cc7-9e07-ba347e145504:192.168.69.118:43370, 7c107f1d-8592-48e3-af71-5982c0af1f56:192.168.69.118:36514, d10c8639-03b1-4f19-ac0f-6419d7578d59:192.168.69.118:37568], old=null
2019-10-21 23:03:23,216 [grpc-default-executor-8] INFO  impl.RaftServerImpl (RaftServerImpl.java:setRole(184)) - 7c107f1d-8592-48e3-af71-5982c0af1f56@group-C1C12825AC52: changes role from  FOLLOWER to FOLLOWER at term 56 for recognizeCandidate:1244ca21-2158-4cc7-9e07-ba347e145504
2019-10-21 23:03:23,216 [grpc-default-executor-5] INFO  impl.RaftServerImpl (RaftServerImpl.java:setRole(184)) - d10c8639-03b1-4f19-ac0f-6419d7578d59@group-C1C12825AC52: changes role from  FOLLOWER to FOLLOWER at term 56 for recognizeCandidate:1244ca21-2158-4cc7-9e07-ba347e145504
2019-10-21 23:03:23,216 [grpc-default-executor-5] INFO  impl.RoleInfo (RoleInfo.java:shutdownFollowerState(121)) - d10c8639-03b1-4f19-ac0f-6419d7578d59: shutdown FollowerState
2019-10-21 23:03:23,216 [grpc-default-executor-8] INFO  impl.RoleInfo (RoleInfo.java:shutdownFollowerState(121)) - 7c107f1d-8592-48e3-af71-5982c0af1f56: shutdown FollowerState
2019-10-21 23:03:23,216 [Thread-9838] INFO  impl.FollowerState (FollowerState.java:run(117)) - d10c8639-03b1-4f19-ac0f-6419d7578d59@group-C1C12825AC52-FollowerState was interrupted: java.lang.InterruptedException: sleep interrupted
2019-10-21 23:03:23,217 [Thread-9839] INFO  impl.FollowerState (FollowerState.java:run(117)) - 7c107f1d-8592-48e3-af71-5982c0af1f56@group-C1C12825AC52-FollowerState was interrupted: java.lang.InterruptedException: sleep interrupted
2019-10-21 23:03:23,216 [grpc-default-executor-5] INFO  impl.RoleInfo (RoleInfo.java:updateAndGet(143)) - d10c8639-03b1-4f19-ac0f-6419d7578d59: start FollowerState
2019-10-21 23:03:23,217 [grpc-default-executor-8] INFO  impl.RoleInfo (RoleInfo.java:updateAndGet(143)) - 7c107f1d-8592-48e3-af71-5982c0af1f56: start FollowerState
2019-10-21 23:03:23,225 [1244ca21-2158-4cc7-9e07-ba347e145504@group-C1C12825AC52-LeaderElection1126] INFO  impl.LeaderElection (LeaderElection.java:logAndReturn(56)) - 1244ca21-2158-4cc7-9e07-ba347e145504@group-C1C12825AC52-LeaderElection1126: Election REJECTED; received 2 response(s) [1244ca21-2158-4cc7-9e07-ba347e145504<-7c107f1d-8592-48e3-af71-5982c0af1f56#0:FAIL-t56, 1244ca21-2158-4cc7-9e07-ba347e145504<-d10c8639-03b1-4f19-ac0f-6419d7578d59#0:FAIL-t56] and 0 exception(s); 1244ca21-2158-4cc7-9e07-ba347e145504@group-C1C12825AC52:t56, leader=null, voted=1244ca21-2158-4cc7-9e07-ba347e145504, raftlog=1244ca21-2158-4cc7-9e07-ba347e145504@group-C1C12825AC52-SegmentedRaftLog:OPENED:c-1,f-1,i0, conf=-1: [1244ca21-2158-4cc7-9e07-ba347e145504:192.168.69.118:43370, 7c107f1d-8592-48e3-af71-5982c0af1f56:192.168.69.118:36514, d10c8639-03b1-4f19-ac0f-6419d7578d59:192.168.69.118:37568], old=null
2019-10-21 23:03:23,225 [1244ca21-2158-4cc7-9e07-ba347e145504@group-C1C12825AC52-LeaderElection1126] INFO  impl.RaftServerImpl (RaftServerImpl.java:setRole(184)) - 1244ca21-2158-4cc7-9e07-ba347e145504@group-C1C12825AC52: changes role from CANDIDATE to FOLLOWER at term 56 for DISCOVERED_A_NEW_TERM
2019-10-21 23:03:23,225 [1244ca21-2158-4cc7-9e07-ba347e145504@group-C1C12825AC52-LeaderElection1126] INFO  impl.RoleInfo (RoleInfo.java:shutdownLeaderElection(134)) - 1244ca21-2158-4cc7-9e07-ba347e145504: shutdown LeaderElection
2019-10-21 23:03:23,225 [1244ca21-2158-4cc7-9e07-ba347e145504@group-C1C12825AC52-LeaderElection1126] INFO  impl.RoleInfo (RoleInfo.java:updateAndGet(143)) - 1244ca21-2158-4cc7-9e07-ba347e145504: start FollowerState
2019-10-21 23:03:23,233 [Thread-9844] INFO  impl.FollowerState (FollowerState.java:run(108)) - 1244ca21-2158-4cc7-9e07-ba347e145504@group-C1C12825AC52-FollowerState: change to CANDIDATE, lastRpcTime:7ms, electionTimeout:7ms
2019-10-21 23:03:23,233 [Thread-9844] INFO  impl.RoleInfo (RoleInfo.java:shutdownFollowerState(121)) - 1244ca21-2158-4cc7-9e07-ba347e145504: shutdown FollowerState
2019-10-21 23:03:23,233 [Thread-9844] INFO  impl.RaftServerImpl (RaftServerImpl.java:setRole(184)) - 1244ca21-2158-4cc7-9e07-ba347e145504@group-C1C12825AC52: changes role from  FOLLOWER to CANDIDATE at term 56 for changeToCandidate
2019-10-21 23:03:23,233 [Thread-9844] INFO  impl.RoleInfo (RoleInfo.java:updateAndGet(143)) - 1244ca21-2158-4cc7-9e07-ba347e145504: start LeaderElection
2019-10-21 23:03:23,237 [1244ca21-2158-4cc7-9e07-ba347e145504@group-C1C12825AC52-LeaderElection1127] INFO  impl.LeaderElection (LeaderElection.java:askForVotes(178)) - 1244ca21-2158-4cc7-9e07-ba347e145504@group-C1C12825AC52-LeaderElection1127: begin an election at term 57 for -1: [1244ca21-2158-4cc7-9e07-ba347e145504:192.168.69.118:43370, 7c107f1d-8592-48e3-af71-5982c0af1f56:192.168.69.118:36514, d10c8639-03b1-4f19-ac0f-6419d7578d59:192.168.69.118:37568], old=null
2019-10-21 23:03:23,238 [grpc-default-executor-5] INFO  impl.RaftServerImpl (RaftServerImpl.java:setRole(184)) - 7c107f1d-8592-48e3-af71-5982c0af1f56@group-C1C12825AC52: changes role from  FOLLOWER to FOLLOWER at term 57 for recognizeCandidate:1244ca21-2158-4cc7-9e07-ba347e145504
2019-10-21 23:03:23,238 [grpc-default-executor-5] INFO  impl.RoleInfo (RoleInfo.java:shutdownFollowerState(121)) - 7c107f1d-8592-48e3-af71-5982c0af1f56: shutdown FollowerState
2019-10-21 23:03:23,238 [grpc-default-executor-8] INFO  impl.RaftServerImpl (RaftServerImpl.java:setRole(184)) - d10c8639-03b1-4f19-ac0f-6419d7578d59@group-C1C12825AC52: changes role from  FOLLOWER to FOLLOWER at term 57 for recognizeCandidate:1244ca21-2158-4cc7-9e07-ba347e145504
2019-10-21 23:03:23,238 [grpc-default-executor-8] INFO  impl.RoleInfo (RoleInfo.java:shutdownFollowerState(121)) - d10c8639-03b1-4f19-ac0f-6419d7578d59: shutdown FollowerState
2019-10-21 23:03:23,238 [Thread-9843] INFO  impl.FollowerState (FollowerState.java:run(117)) - 7c107f1d-8592-48e3-af71-5982c0af1f56@group-C1C12825AC52-FollowerState was interrupted: java.lang.InterruptedException: sleep interrupted
2019-10-21 23:03:23,238 [grpc-default-executor-5] INFO  impl.RoleInfo (RoleInfo.java:updateAndGet(143)) - 7c107f1d-8592-48e3-af71-5982c0af1f56: start FollowerState
2019-10-21 23:03:23,238 [Thread-9842] INFO  impl.FollowerState (FollowerState.java:run(117)) - d10c8639-03b1-4f19-ac0f-6419d7578d59@group-C1C12825AC52-FollowerState was interrupted: java.lang.InterruptedException: sleep interrupted
2019-10-21 23:03:23,238 [grpc-default-executor-8] INFO  impl.RoleInfo (RoleInfo.java:updateAndGet(143)) - d10c8639-03b1-4f19-ac0f-6419d7578d59: start FollowerState
2019-10-21 23:03:23,246 [1244ca21-2158-4cc7-9e07-ba347e145504@group-C1C12825AC52-LeaderElection1127] INFO  impl.LeaderElection (LeaderElection.java:logAndReturn(56)) - 1244ca21-2158-4cc7-9e07-ba347e145504@group-C1C12825AC52-LeaderElection1127: Election REJECTED; received 2 response(s) [1244ca21-2158-4cc7-9e07-ba347e145504<-7c107f1d-8592-48e3-af71-5982c0af1f56#0:FAIL-t57, 1244ca21-2158-4cc7-9e07-ba347e145504<-d10c8639-03b1-4f19-ac0f-6419d7578d59#0:FAIL-t57] and 0 exception(s); 1244ca21-2158-4cc7-9e07-ba347e145504@group-C1C12825AC52:t57, leader=null, voted=1244ca21-2158-4cc7-9e07-ba347e145504, raftlog=1244ca21-2158-4cc7-9e07-ba347e145504@group-C1C12825AC52-SegmentedRaftLog:OPENED:c-1,f-1,i0, conf=-1: [1244ca21-2158-4cc7-9e07-ba347e145504:192.168.69.118:43370, 7c107f1d-8592-48e3-af71-5982c0af1f56:192.168.69.118:36514, d10c8639-03b1-4f19-ac0f-6419d7578d59:192.168.69.118:37568], old=null
2019-10-21 23:03:23,247 [1244ca21-2158-4cc7-9e07-ba347e145504@group-C1C12825AC52-LeaderElection1127] INFO  impl.RaftServerImpl (RaftServerImpl.java:setRole(184)) - 1244ca21-2158-4cc7-9e07-ba347e145504@group-C1C12825AC52: changes role from CANDIDATE to FOLLOWER at term 57 for DISCOVERED_A_NEW_TERM
2019-10-21 23:03:23,247 [1244ca21-2158-4cc7-9e07-ba347e145504@group-C1C12825AC52-LeaderElection1127] INFO  impl.RoleInfo (RoleInfo.java:shutdownLeaderElection(134)) - 1244ca21-2158-4cc7-9e07-ba347e145504: shutdown LeaderElection
2019-10-21 23:03:23,247 [1244ca21-2158-4cc7-9e07-ba347e145504@group-C1C12825AC52-LeaderElection1127] INFO  impl.RoleInfo (RoleInfo.java:updateAndGet(143)) - 1244ca21-2158-4cc7-9e07-ba347e145504: start FollowerState
2019-10-21 23:03:23,265 [Thread-9850] INFO  impl.FollowerState (FollowerState.java:run(108)) - 1244ca21-2158-4cc7-9e07-ba347e145504@group-C1C12825AC52-FollowerState: change to CANDIDATE, lastRpcTime:18ms, electionTimeout:18ms
2019-10-21 23:03:23,265 [Thread-9850] INFO  impl.RoleInfo (RoleInfo.java:shutdownFollowerState(121)) - 1244ca21-2158-4cc7-9e07-ba347e145504: shutdown FollowerState
2019-10-21 23:03:23,265 [Thread-9850] INFO  impl.RaftServerImpl (RaftServerImpl.java:setRole(184)) - 1244ca21-2158-4cc7-9e07-ba347e145504@group-C1C12825AC52: changes role from  FOLLOWER to CANDIDATE at term 57 for changeToCandidate
2019-10-21 23:03:23,265 [Thread-9850] INFO  impl.RoleInfo (RoleInfo.java:updateAndGet(143)) - 1244ca21-2158-4cc7-9e07-ba347e145504: start LeaderElection
2019-10-21 23:03:23,270 [1244ca21-2158-4cc7-9e07-ba347e145504@group-C1C12825AC52-LeaderElection1128] INFO  impl.LeaderElection (LeaderElection.java:askForVotes(178)) - 1244ca21-2158-4cc7-9e07-ba347e145504@group-C1C12825AC52-LeaderElection1128: begin an election at term 58 for -1: [1244ca21-2158-4cc7-9e07-ba347e145504:192.168.69.118:43370, 7c107f1d-8592-48e3-af71-5982c0af1f56:192.168.69.118:36514, d10c8639-03b1-4f19-ac0f-6419d7578d59:192.168.69.118:37568], old=null
2019-10-21 23:03:23,281 [grpc-default-executor-8] INFO  impl.RaftServerImpl (RaftServerImpl.java:setRole(184)) - 7c107f1d-8592-48e3-af71-5982c0af1f56@group-C1C12825AC52: changes role from  FOLLOWER to FOLLOWER at term 58 for recognizeCandidate:1244ca21-2158-4cc7-9e07-ba347e145504
2019-10-21 23:03:23,281 [grpc-default-executor-8] INFO  impl.RoleInfo (RoleInfo.java:shutdownFollowerState(121)) - 7c107f1d-8592-48e3-af71-5982c0af1f56: shutdown FollowerState
2019-10-21 23:03:23,281 [grpc-default-executor-8] INFO  impl.RoleInfo (RoleInfo.java:updateAndGet(143)) - 7c107f1d-8592-48e3-af71-5982c0af1f56: start FollowerState
2019-10-21 23:03:23,282 [grpc-default-executor-5] INFO  impl.RaftServerImpl (RaftServerImpl.java:setRole(184)) - d10c8639-03b1-4f19-ac0f-6419d7578d59@group-C1C12825AC52: changes role from  FOLLOWER to FOLLOWER at term 58 for recognizeCandidate:1244ca21-2158-4cc7-9e07-ba347e145504
2019-10-21 23:03:23,281 [Thread-9848] INFO  impl.FollowerState (FollowerState.java:run(117)) - 7c107f1d-8592-48e3-af71-5982c0af1f56@group-C1C12825AC52-FollowerState was interrupted: java.lang.InterruptedException: sleep interrupted
2019-10-21 23:03:23,282 [grpc-default-executor-5] INFO  impl.RoleInfo (RoleInfo.java:shutdownFollowerState(121)) - d10c8639-03b1-4f19-ac0f-6419d7578d59: shutdown FollowerState
2019-10-21 23:03:23,282 [grpc-default-executor-5] INFO  impl.RoleInfo (RoleInfo.java:updateAndGet(143)) - d10c8639-03b1-4f19-ac0f-6419d7578d59: start FollowerState
2019-10-21 23:03:23,282 [Thread-9849] INFO  impl.FollowerState (FollowerState.java:run(117)) - d10c8639-03b1-4f19-ac0f-6419d7578d59@group-C1C12825AC52-FollowerState was interrupted: java.lang.InterruptedException: sleep interrupted
2019-10-21 23:03:23,290 [1244ca21-2158-4cc7-9e07-ba347e145504@group-C1C12825AC52-LeaderElection1128] INFO  impl.LeaderElection (LeaderElection.java:logAndReturn(56)) - 1244ca21-2158-4cc7-9e07-ba347e145504@group-C1C12825AC52-LeaderElection1128: Election REJECTED; received 2 response(s) [1244ca21-2158-4cc7-9e07-ba347e145504<-7c107f1d-8592-48e3-af71-5982c0af1f56#0:FAIL-t58, 1244ca21-2158-4cc7-9e07-ba347e145504<-d10c8639-03b1-4f19-ac0f-6419d7578d59#0:FAIL-t58] and 0 exception(s); 1244ca21-2158-4cc7-9e07-ba347e145504@group-C1C12825AC52:t58, leader=null, voted=1244ca21-2158-4cc7-9e07-ba347e145504, raftlog=1244ca21-2158-4cc7-9e07-ba347e145504@group-C1C12825AC52-SegmentedRaftLog:OPENED:c-1,f-1,i0, conf=-1: [1244ca21-2158-4cc7-9e07-ba347e145504:192.168.69.118:43370, 7c107f1d-8592-48e3-af71-5982c0af1f56:192.168.69.118:36514, d10c8639-03b1-4f19-ac0f-6419d7578d59:192.168.69.118:37568], old=null
2019-10-21 23:03:23,290 [1244ca21-2158-4cc7-9e07-ba347e145504@group-C1C12825AC52-LeaderElection1128] INFO  impl.RaftServerImpl (RaftServerImpl.java:setRole(184)) - 1244ca21-2158-4cc7-9e07-ba347e145504@group-C1C12825AC52: changes role from CANDIDATE to FOLLOWER at term 58 for DISCOVERED_A_NEW_TERM
2019-10-21 23:03:23,290 [1244ca21-2158-4cc7-9e07-ba347e145504@group-C1C12825AC52-LeaderElection1128] INFO  impl.RoleInfo (RoleInfo.java:shutdownLeaderElection(134)) - 1244ca21-2158-4cc7-9e07-ba347e145504: shutdown LeaderElection
2019-10-21 23:03:23,290 [1244ca21-2158-4cc7-9e07-ba347e145504@group-C1C12825AC52-LeaderElection1128] INFO  impl.RoleInfo (RoleInfo.java:updateAndGet(143)) - 1244ca21-2158-4cc7-9e07-ba347e145504: start FollowerState
2019-10-21 23:03:23,374 [Thread-9856] INFO  impl.FollowerState (FollowerState.java:run(108)) - 1244ca21-2158-4cc7-9e07-ba347e145504@group-C1C12825AC52-FollowerState: change to CANDIDATE, lastRpcTime:84ms, electionTimeout:84ms
2019-10-21 23:03:23,374 [Thread-9856] INFO  impl.RoleInfo (RoleInfo.java:shutdownFollowerState(121)) - 1244ca21-2158-4cc7-9e07-ba347e145504: shutdown FollowerState
2019-10-21 23:03:23,374 [Thread-9856] INFO  impl.RaftServerImpl (RaftServerImpl.java:setRole(184)) - 1244ca21-2158-4cc7-9e07-ba347e145504@group-C1C12825AC52: changes role from  FOLLOWER to CANDIDATE at term 58 for changeToCandidate
2019-10-21 23:03:23,375 [Thread-9856] INFO  impl.RoleInfo (RoleInfo.java:updateAndGet(143)) - 1244ca21-2158-4cc7-9e07-ba347e145504: start LeaderElection
2019-10-21 23:03:23,398 [1244ca21-2158-4cc7-9e07-ba347e145504@group-C1C12825AC52-LeaderElection1129] INFO  impl.LeaderElection (LeaderElection.java:askForVotes(178)) - 1244ca21-2158-4cc7-9e07-ba347e145504@group-C1C12825AC52-LeaderElection1129: begin an election at term 59 for -1: [1244ca21-2158-4cc7-9e07-ba347e145504:192.168.69.118:43370, 7c107f1d-8592-48e3-af71-5982c0af1f56:192.168.69.118:36514, d10c8639-03b1-4f19-ac0f-6419d7578d59:192.168.69.118:37568], old=null
2019-10-21 23:03:23,399 [grpc-default-executor-8] INFO  impl.RaftServerImpl (RaftServerImpl.java:setRole(184)) - 7c107f1d-8592-48e3-af71-5982c0af1f56@group-C1C12825AC52: changes role from  FOLLOWER to FOLLOWER at term 59 for recognizeCandidate:1244ca21-2158-4cc7-9e07-ba347e145504
2019-10-21 23:03:23,399 [grpc-default-executor-5] INFO  impl.RaftServerImpl (RaftServerImpl.java:setRole(184)) - d10c8639-03b1-4f19-ac0f-6419d7578d59@group-C1C12825AC52: changes role from  FOLLOWER to FOLLOWER at term 59 for recognizeCandidate:1244ca21-2158-4cc7-9e07-ba347e145504
2019-10-21 23:03:23,399 [grpc-default-executor-5] INFO  impl.RoleInfo (RoleInfo.java:shutdownFollowerState(121)) - d10c8639-03b1-4f19-ac0f-6419d7578d59: shutdown FollowerState
2019-10-21 23:03:23,399 [grpc-default-executor-8] INFO  impl.RoleInfo (RoleInfo.java:shutdownFollowerState(121)) - 7c107f1d-8592-48e3-af71-5982c0af1f56: shutdown FollowerState
2019-10-21 23:03:23,399 [Thread-9855] INFO  impl.FollowerState (FollowerState.java:run(117)) - d10c8639-03b1-4f19-ac0f-6419d7578d59@group-C1C12825AC52-FollowerState was interrupted: java.lang.InterruptedException: sleep interrupted
2019-10-21 23:03:23,399 [grpc-default-executor-5] INFO  impl.RoleInfo (RoleInfo.java:updateAndGet(143)) - d10c8639-03b1-4f19-ac0f-6419d7578d59: start FollowerState
2019-10-21 23:03:23,399 [Thread-9854] INFO  impl.FollowerState (FollowerState.java:run(117)) - 7c107f1d-8592-48e3-af71-5982c0af1f56@group-C1C12825AC52-FollowerState was interrupted: java.lang.InterruptedException: sleep interrupted
2019-10-21 23:03:23,399 [grpc-default-executor-8] INFO  impl.RoleInfo (RoleInfo.java:updateAndGet(143)) - 7c107f1d-8592-48e3-af71-5982c0af1f56: start FollowerState
2019-10-21 23:03:23,409 [1244ca21-2158-4cc7-9e07-ba347e145504@group-C1C12825AC52-LeaderElection1129] INFO  impl.LeaderElection (LeaderElection.java:logAndReturn(56)) - 1244ca21-2158-4cc7-9e07-ba347e145504@group-C1C12825AC52-LeaderElection1129: Election REJECTED; received 2 response(s) [1244ca21-2158-4cc7-9e07-ba347e145504<-7c107f1d-8592-48e3-af71-5982c0af1f56#0:FAIL-t59, 1244ca21-2158-4cc7-9e07-ba347e145504<-d10c8639-03b1-4f19-ac0f-6419d7578d59#0:FAIL-t59] and 0 exception(s); 1244ca21-2158-4cc7-9e07-ba347e145504@group-C1C12825AC52:t59, leader=null, voted=1244ca21-2158-4cc7-9e07-ba347e145504, raftlog=1244ca21-2158-4cc7-9e07-ba347e145504@group-C1C12825AC52-SegmentedRaftLog:OPENED:c-1,f-1,i0, conf=-1: [1244ca21-2158-4cc7-9e07-ba347e145504:192.168.69.118:43370, 7c107f1d-8592-48e3-af71-5982c0af1f56:192.168.69.118:36514, d10c8639-03b1-4f19-ac0f-6419d7578d59:192.168.69.118:37568], old=null
2019-10-21 23:03:23,409 [1244ca21-2158-4cc7-9e07-ba347e145504@group-C1C12825AC52-LeaderElection1129] INFO  impl.RaftServerImpl (RaftServerImpl.java:setRole(184)) - 1244ca21-2158-4cc7-9e07-ba347e145504@group-C1C12825AC52: changes role from CANDIDATE to FOLLOWER at term 59 for DISCOVERED_A_NEW_TERM
2019-10-21 23:03:23,409 [1244ca21-2158-4cc7-9e07-ba347e145504@group-C1C12825AC52-LeaderElection1129] INFO  impl.RoleInfo (RoleInfo.java:shutdownLeaderElection(134)) - 1244ca21-2158-4cc7-9e07-ba347e145504: shutdown LeaderElection
2019-10-21 23:03:23,409 [1244ca21-2158-4cc7-9e07-ba347e145504@group-C1C12825AC52-LeaderElection1129] INFO  impl.RoleInfo (RoleInfo.java:updateAndGet(143)) - 1244ca21-2158-4cc7-9e07-ba347e145504: start FollowerState
2019-10-21 23:03:23,492 [Thread-9864] INFO  impl.FollowerState (FollowerState.java:run(108)) - 1244ca21-2158-4cc7-9e07-ba347e145504@group-C1C12825AC52-FollowerState: change to CANDIDATE, lastRpcTime:83ms, electionTimeout:83ms
2019-10-21 23:03:23,493 [Thread-9864] INFO  impl.RoleInfo (RoleInfo.java:shutdownFollowerState(121)) - 1244ca21-2158-4cc7-9e07-ba347e145504: shutdown FollowerState
2019-10-21 23:03:23,493 [Thread-9864] INFO  impl.RaftServerImpl (RaftServerImpl.java:setRole(184)) - 1244ca21-2158-4cc7-9e07-ba347e145504@group-C1C12825AC52: changes role from  FOLLOWER to CANDIDATE at term 59 for changeToCandidate
2019-10-21 23:03:23,493 [Thread-9864] INFO  impl.RoleInfo (RoleInfo.java:updateAndGet(143)) - 1244ca21-2158-4cc7-9e07-ba347e145504: start LeaderElection
2019-10-21 23:03:23,500 [1244ca21-2158-4cc7-9e07-ba347e145504@group-C1C12825AC52-LeaderElection1130] INFO  impl.LeaderElection (LeaderElection.java:askForVotes(178)) - 1244ca21-2158-4cc7-9e07-ba347e145504@group-C1C12825AC52-LeaderElection1130: begin an election at term 60 for -1: [1244ca21-2158-4cc7-9e07-ba347e145504:192.168.69.118:43370, 7c107f1d-8592-48e3-af71-5982c0af1f56:192.168.69.118:36514, d10c8639-03b1-4f19-ac0f-6419d7578d59:192.168.69.118:37568], old=null
2019-10-21 23:03:23,501 [grpc-default-executor-5] INFO  impl.RaftServerImpl (RaftServerImpl.java:setRole(184)) - 7c107f1d-8592-48e3-af71-5982c0af1f56@group-C1C12825AC52: changes role from  FOLLOWER to FOLLOWER at term 60 for recognizeCandidate:1244ca21-2158-4cc7-9e07-ba347e145504
2019-10-21 23:03:23,501 [grpc-default-executor-8] INFO  impl.RaftServerImpl (RaftServerImpl.java:setRole(184)) - d10c8639-03b1-4f19-ac0f-6419d7578d59@group-C1C12825AC52: changes role from  FOLLOWER to FOLLOWER at term 60 for recognizeCandidate:1244ca21-2158-4cc7-9e07-ba347e145504
2019-10-21 23:03:23,501 [grpc-default-executor-8] INFO  impl.RoleInfo (RoleInfo.java:shutdownFollowerState(121)) - d10c8639-03b1-4f19-ac0f-6419d7578d59: shutdown FollowerState
2019-10-21 23:03:23,501 [grpc-default-executor-5] INFO  impl.RoleInfo (RoleInfo.java:shutdownFollowerState(121)) - 7c107f1d-8592-48e3-af71-5982c0af1f56: shutdown FollowerState
2019-10-21 23:03:23,502 [Thread-9862] INFO  impl.FollowerState (FollowerState.java:run(117)) - d10c8639-03b1-4f19-ac0f-6419d7578d59@group-C1C12825AC52-FollowerState was interrupted: java.lang.InterruptedException: sleep interrupted
2019-10-21 23:03:23,501 [grpc-default-executor-8] INFO  impl.RoleInfo (RoleInfo.java:updateAndGet(143)) - d10c8639-03b1-4f19-ac0f-6419d7578d59: start FollowerState
2019-10-21 23:03:23,502 [Thread-9863] INFO  impl.FollowerState (FollowerState.java:run(117)) - 7c107f1d-8592-48e3-af71-5982c0af1f56@group-C1C12825AC52-FollowerState was interrupted: java.lang.InterruptedException: sleep interrupted
2019-10-21 23:03:23,502 [grpc-default-executor-5] INFO  impl.RoleInfo (RoleInfo.java:updateAndGet(143)) - 7c107f1d-8592-48e3-af71-5982c0af1f56: start FollowerState
2019-10-21 23:03:23,519 [1244ca21-2158-4cc7-9e07-ba347e145504@group-C1C12825AC52-LeaderElection1130] INFO  impl.LeaderElection (LeaderElection.java:logAndReturn(56)) - 1244ca21-2158-4cc7-9e07-ba347e145504@group-C1C12825AC52-LeaderElection1130: Election REJECTED; received 2 response(s) [1244ca21-2158-4cc7-9e07-ba347e145504<-7c107f1d-8592-48e3-af71-5982c0af1f56#0:FAIL-t60, 1244ca21-2158-4cc7-9e07-ba347e145504<-d10c8639-03b1-4f19-ac0f-6419d7578d59#0:FAIL-t60] and 0 exception(s); 1244ca21-2158-4cc7-9e07-ba347e145504@group-C1C12825AC52:t60, leader=null, voted=1244ca21-2158-4cc7-9e07-ba347e145504, raftlog=1244ca21-2158-4cc7-9e07-ba347e145504@group-C1C12825AC52-SegmentedRaftLog:OPENED:c-1,f-1,i0, conf=-1: [1244ca21-2158-4cc7-9e07-ba347e145504:192.168.69.118:43370, 7c107f1d-8592-48e3-af71-5982c0af1f56:192.168.69.118:36514, d10c8639-03b1-4f19-ac0f-6419d7578d59:192.168.69.118:37568], old=null
2019-10-21 23:03:23,520 [1244ca21-2158-4cc7-9e07-ba347e145504@group-C1C12825AC52-LeaderElection1130] INFO  impl.RaftServerImpl (RaftServerImpl.java:setRole(184)) - 1244ca21-2158-4cc7-9e07-ba347e145504@group-C1C12825AC52: changes role from CANDIDATE to FOLLOWER at term 60 for DISCOVERED_A_NEW_TERM
2019-10-21 23:03:23,520 [1244ca21-2158-4cc7-9e07-ba347e145504@group-C1C12825AC52-LeaderElection1130] INFO  impl.RoleInfo (RoleInfo.java:shutdownLeaderElection(134)) - 1244ca21-2158-4cc7-9e07-ba347e145504: shutdown LeaderElection
2019-10-21 23:03:23,520 [1244ca21-2158-4cc7-9e07-ba347e145504@group-C1C12825AC52-LeaderElection1130] INFO  impl.RoleInfo (RoleInfo.java:updateAndGet(143)) - 1244ca21-2158-4cc7-9e07-ba347e145504: start FollowerState
2019-10-21 23:03:23,666 [Thread-9870] INFO  impl.FollowerState (FollowerState.java:run(108)) - 1244ca21-2158-4cc7-9e07-ba347e145504@group-C1C12825AC52-FollowerState: change to CANDIDATE, lastRpcTime:146ms, electionTimeout:146ms
2019-10-21 23:03:23,666 [Thread-9870] INFO  impl.RoleInfo (RoleInfo.java:shutdownFollowerState(121)) - 1244ca21-2158-4cc7-9e07-ba347e145504: shutdown FollowerState
2019-10-21 23:03:23,666 [Thread-9870] INFO  impl.RaftServerImpl (RaftServerImpl.java:setRole(184)) - 1244ca21-2158-4cc7-9e07-ba347e145504@group-C1C12825AC52: changes role from  FOLLOWER to CANDIDATE at term 60 for changeToCandidate
2019-10-21 23:03:23,666 [Thread-9870] INFO  impl.RoleInfo (RoleInfo.java:updateAndGet(143)) - 1244ca21-2158-4cc7-9e07-ba347e145504: start LeaderElection
2019-10-21 23:03:23,680 [1244ca21-2158-4cc7-9e07-ba347e145504@group-C1C12825AC52-LeaderElection1131] INFO  impl.LeaderElection (LeaderElection.java:askForVotes(178)) - 1244ca21-2158-4cc7-9e07-ba347e145504@group-C1C12825AC52-LeaderElection1131: begin an election at term 61 for -1: [1244ca21-2158-4cc7-9e07-ba347e145504:192.168.69.118:43370, 7c107f1d-8592-48e3-af71-5982c0af1f56:192.168.69.118:36514, d10c8639-03b1-4f19-ac0f-6419d7578d59:192.168.69.118:37568], old=null
2019-10-21 23:03:23,681 [grpc-default-executor-8] INFO  impl.RaftServerImpl (RaftServerImpl.java:setRole(184)) - 7c107f1d-8592-48e3-af71-5982c0af1f56@group-C1C12825AC52: changes role from  FOLLOWER to FOLLOWER at term 61 for recognizeCandidate:1244ca21-2158-4cc7-9e07-ba347e145504
2019-10-21 23:03:23,681 [grpc-default-executor-8] INFO  impl.RoleInfo (RoleInfo.java:shutdownFollowerState(121)) - 7c107f1d-8592-48e3-af71-5982c0af1f56: shutdown FollowerState
2019-10-21 23:03:23,681 [grpc-default-executor-5] INFO  impl.RaftServerImpl (RaftServerImpl.java:setRole(184)) - d10c8639-03b1-4f19-ac0f-6419d7578d59@group-C1C12825AC52: changes role from  FOLLOWER to FOLLOWER at term 61 for recognizeCandidate:1244ca21-2158-4cc7-9e07-ba347e145504
2019-10-21 23:03:23,681 [Thread-9869] INFO  impl.FollowerState (FollowerState.java:run(117)) - 7c107f1d-8592-48e3-af71-5982c0af1f56@group-C1C12825AC52-FollowerState was interrupted: java.lang.InterruptedException: sleep interrupted
2019-10-21 23:03:23,681 [grpc-default-executor-8] INFO  impl.RoleInfo (RoleInfo.java:updateAndGet(143)) - 7c107f1d-8592-48e3-af71-5982c0af1f56: start FollowerState
2019-10-21 23:03:23,681 [grpc-default-executor-5] INFO  impl.RoleInfo (RoleInfo.java:shutdownFollowerState(121)) - d10c8639-03b1-4f19-ac0f-6419d7578d59: shutdown FollowerState
2019-10-21 23:03:23,682 [grpc-default-executor-5] INFO  impl.RoleInfo (RoleInfo.java:updateAndGet(143)) - d10c8639-03b1-4f19-ac0f-6419d7578d59: start FollowerState
2019-10-21 23:03:23,682 [Thread-9868] INFO  impl.FollowerState (FollowerState.java:run(117)) - d10c8639-03b1-4f19-ac0f-6419d7578d59@group-C1C12825AC52-FollowerState was interrupted: java.lang.InterruptedException: sleep interrupted
2019-10-21 23:03:23,690 [1244ca21-2158-4cc7-9e07-ba347e145504@group-C1C12825AC52-LeaderElection1131] INFO  impl.LeaderElection (LeaderElection.java:logAndReturn(56)) - 1244ca21-2158-4cc7-9e07-ba347e145504@group-C1C12825AC52-LeaderElection1131: Election TIMEOUT; received 0 response(s) [] and 0 exception(s); 1244ca21-2158-4cc7-9e07-ba347e145504@group-C1C12825AC52:t61, leader=null, voted=1244ca21-2158-4cc7-9e07-ba347e145504, raftlog=1244ca21-2158-4cc7-9e07-ba347e145504@group-C1C12825AC52-SegmentedRaftLog:OPENED:c-1,f-1,i0, conf=-1: [1244ca21-2158-4cc7-9e07-ba347e145504:192.168.69.118:43370, 7c107f1d-8592-48e3-af71-5982c0af1f56:192.168.69.118:36514, d10c8639-03b1-4f19-ac0f-6419d7578d59:192.168.69.118:37568], old=null
2019-10-21 23:03:23,708 [1244ca21-2158-4cc7-9e07-ba347e145504@group-C1C12825AC52-LeaderElection1131] INFO  impl.LeaderElection (LeaderElection.java:askForVotes(178)) - 1244ca21-2158-4cc7-9e07-ba347e145504@group-C1C12825AC52-LeaderElection1131: begin an election at term 62 for -1: [1244ca21-2158-4cc7-9e07-ba347e145504:192.168.69.118:43370, 7c107f1d-8592-48e3-af71-5982c0af1f56:192.168.69.118:36514, d10c8639-03b1-4f19-ac0f-6419d7578d59:192.168.69.118:37568], old=null
2019-10-21 23:03:23,709 [grpc-default-executor-8] INFO  impl.RaftServerImpl (RaftServerImpl.java:setRole(184)) - d10c8639-03b1-4f19-ac0f-6419d7578d59@group-C1C12825AC52: changes role from  FOLLOWER to FOLLOWER at term 62 for recognizeCandidate:1244ca21-2158-4cc7-9e07-ba347e145504
2019-10-21 23:03:23,709 [grpc-default-executor-8] INFO  impl.RoleInfo (RoleInfo.java:shutdownFollowerState(121)) - d10c8639-03b1-4f19-ac0f-6419d7578d59: shutdown FollowerState
2019-10-21 23:03:23,709 [grpc-default-executor-8] INFO  impl.RoleInfo (RoleInfo.java:updateAndGet(143)) - d10c8639-03b1-4f19-ac0f-6419d7578d59: start FollowerState
2019-10-21 23:03:23,709 [Thread-9879] INFO  impl.FollowerState (FollowerState.java:run(117)) - d10c8639-03b1-4f19-ac0f-6419d7578d59@group-C1C12825AC52-FollowerState was interrupted: java.lang.InterruptedException: sleep interrupted
2019-10-21 23:03:23,710 [grpc-default-executor-5] INFO  impl.RaftServerImpl (RaftServerImpl.java:setRole(184)) - 7c107f1d-8592-48e3-af71-5982c0af1f56@group-C1C12825AC52: changes role from  FOLLOWER to FOLLOWER at term 62 for recognizeCandidate:1244ca21-2158-4cc7-9e07-ba347e145504
2019-10-21 23:03:23,710 [grpc-default-executor-5] INFO  impl.RoleInfo (RoleInfo.java:shutdownFollowerState(121)) - 7c107f1d-8592-48e3-af71-5982c0af1f56: shutdown FollowerState
2019-10-21 23:03:23,710 [grpc-default-executor-5] INFO  impl.RoleInfo (RoleInfo.java:updateAndGet(143)) - 7c107f1d-8592-48e3-af71-5982c0af1f56: start FollowerState
2019-10-21 23:03:23,710 [Thread-9878] INFO  impl.FollowerState (FollowerState.java:run(117)) - 7c107f1d-8592-48e3-af71-5982c0af1f56@group-C1C12825AC52-FollowerState was interrupted: java.lang.InterruptedException: sleep interrupted
2019-10-21 23:03:23,726 [1244ca21-2158-4cc7-9e07-ba347e145504@group-C1C12825AC52-LeaderElection1131] INFO  impl.LeaderElection (LeaderElection.java:logAndReturn(56)) - 1244ca21-2158-4cc7-9e07-ba347e145504@group-C1C12825AC52-LeaderElection1131: Election REJECTED; received 2 response(s) [1244ca21-2158-4cc7-9e07-ba347e145504<-7c107f1d-8592-48e3-af71-5982c0af1f56#0:FAIL-t62, 1244ca21-2158-4cc7-9e07-ba347e145504<-d10c8639-03b1-4f19-ac0f-6419d7578d59#0:FAIL-t62] and 0 exception(s); 1244ca21-2158-4cc7-9e07-ba347e145504@group-C1C12825AC52:t62, leader=null, voted=1244ca21-2158-4cc7-9e07-ba347e145504, raftlog=1244ca21-2158-4cc7-9e07-ba347e145504@group-C1C12825AC52-SegmentedRaftLog:OPENED:c-1,f-1,i0, conf=-1: [1244ca21-2158-4cc7-9e07-ba347e145504:192.168.69.118:43370, 7c107f1d-8592-48e3-af71-5982c0af1f56:192.168.69.118:36514, d10c8639-03b1-4f19-ac0f-6419d7578d59:192.168.69.118:37568], old=null
2019-10-21 23:03:23,726 [1244ca21-2158-4cc7-9e07-ba347e145504@group-C1C12825AC52-LeaderElection1131] INFO  impl.RaftServerImpl (RaftServerImpl.java:setRole(184)) - 1244ca21-2158-4cc7-9e07-ba347e145504@group-C1C12825AC52: changes role from CANDIDATE to FOLLOWER at term 62 for DISCOVERED_A_NEW_TERM
2019-10-21 23:03:23,727 [1244ca21-2158-4cc7-9e07-ba347e145504@group-C1C12825AC52-LeaderElection1131] INFO  impl.RoleInfo (RoleInfo.java:shutdownLeaderElection(134)) - 1244ca21-2158-4cc7-9e07-ba347e145504: shutdown LeaderElection
2019-10-21 23:03:23,727 [1244ca21-2158-4cc7-9e07-ba347e145504@group-C1C12825AC52-LeaderElection1131] INFO  impl.RoleInfo (RoleInfo.java:updateAndGet(143)) - 1244ca21-2158-4cc7-9e07-ba347e145504: start FollowerState
2019-10-21 23:03:23,804 [Thread-9884] INFO  impl.FollowerState (FollowerState.java:run(108)) - 1244ca21-2158-4cc7-9e07-ba347e145504@group-C1C12825AC52-FollowerState: change to CANDIDATE, lastRpcTime:77ms, electionTimeout:77ms
2019-10-21 23:03:23,804 [Thread-9884] INFO  impl.RoleInfo (RoleInfo.java:shutdownFollowerState(121)) - 1244ca21-2158-4cc7-9e07-ba347e145504: shutdown FollowerState
2019-10-21 23:03:23,804 [Thread-9884] INFO  impl.RaftServerImpl (RaftServerImpl.java:setRole(184)) - 1244ca21-2158-4cc7-9e07-ba347e145504@group-C1C12825AC52: changes role from  FOLLOWER to CANDIDATE at term 62 for changeToCandidate
2019-10-21 23:03:23,804 [Thread-9884] INFO  impl.RoleInfo (RoleInfo.java:updateAndGet(143)) - 1244ca21-2158-4cc7-9e07-ba347e145504: start LeaderElection
2019-10-21 23:03:23,818 [1244ca21-2158-4cc7-9e07-ba347e145504@group-C1C12825AC52-LeaderElection1132] INFO  impl.LeaderElection (LeaderElection.java:askForVotes(178)) - 1244ca21-2158-4cc7-9e07-ba347e145504@group-C1C12825AC52-LeaderElection1132: begin an election at term 63 for -1: [1244ca21-2158-4cc7-9e07-ba347e145504:192.168.69.118:43370, 7c107f1d-8592-48e3-af71-5982c0af1f56:192.168.69.118:36514, d10c8639-03b1-4f19-ac0f-6419d7578d59:192.168.69.118:37568], old=null
2019-10-21 23:03:23,819 [grpc-default-executor-5] INFO  impl.RaftServerImpl (RaftServerImpl.java:setRole(184)) - 7c107f1d-8592-48e3-af71-5982c0af1f56@group-C1C12825AC52: changes role from  FOLLOWER to FOLLOWER at term 63 for recognizeCandidate:1244ca21-2158-4cc7-9e07-ba347e145504
2019-10-21 23:03:23,819 [grpc-default-executor-8] INFO  impl.RaftServerImpl (RaftServerImpl.java:setRole(184)) - d10c8639-03b1-4f19-ac0f-6419d7578d59@group-C1C12825AC52: changes role from  FOLLOWER to FOLLOWER at term 63 for recognizeCandidate:1244ca21-2158-4cc7-9e07-ba347e145504
2019-10-21 23:03:23,819 [grpc-default-executor-8] INFO  impl.RoleInfo (RoleInfo.java:shutdownFollowerState(121)) - d10c8639-03b1-4f19-ac0f-6419d7578d59: shutdown FollowerState
2019-10-21 23:03:23,819 [grpc-default-executor-5] INFO  impl.RoleInfo (RoleInfo.java:shutdownFollowerState(121)) - 7c107f1d-8592-48e3-af71-5982c0af1f56: shutdown FollowerState
2019-10-21 23:03:23,819 [Thread-9882] INFO  impl.FollowerState (FollowerState.java:run(117)) - d10c8639-03b1-4f19-ac0f-6419d7578d59@group-C1C12825AC52-FollowerState was interrupted: java.lang.InterruptedException: sleep interrupted
2019-10-21 23:03:23,819 [grpc-default-executor-8] INFO  impl.RoleInfo (RoleInfo.java:updateAndGet(143)) - d10c8639-03b1-4f19-ac0f-6419d7578d59: start FollowerState
2019-10-21 23:03:23,819 [Thread-9883] INFO  impl.FollowerState (FollowerState.java:run(117)) - 7c107f1d-8592-48e3-af71-5982c0af1f56@group-C1C12825AC52-FollowerState was interrupted: java.lang.InterruptedException: sleep interrupted
2019-10-21 23:03:23,819 [grpc-default-executor-5] INFO  impl.RoleInfo (RoleInfo.java:updateAndGet(143)) - 7c107f1d-8592-48e3-af71-5982c0af1f56: start FollowerState
2019-10-21 23:03:23,833 [1244ca21-2158-4cc7-9e07-ba347e145504@group-C1C12825AC52-LeaderElection1132] INFO  impl.LeaderElection (LeaderElection.java:logAndReturn(56)) - 1244ca21-2158-4cc7-9e07-ba347e145504@group-C1C12825AC52-LeaderElection1132: Election REJECTED; received 2 response(s) [1244ca21-2158-4cc7-9e07-ba347e145504<-7c107f1d-8592-48e3-af71-5982c0af1f56#0:FAIL-t63, 1244ca21-2158-4cc7-9e07-ba347e145504<-d10c8639-03b1-4f19-ac0f-6419d7578d59#0:FAIL-t63] and 0 exception(s); 1244ca21-2158-4cc7-9e07-ba347e145504@group-C1C12825AC52:t63, leader=null, voted=1244ca21-2158-4cc7-9e07-ba347e145504, raftlog=1244ca21-2158-4cc7-9e07-ba347e145504@group-C1C12825AC52-SegmentedRaftLog:OPENED:c-1,f-1,i0, conf=-1: [1244ca21-2158-4cc7-9e07-ba347e145504:192.168.69.118:43370, 7c107f1d-8592-48e3-af71-5982c0af1f56:192.168.69.118:36514, d10c8639-03b1-4f19-ac0f-6419d7578d59:192.168.69.118:37568], old=null
2019-10-21 23:03:23,833 [1244ca21-2158-4cc7-9e07-ba347e145504@group-C1C12825AC52-LeaderElection1132] INFO  impl.RaftServerImpl (RaftServerImpl.java:setRole(184)) - 1244ca21-2158-4cc7-9e07-ba347e145504@group-C1C12825AC52: changes role from CANDIDATE to FOLLOWER at term 63 for DISCOVERED_A_NEW_TERM
2019-10-21 23:03:23,833 [1244ca21-2158-4cc7-9e07-ba347e145504@group-C1C12825AC52-LeaderElection1132] INFO  impl.RoleInfo (RoleInfo.java:shutdownLeaderElection(134)) - 1244ca21-2158-4cc7-9e07-ba347e145504: shutdown LeaderElection
2019-10-21 23:03:23,833 [1244ca21-2158-4cc7-9e07-ba347e145504@group-C1C12825AC52-LeaderElection1132] INFO  impl.RoleInfo (RoleInfo.java:updateAndGet(143)) - 1244ca21-2158-4cc7-9e07-ba347e145504: start FollowerState
2019-10-21 23:03:23,843 [Thread-9890] INFO  impl.FollowerState (FollowerState.java:run(108)) - 1244ca21-2158-4cc7-9e07-ba347e145504@group-C1C12825AC52-FollowerState: change to CANDIDATE, lastRpcTime:9ms, electionTimeout:9ms
2019-10-21 23:03:23,843 [Thread-9890] INFO  impl.RoleInfo (RoleInfo.java:shutdownFollowerState(121)) - 1244ca21-2158-4cc7-9e07-ba347e145504: shutdown FollowerState
2019-10-21 23:03:23,843 [Thread-9890] INFO  impl.RaftServerImpl (RaftServerImpl.java:setRole(184)) - 1244ca21-2158-4cc7-9e07-ba347e145504@group-C1C12825AC52: changes role from  FOLLOWER to CANDIDATE at term 63 for changeToCandidate
2019-10-21 23:03:23,843 [Thread-9890] INFO  impl.RoleInfo (RoleInfo.java:updateAndGet(143)) - 1244ca21-2158-4cc7-9e07-ba347e145504: start LeaderElection
2019-10-21 23:03:23,856 [1244ca21-2158-4cc7-9e07-ba347e145504@group-C1C12825AC52-LeaderElection1133] INFO  impl.LeaderElection (LeaderElection.java:askForVotes(178)) - 1244ca21-2158-4cc7-9e07-ba347e145504@group-C1C12825AC52-LeaderElection1133: begin an election at term 64 for -1: [1244ca21-2158-4cc7-9e07-ba347e145504:192.168.69.118:43370, 7c107f1d-8592-48e3-af71-5982c0af1f56:192.168.69.118:36514, d10c8639-03b1-4f19-ac0f-6419d7578d59:192.168.69.118:37568], old=null
2019-10-21 23:03:23,856 [grpc-default-executor-5] INFO  impl.RaftServerImpl (RaftServerImpl.java:setRole(184)) - 7c107f1d-8592-48e3-af71-5982c0af1f56@group-C1C12825AC52: changes role from  FOLLOWER to FOLLOWER at term 64 for recognizeCandidate:1244ca21-2158-4cc7-9e07-ba347e145504
2019-10-21 23:03:23,856 [grpc-default-executor-5] INFO  impl.RoleInfo (RoleInfo.java:shutdownFollowerState(121)) - 7c107f1d-8592-48e3-af71-5982c0af1f56: shutdown FollowerState
2019-10-21 23:03:23,856 [grpc-default-executor-8] INFO  impl.RaftServerImpl (RaftServerImpl.java:setRole(184)) - d10c8639-03b1-4f19-ac0f-6419d7578d59@group-C1C12825AC52: changes role from  FOLLOWER to FOLLOWER at term 64 for recognizeCandidate:1244ca21-2158-4cc7-9e07-ba347e145504
2019-10-21 23:03:23,857 [Thread-9889] INFO  impl.FollowerState (FollowerState.java:run(117)) - 7c107f1d-8592-48e3-af71-5982c0af1f56@group-C1C12825AC52-FollowerState was interrupted: java.lang.InterruptedException: sleep interrupted
2019-10-21 23:03:23,857 [grpc-default-executor-5] INFO  impl.RoleInfo (RoleInfo.java:updateAndGet(143)) - 7c107f1d-8592-48e3-af71-5982c0af1f56: start FollowerState
2019-10-21 23:03:23,857 [grpc-default-executor-8] INFO  impl.RoleInfo (RoleInfo.java:shutdownFollowerState(121)) - d10c8639-03b1-4f19-ac0f-6419d7578d59: shutdown FollowerState
2019-10-21 23:03:23,857 [Thread-9888] INFO  impl.FollowerState (FollowerState.java:run(117)) - d10c8639-03b1-4f19-ac0f-6419d7578d59@group-C1C12825AC52-FollowerState was interrupted: java.lang.InterruptedException: sleep interrupted
2019-10-21 23:03:23,857 [grpc-default-executor-8] INFO  impl.RoleInfo (RoleInfo.java:updateAndGet(143)) - d10c8639-03b1-4f19-ac0f-6419d7578d59: start FollowerState
2019-10-21 23:03:23,870 [1244ca21-2158-4cc7-9e07-ba347e145504@group-C1C12825AC52-LeaderElection1133] INFO  impl.LeaderElection (LeaderElection.java:logAndReturn(56)) - 1244ca21-2158-4cc7-9e07-ba347e145504@group-C1C12825AC52-LeaderElection1133: Election REJECTED; received 2 response(s) [1244ca21-2158-4cc7-9e07-ba347e145504<-7c107f1d-8592-48e3-af71-5982c0af1f56#0:FAIL-t64, 1244ca21-2158-4cc7-9e07-ba347e145504<-d10c8639-03b1-4f19-ac0f-6419d7578d59#0:FAIL-t64] and 0 exception(s); 1244ca21-2158-4cc7-9e07-ba347e145504@group-C1C12825AC52:t64, leader=null, voted=1244ca21-2158-4cc7-9e07-ba347e145504, raftlog=1244ca21-2158-4cc7-9e07-ba347e145504@group-C1C12825AC52-SegmentedRaftLog:OPENED:c-1,f-1,i0, conf=-1: [1244ca21-2158-4cc7-9e07-ba347e145504:192.168.69.118:43370, 7c107f1d-8592-48e3-af71-5982c0af1f56:192.168.69.118:36514, d10c8639-03b1-4f19-ac0f-6419d7578d59:192.168.69.118:37568], old=null
2019-10-21 23:03:23,870 [1244ca21-2158-4cc7-9e07-ba347e145504@group-C1C12825AC52-LeaderElection1133] INFO  impl.RaftServerImpl (RaftServerImpl.java:setRole(184)) - 1244ca21-2158-4cc7-9e07-ba347e145504@group-C1C12825AC52: changes role from CANDIDATE to FOLLOWER at term 64 for DISCOVERED_A_NEW_TERM
2019-10-21 23:03:23,870 [1244ca21-2158-4cc7-9e07-ba347e145504@group-C1C12825AC52-LeaderElection1133] INFO  impl.RoleInfo (RoleInfo.java:shutdownLeaderElection(134)) - 1244ca21-2158-4cc7-9e07-ba347e145504: shutdown LeaderElection
2019-10-21 23:03:23,870 [1244ca21-2158-4cc7-9e07-ba347e145504@group-C1C12825AC52-LeaderElection1133] INFO  impl.RoleInfo (RoleInfo.java:updateAndGet(143)) - 1244ca21-2158-4cc7-9e07-ba347e145504: start FollowerState
2019-10-21 23:03:23,881 [Thread-9896] INFO  impl.FollowerState (FollowerState.java:run(108)) - 1244ca21-2158-4cc7-9e07-ba347e145504@group-C1C12825AC52-FollowerState: change to CANDIDATE, lastRpcTime:11ms, electionTimeout:11ms
2019-10-21 23:03:23,881 [Thread-9896] INFO  impl.RoleInfo (RoleInfo.java:shutdownFollowerState(121)) - 1244ca21-2158-4cc7-9e07-ba347e145504: shutdown FollowerState
2019-10-21 23:03:23,882 [Thread-9896] INFO  impl.RaftServerImpl (RaftServerImpl.java:setRole(184)) - 1244ca21-2158-4cc7-9e07-ba347e145504@group-C1C12825AC52: changes role from  FOLLOWER to CANDIDATE at term 64 for changeToCandidate
2019-10-21 23:03:23,882 [Thread-9896] INFO  impl.RoleInfo (RoleInfo.java:updateAndGet(143)) - 1244ca21-2158-4cc7-9e07-ba347e145504: start LeaderElection
2019-10-21 23:03:23,885 [1244ca21-2158-4cc7-9e07-ba347e145504@group-C1C12825AC52-LeaderElection1134] INFO  impl.LeaderElection (LeaderElection.java:askForVotes(178)) - 1244ca21-2158-4cc7-9e07-ba347e145504@group-C1C12825AC52-LeaderElection1134: begin an election at term 65 for -1: [1244ca21-2158-4cc7-9e07-ba347e145504:192.168.69.118:43370, 7c107f1d-8592-48e3-af71-5982c0af1f56:192.168.69.118:36514, d10c8639-03b1-4f19-ac0f-6419d7578d59:192.168.69.118:37568], old=null
2019-10-21 23:03:23,886 [grpc-default-executor-5] INFO  impl.RaftServerImpl (RaftServerImpl.java:setRole(184)) - 7c107f1d-8592-48e3-af71-5982c0af1f56@group-C1C12825AC52: changes role from  FOLLOWER to FOLLOWER at term 65 for recognizeCandidate:1244ca21-2158-4cc7-9e07-ba347e145504
2019-10-21 23:03:23,886 [grpc-default-executor-5] INFO  impl.RoleInfo (RoleInfo.java:shutdownFollowerState(121)) - 7c107f1d-8592-48e3-af71-5982c0af1f56: shutdown FollowerState
2019-10-21 23:03:23,886 [grpc-default-executor-8] INFO  impl.RaftServerImpl (RaftServerImpl.java:setRole(184)) - d10c8639-03b1-4f19-ac0f-6419d7578d59@group-C1C12825AC52: changes role from  FOLLOWER to FOLLOWER at term 65 for recognizeCandidate:1244ca21-2158-4cc7-9e07-ba347e145504
2019-10-21 23:03:23,887 [grpc-default-executor-8] INFO  impl.RoleInfo (RoleInfo.java:shutdownFollowerState(121)) - d10c8639-03b1-4f19-ac0f-6419d7578d59: shutdown FollowerState
2019-10-21 23:03:23,887 [Thread-9894] INFO  impl.FollowerState (FollowerState.java:run(117)) - 7c107f1d-8592-48e3-af71-5982c0af1f56@group-C1C12825AC52-FollowerState was interrupted: java.lang.InterruptedException: sleep interrupted
2019-10-21 23:03:23,887 [grpc-default-executor-5] INFO  impl.RoleInfo (RoleInfo.java:updateAndGet(143)) - 7c107f1d-8592-48e3-af71-5982c0af1f56: start FollowerState
2019-10-21 23:03:23,887 [Thread-9895] INFO  impl.FollowerState (FollowerState.java:run(117)) - d10c8639-03b1-4f19-ac0f-6419d7578d59@group-C1C12825AC52-FollowerState was interrupted: java.lang.InterruptedException: sleep interrupted
2019-10-21 23:03:23,887 [grpc-default-executor-8] INFO  impl.RoleInfo (RoleInfo.java:updateAndGet(143)) - d10c8639-03b1-4f19-ac0f-6419d7578d59: start FollowerState
2019-10-21 23:03:23,901 [1244ca21-2158-4cc7-9e07-ba347e145504@group-C1C12825AC52-LeaderElection1134] INFO  impl.LeaderElection (LeaderElection.java:logAndReturn(56)) - 1244ca21-2158-4cc7-9e07-ba347e145504@group-C1C12825AC52-LeaderElection1134: Election REJECTED; received 2 response(s) [1244ca21-2158-4cc7-9e07-ba347e145504<-7c107f1d-8592-48e3-af71-5982c0af1f56#0:FAIL-t65, 1244ca21-2158-4cc7-9e07-ba347e145504<-d10c8639-03b1-4f19-ac0f-6419d7578d59#0:FAIL-t65] and 0 exception(s); 1244ca21-2158-4cc7-9e07-ba347e145504@group-C1C12825AC52:t65, leader=null, voted=1244ca21-2158-4cc7-9e07-ba347e145504, raftlog=1244ca21-2158-4cc7-9e07-ba347e145504@group-C1C12825AC52-SegmentedRaftLog:OPENED:c-1,f-1,i0, conf=-1: [1244ca21-2158-4cc7-9e07-ba347e145504:192.168.69.118:43370, 7c107f1d-8592-48e3-af71-5982c0af1f56:192.168.69.118:36514, d10c8639-03b1-4f19-ac0f-6419d7578d59:192.168.69.118:37568], old=null
2019-10-21 23:03:23,901 [1244ca21-2158-4cc7-9e07-ba347e145504@group-C1C12825AC52-LeaderElection1134] INFO  impl.RaftServerImpl (RaftServerImpl.java:setRole(184)) - 1244ca21-2158-4cc7-9e07-ba347e145504@group-C1C12825AC52: changes role from CANDIDATE to FOLLOWER at term 65 for DISCOVERED_A_NEW_TERM
2019-10-21 23:03:23,902 [1244ca21-2158-4cc7-9e07-ba347e145504@group-C1C12825AC52-LeaderElection1134] INFO  impl.RoleInfo (RoleInfo.java:shutdownLeaderElection(134)) - 1244ca21-2158-4cc7-9e07-ba347e145504: shutdown LeaderElection
2019-10-21 23:03:23,902 [1244ca21-2158-4cc7-9e07-ba347e145504@group-C1C12825AC52-LeaderElection1134] INFO  impl.RoleInfo (RoleInfo.java:updateAndGet(143)) - 1244ca21-2158-4cc7-9e07-ba347e145504: start FollowerState
2019-10-21 23:03:24,035 [Thread-9902] INFO  impl.FollowerState (FollowerState.java:run(108)) - 1244ca21-2158-4cc7-9e07-ba347e145504@group-C1C12825AC52-FollowerState: change to CANDIDATE, lastRpcTime:133ms, electionTimeout:133ms
2019-10-21 23:03:24,035 [Thread-9902] INFO  impl.RoleInfo (RoleInfo.java:shutdownFollowerState(121)) - 1244ca21-2158-4cc7-9e07-ba347e145504: shutdown FollowerState
2019-10-21 23:03:24,035 [Thread-9902] INFO  impl.RaftServerImpl (RaftServerImpl.java:setRole(184)) - 1244ca21-2158-4cc7-9e07-ba347e145504@group-C1C12825AC52: changes role from  FOLLOWER to CANDIDATE at term 65 for changeToCandidate
2019-10-21 23:03:24,035 [Thread-9902] INFO  impl.RoleInfo (RoleInfo.java:updateAndGet(143)) - 1244ca21-2158-4cc7-9e07-ba347e145504: start LeaderElection
2019-10-21 23:03:24,046 [1244ca21-2158-4cc7-9e07-ba347e145504@group-C1C12825AC52-LeaderElection1135] INFO  impl.LeaderElection (LeaderElection.java:askForVotes(178)) - 1244ca21-2158-4cc7-9e07-ba347e145504@group-C1C12825AC52-LeaderElection1135: begin an election at term 66 for -1: [1244ca21-2158-4cc7-9e07-ba347e145504:192.168.69.118:43370, 7c107f1d-8592-48e3-af71-5982c0af1f56:192.168.69.118:36514, d10c8639-03b1-4f19-ac0f-6419d7578d59:192.168.69.118:37568], old=null
2019-10-21 23:03:24,048 [grpc-default-executor-5] INFO  impl.RaftServerImpl (RaftServerImpl.java:setRole(184)) - 7c107f1d-8592-48e3-af71-5982c0af1f56@group-C1C12825AC52: changes role from  FOLLOWER to FOLLOWER at term 66 for recognizeCandidate:1244ca21-2158-4cc7-9e07-ba347e145504
2019-10-21 23:03:24,048 [grpc-default-executor-8] INFO  impl.RaftServerImpl (RaftServerImpl.java:setRole(184)) - d10c8639-03b1-4f19-ac0f-6419d7578d59@group-C1C12825AC52: changes role from  FOLLOWER to FOLLOWER at term 66 for recognizeCandidate:1244ca21-2158-4cc7-9e07-ba347e145504
2019-10-21 23:03:24,048 [grpc-default-executor-8] INFO  impl.RoleInfo (RoleInfo.java:shutdownFollowerState(121)) - d10c8639-03b1-4f19-ac0f-6419d7578d59: shutdown FollowerState
2019-10-21 23:03:24,048 [grpc-default-executor-5] INFO  impl.RoleInfo (RoleInfo.java:shutdownFollowerState(121)) - 7c107f1d-8592-48e3-af71-5982c0af1f56: shutdown FollowerState
2019-10-21 23:03:24,048 [Thread-9901] INFO  impl.FollowerState (FollowerState.java:run(117)) - d10c8639-03b1-4f19-ac0f-6419d7578d59@group-C1C12825AC52-FollowerState was interrupted: java.lang.InterruptedException: sleep interrupted
2019-10-21 23:03:24,048 [grpc-default-executor-8] INFO  impl.RoleInfo (RoleInfo.java:updateAndGet(143)) - d10c8639-03b1-4f19-ac0f-6419d7578d59: start FollowerState
2019-10-21 23:03:24,049 [Thread-9900] INFO  impl.FollowerState (FollowerState.java:run(117)) - 7c107f1d-8592-48e3-af71-5982c0af1f56@group-C1C12825AC52-FollowerState was interrupted: java.lang.InterruptedException: sleep interrupted
2019-10-21 23:03:24,048 [grpc-default-executor-5] INFO  impl.RoleInfo (RoleInfo.java:updateAndGet(143)) - 7c107f1d-8592-48e3-af71-5982c0af1f56: start FollowerState
2019-10-21 23:03:24,062 [1244ca21-2158-4cc7-9e07-ba347e145504@group-C1C12825AC52-LeaderElection1135] INFO  impl.LeaderElection (LeaderElection.java:logAndReturn(56)) - 1244ca21-2158-4cc7-9e07-ba347e145504@group-C1C12825AC52-LeaderElection1135: Election REJECTED; received 2 response(s) [1244ca21-2158-4cc7-9e07-ba347e145504<-7c107f1d-8592-48e3-af71-5982c0af1f56#0:FAIL-t66, 1244ca21-2158-4cc7-9e07-ba347e145504<-d10c8639-03b1-4f19-ac0f-6419d7578d59#0:FAIL-t66] and 0 exception(s); 1244ca21-2158-4cc7-9e07-ba347e145504@group-C1C12825AC52:t66, leader=null, voted=1244ca21-2158-4cc7-9e07-ba347e145504, raftlog=1244ca21-2158-4cc7-9e07-ba347e145504@group-C1C12825AC52-SegmentedRaftLog:OPENED:c-1,f-1,i0, conf=-1: [1244ca21-2158-4cc7-9e07-ba347e145504:192.168.69.118:43370, 7c107f1d-8592-48e3-af71-5982c0af1f56:192.168.69.118:36514, d10c8639-03b1-4f19-ac0f-6419d7578d59:192.168.69.118:37568], old=null
2019-10-21 23:03:24,062 [1244ca21-2158-4cc7-9e07-ba347e145504@group-C1C12825AC52-LeaderElection1135] INFO  impl.RaftServerImpl (RaftServerImpl.java:setRole(184)) - 1244ca21-2158-4cc7-9e07-ba347e145504@group-C1C12825AC52: changes role from CANDIDATE to FOLLOWER at term 66 for DISCOVERED_A_NEW_TERM
2019-10-21 23:03:24,062 [1244ca21-2158-4cc7-9e07-ba347e145504@group-C1C12825AC52-LeaderElection1135] INFO  impl.RoleInfo (RoleInfo.java:shutdownLeaderElection(134)) - 1244ca21-2158-4cc7-9e07-ba347e145504: shutdown LeaderElection
2019-10-21 23:03:24,063 [1244ca21-2158-4cc7-9e07-ba347e145504@group-C1C12825AC52-LeaderElection1135] INFO  impl.RoleInfo (RoleInfo.java:updateAndGet(143)) - 1244ca21-2158-4cc7-9e07-ba347e145504: start FollowerState
2019-10-21 23:03:24,260 [Thread-9908] INFO  impl.FollowerState (FollowerState.java:run(108)) - 1244ca21-2158-4cc7-9e07-ba347e145504@group-C1C12825AC52-FollowerState: change to CANDIDATE, lastRpcTime:197ms, electionTimeout:197ms
2019-10-21 23:03:24,260 [Thread-9908] INFO  impl.RoleInfo (RoleInfo.java:shutdownFollowerState(121)) - 1244ca21-2158-4cc7-9e07-ba347e145504: shutdown FollowerState
2019-10-21 23:03:24,260 [Thread-9908] INFO  impl.RaftServerImpl (RaftServerImpl.java:setRole(184)) - 1244ca21-2158-4cc7-9e07-ba347e145504@group-C1C12825AC52: changes role from  FOLLOWER to CANDIDATE at term 66 for changeToCandidate
2019-10-21 23:03:24,260 [Thread-9908] INFO  impl.RoleInfo (RoleInfo.java:updateAndGet(143)) - 1244ca21-2158-4cc7-9e07-ba347e145504: start LeaderElection
2019-10-21 23:03:24,285 [1244ca21-2158-4cc7-9e07-ba347e145504@group-C1C12825AC52-LeaderElection1136] INFO  impl.LeaderElection (LeaderElection.java:askForVotes(178)) - 1244ca21-2158-4cc7-9e07-ba347e145504@group-C1C12825AC52-LeaderElection1136: begin an election at term 67 for -1: [1244ca21-2158-4cc7-9e07-ba347e145504:192.168.69.118:43370, 7c107f1d-8592-48e3-af71-5982c0af1f56:192.168.69.118:36514, d10c8639-03b1-4f19-ac0f-6419d7578d59:192.168.69.118:37568], old=null
2019-10-21 23:03:24,287 [grpc-default-executor-5] INFO  impl.RaftServerImpl (RaftServerImpl.java:setRole(184)) - 7c107f1d-8592-48e3-af71-5982c0af1f56@group-C1C12825AC52: changes role from  FOLLOWER to FOLLOWER at term 67 for recognizeCandidate:1244ca21-2158-4cc7-9e07-ba347e145504
2019-10-21 23:03:24,287 [grpc-default-executor-5] INFO  impl.RoleInfo (RoleInfo.java:shutdownFollowerState(121)) - 7c107f1d-8592-48e3-af71-5982c0af1f56: shutdown FollowerState
2019-10-21 23:03:24,287 [grpc-default-executor-8] INFO  impl.RaftServerImpl (RaftServerImpl.java:setRole(184)) - d10c8639-03b1-4f19-ac0f-6419d7578d59@group-C1C12825AC52: changes role from  FOLLOWER to FOLLOWER at term 67 for recognizeCandidate:1244ca21-2158-4cc7-9e07-ba347e145504
2019-10-21 23:03:24,287 [grpc-default-executor-8] INFO  impl.RoleInfo (RoleInfo.java:shutdownFollowerState(121)) - d10c8639-03b1-4f19-ac0f-6419d7578d59: shutdown FollowerState
2019-10-21 23:03:24,287 [Thread-9907] INFO  impl.FollowerState (FollowerState.java:run(117)) - 7c107f1d-8592-48e3-af71-5982c0af1f56@group-C1C12825AC52-FollowerState was interrupted: java.lang.InterruptedException: sleep interrupted
2019-10-21 23:03:24,287 [grpc-default-executor-5] INFO  impl.RoleInfo (RoleInfo.java:updateAndGet(143)) - 7c107f1d-8592-48e3-af71-5982c0af1f56: start FollowerState
2019-10-21 23:03:24,288 [Thread-9906] INFO  impl.FollowerState (FollowerState.java:run(117)) - d10c8639-03b1-4f19-ac0f-6419d7578d59@group-C1C12825AC52-FollowerState was interrupted: java.lang.InterruptedException: sleep interrupted
2019-10-21 23:03:24,288 [grpc-default-executor-8] INFO  impl.RoleInfo (RoleInfo.java:updateAndGet(143)) - d10c8639-03b1-4f19-ac0f-6419d7578d59: start FollowerState
2019-10-21 23:03:24,301 [1244ca21-2158-4cc7-9e07-ba347e145504@group-C1C12825AC52-LeaderElection1136] INFO  impl.LeaderElection (LeaderElection.java:logAndReturn(56)) - 1244ca21-2158-4cc7-9e07-ba347e145504@group-C1C12825AC52-LeaderElection1136: Election REJECTED; received 2 response(s) [1244ca21-2158-4cc7-9e07-ba347e145504<-7c107f1d-8592-48e3-af71-5982c0af1f56#0:FAIL-t67, 1244ca21-2158-4cc7-9e07-ba347e145504<-d10c8639-03b1-4f19-ac0f-6419d7578d59#0:FAIL-t67] and 0 exception(s); 1244ca21-2158-4cc7-9e07-ba347e145504@group-C1C12825AC52:t67, leader=null, voted=1244ca21-2158-4cc7-9e07-ba347e145504, raftlog=1244ca21-2158-4cc7-9e07-ba347e145504@group-C1C12825AC52-SegmentedRaftLog:OPENED:c-1,f-1,i0, conf=-1: [1244ca21-2158-4cc7-9e07-ba347e145504:192.168.69.118:43370, 7c107f1d-8592-48e3-af71-5982c0af1f56:192.168.69.118:36514, d10c8639-03b1-4f19-ac0f-6419d7578d59:192.168.69.118:37568], old=null
2019-10-21 23:03:24,301 [1244ca21-2158-4cc7-9e07-ba347e145504@group-C1C12825AC52-LeaderElection1136] INFO  impl.RaftServerImpl (RaftServerImpl.java:setRole(184)) - 1244ca21-2158-4cc7-9e07-ba347e145504@group-C1C12825AC52: changes role from CANDIDATE to FOLLOWER at term 67 for DISCOVERED_A_NEW_TERM
2019-10-21 23:03:24,301 [1244ca21-2158-4cc7-9e07-ba347e145504@group-C1C12825AC52-LeaderElection1136] INFO  impl.RoleInfo (RoleInfo.java:shutdownLeaderElection(134)) - 1244ca21-2158-4cc7-9e07-ba347e145504: shutdown LeaderElection
2019-10-21 23:03:24,302 [1244ca21-2158-4cc7-9e07-ba347e145504@group-C1C12825AC52-LeaderElection1136] INFO  impl.RoleInfo (RoleInfo.java:updateAndGet(143)) - 1244ca21-2158-4cc7-9e07-ba347e145504: start FollowerState
2019-10-21 23:03:24,366 [Thread-9918] INFO  impl.FollowerState (FollowerState.java:run(108)) - 1244ca21-2158-4cc7-9e07-ba347e145504@group-C1C12825AC52-FollowerState: change to CANDIDATE, lastRpcTime:64ms, electionTimeout:64ms
2019-10-21 23:03:24,366 [Thread-9918] INFO  impl.RoleInfo (RoleInfo.java:shutdownFollowerState(121)) - 1244ca21-2158-4cc7-9e07-ba347e145504: shutdown FollowerState
2019-10-21 23:03:24,366 [Thread-9918] INFO  impl.RaftServerImpl (RaftServerImpl.java:setRole(184)) - 1244ca21-2158-4cc7-9e07-ba347e145504@group-C1C12825AC52: changes role from  FOLLOWER to CANDIDATE at term 67 for changeToCandidate
2019-10-21 23:03:24,366 [Thread-9918] INFO  impl.RoleInfo (RoleInfo.java:updateAndGet(143)) - 1244ca21-2158-4cc7-9e07-ba347e145504: start LeaderElection
2019-10-21 23:03:24,379 [1244ca21-2158-4cc7-9e07-ba347e145504@group-C1C12825AC52-LeaderElection1137] INFO  impl.LeaderElection (LeaderElection.java:askForVotes(178)) - 1244ca21-2158-4cc7-9e07-ba347e145504@group-C1C12825AC52-LeaderElection1137: begin an election at term 68 for -1: [1244ca21-2158-4cc7-9e07-ba347e145504:192.168.69.118:43370, 7c107f1d-8592-48e3-af71-5982c0af1f56:192.168.69.118:36514, d10c8639-03b1-4f19-ac0f-6419d7578d59:192.168.69.118:37568], old=null
2019-10-21 23:03:24,380 [grpc-default-executor-8] INFO  impl.RaftServerImpl (RaftServerImpl.java:setRole(184)) - d10c8639-03b1-4f19-ac0f-6419d7578d59@group-C1C12825AC52: changes role from  FOLLOWER to FOLLOWER at term 68 for recognizeCandidate:1244ca21-2158-4cc7-9e07-ba347e145504
2019-10-21 23:03:24,380 [grpc-default-executor-8] INFO  impl.RoleInfo (RoleInfo.java:shutdownFollowerState(121)) - d10c8639-03b1-4f19-ac0f-6419d7578d59: shutdown FollowerState
2019-10-21 23:03:24,381 [grpc-default-executor-5] INFO  impl.RaftServerImpl (RaftServerImpl.java:setRole(184)) - 7c107f1d-8592-48e3-af71-5982c0af1f56@group-C1C12825AC52: changes role from  FOLLOWER to FOLLOWER at term 68 for recognizeCandidate:1244ca21-2158-4cc7-9e07-ba347e145504
2019-10-21 23:03:24,381 [grpc-default-executor-8] INFO  impl.RoleInfo (RoleInfo.java:updateAndGet(143)) - d10c8639-03b1-4f19-ac0f-6419d7578d59: start FollowerState
2019-10-21 23:03:24,381 [Thread-9917] INFO  impl.FollowerState (FollowerState.java:run(117)) - d10c8639-03b1-4f19-ac0f-6419d7578d59@group-C1C12825AC52-FollowerState was interrupted: java.lang.InterruptedException: sleep interrupted
2019-10-21 23:03:24,381 [grpc-default-executor-5] INFO  impl.RoleInfo (RoleInfo.java:shutdownFollowerState(121)) - 7c107f1d-8592-48e3-af71-5982c0af1f56: shutdown FollowerState
2019-10-21 23:03:24,381 [grpc-default-executor-5] INFO  impl.RoleInfo (RoleInfo.java:updateAndGet(143)) - 7c107f1d-8592-48e3-af71-5982c0af1f56: start FollowerState
2019-10-21 23:03:24,381 [Thread-9916] INFO  impl.FollowerState (FollowerState.java:run(117)) - 7c107f1d-8592-48e3-af71-5982c0af1f56@group-C1C12825AC52-FollowerState was interrupted: java.lang.InterruptedException: sleep interrupted
2019-10-21 23:03:24,395 [1244ca21-2158-4cc7-9e07-ba347e145504@group-C1C12825AC52-LeaderElection1137] INFO  impl.LeaderElection (LeaderElection.java:logAndReturn(56)) - 1244ca21-2158-4cc7-9e07-ba347e145504@group-C1C12825AC52-LeaderElection1137: Election REJECTED; received 2 response(s) [1244ca21-2158-4cc7-9e07-ba347e145504<-7c107f1d-8592-48e3-af71-5982c0af1f56#0:FAIL-t68, 1244ca21-2158-4cc7-9e07-ba347e145504<-d10c8639-03b1-4f19-ac0f-6419d7578d59#0:FAIL-t68] and 0 exception(s); 1244ca21-2158-4cc7-9e07-ba347e145504@group-C1C12825AC52:t68, leader=null, voted=1244ca21-2158-4cc7-9e07-ba347e145504, raftlog=1244ca21-2158-4cc7-9e07-ba347e145504@group-C1C12825AC52-SegmentedRaftLog:OPENED:c-1,f-1,i0, conf=-1: [1244ca21-2158-4cc7-9e07-ba347e145504:192.168.69.118:43370, 7c107f1d-8592-48e3-af71-5982c0af1f56:192.168.69.118:36514, d10c8639-03b1-4f19-ac0f-6419d7578d59:192.168.69.118:37568], old=null
2019-10-21 23:03:24,395 [1244ca21-2158-4cc7-9e07-ba347e145504@group-C1C12825AC52-LeaderElection1137] INFO  impl.RaftServerImpl (RaftServerImpl.java:setRole(184)) - 1244ca21-2158-4cc7-9e07-ba347e145504@group-C1C12825AC52: changes role from CANDIDATE to FOLLOWER at term 68 for DISCOVERED_A_NEW_TERM
2019-10-21 23:03:24,395 [1244ca21-2158-4cc7-9e07-ba347e145504@group-C1C12825AC52-LeaderElection1137] INFO  impl.RoleInfo (RoleInfo.java:shutdownLeaderElection(134)) - 1244ca21-2158-4cc7-9e07-ba347e145504: shutdown LeaderElection
2019-10-21 23:03:24,395 [1244ca21-2158-4cc7-9e07-ba347e145504@group-C1C12825AC52-LeaderElection1137] INFO  impl.RoleInfo (RoleInfo.java:updateAndGet(143)) - 1244ca21-2158-4cc7-9e07-ba347e145504: start FollowerState
2019-10-21 23:03:24,456 [Thread-9926] INFO  impl.FollowerState (FollowerState.java:run(108)) - 1244ca21-2158-4cc7-9e07-ba347e145504@group-C1C12825AC52-FollowerState: change to CANDIDATE, lastRpcTime:60ms, electionTimeout:60ms
2019-10-21 23:03:24,456 [Thread-9926] INFO  impl.RoleInfo (RoleInfo.java:shutdownFollowerState(121)) - 1244ca21-2158-4cc7-9e07-ba347e145504: shutdown FollowerState
2019-10-21 23:03:24,456 [Thread-9926] INFO  impl.RaftServerImpl (RaftServerImpl.java:setRole(184)) - 1244ca21-2158-4cc7-9e07-ba347e145504@group-C1C12825AC52: changes role from  FOLLOWER to CANDIDATE at term 68 for changeToCandidate
2019-10-21 23:03:24,456 [Thread-9926] INFO  impl.RoleInfo (RoleInfo.java:updateAndGet(143)) - 1244ca21-2158-4cc7-9e07-ba347e145504: start LeaderElection
2019-10-21 23:03:24,505 [1244ca21-2158-4cc7-9e07-ba347e145504@group-C1C12825AC52-LeaderElection1138] INFO  impl.LeaderElection (LeaderElection.java:askForVotes(178)) - 1244ca21-2158-4cc7-9e07-ba347e145504@group-C1C12825AC52-LeaderElection1138: begin an election at term 69 for -1: [1244ca21-2158-4cc7-9e07-ba347e145504:192.168.69.118:43370, 7c107f1d-8592-48e3-af71-5982c0af1f56:192.168.69.118:36514, d10c8639-03b1-4f19-ac0f-6419d7578d59:192.168.69.118:37568], old=null
2019-10-21 23:03:24,506 [grpc-default-executor-5] INFO  impl.RaftServerImpl (RaftServerImpl.java:setRole(184)) - 7c107f1d-8592-48e3-af71-5982c0af1f56@group-C1C12825AC52: changes role from  FOLLOWER to FOLLOWER at term 69 for recognizeCandidate:1244ca21-2158-4cc7-9e07-ba347e145504
2019-10-21 23:03:24,506 [grpc-default-executor-5] INFO  impl.RoleInfo (RoleInfo.java:shutdownFollowerState(121)) - 7c107f1d-8592-48e3-af71-5982c0af1f56: shutdown FollowerState
2019-10-21 23:03:24,506 [grpc-default-executor-8] INFO  impl.RaftServerImpl (RaftServerImpl.java:setRole(184)) - d10c8639-03b1-4f19-ac0f-6419d7578d59@group-C1C12825AC52: changes role from  FOLLOWER to FOLLOWER at term 69 for recognizeCandidate:1244ca21-2158-4cc7-9e07-ba347e145504
2019-10-21 23:03:24,506 [Thread-9925] INFO  impl.FollowerState (FollowerState.java:run(117)) - 7c107f1d-8592-48e3-af71-5982c0af1f56@group-C1C12825AC52-FollowerState was interrupted: java.lang.InterruptedException: sleep interrupted
2019-10-21 23:03:24,506 [grpc-default-executor-5] INFO  impl.RoleInfo (RoleInfo.java:updateAndGet(143)) - 7c107f1d-8592-48e3-af71-5982c0af1f56: start FollowerState
2019-10-21 23:03:24,507 [grpc-default-executor-8] INFO  impl.RoleInfo (RoleInfo.java:shutdownFollowerState(121)) - d10c8639-03b1-4f19-ac0f-6419d7578d59: shutdown FollowerState
2019-10-21 23:03:24,507 [grpc-default-executor-8] INFO  impl.RoleInfo (RoleInfo.java:updateAndGet(143)) - d10c8639-03b1-4f19-ac0f-6419d7578d59: start FollowerState
2019-10-21 23:03:24,507 [Thread-9924] INFO  impl.FollowerState (FollowerState.java:run(117)) - d10c8639-03b1-4f19-ac0f-6419d7578d59@group-C1C12825AC52-FollowerState was interrupted: java.lang.InterruptedException: sleep interrupted
2019-10-21 23:03:24,521 [1244ca21-2158-4cc7-9e07-ba347e145504@group-C1C12825AC52-LeaderElection1138] INFO  impl.LeaderElection (LeaderElection.java:logAndReturn(56)) - 1244ca21-2158-4cc7-9e07-ba347e145504@group-C1C12825AC52-LeaderElection1138: Election REJECTED; received 2 response(s) [1244ca21-2158-4cc7-9e07-ba347e145504<-7c107f1d-8592-48e3-af71-5982c0af1f56#0:FAIL-t69, 1244ca21-2158-4cc7-9e07-ba347e145504<-d10c8639-03b1-4f19-ac0f-6419d7578d59#0:FAIL-t69] and 0 exception(s); 1244ca21-2158-4cc7-9e07-ba347e145504@group-C1C12825AC52:t69, leader=null, voted=1244ca21-2158-4cc7-9e07-ba347e145504, raftlog=1244ca21-2158-4cc7-9e07-ba347e145504@group-C1C12825AC52-SegmentedRaftLog:OPENED:c-1,f-1,i0, conf=-1: [1244ca21-2158-4cc7-9e07-ba347e145504:192.168.69.118:43370, 7c107f1d-8592-48e3-af71-5982c0af1f56:192.168.69.118:36514, d10c8639-03b1-4f19-ac0f-6419d7578d59:192.168.69.118:37568], old=null
2019-10-21 23:03:24,521 [1244ca21-2158-4cc7-9e07-ba347e145504@group-C1C12825AC52-LeaderElection1138] INFO  impl.RaftServerImpl (RaftServerImpl.java:setRole(184)) - 1244ca21-2158-4cc7-9e07-ba347e145504@group-C1C12825AC52: changes role from CANDIDATE to FOLLOWER at term 69 for DISCOVERED_A_NEW_TERM
2019-10-21 23:03:24,521 [1244ca21-2158-4cc7-9e07-ba347e145504@group-C1C12825AC52-LeaderElection1138] INFO  impl.RoleInfo (RoleInfo.java:shutdownLeaderElection(134)) - 1244ca21-2158-4cc7-9e07-ba347e145504: shutdown LeaderElection
2019-10-21 23:03:24,521 [1244ca21-2158-4cc7-9e07-ba347e145504@group-C1C12825AC52-LeaderElection1138] INFO  impl.RoleInfo (RoleInfo.java:updateAndGet(143)) - 1244ca21-2158-4cc7-9e07-ba347e145504: start FollowerState
2019-10-21 23:03:24,585 [Thread-9932] INFO  impl.FollowerState (FollowerState.java:run(108)) - 1244ca21-2158-4cc7-9e07-ba347e145504@group-C1C12825AC52-FollowerState: change to CANDIDATE, lastRpcTime:64ms, electionTimeout:64ms
2019-10-21 23:03:24,585 [Thread-9932] INFO  impl.RoleInfo (RoleInfo.java:shutdownFollowerState(121)) - 1244ca21-2158-4cc7-9e07-ba347e145504: shutdown FollowerState
2019-10-21 23:03:24,586 [Thread-9932] INFO  impl.RaftServerImpl (RaftServerImpl.java:setRole(184)) - 1244ca21-2158-4cc7-9e07-ba347e145504@group-C1C12825AC52: changes role from  FOLLOWER to CANDIDATE at term 69 for changeToCandidate
2019-10-21 23:03:24,586 [Thread-9932] INFO  impl.RoleInfo (RoleInfo.java:updateAndGet(143)) - 1244ca21-2158-4cc7-9e07-ba347e145504: start LeaderElection
2019-10-21 23:03:24,601 [1244ca21-2158-4cc7-9e07-ba347e145504@group-C1C12825AC52-LeaderElection1139] INFO  impl.LeaderElection (LeaderElection.java:askForVotes(178)) - 1244ca21-2158-4cc7-9e07-ba347e145504@group-C1C12825AC52-LeaderElection1139: begin an election at term 70 for -1: [1244ca21-2158-4cc7-9e07-ba347e145504:192.168.69.118:43370, 7c107f1d-8592-48e3-af71-5982c0af1f56:192.168.69.118:36514, d10c8639-03b1-4f19-ac0f-6419d7578d59:192.168.69.118:37568], old=null
2019-10-21 23:03:24,602 [grpc-default-executor-8] INFO  impl.RaftServerImpl (RaftServerImpl.java:setRole(184)) - d10c8639-03b1-4f19-ac0f-6419d7578d59@group-C1C12825AC52: changes role from  FOLLOWER to FOLLOWER at term 70 for recognizeCandidate:1244ca21-2158-4cc7-9e07-ba347e145504
2019-10-21 23:03:24,602 [grpc-default-executor-8] INFO  impl.RoleInfo (RoleInfo.java:shutdownFollowerState(121)) - d10c8639-03b1-4f19-ac0f-6419d7578d59: shutdown FollowerState
2019-10-21 23:03:24,602 [grpc-default-executor-8] INFO  impl.RoleInfo (RoleInfo.java:updateAndGet(143)) - d10c8639-03b1-4f19-ac0f-6419d7578d59: start FollowerState
2019-10-21 23:03:24,603 [Thread-9931] INFO  impl.FollowerState (FollowerState.java:run(117)) - d10c8639-03b1-4f19-ac0f-6419d7578d59@group-C1C12825AC52-FollowerState was interrupted: java.lang.InterruptedException: sleep interrupted
2019-10-21 23:03:24,603 [grpc-default-executor-5] INFO  impl.RaftServerImpl (RaftServerImpl.java:setRole(184)) - 7c107f1d-8592-48e3-af71-5982c0af1f56@group-C1C12825AC52: changes role from  FOLLOWER to FOLLOWER at term 70 for recognizeCandidate:1244ca21-2158-4cc7-9e07-ba347e145504
2019-10-21 23:03:24,603 [grpc-default-executor-5] INFO  impl.RoleInfo (RoleInfo.java:shutdownFollowerState(121)) - 7c107f1d-8592-48e3-af71-5982c0af1f56: shutdown FollowerState
2019-10-21 23:03:24,603 [grpc-default-executor-5] INFO  impl.RoleInfo (RoleInfo.java:updateAndGet(143)) - 7c107f1d-8592-48e3-af71-5982c0af1f56: start FollowerState
2019-10-21 23:03:24,603 [Thread-9930] INFO  impl.FollowerState (FollowerState.java:run(117)) - 7c107f1d-8592-48e3-af71-5982c0af1f56@group-C1C12825AC52-FollowerState was interrupted: java.lang.InterruptedException: sleep interrupted
2019-10-21 23:03:24,617 [1244ca21-2158-4cc7-9e07-ba347e145504@group-C1C12825AC52-LeaderElection1139] INFO  impl.LeaderElection (LeaderElection.java:logAndReturn(56)) - 1244ca21-2158-4cc7-9e07-ba347e145504@group-C1C12825AC52-LeaderElection1139: Election REJECTED; received 2 response(s) [1244ca21-2158-4cc7-9e07-ba347e145504<-7c107f1d-8592-48e3-af71-5982c0af1f56#0:FAIL-t70, 1244ca21-2158-4cc7-9e07-ba347e145504<-d10c8639-03b1-4f19-ac0f-6419d7578d59#0:FAIL-t70] and 0 exception(s); 1244ca21-2158-4cc7-9e07-ba347e145504@group-C1C12825AC52:t70, leader=null, voted=1244ca21-2158-4cc7-9e07-ba347e145504, raftlog=1244ca21-2158-4cc7-9e07-ba347e145504@group-C1C12825AC52-SegmentedRaftLog:OPENED:c-1,f-1,i0, conf=-1: [1244ca21-2158-4cc7-9e07-ba347e145504:192.168.69.118:43370, 7c107f1d-8592-48e3-af71-5982c0af1f56:192.168.69.118:36514, d10c8639-03b1-4f19-ac0f-6419d7578d59:192.168.69.118:37568], old=null
2019-10-21 23:03:24,617 [1244ca21-2158-4cc7-9e07-ba347e145504@group-C1C12825AC52-LeaderElection1139] INFO  impl.RaftServerImpl (RaftServerImpl.java:setRole(184)) - 1244ca21-2158-4cc7-9e07-ba347e145504@group-C1C12825AC52: changes role from CANDIDATE to FOLLOWER at term 70 for DISCOVERED_A_NEW_TERM
2019-10-21 23:03:24,617 [1244ca21-2158-4cc7-9e07-ba347e145504@group-C1C12825AC52-LeaderElection1139] INFO  impl.RoleInfo (RoleInfo.java:shutdownLeaderElection(134)) - 1244ca21-2158-4cc7-9e07-ba347e145504: shutdown LeaderElection
2019-10-21 23:03:24,617 [1244ca21-2158-4cc7-9e07-ba347e145504@group-C1C12825AC52-LeaderElection1139] INFO  impl.RoleInfo (RoleInfo.java:updateAndGet(143)) - 1244ca21-2158-4cc7-9e07-ba347e145504: start FollowerState
2019-10-21 23:03:24,659 [Thread-9940] INFO  impl.FollowerState (FollowerState.java:run(108)) - 1244ca21-2158-4cc7-9e07-ba347e145504@group-C1C12825AC52-FollowerState: change to CANDIDATE, lastRpcTime:42ms, electionTimeout:42ms
2019-10-21 23:03:24,659 [Thread-9940] INFO  impl.RoleInfo (RoleInfo.java:shutdownFollowerState(121)) - 1244ca21-2158-4cc7-9e07-ba347e145504: shutdown FollowerState
2019-10-21 23:03:24,659 [Thread-9940] INFO  impl.RaftServerImpl (RaftServerImpl.java:setRole(184)) - 1244ca21-2158-4cc7-9e07-ba347e145504@group-C1C12825AC52: changes role from  FOLLOWER to CANDIDATE at term 70 for changeToCandidate
2019-10-21 23:03:24,660 [Thread-9940] INFO  impl.RoleInfo (RoleInfo.java:updateAndGet(143)) - 1244ca21-2158-4cc7-9e07-ba347e145504: start LeaderElection
2019-10-21 23:03:24,670 [1244ca21-2158-4cc7-9e07-ba347e145504@group-C1C12825AC52-LeaderElection1140] INFO  impl.LeaderElection (LeaderElection.java:askForVotes(178)) - 1244ca21-2158-4cc7-9e07-ba347e145504@group-C1C12825AC52-LeaderElection1140: begin an election at term 71 for -1: [1244ca21-2158-4cc7-9e07-ba347e145504:192.168.69.118:43370, 7c107f1d-8592-48e3-af71-5982c0af1f56:192.168.69.118:36514, d10c8639-03b1-4f19-ac0f-6419d7578d59:192.168.69.118:37568], old=null
2019-10-21 23:03:24,670 [grpc-default-executor-8] INFO  impl.RaftServerImpl (RaftServerImpl.java:setRole(184)) - 7c107f1d-8592-48e3-af71-5982c0af1f56@group-C1C12825AC52: changes role from  FOLLOWER to FOLLOWER at term 71 for recognizeCandidate:1244ca21-2158-4cc7-9e07-ba347e145504
2019-10-21 23:03:24,671 [grpc-default-executor-8] INFO  impl.RoleInfo (RoleInfo.java:shutdownFollowerState(121)) - 7c107f1d-8592-48e3-af71-5982c0af1f56: shutdown FollowerState
2019-10-21 23:03:24,671 [grpc-default-executor-5] INFO  impl.RaftServerImpl (RaftServerImpl.java:setRole(184)) - d10c8639-03b1-4f19-ac0f-6419d7578d59@group-C1C12825AC52: changes role from  FOLLOWER to FOLLOWER at term 71 for recognizeCandidate:1244ca21-2158-4cc7-9e07-ba347e145504
2019-10-21 23:03:24,671 [grpc-default-executor-5] INFO  impl.RoleInfo (RoleInfo.java:shutdownFollowerState(121)) - d10c8639-03b1-4f19-ac0f-6419d7578d59: shutdown FollowerState
2019-10-21 23:03:24,671 [Thread-9937] INFO  impl.FollowerState (FollowerState.java:run(117)) - 7c107f1d-8592-48e3-af71-5982c0af1f56@group-C1C12825AC52-FollowerState was interrupted: java.lang.InterruptedException: sleep interrupted
2019-10-21 23:03:24,671 [grpc-default-executor-8] INFO  impl.RoleInfo (RoleInfo.java:updateAndGet(143)) - 7c107f1d-8592-48e3-af71-5982c0af1f56: start FollowerState
2019-10-21 23:03:24,671 [Thread-9936] INFO  impl.FollowerState (FollowerState.java:run(117)) - d10c8639-03b1-4f19-ac0f-6419d7578d59@group-C1C12825AC52-FollowerState was interrupted: java.lang.InterruptedException: sleep interrupted
2019-10-21 23:03:24,671 [grpc-default-executor-5] INFO  impl.RoleInfo (RoleInfo.java:updateAndGet(143)) - d10c8639-03b1-4f19-ac0f-6419d7578d59: start FollowerState
2019-10-21 23:03:24,684 [1244ca21-2158-4cc7-9e07-ba347e145504@group-C1C12825AC52-LeaderElection1140] INFO  impl.LeaderElection (LeaderElection.java:logAndReturn(56)) - 1244ca21-2158-4cc7-9e07-ba347e145504@group-C1C12825AC52-LeaderElection1140: Election REJECTED; received 2 response(s) [1244ca21-2158-4cc7-9e07-ba347e145504<-7c107f1d-8592-48e3-af71-5982c0af1f56#0:FAIL-t71, 1244ca21-2158-4cc7-9e07-ba347e145504<-d10c8639-03b1-4f19-ac0f-6419d7578d59#0:FAIL-t71] and 0 exception(s); 1244ca21-2158-4cc7-9e07-ba347e145504@group-C1C12825AC52:t71, leader=null, voted=1244ca21-2158-4cc7-9e07-ba347e145504, raftlog=1244ca21-2158-4cc7-9e07-ba347e145504@group-C1C12825AC52-SegmentedRaftLog:OPENED:c-1,f-1,i0, conf=-1: [1244ca21-2158-4cc7-9e07-ba347e145504:192.168.69.118:43370, 7c107f1d-8592-48e3-af71-5982c0af1f56:192.168.69.118:36514, d10c8639-03b1-4f19-ac0f-6419d7578d59:192.168.69.118:37568], old=null
2019-10-21 23:03:24,685 [1244ca21-2158-4cc7-9e07-ba347e145504@group-C1C12825AC52-LeaderElection1140] INFO  impl.RaftServerImpl (RaftServerImpl.java:setRole(184)) - 1244ca21-2158-4cc7-9e07-ba347e145504@group-C1C12825AC52: changes role from CANDIDATE to FOLLOWER at term 71 for DISCOVERED_A_NEW_TERM
2019-10-21 23:03:24,685 [1244ca21-2158-4cc7-9e07-ba347e145504@group-C1C12825AC52-LeaderElection1140] INFO  impl.RoleInfo (RoleInfo.java:shutdownLeaderElection(134)) - 1244ca21-2158-4cc7-9e07-ba347e145504: shutdown LeaderElection
2019-10-21 23:03:24,685 [1244ca21-2158-4cc7-9e07-ba347e145504@group-C1C12825AC52-LeaderElection1140] INFO  impl.RoleInfo (RoleInfo.java:updateAndGet(143)) - 1244ca21-2158-4cc7-9e07-ba347e145504: start FollowerState
2019-10-21 23:03:24,797 [Thread-9948] INFO  impl.FollowerState (FollowerState.java:run(108)) - 1244ca21-2158-4cc7-9e07-ba347e145504@group-C1C12825AC52-FollowerState: change to CANDIDATE, lastRpcTime:112ms, electionTimeout:112ms
2019-10-21 23:03:24,797 [Thread-9948] INFO  impl.RoleInfo (RoleInfo.java:shutdownFollowerState(121)) - 1244ca21-2158-4cc7-9e07-ba347e145504: shutdown FollowerState
2019-10-21 23:03:24,797 [Thread-9948] INFO  impl.RaftServerImpl (RaftServerImpl.java:setRole(184)) - 1244ca21-2158-4cc7-9e07-ba347e145504@group-C1C12825AC52: changes role from  FOLLOWER to CANDIDATE at term 71 for changeToCandidate
2019-10-21 23:03:24,797 [Thread-9948] INFO  impl.RoleInfo (RoleInfo.java:updateAndGet(143)) - 1244ca21-2158-4cc7-9e07-ba347e145504: start LeaderElection
2019-10-21 23:03:24,801 [1244ca21-2158-4cc7-9e07-ba347e145504@group-C1C12825AC52-LeaderElection1141] INFO  impl.LeaderElection (LeaderElection.java:askForVotes(178)) - 1244ca21-2158-4cc7-9e07-ba347e145504@group-C1C12825AC52-LeaderElection1141: begin an election at term 72 for -1: [1244ca21-2158-4cc7-9e07-ba347e145504:192.168.69.118:43370, 7c107f1d-8592-48e3-af71-5982c0af1f56:192.168.69.118:36514, d10c8639-03b1-4f19-ac0f-6419d7578d59:192.168.69.118:37568], old=null
2019-10-21 23:03:24,803 [grpc-default-executor-5] INFO  impl.RaftServerImpl (RaftServerImpl.java:setRole(184)) - d10c8639-03b1-4f19-ac0f-6419d7578d59@group-C1C12825AC52: changes role from  FOLLOWER to FOLLOWER at term 72 for recognizeCandidate:1244ca21-2158-4cc7-9e07-ba347e145504
2019-10-21 23:03:24,803 [grpc-default-executor-5] INFO  impl.RoleInfo (RoleInfo.java:shutdownFollowerState(121)) - d10c8639-03b1-4f19-ac0f-6419d7578d59: shutdown FollowerState
2019-10-21 23:03:24,803 [grpc-default-executor-8] INFO  impl.RaftServerImpl (RaftServerImpl.java:setRole(184)) - 7c107f1d-8592-48e3-af71-5982c0af1f56@group-C1C12825AC52: changes role from  FOLLOWER to FOLLOWER at term 72 for recognizeCandidate:1244ca21-2158-4cc7-9e07-ba347e145504
2019-10-21 23:03:24,803 [Thread-9947] INFO  impl.FollowerState (FollowerState.java:run(117)) - d10c8639-03b1-4f19-ac0f-6419d7578d59@group-C1C12825AC52-FollowerState was interrupted: java.lang.InterruptedException: sleep interrupted
2019-10-21 23:03:24,803 [grpc-default-executor-5] INFO  impl.RoleInfo (RoleInfo.java:updateAndGet(143)) - d10c8639-03b1-4f19-ac0f-6419d7578d59: start FollowerState
2019-10-21 23:03:24,803 [grpc-default-executor-8] INFO  impl.RoleInfo (RoleInfo.java:shutdownFollowerState(121)) - 7c107f1d-8592-48e3-af71-5982c0af1f56: shutdown FollowerState
2019-10-21 23:03:24,803 [grpc-default-executor-8] INFO  impl.RoleInfo (RoleInfo.java:updateAndGet(143)) - 7c107f1d-8592-48e3-af71-5982c0af1f56: start FollowerState
2019-10-21 23:03:24,803 [Thread-9946] INFO  impl.FollowerState (FollowerState.java:run(117)) - 7c107f1d-8592-48e3-af71-5982c0af1f56@group-C1C12825AC52-FollowerState was interrupted: java.lang.InterruptedException: sleep interrupted
2019-10-21 23:03:24,818 [1244ca21-2158-4cc7-9e07-ba347e145504@group-C1C12825AC52-LeaderElection1141] INFO  impl.LeaderElection (LeaderElection.java:logAndReturn(56)) - 1244ca21-2158-4cc7-9e07-ba347e145504@group-C1C12825AC52-LeaderElection1141: Election REJECTED; received 2 response(s) [1244ca21-2158-4cc7-9e07-ba347e145504<-7c107f1d-8592-48e3-af71-5982c0af1f56#0:FAIL-t72, 1244ca21-2158-4cc7-9e07-ba347e145504<-d10c8639-03b1-4f19-ac0f-6419d7578d59#0:FAIL-t72] and 0 exception(s); 1244ca21-2158-4cc7-9e07-ba347e145504@group-C1C12825AC52:t72, leader=null, voted=1244ca21-2158-4cc7-9e07-ba347e145504, raftlog=1244ca21-2158-4cc7-9e07-ba347e145504@group-C1C12825AC52-SegmentedRaftLog:OPENED:c-1,f-1,i0, conf=-1: [1244ca21-2158-4cc7-9e07-ba347e145504:192.168.69.118:43370, 7c107f1d-8592-48e3-af71-5982c0af1f56:192.168.69.118:36514, d10c8639-03b1-4f19-ac0f-6419d7578d59:192.168.69.118:37568], old=null
2019-10-21 23:03:24,819 [1244ca21-2158-4cc7-9e07-ba347e145504@group-C1C12825AC52-LeaderElection1141] INFO  impl.RaftServerImpl (RaftServerImpl.java:setRole(184)) - 1244ca21-2158-4cc7-9e07-ba347e145504@group-C1C12825AC52: changes role from CANDIDATE to FOLLOWER at term 72 for DISCOVERED_A_NEW_TERM
2019-10-21 23:03:24,819 [1244ca21-2158-4cc7-9e07-ba347e145504@group-C1C12825AC52-LeaderElection1141] INFO  impl.RoleInfo (RoleInfo.java:shutdownLeaderElection(134)) - 1244ca21-2158-4cc7-9e07-ba347e145504: shutdown LeaderElection
2019-10-21 23:03:24,819 [1244ca21-2158-4cc7-9e07-ba347e145504@group-C1C12825AC52-LeaderElection1141] INFO  impl.RoleInfo (RoleInfo.java:updateAndGet(143)) - 1244ca21-2158-4cc7-9e07-ba347e145504: start FollowerState
2019-10-21 23:03:24,933 [Thread-9954] INFO  impl.FollowerState (FollowerState.java:run(108)) - 1244ca21-2158-4cc7-9e07-ba347e145504@group-C1C12825AC52-FollowerState: change to CANDIDATE, lastRpcTime:114ms, electionTimeout:114ms
2019-10-21 23:03:24,933 [Thread-9954] INFO  impl.RoleInfo (RoleInfo.java:shutdownFollowerState(121)) - 1244ca21-2158-4cc7-9e07-ba347e145504: shutdown FollowerState
2019-10-21 23:03:24,933 [Thread-9954] INFO  impl.RaftServerImpl (RaftServerImpl.java:setRole(184)) - 1244ca21-2158-4cc7-9e07-ba347e145504@group-C1C12825AC52: changes role from  FOLLOWER to CANDIDATE at term 72 for changeToCandidate
2019-10-21 23:03:24,933 [Thread-9954] INFO  impl.RoleInfo (RoleInfo.java:updateAndGet(143)) - 1244ca21-2158-4cc7-9e07-ba347e145504: start LeaderElection
2019-10-21 23:03:24,940 [1244ca21-2158-4cc7-9e07-ba347e145504@group-C1C12825AC52-LeaderElection1142] INFO  impl.LeaderElection (LeaderElection.java:askForVotes(178)) - 1244ca21-2158-4cc7-9e07-ba347e145504@group-C1C12825AC52-LeaderElection1142: begin an election at term 73 for -1: [1244ca21-2158-4cc7-9e07-ba347e145504:192.168.69.118:43370, 7c107f1d-8592-48e3-af71-5982c0af1f56:192.168.69.118:36514, d10c8639-03b1-4f19-ac0f-6419d7578d59:192.168.69.118:37568], old=null
2019-10-21 23:03:24,942 [grpc-default-executor-5] INFO  impl.RaftServerImpl (RaftServerImpl.java:setRole(184)) - 7c107f1d-8592-48e3-af71-5982c0af1f56@group-C1C12825AC52: changes role from  FOLLOWER to FOLLOWER at term 73 for recognizeCandidate:1244ca21-2158-4cc7-9e07-ba347e145504
2019-10-21 23:03:24,942 [grpc-default-executor-8] INFO  impl.RaftServerImpl (RaftServerImpl.java:setRole(184)) - d10c8639-03b1-4f19-ac0f-6419d7578d59@group-C1C12825AC52: changes role from  FOLLOWER to FOLLOWER at term 73 for recognizeCandidate:1244ca21-2158-4cc7-9e07-ba347e145504
2019-10-21 23:03:24,942 [grpc-default-executor-5] INFO  impl.RoleInfo (RoleInfo.java:shutdownFollowerState(121)) - 7c107f1d-8592-48e3-af71-5982c0af1f56: shutdown FollowerState
2019-10-21 23:03:24,943 [grpc-default-executor-8] INFO  impl.RoleInfo (RoleInfo.java:shutdownFollowerState(121)) - d10c8639-03b1-4f19-ac0f-6419d7578d59: shutdown FollowerState
2019-10-21 23:03:24,943 [Thread-9953] INFO  impl.FollowerState (FollowerState.java:run(117)) - 7c107f1d-8592-48e3-af71-5982c0af1f56@group-C1C12825AC52-FollowerState was interrupted: java.lang.InterruptedException: sleep interrupted
2019-10-21 23:03:24,943 [Thread-9952] INFO  impl.FollowerState (FollowerState.java:run(117)) - d10c8639-03b1-4f19-ac0f-6419d7578d59@group-C1C12825AC52-FollowerState was interrupted: java.lang.InterruptedException: sleep interrupted
2019-10-21 23:03:24,943 [grpc-default-executor-5] INFO  impl.RoleInfo (RoleInfo.java:updateAndGet(143)) - 7c107f1d-8592-48e3-af71-5982c0af1f56: start FollowerState
2019-10-21 23:03:24,943 [grpc-default-executor-8] INFO  impl.RoleInfo (RoleInfo.java:updateAndGet(143)) - d10c8639-03b1-4f19-ac0f-6419d7578d59: start FollowerState
2019-10-21 23:03:24,958 [1244ca21-2158-4cc7-9e07-ba347e145504@group-C1C12825AC52-LeaderElection1142] INFO  impl.LeaderElection (LeaderElection.java:logAndReturn(56)) - 1244ca21-2158-4cc7-9e07-ba347e145504@group-C1C12825AC52-LeaderElection1142: Election REJECTED; received 2 response(s) [1244ca21-2158-4cc7-9e07-ba347e145504<-7c107f1d-8592-48e3-af71-5982c0af1f56#0:FAIL-t73, 1244ca21-2158-4cc7-9e07-ba347e145504<-d10c8639-03b1-4f19-ac0f-6419d7578d59#0:FAIL-t73] and 0 exception(s); 1244ca21-2158-4cc7-9e07-ba347e145504@group-C1C12825AC52:t73, leader=null, voted=1244ca21-2158-4cc7-9e07-ba347e145504, raftlog=1244ca21-2158-4cc7-9e07-ba347e145504@group-C1C12825AC52-SegmentedRaftLog:OPENED:c-1,f-1,i0, conf=-1: [1244ca21-2158-4cc7-9e07-ba347e145504:192.168.69.118:43370, 7c107f1d-8592-48e3-af71-5982c0af1f56:192.168.69.118:36514, d10c8639-03b1-4f19-ac0f-6419d7578d59:192.168.69.118:37568], old=null
2019-10-21 23:03:24,958 [1244ca21-2158-4cc7-9e07-ba347e145504@group-C1C12825AC52-LeaderElection1142] INFO  impl.RaftServerImpl (RaftServerImpl.java:setRole(184)) - 1244ca21-2158-4cc7-9e07-ba347e145504@group-C1C12825AC52: changes role from CANDIDATE to FOLLOWER at term 73 for DISCOVERED_A_NEW_TERM
2019-10-21 23:03:24,958 [1244ca21-2158-4cc7-9e07-ba347e145504@group-C1C12825AC52-LeaderElection1142] INFO  impl.RoleInfo (RoleInfo.java:shutdownLeaderElection(134)) - 1244ca21-2158-4cc7-9e07-ba347e145504: shutdown LeaderElection
2019-10-21 23:03:24,958 [1244ca21-2158-4cc7-9e07-ba347e145504@group-C1C12825AC52-LeaderElection1142] INFO  impl.RoleInfo (RoleInfo.java:updateAndGet(143)) - 1244ca21-2158-4cc7-9e07-ba347e145504: start FollowerState
2019-10-21 23:03:24,971 [Thread-9960] INFO  impl.FollowerState (FollowerState.java:run(108)) - 1244ca21-2158-4cc7-9e07-ba347e145504@group-C1C12825AC52-FollowerState: change to CANDIDATE, lastRpcTime:13ms, electionTimeout:13ms
2019-10-21 23:03:24,972 [Thread-9960] INFO  impl.RoleInfo (RoleInfo.java:shutdownFollowerState(121)) - 1244ca21-2158-4cc7-9e07-ba347e145504: shutdown FollowerState
2019-10-21 23:03:24,972 [Thread-9960] INFO  impl.RaftServerImpl (RaftServerImpl.java:setRole(184)) - 1244ca21-2158-4cc7-9e07-ba347e145504@group-C1C12825AC52: changes role from  FOLLOWER to CANDIDATE at term 73 for changeToCandidate
2019-10-21 23:03:24,972 [Thread-9960] INFO  impl.RoleInfo (RoleInfo.java:updateAndGet(143)) - 1244ca21-2158-4cc7-9e07-ba347e145504: start LeaderElection
2019-10-21 23:03:24,975 [1244ca21-2158-4cc7-9e07-ba347e145504@group-C1C12825AC52-LeaderElection1143] INFO  impl.LeaderElection (LeaderElection.java:askForVotes(178)) - 1244ca21-2158-4cc7-9e07-ba347e145504@group-C1C12825AC52-LeaderElection1143: begin an election at term 74 for -1: [1244ca21-2158-4cc7-9e07-ba347e145504:192.168.69.118:43370, 7c107f1d-8592-48e3-af71-5982c0af1f56:192.168.69.118:36514, d10c8639-03b1-4f19-ac0f-6419d7578d59:192.168.69.118:37568], old=null
2019-10-21 23:03:24,976 [grpc-default-executor-8] INFO  impl.RaftServerImpl (RaftServerImpl.java:setRole(184)) - 7c107f1d-8592-48e3-af71-5982c0af1f56@group-C1C12825AC52: changes role from  FOLLOWER to FOLLOWER at term 74 for recognizeCandidate:1244ca21-2158-4cc7-9e07-ba347e145504
2019-10-21 23:03:24,976 [grpc-default-executor-8] INFO  impl.RoleInfo (RoleInfo.java:shutdownFollowerState(121)) - 7c107f1d-8592-48e3-af71-5982c0af1f56: shutdown FollowerState
2019-10-21 23:03:24,977 [grpc-default-executor-8] INFO  impl.RoleInfo (RoleInfo.java:updateAndGet(143)) - 7c107f1d-8592-48e3-af71-5982c0af1f56: start FollowerState
2019-10-21 23:03:24,977 [Thread-9958] INFO  impl.FollowerState (FollowerState.java:run(117)) - 7c107f1d-8592-48e3-af71-5982c0af1f56@group-C1C12825AC52-FollowerState was interrupted: java.lang.InterruptedException: sleep interrupted
2019-10-21 23:03:24,977 [grpc-default-executor-5] INFO  impl.RaftServerImpl (RaftServerImpl.java:setRole(184)) - d10c8639-03b1-4f19-ac0f-6419d7578d59@group-C1C12825AC52: changes role from  FOLLOWER to FOLLOWER at term 74 for recognizeCandidate:1244ca21-2158-4cc7-9e07-ba347e145504
2019-10-21 23:03:24,977 [grpc-default-executor-5] INFO  impl.RoleInfo (RoleInfo.java:shutdownFollowerState(121)) - d10c8639-03b1-4f19-ac0f-6419d7578d59: shutdown FollowerState
2019-10-21 23:03:24,977 [grpc-default-executor-5] INFO  impl.RoleInfo (RoleInfo.java:updateAndGet(143)) - d10c8639-03b1-4f19-ac0f-6419d7578d59: start FollowerState
2019-10-21 23:03:24,977 [Thread-9959] INFO  impl.FollowerState (FollowerState.java:run(117)) - d10c8639-03b1-4f19-ac0f-6419d7578d59@group-C1C12825AC52-FollowerState was interrupted: java.lang.InterruptedException: sleep interrupted
2019-10-21 23:03:24,990 [1244ca21-2158-4cc7-9e07-ba347e145504@group-C1C12825AC52-LeaderElection1143] INFO  impl.LeaderElection (LeaderElection.java:logAndReturn(56)) - 1244ca21-2158-4cc7-9e07-ba347e145504@group-C1C12825AC52-LeaderElection1143: Election REJECTED; received 2 response(s) [1244ca21-2158-4cc7-9e07-ba347e145504<-7c107f1d-8592-48e3-af71-5982c0af1f56#0:FAIL-t74, 1244ca21-2158-4cc7-9e07-ba347e145504<-d10c8639-03b1-4f19-ac0f-6419d7578d59#0:FAIL-t74] and 0 exception(s); 1244ca21-2158-4cc7-9e07-ba347e145504@group-C1C12825AC52:t74, leader=null, voted=1244ca21-2158-4cc7-9e07-ba347e145504, raftlog=1244ca21-2158-4cc7-9e07-ba347e145504@group-C1C12825AC52-SegmentedRaftLog:OPENED:c-1,f-1,i0, conf=-1: [1244ca21-2158-4cc7-9e07-ba347e145504:192.168.69.118:43370, 7c107f1d-8592-48e3-af71-5982c0af1f56:192.168.69.118:36514, d10c8639-03b1-4f19-ac0f-6419d7578d59:192.168.69.118:37568], old=null
2019-10-21 23:03:24,991 [1244ca21-2158-4cc7-9e07-ba347e145504@group-C1C12825AC52-LeaderElection1143] INFO  impl.RaftServerImpl (RaftServerImpl.java:setRole(184)) - 1244ca21-2158-4cc7-9e07-ba347e145504@group-C1C12825AC52: changes role from CANDIDATE to FOLLOWER at term 74 for DISCOVERED_A_NEW_TERM
2019-10-21 23:03:24,991 [1244ca21-2158-4cc7-9e07-ba347e145504@group-C1C12825AC52-LeaderElection1143] INFO  impl.RoleInfo (RoleInfo.java:shutdownLeaderElection(134)) - 1244ca21-2158-4cc7-9e07-ba347e145504: shutdown LeaderElection
2019-10-21 23:03:24,991 [1244ca21-2158-4cc7-9e07-ba347e145504@group-C1C12825AC52-LeaderElection1143] INFO  impl.RoleInfo (RoleInfo.java:updateAndGet(143)) - 1244ca21-2158-4cc7-9e07-ba347e145504: start FollowerState
2019-10-21 23:03:25,189 [Thread-9966] INFO  impl.FollowerState (FollowerState.java:run(108)) - 1244ca21-2158-4cc7-9e07-ba347e145504@group-C1C12825AC52-FollowerState: change to CANDIDATE, lastRpcTime:198ms, electionTimeout:198ms
2019-10-21 23:03:25,190 [Thread-9966] INFO  impl.RoleInfo (RoleInfo.java:shutdownFollowerState(121)) - 1244ca21-2158-4cc7-9e07-ba347e145504: shutdown FollowerState
2019-10-21 23:03:25,190 [Thread-9966] INFO  impl.RaftServerImpl (RaftServerImpl.java:setRole(184)) - 1244ca21-2158-4cc7-9e07-ba347e145504@group-C1C12825AC52: changes role from  FOLLOWER to CANDIDATE at term 74 for changeToCandidate
2019-10-21 23:03:25,190 [Thread-9966] INFO  impl.RoleInfo (RoleInfo.java:updateAndGet(143)) - 1244ca21-2158-4cc7-9e07-ba347e145504: start LeaderElection
2019-10-21 23:03:25,201 [1244ca21-2158-4cc7-9e07-ba347e145504@group-C1C12825AC52-LeaderElection1144] INFO  impl.LeaderElection (LeaderElection.java:askForVotes(178)) - 1244ca21-2158-4cc7-9e07-ba347e145504@group-C1C12825AC52-LeaderElection1144: begin an election at term 75 for -1: [1244ca21-2158-4cc7-9e07-ba347e145504:192.168.69.118:43370, 7c107f1d-8592-48e3-af71-5982c0af1f56:192.168.69.118:36514, d10c8639-03b1-4f19-ac0f-6419d7578d59:192.168.69.118:37568], old=null
2019-10-21 23:03:25,203 [grpc-default-executor-5] INFO  impl.RaftServerImpl (RaftServerImpl.java:setRole(184)) - 7c107f1d-8592-48e3-af71-5982c0af1f56@group-C1C12825AC52: changes role from  FOLLOWER to FOLLOWER at term 75 for recognizeCandidate:1244ca21-2158-4cc7-9e07-ba347e145504
2019-10-21 23:03:25,204 [grpc-default-executor-5] INFO  impl.RoleInfo (RoleInfo.java:shutdownFollowerState(121)) - 7c107f1d-8592-48e3-af71-5982c0af1f56: shutdown FollowerState
2019-10-21 23:03:25,203 [grpc-default-executor-8] INFO  impl.RaftServerImpl (RaftServerImpl.java:setRole(184)) - d10c8639-03b1-4f19-ac0f-6419d7578d59@group-C1C12825AC52: changes role from  FOLLOWER to FOLLOWER at term 75 for recognizeCandidate:1244ca21-2158-4cc7-9e07-ba347e145504
2019-10-21 23:03:25,204 [Thread-9964] INFO  impl.FollowerState (FollowerState.java:run(117)) - 7c107f1d-8592-48e3-af71-5982c0af1f56@group-C1C12825AC52-FollowerState was interrupted: java.lang.InterruptedException: sleep interrupted
2019-10-21 23:03:25,204 [grpc-default-executor-5] INFO  impl.RoleInfo (RoleInfo.java:updateAndGet(143)) - 7c107f1d-8592-48e3-af71-5982c0af1f56: start FollowerState
2019-10-21 23:03:25,204 [grpc-default-executor-8] INFO  impl.RoleInfo (RoleInfo.java:shutdownFollowerState(121)) - d10c8639-03b1-4f19-ac0f-6419d7578d59: shutdown FollowerState
2019-10-21 23:03:25,205 [grpc-default-executor-8] INFO  impl.RoleInfo (RoleInfo.java:updateAndGet(143)) - d10c8639-03b1-4f19-ac0f-6419d7578d59: start FollowerState
2019-10-21 23:03:25,205 [Thread-9965] INFO  impl.FollowerState (FollowerState.java:run(117)) - d10c8639-03b1-4f19-ac0f-6419d7578d59@group-C1C12825AC52-FollowerState was interrupted: java.lang.InterruptedException: sleep interrupted
2019-10-21 23:03:25,218 [1244ca21-2158-4cc7-9e07-ba347e145504@group-C1C12825AC52-LeaderElection1144] INFO  impl.LeaderElection (LeaderElection.java:logAndReturn(56)) - 1244ca21-2158-4cc7-9e07-ba347e145504@group-C1C12825AC52-LeaderElection1144: Election REJECTED; received 2 response(s) [1244ca21-2158-4cc7-9e07-ba347e145504<-7c107f1d-8592-48e3-af71-5982c0af1f56#0:FAIL-t75, 1244ca21-2158-4cc7-9e07-ba347e145504<-d10c8639-03b1-4f19-ac0f-6419d7578d59#0:FAIL-t75] and 0 exception(s); 1244ca21-2158-4cc7-9e07-ba347e145504@group-C1C12825AC52:t75, leader=null, voted=1244ca21-2158-4cc7-9e07-ba347e145504, raftlog=1244ca21-2158-4cc7-9e07-ba347e145504@group-C1C12825AC52-SegmentedRaftLog:OPENED:c-1,f-1,i0, conf=-1: [1244ca21-2158-4cc7-9e07-ba347e145504:192.168.69.118:43370, 7c107f1d-8592-48e3-af71-5982c0af1f56:192.168.69.118:36514, d10c8639-03b1-4f19-ac0f-6419d7578d59:192.168.69.118:37568], old=null
2019-10-21 23:03:25,219 [1244ca21-2158-4cc7-9e07-ba347e145504@group-C1C12825AC52-LeaderElection1144] INFO  impl.RaftServerImpl (RaftServerImpl.java:setRole(184)) - 1244ca21-2158-4cc7-9e07-ba347e145504@group-C1C12825AC52: changes role from CANDIDATE to FOLLOWER at term 75 for DISCOVERED_A_NEW_TERM
2019-10-21 23:03:25,219 [1244ca21-2158-4cc7-9e07-ba347e145504@group-C1C12825AC52-LeaderElection1144] INFO  impl.RoleInfo (RoleInfo.java:shutdownLeaderElection(134)) - 1244ca21-2158-4cc7-9e07-ba347e145504: shutdown LeaderElection
2019-10-21 23:03:25,219 [1244ca21-2158-4cc7-9e07-ba347e145504@group-C1C12825AC52-LeaderElection1144] INFO  impl.RoleInfo (RoleInfo.java:updateAndGet(143)) - 1244ca21-2158-4cc7-9e07-ba347e145504: start FollowerState
2019-10-21 23:03:25,346 [Thread-9976] INFO  impl.FollowerState (FollowerState.java:run(108)) - 1244ca21-2158-4cc7-9e07-ba347e145504@group-C1C12825AC52-FollowerState: change to CANDIDATE, lastRpcTime:127ms, electionTimeout:127ms
2019-10-21 23:03:25,346 [Thread-9976] INFO  impl.RoleInfo (RoleInfo.java:shutdownFollowerState(121)) - 1244ca21-2158-4cc7-9e07-ba347e145504: shutdown FollowerState
2019-10-21 23:03:25,346 [Thread-9976] INFO  impl.RaftServerImpl (RaftServerImpl.java:setRole(184)) - 1244ca21-2158-4cc7-9e07-ba347e145504@group-C1C12825AC52: changes role from  FOLLOWER to CANDIDATE at term 75 for changeToCandidate
2019-10-21 23:03:25,347 [Thread-9976] INFO  impl.RoleInfo (RoleInfo.java:updateAndGet(143)) - 1244ca21-2158-4cc7-9e07-ba347e145504: start LeaderElection
2019-10-21 23:03:25,363 [1244ca21-2158-4cc7-9e07-ba347e145504@group-C1C12825AC52-LeaderElection1145] INFO  impl.LeaderElection (LeaderElection.java:askForVotes(178)) - 1244ca21-2158-4cc7-9e07-ba347e145504@group-C1C12825AC52-LeaderElection1145: begin an election at term 76 for -1: [1244ca21-2158-4cc7-9e07-ba347e145504:192.168.69.118:43370, 7c107f1d-8592-48e3-af71-5982c0af1f56:192.168.69.118:36514, d10c8639-03b1-4f19-ac0f-6419d7578d59:192.168.69.118:37568], old=null
2019-10-21 23:03:25,372 [grpc-default-executor-5] INFO  impl.RaftServerImpl (RaftServerImpl.java:setRole(184)) - 7c107f1d-8592-48e3-af71-5982c0af1f56@group-C1C12825AC52: changes role from  FOLLOWER to FOLLOWER at term 76 for recognizeCandidate:1244ca21-2158-4cc7-9e07-ba347e145504
2019-10-21 23:03:25,372 [grpc-default-executor-5] INFO  impl.RoleInfo (RoleInfo.java:shutdownFollowerState(121)) - 7c107f1d-8592-48e3-af71-5982c0af1f56: shutdown FollowerState
2019-10-21 23:03:25,372 [grpc-default-executor-8] INFO  impl.RaftServerImpl (RaftServerImpl.java:setRole(184)) - d10c8639-03b1-4f19-ac0f-6419d7578d59@group-C1C12825AC52: changes role from  FOLLOWER to FOLLOWER at term 76 for recognizeCandidate:1244ca21-2158-4cc7-9e07-ba347e145504
2019-10-21 23:03:25,372 [Thread-9974] INFO  impl.FollowerState (FollowerState.java:run(117)) - 7c107f1d-8592-48e3-af71-5982c0af1f56@group-C1C12825AC52-FollowerState was interrupted: java.lang.InterruptedException: sleep interrupted
2019-10-21 23:03:25,372 [grpc-default-executor-5] INFO  impl.RoleInfo (RoleInfo.java:updateAndGet(143)) - 7c107f1d-8592-48e3-af71-5982c0af1f56: start FollowerState
2019-10-21 23:03:25,372 [grpc-default-executor-8] INFO  impl.RoleInfo (RoleInfo.java:shutdownFollowerState(121)) - d10c8639-03b1-4f19-ac0f-6419d7578d59: shutdown FollowerState
2019-10-21 23:03:25,372 [grpc-default-executor-8] INFO  impl.RoleInfo (RoleInfo.java:updateAndGet(143)) - d10c8639-03b1-4f19-ac0f-6419d7578d59: start FollowerState
2019-10-21 23:03:25,373 [Thread-9975] INFO  impl.FollowerState (FollowerState.java:run(117)) - d10c8639-03b1-4f19-ac0f-6419d7578d59@group-C1C12825AC52-FollowerState was interrupted: java.lang.InterruptedException: sleep interrupted
2019-10-21 23:03:25,386 [1244ca21-2158-4cc7-9e07-ba347e145504@group-C1C12825AC52-LeaderElection1145] INFO  impl.LeaderElection (LeaderElection.java:logAndReturn(56)) - 1244ca21-2158-4cc7-9e07-ba347e145504@group-C1C12825AC52-LeaderElection1145: Election REJECTED; received 2 response(s) [1244ca21-2158-4cc7-9e07-ba347e145504<-7c107f1d-8592-48e3-af71-5982c0af1f56#0:FAIL-t76, 1244ca21-2158-4cc7-9e07-ba347e145504<-d10c8639-03b1-4f19-ac0f-6419d7578d59#0:FAIL-t76] and 0 exception(s); 1244ca21-2158-4cc7-9e07-ba347e145504@group-C1C12825AC52:t76, leader=null, voted=1244ca21-2158-4cc7-9e07-ba347e145504, raftlog=1244ca21-2158-4cc7-9e07-ba347e145504@group-C1C12825AC52-SegmentedRaftLog:OPENED:c-1,f-1,i0, conf=-1: [1244ca21-2158-4cc7-9e07-ba347e145504:192.168.69.118:43370, 7c107f1d-8592-48e3-af71-5982c0af1f56:192.168.69.118:36514, d10c8639-03b1-4f19-ac0f-6419d7578d59:192.168.69.118:37568], old=null
2019-10-21 23:03:25,386 [1244ca21-2158-4cc7-9e07-ba347e145504@group-C1C12825AC52-LeaderElection1145] INFO  impl.RaftServerImpl (RaftServerImpl.java:setRole(184)) - 1244ca21-2158-4cc7-9e07-ba347e145504@group-C1C12825AC52: changes role from CANDIDATE to FOLLOWER at term 76 for DISCOVERED_A_NEW_TERM
2019-10-21 23:03:25,387 [1244ca21-2158-4cc7-9e07-ba347e145504@group-C1C12825AC52-LeaderElection1145] INFO  impl.RoleInfo (RoleInfo.java:shutdownLeaderElection(134)) - 1244ca21-2158-4cc7-9e07-ba347e145504: shutdown LeaderElection
2019-10-21 23:03:25,387 [1244ca21-2158-4cc7-9e07-ba347e145504@group-C1C12825AC52-LeaderElection1145] INFO  impl.RoleInfo (RoleInfo.java:updateAndGet(143)) - 1244ca21-2158-4cc7-9e07-ba347e145504: start FollowerState
2019-10-21 23:03:25,435 [Thread-9984] INFO  impl.FollowerState (FollowerState.java:run(108)) - 1244ca21-2158-4cc7-9e07-ba347e145504@group-C1C12825AC52-FollowerState: change to CANDIDATE, lastRpcTime:48ms, electionTimeout:48ms
2019-10-21 23:03:25,435 [Thread-9984] INFO  impl.RoleInfo (RoleInfo.java:shutdownFollowerState(121)) - 1244ca21-2158-4cc7-9e07-ba347e145504: shutdown FollowerState
2019-10-21 23:03:25,435 [Thread-9984] INFO  impl.RaftServerImpl (RaftServerImpl.java:setRole(184)) - 1244ca21-2158-4cc7-9e07-ba347e145504@group-C1C12825AC52: changes role from  FOLLOWER to CANDIDATE at term 76 for changeToCandidate
2019-10-21 23:03:25,435 [Thread-9984] INFO  impl.RoleInfo (RoleInfo.java:updateAndGet(143)) - 1244ca21-2158-4cc7-9e07-ba347e145504: start LeaderElection
2019-10-21 23:03:25,460 [1244ca21-2158-4cc7-9e07-ba347e145504@group-C1C12825AC52-LeaderElection1146] INFO  impl.LeaderElection (LeaderElection.java:askForVotes(178)) - 1244ca21-2158-4cc7-9e07-ba347e145504@group-C1C12825AC52-LeaderElection1146: begin an election at term 77 for -1: [1244ca21-2158-4cc7-9e07-ba347e145504:192.168.69.118:43370, 7c107f1d-8592-48e3-af71-5982c0af1f56:192.168.69.118:36514, d10c8639-03b1-4f19-ac0f-6419d7578d59:192.168.69.118:37568], old=null
2019-10-21 23:03:25,461 [grpc-default-executor-8] INFO  impl.RaftServerImpl (RaftServerImpl.java:setRole(184)) - 7c107f1d-8592-48e3-af71-5982c0af1f56@group-C1C12825AC52: changes role from  FOLLOWER to FOLLOWER at term 77 for recognizeCandidate:1244ca21-2158-4cc7-9e07-ba347e145504
2019-10-21 23:03:25,462 [grpc-default-executor-8] INFO  impl.RoleInfo (RoleInfo.java:shutdownFollowerState(121)) - 7c107f1d-8592-48e3-af71-5982c0af1f56: shutdown FollowerState
2019-10-21 23:03:25,462 [grpc-default-executor-8] INFO  impl.RoleInfo (RoleInfo.java:updateAndGet(143)) - 7c107f1d-8592-48e3-af71-5982c0af1f56: start FollowerState
2019-10-21 23:03:25,462 [Thread-9982] INFO  impl.FollowerState (FollowerState.java:run(117)) - 7c107f1d-8592-48e3-af71-5982c0af1f56@group-C1C12825AC52-FollowerState was interrupted: java.lang.InterruptedException: sleep interrupted
2019-10-21 23:03:25,462 [grpc-default-executor-5] INFO  impl.RaftServerImpl (RaftServerImpl.java:setRole(184)) - d10c8639-03b1-4f19-ac0f-6419d7578d59@group-C1C12825AC52: changes role from  FOLLOWER to FOLLOWER at term 77 for recognizeCandidate:1244ca21-2158-4cc7-9e07-ba347e145504
2019-10-21 23:03:25,462 [grpc-default-executor-5] INFO  impl.RoleInfo (RoleInfo.java:shutdownFollowerState(121)) - d10c8639-03b1-4f19-ac0f-6419d7578d59: shutdown FollowerState
2019-10-21 23:03:25,462 [grpc-default-executor-5] INFO  impl.RoleInfo (RoleInfo.java:updateAndGet(143)) - d10c8639-03b1-4f19-ac0f-6419d7578d59: start FollowerState
2019-10-21 23:03:25,462 [Thread-9983] INFO  impl.FollowerState (FollowerState.java:run(117)) - d10c8639-03b1-4f19-ac0f-6419d7578d59@group-C1C12825AC52-FollowerState was interrupted: java.lang.InterruptedException: sleep interrupted
2019-10-21 23:03:25,476 [1244ca21-2158-4cc7-9e07-ba347e145504@group-C1C12825AC52-LeaderElection1146] INFO  impl.LeaderElection (LeaderElection.java:logAndReturn(56)) - 1244ca21-2158-4cc7-9e07-ba347e145504@group-C1C12825AC52-LeaderElection1146: Election REJECTED; received 2 response(s) [1244ca21-2158-4cc7-9e07-ba347e145504<-7c107f1d-8592-48e3-af71-5982c0af1f56#0:FAIL-t77, 1244ca21-2158-4cc7-9e07-ba347e145504<-d10c8639-03b1-4f19-ac0f-6419d7578d59#0:FAIL-t77] and 0 exception(s); 1244ca21-2158-4cc7-9e07-ba347e145504@group-C1C12825AC52:t77, leader=null, voted=1244ca21-2158-4cc7-9e07-ba347e145504, raftlog=1244ca21-2158-4cc7-9e07-ba347e145504@group-C1C12825AC52-SegmentedRaftLog:OPENED:c-1,f-1,i0, conf=-1: [1244ca21-2158-4cc7-9e07-ba347e145504:192.168.69.118:43370, 7c107f1d-8592-48e3-af71-5982c0af1f56:192.168.69.118:36514, d10c8639-03b1-4f19-ac0f-6419d7578d59:192.168.69.118:37568], old=null
2019-10-21 23:03:25,476 [1244ca21-2158-4cc7-9e07-ba347e145504@group-C1C12825AC52-LeaderElection1146] INFO  impl.RaftServerImpl (RaftServerImpl.java:setRole(184)) - 1244ca21-2158-4cc7-9e07-ba347e145504@group-C1C12825AC52: changes role from CANDIDATE to FOLLOWER at term 77 for DISCOVERED_A_NEW_TERM
2019-10-21 23:03:25,477 [1244ca21-2158-4cc7-9e07-ba347e145504@group-C1C12825AC52-LeaderElection1146] INFO  impl.RoleInfo (RoleInfo.java:shutdownLeaderElection(134)) - 1244ca21-2158-4cc7-9e07-ba347e145504: shutdown LeaderElection
2019-10-21 23:03:25,477 [1244ca21-2158-4cc7-9e07-ba347e145504@group-C1C12825AC52-LeaderElection1146] INFO  impl.RoleInfo (RoleInfo.java:updateAndGet(143)) - 1244ca21-2158-4cc7-9e07-ba347e145504: start FollowerState
2019-10-21 23:03:25,613 [Thread-9990] INFO  impl.FollowerState (FollowerState.java:run(108)) - 1244ca21-2158-4cc7-9e07-ba347e145504@group-C1C12825AC52-FollowerState: change to CANDIDATE, lastRpcTime:136ms, electionTimeout:136ms
2019-10-21 23:03:25,613 [Thread-9990] INFO  impl.RoleInfo (RoleInfo.java:shutdownFollowerState(121)) - 1244ca21-2158-4cc7-9e07-ba347e145504: shutdown FollowerState
2019-10-21 23:03:25,613 [Thread-9990] INFO  impl.RaftServerImpl (RaftServerImpl.java:setRole(184)) - 1244ca21-2158-4cc7-9e07-ba347e145504@group-C1C12825AC52: changes role from  FOLLOWER to CANDIDATE at term 77 for changeToCandidate
2019-10-21 23:03:25,614 [Thread-9990] INFO  impl.RoleInfo (RoleInfo.java:updateAndGet(143)) - 1244ca21-2158-4cc7-9e07-ba347e145504: start LeaderElection
2019-10-21 23:03:25,627 [1244ca21-2158-4cc7-9e07-ba347e145504@group-C1C12825AC52-LeaderElection1147] INFO  impl.LeaderElection (LeaderElection.java:askForVotes(178)) - 1244ca21-2158-4cc7-9e07-ba347e145504@group-C1C12825AC52-LeaderElection1147: begin an election at term 78 for -1: [1244ca21-2158-4cc7-9e07-ba347e145504:192.168.69.118:43370, 7c107f1d-8592-48e3-af71-5982c0af1f56:192.168.69.118:36514, d10c8639-03b1-4f19-ac0f-6419d7578d59:192.168.69.118:37568], old=null
2019-10-21 23:03:25,628 [grpc-default-executor-5] INFO  impl.RaftServerImpl (RaftServerImpl.java:setRole(184)) - d10c8639-03b1-4f19-ac0f-6419d7578d59@group-C1C12825AC52: changes role from  FOLLOWER to FOLLOWER at term 78 for recognizeCandidate:1244ca21-2158-4cc7-9e07-ba347e145504
2019-10-21 23:03:25,628 [grpc-default-executor-8] INFO  impl.RaftServerImpl (RaftServerImpl.java:setRole(184)) - 7c107f1d-8592-48e3-af71-5982c0af1f56@group-C1C12825AC52: changes role from  FOLLOWER to FOLLOWER at term 78 for recognizeCandidate:1244ca21-2158-4cc7-9e07-ba347e145504
2019-10-21 23:03:25,628 [grpc-default-executor-5] INFO  impl.RoleInfo (RoleInfo.java:shutdownFollowerState(121)) - d10c8639-03b1-4f19-ac0f-6419d7578d59: shutdown FollowerState
2019-10-21 23:03:25,629 [grpc-default-executor-8] INFO  impl.RoleInfo (RoleInfo.java:shutdownFollowerState(121)) - 7c107f1d-8592-48e3-af71-5982c0af1f56: shutdown FollowerState
2019-10-21 23:03:25,629 [Thread-9989] INFO  impl.FollowerState (FollowerState.java:run(117)) - d10c8639-03b1-4f19-ac0f-6419d7578d59@group-C1C12825AC52-FollowerState was interrupted: java.lang.InterruptedException: sleep interrupted
2019-10-21 23:03:25,629 [grpc-default-executor-5] INFO  impl.RoleInfo (RoleInfo.java:updateAndGet(143)) - d10c8639-03b1-4f19-ac0f-6419d7578d59: start FollowerState
2019-10-21 23:03:25,629 [Thread-9988] INFO  impl.FollowerState (FollowerState.java:run(117)) - 7c107f1d-8592-48e3-af71-5982c0af1f56@group-C1C12825AC52-FollowerState was interrupted: java.lang.InterruptedException: sleep interrupted
2019-10-21 23:03:25,629 [grpc-default-executor-8] INFO  impl.RoleInfo (RoleInfo.java:updateAndGet(143)) - 7c107f1d-8592-48e3-af71-5982c0af1f56: start FollowerState
2019-10-21 23:03:25,644 [1244ca21-2158-4cc7-9e07-ba347e145504@group-C1C12825AC52-LeaderElection1147] INFO  impl.LeaderElection (LeaderElection.java:logAndReturn(56)) - 1244ca21-2158-4cc7-9e07-ba347e145504@group-C1C12825AC52-LeaderElection1147: Election REJECTED; received 2 response(s) [1244ca21-2158-4cc7-9e07-ba347e145504<-7c107f1d-8592-48e3-af71-5982c0af1f56#0:FAIL-t78, 1244ca21-2158-4cc7-9e07-ba347e145504<-d10c8639-03b1-4f19-ac0f-6419d7578d59#0:FAIL-t78] and 0 exception(s); 1244ca21-2158-4cc7-9e07-ba347e145504@group-C1C12825AC52:t78, leader=null, voted=1244ca21-2158-4cc7-9e07-ba347e145504, raftlog=1244ca21-2158-4cc7-9e07-ba347e145504@group-C1C12825AC52-SegmentedRaftLog:OPENED:c-1,f-1,i0, conf=-1: [1244ca21-2158-4cc7-9e07-ba347e145504:192.168.69.118:43370, 7c107f1d-8592-48e3-af71-5982c0af1f56:192.168.69.118:36514, d10c8639-03b1-4f19-ac0f-6419d7578d59:192.168.69.118:37568], old=null
2019-10-21 23:03:25,644 [1244ca21-2158-4cc7-9e07-ba347e145504@group-C1C12825AC52-LeaderElection1147] INFO  impl.RaftServerImpl (RaftServerImpl.java:setRole(184)) - 1244ca21-2158-4cc7-9e07-ba347e145504@group-C1C12825AC52: changes role from CANDIDATE to FOLLOWER at term 78 for DISCOVERED_A_NEW_TERM
2019-10-21 23:03:25,644 [1244ca21-2158-4cc7-9e07-ba347e145504@group-C1C12825AC52-LeaderElection1147] INFO  impl.RoleInfo (RoleInfo.java:shutdownLeaderElection(134)) - 1244ca21-2158-4cc7-9e07-ba347e145504: shutdown LeaderElection
2019-10-21 23:03:25,644 [1244ca21-2158-4cc7-9e07-ba347e145504@group-C1C12825AC52-LeaderElection1147] INFO  impl.RoleInfo (RoleInfo.java:updateAndGet(143)) - 1244ca21-2158-4cc7-9e07-ba347e145504: start FollowerState
2019-10-21 23:03:25,791 [Thread-9998] INFO  impl.FollowerState (FollowerState.java:run(108)) - 1244ca21-2158-4cc7-9e07-ba347e145504@group-C1C12825AC52-FollowerState: change to CANDIDATE, lastRpcTime:147ms, electionTimeout:147ms
2019-10-21 23:03:25,791 [Thread-9998] INFO  impl.RoleInfo (RoleInfo.java:shutdownFollowerState(121)) - 1244ca21-2158-4cc7-9e07-ba347e145504: shutdown FollowerState
2019-10-21 23:03:25,791 [Thread-9998] INFO  impl.RaftServerImpl (RaftServerImpl.java:setRole(184)) - 1244ca21-2158-4cc7-9e07-ba347e145504@group-C1C12825AC52: changes role from  FOLLOWER to CANDIDATE at term 78 for changeToCandidate
2019-10-21 23:03:25,791 [Thread-9998] INFO  impl.RoleInfo (RoleInfo.java:updateAndGet(143)) - 1244ca21-2158-4cc7-9e07-ba347e145504: start LeaderElection
2019-10-21 23:03:25,795 [1244ca21-2158-4cc7-9e07-ba347e145504@group-C1C12825AC52-LeaderElection1148] INFO  impl.LeaderElection (LeaderElection.java:askForVotes(178)) - 1244ca21-2158-4cc7-9e07-ba347e145504@group-C1C12825AC52-LeaderElection1148: begin an election at term 79 for -1: [1244ca21-2158-4cc7-9e07-ba347e145504:192.168.69.118:43370, 7c107f1d-8592-48e3-af71-5982c0af1f56:192.168.69.118:36514, d10c8639-03b1-4f19-ac0f-6419d7578d59:192.168.69.118:37568], old=null
2019-10-21 23:03:25,798 [grpc-default-executor-5] INFO  impl.RaftServerImpl (RaftServerImpl.java:setRole(184)) - 7c107f1d-8592-48e3-af71-5982c0af1f56@group-C1C12825AC52: changes role from  FOLLOWER to FOLLOWER at term 79 for recognizeCandidate:1244ca21-2158-4cc7-9e07-ba347e145504
2019-10-21 23:03:25,799 [grpc-default-executor-5] INFO  impl.RoleInfo (RoleInfo.java:shutdownFollowerState(121)) - 7c107f1d-8592-48e3-af71-5982c0af1f56: shutdown FollowerState
2019-10-21 23:03:25,799 [grpc-default-executor-8] INFO  impl.RaftServerImpl (RaftServerImpl.java:setRole(184)) - d10c8639-03b1-4f19-ac0f-6419d7578d59@group-C1C12825AC52: changes role from  FOLLOWER to FOLLOWER at term 79 for recognizeCandidate:1244ca21-2158-4cc7-9e07-ba347e145504
2019-10-21 23:03:25,799 [grpc-default-executor-8] INFO  impl.RoleInfo (RoleInfo.java:shutdownFollowerState(121)) - d10c8639-03b1-4f19-ac0f-6419d7578d59: shutdown FollowerState
2019-10-21 23:03:25,799 [Thread-9997] INFO  impl.FollowerState (FollowerState.java:run(117)) - 7c107f1d-8592-48e3-af71-5982c0af1f56@group-C1C12825AC52-FollowerState was interrupted: java.lang.InterruptedException: sleep interrupted
2019-10-21 23:03:25,799 [grpc-default-executor-5] INFO  impl.RoleInfo (RoleInfo.java:updateAndGet(143)) - 7c107f1d-8592-48e3-af71-5982c0af1f56: start FollowerState
2019-10-21 23:03:25,799 [Thread-9996] INFO  impl.FollowerState (FollowerState.java:run(117)) - d10c8639-03b1-4f19-ac0f-6419d7578d59@group-C1C12825AC52-FollowerState was interrupted: java.lang.InterruptedException: sleep interrupted
2019-10-21 23:03:25,799 [grpc-default-executor-8] INFO  impl.RoleInfo (RoleInfo.java:updateAndGet(143)) - d10c8639-03b1-4f19-ac0f-6419d7578d59: start FollowerState
2019-10-21 23:03:25,812 [1244ca21-2158-4cc7-9e07-ba347e145504@group-C1C12825AC52-LeaderElection1148] INFO  impl.LeaderElection (LeaderElection.java:logAndReturn(56)) - 1244ca21-2158-4cc7-9e07-ba347e145504@group-C1C12825AC52-LeaderElection1148: Election REJECTED; received 2 response(s) [1244ca21-2158-4cc7-9e07-ba347e145504<-7c107f1d-8592-48e3-af71-5982c0af1f56#0:FAIL-t79, 1244ca21-2158-4cc7-9e07-ba347e145504<-d10c8639-03b1-4f19-ac0f-6419d7578d59#0:FAIL-t79] and 0 exception(s); 1244ca21-2158-4cc7-9e07-ba347e145504@group-C1C12825AC52:t79, leader=null, voted=1244ca21-2158-4cc7-9e07-ba347e145504, raftlog=1244ca21-2158-4cc7-9e07-ba347e145504@group-C1C12825AC52-SegmentedRaftLog:OPENED:c-1,f-1,i0, conf=-1: [1244ca21-2158-4cc7-9e07-ba347e145504:192.168.69.118:43370, 7c107f1d-8592-48e3-af71-5982c0af1f56:192.168.69.118:36514, d10c8639-03b1-4f19-ac0f-6419d7578d59:192.168.69.118:37568], old=null
2019-10-21 23:03:25,812 [1244ca21-2158-4cc7-9e07-ba347e145504@group-C1C12825AC52-LeaderElection1148] INFO  impl.RaftServerImpl (RaftServerImpl.java:setRole(184)) - 1244ca21-2158-4cc7-9e07-ba347e145504@group-C1C12825AC52: changes role from CANDIDATE to FOLLOWER at term 79 for DISCOVERED_A_NEW_TERM
2019-10-21 23:03:25,812 [1244ca21-2158-4cc7-9e07-ba347e145504@group-C1C12825AC52-LeaderElection1148] INFO  impl.RoleInfo (RoleInfo.java:shutdownLeaderElection(134)) - 1244ca21-2158-4cc7-9e07-ba347e145504: shutdown LeaderElection
2019-10-21 23:03:25,812 [1244ca21-2158-4cc7-9e07-ba347e145504@group-C1C12825AC52-LeaderElection1148] INFO  impl.RoleInfo (RoleInfo.java:updateAndGet(143)) - 1244ca21-2158-4cc7-9e07-ba347e145504: start FollowerState
2019-10-21 23:03:25,872 [Thread-10006] INFO  impl.FollowerState (FollowerState.java:run(108)) - 1244ca21-2158-4cc7-9e07-ba347e145504@group-C1C12825AC52-FollowerState: change to CANDIDATE, lastRpcTime:59ms, electionTimeout:59ms
2019-10-21 23:03:25,872 [Thread-10006] INFO  impl.RoleInfo (RoleInfo.java:shutdownFollowerState(121)) - 1244ca21-2158-4cc7-9e07-ba347e145504: shutdown FollowerState
2019-10-21 23:03:25,872 [Thread-10006] INFO  impl.RaftServerImpl (RaftServerImpl.java:setRole(184)) - 1244ca21-2158-4cc7-9e07-ba347e145504@group-C1C12825AC52: changes role from  FOLLOWER to CANDIDATE at term 79 for changeToCandidate
2019-10-21 23:03:25,872 [Thread-10006] INFO  impl.RoleInfo (RoleInfo.java:updateAndGet(143)) - 1244ca21-2158-4cc7-9e07-ba347e145504: start LeaderElection
2019-10-21 23:03:25,886 [1244ca21-2158-4cc7-9e07-ba347e145504@group-C1C12825AC52-LeaderElection1149] INFO  impl.LeaderElection (LeaderElection.java:askForVotes(178)) - 1244ca21-2158-4cc7-9e07-ba347e145504@group-C1C12825AC52-LeaderElection1149: begin an election at term 80 for -1: [1244ca21-2158-4cc7-9e07-ba347e145504:192.168.69.118:43370, 7c107f1d-8592-48e3-af71-5982c0af1f56:192.168.69.118:36514, d10c8639-03b1-4f19-ac0f-6419d7578d59:192.168.69.118:37568], old=null
2019-10-21 23:03:25,887 [grpc-default-executor-8] INFO  impl.RaftServerImpl (RaftServerImpl.java:setRole(184)) - d10c8639-03b1-4f19-ac0f-6419d7578d59@group-C1C12825AC52: changes role from  FOLLOWER to FOLLOWER at term 80 for recognizeCandidate:1244ca21-2158-4cc7-9e07-ba347e145504
2019-10-21 23:03:25,887 [grpc-default-executor-8] INFO  impl.RoleInfo (RoleInfo.java:shutdownFollowerState(121)) - d10c8639-03b1-4f19-ac0f-6419d7578d59: shutdown FollowerState
2019-10-21 23:03:25,887 [grpc-default-executor-8] INFO  impl.RoleInfo (RoleInfo.java:updateAndGet(143)) - d10c8639-03b1-4f19-ac0f-6419d7578d59: start FollowerState
2019-10-21 23:03:25,887 [Thread-10005] INFO  impl.FollowerState (FollowerState.java:run(117)) - d10c8639-03b1-4f19-ac0f-6419d7578d59@group-C1C12825AC52-FollowerState was interrupted: java.lang.InterruptedException: sleep interrupted
2019-10-21 23:03:25,888 [grpc-default-executor-5] INFO  impl.RaftServerImpl (RaftServerImpl.java:setRole(184)) - 7c107f1d-8592-48e3-af71-5982c0af1f56@group-C1C12825AC52: changes role from  FOLLOWER to FOLLOWER at term 80 for recognizeCandidate:1244ca21-2158-4cc7-9e07-ba347e145504
2019-10-21 23:03:25,888 [grpc-default-executor-5] INFO  impl.RoleInfo (RoleInfo.java:shutdownFollowerState(121)) - 7c107f1d-8592-48e3-af71-5982c0af1f56: shutdown FollowerState
2019-10-21 23:03:25,888 [grpc-default-executor-5] INFO  impl.RoleInfo (RoleInfo.java:updateAndGet(143)) - 7c107f1d-8592-48e3-af71-5982c0af1f56: start FollowerState
2019-10-21 23:03:25,888 [Thread-10004] INFO  impl.FollowerState (FollowerState.java:run(117)) - 7c107f1d-8592-48e3-af71-5982c0af1f56@group-C1C12825AC52-FollowerState was interrupted: java.lang.InterruptedException: sleep interrupted
2019-10-21 23:03:25,901 [1244ca21-2158-4cc7-9e07-ba347e145504@group-C1C12825AC52-LeaderElection1149] INFO  impl.LeaderElection (LeaderElection.java:logAndReturn(56)) - 1244ca21-2158-4cc7-9e07-ba347e145504@group-C1C12825AC52-LeaderElection1149: Election REJECTED; received 2 response(s) [1244ca21-2158-4cc7-9e07-ba347e145504<-7c107f1d-8592-48e3-af71-5982c0af1f56#0:FAIL-t80, 1244ca21-2158-4cc7-9e07-ba347e145504<-d10c8639-03b1-4f19-ac0f-6419d7578d59#0:FAIL-t80] and 0 exception(s); 1244ca21-2158-4cc7-9e07-ba347e145504@group-C1C12825AC52:t80, leader=null, voted=1244ca21-2158-4cc7-9e07-ba347e145504, raftlog=1244ca21-2158-4cc7-9e07-ba347e145504@group-C1C12825AC52-SegmentedRaftLog:OPENED:c-1,f-1,i0, conf=-1: [1244ca21-2158-4cc7-9e07-ba347e145504:192.168.69.118:43370, 7c107f1d-8592-48e3-af71-5982c0af1f56:192.168.69.118:36514, d10c8639-03b1-4f19-ac0f-6419d7578d59:192.168.69.118:37568], old=null
2019-10-21 23:03:25,901 [1244ca21-2158-4cc7-9e07-ba347e145504@group-C1C12825AC52-LeaderElection1149] INFO  impl.RaftServerImpl (RaftServerImpl.java:setRole(184)) - 1244ca21-2158-4cc7-9e07-ba347e145504@group-C1C12825AC52: changes role from CANDIDATE to FOLLOWER at term 80 for DISCOVERED_A_NEW_TERM
2019-10-21 23:03:25,901 [1244ca21-2158-4cc7-9e07-ba347e145504@group-C1C12825AC52-LeaderElection1149] INFO  impl.RoleInfo (RoleInfo.java:shutdownLeaderElection(134)) - 1244ca21-2158-4cc7-9e07-ba347e145504: shutdown LeaderElection
2019-10-21 23:03:25,901 [1244ca21-2158-4cc7-9e07-ba347e145504@group-C1C12825AC52-LeaderElection1149] INFO  impl.RoleInfo (RoleInfo.java:updateAndGet(143)) - 1244ca21-2158-4cc7-9e07-ba347e145504: start FollowerState
2019-10-21 23:03:25,955 [Thread-10012] INFO  impl.FollowerState (FollowerState.java:run(108)) - 1244ca21-2158-4cc7-9e07-ba347e145504@group-C1C12825AC52-FollowerState: change to CANDIDATE, lastRpcTime:53ms, electionTimeout:53ms
2019-10-21 23:03:25,955 [Thread-10012] INFO  impl.RoleInfo (RoleInfo.java:shutdownFollowerState(121)) - 1244ca21-2158-4cc7-9e07-ba347e145504: shutdown FollowerState
2019-10-21 23:03:25,955 [Thread-10012] INFO  impl.RaftServerImpl (RaftServerImpl.java:setRole(184)) - 1244ca21-2158-4cc7-9e07-ba347e145504@group-C1C12825AC52: changes role from  FOLLOWER to CANDIDATE at term 80 for changeToCandidate
2019-10-21 23:03:25,955 [Thread-10012] INFO  impl.RoleInfo (RoleInfo.java:updateAndGet(143)) - 1244ca21-2158-4cc7-9e07-ba347e145504: start LeaderElection
2019-10-21 23:03:25,967 [1244ca21-2158-4cc7-9e07-ba347e145504@group-C1C12825AC52-LeaderElection1150] INFO  impl.LeaderElection (LeaderElection.java:askForVotes(178)) - 1244ca21-2158-4cc7-9e07-ba347e145504@group-C1C12825AC52-LeaderElection1150: begin an election at term 81 for -1: [1244ca21-2158-4cc7-9e07-ba347e145504:192.168.69.118:43370, 7c107f1d-8592-48e3-af71-5982c0af1f56:192.168.69.118:36514, d10c8639-03b1-4f19-ac0f-6419d7578d59:192.168.69.118:37568], old=null
2019-10-21 23:03:25,968 [grpc-default-executor-5] INFO  impl.RaftServerImpl (RaftServerImpl.java:setRole(184)) - d10c8639-03b1-4f19-ac0f-6419d7578d59@group-C1C12825AC52: changes role from  FOLLOWER to FOLLOWER at term 81 for recognizeCandidate:1244ca21-2158-4cc7-9e07-ba347e145504
2019-10-21 23:03:25,968 [grpc-default-executor-5] INFO  impl.RoleInfo (RoleInfo.java:shutdownFollowerState(121)) - d10c8639-03b1-4f19-ac0f-6419d7578d59: shutdown FollowerState
2019-10-21 23:03:25,968 [grpc-default-executor-8] INFO  impl.RaftServerImpl (RaftServerImpl.java:setRole(184)) - 7c107f1d-8592-48e3-af71-5982c0af1f56@group-C1C12825AC52: changes role from  FOLLOWER to FOLLOWER at term 81 for recognizeCandidate:1244ca21-2158-4cc7-9e07-ba347e145504
2019-10-21 23:03:25,969 [Thread-10010] INFO  impl.FollowerState (FollowerState.java:run(117)) - d10c8639-03b1-4f19-ac0f-6419d7578d59@group-C1C12825AC52-FollowerState was interrupted: java.lang.InterruptedException: sleep interrupted
2019-10-21 23:03:25,969 [grpc-default-executor-5] INFO  impl.RoleInfo (RoleInfo.java:updateAndGet(143)) - d10c8639-03b1-4f19-ac0f-6419d7578d59: start FollowerState
2019-10-21 23:03:25,969 [grpc-default-executor-8] INFO  impl.RoleInfo (RoleInfo.java:shutdownFollowerState(121)) - 7c107f1d-8592-48e3-af71-5982c0af1f56: shutdown FollowerState
2019-10-21 23:03:25,969 [grpc-default-executor-8] INFO  impl.RoleInfo (RoleInfo.java:updateAndGet(143)) - 7c107f1d-8592-48e3-af71-5982c0af1f56: start FollowerState
2019-10-21 23:03:25,969 [Thread-10011] INFO  impl.FollowerState (FollowerState.java:run(117)) - 7c107f1d-8592-48e3-af71-5982c0af1f56@group-C1C12825AC52-FollowerState was interrupted: java.lang.InterruptedException: sleep interrupted
2019-10-21 23:03:25,983 [1244ca21-2158-4cc7-9e07-ba347e145504@group-C1C12825AC52-LeaderElection1150] INFO  impl.LeaderElection (LeaderElection.java:logAndReturn(56)) - 1244ca21-2158-4cc7-9e07-ba347e145504@group-C1C12825AC52-LeaderElection1150: Election REJECTED; received 2 response(s) [1244ca21-2158-4cc7-9e07-ba347e145504<-7c107f1d-8592-48e3-af71-5982c0af1f56#0:FAIL-t81, 1244ca21-2158-4cc7-9e07-ba347e145504<-d10c8639-03b1-4f19-ac0f-6419d7578d59#0:FAIL-t81] and 0 exception(s); 1244ca21-2158-4cc7-9e07-ba347e145504@group-C1C12825AC52:t81, leader=null, voted=1244ca21-2158-4cc7-9e07-ba347e145504, raftlog=1244ca21-2158-4cc7-9e07-ba347e145504@group-C1C12825AC52-SegmentedRaftLog:OPENED:c-1,f-1,i0, conf=-1: [1244ca21-2158-4cc7-9e07-ba347e145504:192.168.69.118:43370, 7c107f1d-8592-48e3-af71-5982c0af1f56:192.168.69.118:36514, d10c8639-03b1-4f19-ac0f-6419d7578d59:192.168.69.118:37568], old=null
2019-10-21 23:03:25,983 [1244ca21-2158-4cc7-9e07-ba347e145504@group-C1C12825AC52-LeaderElection1150] INFO  impl.RaftServerImpl (RaftServerImpl.java:setRole(184)) - 1244ca21-2158-4cc7-9e07-ba347e145504@group-C1C12825AC52: changes role from CANDIDATE to FOLLOWER at term 81 for DISCOVERED_A_NEW_TERM
2019-10-21 23:03:25,983 [1244ca21-2158-4cc7-9e07-ba347e145504@group-C1C12825AC52-LeaderElection1150] INFO  impl.RoleInfo (RoleInfo.java:shutdownLeaderElection(134)) - 1244ca21-2158-4cc7-9e07-ba347e145504: shutdown LeaderElection
2019-10-21 23:03:25,983 [1244ca21-2158-4cc7-9e07-ba347e145504@group-C1C12825AC52-LeaderElection1150] INFO  impl.RoleInfo (RoleInfo.java:updateAndGet(143)) - 1244ca21-2158-4cc7-9e07-ba347e145504: start FollowerState
2019-10-21 23:03:26,162 [Thread-10018] INFO  impl.FollowerState (FollowerState.java:run(108)) - 1244ca21-2158-4cc7-9e07-ba347e145504@group-C1C12825AC52-FollowerState: change to CANDIDATE, lastRpcTime:178ms, electionTimeout:178ms
2019-10-21 23:03:26,162 [Thread-10018] INFO  impl.RoleInfo (RoleInfo.java:shutdownFollowerState(121)) - 1244ca21-2158-4cc7-9e07-ba347e145504: shutdown FollowerState
2019-10-21 23:03:26,162 [Thread-10018] INFO  impl.RaftServerImpl (RaftServerImpl.java:setRole(184)) - 1244ca21-2158-4cc7-9e07-ba347e145504@group-C1C12825AC52: changes role from  FOLLOWER to CANDIDATE at term 81 for changeToCandidate
2019-10-21 23:03:26,162 [Thread-10018] INFO  impl.RoleInfo (RoleInfo.java:updateAndGet(143)) - 1244ca21-2158-4cc7-9e07-ba347e145504: start LeaderElection
2019-10-21 23:03:26,166 [1244ca21-2158-4cc7-9e07-ba347e145504@group-C1C12825AC52-LeaderElection1151] INFO  impl.LeaderElection (LeaderElection.java:askForVotes(178)) - 1244ca21-2158-4cc7-9e07-ba347e145504@group-C1C12825AC52-LeaderElection1151: begin an election at term 82 for -1: [1244ca21-2158-4cc7-9e07-ba347e145504:192.168.69.118:43370, 7c107f1d-8592-48e3-af71-5982c0af1f56:192.168.69.118:36514, d10c8639-03b1-4f19-ac0f-6419d7578d59:192.168.69.118:37568], old=null
2019-10-21 23:03:26,167 [grpc-default-executor-5] INFO  impl.RaftServerImpl (RaftServerImpl.java:setRole(184)) - d10c8639-03b1-4f19-ac0f-6419d7578d59@group-C1C12825AC52: changes role from  FOLLOWER to FOLLOWER at term 82 for recognizeCandidate:1244ca21-2158-4cc7-9e07-ba347e145504
2019-10-21 23:03:26,167 [grpc-default-executor-5] INFO  impl.RoleInfo (RoleInfo.java:shutdownFollowerState(121)) - d10c8639-03b1-4f19-ac0f-6419d7578d59: shutdown FollowerState
2019-10-21 23:03:26,167 [grpc-default-executor-5] INFO  impl.RoleInfo (RoleInfo.java:updateAndGet(143)) - d10c8639-03b1-4f19-ac0f-6419d7578d59: start FollowerState
2019-10-21 23:03:26,167 [Thread-10016] INFO  impl.FollowerState (FollowerState.java:run(117)) - d10c8639-03b1-4f19-ac0f-6419d7578d59@group-C1C12825AC52-FollowerState was interrupted: java.lang.InterruptedException: sleep interrupted
2019-10-21 23:03:26,168 [grpc-default-executor-8] INFO  impl.RaftServerImpl (RaftServerImpl.java:setRole(184)) - 7c107f1d-8592-48e3-af71-5982c0af1f56@group-C1C12825AC52: changes role from  FOLLOWER to FOLLOWER at term 82 for recognizeCandidate:1244ca21-2158-4cc7-9e07-ba347e145504
2019-10-21 23:03:26,168 [grpc-default-executor-8] INFO  impl.RoleInfo (RoleInfo.java:shutdownFollowerState(121)) - 7c107f1d-8592-48e3-af71-5982c0af1f56: shutdown FollowerState
2019-10-21 23:03:26,168 [grpc-default-executor-8] INFO  impl.RoleInfo (RoleInfo.java:updateAndGet(143)) - 7c107f1d-8592-48e3-af71-5982c0af1f56: start FollowerState
2019-10-21 23:03:26,168 [Thread-10017] INFO  impl.FollowerState (FollowerState.java:run(117)) - 7c107f1d-8592-48e3-af71-5982c0af1f56@group-C1C12825AC52-FollowerState was interrupted: java.lang.InterruptedException: sleep interrupted
2019-10-21 23:03:26,183 [1244ca21-2158-4cc7-9e07-ba347e145504@group-C1C12825AC52-LeaderElection1151] INFO  impl.LeaderElection (LeaderElection.java:logAndReturn(56)) - 1244ca21-2158-4cc7-9e07-ba347e145504@group-C1C12825AC52-LeaderElection1151: Election REJECTED; received 2 response(s) [1244ca21-2158-4cc7-9e07-ba347e145504<-7c107f1d-8592-48e3-af71-5982c0af1f56#0:FAIL-t82, 1244ca21-2158-4cc7-9e07-ba347e145504<-d10c8639-03b1-4f19-ac0f-6419d7578d59#0:FAIL-t82] and 0 exception(s); 1244ca21-2158-4cc7-9e07-ba347e145504@group-C1C12825AC52:t82, leader=null, voted=1244ca21-2158-4cc7-9e07-ba347e145504, raftlog=1244ca21-2158-4cc7-9e07-ba347e145504@group-C1C12825AC52-SegmentedRaftLog:OPENED:c-1,f-1,i0, conf=-1: [1244ca21-2158-4cc7-9e07-ba347e145504:192.168.69.118:43370, 7c107f1d-8592-48e3-af71-5982c0af1f56:192.168.69.118:36514, d10c8639-03b1-4f19-ac0f-6419d7578d59:192.168.69.118:37568], old=null
2019-10-21 23:03:26,183 [1244ca21-2158-4cc7-9e07-ba347e145504@group-C1C12825AC52-LeaderElection1151] INFO  impl.RaftServerImpl (RaftServerImpl.java:setRole(184)) - 1244ca21-2158-4cc7-9e07-ba347e145504@group-C1C12825AC52: changes role from CANDIDATE to FOLLOWER at term 82 for DISCOVERED_A_NEW_TERM
2019-10-21 23:03:26,183 [1244ca21-2158-4cc7-9e07-ba347e145504@group-C1C12825AC52-LeaderElection1151] INFO  impl.RoleInfo (RoleInfo.java:shutdownLeaderElection(134)) - 1244ca21-2158-4cc7-9e07-ba347e145504: shutdown LeaderElection
2019-10-21 23:03:26,183 [1244ca21-2158-4cc7-9e07-ba347e145504@group-C1C12825AC52-LeaderElection1151] INFO  impl.RoleInfo (RoleInfo.java:updateAndGet(143)) - 1244ca21-2158-4cc7-9e07-ba347e145504: start FollowerState
2019-10-21 23:03:26,303 [Thread-10028] INFO  impl.FollowerState (FollowerState.java:run(108)) - 1244ca21-2158-4cc7-9e07-ba347e145504@group-C1C12825AC52-FollowerState: change to CANDIDATE, lastRpcTime:120ms, electionTimeout:120ms
2019-10-21 23:03:26,303 [Thread-10028] INFO  impl.RoleInfo (RoleInfo.java:shutdownFollowerState(121)) - 1244ca21-2158-4cc7-9e07-ba347e145504: shutdown FollowerState
2019-10-21 23:03:26,303 [Thread-10028] INFO  impl.RaftServerImpl (RaftServerImpl.java:setRole(184)) - 1244ca21-2158-4cc7-9e07-ba347e145504@group-C1C12825AC52: changes role from  FOLLOWER to CANDIDATE at term 82 for changeToCandidate
2019-10-21 23:03:26,303 [Thread-10028] INFO  impl.RoleInfo (RoleInfo.java:updateAndGet(143)) - 1244ca21-2158-4cc7-9e07-ba347e145504: start LeaderElection
2019-10-21 23:03:26,317 [1244ca21-2158-4cc7-9e07-ba347e145504@group-C1C12825AC52-LeaderElection1152] INFO  impl.LeaderElection (LeaderElection.java:askForVotes(178)) - 1244ca21-2158-4cc7-9e07-ba347e145504@group-C1C12825AC52-LeaderElection1152: begin an election at term 83 for -1: [1244ca21-2158-4cc7-9e07-ba347e145504:192.168.69.118:43370, 7c107f1d-8592-48e3-af71-5982c0af1f56:192.168.69.118:36514, d10c8639-03b1-4f19-ac0f-6419d7578d59:192.168.69.118:37568], old=null
2019-10-21 23:03:26,318 [grpc-default-executor-5] INFO  impl.RaftServerImpl (RaftServerImpl.java:setRole(184)) - 7c107f1d-8592-48e3-af71-5982c0af1f56@group-C1C12825AC52: changes role from  FOLLOWER to FOLLOWER at term 83 for recognizeCandidate:1244ca21-2158-4cc7-9e07-ba347e145504
2019-10-21 23:03:26,319 [grpc-default-executor-5] INFO  impl.RoleInfo (RoleInfo.java:shutdownFollowerState(121)) - 7c107f1d-8592-48e3-af71-5982c0af1f56: shutdown FollowerState
2019-10-21 23:03:26,318 [grpc-default-executor-8] INFO  impl.RaftServerImpl (RaftServerImpl.java:setRole(184)) - d10c8639-03b1-4f19-ac0f-6419d7578d59@group-C1C12825AC52: changes role from  FOLLOWER to FOLLOWER at term 83 for recognizeCandidate:1244ca21-2158-4cc7-9e07-ba347e145504
2019-10-21 23:03:26,319 [grpc-default-executor-8] INFO  impl.RoleInfo (RoleInfo.java:shutdownFollowerState(121)) - d10c8639-03b1-4f19-ac0f-6419d7578d59: shutdown FollowerState
2019-10-21 23:03:26,319 [grpc-default-executor-8] INFO  impl.RoleInfo (RoleInfo.java:updateAndGet(143)) - d10c8639-03b1-4f19-ac0f-6419d7578d59: start FollowerState
2019-10-21 23:03:26,319 [Thread-10027] INFO  impl.FollowerState (FollowerState.java:run(117)) - 7c107f1d-8592-48e3-af71-5982c0af1f56@group-C1C12825AC52-FollowerState was interrupted: java.lang.InterruptedException: sleep interrupted
2019-10-21 23:03:26,319 [grpc-default-executor-5] INFO  impl.RoleInfo (RoleInfo.java:updateAndGet(143)) - 7c107f1d-8592-48e3-af71-5982c0af1f56: start FollowerState
2019-10-21 23:03:26,319 [Thread-10026] INFO  impl.FollowerState (FollowerState.java:run(117)) - d10c8639-03b1-4f19-ac0f-6419d7578d59@group-C1C12825AC52-FollowerState was interrupted: java.lang.InterruptedException: sleep interrupted
2019-10-21 23:03:26,334 [1244ca21-2158-4cc7-9e07-ba347e145504@group-C1C12825AC52-LeaderElection1152] INFO  impl.LeaderElection (LeaderElection.java:logAndReturn(56)) - 1244ca21-2158-4cc7-9e07-ba347e145504@group-C1C12825AC52-LeaderElection1152: Election REJECTED; received 2 response(s) [1244ca21-2158-4cc7-9e07-ba347e145504<-7c107f1d-8592-48e3-af71-5982c0af1f56#0:FAIL-t83, 1244ca21-2158-4cc7-9e07-ba347e145504<-d10c8639-03b1-4f19-ac0f-6419d7578d59#0:FAIL-t83] and 0 exception(s); 1244ca21-2158-4cc7-9e07-ba347e145504@group-C1C12825AC52:t83, leader=null, voted=1244ca21-2158-4cc7-9e07-ba347e145504, raftlog=1244ca21-2158-4cc7-9e07-ba347e145504@group-C1C12825AC52-SegmentedRaftLog:OPENED:c-1,f-1,i0, conf=-1: [1244ca21-2158-4cc7-9e07-ba347e145504:192.168.69.118:43370, 7c107f1d-8592-48e3-af71-5982c0af1f56:192.168.69.118:36514, d10c8639-03b1-4f19-ac0f-6419d7578d59:192.168.69.118:37568], old=null
2019-10-21 23:03:26,334 [1244ca21-2158-4cc7-9e07-ba347e145504@group-C1C12825AC52-LeaderElection1152] INFO  impl.RaftServerImpl (RaftServerImpl.java:setRole(184)) - 1244ca21-2158-4cc7-9e07-ba347e145504@group-C1C12825AC52: changes role from CANDIDATE to FOLLOWER at term 83 for DISCOVERED_A_NEW_TERM
2019-10-21 23:03:26,334 [1244ca21-2158-4cc7-9e07-ba347e145504@group-C1C12825AC52-LeaderElection1152] INFO  impl.RoleInfo (RoleInfo.java:shutdownLeaderElection(134)) - 1244ca21-2158-4cc7-9e07-ba347e145504: shutdown LeaderElection
2019-10-21 23:03:26,334 [1244ca21-2158-4cc7-9e07-ba347e145504@group-C1C12825AC52-LeaderElection1152] INFO  impl.RoleInfo (RoleInfo.java:updateAndGet(143)) - 1244ca21-2158-4cc7-9e07-ba347e145504: start FollowerState
2019-10-21 23:03:26,452 [Thread-10034] INFO  impl.FollowerState (FollowerState.java:run(108)) - 1244ca21-2158-4cc7-9e07-ba347e145504@group-C1C12825AC52-FollowerState: change to CANDIDATE, lastRpcTime:117ms, electionTimeout:117ms
2019-10-21 23:03:26,452 [Thread-10034] INFO  impl.RoleInfo (RoleInfo.java:shutdownFollowerState(121)) - 1244ca21-2158-4cc7-9e07-ba347e145504: shutdown FollowerState
2019-10-21 23:03:26,452 [Thread-10034] INFO  impl.RaftServerImpl (RaftServerImpl.java:setRole(184)) - 1244ca21-2158-4cc7-9e07-ba347e145504@group-C1C12825AC52: changes role from  FOLLOWER to CANDIDATE at term 83 for changeToCandidate
2019-10-21 23:03:26,452 [Thread-10034] INFO  impl.RoleInfo (RoleInfo.java:updateAndGet(143)) - 1244ca21-2158-4cc7-9e07-ba347e145504: start LeaderElection
2019-10-21 23:03:26,475 [1244ca21-2158-4cc7-9e07-ba347e145504@group-C1C12825AC52-LeaderElection1153] INFO  impl.LeaderElection (LeaderElection.java:askForVotes(178)) - 1244ca21-2158-4cc7-9e07-ba347e145504@group-C1C12825AC52-LeaderElection1153: begin an election at term 84 for -1: [1244ca21-2158-4cc7-9e07-ba347e145504:192.168.69.118:43370, 7c107f1d-8592-48e3-af71-5982c0af1f56:192.168.69.118:36514, d10c8639-03b1-4f19-ac0f-6419d7578d59:192.168.69.118:37568], old=null
2019-10-21 23:03:26,476 [grpc-default-executor-8] INFO  impl.RaftServerImpl (RaftServerImpl.java:setRole(184)) - 7c107f1d-8592-48e3-af71-5982c0af1f56@group-C1C12825AC52: changes role from  FOLLOWER to FOLLOWER at term 84 for recognizeCandidate:1244ca21-2158-4cc7-9e07-ba347e145504
2019-10-21 23:03:26,476 [grpc-default-executor-5] INFO  impl.RaftServerImpl (RaftServerImpl.java:setRole(184)) - d10c8639-03b1-4f19-ac0f-6419d7578d59@group-C1C12825AC52: changes role from  FOLLOWER to FOLLOWER at term 84 for recognizeCandidate:1244ca21-2158-4cc7-9e07-ba347e145504
2019-10-21 23:03:26,476 [grpc-default-executor-5] INFO  impl.RoleInfo (RoleInfo.java:shutdownFollowerState(121)) - d10c8639-03b1-4f19-ac0f-6419d7578d59: shutdown FollowerState
2019-10-21 23:03:26,477 [grpc-default-executor-5] INFO  impl.RoleInfo (RoleInfo.java:updateAndGet(143)) - d10c8639-03b1-4f19-ac0f-6419d7578d59: start FollowerState
2019-10-21 23:03:26,476 [grpc-default-executor-8] INFO  impl.RoleInfo (RoleInfo.java:shutdownFollowerState(121)) - 7c107f1d-8592-48e3-af71-5982c0af1f56: shutdown FollowerState
2019-10-21 23:03:26,477 [Thread-10033] INFO  impl.FollowerState (FollowerState.java:run(117)) - d10c8639-03b1-4f19-ac0f-6419d7578d59@group-C1C12825AC52-FollowerState was interrupted: java.lang.InterruptedException: sleep interrupted
2019-10-21 23:03:26,477 [Thread-10032] INFO  impl.FollowerState (FollowerState.java:run(117)) - 7c107f1d-8592-48e3-af71-5982c0af1f56@group-C1C12825AC52-FollowerState was interrupted: java.lang.InterruptedException: sleep interrupted
2019-10-21 23:03:26,477 [grpc-default-executor-8] INFO  impl.RoleInfo (RoleInfo.java:updateAndGet(143)) - 7c107f1d-8592-48e3-af71-5982c0af1f56: start FollowerState
2019-10-21 23:03:26,503 [1244ca21-2158-4cc7-9e07-ba347e145504@group-C1C12825AC52-LeaderElection1153] INFO  impl.LeaderElection (LeaderElection.java:logAndReturn(56)) - 1244ca21-2158-4cc7-9e07-ba347e145504@group-C1C12825AC52-LeaderElection1153: Election REJECTED; received 2 response(s) [1244ca21-2158-4cc7-9e07-ba347e145504<-7c107f1d-8592-48e3-af71-5982c0af1f56#0:FAIL-t84, 1244ca21-2158-4cc7-9e07-ba347e145504<-d10c8639-03b1-4f19-ac0f-6419d7578d59#0:FAIL-t84] and 0 exception(s); 1244ca21-2158-4cc7-9e07-ba347e145504@group-C1C12825AC52:t84, leader=null, voted=1244ca21-2158-4cc7-9e07-ba347e145504, raftlog=1244ca21-2158-4cc7-9e07-ba347e145504@group-C1C12825AC52-SegmentedRaftLog:OPENED:c-1,f-1,i0, conf=-1: [1244ca21-2158-4cc7-9e07-ba347e145504:192.168.69.118:43370, 7c107f1d-8592-48e3-af71-5982c0af1f56:192.168.69.118:36514, d10c8639-03b1-4f19-ac0f-6419d7578d59:192.168.69.118:37568], old=null
2019-10-21 23:03:26,503 [1244ca21-2158-4cc7-9e07-ba347e145504@group-C1C12825AC52-LeaderElection1153] INFO  impl.RaftServerImpl (RaftServerImpl.java:setRole(184)) - 1244ca21-2158-4cc7-9e07-ba347e145504@group-C1C12825AC52: changes role from CANDIDATE to FOLLOWER at term 84 for DISCOVERED_A_NEW_TERM
2019-10-21 23:03:26,503 [1244ca21-2158-4cc7-9e07-ba347e145504@group-C1C12825AC52-LeaderElection1153] INFO  impl.RoleInfo (RoleInfo.java:shutdownLeaderElection(134)) - 1244ca21-2158-4cc7-9e07-ba347e145504: shutdown LeaderElection
2019-10-21 23:03:26,503 [1244ca21-2158-4cc7-9e07-ba347e145504@group-C1C12825AC52-LeaderElection1153] INFO  impl.RoleInfo (RoleInfo.java:updateAndGet(143)) - 1244ca21-2158-4cc7-9e07-ba347e145504: start FollowerState
2019-10-21 23:03:26,578 [Thread-10042] INFO  impl.FollowerState (FollowerState.java:run(108)) - 1244ca21-2158-4cc7-9e07-ba347e145504@group-C1C12825AC52-FollowerState: change to CANDIDATE, lastRpcTime:75ms, electionTimeout:75ms
2019-10-21 23:03:26,579 [Thread-10042] INFO  impl.RoleInfo (RoleInfo.java:shutdownFollowerState(121)) - 1244ca21-2158-4cc7-9e07-ba347e145504: shutdown FollowerState
2019-10-21 23:03:26,579 [Thread-10042] INFO  impl.RaftServerImpl (RaftServerImpl.java:setRole(184)) - 1244ca21-2158-4cc7-9e07-ba347e145504@group-C1C12825AC52: changes role from  FOLLOWER to CANDIDATE at term 84 for changeToCandidate
2019-10-21 23:03:26,579 [Thread-10042] INFO  impl.RoleInfo (RoleInfo.java:updateAndGet(143)) - 1244ca21-2158-4cc7-9e07-ba347e145504: start LeaderElection
2019-10-21 23:03:26,593 [1244ca21-2158-4cc7-9e07-ba347e145504@group-C1C12825AC52-LeaderElection1154] INFO  impl.LeaderElection (LeaderElection.java:askForVotes(178)) - 1244ca21-2158-4cc7-9e07-ba347e145504@group-C1C12825AC52-LeaderElection1154: begin an election at term 85 for -1: [1244ca21-2158-4cc7-9e07-ba347e145504:192.168.69.118:43370, 7c107f1d-8592-48e3-af71-5982c0af1f56:192.168.69.118:36514, d10c8639-03b1-4f19-ac0f-6419d7578d59:192.168.69.118:37568], old=null
2019-10-21 23:03:26,594 [grpc-default-executor-8] INFO  impl.RaftServerImpl (RaftServerImpl.java:setRole(184)) - 7c107f1d-8592-48e3-af71-5982c0af1f56@group-C1C12825AC52: changes role from  FOLLOWER to FOLLOWER at term 85 for recognizeCandidate:1244ca21-2158-4cc7-9e07-ba347e145504
2019-10-21 23:03:26,594 [grpc-default-executor-5] INFO  impl.RaftServerImpl (RaftServerImpl.java:setRole(184)) - d10c8639-03b1-4f19-ac0f-6419d7578d59@group-C1C12825AC52: changes role from  FOLLOWER to FOLLOWER at term 85 for recognizeCandidate:1244ca21-2158-4cc7-9e07-ba347e145504
2019-10-21 23:03:26,595 [grpc-default-executor-5] INFO  impl.RoleInfo (RoleInfo.java:shutdownFollowerState(121)) - d10c8639-03b1-4f19-ac0f-6419d7578d59: shutdown FollowerState
2019-10-21 23:03:26,594 [grpc-default-executor-8] INFO  impl.RoleInfo (RoleInfo.java:shutdownFollowerState(121)) - 7c107f1d-8592-48e3-af71-5982c0af1f56: shutdown FollowerState
2019-10-21 23:03:26,595 [Thread-10040] INFO  impl.FollowerState (FollowerState.java:run(117)) - d10c8639-03b1-4f19-ac0f-6419d7578d59@group-C1C12825AC52-FollowerState was interrupted: java.lang.InterruptedException: sleep interrupted
2019-10-21 23:03:26,595 [grpc-default-executor-5] INFO  impl.RoleInfo (RoleInfo.java:updateAndGet(143)) - d10c8639-03b1-4f19-ac0f-6419d7578d59: start FollowerState
2019-10-21 23:03:26,595 [Thread-10041] INFO  impl.FollowerState (FollowerState.java:run(117)) - 7c107f1d-8592-48e3-af71-5982c0af1f56@group-C1C12825AC52-FollowerState was interrupted: java.lang.InterruptedException: sleep interrupted
2019-10-21 23:03:26,595 [grpc-default-executor-8] INFO  impl.RoleInfo (RoleInfo.java:updateAndGet(143)) - 7c107f1d-8592-48e3-af71-5982c0af1f56: start FollowerState
2019-10-21 23:03:26,608 [1244ca21-2158-4cc7-9e07-ba347e145504@group-C1C12825AC52-LeaderElection1154] INFO  impl.LeaderElection (LeaderElection.java:logAndReturn(56)) - 1244ca21-2158-4cc7-9e07-ba347e145504@group-C1C12825AC52-LeaderElection1154: Election REJECTED; received 2 response(s) [1244ca21-2158-4cc7-9e07-ba347e145504<-7c107f1d-8592-48e3-af71-5982c0af1f56#0:FAIL-t85, 1244ca21-2158-4cc7-9e07-ba347e145504<-d10c8639-03b1-4f19-ac0f-6419d7578d59#0:FAIL-t85] and 0 exception(s); 1244ca21-2158-4cc7-9e07-ba347e145504@group-C1C12825AC52:t85, leader=null, voted=1244ca21-2158-4cc7-9e07-ba347e145504, raftlog=1244ca21-2158-4cc7-9e07-ba347e145504@group-C1C12825AC52-SegmentedRaftLog:OPENED:c-1,f-1,i0, conf=-1: [1244ca21-2158-4cc7-9e07-ba347e145504:192.168.69.118:43370, 7c107f1d-8592-48e3-af71-5982c0af1f56:192.168.69.118:36514, d10c8639-03b1-4f19-ac0f-6419d7578d59:192.168.69.118:37568], old=null
2019-10-21 23:03:26,608 [1244ca21-2158-4cc7-9e07-ba347e145504@group-C1C12825AC52-LeaderElection1154] INFO  impl.RaftServerImpl (RaftServerImpl.java:setRole(184)) - 1244ca21-2158-4cc7-9e07-ba347e145504@group-C1C12825AC52: changes role from CANDIDATE to FOLLOWER at term 85 for DISCOVERED_A_NEW_TERM
2019-10-21 23:03:26,608 [1244ca21-2158-4cc7-9e07-ba347e145504@group-C1C12825AC52-LeaderElection1154] INFO  impl.RoleInfo (RoleInfo.java:shutdownLeaderElection(134)) - 1244ca21-2158-4cc7-9e07-ba347e145504: shutdown LeaderElection
2019-10-21 23:03:26,608 [1244ca21-2158-4cc7-9e07-ba347e145504@group-C1C12825AC52-LeaderElection1154] INFO  impl.RoleInfo (RoleInfo.java:updateAndGet(143)) - 1244ca21-2158-4cc7-9e07-ba347e145504: start FollowerState
2019-10-21 23:03:26,741 [Thread-10048] INFO  impl.FollowerState (FollowerState.java:run(108)) - 1244ca21-2158-4cc7-9e07-ba347e145504@group-C1C12825AC52-FollowerState: change to CANDIDATE, lastRpcTime:132ms, electionTimeout:132ms
2019-10-21 23:03:26,741 [Thread-10048] INFO  impl.RoleInfo (RoleInfo.java:shutdownFollowerState(121)) - 1244ca21-2158-4cc7-9e07-ba347e145504: shutdown FollowerState
2019-10-21 23:03:26,741 [Thread-10048] INFO  impl.RaftServerImpl (RaftServerImpl.java:setRole(184)) - 1244ca21-2158-4cc7-9e07-ba347e145504@group-C1C12825AC52: changes role from  FOLLOWER to CANDIDATE at term 85 for changeToCandidate
2019-10-21 23:03:26,741 [Thread-10048] INFO  impl.RoleInfo (RoleInfo.java:updateAndGet(143)) - 1244ca21-2158-4cc7-9e07-ba347e145504: start LeaderElection
2019-10-21 23:03:26,752 [1244ca21-2158-4cc7-9e07-ba347e145504@group-C1C12825AC52-LeaderElection1155] INFO  impl.LeaderElection (LeaderElection.java:askForVotes(178)) - 1244ca21-2158-4cc7-9e07-ba347e145504@group-C1C12825AC52-LeaderElection1155: begin an election at term 86 for -1: [1244ca21-2158-4cc7-9e07-ba347e145504:192.168.69.118:43370, 7c107f1d-8592-48e3-af71-5982c0af1f56:192.168.69.118:36514, d10c8639-03b1-4f19-ac0f-6419d7578d59:192.168.69.118:37568], old=null
2019-10-21 23:03:26,753 [grpc-default-executor-8] INFO  impl.RaftServerImpl (RaftServerImpl.java:setRole(184)) - 7c107f1d-8592-48e3-af71-5982c0af1f56@group-C1C12825AC52: changes role from  FOLLOWER to FOLLOWER at term 86 for recognizeCandidate:1244ca21-2158-4cc7-9e07-ba347e145504
2019-10-21 23:03:26,753 [grpc-default-executor-5] INFO  impl.RaftServerImpl (RaftServerImpl.java:setRole(184)) - d10c8639-03b1-4f19-ac0f-6419d7578d59@group-C1C12825AC52: changes role from  FOLLOWER to FOLLOWER at term 86 for recognizeCandidate:1244ca21-2158-4cc7-9e07-ba347e145504
2019-10-21 23:03:26,753 [grpc-default-executor-8] INFO  impl.RoleInfo (RoleInfo.java:shutdownFollowerState(121)) - 7c107f1d-8592-48e3-af71-5982c0af1f56: shutdown FollowerState
2019-10-21 23:03:26,753 [grpc-default-executor-5] INFO  impl.RoleInfo (RoleInfo.java:shutdownFollowerState(121)) - d10c8639-03b1-4f19-ac0f-6419d7578d59: shutdown FollowerState
2019-10-21 23:03:26,753 [Thread-10047] INFO  impl.FollowerState (FollowerState.java:run(117)) - 7c107f1d-8592-48e3-af71-5982c0af1f56@group-C1C12825AC52-FollowerState was interrupted: java.lang.InterruptedException: sleep interrupted
2019-10-21 23:03:26,753 [grpc-default-executor-8] INFO  impl.RoleInfo (RoleInfo.java:updateAndGet(143)) - 7c107f1d-8592-48e3-af71-5982c0af1f56: start FollowerState
2019-10-21 23:03:26,753 [Thread-10046] INFO  impl.FollowerState (FollowerState.java:run(117)) - d10c8639-03b1-4f19-ac0f-6419d7578d59@group-C1C12825AC52-FollowerState was interrupted: java.lang.InterruptedException: sleep interrupted
2019-10-21 23:03:26,753 [grpc-default-executor-5] INFO  impl.RoleInfo (RoleInfo.java:updateAndGet(143)) - d10c8639-03b1-4f19-ac0f-6419d7578d59: start FollowerState
2019-10-21 23:03:26,767 [1244ca21-2158-4cc7-9e07-ba347e145504@group-C1C12825AC52-LeaderElection1155] INFO  impl.LeaderElection (LeaderElection.java:logAndReturn(56)) - 1244ca21-2158-4cc7-9e07-ba347e145504@group-C1C12825AC52-LeaderElection1155: Election REJECTED; received 2 response(s) [1244ca21-2158-4cc7-9e07-ba347e145504<-7c107f1d-8592-48e3-af71-5982c0af1f56#0:FAIL-t86, 1244ca21-2158-4cc7-9e07-ba347e145504<-d10c8639-03b1-4f19-ac0f-6419d7578d59#0:FAIL-t86] and 0 exception(s); 1244ca21-2158-4cc7-9e07-ba347e145504@group-C1C12825AC52:t86, leader=null, voted=1244ca21-2158-4cc7-9e07-ba347e145504, raftlog=1244ca21-2158-4cc7-9e07-ba347e145504@group-C1C12825AC52-SegmentedRaftLog:OPENED:c-1,f-1,i0, conf=-1: [1244ca21-2158-4cc7-9e07-ba347e145504:192.168.69.118:43370, 7c107f1d-8592-48e3-af71-5982c0af1f56:192.168.69.118:36514, d10c8639-03b1-4f19-ac0f-6419d7578d59:192.168.69.118:37568], old=null
2019-10-21 23:03:26,767 [1244ca21-2158-4cc7-9e07-ba347e145504@group-C1C12825AC52-LeaderElection1155] INFO  impl.RaftServerImpl (RaftServerImpl.java:setRole(184)) - 1244ca21-2158-4cc7-9e07-ba347e145504@group-C1C12825AC52: changes role from CANDIDATE to FOLLOWER at term 86 for DISCOVERED_A_NEW_TERM
2019-10-21 23:03:26,767 [1244ca21-2158-4cc7-9e07-ba347e145504@group-C1C12825AC52-LeaderElection1155] INFO  impl.RoleInfo (RoleInfo.java:shutdownLeaderElection(134)) - 1244ca21-2158-4cc7-9e07-ba347e145504: shutdown LeaderElection
2019-10-21 23:03:26,767 [1244ca21-2158-4cc7-9e07-ba347e145504@group-C1C12825AC52-LeaderElection1155] INFO  impl.RoleInfo (RoleInfo.java:updateAndGet(143)) - 1244ca21-2158-4cc7-9e07-ba347e145504: start FollowerState
2019-10-21 23:03:26,936 [Thread-10058] INFO  impl.FollowerState (FollowerState.java:run(108)) - 1244ca21-2158-4cc7-9e07-ba347e145504@group-C1C12825AC52-FollowerState: change to CANDIDATE, lastRpcTime:168ms, electionTimeout:168ms
2019-10-21 23:03:26,936 [Thread-10058] INFO  impl.RoleInfo (RoleInfo.java:shutdownFollowerState(121)) - 1244ca21-2158-4cc7-9e07-ba347e145504: shutdown FollowerState
2019-10-21 23:03:26,936 [Thread-10058] INFO  impl.RaftServerImpl (RaftServerImpl.java:setRole(184)) - 1244ca21-2158-4cc7-9e07-ba347e145504@group-C1C12825AC52: changes role from  FOLLOWER to CANDIDATE at term 86 for changeToCandidate
2019-10-21 23:03:26,936 [Thread-10058] INFO  impl.RoleInfo (RoleInfo.java:updateAndGet(143)) - 1244ca21-2158-4cc7-9e07-ba347e145504: start LeaderElection
2019-10-21 23:03:26,949 [1244ca21-2158-4cc7-9e07-ba347e145504@group-C1C12825AC52-LeaderElection1156] INFO  impl.LeaderElection (LeaderElection.java:askForVotes(178)) - 1244ca21-2158-4cc7-9e07-ba347e145504@group-C1C12825AC52-LeaderElection1156: begin an election at term 87 for -1: [1244ca21-2158-4cc7-9e07-ba347e145504:192.168.69.118:43370, 7c107f1d-8592-48e3-af71-5982c0af1f56:192.168.69.118:36514, d10c8639-03b1-4f19-ac0f-6419d7578d59:192.168.69.118:37568], old=null
2019-10-21 23:03:26,951 [grpc-default-executor-5] INFO  impl.RaftServerImpl (RaftServerImpl.java:setRole(184)) - 7c107f1d-8592-48e3-af71-5982c0af1f56@group-C1C12825AC52: changes role from  FOLLOWER to FOLLOWER at term 87 for recognizeCandidate:1244ca21-2158-4cc7-9e07-ba347e145504
2019-10-21 23:03:26,951 [grpc-default-executor-5] INFO  impl.RoleInfo (RoleInfo.java:shutdownFollowerState(121)) - 7c107f1d-8592-48e3-af71-5982c0af1f56: shutdown FollowerState
2019-10-21 23:03:26,951 [grpc-default-executor-8] INFO  impl.RaftServerImpl (RaftServerImpl.java:setRole(184)) - d10c8639-03b1-4f19-ac0f-6419d7578d59@group-C1C12825AC52: changes role from  FOLLOWER to FOLLOWER at term 87 for recognizeCandidate:1244ca21-2158-4cc7-9e07-ba347e145504
2019-10-21 23:03:26,951 [grpc-default-executor-8] INFO  impl.RoleInfo (RoleInfo.java:shutdownFollowerState(121)) - d10c8639-03b1-4f19-ac0f-6419d7578d59: shutdown FollowerState
2019-10-21 23:03:26,951 [grpc-default-executor-5] INFO  impl.RoleInfo (RoleInfo.java:updateAndGet(143)) - 7c107f1d-8592-48e3-af71-5982c0af1f56: start FollowerState
2019-10-21 23:03:26,951 [Thread-10057] INFO  impl.FollowerState (FollowerState.java:run(117)) - d10c8639-03b1-4f19-ac0f-6419d7578d59@group-C1C12825AC52-FollowerState was interrupted: java.lang.InterruptedException: sleep interrupted
2019-10-21 23:03:26,951 [Thread-10056] INFO  impl.FollowerState (FollowerState.java:run(117)) - 7c107f1d-8592-48e3-af71-5982c0af1f56@group-C1C12825AC52-FollowerState was interrupted: java.lang.InterruptedException: sleep interrupted
2019-10-21 23:03:26,951 [grpc-default-executor-8] INFO  impl.RoleInfo (RoleInfo.java:updateAndGet(143)) - d10c8639-03b1-4f19-ac0f-6419d7578d59: start FollowerState
2019-10-21 23:03:26,972 [1244ca21-2158-4cc7-9e07-ba347e145504@group-C1C12825AC52-LeaderElection1156] INFO  impl.LeaderElection (LeaderElection.java:logAndReturn(56)) - 1244ca21-2158-4cc7-9e07-ba347e145504@group-C1C12825AC52-LeaderElection1156: Election REJECTED; received 2 response(s) [1244ca21-2158-4cc7-9e07-ba347e145504<-7c107f1d-8592-48e3-af71-5982c0af1f56#0:FAIL-t87, 1244ca21-2158-4cc7-9e07-ba347e145504<-d10c8639-03b1-4f19-ac0f-6419d7578d59#0:FAIL-t87] and 0 exception(s); 1244ca21-2158-4cc7-9e07-ba347e145504@group-C1C12825AC52:t87, leader=null, voted=1244ca21-2158-4cc7-9e07-ba347e145504, raftlog=1244ca21-2158-4cc7-9e07-ba347e145504@group-C1C12825AC52-SegmentedRaftLog:OPENED:c-1,f-1,i0, conf=-1: [1244ca21-2158-4cc7-9e07-ba347e145504:192.168.69.118:43370, 7c107f1d-8592-48e3-af71-5982c0af1f56:192.168.69.118:36514, d10c8639-03b1-4f19-ac0f-6419d7578d59:192.168.69.118:37568], old=null
2019-10-21 23:03:26,972 [1244ca21-2158-4cc7-9e07-ba347e145504@group-C1C12825AC52-LeaderElection1156] INFO  impl.RaftServerImpl (RaftServerImpl.java:setRole(184)) - 1244ca21-2158-4cc7-9e07-ba347e145504@group-C1C12825AC52: changes role from CANDIDATE to FOLLOWER at term 87 for DISCOVERED_A_NEW_TERM
2019-10-21 23:03:26,972 [1244ca21-2158-4cc7-9e07-ba347e145504@group-C1C12825AC52-LeaderElection1156] INFO  impl.RoleInfo (RoleInfo.java:shutdownLeaderElection(134)) - 1244ca21-2158-4cc7-9e07-ba347e145504: shutdown LeaderElection
2019-10-21 23:03:26,972 [1244ca21-2158-4cc7-9e07-ba347e145504@group-C1C12825AC52-LeaderElection1156] INFO  impl.RoleInfo (RoleInfo.java:updateAndGet(143)) - 1244ca21-2158-4cc7-9e07-ba347e145504: start FollowerState
2019-10-21 23:03:27,041 [Thread-10064] INFO  impl.FollowerState (FollowerState.java:run(108)) - 1244ca21-2158-4cc7-9e07-ba347e145504@group-C1C12825AC52-FollowerState: change to CANDIDATE, lastRpcTime:68ms, electionTimeout:68ms
2019-10-21 23:03:27,041 [Thread-10064] INFO  impl.RoleInfo (RoleInfo.java:shutdownFollowerState(121)) - 1244ca21-2158-4cc7-9e07-ba347e145504: shutdown FollowerState
2019-10-21 23:03:27,041 [Thread-10064] INFO  impl.RaftServerImpl (RaftServerImpl.java:setRole(184)) - 1244ca21-2158-4cc7-9e07-ba347e145504@group-C1C12825AC52: changes role from  FOLLOWER to CANDIDATE at term 87 for changeToCandidate
2019-10-21 23:03:27,041 [Thread-10064] INFO  impl.RoleInfo (RoleInfo.java:updateAndGet(143)) - 1244ca21-2158-4cc7-9e07-ba347e145504: start LeaderElection
2019-10-21 23:03:27,052 [1244ca21-2158-4cc7-9e07-ba347e145504@group-C1C12825AC52-LeaderElection1157] INFO  impl.LeaderElection (LeaderElection.java:askForVotes(178)) - 1244ca21-2158-4cc7-9e07-ba347e145504@group-C1C12825AC52-LeaderElection1157: begin an election at term 88 for -1: [1244ca21-2158-4cc7-9e07-ba347e145504:192.168.69.118:43370, 7c107f1d-8592-48e3-af71-5982c0af1f56:192.168.69.118:36514, d10c8639-03b1-4f19-ac0f-6419d7578d59:192.168.69.118:37568], old=null
2019-10-21 23:03:27,053 [grpc-default-executor-5] INFO  impl.RaftServerImpl (RaftServerImpl.java:setRole(184)) - 7c107f1d-8592-48e3-af71-5982c0af1f56@group-C1C12825AC52: changes role from  FOLLOWER to FOLLOWER at term 88 for recognizeCandidate:1244ca21-2158-4cc7-9e07-ba347e145504
2019-10-21 23:03:27,053 [grpc-default-executor-5] INFO  impl.RoleInfo (RoleInfo.java:shutdownFollowerState(121)) - 7c107f1d-8592-48e3-af71-5982c0af1f56: shutdown FollowerState
2019-10-21 23:03:27,053 [grpc-default-executor-8] INFO  impl.RaftServerImpl (RaftServerImpl.java:setRole(184)) - d10c8639-03b1-4f19-ac0f-6419d7578d59@group-C1C12825AC52: changes role from  FOLLOWER to FOLLOWER at term 88 for recognizeCandidate:1244ca21-2158-4cc7-9e07-ba347e145504
2019-10-21 23:03:27,053 [grpc-default-executor-8] INFO  impl.RoleInfo (RoleInfo.java:shutdownFollowerState(121)) - d10c8639-03b1-4f19-ac0f-6419d7578d59: shutdown FollowerState
2019-10-21 23:03:27,053 [Thread-10062] INFO  impl.FollowerState (FollowerState.java:run(117)) - 7c107f1d-8592-48e3-af71-5982c0af1f56@group-C1C12825AC52-FollowerState was interrupted: java.lang.InterruptedException: sleep interrupted
2019-10-21 23:03:27,054 [Thread-10063] INFO  impl.FollowerState (FollowerState.java:run(117)) - d10c8639-03b1-4f19-ac0f-6419d7578d59@group-C1C12825AC52-FollowerState was interrupted: java.lang.InterruptedException: sleep interrupted
2019-10-21 23:03:27,053 [grpc-default-executor-5] INFO  impl.RoleInfo (RoleInfo.java:updateAndGet(143)) - 7c107f1d-8592-48e3-af71-5982c0af1f56: start FollowerState
2019-10-21 23:03:27,053 [grpc-default-executor-8] INFO  impl.RoleInfo (RoleInfo.java:updateAndGet(143)) - d10c8639-03b1-4f19-ac0f-6419d7578d59: start FollowerState
2019-10-21 23:03:27,066 [1244ca21-2158-4cc7-9e07-ba347e145504@group-C1C12825AC52-LeaderElection1157] INFO  impl.LeaderElection (LeaderElection.java:logAndReturn(56)) - 1244ca21-2158-4cc7-9e07-ba347e145504@group-C1C12825AC52-LeaderElection1157: Election REJECTED; received 2 response(s) [1244ca21-2158-4cc7-9e07-ba347e145504<-7c107f1d-8592-48e3-af71-5982c0af1f56#0:FAIL-t88, 1244ca21-2158-4cc7-9e07-ba347e145504<-d10c8639-03b1-4f19-ac0f-6419d7578d59#0:FAIL-t88] and 0 exception(s); 1244ca21-2158-4cc7-9e07-ba347e145504@group-C1C12825AC52:t88, leader=null, voted=1244ca21-2158-4cc7-9e07-ba347e145504, raftlog=1244ca21-2158-4cc7-9e07-ba347e145504@group-C1C12825AC52-SegmentedRaftLog:OPENED:c-1,f-1,i0, conf=-1: [1244ca21-2158-4cc7-9e07-ba347e145504:192.168.69.118:43370, 7c107f1d-8592-48e3-af71-5982c0af1f56:192.168.69.118:36514, d10c8639-03b1-4f19-ac0f-6419d7578d59:192.168.69.118:37568], old=null
2019-10-21 23:03:27,066 [1244ca21-2158-4cc7-9e07-ba347e145504@group-C1C12825AC52-LeaderElection1157] INFO  impl.RaftServerImpl (RaftServerImpl.java:setRole(184)) - 1244ca21-2158-4cc7-9e07-ba347e145504@group-C1C12825AC52: changes role from CANDIDATE to FOLLOWER at term 88 for DISCOVERED_A_NEW_TERM
2019-10-21 23:03:27,066 [1244ca21-2158-4cc7-9e07-ba347e145504@group-C1C12825AC52-LeaderElection1157] INFO  impl.RoleInfo (RoleInfo.java:shutdownLeaderElection(134)) - 1244ca21-2158-4cc7-9e07-ba347e145504: shutdown LeaderElection
2019-10-21 23:03:27,066 [1244ca21-2158-4cc7-9e07-ba347e145504@group-C1C12825AC52-LeaderElection1157] INFO  impl.RoleInfo (RoleInfo.java:updateAndGet(143)) - 1244ca21-2158-4cc7-9e07-ba347e145504: start FollowerState
2019-10-21 23:03:27,247 [Thread-10070] INFO  impl.FollowerState (FollowerState.java:run(108)) - 1244ca21-2158-4cc7-9e07-ba347e145504@group-C1C12825AC52-FollowerState: change to CANDIDATE, lastRpcTime:180ms, electionTimeout:180ms
2019-10-21 23:03:27,247 [Thread-10070] INFO  impl.RoleInfo (RoleInfo.java:shutdownFollowerState(121)) - 1244ca21-2158-4cc7-9e07-ba347e145504: shutdown FollowerState
2019-10-21 23:03:27,247 [Thread-10070] INFO  impl.RaftServerImpl (RaftServerImpl.java:setRole(184)) - 1244ca21-2158-4cc7-9e07-ba347e145504@group-C1C12825AC52: changes role from  FOLLOWER to CANDIDATE at term 88 for changeToCandidate
2019-10-21 23:03:27,247 [Thread-10070] INFO  impl.RoleInfo (RoleInfo.java:updateAndGet(143)) - 1244ca21-2158-4cc7-9e07-ba347e145504: start LeaderElection
2019-10-21 23:03:27,261 [1244ca21-2158-4cc7-9e07-ba347e145504@group-C1C12825AC52-LeaderElection1158] INFO  impl.LeaderElection (LeaderElection.java:askForVotes(178)) - 1244ca21-2158-4cc7-9e07-ba347e145504@group-C1C12825AC52-LeaderElection1158: begin an election at term 89 for -1: [1244ca21-2158-4cc7-9e07-ba347e145504:192.168.69.118:43370, 7c107f1d-8592-48e3-af71-5982c0af1f56:192.168.69.118:36514, d10c8639-03b1-4f19-ac0f-6419d7578d59:192.168.69.118:37568], old=null
2019-10-21 23:03:27,262 [grpc-default-executor-5] INFO  impl.RaftServerImpl (RaftServerImpl.java:setRole(184)) - 7c107f1d-8592-48e3-af71-5982c0af1f56@group-C1C12825AC52: changes role from  FOLLOWER to FOLLOWER at term 89 for recognizeCandidate:1244ca21-2158-4cc7-9e07-ba347e145504
2019-10-21 23:03:27,262 [grpc-default-executor-5] INFO  impl.RoleInfo (RoleInfo.java:shutdownFollowerState(121)) - 7c107f1d-8592-48e3-af71-5982c0af1f56: shutdown FollowerState
2019-10-21 23:03:27,262 [grpc-default-executor-5] INFO  impl.RoleInfo (RoleInfo.java:updateAndGet(143)) - 7c107f1d-8592-48e3-af71-5982c0af1f56: start FollowerState
2019-10-21 23:03:27,262 [Thread-10068] INFO  impl.FollowerState (FollowerState.java:run(117)) - 7c107f1d-8592-48e3-af71-5982c0af1f56@group-C1C12825AC52-FollowerState was interrupted: java.lang.InterruptedException: sleep interrupted
2019-10-21 23:03:27,262 [grpc-default-executor-8] INFO  impl.RaftServerImpl (RaftServerImpl.java:setRole(184)) - d10c8639-03b1-4f19-ac0f-6419d7578d59@group-C1C12825AC52: changes role from  FOLLOWER to FOLLOWER at term 89 for recognizeCandidate:1244ca21-2158-4cc7-9e07-ba347e145504
2019-10-21 23:03:27,262 [grpc-default-executor-8] INFO  impl.RoleInfo (RoleInfo.java:shutdownFollowerState(121)) - d10c8639-03b1-4f19-ac0f-6419d7578d59: shutdown FollowerState
2019-10-21 23:03:27,262 [grpc-default-executor-8] INFO  impl.RoleInfo (RoleInfo.java:updateAndGet(143)) - d10c8639-03b1-4f19-ac0f-6419d7578d59: start FollowerState
2019-10-21 23:03:27,262 [Thread-10069] INFO  impl.FollowerState (FollowerState.java:run(117)) - d10c8639-03b1-4f19-ac0f-6419d7578d59@group-C1C12825AC52-FollowerState was interrupted: java.lang.InterruptedException: sleep interrupted
2019-10-21 23:03:27,276 [1244ca21-2158-4cc7-9e07-ba347e145504@group-C1C12825AC52-LeaderElection1158] INFO  impl.LeaderElection (LeaderElection.java:logAndReturn(56)) - 1244ca21-2158-4cc7-9e07-ba347e145504@group-C1C12825AC52-LeaderElection1158: Election REJECTED; received 2 response(s) [1244ca21-2158-4cc7-9e07-ba347e145504<-7c107f1d-8592-48e3-af71-5982c0af1f56#0:FAIL-t89, 1244ca21-2158-4cc7-9e07-ba347e145504<-d10c8639-03b1-4f19-ac0f-6419d7578d59#0:FAIL-t89] and 0 exception(s); 1244ca21-2158-4cc7-9e07-ba347e145504@group-C1C12825AC52:t89, leader=null, voted=1244ca21-2158-4cc7-9e07-ba347e145504, raftlog=1244ca21-2158-4cc7-9e07-ba347e145504@group-C1C12825AC52-SegmentedRaftLog:OPENED:c-1,f-1,i0, conf=-1: [1244ca21-2158-4cc7-9e07-ba347e145504:192.168.69.118:43370, 7c107f1d-8592-48e3-af71-5982c0af1f56:192.168.69.118:36514, d10c8639-03b1-4f19-ac0f-6419d7578d59:192.168.69.118:37568], old=null
2019-10-21 23:03:27,276 [1244ca21-2158-4cc7-9e07-ba347e145504@group-C1C12825AC52-LeaderElection1158] INFO  impl.RaftServerImpl (RaftServerImpl.java:setRole(184)) - 1244ca21-2158-4cc7-9e07-ba347e145504@group-C1C12825AC52: changes role from CANDIDATE to FOLLOWER at term 89 for DISCOVERED_A_NEW_TERM
2019-10-21 23:03:27,276 [1244ca21-2158-4cc7-9e07-ba347e145504@group-C1C12825AC52-LeaderElection1158] INFO  impl.RoleInfo (RoleInfo.java:shutdownLeaderElection(134)) - 1244ca21-2158-4cc7-9e07-ba347e145504: shutdown LeaderElection
2019-10-21 23:03:27,276 [1244ca21-2158-4cc7-9e07-ba347e145504@group-C1C12825AC52-LeaderElection1158] INFO  impl.RoleInfo (RoleInfo.java:updateAndGet(143)) - 1244ca21-2158-4cc7-9e07-ba347e145504: start FollowerState
2019-10-21 23:03:27,313 [Thread-10080] INFO  impl.FollowerState (FollowerState.java:run(108)) - 1244ca21-2158-4cc7-9e07-ba347e145504@group-C1C12825AC52-FollowerState: change to CANDIDATE, lastRpcTime:36ms, electionTimeout:36ms
2019-10-21 23:03:27,313 [Thread-10080] INFO  impl.RoleInfo (RoleInfo.java:shutdownFollowerState(121)) - 1244ca21-2158-4cc7-9e07-ba347e145504: shutdown FollowerState
2019-10-21 23:03:27,313 [Thread-10080] INFO  impl.RaftServerImpl (RaftServerImpl.java:setRole(184)) - 1244ca21-2158-4cc7-9e07-ba347e145504@group-C1C12825AC52: changes role from  FOLLOWER to CANDIDATE at term 89 for changeToCandidate
2019-10-21 23:03:27,313 [Thread-10080] INFO  impl.RoleInfo (RoleInfo.java:updateAndGet(143)) - 1244ca21-2158-4cc7-9e07-ba347e145504: start LeaderElection
2019-10-21 23:03:27,327 [1244ca21-2158-4cc7-9e07-ba347e145504@group-C1C12825AC52-LeaderElection1159] INFO  impl.LeaderElection (LeaderElection.java:askForVotes(178)) - 1244ca21-2158-4cc7-9e07-ba347e145504@group-C1C12825AC52-LeaderElection1159: begin an election at term 90 for -1: [1244ca21-2158-4cc7-9e07-ba347e145504:192.168.69.118:43370, 7c107f1d-8592-48e3-af71-5982c0af1f56:192.168.69.118:36514, d10c8639-03b1-4f19-ac0f-6419d7578d59:192.168.69.118:37568], old=null
2019-10-21 23:03:27,327 [grpc-default-executor-8] INFO  impl.RaftServerImpl (RaftServerImpl.java:setRole(184)) - 7c107f1d-8592-48e3-af71-5982c0af1f56@group-C1C12825AC52: changes role from  FOLLOWER to FOLLOWER at term 90 for recognizeCandidate:1244ca21-2158-4cc7-9e07-ba347e145504
2019-10-21 23:03:27,327 [grpc-default-executor-8] INFO  impl.RoleInfo (RoleInfo.java:shutdownFollowerState(121)) - 7c107f1d-8592-48e3-af71-5982c0af1f56: shutdown FollowerState
2019-10-21 23:03:27,327 [grpc-default-executor-8] INFO  impl.RoleInfo (RoleInfo.java:updateAndGet(143)) - 7c107f1d-8592-48e3-af71-5982c0af1f56: start FollowerState
2019-10-21 23:03:27,328 [Thread-10078] INFO  impl.FollowerState (FollowerState.java:run(117)) - 7c107f1d-8592-48e3-af71-5982c0af1f56@group-C1C12825AC52-FollowerState was interrupted: java.lang.InterruptedException: sleep interrupted
2019-10-21 23:03:27,328 [grpc-default-executor-5] INFO  impl.RaftServerImpl (RaftServerImpl.java:setRole(184)) - d10c8639-03b1-4f19-ac0f-6419d7578d59@group-C1C12825AC52: changes role from  FOLLOWER to FOLLOWER at term 90 for recognizeCandidate:1244ca21-2158-4cc7-9e07-ba347e145504
2019-10-21 23:03:27,328 [grpc-default-executor-5] INFO  impl.RoleInfo (RoleInfo.java:shutdownFollowerState(121)) - d10c8639-03b1-4f19-ac0f-6419d7578d59: shutdown FollowerState
2019-10-21 23:03:27,328 [grpc-default-executor-5] INFO  impl.RoleInfo (RoleInfo.java:updateAndGet(143)) - d10c8639-03b1-4f19-ac0f-6419d7578d59: start FollowerState
2019-10-21 23:03:27,328 [Thread-10079] INFO  impl.FollowerState (FollowerState.java:run(117)) - d10c8639-03b1-4f19-ac0f-6419d7578d59@group-C1C12825AC52-FollowerState was interrupted: java.lang.InterruptedException: sleep interrupted
2019-10-21 23:03:27,342 [1244ca21-2158-4cc7-9e07-ba347e145504@group-C1C12825AC52-LeaderElection1159] INFO  impl.LeaderElection (LeaderElection.java:logAndReturn(56)) - 1244ca21-2158-4cc7-9e07-ba347e145504@group-C1C12825AC52-LeaderElection1159: Election REJECTED; received 2 response(s) [1244ca21-2158-4cc7-9e07-ba347e145504<-7c107f1d-8592-48e3-af71-5982c0af1f56#0:FAIL-t90, 1244ca21-2158-4cc7-9e07-ba347e145504<-d10c8639-03b1-4f19-ac0f-6419d7578d59#0:FAIL-t90] and 0 exception(s); 1244ca21-2158-4cc7-9e07-ba347e145504@group-C1C12825AC52:t90, leader=null, voted=1244ca21-2158-4cc7-9e07-ba347e145504, raftlog=1244ca21-2158-4cc7-9e07-ba347e145504@group-C1C12825AC52-SegmentedRaftLog:OPENED:c-1,f-1,i0, conf=-1: [1244ca21-2158-4cc7-9e07-ba347e145504:192.168.69.118:43370, 7c107f1d-8592-48e3-af71-5982c0af1f56:192.168.69.118:36514, d10c8639-03b1-4f19-ac0f-6419d7578d59:192.168.69.118:37568], old=null
2019-10-21 23:03:27,342 [1244ca21-2158-4cc7-9e07-ba347e145504@group-C1C12825AC52-LeaderElection1159] INFO  impl.RaftServerImpl (RaftServerImpl.java:setRole(184)) - 1244ca21-2158-4cc7-9e07-ba347e145504@group-C1C12825AC52: changes role from CANDIDATE to FOLLOWER at term 90 for DISCOVERED_A_NEW_TERM
2019-10-21 23:03:27,342 [1244ca21-2158-4cc7-9e07-ba347e145504@group-C1C12825AC52-LeaderElection1159] INFO  impl.RoleInfo (RoleInfo.java:shutdownLeaderElection(134)) - 1244ca21-2158-4cc7-9e07-ba347e145504: shutdown LeaderElection
2019-10-21 23:03:27,342 [1244ca21-2158-4cc7-9e07-ba347e145504@group-C1C12825AC52-LeaderElection1159] INFO  impl.RoleInfo (RoleInfo.java:updateAndGet(143)) - 1244ca21-2158-4cc7-9e07-ba347e145504: start FollowerState
2019-10-21 23:03:27,427 [main] WARN  io.KeyOutputStream (KeyOutputStream.java:handleException(274)) - Encountered exception java.io.IOException: Unexpected Storage Container Exception: java.util.concurrent.CompletionException: java.util.concurrent.CompletionException: org.apache.ratis.protocol.RaftRetryFailureException: Failed RaftClientRequest:client-40BB1DF6BEF7->1244ca21-2158-4cc7-9e07-ba347e145504@group-C1C12825AC52, cid=127, seq=1*, RW, cmdType: WriteChunk
traceID: "ea027957a9919783:ea027957a9919783:0:0"
containerID: 1
datanodeUuid: "d10c8639-03b1-4f19-ac0f-6419d7578d59"
writeChunk {
  blockID {
    containerID: 1
    localID: 103002865544200206
    blockCommitSequenceId: 0
  }
  chunkData {
    chunkName: "103002865544200206_chunk_1"
    offset: 0
    len: 1048576
    checksumData {
      type: CRC32
      bytesPerChecksum: 1048576
      checksums: "H\227U\032"
    }
  }
}
, data.size=1048576 for 10 attempts with RetryLimited(maxAttempts=10, sleepTime=1000ms) on the pipeline Pipeline[ Id: d799179c-eb37-40a5-b454-c1c12825ac52, Nodes: d10c8639-03b1-4f19-ac0f-6419d7578d59{ip: 192.168.69.118, host: pr-hdds-2131-w2fms-3313293055, networkLocation: /rack1, certSerialId: null}7c107f1d-8592-48e3-af71-5982c0af1f56{ip: 192.168.69.118, host: pr-hdds-2131-w2fms-3313293055, networkLocation: /rack1, certSerialId: null}1244ca21-2158-4cc7-9e07-ba347e145504{ip: 192.168.69.118, host: pr-hdds-2131-w2fms-3313293055, networkLocation: /rack1, certSerialId: null}, Type:RATIS, Factor:THREE, State:OPEN]. The last committed block length is 0, uncommitted data length is 1048576 retry count 0
2019-10-21 23:03:27,475 [Thread-10086] INFO  impl.FollowerState (FollowerState.java:run(108)) - 1244ca21-2158-4cc7-9e07-ba347e145504@group-C1C12825AC52-FollowerState: change to CANDIDATE, lastRpcTime:133ms, electionTimeout:133ms
2019-10-21 23:03:27,475 [Thread-10086] INFO  impl.RoleInfo (RoleInfo.java:shutdownFollowerState(121)) - 1244ca21-2158-4cc7-9e07-ba347e145504: shutdown FollowerState
2019-10-21 23:03:27,475 [Thread-10086] INFO  impl.RaftServerImpl (RaftServerImpl.java:setRole(184)) - 1244ca21-2158-4cc7-9e07-ba347e145504@group-C1C12825AC52: changes role from  FOLLOWER to CANDIDATE at term 90 for changeToCandidate
2019-10-21 23:03:27,475 [Thread-10086] INFO  impl.RoleInfo (RoleInfo.java:updateAndGet(143)) - 1244ca21-2158-4cc7-9e07-ba347e145504: start LeaderElection
2019-10-21 23:03:27,504 [1244ca21-2158-4cc7-9e07-ba347e145504@group-C1C12825AC52-LeaderElection1160] INFO  impl.LeaderElection (LeaderElection.java:askForVotes(178)) - 1244ca21-2158-4cc7-9e07-ba347e145504@group-C1C12825AC52-LeaderElection1160: begin an election at term 91 for -1: [1244ca21-2158-4cc7-9e07-ba347e145504:192.168.69.118:43370, 7c107f1d-8592-48e3-af71-5982c0af1f56:192.168.69.118:36514, d10c8639-03b1-4f19-ac0f-6419d7578d59:192.168.69.118:37568], old=null
2019-10-21 23:03:27,505 [grpc-default-executor-8] INFO  impl.RaftServerImpl (RaftServerImpl.java:setRole(184)) - 7c107f1d-8592-48e3-af71-5982c0af1f56@group-C1C12825AC52: changes role from  FOLLOWER to FOLLOWER at term 91 for recognizeCandidate:1244ca21-2158-4cc7-9e07-ba347e145504
2019-10-21 23:03:27,506 [grpc-default-executor-8] INFO  impl.RoleInfo (RoleInfo.java:shutdownFollowerState(121)) - 7c107f1d-8592-48e3-af71-5982c0af1f56: shutdown FollowerState
2019-10-21 23:03:27,506 [grpc-default-executor-5] INFO  impl.RaftServerImpl (RaftServerImpl.java:setRole(184)) - d10c8639-03b1-4f19-ac0f-6419d7578d59@group-C1C12825AC52: changes role from  FOLLOWER to FOLLOWER at term 91 for recognizeCandidate:1244ca21-2158-4cc7-9e07-ba347e145504
2019-10-21 23:03:27,506 [grpc-default-executor-5] INFO  impl.RoleInfo (RoleInfo.java:shutdownFollowerState(121)) - d10c8639-03b1-4f19-ac0f-6419d7578d59: shutdown FollowerState
2019-10-21 23:03:27,506 [Thread-10084] INFO  impl.FollowerState (FollowerState.java:run(117)) - 7c107f1d-8592-48e3-af71-5982c0af1f56@group-C1C12825AC52-FollowerState was interrupted: java.lang.InterruptedException: sleep interrupted
2019-10-21 23:03:27,506 [grpc-default-executor-8] INFO  impl.RoleInfo (RoleInfo.java:updateAndGet(143)) - 7c107f1d-8592-48e3-af71-5982c0af1f56: start FollowerState
2019-10-21 23:03:27,506 [Thread-10085] INFO  impl.FollowerState (FollowerState.java:run(117)) - d10c8639-03b1-4f19-ac0f-6419d7578d59@group-C1C12825AC52-FollowerState was interrupted: java.lang.InterruptedException: sleep interrupted
2019-10-21 23:03:27,506 [grpc-default-executor-5] INFO  impl.RoleInfo (RoleInfo.java:updateAndGet(143)) - d10c8639-03b1-4f19-ac0f-6419d7578d59: start FollowerState
2019-10-21 23:03:27,545 [1244ca21-2158-4cc7-9e07-ba347e145504@group-C1C12825AC52-LeaderElection1160] INFO  impl.LeaderElection (LeaderElection.java:logAndReturn(56)) - 1244ca21-2158-4cc7-9e07-ba347e145504@group-C1C12825AC52-LeaderElection1160: Election REJECTED; received 2 response(s) [1244ca21-2158-4cc7-9e07-ba347e145504<-7c107f1d-8592-48e3-af71-5982c0af1f56#0:FAIL-t91, 1244ca21-2158-4cc7-9e07-ba347e145504<-d10c8639-03b1-4f19-ac0f-6419d7578d59#0:FAIL-t91] and 0 exception(s); 1244ca21-2158-4cc7-9e07-ba347e145504@group-C1C12825AC52:t91, leader=null, voted=1244ca21-2158-4cc7-9e07-ba347e145504, raftlog=1244ca21-2158-4cc7-9e07-ba347e145504@group-C1C12825AC52-SegmentedRaftLog:OPENED:c-1,f-1,i0, conf=-1: [1244ca21-2158-4cc7-9e07-ba347e145504:192.168.69.118:43370, 7c107f1d-8592-48e3-af71-5982c0af1f56:192.168.69.118:36514, d10c8639-03b1-4f19-ac0f-6419d7578d59:192.168.69.118:37568], old=null
2019-10-21 23:03:27,545 [1244ca21-2158-4cc7-9e07-ba347e145504@group-C1C12825AC52-LeaderElection1160] INFO  impl.RaftServerImpl (RaftServerImpl.java:setRole(184)) - 1244ca21-2158-4cc7-9e07-ba347e145504@group-C1C12825AC52: changes role from CANDIDATE to FOLLOWER at term 91 for DISCOVERED_A_NEW_TERM
2019-10-21 23:03:27,545 [1244ca21-2158-4cc7-9e07-ba347e145504@group-C1C12825AC52-LeaderElection1160] INFO  impl.RoleInfo (RoleInfo.java:shutdownLeaderElection(134)) - 1244ca21-2158-4cc7-9e07-ba347e145504: shutdown LeaderElection
2019-10-21 23:03:27,545 [1244ca21-2158-4cc7-9e07-ba347e145504@group-C1C12825AC52-LeaderElection1160] INFO  impl.RoleInfo (RoleInfo.java:updateAndGet(143)) - 1244ca21-2158-4cc7-9e07-ba347e145504: start FollowerState
2019-10-21 23:03:27,602 [Thread-10095] INFO  impl.FollowerState (FollowerState.java:run(108)) - 1244ca21-2158-4cc7-9e07-ba347e145504@group-C1C12825AC52-FollowerState: change to CANDIDATE, lastRpcTime:56ms, electionTimeout:54ms
2019-10-21 23:03:27,602 [Thread-10095] INFO  impl.RoleInfo (RoleInfo.java:shutdownFollowerState(121)) - 1244ca21-2158-4cc7-9e07-ba347e145504: shutdown FollowerState
2019-10-21 23:03:27,602 [Thread-10095] INFO  impl.RaftServerImpl (RaftServerImpl.java:setRole(184)) - 1244ca21-2158-4cc7-9e07-ba347e145504@group-C1C12825AC52: changes role from  FOLLOWER to CANDIDATE at term 91 for changeToCandidate
2019-10-21 23:03:27,602 [Thread-10095] INFO  impl.RoleInfo (RoleInfo.java:updateAndGet(143)) - 1244ca21-2158-4cc7-9e07-ba347e145504: start LeaderElection
2019-10-21 23:03:27,624 [1244ca21-2158-4cc7-9e07-ba347e145504@group-C1C12825AC52-LeaderElection1161] INFO  impl.LeaderElection (LeaderElection.java:askForVotes(178)) - 1244ca21-2158-4cc7-9e07-ba347e145504@group-C1C12825AC52-LeaderElection1161: begin an election at term 92 for -1: [1244ca21-2158-4cc7-9e07-ba347e145504:192.168.69.118:43370, 7c107f1d-8592-48e3-af71-5982c0af1f56:192.168.69.118:36514, d10c8639-03b1-4f19-ac0f-6419d7578d59:192.168.69.118:37568], old=null
2019-10-21 23:03:27,638 [grpc-default-executor-8] INFO  impl.RaftServerImpl (RaftServerImpl.java:setRole(184)) - 7c107f1d-8592-48e3-af71-5982c0af1f56@group-C1C12825AC52: changes role from  FOLLOWER to FOLLOWER at term 92 for recognizeCandidate:1244ca21-2158-4cc7-9e07-ba347e145504
2019-10-21 23:03:27,639 [grpc-default-executor-8] INFO  impl.RoleInfo (RoleInfo.java:shutdownFollowerState(121)) - 7c107f1d-8592-48e3-af71-5982c0af1f56: shutdown FollowerState
2019-10-21 23:03:27,639 [grpc-default-executor-8] INFO  impl.RoleInfo (RoleInfo.java:updateAndGet(143)) - 7c107f1d-8592-48e3-af71-5982c0af1f56: start FollowerState
2019-10-21 23:03:27,639 [Thread-10093] INFO  impl.FollowerState (FollowerState.java:run(117)) - 7c107f1d-8592-48e3-af71-5982c0af1f56@group-C1C12825AC52-FollowerState was interrupted: java.lang.InterruptedException: sleep interrupted
2019-10-21 23:03:27,640 [grpc-default-executor-0] INFO  impl.RaftServerImpl (RaftServerImpl.java:setRole(184)) - d10c8639-03b1-4f19-ac0f-6419d7578d59@group-C1C12825AC52: changes role from  FOLLOWER to FOLLOWER at term 92 for recognizeCandidate:1244ca21-2158-4cc7-9e07-ba347e145504
2019-10-21 23:03:27,640 [grpc-default-executor-0] INFO  impl.RoleInfo (RoleInfo.java:shutdownFollowerState(121)) - d10c8639-03b1-4f19-ac0f-6419d7578d59: shutdown FollowerState
2019-10-21 23:03:27,640 [grpc-default-executor-0] INFO  impl.RoleInfo (RoleInfo.java:updateAndGet(143)) - d10c8639-03b1-4f19-ac0f-6419d7578d59: start FollowerState
2019-10-21 23:03:27,640 [Thread-10094] INFO  impl.FollowerState (FollowerState.java:run(117)) - d10c8639-03b1-4f19-ac0f-6419d7578d59@group-C1C12825AC52-FollowerState was interrupted: java.lang.InterruptedException: sleep interrupted
2019-10-21 23:03:27,668 [1244ca21-2158-4cc7-9e07-ba347e145504@group-C1C12825AC52-LeaderElection1161] INFO  impl.LeaderElection (LeaderElection.java:logAndReturn(56)) - 1244ca21-2158-4cc7-9e07-ba347e145504@group-C1C12825AC52-LeaderElection1161: Election REJECTED; received 2 response(s) [1244ca21-2158-4cc7-9e07-ba347e145504<-7c107f1d-8592-48e3-af71-5982c0af1f56#0:FAIL-t92, 1244ca21-2158-4cc7-9e07-ba347e145504<-d10c8639-03b1-4f19-ac0f-6419d7578d59#0:FAIL-t92] and 0 exception(s); 1244ca21-2158-4cc7-9e07-ba347e145504@group-C1C12825AC52:t92, leader=null, voted=1244ca21-2158-4cc7-9e07-ba347e145504, raftlog=1244ca21-2158-4cc7-9e07-ba347e145504@group-C1C12825AC52-SegmentedRaftLog:OPENED:c-1,f-1,i0, conf=-1: [1244ca21-2158-4cc7-9e07-ba347e145504:192.168.69.118:43370, 7c107f1d-8592-48e3-af71-5982c0af1f56:192.168.69.118:36514, d10c8639-03b1-4f19-ac0f-6419d7578d59:192.168.69.118:37568], old=null
2019-10-21 23:03:27,668 [1244ca21-2158-4cc7-9e07-ba347e145504@group-C1C12825AC52-LeaderElection1161] INFO  impl.RaftServerImpl (RaftServerImpl.java:setRole(184)) - 1244ca21-2158-4cc7-9e07-ba347e145504@group-C1C12825AC52: changes role from CANDIDATE to FOLLOWER at term 92 for DISCOVERED_A_NEW_TERM
2019-10-21 23:03:27,668 [1244ca21-2158-4cc7-9e07-ba347e145504@group-C1C12825AC52-LeaderElection1161] INFO  impl.RoleInfo (RoleInfo.java:shutdownLeaderElection(134)) - 1244ca21-2158-4cc7-9e07-ba347e145504: shutdown LeaderElection
2019-10-21 23:03:27,668 [1244ca21-2158-4cc7-9e07-ba347e145504@group-C1C12825AC52-LeaderElection1161] INFO  impl.RoleInfo (RoleInfo.java:updateAndGet(143)) - 1244ca21-2158-4cc7-9e07-ba347e145504: start FollowerState
2019-10-21 23:03:27,675 [Thread-10116] INFO  impl.FollowerState (FollowerState.java:run(108)) - 1244ca21-2158-4cc7-9e07-ba347e145504@group-C1C12825AC52-FollowerState: change to CANDIDATE, lastRpcTime:6ms, electionTimeout:6ms
2019-10-21 23:03:27,675 [Thread-10116] INFO  impl.RoleInfo (RoleInfo.java:shutdownFollowerState(121)) - 1244ca21-2158-4cc7-9e07-ba347e145504: shutdown FollowerState
2019-10-21 23:03:27,675 [Thread-10116] INFO  impl.RaftServerImpl (RaftServerImpl.java:setRole(184)) - 1244ca21-2158-4cc7-9e07-ba347e145504@group-C1C12825AC52: changes role from  FOLLOWER to CANDIDATE at term 92 for changeToCandidate
2019-10-21 23:03:27,675 [Thread-10116] INFO  impl.RoleInfo (RoleInfo.java:updateAndGet(143)) - 1244ca21-2158-4cc7-9e07-ba347e145504: start LeaderElection
2019-10-21 23:03:27,681 [1244ca21-2158-4cc7-9e07-ba347e145504@group-C1C12825AC52-LeaderElection1162] INFO  impl.LeaderElection (LeaderElection.java:askForVotes(178)) - 1244ca21-2158-4cc7-9e07-ba347e145504@group-C1C12825AC52-LeaderElection1162: begin an election at term 93 for -1: [1244ca21-2158-4cc7-9e07-ba347e145504:192.168.69.118:43370, 7c107f1d-8592-48e3-af71-5982c0af1f56:192.168.69.118:36514, d10c8639-03b1-4f19-ac0f-6419d7578d59:192.168.69.118:37568], old=null
2019-10-21 23:03:27,682 [grpc-default-executor-0] INFO  impl.RaftServerImpl (RaftServerImpl.java:setRole(184)) - 7c107f1d-8592-48e3-af71-5982c0af1f56@group-C1C12825AC52: changes role from  FOLLOWER to FOLLOWER at term 93 for recognizeCandidate:1244ca21-2158-4cc7-9e07-ba347e145504
2019-10-21 23:03:27,682 [grpc-default-executor-0] INFO  impl.RoleInfo (RoleInfo.java:shutdownFollowerState(121)) - 7c107f1d-8592-48e3-af71-5982c0af1f56: shutdown FollowerState
2019-10-21 23:03:27,682 [grpc-default-executor-8] INFO  impl.RaftServerImpl (RaftServerImpl.java:setRole(184)) - d10c8639-03b1-4f19-ac0f-6419d7578d59@group-C1C12825AC52: changes role from  FOLLOWER to FOLLOWER at term 93 for recognizeCandidate:1244ca21-2158-4cc7-9e07-ba347e145504
2019-10-21 23:03:27,682 [grpc-default-executor-8] INFO  impl.RoleInfo (RoleInfo.java:shutdownFollowerState(121)) - d10c8639-03b1-4f19-ac0f-6419d7578d59: shutdown FollowerState
2019-10-21 23:03:27,682 [Thread-10110] INFO  impl.FollowerState (FollowerState.java:run(117)) - 7c107f1d-8592-48e3-af71-5982c0af1f56@group-C1C12825AC52-FollowerState was interrupted: java.lang.InterruptedException: sleep interrupted
2019-10-21 23:03:27,682 [grpc-default-executor-0] INFO  impl.RoleInfo (RoleInfo.java:updateAndGet(143)) - 7c107f1d-8592-48e3-af71-5982c0af1f56: start FollowerState
2019-10-21 23:03:27,682 [Thread-10111] INFO  impl.FollowerState (FollowerState.java:run(117)) - d10c8639-03b1-4f19-ac0f-6419d7578d59@group-C1C12825AC52-FollowerState was interrupted: java.lang.InterruptedException: sleep interrupted
2019-10-21 23:03:27,682 [grpc-default-executor-8] INFO  impl.RoleInfo (RoleInfo.java:updateAndGet(143)) - d10c8639-03b1-4f19-ac0f-6419d7578d59: start FollowerState
2019-10-21 23:03:27,706 [1244ca21-2158-4cc7-9e07-ba347e145504@group-C1C12825AC52-LeaderElection1162] INFO  impl.LeaderElection (LeaderElection.java:logAndReturn(56)) - 1244ca21-2158-4cc7-9e07-ba347e145504@group-C1C12825AC52-LeaderElection1162: Election REJECTED; received 2 response(s) [1244ca21-2158-4cc7-9e07-ba347e145504<-7c107f1d-8592-48e3-af71-5982c0af1f56#0:FAIL-t93, 1244ca21-2158-4cc7-9e07-ba347e145504<-d10c8639-03b1-4f19-ac0f-6419d7578d59#0:FAIL-t93] and 0 exception(s); 1244ca21-2158-4cc7-9e07-ba347e145504@group-C1C12825AC52:t93, leader=null, voted=1244ca21-2158-4cc7-9e07-ba347e145504, raftlog=1244ca21-2158-4cc7-9e07-ba347e145504@group-C1C12825AC52-SegmentedRaftLog:OPENED:c-1,f-1,i0, conf=-1: [1244ca21-2158-4cc7-9e07-ba347e145504:192.168.69.118:43370, 7c107f1d-8592-48e3-af71-5982c0af1f56:192.168.69.118:36514, d10c8639-03b1-4f19-ac0f-6419d7578d59:192.168.69.118:37568], old=null
2019-10-21 23:03:27,706 [1244ca21-2158-4cc7-9e07-ba347e145504@group-C1C12825AC52-LeaderElection1162] INFO  impl.RaftServerImpl (RaftServerImpl.java:setRole(184)) - 1244ca21-2158-4cc7-9e07-ba347e145504@group-C1C12825AC52: changes role from CANDIDATE to FOLLOWER at term 93 for DISCOVERED_A_NEW_TERM
2019-10-21 23:03:27,707 [1244ca21-2158-4cc7-9e07-ba347e145504@group-C1C12825AC52-LeaderElection1162] INFO  impl.RoleInfo (RoleInfo.java:shutdownLeaderElection(134)) - 1244ca21-2158-4cc7-9e07-ba347e145504: shutdown LeaderElection
2019-10-21 23:03:27,707 [1244ca21-2158-4cc7-9e07-ba347e145504@group-C1C12825AC52-LeaderElection1162] INFO  impl.RoleInfo (RoleInfo.java:updateAndGet(143)) - 1244ca21-2158-4cc7-9e07-ba347e145504: start FollowerState
2019-10-21 23:03:27,886 [Thread-10122] INFO  impl.FollowerState (FollowerState.java:run(108)) - 1244ca21-2158-4cc7-9e07-ba347e145504@group-C1C12825AC52-FollowerState: change to CANDIDATE, lastRpcTime:179ms, electionTimeout:179ms
2019-10-21 23:03:27,886 [Thread-10122] INFO  impl.RoleInfo (RoleInfo.java:shutdownFollowerState(121)) - 1244ca21-2158-4cc7-9e07-ba347e145504: shutdown FollowerState
2019-10-21 23:03:27,886 [Thread-10122] INFO  impl.RaftServerImpl (RaftServerImpl.java:setRole(184)) - 1244ca21-2158-4cc7-9e07-ba347e145504@group-C1C12825AC52: changes role from  FOLLOWER to CANDIDATE at term 93 for changeToCandidate
2019-10-21 23:03:27,886 [Thread-10122] INFO  impl.RoleInfo (RoleInfo.java:updateAndGet(143)) - 1244ca21-2158-4cc7-9e07-ba347e145504: start LeaderElection
2019-10-21 23:03:27,901 [1244ca21-2158-4cc7-9e07-ba347e145504@group-C1C12825AC52-LeaderElection1163] INFO  impl.LeaderElection (LeaderElection.java:askForVotes(178)) - 1244ca21-2158-4cc7-9e07-ba347e145504@group-C1C12825AC52-LeaderElection1163: begin an election at term 94 for -1: [1244ca21-2158-4cc7-9e07-ba347e145504:192.168.69.118:43370, 7c107f1d-8592-48e3-af71-5982c0af1f56:192.168.69.118:36514, d10c8639-03b1-4f19-ac0f-6419d7578d59:192.168.69.118:37568], old=null
2019-10-21 23:03:27,903 [grpc-default-executor-0] INFO  impl.RaftServerImpl (RaftServerImpl.java:setRole(184)) - 7c107f1d-8592-48e3-af71-5982c0af1f56@group-C1C12825AC52: changes role from  FOLLOWER to FOLLOWER at term 94 for recognizeCandidate:1244ca21-2158-4cc7-9e07-ba347e145504
2019-10-21 23:03:27,903 [grpc-default-executor-0] INFO  impl.RoleInfo (RoleInfo.java:shutdownFollowerState(121)) - 7c107f1d-8592-48e3-af71-5982c0af1f56: shutdown FollowerState
2019-10-21 23:03:27,904 [grpc-default-executor-0] INFO  impl.RoleInfo (RoleInfo.java:updateAndGet(143)) - 7c107f1d-8592-48e3-af71-5982c0af1f56: start FollowerState
2019-10-21 23:03:27,904 [Thread-10120] INFO  impl.FollowerState (FollowerState.java:run(117)) - 7c107f1d-8592-48e3-af71-5982c0af1f56@group-C1C12825AC52-FollowerState was interrupted: java.lang.InterruptedException: sleep interrupted
2019-10-21 23:03:27,904 [grpc-default-executor-8] INFO  impl.RaftServerImpl (RaftServerImpl.java:setRole(184)) - d10c8639-03b1-4f19-ac0f-6419d7578d59@group-C1C12825AC52: changes role from  FOLLOWER to FOLLOWER at term 94 for recognizeCandidate:1244ca21-2158-4cc7-9e07-ba347e145504
2019-10-21 23:03:27,904 [grpc-default-executor-8] INFO  impl.RoleInfo (RoleInfo.java:shutdownFollowerState(121)) - d10c8639-03b1-4f19-ac0f-6419d7578d59: shutdown FollowerState
2019-10-21 23:03:27,904 [grpc-default-executor-8] INFO  impl.RoleInfo (RoleInfo.java:updateAndGet(143)) - d10c8639-03b1-4f19-ac0f-6419d7578d59: start FollowerState
2019-10-21 23:03:27,904 [Thread-10121] INFO  impl.FollowerState (FollowerState.java:run(117)) - d10c8639-03b1-4f19-ac0f-6419d7578d59@group-C1C12825AC52-FollowerState was interrupted: java.lang.InterruptedException: sleep interrupted
2019-10-21 23:03:27,918 [1244ca21-2158-4cc7-9e07-ba347e145504@group-C1C12825AC52-LeaderElection1163] INFO  impl.LeaderElection (LeaderElection.java:logAndReturn(56)) - 1244ca21-2158-4cc7-9e07-ba347e145504@group-C1C12825AC52-LeaderElection1163: Election REJECTED; received 2 response(s) [1244ca21-2158-4cc7-9e07-ba347e145504<-7c107f1d-8592-48e3-af71-5982c0af1f56#0:FAIL-t94, 1244ca21-2158-4cc7-9e07-ba347e145504<-d10c8639-03b1-4f19-ac0f-6419d7578d59#0:FAIL-t94] and 0 exception(s); 1244ca21-2158-4cc7-9e07-ba347e145504@group-C1C12825AC52:t94, leader=null, voted=1244ca21-2158-4cc7-9e07-ba347e145504, raftlog=1244ca21-2158-4cc7-9e07-ba347e145504@group-C1C12825AC52-SegmentedRaftLog:OPENED:c-1,f-1,i0, conf=-1: [1244ca21-2158-4cc7-9e07-ba347e145504:192.168.69.118:43370, 7c107f1d-8592-48e3-af71-5982c0af1f56:192.168.69.118:36514, d10c8639-03b1-4f19-ac0f-6419d7578d59:192.168.69.118:37568], old=null
2019-10-21 23:03:27,918 [1244ca21-2158-4cc7-9e07-ba347e145504@group-C1C12825AC52-LeaderElection1163] INFO  impl.RaftServerImpl (RaftServerImpl.java:setRole(184)) - 1244ca21-2158-4cc7-9e07-ba347e145504@group-C1C12825AC52: changes role from CANDIDATE to FOLLOWER at term 94 for DISCOVERED_A_NEW_TERM
2019-10-21 23:03:27,918 [1244ca21-2158-4cc7-9e07-ba347e145504@group-C1C12825AC52-LeaderElection1163] INFO  impl.RoleInfo (RoleInfo.java:shutdownLeaderElection(134)) - 1244ca21-2158-4cc7-9e07-ba347e145504: shutdown LeaderElection
2019-10-21 23:03:27,918 [1244ca21-2158-4cc7-9e07-ba347e145504@group-C1C12825AC52-LeaderElection1163] INFO  impl.RoleInfo (RoleInfo.java:updateAndGet(143)) - 1244ca21-2158-4cc7-9e07-ba347e145504: start FollowerState
2019-10-21 23:03:28,089 [Thread-10129] INFO  impl.FollowerState (FollowerState.java:run(108)) - 1244ca21-2158-4cc7-9e07-ba347e145504@group-C1C12825AC52-FollowerState: change to CANDIDATE, lastRpcTime:171ms, electionTimeout:171ms
2019-10-21 23:03:28,090 [Thread-10129] INFO  impl.RoleInfo (RoleInfo.java:shutdownFollowerState(121)) - 1244ca21-2158-4cc7-9e07-ba347e145504: shutdown FollowerState
2019-10-21 23:03:28,090 [Thread-10129] INFO  impl.RaftServerImpl (RaftServerImpl.java:setRole(184)) - 1244ca21-2158-4cc7-9e07-ba347e145504@group-C1C12825AC52: changes role from  FOLLOWER to CANDIDATE at term 94 for changeToCandidate
2019-10-21 23:03:28,090 [Thread-10129] INFO  impl.RoleInfo (RoleInfo.java:updateAndGet(143)) - 1244ca21-2158-4cc7-9e07-ba347e145504: start LeaderElection
2019-10-21 23:03:28,099 [1244ca21-2158-4cc7-9e07-ba347e145504@group-C1C12825AC52-LeaderElection1164] INFO  impl.LeaderElection (LeaderElection.java:askForVotes(178)) - 1244ca21-2158-4cc7-9e07-ba347e145504@group-C1C12825AC52-LeaderElection1164: begin an election at term 95 for -1: [1244ca21-2158-4cc7-9e07-ba347e145504:192.168.69.118:43370, 7c107f1d-8592-48e3-af71-5982c0af1f56:192.168.69.118:36514, d10c8639-03b1-4f19-ac0f-6419d7578d59:192.168.69.118:37568], old=null
2019-10-21 23:03:28,101 [grpc-default-executor-0] INFO  impl.RaftServerImpl (RaftServerImpl.java:setRole(184)) - d10c8639-03b1-4f19-ac0f-6419d7578d59@group-C1C12825AC52: changes role from  FOLLOWER to FOLLOWER at term 95 for recognizeCandidate:1244ca21-2158-4cc7-9e07-ba347e145504
2019-10-21 23:03:28,101 [grpc-default-executor-0] INFO  impl.RoleInfo (RoleInfo.java:shutdownFollowerState(121)) - d10c8639-03b1-4f19-ac0f-6419d7578d59: shutdown FollowerState
2019-10-21 23:03:28,101 [grpc-default-executor-8] INFO  impl.RaftServerImpl (RaftServerImpl.java:setRole(184)) - 7c107f1d-8592-48e3-af71-5982c0af1f56@group-C1C12825AC52: changes role from  FOLLOWER to FOLLOWER at term 95 for recognizeCandidate:1244ca21-2158-4cc7-9e07-ba347e145504
2019-10-21 23:03:28,101 [grpc-default-executor-0] INFO  impl.RoleInfo (RoleInfo.java:updateAndGet(143)) - d10c8639-03b1-4f19-ac0f-6419d7578d59: start FollowerState
2019-10-21 23:03:28,101 [Thread-10128] INFO  impl.FollowerState (FollowerState.java:run(117)) - d10c8639-03b1-4f19-ac0f-6419d7578d59@group-C1C12825AC52-FollowerState was interrupted: java.lang.InterruptedException: sleep interrupted
2019-10-21 23:03:28,101 [grpc-default-executor-8] INFO  impl.RoleInfo (RoleInfo.java:shutdownFollowerState(121)) - 7c107f1d-8592-48e3-af71-5982c0af1f56: shutdown FollowerState
2019-10-21 23:03:28,102 [grpc-default-executor-8] INFO  impl.RoleInfo (RoleInfo.java:updateAndGet(143)) - 7c107f1d-8592-48e3-af71-5982c0af1f56: start FollowerState
2019-10-21 23:03:28,102 [Thread-10127] INFO  impl.FollowerState (FollowerState.java:run(117)) - 7c107f1d-8592-48e3-af71-5982c0af1f56@group-C1C12825AC52-FollowerState was interrupted: java.lang.InterruptedException: sleep interrupted
2019-10-21 23:03:28,128 [1244ca21-2158-4cc7-9e07-ba347e145504@group-C1C12825AC52-LeaderElection1164] INFO  impl.LeaderElection (LeaderElection.java:logAndReturn(56)) - 1244ca21-2158-4cc7-9e07-ba347e145504@group-C1C12825AC52-LeaderElection1164: Election REJECTED; received 2 response(s) [1244ca21-2158-4cc7-9e07-ba347e145504<-7c107f1d-8592-48e3-af71-5982c0af1f56#0:FAIL-t95, 1244ca21-2158-4cc7-9e07-ba347e145504<-d10c8639-03b1-4f19-ac0f-6419d7578d59#0:FAIL-t95] and 0 exception(s); 1244ca21-2158-4cc7-9e07-ba347e145504@group-C1C12825AC52:t95, leader=null, voted=1244ca21-2158-4cc7-9e07-ba347e145504, raftlog=1244ca21-2158-4cc7-9e07-ba347e145504@group-C1C12825AC52-SegmentedRaftLog:OPENED:c-1,f-1,i0, conf=-1: [1244ca21-2158-4cc7-9e07-ba347e145504:192.168.69.118:43370, 7c107f1d-8592-48e3-af71-5982c0af1f56:192.168.69.118:36514, d10c8639-03b1-4f19-ac0f-6419d7578d59:192.168.69.118:37568], old=null
2019-10-21 23:03:28,128 [1244ca21-2158-4cc7-9e07-ba347e145504@group-C1C12825AC52-LeaderElection1164] INFO  impl.RaftServerImpl (RaftServerImpl.java:setRole(184)) - 1244ca21-2158-4cc7-9e07-ba347e145504@group-C1C12825AC52: changes role from CANDIDATE to FOLLOWER at term 95 for DISCOVERED_A_NEW_TERM
2019-10-21 23:03:28,128 [1244ca21-2158-4cc7-9e07-ba347e145504@group-C1C12825AC52-LeaderElection1164] INFO  impl.RoleInfo (RoleInfo.java:shutdownLeaderElection(134)) - 1244ca21-2158-4cc7-9e07-ba347e145504: shutdown LeaderElection
2019-10-21 23:03:28,128 [1244ca21-2158-4cc7-9e07-ba347e145504@group-C1C12825AC52-LeaderElection1164] INFO  impl.RoleInfo (RoleInfo.java:updateAndGet(143)) - 1244ca21-2158-4cc7-9e07-ba347e145504: start FollowerState
2019-10-21 23:03:28,218 [Datanode State Machine Thread - 0] INFO  statemachine.DatanodeStateMachine (DatanodeStateMachine.java:lambda$startDaemon$0(350)) - Ozone container server started.
2019-10-21 23:03:28,324 [Thread-10137] INFO  impl.FollowerState (FollowerState.java:run(108)) - 1244ca21-2158-4cc7-9e07-ba347e145504@group-C1C12825AC52-FollowerState: change to CANDIDATE, lastRpcTime:195ms, electionTimeout:195ms
2019-10-21 23:03:28,324 [Thread-10137] INFO  impl.RoleInfo (RoleInfo.java:shutdownFollowerState(121)) - 1244ca21-2158-4cc7-9e07-ba347e145504: shutdown FollowerState
2019-10-21 23:03:28,324 [Thread-10137] INFO  impl.RaftServerImpl (RaftServerImpl.java:setRole(184)) - 1244ca21-2158-4cc7-9e07-ba347e145504@group-C1C12825AC52: changes role from  FOLLOWER to CANDIDATE at term 95 for changeToCandidate
2019-10-21 23:03:28,324 [Thread-10137] INFO  impl.RoleInfo (RoleInfo.java:updateAndGet(143)) - 1244ca21-2158-4cc7-9e07-ba347e145504: start LeaderElection
2019-10-21 23:03:28,337 [1244ca21-2158-4cc7-9e07-ba347e145504@group-C1C12825AC52-LeaderElection1165] INFO  impl.LeaderElection (LeaderElection.java:askForVotes(178)) - 1244ca21-2158-4cc7-9e07-ba347e145504@group-C1C12825AC52-LeaderElection1165: begin an election at term 96 for -1: [1244ca21-2158-4cc7-9e07-ba347e145504:192.168.69.118:43370, 7c107f1d-8592-48e3-af71-5982c0af1f56:192.168.69.118:36514, d10c8639-03b1-4f19-ac0f-6419d7578d59:192.168.69.118:37568], old=null
2019-10-21 23:03:28,338 [grpc-default-executor-0] INFO  impl.RaftServerImpl (RaftServerImpl.java:setRole(184)) - 7c107f1d-8592-48e3-af71-5982c0af1f56@group-C1C12825AC52: changes role from  FOLLOWER to FOLLOWER at term 96 for recognizeCandidate:1244ca21-2158-4cc7-9e07-ba347e145504
2019-10-21 23:03:28,338 [grpc-default-executor-0] INFO  impl.RoleInfo (RoleInfo.java:shutdownFollowerState(121)) - 7c107f1d-8592-48e3-af71-5982c0af1f56: shutdown FollowerState
2019-10-21 23:03:28,338 [grpc-default-executor-8] INFO  impl.RaftServerImpl (RaftServerImpl.java:setRole(184)) - d10c8639-03b1-4f19-ac0f-6419d7578d59@group-C1C12825AC52: changes role from  FOLLOWER to FOLLOWER at term 96 for recognizeCandidate:1244ca21-2158-4cc7-9e07-ba347e145504
2019-10-21 23:03:28,338 [grpc-default-executor-8] INFO  impl.RoleInfo (RoleInfo.java:shutdownFollowerState(121)) - d10c8639-03b1-4f19-ac0f-6419d7578d59: shutdown FollowerState
2019-10-21 23:03:28,338 [grpc-default-executor-0] INFO  impl.RoleInfo (RoleInfo.java:updateAndGet(143)) - 7c107f1d-8592-48e3-af71-5982c0af1f56: start FollowerState
2019-10-21 23:03:28,338 [Thread-10134] INFO  impl.FollowerState (FollowerState.java:run(117)) - 7c107f1d-8592-48e3-af71-5982c0af1f56@group-C1C12825AC52-FollowerState was interrupted: java.lang.InterruptedException: sleep interrupted
2019-10-21 23:03:28,339 [Thread-10133] INFO  impl.FollowerState (FollowerState.java:run(117)) - d10c8639-03b1-4f19-ac0f-6419d7578d59@group-C1C12825AC52-FollowerState was interrupted: java.lang.InterruptedException: sleep interrupted
2019-10-21 23:03:28,339 [grpc-default-executor-8] INFO  impl.RoleInfo (RoleInfo.java:updateAndGet(143)) - d10c8639-03b1-4f19-ac0f-6419d7578d59: start FollowerState
2019-10-21 23:03:28,353 [1244ca21-2158-4cc7-9e07-ba347e145504@group-C1C12825AC52-LeaderElection1165] INFO  impl.LeaderElection (LeaderElection.java:logAndReturn(56)) - 1244ca21-2158-4cc7-9e07-ba347e145504@group-C1C12825AC52-LeaderElection1165: Election REJECTED; received 2 response(s) [1244ca21-2158-4cc7-9e07-ba347e145504<-7c107f1d-8592-48e3-af71-5982c0af1f56#0:FAIL-t96, 1244ca21-2158-4cc7-9e07-ba347e145504<-d10c8639-03b1-4f19-ac0f-6419d7578d59#0:FAIL-t96] and 0 exception(s); 1244ca21-2158-4cc7-9e07-ba347e145504@group-C1C12825AC52:t96, leader=null, voted=1244ca21-2158-4cc7-9e07-ba347e145504, raftlog=1244ca21-2158-4cc7-9e07-ba347e145504@group-C1C12825AC52-SegmentedRaftLog:OPENED:c-1,f-1,i0, conf=-1: [1244ca21-2158-4cc7-9e07-ba347e145504:192.168.69.118:43370, 7c107f1d-8592-48e3-af71-5982c0af1f56:192.168.69.118:36514, d10c8639-03b1-4f19-ac0f-6419d7578d59:192.168.69.118:37568], old=null
2019-10-21 23:03:28,353 [1244ca21-2158-4cc7-9e07-ba347e145504@group-C1C12825AC52-LeaderElection1165] INFO  impl.RaftServerImpl (RaftServerImpl.java:setRole(184)) - 1244ca21-2158-4cc7-9e07-ba347e145504@group-C1C12825AC52: changes role from CANDIDATE to FOLLOWER at term 96 for DISCOVERED_A_NEW_TERM
2019-10-21 23:03:28,353 [1244ca21-2158-4cc7-9e07-ba347e145504@group-C1C12825AC52-LeaderElection1165] INFO  impl.RoleInfo (RoleInfo.java:shutdownLeaderElection(134)) - 1244ca21-2158-4cc7-9e07-ba347e145504: shutdown LeaderElection
2019-10-21 23:03:28,353 [1244ca21-2158-4cc7-9e07-ba347e145504@group-C1C12825AC52-LeaderElection1165] INFO  impl.RoleInfo (RoleInfo.java:updateAndGet(143)) - 1244ca21-2158-4cc7-9e07-ba347e145504: start FollowerState
2019-10-21 23:03:28,420 [Thread-10145] INFO  impl.FollowerState (FollowerState.java:run(108)) - 1244ca21-2158-4cc7-9e07-ba347e145504@group-C1C12825AC52-FollowerState: change to CANDIDATE, lastRpcTime:66ms, electionTimeout:66ms
2019-10-21 23:03:28,420 [Thread-10145] INFO  impl.RoleInfo (RoleInfo.java:shutdownFollowerState(121)) - 1244ca21-2158-4cc7-9e07-ba347e145504: shutdown FollowerState
2019-10-21 23:03:28,420 [Thread-10145] INFO  impl.RaftServerImpl (RaftServerImpl.java:setRole(184)) - 1244ca21-2158-4cc7-9e07-ba347e145504@group-C1C12825AC52: changes role from  FOLLOWER to CANDIDATE at term 96 for changeToCandidate
2019-10-21 23:03:28,420 [Thread-10145] INFO  impl.RoleInfo (RoleInfo.java:updateAndGet(143)) - 1244ca21-2158-4cc7-9e07-ba347e145504: start LeaderElection
2019-10-21 23:03:28,434 [1244ca21-2158-4cc7-9e07-ba347e145504@group-C1C12825AC52-LeaderElection1166] INFO  impl.LeaderElection (LeaderElection.java:askForVotes(178)) - 1244ca21-2158-4cc7-9e07-ba347e145504@group-C1C12825AC52-LeaderElection1166: begin an election at term 97 for -1: [1244ca21-2158-4cc7-9e07-ba347e145504:192.168.69.118:43370, 7c107f1d-8592-48e3-af71-5982c0af1f56:192.168.69.118:36514, d10c8639-03b1-4f19-ac0f-6419d7578d59:192.168.69.118:37568], old=null
2019-10-21 23:03:28,435 [grpc-default-executor-8] INFO  impl.RaftServerImpl (RaftServerImpl.java:setRole(184)) - 7c107f1d-8592-48e3-af71-5982c0af1f56@group-C1C12825AC52: changes role from  FOLLOWER to FOLLOWER at term 97 for recognizeCandidate:1244ca21-2158-4cc7-9e07-ba347e145504
2019-10-21 23:03:28,436 [grpc-default-executor-8] INFO  impl.RoleInfo (RoleInfo.java:shutdownFollowerState(121)) - 7c107f1d-8592-48e3-af71-5982c0af1f56: shutdown FollowerState
2019-10-21 23:03:28,436 [grpc-default-executor-0] INFO  impl.RaftServerImpl (RaftServerImpl.java:setRole(184)) - d10c8639-03b1-4f19-ac0f-6419d7578d59@group-C1C12825AC52: changes role from  FOLLOWER to FOLLOWER at term 97 for recognizeCandidate:1244ca21-2158-4cc7-9e07-ba347e145504
2019-10-21 23:03:28,436 [Thread-10143] INFO  impl.FollowerState (FollowerState.java:run(117)) - 7c107f1d-8592-48e3-af71-5982c0af1f56@group-C1C12825AC52-FollowerState was interrupted: java.lang.InterruptedException: sleep interrupted
2019-10-21 23:03:28,436 [grpc-default-executor-8] INFO  impl.RoleInfo (RoleInfo.java:updateAndGet(143)) - 7c107f1d-8592-48e3-af71-5982c0af1f56: start FollowerState
2019-10-21 23:03:28,436 [grpc-default-executor-0] INFO  impl.RoleInfo (RoleInfo.java:shutdownFollowerState(121)) - d10c8639-03b1-4f19-ac0f-6419d7578d59: shutdown FollowerState
2019-10-21 23:03:28,436 [grpc-default-executor-0] INFO  impl.RoleInfo (RoleInfo.java:updateAndGet(143)) - d10c8639-03b1-4f19-ac0f-6419d7578d59: start FollowerState
2019-10-21 23:03:28,436 [Thread-10144] INFO  impl.FollowerState (FollowerState.java:run(117)) - d10c8639-03b1-4f19-ac0f-6419d7578d59@group-C1C12825AC52-FollowerState was interrupted: java.lang.InterruptedException: sleep interrupted
2019-10-21 23:03:28,451 [1244ca21-2158-4cc7-9e07-ba347e145504@group-C1C12825AC52-LeaderElection1166] INFO  impl.LeaderElection (LeaderElection.java:logAndReturn(56)) - 1244ca21-2158-4cc7-9e07-ba347e145504@group-C1C12825AC52-LeaderElection1166: Election REJECTED; received 2 response(s) [1244ca21-2158-4cc7-9e07-ba347e145504<-7c107f1d-8592-48e3-af71-5982c0af1f56#0:FAIL-t97, 1244ca21-2158-4cc7-9e07-ba347e145504<-d10c8639-03b1-4f19-ac0f-6419d7578d59#0:FAIL-t97] and 0 exception(s); 1244ca21-2158-4cc7-9e07-ba347e145504@group-C1C12825AC52:t97, leader=null, voted=1244ca21-2158-4cc7-9e07-ba347e145504, raftlog=1244ca21-2158-4cc7-9e07-ba347e145504@group-C1C12825AC52-SegmentedRaftLog:OPENED:c-1,f-1,i0, conf=-1: [1244ca21-2158-4cc7-9e07-ba347e145504:192.168.69.118:43370, 7c107f1d-8592-48e3-af71-5982c0af1f56:192.168.69.118:36514, d10c8639-03b1-4f19-ac0f-6419d7578d59:192.168.69.118:37568], old=null
2019-10-21 23:03:28,451 [1244ca21-2158-4cc7-9e07-ba347e145504@group-C1C12825AC52-LeaderElection1166] INFO  impl.RaftServerImpl (RaftServerImpl.java:setRole(184)) - 1244ca21-2158-4cc7-9e07-ba347e145504@group-C1C12825AC52: changes role from CANDIDATE to FOLLOWER at term 97 for DISCOVERED_A_NEW_TERM
2019-10-21 23:03:28,451 [1244ca21-2158-4cc7-9e07-ba347e145504@group-C1C12825AC52-LeaderElection1166] INFO  impl.RoleInfo (RoleInfo.java:shutdownLeaderElection(134)) - 1244ca21-2158-4cc7-9e07-ba347e145504: shutdown LeaderElection
2019-10-21 23:03:28,451 [1244ca21-2158-4cc7-9e07-ba347e145504@group-C1C12825AC52-LeaderElection1166] INFO  impl.RoleInfo (RoleInfo.java:updateAndGet(143)) - 1244ca21-2158-4cc7-9e07-ba347e145504: start FollowerState
2019-10-21 23:03:28,587 [Thread-10151] INFO  impl.FollowerState (FollowerState.java:run(108)) - 1244ca21-2158-4cc7-9e07-ba347e145504@group-C1C12825AC52-FollowerState: change to CANDIDATE, lastRpcTime:135ms, electionTimeout:135ms
2019-10-21 23:03:28,587 [Thread-10151] INFO  impl.RoleInfo (RoleInfo.java:shutdownFollowerState(121)) - 1244ca21-2158-4cc7-9e07-ba347e145504: shutdown FollowerState
2019-10-21 23:03:28,587 [Thread-10151] INFO  impl.RaftServerImpl (RaftServerImpl.java:setRole(184)) - 1244ca21-2158-4cc7-9e07-ba347e145504@group-C1C12825AC52: changes role from  FOLLOWER to CANDIDATE at term 97 for changeToCandidate
2019-10-21 23:03:28,587 [Thread-10151] INFO  impl.RoleInfo (RoleInfo.java:updateAndGet(143)) - 1244ca21-2158-4cc7-9e07-ba347e145504: start LeaderElection
2019-10-21 23:03:28,614 [1244ca21-2158-4cc7-9e07-ba347e145504@group-C1C12825AC52-LeaderElection1167] INFO  impl.LeaderElection (LeaderElection.java:askForVotes(178)) - 1244ca21-2158-4cc7-9e07-ba347e145504@group-C1C12825AC52-LeaderElection1167: begin an election at term 98 for -1: [1244ca21-2158-4cc7-9e07-ba347e145504:192.168.69.118:43370, 7c107f1d-8592-48e3-af71-5982c0af1f56:192.168.69.118:36514, d10c8639-03b1-4f19-ac0f-6419d7578d59:192.168.69.118:37568], old=null
2019-10-21 23:03:28,615 [grpc-default-executor-0] INFO  impl.RaftServerImpl (RaftServerImpl.java:setRole(184)) - 7c107f1d-8592-48e3-af71-5982c0af1f56@group-C1C12825AC52: changes role from  FOLLOWER to FOLLOWER at term 98 for recognizeCandidate:1244ca21-2158-4cc7-9e07-ba347e145504
2019-10-21 23:03:28,615 [grpc-default-executor-8] INFO  impl.RaftServerImpl (RaftServerImpl.java:setRole(184)) - d10c8639-03b1-4f19-ac0f-6419d7578d59@group-C1C12825AC52: changes role from  FOLLOWER to FOLLOWER at term 98 for recognizeCandidate:1244ca21-2158-4cc7-9e07-ba347e145504
2019-10-21 23:03:28,615 [grpc-default-executor-8] INFO  impl.RoleInfo (RoleInfo.java:shutdownFollowerState(121)) - d10c8639-03b1-4f19-ac0f-6419d7578d59: shutdown FollowerState
2019-10-21 23:03:28,615 [grpc-default-executor-0] INFO  impl.RoleInfo (RoleInfo.java:shutdownFollowerState(121)) - 7c107f1d-8592-48e3-af71-5982c0af1f56: shutdown FollowerState
2019-10-21 23:03:28,615 [Thread-10150] INFO  impl.FollowerState (FollowerState.java:run(117)) - d10c8639-03b1-4f19-ac0f-6419d7578d59@group-C1C12825AC52-FollowerState was interrupted: java.lang.InterruptedException: sleep interrupted
2019-10-21 23:03:28,615 [grpc-default-executor-8] INFO  impl.RoleInfo (RoleInfo.java:updateAndGet(143)) - d10c8639-03b1-4f19-ac0f-6419d7578d59: start FollowerState
2019-10-21 23:03:28,616 [grpc-default-executor-0] INFO  impl.RoleInfo (RoleInfo.java:updateAndGet(143)) - 7c107f1d-8592-48e3-af71-5982c0af1f56: start FollowerState
2019-10-21 23:03:28,616 [Thread-10149] INFO  impl.FollowerState (FollowerState.java:run(117)) - 7c107f1d-8592-48e3-af71-5982c0af1f56@group-C1C12825AC52-FollowerState was interrupted: java.lang.InterruptedException: sleep interrupted
2019-10-21 23:03:28,641 [1244ca21-2158-4cc7-9e07-ba347e145504@group-C1C12825AC52-LeaderElection1167] INFO  impl.LeaderElection (LeaderElection.java:logAndReturn(56)) - 1244ca21-2158-4cc7-9e07-ba347e145504@group-C1C12825AC52-LeaderElection1167: Election REJECTED; received 2 response(s) [1244ca21-2158-4cc7-9e07-ba347e145504<-7c107f1d-8592-48e3-af71-5982c0af1f56#0:FAIL-t98, 1244ca21-2158-4cc7-9e07-ba347e145504<-d10c8639-03b1-4f19-ac0f-6419d7578d59#0:FAIL-t98] and 0 exception(s); 1244ca21-2158-4cc7-9e07-ba347e145504@group-C1C12825AC52:t98, leader=null, voted=1244ca21-2158-4cc7-9e07-ba347e145504, raftlog=1244ca21-2158-4cc7-9e07-ba347e145504@group-C1C12825AC52-SegmentedRaftLog:OPENED:c-1,f-1,i0, conf=-1: [1244ca21-2158-4cc7-9e07-ba347e145504:192.168.69.118:43370, 7c107f1d-8592-48e3-af71-5982c0af1f56:192.168.69.118:36514, d10c8639-03b1-4f19-ac0f-6419d7578d59:192.168.69.118:37568], old=null
2019-10-21 23:03:28,641 [1244ca21-2158-4cc7-9e07-ba347e145504@group-C1C12825AC52-LeaderElection1167] INFO  impl.RaftServerImpl (RaftServerImpl.java:setRole(184)) - 1244ca21-2158-4cc7-9e07-ba347e145504@group-C1C12825AC52: changes role from CANDIDATE to FOLLOWER at term 98 for DISCOVERED_A_NEW_TERM
2019-10-21 23:03:28,641 [1244ca21-2158-4cc7-9e07-ba347e145504@group-C1C12825AC52-LeaderElection1167] INFO  impl.RoleInfo (RoleInfo.java:shutdownLeaderElection(134)) - 1244ca21-2158-4cc7-9e07-ba347e145504: shutdown LeaderElection
2019-10-21 23:03:28,642 [1244ca21-2158-4cc7-9e07-ba347e145504@group-C1C12825AC52-LeaderElection1167] INFO  impl.RoleInfo (RoleInfo.java:updateAndGet(143)) - 1244ca21-2158-4cc7-9e07-ba347e145504: start FollowerState
2019-10-21 23:03:28,699 [Thread-10159] INFO  impl.FollowerState (FollowerState.java:run(108)) - 1244ca21-2158-4cc7-9e07-ba347e145504@group-C1C12825AC52-FollowerState: change to CANDIDATE, lastRpcTime:57ms, electionTimeout:57ms
2019-10-21 23:03:28,699 [Thread-10159] INFO  impl.RoleInfo (RoleInfo.java:shutdownFollowerState(121)) - 1244ca21-2158-4cc7-9e07-ba347e145504: shutdown FollowerState
2019-10-21 23:03:28,699 [Thread-10159] INFO  impl.RaftServerImpl (RaftServerImpl.java:setRole(184)) - 1244ca21-2158-4cc7-9e07-ba347e145504@group-C1C12825AC52: changes role from  FOLLOWER to CANDIDATE at term 98 for changeToCandidate
2019-10-21 23:03:28,699 [Thread-10159] INFO  impl.RoleInfo (RoleInfo.java:updateAndGet(143)) - 1244ca21-2158-4cc7-9e07-ba347e145504: start LeaderElection
2019-10-21 23:03:28,705 [1244ca21-2158-4cc7-9e07-ba347e145504@group-C1C12825AC52-LeaderElection1168] INFO  impl.LeaderElection (LeaderElection.java:askForVotes(178)) - 1244ca21-2158-4cc7-9e07-ba347e145504@group-C1C12825AC52-LeaderElection1168: begin an election at term 99 for -1: [1244ca21-2158-4cc7-9e07-ba347e145504:192.168.69.118:43370, 7c107f1d-8592-48e3-af71-5982c0af1f56:192.168.69.118:36514, d10c8639-03b1-4f19-ac0f-6419d7578d59:192.168.69.118:37568], old=null
2019-10-21 23:03:28,707 [grpc-default-executor-8] INFO  impl.RaftServerImpl (RaftServerImpl.java:setRole(184)) - 7c107f1d-8592-48e3-af71-5982c0af1f56@group-C1C12825AC52: changes role from  FOLLOWER to FOLLOWER at term 99 for recognizeCandidate:1244ca21-2158-4cc7-9e07-ba347e145504
2019-10-21 23:03:28,707 [grpc-default-executor-8] INFO  impl.RoleInfo (RoleInfo.java:shutdownFollowerState(121)) - 7c107f1d-8592-48e3-af71-5982c0af1f56: shutdown FollowerState
2019-10-21 23:03:28,707 [grpc-default-executor-0] INFO  impl.RaftServerImpl (RaftServerImpl.java:setRole(184)) - d10c8639-03b1-4f19-ac0f-6419d7578d59@group-C1C12825AC52: changes role from  FOLLOWER to FOLLOWER at term 99 for recognizeCandidate:1244ca21-2158-4cc7-9e07-ba347e145504
2019-10-21 23:03:28,707 [grpc-default-executor-8] INFO  impl.RoleInfo (RoleInfo.java:updateAndGet(143)) - 7c107f1d-8592-48e3-af71-5982c0af1f56: start FollowerState
2019-10-21 23:03:28,707 [Thread-10156] INFO  impl.FollowerState (FollowerState.java:run(117)) - 7c107f1d-8592-48e3-af71-5982c0af1f56@group-C1C12825AC52-FollowerState was interrupted: java.lang.InterruptedException: sleep interrupted
2019-10-21 23:03:28,707 [grpc-default-executor-0] INFO  impl.RoleInfo (RoleInfo.java:shutdownFollowerState(121)) - d10c8639-03b1-4f19-ac0f-6419d7578d59: shutdown FollowerState
2019-10-21 23:03:28,708 [grpc-default-executor-0] INFO  impl.RoleInfo (RoleInfo.java:updateAndGet(143)) - d10c8639-03b1-4f19-ac0f-6419d7578d59: start FollowerState
2019-10-21 23:03:28,708 [Thread-10155] INFO  impl.FollowerState (FollowerState.java:run(117)) - d10c8639-03b1-4f19-ac0f-6419d7578d59@group-C1C12825AC52-FollowerState was interrupted: java.lang.InterruptedException: sleep interrupted
2019-10-21 23:03:28,727 [1244ca21-2158-4cc7-9e07-ba347e145504@group-C1C12825AC52-LeaderElection1168] INFO  impl.LeaderElection (LeaderElection.java:logAndReturn(56)) - 1244ca21-2158-4cc7-9e07-ba347e145504@group-C1C12825AC52-LeaderElection1168: Election REJECTED; received 2 response(s) [1244ca21-2158-4cc7-9e07-ba347e145504<-7c107f1d-8592-48e3-af71-5982c0af1f56#0:FAIL-t99, 1244ca21-2158-4cc7-9e07-ba347e145504<-d10c8639-03b1-4f19-ac0f-6419d7578d59#0:FAIL-t99] and 0 exception(s); 1244ca21-2158-4cc7-9e07-ba347e145504@group-C1C12825AC52:t99, leader=null, voted=1244ca21-2158-4cc7-9e07-ba347e145504, raftlog=1244ca21-2158-4cc7-9e07-ba347e145504@group-C1C12825AC52-SegmentedRaftLog:OPENED:c-1,f-1,i0, conf=-1: [1244ca21-2158-4cc7-9e07-ba347e145504:192.168.69.118:43370, 7c107f1d-8592-48e3-af71-5982c0af1f56:192.168.69.118:36514, d10c8639-03b1-4f19-ac0f-6419d7578d59:192.168.69.118:37568], old=null
2019-10-21 23:03:28,728 [1244ca21-2158-4cc7-9e07-ba347e145504@group-C1C12825AC52-LeaderElection1168] INFO  impl.RaftServerImpl (RaftServerImpl.java:setRole(184)) - 1244ca21-2158-4cc7-9e07-ba347e145504@group-C1C12825AC52: changes role from CANDIDATE to FOLLOWER at term 99 for DISCOVERED_A_NEW_TERM
2019-10-21 23:03:28,728 [1244ca21-2158-4cc7-9e07-ba347e145504@group-C1C12825AC52-LeaderElection1168] INFO  impl.RoleInfo (RoleInfo.java:shutdownLeaderElection(134)) - 1244ca21-2158-4cc7-9e07-ba347e145504: shutdown LeaderElection
2019-10-21 23:03:28,728 [1244ca21-2158-4cc7-9e07-ba347e145504@group-C1C12825AC52-LeaderElection1168] INFO  impl.RoleInfo (RoleInfo.java:updateAndGet(143)) - 1244ca21-2158-4cc7-9e07-ba347e145504: start FollowerState
2019-10-21 23:03:28,764 [Thread-10167] INFO  impl.FollowerState (FollowerState.java:run(108)) - 1244ca21-2158-4cc7-9e07-ba347e145504@group-C1C12825AC52-FollowerState: change to CANDIDATE, lastRpcTime:36ms, electionTimeout:36ms
2019-10-21 23:03:28,764 [Thread-10167] INFO  impl.RoleInfo (RoleInfo.java:shutdownFollowerState(121)) - 1244ca21-2158-4cc7-9e07-ba347e145504: shutdown FollowerState
2019-10-21 23:03:28,764 [Thread-10167] INFO  impl.RaftServerImpl (RaftServerImpl.java:setRole(184)) - 1244ca21-2158-4cc7-9e07-ba347e145504@group-C1C12825AC52: changes role from  FOLLOWER to CANDIDATE at term 99 for changeToCandidate
2019-10-21 23:03:28,764 [Thread-10167] INFO  impl.RoleInfo (RoleInfo.java:updateAndGet(143)) - 1244ca21-2158-4cc7-9e07-ba347e145504: start LeaderElection
2019-10-21 23:03:28,778 [1244ca21-2158-4cc7-9e07-ba347e145504@group-C1C12825AC52-LeaderElection1169] INFO  impl.LeaderElection (LeaderElection.java:askForVotes(178)) - 1244ca21-2158-4cc7-9e07-ba347e145504@group-C1C12825AC52-LeaderElection1169: begin an election at term 100 for -1: [1244ca21-2158-4cc7-9e07-ba347e145504:192.168.69.118:43370, 7c107f1d-8592-48e3-af71-5982c0af1f56:192.168.69.118:36514, d10c8639-03b1-4f19-ac0f-6419d7578d59:192.168.69.118:37568], old=null
2019-10-21 23:03:28,779 [grpc-default-executor-8] INFO  impl.RaftServerImpl (RaftServerImpl.java:setRole(184)) - d10c8639-03b1-4f19-ac0f-6419d7578d59@group-C1C12825AC52: changes role from  FOLLOWER to FOLLOWER at term 100 for recognizeCandidate:1244ca21-2158-4cc7-9e07-ba347e145504
2019-10-21 23:03:28,779 [grpc-default-executor-8] INFO  impl.RoleInfo (RoleInfo.java:shutdownFollowerState(121)) - d10c8639-03b1-4f19-ac0f-6419d7578d59: shutdown FollowerState
2019-10-21 23:03:28,779 [grpc-default-executor-8] INFO  impl.RoleInfo (RoleInfo.java:updateAndGet(143)) - d10c8639-03b1-4f19-ac0f-6419d7578d59: start FollowerState
2019-10-21 23:03:28,779 [Thread-10166] INFO  impl.FollowerState (FollowerState.java:run(117)) - d10c8639-03b1-4f19-ac0f-6419d7578d59@group-C1C12825AC52-FollowerState was interrupted: java.lang.InterruptedException: sleep interrupted
2019-10-21 23:03:28,779 [grpc-default-executor-0] INFO  impl.RaftServerImpl (RaftServerImpl.java:setRole(184)) - 7c107f1d-8592-48e3-af71-5982c0af1f56@group-C1C12825AC52: changes role from  FOLLOWER to FOLLOWER at term 100 for recognizeCandidate:1244ca21-2158-4cc7-9e07-ba347e145504
2019-10-21 23:03:28,779 [grpc-default-executor-0] INFO  impl.RoleInfo (RoleInfo.java:shutdownFollowerState(121)) - 7c107f1d-8592-48e3-af71-5982c0af1f56: shutdown FollowerState
2019-10-21 23:03:28,779 [grpc-default-executor-0] INFO  impl.RoleInfo (RoleInfo.java:updateAndGet(143)) - 7c107f1d-8592-48e3-af71-5982c0af1f56: start FollowerState
2019-10-21 23:03:28,780 [Thread-10165] INFO  impl.FollowerState (FollowerState.java:run(117)) - 7c107f1d-8592-48e3-af71-5982c0af1f56@group-C1C12825AC52-FollowerState was interrupted: java.lang.InterruptedException: sleep interrupted
2019-10-21 23:03:28,793 [1244ca21-2158-4cc7-9e07-ba347e145504@group-C1C12825AC52-LeaderElection1169] INFO  impl.LeaderElection (LeaderElection.java:logAndReturn(56)) - 1244ca21-2158-4cc7-9e07-ba347e145504@group-C1C12825AC52-LeaderElection1169: Election REJECTED; received 2 response(s) [1244ca21-2158-4cc7-9e07-ba347e145504<-7c107f1d-8592-48e3-af71-5982c0af1f56#0:FAIL-t100, 1244ca21-2158-4cc7-9e07-ba347e145504<-d10c8639-03b1-4f19-ac0f-6419d7578d59#0:FAIL-t100] and 0 exception(s); 1244ca21-2158-4cc7-9e07-ba347e145504@group-C1C12825AC52:t100, leader=null, voted=1244ca21-2158-4cc7-9e07-ba347e145504, raftlog=1244ca21-2158-4cc7-9e07-ba347e145504@group-C1C12825AC52-SegmentedRaftLog:OPENED:c-1,f-1,i0, conf=-1: [1244ca21-2158-4cc7-9e07-ba347e145504:192.168.69.118:43370, 7c107f1d-8592-48e3-af71-5982c0af1f56:192.168.69.118:36514, d10c8639-03b1-4f19-ac0f-6419d7578d59:192.168.69.118:37568], old=null
2019-10-21 23:03:28,793 [1244ca21-2158-4cc7-9e07-ba347e145504@group-C1C12825AC52-LeaderElection1169] INFO  impl.RaftServerImpl (RaftServerImpl.java:setRole(184)) - 1244ca21-2158-4cc7-9e07-ba347e145504@group-C1C12825AC52: changes role from CANDIDATE to FOLLOWER at term 100 for DISCOVERED_A_NEW_TERM
2019-10-21 23:03:28,794 [1244ca21-2158-4cc7-9e07-ba347e145504@group-C1C12825AC52-LeaderElection1169] INFO  impl.RoleInfo (RoleInfo.java:shutdownLeaderElection(134)) - 1244ca21-2158-4cc7-9e07-ba347e145504: shutdown LeaderElection
2019-10-21 23:03:28,794 [1244ca21-2158-4cc7-9e07-ba347e145504@group-C1C12825AC52-LeaderElection1169] INFO  impl.RoleInfo (RoleInfo.java:updateAndGet(143)) - 1244ca21-2158-4cc7-9e07-ba347e145504: start FollowerState
2019-10-21 23:03:28,957 [Thread-10173] INFO  impl.FollowerState (FollowerState.java:run(108)) - 1244ca21-2158-4cc7-9e07-ba347e145504@group-C1C12825AC52-FollowerState: change to CANDIDATE, lastRpcTime:163ms, electionTimeout:163ms
2019-10-21 23:03:28,957 [Thread-10173] INFO  impl.RoleInfo (RoleInfo.java:shutdownFollowerState(121)) - 1244ca21-2158-4cc7-9e07-ba347e145504: shutdown FollowerState
2019-10-21 23:03:28,957 [Thread-10173] INFO  impl.RaftServerImpl (RaftServerImpl.java:setRole(184)) - 1244ca21-2158-4cc7-9e07-ba347e145504@group-C1C12825AC52: changes role from  FOLLOWER to CANDIDATE at term 100 for changeToCandidate
2019-10-21 23:03:28,957 [Thread-10173] INFO  impl.RoleInfo (RoleInfo.java:updateAndGet(143)) - 1244ca21-2158-4cc7-9e07-ba347e145504: start LeaderElection
2019-10-21 23:03:28,971 [1244ca21-2158-4cc7-9e07-ba347e145504@group-C1C12825AC52-LeaderElection1170] INFO  impl.LeaderElection (LeaderElection.java:askForVotes(178)) - 1244ca21-2158-4cc7-9e07-ba347e145504@group-C1C12825AC52-LeaderElection1170: begin an election at term 101 for -1: [1244ca21-2158-4cc7-9e07-ba347e145504:192.168.69.118:43370, 7c107f1d-8592-48e3-af71-5982c0af1f56:192.168.69.118:36514, d10c8639-03b1-4f19-ac0f-6419d7578d59:192.168.69.118:37568], old=null
2019-10-21 23:03:28,972 [grpc-default-executor-8] INFO  impl.RaftServerImpl (RaftServerImpl.java:setRole(184)) - d10c8639-03b1-4f19-ac0f-6419d7578d59@group-C1C12825AC52: changes role from  FOLLOWER to FOLLOWER at term 101 for recognizeCandidate:1244ca21-2158-4cc7-9e07-ba347e145504
2019-10-21 23:03:28,972 [grpc-default-executor-0] INFO  impl.RaftServerImpl (RaftServerImpl.java:setRole(184)) - 7c107f1d-8592-48e3-af71-5982c0af1f56@group-C1C12825AC52: changes role from  FOLLOWER to FOLLOWER at term 101 for recognizeCandidate:1244ca21-2158-4cc7-9e07-ba347e145504
2019-10-21 23:03:28,972 [grpc-default-executor-8] INFO  impl.RoleInfo (RoleInfo.java:shutdownFollowerState(121)) - d10c8639-03b1-4f19-ac0f-6419d7578d59: shutdown FollowerState
2019-10-21 23:03:28,973 [grpc-default-executor-0] INFO  impl.RoleInfo (RoleInfo.java:shutdownFollowerState(121)) - 7c107f1d-8592-48e3-af71-5982c0af1f56: shutdown FollowerState
2019-10-21 23:03:28,973 [Thread-10171] INFO  impl.FollowerState (FollowerState.java:run(117)) - d10c8639-03b1-4f19-ac0f-6419d7578d59@group-C1C12825AC52-FollowerState was interrupted: java.lang.InterruptedException: sleep interrupted
2019-10-21 23:03:28,973 [grpc-default-executor-8] INFO  impl.RoleInfo (RoleInfo.java:updateAndGet(143)) - d10c8639-03b1-4f19-ac0f-6419d7578d59: start FollowerState
2019-10-21 23:03:28,973 [Thread-10172] INFO  impl.FollowerState (FollowerState.java:run(117)) - 7c107f1d-8592-48e3-af71-5982c0af1f56@group-C1C12825AC52-FollowerState was interrupted: java.lang.InterruptedException: sleep interrupted
2019-10-21 23:03:28,973 [grpc-default-executor-0] INFO  impl.RoleInfo (RoleInfo.java:updateAndGet(143)) - 7c107f1d-8592-48e3-af71-5982c0af1f56: start FollowerState
2019-10-21 23:03:28,999 [1244ca21-2158-4cc7-9e07-ba347e145504@group-C1C12825AC52-LeaderElection1170] INFO  impl.LeaderElection (LeaderElection.java:logAndReturn(56)) - 1244ca21-2158-4cc7-9e07-ba347e145504@group-C1C12825AC52-LeaderElection1170: Election REJECTED; received 2 response(s) [1244ca21-2158-4cc7-9e07-ba347e145504<-7c107f1d-8592-48e3-af71-5982c0af1f56#0:FAIL-t101, 1244ca21-2158-4cc7-9e07-ba347e145504<-d10c8639-03b1-4f19-ac0f-6419d7578d59#0:FAIL-t101] and 0 exception(s); 1244ca21-2158-4cc7-9e07-ba347e145504@group-C1C12825AC52:t101, leader=null, voted=1244ca21-2158-4cc7-9e07-ba347e145504, raftlog=1244ca21-2158-4cc7-9e07-ba347e145504@group-C1C12825AC52-SegmentedRaftLog:OPENED:c-1,f-1,i0, conf=-1: [1244ca21-2158-4cc7-9e07-ba347e145504:192.168.69.118:43370, 7c107f1d-8592-48e3-af71-5982c0af1f56:192.168.69.118:36514, d10c8639-03b1-4f19-ac0f-6419d7578d59:192.168.69.118:37568], old=null
2019-10-21 23:03:28,999 [1244ca21-2158-4cc7-9e07-ba347e145504@group-C1C12825AC52-LeaderElection1170] INFO  impl.RaftServerImpl (RaftServerImpl.java:setRole(184)) - 1244ca21-2158-4cc7-9e07-ba347e145504@group-C1C12825AC52: changes role from CANDIDATE to FOLLOWER at term 101 for DISCOVERED_A_NEW_TERM
2019-10-21 23:03:28,999 [1244ca21-2158-4cc7-9e07-ba347e145504@group-C1C12825AC52-LeaderElection1170] INFO  impl.RoleInfo (RoleInfo.java:shutdownLeaderElection(134)) - 1244ca21-2158-4cc7-9e07-ba347e145504: shutdown LeaderElection
2019-10-21 23:03:28,999 [1244ca21-2158-4cc7-9e07-ba347e145504@group-C1C12825AC52-LeaderElection1170] INFO  impl.RoleInfo (RoleInfo.java:updateAndGet(143)) - 1244ca21-2158-4cc7-9e07-ba347e145504: start FollowerState
2019-10-21 23:03:29,086 [Thread-10179] INFO  impl.FollowerState (FollowerState.java:run(108)) - 1244ca21-2158-4cc7-9e07-ba347e145504@group-C1C12825AC52-FollowerState: change to CANDIDATE, lastRpcTime:86ms, electionTimeout:86ms
2019-10-21 23:03:29,086 [Thread-10179] INFO  impl.RoleInfo (RoleInfo.java:shutdownFollowerState(121)) - 1244ca21-2158-4cc7-9e07-ba347e145504: shutdown FollowerState
2019-10-21 23:03:29,086 [Thread-10179] INFO  impl.RaftServerImpl (RaftServerImpl.java:setRole(184)) - 1244ca21-2158-4cc7-9e07-ba347e145504@group-C1C12825AC52: changes role from  FOLLOWER to CANDIDATE at term 101 for changeToCandidate
2019-10-21 23:03:29,086 [Thread-10179] INFO  impl.RoleInfo (RoleInfo.java:updateAndGet(143)) - 1244ca21-2158-4cc7-9e07-ba347e145504: start LeaderElection
2019-10-21 23:03:29,092 [1244ca21-2158-4cc7-9e07-ba347e145504@group-C1C12825AC52-LeaderElection1171] INFO  impl.LeaderElection (LeaderElection.java:askForVotes(178)) - 1244ca21-2158-4cc7-9e07-ba347e145504@group-C1C12825AC52-LeaderElection1171: begin an election at term 102 for -1: [1244ca21-2158-4cc7-9e07-ba347e145504:192.168.69.118:43370, 7c107f1d-8592-48e3-af71-5982c0af1f56:192.168.69.118:36514, d10c8639-03b1-4f19-ac0f-6419d7578d59:192.168.69.118:37568], old=null
2019-10-21 23:03:29,094 [grpc-default-executor-8] INFO  impl.RaftServerImpl (RaftServerImpl.java:setRole(184)) - 7c107f1d-8592-48e3-af71-5982c0af1f56@group-C1C12825AC52: changes role from  FOLLOWER to FOLLOWER at term 102 for recognizeCandidate:1244ca21-2158-4cc7-9e07-ba347e145504
2019-10-21 23:03:29,094 [grpc-default-executor-0] INFO  impl.RaftServerImpl (RaftServerImpl.java:setRole(184)) - d10c8639-03b1-4f19-ac0f-6419d7578d59@group-C1C12825AC52: changes role from  FOLLOWER to FOLLOWER at term 102 for recognizeCandidate:1244ca21-2158-4cc7-9e07-ba347e145504
2019-10-21 23:03:29,094 [grpc-default-executor-8] INFO  impl.RoleInfo (RoleInfo.java:shutdownFollowerState(121)) - 7c107f1d-8592-48e3-af71-5982c0af1f56: shutdown FollowerState
2019-10-21 23:03:29,094 [grpc-default-executor-0] INFO  impl.RoleInfo (RoleInfo.java:shutdownFollowerState(121)) - d10c8639-03b1-4f19-ac0f-6419d7578d59: shutdown FollowerState
2019-10-21 23:03:29,094 [Thread-10178] INFO  impl.FollowerState (FollowerState.java:run(117)) - 7c107f1d-8592-48e3-af71-5982c0af1f56@group-C1C12825AC52-FollowerState was interrupted: java.lang.InterruptedException: sleep interrupted
2019-10-21 23:03:29,094 [grpc-default-executor-8] INFO  impl.RoleInfo (RoleInfo.java:updateAndGet(143)) - 7c107f1d-8592-48e3-af71-5982c0af1f56: start FollowerState
2019-10-21 23:03:29,094 [Thread-10177] INFO  impl.FollowerState (FollowerState.java:run(117)) - d10c8639-03b1-4f19-ac0f-6419d7578d59@group-C1C12825AC52-FollowerState was interrupted: java.lang.InterruptedException: sleep interrupted
2019-10-21 23:03:29,094 [grpc-default-executor-0] INFO  impl.RoleInfo (RoleInfo.java:updateAndGet(143)) - d10c8639-03b1-4f19-ac0f-6419d7578d59: start FollowerState
2019-10-21 23:03:29,106 [1244ca21-2158-4cc7-9e07-ba347e145504@group-C1C12825AC52-LeaderElection1171] INFO  impl.LeaderElection (LeaderElection.java:logAndReturn(56)) - 1244ca21-2158-4cc7-9e07-ba347e145504@group-C1C12825AC52-LeaderElection1171: Election TIMEOUT; received 0 response(s) [] and 0 exception(s); 1244ca21-2158-4cc7-9e07-ba347e145504@group-C1C12825AC52:t102, leader=null, voted=1244ca21-2158-4cc7-9e07-ba347e145504, raftlog=1244ca21-2158-4cc7-9e07-ba347e145504@group-C1C12825AC52-SegmentedRaftLog:OPENED:c-1,f-1,i0, conf=-1: [1244ca21-2158-4cc7-9e07-ba347e145504:192.168.69.118:43370, 7c107f1d-8592-48e3-af71-5982c0af1f56:192.168.69.118:36514, d10c8639-03b1-4f19-ac0f-6419d7578d59:192.168.69.118:37568], old=null
2019-10-21 23:03:29,111 [1244ca21-2158-4cc7-9e07-ba347e145504@group-C1C12825AC52-LeaderElection1171] INFO  impl.LeaderElection (LeaderElection.java:askForVotes(178)) - 1244ca21-2158-4cc7-9e07-ba347e145504@group-C1C12825AC52-LeaderElection1171: begin an election at term 103 for -1: [1244ca21-2158-4cc7-9e07-ba347e145504:192.168.69.118:43370, 7c107f1d-8592-48e3-af71-5982c0af1f56:192.168.69.118:36514, d10c8639-03b1-4f19-ac0f-6419d7578d59:192.168.69.118:37568], old=null
2019-10-21 23:03:29,112 [grpc-default-executor-0] INFO  impl.RaftServerImpl (RaftServerImpl.java:setRole(184)) - 7c107f1d-8592-48e3-af71-5982c0af1f56@group-C1C12825AC52: changes role from  FOLLOWER to FOLLOWER at term 103 for recognizeCandidate:1244ca21-2158-4cc7-9e07-ba347e145504
2019-10-21 23:03:29,112 [grpc-default-executor-8] INFO  impl.RaftServerImpl (RaftServerImpl.java:setRole(184)) - d10c8639-03b1-4f19-ac0f-6419d7578d59@group-C1C12825AC52: changes role from  FOLLOWER to FOLLOWER at term 103 for recognizeCandidate:1244ca21-2158-4cc7-9e07-ba347e145504
2019-10-21 23:03:29,112 [grpc-default-executor-0] INFO  impl.RoleInfo (RoleInfo.java:shutdownFollowerState(121)) - 7c107f1d-8592-48e3-af71-5982c0af1f56: shutdown FollowerState
2019-10-21 23:03:29,112 [grpc-default-executor-8] INFO  impl.RoleInfo (RoleInfo.java:shutdownFollowerState(121)) - d10c8639-03b1-4f19-ac0f-6419d7578d59: shutdown FollowerState
2019-10-21 23:03:29,112 [Thread-10183] INFO  impl.FollowerState (FollowerState.java:run(117)) - 7c107f1d-8592-48e3-af71-5982c0af1f56@group-C1C12825AC52-FollowerState was interrupted: java.lang.InterruptedException: sleep interrupted
2019-10-21 23:03:29,112 [grpc-default-executor-0] INFO  impl.RoleInfo (RoleInfo.java:updateAndGet(143)) - 7c107f1d-8592-48e3-af71-5982c0af1f56: start FollowerState
2019-10-21 23:03:29,112 [Thread-10184] INFO  impl.FollowerState (FollowerState.java:run(117)) - d10c8639-03b1-4f19-ac0f-6419d7578d59@group-C1C12825AC52-FollowerState was interrupted: java.lang.InterruptedException: sleep interrupted
2019-10-21 23:03:29,112 [grpc-default-executor-8] INFO  impl.RoleInfo (RoleInfo.java:updateAndGet(143)) - d10c8639-03b1-4f19-ac0f-6419d7578d59: start FollowerState
2019-10-21 23:03:29,118 [1244ca21-2158-4cc7-9e07-ba347e145504@group-C1C12825AC52-LeaderElection1171] INFO  impl.LeaderElection (LeaderElection.java:logAndReturn(56)) - 1244ca21-2158-4cc7-9e07-ba347e145504@group-C1C12825AC52-LeaderElection1171: Election TIMEOUT; received 0 response(s) [] and 0 exception(s); 1244ca21-2158-4cc7-9e07-ba347e145504@group-C1C12825AC52:t103, leader=null, voted=1244ca21-2158-4cc7-9e07-ba347e145504, raftlog=1244ca21-2158-4cc7-9e07-ba347e145504@group-C1C12825AC52-SegmentedRaftLog:OPENED:c-1,f-1,i0, conf=-1: [1244ca21-2158-4cc7-9e07-ba347e145504:192.168.69.118:43370, 7c107f1d-8592-48e3-af71-5982c0af1f56:192.168.69.118:36514, d10c8639-03b1-4f19-ac0f-6419d7578d59:192.168.69.118:37568], old=null
2019-10-21 23:03:29,126 [1244ca21-2158-4cc7-9e07-ba347e145504@group-C1C12825AC52-LeaderElection1171] INFO  impl.LeaderElection (LeaderElection.java:askForVotes(178)) - 1244ca21-2158-4cc7-9e07-ba347e145504@group-C1C12825AC52-LeaderElection1171: begin an election at term 104 for -1: [1244ca21-2158-4cc7-9e07-ba347e145504:192.168.69.118:43370, 7c107f1d-8592-48e3-af71-5982c0af1f56:192.168.69.118:36514, d10c8639-03b1-4f19-ac0f-6419d7578d59:192.168.69.118:37568], old=null
2019-10-21 23:03:29,127 [grpc-default-executor-0] INFO  impl.RaftServerImpl (RaftServerImpl.java:setRole(184)) - d10c8639-03b1-4f19-ac0f-6419d7578d59@group-C1C12825AC52: changes role from  FOLLOWER to FOLLOWER at term 104 for recognizeCandidate:1244ca21-2158-4cc7-9e07-ba347e145504
2019-10-21 23:03:29,127 [grpc-default-executor-0] INFO  impl.RoleInfo (RoleInfo.java:shutdownFollowerState(121)) - d10c8639-03b1-4f19-ac0f-6419d7578d59: shutdown FollowerState
2019-10-21 23:03:29,127 [grpc-default-executor-0] INFO  impl.RoleInfo (RoleInfo.java:updateAndGet(143)) - d10c8639-03b1-4f19-ac0f-6419d7578d59: start FollowerState
2019-10-21 23:03:29,127 [grpc-default-executor-8] INFO  impl.RaftServerImpl (RaftServerImpl.java:setRole(184)) - 7c107f1d-8592-48e3-af71-5982c0af1f56@group-C1C12825AC52: changes role from  FOLLOWER to FOLLOWER at term 104 for recognizeCandidate:1244ca21-2158-4cc7-9e07-ba347e145504
2019-10-21 23:03:29,127 [Thread-10188] INFO  impl.FollowerState (FollowerState.java:run(117)) - d10c8639-03b1-4f19-ac0f-6419d7578d59@group-C1C12825AC52-FollowerState was interrupted: java.lang.InterruptedException: sleep interrupted
2019-10-21 23:03:29,127 [grpc-default-executor-8] INFO  impl.RoleInfo (RoleInfo.java:shutdownFollowerState(121)) - 7c107f1d-8592-48e3-af71-5982c0af1f56: shutdown FollowerState
2019-10-21 23:03:29,127 [grpc-default-executor-8] INFO  impl.RoleInfo (RoleInfo.java:updateAndGet(143)) - 7c107f1d-8592-48e3-af71-5982c0af1f56: start FollowerState
2019-10-21 23:03:29,127 [Thread-10187] INFO  impl.FollowerState (FollowerState.java:run(117)) - 7c107f1d-8592-48e3-af71-5982c0af1f56@group-C1C12825AC52-FollowerState was interrupted: java.lang.InterruptedException: sleep interrupted
2019-10-21 23:03:29,141 [1244ca21-2158-4cc7-9e07-ba347e145504@group-C1C12825AC52-LeaderElection1171] INFO  impl.LeaderElection (LeaderElection.java:logAndReturn(56)) - 1244ca21-2158-4cc7-9e07-ba347e145504@group-C1C12825AC52-LeaderElection1171: Election REJECTED; received 2 response(s) [1244ca21-2158-4cc7-9e07-ba347e145504<-7c107f1d-8592-48e3-af71-5982c0af1f56#0:FAIL-t104, 1244ca21-2158-4cc7-9e07-ba347e145504<-d10c8639-03b1-4f19-ac0f-6419d7578d59#0:FAIL-t104] and 0 exception(s); 1244ca21-2158-4cc7-9e07-ba347e145504@group-C1C12825AC52:t104, leader=null, voted=1244ca21-2158-4cc7-9e07-ba347e145504, raftlog=1244ca21-2158-4cc7-9e07-ba347e145504@group-C1C12825AC52-SegmentedRaftLog:OPENED:c-1,f-1,i0, conf=-1: [1244ca21-2158-4cc7-9e07-ba347e145504:192.168.69.118:43370, 7c107f1d-8592-48e3-af71-5982c0af1f56:192.168.69.118:36514, d10c8639-03b1-4f19-ac0f-6419d7578d59:192.168.69.118:37568], old=null
2019-10-21 23:03:29,141 [1244ca21-2158-4cc7-9e07-ba347e145504@group-C1C12825AC52-LeaderElection1171] INFO  impl.RaftServerImpl (RaftServerImpl.java:setRole(184)) - 1244ca21-2158-4cc7-9e07-ba347e145504@group-C1C12825AC52: changes role from CANDIDATE to FOLLOWER at term 104 for DISCOVERED_A_NEW_TERM
2019-10-21 23:03:29,141 [1244ca21-2158-4cc7-9e07-ba347e145504@group-C1C12825AC52-LeaderElection1171] INFO  impl.RoleInfo (RoleInfo.java:shutdownLeaderElection(134)) - 1244ca21-2158-4cc7-9e07-ba347e145504: shutdown LeaderElection
2019-10-21 23:03:29,141 [1244ca21-2158-4cc7-9e07-ba347e145504@group-C1C12825AC52-LeaderElection1171] INFO  impl.RoleInfo (RoleInfo.java:updateAndGet(143)) - 1244ca21-2158-4cc7-9e07-ba347e145504: start FollowerState
2019-10-21 23:03:29,169 [Thread-10195] INFO  impl.FollowerState (FollowerState.java:run(108)) - 1244ca21-2158-4cc7-9e07-ba347e145504@group-C1C12825AC52-FollowerState: change to CANDIDATE, lastRpcTime:27ms, electionTimeout:27ms
2019-10-21 23:03:29,169 [Thread-10195] INFO  impl.RoleInfo (RoleInfo.java:shutdownFollowerState(121)) - 1244ca21-2158-4cc7-9e07-ba347e145504: shutdown FollowerState
2019-10-21 23:03:29,169 [Thread-10195] INFO  impl.RaftServerImpl (RaftServerImpl.java:setRole(184)) - 1244ca21-2158-4cc7-9e07-ba347e145504@group-C1C12825AC52: changes role from  FOLLOWER to CANDIDATE at term 104 for changeToCandidate
2019-10-21 23:03:29,169 [Thread-10195] INFO  impl.RoleInfo (RoleInfo.java:updateAndGet(143)) - 1244ca21-2158-4cc7-9e07-ba347e145504: start LeaderElection
2019-10-21 23:03:29,182 [1244ca21-2158-4cc7-9e07-ba347e145504@group-C1C12825AC52-LeaderElection1172] INFO  impl.LeaderElection (LeaderElection.java:askForVotes(178)) - 1244ca21-2158-4cc7-9e07-ba347e145504@group-C1C12825AC52-LeaderElection1172: begin an election at term 105 for -1: [1244ca21-2158-4cc7-9e07-ba347e145504:192.168.69.118:43370, 7c107f1d-8592-48e3-af71-5982c0af1f56:192.168.69.118:36514, d10c8639-03b1-4f19-ac0f-6419d7578d59:192.168.69.118:37568], old=null
2019-10-21 23:03:29,183 [grpc-default-executor-8] INFO  impl.RaftServerImpl (RaftServerImpl.java:setRole(184)) - 7c107f1d-8592-48e3-af71-5982c0af1f56@group-C1C12825AC52: changes role from  FOLLOWER to FOLLOWER at term 105 for recognizeCandidate:1244ca21-2158-4cc7-9e07-ba347e145504
2019-10-21 23:03:29,183 [grpc-default-executor-0] INFO  impl.RaftServerImpl (RaftServerImpl.java:setRole(184)) - d10c8639-03b1-4f19-ac0f-6419d7578d59@group-C1C12825AC52: changes role from  FOLLOWER to FOLLOWER at term 105 for recognizeCandidate:1244ca21-2158-4cc7-9e07-ba347e145504
2019-10-21 23:03:29,183 [grpc-default-executor-0] INFO  impl.RoleInfo (RoleInfo.java:shutdownFollowerState(121)) - d10c8639-03b1-4f19-ac0f-6419d7578d59: shutdown FollowerState
2019-10-21 23:03:29,183 [grpc-default-executor-8] INFO  impl.RoleInfo (RoleInfo.java:shutdownFollowerState(121)) - 7c107f1d-8592-48e3-af71-5982c0af1f56: shutdown FollowerState
2019-10-21 23:03:29,184 [grpc-default-executor-0] INFO  impl.RoleInfo (RoleInfo.java:updateAndGet(143)) - d10c8639-03b1-4f19-ac0f-6419d7578d59: start FollowerState
2019-10-21 23:03:29,184 [Thread-10193] INFO  impl.FollowerState (FollowerState.java:run(117)) - d10c8639-03b1-4f19-ac0f-6419d7578d59@group-C1C12825AC52-FollowerState was interrupted: java.lang.InterruptedException: sleep interrupted
2019-10-21 23:03:29,184 [grpc-default-executor-8] INFO  impl.RoleInfo (RoleInfo.java:updateAndGet(143)) - 7c107f1d-8592-48e3-af71-5982c0af1f56: start FollowerState
2019-10-21 23:03:29,184 [Thread-10194] INFO  impl.FollowerState (FollowerState.java:run(117)) - 7c107f1d-8592-48e3-af71-5982c0af1f56@group-C1C12825AC52-FollowerState was interrupted: java.lang.InterruptedException: sleep interrupted
2019-10-21 23:03:29,198 [1244ca21-2158-4cc7-9e07-ba347e145504@group-C1C12825AC52-LeaderElection1172] INFO  impl.LeaderElection (LeaderElection.java:logAndReturn(56)) - 1244ca21-2158-4cc7-9e07-ba347e145504@group-C1C12825AC52-LeaderElection1172: Election REJECTED; received 2 response(s) [1244ca21-2158-4cc7-9e07-ba347e145504<-7c107f1d-8592-48e3-af71-5982c0af1f56#0:FAIL-t105, 1244ca21-2158-4cc7-9e07-ba347e145504<-d10c8639-03b1-4f19-ac0f-6419d7578d59#0:FAIL-t105] and 0 exception(s); 1244ca21-2158-4cc7-9e07-ba347e145504@group-C1C12825AC52:t105, leader=null, voted=1244ca21-2158-4cc7-9e07-ba347e145504, raftlog=1244ca21-2158-4cc7-9e07-ba347e145504@group-C1C12825AC52-SegmentedRaftLog:OPENED:c-1,f-1,i0, conf=-1: [1244ca21-2158-4cc7-9e07-ba347e145504:192.168.69.118:43370, 7c107f1d-8592-48e3-af71-5982c0af1f56:192.168.69.118:36514, d10c8639-03b1-4f19-ac0f-6419d7578d59:192.168.69.118:37568], old=null
2019-10-21 23:03:29,198 [1244ca21-2158-4cc7-9e07-ba347e145504@group-C1C12825AC52-LeaderElection1172] INFO  impl.RaftServerImpl (RaftServerImpl.java:setRole(184)) - 1244ca21-2158-4cc7-9e07-ba347e145504@group-C1C12825AC52: changes role from CANDIDATE to FOLLOWER at term 105 for DISCOVERED_A_NEW_TERM
2019-10-21 23:03:29,198 [1244ca21-2158-4cc7-9e07-ba347e145504@group-C1C12825AC52-LeaderElection1172] INFO  impl.RoleInfo (RoleInfo.java:shutdownLeaderElection(134)) - 1244ca21-2158-4cc7-9e07-ba347e145504: shutdown LeaderElection
2019-10-21 23:03:29,198 [1244ca21-2158-4cc7-9e07-ba347e145504@group-C1C12825AC52-LeaderElection1172] INFO  impl.RoleInfo (RoleInfo.java:updateAndGet(143)) - 1244ca21-2158-4cc7-9e07-ba347e145504: start FollowerState
2019-10-21 23:03:29,293 [Thread-10203] INFO  impl.FollowerState (FollowerState.java:run(108)) - 1244ca21-2158-4cc7-9e07-ba347e145504@group-C1C12825AC52-FollowerState: change to CANDIDATE, lastRpcTime:95ms, electionTimeout:95ms
2019-10-21 23:03:29,293 [Thread-10203] INFO  impl.RoleInfo (RoleInfo.java:shutdownFollowerState(121)) - 1244ca21-2158-4cc7-9e07-ba347e145504: shutdown FollowerState
2019-10-21 23:03:29,293 [Thread-10203] INFO  impl.RaftServerImpl (RaftServerImpl.java:setRole(184)) - 1244ca21-2158-4cc7-9e07-ba347e145504@group-C1C12825AC52: changes role from  FOLLOWER to CANDIDATE at term 105 for changeToCandidate
2019-10-21 23:03:29,294 [Thread-10203] INFO  impl.RoleInfo (RoleInfo.java:updateAndGet(143)) - 1244ca21-2158-4cc7-9e07-ba347e145504: start LeaderElection
2019-10-21 23:03:29,301 [1244ca21-2158-4cc7-9e07-ba347e145504@group-C1C12825AC52-LeaderElection1173] INFO  impl.LeaderElection (LeaderElection.java:askForVotes(178)) - 1244ca21-2158-4cc7-9e07-ba347e145504@group-C1C12825AC52-LeaderElection1173: begin an election at term 106 for -1: [1244ca21-2158-4cc7-9e07-ba347e145504:192.168.69.118:43370, 7c107f1d-8592-48e3-af71-5982c0af1f56:192.168.69.118:36514, d10c8639-03b1-4f19-ac0f-6419d7578d59:192.168.69.118:37568], old=null
2019-10-21 23:03:29,303 [grpc-default-executor-0] INFO  impl.RaftServerImpl (RaftServerImpl.java:setRole(184)) - d10c8639-03b1-4f19-ac0f-6419d7578d59@group-C1C12825AC52: changes role from  FOLLOWER to FOLLOWER at term 106 for recognizeCandidate:1244ca21-2158-4cc7-9e07-ba347e145504
2019-10-21 23:03:29,303 [grpc-default-executor-8] INFO  impl.RaftServerImpl (RaftServerImpl.java:setRole(184)) - 7c107f1d-8592-48e3-af71-5982c0af1f56@group-C1C12825AC52: changes role from  FOLLOWER to FOLLOWER at term 106 for recognizeCandidate:1244ca21-2158-4cc7-9e07-ba347e145504
2019-10-21 23:03:29,303 [grpc-default-executor-8] INFO  impl.RoleInfo (RoleInfo.java:shutdownFollowerState(121)) - 7c107f1d-8592-48e3-af71-5982c0af1f56: shutdown FollowerState
2019-10-21 23:03:29,303 [grpc-default-executor-0] INFO  impl.RoleInfo (RoleInfo.java:shutdownFollowerState(121)) - d10c8639-03b1-4f19-ac0f-6419d7578d59: shutdown FollowerState
2019-10-21 23:03:29,303 [grpc-default-executor-0] INFO  impl.RoleInfo (RoleInfo.java:updateAndGet(143)) - d10c8639-03b1-4f19-ac0f-6419d7578d59: start FollowerState
2019-10-21 23:03:29,303 [Thread-10202] INFO  impl.FollowerState (FollowerState.java:run(117)) - 7c107f1d-8592-48e3-af71-5982c0af1f56@group-C1C12825AC52-FollowerState was interrupted: java.lang.InterruptedException: sleep interrupted
2019-10-21 23:03:29,303 [grpc-default-executor-8] INFO  impl.RoleInfo (RoleInfo.java:updateAndGet(143)) - 7c107f1d-8592-48e3-af71-5982c0af1f56: start FollowerState
2019-10-21 23:03:29,303 [Thread-10201] INFO  impl.FollowerState (FollowerState.java:run(117)) - d10c8639-03b1-4f19-ac0f-6419d7578d59@group-C1C12825AC52-FollowerState was interrupted: java.lang.InterruptedException: sleep interrupted
2019-10-21 23:03:29,343 [1244ca21-2158-4cc7-9e07-ba347e145504@group-C1C12825AC52-LeaderElection1173] INFO  impl.LeaderElection (LeaderElection.java:logAndReturn(56)) - 1244ca21-2158-4cc7-9e07-ba347e145504@group-C1C12825AC52-LeaderElection1173: Election REJECTED; received 2 response(s) [1244ca21-2158-4cc7-9e07-ba347e145504<-7c107f1d-8592-48e3-af71-5982c0af1f56#0:FAIL-t106, 1244ca21-2158-4cc7-9e07-ba347e145504<-d10c8639-03b1-4f19-ac0f-6419d7578d59#0:FAIL-t106] and 0 exception(s); 1244ca21-2158-4cc7-9e07-ba347e145504@group-C1C12825AC52:t106, leader=null, voted=1244ca21-2158-4cc7-9e07-ba347e145504, raftlog=1244ca21-2158-4cc7-9e07-ba347e145504@group-C1C12825AC52-SegmentedRaftLog:OPENED:c-1,f-1,i0, conf=-1: [1244ca21-2158-4cc7-9e07-ba347e145504:192.168.69.118:43370, 7c107f1d-8592-48e3-af71-5982c0af1f56:192.168.69.118:36514, d10c8639-03b1-4f19-ac0f-6419d7578d59:192.168.69.118:37568], old=null
2019-10-21 23:03:29,343 [1244ca21-2158-4cc7-9e07-ba347e145504@group-C1C12825AC52-LeaderElection1173] INFO  impl.RaftServerImpl (RaftServerImpl.java:setRole(184)) - 1244ca21-2158-4cc7-9e07-ba347e145504@group-C1C12825AC52: changes role from CANDIDATE to FOLLOWER at term 106 for DISCOVERED_A_NEW_TERM
2019-10-21 23:03:29,344 [1244ca21-2158-4cc7-9e07-ba347e145504@group-C1C12825AC52-LeaderElection1173] INFO  impl.RoleInfo (RoleInfo.java:shutdownLeaderElection(134)) - 1244ca21-2158-4cc7-9e07-ba347e145504: shutdown LeaderElection
2019-10-21 23:03:29,344 [1244ca21-2158-4cc7-9e07-ba347e145504@group-C1C12825AC52-LeaderElection1173] INFO  impl.RoleInfo (RoleInfo.java:updateAndGet(143)) - 1244ca21-2158-4cc7-9e07-ba347e145504: start FollowerState
2019-10-21 23:03:29,426 [Thread-10209] INFO  impl.FollowerState (FollowerState.java:run(108)) - 1244ca21-2158-4cc7-9e07-ba347e145504@group-C1C12825AC52-FollowerState: change to CANDIDATE, lastRpcTime:82ms, electionTimeout:82ms
2019-10-21 23:03:29,426 [Thread-10209] INFO  impl.RoleInfo (RoleInfo.java:shutdownFollowerState(121)) - 1244ca21-2158-4cc7-9e07-ba347e145504: shutdown FollowerState
2019-10-21 23:03:29,426 [Thread-10209] INFO  impl.RaftServerImpl (RaftServerImpl.java:setRole(184)) - 1244ca21-2158-4cc7-9e07-ba347e145504@group-C1C12825AC52: changes role from  FOLLOWER to CANDIDATE at term 106 for changeToCandidate
2019-10-21 23:03:29,426 [Thread-10209] INFO  impl.RoleInfo (RoleInfo.java:updateAndGet(143)) - 1244ca21-2158-4cc7-9e07-ba347e145504: start LeaderElection
2019-10-21 23:03:29,434 [1244ca21-2158-4cc7-9e07-ba347e145504@group-C1C12825AC52-LeaderElection1174] INFO  impl.LeaderElection (LeaderElection.java:askForVotes(178)) - 1244ca21-2158-4cc7-9e07-ba347e145504@group-C1C12825AC52-LeaderElection1174: begin an election at term 107 for -1: [1244ca21-2158-4cc7-9e07-ba347e145504:192.168.69.118:43370, 7c107f1d-8592-48e3-af71-5982c0af1f56:192.168.69.118:36514, d10c8639-03b1-4f19-ac0f-6419d7578d59:192.168.69.118:37568], old=null
2019-10-21 23:03:29,435 [grpc-default-executor-0] INFO  impl.RaftServerImpl (RaftServerImpl.java:setRole(184)) - 7c107f1d-8592-48e3-af71-5982c0af1f56@group-C1C12825AC52: changes role from  FOLLOWER to FOLLOWER at term 107 for recognizeCandidate:1244ca21-2158-4cc7-9e07-ba347e145504
2019-10-21 23:03:29,435 [grpc-default-executor-0] INFO  impl.RoleInfo (RoleInfo.java:shutdownFollowerState(121)) - 7c107f1d-8592-48e3-af71-5982c0af1f56: shutdown FollowerState
2019-10-21 23:03:29,435 [grpc-default-executor-8] INFO  impl.RaftServerImpl (RaftServerImpl.java:setRole(184)) - d10c8639-03b1-4f19-ac0f-6419d7578d59@group-C1C12825AC52: changes role from  FOLLOWER to FOLLOWER at term 107 for recognizeCandidate:1244ca21-2158-4cc7-9e07-ba347e145504
2019-10-21 23:03:29,435 [grpc-default-executor-0] INFO  impl.RoleInfo (RoleInfo.java:updateAndGet(143)) - 7c107f1d-8592-48e3-af71-5982c0af1f56: start FollowerState
2019-10-21 23:03:29,435 [Thread-10207] INFO  impl.FollowerState (FollowerState.java:run(117)) - 7c107f1d-8592-48e3-af71-5982c0af1f56@group-C1C12825AC52-FollowerState was interrupted: java.lang.InterruptedException: sleep interrupted
2019-10-21 23:03:29,435 [grpc-default-executor-8] INFO  impl.RoleInfo (RoleInfo.java:shutdownFollowerState(121)) - d10c8639-03b1-4f19-ac0f-6419d7578d59: shutdown FollowerState
2019-10-21 23:03:29,436 [grpc-default-executor-8] INFO  impl.RoleInfo (RoleInfo.java:updateAndGet(143)) - d10c8639-03b1-4f19-ac0f-6419d7578d59: start FollowerState
2019-10-21 23:03:29,436 [Thread-10208] INFO  impl.FollowerState (FollowerState.java:run(117)) - d10c8639-03b1-4f19-ac0f-6419d7578d59@group-C1C12825AC52-FollowerState was interrupted: java.lang.InterruptedException: sleep interrupted
2019-10-21 23:03:29,449 [1244ca21-2158-4cc7-9e07-ba347e145504@group-C1C12825AC52-LeaderElection1174] INFO  impl.LeaderElection (LeaderElection.java:logAndReturn(56)) - 1244ca21-2158-4cc7-9e07-ba347e145504@group-C1C12825AC52-LeaderElection1174: Election REJECTED; received 2 response(s) [1244ca21-2158-4cc7-9e07-ba347e145504<-7c107f1d-8592-48e3-af71-5982c0af1f56#0:FAIL-t107, 1244ca21-2158-4cc7-9e07-ba347e145504<-d10c8639-03b1-4f19-ac0f-6419d7578d59#0:FAIL-t107] and 0 exception(s); 1244ca21-2158-4cc7-9e07-ba347e145504@group-C1C12825AC52:t107, leader=null, voted=1244ca21-2158-4cc7-9e07-ba347e145504, raftlog=1244ca21-2158-4cc7-9e07-ba347e145504@group-C1C12825AC52-SegmentedRaftLog:OPENED:c-1,f-1,i0, conf=-1: [1244ca21-2158-4cc7-9e07-ba347e145504:192.168.69.118:43370, 7c107f1d-8592-48e3-af71-5982c0af1f56:192.168.69.118:36514, d10c8639-03b1-4f19-ac0f-6419d7578d59:192.168.69.118:37568], old=null
2019-10-21 23:03:29,449 [1244ca21-2158-4cc7-9e07-ba347e145504@group-C1C12825AC52-LeaderElection1174] INFO  impl.RaftServerImpl (RaftServerImpl.java:setRole(184)) - 1244ca21-2158-4cc7-9e07-ba347e145504@group-C1C12825AC52: changes role from CANDIDATE to FOLLOWER at term 107 for DISCOVERED_A_NEW_TERM
2019-10-21 23:03:29,449 [1244ca21-2158-4cc7-9e07-ba347e145504@group-C1C12825AC52-LeaderElection1174] INFO  impl.RoleInfo (RoleInfo.java:shutdownLeaderElection(134)) - 1244ca21-2158-4cc7-9e07-ba347e145504: shutdown LeaderElection
2019-10-21 23:03:29,449 [1244ca21-2158-4cc7-9e07-ba347e145504@group-C1C12825AC52-LeaderElection1174] INFO  impl.RoleInfo (RoleInfo.java:updateAndGet(143)) - 1244ca21-2158-4cc7-9e07-ba347e145504: start FollowerState
2019-10-21 23:03:29,598 [Thread-10215] INFO  impl.FollowerState (FollowerState.java:run(108)) - 1244ca21-2158-4cc7-9e07-ba347e145504@group-C1C12825AC52-FollowerState: change to CANDIDATE, lastRpcTime:148ms, electionTimeout:148ms
2019-10-21 23:03:29,598 [Thread-10215] INFO  impl.RoleInfo (RoleInfo.java:shutdownFollowerState(121)) - 1244ca21-2158-4cc7-9e07-ba347e145504: shutdown FollowerState
2019-10-21 23:03:29,598 [Thread-10215] INFO  impl.RaftServerImpl (RaftServerImpl.java:setRole(184)) - 1244ca21-2158-4cc7-9e07-ba347e145504@group-C1C12825AC52: changes role from  FOLLOWER to CANDIDATE at term 107 for changeToCandidate
2019-10-21 23:03:29,598 [Thread-10215] INFO  impl.RoleInfo (RoleInfo.java:updateAndGet(143)) - 1244ca21-2158-4cc7-9e07-ba347e145504: start LeaderElection
2019-10-21 23:03:29,613 [1244ca21-2158-4cc7-9e07-ba347e145504@group-C1C12825AC52-LeaderElection1175] INFO  impl.LeaderElection (LeaderElection.java:askForVotes(178)) - 1244ca21-2158-4cc7-9e07-ba347e145504@group-C1C12825AC52-LeaderElection1175: begin an election at term 108 for -1: [1244ca21-2158-4cc7-9e07-ba347e145504:192.168.69.118:43370, 7c107f1d-8592-48e3-af71-5982c0af1f56:192.168.69.118:36514, d10c8639-03b1-4f19-ac0f-6419d7578d59:192.168.69.118:37568], old=null
2019-10-21 23:03:29,615 [grpc-default-executor-8] INFO  impl.RaftServerImpl (RaftServerImpl.java:setRole(184)) - d10c8639-03b1-4f19-ac0f-6419d7578d59@group-C1C12825AC52: changes role from  FOLLOWER to FOLLOWER at term 108 for recognizeCandidate:1244ca21-2158-4cc7-9e07-ba347e145504
2019-10-21 23:03:29,615 [grpc-default-executor-8] INFO  impl.RoleInfo (RoleInfo.java:shutdownFollowerState(121)) - d10c8639-03b1-4f19-ac0f-6419d7578d59: shutdown FollowerState
2019-10-21 23:03:29,615 [grpc-default-executor-8] INFO  impl.RoleInfo (RoleInfo.java:updateAndGet(143)) - d10c8639-03b1-4f19-ac0f-6419d7578d59: start FollowerState
2019-10-21 23:03:29,615 [grpc-default-executor-0] INFO  impl.RaftServerImpl (RaftServerImpl.java:setRole(184)) - 7c107f1d-8592-48e3-af71-5982c0af1f56@group-C1C12825AC52: changes role from  FOLLOWER to FOLLOWER at term 108 for recognizeCandidate:1244ca21-2158-4cc7-9e07-ba347e145504
2019-10-21 23:03:29,615 [Thread-10214] INFO  impl.FollowerState (FollowerState.java:run(117)) - d10c8639-03b1-4f19-ac0f-6419d7578d59@group-C1C12825AC52-FollowerState was interrupted: java.lang.InterruptedException: sleep interrupted
2019-10-21 23:03:29,615 [grpc-default-executor-0] INFO  impl.RoleInfo (RoleInfo.java:shutdownFollowerState(121)) - 7c107f1d-8592-48e3-af71-5982c0af1f56: shutdown FollowerState
2019-10-21 23:03:29,616 [grpc-default-executor-0] INFO  impl.RoleInfo (RoleInfo.java:updateAndGet(143)) - 7c107f1d-8592-48e3-af71-5982c0af1f56: start FollowerState
2019-10-21 23:03:29,616 [Thread-10213] INFO  impl.FollowerState (FollowerState.java:run(117)) - 7c107f1d-8592-48e3-af71-5982c0af1f56@group-C1C12825AC52-FollowerState was interrupted: java.lang.InterruptedException: sleep interrupted
2019-10-21 23:03:29,630 [1244ca21-2158-4cc7-9e07-ba347e145504@group-C1C12825AC52-LeaderElection1175] INFO  impl.LeaderElection (LeaderElection.java:logAndReturn(56)) - 1244ca21-2158-4cc7-9e07-ba347e145504@group-C1C12825AC52-LeaderElection1175: Election REJECTED; received 2 response(s) [1244ca21-2158-4cc7-9e07-ba347e145504<-7c107f1d-8592-48e3-af71-5982c0af1f56#0:FAIL-t108, 1244ca21-2158-4cc7-9e07-ba347e145504<-d10c8639-03b1-4f19-ac0f-6419d7578d59#0:FAIL-t108] and 0 exception(s); 1244ca21-2158-4cc7-9e07-ba347e145504@group-C1C12825AC52:t108, leader=null, voted=1244ca21-2158-4cc7-9e07-ba347e145504, raftlog=1244ca21-2158-4cc7-9e07-ba347e145504@group-C1C12825AC52-SegmentedRaftLog:OPENED:c-1,f-1,i0, conf=-1: [1244ca21-2158-4cc7-9e07-ba347e145504:192.168.69.118:43370, 7c107f1d-8592-48e3-af71-5982c0af1f56:192.168.69.118:36514, d10c8639-03b1-4f19-ac0f-6419d7578d59:192.168.69.118:37568], old=null
2019-10-21 23:03:29,630 [1244ca21-2158-4cc7-9e07-ba347e145504@group-C1C12825AC52-LeaderElection1175] INFO  impl.RaftServerImpl (RaftServerImpl.java:setRole(184)) - 1244ca21-2158-4cc7-9e07-ba347e145504@group-C1C12825AC52: changes role from CANDIDATE to FOLLOWER at term 108 for DISCOVERED_A_NEW_TERM
2019-10-21 23:03:29,630 [1244ca21-2158-4cc7-9e07-ba347e145504@group-C1C12825AC52-LeaderElection1175] INFO  impl.RoleInfo (RoleInfo.java:shutdownLeaderElection(134)) - 1244ca21-2158-4cc7-9e07-ba347e145504: shutdown LeaderElection
2019-10-21 23:03:29,630 [1244ca21-2158-4cc7-9e07-ba347e145504@group-C1C12825AC52-LeaderElection1175] INFO  impl.RoleInfo (RoleInfo.java:updateAndGet(143)) - 1244ca21-2158-4cc7-9e07-ba347e145504: start FollowerState
2019-10-21 23:03:29,811 [Thread-10223] INFO  impl.FollowerState (FollowerState.java:run(108)) - 1244ca21-2158-4cc7-9e07-ba347e145504@group-C1C12825AC52-FollowerState: change to CANDIDATE, lastRpcTime:181ms, electionTimeout:181ms
2019-10-21 23:03:29,812 [Thread-10223] INFO  impl.RoleInfo (RoleInfo.java:shutdownFollowerState(121)) - 1244ca21-2158-4cc7-9e07-ba347e145504: shutdown FollowerState
2019-10-21 23:03:29,812 [Thread-10223] INFO  impl.RaftServerImpl (RaftServerImpl.java:setRole(184)) - 1244ca21-2158-4cc7-9e07-ba347e145504@group-C1C12825AC52: changes role from  FOLLOWER to CANDIDATE at term 108 for changeToCandidate
2019-10-21 23:03:29,812 [Thread-10223] INFO  impl.RoleInfo (RoleInfo.java:updateAndGet(143)) - 1244ca21-2158-4cc7-9e07-ba347e145504: start LeaderElection
2019-10-21 23:03:29,827 [1244ca21-2158-4cc7-9e07-ba347e145504@group-C1C12825AC52-LeaderElection1176] INFO  impl.LeaderElection (LeaderElection.java:askForVotes(178)) - 1244ca21-2158-4cc7-9e07-ba347e145504@group-C1C12825AC52-LeaderElection1176: begin an election at term 109 for -1: [1244ca21-2158-4cc7-9e07-ba347e145504:192.168.69.118:43370, 7c107f1d-8592-48e3-af71-5982c0af1f56:192.168.69.118:36514, d10c8639-03b1-4f19-ac0f-6419d7578d59:192.168.69.118:37568], old=null
2019-10-21 23:03:29,828 [grpc-default-executor-0] INFO  impl.RaftServerImpl (RaftServerImpl.java:setRole(184)) - d10c8639-03b1-4f19-ac0f-6419d7578d59@group-C1C12825AC52: changes role from  FOLLOWER to FOLLOWER at term 109 for recognizeCandidate:1244ca21-2158-4cc7-9e07-ba347e145504
2019-10-21 23:03:29,828 [grpc-default-executor-0] INFO  impl.RoleInfo (RoleInfo.java:shutdownFollowerState(121)) - d10c8639-03b1-4f19-ac0f-6419d7578d59: shutdown FollowerState
2019-10-21 23:03:29,828 [grpc-default-executor-8] INFO  impl.RaftServerImpl (RaftServerImpl.java:setRole(184)) - 7c107f1d-8592-48e3-af71-5982c0af1f56@group-C1C12825AC52: changes role from  FOLLOWER to FOLLOWER at term 109 for recognizeCandidate:1244ca21-2158-4cc7-9e07-ba347e145504
2019-10-21 23:03:29,828 [Thread-10219] INFO  impl.FollowerState (FollowerState.java:run(117)) - d10c8639-03b1-4f19-ac0f-6419d7578d59@group-C1C12825AC52-FollowerState was interrupted: java.lang.InterruptedException: sleep interrupted
2019-10-21 23:03:29,828 [grpc-default-executor-0] INFO  impl.RoleInfo (RoleInfo.java:updateAndGet(143)) - d10c8639-03b1-4f19-ac0f-6419d7578d59: start FollowerState
2019-10-21 23:03:29,828 [grpc-default-executor-8] INFO  impl.RoleInfo (RoleInfo.java:shutdownFollowerState(121)) - 7c107f1d-8592-48e3-af71-5982c0af1f56: shutdown FollowerState
2019-10-21 23:03:29,829 [grpc-default-executor-8] INFO  impl.RoleInfo (RoleInfo.java:updateAndGet(143)) - 7c107f1d-8592-48e3-af71-5982c0af1f56: start FollowerState
2019-10-21 23:03:29,829 [Thread-10220] INFO  impl.FollowerState (FollowerState.java:run(117)) - 7c107f1d-8592-48e3-af71-5982c0af1f56@group-C1C12825AC52-FollowerState was interrupted: java.lang.InterruptedException: sleep interrupted
2019-10-21 23:03:29,853 [1244ca21-2158-4cc7-9e07-ba347e145504@group-C1C12825AC52-LeaderElection1176] INFO  impl.LeaderElection (LeaderElection.java:logAndReturn(56)) - 1244ca21-2158-4cc7-9e07-ba347e145504@group-C1C12825AC52-LeaderElection1176: Election REJECTED; received 2 response(s) [1244ca21-2158-4cc7-9e07-ba347e145504<-7c107f1d-8592-48e3-af71-5982c0af1f56#0:FAIL-t109, 1244ca21-2158-4cc7-9e07-ba347e145504<-d10c8639-03b1-4f19-ac0f-6419d7578d59#0:FAIL-t109] and 0 exception(s); 1244ca21-2158-4cc7-9e07-ba347e145504@group-C1C12825AC52:t109, leader=null, voted=1244ca21-2158-4cc7-9e07-ba347e145504, raftlog=1244ca21-2158-4cc7-9e07-ba347e145504@group-C1C12825AC52-SegmentedRaftLog:OPENED:c-1,f-1,i0, conf=-1: [1244ca21-2158-4cc7-9e07-ba347e145504:192.168.69.118:43370, 7c107f1d-8592-48e3-af71-5982c0af1f56:192.168.69.118:36514, d10c8639-03b1-4f19-ac0f-6419d7578d59:192.168.69.118:37568], old=null
2019-10-21 23:03:29,853 [1244ca21-2158-4cc7-9e07-ba347e145504@group-C1C12825AC52-LeaderElection1176] INFO  impl.RaftServerImpl (RaftServerImpl.java:setRole(184)) - 1244ca21-2158-4cc7-9e07-ba347e145504@group-C1C12825AC52: changes role from CANDIDATE to FOLLOWER at term 109 for DISCOVERED_A_NEW_TERM
2019-10-21 23:03:29,853 [1244ca21-2158-4cc7-9e07-ba347e145504@group-C1C12825AC52-LeaderElection1176] INFO  impl.RoleInfo (RoleInfo.java:shutdownLeaderElection(134)) - 1244ca21-2158-4cc7-9e07-ba347e145504: shutdown LeaderElection
2019-10-21 23:03:29,853 [1244ca21-2158-4cc7-9e07-ba347e145504@group-C1C12825AC52-LeaderElection1176] INFO  impl.RoleInfo (RoleInfo.java:updateAndGet(143)) - 1244ca21-2158-4cc7-9e07-ba347e145504: start FollowerState
2019-10-21 23:03:30,049 [Thread-10231] INFO  impl.FollowerState (FollowerState.java:run(108)) - 1244ca21-2158-4cc7-9e07-ba347e145504@group-C1C12825AC52-FollowerState: change to CANDIDATE, lastRpcTime:195ms, electionTimeout:195ms
2019-10-21 23:03:30,049 [Thread-10231] INFO  impl.RoleInfo (RoleInfo.java:shutdownFollowerState(121)) - 1244ca21-2158-4cc7-9e07-ba347e145504: shutdown FollowerState
2019-10-21 23:03:30,049 [Thread-10231] INFO  impl.RaftServerImpl (RaftServerImpl.java:setRole(184)) - 1244ca21-2158-4cc7-9e07-ba347e145504@group-C1C12825AC52: changes role from  FOLLOWER to CANDIDATE at term 109 for changeToCandidate
2019-10-21 23:03:30,049 [Thread-10231] INFO  impl.RoleInfo (RoleInfo.java:updateAndGet(143)) - 1244ca21-2158-4cc7-9e07-ba347e145504: start LeaderElection
2019-10-21 23:03:30,064 [1244ca21-2158-4cc7-9e07-ba347e145504@group-C1C12825AC52-LeaderElection1177] INFO  impl.LeaderElection (LeaderElection.java:askForVotes(178)) - 1244ca21-2158-4cc7-9e07-ba347e145504@group-C1C12825AC52-LeaderElection1177: begin an election at term 110 for -1: [1244ca21-2158-4cc7-9e07-ba347e145504:192.168.69.118:43370, 7c107f1d-8592-48e3-af71-5982c0af1f56:192.168.69.118:36514, d10c8639-03b1-4f19-ac0f-6419d7578d59:192.168.69.118:37568], old=null
2019-10-21 23:03:30,066 [grpc-default-executor-8] INFO  impl.RaftServerImpl (RaftServerImpl.java:setRole(184)) - 7c107f1d-8592-48e3-af71-5982c0af1f56@group-C1C12825AC52: changes role from  FOLLOWER to FOLLOWER at term 110 for recognizeCandidate:1244ca21-2158-4cc7-9e07-ba347e145504
2019-10-21 23:03:30,066 [grpc-default-executor-8] INFO  impl.RoleInfo (RoleInfo.java:shutdownFollowerState(121)) - 7c107f1d-8592-48e3-af71-5982c0af1f56: shutdown FollowerState
2019-10-21 23:03:30,066 [grpc-default-executor-0] INFO  impl.RaftServerImpl (RaftServerImpl.java:setRole(184)) - d10c8639-03b1-4f19-ac0f-6419d7578d59@group-C1C12825AC52: changes role from  FOLLOWER to FOLLOWER at term 110 for recognizeCandidate:1244ca21-2158-4cc7-9e07-ba347e145504
2019-10-21 23:03:30,066 [grpc-default-executor-0] INFO  impl.RoleInfo (RoleInfo.java:shutdownFollowerState(121)) - d10c8639-03b1-4f19-ac0f-6419d7578d59: shutdown FollowerState
2019-10-21 23:03:30,066 [Thread-10230] INFO  impl.FollowerState (FollowerState.java:run(117)) - 7c107f1d-8592-48e3-af71-5982c0af1f56@group-C1C12825AC52-FollowerState was interrupted: java.lang.InterruptedException: sleep interrupted
2019-10-21 23:03:30,066 [grpc-default-executor-8] INFO  impl.RoleInfo (RoleInfo.java:updateAndGet(143)) - 7c107f1d-8592-48e3-af71-5982c0af1f56: start FollowerState
2019-10-21 23:03:30,066 [Thread-10229] INFO  impl.FollowerState (FollowerState.java:run(117)) - d10c8639-03b1-4f19-ac0f-6419d7578d59@group-C1C12825AC52-FollowerState was interrupted: java.lang.InterruptedException: sleep interrupted
2019-10-21 23:03:30,066 [grpc-default-executor-0] INFO  impl.RoleInfo (RoleInfo.java:updateAndGet(143)) - d10c8639-03b1-4f19-ac0f-6419d7578d59: start FollowerState
2019-10-21 23:03:30,078 [1244ca21-2158-4cc7-9e07-ba347e145504@group-C1C12825AC52-LeaderElection1177] INFO  impl.LeaderElection (LeaderElection.java:logAndReturn(56)) - 1244ca21-2158-4cc7-9e07-ba347e145504@group-C1C12825AC52-LeaderElection1177: Election REJECTED; received 2 response(s) [1244ca21-2158-4cc7-9e07-ba347e145504<-7c107f1d-8592-48e3-af71-5982c0af1f56#0:FAIL-t110, 1244ca21-2158-4cc7-9e07-ba347e145504<-d10c8639-03b1-4f19-ac0f-6419d7578d59#0:FAIL-t110] and 0 exception(s); 1244ca21-2158-4cc7-9e07-ba347e145504@group-C1C12825AC52:t110, leader=null, voted=1244ca21-2158-4cc7-9e07-ba347e145504, raftlog=1244ca21-2158-4cc7-9e07-ba347e145504@group-C1C12825AC52-SegmentedRaftLog:OPENED:c-1,f-1,i0, conf=-1: [1244ca21-2158-4cc7-9e07-ba347e145504:192.168.69.118:43370, 7c107f1d-8592-48e3-af71-5982c0af1f56:192.168.69.118:36514, d10c8639-03b1-4f19-ac0f-6419d7578d59:192.168.69.118:37568], old=null
2019-10-21 23:03:30,078 [1244ca21-2158-4cc7-9e07-ba347e145504@group-C1C12825AC52-LeaderElection1177] INFO  impl.RaftServerImpl (RaftServerImpl.java:setRole(184)) - 1244ca21-2158-4cc7-9e07-ba347e145504@group-C1C12825AC52: changes role from CANDIDATE to FOLLOWER at term 110 for DISCOVERED_A_NEW_TERM
2019-10-21 23:03:30,078 [1244ca21-2158-4cc7-9e07-ba347e145504@group-C1C12825AC52-LeaderElection1177] INFO  impl.RoleInfo (RoleInfo.java:shutdownLeaderElection(134)) - 1244ca21-2158-4cc7-9e07-ba347e145504: shutdown LeaderElection
2019-10-21 23:03:30,078 [1244ca21-2158-4cc7-9e07-ba347e145504@group-C1C12825AC52-LeaderElection1177] INFO  impl.RoleInfo (RoleInfo.java:updateAndGet(143)) - 1244ca21-2158-4cc7-9e07-ba347e145504: start FollowerState
2019-10-21 23:03:30,154 [Thread-10237] INFO  impl.FollowerState (FollowerState.java:run(108)) - 1244ca21-2158-4cc7-9e07-ba347e145504@group-C1C12825AC52-FollowerState: change to CANDIDATE, lastRpcTime:75ms, electionTimeout:75ms
2019-10-21 23:03:30,154 [Thread-10237] INFO  impl.RoleInfo (RoleInfo.java:shutdownFollowerState(121)) - 1244ca21-2158-4cc7-9e07-ba347e145504: shutdown FollowerState
2019-10-21 23:03:30,154 [Thread-10237] INFO  impl.RaftServerImpl (RaftServerImpl.java:setRole(184)) - 1244ca21-2158-4cc7-9e07-ba347e145504@group-C1C12825AC52: changes role from  FOLLOWER to CANDIDATE at term 110 for changeToCandidate
2019-10-21 23:03:30,154 [Thread-10237] INFO  impl.RoleInfo (RoleInfo.java:updateAndGet(143)) - 1244ca21-2158-4cc7-9e07-ba347e145504: start LeaderElection
2019-10-21 23:03:30,168 [1244ca21-2158-4cc7-9e07-ba347e145504@group-C1C12825AC52-LeaderElection1178] INFO  impl.LeaderElection (LeaderElection.java:askForVotes(178)) - 1244ca21-2158-4cc7-9e07-ba347e145504@group-C1C12825AC52-LeaderElection1178: begin an election at term 111 for -1: [1244ca21-2158-4cc7-9e07-ba347e145504:192.168.69.118:43370, 7c107f1d-8592-48e3-af71-5982c0af1f56:192.168.69.118:36514, d10c8639-03b1-4f19-ac0f-6419d7578d59:192.168.69.118:37568], old=null
2019-10-21 23:03:30,169 [grpc-default-executor-8] INFO  impl.RaftServerImpl (RaftServerImpl.java:setRole(184)) - 7c107f1d-8592-48e3-af71-5982c0af1f56@group-C1C12825AC52: changes role from  FOLLOWER to FOLLOWER at term 111 for recognizeCandidate:1244ca21-2158-4cc7-9e07-ba347e145504
2019-10-21 23:03:30,169 [grpc-default-executor-0] INFO  impl.RaftServerImpl (RaftServerImpl.java:setRole(184)) - d10c8639-03b1-4f19-ac0f-6419d7578d59@group-C1C12825AC52: changes role from  FOLLOWER to FOLLOWER at term 111 for recognizeCandidate:1244ca21-2158-4cc7-9e07-ba347e145504
2019-10-21 23:03:30,170 [grpc-default-executor-0] INFO  impl.RoleInfo (RoleInfo.java:shutdownFollowerState(121)) - d10c8639-03b1-4f19-ac0f-6419d7578d59: shutdown FollowerState
2019-10-21 23:03:30,170 [grpc-default-executor-8] INFO  impl.RoleInfo (RoleInfo.java:shutdownFollowerState(121)) - 7c107f1d-8592-48e3-af71-5982c0af1f56: shutdown FollowerState
2019-10-21 23:03:30,170 [grpc-default-executor-0] INFO  impl.RoleInfo (RoleInfo.java:updateAndGet(143)) - d10c8639-03b1-4f19-ac0f-6419d7578d59: start FollowerState
2019-10-21 23:03:30,170 [Thread-10236] INFO  impl.FollowerState (FollowerState.java:run(117)) - d10c8639-03b1-4f19-ac0f-6419d7578d59@group-C1C12825AC52-FollowerState was interrupted: java.lang.InterruptedException: sleep interrupted
2019-10-21 23:03:30,170 [grpc-default-executor-8] INFO  impl.RoleInfo (RoleInfo.java:updateAndGet(143)) - 7c107f1d-8592-48e3-af71-5982c0af1f56: start FollowerState
2019-10-21 23:03:30,170 [Thread-10235] INFO  impl.FollowerState (FollowerState.java:run(117)) - 7c107f1d-8592-48e3-af71-5982c0af1f56@group-C1C12825AC52-FollowerState was interrupted: java.lang.InterruptedException: sleep interrupted
2019-10-21 23:03:30,184 [1244ca21-2158-4cc7-9e07-ba347e145504@group-C1C12825AC52-LeaderElection1178] INFO  impl.LeaderElection (LeaderElection.java:logAndReturn(56)) - 1244ca21-2158-4cc7-9e07-ba347e145504@group-C1C12825AC52-LeaderElection1178: Election REJECTED; received 2 response(s) [1244ca21-2158-4cc7-9e07-ba347e145504<-7c107f1d-8592-48e3-af71-5982c0af1f56#0:FAIL-t111, 1244ca21-2158-4cc7-9e07-ba347e145504<-d10c8639-03b1-4f19-ac0f-6419d7578d59#0:FAIL-t111] and 0 exception(s); 1244ca21-2158-4cc7-9e07-ba347e145504@group-C1C12825AC52:t111, leader=null, voted=1244ca21-2158-4cc7-9e07-ba347e145504, raftlog=1244ca21-2158-4cc7-9e07-ba347e145504@group-C1C12825AC52-SegmentedRaftLog:OPENED:c-1,f-1,i0, conf=-1: [1244ca21-2158-4cc7-9e07-ba347e145504:192.168.69.118:43370, 7c107f1d-8592-48e3-af71-5982c0af1f56:192.168.69.118:36514, d10c8639-03b1-4f19-ac0f-6419d7578d59:192.168.69.118:37568], old=null
2019-10-21 23:03:30,184 [1244ca21-2158-4cc7-9e07-ba347e145504@group-C1C12825AC52-LeaderElection1178] INFO  impl.RaftServerImpl (RaftServerImpl.java:setRole(184)) - 1244ca21-2158-4cc7-9e07-ba347e145504@group-C1C12825AC52: changes role from CANDIDATE to FOLLOWER at term 111 for DISCOVERED_A_NEW_TERM
2019-10-21 23:03:30,184 [1244ca21-2158-4cc7-9e07-ba347e145504@group-C1C12825AC52-LeaderElection1178] INFO  impl.RoleInfo (RoleInfo.java:shutdownLeaderElection(134)) - 1244ca21-2158-4cc7-9e07-ba347e145504: shutdown LeaderElection
2019-10-21 23:03:30,184 [1244ca21-2158-4cc7-9e07-ba347e145504@group-C1C12825AC52-LeaderElection1178] INFO  impl.RoleInfo (RoleInfo.java:updateAndGet(143)) - 1244ca21-2158-4cc7-9e07-ba347e145504: start FollowerState
2019-10-21 23:03:30,371 [Thread-10247] INFO  impl.FollowerState (FollowerState.java:run(108)) - 1244ca21-2158-4cc7-9e07-ba347e145504@group-C1C12825AC52-FollowerState: change to CANDIDATE, lastRpcTime:186ms, electionTimeout:186ms
2019-10-21 23:03:30,371 [Thread-10247] INFO  impl.RoleInfo (RoleInfo.java:shutdownFollowerState(121)) - 1244ca21-2158-4cc7-9e07-ba347e145504: shutdown FollowerState
2019-10-21 23:03:30,371 [Thread-10247] INFO  impl.RaftServerImpl (RaftServerImpl.java:setRole(184)) - 1244ca21-2158-4cc7-9e07-ba347e145504@group-C1C12825AC52: changes role from  FOLLOWER to CANDIDATE at term 111 for changeToCandidate
2019-10-21 23:03:30,371 [Thread-10247] INFO  impl.RoleInfo (RoleInfo.java:updateAndGet(143)) - 1244ca21-2158-4cc7-9e07-ba347e145504: start LeaderElection
2019-10-21 23:03:30,386 [1244ca21-2158-4cc7-9e07-ba347e145504@group-C1C12825AC52-LeaderElection1179] INFO  impl.LeaderElection (LeaderElection.java:askForVotes(178)) - 1244ca21-2158-4cc7-9e07-ba347e145504@group-C1C12825AC52-LeaderElection1179: begin an election at term 112 for -1: [1244ca21-2158-4cc7-9e07-ba347e145504:192.168.69.118:43370, 7c107f1d-8592-48e3-af71-5982c0af1f56:192.168.69.118:36514, d10c8639-03b1-4f19-ac0f-6419d7578d59:192.168.69.118:37568], old=null
2019-10-21 23:03:30,387 [grpc-default-executor-8] INFO  impl.RaftServerImpl (RaftServerImpl.java:setRole(184)) - 7c107f1d-8592-48e3-af71-5982c0af1f56@group-C1C12825AC52: changes role from  FOLLOWER to FOLLOWER at term 112 for recognizeCandidate:1244ca21-2158-4cc7-9e07-ba347e145504
2019-10-21 23:03:30,387 [grpc-default-executor-8] INFO  impl.RoleInfo (RoleInfo.java:shutdownFollowerState(121)) - 7c107f1d-8592-48e3-af71-5982c0af1f56: shutdown FollowerState
2019-10-21 23:03:30,387 [grpc-default-executor-0] INFO  impl.RaftServerImpl (RaftServerImpl.java:setRole(184)) - d10c8639-03b1-4f19-ac0f-6419d7578d59@group-C1C12825AC52: changes role from  FOLLOWER to FOLLOWER at term 112 for recognizeCandidate:1244ca21-2158-4cc7-9e07-ba347e145504
2019-10-21 23:03:30,388 [grpc-default-executor-0] INFO  impl.RoleInfo (RoleInfo.java:shutdownFollowerState(121)) - d10c8639-03b1-4f19-ac0f-6419d7578d59: shutdown FollowerState
2019-10-21 23:03:30,388 [Thread-10244] INFO  impl.FollowerState (FollowerState.java:run(117)) - 7c107f1d-8592-48e3-af71-5982c0af1f56@group-C1C12825AC52-FollowerState was interrupted: java.lang.InterruptedException: sleep interrupted
2019-10-21 23:03:30,387 [grpc-default-executor-8] INFO  impl.RoleInfo (RoleInfo.java:updateAndGet(143)) - 7c107f1d-8592-48e3-af71-5982c0af1f56: start FollowerState
2019-10-21 23:03:30,388 [Thread-10243] INFO  impl.FollowerState (FollowerState.java:run(117)) - d10c8639-03b1-4f19-ac0f-6419d7578d59@group-C1C12825AC52-FollowerState was interrupted: java.lang.InterruptedException: sleep interrupted
2019-10-21 23:03:30,388 [grpc-default-executor-0] INFO  impl.RoleInfo (RoleInfo.java:updateAndGet(143)) - d10c8639-03b1-4f19-ac0f-6419d7578d59: start FollowerState
2019-10-21 23:03:30,401 [1244ca21-2158-4cc7-9e07-ba347e145504@group-C1C12825AC52-LeaderElection1179] INFO  impl.LeaderElection (LeaderElection.java:logAndReturn(56)) - 1244ca21-2158-4cc7-9e07-ba347e145504@group-C1C12825AC52-LeaderElection1179: Election TIMEOUT; received 0 response(s) [] and 0 exception(s); 1244ca21-2158-4cc7-9e07-ba347e145504@group-C1C12825AC52:t112, leader=null, voted=1244ca21-2158-4cc7-9e07-ba347e145504, raftlog=1244ca21-2158-4cc7-9e07-ba347e145504@group-C1C12825AC52-SegmentedRaftLog:OPENED:c-1,f-1,i0, conf=-1: [1244ca21-2158-4cc7-9e07-ba347e145504:192.168.69.118:43370, 7c107f1d-8592-48e3-af71-5982c0af1f56:192.168.69.118:36514, d10c8639-03b1-4f19-ac0f-6419d7578d59:192.168.69.118:37568], old=null
2019-10-21 23:03:30,405 [1244ca21-2158-4cc7-9e07-ba347e145504@group-C1C12825AC52-LeaderElection1179] INFO  impl.LeaderElection (LeaderElection.java:askForVotes(178)) - 1244ca21-2158-4cc7-9e07-ba347e145504@group-C1C12825AC52-LeaderElection1179: begin an election at term 113 for -1: [1244ca21-2158-4cc7-9e07-ba347e145504:192.168.69.118:43370, 7c107f1d-8592-48e3-af71-5982c0af1f56:192.168.69.118:36514, d10c8639-03b1-4f19-ac0f-6419d7578d59:192.168.69.118:37568], old=null
2019-10-21 23:03:30,406 [grpc-default-executor-0] INFO  impl.RaftServerImpl (RaftServerImpl.java:setRole(184)) - 7c107f1d-8592-48e3-af71-5982c0af1f56@group-C1C12825AC52: changes role from  FOLLOWER to FOLLOWER at term 113 for recognizeCandidate:1244ca21-2158-4cc7-9e07-ba347e145504
2019-10-21 23:03:30,406 [grpc-default-executor-8] INFO  impl.RaftServerImpl (RaftServerImpl.java:setRole(184)) - d10c8639-03b1-4f19-ac0f-6419d7578d59@group-C1C12825AC52: changes role from  FOLLOWER to FOLLOWER at term 113 for recognizeCandidate:1244ca21-2158-4cc7-9e07-ba347e145504
2019-10-21 23:03:30,406 [grpc-default-executor-0] INFO  impl.RoleInfo (RoleInfo.java:shutdownFollowerState(121)) - 7c107f1d-8592-48e3-af71-5982c0af1f56: shutdown FollowerState
2019-10-21 23:03:30,406 [grpc-default-executor-8] INFO  impl.RoleInfo (RoleInfo.java:shutdownFollowerState(121)) - d10c8639-03b1-4f19-ac0f-6419d7578d59: shutdown FollowerState
2019-10-21 23:03:30,406 [Thread-10251] INFO  impl.FollowerState (FollowerState.java:run(117)) - 7c107f1d-8592-48e3-af71-5982c0af1f56@group-C1C12825AC52-FollowerState was interrupted: java.lang.InterruptedException: sleep interrupted
2019-10-21 23:03:30,407 [Thread-10252] INFO  impl.FollowerState (FollowerState.java:run(117)) - d10c8639-03b1-4f19-ac0f-6419d7578d59@group-C1C12825AC52-FollowerState was interrupted: java.lang.InterruptedException: sleep interrupted
2019-10-21 23:03:30,406 [grpc-default-executor-0] INFO  impl.RoleInfo (RoleInfo.java:updateAndGet(143)) - 7c107f1d-8592-48e3-af71-5982c0af1f56: start FollowerState
2019-10-21 23:03:30,407 [grpc-default-executor-8] INFO  impl.RoleInfo (RoleInfo.java:updateAndGet(143)) - d10c8639-03b1-4f19-ac0f-6419d7578d59: start FollowerState
2019-10-21 23:03:30,421 [1244ca21-2158-4cc7-9e07-ba347e145504@group-C1C12825AC52-LeaderElection1179] INFO  impl.LeaderElection (LeaderElection.java:logAndReturn(56)) - 1244ca21-2158-4cc7-9e07-ba347e145504@group-C1C12825AC52-LeaderElection1179: Election REJECTED; received 2 response(s) [1244ca21-2158-4cc7-9e07-ba347e145504<-7c107f1d-8592-48e3-af71-5982c0af1f56#0:FAIL-t113, 1244ca21-2158-4cc7-9e07-ba347e145504<-d10c8639-03b1-4f19-ac0f-6419d7578d59#0:FAIL-t113] and 0 exception(s); 1244ca21-2158-4cc7-9e07-ba347e145504@group-C1C12825AC52:t113, leader=null, voted=1244ca21-2158-4cc7-9e07-ba347e145504, raftlog=1244ca21-2158-4cc7-9e07-ba347e145504@group-C1C12825AC52-SegmentedRaftLog:OPENED:c-1,f-1,i0, conf=-1: [1244ca21-2158-4cc7-9e07-ba347e145504:192.168.69.118:43370, 7c107f1d-8592-48e3-af71-5982c0af1f56:192.168.69.118:36514, d10c8639-03b1-4f19-ac0f-6419d7578d59:192.168.69.118:37568], old=null
2019-10-21 23:03:30,421 [1244ca21-2158-4cc7-9e07-ba347e145504@group-C1C12825AC52-LeaderElection1179] INFO  impl.RaftServerImpl (RaftServerImpl.java:setRole(184)) - 1244ca21-2158-4cc7-9e07-ba347e145504@group-C1C12825AC52: changes role from CANDIDATE to FOLLOWER at term 113 for DISCOVERED_A_NEW_TERM
2019-10-21 23:03:30,421 [1244ca21-2158-4cc7-9e07-ba347e145504@group-C1C12825AC52-LeaderElection1179] INFO  impl.RoleInfo (RoleInfo.java:shutdownLeaderElection(134)) - 1244ca21-2158-4cc7-9e07-ba347e145504: shutdown LeaderElection
2019-10-21 23:03:30,421 [1244ca21-2158-4cc7-9e07-ba347e145504@group-C1C12825AC52-LeaderElection1179] INFO  impl.RoleInfo (RoleInfo.java:updateAndGet(143)) - 1244ca21-2158-4cc7-9e07-ba347e145504: start FollowerState
2019-10-21 23:03:30,467 [Thread-10257] INFO  impl.FollowerState (FollowerState.java:run(108)) - 1244ca21-2158-4cc7-9e07-ba347e145504@group-C1C12825AC52-FollowerState: change to CANDIDATE, lastRpcTime:45ms, electionTimeout:45ms
2019-10-21 23:03:30,467 [Thread-10257] INFO  impl.RoleInfo (RoleInfo.java:shutdownFollowerState(121)) - 1244ca21-2158-4cc7-9e07-ba347e145504: shutdown FollowerState
2019-10-21 23:03:30,467 [Thread-10257] INFO  impl.RaftServerImpl (RaftServerImpl.java:setRole(184)) - 1244ca21-2158-4cc7-9e07-ba347e145504@group-C1C12825AC52: changes role from  FOLLOWER to CANDIDATE at term 113 for changeToCandidate
2019-10-21 23:03:30,467 [Thread-10257] INFO  impl.RoleInfo (RoleInfo.java:updateAndGet(143)) - 1244ca21-2158-4cc7-9e07-ba347e145504: start LeaderElection
2019-10-21 23:03:30,481 [1244ca21-2158-4cc7-9e07-ba347e145504@group-C1C12825AC52-LeaderElection1180] INFO  impl.LeaderElection (LeaderElection.java:askForVotes(178)) - 1244ca21-2158-4cc7-9e07-ba347e145504@group-C1C12825AC52-LeaderElection1180: begin an election at term 114 for -1: [1244ca21-2158-4cc7-9e07-ba347e145504:192.168.69.118:43370, 7c107f1d-8592-48e3-af71-5982c0af1f56:192.168.69.118:36514, d10c8639-03b1-4f19-ac0f-6419d7578d59:192.168.69.118:37568], old=null
2019-10-21 23:03:30,483 [grpc-default-executor-8] INFO  impl.RaftServerImpl (RaftServerImpl.java:setRole(184)) - 7c107f1d-8592-48e3-af71-5982c0af1f56@group-C1C12825AC52: changes role from  FOLLOWER to FOLLOWER at term 114 for recognizeCandidate:1244ca21-2158-4cc7-9e07-ba347e145504
2019-10-21 23:03:30,483 [grpc-default-executor-8] INFO  impl.RoleInfo (RoleInfo.java:shutdownFollowerState(121)) - 7c107f1d-8592-48e3-af71-5982c0af1f56: shutdown FollowerState
2019-10-21 23:03:30,483 [grpc-default-executor-0] INFO  impl.RaftServerImpl (RaftServerImpl.java:setRole(184)) - d10c8639-03b1-4f19-ac0f-6419d7578d59@group-C1C12825AC52: changes role from  FOLLOWER to FOLLOWER at term 114 for recognizeCandidate:1244ca21-2158-4cc7-9e07-ba347e145504
2019-10-21 23:03:30,483 [grpc-default-executor-0] INFO  impl.RoleInfo (RoleInfo.java:shutdownFollowerState(121)) - d10c8639-03b1-4f19-ac0f-6419d7578d59: shutdown FollowerState
2019-10-21 23:03:30,483 [Thread-10255] INFO  impl.FollowerState (FollowerState.java:run(117)) - 7c107f1d-8592-48e3-af71-5982c0af1f56@group-C1C12825AC52-FollowerState was interrupted: java.lang.InterruptedException: sleep interrupted
2019-10-21 23:03:30,483 [grpc-default-executor-8] INFO  impl.RoleInfo (RoleInfo.java:updateAndGet(143)) - 7c107f1d-8592-48e3-af71-5982c0af1f56: start FollowerState
2019-10-21 23:03:30,483 [Thread-10256] INFO  impl.FollowerState (FollowerState.java:run(117)) - d10c8639-03b1-4f19-ac0f-6419d7578d59@group-C1C12825AC52-FollowerState was interrupted: java.lang.InterruptedException: sleep interrupted
2019-10-21 23:03:30,483 [grpc-default-executor-0] INFO  impl.RoleInfo (RoleInfo.java:updateAndGet(143)) - d10c8639-03b1-4f19-ac0f-6419d7578d59: start FollowerState
2019-10-21 23:03:30,498 [1244ca21-2158-4cc7-9e07-ba347e145504@group-C1C12825AC52-LeaderElection1180] INFO  impl.LeaderElection (LeaderElection.java:logAndReturn(56)) - 1244ca21-2158-4cc7-9e07-ba347e145504@group-C1C12825AC52-LeaderElection1180: Election REJECTED; received 2 response(s) [1244ca21-2158-4cc7-9e07-ba347e145504<-7c107f1d-8592-48e3-af71-5982c0af1f56#0:FAIL-t114, 1244ca21-2158-4cc7-9e07-ba347e145504<-d10c8639-03b1-4f19-ac0f-6419d7578d59#0:FAIL-t114] and 0 exception(s); 1244ca21-2158-4cc7-9e07-ba347e145504@group-C1C12825AC52:t114, leader=null, voted=1244ca21-2158-4cc7-9e07-ba347e145504, raftlog=1244ca21-2158-4cc7-9e07-ba347e145504@group-C1C12825AC52-SegmentedRaftLog:OPENED:c-1,f-1,i0, conf=-1: [1244ca21-2158-4cc7-9e07-ba347e145504:192.168.69.118:43370, 7c107f1d-8592-48e3-af71-5982c0af1f56:192.168.69.118:36514, d10c8639-03b1-4f19-ac0f-6419d7578d59:192.168.69.118:37568], old=null
2019-10-21 23:03:30,499 [1244ca21-2158-4cc7-9e07-ba347e145504@group-C1C12825AC52-LeaderElection1180] INFO  impl.RaftServerImpl (RaftServerImpl.java:setRole(184)) - 1244ca21-2158-4cc7-9e07-ba347e145504@group-C1C12825AC52: changes role from CANDIDATE to FOLLOWER at term 114 for DISCOVERED_A_NEW_TERM
2019-10-21 23:03:30,499 [1244ca21-2158-4cc7-9e07-ba347e145504@group-C1C12825AC52-LeaderElection1180] INFO  impl.RoleInfo (RoleInfo.java:shutdownLeaderElection(134)) - 1244ca21-2158-4cc7-9e07-ba347e145504: shutdown LeaderElection
2019-10-21 23:03:30,499 [1244ca21-2158-4cc7-9e07-ba347e145504@group-C1C12825AC52-LeaderElection1180] INFO  impl.RoleInfo (RoleInfo.java:updateAndGet(143)) - 1244ca21-2158-4cc7-9e07-ba347e145504: start FollowerState
2019-10-21 23:03:30,559 [Thread-10263] INFO  impl.FollowerState (FollowerState.java:run(108)) - 1244ca21-2158-4cc7-9e07-ba347e145504@group-C1C12825AC52-FollowerState: change to CANDIDATE, lastRpcTime:60ms, electionTimeout:60ms
2019-10-21 23:03:30,559 [Thread-10263] INFO  impl.RoleInfo (RoleInfo.java:shutdownFollowerState(121)) - 1244ca21-2158-4cc7-9e07-ba347e145504: shutdown FollowerState
2019-10-21 23:03:30,559 [Thread-10263] INFO  impl.RaftServerImpl (RaftServerImpl.java:setRole(184)) - 1244ca21-2158-4cc7-9e07-ba347e145504@group-C1C12825AC52: changes role from  FOLLOWER to CANDIDATE at term 114 for changeToCandidate
2019-10-21 23:03:30,560 [Thread-10263] INFO  impl.RoleInfo (RoleInfo.java:updateAndGet(143)) - 1244ca21-2158-4cc7-9e07-ba347e145504: start LeaderElection
2019-10-21 23:03:30,574 [1244ca21-2158-4cc7-9e07-ba347e145504@group-C1C12825AC52-LeaderElection1181] INFO  impl.LeaderElection (LeaderElection.java:askForVotes(178)) - 1244ca21-2158-4cc7-9e07-ba347e145504@group-C1C12825AC52-LeaderElection1181: begin an election at term 115 for -1: [1244ca21-2158-4cc7-9e07-ba347e145504:192.168.69.118:43370, 7c107f1d-8592-48e3-af71-5982c0af1f56:192.168.69.118:36514, d10c8639-03b1-4f19-ac0f-6419d7578d59:192.168.69.118:37568], old=null
2019-10-21 23:03:30,575 [grpc-default-executor-8] INFO  impl.RaftServerImpl (RaftServerImpl.java:setRole(184)) - 7c107f1d-8592-48e3-af71-5982c0af1f56@group-C1C12825AC52: changes role from  FOLLOWER to FOLLOWER at term 115 for recognizeCandidate:1244ca21-2158-4cc7-9e07-ba347e145504
2019-10-21 23:03:30,575 [grpc-default-executor-0] INFO  impl.RaftServerImpl (RaftServerImpl.java:setRole(184)) - d10c8639-03b1-4f19-ac0f-6419d7578d59@group-C1C12825AC52: changes role from  FOLLOWER to FOLLOWER at term 115 for recognizeCandidate:1244ca21-2158-4cc7-9e07-ba347e145504
2019-10-21 23:03:30,575 [grpc-default-executor-8] INFO  impl.RoleInfo (RoleInfo.java:shutdownFollowerState(121)) - 7c107f1d-8592-48e3-af71-5982c0af1f56: shutdown FollowerState
2019-10-21 23:03:30,575 [grpc-default-executor-0] INFO  impl.RoleInfo (RoleInfo.java:shutdownFollowerState(121)) - d10c8639-03b1-4f19-ac0f-6419d7578d59: shutdown FollowerState
2019-10-21 23:03:30,575 [Thread-10261] INFO  impl.FollowerState (FollowerState.java:run(117)) - 7c107f1d-8592-48e3-af71-5982c0af1f56@group-C1C12825AC52-FollowerState was interrupted: java.lang.InterruptedException: sleep interrupted
2019-10-21 23:03:30,575 [grpc-default-executor-8] INFO  impl.RoleInfo (RoleInfo.java:updateAndGet(143)) - 7c107f1d-8592-48e3-af71-5982c0af1f56: start FollowerState
2019-10-21 23:03:30,576 [grpc-default-executor-0] INFO  impl.RoleInfo (RoleInfo.java:updateAndGet(143)) - d10c8639-03b1-4f19-ac0f-6419d7578d59: start FollowerState
2019-10-21 23:03:30,576 [Thread-10262] INFO  impl.FollowerState (FollowerState.java:run(117)) - d10c8639-03b1-4f19-ac0f-6419d7578d59@group-C1C12825AC52-FollowerState was interrupted: java.lang.InterruptedException: sleep interrupted
2019-10-21 23:03:30,589 [1244ca21-2158-4cc7-9e07-ba347e145504@group-C1C12825AC52-LeaderElection1181] INFO  impl.LeaderElection (LeaderElection.java:logAndReturn(56)) - 1244ca21-2158-4cc7-9e07-ba347e145504@group-C1C12825AC52-LeaderElection1181: Election REJECTED; received 2 response(s) [1244ca21-2158-4cc7-9e07-ba347e145504<-7c107f1d-8592-48e3-af71-5982c0af1f56#0:FAIL-t115, 1244ca21-2158-4cc7-9e07-ba347e145504<-d10c8639-03b1-4f19-ac0f-6419d7578d59#0:FAIL-t115] and 0 exception(s); 1244ca21-2158-4cc7-9e07-ba347e145504@group-C1C12825AC52:t115, leader=null, voted=1244ca21-2158-4cc7-9e07-ba347e145504, raftlog=1244ca21-2158-4cc7-9e07-ba347e145504@group-C1C12825AC52-SegmentedRaftLog:OPENED:c-1,f-1,i0, conf=-1: [1244ca21-2158-4cc7-9e07-ba347e145504:192.168.69.118:43370, 7c107f1d-8592-48e3-af71-5982c0af1f56:192.168.69.118:36514, d10c8639-03b1-4f19-ac0f-6419d7578d59:192.168.69.118:37568], old=null
2019-10-21 23:03:30,589 [1244ca21-2158-4cc7-9e07-ba347e145504@group-C1C12825AC52-LeaderElection1181] INFO  impl.RaftServerImpl (RaftServerImpl.java:setRole(184)) - 1244ca21-2158-4cc7-9e07-ba347e145504@group-C1C12825AC52: changes role from CANDIDATE to FOLLOWER at term 115 for DISCOVERED_A_NEW_TERM
2019-10-21 23:03:30,589 [1244ca21-2158-4cc7-9e07-ba347e145504@group-C1C12825AC52-LeaderElection1181] INFO  impl.RoleInfo (RoleInfo.java:shutdownLeaderElection(134)) - 1244ca21-2158-4cc7-9e07-ba347e145504: shutdown LeaderElection
2019-10-21 23:03:30,590 [1244ca21-2158-4cc7-9e07-ba347e145504@group-C1C12825AC52-LeaderElection1181] INFO  impl.RoleInfo (RoleInfo.java:updateAndGet(143)) - 1244ca21-2158-4cc7-9e07-ba347e145504: start FollowerState
2019-10-21 23:03:30,657 [Thread-10269] INFO  impl.FollowerState (FollowerState.java:run(108)) - 1244ca21-2158-4cc7-9e07-ba347e145504@group-C1C12825AC52-FollowerState: change to CANDIDATE, lastRpcTime:67ms, electionTimeout:67ms
2019-10-21 23:03:30,657 [Thread-10269] INFO  impl.RoleInfo (RoleInfo.java:shutdownFollowerState(121)) - 1244ca21-2158-4cc7-9e07-ba347e145504: shutdown FollowerState
2019-10-21 23:03:30,657 [Thread-10269] INFO  impl.RaftServerImpl (RaftServerImpl.java:setRole(184)) - 1244ca21-2158-4cc7-9e07-ba347e145504@group-C1C12825AC52: changes role from  FOLLOWER to CANDIDATE at term 115 for changeToCandidate
2019-10-21 23:03:30,657 [Thread-10269] INFO  impl.RoleInfo (RoleInfo.java:updateAndGet(143)) - 1244ca21-2158-4cc7-9e07-ba347e145504: start LeaderElection
2019-10-21 23:03:30,682 [1244ca21-2158-4cc7-9e07-ba347e145504@group-C1C12825AC52-LeaderElection1182] INFO  impl.LeaderElection (LeaderElection.java:askForVotes(178)) - 1244ca21-2158-4cc7-9e07-ba347e145504@group-C1C12825AC52-LeaderElection1182: begin an election at term 116 for -1: [1244ca21-2158-4cc7-9e07-ba347e145504:192.168.69.118:43370, 7c107f1d-8592-48e3-af71-5982c0af1f56:192.168.69.118:36514, d10c8639-03b1-4f19-ac0f-6419d7578d59:192.168.69.118:37568], old=null
2019-10-21 23:03:30,683 [grpc-default-executor-0] INFO  impl.RaftServerImpl (RaftServerImpl.java:setRole(184)) - 7c107f1d-8592-48e3-af71-5982c0af1f56@group-C1C12825AC52: changes role from  FOLLOWER to FOLLOWER at term 116 for recognizeCandidate:1244ca21-2158-4cc7-9e07-ba347e145504
2019-10-21 23:03:30,683 [grpc-default-executor-0] INFO  impl.RoleInfo (RoleInfo.java:shutdownFollowerState(121)) - 7c107f1d-8592-48e3-af71-5982c0af1f56: shutdown FollowerState
2019-10-21 23:03:30,683 [grpc-default-executor-8] INFO  impl.RaftServerImpl (RaftServerImpl.java:setRole(184)) - d10c8639-03b1-4f19-ac0f-6419d7578d59@group-C1C12825AC52: changes role from  FOLLOWER to FOLLOWER at term 116 for recognizeCandidate:1244ca21-2158-4cc7-9e07-ba347e145504
2019-10-21 23:03:30,683 [Thread-10267] INFO  impl.FollowerState (FollowerState.java:run(117)) - 7c107f1d-8592-48e3-af71-5982c0af1f56@group-C1C12825AC52-FollowerState was interrupted: java.lang.InterruptedException: sleep interrupted
2019-10-21 23:03:30,683 [grpc-default-executor-0] INFO  impl.RoleInfo (RoleInfo.java:updateAndGet(143)) - 7c107f1d-8592-48e3-af71-5982c0af1f56: start FollowerState
2019-10-21 23:03:30,683 [grpc-default-executor-8] INFO  impl.RoleInfo (RoleInfo.java:shutdownFollowerState(121)) - d10c8639-03b1-4f19-ac0f-6419d7578d59: shutdown FollowerState
2019-10-21 23:03:30,683 [grpc-default-executor-8] INFO  impl.RoleInfo (RoleInfo.java:updateAndGet(143)) - d10c8639-03b1-4f19-ac0f-6419d7578d59: start FollowerState
2019-10-21 23:03:30,683 [Thread-10268] INFO  impl.FollowerState (FollowerState.java:run(117)) - d10c8639-03b1-4f19-ac0f-6419d7578d59@group-C1C12825AC52-FollowerState was interrupted: java.lang.InterruptedException: sleep interrupted
2019-10-21 23:03:30,698 [1244ca21-2158-4cc7-9e07-ba347e145504@group-C1C12825AC52-LeaderElection1182] INFO  impl.LeaderElection (LeaderElection.java:logAndReturn(56)) - 1244ca21-2158-4cc7-9e07-ba347e145504@group-C1C12825AC52-LeaderElection1182: Election REJECTED; received 2 response(s) [1244ca21-2158-4cc7-9e07-ba347e145504<-7c107f1d-8592-48e3-af71-5982c0af1f56#0:FAIL-t116, 1244ca21-2158-4cc7-9e07-ba347e145504<-d10c8639-03b1-4f19-ac0f-6419d7578d59#0:FAIL-t116] and 0 exception(s); 1244ca21-2158-4cc7-9e07-ba347e145504@group-C1C12825AC52:t116, leader=null, voted=1244ca21-2158-4cc7-9e07-ba347e145504, raftlog=1244ca21-2158-4cc7-9e07-ba347e145504@group-C1C12825AC52-SegmentedRaftLog:OPENED:c-1,f-1,i0, conf=-1: [1244ca21-2158-4cc7-9e07-ba347e145504:192.168.69.118:43370, 7c107f1d-8592-48e3-af71-5982c0af1f56:192.168.69.118:36514, d10c8639-03b1-4f19-ac0f-6419d7578d59:192.168.69.118:37568], old=null
2019-10-21 23:03:30,698 [1244ca21-2158-4cc7-9e07-ba347e145504@group-C1C12825AC52-LeaderElection1182] INFO  impl.RaftServerImpl (RaftServerImpl.java:setRole(184)) - 1244ca21-2158-4cc7-9e07-ba347e145504@group-C1C12825AC52: changes role from CANDIDATE to FOLLOWER at term 116 for DISCOVERED_A_NEW_TERM
2019-10-21 23:03:30,698 [1244ca21-2158-4cc7-9e07-ba347e145504@group-C1C12825AC52-LeaderElection1182] INFO  impl.RoleInfo (RoleInfo.java:shutdownLeaderElection(134)) - 1244ca21-2158-4cc7-9e07-ba347e145504: shutdown LeaderElection
2019-10-21 23:03:30,698 [1244ca21-2158-4cc7-9e07-ba347e145504@group-C1C12825AC52-LeaderElection1182] INFO  impl.RoleInfo (RoleInfo.java:updateAndGet(143)) - 1244ca21-2158-4cc7-9e07-ba347e145504: start FollowerState
2019-10-21 23:03:30,834 [Thread-10279] INFO  impl.FollowerState (FollowerState.java:run(108)) - 1244ca21-2158-4cc7-9e07-ba347e145504@group-C1C12825AC52-FollowerState: change to CANDIDATE, lastRpcTime:136ms, electionTimeout:136ms
2019-10-21 23:03:30,835 [Thread-10279] INFO  impl.RoleInfo (RoleInfo.java:shutdownFollowerState(121)) - 1244ca21-2158-4cc7-9e07-ba347e145504: shutdown FollowerState
2019-10-21 23:03:30,835 [Thread-10279] INFO  impl.RaftServerImpl (RaftServerImpl.java:setRole(184)) - 1244ca21-2158-4cc7-9e07-ba347e145504@group-C1C12825AC52: changes role from  FOLLOWER to CANDIDATE at term 116 for changeToCandidate
2019-10-21 23:03:30,835 [Thread-10279] INFO  impl.RoleInfo (RoleInfo.java:updateAndGet(143)) - 1244ca21-2158-4cc7-9e07-ba347e145504: start LeaderElection
2019-10-21 23:03:30,849 [1244ca21-2158-4cc7-9e07-ba347e145504@group-C1C12825AC52-LeaderElection1183] INFO  impl.LeaderElection (LeaderElection.java:askForVotes(178)) - 1244ca21-2158-4cc7-9e07-ba347e145504@group-C1C12825AC52-LeaderElection1183: begin an election at term 117 for -1: [1244ca21-2158-4cc7-9e07-ba347e145504:192.168.69.118:43370, 7c107f1d-8592-48e3-af71-5982c0af1f56:192.168.69.118:36514, d10c8639-03b1-4f19-ac0f-6419d7578d59:192.168.69.118:37568], old=null
2019-10-21 23:03:30,851 [grpc-default-executor-8] INFO  impl.RaftServerImpl (RaftServerImpl.java:setRole(184)) - 7c107f1d-8592-48e3-af71-5982c0af1f56@group-C1C12825AC52: changes role from  FOLLOWER to FOLLOWER at term 117 for recognizeCandidate:1244ca21-2158-4cc7-9e07-ba347e145504
2019-10-21 23:03:30,851 [grpc-default-executor-0] INFO  impl.RaftServerImpl (RaftServerImpl.java:setRole(184)) - d10c8639-03b1-4f19-ac0f-6419d7578d59@group-C1C12825AC52: changes role from  FOLLOWER to FOLLOWER at term 117 for recognizeCandidate:1244ca21-2158-4cc7-9e07-ba347e145504
2019-10-21 23:03:30,852 [grpc-default-executor-0] INFO  impl.RoleInfo (RoleInfo.java:shutdownFollowerState(121)) - d10c8639-03b1-4f19-ac0f-6419d7578d59: shutdown FollowerState
2019-10-21 23:03:30,852 [grpc-default-executor-8] INFO  impl.RoleInfo (RoleInfo.java:shutdownFollowerState(121)) - 7c107f1d-8592-48e3-af71-5982c0af1f56: shutdown FollowerState
2019-10-21 23:03:30,852 [Thread-10278] INFO  impl.FollowerState (FollowerState.java:run(117)) - d10c8639-03b1-4f19-ac0f-6419d7578d59@group-C1C12825AC52-FollowerState was interrupted: java.lang.InterruptedException: sleep interrupted
2019-10-21 23:03:30,852 [grpc-default-executor-0] INFO  impl.RoleInfo (RoleInfo.java:updateAndGet(143)) - d10c8639-03b1-4f19-ac0f-6419d7578d59: start FollowerState
2019-10-21 23:03:30,852 [Thread-10277] INFO  impl.FollowerState (FollowerState.java:run(117)) - 7c107f1d-8592-48e3-af71-5982c0af1f56@group-C1C12825AC52-FollowerState was interrupted: java.lang.InterruptedException: sleep interrupted
2019-10-21 23:03:30,852 [grpc-default-executor-8] INFO  impl.RoleInfo (RoleInfo.java:updateAndGet(143)) - 7c107f1d-8592-48e3-af71-5982c0af1f56: start FollowerState
2019-10-21 23:03:30,867 [1244ca21-2158-4cc7-9e07-ba347e145504@group-C1C12825AC52-LeaderElection1183] INFO  impl.LeaderElection (LeaderElection.java:logAndReturn(56)) - 1244ca21-2158-4cc7-9e07-ba347e145504@group-C1C12825AC52-LeaderElection1183: Election REJECTED; received 2 response(s) [1244ca21-2158-4cc7-9e07-ba347e145504<-7c107f1d-8592-48e3-af71-5982c0af1f56#0:FAIL-t117, 1244ca21-2158-4cc7-9e07-ba347e145504<-d10c8639-03b1-4f19-ac0f-6419d7578d59#0:FAIL-t117] and 0 exception(s); 1244ca21-2158-4cc7-9e07-ba347e145504@group-C1C12825AC52:t117, leader=null, voted=1244ca21-2158-4cc7-9e07-ba347e145504, raftlog=1244ca21-2158-4cc7-9e07-ba347e145504@group-C1C12825AC52-SegmentedRaftLog:OPENED:c-1,f-1,i0, conf=-1: [1244ca21-2158-4cc7-9e07-ba347e145504:192.168.69.118:43370, 7c107f1d-8592-48e3-af71-5982c0af1f56:192.168.69.118:36514, d10c8639-03b1-4f19-ac0f-6419d7578d59:192.168.69.118:37568], old=null
2019-10-21 23:03:30,867 [1244ca21-2158-4cc7-9e07-ba347e145504@group-C1C12825AC52-LeaderElection1183] INFO  impl.RaftServerImpl (RaftServerImpl.java:setRole(184)) - 1244ca21-2158-4cc7-9e07-ba347e145504@group-C1C12825AC52: changes role from CANDIDATE to FOLLOWER at term 117 for DISCOVERED_A_NEW_TERM
2019-10-21 23:03:30,867 [1244ca21-2158-4cc7-9e07-ba347e145504@group-C1C12825AC52-LeaderElection1183] INFO  impl.RoleInfo (RoleInfo.java:shutdownLeaderElection(134)) - 1244ca21-2158-4cc7-9e07-ba347e145504: shutdown LeaderElection
2019-10-21 23:03:30,868 [1244ca21-2158-4cc7-9e07-ba347e145504@group-C1C12825AC52-LeaderElection1183] INFO  impl.RoleInfo (RoleInfo.java:updateAndGet(143)) - 1244ca21-2158-4cc7-9e07-ba347e145504: start FollowerState
2019-10-21 23:03:30,903 [Thread-10285] INFO  impl.FollowerState (FollowerState.java:run(108)) - 1244ca21-2158-4cc7-9e07-ba347e145504@group-C1C12825AC52-FollowerState: change to CANDIDATE, lastRpcTime:35ms, electionTimeout:35ms
2019-10-21 23:03:30,903 [Thread-10285] INFO  impl.RoleInfo (RoleInfo.java:shutdownFollowerState(121)) - 1244ca21-2158-4cc7-9e07-ba347e145504: shutdown FollowerState
2019-10-21 23:03:30,903 [Thread-10285] INFO  impl.RaftServerImpl (RaftServerImpl.java:setRole(184)) - 1244ca21-2158-4cc7-9e07-ba347e145504@group-C1C12825AC52: changes role from  FOLLOWER to CANDIDATE at term 117 for changeToCandidate
2019-10-21 23:03:30,903 [Thread-10285] INFO  impl.RoleInfo (RoleInfo.java:updateAndGet(143)) - 1244ca21-2158-4cc7-9e07-ba347e145504: start LeaderElection
2019-10-21 23:03:30,918 [1244ca21-2158-4cc7-9e07-ba347e145504@group-C1C12825AC52-LeaderElection1184] INFO  impl.LeaderElection (LeaderElection.java:askForVotes(178)) - 1244ca21-2158-4cc7-9e07-ba347e145504@group-C1C12825AC52-LeaderElection1184: begin an election at term 118 for -1: [1244ca21-2158-4cc7-9e07-ba347e145504:192.168.69.118:43370, 7c107f1d-8592-48e3-af71-5982c0af1f56:192.168.69.118:36514, d10c8639-03b1-4f19-ac0f-6419d7578d59:192.168.69.118:37568], old=null
2019-10-21 23:03:30,919 [grpc-default-executor-0] INFO  impl.RaftServerImpl (RaftServerImpl.java:setRole(184)) - 7c107f1d-8592-48e3-af71-5982c0af1f56@group-C1C12825AC52: changes role from  FOLLOWER to FOLLOWER at term 118 for recognizeCandidate:1244ca21-2158-4cc7-9e07-ba347e145504
2019-10-21 23:03:30,919 [grpc-default-executor-8] INFO  impl.RaftServerImpl (RaftServerImpl.java:setRole(184)) - d10c8639-03b1-4f19-ac0f-6419d7578d59@group-C1C12825AC52: changes role from  FOLLOWER to FOLLOWER at term 118 for recognizeCandidate:1244ca21-2158-4cc7-9e07-ba347e145504
2019-10-21 23:03:30,919 [grpc-default-executor-0] INFO  impl.RoleInfo (RoleInfo.java:shutdownFollowerState(121)) - 7c107f1d-8592-48e3-af71-5982c0af1f56: shutdown FollowerState
2019-10-21 23:03:30,919 [grpc-default-executor-8] INFO  impl.RoleInfo (RoleInfo.java:shutdownFollowerState(121)) - d10c8639-03b1-4f19-ac0f-6419d7578d59: shutdown FollowerState
2019-10-21 23:03:30,920 [Thread-10284] INFO  impl.FollowerState (FollowerState.java:run(117)) - 7c107f1d-8592-48e3-af71-5982c0af1f56@group-C1C12825AC52-FollowerState was interrupted: java.lang.InterruptedException: sleep interrupted
2019-10-21 23:03:30,920 [Thread-10283] INFO  impl.FollowerState (FollowerState.java:run(117)) - d10c8639-03b1-4f19-ac0f-6419d7578d59@group-C1C12825AC52-FollowerState was interrupted: java.lang.InterruptedException: sleep interrupted
2019-10-21 23:03:30,919 [grpc-default-executor-0] INFO  impl.RoleInfo (RoleInfo.java:updateAndGet(143)) - 7c107f1d-8592-48e3-af71-5982c0af1f56: start FollowerState
2019-10-21 23:03:30,920 [grpc-default-executor-8] INFO  impl.RoleInfo (RoleInfo.java:updateAndGet(143)) - d10c8639-03b1-4f19-ac0f-6419d7578d59: start FollowerState
2019-10-21 23:03:30,935 [1244ca21-2158-4cc7-9e07-ba347e145504@group-C1C12825AC52-LeaderElection1184] INFO  impl.LeaderElection (LeaderElection.java:logAndReturn(56)) - 1244ca21-2158-4cc7-9e07-ba347e145504@group-C1C12825AC52-LeaderElection1184: Election REJECTED; received 2 response(s) [1244ca21-2158-4cc7-9e07-ba347e145504<-7c107f1d-8592-48e3-af71-5982c0af1f56#0:FAIL-t118, 1244ca21-2158-4cc7-9e07-ba347e145504<-d10c8639-03b1-4f19-ac0f-6419d7578d59#0:FAIL-t118] and 0 exception(s); 1244ca21-2158-4cc7-9e07-ba347e145504@group-C1C12825AC52:t118, leader=null, voted=1244ca21-2158-4cc7-9e07-ba347e145504, raftlog=1244ca21-2158-4cc7-9e07-ba347e145504@group-C1C12825AC52-SegmentedRaftLog:OPENED:c-1,f-1,i0, conf=-1: [1244ca21-2158-4cc7-9e07-ba347e145504:192.168.69.118:43370, 7c107f1d-8592-48e3-af71-5982c0af1f56:192.168.69.118:36514, d10c8639-03b1-4f19-ac0f-6419d7578d59:192.168.69.118:37568], old=null
2019-10-21 23:03:30,935 [1244ca21-2158-4cc7-9e07-ba347e145504@group-C1C12825AC52-LeaderElection1184] INFO  impl.RaftServerImpl (RaftServerImpl.java:setRole(184)) - 1244ca21-2158-4cc7-9e07-ba347e145504@group-C1C12825AC52: changes role from CANDIDATE to FOLLOWER at term 118 for DISCOVERED_A_NEW_TERM
2019-10-21 23:03:30,935 [1244ca21-2158-4cc7-9e07-ba347e145504@group-C1C12825AC52-LeaderElection1184] INFO  impl.RoleInfo (RoleInfo.java:shutdownLeaderElection(134)) - 1244ca21-2158-4cc7-9e07-ba347e145504: shutdown LeaderElection
2019-10-21 23:03:30,936 [1244ca21-2158-4cc7-9e07-ba347e145504@group-C1C12825AC52-LeaderElection1184] INFO  impl.RoleInfo (RoleInfo.java:updateAndGet(143)) - 1244ca21-2158-4cc7-9e07-ba347e145504: start FollowerState
2019-10-21 23:03:31,112 [Thread-10291] INFO  impl.FollowerState (FollowerState.java:run(108)) - 1244ca21-2158-4cc7-9e07-ba347e145504@group-C1C12825AC52-FollowerState: change to CANDIDATE, lastRpcTime:176ms, electionTimeout:176ms
2019-10-21 23:03:31,112 [Thread-10291] INFO  impl.RoleInfo (RoleInfo.java:shutdownFollowerState(121)) - 1244ca21-2158-4cc7-9e07-ba347e145504: shutdown FollowerState
2019-10-21 23:03:31,112 [Thread-10291] INFO  impl.RaftServerImpl (RaftServerImpl.java:setRole(184)) - 1244ca21-2158-4cc7-9e07-ba347e145504@group-C1C12825AC52: changes role from  FOLLOWER to CANDIDATE at term 118 for changeToCandidate
2019-10-21 23:03:31,112 [Thread-10291] INFO  impl.RoleInfo (RoleInfo.java:updateAndGet(143)) - 1244ca21-2158-4cc7-9e07-ba347e145504: start LeaderElection
2019-10-21 23:03:31,123 [1244ca21-2158-4cc7-9e07-ba347e145504@group-C1C12825AC52-LeaderElection1185] INFO  impl.LeaderElection (LeaderElection.java:askForVotes(178)) - 1244ca21-2158-4cc7-9e07-ba347e145504@group-C1C12825AC52-LeaderElection1185: begin an election at term 119 for -1: [1244ca21-2158-4cc7-9e07-ba347e145504:192.168.69.118:43370, 7c107f1d-8592-48e3-af71-5982c0af1f56:192.168.69.118:36514, d10c8639-03b1-4f19-ac0f-6419d7578d59:192.168.69.118:37568], old=null
2019-10-21 23:03:31,124 [grpc-default-executor-6] INFO  impl.RaftServerImpl (RaftServerImpl.java:setRole(184)) - 7c107f1d-8592-48e3-af71-5982c0af1f56@group-C1C12825AC52: changes role from  FOLLOWER to FOLLOWER at term 119 for recognizeCandidate:1244ca21-2158-4cc7-9e07-ba347e145504
2019-10-21 23:03:31,125 [grpc-default-executor-6] INFO  impl.RoleInfo (RoleInfo.java:shutdownFollowerState(121)) - 7c107f1d-8592-48e3-af71-5982c0af1f56: shutdown FollowerState
2019-10-21 23:03:31,124 [grpc-default-executor-5] INFO  impl.RaftServerImpl (RaftServerImpl.java:setRole(184)) - d10c8639-03b1-4f19-ac0f-6419d7578d59@group-C1C12825AC52: changes role from  FOLLOWER to FOLLOWER at term 119 for recognizeCandidate:1244ca21-2158-4cc7-9e07-ba347e145504
2019-10-21 23:03:31,125 [grpc-default-executor-5] INFO  impl.RoleInfo (RoleInfo.java:shutdownFollowerState(121)) - d10c8639-03b1-4f19-ac0f-6419d7578d59: shutdown FollowerState
2019-10-21 23:03:31,125 [Thread-10289] INFO  impl.FollowerState (FollowerState.java:run(117)) - 7c107f1d-8592-48e3-af71-5982c0af1f56@group-C1C12825AC52-FollowerState was interrupted: java.lang.InterruptedException: sleep interrupted
2019-10-21 23:03:31,125 [grpc-default-executor-6] INFO  impl.RoleInfo (RoleInfo.java:updateAndGet(143)) - 7c107f1d-8592-48e3-af71-5982c0af1f56: start FollowerState
2019-10-21 23:03:31,125 [Thread-10290] INFO  impl.FollowerState (FollowerState.java:run(117)) - d10c8639-03b1-4f19-ac0f-6419d7578d59@group-C1C12825AC52-FollowerState was interrupted: java.lang.InterruptedException: sleep interrupted
2019-10-21 23:03:31,125 [grpc-default-executor-5] INFO  impl.RoleInfo (RoleInfo.java:updateAndGet(143)) - d10c8639-03b1-4f19-ac0f-6419d7578d59: start FollowerState
2019-10-21 23:03:31,161 [1244ca21-2158-4cc7-9e07-ba347e145504@group-C1C12825AC52-LeaderElection1185] INFO  impl.LeaderElection (LeaderElection.java:logAndReturn(56)) - 1244ca21-2158-4cc7-9e07-ba347e145504@group-C1C12825AC52-LeaderElection1185: Election REJECTED; received 2 response(s) [1244ca21-2158-4cc7-9e07-ba347e145504<-7c107f1d-8592-48e3-af71-5982c0af1f56#0:FAIL-t119, 1244ca21-2158-4cc7-9e07-ba347e145504<-d10c8639-03b1-4f19-ac0f-6419d7578d59#0:FAIL-t119] and 0 exception(s); 1244ca21-2158-4cc7-9e07-ba347e145504@group-C1C12825AC52:t119, leader=null, voted=1244ca21-2158-4cc7-9e07-ba347e145504, raftlog=1244ca21-2158-4cc7-9e07-ba347e145504@group-C1C12825AC52-SegmentedRaftLog:OPENED:c-1,f-1,i0, conf=-1: [1244ca21-2158-4cc7-9e07-ba347e145504:192.168.69.118:43370, 7c107f1d-8592-48e3-af71-5982c0af1f56:192.168.69.118:36514, d10c8639-03b1-4f19-ac0f-6419d7578d59:192.168.69.118:37568], old=null
2019-10-21 23:03:31,161 [1244ca21-2158-4cc7-9e07-ba347e145504@group-C1C12825AC52-LeaderElection1185] INFO  impl.RaftServerImpl (RaftServerImpl.java:setRole(184)) - 1244ca21-2158-4cc7-9e07-ba347e145504@group-C1C12825AC52: changes role from CANDIDATE to FOLLOWER at term 119 for DISCOVERED_A_NEW_TERM
2019-10-21 23:03:31,162 [1244ca21-2158-4cc7-9e07-ba347e145504@group-C1C12825AC52-LeaderElection1185] INFO  impl.RoleInfo (RoleInfo.java:shutdownLeaderElection(134)) - 1244ca21-2158-4cc7-9e07-ba347e145504: shutdown LeaderElection
2019-10-21 23:03:31,162 [1244ca21-2158-4cc7-9e07-ba347e145504@group-C1C12825AC52-LeaderElection1185] INFO  impl.RoleInfo (RoleInfo.java:updateAndGet(143)) - 1244ca21-2158-4cc7-9e07-ba347e145504: start FollowerState
2019-10-21 23:03:31,260 [Thread-10299] INFO  impl.FollowerState (FollowerState.java:run(108)) - 1244ca21-2158-4cc7-9e07-ba347e145504@group-C1C12825AC52-FollowerState: change to CANDIDATE, lastRpcTime:98ms, electionTimeout:98ms
2019-10-21 23:03:31,260 [Thread-10299] INFO  impl.RoleInfo (RoleInfo.java:shutdownFollowerState(121)) - 1244ca21-2158-4cc7-9e07-ba347e145504: shutdown FollowerState
2019-10-21 23:03:31,260 [Thread-10299] INFO  impl.RaftServerImpl (RaftServerImpl.java:setRole(184)) - 1244ca21-2158-4cc7-9e07-ba347e145504@group-C1C12825AC52: changes role from  FOLLOWER to CANDIDATE at term 119 for changeToCandidate
2019-10-21 23:03:31,260 [Thread-10299] INFO  impl.RoleInfo (RoleInfo.java:updateAndGet(143)) - 1244ca21-2158-4cc7-9e07-ba347e145504: start LeaderElection
2019-10-21 23:03:31,275 [1244ca21-2158-4cc7-9e07-ba347e145504@group-C1C12825AC52-LeaderElection1186] INFO  impl.LeaderElection (LeaderElection.java:askForVotes(178)) - 1244ca21-2158-4cc7-9e07-ba347e145504@group-C1C12825AC52-LeaderElection1186: begin an election at term 120 for -1: [1244ca21-2158-4cc7-9e07-ba347e145504:192.168.69.118:43370, 7c107f1d-8592-48e3-af71-5982c0af1f56:192.168.69.118:36514, d10c8639-03b1-4f19-ac0f-6419d7578d59:192.168.69.118:37568], old=null
2019-10-21 23:03:31,276 [grpc-default-executor-5] INFO  impl.RaftServerImpl (RaftServerImpl.java:setRole(184)) - 7c107f1d-8592-48e3-af71-5982c0af1f56@group-C1C12825AC52: changes role from  FOLLOWER to FOLLOWER at term 120 for recognizeCandidate:1244ca21-2158-4cc7-9e07-ba347e145504
2019-10-21 23:03:31,276 [grpc-default-executor-6] INFO  impl.RaftServerImpl (RaftServerImpl.java:setRole(184)) - d10c8639-03b1-4f19-ac0f-6419d7578d59@group-C1C12825AC52: changes role from  FOLLOWER to FOLLOWER at term 120 for recognizeCandidate:1244ca21-2158-4cc7-9e07-ba347e145504
2019-10-21 23:03:31,276 [grpc-default-executor-6] INFO  impl.RoleInfo (RoleInfo.java:shutdownFollowerState(121)) - d10c8639-03b1-4f19-ac0f-6419d7578d59: shutdown FollowerState
2019-10-21 23:03:31,276 [grpc-default-executor-5] INFO  impl.RoleInfo (RoleInfo.java:shutdownFollowerState(121)) - 7c107f1d-8592-48e3-af71-5982c0af1f56: shutdown FollowerState
2019-10-21 23:03:31,276 [Thread-10298] INFO  impl.FollowerState (FollowerState.java:run(117)) - d10c8639-03b1-4f19-ac0f-6419d7578d59@group-C1C12825AC52-FollowerState was interrupted: java.lang.InterruptedException: sleep interrupted
2019-10-21 23:03:31,276 [grpc-default-executor-6] INFO  impl.RoleInfo (RoleInfo.java:updateAndGet(143)) - d10c8639-03b1-4f19-ac0f-6419d7578d59: start FollowerState
2019-10-21 23:03:31,276 [Thread-10297] INFO  impl.FollowerState (FollowerState.java:run(117)) - 7c107f1d-8592-48e3-af71-5982c0af1f56@group-C1C12825AC52-FollowerState was interrupted: java.lang.InterruptedException: sleep interrupted
2019-10-21 23:03:31,276 [grpc-default-executor-5] INFO  impl.RoleInfo (RoleInfo.java:updateAndGet(143)) - 7c107f1d-8592-48e3-af71-5982c0af1f56: start FollowerState
2019-10-21 23:03:31,292 [1244ca21-2158-4cc7-9e07-ba347e145504@group-C1C12825AC52-LeaderElection1186] INFO  impl.LeaderElection (LeaderElection.java:logAndReturn(56)) - 1244ca21-2158-4cc7-9e07-ba347e145504@group-C1C12825AC52-LeaderElection1186: Election REJECTED; received 2 response(s) [1244ca21-2158-4cc7-9e07-ba347e145504<-7c107f1d-8592-48e3-af71-5982c0af1f56#0:FAIL-t120, 1244ca21-2158-4cc7-9e07-ba347e145504<-d10c8639-03b1-4f19-ac0f-6419d7578d59#0:FAIL-t120] and 0 exception(s); 1244ca21-2158-4cc7-9e07-ba347e145504@group-C1C12825AC52:t120, leader=null, voted=1244ca21-2158-4cc7-9e07-ba347e145504, raftlog=1244ca21-2158-4cc7-9e07-ba347e145504@group-C1C12825AC52-SegmentedRaftLog:OPENED:c-1,f-1,i0, conf=-1: [1244ca21-2158-4cc7-9e07-ba347e145504:192.168.69.118:43370, 7c107f1d-8592-48e3-af71-5982c0af1f56:192.168.69.118:36514, d10c8639-03b1-4f19-ac0f-6419d7578d59:192.168.69.118:37568], old=null
2019-10-21 23:03:31,292 [1244ca21-2158-4cc7-9e07-ba347e145504@group-C1C12825AC52-LeaderElection1186] INFO  impl.RaftServerImpl (RaftServerImpl.java:setRole(184)) - 1244ca21-2158-4cc7-9e07-ba347e145504@group-C1C12825AC52: changes role from CANDIDATE to FOLLOWER at term 120 for DISCOVERED_A_NEW_TERM
2019-10-21 23:03:31,292 [1244ca21-2158-4cc7-9e07-ba347e145504@group-C1C12825AC52-LeaderElection1186] INFO  impl.RoleInfo (RoleInfo.java:shutdownLeaderElection(134)) - 1244ca21-2158-4cc7-9e07-ba347e145504: shutdown LeaderElection
2019-10-21 23:03:31,292 [1244ca21-2158-4cc7-9e07-ba347e145504@group-C1C12825AC52-LeaderElection1186] INFO  impl.RoleInfo (RoleInfo.java:updateAndGet(143)) - 1244ca21-2158-4cc7-9e07-ba347e145504: start FollowerState
2019-10-21 23:03:31,304 [Thread-10307] INFO  impl.FollowerState (FollowerState.java:run(108)) - 1244ca21-2158-4cc7-9e07-ba347e145504@group-C1C12825AC52-FollowerState: change to CANDIDATE, lastRpcTime:11ms, electionTimeout:11ms
2019-10-21 23:03:31,304 [Thread-10307] INFO  impl.RoleInfo (RoleInfo.java:shutdownFollowerState(121)) - 1244ca21-2158-4cc7-9e07-ba347e145504: shutdown FollowerState
2019-10-21 23:03:31,304 [Thread-10307] INFO  impl.RaftServerImpl (RaftServerImpl.java:setRole(184)) - 1244ca21-2158-4cc7-9e07-ba347e145504@group-C1C12825AC52: changes role from  FOLLOWER to CANDIDATE at term 120 for changeToCandidate
2019-10-21 23:03:31,304 [Thread-10307] INFO  impl.RoleInfo (RoleInfo.java:updateAndGet(143)) - 1244ca21-2158-4cc7-9e07-ba347e145504: start LeaderElection
2019-10-21 23:03:31,319 [1244ca21-2158-4cc7-9e07-ba347e145504@group-C1C12825AC52-LeaderElection1187] INFO  impl.LeaderElection (LeaderElection.java:askForVotes(178)) - 1244ca21-2158-4cc7-9e07-ba347e145504@group-C1C12825AC52-LeaderElection1187: begin an election at term 121 for -1: [1244ca21-2158-4cc7-9e07-ba347e145504:192.168.69.118:43370, 7c107f1d-8592-48e3-af71-5982c0af1f56:192.168.69.118:36514, d10c8639-03b1-4f19-ac0f-6419d7578d59:192.168.69.118:37568], old=null
2019-10-21 23:03:31,320 [grpc-default-executor-5] INFO  impl.RaftServerImpl (RaftServerImpl.java:setRole(184)) - d10c8639-03b1-4f19-ac0f-6419d7578d59@group-C1C12825AC52: changes role from  FOLLOWER to FOLLOWER at term 121 for recognizeCandidate:1244ca21-2158-4cc7-9e07-ba347e145504
2019-10-21 23:03:31,320 [grpc-default-executor-5] INFO  impl.RoleInfo (RoleInfo.java:shutdownFollowerState(121)) - d10c8639-03b1-4f19-ac0f-6419d7578d59: shutdown FollowerState
2019-10-21 23:03:31,320 [grpc-default-executor-5] INFO  impl.RoleInfo (RoleInfo.java:updateAndGet(143)) - d10c8639-03b1-4f19-ac0f-6419d7578d59: start FollowerState
2019-10-21 23:03:31,320 [Thread-10305] INFO  impl.FollowerState (FollowerState.java:run(117)) - d10c8639-03b1-4f19-ac0f-6419d7578d59@group-C1C12825AC52-FollowerState was interrupted: java.lang.InterruptedException: sleep interrupted
2019-10-21 23:03:31,320 [grpc-default-executor-6] INFO  impl.RaftServerImpl (RaftServerImpl.java:setRole(184)) - 7c107f1d-8592-48e3-af71-5982c0af1f56@group-C1C12825AC52: changes role from  FOLLOWER to FOLLOWER at term 121 for recognizeCandidate:1244ca21-2158-4cc7-9e07-ba347e145504
2019-10-21 23:03:31,321 [grpc-default-executor-6] INFO  impl.RoleInfo (RoleInfo.java:shutdownFollowerState(121)) - 7c107f1d-8592-48e3-af71-5982c0af1f56: shutdown FollowerState
2019-10-21 23:03:31,321 [grpc-default-executor-6] INFO  impl.RoleInfo (RoleInfo.java:updateAndGet(143)) - 7c107f1d-8592-48e3-af71-5982c0af1f56: start FollowerState
2019-10-21 23:03:31,321 [Thread-10306] INFO  impl.FollowerState (FollowerState.java:run(117)) - 7c107f1d-8592-48e3-af71-5982c0af1f56@group-C1C12825AC52-FollowerState was interrupted: java.lang.InterruptedException: sleep interrupted
2019-10-21 23:03:31,336 [1244ca21-2158-4cc7-9e07-ba347e145504@group-C1C12825AC52-LeaderElection1187] INFO  impl.LeaderElection (LeaderElection.java:logAndReturn(56)) - 1244ca21-2158-4cc7-9e07-ba347e145504@group-C1C12825AC52-LeaderElection1187: Election REJECTED; received 2 response(s) [1244ca21-2158-4cc7-9e07-ba347e145504<-7c107f1d-8592-48e3-af71-5982c0af1f56#0:FAIL-t121, 1244ca21-2158-4cc7-9e07-ba347e145504<-d10c8639-03b1-4f19-ac0f-6419d7578d59#0:FAIL-t121] and 0 exception(s); 1244ca21-2158-4cc7-9e07-ba347e145504@group-C1C12825AC52:t121, leader=null, voted=1244ca21-2158-4cc7-9e07-ba347e145504, raftlog=1244ca21-2158-4cc7-9e07-ba347e145504@group-C1C12825AC52-SegmentedRaftLog:OPENED:c-1,f-1,i0, conf=-1: [1244ca21-2158-4cc7-9e07-ba347e145504:192.168.69.118:43370, 7c107f1d-8592-48e3-af71-5982c0af1f56:192.168.69.118:36514, d10c8639-03b1-4f19-ac0f-6419d7578d59:192.168.69.118:37568], old=null
2019-10-21 23:03:31,336 [1244ca21-2158-4cc7-9e07-ba347e145504@group-C1C12825AC52-LeaderElection1187] INFO  impl.RaftServerImpl (RaftServerImpl.java:setRole(184)) - 1244ca21-2158-4cc7-9e07-ba347e145504@group-C1C12825AC52: changes role from CANDIDATE to FOLLOWER at term 121 for DISCOVERED_A_NEW_TERM
2019-10-21 23:03:31,336 [1244ca21-2158-4cc7-9e07-ba347e145504@group-C1C12825AC52-LeaderElection1187] INFO  impl.RoleInfo (RoleInfo.java:shutdownLeaderElection(134)) - 1244ca21-2158-4cc7-9e07-ba347e145504: shutdown LeaderElection
2019-10-21 23:03:31,336 [1244ca21-2158-4cc7-9e07-ba347e145504@group-C1C12825AC52-LeaderElection1187] INFO  impl.RoleInfo (RoleInfo.java:updateAndGet(143)) - 1244ca21-2158-4cc7-9e07-ba347e145504: start FollowerState
2019-10-21 23:03:31,431 [Thread-10313] INFO  impl.FollowerState (FollowerState.java:run(108)) - 1244ca21-2158-4cc7-9e07-ba347e145504@group-C1C12825AC52-FollowerState: change to CANDIDATE, lastRpcTime:94ms, electionTimeout:94ms
2019-10-21 23:03:31,431 [Thread-10313] INFO  impl.RoleInfo (RoleInfo.java:shutdownFollowerState(121)) - 1244ca21-2158-4cc7-9e07-ba347e145504: shutdown FollowerState
2019-10-21 23:03:31,431 [Thread-10313] INFO  impl.RaftServerImpl (RaftServerImpl.java:setRole(184)) - 1244ca21-2158-4cc7-9e07-ba347e145504@group-C1C12825AC52: changes role from  FOLLOWER to CANDIDATE at term 121 for changeToCandidate
2019-10-21 23:03:31,431 [Thread-10313] INFO  impl.RoleInfo (RoleInfo.java:updateAndGet(143)) - 1244ca21-2158-4cc7-9e07-ba347e145504: start LeaderElection
2019-10-21 23:03:31,444 [1244ca21-2158-4cc7-9e07-ba347e145504@group-C1C12825AC52-LeaderElection1188] INFO  impl.LeaderElection (LeaderElection.java:askForVotes(178)) - 1244ca21-2158-4cc7-9e07-ba347e145504@group-C1C12825AC52-LeaderElection1188: begin an election at term 122 for -1: [1244ca21-2158-4cc7-9e07-ba347e145504:192.168.69.118:43370, 7c107f1d-8592-48e3-af71-5982c0af1f56:192.168.69.118:36514, d10c8639-03b1-4f19-ac0f-6419d7578d59:192.168.69.118:37568], old=null
2019-10-21 23:03:31,445 [grpc-default-executor-6] INFO  impl.RaftServerImpl (RaftServerImpl.java:setRole(184)) - d10c8639-03b1-4f19-ac0f-6419d7578d59@group-C1C12825AC52: changes role from  FOLLOWER to FOLLOWER at term 122 for recognizeCandidate:1244ca21-2158-4cc7-9e07-ba347e145504
2019-10-21 23:03:31,446 [grpc-default-executor-6] INFO  impl.RoleInfo (RoleInfo.java:shutdownFollowerState(121)) - d10c8639-03b1-4f19-ac0f-6419d7578d59: shutdown FollowerState
2019-10-21 23:03:31,445 [grpc-default-executor-5] INFO  impl.RaftServerImpl (RaftServerImpl.java:setRole(184)) - 7c107f1d-8592-48e3-af71-5982c0af1f56@group-C1C12825AC52: changes role from  FOLLOWER to FOLLOWER at term 122 for recognizeCandidate:1244ca21-2158-4cc7-9e07-ba347e145504
2019-10-21 23:03:31,446 [Thread-10311] INFO  impl.FollowerState (FollowerState.java:run(117)) - d10c8639-03b1-4f19-ac0f-6419d7578d59@group-C1C12825AC52-FollowerState was interrupted: java.lang.InterruptedException: sleep interrupted
2019-10-21 23:03:31,446 [grpc-default-executor-6] INFO  impl.RoleInfo (RoleInfo.java:updateAndGet(143)) - d10c8639-03b1-4f19-ac0f-6419d7578d59: start FollowerState
2019-10-21 23:03:31,446 [grpc-default-executor-5] INFO  impl.RoleInfo (RoleInfo.java:shutdownFollowerState(121)) - 7c107f1d-8592-48e3-af71-5982c0af1f56: shutdown FollowerState
2019-10-21 23:03:31,446 [grpc-default-executor-5] INFO  impl.RoleInfo (RoleInfo.java:updateAndGet(143)) - 7c107f1d-8592-48e3-af71-5982c0af1f56: start FollowerState
2019-10-21 23:03:31,446 [Thread-10312] INFO  impl.FollowerState (FollowerState.java:run(117)) - 7c107f1d-8592-48e3-af71-5982c0af1f56@group-C1C12825AC52-FollowerState was interrupted: java.lang.InterruptedException: sleep interrupted
2019-10-21 23:03:31,460 [1244ca21-2158-4cc7-9e07-ba347e145504@group-C1C12825AC52-LeaderElection1188] INFO  impl.LeaderElection (LeaderElection.java:logAndReturn(56)) - 1244ca21-2158-4cc7-9e07-ba347e145504@group-C1C12825AC52-LeaderElection1188: Election REJECTED; received 2 response(s) [1244ca21-2158-4cc7-9e07-ba347e145504<-7c107f1d-8592-48e3-af71-5982c0af1f56#0:FAIL-t122, 1244ca21-2158-4cc7-9e07-ba347e145504<-d10c8639-03b1-4f19-ac0f-6419d7578d59#0:FAIL-t122] and 0 exception(s); 1244ca21-2158-4cc7-9e07-ba347e145504@group-C1C12825AC52:t122, leader=null, voted=1244ca21-2158-4cc7-9e07-ba347e145504, raftlog=1244ca21-2158-4cc7-9e07-ba347e145504@group-C1C12825AC52-SegmentedRaftLog:OPENED:c-1,f-1,i0, conf=-1: [1244ca21-2158-4cc7-9e07-ba347e145504:192.168.69.118:43370, 7c107f1d-8592-48e3-af71-5982c0af1f56:192.168.69.118:36514, d10c8639-03b1-4f19-ac0f-6419d7578d59:192.168.69.118:37568], old=null
2019-10-21 23:03:31,460 [1244ca21-2158-4cc7-9e07-ba347e145504@group-C1C12825AC52-LeaderElection1188] INFO  impl.RaftServerImpl (RaftServerImpl.java:setRole(184)) - 1244ca21-2158-4cc7-9e07-ba347e145504@group-C1C12825AC52: changes role from CANDIDATE to FOLLOWER at term 122 for DISCOVERED_A_NEW_TERM
2019-10-21 23:03:31,460 [1244ca21-2158-4cc7-9e07-ba347e145504@group-C1C12825AC52-LeaderElection1188] INFO  impl.RoleInfo (RoleInfo.java:shutdownLeaderElection(134)) - 1244ca21-2158-4cc7-9e07-ba347e145504: shutdown LeaderElection
2019-10-21 23:03:31,461 [1244ca21-2158-4cc7-9e07-ba347e145504@group-C1C12825AC52-LeaderElection1188] INFO  impl.RoleInfo (RoleInfo.java:updateAndGet(143)) - 1244ca21-2158-4cc7-9e07-ba347e145504: start FollowerState
2019-10-21 23:03:31,546 [Thread-10319] INFO  impl.FollowerState (FollowerState.java:run(108)) - 1244ca21-2158-4cc7-9e07-ba347e145504@group-C1C12825AC52-FollowerState: change to CANDIDATE, lastRpcTime:85ms, electionTimeout:85ms
2019-10-21 23:03:31,546 [Thread-10319] INFO  impl.RoleInfo (RoleInfo.java:shutdownFollowerState(121)) - 1244ca21-2158-4cc7-9e07-ba347e145504: shutdown FollowerState
2019-10-21 23:03:31,546 [Thread-10319] INFO  impl.RaftServerImpl (RaftServerImpl.java:setRole(184)) - 1244ca21-2158-4cc7-9e07-ba347e145504@group-C1C12825AC52: changes role from  FOLLOWER to CANDIDATE at term 122 for changeToCandidate
2019-10-21 23:03:31,546 [Thread-10319] INFO  impl.RoleInfo (RoleInfo.java:updateAndGet(143)) - 1244ca21-2158-4cc7-9e07-ba347e145504: start LeaderElection
2019-10-21 23:03:31,559 [1244ca21-2158-4cc7-9e07-ba347e145504@group-C1C12825AC52-LeaderElection1189] INFO  impl.LeaderElection (LeaderElection.java:askForVotes(178)) - 1244ca21-2158-4cc7-9e07-ba347e145504@group-C1C12825AC52-LeaderElection1189: begin an election at term 123 for -1: [1244ca21-2158-4cc7-9e07-ba347e145504:192.168.69.118:43370, 7c107f1d-8592-48e3-af71-5982c0af1f56:192.168.69.118:36514, d10c8639-03b1-4f19-ac0f-6419d7578d59:192.168.69.118:37568], old=null
2019-10-21 23:03:31,560 [grpc-default-executor-6] INFO  impl.RaftServerImpl (RaftServerImpl.java:setRole(184)) - d10c8639-03b1-4f19-ac0f-6419d7578d59@group-C1C12825AC52: changes role from  FOLLOWER to FOLLOWER at term 123 for recognizeCandidate:1244ca21-2158-4cc7-9e07-ba347e145504
2019-10-21 23:03:31,560 [grpc-default-executor-5] INFO  impl.RaftServerImpl (RaftServerImpl.java:setRole(184)) - 7c107f1d-8592-48e3-af71-5982c0af1f56@group-C1C12825AC52: changes role from  FOLLOWER to FOLLOWER at term 123 for recognizeCandidate:1244ca21-2158-4cc7-9e07-ba347e145504
2019-10-21 23:03:31,561 [grpc-default-executor-5] INFO  impl.RoleInfo (RoleInfo.java:shutdownFollowerState(121)) - 7c107f1d-8592-48e3-af71-5982c0af1f56: shutdown FollowerState
2019-10-21 23:03:31,561 [grpc-default-executor-6] INFO  impl.RoleInfo (RoleInfo.java:shutdownFollowerState(121)) - d10c8639-03b1-4f19-ac0f-6419d7578d59: shutdown FollowerState
2019-10-21 23:03:31,561 [Thread-10318] INFO  impl.FollowerState (FollowerState.java:run(117)) - 7c107f1d-8592-48e3-af71-5982c0af1f56@group-C1C12825AC52-FollowerState was interrupted: java.lang.InterruptedException: sleep interrupted
2019-10-21 23:03:31,561 [grpc-default-executor-5] INFO  impl.RoleInfo (RoleInfo.java:updateAndGet(143)) - 7c107f1d-8592-48e3-af71-5982c0af1f56: start FollowerState
2019-10-21 23:03:31,561 [Thread-10317] INFO  impl.FollowerState (FollowerState.java:run(117)) - d10c8639-03b1-4f19-ac0f-6419d7578d59@group-C1C12825AC52-FollowerState was interrupted: java.lang.InterruptedException: sleep interrupted
2019-10-21 23:03:31,561 [grpc-default-executor-6] INFO  impl.RoleInfo (RoleInfo.java:updateAndGet(143)) - d10c8639-03b1-4f19-ac0f-6419d7578d59: start FollowerState
2019-10-21 23:03:31,576 [1244ca21-2158-4cc7-9e07-ba347e145504@group-C1C12825AC52-LeaderElection1189] INFO  impl.LeaderElection (LeaderElection.java:logAndReturn(56)) - 1244ca21-2158-4cc7-9e07-ba347e145504@group-C1C12825AC52-LeaderElection1189: Election REJECTED; received 2 response(s) [1244ca21-2158-4cc7-9e07-ba347e145504<-7c107f1d-8592-48e3-af71-5982c0af1f56#0:FAIL-t123, 1244ca21-2158-4cc7-9e07-ba347e145504<-d10c8639-03b1-4f19-ac0f-6419d7578d59#0:FAIL-t123] and 0 exception(s); 1244ca21-2158-4cc7-9e07-ba347e145504@group-C1C12825AC52:t123, leader=null, voted=1244ca21-2158-4cc7-9e07-ba347e145504, raftlog=1244ca21-2158-4cc7-9e07-ba347e145504@group-C1C12825AC52-SegmentedRaftLog:OPENED:c-1,f-1,i0, conf=-1: [1244ca21-2158-4cc7-9e07-ba347e145504:192.168.69.118:43370, 7c107f1d-8592-48e3-af71-5982c0af1f56:192.168.69.118:36514, d10c8639-03b1-4f19-ac0f-6419d7578d59:192.168.69.118:37568], old=null
2019-10-21 23:03:31,576 [1244ca21-2158-4cc7-9e07-ba347e145504@group-C1C12825AC52-LeaderElection1189] INFO  impl.RaftServerImpl (RaftServerImpl.java:setRole(184)) - 1244ca21-2158-4cc7-9e07-ba347e145504@group-C1C12825AC52: changes role from CANDIDATE to FOLLOWER at term 123 for DISCOVERED_A_NEW_TERM
2019-10-21 23:03:31,577 [1244ca21-2158-4cc7-9e07-ba347e145504@group-C1C12825AC52-LeaderElection1189] INFO  impl.RoleInfo (RoleInfo.java:shutdownLeaderElection(134)) - 1244ca21-2158-4cc7-9e07-ba347e145504: shutdown LeaderElection
2019-10-21 23:03:31,577 [1244ca21-2158-4cc7-9e07-ba347e145504@group-C1C12825AC52-LeaderElection1189] INFO  impl.RoleInfo (RoleInfo.java:updateAndGet(143)) - 1244ca21-2158-4cc7-9e07-ba347e145504: start FollowerState
2019-10-21 23:03:31,614 [Thread-10325] INFO  impl.FollowerState (FollowerState.java:run(108)) - 1244ca21-2158-4cc7-9e07-ba347e145504@group-C1C12825AC52-FollowerState: change to CANDIDATE, lastRpcTime:37ms, electionTimeout:37ms
2019-10-21 23:03:31,614 [Thread-10325] INFO  impl.RoleInfo (RoleInfo.java:shutdownFollowerState(121)) - 1244ca21-2158-4cc7-9e07-ba347e145504: shutdown FollowerState
2019-10-21 23:03:31,614 [Thread-10325] INFO  impl.RaftServerImpl (RaftServerImpl.java:setRole(184)) - 1244ca21-2158-4cc7-9e07-ba347e145504@group-C1C12825AC52: changes role from  FOLLOWER to CANDIDATE at term 123 for changeToCandidate
2019-10-21 23:03:31,614 [Thread-10325] INFO  impl.RoleInfo (RoleInfo.java:updateAndGet(143)) - 1244ca21-2158-4cc7-9e07-ba347e145504: start LeaderElection
2019-10-21 23:03:31,628 [1244ca21-2158-4cc7-9e07-ba347e145504@group-C1C12825AC52-LeaderElection1190] INFO  impl.LeaderElection (LeaderElection.java:askForVotes(178)) - 1244ca21-2158-4cc7-9e07-ba347e145504@group-C1C12825AC52-LeaderElection1190: begin an election at term 124 for -1: [1244ca21-2158-4cc7-9e07-ba347e145504:192.168.69.118:43370, 7c107f1d-8592-48e3-af71-5982c0af1f56:192.168.69.118:36514, d10c8639-03b1-4f19-ac0f-6419d7578d59:192.168.69.118:37568], old=null
2019-10-21 23:03:31,629 [grpc-default-executor-6] INFO  impl.RaftServerImpl (RaftServerImpl.java:setRole(184)) - 7c107f1d-8592-48e3-af71-5982c0af1f56@group-C1C12825AC52: changes role from  FOLLOWER to FOLLOWER at term 124 for recognizeCandidate:1244ca21-2158-4cc7-9e07-ba347e145504
2019-10-21 23:03:31,629 [grpc-default-executor-5] INFO  impl.RaftServerImpl (RaftServerImpl.java:setRole(184)) - d10c8639-03b1-4f19-ac0f-6419d7578d59@group-C1C12825AC52: changes role from  FOLLOWER to FOLLOWER at term 124 for recognizeCandidate:1244ca21-2158-4cc7-9e07-ba347e145504
2019-10-21 23:03:31,629 [grpc-default-executor-6] INFO  impl.RoleInfo (RoleInfo.java:shutdownFollowerState(121)) - 7c107f1d-8592-48e3-af71-5982c0af1f56: shutdown FollowerState
2019-10-21 23:03:31,629 [grpc-default-executor-5] INFO  impl.RoleInfo (RoleInfo.java:shutdownFollowerState(121)) - d10c8639-03b1-4f19-ac0f-6419d7578d59: shutdown FollowerState
2019-10-21 23:03:31,629 [Thread-10323] INFO  impl.FollowerState (FollowerState.java:run(117)) - 7c107f1d-8592-48e3-af71-5982c0af1f56@group-C1C12825AC52-FollowerState was interrupted: java.lang.InterruptedException: sleep interrupted
2019-10-21 23:03:31,629 [grpc-default-executor-6] INFO  impl.RoleInfo (RoleInfo.java:updateAndGet(143)) - 7c107f1d-8592-48e3-af71-5982c0af1f56: start FollowerState
2019-10-21 23:03:31,629 [Thread-10324] INFO  impl.FollowerState (FollowerState.java:run(117)) - d10c8639-03b1-4f19-ac0f-6419d7578d59@group-C1C12825AC52-FollowerState was interrupted: java.lang.InterruptedException: sleep interrupted
2019-10-21 23:03:31,629 [grpc-default-executor-5] INFO  impl.RoleInfo (RoleInfo.java:updateAndGet(143)) - d10c8639-03b1-4f19-ac0f-6419d7578d59: start FollowerState
2019-10-21 23:03:31,667 [1244ca21-2158-4cc7-9e07-ba347e145504@group-C1C12825AC52-LeaderElection1190] INFO  impl.LeaderElection (LeaderElection.java:logAndReturn(56)) - 1244ca21-2158-4cc7-9e07-ba347e145504@group-C1C12825AC52-LeaderElection1190: Election REJECTED; received 2 response(s) [1244ca21-2158-4cc7-9e07-ba347e145504<-7c107f1d-8592-48e3-af71-5982c0af1f56#0:FAIL-t124, 1244ca21-2158-4cc7-9e07-ba347e145504<-d10c8639-03b1-4f19-ac0f-6419d7578d59#0:FAIL-t124] and 0 exception(s); 1244ca21-2158-4cc7-9e07-ba347e145504@group-C1C12825AC52:t124, leader=null, voted=1244ca21-2158-4cc7-9e07-ba347e145504, raftlog=1244ca21-2158-4cc7-9e07-ba347e145504@group-C1C12825AC52-SegmentedRaftLog:OPENED:c-1,f-1,i0, conf=-1: [1244ca21-2158-4cc7-9e07-ba347e145504:192.168.69.118:43370, 7c107f1d-8592-48e3-af71-5982c0af1f56:192.168.69.118:36514, d10c8639-03b1-4f19-ac0f-6419d7578d59:192.168.69.118:37568], old=null
2019-10-21 23:03:31,667 [1244ca21-2158-4cc7-9e07-ba347e145504@group-C1C12825AC52-LeaderElection1190] INFO  impl.RaftServerImpl (RaftServerImpl.java:setRole(184)) - 1244ca21-2158-4cc7-9e07-ba347e145504@group-C1C12825AC52: changes role from CANDIDATE to FOLLOWER at term 124 for DISCOVERED_A_NEW_TERM
2019-10-21 23:03:31,667 [1244ca21-2158-4cc7-9e07-ba347e145504@group-C1C12825AC52-LeaderElection1190] INFO  impl.RoleInfo (RoleInfo.java:shutdownLeaderElection(134)) - 1244ca21-2158-4cc7-9e07-ba347e145504: shutdown LeaderElection
2019-10-21 23:03:31,667 [1244ca21-2158-4cc7-9e07-ba347e145504@group-C1C12825AC52-LeaderElection1190] INFO  impl.RoleInfo (RoleInfo.java:updateAndGet(143)) - 1244ca21-2158-4cc7-9e07-ba347e145504: start FollowerState
2019-10-21 23:03:31,717 [Thread-10333] INFO  impl.FollowerState (FollowerState.java:run(108)) - 1244ca21-2158-4cc7-9e07-ba347e145504@group-C1C12825AC52-FollowerState: change to CANDIDATE, lastRpcTime:50ms, electionTimeout:50ms
2019-10-21 23:03:31,717 [Thread-10333] INFO  impl.RoleInfo (RoleInfo.java:shutdownFollowerState(121)) - 1244ca21-2158-4cc7-9e07-ba347e145504: shutdown FollowerState
2019-10-21 23:03:31,717 [Thread-10333] INFO  impl.RaftServerImpl (RaftServerImpl.java:setRole(184)) - 1244ca21-2158-4cc7-9e07-ba347e145504@group-C1C12825AC52: changes role from  FOLLOWER to CANDIDATE at term 124 for changeToCandidate
2019-10-21 23:03:31,717 [Thread-10333] INFO  impl.RoleInfo (RoleInfo.java:updateAndGet(143)) - 1244ca21-2158-4cc7-9e07-ba347e145504: start LeaderElection
2019-10-21 23:03:31,731 [1244ca21-2158-4cc7-9e07-ba347e145504@group-C1C12825AC52-LeaderElection1191] INFO  impl.LeaderElection (LeaderElection.java:askForVotes(178)) - 1244ca21-2158-4cc7-9e07-ba347e145504@group-C1C12825AC52-LeaderElection1191: begin an election at term 125 for -1: [1244ca21-2158-4cc7-9e07-ba347e145504:192.168.69.118:43370, 7c107f1d-8592-48e3-af71-5982c0af1f56:192.168.69.118:36514, d10c8639-03b1-4f19-ac0f-6419d7578d59:192.168.69.118:37568], old=null
2019-10-21 23:03:31,732 [grpc-default-executor-6] INFO  impl.RaftServerImpl (RaftServerImpl.java:setRole(184)) - 7c107f1d-8592-48e3-af71-5982c0af1f56@group-C1C12825AC52: changes role from  FOLLOWER to FOLLOWER at term 125 for recognizeCandidate:1244ca21-2158-4cc7-9e07-ba347e145504
2019-10-21 23:03:31,732 [grpc-default-executor-5] INFO  impl.RaftServerImpl (RaftServerImpl.java:setRole(184)) - d10c8639-03b1-4f19-ac0f-6419d7578d59@group-C1C12825AC52: changes role from  FOLLOWER to FOLLOWER at term 125 for recognizeCandidate:1244ca21-2158-4cc7-9e07-ba347e145504
2019-10-21 23:03:31,733 [grpc-default-executor-5] INFO  impl.RoleInfo (RoleInfo.java:shutdownFollowerState(121)) - d10c8639-03b1-4f19-ac0f-6419d7578d59: shutdown FollowerState
2019-10-21 23:03:31,733 [grpc-default-executor-6] INFO  impl.RoleInfo (RoleInfo.java:shutdownFollowerState(121)) - 7c107f1d-8592-48e3-af71-5982c0af1f56: shutdown FollowerState
2019-10-21 23:03:31,733 [Thread-10332] INFO  impl.FollowerState (FollowerState.java:run(117)) - d10c8639-03b1-4f19-ac0f-6419d7578d59@group-C1C12825AC52-FollowerState was interrupted: java.lang.InterruptedException: sleep interrupted
2019-10-21 23:03:31,733 [Thread-10331] INFO  impl.FollowerState (FollowerState.java:run(117)) - 7c107f1d-8592-48e3-af71-5982c0af1f56@group-C1C12825AC52-FollowerState was interrupted: java.lang.InterruptedException: sleep interrupted
2019-10-21 23:03:31,733 [grpc-default-executor-5] INFO  impl.RoleInfo (RoleInfo.java:updateAndGet(143)) - d10c8639-03b1-4f19-ac0f-6419d7578d59: start FollowerState
2019-10-21 23:03:31,733 [grpc-default-executor-6] INFO  impl.RoleInfo (RoleInfo.java:updateAndGet(143)) - 7c107f1d-8592-48e3-af71-5982c0af1f56: start FollowerState
2019-10-21 23:03:31,747 [1244ca21-2158-4cc7-9e07-ba347e145504@group-C1C12825AC52-LeaderElection1191] INFO  impl.LeaderElection (LeaderElection.java:logAndReturn(56)) - 1244ca21-2158-4cc7-9e07-ba347e145504@group-C1C12825AC52-LeaderElection1191: Election REJECTED; received 2 response(s) [1244ca21-2158-4cc7-9e07-ba347e145504<-7c107f1d-8592-48e3-af71-5982c0af1f56#0:FAIL-t125, 1244ca21-2158-4cc7-9e07-ba347e145504<-d10c8639-03b1-4f19-ac0f-6419d7578d59#0:FAIL-t125] and 0 exception(s); 1244ca21-2158-4cc7-9e07-ba347e145504@group-C1C12825AC52:t125, leader=null, voted=1244ca21-2158-4cc7-9e07-ba347e145504, raftlog=1244ca21-2158-4cc7-9e07-ba347e145504@group-C1C12825AC52-SegmentedRaftLog:OPENED:c-1,f-1,i0, conf=-1: [1244ca21-2158-4cc7-9e07-ba347e145504:192.168.69.118:43370, 7c107f1d-8592-48e3-af71-5982c0af1f56:192.168.69.118:36514, d10c8639-03b1-4f19-ac0f-6419d7578d59:192.168.69.118:37568], old=null
2019-10-21 23:03:31,747 [1244ca21-2158-4cc7-9e07-ba347e145504@group-C1C12825AC52-LeaderElection1191] INFO  impl.RaftServerImpl (RaftServerImpl.java:setRole(184)) - 1244ca21-2158-4cc7-9e07-ba347e145504@group-C1C12825AC52: changes role from CANDIDATE to FOLLOWER at term 125 for DISCOVERED_A_NEW_TERM
2019-10-21 23:03:31,747 [1244ca21-2158-4cc7-9e07-ba347e145504@group-C1C12825AC52-LeaderElection1191] INFO  impl.RoleInfo (RoleInfo.java:shutdownLeaderElection(134)) - 1244ca21-2158-4cc7-9e07-ba347e145504: shutdown LeaderElection
2019-10-21 23:03:31,748 [1244ca21-2158-4cc7-9e07-ba347e145504@group-C1C12825AC52-LeaderElection1191] INFO  impl.RoleInfo (RoleInfo.java:updateAndGet(143)) - 1244ca21-2158-4cc7-9e07-ba347e145504: start FollowerState
2019-10-21 23:03:31,810 [Thread-10341] INFO  impl.FollowerState (FollowerState.java:run(108)) - 1244ca21-2158-4cc7-9e07-ba347e145504@group-C1C12825AC52-FollowerState: change to CANDIDATE, lastRpcTime:62ms, electionTimeout:62ms
2019-10-21 23:03:31,810 [Thread-10341] INFO  impl.RoleInfo (RoleInfo.java:shutdownFollowerState(121)) - 1244ca21-2158-4cc7-9e07-ba347e145504: shutdown FollowerState
2019-10-21 23:03:31,810 [Thread-10341] INFO  impl.RaftServerImpl (RaftServerImpl.java:setRole(184)) - 1244ca21-2158-4cc7-9e07-ba347e145504@group-C1C12825AC52: changes role from  FOLLOWER to CANDIDATE at term 125 for changeToCandidate
2019-10-21 23:03:31,810 [Thread-10341] INFO  impl.RoleInfo (RoleInfo.java:updateAndGet(143)) - 1244ca21-2158-4cc7-9e07-ba347e145504: start LeaderElection
2019-10-21 23:03:31,824 [1244ca21-2158-4cc7-9e07-ba347e145504@group-C1C12825AC52-LeaderElection1192] INFO  impl.LeaderElection (LeaderElection.java:askForVotes(178)) - 1244ca21-2158-4cc7-9e07-ba347e145504@group-C1C12825AC52-LeaderElection1192: begin an election at term 126 for -1: [1244ca21-2158-4cc7-9e07-ba347e145504:192.168.69.118:43370, 7c107f1d-8592-48e3-af71-5982c0af1f56:192.168.69.118:36514, d10c8639-03b1-4f19-ac0f-6419d7578d59:192.168.69.118:37568], old=null
2019-10-21 23:03:31,825 [grpc-default-executor-6] INFO  impl.RaftServerImpl (RaftServerImpl.java:setRole(184)) - d10c8639-03b1-4f19-ac0f-6419d7578d59@group-C1C12825AC52: changes role from  FOLLOWER to FOLLOWER at term 126 for recognizeCandidate:1244ca21-2158-4cc7-9e07-ba347e145504
2019-10-21 23:03:31,825 [grpc-default-executor-5] INFO  impl.RaftServerImpl (RaftServerImpl.java:setRole(184)) - 7c107f1d-8592-48e3-af71-5982c0af1f56@group-C1C12825AC52: changes role from  FOLLOWER to FOLLOWER at term 126 for recognizeCandidate:1244ca21-2158-4cc7-9e07-ba347e145504
2019-10-21 23:03:31,825 [grpc-default-executor-6] INFO  impl.RoleInfo (RoleInfo.java:shutdownFollowerState(121)) - d10c8639-03b1-4f19-ac0f-6419d7578d59: shutdown FollowerState
2019-10-21 23:03:31,825 [grpc-default-executor-5] INFO  impl.RoleInfo (RoleInfo.java:shutdownFollowerState(121)) - 7c107f1d-8592-48e3-af71-5982c0af1f56: shutdown FollowerState
2019-10-21 23:03:31,825 [grpc-default-executor-6] INFO  impl.RoleInfo (RoleInfo.java:updateAndGet(143)) - d10c8639-03b1-4f19-ac0f-6419d7578d59: start FollowerState
2019-10-21 23:03:31,825 [Thread-10340] INFO  impl.FollowerState (FollowerState.java:run(117)) - 7c107f1d-8592-48e3-af71-5982c0af1f56@group-C1C12825AC52-FollowerState was interrupted: java.lang.InterruptedException: sleep interrupted
2019-10-21 23:03:31,825 [Thread-10339] INFO  impl.FollowerState (FollowerState.java:run(117)) - d10c8639-03b1-4f19-ac0f-6419d7578d59@group-C1C12825AC52-FollowerState was interrupted: java.lang.InterruptedException: sleep interrupted
2019-10-21 23:03:31,825 [grpc-default-executor-5] INFO  impl.RoleInfo (RoleInfo.java:updateAndGet(143)) - 7c107f1d-8592-48e3-af71-5982c0af1f56: start FollowerState
2019-10-21 23:03:31,840 [1244ca21-2158-4cc7-9e07-ba347e145504@group-C1C12825AC52-LeaderElection1192] INFO  impl.LeaderElection (LeaderElection.java:logAndReturn(56)) - 1244ca21-2158-4cc7-9e07-ba347e145504@group-C1C12825AC52-LeaderElection1192: Election REJECTED; received 2 response(s) [1244ca21-2158-4cc7-9e07-ba347e145504<-7c107f1d-8592-48e3-af71-5982c0af1f56#0:FAIL-t126, 1244ca21-2158-4cc7-9e07-ba347e145504<-d10c8639-03b1-4f19-ac0f-6419d7578d59#0:FAIL-t126] and 0 exception(s); 1244ca21-2158-4cc7-9e07-ba347e145504@group-C1C12825AC52:t126, leader=null, voted=1244ca21-2158-4cc7-9e07-ba347e145504, raftlog=1244ca21-2158-4cc7-9e07-ba347e145504@group-C1C12825AC52-SegmentedRaftLog:OPENED:c-1,f-1,i0, conf=-1: [1244ca21-2158-4cc7-9e07-ba347e145504:192.168.69.118:43370, 7c107f1d-8592-48e3-af71-5982c0af1f56:192.168.69.118:36514, d10c8639-03b1-4f19-ac0f-6419d7578d59:192.168.69.118:37568], old=null
2019-10-21 23:03:31,840 [1244ca21-2158-4cc7-9e07-ba347e145504@group-C1C12825AC52-LeaderElection1192] INFO  impl.RaftServerImpl (RaftServerImpl.java:setRole(184)) - 1244ca21-2158-4cc7-9e07-ba347e145504@group-C1C12825AC52: changes role from CANDIDATE to FOLLOWER at term 126 for DISCOVERED_A_NEW_TERM
2019-10-21 23:03:31,840 [1244ca21-2158-4cc7-9e07-ba347e145504@group-C1C12825AC52-LeaderElection1192] INFO  impl.RoleInfo (RoleInfo.java:shutdownLeaderElection(134)) - 1244ca21-2158-4cc7-9e07-ba347e145504: shutdown LeaderElection
2019-10-21 23:03:31,840 [1244ca21-2158-4cc7-9e07-ba347e145504@group-C1C12825AC52-LeaderElection1192] INFO  impl.RoleInfo (RoleInfo.java:updateAndGet(143)) - 1244ca21-2158-4cc7-9e07-ba347e145504: start FollowerState
2019-10-21 23:03:32,035 [Thread-10347] INFO  impl.FollowerState (FollowerState.java:run(108)) - 1244ca21-2158-4cc7-9e07-ba347e145504@group-C1C12825AC52-FollowerState: change to CANDIDATE, lastRpcTime:195ms, electionTimeout:195ms
2019-10-21 23:03:32,035 [Thread-10347] INFO  impl.RoleInfo (RoleInfo.java:shutdownFollowerState(121)) - 1244ca21-2158-4cc7-9e07-ba347e145504: shutdown FollowerState
2019-10-21 23:03:32,035 [Thread-10347] INFO  impl.RaftServerImpl (RaftServerImpl.java:setRole(184)) - 1244ca21-2158-4cc7-9e07-ba347e145504@group-C1C12825AC52: changes role from  FOLLOWER to CANDIDATE at term 126 for changeToCandidate
2019-10-21 23:03:32,035 [Thread-10347] INFO  impl.RoleInfo (RoleInfo.java:updateAndGet(143)) - 1244ca21-2158-4cc7-9e07-ba347e145504: start LeaderElection
2019-10-21 23:03:32,049 [1244ca21-2158-4cc7-9e07-ba347e145504@group-C1C12825AC52-LeaderElection1193] INFO  impl.LeaderElection (LeaderElection.java:askForVotes(178)) - 1244ca21-2158-4cc7-9e07-ba347e145504@group-C1C12825AC52-LeaderElection1193: begin an election at term 127 for -1: [1244ca21-2158-4cc7-9e07-ba347e145504:192.168.69.118:43370, 7c107f1d-8592-48e3-af71-5982c0af1f56:192.168.69.118:36514, d10c8639-03b1-4f19-ac0f-6419d7578d59:192.168.69.118:37568], old=null
2019-10-21 23:03:32,050 [grpc-default-executor-5] INFO  impl.RaftServerImpl (RaftServerImpl.java:setRole(184)) - 7c107f1d-8592-48e3-af71-5982c0af1f56@group-C1C12825AC52: changes role from  FOLLOWER to FOLLOWER at term 127 for recognizeCandidate:1244ca21-2158-4cc7-9e07-ba347e145504
2019-10-21 23:03:32,050 [grpc-default-executor-6] INFO  impl.RaftServerImpl (RaftServerImpl.java:setRole(184)) - d10c8639-03b1-4f19-ac0f-6419d7578d59@group-C1C12825AC52: changes role from  FOLLOWER to FOLLOWER at term 127 for recognizeCandidate:1244ca21-2158-4cc7-9e07-ba347e145504
2019-10-21 23:03:32,050 [grpc-default-executor-5] INFO  impl.RoleInfo (RoleInfo.java:shutdownFollowerState(121)) - 7c107f1d-8592-48e3-af71-5982c0af1f56: shutdown FollowerState
2019-10-21 23:03:32,051 [grpc-default-executor-6] INFO  impl.RoleInfo (RoleInfo.java:shutdownFollowerState(121)) - d10c8639-03b1-4f19-ac0f-6419d7578d59: shutdown FollowerState
2019-10-21 23:03:32,051 [grpc-default-executor-5] INFO  impl.RoleInfo (RoleInfo.java:updateAndGet(143)) - 7c107f1d-8592-48e3-af71-5982c0af1f56: start FollowerState
2019-10-21 23:03:32,051 [Thread-10346] INFO  impl.FollowerState (FollowerState.java:run(117)) - 7c107f1d-8592-48e3-af71-5982c0af1f56@group-C1C12825AC52-FollowerState was interrupted: java.lang.InterruptedException: sleep interrupted
2019-10-21 23:03:32,051 [grpc-default-executor-6] INFO  impl.RoleInfo (RoleInfo.java:updateAndGet(143)) - d10c8639-03b1-4f19-ac0f-6419d7578d59: start FollowerState
2019-10-21 23:03:32,051 [Thread-10345] INFO  impl.FollowerState (FollowerState.java:run(117)) - d10c8639-03b1-4f19-ac0f-6419d7578d59@group-C1C12825AC52-FollowerState was interrupted: java.lang.InterruptedException: sleep interrupted
2019-10-21 23:03:32,065 [1244ca21-2158-4cc7-9e07-ba347e145504@group-C1C12825AC52-LeaderElection1193] INFO  impl.LeaderElection (LeaderElection.java:logAndReturn(56)) - 1244ca21-2158-4cc7-9e07-ba347e145504@group-C1C12825AC52-LeaderElection1193: Election REJECTED; received 2 response(s) [1244ca21-2158-4cc7-9e07-ba347e145504<-7c107f1d-8592-48e3-af71-5982c0af1f56#0:FAIL-t127, 1244ca21-2158-4cc7-9e07-ba347e145504<-d10c8639-03b1-4f19-ac0f-6419d7578d59#0:FAIL-t127] and 0 exception(s); 1244ca21-2158-4cc7-9e07-ba347e145504@group-C1C12825AC52:t127, leader=null, voted=1244ca21-2158-4cc7-9e07-ba347e145504, raftlog=1244ca21-2158-4cc7-9e07-ba347e145504@group-C1C12825AC52-SegmentedRaftLog:OPENED:c-1,f-1,i0, conf=-1: [1244ca21-2158-4cc7-9e07-ba347e145504:192.168.69.118:43370, 7c107f1d-8592-48e3-af71-5982c0af1f56:192.168.69.118:36514, d10c8639-03b1-4f19-ac0f-6419d7578d59:192.168.69.118:37568], old=null
2019-10-21 23:03:32,065 [1244ca21-2158-4cc7-9e07-ba347e145504@group-C1C12825AC52-LeaderElection1193] INFO  impl.RaftServerImpl (RaftServerImpl.java:setRole(184)) - 1244ca21-2158-4cc7-9e07-ba347e145504@group-C1C12825AC52: changes role from CANDIDATE to FOLLOWER at term 127 for DISCOVERED_A_NEW_TERM
2019-10-21 23:03:32,065 [1244ca21-2158-4cc7-9e07-ba347e145504@group-C1C12825AC52-LeaderElection1193] INFO  impl.RoleInfo (RoleInfo.java:shutdownLeaderElection(134)) - 1244ca21-2158-4cc7-9e07-ba347e145504: shutdown LeaderElection
2019-10-21 23:03:32,065 [1244ca21-2158-4cc7-9e07-ba347e145504@group-C1C12825AC52-LeaderElection1193] INFO  impl.RoleInfo (RoleInfo.java:updateAndGet(143)) - 1244ca21-2158-4cc7-9e07-ba347e145504: start FollowerState
2019-10-21 23:03:32,202 [Thread-10353] INFO  impl.FollowerState (FollowerState.java:run(108)) - 1244ca21-2158-4cc7-9e07-ba347e145504@group-C1C12825AC52-FollowerState: change to CANDIDATE, lastRpcTime:136ms, electionTimeout:136ms
2019-10-21 23:03:32,202 [Thread-10353] INFO  impl.RoleInfo (RoleInfo.java:shutdownFollowerState(121)) - 1244ca21-2158-4cc7-9e07-ba347e145504: shutdown FollowerState
2019-10-21 23:03:32,202 [Thread-10353] INFO  impl.RaftServerImpl (RaftServerImpl.java:setRole(184)) - 1244ca21-2158-4cc7-9e07-ba347e145504@group-C1C12825AC52: changes role from  FOLLOWER to CANDIDATE at term 127 for changeToCandidate
2019-10-21 23:03:32,202 [Thread-10353] INFO  impl.RoleInfo (RoleInfo.java:updateAndGet(143)) - 1244ca21-2158-4cc7-9e07-ba347e145504: start LeaderElection
2019-10-21 23:03:32,227 [1244ca21-2158-4cc7-9e07-ba347e145504@group-C1C12825AC52-LeaderElection1194] INFO  impl.LeaderElection (LeaderElection.java:askForVotes(178)) - 1244ca21-2158-4cc7-9e07-ba347e145504@group-C1C12825AC52-LeaderElection1194: begin an election at term 128 for -1: [1244ca21-2158-4cc7-9e07-ba347e145504:192.168.69.118:43370, 7c107f1d-8592-48e3-af71-5982c0af1f56:192.168.69.118:36514, d10c8639-03b1-4f19-ac0f-6419d7578d59:192.168.69.118:37568], old=null
2019-10-21 23:03:32,228 [grpc-default-executor-5] INFO  impl.RaftServerImpl (RaftServerImpl.java:setRole(184)) - 7c107f1d-8592-48e3-af71-5982c0af1f56@group-C1C12825AC52: changes role from  FOLLOWER to FOLLOWER at term 128 for recognizeCandidate:1244ca21-2158-4cc7-9e07-ba347e145504
2019-10-21 23:03:32,228 [grpc-default-executor-5] INFO  impl.RoleInfo (RoleInfo.java:shutdownFollowerState(121)) - 7c107f1d-8592-48e3-af71-5982c0af1f56: shutdown FollowerState
2019-10-21 23:03:32,228 [grpc-default-executor-5] INFO  impl.RoleInfo (RoleInfo.java:updateAndGet(143)) - 7c107f1d-8592-48e3-af71-5982c0af1f56: start FollowerState
2019-10-21 23:03:32,228 [grpc-default-executor-6] INFO  impl.RaftServerImpl (RaftServerImpl.java:setRole(184)) - d10c8639-03b1-4f19-ac0f-6419d7578d59@group-C1C12825AC52: changes role from  FOLLOWER to FOLLOWER at term 128 for recognizeCandidate:1244ca21-2158-4cc7-9e07-ba347e145504
2019-10-21 23:03:32,229 [grpc-default-executor-6] INFO  impl.RoleInfo (RoleInfo.java:shutdownFollowerState(121)) - d10c8639-03b1-4f19-ac0f-6419d7578d59: shutdown FollowerState
2019-10-21 23:03:32,229 [grpc-default-executor-6] INFO  impl.RoleInfo (RoleInfo.java:updateAndGet(143)) - d10c8639-03b1-4f19-ac0f-6419d7578d59: start FollowerState
2019-10-21 23:03:32,229 [Thread-10352] INFO  impl.FollowerState (FollowerState.java:run(117)) - d10c8639-03b1-4f19-ac0f-6419d7578d59@group-C1C12825AC52-FollowerState was interrupted: java.lang.InterruptedException: sleep interrupted
2019-10-21 23:03:32,228 [Thread-10351] INFO  impl.FollowerState (FollowerState.java:run(117)) - 7c107f1d-8592-48e3-af71-5982c0af1f56@group-C1C12825AC52-FollowerState was interrupted: java.lang.InterruptedException: sleep interrupted
2019-10-21 23:03:32,245 [1244ca21-2158-4cc7-9e07-ba347e145504@group-C1C12825AC52-LeaderElection1194] INFO  impl.LeaderElection (LeaderElection.java:logAndReturn(56)) - 1244ca21-2158-4cc7-9e07-ba347e145504@group-C1C12825AC52-LeaderElection1194: Election REJECTED; received 2 response(s) [1244ca21-2158-4cc7-9e07-ba347e145504<-7c107f1d-8592-48e3-af71-5982c0af1f56#0:FAIL-t128, 1244ca21-2158-4cc7-9e07-ba347e145504<-d10c8639-03b1-4f19-ac0f-6419d7578d59#0:FAIL-t128] and 0 exception(s); 1244ca21-2158-4cc7-9e07-ba347e145504@group-C1C12825AC52:t128, leader=null, voted=1244ca21-2158-4cc7-9e07-ba347e145504, raftlog=1244ca21-2158-4cc7-9e07-ba347e145504@group-C1C12825AC52-SegmentedRaftLog:OPENED:c-1,f-1,i0, conf=-1: [1244ca21-2158-4cc7-9e07-ba347e145504:192.168.69.118:43370, 7c107f1d-8592-48e3-af71-5982c0af1f56:192.168.69.118:36514, d10c8639-03b1-4f19-ac0f-6419d7578d59:192.168.69.118:37568], old=null
2019-10-21 23:03:32,245 [1244ca21-2158-4cc7-9e07-ba347e145504@group-C1C12825AC52-LeaderElection1194] INFO  impl.RaftServerImpl (RaftServerImpl.java:setRole(184)) - 1244ca21-2158-4cc7-9e07-ba347e145504@group-C1C12825AC52: changes role from CANDIDATE to FOLLOWER at term 128 for DISCOVERED_A_NEW_TERM
2019-10-21 23:03:32,245 [1244ca21-2158-4cc7-9e07-ba347e145504@group-C1C12825AC52-LeaderElection1194] INFO  impl.RoleInfo (RoleInfo.java:shutdownLeaderElection(134)) - 1244ca21-2158-4cc7-9e07-ba347e145504: shutdown LeaderElection
2019-10-21 23:03:32,246 [1244ca21-2158-4cc7-9e07-ba347e145504@group-C1C12825AC52-LeaderElection1194] INFO  impl.RoleInfo (RoleInfo.java:updateAndGet(143)) - 1244ca21-2158-4cc7-9e07-ba347e145504: start FollowerState
2019-10-21 23:03:32,331 [Thread-10363] INFO  impl.FollowerState (FollowerState.java:run(108)) - 1244ca21-2158-4cc7-9e07-ba347e145504@group-C1C12825AC52-FollowerState: change to CANDIDATE, lastRpcTime:85ms, electionTimeout:85ms
2019-10-21 23:03:32,331 [Thread-10363] INFO  impl.RoleInfo (RoleInfo.java:shutdownFollowerState(121)) - 1244ca21-2158-4cc7-9e07-ba347e145504: shutdown FollowerState
2019-10-21 23:03:32,331 [Thread-10363] INFO  impl.RaftServerImpl (RaftServerImpl.java:setRole(184)) - 1244ca21-2158-4cc7-9e07-ba347e145504@group-C1C12825AC52: changes role from  FOLLOWER to CANDIDATE at term 128 for changeToCandidate
2019-10-21 23:03:32,331 [Thread-10363] INFO  impl.RoleInfo (RoleInfo.java:updateAndGet(143)) - 1244ca21-2158-4cc7-9e07-ba347e145504: start LeaderElection
2019-10-21 23:03:32,346 [1244ca21-2158-4cc7-9e07-ba347e145504@group-C1C12825AC52-LeaderElection1195] INFO  impl.LeaderElection (LeaderElection.java:askForVotes(178)) - 1244ca21-2158-4cc7-9e07-ba347e145504@group-C1C12825AC52-LeaderElection1195: begin an election at term 129 for -1: [1244ca21-2158-4cc7-9e07-ba347e145504:192.168.69.118:43370, 7c107f1d-8592-48e3-af71-5982c0af1f56:192.168.69.118:36514, d10c8639-03b1-4f19-ac0f-6419d7578d59:192.168.69.118:37568], old=null
2019-10-21 23:03:32,347 [grpc-default-executor-6] INFO  impl.RaftServerImpl (RaftServerImpl.java:setRole(184)) - 7c107f1d-8592-48e3-af71-5982c0af1f56@group-C1C12825AC52: changes role from  FOLLOWER to FOLLOWER at term 129 for recognizeCandidate:1244ca21-2158-4cc7-9e07-ba347e145504
2019-10-21 23:03:32,347 [grpc-default-executor-6] INFO  impl.RoleInfo (RoleInfo.java:shutdownFollowerState(121)) - 7c107f1d-8592-48e3-af71-5982c0af1f56: shutdown FollowerState
2019-10-21 23:03:32,347 [grpc-default-executor-5] INFO  impl.RaftServerImpl (RaftServerImpl.java:setRole(184)) - d10c8639-03b1-4f19-ac0f-6419d7578d59@group-C1C12825AC52: changes role from  FOLLOWER to FOLLOWER at term 129 for recognizeCandidate:1244ca21-2158-4cc7-9e07-ba347e145504
2019-10-21 23:03:32,348 [grpc-default-executor-5] INFO  impl.RoleInfo (RoleInfo.java:shutdownFollowerState(121)) - d10c8639-03b1-4f19-ac0f-6419d7578d59: shutdown FollowerState
2019-10-21 23:03:32,348 [Thread-10361] INFO  impl.FollowerState (FollowerState.java:run(117)) - 7c107f1d-8592-48e3-af71-5982c0af1f56@group-C1C12825AC52-FollowerState was interrupted: java.lang.InterruptedException: sleep interrupted
2019-10-21 23:03:32,347 [grpc-default-executor-6] INFO  impl.RoleInfo (RoleInfo.java:updateAndGet(143)) - 7c107f1d-8592-48e3-af71-5982c0af1f56: start FollowerState
2019-10-21 23:03:32,348 [Thread-10362] INFO  impl.FollowerState (FollowerState.java:run(117)) - d10c8639-03b1-4f19-ac0f-6419d7578d59@group-C1C12825AC52-FollowerState was interrupted: java.lang.InterruptedException: sleep interrupted
2019-10-21 23:03:32,348 [grpc-default-executor-5] INFO  impl.RoleInfo (RoleInfo.java:updateAndGet(143)) - d10c8639-03b1-4f19-ac0f-6419d7578d59: start FollowerState
2019-10-21 23:03:32,362 [1244ca21-2158-4cc7-9e07-ba347e145504@group-C1C12825AC52-LeaderElection1195] INFO  impl.LeaderElection (LeaderElection.java:logAndReturn(56)) - 1244ca21-2158-4cc7-9e07-ba347e145504@group-C1C12825AC52-LeaderElection1195: Election REJECTED; received 2 response(s) [1244ca21-2158-4cc7-9e07-ba347e145504<-7c107f1d-8592-48e3-af71-5982c0af1f56#0:FAIL-t129, 1244ca21-2158-4cc7-9e07-ba347e145504<-d10c8639-03b1-4f19-ac0f-6419d7578d59#0:FAIL-t129] and 0 exception(s); 1244ca21-2158-4cc7-9e07-ba347e145504@group-C1C12825AC52:t129, leader=null, voted=1244ca21-2158-4cc7-9e07-ba347e145504, raftlog=1244ca21-2158-4cc7-9e07-ba347e145504@group-C1C12825AC52-SegmentedRaftLog:OPENED:c-1,f-1,i0, conf=-1: [1244ca21-2158-4cc7-9e07-ba347e145504:192.168.69.118:43370, 7c107f1d-8592-48e3-af71-5982c0af1f56:192.168.69.118:36514, d10c8639-03b1-4f19-ac0f-6419d7578d59:192.168.69.118:37568], old=null
2019-10-21 23:03:32,362 [1244ca21-2158-4cc7-9e07-ba347e145504@group-C1C12825AC52-LeaderElection1195] INFO  impl.RaftServerImpl (RaftServerImpl.java:setRole(184)) - 1244ca21-2158-4cc7-9e07-ba347e145504@group-C1C12825AC52: changes role from CANDIDATE to FOLLOWER at term 129 for DISCOVERED_A_NEW_TERM
2019-10-21 23:03:32,362 [1244ca21-2158-4cc7-9e07-ba347e145504@group-C1C12825AC52-LeaderElection1195] INFO  impl.RoleInfo (RoleInfo.java:shutdownLeaderElection(134)) - 1244ca21-2158-4cc7-9e07-ba347e145504: shutdown LeaderElection
2019-10-21 23:03:32,363 [1244ca21-2158-4cc7-9e07-ba347e145504@group-C1C12825AC52-LeaderElection1195] INFO  impl.RoleInfo (RoleInfo.java:updateAndGet(143)) - 1244ca21-2158-4cc7-9e07-ba347e145504: start FollowerState
2019-10-21 23:03:32,407 [Thread-10369] INFO  impl.FollowerState (FollowerState.java:run(108)) - 1244ca21-2158-4cc7-9e07-ba347e145504@group-C1C12825AC52-FollowerState: change to CANDIDATE, lastRpcTime:44ms, electionTimeout:44ms
2019-10-21 23:03:32,407 [Thread-10369] INFO  impl.RoleInfo (RoleInfo.java:shutdownFollowerState(121)) - 1244ca21-2158-4cc7-9e07-ba347e145504: shutdown FollowerState
2019-10-21 23:03:32,407 [Thread-10369] INFO  impl.RaftServerImpl (RaftServerImpl.java:setRole(184)) - 1244ca21-2158-4cc7-9e07-ba347e145504@group-C1C12825AC52: changes role from  FOLLOWER to CANDIDATE at term 129 for changeToCandidate
2019-10-21 23:03:32,407 [Thread-10369] INFO  impl.RoleInfo (RoleInfo.java:updateAndGet(143)) - 1244ca21-2158-4cc7-9e07-ba347e145504: start LeaderElection
2019-10-21 23:03:32,421 [1244ca21-2158-4cc7-9e07-ba347e145504@group-C1C12825AC52-LeaderElection1196] INFO  impl.LeaderElection (LeaderElection.java:askForVotes(178)) - 1244ca21-2158-4cc7-9e07-ba347e145504@group-C1C12825AC52-LeaderElection1196: begin an election at term 130 for -1: [1244ca21-2158-4cc7-9e07-ba347e145504:192.168.69.118:43370, 7c107f1d-8592-48e3-af71-5982c0af1f56:192.168.69.118:36514, d10c8639-03b1-4f19-ac0f-6419d7578d59:192.168.69.118:37568], old=null
2019-10-21 23:03:32,423 [grpc-default-executor-5] INFO  impl.RaftServerImpl (RaftServerImpl.java:setRole(184)) - d10c8639-03b1-4f19-ac0f-6419d7578d59@group-C1C12825AC52: changes role from  FOLLOWER to FOLLOWER at term 130 for recognizeCandidate:1244ca21-2158-4cc7-9e07-ba347e145504
2019-10-21 23:03:32,423 [grpc-default-executor-5] INFO  impl.RoleInfo (RoleInfo.java:shutdownFollowerState(121)) - d10c8639-03b1-4f19-ac0f-6419d7578d59: shutdown FollowerState
2019-10-21 23:03:32,423 [grpc-default-executor-6] INFO  impl.RaftServerImpl (RaftServerImpl.java:setRole(184)) - 7c107f1d-8592-48e3-af71-5982c0af1f56@group-C1C12825AC52: changes role from  FOLLOWER to FOLLOWER at term 130 for recognizeCandidate:1244ca21-2158-4cc7-9e07-ba347e145504
2019-10-21 23:03:32,423 [grpc-default-executor-6] INFO  impl.RoleInfo (RoleInfo.java:shutdownFollowerState(121)) - 7c107f1d-8592-48e3-af71-5982c0af1f56: shutdown FollowerState
2019-10-21 23:03:32,423 [grpc-default-executor-5] INFO  impl.RoleInfo (RoleInfo.java:updateAndGet(143)) - d10c8639-03b1-4f19-ac0f-6419d7578d59: start FollowerState
2019-10-21 23:03:32,423 [Thread-10367] INFO  impl.FollowerState (FollowerState.java:run(117)) - 7c107f1d-8592-48e3-af71-5982c0af1f56@group-C1C12825AC52-FollowerState was interrupted: java.lang.InterruptedException: sleep interrupted
2019-10-21 23:03:32,423 [grpc-default-executor-6] INFO  impl.RoleInfo (RoleInfo.java:updateAndGet(143)) - 7c107f1d-8592-48e3-af71-5982c0af1f56: start FollowerState
2019-10-21 23:03:32,423 [Thread-10368] INFO  impl.FollowerState (FollowerState.java:run(117)) - d10c8639-03b1-4f19-ac0f-6419d7578d59@group-C1C12825AC52-FollowerState was interrupted: java.lang.InterruptedException: sleep interrupted
2019-10-21 23:03:32,438 [1244ca21-2158-4cc7-9e07-ba347e145504@group-C1C12825AC52-LeaderElection1196] INFO  impl.LeaderElection (LeaderElection.java:logAndReturn(56)) - 1244ca21-2158-4cc7-9e07-ba347e145504@group-C1C12825AC52-LeaderElection1196: Election REJECTED; received 2 response(s) [1244ca21-2158-4cc7-9e07-ba347e145504<-7c107f1d-8592-48e3-af71-5982c0af1f56#0:FAIL-t130, 1244ca21-2158-4cc7-9e07-ba347e145504<-d10c8639-03b1-4f19-ac0f-6419d7578d59#0:FAIL-t130] and 0 exception(s); 1244ca21-2158-4cc7-9e07-ba347e145504@group-C1C12825AC52:t130, leader=null, voted=1244ca21-2158-4cc7-9e07-ba347e145504, raftlog=1244ca21-2158-4cc7-9e07-ba347e145504@group-C1C12825AC52-SegmentedRaftLog:OPENED:c-1,f-1,i0, conf=-1: [1244ca21-2158-4cc7-9e07-ba347e145504:192.168.69.118:43370, 7c107f1d-8592-48e3-af71-5982c0af1f56:192.168.69.118:36514, d10c8639-03b1-4f19-ac0f-6419d7578d59:192.168.69.118:37568], old=null
2019-10-21 23:03:32,438 [1244ca21-2158-4cc7-9e07-ba347e145504@group-C1C12825AC52-LeaderElection1196] INFO  impl.RaftServerImpl (RaftServerImpl.java:setRole(184)) - 1244ca21-2158-4cc7-9e07-ba347e145504@group-C1C12825AC52: changes role from CANDIDATE to FOLLOWER at term 130 for DISCOVERED_A_NEW_TERM
2019-10-21 23:03:32,438 [1244ca21-2158-4cc7-9e07-ba347e145504@group-C1C12825AC52-LeaderElection1196] INFO  impl.RoleInfo (RoleInfo.java:shutdownLeaderElection(134)) - 1244ca21-2158-4cc7-9e07-ba347e145504: shutdown LeaderElection
2019-10-21 23:03:32,438 [1244ca21-2158-4cc7-9e07-ba347e145504@group-C1C12825AC52-LeaderElection1196] INFO  impl.RoleInfo (RoleInfo.java:updateAndGet(143)) - 1244ca21-2158-4cc7-9e07-ba347e145504: start FollowerState
2019-10-21 23:03:32,483 [Thread-10375] INFO  impl.FollowerState (FollowerState.java:run(108)) - 1244ca21-2158-4cc7-9e07-ba347e145504@group-C1C12825AC52-FollowerState: change to CANDIDATE, lastRpcTime:44ms, electionTimeout:44ms
2019-10-21 23:03:32,483 [Thread-10375] INFO  impl.RoleInfo (RoleInfo.java:shutdownFollowerState(121)) - 1244ca21-2158-4cc7-9e07-ba347e145504: shutdown FollowerState
2019-10-21 23:03:32,483 [Thread-10375] INFO  impl.RaftServerImpl (RaftServerImpl.java:setRole(184)) - 1244ca21-2158-4cc7-9e07-ba347e145504@group-C1C12825AC52: changes role from  FOLLOWER to CANDIDATE at term 130 for changeToCandidate
2019-10-21 23:03:32,483 [Thread-10375] INFO  impl.RoleInfo (RoleInfo.java:updateAndGet(143)) - 1244ca21-2158-4cc7-9e07-ba347e145504: start LeaderElection
2019-10-21 23:03:32,495 [1244ca21-2158-4cc7-9e07-ba347e145504@group-C1C12825AC52-LeaderElection1197] INFO  impl.LeaderElection (LeaderElection.java:askForVotes(178)) - 1244ca21-2158-4cc7-9e07-ba347e145504@group-C1C12825AC52-LeaderElection1197: begin an election at term 131 for -1: [1244ca21-2158-4cc7-9e07-ba347e145504:192.168.69.118:43370, 7c107f1d-8592-48e3-af71-5982c0af1f56:192.168.69.118:36514, d10c8639-03b1-4f19-ac0f-6419d7578d59:192.168.69.118:37568], old=null
2019-10-21 23:03:32,496 [grpc-default-executor-6] INFO  impl.RaftServerImpl (RaftServerImpl.java:setRole(184)) - 7c107f1d-8592-48e3-af71-5982c0af1f56@group-C1C12825AC52: changes role from  FOLLOWER to FOLLOWER at term 131 for recognizeCandidate:1244ca21-2158-4cc7-9e07-ba347e145504
2019-10-21 23:03:32,496 [grpc-default-executor-6] INFO  impl.RoleInfo (RoleInfo.java:shutdownFollowerState(121)) - 7c107f1d-8592-48e3-af71-5982c0af1f56: shutdown FollowerState
2019-10-21 23:03:32,496 [grpc-default-executor-6] INFO  impl.RoleInfo (RoleInfo.java:updateAndGet(143)) - 7c107f1d-8592-48e3-af71-5982c0af1f56: start FollowerState
2019-10-21 23:03:32,496 [Thread-10374] INFO  impl.FollowerState (FollowerState.java:run(117)) - 7c107f1d-8592-48e3-af71-5982c0af1f56@group-C1C12825AC52-FollowerState was interrupted: java.lang.InterruptedException: sleep interrupted
2019-10-21 23:03:32,496 [grpc-default-executor-5] INFO  impl.RaftServerImpl (RaftServerImpl.java:setRole(184)) - d10c8639-03b1-4f19-ac0f-6419d7578d59@group-C1C12825AC52: changes role from  FOLLOWER to FOLLOWER at term 131 for recognizeCandidate:1244ca21-2158-4cc7-9e07-ba347e145504
2019-10-21 23:03:32,497 [grpc-default-executor-5] INFO  impl.RoleInfo (RoleInfo.java:shutdownFollowerState(121)) - d10c8639-03b1-4f19-ac0f-6419d7578d59: shutdown FollowerState
2019-10-21 23:03:32,497 [grpc-default-executor-5] INFO  impl.RoleInfo (RoleInfo.java:updateAndGet(143)) - d10c8639-03b1-4f19-ac0f-6419d7578d59: start FollowerState
2019-10-21 23:03:32,497 [Thread-10373] INFO  impl.FollowerState (FollowerState.java:run(117)) - d10c8639-03b1-4f19-ac0f-6419d7578d59@group-C1C12825AC52-FollowerState was interrupted: java.lang.InterruptedException: sleep interrupted
2019-10-21 23:03:32,511 [1244ca21-2158-4cc7-9e07-ba347e145504@group-C1C12825AC52-LeaderElection1197] INFO  impl.LeaderElection (LeaderElection.java:logAndReturn(56)) - 1244ca21-2158-4cc7-9e07-ba347e145504@group-C1C12825AC52-LeaderElection1197: Election REJECTED; received 2 response(s) [1244ca21-2158-4cc7-9e07-ba347e145504<-7c107f1d-8592-48e3-af71-5982c0af1f56#0:FAIL-t131, 1244ca21-2158-4cc7-9e07-ba347e145504<-d10c8639-03b1-4f19-ac0f-6419d7578d59#0:FAIL-t131] and 0 exception(s); 1244ca21-2158-4cc7-9e07-ba347e145504@group-C1C12825AC52:t131, leader=null, voted=1244ca21-2158-4cc7-9e07-ba347e145504, raftlog=1244ca21-2158-4cc7-9e07-ba347e145504@group-C1C12825AC52-SegmentedRaftLog:OPENED:c-1,f-1,i0, conf=-1: [1244ca21-2158-4cc7-9e07-ba347e145504:192.168.69.118:43370, 7c107f1d-8592-48e3-af71-5982c0af1f56:192.168.69.118:36514, d10c8639-03b1-4f19-ac0f-6419d7578d59:192.168.69.118:37568], old=null
2019-10-21 23:03:32,511 [1244ca21-2158-4cc7-9e07-ba347e145504@group-C1C12825AC52-LeaderElection1197] INFO  impl.RaftServerImpl (RaftServerImpl.java:setRole(184)) - 1244ca21-2158-4cc7-9e07-ba347e145504@group-C1C12825AC52: changes role from CANDIDATE to FOLLOWER at term 131 for DISCOVERED_A_NEW_TERM
2019-10-21 23:03:32,512 [1244ca21-2158-4cc7-9e07-ba347e145504@group-C1C12825AC52-LeaderElection1197] INFO  impl.RoleInfo (RoleInfo.java:shutdownLeaderElection(134)) - 1244ca21-2158-4cc7-9e07-ba347e145504: shutdown LeaderElection
2019-10-21 23:03:32,512 [1244ca21-2158-4cc7-9e07-ba347e145504@group-C1C12825AC52-LeaderElection1197] INFO  impl.RoleInfo (RoleInfo.java:updateAndGet(143)) - 1244ca21-2158-4cc7-9e07-ba347e145504: start FollowerState
2019-10-21 23:03:32,581 [Thread-10381] INFO  impl.FollowerState (FollowerState.java:run(108)) - 1244ca21-2158-4cc7-9e07-ba347e145504@group-C1C12825AC52-FollowerState: change to CANDIDATE, lastRpcTime:69ms, electionTimeout:69ms
2019-10-21 23:03:32,581 [Thread-10381] INFO  impl.RoleInfo (RoleInfo.java:shutdownFollowerState(121)) - 1244ca21-2158-4cc7-9e07-ba347e145504: shutdown FollowerState
2019-10-21 23:03:32,581 [Thread-10381] INFO  impl.RaftServerImpl (RaftServerImpl.java:setRole(184)) - 1244ca21-2158-4cc7-9e07-ba347e145504@group-C1C12825AC52: changes role from  FOLLOWER to CANDIDATE at term 131 for changeToCandidate
2019-10-21 23:03:32,581 [Thread-10381] INFO  impl.RoleInfo (RoleInfo.java:updateAndGet(143)) - 1244ca21-2158-4cc7-9e07-ba347e145504: start LeaderElection
2019-10-21 23:03:32,595 [1244ca21-2158-4cc7-9e07-ba347e145504@group-C1C12825AC52-LeaderElection1198] INFO  impl.LeaderElection (LeaderElection.java:askForVotes(178)) - 1244ca21-2158-4cc7-9e07-ba347e145504@group-C1C12825AC52-LeaderElection1198: begin an election at term 132 for -1: [1244ca21-2158-4cc7-9e07-ba347e145504:192.168.69.118:43370, 7c107f1d-8592-48e3-af71-5982c0af1f56:192.168.69.118:36514, d10c8639-03b1-4f19-ac0f-6419d7578d59:192.168.69.118:37568], old=null
2019-10-21 23:03:32,597 [grpc-default-executor-6] INFO  impl.RaftServerImpl (RaftServerImpl.java:setRole(184)) - 7c107f1d-8592-48e3-af71-5982c0af1f56@group-C1C12825AC52: changes role from  FOLLOWER to FOLLOWER at term 132 for recognizeCandidate:1244ca21-2158-4cc7-9e07-ba347e145504
2019-10-21 23:03:32,597 [grpc-default-executor-6] INFO  impl.RoleInfo (RoleInfo.java:shutdownFollowerState(121)) - 7c107f1d-8592-48e3-af71-5982c0af1f56: shutdown FollowerState
2019-10-21 23:03:32,597 [grpc-default-executor-6] INFO  impl.RoleInfo (RoleInfo.java:updateAndGet(143)) - 7c107f1d-8592-48e3-af71-5982c0af1f56: start FollowerState
2019-10-21 23:03:32,597 [grpc-default-executor-5] INFO  impl.RaftServerImpl (RaftServerImpl.java:setRole(184)) - d10c8639-03b1-4f19-ac0f-6419d7578d59@group-C1C12825AC52: changes role from  FOLLOWER to FOLLOWER at term 132 for recognizeCandidate:1244ca21-2158-4cc7-9e07-ba347e145504
2019-10-21 23:03:32,597 [Thread-10379] INFO  impl.FollowerState (FollowerState.java:run(117)) - 7c107f1d-8592-48e3-af71-5982c0af1f56@group-C1C12825AC52-FollowerState was interrupted: java.lang.InterruptedException: sleep interrupted
2019-10-21 23:03:32,597 [grpc-default-executor-5] INFO  impl.RoleInfo (RoleInfo.java:shutdownFollowerState(121)) - d10c8639-03b1-4f19-ac0f-6419d7578d59: shutdown FollowerState
2019-10-21 23:03:32,598 [Thread-10380] INFO  impl.FollowerState (FollowerState.java:run(117)) - d10c8639-03b1-4f19-ac0f-6419d7578d59@group-C1C12825AC52-FollowerState was interrupted: java.lang.InterruptedException: sleep interrupted
2019-10-21 23:03:32,598 [grpc-default-executor-5] INFO  impl.RoleInfo (RoleInfo.java:updateAndGet(143)) - d10c8639-03b1-4f19-ac0f-6419d7578d59: start FollowerState
2019-10-21 23:03:32,612 [1244ca21-2158-4cc7-9e07-ba347e145504@group-C1C12825AC52-LeaderElection1198] INFO  impl.LeaderElection (LeaderElection.java:logAndReturn(56)) - 1244ca21-2158-4cc7-9e07-ba347e145504@group-C1C12825AC52-LeaderElection1198: Election REJECTED; received 2 response(s) [1244ca21-2158-4cc7-9e07-ba347e145504<-7c107f1d-8592-48e3-af71-5982c0af1f56#0:FAIL-t132, 1244ca21-2158-4cc7-9e07-ba347e145504<-d10c8639-03b1-4f19-ac0f-6419d7578d59#0:FAIL-t132] and 0 exception(s); 1244ca21-2158-4cc7-9e07-ba347e145504@group-C1C12825AC52:t132, leader=null, voted=1244ca21-2158-4cc7-9e07-ba347e145504, raftlog=1244ca21-2158-4cc7-9e07-ba347e145504@group-C1C12825AC52-SegmentedRaftLog:OPENED:c-1,f-1,i0, conf=-1: [1244ca21-2158-4cc7-9e07-ba347e145504:192.168.69.118:43370, 7c107f1d-8592-48e3-af71-5982c0af1f56:192.168.69.118:36514, d10c8639-03b1-4f19-ac0f-6419d7578d59:192.168.69.118:37568], old=null
2019-10-21 23:03:32,612 [1244ca21-2158-4cc7-9e07-ba347e145504@group-C1C12825AC52-LeaderElection1198] INFO  impl.RaftServerImpl (RaftServerImpl.java:setRole(184)) - 1244ca21-2158-4cc7-9e07-ba347e145504@group-C1C12825AC52: changes role from CANDIDATE to FOLLOWER at term 132 for DISCOVERED_A_NEW_TERM
2019-10-21 23:03:32,612 [1244ca21-2158-4cc7-9e07-ba347e145504@group-C1C12825AC52-LeaderElection1198] INFO  impl.RoleInfo (RoleInfo.java:shutdownLeaderElection(134)) - 1244ca21-2158-4cc7-9e07-ba347e145504: shutdown LeaderElection
2019-10-21 23:03:32,612 [1244ca21-2158-4cc7-9e07-ba347e145504@group-C1C12825AC52-LeaderElection1198] INFO  impl.RoleInfo (RoleInfo.java:updateAndGet(143)) - 1244ca21-2158-4cc7-9e07-ba347e145504: start FollowerState
2019-10-21 23:03:32,631 [Thread-10387] INFO  impl.FollowerState (FollowerState.java:run(108)) - 1244ca21-2158-4cc7-9e07-ba347e145504@group-C1C12825AC52-FollowerState: change to CANDIDATE, lastRpcTime:19ms, electionTimeout:19ms
2019-10-21 23:03:32,631 [Thread-10387] INFO  impl.RoleInfo (RoleInfo.java:shutdownFollowerState(121)) - 1244ca21-2158-4cc7-9e07-ba347e145504: shutdown FollowerState
2019-10-21 23:03:32,631 [Thread-10387] INFO  impl.RaftServerImpl (RaftServerImpl.java:setRole(184)) - 1244ca21-2158-4cc7-9e07-ba347e145504@group-C1C12825AC52: changes role from  FOLLOWER to CANDIDATE at term 132 for changeToCandidate
2019-10-21 23:03:32,632 [Thread-10387] INFO  impl.RoleInfo (RoleInfo.java:updateAndGet(143)) - 1244ca21-2158-4cc7-9e07-ba347e145504: start LeaderElection
2019-10-21 23:03:32,645 [1244ca21-2158-4cc7-9e07-ba347e145504@group-C1C12825AC52-LeaderElection1199] INFO  impl.LeaderElection (LeaderElection.java:askForVotes(178)) - 1244ca21-2158-4cc7-9e07-ba347e145504@group-C1C12825AC52-LeaderElection1199: begin an election at term 133 for -1: [1244ca21-2158-4cc7-9e07-ba347e145504:192.168.69.118:43370, 7c107f1d-8592-48e3-af71-5982c0af1f56:192.168.69.118:36514, d10c8639-03b1-4f19-ac0f-6419d7578d59:192.168.69.118:37568], old=null
2019-10-21 23:03:32,646 [grpc-default-executor-6] INFO  impl.RaftServerImpl (RaftServerImpl.java:setRole(184)) - 7c107f1d-8592-48e3-af71-5982c0af1f56@group-C1C12825AC52: changes role from  FOLLOWER to FOLLOWER at term 133 for recognizeCandidate:1244ca21-2158-4cc7-9e07-ba347e145504
2019-10-21 23:03:32,646 [grpc-default-executor-6] INFO  impl.RoleInfo (RoleInfo.java:shutdownFollowerState(121)) - 7c107f1d-8592-48e3-af71-5982c0af1f56: shutdown FollowerState
2019-10-21 23:03:32,646 [grpc-default-executor-5] INFO  impl.RaftServerImpl (RaftServerImpl.java:setRole(184)) - d10c8639-03b1-4f19-ac0f-6419d7578d59@group-C1C12825AC52: changes role from  FOLLOWER to FOLLOWER at term 133 for recognizeCandidate:1244ca21-2158-4cc7-9e07-ba347e145504
2019-10-21 23:03:32,646 [grpc-default-executor-5] INFO  impl.RoleInfo (RoleInfo.java:shutdownFollowerState(121)) - d10c8639-03b1-4f19-ac0f-6419d7578d59: shutdown FollowerState
2019-10-21 23:03:32,646 [Thread-10385] INFO  impl.FollowerState (FollowerState.java:run(117)) - 7c107f1d-8592-48e3-af71-5982c0af1f56@group-C1C12825AC52-FollowerState was interrupted: java.lang.InterruptedException: sleep interrupted
2019-10-21 23:03:32,646 [Thread-10386] INFO  impl.FollowerState (FollowerState.java:run(117)) - d10c8639-03b1-4f19-ac0f-6419d7578d59@group-C1C12825AC52-FollowerState was interrupted: java.lang.InterruptedException: sleep interrupted
2019-10-21 23:03:32,646 [grpc-default-executor-6] INFO  impl.RoleInfo (RoleInfo.java:updateAndGet(143)) - 7c107f1d-8592-48e3-af71-5982c0af1f56: start FollowerState
2019-10-21 23:03:32,646 [grpc-default-executor-5] INFO  impl.RoleInfo (RoleInfo.java:updateAndGet(143)) - d10c8639-03b1-4f19-ac0f-6419d7578d59: start FollowerState
2019-10-21 23:03:32,660 [1244ca21-2158-4cc7-9e07-ba347e145504@group-C1C12825AC52-LeaderElection1199] INFO  impl.LeaderElection (LeaderElection.java:logAndReturn(56)) - 1244ca21-2158-4cc7-9e07-ba347e145504@group-C1C12825AC52-LeaderElection1199: Election TIMEOUT; received 0 response(s) [] and 0 exception(s); 1244ca21-2158-4cc7-9e07-ba347e145504@group-C1C12825AC52:t133, leader=null, voted=1244ca21-2158-4cc7-9e07-ba347e145504, raftlog=1244ca21-2158-4cc7-9e07-ba347e145504@group-C1C12825AC52-SegmentedRaftLog:OPENED:c-1,f-1,i0, conf=-1: [1244ca21-2158-4cc7-9e07-ba347e145504:192.168.69.118:43370, 7c107f1d-8592-48e3-af71-5982c0af1f56:192.168.69.118:36514, d10c8639-03b1-4f19-ac0f-6419d7578d59:192.168.69.118:37568], old=null
2019-10-21 23:03:32,663 [1244ca21-2158-4cc7-9e07-ba347e145504@group-C1C12825AC52-LeaderElection1199] INFO  impl.LeaderElection (LeaderElection.java:askForVotes(178)) - 1244ca21-2158-4cc7-9e07-ba347e145504@group-C1C12825AC52-LeaderElection1199: begin an election at term 134 for -1: [1244ca21-2158-4cc7-9e07-ba347e145504:192.168.69.118:43370, 7c107f1d-8592-48e3-af71-5982c0af1f56:192.168.69.118:36514, d10c8639-03b1-4f19-ac0f-6419d7578d59:192.168.69.118:37568], old=null
2019-10-21 23:03:32,664 [grpc-default-executor-5] INFO  impl.RaftServerImpl (RaftServerImpl.java:setRole(184)) - 7c107f1d-8592-48e3-af71-5982c0af1f56@group-C1C12825AC52: changes role from  FOLLOWER to FOLLOWER at term 134 for recognizeCandidate:1244ca21-2158-4cc7-9e07-ba347e145504
2019-10-21 23:03:32,664 [grpc-default-executor-5] INFO  impl.RoleInfo (RoleInfo.java:shutdownFollowerState(121)) - 7c107f1d-8592-48e3-af71-5982c0af1f56: shutdown FollowerState
2019-10-21 23:03:32,664 [grpc-default-executor-6] INFO  impl.RaftServerImpl (RaftServerImpl.java:setRole(184)) - d10c8639-03b1-4f19-ac0f-6419d7578d59@group-C1C12825AC52: changes role from  FOLLOWER to FOLLOWER at term 134 for recognizeCandidate:1244ca21-2158-4cc7-9e07-ba347e145504
2019-10-21 23:03:32,664 [Thread-10393] INFO  impl.FollowerState (FollowerState.java:run(117)) - 7c107f1d-8592-48e3-af71-5982c0af1f56@group-C1C12825AC52-FollowerState was interrupted: java.lang.InterruptedException: sleep interrupted
2019-10-21 23:03:32,664 [grpc-default-executor-5] INFO  impl.RoleInfo (RoleInfo.java:updateAndGet(143)) - 7c107f1d-8592-48e3-af71-5982c0af1f56: start FollowerState
2019-10-21 23:03:32,664 [grpc-default-executor-6] INFO  impl.RoleInfo (RoleInfo.java:shutdownFollowerState(121)) - d10c8639-03b1-4f19-ac0f-6419d7578d59: shutdown FollowerState
2019-10-21 23:03:32,665 [grpc-default-executor-6] INFO  impl.RoleInfo (RoleInfo.java:updateAndGet(143)) - d10c8639-03b1-4f19-ac0f-6419d7578d59: start FollowerState
2019-10-21 23:03:32,665 [Thread-10394] INFO  impl.FollowerState (FollowerState.java:run(117)) - d10c8639-03b1-4f19-ac0f-6419d7578d59@group-C1C12825AC52-FollowerState was interrupted: java.lang.InterruptedException: sleep interrupted
2019-10-21 23:03:32,679 [1244ca21-2158-4cc7-9e07-ba347e145504@group-C1C12825AC52-LeaderElection1199] INFO  impl.LeaderElection (LeaderElection.java:logAndReturn(56)) - 1244ca21-2158-4cc7-9e07-ba347e145504@group-C1C12825AC52-LeaderElection1199: Election REJECTED; received 2 response(s) [1244ca21-2158-4cc7-9e07-ba347e145504<-7c107f1d-8592-48e3-af71-5982c0af1f56#0:FAIL-t134, 1244ca21-2158-4cc7-9e07-ba347e145504<-d10c8639-03b1-4f19-ac0f-6419d7578d59#0:FAIL-t134] and 0 exception(s); 1244ca21-2158-4cc7-9e07-ba347e145504@group-C1C12825AC52:t134, leader=null, voted=1244ca21-2158-4cc7-9e07-ba347e145504, raftlog=1244ca21-2158-4cc7-9e07-ba347e145504@group-C1C12825AC52-SegmentedRaftLog:OPENED:c-1,f-1,i0, conf=-1: [1244ca21-2158-4cc7-9e07-ba347e145504:192.168.69.118:43370, 7c107f1d-8592-48e3-af71-5982c0af1f56:192.168.69.118:36514, d10c8639-03b1-4f19-ac0f-6419d7578d59:192.168.69.118:37568], old=null
2019-10-21 23:03:32,679 [1244ca21-2158-4cc7-9e07-ba347e145504@group-C1C12825AC52-LeaderElection1199] INFO  impl.RaftServerImpl (RaftServerImpl.java:setRole(184)) - 1244ca21-2158-4cc7-9e07-ba347e145504@group-C1C12825AC52: changes role from CANDIDATE to FOLLOWER at term 134 for DISCOVERED_A_NEW_TERM
2019-10-21 23:03:32,679 [1244ca21-2158-4cc7-9e07-ba347e145504@group-C1C12825AC52-LeaderElection1199] INFO  impl.RoleInfo (RoleInfo.java:shutdownLeaderElection(134)) - 1244ca21-2158-4cc7-9e07-ba347e145504: shutdown LeaderElection
2019-10-21 23:03:32,679 [1244ca21-2158-4cc7-9e07-ba347e145504@group-C1C12825AC52-LeaderElection1199] INFO  impl.RoleInfo (RoleInfo.java:updateAndGet(143)) - 1244ca21-2158-4cc7-9e07-ba347e145504: start FollowerState
2019-10-21 23:03:32,712 [Thread-10399] INFO  impl.FollowerState (FollowerState.java:run(108)) - 1244ca21-2158-4cc7-9e07-ba347e145504@group-C1C12825AC52-FollowerState: change to CANDIDATE, lastRpcTime:33ms, electionTimeout:33ms
2019-10-21 23:03:32,712 [Thread-10399] INFO  impl.RoleInfo (RoleInfo.java:shutdownFollowerState(121)) - 1244ca21-2158-4cc7-9e07-ba347e145504: shutdown FollowerState
2019-10-21 23:03:32,712 [Thread-10399] INFO  impl.RaftServerImpl (RaftServerImpl.java:setRole(184)) - 1244ca21-2158-4cc7-9e07-ba347e145504@group-C1C12825AC52: changes role from  FOLLOWER to CANDIDATE at term 134 for changeToCandidate
2019-10-21 23:03:32,712 [Thread-10399] INFO  impl.RoleInfo (RoleInfo.java:updateAndGet(143)) - 1244ca21-2158-4cc7-9e07-ba347e145504: start LeaderElection
2019-10-21 23:03:32,745 [1244ca21-2158-4cc7-9e07-ba347e145504@group-C1C12825AC52-LeaderElection1200] INFO  impl.LeaderElection (LeaderElection.java:askForVotes(178)) - 1244ca21-2158-4cc7-9e07-ba347e145504@group-C1C12825AC52-LeaderElection1200: begin an election at term 135 for -1: [1244ca21-2158-4cc7-9e07-ba347e145504:192.168.69.118:43370, 7c107f1d-8592-48e3-af71-5982c0af1f56:192.168.69.118:36514, d10c8639-03b1-4f19-ac0f-6419d7578d59:192.168.69.118:37568], old=null
2019-10-21 23:03:32,746 [grpc-default-executor-6] INFO  impl.RaftServerImpl (RaftServerImpl.java:setRole(184)) - 7c107f1d-8592-48e3-af71-5982c0af1f56@group-C1C12825AC52: changes role from  FOLLOWER to FOLLOWER at term 135 for recognizeCandidate:1244ca21-2158-4cc7-9e07-ba347e145504
2019-10-21 23:03:32,747 [grpc-default-executor-6] INFO  impl.RoleInfo (RoleInfo.java:shutdownFollowerState(121)) - 7c107f1d-8592-48e3-af71-5982c0af1f56: shutdown FollowerState
2019-10-21 23:03:32,747 [grpc-default-executor-6] INFO  impl.RoleInfo (RoleInfo.java:updateAndGet(143)) - 7c107f1d-8592-48e3-af71-5982c0af1f56: start FollowerState
2019-10-21 23:03:32,747 [Thread-10397] INFO  impl.FollowerState (FollowerState.java:run(117)) - 7c107f1d-8592-48e3-af71-5982c0af1f56@group-C1C12825AC52-FollowerState was interrupted: java.lang.InterruptedException: sleep interrupted
2019-10-21 23:03:32,747 [grpc-default-executor-5] INFO  impl.RaftServerImpl (RaftServerImpl.java:setRole(184)) - d10c8639-03b1-4f19-ac0f-6419d7578d59@group-C1C12825AC52: changes role from  FOLLOWER to FOLLOWER at term 135 for recognizeCandidate:1244ca21-2158-4cc7-9e07-ba347e145504
2019-10-21 23:03:32,747 [grpc-default-executor-5] INFO  impl.RoleInfo (RoleInfo.java:shutdownFollowerState(121)) - d10c8639-03b1-4f19-ac0f-6419d7578d59: shutdown FollowerState
2019-10-21 23:03:32,747 [grpc-default-executor-5] INFO  impl.RoleInfo (RoleInfo.java:updateAndGet(143)) - d10c8639-03b1-4f19-ac0f-6419d7578d59: start FollowerState
2019-10-21 23:03:32,747 [Thread-10398] INFO  impl.FollowerState (FollowerState.java:run(117)) - d10c8639-03b1-4f19-ac0f-6419d7578d59@group-C1C12825AC52-FollowerState was interrupted: java.lang.InterruptedException: sleep interrupted
2019-10-21 23:03:32,761 [1244ca21-2158-4cc7-9e07-ba347e145504@group-C1C12825AC52-LeaderElection1200] INFO  impl.LeaderElection (LeaderElection.java:logAndReturn(56)) - 1244ca21-2158-4cc7-9e07-ba347e145504@group-C1C12825AC52-LeaderElection1200: Election REJECTED; received 2 response(s) [1244ca21-2158-4cc7-9e07-ba347e145504<-7c107f1d-8592-48e3-af71-5982c0af1f56#0:FAIL-t135, 1244ca21-2158-4cc7-9e07-ba347e145504<-d10c8639-03b1-4f19-ac0f-6419d7578d59#0:FAIL-t135] and 0 exception(s); 1244ca21-2158-4cc7-9e07-ba347e145504@group-C1C12825AC52:t135, leader=null, voted=1244ca21-2158-4cc7-9e07-ba347e145504, raftlog=1244ca21-2158-4cc7-9e07-ba347e145504@group-C1C12825AC52-SegmentedRaftLog:OPENED:c-1,f-1,i0, conf=-1: [1244ca21-2158-4cc7-9e07-ba347e145504:192.168.69.118:43370, 7c107f1d-8592-48e3-af71-5982c0af1f56:192.168.69.118:36514, d10c8639-03b1-4f19-ac0f-6419d7578d59:192.168.69.118:37568], old=null
2019-10-21 23:03:32,761 [1244ca21-2158-4cc7-9e07-ba347e145504@group-C1C12825AC52-LeaderElection1200] INFO  impl.RaftServerImpl (RaftServerImpl.java:setRole(184)) - 1244ca21-2158-4cc7-9e07-ba347e145504@group-C1C12825AC52: changes role from CANDIDATE to FOLLOWER at term 135 for DISCOVERED_A_NEW_TERM
2019-10-21 23:03:32,761 [1244ca21-2158-4cc7-9e07-ba347e145504@group-C1C12825AC52-LeaderElection1200] INFO  impl.RoleInfo (RoleInfo.java:shutdownLeaderElection(134)) - 1244ca21-2158-4cc7-9e07-ba347e145504: shutdown LeaderElection
2019-10-21 23:03:32,761 [1244ca21-2158-4cc7-9e07-ba347e145504@group-C1C12825AC52-LeaderElection1200] INFO  impl.RoleInfo (RoleInfo.java:updateAndGet(143)) - 1244ca21-2158-4cc7-9e07-ba347e145504: start FollowerState
2019-10-21 23:03:32,791 [main] INFO  ozoneimpl.OzoneContainer (OzoneContainer.java:stop(227)) - Attempting to stop container services.
2019-10-21 23:03:32,791 [main] INFO  impl.RaftServerProxy (RaftServerProxy.java:lambda$close$4(314)) - d10c8639-03b1-4f19-ac0f-6419d7578d59: close
2019-10-21 23:03:32,792 [main] INFO  impl.RaftServerImpl (RaftServerImpl.java:lambda$shutdown$3(261)) - d10c8639-03b1-4f19-ac0f-6419d7578d59@group-C1C12825AC52: shutdown
2019-10-21 23:03:32,792 [ForkJoinPool.commonPool-worker-0] INFO  impl.RaftServerImpl (RaftServerImpl.java:lambda$shutdown$3(261)) - d10c8639-03b1-4f19-ac0f-6419d7578d59@group-E771D32ED872: shutdown
2019-10-21 23:03:32,792 [main] INFO  util.JmxRegister (JmxRegister.java:unregister(73)) - Successfully un-registered JMX Bean with object name Ratis:service=RaftServer,group=group-C1C12825AC52,id=d10c8639-03b1-4f19-ac0f-6419d7578d59
2019-10-21 23:03:32,793 [ForkJoinPool.commonPool-worker-0] INFO  util.JmxRegister (JmxRegister.java:unregister(73)) - Successfully un-registered JMX Bean with object name Ratis:service=RaftServer,group=group-E771D32ED872,id=d10c8639-03b1-4f19-ac0f-6419d7578d59
2019-10-21 23:03:32,793 [main] INFO  impl.RoleInfo (RoleInfo.java:shutdownFollowerState(121)) - d10c8639-03b1-4f19-ac0f-6419d7578d59: shutdown FollowerState
2019-10-21 23:03:32,793 [ForkJoinPool.commonPool-worker-0] INFO  impl.RoleInfo (RoleInfo.java:shutdownLeaderState(104)) - d10c8639-03b1-4f19-ac0f-6419d7578d59: shutdown LeaderState
2019-10-21 23:03:32,793 [main] INFO  impl.StateMachineUpdater (StateMachineUpdater.java:stopAndJoin(136)) - d10c8639-03b1-4f19-ac0f-6419d7578d59@group-C1C12825AC52-StateMachineUpdater: set stopIndex = -1
2019-10-21 23:03:32,793 [ForkJoinPool.commonPool-worker-0] INFO  impl.PendingRequests (PendingRequests.java:sendNotLeaderResponses(202)) - d10c8639-03b1-4f19-ac0f-6419d7578d59@group-E771D32ED872-PendingRequests: sendNotLeaderResponses
2019-10-21 23:03:32,793 [Thread-10406] INFO  impl.FollowerState (FollowerState.java:run(117)) - d10c8639-03b1-4f19-ac0f-6419d7578d59@group-C1C12825AC52-FollowerState was interrupted: java.lang.InterruptedException: sleep interrupted
2019-10-21 23:03:32,793 [main] INFO  impl.RaftServerImpl (ServerState.java:close(388)) - d10c8639-03b1-4f19-ac0f-6419d7578d59@group-C1C12825AC52: closes. applyIndex: -1
2019-10-21 23:03:32,794 [ForkJoinPool.commonPool-worker-0] INFO  impl.StateMachineUpdater (StateMachineUpdater.java:stopAndJoin(136)) - d10c8639-03b1-4f19-ac0f-6419d7578d59@group-E771D32ED872-StateMachineUpdater: set stopIndex = 0
2019-10-21 23:03:32,794 [ForkJoinPool.commonPool-worker-0] INFO  impl.RaftServerImpl (ServerState.java:close(388)) - d10c8639-03b1-4f19-ac0f-6419d7578d59@group-E771D32ED872: closes. applyIndex: 0
2019-10-21 23:03:32,794 [d10c8639-03b1-4f19-ac0f-6419d7578d59@group-C1C12825AC52-SegmentedRaftLogWorker] INFO  segmented.SegmentedRaftLogWorker (SegmentedRaftLogWorker.java:run(316)) - d10c8639-03b1-4f19-ac0f-6419d7578d59@group-C1C12825AC52-SegmentedRaftLogWorker was interrupted, exiting. There are 0 tasks remaining in the queue.
2019-10-21 23:03:32,794 [d10c8639-03b1-4f19-ac0f-6419d7578d59@group-E771D32ED872-SegmentedRaftLogWorker] INFO  segmented.SegmentedRaftLogWorker (SegmentedRaftLogWorker.java:run(316)) - d10c8639-03b1-4f19-ac0f-6419d7578d59@group-E771D32ED872-SegmentedRaftLogWorker was interrupted, exiting. There are 0 tasks remaining in the queue.
2019-10-21 23:03:32,801 [main] INFO  segmented.SegmentedRaftLogWorker (SegmentedRaftLogWorker.java:close(224)) - d10c8639-03b1-4f19-ac0f-6419d7578d59@group-C1C12825AC52-SegmentedRaftLogWorker close()
2019-10-21 23:03:32,804 [ForkJoinPool.commonPool-worker-0] INFO  segmented.SegmentedRaftLogWorker (SegmentedRaftLogWorker.java:close(224)) - d10c8639-03b1-4f19-ac0f-6419d7578d59@group-E771D32ED872-SegmentedRaftLogWorker close()
2019-10-21 23:03:32,813 [main] INFO  server.GrpcService (GrpcService.java:closeImpl(164)) - d10c8639-03b1-4f19-ac0f-6419d7578d59: shutdown server with port 37568 now
2019-10-21 23:03:32,814 [main] INFO  server.GrpcService (GrpcService.java:closeImpl(172)) - d10c8639-03b1-4f19-ac0f-6419d7578d59: shutdown server with port 37568 successfully
2019-10-21 23:03:32,816 [refreshUsed-/workdir/hadoop-ozone/integration-test/target/test-dir/MiniOzoneClusterImpl-d9aa8a4b-930f-46eb-8e95-9ce1bbfd2407/datanode-1/data/containers] WARN  fs.CachingGetSpaceUsed (CachingGetSpaceUsed.java:run(183)) - Thread Interrupted waiting to refresh disk information: sleep interrupted
2019-10-21 23:03:32,831 [main] INFO  utils.BackgroundService (BackgroundService.java:shutdown(151)) - Shutting down service BlockDeletingService
2019-10-21 23:03:32,839 [main] INFO  statemachine.DatanodeStateMachine (DatanodeStateMachine.java:stopDaemon(395)) - Ozone container server stopped.
2019-10-21 23:03:32,840 [main] INFO  handler.ContextHandler (ContextHandler.java:doStop(910)) - Stopped o.e.j.w.WebAppContext@3030836d{/,null,UNAVAILABLE}{/hddsDatanode}
2019-10-21 23:03:32,841 [main] INFO  server.AbstractConnector (AbstractConnector.java:doStop(318)) - Stopped ServerConnector@6af78a48{HTTP/1.1,[http/1.1]}{0.0.0.0:0}
2019-10-21 23:03:32,841 [main] INFO  handler.ContextHandler (ContextHandler.java:doStop(910)) - Stopped o.e.j.s.ServletContextHandler@1d91fa02{/static,jar:file:/home/user/.m2/repository/org/apache/hadoop/hadoop-hdds-container-service/0.5.0-SNAPSHOT/hadoop-hdds-container-service-0.5.0-SNAPSHOT.jar!/webapps/static,UNAVAILABLE}
2019-10-21 23:03:32,841 [main] INFO  handler.ContextHandler (ContextHandler.java:doStop(910)) - Stopped o.e.j.s.ServletContextHandler@1282e98{/logs,file:///workdir/hadoop-ozone/integration-test/target/log,UNAVAILABLE}
2019-10-21 23:03:32,877 [Thread-10407] INFO  impl.FollowerState (FollowerState.java:run(108)) - 1244ca21-2158-4cc7-9e07-ba347e145504@group-C1C12825AC52-FollowerState: change to CANDIDATE, lastRpcTime:116ms, electionTimeout:116ms
2019-10-21 23:03:32,878 [Thread-10407] INFO  impl.RoleInfo (RoleInfo.java:shutdownFollowerState(121)) - 1244ca21-2158-4cc7-9e07-ba347e145504: shutdown FollowerState
2019-10-21 23:03:32,878 [Thread-10407] INFO  impl.RaftServerImpl (RaftServerImpl.java:setRole(184)) - 1244ca21-2158-4cc7-9e07-ba347e145504@group-C1C12825AC52: changes role from  FOLLOWER to CANDIDATE at term 135 for changeToCandidate
2019-10-21 23:03:32,878 [Thread-10407] INFO  impl.RoleInfo (RoleInfo.java:updateAndGet(143)) - 1244ca21-2158-4cc7-9e07-ba347e145504: start LeaderElection
2019-10-21 23:03:33,036 [1244ca21-2158-4cc7-9e07-ba347e145504@group-C1C12825AC52-LeaderElection1201] INFO  impl.LeaderElection (LeaderElection.java:askForVotes(178)) - 1244ca21-2158-4cc7-9e07-ba347e145504@group-C1C12825AC52-LeaderElection1201: begin an election at term 136 for -1: [1244ca21-2158-4cc7-9e07-ba347e145504:192.168.69.118:43370, 7c107f1d-8592-48e3-af71-5982c0af1f56:192.168.69.118:36514, d10c8639-03b1-4f19-ac0f-6419d7578d59:192.168.69.118:37568], old=null
2019-10-21 23:03:33,045 [grpc-default-executor-8] INFO  impl.RaftServerImpl (RaftServerImpl.java:setRole(184)) - 7c107f1d-8592-48e3-af71-5982c0af1f56@group-C1C12825AC52: changes role from  FOLLOWER to FOLLOWER at term 136 for recognizeCandidate:1244ca21-2158-4cc7-9e07-ba347e145504
2019-10-21 23:03:33,045 [grpc-default-executor-8] INFO  impl.RoleInfo (RoleInfo.java:shutdownFollowerState(121)) - 7c107f1d-8592-48e3-af71-5982c0af1f56: shutdown FollowerState
2019-10-21 23:03:33,047 [Thread-10405] INFO  impl.FollowerState (FollowerState.java:run(117)) - 7c107f1d-8592-48e3-af71-5982c0af1f56@group-C1C12825AC52-FollowerState was interrupted: java.lang.InterruptedException: sleep interrupted
2019-10-21 23:03:33,047 [grpc-default-executor-8] INFO  impl.RoleInfo (RoleInfo.java:updateAndGet(143)) - 7c107f1d-8592-48e3-af71-5982c0af1f56: start FollowerState
2019-10-21 23:03:33,048 [1244ca21-2158-4cc7-9e07-ba347e145504@group-C1C12825AC52-LeaderElection1201] INFO  impl.LeaderElection (LogUtils.java:infoOrTrace(149)) - 1244ca21-2158-4cc7-9e07-ba347e145504@group-C1C12825AC52-LeaderElection1201 got exception when requesting votes: {}
java.util.concurrent.ExecutionException: org.apache.ratis.thirdparty.io.grpc.StatusRuntimeException: UNAVAILABLE: io exception
	at java.util.concurrent.FutureTask.report(FutureTask.java:122)
	at java.util.concurrent.FutureTask.get(FutureTask.java:192)
	at org.apache.ratis.server.impl.LeaderElection.waitForResults(LeaderElection.java:259)
	at org.apache.ratis.server.impl.LeaderElection.askForVotes(LeaderElection.java:197)
	at org.apache.ratis.server.impl.LeaderElection.run(LeaderElection.java:133)
	at java.lang.Thread.run(Thread.java:748)
Caused by: org.apache.ratis.thirdparty.io.grpc.StatusRuntimeException: UNAVAILABLE: io exception
	at org.apache.ratis.thirdparty.io.grpc.stub.ClientCalls.toStatusRuntimeException(ClientCalls.java:233)
	at org.apache.ratis.thirdparty.io.grpc.stub.ClientCalls.getUnchecked(ClientCalls.java:214)
	at org.apache.ratis.thirdparty.io.grpc.stub.ClientCalls.blockingUnaryCall(ClientCalls.java:139)
	at org.apache.ratis.proto.grpc.RaftServerProtocolServiceGrpc$RaftServerProtocolServiceBlockingStub.requestVote(RaftServerProtocolServiceGrpc.java:265)
	at org.apache.ratis.grpc.server.GrpcServerProtocolClient.requestVote(GrpcServerProtocolClient.java:99)
	at org.apache.ratis.grpc.server.GrpcService.requestVote(GrpcService.java:204)
	at org.apache.ratis.server.impl.LeaderElection.lambda$submitRequests$1(LeaderElection.java:234)
	at java.util.concurrent.FutureTask.run(FutureTask.java:266)
	at java.util.concurrent.Executors$RunnableAdapter.call(Executors.java:511)
	at java.util.concurrent.FutureTask.run(FutureTask.java:266)
	at java.util.concurrent.ThreadPoolExecutor.runWorker(ThreadPoolExecutor.java:1149)
	at java.util.concurrent.ThreadPoolExecutor$Worker.run(ThreadPoolExecutor.java:624)
	... 1 more
Caused by: org.apache.ratis.thirdparty.io.netty.channel.AbstractChannel$AnnotatedConnectException: Connection refused: /192.168.69.118:37568
	at sun.nio.ch.SocketChannelImpl.checkConnect(Native Method)
	at sun.nio.ch.SocketChannelImpl.finishConnect(SocketChannelImpl.java:717)
	at org.apache.ratis.thirdparty.io.netty.channel.socket.nio.NioSocketChannel.doFinishConnect(NioSocketChannel.java:327)
	at org.apache.ratis.thirdparty.io.netty.channel.nio.AbstractNioChannel$AbstractNioUnsafe.finishConnect(AbstractNioChannel.java:340)
	at org.apache.ratis.thirdparty.io.netty.channel.nio.NioEventLoop.processSelectedKey(NioEventLoop.java:632)
	at org.apache.ratis.thirdparty.io.netty.channel.nio.NioEventLoop.processSelectedKeysOptimized(NioEventLoop.java:579)
	at org.apache.ratis.thirdparty.io.netty.channel.nio.NioEventLoop.processSelectedKeys(NioEventLoop.java:496)
	at org.apache.ratis.thirdparty.io.netty.channel.nio.NioEventLoop.run(NioEventLoop.java:458)
	at org.apache.ratis.thirdparty.io.netty.util.concurrent.SingleThreadEventExecutor$5.run(SingleThreadEventExecutor.java:897)
	at org.apache.ratis.thirdparty.io.netty.util.concurrent.FastThreadLocalRunnable.run(FastThreadLocalRunnable.java:30)
	... 1 more
Caused by: java.net.ConnectException: Connection refused
	... 11 more
2019-10-21 23:03:33,052 [1244ca21-2158-4cc7-9e07-ba347e145504@group-C1C12825AC52-LeaderElection1201] INFO  impl.LeaderElection (LeaderElection.java:logAndReturn(56)) - 1244ca21-2158-4cc7-9e07-ba347e145504@group-C1C12825AC52-LeaderElection1201: Election REJECTED; received 1 response(s) [1244ca21-2158-4cc7-9e07-ba347e145504<-7c107f1d-8592-48e3-af71-5982c0af1f56#0:FAIL-t136] and 1 exception(s); 1244ca21-2158-4cc7-9e07-ba347e145504@group-C1C12825AC52:t136, leader=null, voted=1244ca21-2158-4cc7-9e07-ba347e145504, raftlog=1244ca21-2158-4cc7-9e07-ba347e145504@group-C1C12825AC52-SegmentedRaftLog:OPENED:c-1,f-1,i0, conf=-1: [1244ca21-2158-4cc7-9e07-ba347e145504:192.168.69.118:43370, 7c107f1d-8592-48e3-af71-5982c0af1f56:192.168.69.118:36514, d10c8639-03b1-4f19-ac0f-6419d7578d59:192.168.69.118:37568], old=null
2019-10-21 23:03:33,052 [1244ca21-2158-4cc7-9e07-ba347e145504@group-C1C12825AC52-LeaderElection1201] INFO  impl.LeaderElection (LogUtils.java:infoOrTrace(149)) -   Exception 0: {}
java.util.concurrent.ExecutionException: org.apache.ratis.thirdparty.io.grpc.StatusRuntimeException: UNAVAILABLE: io exception
	at java.util.concurrent.FutureTask.report(FutureTask.java:122)
	at java.util.concurrent.FutureTask.get(FutureTask.java:192)
	at org.apache.ratis.server.impl.LeaderElection.waitForResults(LeaderElection.java:259)
	at org.apache.ratis.server.impl.LeaderElection.askForVotes(LeaderElection.java:197)
	at org.apache.ratis.server.impl.LeaderElection.run(LeaderElection.java:133)
	at java.lang.Thread.run(Thread.java:748)
Caused by: org.apache.ratis.thirdparty.io.grpc.StatusRuntimeException: UNAVAILABLE: io exception
	at org.apache.ratis.thirdparty.io.grpc.stub.ClientCalls.toStatusRuntimeException(ClientCalls.java:233)
	at org.apache.ratis.thirdparty.io.grpc.stub.ClientCalls.getUnchecked(ClientCalls.java:214)
	at org.apache.ratis.thirdparty.io.grpc.stub.ClientCalls.blockingUnaryCall(ClientCalls.java:139)
	at org.apache.ratis.proto.grpc.RaftServerProtocolServiceGrpc$RaftServerProtocolServiceBlockingStub.requestVote(RaftServerProtocolServiceGrpc.java:265)
	at org.apache.ratis.grpc.server.GrpcServerProtocolClient.requestVote(GrpcServerProtocolClient.java:99)
	at org.apache.ratis.grpc.server.GrpcService.requestVote(GrpcService.java:204)
	at org.apache.ratis.server.impl.LeaderElection.lambda$submitRequests$1(LeaderElection.java:234)
	at java.util.concurrent.FutureTask.run(FutureTask.java:266)
	at java.util.concurrent.Executors$RunnableAdapter.call(Executors.java:511)
	at java.util.concurrent.FutureTask.run(FutureTask.java:266)
	at java.util.concurrent.ThreadPoolExecutor.runWorker(ThreadPoolExecutor.java:1149)
	at java.util.concurrent.ThreadPoolExecutor$Worker.run(ThreadPoolExecutor.java:624)
	... 1 more
Caused by: org.apache.ratis.thirdparty.io.netty.channel.AbstractChannel$AnnotatedConnectException: Connection refused: /192.168.69.118:37568
	at sun.nio.ch.SocketChannelImpl.checkConnect(Native Method)
	at sun.nio.ch.SocketChannelImpl.finishConnect(SocketChannelImpl.java:717)
	at org.apache.ratis.thirdparty.io.netty.channel.socket.nio.NioSocketChannel.doFinishConnect(NioSocketChannel.java:327)
	at org.apache.ratis.thirdparty.io.netty.channel.nio.AbstractNioChannel$AbstractNioUnsafe.finishConnect(AbstractNioChannel.java:340)
	at org.apache.ratis.thirdparty.io.netty.channel.nio.NioEventLoop.processSelectedKey(NioEventLoop.java:632)
	at org.apache.ratis.thirdparty.io.netty.channel.nio.NioEventLoop.processSelectedKeysOptimized(NioEventLoop.java:579)
	at org.apache.ratis.thirdparty.io.netty.channel.nio.NioEventLoop.processSelectedKeys(NioEventLoop.java:496)
	at org.apache.ratis.thirdparty.io.netty.channel.nio.NioEventLoop.run(NioEventLoop.java:458)
	at org.apache.ratis.thirdparty.io.netty.util.concurrent.SingleThreadEventExecutor$5.run(SingleThreadEventExecutor.java:897)
	at org.apache.ratis.thirdparty.io.netty.util.concurrent.FastThreadLocalRunnable.run(FastThreadLocalRunnable.java:30)
	... 1 more
Caused by: java.net.ConnectException: Connection refused
	... 11 more
2019-10-21 23:03:33,053 [1244ca21-2158-4cc7-9e07-ba347e145504@group-C1C12825AC52-LeaderElection1201] INFO  impl.RaftServerImpl (RaftServerImpl.java:setRole(184)) - 1244ca21-2158-4cc7-9e07-ba347e145504@group-C1C12825AC52: changes role from CANDIDATE to FOLLOWER at term 136 for DISCOVERED_A_NEW_TERM
2019-10-21 23:03:33,053 [1244ca21-2158-4cc7-9e07-ba347e145504@group-C1C12825AC52-LeaderElection1201] INFO  impl.RoleInfo (RoleInfo.java:shutdownLeaderElection(134)) - 1244ca21-2158-4cc7-9e07-ba347e145504: shutdown LeaderElection
2019-10-21 23:03:33,053 [1244ca21-2158-4cc7-9e07-ba347e145504@group-C1C12825AC52-LeaderElection1201] INFO  impl.RoleInfo (RoleInfo.java:updateAndGet(143)) - 1244ca21-2158-4cc7-9e07-ba347e145504: start FollowerState
2019-10-21 23:03:33,060 [main] INFO  ozone.MiniOzoneClusterImpl (MiniOzoneClusterImpl.java:shutdown(314)) - Shutting down the Mini Ozone Cluster
2019-10-21 23:03:33,060 [main] INFO  ozone.MiniOzoneClusterImpl (MiniOzoneClusterImpl.java:stop(330)) - Stopping the Mini Ozone Cluster
2019-10-21 23:03:33,060 [main] INFO  ozone.MiniOzoneClusterImpl (MiniOzoneClusterImpl.java:stopOM(400)) - Stopping the OzoneManager
2019-10-21 23:03:33,060 [main] INFO  ipc.Server (Server.java:stop(3082)) - Stopping server on 41672
2019-10-21 23:03:33,072 [main] INFO  ratis.OzoneManagerDoubleBuffer (OzoneManagerDoubleBuffer.java:stop(250)) - Stopping OMDoubleBuffer flush thread
2019-10-21 23:03:33,075 [IPC Server listener on 41672] INFO  ipc.Server (Server.java:run(1185)) - Stopping IPC Server listener on 41672
2019-10-21 23:03:33,078 [OMDoubleBufferFlushThread] INFO  ratis.OzoneManagerDoubleBuffer (OzoneManagerDoubleBuffer.java:flushTransactions(193)) - OMDoubleBuffer flush thread OMDoubleBufferFlushThread is interrupted and will exit. OMDoubleBufferFlushThread
2019-10-21 23:03:33,076 [IPC Server Responder] INFO  ipc.Server (Server.java:run(1319)) - Stopping IPC Server Responder
2019-10-21 23:03:33,090 [main] INFO  utils.BackgroundService (BackgroundService.java:shutdown(151)) - Shutting down service KeyDeletingService
2019-10-21 23:03:33,091 [main] INFO  handler.ContextHandler (ContextHandler.java:doStop(910)) - Stopped o.e.j.w.WebAppContext@50cbcca7{/,null,UNAVAILABLE}{/ozoneManager}
2019-10-21 23:03:33,092 [main] INFO  server.AbstractConnector (AbstractConnector.java:doStop(318)) - Stopped ServerConnector@49491770{HTTP/1.1,[http/1.1]}{0.0.0.0:0}
2019-10-21 23:03:33,092 [main] INFO  handler.ContextHandler (ContextHandler.java:doStop(910)) - Stopped o.e.j.s.ServletContextHandler@4245bf68{/static,file:///workdir/hadoop-ozone/integration-test/target/test-classes/webapps/static,UNAVAILABLE}
2019-10-21 23:03:33,092 [main] INFO  handler.ContextHandler (ContextHandler.java:doStop(910)) - Stopped o.e.j.s.ServletContextHandler@7faa0680{/logs,file:///workdir/hadoop-ozone/integration-test/target/log,UNAVAILABLE}
2019-10-21 23:03:33,094 [main] INFO  ozone.MiniOzoneClusterImpl (MiniOzoneClusterImpl.java:stopDatanodes(377)) - Stopping the HddsDatanodes
2019-10-21 23:03:33,194 [Thread-10428] INFO  impl.FollowerState (FollowerState.java:run(108)) - 1244ca21-2158-4cc7-9e07-ba347e145504@group-C1C12825AC52-FollowerState: change to CANDIDATE, lastRpcTime:141ms, electionTimeout:141ms
2019-10-21 23:03:33,195 [Thread-10428] INFO  impl.RoleInfo (RoleInfo.java:shutdownFollowerState(121)) - 1244ca21-2158-4cc7-9e07-ba347e145504: shutdown FollowerState
2019-10-21 23:03:33,195 [Thread-10428] INFO  impl.RaftServerImpl (RaftServerImpl.java:setRole(184)) - 1244ca21-2158-4cc7-9e07-ba347e145504@group-C1C12825AC52: changes role from  FOLLOWER to CANDIDATE at term 136 for changeToCandidate
2019-10-21 23:03:33,195 [Thread-10428] INFO  impl.RoleInfo (RoleInfo.java:updateAndGet(143)) - 1244ca21-2158-4cc7-9e07-ba347e145504: start LeaderElection
2019-10-21 23:03:33,205 [1244ca21-2158-4cc7-9e07-ba347e145504@group-C1C12825AC52-LeaderElection1202] INFO  impl.LeaderElection (LeaderElection.java:askForVotes(178)) - 1244ca21-2158-4cc7-9e07-ba347e145504@group-C1C12825AC52-LeaderElection1202: begin an election at term 137 for -1: [1244ca21-2158-4cc7-9e07-ba347e145504:192.168.69.118:43370, 7c107f1d-8592-48e3-af71-5982c0af1f56:192.168.69.118:36514, d10c8639-03b1-4f19-ac0f-6419d7578d59:192.168.69.118:37568], old=null
2019-10-21 23:03:33,206 [1244ca21-2158-4cc7-9e07-ba347e145504@group-C1C12825AC52-LeaderElection1202] INFO  impl.LeaderElection (LogUtils.java:infoOrTrace(149)) - 1244ca21-2158-4cc7-9e07-ba347e145504@group-C1C12825AC52-LeaderElection1202 got exception when requesting votes: {}
java.util.concurrent.ExecutionException: org.apache.ratis.thirdparty.io.grpc.StatusRuntimeException: UNAVAILABLE: io exception
	at java.util.concurrent.FutureTask.report(FutureTask.java:122)
	at java.util.concurrent.FutureTask.get(FutureTask.java:192)
	at org.apache.ratis.server.impl.LeaderElection.waitForResults(LeaderElection.java:259)
	at org.apache.ratis.server.impl.LeaderElection.askForVotes(LeaderElection.java:197)
	at org.apache.ratis.server.impl.LeaderElection.run(LeaderElection.java:133)
	at java.lang.Thread.run(Thread.java:748)
Caused by: org.apache.ratis.thirdparty.io.grpc.StatusRuntimeException: UNAVAILABLE: io exception
	at org.apache.ratis.thirdparty.io.grpc.stub.ClientCalls.toStatusRuntimeException(ClientCalls.java:233)
	at org.apache.ratis.thirdparty.io.grpc.stub.ClientCalls.getUnchecked(ClientCalls.java:214)
	at org.apache.ratis.thirdparty.io.grpc.stub.ClientCalls.blockingUnaryCall(ClientCalls.java:139)
	at org.apache.ratis.proto.grpc.RaftServerProtocolServiceGrpc$RaftServerProtocolServiceBlockingStub.requestVote(RaftServerProtocolServiceGrpc.java:265)
	at org.apache.ratis.grpc.server.GrpcServerProtocolClient.requestVote(GrpcServerProtocolClient.java:99)
	at org.apache.ratis.grpc.server.GrpcService.requestVote(GrpcService.java:204)
	at org.apache.ratis.server.impl.LeaderElection.lambda$submitRequests$1(LeaderElection.java:234)
	at java.util.concurrent.FutureTask.run(FutureTask.java:266)
	at java.util.concurrent.Executors$RunnableAdapter.call(Executors.java:511)
	at java.util.concurrent.FutureTask.run(FutureTask.java:266)
	at java.util.concurrent.ThreadPoolExecutor.runWorker(ThreadPoolExecutor.java:1149)
	at java.util.concurrent.ThreadPoolExecutor$Worker.run(ThreadPoolExecutor.java:624)
	... 1 more
Caused by: org.apache.ratis.thirdparty.io.netty.channel.AbstractChannel$AnnotatedConnectException: Connection refused: /192.168.69.118:37568
	at sun.nio.ch.SocketChannelImpl.checkConnect(Native Method)
	at sun.nio.ch.SocketChannelImpl.finishConnect(SocketChannelImpl.java:717)
	at org.apache.ratis.thirdparty.io.netty.channel.socket.nio.NioSocketChannel.doFinishConnect(NioSocketChannel.java:327)
	at org.apache.ratis.thirdparty.io.netty.channel.nio.AbstractNioChannel$AbstractNioUnsafe.finishConnect(AbstractNioChannel.java:340)
	at org.apache.ratis.thirdparty.io.netty.channel.nio.NioEventLoop.processSelectedKey(NioEventLoop.java:632)
	at org.apache.ratis.thirdparty.io.netty.channel.nio.NioEventLoop.processSelectedKeysOptimized(NioEventLoop.java:579)
	at org.apache.ratis.thirdparty.io.netty.channel.nio.NioEventLoop.processSelectedKeys(NioEventLoop.java:496)
	at org.apache.ratis.thirdparty.io.netty.channel.nio.NioEventLoop.run(NioEventLoop.java:458)
	at org.apache.ratis.thirdparty.io.netty.util.concurrent.SingleThreadEventExecutor$5.run(SingleThreadEventExecutor.java:897)
	at org.apache.ratis.thirdparty.io.netty.util.concurrent.FastThreadLocalRunnable.run(FastThreadLocalRunnable.java:30)
	... 1 more
Caused by: java.net.ConnectException: Connection refused
	... 11 more
2019-10-21 23:03:33,206 [grpc-default-executor-6] INFO  impl.RaftServerImpl (RaftServerImpl.java:setRole(184)) - 7c107f1d-8592-48e3-af71-5982c0af1f56@group-C1C12825AC52: changes role from  FOLLOWER to FOLLOWER at term 137 for recognizeCandidate:1244ca21-2158-4cc7-9e07-ba347e145504
2019-10-21 23:03:33,206 [grpc-default-executor-6] INFO  impl.RoleInfo (RoleInfo.java:shutdownFollowerState(121)) - 7c107f1d-8592-48e3-af71-5982c0af1f56: shutdown FollowerState
2019-10-21 23:03:33,207 [grpc-default-executor-6] INFO  impl.RoleInfo (RoleInfo.java:updateAndGet(143)) - 7c107f1d-8592-48e3-af71-5982c0af1f56: start FollowerState
2019-10-21 23:03:33,207 [Thread-10427] INFO  impl.FollowerState (FollowerState.java:run(117)) - 7c107f1d-8592-48e3-af71-5982c0af1f56@group-C1C12825AC52-FollowerState was interrupted: java.lang.InterruptedException: sleep interrupted
2019-10-21 23:03:33,215 [1244ca21-2158-4cc7-9e07-ba347e145504@group-C1C12825AC52-LeaderElection1202] INFO  impl.LeaderElection (LeaderElection.java:logAndReturn(56)) - 1244ca21-2158-4cc7-9e07-ba347e145504@group-C1C12825AC52-LeaderElection1202: Election TIMEOUT; received 0 response(s) [] and 1 exception(s); 1244ca21-2158-4cc7-9e07-ba347e145504@group-C1C12825AC52:t137, leader=null, voted=1244ca21-2158-4cc7-9e07-ba347e145504, raftlog=1244ca21-2158-4cc7-9e07-ba347e145504@group-C1C12825AC52-SegmentedRaftLog:OPENED:c-1,f-1,i0, conf=-1: [1244ca21-2158-4cc7-9e07-ba347e145504:192.168.69.118:43370, 7c107f1d-8592-48e3-af71-5982c0af1f56:192.168.69.118:36514, d10c8639-03b1-4f19-ac0f-6419d7578d59:192.168.69.118:37568], old=null
2019-10-21 23:03:33,215 [1244ca21-2158-4cc7-9e07-ba347e145504@group-C1C12825AC52-LeaderElection1202] INFO  impl.LeaderElection (LogUtils.java:infoOrTrace(149)) -   Exception 0: {}
java.util.concurrent.ExecutionException: org.apache.ratis.thirdparty.io.grpc.StatusRuntimeException: UNAVAILABLE: io exception
	at java.util.concurrent.FutureTask.report(FutureTask.java:122)
	at java.util.concurrent.FutureTask.get(FutureTask.java:192)
	at org.apache.ratis.server.impl.LeaderElection.waitForResults(LeaderElection.java:259)
	at org.apache.ratis.server.impl.LeaderElection.askForVotes(LeaderElection.java:197)
	at org.apache.ratis.server.impl.LeaderElection.run(LeaderElection.java:133)
	at java.lang.Thread.run(Thread.java:748)
Caused by: org.apache.ratis.thirdparty.io.grpc.StatusRuntimeException: UNAVAILABLE: io exception
	at org.apache.ratis.thirdparty.io.grpc.stub.ClientCalls.toStatusRuntimeException(ClientCalls.java:233)
	at org.apache.ratis.thirdparty.io.grpc.stub.ClientCalls.getUnchecked(ClientCalls.java:214)
	at org.apache.ratis.thirdparty.io.grpc.stub.ClientCalls.blockingUnaryCall(ClientCalls.java:139)
	at org.apache.ratis.proto.grpc.RaftServerProtocolServiceGrpc$RaftServerProtocolServiceBlockingStub.requestVote(RaftServerProtocolServiceGrpc.java:265)
	at org.apache.ratis.grpc.server.GrpcServerProtocolClient.requestVote(GrpcServerProtocolClient.java:99)
	at org.apache.ratis.grpc.server.GrpcService.requestVote(GrpcService.java:204)
	at org.apache.ratis.server.impl.LeaderElection.lambda$submitRequests$1(LeaderElection.java:234)
	at java.util.concurrent.FutureTask.run(FutureTask.java:266)
	at java.util.concurrent.Executors$RunnableAdapter.call(Executors.java:511)
	at java.util.concurrent.FutureTask.run(FutureTask.java:266)
	at java.util.concurrent.ThreadPoolExecutor.runWorker(ThreadPoolExecutor.java:1149)
	at java.util.concurrent.ThreadPoolExecutor$Worker.run(ThreadPoolExecutor.java:624)
	... 1 more
Caused by: org.apache.ratis.thirdparty.io.netty.channel.AbstractChannel$AnnotatedConnectException: Connection refused: /192.168.69.118:37568
	at sun.nio.ch.SocketChannelImpl.checkConnect(Native Method)
	at sun.nio.ch.SocketChannelImpl.finishConnect(SocketChannelImpl.java:717)
	at org.apache.ratis.thirdparty.io.netty.channel.socket.nio.NioSocketChannel.doFinishConnect(NioSocketChannel.java:327)
	at org.apache.ratis.thirdparty.io.netty.channel.nio.AbstractNioChannel$AbstractNioUnsafe.finishConnect(AbstractNioChannel.java:340)
	at org.apache.ratis.thirdparty.io.netty.channel.nio.NioEventLoop.processSelectedKey(NioEventLoop.java:632)
	at org.apache.ratis.thirdparty.io.netty.channel.nio.NioEventLoop.processSelectedKeysOptimized(NioEventLoop.java:579)
	at org.apache.ratis.thirdparty.io.netty.channel.nio.NioEventLoop.processSelectedKeys(NioEventLoop.java:496)
	at org.apache.ratis.thirdparty.io.netty.channel.nio.NioEventLoop.run(NioEventLoop.java:458)
	at org.apache.ratis.thirdparty.io.netty.util.concurrent.SingleThreadEventExecutor$5.run(SingleThreadEventExecutor.java:897)
	at org.apache.ratis.thirdparty.io.netty.util.concurrent.FastThreadLocalRunnable.run(FastThreadLocalRunnable.java:30)
	... 1 more
Caused by: java.net.ConnectException: Connection refused
	... 11 more
2019-10-21 23:03:33,218 [1244ca21-2158-4cc7-9e07-ba347e145504@group-C1C12825AC52-LeaderElection1202] INFO  impl.LeaderElection (LeaderElection.java:askForVotes(178)) - 1244ca21-2158-4cc7-9e07-ba347e145504@group-C1C12825AC52-LeaderElection1202: begin an election at term 138 for -1: [1244ca21-2158-4cc7-9e07-ba347e145504:192.168.69.118:43370, 7c107f1d-8592-48e3-af71-5982c0af1f56:192.168.69.118:36514, d10c8639-03b1-4f19-ac0f-6419d7578d59:192.168.69.118:37568], old=null
2019-10-21 23:03:33,218 [1244ca21-2158-4cc7-9e07-ba347e145504@group-C1C12825AC52-LeaderElection1202] INFO  impl.LeaderElection (LogUtils.java:infoOrTrace(149)) - 1244ca21-2158-4cc7-9e07-ba347e145504@group-C1C12825AC52-LeaderElection1202 got exception when requesting votes: {}
java.util.concurrent.ExecutionException: org.apache.ratis.thirdparty.io.grpc.StatusRuntimeException: UNAVAILABLE: io exception
	at java.util.concurrent.FutureTask.report(FutureTask.java:122)
	at java.util.concurrent.FutureTask.get(FutureTask.java:192)
	at org.apache.ratis.server.impl.LeaderElection.waitForResults(LeaderElection.java:259)
	at org.apache.ratis.server.impl.LeaderElection.askForVotes(LeaderElection.java:197)
	at org.apache.ratis.server.impl.LeaderElection.run(LeaderElection.java:133)
	at java.lang.Thread.run(Thread.java:748)
Caused by: org.apache.ratis.thirdparty.io.grpc.StatusRuntimeException: UNAVAILABLE: io exception
	at org.apache.ratis.thirdparty.io.grpc.stub.ClientCalls.toStatusRuntimeException(ClientCalls.java:233)
	at org.apache.ratis.thirdparty.io.grpc.stub.ClientCalls.getUnchecked(ClientCalls.java:214)
	at org.apache.ratis.thirdparty.io.grpc.stub.ClientCalls.blockingUnaryCall(ClientCalls.java:139)
	at org.apache.ratis.proto.grpc.RaftServerProtocolServiceGrpc$RaftServerProtocolServiceBlockingStub.requestVote(RaftServerProtocolServiceGrpc.java:265)
	at org.apache.ratis.grpc.server.GrpcServerProtocolClient.requestVote(GrpcServerProtocolClient.java:99)
	at org.apache.ratis.grpc.server.GrpcService.requestVote(GrpcService.java:204)
	at org.apache.ratis.server.impl.LeaderElection.lambda$submitRequests$1(LeaderElection.java:234)
	at java.util.concurrent.FutureTask.run(FutureTask.java:266)
	at java.util.concurrent.Executors$RunnableAdapter.call(Executors.java:511)
	at java.util.concurrent.FutureTask.run(FutureTask.java:266)
	at java.util.concurrent.ThreadPoolExecutor.runWorker(ThreadPoolExecutor.java:1149)
	at java.util.concurrent.ThreadPoolExecutor$Worker.run(ThreadPoolExecutor.java:624)
	... 1 more
Caused by: org.apache.ratis.thirdparty.io.netty.channel.AbstractChannel$AnnotatedConnectException: Connection refused: /192.168.69.118:37568
	at sun.nio.ch.SocketChannelImpl.checkConnect(Native Method)
	at sun.nio.ch.SocketChannelImpl.finishConnect(SocketChannelImpl.java:717)
	at org.apache.ratis.thirdparty.io.netty.channel.socket.nio.NioSocketChannel.doFinishConnect(NioSocketChannel.java:327)
	at org.apache.ratis.thirdparty.io.netty.channel.nio.AbstractNioChannel$AbstractNioUnsafe.finishConnect(AbstractNioChannel.java:340)
	at org.apache.ratis.thirdparty.io.netty.channel.nio.NioEventLoop.processSelectedKey(NioEventLoop.java:632)
	at org.apache.ratis.thirdparty.io.netty.channel.nio.NioEventLoop.processSelectedKeysOptimized(NioEventLoop.java:579)
	at org.apache.ratis.thirdparty.io.netty.channel.nio.NioEventLoop.processSelectedKeys(NioEventLoop.java:496)
	at org.apache.ratis.thirdparty.io.netty.channel.nio.NioEventLoop.run(NioEventLoop.java:458)
	at org.apache.ratis.thirdparty.io.netty.util.concurrent.SingleThreadEventExecutor$5.run(SingleThreadEventExecutor.java:897)
	at org.apache.ratis.thirdparty.io.netty.util.concurrent.FastThreadLocalRunnable.run(FastThreadLocalRunnable.java:30)
	... 1 more
Caused by: java.net.ConnectException: Connection refused
	... 11 more
2019-10-21 23:03:33,219 [grpc-default-executor-6] INFO  impl.RaftServerImpl (RaftServerImpl.java:setRole(184)) - 7c107f1d-8592-48e3-af71-5982c0af1f56@group-C1C12825AC52: changes role from  FOLLOWER to FOLLOWER at term 138 for recognizeCandidate:1244ca21-2158-4cc7-9e07-ba347e145504
2019-10-21 23:03:33,219 [grpc-default-executor-6] INFO  impl.RoleInfo (RoleInfo.java:shutdownFollowerState(121)) - 7c107f1d-8592-48e3-af71-5982c0af1f56: shutdown FollowerState
2019-10-21 23:03:33,219 [grpc-default-executor-6] INFO  impl.RoleInfo (RoleInfo.java:updateAndGet(143)) - 7c107f1d-8592-48e3-af71-5982c0af1f56: start FollowerState
2019-10-21 23:03:33,219 [Thread-10438] INFO  impl.FollowerState (FollowerState.java:run(117)) - 7c107f1d-8592-48e3-af71-5982c0af1f56@group-C1C12825AC52-FollowerState was interrupted: java.lang.InterruptedException: sleep interrupted
2019-10-21 23:03:33,225 [1244ca21-2158-4cc7-9e07-ba347e145504@group-C1C12825AC52-LeaderElection1202] INFO  impl.LeaderElection (LeaderElection.java:logAndReturn(56)) - 1244ca21-2158-4cc7-9e07-ba347e145504@group-C1C12825AC52-LeaderElection1202: Election REJECTED; received 1 response(s) [1244ca21-2158-4cc7-9e07-ba347e145504<-7c107f1d-8592-48e3-af71-5982c0af1f56#0:FAIL-t138] and 1 exception(s); 1244ca21-2158-4cc7-9e07-ba347e145504@group-C1C12825AC52:t138, leader=null, voted=1244ca21-2158-4cc7-9e07-ba347e145504, raftlog=1244ca21-2158-4cc7-9e07-ba347e145504@group-C1C12825AC52-SegmentedRaftLog:OPENED:c-1,f-1,i0, conf=-1: [1244ca21-2158-4cc7-9e07-ba347e145504:192.168.69.118:43370, 7c107f1d-8592-48e3-af71-5982c0af1f56:192.168.69.118:36514, d10c8639-03b1-4f19-ac0f-6419d7578d59:192.168.69.118:37568], old=null
2019-10-21 23:03:33,225 [1244ca21-2158-4cc7-9e07-ba347e145504@group-C1C12825AC52-LeaderElection1202] INFO  impl.LeaderElection (LogUtils.java:infoOrTrace(149)) -   Exception 0: {}
java.util.concurrent.ExecutionException: org.apache.ratis.thirdparty.io.grpc.StatusRuntimeException: UNAVAILABLE: io exception
	at java.util.concurrent.FutureTask.report(FutureTask.java:122)
	at java.util.concurrent.FutureTask.get(FutureTask.java:192)
	at org.apache.ratis.server.impl.LeaderElection.waitForResults(LeaderElection.java:259)
	at org.apache.ratis.server.impl.LeaderElection.askForVotes(LeaderElection.java:197)
	at org.apache.ratis.server.impl.LeaderElection.run(LeaderElection.java:133)
	at java.lang.Thread.run(Thread.java:748)
Caused by: org.apache.ratis.thirdparty.io.grpc.StatusRuntimeException: UNAVAILABLE: io exception
	at org.apache.ratis.thirdparty.io.grpc.stub.ClientCalls.toStatusRuntimeException(ClientCalls.java:233)
	at org.apache.ratis.thirdparty.io.grpc.stub.ClientCalls.getUnchecked(ClientCalls.java:214)
	at org.apache.ratis.thirdparty.io.grpc.stub.ClientCalls.blockingUnaryCall(ClientCalls.java:139)
	at org.apache.ratis.proto.grpc.RaftServerProtocolServiceGrpc$RaftServerProtocolServiceBlockingStub.requestVote(RaftServerProtocolServiceGrpc.java:265)
	at org.apache.ratis.grpc.server.GrpcServerProtocolClient.requestVote(GrpcServerProtocolClient.java:99)
	at org.apache.ratis.grpc.server.GrpcService.requestVote(GrpcService.java:204)
	at org.apache.ratis.server.impl.LeaderElection.lambda$submitRequests$1(LeaderElection.java:234)
	at java.util.concurrent.FutureTask.run(FutureTask.java:266)
	at java.util.concurrent.Executors$RunnableAdapter.call(Executors.java:511)
	at java.util.concurrent.FutureTask.run(FutureTask.java:266)
	at java.util.concurrent.ThreadPoolExecutor.runWorker(ThreadPoolExecutor.java:1149)
	at java.util.concurrent.ThreadPoolExecutor$Worker.run(ThreadPoolExecutor.java:624)
	... 1 more
Caused by: org.apache.ratis.thirdparty.io.netty.channel.AbstractChannel$AnnotatedConnectException: Connection refused: /192.168.69.118:37568
	at sun.nio.ch.SocketChannelImpl.checkConnect(Native Method)
	at sun.nio.ch.SocketChannelImpl.finishConnect(SocketChannelImpl.java:717)
	at org.apache.ratis.thirdparty.io.netty.channel.socket.nio.NioSocketChannel.doFinishConnect(NioSocketChannel.java:327)
	at org.apache.ratis.thirdparty.io.netty.channel.nio.AbstractNioChannel$AbstractNioUnsafe.finishConnect(AbstractNioChannel.java:340)
	at org.apache.ratis.thirdparty.io.netty.channel.nio.NioEventLoop.processSelectedKey(NioEventLoop.java:632)
	at org.apache.ratis.thirdparty.io.netty.channel.nio.NioEventLoop.processSelectedKeysOptimized(NioEventLoop.java:579)
	at org.apache.ratis.thirdparty.io.netty.channel.nio.NioEventLoop.processSelectedKeys(NioEventLoop.java:496)
	at org.apache.ratis.thirdparty.io.netty.channel.nio.NioEventLoop.run(NioEventLoop.java:458)
	at org.apache.ratis.thirdparty.io.netty.util.concurrent.SingleThreadEventExecutor$5.run(SingleThreadEventExecutor.java:897)
	at org.apache.ratis.thirdparty.io.netty.util.concurrent.FastThreadLocalRunnable.run(FastThreadLocalRunnable.java:30)
	... 1 more
Caused by: java.net.ConnectException: Connection refused
	... 11 more
2019-10-21 23:03:33,225 [1244ca21-2158-4cc7-9e07-ba347e145504@group-C1C12825AC52-LeaderElection1202] INFO  impl.RaftServerImpl (RaftServerImpl.java:setRole(184)) - 1244ca21-2158-4cc7-9e07-ba347e145504@group-C1C12825AC52: changes role from CANDIDATE to FOLLOWER at term 138 for DISCOVERED_A_NEW_TERM
2019-10-21 23:03:33,225 [1244ca21-2158-4cc7-9e07-ba347e145504@group-C1C12825AC52-LeaderElection1202] INFO  impl.RoleInfo (RoleInfo.java:shutdownLeaderElection(134)) - 1244ca21-2158-4cc7-9e07-ba347e145504: shutdown LeaderElection
2019-10-21 23:03:33,225 [1244ca21-2158-4cc7-9e07-ba347e145504@group-C1C12825AC52-LeaderElection1202] INFO  impl.RoleInfo (RoleInfo.java:updateAndGet(143)) - 1244ca21-2158-4cc7-9e07-ba347e145504: start FollowerState
2019-10-21 23:03:33,298 [Datanode State Machine Thread - 0] INFO  statemachine.DatanodeStateMachine (DatanodeStateMachine.java:lambda$startDaemon$0(350)) - Ozone container server started.
2019-10-21 23:03:33,425 [Thread-10442] INFO  impl.FollowerState (FollowerState.java:run(108)) - 1244ca21-2158-4cc7-9e07-ba347e145504@group-C1C12825AC52-FollowerState: change to CANDIDATE, lastRpcTime:199ms, electionTimeout:199ms
2019-10-21 23:03:33,425 [Thread-10442] INFO  impl.RoleInfo (RoleInfo.java:shutdownFollowerState(121)) - 1244ca21-2158-4cc7-9e07-ba347e145504: shutdown FollowerState
2019-10-21 23:03:33,425 [Thread-10442] INFO  impl.RaftServerImpl (RaftServerImpl.java:setRole(184)) - 1244ca21-2158-4cc7-9e07-ba347e145504@group-C1C12825AC52: changes role from  FOLLOWER to CANDIDATE at term 138 for changeToCandidate
2019-10-21 23:03:33,425 [Thread-10442] INFO  impl.RoleInfo (RoleInfo.java:updateAndGet(143)) - 1244ca21-2158-4cc7-9e07-ba347e145504: start LeaderElection
2019-10-21 23:03:33,433 [1244ca21-2158-4cc7-9e07-ba347e145504@group-C1C12825AC52-LeaderElection1203] INFO  impl.LeaderElection (LeaderElection.java:askForVotes(178)) - 1244ca21-2158-4cc7-9e07-ba347e145504@group-C1C12825AC52-LeaderElection1203: begin an election at term 139 for -1: [1244ca21-2158-4cc7-9e07-ba347e145504:192.168.69.118:43370, 7c107f1d-8592-48e3-af71-5982c0af1f56:192.168.69.118:36514, d10c8639-03b1-4f19-ac0f-6419d7578d59:192.168.69.118:37568], old=null
2019-10-21 23:03:33,434 [1244ca21-2158-4cc7-9e07-ba347e145504@group-C1C12825AC52-LeaderElection1203] INFO  impl.LeaderElection (LogUtils.java:infoOrTrace(149)) - 1244ca21-2158-4cc7-9e07-ba347e145504@group-C1C12825AC52-LeaderElection1203 got exception when requesting votes: {}
java.util.concurrent.ExecutionException: org.apache.ratis.thirdparty.io.grpc.StatusRuntimeException: UNAVAILABLE: io exception
	at java.util.concurrent.FutureTask.report(FutureTask.java:122)
	at java.util.concurrent.FutureTask.get(FutureTask.java:192)
	at org.apache.ratis.server.impl.LeaderElection.waitForResults(LeaderElection.java:259)
	at org.apache.ratis.server.impl.LeaderElection.askForVotes(LeaderElection.java:197)
	at org.apache.ratis.server.impl.LeaderElection.run(LeaderElection.java:133)
	at java.lang.Thread.run(Thread.java:748)
Caused by: org.apache.ratis.thirdparty.io.grpc.StatusRuntimeException: UNAVAILABLE: io exception
	at org.apache.ratis.thirdparty.io.grpc.stub.ClientCalls.toStatusRuntimeException(ClientCalls.java:233)
	at org.apache.ratis.thirdparty.io.grpc.stub.ClientCalls.getUnchecked(ClientCalls.java:214)
	at org.apache.ratis.thirdparty.io.grpc.stub.ClientCalls.blockingUnaryCall(ClientCalls.java:139)
	at org.apache.ratis.proto.grpc.RaftServerProtocolServiceGrpc$RaftServerProtocolServiceBlockingStub.requestVote(RaftServerProtocolServiceGrpc.java:265)
	at org.apache.ratis.grpc.server.GrpcServerProtocolClient.requestVote(GrpcServerProtocolClient.java:99)
	at org.apache.ratis.grpc.server.GrpcService.requestVote(GrpcService.java:204)
	at org.apache.ratis.server.impl.LeaderElection.lambda$submitRequests$1(LeaderElection.java:234)
	at java.util.concurrent.FutureTask.run(FutureTask.java:266)
	at java.util.concurrent.Executors$RunnableAdapter.call(Executors.java:511)
	at java.util.concurrent.FutureTask.run(FutureTask.java:266)
	at java.util.concurrent.ThreadPoolExecutor.runWorker(ThreadPoolExecutor.java:1149)
	at java.util.concurrent.ThreadPoolExecutor$Worker.run(ThreadPoolExecutor.java:624)
	... 1 more
Caused by: org.apache.ratis.thirdparty.io.netty.channel.AbstractChannel$AnnotatedConnectException: Connection refused: /192.168.69.118:37568
	at sun.nio.ch.SocketChannelImpl.checkConnect(Native Method)
	at sun.nio.ch.SocketChannelImpl.finishConnect(SocketChannelImpl.java:717)
	at org.apache.ratis.thirdparty.io.netty.channel.socket.nio.NioSocketChannel.doFinishConnect(NioSocketChannel.java:327)
	at org.apache.ratis.thirdparty.io.netty.channel.nio.AbstractNioChannel$AbstractNioUnsafe.finishConnect(AbstractNioChannel.java:340)
	at org.apache.ratis.thirdparty.io.netty.channel.nio.NioEventLoop.processSelectedKey(NioEventLoop.java:632)
	at org.apache.ratis.thirdparty.io.netty.channel.nio.NioEventLoop.processSelectedKeysOptimized(NioEventLoop.java:579)
	at org.apache.ratis.thirdparty.io.netty.channel.nio.NioEventLoop.processSelectedKeys(NioEventLoop.java:496)
	at org.apache.ratis.thirdparty.io.netty.channel.nio.NioEventLoop.run(NioEventLoop.java:458)
	at org.apache.ratis.thirdparty.io.netty.util.concurrent.SingleThreadEventExecutor$5.run(SingleThreadEventExecutor.java:897)
	at org.apache.ratis.thirdparty.io.netty.util.concurrent.FastThreadLocalRunnable.run(FastThreadLocalRunnable.java:30)
	... 1 more
Caused by: java.net.ConnectException: Connection refused
	... 11 more
2019-10-21 23:03:33,434 [grpc-default-executor-6] INFO  impl.RaftServerImpl (RaftServerImpl.java:setRole(184)) - 7c107f1d-8592-48e3-af71-5982c0af1f56@group-C1C12825AC52: changes role from  FOLLOWER to FOLLOWER at term 139 for recognizeCandidate:1244ca21-2158-4cc7-9e07-ba347e145504
2019-10-21 23:03:33,434 [grpc-default-executor-6] INFO  impl.RoleInfo (RoleInfo.java:shutdownFollowerState(121)) - 7c107f1d-8592-48e3-af71-5982c0af1f56: shutdown FollowerState
2019-10-21 23:03:33,434 [grpc-default-executor-6] INFO  impl.RoleInfo (RoleInfo.java:updateAndGet(143)) - 7c107f1d-8592-48e3-af71-5982c0af1f56: start FollowerState
2019-10-21 23:03:33,434 [Thread-10441] INFO  impl.FollowerState (FollowerState.java:run(117)) - 7c107f1d-8592-48e3-af71-5982c0af1f56@group-C1C12825AC52-FollowerState was interrupted: java.lang.InterruptedException: sleep interrupted
2019-10-21 23:03:33,447 [1244ca21-2158-4cc7-9e07-ba347e145504@group-C1C12825AC52-LeaderElection1203] INFO  impl.LeaderElection (LeaderElection.java:logAndReturn(56)) - 1244ca21-2158-4cc7-9e07-ba347e145504@group-C1C12825AC52-LeaderElection1203: Election REJECTED; received 1 response(s) [1244ca21-2158-4cc7-9e07-ba347e145504<-7c107f1d-8592-48e3-af71-5982c0af1f56#0:FAIL-t139] and 1 exception(s); 1244ca21-2158-4cc7-9e07-ba347e145504@group-C1C12825AC52:t139, leader=null, voted=1244ca21-2158-4cc7-9e07-ba347e145504, raftlog=1244ca21-2158-4cc7-9e07-ba347e145504@group-C1C12825AC52-SegmentedRaftLog:OPENED:c-1,f-1,i0, conf=-1: [1244ca21-2158-4cc7-9e07-ba347e145504:192.168.69.118:43370, 7c107f1d-8592-48e3-af71-5982c0af1f56:192.168.69.118:36514, d10c8639-03b1-4f19-ac0f-6419d7578d59:192.168.69.118:37568], old=null
2019-10-21 23:03:33,447 [1244ca21-2158-4cc7-9e07-ba347e145504@group-C1C12825AC52-LeaderElection1203] INFO  impl.LeaderElection (LogUtils.java:infoOrTrace(149)) -   Exception 0: {}
java.util.concurrent.ExecutionException: org.apache.ratis.thirdparty.io.grpc.StatusRuntimeException: UNAVAILABLE: io exception
	at java.util.concurrent.FutureTask.report(FutureTask.java:122)
	at java.util.concurrent.FutureTask.get(FutureTask.java:192)
	at org.apache.ratis.server.impl.LeaderElection.waitForResults(LeaderElection.java:259)
	at org.apache.ratis.server.impl.LeaderElection.askForVotes(LeaderElection.java:197)
	at org.apache.ratis.server.impl.LeaderElection.run(LeaderElection.java:133)
	at java.lang.Thread.run(Thread.java:748)
Caused by: org.apache.ratis.thirdparty.io.grpc.StatusRuntimeException: UNAVAILABLE: io exception
	at org.apache.ratis.thirdparty.io.grpc.stub.ClientCalls.toStatusRuntimeException(ClientCalls.java:233)
	at org.apache.ratis.thirdparty.io.grpc.stub.ClientCalls.getUnchecked(ClientCalls.java:214)
	at org.apache.ratis.thirdparty.io.grpc.stub.ClientCalls.blockingUnaryCall(ClientCalls.java:139)
	at org.apache.ratis.proto.grpc.RaftServerProtocolServiceGrpc$RaftServerProtocolServiceBlockingStub.requestVote(RaftServerProtocolServiceGrpc.java:265)
	at org.apache.ratis.grpc.server.GrpcServerProtocolClient.requestVote(GrpcServerProtocolClient.java:99)
	at org.apache.ratis.grpc.server.GrpcService.requestVote(GrpcService.java:204)
	at org.apache.ratis.server.impl.LeaderElection.lambda$submitRequests$1(LeaderElection.java:234)
	at java.util.concurrent.FutureTask.run(FutureTask.java:266)
	at java.util.concurrent.Executors$RunnableAdapter.call(Executors.java:511)
	at java.util.concurrent.FutureTask.run(FutureTask.java:266)
	at java.util.concurrent.ThreadPoolExecutor.runWorker(ThreadPoolExecutor.java:1149)
	at java.util.concurrent.ThreadPoolExecutor$Worker.run(ThreadPoolExecutor.java:624)
	... 1 more
Caused by: org.apache.ratis.thirdparty.io.netty.channel.AbstractChannel$AnnotatedConnectException: Connection refused: /192.168.69.118:37568
	at sun.nio.ch.SocketChannelImpl.checkConnect(Native Method)
	at sun.nio.ch.SocketChannelImpl.finishConnect(SocketChannelImpl.java:717)
	at org.apache.ratis.thirdparty.io.netty.channel.socket.nio.NioSocketChannel.doFinishConnect(NioSocketChannel.java:327)
	at org.apache.ratis.thirdparty.io.netty.channel.nio.AbstractNioChannel$AbstractNioUnsafe.finishConnect(AbstractNioChannel.java:340)
	at org.apache.ratis.thirdparty.io.netty.channel.nio.NioEventLoop.processSelectedKey(NioEventLoop.java:632)
	at org.apache.ratis.thirdparty.io.netty.channel.nio.NioEventLoop.processSelectedKeysOptimized(NioEventLoop.java:579)
	at org.apache.ratis.thirdparty.io.netty.channel.nio.NioEventLoop.processSelectedKeys(NioEventLoop.java:496)
	at org.apache.ratis.thirdparty.io.netty.channel.nio.NioEventLoop.run(NioEventLoop.java:458)
	at org.apache.ratis.thirdparty.io.netty.util.concurrent.SingleThreadEventExecutor$5.run(SingleThreadEventExecutor.java:897)
	at org.apache.ratis.thirdparty.io.netty.util.concurrent.FastThreadLocalRunnable.run(FastThreadLocalRunnable.java:30)
	... 1 more
Caused by: java.net.ConnectException: Connection refused
	... 11 more
2019-10-21 23:03:33,448 [1244ca21-2158-4cc7-9e07-ba347e145504@group-C1C12825AC52-LeaderElection1203] INFO  impl.RaftServerImpl (RaftServerImpl.java:setRole(184)) - 1244ca21-2158-4cc7-9e07-ba347e145504@group-C1C12825AC52: changes role from CANDIDATE to FOLLOWER at term 139 for DISCOVERED_A_NEW_TERM
2019-10-21 23:03:33,448 [1244ca21-2158-4cc7-9e07-ba347e145504@group-C1C12825AC52-LeaderElection1203] INFO  impl.RoleInfo (RoleInfo.java:shutdownLeaderElection(134)) - 1244ca21-2158-4cc7-9e07-ba347e145504: shutdown LeaderElection
2019-10-21 23:03:33,448 [1244ca21-2158-4cc7-9e07-ba347e145504@group-C1C12825AC52-LeaderElection1203] INFO  impl.RoleInfo (RoleInfo.java:updateAndGet(143)) - 1244ca21-2158-4cc7-9e07-ba347e145504: start FollowerState
2019-10-21 23:03:33,566 [Thread-10447] INFO  impl.FollowerState (FollowerState.java:run(108)) - 1244ca21-2158-4cc7-9e07-ba347e145504@group-C1C12825AC52-FollowerState: change to CANDIDATE, lastRpcTime:118ms, electionTimeout:118ms
2019-10-21 23:03:33,566 [Thread-10447] INFO  impl.RoleInfo (RoleInfo.java:shutdownFollowerState(121)) - 1244ca21-2158-4cc7-9e07-ba347e145504: shutdown FollowerState
2019-10-21 23:03:33,566 [Thread-10447] INFO  impl.RaftServerImpl (RaftServerImpl.java:setRole(184)) - 1244ca21-2158-4cc7-9e07-ba347e145504@group-C1C12825AC52: changes role from  FOLLOWER to CANDIDATE at term 139 for changeToCandidate
2019-10-21 23:03:33,566 [Thread-10447] INFO  impl.RoleInfo (RoleInfo.java:updateAndGet(143)) - 1244ca21-2158-4cc7-9e07-ba347e145504: start LeaderElection
2019-10-21 23:03:33,581 [1244ca21-2158-4cc7-9e07-ba347e145504@group-C1C12825AC52-LeaderElection1204] INFO  impl.LeaderElection (LeaderElection.java:askForVotes(178)) - 1244ca21-2158-4cc7-9e07-ba347e145504@group-C1C12825AC52-LeaderElection1204: begin an election at term 140 for -1: [1244ca21-2158-4cc7-9e07-ba347e145504:192.168.69.118:43370, 7c107f1d-8592-48e3-af71-5982c0af1f56:192.168.69.118:36514, d10c8639-03b1-4f19-ac0f-6419d7578d59:192.168.69.118:37568], old=null
2019-10-21 23:03:33,582 [1244ca21-2158-4cc7-9e07-ba347e145504@group-C1C12825AC52-LeaderElection1204] INFO  impl.LeaderElection (LogUtils.java:infoOrTrace(149)) - 1244ca21-2158-4cc7-9e07-ba347e145504@group-C1C12825AC52-LeaderElection1204 got exception when requesting votes: {}
java.util.concurrent.ExecutionException: org.apache.ratis.thirdparty.io.grpc.StatusRuntimeException: UNAVAILABLE: io exception
	at java.util.concurrent.FutureTask.report(FutureTask.java:122)
	at java.util.concurrent.FutureTask.get(FutureTask.java:192)
	at org.apache.ratis.server.impl.LeaderElection.waitForResults(LeaderElection.java:259)
	at org.apache.ratis.server.impl.LeaderElection.askForVotes(LeaderElection.java:197)
	at org.apache.ratis.server.impl.LeaderElection.run(LeaderElection.java:133)
	at java.lang.Thread.run(Thread.java:748)
Caused by: org.apache.ratis.thirdparty.io.grpc.StatusRuntimeException: UNAVAILABLE: io exception
	at org.apache.ratis.thirdparty.io.grpc.stub.ClientCalls.toStatusRuntimeException(ClientCalls.java:233)
	at org.apache.ratis.thirdparty.io.grpc.stub.ClientCalls.getUnchecked(ClientCalls.java:214)
	at org.apache.ratis.thirdparty.io.grpc.stub.ClientCalls.blockingUnaryCall(ClientCalls.java:139)
	at org.apache.ratis.proto.grpc.RaftServerProtocolServiceGrpc$RaftServerProtocolServiceBlockingStub.requestVote(RaftServerProtocolServiceGrpc.java:265)
	at org.apache.ratis.grpc.server.GrpcServerProtocolClient.requestVote(GrpcServerProtocolClient.java:99)
	at org.apache.ratis.grpc.server.GrpcService.requestVote(GrpcService.java:204)
	at org.apache.ratis.server.impl.LeaderElection.lambda$submitRequests$1(LeaderElection.java:234)
	at java.util.concurrent.FutureTask.run(FutureTask.java:266)
	at java.util.concurrent.Executors$RunnableAdapter.call(Executors.java:511)
	at java.util.concurrent.FutureTask.run(FutureTask.java:266)
	at java.util.concurrent.ThreadPoolExecutor.runWorker(ThreadPoolExecutor.java:1149)
	at java.util.concurrent.ThreadPoolExecutor$Worker.run(ThreadPoolExecutor.java:624)
	... 1 more
Caused by: org.apache.ratis.thirdparty.io.netty.channel.AbstractChannel$AnnotatedConnectException: Connection refused: /192.168.69.118:37568
	at sun.nio.ch.SocketChannelImpl.checkConnect(Native Method)
	at sun.nio.ch.SocketChannelImpl.finishConnect(SocketChannelImpl.java:717)
	at org.apache.ratis.thirdparty.io.netty.channel.socket.nio.NioSocketChannel.doFinishConnect(NioSocketChannel.java:327)
	at org.apache.ratis.thirdparty.io.netty.channel.nio.AbstractNioChannel$AbstractNioUnsafe.finishConnect(AbstractNioChannel.java:340)
	at org.apache.ratis.thirdparty.io.netty.channel.nio.NioEventLoop.processSelectedKey(NioEventLoop.java:632)
	at org.apache.ratis.thirdparty.io.netty.channel.nio.NioEventLoop.processSelectedKeysOptimized(NioEventLoop.java:579)
	at org.apache.ratis.thirdparty.io.netty.channel.nio.NioEventLoop.processSelectedKeys(NioEventLoop.java:496)
	at org.apache.ratis.thirdparty.io.netty.channel.nio.NioEventLoop.run(NioEventLoop.java:458)
	at org.apache.ratis.thirdparty.io.netty.util.concurrent.SingleThreadEventExecutor$5.run(SingleThreadEventExecutor.java:897)
	at org.apache.ratis.thirdparty.io.netty.util.concurrent.FastThreadLocalRunnable.run(FastThreadLocalRunnable.java:30)
	... 1 more
Caused by: java.net.ConnectException: Connection refused
	... 11 more
2019-10-21 23:03:33,582 [grpc-default-executor-6] INFO  impl.RaftServerImpl (RaftServerImpl.java:setRole(184)) - 7c107f1d-8592-48e3-af71-5982c0af1f56@group-C1C12825AC52: changes role from  FOLLOWER to FOLLOWER at term 140 for recognizeCandidate:1244ca21-2158-4cc7-9e07-ba347e145504
2019-10-21 23:03:33,582 [grpc-default-executor-6] INFO  impl.RoleInfo (RoleInfo.java:shutdownFollowerState(121)) - 7c107f1d-8592-48e3-af71-5982c0af1f56: shutdown FollowerState
2019-10-21 23:03:33,582 [grpc-default-executor-6] INFO  impl.RoleInfo (RoleInfo.java:updateAndGet(143)) - 7c107f1d-8592-48e3-af71-5982c0af1f56: start FollowerState
2019-10-21 23:03:33,582 [Thread-10446] INFO  impl.FollowerState (FollowerState.java:run(117)) - 7c107f1d-8592-48e3-af71-5982c0af1f56@group-C1C12825AC52-FollowerState was interrupted: java.lang.InterruptedException: sleep interrupted
2019-10-21 23:03:33,596 [1244ca21-2158-4cc7-9e07-ba347e145504@group-C1C12825AC52-LeaderElection1204] INFO  impl.LeaderElection (LeaderElection.java:logAndReturn(56)) - 1244ca21-2158-4cc7-9e07-ba347e145504@group-C1C12825AC52-LeaderElection1204: Election REJECTED; received 1 response(s) [1244ca21-2158-4cc7-9e07-ba347e145504<-7c107f1d-8592-48e3-af71-5982c0af1f56#0:FAIL-t140] and 1 exception(s); 1244ca21-2158-4cc7-9e07-ba347e145504@group-C1C12825AC52:t140, leader=null, voted=1244ca21-2158-4cc7-9e07-ba347e145504, raftlog=1244ca21-2158-4cc7-9e07-ba347e145504@group-C1C12825AC52-SegmentedRaftLog:OPENED:c-1,f-1,i0, conf=-1: [1244ca21-2158-4cc7-9e07-ba347e145504:192.168.69.118:43370, 7c107f1d-8592-48e3-af71-5982c0af1f56:192.168.69.118:36514, d10c8639-03b1-4f19-ac0f-6419d7578d59:192.168.69.118:37568], old=null
2019-10-21 23:03:33,596 [1244ca21-2158-4cc7-9e07-ba347e145504@group-C1C12825AC52-LeaderElection1204] INFO  impl.LeaderElection (LogUtils.java:infoOrTrace(149)) -   Exception 0: {}
java.util.concurrent.ExecutionException: org.apache.ratis.thirdparty.io.grpc.StatusRuntimeException: UNAVAILABLE: io exception
	at java.util.concurrent.FutureTask.report(FutureTask.java:122)
	at java.util.concurrent.FutureTask.get(FutureTask.java:192)
	at org.apache.ratis.server.impl.LeaderElection.waitForResults(LeaderElection.java:259)
	at org.apache.ratis.server.impl.LeaderElection.askForVotes(LeaderElection.java:197)
	at org.apache.ratis.server.impl.LeaderElection.run(LeaderElection.java:133)
	at java.lang.Thread.run(Thread.java:748)
Caused by: org.apache.ratis.thirdparty.io.grpc.StatusRuntimeException: UNAVAILABLE: io exception
	at org.apache.ratis.thirdparty.io.grpc.stub.ClientCalls.toStatusRuntimeException(ClientCalls.java:233)
	at org.apache.ratis.thirdparty.io.grpc.stub.ClientCalls.getUnchecked(ClientCalls.java:214)
	at org.apache.ratis.thirdparty.io.grpc.stub.ClientCalls.blockingUnaryCall(ClientCalls.java:139)
	at org.apache.ratis.proto.grpc.RaftServerProtocolServiceGrpc$RaftServerProtocolServiceBlockingStub.requestVote(RaftServerProtocolServiceGrpc.java:265)
	at org.apache.ratis.grpc.server.GrpcServerProtocolClient.requestVote(GrpcServerProtocolClient.java:99)
	at org.apache.ratis.grpc.server.GrpcService.requestVote(GrpcService.java:204)
	at org.apache.ratis.server.impl.LeaderElection.lambda$submitRequests$1(LeaderElection.java:234)
	at java.util.concurrent.FutureTask.run(FutureTask.java:266)
	at java.util.concurrent.Executors$RunnableAdapter.call(Executors.java:511)
	at java.util.concurrent.FutureTask.run(FutureTask.java:266)
	at java.util.concurrent.ThreadPoolExecutor.runWorker(ThreadPoolExecutor.java:1149)
	at java.util.concurrent.ThreadPoolExecutor$Worker.run(ThreadPoolExecutor.java:624)
	... 1 more
Caused by: org.apache.ratis.thirdparty.io.netty.channel.AbstractChannel$AnnotatedConnectException: Connection refused: /192.168.69.118:37568
	at sun.nio.ch.SocketChannelImpl.checkConnect(Native Method)
	at sun.nio.ch.SocketChannelImpl.finishConnect(SocketChannelImpl.java:717)
	at org.apache.ratis.thirdparty.io.netty.channel.socket.nio.NioSocketChannel.doFinishConnect(NioSocketChannel.java:327)
	at org.apache.ratis.thirdparty.io.netty.channel.nio.AbstractNioChannel$AbstractNioUnsafe.finishConnect(AbstractNioChannel.java:340)
	at org.apache.ratis.thirdparty.io.netty.channel.nio.NioEventLoop.processSelectedKey(NioEventLoop.java:632)
	at org.apache.ratis.thirdparty.io.netty.channel.nio.NioEventLoop.processSelectedKeysOptimized(NioEventLoop.java:579)
	at org.apache.ratis.thirdparty.io.netty.channel.nio.NioEventLoop.processSelectedKeys(NioEventLoop.java:496)
	at org.apache.ratis.thirdparty.io.netty.channel.nio.NioEventLoop.run(NioEventLoop.java:458)
	at org.apache.ratis.thirdparty.io.netty.util.concurrent.SingleThreadEventExecutor$5.run(SingleThreadEventExecutor.java:897)
	at org.apache.ratis.thirdparty.io.netty.util.concurrent.FastThreadLocalRunnable.run(FastThreadLocalRunnable.java:30)
	... 1 more
Caused by: java.net.ConnectException: Connection refused
	... 11 more
2019-10-21 23:03:33,597 [1244ca21-2158-4cc7-9e07-ba347e145504@group-C1C12825AC52-LeaderElection1204] INFO  impl.RaftServerImpl (RaftServerImpl.java:setRole(184)) - 1244ca21-2158-4cc7-9e07-ba347e145504@group-C1C12825AC52: changes role from CANDIDATE to FOLLOWER at term 140 for DISCOVERED_A_NEW_TERM
2019-10-21 23:03:33,597 [1244ca21-2158-4cc7-9e07-ba347e145504@group-C1C12825AC52-LeaderElection1204] INFO  impl.RoleInfo (RoleInfo.java:shutdownLeaderElection(134)) - 1244ca21-2158-4cc7-9e07-ba347e145504: shutdown LeaderElection
2019-10-21 23:03:33,597 [1244ca21-2158-4cc7-9e07-ba347e145504@group-C1C12825AC52-LeaderElection1204] INFO  impl.RoleInfo (RoleInfo.java:updateAndGet(143)) - 1244ca21-2158-4cc7-9e07-ba347e145504: start FollowerState
2019-10-21 23:03:33,603 [Datanode State Machine Thread - 0] INFO  statemachine.DatanodeStateMachine (DatanodeStateMachine.java:lambda$startDaemon$0(350)) - Ozone container server started.
2019-10-21 23:03:33,784 [Thread-10454] INFO  impl.FollowerState (FollowerState.java:run(108)) - 1244ca21-2158-4cc7-9e07-ba347e145504@group-C1C12825AC52-FollowerState: change to CANDIDATE, lastRpcTime:187ms, electionTimeout:187ms
2019-10-21 23:03:33,785 [Thread-10454] INFO  impl.RoleInfo (RoleInfo.java:shutdownFollowerState(121)) - 1244ca21-2158-4cc7-9e07-ba347e145504: shutdown FollowerState
2019-10-21 23:03:33,785 [Thread-10454] INFO  impl.RaftServerImpl (RaftServerImpl.java:setRole(184)) - 1244ca21-2158-4cc7-9e07-ba347e145504@group-C1C12825AC52: changes role from  FOLLOWER to CANDIDATE at term 140 for changeToCandidate
2019-10-21 23:03:33,785 [Thread-10454] INFO  impl.RoleInfo (RoleInfo.java:updateAndGet(143)) - 1244ca21-2158-4cc7-9e07-ba347e145504: start LeaderElection
2019-10-21 23:03:33,796 [1244ca21-2158-4cc7-9e07-ba347e145504@group-C1C12825AC52-LeaderElection1205] INFO  impl.LeaderElection (LeaderElection.java:askForVotes(178)) - 1244ca21-2158-4cc7-9e07-ba347e145504@group-C1C12825AC52-LeaderElection1205: begin an election at term 141 for -1: [1244ca21-2158-4cc7-9e07-ba347e145504:192.168.69.118:43370, 7c107f1d-8592-48e3-af71-5982c0af1f56:192.168.69.118:36514, d10c8639-03b1-4f19-ac0f-6419d7578d59:192.168.69.118:37568], old=null
2019-10-21 23:03:33,797 [1244ca21-2158-4cc7-9e07-ba347e145504@group-C1C12825AC52-LeaderElection1205] INFO  impl.LeaderElection (LeaderElection.java:logAndReturn(56)) - 1244ca21-2158-4cc7-9e07-ba347e145504@group-C1C12825AC52-LeaderElection1205: Election TIMEOUT; received 0 response(s) [] and 0 exception(s); 1244ca21-2158-4cc7-9e07-ba347e145504@group-C1C12825AC52:t141, leader=null, voted=1244ca21-2158-4cc7-9e07-ba347e145504, raftlog=1244ca21-2158-4cc7-9e07-ba347e145504@group-C1C12825AC52-SegmentedRaftLog:OPENED:c-1,f-1,i0, conf=-1: [1244ca21-2158-4cc7-9e07-ba347e145504:192.168.69.118:43370, 7c107f1d-8592-48e3-af71-5982c0af1f56:192.168.69.118:36514, d10c8639-03b1-4f19-ac0f-6419d7578d59:192.168.69.118:37568], old=null
2019-10-21 23:03:33,797 [grpc-default-executor-8] INFO  impl.RaftServerImpl (RaftServerImpl.java:setRole(184)) - 7c107f1d-8592-48e3-af71-5982c0af1f56@group-C1C12825AC52: changes role from  FOLLOWER to FOLLOWER at term 141 for recognizeCandidate:1244ca21-2158-4cc7-9e07-ba347e145504
2019-10-21 23:03:33,798 [grpc-default-executor-8] INFO  impl.RoleInfo (RoleInfo.java:shutdownFollowerState(121)) - 7c107f1d-8592-48e3-af71-5982c0af1f56: shutdown FollowerState
2019-10-21 23:03:33,798 [grpc-default-executor-8] INFO  impl.RoleInfo (RoleInfo.java:updateAndGet(143)) - 7c107f1d-8592-48e3-af71-5982c0af1f56: start FollowerState
2019-10-21 23:03:33,798 [Thread-10453] INFO  impl.FollowerState (FollowerState.java:run(117)) - 7c107f1d-8592-48e3-af71-5982c0af1f56@group-C1C12825AC52-FollowerState was interrupted: java.lang.InterruptedException: sleep interrupted
2019-10-21 23:03:33,804 [1244ca21-2158-4cc7-9e07-ba347e145504@group-C1C12825AC52-LeaderElection1205] INFO  impl.LeaderElection (LeaderElection.java:askForVotes(178)) - 1244ca21-2158-4cc7-9e07-ba347e145504@group-C1C12825AC52-LeaderElection1205: begin an election at term 142 for -1: [1244ca21-2158-4cc7-9e07-ba347e145504:192.168.69.118:43370, 7c107f1d-8592-48e3-af71-5982c0af1f56:192.168.69.118:36514, d10c8639-03b1-4f19-ac0f-6419d7578d59:192.168.69.118:37568], old=null
2019-10-21 23:03:33,805 [1244ca21-2158-4cc7-9e07-ba347e145504@group-C1C12825AC52-LeaderElection1205] INFO  impl.LeaderElection (LogUtils.java:infoOrTrace(149)) - 1244ca21-2158-4cc7-9e07-ba347e145504@group-C1C12825AC52-LeaderElection1205 got exception when requesting votes: {}
java.util.concurrent.ExecutionException: org.apache.ratis.thirdparty.io.grpc.StatusRuntimeException: UNAVAILABLE: io exception
	at java.util.concurrent.FutureTask.report(FutureTask.java:122)
	at java.util.concurrent.FutureTask.get(FutureTask.java:192)
	at org.apache.ratis.server.impl.LeaderElection.waitForResults(LeaderElection.java:259)
	at org.apache.ratis.server.impl.LeaderElection.askForVotes(LeaderElection.java:197)
	at org.apache.ratis.server.impl.LeaderElection.run(LeaderElection.java:133)
	at java.lang.Thread.run(Thread.java:748)
Caused by: org.apache.ratis.thirdparty.io.grpc.StatusRuntimeException: UNAVAILABLE: io exception
	at org.apache.ratis.thirdparty.io.grpc.stub.ClientCalls.toStatusRuntimeException(ClientCalls.java:233)
	at org.apache.ratis.thirdparty.io.grpc.stub.ClientCalls.getUnchecked(ClientCalls.java:214)
	at org.apache.ratis.thirdparty.io.grpc.stub.ClientCalls.blockingUnaryCall(ClientCalls.java:139)
	at org.apache.ratis.proto.grpc.RaftServerProtocolServiceGrpc$RaftServerProtocolServiceBlockingStub.requestVote(RaftServerProtocolServiceGrpc.java:265)
	at org.apache.ratis.grpc.server.GrpcServerProtocolClient.requestVote(GrpcServerProtocolClient.java:99)
	at org.apache.ratis.grpc.server.GrpcService.requestVote(GrpcService.java:204)
	at org.apache.ratis.server.impl.LeaderElection.lambda$submitRequests$1(LeaderElection.java:234)
	at java.util.concurrent.FutureTask.run(FutureTask.java:266)
	at java.util.concurrent.Executors$RunnableAdapter.call(Executors.java:511)
	at java.util.concurrent.FutureTask.run(FutureTask.java:266)
	at java.util.concurrent.ThreadPoolExecutor.runWorker(ThreadPoolExecutor.java:1149)
	at java.util.concurrent.ThreadPoolExecutor$Worker.run(ThreadPoolExecutor.java:624)
	... 1 more
Caused by: org.apache.ratis.thirdparty.io.netty.channel.AbstractChannel$AnnotatedConnectException: Connection refused: /192.168.69.118:37568
	at sun.nio.ch.SocketChannelImpl.checkConnect(Native Method)
	at sun.nio.ch.SocketChannelImpl.finishConnect(SocketChannelImpl.java:717)
	at org.apache.ratis.thirdparty.io.netty.channel.socket.nio.NioSocketChannel.doFinishConnect(NioSocketChannel.java:327)
	at org.apache.ratis.thirdparty.io.netty.channel.nio.AbstractNioChannel$AbstractNioUnsafe.finishConnect(AbstractNioChannel.java:340)
	at org.apache.ratis.thirdparty.io.netty.channel.nio.NioEventLoop.processSelectedKey(NioEventLoop.java:632)
	at org.apache.ratis.thirdparty.io.netty.channel.nio.NioEventLoop.processSelectedKeysOptimized(NioEventLoop.java:579)
	at org.apache.ratis.thirdparty.io.netty.channel.nio.NioEventLoop.processSelectedKeys(NioEventLoop.java:496)
	at org.apache.ratis.thirdparty.io.netty.channel.nio.NioEventLoop.run(NioEventLoop.java:458)
	at org.apache.ratis.thirdparty.io.netty.util.concurrent.SingleThreadEventExecutor$5.run(SingleThreadEventExecutor.java:897)
	at org.apache.ratis.thirdparty.io.netty.util.concurrent.FastThreadLocalRunnable.run(FastThreadLocalRunnable.java:30)
	... 1 more
Caused by: java.net.ConnectException: Connection refused
	... 11 more
2019-10-21 23:03:33,805 [grpc-default-executor-8] INFO  impl.RaftServerImpl (RaftServerImpl.java:setRole(184)) - 7c107f1d-8592-48e3-af71-5982c0af1f56@group-C1C12825AC52: changes role from  FOLLOWER to FOLLOWER at term 142 for recognizeCandidate:1244ca21-2158-4cc7-9e07-ba347e145504
2019-10-21 23:03:33,805 [grpc-default-executor-8] INFO  impl.RoleInfo (RoleInfo.java:shutdownFollowerState(121)) - 7c107f1d-8592-48e3-af71-5982c0af1f56: shutdown FollowerState
2019-10-21 23:03:33,805 [grpc-default-executor-8] INFO  impl.RoleInfo (RoleInfo.java:updateAndGet(143)) - 7c107f1d-8592-48e3-af71-5982c0af1f56: start FollowerState
2019-10-21 23:03:33,805 [Thread-10460] INFO  impl.FollowerState (FollowerState.java:run(117)) - 7c107f1d-8592-48e3-af71-5982c0af1f56@group-C1C12825AC52-FollowerState was interrupted: java.lang.InterruptedException: sleep interrupted
2019-10-21 23:03:33,815 [1244ca21-2158-4cc7-9e07-ba347e145504@group-C1C12825AC52-LeaderElection1205] INFO  impl.LeaderElection (LeaderElection.java:logAndReturn(56)) - 1244ca21-2158-4cc7-9e07-ba347e145504@group-C1C12825AC52-LeaderElection1205: Election REJECTED; received 1 response(s) [1244ca21-2158-4cc7-9e07-ba347e145504<-7c107f1d-8592-48e3-af71-5982c0af1f56#0:FAIL-t142] and 1 exception(s); 1244ca21-2158-4cc7-9e07-ba347e145504@group-C1C12825AC52:t142, leader=null, voted=1244ca21-2158-4cc7-9e07-ba347e145504, raftlog=1244ca21-2158-4cc7-9e07-ba347e145504@group-C1C12825AC52-SegmentedRaftLog:OPENED:c-1,f-1,i0, conf=-1: [1244ca21-2158-4cc7-9e07-ba347e145504:192.168.69.118:43370, 7c107f1d-8592-48e3-af71-5982c0af1f56:192.168.69.118:36514, d10c8639-03b1-4f19-ac0f-6419d7578d59:192.168.69.118:37568], old=null
2019-10-21 23:03:33,815 [1244ca21-2158-4cc7-9e07-ba347e145504@group-C1C12825AC52-LeaderElection1205] INFO  impl.LeaderElection (LogUtils.java:infoOrTrace(149)) -   Exception 0: {}
java.util.concurrent.ExecutionException: org.apache.ratis.thirdparty.io.grpc.StatusRuntimeException: UNAVAILABLE: io exception
	at java.util.concurrent.FutureTask.report(FutureTask.java:122)
	at java.util.concurrent.FutureTask.get(FutureTask.java:192)
	at org.apache.ratis.server.impl.LeaderElection.waitForResults(LeaderElection.java:259)
	at org.apache.ratis.server.impl.LeaderElection.askForVotes(LeaderElection.java:197)
	at org.apache.ratis.server.impl.LeaderElection.run(LeaderElection.java:133)
	at java.lang.Thread.run(Thread.java:748)
Caused by: org.apache.ratis.thirdparty.io.grpc.StatusRuntimeException: UNAVAILABLE: io exception
	at org.apache.ratis.thirdparty.io.grpc.stub.ClientCalls.toStatusRuntimeException(ClientCalls.java:233)
	at org.apache.ratis.thirdparty.io.grpc.stub.ClientCalls.getUnchecked(ClientCalls.java:214)
	at org.apache.ratis.thirdparty.io.grpc.stub.ClientCalls.blockingUnaryCall(ClientCalls.java:139)
	at org.apache.ratis.proto.grpc.RaftServerProtocolServiceGrpc$RaftServerProtocolServiceBlockingStub.requestVote(RaftServerProtocolServiceGrpc.java:265)
	at org.apache.ratis.grpc.server.GrpcServerProtocolClient.requestVote(GrpcServerProtocolClient.java:99)
	at org.apache.ratis.grpc.server.GrpcService.requestVote(GrpcService.java:204)
	at org.apache.ratis.server.impl.LeaderElection.lambda$submitRequests$1(LeaderElection.java:234)
	at java.util.concurrent.FutureTask.run(FutureTask.java:266)
	at java.util.concurrent.Executors$RunnableAdapter.call(Executors.java:511)
	at java.util.concurrent.FutureTask.run(FutureTask.java:266)
	at java.util.concurrent.ThreadPoolExecutor.runWorker(ThreadPoolExecutor.java:1149)
	at java.util.concurrent.ThreadPoolExecutor$Worker.run(ThreadPoolExecutor.java:624)
	... 1 more
Caused by: org.apache.ratis.thirdparty.io.netty.channel.AbstractChannel$AnnotatedConnectException: Connection refused: /192.168.69.118:37568
	at sun.nio.ch.SocketChannelImpl.checkConnect(Native Method)
	at sun.nio.ch.SocketChannelImpl.finishConnect(SocketChannelImpl.java:717)
	at org.apache.ratis.thirdparty.io.netty.channel.socket.nio.NioSocketChannel.doFinishConnect(NioSocketChannel.java:327)
	at org.apache.ratis.thirdparty.io.netty.channel.nio.AbstractNioChannel$AbstractNioUnsafe.finishConnect(AbstractNioChannel.java:340)
	at org.apache.ratis.thirdparty.io.netty.channel.nio.NioEventLoop.processSelectedKey(NioEventLoop.java:632)
	at org.apache.ratis.thirdparty.io.netty.channel.nio.NioEventLoop.processSelectedKeysOptimized(NioEventLoop.java:579)
	at org.apache.ratis.thirdparty.io.netty.channel.nio.NioEventLoop.processSelectedKeys(NioEventLoop.java:496)
	at org.apache.ratis.thirdparty.io.netty.channel.nio.NioEventLoop.run(NioEventLoop.java:458)
	at org.apache.ratis.thirdparty.io.netty.util.concurrent.SingleThreadEventExecutor$5.run(SingleThreadEventExecutor.java:897)
	at org.apache.ratis.thirdparty.io.netty.util.concurrent.FastThreadLocalRunnable.run(FastThreadLocalRunnable.java:30)
	... 1 more
Caused by: java.net.ConnectException: Connection refused
	... 11 more
2019-10-21 23:03:33,815 [1244ca21-2158-4cc7-9e07-ba347e145504@group-C1C12825AC52-LeaderElection1205] INFO  impl.RaftServerImpl (RaftServerImpl.java:setRole(184)) - 1244ca21-2158-4cc7-9e07-ba347e145504@group-C1C12825AC52: changes role from CANDIDATE to FOLLOWER at term 142 for DISCOVERED_A_NEW_TERM
2019-10-21 23:03:33,815 [1244ca21-2158-4cc7-9e07-ba347e145504@group-C1C12825AC52-LeaderElection1205] INFO  impl.RoleInfo (RoleInfo.java:shutdownLeaderElection(134)) - 1244ca21-2158-4cc7-9e07-ba347e145504: shutdown LeaderElection
2019-10-21 23:03:33,815 [1244ca21-2158-4cc7-9e07-ba347e145504@group-C1C12825AC52-LeaderElection1205] INFO  impl.RoleInfo (RoleInfo.java:updateAndGet(143)) - 1244ca21-2158-4cc7-9e07-ba347e145504: start FollowerState
2019-10-21 23:03:33,818 [Thread-10464] INFO  impl.FollowerState (FollowerState.java:run(108)) - 1244ca21-2158-4cc7-9e07-ba347e145504@group-C1C12825AC52-FollowerState: change to CANDIDATE, lastRpcTime:2ms, electionTimeout:2ms
2019-10-21 23:03:33,818 [Thread-10464] INFO  impl.RoleInfo (RoleInfo.java:shutdownFollowerState(121)) - 1244ca21-2158-4cc7-9e07-ba347e145504: shutdown FollowerState
2019-10-21 23:03:33,818 [Thread-10464] INFO  impl.RaftServerImpl (RaftServerImpl.java:setRole(184)) - 1244ca21-2158-4cc7-9e07-ba347e145504@group-C1C12825AC52: changes role from  FOLLOWER to CANDIDATE at term 142 for changeToCandidate
2019-10-21 23:03:33,818 [Thread-10464] INFO  impl.RoleInfo (RoleInfo.java:updateAndGet(143)) - 1244ca21-2158-4cc7-9e07-ba347e145504: start LeaderElection
2019-10-21 23:03:33,826 [1244ca21-2158-4cc7-9e07-ba347e145504@group-C1C12825AC52-LeaderElection1206] INFO  impl.LeaderElection (LeaderElection.java:askForVotes(178)) - 1244ca21-2158-4cc7-9e07-ba347e145504@group-C1C12825AC52-LeaderElection1206: begin an election at term 143 for -1: [1244ca21-2158-4cc7-9e07-ba347e145504:192.168.69.118:43370, 7c107f1d-8592-48e3-af71-5982c0af1f56:192.168.69.118:36514, d10c8639-03b1-4f19-ac0f-6419d7578d59:192.168.69.118:37568], old=null
2019-10-21 23:03:33,827 [1244ca21-2158-4cc7-9e07-ba347e145504@group-C1C12825AC52-LeaderElection1206] INFO  impl.LeaderElection (LogUtils.java:infoOrTrace(149)) - 1244ca21-2158-4cc7-9e07-ba347e145504@group-C1C12825AC52-LeaderElection1206 got exception when requesting votes: {}
java.util.concurrent.ExecutionException: org.apache.ratis.thirdparty.io.grpc.StatusRuntimeException: UNAVAILABLE: io exception
	at java.util.concurrent.FutureTask.report(FutureTask.java:122)
	at java.util.concurrent.FutureTask.get(FutureTask.java:192)
	at org.apache.ratis.server.impl.LeaderElection.waitForResults(LeaderElection.java:259)
	at org.apache.ratis.server.impl.LeaderElection.askForVotes(LeaderElection.java:197)
	at org.apache.ratis.server.impl.LeaderElection.run(LeaderElection.java:133)
	at java.lang.Thread.run(Thread.java:748)
Caused by: org.apache.ratis.thirdparty.io.grpc.StatusRuntimeException: UNAVAILABLE: io exception
	at org.apache.ratis.thirdparty.io.grpc.stub.ClientCalls.toStatusRuntimeException(ClientCalls.java:233)
	at org.apache.ratis.thirdparty.io.grpc.stub.ClientCalls.getUnchecked(ClientCalls.java:214)
	at org.apache.ratis.thirdparty.io.grpc.stub.ClientCalls.blockingUnaryCall(ClientCalls.java:139)
	at org.apache.ratis.proto.grpc.RaftServerProtocolServiceGrpc$RaftServerProtocolServiceBlockingStub.requestVote(RaftServerProtocolServiceGrpc.java:265)
	at org.apache.ratis.grpc.server.GrpcServerProtocolClient.requestVote(GrpcServerProtocolClient.java:99)
	at org.apache.ratis.grpc.server.GrpcService.requestVote(GrpcService.java:204)
	at org.apache.ratis.server.impl.LeaderElection.lambda$submitRequests$1(LeaderElection.java:234)
	at java.util.concurrent.FutureTask.run(FutureTask.java:266)
	at java.util.concurrent.Executors$RunnableAdapter.call(Executors.java:511)
	at java.util.concurrent.FutureTask.run(FutureTask.java:266)
	at java.util.concurrent.ThreadPoolExecutor.runWorker(ThreadPoolExecutor.java:1149)
	at java.util.concurrent.ThreadPoolExecutor$Worker.run(ThreadPoolExecutor.java:624)
	... 1 more
Caused by: org.apache.ratis.thirdparty.io.netty.channel.AbstractChannel$AnnotatedConnectException: Connection refused: /192.168.69.118:37568
	at sun.nio.ch.SocketChannelImpl.checkConnect(Native Method)
	at sun.nio.ch.SocketChannelImpl.finishConnect(SocketChannelImpl.java:717)
	at org.apache.ratis.thirdparty.io.netty.channel.socket.nio.NioSocketChannel.doFinishConnect(NioSocketChannel.java:327)
	at org.apache.ratis.thirdparty.io.netty.channel.nio.AbstractNioChannel$AbstractNioUnsafe.finishConnect(AbstractNioChannel.java:340)
	at org.apache.ratis.thirdparty.io.netty.channel.nio.NioEventLoop.processSelectedKey(NioEventLoop.java:632)
	at org.apache.ratis.thirdparty.io.netty.channel.nio.NioEventLoop.processSelectedKeysOptimized(NioEventLoop.java:579)
	at org.apache.ratis.thirdparty.io.netty.channel.nio.NioEventLoop.processSelectedKeys(NioEventLoop.java:496)
	at org.apache.ratis.thirdparty.io.netty.channel.nio.NioEventLoop.run(NioEventLoop.java:458)
	at org.apache.ratis.thirdparty.io.netty.util.concurrent.SingleThreadEventExecutor$5.run(SingleThreadEventExecutor.java:897)
	at org.apache.ratis.thirdparty.io.netty.util.concurrent.FastThreadLocalRunnable.run(FastThreadLocalRunnable.java:30)
	... 1 more
Caused by: java.net.ConnectException: Connection refused
	... 11 more
2019-10-21 23:03:33,827 [grpc-default-executor-8] INFO  impl.RaftServerImpl (RaftServerImpl.java:setRole(184)) - 7c107f1d-8592-48e3-af71-5982c0af1f56@group-C1C12825AC52: changes role from  FOLLOWER to FOLLOWER at term 143 for recognizeCandidate:1244ca21-2158-4cc7-9e07-ba347e145504
2019-10-21 23:03:33,827 [grpc-default-executor-8] INFO  impl.RoleInfo (RoleInfo.java:shutdownFollowerState(121)) - 7c107f1d-8592-48e3-af71-5982c0af1f56: shutdown FollowerState
2019-10-21 23:03:33,827 [grpc-default-executor-8] INFO  impl.RoleInfo (RoleInfo.java:updateAndGet(143)) - 7c107f1d-8592-48e3-af71-5982c0af1f56: start FollowerState
2019-10-21 23:03:33,827 [Thread-10463] INFO  impl.FollowerState (FollowerState.java:run(117)) - 7c107f1d-8592-48e3-af71-5982c0af1f56@group-C1C12825AC52-FollowerState was interrupted: java.lang.InterruptedException: sleep interrupted
2019-10-21 23:03:33,836 [1244ca21-2158-4cc7-9e07-ba347e145504@group-C1C12825AC52-LeaderElection1206] INFO  impl.LeaderElection (LeaderElection.java:logAndReturn(56)) - 1244ca21-2158-4cc7-9e07-ba347e145504@group-C1C12825AC52-LeaderElection1206: Election REJECTED; received 1 response(s) [1244ca21-2158-4cc7-9e07-ba347e145504<-7c107f1d-8592-48e3-af71-5982c0af1f56#0:FAIL-t143] and 1 exception(s); 1244ca21-2158-4cc7-9e07-ba347e145504@group-C1C12825AC52:t143, leader=null, voted=1244ca21-2158-4cc7-9e07-ba347e145504, raftlog=1244ca21-2158-4cc7-9e07-ba347e145504@group-C1C12825AC52-SegmentedRaftLog:OPENED:c-1,f-1,i0, conf=-1: [1244ca21-2158-4cc7-9e07-ba347e145504:192.168.69.118:43370, 7c107f1d-8592-48e3-af71-5982c0af1f56:192.168.69.118:36514, d10c8639-03b1-4f19-ac0f-6419d7578d59:192.168.69.118:37568], old=null
2019-10-21 23:03:33,837 [1244ca21-2158-4cc7-9e07-ba347e145504@group-C1C12825AC52-LeaderElection1206] INFO  impl.LeaderElection (LogUtils.java:infoOrTrace(149)) -   Exception 0: {}
java.util.concurrent.ExecutionException: org.apache.ratis.thirdparty.io.grpc.StatusRuntimeException: UNAVAILABLE: io exception
	at java.util.concurrent.FutureTask.report(FutureTask.java:122)
	at java.util.concurrent.FutureTask.get(FutureTask.java:192)
	at org.apache.ratis.server.impl.LeaderElection.waitForResults(LeaderElection.java:259)
	at org.apache.ratis.server.impl.LeaderElection.askForVotes(LeaderElection.java:197)
	at org.apache.ratis.server.impl.LeaderElection.run(LeaderElection.java:133)
	at java.lang.Thread.run(Thread.java:748)
Caused by: org.apache.ratis.thirdparty.io.grpc.StatusRuntimeException: UNAVAILABLE: io exception
	at org.apache.ratis.thirdparty.io.grpc.stub.ClientCalls.toStatusRuntimeException(ClientCalls.java:233)
	at org.apache.ratis.thirdparty.io.grpc.stub.ClientCalls.getUnchecked(ClientCalls.java:214)
	at org.apache.ratis.thirdparty.io.grpc.stub.ClientCalls.blockingUnaryCall(ClientCalls.java:139)
	at org.apache.ratis.proto.grpc.RaftServerProtocolServiceGrpc$RaftServerProtocolServiceBlockingStub.requestVote(RaftServerProtocolServiceGrpc.java:265)
	at org.apache.ratis.grpc.server.GrpcServerProtocolClient.requestVote(GrpcServerProtocolClient.java:99)
	at org.apache.ratis.grpc.server.GrpcService.requestVote(GrpcService.java:204)
	at org.apache.ratis.server.impl.LeaderElection.lambda$submitRequests$1(LeaderElection.java:234)
	at java.util.concurrent.FutureTask.run(FutureTask.java:266)
	at java.util.concurrent.Executors$RunnableAdapter.call(Executors.java:511)
	at java.util.concurrent.FutureTask.run(FutureTask.java:266)
	at java.util.concurrent.ThreadPoolExecutor.runWorker(ThreadPoolExecutor.java:1149)
	at java.util.concurrent.ThreadPoolExecutor$Worker.run(ThreadPoolExecutor.java:624)
	... 1 more
Caused by: org.apache.ratis.thirdparty.io.netty.channel.AbstractChannel$AnnotatedConnectException: Connection refused: /192.168.69.118:37568
	at sun.nio.ch.SocketChannelImpl.checkConnect(Native Method)
	at sun.nio.ch.SocketChannelImpl.finishConnect(SocketChannelImpl.java:717)
	at org.apache.ratis.thirdparty.io.netty.channel.socket.nio.NioSocketChannel.doFinishConnect(NioSocketChannel.java:327)
	at org.apache.ratis.thirdparty.io.netty.channel.nio.AbstractNioChannel$AbstractNioUnsafe.finishConnect(AbstractNioChannel.java:340)
	at org.apache.ratis.thirdparty.io.netty.channel.nio.NioEventLoop.processSelectedKey(NioEventLoop.java:632)
	at org.apache.ratis.thirdparty.io.netty.channel.nio.NioEventLoop.processSelectedKeysOptimized(NioEventLoop.java:579)
	at org.apache.ratis.thirdparty.io.netty.channel.nio.NioEventLoop.processSelectedKeys(NioEventLoop.java:496)
	at org.apache.ratis.thirdparty.io.netty.channel.nio.NioEventLoop.run(NioEventLoop.java:458)
	at org.apache.ratis.thirdparty.io.netty.util.concurrent.SingleThreadEventExecutor$5.run(SingleThreadEventExecutor.java:897)
	at org.apache.ratis.thirdparty.io.netty.util.concurrent.FastThreadLocalRunnable.run(FastThreadLocalRunnable.java:30)
	... 1 more
Caused by: java.net.ConnectException: Connection refused
	... 11 more
2019-10-21 23:03:33,837 [1244ca21-2158-4cc7-9e07-ba347e145504@group-C1C12825AC52-LeaderElection1206] INFO  impl.RaftServerImpl (RaftServerImpl.java:setRole(184)) - 1244ca21-2158-4cc7-9e07-ba347e145504@group-C1C12825AC52: changes role from CANDIDATE to FOLLOWER at term 143 for DISCOVERED_A_NEW_TERM
2019-10-21 23:03:33,837 [1244ca21-2158-4cc7-9e07-ba347e145504@group-C1C12825AC52-LeaderElection1206] INFO  impl.RoleInfo (RoleInfo.java:shutdownLeaderElection(134)) - 1244ca21-2158-4cc7-9e07-ba347e145504: shutdown LeaderElection
2019-10-21 23:03:33,837 [1244ca21-2158-4cc7-9e07-ba347e145504@group-C1C12825AC52-LeaderElection1206] INFO  impl.RoleInfo (RoleInfo.java:updateAndGet(143)) - 1244ca21-2158-4cc7-9e07-ba347e145504: start FollowerState
2019-10-21 23:03:33,898 [Thread-10469] INFO  impl.FollowerState (FollowerState.java:run(108)) - 1244ca21-2158-4cc7-9e07-ba347e145504@group-C1C12825AC52-FollowerState: change to CANDIDATE, lastRpcTime:61ms, electionTimeout:61ms
2019-10-21 23:03:33,899 [Thread-10469] INFO  impl.RoleInfo (RoleInfo.java:shutdownFollowerState(121)) - 1244ca21-2158-4cc7-9e07-ba347e145504: shutdown FollowerState
2019-10-21 23:03:33,899 [Thread-10469] INFO  impl.RaftServerImpl (RaftServerImpl.java:setRole(184)) - 1244ca21-2158-4cc7-9e07-ba347e145504@group-C1C12825AC52: changes role from  FOLLOWER to CANDIDATE at term 143 for changeToCandidate
2019-10-21 23:03:33,899 [Thread-10469] INFO  impl.RoleInfo (RoleInfo.java:updateAndGet(143)) - 1244ca21-2158-4cc7-9e07-ba347e145504: start LeaderElection
2019-10-21 23:03:33,906 [1244ca21-2158-4cc7-9e07-ba347e145504@group-C1C12825AC52-LeaderElection1207] INFO  impl.LeaderElection (LeaderElection.java:askForVotes(178)) - 1244ca21-2158-4cc7-9e07-ba347e145504@group-C1C12825AC52-LeaderElection1207: begin an election at term 144 for -1: [1244ca21-2158-4cc7-9e07-ba347e145504:192.168.69.118:43370, 7c107f1d-8592-48e3-af71-5982c0af1f56:192.168.69.118:36514, d10c8639-03b1-4f19-ac0f-6419d7578d59:192.168.69.118:37568], old=null
2019-10-21 23:03:33,907 [1244ca21-2158-4cc7-9e07-ba347e145504@group-C1C12825AC52-LeaderElection1207] INFO  impl.LeaderElection (LogUtils.java:infoOrTrace(149)) - 1244ca21-2158-4cc7-9e07-ba347e145504@group-C1C12825AC52-LeaderElection1207 got exception when requesting votes: {}
java.util.concurrent.ExecutionException: org.apache.ratis.thirdparty.io.grpc.StatusRuntimeException: UNAVAILABLE: io exception
	at java.util.concurrent.FutureTask.report(FutureTask.java:122)
	at java.util.concurrent.FutureTask.get(FutureTask.java:192)
	at org.apache.ratis.server.impl.LeaderElection.waitForResults(LeaderElection.java:259)
	at org.apache.ratis.server.impl.LeaderElection.askForVotes(LeaderElection.java:197)
	at org.apache.ratis.server.impl.LeaderElection.run(LeaderElection.java:133)
	at java.lang.Thread.run(Thread.java:748)
Caused by: org.apache.ratis.thirdparty.io.grpc.StatusRuntimeException: UNAVAILABLE: io exception
	at org.apache.ratis.thirdparty.io.grpc.stub.ClientCalls.toStatusRuntimeException(ClientCalls.java:233)
	at org.apache.ratis.thirdparty.io.grpc.stub.ClientCalls.getUnchecked(ClientCalls.java:214)
	at org.apache.ratis.thirdparty.io.grpc.stub.ClientCalls.blockingUnaryCall(ClientCalls.java:139)
	at org.apache.ratis.proto.grpc.RaftServerProtocolServiceGrpc$RaftServerProtocolServiceBlockingStub.requestVote(RaftServerProtocolServiceGrpc.java:265)
	at org.apache.ratis.grpc.server.GrpcServerProtocolClient.requestVote(GrpcServerProtocolClient.java:99)
	at org.apache.ratis.grpc.server.GrpcService.requestVote(GrpcService.java:204)
	at org.apache.ratis.server.impl.LeaderElection.lambda$submitRequests$1(LeaderElection.java:234)
	at java.util.concurrent.FutureTask.run(FutureTask.java:266)
	at java.util.concurrent.Executors$RunnableAdapter.call(Executors.java:511)
	at java.util.concurrent.FutureTask.run(FutureTask.java:266)
	at java.util.concurrent.ThreadPoolExecutor.runWorker(ThreadPoolExecutor.java:1149)
	at java.util.concurrent.ThreadPoolExecutor$Worker.run(ThreadPoolExecutor.java:624)
	... 1 more
Caused by: org.apache.ratis.thirdparty.io.netty.channel.AbstractChannel$AnnotatedConnectException: Connection refused: /192.168.69.118:37568
	at sun.nio.ch.SocketChannelImpl.checkConnect(Native Method)
	at sun.nio.ch.SocketChannelImpl.finishConnect(SocketChannelImpl.java:717)
	at org.apache.ratis.thirdparty.io.netty.channel.socket.nio.NioSocketChannel.doFinishConnect(NioSocketChannel.java:327)
	at org.apache.ratis.thirdparty.io.netty.channel.nio.AbstractNioChannel$AbstractNioUnsafe.finishConnect(AbstractNioChannel.java:340)
	at org.apache.ratis.thirdparty.io.netty.channel.nio.NioEventLoop.processSelectedKey(NioEventLoop.java:632)
	at org.apache.ratis.thirdparty.io.netty.channel.nio.NioEventLoop.processSelectedKeysOptimized(NioEventLoop.java:579)
	at org.apache.ratis.thirdparty.io.netty.channel.nio.NioEventLoop.processSelectedKeys(NioEventLoop.java:496)
	at org.apache.ratis.thirdparty.io.netty.channel.nio.NioEventLoop.run(NioEventLoop.java:458)
	at org.apache.ratis.thirdparty.io.netty.util.concurrent.SingleThreadEventExecutor$5.run(SingleThreadEventExecutor.java:897)
	at org.apache.ratis.thirdparty.io.netty.util.concurrent.FastThreadLocalRunnable.run(FastThreadLocalRunnable.java:30)
	... 1 more
Caused by: java.net.ConnectException: Connection refused
	... 11 more
2019-10-21 23:03:33,907 [grpc-default-executor-8] INFO  impl.RaftServerImpl (RaftServerImpl.java:setRole(184)) - 7c107f1d-8592-48e3-af71-5982c0af1f56@group-C1C12825AC52: changes role from  FOLLOWER to FOLLOWER at term 144 for recognizeCandidate:1244ca21-2158-4cc7-9e07-ba347e145504
2019-10-21 23:03:33,907 [grpc-default-executor-8] INFO  impl.RoleInfo (RoleInfo.java:shutdownFollowerState(121)) - 7c107f1d-8592-48e3-af71-5982c0af1f56: shutdown FollowerState
2019-10-21 23:03:33,907 [grpc-default-executor-8] INFO  impl.RoleInfo (RoleInfo.java:updateAndGet(143)) - 7c107f1d-8592-48e3-af71-5982c0af1f56: start FollowerState
2019-10-21 23:03:33,907 [Thread-10468] INFO  impl.FollowerState (FollowerState.java:run(117)) - 7c107f1d-8592-48e3-af71-5982c0af1f56@group-C1C12825AC52-FollowerState was interrupted: java.lang.InterruptedException: sleep interrupted
2019-10-21 23:03:33,922 [1244ca21-2158-4cc7-9e07-ba347e145504@group-C1C12825AC52-LeaderElection1207] INFO  impl.LeaderElection (LeaderElection.java:logAndReturn(56)) - 1244ca21-2158-4cc7-9e07-ba347e145504@group-C1C12825AC52-LeaderElection1207: Election REJECTED; received 1 response(s) [1244ca21-2158-4cc7-9e07-ba347e145504<-7c107f1d-8592-48e3-af71-5982c0af1f56#0:FAIL-t144] and 1 exception(s); 1244ca21-2158-4cc7-9e07-ba347e145504@group-C1C12825AC52:t144, leader=null, voted=1244ca21-2158-4cc7-9e07-ba347e145504, raftlog=1244ca21-2158-4cc7-9e07-ba347e145504@group-C1C12825AC52-SegmentedRaftLog:OPENED:c-1,f-1,i0, conf=-1: [1244ca21-2158-4cc7-9e07-ba347e145504:192.168.69.118:43370, 7c107f1d-8592-48e3-af71-5982c0af1f56:192.168.69.118:36514, d10c8639-03b1-4f19-ac0f-6419d7578d59:192.168.69.118:37568], old=null
2019-10-21 23:03:33,922 [1244ca21-2158-4cc7-9e07-ba347e145504@group-C1C12825AC52-LeaderElection1207] INFO  impl.LeaderElection (LogUtils.java:infoOrTrace(149)) -   Exception 0: {}
java.util.concurrent.ExecutionException: org.apache.ratis.thirdparty.io.grpc.StatusRuntimeException: UNAVAILABLE: io exception
	at java.util.concurrent.FutureTask.report(FutureTask.java:122)
	at java.util.concurrent.FutureTask.get(FutureTask.java:192)
	at org.apache.ratis.server.impl.LeaderElection.waitForResults(LeaderElection.java:259)
	at org.apache.ratis.server.impl.LeaderElection.askForVotes(LeaderElection.java:197)
	at org.apache.ratis.server.impl.LeaderElection.run(LeaderElection.java:133)
	at java.lang.Thread.run(Thread.java:748)
Caused by: org.apache.ratis.thirdparty.io.grpc.StatusRuntimeException: UNAVAILABLE: io exception
	at org.apache.ratis.thirdparty.io.grpc.stub.ClientCalls.toStatusRuntimeException(ClientCalls.java:233)
	at org.apache.ratis.thirdparty.io.grpc.stub.ClientCalls.getUnchecked(ClientCalls.java:214)
	at org.apache.ratis.thirdparty.io.grpc.stub.ClientCalls.blockingUnaryCall(ClientCalls.java:139)
	at org.apache.ratis.proto.grpc.RaftServerProtocolServiceGrpc$RaftServerProtocolServiceBlockingStub.requestVote(RaftServerProtocolServiceGrpc.java:265)
	at org.apache.ratis.grpc.server.GrpcServerProtocolClient.requestVote(GrpcServerProtocolClient.java:99)
	at org.apache.ratis.grpc.server.GrpcService.requestVote(GrpcService.java:204)
	at org.apache.ratis.server.impl.LeaderElection.lambda$submitRequests$1(LeaderElection.java:234)
	at java.util.concurrent.FutureTask.run(FutureTask.java:266)
	at java.util.concurrent.Executors$RunnableAdapter.call(Executors.java:511)
	at java.util.concurrent.FutureTask.run(FutureTask.java:266)
	at java.util.concurrent.ThreadPoolExecutor.runWorker(ThreadPoolExecutor.java:1149)
	at java.util.concurrent.ThreadPoolExecutor$Worker.run(ThreadPoolExecutor.java:624)
	... 1 more
Caused by: org.apache.ratis.thirdparty.io.netty.channel.AbstractChannel$AnnotatedConnectException: Connection refused: /192.168.69.118:37568
	at sun.nio.ch.SocketChannelImpl.checkConnect(Native Method)
	at sun.nio.ch.SocketChannelImpl.finishConnect(SocketChannelImpl.java:717)
	at org.apache.ratis.thirdparty.io.netty.channel.socket.nio.NioSocketChannel.doFinishConnect(NioSocketChannel.java:327)
	at org.apache.ratis.thirdparty.io.netty.channel.nio.AbstractNioChannel$AbstractNioUnsafe.finishConnect(AbstractNioChannel.java:340)
	at org.apache.ratis.thirdparty.io.netty.channel.nio.NioEventLoop.processSelectedKey(NioEventLoop.java:632)
	at org.apache.ratis.thirdparty.io.netty.channel.nio.NioEventLoop.processSelectedKeysOptimized(NioEventLoop.java:579)
	at org.apache.ratis.thirdparty.io.netty.channel.nio.NioEventLoop.processSelectedKeys(NioEventLoop.java:496)
	at org.apache.ratis.thirdparty.io.netty.channel.nio.NioEventLoop.run(NioEventLoop.java:458)
	at org.apache.ratis.thirdparty.io.netty.util.concurrent.SingleThreadEventExecutor$5.run(SingleThreadEventExecutor.java:897)
	at org.apache.ratis.thirdparty.io.netty.util.concurrent.FastThreadLocalRunnable.run(FastThreadLocalRunnable.java:30)
	... 1 more
Caused by: java.net.ConnectException: Connection refused
	... 11 more
2019-10-21 23:03:33,922 [1244ca21-2158-4cc7-9e07-ba347e145504@group-C1C12825AC52-LeaderElection1207] INFO  impl.RaftServerImpl (RaftServerImpl.java:setRole(184)) - 1244ca21-2158-4cc7-9e07-ba347e145504@group-C1C12825AC52: changes role from CANDIDATE to FOLLOWER at term 144 for DISCOVERED_A_NEW_TERM
2019-10-21 23:03:33,922 [1244ca21-2158-4cc7-9e07-ba347e145504@group-C1C12825AC52-LeaderElection1207] INFO  impl.RoleInfo (RoleInfo.java:shutdownLeaderElection(134)) - 1244ca21-2158-4cc7-9e07-ba347e145504: shutdown LeaderElection
2019-10-21 23:03:33,923 [1244ca21-2158-4cc7-9e07-ba347e145504@group-C1C12825AC52-LeaderElection1207] INFO  impl.RoleInfo (RoleInfo.java:updateAndGet(143)) - 1244ca21-2158-4cc7-9e07-ba347e145504: start FollowerState
2019-10-21 23:03:34,003 [Thread-10474] INFO  impl.FollowerState (FollowerState.java:run(108)) - 1244ca21-2158-4cc7-9e07-ba347e145504@group-C1C12825AC52-FollowerState: change to CANDIDATE, lastRpcTime:80ms, electionTimeout:80ms
2019-10-21 23:03:34,003 [Thread-10474] INFO  impl.RoleInfo (RoleInfo.java:shutdownFollowerState(121)) - 1244ca21-2158-4cc7-9e07-ba347e145504: shutdown FollowerState
2019-10-21 23:03:34,003 [Thread-10474] INFO  impl.RaftServerImpl (RaftServerImpl.java:setRole(184)) - 1244ca21-2158-4cc7-9e07-ba347e145504@group-C1C12825AC52: changes role from  FOLLOWER to CANDIDATE at term 144 for changeToCandidate
2019-10-21 23:03:34,003 [Thread-10474] INFO  impl.RoleInfo (RoleInfo.java:updateAndGet(143)) - 1244ca21-2158-4cc7-9e07-ba347e145504: start LeaderElection
2019-10-21 23:03:34,017 [1244ca21-2158-4cc7-9e07-ba347e145504@group-C1C12825AC52-LeaderElection1208] INFO  impl.LeaderElection (LeaderElection.java:askForVotes(178)) - 1244ca21-2158-4cc7-9e07-ba347e145504@group-C1C12825AC52-LeaderElection1208: begin an election at term 145 for -1: [1244ca21-2158-4cc7-9e07-ba347e145504:192.168.69.118:43370, 7c107f1d-8592-48e3-af71-5982c0af1f56:192.168.69.118:36514, d10c8639-03b1-4f19-ac0f-6419d7578d59:192.168.69.118:37568], old=null
2019-10-21 23:03:34,018 [1244ca21-2158-4cc7-9e07-ba347e145504@group-C1C12825AC52-LeaderElection1208] INFO  impl.LeaderElection (LogUtils.java:infoOrTrace(149)) - 1244ca21-2158-4cc7-9e07-ba347e145504@group-C1C12825AC52-LeaderElection1208 got exception when requesting votes: {}
java.util.concurrent.ExecutionException: org.apache.ratis.thirdparty.io.grpc.StatusRuntimeException: UNAVAILABLE: io exception
	at java.util.concurrent.FutureTask.report(FutureTask.java:122)
	at java.util.concurrent.FutureTask.get(FutureTask.java:192)
	at org.apache.ratis.server.impl.LeaderElection.waitForResults(LeaderElection.java:259)
	at org.apache.ratis.server.impl.LeaderElection.askForVotes(LeaderElection.java:197)
	at org.apache.ratis.server.impl.LeaderElection.run(LeaderElection.java:133)
	at java.lang.Thread.run(Thread.java:748)
Caused by: org.apache.ratis.thirdparty.io.grpc.StatusRuntimeException: UNAVAILABLE: io exception
	at org.apache.ratis.thirdparty.io.grpc.stub.ClientCalls.toStatusRuntimeException(ClientCalls.java:233)
	at org.apache.ratis.thirdparty.io.grpc.stub.ClientCalls.getUnchecked(ClientCalls.java:214)
	at org.apache.ratis.thirdparty.io.grpc.stub.ClientCalls.blockingUnaryCall(ClientCalls.java:139)
	at org.apache.ratis.proto.grpc.RaftServerProtocolServiceGrpc$RaftServerProtocolServiceBlockingStub.requestVote(RaftServerProtocolServiceGrpc.java:265)
	at org.apache.ratis.grpc.server.GrpcServerProtocolClient.requestVote(GrpcServerProtocolClient.java:99)
	at org.apache.ratis.grpc.server.GrpcService.requestVote(GrpcService.java:204)
	at org.apache.ratis.server.impl.LeaderElection.lambda$submitRequests$1(LeaderElection.java:234)
	at java.util.concurrent.FutureTask.run(FutureTask.java:266)
	at java.util.concurrent.Executors$RunnableAdapter.call(Executors.java:511)
	at java.util.concurrent.FutureTask.run(FutureTask.java:266)
	at java.util.concurrent.ThreadPoolExecutor.runWorker(ThreadPoolExecutor.java:1149)
	at java.util.concurrent.ThreadPoolExecutor$Worker.run(ThreadPoolExecutor.java:624)
	... 1 more
Caused by: org.apache.ratis.thirdparty.io.netty.channel.AbstractChannel$AnnotatedConnectException: Connection refused: /192.168.69.118:37568
	at sun.nio.ch.SocketChannelImpl.checkConnect(Native Method)
	at sun.nio.ch.SocketChannelImpl.finishConnect(SocketChannelImpl.java:717)
	at org.apache.ratis.thirdparty.io.netty.channel.socket.nio.NioSocketChannel.doFinishConnect(NioSocketChannel.java:327)
	at org.apache.ratis.thirdparty.io.netty.channel.nio.AbstractNioChannel$AbstractNioUnsafe.finishConnect(AbstractNioChannel.java:340)
	at org.apache.ratis.thirdparty.io.netty.channel.nio.NioEventLoop.processSelectedKey(NioEventLoop.java:632)
	at org.apache.ratis.thirdparty.io.netty.channel.nio.NioEventLoop.processSelectedKeysOptimized(NioEventLoop.java:579)
	at org.apache.ratis.thirdparty.io.netty.channel.nio.NioEventLoop.processSelectedKeys(NioEventLoop.java:496)
	at org.apache.ratis.thirdparty.io.netty.channel.nio.NioEventLoop.run(NioEventLoop.java:458)
	at org.apache.ratis.thirdparty.io.netty.util.concurrent.SingleThreadEventExecutor$5.run(SingleThreadEventExecutor.java:897)
	at org.apache.ratis.thirdparty.io.netty.util.concurrent.FastThreadLocalRunnable.run(FastThreadLocalRunnable.java:30)
	... 1 more
Caused by: java.net.ConnectException: Connection refused
	... 11 more
2019-10-21 23:03:34,018 [grpc-default-executor-8] INFO  impl.RaftServerImpl (RaftServerImpl.java:setRole(184)) - 7c107f1d-8592-48e3-af71-5982c0af1f56@group-C1C12825AC52: changes role from  FOLLOWER to FOLLOWER at term 145 for recognizeCandidate:1244ca21-2158-4cc7-9e07-ba347e145504
2019-10-21 23:03:34,018 [grpc-default-executor-8] INFO  impl.RoleInfo (RoleInfo.java:shutdownFollowerState(121)) - 7c107f1d-8592-48e3-af71-5982c0af1f56: shutdown FollowerState
2019-10-21 23:03:34,018 [grpc-default-executor-8] INFO  impl.RoleInfo (RoleInfo.java:updateAndGet(143)) - 7c107f1d-8592-48e3-af71-5982c0af1f56: start FollowerState
2019-10-21 23:03:34,018 [Thread-10473] INFO  impl.FollowerState (FollowerState.java:run(117)) - 7c107f1d-8592-48e3-af71-5982c0af1f56@group-C1C12825AC52-FollowerState was interrupted: java.lang.InterruptedException: sleep interrupted
2019-10-21 23:03:34,035 [1244ca21-2158-4cc7-9e07-ba347e145504@group-C1C12825AC52-LeaderElection1208] INFO  impl.LeaderElection (LeaderElection.java:logAndReturn(56)) - 1244ca21-2158-4cc7-9e07-ba347e145504@group-C1C12825AC52-LeaderElection1208: Election REJECTED; received 1 response(s) [1244ca21-2158-4cc7-9e07-ba347e145504<-7c107f1d-8592-48e3-af71-5982c0af1f56#0:FAIL-t145] and 1 exception(s); 1244ca21-2158-4cc7-9e07-ba347e145504@group-C1C12825AC52:t145, leader=null, voted=1244ca21-2158-4cc7-9e07-ba347e145504, raftlog=1244ca21-2158-4cc7-9e07-ba347e145504@group-C1C12825AC52-SegmentedRaftLog:OPENED:c-1,f-1,i0, conf=-1: [1244ca21-2158-4cc7-9e07-ba347e145504:192.168.69.118:43370, 7c107f1d-8592-48e3-af71-5982c0af1f56:192.168.69.118:36514, d10c8639-03b1-4f19-ac0f-6419d7578d59:192.168.69.118:37568], old=null
2019-10-21 23:03:34,035 [1244ca21-2158-4cc7-9e07-ba347e145504@group-C1C12825AC52-LeaderElection1208] INFO  impl.LeaderElection (LogUtils.java:infoOrTrace(149)) -   Exception 0: {}
java.util.concurrent.ExecutionException: org.apache.ratis.thirdparty.io.grpc.StatusRuntimeException: UNAVAILABLE: io exception
	at java.util.concurrent.FutureTask.report(FutureTask.java:122)
	at java.util.concurrent.FutureTask.get(FutureTask.java:192)
	at org.apache.ratis.server.impl.LeaderElection.waitForResults(LeaderElection.java:259)
	at org.apache.ratis.server.impl.LeaderElection.askForVotes(LeaderElection.java:197)
	at org.apache.ratis.server.impl.LeaderElection.run(LeaderElection.java:133)
	at java.lang.Thread.run(Thread.java:748)
Caused by: org.apache.ratis.thirdparty.io.grpc.StatusRuntimeException: UNAVAILABLE: io exception
	at org.apache.ratis.thirdparty.io.grpc.stub.ClientCalls.toStatusRuntimeException(ClientCalls.java:233)
	at org.apache.ratis.thirdparty.io.grpc.stub.ClientCalls.getUnchecked(ClientCalls.java:214)
	at org.apache.ratis.thirdparty.io.grpc.stub.ClientCalls.blockingUnaryCall(ClientCalls.java:139)
	at org.apache.ratis.proto.grpc.RaftServerProtocolServiceGrpc$RaftServerProtocolServiceBlockingStub.requestVote(RaftServerProtocolServiceGrpc.java:265)
	at org.apache.ratis.grpc.server.GrpcServerProtocolClient.requestVote(GrpcServerProtocolClient.java:99)
	at org.apache.ratis.grpc.server.GrpcService.requestVote(GrpcService.java:204)
	at org.apache.ratis.server.impl.LeaderElection.lambda$submitRequests$1(LeaderElection.java:234)
	at java.util.concurrent.FutureTask.run(FutureTask.java:266)
	at java.util.concurrent.Executors$RunnableAdapter.call(Executors.java:511)
	at java.util.concurrent.FutureTask.run(FutureTask.java:266)
	at java.util.concurrent.ThreadPoolExecutor.runWorker(ThreadPoolExecutor.java:1149)
	at java.util.concurrent.ThreadPoolExecutor$Worker.run(ThreadPoolExecutor.java:624)
	... 1 more
Caused by: org.apache.ratis.thirdparty.io.netty.channel.AbstractChannel$AnnotatedConnectException: Connection refused: /192.168.69.118:37568
	at sun.nio.ch.SocketChannelImpl.checkConnect(Native Method)
	at sun.nio.ch.SocketChannelImpl.finishConnect(SocketChannelImpl.java:717)
	at org.apache.ratis.thirdparty.io.netty.channel.socket.nio.NioSocketChannel.doFinishConnect(NioSocketChannel.java:327)
	at org.apache.ratis.thirdparty.io.netty.channel.nio.AbstractNioChannel$AbstractNioUnsafe.finishConnect(AbstractNioChannel.java:340)
	at org.apache.ratis.thirdparty.io.netty.channel.nio.NioEventLoop.processSelectedKey(NioEventLoop.java:632)
	at org.apache.ratis.thirdparty.io.netty.channel.nio.NioEventLoop.processSelectedKeysOptimized(NioEventLoop.java:579)
	at org.apache.ratis.thirdparty.io.netty.channel.nio.NioEventLoop.processSelectedKeys(NioEventLoop.java:496)
	at org.apache.ratis.thirdparty.io.netty.channel.nio.NioEventLoop.run(NioEventLoop.java:458)
	at org.apache.ratis.thirdparty.io.netty.util.concurrent.SingleThreadEventExecutor$5.run(SingleThreadEventExecutor.java:897)
	at org.apache.ratis.thirdparty.io.netty.util.concurrent.FastThreadLocalRunnable.run(FastThreadLocalRunnable.java:30)
	... 1 more
Caused by: java.net.ConnectException: Connection refused
	... 11 more
2019-10-21 23:03:34,036 [1244ca21-2158-4cc7-9e07-ba347e145504@group-C1C12825AC52-LeaderElection1208] INFO  impl.RaftServerImpl (RaftServerImpl.java:setRole(184)) - 1244ca21-2158-4cc7-9e07-ba347e145504@group-C1C12825AC52: changes role from CANDIDATE to FOLLOWER at term 145 for DISCOVERED_A_NEW_TERM
2019-10-21 23:03:34,036 [1244ca21-2158-4cc7-9e07-ba347e145504@group-C1C12825AC52-LeaderElection1208] INFO  impl.RoleInfo (RoleInfo.java:shutdownLeaderElection(134)) - 1244ca21-2158-4cc7-9e07-ba347e145504: shutdown LeaderElection
2019-10-21 23:03:34,036 [1244ca21-2158-4cc7-9e07-ba347e145504@group-C1C12825AC52-LeaderElection1208] INFO  impl.RoleInfo (RoleInfo.java:updateAndGet(143)) - 1244ca21-2158-4cc7-9e07-ba347e145504: start FollowerState
2019-10-21 23:03:34,116 [Thread-10479] INFO  impl.FollowerState (FollowerState.java:run(108)) - 1244ca21-2158-4cc7-9e07-ba347e145504@group-C1C12825AC52-FollowerState: change to CANDIDATE, lastRpcTime:80ms, electionTimeout:80ms
2019-10-21 23:03:34,116 [Thread-10479] INFO  impl.RoleInfo (RoleInfo.java:shutdownFollowerState(121)) - 1244ca21-2158-4cc7-9e07-ba347e145504: shutdown FollowerState
2019-10-21 23:03:34,116 [Thread-10479] INFO  impl.RaftServerImpl (RaftServerImpl.java:setRole(184)) - 1244ca21-2158-4cc7-9e07-ba347e145504@group-C1C12825AC52: changes role from  FOLLOWER to CANDIDATE at term 145 for changeToCandidate
2019-10-21 23:03:34,117 [Thread-10479] INFO  impl.RoleInfo (RoleInfo.java:updateAndGet(143)) - 1244ca21-2158-4cc7-9e07-ba347e145504: start LeaderElection
2019-10-21 23:03:34,126 [1244ca21-2158-4cc7-9e07-ba347e145504@group-C1C12825AC52-LeaderElection1209] INFO  impl.LeaderElection (LeaderElection.java:askForVotes(178)) - 1244ca21-2158-4cc7-9e07-ba347e145504@group-C1C12825AC52-LeaderElection1209: begin an election at term 146 for -1: [1244ca21-2158-4cc7-9e07-ba347e145504:192.168.69.118:43370, 7c107f1d-8592-48e3-af71-5982c0af1f56:192.168.69.118:36514, d10c8639-03b1-4f19-ac0f-6419d7578d59:192.168.69.118:37568], old=null
2019-10-21 23:03:34,127 [1244ca21-2158-4cc7-9e07-ba347e145504@group-C1C12825AC52-LeaderElection1209] INFO  impl.LeaderElection (LogUtils.java:infoOrTrace(149)) - 1244ca21-2158-4cc7-9e07-ba347e145504@group-C1C12825AC52-LeaderElection1209 got exception when requesting votes: {}
java.util.concurrent.ExecutionException: org.apache.ratis.thirdparty.io.grpc.StatusRuntimeException: UNAVAILABLE: io exception
	at java.util.concurrent.FutureTask.report(FutureTask.java:122)
	at java.util.concurrent.FutureTask.get(FutureTask.java:192)
	at org.apache.ratis.server.impl.LeaderElection.waitForResults(LeaderElection.java:259)
	at org.apache.ratis.server.impl.LeaderElection.askForVotes(LeaderElection.java:197)
	at org.apache.ratis.server.impl.LeaderElection.run(LeaderElection.java:133)
	at java.lang.Thread.run(Thread.java:748)
Caused by: org.apache.ratis.thirdparty.io.grpc.StatusRuntimeException: UNAVAILABLE: io exception
	at org.apache.ratis.thirdparty.io.grpc.stub.ClientCalls.toStatusRuntimeException(ClientCalls.java:233)
	at org.apache.ratis.thirdparty.io.grpc.stub.ClientCalls.getUnchecked(ClientCalls.java:214)
	at org.apache.ratis.thirdparty.io.grpc.stub.ClientCalls.blockingUnaryCall(ClientCalls.java:139)
	at org.apache.ratis.proto.grpc.RaftServerProtocolServiceGrpc$RaftServerProtocolServiceBlockingStub.requestVote(RaftServerProtocolServiceGrpc.java:265)
	at org.apache.ratis.grpc.server.GrpcServerProtocolClient.requestVote(GrpcServerProtocolClient.java:99)
	at org.apache.ratis.grpc.server.GrpcService.requestVote(GrpcService.java:204)
	at org.apache.ratis.server.impl.LeaderElection.lambda$submitRequests$1(LeaderElection.java:234)
	at java.util.concurrent.FutureTask.run(FutureTask.java:266)
	at java.util.concurrent.Executors$RunnableAdapter.call(Executors.java:511)
	at java.util.concurrent.FutureTask.run(FutureTask.java:266)
	at java.util.concurrent.ThreadPoolExecutor.runWorker(ThreadPoolExecutor.java:1149)
	at java.util.concurrent.ThreadPoolExecutor$Worker.run(ThreadPoolExecutor.java:624)
	... 1 more
Caused by: org.apache.ratis.thirdparty.io.netty.channel.AbstractChannel$AnnotatedConnectException: Connection refused: /192.168.69.118:37568
	at sun.nio.ch.SocketChannelImpl.checkConnect(Native Method)
	at sun.nio.ch.SocketChannelImpl.finishConnect(SocketChannelImpl.java:717)
	at org.apache.ratis.thirdparty.io.netty.channel.socket.nio.NioSocketChannel.doFinishConnect(NioSocketChannel.java:327)
	at org.apache.ratis.thirdparty.io.netty.channel.nio.AbstractNioChannel$AbstractNioUnsafe.finishConnect(AbstractNioChannel.java:340)
	at org.apache.ratis.thirdparty.io.netty.channel.nio.NioEventLoop.processSelectedKey(NioEventLoop.java:632)
	at org.apache.ratis.thirdparty.io.netty.channel.nio.NioEventLoop.processSelectedKeysOptimized(NioEventLoop.java:579)
	at org.apache.ratis.thirdparty.io.netty.channel.nio.NioEventLoop.processSelectedKeys(NioEventLoop.java:496)
	at org.apache.ratis.thirdparty.io.netty.channel.nio.NioEventLoop.run(NioEventLoop.java:458)
	at org.apache.ratis.thirdparty.io.netty.util.concurrent.SingleThreadEventExecutor$5.run(SingleThreadEventExecutor.java:897)
	at org.apache.ratis.thirdparty.io.netty.util.concurrent.FastThreadLocalRunnable.run(FastThreadLocalRunnable.java:30)
	... 1 more
Caused by: java.net.ConnectException: Connection refused
	... 11 more
2019-10-21 23:03:34,127 [grpc-default-executor-8] INFO  impl.RaftServerImpl (RaftServerImpl.java:setRole(184)) - 7c107f1d-8592-48e3-af71-5982c0af1f56@group-C1C12825AC52: changes role from  FOLLOWER to FOLLOWER at term 146 for recognizeCandidate:1244ca21-2158-4cc7-9e07-ba347e145504
2019-10-21 23:03:34,128 [grpc-default-executor-8] INFO  impl.RoleInfo (RoleInfo.java:shutdownFollowerState(121)) - 7c107f1d-8592-48e3-af71-5982c0af1f56: shutdown FollowerState
2019-10-21 23:03:34,128 [grpc-default-executor-8] INFO  impl.RoleInfo (RoleInfo.java:updateAndGet(143)) - 7c107f1d-8592-48e3-af71-5982c0af1f56: start FollowerState
2019-10-21 23:03:34,128 [Thread-10478] INFO  impl.FollowerState (FollowerState.java:run(117)) - 7c107f1d-8592-48e3-af71-5982c0af1f56@group-C1C12825AC52-FollowerState was interrupted: java.lang.InterruptedException: sleep interrupted
2019-10-21 23:03:34,143 [1244ca21-2158-4cc7-9e07-ba347e145504@group-C1C12825AC52-LeaderElection1209] INFO  impl.LeaderElection (LeaderElection.java:logAndReturn(56)) - 1244ca21-2158-4cc7-9e07-ba347e145504@group-C1C12825AC52-LeaderElection1209: Election REJECTED; received 1 response(s) [1244ca21-2158-4cc7-9e07-ba347e145504<-7c107f1d-8592-48e3-af71-5982c0af1f56#0:FAIL-t146] and 1 exception(s); 1244ca21-2158-4cc7-9e07-ba347e145504@group-C1C12825AC52:t146, leader=null, voted=1244ca21-2158-4cc7-9e07-ba347e145504, raftlog=1244ca21-2158-4cc7-9e07-ba347e145504@group-C1C12825AC52-SegmentedRaftLog:OPENED:c-1,f-1,i0, conf=-1: [1244ca21-2158-4cc7-9e07-ba347e145504:192.168.69.118:43370, 7c107f1d-8592-48e3-af71-5982c0af1f56:192.168.69.118:36514, d10c8639-03b1-4f19-ac0f-6419d7578d59:192.168.69.118:37568], old=null
2019-10-21 23:03:34,143 [1244ca21-2158-4cc7-9e07-ba347e145504@group-C1C12825AC52-LeaderElection1209] INFO  impl.LeaderElection (LogUtils.java:infoOrTrace(149)) -   Exception 0: {}
java.util.concurrent.ExecutionException: org.apache.ratis.thirdparty.io.grpc.StatusRuntimeException: UNAVAILABLE: io exception
	at java.util.concurrent.FutureTask.report(FutureTask.java:122)
	at java.util.concurrent.FutureTask.get(FutureTask.java:192)
	at org.apache.ratis.server.impl.LeaderElection.waitForResults(LeaderElection.java:259)
	at org.apache.ratis.server.impl.LeaderElection.askForVotes(LeaderElection.java:197)
	at org.apache.ratis.server.impl.LeaderElection.run(LeaderElection.java:133)
	at java.lang.Thread.run(Thread.java:748)
Caused by: org.apache.ratis.thirdparty.io.grpc.StatusRuntimeException: UNAVAILABLE: io exception
	at org.apache.ratis.thirdparty.io.grpc.stub.ClientCalls.toStatusRuntimeException(ClientCalls.java:233)
	at org.apache.ratis.thirdparty.io.grpc.stub.ClientCalls.getUnchecked(ClientCalls.java:214)
	at org.apache.ratis.thirdparty.io.grpc.stub.ClientCalls.blockingUnaryCall(ClientCalls.java:139)
	at org.apache.ratis.proto.grpc.RaftServerProtocolServiceGrpc$RaftServerProtocolServiceBlockingStub.requestVote(RaftServerProtocolServiceGrpc.java:265)
	at org.apache.ratis.grpc.server.GrpcServerProtocolClient.requestVote(GrpcServerProtocolClient.java:99)
	at org.apache.ratis.grpc.server.GrpcService.requestVote(GrpcService.java:204)
	at org.apache.ratis.server.impl.LeaderElection.lambda$submitRequests$1(LeaderElection.java:234)
	at java.util.concurrent.FutureTask.run(FutureTask.java:266)
	at java.util.concurrent.Executors$RunnableAdapter.call(Executors.java:511)
	at java.util.concurrent.FutureTask.run(FutureTask.java:266)
	at java.util.concurrent.ThreadPoolExecutor.runWorker(ThreadPoolExecutor.java:1149)
	at java.util.concurrent.ThreadPoolExecutor$Worker.run(ThreadPoolExecutor.java:624)
	... 1 more
Caused by: org.apache.ratis.thirdparty.io.netty.channel.AbstractChannel$AnnotatedConnectException: Connection refused: /192.168.69.118:37568
	at sun.nio.ch.SocketChannelImpl.checkConnect(Native Method)
	at sun.nio.ch.SocketChannelImpl.finishConnect(SocketChannelImpl.java:717)
	at org.apache.ratis.thirdparty.io.netty.channel.socket.nio.NioSocketChannel.doFinishConnect(NioSocketChannel.java:327)
	at org.apache.ratis.thirdparty.io.netty.channel.nio.AbstractNioChannel$AbstractNioUnsafe.finishConnect(AbstractNioChannel.java:340)
	at org.apache.ratis.thirdparty.io.netty.channel.nio.NioEventLoop.processSelectedKey(NioEventLoop.java:632)
	at org.apache.ratis.thirdparty.io.netty.channel.nio.NioEventLoop.processSelectedKeysOptimized(NioEventLoop.java:579)
	at org.apache.ratis.thirdparty.io.netty.channel.nio.NioEventLoop.processSelectedKeys(NioEventLoop.java:496)
	at org.apache.ratis.thirdparty.io.netty.channel.nio.NioEventLoop.run(NioEventLoop.java:458)
	at org.apache.ratis.thirdparty.io.netty.util.concurrent.SingleThreadEventExecutor$5.run(SingleThreadEventExecutor.java:897)
	at org.apache.ratis.thirdparty.io.netty.util.concurrent.FastThreadLocalRunnable.run(FastThreadLocalRunnable.java:30)
	... 1 more
Caused by: java.net.ConnectException: Connection refused
	... 11 more
2019-10-21 23:03:34,143 [1244ca21-2158-4cc7-9e07-ba347e145504@group-C1C12825AC52-LeaderElection1209] INFO  impl.RaftServerImpl (RaftServerImpl.java:setRole(184)) - 1244ca21-2158-4cc7-9e07-ba347e145504@group-C1C12825AC52: changes role from CANDIDATE to FOLLOWER at term 146 for DISCOVERED_A_NEW_TERM
2019-10-21 23:03:34,143 [1244ca21-2158-4cc7-9e07-ba347e145504@group-C1C12825AC52-LeaderElection1209] INFO  impl.RoleInfo (RoleInfo.java:shutdownLeaderElection(134)) - 1244ca21-2158-4cc7-9e07-ba347e145504: shutdown LeaderElection
2019-10-21 23:03:34,143 [1244ca21-2158-4cc7-9e07-ba347e145504@group-C1C12825AC52-LeaderElection1209] INFO  impl.RoleInfo (RoleInfo.java:updateAndGet(143)) - 1244ca21-2158-4cc7-9e07-ba347e145504: start FollowerState
2019-10-21 23:03:34,295 [Thread-10488] INFO  impl.FollowerState (FollowerState.java:run(108)) - 1244ca21-2158-4cc7-9e07-ba347e145504@group-C1C12825AC52-FollowerState: change to CANDIDATE, lastRpcTime:151ms, electionTimeout:151ms
2019-10-21 23:03:34,295 [Thread-10488] INFO  impl.RoleInfo (RoleInfo.java:shutdownFollowerState(121)) - 1244ca21-2158-4cc7-9e07-ba347e145504: shutdown FollowerState
2019-10-21 23:03:34,295 [Thread-10488] INFO  impl.RaftServerImpl (RaftServerImpl.java:setRole(184)) - 1244ca21-2158-4cc7-9e07-ba347e145504@group-C1C12825AC52: changes role from  FOLLOWER to CANDIDATE at term 146 for changeToCandidate
2019-10-21 23:03:34,295 [Thread-10488] INFO  impl.RoleInfo (RoleInfo.java:updateAndGet(143)) - 1244ca21-2158-4cc7-9e07-ba347e145504: start LeaderElection
2019-10-21 23:03:34,309 [1244ca21-2158-4cc7-9e07-ba347e145504@group-C1C12825AC52-LeaderElection1210] INFO  impl.LeaderElection (LeaderElection.java:askForVotes(178)) - 1244ca21-2158-4cc7-9e07-ba347e145504@group-C1C12825AC52-LeaderElection1210: begin an election at term 147 for -1: [1244ca21-2158-4cc7-9e07-ba347e145504:192.168.69.118:43370, 7c107f1d-8592-48e3-af71-5982c0af1f56:192.168.69.118:36514, d10c8639-03b1-4f19-ac0f-6419d7578d59:192.168.69.118:37568], old=null
2019-10-21 23:03:34,310 [1244ca21-2158-4cc7-9e07-ba347e145504@group-C1C12825AC52-LeaderElection1210] INFO  impl.LeaderElection (LogUtils.java:infoOrTrace(149)) - 1244ca21-2158-4cc7-9e07-ba347e145504@group-C1C12825AC52-LeaderElection1210 got exception when requesting votes: {}
java.util.concurrent.ExecutionException: org.apache.ratis.thirdparty.io.grpc.StatusRuntimeException: UNAVAILABLE: io exception
	at java.util.concurrent.FutureTask.report(FutureTask.java:122)
	at java.util.concurrent.FutureTask.get(FutureTask.java:192)
	at org.apache.ratis.server.impl.LeaderElection.waitForResults(LeaderElection.java:259)
	at org.apache.ratis.server.impl.LeaderElection.askForVotes(LeaderElection.java:197)
	at org.apache.ratis.server.impl.LeaderElection.run(LeaderElection.java:133)
	at java.lang.Thread.run(Thread.java:748)
Caused by: org.apache.ratis.thirdparty.io.grpc.StatusRuntimeException: UNAVAILABLE: io exception
	at org.apache.ratis.thirdparty.io.grpc.stub.ClientCalls.toStatusRuntimeException(ClientCalls.java:233)
	at org.apache.ratis.thirdparty.io.grpc.stub.ClientCalls.getUnchecked(ClientCalls.java:214)
	at org.apache.ratis.thirdparty.io.grpc.stub.ClientCalls.blockingUnaryCall(ClientCalls.java:139)
	at org.apache.ratis.proto.grpc.RaftServerProtocolServiceGrpc$RaftServerProtocolServiceBlockingStub.requestVote(RaftServerProtocolServiceGrpc.java:265)
	at org.apache.ratis.grpc.server.GrpcServerProtocolClient.requestVote(GrpcServerProtocolClient.java:99)
	at org.apache.ratis.grpc.server.GrpcService.requestVote(GrpcService.java:204)
	at org.apache.ratis.server.impl.LeaderElection.lambda$submitRequests$1(LeaderElection.java:234)
	at java.util.concurrent.FutureTask.run(FutureTask.java:266)
	at java.util.concurrent.Executors$RunnableAdapter.call(Executors.java:511)
	at java.util.concurrent.FutureTask.run(FutureTask.java:266)
	at java.util.concurrent.ThreadPoolExecutor.runWorker(ThreadPoolExecutor.java:1149)
	at java.util.concurrent.ThreadPoolExecutor$Worker.run(ThreadPoolExecutor.java:624)
	... 1 more
Caused by: org.apache.ratis.thirdparty.io.netty.channel.AbstractChannel$AnnotatedConnectException: Connection refused: /192.168.69.118:37568
	at sun.nio.ch.SocketChannelImpl.checkConnect(Native Method)
	at sun.nio.ch.SocketChannelImpl.finishConnect(SocketChannelImpl.java:717)
	at org.apache.ratis.thirdparty.io.netty.channel.socket.nio.NioSocketChannel.doFinishConnect(NioSocketChannel.java:327)
	at org.apache.ratis.thirdparty.io.netty.channel.nio.AbstractNioChannel$AbstractNioUnsafe.finishConnect(AbstractNioChannel.java:340)
	at org.apache.ratis.thirdparty.io.netty.channel.nio.NioEventLoop.processSelectedKey(NioEventLoop.java:632)
	at org.apache.ratis.thirdparty.io.netty.channel.nio.NioEventLoop.processSelectedKeysOptimized(NioEventLoop.java:579)
	at org.apache.ratis.thirdparty.io.netty.channel.nio.NioEventLoop.processSelectedKeys(NioEventLoop.java:496)
	at org.apache.ratis.thirdparty.io.netty.channel.nio.NioEventLoop.run(NioEventLoop.java:458)
	at org.apache.ratis.thirdparty.io.netty.util.concurrent.SingleThreadEventExecutor$5.run(SingleThreadEventExecutor.java:897)
	at org.apache.ratis.thirdparty.io.netty.util.concurrent.FastThreadLocalRunnable.run(FastThreadLocalRunnable.java:30)
	... 1 more
Caused by: java.net.ConnectException: Connection refused
	... 11 more
2019-10-21 23:03:34,310 [grpc-default-executor-8] INFO  impl.RaftServerImpl (RaftServerImpl.java:setRole(184)) - 7c107f1d-8592-48e3-af71-5982c0af1f56@group-C1C12825AC52: changes role from  FOLLOWER to FOLLOWER at term 147 for recognizeCandidate:1244ca21-2158-4cc7-9e07-ba347e145504
2019-10-21 23:03:34,310 [grpc-default-executor-8] INFO  impl.RoleInfo (RoleInfo.java:shutdownFollowerState(121)) - 7c107f1d-8592-48e3-af71-5982c0af1f56: shutdown FollowerState
2019-10-21 23:03:34,310 [grpc-default-executor-8] INFO  impl.RoleInfo (RoleInfo.java:updateAndGet(143)) - 7c107f1d-8592-48e3-af71-5982c0af1f56: start FollowerState
2019-10-21 23:03:34,310 [Thread-10485] INFO  impl.FollowerState (FollowerState.java:run(117)) - 7c107f1d-8592-48e3-af71-5982c0af1f56@group-C1C12825AC52-FollowerState was interrupted: java.lang.InterruptedException: sleep interrupted
2019-10-21 23:03:34,314 [1244ca21-2158-4cc7-9e07-ba347e145504@group-C1C12825AC52-LeaderElection1210] INFO  impl.LeaderElection (LeaderElection.java:logAndReturn(56)) - 1244ca21-2158-4cc7-9e07-ba347e145504@group-C1C12825AC52-LeaderElection1210: Election REJECTED; received 1 response(s) [1244ca21-2158-4cc7-9e07-ba347e145504<-7c107f1d-8592-48e3-af71-5982c0af1f56#0:FAIL-t147] and 1 exception(s); 1244ca21-2158-4cc7-9e07-ba347e145504@group-C1C12825AC52:t147, leader=null, voted=1244ca21-2158-4cc7-9e07-ba347e145504, raftlog=1244ca21-2158-4cc7-9e07-ba347e145504@group-C1C12825AC52-SegmentedRaftLog:OPENED:c-1,f-1,i0, conf=-1: [1244ca21-2158-4cc7-9e07-ba347e145504:192.168.69.118:43370, 7c107f1d-8592-48e3-af71-5982c0af1f56:192.168.69.118:36514, d10c8639-03b1-4f19-ac0f-6419d7578d59:192.168.69.118:37568], old=null
2019-10-21 23:03:34,314 [1244ca21-2158-4cc7-9e07-ba347e145504@group-C1C12825AC52-LeaderElection1210] INFO  impl.LeaderElection (LogUtils.java:infoOrTrace(149)) -   Exception 0: {}
java.util.concurrent.ExecutionException: org.apache.ratis.thirdparty.io.grpc.StatusRuntimeException: UNAVAILABLE: io exception
	at java.util.concurrent.FutureTask.report(FutureTask.java:122)
	at java.util.concurrent.FutureTask.get(FutureTask.java:192)
	at org.apache.ratis.server.impl.LeaderElection.waitForResults(LeaderElection.java:259)
	at org.apache.ratis.server.impl.LeaderElection.askForVotes(LeaderElection.java:197)
	at org.apache.ratis.server.impl.LeaderElection.run(LeaderElection.java:133)
	at java.lang.Thread.run(Thread.java:748)
Caused by: org.apache.ratis.thirdparty.io.grpc.StatusRuntimeException: UNAVAILABLE: io exception
	at org.apache.ratis.thirdparty.io.grpc.stub.ClientCalls.toStatusRuntimeException(ClientCalls.java:233)
	at org.apache.ratis.thirdparty.io.grpc.stub.ClientCalls.getUnchecked(ClientCalls.java:214)
	at org.apache.ratis.thirdparty.io.grpc.stub.ClientCalls.blockingUnaryCall(ClientCalls.java:139)
	at org.apache.ratis.proto.grpc.RaftServerProtocolServiceGrpc$RaftServerProtocolServiceBlockingStub.requestVote(RaftServerProtocolServiceGrpc.java:265)
	at org.apache.ratis.grpc.server.GrpcServerProtocolClient.requestVote(GrpcServerProtocolClient.java:99)
	at org.apache.ratis.grpc.server.GrpcService.requestVote(GrpcService.java:204)
	at org.apache.ratis.server.impl.LeaderElection.lambda$submitRequests$1(LeaderElection.java:234)
	at java.util.concurrent.FutureTask.run(FutureTask.java:266)
	at java.util.concurrent.Executors$RunnableAdapter.call(Executors.java:511)
	at java.util.concurrent.FutureTask.run(FutureTask.java:266)
	at java.util.concurrent.ThreadPoolExecutor.runWorker(ThreadPoolExecutor.java:1149)
	at java.util.concurrent.ThreadPoolExecutor$Worker.run(ThreadPoolExecutor.java:624)
	... 1 more
Caused by: org.apache.ratis.thirdparty.io.netty.channel.AbstractChannel$AnnotatedConnectException: Connection refused: /192.168.69.118:37568
	at sun.nio.ch.SocketChannelImpl.checkConnect(Native Method)
	at sun.nio.ch.SocketChannelImpl.finishConnect(SocketChannelImpl.java:717)
	at org.apache.ratis.thirdparty.io.netty.channel.socket.nio.NioSocketChannel.doFinishConnect(NioSocketChannel.java:327)
	at org.apache.ratis.thirdparty.io.netty.channel.nio.AbstractNioChannel$AbstractNioUnsafe.finishConnect(AbstractNioChannel.java:340)
	at org.apache.ratis.thirdparty.io.netty.channel.nio.NioEventLoop.processSelectedKey(NioEventLoop.java:632)
	at org.apache.ratis.thirdparty.io.netty.channel.nio.NioEventLoop.processSelectedKeysOptimized(NioEventLoop.java:579)
	at org.apache.ratis.thirdparty.io.netty.channel.nio.NioEventLoop.processSelectedKeys(NioEventLoop.java:496)
	at org.apache.ratis.thirdparty.io.netty.channel.nio.NioEventLoop.run(NioEventLoop.java:458)
	at org.apache.ratis.thirdparty.io.netty.util.concurrent.SingleThreadEventExecutor$5.run(SingleThreadEventExecutor.java:897)
	at org.apache.ratis.thirdparty.io.netty.util.concurrent.FastThreadLocalRunnable.run(FastThreadLocalRunnable.java:30)
	... 1 more
Caused by: java.net.ConnectException: Connection refused
	... 11 more
2019-10-21 23:03:34,314 [1244ca21-2158-4cc7-9e07-ba347e145504@group-C1C12825AC52-LeaderElection1210] INFO  impl.RaftServerImpl (RaftServerImpl.java:setRole(184)) - 1244ca21-2158-4cc7-9e07-ba347e145504@group-C1C12825AC52: changes role from CANDIDATE to FOLLOWER at term 147 for DISCOVERED_A_NEW_TERM
2019-10-21 23:03:34,315 [1244ca21-2158-4cc7-9e07-ba347e145504@group-C1C12825AC52-LeaderElection1210] INFO  impl.RoleInfo (RoleInfo.java:shutdownLeaderElection(134)) - 1244ca21-2158-4cc7-9e07-ba347e145504: shutdown LeaderElection
2019-10-21 23:03:34,315 [1244ca21-2158-4cc7-9e07-ba347e145504@group-C1C12825AC52-LeaderElection1210] INFO  impl.RoleInfo (RoleInfo.java:updateAndGet(143)) - 1244ca21-2158-4cc7-9e07-ba347e145504: start FollowerState
2019-10-21 23:03:34,374 [Thread-10493] INFO  impl.FollowerState (FollowerState.java:run(108)) - 1244ca21-2158-4cc7-9e07-ba347e145504@group-C1C12825AC52-FollowerState: change to CANDIDATE, lastRpcTime:59ms, electionTimeout:59ms
2019-10-21 23:03:34,374 [Thread-10493] INFO  impl.RoleInfo (RoleInfo.java:shutdownFollowerState(121)) - 1244ca21-2158-4cc7-9e07-ba347e145504: shutdown FollowerState
2019-10-21 23:03:34,374 [Thread-10493] INFO  impl.RaftServerImpl (RaftServerImpl.java:setRole(184)) - 1244ca21-2158-4cc7-9e07-ba347e145504@group-C1C12825AC52: changes role from  FOLLOWER to CANDIDATE at term 147 for changeToCandidate
2019-10-21 23:03:34,374 [Thread-10493] INFO  impl.RoleInfo (RoleInfo.java:updateAndGet(143)) - 1244ca21-2158-4cc7-9e07-ba347e145504: start LeaderElection
2019-10-21 23:03:34,388 [1244ca21-2158-4cc7-9e07-ba347e145504@group-C1C12825AC52-LeaderElection1211] INFO  impl.LeaderElection (LeaderElection.java:askForVotes(178)) - 1244ca21-2158-4cc7-9e07-ba347e145504@group-C1C12825AC52-LeaderElection1211: begin an election at term 148 for -1: [1244ca21-2158-4cc7-9e07-ba347e145504:192.168.69.118:43370, 7c107f1d-8592-48e3-af71-5982c0af1f56:192.168.69.118:36514, d10c8639-03b1-4f19-ac0f-6419d7578d59:192.168.69.118:37568], old=null
2019-10-21 23:03:34,389 [1244ca21-2158-4cc7-9e07-ba347e145504@group-C1C12825AC52-LeaderElection1211] INFO  impl.LeaderElection (LogUtils.java:infoOrTrace(149)) - 1244ca21-2158-4cc7-9e07-ba347e145504@group-C1C12825AC52-LeaderElection1211 got exception when requesting votes: {}
java.util.concurrent.ExecutionException: org.apache.ratis.thirdparty.io.grpc.StatusRuntimeException: UNAVAILABLE: io exception
	at java.util.concurrent.FutureTask.report(FutureTask.java:122)
	at java.util.concurrent.FutureTask.get(FutureTask.java:192)
	at org.apache.ratis.server.impl.LeaderElection.waitForResults(LeaderElection.java:259)
	at org.apache.ratis.server.impl.LeaderElection.askForVotes(LeaderElection.java:197)
	at org.apache.ratis.server.impl.LeaderElection.run(LeaderElection.java:133)
	at java.lang.Thread.run(Thread.java:748)
Caused by: org.apache.ratis.thirdparty.io.grpc.StatusRuntimeException: UNAVAILABLE: io exception
	at org.apache.ratis.thirdparty.io.grpc.stub.ClientCalls.toStatusRuntimeException(ClientCalls.java:233)
	at org.apache.ratis.thirdparty.io.grpc.stub.ClientCalls.getUnchecked(ClientCalls.java:214)
	at org.apache.ratis.thirdparty.io.grpc.stub.ClientCalls.blockingUnaryCall(ClientCalls.java:139)
	at org.apache.ratis.proto.grpc.RaftServerProtocolServiceGrpc$RaftServerProtocolServiceBlockingStub.requestVote(RaftServerProtocolServiceGrpc.java:265)
	at org.apache.ratis.grpc.server.GrpcServerProtocolClient.requestVote(GrpcServerProtocolClient.java:99)
	at org.apache.ratis.grpc.server.GrpcService.requestVote(GrpcService.java:204)
	at org.apache.ratis.server.impl.LeaderElection.lambda$submitRequests$1(LeaderElection.java:234)
	at java.util.concurrent.FutureTask.run(FutureTask.java:266)
	at java.util.concurrent.Executors$RunnableAdapter.call(Executors.java:511)
	at java.util.concurrent.FutureTask.run(FutureTask.java:266)
	at java.util.concurrent.ThreadPoolExecutor.runWorker(ThreadPoolExecutor.java:1149)
	at java.util.concurrent.ThreadPoolExecutor$Worker.run(ThreadPoolExecutor.java:624)
	... 1 more
Caused by: org.apache.ratis.thirdparty.io.netty.channel.AbstractChannel$AnnotatedConnectException: Connection refused: /192.168.69.118:37568
	at sun.nio.ch.SocketChannelImpl.checkConnect(Native Method)
	at sun.nio.ch.SocketChannelImpl.finishConnect(SocketChannelImpl.java:717)
	at org.apache.ratis.thirdparty.io.netty.channel.socket.nio.NioSocketChannel.doFinishConnect(NioSocketChannel.java:327)
	at org.apache.ratis.thirdparty.io.netty.channel.nio.AbstractNioChannel$AbstractNioUnsafe.finishConnect(AbstractNioChannel.java:340)
	at org.apache.ratis.thirdparty.io.netty.channel.nio.NioEventLoop.processSelectedKey(NioEventLoop.java:632)
	at org.apache.ratis.thirdparty.io.netty.channel.nio.NioEventLoop.processSelectedKeysOptimized(NioEventLoop.java:579)
	at org.apache.ratis.thirdparty.io.netty.channel.nio.NioEventLoop.processSelectedKeys(NioEventLoop.java:496)
	at org.apache.ratis.thirdparty.io.netty.channel.nio.NioEventLoop.run(NioEventLoop.java:458)
	at org.apache.ratis.thirdparty.io.netty.util.concurrent.SingleThreadEventExecutor$5.run(SingleThreadEventExecutor.java:897)
	at org.apache.ratis.thirdparty.io.netty.util.concurrent.FastThreadLocalRunnable.run(FastThreadLocalRunnable.java:30)
	... 1 more
Caused by: java.net.ConnectException: Connection refused
	... 11 more
2019-10-21 23:03:34,389 [grpc-default-executor-8] INFO  impl.RaftServerImpl (RaftServerImpl.java:setRole(184)) - 7c107f1d-8592-48e3-af71-5982c0af1f56@group-C1C12825AC52: changes role from  FOLLOWER to FOLLOWER at term 148 for recognizeCandidate:1244ca21-2158-4cc7-9e07-ba347e145504
2019-10-21 23:03:34,390 [grpc-default-executor-8] INFO  impl.RoleInfo (RoleInfo.java:shutdownFollowerState(121)) - 7c107f1d-8592-48e3-af71-5982c0af1f56: shutdown FollowerState
2019-10-21 23:03:34,390 [grpc-default-executor-8] INFO  impl.RoleInfo (RoleInfo.java:updateAndGet(143)) - 7c107f1d-8592-48e3-af71-5982c0af1f56: start FollowerState
2019-10-21 23:03:34,390 [Thread-10492] INFO  impl.FollowerState (FollowerState.java:run(117)) - 7c107f1d-8592-48e3-af71-5982c0af1f56@group-C1C12825AC52-FollowerState was interrupted: java.lang.InterruptedException: sleep interrupted
2019-10-21 23:03:34,395 [1244ca21-2158-4cc7-9e07-ba347e145504@group-C1C12825AC52-LeaderElection1211] INFO  impl.LeaderElection (LeaderElection.java:logAndReturn(56)) - 1244ca21-2158-4cc7-9e07-ba347e145504@group-C1C12825AC52-LeaderElection1211: Election REJECTED; received 1 response(s) [1244ca21-2158-4cc7-9e07-ba347e145504<-7c107f1d-8592-48e3-af71-5982c0af1f56#0:FAIL-t148] and 1 exception(s); 1244ca21-2158-4cc7-9e07-ba347e145504@group-C1C12825AC52:t148, leader=null, voted=1244ca21-2158-4cc7-9e07-ba347e145504, raftlog=1244ca21-2158-4cc7-9e07-ba347e145504@group-C1C12825AC52-SegmentedRaftLog:OPENED:c-1,f-1,i0, conf=-1: [1244ca21-2158-4cc7-9e07-ba347e145504:192.168.69.118:43370, 7c107f1d-8592-48e3-af71-5982c0af1f56:192.168.69.118:36514, d10c8639-03b1-4f19-ac0f-6419d7578d59:192.168.69.118:37568], old=null
2019-10-21 23:03:34,395 [1244ca21-2158-4cc7-9e07-ba347e145504@group-C1C12825AC52-LeaderElection1211] INFO  impl.LeaderElection (LogUtils.java:infoOrTrace(149)) -   Exception 0: {}
java.util.concurrent.ExecutionException: org.apache.ratis.thirdparty.io.grpc.StatusRuntimeException: UNAVAILABLE: io exception
	at java.util.concurrent.FutureTask.report(FutureTask.java:122)
	at java.util.concurrent.FutureTask.get(FutureTask.java:192)
	at org.apache.ratis.server.impl.LeaderElection.waitForResults(LeaderElection.java:259)
	at org.apache.ratis.server.impl.LeaderElection.askForVotes(LeaderElection.java:197)
	at org.apache.ratis.server.impl.LeaderElection.run(LeaderElection.java:133)
	at java.lang.Thread.run(Thread.java:748)
Caused by: org.apache.ratis.thirdparty.io.grpc.StatusRuntimeException: UNAVAILABLE: io exception
	at org.apache.ratis.thirdparty.io.grpc.stub.ClientCalls.toStatusRuntimeException(ClientCalls.java:233)
	at org.apache.ratis.thirdparty.io.grpc.stub.ClientCalls.getUnchecked(ClientCalls.java:214)
	at org.apache.ratis.thirdparty.io.grpc.stub.ClientCalls.blockingUnaryCall(ClientCalls.java:139)
	at org.apache.ratis.proto.grpc.RaftServerProtocolServiceGrpc$RaftServerProtocolServiceBlockingStub.requestVote(RaftServerProtocolServiceGrpc.java:265)
	at org.apache.ratis.grpc.server.GrpcServerProtocolClient.requestVote(GrpcServerProtocolClient.java:99)
	at org.apache.ratis.grpc.server.GrpcService.requestVote(GrpcService.java:204)
	at org.apache.ratis.server.impl.LeaderElection.lambda$submitRequests$1(LeaderElection.java:234)
	at java.util.concurrent.FutureTask.run(FutureTask.java:266)
	at java.util.concurrent.Executors$RunnableAdapter.call(Executors.java:511)
	at java.util.concurrent.FutureTask.run(FutureTask.java:266)
	at java.util.concurrent.ThreadPoolExecutor.runWorker(ThreadPoolExecutor.java:1149)
	at java.util.concurrent.ThreadPoolExecutor$Worker.run(ThreadPoolExecutor.java:624)
	... 1 more
Caused by: org.apache.ratis.thirdparty.io.netty.channel.AbstractChannel$AnnotatedConnectException: Connection refused: /192.168.69.118:37568
	at sun.nio.ch.SocketChannelImpl.checkConnect(Native Method)
	at sun.nio.ch.SocketChannelImpl.finishConnect(SocketChannelImpl.java:717)
	at org.apache.ratis.thirdparty.io.netty.channel.socket.nio.NioSocketChannel.doFinishConnect(NioSocketChannel.java:327)
	at org.apache.ratis.thirdparty.io.netty.channel.nio.AbstractNioChannel$AbstractNioUnsafe.finishConnect(AbstractNioChannel.java:340)
	at org.apache.ratis.thirdparty.io.netty.channel.nio.NioEventLoop.processSelectedKey(NioEventLoop.java:632)
	at org.apache.ratis.thirdparty.io.netty.channel.nio.NioEventLoop.processSelectedKeysOptimized(NioEventLoop.java:579)
	at org.apache.ratis.thirdparty.io.netty.channel.nio.NioEventLoop.processSelectedKeys(NioEventLoop.java:496)
	at org.apache.ratis.thirdparty.io.netty.channel.nio.NioEventLoop.run(NioEventLoop.java:458)
	at org.apache.ratis.thirdparty.io.netty.util.concurrent.SingleThreadEventExecutor$5.run(SingleThreadEventExecutor.java:897)
	at org.apache.ratis.thirdparty.io.netty.util.concurrent.FastThreadLocalRunnable.run(FastThreadLocalRunnable.java:30)
	... 1 more
Caused by: java.net.ConnectException: Connection refused
	... 11 more
2019-10-21 23:03:34,395 [1244ca21-2158-4cc7-9e07-ba347e145504@group-C1C12825AC52-LeaderElection1211] INFO  impl.RaftServerImpl (RaftServerImpl.java:setRole(184)) - 1244ca21-2158-4cc7-9e07-ba347e145504@group-C1C12825AC52: changes role from CANDIDATE to FOLLOWER at term 148 for DISCOVERED_A_NEW_TERM
2019-10-21 23:03:34,396 [1244ca21-2158-4cc7-9e07-ba347e145504@group-C1C12825AC52-LeaderElection1211] INFO  impl.RoleInfo (RoleInfo.java:shutdownLeaderElection(134)) - 1244ca21-2158-4cc7-9e07-ba347e145504: shutdown LeaderElection
2019-10-21 23:03:34,396 [1244ca21-2158-4cc7-9e07-ba347e145504@group-C1C12825AC52-LeaderElection1211] INFO  impl.RoleInfo (RoleInfo.java:updateAndGet(143)) - 1244ca21-2158-4cc7-9e07-ba347e145504: start FollowerState
2019-10-21 23:03:34,474 [Thread-10498] INFO  impl.FollowerState (FollowerState.java:run(108)) - 1244ca21-2158-4cc7-9e07-ba347e145504@group-C1C12825AC52-FollowerState: change to CANDIDATE, lastRpcTime:78ms, electionTimeout:78ms
2019-10-21 23:03:34,474 [Thread-10498] INFO  impl.RoleInfo (RoleInfo.java:shutdownFollowerState(121)) - 1244ca21-2158-4cc7-9e07-ba347e145504: shutdown FollowerState
2019-10-21 23:03:34,474 [Thread-10498] INFO  impl.RaftServerImpl (RaftServerImpl.java:setRole(184)) - 1244ca21-2158-4cc7-9e07-ba347e145504@group-C1C12825AC52: changes role from  FOLLOWER to CANDIDATE at term 148 for changeToCandidate
2019-10-21 23:03:34,474 [Thread-10498] INFO  impl.RoleInfo (RoleInfo.java:updateAndGet(143)) - 1244ca21-2158-4cc7-9e07-ba347e145504: start LeaderElection
2019-10-21 23:03:34,484 [1244ca21-2158-4cc7-9e07-ba347e145504@group-C1C12825AC52-LeaderElection1212] INFO  impl.LeaderElection (LeaderElection.java:askForVotes(178)) - 1244ca21-2158-4cc7-9e07-ba347e145504@group-C1C12825AC52-LeaderElection1212: begin an election at term 149 for -1: [1244ca21-2158-4cc7-9e07-ba347e145504:192.168.69.118:43370, 7c107f1d-8592-48e3-af71-5982c0af1f56:192.168.69.118:36514, d10c8639-03b1-4f19-ac0f-6419d7578d59:192.168.69.118:37568], old=null
2019-10-21 23:03:34,485 [1244ca21-2158-4cc7-9e07-ba347e145504@group-C1C12825AC52-LeaderElection1212] INFO  impl.LeaderElection (LogUtils.java:infoOrTrace(149)) - 1244ca21-2158-4cc7-9e07-ba347e145504@group-C1C12825AC52-LeaderElection1212 got exception when requesting votes: {}
java.util.concurrent.ExecutionException: org.apache.ratis.thirdparty.io.grpc.StatusRuntimeException: UNAVAILABLE: io exception
	at java.util.concurrent.FutureTask.report(FutureTask.java:122)
	at java.util.concurrent.FutureTask.get(FutureTask.java:192)
	at org.apache.ratis.server.impl.LeaderElection.waitForResults(LeaderElection.java:259)
	at org.apache.ratis.server.impl.LeaderElection.askForVotes(LeaderElection.java:197)
	at org.apache.ratis.server.impl.LeaderElection.run(LeaderElection.java:133)
	at java.lang.Thread.run(Thread.java:748)
Caused by: org.apache.ratis.thirdparty.io.grpc.StatusRuntimeException: UNAVAILABLE: io exception
	at org.apache.ratis.thirdparty.io.grpc.stub.ClientCalls.toStatusRuntimeException(ClientCalls.java:233)
	at org.apache.ratis.thirdparty.io.grpc.stub.ClientCalls.getUnchecked(ClientCalls.java:214)
	at org.apache.ratis.thirdparty.io.grpc.stub.ClientCalls.blockingUnaryCall(ClientCalls.java:139)
	at org.apache.ratis.proto.grpc.RaftServerProtocolServiceGrpc$RaftServerProtocolServiceBlockingStub.requestVote(RaftServerProtocolServiceGrpc.java:265)
	at org.apache.ratis.grpc.server.GrpcServerProtocolClient.requestVote(GrpcServerProtocolClient.java:99)
	at org.apache.ratis.grpc.server.GrpcService.requestVote(GrpcService.java:204)
	at org.apache.ratis.server.impl.LeaderElection.lambda$submitRequests$1(LeaderElection.java:234)
	at java.util.concurrent.FutureTask.run(FutureTask.java:266)
	at java.util.concurrent.Executors$RunnableAdapter.call(Executors.java:511)
	at java.util.concurrent.FutureTask.run(FutureTask.java:266)
	at java.util.concurrent.ThreadPoolExecutor.runWorker(ThreadPoolExecutor.java:1149)
	at java.util.concurrent.ThreadPoolExecutor$Worker.run(ThreadPoolExecutor.java:624)
	... 1 more
Caused by: org.apache.ratis.thirdparty.io.netty.channel.AbstractChannel$AnnotatedConnectException: Connection refused: /192.168.69.118:37568
	at sun.nio.ch.SocketChannelImpl.checkConnect(Native Method)
	at sun.nio.ch.SocketChannelImpl.finishConnect(SocketChannelImpl.java:717)
	at org.apache.ratis.thirdparty.io.netty.channel.socket.nio.NioSocketChannel.doFinishConnect(NioSocketChannel.java:327)
	at org.apache.ratis.thirdparty.io.netty.channel.nio.AbstractNioChannel$AbstractNioUnsafe.finishConnect(AbstractNioChannel.java:340)
	at org.apache.ratis.thirdparty.io.netty.channel.nio.NioEventLoop.processSelectedKey(NioEventLoop.java:632)
	at org.apache.ratis.thirdparty.io.netty.channel.nio.NioEventLoop.processSelectedKeysOptimized(NioEventLoop.java:579)
	at org.apache.ratis.thirdparty.io.netty.channel.nio.NioEventLoop.processSelectedKeys(NioEventLoop.java:496)
	at org.apache.ratis.thirdparty.io.netty.channel.nio.NioEventLoop.run(NioEventLoop.java:458)
	at org.apache.ratis.thirdparty.io.netty.util.concurrent.SingleThreadEventExecutor$5.run(SingleThreadEventExecutor.java:897)
	at org.apache.ratis.thirdparty.io.netty.util.concurrent.FastThreadLocalRunnable.run(FastThreadLocalRunnable.java:30)
	... 1 more
Caused by: java.net.ConnectException: Connection refused
	... 11 more
2019-10-21 23:03:34,486 [grpc-default-executor-8] INFO  impl.RaftServerImpl (RaftServerImpl.java:setRole(184)) - 7c107f1d-8592-48e3-af71-5982c0af1f56@group-C1C12825AC52: changes role from  FOLLOWER to FOLLOWER at term 149 for recognizeCandidate:1244ca21-2158-4cc7-9e07-ba347e145504
2019-10-21 23:03:34,486 [grpc-default-executor-8] INFO  impl.RoleInfo (RoleInfo.java:shutdownFollowerState(121)) - 7c107f1d-8592-48e3-af71-5982c0af1f56: shutdown FollowerState
2019-10-21 23:03:34,486 [grpc-default-executor-8] INFO  impl.RoleInfo (RoleInfo.java:updateAndGet(143)) - 7c107f1d-8592-48e3-af71-5982c0af1f56: start FollowerState
2019-10-21 23:03:34,486 [Thread-10497] INFO  impl.FollowerState (FollowerState.java:run(117)) - 7c107f1d-8592-48e3-af71-5982c0af1f56@group-C1C12825AC52-FollowerState was interrupted: java.lang.InterruptedException: sleep interrupted
2019-10-21 23:03:34,499 [1244ca21-2158-4cc7-9e07-ba347e145504@group-C1C12825AC52-LeaderElection1212] INFO  impl.LeaderElection (LeaderElection.java:logAndReturn(56)) - 1244ca21-2158-4cc7-9e07-ba347e145504@group-C1C12825AC52-LeaderElection1212: Election REJECTED; received 1 response(s) [1244ca21-2158-4cc7-9e07-ba347e145504<-7c107f1d-8592-48e3-af71-5982c0af1f56#0:FAIL-t149] and 1 exception(s); 1244ca21-2158-4cc7-9e07-ba347e145504@group-C1C12825AC52:t149, leader=null, voted=1244ca21-2158-4cc7-9e07-ba347e145504, raftlog=1244ca21-2158-4cc7-9e07-ba347e145504@group-C1C12825AC52-SegmentedRaftLog:OPENED:c-1,f-1,i0, conf=-1: [1244ca21-2158-4cc7-9e07-ba347e145504:192.168.69.118:43370, 7c107f1d-8592-48e3-af71-5982c0af1f56:192.168.69.118:36514, d10c8639-03b1-4f19-ac0f-6419d7578d59:192.168.69.118:37568], old=null
2019-10-21 23:03:34,500 [1244ca21-2158-4cc7-9e07-ba347e145504@group-C1C12825AC52-LeaderElection1212] INFO  impl.LeaderElection (LogUtils.java:infoOrTrace(149)) -   Exception 0: {}
java.util.concurrent.ExecutionException: org.apache.ratis.thirdparty.io.grpc.StatusRuntimeException: UNAVAILABLE: io exception
	at java.util.concurrent.FutureTask.report(FutureTask.java:122)
	at java.util.concurrent.FutureTask.get(FutureTask.java:192)
	at org.apache.ratis.server.impl.LeaderElection.waitForResults(LeaderElection.java:259)
	at org.apache.ratis.server.impl.LeaderElection.askForVotes(LeaderElection.java:197)
	at org.apache.ratis.server.impl.LeaderElection.run(LeaderElection.java:133)
	at java.lang.Thread.run(Thread.java:748)
Caused by: org.apache.ratis.thirdparty.io.grpc.StatusRuntimeException: UNAVAILABLE: io exception
	at org.apache.ratis.thirdparty.io.grpc.stub.ClientCalls.toStatusRuntimeException(ClientCalls.java:233)
	at org.apache.ratis.thirdparty.io.grpc.stub.ClientCalls.getUnchecked(ClientCalls.java:214)
	at org.apache.ratis.thirdparty.io.grpc.stub.ClientCalls.blockingUnaryCall(ClientCalls.java:139)
	at org.apache.ratis.proto.grpc.RaftServerProtocolServiceGrpc$RaftServerProtocolServiceBlockingStub.requestVote(RaftServerProtocolServiceGrpc.java:265)
	at org.apache.ratis.grpc.server.GrpcServerProtocolClient.requestVote(GrpcServerProtocolClient.java:99)
	at org.apache.ratis.grpc.server.GrpcService.requestVote(GrpcService.java:204)
	at org.apache.ratis.server.impl.LeaderElection.lambda$submitRequests$1(LeaderElection.java:234)
	at java.util.concurrent.FutureTask.run(FutureTask.java:266)
	at java.util.concurrent.Executors$RunnableAdapter.call(Executors.java:511)
	at java.util.concurrent.FutureTask.run(FutureTask.java:266)
	at java.util.concurrent.ThreadPoolExecutor.runWorker(ThreadPoolExecutor.java:1149)
	at java.util.concurrent.ThreadPoolExecutor$Worker.run(ThreadPoolExecutor.java:624)
	... 1 more
Caused by: org.apache.ratis.thirdparty.io.netty.channel.AbstractChannel$AnnotatedConnectException: Connection refused: /192.168.69.118:37568
	at sun.nio.ch.SocketChannelImpl.checkConnect(Native Method)
	at sun.nio.ch.SocketChannelImpl.finishConnect(SocketChannelImpl.java:717)
	at org.apache.ratis.thirdparty.io.netty.channel.socket.nio.NioSocketChannel.doFinishConnect(NioSocketChannel.java:327)
	at org.apache.ratis.thirdparty.io.netty.channel.nio.AbstractNioChannel$AbstractNioUnsafe.finishConnect(AbstractNioChannel.java:340)
	at org.apache.ratis.thirdparty.io.netty.channel.nio.NioEventLoop.processSelectedKey(NioEventLoop.java:632)
	at org.apache.ratis.thirdparty.io.netty.channel.nio.NioEventLoop.processSelectedKeysOptimized(NioEventLoop.java:579)
	at org.apache.ratis.thirdparty.io.netty.channel.nio.NioEventLoop.processSelectedKeys(NioEventLoop.java:496)
	at org.apache.ratis.thirdparty.io.netty.channel.nio.NioEventLoop.run(NioEventLoop.java:458)
	at org.apache.ratis.thirdparty.io.netty.util.concurrent.SingleThreadEventExecutor$5.run(SingleThreadEventExecutor.java:897)
	at org.apache.ratis.thirdparty.io.netty.util.concurrent.FastThreadLocalRunnable.run(FastThreadLocalRunnable.java:30)
	... 1 more
Caused by: java.net.ConnectException: Connection refused
	... 11 more
2019-10-21 23:03:34,500 [1244ca21-2158-4cc7-9e07-ba347e145504@group-C1C12825AC52-LeaderElection1212] INFO  impl.RaftServerImpl (RaftServerImpl.java:setRole(184)) - 1244ca21-2158-4cc7-9e07-ba347e145504@group-C1C12825AC52: changes role from CANDIDATE to FOLLOWER at term 149 for DISCOVERED_A_NEW_TERM
2019-10-21 23:03:34,500 [1244ca21-2158-4cc7-9e07-ba347e145504@group-C1C12825AC52-LeaderElection1212] INFO  impl.RoleInfo (RoleInfo.java:shutdownLeaderElection(134)) - 1244ca21-2158-4cc7-9e07-ba347e145504: shutdown LeaderElection
2019-10-21 23:03:34,500 [1244ca21-2158-4cc7-9e07-ba347e145504@group-C1C12825AC52-LeaderElection1212] INFO  impl.RoleInfo (RoleInfo.java:updateAndGet(143)) - 1244ca21-2158-4cc7-9e07-ba347e145504: start FollowerState
2019-10-21 23:03:34,607 [Thread-10503] INFO  impl.FollowerState (FollowerState.java:run(108)) - 1244ca21-2158-4cc7-9e07-ba347e145504@group-C1C12825AC52-FollowerState: change to CANDIDATE, lastRpcTime:107ms, electionTimeout:107ms
2019-10-21 23:03:34,607 [Thread-10503] INFO  impl.RoleInfo (RoleInfo.java:shutdownFollowerState(121)) - 1244ca21-2158-4cc7-9e07-ba347e145504: shutdown FollowerState
2019-10-21 23:03:34,608 [Thread-10503] INFO  impl.RaftServerImpl (RaftServerImpl.java:setRole(184)) - 1244ca21-2158-4cc7-9e07-ba347e145504@group-C1C12825AC52: changes role from  FOLLOWER to CANDIDATE at term 149 for changeToCandidate
2019-10-21 23:03:34,608 [Thread-10503] INFO  impl.RoleInfo (RoleInfo.java:updateAndGet(143)) - 1244ca21-2158-4cc7-9e07-ba347e145504: start LeaderElection
2019-10-21 23:03:34,612 [1244ca21-2158-4cc7-9e07-ba347e145504@group-C1C12825AC52-LeaderElection1213] INFO  impl.LeaderElection (LeaderElection.java:askForVotes(178)) - 1244ca21-2158-4cc7-9e07-ba347e145504@group-C1C12825AC52-LeaderElection1213: begin an election at term 150 for -1: [1244ca21-2158-4cc7-9e07-ba347e145504:192.168.69.118:43370, 7c107f1d-8592-48e3-af71-5982c0af1f56:192.168.69.118:36514, d10c8639-03b1-4f19-ac0f-6419d7578d59:192.168.69.118:37568], old=null
2019-10-21 23:03:34,613 [1244ca21-2158-4cc7-9e07-ba347e145504@group-C1C12825AC52-LeaderElection1213] INFO  impl.LeaderElection (LogUtils.java:infoOrTrace(149)) - 1244ca21-2158-4cc7-9e07-ba347e145504@group-C1C12825AC52-LeaderElection1213 got exception when requesting votes: {}
java.util.concurrent.ExecutionException: org.apache.ratis.thirdparty.io.grpc.StatusRuntimeException: UNAVAILABLE: io exception
	at java.util.concurrent.FutureTask.report(FutureTask.java:122)
	at java.util.concurrent.FutureTask.get(FutureTask.java:192)
	at org.apache.ratis.server.impl.LeaderElection.waitForResults(LeaderElection.java:259)
	at org.apache.ratis.server.impl.LeaderElection.askForVotes(LeaderElection.java:197)
	at org.apache.ratis.server.impl.LeaderElection.run(LeaderElection.java:133)
	at java.lang.Thread.run(Thread.java:748)
Caused by: org.apache.ratis.thirdparty.io.grpc.StatusRuntimeException: UNAVAILABLE: io exception
	at org.apache.ratis.thirdparty.io.grpc.stub.ClientCalls.toStatusRuntimeException(ClientCalls.java:233)
	at org.apache.ratis.thirdparty.io.grpc.stub.ClientCalls.getUnchecked(ClientCalls.java:214)
	at org.apache.ratis.thirdparty.io.grpc.stub.ClientCalls.blockingUnaryCall(ClientCalls.java:139)
	at org.apache.ratis.proto.grpc.RaftServerProtocolServiceGrpc$RaftServerProtocolServiceBlockingStub.requestVote(RaftServerProtocolServiceGrpc.java:265)
	at org.apache.ratis.grpc.server.GrpcServerProtocolClient.requestVote(GrpcServerProtocolClient.java:99)
	at org.apache.ratis.grpc.server.GrpcService.requestVote(GrpcService.java:204)
	at org.apache.ratis.server.impl.LeaderElection.lambda$submitRequests$1(LeaderElection.java:234)
	at java.util.concurrent.FutureTask.run(FutureTask.java:266)
	at java.util.concurrent.Executors$RunnableAdapter.call(Executors.java:511)
	at java.util.concurrent.FutureTask.run(FutureTask.java:266)
	at java.util.concurrent.ThreadPoolExecutor.runWorker(ThreadPoolExecutor.java:1149)
	at java.util.concurrent.ThreadPoolExecutor$Worker.run(ThreadPoolExecutor.java:624)
	... 1 more
Caused by: org.apache.ratis.thirdparty.io.netty.channel.AbstractChannel$AnnotatedConnectException: Connection refused: /192.168.69.118:37568
	at sun.nio.ch.SocketChannelImpl.checkConnect(Native Method)
	at sun.nio.ch.SocketChannelImpl.finishConnect(SocketChannelImpl.java:717)
	at org.apache.ratis.thirdparty.io.netty.channel.socket.nio.NioSocketChannel.doFinishConnect(NioSocketChannel.java:327)
	at org.apache.ratis.thirdparty.io.netty.channel.nio.AbstractNioChannel$AbstractNioUnsafe.finishConnect(AbstractNioChannel.java:340)
	at org.apache.ratis.thirdparty.io.netty.channel.nio.NioEventLoop.processSelectedKey(NioEventLoop.java:632)
	at org.apache.ratis.thirdparty.io.netty.channel.nio.NioEventLoop.processSelectedKeysOptimized(NioEventLoop.java:579)
	at org.apache.ratis.thirdparty.io.netty.channel.nio.NioEventLoop.processSelectedKeys(NioEventLoop.java:496)
	at org.apache.ratis.thirdparty.io.netty.channel.nio.NioEventLoop.run(NioEventLoop.java:458)
	at org.apache.ratis.thirdparty.io.netty.util.concurrent.SingleThreadEventExecutor$5.run(SingleThreadEventExecutor.java:897)
	at org.apache.ratis.thirdparty.io.netty.util.concurrent.FastThreadLocalRunnable.run(FastThreadLocalRunnable.java:30)
	... 1 more
Caused by: java.net.ConnectException: Connection refused
	... 11 more
2019-10-21 23:03:34,614 [grpc-default-executor-8] INFO  impl.RaftServerImpl (RaftServerImpl.java:setRole(184)) - 7c107f1d-8592-48e3-af71-5982c0af1f56@group-C1C12825AC52: changes role from  FOLLOWER to FOLLOWER at term 150 for recognizeCandidate:1244ca21-2158-4cc7-9e07-ba347e145504
2019-10-21 23:03:34,614 [grpc-default-executor-8] INFO  impl.RoleInfo (RoleInfo.java:shutdownFollowerState(121)) - 7c107f1d-8592-48e3-af71-5982c0af1f56: shutdown FollowerState
2019-10-21 23:03:34,614 [grpc-default-executor-8] INFO  impl.RoleInfo (RoleInfo.java:updateAndGet(143)) - 7c107f1d-8592-48e3-af71-5982c0af1f56: start FollowerState
2019-10-21 23:03:34,614 [Thread-10502] INFO  impl.FollowerState (FollowerState.java:run(117)) - 7c107f1d-8592-48e3-af71-5982c0af1f56@group-C1C12825AC52-FollowerState was interrupted: java.lang.InterruptedException: sleep interrupted
2019-10-21 23:03:34,628 [1244ca21-2158-4cc7-9e07-ba347e145504@group-C1C12825AC52-LeaderElection1213] INFO  impl.LeaderElection (LeaderElection.java:logAndReturn(56)) - 1244ca21-2158-4cc7-9e07-ba347e145504@group-C1C12825AC52-LeaderElection1213: Election REJECTED; received 1 response(s) [1244ca21-2158-4cc7-9e07-ba347e145504<-7c107f1d-8592-48e3-af71-5982c0af1f56#0:FAIL-t150] and 1 exception(s); 1244ca21-2158-4cc7-9e07-ba347e145504@group-C1C12825AC52:t150, leader=null, voted=1244ca21-2158-4cc7-9e07-ba347e145504, raftlog=1244ca21-2158-4cc7-9e07-ba347e145504@group-C1C12825AC52-SegmentedRaftLog:OPENED:c-1,f-1,i0, conf=-1: [1244ca21-2158-4cc7-9e07-ba347e145504:192.168.69.118:43370, 7c107f1d-8592-48e3-af71-5982c0af1f56:192.168.69.118:36514, d10c8639-03b1-4f19-ac0f-6419d7578d59:192.168.69.118:37568], old=null
2019-10-21 23:03:34,628 [1244ca21-2158-4cc7-9e07-ba347e145504@group-C1C12825AC52-LeaderElection1213] INFO  impl.LeaderElection (LogUtils.java:infoOrTrace(149)) -   Exception 0: {}
java.util.concurrent.ExecutionException: org.apache.ratis.thirdparty.io.grpc.StatusRuntimeException: UNAVAILABLE: io exception
	at java.util.concurrent.FutureTask.report(FutureTask.java:122)
	at java.util.concurrent.FutureTask.get(FutureTask.java:192)
	at org.apache.ratis.server.impl.LeaderElection.waitForResults(LeaderElection.java:259)
	at org.apache.ratis.server.impl.LeaderElection.askForVotes(LeaderElection.java:197)
	at org.apache.ratis.server.impl.LeaderElection.run(LeaderElection.java:133)
	at java.lang.Thread.run(Thread.java:748)
Caused by: org.apache.ratis.thirdparty.io.grpc.StatusRuntimeException: UNAVAILABLE: io exception
	at org.apache.ratis.thirdparty.io.grpc.stub.ClientCalls.toStatusRuntimeException(ClientCalls.java:233)
	at org.apache.ratis.thirdparty.io.grpc.stub.ClientCalls.getUnchecked(ClientCalls.java:214)
	at org.apache.ratis.thirdparty.io.grpc.stub.ClientCalls.blockingUnaryCall(ClientCalls.java:139)
	at org.apache.ratis.proto.grpc.RaftServerProtocolServiceGrpc$RaftServerProtocolServiceBlockingStub.requestVote(RaftServerProtocolServiceGrpc.java:265)
	at org.apache.ratis.grpc.server.GrpcServerProtocolClient.requestVote(GrpcServerProtocolClient.java:99)
	at org.apache.ratis.grpc.server.GrpcService.requestVote(GrpcService.java:204)
	at org.apache.ratis.server.impl.LeaderElection.lambda$submitRequests$1(LeaderElection.java:234)
	at java.util.concurrent.FutureTask.run(FutureTask.java:266)
	at java.util.concurrent.Executors$RunnableAdapter.call(Executors.java:511)
	at java.util.concurrent.FutureTask.run(FutureTask.java:266)
	at java.util.concurrent.ThreadPoolExecutor.runWorker(ThreadPoolExecutor.java:1149)
	at java.util.concurrent.ThreadPoolExecutor$Worker.run(ThreadPoolExecutor.java:624)
	... 1 more
Caused by: org.apache.ratis.thirdparty.io.netty.channel.AbstractChannel$AnnotatedConnectException: Connection refused: /192.168.69.118:37568
	at sun.nio.ch.SocketChannelImpl.checkConnect(Native Method)
	at sun.nio.ch.SocketChannelImpl.finishConnect(SocketChannelImpl.java:717)
	at org.apache.ratis.thirdparty.io.netty.channel.socket.nio.NioSocketChannel.doFinishConnect(NioSocketChannel.java:327)
	at org.apache.ratis.thirdparty.io.netty.channel.nio.AbstractNioChannel$AbstractNioUnsafe.finishConnect(AbstractNioChannel.java:340)
	at org.apache.ratis.thirdparty.io.netty.channel.nio.NioEventLoop.processSelectedKey(NioEventLoop.java:632)
	at org.apache.ratis.thirdparty.io.netty.channel.nio.NioEventLoop.processSelectedKeysOptimized(NioEventLoop.java:579)
	at org.apache.ratis.thirdparty.io.netty.channel.nio.NioEventLoop.processSelectedKeys(NioEventLoop.java:496)
	at org.apache.ratis.thirdparty.io.netty.channel.nio.NioEventLoop.run(NioEventLoop.java:458)
	at org.apache.ratis.thirdparty.io.netty.util.concurrent.SingleThreadEventExecutor$5.run(SingleThreadEventExecutor.java:897)
	at org.apache.ratis.thirdparty.io.netty.util.concurrent.FastThreadLocalRunnable.run(FastThreadLocalRunnable.java:30)
	... 1 more
Caused by: java.net.ConnectException: Connection refused
	... 11 more
2019-10-21 23:03:34,628 [1244ca21-2158-4cc7-9e07-ba347e145504@group-C1C12825AC52-LeaderElection1213] INFO  impl.RaftServerImpl (RaftServerImpl.java:setRole(184)) - 1244ca21-2158-4cc7-9e07-ba347e145504@group-C1C12825AC52: changes role from CANDIDATE to FOLLOWER at term 150 for DISCOVERED_A_NEW_TERM
2019-10-21 23:03:34,628 [1244ca21-2158-4cc7-9e07-ba347e145504@group-C1C12825AC52-LeaderElection1213] INFO  impl.RoleInfo (RoleInfo.java:shutdownLeaderElection(134)) - 1244ca21-2158-4cc7-9e07-ba347e145504: shutdown LeaderElection
2019-10-21 23:03:34,629 [1244ca21-2158-4cc7-9e07-ba347e145504@group-C1C12825AC52-LeaderElection1213] INFO  impl.RoleInfo (RoleInfo.java:updateAndGet(143)) - 1244ca21-2158-4cc7-9e07-ba347e145504: start FollowerState
2019-10-21 23:03:34,717 [Thread-10510] INFO  impl.FollowerState (FollowerState.java:run(108)) - 1244ca21-2158-4cc7-9e07-ba347e145504@group-C1C12825AC52-FollowerState: change to CANDIDATE, lastRpcTime:88ms, electionTimeout:88ms
2019-10-21 23:03:34,717 [Thread-10510] INFO  impl.RoleInfo (RoleInfo.java:shutdownFollowerState(121)) - 1244ca21-2158-4cc7-9e07-ba347e145504: shutdown FollowerState
2019-10-21 23:03:34,717 [Thread-10510] INFO  impl.RaftServerImpl (RaftServerImpl.java:setRole(184)) - 1244ca21-2158-4cc7-9e07-ba347e145504@group-C1C12825AC52: changes role from  FOLLOWER to CANDIDATE at term 150 for changeToCandidate
2019-10-21 23:03:34,717 [Thread-10510] INFO  impl.RoleInfo (RoleInfo.java:updateAndGet(143)) - 1244ca21-2158-4cc7-9e07-ba347e145504: start LeaderElection
2019-10-21 23:03:34,722 [1244ca21-2158-4cc7-9e07-ba347e145504@group-C1C12825AC52-LeaderElection1214] INFO  impl.LeaderElection (LeaderElection.java:askForVotes(178)) - 1244ca21-2158-4cc7-9e07-ba347e145504@group-C1C12825AC52-LeaderElection1214: begin an election at term 151 for -1: [1244ca21-2158-4cc7-9e07-ba347e145504:192.168.69.118:43370, 7c107f1d-8592-48e3-af71-5982c0af1f56:192.168.69.118:36514, d10c8639-03b1-4f19-ac0f-6419d7578d59:192.168.69.118:37568], old=null
2019-10-21 23:03:34,722 [1244ca21-2158-4cc7-9e07-ba347e145504@group-C1C12825AC52-LeaderElection1214] INFO  impl.LeaderElection (LogUtils.java:infoOrTrace(149)) - 1244ca21-2158-4cc7-9e07-ba347e145504@group-C1C12825AC52-LeaderElection1214 got exception when requesting votes: {}
java.util.concurrent.ExecutionException: org.apache.ratis.thirdparty.io.grpc.StatusRuntimeException: UNAVAILABLE: io exception
	at java.util.concurrent.FutureTask.report(FutureTask.java:122)
	at java.util.concurrent.FutureTask.get(FutureTask.java:192)
	at org.apache.ratis.server.impl.LeaderElection.waitForResults(LeaderElection.java:259)
	at org.apache.ratis.server.impl.LeaderElection.askForVotes(LeaderElection.java:197)
	at org.apache.ratis.server.impl.LeaderElection.run(LeaderElection.java:133)
	at java.lang.Thread.run(Thread.java:748)
Caused by: org.apache.ratis.thirdparty.io.grpc.StatusRuntimeException: UNAVAILABLE: io exception
	at org.apache.ratis.thirdparty.io.grpc.stub.ClientCalls.toStatusRuntimeException(ClientCalls.java:233)
	at org.apache.ratis.thirdparty.io.grpc.stub.ClientCalls.getUnchecked(ClientCalls.java:214)
	at org.apache.ratis.thirdparty.io.grpc.stub.ClientCalls.blockingUnaryCall(ClientCalls.java:139)
	at org.apache.ratis.proto.grpc.RaftServerProtocolServiceGrpc$RaftServerProtocolServiceBlockingStub.requestVote(RaftServerProtocolServiceGrpc.java:265)
	at org.apache.ratis.grpc.server.GrpcServerProtocolClient.requestVote(GrpcServerProtocolClient.java:99)
	at org.apache.ratis.grpc.server.GrpcService.requestVote(GrpcService.java:204)
	at org.apache.ratis.server.impl.LeaderElection.lambda$submitRequests$1(LeaderElection.java:234)
	at java.util.concurrent.FutureTask.run(FutureTask.java:266)
	at java.util.concurrent.Executors$RunnableAdapter.call(Executors.java:511)
	at java.util.concurrent.FutureTask.run(FutureTask.java:266)
	at java.util.concurrent.ThreadPoolExecutor.runWorker(ThreadPoolExecutor.java:1149)
	at java.util.concurrent.ThreadPoolExecutor$Worker.run(ThreadPoolExecutor.java:624)
	... 1 more
Caused by: org.apache.ratis.thirdparty.io.netty.channel.AbstractChannel$AnnotatedConnectException: Connection refused: /192.168.69.118:37568
	at sun.nio.ch.SocketChannelImpl.checkConnect(Native Method)
	at sun.nio.ch.SocketChannelImpl.finishConnect(SocketChannelImpl.java:717)
	at org.apache.ratis.thirdparty.io.netty.channel.socket.nio.NioSocketChannel.doFinishConnect(NioSocketChannel.java:327)
	at org.apache.ratis.thirdparty.io.netty.channel.nio.AbstractNioChannel$AbstractNioUnsafe.finishConnect(AbstractNioChannel.java:340)
	at org.apache.ratis.thirdparty.io.netty.channel.nio.NioEventLoop.processSelectedKey(NioEventLoop.java:632)
	at org.apache.ratis.thirdparty.io.netty.channel.nio.NioEventLoop.processSelectedKeysOptimized(NioEventLoop.java:579)
	at org.apache.ratis.thirdparty.io.netty.channel.nio.NioEventLoop.processSelectedKeys(NioEventLoop.java:496)
	at org.apache.ratis.thirdparty.io.netty.channel.nio.NioEventLoop.run(NioEventLoop.java:458)
	at org.apache.ratis.thirdparty.io.netty.util.concurrent.SingleThreadEventExecutor$5.run(SingleThreadEventExecutor.java:897)
	at org.apache.ratis.thirdparty.io.netty.util.concurrent.FastThreadLocalRunnable.run(FastThreadLocalRunnable.java:30)
	... 1 more
Caused by: java.net.ConnectException: Connection refused
	... 11 more
2019-10-21 23:03:34,723 [grpc-default-executor-0] INFO  impl.RaftServerImpl (RaftServerImpl.java:setRole(184)) - 7c107f1d-8592-48e3-af71-5982c0af1f56@group-C1C12825AC52: changes role from  FOLLOWER to FOLLOWER at term 151 for recognizeCandidate:1244ca21-2158-4cc7-9e07-ba347e145504
2019-10-21 23:03:34,723 [grpc-default-executor-0] INFO  impl.RoleInfo (RoleInfo.java:shutdownFollowerState(121)) - 7c107f1d-8592-48e3-af71-5982c0af1f56: shutdown FollowerState
2019-10-21 23:03:34,723 [grpc-default-executor-0] INFO  impl.RoleInfo (RoleInfo.java:updateAndGet(143)) - 7c107f1d-8592-48e3-af71-5982c0af1f56: start FollowerState
2019-10-21 23:03:34,723 [Thread-10509] INFO  impl.FollowerState (FollowerState.java:run(117)) - 7c107f1d-8592-48e3-af71-5982c0af1f56@group-C1C12825AC52-FollowerState was interrupted: java.lang.InterruptedException: sleep interrupted
2019-10-21 23:03:34,726 [1244ca21-2158-4cc7-9e07-ba347e145504@group-C1C12825AC52-LeaderElection1214] INFO  impl.LeaderElection (LeaderElection.java:logAndReturn(56)) - 1244ca21-2158-4cc7-9e07-ba347e145504@group-C1C12825AC52-LeaderElection1214: Election REJECTED; received 1 response(s) [1244ca21-2158-4cc7-9e07-ba347e145504<-7c107f1d-8592-48e3-af71-5982c0af1f56#0:FAIL-t151] and 1 exception(s); 1244ca21-2158-4cc7-9e07-ba347e145504@group-C1C12825AC52:t151, leader=null, voted=1244ca21-2158-4cc7-9e07-ba347e145504, raftlog=1244ca21-2158-4cc7-9e07-ba347e145504@group-C1C12825AC52-SegmentedRaftLog:OPENED:c-1,f-1,i0, conf=-1: [1244ca21-2158-4cc7-9e07-ba347e145504:192.168.69.118:43370, 7c107f1d-8592-48e3-af71-5982c0af1f56:192.168.69.118:36514, d10c8639-03b1-4f19-ac0f-6419d7578d59:192.168.69.118:37568], old=null
2019-10-21 23:03:34,727 [1244ca21-2158-4cc7-9e07-ba347e145504@group-C1C12825AC52-LeaderElection1214] INFO  impl.LeaderElection (LogUtils.java:infoOrTrace(149)) -   Exception 0: {}
java.util.concurrent.ExecutionException: org.apache.ratis.thirdparty.io.grpc.StatusRuntimeException: UNAVAILABLE: io exception
	at java.util.concurrent.FutureTask.report(FutureTask.java:122)
	at java.util.concurrent.FutureTask.get(FutureTask.java:192)
	at org.apache.ratis.server.impl.LeaderElection.waitForResults(LeaderElection.java:259)
	at org.apache.ratis.server.impl.LeaderElection.askForVotes(LeaderElection.java:197)
	at org.apache.ratis.server.impl.LeaderElection.run(LeaderElection.java:133)
	at java.lang.Thread.run(Thread.java:748)
Caused by: org.apache.ratis.thirdparty.io.grpc.StatusRuntimeException: UNAVAILABLE: io exception
	at org.apache.ratis.thirdparty.io.grpc.stub.ClientCalls.toStatusRuntimeException(ClientCalls.java:233)
	at org.apache.ratis.thirdparty.io.grpc.stub.ClientCalls.getUnchecked(ClientCalls.java:214)
	at org.apache.ratis.thirdparty.io.grpc.stub.ClientCalls.blockingUnaryCall(ClientCalls.java:139)
	at org.apache.ratis.proto.grpc.RaftServerProtocolServiceGrpc$RaftServerProtocolServiceBlockingStub.requestVote(RaftServerProtocolServiceGrpc.java:265)
	at org.apache.ratis.grpc.server.GrpcServerProtocolClient.requestVote(GrpcServerProtocolClient.java:99)
	at org.apache.ratis.grpc.server.GrpcService.requestVote(GrpcService.java:204)
	at org.apache.ratis.server.impl.LeaderElection.lambda$submitRequests$1(LeaderElection.java:234)
	at java.util.concurrent.FutureTask.run(FutureTask.java:266)
	at java.util.concurrent.Executors$RunnableAdapter.call(Executors.java:511)
	at java.util.concurrent.FutureTask.run(FutureTask.java:266)
	at java.util.concurrent.ThreadPoolExecutor.runWorker(ThreadPoolExecutor.java:1149)
	at java.util.concurrent.ThreadPoolExecutor$Worker.run(ThreadPoolExecutor.java:624)
	... 1 more
Caused by: org.apache.ratis.thirdparty.io.netty.channel.AbstractChannel$AnnotatedConnectException: Connection refused: /192.168.69.118:37568
	at sun.nio.ch.SocketChannelImpl.checkConnect(Native Method)
	at sun.nio.ch.SocketChannelImpl.finishConnect(SocketChannelImpl.java:717)
	at org.apache.ratis.thirdparty.io.netty.channel.socket.nio.NioSocketChannel.doFinishConnect(NioSocketChannel.java:327)
	at org.apache.ratis.thirdparty.io.netty.channel.nio.AbstractNioChannel$AbstractNioUnsafe.finishConnect(AbstractNioChannel.java:340)
	at org.apache.ratis.thirdparty.io.netty.channel.nio.NioEventLoop.processSelectedKey(NioEventLoop.java:632)
	at org.apache.ratis.thirdparty.io.netty.channel.nio.NioEventLoop.processSelectedKeysOptimized(NioEventLoop.java:579)
	at org.apache.ratis.thirdparty.io.netty.channel.nio.NioEventLoop.processSelectedKeys(NioEventLoop.java:496)
	at org.apache.ratis.thirdparty.io.netty.channel.nio.NioEventLoop.run(NioEventLoop.java:458)
	at org.apache.ratis.thirdparty.io.netty.util.concurrent.SingleThreadEventExecutor$5.run(SingleThreadEventExecutor.java:897)
	at org.apache.ratis.thirdparty.io.netty.util.concurrent.FastThreadLocalRunnable.run(FastThreadLocalRunnable.java:30)
	... 1 more
Caused by: java.net.ConnectException: Connection refused
	... 11 more
2019-10-21 23:03:34,727 [1244ca21-2158-4cc7-9e07-ba347e145504@group-C1C12825AC52-LeaderElection1214] INFO  impl.RaftServerImpl (RaftServerImpl.java:setRole(184)) - 1244ca21-2158-4cc7-9e07-ba347e145504@group-C1C12825AC52: changes role from CANDIDATE to FOLLOWER at term 151 for DISCOVERED_A_NEW_TERM
2019-10-21 23:03:34,727 [1244ca21-2158-4cc7-9e07-ba347e145504@group-C1C12825AC52-LeaderElection1214] INFO  impl.RoleInfo (RoleInfo.java:shutdownLeaderElection(134)) - 1244ca21-2158-4cc7-9e07-ba347e145504: shutdown LeaderElection
2019-10-21 23:03:34,727 [1244ca21-2158-4cc7-9e07-ba347e145504@group-C1C12825AC52-LeaderElection1214] INFO  impl.RoleInfo (RoleInfo.java:updateAndGet(143)) - 1244ca21-2158-4cc7-9e07-ba347e145504: start FollowerState
2019-10-21 23:03:34,914 [Thread-10517] INFO  impl.FollowerState (FollowerState.java:run(108)) - 1244ca21-2158-4cc7-9e07-ba347e145504@group-C1C12825AC52-FollowerState: change to CANDIDATE, lastRpcTime:186ms, electionTimeout:186ms
2019-10-21 23:03:34,914 [Thread-10517] INFO  impl.RoleInfo (RoleInfo.java:shutdownFollowerState(121)) - 1244ca21-2158-4cc7-9e07-ba347e145504: shutdown FollowerState
2019-10-21 23:03:34,914 [Thread-10517] INFO  impl.RaftServerImpl (RaftServerImpl.java:setRole(184)) - 1244ca21-2158-4cc7-9e07-ba347e145504@group-C1C12825AC52: changes role from  FOLLOWER to CANDIDATE at term 151 for changeToCandidate
2019-10-21 23:03:34,914 [Thread-10517] INFO  impl.RoleInfo (RoleInfo.java:updateAndGet(143)) - 1244ca21-2158-4cc7-9e07-ba347e145504: start LeaderElection
2019-10-21 23:03:34,919 [1244ca21-2158-4cc7-9e07-ba347e145504@group-C1C12825AC52-LeaderElection1215] INFO  impl.LeaderElection (LeaderElection.java:askForVotes(178)) - 1244ca21-2158-4cc7-9e07-ba347e145504@group-C1C12825AC52-LeaderElection1215: begin an election at term 152 for -1: [1244ca21-2158-4cc7-9e07-ba347e145504:192.168.69.118:43370, 7c107f1d-8592-48e3-af71-5982c0af1f56:192.168.69.118:36514, d10c8639-03b1-4f19-ac0f-6419d7578d59:192.168.69.118:37568], old=null
2019-10-21 23:03:34,920 [1244ca21-2158-4cc7-9e07-ba347e145504@group-C1C12825AC52-LeaderElection1215] INFO  impl.LeaderElection (LogUtils.java:infoOrTrace(149)) - 1244ca21-2158-4cc7-9e07-ba347e145504@group-C1C12825AC52-LeaderElection1215 got exception when requesting votes: {}
java.util.concurrent.ExecutionException: org.apache.ratis.thirdparty.io.grpc.StatusRuntimeException: UNAVAILABLE: io exception
	at java.util.concurrent.FutureTask.report(FutureTask.java:122)
	at java.util.concurrent.FutureTask.get(FutureTask.java:192)
	at org.apache.ratis.server.impl.LeaderElection.waitForResults(LeaderElection.java:259)
	at org.apache.ratis.server.impl.LeaderElection.askForVotes(LeaderElection.java:197)
	at org.apache.ratis.server.impl.LeaderElection.run(LeaderElection.java:133)
	at java.lang.Thread.run(Thread.java:748)
Caused by: org.apache.ratis.thirdparty.io.grpc.StatusRuntimeException: UNAVAILABLE: io exception
	at org.apache.ratis.thirdparty.io.grpc.stub.ClientCalls.toStatusRuntimeException(ClientCalls.java:233)
	at org.apache.ratis.thirdparty.io.grpc.stub.ClientCalls.getUnchecked(ClientCalls.java:214)
	at org.apache.ratis.thirdparty.io.grpc.stub.ClientCalls.blockingUnaryCall(ClientCalls.java:139)
	at org.apache.ratis.proto.grpc.RaftServerProtocolServiceGrpc$RaftServerProtocolServiceBlockingStub.requestVote(RaftServerProtocolServiceGrpc.java:265)
	at org.apache.ratis.grpc.server.GrpcServerProtocolClient.requestVote(GrpcServerProtocolClient.java:99)
	at org.apache.ratis.grpc.server.GrpcService.requestVote(GrpcService.java:204)
	at org.apache.ratis.server.impl.LeaderElection.lambda$submitRequests$1(LeaderElection.java:234)
	at java.util.concurrent.FutureTask.run(FutureTask.java:266)
	at java.util.concurrent.Executors$RunnableAdapter.call(Executors.java:511)
	at java.util.concurrent.FutureTask.run(FutureTask.java:266)
	at java.util.concurrent.ThreadPoolExecutor.runWorker(ThreadPoolExecutor.java:1149)
	at java.util.concurrent.ThreadPoolExecutor$Worker.run(ThreadPoolExecutor.java:624)
	... 1 more
Caused by: org.apache.ratis.thirdparty.io.netty.channel.AbstractChannel$AnnotatedConnectException: Connection refused: /192.168.69.118:37568
	at sun.nio.ch.SocketChannelImpl.checkConnect(Native Method)
	at sun.nio.ch.SocketChannelImpl.finishConnect(SocketChannelImpl.java:717)
	at org.apache.ratis.thirdparty.io.netty.channel.socket.nio.NioSocketChannel.doFinishConnect(NioSocketChannel.java:327)
	at org.apache.ratis.thirdparty.io.netty.channel.nio.AbstractNioChannel$AbstractNioUnsafe.finishConnect(AbstractNioChannel.java:340)
	at org.apache.ratis.thirdparty.io.netty.channel.nio.NioEventLoop.processSelectedKey(NioEventLoop.java:632)
	at org.apache.ratis.thirdparty.io.netty.channel.nio.NioEventLoop.processSelectedKeysOptimized(NioEventLoop.java:579)
	at org.apache.ratis.thirdparty.io.netty.channel.nio.NioEventLoop.processSelectedKeys(NioEventLoop.java:496)
	at org.apache.ratis.thirdparty.io.netty.channel.nio.NioEventLoop.run(NioEventLoop.java:458)
	at org.apache.ratis.thirdparty.io.netty.util.concurrent.SingleThreadEventExecutor$5.run(SingleThreadEventExecutor.java:897)
	at org.apache.ratis.thirdparty.io.netty.util.concurrent.FastThreadLocalRunnable.run(FastThreadLocalRunnable.java:30)
	... 1 more
Caused by: java.net.ConnectException: Connection refused
	... 11 more
2019-10-21 23:03:34,920 [grpc-default-executor-0] INFO  impl.RaftServerImpl (RaftServerImpl.java:setRole(184)) - 7c107f1d-8592-48e3-af71-5982c0af1f56@group-C1C12825AC52: changes role from  FOLLOWER to FOLLOWER at term 152 for recognizeCandidate:1244ca21-2158-4cc7-9e07-ba347e145504
2019-10-21 23:03:34,920 [grpc-default-executor-0] INFO  impl.RoleInfo (RoleInfo.java:shutdownFollowerState(121)) - 7c107f1d-8592-48e3-af71-5982c0af1f56: shutdown FollowerState
2019-10-21 23:03:34,921 [grpc-default-executor-0] INFO  impl.RoleInfo (RoleInfo.java:updateAndGet(143)) - 7c107f1d-8592-48e3-af71-5982c0af1f56: start FollowerState
2019-10-21 23:03:34,921 [Thread-10516] INFO  impl.FollowerState (FollowerState.java:run(117)) - 7c107f1d-8592-48e3-af71-5982c0af1f56@group-C1C12825AC52-FollowerState was interrupted: java.lang.InterruptedException: sleep interrupted
2019-10-21 23:03:34,934 [1244ca21-2158-4cc7-9e07-ba347e145504@group-C1C12825AC52-LeaderElection1215] INFO  impl.LeaderElection (LeaderElection.java:logAndReturn(56)) - 1244ca21-2158-4cc7-9e07-ba347e145504@group-C1C12825AC52-LeaderElection1215: Election REJECTED; received 1 response(s) [1244ca21-2158-4cc7-9e07-ba347e145504<-7c107f1d-8592-48e3-af71-5982c0af1f56#0:FAIL-t152] and 1 exception(s); 1244ca21-2158-4cc7-9e07-ba347e145504@group-C1C12825AC52:t152, leader=null, voted=1244ca21-2158-4cc7-9e07-ba347e145504, raftlog=1244ca21-2158-4cc7-9e07-ba347e145504@group-C1C12825AC52-SegmentedRaftLog:OPENED:c-1,f-1,i0, conf=-1: [1244ca21-2158-4cc7-9e07-ba347e145504:192.168.69.118:43370, 7c107f1d-8592-48e3-af71-5982c0af1f56:192.168.69.118:36514, d10c8639-03b1-4f19-ac0f-6419d7578d59:192.168.69.118:37568], old=null
2019-10-21 23:03:34,934 [1244ca21-2158-4cc7-9e07-ba347e145504@group-C1C12825AC52-LeaderElection1215] INFO  impl.LeaderElection (LogUtils.java:infoOrTrace(149)) -   Exception 0: {}
java.util.concurrent.ExecutionException: org.apache.ratis.thirdparty.io.grpc.StatusRuntimeException: UNAVAILABLE: io exception
	at java.util.concurrent.FutureTask.report(FutureTask.java:122)
	at java.util.concurrent.FutureTask.get(FutureTask.java:192)
	at org.apache.ratis.server.impl.LeaderElection.waitForResults(LeaderElection.java:259)
	at org.apache.ratis.server.impl.LeaderElection.askForVotes(LeaderElection.java:197)
	at org.apache.ratis.server.impl.LeaderElection.run(LeaderElection.java:133)
	at java.lang.Thread.run(Thread.java:748)
Caused by: org.apache.ratis.thirdparty.io.grpc.StatusRuntimeException: UNAVAILABLE: io exception
	at org.apache.ratis.thirdparty.io.grpc.stub.ClientCalls.toStatusRuntimeException(ClientCalls.java:233)
	at org.apache.ratis.thirdparty.io.grpc.stub.ClientCalls.getUnchecked(ClientCalls.java:214)
	at org.apache.ratis.thirdparty.io.grpc.stub.ClientCalls.blockingUnaryCall(ClientCalls.java:139)
	at org.apache.ratis.proto.grpc.RaftServerProtocolServiceGrpc$RaftServerProtocolServiceBlockingStub.requestVote(RaftServerProtocolServiceGrpc.java:265)
	at org.apache.ratis.grpc.server.GrpcServerProtocolClient.requestVote(GrpcServerProtocolClient.java:99)
	at org.apache.ratis.grpc.server.GrpcService.requestVote(GrpcService.java:204)
	at org.apache.ratis.server.impl.LeaderElection.lambda$submitRequests$1(LeaderElection.java:234)
	at java.util.concurrent.FutureTask.run(FutureTask.java:266)
	at java.util.concurrent.Executors$RunnableAdapter.call(Executors.java:511)
	at java.util.concurrent.FutureTask.run(FutureTask.java:266)
	at java.util.concurrent.ThreadPoolExecutor.runWorker(ThreadPoolExecutor.java:1149)
	at java.util.concurrent.ThreadPoolExecutor$Worker.run(ThreadPoolExecutor.java:624)
	... 1 more
Caused by: org.apache.ratis.thirdparty.io.netty.channel.AbstractChannel$AnnotatedConnectException: Connection refused: /192.168.69.118:37568
	at sun.nio.ch.SocketChannelImpl.checkConnect(Native Method)
	at sun.nio.ch.SocketChannelImpl.finishConnect(SocketChannelImpl.java:717)
	at org.apache.ratis.thirdparty.io.netty.channel.socket.nio.NioSocketChannel.doFinishConnect(NioSocketChannel.java:327)
	at org.apache.ratis.thirdparty.io.netty.channel.nio.AbstractNioChannel$AbstractNioUnsafe.finishConnect(AbstractNioChannel.java:340)
	at org.apache.ratis.thirdparty.io.netty.channel.nio.NioEventLoop.processSelectedKey(NioEventLoop.java:632)
	at org.apache.ratis.thirdparty.io.netty.channel.nio.NioEventLoop.processSelectedKeysOptimized(NioEventLoop.java:579)
	at org.apache.ratis.thirdparty.io.netty.channel.nio.NioEventLoop.processSelectedKeys(NioEventLoop.java:496)
	at org.apache.ratis.thirdparty.io.netty.channel.nio.NioEventLoop.run(NioEventLoop.java:458)
	at org.apache.ratis.thirdparty.io.netty.util.concurrent.SingleThreadEventExecutor$5.run(SingleThreadEventExecutor.java:897)
	at org.apache.ratis.thirdparty.io.netty.util.concurrent.FastThreadLocalRunnable.run(FastThreadLocalRunnable.java:30)
	... 1 more
Caused by: java.net.ConnectException: Connection refused
	... 11 more
2019-10-21 23:03:34,934 [1244ca21-2158-4cc7-9e07-ba347e145504@group-C1C12825AC52-LeaderElection1215] INFO  impl.RaftServerImpl (RaftServerImpl.java:setRole(184)) - 1244ca21-2158-4cc7-9e07-ba347e145504@group-C1C12825AC52: changes role from CANDIDATE to FOLLOWER at term 152 for DISCOVERED_A_NEW_TERM
2019-10-21 23:03:34,934 [1244ca21-2158-4cc7-9e07-ba347e145504@group-C1C12825AC52-LeaderElection1215] INFO  impl.RoleInfo (RoleInfo.java:shutdownLeaderElection(134)) - 1244ca21-2158-4cc7-9e07-ba347e145504: shutdown LeaderElection
2019-10-21 23:03:34,934 [1244ca21-2158-4cc7-9e07-ba347e145504@group-C1C12825AC52-LeaderElection1215] INFO  impl.RoleInfo (RoleInfo.java:updateAndGet(143)) - 1244ca21-2158-4cc7-9e07-ba347e145504: start FollowerState
2019-10-21 23:03:35,002 [Thread-10522] INFO  impl.FollowerState (FollowerState.java:run(108)) - 1244ca21-2158-4cc7-9e07-ba347e145504@group-C1C12825AC52-FollowerState: change to CANDIDATE, lastRpcTime:67ms, electionTimeout:67ms
2019-10-21 23:03:35,002 [Thread-10522] INFO  impl.RoleInfo (RoleInfo.java:shutdownFollowerState(121)) - 1244ca21-2158-4cc7-9e07-ba347e145504: shutdown FollowerState
2019-10-21 23:03:35,002 [Thread-10522] INFO  impl.RaftServerImpl (RaftServerImpl.java:setRole(184)) - 1244ca21-2158-4cc7-9e07-ba347e145504@group-C1C12825AC52: changes role from  FOLLOWER to CANDIDATE at term 152 for changeToCandidate
2019-10-21 23:03:35,002 [Thread-10522] INFO  impl.RoleInfo (RoleInfo.java:updateAndGet(143)) - 1244ca21-2158-4cc7-9e07-ba347e145504: start LeaderElection
2019-10-21 23:03:35,017 [1244ca21-2158-4cc7-9e07-ba347e145504@group-C1C12825AC52-LeaderElection1216] INFO  impl.LeaderElection (LeaderElection.java:askForVotes(178)) - 1244ca21-2158-4cc7-9e07-ba347e145504@group-C1C12825AC52-LeaderElection1216: begin an election at term 153 for -1: [1244ca21-2158-4cc7-9e07-ba347e145504:192.168.69.118:43370, 7c107f1d-8592-48e3-af71-5982c0af1f56:192.168.69.118:36514, d10c8639-03b1-4f19-ac0f-6419d7578d59:192.168.69.118:37568], old=null
2019-10-21 23:03:35,018 [1244ca21-2158-4cc7-9e07-ba347e145504@group-C1C12825AC52-LeaderElection1216] INFO  impl.LeaderElection (LogUtils.java:infoOrTrace(149)) - 1244ca21-2158-4cc7-9e07-ba347e145504@group-C1C12825AC52-LeaderElection1216 got exception when requesting votes: {}
java.util.concurrent.ExecutionException: org.apache.ratis.thirdparty.io.grpc.StatusRuntimeException: UNAVAILABLE: io exception
	at java.util.concurrent.FutureTask.report(FutureTask.java:122)
	at java.util.concurrent.FutureTask.get(FutureTask.java:192)
	at org.apache.ratis.server.impl.LeaderElection.waitForResults(LeaderElection.java:259)
	at org.apache.ratis.server.impl.LeaderElection.askForVotes(LeaderElection.java:197)
	at org.apache.ratis.server.impl.LeaderElection.run(LeaderElection.java:133)
	at java.lang.Thread.run(Thread.java:748)
Caused by: org.apache.ratis.thirdparty.io.grpc.StatusRuntimeException: UNAVAILABLE: io exception
	at org.apache.ratis.thirdparty.io.grpc.stub.ClientCalls.toStatusRuntimeException(ClientCalls.java:233)
	at org.apache.ratis.thirdparty.io.grpc.stub.ClientCalls.getUnchecked(ClientCalls.java:214)
	at org.apache.ratis.thirdparty.io.grpc.stub.ClientCalls.blockingUnaryCall(ClientCalls.java:139)
	at org.apache.ratis.proto.grpc.RaftServerProtocolServiceGrpc$RaftServerProtocolServiceBlockingStub.requestVote(RaftServerProtocolServiceGrpc.java:265)
	at org.apache.ratis.grpc.server.GrpcServerProtocolClient.requestVote(GrpcServerProtocolClient.java:99)
	at org.apache.ratis.grpc.server.GrpcService.requestVote(GrpcService.java:204)
	at org.apache.ratis.server.impl.LeaderElection.lambda$submitRequests$1(LeaderElection.java:234)
	at java.util.concurrent.FutureTask.run(FutureTask.java:266)
	at java.util.concurrent.Executors$RunnableAdapter.call(Executors.java:511)
	at java.util.concurrent.FutureTask.run(FutureTask.java:266)
	at java.util.concurrent.ThreadPoolExecutor.runWorker(ThreadPoolExecutor.java:1149)
	at java.util.concurrent.ThreadPoolExecutor$Worker.run(ThreadPoolExecutor.java:624)
	... 1 more
Caused by: org.apache.ratis.thirdparty.io.netty.channel.AbstractChannel$AnnotatedConnectException: Connection refused: /192.168.69.118:37568
	at sun.nio.ch.SocketChannelImpl.checkConnect(Native Method)
	at sun.nio.ch.SocketChannelImpl.finishConnect(SocketChannelImpl.java:717)
	at org.apache.ratis.thirdparty.io.netty.channel.socket.nio.NioSocketChannel.doFinishConnect(NioSocketChannel.java:327)
	at org.apache.ratis.thirdparty.io.netty.channel.nio.AbstractNioChannel$AbstractNioUnsafe.finishConnect(AbstractNioChannel.java:340)
	at org.apache.ratis.thirdparty.io.netty.channel.nio.NioEventLoop.processSelectedKey(NioEventLoop.java:632)
	at org.apache.ratis.thirdparty.io.netty.channel.nio.NioEventLoop.processSelectedKeysOptimized(NioEventLoop.java:579)
	at org.apache.ratis.thirdparty.io.netty.channel.nio.NioEventLoop.processSelectedKeys(NioEventLoop.java:496)
	at org.apache.ratis.thirdparty.io.netty.channel.nio.NioEventLoop.run(NioEventLoop.java:458)
	at org.apache.ratis.thirdparty.io.netty.util.concurrent.SingleThreadEventExecutor$5.run(SingleThreadEventExecutor.java:897)
	at org.apache.ratis.thirdparty.io.netty.util.concurrent.FastThreadLocalRunnable.run(FastThreadLocalRunnable.java:30)
	... 1 more
Caused by: java.net.ConnectException: Connection refused
	... 11 more
2019-10-21 23:03:35,019 [grpc-default-executor-0] INFO  impl.RaftServerImpl (RaftServerImpl.java:setRole(184)) - 7c107f1d-8592-48e3-af71-5982c0af1f56@group-C1C12825AC52: changes role from  FOLLOWER to FOLLOWER at term 153 for recognizeCandidate:1244ca21-2158-4cc7-9e07-ba347e145504
2019-10-21 23:03:35,019 [grpc-default-executor-0] INFO  impl.RoleInfo (RoleInfo.java:shutdownFollowerState(121)) - 7c107f1d-8592-48e3-af71-5982c0af1f56: shutdown FollowerState
2019-10-21 23:03:35,019 [grpc-default-executor-0] INFO  impl.RoleInfo (RoleInfo.java:updateAndGet(143)) - 7c107f1d-8592-48e3-af71-5982c0af1f56: start FollowerState
2019-10-21 23:03:35,019 [Thread-10521] INFO  impl.FollowerState (FollowerState.java:run(117)) - 7c107f1d-8592-48e3-af71-5982c0af1f56@group-C1C12825AC52-FollowerState was interrupted: java.lang.InterruptedException: sleep interrupted
2019-10-21 23:03:35,024 [1244ca21-2158-4cc7-9e07-ba347e145504@group-C1C12825AC52-LeaderElection1216] INFO  impl.LeaderElection (LeaderElection.java:logAndReturn(56)) - 1244ca21-2158-4cc7-9e07-ba347e145504@group-C1C12825AC52-LeaderElection1216: Election REJECTED; received 1 response(s) [1244ca21-2158-4cc7-9e07-ba347e145504<-7c107f1d-8592-48e3-af71-5982c0af1f56#0:FAIL-t153] and 1 exception(s); 1244ca21-2158-4cc7-9e07-ba347e145504@group-C1C12825AC52:t153, leader=null, voted=1244ca21-2158-4cc7-9e07-ba347e145504, raftlog=1244ca21-2158-4cc7-9e07-ba347e145504@group-C1C12825AC52-SegmentedRaftLog:OPENED:c-1,f-1,i0, conf=-1: [1244ca21-2158-4cc7-9e07-ba347e145504:192.168.69.118:43370, 7c107f1d-8592-48e3-af71-5982c0af1f56:192.168.69.118:36514, d10c8639-03b1-4f19-ac0f-6419d7578d59:192.168.69.118:37568], old=null
2019-10-21 23:03:35,024 [1244ca21-2158-4cc7-9e07-ba347e145504@group-C1C12825AC52-LeaderElection1216] INFO  impl.LeaderElection (LogUtils.java:infoOrTrace(149)) -   Exception 0: {}
java.util.concurrent.ExecutionException: org.apache.ratis.thirdparty.io.grpc.StatusRuntimeException: UNAVAILABLE: io exception
	at java.util.concurrent.FutureTask.report(FutureTask.java:122)
	at java.util.concurrent.FutureTask.get(FutureTask.java:192)
	at org.apache.ratis.server.impl.LeaderElection.waitForResults(LeaderElection.java:259)
	at org.apache.ratis.server.impl.LeaderElection.askForVotes(LeaderElection.java:197)
	at org.apache.ratis.server.impl.LeaderElection.run(LeaderElection.java:133)
	at java.lang.Thread.run(Thread.java:748)
Caused by: org.apache.ratis.thirdparty.io.grpc.StatusRuntimeException: UNAVAILABLE: io exception
	at org.apache.ratis.thirdparty.io.grpc.stub.ClientCalls.toStatusRuntimeException(ClientCalls.java:233)
	at org.apache.ratis.thirdparty.io.grpc.stub.ClientCalls.getUnchecked(ClientCalls.java:214)
	at org.apache.ratis.thirdparty.io.grpc.stub.ClientCalls.blockingUnaryCall(ClientCalls.java:139)
	at org.apache.ratis.proto.grpc.RaftServerProtocolServiceGrpc$RaftServerProtocolServiceBlockingStub.requestVote(RaftServerProtocolServiceGrpc.java:265)
	at org.apache.ratis.grpc.server.GrpcServerProtocolClient.requestVote(GrpcServerProtocolClient.java:99)
	at org.apache.ratis.grpc.server.GrpcService.requestVote(GrpcService.java:204)
	at org.apache.ratis.server.impl.LeaderElection.lambda$submitRequests$1(LeaderElection.java:234)
	at java.util.concurrent.FutureTask.run(FutureTask.java:266)
	at java.util.concurrent.Executors$RunnableAdapter.call(Executors.java:511)
	at java.util.concurrent.FutureTask.run(FutureTask.java:266)
	at java.util.concurrent.ThreadPoolExecutor.runWorker(ThreadPoolExecutor.java:1149)
	at java.util.concurrent.ThreadPoolExecutor$Worker.run(ThreadPoolExecutor.java:624)
	... 1 more
Caused by: org.apache.ratis.thirdparty.io.netty.channel.AbstractChannel$AnnotatedConnectException: Connection refused: /192.168.69.118:37568
	at sun.nio.ch.SocketChannelImpl.checkConnect(Native Method)
	at sun.nio.ch.SocketChannelImpl.finishConnect(SocketChannelImpl.java:717)
	at org.apache.ratis.thirdparty.io.netty.channel.socket.nio.NioSocketChannel.doFinishConnect(NioSocketChannel.java:327)
	at org.apache.ratis.thirdparty.io.netty.channel.nio.AbstractNioChannel$AbstractNioUnsafe.finishConnect(AbstractNioChannel.java:340)
	at org.apache.ratis.thirdparty.io.netty.channel.nio.NioEventLoop.processSelectedKey(NioEventLoop.java:632)
	at org.apache.ratis.thirdparty.io.netty.channel.nio.NioEventLoop.processSelectedKeysOptimized(NioEventLoop.java:579)
	at org.apache.ratis.thirdparty.io.netty.channel.nio.NioEventLoop.processSelectedKeys(NioEventLoop.java:496)
	at org.apache.ratis.thirdparty.io.netty.channel.nio.NioEventLoop.run(NioEventLoop.java:458)
	at org.apache.ratis.thirdparty.io.netty.util.concurrent.SingleThreadEventExecutor$5.run(SingleThreadEventExecutor.java:897)
	at org.apache.ratis.thirdparty.io.netty.util.concurrent.FastThreadLocalRunnable.run(FastThreadLocalRunnable.java:30)
	... 1 more
Caused by: java.net.ConnectException: Connection refused
	... 11 more
2019-10-21 23:03:35,024 [1244ca21-2158-4cc7-9e07-ba347e145504@group-C1C12825AC52-LeaderElection1216] INFO  impl.RaftServerImpl (RaftServerImpl.java:setRole(184)) - 1244ca21-2158-4cc7-9e07-ba347e145504@group-C1C12825AC52: changes role from CANDIDATE to FOLLOWER at term 153 for DISCOVERED_A_NEW_TERM
2019-10-21 23:03:35,024 [1244ca21-2158-4cc7-9e07-ba347e145504@group-C1C12825AC52-LeaderElection1216] INFO  impl.RoleInfo (RoleInfo.java:shutdownLeaderElection(134)) - 1244ca21-2158-4cc7-9e07-ba347e145504: shutdown LeaderElection
2019-10-21 23:03:35,024 [1244ca21-2158-4cc7-9e07-ba347e145504@group-C1C12825AC52-LeaderElection1216] INFO  impl.RoleInfo (RoleInfo.java:updateAndGet(143)) - 1244ca21-2158-4cc7-9e07-ba347e145504: start FollowerState
2019-10-21 23:03:35,072 [Thread-10527] INFO  impl.FollowerState (FollowerState.java:run(108)) - 1244ca21-2158-4cc7-9e07-ba347e145504@group-C1C12825AC52-FollowerState: change to CANDIDATE, lastRpcTime:47ms, electionTimeout:47ms
2019-10-21 23:03:35,072 [Thread-10527] INFO  impl.RoleInfo (RoleInfo.java:shutdownFollowerState(121)) - 1244ca21-2158-4cc7-9e07-ba347e145504: shutdown FollowerState
2019-10-21 23:03:35,072 [Thread-10527] INFO  impl.RaftServerImpl (RaftServerImpl.java:setRole(184)) - 1244ca21-2158-4cc7-9e07-ba347e145504@group-C1C12825AC52: changes role from  FOLLOWER to CANDIDATE at term 153 for changeToCandidate
2019-10-21 23:03:35,072 [Thread-10527] INFO  impl.RoleInfo (RoleInfo.java:updateAndGet(143)) - 1244ca21-2158-4cc7-9e07-ba347e145504: start LeaderElection
2019-10-21 23:03:35,086 [1244ca21-2158-4cc7-9e07-ba347e145504@group-C1C12825AC52-LeaderElection1217] INFO  impl.LeaderElection (LeaderElection.java:askForVotes(178)) - 1244ca21-2158-4cc7-9e07-ba347e145504@group-C1C12825AC52-LeaderElection1217: begin an election at term 154 for -1: [1244ca21-2158-4cc7-9e07-ba347e145504:192.168.69.118:43370, 7c107f1d-8592-48e3-af71-5982c0af1f56:192.168.69.118:36514, d10c8639-03b1-4f19-ac0f-6419d7578d59:192.168.69.118:37568], old=null
2019-10-21 23:03:35,087 [1244ca21-2158-4cc7-9e07-ba347e145504@group-C1C12825AC52-LeaderElection1217] INFO  impl.LeaderElection (LogUtils.java:infoOrTrace(149)) - 1244ca21-2158-4cc7-9e07-ba347e145504@group-C1C12825AC52-LeaderElection1217 got exception when requesting votes: {}
java.util.concurrent.ExecutionException: org.apache.ratis.thirdparty.io.grpc.StatusRuntimeException: UNAVAILABLE: io exception
	at java.util.concurrent.FutureTask.report(FutureTask.java:122)
	at java.util.concurrent.FutureTask.get(FutureTask.java:192)
	at org.apache.ratis.server.impl.LeaderElection.waitForResults(LeaderElection.java:259)
	at org.apache.ratis.server.impl.LeaderElection.askForVotes(LeaderElection.java:197)
	at org.apache.ratis.server.impl.LeaderElection.run(LeaderElection.java:133)
	at java.lang.Thread.run(Thread.java:748)
Caused by: org.apache.ratis.thirdparty.io.grpc.StatusRuntimeException: UNAVAILABLE: io exception
	at org.apache.ratis.thirdparty.io.grpc.stub.ClientCalls.toStatusRuntimeException(ClientCalls.java:233)
	at org.apache.ratis.thirdparty.io.grpc.stub.ClientCalls.getUnchecked(ClientCalls.java:214)
	at org.apache.ratis.thirdparty.io.grpc.stub.ClientCalls.blockingUnaryCall(ClientCalls.java:139)
	at org.apache.ratis.proto.grpc.RaftServerProtocolServiceGrpc$RaftServerProtocolServiceBlockingStub.requestVote(RaftServerProtocolServiceGrpc.java:265)
	at org.apache.ratis.grpc.server.GrpcServerProtocolClient.requestVote(GrpcServerProtocolClient.java:99)
	at org.apache.ratis.grpc.server.GrpcService.requestVote(GrpcService.java:204)
	at org.apache.ratis.server.impl.LeaderElection.lambda$submitRequests$1(LeaderElection.java:234)
	at java.util.concurrent.FutureTask.run(FutureTask.java:266)
	at java.util.concurrent.Executors$RunnableAdapter.call(Executors.java:511)
	at java.util.concurrent.FutureTask.run(FutureTask.java:266)
	at java.util.concurrent.ThreadPoolExecutor.runWorker(ThreadPoolExecutor.java:1149)
	at java.util.concurrent.ThreadPoolExecutor$Worker.run(ThreadPoolExecutor.java:624)
	... 1 more
Caused by: org.apache.ratis.thirdparty.io.netty.channel.AbstractChannel$AnnotatedConnectException: Connection refused: /192.168.69.118:37568
	at sun.nio.ch.SocketChannelImpl.checkConnect(Native Method)
	at sun.nio.ch.SocketChannelImpl.finishConnect(SocketChannelImpl.java:717)
	at org.apache.ratis.thirdparty.io.netty.channel.socket.nio.NioSocketChannel.doFinishConnect(NioSocketChannel.java:327)
	at org.apache.ratis.thirdparty.io.netty.channel.nio.AbstractNioChannel$AbstractNioUnsafe.finishConnect(AbstractNioChannel.java:340)
	at org.apache.ratis.thirdparty.io.netty.channel.nio.NioEventLoop.processSelectedKey(NioEventLoop.java:632)
	at org.apache.ratis.thirdparty.io.netty.channel.nio.NioEventLoop.processSelectedKeysOptimized(NioEventLoop.java:579)
	at org.apache.ratis.thirdparty.io.netty.channel.nio.NioEventLoop.processSelectedKeys(NioEventLoop.java:496)
	at org.apache.ratis.thirdparty.io.netty.channel.nio.NioEventLoop.run(NioEventLoop.java:458)
	at org.apache.ratis.thirdparty.io.netty.util.concurrent.SingleThreadEventExecutor$5.run(SingleThreadEventExecutor.java:897)
	at org.apache.ratis.thirdparty.io.netty.util.concurrent.FastThreadLocalRunnable.run(FastThreadLocalRunnable.java:30)
	... 1 more
Caused by: java.net.ConnectException: Connection refused
	... 11 more
2019-10-21 23:03:35,087 [grpc-default-executor-0] INFO  impl.RaftServerImpl (RaftServerImpl.java:setRole(184)) - 7c107f1d-8592-48e3-af71-5982c0af1f56@group-C1C12825AC52: changes role from  FOLLOWER to FOLLOWER at term 154 for recognizeCandidate:1244ca21-2158-4cc7-9e07-ba347e145504
2019-10-21 23:03:35,087 [grpc-default-executor-0] INFO  impl.RoleInfo (RoleInfo.java:shutdownFollowerState(121)) - 7c107f1d-8592-48e3-af71-5982c0af1f56: shutdown FollowerState
2019-10-21 23:03:35,087 [grpc-default-executor-0] INFO  impl.RoleInfo (RoleInfo.java:updateAndGet(143)) - 7c107f1d-8592-48e3-af71-5982c0af1f56: start FollowerState
2019-10-21 23:03:35,088 [Thread-10526] INFO  impl.FollowerState (FollowerState.java:run(117)) - 7c107f1d-8592-48e3-af71-5982c0af1f56@group-C1C12825AC52-FollowerState was interrupted: java.lang.InterruptedException: sleep interrupted
2019-10-21 23:03:35,101 [1244ca21-2158-4cc7-9e07-ba347e145504@group-C1C12825AC52-LeaderElection1217] INFO  impl.LeaderElection (LeaderElection.java:logAndReturn(56)) - 1244ca21-2158-4cc7-9e07-ba347e145504@group-C1C12825AC52-LeaderElection1217: Election REJECTED; received 1 response(s) [1244ca21-2158-4cc7-9e07-ba347e145504<-7c107f1d-8592-48e3-af71-5982c0af1f56#0:FAIL-t154] and 1 exception(s); 1244ca21-2158-4cc7-9e07-ba347e145504@group-C1C12825AC52:t154, leader=null, voted=1244ca21-2158-4cc7-9e07-ba347e145504, raftlog=1244ca21-2158-4cc7-9e07-ba347e145504@group-C1C12825AC52-SegmentedRaftLog:OPENED:c-1,f-1,i0, conf=-1: [1244ca21-2158-4cc7-9e07-ba347e145504:192.168.69.118:43370, 7c107f1d-8592-48e3-af71-5982c0af1f56:192.168.69.118:36514, d10c8639-03b1-4f19-ac0f-6419d7578d59:192.168.69.118:37568], old=null
2019-10-21 23:03:35,101 [1244ca21-2158-4cc7-9e07-ba347e145504@group-C1C12825AC52-LeaderElection1217] INFO  impl.LeaderElection (LogUtils.java:infoOrTrace(149)) -   Exception 0: {}
java.util.concurrent.ExecutionException: org.apache.ratis.thirdparty.io.grpc.StatusRuntimeException: UNAVAILABLE: io exception
	at java.util.concurrent.FutureTask.report(FutureTask.java:122)
	at java.util.concurrent.FutureTask.get(FutureTask.java:192)
	at org.apache.ratis.server.impl.LeaderElection.waitForResults(LeaderElection.java:259)
	at org.apache.ratis.server.impl.LeaderElection.askForVotes(LeaderElection.java:197)
	at org.apache.ratis.server.impl.LeaderElection.run(LeaderElection.java:133)
	at java.lang.Thread.run(Thread.java:748)
Caused by: org.apache.ratis.thirdparty.io.grpc.StatusRuntimeException: UNAVAILABLE: io exception
	at org.apache.ratis.thirdparty.io.grpc.stub.ClientCalls.toStatusRuntimeException(ClientCalls.java:233)
	at org.apache.ratis.thirdparty.io.grpc.stub.ClientCalls.getUnchecked(ClientCalls.java:214)
	at org.apache.ratis.thirdparty.io.grpc.stub.ClientCalls.blockingUnaryCall(ClientCalls.java:139)
	at org.apache.ratis.proto.grpc.RaftServerProtocolServiceGrpc$RaftServerProtocolServiceBlockingStub.requestVote(RaftServerProtocolServiceGrpc.java:265)
	at org.apache.ratis.grpc.server.GrpcServerProtocolClient.requestVote(GrpcServerProtocolClient.java:99)
	at org.apache.ratis.grpc.server.GrpcService.requestVote(GrpcService.java:204)
	at org.apache.ratis.server.impl.LeaderElection.lambda$submitRequests$1(LeaderElection.java:234)
	at java.util.concurrent.FutureTask.run(FutureTask.java:266)
	at java.util.concurrent.Executors$RunnableAdapter.call(Executors.java:511)
	at java.util.concurrent.FutureTask.run(FutureTask.java:266)
	at java.util.concurrent.ThreadPoolExecutor.runWorker(ThreadPoolExecutor.java:1149)
	at java.util.concurrent.ThreadPoolExecutor$Worker.run(ThreadPoolExecutor.java:624)
	... 1 more
Caused by: org.apache.ratis.thirdparty.io.netty.channel.AbstractChannel$AnnotatedConnectException: Connection refused: /192.168.69.118:37568
	at sun.nio.ch.SocketChannelImpl.checkConnect(Native Method)
	at sun.nio.ch.SocketChannelImpl.finishConnect(SocketChannelImpl.java:717)
	at org.apache.ratis.thirdparty.io.netty.channel.socket.nio.NioSocketChannel.doFinishConnect(NioSocketChannel.java:327)
	at org.apache.ratis.thirdparty.io.netty.channel.nio.AbstractNioChannel$AbstractNioUnsafe.finishConnect(AbstractNioChannel.java:340)
	at org.apache.ratis.thirdparty.io.netty.channel.nio.NioEventLoop.processSelectedKey(NioEventLoop.java:632)
	at org.apache.ratis.thirdparty.io.netty.channel.nio.NioEventLoop.processSelectedKeysOptimized(NioEventLoop.java:579)
	at org.apache.ratis.thirdparty.io.netty.channel.nio.NioEventLoop.processSelectedKeys(NioEventLoop.java:496)
	at org.apache.ratis.thirdparty.io.netty.channel.nio.NioEventLoop.run(NioEventLoop.java:458)
	at org.apache.ratis.thirdparty.io.netty.util.concurrent.SingleThreadEventExecutor$5.run(SingleThreadEventExecutor.java:897)
	at org.apache.ratis.thirdparty.io.netty.util.concurrent.FastThreadLocalRunnable.run(FastThreadLocalRunnable.java:30)
	... 1 more
Caused by: java.net.ConnectException: Connection refused
	... 11 more
2019-10-21 23:03:35,101 [1244ca21-2158-4cc7-9e07-ba347e145504@group-C1C12825AC52-LeaderElection1217] INFO  impl.RaftServerImpl (RaftServerImpl.java:setRole(184)) - 1244ca21-2158-4cc7-9e07-ba347e145504@group-C1C12825AC52: changes role from CANDIDATE to FOLLOWER at term 154 for DISCOVERED_A_NEW_TERM
2019-10-21 23:03:35,101 [1244ca21-2158-4cc7-9e07-ba347e145504@group-C1C12825AC52-LeaderElection1217] INFO  impl.RoleInfo (RoleInfo.java:shutdownLeaderElection(134)) - 1244ca21-2158-4cc7-9e07-ba347e145504: shutdown LeaderElection
2019-10-21 23:03:35,101 [1244ca21-2158-4cc7-9e07-ba347e145504@group-C1C12825AC52-LeaderElection1217] INFO  impl.RoleInfo (RoleInfo.java:updateAndGet(143)) - 1244ca21-2158-4cc7-9e07-ba347e145504: start FollowerState
2019-10-21 23:03:35,147 [Thread-10534] INFO  impl.FollowerState (FollowerState.java:run(108)) - 1244ca21-2158-4cc7-9e07-ba347e145504@group-C1C12825AC52-FollowerState: change to CANDIDATE, lastRpcTime:45ms, electionTimeout:45ms
2019-10-21 23:03:35,147 [Thread-10534] INFO  impl.RoleInfo (RoleInfo.java:shutdownFollowerState(121)) - 1244ca21-2158-4cc7-9e07-ba347e145504: shutdown FollowerState
2019-10-21 23:03:35,147 [Thread-10534] INFO  impl.RaftServerImpl (RaftServerImpl.java:setRole(184)) - 1244ca21-2158-4cc7-9e07-ba347e145504@group-C1C12825AC52: changes role from  FOLLOWER to CANDIDATE at term 154 for changeToCandidate
2019-10-21 23:03:35,147 [Thread-10534] INFO  impl.RoleInfo (RoleInfo.java:updateAndGet(143)) - 1244ca21-2158-4cc7-9e07-ba347e145504: start LeaderElection
2019-10-21 23:03:35,151 [1244ca21-2158-4cc7-9e07-ba347e145504@group-C1C12825AC52-LeaderElection1218] INFO  impl.LeaderElection (LeaderElection.java:askForVotes(178)) - 1244ca21-2158-4cc7-9e07-ba347e145504@group-C1C12825AC52-LeaderElection1218: begin an election at term 155 for -1: [1244ca21-2158-4cc7-9e07-ba347e145504:192.168.69.118:43370, 7c107f1d-8592-48e3-af71-5982c0af1f56:192.168.69.118:36514, d10c8639-03b1-4f19-ac0f-6419d7578d59:192.168.69.118:37568], old=null
2019-10-21 23:03:35,152 [1244ca21-2158-4cc7-9e07-ba347e145504@group-C1C12825AC52-LeaderElection1218] INFO  impl.LeaderElection (LogUtils.java:infoOrTrace(149)) - 1244ca21-2158-4cc7-9e07-ba347e145504@group-C1C12825AC52-LeaderElection1218 got exception when requesting votes: {}
java.util.concurrent.ExecutionException: org.apache.ratis.thirdparty.io.grpc.StatusRuntimeException: UNAVAILABLE: io exception
	at java.util.concurrent.FutureTask.report(FutureTask.java:122)
	at java.util.concurrent.FutureTask.get(FutureTask.java:192)
	at org.apache.ratis.server.impl.LeaderElection.waitForResults(LeaderElection.java:259)
	at org.apache.ratis.server.impl.LeaderElection.askForVotes(LeaderElection.java:197)
	at org.apache.ratis.server.impl.LeaderElection.run(LeaderElection.java:133)
	at java.lang.Thread.run(Thread.java:748)
Caused by: org.apache.ratis.thirdparty.io.grpc.StatusRuntimeException: UNAVAILABLE: io exception
	at org.apache.ratis.thirdparty.io.grpc.stub.ClientCalls.toStatusRuntimeException(ClientCalls.java:233)
	at org.apache.ratis.thirdparty.io.grpc.stub.ClientCalls.getUnchecked(ClientCalls.java:214)
	at org.apache.ratis.thirdparty.io.grpc.stub.ClientCalls.blockingUnaryCall(ClientCalls.java:139)
	at org.apache.ratis.proto.grpc.RaftServerProtocolServiceGrpc$RaftServerProtocolServiceBlockingStub.requestVote(RaftServerProtocolServiceGrpc.java:265)
	at org.apache.ratis.grpc.server.GrpcServerProtocolClient.requestVote(GrpcServerProtocolClient.java:99)
	at org.apache.ratis.grpc.server.GrpcService.requestVote(GrpcService.java:204)
	at org.apache.ratis.server.impl.LeaderElection.lambda$submitRequests$1(LeaderElection.java:234)
	at java.util.concurrent.FutureTask.run(FutureTask.java:266)
	at java.util.concurrent.Executors$RunnableAdapter.call(Executors.java:511)
	at java.util.concurrent.FutureTask.run(FutureTask.java:266)
	at java.util.concurrent.ThreadPoolExecutor.runWorker(ThreadPoolExecutor.java:1149)
	at java.util.concurrent.ThreadPoolExecutor$Worker.run(ThreadPoolExecutor.java:624)
	... 1 more
Caused by: org.apache.ratis.thirdparty.io.netty.channel.AbstractChannel$AnnotatedConnectException: Connection refused: /192.168.69.118:37568
	at sun.nio.ch.SocketChannelImpl.checkConnect(Native Method)
	at sun.nio.ch.SocketChannelImpl.finishConnect(SocketChannelImpl.java:717)
	at org.apache.ratis.thirdparty.io.netty.channel.socket.nio.NioSocketChannel.doFinishConnect(NioSocketChannel.java:327)
	at org.apache.ratis.thirdparty.io.netty.channel.nio.AbstractNioChannel$AbstractNioUnsafe.finishConnect(AbstractNioChannel.java:340)
	at org.apache.ratis.thirdparty.io.netty.channel.nio.NioEventLoop.processSelectedKey(NioEventLoop.java:632)
	at org.apache.ratis.thirdparty.io.netty.channel.nio.NioEventLoop.processSelectedKeysOptimized(NioEventLoop.java:579)
	at org.apache.ratis.thirdparty.io.netty.channel.nio.NioEventLoop.processSelectedKeys(NioEventLoop.java:496)
	at org.apache.ratis.thirdparty.io.netty.channel.nio.NioEventLoop.run(NioEventLoop.java:458)
	at org.apache.ratis.thirdparty.io.netty.util.concurrent.SingleThreadEventExecutor$5.run(SingleThreadEventExecutor.java:897)
	at org.apache.ratis.thirdparty.io.netty.util.concurrent.FastThreadLocalRunnable.run(FastThreadLocalRunnable.java:30)
	... 1 more
Caused by: java.net.ConnectException: Connection refused
	... 11 more
2019-10-21 23:03:35,153 [grpc-default-executor-0] INFO  impl.RaftServerImpl (RaftServerImpl.java:setRole(184)) - 7c107f1d-8592-48e3-af71-5982c0af1f56@group-C1C12825AC52: changes role from  FOLLOWER to FOLLOWER at term 155 for recognizeCandidate:1244ca21-2158-4cc7-9e07-ba347e145504
2019-10-21 23:03:35,153 [grpc-default-executor-0] INFO  impl.RoleInfo (RoleInfo.java:shutdownFollowerState(121)) - 7c107f1d-8592-48e3-af71-5982c0af1f56: shutdown FollowerState
2019-10-21 23:03:35,153 [grpc-default-executor-0] INFO  impl.RoleInfo (RoleInfo.java:updateAndGet(143)) - 7c107f1d-8592-48e3-af71-5982c0af1f56: start FollowerState
2019-10-21 23:03:35,153 [Thread-10533] INFO  impl.FollowerState (FollowerState.java:run(117)) - 7c107f1d-8592-48e3-af71-5982c0af1f56@group-C1C12825AC52-FollowerState was interrupted: java.lang.InterruptedException: sleep interrupted
2019-10-21 23:03:35,159 [1244ca21-2158-4cc7-9e07-ba347e145504@group-C1C12825AC52-LeaderElection1218] INFO  impl.LeaderElection (LeaderElection.java:logAndReturn(56)) - 1244ca21-2158-4cc7-9e07-ba347e145504@group-C1C12825AC52-LeaderElection1218: Election REJECTED; received 1 response(s) [1244ca21-2158-4cc7-9e07-ba347e145504<-7c107f1d-8592-48e3-af71-5982c0af1f56#0:FAIL-t155] and 1 exception(s); 1244ca21-2158-4cc7-9e07-ba347e145504@group-C1C12825AC52:t155, leader=null, voted=1244ca21-2158-4cc7-9e07-ba347e145504, raftlog=1244ca21-2158-4cc7-9e07-ba347e145504@group-C1C12825AC52-SegmentedRaftLog:OPENED:c-1,f-1,i0, conf=-1: [1244ca21-2158-4cc7-9e07-ba347e145504:192.168.69.118:43370, 7c107f1d-8592-48e3-af71-5982c0af1f56:192.168.69.118:36514, d10c8639-03b1-4f19-ac0f-6419d7578d59:192.168.69.118:37568], old=null
2019-10-21 23:03:35,159 [1244ca21-2158-4cc7-9e07-ba347e145504@group-C1C12825AC52-LeaderElection1218] INFO  impl.LeaderElection (LogUtils.java:infoOrTrace(149)) -   Exception 0: {}
java.util.concurrent.ExecutionException: org.apache.ratis.thirdparty.io.grpc.StatusRuntimeException: UNAVAILABLE: io exception
	at java.util.concurrent.FutureTask.report(FutureTask.java:122)
	at java.util.concurrent.FutureTask.get(FutureTask.java:192)
	at org.apache.ratis.server.impl.LeaderElection.waitForResults(LeaderElection.java:259)
	at org.apache.ratis.server.impl.LeaderElection.askForVotes(LeaderElection.java:197)
	at org.apache.ratis.server.impl.LeaderElection.run(LeaderElection.java:133)
	at java.lang.Thread.run(Thread.java:748)
Caused by: org.apache.ratis.thirdparty.io.grpc.StatusRuntimeException: UNAVAILABLE: io exception
	at org.apache.ratis.thirdparty.io.grpc.stub.ClientCalls.toStatusRuntimeException(ClientCalls.java:233)
	at org.apache.ratis.thirdparty.io.grpc.stub.ClientCalls.getUnchecked(ClientCalls.java:214)
	at org.apache.ratis.thirdparty.io.grpc.stub.ClientCalls.blockingUnaryCall(ClientCalls.java:139)
	at org.apache.ratis.proto.grpc.RaftServerProtocolServiceGrpc$RaftServerProtocolServiceBlockingStub.requestVote(RaftServerProtocolServiceGrpc.java:265)
	at org.apache.ratis.grpc.server.GrpcServerProtocolClient.requestVote(GrpcServerProtocolClient.java:99)
	at org.apache.ratis.grpc.server.GrpcService.requestVote(GrpcService.java:204)
	at org.apache.ratis.server.impl.LeaderElection.lambda$submitRequests$1(LeaderElection.java:234)
	at java.util.concurrent.FutureTask.run(FutureTask.java:266)
	at java.util.concurrent.Executors$RunnableAdapter.call(Executors.java:511)
	at java.util.concurrent.FutureTask.run(FutureTask.java:266)
	at java.util.concurrent.ThreadPoolExecutor.runWorker(ThreadPoolExecutor.java:1149)
	at java.util.concurrent.ThreadPoolExecutor$Worker.run(ThreadPoolExecutor.java:624)
	... 1 more
Caused by: org.apache.ratis.thirdparty.io.netty.channel.AbstractChannel$AnnotatedConnectException: Connection refused: /192.168.69.118:37568
	at sun.nio.ch.SocketChannelImpl.checkConnect(Native Method)
	at sun.nio.ch.SocketChannelImpl.finishConnect(SocketChannelImpl.java:717)
	at org.apache.ratis.thirdparty.io.netty.channel.socket.nio.NioSocketChannel.doFinishConnect(NioSocketChannel.java:327)
	at org.apache.ratis.thirdparty.io.netty.channel.nio.AbstractNioChannel$AbstractNioUnsafe.finishConnect(AbstractNioChannel.java:340)
	at org.apache.ratis.thirdparty.io.netty.channel.nio.NioEventLoop.processSelectedKey(NioEventLoop.java:632)
	at org.apache.ratis.thirdparty.io.netty.channel.nio.NioEventLoop.processSelectedKeysOptimized(NioEventLoop.java:579)
	at org.apache.ratis.thirdparty.io.netty.channel.nio.NioEventLoop.processSelectedKeys(NioEventLoop.java:496)
	at org.apache.ratis.thirdparty.io.netty.channel.nio.NioEventLoop.run(NioEventLoop.java:458)
	at org.apache.ratis.thirdparty.io.netty.util.concurrent.SingleThreadEventExecutor$5.run(SingleThreadEventExecutor.java:897)
	at org.apache.ratis.thirdparty.io.netty.util.concurrent.FastThreadLocalRunnable.run(FastThreadLocalRunnable.java:30)
	... 1 more
Caused by: java.net.ConnectException: Connection refused
	... 11 more
2019-10-21 23:03:35,159 [1244ca21-2158-4cc7-9e07-ba347e145504@group-C1C12825AC52-LeaderElection1218] INFO  impl.RaftServerImpl (RaftServerImpl.java:setRole(184)) - 1244ca21-2158-4cc7-9e07-ba347e145504@group-C1C12825AC52: changes role from CANDIDATE to FOLLOWER at term 155 for DISCOVERED_A_NEW_TERM
2019-10-21 23:03:35,159 [1244ca21-2158-4cc7-9e07-ba347e145504@group-C1C12825AC52-LeaderElection1218] INFO  impl.RoleInfo (RoleInfo.java:shutdownLeaderElection(134)) - 1244ca21-2158-4cc7-9e07-ba347e145504: shutdown LeaderElection
2019-10-21 23:03:35,159 [1244ca21-2158-4cc7-9e07-ba347e145504@group-C1C12825AC52-LeaderElection1218] INFO  impl.RoleInfo (RoleInfo.java:updateAndGet(143)) - 1244ca21-2158-4cc7-9e07-ba347e145504: start FollowerState
2019-10-21 23:03:35,343 [Thread-10541] INFO  impl.FollowerState (FollowerState.java:run(108)) - 1244ca21-2158-4cc7-9e07-ba347e145504@group-C1C12825AC52-FollowerState: change to CANDIDATE, lastRpcTime:184ms, electionTimeout:184ms
2019-10-21 23:03:35,344 [Thread-10541] INFO  impl.RoleInfo (RoleInfo.java:shutdownFollowerState(121)) - 1244ca21-2158-4cc7-9e07-ba347e145504: shutdown FollowerState
2019-10-21 23:03:35,344 [Thread-10541] INFO  impl.RaftServerImpl (RaftServerImpl.java:setRole(184)) - 1244ca21-2158-4cc7-9e07-ba347e145504@group-C1C12825AC52: changes role from  FOLLOWER to CANDIDATE at term 155 for changeToCandidate
2019-10-21 23:03:35,344 [Thread-10541] INFO  impl.RoleInfo (RoleInfo.java:updateAndGet(143)) - 1244ca21-2158-4cc7-9e07-ba347e145504: start LeaderElection
2019-10-21 23:03:35,359 [1244ca21-2158-4cc7-9e07-ba347e145504@group-C1C12825AC52-LeaderElection1219] INFO  impl.LeaderElection (LeaderElection.java:askForVotes(178)) - 1244ca21-2158-4cc7-9e07-ba347e145504@group-C1C12825AC52-LeaderElection1219: begin an election at term 156 for -1: [1244ca21-2158-4cc7-9e07-ba347e145504:192.168.69.118:43370, 7c107f1d-8592-48e3-af71-5982c0af1f56:192.168.69.118:36514, d10c8639-03b1-4f19-ac0f-6419d7578d59:192.168.69.118:37568], old=null
2019-10-21 23:03:35,360 [1244ca21-2158-4cc7-9e07-ba347e145504@group-C1C12825AC52-LeaderElection1219] INFO  impl.LeaderElection (LogUtils.java:infoOrTrace(149)) - 1244ca21-2158-4cc7-9e07-ba347e145504@group-C1C12825AC52-LeaderElection1219 got exception when requesting votes: {}
java.util.concurrent.ExecutionException: org.apache.ratis.thirdparty.io.grpc.StatusRuntimeException: UNAVAILABLE: io exception
	at java.util.concurrent.FutureTask.report(FutureTask.java:122)
	at java.util.concurrent.FutureTask.get(FutureTask.java:192)
	at org.apache.ratis.server.impl.LeaderElection.waitForResults(LeaderElection.java:259)
	at org.apache.ratis.server.impl.LeaderElection.askForVotes(LeaderElection.java:197)
	at org.apache.ratis.server.impl.LeaderElection.run(LeaderElection.java:133)
	at java.lang.Thread.run(Thread.java:748)
Caused by: org.apache.ratis.thirdparty.io.grpc.StatusRuntimeException: UNAVAILABLE: io exception
	at org.apache.ratis.thirdparty.io.grpc.stub.ClientCalls.toStatusRuntimeException(ClientCalls.java:233)
	at org.apache.ratis.thirdparty.io.grpc.stub.ClientCalls.getUnchecked(ClientCalls.java:214)
	at org.apache.ratis.thirdparty.io.grpc.stub.ClientCalls.blockingUnaryCall(ClientCalls.java:139)
	at org.apache.ratis.proto.grpc.RaftServerProtocolServiceGrpc$RaftServerProtocolServiceBlockingStub.requestVote(RaftServerProtocolServiceGrpc.java:265)
	at org.apache.ratis.grpc.server.GrpcServerProtocolClient.requestVote(GrpcServerProtocolClient.java:99)
	at org.apache.ratis.grpc.server.GrpcService.requestVote(GrpcService.java:204)
	at org.apache.ratis.server.impl.LeaderElection.lambda$submitRequests$1(LeaderElection.java:234)
	at java.util.concurrent.FutureTask.run(FutureTask.java:266)
	at java.util.concurrent.Executors$RunnableAdapter.call(Executors.java:511)
	at java.util.concurrent.FutureTask.run(FutureTask.java:266)
	at java.util.concurrent.ThreadPoolExecutor.runWorker(ThreadPoolExecutor.java:1149)
	at java.util.concurrent.ThreadPoolExecutor$Worker.run(ThreadPoolExecutor.java:624)
	... 1 more
Caused by: org.apache.ratis.thirdparty.io.netty.channel.AbstractChannel$AnnotatedConnectException: Connection refused: /192.168.69.118:37568
	at sun.nio.ch.SocketChannelImpl.checkConnect(Native Method)
	at sun.nio.ch.SocketChannelImpl.finishConnect(SocketChannelImpl.java:717)
	at org.apache.ratis.thirdparty.io.netty.channel.socket.nio.NioSocketChannel.doFinishConnect(NioSocketChannel.java:327)
	at org.apache.ratis.thirdparty.io.netty.channel.nio.AbstractNioChannel$AbstractNioUnsafe.finishConnect(AbstractNioChannel.java:340)
	at org.apache.ratis.thirdparty.io.netty.channel.nio.NioEventLoop.processSelectedKey(NioEventLoop.java:632)
	at org.apache.ratis.thirdparty.io.netty.channel.nio.NioEventLoop.processSelectedKeysOptimized(NioEventLoop.java:579)
	at org.apache.ratis.thirdparty.io.netty.channel.nio.NioEventLoop.processSelectedKeys(NioEventLoop.java:496)
	at org.apache.ratis.thirdparty.io.netty.channel.nio.NioEventLoop.run(NioEventLoop.java:458)
	at org.apache.ratis.thirdparty.io.netty.util.concurrent.SingleThreadEventExecutor$5.run(SingleThreadEventExecutor.java:897)
	at org.apache.ratis.thirdparty.io.netty.util.concurrent.FastThreadLocalRunnable.run(FastThreadLocalRunnable.java:30)
	... 1 more
Caused by: java.net.ConnectException: Connection refused
	... 11 more
2019-10-21 23:03:35,361 [grpc-default-executor-0] INFO  impl.RaftServerImpl (RaftServerImpl.java:setRole(184)) - 7c107f1d-8592-48e3-af71-5982c0af1f56@group-C1C12825AC52: changes role from  FOLLOWER to FOLLOWER at term 156 for recognizeCandidate:1244ca21-2158-4cc7-9e07-ba347e145504
2019-10-21 23:03:35,361 [grpc-default-executor-0] INFO  impl.RoleInfo (RoleInfo.java:shutdownFollowerState(121)) - 7c107f1d-8592-48e3-af71-5982c0af1f56: shutdown FollowerState
2019-10-21 23:03:35,361 [grpc-default-executor-0] INFO  impl.RoleInfo (RoleInfo.java:updateAndGet(143)) - 7c107f1d-8592-48e3-af71-5982c0af1f56: start FollowerState
2019-10-21 23:03:35,361 [Thread-10540] INFO  impl.FollowerState (FollowerState.java:run(117)) - 7c107f1d-8592-48e3-af71-5982c0af1f56@group-C1C12825AC52-FollowerState was interrupted: java.lang.InterruptedException: sleep interrupted
2019-10-21 23:03:35,376 [1244ca21-2158-4cc7-9e07-ba347e145504@group-C1C12825AC52-LeaderElection1219] INFO  impl.LeaderElection (LeaderElection.java:logAndReturn(56)) - 1244ca21-2158-4cc7-9e07-ba347e145504@group-C1C12825AC52-LeaderElection1219: Election REJECTED; received 1 response(s) [1244ca21-2158-4cc7-9e07-ba347e145504<-7c107f1d-8592-48e3-af71-5982c0af1f56#0:FAIL-t156] and 1 exception(s); 1244ca21-2158-4cc7-9e07-ba347e145504@group-C1C12825AC52:t156, leader=null, voted=1244ca21-2158-4cc7-9e07-ba347e145504, raftlog=1244ca21-2158-4cc7-9e07-ba347e145504@group-C1C12825AC52-SegmentedRaftLog:OPENED:c-1,f-1,i0, conf=-1: [1244ca21-2158-4cc7-9e07-ba347e145504:192.168.69.118:43370, 7c107f1d-8592-48e3-af71-5982c0af1f56:192.168.69.118:36514, d10c8639-03b1-4f19-ac0f-6419d7578d59:192.168.69.118:37568], old=null
2019-10-21 23:03:35,376 [1244ca21-2158-4cc7-9e07-ba347e145504@group-C1C12825AC52-LeaderElection1219] INFO  impl.LeaderElection (LogUtils.java:infoOrTrace(149)) -   Exception 0: {}
java.util.concurrent.ExecutionException: org.apache.ratis.thirdparty.io.grpc.StatusRuntimeException: UNAVAILABLE: io exception
	at java.util.concurrent.FutureTask.report(FutureTask.java:122)
	at java.util.concurrent.FutureTask.get(FutureTask.java:192)
	at org.apache.ratis.server.impl.LeaderElection.waitForResults(LeaderElection.java:259)
	at org.apache.ratis.server.impl.LeaderElection.askForVotes(LeaderElection.java:197)
	at org.apache.ratis.server.impl.LeaderElection.run(LeaderElection.java:133)
	at java.lang.Thread.run(Thread.java:748)
Caused by: org.apache.ratis.thirdparty.io.grpc.StatusRuntimeException: UNAVAILABLE: io exception
	at org.apache.ratis.thirdparty.io.grpc.stub.ClientCalls.toStatusRuntimeException(ClientCalls.java:233)
	at org.apache.ratis.thirdparty.io.grpc.stub.ClientCalls.getUnchecked(ClientCalls.java:214)
	at org.apache.ratis.thirdparty.io.grpc.stub.ClientCalls.blockingUnaryCall(ClientCalls.java:139)
	at org.apache.ratis.proto.grpc.RaftServerProtocolServiceGrpc$RaftServerProtocolServiceBlockingStub.requestVote(RaftServerProtocolServiceGrpc.java:265)
	at org.apache.ratis.grpc.server.GrpcServerProtocolClient.requestVote(GrpcServerProtocolClient.java:99)
	at org.apache.ratis.grpc.server.GrpcService.requestVote(GrpcService.java:204)
	at org.apache.ratis.server.impl.LeaderElection.lambda$submitRequests$1(LeaderElection.java:234)
	at java.util.concurrent.FutureTask.run(FutureTask.java:266)
	at java.util.concurrent.Executors$RunnableAdapter.call(Executors.java:511)
	at java.util.concurrent.FutureTask.run(FutureTask.java:266)
	at java.util.concurrent.ThreadPoolExecutor.runWorker(ThreadPoolExecutor.java:1149)
	at java.util.concurrent.ThreadPoolExecutor$Worker.run(ThreadPoolExecutor.java:624)
	... 1 more
Caused by: org.apache.ratis.thirdparty.io.netty.channel.AbstractChannel$AnnotatedConnectException: Connection refused: /192.168.69.118:37568
	at sun.nio.ch.SocketChannelImpl.checkConnect(Native Method)
	at sun.nio.ch.SocketChannelImpl.finishConnect(SocketChannelImpl.java:717)
	at org.apache.ratis.thirdparty.io.netty.channel.socket.nio.NioSocketChannel.doFinishConnect(NioSocketChannel.java:327)
	at org.apache.ratis.thirdparty.io.netty.channel.nio.AbstractNioChannel$AbstractNioUnsafe.finishConnect(AbstractNioChannel.java:340)
	at org.apache.ratis.thirdparty.io.netty.channel.nio.NioEventLoop.processSelectedKey(NioEventLoop.java:632)
	at org.apache.ratis.thirdparty.io.netty.channel.nio.NioEventLoop.processSelectedKeysOptimized(NioEventLoop.java:579)
	at org.apache.ratis.thirdparty.io.netty.channel.nio.NioEventLoop.processSelectedKeys(NioEventLoop.java:496)
	at org.apache.ratis.thirdparty.io.netty.channel.nio.NioEventLoop.run(NioEventLoop.java:458)
	at org.apache.ratis.thirdparty.io.netty.util.concurrent.SingleThreadEventExecutor$5.run(SingleThreadEventExecutor.java:897)
	at org.apache.ratis.thirdparty.io.netty.util.concurrent.FastThreadLocalRunnable.run(FastThreadLocalRunnable.java:30)
	... 1 more
Caused by: java.net.ConnectException: Connection refused
	... 11 more
2019-10-21 23:03:35,377 [1244ca21-2158-4cc7-9e07-ba347e145504@group-C1C12825AC52-LeaderElection1219] INFO  impl.RaftServerImpl (RaftServerImpl.java:setRole(184)) - 1244ca21-2158-4cc7-9e07-ba347e145504@group-C1C12825AC52: changes role from CANDIDATE to FOLLOWER at term 156 for DISCOVERED_A_NEW_TERM
2019-10-21 23:03:35,377 [1244ca21-2158-4cc7-9e07-ba347e145504@group-C1C12825AC52-LeaderElection1219] INFO  impl.RoleInfo (RoleInfo.java:shutdownLeaderElection(134)) - 1244ca21-2158-4cc7-9e07-ba347e145504: shutdown LeaderElection
2019-10-21 23:03:35,377 [1244ca21-2158-4cc7-9e07-ba347e145504@group-C1C12825AC52-LeaderElection1219] INFO  impl.RoleInfo (RoleInfo.java:updateAndGet(143)) - 1244ca21-2158-4cc7-9e07-ba347e145504: start FollowerState
2019-10-21 23:03:35,460 [Thread-10546] INFO  impl.FollowerState (FollowerState.java:run(108)) - 1244ca21-2158-4cc7-9e07-ba347e145504@group-C1C12825AC52-FollowerState: change to CANDIDATE, lastRpcTime:83ms, electionTimeout:83ms
2019-10-21 23:03:35,460 [Thread-10546] INFO  impl.RoleInfo (RoleInfo.java:shutdownFollowerState(121)) - 1244ca21-2158-4cc7-9e07-ba347e145504: shutdown FollowerState
2019-10-21 23:03:35,461 [Thread-10546] INFO  impl.RaftServerImpl (RaftServerImpl.java:setRole(184)) - 1244ca21-2158-4cc7-9e07-ba347e145504@group-C1C12825AC52: changes role from  FOLLOWER to CANDIDATE at term 156 for changeToCandidate
2019-10-21 23:03:35,461 [Thread-10546] INFO  impl.RoleInfo (RoleInfo.java:updateAndGet(143)) - 1244ca21-2158-4cc7-9e07-ba347e145504: start LeaderElection
2019-10-21 23:03:35,475 [1244ca21-2158-4cc7-9e07-ba347e145504@group-C1C12825AC52-LeaderElection1220] INFO  impl.LeaderElection (LeaderElection.java:askForVotes(178)) - 1244ca21-2158-4cc7-9e07-ba347e145504@group-C1C12825AC52-LeaderElection1220: begin an election at term 157 for -1: [1244ca21-2158-4cc7-9e07-ba347e145504:192.168.69.118:43370, 7c107f1d-8592-48e3-af71-5982c0af1f56:192.168.69.118:36514, d10c8639-03b1-4f19-ac0f-6419d7578d59:192.168.69.118:37568], old=null
2019-10-21 23:03:35,476 [1244ca21-2158-4cc7-9e07-ba347e145504@group-C1C12825AC52-LeaderElection1220] INFO  impl.LeaderElection (LogUtils.java:infoOrTrace(149)) - 1244ca21-2158-4cc7-9e07-ba347e145504@group-C1C12825AC52-LeaderElection1220 got exception when requesting votes: {}
java.util.concurrent.ExecutionException: org.apache.ratis.thirdparty.io.grpc.StatusRuntimeException: UNAVAILABLE: io exception
	at java.util.concurrent.FutureTask.report(FutureTask.java:122)
	at java.util.concurrent.FutureTask.get(FutureTask.java:192)
	at org.apache.ratis.server.impl.LeaderElection.waitForResults(LeaderElection.java:259)
	at org.apache.ratis.server.impl.LeaderElection.askForVotes(LeaderElection.java:197)
	at org.apache.ratis.server.impl.LeaderElection.run(LeaderElection.java:133)
	at java.lang.Thread.run(Thread.java:748)
Caused by: org.apache.ratis.thirdparty.io.grpc.StatusRuntimeException: UNAVAILABLE: io exception
	at org.apache.ratis.thirdparty.io.grpc.stub.ClientCalls.toStatusRuntimeException(ClientCalls.java:233)
	at org.apache.ratis.thirdparty.io.grpc.stub.ClientCalls.getUnchecked(ClientCalls.java:214)
	at org.apache.ratis.thirdparty.io.grpc.stub.ClientCalls.blockingUnaryCall(ClientCalls.java:139)
	at org.apache.ratis.proto.grpc.RaftServerProtocolServiceGrpc$RaftServerProtocolServiceBlockingStub.requestVote(RaftServerProtocolServiceGrpc.java:265)
	at org.apache.ratis.grpc.server.GrpcServerProtocolClient.requestVote(GrpcServerProtocolClient.java:99)
	at org.apache.ratis.grpc.server.GrpcService.requestVote(GrpcService.java:204)
	at org.apache.ratis.server.impl.LeaderElection.lambda$submitRequests$1(LeaderElection.java:234)
	at java.util.concurrent.FutureTask.run(FutureTask.java:266)
	at java.util.concurrent.Executors$RunnableAdapter.call(Executors.java:511)
	at java.util.concurrent.FutureTask.run(FutureTask.java:266)
	at java.util.concurrent.ThreadPoolExecutor.runWorker(ThreadPoolExecutor.java:1149)
	at java.util.concurrent.ThreadPoolExecutor$Worker.run(ThreadPoolExecutor.java:624)
	... 1 more
Caused by: org.apache.ratis.thirdparty.io.netty.channel.AbstractChannel$AnnotatedConnectException: Connection refused: /192.168.69.118:37568
	at sun.nio.ch.SocketChannelImpl.checkConnect(Native Method)
	at sun.nio.ch.SocketChannelImpl.finishConnect(SocketChannelImpl.java:717)
	at org.apache.ratis.thirdparty.io.netty.channel.socket.nio.NioSocketChannel.doFinishConnect(NioSocketChannel.java:327)
	at org.apache.ratis.thirdparty.io.netty.channel.nio.AbstractNioChannel$AbstractNioUnsafe.finishConnect(AbstractNioChannel.java:340)
	at org.apache.ratis.thirdparty.io.netty.channel.nio.NioEventLoop.processSelectedKey(NioEventLoop.java:632)
	at org.apache.ratis.thirdparty.io.netty.channel.nio.NioEventLoop.processSelectedKeysOptimized(NioEventLoop.java:579)
	at org.apache.ratis.thirdparty.io.netty.channel.nio.NioEventLoop.processSelectedKeys(NioEventLoop.java:496)
	at org.apache.ratis.thirdparty.io.netty.channel.nio.NioEventLoop.run(NioEventLoop.java:458)
	at org.apache.ratis.thirdparty.io.netty.util.concurrent.SingleThreadEventExecutor$5.run(SingleThreadEventExecutor.java:897)
	at org.apache.ratis.thirdparty.io.netty.util.concurrent.FastThreadLocalRunnable.run(FastThreadLocalRunnable.java:30)
	... 1 more
Caused by: java.net.ConnectException: Connection refused
	... 11 more
2019-10-21 23:03:35,476 [grpc-default-executor-0] INFO  impl.RaftServerImpl (RaftServerImpl.java:setRole(184)) - 7c107f1d-8592-48e3-af71-5982c0af1f56@group-C1C12825AC52: changes role from  FOLLOWER to FOLLOWER at term 157 for recognizeCandidate:1244ca21-2158-4cc7-9e07-ba347e145504
2019-10-21 23:03:35,477 [grpc-default-executor-0] INFO  impl.RoleInfo (RoleInfo.java:shutdownFollowerState(121)) - 7c107f1d-8592-48e3-af71-5982c0af1f56: shutdown FollowerState
2019-10-21 23:03:35,477 [grpc-default-executor-0] INFO  impl.RoleInfo (RoleInfo.java:updateAndGet(143)) - 7c107f1d-8592-48e3-af71-5982c0af1f56: start FollowerState
2019-10-21 23:03:35,477 [Thread-10545] INFO  impl.FollowerState (FollowerState.java:run(117)) - 7c107f1d-8592-48e3-af71-5982c0af1f56@group-C1C12825AC52-FollowerState was interrupted: java.lang.InterruptedException: sleep interrupted
2019-10-21 23:03:35,506 [1244ca21-2158-4cc7-9e07-ba347e145504@group-C1C12825AC52-LeaderElection1220] INFO  impl.LeaderElection (LeaderElection.java:logAndReturn(56)) - 1244ca21-2158-4cc7-9e07-ba347e145504@group-C1C12825AC52-LeaderElection1220: Election TIMEOUT; received 0 response(s) [] and 1 exception(s); 1244ca21-2158-4cc7-9e07-ba347e145504@group-C1C12825AC52:t157, leader=null, voted=1244ca21-2158-4cc7-9e07-ba347e145504, raftlog=1244ca21-2158-4cc7-9e07-ba347e145504@group-C1C12825AC52-SegmentedRaftLog:OPENED:c-1,f-1,i0, conf=-1: [1244ca21-2158-4cc7-9e07-ba347e145504:192.168.69.118:43370, 7c107f1d-8592-48e3-af71-5982c0af1f56:192.168.69.118:36514, d10c8639-03b1-4f19-ac0f-6419d7578d59:192.168.69.118:37568], old=null
2019-10-21 23:03:35,507 [1244ca21-2158-4cc7-9e07-ba347e145504@group-C1C12825AC52-LeaderElection1220] INFO  impl.LeaderElection (LogUtils.java:infoOrTrace(149)) -   Exception 0: {}
java.util.concurrent.ExecutionException: org.apache.ratis.thirdparty.io.grpc.StatusRuntimeException: UNAVAILABLE: io exception
	at java.util.concurrent.FutureTask.report(FutureTask.java:122)
	at java.util.concurrent.FutureTask.get(FutureTask.java:192)
	at org.apache.ratis.server.impl.LeaderElection.waitForResults(LeaderElection.java:259)
	at org.apache.ratis.server.impl.LeaderElection.askForVotes(LeaderElection.java:197)
	at org.apache.ratis.server.impl.LeaderElection.run(LeaderElection.java:133)
	at java.lang.Thread.run(Thread.java:748)
Caused by: org.apache.ratis.thirdparty.io.grpc.StatusRuntimeException: UNAVAILABLE: io exception
	at org.apache.ratis.thirdparty.io.grpc.stub.ClientCalls.toStatusRuntimeException(ClientCalls.java:233)
	at org.apache.ratis.thirdparty.io.grpc.stub.ClientCalls.getUnchecked(ClientCalls.java:214)
	at org.apache.ratis.thirdparty.io.grpc.stub.ClientCalls.blockingUnaryCall(ClientCalls.java:139)
	at org.apache.ratis.proto.grpc.RaftServerProtocolServiceGrpc$RaftServerProtocolServiceBlockingStub.requestVote(RaftServerProtocolServiceGrpc.java:265)
	at org.apache.ratis.grpc.server.GrpcServerProtocolClient.requestVote(GrpcServerProtocolClient.java:99)
	at org.apache.ratis.grpc.server.GrpcService.requestVote(GrpcService.java:204)
	at org.apache.ratis.server.impl.LeaderElection.lambda$submitRequests$1(LeaderElection.java:234)
	at java.util.concurrent.FutureTask.run(FutureTask.java:266)
	at java.util.concurrent.Executors$RunnableAdapter.call(Executors.java:511)
	at java.util.concurrent.FutureTask.run(FutureTask.java:266)
	at java.util.concurrent.ThreadPoolExecutor.runWorker(ThreadPoolExecutor.java:1149)
	at java.util.concurrent.ThreadPoolExecutor$Worker.run(ThreadPoolExecutor.java:624)
	... 1 more
Caused by: org.apache.ratis.thirdparty.io.netty.channel.AbstractChannel$AnnotatedConnectException: Connection refused: /192.168.69.118:37568
	at sun.nio.ch.SocketChannelImpl.checkConnect(Native Method)
	at sun.nio.ch.SocketChannelImpl.finishConnect(SocketChannelImpl.java:717)
	at org.apache.ratis.thirdparty.io.netty.channel.socket.nio.NioSocketChannel.doFinishConnect(NioSocketChannel.java:327)
	at org.apache.ratis.thirdparty.io.netty.channel.nio.AbstractNioChannel$AbstractNioUnsafe.finishConnect(AbstractNioChannel.java:340)
	at org.apache.ratis.thirdparty.io.netty.channel.nio.NioEventLoop.processSelectedKey(NioEventLoop.java:632)
	at org.apache.ratis.thirdparty.io.netty.channel.nio.NioEventLoop.processSelectedKeysOptimized(NioEventLoop.java:579)
	at org.apache.ratis.thirdparty.io.netty.channel.nio.NioEventLoop.processSelectedKeys(NioEventLoop.java:496)
	at org.apache.ratis.thirdparty.io.netty.channel.nio.NioEventLoop.run(NioEventLoop.java:458)
	at org.apache.ratis.thirdparty.io.netty.util.concurrent.SingleThreadEventExecutor$5.run(SingleThreadEventExecutor.java:897)
	at org.apache.ratis.thirdparty.io.netty.util.concurrent.FastThreadLocalRunnable.run(FastThreadLocalRunnable.java:30)
	... 1 more
Caused by: java.net.ConnectException: Connection refused
	... 11 more
2019-10-21 23:03:35,516 [1244ca21-2158-4cc7-9e07-ba347e145504@group-C1C12825AC52-LeaderElection1220] INFO  impl.LeaderElection (LeaderElection.java:askForVotes(178)) - 1244ca21-2158-4cc7-9e07-ba347e145504@group-C1C12825AC52-LeaderElection1220: begin an election at term 158 for -1: [1244ca21-2158-4cc7-9e07-ba347e145504:192.168.69.118:43370, 7c107f1d-8592-48e3-af71-5982c0af1f56:192.168.69.118:36514, d10c8639-03b1-4f19-ac0f-6419d7578d59:192.168.69.118:37568], old=null
2019-10-21 23:03:35,517 [1244ca21-2158-4cc7-9e07-ba347e145504@group-C1C12825AC52-LeaderElection1220] INFO  impl.LeaderElection (LogUtils.java:infoOrTrace(149)) - 1244ca21-2158-4cc7-9e07-ba347e145504@group-C1C12825AC52-LeaderElection1220 got exception when requesting votes: {}
java.util.concurrent.ExecutionException: org.apache.ratis.thirdparty.io.grpc.StatusRuntimeException: UNAVAILABLE: io exception
	at java.util.concurrent.FutureTask.report(FutureTask.java:122)
	at java.util.concurrent.FutureTask.get(FutureTask.java:192)
	at org.apache.ratis.server.impl.LeaderElection.waitForResults(LeaderElection.java:259)
	at org.apache.ratis.server.impl.LeaderElection.askForVotes(LeaderElection.java:197)
	at org.apache.ratis.server.impl.LeaderElection.run(LeaderElection.java:133)
	at java.lang.Thread.run(Thread.java:748)
Caused by: org.apache.ratis.thirdparty.io.grpc.StatusRuntimeException: UNAVAILABLE: io exception
	at org.apache.ratis.thirdparty.io.grpc.stub.ClientCalls.toStatusRuntimeException(ClientCalls.java:233)
	at org.apache.ratis.thirdparty.io.grpc.stub.ClientCalls.getUnchecked(ClientCalls.java:214)
	at org.apache.ratis.thirdparty.io.grpc.stub.ClientCalls.blockingUnaryCall(ClientCalls.java:139)
	at org.apache.ratis.proto.grpc.RaftServerProtocolServiceGrpc$RaftServerProtocolServiceBlockingStub.requestVote(RaftServerProtocolServiceGrpc.java:265)
	at org.apache.ratis.grpc.server.GrpcServerProtocolClient.requestVote(GrpcServerProtocolClient.java:99)
	at org.apache.ratis.grpc.server.GrpcService.requestVote(GrpcService.java:204)
	at org.apache.ratis.server.impl.LeaderElection.lambda$submitRequests$1(LeaderElection.java:234)
	at java.util.concurrent.FutureTask.run(FutureTask.java:266)
	at java.util.concurrent.Executors$RunnableAdapter.call(Executors.java:511)
	at java.util.concurrent.FutureTask.run(FutureTask.java:266)
	at java.util.concurrent.ThreadPoolExecutor.runWorker(ThreadPoolExecutor.java:1149)
	at java.util.concurrent.ThreadPoolExecutor$Worker.run(ThreadPoolExecutor.java:624)
	... 1 more
Caused by: org.apache.ratis.thirdparty.io.netty.channel.AbstractChannel$AnnotatedConnectException: Connection refused: /192.168.69.118:37568
	at sun.nio.ch.SocketChannelImpl.checkConnect(Native Method)
	at sun.nio.ch.SocketChannelImpl.finishConnect(SocketChannelImpl.java:717)
	at org.apache.ratis.thirdparty.io.netty.channel.socket.nio.NioSocketChannel.doFinishConnect(NioSocketChannel.java:327)
	at org.apache.ratis.thirdparty.io.netty.channel.nio.AbstractNioChannel$AbstractNioUnsafe.finishConnect(AbstractNioChannel.java:340)
	at org.apache.ratis.thirdparty.io.netty.channel.nio.NioEventLoop.processSelectedKey(NioEventLoop.java:632)
	at org.apache.ratis.thirdparty.io.netty.channel.nio.NioEventLoop.processSelectedKeysOptimized(NioEventLoop.java:579)
	at org.apache.ratis.thirdparty.io.netty.channel.nio.NioEventLoop.processSelectedKeys(NioEventLoop.java:496)
	at org.apache.ratis.thirdparty.io.netty.channel.nio.NioEventLoop.run(NioEventLoop.java:458)
	at org.apache.ratis.thirdparty.io.netty.util.concurrent.SingleThreadEventExecutor$5.run(SingleThreadEventExecutor.java:897)
	at org.apache.ratis.thirdparty.io.netty.util.concurrent.FastThreadLocalRunnable.run(FastThreadLocalRunnable.java:30)
	... 1 more
Caused by: java.net.ConnectException: Connection refused
	... 11 more
2019-10-21 23:03:35,517 [grpc-default-executor-0] INFO  impl.RaftServerImpl (RaftServerImpl.java:setRole(184)) - 7c107f1d-8592-48e3-af71-5982c0af1f56@group-C1C12825AC52: changes role from  FOLLOWER to FOLLOWER at term 158 for recognizeCandidate:1244ca21-2158-4cc7-9e07-ba347e145504
2019-10-21 23:03:35,517 [grpc-default-executor-0] INFO  impl.RoleInfo (RoleInfo.java:shutdownFollowerState(121)) - 7c107f1d-8592-48e3-af71-5982c0af1f56: shutdown FollowerState
2019-10-21 23:03:35,517 [grpc-default-executor-0] INFO  impl.RoleInfo (RoleInfo.java:updateAndGet(143)) - 7c107f1d-8592-48e3-af71-5982c0af1f56: start FollowerState
2019-10-21 23:03:35,517 [Thread-10550] INFO  impl.FollowerState (FollowerState.java:run(117)) - 7c107f1d-8592-48e3-af71-5982c0af1f56@group-C1C12825AC52-FollowerState was interrupted: java.lang.InterruptedException: sleep interrupted
2019-10-21 23:03:35,534 [1244ca21-2158-4cc7-9e07-ba347e145504@group-C1C12825AC52-LeaderElection1220] INFO  impl.LeaderElection (LeaderElection.java:logAndReturn(56)) - 1244ca21-2158-4cc7-9e07-ba347e145504@group-C1C12825AC52-LeaderElection1220: Election REJECTED; received 1 response(s) [1244ca21-2158-4cc7-9e07-ba347e145504<-7c107f1d-8592-48e3-af71-5982c0af1f56#0:FAIL-t158] and 1 exception(s); 1244ca21-2158-4cc7-9e07-ba347e145504@group-C1C12825AC52:t158, leader=null, voted=1244ca21-2158-4cc7-9e07-ba347e145504, raftlog=1244ca21-2158-4cc7-9e07-ba347e145504@group-C1C12825AC52-SegmentedRaftLog:OPENED:c-1,f-1,i0, conf=-1: [1244ca21-2158-4cc7-9e07-ba347e145504:192.168.69.118:43370, 7c107f1d-8592-48e3-af71-5982c0af1f56:192.168.69.118:36514, d10c8639-03b1-4f19-ac0f-6419d7578d59:192.168.69.118:37568], old=null
2019-10-21 23:03:35,534 [1244ca21-2158-4cc7-9e07-ba347e145504@group-C1C12825AC52-LeaderElection1220] INFO  impl.LeaderElection (LogUtils.java:infoOrTrace(149)) -   Exception 0: {}
java.util.concurrent.ExecutionException: org.apache.ratis.thirdparty.io.grpc.StatusRuntimeException: UNAVAILABLE: io exception
	at java.util.concurrent.FutureTask.report(FutureTask.java:122)
	at java.util.concurrent.FutureTask.get(FutureTask.java:192)
	at org.apache.ratis.server.impl.LeaderElection.waitForResults(LeaderElection.java:259)
	at org.apache.ratis.server.impl.LeaderElection.askForVotes(LeaderElection.java:197)
	at org.apache.ratis.server.impl.LeaderElection.run(LeaderElection.java:133)
	at java.lang.Thread.run(Thread.java:748)
Caused by: org.apache.ratis.thirdparty.io.grpc.StatusRuntimeException: UNAVAILABLE: io exception
	at org.apache.ratis.thirdparty.io.grpc.stub.ClientCalls.toStatusRuntimeException(ClientCalls.java:233)
	at org.apache.ratis.thirdparty.io.grpc.stub.ClientCalls.getUnchecked(ClientCalls.java:214)
	at org.apache.ratis.thirdparty.io.grpc.stub.ClientCalls.blockingUnaryCall(ClientCalls.java:139)
	at org.apache.ratis.proto.grpc.RaftServerProtocolServiceGrpc$RaftServerProtocolServiceBlockingStub.requestVote(RaftServerProtocolServiceGrpc.java:265)
	at org.apache.ratis.grpc.server.GrpcServerProtocolClient.requestVote(GrpcServerProtocolClient.java:99)
	at org.apache.ratis.grpc.server.GrpcService.requestVote(GrpcService.java:204)
	at org.apache.ratis.server.impl.LeaderElection.lambda$submitRequests$1(LeaderElection.java:234)
	at java.util.concurrent.FutureTask.run(FutureTask.java:266)
	at java.util.concurrent.Executors$RunnableAdapter.call(Executors.java:511)
	at java.util.concurrent.FutureTask.run(FutureTask.java:266)
	at java.util.concurrent.ThreadPoolExecutor.runWorker(ThreadPoolExecutor.java:1149)
	at java.util.concurrent.ThreadPoolExecutor$Worker.run(ThreadPoolExecutor.java:624)
	... 1 more
Caused by: org.apache.ratis.thirdparty.io.netty.channel.AbstractChannel$AnnotatedConnectException: Connection refused: /192.168.69.118:37568
	at sun.nio.ch.SocketChannelImpl.checkConnect(Native Method)
	at sun.nio.ch.SocketChannelImpl.finishConnect(SocketChannelImpl.java:717)
	at org.apache.ratis.thirdparty.io.netty.channel.socket.nio.NioSocketChannel.doFinishConnect(NioSocketChannel.java:327)
	at org.apache.ratis.thirdparty.io.netty.channel.nio.AbstractNioChannel$AbstractNioUnsafe.finishConnect(AbstractNioChannel.java:340)
	at org.apache.ratis.thirdparty.io.netty.channel.nio.NioEventLoop.processSelectedKey(NioEventLoop.java:632)
	at org.apache.ratis.thirdparty.io.netty.channel.nio.NioEventLoop.processSelectedKeysOptimized(NioEventLoop.java:579)
	at org.apache.ratis.thirdparty.io.netty.channel.nio.NioEventLoop.processSelectedKeys(NioEventLoop.java:496)
	at org.apache.ratis.thirdparty.io.netty.channel.nio.NioEventLoop.run(NioEventLoop.java:458)
	at org.apache.ratis.thirdparty.io.netty.util.concurrent.SingleThreadEventExecutor$5.run(SingleThreadEventExecutor.java:897)
	at org.apache.ratis.thirdparty.io.netty.util.concurrent.FastThreadLocalRunnable.run(FastThreadLocalRunnable.java:30)
	... 1 more
Caused by: java.net.ConnectException: Connection refused
	... 11 more
2019-10-21 23:03:35,534 [1244ca21-2158-4cc7-9e07-ba347e145504@group-C1C12825AC52-LeaderElection1220] INFO  impl.RaftServerImpl (RaftServerImpl.java:setRole(184)) - 1244ca21-2158-4cc7-9e07-ba347e145504@group-C1C12825AC52: changes role from CANDIDATE to FOLLOWER at term 158 for DISCOVERED_A_NEW_TERM
2019-10-21 23:03:35,535 [1244ca21-2158-4cc7-9e07-ba347e145504@group-C1C12825AC52-LeaderElection1220] INFO  impl.RoleInfo (RoleInfo.java:shutdownLeaderElection(134)) - 1244ca21-2158-4cc7-9e07-ba347e145504: shutdown LeaderElection
2019-10-21 23:03:35,535 [1244ca21-2158-4cc7-9e07-ba347e145504@group-C1C12825AC52-LeaderElection1220] INFO  impl.RoleInfo (RoleInfo.java:updateAndGet(143)) - 1244ca21-2158-4cc7-9e07-ba347e145504: start FollowerState
2019-10-21 23:03:35,633 [Thread-10554] INFO  impl.FollowerState (FollowerState.java:run(108)) - 1244ca21-2158-4cc7-9e07-ba347e145504@group-C1C12825AC52-FollowerState: change to CANDIDATE, lastRpcTime:98ms, electionTimeout:98ms
2019-10-21 23:03:35,633 [Thread-10554] INFO  impl.RoleInfo (RoleInfo.java:shutdownFollowerState(121)) - 1244ca21-2158-4cc7-9e07-ba347e145504: shutdown FollowerState
2019-10-21 23:03:35,633 [Thread-10554] INFO  impl.RaftServerImpl (RaftServerImpl.java:setRole(184)) - 1244ca21-2158-4cc7-9e07-ba347e145504@group-C1C12825AC52: changes role from  FOLLOWER to CANDIDATE at term 158 for changeToCandidate
2019-10-21 23:03:35,633 [Thread-10554] INFO  impl.RoleInfo (RoleInfo.java:updateAndGet(143)) - 1244ca21-2158-4cc7-9e07-ba347e145504: start LeaderElection
2019-10-21 23:03:35,641 [1244ca21-2158-4cc7-9e07-ba347e145504@group-C1C12825AC52-LeaderElection1221] INFO  impl.LeaderElection (LeaderElection.java:askForVotes(178)) - 1244ca21-2158-4cc7-9e07-ba347e145504@group-C1C12825AC52-LeaderElection1221: begin an election at term 159 for -1: [1244ca21-2158-4cc7-9e07-ba347e145504:192.168.69.118:43370, 7c107f1d-8592-48e3-af71-5982c0af1f56:192.168.69.118:36514, d10c8639-03b1-4f19-ac0f-6419d7578d59:192.168.69.118:37568], old=null
2019-10-21 23:03:35,642 [1244ca21-2158-4cc7-9e07-ba347e145504@group-C1C12825AC52-LeaderElection1221] INFO  impl.LeaderElection (LogUtils.java:infoOrTrace(149)) - 1244ca21-2158-4cc7-9e07-ba347e145504@group-C1C12825AC52-LeaderElection1221 got exception when requesting votes: {}
java.util.concurrent.ExecutionException: org.apache.ratis.thirdparty.io.grpc.StatusRuntimeException: UNAVAILABLE: io exception
	at java.util.concurrent.FutureTask.report(FutureTask.java:122)
	at java.util.concurrent.FutureTask.get(FutureTask.java:192)
	at org.apache.ratis.server.impl.LeaderElection.waitForResults(LeaderElection.java:259)
	at org.apache.ratis.server.impl.LeaderElection.askForVotes(LeaderElection.java:197)
	at org.apache.ratis.server.impl.LeaderElection.run(LeaderElection.java:133)
	at java.lang.Thread.run(Thread.java:748)
Caused by: org.apache.ratis.thirdparty.io.grpc.StatusRuntimeException: UNAVAILABLE: io exception
	at org.apache.ratis.thirdparty.io.grpc.stub.ClientCalls.toStatusRuntimeException(ClientCalls.java:233)
	at org.apache.ratis.thirdparty.io.grpc.stub.ClientCalls.getUnchecked(ClientCalls.java:214)
	at org.apache.ratis.thirdparty.io.grpc.stub.ClientCalls.blockingUnaryCall(ClientCalls.java:139)
	at org.apache.ratis.proto.grpc.RaftServerProtocolServiceGrpc$RaftServerProtocolServiceBlockingStub.requestVote(RaftServerProtocolServiceGrpc.java:265)
	at org.apache.ratis.grpc.server.GrpcServerProtocolClient.requestVote(GrpcServerProtocolClient.java:99)
	at org.apache.ratis.grpc.server.GrpcService.requestVote(GrpcService.java:204)
	at org.apache.ratis.server.impl.LeaderElection.lambda$submitRequests$1(LeaderElection.java:234)
	at java.util.concurrent.FutureTask.run(FutureTask.java:266)
	at java.util.concurrent.Executors$RunnableAdapter.call(Executors.java:511)
	at java.util.concurrent.FutureTask.run(FutureTask.java:266)
	at java.util.concurrent.ThreadPoolExecutor.runWorker(ThreadPoolExecutor.java:1149)
	at java.util.concurrent.ThreadPoolExecutor$Worker.run(ThreadPoolExecutor.java:624)
	... 1 more
Caused by: org.apache.ratis.thirdparty.io.netty.channel.AbstractChannel$AnnotatedConnectException: Connection refused: /192.168.69.118:37568
	at sun.nio.ch.SocketChannelImpl.checkConnect(Native Method)
	at sun.nio.ch.SocketChannelImpl.finishConnect(SocketChannelImpl.java:717)
	at org.apache.ratis.thirdparty.io.netty.channel.socket.nio.NioSocketChannel.doFinishConnect(NioSocketChannel.java:327)
	at org.apache.ratis.thirdparty.io.netty.channel.nio.AbstractNioChannel$AbstractNioUnsafe.finishConnect(AbstractNioChannel.java:340)
	at org.apache.ratis.thirdparty.io.netty.channel.nio.NioEventLoop.processSelectedKey(NioEventLoop.java:632)
	at org.apache.ratis.thirdparty.io.netty.channel.nio.NioEventLoop.processSelectedKeysOptimized(NioEventLoop.java:579)
	at org.apache.ratis.thirdparty.io.netty.channel.nio.NioEventLoop.processSelectedKeys(NioEventLoop.java:496)
	at org.apache.ratis.thirdparty.io.netty.channel.nio.NioEventLoop.run(NioEventLoop.java:458)
	at org.apache.ratis.thirdparty.io.netty.util.concurrent.SingleThreadEventExecutor$5.run(SingleThreadEventExecutor.java:897)
	at org.apache.ratis.thirdparty.io.netty.util.concurrent.FastThreadLocalRunnable.run(FastThreadLocalRunnable.java:30)
	... 1 more
Caused by: java.net.ConnectException: Connection refused
	... 11 more
2019-10-21 23:03:35,642 [grpc-default-executor-0] INFO  impl.RaftServerImpl (RaftServerImpl.java:setRole(184)) - 7c107f1d-8592-48e3-af71-5982c0af1f56@group-C1C12825AC52: changes role from  FOLLOWER to FOLLOWER at term 159 for recognizeCandidate:1244ca21-2158-4cc7-9e07-ba347e145504
2019-10-21 23:03:35,642 [grpc-default-executor-0] INFO  impl.RoleInfo (RoleInfo.java:shutdownFollowerState(121)) - 7c107f1d-8592-48e3-af71-5982c0af1f56: shutdown FollowerState
2019-10-21 23:03:35,642 [grpc-default-executor-0] INFO  impl.RoleInfo (RoleInfo.java:updateAndGet(143)) - 7c107f1d-8592-48e3-af71-5982c0af1f56: start FollowerState
2019-10-21 23:03:35,642 [Thread-10553] INFO  impl.FollowerState (FollowerState.java:run(117)) - 7c107f1d-8592-48e3-af71-5982c0af1f56@group-C1C12825AC52-FollowerState was interrupted: java.lang.InterruptedException: sleep interrupted
2019-10-21 23:03:35,671 [1244ca21-2158-4cc7-9e07-ba347e145504@group-C1C12825AC52-LeaderElection1221] INFO  impl.LeaderElection (LeaderElection.java:logAndReturn(56)) - 1244ca21-2158-4cc7-9e07-ba347e145504@group-C1C12825AC52-LeaderElection1221: Election REJECTED; received 1 response(s) [1244ca21-2158-4cc7-9e07-ba347e145504<-7c107f1d-8592-48e3-af71-5982c0af1f56#0:FAIL-t159] and 1 exception(s); 1244ca21-2158-4cc7-9e07-ba347e145504@group-C1C12825AC52:t159, leader=null, voted=1244ca21-2158-4cc7-9e07-ba347e145504, raftlog=1244ca21-2158-4cc7-9e07-ba347e145504@group-C1C12825AC52-SegmentedRaftLog:OPENED:c-1,f-1,i0, conf=-1: [1244ca21-2158-4cc7-9e07-ba347e145504:192.168.69.118:43370, 7c107f1d-8592-48e3-af71-5982c0af1f56:192.168.69.118:36514, d10c8639-03b1-4f19-ac0f-6419d7578d59:192.168.69.118:37568], old=null
2019-10-21 23:03:35,671 [1244ca21-2158-4cc7-9e07-ba347e145504@group-C1C12825AC52-LeaderElection1221] INFO  impl.LeaderElection (LogUtils.java:infoOrTrace(149)) -   Exception 0: {}
java.util.concurrent.ExecutionException: org.apache.ratis.thirdparty.io.grpc.StatusRuntimeException: UNAVAILABLE: io exception
	at java.util.concurrent.FutureTask.report(FutureTask.java:122)
	at java.util.concurrent.FutureTask.get(FutureTask.java:192)
	at org.apache.ratis.server.impl.LeaderElection.waitForResults(LeaderElection.java:259)
	at org.apache.ratis.server.impl.LeaderElection.askForVotes(LeaderElection.java:197)
	at org.apache.ratis.server.impl.LeaderElection.run(LeaderElection.java:133)
	at java.lang.Thread.run(Thread.java:748)
Caused by: org.apache.ratis.thirdparty.io.grpc.StatusRuntimeException: UNAVAILABLE: io exception
	at org.apache.ratis.thirdparty.io.grpc.stub.ClientCalls.toStatusRuntimeException(ClientCalls.java:233)
	at org.apache.ratis.thirdparty.io.grpc.stub.ClientCalls.getUnchecked(ClientCalls.java:214)
	at org.apache.ratis.thirdparty.io.grpc.stub.ClientCalls.blockingUnaryCall(ClientCalls.java:139)
	at org.apache.ratis.proto.grpc.RaftServerProtocolServiceGrpc$RaftServerProtocolServiceBlockingStub.requestVote(RaftServerProtocolServiceGrpc.java:265)
	at org.apache.ratis.grpc.server.GrpcServerProtocolClient.requestVote(GrpcServerProtocolClient.java:99)
	at org.apache.ratis.grpc.server.GrpcService.requestVote(GrpcService.java:204)
	at org.apache.ratis.server.impl.LeaderElection.lambda$submitRequests$1(LeaderElection.java:234)
	at java.util.concurrent.FutureTask.run(FutureTask.java:266)
	at java.util.concurrent.Executors$RunnableAdapter.call(Executors.java:511)
	at java.util.concurrent.FutureTask.run(FutureTask.java:266)
	at java.util.concurrent.ThreadPoolExecutor.runWorker(ThreadPoolExecutor.java:1149)
	at java.util.concurrent.ThreadPoolExecutor$Worker.run(ThreadPoolExecutor.java:624)
	... 1 more
Caused by: org.apache.ratis.thirdparty.io.netty.channel.AbstractChannel$AnnotatedConnectException: Connection refused: /192.168.69.118:37568
	at sun.nio.ch.SocketChannelImpl.checkConnect(Native Method)
	at sun.nio.ch.SocketChannelImpl.finishConnect(SocketChannelImpl.java:717)
	at org.apache.ratis.thirdparty.io.netty.channel.socket.nio.NioSocketChannel.doFinishConnect(NioSocketChannel.java:327)
	at org.apache.ratis.thirdparty.io.netty.channel.nio.AbstractNioChannel$AbstractNioUnsafe.finishConnect(AbstractNioChannel.java:340)
	at org.apache.ratis.thirdparty.io.netty.channel.nio.NioEventLoop.processSelectedKey(NioEventLoop.java:632)
	at org.apache.ratis.thirdparty.io.netty.channel.nio.NioEventLoop.processSelectedKeysOptimized(NioEventLoop.java:579)
	at org.apache.ratis.thirdparty.io.netty.channel.nio.NioEventLoop.processSelectedKeys(NioEventLoop.java:496)
	at org.apache.ratis.thirdparty.io.netty.channel.nio.NioEventLoop.run(NioEventLoop.java:458)
	at org.apache.ratis.thirdparty.io.netty.util.concurrent.SingleThreadEventExecutor$5.run(SingleThreadEventExecutor.java:897)
	at org.apache.ratis.thirdparty.io.netty.util.concurrent.FastThreadLocalRunnable.run(FastThreadLocalRunnable.java:30)
	... 1 more
Caused by: java.net.ConnectException: Connection refused
	... 11 more
2019-10-21 23:03:35,671 [1244ca21-2158-4cc7-9e07-ba347e145504@group-C1C12825AC52-LeaderElection1221] INFO  impl.RaftServerImpl (RaftServerImpl.java:setRole(184)) - 1244ca21-2158-4cc7-9e07-ba347e145504@group-C1C12825AC52: changes role from CANDIDATE to FOLLOWER at term 159 for DISCOVERED_A_NEW_TERM
2019-10-21 23:03:35,671 [1244ca21-2158-4cc7-9e07-ba347e145504@group-C1C12825AC52-LeaderElection1221] INFO  impl.RoleInfo (RoleInfo.java:shutdownLeaderElection(134)) - 1244ca21-2158-4cc7-9e07-ba347e145504: shutdown LeaderElection
2019-10-21 23:03:35,671 [1244ca21-2158-4cc7-9e07-ba347e145504@group-C1C12825AC52-LeaderElection1221] INFO  impl.RoleInfo (RoleInfo.java:updateAndGet(143)) - 1244ca21-2158-4cc7-9e07-ba347e145504: start FollowerState
2019-10-21 23:03:35,829 [Thread-10563] INFO  impl.FollowerState (FollowerState.java:run(108)) - 1244ca21-2158-4cc7-9e07-ba347e145504@group-C1C12825AC52-FollowerState: change to CANDIDATE, lastRpcTime:157ms, electionTimeout:157ms
2019-10-21 23:03:35,829 [Thread-10563] INFO  impl.RoleInfo (RoleInfo.java:shutdownFollowerState(121)) - 1244ca21-2158-4cc7-9e07-ba347e145504: shutdown FollowerState
2019-10-21 23:03:35,829 [Thread-10563] INFO  impl.RaftServerImpl (RaftServerImpl.java:setRole(184)) - 1244ca21-2158-4cc7-9e07-ba347e145504@group-C1C12825AC52: changes role from  FOLLOWER to CANDIDATE at term 159 for changeToCandidate
2019-10-21 23:03:35,829 [Thread-10563] INFO  impl.RoleInfo (RoleInfo.java:updateAndGet(143)) - 1244ca21-2158-4cc7-9e07-ba347e145504: start LeaderElection
2019-10-21 23:03:35,833 [1244ca21-2158-4cc7-9e07-ba347e145504@group-C1C12825AC52-LeaderElection1222] INFO  impl.LeaderElection (LeaderElection.java:askForVotes(178)) - 1244ca21-2158-4cc7-9e07-ba347e145504@group-C1C12825AC52-LeaderElection1222: begin an election at term 160 for -1: [1244ca21-2158-4cc7-9e07-ba347e145504:192.168.69.118:43370, 7c107f1d-8592-48e3-af71-5982c0af1f56:192.168.69.118:36514, d10c8639-03b1-4f19-ac0f-6419d7578d59:192.168.69.118:37568], old=null
2019-10-21 23:03:35,834 [1244ca21-2158-4cc7-9e07-ba347e145504@group-C1C12825AC52-LeaderElection1222] INFO  impl.LeaderElection (LogUtils.java:infoOrTrace(149)) - 1244ca21-2158-4cc7-9e07-ba347e145504@group-C1C12825AC52-LeaderElection1222 got exception when requesting votes: {}
java.util.concurrent.ExecutionException: org.apache.ratis.thirdparty.io.grpc.StatusRuntimeException: UNAVAILABLE: io exception
	at java.util.concurrent.FutureTask.report(FutureTask.java:122)
	at java.util.concurrent.FutureTask.get(FutureTask.java:192)
	at org.apache.ratis.server.impl.LeaderElection.waitForResults(LeaderElection.java:259)
	at org.apache.ratis.server.impl.LeaderElection.askForVotes(LeaderElection.java:197)
	at org.apache.ratis.server.impl.LeaderElection.run(LeaderElection.java:133)
	at java.lang.Thread.run(Thread.java:748)
Caused by: org.apache.ratis.thirdparty.io.grpc.StatusRuntimeException: UNAVAILABLE: io exception
	at org.apache.ratis.thirdparty.io.grpc.stub.ClientCalls.toStatusRuntimeException(ClientCalls.java:233)
	at org.apache.ratis.thirdparty.io.grpc.stub.ClientCalls.getUnchecked(ClientCalls.java:214)
	at org.apache.ratis.thirdparty.io.grpc.stub.ClientCalls.blockingUnaryCall(ClientCalls.java:139)
	at org.apache.ratis.proto.grpc.RaftServerProtocolServiceGrpc$RaftServerProtocolServiceBlockingStub.requestVote(RaftServerProtocolServiceGrpc.java:265)
	at org.apache.ratis.grpc.server.GrpcServerProtocolClient.requestVote(GrpcServerProtocolClient.java:99)
	at org.apache.ratis.grpc.server.GrpcService.requestVote(GrpcService.java:204)
	at org.apache.ratis.server.impl.LeaderElection.lambda$submitRequests$1(LeaderElection.java:234)
	at java.util.concurrent.FutureTask.run(FutureTask.java:266)
	at java.util.concurrent.Executors$RunnableAdapter.call(Executors.java:511)
	at java.util.concurrent.FutureTask.run(FutureTask.java:266)
	at java.util.concurrent.ThreadPoolExecutor.runWorker(ThreadPoolExecutor.java:1149)
	at java.util.concurrent.ThreadPoolExecutor$Worker.run(ThreadPoolExecutor.java:624)
	... 1 more
Caused by: org.apache.ratis.thirdparty.io.netty.channel.AbstractChannel$AnnotatedConnectException: Connection refused: /192.168.69.118:37568
	at sun.nio.ch.SocketChannelImpl.checkConnect(Native Method)
	at sun.nio.ch.SocketChannelImpl.finishConnect(SocketChannelImpl.java:717)
	at org.apache.ratis.thirdparty.io.netty.channel.socket.nio.NioSocketChannel.doFinishConnect(NioSocketChannel.java:327)
	at org.apache.ratis.thirdparty.io.netty.channel.nio.AbstractNioChannel$AbstractNioUnsafe.finishConnect(AbstractNioChannel.java:340)
	at org.apache.ratis.thirdparty.io.netty.channel.nio.NioEventLoop.processSelectedKey(NioEventLoop.java:632)
	at org.apache.ratis.thirdparty.io.netty.channel.nio.NioEventLoop.processSelectedKeysOptimized(NioEventLoop.java:579)
	at org.apache.ratis.thirdparty.io.netty.channel.nio.NioEventLoop.processSelectedKeys(NioEventLoop.java:496)
	at org.apache.ratis.thirdparty.io.netty.channel.nio.NioEventLoop.run(NioEventLoop.java:458)
	at org.apache.ratis.thirdparty.io.netty.util.concurrent.SingleThreadEventExecutor$5.run(SingleThreadEventExecutor.java:897)
	at org.apache.ratis.thirdparty.io.netty.util.concurrent.FastThreadLocalRunnable.run(FastThreadLocalRunnable.java:30)
	... 1 more
Caused by: java.net.ConnectException: Connection refused
	... 11 more
2019-10-21 23:03:35,835 [grpc-default-executor-0] INFO  impl.RaftServerImpl (RaftServerImpl.java:setRole(184)) - 7c107f1d-8592-48e3-af71-5982c0af1f56@group-C1C12825AC52: changes role from  FOLLOWER to FOLLOWER at term 160 for recognizeCandidate:1244ca21-2158-4cc7-9e07-ba347e145504
2019-10-21 23:03:35,835 [grpc-default-executor-0] INFO  impl.RoleInfo (RoleInfo.java:shutdownFollowerState(121)) - 7c107f1d-8592-48e3-af71-5982c0af1f56: shutdown FollowerState
2019-10-21 23:03:35,835 [grpc-default-executor-0] INFO  impl.RoleInfo (RoleInfo.java:updateAndGet(143)) - 7c107f1d-8592-48e3-af71-5982c0af1f56: start FollowerState
2019-10-21 23:03:35,835 [Thread-10562] INFO  impl.FollowerState (FollowerState.java:run(117)) - 7c107f1d-8592-48e3-af71-5982c0af1f56@group-C1C12825AC52-FollowerState was interrupted: java.lang.InterruptedException: sleep interrupted
2019-10-21 23:03:35,849 [1244ca21-2158-4cc7-9e07-ba347e145504@group-C1C12825AC52-LeaderElection1222] INFO  impl.LeaderElection (LeaderElection.java:logAndReturn(56)) - 1244ca21-2158-4cc7-9e07-ba347e145504@group-C1C12825AC52-LeaderElection1222: Election REJECTED; received 1 response(s) [1244ca21-2158-4cc7-9e07-ba347e145504<-7c107f1d-8592-48e3-af71-5982c0af1f56#0:FAIL-t160] and 1 exception(s); 1244ca21-2158-4cc7-9e07-ba347e145504@group-C1C12825AC52:t160, leader=null, voted=1244ca21-2158-4cc7-9e07-ba347e145504, raftlog=1244ca21-2158-4cc7-9e07-ba347e145504@group-C1C12825AC52-SegmentedRaftLog:OPENED:c-1,f-1,i0, conf=-1: [1244ca21-2158-4cc7-9e07-ba347e145504:192.168.69.118:43370, 7c107f1d-8592-48e3-af71-5982c0af1f56:192.168.69.118:36514, d10c8639-03b1-4f19-ac0f-6419d7578d59:192.168.69.118:37568], old=null
2019-10-21 23:03:35,850 [1244ca21-2158-4cc7-9e07-ba347e145504@group-C1C12825AC52-LeaderElection1222] INFO  impl.LeaderElection (LogUtils.java:infoOrTrace(149)) -   Exception 0: {}
java.util.concurrent.ExecutionException: org.apache.ratis.thirdparty.io.grpc.StatusRuntimeException: UNAVAILABLE: io exception
	at java.util.concurrent.FutureTask.report(FutureTask.java:122)
	at java.util.concurrent.FutureTask.get(FutureTask.java:192)
	at org.apache.ratis.server.impl.LeaderElection.waitForResults(LeaderElection.java:259)
	at org.apache.ratis.server.impl.LeaderElection.askForVotes(LeaderElection.java:197)
	at org.apache.ratis.server.impl.LeaderElection.run(LeaderElection.java:133)
	at java.lang.Thread.run(Thread.java:748)
Caused by: org.apache.ratis.thirdparty.io.grpc.StatusRuntimeException: UNAVAILABLE: io exception
	at org.apache.ratis.thirdparty.io.grpc.stub.ClientCalls.toStatusRuntimeException(ClientCalls.java:233)
	at org.apache.ratis.thirdparty.io.grpc.stub.ClientCalls.getUnchecked(ClientCalls.java:214)
	at org.apache.ratis.thirdparty.io.grpc.stub.ClientCalls.blockingUnaryCall(ClientCalls.java:139)
	at org.apache.ratis.proto.grpc.RaftServerProtocolServiceGrpc$RaftServerProtocolServiceBlockingStub.requestVote(RaftServerProtocolServiceGrpc.java:265)
	at org.apache.ratis.grpc.server.GrpcServerProtocolClient.requestVote(GrpcServerProtocolClient.java:99)
	at org.apache.ratis.grpc.server.GrpcService.requestVote(GrpcService.java:204)
	at org.apache.ratis.server.impl.LeaderElection.lambda$submitRequests$1(LeaderElection.java:234)
	at java.util.concurrent.FutureTask.run(FutureTask.java:266)
	at java.util.concurrent.Executors$RunnableAdapter.call(Executors.java:511)
	at java.util.concurrent.FutureTask.run(FutureTask.java:266)
	at java.util.concurrent.ThreadPoolExecutor.runWorker(ThreadPoolExecutor.java:1149)
	at java.util.concurrent.ThreadPoolExecutor$Worker.run(ThreadPoolExecutor.java:624)
	... 1 more
Caused by: org.apache.ratis.thirdparty.io.netty.channel.AbstractChannel$AnnotatedConnectException: Connection refused: /192.168.69.118:37568
	at sun.nio.ch.SocketChannelImpl.checkConnect(Native Method)
	at sun.nio.ch.SocketChannelImpl.finishConnect(SocketChannelImpl.java:717)
	at org.apache.ratis.thirdparty.io.netty.channel.socket.nio.NioSocketChannel.doFinishConnect(NioSocketChannel.java:327)
	at org.apache.ratis.thirdparty.io.netty.channel.nio.AbstractNioChannel$AbstractNioUnsafe.finishConnect(AbstractNioChannel.java:340)
	at org.apache.ratis.thirdparty.io.netty.channel.nio.NioEventLoop.processSelectedKey(NioEventLoop.java:632)
	at org.apache.ratis.thirdparty.io.netty.channel.nio.NioEventLoop.processSelectedKeysOptimized(NioEventLoop.java:579)
	at org.apache.ratis.thirdparty.io.netty.channel.nio.NioEventLoop.processSelectedKeys(NioEventLoop.java:496)
	at org.apache.ratis.thirdparty.io.netty.channel.nio.NioEventLoop.run(NioEventLoop.java:458)
	at org.apache.ratis.thirdparty.io.netty.util.concurrent.SingleThreadEventExecutor$5.run(SingleThreadEventExecutor.java:897)
	at org.apache.ratis.thirdparty.io.netty.util.concurrent.FastThreadLocalRunnable.run(FastThreadLocalRunnable.java:30)
	... 1 more
Caused by: java.net.ConnectException: Connection refused
	... 11 more
2019-10-21 23:03:35,850 [1244ca21-2158-4cc7-9e07-ba347e145504@group-C1C12825AC52-LeaderElection1222] INFO  impl.RaftServerImpl (RaftServerImpl.java:setRole(184)) - 1244ca21-2158-4cc7-9e07-ba347e145504@group-C1C12825AC52: changes role from CANDIDATE to FOLLOWER at term 160 for DISCOVERED_A_NEW_TERM
2019-10-21 23:03:35,850 [1244ca21-2158-4cc7-9e07-ba347e145504@group-C1C12825AC52-LeaderElection1222] INFO  impl.RoleInfo (RoleInfo.java:shutdownLeaderElection(134)) - 1244ca21-2158-4cc7-9e07-ba347e145504: shutdown LeaderElection
2019-10-21 23:03:35,850 [1244ca21-2158-4cc7-9e07-ba347e145504@group-C1C12825AC52-LeaderElection1222] INFO  impl.RoleInfo (RoleInfo.java:updateAndGet(143)) - 1244ca21-2158-4cc7-9e07-ba347e145504: start FollowerState
2019-10-21 23:03:35,993 [Thread-10568] INFO  impl.FollowerState (FollowerState.java:run(108)) - 1244ca21-2158-4cc7-9e07-ba347e145504@group-C1C12825AC52-FollowerState: change to CANDIDATE, lastRpcTime:142ms, electionTimeout:142ms
2019-10-21 23:03:35,993 [Thread-10568] INFO  impl.RoleInfo (RoleInfo.java:shutdownFollowerState(121)) - 1244ca21-2158-4cc7-9e07-ba347e145504: shutdown FollowerState
2019-10-21 23:03:35,993 [Thread-10568] INFO  impl.RaftServerImpl (RaftServerImpl.java:setRole(184)) - 1244ca21-2158-4cc7-9e07-ba347e145504@group-C1C12825AC52: changes role from  FOLLOWER to CANDIDATE at term 160 for changeToCandidate
2019-10-21 23:03:35,993 [Thread-10568] INFO  impl.RoleInfo (RoleInfo.java:updateAndGet(143)) - 1244ca21-2158-4cc7-9e07-ba347e145504: start LeaderElection
2019-10-21 23:03:36,007 [1244ca21-2158-4cc7-9e07-ba347e145504@group-C1C12825AC52-LeaderElection1223] INFO  impl.LeaderElection (LeaderElection.java:askForVotes(178)) - 1244ca21-2158-4cc7-9e07-ba347e145504@group-C1C12825AC52-LeaderElection1223: begin an election at term 161 for -1: [1244ca21-2158-4cc7-9e07-ba347e145504:192.168.69.118:43370, 7c107f1d-8592-48e3-af71-5982c0af1f56:192.168.69.118:36514, d10c8639-03b1-4f19-ac0f-6419d7578d59:192.168.69.118:37568], old=null
2019-10-21 23:03:36,008 [1244ca21-2158-4cc7-9e07-ba347e145504@group-C1C12825AC52-LeaderElection1223] INFO  impl.LeaderElection (LogUtils.java:infoOrTrace(149)) - 1244ca21-2158-4cc7-9e07-ba347e145504@group-C1C12825AC52-LeaderElection1223 got exception when requesting votes: {}
java.util.concurrent.ExecutionException: org.apache.ratis.thirdparty.io.grpc.StatusRuntimeException: UNAVAILABLE: io exception
	at java.util.concurrent.FutureTask.report(FutureTask.java:122)
	at java.util.concurrent.FutureTask.get(FutureTask.java:192)
	at org.apache.ratis.server.impl.LeaderElection.waitForResults(LeaderElection.java:259)
	at org.apache.ratis.server.impl.LeaderElection.askForVotes(LeaderElection.java:197)
	at org.apache.ratis.server.impl.LeaderElection.run(LeaderElection.java:133)
	at java.lang.Thread.run(Thread.java:748)
Caused by: org.apache.ratis.thirdparty.io.grpc.StatusRuntimeException: UNAVAILABLE: io exception
	at org.apache.ratis.thirdparty.io.grpc.stub.ClientCalls.toStatusRuntimeException(ClientCalls.java:233)
	at org.apache.ratis.thirdparty.io.grpc.stub.ClientCalls.getUnchecked(ClientCalls.java:214)
	at org.apache.ratis.thirdparty.io.grpc.stub.ClientCalls.blockingUnaryCall(ClientCalls.java:139)
	at org.apache.ratis.proto.grpc.RaftServerProtocolServiceGrpc$RaftServerProtocolServiceBlockingStub.requestVote(RaftServerProtocolServiceGrpc.java:265)
	at org.apache.ratis.grpc.server.GrpcServerProtocolClient.requestVote(GrpcServerProtocolClient.java:99)
	at org.apache.ratis.grpc.server.GrpcService.requestVote(GrpcService.java:204)
	at org.apache.ratis.server.impl.LeaderElection.lambda$submitRequests$1(LeaderElection.java:234)
	at java.util.concurrent.FutureTask.run(FutureTask.java:266)
	at java.util.concurrent.Executors$RunnableAdapter.call(Executors.java:511)
	at java.util.concurrent.FutureTask.run(FutureTask.java:266)
	at java.util.concurrent.ThreadPoolExecutor.runWorker(ThreadPoolExecutor.java:1149)
	at java.util.concurrent.ThreadPoolExecutor$Worker.run(ThreadPoolExecutor.java:624)
	... 1 more
Caused by: org.apache.ratis.thirdparty.io.netty.channel.AbstractChannel$AnnotatedConnectException: Connection refused: /192.168.69.118:37568
	at sun.nio.ch.SocketChannelImpl.checkConnect(Native Method)
	at sun.nio.ch.SocketChannelImpl.finishConnect(SocketChannelImpl.java:717)
	at org.apache.ratis.thirdparty.io.netty.channel.socket.nio.NioSocketChannel.doFinishConnect(NioSocketChannel.java:327)
	at org.apache.ratis.thirdparty.io.netty.channel.nio.AbstractNioChannel$AbstractNioUnsafe.finishConnect(AbstractNioChannel.java:340)
	at org.apache.ratis.thirdparty.io.netty.channel.nio.NioEventLoop.processSelectedKey(NioEventLoop.java:632)
	at org.apache.ratis.thirdparty.io.netty.channel.nio.NioEventLoop.processSelectedKeysOptimized(NioEventLoop.java:579)
	at org.apache.ratis.thirdparty.io.netty.channel.nio.NioEventLoop.processSelectedKeys(NioEventLoop.java:496)
	at org.apache.ratis.thirdparty.io.netty.channel.nio.NioEventLoop.run(NioEventLoop.java:458)
	at org.apache.ratis.thirdparty.io.netty.util.concurrent.SingleThreadEventExecutor$5.run(SingleThreadEventExecutor.java:897)
	at org.apache.ratis.thirdparty.io.netty.util.concurrent.FastThreadLocalRunnable.run(FastThreadLocalRunnable.java:30)
	... 1 more
Caused by: java.net.ConnectException: Connection refused
	... 11 more
2019-10-21 23:03:36,009 [grpc-default-executor-0] INFO  impl.RaftServerImpl (RaftServerImpl.java:setRole(184)) - 7c107f1d-8592-48e3-af71-5982c0af1f56@group-C1C12825AC52: changes role from  FOLLOWER to FOLLOWER at term 161 for recognizeCandidate:1244ca21-2158-4cc7-9e07-ba347e145504
2019-10-21 23:03:36,009 [grpc-default-executor-0] INFO  impl.RoleInfo (RoleInfo.java:shutdownFollowerState(121)) - 7c107f1d-8592-48e3-af71-5982c0af1f56: shutdown FollowerState
2019-10-21 23:03:36,009 [grpc-default-executor-0] INFO  impl.RoleInfo (RoleInfo.java:updateAndGet(143)) - 7c107f1d-8592-48e3-af71-5982c0af1f56: start FollowerState
2019-10-21 23:03:36,009 [Thread-10567] INFO  impl.FollowerState (FollowerState.java:run(117)) - 7c107f1d-8592-48e3-af71-5982c0af1f56@group-C1C12825AC52-FollowerState was interrupted: java.lang.InterruptedException: sleep interrupted
2019-10-21 23:03:36,022 [1244ca21-2158-4cc7-9e07-ba347e145504@group-C1C12825AC52-LeaderElection1223] INFO  impl.LeaderElection (LeaderElection.java:logAndReturn(56)) - 1244ca21-2158-4cc7-9e07-ba347e145504@group-C1C12825AC52-LeaderElection1223: Election REJECTED; received 1 response(s) [1244ca21-2158-4cc7-9e07-ba347e145504<-7c107f1d-8592-48e3-af71-5982c0af1f56#0:FAIL-t161] and 1 exception(s); 1244ca21-2158-4cc7-9e07-ba347e145504@group-C1C12825AC52:t161, leader=null, voted=1244ca21-2158-4cc7-9e07-ba347e145504, raftlog=1244ca21-2158-4cc7-9e07-ba347e145504@group-C1C12825AC52-SegmentedRaftLog:OPENED:c-1,f-1,i0, conf=-1: [1244ca21-2158-4cc7-9e07-ba347e145504:192.168.69.118:43370, 7c107f1d-8592-48e3-af71-5982c0af1f56:192.168.69.118:36514, d10c8639-03b1-4f19-ac0f-6419d7578d59:192.168.69.118:37568], old=null
2019-10-21 23:03:36,022 [1244ca21-2158-4cc7-9e07-ba347e145504@group-C1C12825AC52-LeaderElection1223] INFO  impl.LeaderElection (LogUtils.java:infoOrTrace(149)) -   Exception 0: {}
java.util.concurrent.ExecutionException: org.apache.ratis.thirdparty.io.grpc.StatusRuntimeException: UNAVAILABLE: io exception
	at java.util.concurrent.FutureTask.report(FutureTask.java:122)
	at java.util.concurrent.FutureTask.get(FutureTask.java:192)
	at org.apache.ratis.server.impl.LeaderElection.waitForResults(LeaderElection.java:259)
	at org.apache.ratis.server.impl.LeaderElection.askForVotes(LeaderElection.java:197)
	at org.apache.ratis.server.impl.LeaderElection.run(LeaderElection.java:133)
	at java.lang.Thread.run(Thread.java:748)
Caused by: org.apache.ratis.thirdparty.io.grpc.StatusRuntimeException: UNAVAILABLE: io exception
	at org.apache.ratis.thirdparty.io.grpc.stub.ClientCalls.toStatusRuntimeException(ClientCalls.java:233)
	at org.apache.ratis.thirdparty.io.grpc.stub.ClientCalls.getUnchecked(ClientCalls.java:214)
	at org.apache.ratis.thirdparty.io.grpc.stub.ClientCalls.blockingUnaryCall(ClientCalls.java:139)
	at org.apache.ratis.proto.grpc.RaftServerProtocolServiceGrpc$RaftServerProtocolServiceBlockingStub.requestVote(RaftServerProtocolServiceGrpc.java:265)
	at org.apache.ratis.grpc.server.GrpcServerProtocolClient.requestVote(GrpcServerProtocolClient.java:99)
	at org.apache.ratis.grpc.server.GrpcService.requestVote(GrpcService.java:204)
	at org.apache.ratis.server.impl.LeaderElection.lambda$submitRequests$1(LeaderElection.java:234)
	at java.util.concurrent.FutureTask.run(FutureTask.java:266)
	at java.util.concurrent.Executors$RunnableAdapter.call(Executors.java:511)
	at java.util.concurrent.FutureTask.run(FutureTask.java:266)
	at java.util.concurrent.ThreadPoolExecutor.runWorker(ThreadPoolExecutor.java:1149)
	at java.util.concurrent.ThreadPoolExecutor$Worker.run(ThreadPoolExecutor.java:624)
	... 1 more
Caused by: org.apache.ratis.thirdparty.io.netty.channel.AbstractChannel$AnnotatedConnectException: Connection refused: /192.168.69.118:37568
	at sun.nio.ch.SocketChannelImpl.checkConnect(Native Method)
	at sun.nio.ch.SocketChannelImpl.finishConnect(SocketChannelImpl.java:717)
	at org.apache.ratis.thirdparty.io.netty.channel.socket.nio.NioSocketChannel.doFinishConnect(NioSocketChannel.java:327)
	at org.apache.ratis.thirdparty.io.netty.channel.nio.AbstractNioChannel$AbstractNioUnsafe.finishConnect(AbstractNioChannel.java:340)
	at org.apache.ratis.thirdparty.io.netty.channel.nio.NioEventLoop.processSelectedKey(NioEventLoop.java:632)
	at org.apache.ratis.thirdparty.io.netty.channel.nio.NioEventLoop.processSelectedKeysOptimized(NioEventLoop.java:579)
	at org.apache.ratis.thirdparty.io.netty.channel.nio.NioEventLoop.processSelectedKeys(NioEventLoop.java:496)
	at org.apache.ratis.thirdparty.io.netty.channel.nio.NioEventLoop.run(NioEventLoop.java:458)
	at org.apache.ratis.thirdparty.io.netty.util.concurrent.SingleThreadEventExecutor$5.run(SingleThreadEventExecutor.java:897)
	at org.apache.ratis.thirdparty.io.netty.util.concurrent.FastThreadLocalRunnable.run(FastThreadLocalRunnable.java:30)
	... 1 more
Caused by: java.net.ConnectException: Connection refused
	... 11 more
2019-10-21 23:03:36,022 [1244ca21-2158-4cc7-9e07-ba347e145504@group-C1C12825AC52-LeaderElection1223] INFO  impl.RaftServerImpl (RaftServerImpl.java:setRole(184)) - 1244ca21-2158-4cc7-9e07-ba347e145504@group-C1C12825AC52: changes role from CANDIDATE to FOLLOWER at term 161 for DISCOVERED_A_NEW_TERM
2019-10-21 23:03:36,022 [1244ca21-2158-4cc7-9e07-ba347e145504@group-C1C12825AC52-LeaderElection1223] INFO  impl.RoleInfo (RoleInfo.java:shutdownLeaderElection(134)) - 1244ca21-2158-4cc7-9e07-ba347e145504: shutdown LeaderElection
2019-10-21 23:03:36,023 [1244ca21-2158-4cc7-9e07-ba347e145504@group-C1C12825AC52-LeaderElection1223] INFO  impl.RoleInfo (RoleInfo.java:updateAndGet(143)) - 1244ca21-2158-4cc7-9e07-ba347e145504: start FollowerState
2019-10-21 23:03:36,181 [Thread-10573] INFO  impl.FollowerState (FollowerState.java:run(108)) - 1244ca21-2158-4cc7-9e07-ba347e145504@group-C1C12825AC52-FollowerState: change to CANDIDATE, lastRpcTime:158ms, electionTimeout:158ms
2019-10-21 23:03:36,181 [Thread-10573] INFO  impl.RoleInfo (RoleInfo.java:shutdownFollowerState(121)) - 1244ca21-2158-4cc7-9e07-ba347e145504: shutdown FollowerState
2019-10-21 23:03:36,186 [Thread-10573] INFO  impl.RaftServerImpl (RaftServerImpl.java:setRole(184)) - 1244ca21-2158-4cc7-9e07-ba347e145504@group-C1C12825AC52: changes role from  FOLLOWER to CANDIDATE at term 161 for changeToCandidate
2019-10-21 23:03:36,187 [Thread-10573] INFO  impl.RoleInfo (RoleInfo.java:updateAndGet(143)) - 1244ca21-2158-4cc7-9e07-ba347e145504: start LeaderElection
2019-10-21 23:03:36,201 [1244ca21-2158-4cc7-9e07-ba347e145504@group-C1C12825AC52-LeaderElection1224] INFO  impl.LeaderElection (LeaderElection.java:askForVotes(178)) - 1244ca21-2158-4cc7-9e07-ba347e145504@group-C1C12825AC52-LeaderElection1224: begin an election at term 162 for -1: [1244ca21-2158-4cc7-9e07-ba347e145504:192.168.69.118:43370, 7c107f1d-8592-48e3-af71-5982c0af1f56:192.168.69.118:36514, d10c8639-03b1-4f19-ac0f-6419d7578d59:192.168.69.118:37568], old=null
2019-10-21 23:03:36,202 [1244ca21-2158-4cc7-9e07-ba347e145504@group-C1C12825AC52-LeaderElection1224] INFO  impl.LeaderElection (LogUtils.java:infoOrTrace(149)) - 1244ca21-2158-4cc7-9e07-ba347e145504@group-C1C12825AC52-LeaderElection1224 got exception when requesting votes: {}
java.util.concurrent.ExecutionException: org.apache.ratis.thirdparty.io.grpc.StatusRuntimeException: UNAVAILABLE: io exception
	at java.util.concurrent.FutureTask.report(FutureTask.java:122)
	at java.util.concurrent.FutureTask.get(FutureTask.java:192)
	at org.apache.ratis.server.impl.LeaderElection.waitForResults(LeaderElection.java:259)
	at org.apache.ratis.server.impl.LeaderElection.askForVotes(LeaderElection.java:197)
	at org.apache.ratis.server.impl.LeaderElection.run(LeaderElection.java:133)
	at java.lang.Thread.run(Thread.java:748)
Caused by: org.apache.ratis.thirdparty.io.grpc.StatusRuntimeException: UNAVAILABLE: io exception
	at org.apache.ratis.thirdparty.io.grpc.stub.ClientCalls.toStatusRuntimeException(ClientCalls.java:233)
	at org.apache.ratis.thirdparty.io.grpc.stub.ClientCalls.getUnchecked(ClientCalls.java:214)
	at org.apache.ratis.thirdparty.io.grpc.stub.ClientCalls.blockingUnaryCall(ClientCalls.java:139)
	at org.apache.ratis.proto.grpc.RaftServerProtocolServiceGrpc$RaftServerProtocolServiceBlockingStub.requestVote(RaftServerProtocolServiceGrpc.java:265)
	at org.apache.ratis.grpc.server.GrpcServerProtocolClient.requestVote(GrpcServerProtocolClient.java:99)
	at org.apache.ratis.grpc.server.GrpcService.requestVote(GrpcService.java:204)
	at org.apache.ratis.server.impl.LeaderElection.lambda$submitRequests$1(LeaderElection.java:234)
	at java.util.concurrent.FutureTask.run(FutureTask.java:266)
	at java.util.concurrent.Executors$RunnableAdapter.call(Executors.java:511)
	at java.util.concurrent.FutureTask.run(FutureTask.java:266)
	at java.util.concurrent.ThreadPoolExecutor.runWorker(ThreadPoolExecutor.java:1149)
	at java.util.concurrent.ThreadPoolExecutor$Worker.run(ThreadPoolExecutor.java:624)
	... 1 more
Caused by: org.apache.ratis.thirdparty.io.netty.channel.AbstractChannel$AnnotatedConnectException: Connection refused: /192.168.69.118:37568
	at sun.nio.ch.SocketChannelImpl.checkConnect(Native Method)
	at sun.nio.ch.SocketChannelImpl.finishConnect(SocketChannelImpl.java:717)
	at org.apache.ratis.thirdparty.io.netty.channel.socket.nio.NioSocketChannel.doFinishConnect(NioSocketChannel.java:327)
	at org.apache.ratis.thirdparty.io.netty.channel.nio.AbstractNioChannel$AbstractNioUnsafe.finishConnect(AbstractNioChannel.java:340)
	at org.apache.ratis.thirdparty.io.netty.channel.nio.NioEventLoop.processSelectedKey(NioEventLoop.java:632)
	at org.apache.ratis.thirdparty.io.netty.channel.nio.NioEventLoop.processSelectedKeysOptimized(NioEventLoop.java:579)
	at org.apache.ratis.thirdparty.io.netty.channel.nio.NioEventLoop.processSelectedKeys(NioEventLoop.java:496)
	at org.apache.ratis.thirdparty.io.netty.channel.nio.NioEventLoop.run(NioEventLoop.java:458)
	at org.apache.ratis.thirdparty.io.netty.util.concurrent.SingleThreadEventExecutor$5.run(SingleThreadEventExecutor.java:897)
	at org.apache.ratis.thirdparty.io.netty.util.concurrent.FastThreadLocalRunnable.run(FastThreadLocalRunnable.java:30)
	... 1 more
Caused by: java.net.ConnectException: Connection refused
	... 11 more
2019-10-21 23:03:36,202 [grpc-default-executor-8] INFO  impl.RaftServerImpl (RaftServerImpl.java:setRole(184)) - 7c107f1d-8592-48e3-af71-5982c0af1f56@group-C1C12825AC52: changes role from  FOLLOWER to FOLLOWER at term 162 for recognizeCandidate:1244ca21-2158-4cc7-9e07-ba347e145504
2019-10-21 23:03:36,202 [grpc-default-executor-8] INFO  impl.RoleInfo (RoleInfo.java:shutdownFollowerState(121)) - 7c107f1d-8592-48e3-af71-5982c0af1f56: shutdown FollowerState
2019-10-21 23:03:36,202 [grpc-default-executor-8] INFO  impl.RoleInfo (RoleInfo.java:updateAndGet(143)) - 7c107f1d-8592-48e3-af71-5982c0af1f56: start FollowerState
2019-10-21 23:03:36,202 [Thread-10572] INFO  impl.FollowerState (FollowerState.java:run(117)) - 7c107f1d-8592-48e3-af71-5982c0af1f56@group-C1C12825AC52-FollowerState was interrupted: java.lang.InterruptedException: sleep interrupted
2019-10-21 23:03:36,215 [1244ca21-2158-4cc7-9e07-ba347e145504@group-C1C12825AC52-LeaderElection1224] INFO  impl.LeaderElection (LeaderElection.java:logAndReturn(56)) - 1244ca21-2158-4cc7-9e07-ba347e145504@group-C1C12825AC52-LeaderElection1224: Election REJECTED; received 1 response(s) [1244ca21-2158-4cc7-9e07-ba347e145504<-7c107f1d-8592-48e3-af71-5982c0af1f56#0:FAIL-t162] and 1 exception(s); 1244ca21-2158-4cc7-9e07-ba347e145504@group-C1C12825AC52:t162, leader=null, voted=1244ca21-2158-4cc7-9e07-ba347e145504, raftlog=1244ca21-2158-4cc7-9e07-ba347e145504@group-C1C12825AC52-SegmentedRaftLog:OPENED:c-1,f-1,i0, conf=-1: [1244ca21-2158-4cc7-9e07-ba347e145504:192.168.69.118:43370, 7c107f1d-8592-48e3-af71-5982c0af1f56:192.168.69.118:36514, d10c8639-03b1-4f19-ac0f-6419d7578d59:192.168.69.118:37568], old=null
2019-10-21 23:03:36,215 [1244ca21-2158-4cc7-9e07-ba347e145504@group-C1C12825AC52-LeaderElection1224] INFO  impl.LeaderElection (LogUtils.java:infoOrTrace(149)) -   Exception 0: {}
java.util.concurrent.ExecutionException: org.apache.ratis.thirdparty.io.grpc.StatusRuntimeException: UNAVAILABLE: io exception
	at java.util.concurrent.FutureTask.report(FutureTask.java:122)
	at java.util.concurrent.FutureTask.get(FutureTask.java:192)
	at org.apache.ratis.server.impl.LeaderElection.waitForResults(LeaderElection.java:259)
	at org.apache.ratis.server.impl.LeaderElection.askForVotes(LeaderElection.java:197)
	at org.apache.ratis.server.impl.LeaderElection.run(LeaderElection.java:133)
	at java.lang.Thread.run(Thread.java:748)
Caused by: org.apache.ratis.thirdparty.io.grpc.StatusRuntimeException: UNAVAILABLE: io exception
	at org.apache.ratis.thirdparty.io.grpc.stub.ClientCalls.toStatusRuntimeException(ClientCalls.java:233)
	at org.apache.ratis.thirdparty.io.grpc.stub.ClientCalls.getUnchecked(ClientCalls.java:214)
	at org.apache.ratis.thirdparty.io.grpc.stub.ClientCalls.blockingUnaryCall(ClientCalls.java:139)
	at org.apache.ratis.proto.grpc.RaftServerProtocolServiceGrpc$RaftServerProtocolServiceBlockingStub.requestVote(RaftServerProtocolServiceGrpc.java:265)
	at org.apache.ratis.grpc.server.GrpcServerProtocolClient.requestVote(GrpcServerProtocolClient.java:99)
	at org.apache.ratis.grpc.server.GrpcService.requestVote(GrpcService.java:204)
	at org.apache.ratis.server.impl.LeaderElection.lambda$submitRequests$1(LeaderElection.java:234)
	at java.util.concurrent.FutureTask.run(FutureTask.java:266)
	at java.util.concurrent.Executors$RunnableAdapter.call(Executors.java:511)
	at java.util.concurrent.FutureTask.run(FutureTask.java:266)
	at java.util.concurrent.ThreadPoolExecutor.runWorker(ThreadPoolExecutor.java:1149)
	at java.util.concurrent.ThreadPoolExecutor$Worker.run(ThreadPoolExecutor.java:624)
	... 1 more
Caused by: org.apache.ratis.thirdparty.io.netty.channel.AbstractChannel$AnnotatedConnectException: Connection refused: /192.168.69.118:37568
	at sun.nio.ch.SocketChannelImpl.checkConnect(Native Method)
	at sun.nio.ch.SocketChannelImpl.finishConnect(SocketChannelImpl.java:717)
	at org.apache.ratis.thirdparty.io.netty.channel.socket.nio.NioSocketChannel.doFinishConnect(NioSocketChannel.java:327)
	at org.apache.ratis.thirdparty.io.netty.channel.nio.AbstractNioChannel$AbstractNioUnsafe.finishConnect(AbstractNioChannel.java:340)
	at org.apache.ratis.thirdparty.io.netty.channel.nio.NioEventLoop.processSelectedKey(NioEventLoop.java:632)
	at org.apache.ratis.thirdparty.io.netty.channel.nio.NioEventLoop.processSelectedKeysOptimized(NioEventLoop.java:579)
	at org.apache.ratis.thirdparty.io.netty.channel.nio.NioEventLoop.processSelectedKeys(NioEventLoop.java:496)
	at org.apache.ratis.thirdparty.io.netty.channel.nio.NioEventLoop.run(NioEventLoop.java:458)
	at org.apache.ratis.thirdparty.io.netty.util.concurrent.SingleThreadEventExecutor$5.run(SingleThreadEventExecutor.java:897)
	at org.apache.ratis.thirdparty.io.netty.util.concurrent.FastThreadLocalRunnable.run(FastThreadLocalRunnable.java:30)
	... 1 more
Caused by: java.net.ConnectException: Connection refused
	... 11 more
2019-10-21 23:03:36,216 [1244ca21-2158-4cc7-9e07-ba347e145504@group-C1C12825AC52-LeaderElection1224] INFO  impl.RaftServerImpl (RaftServerImpl.java:setRole(184)) - 1244ca21-2158-4cc7-9e07-ba347e145504@group-C1C12825AC52: changes role from CANDIDATE to FOLLOWER at term 162 for DISCOVERED_A_NEW_TERM
2019-10-21 23:03:36,216 [1244ca21-2158-4cc7-9e07-ba347e145504@group-C1C12825AC52-LeaderElection1224] INFO  impl.RoleInfo (RoleInfo.java:shutdownLeaderElection(134)) - 1244ca21-2158-4cc7-9e07-ba347e145504: shutdown LeaderElection
2019-10-21 23:03:36,216 [1244ca21-2158-4cc7-9e07-ba347e145504@group-C1C12825AC52-LeaderElection1224] INFO  impl.RoleInfo (RoleInfo.java:updateAndGet(143)) - 1244ca21-2158-4cc7-9e07-ba347e145504: start FollowerState
2019-10-21 23:03:36,296 [Thread-10582] INFO  impl.FollowerState (FollowerState.java:run(108)) - 1244ca21-2158-4cc7-9e07-ba347e145504@group-C1C12825AC52-FollowerState: change to CANDIDATE, lastRpcTime:80ms, electionTimeout:80ms
2019-10-21 23:03:36,296 [Thread-10582] INFO  impl.RoleInfo (RoleInfo.java:shutdownFollowerState(121)) - 1244ca21-2158-4cc7-9e07-ba347e145504: shutdown FollowerState
2019-10-21 23:03:36,296 [Thread-10582] INFO  impl.RaftServerImpl (RaftServerImpl.java:setRole(184)) - 1244ca21-2158-4cc7-9e07-ba347e145504@group-C1C12825AC52: changes role from  FOLLOWER to CANDIDATE at term 162 for changeToCandidate
2019-10-21 23:03:36,296 [Thread-10582] INFO  impl.RoleInfo (RoleInfo.java:updateAndGet(143)) - 1244ca21-2158-4cc7-9e07-ba347e145504: start LeaderElection
2019-10-21 23:03:36,308 [1244ca21-2158-4cc7-9e07-ba347e145504@group-C1C12825AC52-LeaderElection1225] INFO  impl.LeaderElection (LeaderElection.java:askForVotes(178)) - 1244ca21-2158-4cc7-9e07-ba347e145504@group-C1C12825AC52-LeaderElection1225: begin an election at term 163 for -1: [1244ca21-2158-4cc7-9e07-ba347e145504:192.168.69.118:43370, 7c107f1d-8592-48e3-af71-5982c0af1f56:192.168.69.118:36514, d10c8639-03b1-4f19-ac0f-6419d7578d59:192.168.69.118:37568], old=null
2019-10-21 23:03:36,309 [1244ca21-2158-4cc7-9e07-ba347e145504@group-C1C12825AC52-LeaderElection1225] INFO  impl.LeaderElection (LogUtils.java:infoOrTrace(149)) - 1244ca21-2158-4cc7-9e07-ba347e145504@group-C1C12825AC52-LeaderElection1225 got exception when requesting votes: {}
java.util.concurrent.ExecutionException: org.apache.ratis.thirdparty.io.grpc.StatusRuntimeException: UNAVAILABLE: io exception
	at java.util.concurrent.FutureTask.report(FutureTask.java:122)
	at java.util.concurrent.FutureTask.get(FutureTask.java:192)
	at org.apache.ratis.server.impl.LeaderElection.waitForResults(LeaderElection.java:259)
	at org.apache.ratis.server.impl.LeaderElection.askForVotes(LeaderElection.java:197)
	at org.apache.ratis.server.impl.LeaderElection.run(LeaderElection.java:133)
	at java.lang.Thread.run(Thread.java:748)
Caused by: org.apache.ratis.thirdparty.io.grpc.StatusRuntimeException: UNAVAILABLE: io exception
	at org.apache.ratis.thirdparty.io.grpc.stub.ClientCalls.toStatusRuntimeException(ClientCalls.java:233)
	at org.apache.ratis.thirdparty.io.grpc.stub.ClientCalls.getUnchecked(ClientCalls.java:214)
	at org.apache.ratis.thirdparty.io.grpc.stub.ClientCalls.blockingUnaryCall(ClientCalls.java:139)
	at org.apache.ratis.proto.grpc.RaftServerProtocolServiceGrpc$RaftServerProtocolServiceBlockingStub.requestVote(RaftServerProtocolServiceGrpc.java:265)
	at org.apache.ratis.grpc.server.GrpcServerProtocolClient.requestVote(GrpcServerProtocolClient.java:99)
	at org.apache.ratis.grpc.server.GrpcService.requestVote(GrpcService.java:204)
	at org.apache.ratis.server.impl.LeaderElection.lambda$submitRequests$1(LeaderElection.java:234)
	at java.util.concurrent.FutureTask.run(FutureTask.java:266)
	at java.util.concurrent.Executors$RunnableAdapter.call(Executors.java:511)
	at java.util.concurrent.FutureTask.run(FutureTask.java:266)
	at java.util.concurrent.ThreadPoolExecutor.runWorker(ThreadPoolExecutor.java:1149)
	at java.util.concurrent.ThreadPoolExecutor$Worker.run(ThreadPoolExecutor.java:624)
	... 1 more
Caused by: org.apache.ratis.thirdparty.io.netty.channel.AbstractChannel$AnnotatedConnectException: Connection refused: /192.168.69.118:37568
	at sun.nio.ch.SocketChannelImpl.checkConnect(Native Method)
	at sun.nio.ch.SocketChannelImpl.finishConnect(SocketChannelImpl.java:717)
	at org.apache.ratis.thirdparty.io.netty.channel.socket.nio.NioSocketChannel.doFinishConnect(NioSocketChannel.java:327)
	at org.apache.ratis.thirdparty.io.netty.channel.nio.AbstractNioChannel$AbstractNioUnsafe.finishConnect(AbstractNioChannel.java:340)
	at org.apache.ratis.thirdparty.io.netty.channel.nio.NioEventLoop.processSelectedKey(NioEventLoop.java:632)
	at org.apache.ratis.thirdparty.io.netty.channel.nio.NioEventLoop.processSelectedKeysOptimized(NioEventLoop.java:579)
	at org.apache.ratis.thirdparty.io.netty.channel.nio.NioEventLoop.processSelectedKeys(NioEventLoop.java:496)
	at org.apache.ratis.thirdparty.io.netty.channel.nio.NioEventLoop.run(NioEventLoop.java:458)
	at org.apache.ratis.thirdparty.io.netty.util.concurrent.SingleThreadEventExecutor$5.run(SingleThreadEventExecutor.java:897)
	at org.apache.ratis.thirdparty.io.netty.util.concurrent.FastThreadLocalRunnable.run(FastThreadLocalRunnable.java:30)
	... 1 more
Caused by: java.net.ConnectException: Connection refused
	... 11 more
2019-10-21 23:03:36,310 [grpc-default-executor-8] INFO  impl.RaftServerImpl (RaftServerImpl.java:setRole(184)) - 7c107f1d-8592-48e3-af71-5982c0af1f56@group-C1C12825AC52: changes role from  FOLLOWER to FOLLOWER at term 163 for recognizeCandidate:1244ca21-2158-4cc7-9e07-ba347e145504
2019-10-21 23:03:36,310 [grpc-default-executor-8] INFO  impl.RoleInfo (RoleInfo.java:shutdownFollowerState(121)) - 7c107f1d-8592-48e3-af71-5982c0af1f56: shutdown FollowerState
2019-10-21 23:03:36,310 [grpc-default-executor-8] INFO  impl.RoleInfo (RoleInfo.java:updateAndGet(143)) - 7c107f1d-8592-48e3-af71-5982c0af1f56: start FollowerState
2019-10-21 23:03:36,310 [Thread-10581] INFO  impl.FollowerState (FollowerState.java:run(117)) - 7c107f1d-8592-48e3-af71-5982c0af1f56@group-C1C12825AC52-FollowerState was interrupted: java.lang.InterruptedException: sleep interrupted
2019-10-21 23:03:36,326 [1244ca21-2158-4cc7-9e07-ba347e145504@group-C1C12825AC52-LeaderElection1225] INFO  impl.LeaderElection (LeaderElection.java:logAndReturn(56)) - 1244ca21-2158-4cc7-9e07-ba347e145504@group-C1C12825AC52-LeaderElection1225: Election REJECTED; received 1 response(s) [1244ca21-2158-4cc7-9e07-ba347e145504<-7c107f1d-8592-48e3-af71-5982c0af1f56#0:FAIL-t163] and 1 exception(s); 1244ca21-2158-4cc7-9e07-ba347e145504@group-C1C12825AC52:t163, leader=null, voted=1244ca21-2158-4cc7-9e07-ba347e145504, raftlog=1244ca21-2158-4cc7-9e07-ba347e145504@group-C1C12825AC52-SegmentedRaftLog:OPENED:c-1,f-1,i0, conf=-1: [1244ca21-2158-4cc7-9e07-ba347e145504:192.168.69.118:43370, 7c107f1d-8592-48e3-af71-5982c0af1f56:192.168.69.118:36514, d10c8639-03b1-4f19-ac0f-6419d7578d59:192.168.69.118:37568], old=null
2019-10-21 23:03:36,326 [1244ca21-2158-4cc7-9e07-ba347e145504@group-C1C12825AC52-LeaderElection1225] INFO  impl.LeaderElection (LogUtils.java:infoOrTrace(149)) -   Exception 0: {}
java.util.concurrent.ExecutionException: org.apache.ratis.thirdparty.io.grpc.StatusRuntimeException: UNAVAILABLE: io exception
	at java.util.concurrent.FutureTask.report(FutureTask.java:122)
	at java.util.concurrent.FutureTask.get(FutureTask.java:192)
	at org.apache.ratis.server.impl.LeaderElection.waitForResults(LeaderElection.java:259)
	at org.apache.ratis.server.impl.LeaderElection.askForVotes(LeaderElection.java:197)
	at org.apache.ratis.server.impl.LeaderElection.run(LeaderElection.java:133)
	at java.lang.Thread.run(Thread.java:748)
Caused by: org.apache.ratis.thirdparty.io.grpc.StatusRuntimeException: UNAVAILABLE: io exception
	at org.apache.ratis.thirdparty.io.grpc.stub.ClientCalls.toStatusRuntimeException(ClientCalls.java:233)
	at org.apache.ratis.thirdparty.io.grpc.stub.ClientCalls.getUnchecked(ClientCalls.java:214)
	at org.apache.ratis.thirdparty.io.grpc.stub.ClientCalls.blockingUnaryCall(ClientCalls.java:139)
	at org.apache.ratis.proto.grpc.RaftServerProtocolServiceGrpc$RaftServerProtocolServiceBlockingStub.requestVote(RaftServerProtocolServiceGrpc.java:265)
	at org.apache.ratis.grpc.server.GrpcServerProtocolClient.requestVote(GrpcServerProtocolClient.java:99)
	at org.apache.ratis.grpc.server.GrpcService.requestVote(GrpcService.java:204)
	at org.apache.ratis.server.impl.LeaderElection.lambda$submitRequests$1(LeaderElection.java:234)
	at java.util.concurrent.FutureTask.run(FutureTask.java:266)
	at java.util.concurrent.Executors$RunnableAdapter.call(Executors.java:511)
	at java.util.concurrent.FutureTask.run(FutureTask.java:266)
	at java.util.concurrent.ThreadPoolExecutor.runWorker(ThreadPoolExecutor.java:1149)
	at java.util.concurrent.ThreadPoolExecutor$Worker.run(ThreadPoolExecutor.java:624)
	... 1 more
Caused by: org.apache.ratis.thirdparty.io.netty.channel.AbstractChannel$AnnotatedConnectException: Connection refused: /192.168.69.118:37568
	at sun.nio.ch.SocketChannelImpl.checkConnect(Native Method)
	at sun.nio.ch.SocketChannelImpl.finishConnect(SocketChannelImpl.java:717)
	at org.apache.ratis.thirdparty.io.netty.channel.socket.nio.NioSocketChannel.doFinishConnect(NioSocketChannel.java:327)
	at org.apache.ratis.thirdparty.io.netty.channel.nio.AbstractNioChannel$AbstractNioUnsafe.finishConnect(AbstractNioChannel.java:340)
	at org.apache.ratis.thirdparty.io.netty.channel.nio.NioEventLoop.processSelectedKey(NioEventLoop.java:632)
	at org.apache.ratis.thirdparty.io.netty.channel.nio.NioEventLoop.processSelectedKeysOptimized(NioEventLoop.java:579)
	at org.apache.ratis.thirdparty.io.netty.channel.nio.NioEventLoop.processSelectedKeys(NioEventLoop.java:496)
	at org.apache.ratis.thirdparty.io.netty.channel.nio.NioEventLoop.run(NioEventLoop.java:458)
	at org.apache.ratis.thirdparty.io.netty.util.concurrent.SingleThreadEventExecutor$5.run(SingleThreadEventExecutor.java:897)
	at org.apache.ratis.thirdparty.io.netty.util.concurrent.FastThreadLocalRunnable.run(FastThreadLocalRunnable.java:30)
	... 1 more
Caused by: java.net.ConnectException: Connection refused
	... 11 more
2019-10-21 23:03:36,326 [1244ca21-2158-4cc7-9e07-ba347e145504@group-C1C12825AC52-LeaderElection1225] INFO  impl.RaftServerImpl (RaftServerImpl.java:setRole(184)) - 1244ca21-2158-4cc7-9e07-ba347e145504@group-C1C12825AC52: changes role from CANDIDATE to FOLLOWER at term 163 for DISCOVERED_A_NEW_TERM
2019-10-21 23:03:36,326 [1244ca21-2158-4cc7-9e07-ba347e145504@group-C1C12825AC52-LeaderElection1225] INFO  impl.RoleInfo (RoleInfo.java:shutdownLeaderElection(134)) - 1244ca21-2158-4cc7-9e07-ba347e145504: shutdown LeaderElection
2019-10-21 23:03:36,326 [1244ca21-2158-4cc7-9e07-ba347e145504@group-C1C12825AC52-LeaderElection1225] INFO  impl.RoleInfo (RoleInfo.java:updateAndGet(143)) - 1244ca21-2158-4cc7-9e07-ba347e145504: start FollowerState
2019-10-21 23:03:36,414 [Thread-10587] INFO  impl.FollowerState (FollowerState.java:run(108)) - 1244ca21-2158-4cc7-9e07-ba347e145504@group-C1C12825AC52-FollowerState: change to CANDIDATE, lastRpcTime:87ms, electionTimeout:87ms
2019-10-21 23:03:36,414 [Thread-10587] INFO  impl.RoleInfo (RoleInfo.java:shutdownFollowerState(121)) - 1244ca21-2158-4cc7-9e07-ba347e145504: shutdown FollowerState
2019-10-21 23:03:36,414 [Thread-10587] INFO  impl.RaftServerImpl (RaftServerImpl.java:setRole(184)) - 1244ca21-2158-4cc7-9e07-ba347e145504@group-C1C12825AC52: changes role from  FOLLOWER to CANDIDATE at term 163 for changeToCandidate
2019-10-21 23:03:36,414 [Thread-10587] INFO  impl.RoleInfo (RoleInfo.java:updateAndGet(143)) - 1244ca21-2158-4cc7-9e07-ba347e145504: start LeaderElection
2019-10-21 23:03:36,421 [1244ca21-2158-4cc7-9e07-ba347e145504@group-C1C12825AC52-LeaderElection1226] INFO  impl.LeaderElection (LeaderElection.java:askForVotes(178)) - 1244ca21-2158-4cc7-9e07-ba347e145504@group-C1C12825AC52-LeaderElection1226: begin an election at term 164 for -1: [1244ca21-2158-4cc7-9e07-ba347e145504:192.168.69.118:43370, 7c107f1d-8592-48e3-af71-5982c0af1f56:192.168.69.118:36514, d10c8639-03b1-4f19-ac0f-6419d7578d59:192.168.69.118:37568], old=null
2019-10-21 23:03:36,422 [1244ca21-2158-4cc7-9e07-ba347e145504@group-C1C12825AC52-LeaderElection1226] INFO  impl.LeaderElection (LogUtils.java:infoOrTrace(149)) - 1244ca21-2158-4cc7-9e07-ba347e145504@group-C1C12825AC52-LeaderElection1226 got exception when requesting votes: {}
java.util.concurrent.ExecutionException: org.apache.ratis.thirdparty.io.grpc.StatusRuntimeException: UNAVAILABLE: io exception
	at java.util.concurrent.FutureTask.report(FutureTask.java:122)
	at java.util.concurrent.FutureTask.get(FutureTask.java:192)
	at org.apache.ratis.server.impl.LeaderElection.waitForResults(LeaderElection.java:259)
	at org.apache.ratis.server.impl.LeaderElection.askForVotes(LeaderElection.java:197)
	at org.apache.ratis.server.impl.LeaderElection.run(LeaderElection.java:133)
	at java.lang.Thread.run(Thread.java:748)
Caused by: org.apache.ratis.thirdparty.io.grpc.StatusRuntimeException: UNAVAILABLE: io exception
	at org.apache.ratis.thirdparty.io.grpc.stub.ClientCalls.toStatusRuntimeException(ClientCalls.java:233)
	at org.apache.ratis.thirdparty.io.grpc.stub.ClientCalls.getUnchecked(ClientCalls.java:214)
	at org.apache.ratis.thirdparty.io.grpc.stub.ClientCalls.blockingUnaryCall(ClientCalls.java:139)
	at org.apache.ratis.proto.grpc.RaftServerProtocolServiceGrpc$RaftServerProtocolServiceBlockingStub.requestVote(RaftServerProtocolServiceGrpc.java:265)
	at org.apache.ratis.grpc.server.GrpcServerProtocolClient.requestVote(GrpcServerProtocolClient.java:99)
	at org.apache.ratis.grpc.server.GrpcService.requestVote(GrpcService.java:204)
	at org.apache.ratis.server.impl.LeaderElection.lambda$submitRequests$1(LeaderElection.java:234)
	at java.util.concurrent.FutureTask.run(FutureTask.java:266)
	at java.util.concurrent.Executors$RunnableAdapter.call(Executors.java:511)
	at java.util.concurrent.FutureTask.run(FutureTask.java:266)
	at java.util.concurrent.ThreadPoolExecutor.runWorker(ThreadPoolExecutor.java:1149)
	at java.util.concurrent.ThreadPoolExecutor$Worker.run(ThreadPoolExecutor.java:624)
	... 1 more
Caused by: org.apache.ratis.thirdparty.io.netty.channel.AbstractChannel$AnnotatedConnectException: Connection refused: /192.168.69.118:37568
	at sun.nio.ch.SocketChannelImpl.checkConnect(Native Method)
	at sun.nio.ch.SocketChannelImpl.finishConnect(SocketChannelImpl.java:717)
	at org.apache.ratis.thirdparty.io.netty.channel.socket.nio.NioSocketChannel.doFinishConnect(NioSocketChannel.java:327)
	at org.apache.ratis.thirdparty.io.netty.channel.nio.AbstractNioChannel$AbstractNioUnsafe.finishConnect(AbstractNioChannel.java:340)
	at org.apache.ratis.thirdparty.io.netty.channel.nio.NioEventLoop.processSelectedKey(NioEventLoop.java:632)
	at org.apache.ratis.thirdparty.io.netty.channel.nio.NioEventLoop.processSelectedKeysOptimized(NioEventLoop.java:579)
	at org.apache.ratis.thirdparty.io.netty.channel.nio.NioEventLoop.processSelectedKeys(NioEventLoop.java:496)
	at org.apache.ratis.thirdparty.io.netty.channel.nio.NioEventLoop.run(NioEventLoop.java:458)
	at org.apache.ratis.thirdparty.io.netty.util.concurrent.SingleThreadEventExecutor$5.run(SingleThreadEventExecutor.java:897)
	at org.apache.ratis.thirdparty.io.netty.util.concurrent.FastThreadLocalRunnable.run(FastThreadLocalRunnable.java:30)
	... 1 more
Caused by: java.net.ConnectException: Connection refused
	... 11 more
2019-10-21 23:03:36,423 [grpc-default-executor-8] INFO  impl.RaftServerImpl (RaftServerImpl.java:setRole(184)) - 7c107f1d-8592-48e3-af71-5982c0af1f56@group-C1C12825AC52: changes role from  FOLLOWER to FOLLOWER at term 164 for recognizeCandidate:1244ca21-2158-4cc7-9e07-ba347e145504
2019-10-21 23:03:36,423 [grpc-default-executor-8] INFO  impl.RoleInfo (RoleInfo.java:shutdownFollowerState(121)) - 7c107f1d-8592-48e3-af71-5982c0af1f56: shutdown FollowerState
2019-10-21 23:03:36,423 [grpc-default-executor-8] INFO  impl.RoleInfo (RoleInfo.java:updateAndGet(143)) - 7c107f1d-8592-48e3-af71-5982c0af1f56: start FollowerState
2019-10-21 23:03:36,423 [Thread-10586] INFO  impl.FollowerState (FollowerState.java:run(117)) - 7c107f1d-8592-48e3-af71-5982c0af1f56@group-C1C12825AC52-FollowerState was interrupted: java.lang.InterruptedException: sleep interrupted
2019-10-21 23:03:36,438 [1244ca21-2158-4cc7-9e07-ba347e145504@group-C1C12825AC52-LeaderElection1226] INFO  impl.LeaderElection (LeaderElection.java:logAndReturn(56)) - 1244ca21-2158-4cc7-9e07-ba347e145504@group-C1C12825AC52-LeaderElection1226: Election REJECTED; received 1 response(s) [1244ca21-2158-4cc7-9e07-ba347e145504<-7c107f1d-8592-48e3-af71-5982c0af1f56#0:FAIL-t164] and 1 exception(s); 1244ca21-2158-4cc7-9e07-ba347e145504@group-C1C12825AC52:t164, leader=null, voted=1244ca21-2158-4cc7-9e07-ba347e145504, raftlog=1244ca21-2158-4cc7-9e07-ba347e145504@group-C1C12825AC52-SegmentedRaftLog:OPENED:c-1,f-1,i0, conf=-1: [1244ca21-2158-4cc7-9e07-ba347e145504:192.168.69.118:43370, 7c107f1d-8592-48e3-af71-5982c0af1f56:192.168.69.118:36514, d10c8639-03b1-4f19-ac0f-6419d7578d59:192.168.69.118:37568], old=null
2019-10-21 23:03:36,438 [1244ca21-2158-4cc7-9e07-ba347e145504@group-C1C12825AC52-LeaderElection1226] INFO  impl.LeaderElection (LogUtils.java:infoOrTrace(149)) -   Exception 0: {}
java.util.concurrent.ExecutionException: org.apache.ratis.thirdparty.io.grpc.StatusRuntimeException: UNAVAILABLE: io exception
	at java.util.concurrent.FutureTask.report(FutureTask.java:122)
	at java.util.concurrent.FutureTask.get(FutureTask.java:192)
	at org.apache.ratis.server.impl.LeaderElection.waitForResults(LeaderElection.java:259)
	at org.apache.ratis.server.impl.LeaderElection.askForVotes(LeaderElection.java:197)
	at org.apache.ratis.server.impl.LeaderElection.run(LeaderElection.java:133)
	at java.lang.Thread.run(Thread.java:748)
Caused by: org.apache.ratis.thirdparty.io.grpc.StatusRuntimeException: UNAVAILABLE: io exception
	at org.apache.ratis.thirdparty.io.grpc.stub.ClientCalls.toStatusRuntimeException(ClientCalls.java:233)
	at org.apache.ratis.thirdparty.io.grpc.stub.ClientCalls.getUnchecked(ClientCalls.java:214)
	at org.apache.ratis.thirdparty.io.grpc.stub.ClientCalls.blockingUnaryCall(ClientCalls.java:139)
	at org.apache.ratis.proto.grpc.RaftServerProtocolServiceGrpc$RaftServerProtocolServiceBlockingStub.requestVote(RaftServerProtocolServiceGrpc.java:265)
	at org.apache.ratis.grpc.server.GrpcServerProtocolClient.requestVote(GrpcServerProtocolClient.java:99)
	at org.apache.ratis.grpc.server.GrpcService.requestVote(GrpcService.java:204)
	at org.apache.ratis.server.impl.LeaderElection.lambda$submitRequests$1(LeaderElection.java:234)
	at java.util.concurrent.FutureTask.run(FutureTask.java:266)
	at java.util.concurrent.Executors$RunnableAdapter.call(Executors.java:511)
	at java.util.concurrent.FutureTask.run(FutureTask.java:266)
	at java.util.concurrent.ThreadPoolExecutor.runWorker(ThreadPoolExecutor.java:1149)
	at java.util.concurrent.ThreadPoolExecutor$Worker.run(ThreadPoolExecutor.java:624)
	... 1 more
Caused by: org.apache.ratis.thirdparty.io.netty.channel.AbstractChannel$AnnotatedConnectException: Connection refused: /192.168.69.118:37568
	at sun.nio.ch.SocketChannelImpl.checkConnect(Native Method)
	at sun.nio.ch.SocketChannelImpl.finishConnect(SocketChannelImpl.java:717)
	at org.apache.ratis.thirdparty.io.netty.channel.socket.nio.NioSocketChannel.doFinishConnect(NioSocketChannel.java:327)
	at org.apache.ratis.thirdparty.io.netty.channel.nio.AbstractNioChannel$AbstractNioUnsafe.finishConnect(AbstractNioChannel.java:340)
	at org.apache.ratis.thirdparty.io.netty.channel.nio.NioEventLoop.processSelectedKey(NioEventLoop.java:632)
	at org.apache.ratis.thirdparty.io.netty.channel.nio.NioEventLoop.processSelectedKeysOptimized(NioEventLoop.java:579)
	at org.apache.ratis.thirdparty.io.netty.channel.nio.NioEventLoop.processSelectedKeys(NioEventLoop.java:496)
	at org.apache.ratis.thirdparty.io.netty.channel.nio.NioEventLoop.run(NioEventLoop.java:458)
	at org.apache.ratis.thirdparty.io.netty.util.concurrent.SingleThreadEventExecutor$5.run(SingleThreadEventExecutor.java:897)
	at org.apache.ratis.thirdparty.io.netty.util.concurrent.FastThreadLocalRunnable.run(FastThreadLocalRunnable.java:30)
	... 1 more
Caused by: java.net.ConnectException: Connection refused
	... 11 more
2019-10-21 23:03:36,439 [1244ca21-2158-4cc7-9e07-ba347e145504@group-C1C12825AC52-LeaderElection1226] INFO  impl.RaftServerImpl (RaftServerImpl.java:setRole(184)) - 1244ca21-2158-4cc7-9e07-ba347e145504@group-C1C12825AC52: changes role from CANDIDATE to FOLLOWER at term 164 for DISCOVERED_A_NEW_TERM
2019-10-21 23:03:36,439 [1244ca21-2158-4cc7-9e07-ba347e145504@group-C1C12825AC52-LeaderElection1226] INFO  impl.RoleInfo (RoleInfo.java:shutdownLeaderElection(134)) - 1244ca21-2158-4cc7-9e07-ba347e145504: shutdown LeaderElection
2019-10-21 23:03:36,439 [1244ca21-2158-4cc7-9e07-ba347e145504@group-C1C12825AC52-LeaderElection1226] INFO  impl.RoleInfo (RoleInfo.java:updateAndGet(143)) - 1244ca21-2158-4cc7-9e07-ba347e145504: start FollowerState
2019-10-21 23:03:36,448 [Thread-10592] INFO  impl.FollowerState (FollowerState.java:run(108)) - 1244ca21-2158-4cc7-9e07-ba347e145504@group-C1C12825AC52-FollowerState: change to CANDIDATE, lastRpcTime:9ms, electionTimeout:9ms
2019-10-21 23:03:36,448 [Thread-10592] INFO  impl.RoleInfo (RoleInfo.java:shutdownFollowerState(121)) - 1244ca21-2158-4cc7-9e07-ba347e145504: shutdown FollowerState
2019-10-21 23:03:36,449 [Thread-10592] INFO  impl.RaftServerImpl (RaftServerImpl.java:setRole(184)) - 1244ca21-2158-4cc7-9e07-ba347e145504@group-C1C12825AC52: changes role from  FOLLOWER to CANDIDATE at term 164 for changeToCandidate
2019-10-21 23:03:36,449 [Thread-10592] INFO  impl.RoleInfo (RoleInfo.java:updateAndGet(143)) - 1244ca21-2158-4cc7-9e07-ba347e145504: start LeaderElection
2019-10-21 23:03:36,462 [1244ca21-2158-4cc7-9e07-ba347e145504@group-C1C12825AC52-LeaderElection1227] INFO  impl.LeaderElection (LeaderElection.java:askForVotes(178)) - 1244ca21-2158-4cc7-9e07-ba347e145504@group-C1C12825AC52-LeaderElection1227: begin an election at term 165 for -1: [1244ca21-2158-4cc7-9e07-ba347e145504:192.168.69.118:43370, 7c107f1d-8592-48e3-af71-5982c0af1f56:192.168.69.118:36514, d10c8639-03b1-4f19-ac0f-6419d7578d59:192.168.69.118:37568], old=null
2019-10-21 23:03:36,463 [1244ca21-2158-4cc7-9e07-ba347e145504@group-C1C12825AC52-LeaderElection1227] INFO  impl.LeaderElection (LogUtils.java:infoOrTrace(149)) - 1244ca21-2158-4cc7-9e07-ba347e145504@group-C1C12825AC52-LeaderElection1227 got exception when requesting votes: {}
java.util.concurrent.ExecutionException: org.apache.ratis.thirdparty.io.grpc.StatusRuntimeException: UNAVAILABLE: io exception
	at java.util.concurrent.FutureTask.report(FutureTask.java:122)
	at java.util.concurrent.FutureTask.get(FutureTask.java:192)
	at org.apache.ratis.server.impl.LeaderElection.waitForResults(LeaderElection.java:259)
	at org.apache.ratis.server.impl.LeaderElection.askForVotes(LeaderElection.java:197)
	at org.apache.ratis.server.impl.LeaderElection.run(LeaderElection.java:133)
	at java.lang.Thread.run(Thread.java:748)
Caused by: org.apache.ratis.thirdparty.io.grpc.StatusRuntimeException: UNAVAILABLE: io exception
	at org.apache.ratis.thirdparty.io.grpc.stub.ClientCalls.toStatusRuntimeException(ClientCalls.java:233)
	at org.apache.ratis.thirdparty.io.grpc.stub.ClientCalls.getUnchecked(ClientCalls.java:214)
	at org.apache.ratis.thirdparty.io.grpc.stub.ClientCalls.blockingUnaryCall(ClientCalls.java:139)
	at org.apache.ratis.proto.grpc.RaftServerProtocolServiceGrpc$RaftServerProtocolServiceBlockingStub.requestVote(RaftServerProtocolServiceGrpc.java:265)
	at org.apache.ratis.grpc.server.GrpcServerProtocolClient.requestVote(GrpcServerProtocolClient.java:99)
	at org.apache.ratis.grpc.server.GrpcService.requestVote(GrpcService.java:204)
	at org.apache.ratis.server.impl.LeaderElection.lambda$submitRequests$1(LeaderElection.java:234)
	at java.util.concurrent.FutureTask.run(FutureTask.java:266)
	at java.util.concurrent.Executors$RunnableAdapter.call(Executors.java:511)
	at java.util.concurrent.FutureTask.run(FutureTask.java:266)
	at java.util.concurrent.ThreadPoolExecutor.runWorker(ThreadPoolExecutor.java:1149)
	at java.util.concurrent.ThreadPoolExecutor$Worker.run(ThreadPoolExecutor.java:624)
	... 1 more
Caused by: org.apache.ratis.thirdparty.io.netty.channel.AbstractChannel$AnnotatedConnectException: Connection refused: /192.168.69.118:37568
	at sun.nio.ch.SocketChannelImpl.checkConnect(Native Method)
	at sun.nio.ch.SocketChannelImpl.finishConnect(SocketChannelImpl.java:717)
	at org.apache.ratis.thirdparty.io.netty.channel.socket.nio.NioSocketChannel.doFinishConnect(NioSocketChannel.java:327)
	at org.apache.ratis.thirdparty.io.netty.channel.nio.AbstractNioChannel$AbstractNioUnsafe.finishConnect(AbstractNioChannel.java:340)
	at org.apache.ratis.thirdparty.io.netty.channel.nio.NioEventLoop.processSelectedKey(NioEventLoop.java:632)
	at org.apache.ratis.thirdparty.io.netty.channel.nio.NioEventLoop.processSelectedKeysOptimized(NioEventLoop.java:579)
	at org.apache.ratis.thirdparty.io.netty.channel.nio.NioEventLoop.processSelectedKeys(NioEventLoop.java:496)
	at org.apache.ratis.thirdparty.io.netty.channel.nio.NioEventLoop.run(NioEventLoop.java:458)
	at org.apache.ratis.thirdparty.io.netty.util.concurrent.SingleThreadEventExecutor$5.run(SingleThreadEventExecutor.java:897)
	at org.apache.ratis.thirdparty.io.netty.util.concurrent.FastThreadLocalRunnable.run(FastThreadLocalRunnable.java:30)
	... 1 more
Caused by: java.net.ConnectException: Connection refused
	... 11 more
2019-10-21 23:03:36,464 [grpc-default-executor-8] INFO  impl.RaftServerImpl (RaftServerImpl.java:setRole(184)) - 7c107f1d-8592-48e3-af71-5982c0af1f56@group-C1C12825AC52: changes role from  FOLLOWER to FOLLOWER at term 165 for recognizeCandidate:1244ca21-2158-4cc7-9e07-ba347e145504
2019-10-21 23:03:36,464 [grpc-default-executor-8] INFO  impl.RoleInfo (RoleInfo.java:shutdownFollowerState(121)) - 7c107f1d-8592-48e3-af71-5982c0af1f56: shutdown FollowerState
2019-10-21 23:03:36,464 [grpc-default-executor-8] INFO  impl.RoleInfo (RoleInfo.java:updateAndGet(143)) - 7c107f1d-8592-48e3-af71-5982c0af1f56: start FollowerState
2019-10-21 23:03:36,464 [Thread-10591] INFO  impl.FollowerState (FollowerState.java:run(117)) - 7c107f1d-8592-48e3-af71-5982c0af1f56@group-C1C12825AC52-FollowerState was interrupted: java.lang.InterruptedException: sleep interrupted
2019-10-21 23:03:36,478 [1244ca21-2158-4cc7-9e07-ba347e145504@group-C1C12825AC52-LeaderElection1227] INFO  impl.LeaderElection (LeaderElection.java:logAndReturn(56)) - 1244ca21-2158-4cc7-9e07-ba347e145504@group-C1C12825AC52-LeaderElection1227: Election REJECTED; received 1 response(s) [1244ca21-2158-4cc7-9e07-ba347e145504<-7c107f1d-8592-48e3-af71-5982c0af1f56#0:FAIL-t165] and 1 exception(s); 1244ca21-2158-4cc7-9e07-ba347e145504@group-C1C12825AC52:t165, leader=null, voted=1244ca21-2158-4cc7-9e07-ba347e145504, raftlog=1244ca21-2158-4cc7-9e07-ba347e145504@group-C1C12825AC52-SegmentedRaftLog:OPENED:c-1,f-1,i0, conf=-1: [1244ca21-2158-4cc7-9e07-ba347e145504:192.168.69.118:43370, 7c107f1d-8592-48e3-af71-5982c0af1f56:192.168.69.118:36514, d10c8639-03b1-4f19-ac0f-6419d7578d59:192.168.69.118:37568], old=null
2019-10-21 23:03:36,478 [1244ca21-2158-4cc7-9e07-ba347e145504@group-C1C12825AC52-LeaderElection1227] INFO  impl.LeaderElection (LogUtils.java:infoOrTrace(149)) -   Exception 0: {}
java.util.concurrent.ExecutionException: org.apache.ratis.thirdparty.io.grpc.StatusRuntimeException: UNAVAILABLE: io exception
	at java.util.concurrent.FutureTask.report(FutureTask.java:122)
	at java.util.concurrent.FutureTask.get(FutureTask.java:192)
	at org.apache.ratis.server.impl.LeaderElection.waitForResults(LeaderElection.java:259)
	at org.apache.ratis.server.impl.LeaderElection.askForVotes(LeaderElection.java:197)
	at org.apache.ratis.server.impl.LeaderElection.run(LeaderElection.java:133)
	at java.lang.Thread.run(Thread.java:748)
Caused by: org.apache.ratis.thirdparty.io.grpc.StatusRuntimeException: UNAVAILABLE: io exception
	at org.apache.ratis.thirdparty.io.grpc.stub.ClientCalls.toStatusRuntimeException(ClientCalls.java:233)
	at org.apache.ratis.thirdparty.io.grpc.stub.ClientCalls.getUnchecked(ClientCalls.java:214)
	at org.apache.ratis.thirdparty.io.grpc.stub.ClientCalls.blockingUnaryCall(ClientCalls.java:139)
	at org.apache.ratis.proto.grpc.RaftServerProtocolServiceGrpc$RaftServerProtocolServiceBlockingStub.requestVote(RaftServerProtocolServiceGrpc.java:265)
	at org.apache.ratis.grpc.server.GrpcServerProtocolClient.requestVote(GrpcServerProtocolClient.java:99)
	at org.apache.ratis.grpc.server.GrpcService.requestVote(GrpcService.java:204)
	at org.apache.ratis.server.impl.LeaderElection.lambda$submitRequests$1(LeaderElection.java:234)
	at java.util.concurrent.FutureTask.run(FutureTask.java:266)
	at java.util.concurrent.Executors$RunnableAdapter.call(Executors.java:511)
	at java.util.concurrent.FutureTask.run(FutureTask.java:266)
	at java.util.concurrent.ThreadPoolExecutor.runWorker(ThreadPoolExecutor.java:1149)
	at java.util.concurrent.ThreadPoolExecutor$Worker.run(ThreadPoolExecutor.java:624)
	... 1 more
Caused by: org.apache.ratis.thirdparty.io.netty.channel.AbstractChannel$AnnotatedConnectException: Connection refused: /192.168.69.118:37568
	at sun.nio.ch.SocketChannelImpl.checkConnect(Native Method)
	at sun.nio.ch.SocketChannelImpl.finishConnect(SocketChannelImpl.java:717)
	at org.apache.ratis.thirdparty.io.netty.channel.socket.nio.NioSocketChannel.doFinishConnect(NioSocketChannel.java:327)
	at org.apache.ratis.thirdparty.io.netty.channel.nio.AbstractNioChannel$AbstractNioUnsafe.finishConnect(AbstractNioChannel.java:340)
	at org.apache.ratis.thirdparty.io.netty.channel.nio.NioEventLoop.processSelectedKey(NioEventLoop.java:632)
	at org.apache.ratis.thirdparty.io.netty.channel.nio.NioEventLoop.processSelectedKeysOptimized(NioEventLoop.java:579)
	at org.apache.ratis.thirdparty.io.netty.channel.nio.NioEventLoop.processSelectedKeys(NioEventLoop.java:496)
	at org.apache.ratis.thirdparty.io.netty.channel.nio.NioEventLoop.run(NioEventLoop.java:458)
	at org.apache.ratis.thirdparty.io.netty.util.concurrent.SingleThreadEventExecutor$5.run(SingleThreadEventExecutor.java:897)
	at org.apache.ratis.thirdparty.io.netty.util.concurrent.FastThreadLocalRunnable.run(FastThreadLocalRunnable.java:30)
	... 1 more
Caused by: java.net.ConnectException: Connection refused
	... 11 more
2019-10-21 23:03:36,479 [1244ca21-2158-4cc7-9e07-ba347e145504@group-C1C12825AC52-LeaderElection1227] INFO  impl.RaftServerImpl (RaftServerImpl.java:setRole(184)) - 1244ca21-2158-4cc7-9e07-ba347e145504@group-C1C12825AC52: changes role from CANDIDATE to FOLLOWER at term 165 for DISCOVERED_A_NEW_TERM
2019-10-21 23:03:36,479 [1244ca21-2158-4cc7-9e07-ba347e145504@group-C1C12825AC52-LeaderElection1227] INFO  impl.RoleInfo (RoleInfo.java:shutdownLeaderElection(134)) - 1244ca21-2158-4cc7-9e07-ba347e145504: shutdown LeaderElection
2019-10-21 23:03:36,479 [1244ca21-2158-4cc7-9e07-ba347e145504@group-C1C12825AC52-LeaderElection1227] INFO  impl.RoleInfo (RoleInfo.java:updateAndGet(143)) - 1244ca21-2158-4cc7-9e07-ba347e145504: start FollowerState
2019-10-21 23:03:36,515 [Thread-10597] INFO  impl.FollowerState (FollowerState.java:run(108)) - 1244ca21-2158-4cc7-9e07-ba347e145504@group-C1C12825AC52-FollowerState: change to CANDIDATE, lastRpcTime:36ms, electionTimeout:36ms
2019-10-21 23:03:36,516 [Thread-10597] INFO  impl.RoleInfo (RoleInfo.java:shutdownFollowerState(121)) - 1244ca21-2158-4cc7-9e07-ba347e145504: shutdown FollowerState
2019-10-21 23:03:36,516 [Thread-10597] INFO  impl.RaftServerImpl (RaftServerImpl.java:setRole(184)) - 1244ca21-2158-4cc7-9e07-ba347e145504@group-C1C12825AC52: changes role from  FOLLOWER to CANDIDATE at term 165 for changeToCandidate
2019-10-21 23:03:36,516 [Thread-10597] INFO  impl.RoleInfo (RoleInfo.java:updateAndGet(143)) - 1244ca21-2158-4cc7-9e07-ba347e145504: start LeaderElection
2019-10-21 23:03:36,530 [1244ca21-2158-4cc7-9e07-ba347e145504@group-C1C12825AC52-LeaderElection1228] INFO  impl.LeaderElection (LeaderElection.java:askForVotes(178)) - 1244ca21-2158-4cc7-9e07-ba347e145504@group-C1C12825AC52-LeaderElection1228: begin an election at term 166 for -1: [1244ca21-2158-4cc7-9e07-ba347e145504:192.168.69.118:43370, 7c107f1d-8592-48e3-af71-5982c0af1f56:192.168.69.118:36514, d10c8639-03b1-4f19-ac0f-6419d7578d59:192.168.69.118:37568], old=null
2019-10-21 23:03:36,531 [1244ca21-2158-4cc7-9e07-ba347e145504@group-C1C12825AC52-LeaderElection1228] INFO  impl.LeaderElection (LogUtils.java:infoOrTrace(149)) - 1244ca21-2158-4cc7-9e07-ba347e145504@group-C1C12825AC52-LeaderElection1228 got exception when requesting votes: {}
java.util.concurrent.ExecutionException: org.apache.ratis.thirdparty.io.grpc.StatusRuntimeException: UNAVAILABLE: io exception
	at java.util.concurrent.FutureTask.report(FutureTask.java:122)
	at java.util.concurrent.FutureTask.get(FutureTask.java:192)
	at org.apache.ratis.server.impl.LeaderElection.waitForResults(LeaderElection.java:259)
	at org.apache.ratis.server.impl.LeaderElection.askForVotes(LeaderElection.java:197)
	at org.apache.ratis.server.impl.LeaderElection.run(LeaderElection.java:133)
	at java.lang.Thread.run(Thread.java:748)
Caused by: org.apache.ratis.thirdparty.io.grpc.StatusRuntimeException: UNAVAILABLE: io exception
	at org.apache.ratis.thirdparty.io.grpc.stub.ClientCalls.toStatusRuntimeException(ClientCalls.java:233)
	at org.apache.ratis.thirdparty.io.grpc.stub.ClientCalls.getUnchecked(ClientCalls.java:214)
	at org.apache.ratis.thirdparty.io.grpc.stub.ClientCalls.blockingUnaryCall(ClientCalls.java:139)
	at org.apache.ratis.proto.grpc.RaftServerProtocolServiceGrpc$RaftServerProtocolServiceBlockingStub.requestVote(RaftServerProtocolServiceGrpc.java:265)
	at org.apache.ratis.grpc.server.GrpcServerProtocolClient.requestVote(GrpcServerProtocolClient.java:99)
	at org.apache.ratis.grpc.server.GrpcService.requestVote(GrpcService.java:204)
	at org.apache.ratis.server.impl.LeaderElection.lambda$submitRequests$1(LeaderElection.java:234)
	at java.util.concurrent.FutureTask.run(FutureTask.java:266)
	at java.util.concurrent.Executors$RunnableAdapter.call(Executors.java:511)
	at java.util.concurrent.FutureTask.run(FutureTask.java:266)
	at java.util.concurrent.ThreadPoolExecutor.runWorker(ThreadPoolExecutor.java:1149)
	at java.util.concurrent.ThreadPoolExecutor$Worker.run(ThreadPoolExecutor.java:624)
	... 1 more
Caused by: org.apache.ratis.thirdparty.io.netty.channel.AbstractChannel$AnnotatedConnectException: Connection refused: /192.168.69.118:37568
	at sun.nio.ch.SocketChannelImpl.checkConnect(Native Method)
	at sun.nio.ch.SocketChannelImpl.finishConnect(SocketChannelImpl.java:717)
	at org.apache.ratis.thirdparty.io.netty.channel.socket.nio.NioSocketChannel.doFinishConnect(NioSocketChannel.java:327)
	at org.apache.ratis.thirdparty.io.netty.channel.nio.AbstractNioChannel$AbstractNioUnsafe.finishConnect(AbstractNioChannel.java:340)
	at org.apache.ratis.thirdparty.io.netty.channel.nio.NioEventLoop.processSelectedKey(NioEventLoop.java:632)
	at org.apache.ratis.thirdparty.io.netty.channel.nio.NioEventLoop.processSelectedKeysOptimized(NioEventLoop.java:579)
	at org.apache.ratis.thirdparty.io.netty.channel.nio.NioEventLoop.processSelectedKeys(NioEventLoop.java:496)
	at org.apache.ratis.thirdparty.io.netty.channel.nio.NioEventLoop.run(NioEventLoop.java:458)
	at org.apache.ratis.thirdparty.io.netty.util.concurrent.SingleThreadEventExecutor$5.run(SingleThreadEventExecutor.java:897)
	at org.apache.ratis.thirdparty.io.netty.util.concurrent.FastThreadLocalRunnable.run(FastThreadLocalRunnable.java:30)
	... 1 more
Caused by: java.net.ConnectException: Connection refused
	... 11 more
2019-10-21 23:03:36,532 [grpc-default-executor-8] INFO  impl.RaftServerImpl (RaftServerImpl.java:setRole(184)) - 7c107f1d-8592-48e3-af71-5982c0af1f56@group-C1C12825AC52: changes role from  FOLLOWER to FOLLOWER at term 166 for recognizeCandidate:1244ca21-2158-4cc7-9e07-ba347e145504
2019-10-21 23:03:36,532 [grpc-default-executor-8] INFO  impl.RoleInfo (RoleInfo.java:shutdownFollowerState(121)) - 7c107f1d-8592-48e3-af71-5982c0af1f56: shutdown FollowerState
2019-10-21 23:03:36,532 [grpc-default-executor-8] INFO  impl.RoleInfo (RoleInfo.java:updateAndGet(143)) - 7c107f1d-8592-48e3-af71-5982c0af1f56: start FollowerState
2019-10-21 23:03:36,532 [Thread-10596] INFO  impl.FollowerState (FollowerState.java:run(117)) - 7c107f1d-8592-48e3-af71-5982c0af1f56@group-C1C12825AC52-FollowerState was interrupted: java.lang.InterruptedException: sleep interrupted
2019-10-21 23:03:36,547 [1244ca21-2158-4cc7-9e07-ba347e145504@group-C1C12825AC52-LeaderElection1228] INFO  impl.LeaderElection (LeaderElection.java:logAndReturn(56)) - 1244ca21-2158-4cc7-9e07-ba347e145504@group-C1C12825AC52-LeaderElection1228: Election REJECTED; received 1 response(s) [1244ca21-2158-4cc7-9e07-ba347e145504<-7c107f1d-8592-48e3-af71-5982c0af1f56#0:FAIL-t166] and 1 exception(s); 1244ca21-2158-4cc7-9e07-ba347e145504@group-C1C12825AC52:t166, leader=null, voted=1244ca21-2158-4cc7-9e07-ba347e145504, raftlog=1244ca21-2158-4cc7-9e07-ba347e145504@group-C1C12825AC52-SegmentedRaftLog:OPENED:c-1,f-1,i0, conf=-1: [1244ca21-2158-4cc7-9e07-ba347e145504:192.168.69.118:43370, 7c107f1d-8592-48e3-af71-5982c0af1f56:192.168.69.118:36514, d10c8639-03b1-4f19-ac0f-6419d7578d59:192.168.69.118:37568], old=null
2019-10-21 23:03:36,547 [1244ca21-2158-4cc7-9e07-ba347e145504@group-C1C12825AC52-LeaderElection1228] INFO  impl.LeaderElection (LogUtils.java:infoOrTrace(149)) -   Exception 0: {}
java.util.concurrent.ExecutionException: org.apache.ratis.thirdparty.io.grpc.StatusRuntimeException: UNAVAILABLE: io exception
	at java.util.concurrent.FutureTask.report(FutureTask.java:122)
	at java.util.concurrent.FutureTask.get(FutureTask.java:192)
	at org.apache.ratis.server.impl.LeaderElection.waitForResults(LeaderElection.java:259)
	at org.apache.ratis.server.impl.LeaderElection.askForVotes(LeaderElection.java:197)
	at org.apache.ratis.server.impl.LeaderElection.run(LeaderElection.java:133)
	at java.lang.Thread.run(Thread.java:748)
Caused by: org.apache.ratis.thirdparty.io.grpc.StatusRuntimeException: UNAVAILABLE: io exception
	at org.apache.ratis.thirdparty.io.grpc.stub.ClientCalls.toStatusRuntimeException(ClientCalls.java:233)
	at org.apache.ratis.thirdparty.io.grpc.stub.ClientCalls.getUnchecked(ClientCalls.java:214)
	at org.apache.ratis.thirdparty.io.grpc.stub.ClientCalls.blockingUnaryCall(ClientCalls.java:139)
	at org.apache.ratis.proto.grpc.RaftServerProtocolServiceGrpc$RaftServerProtocolServiceBlockingStub.requestVote(RaftServerProtocolServiceGrpc.java:265)
	at org.apache.ratis.grpc.server.GrpcServerProtocolClient.requestVote(GrpcServerProtocolClient.java:99)
	at org.apache.ratis.grpc.server.GrpcService.requestVote(GrpcService.java:204)
	at org.apache.ratis.server.impl.LeaderElection.lambda$submitRequests$1(LeaderElection.java:234)
	at java.util.concurrent.FutureTask.run(FutureTask.java:266)
	at java.util.concurrent.Executors$RunnableAdapter.call(Executors.java:511)
	at java.util.concurrent.FutureTask.run(FutureTask.java:266)
	at java.util.concurrent.ThreadPoolExecutor.runWorker(ThreadPoolExecutor.java:1149)
	at java.util.concurrent.ThreadPoolExecutor$Worker.run(ThreadPoolExecutor.java:624)
	... 1 more
Caused by: org.apache.ratis.thirdparty.io.netty.channel.AbstractChannel$AnnotatedConnectException: Connection refused: /192.168.69.118:37568
	at sun.nio.ch.SocketChannelImpl.checkConnect(Native Method)
	at sun.nio.ch.SocketChannelImpl.finishConnect(SocketChannelImpl.java:717)
	at org.apache.ratis.thirdparty.io.netty.channel.socket.nio.NioSocketChannel.doFinishConnect(NioSocketChannel.java:327)
	at org.apache.ratis.thirdparty.io.netty.channel.nio.AbstractNioChannel$AbstractNioUnsafe.finishConnect(AbstractNioChannel.java:340)
	at org.apache.ratis.thirdparty.io.netty.channel.nio.NioEventLoop.processSelectedKey(NioEventLoop.java:632)
	at org.apache.ratis.thirdparty.io.netty.channel.nio.NioEventLoop.processSelectedKeysOptimized(NioEventLoop.java:579)
	at org.apache.ratis.thirdparty.io.netty.channel.nio.NioEventLoop.processSelectedKeys(NioEventLoop.java:496)
	at org.apache.ratis.thirdparty.io.netty.channel.nio.NioEventLoop.run(NioEventLoop.java:458)
	at org.apache.ratis.thirdparty.io.netty.util.concurrent.SingleThreadEventExecutor$5.run(SingleThreadEventExecutor.java:897)
	at org.apache.ratis.thirdparty.io.netty.util.concurrent.FastThreadLocalRunnable.run(FastThreadLocalRunnable.java:30)
	... 1 more
Caused by: java.net.ConnectException: Connection refused
	... 11 more
2019-10-21 23:03:36,547 [1244ca21-2158-4cc7-9e07-ba347e145504@group-C1C12825AC52-LeaderElection1228] INFO  impl.RaftServerImpl (RaftServerImpl.java:setRole(184)) - 1244ca21-2158-4cc7-9e07-ba347e145504@group-C1C12825AC52: changes role from CANDIDATE to FOLLOWER at term 166 for DISCOVERED_A_NEW_TERM
2019-10-21 23:03:36,547 [1244ca21-2158-4cc7-9e07-ba347e145504@group-C1C12825AC52-LeaderElection1228] INFO  impl.RoleInfo (RoleInfo.java:shutdownLeaderElection(134)) - 1244ca21-2158-4cc7-9e07-ba347e145504: shutdown LeaderElection
2019-10-21 23:03:36,547 [1244ca21-2158-4cc7-9e07-ba347e145504@group-C1C12825AC52-LeaderElection1228] INFO  impl.RoleInfo (RoleInfo.java:updateAndGet(143)) - 1244ca21-2158-4cc7-9e07-ba347e145504: start FollowerState
2019-10-21 23:03:36,655 [Thread-10602] INFO  impl.FollowerState (FollowerState.java:run(108)) - 1244ca21-2158-4cc7-9e07-ba347e145504@group-C1C12825AC52-FollowerState: change to CANDIDATE, lastRpcTime:107ms, electionTimeout:107ms
2019-10-21 23:03:36,655 [Thread-10602] INFO  impl.RoleInfo (RoleInfo.java:shutdownFollowerState(121)) - 1244ca21-2158-4cc7-9e07-ba347e145504: shutdown FollowerState
2019-10-21 23:03:36,655 [Thread-10602] INFO  impl.RaftServerImpl (RaftServerImpl.java:setRole(184)) - 1244ca21-2158-4cc7-9e07-ba347e145504@group-C1C12825AC52: changes role from  FOLLOWER to CANDIDATE at term 166 for changeToCandidate
2019-10-21 23:03:36,655 [Thread-10602] INFO  impl.RoleInfo (RoleInfo.java:updateAndGet(143)) - 1244ca21-2158-4cc7-9e07-ba347e145504: start LeaderElection
2019-10-21 23:03:36,668 [1244ca21-2158-4cc7-9e07-ba347e145504@group-C1C12825AC52-LeaderElection1229] INFO  impl.LeaderElection (LeaderElection.java:askForVotes(178)) - 1244ca21-2158-4cc7-9e07-ba347e145504@group-C1C12825AC52-LeaderElection1229: begin an election at term 167 for -1: [1244ca21-2158-4cc7-9e07-ba347e145504:192.168.69.118:43370, 7c107f1d-8592-48e3-af71-5982c0af1f56:192.168.69.118:36514, d10c8639-03b1-4f19-ac0f-6419d7578d59:192.168.69.118:37568], old=null
2019-10-21 23:03:36,669 [1244ca21-2158-4cc7-9e07-ba347e145504@group-C1C12825AC52-LeaderElection1229] INFO  impl.LeaderElection (LogUtils.java:infoOrTrace(149)) - 1244ca21-2158-4cc7-9e07-ba347e145504@group-C1C12825AC52-LeaderElection1229 got exception when requesting votes: {}
java.util.concurrent.ExecutionException: org.apache.ratis.thirdparty.io.grpc.StatusRuntimeException: UNAVAILABLE: io exception
	at java.util.concurrent.FutureTask.report(FutureTask.java:122)
	at java.util.concurrent.FutureTask.get(FutureTask.java:192)
	at org.apache.ratis.server.impl.LeaderElection.waitForResults(LeaderElection.java:259)
	at org.apache.ratis.server.impl.LeaderElection.askForVotes(LeaderElection.java:197)
	at org.apache.ratis.server.impl.LeaderElection.run(LeaderElection.java:133)
	at java.lang.Thread.run(Thread.java:748)
Caused by: org.apache.ratis.thirdparty.io.grpc.StatusRuntimeException: UNAVAILABLE: io exception
	at org.apache.ratis.thirdparty.io.grpc.stub.ClientCalls.toStatusRuntimeException(ClientCalls.java:233)
	at org.apache.ratis.thirdparty.io.grpc.stub.ClientCalls.getUnchecked(ClientCalls.java:214)
	at org.apache.ratis.thirdparty.io.grpc.stub.ClientCalls.blockingUnaryCall(ClientCalls.java:139)
	at org.apache.ratis.proto.grpc.RaftServerProtocolServiceGrpc$RaftServerProtocolServiceBlockingStub.requestVote(RaftServerProtocolServiceGrpc.java:265)
	at org.apache.ratis.grpc.server.GrpcServerProtocolClient.requestVote(GrpcServerProtocolClient.java:99)
	at org.apache.ratis.grpc.server.GrpcService.requestVote(GrpcService.java:204)
	at org.apache.ratis.server.impl.LeaderElection.lambda$submitRequests$1(LeaderElection.java:234)
	at java.util.concurrent.FutureTask.run(FutureTask.java:266)
	at java.util.concurrent.Executors$RunnableAdapter.call(Executors.java:511)
	at java.util.concurrent.FutureTask.run(FutureTask.java:266)
	at java.util.concurrent.ThreadPoolExecutor.runWorker(ThreadPoolExecutor.java:1149)
	at java.util.concurrent.ThreadPoolExecutor$Worker.run(ThreadPoolExecutor.java:624)
	... 1 more
Caused by: org.apache.ratis.thirdparty.io.netty.channel.AbstractChannel$AnnotatedConnectException: Connection refused: /192.168.69.118:37568
	at sun.nio.ch.SocketChannelImpl.checkConnect(Native Method)
	at sun.nio.ch.SocketChannelImpl.finishConnect(SocketChannelImpl.java:717)
	at org.apache.ratis.thirdparty.io.netty.channel.socket.nio.NioSocketChannel.doFinishConnect(NioSocketChannel.java:327)
	at org.apache.ratis.thirdparty.io.netty.channel.nio.AbstractNioChannel$AbstractNioUnsafe.finishConnect(AbstractNioChannel.java:340)
	at org.apache.ratis.thirdparty.io.netty.channel.nio.NioEventLoop.processSelectedKey(NioEventLoop.java:632)
	at org.apache.ratis.thirdparty.io.netty.channel.nio.NioEventLoop.processSelectedKeysOptimized(NioEventLoop.java:579)
	at org.apache.ratis.thirdparty.io.netty.channel.nio.NioEventLoop.processSelectedKeys(NioEventLoop.java:496)
	at org.apache.ratis.thirdparty.io.netty.channel.nio.NioEventLoop.run(NioEventLoop.java:458)
	at org.apache.ratis.thirdparty.io.netty.util.concurrent.SingleThreadEventExecutor$5.run(SingleThreadEventExecutor.java:897)
	at org.apache.ratis.thirdparty.io.netty.util.concurrent.FastThreadLocalRunnable.run(FastThreadLocalRunnable.java:30)
	... 1 more
Caused by: java.net.ConnectException: Connection refused
	... 11 more
2019-10-21 23:03:36,669 [grpc-default-executor-8] INFO  impl.RaftServerImpl (RaftServerImpl.java:setRole(184)) - 7c107f1d-8592-48e3-af71-5982c0af1f56@group-C1C12825AC52: changes role from  FOLLOWER to FOLLOWER at term 167 for recognizeCandidate:1244ca21-2158-4cc7-9e07-ba347e145504
2019-10-21 23:03:36,669 [grpc-default-executor-8] INFO  impl.RoleInfo (RoleInfo.java:shutdownFollowerState(121)) - 7c107f1d-8592-48e3-af71-5982c0af1f56: shutdown FollowerState
2019-10-21 23:03:36,669 [grpc-default-executor-8] INFO  impl.RoleInfo (RoleInfo.java:updateAndGet(143)) - 7c107f1d-8592-48e3-af71-5982c0af1f56: start FollowerState
2019-10-21 23:03:36,669 [Thread-10601] INFO  impl.FollowerState (FollowerState.java:run(117)) - 7c107f1d-8592-48e3-af71-5982c0af1f56@group-C1C12825AC52-FollowerState was interrupted: java.lang.InterruptedException: sleep interrupted
2019-10-21 23:03:36,691 [1244ca21-2158-4cc7-9e07-ba347e145504@group-C1C12825AC52-LeaderElection1229] INFO  impl.LeaderElection (LeaderElection.java:logAndReturn(56)) - 1244ca21-2158-4cc7-9e07-ba347e145504@group-C1C12825AC52-LeaderElection1229: Election REJECTED; received 1 response(s) [1244ca21-2158-4cc7-9e07-ba347e145504<-7c107f1d-8592-48e3-af71-5982c0af1f56#0:FAIL-t167] and 1 exception(s); 1244ca21-2158-4cc7-9e07-ba347e145504@group-C1C12825AC52:t167, leader=null, voted=1244ca21-2158-4cc7-9e07-ba347e145504, raftlog=1244ca21-2158-4cc7-9e07-ba347e145504@group-C1C12825AC52-SegmentedRaftLog:OPENED:c-1,f-1,i0, conf=-1: [1244ca21-2158-4cc7-9e07-ba347e145504:192.168.69.118:43370, 7c107f1d-8592-48e3-af71-5982c0af1f56:192.168.69.118:36514, d10c8639-03b1-4f19-ac0f-6419d7578d59:192.168.69.118:37568], old=null
2019-10-21 23:03:36,691 [1244ca21-2158-4cc7-9e07-ba347e145504@group-C1C12825AC52-LeaderElection1229] INFO  impl.LeaderElection (LogUtils.java:infoOrTrace(149)) -   Exception 0: {}
java.util.concurrent.ExecutionException: org.apache.ratis.thirdparty.io.grpc.StatusRuntimeException: UNAVAILABLE: io exception
	at java.util.concurrent.FutureTask.report(FutureTask.java:122)
	at java.util.concurrent.FutureTask.get(FutureTask.java:192)
	at org.apache.ratis.server.impl.LeaderElection.waitForResults(LeaderElection.java:259)
	at org.apache.ratis.server.impl.LeaderElection.askForVotes(LeaderElection.java:197)
	at org.apache.ratis.server.impl.LeaderElection.run(LeaderElection.java:133)
	at java.lang.Thread.run(Thread.java:748)
Caused by: org.apache.ratis.thirdparty.io.grpc.StatusRuntimeException: UNAVAILABLE: io exception
	at org.apache.ratis.thirdparty.io.grpc.stub.ClientCalls.toStatusRuntimeException(ClientCalls.java:233)
	at org.apache.ratis.thirdparty.io.grpc.stub.ClientCalls.getUnchecked(ClientCalls.java:214)
	at org.apache.ratis.thirdparty.io.grpc.stub.ClientCalls.blockingUnaryCall(ClientCalls.java:139)
	at org.apache.ratis.proto.grpc.RaftServerProtocolServiceGrpc$RaftServerProtocolServiceBlockingStub.requestVote(RaftServerProtocolServiceGrpc.java:265)
	at org.apache.ratis.grpc.server.GrpcServerProtocolClient.requestVote(GrpcServerProtocolClient.java:99)
	at org.apache.ratis.grpc.server.GrpcService.requestVote(GrpcService.java:204)
	at org.apache.ratis.server.impl.LeaderElection.lambda$submitRequests$1(LeaderElection.java:234)
	at java.util.concurrent.FutureTask.run(FutureTask.java:266)
	at java.util.concurrent.Executors$RunnableAdapter.call(Executors.java:511)
	at java.util.concurrent.FutureTask.run(FutureTask.java:266)
	at java.util.concurrent.ThreadPoolExecutor.runWorker(ThreadPoolExecutor.java:1149)
	at java.util.concurrent.ThreadPoolExecutor$Worker.run(ThreadPoolExecutor.java:624)
	... 1 more
Caused by: org.apache.ratis.thirdparty.io.netty.channel.AbstractChannel$AnnotatedConnectException: Connection refused: /192.168.69.118:37568
	at sun.nio.ch.SocketChannelImpl.checkConnect(Native Method)
	at sun.nio.ch.SocketChannelImpl.finishConnect(SocketChannelImpl.java:717)
	at org.apache.ratis.thirdparty.io.netty.channel.socket.nio.NioSocketChannel.doFinishConnect(NioSocketChannel.java:327)
	at org.apache.ratis.thirdparty.io.netty.channel.nio.AbstractNioChannel$AbstractNioUnsafe.finishConnect(AbstractNioChannel.java:340)
	at org.apache.ratis.thirdparty.io.netty.channel.nio.NioEventLoop.processSelectedKey(NioEventLoop.java:632)
	at org.apache.ratis.thirdparty.io.netty.channel.nio.NioEventLoop.processSelectedKeysOptimized(NioEventLoop.java:579)
	at org.apache.ratis.thirdparty.io.netty.channel.nio.NioEventLoop.processSelectedKeys(NioEventLoop.java:496)
	at org.apache.ratis.thirdparty.io.netty.channel.nio.NioEventLoop.run(NioEventLoop.java:458)
	at org.apache.ratis.thirdparty.io.netty.util.concurrent.SingleThreadEventExecutor$5.run(SingleThreadEventExecutor.java:897)
	at org.apache.ratis.thirdparty.io.netty.util.concurrent.FastThreadLocalRunnable.run(FastThreadLocalRunnable.java:30)
	... 1 more
Caused by: java.net.ConnectException: Connection refused
	... 11 more
2019-10-21 23:03:36,692 [1244ca21-2158-4cc7-9e07-ba347e145504@group-C1C12825AC52-LeaderElection1229] INFO  impl.RaftServerImpl (RaftServerImpl.java:setRole(184)) - 1244ca21-2158-4cc7-9e07-ba347e145504@group-C1C12825AC52: changes role from CANDIDATE to FOLLOWER at term 167 for DISCOVERED_A_NEW_TERM
2019-10-21 23:03:36,692 [1244ca21-2158-4cc7-9e07-ba347e145504@group-C1C12825AC52-LeaderElection1229] INFO  impl.RoleInfo (RoleInfo.java:shutdownLeaderElection(134)) - 1244ca21-2158-4cc7-9e07-ba347e145504: shutdown LeaderElection
2019-10-21 23:03:36,692 [1244ca21-2158-4cc7-9e07-ba347e145504@group-C1C12825AC52-LeaderElection1229] INFO  impl.RoleInfo (RoleInfo.java:updateAndGet(143)) - 1244ca21-2158-4cc7-9e07-ba347e145504: start FollowerState
2019-10-21 23:03:36,716 [Thread-10611] INFO  impl.FollowerState (FollowerState.java:run(108)) - 1244ca21-2158-4cc7-9e07-ba347e145504@group-C1C12825AC52-FollowerState: change to CANDIDATE, lastRpcTime:23ms, electionTimeout:23ms
2019-10-21 23:03:36,716 [Thread-10611] INFO  impl.RoleInfo (RoleInfo.java:shutdownFollowerState(121)) - 1244ca21-2158-4cc7-9e07-ba347e145504: shutdown FollowerState
2019-10-21 23:03:36,716 [Thread-10611] INFO  impl.RaftServerImpl (RaftServerImpl.java:setRole(184)) - 1244ca21-2158-4cc7-9e07-ba347e145504@group-C1C12825AC52: changes role from  FOLLOWER to CANDIDATE at term 167 for changeToCandidate
2019-10-21 23:03:36,716 [Thread-10611] INFO  impl.RoleInfo (RoleInfo.java:updateAndGet(143)) - 1244ca21-2158-4cc7-9e07-ba347e145504: start LeaderElection
2019-10-21 23:03:36,730 [1244ca21-2158-4cc7-9e07-ba347e145504@group-C1C12825AC52-LeaderElection1230] INFO  impl.LeaderElection (LeaderElection.java:askForVotes(178)) - 1244ca21-2158-4cc7-9e07-ba347e145504@group-C1C12825AC52-LeaderElection1230: begin an election at term 168 for -1: [1244ca21-2158-4cc7-9e07-ba347e145504:192.168.69.118:43370, 7c107f1d-8592-48e3-af71-5982c0af1f56:192.168.69.118:36514, d10c8639-03b1-4f19-ac0f-6419d7578d59:192.168.69.118:37568], old=null
2019-10-21 23:03:36,730 [1244ca21-2158-4cc7-9e07-ba347e145504@group-C1C12825AC52-LeaderElection1230] INFO  impl.LeaderElection (LogUtils.java:infoOrTrace(149)) - 1244ca21-2158-4cc7-9e07-ba347e145504@group-C1C12825AC52-LeaderElection1230 got exception when requesting votes: {}
java.util.concurrent.ExecutionException: org.apache.ratis.thirdparty.io.grpc.StatusRuntimeException: UNAVAILABLE: io exception
	at java.util.concurrent.FutureTask.report(FutureTask.java:122)
	at java.util.concurrent.FutureTask.get(FutureTask.java:192)
	at org.apache.ratis.server.impl.LeaderElection.waitForResults(LeaderElection.java:259)
	at org.apache.ratis.server.impl.LeaderElection.askForVotes(LeaderElection.java:197)
	at org.apache.ratis.server.impl.LeaderElection.run(LeaderElection.java:133)
	at java.lang.Thread.run(Thread.java:748)
Caused by: org.apache.ratis.thirdparty.io.grpc.StatusRuntimeException: UNAVAILABLE: io exception
	at org.apache.ratis.thirdparty.io.grpc.stub.ClientCalls.toStatusRuntimeException(ClientCalls.java:233)
	at org.apache.ratis.thirdparty.io.grpc.stub.ClientCalls.getUnchecked(ClientCalls.java:214)
	at org.apache.ratis.thirdparty.io.grpc.stub.ClientCalls.blockingUnaryCall(ClientCalls.java:139)
	at org.apache.ratis.proto.grpc.RaftServerProtocolServiceGrpc$RaftServerProtocolServiceBlockingStub.requestVote(RaftServerProtocolServiceGrpc.java:265)
	at org.apache.ratis.grpc.server.GrpcServerProtocolClient.requestVote(GrpcServerProtocolClient.java:99)
	at org.apache.ratis.grpc.server.GrpcService.requestVote(GrpcService.java:204)
	at org.apache.ratis.server.impl.LeaderElection.lambda$submitRequests$1(LeaderElection.java:234)
	at java.util.concurrent.FutureTask.run(FutureTask.java:266)
	at java.util.concurrent.Executors$RunnableAdapter.call(Executors.java:511)
	at java.util.concurrent.FutureTask.run(FutureTask.java:266)
	at java.util.concurrent.ThreadPoolExecutor.runWorker(ThreadPoolExecutor.java:1149)
	at java.util.concurrent.ThreadPoolExecutor$Worker.run(ThreadPoolExecutor.java:624)
	... 1 more
Caused by: org.apache.ratis.thirdparty.io.netty.channel.AbstractChannel$AnnotatedConnectException: Connection refused: /192.168.69.118:37568
	at sun.nio.ch.SocketChannelImpl.checkConnect(Native Method)
	at sun.nio.ch.SocketChannelImpl.finishConnect(SocketChannelImpl.java:717)
	at org.apache.ratis.thirdparty.io.netty.channel.socket.nio.NioSocketChannel.doFinishConnect(NioSocketChannel.java:327)
	at org.apache.ratis.thirdparty.io.netty.channel.nio.AbstractNioChannel$AbstractNioUnsafe.finishConnect(AbstractNioChannel.java:340)
	at org.apache.ratis.thirdparty.io.netty.channel.nio.NioEventLoop.processSelectedKey(NioEventLoop.java:632)
	at org.apache.ratis.thirdparty.io.netty.channel.nio.NioEventLoop.processSelectedKeysOptimized(NioEventLoop.java:579)
	at org.apache.ratis.thirdparty.io.netty.channel.nio.NioEventLoop.processSelectedKeys(NioEventLoop.java:496)
	at org.apache.ratis.thirdparty.io.netty.channel.nio.NioEventLoop.run(NioEventLoop.java:458)
	at org.apache.ratis.thirdparty.io.netty.util.concurrent.SingleThreadEventExecutor$5.run(SingleThreadEventExecutor.java:897)
	at org.apache.ratis.thirdparty.io.netty.util.concurrent.FastThreadLocalRunnable.run(FastThreadLocalRunnable.java:30)
	... 1 more
Caused by: java.net.ConnectException: Connection refused
	... 11 more
2019-10-21 23:03:36,731 [grpc-default-executor-8] INFO  impl.RaftServerImpl (RaftServerImpl.java:setRole(184)) - 7c107f1d-8592-48e3-af71-5982c0af1f56@group-C1C12825AC52: changes role from  FOLLOWER to FOLLOWER at term 168 for recognizeCandidate:1244ca21-2158-4cc7-9e07-ba347e145504
2019-10-21 23:03:36,731 [grpc-default-executor-8] INFO  impl.RoleInfo (RoleInfo.java:shutdownFollowerState(121)) - 7c107f1d-8592-48e3-af71-5982c0af1f56: shutdown FollowerState
2019-10-21 23:03:36,731 [grpc-default-executor-8] INFO  impl.RoleInfo (RoleInfo.java:updateAndGet(143)) - 7c107f1d-8592-48e3-af71-5982c0af1f56: start FollowerState
2019-10-21 23:03:36,731 [Thread-10610] INFO  impl.FollowerState (FollowerState.java:run(117)) - 7c107f1d-8592-48e3-af71-5982c0af1f56@group-C1C12825AC52-FollowerState was interrupted: java.lang.InterruptedException: sleep interrupted
2019-10-21 23:03:36,744 [1244ca21-2158-4cc7-9e07-ba347e145504@group-C1C12825AC52-LeaderElection1230] INFO  impl.LeaderElection (LeaderElection.java:logAndReturn(56)) - 1244ca21-2158-4cc7-9e07-ba347e145504@group-C1C12825AC52-LeaderElection1230: Election REJECTED; received 1 response(s) [1244ca21-2158-4cc7-9e07-ba347e145504<-7c107f1d-8592-48e3-af71-5982c0af1f56#0:FAIL-t168] and 1 exception(s); 1244ca21-2158-4cc7-9e07-ba347e145504@group-C1C12825AC52:t168, leader=null, voted=1244ca21-2158-4cc7-9e07-ba347e145504, raftlog=1244ca21-2158-4cc7-9e07-ba347e145504@group-C1C12825AC52-SegmentedRaftLog:OPENED:c-1,f-1,i0, conf=-1: [1244ca21-2158-4cc7-9e07-ba347e145504:192.168.69.118:43370, 7c107f1d-8592-48e3-af71-5982c0af1f56:192.168.69.118:36514, d10c8639-03b1-4f19-ac0f-6419d7578d59:192.168.69.118:37568], old=null
2019-10-21 23:03:36,744 [1244ca21-2158-4cc7-9e07-ba347e145504@group-C1C12825AC52-LeaderElection1230] INFO  impl.LeaderElection (LogUtils.java:infoOrTrace(149)) -   Exception 0: {}
java.util.concurrent.ExecutionException: org.apache.ratis.thirdparty.io.grpc.StatusRuntimeException: UNAVAILABLE: io exception
	at java.util.concurrent.FutureTask.report(FutureTask.java:122)
	at java.util.concurrent.FutureTask.get(FutureTask.java:192)
	at org.apache.ratis.server.impl.LeaderElection.waitForResults(LeaderElection.java:259)
	at org.apache.ratis.server.impl.LeaderElection.askForVotes(LeaderElection.java:197)
	at org.apache.ratis.server.impl.LeaderElection.run(LeaderElection.java:133)
	at java.lang.Thread.run(Thread.java:748)
Caused by: org.apache.ratis.thirdparty.io.grpc.StatusRuntimeException: UNAVAILABLE: io exception
	at org.apache.ratis.thirdparty.io.grpc.stub.ClientCalls.toStatusRuntimeException(ClientCalls.java:233)
	at org.apache.ratis.thirdparty.io.grpc.stub.ClientCalls.getUnchecked(ClientCalls.java:214)
	at org.apache.ratis.thirdparty.io.grpc.stub.ClientCalls.blockingUnaryCall(ClientCalls.java:139)
	at org.apache.ratis.proto.grpc.RaftServerProtocolServiceGrpc$RaftServerProtocolServiceBlockingStub.requestVote(RaftServerProtocolServiceGrpc.java:265)
	at org.apache.ratis.grpc.server.GrpcServerProtocolClient.requestVote(GrpcServerProtocolClient.java:99)
	at org.apache.ratis.grpc.server.GrpcService.requestVote(GrpcService.java:204)
	at org.apache.ratis.server.impl.LeaderElection.lambda$submitRequests$1(LeaderElection.java:234)
	at java.util.concurrent.FutureTask.run(FutureTask.java:266)
	at java.util.concurrent.Executors$RunnableAdapter.call(Executors.java:511)
	at java.util.concurrent.FutureTask.run(FutureTask.java:266)
	at java.util.concurrent.ThreadPoolExecutor.runWorker(ThreadPoolExecutor.java:1149)
	at java.util.concurrent.ThreadPoolExecutor$Worker.run(ThreadPoolExecutor.java:624)
	... 1 more
Caused by: org.apache.ratis.thirdparty.io.netty.channel.AbstractChannel$AnnotatedConnectException: Connection refused: /192.168.69.118:37568
	at sun.nio.ch.SocketChannelImpl.checkConnect(Native Method)
	at sun.nio.ch.SocketChannelImpl.finishConnect(SocketChannelImpl.java:717)
	at org.apache.ratis.thirdparty.io.netty.channel.socket.nio.NioSocketChannel.doFinishConnect(NioSocketChannel.java:327)
	at org.apache.ratis.thirdparty.io.netty.channel.nio.AbstractNioChannel$AbstractNioUnsafe.finishConnect(AbstractNioChannel.java:340)
	at org.apache.ratis.thirdparty.io.netty.channel.nio.NioEventLoop.processSelectedKey(NioEventLoop.java:632)
	at org.apache.ratis.thirdparty.io.netty.channel.nio.NioEventLoop.processSelectedKeysOptimized(NioEventLoop.java:579)
	at org.apache.ratis.thirdparty.io.netty.channel.nio.NioEventLoop.processSelectedKeys(NioEventLoop.java:496)
	at org.apache.ratis.thirdparty.io.netty.channel.nio.NioEventLoop.run(NioEventLoop.java:458)
	at org.apache.ratis.thirdparty.io.netty.util.concurrent.SingleThreadEventExecutor$5.run(SingleThreadEventExecutor.java:897)
	at org.apache.ratis.thirdparty.io.netty.util.concurrent.FastThreadLocalRunnable.run(FastThreadLocalRunnable.java:30)
	... 1 more
Caused by: java.net.ConnectException: Connection refused
	... 11 more
2019-10-21 23:03:36,744 [1244ca21-2158-4cc7-9e07-ba347e145504@group-C1C12825AC52-LeaderElection1230] INFO  impl.RaftServerImpl (RaftServerImpl.java:setRole(184)) - 1244ca21-2158-4cc7-9e07-ba347e145504@group-C1C12825AC52: changes role from CANDIDATE to FOLLOWER at term 168 for DISCOVERED_A_NEW_TERM
2019-10-21 23:03:36,744 [1244ca21-2158-4cc7-9e07-ba347e145504@group-C1C12825AC52-LeaderElection1230] INFO  impl.RoleInfo (RoleInfo.java:shutdownLeaderElection(134)) - 1244ca21-2158-4cc7-9e07-ba347e145504: shutdown LeaderElection
2019-10-21 23:03:36,744 [1244ca21-2158-4cc7-9e07-ba347e145504@group-C1C12825AC52-LeaderElection1230] INFO  impl.RoleInfo (RoleInfo.java:updateAndGet(143)) - 1244ca21-2158-4cc7-9e07-ba347e145504: start FollowerState
2019-10-21 23:03:36,790 [Thread-10616] INFO  impl.FollowerState (FollowerState.java:run(108)) - 1244ca21-2158-4cc7-9e07-ba347e145504@group-C1C12825AC52-FollowerState: change to CANDIDATE, lastRpcTime:46ms, electionTimeout:46ms
2019-10-21 23:03:36,790 [Thread-10616] INFO  impl.RoleInfo (RoleInfo.java:shutdownFollowerState(121)) - 1244ca21-2158-4cc7-9e07-ba347e145504: shutdown FollowerState
2019-10-21 23:03:36,790 [Thread-10616] INFO  impl.RaftServerImpl (RaftServerImpl.java:setRole(184)) - 1244ca21-2158-4cc7-9e07-ba347e145504@group-C1C12825AC52: changes role from  FOLLOWER to CANDIDATE at term 168 for changeToCandidate
2019-10-21 23:03:36,790 [Thread-10616] INFO  impl.RoleInfo (RoleInfo.java:updateAndGet(143)) - 1244ca21-2158-4cc7-9e07-ba347e145504: start LeaderElection
2019-10-21 23:03:36,803 [1244ca21-2158-4cc7-9e07-ba347e145504@group-C1C12825AC52-LeaderElection1231] INFO  impl.LeaderElection (LeaderElection.java:askForVotes(178)) - 1244ca21-2158-4cc7-9e07-ba347e145504@group-C1C12825AC52-LeaderElection1231: begin an election at term 169 for -1: [1244ca21-2158-4cc7-9e07-ba347e145504:192.168.69.118:43370, 7c107f1d-8592-48e3-af71-5982c0af1f56:192.168.69.118:36514, d10c8639-03b1-4f19-ac0f-6419d7578d59:192.168.69.118:37568], old=null
2019-10-21 23:03:36,804 [1244ca21-2158-4cc7-9e07-ba347e145504@group-C1C12825AC52-LeaderElection1231] INFO  impl.LeaderElection (LogUtils.java:infoOrTrace(149)) - 1244ca21-2158-4cc7-9e07-ba347e145504@group-C1C12825AC52-LeaderElection1231 got exception when requesting votes: {}
java.util.concurrent.ExecutionException: org.apache.ratis.thirdparty.io.grpc.StatusRuntimeException: UNAVAILABLE: io exception
	at java.util.concurrent.FutureTask.report(FutureTask.java:122)
	at java.util.concurrent.FutureTask.get(FutureTask.java:192)
	at org.apache.ratis.server.impl.LeaderElection.waitForResults(LeaderElection.java:259)
	at org.apache.ratis.server.impl.LeaderElection.askForVotes(LeaderElection.java:197)
	at org.apache.ratis.server.impl.LeaderElection.run(LeaderElection.java:133)
	at java.lang.Thread.run(Thread.java:748)
Caused by: org.apache.ratis.thirdparty.io.grpc.StatusRuntimeException: UNAVAILABLE: io exception
	at org.apache.ratis.thirdparty.io.grpc.stub.ClientCalls.toStatusRuntimeException(ClientCalls.java:233)
	at org.apache.ratis.thirdparty.io.grpc.stub.ClientCalls.getUnchecked(ClientCalls.java:214)
	at org.apache.ratis.thirdparty.io.grpc.stub.ClientCalls.blockingUnaryCall(ClientCalls.java:139)
	at org.apache.ratis.proto.grpc.RaftServerProtocolServiceGrpc$RaftServerProtocolServiceBlockingStub.requestVote(RaftServerProtocolServiceGrpc.java:265)
	at org.apache.ratis.grpc.server.GrpcServerProtocolClient.requestVote(GrpcServerProtocolClient.java:99)
	at org.apache.ratis.grpc.server.GrpcService.requestVote(GrpcService.java:204)
	at org.apache.ratis.server.impl.LeaderElection.lambda$submitRequests$1(LeaderElection.java:234)
	at java.util.concurrent.FutureTask.run(FutureTask.java:266)
	at java.util.concurrent.Executors$RunnableAdapter.call(Executors.java:511)
	at java.util.concurrent.FutureTask.run(FutureTask.java:266)
	at java.util.concurrent.ThreadPoolExecutor.runWorker(ThreadPoolExecutor.java:1149)
	at java.util.concurrent.ThreadPoolExecutor$Worker.run(ThreadPoolExecutor.java:624)
	... 1 more
Caused by: org.apache.ratis.thirdparty.io.netty.channel.AbstractChannel$AnnotatedConnectException: Connection refused: /192.168.69.118:37568
	at sun.nio.ch.SocketChannelImpl.checkConnect(Native Method)
	at sun.nio.ch.SocketChannelImpl.finishConnect(SocketChannelImpl.java:717)
	at org.apache.ratis.thirdparty.io.netty.channel.socket.nio.NioSocketChannel.doFinishConnect(NioSocketChannel.java:327)
	at org.apache.ratis.thirdparty.io.netty.channel.nio.AbstractNioChannel$AbstractNioUnsafe.finishConnect(AbstractNioChannel.java:340)
	at org.apache.ratis.thirdparty.io.netty.channel.nio.NioEventLoop.processSelectedKey(NioEventLoop.java:632)
	at org.apache.ratis.thirdparty.io.netty.channel.nio.NioEventLoop.processSelectedKeysOptimized(NioEventLoop.java:579)
	at org.apache.ratis.thirdparty.io.netty.channel.nio.NioEventLoop.processSelectedKeys(NioEventLoop.java:496)
	at org.apache.ratis.thirdparty.io.netty.channel.nio.NioEventLoop.run(NioEventLoop.java:458)
	at org.apache.ratis.thirdparty.io.netty.util.concurrent.SingleThreadEventExecutor$5.run(SingleThreadEventExecutor.java:897)
	at org.apache.ratis.thirdparty.io.netty.util.concurrent.FastThreadLocalRunnable.run(FastThreadLocalRunnable.java:30)
	... 1 more
Caused by: java.net.ConnectException: Connection refused
	... 11 more
2019-10-21 23:03:36,804 [grpc-default-executor-8] INFO  impl.RaftServerImpl (RaftServerImpl.java:setRole(184)) - 7c107f1d-8592-48e3-af71-5982c0af1f56@group-C1C12825AC52: changes role from  FOLLOWER to FOLLOWER at term 169 for recognizeCandidate:1244ca21-2158-4cc7-9e07-ba347e145504
2019-10-21 23:03:36,805 [grpc-default-executor-8] INFO  impl.RoleInfo (RoleInfo.java:shutdownFollowerState(121)) - 7c107f1d-8592-48e3-af71-5982c0af1f56: shutdown FollowerState
2019-10-21 23:03:36,805 [grpc-default-executor-8] INFO  impl.RoleInfo (RoleInfo.java:updateAndGet(143)) - 7c107f1d-8592-48e3-af71-5982c0af1f56: start FollowerState
2019-10-21 23:03:36,805 [Thread-10615] INFO  impl.FollowerState (FollowerState.java:run(117)) - 7c107f1d-8592-48e3-af71-5982c0af1f56@group-C1C12825AC52-FollowerState was interrupted: java.lang.InterruptedException: sleep interrupted
2019-10-21 23:03:36,818 [1244ca21-2158-4cc7-9e07-ba347e145504@group-C1C12825AC52-LeaderElection1231] INFO  impl.LeaderElection (LeaderElection.java:logAndReturn(56)) - 1244ca21-2158-4cc7-9e07-ba347e145504@group-C1C12825AC52-LeaderElection1231: Election REJECTED; received 1 response(s) [1244ca21-2158-4cc7-9e07-ba347e145504<-7c107f1d-8592-48e3-af71-5982c0af1f56#0:FAIL-t169] and 1 exception(s); 1244ca21-2158-4cc7-9e07-ba347e145504@group-C1C12825AC52:t169, leader=null, voted=1244ca21-2158-4cc7-9e07-ba347e145504, raftlog=1244ca21-2158-4cc7-9e07-ba347e145504@group-C1C12825AC52-SegmentedRaftLog:OPENED:c-1,f-1,i0, conf=-1: [1244ca21-2158-4cc7-9e07-ba347e145504:192.168.69.118:43370, 7c107f1d-8592-48e3-af71-5982c0af1f56:192.168.69.118:36514, d10c8639-03b1-4f19-ac0f-6419d7578d59:192.168.69.118:37568], old=null
2019-10-21 23:03:36,818 [1244ca21-2158-4cc7-9e07-ba347e145504@group-C1C12825AC52-LeaderElection1231] INFO  impl.LeaderElection (LogUtils.java:infoOrTrace(149)) -   Exception 0: {}
java.util.concurrent.ExecutionException: org.apache.ratis.thirdparty.io.grpc.StatusRuntimeException: UNAVAILABLE: io exception
	at java.util.concurrent.FutureTask.report(FutureTask.java:122)
	at java.util.concurrent.FutureTask.get(FutureTask.java:192)
	at org.apache.ratis.server.impl.LeaderElection.waitForResults(LeaderElection.java:259)
	at org.apache.ratis.server.impl.LeaderElection.askForVotes(LeaderElection.java:197)
	at org.apache.ratis.server.impl.LeaderElection.run(LeaderElection.java:133)
	at java.lang.Thread.run(Thread.java:748)
Caused by: org.apache.ratis.thirdparty.io.grpc.StatusRuntimeException: UNAVAILABLE: io exception
	at org.apache.ratis.thirdparty.io.grpc.stub.ClientCalls.toStatusRuntimeException(ClientCalls.java:233)
	at org.apache.ratis.thirdparty.io.grpc.stub.ClientCalls.getUnchecked(ClientCalls.java:214)
	at org.apache.ratis.thirdparty.io.grpc.stub.ClientCalls.blockingUnaryCall(ClientCalls.java:139)
	at org.apache.ratis.proto.grpc.RaftServerProtocolServiceGrpc$RaftServerProtocolServiceBlockingStub.requestVote(RaftServerProtocolServiceGrpc.java:265)
	at org.apache.ratis.grpc.server.GrpcServerProtocolClient.requestVote(GrpcServerProtocolClient.java:99)
	at org.apache.ratis.grpc.server.GrpcService.requestVote(GrpcService.java:204)
	at org.apache.ratis.server.impl.LeaderElection.lambda$submitRequests$1(LeaderElection.java:234)
	at java.util.concurrent.FutureTask.run(FutureTask.java:266)
	at java.util.concurrent.Executors$RunnableAdapter.call(Executors.java:511)
	at java.util.concurrent.FutureTask.run(FutureTask.java:266)
	at java.util.concurrent.ThreadPoolExecutor.runWorker(ThreadPoolExecutor.java:1149)
	at java.util.concurrent.ThreadPoolExecutor$Worker.run(ThreadPoolExecutor.java:624)
	... 1 more
Caused by: org.apache.ratis.thirdparty.io.netty.channel.AbstractChannel$AnnotatedConnectException: Connection refused: /192.168.69.118:37568
	at sun.nio.ch.SocketChannelImpl.checkConnect(Native Method)
	at sun.nio.ch.SocketChannelImpl.finishConnect(SocketChannelImpl.java:717)
	at org.apache.ratis.thirdparty.io.netty.channel.socket.nio.NioSocketChannel.doFinishConnect(NioSocketChannel.java:327)
	at org.apache.ratis.thirdparty.io.netty.channel.nio.AbstractNioChannel$AbstractNioUnsafe.finishConnect(AbstractNioChannel.java:340)
	at org.apache.ratis.thirdparty.io.netty.channel.nio.NioEventLoop.processSelectedKey(NioEventLoop.java:632)
	at org.apache.ratis.thirdparty.io.netty.channel.nio.NioEventLoop.processSelectedKeysOptimized(NioEventLoop.java:579)
	at org.apache.ratis.thirdparty.io.netty.channel.nio.NioEventLoop.processSelectedKeys(NioEventLoop.java:496)
	at org.apache.ratis.thirdparty.io.netty.channel.nio.NioEventLoop.run(NioEventLoop.java:458)
	at org.apache.ratis.thirdparty.io.netty.util.concurrent.SingleThreadEventExecutor$5.run(SingleThreadEventExecutor.java:897)
	at org.apache.ratis.thirdparty.io.netty.util.concurrent.FastThreadLocalRunnable.run(FastThreadLocalRunnable.java:30)
	... 1 more
Caused by: java.net.ConnectException: Connection refused
	... 11 more
2019-10-21 23:03:36,818 [1244ca21-2158-4cc7-9e07-ba347e145504@group-C1C12825AC52-LeaderElection1231] INFO  impl.RaftServerImpl (RaftServerImpl.java:setRole(184)) - 1244ca21-2158-4cc7-9e07-ba347e145504@group-C1C12825AC52: changes role from CANDIDATE to FOLLOWER at term 169 for DISCOVERED_A_NEW_TERM
2019-10-21 23:03:36,818 [1244ca21-2158-4cc7-9e07-ba347e145504@group-C1C12825AC52-LeaderElection1231] INFO  impl.RoleInfo (RoleInfo.java:shutdownLeaderElection(134)) - 1244ca21-2158-4cc7-9e07-ba347e145504: shutdown LeaderElection
2019-10-21 23:03:36,818 [1244ca21-2158-4cc7-9e07-ba347e145504@group-C1C12825AC52-LeaderElection1231] INFO  impl.RoleInfo (RoleInfo.java:updateAndGet(143)) - 1244ca21-2158-4cc7-9e07-ba347e145504: start FollowerState
2019-10-21 23:03:36,888 [Thread-10621] INFO  impl.FollowerState (FollowerState.java:run(108)) - 1244ca21-2158-4cc7-9e07-ba347e145504@group-C1C12825AC52-FollowerState: change to CANDIDATE, lastRpcTime:69ms, electionTimeout:69ms
2019-10-21 23:03:36,888 [Thread-10621] INFO  impl.RoleInfo (RoleInfo.java:shutdownFollowerState(121)) - 1244ca21-2158-4cc7-9e07-ba347e145504: shutdown FollowerState
2019-10-21 23:03:36,888 [Thread-10621] INFO  impl.RaftServerImpl (RaftServerImpl.java:setRole(184)) - 1244ca21-2158-4cc7-9e07-ba347e145504@group-C1C12825AC52: changes role from  FOLLOWER to CANDIDATE at term 169 for changeToCandidate
2019-10-21 23:03:36,888 [Thread-10621] INFO  impl.RoleInfo (RoleInfo.java:updateAndGet(143)) - 1244ca21-2158-4cc7-9e07-ba347e145504: start LeaderElection
2019-10-21 23:03:36,901 [1244ca21-2158-4cc7-9e07-ba347e145504@group-C1C12825AC52-LeaderElection1232] INFO  impl.LeaderElection (LeaderElection.java:askForVotes(178)) - 1244ca21-2158-4cc7-9e07-ba347e145504@group-C1C12825AC52-LeaderElection1232: begin an election at term 170 for -1: [1244ca21-2158-4cc7-9e07-ba347e145504:192.168.69.118:43370, 7c107f1d-8592-48e3-af71-5982c0af1f56:192.168.69.118:36514, d10c8639-03b1-4f19-ac0f-6419d7578d59:192.168.69.118:37568], old=null
2019-10-21 23:03:36,902 [1244ca21-2158-4cc7-9e07-ba347e145504@group-C1C12825AC52-LeaderElection1232] INFO  impl.LeaderElection (LogUtils.java:infoOrTrace(149)) - 1244ca21-2158-4cc7-9e07-ba347e145504@group-C1C12825AC52-LeaderElection1232 got exception when requesting votes: {}
java.util.concurrent.ExecutionException: org.apache.ratis.thirdparty.io.grpc.StatusRuntimeException: UNAVAILABLE: io exception
	at java.util.concurrent.FutureTask.report(FutureTask.java:122)
	at java.util.concurrent.FutureTask.get(FutureTask.java:192)
	at org.apache.ratis.server.impl.LeaderElection.waitForResults(LeaderElection.java:259)
	at org.apache.ratis.server.impl.LeaderElection.askForVotes(LeaderElection.java:197)
	at org.apache.ratis.server.impl.LeaderElection.run(LeaderElection.java:133)
	at java.lang.Thread.run(Thread.java:748)
Caused by: org.apache.ratis.thirdparty.io.grpc.StatusRuntimeException: UNAVAILABLE: io exception
	at org.apache.ratis.thirdparty.io.grpc.stub.ClientCalls.toStatusRuntimeException(ClientCalls.java:233)
	at org.apache.ratis.thirdparty.io.grpc.stub.ClientCalls.getUnchecked(ClientCalls.java:214)
	at org.apache.ratis.thirdparty.io.grpc.stub.ClientCalls.blockingUnaryCall(ClientCalls.java:139)
	at org.apache.ratis.proto.grpc.RaftServerProtocolServiceGrpc$RaftServerProtocolServiceBlockingStub.requestVote(RaftServerProtocolServiceGrpc.java:265)
	at org.apache.ratis.grpc.server.GrpcServerProtocolClient.requestVote(GrpcServerProtocolClient.java:99)
	at org.apache.ratis.grpc.server.GrpcService.requestVote(GrpcService.java:204)
	at org.apache.ratis.server.impl.LeaderElection.lambda$submitRequests$1(LeaderElection.java:234)
	at java.util.concurrent.FutureTask.run(FutureTask.java:266)
	at java.util.concurrent.Executors$RunnableAdapter.call(Executors.java:511)
	at java.util.concurrent.FutureTask.run(FutureTask.java:266)
	at java.util.concurrent.ThreadPoolExecutor.runWorker(ThreadPoolExecutor.java:1149)
	at java.util.concurrent.ThreadPoolExecutor$Worker.run(ThreadPoolExecutor.java:624)
	... 1 more
Caused by: org.apache.ratis.thirdparty.io.netty.channel.AbstractChannel$AnnotatedConnectException: Connection refused: /192.168.69.118:37568
	at sun.nio.ch.SocketChannelImpl.checkConnect(Native Method)
	at sun.nio.ch.SocketChannelImpl.finishConnect(SocketChannelImpl.java:717)
	at org.apache.ratis.thirdparty.io.netty.channel.socket.nio.NioSocketChannel.doFinishConnect(NioSocketChannel.java:327)
	at org.apache.ratis.thirdparty.io.netty.channel.nio.AbstractNioChannel$AbstractNioUnsafe.finishConnect(AbstractNioChannel.java:340)
	at org.apache.ratis.thirdparty.io.netty.channel.nio.NioEventLoop.processSelectedKey(NioEventLoop.java:632)
	at org.apache.ratis.thirdparty.io.netty.channel.nio.NioEventLoop.processSelectedKeysOptimized(NioEventLoop.java:579)
	at org.apache.ratis.thirdparty.io.netty.channel.nio.NioEventLoop.processSelectedKeys(NioEventLoop.java:496)
	at org.apache.ratis.thirdparty.io.netty.channel.nio.NioEventLoop.run(NioEventLoop.java:458)
	at org.apache.ratis.thirdparty.io.netty.util.concurrent.SingleThreadEventExecutor$5.run(SingleThreadEventExecutor.java:897)
	at org.apache.ratis.thirdparty.io.netty.util.concurrent.FastThreadLocalRunnable.run(FastThreadLocalRunnable.java:30)
	... 1 more
Caused by: java.net.ConnectException: Connection refused
	... 11 more
2019-10-21 23:03:36,903 [grpc-default-executor-8] INFO  impl.RaftServerImpl (RaftServerImpl.java:setRole(184)) - 7c107f1d-8592-48e3-af71-5982c0af1f56@group-C1C12825AC52: changes role from  FOLLOWER to FOLLOWER at term 170 for recognizeCandidate:1244ca21-2158-4cc7-9e07-ba347e145504
2019-10-21 23:03:36,903 [grpc-default-executor-8] INFO  impl.RoleInfo (RoleInfo.java:shutdownFollowerState(121)) - 7c107f1d-8592-48e3-af71-5982c0af1f56: shutdown FollowerState
2019-10-21 23:03:36,903 [grpc-default-executor-8] INFO  impl.RoleInfo (RoleInfo.java:updateAndGet(143)) - 7c107f1d-8592-48e3-af71-5982c0af1f56: start FollowerState
2019-10-21 23:03:36,903 [Thread-10620] INFO  impl.FollowerState (FollowerState.java:run(117)) - 7c107f1d-8592-48e3-af71-5982c0af1f56@group-C1C12825AC52-FollowerState was interrupted: java.lang.InterruptedException: sleep interrupted
2019-10-21 23:03:36,916 [1244ca21-2158-4cc7-9e07-ba347e145504@group-C1C12825AC52-LeaderElection1232] INFO  impl.LeaderElection (LeaderElection.java:logAndReturn(56)) - 1244ca21-2158-4cc7-9e07-ba347e145504@group-C1C12825AC52-LeaderElection1232: Election REJECTED; received 1 response(s) [1244ca21-2158-4cc7-9e07-ba347e145504<-7c107f1d-8592-48e3-af71-5982c0af1f56#0:FAIL-t170] and 1 exception(s); 1244ca21-2158-4cc7-9e07-ba347e145504@group-C1C12825AC52:t170, leader=null, voted=1244ca21-2158-4cc7-9e07-ba347e145504, raftlog=1244ca21-2158-4cc7-9e07-ba347e145504@group-C1C12825AC52-SegmentedRaftLog:OPENED:c-1,f-1,i0, conf=-1: [1244ca21-2158-4cc7-9e07-ba347e145504:192.168.69.118:43370, 7c107f1d-8592-48e3-af71-5982c0af1f56:192.168.69.118:36514, d10c8639-03b1-4f19-ac0f-6419d7578d59:192.168.69.118:37568], old=null
2019-10-21 23:03:36,917 [1244ca21-2158-4cc7-9e07-ba347e145504@group-C1C12825AC52-LeaderElection1232] INFO  impl.LeaderElection (LogUtils.java:infoOrTrace(149)) -   Exception 0: {}
java.util.concurrent.ExecutionException: org.apache.ratis.thirdparty.io.grpc.StatusRuntimeException: UNAVAILABLE: io exception
	at java.util.concurrent.FutureTask.report(FutureTask.java:122)
	at java.util.concurrent.FutureTask.get(FutureTask.java:192)
	at org.apache.ratis.server.impl.LeaderElection.waitForResults(LeaderElection.java:259)
	at org.apache.ratis.server.impl.LeaderElection.askForVotes(LeaderElection.java:197)
	at org.apache.ratis.server.impl.LeaderElection.run(LeaderElection.java:133)
	at java.lang.Thread.run(Thread.java:748)
Caused by: org.apache.ratis.thirdparty.io.grpc.StatusRuntimeException: UNAVAILABLE: io exception
	at org.apache.ratis.thirdparty.io.grpc.stub.ClientCalls.toStatusRuntimeException(ClientCalls.java:233)
	at org.apache.ratis.thirdparty.io.grpc.stub.ClientCalls.getUnchecked(ClientCalls.java:214)
	at org.apache.ratis.thirdparty.io.grpc.stub.ClientCalls.blockingUnaryCall(ClientCalls.java:139)
	at org.apache.ratis.proto.grpc.RaftServerProtocolServiceGrpc$RaftServerProtocolServiceBlockingStub.requestVote(RaftServerProtocolServiceGrpc.java:265)
	at org.apache.ratis.grpc.server.GrpcServerProtocolClient.requestVote(GrpcServerProtocolClient.java:99)
	at org.apache.ratis.grpc.server.GrpcService.requestVote(GrpcService.java:204)
	at org.apache.ratis.server.impl.LeaderElection.lambda$submitRequests$1(LeaderElection.java:234)
	at java.util.concurrent.FutureTask.run(FutureTask.java:266)
	at java.util.concurrent.Executors$RunnableAdapter.call(Executors.java:511)
	at java.util.concurrent.FutureTask.run(FutureTask.java:266)
	at java.util.concurrent.ThreadPoolExecutor.runWorker(ThreadPoolExecutor.java:1149)
	at java.util.concurrent.ThreadPoolExecutor$Worker.run(ThreadPoolExecutor.java:624)
	... 1 more
Caused by: org.apache.ratis.thirdparty.io.netty.channel.AbstractChannel$AnnotatedConnectException: Connection refused: /192.168.69.118:37568
	at sun.nio.ch.SocketChannelImpl.checkConnect(Native Method)
	at sun.nio.ch.SocketChannelImpl.finishConnect(SocketChannelImpl.java:717)
	at org.apache.ratis.thirdparty.io.netty.channel.socket.nio.NioSocketChannel.doFinishConnect(NioSocketChannel.java:327)
	at org.apache.ratis.thirdparty.io.netty.channel.nio.AbstractNioChannel$AbstractNioUnsafe.finishConnect(AbstractNioChannel.java:340)
	at org.apache.ratis.thirdparty.io.netty.channel.nio.NioEventLoop.processSelectedKey(NioEventLoop.java:632)
	at org.apache.ratis.thirdparty.io.netty.channel.nio.NioEventLoop.processSelectedKeysOptimized(NioEventLoop.java:579)
	at org.apache.ratis.thirdparty.io.netty.channel.nio.NioEventLoop.processSelectedKeys(NioEventLoop.java:496)
	at org.apache.ratis.thirdparty.io.netty.channel.nio.NioEventLoop.run(NioEventLoop.java:458)
	at org.apache.ratis.thirdparty.io.netty.util.concurrent.SingleThreadEventExecutor$5.run(SingleThreadEventExecutor.java:897)
	at org.apache.ratis.thirdparty.io.netty.util.concurrent.FastThreadLocalRunnable.run(FastThreadLocalRunnable.java:30)
	... 1 more
Caused by: java.net.ConnectException: Connection refused
	... 11 more
2019-10-21 23:03:36,917 [1244ca21-2158-4cc7-9e07-ba347e145504@group-C1C12825AC52-LeaderElection1232] INFO  impl.RaftServerImpl (RaftServerImpl.java:setRole(184)) - 1244ca21-2158-4cc7-9e07-ba347e145504@group-C1C12825AC52: changes role from CANDIDATE to FOLLOWER at term 170 for DISCOVERED_A_NEW_TERM
2019-10-21 23:03:36,917 [1244ca21-2158-4cc7-9e07-ba347e145504@group-C1C12825AC52-LeaderElection1232] INFO  impl.RoleInfo (RoleInfo.java:shutdownLeaderElection(134)) - 1244ca21-2158-4cc7-9e07-ba347e145504: shutdown LeaderElection
2019-10-21 23:03:36,917 [1244ca21-2158-4cc7-9e07-ba347e145504@group-C1C12825AC52-LeaderElection1232] INFO  impl.RoleInfo (RoleInfo.java:updateAndGet(143)) - 1244ca21-2158-4cc7-9e07-ba347e145504: start FollowerState
2019-10-21 23:03:37,110 [Thread-10626] INFO  impl.FollowerState (FollowerState.java:run(108)) - 1244ca21-2158-4cc7-9e07-ba347e145504@group-C1C12825AC52-FollowerState: change to CANDIDATE, lastRpcTime:192ms, electionTimeout:192ms
2019-10-21 23:03:37,110 [Thread-10626] INFO  impl.RoleInfo (RoleInfo.java:shutdownFollowerState(121)) - 1244ca21-2158-4cc7-9e07-ba347e145504: shutdown FollowerState
2019-10-21 23:03:37,110 [Thread-10626] INFO  impl.RaftServerImpl (RaftServerImpl.java:setRole(184)) - 1244ca21-2158-4cc7-9e07-ba347e145504@group-C1C12825AC52: changes role from  FOLLOWER to CANDIDATE at term 170 for changeToCandidate
2019-10-21 23:03:37,110 [Thread-10626] INFO  impl.RoleInfo (RoleInfo.java:updateAndGet(143)) - 1244ca21-2158-4cc7-9e07-ba347e145504: start LeaderElection
2019-10-21 23:03:37,123 [1244ca21-2158-4cc7-9e07-ba347e145504@group-C1C12825AC52-LeaderElection1233] INFO  impl.LeaderElection (LeaderElection.java:askForVotes(178)) - 1244ca21-2158-4cc7-9e07-ba347e145504@group-C1C12825AC52-LeaderElection1233: begin an election at term 171 for -1: [1244ca21-2158-4cc7-9e07-ba347e145504:192.168.69.118:43370, 7c107f1d-8592-48e3-af71-5982c0af1f56:192.168.69.118:36514, d10c8639-03b1-4f19-ac0f-6419d7578d59:192.168.69.118:37568], old=null
2019-10-21 23:03:37,124 [1244ca21-2158-4cc7-9e07-ba347e145504@group-C1C12825AC52-LeaderElection1233] INFO  impl.LeaderElection (LogUtils.java:infoOrTrace(149)) - 1244ca21-2158-4cc7-9e07-ba347e145504@group-C1C12825AC52-LeaderElection1233 got exception when requesting votes: {}
java.util.concurrent.ExecutionException: org.apache.ratis.thirdparty.io.grpc.StatusRuntimeException: UNAVAILABLE: io exception
	at java.util.concurrent.FutureTask.report(FutureTask.java:122)
	at java.util.concurrent.FutureTask.get(FutureTask.java:192)
	at org.apache.ratis.server.impl.LeaderElection.waitForResults(LeaderElection.java:259)
	at org.apache.ratis.server.impl.LeaderElection.askForVotes(LeaderElection.java:197)
	at org.apache.ratis.server.impl.LeaderElection.run(LeaderElection.java:133)
	at java.lang.Thread.run(Thread.java:748)
Caused by: org.apache.ratis.thirdparty.io.grpc.StatusRuntimeException: UNAVAILABLE: io exception
	at org.apache.ratis.thirdparty.io.grpc.stub.ClientCalls.toStatusRuntimeException(ClientCalls.java:233)
	at org.apache.ratis.thirdparty.io.grpc.stub.ClientCalls.getUnchecked(ClientCalls.java:214)
	at org.apache.ratis.thirdparty.io.grpc.stub.ClientCalls.blockingUnaryCall(ClientCalls.java:139)
	at org.apache.ratis.proto.grpc.RaftServerProtocolServiceGrpc$RaftServerProtocolServiceBlockingStub.requestVote(RaftServerProtocolServiceGrpc.java:265)
	at org.apache.ratis.grpc.server.GrpcServerProtocolClient.requestVote(GrpcServerProtocolClient.java:99)
	at org.apache.ratis.grpc.server.GrpcService.requestVote(GrpcService.java:204)
	at org.apache.ratis.server.impl.LeaderElection.lambda$submitRequests$1(LeaderElection.java:234)
	at java.util.concurrent.FutureTask.run(FutureTask.java:266)
	at java.util.concurrent.Executors$RunnableAdapter.call(Executors.java:511)
	at java.util.concurrent.FutureTask.run(FutureTask.java:266)
	at java.util.concurrent.ThreadPoolExecutor.runWorker(ThreadPoolExecutor.java:1149)
	at java.util.concurrent.ThreadPoolExecutor$Worker.run(ThreadPoolExecutor.java:624)
	... 1 more
Caused by: org.apache.ratis.thirdparty.io.netty.channel.AbstractChannel$AnnotatedConnectException: Connection refused: /192.168.69.118:37568
	at sun.nio.ch.SocketChannelImpl.checkConnect(Native Method)
	at sun.nio.ch.SocketChannelImpl.finishConnect(SocketChannelImpl.java:717)
	at org.apache.ratis.thirdparty.io.netty.channel.socket.nio.NioSocketChannel.doFinishConnect(NioSocketChannel.java:327)
	at org.apache.ratis.thirdparty.io.netty.channel.nio.AbstractNioChannel$AbstractNioUnsafe.finishConnect(AbstractNioChannel.java:340)
	at org.apache.ratis.thirdparty.io.netty.channel.nio.NioEventLoop.processSelectedKey(NioEventLoop.java:632)
	at org.apache.ratis.thirdparty.io.netty.channel.nio.NioEventLoop.processSelectedKeysOptimized(NioEventLoop.java:579)
	at org.apache.ratis.thirdparty.io.netty.channel.nio.NioEventLoop.processSelectedKeys(NioEventLoop.java:496)
	at org.apache.ratis.thirdparty.io.netty.channel.nio.NioEventLoop.run(NioEventLoop.java:458)
	at org.apache.ratis.thirdparty.io.netty.util.concurrent.SingleThreadEventExecutor$5.run(SingleThreadEventExecutor.java:897)
	at org.apache.ratis.thirdparty.io.netty.util.concurrent.FastThreadLocalRunnable.run(FastThreadLocalRunnable.java:30)
	... 1 more
Caused by: java.net.ConnectException: Connection refused
	... 11 more
2019-10-21 23:03:37,125 [grpc-default-executor-0] INFO  impl.RaftServerImpl (RaftServerImpl.java:setRole(184)) - 7c107f1d-8592-48e3-af71-5982c0af1f56@group-C1C12825AC52: changes role from  FOLLOWER to FOLLOWER at term 171 for recognizeCandidate:1244ca21-2158-4cc7-9e07-ba347e145504
2019-10-21 23:03:37,125 [grpc-default-executor-0] INFO  impl.RoleInfo (RoleInfo.java:shutdownFollowerState(121)) - 7c107f1d-8592-48e3-af71-5982c0af1f56: shutdown FollowerState
2019-10-21 23:03:37,126 [grpc-default-executor-0] INFO  impl.RoleInfo (RoleInfo.java:updateAndGet(143)) - 7c107f1d-8592-48e3-af71-5982c0af1f56: start FollowerState
2019-10-21 23:03:37,126 [Thread-10625] INFO  impl.FollowerState (FollowerState.java:run(117)) - 7c107f1d-8592-48e3-af71-5982c0af1f56@group-C1C12825AC52-FollowerState was interrupted: java.lang.InterruptedException: sleep interrupted
2019-10-21 23:03:37,156 [1244ca21-2158-4cc7-9e07-ba347e145504@group-C1C12825AC52-LeaderElection1233] INFO  impl.LeaderElection (LeaderElection.java:logAndReturn(56)) - 1244ca21-2158-4cc7-9e07-ba347e145504@group-C1C12825AC52-LeaderElection1233: Election REJECTED; received 1 response(s) [1244ca21-2158-4cc7-9e07-ba347e145504<-7c107f1d-8592-48e3-af71-5982c0af1f56#0:FAIL-t171] and 1 exception(s); 1244ca21-2158-4cc7-9e07-ba347e145504@group-C1C12825AC52:t171, leader=null, voted=1244ca21-2158-4cc7-9e07-ba347e145504, raftlog=1244ca21-2158-4cc7-9e07-ba347e145504@group-C1C12825AC52-SegmentedRaftLog:OPENED:c-1,f-1,i0, conf=-1: [1244ca21-2158-4cc7-9e07-ba347e145504:192.168.69.118:43370, 7c107f1d-8592-48e3-af71-5982c0af1f56:192.168.69.118:36514, d10c8639-03b1-4f19-ac0f-6419d7578d59:192.168.69.118:37568], old=null
2019-10-21 23:03:37,156 [1244ca21-2158-4cc7-9e07-ba347e145504@group-C1C12825AC52-LeaderElection1233] INFO  impl.LeaderElection (LogUtils.java:infoOrTrace(149)) -   Exception 0: {}
java.util.concurrent.ExecutionException: org.apache.ratis.thirdparty.io.grpc.StatusRuntimeException: UNAVAILABLE: io exception
	at java.util.concurrent.FutureTask.report(FutureTask.java:122)
	at java.util.concurrent.FutureTask.get(FutureTask.java:192)
	at org.apache.ratis.server.impl.LeaderElection.waitForResults(LeaderElection.java:259)
	at org.apache.ratis.server.impl.LeaderElection.askForVotes(LeaderElection.java:197)
	at org.apache.ratis.server.impl.LeaderElection.run(LeaderElection.java:133)
	at java.lang.Thread.run(Thread.java:748)
Caused by: org.apache.ratis.thirdparty.io.grpc.StatusRuntimeException: UNAVAILABLE: io exception
	at org.apache.ratis.thirdparty.io.grpc.stub.ClientCalls.toStatusRuntimeException(ClientCalls.java:233)
	at org.apache.ratis.thirdparty.io.grpc.stub.ClientCalls.getUnchecked(ClientCalls.java:214)
	at org.apache.ratis.thirdparty.io.grpc.stub.ClientCalls.blockingUnaryCall(ClientCalls.java:139)
	at org.apache.ratis.proto.grpc.RaftServerProtocolServiceGrpc$RaftServerProtocolServiceBlockingStub.requestVote(RaftServerProtocolServiceGrpc.java:265)
	at org.apache.ratis.grpc.server.GrpcServerProtocolClient.requestVote(GrpcServerProtocolClient.java:99)
	at org.apache.ratis.grpc.server.GrpcService.requestVote(GrpcService.java:204)
	at org.apache.ratis.server.impl.LeaderElection.lambda$submitRequests$1(LeaderElection.java:234)
	at java.util.concurrent.FutureTask.run(FutureTask.java:266)
	at java.util.concurrent.Executors$RunnableAdapter.call(Executors.java:511)
	at java.util.concurrent.FutureTask.run(FutureTask.java:266)
	at java.util.concurrent.ThreadPoolExecutor.runWorker(ThreadPoolExecutor.java:1149)
	at java.util.concurrent.ThreadPoolExecutor$Worker.run(ThreadPoolExecutor.java:624)
	... 1 more
Caused by: org.apache.ratis.thirdparty.io.netty.channel.AbstractChannel$AnnotatedConnectException: Connection refused: /192.168.69.118:37568
	at sun.nio.ch.SocketChannelImpl.checkConnect(Native Method)
	at sun.nio.ch.SocketChannelImpl.finishConnect(SocketChannelImpl.java:717)
	at org.apache.ratis.thirdparty.io.netty.channel.socket.nio.NioSocketChannel.doFinishConnect(NioSocketChannel.java:327)
	at org.apache.ratis.thirdparty.io.netty.channel.nio.AbstractNioChannel$AbstractNioUnsafe.finishConnect(AbstractNioChannel.java:340)
	at org.apache.ratis.thirdparty.io.netty.channel.nio.NioEventLoop.processSelectedKey(NioEventLoop.java:632)
	at org.apache.ratis.thirdparty.io.netty.channel.nio.NioEventLoop.processSelectedKeysOptimized(NioEventLoop.java:579)
	at org.apache.ratis.thirdparty.io.netty.channel.nio.NioEventLoop.processSelectedKeys(NioEventLoop.java:496)
	at org.apache.ratis.thirdparty.io.netty.channel.nio.NioEventLoop.run(NioEventLoop.java:458)
	at org.apache.ratis.thirdparty.io.netty.util.concurrent.SingleThreadEventExecutor$5.run(SingleThreadEventExecutor.java:897)
	at org.apache.ratis.thirdparty.io.netty.util.concurrent.FastThreadLocalRunnable.run(FastThreadLocalRunnable.java:30)
	... 1 more
Caused by: java.net.ConnectException: Connection refused
	... 11 more
2019-10-21 23:03:37,156 [1244ca21-2158-4cc7-9e07-ba347e145504@group-C1C12825AC52-LeaderElection1233] INFO  impl.RaftServerImpl (RaftServerImpl.java:setRole(184)) - 1244ca21-2158-4cc7-9e07-ba347e145504@group-C1C12825AC52: changes role from CANDIDATE to FOLLOWER at term 171 for DISCOVERED_A_NEW_TERM
2019-10-21 23:03:37,156 [1244ca21-2158-4cc7-9e07-ba347e145504@group-C1C12825AC52-LeaderElection1233] INFO  impl.RoleInfo (RoleInfo.java:shutdownLeaderElection(134)) - 1244ca21-2158-4cc7-9e07-ba347e145504: shutdown LeaderElection
2019-10-21 23:03:37,156 [1244ca21-2158-4cc7-9e07-ba347e145504@group-C1C12825AC52-LeaderElection1233] INFO  impl.RoleInfo (RoleInfo.java:updateAndGet(143)) - 1244ca21-2158-4cc7-9e07-ba347e145504: start FollowerState
2019-10-21 23:03:37,322 [Thread-10635] INFO  impl.FollowerState (FollowerState.java:run(108)) - 1244ca21-2158-4cc7-9e07-ba347e145504@group-C1C12825AC52-FollowerState: change to CANDIDATE, lastRpcTime:165ms, electionTimeout:165ms
2019-10-21 23:03:37,322 [Thread-10635] INFO  impl.RoleInfo (RoleInfo.java:shutdownFollowerState(121)) - 1244ca21-2158-4cc7-9e07-ba347e145504: shutdown FollowerState
2019-10-21 23:03:37,322 [Thread-10635] INFO  impl.RaftServerImpl (RaftServerImpl.java:setRole(184)) - 1244ca21-2158-4cc7-9e07-ba347e145504@group-C1C12825AC52: changes role from  FOLLOWER to CANDIDATE at term 171 for changeToCandidate
2019-10-21 23:03:37,322 [Thread-10635] INFO  impl.RoleInfo (RoleInfo.java:updateAndGet(143)) - 1244ca21-2158-4cc7-9e07-ba347e145504: start LeaderElection
2019-10-21 23:03:37,357 [1244ca21-2158-4cc7-9e07-ba347e145504@group-C1C12825AC52-LeaderElection1234] INFO  impl.LeaderElection (LeaderElection.java:askForVotes(178)) - 1244ca21-2158-4cc7-9e07-ba347e145504@group-C1C12825AC52-LeaderElection1234: begin an election at term 172 for -1: [1244ca21-2158-4cc7-9e07-ba347e145504:192.168.69.118:43370, 7c107f1d-8592-48e3-af71-5982c0af1f56:192.168.69.118:36514, d10c8639-03b1-4f19-ac0f-6419d7578d59:192.168.69.118:37568], old=null
2019-10-21 23:03:37,357 [1244ca21-2158-4cc7-9e07-ba347e145504@group-C1C12825AC52-LeaderElection1234] INFO  impl.LeaderElection (LogUtils.java:infoOrTrace(149)) - 1244ca21-2158-4cc7-9e07-ba347e145504@group-C1C12825AC52-LeaderElection1234 got exception when requesting votes: {}
java.util.concurrent.ExecutionException: org.apache.ratis.thirdparty.io.grpc.StatusRuntimeException: UNAVAILABLE: io exception
	at java.util.concurrent.FutureTask.report(FutureTask.java:122)
	at java.util.concurrent.FutureTask.get(FutureTask.java:192)
	at org.apache.ratis.server.impl.LeaderElection.waitForResults(LeaderElection.java:259)
	at org.apache.ratis.server.impl.LeaderElection.askForVotes(LeaderElection.java:197)
	at org.apache.ratis.server.impl.LeaderElection.run(LeaderElection.java:133)
	at java.lang.Thread.run(Thread.java:748)
Caused by: org.apache.ratis.thirdparty.io.grpc.StatusRuntimeException: UNAVAILABLE: io exception
	at org.apache.ratis.thirdparty.io.grpc.stub.ClientCalls.toStatusRuntimeException(ClientCalls.java:233)
	at org.apache.ratis.thirdparty.io.grpc.stub.ClientCalls.getUnchecked(ClientCalls.java:214)
	at org.apache.ratis.thirdparty.io.grpc.stub.ClientCalls.blockingUnaryCall(ClientCalls.java:139)
	at org.apache.ratis.proto.grpc.RaftServerProtocolServiceGrpc$RaftServerProtocolServiceBlockingStub.requestVote(RaftServerProtocolServiceGrpc.java:265)
	at org.apache.ratis.grpc.server.GrpcServerProtocolClient.requestVote(GrpcServerProtocolClient.java:99)
	at org.apache.ratis.grpc.server.GrpcService.requestVote(GrpcService.java:204)
	at org.apache.ratis.server.impl.LeaderElection.lambda$submitRequests$1(LeaderElection.java:234)
	at java.util.concurrent.FutureTask.run(FutureTask.java:266)
	at java.util.concurrent.Executors$RunnableAdapter.call(Executors.java:511)
	at java.util.concurrent.FutureTask.run(FutureTask.java:266)
	at java.util.concurrent.ThreadPoolExecutor.runWorker(ThreadPoolExecutor.java:1149)
	at java.util.concurrent.ThreadPoolExecutor$Worker.run(ThreadPoolExecutor.java:624)
	... 1 more
Caused by: org.apache.ratis.thirdparty.io.netty.channel.AbstractChannel$AnnotatedConnectException: Connection refused: /192.168.69.118:37568
	at sun.nio.ch.SocketChannelImpl.checkConnect(Native Method)
	at sun.nio.ch.SocketChannelImpl.finishConnect(SocketChannelImpl.java:717)
	at org.apache.ratis.thirdparty.io.netty.channel.socket.nio.NioSocketChannel.doFinishConnect(NioSocketChannel.java:327)
	at org.apache.ratis.thirdparty.io.netty.channel.nio.AbstractNioChannel$AbstractNioUnsafe.finishConnect(AbstractNioChannel.java:340)
	at org.apache.ratis.thirdparty.io.netty.channel.nio.NioEventLoop.processSelectedKey(NioEventLoop.java:632)
	at org.apache.ratis.thirdparty.io.netty.channel.nio.NioEventLoop.processSelectedKeysOptimized(NioEventLoop.java:579)
	at org.apache.ratis.thirdparty.io.netty.channel.nio.NioEventLoop.processSelectedKeys(NioEventLoop.java:496)
	at org.apache.ratis.thirdparty.io.netty.channel.nio.NioEventLoop.run(NioEventLoop.java:458)
	at org.apache.ratis.thirdparty.io.netty.util.concurrent.SingleThreadEventExecutor$5.run(SingleThreadEventExecutor.java:897)
	at org.apache.ratis.thirdparty.io.netty.util.concurrent.FastThreadLocalRunnable.run(FastThreadLocalRunnable.java:30)
	... 1 more
Caused by: java.net.ConnectException: Connection refused
	... 11 more
2019-10-21 23:03:37,358 [grpc-default-executor-0] INFO  impl.RaftServerImpl (RaftServerImpl.java:setRole(184)) - 7c107f1d-8592-48e3-af71-5982c0af1f56@group-C1C12825AC52: changes role from  FOLLOWER to FOLLOWER at term 172 for recognizeCandidate:1244ca21-2158-4cc7-9e07-ba347e145504
2019-10-21 23:03:37,358 [grpc-default-executor-0] INFO  impl.RoleInfo (RoleInfo.java:shutdownFollowerState(121)) - 7c107f1d-8592-48e3-af71-5982c0af1f56: shutdown FollowerState
2019-10-21 23:03:37,358 [grpc-default-executor-0] INFO  impl.RoleInfo (RoleInfo.java:updateAndGet(143)) - 7c107f1d-8592-48e3-af71-5982c0af1f56: start FollowerState
2019-10-21 23:03:37,358 [Thread-10632] INFO  impl.FollowerState (FollowerState.java:run(117)) - 7c107f1d-8592-48e3-af71-5982c0af1f56@group-C1C12825AC52-FollowerState was interrupted: java.lang.InterruptedException: sleep interrupted
2019-10-21 23:03:37,371 [1244ca21-2158-4cc7-9e07-ba347e145504@group-C1C12825AC52-LeaderElection1234] INFO  impl.LeaderElection (LeaderElection.java:logAndReturn(56)) - 1244ca21-2158-4cc7-9e07-ba347e145504@group-C1C12825AC52-LeaderElection1234: Election REJECTED; received 1 response(s) [1244ca21-2158-4cc7-9e07-ba347e145504<-7c107f1d-8592-48e3-af71-5982c0af1f56#0:FAIL-t172] and 1 exception(s); 1244ca21-2158-4cc7-9e07-ba347e145504@group-C1C12825AC52:t172, leader=null, voted=1244ca21-2158-4cc7-9e07-ba347e145504, raftlog=1244ca21-2158-4cc7-9e07-ba347e145504@group-C1C12825AC52-SegmentedRaftLog:OPENED:c-1,f-1,i0, conf=-1: [1244ca21-2158-4cc7-9e07-ba347e145504:192.168.69.118:43370, 7c107f1d-8592-48e3-af71-5982c0af1f56:192.168.69.118:36514, d10c8639-03b1-4f19-ac0f-6419d7578d59:192.168.69.118:37568], old=null
2019-10-21 23:03:37,371 [1244ca21-2158-4cc7-9e07-ba347e145504@group-C1C12825AC52-LeaderElection1234] INFO  impl.LeaderElection (LogUtils.java:infoOrTrace(149)) -   Exception 0: {}
java.util.concurrent.ExecutionException: org.apache.ratis.thirdparty.io.grpc.StatusRuntimeException: UNAVAILABLE: io exception
	at java.util.concurrent.FutureTask.report(FutureTask.java:122)
	at java.util.concurrent.FutureTask.get(FutureTask.java:192)
	at org.apache.ratis.server.impl.LeaderElection.waitForResults(LeaderElection.java:259)
	at org.apache.ratis.server.impl.LeaderElection.askForVotes(LeaderElection.java:197)
	at org.apache.ratis.server.impl.LeaderElection.run(LeaderElection.java:133)
	at java.lang.Thread.run(Thread.java:748)
Caused by: org.apache.ratis.thirdparty.io.grpc.StatusRuntimeException: UNAVAILABLE: io exception
	at org.apache.ratis.thirdparty.io.grpc.stub.ClientCalls.toStatusRuntimeException(ClientCalls.java:233)
	at org.apache.ratis.thirdparty.io.grpc.stub.ClientCalls.getUnchecked(ClientCalls.java:214)
	at org.apache.ratis.thirdparty.io.grpc.stub.ClientCalls.blockingUnaryCall(ClientCalls.java:139)
	at org.apache.ratis.proto.grpc.RaftServerProtocolServiceGrpc$RaftServerProtocolServiceBlockingStub.requestVote(RaftServerProtocolServiceGrpc.java:265)
	at org.apache.ratis.grpc.server.GrpcServerProtocolClient.requestVote(GrpcServerProtocolClient.java:99)
	at org.apache.ratis.grpc.server.GrpcService.requestVote(GrpcService.java:204)
	at org.apache.ratis.server.impl.LeaderElection.lambda$submitRequests$1(LeaderElection.java:234)
	at java.util.concurrent.FutureTask.run(FutureTask.java:266)
	at java.util.concurrent.Executors$RunnableAdapter.call(Executors.java:511)
	at java.util.concurrent.FutureTask.run(FutureTask.java:266)
	at java.util.concurrent.ThreadPoolExecutor.runWorker(ThreadPoolExecutor.java:1149)
	at java.util.concurrent.ThreadPoolExecutor$Worker.run(ThreadPoolExecutor.java:624)
	... 1 more
Caused by: org.apache.ratis.thirdparty.io.netty.channel.AbstractChannel$AnnotatedConnectException: Connection refused: /192.168.69.118:37568
	at sun.nio.ch.SocketChannelImpl.checkConnect(Native Method)
	at sun.nio.ch.SocketChannelImpl.finishConnect(SocketChannelImpl.java:717)
	at org.apache.ratis.thirdparty.io.netty.channel.socket.nio.NioSocketChannel.doFinishConnect(NioSocketChannel.java:327)
	at org.apache.ratis.thirdparty.io.netty.channel.nio.AbstractNioChannel$AbstractNioUnsafe.finishConnect(AbstractNioChannel.java:340)
	at org.apache.ratis.thirdparty.io.netty.channel.nio.NioEventLoop.processSelectedKey(NioEventLoop.java:632)
	at org.apache.ratis.thirdparty.io.netty.channel.nio.NioEventLoop.processSelectedKeysOptimized(NioEventLoop.java:579)
	at org.apache.ratis.thirdparty.io.netty.channel.nio.NioEventLoop.processSelectedKeys(NioEventLoop.java:496)
	at org.apache.ratis.thirdparty.io.netty.channel.nio.NioEventLoop.run(NioEventLoop.java:458)
	at org.apache.ratis.thirdparty.io.netty.util.concurrent.SingleThreadEventExecutor$5.run(SingleThreadEventExecutor.java:897)
	at org.apache.ratis.thirdparty.io.netty.util.concurrent.FastThreadLocalRunnable.run(FastThreadLocalRunnable.java:30)
	... 1 more
Caused by: java.net.ConnectException: Connection refused
	... 11 more
2019-10-21 23:03:37,371 [1244ca21-2158-4cc7-9e07-ba347e145504@group-C1C12825AC52-LeaderElection1234] INFO  impl.RaftServerImpl (RaftServerImpl.java:setRole(184)) - 1244ca21-2158-4cc7-9e07-ba347e145504@group-C1C12825AC52: changes role from CANDIDATE to FOLLOWER at term 172 for DISCOVERED_A_NEW_TERM
2019-10-21 23:03:37,371 [1244ca21-2158-4cc7-9e07-ba347e145504@group-C1C12825AC52-LeaderElection1234] INFO  impl.RoleInfo (RoleInfo.java:shutdownLeaderElection(134)) - 1244ca21-2158-4cc7-9e07-ba347e145504: shutdown LeaderElection
2019-10-21 23:03:37,371 [1244ca21-2158-4cc7-9e07-ba347e145504@group-C1C12825AC52-LeaderElection1234] INFO  impl.RoleInfo (RoleInfo.java:updateAndGet(143)) - 1244ca21-2158-4cc7-9e07-ba347e145504: start FollowerState
2019-10-21 23:03:37,484 [Thread-10640] INFO  impl.FollowerState (FollowerState.java:run(108)) - 1244ca21-2158-4cc7-9e07-ba347e145504@group-C1C12825AC52-FollowerState: change to CANDIDATE, lastRpcTime:113ms, electionTimeout:113ms
2019-10-21 23:03:37,484 [Thread-10640] INFO  impl.RoleInfo (RoleInfo.java:shutdownFollowerState(121)) - 1244ca21-2158-4cc7-9e07-ba347e145504: shutdown FollowerState
2019-10-21 23:03:37,484 [Thread-10640] INFO  impl.RaftServerImpl (RaftServerImpl.java:setRole(184)) - 1244ca21-2158-4cc7-9e07-ba347e145504@group-C1C12825AC52: changes role from  FOLLOWER to CANDIDATE at term 172 for changeToCandidate
2019-10-21 23:03:37,485 [Thread-10640] INFO  impl.RoleInfo (RoleInfo.java:updateAndGet(143)) - 1244ca21-2158-4cc7-9e07-ba347e145504: start LeaderElection
2019-10-21 23:03:37,498 [1244ca21-2158-4cc7-9e07-ba347e145504@group-C1C12825AC52-LeaderElection1235] INFO  impl.LeaderElection (LeaderElection.java:askForVotes(178)) - 1244ca21-2158-4cc7-9e07-ba347e145504@group-C1C12825AC52-LeaderElection1235: begin an election at term 173 for -1: [1244ca21-2158-4cc7-9e07-ba347e145504:192.168.69.118:43370, 7c107f1d-8592-48e3-af71-5982c0af1f56:192.168.69.118:36514, d10c8639-03b1-4f19-ac0f-6419d7578d59:192.168.69.118:37568], old=null
2019-10-21 23:03:37,499 [1244ca21-2158-4cc7-9e07-ba347e145504@group-C1C12825AC52-LeaderElection1235] INFO  impl.LeaderElection (LogUtils.java:infoOrTrace(149)) - 1244ca21-2158-4cc7-9e07-ba347e145504@group-C1C12825AC52-LeaderElection1235 got exception when requesting votes: {}
java.util.concurrent.ExecutionException: org.apache.ratis.thirdparty.io.grpc.StatusRuntimeException: UNAVAILABLE: io exception
	at java.util.concurrent.FutureTask.report(FutureTask.java:122)
	at java.util.concurrent.FutureTask.get(FutureTask.java:192)
	at org.apache.ratis.server.impl.LeaderElection.waitForResults(LeaderElection.java:259)
	at org.apache.ratis.server.impl.LeaderElection.askForVotes(LeaderElection.java:197)
	at org.apache.ratis.server.impl.LeaderElection.run(LeaderElection.java:133)
	at java.lang.Thread.run(Thread.java:748)
Caused by: org.apache.ratis.thirdparty.io.grpc.StatusRuntimeException: UNAVAILABLE: io exception
	at org.apache.ratis.thirdparty.io.grpc.stub.ClientCalls.toStatusRuntimeException(ClientCalls.java:233)
	at org.apache.ratis.thirdparty.io.grpc.stub.ClientCalls.getUnchecked(ClientCalls.java:214)
	at org.apache.ratis.thirdparty.io.grpc.stub.ClientCalls.blockingUnaryCall(ClientCalls.java:139)
	at org.apache.ratis.proto.grpc.RaftServerProtocolServiceGrpc$RaftServerProtocolServiceBlockingStub.requestVote(RaftServerProtocolServiceGrpc.java:265)
	at org.apache.ratis.grpc.server.GrpcServerProtocolClient.requestVote(GrpcServerProtocolClient.java:99)
	at org.apache.ratis.grpc.server.GrpcService.requestVote(GrpcService.java:204)
	at org.apache.ratis.server.impl.LeaderElection.lambda$submitRequests$1(LeaderElection.java:234)
	at java.util.concurrent.FutureTask.run(FutureTask.java:266)
	at java.util.concurrent.Executors$RunnableAdapter.call(Executors.java:511)
	at java.util.concurrent.FutureTask.run(FutureTask.java:266)
	at java.util.concurrent.ThreadPoolExecutor.runWorker(ThreadPoolExecutor.java:1149)
	at java.util.concurrent.ThreadPoolExecutor$Worker.run(ThreadPoolExecutor.java:624)
	... 1 more
Caused by: org.apache.ratis.thirdparty.io.netty.channel.AbstractChannel$AnnotatedConnectException: Connection refused: /192.168.69.118:37568
	at sun.nio.ch.SocketChannelImpl.checkConnect(Native Method)
	at sun.nio.ch.SocketChannelImpl.finishConnect(SocketChannelImpl.java:717)
	at org.apache.ratis.thirdparty.io.netty.channel.socket.nio.NioSocketChannel.doFinishConnect(NioSocketChannel.java:327)
	at org.apache.ratis.thirdparty.io.netty.channel.nio.AbstractNioChannel$AbstractNioUnsafe.finishConnect(AbstractNioChannel.java:340)
	at org.apache.ratis.thirdparty.io.netty.channel.nio.NioEventLoop.processSelectedKey(NioEventLoop.java:632)
	at org.apache.ratis.thirdparty.io.netty.channel.nio.NioEventLoop.processSelectedKeysOptimized(NioEventLoop.java:579)
	at org.apache.ratis.thirdparty.io.netty.channel.nio.NioEventLoop.processSelectedKeys(NioEventLoop.java:496)
	at org.apache.ratis.thirdparty.io.netty.channel.nio.NioEventLoop.run(NioEventLoop.java:458)
	at org.apache.ratis.thirdparty.io.netty.util.concurrent.SingleThreadEventExecutor$5.run(SingleThreadEventExecutor.java:897)
	at org.apache.ratis.thirdparty.io.netty.util.concurrent.FastThreadLocalRunnable.run(FastThreadLocalRunnable.java:30)
	... 1 more
Caused by: java.net.ConnectException: Connection refused
	... 11 more
2019-10-21 23:03:37,500 [grpc-default-executor-0] INFO  impl.RaftServerImpl (RaftServerImpl.java:setRole(184)) - 7c107f1d-8592-48e3-af71-5982c0af1f56@group-C1C12825AC52: changes role from  FOLLOWER to FOLLOWER at term 173 for recognizeCandidate:1244ca21-2158-4cc7-9e07-ba347e145504
2019-10-21 23:03:37,500 [grpc-default-executor-0] INFO  impl.RoleInfo (RoleInfo.java:shutdownFollowerState(121)) - 7c107f1d-8592-48e3-af71-5982c0af1f56: shutdown FollowerState
2019-10-21 23:03:37,501 [grpc-default-executor-0] INFO  impl.RoleInfo (RoleInfo.java:updateAndGet(143)) - 7c107f1d-8592-48e3-af71-5982c0af1f56: start FollowerState
2019-10-21 23:03:37,501 [Thread-10639] INFO  impl.FollowerState (FollowerState.java:run(117)) - 7c107f1d-8592-48e3-af71-5982c0af1f56@group-C1C12825AC52-FollowerState was interrupted: java.lang.InterruptedException: sleep interrupted
2019-10-21 23:03:37,507 [1244ca21-2158-4cc7-9e07-ba347e145504@group-C1C12825AC52-LeaderElection1235] INFO  impl.LeaderElection (LeaderElection.java:logAndReturn(56)) - 1244ca21-2158-4cc7-9e07-ba347e145504@group-C1C12825AC52-LeaderElection1235: Election TIMEOUT; received 0 response(s) [] and 1 exception(s); 1244ca21-2158-4cc7-9e07-ba347e145504@group-C1C12825AC52:t173, leader=null, voted=1244ca21-2158-4cc7-9e07-ba347e145504, raftlog=1244ca21-2158-4cc7-9e07-ba347e145504@group-C1C12825AC52-SegmentedRaftLog:OPENED:c-1,f-1,i0, conf=-1: [1244ca21-2158-4cc7-9e07-ba347e145504:192.168.69.118:43370, 7c107f1d-8592-48e3-af71-5982c0af1f56:192.168.69.118:36514, d10c8639-03b1-4f19-ac0f-6419d7578d59:192.168.69.118:37568], old=null
2019-10-21 23:03:37,507 [1244ca21-2158-4cc7-9e07-ba347e145504@group-C1C12825AC52-LeaderElection1235] INFO  impl.LeaderElection (LogUtils.java:infoOrTrace(149)) -   Exception 0: {}
java.util.concurrent.ExecutionException: org.apache.ratis.thirdparty.io.grpc.StatusRuntimeException: UNAVAILABLE: io exception
	at java.util.concurrent.FutureTask.report(FutureTask.java:122)
	at java.util.concurrent.FutureTask.get(FutureTask.java:192)
	at org.apache.ratis.server.impl.LeaderElection.waitForResults(LeaderElection.java:259)
	at org.apache.ratis.server.impl.LeaderElection.askForVotes(LeaderElection.java:197)
	at org.apache.ratis.server.impl.LeaderElection.run(LeaderElection.java:133)
	at java.lang.Thread.run(Thread.java:748)
Caused by: org.apache.ratis.thirdparty.io.grpc.StatusRuntimeException: UNAVAILABLE: io exception
	at org.apache.ratis.thirdparty.io.grpc.stub.ClientCalls.toStatusRuntimeException(ClientCalls.java:233)
	at org.apache.ratis.thirdparty.io.grpc.stub.ClientCalls.getUnchecked(ClientCalls.java:214)
	at org.apache.ratis.thirdparty.io.grpc.stub.ClientCalls.blockingUnaryCall(ClientCalls.java:139)
	at org.apache.ratis.proto.grpc.RaftServerProtocolServiceGrpc$RaftServerProtocolServiceBlockingStub.requestVote(RaftServerProtocolServiceGrpc.java:265)
	at org.apache.ratis.grpc.server.GrpcServerProtocolClient.requestVote(GrpcServerProtocolClient.java:99)
	at org.apache.ratis.grpc.server.GrpcService.requestVote(GrpcService.java:204)
	at org.apache.ratis.server.impl.LeaderElection.lambda$submitRequests$1(LeaderElection.java:234)
	at java.util.concurrent.FutureTask.run(FutureTask.java:266)
	at java.util.concurrent.Executors$RunnableAdapter.call(Executors.java:511)
	at java.util.concurrent.FutureTask.run(FutureTask.java:266)
	at java.util.concurrent.ThreadPoolExecutor.runWorker(ThreadPoolExecutor.java:1149)
	at java.util.concurrent.ThreadPoolExecutor$Worker.run(ThreadPoolExecutor.java:624)
	... 1 more
Caused by: org.apache.ratis.thirdparty.io.netty.channel.AbstractChannel$AnnotatedConnectException: Connection refused: /192.168.69.118:37568
	at sun.nio.ch.SocketChannelImpl.checkConnect(Native Method)
	at sun.nio.ch.SocketChannelImpl.finishConnect(SocketChannelImpl.java:717)
	at org.apache.ratis.thirdparty.io.netty.channel.socket.nio.NioSocketChannel.doFinishConnect(NioSocketChannel.java:327)
	at org.apache.ratis.thirdparty.io.netty.channel.nio.AbstractNioChannel$AbstractNioUnsafe.finishConnect(AbstractNioChannel.java:340)
	at org.apache.ratis.thirdparty.io.netty.channel.nio.NioEventLoop.processSelectedKey(NioEventLoop.java:632)
	at org.apache.ratis.thirdparty.io.netty.channel.nio.NioEventLoop.processSelectedKeysOptimized(NioEventLoop.java:579)
	at org.apache.ratis.thirdparty.io.netty.channel.nio.NioEventLoop.processSelectedKeys(NioEventLoop.java:496)
	at org.apache.ratis.thirdparty.io.netty.channel.nio.NioEventLoop.run(NioEventLoop.java:458)
	at org.apache.ratis.thirdparty.io.netty.util.concurrent.SingleThreadEventExecutor$5.run(SingleThreadEventExecutor.java:897)
	at org.apache.ratis.thirdparty.io.netty.util.concurrent.FastThreadLocalRunnable.run(FastThreadLocalRunnable.java:30)
	... 1 more
Caused by: java.net.ConnectException: Connection refused
	... 11 more
2019-10-21 23:03:37,514 [1244ca21-2158-4cc7-9e07-ba347e145504@group-C1C12825AC52-LeaderElection1235] INFO  impl.LeaderElection (LeaderElection.java:askForVotes(178)) - 1244ca21-2158-4cc7-9e07-ba347e145504@group-C1C12825AC52-LeaderElection1235: begin an election at term 174 for -1: [1244ca21-2158-4cc7-9e07-ba347e145504:192.168.69.118:43370, 7c107f1d-8592-48e3-af71-5982c0af1f56:192.168.69.118:36514, d10c8639-03b1-4f19-ac0f-6419d7578d59:192.168.69.118:37568], old=null
2019-10-21 23:03:37,515 [1244ca21-2158-4cc7-9e07-ba347e145504@group-C1C12825AC52-LeaderElection1235] INFO  impl.LeaderElection (LogUtils.java:infoOrTrace(149)) - 1244ca21-2158-4cc7-9e07-ba347e145504@group-C1C12825AC52-LeaderElection1235 got exception when requesting votes: {}
java.util.concurrent.ExecutionException: org.apache.ratis.thirdparty.io.grpc.StatusRuntimeException: UNAVAILABLE: io exception
	at java.util.concurrent.FutureTask.report(FutureTask.java:122)
	at java.util.concurrent.FutureTask.get(FutureTask.java:192)
	at org.apache.ratis.server.impl.LeaderElection.waitForResults(LeaderElection.java:259)
	at org.apache.ratis.server.impl.LeaderElection.askForVotes(LeaderElection.java:197)
	at org.apache.ratis.server.impl.LeaderElection.run(LeaderElection.java:133)
	at java.lang.Thread.run(Thread.java:748)
Caused by: org.apache.ratis.thirdparty.io.grpc.StatusRuntimeException: UNAVAILABLE: io exception
	at org.apache.ratis.thirdparty.io.grpc.stub.ClientCalls.toStatusRuntimeException(ClientCalls.java:233)
	at org.apache.ratis.thirdparty.io.grpc.stub.ClientCalls.getUnchecked(ClientCalls.java:214)
	at org.apache.ratis.thirdparty.io.grpc.stub.ClientCalls.blockingUnaryCall(ClientCalls.java:139)
	at org.apache.ratis.proto.grpc.RaftServerProtocolServiceGrpc$RaftServerProtocolServiceBlockingStub.requestVote(RaftServerProtocolServiceGrpc.java:265)
	at org.apache.ratis.grpc.server.GrpcServerProtocolClient.requestVote(GrpcServerProtocolClient.java:99)
	at org.apache.ratis.grpc.server.GrpcService.requestVote(GrpcService.java:204)
	at org.apache.ratis.server.impl.LeaderElection.lambda$submitRequests$1(LeaderElection.java:234)
	at java.util.concurrent.FutureTask.run(FutureTask.java:266)
	at java.util.concurrent.Executors$RunnableAdapter.call(Executors.java:511)
	at java.util.concurrent.FutureTask.run(FutureTask.java:266)
	at java.util.concurrent.ThreadPoolExecutor.runWorker(ThreadPoolExecutor.java:1149)
	at java.util.concurrent.ThreadPoolExecutor$Worker.run(ThreadPoolExecutor.java:624)
	... 1 more
Caused by: org.apache.ratis.thirdparty.io.netty.channel.AbstractChannel$AnnotatedConnectException: Connection refused: /192.168.69.118:37568
	at sun.nio.ch.SocketChannelImpl.checkConnect(Native Method)
	at sun.nio.ch.SocketChannelImpl.finishConnect(SocketChannelImpl.java:717)
	at org.apache.ratis.thirdparty.io.netty.channel.socket.nio.NioSocketChannel.doFinishConnect(NioSocketChannel.java:327)
	at org.apache.ratis.thirdparty.io.netty.channel.nio.AbstractNioChannel$AbstractNioUnsafe.finishConnect(AbstractNioChannel.java:340)
	at org.apache.ratis.thirdparty.io.netty.channel.nio.NioEventLoop.processSelectedKey(NioEventLoop.java:632)
	at org.apache.ratis.thirdparty.io.netty.channel.nio.NioEventLoop.processSelectedKeysOptimized(NioEventLoop.java:579)
	at org.apache.ratis.thirdparty.io.netty.channel.nio.NioEventLoop.processSelectedKeys(NioEventLoop.java:496)
	at org.apache.ratis.thirdparty.io.netty.channel.nio.NioEventLoop.run(NioEventLoop.java:458)
	at org.apache.ratis.thirdparty.io.netty.util.concurrent.SingleThreadEventExecutor$5.run(SingleThreadEventExecutor.java:897)
	at org.apache.ratis.thirdparty.io.netty.util.concurrent.FastThreadLocalRunnable.run(FastThreadLocalRunnable.java:30)
	... 1 more
Caused by: java.net.ConnectException: Connection refused
	... 11 more
2019-10-21 23:03:37,515 [grpc-default-executor-0] INFO  impl.RaftServerImpl (RaftServerImpl.java:setRole(184)) - 7c107f1d-8592-48e3-af71-5982c0af1f56@group-C1C12825AC52: changes role from  FOLLOWER to FOLLOWER at term 174 for recognizeCandidate:1244ca21-2158-4cc7-9e07-ba347e145504
2019-10-21 23:03:37,515 [grpc-default-executor-0] INFO  impl.RoleInfo (RoleInfo.java:shutdownFollowerState(121)) - 7c107f1d-8592-48e3-af71-5982c0af1f56: shutdown FollowerState
2019-10-21 23:03:37,515 [grpc-default-executor-0] INFO  impl.RoleInfo (RoleInfo.java:updateAndGet(143)) - 7c107f1d-8592-48e3-af71-5982c0af1f56: start FollowerState
2019-10-21 23:03:37,515 [Thread-10644] INFO  impl.FollowerState (FollowerState.java:run(117)) - 7c107f1d-8592-48e3-af71-5982c0af1f56@group-C1C12825AC52-FollowerState was interrupted: java.lang.InterruptedException: sleep interrupted
2019-10-21 23:03:37,526 [1244ca21-2158-4cc7-9e07-ba347e145504@group-C1C12825AC52-LeaderElection1235] INFO  impl.LeaderElection (LeaderElection.java:logAndReturn(56)) - 1244ca21-2158-4cc7-9e07-ba347e145504@group-C1C12825AC52-LeaderElection1235: Election TIMEOUT; received 0 response(s) [] and 1 exception(s); 1244ca21-2158-4cc7-9e07-ba347e145504@group-C1C12825AC52:t174, leader=null, voted=1244ca21-2158-4cc7-9e07-ba347e145504, raftlog=1244ca21-2158-4cc7-9e07-ba347e145504@group-C1C12825AC52-SegmentedRaftLog:OPENED:c-1,f-1,i0, conf=-1: [1244ca21-2158-4cc7-9e07-ba347e145504:192.168.69.118:43370, 7c107f1d-8592-48e3-af71-5982c0af1f56:192.168.69.118:36514, d10c8639-03b1-4f19-ac0f-6419d7578d59:192.168.69.118:37568], old=null
2019-10-21 23:03:37,526 [1244ca21-2158-4cc7-9e07-ba347e145504@group-C1C12825AC52-LeaderElection1235] INFO  impl.LeaderElection (LogUtils.java:infoOrTrace(149)) -   Exception 0: {}
java.util.concurrent.ExecutionException: org.apache.ratis.thirdparty.io.grpc.StatusRuntimeException: UNAVAILABLE: io exception
	at java.util.concurrent.FutureTask.report(FutureTask.java:122)
	at java.util.concurrent.FutureTask.get(FutureTask.java:192)
	at org.apache.ratis.server.impl.LeaderElection.waitForResults(LeaderElection.java:259)
	at org.apache.ratis.server.impl.LeaderElection.askForVotes(LeaderElection.java:197)
	at org.apache.ratis.server.impl.LeaderElection.run(LeaderElection.java:133)
	at java.lang.Thread.run(Thread.java:748)
Caused by: org.apache.ratis.thirdparty.io.grpc.StatusRuntimeException: UNAVAILABLE: io exception
	at org.apache.ratis.thirdparty.io.grpc.stub.ClientCalls.toStatusRuntimeException(ClientCalls.java:233)
	at org.apache.ratis.thirdparty.io.grpc.stub.ClientCalls.getUnchecked(ClientCalls.java:214)
	at org.apache.ratis.thirdparty.io.grpc.stub.ClientCalls.blockingUnaryCall(ClientCalls.java:139)
	at org.apache.ratis.proto.grpc.RaftServerProtocolServiceGrpc$RaftServerProtocolServiceBlockingStub.requestVote(RaftServerProtocolServiceGrpc.java:265)
	at org.apache.ratis.grpc.server.GrpcServerProtocolClient.requestVote(GrpcServerProtocolClient.java:99)
	at org.apache.ratis.grpc.server.GrpcService.requestVote(GrpcService.java:204)
	at org.apache.ratis.server.impl.LeaderElection.lambda$submitRequests$1(LeaderElection.java:234)
	at java.util.concurrent.FutureTask.run(FutureTask.java:266)
	at java.util.concurrent.Executors$RunnableAdapter.call(Executors.java:511)
	at java.util.concurrent.FutureTask.run(FutureTask.java:266)
	at java.util.concurrent.ThreadPoolExecutor.runWorker(ThreadPoolExecutor.java:1149)
	at java.util.concurrent.ThreadPoolExecutor$Worker.run(ThreadPoolExecutor.java:624)
	... 1 more
Caused by: org.apache.ratis.thirdparty.io.netty.channel.AbstractChannel$AnnotatedConnectException: Connection refused: /192.168.69.118:37568
	at sun.nio.ch.SocketChannelImpl.checkConnect(Native Method)
	at sun.nio.ch.SocketChannelImpl.finishConnect(SocketChannelImpl.java:717)
	at org.apache.ratis.thirdparty.io.netty.channel.socket.nio.NioSocketChannel.doFinishConnect(NioSocketChannel.java:327)
	at org.apache.ratis.thirdparty.io.netty.channel.nio.AbstractNioChannel$AbstractNioUnsafe.finishConnect(AbstractNioChannel.java:340)
	at org.apache.ratis.thirdparty.io.netty.channel.nio.NioEventLoop.processSelectedKey(NioEventLoop.java:632)
	at org.apache.ratis.thirdparty.io.netty.channel.nio.NioEventLoop.processSelectedKeysOptimized(NioEventLoop.java:579)
	at org.apache.ratis.thirdparty.io.netty.channel.nio.NioEventLoop.processSelectedKeys(NioEventLoop.java:496)
	at org.apache.ratis.thirdparty.io.netty.channel.nio.NioEventLoop.run(NioEventLoop.java:458)
	at org.apache.ratis.thirdparty.io.netty.util.concurrent.SingleThreadEventExecutor$5.run(SingleThreadEventExecutor.java:897)
	at org.apache.ratis.thirdparty.io.netty.util.concurrent.FastThreadLocalRunnable.run(FastThreadLocalRunnable.java:30)
	... 1 more
Caused by: java.net.ConnectException: Connection refused
	... 11 more
2019-10-21 23:03:37,530 [1244ca21-2158-4cc7-9e07-ba347e145504@group-C1C12825AC52-LeaderElection1235] INFO  impl.LeaderElection (LeaderElection.java:askForVotes(178)) - 1244ca21-2158-4cc7-9e07-ba347e145504@group-C1C12825AC52-LeaderElection1235: begin an election at term 175 for -1: [1244ca21-2158-4cc7-9e07-ba347e145504:192.168.69.118:43370, 7c107f1d-8592-48e3-af71-5982c0af1f56:192.168.69.118:36514, d10c8639-03b1-4f19-ac0f-6419d7578d59:192.168.69.118:37568], old=null
2019-10-21 23:03:37,530 [1244ca21-2158-4cc7-9e07-ba347e145504@group-C1C12825AC52-LeaderElection1235] INFO  impl.LeaderElection (LogUtils.java:infoOrTrace(149)) - 1244ca21-2158-4cc7-9e07-ba347e145504@group-C1C12825AC52-LeaderElection1235 got exception when requesting votes: {}
java.util.concurrent.ExecutionException: org.apache.ratis.thirdparty.io.grpc.StatusRuntimeException: UNAVAILABLE: io exception
	at java.util.concurrent.FutureTask.report(FutureTask.java:122)
	at java.util.concurrent.FutureTask.get(FutureTask.java:192)
	at org.apache.ratis.server.impl.LeaderElection.waitForResults(LeaderElection.java:259)
	at org.apache.ratis.server.impl.LeaderElection.askForVotes(LeaderElection.java:197)
	at org.apache.ratis.server.impl.LeaderElection.run(LeaderElection.java:133)
	at java.lang.Thread.run(Thread.java:748)
Caused by: org.apache.ratis.thirdparty.io.grpc.StatusRuntimeException: UNAVAILABLE: io exception
	at org.apache.ratis.thirdparty.io.grpc.stub.ClientCalls.toStatusRuntimeException(ClientCalls.java:233)
	at org.apache.ratis.thirdparty.io.grpc.stub.ClientCalls.getUnchecked(ClientCalls.java:214)
	at org.apache.ratis.thirdparty.io.grpc.stub.ClientCalls.blockingUnaryCall(ClientCalls.java:139)
	at org.apache.ratis.proto.grpc.RaftServerProtocolServiceGrpc$RaftServerProtocolServiceBlockingStub.requestVote(RaftServerProtocolServiceGrpc.java:265)
	at org.apache.ratis.grpc.server.GrpcServerProtocolClient.requestVote(GrpcServerProtocolClient.java:99)
	at org.apache.ratis.grpc.server.GrpcService.requestVote(GrpcService.java:204)
	at org.apache.ratis.server.impl.LeaderElection.lambda$submitRequests$1(LeaderElection.java:234)
	at java.util.concurrent.FutureTask.run(FutureTask.java:266)
	at java.util.concurrent.Executors$RunnableAdapter.call(Executors.java:511)
	at java.util.concurrent.FutureTask.run(FutureTask.java:266)
	at java.util.concurrent.ThreadPoolExecutor.runWorker(ThreadPoolExecutor.java:1149)
	at java.util.concurrent.ThreadPoolExecutor$Worker.run(ThreadPoolExecutor.java:624)
	... 1 more
Caused by: org.apache.ratis.thirdparty.io.netty.channel.AbstractChannel$AnnotatedConnectException: Connection refused: /192.168.69.118:37568
	at sun.nio.ch.SocketChannelImpl.checkConnect(Native Method)
	at sun.nio.ch.SocketChannelImpl.finishConnect(SocketChannelImpl.java:717)
	at org.apache.ratis.thirdparty.io.netty.channel.socket.nio.NioSocketChannel.doFinishConnect(NioSocketChannel.java:327)
	at org.apache.ratis.thirdparty.io.netty.channel.nio.AbstractNioChannel$AbstractNioUnsafe.finishConnect(AbstractNioChannel.java:340)
	at org.apache.ratis.thirdparty.io.netty.channel.nio.NioEventLoop.processSelectedKey(NioEventLoop.java:632)
	at org.apache.ratis.thirdparty.io.netty.channel.nio.NioEventLoop.processSelectedKeysOptimized(NioEventLoop.java:579)
	at org.apache.ratis.thirdparty.io.netty.channel.nio.NioEventLoop.processSelectedKeys(NioEventLoop.java:496)
	at org.apache.ratis.thirdparty.io.netty.channel.nio.NioEventLoop.run(NioEventLoop.java:458)
	at org.apache.ratis.thirdparty.io.netty.util.concurrent.SingleThreadEventExecutor$5.run(SingleThreadEventExecutor.java:897)
	at org.apache.ratis.thirdparty.io.netty.util.concurrent.FastThreadLocalRunnable.run(FastThreadLocalRunnable.java:30)
	... 1 more
Caused by: java.net.ConnectException: Connection refused
	... 11 more
2019-10-21 23:03:37,531 [grpc-default-executor-0] INFO  impl.RaftServerImpl (RaftServerImpl.java:setRole(184)) - 7c107f1d-8592-48e3-af71-5982c0af1f56@group-C1C12825AC52: changes role from  FOLLOWER to FOLLOWER at term 175 for recognizeCandidate:1244ca21-2158-4cc7-9e07-ba347e145504
2019-10-21 23:03:37,531 [grpc-default-executor-0] INFO  impl.RoleInfo (RoleInfo.java:shutdownFollowerState(121)) - 7c107f1d-8592-48e3-af71-5982c0af1f56: shutdown FollowerState
2019-10-21 23:03:37,531 [grpc-default-executor-0] INFO  impl.RoleInfo (RoleInfo.java:updateAndGet(143)) - 7c107f1d-8592-48e3-af71-5982c0af1f56: start FollowerState
2019-10-21 23:03:37,531 [Thread-10647] INFO  impl.FollowerState (FollowerState.java:run(117)) - 7c107f1d-8592-48e3-af71-5982c0af1f56@group-C1C12825AC52-FollowerState was interrupted: java.lang.InterruptedException: sleep interrupted
2019-10-21 23:03:37,544 [1244ca21-2158-4cc7-9e07-ba347e145504@group-C1C12825AC52-LeaderElection1235] INFO  impl.LeaderElection (LeaderElection.java:logAndReturn(56)) - 1244ca21-2158-4cc7-9e07-ba347e145504@group-C1C12825AC52-LeaderElection1235: Election REJECTED; received 1 response(s) [1244ca21-2158-4cc7-9e07-ba347e145504<-7c107f1d-8592-48e3-af71-5982c0af1f56#0:FAIL-t175] and 1 exception(s); 1244ca21-2158-4cc7-9e07-ba347e145504@group-C1C12825AC52:t175, leader=null, voted=1244ca21-2158-4cc7-9e07-ba347e145504, raftlog=1244ca21-2158-4cc7-9e07-ba347e145504@group-C1C12825AC52-SegmentedRaftLog:OPENED:c-1,f-1,i0, conf=-1: [1244ca21-2158-4cc7-9e07-ba347e145504:192.168.69.118:43370, 7c107f1d-8592-48e3-af71-5982c0af1f56:192.168.69.118:36514, d10c8639-03b1-4f19-ac0f-6419d7578d59:192.168.69.118:37568], old=null
2019-10-21 23:03:37,544 [1244ca21-2158-4cc7-9e07-ba347e145504@group-C1C12825AC52-LeaderElection1235] INFO  impl.LeaderElection (LogUtils.java:infoOrTrace(149)) -   Exception 0: {}
java.util.concurrent.ExecutionException: org.apache.ratis.thirdparty.io.grpc.StatusRuntimeException: UNAVAILABLE: io exception
	at java.util.concurrent.FutureTask.report(FutureTask.java:122)
	at java.util.concurrent.FutureTask.get(FutureTask.java:192)
	at org.apache.ratis.server.impl.LeaderElection.waitForResults(LeaderElection.java:259)
	at org.apache.ratis.server.impl.LeaderElection.askForVotes(LeaderElection.java:197)
	at org.apache.ratis.server.impl.LeaderElection.run(LeaderElection.java:133)
	at java.lang.Thread.run(Thread.java:748)
Caused by: org.apache.ratis.thirdparty.io.grpc.StatusRuntimeException: UNAVAILABLE: io exception
	at org.apache.ratis.thirdparty.io.grpc.stub.ClientCalls.toStatusRuntimeException(ClientCalls.java:233)
	at org.apache.ratis.thirdparty.io.grpc.stub.ClientCalls.getUnchecked(ClientCalls.java:214)
	at org.apache.ratis.thirdparty.io.grpc.stub.ClientCalls.blockingUnaryCall(ClientCalls.java:139)
	at org.apache.ratis.proto.grpc.RaftServerProtocolServiceGrpc$RaftServerProtocolServiceBlockingStub.requestVote(RaftServerProtocolServiceGrpc.java:265)
	at org.apache.ratis.grpc.server.GrpcServerProtocolClient.requestVote(GrpcServerProtocolClient.java:99)
	at org.apache.ratis.grpc.server.GrpcService.requestVote(GrpcService.java:204)
	at org.apache.ratis.server.impl.LeaderElection.lambda$submitRequests$1(LeaderElection.java:234)
	at java.util.concurrent.FutureTask.run(FutureTask.java:266)
	at java.util.concurrent.Executors$RunnableAdapter.call(Executors.java:511)
	at java.util.concurrent.FutureTask.run(FutureTask.java:266)
	at java.util.concurrent.ThreadPoolExecutor.runWorker(ThreadPoolExecutor.java:1149)
	at java.util.concurrent.ThreadPoolExecutor$Worker.run(ThreadPoolExecutor.java:624)
	... 1 more
Caused by: org.apache.ratis.thirdparty.io.netty.channel.AbstractChannel$AnnotatedConnectException: Connection refused: /192.168.69.118:37568
	at sun.nio.ch.SocketChannelImpl.checkConnect(Native Method)
	at sun.nio.ch.SocketChannelImpl.finishConnect(SocketChannelImpl.java:717)
	at org.apache.ratis.thirdparty.io.netty.channel.socket.nio.NioSocketChannel.doFinishConnect(NioSocketChannel.java:327)
	at org.apache.ratis.thirdparty.io.netty.channel.nio.AbstractNioChannel$AbstractNioUnsafe.finishConnect(AbstractNioChannel.java:340)
	at org.apache.ratis.thirdparty.io.netty.channel.nio.NioEventLoop.processSelectedKey(NioEventLoop.java:632)
	at org.apache.ratis.thirdparty.io.netty.channel.nio.NioEventLoop.processSelectedKeysOptimized(NioEventLoop.java:579)
	at org.apache.ratis.thirdparty.io.netty.channel.nio.NioEventLoop.processSelectedKeys(NioEventLoop.java:496)
	at org.apache.ratis.thirdparty.io.netty.channel.nio.NioEventLoop.run(NioEventLoop.java:458)
	at org.apache.ratis.thirdparty.io.netty.util.concurrent.SingleThreadEventExecutor$5.run(SingleThreadEventExecutor.java:897)
	at org.apache.ratis.thirdparty.io.netty.util.concurrent.FastThreadLocalRunnable.run(FastThreadLocalRunnable.java:30)
	... 1 more
Caused by: java.net.ConnectException: Connection refused
	... 11 more
2019-10-21 23:03:37,544 [1244ca21-2158-4cc7-9e07-ba347e145504@group-C1C12825AC52-LeaderElection1235] INFO  impl.RaftServerImpl (RaftServerImpl.java:setRole(184)) - 1244ca21-2158-4cc7-9e07-ba347e145504@group-C1C12825AC52: changes role from CANDIDATE to FOLLOWER at term 175 for DISCOVERED_A_NEW_TERM
2019-10-21 23:03:37,544 [1244ca21-2158-4cc7-9e07-ba347e145504@group-C1C12825AC52-LeaderElection1235] INFO  impl.RoleInfo (RoleInfo.java:shutdownLeaderElection(134)) - 1244ca21-2158-4cc7-9e07-ba347e145504: shutdown LeaderElection
2019-10-21 23:03:37,544 [1244ca21-2158-4cc7-9e07-ba347e145504@group-C1C12825AC52-LeaderElection1235] INFO  impl.RoleInfo (RoleInfo.java:updateAndGet(143)) - 1244ca21-2158-4cc7-9e07-ba347e145504: start FollowerState
2019-10-21 23:03:37,751 [Thread-10651] INFO  impl.FollowerState (FollowerState.java:run(108)) - 1244ca21-2158-4cc7-9e07-ba347e145504@group-C1C12825AC52-FollowerState: change to CANDIDATE, lastRpcTime:206ms, electionTimeout:91ms
2019-10-21 23:03:37,758 [Thread-10651] INFO  impl.RoleInfo (RoleInfo.java:shutdownFollowerState(121)) - 1244ca21-2158-4cc7-9e07-ba347e145504: shutdown FollowerState
2019-10-21 23:03:37,766 [Thread-10651] INFO  impl.RaftServerImpl (RaftServerImpl.java:setRole(184)) - 1244ca21-2158-4cc7-9e07-ba347e145504@group-C1C12825AC52: changes role from  FOLLOWER to CANDIDATE at term 175 for changeToCandidate
2019-10-21 23:03:37,767 [Thread-10651] INFO  impl.RoleInfo (RoleInfo.java:updateAndGet(143)) - 1244ca21-2158-4cc7-9e07-ba347e145504: start LeaderElection
2019-10-21 23:03:37,782 [1244ca21-2158-4cc7-9e07-ba347e145504@group-C1C12825AC52-LeaderElection1236] INFO  impl.LeaderElection (LeaderElection.java:askForVotes(178)) - 1244ca21-2158-4cc7-9e07-ba347e145504@group-C1C12825AC52-LeaderElection1236: begin an election at term 176 for -1: [1244ca21-2158-4cc7-9e07-ba347e145504:192.168.69.118:43370, 7c107f1d-8592-48e3-af71-5982c0af1f56:192.168.69.118:36514, d10c8639-03b1-4f19-ac0f-6419d7578d59:192.168.69.118:37568], old=null
2019-10-21 23:03:37,782 [1244ca21-2158-4cc7-9e07-ba347e145504@group-C1C12825AC52-LeaderElection1236] INFO  impl.LeaderElection (LogUtils.java:infoOrTrace(149)) - 1244ca21-2158-4cc7-9e07-ba347e145504@group-C1C12825AC52-LeaderElection1236 got exception when requesting votes: {}
java.util.concurrent.ExecutionException: org.apache.ratis.thirdparty.io.grpc.StatusRuntimeException: UNAVAILABLE: io exception
	at java.util.concurrent.FutureTask.report(FutureTask.java:122)
	at java.util.concurrent.FutureTask.get(FutureTask.java:192)
	at org.apache.ratis.server.impl.LeaderElection.waitForResults(LeaderElection.java:259)
	at org.apache.ratis.server.impl.LeaderElection.askForVotes(LeaderElection.java:197)
	at org.apache.ratis.server.impl.LeaderElection.run(LeaderElection.java:133)
	at java.lang.Thread.run(Thread.java:748)
Caused by: org.apache.ratis.thirdparty.io.grpc.StatusRuntimeException: UNAVAILABLE: io exception
	at org.apache.ratis.thirdparty.io.grpc.stub.ClientCalls.toStatusRuntimeException(ClientCalls.java:233)
	at org.apache.ratis.thirdparty.io.grpc.stub.ClientCalls.getUnchecked(ClientCalls.java:214)
	at org.apache.ratis.thirdparty.io.grpc.stub.ClientCalls.blockingUnaryCall(ClientCalls.java:139)
	at org.apache.ratis.proto.grpc.RaftServerProtocolServiceGrpc$RaftServerProtocolServiceBlockingStub.requestVote(RaftServerProtocolServiceGrpc.java:265)
	at org.apache.ratis.grpc.server.GrpcServerProtocolClient.requestVote(GrpcServerProtocolClient.java:99)
	at org.apache.ratis.grpc.server.GrpcService.requestVote(GrpcService.java:204)
	at org.apache.ratis.server.impl.LeaderElection.lambda$submitRequests$1(LeaderElection.java:234)
	at java.util.concurrent.FutureTask.run(FutureTask.java:266)
	at java.util.concurrent.Executors$RunnableAdapter.call(Executors.java:511)
	at java.util.concurrent.FutureTask.run(FutureTask.java:266)
	at java.util.concurrent.ThreadPoolExecutor.runWorker(ThreadPoolExecutor.java:1149)
	at java.util.concurrent.ThreadPoolExecutor$Worker.run(ThreadPoolExecutor.java:624)
	... 1 more
Caused by: org.apache.ratis.thirdparty.io.netty.channel.AbstractChannel$AnnotatedConnectException: Connection refused: /192.168.69.118:37568
	at sun.nio.ch.SocketChannelImpl.checkConnect(Native Method)
	at sun.nio.ch.SocketChannelImpl.finishConnect(SocketChannelImpl.java:717)
	at org.apache.ratis.thirdparty.io.netty.channel.socket.nio.NioSocketChannel.doFinishConnect(NioSocketChannel.java:327)
	at org.apache.ratis.thirdparty.io.netty.channel.nio.AbstractNioChannel$AbstractNioUnsafe.finishConnect(AbstractNioChannel.java:340)
	at org.apache.ratis.thirdparty.io.netty.channel.nio.NioEventLoop.processSelectedKey(NioEventLoop.java:632)
	at org.apache.ratis.thirdparty.io.netty.channel.nio.NioEventLoop.processSelectedKeysOptimized(NioEventLoop.java:579)
	at org.apache.ratis.thirdparty.io.netty.channel.nio.NioEventLoop.processSelectedKeys(NioEventLoop.java:496)
	at org.apache.ratis.thirdparty.io.netty.channel.nio.NioEventLoop.run(NioEventLoop.java:458)
	at org.apache.ratis.thirdparty.io.netty.util.concurrent.SingleThreadEventExecutor$5.run(SingleThreadEventExecutor.java:897)
	at org.apache.ratis.thirdparty.io.netty.util.concurrent.FastThreadLocalRunnable.run(FastThreadLocalRunnable.java:30)
	... 1 more
Caused by: java.net.ConnectException: Connection refused
	... 11 more
2019-10-21 23:03:37,783 [grpc-default-executor-6] INFO  impl.RaftServerImpl (RaftServerImpl.java:setRole(184)) - 7c107f1d-8592-48e3-af71-5982c0af1f56@group-C1C12825AC52: changes role from  FOLLOWER to FOLLOWER at term 176 for recognizeCandidate:1244ca21-2158-4cc7-9e07-ba347e145504
2019-10-21 23:03:37,783 [grpc-default-executor-6] INFO  impl.RoleInfo (RoleInfo.java:shutdownFollowerState(121)) - 7c107f1d-8592-48e3-af71-5982c0af1f56: shutdown FollowerState
2019-10-21 23:03:37,783 [grpc-default-executor-6] INFO  impl.RoleInfo (RoleInfo.java:updateAndGet(143)) - 7c107f1d-8592-48e3-af71-5982c0af1f56: start FollowerState
2019-10-21 23:03:37,783 [Thread-10650] INFO  impl.FollowerState (FollowerState.java:run(117)) - 7c107f1d-8592-48e3-af71-5982c0af1f56@group-C1C12825AC52-FollowerState was interrupted: java.lang.InterruptedException: sleep interrupted
2019-10-21 23:03:37,796 [1244ca21-2158-4cc7-9e07-ba347e145504@group-C1C12825AC52-LeaderElection1236] INFO  impl.LeaderElection (LeaderElection.java:logAndReturn(56)) - 1244ca21-2158-4cc7-9e07-ba347e145504@group-C1C12825AC52-LeaderElection1236: Election REJECTED; received 1 response(s) [1244ca21-2158-4cc7-9e07-ba347e145504<-7c107f1d-8592-48e3-af71-5982c0af1f56#0:FAIL-t176] and 1 exception(s); 1244ca21-2158-4cc7-9e07-ba347e145504@group-C1C12825AC52:t176, leader=null, voted=1244ca21-2158-4cc7-9e07-ba347e145504, raftlog=1244ca21-2158-4cc7-9e07-ba347e145504@group-C1C12825AC52-SegmentedRaftLog:OPENED:c-1,f-1,i0, conf=-1: [1244ca21-2158-4cc7-9e07-ba347e145504:192.168.69.118:43370, 7c107f1d-8592-48e3-af71-5982c0af1f56:192.168.69.118:36514, d10c8639-03b1-4f19-ac0f-6419d7578d59:192.168.69.118:37568], old=null
2019-10-21 23:03:37,797 [1244ca21-2158-4cc7-9e07-ba347e145504@group-C1C12825AC52-LeaderElection1236] INFO  impl.LeaderElection (LogUtils.java:infoOrTrace(149)) -   Exception 0: {}
java.util.concurrent.ExecutionException: org.apache.ratis.thirdparty.io.grpc.StatusRuntimeException: UNAVAILABLE: io exception
	at java.util.concurrent.FutureTask.report(FutureTask.java:122)
	at java.util.concurrent.FutureTask.get(FutureTask.java:192)
	at org.apache.ratis.server.impl.LeaderElection.waitForResults(LeaderElection.java:259)
	at org.apache.ratis.server.impl.LeaderElection.askForVotes(LeaderElection.java:197)
	at org.apache.ratis.server.impl.LeaderElection.run(LeaderElection.java:133)
	at java.lang.Thread.run(Thread.java:748)
Caused by: org.apache.ratis.thirdparty.io.grpc.StatusRuntimeException: UNAVAILABLE: io exception
	at org.apache.ratis.thirdparty.io.grpc.stub.ClientCalls.toStatusRuntimeException(ClientCalls.java:233)
	at org.apache.ratis.thirdparty.io.grpc.stub.ClientCalls.getUnchecked(ClientCalls.java:214)
	at org.apache.ratis.thirdparty.io.grpc.stub.ClientCalls.blockingUnaryCall(ClientCalls.java:139)
	at org.apache.ratis.proto.grpc.RaftServerProtocolServiceGrpc$RaftServerProtocolServiceBlockingStub.requestVote(RaftServerProtocolServiceGrpc.java:265)
	at org.apache.ratis.grpc.server.GrpcServerProtocolClient.requestVote(GrpcServerProtocolClient.java:99)
	at org.apache.ratis.grpc.server.GrpcService.requestVote(GrpcService.java:204)
	at org.apache.ratis.server.impl.LeaderElection.lambda$submitRequests$1(LeaderElection.java:234)
	at java.util.concurrent.FutureTask.run(FutureTask.java:266)
	at java.util.concurrent.Executors$RunnableAdapter.call(Executors.java:511)
	at java.util.concurrent.FutureTask.run(FutureTask.java:266)
	at java.util.concurrent.ThreadPoolExecutor.runWorker(ThreadPoolExecutor.java:1149)
	at java.util.concurrent.ThreadPoolExecutor$Worker.run(ThreadPoolExecutor.java:624)
	... 1 more
Caused by: org.apache.ratis.thirdparty.io.netty.channel.AbstractChannel$AnnotatedConnectException: Connection refused: /192.168.69.118:37568
	at sun.nio.ch.SocketChannelImpl.checkConnect(Native Method)
	at sun.nio.ch.SocketChannelImpl.finishConnect(SocketChannelImpl.java:717)
	at org.apache.ratis.thirdparty.io.netty.channel.socket.nio.NioSocketChannel.doFinishConnect(NioSocketChannel.java:327)
	at org.apache.ratis.thirdparty.io.netty.channel.nio.AbstractNioChannel$AbstractNioUnsafe.finishConnect(AbstractNioChannel.java:340)
	at org.apache.ratis.thirdparty.io.netty.channel.nio.NioEventLoop.processSelectedKey(NioEventLoop.java:632)
	at org.apache.ratis.thirdparty.io.netty.channel.nio.NioEventLoop.processSelectedKeysOptimized(NioEventLoop.java:579)
	at org.apache.ratis.thirdparty.io.netty.channel.nio.NioEventLoop.processSelectedKeys(NioEventLoop.java:496)
	at org.apache.ratis.thirdparty.io.netty.channel.nio.NioEventLoop.run(NioEventLoop.java:458)
	at org.apache.ratis.thirdparty.io.netty.util.concurrent.SingleThreadEventExecutor$5.run(SingleThreadEventExecutor.java:897)
	at org.apache.ratis.thirdparty.io.netty.util.concurrent.FastThreadLocalRunnable.run(FastThreadLocalRunnable.java:30)
	... 1 more
Caused by: java.net.ConnectException: Connection refused
	... 11 more
2019-10-21 23:03:37,797 [1244ca21-2158-4cc7-9e07-ba347e145504@group-C1C12825AC52-LeaderElection1236] INFO  impl.RaftServerImpl (RaftServerImpl.java:setRole(184)) - 1244ca21-2158-4cc7-9e07-ba347e145504@group-C1C12825AC52: changes role from CANDIDATE to FOLLOWER at term 176 for DISCOVERED_A_NEW_TERM
2019-10-21 23:03:37,797 [1244ca21-2158-4cc7-9e07-ba347e145504@group-C1C12825AC52-LeaderElection1236] INFO  impl.RoleInfo (RoleInfo.java:shutdownLeaderElection(134)) - 1244ca21-2158-4cc7-9e07-ba347e145504: shutdown LeaderElection
2019-10-21 23:03:37,797 [1244ca21-2158-4cc7-9e07-ba347e145504@group-C1C12825AC52-LeaderElection1236] INFO  impl.RoleInfo (RoleInfo.java:updateAndGet(143)) - 1244ca21-2158-4cc7-9e07-ba347e145504: start FollowerState
2019-10-21 23:03:37,800 [Thread-10660] INFO  impl.FollowerState (FollowerState.java:run(108)) - 1244ca21-2158-4cc7-9e07-ba347e145504@group-C1C12825AC52-FollowerState: change to CANDIDATE, lastRpcTime:2ms, electionTimeout:2ms
2019-10-21 23:03:37,800 [Thread-10660] INFO  impl.RoleInfo (RoleInfo.java:shutdownFollowerState(121)) - 1244ca21-2158-4cc7-9e07-ba347e145504: shutdown FollowerState
2019-10-21 23:03:37,800 [Thread-10660] INFO  impl.RaftServerImpl (RaftServerImpl.java:setRole(184)) - 1244ca21-2158-4cc7-9e07-ba347e145504@group-C1C12825AC52: changes role from  FOLLOWER to CANDIDATE at term 176 for changeToCandidate
2019-10-21 23:03:37,800 [Thread-10660] INFO  impl.RoleInfo (RoleInfo.java:updateAndGet(143)) - 1244ca21-2158-4cc7-9e07-ba347e145504: start LeaderElection
2019-10-21 23:03:37,819 [1244ca21-2158-4cc7-9e07-ba347e145504@group-C1C12825AC52-LeaderElection1237] INFO  impl.LeaderElection (LeaderElection.java:askForVotes(178)) - 1244ca21-2158-4cc7-9e07-ba347e145504@group-C1C12825AC52-LeaderElection1237: begin an election at term 177 for -1: [1244ca21-2158-4cc7-9e07-ba347e145504:192.168.69.118:43370, 7c107f1d-8592-48e3-af71-5982c0af1f56:192.168.69.118:36514, d10c8639-03b1-4f19-ac0f-6419d7578d59:192.168.69.118:37568], old=null
2019-10-21 23:03:37,820 [1244ca21-2158-4cc7-9e07-ba347e145504@group-C1C12825AC52-LeaderElection1237] INFO  impl.LeaderElection (LogUtils.java:infoOrTrace(149)) - 1244ca21-2158-4cc7-9e07-ba347e145504@group-C1C12825AC52-LeaderElection1237 got exception when requesting votes: {}
java.util.concurrent.ExecutionException: org.apache.ratis.thirdparty.io.grpc.StatusRuntimeException: UNAVAILABLE: io exception
	at java.util.concurrent.FutureTask.report(FutureTask.java:122)
	at java.util.concurrent.FutureTask.get(FutureTask.java:192)
	at org.apache.ratis.server.impl.LeaderElection.waitForResults(LeaderElection.java:259)
	at org.apache.ratis.server.impl.LeaderElection.askForVotes(LeaderElection.java:197)
	at org.apache.ratis.server.impl.LeaderElection.run(LeaderElection.java:133)
	at java.lang.Thread.run(Thread.java:748)
Caused by: org.apache.ratis.thirdparty.io.grpc.StatusRuntimeException: UNAVAILABLE: io exception
	at org.apache.ratis.thirdparty.io.grpc.stub.ClientCalls.toStatusRuntimeException(ClientCalls.java:233)
	at org.apache.ratis.thirdparty.io.grpc.stub.ClientCalls.getUnchecked(ClientCalls.java:214)
	at org.apache.ratis.thirdparty.io.grpc.stub.ClientCalls.blockingUnaryCall(ClientCalls.java:139)
	at org.apache.ratis.proto.grpc.RaftServerProtocolServiceGrpc$RaftServerProtocolServiceBlockingStub.requestVote(RaftServerProtocolServiceGrpc.java:265)
	at org.apache.ratis.grpc.server.GrpcServerProtocolClient.requestVote(GrpcServerProtocolClient.java:99)
	at org.apache.ratis.grpc.server.GrpcService.requestVote(GrpcService.java:204)
	at org.apache.ratis.server.impl.LeaderElection.lambda$submitRequests$1(LeaderElection.java:234)
	at java.util.concurrent.FutureTask.run(FutureTask.java:266)
	at java.util.concurrent.Executors$RunnableAdapter.call(Executors.java:511)
	at java.util.concurrent.FutureTask.run(FutureTask.java:266)
	at java.util.concurrent.ThreadPoolExecutor.runWorker(ThreadPoolExecutor.java:1149)
	at java.util.concurrent.ThreadPoolExecutor$Worker.run(ThreadPoolExecutor.java:624)
	... 1 more
Caused by: org.apache.ratis.thirdparty.io.netty.channel.AbstractChannel$AnnotatedConnectException: Connection refused: /192.168.69.118:37568
	at sun.nio.ch.SocketChannelImpl.checkConnect(Native Method)
	at sun.nio.ch.SocketChannelImpl.finishConnect(SocketChannelImpl.java:717)
	at org.apache.ratis.thirdparty.io.netty.channel.socket.nio.NioSocketChannel.doFinishConnect(NioSocketChannel.java:327)
	at org.apache.ratis.thirdparty.io.netty.channel.nio.AbstractNioChannel$AbstractNioUnsafe.finishConnect(AbstractNioChannel.java:340)
	at org.apache.ratis.thirdparty.io.netty.channel.nio.NioEventLoop.processSelectedKey(NioEventLoop.java:632)
	at org.apache.ratis.thirdparty.io.netty.channel.nio.NioEventLoop.processSelectedKeysOptimized(NioEventLoop.java:579)
	at org.apache.ratis.thirdparty.io.netty.channel.nio.NioEventLoop.processSelectedKeys(NioEventLoop.java:496)
	at org.apache.ratis.thirdparty.io.netty.channel.nio.NioEventLoop.run(NioEventLoop.java:458)
	at org.apache.ratis.thirdparty.io.netty.util.concurrent.SingleThreadEventExecutor$5.run(SingleThreadEventExecutor.java:897)
	at org.apache.ratis.thirdparty.io.netty.util.concurrent.FastThreadLocalRunnable.run(FastThreadLocalRunnable.java:30)
	... 1 more
Caused by: java.net.ConnectException: Connection refused
	... 11 more
2019-10-21 23:03:37,821 [grpc-default-executor-6] INFO  impl.RaftServerImpl (RaftServerImpl.java:setRole(184)) - 7c107f1d-8592-48e3-af71-5982c0af1f56@group-C1C12825AC52: changes role from  FOLLOWER to FOLLOWER at term 177 for recognizeCandidate:1244ca21-2158-4cc7-9e07-ba347e145504
2019-10-21 23:03:37,821 [grpc-default-executor-6] INFO  impl.RoleInfo (RoleInfo.java:shutdownFollowerState(121)) - 7c107f1d-8592-48e3-af71-5982c0af1f56: shutdown FollowerState
2019-10-21 23:03:37,821 [grpc-default-executor-6] INFO  impl.RoleInfo (RoleInfo.java:updateAndGet(143)) - 7c107f1d-8592-48e3-af71-5982c0af1f56: start FollowerState
2019-10-21 23:03:37,821 [Thread-10659] INFO  impl.FollowerState (FollowerState.java:run(117)) - 7c107f1d-8592-48e3-af71-5982c0af1f56@group-C1C12825AC52-FollowerState was interrupted: java.lang.InterruptedException: sleep interrupted
2019-10-21 23:03:37,857 [1244ca21-2158-4cc7-9e07-ba347e145504@group-C1C12825AC52-LeaderElection1237] INFO  impl.LeaderElection (LeaderElection.java:logAndReturn(56)) - 1244ca21-2158-4cc7-9e07-ba347e145504@group-C1C12825AC52-LeaderElection1237: Election REJECTED; received 1 response(s) [1244ca21-2158-4cc7-9e07-ba347e145504<-7c107f1d-8592-48e3-af71-5982c0af1f56#0:FAIL-t177] and 1 exception(s); 1244ca21-2158-4cc7-9e07-ba347e145504@group-C1C12825AC52:t177, leader=null, voted=1244ca21-2158-4cc7-9e07-ba347e145504, raftlog=1244ca21-2158-4cc7-9e07-ba347e145504@group-C1C12825AC52-SegmentedRaftLog:OPENED:c-1,f-1,i0, conf=-1: [1244ca21-2158-4cc7-9e07-ba347e145504:192.168.69.118:43370, 7c107f1d-8592-48e3-af71-5982c0af1f56:192.168.69.118:36514, d10c8639-03b1-4f19-ac0f-6419d7578d59:192.168.69.118:37568], old=null
2019-10-21 23:03:37,857 [1244ca21-2158-4cc7-9e07-ba347e145504@group-C1C12825AC52-LeaderElection1237] INFO  impl.LeaderElection (LogUtils.java:infoOrTrace(149)) -   Exception 0: {}
java.util.concurrent.ExecutionException: org.apache.ratis.thirdparty.io.grpc.StatusRuntimeException: UNAVAILABLE: io exception
	at java.util.concurrent.FutureTask.report(FutureTask.java:122)
	at java.util.concurrent.FutureTask.get(FutureTask.java:192)
	at org.apache.ratis.server.impl.LeaderElection.waitForResults(LeaderElection.java:259)
	at org.apache.ratis.server.impl.LeaderElection.askForVotes(LeaderElection.java:197)
	at org.apache.ratis.server.impl.LeaderElection.run(LeaderElection.java:133)
	at java.lang.Thread.run(Thread.java:748)
Caused by: org.apache.ratis.thirdparty.io.grpc.StatusRuntimeException: UNAVAILABLE: io exception
	at org.apache.ratis.thirdparty.io.grpc.stub.ClientCalls.toStatusRuntimeException(ClientCalls.java:233)
	at org.apache.ratis.thirdparty.io.grpc.stub.ClientCalls.getUnchecked(ClientCalls.java:214)
	at org.apache.ratis.thirdparty.io.grpc.stub.ClientCalls.blockingUnaryCall(ClientCalls.java:139)
	at org.apache.ratis.proto.grpc.RaftServerProtocolServiceGrpc$RaftServerProtocolServiceBlockingStub.requestVote(RaftServerProtocolServiceGrpc.java:265)
	at org.apache.ratis.grpc.server.GrpcServerProtocolClient.requestVote(GrpcServerProtocolClient.java:99)
	at org.apache.ratis.grpc.server.GrpcService.requestVote(GrpcService.java:204)
	at org.apache.ratis.server.impl.LeaderElection.lambda$submitRequests$1(LeaderElection.java:234)
	at java.util.concurrent.FutureTask.run(FutureTask.java:266)
	at java.util.concurrent.Executors$RunnableAdapter.call(Executors.java:511)
	at java.util.concurrent.FutureTask.run(FutureTask.java:266)
	at java.util.concurrent.ThreadPoolExecutor.runWorker(ThreadPoolExecutor.java:1149)
	at java.util.concurrent.ThreadPoolExecutor$Worker.run(ThreadPoolExecutor.java:624)
	... 1 more
Caused by: org.apache.ratis.thirdparty.io.netty.channel.AbstractChannel$AnnotatedConnectException: Connection refused: /192.168.69.118:37568
	at sun.nio.ch.SocketChannelImpl.checkConnect(Native Method)
	at sun.nio.ch.SocketChannelImpl.finishConnect(SocketChannelImpl.java:717)
	at org.apache.ratis.thirdparty.io.netty.channel.socket.nio.NioSocketChannel.doFinishConnect(NioSocketChannel.java:327)
	at org.apache.ratis.thirdparty.io.netty.channel.nio.AbstractNioChannel$AbstractNioUnsafe.finishConnect(AbstractNioChannel.java:340)
	at org.apache.ratis.thirdparty.io.netty.channel.nio.NioEventLoop.processSelectedKey(NioEventLoop.java:632)
	at org.apache.ratis.thirdparty.io.netty.channel.nio.NioEventLoop.processSelectedKeysOptimized(NioEventLoop.java:579)
	at org.apache.ratis.thirdparty.io.netty.channel.nio.NioEventLoop.processSelectedKeys(NioEventLoop.java:496)
	at org.apache.ratis.thirdparty.io.netty.channel.nio.NioEventLoop.run(NioEventLoop.java:458)
	at org.apache.ratis.thirdparty.io.netty.util.concurrent.SingleThreadEventExecutor$5.run(SingleThreadEventExecutor.java:897)
	at org.apache.ratis.thirdparty.io.netty.util.concurrent.FastThreadLocalRunnable.run(FastThreadLocalRunnable.java:30)
	... 1 more
Caused by: java.net.ConnectException: Connection refused
	... 11 more
2019-10-21 23:03:37,858 [1244ca21-2158-4cc7-9e07-ba347e145504@group-C1C12825AC52-LeaderElection1237] INFO  impl.RaftServerImpl (RaftServerImpl.java:setRole(184)) - 1244ca21-2158-4cc7-9e07-ba347e145504@group-C1C12825AC52: changes role from CANDIDATE to FOLLOWER at term 177 for DISCOVERED_A_NEW_TERM
2019-10-21 23:03:37,858 [1244ca21-2158-4cc7-9e07-ba347e145504@group-C1C12825AC52-LeaderElection1237] INFO  impl.RoleInfo (RoleInfo.java:shutdownLeaderElection(134)) - 1244ca21-2158-4cc7-9e07-ba347e145504: shutdown LeaderElection
2019-10-21 23:03:37,858 [1244ca21-2158-4cc7-9e07-ba347e145504@group-C1C12825AC52-LeaderElection1237] INFO  impl.RoleInfo (RoleInfo.java:updateAndGet(143)) - 1244ca21-2158-4cc7-9e07-ba347e145504: start FollowerState
2019-10-21 23:03:37,928 [Thread-10665] INFO  impl.FollowerState (FollowerState.java:run(108)) - 1244ca21-2158-4cc7-9e07-ba347e145504@group-C1C12825AC52-FollowerState: change to CANDIDATE, lastRpcTime:70ms, electionTimeout:70ms
2019-10-21 23:03:37,928 [Thread-10665] INFO  impl.RoleInfo (RoleInfo.java:shutdownFollowerState(121)) - 1244ca21-2158-4cc7-9e07-ba347e145504: shutdown FollowerState
2019-10-21 23:03:37,929 [Thread-10665] INFO  impl.RaftServerImpl (RaftServerImpl.java:setRole(184)) - 1244ca21-2158-4cc7-9e07-ba347e145504@group-C1C12825AC52: changes role from  FOLLOWER to CANDIDATE at term 177 for changeToCandidate
2019-10-21 23:03:37,929 [Thread-10665] INFO  impl.RoleInfo (RoleInfo.java:updateAndGet(143)) - 1244ca21-2158-4cc7-9e07-ba347e145504: start LeaderElection
2019-10-21 23:03:37,942 [1244ca21-2158-4cc7-9e07-ba347e145504@group-C1C12825AC52-LeaderElection1238] INFO  impl.LeaderElection (LeaderElection.java:askForVotes(178)) - 1244ca21-2158-4cc7-9e07-ba347e145504@group-C1C12825AC52-LeaderElection1238: begin an election at term 178 for -1: [1244ca21-2158-4cc7-9e07-ba347e145504:192.168.69.118:43370, 7c107f1d-8592-48e3-af71-5982c0af1f56:192.168.69.118:36514, d10c8639-03b1-4f19-ac0f-6419d7578d59:192.168.69.118:37568], old=null
2019-10-21 23:03:37,943 [1244ca21-2158-4cc7-9e07-ba347e145504@group-C1C12825AC52-LeaderElection1238] INFO  impl.LeaderElection (LogUtils.java:infoOrTrace(149)) - 1244ca21-2158-4cc7-9e07-ba347e145504@group-C1C12825AC52-LeaderElection1238 got exception when requesting votes: {}
java.util.concurrent.ExecutionException: org.apache.ratis.thirdparty.io.grpc.StatusRuntimeException: UNAVAILABLE: io exception
	at java.util.concurrent.FutureTask.report(FutureTask.java:122)
	at java.util.concurrent.FutureTask.get(FutureTask.java:192)
	at org.apache.ratis.server.impl.LeaderElection.waitForResults(LeaderElection.java:259)
	at org.apache.ratis.server.impl.LeaderElection.askForVotes(LeaderElection.java:197)
	at org.apache.ratis.server.impl.LeaderElection.run(LeaderElection.java:133)
	at java.lang.Thread.run(Thread.java:748)
Caused by: org.apache.ratis.thirdparty.io.grpc.StatusRuntimeException: UNAVAILABLE: io exception
	at org.apache.ratis.thirdparty.io.grpc.stub.ClientCalls.toStatusRuntimeException(ClientCalls.java:233)
	at org.apache.ratis.thirdparty.io.grpc.stub.ClientCalls.getUnchecked(ClientCalls.java:214)
	at org.apache.ratis.thirdparty.io.grpc.stub.ClientCalls.blockingUnaryCall(ClientCalls.java:139)
	at org.apache.ratis.proto.grpc.RaftServerProtocolServiceGrpc$RaftServerProtocolServiceBlockingStub.requestVote(RaftServerProtocolServiceGrpc.java:265)
	at org.apache.ratis.grpc.server.GrpcServerProtocolClient.requestVote(GrpcServerProtocolClient.java:99)
	at org.apache.ratis.grpc.server.GrpcService.requestVote(GrpcService.java:204)
	at org.apache.ratis.server.impl.LeaderElection.lambda$submitRequests$1(LeaderElection.java:234)
	at java.util.concurrent.FutureTask.run(FutureTask.java:266)
	at java.util.concurrent.Executors$RunnableAdapter.call(Executors.java:511)
	at java.util.concurrent.FutureTask.run(FutureTask.java:266)
	at java.util.concurrent.ThreadPoolExecutor.runWorker(ThreadPoolExecutor.java:1149)
	at java.util.concurrent.ThreadPoolExecutor$Worker.run(ThreadPoolExecutor.java:624)
	... 1 more
Caused by: org.apache.ratis.thirdparty.io.netty.channel.AbstractChannel$AnnotatedConnectException: Connection refused: /192.168.69.118:37568
	at sun.nio.ch.SocketChannelImpl.checkConnect(Native Method)
	at sun.nio.ch.SocketChannelImpl.finishConnect(SocketChannelImpl.java:717)
	at org.apache.ratis.thirdparty.io.netty.channel.socket.nio.NioSocketChannel.doFinishConnect(NioSocketChannel.java:327)
	at org.apache.ratis.thirdparty.io.netty.channel.nio.AbstractNioChannel$AbstractNioUnsafe.finishConnect(AbstractNioChannel.java:340)
	at org.apache.ratis.thirdparty.io.netty.channel.nio.NioEventLoop.processSelectedKey(NioEventLoop.java:632)
	at org.apache.ratis.thirdparty.io.netty.channel.nio.NioEventLoop.processSelectedKeysOptimized(NioEventLoop.java:579)
	at org.apache.ratis.thirdparty.io.netty.channel.nio.NioEventLoop.processSelectedKeys(NioEventLoop.java:496)
	at org.apache.ratis.thirdparty.io.netty.channel.nio.NioEventLoop.run(NioEventLoop.java:458)
	at org.apache.ratis.thirdparty.io.netty.util.concurrent.SingleThreadEventExecutor$5.run(SingleThreadEventExecutor.java:897)
	at org.apache.ratis.thirdparty.io.netty.util.concurrent.FastThreadLocalRunnable.run(FastThreadLocalRunnable.java:30)
	... 1 more
Caused by: java.net.ConnectException: Connection refused
	... 11 more
2019-10-21 23:03:37,944 [grpc-default-executor-6] INFO  impl.RaftServerImpl (RaftServerImpl.java:setRole(184)) - 7c107f1d-8592-48e3-af71-5982c0af1f56@group-C1C12825AC52: changes role from  FOLLOWER to FOLLOWER at term 178 for recognizeCandidate:1244ca21-2158-4cc7-9e07-ba347e145504
2019-10-21 23:03:37,944 [grpc-default-executor-6] INFO  impl.RoleInfo (RoleInfo.java:shutdownFollowerState(121)) - 7c107f1d-8592-48e3-af71-5982c0af1f56: shutdown FollowerState
2019-10-21 23:03:37,944 [grpc-default-executor-6] INFO  impl.RoleInfo (RoleInfo.java:updateAndGet(143)) - 7c107f1d-8592-48e3-af71-5982c0af1f56: start FollowerState
2019-10-21 23:03:37,944 [Thread-10664] INFO  impl.FollowerState (FollowerState.java:run(117)) - 7c107f1d-8592-48e3-af71-5982c0af1f56@group-C1C12825AC52-FollowerState was interrupted: java.lang.InterruptedException: sleep interrupted
2019-10-21 23:03:37,959 [1244ca21-2158-4cc7-9e07-ba347e145504@group-C1C12825AC52-LeaderElection1238] INFO  impl.LeaderElection (LeaderElection.java:logAndReturn(56)) - 1244ca21-2158-4cc7-9e07-ba347e145504@group-C1C12825AC52-LeaderElection1238: Election REJECTED; received 1 response(s) [1244ca21-2158-4cc7-9e07-ba347e145504<-7c107f1d-8592-48e3-af71-5982c0af1f56#0:FAIL-t178] and 1 exception(s); 1244ca21-2158-4cc7-9e07-ba347e145504@group-C1C12825AC52:t178, leader=null, voted=1244ca21-2158-4cc7-9e07-ba347e145504, raftlog=1244ca21-2158-4cc7-9e07-ba347e145504@group-C1C12825AC52-SegmentedRaftLog:OPENED:c-1,f-1,i0, conf=-1: [1244ca21-2158-4cc7-9e07-ba347e145504:192.168.69.118:43370, 7c107f1d-8592-48e3-af71-5982c0af1f56:192.168.69.118:36514, d10c8639-03b1-4f19-ac0f-6419d7578d59:192.168.69.118:37568], old=null
2019-10-21 23:03:37,959 [1244ca21-2158-4cc7-9e07-ba347e145504@group-C1C12825AC52-LeaderElection1238] INFO  impl.LeaderElection (LogUtils.java:infoOrTrace(149)) -   Exception 0: {}
java.util.concurrent.ExecutionException: org.apache.ratis.thirdparty.io.grpc.StatusRuntimeException: UNAVAILABLE: io exception
	at java.util.concurrent.FutureTask.report(FutureTask.java:122)
	at java.util.concurrent.FutureTask.get(FutureTask.java:192)
	at org.apache.ratis.server.impl.LeaderElection.waitForResults(LeaderElection.java:259)
	at org.apache.ratis.server.impl.LeaderElection.askForVotes(LeaderElection.java:197)
	at org.apache.ratis.server.impl.LeaderElection.run(LeaderElection.java:133)
	at java.lang.Thread.run(Thread.java:748)
Caused by: org.apache.ratis.thirdparty.io.grpc.StatusRuntimeException: UNAVAILABLE: io exception
	at org.apache.ratis.thirdparty.io.grpc.stub.ClientCalls.toStatusRuntimeException(ClientCalls.java:233)
	at org.apache.ratis.thirdparty.io.grpc.stub.ClientCalls.getUnchecked(ClientCalls.java:214)
	at org.apache.ratis.thirdparty.io.grpc.stub.ClientCalls.blockingUnaryCall(ClientCalls.java:139)
	at org.apache.ratis.proto.grpc.RaftServerProtocolServiceGrpc$RaftServerProtocolServiceBlockingStub.requestVote(RaftServerProtocolServiceGrpc.java:265)
	at org.apache.ratis.grpc.server.GrpcServerProtocolClient.requestVote(GrpcServerProtocolClient.java:99)
	at org.apache.ratis.grpc.server.GrpcService.requestVote(GrpcService.java:204)
	at org.apache.ratis.server.impl.LeaderElection.lambda$submitRequests$1(LeaderElection.java:234)
	at java.util.concurrent.FutureTask.run(FutureTask.java:266)
	at java.util.concurrent.Executors$RunnableAdapter.call(Executors.java:511)
	at java.util.concurrent.FutureTask.run(FutureTask.java:266)
	at java.util.concurrent.ThreadPoolExecutor.runWorker(ThreadPoolExecutor.java:1149)
	at java.util.concurrent.ThreadPoolExecutor$Worker.run(ThreadPoolExecutor.java:624)
	... 1 more
Caused by: org.apache.ratis.thirdparty.io.netty.channel.AbstractChannel$AnnotatedConnectException: Connection refused: /192.168.69.118:37568
	at sun.nio.ch.SocketChannelImpl.checkConnect(Native Method)
	at sun.nio.ch.SocketChannelImpl.finishConnect(SocketChannelImpl.java:717)
	at org.apache.ratis.thirdparty.io.netty.channel.socket.nio.NioSocketChannel.doFinishConnect(NioSocketChannel.java:327)
	at org.apache.ratis.thirdparty.io.netty.channel.nio.AbstractNioChannel$AbstractNioUnsafe.finishConnect(AbstractNioChannel.java:340)
	at org.apache.ratis.thirdparty.io.netty.channel.nio.NioEventLoop.processSelectedKey(NioEventLoop.java:632)
	at org.apache.ratis.thirdparty.io.netty.channel.nio.NioEventLoop.processSelectedKeysOptimized(NioEventLoop.java:579)
	at org.apache.ratis.thirdparty.io.netty.channel.nio.NioEventLoop.processSelectedKeys(NioEventLoop.java:496)
	at org.apache.ratis.thirdparty.io.netty.channel.nio.NioEventLoop.run(NioEventLoop.java:458)
	at org.apache.ratis.thirdparty.io.netty.util.concurrent.SingleThreadEventExecutor$5.run(SingleThreadEventExecutor.java:897)
	at org.apache.ratis.thirdparty.io.netty.util.concurrent.FastThreadLocalRunnable.run(FastThreadLocalRunnable.java:30)
	... 1 more
Caused by: java.net.ConnectException: Connection refused
	... 11 more
2019-10-21 23:03:37,960 [1244ca21-2158-4cc7-9e07-ba347e145504@group-C1C12825AC52-LeaderElection1238] INFO  impl.RaftServerImpl (RaftServerImpl.java:setRole(184)) - 1244ca21-2158-4cc7-9e07-ba347e145504@group-C1C12825AC52: changes role from CANDIDATE to FOLLOWER at term 178 for DISCOVERED_A_NEW_TERM
2019-10-21 23:03:37,960 [1244ca21-2158-4cc7-9e07-ba347e145504@group-C1C12825AC52-LeaderElection1238] INFO  impl.RoleInfo (RoleInfo.java:shutdownLeaderElection(134)) - 1244ca21-2158-4cc7-9e07-ba347e145504: shutdown LeaderElection
2019-10-21 23:03:37,960 [1244ca21-2158-4cc7-9e07-ba347e145504@group-C1C12825AC52-LeaderElection1238] INFO  impl.RoleInfo (RoleInfo.java:updateAndGet(143)) - 1244ca21-2158-4cc7-9e07-ba347e145504: start FollowerState
2019-10-21 23:03:38,079 [Thread-10670] INFO  impl.FollowerState (FollowerState.java:run(108)) - 1244ca21-2158-4cc7-9e07-ba347e145504@group-C1C12825AC52-FollowerState: change to CANDIDATE, lastRpcTime:119ms, electionTimeout:119ms
2019-10-21 23:03:38,080 [Thread-10670] INFO  impl.RoleInfo (RoleInfo.java:shutdownFollowerState(121)) - 1244ca21-2158-4cc7-9e07-ba347e145504: shutdown FollowerState
2019-10-21 23:03:38,080 [Thread-10670] INFO  impl.RaftServerImpl (RaftServerImpl.java:setRole(184)) - 1244ca21-2158-4cc7-9e07-ba347e145504@group-C1C12825AC52: changes role from  FOLLOWER to CANDIDATE at term 178 for changeToCandidate
2019-10-21 23:03:38,080 [Thread-10670] INFO  impl.RoleInfo (RoleInfo.java:updateAndGet(143)) - 1244ca21-2158-4cc7-9e07-ba347e145504: start LeaderElection
2019-10-21 23:03:38,095 [ForkJoinPool.commonPool-worker-0] INFO  ozoneimpl.OzoneContainer (OzoneContainer.java:stop(227)) - Attempting to stop container services.
2019-10-21 23:03:38,095 [main] INFO  ozoneimpl.OzoneContainer (OzoneContainer.java:stop(227)) - Attempting to stop container services.
2019-10-21 23:03:38,096 [ForkJoinPool.commonPool-worker-0] INFO  impl.RaftServerProxy (RaftServerProxy.java:lambda$close$4(314)) - 1244ca21-2158-4cc7-9e07-ba347e145504: close
2019-10-21 23:03:38,096 [main] INFO  impl.RaftServerProxy (RaftServerProxy.java:lambda$close$4(314)) - 9aaebd24-66cb-4b96-a722-f4b7b0063a4e: close
2019-10-21 23:03:38,096 [ForkJoinPool.commonPool-worker-0] INFO  impl.RaftServerImpl (RaftServerImpl.java:lambda$shutdown$3(261)) - 1244ca21-2158-4cc7-9e07-ba347e145504@group-C1C12825AC52: shutdown
2019-10-21 23:03:38,096 [main] INFO  impl.RaftServerImpl (RaftServerImpl.java:lambda$shutdown$3(261)) - 9aaebd24-66cb-4b96-a722-f4b7b0063a4e@group-7CEDB5923D7C: shutdown
2019-10-21 23:03:38,096 [ForkJoinPool.commonPool-worker-0] INFO  util.JmxRegister (JmxRegister.java:unregister(73)) - Successfully un-registered JMX Bean with object name Ratis:service=RaftServer,group=group-C1C12825AC52,id=1244ca21-2158-4cc7-9e07-ba347e145504
2019-10-21 23:03:38,097 [main] INFO  util.JmxRegister (JmxRegister.java:unregister(73)) - Successfully un-registered JMX Bean with object name Ratis:service=RaftServer,group=group-7CEDB5923D7C,id=9aaebd24-66cb-4b96-a722-f4b7b0063a4e
2019-10-21 23:03:38,097 [ForkJoinPool.commonPool-worker-0] INFO  impl.RoleInfo (RoleInfo.java:shutdownLeaderElection(134)) - 1244ca21-2158-4cc7-9e07-ba347e145504: shutdown LeaderElection
2019-10-21 23:03:38,097 [main] INFO  impl.RoleInfo (RoleInfo.java:shutdownLeaderState(104)) - 9aaebd24-66cb-4b96-a722-f4b7b0063a4e: shutdown LeaderState
2019-10-21 23:03:38,097 [ForkJoinPool.commonPool-worker-0] INFO  impl.StateMachineUpdater (StateMachineUpdater.java:stopAndJoin(136)) - 1244ca21-2158-4cc7-9e07-ba347e145504@group-C1C12825AC52-StateMachineUpdater: set stopIndex = -1
2019-10-21 23:03:38,097 [main] INFO  impl.PendingRequests (PendingRequests.java:sendNotLeaderResponses(202)) - 9aaebd24-66cb-4b96-a722-f4b7b0063a4e@group-7CEDB5923D7C-PendingRequests: sendNotLeaderResponses
2019-10-21 23:03:38,097 [ForkJoinPool.commonPool-worker-0] INFO  impl.RaftServerImpl (ServerState.java:close(388)) - 1244ca21-2158-4cc7-9e07-ba347e145504@group-C1C12825AC52: closes. applyIndex: -1
2019-10-21 23:03:38,098 [main] INFO  impl.StateMachineUpdater (StateMachineUpdater.java:stopAndJoin(136)) - 9aaebd24-66cb-4b96-a722-f4b7b0063a4e@group-7CEDB5923D7C-StateMachineUpdater: set stopIndex = 0
2019-10-21 23:03:38,098 [1244ca21-2158-4cc7-9e07-ba347e145504@group-C1C12825AC52-SegmentedRaftLogWorker] INFO  segmented.SegmentedRaftLogWorker (SegmentedRaftLogWorker.java:run(316)) - 1244ca21-2158-4cc7-9e07-ba347e145504@group-C1C12825AC52-SegmentedRaftLogWorker was interrupted, exiting. There are 0 tasks remaining in the queue.
2019-10-21 23:03:38,098 [ForkJoinPool.commonPool-worker-0] INFO  segmented.SegmentedRaftLogWorker (SegmentedRaftLogWorker.java:close(224)) - 1244ca21-2158-4cc7-9e07-ba347e145504@group-C1C12825AC52-SegmentedRaftLogWorker close()
2019-10-21 23:03:38,098 [main] INFO  impl.RaftServerImpl (ServerState.java:close(388)) - 9aaebd24-66cb-4b96-a722-f4b7b0063a4e@group-7CEDB5923D7C: closes. applyIndex: 0
2019-10-21 23:03:38,104 [ForkJoinPool.commonPool-worker-0] INFO  impl.RaftServerImpl (RaftServerImpl.java:lambda$shutdown$3(261)) - 1244ca21-2158-4cc7-9e07-ba347e145504@group-0242A18271E8: shutdown
2019-10-21 23:03:38,104 [ForkJoinPool.commonPool-worker-0] INFO  util.JmxRegister (JmxRegister.java:unregister(73)) - Successfully un-registered JMX Bean with object name Ratis:service=RaftServer,group=group-0242A18271E8,id=1244ca21-2158-4cc7-9e07-ba347e145504
2019-10-21 23:03:38,104 [1244ca21-2158-4cc7-9e07-ba347e145504@group-C1C12825AC52-LeaderElection1239] INFO  impl.LeaderElection (LeaderElection.java:askForVotes(178)) - 1244ca21-2158-4cc7-9e07-ba347e145504@group-C1C12825AC52-LeaderElection1239: begin an election at term 179 for -1: [1244ca21-2158-4cc7-9e07-ba347e145504:192.168.69.118:43370, 7c107f1d-8592-48e3-af71-5982c0af1f56:192.168.69.118:36514, d10c8639-03b1-4f19-ac0f-6419d7578d59:192.168.69.118:37568], old=null
2019-10-21 23:03:38,104 [9aaebd24-66cb-4b96-a722-f4b7b0063a4e@group-7CEDB5923D7C-SegmentedRaftLogWorker] INFO  segmented.SegmentedRaftLogWorker (SegmentedRaftLogWorker.java:run(316)) - 9aaebd24-66cb-4b96-a722-f4b7b0063a4e@group-7CEDB5923D7C-SegmentedRaftLogWorker was interrupted, exiting. There are 0 tasks remaining in the queue.
2019-10-21 23:03:38,104 [ForkJoinPool.commonPool-worker-0] INFO  impl.RoleInfo (RoleInfo.java:shutdownLeaderState(104)) - 1244ca21-2158-4cc7-9e07-ba347e145504: shutdown LeaderState
2019-10-21 23:03:38,106 [main] INFO  segmented.SegmentedRaftLogWorker (SegmentedRaftLogWorker.java:close(224)) - 9aaebd24-66cb-4b96-a722-f4b7b0063a4e@group-7CEDB5923D7C-SegmentedRaftLogWorker close()
2019-10-21 23:03:38,106 [ForkJoinPool.commonPool-worker-0] INFO  impl.PendingRequests (PendingRequests.java:sendNotLeaderResponses(202)) - 1244ca21-2158-4cc7-9e07-ba347e145504@group-0242A18271E8-PendingRequests: sendNotLeaderResponses
2019-10-21 23:03:38,109 [main] INFO  impl.RaftServerImpl (RaftServerImpl.java:lambda$shutdown$3(261)) - 9aaebd24-66cb-4b96-a722-f4b7b0063a4e@group-2FC1C8829C54: shutdown
2019-10-21 23:03:38,109 [ForkJoinPool.commonPool-worker-0] INFO  impl.StateMachineUpdater (StateMachineUpdater.java:stopAndJoin(136)) - 1244ca21-2158-4cc7-9e07-ba347e145504@group-0242A18271E8-StateMachineUpdater: set stopIndex = 0
2019-10-21 23:03:38,109 [1244ca21-2158-4cc7-9e07-ba347e145504@group-C1C12825AC52-LeaderElection1239] INFO  impl.LeaderElection (LeaderElection.java:run(137)) - 1244ca21-2158-4cc7-9e07-ba347e145504@group-C1C12825AC52-LeaderElection1239: IllegalArgumentException is safely ignored since this is already CLOSING
java.lang.IllegalArgumentException: 1244ca21-2158-4cc7-9e07-ba347e145504@group-C1C12825AC52-SegmentedRaftLog is expected to be opened but it is CLOSED
	at org.apache.ratis.util.OpenCloseState.assertOpen(OpenCloseState.java:63)
	at org.apache.ratis.server.raftlog.RaftLog.checkLogState(RaftLog.java:102)
	at org.apache.ratis.server.raftlog.segmented.SegmentedRaftLog.getLastEntryTermIndex(SegmentedRaftLog.java:345)
	at org.apache.ratis.server.impl.LeaderElection.askForVotes(LeaderElection.java:180)
	at org.apache.ratis.server.impl.LeaderElection.run(LeaderElection.java:133)
	at java.lang.Thread.run(Thread.java:748)
Caused by: org.apache.ratis.util.OpenCloseState$CloseTrace: Close 1244ca21-2158-4cc7-9e07-ba347e145504@group-C1C12825AC52-SegmentedRaftLog
	at org.apache.ratis.util.OpenCloseState.lambda$close$1(OpenCloseState.java:109)
	at java.util.concurrent.atomic.AtomicReference.getAndUpdate(AtomicReference.java:160)
	at org.apache.ratis.util.OpenCloseState.close(OpenCloseState.java:109)
	at org.apache.ratis.server.raftlog.RaftLog.close(RaftLog.java:437)
	at org.apache.ratis.server.raftlog.segmented.SegmentedRaftLog.close(SegmentedRaftLog.java:500)
	at org.apache.ratis.server.impl.ServerState.close(ServerState.java:390)
	at org.apache.ratis.server.impl.RaftServerImpl.lambda$shutdown$3(RaftServerImpl.java:283)
	at org.apache.ratis.util.LifeCycle.lambda$checkStateAndClose$2(LifeCycle.java:231)
	at org.apache.ratis.util.LifeCycle.checkStateAndClose(LifeCycle.java:251)
	at org.apache.ratis.util.LifeCycle.checkStateAndClose(LifeCycle.java:229)
	at org.apache.ratis.server.impl.RaftServerImpl.shutdown(RaftServerImpl.java:260)
	at org.apache.ratis.server.impl.RaftServerProxy$ImplMap.lambda$close$0(RaftServerProxy.java:107)
	at java.util.stream.ForEachOps$ForEachOp$OfRef.accept(ForEachOps.java:183)
	at java.util.stream.ReferencePipeline$3$1.accept(ReferencePipeline.java:193)
	at java.util.concurrent.ConcurrentHashMap$ValueSpliterator.forEachRemaining(ConcurrentHashMap.java:3566)
	at java.util.stream.AbstractPipeline.copyInto(AbstractPipeline.java:482)
	at java.util.stream.ForEachOps$ForEachTask.compute(ForEachOps.java:290)
	at java.util.concurrent.CountedCompleter.exec(CountedCompleter.java:731)
	at java.util.concurrent.ForkJoinTask.doExec(ForkJoinTask.java:289)
	at java.util.concurrent.ForkJoinTask.doInvoke(ForkJoinTask.java:401)
	at java.util.concurrent.ForkJoinTask.invoke(ForkJoinTask.java:734)
	at java.util.stream.ForEachOps$ForEachOp.evaluateParallel(ForEachOps.java:159)
	at java.util.stream.ForEachOps$ForEachOp$OfRef.evaluateParallel(ForEachOps.java:173)
	at java.util.stream.AbstractPipeline.evaluate(AbstractPipeline.java:233)
	at java.util.stream.ReferencePipeline.forEach(ReferencePipeline.java:485)
	at org.apache.ratis.server.impl.RaftServerProxy$ImplMap.close(RaftServerProxy.java:107)
	at org.apache.ratis.server.impl.RaftServerProxy.lambda$close$4(RaftServerProxy.java:315)
	at org.apache.ratis.util.LifeCycle.lambda$checkStateAndClose$2(LifeCycle.java:231)
	at org.apache.ratis.util.LifeCycle.checkStateAndClose(LifeCycle.java:251)
	at org.apache.ratis.util.LifeCycle.checkStateAndClose(LifeCycle.java:229)
	at org.apache.ratis.server.impl.RaftServerProxy.close(RaftServerProxy.java:313)
	at org.apache.hadoop.ozone.container.common.transport.server.ratis.XceiverServerRatis.stop(XceiverServerRatis.java:448)
	at org.apache.hadoop.ozone.container.ozoneimpl.OzoneContainer.stop(OzoneContainer.java:229)
	at org.apache.hadoop.ozone.container.common.statemachine.DatanodeStateMachine.close(DatanodeStateMachine.java:270)
	at org.apache.hadoop.ozone.container.common.statemachine.DatanodeStateMachine.stopDaemon(DatanodeStateMachine.java:394)
	at org.apache.hadoop.ozone.HddsDatanodeService.stop(HddsDatanodeService.java:457)
	at org.apache.hadoop.ozone.MiniOzoneClusterImpl.stopDatanode(MiniOzoneClusterImpl.java:385)
	at java.util.stream.ForEachOps$ForEachOp$OfRef.accept(ForEachOps.java:183)
	at java.util.ArrayList$ArrayListSpliterator.forEachRemaining(ArrayList.java:1382)
	at java.util.stream.AbstractPipeline.copyInto(AbstractPipeline.java:482)
	at java.util.stream.ForEachOps$ForEachTask.compute(ForEachOps.java:290)
	at java.util.concurrent.CountedCompleter.exec(CountedCompleter.java:731)
	at java.util.concurrent.ForkJoinTask.doExec(ForkJoinTask.java:289)
	at java.util.concurrent.ForkJoinPool$WorkQueue.runTask(ForkJoinPool.java:1056)
	at java.util.concurrent.ForkJoinPool.runWorker(ForkJoinPool.java:1692)
	at java.util.concurrent.ForkJoinWorkerThread.run(ForkJoinWorkerThread.java:157)
2019-10-21 23:03:38,110 [ForkJoinPool.commonPool-worker-0] INFO  impl.RaftServerImpl (ServerState.java:close(388)) - 1244ca21-2158-4cc7-9e07-ba347e145504@group-0242A18271E8: closes. applyIndex: 0
2019-10-21 23:03:38,109 [main] INFO  util.JmxRegister (JmxRegister.java:unregister(73)) - Successfully un-registered JMX Bean with object name Ratis:service=RaftServer,group=group-2FC1C8829C54,id=9aaebd24-66cb-4b96-a722-f4b7b0063a4e
2019-10-21 23:03:38,112 [1244ca21-2158-4cc7-9e07-ba347e145504@group-0242A18271E8-SegmentedRaftLogWorker] INFO  segmented.SegmentedRaftLogWorker (SegmentedRaftLogWorker.java:run(316)) - 1244ca21-2158-4cc7-9e07-ba347e145504@group-0242A18271E8-SegmentedRaftLogWorker was interrupted, exiting. There are 0 tasks remaining in the queue.
2019-10-21 23:03:38,112 [main] INFO  impl.RoleInfo (RoleInfo.java:shutdownFollowerState(121)) - 9aaebd24-66cb-4b96-a722-f4b7b0063a4e: shutdown FollowerState
2019-10-21 23:03:38,114 [ForkJoinPool.commonPool-worker-0] INFO  segmented.SegmentedRaftLogWorker (SegmentedRaftLogWorker.java:close(224)) - 1244ca21-2158-4cc7-9e07-ba347e145504@group-0242A18271E8-SegmentedRaftLogWorker close()
2019-10-21 23:03:38,114 [Thread-9446] INFO  impl.FollowerState (FollowerState.java:run(117)) - 9aaebd24-66cb-4b96-a722-f4b7b0063a4e@group-2FC1C8829C54-FollowerState was interrupted: java.lang.InterruptedException: sleep interrupted
2019-10-21 23:03:38,114 [main] INFO  impl.StateMachineUpdater (StateMachineUpdater.java:stopAndJoin(136)) - 9aaebd24-66cb-4b96-a722-f4b7b0063a4e@group-2FC1C8829C54-StateMachineUpdater: set stopIndex = 10
2019-10-21 23:03:38,116 [ForkJoinPool.commonPool-worker-0] INFO  server.GrpcService (GrpcService.java:closeImpl(164)) - 1244ca21-2158-4cc7-9e07-ba347e145504: shutdown server with port 43370 now
2019-10-21 23:03:38,114 [9aaebd24-66cb-4b96-a722-f4b7b0063a4e@group-2FC1C8829C54-StateMachineUpdater] INFO  ratis.ContainerStateMachine (ContainerStateMachine.java:takeSnapshot(294)) - group-2FC1C8829C54: Taking a snapshot at:(t:1, i:8) file /workdir/hadoop-ozone/integration-test/target/test-dir/MiniOzoneClusterImpl-d9aa8a4b-930f-46eb-8e95-9ce1bbfd2407/datanode-5/data/ratis/f1772525-8379-4a34-84d1-2fc1c8829c54/sm/snapshot.1_8
2019-10-21 23:03:38,121 [ForkJoinPool.commonPool-worker-0] INFO  server.GrpcService (GrpcService.java:closeImpl(172)) - 1244ca21-2158-4cc7-9e07-ba347e145504: shutdown server with port 43370 successfully
2019-10-21 23:03:38,122 [refreshUsed-/workdir/hadoop-ozone/integration-test/target/test-dir/MiniOzoneClusterImpl-d9aa8a4b-930f-46eb-8e95-9ce1bbfd2407/datanode-2/data/containers] WARN  fs.CachingGetSpaceUsed (CachingGetSpaceUsed.java:run(183)) - Thread Interrupted waiting to refresh disk information: sleep interrupted
2019-10-21 23:03:38,134 [9aaebd24-66cb-4b96-a722-f4b7b0063a4e@group-2FC1C8829C54-StateMachineUpdater] INFO  ratis.ContainerStateMachine (ContainerStateMachine.java:takeSnapshot(305)) - group-2FC1C8829C54: Finished taking a snapshot at:(t:1, i:8) file:/workdir/hadoop-ozone/integration-test/target/test-dir/MiniOzoneClusterImpl-d9aa8a4b-930f-46eb-8e95-9ce1bbfd2407/datanode-5/data/ratis/f1772525-8379-4a34-84d1-2fc1c8829c54/sm/snapshot.1_8 time:21
2019-10-21 23:03:38,134 [ForkJoinPool.commonPool-worker-0] INFO  utils.BackgroundService (BackgroundService.java:shutdown(151)) - Shutting down service BlockDeletingService
2019-10-21 23:03:38,134 [9aaebd24-66cb-4b96-a722-f4b7b0063a4e@group-2FC1C8829C54-StateMachineUpdater] INFO  impl.StateMachineUpdater (StateMachineUpdater.java:takeSnapshot(269)) - 9aaebd24-66cb-4b96-a722-f4b7b0063a4e@group-2FC1C8829C54-StateMachineUpdater: Took a snapshot at index 8
2019-10-21 23:03:38,135 [9aaebd24-66cb-4b96-a722-f4b7b0063a4e@group-2FC1C8829C54-StateMachineUpdater] INFO  impl.StateMachineUpdater (StateMachineUpdater.java:lambda$new$0(84)) - 9aaebd24-66cb-4b96-a722-f4b7b0063a4e@group-2FC1C8829C54-StateMachineUpdater: snapshotIndex: updateIncreasingly -1 -> 8
2019-10-21 23:03:38,153 [ForkJoinPool.commonPool-worker-0] INFO  statemachine.DatanodeStateMachine (DatanodeStateMachine.java:stopDaemon(395)) - Ozone container server stopped.
2019-10-21 23:03:38,156 [9aaebd24-66cb-4b96-a722-f4b7b0063a4e@group-2FC1C8829C54-StateMachineUpdater] INFO  ratis.ContainerStateMachine (ContainerStateMachine.java:takeSnapshot(294)) - group-2FC1C8829C54: Taking a snapshot at:(t:1, i:8) file /workdir/hadoop-ozone/integration-test/target/test-dir/MiniOzoneClusterImpl-d9aa8a4b-930f-46eb-8e95-9ce1bbfd2407/datanode-5/data/ratis/f1772525-8379-4a34-84d1-2fc1c8829c54/sm/snapshot.1_8
2019-10-21 23:03:38,158 [ForkJoinPool.commonPool-worker-0] INFO  handler.ContextHandler (ContextHandler.java:doStop(910)) - Stopped o.e.j.w.WebAppContext@49b89425{/,null,UNAVAILABLE}{/hddsDatanode}
2019-10-21 23:03:38,159 [ForkJoinPool.commonPool-worker-0] INFO  server.AbstractConnector (AbstractConnector.java:doStop(318)) - Stopped ServerConnector@59328218{HTTP/1.1,[http/1.1]}{0.0.0.0:0}
2019-10-21 23:03:38,160 [ForkJoinPool.commonPool-worker-0] INFO  handler.ContextHandler (ContextHandler.java:doStop(910)) - Stopped o.e.j.s.ServletContextHandler@282c4da0{/static,jar:file:/home/user/.m2/repository/org/apache/hadoop/hadoop-hdds-container-service/0.5.0-SNAPSHOT/hadoop-hdds-container-service-0.5.0-SNAPSHOT.jar!/webapps/static,UNAVAILABLE}
2019-10-21 23:03:38,162 [ForkJoinPool.commonPool-worker-0] INFO  handler.ContextHandler (ContextHandler.java:doStop(910)) - Stopped o.e.j.s.ServletContextHandler@120df990{/logs,file:///workdir/hadoop-ozone/integration-test/target/log,UNAVAILABLE}
2019-10-21 23:03:38,169 [9aaebd24-66cb-4b96-a722-f4b7b0063a4e@group-2FC1C8829C54-StateMachineUpdater] INFO  ratis.ContainerStateMachine (ContainerStateMachine.java:takeSnapshot(305)) - group-2FC1C8829C54: Finished taking a snapshot at:(t:1, i:8) file:/workdir/hadoop-ozone/integration-test/target/test-dir/MiniOzoneClusterImpl-d9aa8a4b-930f-46eb-8e95-9ce1bbfd2407/datanode-5/data/ratis/f1772525-8379-4a34-84d1-2fc1c8829c54/sm/snapshot.1_8 time:13
2019-10-21 23:03:38,169 [9aaebd24-66cb-4b96-a722-f4b7b0063a4e@group-2FC1C8829C54-StateMachineUpdater] INFO  impl.StateMachineUpdater (StateMachineUpdater.java:takeSnapshot(269)) - 9aaebd24-66cb-4b96-a722-f4b7b0063a4e@group-2FC1C8829C54-StateMachineUpdater: Took a snapshot at index 8
2019-10-21 23:03:38,169 [9aaebd24-66cb-4b96-a722-f4b7b0063a4e@group-2FC1C8829C54-StateMachineUpdater] INFO  impl.StateMachineUpdater (StateMachineUpdater.java:lambda$new$0(84)) - 9aaebd24-66cb-4b96-a722-f4b7b0063a4e@group-2FC1C8829C54-StateMachineUpdater: snapshotIndex: updateIncreasingly 8 -> 8
2019-10-21 23:03:38,169 [main] INFO  impl.RaftServerImpl (ServerState.java:close(388)) - 9aaebd24-66cb-4b96-a722-f4b7b0063a4e@group-2FC1C8829C54: closes. applyIndex: 10
2019-10-21 23:03:38,169 [9aaebd24-66cb-4b96-a722-f4b7b0063a4e@group-2FC1C8829C54-SegmentedRaftLogWorker] INFO  segmented.SegmentedRaftLogWorker (SegmentedRaftLogWorker.java:run(316)) - 9aaebd24-66cb-4b96-a722-f4b7b0063a4e@group-2FC1C8829C54-SegmentedRaftLogWorker was interrupted, exiting. There are 0 tasks remaining in the queue.
2019-10-21 23:03:38,171 [main] INFO  segmented.SegmentedRaftLogWorker (SegmentedRaftLogWorker.java:close(224)) - 9aaebd24-66cb-4b96-a722-f4b7b0063a4e@group-2FC1C8829C54-SegmentedRaftLogWorker close()
2019-10-21 23:03:38,173 [main] INFO  server.GrpcService (GrpcService.java:closeImpl(164)) - 9aaebd24-66cb-4b96-a722-f4b7b0063a4e: shutdown server with port 34037 now
2019-10-21 23:03:38,174 [main] INFO  server.GrpcService (GrpcService.java:closeImpl(172)) - 9aaebd24-66cb-4b96-a722-f4b7b0063a4e: shutdown server with port 34037 successfully
2019-10-21 23:03:38,174 [grpc-default-executor-5] WARN  server.GrpcServerProtocolService (LogUtils.java:warn(134)) - 9aaebd24-66cb-4b96-a722-f4b7b0063a4e: installSnapshot onError, lastRequest: 8f86521a-dea0-43d1-ae77-898e04dffe78->9aaebd24-66cb-4b96-a722-f4b7b0063a4e#50-t1, previous=(t:1, i:10), leaderCommit=10, initializing? false, entries: <empty>: org.apache.ratis.thirdparty.io.grpc.StatusRuntimeException: CANCELLED: cancelled before receiving half close
2019-10-21 23:03:38,175 [grpc-default-executor-8] WARN  server.GrpcLogAppender (LogUtils.java:warn(134)) - 8f86521a-dea0-43d1-ae77-898e04dffe78@group-2FC1C8829C54->9aaebd24-66cb-4b96-a722-f4b7b0063a4e-AppendLogResponseHandler: Failed appendEntries: org.apache.ratis.thirdparty.io.grpc.StatusRuntimeException: CANCELLED: HTTP/2 error code: CANCEL
Received Rst Stream
2019-10-21 23:03:38,176 [refreshUsed-/workdir/hadoop-ozone/integration-test/target/test-dir/MiniOzoneClusterImpl-d9aa8a4b-930f-46eb-8e95-9ce1bbfd2407/datanode-5/data/containers] WARN  fs.CachingGetSpaceUsed (CachingGetSpaceUsed.java:run(183)) - Thread Interrupted waiting to refresh disk information: sleep interrupted
2019-10-21 23:03:38,185 [main] INFO  utils.BackgroundService (BackgroundService.java:shutdown(151)) - Shutting down service BlockDeletingService
2019-10-21 23:03:38,187 [main] INFO  statemachine.DatanodeStateMachine (DatanodeStateMachine.java:stopDaemon(395)) - Ozone container server stopped.
2019-10-21 23:03:38,187 [main] INFO  handler.ContextHandler (ContextHandler.java:doStop(910)) - Stopped o.e.j.w.WebAppContext@5fb8dc01{/,null,UNAVAILABLE}{/hddsDatanode}
2019-10-21 23:03:38,188 [main] INFO  server.AbstractConnector (AbstractConnector.java:doStop(318)) - Stopped ServerConnector@3e38c472{HTTP/1.1,[http/1.1]}{0.0.0.0:0}
2019-10-21 23:03:38,188 [main] INFO  handler.ContextHandler (ContextHandler.java:doStop(910)) - Stopped o.e.j.s.ServletContextHandler@6c07add6{/static,jar:file:/home/user/.m2/repository/org/apache/hadoop/hadoop-hdds-container-service/0.5.0-SNAPSHOT/hadoop-hdds-container-service-0.5.0-SNAPSHOT.jar!/webapps/static,UNAVAILABLE}
2019-10-21 23:03:38,189 [main] INFO  handler.ContextHandler (ContextHandler.java:doStop(910)) - Stopped o.e.j.s.ServletContextHandler@267ff4df{/logs,file:///workdir/hadoop-ozone/integration-test/target/log,UNAVAILABLE}
2019-10-21 23:03:38,752 [Datanode State Machine Thread - 0] INFO  statemachine.DatanodeStateMachine (DatanodeStateMachine.java:lambda$startDaemon$0(350)) - Ozone container server started.
2019-10-21 23:03:38,873 [Datanode State Machine Thread - 0] INFO  statemachine.DatanodeStateMachine (DatanodeStateMachine.java:lambda$startDaemon$0(350)) - Ozone container server started.
2019-10-21 23:03:39,072 [Thread-10669] INFO  impl.FollowerState (FollowerState.java:run(108)) - 7c107f1d-8592-48e3-af71-5982c0af1f56@group-C1C12825AC52-FollowerState: change to CANDIDATE, lastRpcTime:1128ms, electionTimeout:1128ms
2019-10-21 23:03:39,072 [Thread-10669] INFO  impl.RoleInfo (RoleInfo.java:shutdownFollowerState(121)) - 7c107f1d-8592-48e3-af71-5982c0af1f56: shutdown FollowerState
2019-10-21 23:03:39,073 [Thread-10669] INFO  impl.RaftServerImpl (RaftServerImpl.java:setRole(184)) - 7c107f1d-8592-48e3-af71-5982c0af1f56@group-C1C12825AC52: changes role from  FOLLOWER to CANDIDATE at term 178 for changeToCandidate
2019-10-21 23:03:39,073 [Thread-10669] INFO  impl.RoleInfo (RoleInfo.java:updateAndGet(143)) - 7c107f1d-8592-48e3-af71-5982c0af1f56: start LeaderElection
2019-10-21 23:03:39,077 [7c107f1d-8592-48e3-af71-5982c0af1f56@group-C1C12825AC52-LeaderElection1240] INFO  impl.LeaderElection (LeaderElection.java:askForVotes(178)) - 7c107f1d-8592-48e3-af71-5982c0af1f56@group-C1C12825AC52-LeaderElection1240: begin an election at term 179 for 0: [1244ca21-2158-4cc7-9e07-ba347e145504:192.168.69.118:43370, 7c107f1d-8592-48e3-af71-5982c0af1f56:192.168.69.118:36514, d10c8639-03b1-4f19-ac0f-6419d7578d59:192.168.69.118:37568], old=null
2019-10-21 23:03:39,081 [7c107f1d-8592-48e3-af71-5982c0af1f56@group-C1C12825AC52-LeaderElection1240] INFO  impl.LeaderElection (LogUtils.java:infoOrTrace(149)) - 7c107f1d-8592-48e3-af71-5982c0af1f56@group-C1C12825AC52-LeaderElection1240 got exception when requesting votes: {}
java.util.concurrent.ExecutionException: org.apache.ratis.thirdparty.io.grpc.StatusRuntimeException: UNAVAILABLE: io exception
	at java.util.concurrent.FutureTask.report(FutureTask.java:122)
	at java.util.concurrent.FutureTask.get(FutureTask.java:192)
	at org.apache.ratis.server.impl.LeaderElection.waitForResults(LeaderElection.java:259)
	at org.apache.ratis.server.impl.LeaderElection.askForVotes(LeaderElection.java:197)
	at org.apache.ratis.server.impl.LeaderElection.run(LeaderElection.java:133)
	at java.lang.Thread.run(Thread.java:748)
Caused by: org.apache.ratis.thirdparty.io.grpc.StatusRuntimeException: UNAVAILABLE: io exception
	at org.apache.ratis.thirdparty.io.grpc.stub.ClientCalls.toStatusRuntimeException(ClientCalls.java:233)
	at org.apache.ratis.thirdparty.io.grpc.stub.ClientCalls.getUnchecked(ClientCalls.java:214)
	at org.apache.ratis.thirdparty.io.grpc.stub.ClientCalls.blockingUnaryCall(ClientCalls.java:139)
	at org.apache.ratis.proto.grpc.RaftServerProtocolServiceGrpc$RaftServerProtocolServiceBlockingStub.requestVote(RaftServerProtocolServiceGrpc.java:265)
	at org.apache.ratis.grpc.server.GrpcServerProtocolClient.requestVote(GrpcServerProtocolClient.java:99)
	at org.apache.ratis.grpc.server.GrpcService.requestVote(GrpcService.java:204)
	at org.apache.ratis.server.impl.LeaderElection.lambda$submitRequests$1(LeaderElection.java:234)
	at java.util.concurrent.FutureTask.run(FutureTask.java:266)
	at java.util.concurrent.Executors$RunnableAdapter.call(Executors.java:511)
	at java.util.concurrent.FutureTask.run(FutureTask.java:266)
	at java.util.concurrent.ThreadPoolExecutor.runWorker(ThreadPoolExecutor.java:1149)
	at java.util.concurrent.ThreadPoolExecutor$Worker.run(ThreadPoolExecutor.java:624)
	... 1 more
Caused by: org.apache.ratis.thirdparty.io.netty.channel.AbstractChannel$AnnotatedConnectException: Connection refused: /192.168.69.118:43370
	at sun.nio.ch.SocketChannelImpl.checkConnect(Native Method)
	at sun.nio.ch.SocketChannelImpl.finishConnect(SocketChannelImpl.java:717)
	at org.apache.ratis.thirdparty.io.netty.channel.socket.nio.NioSocketChannel.doFinishConnect(NioSocketChannel.java:327)
	at org.apache.ratis.thirdparty.io.netty.channel.nio.AbstractNioChannel$AbstractNioUnsafe.finishConnect(AbstractNioChannel.java:340)
	at org.apache.ratis.thirdparty.io.netty.channel.nio.NioEventLoop.processSelectedKey(NioEventLoop.java:632)
	at org.apache.ratis.thirdparty.io.netty.channel.nio.NioEventLoop.processSelectedKeysOptimized(NioEventLoop.java:579)
	at org.apache.ratis.thirdparty.io.netty.channel.nio.NioEventLoop.processSelectedKeys(NioEventLoop.java:496)
	at org.apache.ratis.thirdparty.io.netty.channel.nio.NioEventLoop.run(NioEventLoop.java:458)
	at org.apache.ratis.thirdparty.io.netty.util.concurrent.SingleThreadEventExecutor$5.run(SingleThreadEventExecutor.java:897)
	at org.apache.ratis.thirdparty.io.netty.util.concurrent.FastThreadLocalRunnable.run(FastThreadLocalRunnable.java:30)
	... 1 more
Caused by: java.net.ConnectException: Connection refused
	... 11 more
2019-10-21 23:03:39,081 [7c107f1d-8592-48e3-af71-5982c0af1f56@group-C1C12825AC52-LeaderElection1240] INFO  impl.LeaderElection (LogUtils.java:infoOrTrace(149)) - 7c107f1d-8592-48e3-af71-5982c0af1f56@group-C1C12825AC52-LeaderElection1240 got exception when requesting votes: {}
java.util.concurrent.ExecutionException: org.apache.ratis.thirdparty.io.grpc.StatusRuntimeException: UNAVAILABLE: io exception
	at java.util.concurrent.FutureTask.report(FutureTask.java:122)
	at java.util.concurrent.FutureTask.get(FutureTask.java:192)
	at org.apache.ratis.server.impl.LeaderElection.waitForResults(LeaderElection.java:259)
	at org.apache.ratis.server.impl.LeaderElection.askForVotes(LeaderElection.java:197)
	at org.apache.ratis.server.impl.LeaderElection.run(LeaderElection.java:133)
	at java.lang.Thread.run(Thread.java:748)
Caused by: org.apache.ratis.thirdparty.io.grpc.StatusRuntimeException: UNAVAILABLE: io exception
	at org.apache.ratis.thirdparty.io.grpc.stub.ClientCalls.toStatusRuntimeException(ClientCalls.java:233)
	at org.apache.ratis.thirdparty.io.grpc.stub.ClientCalls.getUnchecked(ClientCalls.java:214)
	at org.apache.ratis.thirdparty.io.grpc.stub.ClientCalls.blockingUnaryCall(ClientCalls.java:139)
	at org.apache.ratis.proto.grpc.RaftServerProtocolServiceGrpc$RaftServerProtocolServiceBlockingStub.requestVote(RaftServerProtocolServiceGrpc.java:265)
	at org.apache.ratis.grpc.server.GrpcServerProtocolClient.requestVote(GrpcServerProtocolClient.java:99)
	at org.apache.ratis.grpc.server.GrpcService.requestVote(GrpcService.java:204)
	at org.apache.ratis.server.impl.LeaderElection.lambda$submitRequests$1(LeaderElection.java:234)
	at java.util.concurrent.FutureTask.run(FutureTask.java:266)
	at java.util.concurrent.Executors$RunnableAdapter.call(Executors.java:511)
	at java.util.concurrent.FutureTask.run(FutureTask.java:266)
	at java.util.concurrent.ThreadPoolExecutor.runWorker(ThreadPoolExecutor.java:1149)
	at java.util.concurrent.ThreadPoolExecutor$Worker.run(ThreadPoolExecutor.java:624)
	... 1 more
Caused by: org.apache.ratis.thirdparty.io.netty.channel.AbstractChannel$AnnotatedConnectException: Connection refused: /192.168.69.118:37568
	at sun.nio.ch.SocketChannelImpl.checkConnect(Native Method)
	at sun.nio.ch.SocketChannelImpl.finishConnect(SocketChannelImpl.java:717)
	at org.apache.ratis.thirdparty.io.netty.channel.socket.nio.NioSocketChannel.doFinishConnect(NioSocketChannel.java:327)
	at org.apache.ratis.thirdparty.io.netty.channel.nio.AbstractNioChannel$AbstractNioUnsafe.finishConnect(AbstractNioChannel.java:340)
	at org.apache.ratis.thirdparty.io.netty.channel.nio.NioEventLoop.processSelectedKey(NioEventLoop.java:632)
	at org.apache.ratis.thirdparty.io.netty.channel.nio.NioEventLoop.processSelectedKeysOptimized(NioEventLoop.java:579)
	at org.apache.ratis.thirdparty.io.netty.channel.nio.NioEventLoop.processSelectedKeys(NioEventLoop.java:496)
	at org.apache.ratis.thirdparty.io.netty.channel.nio.NioEventLoop.run(NioEventLoop.java:458)
	at org.apache.ratis.thirdparty.io.netty.util.concurrent.SingleThreadEventExecutor$5.run(SingleThreadEventExecutor.java:897)
	at org.apache.ratis.thirdparty.io.netty.util.concurrent.FastThreadLocalRunnable.run(FastThreadLocalRunnable.java:30)
	... 1 more
Caused by: java.net.ConnectException: Connection refused
	... 11 more
2019-10-21 23:03:39,082 [7c107f1d-8592-48e3-af71-5982c0af1f56@group-C1C12825AC52-LeaderElection1240] INFO  impl.LeaderElection (LeaderElection.java:logAndReturn(56)) - 7c107f1d-8592-48e3-af71-5982c0af1f56@group-C1C12825AC52-LeaderElection1240: Election REJECTED; received 0 response(s) [] and 2 exception(s); 7c107f1d-8592-48e3-af71-5982c0af1f56@group-C1C12825AC52:t179, leader=null, voted=7c107f1d-8592-48e3-af71-5982c0af1f56, raftlog=7c107f1d-8592-48e3-af71-5982c0af1f56@group-C1C12825AC52-SegmentedRaftLog:OPENED:c-1,f0,i0, conf=0: [1244ca21-2158-4cc7-9e07-ba347e145504:192.168.69.118:43370, 7c107f1d-8592-48e3-af71-5982c0af1f56:192.168.69.118:36514, d10c8639-03b1-4f19-ac0f-6419d7578d59:192.168.69.118:37568], old=null
2019-10-21 23:03:39,082 [7c107f1d-8592-48e3-af71-5982c0af1f56@group-C1C12825AC52-LeaderElection1240] INFO  impl.LeaderElection (LogUtils.java:infoOrTrace(149)) -   Exception 0: {}
java.util.concurrent.ExecutionException: org.apache.ratis.thirdparty.io.grpc.StatusRuntimeException: UNAVAILABLE: io exception
	at java.util.concurrent.FutureTask.report(FutureTask.java:122)
	at java.util.concurrent.FutureTask.get(FutureTask.java:192)
	at org.apache.ratis.server.impl.LeaderElection.waitForResults(LeaderElection.java:259)
	at org.apache.ratis.server.impl.LeaderElection.askForVotes(LeaderElection.java:197)
	at org.apache.ratis.server.impl.LeaderElection.run(LeaderElection.java:133)
	at java.lang.Thread.run(Thread.java:748)
Caused by: org.apache.ratis.thirdparty.io.grpc.StatusRuntimeException: UNAVAILABLE: io exception
	at org.apache.ratis.thirdparty.io.grpc.stub.ClientCalls.toStatusRuntimeException(ClientCalls.java:233)
	at org.apache.ratis.thirdparty.io.grpc.stub.ClientCalls.getUnchecked(ClientCalls.java:214)
	at org.apache.ratis.thirdparty.io.grpc.stub.ClientCalls.blockingUnaryCall(ClientCalls.java:139)
	at org.apache.ratis.proto.grpc.RaftServerProtocolServiceGrpc$RaftServerProtocolServiceBlockingStub.requestVote(RaftServerProtocolServiceGrpc.java:265)
	at org.apache.ratis.grpc.server.GrpcServerProtocolClient.requestVote(GrpcServerProtocolClient.java:99)
	at org.apache.ratis.grpc.server.GrpcService.requestVote(GrpcService.java:204)
	at org.apache.ratis.server.impl.LeaderElection.lambda$submitRequests$1(LeaderElection.java:234)
	at java.util.concurrent.FutureTask.run(FutureTask.java:266)
	at java.util.concurrent.Executors$RunnableAdapter.call(Executors.java:511)
	at java.util.concurrent.FutureTask.run(FutureTask.java:266)
	at java.util.concurrent.ThreadPoolExecutor.runWorker(ThreadPoolExecutor.java:1149)
	at java.util.concurrent.ThreadPoolExecutor$Worker.run(ThreadPoolExecutor.java:624)
	... 1 more
Caused by: org.apache.ratis.thirdparty.io.netty.channel.AbstractChannel$AnnotatedConnectException: Connection refused: /192.168.69.118:43370
	at sun.nio.ch.SocketChannelImpl.checkConnect(Native Method)
	at sun.nio.ch.SocketChannelImpl.finishConnect(SocketChannelImpl.java:717)
	at org.apache.ratis.thirdparty.io.netty.channel.socket.nio.NioSocketChannel.doFinishConnect(NioSocketChannel.java:327)
	at org.apache.ratis.thirdparty.io.netty.channel.nio.AbstractNioChannel$AbstractNioUnsafe.finishConnect(AbstractNioChannel.java:340)
	at org.apache.ratis.thirdparty.io.netty.channel.nio.NioEventLoop.processSelectedKey(NioEventLoop.java:632)
	at org.apache.ratis.thirdparty.io.netty.channel.nio.NioEventLoop.processSelectedKeysOptimized(NioEventLoop.java:579)
	at org.apache.ratis.thirdparty.io.netty.channel.nio.NioEventLoop.processSelectedKeys(NioEventLoop.java:496)
	at org.apache.ratis.thirdparty.io.netty.channel.nio.NioEventLoop.run(NioEventLoop.java:458)
	at org.apache.ratis.thirdparty.io.netty.util.concurrent.SingleThreadEventExecutor$5.run(SingleThreadEventExecutor.java:897)
	at org.apache.ratis.thirdparty.io.netty.util.concurrent.FastThreadLocalRunnable.run(FastThreadLocalRunnable.java:30)
	... 1 more
Caused by: java.net.ConnectException: Connection refused
	... 11 more
2019-10-21 23:03:39,082 [7c107f1d-8592-48e3-af71-5982c0af1f56@group-C1C12825AC52-LeaderElection1240] INFO  impl.LeaderElection (LogUtils.java:infoOrTrace(149)) -   Exception 1: {}
java.util.concurrent.ExecutionException: org.apache.ratis.thirdparty.io.grpc.StatusRuntimeException: UNAVAILABLE: io exception
	at java.util.concurrent.FutureTask.report(FutureTask.java:122)
	at java.util.concurrent.FutureTask.get(FutureTask.java:192)
	at org.apache.ratis.server.impl.LeaderElection.waitForResults(LeaderElection.java:259)
	at org.apache.ratis.server.impl.LeaderElection.askForVotes(LeaderElection.java:197)
	at org.apache.ratis.server.impl.LeaderElection.run(LeaderElection.java:133)
	at java.lang.Thread.run(Thread.java:748)
Caused by: org.apache.ratis.thirdparty.io.grpc.StatusRuntimeException: UNAVAILABLE: io exception
	at org.apache.ratis.thirdparty.io.grpc.stub.ClientCalls.toStatusRuntimeException(ClientCalls.java:233)
	at org.apache.ratis.thirdparty.io.grpc.stub.ClientCalls.getUnchecked(ClientCalls.java:214)
	at org.apache.ratis.thirdparty.io.grpc.stub.ClientCalls.blockingUnaryCall(ClientCalls.java:139)
	at org.apache.ratis.proto.grpc.RaftServerProtocolServiceGrpc$RaftServerProtocolServiceBlockingStub.requestVote(RaftServerProtocolServiceGrpc.java:265)
	at org.apache.ratis.grpc.server.GrpcServerProtocolClient.requestVote(GrpcServerProtocolClient.java:99)
	at org.apache.ratis.grpc.server.GrpcService.requestVote(GrpcService.java:204)
	at org.apache.ratis.server.impl.LeaderElection.lambda$submitRequests$1(LeaderElection.java:234)
	at java.util.concurrent.FutureTask.run(FutureTask.java:266)
	at java.util.concurrent.Executors$RunnableAdapter.call(Executors.java:511)
	at java.util.concurrent.FutureTask.run(FutureTask.java:266)
	at java.util.concurrent.ThreadPoolExecutor.runWorker(ThreadPoolExecutor.java:1149)
	at java.util.concurrent.ThreadPoolExecutor$Worker.run(ThreadPoolExecutor.java:624)
	... 1 more
Caused by: org.apache.ratis.thirdparty.io.netty.channel.AbstractChannel$AnnotatedConnectException: Connection refused: /192.168.69.118:37568
	at sun.nio.ch.SocketChannelImpl.checkConnect(Native Method)
	at sun.nio.ch.SocketChannelImpl.finishConnect(SocketChannelImpl.java:717)
	at org.apache.ratis.thirdparty.io.netty.channel.socket.nio.NioSocketChannel.doFinishConnect(NioSocketChannel.java:327)
	at org.apache.ratis.thirdparty.io.netty.channel.nio.AbstractNioChannel$AbstractNioUnsafe.finishConnect(AbstractNioChannel.java:340)
	at org.apache.ratis.thirdparty.io.netty.channel.nio.NioEventLoop.processSelectedKey(NioEventLoop.java:632)
	at org.apache.ratis.thirdparty.io.netty.channel.nio.NioEventLoop.processSelectedKeysOptimized(NioEventLoop.java:579)
	at org.apache.ratis.thirdparty.io.netty.channel.nio.NioEventLoop.processSelectedKeys(NioEventLoop.java:496)
	at org.apache.ratis.thirdparty.io.netty.channel.nio.NioEventLoop.run(NioEventLoop.java:458)
	at org.apache.ratis.thirdparty.io.netty.util.concurrent.SingleThreadEventExecutor$5.run(SingleThreadEventExecutor.java:897)
	at org.apache.ratis.thirdparty.io.netty.util.concurrent.FastThreadLocalRunnable.run(FastThreadLocalRunnable.java:30)
	... 1 more
Caused by: java.net.ConnectException: Connection refused
	... 11 more
2019-10-21 23:03:39,083 [7c107f1d-8592-48e3-af71-5982c0af1f56@group-C1C12825AC52-LeaderElection1240] INFO  impl.RaftServerImpl (RaftServerImpl.java:setRole(184)) - 7c107f1d-8592-48e3-af71-5982c0af1f56@group-C1C12825AC52: changes role from CANDIDATE to FOLLOWER at term 179 for DISCOVERED_A_NEW_TERM
2019-10-21 23:03:39,083 [7c107f1d-8592-48e3-af71-5982c0af1f56@group-C1C12825AC52-LeaderElection1240] INFO  impl.RoleInfo (RoleInfo.java:shutdownLeaderElection(134)) - 7c107f1d-8592-48e3-af71-5982c0af1f56: shutdown LeaderElection
2019-10-21 23:03:39,083 [7c107f1d-8592-48e3-af71-5982c0af1f56@group-C1C12825AC52-LeaderElection1240] INFO  impl.RoleInfo (RoleInfo.java:updateAndGet(143)) - 7c107f1d-8592-48e3-af71-5982c0af1f56: start FollowerState
2019-10-21 23:03:40,202 [Thread-10681] INFO  impl.FollowerState (FollowerState.java:run(108)) - 7c107f1d-8592-48e3-af71-5982c0af1f56@group-C1C12825AC52-FollowerState: change to CANDIDATE, lastRpcTime:1119ms, electionTimeout:1119ms
2019-10-21 23:03:40,202 [Thread-10681] INFO  impl.RoleInfo (RoleInfo.java:shutdownFollowerState(121)) - 7c107f1d-8592-48e3-af71-5982c0af1f56: shutdown FollowerState
2019-10-21 23:03:40,202 [Thread-10681] INFO  impl.RaftServerImpl (RaftServerImpl.java:setRole(184)) - 7c107f1d-8592-48e3-af71-5982c0af1f56@group-C1C12825AC52: changes role from  FOLLOWER to CANDIDATE at term 179 for changeToCandidate
2019-10-21 23:03:40,202 [Thread-10681] INFO  impl.RoleInfo (RoleInfo.java:updateAndGet(143)) - 7c107f1d-8592-48e3-af71-5982c0af1f56: start LeaderElection
2019-10-21 23:03:40,216 [7c107f1d-8592-48e3-af71-5982c0af1f56@group-C1C12825AC52-LeaderElection1241] INFO  impl.LeaderElection (LeaderElection.java:askForVotes(178)) - 7c107f1d-8592-48e3-af71-5982c0af1f56@group-C1C12825AC52-LeaderElection1241: begin an election at term 180 for 0: [1244ca21-2158-4cc7-9e07-ba347e145504:192.168.69.118:43370, 7c107f1d-8592-48e3-af71-5982c0af1f56:192.168.69.118:36514, d10c8639-03b1-4f19-ac0f-6419d7578d59:192.168.69.118:37568], old=null
2019-10-21 23:03:40,217 [7c107f1d-8592-48e3-af71-5982c0af1f56@group-C1C12825AC52-LeaderElection1241] INFO  impl.LeaderElection (LogUtils.java:infoOrTrace(149)) - 7c107f1d-8592-48e3-af71-5982c0af1f56@group-C1C12825AC52-LeaderElection1241 got exception when requesting votes: {}
java.util.concurrent.ExecutionException: org.apache.ratis.thirdparty.io.grpc.StatusRuntimeException: UNAVAILABLE: io exception
	at java.util.concurrent.FutureTask.report(FutureTask.java:122)
	at java.util.concurrent.FutureTask.get(FutureTask.java:192)
	at org.apache.ratis.server.impl.LeaderElection.waitForResults(LeaderElection.java:259)
	at org.apache.ratis.server.impl.LeaderElection.askForVotes(LeaderElection.java:197)
	at org.apache.ratis.server.impl.LeaderElection.run(LeaderElection.java:133)
	at java.lang.Thread.run(Thread.java:748)
Caused by: org.apache.ratis.thirdparty.io.grpc.StatusRuntimeException: UNAVAILABLE: io exception
	at org.apache.ratis.thirdparty.io.grpc.stub.ClientCalls.toStatusRuntimeException(ClientCalls.java:233)
	at org.apache.ratis.thirdparty.io.grpc.stub.ClientCalls.getUnchecked(ClientCalls.java:214)
	at org.apache.ratis.thirdparty.io.grpc.stub.ClientCalls.blockingUnaryCall(ClientCalls.java:139)
	at org.apache.ratis.proto.grpc.RaftServerProtocolServiceGrpc$RaftServerProtocolServiceBlockingStub.requestVote(RaftServerProtocolServiceGrpc.java:265)
	at org.apache.ratis.grpc.server.GrpcServerProtocolClient.requestVote(GrpcServerProtocolClient.java:99)
	at org.apache.ratis.grpc.server.GrpcService.requestVote(GrpcService.java:204)
	at org.apache.ratis.server.impl.LeaderElection.lambda$submitRequests$1(LeaderElection.java:234)
	at java.util.concurrent.FutureTask.run(FutureTask.java:266)
	at java.util.concurrent.Executors$RunnableAdapter.call(Executors.java:511)
	at java.util.concurrent.FutureTask.run(FutureTask.java:266)
	at java.util.concurrent.ThreadPoolExecutor.runWorker(ThreadPoolExecutor.java:1149)
	at java.util.concurrent.ThreadPoolExecutor$Worker.run(ThreadPoolExecutor.java:624)
	... 1 more
Caused by: org.apache.ratis.thirdparty.io.netty.channel.AbstractChannel$AnnotatedConnectException: Connection refused: /192.168.69.118:43370
	at sun.nio.ch.SocketChannelImpl.checkConnect(Native Method)
	at sun.nio.ch.SocketChannelImpl.finishConnect(SocketChannelImpl.java:717)
	at org.apache.ratis.thirdparty.io.netty.channel.socket.nio.NioSocketChannel.doFinishConnect(NioSocketChannel.java:327)
	at org.apache.ratis.thirdparty.io.netty.channel.nio.AbstractNioChannel$AbstractNioUnsafe.finishConnect(AbstractNioChannel.java:340)
	at org.apache.ratis.thirdparty.io.netty.channel.nio.NioEventLoop.processSelectedKey(NioEventLoop.java:632)
	at org.apache.ratis.thirdparty.io.netty.channel.nio.NioEventLoop.processSelectedKeysOptimized(NioEventLoop.java:579)
	at org.apache.ratis.thirdparty.io.netty.channel.nio.NioEventLoop.processSelectedKeys(NioEventLoop.java:496)
	at org.apache.ratis.thirdparty.io.netty.channel.nio.NioEventLoop.run(NioEventLoop.java:458)
	at org.apache.ratis.thirdparty.io.netty.util.concurrent.SingleThreadEventExecutor$5.run(SingleThreadEventExecutor.java:897)
	at org.apache.ratis.thirdparty.io.netty.util.concurrent.FastThreadLocalRunnable.run(FastThreadLocalRunnable.java:30)
	... 1 more
Caused by: java.net.ConnectException: Connection refused
	... 11 more
2019-10-21 23:03:40,217 [7c107f1d-8592-48e3-af71-5982c0af1f56@group-C1C12825AC52-LeaderElection1241] INFO  impl.LeaderElection (LogUtils.java:infoOrTrace(149)) - 7c107f1d-8592-48e3-af71-5982c0af1f56@group-C1C12825AC52-LeaderElection1241 got exception when requesting votes: {}
java.util.concurrent.ExecutionException: org.apache.ratis.thirdparty.io.grpc.StatusRuntimeException: UNAVAILABLE: io exception
	at java.util.concurrent.FutureTask.report(FutureTask.java:122)
	at java.util.concurrent.FutureTask.get(FutureTask.java:192)
	at org.apache.ratis.server.impl.LeaderElection.waitForResults(LeaderElection.java:259)
	at org.apache.ratis.server.impl.LeaderElection.askForVotes(LeaderElection.java:197)
	at org.apache.ratis.server.impl.LeaderElection.run(LeaderElection.java:133)
	at java.lang.Thread.run(Thread.java:748)
Caused by: org.apache.ratis.thirdparty.io.grpc.StatusRuntimeException: UNAVAILABLE: io exception
	at org.apache.ratis.thirdparty.io.grpc.stub.ClientCalls.toStatusRuntimeException(ClientCalls.java:233)
	at org.apache.ratis.thirdparty.io.grpc.stub.ClientCalls.getUnchecked(ClientCalls.java:214)
	at org.apache.ratis.thirdparty.io.grpc.stub.ClientCalls.blockingUnaryCall(ClientCalls.java:139)
	at org.apache.ratis.proto.grpc.RaftServerProtocolServiceGrpc$RaftServerProtocolServiceBlockingStub.requestVote(RaftServerProtocolServiceGrpc.java:265)
	at org.apache.ratis.grpc.server.GrpcServerProtocolClient.requestVote(GrpcServerProtocolClient.java:99)
	at org.apache.ratis.grpc.server.GrpcService.requestVote(GrpcService.java:204)
	at org.apache.ratis.server.impl.LeaderElection.lambda$submitRequests$1(LeaderElection.java:234)
	at java.util.concurrent.FutureTask.run(FutureTask.java:266)
	at java.util.concurrent.Executors$RunnableAdapter.call(Executors.java:511)
	at java.util.concurrent.FutureTask.run(FutureTask.java:266)
	at java.util.concurrent.ThreadPoolExecutor.runWorker(ThreadPoolExecutor.java:1149)
	at java.util.concurrent.ThreadPoolExecutor$Worker.run(ThreadPoolExecutor.java:624)
	... 1 more
Caused by: org.apache.ratis.thirdparty.io.netty.channel.AbstractChannel$AnnotatedConnectException: Connection refused: /192.168.69.118:37568
	at sun.nio.ch.SocketChannelImpl.checkConnect(Native Method)
	at sun.nio.ch.SocketChannelImpl.finishConnect(SocketChannelImpl.java:717)
	at org.apache.ratis.thirdparty.io.netty.channel.socket.nio.NioSocketChannel.doFinishConnect(NioSocketChannel.java:327)
	at org.apache.ratis.thirdparty.io.netty.channel.nio.AbstractNioChannel$AbstractNioUnsafe.finishConnect(AbstractNioChannel.java:340)
	at org.apache.ratis.thirdparty.io.netty.channel.nio.NioEventLoop.processSelectedKey(NioEventLoop.java:632)
	at org.apache.ratis.thirdparty.io.netty.channel.nio.NioEventLoop.processSelectedKeysOptimized(NioEventLoop.java:579)
	at org.apache.ratis.thirdparty.io.netty.channel.nio.NioEventLoop.processSelectedKeys(NioEventLoop.java:496)
	at org.apache.ratis.thirdparty.io.netty.channel.nio.NioEventLoop.run(NioEventLoop.java:458)
	at org.apache.ratis.thirdparty.io.netty.util.concurrent.SingleThreadEventExecutor$5.run(SingleThreadEventExecutor.java:897)
	at org.apache.ratis.thirdparty.io.netty.util.concurrent.FastThreadLocalRunnable.run(FastThreadLocalRunnable.java:30)
	... 1 more
Caused by: java.net.ConnectException: Connection refused
	... 11 more
2019-10-21 23:03:40,217 [7c107f1d-8592-48e3-af71-5982c0af1f56@group-C1C12825AC52-LeaderElection1241] INFO  impl.LeaderElection (LeaderElection.java:logAndReturn(56)) - 7c107f1d-8592-48e3-af71-5982c0af1f56@group-C1C12825AC52-LeaderElection1241: Election REJECTED; received 0 response(s) [] and 2 exception(s); 7c107f1d-8592-48e3-af71-5982c0af1f56@group-C1C12825AC52:t180, leader=null, voted=7c107f1d-8592-48e3-af71-5982c0af1f56, raftlog=7c107f1d-8592-48e3-af71-5982c0af1f56@group-C1C12825AC52-SegmentedRaftLog:OPENED:c-1,f0,i0, conf=0: [1244ca21-2158-4cc7-9e07-ba347e145504:192.168.69.118:43370, 7c107f1d-8592-48e3-af71-5982c0af1f56:192.168.69.118:36514, d10c8639-03b1-4f19-ac0f-6419d7578d59:192.168.69.118:37568], old=null
2019-10-21 23:03:40,217 [7c107f1d-8592-48e3-af71-5982c0af1f56@group-C1C12825AC52-LeaderElection1241] INFO  impl.LeaderElection (LogUtils.java:infoOrTrace(149)) -   Exception 0: {}
java.util.concurrent.ExecutionException: org.apache.ratis.thirdparty.io.grpc.StatusRuntimeException: UNAVAILABLE: io exception
	at java.util.concurrent.FutureTask.report(FutureTask.java:122)
	at java.util.concurrent.FutureTask.get(FutureTask.java:192)
	at org.apache.ratis.server.impl.LeaderElection.waitForResults(LeaderElection.java:259)
	at org.apache.ratis.server.impl.LeaderElection.askForVotes(LeaderElection.java:197)
	at org.apache.ratis.server.impl.LeaderElection.run(LeaderElection.java:133)
	at java.lang.Thread.run(Thread.java:748)
Caused by: org.apache.ratis.thirdparty.io.grpc.StatusRuntimeException: UNAVAILABLE: io exception
	at org.apache.ratis.thirdparty.io.grpc.stub.ClientCalls.toStatusRuntimeException(ClientCalls.java:233)
	at org.apache.ratis.thirdparty.io.grpc.stub.ClientCalls.getUnchecked(ClientCalls.java:214)
	at org.apache.ratis.thirdparty.io.grpc.stub.ClientCalls.blockingUnaryCall(ClientCalls.java:139)
	at org.apache.ratis.proto.grpc.RaftServerProtocolServiceGrpc$RaftServerProtocolServiceBlockingStub.requestVote(RaftServerProtocolServiceGrpc.java:265)
	at org.apache.ratis.grpc.server.GrpcServerProtocolClient.requestVote(GrpcServerProtocolClient.java:99)
	at org.apache.ratis.grpc.server.GrpcService.requestVote(GrpcService.java:204)
	at org.apache.ratis.server.impl.LeaderElection.lambda$submitRequests$1(LeaderElection.java:234)
	at java.util.concurrent.FutureTask.run(FutureTask.java:266)
	at java.util.concurrent.Executors$RunnableAdapter.call(Executors.java:511)
	at java.util.concurrent.FutureTask.run(FutureTask.java:266)
	at java.util.concurrent.ThreadPoolExecutor.runWorker(ThreadPoolExecutor.java:1149)
	at java.util.concurrent.ThreadPoolExecutor$Worker.run(ThreadPoolExecutor.java:624)
	... 1 more
Caused by: org.apache.ratis.thirdparty.io.netty.channel.AbstractChannel$AnnotatedConnectException: Connection refused: /192.168.69.118:43370
	at sun.nio.ch.SocketChannelImpl.checkConnect(Native Method)
	at sun.nio.ch.SocketChannelImpl.finishConnect(SocketChannelImpl.java:717)
	at org.apache.ratis.thirdparty.io.netty.channel.socket.nio.NioSocketChannel.doFinishConnect(NioSocketChannel.java:327)
	at org.apache.ratis.thirdparty.io.netty.channel.nio.AbstractNioChannel$AbstractNioUnsafe.finishConnect(AbstractNioChannel.java:340)
	at org.apache.ratis.thirdparty.io.netty.channel.nio.NioEventLoop.processSelectedKey(NioEventLoop.java:632)
	at org.apache.ratis.thirdparty.io.netty.channel.nio.NioEventLoop.processSelectedKeysOptimized(NioEventLoop.java:579)
	at org.apache.ratis.thirdparty.io.netty.channel.nio.NioEventLoop.processSelectedKeys(NioEventLoop.java:496)
	at org.apache.ratis.thirdparty.io.netty.channel.nio.NioEventLoop.run(NioEventLoop.java:458)
	at org.apache.ratis.thirdparty.io.netty.util.concurrent.SingleThreadEventExecutor$5.run(SingleThreadEventExecutor.java:897)
	at org.apache.ratis.thirdparty.io.netty.util.concurrent.FastThreadLocalRunnable.run(FastThreadLocalRunnable.java:30)
	... 1 more
Caused by: java.net.ConnectException: Connection refused
	... 11 more
2019-10-21 23:03:40,217 [7c107f1d-8592-48e3-af71-5982c0af1f56@group-C1C12825AC52-LeaderElection1241] INFO  impl.LeaderElection (LogUtils.java:infoOrTrace(149)) -   Exception 1: {}
java.util.concurrent.ExecutionException: org.apache.ratis.thirdparty.io.grpc.StatusRuntimeException: UNAVAILABLE: io exception
	at java.util.concurrent.FutureTask.report(FutureTask.java:122)
	at java.util.concurrent.FutureTask.get(FutureTask.java:192)
	at org.apache.ratis.server.impl.LeaderElection.waitForResults(LeaderElection.java:259)
	at org.apache.ratis.server.impl.LeaderElection.askForVotes(LeaderElection.java:197)
	at org.apache.ratis.server.impl.LeaderElection.run(LeaderElection.java:133)
	at java.lang.Thread.run(Thread.java:748)
Caused by: org.apache.ratis.thirdparty.io.grpc.StatusRuntimeException: UNAVAILABLE: io exception
	at org.apache.ratis.thirdparty.io.grpc.stub.ClientCalls.toStatusRuntimeException(ClientCalls.java:233)
	at org.apache.ratis.thirdparty.io.grpc.stub.ClientCalls.getUnchecked(ClientCalls.java:214)
	at org.apache.ratis.thirdparty.io.grpc.stub.ClientCalls.blockingUnaryCall(ClientCalls.java:139)
	at org.apache.ratis.proto.grpc.RaftServerProtocolServiceGrpc$RaftServerProtocolServiceBlockingStub.requestVote(RaftServerProtocolServiceGrpc.java:265)
	at org.apache.ratis.grpc.server.GrpcServerProtocolClient.requestVote(GrpcServerProtocolClient.java:99)
	at org.apache.ratis.grpc.server.GrpcService.requestVote(GrpcService.java:204)
	at org.apache.ratis.server.impl.LeaderElection.lambda$submitRequests$1(LeaderElection.java:234)
	at java.util.concurrent.FutureTask.run(FutureTask.java:266)
	at java.util.concurrent.Executors$RunnableAdapter.call(Executors.java:511)
	at java.util.concurrent.FutureTask.run(FutureTask.java:266)
	at java.util.concurrent.ThreadPoolExecutor.runWorker(ThreadPoolExecutor.java:1149)
	at java.util.concurrent.ThreadPoolExecutor$Worker.run(ThreadPoolExecutor.java:624)
	... 1 more
Caused by: org.apache.ratis.thirdparty.io.netty.channel.AbstractChannel$AnnotatedConnectException: Connection refused: /192.168.69.118:37568
	at sun.nio.ch.SocketChannelImpl.checkConnect(Native Method)
	at sun.nio.ch.SocketChannelImpl.finishConnect(SocketChannelImpl.java:717)
	at org.apache.ratis.thirdparty.io.netty.channel.socket.nio.NioSocketChannel.doFinishConnect(NioSocketChannel.java:327)
	at org.apache.ratis.thirdparty.io.netty.channel.nio.AbstractNioChannel$AbstractNioUnsafe.finishConnect(AbstractNioChannel.java:340)
	at org.apache.ratis.thirdparty.io.netty.channel.nio.NioEventLoop.processSelectedKey(NioEventLoop.java:632)
	at org.apache.ratis.thirdparty.io.netty.channel.nio.NioEventLoop.processSelectedKeysOptimized(NioEventLoop.java:579)
	at org.apache.ratis.thirdparty.io.netty.channel.nio.NioEventLoop.processSelectedKeys(NioEventLoop.java:496)
	at org.apache.ratis.thirdparty.io.netty.channel.nio.NioEventLoop.run(NioEventLoop.java:458)
	at org.apache.ratis.thirdparty.io.netty.util.concurrent.SingleThreadEventExecutor$5.run(SingleThreadEventExecutor.java:897)
	at org.apache.ratis.thirdparty.io.netty.util.concurrent.FastThreadLocalRunnable.run(FastThreadLocalRunnable.java:30)
	... 1 more
Caused by: java.net.ConnectException: Connection refused
	... 11 more
2019-10-21 23:03:40,218 [7c107f1d-8592-48e3-af71-5982c0af1f56@group-C1C12825AC52-LeaderElection1241] INFO  impl.RaftServerImpl (RaftServerImpl.java:setRole(184)) - 7c107f1d-8592-48e3-af71-5982c0af1f56@group-C1C12825AC52: changes role from CANDIDATE to FOLLOWER at term 180 for DISCOVERED_A_NEW_TERM
2019-10-21 23:03:40,218 [7c107f1d-8592-48e3-af71-5982c0af1f56@group-C1C12825AC52-LeaderElection1241] INFO  impl.RoleInfo (RoleInfo.java:shutdownLeaderElection(134)) - 7c107f1d-8592-48e3-af71-5982c0af1f56: shutdown LeaderElection
2019-10-21 23:03:40,218 [7c107f1d-8592-48e3-af71-5982c0af1f56@group-C1C12825AC52-LeaderElection1241] INFO  impl.RoleInfo (RoleInfo.java:updateAndGet(143)) - 7c107f1d-8592-48e3-af71-5982c0af1f56: start FollowerState
2019-10-21 23:03:41,280 [java.util.concurrent.ThreadPoolExecutor$Worker@5a2bc4fb[State = -1, empty queue]] WARN  server.GrpcLogAppender (GrpcLogAppender.java:timeoutAppendRequest(209)) - 8f86521a-dea0-43d1-ae77-898e04dffe78@group-2FC1C8829C54->9aaebd24-66cb-4b96-a722-f4b7b0063a4e-GrpcLogAppender: appendEntries Timeout, request=8f86521a-dea0-43d1-ae77-898e04dffe78->9aaebd24-66cb-4b96-a722-f4b7b0063a4e#51-t1, previous=(t:1, i:10), leaderCommit=10, initializing? false, entries: <empty>
2019-10-21 23:03:41,377 [Thread-10691] INFO  impl.FollowerState (FollowerState.java:run(108)) - 7c107f1d-8592-48e3-af71-5982c0af1f56@group-C1C12825AC52-FollowerState: change to CANDIDATE, lastRpcTime:1159ms, electionTimeout:1159ms
2019-10-21 23:03:41,377 [Thread-10691] INFO  impl.RoleInfo (RoleInfo.java:shutdownFollowerState(121)) - 7c107f1d-8592-48e3-af71-5982c0af1f56: shutdown FollowerState
2019-10-21 23:03:41,378 [Thread-10691] INFO  impl.RaftServerImpl (RaftServerImpl.java:setRole(184)) - 7c107f1d-8592-48e3-af71-5982c0af1f56@group-C1C12825AC52: changes role from  FOLLOWER to CANDIDATE at term 180 for changeToCandidate
2019-10-21 23:03:41,378 [Thread-10691] INFO  impl.RoleInfo (RoleInfo.java:updateAndGet(143)) - 7c107f1d-8592-48e3-af71-5982c0af1f56: start LeaderElection
2019-10-21 23:03:41,392 [7c107f1d-8592-48e3-af71-5982c0af1f56@group-C1C12825AC52-LeaderElection1242] INFO  impl.LeaderElection (LeaderElection.java:askForVotes(178)) - 7c107f1d-8592-48e3-af71-5982c0af1f56@group-C1C12825AC52-LeaderElection1242: begin an election at term 181 for 0: [1244ca21-2158-4cc7-9e07-ba347e145504:192.168.69.118:43370, 7c107f1d-8592-48e3-af71-5982c0af1f56:192.168.69.118:36514, d10c8639-03b1-4f19-ac0f-6419d7578d59:192.168.69.118:37568], old=null
2019-10-21 23:03:41,393 [7c107f1d-8592-48e3-af71-5982c0af1f56@group-C1C12825AC52-LeaderElection1242] INFO  impl.LeaderElection (LogUtils.java:infoOrTrace(149)) - 7c107f1d-8592-48e3-af71-5982c0af1f56@group-C1C12825AC52-LeaderElection1242 got exception when requesting votes: {}
java.util.concurrent.ExecutionException: org.apache.ratis.thirdparty.io.grpc.StatusRuntimeException: UNAVAILABLE: io exception
	at java.util.concurrent.FutureTask.report(FutureTask.java:122)
	at java.util.concurrent.FutureTask.get(FutureTask.java:192)
	at org.apache.ratis.server.impl.LeaderElection.waitForResults(LeaderElection.java:259)
	at org.apache.ratis.server.impl.LeaderElection.askForVotes(LeaderElection.java:197)
	at org.apache.ratis.server.impl.LeaderElection.run(LeaderElection.java:133)
	at java.lang.Thread.run(Thread.java:748)
Caused by: org.apache.ratis.thirdparty.io.grpc.StatusRuntimeException: UNAVAILABLE: io exception
	at org.apache.ratis.thirdparty.io.grpc.stub.ClientCalls.toStatusRuntimeException(ClientCalls.java:233)
	at org.apache.ratis.thirdparty.io.grpc.stub.ClientCalls.getUnchecked(ClientCalls.java:214)
	at org.apache.ratis.thirdparty.io.grpc.stub.ClientCalls.blockingUnaryCall(ClientCalls.java:139)
	at org.apache.ratis.proto.grpc.RaftServerProtocolServiceGrpc$RaftServerProtocolServiceBlockingStub.requestVote(RaftServerProtocolServiceGrpc.java:265)
	at org.apache.ratis.grpc.server.GrpcServerProtocolClient.requestVote(GrpcServerProtocolClient.java:99)
	at org.apache.ratis.grpc.server.GrpcService.requestVote(GrpcService.java:204)
	at org.apache.ratis.server.impl.LeaderElection.lambda$submitRequests$1(LeaderElection.java:234)
	at java.util.concurrent.FutureTask.run(FutureTask.java:266)
	at java.util.concurrent.Executors$RunnableAdapter.call(Executors.java:511)
	at java.util.concurrent.FutureTask.run(FutureTask.java:266)
	at java.util.concurrent.ThreadPoolExecutor.runWorker(ThreadPoolExecutor.java:1149)
	at java.util.concurrent.ThreadPoolExecutor$Worker.run(ThreadPoolExecutor.java:624)
	... 1 more
Caused by: org.apache.ratis.thirdparty.io.netty.channel.AbstractChannel$AnnotatedConnectException: Connection refused: /192.168.69.118:43370
	at sun.nio.ch.SocketChannelImpl.checkConnect(Native Method)
	at sun.nio.ch.SocketChannelImpl.finishConnect(SocketChannelImpl.java:717)
	at org.apache.ratis.thirdparty.io.netty.channel.socket.nio.NioSocketChannel.doFinishConnect(NioSocketChannel.java:327)
	at org.apache.ratis.thirdparty.io.netty.channel.nio.AbstractNioChannel$AbstractNioUnsafe.finishConnect(AbstractNioChannel.java:340)
	at org.apache.ratis.thirdparty.io.netty.channel.nio.NioEventLoop.processSelectedKey(NioEventLoop.java:632)
	at org.apache.ratis.thirdparty.io.netty.channel.nio.NioEventLoop.processSelectedKeysOptimized(NioEventLoop.java:579)
	at org.apache.ratis.thirdparty.io.netty.channel.nio.NioEventLoop.processSelectedKeys(NioEventLoop.java:496)
	at org.apache.ratis.thirdparty.io.netty.channel.nio.NioEventLoop.run(NioEventLoop.java:458)
	at org.apache.ratis.thirdparty.io.netty.util.concurrent.SingleThreadEventExecutor$5.run(SingleThreadEventExecutor.java:897)
	at org.apache.ratis.thirdparty.io.netty.util.concurrent.FastThreadLocalRunnable.run(FastThreadLocalRunnable.java:30)
	... 1 more
Caused by: java.net.ConnectException: Connection refused
	... 11 more
2019-10-21 23:03:41,393 [7c107f1d-8592-48e3-af71-5982c0af1f56@group-C1C12825AC52-LeaderElection1242] INFO  impl.LeaderElection (LogUtils.java:infoOrTrace(149)) - 7c107f1d-8592-48e3-af71-5982c0af1f56@group-C1C12825AC52-LeaderElection1242 got exception when requesting votes: {}
java.util.concurrent.ExecutionException: org.apache.ratis.thirdparty.io.grpc.StatusRuntimeException: UNAVAILABLE: io exception
	at java.util.concurrent.FutureTask.report(FutureTask.java:122)
	at java.util.concurrent.FutureTask.get(FutureTask.java:192)
	at org.apache.ratis.server.impl.LeaderElection.waitForResults(LeaderElection.java:259)
	at org.apache.ratis.server.impl.LeaderElection.askForVotes(LeaderElection.java:197)
	at org.apache.ratis.server.impl.LeaderElection.run(LeaderElection.java:133)
	at java.lang.Thread.run(Thread.java:748)
Caused by: org.apache.ratis.thirdparty.io.grpc.StatusRuntimeException: UNAVAILABLE: io exception
	at org.apache.ratis.thirdparty.io.grpc.stub.ClientCalls.toStatusRuntimeException(ClientCalls.java:233)
	at org.apache.ratis.thirdparty.io.grpc.stub.ClientCalls.getUnchecked(ClientCalls.java:214)
	at org.apache.ratis.thirdparty.io.grpc.stub.ClientCalls.blockingUnaryCall(ClientCalls.java:139)
	at org.apache.ratis.proto.grpc.RaftServerProtocolServiceGrpc$RaftServerProtocolServiceBlockingStub.requestVote(RaftServerProtocolServiceGrpc.java:265)
	at org.apache.ratis.grpc.server.GrpcServerProtocolClient.requestVote(GrpcServerProtocolClient.java:99)
	at org.apache.ratis.grpc.server.GrpcService.requestVote(GrpcService.java:204)
	at org.apache.ratis.server.impl.LeaderElection.lambda$submitRequests$1(LeaderElection.java:234)
	at java.util.concurrent.FutureTask.run(FutureTask.java:266)
	at java.util.concurrent.Executors$RunnableAdapter.call(Executors.java:511)
	at java.util.concurrent.FutureTask.run(FutureTask.java:266)
	at java.util.concurrent.ThreadPoolExecutor.runWorker(ThreadPoolExecutor.java:1149)
	at java.util.concurrent.ThreadPoolExecutor$Worker.run(ThreadPoolExecutor.java:624)
	... 1 more
Caused by: org.apache.ratis.thirdparty.io.netty.channel.AbstractChannel$AnnotatedConnectException: Connection refused: /192.168.69.118:37568
	at sun.nio.ch.SocketChannelImpl.checkConnect(Native Method)
	at sun.nio.ch.SocketChannelImpl.finishConnect(SocketChannelImpl.java:717)
	at org.apache.ratis.thirdparty.io.netty.channel.socket.nio.NioSocketChannel.doFinishConnect(NioSocketChannel.java:327)
	at org.apache.ratis.thirdparty.io.netty.channel.nio.AbstractNioChannel$AbstractNioUnsafe.finishConnect(AbstractNioChannel.java:340)
	at org.apache.ratis.thirdparty.io.netty.channel.nio.NioEventLoop.processSelectedKey(NioEventLoop.java:632)
	at org.apache.ratis.thirdparty.io.netty.channel.nio.NioEventLoop.processSelectedKeysOptimized(NioEventLoop.java:579)
	at org.apache.ratis.thirdparty.io.netty.channel.nio.NioEventLoop.processSelectedKeys(NioEventLoop.java:496)
	at org.apache.ratis.thirdparty.io.netty.channel.nio.NioEventLoop.run(NioEventLoop.java:458)
	at org.apache.ratis.thirdparty.io.netty.util.concurrent.SingleThreadEventExecutor$5.run(SingleThreadEventExecutor.java:897)
	at org.apache.ratis.thirdparty.io.netty.util.concurrent.FastThreadLocalRunnable.run(FastThreadLocalRunnable.java:30)
	... 1 more
Caused by: java.net.ConnectException: Connection refused
	... 11 more
2019-10-21 23:03:41,393 [7c107f1d-8592-48e3-af71-5982c0af1f56@group-C1C12825AC52-LeaderElection1242] INFO  impl.LeaderElection (LeaderElection.java:logAndReturn(56)) - 7c107f1d-8592-48e3-af71-5982c0af1f56@group-C1C12825AC52-LeaderElection1242: Election REJECTED; received 0 response(s) [] and 2 exception(s); 7c107f1d-8592-48e3-af71-5982c0af1f56@group-C1C12825AC52:t181, leader=null, voted=7c107f1d-8592-48e3-af71-5982c0af1f56, raftlog=7c107f1d-8592-48e3-af71-5982c0af1f56@group-C1C12825AC52-SegmentedRaftLog:OPENED:c-1,f0,i0, conf=0: [1244ca21-2158-4cc7-9e07-ba347e145504:192.168.69.118:43370, 7c107f1d-8592-48e3-af71-5982c0af1f56:192.168.69.118:36514, d10c8639-03b1-4f19-ac0f-6419d7578d59:192.168.69.118:37568], old=null
2019-10-21 23:03:41,393 [7c107f1d-8592-48e3-af71-5982c0af1f56@group-C1C12825AC52-LeaderElection1242] INFO  impl.LeaderElection (LogUtils.java:infoOrTrace(149)) -   Exception 0: {}
java.util.concurrent.ExecutionException: org.apache.ratis.thirdparty.io.grpc.StatusRuntimeException: UNAVAILABLE: io exception
	at java.util.concurrent.FutureTask.report(FutureTask.java:122)
	at java.util.concurrent.FutureTask.get(FutureTask.java:192)
	at org.apache.ratis.server.impl.LeaderElection.waitForResults(LeaderElection.java:259)
	at org.apache.ratis.server.impl.LeaderElection.askForVotes(LeaderElection.java:197)
	at org.apache.ratis.server.impl.LeaderElection.run(LeaderElection.java:133)
	at java.lang.Thread.run(Thread.java:748)
Caused by: org.apache.ratis.thirdparty.io.grpc.StatusRuntimeException: UNAVAILABLE: io exception
	at org.apache.ratis.thirdparty.io.grpc.stub.ClientCalls.toStatusRuntimeException(ClientCalls.java:233)
	at org.apache.ratis.thirdparty.io.grpc.stub.ClientCalls.getUnchecked(ClientCalls.java:214)
	at org.apache.ratis.thirdparty.io.grpc.stub.ClientCalls.blockingUnaryCall(ClientCalls.java:139)
	at org.apache.ratis.proto.grpc.RaftServerProtocolServiceGrpc$RaftServerProtocolServiceBlockingStub.requestVote(RaftServerProtocolServiceGrpc.java:265)
	at org.apache.ratis.grpc.server.GrpcServerProtocolClient.requestVote(GrpcServerProtocolClient.java:99)
	at org.apache.ratis.grpc.server.GrpcService.requestVote(GrpcService.java:204)
	at org.apache.ratis.server.impl.LeaderElection.lambda$submitRequests$1(LeaderElection.java:234)
	at java.util.concurrent.FutureTask.run(FutureTask.java:266)
	at java.util.concurrent.Executors$RunnableAdapter.call(Executors.java:511)
	at java.util.concurrent.FutureTask.run(FutureTask.java:266)
	at java.util.concurrent.ThreadPoolExecutor.runWorker(ThreadPoolExecutor.java:1149)
	at java.util.concurrent.ThreadPoolExecutor$Worker.run(ThreadPoolExecutor.java:624)
	... 1 more
Caused by: org.apache.ratis.thirdparty.io.netty.channel.AbstractChannel$AnnotatedConnectException: Connection refused: /192.168.69.118:43370
	at sun.nio.ch.SocketChannelImpl.checkConnect(Native Method)
	at sun.nio.ch.SocketChannelImpl.finishConnect(SocketChannelImpl.java:717)
	at org.apache.ratis.thirdparty.io.netty.channel.socket.nio.NioSocketChannel.doFinishConnect(NioSocketChannel.java:327)
	at org.apache.ratis.thirdparty.io.netty.channel.nio.AbstractNioChannel$AbstractNioUnsafe.finishConnect(AbstractNioChannel.java:340)
	at org.apache.ratis.thirdparty.io.netty.channel.nio.NioEventLoop.processSelectedKey(NioEventLoop.java:632)
	at org.apache.ratis.thirdparty.io.netty.channel.nio.NioEventLoop.processSelectedKeysOptimized(NioEventLoop.java:579)
	at org.apache.ratis.thirdparty.io.netty.channel.nio.NioEventLoop.processSelectedKeys(NioEventLoop.java:496)
	at org.apache.ratis.thirdparty.io.netty.channel.nio.NioEventLoop.run(NioEventLoop.java:458)
	at org.apache.ratis.thirdparty.io.netty.util.concurrent.SingleThreadEventExecutor$5.run(SingleThreadEventExecutor.java:897)
	at org.apache.ratis.thirdparty.io.netty.util.concurrent.FastThreadLocalRunnable.run(FastThreadLocalRunnable.java:30)
	... 1 more
Caused by: java.net.ConnectException: Connection refused
	... 11 more
2019-10-21 23:03:41,393 [7c107f1d-8592-48e3-af71-5982c0af1f56@group-C1C12825AC52-LeaderElection1242] INFO  impl.LeaderElection (LogUtils.java:infoOrTrace(149)) -   Exception 1: {}
java.util.concurrent.ExecutionException: org.apache.ratis.thirdparty.io.grpc.StatusRuntimeException: UNAVAILABLE: io exception
	at java.util.concurrent.FutureTask.report(FutureTask.java:122)
	at java.util.concurrent.FutureTask.get(FutureTask.java:192)
	at org.apache.ratis.server.impl.LeaderElection.waitForResults(LeaderElection.java:259)
	at org.apache.ratis.server.impl.LeaderElection.askForVotes(LeaderElection.java:197)
	at org.apache.ratis.server.impl.LeaderElection.run(LeaderElection.java:133)
	at java.lang.Thread.run(Thread.java:748)
Caused by: org.apache.ratis.thirdparty.io.grpc.StatusRuntimeException: UNAVAILABLE: io exception
	at org.apache.ratis.thirdparty.io.grpc.stub.ClientCalls.toStatusRuntimeException(ClientCalls.java:233)
	at org.apache.ratis.thirdparty.io.grpc.stub.ClientCalls.getUnchecked(ClientCalls.java:214)
	at org.apache.ratis.thirdparty.io.grpc.stub.ClientCalls.blockingUnaryCall(ClientCalls.java:139)
	at org.apache.ratis.proto.grpc.RaftServerProtocolServiceGrpc$RaftServerProtocolServiceBlockingStub.requestVote(RaftServerProtocolServiceGrpc.java:265)
	at org.apache.ratis.grpc.server.GrpcServerProtocolClient.requestVote(GrpcServerProtocolClient.java:99)
	at org.apache.ratis.grpc.server.GrpcService.requestVote(GrpcService.java:204)
	at org.apache.ratis.server.impl.LeaderElection.lambda$submitRequests$1(LeaderElection.java:234)
	at java.util.concurrent.FutureTask.run(FutureTask.java:266)
	at java.util.concurrent.Executors$RunnableAdapter.call(Executors.java:511)
	at java.util.concurrent.FutureTask.run(FutureTask.java:266)
	at java.util.concurrent.ThreadPoolExecutor.runWorker(ThreadPoolExecutor.java:1149)
	at java.util.concurrent.ThreadPoolExecutor$Worker.run(ThreadPoolExecutor.java:624)
	... 1 more
Caused by: org.apache.ratis.thirdparty.io.netty.channel.AbstractChannel$AnnotatedConnectException: Connection refused: /192.168.69.118:37568
	at sun.nio.ch.SocketChannelImpl.checkConnect(Native Method)
	at sun.nio.ch.SocketChannelImpl.finishConnect(SocketChannelImpl.java:717)
	at org.apache.ratis.thirdparty.io.netty.channel.socket.nio.NioSocketChannel.doFinishConnect(NioSocketChannel.java:327)
	at org.apache.ratis.thirdparty.io.netty.channel.nio.AbstractNioChannel$AbstractNioUnsafe.finishConnect(AbstractNioChannel.java:340)
	at org.apache.ratis.thirdparty.io.netty.channel.nio.NioEventLoop.processSelectedKey(NioEventLoop.java:632)
	at org.apache.ratis.thirdparty.io.netty.channel.nio.NioEventLoop.processSelectedKeysOptimized(NioEventLoop.java:579)
	at org.apache.ratis.thirdparty.io.netty.channel.nio.NioEventLoop.processSelectedKeys(NioEventLoop.java:496)
	at org.apache.ratis.thirdparty.io.netty.channel.nio.NioEventLoop.run(NioEventLoop.java:458)
	at org.apache.ratis.thirdparty.io.netty.util.concurrent.SingleThreadEventExecutor$5.run(SingleThreadEventExecutor.java:897)
	at org.apache.ratis.thirdparty.io.netty.util.concurrent.FastThreadLocalRunnable.run(FastThreadLocalRunnable.java:30)
	... 1 more
Caused by: java.net.ConnectException: Connection refused
	... 11 more
2019-10-21 23:03:41,393 [7c107f1d-8592-48e3-af71-5982c0af1f56@group-C1C12825AC52-LeaderElection1242] INFO  impl.RaftServerImpl (RaftServerImpl.java:setRole(184)) - 7c107f1d-8592-48e3-af71-5982c0af1f56@group-C1C12825AC52: changes role from CANDIDATE to FOLLOWER at term 181 for DISCOVERED_A_NEW_TERM
2019-10-21 23:03:41,394 [7c107f1d-8592-48e3-af71-5982c0af1f56@group-C1C12825AC52-LeaderElection1242] INFO  impl.RoleInfo (RoleInfo.java:shutdownLeaderElection(134)) - 7c107f1d-8592-48e3-af71-5982c0af1f56: shutdown LeaderElection
2019-10-21 23:03:41,394 [7c107f1d-8592-48e3-af71-5982c0af1f56@group-C1C12825AC52-LeaderElection1242] INFO  impl.RoleInfo (RoleInfo.java:updateAndGet(143)) - 7c107f1d-8592-48e3-af71-5982c0af1f56: start FollowerState
2019-10-21 23:03:41,780 [java.util.concurrent.ThreadPoolExecutor$Worker@5a2bc4fb[State = -1, empty queue]] WARN  server.GrpcLogAppender (GrpcLogAppender.java:timeoutAppendRequest(209)) - 8f86521a-dea0-43d1-ae77-898e04dffe78@group-2FC1C8829C54->9aaebd24-66cb-4b96-a722-f4b7b0063a4e-GrpcLogAppender: appendEntries Timeout, request=8f86521a-dea0-43d1-ae77-898e04dffe78->9aaebd24-66cb-4b96-a722-f4b7b0063a4e#52-t1, previous=(t:1, i:10), leaderCommit=10, initializing? false, entries: <empty>
2019-10-21 23:03:42,280 [java.util.concurrent.ThreadPoolExecutor$Worker@5a2bc4fb[State = -1, empty queue]] WARN  server.GrpcLogAppender (GrpcLogAppender.java:timeoutAppendRequest(209)) - 8f86521a-dea0-43d1-ae77-898e04dffe78@group-2FC1C8829C54->9aaebd24-66cb-4b96-a722-f4b7b0063a4e-GrpcLogAppender: appendEntries Timeout, request=8f86521a-dea0-43d1-ae77-898e04dffe78->9aaebd24-66cb-4b96-a722-f4b7b0063a4e#53-t1, previous=(t:1, i:10), leaderCommit=10, initializing? false, entries: <empty>
2019-10-21 23:03:42,565 [Thread-10704] INFO  impl.FollowerState (FollowerState.java:run(108)) - 7c107f1d-8592-48e3-af71-5982c0af1f56@group-C1C12825AC52-FollowerState: change to CANDIDATE, lastRpcTime:1171ms, electionTimeout:1171ms
2019-10-21 23:03:42,565 [Thread-10704] INFO  impl.RoleInfo (RoleInfo.java:shutdownFollowerState(121)) - 7c107f1d-8592-48e3-af71-5982c0af1f56: shutdown FollowerState
2019-10-21 23:03:42,565 [Thread-10704] INFO  impl.RaftServerImpl (RaftServerImpl.java:setRole(184)) - 7c107f1d-8592-48e3-af71-5982c0af1f56@group-C1C12825AC52: changes role from  FOLLOWER to CANDIDATE at term 181 for changeToCandidate
2019-10-21 23:03:42,565 [Thread-10704] INFO  impl.RoleInfo (RoleInfo.java:updateAndGet(143)) - 7c107f1d-8592-48e3-af71-5982c0af1f56: start LeaderElection
2019-10-21 23:03:42,572 [7c107f1d-8592-48e3-af71-5982c0af1f56@group-C1C12825AC52-LeaderElection1243] INFO  impl.LeaderElection (LeaderElection.java:askForVotes(178)) - 7c107f1d-8592-48e3-af71-5982c0af1f56@group-C1C12825AC52-LeaderElection1243: begin an election at term 182 for 0: [1244ca21-2158-4cc7-9e07-ba347e145504:192.168.69.118:43370, 7c107f1d-8592-48e3-af71-5982c0af1f56:192.168.69.118:36514, d10c8639-03b1-4f19-ac0f-6419d7578d59:192.168.69.118:37568], old=null
2019-10-21 23:03:42,573 [7c107f1d-8592-48e3-af71-5982c0af1f56@group-C1C12825AC52-LeaderElection1243] INFO  impl.LeaderElection (LogUtils.java:infoOrTrace(149)) - 7c107f1d-8592-48e3-af71-5982c0af1f56@group-C1C12825AC52-LeaderElection1243 got exception when requesting votes: {}
java.util.concurrent.ExecutionException: org.apache.ratis.thirdparty.io.grpc.StatusRuntimeException: UNAVAILABLE: io exception
	at java.util.concurrent.FutureTask.report(FutureTask.java:122)
	at java.util.concurrent.FutureTask.get(FutureTask.java:192)
	at org.apache.ratis.server.impl.LeaderElection.waitForResults(LeaderElection.java:259)
	at org.apache.ratis.server.impl.LeaderElection.askForVotes(LeaderElection.java:197)
	at org.apache.ratis.server.impl.LeaderElection.run(LeaderElection.java:133)
	at java.lang.Thread.run(Thread.java:748)
Caused by: org.apache.ratis.thirdparty.io.grpc.StatusRuntimeException: UNAVAILABLE: io exception
	at org.apache.ratis.thirdparty.io.grpc.stub.ClientCalls.toStatusRuntimeException(ClientCalls.java:233)
	at org.apache.ratis.thirdparty.io.grpc.stub.ClientCalls.getUnchecked(ClientCalls.java:214)
	at org.apache.ratis.thirdparty.io.grpc.stub.ClientCalls.blockingUnaryCall(ClientCalls.java:139)
	at org.apache.ratis.proto.grpc.RaftServerProtocolServiceGrpc$RaftServerProtocolServiceBlockingStub.requestVote(RaftServerProtocolServiceGrpc.java:265)
	at org.apache.ratis.grpc.server.GrpcServerProtocolClient.requestVote(GrpcServerProtocolClient.java:99)
	at org.apache.ratis.grpc.server.GrpcService.requestVote(GrpcService.java:204)
	at org.apache.ratis.server.impl.LeaderElection.lambda$submitRequests$1(LeaderElection.java:234)
	at java.util.concurrent.FutureTask.run(FutureTask.java:266)
	at java.util.concurrent.Executors$RunnableAdapter.call(Executors.java:511)
	at java.util.concurrent.FutureTask.run(FutureTask.java:266)
	at java.util.concurrent.ThreadPoolExecutor.runWorker(ThreadPoolExecutor.java:1149)
	at java.util.concurrent.ThreadPoolExecutor$Worker.run(ThreadPoolExecutor.java:624)
	... 1 more
Caused by: org.apache.ratis.thirdparty.io.netty.channel.AbstractChannel$AnnotatedConnectException: Connection refused: /192.168.69.118:37568
	at sun.nio.ch.SocketChannelImpl.checkConnect(Native Method)
	at sun.nio.ch.SocketChannelImpl.finishConnect(SocketChannelImpl.java:717)
	at org.apache.ratis.thirdparty.io.netty.channel.socket.nio.NioSocketChannel.doFinishConnect(NioSocketChannel.java:327)
	at org.apache.ratis.thirdparty.io.netty.channel.nio.AbstractNioChannel$AbstractNioUnsafe.finishConnect(AbstractNioChannel.java:340)
	at org.apache.ratis.thirdparty.io.netty.channel.nio.NioEventLoop.processSelectedKey(NioEventLoop.java:632)
	at org.apache.ratis.thirdparty.io.netty.channel.nio.NioEventLoop.processSelectedKeysOptimized(NioEventLoop.java:579)
	at org.apache.ratis.thirdparty.io.netty.channel.nio.NioEventLoop.processSelectedKeys(NioEventLoop.java:496)
	at org.apache.ratis.thirdparty.io.netty.channel.nio.NioEventLoop.run(NioEventLoop.java:458)
	at org.apache.ratis.thirdparty.io.netty.util.concurrent.SingleThreadEventExecutor$5.run(SingleThreadEventExecutor.java:897)
	at org.apache.ratis.thirdparty.io.netty.util.concurrent.FastThreadLocalRunnable.run(FastThreadLocalRunnable.java:30)
	... 1 more
Caused by: java.net.ConnectException: Connection refused
	... 11 more
2019-10-21 23:03:42,573 [7c107f1d-8592-48e3-af71-5982c0af1f56@group-C1C12825AC52-LeaderElection1243] INFO  impl.LeaderElection (LogUtils.java:infoOrTrace(149)) - 7c107f1d-8592-48e3-af71-5982c0af1f56@group-C1C12825AC52-LeaderElection1243 got exception when requesting votes: {}
java.util.concurrent.ExecutionException: org.apache.ratis.thirdparty.io.grpc.StatusRuntimeException: UNAVAILABLE: io exception
	at java.util.concurrent.FutureTask.report(FutureTask.java:122)
	at java.util.concurrent.FutureTask.get(FutureTask.java:192)
	at org.apache.ratis.server.impl.LeaderElection.waitForResults(LeaderElection.java:259)
	at org.apache.ratis.server.impl.LeaderElection.askForVotes(LeaderElection.java:197)
	at org.apache.ratis.server.impl.LeaderElection.run(LeaderElection.java:133)
	at java.lang.Thread.run(Thread.java:748)
Caused by: org.apache.ratis.thirdparty.io.grpc.StatusRuntimeException: UNAVAILABLE: io exception
	at org.apache.ratis.thirdparty.io.grpc.stub.ClientCalls.toStatusRuntimeException(ClientCalls.java:233)
	at org.apache.ratis.thirdparty.io.grpc.stub.ClientCalls.getUnchecked(ClientCalls.java:214)
	at org.apache.ratis.thirdparty.io.grpc.stub.ClientCalls.blockingUnaryCall(ClientCalls.java:139)
	at org.apache.ratis.proto.grpc.RaftServerProtocolServiceGrpc$RaftServerProtocolServiceBlockingStub.requestVote(RaftServerProtocolServiceGrpc.java:265)
	at org.apache.ratis.grpc.server.GrpcServerProtocolClient.requestVote(GrpcServerProtocolClient.java:99)
	at org.apache.ratis.grpc.server.GrpcService.requestVote(GrpcService.java:204)
	at org.apache.ratis.server.impl.LeaderElection.lambda$submitRequests$1(LeaderElection.java:234)
	at java.util.concurrent.FutureTask.run(FutureTask.java:266)
	at java.util.concurrent.Executors$RunnableAdapter.call(Executors.java:511)
	at java.util.concurrent.FutureTask.run(FutureTask.java:266)
	at java.util.concurrent.ThreadPoolExecutor.runWorker(ThreadPoolExecutor.java:1149)
	at java.util.concurrent.ThreadPoolExecutor$Worker.run(ThreadPoolExecutor.java:624)
	... 1 more
Caused by: org.apache.ratis.thirdparty.io.netty.channel.AbstractChannel$AnnotatedConnectException: Connection refused: /192.168.69.118:43370
	at sun.nio.ch.SocketChannelImpl.checkConnect(Native Method)
	at sun.nio.ch.SocketChannelImpl.finishConnect(SocketChannelImpl.java:717)
	at org.apache.ratis.thirdparty.io.netty.channel.socket.nio.NioSocketChannel.doFinishConnect(NioSocketChannel.java:327)
	at org.apache.ratis.thirdparty.io.netty.channel.nio.AbstractNioChannel$AbstractNioUnsafe.finishConnect(AbstractNioChannel.java:340)
	at org.apache.ratis.thirdparty.io.netty.channel.nio.NioEventLoop.processSelectedKey(NioEventLoop.java:632)
	at org.apache.ratis.thirdparty.io.netty.channel.nio.NioEventLoop.processSelectedKeysOptimized(NioEventLoop.java:579)
	at org.apache.ratis.thirdparty.io.netty.channel.nio.NioEventLoop.processSelectedKeys(NioEventLoop.java:496)
	at org.apache.ratis.thirdparty.io.netty.channel.nio.NioEventLoop.run(NioEventLoop.java:458)
	at org.apache.ratis.thirdparty.io.netty.util.concurrent.SingleThreadEventExecutor$5.run(SingleThreadEventExecutor.java:897)
	at org.apache.ratis.thirdparty.io.netty.util.concurrent.FastThreadLocalRunnable.run(FastThreadLocalRunnable.java:30)
	... 1 more
Caused by: java.net.ConnectException: Connection refused
	... 11 more
2019-10-21 23:03:42,574 [7c107f1d-8592-48e3-af71-5982c0af1f56@group-C1C12825AC52-LeaderElection1243] INFO  impl.LeaderElection (LeaderElection.java:logAndReturn(56)) - 7c107f1d-8592-48e3-af71-5982c0af1f56@group-C1C12825AC52-LeaderElection1243: Election REJECTED; received 0 response(s) [] and 2 exception(s); 7c107f1d-8592-48e3-af71-5982c0af1f56@group-C1C12825AC52:t182, leader=null, voted=7c107f1d-8592-48e3-af71-5982c0af1f56, raftlog=7c107f1d-8592-48e3-af71-5982c0af1f56@group-C1C12825AC52-SegmentedRaftLog:OPENED:c-1,f0,i0, conf=0: [1244ca21-2158-4cc7-9e07-ba347e145504:192.168.69.118:43370, 7c107f1d-8592-48e3-af71-5982c0af1f56:192.168.69.118:36514, d10c8639-03b1-4f19-ac0f-6419d7578d59:192.168.69.118:37568], old=null
2019-10-21 23:03:42,574 [7c107f1d-8592-48e3-af71-5982c0af1f56@group-C1C12825AC52-LeaderElection1243] INFO  impl.LeaderElection (LogUtils.java:infoOrTrace(149)) -   Exception 0: {}
java.util.concurrent.ExecutionException: org.apache.ratis.thirdparty.io.grpc.StatusRuntimeException: UNAVAILABLE: io exception
	at java.util.concurrent.FutureTask.report(FutureTask.java:122)
	at java.util.concurrent.FutureTask.get(FutureTask.java:192)
	at org.apache.ratis.server.impl.LeaderElection.waitForResults(LeaderElection.java:259)
	at org.apache.ratis.server.impl.LeaderElection.askForVotes(LeaderElection.java:197)
	at org.apache.ratis.server.impl.LeaderElection.run(LeaderElection.java:133)
	at java.lang.Thread.run(Thread.java:748)
Caused by: org.apache.ratis.thirdparty.io.grpc.StatusRuntimeException: UNAVAILABLE: io exception
	at org.apache.ratis.thirdparty.io.grpc.stub.ClientCalls.toStatusRuntimeException(ClientCalls.java:233)
	at org.apache.ratis.thirdparty.io.grpc.stub.ClientCalls.getUnchecked(ClientCalls.java:214)
	at org.apache.ratis.thirdparty.io.grpc.stub.ClientCalls.blockingUnaryCall(ClientCalls.java:139)
	at org.apache.ratis.proto.grpc.RaftServerProtocolServiceGrpc$RaftServerProtocolServiceBlockingStub.requestVote(RaftServerProtocolServiceGrpc.java:265)
	at org.apache.ratis.grpc.server.GrpcServerProtocolClient.requestVote(GrpcServerProtocolClient.java:99)
	at org.apache.ratis.grpc.server.GrpcService.requestVote(GrpcService.java:204)
	at org.apache.ratis.server.impl.LeaderElection.lambda$submitRequests$1(LeaderElection.java:234)
	at java.util.concurrent.FutureTask.run(FutureTask.java:266)
	at java.util.concurrent.Executors$RunnableAdapter.call(Executors.java:511)
	at java.util.concurrent.FutureTask.run(FutureTask.java:266)
	at java.util.concurrent.ThreadPoolExecutor.runWorker(ThreadPoolExecutor.java:1149)
	at java.util.concurrent.ThreadPoolExecutor$Worker.run(ThreadPoolExecutor.java:624)
	... 1 more
Caused by: org.apache.ratis.thirdparty.io.netty.channel.AbstractChannel$AnnotatedConnectException: Connection refused: /192.168.69.118:37568
	at sun.nio.ch.SocketChannelImpl.checkConnect(Native Method)
	at sun.nio.ch.SocketChannelImpl.finishConnect(SocketChannelImpl.java:717)
	at org.apache.ratis.thirdparty.io.netty.channel.socket.nio.NioSocketChannel.doFinishConnect(NioSocketChannel.java:327)
	at org.apache.ratis.thirdparty.io.netty.channel.nio.AbstractNioChannel$AbstractNioUnsafe.finishConnect(AbstractNioChannel.java:340)
	at org.apache.ratis.thirdparty.io.netty.channel.nio.NioEventLoop.processSelectedKey(NioEventLoop.java:632)
	at org.apache.ratis.thirdparty.io.netty.channel.nio.NioEventLoop.processSelectedKeysOptimized(NioEventLoop.java:579)
	at org.apache.ratis.thirdparty.io.netty.channel.nio.NioEventLoop.processSelectedKeys(NioEventLoop.java:496)
	at org.apache.ratis.thirdparty.io.netty.channel.nio.NioEventLoop.run(NioEventLoop.java:458)
	at org.apache.ratis.thirdparty.io.netty.util.concurrent.SingleThreadEventExecutor$5.run(SingleThreadEventExecutor.java:897)
	at org.apache.ratis.thirdparty.io.netty.util.concurrent.FastThreadLocalRunnable.run(FastThreadLocalRunnable.java:30)
	... 1 more
Caused by: java.net.ConnectException: Connection refused
	... 11 more
2019-10-21 23:03:42,574 [7c107f1d-8592-48e3-af71-5982c0af1f56@group-C1C12825AC52-LeaderElection1243] INFO  impl.LeaderElection (LogUtils.java:infoOrTrace(149)) -   Exception 1: {}
java.util.concurrent.ExecutionException: org.apache.ratis.thirdparty.io.grpc.StatusRuntimeException: UNAVAILABLE: io exception
	at java.util.concurrent.FutureTask.report(FutureTask.java:122)
	at java.util.concurrent.FutureTask.get(FutureTask.java:192)
	at org.apache.ratis.server.impl.LeaderElection.waitForResults(LeaderElection.java:259)
	at org.apache.ratis.server.impl.LeaderElection.askForVotes(LeaderElection.java:197)
	at org.apache.ratis.server.impl.LeaderElection.run(LeaderElection.java:133)
	at java.lang.Thread.run(Thread.java:748)
Caused by: org.apache.ratis.thirdparty.io.grpc.StatusRuntimeException: UNAVAILABLE: io exception
	at org.apache.ratis.thirdparty.io.grpc.stub.ClientCalls.toStatusRuntimeException(ClientCalls.java:233)
	at org.apache.ratis.thirdparty.io.grpc.stub.ClientCalls.getUnchecked(ClientCalls.java:214)
	at org.apache.ratis.thirdparty.io.grpc.stub.ClientCalls.blockingUnaryCall(ClientCalls.java:139)
	at org.apache.ratis.proto.grpc.RaftServerProtocolServiceGrpc$RaftServerProtocolServiceBlockingStub.requestVote(RaftServerProtocolServiceGrpc.java:265)
	at org.apache.ratis.grpc.server.GrpcServerProtocolClient.requestVote(GrpcServerProtocolClient.java:99)
	at org.apache.ratis.grpc.server.GrpcService.requestVote(GrpcService.java:204)
	at org.apache.ratis.server.impl.LeaderElection.lambda$submitRequests$1(LeaderElection.java:234)
	at java.util.concurrent.FutureTask.run(FutureTask.java:266)
	at java.util.concurrent.Executors$RunnableAdapter.call(Executors.java:511)
	at java.util.concurrent.FutureTask.run(FutureTask.java:266)
	at java.util.concurrent.ThreadPoolExecutor.runWorker(ThreadPoolExecutor.java:1149)
	at java.util.concurrent.ThreadPoolExecutor$Worker.run(ThreadPoolExecutor.java:624)
	... 1 more
Caused by: org.apache.ratis.thirdparty.io.netty.channel.AbstractChannel$AnnotatedConnectException: Connection refused: /192.168.69.118:43370
	at sun.nio.ch.SocketChannelImpl.checkConnect(Native Method)
	at sun.nio.ch.SocketChannelImpl.finishConnect(SocketChannelImpl.java:717)
	at org.apache.ratis.thirdparty.io.netty.channel.socket.nio.NioSocketChannel.doFinishConnect(NioSocketChannel.java:327)
	at org.apache.ratis.thirdparty.io.netty.channel.nio.AbstractNioChannel$AbstractNioUnsafe.finishConnect(AbstractNioChannel.java:340)
	at org.apache.ratis.thirdparty.io.netty.channel.nio.NioEventLoop.processSelectedKey(NioEventLoop.java:632)
	at org.apache.ratis.thirdparty.io.netty.channel.nio.NioEventLoop.processSelectedKeysOptimized(NioEventLoop.java:579)
	at org.apache.ratis.thirdparty.io.netty.channel.nio.NioEventLoop.processSelectedKeys(NioEventLoop.java:496)
	at org.apache.ratis.thirdparty.io.netty.channel.nio.NioEventLoop.run(NioEventLoop.java:458)
	at org.apache.ratis.thirdparty.io.netty.util.concurrent.SingleThreadEventExecutor$5.run(SingleThreadEventExecutor.java:897)
	at org.apache.ratis.thirdparty.io.netty.util.concurrent.FastThreadLocalRunnable.run(FastThreadLocalRunnable.java:30)
	... 1 more
Caused by: java.net.ConnectException: Connection refused
	... 11 more
2019-10-21 23:03:42,575 [7c107f1d-8592-48e3-af71-5982c0af1f56@group-C1C12825AC52-LeaderElection1243] INFO  impl.RaftServerImpl (RaftServerImpl.java:setRole(184)) - 7c107f1d-8592-48e3-af71-5982c0af1f56@group-C1C12825AC52: changes role from CANDIDATE to FOLLOWER at term 182 for DISCOVERED_A_NEW_TERM
2019-10-21 23:03:42,575 [7c107f1d-8592-48e3-af71-5982c0af1f56@group-C1C12825AC52-LeaderElection1243] INFO  impl.RoleInfo (RoleInfo.java:shutdownLeaderElection(134)) - 7c107f1d-8592-48e3-af71-5982c0af1f56: shutdown LeaderElection
2019-10-21 23:03:42,575 [7c107f1d-8592-48e3-af71-5982c0af1f56@group-C1C12825AC52-LeaderElection1243] INFO  impl.RoleInfo (RoleInfo.java:updateAndGet(143)) - 7c107f1d-8592-48e3-af71-5982c0af1f56: start FollowerState
2019-10-21 23:03:42,780 [java.util.concurrent.ThreadPoolExecutor$Worker@5a2bc4fb[State = -1, empty queue]] WARN  server.GrpcLogAppender (GrpcLogAppender.java:timeoutAppendRequest(209)) - 8f86521a-dea0-43d1-ae77-898e04dffe78@group-2FC1C8829C54->9aaebd24-66cb-4b96-a722-f4b7b0063a4e-GrpcLogAppender: appendEntries Timeout, request=8f86521a-dea0-43d1-ae77-898e04dffe78->9aaebd24-66cb-4b96-a722-f4b7b0063a4e#54-t1, previous=(t:1, i:10), leaderCommit=10, initializing? false, entries: <empty>
2019-10-21 23:03:43,163 [ForkJoinPool.commonPool-worker-0] INFO  ozoneimpl.OzoneContainer (OzoneContainer.java:stop(227)) - Attempting to stop container services.
2019-10-21 23:03:43,164 [ForkJoinPool.commonPool-worker-0] INFO  impl.RaftServerProxy (RaftServerProxy.java:lambda$close$4(314)) - 8f86521a-dea0-43d1-ae77-898e04dffe78: close
2019-10-21 23:03:43,164 [ForkJoinPool.commonPool-worker-0] INFO  impl.RaftServerImpl (RaftServerImpl.java:lambda$shutdown$3(261)) - 8f86521a-dea0-43d1-ae77-898e04dffe78@group-444865C88E0F: shutdown
2019-10-21 23:03:43,164 [ForkJoinPool.commonPool-worker-0] INFO  util.JmxRegister (JmxRegister.java:unregister(73)) - Successfully un-registered JMX Bean with object name Ratis:service=RaftServer,group=group-444865C88E0F,id=8f86521a-dea0-43d1-ae77-898e04dffe78
2019-10-21 23:03:43,164 [ForkJoinPool.commonPool-worker-0] INFO  impl.RoleInfo (RoleInfo.java:shutdownLeaderState(104)) - 8f86521a-dea0-43d1-ae77-898e04dffe78: shutdown LeaderState
2019-10-21 23:03:43,165 [ForkJoinPool.commonPool-worker-0] INFO  impl.PendingRequests (PendingRequests.java:sendNotLeaderResponses(202)) - 8f86521a-dea0-43d1-ae77-898e04dffe78@group-444865C88E0F-PendingRequests: sendNotLeaderResponses
2019-10-21 23:03:43,165 [ForkJoinPool.commonPool-worker-0] INFO  impl.StateMachineUpdater (StateMachineUpdater.java:stopAndJoin(136)) - 8f86521a-dea0-43d1-ae77-898e04dffe78@group-444865C88E0F-StateMachineUpdater: set stopIndex = 0
2019-10-21 23:03:43,165 [ForkJoinPool.commonPool-worker-0] INFO  impl.RaftServerImpl (ServerState.java:close(388)) - 8f86521a-dea0-43d1-ae77-898e04dffe78@group-444865C88E0F: closes. applyIndex: 0
2019-10-21 23:03:43,165 [8f86521a-dea0-43d1-ae77-898e04dffe78@group-444865C88E0F-SegmentedRaftLogWorker] INFO  segmented.SegmentedRaftLogWorker (SegmentedRaftLogWorker.java:run(316)) - 8f86521a-dea0-43d1-ae77-898e04dffe78@group-444865C88E0F-SegmentedRaftLogWorker was interrupted, exiting. There are 0 tasks remaining in the queue.
2019-10-21 23:03:43,169 [ForkJoinPool.commonPool-worker-0] INFO  segmented.SegmentedRaftLogWorker (SegmentedRaftLogWorker.java:close(224)) - 8f86521a-dea0-43d1-ae77-898e04dffe78@group-444865C88E0F-SegmentedRaftLogWorker close()
2019-10-21 23:03:43,172 [ForkJoinPool.commonPool-worker-0] INFO  impl.RaftServerImpl (RaftServerImpl.java:lambda$shutdown$3(261)) - 8f86521a-dea0-43d1-ae77-898e04dffe78@group-2FC1C8829C54: shutdown
2019-10-21 23:03:43,172 [ForkJoinPool.commonPool-worker-0] INFO  util.JmxRegister (JmxRegister.java:unregister(73)) - Successfully un-registered JMX Bean with object name Ratis:service=RaftServer,group=group-2FC1C8829C54,id=8f86521a-dea0-43d1-ae77-898e04dffe78
2019-10-21 23:03:43,172 [ForkJoinPool.commonPool-worker-0] INFO  impl.RoleInfo (RoleInfo.java:shutdownLeaderState(104)) - 8f86521a-dea0-43d1-ae77-898e04dffe78: shutdown LeaderState
2019-10-21 23:03:43,174 [ForkJoinPool.commonPool-worker-0] INFO  impl.PendingRequests (PendingRequests.java:sendNotLeaderResponses(202)) - 8f86521a-dea0-43d1-ae77-898e04dffe78@group-2FC1C8829C54-PendingRequests: sendNotLeaderResponses
2019-10-21 23:03:43,175 [org.apache.ratis.server.impl.LogAppender$AppenderDaemon$$Lambda$485/205454701@3f22e4be] WARN  server.GrpcLogAppender (GrpcLogAppender.java:mayWait(149)) - 8f86521a-dea0-43d1-ae77-898e04dffe78@group-2FC1C8829C54->75bcb3a2-b551-405f-b8dd-694cefee0d48-GrpcLogAppender: Wait interrupted by java.lang.InterruptedException
2019-10-21 23:03:43,174 [org.apache.ratis.server.impl.LogAppender$AppenderDaemon$$Lambda$485/205454701@ed71e6e] WARN  server.GrpcLogAppender (GrpcLogAppender.java:mayWait(149)) - 8f86521a-dea0-43d1-ae77-898e04dffe78@group-2FC1C8829C54->9aaebd24-66cb-4b96-a722-f4b7b0063a4e-GrpcLogAppender: Wait interrupted by java.lang.InterruptedException
2019-10-21 23:03:43,177 [8f86521a-dea0-43d1-ae77-898e04dffe78@group-2FC1C8829C54-StateMachineUpdater] INFO  ratis.ContainerStateMachine (ContainerStateMachine.java:takeSnapshot(294)) - group-2FC1C8829C54: Taking a snapshot at:(t:1, i:8) file /workdir/hadoop-ozone/integration-test/target/test-dir/MiniOzoneClusterImpl-d9aa8a4b-930f-46eb-8e95-9ce1bbfd2407/datanode-3/data/ratis/f1772525-8379-4a34-84d1-2fc1c8829c54/sm/snapshot.1_8
2019-10-21 23:03:43,177 [ForkJoinPool.commonPool-worker-0] INFO  impl.StateMachineUpdater (StateMachineUpdater.java:stopAndJoin(136)) - 8f86521a-dea0-43d1-ae77-898e04dffe78@group-2FC1C8829C54-StateMachineUpdater: set stopIndex = 10
2019-10-21 23:03:43,178 [grpc-default-executor-8] INFO  server.GrpcServerProtocolService (GrpcServerProtocolService.java:onCompleted(113)) - 75bcb3a2-b551-405f-b8dd-694cefee0d48: Completed APPEND_ENTRIES, lastRequest: 8f86521a-dea0-43d1-ae77-898e04dffe78->75bcb3a2-b551-405f-b8dd-694cefee0d48#60-t1, previous=(t:1, i:10), leaderCommit=10, initializing? false, entries: <empty>
2019-10-21 23:03:43,178 [grpc-default-executor-6] INFO  server.GrpcLogAppender (GrpcLogAppender.java:onCompleted(308)) - 8f86521a-dea0-43d1-ae77-898e04dffe78@group-2FC1C8829C54->75bcb3a2-b551-405f-b8dd-694cefee0d48-AppendLogResponseHandler: follower responses appendEntries COMPLETED
2019-10-21 23:03:43,180 [grpc-default-executor-6] INFO  impl.FollowerInfo (FollowerInfo.java:lambda$new$0(51)) - 8f86521a-dea0-43d1-ae77-898e04dffe78@group-2FC1C8829C54->75bcb3a2-b551-405f-b8dd-694cefee0d48: nextIndex: updateUnconditionally 11 -> 10
2019-10-21 23:03:43,190 [main] INFO  ozoneimpl.OzoneContainer (OzoneContainer.java:stop(227)) - Attempting to stop container services.
2019-10-21 23:03:43,190 [main] INFO  impl.RaftServerProxy (RaftServerProxy.java:lambda$close$4(314)) - 1ece9cc6-afa0-4e0e-a250-be9279276c08: close
2019-10-21 23:03:43,190 [main] INFO  impl.RaftServerImpl (RaftServerImpl.java:lambda$shutdown$3(261)) - 1ece9cc6-afa0-4e0e-a250-be9279276c08@group-B9DE29A44889: shutdown
2019-10-21 23:03:43,190 [main] INFO  util.JmxRegister (JmxRegister.java:unregister(73)) - Successfully un-registered JMX Bean with object name Ratis:service=RaftServer,group=group-B9DE29A44889,id=1ece9cc6-afa0-4e0e-a250-be9279276c08
2019-10-21 23:03:43,191 [main] INFO  impl.RoleInfo (RoleInfo.java:shutdownLeaderState(104)) - 1ece9cc6-afa0-4e0e-a250-be9279276c08: shutdown LeaderState
2019-10-21 23:03:43,191 [main] INFO  impl.PendingRequests (PendingRequests.java:sendNotLeaderResponses(202)) - 1ece9cc6-afa0-4e0e-a250-be9279276c08@group-B9DE29A44889-PendingRequests: sendNotLeaderResponses
2019-10-21 23:03:43,191 [main] INFO  impl.StateMachineUpdater (StateMachineUpdater.java:stopAndJoin(136)) - 1ece9cc6-afa0-4e0e-a250-be9279276c08@group-B9DE29A44889-StateMachineUpdater: set stopIndex = 0
2019-10-21 23:03:43,191 [main] INFO  impl.RaftServerImpl (ServerState.java:close(388)) - 1ece9cc6-afa0-4e0e-a250-be9279276c08@group-B9DE29A44889: closes. applyIndex: 0
2019-10-21 23:03:43,192 [1ece9cc6-afa0-4e0e-a250-be9279276c08@group-B9DE29A44889-SegmentedRaftLogWorker] INFO  segmented.SegmentedRaftLogWorker (SegmentedRaftLogWorker.java:run(316)) - 1ece9cc6-afa0-4e0e-a250-be9279276c08@group-B9DE29A44889-SegmentedRaftLogWorker was interrupted, exiting. There are 0 tasks remaining in the queue.
2019-10-21 23:03:43,193 [main] INFO  segmented.SegmentedRaftLogWorker (SegmentedRaftLogWorker.java:close(224)) - 1ece9cc6-afa0-4e0e-a250-be9279276c08@group-B9DE29A44889-SegmentedRaftLogWorker close()
2019-10-21 23:03:43,195 [main] INFO  impl.RaftServerImpl (RaftServerImpl.java:lambda$shutdown$3(261)) - 1ece9cc6-afa0-4e0e-a250-be9279276c08@group-B21FAD438C36: shutdown
2019-10-21 23:03:43,196 [main] INFO  util.JmxRegister (JmxRegister.java:unregister(73)) - Successfully un-registered JMX Bean with object name Ratis:service=RaftServer,group=group-B21FAD438C36,id=1ece9cc6-afa0-4e0e-a250-be9279276c08
2019-10-21 23:03:43,196 [main] INFO  impl.RoleInfo (RoleInfo.java:shutdownLeaderState(104)) - 1ece9cc6-afa0-4e0e-a250-be9279276c08: shutdown LeaderState
2019-10-21 23:03:43,196 [8f86521a-dea0-43d1-ae77-898e04dffe78@group-2FC1C8829C54-StateMachineUpdater] INFO  ratis.ContainerStateMachine (ContainerStateMachine.java:takeSnapshot(305)) - group-2FC1C8829C54: Finished taking a snapshot at:(t:1, i:8) file:/workdir/hadoop-ozone/integration-test/target/test-dir/MiniOzoneClusterImpl-d9aa8a4b-930f-46eb-8e95-9ce1bbfd2407/datanode-3/data/ratis/f1772525-8379-4a34-84d1-2fc1c8829c54/sm/snapshot.1_8 time:19
2019-10-21 23:03:43,208 [org.apache.ratis.server.impl.LogAppender$AppenderDaemon$$Lambda$485/205454701@5da80d5c] WARN  server.GrpcLogAppender (GrpcLogAppender.java:mayWait(149)) - 1ece9cc6-afa0-4e0e-a250-be9279276c08@group-B21FAD438C36->bc9ab211-cc75-4801-ac6a-7532c28ed948-GrpcLogAppender: Wait interrupted by java.lang.InterruptedException
2019-10-21 23:03:43,208 [main] INFO  impl.PendingRequests (PendingRequests.java:sendNotLeaderResponses(202)) - 1ece9cc6-afa0-4e0e-a250-be9279276c08@group-B21FAD438C36-PendingRequests: sendNotLeaderResponses
2019-10-21 23:03:43,209 [grpc-default-executor-6] INFO  server.GrpcServerProtocolService (GrpcServerProtocolService.java:onCompleted(113)) - bc9ab211-cc75-4801-ac6a-7532c28ed948: Completed APPEND_ENTRIES, lastRequest: 1ece9cc6-afa0-4e0e-a250-be9279276c08->bc9ab211-cc75-4801-ac6a-7532c28ed948#51-t2, previous=(t:2, i:0), leaderCommit=0, initializing? false, entries: <empty>
2019-10-21 23:03:43,209 [8f86521a-dea0-43d1-ae77-898e04dffe78@group-2FC1C8829C54-StateMachineUpdater] INFO  impl.StateMachineUpdater (StateMachineUpdater.java:takeSnapshot(269)) - 8f86521a-dea0-43d1-ae77-898e04dffe78@group-2FC1C8829C54-StateMachineUpdater: Took a snapshot at index 8
2019-10-21 23:03:43,209 [org.apache.ratis.server.impl.LogAppender$AppenderDaemon$$Lambda$485/205454701@c70af70] WARN  server.GrpcLogAppender (GrpcLogAppender.java:mayWait(149)) - 1ece9cc6-afa0-4e0e-a250-be9279276c08@group-B21FAD438C36->5e72733e-cb8a-4e36-9088-390b573ceccc-GrpcLogAppender: Wait interrupted by java.lang.InterruptedException
2019-10-21 23:03:43,209 [8f86521a-dea0-43d1-ae77-898e04dffe78@group-2FC1C8829C54-StateMachineUpdater] INFO  impl.StateMachineUpdater (StateMachineUpdater.java:lambda$new$0(84)) - 8f86521a-dea0-43d1-ae77-898e04dffe78@group-2FC1C8829C54-StateMachineUpdater: snapshotIndex: updateIncreasingly -1 -> 8
2019-10-21 23:03:43,209 [main] INFO  impl.StateMachineUpdater (StateMachineUpdater.java:stopAndJoin(136)) - 1ece9cc6-afa0-4e0e-a250-be9279276c08@group-B21FAD438C36-StateMachineUpdater: set stopIndex = 0
2019-10-21 23:03:43,210 [8f86521a-dea0-43d1-ae77-898e04dffe78@group-2FC1C8829C54-StateMachineUpdater] INFO  ratis.ContainerStateMachine (ContainerStateMachine.java:takeSnapshot(294)) - group-2FC1C8829C54: Taking a snapshot at:(t:1, i:8) file /workdir/hadoop-ozone/integration-test/target/test-dir/MiniOzoneClusterImpl-d9aa8a4b-930f-46eb-8e95-9ce1bbfd2407/datanode-3/data/ratis/f1772525-8379-4a34-84d1-2fc1c8829c54/sm/snapshot.1_8
2019-10-21 23:03:43,209 [grpc-default-executor-8] INFO  server.GrpcServerProtocolService (GrpcServerProtocolService.java:onCompleted(113)) - 5e72733e-cb8a-4e36-9088-390b573ceccc: Completed APPEND_ENTRIES, lastRequest: 1ece9cc6-afa0-4e0e-a250-be9279276c08->5e72733e-cb8a-4e36-9088-390b573ceccc#51-t2, previous=(t:2, i:0), leaderCommit=0, initializing? false, entries: <empty>
2019-10-21 23:03:43,209 [grpc-default-executor-6] INFO  server.GrpcLogAppender (GrpcLogAppender.java:onCompleted(308)) - 1ece9cc6-afa0-4e0e-a250-be9279276c08@group-B21FAD438C36->bc9ab211-cc75-4801-ac6a-7532c28ed948-AppendLogResponseHandler: follower responses appendEntries COMPLETED
2019-10-21 23:03:43,210 [grpc-default-executor-5] INFO  server.GrpcLogAppender (GrpcLogAppender.java:onCompleted(308)) - 1ece9cc6-afa0-4e0e-a250-be9279276c08@group-B21FAD438C36->5e72733e-cb8a-4e36-9088-390b573ceccc-AppendLogResponseHandler: follower responses appendEntries COMPLETED
2019-10-21 23:03:43,210 [main] INFO  impl.RaftServerImpl (ServerState.java:close(388)) - 1ece9cc6-afa0-4e0e-a250-be9279276c08@group-B21FAD438C36: closes. applyIndex: 0
2019-10-21 23:03:43,213 [grpc-default-executor-6] INFO  impl.FollowerInfo (FollowerInfo.java:lambda$new$0(51)) - 1ece9cc6-afa0-4e0e-a250-be9279276c08@group-B21FAD438C36->bc9ab211-cc75-4801-ac6a-7532c28ed948: nextIndex: updateUnconditionally 1 -> 0
2019-10-21 23:03:43,213 [grpc-default-executor-5] INFO  impl.FollowerInfo (FollowerInfo.java:lambda$new$0(51)) - 1ece9cc6-afa0-4e0e-a250-be9279276c08@group-B21FAD438C36->5e72733e-cb8a-4e36-9088-390b573ceccc: nextIndex: updateUnconditionally 1 -> 0
2019-10-21 23:03:43,213 [1ece9cc6-afa0-4e0e-a250-be9279276c08@group-B21FAD438C36-SegmentedRaftLogWorker] INFO  segmented.SegmentedRaftLogWorker (SegmentedRaftLogWorker.java:run(316)) - 1ece9cc6-afa0-4e0e-a250-be9279276c08@group-B21FAD438C36-SegmentedRaftLogWorker was interrupted, exiting. There are 0 tasks remaining in the queue.
2019-10-21 23:03:43,215 [main] INFO  segmented.SegmentedRaftLogWorker (SegmentedRaftLogWorker.java:close(224)) - 1ece9cc6-afa0-4e0e-a250-be9279276c08@group-B21FAD438C36-SegmentedRaftLogWorker close()
2019-10-21 23:03:43,217 [main] INFO  server.GrpcService (GrpcService.java:closeImpl(164)) - 1ece9cc6-afa0-4e0e-a250-be9279276c08: shutdown server with port 46095 now
2019-10-21 23:03:43,218 [main] INFO  server.GrpcService (GrpcService.java:closeImpl(172)) - 1ece9cc6-afa0-4e0e-a250-be9279276c08: shutdown server with port 46095 successfully
2019-10-21 23:03:43,220 [refreshUsed-/workdir/hadoop-ozone/integration-test/target/test-dir/MiniOzoneClusterImpl-d9aa8a4b-930f-46eb-8e95-9ce1bbfd2407/datanode-6/data/containers] WARN  fs.CachingGetSpaceUsed (CachingGetSpaceUsed.java:run(183)) - Thread Interrupted waiting to refresh disk information: sleep interrupted
2019-10-21 23:03:43,224 [8f86521a-dea0-43d1-ae77-898e04dffe78@group-2FC1C8829C54-StateMachineUpdater] INFO  ratis.ContainerStateMachine (ContainerStateMachine.java:takeSnapshot(305)) - group-2FC1C8829C54: Finished taking a snapshot at:(t:1, i:8) file:/workdir/hadoop-ozone/integration-test/target/test-dir/MiniOzoneClusterImpl-d9aa8a4b-930f-46eb-8e95-9ce1bbfd2407/datanode-3/data/ratis/f1772525-8379-4a34-84d1-2fc1c8829c54/sm/snapshot.1_8 time:15
2019-10-21 23:03:43,225 [8f86521a-dea0-43d1-ae77-898e04dffe78@group-2FC1C8829C54-StateMachineUpdater] INFO  impl.StateMachineUpdater (StateMachineUpdater.java:takeSnapshot(269)) - 8f86521a-dea0-43d1-ae77-898e04dffe78@group-2FC1C8829C54-StateMachineUpdater: Took a snapshot at index 8
2019-10-21 23:03:43,225 [8f86521a-dea0-43d1-ae77-898e04dffe78@group-2FC1C8829C54-StateMachineUpdater] INFO  impl.StateMachineUpdater (StateMachineUpdater.java:lambda$new$0(84)) - 8f86521a-dea0-43d1-ae77-898e04dffe78@group-2FC1C8829C54-StateMachineUpdater: snapshotIndex: updateIncreasingly 8 -> 8
2019-10-21 23:03:43,225 [ForkJoinPool.commonPool-worker-0] INFO  impl.RaftServerImpl (ServerState.java:close(388)) - 8f86521a-dea0-43d1-ae77-898e04dffe78@group-2FC1C8829C54: closes. applyIndex: 10
2019-10-21 23:03:43,225 [8f86521a-dea0-43d1-ae77-898e04dffe78@group-2FC1C8829C54-SegmentedRaftLogWorker] INFO  segmented.SegmentedRaftLogWorker (SegmentedRaftLogWorker.java:run(316)) - 8f86521a-dea0-43d1-ae77-898e04dffe78@group-2FC1C8829C54-SegmentedRaftLogWorker was interrupted, exiting. There are 0 tasks remaining in the queue.
2019-10-21 23:03:43,227 [ForkJoinPool.commonPool-worker-0] INFO  segmented.SegmentedRaftLogWorker (SegmentedRaftLogWorker.java:close(224)) - 8f86521a-dea0-43d1-ae77-898e04dffe78@group-2FC1C8829C54-SegmentedRaftLogWorker close()
2019-10-21 23:03:43,229 [ForkJoinPool.commonPool-worker-0] INFO  server.GrpcService (GrpcService.java:closeImpl(164)) - 8f86521a-dea0-43d1-ae77-898e04dffe78: shutdown server with port 34690 now
2019-10-21 23:03:43,232 [ForkJoinPool.commonPool-worker-0] INFO  server.GrpcService (GrpcService.java:closeImpl(172)) - 8f86521a-dea0-43d1-ae77-898e04dffe78: shutdown server with port 34690 successfully
2019-10-21 23:03:43,233 [grpc-default-executor-6] WARN  client.GrpcClientProtocolService (LogUtils.java:warn(134)) - 1-UnorderedRequestStreamObserver1: onError: org.apache.ratis.thirdparty.io.grpc.StatusRuntimeException: CANCELLED: cancelled before receiving half close
2019-10-21 23:03:43,235 [refreshUsed-/workdir/hadoop-ozone/integration-test/target/test-dir/MiniOzoneClusterImpl-d9aa8a4b-930f-46eb-8e95-9ce1bbfd2407/datanode-3/data/containers] WARN  fs.CachingGetSpaceUsed (CachingGetSpaceUsed.java:run(183)) - Thread Interrupted waiting to refresh disk information: sleep interrupted
2019-10-21 23:03:43,241 [main] INFO  utils.BackgroundService (BackgroundService.java:shutdown(151)) - Shutting down service BlockDeletingService
2019-10-21 23:03:43,242 [main] INFO  statemachine.DatanodeStateMachine (DatanodeStateMachine.java:stopDaemon(395)) - Ozone container server stopped.
2019-10-21 23:03:43,243 [main] INFO  handler.ContextHandler (ContextHandler.java:doStop(910)) - Stopped o.e.j.w.WebAppContext@1192c925{/,null,UNAVAILABLE}{/hddsDatanode}
2019-10-21 23:03:43,243 [main] INFO  server.AbstractConnector (AbstractConnector.java:doStop(318)) - Stopped ServerConnector@615b5480{HTTP/1.1,[http/1.1]}{0.0.0.0:0}
2019-10-21 23:03:43,244 [main] INFO  handler.ContextHandler (ContextHandler.java:doStop(910)) - Stopped o.e.j.s.ServletContextHandler@3f0ce0d1{/static,jar:file:/home/user/.m2/repository/org/apache/hadoop/hadoop-hdds-container-service/0.5.0-SNAPSHOT/hadoop-hdds-container-service-0.5.0-SNAPSHOT.jar!/webapps/static,UNAVAILABLE}
2019-10-21 23:03:43,244 [main] INFO  handler.ContextHandler (ContextHandler.java:doStop(910)) - Stopped o.e.j.s.ServletContextHandler@68c34db2{/logs,file:///workdir/hadoop-ozone/integration-test/target/log,UNAVAILABLE}
2019-10-21 23:03:43,247 [ForkJoinPool.commonPool-worker-0] INFO  utils.BackgroundService (BackgroundService.java:shutdown(151)) - Shutting down service BlockDeletingService
2019-10-21 23:03:43,248 [ForkJoinPool.commonPool-worker-0] INFO  statemachine.DatanodeStateMachine (DatanodeStateMachine.java:stopDaemon(395)) - Ozone container server stopped.
2019-10-21 23:03:43,252 [ForkJoinPool.commonPool-worker-0] INFO  handler.ContextHandler (ContextHandler.java:doStop(910)) - Stopped o.e.j.w.WebAppContext@33bdd01{/,null,UNAVAILABLE}{/hddsDatanode}
2019-10-21 23:03:43,252 [ForkJoinPool.commonPool-worker-0] INFO  server.AbstractConnector (AbstractConnector.java:doStop(318)) - Stopped ServerConnector@159ac15f{HTTP/1.1,[http/1.1]}{0.0.0.0:0}
2019-10-21 23:03:43,254 [ForkJoinPool.commonPool-worker-0] INFO  handler.ContextHandler (ContextHandler.java:doStop(910)) - Stopped o.e.j.s.ServletContextHandler@5e9bf744{/static,jar:file:/home/user/.m2/repository/org/apache/hadoop/hadoop-hdds-container-service/0.5.0-SNAPSHOT/hadoop-hdds-container-service-0.5.0-SNAPSHOT.jar!/webapps/static,UNAVAILABLE}
2019-10-21 23:03:43,255 [ForkJoinPool.commonPool-worker-0] INFO  handler.ContextHandler (ContextHandler.java:doStop(910)) - Stopped o.e.j.s.ServletContextHandler@24e5389c{/logs,file:///workdir/hadoop-ozone/integration-test/target/log,UNAVAILABLE}
2019-10-21 23:03:43,281 [java.util.concurrent.ThreadPoolExecutor$Worker@5a2bc4fb[State = -1, empty queue]] WARN  server.GrpcLogAppender (GrpcLogAppender.java:timeoutAppendRequest(209)) - 8f86521a-dea0-43d1-ae77-898e04dffe78@group-2FC1C8829C54->9aaebd24-66cb-4b96-a722-f4b7b0063a4e-GrpcLogAppender: appendEntries Timeout, request=8f86521a-dea0-43d1-ae77-898e04dffe78->9aaebd24-66cb-4b96-a722-f4b7b0063a4e#55-t1, previous=(t:1, i:10), leaderCommit=10, initializing? false, entries: <empty>
2019-10-21 23:03:43,608 [Thread-10714] INFO  impl.FollowerState (FollowerState.java:run(108)) - 7c107f1d-8592-48e3-af71-5982c0af1f56@group-C1C12825AC52-FollowerState: change to CANDIDATE, lastRpcTime:1033ms, electionTimeout:1033ms
2019-10-21 23:03:43,608 [Thread-10714] INFO  impl.RoleInfo (RoleInfo.java:shutdownFollowerState(121)) - 7c107f1d-8592-48e3-af71-5982c0af1f56: shutdown FollowerState
2019-10-21 23:03:43,609 [Thread-10714] INFO  impl.RaftServerImpl (RaftServerImpl.java:setRole(184)) - 7c107f1d-8592-48e3-af71-5982c0af1f56@group-C1C12825AC52: changes role from  FOLLOWER to CANDIDATE at term 182 for changeToCandidate
2019-10-21 23:03:43,609 [Thread-10714] INFO  impl.RoleInfo (RoleInfo.java:updateAndGet(143)) - 7c107f1d-8592-48e3-af71-5982c0af1f56: start LeaderElection
2019-10-21 23:03:43,623 [7c107f1d-8592-48e3-af71-5982c0af1f56@group-C1C12825AC52-LeaderElection1244] INFO  impl.LeaderElection (LeaderElection.java:askForVotes(178)) - 7c107f1d-8592-48e3-af71-5982c0af1f56@group-C1C12825AC52-LeaderElection1244: begin an election at term 183 for 0: [1244ca21-2158-4cc7-9e07-ba347e145504:192.168.69.118:43370, 7c107f1d-8592-48e3-af71-5982c0af1f56:192.168.69.118:36514, d10c8639-03b1-4f19-ac0f-6419d7578d59:192.168.69.118:37568], old=null
2019-10-21 23:03:43,624 [7c107f1d-8592-48e3-af71-5982c0af1f56@group-C1C12825AC52-LeaderElection1244] INFO  impl.LeaderElection (LogUtils.java:infoOrTrace(149)) - 7c107f1d-8592-48e3-af71-5982c0af1f56@group-C1C12825AC52-LeaderElection1244 got exception when requesting votes: {}
java.util.concurrent.ExecutionException: org.apache.ratis.thirdparty.io.grpc.StatusRuntimeException: UNAVAILABLE: io exception
	at java.util.concurrent.FutureTask.report(FutureTask.java:122)
	at java.util.concurrent.FutureTask.get(FutureTask.java:192)
	at org.apache.ratis.server.impl.LeaderElection.waitForResults(LeaderElection.java:259)
	at org.apache.ratis.server.impl.LeaderElection.askForVotes(LeaderElection.java:197)
	at org.apache.ratis.server.impl.LeaderElection.run(LeaderElection.java:133)
	at java.lang.Thread.run(Thread.java:748)
Caused by: org.apache.ratis.thirdparty.io.grpc.StatusRuntimeException: UNAVAILABLE: io exception
	at org.apache.ratis.thirdparty.io.grpc.stub.ClientCalls.toStatusRuntimeException(ClientCalls.java:233)
	at org.apache.ratis.thirdparty.io.grpc.stub.ClientCalls.getUnchecked(ClientCalls.java:214)
	at org.apache.ratis.thirdparty.io.grpc.stub.ClientCalls.blockingUnaryCall(ClientCalls.java:139)
	at org.apache.ratis.proto.grpc.RaftServerProtocolServiceGrpc$RaftServerProtocolServiceBlockingStub.requestVote(RaftServerProtocolServiceGrpc.java:265)
	at org.apache.ratis.grpc.server.GrpcServerProtocolClient.requestVote(GrpcServerProtocolClient.java:99)
	at org.apache.ratis.grpc.server.GrpcService.requestVote(GrpcService.java:204)
	at org.apache.ratis.server.impl.LeaderElection.lambda$submitRequests$1(LeaderElection.java:234)
	at java.util.concurrent.FutureTask.run(FutureTask.java:266)
	at java.util.concurrent.Executors$RunnableAdapter.call(Executors.java:511)
	at java.util.concurrent.FutureTask.run(FutureTask.java:266)
	at java.util.concurrent.ThreadPoolExecutor.runWorker(ThreadPoolExecutor.java:1149)
	at java.util.concurrent.ThreadPoolExecutor$Worker.run(ThreadPoolExecutor.java:624)
	... 1 more
Caused by: org.apache.ratis.thirdparty.io.netty.channel.AbstractChannel$AnnotatedConnectException: Connection refused: /192.168.69.118:43370
	at sun.nio.ch.SocketChannelImpl.checkConnect(Native Method)
	at sun.nio.ch.SocketChannelImpl.finishConnect(SocketChannelImpl.java:717)
	at org.apache.ratis.thirdparty.io.netty.channel.socket.nio.NioSocketChannel.doFinishConnect(NioSocketChannel.java:327)
	at org.apache.ratis.thirdparty.io.netty.channel.nio.AbstractNioChannel$AbstractNioUnsafe.finishConnect(AbstractNioChannel.java:340)
	at org.apache.ratis.thirdparty.io.netty.channel.nio.NioEventLoop.processSelectedKey(NioEventLoop.java:632)
	at org.apache.ratis.thirdparty.io.netty.channel.nio.NioEventLoop.processSelectedKeysOptimized(NioEventLoop.java:579)
	at org.apache.ratis.thirdparty.io.netty.channel.nio.NioEventLoop.processSelectedKeys(NioEventLoop.java:496)
	at org.apache.ratis.thirdparty.io.netty.channel.nio.NioEventLoop.run(NioEventLoop.java:458)
	at org.apache.ratis.thirdparty.io.netty.util.concurrent.SingleThreadEventExecutor$5.run(SingleThreadEventExecutor.java:897)
	at org.apache.ratis.thirdparty.io.netty.util.concurrent.FastThreadLocalRunnable.run(FastThreadLocalRunnable.java:30)
	... 1 more
Caused by: java.net.ConnectException: Connection refused
	... 11 more
2019-10-21 23:03:43,625 [7c107f1d-8592-48e3-af71-5982c0af1f56@group-C1C12825AC52-LeaderElection1244] INFO  impl.LeaderElection (LogUtils.java:infoOrTrace(149)) - 7c107f1d-8592-48e3-af71-5982c0af1f56@group-C1C12825AC52-LeaderElection1244 got exception when requesting votes: {}
java.util.concurrent.ExecutionException: org.apache.ratis.thirdparty.io.grpc.StatusRuntimeException: UNAVAILABLE: io exception
	at java.util.concurrent.FutureTask.report(FutureTask.java:122)
	at java.util.concurrent.FutureTask.get(FutureTask.java:192)
	at org.apache.ratis.server.impl.LeaderElection.waitForResults(LeaderElection.java:259)
	at org.apache.ratis.server.impl.LeaderElection.askForVotes(LeaderElection.java:197)
	at org.apache.ratis.server.impl.LeaderElection.run(LeaderElection.java:133)
	at java.lang.Thread.run(Thread.java:748)
Caused by: org.apache.ratis.thirdparty.io.grpc.StatusRuntimeException: UNAVAILABLE: io exception
	at org.apache.ratis.thirdparty.io.grpc.stub.ClientCalls.toStatusRuntimeException(ClientCalls.java:233)
	at org.apache.ratis.thirdparty.io.grpc.stub.ClientCalls.getUnchecked(ClientCalls.java:214)
	at org.apache.ratis.thirdparty.io.grpc.stub.ClientCalls.blockingUnaryCall(ClientCalls.java:139)
	at org.apache.ratis.proto.grpc.RaftServerProtocolServiceGrpc$RaftServerProtocolServiceBlockingStub.requestVote(RaftServerProtocolServiceGrpc.java:265)
	at org.apache.ratis.grpc.server.GrpcServerProtocolClient.requestVote(GrpcServerProtocolClient.java:99)
	at org.apache.ratis.grpc.server.GrpcService.requestVote(GrpcService.java:204)
	at org.apache.ratis.server.impl.LeaderElection.lambda$submitRequests$1(LeaderElection.java:234)
	at java.util.concurrent.FutureTask.run(FutureTask.java:266)
	at java.util.concurrent.Executors$RunnableAdapter.call(Executors.java:511)
	at java.util.concurrent.FutureTask.run(FutureTask.java:266)
	at java.util.concurrent.ThreadPoolExecutor.runWorker(ThreadPoolExecutor.java:1149)
	at java.util.concurrent.ThreadPoolExecutor$Worker.run(ThreadPoolExecutor.java:624)
	... 1 more
Caused by: org.apache.ratis.thirdparty.io.netty.channel.AbstractChannel$AnnotatedConnectException: Connection refused: /192.168.69.118:37568
	at sun.nio.ch.SocketChannelImpl.checkConnect(Native Method)
	at sun.nio.ch.SocketChannelImpl.finishConnect(SocketChannelImpl.java:717)
	at org.apache.ratis.thirdparty.io.netty.channel.socket.nio.NioSocketChannel.doFinishConnect(NioSocketChannel.java:327)
	at org.apache.ratis.thirdparty.io.netty.channel.nio.AbstractNioChannel$AbstractNioUnsafe.finishConnect(AbstractNioChannel.java:340)
	at org.apache.ratis.thirdparty.io.netty.channel.nio.NioEventLoop.processSelectedKey(NioEventLoop.java:632)
	at org.apache.ratis.thirdparty.io.netty.channel.nio.NioEventLoop.processSelectedKeysOptimized(NioEventLoop.java:579)
	at org.apache.ratis.thirdparty.io.netty.channel.nio.NioEventLoop.processSelectedKeys(NioEventLoop.java:496)
	at org.apache.ratis.thirdparty.io.netty.channel.nio.NioEventLoop.run(NioEventLoop.java:458)
	at org.apache.ratis.thirdparty.io.netty.util.concurrent.SingleThreadEventExecutor$5.run(SingleThreadEventExecutor.java:897)
	at org.apache.ratis.thirdparty.io.netty.util.concurrent.FastThreadLocalRunnable.run(FastThreadLocalRunnable.java:30)
	... 1 more
Caused by: java.net.ConnectException: Connection refused
	... 11 more
2019-10-21 23:03:43,625 [7c107f1d-8592-48e3-af71-5982c0af1f56@group-C1C12825AC52-LeaderElection1244] INFO  impl.LeaderElection (LeaderElection.java:logAndReturn(56)) - 7c107f1d-8592-48e3-af71-5982c0af1f56@group-C1C12825AC52-LeaderElection1244: Election REJECTED; received 0 response(s) [] and 2 exception(s); 7c107f1d-8592-48e3-af71-5982c0af1f56@group-C1C12825AC52:t183, leader=null, voted=7c107f1d-8592-48e3-af71-5982c0af1f56, raftlog=7c107f1d-8592-48e3-af71-5982c0af1f56@group-C1C12825AC52-SegmentedRaftLog:OPENED:c-1,f0,i0, conf=0: [1244ca21-2158-4cc7-9e07-ba347e145504:192.168.69.118:43370, 7c107f1d-8592-48e3-af71-5982c0af1f56:192.168.69.118:36514, d10c8639-03b1-4f19-ac0f-6419d7578d59:192.168.69.118:37568], old=null
2019-10-21 23:03:43,625 [7c107f1d-8592-48e3-af71-5982c0af1f56@group-C1C12825AC52-LeaderElection1244] INFO  impl.LeaderElection (LogUtils.java:infoOrTrace(149)) -   Exception 0: {}
java.util.concurrent.ExecutionException: org.apache.ratis.thirdparty.io.grpc.StatusRuntimeException: UNAVAILABLE: io exception
	at java.util.concurrent.FutureTask.report(FutureTask.java:122)
	at java.util.concurrent.FutureTask.get(FutureTask.java:192)
	at org.apache.ratis.server.impl.LeaderElection.waitForResults(LeaderElection.java:259)
	at org.apache.ratis.server.impl.LeaderElection.askForVotes(LeaderElection.java:197)
	at org.apache.ratis.server.impl.LeaderElection.run(LeaderElection.java:133)
	at java.lang.Thread.run(Thread.java:748)
Caused by: org.apache.ratis.thirdparty.io.grpc.StatusRuntimeException: UNAVAILABLE: io exception
	at org.apache.ratis.thirdparty.io.grpc.stub.ClientCalls.toStatusRuntimeException(ClientCalls.java:233)
	at org.apache.ratis.thirdparty.io.grpc.stub.ClientCalls.getUnchecked(ClientCalls.java:214)
	at org.apache.ratis.thirdparty.io.grpc.stub.ClientCalls.blockingUnaryCall(ClientCalls.java:139)
	at org.apache.ratis.proto.grpc.RaftServerProtocolServiceGrpc$RaftServerProtocolServiceBlockingStub.requestVote(RaftServerProtocolServiceGrpc.java:265)
	at org.apache.ratis.grpc.server.GrpcServerProtocolClient.requestVote(GrpcServerProtocolClient.java:99)
	at org.apache.ratis.grpc.server.GrpcService.requestVote(GrpcService.java:204)
	at org.apache.ratis.server.impl.LeaderElection.lambda$submitRequests$1(LeaderElection.java:234)
	at java.util.concurrent.FutureTask.run(FutureTask.java:266)
	at java.util.concurrent.Executors$RunnableAdapter.call(Executors.java:511)
	at java.util.concurrent.FutureTask.run(FutureTask.java:266)
	at java.util.concurrent.ThreadPoolExecutor.runWorker(ThreadPoolExecutor.java:1149)
	at java.util.concurrent.ThreadPoolExecutor$Worker.run(ThreadPoolExecutor.java:624)
	... 1 more
Caused by: org.apache.ratis.thirdparty.io.netty.channel.AbstractChannel$AnnotatedConnectException: Connection refused: /192.168.69.118:43370
	at sun.nio.ch.SocketChannelImpl.checkConnect(Native Method)
	at sun.nio.ch.SocketChannelImpl.finishConnect(SocketChannelImpl.java:717)
	at org.apache.ratis.thirdparty.io.netty.channel.socket.nio.NioSocketChannel.doFinishConnect(NioSocketChannel.java:327)
	at org.apache.ratis.thirdparty.io.netty.channel.nio.AbstractNioChannel$AbstractNioUnsafe.finishConnect(AbstractNioChannel.java:340)
	at org.apache.ratis.thirdparty.io.netty.channel.nio.NioEventLoop.processSelectedKey(NioEventLoop.java:632)
	at org.apache.ratis.thirdparty.io.netty.channel.nio.NioEventLoop.processSelectedKeysOptimized(NioEventLoop.java:579)
	at org.apache.ratis.thirdparty.io.netty.channel.nio.NioEventLoop.processSelectedKeys(NioEventLoop.java:496)
	at org.apache.ratis.thirdparty.io.netty.channel.nio.NioEventLoop.run(NioEventLoop.java:458)
	at org.apache.ratis.thirdparty.io.netty.util.concurrent.SingleThreadEventExecutor$5.run(SingleThreadEventExecutor.java:897)
	at org.apache.ratis.thirdparty.io.netty.util.concurrent.FastThreadLocalRunnable.run(FastThreadLocalRunnable.java:30)
	... 1 more
Caused by: java.net.ConnectException: Connection refused
	... 11 more
2019-10-21 23:03:43,625 [7c107f1d-8592-48e3-af71-5982c0af1f56@group-C1C12825AC52-LeaderElection1244] INFO  impl.LeaderElection (LogUtils.java:infoOrTrace(149)) -   Exception 1: {}
java.util.concurrent.ExecutionException: org.apache.ratis.thirdparty.io.grpc.StatusRuntimeException: UNAVAILABLE: io exception
	at java.util.concurrent.FutureTask.report(FutureTask.java:122)
	at java.util.concurrent.FutureTask.get(FutureTask.java:192)
	at org.apache.ratis.server.impl.LeaderElection.waitForResults(LeaderElection.java:259)
	at org.apache.ratis.server.impl.LeaderElection.askForVotes(LeaderElection.java:197)
	at org.apache.ratis.server.impl.LeaderElection.run(LeaderElection.java:133)
	at java.lang.Thread.run(Thread.java:748)
Caused by: org.apache.ratis.thirdparty.io.grpc.StatusRuntimeException: UNAVAILABLE: io exception
	at org.apache.ratis.thirdparty.io.grpc.stub.ClientCalls.toStatusRuntimeException(ClientCalls.java:233)
	at org.apache.ratis.thirdparty.io.grpc.stub.ClientCalls.getUnchecked(ClientCalls.java:214)
	at org.apache.ratis.thirdparty.io.grpc.stub.ClientCalls.blockingUnaryCall(ClientCalls.java:139)
	at org.apache.ratis.proto.grpc.RaftServerProtocolServiceGrpc$RaftServerProtocolServiceBlockingStub.requestVote(RaftServerProtocolServiceGrpc.java:265)
	at org.apache.ratis.grpc.server.GrpcServerProtocolClient.requestVote(GrpcServerProtocolClient.java:99)
	at org.apache.ratis.grpc.server.GrpcService.requestVote(GrpcService.java:204)
	at org.apache.ratis.server.impl.LeaderElection.lambda$submitRequests$1(LeaderElection.java:234)
	at java.util.concurrent.FutureTask.run(FutureTask.java:266)
	at java.util.concurrent.Executors$RunnableAdapter.call(Executors.java:511)
	at java.util.concurrent.FutureTask.run(FutureTask.java:266)
	at java.util.concurrent.ThreadPoolExecutor.runWorker(ThreadPoolExecutor.java:1149)
	at java.util.concurrent.ThreadPoolExecutor$Worker.run(ThreadPoolExecutor.java:624)
	... 1 more
Caused by: org.apache.ratis.thirdparty.io.netty.channel.AbstractChannel$AnnotatedConnectException: Connection refused: /192.168.69.118:37568
	at sun.nio.ch.SocketChannelImpl.checkConnect(Native Method)
	at sun.nio.ch.SocketChannelImpl.finishConnect(SocketChannelImpl.java:717)
	at org.apache.ratis.thirdparty.io.netty.channel.socket.nio.NioSocketChannel.doFinishConnect(NioSocketChannel.java:327)
	at org.apache.ratis.thirdparty.io.netty.channel.nio.AbstractNioChannel$AbstractNioUnsafe.finishConnect(AbstractNioChannel.java:340)
	at org.apache.ratis.thirdparty.io.netty.channel.nio.NioEventLoop.processSelectedKey(NioEventLoop.java:632)
	at org.apache.ratis.thirdparty.io.netty.channel.nio.NioEventLoop.processSelectedKeysOptimized(NioEventLoop.java:579)
	at org.apache.ratis.thirdparty.io.netty.channel.nio.NioEventLoop.processSelectedKeys(NioEventLoop.java:496)
	at org.apache.ratis.thirdparty.io.netty.channel.nio.NioEventLoop.run(NioEventLoop.java:458)
	at org.apache.ratis.thirdparty.io.netty.util.concurrent.SingleThreadEventExecutor$5.run(SingleThreadEventExecutor.java:897)
	at org.apache.ratis.thirdparty.io.netty.util.concurrent.FastThreadLocalRunnable.run(FastThreadLocalRunnable.java:30)
	... 1 more
Caused by: java.net.ConnectException: Connection refused
	... 11 more
2019-10-21 23:03:43,626 [7c107f1d-8592-48e3-af71-5982c0af1f56@group-C1C12825AC52-LeaderElection1244] INFO  impl.RaftServerImpl (RaftServerImpl.java:setRole(184)) - 7c107f1d-8592-48e3-af71-5982c0af1f56@group-C1C12825AC52: changes role from CANDIDATE to FOLLOWER at term 183 for DISCOVERED_A_NEW_TERM
2019-10-21 23:03:43,626 [7c107f1d-8592-48e3-af71-5982c0af1f56@group-C1C12825AC52-LeaderElection1244] INFO  impl.RoleInfo (RoleInfo.java:shutdownLeaderElection(134)) - 7c107f1d-8592-48e3-af71-5982c0af1f56: shutdown LeaderElection
2019-10-21 23:03:43,626 [7c107f1d-8592-48e3-af71-5982c0af1f56@group-C1C12825AC52-LeaderElection1244] INFO  impl.RoleInfo (RoleInfo.java:updateAndGet(143)) - 7c107f1d-8592-48e3-af71-5982c0af1f56: start FollowerState
2019-10-21 23:03:43,757 [Datanode State Machine Thread - 0] INFO  statemachine.DatanodeStateMachine (DatanodeStateMachine.java:lambda$startDaemon$0(350)) - Ozone container server started.
2019-10-21 23:03:43,781 [java.util.concurrent.ThreadPoolExecutor$Worker@5a2bc4fb[State = -1, empty queue]] WARN  server.GrpcLogAppender (GrpcLogAppender.java:timeoutAppendRequest(209)) - 8f86521a-dea0-43d1-ae77-898e04dffe78@group-2FC1C8829C54->9aaebd24-66cb-4b96-a722-f4b7b0063a4e-GrpcLogAppender: appendEntries Timeout, request=8f86521a-dea0-43d1-ae77-898e04dffe78->9aaebd24-66cb-4b96-a722-f4b7b0063a4e#56-t1, previous=(t:1, i:10), leaderCommit=10, initializing? false, entries: <empty>
2019-10-21 23:03:44,026 [Datanode State Machine Thread - 0] INFO  statemachine.DatanodeStateMachine (DatanodeStateMachine.java:lambda$startDaemon$0(350)) - Ozone container server started.
2019-10-21 23:03:44,281 [java.util.concurrent.ThreadPoolExecutor$Worker@5a2bc4fb[State = -1, empty queue]] WARN  server.GrpcLogAppender (GrpcLogAppender.java:timeoutAppendRequest(209)) - 8f86521a-dea0-43d1-ae77-898e04dffe78@group-2FC1C8829C54->9aaebd24-66cb-4b96-a722-f4b7b0063a4e-GrpcLogAppender: appendEntries Timeout, request=8f86521a-dea0-43d1-ae77-898e04dffe78->9aaebd24-66cb-4b96-a722-f4b7b0063a4e#57-t1, previous=(t:1, i:10), leaderCommit=10, initializing? false, entries: <empty>
2019-10-21 23:03:44,571 [Thread-9502] INFO  impl.FollowerState (FollowerState.java:run(108)) - 5e72733e-cb8a-4e36-9088-390b573ceccc@group-B21FAD438C36-FollowerState: change to CANDIDATE, lastRpcTime:1778ms, electionTimeout:1011ms
2019-10-21 23:03:44,572 [Thread-9502] INFO  impl.RoleInfo (RoleInfo.java:shutdownFollowerState(121)) - 5e72733e-cb8a-4e36-9088-390b573ceccc: shutdown FollowerState
2019-10-21 23:03:44,572 [Thread-9502] INFO  impl.RaftServerImpl (RaftServerImpl.java:setRole(184)) - 5e72733e-cb8a-4e36-9088-390b573ceccc@group-B21FAD438C36: changes role from  FOLLOWER to CANDIDATE at term 2 for changeToCandidate
2019-10-21 23:03:44,572 [Thread-9502] INFO  impl.RoleInfo (RoleInfo.java:updateAndGet(143)) - 5e72733e-cb8a-4e36-9088-390b573ceccc: start LeaderElection
2019-10-21 23:03:44,572 [5e72733e-cb8a-4e36-9088-390b573ceccc@group-B21FAD438C36-LeaderElection1245] INFO  impl.RaftServerImpl (ServerState.java:setLeader(256)) - 5e72733e-cb8a-4e36-9088-390b573ceccc@group-B21FAD438C36: change Leader from 1ece9cc6-afa0-4e0e-a250-be9279276c08 to null at term 2 for initElection
2019-10-21 23:03:44,599 [5e72733e-cb8a-4e36-9088-390b573ceccc@group-B21FAD438C36-LeaderElection1245] INFO  impl.LeaderElection (LeaderElection.java:askForVotes(178)) - 5e72733e-cb8a-4e36-9088-390b573ceccc@group-B21FAD438C36-LeaderElection1245: begin an election at term 3 for 0: [5e72733e-cb8a-4e36-9088-390b573ceccc:192.168.69.118:39726, bc9ab211-cc75-4801-ac6a-7532c28ed948:192.168.69.118:42914, 1ece9cc6-afa0-4e0e-a250-be9279276c08:192.168.69.118:46095], old=null
2019-10-21 23:03:44,602 [5e72733e-cb8a-4e36-9088-390b573ceccc@group-B21FAD438C36-LeaderElection1245] INFO  impl.LeaderElection (LogUtils.java:infoOrTrace(149)) - 5e72733e-cb8a-4e36-9088-390b573ceccc@group-B21FAD438C36-LeaderElection1245 got exception when requesting votes: {}
java.util.concurrent.ExecutionException: org.apache.ratis.thirdparty.io.grpc.StatusRuntimeException: UNAVAILABLE: io exception
	at java.util.concurrent.FutureTask.report(FutureTask.java:122)
	at java.util.concurrent.FutureTask.get(FutureTask.java:192)
	at org.apache.ratis.server.impl.LeaderElection.waitForResults(LeaderElection.java:259)
	at org.apache.ratis.server.impl.LeaderElection.askForVotes(LeaderElection.java:197)
	at org.apache.ratis.server.impl.LeaderElection.run(LeaderElection.java:133)
	at java.lang.Thread.run(Thread.java:748)
Caused by: org.apache.ratis.thirdparty.io.grpc.StatusRuntimeException: UNAVAILABLE: io exception
	at org.apache.ratis.thirdparty.io.grpc.stub.ClientCalls.toStatusRuntimeException(ClientCalls.java:233)
	at org.apache.ratis.thirdparty.io.grpc.stub.ClientCalls.getUnchecked(ClientCalls.java:214)
	at org.apache.ratis.thirdparty.io.grpc.stub.ClientCalls.blockingUnaryCall(ClientCalls.java:139)
	at org.apache.ratis.proto.grpc.RaftServerProtocolServiceGrpc$RaftServerProtocolServiceBlockingStub.requestVote(RaftServerProtocolServiceGrpc.java:265)
	at org.apache.ratis.grpc.server.GrpcServerProtocolClient.requestVote(GrpcServerProtocolClient.java:99)
	at org.apache.ratis.grpc.server.GrpcService.requestVote(GrpcService.java:204)
	at org.apache.ratis.server.impl.LeaderElection.lambda$submitRequests$1(LeaderElection.java:234)
	at java.util.concurrent.FutureTask.run(FutureTask.java:266)
	at java.util.concurrent.Executors$RunnableAdapter.call(Executors.java:511)
	at java.util.concurrent.FutureTask.run(FutureTask.java:266)
	at java.util.concurrent.ThreadPoolExecutor.runWorker(ThreadPoolExecutor.java:1149)
	at java.util.concurrent.ThreadPoolExecutor$Worker.run(ThreadPoolExecutor.java:624)
	... 1 more
Caused by: org.apache.ratis.thirdparty.io.netty.channel.AbstractChannel$AnnotatedConnectException: Connection refused: /192.168.69.118:46095
	at sun.nio.ch.SocketChannelImpl.checkConnect(Native Method)
	at sun.nio.ch.SocketChannelImpl.finishConnect(SocketChannelImpl.java:717)
	at org.apache.ratis.thirdparty.io.netty.channel.socket.nio.NioSocketChannel.doFinishConnect(NioSocketChannel.java:327)
	at org.apache.ratis.thirdparty.io.netty.channel.nio.AbstractNioChannel$AbstractNioUnsafe.finishConnect(AbstractNioChannel.java:340)
	at org.apache.ratis.thirdparty.io.netty.channel.nio.NioEventLoop.processSelectedKey(NioEventLoop.java:632)
	at org.apache.ratis.thirdparty.io.netty.channel.nio.NioEventLoop.processSelectedKeysOptimized(NioEventLoop.java:579)
	at org.apache.ratis.thirdparty.io.netty.channel.nio.NioEventLoop.processSelectedKeys(NioEventLoop.java:496)
	at org.apache.ratis.thirdparty.io.netty.channel.nio.NioEventLoop.run(NioEventLoop.java:458)
	at org.apache.ratis.thirdparty.io.netty.util.concurrent.SingleThreadEventExecutor$5.run(SingleThreadEventExecutor.java:897)
	at org.apache.ratis.thirdparty.io.netty.util.concurrent.FastThreadLocalRunnable.run(FastThreadLocalRunnable.java:30)
	... 1 more
Caused by: java.net.ConnectException: Connection refused
	... 11 more
2019-10-21 23:03:44,606 [grpc-default-executor-8] INFO  impl.RaftServerImpl (ServerState.java:setLeader(256)) - bc9ab211-cc75-4801-ac6a-7532c28ed948@group-B21FAD438C36: change Leader from 1ece9cc6-afa0-4e0e-a250-be9279276c08 to null at term 3 for updateCurrentTerm
2019-10-21 23:03:44,606 [grpc-default-executor-8] INFO  impl.RaftServerImpl (RaftServerImpl.java:setRole(184)) - bc9ab211-cc75-4801-ac6a-7532c28ed948@group-B21FAD438C36: changes role from  FOLLOWER to FOLLOWER at term 3 for recognizeCandidate:5e72733e-cb8a-4e36-9088-390b573ceccc
2019-10-21 23:03:44,606 [grpc-default-executor-8] INFO  impl.RoleInfo (RoleInfo.java:shutdownFollowerState(121)) - bc9ab211-cc75-4801-ac6a-7532c28ed948: shutdown FollowerState
2019-10-21 23:03:44,606 [grpc-default-executor-8] INFO  impl.RoleInfo (RoleInfo.java:updateAndGet(143)) - bc9ab211-cc75-4801-ac6a-7532c28ed948: start FollowerState
2019-10-21 23:03:44,606 [Thread-9503] INFO  impl.FollowerState (FollowerState.java:run(117)) - bc9ab211-cc75-4801-ac6a-7532c28ed948@group-B21FAD438C36-FollowerState was interrupted: java.lang.InterruptedException: sleep interrupted
2019-10-21 23:03:44,617 [5e72733e-cb8a-4e36-9088-390b573ceccc@group-B21FAD438C36-LeaderElection1245] INFO  impl.LeaderElection (LeaderElection.java:logAndReturn(56)) - 5e72733e-cb8a-4e36-9088-390b573ceccc@group-B21FAD438C36-LeaderElection1245: Election PASSED; received 1 response(s) [5e72733e-cb8a-4e36-9088-390b573ceccc<-bc9ab211-cc75-4801-ac6a-7532c28ed948#0:OK-t3] and 1 exception(s); 5e72733e-cb8a-4e36-9088-390b573ceccc@group-B21FAD438C36:t3, leader=null, voted=5e72733e-cb8a-4e36-9088-390b573ceccc, raftlog=5e72733e-cb8a-4e36-9088-390b573ceccc@group-B21FAD438C36-SegmentedRaftLog:OPENED:c0,f0,i0, conf=0: [5e72733e-cb8a-4e36-9088-390b573ceccc:192.168.69.118:39726, bc9ab211-cc75-4801-ac6a-7532c28ed948:192.168.69.118:42914, 1ece9cc6-afa0-4e0e-a250-be9279276c08:192.168.69.118:46095], old=null
2019-10-21 23:03:44,618 [5e72733e-cb8a-4e36-9088-390b573ceccc@group-B21FAD438C36-LeaderElection1245] INFO  impl.LeaderElection (LogUtils.java:infoOrTrace(149)) -   Exception 0: {}
java.util.concurrent.ExecutionException: org.apache.ratis.thirdparty.io.grpc.StatusRuntimeException: UNAVAILABLE: io exception
	at java.util.concurrent.FutureTask.report(FutureTask.java:122)
	at java.util.concurrent.FutureTask.get(FutureTask.java:192)
	at org.apache.ratis.server.impl.LeaderElection.waitForResults(LeaderElection.java:259)
	at org.apache.ratis.server.impl.LeaderElection.askForVotes(LeaderElection.java:197)
	at org.apache.ratis.server.impl.LeaderElection.run(LeaderElection.java:133)
	at java.lang.Thread.run(Thread.java:748)
Caused by: org.apache.ratis.thirdparty.io.grpc.StatusRuntimeException: UNAVAILABLE: io exception
	at org.apache.ratis.thirdparty.io.grpc.stub.ClientCalls.toStatusRuntimeException(ClientCalls.java:233)
	at org.apache.ratis.thirdparty.io.grpc.stub.ClientCalls.getUnchecked(ClientCalls.java:214)
	at org.apache.ratis.thirdparty.io.grpc.stub.ClientCalls.blockingUnaryCall(ClientCalls.java:139)
	at org.apache.ratis.proto.grpc.RaftServerProtocolServiceGrpc$RaftServerProtocolServiceBlockingStub.requestVote(RaftServerProtocolServiceGrpc.java:265)
	at org.apache.ratis.grpc.server.GrpcServerProtocolClient.requestVote(GrpcServerProtocolClient.java:99)
	at org.apache.ratis.grpc.server.GrpcService.requestVote(GrpcService.java:204)
	at org.apache.ratis.server.impl.LeaderElection.lambda$submitRequests$1(LeaderElection.java:234)
	at java.util.concurrent.FutureTask.run(FutureTask.java:266)
	at java.util.concurrent.Executors$RunnableAdapter.call(Executors.java:511)
	at java.util.concurrent.FutureTask.run(FutureTask.java:266)
	at java.util.concurrent.ThreadPoolExecutor.runWorker(ThreadPoolExecutor.java:1149)
	at java.util.concurrent.ThreadPoolExecutor$Worker.run(ThreadPoolExecutor.java:624)
	... 1 more
Caused by: org.apache.ratis.thirdparty.io.netty.channel.AbstractChannel$AnnotatedConnectException: Connection refused: /192.168.69.118:46095
	at sun.nio.ch.SocketChannelImpl.checkConnect(Native Method)
	at sun.nio.ch.SocketChannelImpl.finishConnect(SocketChannelImpl.java:717)
	at org.apache.ratis.thirdparty.io.netty.channel.socket.nio.NioSocketChannel.doFinishConnect(NioSocketChannel.java:327)
	at org.apache.ratis.thirdparty.io.netty.channel.nio.AbstractNioChannel$AbstractNioUnsafe.finishConnect(AbstractNioChannel.java:340)
	at org.apache.ratis.thirdparty.io.netty.channel.nio.NioEventLoop.processSelectedKey(NioEventLoop.java:632)
	at org.apache.ratis.thirdparty.io.netty.channel.nio.NioEventLoop.processSelectedKeysOptimized(NioEventLoop.java:579)
	at org.apache.ratis.thirdparty.io.netty.channel.nio.NioEventLoop.processSelectedKeys(NioEventLoop.java:496)
	at org.apache.ratis.thirdparty.io.netty.channel.nio.NioEventLoop.run(NioEventLoop.java:458)
	at org.apache.ratis.thirdparty.io.netty.util.concurrent.SingleThreadEventExecutor$5.run(SingleThreadEventExecutor.java:897)
	at org.apache.ratis.thirdparty.io.netty.util.concurrent.FastThreadLocalRunnable.run(FastThreadLocalRunnable.java:30)
	... 1 more
Caused by: java.net.ConnectException: Connection refused
	... 11 more
2019-10-21 23:03:44,618 [5e72733e-cb8a-4e36-9088-390b573ceccc@group-B21FAD438C36-LeaderElection1245] INFO  impl.RoleInfo (RoleInfo.java:shutdownLeaderElection(134)) - 5e72733e-cb8a-4e36-9088-390b573ceccc: shutdown LeaderElection
2019-10-21 23:03:44,618 [5e72733e-cb8a-4e36-9088-390b573ceccc@group-B21FAD438C36-LeaderElection1245] INFO  impl.RaftServerImpl (RaftServerImpl.java:setRole(184)) - 5e72733e-cb8a-4e36-9088-390b573ceccc@group-B21FAD438C36: changes role from CANDIDATE to LEADER at term 3 for changeToLeader
2019-10-21 23:03:44,618 [5e72733e-cb8a-4e36-9088-390b573ceccc@group-B21FAD438C36-LeaderElection1245] INFO  impl.RaftServerImpl (ServerState.java:setLeader(256)) - 5e72733e-cb8a-4e36-9088-390b573ceccc@group-B21FAD438C36: change Leader from null to 5e72733e-cb8a-4e36-9088-390b573ceccc at term 3 for becomeLeader, leader elected after 45ms
2019-10-21 23:03:44,618 [5e72733e-cb8a-4e36-9088-390b573ceccc@group-B21FAD438C36-LeaderElection1245] INFO  server.RaftServerConfigKeys (ConfUtils.java:logGet(43)) - raft.server.staging.catchup.gap = 1000 (default)
2019-10-21 23:03:44,619 [5e72733e-cb8a-4e36-9088-390b573ceccc@group-B21FAD438C36-LeaderElection1245] INFO  server.RaftServerConfigKeys (ConfUtils.java:logGet(43)) - raft.server.rpc.sleep.time = 25ms (default)
2019-10-21 23:03:44,619 [5e72733e-cb8a-4e36-9088-390b573ceccc@group-B21FAD438C36-LeaderElection1245] INFO  server.RaftServerConfigKeys (ConfUtils.java:logGet(43)) - raft.server.write.element-limit = 4096 (default)
2019-10-21 23:03:44,619 [5e72733e-cb8a-4e36-9088-390b573ceccc@group-B21FAD438C36-LeaderElection1245] INFO  server.RaftServerConfigKeys (ConfUtils.java:logGet(43)) - raft.server.watch.timeout = 10s (default)
2019-10-21 23:03:44,619 [5e72733e-cb8a-4e36-9088-390b573ceccc@group-B21FAD438C36-LeaderElection1245] INFO  server.RaftServerConfigKeys (ConfUtils.java:logGet(43)) - raft.server.watch.timeout.denomination = 1s (default)
2019-10-21 23:03:44,619 [5e72733e-cb8a-4e36-9088-390b573ceccc@group-B21FAD438C36-LeaderElection1245] INFO  server.RaftServerConfigKeys (ConfUtils.java:logGet(43)) - raft.server.watch.element-limit = 65536 (default)
2019-10-21 23:03:44,620 [Thread-9445] INFO  impl.FollowerState (FollowerState.java:run(108)) - 75bcb3a2-b551-405f-b8dd-694cefee0d48@group-2FC1C8829C54-FollowerState: change to CANDIDATE, lastRpcTime:1827ms, electionTimeout:1117ms
2019-10-21 23:03:44,620 [Thread-9445] INFO  impl.RoleInfo (RoleInfo.java:shutdownFollowerState(121)) - 75bcb3a2-b551-405f-b8dd-694cefee0d48: shutdown FollowerState
2019-10-21 23:03:44,620 [Thread-9445] INFO  impl.RaftServerImpl (RaftServerImpl.java:setRole(184)) - 75bcb3a2-b551-405f-b8dd-694cefee0d48@group-2FC1C8829C54: changes role from  FOLLOWER to CANDIDATE at term 1 for changeToCandidate
2019-10-21 23:03:44,621 [Thread-9445] INFO  impl.RoleInfo (RoleInfo.java:updateAndGet(143)) - 75bcb3a2-b551-405f-b8dd-694cefee0d48: start LeaderElection
2019-10-21 23:03:44,621 [75bcb3a2-b551-405f-b8dd-694cefee0d48@group-2FC1C8829C54-LeaderElection1246] INFO  impl.RaftServerImpl (ServerState.java:setLeader(256)) - 75bcb3a2-b551-405f-b8dd-694cefee0d48@group-2FC1C8829C54: change Leader from 8f86521a-dea0-43d1-ae77-898e04dffe78 to null at term 1 for initElection
2019-10-21 23:03:44,622 [5e72733e-cb8a-4e36-9088-390b573ceccc@group-B21FAD438C36-LeaderElection1245] INFO  server.RaftServerConfigKeys (ConfUtils.java:logGet(43)) - raft.server.log.appender.snapshot.chunk.size.max = 16MB (=16777216) (default)
2019-10-21 23:03:44,623 [5e72733e-cb8a-4e36-9088-390b573ceccc@group-B21FAD438C36-LeaderElection1245] INFO  server.RaftServerConfigKeys (ConfUtils.java:logGet(43)) - raft.server.log.appender.buffer.byte-limit = 33554432 (custom)
2019-10-21 23:03:44,623 [5e72733e-cb8a-4e36-9088-390b573ceccc@group-B21FAD438C36-LeaderElection1245] INFO  server.RaftServerConfigKeys (ConfUtils.java:logGet(43)) - raft.server.log.appender.buffer.element-limit = 1 (custom)
2019-10-21 23:03:44,623 [5e72733e-cb8a-4e36-9088-390b573ceccc@group-B21FAD438C36-LeaderElection1245] INFO  grpc.GrpcConfigKeys$Server (ConfUtils.java:logGet(43)) - raft.grpc.server.leader.outstanding.appends.max = 128 (default)
2019-10-21 23:03:44,623 [5e72733e-cb8a-4e36-9088-390b573ceccc@group-B21FAD438C36-LeaderElection1245] INFO  server.RaftServerConfigKeys (ConfUtils.java:logGet(43)) - raft.server.rpc.request.timeout = 3000ms (default)
2019-10-21 23:03:44,623 [5e72733e-cb8a-4e36-9088-390b573ceccc@group-B21FAD438C36-LeaderElection1245] INFO  server.RaftServerConfigKeys (ConfUtils.java:logGet(43)) - raft.server.log.appender.install.snapshot.enabled = false (custom)
2019-10-21 23:03:44,624 [5e72733e-cb8a-4e36-9088-390b573ceccc@group-B21FAD438C36-LeaderElection1245] INFO  server.RaftServerConfigKeys (ConfUtils.java:logGet(43)) - raft.server.log.appender.snapshot.chunk.size.max = 16MB (=16777216) (default)
2019-10-21 23:03:44,624 [5e72733e-cb8a-4e36-9088-390b573ceccc@group-B21FAD438C36-LeaderElection1245] INFO  server.RaftServerConfigKeys (ConfUtils.java:logGet(43)) - raft.server.log.appender.buffer.byte-limit = 33554432 (custom)
2019-10-21 23:03:44,625 [5e72733e-cb8a-4e36-9088-390b573ceccc@group-B21FAD438C36-LeaderElection1245] INFO  server.RaftServerConfigKeys (ConfUtils.java:logGet(43)) - raft.server.log.appender.buffer.element-limit = 1 (custom)
2019-10-21 23:03:44,625 [5e72733e-cb8a-4e36-9088-390b573ceccc@group-B21FAD438C36-LeaderElection1245] INFO  grpc.GrpcConfigKeys$Server (ConfUtils.java:logGet(43)) - raft.grpc.server.leader.outstanding.appends.max = 128 (default)
2019-10-21 23:03:44,625 [5e72733e-cb8a-4e36-9088-390b573ceccc@group-B21FAD438C36-LeaderElection1245] INFO  server.RaftServerConfigKeys (ConfUtils.java:logGet(43)) - raft.server.rpc.request.timeout = 3000ms (default)
2019-10-21 23:03:44,625 [5e72733e-cb8a-4e36-9088-390b573ceccc@group-B21FAD438C36-LeaderElection1245] INFO  server.RaftServerConfigKeys (ConfUtils.java:logGet(43)) - raft.server.log.appender.install.snapshot.enabled = false (custom)
2019-10-21 23:03:44,627 [5e72733e-cb8a-4e36-9088-390b573ceccc@group-B21FAD438C36-LeaderElection1245] INFO  impl.RoleInfo (RoleInfo.java:updateAndGet(143)) - 5e72733e-cb8a-4e36-9088-390b573ceccc: start LeaderState
2019-10-21 23:03:44,627 [5e72733e-cb8a-4e36-9088-390b573ceccc@group-B21FAD438C36-LeaderElection1245] INFO  segmented.SegmentedRaftLogWorker (SegmentedRaftLogWorker.java:rollLogSegment(390)) - 5e72733e-cb8a-4e36-9088-390b573ceccc@group-B21FAD438C36-SegmentedRaftLogWorker: Rolling segment log-0_0 to index:0
2019-10-21 23:03:44,628 [5e72733e-cb8a-4e36-9088-390b573ceccc@group-B21FAD438C36-LeaderElection1245] INFO  impl.RaftServerImpl (ServerState.java:setRaftConf(357)) - 5e72733e-cb8a-4e36-9088-390b573ceccc@group-B21FAD438C36: set configuration 1: [5e72733e-cb8a-4e36-9088-390b573ceccc:192.168.69.118:39726, bc9ab211-cc75-4801-ac6a-7532c28ed948:192.168.69.118:42914, 1ece9cc6-afa0-4e0e-a250-be9279276c08:192.168.69.118:46095], old=null at 1
2019-10-21 23:03:44,628 [5e72733e-cb8a-4e36-9088-390b573ceccc@group-B21FAD438C36-SegmentedRaftLogWorker] INFO  segmented.SegmentedRaftLogWorker (SegmentedRaftLogWorker.java:execute(533)) - 5e72733e-cb8a-4e36-9088-390b573ceccc@group-B21FAD438C36-SegmentedRaftLogWorker: Rolled log segment from /workdir/hadoop-ozone/integration-test/target/test-dir/MiniOzoneClusterImpl-d9aa8a4b-930f-46eb-8e95-9ce1bbfd2407/datanode-7/data/ratis/44c70c6b-e1b6-4c46-841d-b21fad438c36/current/log_inprogress_0 to /workdir/hadoop-ozone/integration-test/target/test-dir/MiniOzoneClusterImpl-d9aa8a4b-930f-46eb-8e95-9ce1bbfd2407/datanode-7/data/ratis/44c70c6b-e1b6-4c46-841d-b21fad438c36/current/log_0-0
2019-10-21 23:03:44,628 [grpc-default-executor-8] WARN  server.GrpcLogAppender (LogUtils.java:warn(134)) - 5e72733e-cb8a-4e36-9088-390b573ceccc@group-B21FAD438C36->1ece9cc6-afa0-4e0e-a250-be9279276c08-AppendLogResponseHandler: Failed appendEntries: org.apache.ratis.thirdparty.io.grpc.StatusRuntimeException: UNAVAILABLE: io exception
2019-10-21 23:03:44,629 [grpc-default-executor-6] INFO  impl.RaftServerImpl (ServerState.java:setLeader(256)) - bc9ab211-cc75-4801-ac6a-7532c28ed948@group-B21FAD438C36: change Leader from null to 5e72733e-cb8a-4e36-9088-390b573ceccc at term 3 for appendEntries, leader elected after 22ms
2019-10-21 23:03:44,631 [grpc-default-executor-8] INFO  impl.RaftServerImpl (ServerState.java:setRaftConf(357)) - bc9ab211-cc75-4801-ac6a-7532c28ed948@group-B21FAD438C36: set configuration 1: [5e72733e-cb8a-4e36-9088-390b573ceccc:192.168.69.118:39726, bc9ab211-cc75-4801-ac6a-7532c28ed948:192.168.69.118:42914, 1ece9cc6-afa0-4e0e-a250-be9279276c08:192.168.69.118:46095], old=null at 1
2019-10-21 23:03:44,631 [grpc-default-executor-8] INFO  segmented.SegmentedRaftLogWorker (SegmentedRaftLogWorker.java:rollLogSegment(390)) - bc9ab211-cc75-4801-ac6a-7532c28ed948@group-B21FAD438C36-SegmentedRaftLogWorker: Rolling segment log-0_0 to index:0
2019-10-21 23:03:44,632 [bc9ab211-cc75-4801-ac6a-7532c28ed948@group-B21FAD438C36-SegmentedRaftLogWorker] INFO  segmented.SegmentedRaftLogWorker (SegmentedRaftLogWorker.java:execute(533)) - bc9ab211-cc75-4801-ac6a-7532c28ed948@group-B21FAD438C36-SegmentedRaftLogWorker: Rolled log segment from /workdir/hadoop-ozone/integration-test/target/test-dir/MiniOzoneClusterImpl-d9aa8a4b-930f-46eb-8e95-9ce1bbfd2407/datanode-9/data/ratis/44c70c6b-e1b6-4c46-841d-b21fad438c36/current/log_inprogress_0 to /workdir/hadoop-ozone/integration-test/target/test-dir/MiniOzoneClusterImpl-d9aa8a4b-930f-46eb-8e95-9ce1bbfd2407/datanode-9/data/ratis/44c70c6b-e1b6-4c46-841d-b21fad438c36/current/log_0-0
2019-10-21 23:03:44,648 [75bcb3a2-b551-405f-b8dd-694cefee0d48@group-2FC1C8829C54-LeaderElection1246] INFO  impl.LeaderElection (LeaderElection.java:askForVotes(178)) - 75bcb3a2-b551-405f-b8dd-694cefee0d48@group-2FC1C8829C54-LeaderElection1246: begin an election at term 2 for 0: [8f86521a-dea0-43d1-ae77-898e04dffe78:192.168.69.118:34690, 75bcb3a2-b551-405f-b8dd-694cefee0d48:192.168.69.118:38590, 9aaebd24-66cb-4b96-a722-f4b7b0063a4e:192.168.69.118:34037], old=null
2019-10-21 23:03:44,650 [75bcb3a2-b551-405f-b8dd-694cefee0d48@group-2FC1C8829C54-LeaderElection1246] INFO  impl.LeaderElection (LogUtils.java:infoOrTrace(149)) - 75bcb3a2-b551-405f-b8dd-694cefee0d48@group-2FC1C8829C54-LeaderElection1246 got exception when requesting votes: {}
java.util.concurrent.ExecutionException: org.apache.ratis.thirdparty.io.grpc.StatusRuntimeException: UNAVAILABLE: io exception
	at java.util.concurrent.FutureTask.report(FutureTask.java:122)
	at java.util.concurrent.FutureTask.get(FutureTask.java:192)
	at org.apache.ratis.server.impl.LeaderElection.waitForResults(LeaderElection.java:259)
	at org.apache.ratis.server.impl.LeaderElection.askForVotes(LeaderElection.java:197)
	at org.apache.ratis.server.impl.LeaderElection.run(LeaderElection.java:133)
	at java.lang.Thread.run(Thread.java:748)
Caused by: org.apache.ratis.thirdparty.io.grpc.StatusRuntimeException: UNAVAILABLE: io exception
	at org.apache.ratis.thirdparty.io.grpc.stub.ClientCalls.toStatusRuntimeException(ClientCalls.java:233)
	at org.apache.ratis.thirdparty.io.grpc.stub.ClientCalls.getUnchecked(ClientCalls.java:214)
	at org.apache.ratis.thirdparty.io.grpc.stub.ClientCalls.blockingUnaryCall(ClientCalls.java:139)
	at org.apache.ratis.proto.grpc.RaftServerProtocolServiceGrpc$RaftServerProtocolServiceBlockingStub.requestVote(RaftServerProtocolServiceGrpc.java:265)
	at org.apache.ratis.grpc.server.GrpcServerProtocolClient.requestVote(GrpcServerProtocolClient.java:99)
	at org.apache.ratis.grpc.server.GrpcService.requestVote(GrpcService.java:204)
	at org.apache.ratis.server.impl.LeaderElection.lambda$submitRequests$1(LeaderElection.java:234)
	at java.util.concurrent.FutureTask.run(FutureTask.java:266)
	at java.util.concurrent.Executors$RunnableAdapter.call(Executors.java:511)
	at java.util.concurrent.FutureTask.run(FutureTask.java:266)
	at java.util.concurrent.ThreadPoolExecutor.runWorker(ThreadPoolExecutor.java:1149)
	at java.util.concurrent.ThreadPoolExecutor$Worker.run(ThreadPoolExecutor.java:624)
	... 1 more
Caused by: org.apache.ratis.thirdparty.io.netty.channel.AbstractChannel$AnnotatedConnectException: Connection refused: /192.168.69.118:34690
	at sun.nio.ch.SocketChannelImpl.checkConnect(Native Method)
	at sun.nio.ch.SocketChannelImpl.finishConnect(SocketChannelImpl.java:717)
	at org.apache.ratis.thirdparty.io.netty.channel.socket.nio.NioSocketChannel.doFinishConnect(NioSocketChannel.java:327)
	at org.apache.ratis.thirdparty.io.netty.channel.nio.AbstractNioChannel$AbstractNioUnsafe.finishConnect(AbstractNioChannel.java:340)
	at org.apache.ratis.thirdparty.io.netty.channel.nio.NioEventLoop.processSelectedKey(NioEventLoop.java:632)
	at org.apache.ratis.thirdparty.io.netty.channel.nio.NioEventLoop.processSelectedKeysOptimized(NioEventLoop.java:579)
	at org.apache.ratis.thirdparty.io.netty.channel.nio.NioEventLoop.processSelectedKeys(NioEventLoop.java:496)
	at org.apache.ratis.thirdparty.io.netty.channel.nio.NioEventLoop.run(NioEventLoop.java:458)
	at org.apache.ratis.thirdparty.io.netty.util.concurrent.SingleThreadEventExecutor$5.run(SingleThreadEventExecutor.java:897)
	at org.apache.ratis.thirdparty.io.netty.util.concurrent.FastThreadLocalRunnable.run(FastThreadLocalRunnable.java:30)
	... 1 more
Caused by: java.net.ConnectException: Connection refused
	... 11 more
2019-10-21 23:03:44,650 [75bcb3a2-b551-405f-b8dd-694cefee0d48@group-2FC1C8829C54-LeaderElection1246] INFO  impl.LeaderElection (LogUtils.java:infoOrTrace(149)) - 75bcb3a2-b551-405f-b8dd-694cefee0d48@group-2FC1C8829C54-LeaderElection1246 got exception when requesting votes: {}
java.util.concurrent.ExecutionException: org.apache.ratis.thirdparty.io.grpc.StatusRuntimeException: UNAVAILABLE: io exception
	at java.util.concurrent.FutureTask.report(FutureTask.java:122)
	at java.util.concurrent.FutureTask.get(FutureTask.java:192)
	at org.apache.ratis.server.impl.LeaderElection.waitForResults(LeaderElection.java:259)
	at org.apache.ratis.server.impl.LeaderElection.askForVotes(LeaderElection.java:197)
	at org.apache.ratis.server.impl.LeaderElection.run(LeaderElection.java:133)
	at java.lang.Thread.run(Thread.java:748)
Caused by: org.apache.ratis.thirdparty.io.grpc.StatusRuntimeException: UNAVAILABLE: io exception
	at org.apache.ratis.thirdparty.io.grpc.stub.ClientCalls.toStatusRuntimeException(ClientCalls.java:233)
	at org.apache.ratis.thirdparty.io.grpc.stub.ClientCalls.getUnchecked(ClientCalls.java:214)
	at org.apache.ratis.thirdparty.io.grpc.stub.ClientCalls.blockingUnaryCall(ClientCalls.java:139)
	at org.apache.ratis.proto.grpc.RaftServerProtocolServiceGrpc$RaftServerProtocolServiceBlockingStub.requestVote(RaftServerProtocolServiceGrpc.java:265)
	at org.apache.ratis.grpc.server.GrpcServerProtocolClient.requestVote(GrpcServerProtocolClient.java:99)
	at org.apache.ratis.grpc.server.GrpcService.requestVote(GrpcService.java:204)
	at org.apache.ratis.server.impl.LeaderElection.lambda$submitRequests$1(LeaderElection.java:234)
	at java.util.concurrent.FutureTask.run(FutureTask.java:266)
	at java.util.concurrent.Executors$RunnableAdapter.call(Executors.java:511)
	at java.util.concurrent.FutureTask.run(FutureTask.java:266)
	at java.util.concurrent.ThreadPoolExecutor.runWorker(ThreadPoolExecutor.java:1149)
	at java.util.concurrent.ThreadPoolExecutor$Worker.run(ThreadPoolExecutor.java:624)
	... 1 more
Caused by: org.apache.ratis.thirdparty.io.netty.channel.AbstractChannel$AnnotatedConnectException: Connection refused: /192.168.69.118:34037
	at sun.nio.ch.SocketChannelImpl.checkConnect(Native Method)
	at sun.nio.ch.SocketChannelImpl.finishConnect(SocketChannelImpl.java:717)
	at org.apache.ratis.thirdparty.io.netty.channel.socket.nio.NioSocketChannel.doFinishConnect(NioSocketChannel.java:327)
	at org.apache.ratis.thirdparty.io.netty.channel.nio.AbstractNioChannel$AbstractNioUnsafe.finishConnect(AbstractNioChannel.java:340)
	at org.apache.ratis.thirdparty.io.netty.channel.nio.NioEventLoop.processSelectedKey(NioEventLoop.java:632)
	at org.apache.ratis.thirdparty.io.netty.channel.nio.NioEventLoop.processSelectedKeysOptimized(NioEventLoop.java:579)
	at org.apache.ratis.thirdparty.io.netty.channel.nio.NioEventLoop.processSelectedKeys(NioEventLoop.java:496)
	at org.apache.ratis.thirdparty.io.netty.channel.nio.NioEventLoop.run(NioEventLoop.java:458)
	at org.apache.ratis.thirdparty.io.netty.util.concurrent.SingleThreadEventExecutor$5.run(SingleThreadEventExecutor.java:897)
	at org.apache.ratis.thirdparty.io.netty.util.concurrent.FastThreadLocalRunnable.run(FastThreadLocalRunnable.java:30)
	... 1 more
Caused by: java.net.ConnectException: Connection refused
	... 11 more
2019-10-21 23:03:44,651 [75bcb3a2-b551-405f-b8dd-694cefee0d48@group-2FC1C8829C54-LeaderElection1246] INFO  impl.LeaderElection (LeaderElection.java:logAndReturn(56)) - 75bcb3a2-b551-405f-b8dd-694cefee0d48@group-2FC1C8829C54-LeaderElection1246: Election REJECTED; received 0 response(s) [] and 2 exception(s); 75bcb3a2-b551-405f-b8dd-694cefee0d48@group-2FC1C8829C54:t2, leader=null, voted=75bcb3a2-b551-405f-b8dd-694cefee0d48, raftlog=75bcb3a2-b551-405f-b8dd-694cefee0d48@group-2FC1C8829C54-SegmentedRaftLog:OPENED:c10,f10,i10, conf=0: [8f86521a-dea0-43d1-ae77-898e04dffe78:192.168.69.118:34690, 75bcb3a2-b551-405f-b8dd-694cefee0d48:192.168.69.118:38590, 9aaebd24-66cb-4b96-a722-f4b7b0063a4e:192.168.69.118:34037], old=null
2019-10-21 23:03:44,651 [75bcb3a2-b551-405f-b8dd-694cefee0d48@group-2FC1C8829C54-LeaderElection1246] INFO  impl.LeaderElection (LogUtils.java:infoOrTrace(149)) -   Exception 0: {}
java.util.concurrent.ExecutionException: org.apache.ratis.thirdparty.io.grpc.StatusRuntimeException: UNAVAILABLE: io exception
	at java.util.concurrent.FutureTask.report(FutureTask.java:122)
	at java.util.concurrent.FutureTask.get(FutureTask.java:192)
	at org.apache.ratis.server.impl.LeaderElection.waitForResults(LeaderElection.java:259)
	at org.apache.ratis.server.impl.LeaderElection.askForVotes(LeaderElection.java:197)
	at org.apache.ratis.server.impl.LeaderElection.run(LeaderElection.java:133)
	at java.lang.Thread.run(Thread.java:748)
Caused by: org.apache.ratis.thirdparty.io.grpc.StatusRuntimeException: UNAVAILABLE: io exception
	at org.apache.ratis.thirdparty.io.grpc.stub.ClientCalls.toStatusRuntimeException(ClientCalls.java:233)
	at org.apache.ratis.thirdparty.io.grpc.stub.ClientCalls.getUnchecked(ClientCalls.java:214)
	at org.apache.ratis.thirdparty.io.grpc.stub.ClientCalls.blockingUnaryCall(ClientCalls.java:139)
	at org.apache.ratis.proto.grpc.RaftServerProtocolServiceGrpc$RaftServerProtocolServiceBlockingStub.requestVote(RaftServerProtocolServiceGrpc.java:265)
	at org.apache.ratis.grpc.server.GrpcServerProtocolClient.requestVote(GrpcServerProtocolClient.java:99)
	at org.apache.ratis.grpc.server.GrpcService.requestVote(GrpcService.java:204)
	at org.apache.ratis.server.impl.LeaderElection.lambda$submitRequests$1(LeaderElection.java:234)
	at java.util.concurrent.FutureTask.run(FutureTask.java:266)
	at java.util.concurrent.Executors$RunnableAdapter.call(Executors.java:511)
	at java.util.concurrent.FutureTask.run(FutureTask.java:266)
	at java.util.concurrent.ThreadPoolExecutor.runWorker(ThreadPoolExecutor.java:1149)
	at java.util.concurrent.ThreadPoolExecutor$Worker.run(ThreadPoolExecutor.java:624)
	... 1 more
Caused by: org.apache.ratis.thirdparty.io.netty.channel.AbstractChannel$AnnotatedConnectException: Connection refused: /192.168.69.118:34690
	at sun.nio.ch.SocketChannelImpl.checkConnect(Native Method)
	at sun.nio.ch.SocketChannelImpl.finishConnect(SocketChannelImpl.java:717)
	at org.apache.ratis.thirdparty.io.netty.channel.socket.nio.NioSocketChannel.doFinishConnect(NioSocketChannel.java:327)
	at org.apache.ratis.thirdparty.io.netty.channel.nio.AbstractNioChannel$AbstractNioUnsafe.finishConnect(AbstractNioChannel.java:340)
	at org.apache.ratis.thirdparty.io.netty.channel.nio.NioEventLoop.processSelectedKey(NioEventLoop.java:632)
	at org.apache.ratis.thirdparty.io.netty.channel.nio.NioEventLoop.processSelectedKeysOptimized(NioEventLoop.java:579)
	at org.apache.ratis.thirdparty.io.netty.channel.nio.NioEventLoop.processSelectedKeys(NioEventLoop.java:496)
	at org.apache.ratis.thirdparty.io.netty.channel.nio.NioEventLoop.run(NioEventLoop.java:458)
	at org.apache.ratis.thirdparty.io.netty.util.concurrent.SingleThreadEventExecutor$5.run(SingleThreadEventExecutor.java:897)
	at org.apache.ratis.thirdparty.io.netty.util.concurrent.FastThreadLocalRunnable.run(FastThreadLocalRunnable.java:30)
	... 1 more
Caused by: java.net.ConnectException: Connection refused
	... 11 more
2019-10-21 23:03:44,651 [75bcb3a2-b551-405f-b8dd-694cefee0d48@group-2FC1C8829C54-LeaderElection1246] INFO  impl.LeaderElection (LogUtils.java:infoOrTrace(149)) -   Exception 1: {}
java.util.concurrent.ExecutionException: org.apache.ratis.thirdparty.io.grpc.StatusRuntimeException: UNAVAILABLE: io exception
	at java.util.concurrent.FutureTask.report(FutureTask.java:122)
	at java.util.concurrent.FutureTask.get(FutureTask.java:192)
	at org.apache.ratis.server.impl.LeaderElection.waitForResults(LeaderElection.java:259)
	at org.apache.ratis.server.impl.LeaderElection.askForVotes(LeaderElection.java:197)
	at org.apache.ratis.server.impl.LeaderElection.run(LeaderElection.java:133)
	at java.lang.Thread.run(Thread.java:748)
Caused by: org.apache.ratis.thirdparty.io.grpc.StatusRuntimeException: UNAVAILABLE: io exception
	at org.apache.ratis.thirdparty.io.grpc.stub.ClientCalls.toStatusRuntimeException(ClientCalls.java:233)
	at org.apache.ratis.thirdparty.io.grpc.stub.ClientCalls.getUnchecked(ClientCalls.java:214)
	at org.apache.ratis.thirdparty.io.grpc.stub.ClientCalls.blockingUnaryCall(ClientCalls.java:139)
	at org.apache.ratis.proto.grpc.RaftServerProtocolServiceGrpc$RaftServerProtocolServiceBlockingStub.requestVote(RaftServerProtocolServiceGrpc.java:265)
	at org.apache.ratis.grpc.server.GrpcServerProtocolClient.requestVote(GrpcServerProtocolClient.java:99)
	at org.apache.ratis.grpc.server.GrpcService.requestVote(GrpcService.java:204)
	at org.apache.ratis.server.impl.LeaderElection.lambda$submitRequests$1(LeaderElection.java:234)
	at java.util.concurrent.FutureTask.run(FutureTask.java:266)
	at java.util.concurrent.Executors$RunnableAdapter.call(Executors.java:511)
	at java.util.concurrent.FutureTask.run(FutureTask.java:266)
	at java.util.concurrent.ThreadPoolExecutor.runWorker(ThreadPoolExecutor.java:1149)
	at java.util.concurrent.ThreadPoolExecutor$Worker.run(ThreadPoolExecutor.java:624)
	... 1 more
Caused by: org.apache.ratis.thirdparty.io.netty.channel.AbstractChannel$AnnotatedConnectException: Connection refused: /192.168.69.118:34037
	at sun.nio.ch.SocketChannelImpl.checkConnect(Native Method)
	at sun.nio.ch.SocketChannelImpl.finishConnect(SocketChannelImpl.java:717)
	at org.apache.ratis.thirdparty.io.netty.channel.socket.nio.NioSocketChannel.doFinishConnect(NioSocketChannel.java:327)
	at org.apache.ratis.thirdparty.io.netty.channel.nio.AbstractNioChannel$AbstractNioUnsafe.finishConnect(AbstractNioChannel.java:340)
	at org.apache.ratis.thirdparty.io.netty.channel.nio.NioEventLoop.processSelectedKey(NioEventLoop.java:632)
	at org.apache.ratis.thirdparty.io.netty.channel.nio.NioEventLoop.processSelectedKeysOptimized(NioEventLoop.java:579)
	at org.apache.ratis.thirdparty.io.netty.channel.nio.NioEventLoop.processSelectedKeys(NioEventLoop.java:496)
	at org.apache.ratis.thirdparty.io.netty.channel.nio.NioEventLoop.run(NioEventLoop.java:458)
	at org.apache.ratis.thirdparty.io.netty.util.concurrent.SingleThreadEventExecutor$5.run(SingleThreadEventExecutor.java:897)
	at org.apache.ratis.thirdparty.io.netty.util.concurrent.FastThreadLocalRunnable.run(FastThreadLocalRunnable.java:30)
	... 1 more
Caused by: java.net.ConnectException: Connection refused
	... 11 more
2019-10-21 23:03:44,652 [75bcb3a2-b551-405f-b8dd-694cefee0d48@group-2FC1C8829C54-LeaderElection1246] INFO  impl.RaftServerImpl (RaftServerImpl.java:setRole(184)) - 75bcb3a2-b551-405f-b8dd-694cefee0d48@group-2FC1C8829C54: changes role from CANDIDATE to FOLLOWER at term 2 for DISCOVERED_A_NEW_TERM
2019-10-21 23:03:44,652 [75bcb3a2-b551-405f-b8dd-694cefee0d48@group-2FC1C8829C54-LeaderElection1246] INFO  impl.RoleInfo (RoleInfo.java:shutdownLeaderElection(134)) - 75bcb3a2-b551-405f-b8dd-694cefee0d48: shutdown LeaderElection
2019-10-21 23:03:44,652 [75bcb3a2-b551-405f-b8dd-694cefee0d48@group-2FC1C8829C54-LeaderElection1246] INFO  impl.RoleInfo (RoleInfo.java:updateAndGet(143)) - 75bcb3a2-b551-405f-b8dd-694cefee0d48: start FollowerState
2019-10-21 23:03:44,669 [5e72733e-cb8a-4e36-9088-390b573ceccc@group-B21FAD438C36-SegmentedRaftLogWorker] INFO  segmented.SegmentedRaftLogWorker (SegmentedRaftLogWorker.java:execute(576)) - 5e72733e-cb8a-4e36-9088-390b573ceccc@group-B21FAD438C36-SegmentedRaftLogWorker: created new log segment /workdir/hadoop-ozone/integration-test/target/test-dir/MiniOzoneClusterImpl-d9aa8a4b-930f-46eb-8e95-9ce1bbfd2407/datanode-7/data/ratis/44c70c6b-e1b6-4c46-841d-b21fad438c36/current/log_inprogress_1
2019-10-21 23:03:44,669 [bc9ab211-cc75-4801-ac6a-7532c28ed948@group-B21FAD438C36-SegmentedRaftLogWorker] INFO  segmented.SegmentedRaftLogWorker (SegmentedRaftLogWorker.java:execute(576)) - bc9ab211-cc75-4801-ac6a-7532c28ed948@group-B21FAD438C36-SegmentedRaftLogWorker: created new log segment /workdir/hadoop-ozone/integration-test/target/test-dir/MiniOzoneClusterImpl-d9aa8a4b-930f-46eb-8e95-9ce1bbfd2407/datanode-9/data/ratis/44c70c6b-e1b6-4c46-841d-b21fad438c36/current/log_inprogress_1
2019-10-21 23:03:44,746 [Thread-10721] INFO  impl.FollowerState (FollowerState.java:run(108)) - 7c107f1d-8592-48e3-af71-5982c0af1f56@group-C1C12825AC52-FollowerState: change to CANDIDATE, lastRpcTime:1120ms, electionTimeout:1120ms
2019-10-21 23:03:44,747 [Thread-10721] INFO  impl.RoleInfo (RoleInfo.java:shutdownFollowerState(121)) - 7c107f1d-8592-48e3-af71-5982c0af1f56: shutdown FollowerState
2019-10-21 23:03:44,747 [Thread-10721] INFO  impl.RaftServerImpl (RaftServerImpl.java:setRole(184)) - 7c107f1d-8592-48e3-af71-5982c0af1f56@group-C1C12825AC52: changes role from  FOLLOWER to CANDIDATE at term 183 for changeToCandidate
2019-10-21 23:03:44,747 [Thread-10721] INFO  impl.RoleInfo (RoleInfo.java:updateAndGet(143)) - 7c107f1d-8592-48e3-af71-5982c0af1f56: start LeaderElection
2019-10-21 23:03:44,761 [7c107f1d-8592-48e3-af71-5982c0af1f56@group-C1C12825AC52-LeaderElection1247] INFO  impl.LeaderElection (LeaderElection.java:askForVotes(178)) - 7c107f1d-8592-48e3-af71-5982c0af1f56@group-C1C12825AC52-LeaderElection1247: begin an election at term 184 for 0: [1244ca21-2158-4cc7-9e07-ba347e145504:192.168.69.118:43370, 7c107f1d-8592-48e3-af71-5982c0af1f56:192.168.69.118:36514, d10c8639-03b1-4f19-ac0f-6419d7578d59:192.168.69.118:37568], old=null
2019-10-21 23:03:44,761 [7c107f1d-8592-48e3-af71-5982c0af1f56@group-C1C12825AC52-LeaderElection1247] INFO  impl.LeaderElection (LogUtils.java:infoOrTrace(149)) - 7c107f1d-8592-48e3-af71-5982c0af1f56@group-C1C12825AC52-LeaderElection1247 got exception when requesting votes: {}
java.util.concurrent.ExecutionException: org.apache.ratis.thirdparty.io.grpc.StatusRuntimeException: UNAVAILABLE: io exception
	at java.util.concurrent.FutureTask.report(FutureTask.java:122)
	at java.util.concurrent.FutureTask.get(FutureTask.java:192)
	at org.apache.ratis.server.impl.LeaderElection.waitForResults(LeaderElection.java:259)
	at org.apache.ratis.server.impl.LeaderElection.askForVotes(LeaderElection.java:197)
	at org.apache.ratis.server.impl.LeaderElection.run(LeaderElection.java:133)
	at java.lang.Thread.run(Thread.java:748)
Caused by: org.apache.ratis.thirdparty.io.grpc.StatusRuntimeException: UNAVAILABLE: io exception
	at org.apache.ratis.thirdparty.io.grpc.stub.ClientCalls.toStatusRuntimeException(ClientCalls.java:233)
	at org.apache.ratis.thirdparty.io.grpc.stub.ClientCalls.getUnchecked(ClientCalls.java:214)
	at org.apache.ratis.thirdparty.io.grpc.stub.ClientCalls.blockingUnaryCall(ClientCalls.java:139)
	at org.apache.ratis.proto.grpc.RaftServerProtocolServiceGrpc$RaftServerProtocolServiceBlockingStub.requestVote(RaftServerProtocolServiceGrpc.java:265)
	at org.apache.ratis.grpc.server.GrpcServerProtocolClient.requestVote(GrpcServerProtocolClient.java:99)
	at org.apache.ratis.grpc.server.GrpcService.requestVote(GrpcService.java:204)
	at org.apache.ratis.server.impl.LeaderElection.lambda$submitRequests$1(LeaderElection.java:234)
	at java.util.concurrent.FutureTask.run(FutureTask.java:266)
	at java.util.concurrent.Executors$RunnableAdapter.call(Executors.java:511)
	at java.util.concurrent.FutureTask.run(FutureTask.java:266)
	at java.util.concurrent.ThreadPoolExecutor.runWorker(ThreadPoolExecutor.java:1149)
	at java.util.concurrent.ThreadPoolExecutor$Worker.run(ThreadPoolExecutor.java:624)
	... 1 more
Caused by: org.apache.ratis.thirdparty.io.netty.channel.AbstractChannel$AnnotatedConnectException: Connection refused: /192.168.69.118:43370
	at sun.nio.ch.SocketChannelImpl.checkConnect(Native Method)
	at sun.nio.ch.SocketChannelImpl.finishConnect(SocketChannelImpl.java:717)
	at org.apache.ratis.thirdparty.io.netty.channel.socket.nio.NioSocketChannel.doFinishConnect(NioSocketChannel.java:327)
	at org.apache.ratis.thirdparty.io.netty.channel.nio.AbstractNioChannel$AbstractNioUnsafe.finishConnect(AbstractNioChannel.java:340)
	at org.apache.ratis.thirdparty.io.netty.channel.nio.NioEventLoop.processSelectedKey(NioEventLoop.java:632)
	at org.apache.ratis.thirdparty.io.netty.channel.nio.NioEventLoop.processSelectedKeysOptimized(NioEventLoop.java:579)
	at org.apache.ratis.thirdparty.io.netty.channel.nio.NioEventLoop.processSelectedKeys(NioEventLoop.java:496)
	at org.apache.ratis.thirdparty.io.netty.channel.nio.NioEventLoop.run(NioEventLoop.java:458)
	at org.apache.ratis.thirdparty.io.netty.util.concurrent.SingleThreadEventExecutor$5.run(SingleThreadEventExecutor.java:897)
	at org.apache.ratis.thirdparty.io.netty.util.concurrent.FastThreadLocalRunnable.run(FastThreadLocalRunnable.java:30)
	... 1 more
Caused by: java.net.ConnectException: Connection refused
	... 11 more
2019-10-21 23:03:44,762 [7c107f1d-8592-48e3-af71-5982c0af1f56@group-C1C12825AC52-LeaderElection1247] INFO  impl.LeaderElection (LogUtils.java:infoOrTrace(149)) - 7c107f1d-8592-48e3-af71-5982c0af1f56@group-C1C12825AC52-LeaderElection1247 got exception when requesting votes: {}
java.util.concurrent.ExecutionException: org.apache.ratis.thirdparty.io.grpc.StatusRuntimeException: UNAVAILABLE: io exception
	at java.util.concurrent.FutureTask.report(FutureTask.java:122)
	at java.util.concurrent.FutureTask.get(FutureTask.java:192)
	at org.apache.ratis.server.impl.LeaderElection.waitForResults(LeaderElection.java:259)
	at org.apache.ratis.server.impl.LeaderElection.askForVotes(LeaderElection.java:197)
	at org.apache.ratis.server.impl.LeaderElection.run(LeaderElection.java:133)
	at java.lang.Thread.run(Thread.java:748)
Caused by: org.apache.ratis.thirdparty.io.grpc.StatusRuntimeException: UNAVAILABLE: io exception
	at org.apache.ratis.thirdparty.io.grpc.stub.ClientCalls.toStatusRuntimeException(ClientCalls.java:233)
	at org.apache.ratis.thirdparty.io.grpc.stub.ClientCalls.getUnchecked(ClientCalls.java:214)
	at org.apache.ratis.thirdparty.io.grpc.stub.ClientCalls.blockingUnaryCall(ClientCalls.java:139)
	at org.apache.ratis.proto.grpc.RaftServerProtocolServiceGrpc$RaftServerProtocolServiceBlockingStub.requestVote(RaftServerProtocolServiceGrpc.java:265)
	at org.apache.ratis.grpc.server.GrpcServerProtocolClient.requestVote(GrpcServerProtocolClient.java:99)
	at org.apache.ratis.grpc.server.GrpcService.requestVote(GrpcService.java:204)
	at org.apache.ratis.server.impl.LeaderElection.lambda$submitRequests$1(LeaderElection.java:234)
	at java.util.concurrent.FutureTask.run(FutureTask.java:266)
	at java.util.concurrent.Executors$RunnableAdapter.call(Executors.java:511)
	at java.util.concurrent.FutureTask.run(FutureTask.java:266)
	at java.util.concurrent.ThreadPoolExecutor.runWorker(ThreadPoolExecutor.java:1149)
	at java.util.concurrent.ThreadPoolExecutor$Worker.run(ThreadPoolExecutor.java:624)
	... 1 more
Caused by: org.apache.ratis.thirdparty.io.netty.channel.AbstractChannel$AnnotatedConnectException: Connection refused: /192.168.69.118:37568
	at sun.nio.ch.SocketChannelImpl.checkConnect(Native Method)
	at sun.nio.ch.SocketChannelImpl.finishConnect(SocketChannelImpl.java:717)
	at org.apache.ratis.thirdparty.io.netty.channel.socket.nio.NioSocketChannel.doFinishConnect(NioSocketChannel.java:327)
	at org.apache.ratis.thirdparty.io.netty.channel.nio.AbstractNioChannel$AbstractNioUnsafe.finishConnect(AbstractNioChannel.java:340)
	at org.apache.ratis.thirdparty.io.netty.channel.nio.NioEventLoop.processSelectedKey(NioEventLoop.java:632)
	at org.apache.ratis.thirdparty.io.netty.channel.nio.NioEventLoop.processSelectedKeysOptimized(NioEventLoop.java:579)
	at org.apache.ratis.thirdparty.io.netty.channel.nio.NioEventLoop.processSelectedKeys(NioEventLoop.java:496)
	at org.apache.ratis.thirdparty.io.netty.channel.nio.NioEventLoop.run(NioEventLoop.java:458)
	at org.apache.ratis.thirdparty.io.netty.util.concurrent.SingleThreadEventExecutor$5.run(SingleThreadEventExecutor.java:897)
	at org.apache.ratis.thirdparty.io.netty.util.concurrent.FastThreadLocalRunnable.run(FastThreadLocalRunnable.java:30)
	... 1 more
Caused by: java.net.ConnectException: Connection refused
	... 11 more
2019-10-21 23:03:44,762 [7c107f1d-8592-48e3-af71-5982c0af1f56@group-C1C12825AC52-LeaderElection1247] INFO  impl.LeaderElection (LeaderElection.java:logAndReturn(56)) - 7c107f1d-8592-48e3-af71-5982c0af1f56@group-C1C12825AC52-LeaderElection1247: Election REJECTED; received 0 response(s) [] and 2 exception(s); 7c107f1d-8592-48e3-af71-5982c0af1f56@group-C1C12825AC52:t184, leader=null, voted=7c107f1d-8592-48e3-af71-5982c0af1f56, raftlog=7c107f1d-8592-48e3-af71-5982c0af1f56@group-C1C12825AC52-SegmentedRaftLog:OPENED:c-1,f0,i0, conf=0: [1244ca21-2158-4cc7-9e07-ba347e145504:192.168.69.118:43370, 7c107f1d-8592-48e3-af71-5982c0af1f56:192.168.69.118:36514, d10c8639-03b1-4f19-ac0f-6419d7578d59:192.168.69.118:37568], old=null
2019-10-21 23:03:44,762 [7c107f1d-8592-48e3-af71-5982c0af1f56@group-C1C12825AC52-LeaderElection1247] INFO  impl.LeaderElection (LogUtils.java:infoOrTrace(149)) -   Exception 0: {}
java.util.concurrent.ExecutionException: org.apache.ratis.thirdparty.io.grpc.StatusRuntimeException: UNAVAILABLE: io exception
	at java.util.concurrent.FutureTask.report(FutureTask.java:122)
	at java.util.concurrent.FutureTask.get(FutureTask.java:192)
	at org.apache.ratis.server.impl.LeaderElection.waitForResults(LeaderElection.java:259)
	at org.apache.ratis.server.impl.LeaderElection.askForVotes(LeaderElection.java:197)
	at org.apache.ratis.server.impl.LeaderElection.run(LeaderElection.java:133)
	at java.lang.Thread.run(Thread.java:748)
Caused by: org.apache.ratis.thirdparty.io.grpc.StatusRuntimeException: UNAVAILABLE: io exception
	at org.apache.ratis.thirdparty.io.grpc.stub.ClientCalls.toStatusRuntimeException(ClientCalls.java:233)
	at org.apache.ratis.thirdparty.io.grpc.stub.ClientCalls.getUnchecked(ClientCalls.java:214)
	at org.apache.ratis.thirdparty.io.grpc.stub.ClientCalls.blockingUnaryCall(ClientCalls.java:139)
	at org.apache.ratis.proto.grpc.RaftServerProtocolServiceGrpc$RaftServerProtocolServiceBlockingStub.requestVote(RaftServerProtocolServiceGrpc.java:265)
	at org.apache.ratis.grpc.server.GrpcServerProtocolClient.requestVote(GrpcServerProtocolClient.java:99)
	at org.apache.ratis.grpc.server.GrpcService.requestVote(GrpcService.java:204)
	at org.apache.ratis.server.impl.LeaderElection.lambda$submitRequests$1(LeaderElection.java:234)
	at java.util.concurrent.FutureTask.run(FutureTask.java:266)
	at java.util.concurrent.Executors$RunnableAdapter.call(Executors.java:511)
	at java.util.concurrent.FutureTask.run(FutureTask.java:266)
	at java.util.concurrent.ThreadPoolExecutor.runWorker(ThreadPoolExecutor.java:1149)
	at java.util.concurrent.ThreadPoolExecutor$Worker.run(ThreadPoolExecutor.java:624)
	... 1 more
Caused by: org.apache.ratis.thirdparty.io.netty.channel.AbstractChannel$AnnotatedConnectException: Connection refused: /192.168.69.118:43370
	at sun.nio.ch.SocketChannelImpl.checkConnect(Native Method)
	at sun.nio.ch.SocketChannelImpl.finishConnect(SocketChannelImpl.java:717)
	at org.apache.ratis.thirdparty.io.netty.channel.socket.nio.NioSocketChannel.doFinishConnect(NioSocketChannel.java:327)
	at org.apache.ratis.thirdparty.io.netty.channel.nio.AbstractNioChannel$AbstractNioUnsafe.finishConnect(AbstractNioChannel.java:340)
	at org.apache.ratis.thirdparty.io.netty.channel.nio.NioEventLoop.processSelectedKey(NioEventLoop.java:632)
	at org.apache.ratis.thirdparty.io.netty.channel.nio.NioEventLoop.processSelectedKeysOptimized(NioEventLoop.java:579)
	at org.apache.ratis.thirdparty.io.netty.channel.nio.NioEventLoop.processSelectedKeys(NioEventLoop.java:496)
	at org.apache.ratis.thirdparty.io.netty.channel.nio.NioEventLoop.run(NioEventLoop.java:458)
	at org.apache.ratis.thirdparty.io.netty.util.concurrent.SingleThreadEventExecutor$5.run(SingleThreadEventExecutor.java:897)
	at org.apache.ratis.thirdparty.io.netty.util.concurrent.FastThreadLocalRunnable.run(FastThreadLocalRunnable.java:30)
	... 1 more
Caused by: java.net.ConnectException: Connection refused
	... 11 more
2019-10-21 23:03:44,763 [7c107f1d-8592-48e3-af71-5982c0af1f56@group-C1C12825AC52-LeaderElection1247] INFO  impl.LeaderElection (LogUtils.java:infoOrTrace(149)) -   Exception 1: {}
java.util.concurrent.ExecutionException: org.apache.ratis.thirdparty.io.grpc.StatusRuntimeException: UNAVAILABLE: io exception
	at java.util.concurrent.FutureTask.report(FutureTask.java:122)
	at java.util.concurrent.FutureTask.get(FutureTask.java:192)
	at org.apache.ratis.server.impl.LeaderElection.waitForResults(LeaderElection.java:259)
	at org.apache.ratis.server.impl.LeaderElection.askForVotes(LeaderElection.java:197)
	at org.apache.ratis.server.impl.LeaderElection.run(LeaderElection.java:133)
	at java.lang.Thread.run(Thread.java:748)
Caused by: org.apache.ratis.thirdparty.io.grpc.StatusRuntimeException: UNAVAILABLE: io exception
	at org.apache.ratis.thirdparty.io.grpc.stub.ClientCalls.toStatusRuntimeException(ClientCalls.java:233)
	at org.apache.ratis.thirdparty.io.grpc.stub.ClientCalls.getUnchecked(ClientCalls.java:214)
	at org.apache.ratis.thirdparty.io.grpc.stub.ClientCalls.blockingUnaryCall(ClientCalls.java:139)
	at org.apache.ratis.proto.grpc.RaftServerProtocolServiceGrpc$RaftServerProtocolServiceBlockingStub.requestVote(RaftServerProtocolServiceGrpc.java:265)
	at org.apache.ratis.grpc.server.GrpcServerProtocolClient.requestVote(GrpcServerProtocolClient.java:99)
	at org.apache.ratis.grpc.server.GrpcService.requestVote(GrpcService.java:204)
	at org.apache.ratis.server.impl.LeaderElection.lambda$submitRequests$1(LeaderElection.java:234)
	at java.util.concurrent.FutureTask.run(FutureTask.java:266)
	at java.util.concurrent.Executors$RunnableAdapter.call(Executors.java:511)
	at java.util.concurrent.FutureTask.run(FutureTask.java:266)
	at java.util.concurrent.ThreadPoolExecutor.runWorker(ThreadPoolExecutor.java:1149)
	at java.util.concurrent.ThreadPoolExecutor$Worker.run(ThreadPoolExecutor.java:624)
	... 1 more
Caused by: org.apache.ratis.thirdparty.io.netty.channel.AbstractChannel$AnnotatedConnectException: Connection refused: /192.168.69.118:37568
	at sun.nio.ch.SocketChannelImpl.checkConnect(Native Method)
	at sun.nio.ch.SocketChannelImpl.finishConnect(SocketChannelImpl.java:717)
	at org.apache.ratis.thirdparty.io.netty.channel.socket.nio.NioSocketChannel.doFinishConnect(NioSocketChannel.java:327)
	at org.apache.ratis.thirdparty.io.netty.channel.nio.AbstractNioChannel$AbstractNioUnsafe.finishConnect(AbstractNioChannel.java:340)
	at org.apache.ratis.thirdparty.io.netty.channel.nio.NioEventLoop.processSelectedKey(NioEventLoop.java:632)
	at org.apache.ratis.thirdparty.io.netty.channel.nio.NioEventLoop.processSelectedKeysOptimized(NioEventLoop.java:579)
	at org.apache.ratis.thirdparty.io.netty.channel.nio.NioEventLoop.processSelectedKeys(NioEventLoop.java:496)
	at org.apache.ratis.thirdparty.io.netty.channel.nio.NioEventLoop.run(NioEventLoop.java:458)
	at org.apache.ratis.thirdparty.io.netty.util.concurrent.SingleThreadEventExecutor$5.run(SingleThreadEventExecutor.java:897)
	at org.apache.ratis.thirdparty.io.netty.util.concurrent.FastThreadLocalRunnable.run(FastThreadLocalRunnable.java:30)
	... 1 more
Caused by: java.net.ConnectException: Connection refused
	... 11 more
2019-10-21 23:03:44,763 [7c107f1d-8592-48e3-af71-5982c0af1f56@group-C1C12825AC52-LeaderElection1247] INFO  impl.RaftServerImpl (RaftServerImpl.java:setRole(184)) - 7c107f1d-8592-48e3-af71-5982c0af1f56@group-C1C12825AC52: changes role from CANDIDATE to FOLLOWER at term 184 for DISCOVERED_A_NEW_TERM
2019-10-21 23:03:44,763 [7c107f1d-8592-48e3-af71-5982c0af1f56@group-C1C12825AC52-LeaderElection1247] INFO  impl.RoleInfo (RoleInfo.java:shutdownLeaderElection(134)) - 7c107f1d-8592-48e3-af71-5982c0af1f56: shutdown LeaderElection
2019-10-21 23:03:44,763 [7c107f1d-8592-48e3-af71-5982c0af1f56@group-C1C12825AC52-LeaderElection1247] INFO  impl.RoleInfo (RoleInfo.java:updateAndGet(143)) - 7c107f1d-8592-48e3-af71-5982c0af1f56: start FollowerState
2019-10-21 23:03:44,782 [java.util.concurrent.ThreadPoolExecutor$Worker@5a2bc4fb[State = -1, empty queue]] WARN  server.GrpcLogAppender (GrpcLogAppender.java:timeoutAppendRequest(209)) - 8f86521a-dea0-43d1-ae77-898e04dffe78@group-2FC1C8829C54->9aaebd24-66cb-4b96-a722-f4b7b0063a4e-GrpcLogAppender: appendEntries Timeout, request=8f86521a-dea0-43d1-ae77-898e04dffe78->9aaebd24-66cb-4b96-a722-f4b7b0063a4e#58-t1, previous=(t:1, i:10), leaderCommit=10, initializing? false, entries: <empty>
2019-10-21 23:03:45,282 [java.util.concurrent.ThreadPoolExecutor$Worker@5a2bc4fb[State = -1, empty queue]] WARN  server.GrpcLogAppender (GrpcLogAppender.java:timeoutAppendRequest(209)) - 8f86521a-dea0-43d1-ae77-898e04dffe78@group-2FC1C8829C54->9aaebd24-66cb-4b96-a722-f4b7b0063a4e-GrpcLogAppender: appendEntries Timeout, request=8f86521a-dea0-43d1-ae77-898e04dffe78->9aaebd24-66cb-4b96-a722-f4b7b0063a4e#59-t1, previous=(t:1, i:10), leaderCommit=10, initializing? false, entries: <empty>
2019-10-21 23:03:45,686 [Thread-10735] INFO  impl.FollowerState (FollowerState.java:run(108)) - 75bcb3a2-b551-405f-b8dd-694cefee0d48@group-2FC1C8829C54-FollowerState: change to CANDIDATE, lastRpcTime:1034ms, electionTimeout:1034ms
2019-10-21 23:03:45,686 [Thread-10735] INFO  impl.RoleInfo (RoleInfo.java:shutdownFollowerState(121)) - 75bcb3a2-b551-405f-b8dd-694cefee0d48: shutdown FollowerState
2019-10-21 23:03:45,686 [Thread-10735] INFO  impl.RaftServerImpl (RaftServerImpl.java:setRole(184)) - 75bcb3a2-b551-405f-b8dd-694cefee0d48@group-2FC1C8829C54: changes role from  FOLLOWER to CANDIDATE at term 2 for changeToCandidate
2019-10-21 23:03:45,686 [Thread-10735] INFO  impl.RoleInfo (RoleInfo.java:updateAndGet(143)) - 75bcb3a2-b551-405f-b8dd-694cefee0d48: start LeaderElection
2019-10-21 23:03:45,703 [75bcb3a2-b551-405f-b8dd-694cefee0d48@group-2FC1C8829C54-LeaderElection1248] INFO  impl.LeaderElection (LeaderElection.java:askForVotes(178)) - 75bcb3a2-b551-405f-b8dd-694cefee0d48@group-2FC1C8829C54-LeaderElection1248: begin an election at term 3 for 0: [8f86521a-dea0-43d1-ae77-898e04dffe78:192.168.69.118:34690, 75bcb3a2-b551-405f-b8dd-694cefee0d48:192.168.69.118:38590, 9aaebd24-66cb-4b96-a722-f4b7b0063a4e:192.168.69.118:34037], old=null
2019-10-21 23:03:45,704 [75bcb3a2-b551-405f-b8dd-694cefee0d48@group-2FC1C8829C54-LeaderElection1248] INFO  impl.LeaderElection (LogUtils.java:infoOrTrace(149)) - 75bcb3a2-b551-405f-b8dd-694cefee0d48@group-2FC1C8829C54-LeaderElection1248 got exception when requesting votes: {}
java.util.concurrent.ExecutionException: org.apache.ratis.thirdparty.io.grpc.StatusRuntimeException: UNAVAILABLE: io exception
	at java.util.concurrent.FutureTask.report(FutureTask.java:122)
	at java.util.concurrent.FutureTask.get(FutureTask.java:192)
	at org.apache.ratis.server.impl.LeaderElection.waitForResults(LeaderElection.java:259)
	at org.apache.ratis.server.impl.LeaderElection.askForVotes(LeaderElection.java:197)
	at org.apache.ratis.server.impl.LeaderElection.run(LeaderElection.java:133)
	at java.lang.Thread.run(Thread.java:748)
Caused by: org.apache.ratis.thirdparty.io.grpc.StatusRuntimeException: UNAVAILABLE: io exception
	at org.apache.ratis.thirdparty.io.grpc.stub.ClientCalls.toStatusRuntimeException(ClientCalls.java:233)
	at org.apache.ratis.thirdparty.io.grpc.stub.ClientCalls.getUnchecked(ClientCalls.java:214)
	at org.apache.ratis.thirdparty.io.grpc.stub.ClientCalls.blockingUnaryCall(ClientCalls.java:139)
	at org.apache.ratis.proto.grpc.RaftServerProtocolServiceGrpc$RaftServerProtocolServiceBlockingStub.requestVote(RaftServerProtocolServiceGrpc.java:265)
	at org.apache.ratis.grpc.server.GrpcServerProtocolClient.requestVote(GrpcServerProtocolClient.java:99)
	at org.apache.ratis.grpc.server.GrpcService.requestVote(GrpcService.java:204)
	at org.apache.ratis.server.impl.LeaderElection.lambda$submitRequests$1(LeaderElection.java:234)
	at java.util.concurrent.FutureTask.run(FutureTask.java:266)
	at java.util.concurrent.Executors$RunnableAdapter.call(Executors.java:511)
	at java.util.concurrent.FutureTask.run(FutureTask.java:266)
	at java.util.concurrent.ThreadPoolExecutor.runWorker(ThreadPoolExecutor.java:1149)
	at java.util.concurrent.ThreadPoolExecutor$Worker.run(ThreadPoolExecutor.java:624)
	... 1 more
Caused by: org.apache.ratis.thirdparty.io.netty.channel.AbstractChannel$AnnotatedConnectException: Connection refused: /192.168.69.118:34690
	at sun.nio.ch.SocketChannelImpl.checkConnect(Native Method)
	at sun.nio.ch.SocketChannelImpl.finishConnect(SocketChannelImpl.java:717)
	at org.apache.ratis.thirdparty.io.netty.channel.socket.nio.NioSocketChannel.doFinishConnect(NioSocketChannel.java:327)
	at org.apache.ratis.thirdparty.io.netty.channel.nio.AbstractNioChannel$AbstractNioUnsafe.finishConnect(AbstractNioChannel.java:340)
	at org.apache.ratis.thirdparty.io.netty.channel.nio.NioEventLoop.processSelectedKey(NioEventLoop.java:632)
	at org.apache.ratis.thirdparty.io.netty.channel.nio.NioEventLoop.processSelectedKeysOptimized(NioEventLoop.java:579)
	at org.apache.ratis.thirdparty.io.netty.channel.nio.NioEventLoop.processSelectedKeys(NioEventLoop.java:496)
	at org.apache.ratis.thirdparty.io.netty.channel.nio.NioEventLoop.run(NioEventLoop.java:458)
	at org.apache.ratis.thirdparty.io.netty.util.concurrent.SingleThreadEventExecutor$5.run(SingleThreadEventExecutor.java:897)
	at org.apache.ratis.thirdparty.io.netty.util.concurrent.FastThreadLocalRunnable.run(FastThreadLocalRunnable.java:30)
	... 1 more
Caused by: java.net.ConnectException: Connection refused
	... 11 more
2019-10-21 23:03:45,704 [75bcb3a2-b551-405f-b8dd-694cefee0d48@group-2FC1C8829C54-LeaderElection1248] INFO  impl.LeaderElection (LogUtils.java:infoOrTrace(149)) - 75bcb3a2-b551-405f-b8dd-694cefee0d48@group-2FC1C8829C54-LeaderElection1248 got exception when requesting votes: {}
java.util.concurrent.ExecutionException: org.apache.ratis.thirdparty.io.grpc.StatusRuntimeException: UNAVAILABLE: io exception
	at java.util.concurrent.FutureTask.report(FutureTask.java:122)
	at java.util.concurrent.FutureTask.get(FutureTask.java:192)
	at org.apache.ratis.server.impl.LeaderElection.waitForResults(LeaderElection.java:259)
	at org.apache.ratis.server.impl.LeaderElection.askForVotes(LeaderElection.java:197)
	at org.apache.ratis.server.impl.LeaderElection.run(LeaderElection.java:133)
	at java.lang.Thread.run(Thread.java:748)
Caused by: org.apache.ratis.thirdparty.io.grpc.StatusRuntimeException: UNAVAILABLE: io exception
	at org.apache.ratis.thirdparty.io.grpc.stub.ClientCalls.toStatusRuntimeException(ClientCalls.java:233)
	at org.apache.ratis.thirdparty.io.grpc.stub.ClientCalls.getUnchecked(ClientCalls.java:214)
	at org.apache.ratis.thirdparty.io.grpc.stub.ClientCalls.blockingUnaryCall(ClientCalls.java:139)
	at org.apache.ratis.proto.grpc.RaftServerProtocolServiceGrpc$RaftServerProtocolServiceBlockingStub.requestVote(RaftServerProtocolServiceGrpc.java:265)
	at org.apache.ratis.grpc.server.GrpcServerProtocolClient.requestVote(GrpcServerProtocolClient.java:99)
	at org.apache.ratis.grpc.server.GrpcService.requestVote(GrpcService.java:204)
	at org.apache.ratis.server.impl.LeaderElection.lambda$submitRequests$1(LeaderElection.java:234)
	at java.util.concurrent.FutureTask.run(FutureTask.java:266)
	at java.util.concurrent.Executors$RunnableAdapter.call(Executors.java:511)
	at java.util.concurrent.FutureTask.run(FutureTask.java:266)
	at java.util.concurrent.ThreadPoolExecutor.runWorker(ThreadPoolExecutor.java:1149)
	at java.util.concurrent.ThreadPoolExecutor$Worker.run(ThreadPoolExecutor.java:624)
	... 1 more
Caused by: org.apache.ratis.thirdparty.io.netty.channel.AbstractChannel$AnnotatedConnectException: Connection refused: /192.168.69.118:34037
	at sun.nio.ch.SocketChannelImpl.checkConnect(Native Method)
	at sun.nio.ch.SocketChannelImpl.finishConnect(SocketChannelImpl.java:717)
	at org.apache.ratis.thirdparty.io.netty.channel.socket.nio.NioSocketChannel.doFinishConnect(NioSocketChannel.java:327)
	at org.apache.ratis.thirdparty.io.netty.channel.nio.AbstractNioChannel$AbstractNioUnsafe.finishConnect(AbstractNioChannel.java:340)
	at org.apache.ratis.thirdparty.io.netty.channel.nio.NioEventLoop.processSelectedKey(NioEventLoop.java:632)
	at org.apache.ratis.thirdparty.io.netty.channel.nio.NioEventLoop.processSelectedKeysOptimized(NioEventLoop.java:579)
	at org.apache.ratis.thirdparty.io.netty.channel.nio.NioEventLoop.processSelectedKeys(NioEventLoop.java:496)
	at org.apache.ratis.thirdparty.io.netty.channel.nio.NioEventLoop.run(NioEventLoop.java:458)
	at org.apache.ratis.thirdparty.io.netty.util.concurrent.SingleThreadEventExecutor$5.run(SingleThreadEventExecutor.java:897)
	at org.apache.ratis.thirdparty.io.netty.util.concurrent.FastThreadLocalRunnable.run(FastThreadLocalRunnable.java:30)
	... 1 more
Caused by: java.net.ConnectException: Connection refused
	... 11 more
2019-10-21 23:03:45,704 [75bcb3a2-b551-405f-b8dd-694cefee0d48@group-2FC1C8829C54-LeaderElection1248] INFO  impl.LeaderElection (LeaderElection.java:logAndReturn(56)) - 75bcb3a2-b551-405f-b8dd-694cefee0d48@group-2FC1C8829C54-LeaderElection1248: Election REJECTED; received 0 response(s) [] and 2 exception(s); 75bcb3a2-b551-405f-b8dd-694cefee0d48@group-2FC1C8829C54:t3, leader=null, voted=75bcb3a2-b551-405f-b8dd-694cefee0d48, raftlog=75bcb3a2-b551-405f-b8dd-694cefee0d48@group-2FC1C8829C54-SegmentedRaftLog:OPENED:c10,f10,i10, conf=0: [8f86521a-dea0-43d1-ae77-898e04dffe78:192.168.69.118:34690, 75bcb3a2-b551-405f-b8dd-694cefee0d48:192.168.69.118:38590, 9aaebd24-66cb-4b96-a722-f4b7b0063a4e:192.168.69.118:34037], old=null
2019-10-21 23:03:45,704 [75bcb3a2-b551-405f-b8dd-694cefee0d48@group-2FC1C8829C54-LeaderElection1248] INFO  impl.LeaderElection (LogUtils.java:infoOrTrace(149)) -   Exception 0: {}
java.util.concurrent.ExecutionException: org.apache.ratis.thirdparty.io.grpc.StatusRuntimeException: UNAVAILABLE: io exception
	at java.util.concurrent.FutureTask.report(FutureTask.java:122)
	at java.util.concurrent.FutureTask.get(FutureTask.java:192)
	at org.apache.ratis.server.impl.LeaderElection.waitForResults(LeaderElection.java:259)
	at org.apache.ratis.server.impl.LeaderElection.askForVotes(LeaderElection.java:197)
	at org.apache.ratis.server.impl.LeaderElection.run(LeaderElection.java:133)
	at java.lang.Thread.run(Thread.java:748)
Caused by: org.apache.ratis.thirdparty.io.grpc.StatusRuntimeException: UNAVAILABLE: io exception
	at org.apache.ratis.thirdparty.io.grpc.stub.ClientCalls.toStatusRuntimeException(ClientCalls.java:233)
	at org.apache.ratis.thirdparty.io.grpc.stub.ClientCalls.getUnchecked(ClientCalls.java:214)
	at org.apache.ratis.thirdparty.io.grpc.stub.ClientCalls.blockingUnaryCall(ClientCalls.java:139)
	at org.apache.ratis.proto.grpc.RaftServerProtocolServiceGrpc$RaftServerProtocolServiceBlockingStub.requestVote(RaftServerProtocolServiceGrpc.java:265)
	at org.apache.ratis.grpc.server.GrpcServerProtocolClient.requestVote(GrpcServerProtocolClient.java:99)
	at org.apache.ratis.grpc.server.GrpcService.requestVote(GrpcService.java:204)
	at org.apache.ratis.server.impl.LeaderElection.lambda$submitRequests$1(LeaderElection.java:234)
	at java.util.concurrent.FutureTask.run(FutureTask.java:266)
	at java.util.concurrent.Executors$RunnableAdapter.call(Executors.java:511)
	at java.util.concurrent.FutureTask.run(FutureTask.java:266)
	at java.util.concurrent.ThreadPoolExecutor.runWorker(ThreadPoolExecutor.java:1149)
	at java.util.concurrent.ThreadPoolExecutor$Worker.run(ThreadPoolExecutor.java:624)
	... 1 more
Caused by: org.apache.ratis.thirdparty.io.netty.channel.AbstractChannel$AnnotatedConnectException: Connection refused: /192.168.69.118:34690
	at sun.nio.ch.SocketChannelImpl.checkConnect(Native Method)
	at sun.nio.ch.SocketChannelImpl.finishConnect(SocketChannelImpl.java:717)
	at org.apache.ratis.thirdparty.io.netty.channel.socket.nio.NioSocketChannel.doFinishConnect(NioSocketChannel.java:327)
	at org.apache.ratis.thirdparty.io.netty.channel.nio.AbstractNioChannel$AbstractNioUnsafe.finishConnect(AbstractNioChannel.java:340)
	at org.apache.ratis.thirdparty.io.netty.channel.nio.NioEventLoop.processSelectedKey(NioEventLoop.java:632)
	at org.apache.ratis.thirdparty.io.netty.channel.nio.NioEventLoop.processSelectedKeysOptimized(NioEventLoop.java:579)
	at org.apache.ratis.thirdparty.io.netty.channel.nio.NioEventLoop.processSelectedKeys(NioEventLoop.java:496)
	at org.apache.ratis.thirdparty.io.netty.channel.nio.NioEventLoop.run(NioEventLoop.java:458)
	at org.apache.ratis.thirdparty.io.netty.util.concurrent.SingleThreadEventExecutor$5.run(SingleThreadEventExecutor.java:897)
	at org.apache.ratis.thirdparty.io.netty.util.concurrent.FastThreadLocalRunnable.run(FastThreadLocalRunnable.java:30)
	... 1 more
Caused by: java.net.ConnectException: Connection refused
	... 11 more
2019-10-21 23:03:45,705 [75bcb3a2-b551-405f-b8dd-694cefee0d48@group-2FC1C8829C54-LeaderElection1248] INFO  impl.LeaderElection (LogUtils.java:infoOrTrace(149)) -   Exception 1: {}
java.util.concurrent.ExecutionException: org.apache.ratis.thirdparty.io.grpc.StatusRuntimeException: UNAVAILABLE: io exception
	at java.util.concurrent.FutureTask.report(FutureTask.java:122)
	at java.util.concurrent.FutureTask.get(FutureTask.java:192)
	at org.apache.ratis.server.impl.LeaderElection.waitForResults(LeaderElection.java:259)
	at org.apache.ratis.server.impl.LeaderElection.askForVotes(LeaderElection.java:197)
	at org.apache.ratis.server.impl.LeaderElection.run(LeaderElection.java:133)
	at java.lang.Thread.run(Thread.java:748)
Caused by: org.apache.ratis.thirdparty.io.grpc.StatusRuntimeException: UNAVAILABLE: io exception
	at org.apache.ratis.thirdparty.io.grpc.stub.ClientCalls.toStatusRuntimeException(ClientCalls.java:233)
	at org.apache.ratis.thirdparty.io.grpc.stub.ClientCalls.getUnchecked(ClientCalls.java:214)
	at org.apache.ratis.thirdparty.io.grpc.stub.ClientCalls.blockingUnaryCall(ClientCalls.java:139)
	at org.apache.ratis.proto.grpc.RaftServerProtocolServiceGrpc$RaftServerProtocolServiceBlockingStub.requestVote(RaftServerProtocolServiceGrpc.java:265)
	at org.apache.ratis.grpc.server.GrpcServerProtocolClient.requestVote(GrpcServerProtocolClient.java:99)
	at org.apache.ratis.grpc.server.GrpcService.requestVote(GrpcService.java:204)
	at org.apache.ratis.server.impl.LeaderElection.lambda$submitRequests$1(LeaderElection.java:234)
	at java.util.concurrent.FutureTask.run(FutureTask.java:266)
	at java.util.concurrent.Executors$RunnableAdapter.call(Executors.java:511)
	at java.util.concurrent.FutureTask.run(FutureTask.java:266)
	at java.util.concurrent.ThreadPoolExecutor.runWorker(ThreadPoolExecutor.java:1149)
	at java.util.concurrent.ThreadPoolExecutor$Worker.run(ThreadPoolExecutor.java:624)
	... 1 more
Caused by: org.apache.ratis.thirdparty.io.netty.channel.AbstractChannel$AnnotatedConnectException: Connection refused: /192.168.69.118:34037
	at sun.nio.ch.SocketChannelImpl.checkConnect(Native Method)
	at sun.nio.ch.SocketChannelImpl.finishConnect(SocketChannelImpl.java:717)
	at org.apache.ratis.thirdparty.io.netty.channel.socket.nio.NioSocketChannel.doFinishConnect(NioSocketChannel.java:327)
	at org.apache.ratis.thirdparty.io.netty.channel.nio.AbstractNioChannel$AbstractNioUnsafe.finishConnect(AbstractNioChannel.java:340)
	at org.apache.ratis.thirdparty.io.netty.channel.nio.NioEventLoop.processSelectedKey(NioEventLoop.java:632)
	at org.apache.ratis.thirdparty.io.netty.channel.nio.NioEventLoop.processSelectedKeysOptimized(NioEventLoop.java:579)
	at org.apache.ratis.thirdparty.io.netty.channel.nio.NioEventLoop.processSelectedKeys(NioEventLoop.java:496)
	at org.apache.ratis.thirdparty.io.netty.channel.nio.NioEventLoop.run(NioEventLoop.java:458)
	at org.apache.ratis.thirdparty.io.netty.util.concurrent.SingleThreadEventExecutor$5.run(SingleThreadEventExecutor.java:897)
	at org.apache.ratis.thirdparty.io.netty.util.concurrent.FastThreadLocalRunnable.run(FastThreadLocalRunnable.java:30)
	... 1 more
Caused by: java.net.ConnectException: Connection refused
	... 11 more
2019-10-21 23:03:45,705 [75bcb3a2-b551-405f-b8dd-694cefee0d48@group-2FC1C8829C54-LeaderElection1248] INFO  impl.RaftServerImpl (RaftServerImpl.java:setRole(184)) - 75bcb3a2-b551-405f-b8dd-694cefee0d48@group-2FC1C8829C54: changes role from CANDIDATE to FOLLOWER at term 3 for DISCOVERED_A_NEW_TERM
2019-10-21 23:03:45,705 [75bcb3a2-b551-405f-b8dd-694cefee0d48@group-2FC1C8829C54-LeaderElection1248] INFO  impl.RoleInfo (RoleInfo.java:shutdownLeaderElection(134)) - 75bcb3a2-b551-405f-b8dd-694cefee0d48: shutdown LeaderElection
2019-10-21 23:03:45,705 [75bcb3a2-b551-405f-b8dd-694cefee0d48@group-2FC1C8829C54-LeaderElection1248] INFO  impl.RoleInfo (RoleInfo.java:updateAndGet(143)) - 75bcb3a2-b551-405f-b8dd-694cefee0d48: start FollowerState
2019-10-21 23:03:45,782 [java.util.concurrent.ThreadPoolExecutor$Worker@5a2bc4fb[State = -1, empty queue]] WARN  server.GrpcLogAppender (GrpcLogAppender.java:timeoutAppendRequest(209)) - 8f86521a-dea0-43d1-ae77-898e04dffe78@group-2FC1C8829C54->9aaebd24-66cb-4b96-a722-f4b7b0063a4e-GrpcLogAppender: appendEntries Timeout, request=8f86521a-dea0-43d1-ae77-898e04dffe78->9aaebd24-66cb-4b96-a722-f4b7b0063a4e#60-t1, previous=(t:1, i:10), leaderCommit=10, initializing? false, entries: <empty>
2019-10-21 23:03:45,957 [Thread-10741] INFO  impl.FollowerState (FollowerState.java:run(108)) - 7c107f1d-8592-48e3-af71-5982c0af1f56@group-C1C12825AC52-FollowerState: change to CANDIDATE, lastRpcTime:1193ms, electionTimeout:1193ms
2019-10-21 23:03:45,957 [Thread-10741] INFO  impl.RoleInfo (RoleInfo.java:shutdownFollowerState(121)) - 7c107f1d-8592-48e3-af71-5982c0af1f56: shutdown FollowerState
2019-10-21 23:03:45,957 [Thread-10741] INFO  impl.RaftServerImpl (RaftServerImpl.java:setRole(184)) - 7c107f1d-8592-48e3-af71-5982c0af1f56@group-C1C12825AC52: changes role from  FOLLOWER to CANDIDATE at term 184 for changeToCandidate
2019-10-21 23:03:45,957 [Thread-10741] INFO  impl.RoleInfo (RoleInfo.java:updateAndGet(143)) - 7c107f1d-8592-48e3-af71-5982c0af1f56: start LeaderElection
2019-10-21 23:03:45,967 [7c107f1d-8592-48e3-af71-5982c0af1f56@group-C1C12825AC52-LeaderElection1249] INFO  impl.LeaderElection (LeaderElection.java:askForVotes(178)) - 7c107f1d-8592-48e3-af71-5982c0af1f56@group-C1C12825AC52-LeaderElection1249: begin an election at term 185 for 0: [1244ca21-2158-4cc7-9e07-ba347e145504:192.168.69.118:43370, 7c107f1d-8592-48e3-af71-5982c0af1f56:192.168.69.118:36514, d10c8639-03b1-4f19-ac0f-6419d7578d59:192.168.69.118:37568], old=null
2019-10-21 23:03:45,968 [7c107f1d-8592-48e3-af71-5982c0af1f56@group-C1C12825AC52-LeaderElection1249] INFO  impl.LeaderElection (LogUtils.java:infoOrTrace(149)) - 7c107f1d-8592-48e3-af71-5982c0af1f56@group-C1C12825AC52-LeaderElection1249 got exception when requesting votes: {}
java.util.concurrent.ExecutionException: org.apache.ratis.thirdparty.io.grpc.StatusRuntimeException: UNAVAILABLE: io exception
	at java.util.concurrent.FutureTask.report(FutureTask.java:122)
	at java.util.concurrent.FutureTask.get(FutureTask.java:192)
	at org.apache.ratis.server.impl.LeaderElection.waitForResults(LeaderElection.java:259)
	at org.apache.ratis.server.impl.LeaderElection.askForVotes(LeaderElection.java:197)
	at org.apache.ratis.server.impl.LeaderElection.run(LeaderElection.java:133)
	at java.lang.Thread.run(Thread.java:748)
Caused by: org.apache.ratis.thirdparty.io.grpc.StatusRuntimeException: UNAVAILABLE: io exception
	at org.apache.ratis.thirdparty.io.grpc.stub.ClientCalls.toStatusRuntimeException(ClientCalls.java:233)
	at org.apache.ratis.thirdparty.io.grpc.stub.ClientCalls.getUnchecked(ClientCalls.java:214)
	at org.apache.ratis.thirdparty.io.grpc.stub.ClientCalls.blockingUnaryCall(ClientCalls.java:139)
	at org.apache.ratis.proto.grpc.RaftServerProtocolServiceGrpc$RaftServerProtocolServiceBlockingStub.requestVote(RaftServerProtocolServiceGrpc.java:265)
	at org.apache.ratis.grpc.server.GrpcServerProtocolClient.requestVote(GrpcServerProtocolClient.java:99)
	at org.apache.ratis.grpc.server.GrpcService.requestVote(GrpcService.java:204)
	at org.apache.ratis.server.impl.LeaderElection.lambda$submitRequests$1(LeaderElection.java:234)
	at java.util.concurrent.FutureTask.run(FutureTask.java:266)
	at java.util.concurrent.Executors$RunnableAdapter.call(Executors.java:511)
	at java.util.concurrent.FutureTask.run(FutureTask.java:266)
	at java.util.concurrent.ThreadPoolExecutor.runWorker(ThreadPoolExecutor.java:1149)
	at java.util.concurrent.ThreadPoolExecutor$Worker.run(ThreadPoolExecutor.java:624)
	... 1 more
Caused by: org.apache.ratis.thirdparty.io.netty.channel.AbstractChannel$AnnotatedConnectException: Connection refused: /192.168.69.118:43370
	at sun.nio.ch.SocketChannelImpl.checkConnect(Native Method)
	at sun.nio.ch.SocketChannelImpl.finishConnect(SocketChannelImpl.java:717)
	at org.apache.ratis.thirdparty.io.netty.channel.socket.nio.NioSocketChannel.doFinishConnect(NioSocketChannel.java:327)
	at org.apache.ratis.thirdparty.io.netty.channel.nio.AbstractNioChannel$AbstractNioUnsafe.finishConnect(AbstractNioChannel.java:340)
	at org.apache.ratis.thirdparty.io.netty.channel.nio.NioEventLoop.processSelectedKey(NioEventLoop.java:632)
	at org.apache.ratis.thirdparty.io.netty.channel.nio.NioEventLoop.processSelectedKeysOptimized(NioEventLoop.java:579)
	at org.apache.ratis.thirdparty.io.netty.channel.nio.NioEventLoop.processSelectedKeys(NioEventLoop.java:496)
	at org.apache.ratis.thirdparty.io.netty.channel.nio.NioEventLoop.run(NioEventLoop.java:458)
	at org.apache.ratis.thirdparty.io.netty.util.concurrent.SingleThreadEventExecutor$5.run(SingleThreadEventExecutor.java:897)
	at org.apache.ratis.thirdparty.io.netty.util.concurrent.FastThreadLocalRunnable.run(FastThreadLocalRunnable.java:30)
	... 1 more
Caused by: java.net.ConnectException: Connection refused
	... 11 more
2019-10-21 23:03:45,969 [7c107f1d-8592-48e3-af71-5982c0af1f56@group-C1C12825AC52-LeaderElection1249] INFO  impl.LeaderElection (LogUtils.java:infoOrTrace(149)) - 7c107f1d-8592-48e3-af71-5982c0af1f56@group-C1C12825AC52-LeaderElection1249 got exception when requesting votes: {}
java.util.concurrent.ExecutionException: org.apache.ratis.thirdparty.io.grpc.StatusRuntimeException: UNAVAILABLE: io exception
	at java.util.concurrent.FutureTask.report(FutureTask.java:122)
	at java.util.concurrent.FutureTask.get(FutureTask.java:192)
	at org.apache.ratis.server.impl.LeaderElection.waitForResults(LeaderElection.java:259)
	at org.apache.ratis.server.impl.LeaderElection.askForVotes(LeaderElection.java:197)
	at org.apache.ratis.server.impl.LeaderElection.run(LeaderElection.java:133)
	at java.lang.Thread.run(Thread.java:748)
Caused by: org.apache.ratis.thirdparty.io.grpc.StatusRuntimeException: UNAVAILABLE: io exception
	at org.apache.ratis.thirdparty.io.grpc.stub.ClientCalls.toStatusRuntimeException(ClientCalls.java:233)
	at org.apache.ratis.thirdparty.io.grpc.stub.ClientCalls.getUnchecked(ClientCalls.java:214)
	at org.apache.ratis.thirdparty.io.grpc.stub.ClientCalls.blockingUnaryCall(ClientCalls.java:139)
	at org.apache.ratis.proto.grpc.RaftServerProtocolServiceGrpc$RaftServerProtocolServiceBlockingStub.requestVote(RaftServerProtocolServiceGrpc.java:265)
	at org.apache.ratis.grpc.server.GrpcServerProtocolClient.requestVote(GrpcServerProtocolClient.java:99)
	at org.apache.ratis.grpc.server.GrpcService.requestVote(GrpcService.java:204)
	at org.apache.ratis.server.impl.LeaderElection.lambda$submitRequests$1(LeaderElection.java:234)
	at java.util.concurrent.FutureTask.run(FutureTask.java:266)
	at java.util.concurrent.Executors$RunnableAdapter.call(Executors.java:511)
	at java.util.concurrent.FutureTask.run(FutureTask.java:266)
	at java.util.concurrent.ThreadPoolExecutor.runWorker(ThreadPoolExecutor.java:1149)
	at java.util.concurrent.ThreadPoolExecutor$Worker.run(ThreadPoolExecutor.java:624)
	... 1 more
Caused by: org.apache.ratis.thirdparty.io.netty.channel.AbstractChannel$AnnotatedConnectException: Connection refused: /192.168.69.118:37568
	at sun.nio.ch.SocketChannelImpl.checkConnect(Native Method)
	at sun.nio.ch.SocketChannelImpl.finishConnect(SocketChannelImpl.java:717)
	at org.apache.ratis.thirdparty.io.netty.channel.socket.nio.NioSocketChannel.doFinishConnect(NioSocketChannel.java:327)
	at org.apache.ratis.thirdparty.io.netty.channel.nio.AbstractNioChannel$AbstractNioUnsafe.finishConnect(AbstractNioChannel.java:340)
	at org.apache.ratis.thirdparty.io.netty.channel.nio.NioEventLoop.processSelectedKey(NioEventLoop.java:632)
	at org.apache.ratis.thirdparty.io.netty.channel.nio.NioEventLoop.processSelectedKeysOptimized(NioEventLoop.java:579)
	at org.apache.ratis.thirdparty.io.netty.channel.nio.NioEventLoop.processSelectedKeys(NioEventLoop.java:496)
	at org.apache.ratis.thirdparty.io.netty.channel.nio.NioEventLoop.run(NioEventLoop.java:458)
	at org.apache.ratis.thirdparty.io.netty.util.concurrent.SingleThreadEventExecutor$5.run(SingleThreadEventExecutor.java:897)
	at org.apache.ratis.thirdparty.io.netty.util.concurrent.FastThreadLocalRunnable.run(FastThreadLocalRunnable.java:30)
	... 1 more
Caused by: java.net.ConnectException: Connection refused
	... 11 more
2019-10-21 23:03:45,969 [7c107f1d-8592-48e3-af71-5982c0af1f56@group-C1C12825AC52-LeaderElection1249] INFO  impl.LeaderElection (LeaderElection.java:logAndReturn(56)) - 7c107f1d-8592-48e3-af71-5982c0af1f56@group-C1C12825AC52-LeaderElection1249: Election REJECTED; received 0 response(s) [] and 2 exception(s); 7c107f1d-8592-48e3-af71-5982c0af1f56@group-C1C12825AC52:t185, leader=null, voted=7c107f1d-8592-48e3-af71-5982c0af1f56, raftlog=7c107f1d-8592-48e3-af71-5982c0af1f56@group-C1C12825AC52-SegmentedRaftLog:OPENED:c-1,f0,i0, conf=0: [1244ca21-2158-4cc7-9e07-ba347e145504:192.168.69.118:43370, 7c107f1d-8592-48e3-af71-5982c0af1f56:192.168.69.118:36514, d10c8639-03b1-4f19-ac0f-6419d7578d59:192.168.69.118:37568], old=null
2019-10-21 23:03:45,969 [7c107f1d-8592-48e3-af71-5982c0af1f56@group-C1C12825AC52-LeaderElection1249] INFO  impl.LeaderElection (LogUtils.java:infoOrTrace(149)) -   Exception 0: {}
java.util.concurrent.ExecutionException: org.apache.ratis.thirdparty.io.grpc.StatusRuntimeException: UNAVAILABLE: io exception
	at java.util.concurrent.FutureTask.report(FutureTask.java:122)
	at java.util.concurrent.FutureTask.get(FutureTask.java:192)
	at org.apache.ratis.server.impl.LeaderElection.waitForResults(LeaderElection.java:259)
	at org.apache.ratis.server.impl.LeaderElection.askForVotes(LeaderElection.java:197)
	at org.apache.ratis.server.impl.LeaderElection.run(LeaderElection.java:133)
	at java.lang.Thread.run(Thread.java:748)
Caused by: org.apache.ratis.thirdparty.io.grpc.StatusRuntimeException: UNAVAILABLE: io exception
	at org.apache.ratis.thirdparty.io.grpc.stub.ClientCalls.toStatusRuntimeException(ClientCalls.java:233)
	at org.apache.ratis.thirdparty.io.grpc.stub.ClientCalls.getUnchecked(ClientCalls.java:214)
	at org.apache.ratis.thirdparty.io.grpc.stub.ClientCalls.blockingUnaryCall(ClientCalls.java:139)
	at org.apache.ratis.proto.grpc.RaftServerProtocolServiceGrpc$RaftServerProtocolServiceBlockingStub.requestVote(RaftServerProtocolServiceGrpc.java:265)
	at org.apache.ratis.grpc.server.GrpcServerProtocolClient.requestVote(GrpcServerProtocolClient.java:99)
	at org.apache.ratis.grpc.server.GrpcService.requestVote(GrpcService.java:204)
	at org.apache.ratis.server.impl.LeaderElection.lambda$submitRequests$1(LeaderElection.java:234)
	at java.util.concurrent.FutureTask.run(FutureTask.java:266)
	at java.util.concurrent.Executors$RunnableAdapter.call(Executors.java:511)
	at java.util.concurrent.FutureTask.run(FutureTask.java:266)
	at java.util.concurrent.ThreadPoolExecutor.runWorker(ThreadPoolExecutor.java:1149)
	at java.util.concurrent.ThreadPoolExecutor$Worker.run(ThreadPoolExecutor.java:624)
	... 1 more
Caused by: org.apache.ratis.thirdparty.io.netty.channel.AbstractChannel$AnnotatedConnectException: Connection refused: /192.168.69.118:43370
	at sun.nio.ch.SocketChannelImpl.checkConnect(Native Method)
	at sun.nio.ch.SocketChannelImpl.finishConnect(SocketChannelImpl.java:717)
	at org.apache.ratis.thirdparty.io.netty.channel.socket.nio.NioSocketChannel.doFinishConnect(NioSocketChannel.java:327)
	at org.apache.ratis.thirdparty.io.netty.channel.nio.AbstractNioChannel$AbstractNioUnsafe.finishConnect(AbstractNioChannel.java:340)
	at org.apache.ratis.thirdparty.io.netty.channel.nio.NioEventLoop.processSelectedKey(NioEventLoop.java:632)
	at org.apache.ratis.thirdparty.io.netty.channel.nio.NioEventLoop.processSelectedKeysOptimized(NioEventLoop.java:579)
	at org.apache.ratis.thirdparty.io.netty.channel.nio.NioEventLoop.processSelectedKeys(NioEventLoop.java:496)
	at org.apache.ratis.thirdparty.io.netty.channel.nio.NioEventLoop.run(NioEventLoop.java:458)
	at org.apache.ratis.thirdparty.io.netty.util.concurrent.SingleThreadEventExecutor$5.run(SingleThreadEventExecutor.java:897)
	at org.apache.ratis.thirdparty.io.netty.util.concurrent.FastThreadLocalRunnable.run(FastThreadLocalRunnable.java:30)
	... 1 more
Caused by: java.net.ConnectException: Connection refused
	... 11 more
2019-10-21 23:03:45,970 [7c107f1d-8592-48e3-af71-5982c0af1f56@group-C1C12825AC52-LeaderElection1249] INFO  impl.LeaderElection (LogUtils.java:infoOrTrace(149)) -   Exception 1: {}
java.util.concurrent.ExecutionException: org.apache.ratis.thirdparty.io.grpc.StatusRuntimeException: UNAVAILABLE: io exception
	at java.util.concurrent.FutureTask.report(FutureTask.java:122)
	at java.util.concurrent.FutureTask.get(FutureTask.java:192)
	at org.apache.ratis.server.impl.LeaderElection.waitForResults(LeaderElection.java:259)
	at org.apache.ratis.server.impl.LeaderElection.askForVotes(LeaderElection.java:197)
	at org.apache.ratis.server.impl.LeaderElection.run(LeaderElection.java:133)
	at java.lang.Thread.run(Thread.java:748)
Caused by: org.apache.ratis.thirdparty.io.grpc.StatusRuntimeException: UNAVAILABLE: io exception
	at org.apache.ratis.thirdparty.io.grpc.stub.ClientCalls.toStatusRuntimeException(ClientCalls.java:233)
	at org.apache.ratis.thirdparty.io.grpc.stub.ClientCalls.getUnchecked(ClientCalls.java:214)
	at org.apache.ratis.thirdparty.io.grpc.stub.ClientCalls.blockingUnaryCall(ClientCalls.java:139)
	at org.apache.ratis.proto.grpc.RaftServerProtocolServiceGrpc$RaftServerProtocolServiceBlockingStub.requestVote(RaftServerProtocolServiceGrpc.java:265)
	at org.apache.ratis.grpc.server.GrpcServerProtocolClient.requestVote(GrpcServerProtocolClient.java:99)
	at org.apache.ratis.grpc.server.GrpcService.requestVote(GrpcService.java:204)
	at org.apache.ratis.server.impl.LeaderElection.lambda$submitRequests$1(LeaderElection.java:234)
	at java.util.concurrent.FutureTask.run(FutureTask.java:266)
	at java.util.concurrent.Executors$RunnableAdapter.call(Executors.java:511)
	at java.util.concurrent.FutureTask.run(FutureTask.java:266)
	at java.util.concurrent.ThreadPoolExecutor.runWorker(ThreadPoolExecutor.java:1149)
	at java.util.concurrent.ThreadPoolExecutor$Worker.run(ThreadPoolExecutor.java:624)
	... 1 more
Caused by: org.apache.ratis.thirdparty.io.netty.channel.AbstractChannel$AnnotatedConnectException: Connection refused: /192.168.69.118:37568
	at sun.nio.ch.SocketChannelImpl.checkConnect(Native Method)
	at sun.nio.ch.SocketChannelImpl.finishConnect(SocketChannelImpl.java:717)
	at org.apache.ratis.thirdparty.io.netty.channel.socket.nio.NioSocketChannel.doFinishConnect(NioSocketChannel.java:327)
	at org.apache.ratis.thirdparty.io.netty.channel.nio.AbstractNioChannel$AbstractNioUnsafe.finishConnect(AbstractNioChannel.java:340)
	at org.apache.ratis.thirdparty.io.netty.channel.nio.NioEventLoop.processSelectedKey(NioEventLoop.java:632)
	at org.apache.ratis.thirdparty.io.netty.channel.nio.NioEventLoop.processSelectedKeysOptimized(NioEventLoop.java:579)
	at org.apache.ratis.thirdparty.io.netty.channel.nio.NioEventLoop.processSelectedKeys(NioEventLoop.java:496)
	at org.apache.ratis.thirdparty.io.netty.channel.nio.NioEventLoop.run(NioEventLoop.java:458)
	at org.apache.ratis.thirdparty.io.netty.util.concurrent.SingleThreadEventExecutor$5.run(SingleThreadEventExecutor.java:897)
	at org.apache.ratis.thirdparty.io.netty.util.concurrent.FastThreadLocalRunnable.run(FastThreadLocalRunnable.java:30)
	... 1 more
Caused by: java.net.ConnectException: Connection refused
	... 11 more
2019-10-21 23:03:45,971 [7c107f1d-8592-48e3-af71-5982c0af1f56@group-C1C12825AC52-LeaderElection1249] INFO  impl.RaftServerImpl (RaftServerImpl.java:setRole(184)) - 7c107f1d-8592-48e3-af71-5982c0af1f56@group-C1C12825AC52: changes role from CANDIDATE to FOLLOWER at term 185 for DISCOVERED_A_NEW_TERM
2019-10-21 23:03:45,971 [7c107f1d-8592-48e3-af71-5982c0af1f56@group-C1C12825AC52-LeaderElection1249] INFO  impl.RoleInfo (RoleInfo.java:shutdownLeaderElection(134)) - 7c107f1d-8592-48e3-af71-5982c0af1f56: shutdown LeaderElection
2019-10-21 23:03:45,971 [7c107f1d-8592-48e3-af71-5982c0af1f56@group-C1C12825AC52-LeaderElection1249] INFO  impl.RoleInfo (RoleInfo.java:updateAndGet(143)) - 7c107f1d-8592-48e3-af71-5982c0af1f56: start FollowerState
2019-10-21 23:03:46,900 [Thread-10747] INFO  impl.FollowerState (FollowerState.java:run(108)) - 75bcb3a2-b551-405f-b8dd-694cefee0d48@group-2FC1C8829C54-FollowerState: change to CANDIDATE, lastRpcTime:1195ms, electionTimeout:1195ms
2019-10-21 23:03:46,900 [Thread-10747] INFO  impl.RoleInfo (RoleInfo.java:shutdownFollowerState(121)) - 75bcb3a2-b551-405f-b8dd-694cefee0d48: shutdown FollowerState
2019-10-21 23:03:46,900 [Thread-10747] INFO  impl.RaftServerImpl (RaftServerImpl.java:setRole(184)) - 75bcb3a2-b551-405f-b8dd-694cefee0d48@group-2FC1C8829C54: changes role from  FOLLOWER to CANDIDATE at term 3 for changeToCandidate
2019-10-21 23:03:46,901 [Thread-10747] INFO  impl.RoleInfo (RoleInfo.java:updateAndGet(143)) - 75bcb3a2-b551-405f-b8dd-694cefee0d48: start LeaderElection
2019-10-21 23:03:46,918 [75bcb3a2-b551-405f-b8dd-694cefee0d48@group-2FC1C8829C54-LeaderElection1250] INFO  impl.LeaderElection (LeaderElection.java:askForVotes(178)) - 75bcb3a2-b551-405f-b8dd-694cefee0d48@group-2FC1C8829C54-LeaderElection1250: begin an election at term 4 for 0: [8f86521a-dea0-43d1-ae77-898e04dffe78:192.168.69.118:34690, 75bcb3a2-b551-405f-b8dd-694cefee0d48:192.168.69.118:38590, 9aaebd24-66cb-4b96-a722-f4b7b0063a4e:192.168.69.118:34037], old=null
2019-10-21 23:03:46,918 [75bcb3a2-b551-405f-b8dd-694cefee0d48@group-2FC1C8829C54-LeaderElection1250] INFO  impl.LeaderElection (LogUtils.java:infoOrTrace(149)) - 75bcb3a2-b551-405f-b8dd-694cefee0d48@group-2FC1C8829C54-LeaderElection1250 got exception when requesting votes: {}
java.util.concurrent.ExecutionException: org.apache.ratis.thirdparty.io.grpc.StatusRuntimeException: UNAVAILABLE: io exception
	at java.util.concurrent.FutureTask.report(FutureTask.java:122)
	at java.util.concurrent.FutureTask.get(FutureTask.java:192)
	at org.apache.ratis.server.impl.LeaderElection.waitForResults(LeaderElection.java:259)
	at org.apache.ratis.server.impl.LeaderElection.askForVotes(LeaderElection.java:197)
	at org.apache.ratis.server.impl.LeaderElection.run(LeaderElection.java:133)
	at java.lang.Thread.run(Thread.java:748)
Caused by: org.apache.ratis.thirdparty.io.grpc.StatusRuntimeException: UNAVAILABLE: io exception
	at org.apache.ratis.thirdparty.io.grpc.stub.ClientCalls.toStatusRuntimeException(ClientCalls.java:233)
	at org.apache.ratis.thirdparty.io.grpc.stub.ClientCalls.getUnchecked(ClientCalls.java:214)
	at org.apache.ratis.thirdparty.io.grpc.stub.ClientCalls.blockingUnaryCall(ClientCalls.java:139)
	at org.apache.ratis.proto.grpc.RaftServerProtocolServiceGrpc$RaftServerProtocolServiceBlockingStub.requestVote(RaftServerProtocolServiceGrpc.java:265)
	at org.apache.ratis.grpc.server.GrpcServerProtocolClient.requestVote(GrpcServerProtocolClient.java:99)
	at org.apache.ratis.grpc.server.GrpcService.requestVote(GrpcService.java:204)
	at org.apache.ratis.server.impl.LeaderElection.lambda$submitRequests$1(LeaderElection.java:234)
	at java.util.concurrent.FutureTask.run(FutureTask.java:266)
	at java.util.concurrent.Executors$RunnableAdapter.call(Executors.java:511)
	at java.util.concurrent.FutureTask.run(FutureTask.java:266)
	at java.util.concurrent.ThreadPoolExecutor.runWorker(ThreadPoolExecutor.java:1149)
	at java.util.concurrent.ThreadPoolExecutor$Worker.run(ThreadPoolExecutor.java:624)
	... 1 more
Caused by: org.apache.ratis.thirdparty.io.netty.channel.AbstractChannel$AnnotatedConnectException: Connection refused: /192.168.69.118:34037
	at sun.nio.ch.SocketChannelImpl.checkConnect(Native Method)
	at sun.nio.ch.SocketChannelImpl.finishConnect(SocketChannelImpl.java:717)
	at org.apache.ratis.thirdparty.io.netty.channel.socket.nio.NioSocketChannel.doFinishConnect(NioSocketChannel.java:327)
	at org.apache.ratis.thirdparty.io.netty.channel.nio.AbstractNioChannel$AbstractNioUnsafe.finishConnect(AbstractNioChannel.java:340)
	at org.apache.ratis.thirdparty.io.netty.channel.nio.NioEventLoop.processSelectedKey(NioEventLoop.java:632)
	at org.apache.ratis.thirdparty.io.netty.channel.nio.NioEventLoop.processSelectedKeysOptimized(NioEventLoop.java:579)
	at org.apache.ratis.thirdparty.io.netty.channel.nio.NioEventLoop.processSelectedKeys(NioEventLoop.java:496)
	at org.apache.ratis.thirdparty.io.netty.channel.nio.NioEventLoop.run(NioEventLoop.java:458)
	at org.apache.ratis.thirdparty.io.netty.util.concurrent.SingleThreadEventExecutor$5.run(SingleThreadEventExecutor.java:897)
	at org.apache.ratis.thirdparty.io.netty.util.concurrent.FastThreadLocalRunnable.run(FastThreadLocalRunnable.java:30)
	... 1 more
Caused by: java.net.ConnectException: Connection refused
	... 11 more
2019-10-21 23:03:46,919 [75bcb3a2-b551-405f-b8dd-694cefee0d48@group-2FC1C8829C54-LeaderElection1250] INFO  impl.LeaderElection (LogUtils.java:infoOrTrace(149)) - 75bcb3a2-b551-405f-b8dd-694cefee0d48@group-2FC1C8829C54-LeaderElection1250 got exception when requesting votes: {}
java.util.concurrent.ExecutionException: org.apache.ratis.thirdparty.io.grpc.StatusRuntimeException: UNAVAILABLE: io exception
	at java.util.concurrent.FutureTask.report(FutureTask.java:122)
	at java.util.concurrent.FutureTask.get(FutureTask.java:192)
	at org.apache.ratis.server.impl.LeaderElection.waitForResults(LeaderElection.java:259)
	at org.apache.ratis.server.impl.LeaderElection.askForVotes(LeaderElection.java:197)
	at org.apache.ratis.server.impl.LeaderElection.run(LeaderElection.java:133)
	at java.lang.Thread.run(Thread.java:748)
Caused by: org.apache.ratis.thirdparty.io.grpc.StatusRuntimeException: UNAVAILABLE: io exception
	at org.apache.ratis.thirdparty.io.grpc.stub.ClientCalls.toStatusRuntimeException(ClientCalls.java:233)
	at org.apache.ratis.thirdparty.io.grpc.stub.ClientCalls.getUnchecked(ClientCalls.java:214)
	at org.apache.ratis.thirdparty.io.grpc.stub.ClientCalls.blockingUnaryCall(ClientCalls.java:139)
	at org.apache.ratis.proto.grpc.RaftServerProtocolServiceGrpc$RaftServerProtocolServiceBlockingStub.requestVote(RaftServerProtocolServiceGrpc.java:265)
	at org.apache.ratis.grpc.server.GrpcServerProtocolClient.requestVote(GrpcServerProtocolClient.java:99)
	at org.apache.ratis.grpc.server.GrpcService.requestVote(GrpcService.java:204)
	at org.apache.ratis.server.impl.LeaderElection.lambda$submitRequests$1(LeaderElection.java:234)
	at java.util.concurrent.FutureTask.run(FutureTask.java:266)
	at java.util.concurrent.Executors$RunnableAdapter.call(Executors.java:511)
	at java.util.concurrent.FutureTask.run(FutureTask.java:266)
	at java.util.concurrent.ThreadPoolExecutor.runWorker(ThreadPoolExecutor.java:1149)
	at java.util.concurrent.ThreadPoolExecutor$Worker.run(ThreadPoolExecutor.java:624)
	... 1 more
Caused by: org.apache.ratis.thirdparty.io.netty.channel.AbstractChannel$AnnotatedConnectException: Connection refused: /192.168.69.118:34690
	at sun.nio.ch.SocketChannelImpl.checkConnect(Native Method)
	at sun.nio.ch.SocketChannelImpl.finishConnect(SocketChannelImpl.java:717)
	at org.apache.ratis.thirdparty.io.netty.channel.socket.nio.NioSocketChannel.doFinishConnect(NioSocketChannel.java:327)
	at org.apache.ratis.thirdparty.io.netty.channel.nio.AbstractNioChannel$AbstractNioUnsafe.finishConnect(AbstractNioChannel.java:340)
	at org.apache.ratis.thirdparty.io.netty.channel.nio.NioEventLoop.processSelectedKey(NioEventLoop.java:632)
	at org.apache.ratis.thirdparty.io.netty.channel.nio.NioEventLoop.processSelectedKeysOptimized(NioEventLoop.java:579)
	at org.apache.ratis.thirdparty.io.netty.channel.nio.NioEventLoop.processSelectedKeys(NioEventLoop.java:496)
	at org.apache.ratis.thirdparty.io.netty.channel.nio.NioEventLoop.run(NioEventLoop.java:458)
	at org.apache.ratis.thirdparty.io.netty.util.concurrent.SingleThreadEventExecutor$5.run(SingleThreadEventExecutor.java:897)
	at org.apache.ratis.thirdparty.io.netty.util.concurrent.FastThreadLocalRunnable.run(FastThreadLocalRunnable.java:30)
	... 1 more
Caused by: java.net.ConnectException: Connection refused
	... 11 more
2019-10-21 23:03:46,919 [75bcb3a2-b551-405f-b8dd-694cefee0d48@group-2FC1C8829C54-LeaderElection1250] INFO  impl.LeaderElection (LeaderElection.java:logAndReturn(56)) - 75bcb3a2-b551-405f-b8dd-694cefee0d48@group-2FC1C8829C54-LeaderElection1250: Election REJECTED; received 0 response(s) [] and 2 exception(s); 75bcb3a2-b551-405f-b8dd-694cefee0d48@group-2FC1C8829C54:t4, leader=null, voted=75bcb3a2-b551-405f-b8dd-694cefee0d48, raftlog=75bcb3a2-b551-405f-b8dd-694cefee0d48@group-2FC1C8829C54-SegmentedRaftLog:OPENED:c10,f10,i10, conf=0: [8f86521a-dea0-43d1-ae77-898e04dffe78:192.168.69.118:34690, 75bcb3a2-b551-405f-b8dd-694cefee0d48:192.168.69.118:38590, 9aaebd24-66cb-4b96-a722-f4b7b0063a4e:192.168.69.118:34037], old=null
2019-10-21 23:03:46,919 [75bcb3a2-b551-405f-b8dd-694cefee0d48@group-2FC1C8829C54-LeaderElection1250] INFO  impl.LeaderElection (LogUtils.java:infoOrTrace(149)) -   Exception 0: {}
java.util.concurrent.ExecutionException: org.apache.ratis.thirdparty.io.grpc.StatusRuntimeException: UNAVAILABLE: io exception
	at java.util.concurrent.FutureTask.report(FutureTask.java:122)
	at java.util.concurrent.FutureTask.get(FutureTask.java:192)
	at org.apache.ratis.server.impl.LeaderElection.waitForResults(LeaderElection.java:259)
	at org.apache.ratis.server.impl.LeaderElection.askForVotes(LeaderElection.java:197)
	at org.apache.ratis.server.impl.LeaderElection.run(LeaderElection.java:133)
	at java.lang.Thread.run(Thread.java:748)
Caused by: org.apache.ratis.thirdparty.io.grpc.StatusRuntimeException: UNAVAILABLE: io exception
	at org.apache.ratis.thirdparty.io.grpc.stub.ClientCalls.toStatusRuntimeException(ClientCalls.java:233)
	at org.apache.ratis.thirdparty.io.grpc.stub.ClientCalls.getUnchecked(ClientCalls.java:214)
	at org.apache.ratis.thirdparty.io.grpc.stub.ClientCalls.blockingUnaryCall(ClientCalls.java:139)
	at org.apache.ratis.proto.grpc.RaftServerProtocolServiceGrpc$RaftServerProtocolServiceBlockingStub.requestVote(RaftServerProtocolServiceGrpc.java:265)
	at org.apache.ratis.grpc.server.GrpcServerProtocolClient.requestVote(GrpcServerProtocolClient.java:99)
	at org.apache.ratis.grpc.server.GrpcService.requestVote(GrpcService.java:204)
	at org.apache.ratis.server.impl.LeaderElection.lambda$submitRequests$1(LeaderElection.java:234)
	at java.util.concurrent.FutureTask.run(FutureTask.java:266)
	at java.util.concurrent.Executors$RunnableAdapter.call(Executors.java:511)
	at java.util.concurrent.FutureTask.run(FutureTask.java:266)
	at java.util.concurrent.ThreadPoolExecutor.runWorker(ThreadPoolExecutor.java:1149)
	at java.util.concurrent.ThreadPoolExecutor$Worker.run(ThreadPoolExecutor.java:624)
	... 1 more
Caused by: org.apache.ratis.thirdparty.io.netty.channel.AbstractChannel$AnnotatedConnectException: Connection refused: /192.168.69.118:34037
	at sun.nio.ch.SocketChannelImpl.checkConnect(Native Method)
	at sun.nio.ch.SocketChannelImpl.finishConnect(SocketChannelImpl.java:717)
	at org.apache.ratis.thirdparty.io.netty.channel.socket.nio.NioSocketChannel.doFinishConnect(NioSocketChannel.java:327)
	at org.apache.ratis.thirdparty.io.netty.channel.nio.AbstractNioChannel$AbstractNioUnsafe.finishConnect(AbstractNioChannel.java:340)
	at org.apache.ratis.thirdparty.io.netty.channel.nio.NioEventLoop.processSelectedKey(NioEventLoop.java:632)
	at org.apache.ratis.thirdparty.io.netty.channel.nio.NioEventLoop.processSelectedKeysOptimized(NioEventLoop.java:579)
	at org.apache.ratis.thirdparty.io.netty.channel.nio.NioEventLoop.processSelectedKeys(NioEventLoop.java:496)
	at org.apache.ratis.thirdparty.io.netty.channel.nio.NioEventLoop.run(NioEventLoop.java:458)
	at org.apache.ratis.thirdparty.io.netty.util.concurrent.SingleThreadEventExecutor$5.run(SingleThreadEventExecutor.java:897)
	at org.apache.ratis.thirdparty.io.netty.util.concurrent.FastThreadLocalRunnable.run(FastThreadLocalRunnable.java:30)
	... 1 more
Caused by: java.net.ConnectException: Connection refused
	... 11 more
2019-10-21 23:03:46,919 [75bcb3a2-b551-405f-b8dd-694cefee0d48@group-2FC1C8829C54-LeaderElection1250] INFO  impl.LeaderElection (LogUtils.java:infoOrTrace(149)) -   Exception 1: {}
java.util.concurrent.ExecutionException: org.apache.ratis.thirdparty.io.grpc.StatusRuntimeException: UNAVAILABLE: io exception
	at java.util.concurrent.FutureTask.report(FutureTask.java:122)
	at java.util.concurrent.FutureTask.get(FutureTask.java:192)
	at org.apache.ratis.server.impl.LeaderElection.waitForResults(LeaderElection.java:259)
	at org.apache.ratis.server.impl.LeaderElection.askForVotes(LeaderElection.java:197)
	at org.apache.ratis.server.impl.LeaderElection.run(LeaderElection.java:133)
	at java.lang.Thread.run(Thread.java:748)
Caused by: org.apache.ratis.thirdparty.io.grpc.StatusRuntimeException: UNAVAILABLE: io exception
	at org.apache.ratis.thirdparty.io.grpc.stub.ClientCalls.toStatusRuntimeException(ClientCalls.java:233)
	at org.apache.ratis.thirdparty.io.grpc.stub.ClientCalls.getUnchecked(ClientCalls.java:214)
	at org.apache.ratis.thirdparty.io.grpc.stub.ClientCalls.blockingUnaryCall(ClientCalls.java:139)
	at org.apache.ratis.proto.grpc.RaftServerProtocolServiceGrpc$RaftServerProtocolServiceBlockingStub.requestVote(RaftServerProtocolServiceGrpc.java:265)
	at org.apache.ratis.grpc.server.GrpcServerProtocolClient.requestVote(GrpcServerProtocolClient.java:99)
	at org.apache.ratis.grpc.server.GrpcService.requestVote(GrpcService.java:204)
	at org.apache.ratis.server.impl.LeaderElection.lambda$submitRequests$1(LeaderElection.java:234)
	at java.util.concurrent.FutureTask.run(FutureTask.java:266)
	at java.util.concurrent.Executors$RunnableAdapter.call(Executors.java:511)
	at java.util.concurrent.FutureTask.run(FutureTask.java:266)
	at java.util.concurrent.ThreadPoolExecutor.runWorker(ThreadPoolExecutor.java:1149)
	at java.util.concurrent.ThreadPoolExecutor$Worker.run(ThreadPoolExecutor.java:624)
	... 1 more
Caused by: org.apache.ratis.thirdparty.io.netty.channel.AbstractChannel$AnnotatedConnectException: Connection refused: /192.168.69.118:34690
	at sun.nio.ch.SocketChannelImpl.checkConnect(Native Method)
	at sun.nio.ch.SocketChannelImpl.finishConnect(SocketChannelImpl.java:717)
	at org.apache.ratis.thirdparty.io.netty.channel.socket.nio.NioSocketChannel.doFinishConnect(NioSocketChannel.java:327)
	at org.apache.ratis.thirdparty.io.netty.channel.nio.AbstractNioChannel$AbstractNioUnsafe.finishConnect(AbstractNioChannel.java:340)
	at org.apache.ratis.thirdparty.io.netty.channel.nio.NioEventLoop.processSelectedKey(NioEventLoop.java:632)
	at org.apache.ratis.thirdparty.io.netty.channel.nio.NioEventLoop.processSelectedKeysOptimized(NioEventLoop.java:579)
	at org.apache.ratis.thirdparty.io.netty.channel.nio.NioEventLoop.processSelectedKeys(NioEventLoop.java:496)
	at org.apache.ratis.thirdparty.io.netty.channel.nio.NioEventLoop.run(NioEventLoop.java:458)
	at org.apache.ratis.thirdparty.io.netty.util.concurrent.SingleThreadEventExecutor$5.run(SingleThreadEventExecutor.java:897)
	at org.apache.ratis.thirdparty.io.netty.util.concurrent.FastThreadLocalRunnable.run(FastThreadLocalRunnable.java:30)
	... 1 more
Caused by: java.net.ConnectException: Connection refused
	... 11 more
2019-10-21 23:03:46,919 [75bcb3a2-b551-405f-b8dd-694cefee0d48@group-2FC1C8829C54-LeaderElection1250] INFO  impl.RaftServerImpl (RaftServerImpl.java:setRole(184)) - 75bcb3a2-b551-405f-b8dd-694cefee0d48@group-2FC1C8829C54: changes role from CANDIDATE to FOLLOWER at term 4 for DISCOVERED_A_NEW_TERM
2019-10-21 23:03:46,919 [75bcb3a2-b551-405f-b8dd-694cefee0d48@group-2FC1C8829C54-LeaderElection1250] INFO  impl.RoleInfo (RoleInfo.java:shutdownLeaderElection(134)) - 75bcb3a2-b551-405f-b8dd-694cefee0d48: shutdown LeaderElection
2019-10-21 23:03:46,919 [75bcb3a2-b551-405f-b8dd-694cefee0d48@group-2FC1C8829C54-LeaderElection1250] INFO  impl.RoleInfo (RoleInfo.java:updateAndGet(143)) - 75bcb3a2-b551-405f-b8dd-694cefee0d48: start FollowerState
2019-10-21 23:03:47,118 [Thread-10751] INFO  impl.FollowerState (FollowerState.java:run(108)) - 7c107f1d-8592-48e3-af71-5982c0af1f56@group-C1C12825AC52-FollowerState: change to CANDIDATE, lastRpcTime:1146ms, electionTimeout:1146ms
2019-10-21 23:03:47,118 [Thread-10751] INFO  impl.RoleInfo (RoleInfo.java:shutdownFollowerState(121)) - 7c107f1d-8592-48e3-af71-5982c0af1f56: shutdown FollowerState
2019-10-21 23:03:47,118 [Thread-10751] INFO  impl.RaftServerImpl (RaftServerImpl.java:setRole(184)) - 7c107f1d-8592-48e3-af71-5982c0af1f56@group-C1C12825AC52: changes role from  FOLLOWER to CANDIDATE at term 185 for changeToCandidate
2019-10-21 23:03:47,118 [Thread-10751] INFO  impl.RoleInfo (RoleInfo.java:updateAndGet(143)) - 7c107f1d-8592-48e3-af71-5982c0af1f56: start LeaderElection
2019-10-21 23:03:47,128 [7c107f1d-8592-48e3-af71-5982c0af1f56@group-C1C12825AC52-LeaderElection1251] INFO  impl.LeaderElection (LeaderElection.java:askForVotes(178)) - 7c107f1d-8592-48e3-af71-5982c0af1f56@group-C1C12825AC52-LeaderElection1251: begin an election at term 186 for 0: [1244ca21-2158-4cc7-9e07-ba347e145504:192.168.69.118:43370, 7c107f1d-8592-48e3-af71-5982c0af1f56:192.168.69.118:36514, d10c8639-03b1-4f19-ac0f-6419d7578d59:192.168.69.118:37568], old=null
2019-10-21 23:03:47,129 [7c107f1d-8592-48e3-af71-5982c0af1f56@group-C1C12825AC52-LeaderElection1251] INFO  impl.LeaderElection (LogUtils.java:infoOrTrace(149)) - 7c107f1d-8592-48e3-af71-5982c0af1f56@group-C1C12825AC52-LeaderElection1251 got exception when requesting votes: {}
java.util.concurrent.ExecutionException: org.apache.ratis.thirdparty.io.grpc.StatusRuntimeException: UNAVAILABLE: io exception
	at java.util.concurrent.FutureTask.report(FutureTask.java:122)
	at java.util.concurrent.FutureTask.get(FutureTask.java:192)
	at org.apache.ratis.server.impl.LeaderElection.waitForResults(LeaderElection.java:259)
	at org.apache.ratis.server.impl.LeaderElection.askForVotes(LeaderElection.java:197)
	at org.apache.ratis.server.impl.LeaderElection.run(LeaderElection.java:133)
	at java.lang.Thread.run(Thread.java:748)
Caused by: org.apache.ratis.thirdparty.io.grpc.StatusRuntimeException: UNAVAILABLE: io exception
	at org.apache.ratis.thirdparty.io.grpc.stub.ClientCalls.toStatusRuntimeException(ClientCalls.java:233)
	at org.apache.ratis.thirdparty.io.grpc.stub.ClientCalls.getUnchecked(ClientCalls.java:214)
	at org.apache.ratis.thirdparty.io.grpc.stub.ClientCalls.blockingUnaryCall(ClientCalls.java:139)
	at org.apache.ratis.proto.grpc.RaftServerProtocolServiceGrpc$RaftServerProtocolServiceBlockingStub.requestVote(RaftServerProtocolServiceGrpc.java:265)
	at org.apache.ratis.grpc.server.GrpcServerProtocolClient.requestVote(GrpcServerProtocolClient.java:99)
	at org.apache.ratis.grpc.server.GrpcService.requestVote(GrpcService.java:204)
	at org.apache.ratis.server.impl.LeaderElection.lambda$submitRequests$1(LeaderElection.java:234)
	at java.util.concurrent.FutureTask.run(FutureTask.java:266)
	at java.util.concurrent.Executors$RunnableAdapter.call(Executors.java:511)
	at java.util.concurrent.FutureTask.run(FutureTask.java:266)
	at java.util.concurrent.ThreadPoolExecutor.runWorker(ThreadPoolExecutor.java:1149)
	at java.util.concurrent.ThreadPoolExecutor$Worker.run(ThreadPoolExecutor.java:624)
	... 1 more
Caused by: org.apache.ratis.thirdparty.io.netty.channel.AbstractChannel$AnnotatedConnectException: Connection refused: /192.168.69.118:43370
	at sun.nio.ch.SocketChannelImpl.checkConnect(Native Method)
	at sun.nio.ch.SocketChannelImpl.finishConnect(SocketChannelImpl.java:717)
	at org.apache.ratis.thirdparty.io.netty.channel.socket.nio.NioSocketChannel.doFinishConnect(NioSocketChannel.java:327)
	at org.apache.ratis.thirdparty.io.netty.channel.nio.AbstractNioChannel$AbstractNioUnsafe.finishConnect(AbstractNioChannel.java:340)
	at org.apache.ratis.thirdparty.io.netty.channel.nio.NioEventLoop.processSelectedKey(NioEventLoop.java:632)
	at org.apache.ratis.thirdparty.io.netty.channel.nio.NioEventLoop.processSelectedKeysOptimized(NioEventLoop.java:579)
	at org.apache.ratis.thirdparty.io.netty.channel.nio.NioEventLoop.processSelectedKeys(NioEventLoop.java:496)
	at org.apache.ratis.thirdparty.io.netty.channel.nio.NioEventLoop.run(NioEventLoop.java:458)
	at org.apache.ratis.thirdparty.io.netty.util.concurrent.SingleThreadEventExecutor$5.run(SingleThreadEventExecutor.java:897)
	at org.apache.ratis.thirdparty.io.netty.util.concurrent.FastThreadLocalRunnable.run(FastThreadLocalRunnable.java:30)
	... 1 more
Caused by: java.net.ConnectException: Connection refused
	... 11 more
2019-10-21 23:03:47,130 [7c107f1d-8592-48e3-af71-5982c0af1f56@group-C1C12825AC52-LeaderElection1251] INFO  impl.LeaderElection (LogUtils.java:infoOrTrace(149)) - 7c107f1d-8592-48e3-af71-5982c0af1f56@group-C1C12825AC52-LeaderElection1251 got exception when requesting votes: {}
java.util.concurrent.ExecutionException: org.apache.ratis.thirdparty.io.grpc.StatusRuntimeException: UNAVAILABLE: io exception
	at java.util.concurrent.FutureTask.report(FutureTask.java:122)
	at java.util.concurrent.FutureTask.get(FutureTask.java:192)
	at org.apache.ratis.server.impl.LeaderElection.waitForResults(LeaderElection.java:259)
	at org.apache.ratis.server.impl.LeaderElection.askForVotes(LeaderElection.java:197)
	at org.apache.ratis.server.impl.LeaderElection.run(LeaderElection.java:133)
	at java.lang.Thread.run(Thread.java:748)
Caused by: org.apache.ratis.thirdparty.io.grpc.StatusRuntimeException: UNAVAILABLE: io exception
	at org.apache.ratis.thirdparty.io.grpc.stub.ClientCalls.toStatusRuntimeException(ClientCalls.java:233)
	at org.apache.ratis.thirdparty.io.grpc.stub.ClientCalls.getUnchecked(ClientCalls.java:214)
	at org.apache.ratis.thirdparty.io.grpc.stub.ClientCalls.blockingUnaryCall(ClientCalls.java:139)
	at org.apache.ratis.proto.grpc.RaftServerProtocolServiceGrpc$RaftServerProtocolServiceBlockingStub.requestVote(RaftServerProtocolServiceGrpc.java:265)
	at org.apache.ratis.grpc.server.GrpcServerProtocolClient.requestVote(GrpcServerProtocolClient.java:99)
	at org.apache.ratis.grpc.server.GrpcService.requestVote(GrpcService.java:204)
	at org.apache.ratis.server.impl.LeaderElection.lambda$submitRequests$1(LeaderElection.java:234)
	at java.util.concurrent.FutureTask.run(FutureTask.java:266)
	at java.util.concurrent.Executors$RunnableAdapter.call(Executors.java:511)
	at java.util.concurrent.FutureTask.run(FutureTask.java:266)
	at java.util.concurrent.ThreadPoolExecutor.runWorker(ThreadPoolExecutor.java:1149)
	at java.util.concurrent.ThreadPoolExecutor$Worker.run(ThreadPoolExecutor.java:624)
	... 1 more
Caused by: org.apache.ratis.thirdparty.io.netty.channel.AbstractChannel$AnnotatedConnectException: Connection refused: /192.168.69.118:37568
	at sun.nio.ch.SocketChannelImpl.checkConnect(Native Method)
	at sun.nio.ch.SocketChannelImpl.finishConnect(SocketChannelImpl.java:717)
	at org.apache.ratis.thirdparty.io.netty.channel.socket.nio.NioSocketChannel.doFinishConnect(NioSocketChannel.java:327)
	at org.apache.ratis.thirdparty.io.netty.channel.nio.AbstractNioChannel$AbstractNioUnsafe.finishConnect(AbstractNioChannel.java:340)
	at org.apache.ratis.thirdparty.io.netty.channel.nio.NioEventLoop.processSelectedKey(NioEventLoop.java:632)
	at org.apache.ratis.thirdparty.io.netty.channel.nio.NioEventLoop.processSelectedKeysOptimized(NioEventLoop.java:579)
	at org.apache.ratis.thirdparty.io.netty.channel.nio.NioEventLoop.processSelectedKeys(NioEventLoop.java:496)
	at org.apache.ratis.thirdparty.io.netty.channel.nio.NioEventLoop.run(NioEventLoop.java:458)
	at org.apache.ratis.thirdparty.io.netty.util.concurrent.SingleThreadEventExecutor$5.run(SingleThreadEventExecutor.java:897)
	at org.apache.ratis.thirdparty.io.netty.util.concurrent.FastThreadLocalRunnable.run(FastThreadLocalRunnable.java:30)
	... 1 more
Caused by: java.net.ConnectException: Connection refused
	... 11 more
2019-10-21 23:03:47,130 [7c107f1d-8592-48e3-af71-5982c0af1f56@group-C1C12825AC52-LeaderElection1251] INFO  impl.LeaderElection (LeaderElection.java:logAndReturn(56)) - 7c107f1d-8592-48e3-af71-5982c0af1f56@group-C1C12825AC52-LeaderElection1251: Election REJECTED; received 0 response(s) [] and 2 exception(s); 7c107f1d-8592-48e3-af71-5982c0af1f56@group-C1C12825AC52:t186, leader=null, voted=7c107f1d-8592-48e3-af71-5982c0af1f56, raftlog=7c107f1d-8592-48e3-af71-5982c0af1f56@group-C1C12825AC52-SegmentedRaftLog:OPENED:c-1,f0,i0, conf=0: [1244ca21-2158-4cc7-9e07-ba347e145504:192.168.69.118:43370, 7c107f1d-8592-48e3-af71-5982c0af1f56:192.168.69.118:36514, d10c8639-03b1-4f19-ac0f-6419d7578d59:192.168.69.118:37568], old=null
2019-10-21 23:03:47,130 [7c107f1d-8592-48e3-af71-5982c0af1f56@group-C1C12825AC52-LeaderElection1251] INFO  impl.LeaderElection (LogUtils.java:infoOrTrace(149)) -   Exception 0: {}
java.util.concurrent.ExecutionException: org.apache.ratis.thirdparty.io.grpc.StatusRuntimeException: UNAVAILABLE: io exception
	at java.util.concurrent.FutureTask.report(FutureTask.java:122)
	at java.util.concurrent.FutureTask.get(FutureTask.java:192)
	at org.apache.ratis.server.impl.LeaderElection.waitForResults(LeaderElection.java:259)
	at org.apache.ratis.server.impl.LeaderElection.askForVotes(LeaderElection.java:197)
	at org.apache.ratis.server.impl.LeaderElection.run(LeaderElection.java:133)
	at java.lang.Thread.run(Thread.java:748)
Caused by: org.apache.ratis.thirdparty.io.grpc.StatusRuntimeException: UNAVAILABLE: io exception
	at org.apache.ratis.thirdparty.io.grpc.stub.ClientCalls.toStatusRuntimeException(ClientCalls.java:233)
	at org.apache.ratis.thirdparty.io.grpc.stub.ClientCalls.getUnchecked(ClientCalls.java:214)
	at org.apache.ratis.thirdparty.io.grpc.stub.ClientCalls.blockingUnaryCall(ClientCalls.java:139)
	at org.apache.ratis.proto.grpc.RaftServerProtocolServiceGrpc$RaftServerProtocolServiceBlockingStub.requestVote(RaftServerProtocolServiceGrpc.java:265)
	at org.apache.ratis.grpc.server.GrpcServerProtocolClient.requestVote(GrpcServerProtocolClient.java:99)
	at org.apache.ratis.grpc.server.GrpcService.requestVote(GrpcService.java:204)
	at org.apache.ratis.server.impl.LeaderElection.lambda$submitRequests$1(LeaderElection.java:234)
	at java.util.concurrent.FutureTask.run(FutureTask.java:266)
	at java.util.concurrent.Executors$RunnableAdapter.call(Executors.java:511)
	at java.util.concurrent.FutureTask.run(FutureTask.java:266)
	at java.util.concurrent.ThreadPoolExecutor.runWorker(ThreadPoolExecutor.java:1149)
	at java.util.concurrent.ThreadPoolExecutor$Worker.run(ThreadPoolExecutor.java:624)
	... 1 more
Caused by: org.apache.ratis.thirdparty.io.netty.channel.AbstractChannel$AnnotatedConnectException: Connection refused: /192.168.69.118:43370
	at sun.nio.ch.SocketChannelImpl.checkConnect(Native Method)
	at sun.nio.ch.SocketChannelImpl.finishConnect(SocketChannelImpl.java:717)
	at org.apache.ratis.thirdparty.io.netty.channel.socket.nio.NioSocketChannel.doFinishConnect(NioSocketChannel.java:327)
	at org.apache.ratis.thirdparty.io.netty.channel.nio.AbstractNioChannel$AbstractNioUnsafe.finishConnect(AbstractNioChannel.java:340)
	at org.apache.ratis.thirdparty.io.netty.channel.nio.NioEventLoop.processSelectedKey(NioEventLoop.java:632)
	at org.apache.ratis.thirdparty.io.netty.channel.nio.NioEventLoop.processSelectedKeysOptimized(NioEventLoop.java:579)
	at org.apache.ratis.thirdparty.io.netty.channel.nio.NioEventLoop.processSelectedKeys(NioEventLoop.java:496)
	at org.apache.ratis.thirdparty.io.netty.channel.nio.NioEventLoop.run(NioEventLoop.java:458)
	at org.apache.ratis.thirdparty.io.netty.util.concurrent.SingleThreadEventExecutor$5.run(SingleThreadEventExecutor.java:897)
	at org.apache.ratis.thirdparty.io.netty.util.concurrent.FastThreadLocalRunnable.run(FastThreadLocalRunnable.java:30)
	... 1 more
Caused by: java.net.ConnectException: Connection refused
	... 11 more
2019-10-21 23:03:47,130 [7c107f1d-8592-48e3-af71-5982c0af1f56@group-C1C12825AC52-LeaderElection1251] INFO  impl.LeaderElection (LogUtils.java:infoOrTrace(149)) -   Exception 1: {}
java.util.concurrent.ExecutionException: org.apache.ratis.thirdparty.io.grpc.StatusRuntimeException: UNAVAILABLE: io exception
	at java.util.concurrent.FutureTask.report(FutureTask.java:122)
	at java.util.concurrent.FutureTask.get(FutureTask.java:192)
	at org.apache.ratis.server.impl.LeaderElection.waitForResults(LeaderElection.java:259)
	at org.apache.ratis.server.impl.LeaderElection.askForVotes(LeaderElection.java:197)
	at org.apache.ratis.server.impl.LeaderElection.run(LeaderElection.java:133)
	at java.lang.Thread.run(Thread.java:748)
Caused by: org.apache.ratis.thirdparty.io.grpc.StatusRuntimeException: UNAVAILABLE: io exception
	at org.apache.ratis.thirdparty.io.grpc.stub.ClientCalls.toStatusRuntimeException(ClientCalls.java:233)
	at org.apache.ratis.thirdparty.io.grpc.stub.ClientCalls.getUnchecked(ClientCalls.java:214)
	at org.apache.ratis.thirdparty.io.grpc.stub.ClientCalls.blockingUnaryCall(ClientCalls.java:139)
	at org.apache.ratis.proto.grpc.RaftServerProtocolServiceGrpc$RaftServerProtocolServiceBlockingStub.requestVote(RaftServerProtocolServiceGrpc.java:265)
	at org.apache.ratis.grpc.server.GrpcServerProtocolClient.requestVote(GrpcServerProtocolClient.java:99)
	at org.apache.ratis.grpc.server.GrpcService.requestVote(GrpcService.java:204)
	at org.apache.ratis.server.impl.LeaderElection.lambda$submitRequests$1(LeaderElection.java:234)
	at java.util.concurrent.FutureTask.run(FutureTask.java:266)
	at java.util.concurrent.Executors$RunnableAdapter.call(Executors.java:511)
	at java.util.concurrent.FutureTask.run(FutureTask.java:266)
	at java.util.concurrent.ThreadPoolExecutor.runWorker(ThreadPoolExecutor.java:1149)
	at java.util.concurrent.ThreadPoolExecutor$Worker.run(ThreadPoolExecutor.java:624)
	... 1 more
Caused by: org.apache.ratis.thirdparty.io.netty.channel.AbstractChannel$AnnotatedConnectException: Connection refused: /192.168.69.118:37568
	at sun.nio.ch.SocketChannelImpl.checkConnect(Native Method)
	at sun.nio.ch.SocketChannelImpl.finishConnect(SocketChannelImpl.java:717)
	at org.apache.ratis.thirdparty.io.netty.channel.socket.nio.NioSocketChannel.doFinishConnect(NioSocketChannel.java:327)
	at org.apache.ratis.thirdparty.io.netty.channel.nio.AbstractNioChannel$AbstractNioUnsafe.finishConnect(AbstractNioChannel.java:340)
	at org.apache.ratis.thirdparty.io.netty.channel.nio.NioEventLoop.processSelectedKey(NioEventLoop.java:632)
	at org.apache.ratis.thirdparty.io.netty.channel.nio.NioEventLoop.processSelectedKeysOptimized(NioEventLoop.java:579)
	at org.apache.ratis.thirdparty.io.netty.channel.nio.NioEventLoop.processSelectedKeys(NioEventLoop.java:496)
	at org.apache.ratis.thirdparty.io.netty.channel.nio.NioEventLoop.run(NioEventLoop.java:458)
	at org.apache.ratis.thirdparty.io.netty.util.concurrent.SingleThreadEventExecutor$5.run(SingleThreadEventExecutor.java:897)
	at org.apache.ratis.thirdparty.io.netty.util.concurrent.FastThreadLocalRunnable.run(FastThreadLocalRunnable.java:30)
	... 1 more
Caused by: java.net.ConnectException: Connection refused
	... 11 more
2019-10-21 23:03:47,131 [7c107f1d-8592-48e3-af71-5982c0af1f56@group-C1C12825AC52-LeaderElection1251] INFO  impl.RaftServerImpl (RaftServerImpl.java:setRole(184)) - 7c107f1d-8592-48e3-af71-5982c0af1f56@group-C1C12825AC52: changes role from CANDIDATE to FOLLOWER at term 186 for DISCOVERED_A_NEW_TERM
2019-10-21 23:03:47,131 [7c107f1d-8592-48e3-af71-5982c0af1f56@group-C1C12825AC52-LeaderElection1251] INFO  impl.RoleInfo (RoleInfo.java:shutdownLeaderElection(134)) - 7c107f1d-8592-48e3-af71-5982c0af1f56: shutdown LeaderElection
2019-10-21 23:03:47,131 [7c107f1d-8592-48e3-af71-5982c0af1f56@group-C1C12825AC52-LeaderElection1251] INFO  impl.RoleInfo (RoleInfo.java:updateAndGet(143)) - 7c107f1d-8592-48e3-af71-5982c0af1f56: start FollowerState
2019-10-21 23:03:47,634 [java.util.concurrent.ThreadPoolExecutor$Worker@6f00d365[State = -1, empty queue]] WARN  server.GrpcLogAppender (GrpcLogAppender.java:timeoutAppendRequest(209)) - 5e72733e-cb8a-4e36-9088-390b573ceccc@group-B21FAD438C36->1ece9cc6-afa0-4e0e-a250-be9279276c08-GrpcLogAppender: appendEntries Timeout, request=5e72733e-cb8a-4e36-9088-390b573ceccc->1ece9cc6-afa0-4e0e-a250-be9279276c08#0-t3, previous=(t:2, i:0), leaderCommit=0, initializing? false, entries: <empty>
2019-10-21 23:03:48,063 [Thread-10757] INFO  impl.FollowerState (FollowerState.java:run(108)) - 75bcb3a2-b551-405f-b8dd-694cefee0d48@group-2FC1C8829C54-FollowerState: change to CANDIDATE, lastRpcTime:1143ms, electionTimeout:1143ms
2019-10-21 23:03:48,063 [Thread-10757] INFO  impl.RoleInfo (RoleInfo.java:shutdownFollowerState(121)) - 75bcb3a2-b551-405f-b8dd-694cefee0d48: shutdown FollowerState
2019-10-21 23:03:48,063 [Thread-10757] INFO  impl.RaftServerImpl (RaftServerImpl.java:setRole(184)) - 75bcb3a2-b551-405f-b8dd-694cefee0d48@group-2FC1C8829C54: changes role from  FOLLOWER to CANDIDATE at term 4 for changeToCandidate
2019-10-21 23:03:48,063 [Thread-10757] INFO  impl.RoleInfo (RoleInfo.java:updateAndGet(143)) - 75bcb3a2-b551-405f-b8dd-694cefee0d48: start LeaderElection
2019-10-21 23:03:48,071 [75bcb3a2-b551-405f-b8dd-694cefee0d48@group-2FC1C8829C54-LeaderElection1252] INFO  impl.LeaderElection (LeaderElection.java:askForVotes(178)) - 75bcb3a2-b551-405f-b8dd-694cefee0d48@group-2FC1C8829C54-LeaderElection1252: begin an election at term 5 for 0: [8f86521a-dea0-43d1-ae77-898e04dffe78:192.168.69.118:34690, 75bcb3a2-b551-405f-b8dd-694cefee0d48:192.168.69.118:38590, 9aaebd24-66cb-4b96-a722-f4b7b0063a4e:192.168.69.118:34037], old=null
2019-10-21 23:03:48,072 [75bcb3a2-b551-405f-b8dd-694cefee0d48@group-2FC1C8829C54-LeaderElection1252] INFO  impl.LeaderElection (LogUtils.java:infoOrTrace(149)) - 75bcb3a2-b551-405f-b8dd-694cefee0d48@group-2FC1C8829C54-LeaderElection1252 got exception when requesting votes: {}
java.util.concurrent.ExecutionException: org.apache.ratis.thirdparty.io.grpc.StatusRuntimeException: UNAVAILABLE: io exception
	at java.util.concurrent.FutureTask.report(FutureTask.java:122)
	at java.util.concurrent.FutureTask.get(FutureTask.java:192)
	at org.apache.ratis.server.impl.LeaderElection.waitForResults(LeaderElection.java:259)
	at org.apache.ratis.server.impl.LeaderElection.askForVotes(LeaderElection.java:197)
	at org.apache.ratis.server.impl.LeaderElection.run(LeaderElection.java:133)
	at java.lang.Thread.run(Thread.java:748)
Caused by: org.apache.ratis.thirdparty.io.grpc.StatusRuntimeException: UNAVAILABLE: io exception
	at org.apache.ratis.thirdparty.io.grpc.stub.ClientCalls.toStatusRuntimeException(ClientCalls.java:233)
	at org.apache.ratis.thirdparty.io.grpc.stub.ClientCalls.getUnchecked(ClientCalls.java:214)
	at org.apache.ratis.thirdparty.io.grpc.stub.ClientCalls.blockingUnaryCall(ClientCalls.java:139)
	at org.apache.ratis.proto.grpc.RaftServerProtocolServiceGrpc$RaftServerProtocolServiceBlockingStub.requestVote(RaftServerProtocolServiceGrpc.java:265)
	at org.apache.ratis.grpc.server.GrpcServerProtocolClient.requestVote(GrpcServerProtocolClient.java:99)
	at org.apache.ratis.grpc.server.GrpcService.requestVote(GrpcService.java:204)
	at org.apache.ratis.server.impl.LeaderElection.lambda$submitRequests$1(LeaderElection.java:234)
	at java.util.concurrent.FutureTask.run(FutureTask.java:266)
	at java.util.concurrent.Executors$RunnableAdapter.call(Executors.java:511)
	at java.util.concurrent.FutureTask.run(FutureTask.java:266)
	at java.util.concurrent.ThreadPoolExecutor.runWorker(ThreadPoolExecutor.java:1149)
	at java.util.concurrent.ThreadPoolExecutor$Worker.run(ThreadPoolExecutor.java:624)
	... 1 more
Caused by: org.apache.ratis.thirdparty.io.netty.channel.AbstractChannel$AnnotatedConnectException: Connection refused: /192.168.69.118:34690
	at sun.nio.ch.SocketChannelImpl.checkConnect(Native Method)
	at sun.nio.ch.SocketChannelImpl.finishConnect(SocketChannelImpl.java:717)
	at org.apache.ratis.thirdparty.io.netty.channel.socket.nio.NioSocketChannel.doFinishConnect(NioSocketChannel.java:327)
	at org.apache.ratis.thirdparty.io.netty.channel.nio.AbstractNioChannel$AbstractNioUnsafe.finishConnect(AbstractNioChannel.java:340)
	at org.apache.ratis.thirdparty.io.netty.channel.nio.NioEventLoop.processSelectedKey(NioEventLoop.java:632)
	at org.apache.ratis.thirdparty.io.netty.channel.nio.NioEventLoop.processSelectedKeysOptimized(NioEventLoop.java:579)
	at org.apache.ratis.thirdparty.io.netty.channel.nio.NioEventLoop.processSelectedKeys(NioEventLoop.java:496)
	at org.apache.ratis.thirdparty.io.netty.channel.nio.NioEventLoop.run(NioEventLoop.java:458)
	at org.apache.ratis.thirdparty.io.netty.util.concurrent.SingleThreadEventExecutor$5.run(SingleThreadEventExecutor.java:897)
	at org.apache.ratis.thirdparty.io.netty.util.concurrent.FastThreadLocalRunnable.run(FastThreadLocalRunnable.java:30)
	... 1 more
Caused by: java.net.ConnectException: Connection refused
	... 11 more
2019-10-21 23:03:48,073 [75bcb3a2-b551-405f-b8dd-694cefee0d48@group-2FC1C8829C54-LeaderElection1252] INFO  impl.LeaderElection (LogUtils.java:infoOrTrace(149)) - 75bcb3a2-b551-405f-b8dd-694cefee0d48@group-2FC1C8829C54-LeaderElection1252 got exception when requesting votes: {}
java.util.concurrent.ExecutionException: org.apache.ratis.thirdparty.io.grpc.StatusRuntimeException: UNAVAILABLE: io exception
	at java.util.concurrent.FutureTask.report(FutureTask.java:122)
	at java.util.concurrent.FutureTask.get(FutureTask.java:192)
	at org.apache.ratis.server.impl.LeaderElection.waitForResults(LeaderElection.java:259)
	at org.apache.ratis.server.impl.LeaderElection.askForVotes(LeaderElection.java:197)
	at org.apache.ratis.server.impl.LeaderElection.run(LeaderElection.java:133)
	at java.lang.Thread.run(Thread.java:748)
Caused by: org.apache.ratis.thirdparty.io.grpc.StatusRuntimeException: UNAVAILABLE: io exception
	at org.apache.ratis.thirdparty.io.grpc.stub.ClientCalls.toStatusRuntimeException(ClientCalls.java:233)
	at org.apache.ratis.thirdparty.io.grpc.stub.ClientCalls.getUnchecked(ClientCalls.java:214)
	at org.apache.ratis.thirdparty.io.grpc.stub.ClientCalls.blockingUnaryCall(ClientCalls.java:139)
	at org.apache.ratis.proto.grpc.RaftServerProtocolServiceGrpc$RaftServerProtocolServiceBlockingStub.requestVote(RaftServerProtocolServiceGrpc.java:265)
	at org.apache.ratis.grpc.server.GrpcServerProtocolClient.requestVote(GrpcServerProtocolClient.java:99)
	at org.apache.ratis.grpc.server.GrpcService.requestVote(GrpcService.java:204)
	at org.apache.ratis.server.impl.LeaderElection.lambda$submitRequests$1(LeaderElection.java:234)
	at java.util.concurrent.FutureTask.run(FutureTask.java:266)
	at java.util.concurrent.Executors$RunnableAdapter.call(Executors.java:511)
	at java.util.concurrent.FutureTask.run(FutureTask.java:266)
	at java.util.concurrent.ThreadPoolExecutor.runWorker(ThreadPoolExecutor.java:1149)
	at java.util.concurrent.ThreadPoolExecutor$Worker.run(ThreadPoolExecutor.java:624)
	... 1 more
Caused by: org.apache.ratis.thirdparty.io.netty.channel.AbstractChannel$AnnotatedConnectException: Connection refused: /192.168.69.118:34037
	at sun.nio.ch.SocketChannelImpl.checkConnect(Native Method)
	at sun.nio.ch.SocketChannelImpl.finishConnect(SocketChannelImpl.java:717)
	at org.apache.ratis.thirdparty.io.netty.channel.socket.nio.NioSocketChannel.doFinishConnect(NioSocketChannel.java:327)
	at org.apache.ratis.thirdparty.io.netty.channel.nio.AbstractNioChannel$AbstractNioUnsafe.finishConnect(AbstractNioChannel.java:340)
	at org.apache.ratis.thirdparty.io.netty.channel.nio.NioEventLoop.processSelectedKey(NioEventLoop.java:632)
	at org.apache.ratis.thirdparty.io.netty.channel.nio.NioEventLoop.processSelectedKeysOptimized(NioEventLoop.java:579)
	at org.apache.ratis.thirdparty.io.netty.channel.nio.NioEventLoop.processSelectedKeys(NioEventLoop.java:496)
	at org.apache.ratis.thirdparty.io.netty.channel.nio.NioEventLoop.run(NioEventLoop.java:458)
	at org.apache.ratis.thirdparty.io.netty.util.concurrent.SingleThreadEventExecutor$5.run(SingleThreadEventExecutor.java:897)
	at org.apache.ratis.thirdparty.io.netty.util.concurrent.FastThreadLocalRunnable.run(FastThreadLocalRunnable.java:30)
	... 1 more
Caused by: java.net.ConnectException: Connection refused
	... 11 more
2019-10-21 23:03:48,073 [75bcb3a2-b551-405f-b8dd-694cefee0d48@group-2FC1C8829C54-LeaderElection1252] INFO  impl.LeaderElection (LeaderElection.java:logAndReturn(56)) - 75bcb3a2-b551-405f-b8dd-694cefee0d48@group-2FC1C8829C54-LeaderElection1252: Election REJECTED; received 0 response(s) [] and 2 exception(s); 75bcb3a2-b551-405f-b8dd-694cefee0d48@group-2FC1C8829C54:t5, leader=null, voted=75bcb3a2-b551-405f-b8dd-694cefee0d48, raftlog=75bcb3a2-b551-405f-b8dd-694cefee0d48@group-2FC1C8829C54-SegmentedRaftLog:OPENED:c10,f10,i10, conf=0: [8f86521a-dea0-43d1-ae77-898e04dffe78:192.168.69.118:34690, 75bcb3a2-b551-405f-b8dd-694cefee0d48:192.168.69.118:38590, 9aaebd24-66cb-4b96-a722-f4b7b0063a4e:192.168.69.118:34037], old=null
2019-10-21 23:03:48,074 [75bcb3a2-b551-405f-b8dd-694cefee0d48@group-2FC1C8829C54-LeaderElection1252] INFO  impl.LeaderElection (LogUtils.java:infoOrTrace(149)) -   Exception 0: {}
java.util.concurrent.ExecutionException: org.apache.ratis.thirdparty.io.grpc.StatusRuntimeException: UNAVAILABLE: io exception
	at java.util.concurrent.FutureTask.report(FutureTask.java:122)
	at java.util.concurrent.FutureTask.get(FutureTask.java:192)
	at org.apache.ratis.server.impl.LeaderElection.waitForResults(LeaderElection.java:259)
	at org.apache.ratis.server.impl.LeaderElection.askForVotes(LeaderElection.java:197)
	at org.apache.ratis.server.impl.LeaderElection.run(LeaderElection.java:133)
	at java.lang.Thread.run(Thread.java:748)
Caused by: org.apache.ratis.thirdparty.io.grpc.StatusRuntimeException: UNAVAILABLE: io exception
	at org.apache.ratis.thirdparty.io.grpc.stub.ClientCalls.toStatusRuntimeException(ClientCalls.java:233)
	at org.apache.ratis.thirdparty.io.grpc.stub.ClientCalls.getUnchecked(ClientCalls.java:214)
	at org.apache.ratis.thirdparty.io.grpc.stub.ClientCalls.blockingUnaryCall(ClientCalls.java:139)
	at org.apache.ratis.proto.grpc.RaftServerProtocolServiceGrpc$RaftServerProtocolServiceBlockingStub.requestVote(RaftServerProtocolServiceGrpc.java:265)
	at org.apache.ratis.grpc.server.GrpcServerProtocolClient.requestVote(GrpcServerProtocolClient.java:99)
	at org.apache.ratis.grpc.server.GrpcService.requestVote(GrpcService.java:204)
	at org.apache.ratis.server.impl.LeaderElection.lambda$submitRequests$1(LeaderElection.java:234)
	at java.util.concurrent.FutureTask.run(FutureTask.java:266)
	at java.util.concurrent.Executors$RunnableAdapter.call(Executors.java:511)
	at java.util.concurrent.FutureTask.run(FutureTask.java:266)
	at java.util.concurrent.ThreadPoolExecutor.runWorker(ThreadPoolExecutor.java:1149)
	at java.util.concurrent.ThreadPoolExecutor$Worker.run(ThreadPoolExecutor.java:624)
	... 1 more
Caused by: org.apache.ratis.thirdparty.io.netty.channel.AbstractChannel$AnnotatedConnectException: Connection refused: /192.168.69.118:34690
	at sun.nio.ch.SocketChannelImpl.checkConnect(Native Method)
	at sun.nio.ch.SocketChannelImpl.finishConnect(SocketChannelImpl.java:717)
	at org.apache.ratis.thirdparty.io.netty.channel.socket.nio.NioSocketChannel.doFinishConnect(NioSocketChannel.java:327)
	at org.apache.ratis.thirdparty.io.netty.channel.nio.AbstractNioChannel$AbstractNioUnsafe.finishConnect(AbstractNioChannel.java:340)
	at org.apache.ratis.thirdparty.io.netty.channel.nio.NioEventLoop.processSelectedKey(NioEventLoop.java:632)
	at org.apache.ratis.thirdparty.io.netty.channel.nio.NioEventLoop.processSelectedKeysOptimized(NioEventLoop.java:579)
	at org.apache.ratis.thirdparty.io.netty.channel.nio.NioEventLoop.processSelectedKeys(NioEventLoop.java:496)
	at org.apache.ratis.thirdparty.io.netty.channel.nio.NioEventLoop.run(NioEventLoop.java:458)
	at org.apache.ratis.thirdparty.io.netty.util.concurrent.SingleThreadEventExecutor$5.run(SingleThreadEventExecutor.java:897)
	at org.apache.ratis.thirdparty.io.netty.util.concurrent.FastThreadLocalRunnable.run(FastThreadLocalRunnable.java:30)
	... 1 more
Caused by: java.net.ConnectException: Connection refused
	... 11 more
2019-10-21 23:03:48,074 [75bcb3a2-b551-405f-b8dd-694cefee0d48@group-2FC1C8829C54-LeaderElection1252] INFO  impl.LeaderElection (LogUtils.java:infoOrTrace(149)) -   Exception 1: {}
java.util.concurrent.ExecutionException: org.apache.ratis.thirdparty.io.grpc.StatusRuntimeException: UNAVAILABLE: io exception
	at java.util.concurrent.FutureTask.report(FutureTask.java:122)
	at java.util.concurrent.FutureTask.get(FutureTask.java:192)
	at org.apache.ratis.server.impl.LeaderElection.waitForResults(LeaderElection.java:259)
	at org.apache.ratis.server.impl.LeaderElection.askForVotes(LeaderElection.java:197)
	at org.apache.ratis.server.impl.LeaderElection.run(LeaderElection.java:133)
	at java.lang.Thread.run(Thread.java:748)
Caused by: org.apache.ratis.thirdparty.io.grpc.StatusRuntimeException: UNAVAILABLE: io exception
	at org.apache.ratis.thirdparty.io.grpc.stub.ClientCalls.toStatusRuntimeException(ClientCalls.java:233)
	at org.apache.ratis.thirdparty.io.grpc.stub.ClientCalls.getUnchecked(ClientCalls.java:214)
	at org.apache.ratis.thirdparty.io.grpc.stub.ClientCalls.blockingUnaryCall(ClientCalls.java:139)
	at org.apache.ratis.proto.grpc.RaftServerProtocolServiceGrpc$RaftServerProtocolServiceBlockingStub.requestVote(RaftServerProtocolServiceGrpc.java:265)
	at org.apache.ratis.grpc.server.GrpcServerProtocolClient.requestVote(GrpcServerProtocolClient.java:99)
	at org.apache.ratis.grpc.server.GrpcService.requestVote(GrpcService.java:204)
	at org.apache.ratis.server.impl.LeaderElection.lambda$submitRequests$1(LeaderElection.java:234)
	at java.util.concurrent.FutureTask.run(FutureTask.java:266)
	at java.util.concurrent.Executors$RunnableAdapter.call(Executors.java:511)
	at java.util.concurrent.FutureTask.run(FutureTask.java:266)
	at java.util.concurrent.ThreadPoolExecutor.runWorker(ThreadPoolExecutor.java:1149)
	at java.util.concurrent.ThreadPoolExecutor$Worker.run(ThreadPoolExecutor.java:624)
	... 1 more
Caused by: org.apache.ratis.thirdparty.io.netty.channel.AbstractChannel$AnnotatedConnectException: Connection refused: /192.168.69.118:34037
	at sun.nio.ch.SocketChannelImpl.checkConnect(Native Method)
	at sun.nio.ch.SocketChannelImpl.finishConnect(SocketChannelImpl.java:717)
	at org.apache.ratis.thirdparty.io.netty.channel.socket.nio.NioSocketChannel.doFinishConnect(NioSocketChannel.java:327)
	at org.apache.ratis.thirdparty.io.netty.channel.nio.AbstractNioChannel$AbstractNioUnsafe.finishConnect(AbstractNioChannel.java:340)
	at org.apache.ratis.thirdparty.io.netty.channel.nio.NioEventLoop.processSelectedKey(NioEventLoop.java:632)
	at org.apache.ratis.thirdparty.io.netty.channel.nio.NioEventLoop.processSelectedKeysOptimized(NioEventLoop.java:579)
	at org.apache.ratis.thirdparty.io.netty.channel.nio.NioEventLoop.processSelectedKeys(NioEventLoop.java:496)
	at org.apache.ratis.thirdparty.io.netty.channel.nio.NioEventLoop.run(NioEventLoop.java:458)
	at org.apache.ratis.thirdparty.io.netty.util.concurrent.SingleThreadEventExecutor$5.run(SingleThreadEventExecutor.java:897)
	at org.apache.ratis.thirdparty.io.netty.util.concurrent.FastThreadLocalRunnable.run(FastThreadLocalRunnable.java:30)
	... 1 more
Caused by: java.net.ConnectException: Connection refused
	... 11 more
2019-10-21 23:03:48,075 [75bcb3a2-b551-405f-b8dd-694cefee0d48@group-2FC1C8829C54-LeaderElection1252] INFO  impl.RaftServerImpl (RaftServerImpl.java:setRole(184)) - 75bcb3a2-b551-405f-b8dd-694cefee0d48@group-2FC1C8829C54: changes role from CANDIDATE to FOLLOWER at term 5 for DISCOVERED_A_NEW_TERM
2019-10-21 23:03:48,075 [75bcb3a2-b551-405f-b8dd-694cefee0d48@group-2FC1C8829C54-LeaderElection1252] INFO  impl.RoleInfo (RoleInfo.java:shutdownLeaderElection(134)) - 75bcb3a2-b551-405f-b8dd-694cefee0d48: shutdown LeaderElection
2019-10-21 23:03:48,075 [75bcb3a2-b551-405f-b8dd-694cefee0d48@group-2FC1C8829C54-LeaderElection1252] INFO  impl.RoleInfo (RoleInfo.java:updateAndGet(143)) - 75bcb3a2-b551-405f-b8dd-694cefee0d48: start FollowerState
2019-10-21 23:03:48,190 [Thread-10761] INFO  impl.FollowerState (FollowerState.java:run(108)) - 7c107f1d-8592-48e3-af71-5982c0af1f56@group-C1C12825AC52-FollowerState: change to CANDIDATE, lastRpcTime:1059ms, electionTimeout:1059ms
2019-10-21 23:03:48,190 [Thread-10761] INFO  impl.RoleInfo (RoleInfo.java:shutdownFollowerState(121)) - 7c107f1d-8592-48e3-af71-5982c0af1f56: shutdown FollowerState
2019-10-21 23:03:48,190 [Thread-10761] INFO  impl.RaftServerImpl (RaftServerImpl.java:setRole(184)) - 7c107f1d-8592-48e3-af71-5982c0af1f56@group-C1C12825AC52: changes role from  FOLLOWER to CANDIDATE at term 186 for changeToCandidate
2019-10-21 23:03:48,190 [Thread-10761] INFO  impl.RoleInfo (RoleInfo.java:updateAndGet(143)) - 7c107f1d-8592-48e3-af71-5982c0af1f56: start LeaderElection
2019-10-21 23:03:48,200 [7c107f1d-8592-48e3-af71-5982c0af1f56@group-C1C12825AC52-LeaderElection1253] INFO  impl.LeaderElection (LeaderElection.java:askForVotes(178)) - 7c107f1d-8592-48e3-af71-5982c0af1f56@group-C1C12825AC52-LeaderElection1253: begin an election at term 187 for 0: [1244ca21-2158-4cc7-9e07-ba347e145504:192.168.69.118:43370, 7c107f1d-8592-48e3-af71-5982c0af1f56:192.168.69.118:36514, d10c8639-03b1-4f19-ac0f-6419d7578d59:192.168.69.118:37568], old=null
2019-10-21 23:03:48,201 [7c107f1d-8592-48e3-af71-5982c0af1f56@group-C1C12825AC52-LeaderElection1253] INFO  impl.LeaderElection (LogUtils.java:infoOrTrace(149)) - 7c107f1d-8592-48e3-af71-5982c0af1f56@group-C1C12825AC52-LeaderElection1253 got exception when requesting votes: {}
java.util.concurrent.ExecutionException: org.apache.ratis.thirdparty.io.grpc.StatusRuntimeException: UNAVAILABLE: io exception
	at java.util.concurrent.FutureTask.report(FutureTask.java:122)
	at java.util.concurrent.FutureTask.get(FutureTask.java:192)
	at org.apache.ratis.server.impl.LeaderElection.waitForResults(LeaderElection.java:259)
	at org.apache.ratis.server.impl.LeaderElection.askForVotes(LeaderElection.java:197)
	at org.apache.ratis.server.impl.LeaderElection.run(LeaderElection.java:133)
	at java.lang.Thread.run(Thread.java:748)
Caused by: org.apache.ratis.thirdparty.io.grpc.StatusRuntimeException: UNAVAILABLE: io exception
	at org.apache.ratis.thirdparty.io.grpc.stub.ClientCalls.toStatusRuntimeException(ClientCalls.java:233)
	at org.apache.ratis.thirdparty.io.grpc.stub.ClientCalls.getUnchecked(ClientCalls.java:214)
	at org.apache.ratis.thirdparty.io.grpc.stub.ClientCalls.blockingUnaryCall(ClientCalls.java:139)
	at org.apache.ratis.proto.grpc.RaftServerProtocolServiceGrpc$RaftServerProtocolServiceBlockingStub.requestVote(RaftServerProtocolServiceGrpc.java:265)
	at org.apache.ratis.grpc.server.GrpcServerProtocolClient.requestVote(GrpcServerProtocolClient.java:99)
	at org.apache.ratis.grpc.server.GrpcService.requestVote(GrpcService.java:204)
	at org.apache.ratis.server.impl.LeaderElection.lambda$submitRequests$1(LeaderElection.java:234)
	at java.util.concurrent.FutureTask.run(FutureTask.java:266)
	at java.util.concurrent.Executors$RunnableAdapter.call(Executors.java:511)
	at java.util.concurrent.FutureTask.run(FutureTask.java:266)
	at java.util.concurrent.ThreadPoolExecutor.runWorker(ThreadPoolExecutor.java:1149)
	at java.util.concurrent.ThreadPoolExecutor$Worker.run(ThreadPoolExecutor.java:624)
	... 1 more
Caused by: org.apache.ratis.thirdparty.io.netty.channel.AbstractChannel$AnnotatedConnectException: Connection refused: /192.168.69.118:43370
	at sun.nio.ch.SocketChannelImpl.checkConnect(Native Method)
	at sun.nio.ch.SocketChannelImpl.finishConnect(SocketChannelImpl.java:717)
	at org.apache.ratis.thirdparty.io.netty.channel.socket.nio.NioSocketChannel.doFinishConnect(NioSocketChannel.java:327)
	at org.apache.ratis.thirdparty.io.netty.channel.nio.AbstractNioChannel$AbstractNioUnsafe.finishConnect(AbstractNioChannel.java:340)
	at org.apache.ratis.thirdparty.io.netty.channel.nio.NioEventLoop.processSelectedKey(NioEventLoop.java:632)
	at org.apache.ratis.thirdparty.io.netty.channel.nio.NioEventLoop.processSelectedKeysOptimized(NioEventLoop.java:579)
	at org.apache.ratis.thirdparty.io.netty.channel.nio.NioEventLoop.processSelectedKeys(NioEventLoop.java:496)
	at org.apache.ratis.thirdparty.io.netty.channel.nio.NioEventLoop.run(NioEventLoop.java:458)
	at org.apache.ratis.thirdparty.io.netty.util.concurrent.SingleThreadEventExecutor$5.run(SingleThreadEventExecutor.java:897)
	at org.apache.ratis.thirdparty.io.netty.util.concurrent.FastThreadLocalRunnable.run(FastThreadLocalRunnable.java:30)
	... 1 more
Caused by: java.net.ConnectException: Connection refused
	... 11 more
2019-10-21 23:03:48,201 [7c107f1d-8592-48e3-af71-5982c0af1f56@group-C1C12825AC52-LeaderElection1253] INFO  impl.LeaderElection (LogUtils.java:infoOrTrace(149)) - 7c107f1d-8592-48e3-af71-5982c0af1f56@group-C1C12825AC52-LeaderElection1253 got exception when requesting votes: {}
java.util.concurrent.ExecutionException: org.apache.ratis.thirdparty.io.grpc.StatusRuntimeException: UNAVAILABLE: io exception
	at java.util.concurrent.FutureTask.report(FutureTask.java:122)
	at java.util.concurrent.FutureTask.get(FutureTask.java:192)
	at org.apache.ratis.server.impl.LeaderElection.waitForResults(LeaderElection.java:259)
	at org.apache.ratis.server.impl.LeaderElection.askForVotes(LeaderElection.java:197)
	at org.apache.ratis.server.impl.LeaderElection.run(LeaderElection.java:133)
	at java.lang.Thread.run(Thread.java:748)
Caused by: org.apache.ratis.thirdparty.io.grpc.StatusRuntimeException: UNAVAILABLE: io exception
	at org.apache.ratis.thirdparty.io.grpc.stub.ClientCalls.toStatusRuntimeException(ClientCalls.java:233)
	at org.apache.ratis.thirdparty.io.grpc.stub.ClientCalls.getUnchecked(ClientCalls.java:214)
	at org.apache.ratis.thirdparty.io.grpc.stub.ClientCalls.blockingUnaryCall(ClientCalls.java:139)
	at org.apache.ratis.proto.grpc.RaftServerProtocolServiceGrpc$RaftServerProtocolServiceBlockingStub.requestVote(RaftServerProtocolServiceGrpc.java:265)
	at org.apache.ratis.grpc.server.GrpcServerProtocolClient.requestVote(GrpcServerProtocolClient.java:99)
	at org.apache.ratis.grpc.server.GrpcService.requestVote(GrpcService.java:204)
	at org.apache.ratis.server.impl.LeaderElection.lambda$submitRequests$1(LeaderElection.java:234)
	at java.util.concurrent.FutureTask.run(FutureTask.java:266)
	at java.util.concurrent.Executors$RunnableAdapter.call(Executors.java:511)
	at java.util.concurrent.FutureTask.run(FutureTask.java:266)
	at java.util.concurrent.ThreadPoolExecutor.runWorker(ThreadPoolExecutor.java:1149)
	at java.util.concurrent.ThreadPoolExecutor$Worker.run(ThreadPoolExecutor.java:624)
	... 1 more
Caused by: org.apache.ratis.thirdparty.io.netty.channel.AbstractChannel$AnnotatedConnectException: Connection refused: /192.168.69.118:37568
	at sun.nio.ch.SocketChannelImpl.checkConnect(Native Method)
	at sun.nio.ch.SocketChannelImpl.finishConnect(SocketChannelImpl.java:717)
	at org.apache.ratis.thirdparty.io.netty.channel.socket.nio.NioSocketChannel.doFinishConnect(NioSocketChannel.java:327)
	at org.apache.ratis.thirdparty.io.netty.channel.nio.AbstractNioChannel$AbstractNioUnsafe.finishConnect(AbstractNioChannel.java:340)
	at org.apache.ratis.thirdparty.io.netty.channel.nio.NioEventLoop.processSelectedKey(NioEventLoop.java:632)
	at org.apache.ratis.thirdparty.io.netty.channel.nio.NioEventLoop.processSelectedKeysOptimized(NioEventLoop.java:579)
	at org.apache.ratis.thirdparty.io.netty.channel.nio.NioEventLoop.processSelectedKeys(NioEventLoop.java:496)
	at org.apache.ratis.thirdparty.io.netty.channel.nio.NioEventLoop.run(NioEventLoop.java:458)
	at org.apache.ratis.thirdparty.io.netty.util.concurrent.SingleThreadEventExecutor$5.run(SingleThreadEventExecutor.java:897)
	at org.apache.ratis.thirdparty.io.netty.util.concurrent.FastThreadLocalRunnable.run(FastThreadLocalRunnable.java:30)
	... 1 more
Caused by: java.net.ConnectException: Connection refused
	... 11 more
2019-10-21 23:03:48,202 [7c107f1d-8592-48e3-af71-5982c0af1f56@group-C1C12825AC52-LeaderElection1253] INFO  impl.LeaderElection (LeaderElection.java:logAndReturn(56)) - 7c107f1d-8592-48e3-af71-5982c0af1f56@group-C1C12825AC52-LeaderElection1253: Election REJECTED; received 0 response(s) [] and 2 exception(s); 7c107f1d-8592-48e3-af71-5982c0af1f56@group-C1C12825AC52:t187, leader=null, voted=7c107f1d-8592-48e3-af71-5982c0af1f56, raftlog=7c107f1d-8592-48e3-af71-5982c0af1f56@group-C1C12825AC52-SegmentedRaftLog:OPENED:c-1,f0,i0, conf=0: [1244ca21-2158-4cc7-9e07-ba347e145504:192.168.69.118:43370, 7c107f1d-8592-48e3-af71-5982c0af1f56:192.168.69.118:36514, d10c8639-03b1-4f19-ac0f-6419d7578d59:192.168.69.118:37568], old=null
2019-10-21 23:03:48,202 [7c107f1d-8592-48e3-af71-5982c0af1f56@group-C1C12825AC52-LeaderElection1253] INFO  impl.LeaderElection (LogUtils.java:infoOrTrace(149)) -   Exception 0: {}
java.util.concurrent.ExecutionException: org.apache.ratis.thirdparty.io.grpc.StatusRuntimeException: UNAVAILABLE: io exception
	at java.util.concurrent.FutureTask.report(FutureTask.java:122)
	at java.util.concurrent.FutureTask.get(FutureTask.java:192)
	at org.apache.ratis.server.impl.LeaderElection.waitForResults(LeaderElection.java:259)
	at org.apache.ratis.server.impl.LeaderElection.askForVotes(LeaderElection.java:197)
	at org.apache.ratis.server.impl.LeaderElection.run(LeaderElection.java:133)
	at java.lang.Thread.run(Thread.java:748)
Caused by: org.apache.ratis.thirdparty.io.grpc.StatusRuntimeException: UNAVAILABLE: io exception
	at org.apache.ratis.thirdparty.io.grpc.stub.ClientCalls.toStatusRuntimeException(ClientCalls.java:233)
	at org.apache.ratis.thirdparty.io.grpc.stub.ClientCalls.getUnchecked(ClientCalls.java:214)
	at org.apache.ratis.thirdparty.io.grpc.stub.ClientCalls.blockingUnaryCall(ClientCalls.java:139)
	at org.apache.ratis.proto.grpc.RaftServerProtocolServiceGrpc$RaftServerProtocolServiceBlockingStub.requestVote(RaftServerProtocolServiceGrpc.java:265)
	at org.apache.ratis.grpc.server.GrpcServerProtocolClient.requestVote(GrpcServerProtocolClient.java:99)
	at org.apache.ratis.grpc.server.GrpcService.requestVote(GrpcService.java:204)
	at org.apache.ratis.server.impl.LeaderElection.lambda$submitRequests$1(LeaderElection.java:234)
	at java.util.concurrent.FutureTask.run(FutureTask.java:266)
	at java.util.concurrent.Executors$RunnableAdapter.call(Executors.java:511)
	at java.util.concurrent.FutureTask.run(FutureTask.java:266)
	at java.util.concurrent.ThreadPoolExecutor.runWorker(ThreadPoolExecutor.java:1149)
	at java.util.concurrent.ThreadPoolExecutor$Worker.run(ThreadPoolExecutor.java:624)
	... 1 more
Caused by: org.apache.ratis.thirdparty.io.netty.channel.AbstractChannel$AnnotatedConnectException: Connection refused: /192.168.69.118:43370
	at sun.nio.ch.SocketChannelImpl.checkConnect(Native Method)
	at sun.nio.ch.SocketChannelImpl.finishConnect(SocketChannelImpl.java:717)
	at org.apache.ratis.thirdparty.io.netty.channel.socket.nio.NioSocketChannel.doFinishConnect(NioSocketChannel.java:327)
	at org.apache.ratis.thirdparty.io.netty.channel.nio.AbstractNioChannel$AbstractNioUnsafe.finishConnect(AbstractNioChannel.java:340)
	at org.apache.ratis.thirdparty.io.netty.channel.nio.NioEventLoop.processSelectedKey(NioEventLoop.java:632)
	at org.apache.ratis.thirdparty.io.netty.channel.nio.NioEventLoop.processSelectedKeysOptimized(NioEventLoop.java:579)
	at org.apache.ratis.thirdparty.io.netty.channel.nio.NioEventLoop.processSelectedKeys(NioEventLoop.java:496)
	at org.apache.ratis.thirdparty.io.netty.channel.nio.NioEventLoop.run(NioEventLoop.java:458)
	at org.apache.ratis.thirdparty.io.netty.util.concurrent.SingleThreadEventExecutor$5.run(SingleThreadEventExecutor.java:897)
	at org.apache.ratis.thirdparty.io.netty.util.concurrent.FastThreadLocalRunnable.run(FastThreadLocalRunnable.java:30)
	... 1 more
Caused by: java.net.ConnectException: Connection refused
	... 11 more
2019-10-21 23:03:48,202 [7c107f1d-8592-48e3-af71-5982c0af1f56@group-C1C12825AC52-LeaderElection1253] INFO  impl.LeaderElection (LogUtils.java:infoOrTrace(149)) -   Exception 1: {}
java.util.concurrent.ExecutionException: org.apache.ratis.thirdparty.io.grpc.StatusRuntimeException: UNAVAILABLE: io exception
	at java.util.concurrent.FutureTask.report(FutureTask.java:122)
	at java.util.concurrent.FutureTask.get(FutureTask.java:192)
	at org.apache.ratis.server.impl.LeaderElection.waitForResults(LeaderElection.java:259)
	at org.apache.ratis.server.impl.LeaderElection.askForVotes(LeaderElection.java:197)
	at org.apache.ratis.server.impl.LeaderElection.run(LeaderElection.java:133)
	at java.lang.Thread.run(Thread.java:748)
Caused by: org.apache.ratis.thirdparty.io.grpc.StatusRuntimeException: UNAVAILABLE: io exception
	at org.apache.ratis.thirdparty.io.grpc.stub.ClientCalls.toStatusRuntimeException(ClientCalls.java:233)
	at org.apache.ratis.thirdparty.io.grpc.stub.ClientCalls.getUnchecked(ClientCalls.java:214)
	at org.apache.ratis.thirdparty.io.grpc.stub.ClientCalls.blockingUnaryCall(ClientCalls.java:139)
	at org.apache.ratis.proto.grpc.RaftServerProtocolServiceGrpc$RaftServerProtocolServiceBlockingStub.requestVote(RaftServerProtocolServiceGrpc.java:265)
	at org.apache.ratis.grpc.server.GrpcServerProtocolClient.requestVote(GrpcServerProtocolClient.java:99)
	at org.apache.ratis.grpc.server.GrpcService.requestVote(GrpcService.java:204)
	at org.apache.ratis.server.impl.LeaderElection.lambda$submitRequests$1(LeaderElection.java:234)
	at java.util.concurrent.FutureTask.run(FutureTask.java:266)
	at java.util.concurrent.Executors$RunnableAdapter.call(Executors.java:511)
	at java.util.concurrent.FutureTask.run(FutureTask.java:266)
	at java.util.concurrent.ThreadPoolExecutor.runWorker(ThreadPoolExecutor.java:1149)
	at java.util.concurrent.ThreadPoolExecutor$Worker.run(ThreadPoolExecutor.java:624)
	... 1 more
Caused by: org.apache.ratis.thirdparty.io.netty.channel.AbstractChannel$AnnotatedConnectException: Connection refused: /192.168.69.118:37568
	at sun.nio.ch.SocketChannelImpl.checkConnect(Native Method)
	at sun.nio.ch.SocketChannelImpl.finishConnect(SocketChannelImpl.java:717)
	at org.apache.ratis.thirdparty.io.netty.channel.socket.nio.NioSocketChannel.doFinishConnect(NioSocketChannel.java:327)
	at org.apache.ratis.thirdparty.io.netty.channel.nio.AbstractNioChannel$AbstractNioUnsafe.finishConnect(AbstractNioChannel.java:340)
	at org.apache.ratis.thirdparty.io.netty.channel.nio.NioEventLoop.processSelectedKey(NioEventLoop.java:632)
	at org.apache.ratis.thirdparty.io.netty.channel.nio.NioEventLoop.processSelectedKeysOptimized(NioEventLoop.java:579)
	at org.apache.ratis.thirdparty.io.netty.channel.nio.NioEventLoop.processSelectedKeys(NioEventLoop.java:496)
	at org.apache.ratis.thirdparty.io.netty.channel.nio.NioEventLoop.run(NioEventLoop.java:458)
	at org.apache.ratis.thirdparty.io.netty.util.concurrent.SingleThreadEventExecutor$5.run(SingleThreadEventExecutor.java:897)
	at org.apache.ratis.thirdparty.io.netty.util.concurrent.FastThreadLocalRunnable.run(FastThreadLocalRunnable.java:30)
	... 1 more
Caused by: java.net.ConnectException: Connection refused
	... 11 more
2019-10-21 23:03:48,202 [7c107f1d-8592-48e3-af71-5982c0af1f56@group-C1C12825AC52-LeaderElection1253] INFO  impl.RaftServerImpl (RaftServerImpl.java:setRole(184)) - 7c107f1d-8592-48e3-af71-5982c0af1f56@group-C1C12825AC52: changes role from CANDIDATE to FOLLOWER at term 187 for DISCOVERED_A_NEW_TERM
2019-10-21 23:03:48,202 [7c107f1d-8592-48e3-af71-5982c0af1f56@group-C1C12825AC52-LeaderElection1253] INFO  impl.RoleInfo (RoleInfo.java:shutdownLeaderElection(134)) - 7c107f1d-8592-48e3-af71-5982c0af1f56: shutdown LeaderElection
2019-10-21 23:03:48,203 [7c107f1d-8592-48e3-af71-5982c0af1f56@group-C1C12825AC52-LeaderElection1253] INFO  impl.RoleInfo (RoleInfo.java:updateAndGet(143)) - 7c107f1d-8592-48e3-af71-5982c0af1f56: start FollowerState
2019-10-21 23:03:48,245 [main] INFO  ozoneimpl.OzoneContainer (OzoneContainer.java:stop(227)) - Attempting to stop container services.
2019-10-21 23:03:48,246 [main] INFO  impl.RaftServerProxy (RaftServerProxy.java:lambda$close$4(314)) - 603ba073-be5d-40c9-b7ed-25f4d1f5a99d: close
2019-10-21 23:03:48,246 [main] INFO  impl.RaftServerImpl (RaftServerImpl.java:lambda$shutdown$3(261)) - 603ba073-be5d-40c9-b7ed-25f4d1f5a99d@group-2E22A1C951B0: shutdown
2019-10-21 23:03:48,246 [main] INFO  util.JmxRegister (JmxRegister.java:unregister(73)) - Successfully un-registered JMX Bean with object name Ratis:service=RaftServer,group=group-2E22A1C951B0,id=603ba073-be5d-40c9-b7ed-25f4d1f5a99d
2019-10-21 23:03:48,247 [main] INFO  impl.RoleInfo (RoleInfo.java:shutdownLeaderState(104)) - 603ba073-be5d-40c9-b7ed-25f4d1f5a99d: shutdown LeaderState
2019-10-21 23:03:48,247 [main] INFO  impl.PendingRequests (PendingRequests.java:sendNotLeaderResponses(202)) - 603ba073-be5d-40c9-b7ed-25f4d1f5a99d@group-2E22A1C951B0-PendingRequests: sendNotLeaderResponses
2019-10-21 23:03:48,247 [main] INFO  impl.StateMachineUpdater (StateMachineUpdater.java:stopAndJoin(136)) - 603ba073-be5d-40c9-b7ed-25f4d1f5a99d@group-2E22A1C951B0-StateMachineUpdater: set stopIndex = 0
2019-10-21 23:03:48,248 [main] INFO  impl.RaftServerImpl (ServerState.java:close(388)) - 603ba073-be5d-40c9-b7ed-25f4d1f5a99d@group-2E22A1C951B0: closes. applyIndex: 0
2019-10-21 23:03:48,248 [603ba073-be5d-40c9-b7ed-25f4d1f5a99d@group-2E22A1C951B0-SegmentedRaftLogWorker] INFO  segmented.SegmentedRaftLogWorker (SegmentedRaftLogWorker.java:run(316)) - 603ba073-be5d-40c9-b7ed-25f4d1f5a99d@group-2E22A1C951B0-SegmentedRaftLogWorker was interrupted, exiting. There are 0 tasks remaining in the queue.
2019-10-21 23:03:48,256 [main] INFO  segmented.SegmentedRaftLogWorker (SegmentedRaftLogWorker.java:close(224)) - 603ba073-be5d-40c9-b7ed-25f4d1f5a99d@group-2E22A1C951B0-SegmentedRaftLogWorker close()
2019-10-21 23:03:48,256 [ForkJoinPool.commonPool-worker-0] INFO  ozoneimpl.OzoneContainer (OzoneContainer.java:stop(227)) - Attempting to stop container services.
2019-10-21 23:03:48,258 [main] INFO  server.GrpcService (GrpcService.java:closeImpl(164)) - 603ba073-be5d-40c9-b7ed-25f4d1f5a99d: shutdown server with port 37356 now
2019-10-21 23:03:48,258 [ForkJoinPool.commonPool-worker-0] INFO  impl.RaftServerProxy (RaftServerProxy.java:lambda$close$4(314)) - 75bcb3a2-b551-405f-b8dd-694cefee0d48: close
2019-10-21 23:03:48,258 [ForkJoinPool.commonPool-worker-0] INFO  impl.RaftServerImpl (RaftServerImpl.java:lambda$shutdown$3(261)) - 75bcb3a2-b551-405f-b8dd-694cefee0d48@group-2FC1C8829C54: shutdown
2019-10-21 23:03:48,259 [main] INFO  server.GrpcService (GrpcService.java:closeImpl(172)) - 603ba073-be5d-40c9-b7ed-25f4d1f5a99d: shutdown server with port 37356 successfully
2019-10-21 23:03:48,259 [ForkJoinPool.commonPool-worker-0] INFO  util.JmxRegister (JmxRegister.java:unregister(73)) - Successfully un-registered JMX Bean with object name Ratis:service=RaftServer,group=group-2FC1C8829C54,id=75bcb3a2-b551-405f-b8dd-694cefee0d48
2019-10-21 23:03:48,260 [ForkJoinPool.commonPool-worker-0] INFO  impl.RoleInfo (RoleInfo.java:shutdownFollowerState(121)) - 75bcb3a2-b551-405f-b8dd-694cefee0d48: shutdown FollowerState
2019-10-21 23:03:48,260 [ForkJoinPool.commonPool-worker-0] INFO  impl.StateMachineUpdater (StateMachineUpdater.java:stopAndJoin(136)) - 75bcb3a2-b551-405f-b8dd-694cefee0d48@group-2FC1C8829C54-StateMachineUpdater: set stopIndex = 10
2019-10-21 23:03:48,260 [75bcb3a2-b551-405f-b8dd-694cefee0d48@group-2FC1C8829C54-StateMachineUpdater] INFO  ratis.ContainerStateMachine (ContainerStateMachine.java:takeSnapshot(294)) - group-2FC1C8829C54: Taking a snapshot at:(t:1, i:8) file /workdir/hadoop-ozone/integration-test/target/test-dir/MiniOzoneClusterImpl-d9aa8a4b-930f-46eb-8e95-9ce1bbfd2407/datanode-4/data/ratis/f1772525-8379-4a34-84d1-2fc1c8829c54/sm/snapshot.1_8
2019-10-21 23:03:48,260 [Thread-10767] INFO  impl.FollowerState (FollowerState.java:run(117)) - 75bcb3a2-b551-405f-b8dd-694cefee0d48@group-2FC1C8829C54-FollowerState was interrupted: java.lang.InterruptedException: sleep interrupted
2019-10-21 23:03:48,261 [refreshUsed-/workdir/hadoop-ozone/integration-test/target/test-dir/MiniOzoneClusterImpl-d9aa8a4b-930f-46eb-8e95-9ce1bbfd2407/datanode-8/data/containers] WARN  fs.CachingGetSpaceUsed (CachingGetSpaceUsed.java:run(183)) - Thread Interrupted waiting to refresh disk information: sleep interrupted
2019-10-21 23:03:48,272 [main] INFO  utils.BackgroundService (BackgroundService.java:shutdown(151)) - Shutting down service BlockDeletingService
2019-10-21 23:03:48,273 [main] INFO  statemachine.DatanodeStateMachine (DatanodeStateMachine.java:stopDaemon(395)) - Ozone container server stopped.
2019-10-21 23:03:48,274 [main] INFO  handler.ContextHandler (ContextHandler.java:doStop(910)) - Stopped o.e.j.w.WebAppContext@3a209918{/,null,UNAVAILABLE}{/hddsDatanode}
2019-10-21 23:03:48,275 [main] INFO  server.AbstractConnector (AbstractConnector.java:doStop(318)) - Stopped ServerConnector@2cae5fa7{HTTP/1.1,[http/1.1]}{0.0.0.0:0}
2019-10-21 23:03:48,275 [main] INFO  handler.ContextHandler (ContextHandler.java:doStop(910)) - Stopped o.e.j.s.ServletContextHandler@721bf7ad{/static,jar:file:/home/user/.m2/repository/org/apache/hadoop/hadoop-hdds-container-service/0.5.0-SNAPSHOT/hadoop-hdds-container-service-0.5.0-SNAPSHOT.jar!/webapps/static,UNAVAILABLE}
2019-10-21 23:03:48,275 [main] INFO  handler.ContextHandler (ContextHandler.java:doStop(910)) - Stopped o.e.j.s.ServletContextHandler@5203c80f{/logs,file:///workdir/hadoop-ozone/integration-test/target/log,UNAVAILABLE}
2019-10-21 23:03:48,289 [75bcb3a2-b551-405f-b8dd-694cefee0d48@group-2FC1C8829C54-StateMachineUpdater] INFO  ratis.ContainerStateMachine (ContainerStateMachine.java:takeSnapshot(305)) - group-2FC1C8829C54: Finished taking a snapshot at:(t:1, i:8) file:/workdir/hadoop-ozone/integration-test/target/test-dir/MiniOzoneClusterImpl-d9aa8a4b-930f-46eb-8e95-9ce1bbfd2407/datanode-4/data/ratis/f1772525-8379-4a34-84d1-2fc1c8829c54/sm/snapshot.1_8 time:28
2019-10-21 23:03:48,289 [75bcb3a2-b551-405f-b8dd-694cefee0d48@group-2FC1C8829C54-StateMachineUpdater] INFO  impl.StateMachineUpdater (StateMachineUpdater.java:takeSnapshot(269)) - 75bcb3a2-b551-405f-b8dd-694cefee0d48@group-2FC1C8829C54-StateMachineUpdater: Took a snapshot at index 8
2019-10-21 23:03:48,289 [75bcb3a2-b551-405f-b8dd-694cefee0d48@group-2FC1C8829C54-StateMachineUpdater] INFO  impl.StateMachineUpdater (StateMachineUpdater.java:lambda$new$0(84)) - 75bcb3a2-b551-405f-b8dd-694cefee0d48@group-2FC1C8829C54-StateMachineUpdater: snapshotIndex: updateIncreasingly -1 -> 8
2019-10-21 23:03:48,289 [75bcb3a2-b551-405f-b8dd-694cefee0d48@group-2FC1C8829C54-StateMachineUpdater] INFO  ratis.ContainerStateMachine (ContainerStateMachine.java:takeSnapshot(294)) - group-2FC1C8829C54: Taking a snapshot at:(t:1, i:8) file /workdir/hadoop-ozone/integration-test/target/test-dir/MiniOzoneClusterImpl-d9aa8a4b-930f-46eb-8e95-9ce1bbfd2407/datanode-4/data/ratis/f1772525-8379-4a34-84d1-2fc1c8829c54/sm/snapshot.1_8
2019-10-21 23:03:48,299 [75bcb3a2-b551-405f-b8dd-694cefee0d48@group-2FC1C8829C54-StateMachineUpdater] INFO  ratis.ContainerStateMachine (ContainerStateMachine.java:takeSnapshot(305)) - group-2FC1C8829C54: Finished taking a snapshot at:(t:1, i:8) file:/workdir/hadoop-ozone/integration-test/target/test-dir/MiniOzoneClusterImpl-d9aa8a4b-930f-46eb-8e95-9ce1bbfd2407/datanode-4/data/ratis/f1772525-8379-4a34-84d1-2fc1c8829c54/sm/snapshot.1_8 time:10
2019-10-21 23:03:48,300 [75bcb3a2-b551-405f-b8dd-694cefee0d48@group-2FC1C8829C54-StateMachineUpdater] INFO  impl.StateMachineUpdater (StateMachineUpdater.java:takeSnapshot(269)) - 75bcb3a2-b551-405f-b8dd-694cefee0d48@group-2FC1C8829C54-StateMachineUpdater: Took a snapshot at index 8
2019-10-21 23:03:48,300 [75bcb3a2-b551-405f-b8dd-694cefee0d48@group-2FC1C8829C54-StateMachineUpdater] INFO  impl.StateMachineUpdater (StateMachineUpdater.java:lambda$new$0(84)) - 75bcb3a2-b551-405f-b8dd-694cefee0d48@group-2FC1C8829C54-StateMachineUpdater: snapshotIndex: updateIncreasingly 8 -> 8
2019-10-21 23:03:48,300 [ForkJoinPool.commonPool-worker-0] INFO  impl.RaftServerImpl (ServerState.java:close(388)) - 75bcb3a2-b551-405f-b8dd-694cefee0d48@group-2FC1C8829C54: closes. applyIndex: 10
2019-10-21 23:03:48,300 [75bcb3a2-b551-405f-b8dd-694cefee0d48@group-2FC1C8829C54-SegmentedRaftLogWorker] INFO  segmented.SegmentedRaftLogWorker (SegmentedRaftLogWorker.java:run(316)) - 75bcb3a2-b551-405f-b8dd-694cefee0d48@group-2FC1C8829C54-SegmentedRaftLogWorker was interrupted, exiting. There are 0 tasks remaining in the queue.
2019-10-21 23:03:48,300 [ForkJoinPool.commonPool-worker-0] INFO  segmented.SegmentedRaftLogWorker (SegmentedRaftLogWorker.java:close(224)) - 75bcb3a2-b551-405f-b8dd-694cefee0d48@group-2FC1C8829C54-SegmentedRaftLogWorker close()
2019-10-21 23:03:48,302 [ForkJoinPool.commonPool-worker-0] INFO  impl.RaftServerImpl (RaftServerImpl.java:lambda$shutdown$3(261)) - 75bcb3a2-b551-405f-b8dd-694cefee0d48@group-292C166D26FD: shutdown
2019-10-21 23:03:48,302 [ForkJoinPool.commonPool-worker-0] INFO  util.JmxRegister (JmxRegister.java:unregister(73)) - Successfully un-registered JMX Bean with object name Ratis:service=RaftServer,group=group-292C166D26FD,id=75bcb3a2-b551-405f-b8dd-694cefee0d48
2019-10-21 23:03:48,303 [ForkJoinPool.commonPool-worker-0] INFO  impl.RoleInfo (RoleInfo.java:shutdownLeaderState(104)) - 75bcb3a2-b551-405f-b8dd-694cefee0d48: shutdown LeaderState
2019-10-21 23:03:48,303 [ForkJoinPool.commonPool-worker-0] INFO  impl.PendingRequests (PendingRequests.java:sendNotLeaderResponses(202)) - 75bcb3a2-b551-405f-b8dd-694cefee0d48@group-292C166D26FD-PendingRequests: sendNotLeaderResponses
2019-10-21 23:03:48,303 [ForkJoinPool.commonPool-worker-0] INFO  impl.StateMachineUpdater (StateMachineUpdater.java:stopAndJoin(136)) - 75bcb3a2-b551-405f-b8dd-694cefee0d48@group-292C166D26FD-StateMachineUpdater: set stopIndex = 0
2019-10-21 23:03:48,303 [ForkJoinPool.commonPool-worker-0] INFO  impl.RaftServerImpl (ServerState.java:close(388)) - 75bcb3a2-b551-405f-b8dd-694cefee0d48@group-292C166D26FD: closes. applyIndex: 0
2019-10-21 23:03:48,304 [75bcb3a2-b551-405f-b8dd-694cefee0d48@group-292C166D26FD-SegmentedRaftLogWorker] INFO  segmented.SegmentedRaftLogWorker (SegmentedRaftLogWorker.java:run(316)) - 75bcb3a2-b551-405f-b8dd-694cefee0d48@group-292C166D26FD-SegmentedRaftLogWorker was interrupted, exiting. There are 0 tasks remaining in the queue.
2019-10-21 23:03:48,304 [ForkJoinPool.commonPool-worker-0] INFO  segmented.SegmentedRaftLogWorker (SegmentedRaftLogWorker.java:close(224)) - 75bcb3a2-b551-405f-b8dd-694cefee0d48@group-292C166D26FD-SegmentedRaftLogWorker close()
2019-10-21 23:03:48,306 [ForkJoinPool.commonPool-worker-0] INFO  server.GrpcService (GrpcService.java:closeImpl(164)) - 75bcb3a2-b551-405f-b8dd-694cefee0d48: shutdown server with port 38590 now
2019-10-21 23:03:48,312 [ForkJoinPool.commonPool-worker-0] INFO  server.GrpcService (GrpcService.java:closeImpl(172)) - 75bcb3a2-b551-405f-b8dd-694cefee0d48: shutdown server with port 38590 successfully
2019-10-21 23:03:48,313 [refreshUsed-/workdir/hadoop-ozone/integration-test/target/test-dir/MiniOzoneClusterImpl-d9aa8a4b-930f-46eb-8e95-9ce1bbfd2407/datanode-4/data/containers] WARN  fs.CachingGetSpaceUsed (CachingGetSpaceUsed.java:run(183)) - Thread Interrupted waiting to refresh disk information: sleep interrupted
2019-10-21 23:03:48,323 [ForkJoinPool.commonPool-worker-0] INFO  utils.BackgroundService (BackgroundService.java:shutdown(151)) - Shutting down service BlockDeletingService
2019-10-21 23:03:48,325 [ForkJoinPool.commonPool-worker-0] INFO  statemachine.DatanodeStateMachine (DatanodeStateMachine.java:stopDaemon(395)) - Ozone container server stopped.
2019-10-21 23:03:48,340 [ForkJoinPool.commonPool-worker-0] INFO  handler.ContextHandler (ContextHandler.java:doStop(910)) - Stopped o.e.j.w.WebAppContext@44faa4f2{/,null,UNAVAILABLE}{/hddsDatanode}
2019-10-21 23:03:48,340 [ForkJoinPool.commonPool-worker-0] INFO  server.AbstractConnector (AbstractConnector.java:doStop(318)) - Stopped ServerConnector@6793f752{HTTP/1.1,[http/1.1]}{0.0.0.0:0}
2019-10-21 23:03:48,342 [ForkJoinPool.commonPool-worker-0] INFO  handler.ContextHandler (ContextHandler.java:doStop(910)) - Stopped o.e.j.s.ServletContextHandler@2eb1c615{/static,jar:file:/home/user/.m2/repository/org/apache/hadoop/hadoop-hdds-container-service/0.5.0-SNAPSHOT/hadoop-hdds-container-service-0.5.0-SNAPSHOT.jar!/webapps/static,UNAVAILABLE}
2019-10-21 23:03:48,344 [ForkJoinPool.commonPool-worker-0] INFO  handler.ContextHandler (ContextHandler.java:doStop(910)) - Stopped o.e.j.s.ServletContextHandler@38087342{/logs,file:///workdir/hadoop-ozone/integration-test/target/log,UNAVAILABLE}
2019-10-21 23:03:49,118 [Datanode State Machine Thread - 0] INFO  statemachine.DatanodeStateMachine (DatanodeStateMachine.java:lambda$startDaemon$0(350)) - Ozone container server started.
2019-10-21 23:03:49,147 [Datanode State Machine Thread - 0] INFO  statemachine.DatanodeStateMachine (DatanodeStateMachine.java:lambda$startDaemon$0(350)) - Ozone container server started.
2019-10-21 23:03:49,365 [Thread-10772] INFO  impl.FollowerState (FollowerState.java:run(108)) - 7c107f1d-8592-48e3-af71-5982c0af1f56@group-C1C12825AC52-FollowerState: change to CANDIDATE, lastRpcTime:1162ms, electionTimeout:1162ms
2019-10-21 23:03:49,365 [Thread-10772] INFO  impl.RoleInfo (RoleInfo.java:shutdownFollowerState(121)) - 7c107f1d-8592-48e3-af71-5982c0af1f56: shutdown FollowerState
2019-10-21 23:03:49,365 [Thread-10772] INFO  impl.RaftServerImpl (RaftServerImpl.java:setRole(184)) - 7c107f1d-8592-48e3-af71-5982c0af1f56@group-C1C12825AC52: changes role from  FOLLOWER to CANDIDATE at term 187 for changeToCandidate
2019-10-21 23:03:49,365 [Thread-10772] INFO  impl.RoleInfo (RoleInfo.java:updateAndGet(143)) - 7c107f1d-8592-48e3-af71-5982c0af1f56: start LeaderElection
2019-10-21 23:03:49,380 [7c107f1d-8592-48e3-af71-5982c0af1f56@group-C1C12825AC52-LeaderElection1254] INFO  impl.LeaderElection (LeaderElection.java:askForVotes(178)) - 7c107f1d-8592-48e3-af71-5982c0af1f56@group-C1C12825AC52-LeaderElection1254: begin an election at term 188 for 0: [1244ca21-2158-4cc7-9e07-ba347e145504:192.168.69.118:43370, 7c107f1d-8592-48e3-af71-5982c0af1f56:192.168.69.118:36514, d10c8639-03b1-4f19-ac0f-6419d7578d59:192.168.69.118:37568], old=null
2019-10-21 23:03:49,380 [7c107f1d-8592-48e3-af71-5982c0af1f56@group-C1C12825AC52-LeaderElection1254] INFO  impl.LeaderElection (LogUtils.java:infoOrTrace(149)) - 7c107f1d-8592-48e3-af71-5982c0af1f56@group-C1C12825AC52-LeaderElection1254 got exception when requesting votes: {}
java.util.concurrent.ExecutionException: org.apache.ratis.thirdparty.io.grpc.StatusRuntimeException: UNAVAILABLE: io exception
	at java.util.concurrent.FutureTask.report(FutureTask.java:122)
	at java.util.concurrent.FutureTask.get(FutureTask.java:192)
	at org.apache.ratis.server.impl.LeaderElection.waitForResults(LeaderElection.java:259)
	at org.apache.ratis.server.impl.LeaderElection.askForVotes(LeaderElection.java:197)
	at org.apache.ratis.server.impl.LeaderElection.run(LeaderElection.java:133)
	at java.lang.Thread.run(Thread.java:748)
Caused by: org.apache.ratis.thirdparty.io.grpc.StatusRuntimeException: UNAVAILABLE: io exception
	at org.apache.ratis.thirdparty.io.grpc.stub.ClientCalls.toStatusRuntimeException(ClientCalls.java:233)
	at org.apache.ratis.thirdparty.io.grpc.stub.ClientCalls.getUnchecked(ClientCalls.java:214)
	at org.apache.ratis.thirdparty.io.grpc.stub.ClientCalls.blockingUnaryCall(ClientCalls.java:139)
	at org.apache.ratis.proto.grpc.RaftServerProtocolServiceGrpc$RaftServerProtocolServiceBlockingStub.requestVote(RaftServerProtocolServiceGrpc.java:265)
	at org.apache.ratis.grpc.server.GrpcServerProtocolClient.requestVote(GrpcServerProtocolClient.java:99)
	at org.apache.ratis.grpc.server.GrpcService.requestVote(GrpcService.java:204)
	at org.apache.ratis.server.impl.LeaderElection.lambda$submitRequests$1(LeaderElection.java:234)
	at java.util.concurrent.FutureTask.run(FutureTask.java:266)
	at java.util.concurrent.Executors$RunnableAdapter.call(Executors.java:511)
	at java.util.concurrent.FutureTask.run(FutureTask.java:266)
	at java.util.concurrent.ThreadPoolExecutor.runWorker(ThreadPoolExecutor.java:1149)
	at java.util.concurrent.ThreadPoolExecutor$Worker.run(ThreadPoolExecutor.java:624)
	... 1 more
Caused by: org.apache.ratis.thirdparty.io.netty.channel.AbstractChannel$AnnotatedConnectException: Connection refused: /192.168.69.118:43370
	at sun.nio.ch.SocketChannelImpl.checkConnect(Native Method)
	at sun.nio.ch.SocketChannelImpl.finishConnect(SocketChannelImpl.java:717)
	at org.apache.ratis.thirdparty.io.netty.channel.socket.nio.NioSocketChannel.doFinishConnect(NioSocketChannel.java:327)
	at org.apache.ratis.thirdparty.io.netty.channel.nio.AbstractNioChannel$AbstractNioUnsafe.finishConnect(AbstractNioChannel.java:340)
	at org.apache.ratis.thirdparty.io.netty.channel.nio.NioEventLoop.processSelectedKey(NioEventLoop.java:632)
	at org.apache.ratis.thirdparty.io.netty.channel.nio.NioEventLoop.processSelectedKeysOptimized(NioEventLoop.java:579)
	at org.apache.ratis.thirdparty.io.netty.channel.nio.NioEventLoop.processSelectedKeys(NioEventLoop.java:496)
	at org.apache.ratis.thirdparty.io.netty.channel.nio.NioEventLoop.run(NioEventLoop.java:458)
	at org.apache.ratis.thirdparty.io.netty.util.concurrent.SingleThreadEventExecutor$5.run(SingleThreadEventExecutor.java:897)
	at org.apache.ratis.thirdparty.io.netty.util.concurrent.FastThreadLocalRunnable.run(FastThreadLocalRunnable.java:30)
	... 1 more
Caused by: java.net.ConnectException: Connection refused
	... 11 more
2019-10-21 23:03:49,381 [7c107f1d-8592-48e3-af71-5982c0af1f56@group-C1C12825AC52-LeaderElection1254] INFO  impl.LeaderElection (LogUtils.java:infoOrTrace(149)) - 7c107f1d-8592-48e3-af71-5982c0af1f56@group-C1C12825AC52-LeaderElection1254 got exception when requesting votes: {}
java.util.concurrent.ExecutionException: org.apache.ratis.thirdparty.io.grpc.StatusRuntimeException: UNAVAILABLE: io exception
	at java.util.concurrent.FutureTask.report(FutureTask.java:122)
	at java.util.concurrent.FutureTask.get(FutureTask.java:192)
	at org.apache.ratis.server.impl.LeaderElection.waitForResults(LeaderElection.java:259)
	at org.apache.ratis.server.impl.LeaderElection.askForVotes(LeaderElection.java:197)
	at org.apache.ratis.server.impl.LeaderElection.run(LeaderElection.java:133)
	at java.lang.Thread.run(Thread.java:748)
Caused by: org.apache.ratis.thirdparty.io.grpc.StatusRuntimeException: UNAVAILABLE: io exception
	at org.apache.ratis.thirdparty.io.grpc.stub.ClientCalls.toStatusRuntimeException(ClientCalls.java:233)
	at org.apache.ratis.thirdparty.io.grpc.stub.ClientCalls.getUnchecked(ClientCalls.java:214)
	at org.apache.ratis.thirdparty.io.grpc.stub.ClientCalls.blockingUnaryCall(ClientCalls.java:139)
	at org.apache.ratis.proto.grpc.RaftServerProtocolServiceGrpc$RaftServerProtocolServiceBlockingStub.requestVote(RaftServerProtocolServiceGrpc.java:265)
	at org.apache.ratis.grpc.server.GrpcServerProtocolClient.requestVote(GrpcServerProtocolClient.java:99)
	at org.apache.ratis.grpc.server.GrpcService.requestVote(GrpcService.java:204)
	at org.apache.ratis.server.impl.LeaderElection.lambda$submitRequests$1(LeaderElection.java:234)
	at java.util.concurrent.FutureTask.run(FutureTask.java:266)
	at java.util.concurrent.Executors$RunnableAdapter.call(Executors.java:511)
	at java.util.concurrent.FutureTask.run(FutureTask.java:266)
	at java.util.concurrent.ThreadPoolExecutor.runWorker(ThreadPoolExecutor.java:1149)
	at java.util.concurrent.ThreadPoolExecutor$Worker.run(ThreadPoolExecutor.java:624)
	... 1 more
Caused by: org.apache.ratis.thirdparty.io.netty.channel.AbstractChannel$AnnotatedConnectException: Connection refused: /192.168.69.118:37568
	at sun.nio.ch.SocketChannelImpl.checkConnect(Native Method)
	at sun.nio.ch.SocketChannelImpl.finishConnect(SocketChannelImpl.java:717)
	at org.apache.ratis.thirdparty.io.netty.channel.socket.nio.NioSocketChannel.doFinishConnect(NioSocketChannel.java:327)
	at org.apache.ratis.thirdparty.io.netty.channel.nio.AbstractNioChannel$AbstractNioUnsafe.finishConnect(AbstractNioChannel.java:340)
	at org.apache.ratis.thirdparty.io.netty.channel.nio.NioEventLoop.processSelectedKey(NioEventLoop.java:632)
	at org.apache.ratis.thirdparty.io.netty.channel.nio.NioEventLoop.processSelectedKeysOptimized(NioEventLoop.java:579)
	at org.apache.ratis.thirdparty.io.netty.channel.nio.NioEventLoop.processSelectedKeys(NioEventLoop.java:496)
	at org.apache.ratis.thirdparty.io.netty.channel.nio.NioEventLoop.run(NioEventLoop.java:458)
	at org.apache.ratis.thirdparty.io.netty.util.concurrent.SingleThreadEventExecutor$5.run(SingleThreadEventExecutor.java:897)
	at org.apache.ratis.thirdparty.io.netty.util.concurrent.FastThreadLocalRunnable.run(FastThreadLocalRunnable.java:30)
	... 1 more
Caused by: java.net.ConnectException: Connection refused
	... 11 more
2019-10-21 23:03:49,381 [7c107f1d-8592-48e3-af71-5982c0af1f56@group-C1C12825AC52-LeaderElection1254] INFO  impl.LeaderElection (LeaderElection.java:logAndReturn(56)) - 7c107f1d-8592-48e3-af71-5982c0af1f56@group-C1C12825AC52-LeaderElection1254: Election REJECTED; received 0 response(s) [] and 2 exception(s); 7c107f1d-8592-48e3-af71-5982c0af1f56@group-C1C12825AC52:t188, leader=null, voted=7c107f1d-8592-48e3-af71-5982c0af1f56, raftlog=7c107f1d-8592-48e3-af71-5982c0af1f56@group-C1C12825AC52-SegmentedRaftLog:OPENED:c-1,f0,i0, conf=0: [1244ca21-2158-4cc7-9e07-ba347e145504:192.168.69.118:43370, 7c107f1d-8592-48e3-af71-5982c0af1f56:192.168.69.118:36514, d10c8639-03b1-4f19-ac0f-6419d7578d59:192.168.69.118:37568], old=null
2019-10-21 23:03:49,381 [7c107f1d-8592-48e3-af71-5982c0af1f56@group-C1C12825AC52-LeaderElection1254] INFO  impl.LeaderElection (LogUtils.java:infoOrTrace(149)) -   Exception 0: {}
java.util.concurrent.ExecutionException: org.apache.ratis.thirdparty.io.grpc.StatusRuntimeException: UNAVAILABLE: io exception
	at java.util.concurrent.FutureTask.report(FutureTask.java:122)
	at java.util.concurrent.FutureTask.get(FutureTask.java:192)
	at org.apache.ratis.server.impl.LeaderElection.waitForResults(LeaderElection.java:259)
	at org.apache.ratis.server.impl.LeaderElection.askForVotes(LeaderElection.java:197)
	at org.apache.ratis.server.impl.LeaderElection.run(LeaderElection.java:133)
	at java.lang.Thread.run(Thread.java:748)
Caused by: org.apache.ratis.thirdparty.io.grpc.StatusRuntimeException: UNAVAILABLE: io exception
	at org.apache.ratis.thirdparty.io.grpc.stub.ClientCalls.toStatusRuntimeException(ClientCalls.java:233)
	at org.apache.ratis.thirdparty.io.grpc.stub.ClientCalls.getUnchecked(ClientCalls.java:214)
	at org.apache.ratis.thirdparty.io.grpc.stub.ClientCalls.blockingUnaryCall(ClientCalls.java:139)
	at org.apache.ratis.proto.grpc.RaftServerProtocolServiceGrpc$RaftServerProtocolServiceBlockingStub.requestVote(RaftServerProtocolServiceGrpc.java:265)
	at org.apache.ratis.grpc.server.GrpcServerProtocolClient.requestVote(GrpcServerProtocolClient.java:99)
	at org.apache.ratis.grpc.server.GrpcService.requestVote(GrpcService.java:204)
	at org.apache.ratis.server.impl.LeaderElection.lambda$submitRequests$1(LeaderElection.java:234)
	at java.util.concurrent.FutureTask.run(FutureTask.java:266)
	at java.util.concurrent.Executors$RunnableAdapter.call(Executors.java:511)
	at java.util.concurrent.FutureTask.run(FutureTask.java:266)
	at java.util.concurrent.ThreadPoolExecutor.runWorker(ThreadPoolExecutor.java:1149)
	at java.util.concurrent.ThreadPoolExecutor$Worker.run(ThreadPoolExecutor.java:624)
	... 1 more
Caused by: org.apache.ratis.thirdparty.io.netty.channel.AbstractChannel$AnnotatedConnectException: Connection refused: /192.168.69.118:43370
	at sun.nio.ch.SocketChannelImpl.checkConnect(Native Method)
	at sun.nio.ch.SocketChannelImpl.finishConnect(SocketChannelImpl.java:717)
	at org.apache.ratis.thirdparty.io.netty.channel.socket.nio.NioSocketChannel.doFinishConnect(NioSocketChannel.java:327)
	at org.apache.ratis.thirdparty.io.netty.channel.nio.AbstractNioChannel$AbstractNioUnsafe.finishConnect(AbstractNioChannel.java:340)
	at org.apache.ratis.thirdparty.io.netty.channel.nio.NioEventLoop.processSelectedKey(NioEventLoop.java:632)
	at org.apache.ratis.thirdparty.io.netty.channel.nio.NioEventLoop.processSelectedKeysOptimized(NioEventLoop.java:579)
	at org.apache.ratis.thirdparty.io.netty.channel.nio.NioEventLoop.processSelectedKeys(NioEventLoop.java:496)
	at org.apache.ratis.thirdparty.io.netty.channel.nio.NioEventLoop.run(NioEventLoop.java:458)
	at org.apache.ratis.thirdparty.io.netty.util.concurrent.SingleThreadEventExecutor$5.run(SingleThreadEventExecutor.java:897)
	at org.apache.ratis.thirdparty.io.netty.util.concurrent.FastThreadLocalRunnable.run(FastThreadLocalRunnable.java:30)
	... 1 more
Caused by: java.net.ConnectException: Connection refused
	... 11 more
2019-10-21 23:03:49,382 [7c107f1d-8592-48e3-af71-5982c0af1f56@group-C1C12825AC52-LeaderElection1254] INFO  impl.LeaderElection (LogUtils.java:infoOrTrace(149)) -   Exception 1: {}
java.util.concurrent.ExecutionException: org.apache.ratis.thirdparty.io.grpc.StatusRuntimeException: UNAVAILABLE: io exception
	at java.util.concurrent.FutureTask.report(FutureTask.java:122)
	at java.util.concurrent.FutureTask.get(FutureTask.java:192)
	at org.apache.ratis.server.impl.LeaderElection.waitForResults(LeaderElection.java:259)
	at org.apache.ratis.server.impl.LeaderElection.askForVotes(LeaderElection.java:197)
	at org.apache.ratis.server.impl.LeaderElection.run(LeaderElection.java:133)
	at java.lang.Thread.run(Thread.java:748)
Caused by: org.apache.ratis.thirdparty.io.grpc.StatusRuntimeException: UNAVAILABLE: io exception
	at org.apache.ratis.thirdparty.io.grpc.stub.ClientCalls.toStatusRuntimeException(ClientCalls.java:233)
	at org.apache.ratis.thirdparty.io.grpc.stub.ClientCalls.getUnchecked(ClientCalls.java:214)
	at org.apache.ratis.thirdparty.io.grpc.stub.ClientCalls.blockingUnaryCall(ClientCalls.java:139)
	at org.apache.ratis.proto.grpc.RaftServerProtocolServiceGrpc$RaftServerProtocolServiceBlockingStub.requestVote(RaftServerProtocolServiceGrpc.java:265)
	at org.apache.ratis.grpc.server.GrpcServerProtocolClient.requestVote(GrpcServerProtocolClient.java:99)
	at org.apache.ratis.grpc.server.GrpcService.requestVote(GrpcService.java:204)
	at org.apache.ratis.server.impl.LeaderElection.lambda$submitRequests$1(LeaderElection.java:234)
	at java.util.concurrent.FutureTask.run(FutureTask.java:266)
	at java.util.concurrent.Executors$RunnableAdapter.call(Executors.java:511)
	at java.util.concurrent.FutureTask.run(FutureTask.java:266)
	at java.util.concurrent.ThreadPoolExecutor.runWorker(ThreadPoolExecutor.java:1149)
	at java.util.concurrent.ThreadPoolExecutor$Worker.run(ThreadPoolExecutor.java:624)
	... 1 more
Caused by: org.apache.ratis.thirdparty.io.netty.channel.AbstractChannel$AnnotatedConnectException: Connection refused: /192.168.69.118:37568
	at sun.nio.ch.SocketChannelImpl.checkConnect(Native Method)
	at sun.nio.ch.SocketChannelImpl.finishConnect(SocketChannelImpl.java:717)
	at org.apache.ratis.thirdparty.io.netty.channel.socket.nio.NioSocketChannel.doFinishConnect(NioSocketChannel.java:327)
	at org.apache.ratis.thirdparty.io.netty.channel.nio.AbstractNioChannel$AbstractNioUnsafe.finishConnect(AbstractNioChannel.java:340)
	at org.apache.ratis.thirdparty.io.netty.channel.nio.NioEventLoop.processSelectedKey(NioEventLoop.java:632)
	at org.apache.ratis.thirdparty.io.netty.channel.nio.NioEventLoop.processSelectedKeysOptimized(NioEventLoop.java:579)
	at org.apache.ratis.thirdparty.io.netty.channel.nio.NioEventLoop.processSelectedKeys(NioEventLoop.java:496)
	at org.apache.ratis.thirdparty.io.netty.channel.nio.NioEventLoop.run(NioEventLoop.java:458)
	at org.apache.ratis.thirdparty.io.netty.util.concurrent.SingleThreadEventExecutor$5.run(SingleThreadEventExecutor.java:897)
	at org.apache.ratis.thirdparty.io.netty.util.concurrent.FastThreadLocalRunnable.run(FastThreadLocalRunnable.java:30)
	... 1 more
Caused by: java.net.ConnectException: Connection refused
	... 11 more
2019-10-21 23:03:49,382 [7c107f1d-8592-48e3-af71-5982c0af1f56@group-C1C12825AC52-LeaderElection1254] INFO  impl.RaftServerImpl (RaftServerImpl.java:setRole(184)) - 7c107f1d-8592-48e3-af71-5982c0af1f56@group-C1C12825AC52: changes role from CANDIDATE to FOLLOWER at term 188 for DISCOVERED_A_NEW_TERM
2019-10-21 23:03:49,382 [7c107f1d-8592-48e3-af71-5982c0af1f56@group-C1C12825AC52-LeaderElection1254] INFO  impl.RoleInfo (RoleInfo.java:shutdownLeaderElection(134)) - 7c107f1d-8592-48e3-af71-5982c0af1f56: shutdown LeaderElection
2019-10-21 23:03:49,382 [7c107f1d-8592-48e3-af71-5982c0af1f56@group-C1C12825AC52-LeaderElection1254] INFO  impl.RoleInfo (RoleInfo.java:updateAndGet(143)) - 7c107f1d-8592-48e3-af71-5982c0af1f56: start FollowerState
2019-10-21 23:03:50,555 [Thread-10779] INFO  impl.FollowerState (FollowerState.java:run(108)) - 7c107f1d-8592-48e3-af71-5982c0af1f56@group-C1C12825AC52-FollowerState: change to CANDIDATE, lastRpcTime:1172ms, electionTimeout:1172ms
2019-10-21 23:03:50,555 [Thread-10779] INFO  impl.RoleInfo (RoleInfo.java:shutdownFollowerState(121)) - 7c107f1d-8592-48e3-af71-5982c0af1f56: shutdown FollowerState
2019-10-21 23:03:50,555 [Thread-10779] INFO  impl.RaftServerImpl (RaftServerImpl.java:setRole(184)) - 7c107f1d-8592-48e3-af71-5982c0af1f56@group-C1C12825AC52: changes role from  FOLLOWER to CANDIDATE at term 188 for changeToCandidate
2019-10-21 23:03:50,555 [Thread-10779] INFO  impl.RoleInfo (RoleInfo.java:updateAndGet(143)) - 7c107f1d-8592-48e3-af71-5982c0af1f56: start LeaderElection
2019-10-21 23:03:50,570 [7c107f1d-8592-48e3-af71-5982c0af1f56@group-C1C12825AC52-LeaderElection1255] INFO  impl.LeaderElection (LeaderElection.java:askForVotes(178)) - 7c107f1d-8592-48e3-af71-5982c0af1f56@group-C1C12825AC52-LeaderElection1255: begin an election at term 189 for 0: [1244ca21-2158-4cc7-9e07-ba347e145504:192.168.69.118:43370, 7c107f1d-8592-48e3-af71-5982c0af1f56:192.168.69.118:36514, d10c8639-03b1-4f19-ac0f-6419d7578d59:192.168.69.118:37568], old=null
2019-10-21 23:03:50,572 [7c107f1d-8592-48e3-af71-5982c0af1f56@group-C1C12825AC52-LeaderElection1255] INFO  impl.LeaderElection (LogUtils.java:infoOrTrace(149)) - 7c107f1d-8592-48e3-af71-5982c0af1f56@group-C1C12825AC52-LeaderElection1255 got exception when requesting votes: {}
java.util.concurrent.ExecutionException: org.apache.ratis.thirdparty.io.grpc.StatusRuntimeException: UNAVAILABLE: io exception
	at java.util.concurrent.FutureTask.report(FutureTask.java:122)
	at java.util.concurrent.FutureTask.get(FutureTask.java:192)
	at org.apache.ratis.server.impl.LeaderElection.waitForResults(LeaderElection.java:259)
	at org.apache.ratis.server.impl.LeaderElection.askForVotes(LeaderElection.java:197)
	at org.apache.ratis.server.impl.LeaderElection.run(LeaderElection.java:133)
	at java.lang.Thread.run(Thread.java:748)
Caused by: org.apache.ratis.thirdparty.io.grpc.StatusRuntimeException: UNAVAILABLE: io exception
	at org.apache.ratis.thirdparty.io.grpc.stub.ClientCalls.toStatusRuntimeException(ClientCalls.java:233)
	at org.apache.ratis.thirdparty.io.grpc.stub.ClientCalls.getUnchecked(ClientCalls.java:214)
	at org.apache.ratis.thirdparty.io.grpc.stub.ClientCalls.blockingUnaryCall(ClientCalls.java:139)
	at org.apache.ratis.proto.grpc.RaftServerProtocolServiceGrpc$RaftServerProtocolServiceBlockingStub.requestVote(RaftServerProtocolServiceGrpc.java:265)
	at org.apache.ratis.grpc.server.GrpcServerProtocolClient.requestVote(GrpcServerProtocolClient.java:99)
	at org.apache.ratis.grpc.server.GrpcService.requestVote(GrpcService.java:204)
	at org.apache.ratis.server.impl.LeaderElection.lambda$submitRequests$1(LeaderElection.java:234)
	at java.util.concurrent.FutureTask.run(FutureTask.java:266)
	at java.util.concurrent.Executors$RunnableAdapter.call(Executors.java:511)
	at java.util.concurrent.FutureTask.run(FutureTask.java:266)
	at java.util.concurrent.ThreadPoolExecutor.runWorker(ThreadPoolExecutor.java:1149)
	at java.util.concurrent.ThreadPoolExecutor$Worker.run(ThreadPoolExecutor.java:624)
	... 1 more
Caused by: org.apache.ratis.thirdparty.io.netty.channel.AbstractChannel$AnnotatedConnectException: Connection refused: /192.168.69.118:43370
	at sun.nio.ch.SocketChannelImpl.checkConnect(Native Method)
	at sun.nio.ch.SocketChannelImpl.finishConnect(SocketChannelImpl.java:717)
	at org.apache.ratis.thirdparty.io.netty.channel.socket.nio.NioSocketChannel.doFinishConnect(NioSocketChannel.java:327)
	at org.apache.ratis.thirdparty.io.netty.channel.nio.AbstractNioChannel$AbstractNioUnsafe.finishConnect(AbstractNioChannel.java:340)
	at org.apache.ratis.thirdparty.io.netty.channel.nio.NioEventLoop.processSelectedKey(NioEventLoop.java:632)
	at org.apache.ratis.thirdparty.io.netty.channel.nio.NioEventLoop.processSelectedKeysOptimized(NioEventLoop.java:579)
	at org.apache.ratis.thirdparty.io.netty.channel.nio.NioEventLoop.processSelectedKeys(NioEventLoop.java:496)
	at org.apache.ratis.thirdparty.io.netty.channel.nio.NioEventLoop.run(NioEventLoop.java:458)
	at org.apache.ratis.thirdparty.io.netty.util.concurrent.SingleThreadEventExecutor$5.run(SingleThreadEventExecutor.java:897)
	at org.apache.ratis.thirdparty.io.netty.util.concurrent.FastThreadLocalRunnable.run(FastThreadLocalRunnable.java:30)
	... 1 more
Caused by: java.net.ConnectException: Connection refused
	... 11 more
2019-10-21 23:03:50,572 [7c107f1d-8592-48e3-af71-5982c0af1f56@group-C1C12825AC52-LeaderElection1255] INFO  impl.LeaderElection (LogUtils.java:infoOrTrace(149)) - 7c107f1d-8592-48e3-af71-5982c0af1f56@group-C1C12825AC52-LeaderElection1255 got exception when requesting votes: {}
java.util.concurrent.ExecutionException: org.apache.ratis.thirdparty.io.grpc.StatusRuntimeException: UNAVAILABLE: io exception
	at java.util.concurrent.FutureTask.report(FutureTask.java:122)
	at java.util.concurrent.FutureTask.get(FutureTask.java:192)
	at org.apache.ratis.server.impl.LeaderElection.waitForResults(LeaderElection.java:259)
	at org.apache.ratis.server.impl.LeaderElection.askForVotes(LeaderElection.java:197)
	at org.apache.ratis.server.impl.LeaderElection.run(LeaderElection.java:133)
	at java.lang.Thread.run(Thread.java:748)
Caused by: org.apache.ratis.thirdparty.io.grpc.StatusRuntimeException: UNAVAILABLE: io exception
	at org.apache.ratis.thirdparty.io.grpc.stub.ClientCalls.toStatusRuntimeException(ClientCalls.java:233)
	at org.apache.ratis.thirdparty.io.grpc.stub.ClientCalls.getUnchecked(ClientCalls.java:214)
	at org.apache.ratis.thirdparty.io.grpc.stub.ClientCalls.blockingUnaryCall(ClientCalls.java:139)
	at org.apache.ratis.proto.grpc.RaftServerProtocolServiceGrpc$RaftServerProtocolServiceBlockingStub.requestVote(RaftServerProtocolServiceGrpc.java:265)
	at org.apache.ratis.grpc.server.GrpcServerProtocolClient.requestVote(GrpcServerProtocolClient.java:99)
	at org.apache.ratis.grpc.server.GrpcService.requestVote(GrpcService.java:204)
	at org.apache.ratis.server.impl.LeaderElection.lambda$submitRequests$1(LeaderElection.java:234)
	at java.util.concurrent.FutureTask.run(FutureTask.java:266)
	at java.util.concurrent.Executors$RunnableAdapter.call(Executors.java:511)
	at java.util.concurrent.FutureTask.run(FutureTask.java:266)
	at java.util.concurrent.ThreadPoolExecutor.runWorker(ThreadPoolExecutor.java:1149)
	at java.util.concurrent.ThreadPoolExecutor$Worker.run(ThreadPoolExecutor.java:624)
	... 1 more
Caused by: org.apache.ratis.thirdparty.io.netty.channel.AbstractChannel$AnnotatedConnectException: Connection refused: /192.168.69.118:37568
	at sun.nio.ch.SocketChannelImpl.checkConnect(Native Method)
	at sun.nio.ch.SocketChannelImpl.finishConnect(SocketChannelImpl.java:717)
	at org.apache.ratis.thirdparty.io.netty.channel.socket.nio.NioSocketChannel.doFinishConnect(NioSocketChannel.java:327)
	at org.apache.ratis.thirdparty.io.netty.channel.nio.AbstractNioChannel$AbstractNioUnsafe.finishConnect(AbstractNioChannel.java:340)
	at org.apache.ratis.thirdparty.io.netty.channel.nio.NioEventLoop.processSelectedKey(NioEventLoop.java:632)
	at org.apache.ratis.thirdparty.io.netty.channel.nio.NioEventLoop.processSelectedKeysOptimized(NioEventLoop.java:579)
	at org.apache.ratis.thirdparty.io.netty.channel.nio.NioEventLoop.processSelectedKeys(NioEventLoop.java:496)
	at org.apache.ratis.thirdparty.io.netty.channel.nio.NioEventLoop.run(NioEventLoop.java:458)
	at org.apache.ratis.thirdparty.io.netty.util.concurrent.SingleThreadEventExecutor$5.run(SingleThreadEventExecutor.java:897)
	at org.apache.ratis.thirdparty.io.netty.util.concurrent.FastThreadLocalRunnable.run(FastThreadLocalRunnable.java:30)
	... 1 more
Caused by: java.net.ConnectException: Connection refused
	... 11 more
2019-10-21 23:03:50,573 [7c107f1d-8592-48e3-af71-5982c0af1f56@group-C1C12825AC52-LeaderElection1255] INFO  impl.LeaderElection (LeaderElection.java:logAndReturn(56)) - 7c107f1d-8592-48e3-af71-5982c0af1f56@group-C1C12825AC52-LeaderElection1255: Election REJECTED; received 0 response(s) [] and 2 exception(s); 7c107f1d-8592-48e3-af71-5982c0af1f56@group-C1C12825AC52:t189, leader=null, voted=7c107f1d-8592-48e3-af71-5982c0af1f56, raftlog=7c107f1d-8592-48e3-af71-5982c0af1f56@group-C1C12825AC52-SegmentedRaftLog:OPENED:c-1,f0,i0, conf=0: [1244ca21-2158-4cc7-9e07-ba347e145504:192.168.69.118:43370, 7c107f1d-8592-48e3-af71-5982c0af1f56:192.168.69.118:36514, d10c8639-03b1-4f19-ac0f-6419d7578d59:192.168.69.118:37568], old=null
2019-10-21 23:03:50,573 [7c107f1d-8592-48e3-af71-5982c0af1f56@group-C1C12825AC52-LeaderElection1255] INFO  impl.LeaderElection (LogUtils.java:infoOrTrace(149)) -   Exception 0: {}
java.util.concurrent.ExecutionException: org.apache.ratis.thirdparty.io.grpc.StatusRuntimeException: UNAVAILABLE: io exception
	at java.util.concurrent.FutureTask.report(FutureTask.java:122)
	at java.util.concurrent.FutureTask.get(FutureTask.java:192)
	at org.apache.ratis.server.impl.LeaderElection.waitForResults(LeaderElection.java:259)
	at org.apache.ratis.server.impl.LeaderElection.askForVotes(LeaderElection.java:197)
	at org.apache.ratis.server.impl.LeaderElection.run(LeaderElection.java:133)
	at java.lang.Thread.run(Thread.java:748)
Caused by: org.apache.ratis.thirdparty.io.grpc.StatusRuntimeException: UNAVAILABLE: io exception
	at org.apache.ratis.thirdparty.io.grpc.stub.ClientCalls.toStatusRuntimeException(ClientCalls.java:233)
	at org.apache.ratis.thirdparty.io.grpc.stub.ClientCalls.getUnchecked(ClientCalls.java:214)
	at org.apache.ratis.thirdparty.io.grpc.stub.ClientCalls.blockingUnaryCall(ClientCalls.java:139)
	at org.apache.ratis.proto.grpc.RaftServerProtocolServiceGrpc$RaftServerProtocolServiceBlockingStub.requestVote(RaftServerProtocolServiceGrpc.java:265)
	at org.apache.ratis.grpc.server.GrpcServerProtocolClient.requestVote(GrpcServerProtocolClient.java:99)
	at org.apache.ratis.grpc.server.GrpcService.requestVote(GrpcService.java:204)
	at org.apache.ratis.server.impl.LeaderElection.lambda$submitRequests$1(LeaderElection.java:234)
	at java.util.concurrent.FutureTask.run(FutureTask.java:266)
	at java.util.concurrent.Executors$RunnableAdapter.call(Executors.java:511)
	at java.util.concurrent.FutureTask.run(FutureTask.java:266)
	at java.util.concurrent.ThreadPoolExecutor.runWorker(ThreadPoolExecutor.java:1149)
	at java.util.concurrent.ThreadPoolExecutor$Worker.run(ThreadPoolExecutor.java:624)
	... 1 more
Caused by: org.apache.ratis.thirdparty.io.netty.channel.AbstractChannel$AnnotatedConnectException: Connection refused: /192.168.69.118:43370
	at sun.nio.ch.SocketChannelImpl.checkConnect(Native Method)
	at sun.nio.ch.SocketChannelImpl.finishConnect(SocketChannelImpl.java:717)
	at org.apache.ratis.thirdparty.io.netty.channel.socket.nio.NioSocketChannel.doFinishConnect(NioSocketChannel.java:327)
	at org.apache.ratis.thirdparty.io.netty.channel.nio.AbstractNioChannel$AbstractNioUnsafe.finishConnect(AbstractNioChannel.java:340)
	at org.apache.ratis.thirdparty.io.netty.channel.nio.NioEventLoop.processSelectedKey(NioEventLoop.java:632)
	at org.apache.ratis.thirdparty.io.netty.channel.nio.NioEventLoop.processSelectedKeysOptimized(NioEventLoop.java:579)
	at org.apache.ratis.thirdparty.io.netty.channel.nio.NioEventLoop.processSelectedKeys(NioEventLoop.java:496)
	at org.apache.ratis.thirdparty.io.netty.channel.nio.NioEventLoop.run(NioEventLoop.java:458)
	at org.apache.ratis.thirdparty.io.netty.util.concurrent.SingleThreadEventExecutor$5.run(SingleThreadEventExecutor.java:897)
	at org.apache.ratis.thirdparty.io.netty.util.concurrent.FastThreadLocalRunnable.run(FastThreadLocalRunnable.java:30)
	... 1 more
Caused by: java.net.ConnectException: Connection refused
	... 11 more
2019-10-21 23:03:50,573 [7c107f1d-8592-48e3-af71-5982c0af1f56@group-C1C12825AC52-LeaderElection1255] INFO  impl.LeaderElection (LogUtils.java:infoOrTrace(149)) -   Exception 1: {}
java.util.concurrent.ExecutionException: org.apache.ratis.thirdparty.io.grpc.StatusRuntimeException: UNAVAILABLE: io exception
	at java.util.concurrent.FutureTask.report(FutureTask.java:122)
	at java.util.concurrent.FutureTask.get(FutureTask.java:192)
	at org.apache.ratis.server.impl.LeaderElection.waitForResults(LeaderElection.java:259)
	at org.apache.ratis.server.impl.LeaderElection.askForVotes(LeaderElection.java:197)
	at org.apache.ratis.server.impl.LeaderElection.run(LeaderElection.java:133)
	at java.lang.Thread.run(Thread.java:748)
Caused by: org.apache.ratis.thirdparty.io.grpc.StatusRuntimeException: UNAVAILABLE: io exception
	at org.apache.ratis.thirdparty.io.grpc.stub.ClientCalls.toStatusRuntimeException(ClientCalls.java:233)
	at org.apache.ratis.thirdparty.io.grpc.stub.ClientCalls.getUnchecked(ClientCalls.java:214)
	at org.apache.ratis.thirdparty.io.grpc.stub.ClientCalls.blockingUnaryCall(ClientCalls.java:139)
	at org.apache.ratis.proto.grpc.RaftServerProtocolServiceGrpc$RaftServerProtocolServiceBlockingStub.requestVote(RaftServerProtocolServiceGrpc.java:265)
	at org.apache.ratis.grpc.server.GrpcServerProtocolClient.requestVote(GrpcServerProtocolClient.java:99)
	at org.apache.ratis.grpc.server.GrpcService.requestVote(GrpcService.java:204)
	at org.apache.ratis.server.impl.LeaderElection.lambda$submitRequests$1(LeaderElection.java:234)
	at java.util.concurrent.FutureTask.run(FutureTask.java:266)
	at java.util.concurrent.Executors$RunnableAdapter.call(Executors.java:511)
	at java.util.concurrent.FutureTask.run(FutureTask.java:266)
	at java.util.concurrent.ThreadPoolExecutor.runWorker(ThreadPoolExecutor.java:1149)
	at java.util.concurrent.ThreadPoolExecutor$Worker.run(ThreadPoolExecutor.java:624)
	... 1 more
Caused by: org.apache.ratis.thirdparty.io.netty.channel.AbstractChannel$AnnotatedConnectException: Connection refused: /192.168.69.118:37568
	at sun.nio.ch.SocketChannelImpl.checkConnect(Native Method)
	at sun.nio.ch.SocketChannelImpl.finishConnect(SocketChannelImpl.java:717)
	at org.apache.ratis.thirdparty.io.netty.channel.socket.nio.NioSocketChannel.doFinishConnect(NioSocketChannel.java:327)
	at org.apache.ratis.thirdparty.io.netty.channel.nio.AbstractNioChannel$AbstractNioUnsafe.finishConnect(AbstractNioChannel.java:340)
	at org.apache.ratis.thirdparty.io.netty.channel.nio.NioEventLoop.processSelectedKey(NioEventLoop.java:632)
	at org.apache.ratis.thirdparty.io.netty.channel.nio.NioEventLoop.processSelectedKeysOptimized(NioEventLoop.java:579)
	at org.apache.ratis.thirdparty.io.netty.channel.nio.NioEventLoop.processSelectedKeys(NioEventLoop.java:496)
	at org.apache.ratis.thirdparty.io.netty.channel.nio.NioEventLoop.run(NioEventLoop.java:458)
	at org.apache.ratis.thirdparty.io.netty.util.concurrent.SingleThreadEventExecutor$5.run(SingleThreadEventExecutor.java:897)
	at org.apache.ratis.thirdparty.io.netty.util.concurrent.FastThreadLocalRunnable.run(FastThreadLocalRunnable.java:30)
	... 1 more
Caused by: java.net.ConnectException: Connection refused
	... 11 more
2019-10-21 23:03:50,574 [7c107f1d-8592-48e3-af71-5982c0af1f56@group-C1C12825AC52-LeaderElection1255] INFO  impl.RaftServerImpl (RaftServerImpl.java:setRole(184)) - 7c107f1d-8592-48e3-af71-5982c0af1f56@group-C1C12825AC52: changes role from CANDIDATE to FOLLOWER at term 189 for DISCOVERED_A_NEW_TERM
2019-10-21 23:03:50,574 [7c107f1d-8592-48e3-af71-5982c0af1f56@group-C1C12825AC52-LeaderElection1255] INFO  impl.RoleInfo (RoleInfo.java:shutdownLeaderElection(134)) - 7c107f1d-8592-48e3-af71-5982c0af1f56: shutdown LeaderElection
2019-10-21 23:03:50,574 [7c107f1d-8592-48e3-af71-5982c0af1f56@group-C1C12825AC52-LeaderElection1255] INFO  impl.RoleInfo (RoleInfo.java:updateAndGet(143)) - 7c107f1d-8592-48e3-af71-5982c0af1f56: start FollowerState
2019-10-21 23:03:50,688 [java.util.concurrent.ThreadPoolExecutor$Worker@6f00d365[State = -1, empty queue]] WARN  server.GrpcLogAppender (GrpcLogAppender.java:timeoutAppendRequest(209)) - 5e72733e-cb8a-4e36-9088-390b573ceccc@group-B21FAD438C36->1ece9cc6-afa0-4e0e-a250-be9279276c08-GrpcLogAppender: appendEntries Timeout, request=5e72733e-cb8a-4e36-9088-390b573ceccc->1ece9cc6-afa0-4e0e-a250-be9279276c08#1-t3, previous=(t:2, i:0), leaderCommit=2, initializing? false, entries: <empty>
2019-10-21 23:03:51,647 [Thread-10785] INFO  impl.FollowerState (FollowerState.java:run(108)) - 7c107f1d-8592-48e3-af71-5982c0af1f56@group-C1C12825AC52-FollowerState: change to CANDIDATE, lastRpcTime:1073ms, electionTimeout:1073ms
2019-10-21 23:03:51,648 [Thread-10785] INFO  impl.RoleInfo (RoleInfo.java:shutdownFollowerState(121)) - 7c107f1d-8592-48e3-af71-5982c0af1f56: shutdown FollowerState
2019-10-21 23:03:51,648 [Thread-10785] INFO  impl.RaftServerImpl (RaftServerImpl.java:setRole(184)) - 7c107f1d-8592-48e3-af71-5982c0af1f56@group-C1C12825AC52: changes role from  FOLLOWER to CANDIDATE at term 189 for changeToCandidate
2019-10-21 23:03:51,648 [Thread-10785] INFO  impl.RoleInfo (RoleInfo.java:updateAndGet(143)) - 7c107f1d-8592-48e3-af71-5982c0af1f56: start LeaderElection
2019-10-21 23:03:51,661 [7c107f1d-8592-48e3-af71-5982c0af1f56@group-C1C12825AC52-LeaderElection1256] INFO  impl.LeaderElection (LeaderElection.java:askForVotes(178)) - 7c107f1d-8592-48e3-af71-5982c0af1f56@group-C1C12825AC52-LeaderElection1256: begin an election at term 190 for 0: [1244ca21-2158-4cc7-9e07-ba347e145504:192.168.69.118:43370, 7c107f1d-8592-48e3-af71-5982c0af1f56:192.168.69.118:36514, d10c8639-03b1-4f19-ac0f-6419d7578d59:192.168.69.118:37568], old=null
2019-10-21 23:03:51,661 [7c107f1d-8592-48e3-af71-5982c0af1f56@group-C1C12825AC52-LeaderElection1256] INFO  impl.LeaderElection (LogUtils.java:infoOrTrace(149)) - 7c107f1d-8592-48e3-af71-5982c0af1f56@group-C1C12825AC52-LeaderElection1256 got exception when requesting votes: {}
java.util.concurrent.ExecutionException: org.apache.ratis.thirdparty.io.grpc.StatusRuntimeException: UNAVAILABLE: io exception
	at java.util.concurrent.FutureTask.report(FutureTask.java:122)
	at java.util.concurrent.FutureTask.get(FutureTask.java:192)
	at org.apache.ratis.server.impl.LeaderElection.waitForResults(LeaderElection.java:259)
	at org.apache.ratis.server.impl.LeaderElection.askForVotes(LeaderElection.java:197)
	at org.apache.ratis.server.impl.LeaderElection.run(LeaderElection.java:133)
	at java.lang.Thread.run(Thread.java:748)
Caused by: org.apache.ratis.thirdparty.io.grpc.StatusRuntimeException: UNAVAILABLE: io exception
	at org.apache.ratis.thirdparty.io.grpc.stub.ClientCalls.toStatusRuntimeException(ClientCalls.java:233)
	at org.apache.ratis.thirdparty.io.grpc.stub.ClientCalls.getUnchecked(ClientCalls.java:214)
	at org.apache.ratis.thirdparty.io.grpc.stub.ClientCalls.blockingUnaryCall(ClientCalls.java:139)
	at org.apache.ratis.proto.grpc.RaftServerProtocolServiceGrpc$RaftServerProtocolServiceBlockingStub.requestVote(RaftServerProtocolServiceGrpc.java:265)
	at org.apache.ratis.grpc.server.GrpcServerProtocolClient.requestVote(GrpcServerProtocolClient.java:99)
	at org.apache.ratis.grpc.server.GrpcService.requestVote(GrpcService.java:204)
	at org.apache.ratis.server.impl.LeaderElection.lambda$submitRequests$1(LeaderElection.java:234)
	at java.util.concurrent.FutureTask.run(FutureTask.java:266)
	at java.util.concurrent.Executors$RunnableAdapter.call(Executors.java:511)
	at java.util.concurrent.FutureTask.run(FutureTask.java:266)
	at java.util.concurrent.ThreadPoolExecutor.runWorker(ThreadPoolExecutor.java:1149)
	at java.util.concurrent.ThreadPoolExecutor$Worker.run(ThreadPoolExecutor.java:624)
	... 1 more
Caused by: org.apache.ratis.thirdparty.io.netty.channel.AbstractChannel$AnnotatedConnectException: Connection refused: /192.168.69.118:43370
	at sun.nio.ch.SocketChannelImpl.checkConnect(Native Method)
	at sun.nio.ch.SocketChannelImpl.finishConnect(SocketChannelImpl.java:717)
	at org.apache.ratis.thirdparty.io.netty.channel.socket.nio.NioSocketChannel.doFinishConnect(NioSocketChannel.java:327)
	at org.apache.ratis.thirdparty.io.netty.channel.nio.AbstractNioChannel$AbstractNioUnsafe.finishConnect(AbstractNioChannel.java:340)
	at org.apache.ratis.thirdparty.io.netty.channel.nio.NioEventLoop.processSelectedKey(NioEventLoop.java:632)
	at org.apache.ratis.thirdparty.io.netty.channel.nio.NioEventLoop.processSelectedKeysOptimized(NioEventLoop.java:579)
	at org.apache.ratis.thirdparty.io.netty.channel.nio.NioEventLoop.processSelectedKeys(NioEventLoop.java:496)
	at org.apache.ratis.thirdparty.io.netty.channel.nio.NioEventLoop.run(NioEventLoop.java:458)
	at org.apache.ratis.thirdparty.io.netty.util.concurrent.SingleThreadEventExecutor$5.run(SingleThreadEventExecutor.java:897)
	at org.apache.ratis.thirdparty.io.netty.util.concurrent.FastThreadLocalRunnable.run(FastThreadLocalRunnable.java:30)
	... 1 more
Caused by: java.net.ConnectException: Connection refused
	... 11 more
2019-10-21 23:03:51,662 [7c107f1d-8592-48e3-af71-5982c0af1f56@group-C1C12825AC52-LeaderElection1256] INFO  impl.LeaderElection (LogUtils.java:infoOrTrace(149)) - 7c107f1d-8592-48e3-af71-5982c0af1f56@group-C1C12825AC52-LeaderElection1256 got exception when requesting votes: {}
java.util.concurrent.ExecutionException: org.apache.ratis.thirdparty.io.grpc.StatusRuntimeException: UNAVAILABLE: io exception
	at java.util.concurrent.FutureTask.report(FutureTask.java:122)
	at java.util.concurrent.FutureTask.get(FutureTask.java:192)
	at org.apache.ratis.server.impl.LeaderElection.waitForResults(LeaderElection.java:259)
	at org.apache.ratis.server.impl.LeaderElection.askForVotes(LeaderElection.java:197)
	at org.apache.ratis.server.impl.LeaderElection.run(LeaderElection.java:133)
	at java.lang.Thread.run(Thread.java:748)
Caused by: org.apache.ratis.thirdparty.io.grpc.StatusRuntimeException: UNAVAILABLE: io exception
	at org.apache.ratis.thirdparty.io.grpc.stub.ClientCalls.toStatusRuntimeException(ClientCalls.java:233)
	at org.apache.ratis.thirdparty.io.grpc.stub.ClientCalls.getUnchecked(ClientCalls.java:214)
	at org.apache.ratis.thirdparty.io.grpc.stub.ClientCalls.blockingUnaryCall(ClientCalls.java:139)
	at org.apache.ratis.proto.grpc.RaftServerProtocolServiceGrpc$RaftServerProtocolServiceBlockingStub.requestVote(RaftServerProtocolServiceGrpc.java:265)
	at org.apache.ratis.grpc.server.GrpcServerProtocolClient.requestVote(GrpcServerProtocolClient.java:99)
	at org.apache.ratis.grpc.server.GrpcService.requestVote(GrpcService.java:204)
	at org.apache.ratis.server.impl.LeaderElection.lambda$submitRequests$1(LeaderElection.java:234)
	at java.util.concurrent.FutureTask.run(FutureTask.java:266)
	at java.util.concurrent.Executors$RunnableAdapter.call(Executors.java:511)
	at java.util.concurrent.FutureTask.run(FutureTask.java:266)
	at java.util.concurrent.ThreadPoolExecutor.runWorker(ThreadPoolExecutor.java:1149)
	at java.util.concurrent.ThreadPoolExecutor$Worker.run(ThreadPoolExecutor.java:624)
	... 1 more
Caused by: org.apache.ratis.thirdparty.io.netty.channel.AbstractChannel$AnnotatedConnectException: Connection refused: /192.168.69.118:37568
	at sun.nio.ch.SocketChannelImpl.checkConnect(Native Method)
	at sun.nio.ch.SocketChannelImpl.finishConnect(SocketChannelImpl.java:717)
	at org.apache.ratis.thirdparty.io.netty.channel.socket.nio.NioSocketChannel.doFinishConnect(NioSocketChannel.java:327)
	at org.apache.ratis.thirdparty.io.netty.channel.nio.AbstractNioChannel$AbstractNioUnsafe.finishConnect(AbstractNioChannel.java:340)
	at org.apache.ratis.thirdparty.io.netty.channel.nio.NioEventLoop.processSelectedKey(NioEventLoop.java:632)
	at org.apache.ratis.thirdparty.io.netty.channel.nio.NioEventLoop.processSelectedKeysOptimized(NioEventLoop.java:579)
	at org.apache.ratis.thirdparty.io.netty.channel.nio.NioEventLoop.processSelectedKeys(NioEventLoop.java:496)
	at org.apache.ratis.thirdparty.io.netty.channel.nio.NioEventLoop.run(NioEventLoop.java:458)
	at org.apache.ratis.thirdparty.io.netty.util.concurrent.SingleThreadEventExecutor$5.run(SingleThreadEventExecutor.java:897)
	at org.apache.ratis.thirdparty.io.netty.util.concurrent.FastThreadLocalRunnable.run(FastThreadLocalRunnable.java:30)
	... 1 more
Caused by: java.net.ConnectException: Connection refused
	... 11 more
2019-10-21 23:03:51,662 [7c107f1d-8592-48e3-af71-5982c0af1f56@group-C1C12825AC52-LeaderElection1256] INFO  impl.LeaderElection (LeaderElection.java:logAndReturn(56)) - 7c107f1d-8592-48e3-af71-5982c0af1f56@group-C1C12825AC52-LeaderElection1256: Election REJECTED; received 0 response(s) [] and 2 exception(s); 7c107f1d-8592-48e3-af71-5982c0af1f56@group-C1C12825AC52:t190, leader=null, voted=7c107f1d-8592-48e3-af71-5982c0af1f56, raftlog=7c107f1d-8592-48e3-af71-5982c0af1f56@group-C1C12825AC52-SegmentedRaftLog:OPENED:c-1,f0,i0, conf=0: [1244ca21-2158-4cc7-9e07-ba347e145504:192.168.69.118:43370, 7c107f1d-8592-48e3-af71-5982c0af1f56:192.168.69.118:36514, d10c8639-03b1-4f19-ac0f-6419d7578d59:192.168.69.118:37568], old=null
2019-10-21 23:03:51,662 [7c107f1d-8592-48e3-af71-5982c0af1f56@group-C1C12825AC52-LeaderElection1256] INFO  impl.LeaderElection (LogUtils.java:infoOrTrace(149)) -   Exception 0: {}
java.util.concurrent.ExecutionException: org.apache.ratis.thirdparty.io.grpc.StatusRuntimeException: UNAVAILABLE: io exception
	at java.util.concurrent.FutureTask.report(FutureTask.java:122)
	at java.util.concurrent.FutureTask.get(FutureTask.java:192)
	at org.apache.ratis.server.impl.LeaderElection.waitForResults(LeaderElection.java:259)
	at org.apache.ratis.server.impl.LeaderElection.askForVotes(LeaderElection.java:197)
	at org.apache.ratis.server.impl.LeaderElection.run(LeaderElection.java:133)
	at java.lang.Thread.run(Thread.java:748)
Caused by: org.apache.ratis.thirdparty.io.grpc.StatusRuntimeException: UNAVAILABLE: io exception
	at org.apache.ratis.thirdparty.io.grpc.stub.ClientCalls.toStatusRuntimeException(ClientCalls.java:233)
	at org.apache.ratis.thirdparty.io.grpc.stub.ClientCalls.getUnchecked(ClientCalls.java:214)
	at org.apache.ratis.thirdparty.io.grpc.stub.ClientCalls.blockingUnaryCall(ClientCalls.java:139)
	at org.apache.ratis.proto.grpc.RaftServerProtocolServiceGrpc$RaftServerProtocolServiceBlockingStub.requestVote(RaftServerProtocolServiceGrpc.java:265)
	at org.apache.ratis.grpc.server.GrpcServerProtocolClient.requestVote(GrpcServerProtocolClient.java:99)
	at org.apache.ratis.grpc.server.GrpcService.requestVote(GrpcService.java:204)
	at org.apache.ratis.server.impl.LeaderElection.lambda$submitRequests$1(LeaderElection.java:234)
	at java.util.concurrent.FutureTask.run(FutureTask.java:266)
	at java.util.concurrent.Executors$RunnableAdapter.call(Executors.java:511)
	at java.util.concurrent.FutureTask.run(FutureTask.java:266)
	at java.util.concurrent.ThreadPoolExecutor.runWorker(ThreadPoolExecutor.java:1149)
	at java.util.concurrent.ThreadPoolExecutor$Worker.run(ThreadPoolExecutor.java:624)
	... 1 more
Caused by: org.apache.ratis.thirdparty.io.netty.channel.AbstractChannel$AnnotatedConnectException: Connection refused: /192.168.69.118:43370
	at sun.nio.ch.SocketChannelImpl.checkConnect(Native Method)
	at sun.nio.ch.SocketChannelImpl.finishConnect(SocketChannelImpl.java:717)
	at org.apache.ratis.thirdparty.io.netty.channel.socket.nio.NioSocketChannel.doFinishConnect(NioSocketChannel.java:327)
	at org.apache.ratis.thirdparty.io.netty.channel.nio.AbstractNioChannel$AbstractNioUnsafe.finishConnect(AbstractNioChannel.java:340)
	at org.apache.ratis.thirdparty.io.netty.channel.nio.NioEventLoop.processSelectedKey(NioEventLoop.java:632)
	at org.apache.ratis.thirdparty.io.netty.channel.nio.NioEventLoop.processSelectedKeysOptimized(NioEventLoop.java:579)
	at org.apache.ratis.thirdparty.io.netty.channel.nio.NioEventLoop.processSelectedKeys(NioEventLoop.java:496)
	at org.apache.ratis.thirdparty.io.netty.channel.nio.NioEventLoop.run(NioEventLoop.java:458)
	at org.apache.ratis.thirdparty.io.netty.util.concurrent.SingleThreadEventExecutor$5.run(SingleThreadEventExecutor.java:897)
	at org.apache.ratis.thirdparty.io.netty.util.concurrent.FastThreadLocalRunnable.run(FastThreadLocalRunnable.java:30)
	... 1 more
Caused by: java.net.ConnectException: Connection refused
	... 11 more
2019-10-21 23:03:51,662 [7c107f1d-8592-48e3-af71-5982c0af1f56@group-C1C12825AC52-LeaderElection1256] INFO  impl.LeaderElection (LogUtils.java:infoOrTrace(149)) -   Exception 1: {}
java.util.concurrent.ExecutionException: org.apache.ratis.thirdparty.io.grpc.StatusRuntimeException: UNAVAILABLE: io exception
	at java.util.concurrent.FutureTask.report(FutureTask.java:122)
	at java.util.concurrent.FutureTask.get(FutureTask.java:192)
	at org.apache.ratis.server.impl.LeaderElection.waitForResults(LeaderElection.java:259)
	at org.apache.ratis.server.impl.LeaderElection.askForVotes(LeaderElection.java:197)
	at org.apache.ratis.server.impl.LeaderElection.run(LeaderElection.java:133)
	at java.lang.Thread.run(Thread.java:748)
Caused by: org.apache.ratis.thirdparty.io.grpc.StatusRuntimeException: UNAVAILABLE: io exception
	at org.apache.ratis.thirdparty.io.grpc.stub.ClientCalls.toStatusRuntimeException(ClientCalls.java:233)
	at org.apache.ratis.thirdparty.io.grpc.stub.ClientCalls.getUnchecked(ClientCalls.java:214)
	at org.apache.ratis.thirdparty.io.grpc.stub.ClientCalls.blockingUnaryCall(ClientCalls.java:139)
	at org.apache.ratis.proto.grpc.RaftServerProtocolServiceGrpc$RaftServerProtocolServiceBlockingStub.requestVote(RaftServerProtocolServiceGrpc.java:265)
	at org.apache.ratis.grpc.server.GrpcServerProtocolClient.requestVote(GrpcServerProtocolClient.java:99)
	at org.apache.ratis.grpc.server.GrpcService.requestVote(GrpcService.java:204)
	at org.apache.ratis.server.impl.LeaderElection.lambda$submitRequests$1(LeaderElection.java:234)
	at java.util.concurrent.FutureTask.run(FutureTask.java:266)
	at java.util.concurrent.Executors$RunnableAdapter.call(Executors.java:511)
	at java.util.concurrent.FutureTask.run(FutureTask.java:266)
	at java.util.concurrent.ThreadPoolExecutor.runWorker(ThreadPoolExecutor.java:1149)
	at java.util.concurrent.ThreadPoolExecutor$Worker.run(ThreadPoolExecutor.java:624)
	... 1 more
Caused by: org.apache.ratis.thirdparty.io.netty.channel.AbstractChannel$AnnotatedConnectException: Connection refused: /192.168.69.118:37568
	at sun.nio.ch.SocketChannelImpl.checkConnect(Native Method)
	at sun.nio.ch.SocketChannelImpl.finishConnect(SocketChannelImpl.java:717)
	at org.apache.ratis.thirdparty.io.netty.channel.socket.nio.NioSocketChannel.doFinishConnect(NioSocketChannel.java:327)
	at org.apache.ratis.thirdparty.io.netty.channel.nio.AbstractNioChannel$AbstractNioUnsafe.finishConnect(AbstractNioChannel.java:340)
	at org.apache.ratis.thirdparty.io.netty.channel.nio.NioEventLoop.processSelectedKey(NioEventLoop.java:632)
	at org.apache.ratis.thirdparty.io.netty.channel.nio.NioEventLoop.processSelectedKeysOptimized(NioEventLoop.java:579)
	at org.apache.ratis.thirdparty.io.netty.channel.nio.NioEventLoop.processSelectedKeys(NioEventLoop.java:496)
	at org.apache.ratis.thirdparty.io.netty.channel.nio.NioEventLoop.run(NioEventLoop.java:458)
	at org.apache.ratis.thirdparty.io.netty.util.concurrent.SingleThreadEventExecutor$5.run(SingleThreadEventExecutor.java:897)
	at org.apache.ratis.thirdparty.io.netty.util.concurrent.FastThreadLocalRunnable.run(FastThreadLocalRunnable.java:30)
	... 1 more
Caused by: java.net.ConnectException: Connection refused
	... 11 more
2019-10-21 23:03:51,662 [7c107f1d-8592-48e3-af71-5982c0af1f56@group-C1C12825AC52-LeaderElection1256] INFO  impl.RaftServerImpl (RaftServerImpl.java:setRole(184)) - 7c107f1d-8592-48e3-af71-5982c0af1f56@group-C1C12825AC52: changes role from CANDIDATE to FOLLOWER at term 190 for DISCOVERED_A_NEW_TERM
2019-10-21 23:03:51,662 [7c107f1d-8592-48e3-af71-5982c0af1f56@group-C1C12825AC52-LeaderElection1256] INFO  impl.RoleInfo (RoleInfo.java:shutdownLeaderElection(134)) - 7c107f1d-8592-48e3-af71-5982c0af1f56: shutdown LeaderElection
2019-10-21 23:03:51,662 [7c107f1d-8592-48e3-af71-5982c0af1f56@group-C1C12825AC52-LeaderElection1256] INFO  impl.RoleInfo (RoleInfo.java:updateAndGet(143)) - 7c107f1d-8592-48e3-af71-5982c0af1f56: start FollowerState
2019-10-21 23:03:52,800 [Thread-10791] INFO  impl.FollowerState (FollowerState.java:run(108)) - 7c107f1d-8592-48e3-af71-5982c0af1f56@group-C1C12825AC52-FollowerState: change to CANDIDATE, lastRpcTime:1137ms, electionTimeout:1137ms
2019-10-21 23:03:52,800 [Thread-10791] INFO  impl.RoleInfo (RoleInfo.java:shutdownFollowerState(121)) - 7c107f1d-8592-48e3-af71-5982c0af1f56: shutdown FollowerState
2019-10-21 23:03:52,800 [Thread-10791] INFO  impl.RaftServerImpl (RaftServerImpl.java:setRole(184)) - 7c107f1d-8592-48e3-af71-5982c0af1f56@group-C1C12825AC52: changes role from  FOLLOWER to CANDIDATE at term 190 for changeToCandidate
2019-10-21 23:03:52,800 [Thread-10791] INFO  impl.RoleInfo (RoleInfo.java:updateAndGet(143)) - 7c107f1d-8592-48e3-af71-5982c0af1f56: start LeaderElection
2019-10-21 23:03:52,805 [7c107f1d-8592-48e3-af71-5982c0af1f56@group-C1C12825AC52-LeaderElection1257] INFO  impl.LeaderElection (LeaderElection.java:askForVotes(178)) - 7c107f1d-8592-48e3-af71-5982c0af1f56@group-C1C12825AC52-LeaderElection1257: begin an election at term 191 for 0: [1244ca21-2158-4cc7-9e07-ba347e145504:192.168.69.118:43370, 7c107f1d-8592-48e3-af71-5982c0af1f56:192.168.69.118:36514, d10c8639-03b1-4f19-ac0f-6419d7578d59:192.168.69.118:37568], old=null
2019-10-21 23:03:52,805 [7c107f1d-8592-48e3-af71-5982c0af1f56@group-C1C12825AC52-LeaderElection1257] INFO  impl.LeaderElection (LogUtils.java:infoOrTrace(149)) - 7c107f1d-8592-48e3-af71-5982c0af1f56@group-C1C12825AC52-LeaderElection1257 got exception when requesting votes: {}
java.util.concurrent.ExecutionException: org.apache.ratis.thirdparty.io.grpc.StatusRuntimeException: UNAVAILABLE: io exception
	at java.util.concurrent.FutureTask.report(FutureTask.java:122)
	at java.util.concurrent.FutureTask.get(FutureTask.java:192)
	at org.apache.ratis.server.impl.LeaderElection.waitForResults(LeaderElection.java:259)
	at org.apache.ratis.server.impl.LeaderElection.askForVotes(LeaderElection.java:197)
	at org.apache.ratis.server.impl.LeaderElection.run(LeaderElection.java:133)
	at java.lang.Thread.run(Thread.java:748)
Caused by: org.apache.ratis.thirdparty.io.grpc.StatusRuntimeException: UNAVAILABLE: io exception
	at org.apache.ratis.thirdparty.io.grpc.stub.ClientCalls.toStatusRuntimeException(ClientCalls.java:233)
	at org.apache.ratis.thirdparty.io.grpc.stub.ClientCalls.getUnchecked(ClientCalls.java:214)
	at org.apache.ratis.thirdparty.io.grpc.stub.ClientCalls.blockingUnaryCall(ClientCalls.java:139)
	at org.apache.ratis.proto.grpc.RaftServerProtocolServiceGrpc$RaftServerProtocolServiceBlockingStub.requestVote(RaftServerProtocolServiceGrpc.java:265)
	at org.apache.ratis.grpc.server.GrpcServerProtocolClient.requestVote(GrpcServerProtocolClient.java:99)
	at org.apache.ratis.grpc.server.GrpcService.requestVote(GrpcService.java:204)
	at org.apache.ratis.server.impl.LeaderElection.lambda$submitRequests$1(LeaderElection.java:234)
	at java.util.concurrent.FutureTask.run(FutureTask.java:266)
	at java.util.concurrent.Executors$RunnableAdapter.call(Executors.java:511)
	at java.util.concurrent.FutureTask.run(FutureTask.java:266)
	at java.util.concurrent.ThreadPoolExecutor.runWorker(ThreadPoolExecutor.java:1149)
	at java.util.concurrent.ThreadPoolExecutor$Worker.run(ThreadPoolExecutor.java:624)
	... 1 more
Caused by: org.apache.ratis.thirdparty.io.netty.channel.AbstractChannel$AnnotatedConnectException: Connection refused: /192.168.69.118:43370
	at sun.nio.ch.SocketChannelImpl.checkConnect(Native Method)
	at sun.nio.ch.SocketChannelImpl.finishConnect(SocketChannelImpl.java:717)
	at org.apache.ratis.thirdparty.io.netty.channel.socket.nio.NioSocketChannel.doFinishConnect(NioSocketChannel.java:327)
	at org.apache.ratis.thirdparty.io.netty.channel.nio.AbstractNioChannel$AbstractNioUnsafe.finishConnect(AbstractNioChannel.java:340)
	at org.apache.ratis.thirdparty.io.netty.channel.nio.NioEventLoop.processSelectedKey(NioEventLoop.java:632)
	at org.apache.ratis.thirdparty.io.netty.channel.nio.NioEventLoop.processSelectedKeysOptimized(NioEventLoop.java:579)
	at org.apache.ratis.thirdparty.io.netty.channel.nio.NioEventLoop.processSelectedKeys(NioEventLoop.java:496)
	at org.apache.ratis.thirdparty.io.netty.channel.nio.NioEventLoop.run(NioEventLoop.java:458)
	at org.apache.ratis.thirdparty.io.netty.util.concurrent.SingleThreadEventExecutor$5.run(SingleThreadEventExecutor.java:897)
	at org.apache.ratis.thirdparty.io.netty.util.concurrent.FastThreadLocalRunnable.run(FastThreadLocalRunnable.java:30)
	... 1 more
Caused by: java.net.ConnectException: Connection refused
	... 11 more
2019-10-21 23:03:52,806 [7c107f1d-8592-48e3-af71-5982c0af1f56@group-C1C12825AC52-LeaderElection1257] INFO  impl.LeaderElection (LogUtils.java:infoOrTrace(149)) - 7c107f1d-8592-48e3-af71-5982c0af1f56@group-C1C12825AC52-LeaderElection1257 got exception when requesting votes: {}
java.util.concurrent.ExecutionException: org.apache.ratis.thirdparty.io.grpc.StatusRuntimeException: UNAVAILABLE: io exception
	at java.util.concurrent.FutureTask.report(FutureTask.java:122)
	at java.util.concurrent.FutureTask.get(FutureTask.java:192)
	at org.apache.ratis.server.impl.LeaderElection.waitForResults(LeaderElection.java:259)
	at org.apache.ratis.server.impl.LeaderElection.askForVotes(LeaderElection.java:197)
	at org.apache.ratis.server.impl.LeaderElection.run(LeaderElection.java:133)
	at java.lang.Thread.run(Thread.java:748)
Caused by: org.apache.ratis.thirdparty.io.grpc.StatusRuntimeException: UNAVAILABLE: io exception
	at org.apache.ratis.thirdparty.io.grpc.stub.ClientCalls.toStatusRuntimeException(ClientCalls.java:233)
	at org.apache.ratis.thirdparty.io.grpc.stub.ClientCalls.getUnchecked(ClientCalls.java:214)
	at org.apache.ratis.thirdparty.io.grpc.stub.ClientCalls.blockingUnaryCall(ClientCalls.java:139)
	at org.apache.ratis.proto.grpc.RaftServerProtocolServiceGrpc$RaftServerProtocolServiceBlockingStub.requestVote(RaftServerProtocolServiceGrpc.java:265)
	at org.apache.ratis.grpc.server.GrpcServerProtocolClient.requestVote(GrpcServerProtocolClient.java:99)
	at org.apache.ratis.grpc.server.GrpcService.requestVote(GrpcService.java:204)
	at org.apache.ratis.server.impl.LeaderElection.lambda$submitRequests$1(LeaderElection.java:234)
	at java.util.concurrent.FutureTask.run(FutureTask.java:266)
	at java.util.concurrent.Executors$RunnableAdapter.call(Executors.java:511)
	at java.util.concurrent.FutureTask.run(FutureTask.java:266)
	at java.util.concurrent.ThreadPoolExecutor.runWorker(ThreadPoolExecutor.java:1149)
	at java.util.concurrent.ThreadPoolExecutor$Worker.run(ThreadPoolExecutor.java:624)
	... 1 more
Caused by: org.apache.ratis.thirdparty.io.netty.channel.AbstractChannel$AnnotatedConnectException: Connection refused: /192.168.69.118:37568
	at sun.nio.ch.SocketChannelImpl.checkConnect(Native Method)
	at sun.nio.ch.SocketChannelImpl.finishConnect(SocketChannelImpl.java:717)
	at org.apache.ratis.thirdparty.io.netty.channel.socket.nio.NioSocketChannel.doFinishConnect(NioSocketChannel.java:327)
	at org.apache.ratis.thirdparty.io.netty.channel.nio.AbstractNioChannel$AbstractNioUnsafe.finishConnect(AbstractNioChannel.java:340)
	at org.apache.ratis.thirdparty.io.netty.channel.nio.NioEventLoop.processSelectedKey(NioEventLoop.java:632)
	at org.apache.ratis.thirdparty.io.netty.channel.nio.NioEventLoop.processSelectedKeysOptimized(NioEventLoop.java:579)
	at org.apache.ratis.thirdparty.io.netty.channel.nio.NioEventLoop.processSelectedKeys(NioEventLoop.java:496)
	at org.apache.ratis.thirdparty.io.netty.channel.nio.NioEventLoop.run(NioEventLoop.java:458)
	at org.apache.ratis.thirdparty.io.netty.util.concurrent.SingleThreadEventExecutor$5.run(SingleThreadEventExecutor.java:897)
	at org.apache.ratis.thirdparty.io.netty.util.concurrent.FastThreadLocalRunnable.run(FastThreadLocalRunnable.java:30)
	... 1 more
Caused by: java.net.ConnectException: Connection refused
	... 11 more
2019-10-21 23:03:52,806 [7c107f1d-8592-48e3-af71-5982c0af1f56@group-C1C12825AC52-LeaderElection1257] INFO  impl.LeaderElection (LeaderElection.java:logAndReturn(56)) - 7c107f1d-8592-48e3-af71-5982c0af1f56@group-C1C12825AC52-LeaderElection1257: Election REJECTED; received 0 response(s) [] and 2 exception(s); 7c107f1d-8592-48e3-af71-5982c0af1f56@group-C1C12825AC52:t191, leader=null, voted=7c107f1d-8592-48e3-af71-5982c0af1f56, raftlog=7c107f1d-8592-48e3-af71-5982c0af1f56@group-C1C12825AC52-SegmentedRaftLog:OPENED:c-1,f0,i0, conf=0: [1244ca21-2158-4cc7-9e07-ba347e145504:192.168.69.118:43370, 7c107f1d-8592-48e3-af71-5982c0af1f56:192.168.69.118:36514, d10c8639-03b1-4f19-ac0f-6419d7578d59:192.168.69.118:37568], old=null
2019-10-21 23:03:52,806 [7c107f1d-8592-48e3-af71-5982c0af1f56@group-C1C12825AC52-LeaderElection1257] INFO  impl.LeaderElection (LogUtils.java:infoOrTrace(149)) -   Exception 0: {}
java.util.concurrent.ExecutionException: org.apache.ratis.thirdparty.io.grpc.StatusRuntimeException: UNAVAILABLE: io exception
	at java.util.concurrent.FutureTask.report(FutureTask.java:122)
	at java.util.concurrent.FutureTask.get(FutureTask.java:192)
	at org.apache.ratis.server.impl.LeaderElection.waitForResults(LeaderElection.java:259)
	at org.apache.ratis.server.impl.LeaderElection.askForVotes(LeaderElection.java:197)
	at org.apache.ratis.server.impl.LeaderElection.run(LeaderElection.java:133)
	at java.lang.Thread.run(Thread.java:748)
Caused by: org.apache.ratis.thirdparty.io.grpc.StatusRuntimeException: UNAVAILABLE: io exception
	at org.apache.ratis.thirdparty.io.grpc.stub.ClientCalls.toStatusRuntimeException(ClientCalls.java:233)
	at org.apache.ratis.thirdparty.io.grpc.stub.ClientCalls.getUnchecked(ClientCalls.java:214)
	at org.apache.ratis.thirdparty.io.grpc.stub.ClientCalls.blockingUnaryCall(ClientCalls.java:139)
	at org.apache.ratis.proto.grpc.RaftServerProtocolServiceGrpc$RaftServerProtocolServiceBlockingStub.requestVote(RaftServerProtocolServiceGrpc.java:265)
	at org.apache.ratis.grpc.server.GrpcServerProtocolClient.requestVote(GrpcServerProtocolClient.java:99)
	at org.apache.ratis.grpc.server.GrpcService.requestVote(GrpcService.java:204)
	at org.apache.ratis.server.impl.LeaderElection.lambda$submitRequests$1(LeaderElection.java:234)
	at java.util.concurrent.FutureTask.run(FutureTask.java:266)
	at java.util.concurrent.Executors$RunnableAdapter.call(Executors.java:511)
	at java.util.concurrent.FutureTask.run(FutureTask.java:266)
	at java.util.concurrent.ThreadPoolExecutor.runWorker(ThreadPoolExecutor.java:1149)
	at java.util.concurrent.ThreadPoolExecutor$Worker.run(ThreadPoolExecutor.java:624)
	... 1 more
Caused by: org.apache.ratis.thirdparty.io.netty.channel.AbstractChannel$AnnotatedConnectException: Connection refused: /192.168.69.118:43370
	at sun.nio.ch.SocketChannelImpl.checkConnect(Native Method)
	at sun.nio.ch.SocketChannelImpl.finishConnect(SocketChannelImpl.java:717)
	at org.apache.ratis.thirdparty.io.netty.channel.socket.nio.NioSocketChannel.doFinishConnect(NioSocketChannel.java:327)
	at org.apache.ratis.thirdparty.io.netty.channel.nio.AbstractNioChannel$AbstractNioUnsafe.finishConnect(AbstractNioChannel.java:340)
	at org.apache.ratis.thirdparty.io.netty.channel.nio.NioEventLoop.processSelectedKey(NioEventLoop.java:632)
	at org.apache.ratis.thirdparty.io.netty.channel.nio.NioEventLoop.processSelectedKeysOptimized(NioEventLoop.java:579)
	at org.apache.ratis.thirdparty.io.netty.channel.nio.NioEventLoop.processSelectedKeys(NioEventLoop.java:496)
	at org.apache.ratis.thirdparty.io.netty.channel.nio.NioEventLoop.run(NioEventLoop.java:458)
	at org.apache.ratis.thirdparty.io.netty.util.concurrent.SingleThreadEventExecutor$5.run(SingleThreadEventExecutor.java:897)
	at org.apache.ratis.thirdparty.io.netty.util.concurrent.FastThreadLocalRunnable.run(FastThreadLocalRunnable.java:30)
	... 1 more
Caused by: java.net.ConnectException: Connection refused
	... 11 more
2019-10-21 23:03:52,806 [7c107f1d-8592-48e3-af71-5982c0af1f56@group-C1C12825AC52-LeaderElection1257] INFO  impl.LeaderElection (LogUtils.java:infoOrTrace(149)) -   Exception 1: {}
java.util.concurrent.ExecutionException: org.apache.ratis.thirdparty.io.grpc.StatusRuntimeException: UNAVAILABLE: io exception
	at java.util.concurrent.FutureTask.report(FutureTask.java:122)
	at java.util.concurrent.FutureTask.get(FutureTask.java:192)
	at org.apache.ratis.server.impl.LeaderElection.waitForResults(LeaderElection.java:259)
	at org.apache.ratis.server.impl.LeaderElection.askForVotes(LeaderElection.java:197)
	at org.apache.ratis.server.impl.LeaderElection.run(LeaderElection.java:133)
	at java.lang.Thread.run(Thread.java:748)
Caused by: org.apache.ratis.thirdparty.io.grpc.StatusRuntimeException: UNAVAILABLE: io exception
	at org.apache.ratis.thirdparty.io.grpc.stub.ClientCalls.toStatusRuntimeException(ClientCalls.java:233)
	at org.apache.ratis.thirdparty.io.grpc.stub.ClientCalls.getUnchecked(ClientCalls.java:214)
	at org.apache.ratis.thirdparty.io.grpc.stub.ClientCalls.blockingUnaryCall(ClientCalls.java:139)
	at org.apache.ratis.proto.grpc.RaftServerProtocolServiceGrpc$RaftServerProtocolServiceBlockingStub.requestVote(RaftServerProtocolServiceGrpc.java:265)
	at org.apache.ratis.grpc.server.GrpcServerProtocolClient.requestVote(GrpcServerProtocolClient.java:99)
	at org.apache.ratis.grpc.server.GrpcService.requestVote(GrpcService.java:204)
	at org.apache.ratis.server.impl.LeaderElection.lambda$submitRequests$1(LeaderElection.java:234)
	at java.util.concurrent.FutureTask.run(FutureTask.java:266)
	at java.util.concurrent.Executors$RunnableAdapter.call(Executors.java:511)
	at java.util.concurrent.FutureTask.run(FutureTask.java:266)
	at java.util.concurrent.ThreadPoolExecutor.runWorker(ThreadPoolExecutor.java:1149)
	at java.util.concurrent.ThreadPoolExecutor$Worker.run(ThreadPoolExecutor.java:624)
	... 1 more
Caused by: org.apache.ratis.thirdparty.io.netty.channel.AbstractChannel$AnnotatedConnectException: Connection refused: /192.168.69.118:37568
	at sun.nio.ch.SocketChannelImpl.checkConnect(Native Method)
	at sun.nio.ch.SocketChannelImpl.finishConnect(SocketChannelImpl.java:717)
	at org.apache.ratis.thirdparty.io.netty.channel.socket.nio.NioSocketChannel.doFinishConnect(NioSocketChannel.java:327)
	at org.apache.ratis.thirdparty.io.netty.channel.nio.AbstractNioChannel$AbstractNioUnsafe.finishConnect(AbstractNioChannel.java:340)
	at org.apache.ratis.thirdparty.io.netty.channel.nio.NioEventLoop.processSelectedKey(NioEventLoop.java:632)
	at org.apache.ratis.thirdparty.io.netty.channel.nio.NioEventLoop.processSelectedKeysOptimized(NioEventLoop.java:579)
	at org.apache.ratis.thirdparty.io.netty.channel.nio.NioEventLoop.processSelectedKeys(NioEventLoop.java:496)
	at org.apache.ratis.thirdparty.io.netty.channel.nio.NioEventLoop.run(NioEventLoop.java:458)
	at org.apache.ratis.thirdparty.io.netty.util.concurrent.SingleThreadEventExecutor$5.run(SingleThreadEventExecutor.java:897)
	at org.apache.ratis.thirdparty.io.netty.util.concurrent.FastThreadLocalRunnable.run(FastThreadLocalRunnable.java:30)
	... 1 more
Caused by: java.net.ConnectException: Connection refused
	... 11 more
2019-10-21 23:03:52,806 [7c107f1d-8592-48e3-af71-5982c0af1f56@group-C1C12825AC52-LeaderElection1257] INFO  impl.RaftServerImpl (RaftServerImpl.java:setRole(184)) - 7c107f1d-8592-48e3-af71-5982c0af1f56@group-C1C12825AC52: changes role from CANDIDATE to FOLLOWER at term 191 for DISCOVERED_A_NEW_TERM
2019-10-21 23:03:52,806 [7c107f1d-8592-48e3-af71-5982c0af1f56@group-C1C12825AC52-LeaderElection1257] INFO  impl.RoleInfo (RoleInfo.java:shutdownLeaderElection(134)) - 7c107f1d-8592-48e3-af71-5982c0af1f56: shutdown LeaderElection
2019-10-21 23:03:52,807 [7c107f1d-8592-48e3-af71-5982c0af1f56@group-C1C12825AC52-LeaderElection1257] INFO  impl.RoleInfo (RoleInfo.java:updateAndGet(143)) - 7c107f1d-8592-48e3-af71-5982c0af1f56: start FollowerState
2019-10-21 23:03:53,277 [main] INFO  ozoneimpl.OzoneContainer (OzoneContainer.java:stop(227)) - Attempting to stop container services.
2019-10-21 23:03:53,278 [main] INFO  impl.RaftServerProxy (RaftServerProxy.java:lambda$close$4(314)) - bc9ab211-cc75-4801-ac6a-7532c28ed948: close
2019-10-21 23:03:53,278 [main] INFO  impl.RaftServerImpl (RaftServerImpl.java:lambda$shutdown$3(261)) - bc9ab211-cc75-4801-ac6a-7532c28ed948@group-B21FAD438C36: shutdown
2019-10-21 23:03:53,278 [main] INFO  util.JmxRegister (JmxRegister.java:unregister(73)) - Successfully un-registered JMX Bean with object name Ratis:service=RaftServer,group=group-B21FAD438C36,id=bc9ab211-cc75-4801-ac6a-7532c28ed948
2019-10-21 23:03:53,279 [main] INFO  impl.RoleInfo (RoleInfo.java:shutdownFollowerState(121)) - bc9ab211-cc75-4801-ac6a-7532c28ed948: shutdown FollowerState
2019-10-21 23:03:53,279 [main] INFO  impl.StateMachineUpdater (StateMachineUpdater.java:stopAndJoin(136)) - bc9ab211-cc75-4801-ac6a-7532c28ed948@group-B21FAD438C36-StateMachineUpdater: set stopIndex = 2
2019-10-21 23:03:53,279 [Thread-10725] INFO  impl.FollowerState (FollowerState.java:run(117)) - bc9ab211-cc75-4801-ac6a-7532c28ed948@group-B21FAD438C36-FollowerState was interrupted: java.lang.InterruptedException: sleep interrupted
2019-10-21 23:03:53,280 [main] INFO  impl.RaftServerImpl (ServerState.java:close(388)) - bc9ab211-cc75-4801-ac6a-7532c28ed948@group-B21FAD438C36: closes. applyIndex: 2
2019-10-21 23:03:53,281 [bc9ab211-cc75-4801-ac6a-7532c28ed948@group-B21FAD438C36-SegmentedRaftLogWorker] INFO  segmented.SegmentedRaftLogWorker (SegmentedRaftLogWorker.java:run(316)) - bc9ab211-cc75-4801-ac6a-7532c28ed948@group-B21FAD438C36-SegmentedRaftLogWorker was interrupted, exiting. There are 0 tasks remaining in the queue.
2019-10-21 23:03:53,281 [main] INFO  segmented.SegmentedRaftLogWorker (SegmentedRaftLogWorker.java:close(224)) - bc9ab211-cc75-4801-ac6a-7532c28ed948@group-B21FAD438C36-SegmentedRaftLogWorker close()
2019-10-21 23:03:53,284 [main] INFO  impl.RaftServerImpl (RaftServerImpl.java:lambda$shutdown$3(261)) - bc9ab211-cc75-4801-ac6a-7532c28ed948@group-827C49DB2EF5: shutdown
2019-10-21 23:03:53,285 [main] INFO  util.JmxRegister (JmxRegister.java:unregister(73)) - Successfully un-registered JMX Bean with object name Ratis:service=RaftServer,group=group-827C49DB2EF5,id=bc9ab211-cc75-4801-ac6a-7532c28ed948
2019-10-21 23:03:53,285 [main] INFO  impl.RoleInfo (RoleInfo.java:shutdownLeaderState(104)) - bc9ab211-cc75-4801-ac6a-7532c28ed948: shutdown LeaderState
2019-10-21 23:03:53,285 [main] INFO  impl.PendingRequests (PendingRequests.java:sendNotLeaderResponses(202)) - bc9ab211-cc75-4801-ac6a-7532c28ed948@group-827C49DB2EF5-PendingRequests: sendNotLeaderResponses
2019-10-21 23:03:53,286 [main] INFO  impl.StateMachineUpdater (StateMachineUpdater.java:stopAndJoin(136)) - bc9ab211-cc75-4801-ac6a-7532c28ed948@group-827C49DB2EF5-StateMachineUpdater: set stopIndex = 0
2019-10-21 23:03:53,286 [main] INFO  impl.RaftServerImpl (ServerState.java:close(388)) - bc9ab211-cc75-4801-ac6a-7532c28ed948@group-827C49DB2EF5: closes. applyIndex: 0
2019-10-21 23:03:53,287 [bc9ab211-cc75-4801-ac6a-7532c28ed948@group-827C49DB2EF5-SegmentedRaftLogWorker] INFO  segmented.SegmentedRaftLogWorker (SegmentedRaftLogWorker.java:run(316)) - bc9ab211-cc75-4801-ac6a-7532c28ed948@group-827C49DB2EF5-SegmentedRaftLogWorker was interrupted, exiting. There are 0 tasks remaining in the queue.
2019-10-21 23:03:53,287 [main] INFO  segmented.SegmentedRaftLogWorker (SegmentedRaftLogWorker.java:close(224)) - bc9ab211-cc75-4801-ac6a-7532c28ed948@group-827C49DB2EF5-SegmentedRaftLogWorker close()
2019-10-21 23:03:53,289 [main] INFO  server.GrpcService (GrpcService.java:closeImpl(164)) - bc9ab211-cc75-4801-ac6a-7532c28ed948: shutdown server with port 42914 now
2019-10-21 23:03:53,290 [grpc-default-executor-6] WARN  server.GrpcServerProtocolService (LogUtils.java:warn(134)) - bc9ab211-cc75-4801-ac6a-7532c28ed948: installSnapshot onError, lastRequest: 5e72733e-cb8a-4e36-9088-390b573ceccc->bc9ab211-cc75-4801-ac6a-7532c28ed948#19-t3, previous=(t:3, i:2), leaderCommit=2, initializing? false, entries: <empty>: org.apache.ratis.thirdparty.io.grpc.StatusRuntimeException: CANCELLED: cancelled before receiving half close
2019-10-21 23:03:53,291 [grpc-default-executor-5] WARN  server.GrpcLogAppender (LogUtils.java:warn(134)) - 5e72733e-cb8a-4e36-9088-390b573ceccc@group-B21FAD438C36->bc9ab211-cc75-4801-ac6a-7532c28ed948-AppendLogResponseHandler: Failed appendEntries: org.apache.ratis.thirdparty.io.grpc.StatusRuntimeException: CANCELLED: HTTP/2 error code: CANCEL
Received Rst Stream
2019-10-21 23:03:53,290 [main] INFO  server.GrpcService (GrpcService.java:closeImpl(172)) - bc9ab211-cc75-4801-ac6a-7532c28ed948: shutdown server with port 42914 successfully
2019-10-21 23:03:53,307 [refreshUsed-/workdir/hadoop-ozone/integration-test/target/test-dir/MiniOzoneClusterImpl-d9aa8a4b-930f-46eb-8e95-9ce1bbfd2407/datanode-9/data/containers] WARN  fs.CachingGetSpaceUsed (CachingGetSpaceUsed.java:run(183)) - Thread Interrupted waiting to refresh disk information: sleep interrupted
2019-10-21 23:03:53,327 [main] INFO  utils.BackgroundService (BackgroundService.java:shutdown(151)) - Shutting down service BlockDeletingService
2019-10-21 23:03:53,329 [main] INFO  statemachine.DatanodeStateMachine (DatanodeStateMachine.java:stopDaemon(395)) - Ozone container server stopped.
2019-10-21 23:03:53,330 [main] INFO  handler.ContextHandler (ContextHandler.java:doStop(910)) - Stopped o.e.j.w.WebAppContext@216f01{/,null,UNAVAILABLE}{/hddsDatanode}
2019-10-21 23:03:53,331 [main] INFO  server.AbstractConnector (AbstractConnector.java:doStop(318)) - Stopped ServerConnector@7c901203{HTTP/1.1,[http/1.1]}{0.0.0.0:0}
2019-10-21 23:03:53,331 [main] INFO  handler.ContextHandler (ContextHandler.java:doStop(910)) - Stopped o.e.j.s.ServletContextHandler@1e191150{/static,jar:file:/home/user/.m2/repository/org/apache/hadoop/hadoop-hdds-container-service/0.5.0-SNAPSHOT/hadoop-hdds-container-service-0.5.0-SNAPSHOT.jar!/webapps/static,UNAVAILABLE}
2019-10-21 23:03:53,332 [main] INFO  handler.ContextHandler (ContextHandler.java:doStop(910)) - Stopped o.e.j.s.ServletContextHandler@5f3b84bd{/logs,file:///workdir/hadoop-ozone/integration-test/target/log,UNAVAILABLE}
2019-10-21 23:03:53,345 [ForkJoinPool.commonPool-worker-0] INFO  ozoneimpl.OzoneContainer (OzoneContainer.java:stop(227)) - Attempting to stop container services.
2019-10-21 23:03:53,346 [ForkJoinPool.commonPool-worker-0] INFO  impl.RaftServerProxy (RaftServerProxy.java:lambda$close$4(314)) - 7c107f1d-8592-48e3-af71-5982c0af1f56: close
2019-10-21 23:03:53,346 [ForkJoinPool.commonPool-worker-0] INFO  impl.RaftServerImpl (RaftServerImpl.java:lambda$shutdown$3(261)) - 7c107f1d-8592-48e3-af71-5982c0af1f56@group-F56D0DE279E4: shutdown
2019-10-21 23:03:53,346 [ForkJoinPool.commonPool-worker-0] INFO  util.JmxRegister (JmxRegister.java:unregister(73)) - Successfully un-registered JMX Bean with object name Ratis:service=RaftServer,group=group-F56D0DE279E4,id=7c107f1d-8592-48e3-af71-5982c0af1f56
2019-10-21 23:03:53,346 [ForkJoinPool.commonPool-worker-0] INFO  impl.RoleInfo (RoleInfo.java:shutdownLeaderState(104)) - 7c107f1d-8592-48e3-af71-5982c0af1f56: shutdown LeaderState
2019-10-21 23:03:53,347 [ForkJoinPool.commonPool-worker-0] INFO  impl.PendingRequests (PendingRequests.java:sendNotLeaderResponses(202)) - 7c107f1d-8592-48e3-af71-5982c0af1f56@group-F56D0DE279E4-PendingRequests: sendNotLeaderResponses
2019-10-21 23:03:53,347 [ForkJoinPool.commonPool-worker-0] INFO  impl.StateMachineUpdater (StateMachineUpdater.java:stopAndJoin(136)) - 7c107f1d-8592-48e3-af71-5982c0af1f56@group-F56D0DE279E4-StateMachineUpdater: set stopIndex = 0
2019-10-21 23:03:53,347 [ForkJoinPool.commonPool-worker-0] INFO  impl.RaftServerImpl (ServerState.java:close(388)) - 7c107f1d-8592-48e3-af71-5982c0af1f56@group-F56D0DE279E4: closes. applyIndex: 0
2019-10-21 23:03:53,347 [7c107f1d-8592-48e3-af71-5982c0af1f56@group-F56D0DE279E4-SegmentedRaftLogWorker] INFO  segmented.SegmentedRaftLogWorker (SegmentedRaftLogWorker.java:run(316)) - 7c107f1d-8592-48e3-af71-5982c0af1f56@group-F56D0DE279E4-SegmentedRaftLogWorker was interrupted, exiting. There are 0 tasks remaining in the queue.
2019-10-21 23:03:53,348 [ForkJoinPool.commonPool-worker-0] INFO  segmented.SegmentedRaftLogWorker (SegmentedRaftLogWorker.java:close(224)) - 7c107f1d-8592-48e3-af71-5982c0af1f56@group-F56D0DE279E4-SegmentedRaftLogWorker close()
2019-10-21 23:03:53,349 [ForkJoinPool.commonPool-worker-0] INFO  impl.RaftServerImpl (RaftServerImpl.java:lambda$shutdown$3(261)) - 7c107f1d-8592-48e3-af71-5982c0af1f56@group-C1C12825AC52: shutdown
2019-10-21 23:03:53,349 [ForkJoinPool.commonPool-worker-0] INFO  util.JmxRegister (JmxRegister.java:unregister(73)) - Successfully un-registered JMX Bean with object name Ratis:service=RaftServer,group=group-C1C12825AC52,id=7c107f1d-8592-48e3-af71-5982c0af1f56
2019-10-21 23:03:53,349 [ForkJoinPool.commonPool-worker-0] INFO  impl.RoleInfo (RoleInfo.java:shutdownFollowerState(121)) - 7c107f1d-8592-48e3-af71-5982c0af1f56: shutdown FollowerState
2019-10-21 23:03:53,350 [ForkJoinPool.commonPool-worker-0] INFO  impl.StateMachineUpdater (StateMachineUpdater.java:stopAndJoin(136)) - 7c107f1d-8592-48e3-af71-5982c0af1f56@group-C1C12825AC52-StateMachineUpdater: set stopIndex = -1
2019-10-21 23:03:53,350 [Thread-10798] INFO  impl.FollowerState (FollowerState.java:run(117)) - 7c107f1d-8592-48e3-af71-5982c0af1f56@group-C1C12825AC52-FollowerState was interrupted: java.lang.InterruptedException: sleep interrupted
2019-10-21 23:03:53,350 [ForkJoinPool.commonPool-worker-0] INFO  impl.RaftServerImpl (ServerState.java:close(388)) - 7c107f1d-8592-48e3-af71-5982c0af1f56@group-C1C12825AC52: closes. applyIndex: -1
2019-10-21 23:03:53,350 [7c107f1d-8592-48e3-af71-5982c0af1f56@group-C1C12825AC52-SegmentedRaftLogWorker] INFO  segmented.SegmentedRaftLogWorker (SegmentedRaftLogWorker.java:run(316)) - 7c107f1d-8592-48e3-af71-5982c0af1f56@group-C1C12825AC52-SegmentedRaftLogWorker was interrupted, exiting. There are 0 tasks remaining in the queue.
2019-10-21 23:03:53,351 [ForkJoinPool.commonPool-worker-0] INFO  segmented.SegmentedRaftLogWorker (SegmentedRaftLogWorker.java:close(224)) - 7c107f1d-8592-48e3-af71-5982c0af1f56@group-C1C12825AC52-SegmentedRaftLogWorker close()
2019-10-21 23:03:53,352 [ForkJoinPool.commonPool-worker-0] INFO  server.GrpcService (GrpcService.java:closeImpl(164)) - 7c107f1d-8592-48e3-af71-5982c0af1f56: shutdown server with port 36514 now
2019-10-21 23:03:53,352 [ForkJoinPool.commonPool-worker-0] INFO  server.GrpcService (GrpcService.java:closeImpl(172)) - 7c107f1d-8592-48e3-af71-5982c0af1f56: shutdown server with port 36514 successfully
2019-10-21 23:03:53,355 [refreshUsed-/workdir/hadoop-ozone/integration-test/target/test-dir/MiniOzoneClusterImpl-d9aa8a4b-930f-46eb-8e95-9ce1bbfd2407/datanode-0/data/containers] WARN  fs.CachingGetSpaceUsed (CachingGetSpaceUsed.java:run(183)) - Thread Interrupted waiting to refresh disk information: sleep interrupted
2019-10-21 23:03:53,367 [ForkJoinPool.commonPool-worker-0] INFO  utils.BackgroundService (BackgroundService.java:shutdown(151)) - Shutting down service BlockDeletingService
2019-10-21 23:03:53,369 [ForkJoinPool.commonPool-worker-0] INFO  statemachine.DatanodeStateMachine (DatanodeStateMachine.java:stopDaemon(395)) - Ozone container server stopped.
2019-10-21 23:03:53,371 [ForkJoinPool.commonPool-worker-0] INFO  handler.ContextHandler (ContextHandler.java:doStop(910)) - Stopped o.e.j.w.WebAppContext@16f15ae9{/,null,UNAVAILABLE}{/hddsDatanode}
2019-10-21 23:03:53,372 [ForkJoinPool.commonPool-worker-0] INFO  server.AbstractConnector (AbstractConnector.java:doStop(318)) - Stopped ServerConnector@6206b4a7{HTTP/1.1,[http/1.1]}{0.0.0.0:0}
2019-10-21 23:03:53,373 [ForkJoinPool.commonPool-worker-0] INFO  handler.ContextHandler (ContextHandler.java:doStop(910)) - Stopped o.e.j.s.ServletContextHandler@27da994b{/static,jar:file:/home/user/.m2/repository/org/apache/hadoop/hadoop-hdds-container-service/0.5.0-SNAPSHOT/hadoop-hdds-container-service-0.5.0-SNAPSHOT.jar!/webapps/static,UNAVAILABLE}
2019-10-21 23:03:53,374 [ForkJoinPool.commonPool-worker-0] INFO  handler.ContextHandler (ContextHandler.java:doStop(910)) - Stopped o.e.j.s.ServletContextHandler@787178b1{/logs,file:///workdir/hadoop-ozone/integration-test/target/log,UNAVAILABLE}
2019-10-21 23:03:53,689 [java.util.concurrent.ThreadPoolExecutor$Worker@6f00d365[State = -1, empty queue]] WARN  server.GrpcLogAppender (GrpcLogAppender.java:timeoutAppendRequest(209)) - 5e72733e-cb8a-4e36-9088-390b573ceccc@group-B21FAD438C36->1ece9cc6-afa0-4e0e-a250-be9279276c08-GrpcLogAppender: appendEntries Timeout, request=5e72733e-cb8a-4e36-9088-390b573ceccc->1ece9cc6-afa0-4e0e-a250-be9279276c08#2-t3, previous=(t:2, i:0), leaderCommit=2, initializing? false, entries: <empty>
2019-10-21 23:03:53,947 [Datanode State Machine Thread - 0] INFO  statemachine.DatanodeStateMachine (DatanodeStateMachine.java:lambda$startDaemon$0(350)) - Ozone container server started.
2019-10-21 23:03:56,690 [java.util.concurrent.ThreadPoolExecutor$Worker@6f00d365[State = -1, empty queue]] WARN  server.GrpcLogAppender (GrpcLogAppender.java:timeoutAppendRequest(209)) - 5e72733e-cb8a-4e36-9088-390b573ceccc@group-B21FAD438C36->1ece9cc6-afa0-4e0e-a250-be9279276c08-GrpcLogAppender: appendEntries Timeout, request=5e72733e-cb8a-4e36-9088-390b573ceccc->1ece9cc6-afa0-4e0e-a250-be9279276c08#3-t3, previous=(t:2, i:0), leaderCommit=2, initializing? false, entries: <empty>
2019-10-21 23:03:56,712 [java.util.concurrent.ThreadPoolExecutor$Worker@4d086b1a[State = -1, empty queue]] WARN  server.GrpcLogAppender (GrpcLogAppender.java:timeoutAppendRequest(209)) - 5e72733e-cb8a-4e36-9088-390b573ceccc@group-B21FAD438C36->bc9ab211-cc75-4801-ac6a-7532c28ed948-GrpcLogAppender: appendEntries Timeout, request=5e72733e-cb8a-4e36-9088-390b573ceccc->bc9ab211-cc75-4801-ac6a-7532c28ed948#20-t3, previous=(t:3, i:2), leaderCommit=2, initializing? false, entries: <empty>
2019-10-21 23:03:57,212 [java.util.concurrent.ThreadPoolExecutor$Worker@4d086b1a[State = -1, empty queue]] WARN  server.GrpcLogAppender (GrpcLogAppender.java:timeoutAppendRequest(209)) - 5e72733e-cb8a-4e36-9088-390b573ceccc@group-B21FAD438C36->bc9ab211-cc75-4801-ac6a-7532c28ed948-GrpcLogAppender: appendEntries Timeout, request=5e72733e-cb8a-4e36-9088-390b573ceccc->bc9ab211-cc75-4801-ac6a-7532c28ed948#21-t3, previous=(t:3, i:2), leaderCommit=2, initializing? false, entries: <empty>
2019-10-21 23:03:57,712 [java.util.concurrent.ThreadPoolExecutor$Worker@4d086b1a[State = -1, empty queue]] WARN  server.GrpcLogAppender (GrpcLogAppender.java:timeoutAppendRequest(209)) - 5e72733e-cb8a-4e36-9088-390b573ceccc@group-B21FAD438C36->bc9ab211-cc75-4801-ac6a-7532c28ed948-GrpcLogAppender: appendEntries Timeout, request=5e72733e-cb8a-4e36-9088-390b573ceccc->bc9ab211-cc75-4801-ac6a-7532c28ed948#22-t3, previous=(t:3, i:2), leaderCommit=2, initializing? false, entries: <empty>
2019-10-21 23:03:58,212 [java.util.concurrent.ThreadPoolExecutor$Worker@4d086b1a[State = -1, empty queue]] WARN  server.GrpcLogAppender (GrpcLogAppender.java:timeoutAppendRequest(209)) - 5e72733e-cb8a-4e36-9088-390b573ceccc@group-B21FAD438C36->bc9ab211-cc75-4801-ac6a-7532c28ed948-GrpcLogAppender: appendEntries Timeout, request=5e72733e-cb8a-4e36-9088-390b573ceccc->bc9ab211-cc75-4801-ac6a-7532c28ed948#23-t3, previous=(t:3, i:2), leaderCommit=2, initializing? false, entries: <empty>
2019-10-21 23:03:58,334 [main] INFO  ozoneimpl.OzoneContainer (OzoneContainer.java:stop(227)) - Attempting to stop container services.
2019-10-21 23:03:58,335 [main] INFO  impl.RaftServerProxy (RaftServerProxy.java:lambda$close$4(314)) - 5e72733e-cb8a-4e36-9088-390b573ceccc: close
2019-10-21 23:03:58,337 [main] INFO  impl.RaftServerImpl (RaftServerImpl.java:lambda$shutdown$3(261)) - 5e72733e-cb8a-4e36-9088-390b573ceccc@group-3A4E2A65E666: shutdown
2019-10-21 23:03:58,337 [main] INFO  util.JmxRegister (JmxRegister.java:unregister(73)) - Successfully un-registered JMX Bean with object name Ratis:service=RaftServer,group=group-3A4E2A65E666,id=5e72733e-cb8a-4e36-9088-390b573ceccc
2019-10-21 23:03:58,338 [main] INFO  impl.RoleInfo (RoleInfo.java:shutdownLeaderState(104)) - 5e72733e-cb8a-4e36-9088-390b573ceccc: shutdown LeaderState
2019-10-21 23:03:58,338 [main] INFO  impl.PendingRequests (PendingRequests.java:sendNotLeaderResponses(202)) - 5e72733e-cb8a-4e36-9088-390b573ceccc@group-3A4E2A65E666-PendingRequests: sendNotLeaderResponses
2019-10-21 23:03:58,339 [main] INFO  impl.StateMachineUpdater (StateMachineUpdater.java:stopAndJoin(136)) - 5e72733e-cb8a-4e36-9088-390b573ceccc@group-3A4E2A65E666-StateMachineUpdater: set stopIndex = 0
2019-10-21 23:03:58,340 [main] INFO  impl.RaftServerImpl (ServerState.java:close(388)) - 5e72733e-cb8a-4e36-9088-390b573ceccc@group-3A4E2A65E666: closes. applyIndex: 0
2019-10-21 23:03:58,340 [5e72733e-cb8a-4e36-9088-390b573ceccc@group-3A4E2A65E666-SegmentedRaftLogWorker] INFO  segmented.SegmentedRaftLogWorker (SegmentedRaftLogWorker.java:run(316)) - 5e72733e-cb8a-4e36-9088-390b573ceccc@group-3A4E2A65E666-SegmentedRaftLogWorker was interrupted, exiting. There are 0 tasks remaining in the queue.
2019-10-21 23:03:58,341 [main] INFO  segmented.SegmentedRaftLogWorker (SegmentedRaftLogWorker.java:close(224)) - 5e72733e-cb8a-4e36-9088-390b573ceccc@group-3A4E2A65E666-SegmentedRaftLogWorker close()
2019-10-21 23:03:58,344 [main] INFO  impl.RaftServerImpl (RaftServerImpl.java:lambda$shutdown$3(261)) - 5e72733e-cb8a-4e36-9088-390b573ceccc@group-B21FAD438C36: shutdown
2019-10-21 23:03:58,344 [main] INFO  util.JmxRegister (JmxRegister.java:unregister(73)) - Successfully un-registered JMX Bean with object name Ratis:service=RaftServer,group=group-B21FAD438C36,id=5e72733e-cb8a-4e36-9088-390b573ceccc
2019-10-21 23:03:58,344 [main] INFO  impl.RoleInfo (RoleInfo.java:shutdownLeaderState(104)) - 5e72733e-cb8a-4e36-9088-390b573ceccc: shutdown LeaderState
2019-10-21 23:03:58,346 [main] INFO  impl.PendingRequests (PendingRequests.java:sendNotLeaderResponses(202)) - 5e72733e-cb8a-4e36-9088-390b573ceccc@group-B21FAD438C36-PendingRequests: sendNotLeaderResponses
2019-10-21 23:03:58,347 [org.apache.ratis.server.impl.LogAppender$AppenderDaemon$$Lambda$485/205454701@43300d68] WARN  server.GrpcLogAppender (GrpcLogAppender.java:mayWait(149)) - 5e72733e-cb8a-4e36-9088-390b573ceccc@group-B21FAD438C36->bc9ab211-cc75-4801-ac6a-7532c28ed948-GrpcLogAppender: Wait interrupted by java.lang.InterruptedException
2019-10-21 23:03:58,346 [org.apache.ratis.server.impl.LogAppender$AppenderDaemon$$Lambda$485/205454701@1227e730] WARN  server.GrpcLogAppender (GrpcLogAppender.java:mayWait(149)) - 5e72733e-cb8a-4e36-9088-390b573ceccc@group-B21FAD438C36->1ece9cc6-afa0-4e0e-a250-be9279276c08-GrpcLogAppender: Wait interrupted by java.lang.InterruptedException
2019-10-21 23:03:58,348 [main] INFO  impl.StateMachineUpdater (StateMachineUpdater.java:stopAndJoin(136)) - 5e72733e-cb8a-4e36-9088-390b573ceccc@group-B21FAD438C36-StateMachineUpdater: set stopIndex = 2
2019-10-21 23:03:58,349 [main] INFO  impl.RaftServerImpl (ServerState.java:close(388)) - 5e72733e-cb8a-4e36-9088-390b573ceccc@group-B21FAD438C36: closes. applyIndex: 2
2019-10-21 23:03:58,349 [5e72733e-cb8a-4e36-9088-390b573ceccc@group-B21FAD438C36-SegmentedRaftLogWorker] INFO  segmented.SegmentedRaftLogWorker (SegmentedRaftLogWorker.java:run(316)) - 5e72733e-cb8a-4e36-9088-390b573ceccc@group-B21FAD438C36-SegmentedRaftLogWorker was interrupted, exiting. There are 0 tasks remaining in the queue.
2019-10-21 23:03:58,349 [main] INFO  segmented.SegmentedRaftLogWorker (SegmentedRaftLogWorker.java:close(224)) - 5e72733e-cb8a-4e36-9088-390b573ceccc@group-B21FAD438C36-SegmentedRaftLogWorker close()
2019-10-21 23:03:58,351 [main] INFO  server.GrpcService (GrpcService.java:closeImpl(164)) - 5e72733e-cb8a-4e36-9088-390b573ceccc: shutdown server with port 39726 now
2019-10-21 23:03:58,351 [main] INFO  server.GrpcService (GrpcService.java:closeImpl(172)) - 5e72733e-cb8a-4e36-9088-390b573ceccc: shutdown server with port 39726 successfully
2019-10-21 23:03:58,353 [refreshUsed-/workdir/hadoop-ozone/integration-test/target/test-dir/MiniOzoneClusterImpl-d9aa8a4b-930f-46eb-8e95-9ce1bbfd2407/datanode-7/data/containers] WARN  fs.CachingGetSpaceUsed (CachingGetSpaceUsed.java:run(183)) - Thread Interrupted waiting to refresh disk information: sleep interrupted
2019-10-21 23:03:58,366 [main] INFO  utils.BackgroundService (BackgroundService.java:shutdown(151)) - Shutting down service BlockDeletingService
2019-10-21 23:03:58,368 [main] INFO  statemachine.DatanodeStateMachine (DatanodeStateMachine.java:stopDaemon(395)) - Ozone container server stopped.
2019-10-21 23:03:58,369 [main] INFO  handler.ContextHandler (ContextHandler.java:doStop(910)) - Stopped o.e.j.w.WebAppContext@64a1116a{/,null,UNAVAILABLE}{/hddsDatanode}
2019-10-21 23:03:58,370 [main] INFO  server.AbstractConnector (AbstractConnector.java:doStop(318)) - Stopped ServerConnector@11e17893{HTTP/1.1,[http/1.1]}{0.0.0.0:0}
2019-10-21 23:03:58,370 [main] INFO  handler.ContextHandler (ContextHandler.java:doStop(910)) - Stopped o.e.j.s.ServletContextHandler@3b6c2be6{/static,jar:file:/home/user/.m2/repository/org/apache/hadoop/hadoop-hdds-container-service/0.5.0-SNAPSHOT/hadoop-hdds-container-service-0.5.0-SNAPSHOT.jar!/webapps/static,UNAVAILABLE}
2019-10-21 23:03:58,370 [main] INFO  handler.ContextHandler (ContextHandler.java:doStop(910)) - Stopped o.e.j.s.ServletContextHandler@685d7ba5{/logs,file:///workdir/hadoop-ozone/integration-test/target/log,UNAVAILABLE}
2019-10-21 23:03:58,371 [main] INFO  ozone.MiniOzoneClusterImpl (MiniOzoneClusterImpl.java:stopSCM(392)) - Stopping the StorageContainerManager
2019-10-21 23:03:58,371 [main] INFO  server.StorageContainerManager (StorageContainerManager.java:stop(810)) - Stopping Replication Manager Service.
2019-10-21 23:03:58,371 [main] INFO  container.ReplicationManager (ReplicationManager.java:stop(203)) - Stopping Replication Monitor Thread.
2019-10-21 23:03:58,372 [main] INFO  server.StorageContainerManager (StorageContainerManager.java:stop(817)) - Stopping Lease Manager of the command watchers
2019-10-21 23:03:58,372 [main] INFO  server.StorageContainerManager (StorageContainerManager.java:stop(824)) - Stopping datanode service RPC server
2019-10-21 23:03:58,372 [main] INFO  server.SCMDatanodeProtocolServer (SCMDatanodeProtocolServer.java:stop(346)) - Stopping the RPC server for DataNodes
2019-10-21 23:03:58,372 [main] INFO  ipc.Server (Server.java:stop(3082)) - Stopping server on 43510
2019-10-21 23:03:58,374 [IPC Server listener on 43510] INFO  ipc.Server (Server.java:run(1185)) - Stopping IPC Server listener on 43510
2019-10-21 23:03:58,375 [IPC Server Responder] INFO  ipc.Server (Server.java:run(1319)) - Stopping IPC Server Responder
2019-10-21 23:03:58,387 [SCM Heartbeat Processing Thread - 0] WARN  node.NodeStateManager (NodeStateManager.java:scheduleNextHealthCheck(646)) - Current Thread is interrupted, shutting down HB processing thread for Node Manager.
2019-10-21 23:03:58,387 [main] INFO  server.StorageContainerManager (StorageContainerManager.java:stop(832)) - Stopping block service RPC server
2019-10-21 23:03:58,387 [main] INFO  server.SCMBlockProtocolServer (SCMBlockProtocolServer.java:stop(155)) - Stopping the RPC server for Block Protocol
2019-10-21 23:03:58,387 [main] INFO  ipc.Server (Server.java:stop(3082)) - Stopping server on 44269
2019-10-21 23:03:58,390 [IPC Server listener on 44269] INFO  ipc.Server (Server.java:run(1185)) - Stopping IPC Server listener on 44269
2019-10-21 23:03:58,390 [main] INFO  server.StorageContainerManager (StorageContainerManager.java:stop(839)) - Stopping the StorageContainerLocationProtocol RPC server
2019-10-21 23:03:58,390 [IPC Server Responder] INFO  ipc.Server (Server.java:run(1319)) - Stopping IPC Server Responder
2019-10-21 23:03:58,392 [main] INFO  server.SCMClientProtocolServer (SCMClientProtocolServer.java:stop(168)) - Stopping the RPC server for Client Protocol
2019-10-21 23:03:58,392 [main] INFO  ipc.Server (Server.java:stop(3082)) - Stopping server on 38174
2019-10-21 23:03:58,394 [IPC Server listener on 38174] INFO  ipc.Server (Server.java:run(1185)) - Stopping IPC Server listener on 38174
2019-10-21 23:03:58,394 [IPC Server Responder] INFO  ipc.Server (Server.java:run(1319)) - Stopping IPC Server Responder
2019-10-21 23:03:58,394 [main] INFO  server.StorageContainerManager (StorageContainerManager.java:stop(846)) - Stopping Storage Container Manager HTTP server.
2019-10-21 23:03:58,396 [main] INFO  handler.ContextHandler (ContextHandler.java:doStop(910)) - Stopped o.e.j.w.WebAppContext@2e0ad709{/,null,UNAVAILABLE}{/scm}
2019-10-21 23:03:58,396 [main] INFO  server.AbstractConnector (AbstractConnector.java:doStop(318)) - Stopped ServerConnector@1fe8f5e8{HTTP/1.1,[http/1.1]}{0.0.0.0:0}
2019-10-21 23:03:58,397 [main] INFO  handler.ContextHandler (ContextHandler.java:doStop(910)) - Stopped o.e.j.s.ServletContextHandler@1c3b6963{/static,file:///workdir/hadoop-ozone/integration-test/target/test-classes/webapps/static,UNAVAILABLE}
2019-10-21 23:03:58,397 [main] INFO  handler.ContextHandler (ContextHandler.java:doStop(910)) - Stopped o.e.j.s.ServletContextHandler@2c9fdb64{/logs,file:///workdir/hadoop-ozone/integration-test/target/log,UNAVAILABLE}
2019-10-21 23:03:58,397 [main] INFO  server.StorageContainerManager (StorageContainerManager.java:stop(857)) - Stopping Block Manager Service.
2019-10-21 23:03:58,398 [main] INFO  utils.BackgroundService (BackgroundService.java:shutdown(151)) - Shutting down service SCMBlockDeletingService
2019-10-21 23:03:58,398 [main] INFO  utils.BackgroundService (BackgroundService.java:shutdown(151)) - Shutting down service SCMBlockDeletingService
2019-10-21 23:03:58,398 [main] INFO  server.StorageContainerManager (StorageContainerManager.java:stop(879)) - Stopping SCM Event Queue.
2019-10-21 23:03:58,403 [main] INFO  impl.MetricsSystemImpl (MetricsSystemImpl.java:stop(210)) - Stopping HddsDatanode metrics system...
2019-10-21 23:03:58,427 [main] INFO  impl.MetricsSystemImpl (MetricsSystemImpl.java:stop(216)) - HddsDatanode metrics system stopped.
]]></system-out>
    <system-err><![CDATA[Oct 21, 2019 11:03:16 PM org.apache.ratis.thirdparty.io.grpc.internal.ManagedChannelOrphanWrapper$ManagedChannelReference cleanQueue
SEVERE: *~*~*~ Channel ManagedChannelImpl{logId=1284, target=192.168.69.118:38616} was not shutdown properly!!! ~*~*~*
    Make sure to call shutdown()/shutdownNow() and wait until awaitTermination() returns true.
java.lang.RuntimeException: ManagedChannel allocation site
	at org.apache.ratis.thirdparty.io.grpc.internal.ManagedChannelOrphanWrapper$ManagedChannelReference.<init>(ManagedChannelOrphanWrapper.java:103)
	at org.apache.ratis.thirdparty.io.grpc.internal.ManagedChannelOrphanWrapper.<init>(ManagedChannelOrphanWrapper.java:53)
	at org.apache.ratis.thirdparty.io.grpc.internal.ManagedChannelOrphanWrapper.<init>(ManagedChannelOrphanWrapper.java:44)
	at org.apache.ratis.thirdparty.io.grpc.internal.AbstractManagedChannelImplBuilder.build(AbstractManagedChannelImplBuilder.java:411)
	at org.apache.ratis.grpc.client.GrpcClientProtocolClient.<init>(GrpcClientProtocolClient.java:128)
	at org.apache.ratis.grpc.client.GrpcClientRpc.lambda$new$0(GrpcClientRpc.java:55)
	at org.apache.ratis.util.PeerProxyMap$PeerAndProxy.lambda$getProxy$0(PeerProxyMap.java:61)
	at org.apache.ratis.util.LifeCycle.startAndTransition(LifeCycle.java:202)
	at org.apache.ratis.util.PeerProxyMap$PeerAndProxy.getProxy(PeerProxyMap.java:60)
	at org.apache.ratis.util.PeerProxyMap.getProxy(PeerProxyMap.java:108)
	at org.apache.ratis.grpc.client.GrpcClientRpc.sendRequestAsync(GrpcClientRpc.java:66)
	at org.apache.ratis.client.impl.OrderedAsync.sendRequest(OrderedAsync.java:208)
	at org.apache.ratis.client.impl.OrderedAsync.sendRequestWithRetry(OrderedAsync.java:169)
	at org.apache.ratis.util.SlidingWindow$Client.sendOrDelayRequest(SlidingWindow.java:278)
	at org.apache.ratis.util.SlidingWindow$Client.retry(SlidingWindow.java:294)
	at org.apache.ratis.client.impl.OrderedAsync.lambda$scheduleWithTimeout$7(OrderedAsync.java:195)
	at org.apache.ratis.util.TimeoutScheduler.lambda$onTimeout$0(TimeoutScheduler.java:113)
	at org.apache.ratis.util.TimeoutScheduler.lambda$onTimeout$1(TimeoutScheduler.java:133)
	at org.apache.ratis.util.LogUtils.runAndLog(LogUtils.java:50)
	at org.apache.ratis.util.LogUtils$1.run(LogUtils.java:91)
	at java.util.concurrent.Executors$RunnableAdapter.call(Executors.java:511)
	at java.util.concurrent.FutureTask.run(FutureTask.java:266)
	at java.util.concurrent.ScheduledThreadPoolExecutor$ScheduledFutureTask.access$201(ScheduledThreadPoolExecutor.java:180)
	at java.util.concurrent.ScheduledThreadPoolExecutor$ScheduledFutureTask.run(ScheduledThreadPoolExecutor.java:293)
	at java.util.concurrent.ThreadPoolExecutor.runWorker(ThreadPoolExecutor.java:1149)
	at java.util.concurrent.ThreadPoolExecutor$Worker.run(ThreadPoolExecutor.java:624)
	at java.lang.Thread.run(Thread.java:748)

Oct 21, 2019 11:03:16 PM org.apache.ratis.thirdparty.io.grpc.internal.ManagedChannelOrphanWrapper$ManagedChannelReference cleanQueue
SEVERE: *~*~*~ Channel ManagedChannelImpl{logId=1293, target=192.168.69.118:36049} was not shutdown properly!!! ~*~*~*
    Make sure to call shutdown()/shutdownNow() and wait until awaitTermination() returns true.
java.lang.RuntimeException: ManagedChannel allocation site
	at org.apache.ratis.thirdparty.io.grpc.internal.ManagedChannelOrphanWrapper$ManagedChannelReference.<init>(ManagedChannelOrphanWrapper.java:103)
	at org.apache.ratis.thirdparty.io.grpc.internal.ManagedChannelOrphanWrapper.<init>(ManagedChannelOrphanWrapper.java:53)
	at org.apache.ratis.thirdparty.io.grpc.internal.ManagedChannelOrphanWrapper.<init>(ManagedChannelOrphanWrapper.java:44)
	at org.apache.ratis.thirdparty.io.grpc.internal.AbstractManagedChannelImplBuilder.build(AbstractManagedChannelImplBuilder.java:411)
	at org.apache.hadoop.hdds.scm.XceiverClientGrpc.connectToDatanode(XceiverClientGrpc.java:183)
	at org.apache.hadoop.hdds.scm.XceiverClientGrpc.reconnect(XceiverClientGrpc.java:434)
	at org.apache.hadoop.hdds.scm.XceiverClientGrpc.sendCommandAsync(XceiverClientGrpc.java:382)
	at org.apache.hadoop.hdds.scm.XceiverClientGrpc.sendCommandWithRetry(XceiverClientGrpc.java:295)
	at org.apache.hadoop.hdds.scm.XceiverClientGrpc.sendCommandWithTraceIDAndRetry(XceiverClientGrpc.java:259)
	at org.apache.hadoop.hdds.scm.XceiverClientGrpc.sendCommand(XceiverClientGrpc.java:242)
	at org.apache.hadoop.hdds.scm.storage.ContainerProtocolCalls.getBlock(ContainerProtocolCalls.java:118)
	at org.apache.hadoop.hdds.scm.storage.BlockInputStream.getChunkInfos(BlockInputStream.java:169)
	at org.apache.hadoop.hdds.scm.storage.BlockInputStream.initialize(BlockInputStream.java:118)
	at org.apache.hadoop.hdds.scm.storage.BlockInputStream.read(BlockInputStream.java:224)
	at org.apache.hadoop.ozone.client.io.KeyInputStream.read(KeyInputStream.java:173)
	at org.apache.hadoop.ozone.client.io.OzoneInputStream.read(OzoneInputStream.java:47)
	at java.io.InputStream.read(InputStream.java:101)
	at org.apache.hadoop.ozone.container.ContainerTestHelper.validateData(ContainerTestHelper.java:715)
	at org.apache.hadoop.ozone.client.rpc.TestFailureHandlingByClient.validateData(TestFailureHandlingByClient.java:413)
	at org.apache.hadoop.ozone.client.rpc.TestFailureHandlingByClient.testBlockWritesWithDnFailures(TestFailureHandlingByClient.java:172)
	at sun.reflect.NativeMethodAccessorImpl.invoke0(Native Method)
	at sun.reflect.NativeMethodAccessorImpl.invoke(NativeMethodAccessorImpl.java:62)
	at sun.reflect.DelegatingMethodAccessorImpl.invoke(DelegatingMethodAccessorImpl.java:43)
	at java.lang.reflect.Method.invoke(Method.java:498)
	at org.junit.runners.model.FrameworkMethod$1.runReflectiveCall(FrameworkMethod.java:47)
	at org.junit.internal.runners.model.ReflectiveCallable.run(ReflectiveCallable.java:12)
	at org.junit.runners.model.FrameworkMethod.invokeExplosively(FrameworkMethod.java:44)
	at org.junit.internal.runners.statements.InvokeMethod.evaluate(InvokeMethod.java:17)
	at org.junit.internal.runners.statements.RunAfters.evaluate(RunAfters.java:27)
	at org.junit.runners.ParentRunner.runLeaf(ParentRunner.java:271)
	at org.junit.runners.BlockJUnit4ClassRunner.runChild(BlockJUnit4ClassRunner.java:70)
	at org.junit.runners.BlockJUnit4ClassRunner.runChild(BlockJUnit4ClassRunner.java:50)
	at org.junit.runners.ParentRunner$3.run(ParentRunner.java:238)
	at org.junit.runners.ParentRunner$1.schedule(ParentRunner.java:63)
	at org.junit.runners.ParentRunner.runChildren(ParentRunner.java:236)
	at org.junit.runners.ParentRunner.access$000(ParentRunner.java:53)
	at org.junit.runners.ParentRunner$2.evaluate(ParentRunner.java:229)
	at org.junit.runners.ParentRunner.run(ParentRunner.java:309)
	at org.apache.maven.surefire.junit4.JUnit4Provider.execute(JUnit4Provider.java:365)
	at org.apache.maven.surefire.junit4.JUnit4Provider.executeWithRerun(JUnit4Provider.java:273)
	at org.apache.maven.surefire.junit4.JUnit4Provider.executeTestSet(JUnit4Provider.java:238)
	at org.apache.maven.surefire.junit4.JUnit4Provider.invoke(JUnit4Provider.java:159)
	at org.apache.maven.surefire.booter.ForkedBooter.invokeProviderInSameClassLoader(ForkedBooter.java:384)
	at org.apache.maven.surefire.booter.ForkedBooter.runSuitesInProcess(ForkedBooter.java:345)
	at org.apache.maven.surefire.booter.ForkedBooter.execute(ForkedBooter.java:126)
	at org.apache.maven.surefire.booter.ForkedBooter.main(ForkedBooter.java:418)

Oct 21, 2019 11:03:16 PM org.apache.ratis.thirdparty.io.grpc.internal.ManagedChannelOrphanWrapper$ManagedChannelReference cleanQueue
SEVERE: *~*~*~ Channel ManagedChannelImpl{logId=1297, target=192.168.69.118:42303} was not shutdown properly!!! ~*~*~*
    Make sure to call shutdown()/shutdownNow() and wait until awaitTermination() returns true.
java.lang.RuntimeException: ManagedChannel allocation site
	at org.apache.ratis.thirdparty.io.grpc.internal.ManagedChannelOrphanWrapper$ManagedChannelReference.<init>(ManagedChannelOrphanWrapper.java:103)
	at org.apache.ratis.thirdparty.io.grpc.internal.ManagedChannelOrphanWrapper.<init>(ManagedChannelOrphanWrapper.java:53)
	at org.apache.ratis.thirdparty.io.grpc.internal.ManagedChannelOrphanWrapper.<init>(ManagedChannelOrphanWrapper.java:44)
	at org.apache.ratis.thirdparty.io.grpc.internal.AbstractManagedChannelImplBuilder.build(AbstractManagedChannelImplBuilder.java:411)
	at org.apache.hadoop.hdds.scm.XceiverClientGrpc.connectToDatanode(XceiverClientGrpc.java:183)
	at org.apache.hadoop.hdds.scm.XceiverClientGrpc.reconnect(XceiverClientGrpc.java:434)
	at org.apache.hadoop.hdds.scm.XceiverClientGrpc.sendCommandAsync(XceiverClientGrpc.java:382)
	at org.apache.hadoop.hdds.scm.XceiverClientGrpc.sendCommandWithRetry(XceiverClientGrpc.java:295)
	at org.apache.hadoop.hdds.scm.XceiverClientGrpc.sendCommandWithTraceIDAndRetry(XceiverClientGrpc.java:259)
	at org.apache.hadoop.hdds.scm.XceiverClientGrpc.sendCommand(XceiverClientGrpc.java:242)
	at org.apache.hadoop.hdds.scm.storage.ContainerProtocolCalls.getBlock(ContainerProtocolCalls.java:118)
	at org.apache.hadoop.hdds.scm.storage.BlockInputStream.getChunkInfos(BlockInputStream.java:169)
	at org.apache.hadoop.hdds.scm.storage.BlockInputStream.initialize(BlockInputStream.java:118)
	at org.apache.hadoop.hdds.scm.storage.BlockInputStream.read(BlockInputStream.java:224)
	at org.apache.hadoop.ozone.client.io.KeyInputStream.read(KeyInputStream.java:173)
	at org.apache.hadoop.ozone.client.io.OzoneInputStream.read(OzoneInputStream.java:47)
	at java.io.InputStream.read(InputStream.java:101)
	at org.apache.hadoop.ozone.container.ContainerTestHelper.validateData(ContainerTestHelper.java:715)
	at org.apache.hadoop.ozone.client.rpc.TestFailureHandlingByClient.validateData(TestFailureHandlingByClient.java:413)
	at org.apache.hadoop.ozone.client.rpc.TestFailureHandlingByClient.testBlockWritesWithDnFailures(TestFailureHandlingByClient.java:172)
	at sun.reflect.NativeMethodAccessorImpl.invoke0(Native Method)
	at sun.reflect.NativeMethodAccessorImpl.invoke(NativeMethodAccessorImpl.java:62)
	at sun.reflect.DelegatingMethodAccessorImpl.invoke(DelegatingMethodAccessorImpl.java:43)
	at java.lang.reflect.Method.invoke(Method.java:498)
	at org.junit.runners.model.FrameworkMethod$1.runReflectiveCall(FrameworkMethod.java:47)
	at org.junit.internal.runners.model.ReflectiveCallable.run(ReflectiveCallable.java:12)
	at org.junit.runners.model.FrameworkMethod.invokeExplosively(FrameworkMethod.java:44)
	at org.junit.internal.runners.statements.InvokeMethod.evaluate(InvokeMethod.java:17)
	at org.junit.internal.runners.statements.RunAfters.evaluate(RunAfters.java:27)
	at org.junit.runners.ParentRunner.runLeaf(ParentRunner.java:271)
	at org.junit.runners.BlockJUnit4ClassRunner.runChild(BlockJUnit4ClassRunner.java:70)
	at org.junit.runners.BlockJUnit4ClassRunner.runChild(BlockJUnit4ClassRunner.java:50)
	at org.junit.runners.ParentRunner$3.run(ParentRunner.java:238)
	at org.junit.runners.ParentRunner$1.schedule(ParentRunner.java:63)
	at org.junit.runners.ParentRunner.runChildren(ParentRunner.java:236)
	at org.junit.runners.ParentRunner.access$000(ParentRunner.java:53)
	at org.junit.runners.ParentRunner$2.evaluate(ParentRunner.java:229)
	at org.junit.runners.ParentRunner.run(ParentRunner.java:309)
	at org.apache.maven.surefire.junit4.JUnit4Provider.execute(JUnit4Provider.java:365)
	at org.apache.maven.surefire.junit4.JUnit4Provider.executeWithRerun(JUnit4Provider.java:273)
	at org.apache.maven.surefire.junit4.JUnit4Provider.executeTestSet(JUnit4Provider.java:238)
	at org.apache.maven.surefire.junit4.JUnit4Provider.invoke(JUnit4Provider.java:159)
	at org.apache.maven.surefire.booter.ForkedBooter.invokeProviderInSameClassLoader(ForkedBooter.java:384)
	at org.apache.maven.surefire.booter.ForkedBooter.runSuitesInProcess(ForkedBooter.java:345)
	at org.apache.maven.surefire.booter.ForkedBooter.execute(ForkedBooter.java:126)
	at org.apache.maven.surefire.booter.ForkedBooter.main(ForkedBooter.java:418)

Oct 21, 2019 11:03:16 PM org.apache.ratis.thirdparty.io.grpc.internal.ManagedChannelOrphanWrapper$ManagedChannelReference cleanQueue
SEVERE: *~*~*~ Channel ManagedChannelImpl{logId=1274, target=192.168.69.118:37817} was not shutdown properly!!! ~*~*~*
    Make sure to call shutdown()/shutdownNow() and wait until awaitTermination() returns true.
java.lang.RuntimeException: ManagedChannel allocation site
	at org.apache.ratis.thirdparty.io.grpc.internal.ManagedChannelOrphanWrapper$ManagedChannelReference.<init>(ManagedChannelOrphanWrapper.java:103)
	at org.apache.ratis.thirdparty.io.grpc.internal.ManagedChannelOrphanWrapper.<init>(ManagedChannelOrphanWrapper.java:53)
	at org.apache.ratis.thirdparty.io.grpc.internal.ManagedChannelOrphanWrapper.<init>(ManagedChannelOrphanWrapper.java:44)
	at org.apache.ratis.thirdparty.io.grpc.internal.AbstractManagedChannelImplBuilder.build(AbstractManagedChannelImplBuilder.java:411)
	at org.apache.ratis.grpc.client.GrpcClientProtocolClient.<init>(GrpcClientProtocolClient.java:128)
	at org.apache.ratis.grpc.client.GrpcClientRpc.lambda$new$0(GrpcClientRpc.java:55)
	at org.apache.ratis.util.PeerProxyMap$PeerAndProxy.lambda$getProxy$0(PeerProxyMap.java:61)
	at org.apache.ratis.util.LifeCycle.startAndTransition(LifeCycle.java:202)
	at org.apache.ratis.util.PeerProxyMap$PeerAndProxy.getProxy(PeerProxyMap.java:60)
	at org.apache.ratis.util.PeerProxyMap.getProxy(PeerProxyMap.java:108)
	at org.apache.ratis.grpc.client.GrpcClientRpc.sendRequestAsync(GrpcClientRpc.java:66)
	at org.apache.ratis.client.impl.OrderedAsync.sendRequest(OrderedAsync.java:208)
	at org.apache.ratis.client.impl.OrderedAsync.sendRequestWithRetry(OrderedAsync.java:169)
	at org.apache.ratis.util.SlidingWindow$Client.sendOrDelayRequest(SlidingWindow.java:278)
	at org.apache.ratis.util.SlidingWindow$Client.retry(SlidingWindow.java:294)
	at org.apache.ratis.client.impl.OrderedAsync.lambda$scheduleWithTimeout$7(OrderedAsync.java:195)
	at org.apache.ratis.util.TimeoutScheduler.lambda$onTimeout$0(TimeoutScheduler.java:113)
	at org.apache.ratis.util.TimeoutScheduler.lambda$onTimeout$1(TimeoutScheduler.java:133)
	at org.apache.ratis.util.LogUtils.runAndLog(LogUtils.java:50)
	at org.apache.ratis.util.LogUtils$1.run(LogUtils.java:91)
	at java.util.concurrent.Executors$RunnableAdapter.call(Executors.java:511)
	at java.util.concurrent.FutureTask.run(FutureTask.java:266)
	at java.util.concurrent.ScheduledThreadPoolExecutor$ScheduledFutureTask.access$201(ScheduledThreadPoolExecutor.java:180)
	at java.util.concurrent.ScheduledThreadPoolExecutor$ScheduledFutureTask.run(ScheduledThreadPoolExecutor.java:293)
	at java.util.concurrent.ThreadPoolExecutor.runWorker(ThreadPoolExecutor.java:1149)
	at java.util.concurrent.ThreadPoolExecutor$Worker.run(ThreadPoolExecutor.java:624)
	at java.lang.Thread.run(Thread.java:748)

Oct 21, 2019 11:03:16 PM org.apache.ratis.thirdparty.io.grpc.internal.ManagedChannelOrphanWrapper$ManagedChannelReference cleanQueue
SEVERE: *~*~*~ Channel ManagedChannelImpl{logId=1302, target=192.168.69.118:38519} was not shutdown properly!!! ~*~*~*
    Make sure to call shutdown()/shutdownNow() and wait until awaitTermination() returns true.
java.lang.RuntimeException: ManagedChannel allocation site
	at org.apache.ratis.thirdparty.io.grpc.internal.ManagedChannelOrphanWrapper$ManagedChannelReference.<init>(ManagedChannelOrphanWrapper.java:103)
	at org.apache.ratis.thirdparty.io.grpc.internal.ManagedChannelOrphanWrapper.<init>(ManagedChannelOrphanWrapper.java:53)
	at org.apache.ratis.thirdparty.io.grpc.internal.ManagedChannelOrphanWrapper.<init>(ManagedChannelOrphanWrapper.java:44)
	at org.apache.ratis.thirdparty.io.grpc.internal.AbstractManagedChannelImplBuilder.build(AbstractManagedChannelImplBuilder.java:411)
	at org.apache.hadoop.hdds.scm.XceiverClientGrpc.connectToDatanode(XceiverClientGrpc.java:183)
	at org.apache.hadoop.hdds.scm.XceiverClientGrpc.reconnect(XceiverClientGrpc.java:434)
	at org.apache.hadoop.hdds.scm.XceiverClientGrpc.sendCommandAsync(XceiverClientGrpc.java:382)
	at org.apache.hadoop.hdds.scm.XceiverClientGrpc.sendCommandWithRetry(XceiverClientGrpc.java:295)
	at org.apache.hadoop.hdds.scm.XceiverClientGrpc.sendCommandWithTraceIDAndRetry(XceiverClientGrpc.java:259)
	at org.apache.hadoop.hdds.scm.XceiverClientGrpc.sendCommand(XceiverClientGrpc.java:242)
	at org.apache.hadoop.hdds.scm.storage.ContainerProtocolCalls.getBlock(ContainerProtocolCalls.java:118)
	at org.apache.hadoop.hdds.scm.storage.BlockInputStream.getChunkInfos(BlockInputStream.java:169)
	at org.apache.hadoop.hdds.scm.storage.BlockInputStream.initialize(BlockInputStream.java:118)
	at org.apache.hadoop.hdds.scm.storage.BlockInputStream.read(BlockInputStream.java:224)
	at org.apache.hadoop.ozone.client.io.KeyInputStream.read(KeyInputStream.java:173)
	at org.apache.hadoop.ozone.client.io.OzoneInputStream.read(OzoneInputStream.java:47)
	at java.io.InputStream.read(InputStream.java:101)
	at org.apache.hadoop.ozone.container.ContainerTestHelper.validateData(ContainerTestHelper.java:715)
	at org.apache.hadoop.ozone.client.rpc.TestFailureHandlingByClient.validateData(TestFailureHandlingByClient.java:413)
	at org.apache.hadoop.ozone.client.rpc.TestFailureHandlingByClient.testBlockWritesWithDnFailures(TestFailureHandlingByClient.java:172)
	at sun.reflect.NativeMethodAccessorImpl.invoke0(Native Method)
	at sun.reflect.NativeMethodAccessorImpl.invoke(NativeMethodAccessorImpl.java:62)
	at sun.reflect.DelegatingMethodAccessorImpl.invoke(DelegatingMethodAccessorImpl.java:43)
	at java.lang.reflect.Method.invoke(Method.java:498)
	at org.junit.runners.model.FrameworkMethod$1.runReflectiveCall(FrameworkMethod.java:47)
	at org.junit.internal.runners.model.ReflectiveCallable.run(ReflectiveCallable.java:12)
	at org.junit.runners.model.FrameworkMethod.invokeExplosively(FrameworkMethod.java:44)
	at org.junit.internal.runners.statements.InvokeMethod.evaluate(InvokeMethod.java:17)
	at org.junit.internal.runners.statements.RunAfters.evaluate(RunAfters.java:27)
	at org.junit.runners.ParentRunner.runLeaf(ParentRunner.java:271)
	at org.junit.runners.BlockJUnit4ClassRunner.runChild(BlockJUnit4ClassRunner.java:70)
	at org.junit.runners.BlockJUnit4ClassRunner.runChild(BlockJUnit4ClassRunner.java:50)
	at org.junit.runners.ParentRunner$3.run(ParentRunner.java:238)
	at org.junit.runners.ParentRunner$1.schedule(ParentRunner.java:63)
	at org.junit.runners.ParentRunner.runChildren(ParentRunner.java:236)
	at org.junit.runners.ParentRunner.access$000(ParentRunner.java:53)
	at org.junit.runners.ParentRunner$2.evaluate(ParentRunner.java:229)
	at org.junit.runners.ParentRunner.run(ParentRunner.java:309)
	at org.apache.maven.surefire.junit4.JUnit4Provider.execute(JUnit4Provider.java:365)
	at org.apache.maven.surefire.junit4.JUnit4Provider.executeWithRerun(JUnit4Provider.java:273)
	at org.apache.maven.surefire.junit4.JUnit4Provider.executeTestSet(JUnit4Provider.java:238)
	at org.apache.maven.surefire.junit4.JUnit4Provider.invoke(JUnit4Provider.java:159)
	at org.apache.maven.surefire.booter.ForkedBooter.invokeProviderInSameClassLoader(ForkedBooter.java:384)
	at org.apache.maven.surefire.booter.ForkedBooter.runSuitesInProcess(ForkedBooter.java:345)
	at org.apache.maven.surefire.booter.ForkedBooter.execute(ForkedBooter.java:126)
	at org.apache.maven.surefire.booter.ForkedBooter.main(ForkedBooter.java:418)

Oct 21, 2019 11:03:16 PM org.apache.ratis.thirdparty.io.grpc.internal.ManagedChannelOrphanWrapper$ManagedChannelReference cleanQueue
SEVERE: *~*~*~ Channel ManagedChannelImpl{logId=1289, target=192.168.69.118:46255} was not shutdown properly!!! ~*~*~*
    Make sure to call shutdown()/shutdownNow() and wait until awaitTermination() returns true.
java.lang.RuntimeException: ManagedChannel allocation site
	at org.apache.ratis.thirdparty.io.grpc.internal.ManagedChannelOrphanWrapper$ManagedChannelReference.<init>(ManagedChannelOrphanWrapper.java:103)
	at org.apache.ratis.thirdparty.io.grpc.internal.ManagedChannelOrphanWrapper.<init>(ManagedChannelOrphanWrapper.java:53)
	at org.apache.ratis.thirdparty.io.grpc.internal.ManagedChannelOrphanWrapper.<init>(ManagedChannelOrphanWrapper.java:44)
	at org.apache.ratis.thirdparty.io.grpc.internal.AbstractManagedChannelImplBuilder.build(AbstractManagedChannelImplBuilder.java:411)
	at org.apache.hadoop.hdds.scm.XceiverClientGrpc.connectToDatanode(XceiverClientGrpc.java:183)
	at org.apache.hadoop.hdds.scm.XceiverClientGrpc.reconnect(XceiverClientGrpc.java:434)
	at org.apache.hadoop.hdds.scm.XceiverClientGrpc.sendCommandAsync(XceiverClientGrpc.java:382)
	at org.apache.hadoop.hdds.scm.XceiverClientGrpc.sendCommandWithRetry(XceiverClientGrpc.java:295)
	at org.apache.hadoop.hdds.scm.XceiverClientGrpc.sendCommandWithTraceIDAndRetry(XceiverClientGrpc.java:259)
	at org.apache.hadoop.hdds.scm.XceiverClientGrpc.sendCommand(XceiverClientGrpc.java:242)
	at org.apache.hadoop.hdds.scm.storage.ContainerProtocolCalls.getBlock(ContainerProtocolCalls.java:118)
	at org.apache.hadoop.hdds.scm.storage.BlockInputStream.getChunkInfos(BlockInputStream.java:169)
	at org.apache.hadoop.hdds.scm.storage.BlockInputStream.initialize(BlockInputStream.java:118)
	at org.apache.hadoop.hdds.scm.storage.BlockInputStream.read(BlockInputStream.java:224)
	at org.apache.hadoop.ozone.client.io.KeyInputStream.read(KeyInputStream.java:173)
	at org.apache.hadoop.ozone.client.io.OzoneInputStream.read(OzoneInputStream.java:47)
	at java.io.InputStream.read(InputStream.java:101)
	at org.apache.hadoop.ozone.container.ContainerTestHelper.validateData(ContainerTestHelper.java:715)
	at org.apache.hadoop.ozone.client.rpc.TestFailureHandlingByClient.validateData(TestFailureHandlingByClient.java:413)
	at org.apache.hadoop.ozone.client.rpc.TestFailureHandlingByClient.testBlockWritesWithDnFailures(TestFailureHandlingByClient.java:172)
	at sun.reflect.NativeMethodAccessorImpl.invoke0(Native Method)
	at sun.reflect.NativeMethodAccessorImpl.invoke(NativeMethodAccessorImpl.java:62)
	at sun.reflect.DelegatingMethodAccessorImpl.invoke(DelegatingMethodAccessorImpl.java:43)
	at java.lang.reflect.Method.invoke(Method.java:498)
	at org.junit.runners.model.FrameworkMethod$1.runReflectiveCall(FrameworkMethod.java:47)
	at org.junit.internal.runners.model.ReflectiveCallable.run(ReflectiveCallable.java:12)
	at org.junit.runners.model.FrameworkMethod.invokeExplosively(FrameworkMethod.java:44)
	at org.junit.internal.runners.statements.InvokeMethod.evaluate(InvokeMethod.java:17)
	at org.junit.internal.runners.statements.RunAfters.evaluate(RunAfters.java:27)
	at org.junit.runners.ParentRunner.runLeaf(ParentRunner.java:271)
	at org.junit.runners.BlockJUnit4ClassRunner.runChild(BlockJUnit4ClassRunner.java:70)
	at org.junit.runners.BlockJUnit4ClassRunner.runChild(BlockJUnit4ClassRunner.java:50)
	at org.junit.runners.ParentRunner$3.run(ParentRunner.java:238)
	at org.junit.runners.ParentRunner$1.schedule(ParentRunner.java:63)
	at org.junit.runners.ParentRunner.runChildren(ParentRunner.java:236)
	at org.junit.runners.ParentRunner.access$000(ParentRunner.java:53)
	at org.junit.runners.ParentRunner$2.evaluate(ParentRunner.java:229)
	at org.junit.runners.ParentRunner.run(ParentRunner.java:309)
	at org.apache.maven.surefire.junit4.JUnit4Provider.execute(JUnit4Provider.java:365)
	at org.apache.maven.surefire.junit4.JUnit4Provider.executeWithRerun(JUnit4Provider.java:273)
	at org.apache.maven.surefire.junit4.JUnit4Provider.executeTestSet(JUnit4Provider.java:238)
	at org.apache.maven.surefire.junit4.JUnit4Provider.invoke(JUnit4Provider.java:159)
	at org.apache.maven.surefire.booter.ForkedBooter.invokeProviderInSameClassLoader(ForkedBooter.java:384)
	at org.apache.maven.surefire.booter.ForkedBooter.runSuitesInProcess(ForkedBooter.java:345)
	at org.apache.maven.surefire.booter.ForkedBooter.execute(ForkedBooter.java:126)
	at org.apache.maven.surefire.booter.ForkedBooter.main(ForkedBooter.java:418)

Oct 21, 2019 11:03:38 PM org.apache.ratis.thirdparty.io.grpc.internal.SerializingExecutor run
SEVERE: Exception while executing runnable org.apache.ratis.thirdparty.io.grpc.internal.ServerImpl$JumpToApplicationThreadServerStreamListener$1Closed@45262ac1
org.apache.ratis.thirdparty.io.grpc.StatusRuntimeException: CANCELLED: call already cancelled
	at org.apache.ratis.thirdparty.io.grpc.Status.asRuntimeException(Status.java:517)
	at org.apache.ratis.thirdparty.io.grpc.stub.ServerCalls$ServerCallStreamObserverImpl.onCompleted(ServerCalls.java:356)
	at org.apache.ratis.grpc.server.GrpcServerProtocolService$ServerRequestStreamObserver.onError(GrpcServerProtocolService.java:121)
	at org.apache.ratis.thirdparty.io.grpc.stub.ServerCalls$StreamingServerCallHandler$StreamingServerCallListener.onCancel(ServerCalls.java:269)
	at org.apache.ratis.thirdparty.io.grpc.internal.ServerCallImpl$ServerStreamListenerImpl.closed(ServerCallImpl.java:293)
	at org.apache.ratis.thirdparty.io.grpc.internal.ServerImpl$JumpToApplicationThreadServerStreamListener$1Closed.runInContext(ServerImpl.java:741)
	at org.apache.ratis.thirdparty.io.grpc.internal.ContextRunnable.run(ContextRunnable.java:37)
	at org.apache.ratis.thirdparty.io.grpc.internal.SerializingExecutor.run(SerializingExecutor.java:123)
	at java.util.concurrent.ThreadPoolExecutor.runWorker(ThreadPoolExecutor.java:1149)
	at java.util.concurrent.ThreadPoolExecutor$Worker.run(ThreadPoolExecutor.java:624)
	at java.lang.Thread.run(Thread.java:748)

Oct 21, 2019 11:03:38 PM org.apache.ratis.thirdparty.io.grpc.internal.SerializingExecutor run
SEVERE: Exception while executing runnable org.apache.ratis.thirdparty.io.grpc.internal.ClientCallImpl$ClientStreamListenerImpl$1StreamClosed@256c42ae
java.lang.NullPointerException
	at org.apache.ratis.grpc.server.GrpcLogAppender$AppendLogResponseHandler.onError(GrpcLogAppender.java:303)
	at org.apache.ratis.thirdparty.io.grpc.stub.ClientCalls$StreamObserverToCallListenerAdapter.onClose(ClientCalls.java:434)
	at org.apache.ratis.thirdparty.io.grpc.PartialForwardingClientCallListener.onClose(PartialForwardingClientCallListener.java:39)
	at org.apache.ratis.thirdparty.io.grpc.ForwardingClientCallListener.onClose(ForwardingClientCallListener.java:23)
	at org.apache.ratis.thirdparty.io.grpc.ForwardingClientCallListener$SimpleForwardingClientCallListener.onClose(ForwardingClientCallListener.java:40)
	at org.apache.ratis.thirdparty.io.grpc.internal.CensusStatsModule$StatsClientInterceptor$1$1.onClose(CensusStatsModule.java:678)
	at org.apache.ratis.thirdparty.io.grpc.PartialForwardingClientCallListener.onClose(PartialForwardingClientCallListener.java:39)
	at org.apache.ratis.thirdparty.io.grpc.ForwardingClientCallListener.onClose(ForwardingClientCallListener.java:23)
	at org.apache.ratis.thirdparty.io.grpc.ForwardingClientCallListener$SimpleForwardingClientCallListener.onClose(ForwardingClientCallListener.java:40)
	at org.apache.ratis.thirdparty.io.grpc.internal.CensusTracingModule$TracingClientInterceptor$1$1.onClose(CensusTracingModule.java:397)
	at org.apache.ratis.thirdparty.io.grpc.internal.ClientCallImpl.closeObserver(ClientCallImpl.java:459)
	at org.apache.ratis.thirdparty.io.grpc.internal.ClientCallImpl.access$300(ClientCallImpl.java:63)
	at org.apache.ratis.thirdparty.io.grpc.internal.ClientCallImpl$ClientStreamListenerImpl.close(ClientCallImpl.java:546)
	at org.apache.ratis.thirdparty.io.grpc.internal.ClientCallImpl$ClientStreamListenerImpl.access$600(ClientCallImpl.java:467)
	at org.apache.ratis.thirdparty.io.grpc.internal.ClientCallImpl$ClientStreamListenerImpl$1StreamClosed.runInContext(ClientCallImpl.java:584)
	at org.apache.ratis.thirdparty.io.grpc.internal.ContextRunnable.run(ContextRunnable.java:37)
	at org.apache.ratis.thirdparty.io.grpc.internal.SerializingExecutor.run(SerializingExecutor.java:123)
	at java.util.concurrent.ThreadPoolExecutor.runWorker(ThreadPoolExecutor.java:1149)
	at java.util.concurrent.ThreadPoolExecutor$Worker.run(ThreadPoolExecutor.java:624)
	at java.lang.Thread.run(Thread.java:748)

Oct 21, 2019 11:03:44 PM org.apache.ratis.thirdparty.io.grpc.internal.SerializingExecutor run
SEVERE: Exception while executing runnable org.apache.ratis.thirdparty.io.grpc.internal.ClientCallImpl$ClientStreamListenerImpl$1StreamClosed@2658268c
java.lang.NullPointerException
	at org.apache.ratis.grpc.server.GrpcLogAppender$AppendLogResponseHandler.onError(GrpcLogAppender.java:303)
	at org.apache.ratis.thirdparty.io.grpc.stub.ClientCalls$StreamObserverToCallListenerAdapter.onClose(ClientCalls.java:434)
	at org.apache.ratis.thirdparty.io.grpc.PartialForwardingClientCallListener.onClose(PartialForwardingClientCallListener.java:39)
	at org.apache.ratis.thirdparty.io.grpc.ForwardingClientCallListener.onClose(ForwardingClientCallListener.java:23)
	at org.apache.ratis.thirdparty.io.grpc.ForwardingClientCallListener$SimpleForwardingClientCallListener.onClose(ForwardingClientCallListener.java:40)
	at org.apache.ratis.thirdparty.io.grpc.internal.CensusStatsModule$StatsClientInterceptor$1$1.onClose(CensusStatsModule.java:678)
	at org.apache.ratis.thirdparty.io.grpc.PartialForwardingClientCallListener.onClose(PartialForwardingClientCallListener.java:39)
	at org.apache.ratis.thirdparty.io.grpc.ForwardingClientCallListener.onClose(ForwardingClientCallListener.java:23)
	at org.apache.ratis.thirdparty.io.grpc.ForwardingClientCallListener$SimpleForwardingClientCallListener.onClose(ForwardingClientCallListener.java:40)
	at org.apache.ratis.thirdparty.io.grpc.internal.CensusTracingModule$TracingClientInterceptor$1$1.onClose(CensusTracingModule.java:397)
	at org.apache.ratis.thirdparty.io.grpc.internal.ClientCallImpl.closeObserver(ClientCallImpl.java:459)
	at org.apache.ratis.thirdparty.io.grpc.internal.ClientCallImpl.access$300(ClientCallImpl.java:63)
	at org.apache.ratis.thirdparty.io.grpc.internal.ClientCallImpl$ClientStreamListenerImpl.close(ClientCallImpl.java:546)
	at org.apache.ratis.thirdparty.io.grpc.internal.ClientCallImpl$ClientStreamListenerImpl.access$600(ClientCallImpl.java:467)
	at org.apache.ratis.thirdparty.io.grpc.internal.ClientCallImpl$ClientStreamListenerImpl$1StreamClosed.runInContext(ClientCallImpl.java:584)
	at org.apache.ratis.thirdparty.io.grpc.internal.ContextRunnable.run(ContextRunnable.java:37)
	at org.apache.ratis.thirdparty.io.grpc.internal.SerializingExecutor.run(SerializingExecutor.java:123)
	at java.util.concurrent.ThreadPoolExecutor.runWorker(ThreadPoolExecutor.java:1149)
	at java.util.concurrent.ThreadPoolExecutor$Worker.run(ThreadPoolExecutor.java:624)
	at java.lang.Thread.run(Thread.java:748)

Oct 21, 2019 11:03:53 PM org.apache.ratis.thirdparty.io.grpc.internal.SerializingExecutor run
SEVERE: Exception while executing runnable org.apache.ratis.thirdparty.io.grpc.internal.ServerImpl$JumpToApplicationThreadServerStreamListener$1Closed@f36e059
org.apache.ratis.thirdparty.io.grpc.StatusRuntimeException: CANCELLED: call already cancelled
	at org.apache.ratis.thirdparty.io.grpc.Status.asRuntimeException(Status.java:517)
	at org.apache.ratis.thirdparty.io.grpc.stub.ServerCalls$ServerCallStreamObserverImpl.onCompleted(ServerCalls.java:356)
	at org.apache.ratis.grpc.server.GrpcServerProtocolService$ServerRequestStreamObserver.onError(GrpcServerProtocolService.java:121)
	at org.apache.ratis.thirdparty.io.grpc.stub.ServerCalls$StreamingServerCallHandler$StreamingServerCallListener.onCancel(ServerCalls.java:269)
	at org.apache.ratis.thirdparty.io.grpc.internal.ServerCallImpl$ServerStreamListenerImpl.closed(ServerCallImpl.java:293)
	at org.apache.ratis.thirdparty.io.grpc.internal.ServerImpl$JumpToApplicationThreadServerStreamListener$1Closed.runInContext(ServerImpl.java:741)
	at org.apache.ratis.thirdparty.io.grpc.internal.ContextRunnable.run(ContextRunnable.java:37)
	at org.apache.ratis.thirdparty.io.grpc.internal.SerializingExecutor.run(SerializingExecutor.java:123)
	at java.util.concurrent.ThreadPoolExecutor.runWorker(ThreadPoolExecutor.java:1149)
	at java.util.concurrent.ThreadPoolExecutor$Worker.run(ThreadPoolExecutor.java:624)
	at java.lang.Thread.run(Thread.java:748)

Oct 21, 2019 11:03:53 PM org.apache.ratis.thirdparty.io.grpc.internal.SerializingExecutor run
SEVERE: Exception while executing runnable org.apache.ratis.thirdparty.io.grpc.internal.ClientCallImpl$ClientStreamListenerImpl$1StreamClosed@f7fdcf7
java.lang.NullPointerException
	at org.apache.ratis.grpc.server.GrpcLogAppender$AppendLogResponseHandler.onError(GrpcLogAppender.java:303)
	at org.apache.ratis.thirdparty.io.grpc.stub.ClientCalls$StreamObserverToCallListenerAdapter.onClose(ClientCalls.java:434)
	at org.apache.ratis.thirdparty.io.grpc.PartialForwardingClientCallListener.onClose(PartialForwardingClientCallListener.java:39)
	at org.apache.ratis.thirdparty.io.grpc.ForwardingClientCallListener.onClose(ForwardingClientCallListener.java:23)
	at org.apache.ratis.thirdparty.io.grpc.ForwardingClientCallListener$SimpleForwardingClientCallListener.onClose(ForwardingClientCallListener.java:40)
	at org.apache.ratis.thirdparty.io.grpc.internal.CensusStatsModule$StatsClientInterceptor$1$1.onClose(CensusStatsModule.java:678)
	at org.apache.ratis.thirdparty.io.grpc.PartialForwardingClientCallListener.onClose(PartialForwardingClientCallListener.java:39)
	at org.apache.ratis.thirdparty.io.grpc.ForwardingClientCallListener.onClose(ForwardingClientCallListener.java:23)
	at org.apache.ratis.thirdparty.io.grpc.ForwardingClientCallListener$SimpleForwardingClientCallListener.onClose(ForwardingClientCallListener.java:40)
	at org.apache.ratis.thirdparty.io.grpc.internal.CensusTracingModule$TracingClientInterceptor$1$1.onClose(CensusTracingModule.java:397)
	at org.apache.ratis.thirdparty.io.grpc.internal.ClientCallImpl.closeObserver(ClientCallImpl.java:459)
	at org.apache.ratis.thirdparty.io.grpc.internal.ClientCallImpl.access$300(ClientCallImpl.java:63)
	at org.apache.ratis.thirdparty.io.grpc.internal.ClientCallImpl$ClientStreamListenerImpl.close(ClientCallImpl.java:546)
	at org.apache.ratis.thirdparty.io.grpc.internal.ClientCallImpl$ClientStreamListenerImpl.access$600(ClientCallImpl.java:467)
	at org.apache.ratis.thirdparty.io.grpc.internal.ClientCallImpl$ClientStreamListenerImpl$1StreamClosed.runInContext(ClientCallImpl.java:584)
	at org.apache.ratis.thirdparty.io.grpc.internal.ContextRunnable.run(ContextRunnable.java:37)
	at org.apache.ratis.thirdparty.io.grpc.internal.SerializingExecutor.run(SerializingExecutor.java:123)
	at java.util.concurrent.ThreadPoolExecutor.runWorker(ThreadPoolExecutor.java:1149)
	at java.util.concurrent.ThreadPoolExecutor$Worker.run(ThreadPoolExecutor.java:624)
	at java.lang.Thread.run(Thread.java:748)

]]></system-err>
  </testcase>
</testsuite>