<?xml version="1.0" encoding="UTF-8"?>
<testsuite xmlns:xsi="http://www.w3.org/2001/XMLSchema-instance" xsi:noNamespaceSchemaLocation="https://maven.apache.org/surefire/maven-surefire-plugin/xsd/surefire-test-report.xsd" name="org.apache.hadoop.ozone.client.rpc.TestBlockOutputStreamWithFailures" time="737.058" tests="8" errors="0" skipped="0" failures="1">
  <properties>
    <property name="awt.toolkit" value="sun.awt.X11.XToolkit"/>
    <property name="file.encoding.pkg" value="sun.io"/>
    <property name="java.specification.version" value="1.8"/>
    <property name="sun.cpu.isalist" value=""/>
    <property name="sun.jnu.encoding" value="UTF-8"/>
    <property name="java.class.path" value="/workdir/hadoop-ozone/integration-test/target/test-classes:/workdir/hadoop-ozone/integration-test/target/classes:/home/user/.m2/repository/org/apache/hadoop/hadoop-ozone-common/0.5.0-SNAPSHOT/hadoop-ozone-common-0.5.0-SNAPSHOT.jar:/home/user/.m2/repository/org/apache/commons/commons-compress/1.4.1/commons-compress-1.4.1.jar:/home/user/.m2/repository/org/tukaani/xz/1.0/xz-1.0.jar:/home/user/.m2/repository/org/apache/hadoop/hadoop-common/3.2.0/hadoop-common-3.2.0.jar:/home/user/.m2/repository/org/apache/hadoop/hadoop-hdfs/3.2.0/hadoop-hdfs-3.2.0.jar:/home/user/.m2/repository/org/apache/hadoop/hadoop-hdfs-client/3.2.0/hadoop-hdfs-client-3.2.0.jar:/home/user/.m2/repository/com/fasterxml/jackson/core/jackson-annotations/2.9.9/jackson-annotations-2.9.9.jar:/home/user/.m2/repository/org/apache/hadoop/hadoop-hdds-common/0.5.0-SNAPSHOT/hadoop-hdds-common-0.5.0-SNAPSHOT.jar:/home/user/.m2/repository/javax/annotation/javax.annotation-api/1.2/javax.annotation-api-1.2.jar:/home/user/.m2/repository/org/apache/ratis/ratis-server/0.5.0-201fc85-SNAPSHOT/ratis-server-0.5.0-201fc85-SNAPSHOT.jar:/home/user/.m2/repository/org/apache/ratis/ratis-thirdparty-misc/0.2.0/ratis-thirdparty-misc-0.2.0.jar:/home/user/.m2/repository/org/apache/ratis/ratis-proto/0.5.0-201fc85-SNAPSHOT/ratis-proto-0.5.0-201fc85-SNAPSHOT.jar:/home/user/.m2/repository/org/apache/ratis/ratis-common/0.5.0-201fc85-SNAPSHOT/ratis-common-0.5.0-201fc85-SNAPSHOT.jar:/home/user/.m2/repository/org/apache/ratis/ratis-client/0.5.0-201fc85-SNAPSHOT/ratis-client-0.5.0-201fc85-SNAPSHOT.jar:/home/user/.m2/repository/org/apache/ratis/ratis-metrics/0.5.0-201fc85-SNAPSHOT/ratis-metrics-0.5.0-201fc85-SNAPSHOT.jar:/home/user/.m2/repository/com/github/joshelser/dropwizard-metrics-hadoop-metrics2-reporter/0.1.2/dropwizard-metrics-hadoop-metrics2-reporter-0.1.2.jar:/home/user/.m2/repository/io/dropwizard/metrics/metrics-jvm/3.2.5/metrics-jvm-3.2.5.jar:/home/user/.m2/repository/io/dropwizard/metrics/metrics-ganglia/3.2.5/metrics-ganglia-3.2.5.jar:/home/user/.m2/repository/info/ganglia/gmetric4j/gmetric4j/1.0.7/gmetric4j-1.0.7.jar:/home/user/.m2/repository/org/apache/ratis/ratis-netty/0.5.0-201fc85-SNAPSHOT/ratis-netty-0.5.0-201fc85-SNAPSHOT.jar:/home/user/.m2/repository/org/apache/ratis/ratis-grpc/0.5.0-201fc85-SNAPSHOT/ratis-grpc-0.5.0-201fc85-SNAPSHOT.jar:/home/user/.m2/repository/org/rocksdb/rocksdbjni/6.0.1/rocksdbjni-6.0.1.jar:/home/user/.m2/repository/org/apache/logging/log4j/log4j-api/2.11.0/log4j-api-2.11.0.jar:/home/user/.m2/repository/org/apache/logging/log4j/log4j-core/2.11.0/log4j-core-2.11.0.jar:/home/user/.m2/repository/com/lmax/disruptor/3.4.2/disruptor-3.4.2.jar:/home/user/.m2/repository/org/apache/commons/commons-pool2/2.6.0/commons-pool2-2.6.0.jar:/home/user/.m2/repository/org/bouncycastle/bcpkix-jdk15on/1.60/bcpkix-jdk15on-1.60.jar:/home/user/.m2/repository/commons-validator/commons-validator/1.6/commons-validator-1.6.jar:/home/user/.m2/repository/commons-digester/commons-digester/1.8.1/commons-digester-1.8.1.jar:/home/user/.m2/repository/io/jaegertracing/jaeger-client/0.34.0/jaeger-client-0.34.0.jar:/home/user/.m2/repository/io/jaegertracing/jaeger-thrift/0.34.0/jaeger-thrift-0.34.0.jar:/home/user/.m2/repository/org/apache/thrift/libthrift/0.12.0/libthrift-0.12.0.jar:/home/user/.m2/repository/com/squareup/okhttp3/okhttp/3.9.0/okhttp-3.9.0.jar:/home/user/.m2/repository/com/squareup/okio/okio/1.13.0/okio-1.13.0.jar:/home/user/.m2/repository/io/jaegertracing/jaeger-core/0.34.0/jaeger-core-0.34.0.jar:/home/user/.m2/repository/io/jaegertracing/jaeger-tracerresolver/0.34.0/jaeger-tracerresolver-0.34.0.jar:/home/user/.m2/repository/io/opentracing/contrib/opentracing-tracerresolver/0.1.5/opentracing-tracerresolver-0.1.5.jar:/home/user/.m2/repository/io/opentracing/opentracing-util/0.31.0/opentracing-util-0.31.0.jar:/home/user/.m2/repository/io/opentracing/opentracing-api/0.31.0/opentracing-api-0.31.0.jar:/home/user/.m2/repository/io/opentracing/opentracing-noop/0.31.0/opentracing-noop-0.31.0.jar:/home/user/.m2/repository/org/apache/hadoop/hadoop-hdds-server-framework/0.5.0-SNAPSHOT/hadoop-hdds-server-framework-0.5.0-SNAPSHOT.jar:/home/user/.m2/repository/org/apache/hadoop/hadoop-hdds-container-service/0.5.0-SNAPSHOT/hadoop-hdds-container-service-0.5.0-SNAPSHOT.jar:/home/user/.m2/repository/org/apache/hadoop/hadoop-hdds-client/0.5.0-SNAPSHOT/hadoop-hdds-client-0.5.0-SNAPSHOT.jar:/home/user/.m2/repository/org/apache/hadoop/hadoop-hdds-tools/0.5.0-SNAPSHOT/hadoop-hdds-tools-0.5.0-SNAPSHOT.jar:/home/user/.m2/repository/org/apache/hadoop/hadoop-hdds-server-scm/0.5.0-SNAPSHOT/hadoop-hdds-server-scm-0.5.0-SNAPSHOT.jar:/home/user/.m2/repository/org/apache/hadoop/hadoop-hdds-docs/0.5.0-SNAPSHOT/hadoop-hdds-docs-0.5.0-SNAPSHOT.jar:/home/user/.m2/repository/io/dropwizard/metrics/metrics-core/3.2.4/metrics-core-3.2.4.jar:/home/user/.m2/repository/org/hamcrest/hamcrest-all/1.3/hamcrest-all-1.3.jar:/home/user/.m2/repository/org/bouncycastle/bcprov-jdk15on/1.60/bcprov-jdk15on-1.60.jar:/home/user/.m2/repository/info/picocli/picocli/3.9.6/picocli-3.9.6.jar:/home/user/.m2/repository/com/google/protobuf/protobuf-java/2.5.0/protobuf-java-2.5.0.jar:/home/user/.m2/repository/com/google/guava/guava/11.0.2/guava-11.0.2.jar:/home/user/.m2/repository/org/apache/hadoop/hadoop-ozone-ozone-manager/0.5.0-SNAPSHOT/hadoop-ozone-ozone-manager-0.5.0-SNAPSHOT.jar:/home/user/.m2/repository/org/apache/hadoop/hadoop-minikdc/3.2.0/hadoop-minikdc-3.2.0.jar:/home/user/.m2/repository/commons-io/commons-io/2.5/commons-io-2.5.jar:/home/user/.m2/repository/org/apache/kerby/kerb-simplekdc/1.0.1/kerb-simplekdc-1.0.1.jar:/home/user/.m2/repository/org/apache/kerby/kerb-client/1.0.1/kerb-client-1.0.1.jar:/home/user/.m2/repository/org/apache/kerby/kerby-config/1.0.1/kerby-config-1.0.1.jar:/home/user/.m2/repository/org/apache/kerby/kerb-core/1.0.1/kerb-core-1.0.1.jar:/home/user/.m2/repository/org/apache/kerby/kerby-pkix/1.0.1/kerby-pkix-1.0.1.jar:/home/user/.m2/repository/org/apache/kerby/kerby-asn1/1.0.1/kerby-asn1-1.0.1.jar:/home/user/.m2/repository/org/apache/kerby/kerby-util/1.0.1/kerby-util-1.0.1.jar:/home/user/.m2/repository/org/apache/kerby/kerb-common/1.0.1/kerb-common-1.0.1.jar:/home/user/.m2/repository/org/apache/kerby/kerb-crypto/1.0.1/kerb-crypto-1.0.1.jar:/home/user/.m2/repository/org/apache/kerby/kerb-util/1.0.1/kerb-util-1.0.1.jar:/home/user/.m2/repository/org/apache/kerby/token-provider/1.0.1/token-provider-1.0.1.jar:/home/user/.m2/repository/org/apache/kerby/kerb-admin/1.0.1/kerb-admin-1.0.1.jar:/home/user/.m2/repository/org/apache/kerby/kerb-server/1.0.1/kerb-server-1.0.1.jar:/home/user/.m2/repository/org/apache/kerby/kerb-identity/1.0.1/kerb-identity-1.0.1.jar:/home/user/.m2/repository/org/apache/kerby/kerby-xdr/1.0.1/kerby-xdr-1.0.1.jar:/home/user/.m2/repository/org/slf4j/slf4j-log4j12/1.7.25/slf4j-log4j12-1.7.25.jar:/home/user/.m2/repository/org/apache/hadoop/hadoop-ozone-s3gateway/0.5.0-SNAPSHOT/hadoop-ozone-s3gateway-0.5.0-SNAPSHOT.jar:/home/user/.m2/repository/org/jboss/weld/servlet/weld-servlet/2.4.7.Final/weld-servlet-2.4.7.Final.jar:/home/user/.m2/repository/org/glassfish/jersey/containers/jersey-container-servlet-core/2.27/jersey-container-servlet-core-2.27.jar:/home/user/.m2/repository/org/glassfish/hk2/external/javax.inject/2.5.0-b42/javax.inject-2.5.0-b42.jar:/home/user/.m2/repository/org/glassfish/jersey/core/jersey-common/2.27/jersey-common-2.27.jar:/home/user/.m2/repository/org/glassfish/hk2/osgi-resource-locator/1.0.1/osgi-resource-locator-1.0.1.jar:/home/user/.m2/repository/javax/ws/rs/javax.ws.rs-api/2.1/javax.ws.rs-api-2.1.jar:/home/user/.m2/repository/org/glassfish/jersey/ext/cdi/jersey-cdi1x/2.27/jersey-cdi1x-2.27.jar:/home/user/.m2/repository/org/glassfish/jersey/inject/jersey-hk2/2.27/jersey-hk2-2.27.jar:/home/user/.m2/repository/org/glassfish/hk2/hk2-locator/2.5.0-b42/hk2-locator-2.5.0-b42.jar:/home/user/.m2/repository/org/javassist/javassist/3.22.0-CR2/javassist-3.22.0-CR2.jar:/home/user/.m2/repository/org/glassfish/hk2/hk2-api/2.5.0/hk2-api-2.5.0.jar:/home/user/.m2/repository/org/glassfish/hk2/external/jakarta.inject/2.5.0/jakarta.inject-2.5.0.jar:/home/user/.m2/repository/org/glassfish/hk2/hk2-utils/2.5.0/hk2-utils-2.5.0.jar:/home/user/.m2/repository/jakarta/annotation/jakarta.annotation-api/1.3.4/jakarta.annotation-api-1.3.4.jar:/home/user/.m2/repository/org/glassfish/hk2/external/aopalliance-repackaged/2.5.0/aopalliance-repackaged-2.5.0.jar:/home/user/.m2/repository/com/fasterxml/jackson/dataformat/jackson-dataformat-xml/2.9.0/jackson-dataformat-xml-2.9.0.jar:/home/user/.m2/repository/com/fasterxml/jackson/core/jackson-core/2.9.9/jackson-core-2.9.9.jar:/home/user/.m2/repository/com/fasterxml/jackson/module/jackson-module-jaxb-annotations/2.9.9/jackson-module-jaxb-annotations-2.9.9.jar:/home/user/.m2/repository/javax/enterprise/cdi-api/1.2/cdi-api-1.2.jar:/home/user/.m2/repository/javax/el/javax.el-api/3.0.0/javax.el-api-3.0.0.jar:/home/user/.m2/repository/javax/interceptor/javax.interceptor-api/1.2/javax.interceptor-api-1.2.jar:/home/user/.m2/repository/javax/inject/javax.inject/1/javax.inject-1.jar:/home/user/.m2/repository/com/sun/xml/bind/jaxb-impl/2.3.0.1/jaxb-impl-2.3.0.1.jar:/home/user/.m2/repository/com/sun/xml/bind/jaxb-core/2.3.0.1/jaxb-core-2.3.0.1.jar:/home/user/.m2/repository/javax/xml/bind/jaxb-api/2.3.0/jaxb-api-2.3.0.jar:/home/user/.m2/repository/javax/activation/activation/1.1.1/activation-1.1.1.jar:/home/user/.m2/repository/org/apache/hadoop/hadoop-ozone-csi/0.5.0-SNAPSHOT/hadoop-ozone-csi-0.5.0-SNAPSHOT.jar:/home/user/.m2/repository/com/google/protobuf/protobuf-java-util/3.5.1/protobuf-java-util-3.5.1.jar:/home/user/.m2/repository/org/apache/hadoop/hadoop-hdds-config/0.5.0-SNAPSHOT/hadoop-hdds-config-0.5.0-SNAPSHOT.jar:/home/user/.m2/repository/io/grpc/grpc-netty/1.17.1/grpc-netty-1.17.1.jar:/home/user/.m2/repository/io/grpc/grpc-core/1.17.1/grpc-core-1.17.1.jar:/home/user/.m2/repository/io/grpc/grpc-context/1.17.1/grpc-context-1.17.1.jar:/home/user/.m2/repository/com/google/errorprone/error_prone_annotations/2.2.0/error_prone_annotations-2.2.0.jar:/home/user/.m2/repository/org/codehaus/mojo/animal-sniffer-annotations/1.17/animal-sniffer-annotations-1.17.jar:/home/user/.m2/repository/io/opencensus/opencensus-api/0.17.0/opencensus-api-0.17.0.jar:/home/user/.m2/repository/io/opencensus/opencensus-contrib-grpc-metrics/0.17.0/opencensus-contrib-grpc-metrics-0.17.0.jar:/home/user/.m2/repository/io/netty/netty-codec-http2/4.1.30.Final/netty-codec-http2-4.1.30.Final.jar:/home/user/.m2/repository/io/netty/netty-codec-http/4.1.30.Final/netty-codec-http-4.1.30.Final.jar:/home/user/.m2/repository/io/netty/netty-codec/4.1.30.Final/netty-codec-4.1.30.Final.jar:/home/user/.m2/repository/io/netty/netty-handler/4.1.30.Final/netty-handler-4.1.30.Final.jar:/home/user/.m2/repository/io/netty/netty-handler-proxy/4.1.30.Final/netty-handler-proxy-4.1.30.Final.jar:/home/user/.m2/repository/io/netty/netty-codec-socks/4.1.30.Final/netty-codec-socks-4.1.30.Final.jar:/home/user/.m2/repository/io/netty/netty-transport-native-epoll/4.1.30.Final/netty-transport-native-epoll-4.1.30.Final.jar:/home/user/.m2/repository/io/netty/netty-common/4.1.30.Final/netty-common-4.1.30.Final.jar:/home/user/.m2/repository/io/netty/netty-buffer/4.1.30.Final/netty-buffer-4.1.30.Final.jar:/home/user/.m2/repository/io/netty/netty-transport/4.1.30.Final/netty-transport-4.1.30.Final.jar:/home/user/.m2/repository/io/netty/netty-resolver/4.1.30.Final/netty-resolver-4.1.30.Final.jar:/home/user/.m2/repository/io/netty/netty-transport-native-unix-common/4.1.30.Final/netty-transport-native-unix-common-4.1.30.Final.jar:/home/user/.m2/repository/io/grpc/grpc-protobuf/1.17.1/grpc-protobuf-1.17.1.jar:/home/user/.m2/repository/com/google/api/grpc/proto-google-common-protos/1.0.0/proto-google-common-protos-1.0.0.jar:/home/user/.m2/repository/io/grpc/grpc-protobuf-lite/1.17.1/grpc-protobuf-lite-1.17.1.jar:/home/user/.m2/repository/io/grpc/grpc-stub/1.17.1/grpc-stub-1.17.1.jar:/home/user/.m2/repository/org/apache/hadoop/hadoop-ozone-recon/0.5.0-SNAPSHOT/hadoop-ozone-recon-0.5.0-SNAPSHOT.jar:/home/user/.m2/repository/org/apache/hadoop/hadoop-ozone-reconcodegen/0.5.0-SNAPSHOT/hadoop-ozone-reconcodegen-0.5.0-SNAPSHOT.jar:/home/user/.m2/repository/com/google/inject/extensions/guice-multibindings/4.0/guice-multibindings-4.0.jar:/home/user/.m2/repository/com/google/inject/guice/4.0/guice-4.0.jar:/home/user/.m2/repository/aopalliance/aopalliance/1.0/aopalliance-1.0.jar:/home/user/.m2/repository/com/google/inject/extensions/guice-servlet/4.0/guice-servlet-4.0.jar:/home/user/.m2/repository/org/glassfish/jersey/containers/jersey-container-servlet/2.27/jersey-container-servlet-2.27.jar:/home/user/.m2/repository/org/glassfish/hk2/guice-bridge/2.5.0/guice-bridge-2.5.0.jar:/home/user/.m2/repository/org/glassfish/jersey/core/jersey-server/2.27/jersey-server-2.27.jar:/home/user/.m2/repository/org/glassfish/jersey/core/jersey-client/2.27/jersey-client-2.27.jar:/home/user/.m2/repository/org/glassfish/jersey/media/jersey-media-jaxb/2.27/jersey-media-jaxb-2.27.jar:/home/user/.m2/repository/javax/validation/validation-api/1.1.0.Final/validation-api-1.1.0.Final.jar:/home/user/.m2/repository/org/glassfish/jersey/media/jersey-media-json-jackson/2.27/jersey-media-json-jackson-2.27.jar:/home/user/.m2/repository/org/glassfish/jersey/ext/jersey-entity-filtering/2.27/jersey-entity-filtering-2.27.jar:/home/user/.m2/repository/com/google/inject/extensions/guice-assistedinject/4.0/guice-assistedinject-4.0.jar:/home/user/.m2/repository/org/jooq/jooq/3.11.10/jooq-3.11.10.jar:/home/user/.m2/repository/org/jooq/jooq-meta/3.11.10/jooq-meta-3.11.10.jar:/home/user/.m2/repository/org/jooq/jooq-codegen/3.11.10/jooq-codegen-3.11.10.jar:/home/user/.m2/repository/com/jolbox/bonecp/0.8.0.RELEASE/bonecp-0.8.0.RELEASE.jar:/home/user/.m2/repository/org/xerial/sqlite-jdbc/3.25.2/sqlite-jdbc-3.25.2.jar:/home/user/.m2/repository/org/springframework/spring-jdbc/5.1.3.RELEASE/spring-jdbc-5.1.3.RELEASE.jar:/home/user/.m2/repository/org/springframework/spring-beans/5.1.3.RELEASE/spring-beans-5.1.3.RELEASE.jar:/home/user/.m2/repository/org/springframework/spring-core/5.1.3.RELEASE/spring-core-5.1.3.RELEASE.jar:/home/user/.m2/repository/org/springframework/spring-jcl/5.1.3.RELEASE/spring-jcl-5.1.3.RELEASE.jar:/home/user/.m2/repository/org/springframework/spring-tx/5.1.3.RELEASE/spring-tx-5.1.3.RELEASE.jar:/home/user/.m2/repository/org/apache/hadoop/hadoop-ozone-client/0.5.0-SNAPSHOT/hadoop-ozone-client-0.5.0-SNAPSHOT.jar:/home/user/.m2/repository/commons-lang/commons-lang/2.6/commons-lang-2.6.jar:/home/user/.m2/repository/org/apache/hadoop/hadoop-ozone-ozone-manager/0.5.0-SNAPSHOT/hadoop-ozone-ozone-manager-0.5.0-SNAPSHOT-tests.jar:/home/user/.m2/repository/junit/junit/4.11/junit-4.11.jar:/home/user/.m2/repository/org/hamcrest/hamcrest-core/1.3/hamcrest-core-1.3.jar:/home/user/.m2/repository/org/openjdk/jmh/jmh-core/1.19/jmh-core-1.19.jar:/home/user/.m2/repository/net/sf/jopt-simple/jopt-simple/4.6/jopt-simple-4.6.jar:/home/user/.m2/repository/org/apache/commons/commons-math3/3.1.1/commons-math3-3.1.1.jar:/home/user/.m2/repository/org/openjdk/jmh/jmh-generator-annprocess/1.19/jmh-generator-annprocess-1.19.jar:/home/user/.m2/repository/org/mockito/mockito-all/1.8.5/mockito-all-1.8.5.jar:/home/user/.m2/repository/org/apache/hadoop/hadoop-kms/3.2.0/hadoop-kms-3.2.0.jar:/home/user/.m2/repository/org/apache/hadoop/hadoop-auth/3.2.0/hadoop-auth-3.2.0.jar:/home/user/.m2/repository/com/nimbusds/nimbus-jose-jwt/4.41.1/nimbus-jose-jwt-4.41.1.jar:/home/user/.m2/repository/com/github/stephenc/jcip/jcip-annotations/1.0-1/jcip-annotations-1.0-1.jar:/home/user/.m2/repository/net/minidev/json-smart/2.3/json-smart-2.3.jar:/home/user/.m2/repository/net/minidev/accessors-smart/1.2/accessors-smart-1.2.jar:/home/user/.m2/repository/org/ow2/asm/asm/5.0.4/asm-5.0.4.jar:/home/user/.m2/repository/org/apache/curator/curator-framework/2.12.0/curator-framework-2.12.0.jar:/home/user/.m2/repository/com/sun/jersey/jersey-core/1.19/jersey-core-1.19.jar:/home/user/.m2/repository/javax/ws/rs/jsr311-api/1.1.1/jsr311-api-1.1.1.jar:/home/user/.m2/repository/com/sun/jersey/jersey-server/1.19/jersey-server-1.19.jar:/home/user/.m2/repository/javax/servlet/javax.servlet-api/3.1.0/javax.servlet-api-3.1.0.jar:/home/user/.m2/repository/org/eclipse/jetty/jetty-server/9.3.25.v20180904/jetty-server-9.3.25.v20180904.jar:/home/user/.m2/repository/org/eclipse/jetty/jetty-http/9.3.25.v20180904/jetty-http-9.3.25.v20180904.jar:/home/user/.m2/repository/org/eclipse/jetty/jetty-io/9.3.25.v20180904/jetty-io-9.3.25.v20180904.jar:/home/user/.m2/repository/org/eclipse/jetty/jetty-webapp/9.3.25.v20180904/jetty-webapp-9.3.25.v20180904.jar:/home/user/.m2/repository/org/eclipse/jetty/jetty-xml/9.3.25.v20180904/jetty-xml-9.3.25.v20180904.jar:/home/user/.m2/repository/log4j/log4j/1.2.17/log4j-1.2.17.jar:/home/user/.m2/repository/org/slf4j/slf4j-api/1.7.25/slf4j-api-1.7.25.jar:/home/user/.m2/repository/org/slf4j/jul-to-slf4j/1.7.25/jul-to-slf4j-1.7.25.jar:/home/user/.m2/repository/org/eclipse/jetty/jetty-util/9.3.25.v20180904/jetty-util-9.3.25.v20180904.jar:/home/user/.m2/repository/com/fasterxml/jackson/core/jackson-databind/2.9.9/jackson-databind-2.9.9.jar:/home/user/.m2/repository/org/apache/hadoop/hadoop-kms/3.2.0/hadoop-kms-3.2.0-tests.jar:/home/user/.m2/repository/org/apache/hadoop/hadoop-hdds-server-scm/0.5.0-SNAPSHOT/hadoop-hdds-server-scm-0.5.0-SNAPSHOT-tests.jar:/home/user/.m2/repository/org/apache/hadoop/hadoop-hdds-container-service/0.5.0-SNAPSHOT/hadoop-hdds-container-service-0.5.0-SNAPSHOT-tests.jar:/home/user/.m2/repository/org/yaml/snakeyaml/1.16/snakeyaml-1.16.jar:/home/user/.m2/repository/org/apache/hadoop/hadoop-common/3.2.0/hadoop-common-3.2.0-tests.jar:/home/user/.m2/repository/org/apache/hadoop/hadoop-annotations/3.2.0/hadoop-annotations-3.2.0.jar:/usr/lib/jvm/java-1.8-openjdk/jre/../lib/tools.jar:/home/user/.m2/repository/commons-cli/commons-cli/1.2/commons-cli-1.2.jar:/home/user/.m2/repository/org/apache/httpcomponents/httpclient/4.5.2/httpclient-4.5.2.jar:/home/user/.m2/repository/org/apache/httpcomponents/httpcore/4.4.4/httpcore-4.4.4.jar:/home/user/.m2/repository/commons-codec/commons-codec/1.11/commons-codec-1.11.jar:/home/user/.m2/repository/commons-net/commons-net/3.6/commons-net-3.6.jar:/home/user/.m2/repository/commons-collections/commons-collections/3.2.2/commons-collections-3.2.2.jar:/home/user/.m2/repository/org/eclipse/jetty/jetty-servlet/9.3.25.v20180904/jetty-servlet-9.3.25.v20180904.jar:/home/user/.m2/repository/org/eclipse/jetty/jetty-security/9.3.25.v20180904/jetty-security-9.3.25.v20180904.jar:/home/user/.m2/repository/javax/servlet/jsp/jsp-api/2.1/jsp-api-2.1.jar:/home/user/.m2/repository/com/sun/jersey/jersey-servlet/1.19/jersey-servlet-1.19.jar:/home/user/.m2/repository/com/sun/jersey/jersey-json/1.19/jersey-json-1.19.jar:/home/user/.m2/repository/org/codehaus/jettison/jettison/1.1/jettison-1.1.jar:/home/user/.m2/repository/org/codehaus/jackson/jackson-core-asl/1.9.13/jackson-core-asl-1.9.13.jar:/home/user/.m2/repository/org/codehaus/jackson/jackson-mapper-asl/1.9.13/jackson-mapper-asl-1.9.13.jar:/home/user/.m2/repository/org/codehaus/jackson/jackson-jaxrs/1.9.13/jackson-jaxrs-1.9.13.jar:/home/user/.m2/repository/org/codehaus/jackson/jackson-xc/1.9.13/jackson-xc-1.9.13.jar:/home/user/.m2/repository/commons-logging/commons-logging/1.1.3/commons-logging-1.1.3.jar:/home/user/.m2/repository/commons-beanutils/commons-beanutils/1.9.4/commons-beanutils-1.9.4.jar:/home/user/.m2/repository/org/apache/commons/commons-configuration2/2.1.1/commons-configuration2-2.1.1.jar:/home/user/.m2/repository/org/apache/commons/commons-lang3/3.7/commons-lang3-3.7.jar:/home/user/.m2/repository/org/apache/commons/commons-text/1.4/commons-text-1.4.jar:/home/user/.m2/repository/org/apache/avro/avro/1.7.7/avro-1.7.7.jar:/home/user/.m2/repository/com/thoughtworks/paranamer/paranamer/2.3/paranamer-2.3.jar:/home/user/.m2/repository/org/xerial/snappy/snappy-java/1.0.5/snappy-java-1.0.5.jar:/home/user/.m2/repository/com/google/re2j/re2j/1.1/re2j-1.1.jar:/home/user/.m2/repository/com/google/code/gson/gson/2.2.4/gson-2.2.4.jar:/home/user/.m2/repository/com/jcraft/jsch/0.1.54/jsch-0.1.54.jar:/home/user/.m2/repository/org/apache/curator/curator-client/2.12.0/curator-client-2.12.0.jar:/home/user/.m2/repository/org/apache/curator/curator-recipes/2.12.0/curator-recipes-2.12.0.jar:/home/user/.m2/repository/com/google/code/findbugs/jsr305/3.0.0/jsr305-3.0.0.jar:/home/user/.m2/repository/org/apache/htrace/htrace-core4/4.1.0-incubating/htrace-core4-4.1.0-incubating.jar:/home/user/.m2/repository/org/apache/zookeeper/zookeeper/3.4.13/zookeeper-3.4.13.jar:/home/user/.m2/repository/jline/jline/0.9.94/jline-0.9.94.jar:/home/user/.m2/repository/org/apache/yetus/audience-annotations/0.5.0/audience-annotations-0.5.0.jar:/home/user/.m2/repository/org/codehaus/woodstox/stax2-api/3.1.4/stax2-api-3.1.4.jar:/home/user/.m2/repository/com/fasterxml/woodstox/woodstox-core/5.0.3/woodstox-core-5.0.3.jar:/home/user/.m2/repository/dnsjava/dnsjava/2.1.7/dnsjava-2.1.7.jar:/home/user/.m2/repository/org/apache/hadoop/hadoop-hdfs/3.2.0/hadoop-hdfs-3.2.0-tests.jar:/home/user/.m2/repository/org/eclipse/jetty/jetty-util-ajax/9.3.25.v20180904/jetty-util-ajax-9.3.25.v20180904.jar:/home/user/.m2/repository/commons-daemon/commons-daemon/1.0.13/commons-daemon-1.0.13.jar:/home/user/.m2/repository/io/netty/netty/3.10.5.Final/netty-3.10.5.Final.jar:/home/user/.m2/repository/io/netty/netty-all/4.0.52.Final/netty-all-4.0.52.Final.jar:/home/user/.m2/repository/org/fusesource/leveldbjni/leveldbjni-all/1.8/leveldbjni-all-1.8.jar:"/>
    <property name="java.vm.vendor" value="IcedTea"/>
    <property name="sun.arch.data.model" value="64"/>
    <property name="test.build.dir" value="/workdir/hadoop-ozone/integration-test/target/test-dir"/>
    <property name="test.cache.data" value=""/>
    <property name="java.vendor.url" value="https://icedtea.classpath.org"/>
    <property name="user.timezone" value=""/>
    <property name="java.vm.specification.version" value="1.8"/>
    <property name="os.name" value="Linux"/>
    <property name="test.build.data" value="/workdir/hadoop-ozone/integration-test/target/test-dir"/>
    <property name="user.country" value="US"/>
    <property name="sun.java.launcher" value="SUN_STANDARD"/>
    <property name="sun.boot.library.path" value="/usr/lib/jvm/java-1.8-openjdk/jre/lib/amd64"/>
    <property name="sun.java.command" value="/workdir/hadoop-ozone/integration-test/target/surefire/surefirebooter9109279345147605965.jar /workdir/hadoop-ozone/integration-test/target/surefire 2019-10-06T00-03-19_196-jvmRun1 surefire5539882606907635050tmp surefire_564930934187803311097tmp"/>
    <property name="test" value="!TestMiniChaosOzoneCluster"/>
    <property name="surefire.test.class.path" value="/workdir/hadoop-ozone/integration-test/target/test-classes:/workdir/hadoop-ozone/integration-test/target/classes:/home/user/.m2/repository/org/apache/hadoop/hadoop-ozone-common/0.5.0-SNAPSHOT/hadoop-ozone-common-0.5.0-SNAPSHOT.jar:/home/user/.m2/repository/org/apache/commons/commons-compress/1.4.1/commons-compress-1.4.1.jar:/home/user/.m2/repository/org/tukaani/xz/1.0/xz-1.0.jar:/home/user/.m2/repository/org/apache/hadoop/hadoop-common/3.2.0/hadoop-common-3.2.0.jar:/home/user/.m2/repository/org/apache/hadoop/hadoop-hdfs/3.2.0/hadoop-hdfs-3.2.0.jar:/home/user/.m2/repository/org/apache/hadoop/hadoop-hdfs-client/3.2.0/hadoop-hdfs-client-3.2.0.jar:/home/user/.m2/repository/com/fasterxml/jackson/core/jackson-annotations/2.9.9/jackson-annotations-2.9.9.jar:/home/user/.m2/repository/org/apache/hadoop/hadoop-hdds-common/0.5.0-SNAPSHOT/hadoop-hdds-common-0.5.0-SNAPSHOT.jar:/home/user/.m2/repository/javax/annotation/javax.annotation-api/1.2/javax.annotation-api-1.2.jar:/home/user/.m2/repository/org/apache/ratis/ratis-server/0.5.0-201fc85-SNAPSHOT/ratis-server-0.5.0-201fc85-SNAPSHOT.jar:/home/user/.m2/repository/org/apache/ratis/ratis-thirdparty-misc/0.2.0/ratis-thirdparty-misc-0.2.0.jar:/home/user/.m2/repository/org/apache/ratis/ratis-proto/0.5.0-201fc85-SNAPSHOT/ratis-proto-0.5.0-201fc85-SNAPSHOT.jar:/home/user/.m2/repository/org/apache/ratis/ratis-common/0.5.0-201fc85-SNAPSHOT/ratis-common-0.5.0-201fc85-SNAPSHOT.jar:/home/user/.m2/repository/org/apache/ratis/ratis-client/0.5.0-201fc85-SNAPSHOT/ratis-client-0.5.0-201fc85-SNAPSHOT.jar:/home/user/.m2/repository/org/apache/ratis/ratis-metrics/0.5.0-201fc85-SNAPSHOT/ratis-metrics-0.5.0-201fc85-SNAPSHOT.jar:/home/user/.m2/repository/com/github/joshelser/dropwizard-metrics-hadoop-metrics2-reporter/0.1.2/dropwizard-metrics-hadoop-metrics2-reporter-0.1.2.jar:/home/user/.m2/repository/io/dropwizard/metrics/metrics-jvm/3.2.5/metrics-jvm-3.2.5.jar:/home/user/.m2/repository/io/dropwizard/metrics/metrics-ganglia/3.2.5/metrics-ganglia-3.2.5.jar:/home/user/.m2/repository/info/ganglia/gmetric4j/gmetric4j/1.0.7/gmetric4j-1.0.7.jar:/home/user/.m2/repository/org/apache/ratis/ratis-netty/0.5.0-201fc85-SNAPSHOT/ratis-netty-0.5.0-201fc85-SNAPSHOT.jar:/home/user/.m2/repository/org/apache/ratis/ratis-grpc/0.5.0-201fc85-SNAPSHOT/ratis-grpc-0.5.0-201fc85-SNAPSHOT.jar:/home/user/.m2/repository/org/rocksdb/rocksdbjni/6.0.1/rocksdbjni-6.0.1.jar:/home/user/.m2/repository/org/apache/logging/log4j/log4j-api/2.11.0/log4j-api-2.11.0.jar:/home/user/.m2/repository/org/apache/logging/log4j/log4j-core/2.11.0/log4j-core-2.11.0.jar:/home/user/.m2/repository/com/lmax/disruptor/3.4.2/disruptor-3.4.2.jar:/home/user/.m2/repository/org/apache/commons/commons-pool2/2.6.0/commons-pool2-2.6.0.jar:/home/user/.m2/repository/org/bouncycastle/bcpkix-jdk15on/1.60/bcpkix-jdk15on-1.60.jar:/home/user/.m2/repository/commons-validator/commons-validator/1.6/commons-validator-1.6.jar:/home/user/.m2/repository/commons-digester/commons-digester/1.8.1/commons-digester-1.8.1.jar:/home/user/.m2/repository/io/jaegertracing/jaeger-client/0.34.0/jaeger-client-0.34.0.jar:/home/user/.m2/repository/io/jaegertracing/jaeger-thrift/0.34.0/jaeger-thrift-0.34.0.jar:/home/user/.m2/repository/org/apache/thrift/libthrift/0.12.0/libthrift-0.12.0.jar:/home/user/.m2/repository/com/squareup/okhttp3/okhttp/3.9.0/okhttp-3.9.0.jar:/home/user/.m2/repository/com/squareup/okio/okio/1.13.0/okio-1.13.0.jar:/home/user/.m2/repository/io/jaegertracing/jaeger-core/0.34.0/jaeger-core-0.34.0.jar:/home/user/.m2/repository/io/jaegertracing/jaeger-tracerresolver/0.34.0/jaeger-tracerresolver-0.34.0.jar:/home/user/.m2/repository/io/opentracing/contrib/opentracing-tracerresolver/0.1.5/opentracing-tracerresolver-0.1.5.jar:/home/user/.m2/repository/io/opentracing/opentracing-util/0.31.0/opentracing-util-0.31.0.jar:/home/user/.m2/repository/io/opentracing/opentracing-api/0.31.0/opentracing-api-0.31.0.jar:/home/user/.m2/repository/io/opentracing/opentracing-noop/0.31.0/opentracing-noop-0.31.0.jar:/home/user/.m2/repository/org/apache/hadoop/hadoop-hdds-server-framework/0.5.0-SNAPSHOT/hadoop-hdds-server-framework-0.5.0-SNAPSHOT.jar:/home/user/.m2/repository/org/apache/hadoop/hadoop-hdds-container-service/0.5.0-SNAPSHOT/hadoop-hdds-container-service-0.5.0-SNAPSHOT.jar:/home/user/.m2/repository/org/apache/hadoop/hadoop-hdds-client/0.5.0-SNAPSHOT/hadoop-hdds-client-0.5.0-SNAPSHOT.jar:/home/user/.m2/repository/org/apache/hadoop/hadoop-hdds-tools/0.5.0-SNAPSHOT/hadoop-hdds-tools-0.5.0-SNAPSHOT.jar:/home/user/.m2/repository/org/apache/hadoop/hadoop-hdds-server-scm/0.5.0-SNAPSHOT/hadoop-hdds-server-scm-0.5.0-SNAPSHOT.jar:/home/user/.m2/repository/org/apache/hadoop/hadoop-hdds-docs/0.5.0-SNAPSHOT/hadoop-hdds-docs-0.5.0-SNAPSHOT.jar:/home/user/.m2/repository/io/dropwizard/metrics/metrics-core/3.2.4/metrics-core-3.2.4.jar:/home/user/.m2/repository/org/hamcrest/hamcrest-all/1.3/hamcrest-all-1.3.jar:/home/user/.m2/repository/org/bouncycastle/bcprov-jdk15on/1.60/bcprov-jdk15on-1.60.jar:/home/user/.m2/repository/info/picocli/picocli/3.9.6/picocli-3.9.6.jar:/home/user/.m2/repository/com/google/protobuf/protobuf-java/2.5.0/protobuf-java-2.5.0.jar:/home/user/.m2/repository/com/google/guava/guava/11.0.2/guava-11.0.2.jar:/home/user/.m2/repository/org/apache/hadoop/hadoop-ozone-ozone-manager/0.5.0-SNAPSHOT/hadoop-ozone-ozone-manager-0.5.0-SNAPSHOT.jar:/home/user/.m2/repository/org/apache/hadoop/hadoop-minikdc/3.2.0/hadoop-minikdc-3.2.0.jar:/home/user/.m2/repository/commons-io/commons-io/2.5/commons-io-2.5.jar:/home/user/.m2/repository/org/apache/kerby/kerb-simplekdc/1.0.1/kerb-simplekdc-1.0.1.jar:/home/user/.m2/repository/org/apache/kerby/kerb-client/1.0.1/kerb-client-1.0.1.jar:/home/user/.m2/repository/org/apache/kerby/kerby-config/1.0.1/kerby-config-1.0.1.jar:/home/user/.m2/repository/org/apache/kerby/kerb-core/1.0.1/kerb-core-1.0.1.jar:/home/user/.m2/repository/org/apache/kerby/kerby-pkix/1.0.1/kerby-pkix-1.0.1.jar:/home/user/.m2/repository/org/apache/kerby/kerby-asn1/1.0.1/kerby-asn1-1.0.1.jar:/home/user/.m2/repository/org/apache/kerby/kerby-util/1.0.1/kerby-util-1.0.1.jar:/home/user/.m2/repository/org/apache/kerby/kerb-common/1.0.1/kerb-common-1.0.1.jar:/home/user/.m2/repository/org/apache/kerby/kerb-crypto/1.0.1/kerb-crypto-1.0.1.jar:/home/user/.m2/repository/org/apache/kerby/kerb-util/1.0.1/kerb-util-1.0.1.jar:/home/user/.m2/repository/org/apache/kerby/token-provider/1.0.1/token-provider-1.0.1.jar:/home/user/.m2/repository/org/apache/kerby/kerb-admin/1.0.1/kerb-admin-1.0.1.jar:/home/user/.m2/repository/org/apache/kerby/kerb-server/1.0.1/kerb-server-1.0.1.jar:/home/user/.m2/repository/org/apache/kerby/kerb-identity/1.0.1/kerb-identity-1.0.1.jar:/home/user/.m2/repository/org/apache/kerby/kerby-xdr/1.0.1/kerby-xdr-1.0.1.jar:/home/user/.m2/repository/org/slf4j/slf4j-log4j12/1.7.25/slf4j-log4j12-1.7.25.jar:/home/user/.m2/repository/org/apache/hadoop/hadoop-ozone-s3gateway/0.5.0-SNAPSHOT/hadoop-ozone-s3gateway-0.5.0-SNAPSHOT.jar:/home/user/.m2/repository/org/jboss/weld/servlet/weld-servlet/2.4.7.Final/weld-servlet-2.4.7.Final.jar:/home/user/.m2/repository/org/glassfish/jersey/containers/jersey-container-servlet-core/2.27/jersey-container-servlet-core-2.27.jar:/home/user/.m2/repository/org/glassfish/hk2/external/javax.inject/2.5.0-b42/javax.inject-2.5.0-b42.jar:/home/user/.m2/repository/org/glassfish/jersey/core/jersey-common/2.27/jersey-common-2.27.jar:/home/user/.m2/repository/org/glassfish/hk2/osgi-resource-locator/1.0.1/osgi-resource-locator-1.0.1.jar:/home/user/.m2/repository/javax/ws/rs/javax.ws.rs-api/2.1/javax.ws.rs-api-2.1.jar:/home/user/.m2/repository/org/glassfish/jersey/ext/cdi/jersey-cdi1x/2.27/jersey-cdi1x-2.27.jar:/home/user/.m2/repository/org/glassfish/jersey/inject/jersey-hk2/2.27/jersey-hk2-2.27.jar:/home/user/.m2/repository/org/glassfish/hk2/hk2-locator/2.5.0-b42/hk2-locator-2.5.0-b42.jar:/home/user/.m2/repository/org/javassist/javassist/3.22.0-CR2/javassist-3.22.0-CR2.jar:/home/user/.m2/repository/org/glassfish/hk2/hk2-api/2.5.0/hk2-api-2.5.0.jar:/home/user/.m2/repository/org/glassfish/hk2/external/jakarta.inject/2.5.0/jakarta.inject-2.5.0.jar:/home/user/.m2/repository/org/glassfish/hk2/hk2-utils/2.5.0/hk2-utils-2.5.0.jar:/home/user/.m2/repository/jakarta/annotation/jakarta.annotation-api/1.3.4/jakarta.annotation-api-1.3.4.jar:/home/user/.m2/repository/org/glassfish/hk2/external/aopalliance-repackaged/2.5.0/aopalliance-repackaged-2.5.0.jar:/home/user/.m2/repository/com/fasterxml/jackson/dataformat/jackson-dataformat-xml/2.9.0/jackson-dataformat-xml-2.9.0.jar:/home/user/.m2/repository/com/fasterxml/jackson/core/jackson-core/2.9.9/jackson-core-2.9.9.jar:/home/user/.m2/repository/com/fasterxml/jackson/module/jackson-module-jaxb-annotations/2.9.9/jackson-module-jaxb-annotations-2.9.9.jar:/home/user/.m2/repository/javax/enterprise/cdi-api/1.2/cdi-api-1.2.jar:/home/user/.m2/repository/javax/el/javax.el-api/3.0.0/javax.el-api-3.0.0.jar:/home/user/.m2/repository/javax/interceptor/javax.interceptor-api/1.2/javax.interceptor-api-1.2.jar:/home/user/.m2/repository/javax/inject/javax.inject/1/javax.inject-1.jar:/home/user/.m2/repository/com/sun/xml/bind/jaxb-impl/2.3.0.1/jaxb-impl-2.3.0.1.jar:/home/user/.m2/repository/com/sun/xml/bind/jaxb-core/2.3.0.1/jaxb-core-2.3.0.1.jar:/home/user/.m2/repository/javax/xml/bind/jaxb-api/2.3.0/jaxb-api-2.3.0.jar:/home/user/.m2/repository/javax/activation/activation/1.1.1/activation-1.1.1.jar:/home/user/.m2/repository/org/apache/hadoop/hadoop-ozone-csi/0.5.0-SNAPSHOT/hadoop-ozone-csi-0.5.0-SNAPSHOT.jar:/home/user/.m2/repository/com/google/protobuf/protobuf-java-util/3.5.1/protobuf-java-util-3.5.1.jar:/home/user/.m2/repository/org/apache/hadoop/hadoop-hdds-config/0.5.0-SNAPSHOT/hadoop-hdds-config-0.5.0-SNAPSHOT.jar:/home/user/.m2/repository/io/grpc/grpc-netty/1.17.1/grpc-netty-1.17.1.jar:/home/user/.m2/repository/io/grpc/grpc-core/1.17.1/grpc-core-1.17.1.jar:/home/user/.m2/repository/io/grpc/grpc-context/1.17.1/grpc-context-1.17.1.jar:/home/user/.m2/repository/com/google/errorprone/error_prone_annotations/2.2.0/error_prone_annotations-2.2.0.jar:/home/user/.m2/repository/org/codehaus/mojo/animal-sniffer-annotations/1.17/animal-sniffer-annotations-1.17.jar:/home/user/.m2/repository/io/opencensus/opencensus-api/0.17.0/opencensus-api-0.17.0.jar:/home/user/.m2/repository/io/opencensus/opencensus-contrib-grpc-metrics/0.17.0/opencensus-contrib-grpc-metrics-0.17.0.jar:/home/user/.m2/repository/io/netty/netty-codec-http2/4.1.30.Final/netty-codec-http2-4.1.30.Final.jar:/home/user/.m2/repository/io/netty/netty-codec-http/4.1.30.Final/netty-codec-http-4.1.30.Final.jar:/home/user/.m2/repository/io/netty/netty-codec/4.1.30.Final/netty-codec-4.1.30.Final.jar:/home/user/.m2/repository/io/netty/netty-handler/4.1.30.Final/netty-handler-4.1.30.Final.jar:/home/user/.m2/repository/io/netty/netty-handler-proxy/4.1.30.Final/netty-handler-proxy-4.1.30.Final.jar:/home/user/.m2/repository/io/netty/netty-codec-socks/4.1.30.Final/netty-codec-socks-4.1.30.Final.jar:/home/user/.m2/repository/io/netty/netty-transport-native-epoll/4.1.30.Final/netty-transport-native-epoll-4.1.30.Final.jar:/home/user/.m2/repository/io/netty/netty-common/4.1.30.Final/netty-common-4.1.30.Final.jar:/home/user/.m2/repository/io/netty/netty-buffer/4.1.30.Final/netty-buffer-4.1.30.Final.jar:/home/user/.m2/repository/io/netty/netty-transport/4.1.30.Final/netty-transport-4.1.30.Final.jar:/home/user/.m2/repository/io/netty/netty-resolver/4.1.30.Final/netty-resolver-4.1.30.Final.jar:/home/user/.m2/repository/io/netty/netty-transport-native-unix-common/4.1.30.Final/netty-transport-native-unix-common-4.1.30.Final.jar:/home/user/.m2/repository/io/grpc/grpc-protobuf/1.17.1/grpc-protobuf-1.17.1.jar:/home/user/.m2/repository/com/google/api/grpc/proto-google-common-protos/1.0.0/proto-google-common-protos-1.0.0.jar:/home/user/.m2/repository/io/grpc/grpc-protobuf-lite/1.17.1/grpc-protobuf-lite-1.17.1.jar:/home/user/.m2/repository/io/grpc/grpc-stub/1.17.1/grpc-stub-1.17.1.jar:/home/user/.m2/repository/org/apache/hadoop/hadoop-ozone-recon/0.5.0-SNAPSHOT/hadoop-ozone-recon-0.5.0-SNAPSHOT.jar:/home/user/.m2/repository/org/apache/hadoop/hadoop-ozone-reconcodegen/0.5.0-SNAPSHOT/hadoop-ozone-reconcodegen-0.5.0-SNAPSHOT.jar:/home/user/.m2/repository/com/google/inject/extensions/guice-multibindings/4.0/guice-multibindings-4.0.jar:/home/user/.m2/repository/com/google/inject/guice/4.0/guice-4.0.jar:/home/user/.m2/repository/aopalliance/aopalliance/1.0/aopalliance-1.0.jar:/home/user/.m2/repository/com/google/inject/extensions/guice-servlet/4.0/guice-servlet-4.0.jar:/home/user/.m2/repository/org/glassfish/jersey/containers/jersey-container-servlet/2.27/jersey-container-servlet-2.27.jar:/home/user/.m2/repository/org/glassfish/hk2/guice-bridge/2.5.0/guice-bridge-2.5.0.jar:/home/user/.m2/repository/org/glassfish/jersey/core/jersey-server/2.27/jersey-server-2.27.jar:/home/user/.m2/repository/org/glassfish/jersey/core/jersey-client/2.27/jersey-client-2.27.jar:/home/user/.m2/repository/org/glassfish/jersey/media/jersey-media-jaxb/2.27/jersey-media-jaxb-2.27.jar:/home/user/.m2/repository/javax/validation/validation-api/1.1.0.Final/validation-api-1.1.0.Final.jar:/home/user/.m2/repository/org/glassfish/jersey/media/jersey-media-json-jackson/2.27/jersey-media-json-jackson-2.27.jar:/home/user/.m2/repository/org/glassfish/jersey/ext/jersey-entity-filtering/2.27/jersey-entity-filtering-2.27.jar:/home/user/.m2/repository/com/google/inject/extensions/guice-assistedinject/4.0/guice-assistedinject-4.0.jar:/home/user/.m2/repository/org/jooq/jooq/3.11.10/jooq-3.11.10.jar:/home/user/.m2/repository/org/jooq/jooq-meta/3.11.10/jooq-meta-3.11.10.jar:/home/user/.m2/repository/org/jooq/jooq-codegen/3.11.10/jooq-codegen-3.11.10.jar:/home/user/.m2/repository/com/jolbox/bonecp/0.8.0.RELEASE/bonecp-0.8.0.RELEASE.jar:/home/user/.m2/repository/org/xerial/sqlite-jdbc/3.25.2/sqlite-jdbc-3.25.2.jar:/home/user/.m2/repository/org/springframework/spring-jdbc/5.1.3.RELEASE/spring-jdbc-5.1.3.RELEASE.jar:/home/user/.m2/repository/org/springframework/spring-beans/5.1.3.RELEASE/spring-beans-5.1.3.RELEASE.jar:/home/user/.m2/repository/org/springframework/spring-core/5.1.3.RELEASE/spring-core-5.1.3.RELEASE.jar:/home/user/.m2/repository/org/springframework/spring-jcl/5.1.3.RELEASE/spring-jcl-5.1.3.RELEASE.jar:/home/user/.m2/repository/org/springframework/spring-tx/5.1.3.RELEASE/spring-tx-5.1.3.RELEASE.jar:/home/user/.m2/repository/org/apache/hadoop/hadoop-ozone-client/0.5.0-SNAPSHOT/hadoop-ozone-client-0.5.0-SNAPSHOT.jar:/home/user/.m2/repository/commons-lang/commons-lang/2.6/commons-lang-2.6.jar:/home/user/.m2/repository/org/apache/hadoop/hadoop-ozone-ozone-manager/0.5.0-SNAPSHOT/hadoop-ozone-ozone-manager-0.5.0-SNAPSHOT-tests.jar:/home/user/.m2/repository/junit/junit/4.11/junit-4.11.jar:/home/user/.m2/repository/org/hamcrest/hamcrest-core/1.3/hamcrest-core-1.3.jar:/home/user/.m2/repository/org/openjdk/jmh/jmh-core/1.19/jmh-core-1.19.jar:/home/user/.m2/repository/net/sf/jopt-simple/jopt-simple/4.6/jopt-simple-4.6.jar:/home/user/.m2/repository/org/apache/commons/commons-math3/3.1.1/commons-math3-3.1.1.jar:/home/user/.m2/repository/org/openjdk/jmh/jmh-generator-annprocess/1.19/jmh-generator-annprocess-1.19.jar:/home/user/.m2/repository/org/mockito/mockito-all/1.8.5/mockito-all-1.8.5.jar:/home/user/.m2/repository/org/apache/hadoop/hadoop-kms/3.2.0/hadoop-kms-3.2.0.jar:/home/user/.m2/repository/org/apache/hadoop/hadoop-auth/3.2.0/hadoop-auth-3.2.0.jar:/home/user/.m2/repository/com/nimbusds/nimbus-jose-jwt/4.41.1/nimbus-jose-jwt-4.41.1.jar:/home/user/.m2/repository/com/github/stephenc/jcip/jcip-annotations/1.0-1/jcip-annotations-1.0-1.jar:/home/user/.m2/repository/net/minidev/json-smart/2.3/json-smart-2.3.jar:/home/user/.m2/repository/net/minidev/accessors-smart/1.2/accessors-smart-1.2.jar:/home/user/.m2/repository/org/ow2/asm/asm/5.0.4/asm-5.0.4.jar:/home/user/.m2/repository/org/apache/curator/curator-framework/2.12.0/curator-framework-2.12.0.jar:/home/user/.m2/repository/com/sun/jersey/jersey-core/1.19/jersey-core-1.19.jar:/home/user/.m2/repository/javax/ws/rs/jsr311-api/1.1.1/jsr311-api-1.1.1.jar:/home/user/.m2/repository/com/sun/jersey/jersey-server/1.19/jersey-server-1.19.jar:/home/user/.m2/repository/javax/servlet/javax.servlet-api/3.1.0/javax.servlet-api-3.1.0.jar:/home/user/.m2/repository/org/eclipse/jetty/jetty-server/9.3.25.v20180904/jetty-server-9.3.25.v20180904.jar:/home/user/.m2/repository/org/eclipse/jetty/jetty-http/9.3.25.v20180904/jetty-http-9.3.25.v20180904.jar:/home/user/.m2/repository/org/eclipse/jetty/jetty-io/9.3.25.v20180904/jetty-io-9.3.25.v20180904.jar:/home/user/.m2/repository/org/eclipse/jetty/jetty-webapp/9.3.25.v20180904/jetty-webapp-9.3.25.v20180904.jar:/home/user/.m2/repository/org/eclipse/jetty/jetty-xml/9.3.25.v20180904/jetty-xml-9.3.25.v20180904.jar:/home/user/.m2/repository/log4j/log4j/1.2.17/log4j-1.2.17.jar:/home/user/.m2/repository/org/slf4j/slf4j-api/1.7.25/slf4j-api-1.7.25.jar:/home/user/.m2/repository/org/slf4j/jul-to-slf4j/1.7.25/jul-to-slf4j-1.7.25.jar:/home/user/.m2/repository/org/eclipse/jetty/jetty-util/9.3.25.v20180904/jetty-util-9.3.25.v20180904.jar:/home/user/.m2/repository/com/fasterxml/jackson/core/jackson-databind/2.9.9/jackson-databind-2.9.9.jar:/home/user/.m2/repository/org/apache/hadoop/hadoop-kms/3.2.0/hadoop-kms-3.2.0-tests.jar:/home/user/.m2/repository/org/apache/hadoop/hadoop-hdds-server-scm/0.5.0-SNAPSHOT/hadoop-hdds-server-scm-0.5.0-SNAPSHOT-tests.jar:/home/user/.m2/repository/org/apache/hadoop/hadoop-hdds-container-service/0.5.0-SNAPSHOT/hadoop-hdds-container-service-0.5.0-SNAPSHOT-tests.jar:/home/user/.m2/repository/org/yaml/snakeyaml/1.16/snakeyaml-1.16.jar:/home/user/.m2/repository/org/apache/hadoop/hadoop-common/3.2.0/hadoop-common-3.2.0-tests.jar:/home/user/.m2/repository/org/apache/hadoop/hadoop-annotations/3.2.0/hadoop-annotations-3.2.0.jar:/usr/lib/jvm/java-1.8-openjdk/jre/../lib/tools.jar:/home/user/.m2/repository/commons-cli/commons-cli/1.2/commons-cli-1.2.jar:/home/user/.m2/repository/org/apache/httpcomponents/httpclient/4.5.2/httpclient-4.5.2.jar:/home/user/.m2/repository/org/apache/httpcomponents/httpcore/4.4.4/httpcore-4.4.4.jar:/home/user/.m2/repository/commons-codec/commons-codec/1.11/commons-codec-1.11.jar:/home/user/.m2/repository/commons-net/commons-net/3.6/commons-net-3.6.jar:/home/user/.m2/repository/commons-collections/commons-collections/3.2.2/commons-collections-3.2.2.jar:/home/user/.m2/repository/org/eclipse/jetty/jetty-servlet/9.3.25.v20180904/jetty-servlet-9.3.25.v20180904.jar:/home/user/.m2/repository/org/eclipse/jetty/jetty-security/9.3.25.v20180904/jetty-security-9.3.25.v20180904.jar:/home/user/.m2/repository/javax/servlet/jsp/jsp-api/2.1/jsp-api-2.1.jar:/home/user/.m2/repository/com/sun/jersey/jersey-servlet/1.19/jersey-servlet-1.19.jar:/home/user/.m2/repository/com/sun/jersey/jersey-json/1.19/jersey-json-1.19.jar:/home/user/.m2/repository/org/codehaus/jettison/jettison/1.1/jettison-1.1.jar:/home/user/.m2/repository/org/codehaus/jackson/jackson-core-asl/1.9.13/jackson-core-asl-1.9.13.jar:/home/user/.m2/repository/org/codehaus/jackson/jackson-mapper-asl/1.9.13/jackson-mapper-asl-1.9.13.jar:/home/user/.m2/repository/org/codehaus/jackson/jackson-jaxrs/1.9.13/jackson-jaxrs-1.9.13.jar:/home/user/.m2/repository/org/codehaus/jackson/jackson-xc/1.9.13/jackson-xc-1.9.13.jar:/home/user/.m2/repository/commons-logging/commons-logging/1.1.3/commons-logging-1.1.3.jar:/home/user/.m2/repository/commons-beanutils/commons-beanutils/1.9.4/commons-beanutils-1.9.4.jar:/home/user/.m2/repository/org/apache/commons/commons-configuration2/2.1.1/commons-configuration2-2.1.1.jar:/home/user/.m2/repository/org/apache/commons/commons-lang3/3.7/commons-lang3-3.7.jar:/home/user/.m2/repository/org/apache/commons/commons-text/1.4/commons-text-1.4.jar:/home/user/.m2/repository/org/apache/avro/avro/1.7.7/avro-1.7.7.jar:/home/user/.m2/repository/com/thoughtworks/paranamer/paranamer/2.3/paranamer-2.3.jar:/home/user/.m2/repository/org/xerial/snappy/snappy-java/1.0.5/snappy-java-1.0.5.jar:/home/user/.m2/repository/com/google/re2j/re2j/1.1/re2j-1.1.jar:/home/user/.m2/repository/com/google/code/gson/gson/2.2.4/gson-2.2.4.jar:/home/user/.m2/repository/com/jcraft/jsch/0.1.54/jsch-0.1.54.jar:/home/user/.m2/repository/org/apache/curator/curator-client/2.12.0/curator-client-2.12.0.jar:/home/user/.m2/repository/org/apache/curator/curator-recipes/2.12.0/curator-recipes-2.12.0.jar:/home/user/.m2/repository/com/google/code/findbugs/jsr305/3.0.0/jsr305-3.0.0.jar:/home/user/.m2/repository/org/apache/htrace/htrace-core4/4.1.0-incubating/htrace-core4-4.1.0-incubating.jar:/home/user/.m2/repository/org/apache/zookeeper/zookeeper/3.4.13/zookeeper-3.4.13.jar:/home/user/.m2/repository/jline/jline/0.9.94/jline-0.9.94.jar:/home/user/.m2/repository/org/apache/yetus/audience-annotations/0.5.0/audience-annotations-0.5.0.jar:/home/user/.m2/repository/org/codehaus/woodstox/stax2-api/3.1.4/stax2-api-3.1.4.jar:/home/user/.m2/repository/com/fasterxml/woodstox/woodstox-core/5.0.3/woodstox-core-5.0.3.jar:/home/user/.m2/repository/dnsjava/dnsjava/2.1.7/dnsjava-2.1.7.jar:/home/user/.m2/repository/org/apache/hadoop/hadoop-hdfs/3.2.0/hadoop-hdfs-3.2.0-tests.jar:/home/user/.m2/repository/org/eclipse/jetty/jetty-util-ajax/9.3.25.v20180904/jetty-util-ajax-9.3.25.v20180904.jar:/home/user/.m2/repository/commons-daemon/commons-daemon/1.0.13/commons-daemon-1.0.13.jar:/home/user/.m2/repository/io/netty/netty/3.10.5.Final/netty-3.10.5.Final.jar:/home/user/.m2/repository/io/netty/netty-all/4.0.52.Final/netty-all-4.0.52.Final.jar:/home/user/.m2/repository/org/fusesource/leveldbjni/leveldbjni-all/1.8/leveldbjni-all-1.8.jar:"/>
    <property name="sun.cpu.endian" value="little"/>
    <property name="user.home" value="/home/user"/>
    <property name="user.language" value="en"/>
    <property name="java.specification.vendor" value="Oracle Corporation"/>
    <property name="java.home" value="/usr/lib/jvm/java-1.8-openjdk/jre"/>
    <property name="java.security.krb5.conf" value="/workdir/hadoop-ozone/integration-test/target/test-classes/krb5.conf"/>
    <property name="basedir" value="/workdir/hadoop-ozone/integration-test"/>
    <property name="file.separator" value="/"/>
    <property name="line.separator" value="&#10;"/>
    <property name="java.vm.specification.vendor" value="Oracle Corporation"/>
    <property name="java.specification.name" value="Java Platform API Specification"/>
    <property name="java.awt.graphicsenv" value="sun.awt.X11GraphicsEnvironment"/>
    <property name="surefire.real.class.path" value="/workdir/hadoop-ozone/integration-test/target/surefire/surefirebooter9109279345147605965.jar"/>
    <property name="hadoop.log.dir" value="/workdir/hadoop-ozone/integration-test/target/log"/>
    <property name="sun.boot.class.path" value="/usr/lib/jvm/java-1.8-openjdk/jre/lib/resources.jar:/usr/lib/jvm/java-1.8-openjdk/jre/lib/rt.jar:/usr/lib/jvm/java-1.8-openjdk/jre/lib/sunrsasign.jar:/usr/lib/jvm/java-1.8-openjdk/jre/lib/jsse.jar:/usr/lib/jvm/java-1.8-openjdk/jre/lib/jce.jar:/usr/lib/jvm/java-1.8-openjdk/jre/lib/charsets.jar:/usr/lib/jvm/java-1.8-openjdk/jre/lib/jfr.jar:/usr/lib/jvm/java-1.8-openjdk/jre/classes"/>
    <property name="sun.management.compiler" value="HotSpot 64-Bit Tiered Compilers"/>
    <property name="java.runtime.version" value="1.8.0_212-b04"/>
    <property name="java.net.preferIPv4Stack" value="true"/>
    <property name="user.name" value="jenkins1000"/>
    <property name="path.separator" value=":"/>
    <property name="java.security.egd" value="file:///dev/urandom"/>
    <property name="os.version" value="3.10.0-957.12.2.el7.x86_64"/>
    <property name="java.endorsed.dirs" value="/usr/lib/jvm/java-1.8-openjdk/jre/lib/endorsed"/>
    <property name="java.runtime.name" value="OpenJDK Runtime Environment"/>
    <property name="file.encoding" value="UTF-8"/>
    <property name="java.vm.name" value="OpenJDK 64-Bit Server VM"/>
    <property name="test.build.webapps" value=""/>
    <property name="localRepository" value="/home/user/.m2/repository"/>
    <property name="java.vendor.url.bug" value="https://icedtea.classpath.org/bugzilla"/>
    <property name="java.io.tmpdir" value="/tmp"/>
    <property name="require.test.libhadoop" value=""/>
    <property name="java.version" value="1.8.0_212"/>
    <property name="user.dir" value="/workdir/hadoop-ozone/integration-test"/>
    <property name="os.arch" value="amd64"/>
    <property name="java.vm.specification.name" value="Java Virtual Machine Specification"/>
    <property name="test.build.classes" value="/workdir/hadoop-ozone/integration-test/target/test-classes"/>
    <property name="java.awt.printerjob" value="sun.print.PSPrinterJob"/>
    <property name="sun.os.patch.level" value="unknown"/>
    <property name="hadoop.tmp.dir" value="/workdir/hadoop-ozone/integration-test/target/tmp"/>
    <property name="java.library.path" value="/usr/lib/jvm/java-1.8-openjdk/jre/lib/amd64/server:/usr/lib/jvm/java-1.8-openjdk/jre/lib/amd64:/usr/lib/jvm/java-1.8-openjdk/jre/../lib/amd64:/workdir/hadoop-ozone/integration-test/target/native/target/usr/local/lib:/workdir/hadoop-ozone/integration-test/../../hadoop-common-project/hadoop-common/target/native/target/usr/local/lib:/usr/java/packages/lib/amd64:/usr/lib64:/lib64:/lib:/usr/lib"/>
    <property name="java.vm.info" value="mixed mode"/>
    <property name="java.vendor" value="IcedTea"/>
    <property name="java.vm.version" value="25.212-b04"/>
    <property name="java.ext.dirs" value="/usr/lib/jvm/java-1.8-openjdk/jre/lib/ext:/usr/java/packages/lib/ext"/>
    <property name="sun.io.unicode.encoding" value="UnicodeLittle"/>
    <property name="java.class.version" value="52.0"/>
  </properties>
  <testcase name="test2DatanodesFailure" classname="org.apache.hadoop.ozone.client.rpc.TestBlockOutputStreamWithFailures" time="110.275"/>
  <testcase name="testDatanodeFailureWithPreAllocation" classname="org.apache.hadoop.ozone.client.rpc.TestBlockOutputStreamWithFailures" time="222.149"/>
  <testcase name="testDatanodeFailureWithSingleNodeRatis" classname="org.apache.hadoop.ozone.client.rpc.TestBlockOutputStreamWithFailures" time="223.642"/>
  <testcase name="testWatchForCommitWithSingleNodeRatis" classname="org.apache.hadoop.ozone.client.rpc.TestBlockOutputStreamWithFailures" time="35.628"/>
  <testcase name="testWatchForCommitDatanodeFailure" classname="org.apache.hadoop.ozone.client.rpc.TestBlockOutputStreamWithFailures" time="39.555"/>
  <testcase name="testFailureWithPrimeSizedData" classname="org.apache.hadoop.ozone.client.rpc.TestBlockOutputStreamWithFailures" time="35.598"/>
  <testcase name="testWatchForCommitWithCloseContainerException" classname="org.apache.hadoop.ozone.client.rpc.TestBlockOutputStreamWithFailures" time="35.426"/>
  <testcase name="testExceptionDuringClose" classname="org.apache.hadoop.ozone.client.rpc.TestBlockOutputStreamWithFailures" time="34.544">
    <failure message="expected:&lt;88&gt; but was:&lt;90&gt;" type="java.lang.AssertionError"><![CDATA[java.lang.AssertionError: expected:<88> but was:<90>
	at org.junit.Assert.fail(Assert.java:88)
	at org.junit.Assert.failNotEquals(Assert.java:743)
	at org.junit.Assert.assertEquals(Assert.java:118)
	at org.junit.Assert.assertEquals(Assert.java:555)
	at org.junit.Assert.assertEquals(Assert.java:542)
	at org.apache.hadoop.ozone.client.rpc.TestBlockOutputStreamWithFailures.testExceptionDuringClose(TestBlockOutputStreamWithFailures.java:726)
	at sun.reflect.NativeMethodAccessorImpl.invoke0(Native Method)
	at sun.reflect.NativeMethodAccessorImpl.invoke(NativeMethodAccessorImpl.java:62)
	at sun.reflect.DelegatingMethodAccessorImpl.invoke(DelegatingMethodAccessorImpl.java:43)
	at java.lang.reflect.Method.invoke(Method.java:498)
	at org.junit.runners.model.FrameworkMethod$1.runReflectiveCall(FrameworkMethod.java:47)
	at org.junit.internal.runners.model.ReflectiveCallable.run(ReflectiveCallable.java:12)
	at org.junit.runners.model.FrameworkMethod.invokeExplosively(FrameworkMethod.java:44)
	at org.junit.internal.runners.statements.InvokeMethod.evaluate(InvokeMethod.java:17)
	at org.junit.internal.runners.statements.RunBefores.evaluate(RunBefores.java:26)
	at org.junit.internal.runners.statements.RunAfters.evaluate(RunAfters.java:27)
	at org.junit.runners.ParentRunner.runLeaf(ParentRunner.java:271)
	at org.junit.runners.BlockJUnit4ClassRunner.runChild(BlockJUnit4ClassRunner.java:70)
	at org.junit.runners.BlockJUnit4ClassRunner.runChild(BlockJUnit4ClassRunner.java:50)
	at org.junit.runners.ParentRunner$3.run(ParentRunner.java:238)
	at org.junit.runners.ParentRunner$1.schedule(ParentRunner.java:63)
	at org.junit.runners.ParentRunner.runChildren(ParentRunner.java:236)
	at org.junit.runners.ParentRunner.access$000(ParentRunner.java:53)
	at org.junit.runners.ParentRunner$2.evaluate(ParentRunner.java:229)
	at org.junit.runners.ParentRunner.run(ParentRunner.java:309)
	at org.apache.maven.surefire.junit4.JUnit4Provider.execute(JUnit4Provider.java:365)
	at org.apache.maven.surefire.junit4.JUnit4Provider.executeWithRerun(JUnit4Provider.java:273)
	at org.apache.maven.surefire.junit4.JUnit4Provider.executeTestSet(JUnit4Provider.java:238)
	at org.apache.maven.surefire.junit4.JUnit4Provider.invoke(JUnit4Provider.java:159)
	at org.apache.maven.surefire.booter.ForkedBooter.invokeProviderInSameClassLoader(ForkedBooter.java:384)
	at org.apache.maven.surefire.booter.ForkedBooter.runSuitesInProcess(ForkedBooter.java:345)
	at org.apache.maven.surefire.booter.ForkedBooter.execute(ForkedBooter.java:126)
	at org.apache.maven.surefire.booter.ForkedBooter.main(ForkedBooter.java:418)
]]></failure>
    <system-out><![CDATA[2019-10-06 01:04:04,614 [main] WARN  server.ServerUtils (ServerUtils.java:getScmDbDir(145)) - ozone.scm.db.dirs is not configured. We recommend adding this setting. Falling back to ozone.metadata.dirs instead.
2019-10-06 01:04:04,629 [main] WARN  server.ServerUtils (ServerUtils.java:getScmDbDir(145)) - ozone.scm.db.dirs is not configured. We recommend adding this setting. Falling back to ozone.metadata.dirs instead.
2019-10-06 01:04:04,630 [main] WARN  server.ServerUtils (ServerUtils.java:getScmDbDir(145)) - ozone.scm.db.dirs is not configured. We recommend adding this setting. Falling back to ozone.metadata.dirs instead.
2019-10-06 01:04:04,631 [main] INFO  db.DBStoreBuilder (DBStoreBuilder.java:addTable(117)) - using custom profile for table: deletedBlocks
2019-10-06 01:04:04,631 [main] INFO  db.DBStoreBuilder (DBStoreBuilder.java:processTables(168)) - Using default column profile:DBProfile.DISK for Table:deletedBlocks
2019-10-06 01:04:04,631 [main] INFO  db.DBStoreBuilder (DBStoreBuilder.java:addTable(117)) - using custom profile for table: validCerts
2019-10-06 01:04:04,631 [main] INFO  db.DBStoreBuilder (DBStoreBuilder.java:processTables(168)) - Using default column profile:DBProfile.DISK for Table:validCerts
2019-10-06 01:04:04,632 [main] INFO  db.DBStoreBuilder (DBStoreBuilder.java:addTable(117)) - using custom profile for table: revokedCerts
2019-10-06 01:04:04,632 [main] INFO  db.DBStoreBuilder (DBStoreBuilder.java:processTables(168)) - Using default column profile:DBProfile.DISK for Table:revokedCerts
2019-10-06 01:04:04,632 [main] INFO  db.DBStoreBuilder (DBStoreBuilder.java:addTable(117)) - using custom profile for table: default
2019-10-06 01:04:04,632 [main] INFO  db.DBStoreBuilder (DBStoreBuilder.java:processTables(174)) - Using default column profile:DBProfile.DISK for Table:default
2019-10-06 01:04:04,632 [main] INFO  db.DBStoreBuilder (DBStoreBuilder.java:getDbProfile(205)) - Using default options. DBProfile.DISK
2019-10-06 01:04:04,782 [main] INFO  net.NodeSchemaLoader (NodeSchemaLoader.java:loadSchemaFromFile(125)) - Loading file from sun.misc.CompoundEnumeration@b1d19ff
2019-10-06 01:04:04,782 [main] INFO  net.NodeSchemaLoader (NodeSchemaLoader.java:loadSchema(171)) - Loading network topology layer schema file
2019-10-06 01:04:04,787 [main] INFO  node.SCMNodeManager (SCMNodeManager.java:<init>(114)) - Entering startup safe mode.
2019-10-06 01:04:04,788 [main] INFO  algorithms.ContainerPlacementPolicyFactory (ContainerPlacementPolicyFactory.java:getPolicy(57)) - Create container placement policy of type org.apache.hadoop.hdds.scm.container.placement.algorithms.SCMContainerPlacementRandom
2019-10-06 01:04:04,788 [main] WARN  server.ServerUtils (ServerUtils.java:getScmDbDir(145)) - ozone.scm.db.dirs is not configured. We recommend adding this setting. Falling back to ozone.metadata.dirs instead.
2019-10-06 01:04:04,834 [main] INFO  pipeline.SCMPipelineManager (SCMPipelineManager.java:initializePipelineState(132)) - No pipeline exists in current db
2019-10-06 01:04:04,834 [main] WARN  server.ServerUtils (ServerUtils.java:getScmDbDir(145)) - ozone.scm.db.dirs is not configured. We recommend adding this setting. Falling back to ozone.metadata.dirs instead.
2019-10-06 01:04:04,878 [main] WARN  events.EventQueue (EventQueue.java:fireEvent(183)) - No event handler registered for event TypedEvent{payloadType=SafeModeStatus, name='SafeModeStatus'}
2019-10-06 01:04:04,878 [main] INFO  ipc.CallQueueManager (CallQueueManager.java:<init>(84)) - Using callQueue: class java.util.concurrent.LinkedBlockingQueue, queueCapacity: 2000, scheduler: class org.apache.hadoop.ipc.DefaultRpcScheduler, ipcBackoff: false.
2019-10-06 01:04:04,879 [Socket Reader #1 for port 46605] INFO  ipc.Server (Server.java:run(1074)) - Starting Socket Reader #1 for port 46605
2019-10-06 01:04:04,882 [main] INFO  ipc.CallQueueManager (CallQueueManager.java:<init>(84)) - Using callQueue: class java.util.concurrent.LinkedBlockingQueue, queueCapacity: 2000, scheduler: class org.apache.hadoop.ipc.DefaultRpcScheduler, ipcBackoff: false.
2019-10-06 01:04:04,882 [Socket Reader #1 for port 37840] INFO  ipc.Server (Server.java:run(1074)) - Starting Socket Reader #1 for port 37840
2019-10-06 01:04:04,887 [main] INFO  ipc.CallQueueManager (CallQueueManager.java:<init>(84)) - Using callQueue: class java.util.concurrent.LinkedBlockingQueue, queueCapacity: 2000, scheduler: class org.apache.hadoop.ipc.DefaultRpcScheduler, ipcBackoff: false.
2019-10-06 01:04:04,887 [Socket Reader #1 for port 45604] INFO  ipc.Server (Server.java:run(1074)) - Starting Socket Reader #1 for port 45604
2019-10-06 01:04:04,890 [main] INFO  hdfs.DFSUtil (DFSUtil.java:httpServerTemplateForNNAndJN(1641)) - Starting Web-server for scm at: http://0.0.0.0:0
2019-10-06 01:04:04,892 [main] INFO  server.AuthenticationFilter (AuthenticationFilter.java:constructSecretProvider(240)) - Unable to initialize FileSignerSecretProvider, falling back to use random secrets.
2019-10-06 01:04:04,892 [main] WARN  http.HttpRequestLog (HttpRequestLog.java:getRequestLog(97)) - Jetty request log can only be enabled using Log4j
2019-10-06 01:04:04,893 [main] INFO  http.HttpServer2 (HttpServer2.java:addGlobalFilter(975)) - Added global filter 'safety' (class=org.apache.hadoop.http.HttpServer2$QuotingInputFilter)
2019-10-06 01:04:04,894 [main] INFO  http.HttpServer2 (HttpServer2.java:addFilter(948)) - Added filter static_user_filter (class=org.apache.hadoop.http.lib.StaticUserWebFilter$StaticUserFilter) to context scm
2019-10-06 01:04:04,894 [main] INFO  http.HttpServer2 (HttpServer2.java:addFilter(958)) - Added filter static_user_filter (class=org.apache.hadoop.http.lib.StaticUserWebFilter$StaticUserFilter) to context logs
2019-10-06 01:04:04,894 [main] INFO  http.HttpServer2 (HttpServer2.java:addFilter(958)) - Added filter static_user_filter (class=org.apache.hadoop.http.lib.StaticUserWebFilter$StaticUserFilter) to context static
2019-10-06 01:04:04,895 [main] INFO  server.StorageContainerManager (StorageContainerManager.java:start(770)) - StorageContainerLocationProtocol RPC server is listening at /0.0.0.0:45604
2019-10-06 01:04:04,897 [main] WARN  impl.MetricsConfig (MetricsConfig.java:loadFirst(134)) - Cannot locate configuration: tried hadoop-metrics2-storagecontainermanager.properties,hadoop-metrics2.properties
2019-10-06 01:04:04,897 [main] INFO  impl.MetricsSystemImpl (MetricsSystemImpl.java:startTimer(374)) - Scheduled Metric snapshot period at 10 second(s).
2019-10-06 01:04:04,897 [main] INFO  impl.MetricsSystemImpl (MetricsSystemImpl.java:start(191)) - StorageContainerManager metrics system started
2019-10-06 01:04:05,104 [main] WARN  impl.MetricsSystemImpl (MetricsSystemImpl.java:register(276)) - Sink prometheus already exists!
2019-10-06 01:04:05,201 [main] INFO  server.SCMClientProtocolServer (SCMClientProtocolServer.java:start(159)) - RPC server for Client  is listening at /0.0.0.0:45604
2019-10-06 01:04:05,201 [IPC Server listener on 45604] INFO  ipc.Server (Server.java:run(1153)) - IPC Server listener on 45604: starting
2019-10-06 01:04:05,201 [IPC Server Responder] INFO  ipc.Server (Server.java:run(1314)) - IPC Server Responder: starting
2019-10-06 01:04:05,207 [main] INFO  server.StorageContainerManager (StorageContainerManager.java:start(780)) - ScmBlockLocationProtocol RPC server is listening at /0.0.0.0:37840
2019-10-06 01:04:05,207 [main] INFO  server.SCMBlockProtocolServer (SCMBlockProtocolServer.java:start(146)) - RPC server for Block Protocol is listening at /0.0.0.0:37840
2019-10-06 01:04:05,207 [IPC Server Responder] INFO  ipc.Server (Server.java:run(1314)) - IPC Server Responder: starting
2019-10-06 01:04:05,208 [IPC Server listener on 37840] INFO  ipc.Server (Server.java:run(1153)) - IPC Server listener on 37840: starting
2019-10-06 01:04:05,212 [main] INFO  server.StorageContainerManager (StorageContainerManager.java:start(784)) - ScmDatanodeProtocl RPC server is listening at /0.0.0.0:46605
2019-10-06 01:04:05,212 [main] INFO  server.SCMDatanodeProtocolServer (SCMDatanodeProtocolServer.java:start(169)) - RPC server for DataNodes is listening at /0.0.0.0:46605
2019-10-06 01:04:05,213 [IPC Server listener on 46605] INFO  ipc.Server (Server.java:run(1153)) - IPC Server listener on 46605: starting
2019-10-06 01:04:05,213 [IPC Server Responder] INFO  ipc.Server (Server.java:run(1314)) - IPC Server Responder: starting
2019-10-06 01:04:05,217 [main] INFO  http.HttpServer2 (HttpServer2.java:bindListener(1191)) - Jetty bound to port 45777
2019-10-06 01:04:05,217 [main] INFO  server.Server (Server.java:doStart(351)) - jetty-9.3.25.v20180904, build timestamp: 2018-09-04T21:11:46Z, git hash: 3ce520221d0240229c862b122d2b06c12a625732
2019-10-06 01:04:05,219 [main] INFO  handler.ContextHandler (ContextHandler.java:doStart(781)) - Started o.e.j.s.ServletContextHandler@7ec13984{/logs,file:///workdir/hadoop-ozone/integration-test/target/log,AVAILABLE}
2019-10-06 01:04:05,219 [main] INFO  handler.ContextHandler (ContextHandler.java:doStart(781)) - Started o.e.j.s.ServletContextHandler@59fea5f5{/static,file:///workdir/hadoop-ozone/integration-test/target/test-classes/webapps/static,AVAILABLE}
2019-10-06 01:04:05,222 [main] INFO  handler.ContextHandler (ContextHandler.java:doStart(781)) - Started o.e.j.w.WebAppContext@58cda03f{/,file:///workdir/hadoop-ozone/integration-test/target/test-classes/webapps/scm/,AVAILABLE}{/scm}
2019-10-06 01:04:05,222 [main] INFO  server.AbstractConnector (AbstractConnector.java:doStart(278)) - Started ServerConnector@7757a37f{HTTP/1.1,[http/1.1]}{0.0.0.0:45777}
2019-10-06 01:04:05,226 [main] INFO  server.Server (Server.java:doStart(419)) - Started @703469ms
2019-10-06 01:04:05,226 [main] WARN  impl.MetricsSystemImpl (MetricsSystemImpl.java:register(276)) - Sink prometheus already exists!
2019-10-06 01:04:05,227 [main] INFO  server.BaseHttpServer (BaseHttpServer.java:updateConnectorAddress(215)) - HTTP server of SCM is listening at http://0.0.0.0:45777
2019-10-06 01:04:05,228 [main] WARN  server.ServerUtils (ServerUtils.java:getDBPath(222)) - ozone.om.db.dirs is not configured. We recommend adding this setting. Falling back to ozone.metadata.dirs instead.
2019-10-06 01:04:05,229 [org.apache.hadoop.util.JvmPauseMonitor$Monitor@e521067] INFO  util.JvmPauseMonitor (JvmPauseMonitor.java:run(188)) - Starting JVM pause monitor
2019-10-06 01:04:05,242 [main] INFO  ha.OMHANodeDetails (OMHANodeDetails.java:loadOMHAConfig(190)) - Configuration either no ozone.om.address set. Falling back to the default OM address /127.0.0.1:0
2019-10-06 01:04:05,242 [main] INFO  ha.OMHANodeDetails (OMHANodeDetails.java:getOMNodeDetails(220)) - OM Service ID is not set. Setting it to the default ID: omServiceIdDefault
2019-10-06 01:04:05,242 [main] WARN  server.ServerUtils (ServerUtils.java:getDBPath(222)) - ozone.om.db.dirs is not configured. We recommend adding this setting. Falling back to ozone.metadata.dirs instead.
2019-10-06 01:04:05,243 [main] WARN  server.ServerUtils (ServerUtils.java:getDBPath(222)) - ozone.om.db.dirs is not configured. We recommend adding this setting. Falling back to ozone.metadata.dirs instead.
2019-10-06 01:04:05,250 [main] WARN  server.ServerUtils (ServerUtils.java:getDBPath(222)) - ozone.om.db.dirs is not configured. We recommend adding this setting. Falling back to ozone.metadata.dirs instead.
2019-10-06 01:04:05,251 [main] INFO  db.DBStoreBuilder (DBStoreBuilder.java:addTable(117)) - using custom profile for table: userTable
2019-10-06 01:04:05,251 [main] INFO  db.DBStoreBuilder (DBStoreBuilder.java:processTables(168)) - Using default column profile:DBProfile.DISK for Table:userTable
2019-10-06 01:04:05,251 [main] INFO  db.DBStoreBuilder (DBStoreBuilder.java:addTable(117)) - using custom profile for table: volumeTable
2019-10-06 01:04:05,251 [main] INFO  db.DBStoreBuilder (DBStoreBuilder.java:processTables(168)) - Using default column profile:DBProfile.DISK for Table:volumeTable
2019-10-06 01:04:05,252 [main] INFO  db.DBStoreBuilder (DBStoreBuilder.java:addTable(117)) - using custom profile for table: bucketTable
2019-10-06 01:04:05,252 [main] INFO  db.DBStoreBuilder (DBStoreBuilder.java:processTables(168)) - Using default column profile:DBProfile.DISK for Table:bucketTable
2019-10-06 01:04:05,252 [main] INFO  db.DBStoreBuilder (DBStoreBuilder.java:addTable(117)) - using custom profile for table: keyTable
2019-10-06 01:04:05,252 [main] INFO  db.DBStoreBuilder (DBStoreBuilder.java:processTables(168)) - Using default column profile:DBProfile.DISK for Table:keyTable
2019-10-06 01:04:05,252 [main] INFO  db.DBStoreBuilder (DBStoreBuilder.java:addTable(117)) - using custom profile for table: deletedTable
2019-10-06 01:04:05,252 [main] INFO  db.DBStoreBuilder (DBStoreBuilder.java:processTables(168)) - Using default column profile:DBProfile.DISK for Table:deletedTable
2019-10-06 01:04:05,252 [main] INFO  db.DBStoreBuilder (DBStoreBuilder.java:addTable(117)) - using custom profile for table: openKeyTable
2019-10-06 01:04:05,253 [main] INFO  db.DBStoreBuilder (DBStoreBuilder.java:processTables(168)) - Using default column profile:DBProfile.DISK for Table:openKeyTable
2019-10-06 01:04:05,253 [main] INFO  db.DBStoreBuilder (DBStoreBuilder.java:addTable(117)) - using custom profile for table: s3Table
2019-10-06 01:04:05,253 [main] INFO  db.DBStoreBuilder (DBStoreBuilder.java:processTables(168)) - Using default column profile:DBProfile.DISK for Table:s3Table
2019-10-06 01:04:05,253 [main] INFO  db.DBStoreBuilder (DBStoreBuilder.java:addTable(117)) - using custom profile for table: multipartInfoTable
2019-10-06 01:04:05,253 [main] INFO  db.DBStoreBuilder (DBStoreBuilder.java:processTables(168)) - Using default column profile:DBProfile.DISK for Table:multipartInfoTable
2019-10-06 01:04:05,253 [main] INFO  db.DBStoreBuilder (DBStoreBuilder.java:addTable(117)) - using custom profile for table: dTokenTable
2019-10-06 01:04:05,253 [main] INFO  db.DBStoreBuilder (DBStoreBuilder.java:processTables(168)) - Using default column profile:DBProfile.DISK for Table:dTokenTable
2019-10-06 01:04:05,254 [main] INFO  db.DBStoreBuilder (DBStoreBuilder.java:addTable(117)) - using custom profile for table: s3SecretTable
2019-10-06 01:04:05,254 [main] INFO  db.DBStoreBuilder (DBStoreBuilder.java:processTables(168)) - Using default column profile:DBProfile.DISK for Table:s3SecretTable
2019-10-06 01:04:05,254 [main] INFO  db.DBStoreBuilder (DBStoreBuilder.java:addTable(117)) - using custom profile for table: prefixTable
2019-10-06 01:04:05,254 [main] INFO  db.DBStoreBuilder (DBStoreBuilder.java:processTables(168)) - Using default column profile:DBProfile.DISK for Table:prefixTable
2019-10-06 01:04:05,254 [main] INFO  db.DBStoreBuilder (DBStoreBuilder.java:addTable(117)) - using custom profile for table: default
2019-10-06 01:04:05,254 [main] INFO  db.DBStoreBuilder (DBStoreBuilder.java:processTables(174)) - Using default column profile:DBProfile.DISK for Table:default
2019-10-06 01:04:05,254 [main] INFO  db.DBStoreBuilder (DBStoreBuilder.java:getDbProfile(205)) - Using default options. DBProfile.DISK
2019-10-06 01:04:05,773 [main] INFO  ipc.CallQueueManager (CallQueueManager.java:<init>(84)) - Using callQueue: class java.util.concurrent.LinkedBlockingQueue, queueCapacity: 2000, scheduler: class org.apache.hadoop.ipc.DefaultRpcScheduler, ipcBackoff: false.
2019-10-06 01:04:05,774 [Socket Reader #1 for port 36761] INFO  ipc.Server (Server.java:run(1074)) - Starting Socket Reader #1 for port 36761
2019-10-06 01:04:05,788 [main] INFO  om.OzoneManager (OzoneManager.java:start(1069)) - OzoneManager RPC server is listening at localhost/127.0.0.1:36761
2019-10-06 01:04:05,788 [main] INFO  impl.MetricsSystemImpl (MetricsSystemImpl.java:init(158)) - OzoneManager metrics system started (again)
2019-10-06 01:04:05,789 [IPC Server Responder] INFO  ipc.Server (Server.java:run(1314)) - IPC Server Responder: starting
2019-10-06 01:04:05,791 [IPC Server listener on 36761] INFO  ipc.Server (Server.java:run(1153)) - IPC Server listener on 36761: starting
2019-10-06 01:04:05,797 [main] INFO  hdfs.DFSUtil (DFSUtil.java:httpServerTemplateForNNAndJN(1641)) - Starting Web-server for ozoneManager at: http://0.0.0.0:0
2019-10-06 01:04:05,799 [main] INFO  server.AuthenticationFilter (AuthenticationFilter.java:constructSecretProvider(240)) - Unable to initialize FileSignerSecretProvider, falling back to use random secrets.
2019-10-06 01:04:05,799 [main] WARN  http.HttpRequestLog (HttpRequestLog.java:getRequestLog(97)) - Jetty request log can only be enabled using Log4j
2019-10-06 01:04:05,801 [main] INFO  http.HttpServer2 (HttpServer2.java:addGlobalFilter(975)) - Added global filter 'safety' (class=org.apache.hadoop.http.HttpServer2$QuotingInputFilter)
2019-10-06 01:04:05,801 [main] INFO  http.HttpServer2 (HttpServer2.java:addFilter(948)) - Added filter static_user_filter (class=org.apache.hadoop.http.lib.StaticUserWebFilter$StaticUserFilter) to context ozoneManager
2019-10-06 01:04:05,802 [main] INFO  http.HttpServer2 (HttpServer2.java:addFilter(958)) - Added filter static_user_filter (class=org.apache.hadoop.http.lib.StaticUserWebFilter$StaticUserFilter) to context static
2019-10-06 01:04:05,802 [main] INFO  http.HttpServer2 (HttpServer2.java:addFilter(958)) - Added filter static_user_filter (class=org.apache.hadoop.http.lib.StaticUserWebFilter$StaticUserFilter) to context logs
2019-10-06 01:04:05,802 [main] INFO  http.HttpServer2 (HttpServer2.java:bindListener(1191)) - Jetty bound to port 44021
2019-10-06 01:04:05,803 [main] INFO  server.Server (Server.java:doStart(351)) - jetty-9.3.25.v20180904, build timestamp: 2018-09-04T21:11:46Z, git hash: 3ce520221d0240229c862b122d2b06c12a625732
2019-10-06 01:04:05,804 [main] INFO  handler.ContextHandler (ContextHandler.java:doStart(781)) - Started o.e.j.s.ServletContextHandler@134d7ffa{/logs,file:///workdir/hadoop-ozone/integration-test/target/log,AVAILABLE}
2019-10-06 01:04:05,804 [main] INFO  handler.ContextHandler (ContextHandler.java:doStart(781)) - Started o.e.j.s.ServletContextHandler@24405466{/static,file:///workdir/hadoop-ozone/integration-test/target/test-classes/webapps/static,AVAILABLE}
2019-10-06 01:04:05,808 [main] INFO  handler.ContextHandler (ContextHandler.java:doStart(781)) - Started o.e.j.w.WebAppContext@4b343b6d{/,file:///workdir/hadoop-ozone/integration-test/target/test-classes/webapps/ozoneManager/,AVAILABLE}{/ozoneManager}
2019-10-06 01:04:05,809 [main] INFO  server.AbstractConnector (AbstractConnector.java:doStart(278)) - Started ServerConnector@17d2b646{HTTP/1.1,[http/1.1]}{0.0.0.0:44021}
2019-10-06 01:04:05,810 [main] INFO  server.Server (Server.java:doStart(419)) - Started @704053ms
2019-10-06 01:04:05,811 [main] WARN  impl.MetricsSystemImpl (MetricsSystemImpl.java:register(276)) - Sink prometheus already exists!
2019-10-06 01:04:05,812 [main] INFO  server.BaseHttpServer (BaseHttpServer.java:updateConnectorAddress(215)) - HTTP server of OZONEMANAGER is listening at http://0.0.0.0:44021
2019-10-06 01:04:05,827 [main] INFO  impl.MetricsSystemImpl (MetricsSystemImpl.java:init(158)) - HddsDatanode metrics system started (again)
2019-10-06 01:04:05,833 [main] INFO  ozone.HddsDatanodeService (HddsDatanodeService.java:start(184)) - HddsDatanodeService host:pr-hdds-2233-w5czk-1584650955 ip:192.168.30.55
2019-10-06 01:04:05,841 [main] INFO  volume.HddsVolume (HddsVolume.java:<init>(176)) - Creating Volume: /workdir/hadoop-ozone/integration-test/target/test-dir/MiniOzoneClusterImpl-a4005199-553d-4e0b-bbff-cd07ceedfb02/datanode-0/data/containers/hdds of  storage type : DISK and capacity : 1482555576320
2019-10-06 01:04:05,841 [main] INFO  volume.VolumeSet (VolumeSet.java:initializeVolumeSet(170)) - Added Volume : /workdir/hadoop-ozone/integration-test/target/test-dir/MiniOzoneClusterImpl-a4005199-553d-4e0b-bbff-cd07ceedfb02/datanode-0/data/containers/hdds to VolumeSet
2019-10-06 01:04:05,841 [main] INFO  volume.ThrottledAsyncChecker (ThrottledAsyncChecker.java:schedule(139)) - Scheduling a check for org.apache.hadoop.ozone.container.common.volume.HddsVolume@66d2885c
2019-10-06 01:04:05,842 [main] INFO  volume.HddsVolumeChecker (HddsVolumeChecker.java:checkAllVolumes(202)) - Scheduled health check for volume org.apache.hadoop.ozone.container.common.volume.HddsVolume@66d2885c
2019-10-06 01:04:05,857 [main] INFO  impl.RaftServerProxy (ConfUtils.java:logGet(43)) - raft.rpc.type = GRPC (default)
2019-10-06 01:04:05,857 [main] INFO  grpc.GrpcFactory (GrpcFactory.java:checkPooledByteBufAllocatorUseCacheForAllThreads(45)) - PERFORMANCE WARNING: useCacheForAllThreads is true that may cause Netty to create a lot garbage objects and, as a result, trigger GC.
	It is recommended to disable useCacheForAllThreads by setting -Dorg.apache.ratis.thirdparty.io.netty.allocator.useCacheForAllThreads=false in command line.
2019-10-06 01:04:05,858 [main] INFO  grpc.GrpcConfigKeys$Server (ConfUtils.java:logGet(43)) - raft.grpc.server.port = 0 (default)
2019-10-06 01:04:05,858 [main] INFO  server.GrpcService (ConfUtils.java:logGet(43)) - raft.grpc.message.size.max = 33570816 (custom)
2019-10-06 01:04:05,858 [main] INFO  server.RaftServerConfigKeys (ConfUtils.java:logGet(43)) - raft.server.log.appender.buffer.byte-limit = 33554432 (custom)
2019-10-06 01:04:05,858 [main] INFO  server.GrpcService (ConfUtils.java:logGet(43)) - raft.grpc.flow.control.window = 1MB (=1048576) (default)
2019-10-06 01:04:05,858 [main] INFO  server.RaftServerConfigKeys (ConfUtils.java:logGet(43)) - raft.server.rpc.request.timeout = 3000ms (default)
2019-10-06 01:04:05,859 [main] INFO  server.RaftServerConfigKeys (ConfUtils.java:logGet(43)) - raft.server.storage.dir = [/workdir/hadoop-ozone/integration-test/target/test-dir/MiniOzoneClusterImpl-a4005199-553d-4e0b-bbff-cd07ceedfb02/datanode-0/data/ratis] (custom)
2019-10-06 01:04:05,860 [main] INFO  hdfs.DFSUtil (DFSUtil.java:httpServerTemplateForNNAndJN(1641)) - Starting Web-server for hddsDatanode at: http://0.0.0.0:0
2019-10-06 01:04:05,861 [main] INFO  server.AuthenticationFilter (AuthenticationFilter.java:constructSecretProvider(240)) - Unable to initialize FileSignerSecretProvider, falling back to use random secrets.
2019-10-06 01:04:05,861 [main] WARN  http.HttpRequestLog (HttpRequestLog.java:getRequestLog(97)) - Jetty request log can only be enabled using Log4j
2019-10-06 01:04:05,863 [main] INFO  http.HttpServer2 (HttpServer2.java:addGlobalFilter(975)) - Added global filter 'safety' (class=org.apache.hadoop.http.HttpServer2$QuotingInputFilter)
2019-10-06 01:04:05,863 [main] INFO  http.HttpServer2 (HttpServer2.java:addFilter(948)) - Added filter static_user_filter (class=org.apache.hadoop.http.lib.StaticUserWebFilter$StaticUserFilter) to context hddsDatanode
2019-10-06 01:04:05,863 [main] INFO  http.HttpServer2 (HttpServer2.java:addFilter(958)) - Added filter static_user_filter (class=org.apache.hadoop.http.lib.StaticUserWebFilter$StaticUserFilter) to context logs
2019-10-06 01:04:05,863 [main] INFO  http.HttpServer2 (HttpServer2.java:addFilter(958)) - Added filter static_user_filter (class=org.apache.hadoop.http.lib.StaticUserWebFilter$StaticUserFilter) to context static
2019-10-06 01:04:05,864 [main] INFO  http.HttpServer2 (HttpServer2.java:bindListener(1191)) - Jetty bound to port 33592
2019-10-06 01:04:05,864 [main] INFO  server.Server (Server.java:doStart(351)) - jetty-9.3.25.v20180904, build timestamp: 2018-09-04T21:11:46Z, git hash: 3ce520221d0240229c862b122d2b06c12a625732
2019-10-06 01:04:05,866 [main] INFO  handler.ContextHandler (ContextHandler.java:doStart(781)) - Started o.e.j.s.ServletContextHandler@3f322610{/logs,file:///workdir/hadoop-ozone/integration-test/target/log,AVAILABLE}
2019-10-06 01:04:05,866 [main] INFO  handler.ContextHandler (ContextHandler.java:doStart(781)) - Started o.e.j.s.ServletContextHandler@6cf047cf{/static,jar:file:/home/user/.m2/repository/org/apache/hadoop/hadoop-hdds-container-service/0.5.0-SNAPSHOT/hadoop-hdds-container-service-0.5.0-SNAPSHOT.jar!/webapps/static,AVAILABLE}
2019-10-06 01:04:05,894 [main] INFO  handler.ContextHandler (ContextHandler.java:doStart(781)) - Started o.e.j.w.WebAppContext@20c3b34b{/,file:///tmp/jetty-0.0.0.0-33592-hddsDatanode-_-any-5269502426239605010.dir/webapp/,AVAILABLE}{/hddsDatanode}
2019-10-06 01:04:05,894 [main] INFO  server.AbstractConnector (AbstractConnector.java:doStart(278)) - Started ServerConnector@1eb906f3{HTTP/1.1,[http/1.1]}{0.0.0.0:33592}
2019-10-06 01:04:05,896 [main] INFO  server.Server (Server.java:doStart(419)) - Started @704138ms
2019-10-06 01:04:05,896 [main] WARN  impl.MetricsSystemImpl (MetricsSystemImpl.java:register(276)) - Sink prometheus already exists!
2019-10-06 01:04:05,897 [main] INFO  server.BaseHttpServer (BaseHttpServer.java:updateConnectorAddress(215)) - HTTP server of HDDSDATANODE is listening at http://0.0.0.0:33592
2019-10-06 01:04:05,897 [main] INFO  impl.MetricsSystemImpl (MetricsSystemImpl.java:init(158)) - HddsDatanode metrics system started (again)
2019-10-06 01:04:05,903 [org.apache.hadoop.util.JvmPauseMonitor$Monitor@39e357ca] INFO  util.JvmPauseMonitor (JvmPauseMonitor.java:run(188)) - Starting JVM pause monitor
2019-10-06 01:04:05,904 [main] INFO  ozone.HddsDatanodeService (HddsDatanodeService.java:start(184)) - HddsDatanodeService host:pr-hdds-2233-w5czk-1584650955 ip:192.168.30.55
2019-10-06 01:04:05,906 [Datanode State Machine Thread - 0] INFO  datanode.InitDatanodeState (InitDatanodeState.java:persistContainerDatanodeDetails(140)) - DatanodeDetails is persisted to /workdir/hadoop-ozone/integration-test/target/test-dir/MiniOzoneClusterImpl-a4005199-553d-4e0b-bbff-cd07ceedfb02/datanode-0/meta/datanode.id
2019-10-06 01:04:05,910 [main] INFO  volume.HddsVolume (HddsVolume.java:<init>(176)) - Creating Volume: /workdir/hadoop-ozone/integration-test/target/test-dir/MiniOzoneClusterImpl-a4005199-553d-4e0b-bbff-cd07ceedfb02/datanode-1/data/containers/hdds of  storage type : DISK and capacity : 1482555576320
2019-10-06 01:04:05,910 [main] INFO  volume.VolumeSet (VolumeSet.java:initializeVolumeSet(170)) - Added Volume : /workdir/hadoop-ozone/integration-test/target/test-dir/MiniOzoneClusterImpl-a4005199-553d-4e0b-bbff-cd07ceedfb02/datanode-1/data/containers/hdds to VolumeSet
2019-10-06 01:04:05,910 [main] INFO  volume.ThrottledAsyncChecker (ThrottledAsyncChecker.java:schedule(139)) - Scheduling a check for org.apache.hadoop.ozone.container.common.volume.HddsVolume@1aed6f0b
2019-10-06 01:04:05,911 [main] INFO  volume.HddsVolumeChecker (HddsVolumeChecker.java:checkAllVolumes(202)) - Scheduled health check for volume org.apache.hadoop.ozone.container.common.volume.HddsVolume@1aed6f0b
2019-10-06 01:04:05,925 [main] INFO  impl.RaftServerProxy (ConfUtils.java:logGet(43)) - raft.rpc.type = GRPC (default)
2019-10-06 01:04:05,925 [main] INFO  grpc.GrpcFactory (GrpcFactory.java:checkPooledByteBufAllocatorUseCacheForAllThreads(45)) - PERFORMANCE WARNING: useCacheForAllThreads is true that may cause Netty to create a lot garbage objects and, as a result, trigger GC.
	It is recommended to disable useCacheForAllThreads by setting -Dorg.apache.ratis.thirdparty.io.netty.allocator.useCacheForAllThreads=false in command line.
2019-10-06 01:04:05,925 [main] INFO  grpc.GrpcConfigKeys$Server (ConfUtils.java:logGet(43)) - raft.grpc.server.port = 0 (default)
2019-10-06 01:04:05,925 [main] INFO  server.GrpcService (ConfUtils.java:logGet(43)) - raft.grpc.message.size.max = 33570816 (custom)
2019-10-06 01:04:05,925 [main] INFO  server.RaftServerConfigKeys (ConfUtils.java:logGet(43)) - raft.server.log.appender.buffer.byte-limit = 33554432 (custom)
2019-10-06 01:04:05,926 [main] INFO  server.GrpcService (ConfUtils.java:logGet(43)) - raft.grpc.flow.control.window = 1MB (=1048576) (default)
2019-10-06 01:04:05,926 [main] INFO  server.RaftServerConfigKeys (ConfUtils.java:logGet(43)) - raft.server.rpc.request.timeout = 3000ms (default)
2019-10-06 01:04:05,926 [main] INFO  server.RaftServerConfigKeys (ConfUtils.java:logGet(43)) - raft.server.storage.dir = [/workdir/hadoop-ozone/integration-test/target/test-dir/MiniOzoneClusterImpl-a4005199-553d-4e0b-bbff-cd07ceedfb02/datanode-1/data/ratis] (custom)
2019-10-06 01:04:05,927 [main] INFO  hdfs.DFSUtil (DFSUtil.java:httpServerTemplateForNNAndJN(1641)) - Starting Web-server for hddsDatanode at: http://0.0.0.0:0
2019-10-06 01:04:05,929 [main] INFO  server.AuthenticationFilter (AuthenticationFilter.java:constructSecretProvider(240)) - Unable to initialize FileSignerSecretProvider, falling back to use random secrets.
2019-10-06 01:04:05,929 [main] WARN  http.HttpRequestLog (HttpRequestLog.java:getRequestLog(97)) - Jetty request log can only be enabled using Log4j
2019-10-06 01:04:05,931 [main] INFO  http.HttpServer2 (HttpServer2.java:addGlobalFilter(975)) - Added global filter 'safety' (class=org.apache.hadoop.http.HttpServer2$QuotingInputFilter)
2019-10-06 01:04:05,932 [main] INFO  http.HttpServer2 (HttpServer2.java:addFilter(948)) - Added filter static_user_filter (class=org.apache.hadoop.http.lib.StaticUserWebFilter$StaticUserFilter) to context hddsDatanode
2019-10-06 01:04:05,932 [main] INFO  http.HttpServer2 (HttpServer2.java:addFilter(958)) - Added filter static_user_filter (class=org.apache.hadoop.http.lib.StaticUserWebFilter$StaticUserFilter) to context static
2019-10-06 01:04:05,933 [main] INFO  http.HttpServer2 (HttpServer2.java:addFilter(958)) - Added filter static_user_filter (class=org.apache.hadoop.http.lib.StaticUserWebFilter$StaticUserFilter) to context logs
2019-10-06 01:04:05,934 [main] INFO  http.HttpServer2 (HttpServer2.java:bindListener(1191)) - Jetty bound to port 37960
2019-10-06 01:04:05,934 [main] INFO  server.Server (Server.java:doStart(351)) - jetty-9.3.25.v20180904, build timestamp: 2018-09-04T21:11:46Z, git hash: 3ce520221d0240229c862b122d2b06c12a625732
2019-10-06 01:04:05,936 [main] INFO  handler.ContextHandler (ContextHandler.java:doStart(781)) - Started o.e.j.s.ServletContextHandler@4dd1d2bb{/logs,file:///workdir/hadoop-ozone/integration-test/target/log,AVAILABLE}
2019-10-06 01:04:05,936 [main] INFO  handler.ContextHandler (ContextHandler.java:doStart(781)) - Started o.e.j.s.ServletContextHandler@67a0ff25{/static,jar:file:/home/user/.m2/repository/org/apache/hadoop/hadoop-hdds-container-service/0.5.0-SNAPSHOT/hadoop-hdds-container-service-0.5.0-SNAPSHOT.jar!/webapps/static,AVAILABLE}
2019-10-06 01:04:05,980 [main] INFO  handler.ContextHandler (ContextHandler.java:doStart(781)) - Started o.e.j.w.WebAppContext@1bfa3893{/,file:///tmp/jetty-0.0.0.0-37960-hddsDatanode-_-any-3147369098706357658.dir/webapp/,AVAILABLE}{/hddsDatanode}
2019-10-06 01:04:05,981 [main] INFO  server.AbstractConnector (AbstractConnector.java:doStart(278)) - Started ServerConnector@70f85235{HTTP/1.1,[http/1.1]}{0.0.0.0:37960}
2019-10-06 01:04:05,982 [main] INFO  server.Server (Server.java:doStart(419)) - Started @704224ms
2019-10-06 01:04:05,982 [main] WARN  impl.MetricsSystemImpl (MetricsSystemImpl.java:register(276)) - Sink prometheus already exists!
2019-10-06 01:04:05,983 [main] INFO  server.BaseHttpServer (BaseHttpServer.java:updateConnectorAddress(215)) - HTTP server of HDDSDATANODE is listening at http://0.0.0.0:37960
2019-10-06 01:04:05,983 [main] INFO  impl.MetricsSystemImpl (MetricsSystemImpl.java:init(158)) - HddsDatanode metrics system started (again)
2019-10-06 01:04:05,991 [org.apache.hadoop.util.JvmPauseMonitor$Monitor@4ae28ae3] INFO  util.JvmPauseMonitor (JvmPauseMonitor.java:run(188)) - Starting JVM pause monitor
2019-10-06 01:04:05,992 [main] INFO  ozone.HddsDatanodeService (HddsDatanodeService.java:start(184)) - HddsDatanodeService host:pr-hdds-2233-w5czk-1584650955 ip:192.168.30.55
2019-10-06 01:04:05,992 [Datanode State Machine Thread - 0] INFO  datanode.InitDatanodeState (InitDatanodeState.java:persistContainerDatanodeDetails(140)) - DatanodeDetails is persisted to /workdir/hadoop-ozone/integration-test/target/test-dir/MiniOzoneClusterImpl-a4005199-553d-4e0b-bbff-cd07ceedfb02/datanode-1/meta/datanode.id
2019-10-06 01:04:05,998 [main] INFO  volume.HddsVolume (HddsVolume.java:<init>(176)) - Creating Volume: /workdir/hadoop-ozone/integration-test/target/test-dir/MiniOzoneClusterImpl-a4005199-553d-4e0b-bbff-cd07ceedfb02/datanode-2/data/containers/hdds of  storage type : DISK and capacity : 1482555576320
2019-10-06 01:04:05,999 [main] INFO  volume.VolumeSet (VolumeSet.java:initializeVolumeSet(170)) - Added Volume : /workdir/hadoop-ozone/integration-test/target/test-dir/MiniOzoneClusterImpl-a4005199-553d-4e0b-bbff-cd07ceedfb02/datanode-2/data/containers/hdds to VolumeSet
2019-10-06 01:04:05,999 [main] INFO  volume.ThrottledAsyncChecker (ThrottledAsyncChecker.java:schedule(139)) - Scheduling a check for org.apache.hadoop.ozone.container.common.volume.HddsVolume@213835b6
2019-10-06 01:04:05,999 [main] INFO  volume.HddsVolumeChecker (HddsVolumeChecker.java:checkAllVolumes(202)) - Scheduled health check for volume org.apache.hadoop.ozone.container.common.volume.HddsVolume@213835b6
2019-10-06 01:04:06,014 [main] INFO  impl.RaftServerProxy (ConfUtils.java:logGet(43)) - raft.rpc.type = GRPC (default)
2019-10-06 01:04:06,014 [main] INFO  grpc.GrpcFactory (GrpcFactory.java:checkPooledByteBufAllocatorUseCacheForAllThreads(45)) - PERFORMANCE WARNING: useCacheForAllThreads is true that may cause Netty to create a lot garbage objects and, as a result, trigger GC.
	It is recommended to disable useCacheForAllThreads by setting -Dorg.apache.ratis.thirdparty.io.netty.allocator.useCacheForAllThreads=false in command line.
2019-10-06 01:04:06,014 [main] INFO  grpc.GrpcConfigKeys$Server (ConfUtils.java:logGet(43)) - raft.grpc.server.port = 0 (default)
2019-10-06 01:04:06,015 [main] INFO  server.GrpcService (ConfUtils.java:logGet(43)) - raft.grpc.message.size.max = 33570816 (custom)
2019-10-06 01:04:06,015 [main] INFO  server.RaftServerConfigKeys (ConfUtils.java:logGet(43)) - raft.server.log.appender.buffer.byte-limit = 33554432 (custom)
2019-10-06 01:04:06,015 [main] INFO  server.GrpcService (ConfUtils.java:logGet(43)) - raft.grpc.flow.control.window = 1MB (=1048576) (default)
2019-10-06 01:04:06,015 [main] INFO  server.RaftServerConfigKeys (ConfUtils.java:logGet(43)) - raft.server.rpc.request.timeout = 3000ms (default)
2019-10-06 01:04:06,016 [main] INFO  server.RaftServerConfigKeys (ConfUtils.java:logGet(43)) - raft.server.storage.dir = [/workdir/hadoop-ozone/integration-test/target/test-dir/MiniOzoneClusterImpl-a4005199-553d-4e0b-bbff-cd07ceedfb02/datanode-2/data/ratis] (custom)
2019-10-06 01:04:06,017 [main] INFO  hdfs.DFSUtil (DFSUtil.java:httpServerTemplateForNNAndJN(1641)) - Starting Web-server for hddsDatanode at: http://0.0.0.0:0
2019-10-06 01:04:06,018 [main] INFO  server.AuthenticationFilter (AuthenticationFilter.java:constructSecretProvider(240)) - Unable to initialize FileSignerSecretProvider, falling back to use random secrets.
2019-10-06 01:04:06,018 [main] WARN  http.HttpRequestLog (HttpRequestLog.java:getRequestLog(97)) - Jetty request log can only be enabled using Log4j
2019-10-06 01:04:06,019 [main] INFO  http.HttpServer2 (HttpServer2.java:addGlobalFilter(975)) - Added global filter 'safety' (class=org.apache.hadoop.http.HttpServer2$QuotingInputFilter)
2019-10-06 01:04:06,020 [main] INFO  http.HttpServer2 (HttpServer2.java:addFilter(948)) - Added filter static_user_filter (class=org.apache.hadoop.http.lib.StaticUserWebFilter$StaticUserFilter) to context hddsDatanode
2019-10-06 01:04:06,020 [main] INFO  http.HttpServer2 (HttpServer2.java:addFilter(958)) - Added filter static_user_filter (class=org.apache.hadoop.http.lib.StaticUserWebFilter$StaticUserFilter) to context static
2019-10-06 01:04:06,020 [main] INFO  http.HttpServer2 (HttpServer2.java:addFilter(958)) - Added filter static_user_filter (class=org.apache.hadoop.http.lib.StaticUserWebFilter$StaticUserFilter) to context logs
2019-10-06 01:04:06,021 [main] INFO  http.HttpServer2 (HttpServer2.java:bindListener(1191)) - Jetty bound to port 43280
2019-10-06 01:04:06,021 [main] INFO  server.Server (Server.java:doStart(351)) - jetty-9.3.25.v20180904, build timestamp: 2018-09-04T21:11:46Z, git hash: 3ce520221d0240229c862b122d2b06c12a625732
2019-10-06 01:04:06,022 [main] INFO  handler.ContextHandler (ContextHandler.java:doStart(781)) - Started o.e.j.s.ServletContextHandler@2a5c6b76{/logs,file:///workdir/hadoop-ozone/integration-test/target/log,AVAILABLE}
2019-10-06 01:04:06,023 [main] INFO  handler.ContextHandler (ContextHandler.java:doStart(781)) - Started o.e.j.s.ServletContextHandler@3d88ce0e{/static,jar:file:/home/user/.m2/repository/org/apache/hadoop/hadoop-hdds-container-service/0.5.0-SNAPSHOT/hadoop-hdds-container-service-0.5.0-SNAPSHOT.jar!/webapps/static,AVAILABLE}
2019-10-06 01:04:06,055 [main] INFO  handler.ContextHandler (ContextHandler.java:doStart(781)) - Started o.e.j.w.WebAppContext@43755e2f{/,file:///tmp/jetty-0.0.0.0-43280-hddsDatanode-_-any-5421762049736043778.dir/webapp/,AVAILABLE}{/hddsDatanode}
2019-10-06 01:04:06,055 [main] INFO  server.AbstractConnector (AbstractConnector.java:doStart(278)) - Started ServerConnector@3d71e10b{HTTP/1.1,[http/1.1]}{0.0.0.0:43280}
2019-10-06 01:04:06,057 [main] INFO  server.Server (Server.java:doStart(419)) - Started @704299ms
2019-10-06 01:04:06,057 [main] WARN  impl.MetricsSystemImpl (MetricsSystemImpl.java:register(276)) - Sink prometheus already exists!
2019-10-06 01:04:06,057 [main] INFO  server.BaseHttpServer (BaseHttpServer.java:updateConnectorAddress(215)) - HTTP server of HDDSDATANODE is listening at http://0.0.0.0:43280
2019-10-06 01:04:06,058 [main] INFO  impl.MetricsSystemImpl (MetricsSystemImpl.java:init(158)) - HddsDatanode metrics system started (again)
2019-10-06 01:04:06,065 [org.apache.hadoop.util.JvmPauseMonitor$Monitor@485630b8] INFO  util.JvmPauseMonitor (JvmPauseMonitor.java:run(188)) - Starting JVM pause monitor
2019-10-06 01:04:06,066 [main] INFO  ozone.HddsDatanodeService (HddsDatanodeService.java:start(184)) - HddsDatanodeService host:pr-hdds-2233-w5czk-1584650955 ip:192.168.30.55
2019-10-06 01:04:06,066 [Datanode State Machine Thread - 0] INFO  datanode.InitDatanodeState (InitDatanodeState.java:persistContainerDatanodeDetails(140)) - DatanodeDetails is persisted to /workdir/hadoop-ozone/integration-test/target/test-dir/MiniOzoneClusterImpl-a4005199-553d-4e0b-bbff-cd07ceedfb02/datanode-2/meta/datanode.id
2019-10-06 01:04:06,071 [main] INFO  volume.HddsVolume (HddsVolume.java:<init>(176)) - Creating Volume: /workdir/hadoop-ozone/integration-test/target/test-dir/MiniOzoneClusterImpl-a4005199-553d-4e0b-bbff-cd07ceedfb02/datanode-3/data/containers/hdds of  storage type : DISK and capacity : 1482555576320
2019-10-06 01:04:06,072 [main] INFO  volume.VolumeSet (VolumeSet.java:initializeVolumeSet(170)) - Added Volume : /workdir/hadoop-ozone/integration-test/target/test-dir/MiniOzoneClusterImpl-a4005199-553d-4e0b-bbff-cd07ceedfb02/datanode-3/data/containers/hdds to VolumeSet
2019-10-06 01:04:06,072 [main] INFO  volume.ThrottledAsyncChecker (ThrottledAsyncChecker.java:schedule(139)) - Scheduling a check for org.apache.hadoop.ozone.container.common.volume.HddsVolume@7e31d53b
2019-10-06 01:04:06,072 [main] INFO  volume.HddsVolumeChecker (HddsVolumeChecker.java:checkAllVolumes(202)) - Scheduled health check for volume org.apache.hadoop.ozone.container.common.volume.HddsVolume@7e31d53b
2019-10-06 01:04:06,089 [main] INFO  impl.RaftServerProxy (ConfUtils.java:logGet(43)) - raft.rpc.type = GRPC (default)
2019-10-06 01:04:06,089 [main] INFO  grpc.GrpcFactory (GrpcFactory.java:checkPooledByteBufAllocatorUseCacheForAllThreads(45)) - PERFORMANCE WARNING: useCacheForAllThreads is true that may cause Netty to create a lot garbage objects and, as a result, trigger GC.
	It is recommended to disable useCacheForAllThreads by setting -Dorg.apache.ratis.thirdparty.io.netty.allocator.useCacheForAllThreads=false in command line.
2019-10-06 01:04:06,089 [main] INFO  grpc.GrpcConfigKeys$Server (ConfUtils.java:logGet(43)) - raft.grpc.server.port = 0 (default)
2019-10-06 01:04:06,090 [main] INFO  server.GrpcService (ConfUtils.java:logGet(43)) - raft.grpc.message.size.max = 33570816 (custom)
2019-10-06 01:04:06,090 [main] INFO  server.RaftServerConfigKeys (ConfUtils.java:logGet(43)) - raft.server.log.appender.buffer.byte-limit = 33554432 (custom)
2019-10-06 01:04:06,090 [main] INFO  server.GrpcService (ConfUtils.java:logGet(43)) - raft.grpc.flow.control.window = 1MB (=1048576) (default)
2019-10-06 01:04:06,090 [main] INFO  server.RaftServerConfigKeys (ConfUtils.java:logGet(43)) - raft.server.rpc.request.timeout = 3000ms (default)
2019-10-06 01:04:06,090 [main] INFO  server.RaftServerConfigKeys (ConfUtils.java:logGet(43)) - raft.server.storage.dir = [/workdir/hadoop-ozone/integration-test/target/test-dir/MiniOzoneClusterImpl-a4005199-553d-4e0b-bbff-cd07ceedfb02/datanode-3/data/ratis] (custom)
2019-10-06 01:04:06,092 [main] INFO  hdfs.DFSUtil (DFSUtil.java:httpServerTemplateForNNAndJN(1641)) - Starting Web-server for hddsDatanode at: http://0.0.0.0:0
2019-10-06 01:04:06,093 [main] INFO  server.AuthenticationFilter (AuthenticationFilter.java:constructSecretProvider(240)) - Unable to initialize FileSignerSecretProvider, falling back to use random secrets.
2019-10-06 01:04:06,093 [main] WARN  http.HttpRequestLog (HttpRequestLog.java:getRequestLog(97)) - Jetty request log can only be enabled using Log4j
2019-10-06 01:04:06,094 [main] INFO  http.HttpServer2 (HttpServer2.java:addGlobalFilter(975)) - Added global filter 'safety' (class=org.apache.hadoop.http.HttpServer2$QuotingInputFilter)
2019-10-06 01:04:06,094 [main] INFO  http.HttpServer2 (HttpServer2.java:addFilter(948)) - Added filter static_user_filter (class=org.apache.hadoop.http.lib.StaticUserWebFilter$StaticUserFilter) to context hddsDatanode
2019-10-06 01:04:06,095 [main] INFO  http.HttpServer2 (HttpServer2.java:addFilter(958)) - Added filter static_user_filter (class=org.apache.hadoop.http.lib.StaticUserWebFilter$StaticUserFilter) to context logs
2019-10-06 01:04:06,095 [main] INFO  http.HttpServer2 (HttpServer2.java:addFilter(958)) - Added filter static_user_filter (class=org.apache.hadoop.http.lib.StaticUserWebFilter$StaticUserFilter) to context static
2019-10-06 01:04:06,095 [main] INFO  http.HttpServer2 (HttpServer2.java:bindListener(1191)) - Jetty bound to port 43480
2019-10-06 01:04:06,095 [main] INFO  server.Server (Server.java:doStart(351)) - jetty-9.3.25.v20180904, build timestamp: 2018-09-04T21:11:46Z, git hash: 3ce520221d0240229c862b122d2b06c12a625732
2019-10-06 01:04:06,097 [main] INFO  handler.ContextHandler (ContextHandler.java:doStart(781)) - Started o.e.j.s.ServletContextHandler@ab327c{/logs,file:///workdir/hadoop-ozone/integration-test/target/log,AVAILABLE}
2019-10-06 01:04:06,097 [main] INFO  handler.ContextHandler (ContextHandler.java:doStart(781)) - Started o.e.j.s.ServletContextHandler@763b0996{/static,jar:file:/home/user/.m2/repository/org/apache/hadoop/hadoop-hdds-container-service/0.5.0-SNAPSHOT/hadoop-hdds-container-service-0.5.0-SNAPSHOT.jar!/webapps/static,AVAILABLE}
2019-10-06 01:04:06,125 [main] INFO  handler.ContextHandler (ContextHandler.java:doStart(781)) - Started o.e.j.w.WebAppContext@5341e71a{/,file:///tmp/jetty-0.0.0.0-43480-hddsDatanode-_-any-6786798459534457112.dir/webapp/,AVAILABLE}{/hddsDatanode}
2019-10-06 01:04:06,125 [main] INFO  server.AbstractConnector (AbstractConnector.java:doStart(278)) - Started ServerConnector@405d8a80{HTTP/1.1,[http/1.1]}{0.0.0.0:43480}
2019-10-06 01:04:06,126 [main] INFO  server.Server (Server.java:doStart(419)) - Started @704368ms
2019-10-06 01:04:06,127 [main] WARN  impl.MetricsSystemImpl (MetricsSystemImpl.java:register(276)) - Sink prometheus already exists!
2019-10-06 01:04:06,127 [main] INFO  server.BaseHttpServer (BaseHttpServer.java:updateConnectorAddress(215)) - HTTP server of HDDSDATANODE is listening at http://0.0.0.0:43480
2019-10-06 01:04:06,128 [main] INFO  impl.MetricsSystemImpl (MetricsSystemImpl.java:init(158)) - HddsDatanode metrics system started (again)
2019-10-06 01:04:06,135 [org.apache.hadoop.util.JvmPauseMonitor$Monitor@7d4afce] INFO  util.JvmPauseMonitor (JvmPauseMonitor.java:run(188)) - Starting JVM pause monitor
2019-10-06 01:04:06,136 [main] INFO  ozone.HddsDatanodeService (HddsDatanodeService.java:start(184)) - HddsDatanodeService host:pr-hdds-2233-w5czk-1584650955 ip:192.168.30.55
2019-10-06 01:04:06,137 [Datanode State Machine Thread - 0] INFO  datanode.InitDatanodeState (InitDatanodeState.java:persistContainerDatanodeDetails(140)) - DatanodeDetails is persisted to /workdir/hadoop-ozone/integration-test/target/test-dir/MiniOzoneClusterImpl-a4005199-553d-4e0b-bbff-cd07ceedfb02/datanode-3/meta/datanode.id
2019-10-06 01:04:06,142 [main] INFO  volume.HddsVolume (HddsVolume.java:<init>(176)) - Creating Volume: /workdir/hadoop-ozone/integration-test/target/test-dir/MiniOzoneClusterImpl-a4005199-553d-4e0b-bbff-cd07ceedfb02/datanode-4/data/containers/hdds of  storage type : DISK and capacity : 1482555576320
2019-10-06 01:04:06,142 [main] INFO  volume.VolumeSet (VolumeSet.java:initializeVolumeSet(170)) - Added Volume : /workdir/hadoop-ozone/integration-test/target/test-dir/MiniOzoneClusterImpl-a4005199-553d-4e0b-bbff-cd07ceedfb02/datanode-4/data/containers/hdds to VolumeSet
2019-10-06 01:04:06,142 [main] INFO  volume.ThrottledAsyncChecker (ThrottledAsyncChecker.java:schedule(139)) - Scheduling a check for org.apache.hadoop.ozone.container.common.volume.HddsVolume@7a3643e3
2019-10-06 01:04:06,143 [main] INFO  volume.HddsVolumeChecker (HddsVolumeChecker.java:checkAllVolumes(202)) - Scheduled health check for volume org.apache.hadoop.ozone.container.common.volume.HddsVolume@7a3643e3
2019-10-06 01:04:06,155 [main] INFO  impl.RaftServerProxy (ConfUtils.java:logGet(43)) - raft.rpc.type = GRPC (default)
2019-10-06 01:04:06,155 [main] INFO  grpc.GrpcFactory (GrpcFactory.java:checkPooledByteBufAllocatorUseCacheForAllThreads(45)) - PERFORMANCE WARNING: useCacheForAllThreads is true that may cause Netty to create a lot garbage objects and, as a result, trigger GC.
	It is recommended to disable useCacheForAllThreads by setting -Dorg.apache.ratis.thirdparty.io.netty.allocator.useCacheForAllThreads=false in command line.
2019-10-06 01:04:06,155 [main] INFO  grpc.GrpcConfigKeys$Server (ConfUtils.java:logGet(43)) - raft.grpc.server.port = 0 (default)
2019-10-06 01:04:06,155 [main] INFO  server.GrpcService (ConfUtils.java:logGet(43)) - raft.grpc.message.size.max = 33570816 (custom)
2019-10-06 01:04:06,155 [main] INFO  server.RaftServerConfigKeys (ConfUtils.java:logGet(43)) - raft.server.log.appender.buffer.byte-limit = 33554432 (custom)
2019-10-06 01:04:06,156 [main] INFO  server.GrpcService (ConfUtils.java:logGet(43)) - raft.grpc.flow.control.window = 1MB (=1048576) (default)
2019-10-06 01:04:06,156 [main] INFO  server.RaftServerConfigKeys (ConfUtils.java:logGet(43)) - raft.server.rpc.request.timeout = 3000ms (default)
2019-10-06 01:04:06,156 [main] INFO  server.RaftServerConfigKeys (ConfUtils.java:logGet(43)) - raft.server.storage.dir = [/workdir/hadoop-ozone/integration-test/target/test-dir/MiniOzoneClusterImpl-a4005199-553d-4e0b-bbff-cd07ceedfb02/datanode-4/data/ratis] (custom)
2019-10-06 01:04:06,157 [main] INFO  hdfs.DFSUtil (DFSUtil.java:httpServerTemplateForNNAndJN(1641)) - Starting Web-server for hddsDatanode at: http://0.0.0.0:0
2019-10-06 01:04:06,158 [main] INFO  server.AuthenticationFilter (AuthenticationFilter.java:constructSecretProvider(240)) - Unable to initialize FileSignerSecretProvider, falling back to use random secrets.
2019-10-06 01:04:06,158 [main] WARN  http.HttpRequestLog (HttpRequestLog.java:getRequestLog(97)) - Jetty request log can only be enabled using Log4j
2019-10-06 01:04:06,159 [main] INFO  http.HttpServer2 (HttpServer2.java:addGlobalFilter(975)) - Added global filter 'safety' (class=org.apache.hadoop.http.HttpServer2$QuotingInputFilter)
2019-10-06 01:04:06,159 [main] INFO  http.HttpServer2 (HttpServer2.java:addFilter(948)) - Added filter static_user_filter (class=org.apache.hadoop.http.lib.StaticUserWebFilter$StaticUserFilter) to context hddsDatanode
2019-10-06 01:04:06,159 [main] INFO  http.HttpServer2 (HttpServer2.java:addFilter(958)) - Added filter static_user_filter (class=org.apache.hadoop.http.lib.StaticUserWebFilter$StaticUserFilter) to context static
2019-10-06 01:04:06,160 [main] INFO  http.HttpServer2 (HttpServer2.java:addFilter(958)) - Added filter static_user_filter (class=org.apache.hadoop.http.lib.StaticUserWebFilter$StaticUserFilter) to context logs
2019-10-06 01:04:06,160 [main] INFO  http.HttpServer2 (HttpServer2.java:bindListener(1191)) - Jetty bound to port 43103
2019-10-06 01:04:06,160 [main] INFO  server.Server (Server.java:doStart(351)) - jetty-9.3.25.v20180904, build timestamp: 2018-09-04T21:11:46Z, git hash: 3ce520221d0240229c862b122d2b06c12a625732
2019-10-06 01:04:06,162 [main] INFO  handler.ContextHandler (ContextHandler.java:doStart(781)) - Started o.e.j.s.ServletContextHandler@2a667f44{/logs,file:///workdir/hadoop-ozone/integration-test/target/log,AVAILABLE}
2019-10-06 01:04:06,163 [main] INFO  handler.ContextHandler (ContextHandler.java:doStart(781)) - Started o.e.j.s.ServletContextHandler@3f6f9cef{/static,jar:file:/home/user/.m2/repository/org/apache/hadoop/hadoop-hdds-container-service/0.5.0-SNAPSHOT/hadoop-hdds-container-service-0.5.0-SNAPSHOT.jar!/webapps/static,AVAILABLE}
2019-10-06 01:04:06,209 [main] INFO  handler.ContextHandler (ContextHandler.java:doStart(781)) - Started o.e.j.w.WebAppContext@466fedfa{/,file:///tmp/jetty-0.0.0.0-43103-hddsDatanode-_-any-4844656931760148060.dir/webapp/,AVAILABLE}{/hddsDatanode}
2019-10-06 01:04:06,210 [main] INFO  server.AbstractConnector (AbstractConnector.java:doStart(278)) - Started ServerConnector@1a7d0c9f{HTTP/1.1,[http/1.1]}{0.0.0.0:43103}
2019-10-06 01:04:06,211 [main] INFO  server.Server (Server.java:doStart(419)) - Started @704454ms
2019-10-06 01:04:06,212 [main] WARN  impl.MetricsSystemImpl (MetricsSystemImpl.java:register(276)) - Sink prometheus already exists!
2019-10-06 01:04:06,213 [main] INFO  server.BaseHttpServer (BaseHttpServer.java:updateConnectorAddress(215)) - HTTP server of HDDSDATANODE is listening at http://0.0.0.0:43103
2019-10-06 01:04:06,213 [main] INFO  impl.MetricsSystemImpl (MetricsSystemImpl.java:init(158)) - HddsDatanode metrics system started (again)
2019-10-06 01:04:06,222 [org.apache.hadoop.util.JvmPauseMonitor$Monitor@4b5e33b1] INFO  util.JvmPauseMonitor (JvmPauseMonitor.java:run(188)) - Starting JVM pause monitor
2019-10-06 01:04:06,224 [Datanode State Machine Thread - 0] INFO  datanode.InitDatanodeState (InitDatanodeState.java:persistContainerDatanodeDetails(140)) - DatanodeDetails is persisted to /workdir/hadoop-ozone/integration-test/target/test-dir/MiniOzoneClusterImpl-a4005199-553d-4e0b-bbff-cd07ceedfb02/datanode-4/meta/datanode.id
2019-10-06 01:04:06,224 [main] INFO  ozone.HddsDatanodeService (HddsDatanodeService.java:start(184)) - HddsDatanodeService host:pr-hdds-2233-w5czk-1584650955 ip:192.168.30.55
2019-10-06 01:04:06,230 [main] INFO  volume.HddsVolume (HddsVolume.java:<init>(176)) - Creating Volume: /workdir/hadoop-ozone/integration-test/target/test-dir/MiniOzoneClusterImpl-a4005199-553d-4e0b-bbff-cd07ceedfb02/datanode-5/data/containers/hdds of  storage type : DISK and capacity : 1482555576320
2019-10-06 01:04:06,230 [main] INFO  volume.VolumeSet (VolumeSet.java:initializeVolumeSet(170)) - Added Volume : /workdir/hadoop-ozone/integration-test/target/test-dir/MiniOzoneClusterImpl-a4005199-553d-4e0b-bbff-cd07ceedfb02/datanode-5/data/containers/hdds to VolumeSet
2019-10-06 01:04:06,230 [main] INFO  volume.ThrottledAsyncChecker (ThrottledAsyncChecker.java:schedule(139)) - Scheduling a check for org.apache.hadoop.ozone.container.common.volume.HddsVolume@4269aad7
2019-10-06 01:04:06,230 [main] INFO  volume.HddsVolumeChecker (HddsVolumeChecker.java:checkAllVolumes(202)) - Scheduled health check for volume org.apache.hadoop.ozone.container.common.volume.HddsVolume@4269aad7
2019-10-06 01:04:06,246 [main] INFO  impl.RaftServerProxy (ConfUtils.java:logGet(43)) - raft.rpc.type = GRPC (default)
2019-10-06 01:04:06,246 [main] INFO  grpc.GrpcFactory (GrpcFactory.java:checkPooledByteBufAllocatorUseCacheForAllThreads(45)) - PERFORMANCE WARNING: useCacheForAllThreads is true that may cause Netty to create a lot garbage objects and, as a result, trigger GC.
	It is recommended to disable useCacheForAllThreads by setting -Dorg.apache.ratis.thirdparty.io.netty.allocator.useCacheForAllThreads=false in command line.
2019-10-06 01:04:06,247 [main] INFO  grpc.GrpcConfigKeys$Server (ConfUtils.java:logGet(43)) - raft.grpc.server.port = 0 (default)
2019-10-06 01:04:06,247 [main] INFO  server.GrpcService (ConfUtils.java:logGet(43)) - raft.grpc.message.size.max = 33570816 (custom)
2019-10-06 01:04:06,247 [main] INFO  server.RaftServerConfigKeys (ConfUtils.java:logGet(43)) - raft.server.log.appender.buffer.byte-limit = 33554432 (custom)
2019-10-06 01:04:06,247 [main] INFO  server.GrpcService (ConfUtils.java:logGet(43)) - raft.grpc.flow.control.window = 1MB (=1048576) (default)
2019-10-06 01:04:06,247 [main] INFO  server.RaftServerConfigKeys (ConfUtils.java:logGet(43)) - raft.server.rpc.request.timeout = 3000ms (default)
2019-10-06 01:04:06,248 [main] INFO  server.RaftServerConfigKeys (ConfUtils.java:logGet(43)) - raft.server.storage.dir = [/workdir/hadoop-ozone/integration-test/target/test-dir/MiniOzoneClusterImpl-a4005199-553d-4e0b-bbff-cd07ceedfb02/datanode-5/data/ratis] (custom)
2019-10-06 01:04:06,249 [main] INFO  hdfs.DFSUtil (DFSUtil.java:httpServerTemplateForNNAndJN(1641)) - Starting Web-server for hddsDatanode at: http://0.0.0.0:0
2019-10-06 01:04:06,250 [main] INFO  server.AuthenticationFilter (AuthenticationFilter.java:constructSecretProvider(240)) - Unable to initialize FileSignerSecretProvider, falling back to use random secrets.
2019-10-06 01:04:06,250 [main] WARN  http.HttpRequestLog (HttpRequestLog.java:getRequestLog(97)) - Jetty request log can only be enabled using Log4j
2019-10-06 01:04:06,251 [main] INFO  http.HttpServer2 (HttpServer2.java:addGlobalFilter(975)) - Added global filter 'safety' (class=org.apache.hadoop.http.HttpServer2$QuotingInputFilter)
2019-10-06 01:04:06,252 [main] INFO  http.HttpServer2 (HttpServer2.java:addFilter(948)) - Added filter static_user_filter (class=org.apache.hadoop.http.lib.StaticUserWebFilter$StaticUserFilter) to context hddsDatanode
2019-10-06 01:04:06,252 [main] INFO  http.HttpServer2 (HttpServer2.java:addFilter(958)) - Added filter static_user_filter (class=org.apache.hadoop.http.lib.StaticUserWebFilter$StaticUserFilter) to context logs
2019-10-06 01:04:06,252 [main] INFO  http.HttpServer2 (HttpServer2.java:addFilter(958)) - Added filter static_user_filter (class=org.apache.hadoop.http.lib.StaticUserWebFilter$StaticUserFilter) to context static
2019-10-06 01:04:06,252 [main] INFO  http.HttpServer2 (HttpServer2.java:bindListener(1191)) - Jetty bound to port 38517
2019-10-06 01:04:06,253 [main] INFO  server.Server (Server.java:doStart(351)) - jetty-9.3.25.v20180904, build timestamp: 2018-09-04T21:11:46Z, git hash: 3ce520221d0240229c862b122d2b06c12a625732
2019-10-06 01:04:06,254 [main] INFO  handler.ContextHandler (ContextHandler.java:doStart(781)) - Started o.e.j.s.ServletContextHandler@27db45f{/logs,file:///workdir/hadoop-ozone/integration-test/target/log,AVAILABLE}
2019-10-06 01:04:06,255 [main] INFO  handler.ContextHandler (ContextHandler.java:doStart(781)) - Started o.e.j.s.ServletContextHandler@1aeff8ca{/static,jar:file:/home/user/.m2/repository/org/apache/hadoop/hadoop-hdds-container-service/0.5.0-SNAPSHOT/hadoop-hdds-container-service-0.5.0-SNAPSHOT.jar!/webapps/static,AVAILABLE}
2019-10-06 01:04:06,283 [main] INFO  handler.ContextHandler (ContextHandler.java:doStart(781)) - Started o.e.j.w.WebAppContext@14590fe2{/,file:///tmp/jetty-0.0.0.0-38517-hddsDatanode-_-any-7896625719477450978.dir/webapp/,AVAILABLE}{/hddsDatanode}
2019-10-06 01:04:06,284 [main] INFO  server.AbstractConnector (AbstractConnector.java:doStart(278)) - Started ServerConnector@5922cff3{HTTP/1.1,[http/1.1]}{0.0.0.0:38517}
2019-10-06 01:04:06,285 [main] INFO  server.Server (Server.java:doStart(419)) - Started @704528ms
2019-10-06 01:04:06,285 [main] WARN  impl.MetricsSystemImpl (MetricsSystemImpl.java:register(276)) - Sink prometheus already exists!
2019-10-06 01:04:06,286 [main] INFO  server.BaseHttpServer (BaseHttpServer.java:updateConnectorAddress(215)) - HTTP server of HDDSDATANODE is listening at http://0.0.0.0:38517
2019-10-06 01:04:06,287 [main] INFO  impl.MetricsSystemImpl (MetricsSystemImpl.java:init(158)) - HddsDatanode metrics system started (again)
2019-10-06 01:04:06,296 [org.apache.hadoop.util.JvmPauseMonitor$Monitor@2dd525e9] INFO  util.JvmPauseMonitor (JvmPauseMonitor.java:run(188)) - Starting JVM pause monitor
2019-10-06 01:04:06,296 [main] INFO  ozone.HddsDatanodeService (HddsDatanodeService.java:start(184)) - HddsDatanodeService host:pr-hdds-2233-w5czk-1584650955 ip:192.168.30.55
2019-10-06 01:04:06,297 [Datanode State Machine Thread - 0] INFO  datanode.InitDatanodeState (InitDatanodeState.java:persistContainerDatanodeDetails(140)) - DatanodeDetails is persisted to /workdir/hadoop-ozone/integration-test/target/test-dir/MiniOzoneClusterImpl-a4005199-553d-4e0b-bbff-cd07ceedfb02/datanode-5/meta/datanode.id
2019-10-06 01:04:06,303 [main] INFO  volume.HddsVolume (HddsVolume.java:<init>(176)) - Creating Volume: /workdir/hadoop-ozone/integration-test/target/test-dir/MiniOzoneClusterImpl-a4005199-553d-4e0b-bbff-cd07ceedfb02/datanode-6/data/containers/hdds of  storage type : DISK and capacity : 1482555576320
2019-10-06 01:04:06,303 [main] INFO  volume.VolumeSet (VolumeSet.java:initializeVolumeSet(170)) - Added Volume : /workdir/hadoop-ozone/integration-test/target/test-dir/MiniOzoneClusterImpl-a4005199-553d-4e0b-bbff-cd07ceedfb02/datanode-6/data/containers/hdds to VolumeSet
2019-10-06 01:04:06,303 [main] INFO  volume.ThrottledAsyncChecker (ThrottledAsyncChecker.java:schedule(139)) - Scheduling a check for org.apache.hadoop.ozone.container.common.volume.HddsVolume@3dd2b9c1
2019-10-06 01:04:06,304 [main] INFO  volume.HddsVolumeChecker (HddsVolumeChecker.java:checkAllVolumes(202)) - Scheduled health check for volume org.apache.hadoop.ozone.container.common.volume.HddsVolume@3dd2b9c1
2019-10-06 01:04:06,317 [main] INFO  impl.RaftServerProxy (ConfUtils.java:logGet(43)) - raft.rpc.type = GRPC (default)
2019-10-06 01:04:06,317 [main] INFO  grpc.GrpcFactory (GrpcFactory.java:checkPooledByteBufAllocatorUseCacheForAllThreads(45)) - PERFORMANCE WARNING: useCacheForAllThreads is true that may cause Netty to create a lot garbage objects and, as a result, trigger GC.
	It is recommended to disable useCacheForAllThreads by setting -Dorg.apache.ratis.thirdparty.io.netty.allocator.useCacheForAllThreads=false in command line.
2019-10-06 01:04:06,317 [main] INFO  grpc.GrpcConfigKeys$Server (ConfUtils.java:logGet(43)) - raft.grpc.server.port = 0 (default)
2019-10-06 01:04:06,318 [main] INFO  server.GrpcService (ConfUtils.java:logGet(43)) - raft.grpc.message.size.max = 33570816 (custom)
2019-10-06 01:04:06,318 [main] INFO  server.RaftServerConfigKeys (ConfUtils.java:logGet(43)) - raft.server.log.appender.buffer.byte-limit = 33554432 (custom)
2019-10-06 01:04:06,318 [main] INFO  server.GrpcService (ConfUtils.java:logGet(43)) - raft.grpc.flow.control.window = 1MB (=1048576) (default)
2019-10-06 01:04:06,318 [main] INFO  server.RaftServerConfigKeys (ConfUtils.java:logGet(43)) - raft.server.rpc.request.timeout = 3000ms (default)
2019-10-06 01:04:06,318 [main] INFO  server.RaftServerConfigKeys (ConfUtils.java:logGet(43)) - raft.server.storage.dir = [/workdir/hadoop-ozone/integration-test/target/test-dir/MiniOzoneClusterImpl-a4005199-553d-4e0b-bbff-cd07ceedfb02/datanode-6/data/ratis] (custom)
2019-10-06 01:04:06,319 [main] INFO  hdfs.DFSUtil (DFSUtil.java:httpServerTemplateForNNAndJN(1641)) - Starting Web-server for hddsDatanode at: http://0.0.0.0:0
2019-10-06 01:04:06,320 [main] INFO  server.AuthenticationFilter (AuthenticationFilter.java:constructSecretProvider(240)) - Unable to initialize FileSignerSecretProvider, falling back to use random secrets.
2019-10-06 01:04:06,321 [main] WARN  http.HttpRequestLog (HttpRequestLog.java:getRequestLog(97)) - Jetty request log can only be enabled using Log4j
2019-10-06 01:04:06,322 [main] INFO  http.HttpServer2 (HttpServer2.java:addGlobalFilter(975)) - Added global filter 'safety' (class=org.apache.hadoop.http.HttpServer2$QuotingInputFilter)
2019-10-06 01:04:06,322 [main] INFO  http.HttpServer2 (HttpServer2.java:addFilter(948)) - Added filter static_user_filter (class=org.apache.hadoop.http.lib.StaticUserWebFilter$StaticUserFilter) to context hddsDatanode
2019-10-06 01:04:06,322 [main] INFO  http.HttpServer2 (HttpServer2.java:addFilter(958)) - Added filter static_user_filter (class=org.apache.hadoop.http.lib.StaticUserWebFilter$StaticUserFilter) to context logs
2019-10-06 01:04:06,322 [main] INFO  http.HttpServer2 (HttpServer2.java:addFilter(958)) - Added filter static_user_filter (class=org.apache.hadoop.http.lib.StaticUserWebFilter$StaticUserFilter) to context static
2019-10-06 01:04:06,323 [main] INFO  http.HttpServer2 (HttpServer2.java:bindListener(1191)) - Jetty bound to port 38303
2019-10-06 01:04:06,323 [main] INFO  server.Server (Server.java:doStart(351)) - jetty-9.3.25.v20180904, build timestamp: 2018-09-04T21:11:46Z, git hash: 3ce520221d0240229c862b122d2b06c12a625732
2019-10-06 01:04:06,324 [main] INFO  handler.ContextHandler (ContextHandler.java:doStart(781)) - Started o.e.j.s.ServletContextHandler@1dca62c2{/logs,file:///workdir/hadoop-ozone/integration-test/target/log,AVAILABLE}
2019-10-06 01:04:06,325 [main] INFO  handler.ContextHandler (ContextHandler.java:doStart(781)) - Started o.e.j.s.ServletContextHandler@43d3995f{/static,jar:file:/home/user/.m2/repository/org/apache/hadoop/hadoop-hdds-container-service/0.5.0-SNAPSHOT/hadoop-hdds-container-service-0.5.0-SNAPSHOT.jar!/webapps/static,AVAILABLE}
2019-10-06 01:04:06,352 [main] INFO  handler.ContextHandler (ContextHandler.java:doStart(781)) - Started o.e.j.w.WebAppContext@778113f2{/,file:///tmp/jetty-0.0.0.0-38303-hddsDatanode-_-any-1389327838414813080.dir/webapp/,AVAILABLE}{/hddsDatanode}
2019-10-06 01:04:06,352 [main] INFO  server.AbstractConnector (AbstractConnector.java:doStart(278)) - Started ServerConnector@9dc782d{HTTP/1.1,[http/1.1]}{0.0.0.0:38303}
2019-10-06 01:04:06,354 [main] INFO  server.Server (Server.java:doStart(419)) - Started @704596ms
2019-10-06 01:04:06,354 [main] WARN  impl.MetricsSystemImpl (MetricsSystemImpl.java:register(276)) - Sink prometheus already exists!
2019-10-06 01:04:06,355 [main] INFO  server.BaseHttpServer (BaseHttpServer.java:updateConnectorAddress(215)) - HTTP server of HDDSDATANODE is listening at http://0.0.0.0:38303
2019-10-06 01:04:06,355 [main] INFO  ozone.MiniOzoneClusterImpl (MiniOzoneClusterImpl.java:lambda$waitForClusterToBeReady$0(147)) - Waiting for cluster to be ready. Got 0 of 7 DN Heartbeats.
2019-10-06 01:04:06,357 [org.apache.hadoop.util.JvmPauseMonitor$Monitor@2cc869c] INFO  util.JvmPauseMonitor (JvmPauseMonitor.java:run(188)) - Starting JVM pause monitor
2019-10-06 01:04:06,357 [Datanode State Machine Thread - 0] INFO  datanode.InitDatanodeState (InitDatanodeState.java:persistContainerDatanodeDetails(140)) - DatanodeDetails is persisted to /workdir/hadoop-ozone/integration-test/target/test-dir/MiniOzoneClusterImpl-a4005199-553d-4e0b-bbff-cd07ceedfb02/datanode-6/meta/datanode.id
2019-10-06 01:04:07,356 [main] INFO  ozone.MiniOzoneClusterImpl (MiniOzoneClusterImpl.java:lambda$waitForClusterToBeReady$0(147)) - Waiting for cluster to be ready. Got 0 of 7 DN Heartbeats.
2019-10-06 01:04:07,931 [Datanode State Machine Thread - 0] INFO  ozoneimpl.OzoneContainer (OzoneContainer.java:start(217)) - Attempting to start container services.
2019-10-06 01:04:07,932 [Datanode State Machine Thread - 0] INFO  ozoneimpl.OzoneContainer (OzoneContainer.java:startContainerScrub(179)) - Background container scanner has been disabled.
2019-10-06 01:04:07,933 [Datanode State Machine Thread - 0] INFO  ratis.XceiverServerRatis (XceiverServerRatis.java:start(417)) - Starting XceiverServerRatis fae8fe5f-3f5a-4647-a1dd-1848d738c051 at port 0
2019-10-06 01:04:07,942 [Datanode State Machine Thread - 0] INFO  impl.RaftServerProxy (RaftServerProxy.java:lambda$start$3(299)) - fae8fe5f-3f5a-4647-a1dd-1848d738c051: start RPC server
2019-10-06 01:04:07,945 [Datanode State Machine Thread - 0] INFO  server.GrpcService (GrpcService.java:startImpl(158)) - fae8fe5f-3f5a-4647-a1dd-1848d738c051: GrpcService started, listening on 0.0.0.0/0.0.0.0:45977
2019-10-06 01:04:07,945 [Datanode State Machine Thread - 0] INFO  ratis.XceiverServerRatis (XceiverServerRatis.java:start(427)) - XceiverServerRatis fae8fe5f-3f5a-4647-a1dd-1848d738c051 is started using port 45977
2019-10-06 01:04:07,945 [Datanode State Machine Thread - 0] INFO  server.XceiverServerGrpc (XceiverServerGrpc.java:start(149)) - XceiverServerGrpc fae8fe5f-3f5a-4647-a1dd-1848d738c051 is started using port 34226
2019-10-06 01:04:08,015 [Datanode State Machine Thread - 0] INFO  ozoneimpl.OzoneContainer (OzoneContainer.java:start(217)) - Attempting to start container services.
2019-10-06 01:04:08,016 [Datanode State Machine Thread - 0] INFO  ozoneimpl.OzoneContainer (OzoneContainer.java:startContainerScrub(179)) - Background container scanner has been disabled.
2019-10-06 01:04:08,016 [Datanode State Machine Thread - 0] INFO  ratis.XceiverServerRatis (XceiverServerRatis.java:start(417)) - Starting XceiverServerRatis 14a49e7b-821a-4fd4-a08d-8b5118141aad at port 0
2019-10-06 01:04:08,027 [Datanode State Machine Thread - 0] INFO  impl.RaftServerProxy (RaftServerProxy.java:lambda$start$3(299)) - 14a49e7b-821a-4fd4-a08d-8b5118141aad: start RPC server
2019-10-06 01:04:08,027 [Datanode State Machine Thread - 0] INFO  server.GrpcService (GrpcService.java:startImpl(158)) - 14a49e7b-821a-4fd4-a08d-8b5118141aad: GrpcService started, listening on 0.0.0.0/0.0.0.0:43101
2019-10-06 01:04:08,028 [Datanode State Machine Thread - 0] INFO  ratis.XceiverServerRatis (XceiverServerRatis.java:start(427)) - XceiverServerRatis 14a49e7b-821a-4fd4-a08d-8b5118141aad is started using port 43101
2019-10-06 01:04:08,028 [Datanode State Machine Thread - 0] INFO  server.XceiverServerGrpc (XceiverServerGrpc.java:start(149)) - XceiverServerGrpc 14a49e7b-821a-4fd4-a08d-8b5118141aad is started using port 43936
2019-10-06 01:04:08,079 [Datanode State Machine Thread - 0] INFO  ozoneimpl.OzoneContainer (OzoneContainer.java:start(217)) - Attempting to start container services.
2019-10-06 01:04:08,079 [Datanode State Machine Thread - 0] INFO  ozoneimpl.OzoneContainer (OzoneContainer.java:startContainerScrub(179)) - Background container scanner has been disabled.
2019-10-06 01:04:08,079 [Datanode State Machine Thread - 0] INFO  ratis.XceiverServerRatis (XceiverServerRatis.java:start(417)) - Starting XceiverServerRatis dd43951f-fd9b-40ce-9d54-abf1e172228e at port 0
2019-10-06 01:04:08,085 [Datanode State Machine Thread - 0] INFO  impl.RaftServerProxy (RaftServerProxy.java:lambda$start$3(299)) - dd43951f-fd9b-40ce-9d54-abf1e172228e: start RPC server
2019-10-06 01:04:08,100 [Datanode State Machine Thread - 0] INFO  server.GrpcService (GrpcService.java:startImpl(158)) - dd43951f-fd9b-40ce-9d54-abf1e172228e: GrpcService started, listening on 0.0.0.0/0.0.0.0:34936
2019-10-06 01:04:08,100 [Datanode State Machine Thread - 0] INFO  ratis.XceiverServerRatis (XceiverServerRatis.java:start(427)) - XceiverServerRatis dd43951f-fd9b-40ce-9d54-abf1e172228e is started using port 34936
2019-10-06 01:04:08,100 [Datanode State Machine Thread - 0] INFO  server.XceiverServerGrpc (XceiverServerGrpc.java:start(149)) - XceiverServerGrpc dd43951f-fd9b-40ce-9d54-abf1e172228e is started using port 40247
2019-10-06 01:04:08,148 [Datanode State Machine Thread - 0] INFO  ozoneimpl.OzoneContainer (OzoneContainer.java:start(217)) - Attempting to start container services.
2019-10-06 01:04:08,149 [Datanode State Machine Thread - 0] INFO  ozoneimpl.OzoneContainer (OzoneContainer.java:startContainerScrub(179)) - Background container scanner has been disabled.
2019-10-06 01:04:08,149 [Datanode State Machine Thread - 0] INFO  ratis.XceiverServerRatis (XceiverServerRatis.java:start(417)) - Starting XceiverServerRatis 34df7c7d-467d-4e9b-b5d5-ec817f1ff900 at port 0
2019-10-06 01:04:08,154 [Datanode State Machine Thread - 0] INFO  impl.RaftServerProxy (RaftServerProxy.java:lambda$start$3(299)) - 34df7c7d-467d-4e9b-b5d5-ec817f1ff900: start RPC server
2019-10-06 01:04:08,155 [Datanode State Machine Thread - 0] INFO  server.GrpcService (GrpcService.java:startImpl(158)) - 34df7c7d-467d-4e9b-b5d5-ec817f1ff900: GrpcService started, listening on 0.0.0.0/0.0.0.0:36233
2019-10-06 01:04:08,155 [Datanode State Machine Thread - 0] INFO  ratis.XceiverServerRatis (XceiverServerRatis.java:start(427)) - XceiverServerRatis 34df7c7d-467d-4e9b-b5d5-ec817f1ff900 is started using port 36233
2019-10-06 01:04:08,155 [Datanode State Machine Thread - 0] INFO  server.XceiverServerGrpc (XceiverServerGrpc.java:start(149)) - XceiverServerGrpc 34df7c7d-467d-4e9b-b5d5-ec817f1ff900 is started using port 39765
2019-10-06 01:04:08,236 [Datanode State Machine Thread - 0] INFO  ozoneimpl.OzoneContainer (OzoneContainer.java:start(217)) - Attempting to start container services.
2019-10-06 01:04:08,236 [Datanode State Machine Thread - 0] INFO  ozoneimpl.OzoneContainer (OzoneContainer.java:startContainerScrub(179)) - Background container scanner has been disabled.
2019-10-06 01:04:08,236 [Datanode State Machine Thread - 0] INFO  ratis.XceiverServerRatis (XceiverServerRatis.java:start(417)) - Starting XceiverServerRatis 0216f0c8-24d4-43bc-be04-ed9ede0b1d6e at port 0
2019-10-06 01:04:08,244 [Datanode State Machine Thread - 0] INFO  impl.RaftServerProxy (RaftServerProxy.java:lambda$start$3(299)) - 0216f0c8-24d4-43bc-be04-ed9ede0b1d6e: start RPC server
2019-10-06 01:04:08,245 [Datanode State Machine Thread - 0] INFO  server.GrpcService (GrpcService.java:startImpl(158)) - 0216f0c8-24d4-43bc-be04-ed9ede0b1d6e: GrpcService started, listening on 0.0.0.0/0.0.0.0:34819
2019-10-06 01:04:08,245 [Datanode State Machine Thread - 0] INFO  ratis.XceiverServerRatis (XceiverServerRatis.java:start(427)) - XceiverServerRatis 0216f0c8-24d4-43bc-be04-ed9ede0b1d6e is started using port 34819
2019-10-06 01:04:08,245 [Datanode State Machine Thread - 0] INFO  server.XceiverServerGrpc (XceiverServerGrpc.java:start(149)) - XceiverServerGrpc 0216f0c8-24d4-43bc-be04-ed9ede0b1d6e is started using port 40597
2019-10-06 01:04:08,309 [Datanode State Machine Thread - 0] INFO  ozoneimpl.OzoneContainer (OzoneContainer.java:start(217)) - Attempting to start container services.
2019-10-06 01:04:08,310 [Datanode State Machine Thread - 0] INFO  ozoneimpl.OzoneContainer (OzoneContainer.java:startContainerScrub(179)) - Background container scanner has been disabled.
2019-10-06 01:04:08,310 [Datanode State Machine Thread - 0] INFO  ratis.XceiverServerRatis (XceiverServerRatis.java:start(417)) - Starting XceiverServerRatis ce3173c5-5540-4385-8231-d133d6b995d8 at port 0
2019-10-06 01:04:08,318 [Datanode State Machine Thread - 0] INFO  impl.RaftServerProxy (RaftServerProxy.java:lambda$start$3(299)) - ce3173c5-5540-4385-8231-d133d6b995d8: start RPC server
2019-10-06 01:04:08,318 [Datanode State Machine Thread - 0] INFO  server.GrpcService (GrpcService.java:startImpl(158)) - ce3173c5-5540-4385-8231-d133d6b995d8: GrpcService started, listening on 0.0.0.0/0.0.0.0:35537
2019-10-06 01:04:08,318 [Datanode State Machine Thread - 0] INFO  ratis.XceiverServerRatis (XceiverServerRatis.java:start(427)) - XceiverServerRatis ce3173c5-5540-4385-8231-d133d6b995d8 is started using port 35537
2019-10-06 01:04:08,319 [Datanode State Machine Thread - 0] INFO  server.XceiverServerGrpc (XceiverServerGrpc.java:start(149)) - XceiverServerGrpc ce3173c5-5540-4385-8231-d133d6b995d8 is started using port 34797
2019-10-06 01:04:08,357 [main] INFO  ozone.MiniOzoneClusterImpl (MiniOzoneClusterImpl.java:lambda$waitForClusterToBeReady$0(147)) - Waiting for cluster to be ready. Got 0 of 7 DN Heartbeats.
2019-10-06 01:04:08,370 [Datanode State Machine Thread - 0] INFO  ozoneimpl.OzoneContainer (OzoneContainer.java:start(217)) - Attempting to start container services.
2019-10-06 01:04:08,370 [Datanode State Machine Thread - 0] INFO  ozoneimpl.OzoneContainer (OzoneContainer.java:startContainerScrub(179)) - Background container scanner has been disabled.
2019-10-06 01:04:08,370 [Datanode State Machine Thread - 0] INFO  ratis.XceiverServerRatis (XceiverServerRatis.java:start(417)) - Starting XceiverServerRatis 0ae06c2c-b65e-4bd4-be05-bfb9cf30240d at port 0
2019-10-06 01:04:08,376 [Datanode State Machine Thread - 0] INFO  impl.RaftServerProxy (RaftServerProxy.java:lambda$start$3(299)) - 0ae06c2c-b65e-4bd4-be05-bfb9cf30240d: start RPC server
2019-10-06 01:04:08,377 [Datanode State Machine Thread - 0] INFO  server.GrpcService (GrpcService.java:startImpl(158)) - 0ae06c2c-b65e-4bd4-be05-bfb9cf30240d: GrpcService started, listening on 0.0.0.0/0.0.0.0:32960
2019-10-06 01:04:08,377 [Datanode State Machine Thread - 0] INFO  ratis.XceiverServerRatis (XceiverServerRatis.java:start(427)) - XceiverServerRatis 0ae06c2c-b65e-4bd4-be05-bfb9cf30240d is started using port 32960
2019-10-06 01:04:08,377 [Datanode State Machine Thread - 0] INFO  server.XceiverServerGrpc (XceiverServerGrpc.java:start(149)) - XceiverServerGrpc 0ae06c2c-b65e-4bd4-be05-bfb9cf30240d is started using port 42216
2019-10-06 01:04:09,358 [main] INFO  ozone.MiniOzoneClusterImpl (MiniOzoneClusterImpl.java:lambda$waitForClusterToBeReady$0(147)) - Waiting for cluster to be ready. Got 0 of 7 DN Heartbeats.
2019-10-06 01:04:09,932 [IPC Server handler 4 on 46605] INFO  net.NetworkTopology (NetworkTopologyImpl.java:add(111)) - Added a new node: /default-rack/fae8fe5f-3f5a-4647-a1dd-1848d738c051
2019-10-06 01:04:09,938 [IPC Server handler 4 on 46605] INFO  node.SCMNodeManager (SCMNodeManager.java:register(266)) - Registered Data node : fae8fe5f-3f5a-4647-a1dd-1848d738c051{ip: 192.168.30.55, host: pr-hdds-2233-w5czk-1584650955, networkLocation: /default-rack, certSerialId: null}
2019-10-06 01:04:09,939 [EventQueue-NodeRegistrationContainerReportForDataNodeSafeModeRule] INFO  safemode.SCMSafeModeManager (DataNodeSafeModeRule.java:process(71)) - SCM in safe mode. 1 DataNodes registered, 1 required.
2019-10-06 01:04:09,942 [EventQueue-NodeRegistrationContainerReportForDataNodeSafeModeRule] INFO  safemode.SCMSafeModeManager (SCMSafeModeManager.java:validateSafeModeExitRules(177)) - ScmSafeModeManager, all rules are successfully validated
2019-10-06 01:04:09,942 [EventQueue-NodeRegistrationContainerReportForDataNodeSafeModeRule] INFO  safemode.SCMSafeModeManager (SCMSafeModeManager.java:exitSafeMode(193)) - SCM exiting safe mode.
2019-10-06 01:04:09,953 [grpc-default-executor-9] INFO  impl.RaftServerProxy (RaftServerProxy.java:addNew(89)) - fae8fe5f-3f5a-4647-a1dd-1848d738c051: addNew group-75249F8F455D:[fae8fe5f-3f5a-4647-a1dd-1848d738c051:192.168.30.55:45977] returns group-75249F8F455D:java.util.concurrent.CompletableFuture@398ed0a9[Not completed]
2019-10-06 01:04:09,957 [pool-679-thread-1] INFO  impl.RaftServerImpl (RaftServerImpl.java:<init>(95)) - fae8fe5f-3f5a-4647-a1dd-1848d738c051: new RaftServerImpl for group-75249F8F455D:[fae8fe5f-3f5a-4647-a1dd-1848d738c051:192.168.30.55:45977] with ContainerStateMachine:uninitialized
2019-10-06 01:04:09,957 [pool-679-thread-1] INFO  server.RaftServerConfigKeys (ConfUtils.java:logGet(43)) - raft.server.rpc.timeout.min = 5s (custom)
2019-10-06 01:04:09,957 [pool-679-thread-1] INFO  server.RaftServerConfigKeys (ConfUtils.java:logGet(43)) - raft.server.rpc.timeout.max = 5200ms (custom)
2019-10-06 01:04:09,957 [pool-679-thread-1] INFO  server.RaftServerConfigKeys (ConfUtils.java:logGet(43)) - raft.server.rpcslowness.timeout = 120s (custom)
2019-10-06 01:04:09,957 [pool-679-thread-1] INFO  server.RaftServerConfigKeys (ConfUtils.java:logGet(43)) - raft.server.sleep.deviation.threshold = 300 (default)
2019-10-06 01:04:09,958 [pool-679-thread-1] INFO  server.RaftServerConfigKeys (ConfUtils.java:logGet(43)) - raft.server.log.appender.install.snapshot.enabled = false (custom)
2019-10-06 01:04:09,958 [pool-679-thread-1] INFO  impl.RaftServerImpl (ServerState.java:<init>(103)) - fae8fe5f-3f5a-4647-a1dd-1848d738c051@group-75249F8F455D: ConfigurationManager, init=-1: [fae8fe5f-3f5a-4647-a1dd-1848d738c051:192.168.30.55:45977], old=null, confs=<EMPTY_MAP>
2019-10-06 01:04:09,958 [pool-679-thread-1] INFO  server.RaftServerConfigKeys (ConfUtils.java:logGet(43)) - raft.server.storage.dir = [/workdir/hadoop-ozone/integration-test/target/test-dir/MiniOzoneClusterImpl-a4005199-553d-4e0b-bbff-cd07ceedfb02/datanode-0/data/ratis] (custom)
2019-10-06 01:04:09,959 [pool-679-thread-1] INFO  server.RaftServerConfigKeys (ConfUtils.java:logGet(43)) - raft.server.log.corruption.policy = EXCEPTION (default)
2019-10-06 01:04:09,959 [pool-679-thread-1] INFO  storage.RaftStorageDirectory (RaftStorageDirectory.java:analyzeStorage(246)) - The storage directory /workdir/hadoop-ozone/integration-test/target/test-dir/MiniOzoneClusterImpl-a4005199-553d-4e0b-bbff-cd07ceedfb02/datanode-0/data/ratis/2917a791-bdbb-4b36-a1fb-75249f8f455d does not exist. Creating ...
2019-10-06 01:04:09,974 [pool-679-thread-1] INFO  storage.RaftStorageDirectory (RaftStorageDirectory.java:tryLock(328)) - Lock on /workdir/hadoop-ozone/integration-test/target/test-dir/MiniOzoneClusterImpl-a4005199-553d-4e0b-bbff-cd07ceedfb02/datanode-0/data/ratis/2917a791-bdbb-4b36-a1fb-75249f8f455d/in_use.lock acquired by nodename 24930@pr-hdds-2233-w5czk-1584650955
2019-10-06 01:04:09,987 [pool-679-thread-1] INFO  storage.RaftStorage (RaftStorage.java:format(84)) - Storage directory /workdir/hadoop-ozone/integration-test/target/test-dir/MiniOzoneClusterImpl-a4005199-553d-4e0b-bbff-cd07ceedfb02/datanode-0/data/ratis/2917a791-bdbb-4b36-a1fb-75249f8f455d has been successfully formatted.
2019-10-06 01:04:09,987 [pool-679-thread-1] INFO  ratis.ContainerStateMachine (ContainerStateMachine.java:loadSnapshot(230)) - group-75249F8F455D: The snapshot info is null. Setting the last applied indexto:(t:0, i:~)
2019-10-06 01:04:09,987 [pool-679-thread-1] INFO  server.RaftServerConfigKeys (ConfUtils.java:logGet(43)) - raft.server.notification.no-leader.timeout = 120s (custom)
2019-10-06 01:04:09,988 [pool-679-thread-1] INFO  server.RaftServerConfigKeys (ConfUtils.java:logGet(43)) - raft.server.log.use.memory = false (default)
2019-10-06 01:04:09,988 [pool-679-thread-1] INFO  server.RaftServerConfigKeys (ConfUtils.java:logGet(43)) - raft.server.log.purge.gap = 1000000 (custom)
2019-10-06 01:04:09,988 [pool-679-thread-1] INFO  server.RaftServerConfigKeys (ConfUtils.java:logGet(43)) - raft.server.log.appender.buffer.byte-limit = 33554432 (custom)
2019-10-06 01:04:09,988 [pool-679-thread-1] INFO  server.RaftServerConfigKeys (ConfUtils.java:logGet(43)) - raft.server.log.segment.size.max = 1048576 (custom)
2019-10-06 01:04:09,990 [pool-679-thread-1] INFO  server.RaftServerConfigKeys (ConfUtils.java:logGet(43)) - raft.server.log.segment.cache.num.max = 2 (custom)
2019-10-06 01:04:09,991 [pool-679-thread-1] INFO  segmented.SegmentedRaftLogWorker (SegmentedRaftLogWorker.java:<init>(173)) - new fae8fe5f-3f5a-4647-a1dd-1848d738c051@group-75249F8F455D-SegmentedRaftLogWorker for RaftStorage:Storage Directory /workdir/hadoop-ozone/integration-test/target/test-dir/MiniOzoneClusterImpl-a4005199-553d-4e0b-bbff-cd07ceedfb02/datanode-0/data/ratis/2917a791-bdbb-4b36-a1fb-75249f8f455d
2019-10-06 01:04:09,991 [pool-679-thread-1] INFO  server.RaftServerConfigKeys (ConfUtils.java:logGet(43)) - raft.server.log.queue.byte-limit = 2147483647 (custom)
2019-10-06 01:04:09,991 [pool-679-thread-1] INFO  server.RaftServerConfigKeys (ConfUtils.java:logGet(43)) - raft.server.log.queue.element-limit = 1024 (custom)
2019-10-06 01:04:09,991 [pool-679-thread-1] INFO  server.RaftServerConfigKeys (ConfUtils.java:logGet(43)) - raft.server.log.segment.size.max = 1048576 (custom)
2019-10-06 01:04:09,991 [pool-679-thread-1] INFO  server.RaftServerConfigKeys (ConfUtils.java:logGet(43)) - raft.server.log.preallocated.size = 16384 (custom)
2019-10-06 01:04:09,991 [pool-679-thread-1] INFO  server.RaftServerConfigKeys (ConfUtils.java:logGet(43)) - raft.server.log.write.buffer.size = 33554432 (custom)
2019-10-06 01:04:09,991 [pool-679-thread-1] INFO  server.RaftServerConfigKeys (ConfUtils.java:logGet(43)) - raft.server.log.force.sync.num = 128 (default)
2019-10-06 01:04:09,992 [pool-679-thread-1] INFO  server.RaftServerConfigKeys (ConfUtils.java:logGet(43)) - raft.server.log.statemachine.data.sync = true (default)
2019-10-06 01:04:09,992 [pool-679-thread-1] INFO  server.RaftServerConfigKeys (ConfUtils.java:logGet(43)) - raft.server.log.statemachine.data.sync.timeout = 10s (default)
2019-10-06 01:04:09,992 [pool-679-thread-1] INFO  server.RaftServerConfigKeys (ConfUtils.java:logGet(43)) - raft.server.log.statemachine.data.sync.timeout.retry = -1 (default)
2019-10-06 01:04:09,992 [pool-679-thread-1] INFO  server.RaftServerConfigKeys (ConfUtils.java:logGet(43)) - raft.server.log.statemachine.data.caching.enabled = true (custom)
2019-10-06 01:04:09,993 [pool-679-thread-1] INFO  segmented.SegmentedRaftLogWorker (SegmentedRaftLogWorker.java:lambda$new$0(128)) - fae8fe5f-3f5a-4647-a1dd-1848d738c051@group-75249F8F455D-SegmentedRaftLogWorker: flushIndex: setUnconditionally 0 -> -1
2019-10-06 01:04:09,993 [IPC Server handler 5 on 46605] INFO  net.NetworkTopology (NetworkTopologyImpl.java:add(111)) - Added a new node: /default-rack/14a49e7b-821a-4fd4-a08d-8b5118141aad
2019-10-06 01:04:09,993 [IPC Server handler 5 on 46605] INFO  node.SCMNodeManager (SCMNodeManager.java:register(266)) - Registered Data node : 14a49e7b-821a-4fd4-a08d-8b5118141aad{ip: 192.168.30.55, host: pr-hdds-2233-w5czk-1584650955, networkLocation: /default-rack, certSerialId: null}
2019-10-06 01:04:09,993 [pool-679-thread-1] INFO  server.RaftServerConfigKeys (ConfUtils.java:logGet(43)) - raft.server.snapshot.auto.trigger.enabled = true (custom)
2019-10-06 01:04:09,994 [pool-679-thread-1] INFO  server.RaftServerConfigKeys (ConfUtils.java:logGet(43)) - raft.server.snapshot.auto.trigger.threshold = 10000 (custom)
2019-10-06 01:04:09,994 [pool-679-thread-1] INFO  server.RaftServerConfigKeys (ConfUtils.java:logGet(43)) - raft.server.snapshot.retention.file.num = 5 (custom)
2019-10-06 01:04:09,994 [pool-679-thread-1] INFO  server.RaftServerConfigKeys (ConfUtils.java:logGet(43)) - raft.server.retrycache.expirytime = 600000ms (custom)
2019-10-06 01:04:09,995 [pool-679-thread-1] INFO  impl.RaftServerImpl (RaftServerImpl.java:start(181)) - fae8fe5f-3f5a-4647-a1dd-1848d738c051@group-75249F8F455D: start as a follower, conf=-1: [fae8fe5f-3f5a-4647-a1dd-1848d738c051:192.168.30.55:45977], old=null
2019-10-06 01:04:09,996 [pool-679-thread-1] INFO  impl.RaftServerImpl (RaftServerImpl.java:setRole(170)) - fae8fe5f-3f5a-4647-a1dd-1848d738c051@group-75249F8F455D: changes role from      null to FOLLOWER at term 0 for startAsFollower
2019-10-06 01:04:09,996 [pool-679-thread-1] INFO  impl.RoleInfo (RoleInfo.java:updateAndGet(143)) - fae8fe5f-3f5a-4647-a1dd-1848d738c051: start FollowerState
2019-10-06 01:04:09,996 [pool-679-thread-1] INFO  util.JmxRegister (JmxRegister.java:tryRegister(44)) - Successfully registered JMX Bean with object name Ratis:service=RaftServer,group=group-75249F8F455D,id=fae8fe5f-3f5a-4647-a1dd-1848d738c051
2019-10-06 01:04:10,004 [RatisPipelineUtilsThread] INFO  pipeline.PipelineStateManager (PipelineStateManager.java:addPipeline(56)) - Created pipeline Pipeline[ Id: 2917a791-bdbb-4b36-a1fb-75249f8f455d, Nodes: fae8fe5f-3f5a-4647-a1dd-1848d738c051{ip: 192.168.30.55, host: pr-hdds-2233-w5czk-1584650955, networkLocation: /default-rack, certSerialId: null}, Type:RATIS, Factor:ONE, State:OPEN]
2019-10-06 01:04:10,022 [grpc-default-executor-9] INFO  impl.RaftServerProxy (RaftServerProxy.java:addNew(89)) - 14a49e7b-821a-4fd4-a08d-8b5118141aad: addNew group-E1264D7A8C54:[14a49e7b-821a-4fd4-a08d-8b5118141aad:192.168.30.55:43101] returns group-E1264D7A8C54:java.util.concurrent.CompletableFuture@4a78b668[Not completed]
2019-10-06 01:04:10,023 [pool-689-thread-1] INFO  impl.RaftServerImpl (RaftServerImpl.java:<init>(95)) - 14a49e7b-821a-4fd4-a08d-8b5118141aad: new RaftServerImpl for group-E1264D7A8C54:[14a49e7b-821a-4fd4-a08d-8b5118141aad:192.168.30.55:43101] with ContainerStateMachine:uninitialized
2019-10-06 01:04:10,023 [pool-689-thread-1] INFO  server.RaftServerConfigKeys (ConfUtils.java:logGet(43)) - raft.server.rpc.timeout.min = 5s (custom)
2019-10-06 01:04:10,023 [pool-689-thread-1] INFO  server.RaftServerConfigKeys (ConfUtils.java:logGet(43)) - raft.server.rpc.timeout.max = 5200ms (custom)
2019-10-06 01:04:10,023 [pool-689-thread-1] INFO  server.RaftServerConfigKeys (ConfUtils.java:logGet(43)) - raft.server.rpcslowness.timeout = 120s (custom)
2019-10-06 01:04:10,023 [pool-689-thread-1] INFO  server.RaftServerConfigKeys (ConfUtils.java:logGet(43)) - raft.server.sleep.deviation.threshold = 300 (default)
2019-10-06 01:04:10,023 [pool-689-thread-1] INFO  server.RaftServerConfigKeys (ConfUtils.java:logGet(43)) - raft.server.log.appender.install.snapshot.enabled = false (custom)
2019-10-06 01:04:10,023 [pool-689-thread-1] INFO  impl.RaftServerImpl (ServerState.java:<init>(103)) - 14a49e7b-821a-4fd4-a08d-8b5118141aad@group-E1264D7A8C54: ConfigurationManager, init=-1: [14a49e7b-821a-4fd4-a08d-8b5118141aad:192.168.30.55:43101], old=null, confs=<EMPTY_MAP>
2019-10-06 01:04:10,024 [pool-689-thread-1] INFO  server.RaftServerConfigKeys (ConfUtils.java:logGet(43)) - raft.server.storage.dir = [/workdir/hadoop-ozone/integration-test/target/test-dir/MiniOzoneClusterImpl-a4005199-553d-4e0b-bbff-cd07ceedfb02/datanode-1/data/ratis] (custom)
2019-10-06 01:04:10,024 [pool-689-thread-1] INFO  server.RaftServerConfigKeys (ConfUtils.java:logGet(43)) - raft.server.log.corruption.policy = EXCEPTION (default)
2019-10-06 01:04:10,024 [pool-689-thread-1] INFO  storage.RaftStorageDirectory (RaftStorageDirectory.java:analyzeStorage(246)) - The storage directory /workdir/hadoop-ozone/integration-test/target/test-dir/MiniOzoneClusterImpl-a4005199-553d-4e0b-bbff-cd07ceedfb02/datanode-1/data/ratis/d15e4efd-4176-4650-bc92-e1264d7a8c54 does not exist. Creating ...
2019-10-06 01:04:10,037 [pool-689-thread-1] INFO  storage.RaftStorageDirectory (RaftStorageDirectory.java:tryLock(328)) - Lock on /workdir/hadoop-ozone/integration-test/target/test-dir/MiniOzoneClusterImpl-a4005199-553d-4e0b-bbff-cd07ceedfb02/datanode-1/data/ratis/d15e4efd-4176-4650-bc92-e1264d7a8c54/in_use.lock acquired by nodename 24930@pr-hdds-2233-w5czk-1584650955
2019-10-06 01:04:10,049 [pool-689-thread-1] INFO  storage.RaftStorage (RaftStorage.java:format(84)) - Storage directory /workdir/hadoop-ozone/integration-test/target/test-dir/MiniOzoneClusterImpl-a4005199-553d-4e0b-bbff-cd07ceedfb02/datanode-1/data/ratis/d15e4efd-4176-4650-bc92-e1264d7a8c54 has been successfully formatted.
2019-10-06 01:04:10,050 [pool-689-thread-1] INFO  ratis.ContainerStateMachine (ContainerStateMachine.java:loadSnapshot(230)) - group-E1264D7A8C54: The snapshot info is null. Setting the last applied indexto:(t:0, i:~)
2019-10-06 01:04:10,050 [pool-689-thread-1] INFO  server.RaftServerConfigKeys (ConfUtils.java:logGet(43)) - raft.server.notification.no-leader.timeout = 120s (custom)
2019-10-06 01:04:10,050 [pool-689-thread-1] INFO  server.RaftServerConfigKeys (ConfUtils.java:logGet(43)) - raft.server.log.use.memory = false (default)
2019-10-06 01:04:10,050 [pool-689-thread-1] INFO  server.RaftServerConfigKeys (ConfUtils.java:logGet(43)) - raft.server.log.purge.gap = 1000000 (custom)
2019-10-06 01:04:10,050 [pool-689-thread-1] INFO  server.RaftServerConfigKeys (ConfUtils.java:logGet(43)) - raft.server.log.appender.buffer.byte-limit = 33554432 (custom)
2019-10-06 01:04:10,050 [pool-689-thread-1] INFO  server.RaftServerConfigKeys (ConfUtils.java:logGet(43)) - raft.server.log.segment.size.max = 1048576 (custom)
2019-10-06 01:04:10,051 [pool-689-thread-1] INFO  server.RaftServerConfigKeys (ConfUtils.java:logGet(43)) - raft.server.log.segment.cache.num.max = 2 (custom)
2019-10-06 01:04:10,051 [pool-689-thread-1] INFO  segmented.SegmentedRaftLogWorker (SegmentedRaftLogWorker.java:<init>(173)) - new 14a49e7b-821a-4fd4-a08d-8b5118141aad@group-E1264D7A8C54-SegmentedRaftLogWorker for RaftStorage:Storage Directory /workdir/hadoop-ozone/integration-test/target/test-dir/MiniOzoneClusterImpl-a4005199-553d-4e0b-bbff-cd07ceedfb02/datanode-1/data/ratis/d15e4efd-4176-4650-bc92-e1264d7a8c54
2019-10-06 01:04:10,052 [pool-689-thread-1] INFO  server.RaftServerConfigKeys (ConfUtils.java:logGet(43)) - raft.server.log.queue.byte-limit = 2147483647 (custom)
2019-10-06 01:04:10,052 [pool-689-thread-1] INFO  server.RaftServerConfigKeys (ConfUtils.java:logGet(43)) - raft.server.log.queue.element-limit = 1024 (custom)
2019-10-06 01:04:10,052 [pool-689-thread-1] INFO  server.RaftServerConfigKeys (ConfUtils.java:logGet(43)) - raft.server.log.segment.size.max = 1048576 (custom)
2019-10-06 01:04:10,052 [pool-689-thread-1] INFO  server.RaftServerConfigKeys (ConfUtils.java:logGet(43)) - raft.server.log.preallocated.size = 16384 (custom)
2019-10-06 01:04:10,052 [pool-689-thread-1] INFO  server.RaftServerConfigKeys (ConfUtils.java:logGet(43)) - raft.server.log.write.buffer.size = 33554432 (custom)
2019-10-06 01:04:10,052 [pool-689-thread-1] INFO  server.RaftServerConfigKeys (ConfUtils.java:logGet(43)) - raft.server.log.force.sync.num = 128 (default)
2019-10-06 01:04:10,052 [pool-689-thread-1] INFO  server.RaftServerConfigKeys (ConfUtils.java:logGet(43)) - raft.server.log.statemachine.data.sync = true (default)
2019-10-06 01:04:10,052 [pool-689-thread-1] INFO  server.RaftServerConfigKeys (ConfUtils.java:logGet(43)) - raft.server.log.statemachine.data.sync.timeout = 10s (default)
2019-10-06 01:04:10,052 [pool-689-thread-1] INFO  server.RaftServerConfigKeys (ConfUtils.java:logGet(43)) - raft.server.log.statemachine.data.sync.timeout.retry = -1 (default)
2019-10-06 01:04:10,053 [pool-689-thread-1] INFO  server.RaftServerConfigKeys (ConfUtils.java:logGet(43)) - raft.server.log.statemachine.data.caching.enabled = true (custom)
2019-10-06 01:04:10,053 [pool-689-thread-1] INFO  segmented.SegmentedRaftLogWorker (SegmentedRaftLogWorker.java:lambda$new$0(128)) - 14a49e7b-821a-4fd4-a08d-8b5118141aad@group-E1264D7A8C54-SegmentedRaftLogWorker: flushIndex: setUnconditionally 0 -> -1
2019-10-06 01:04:10,053 [pool-689-thread-1] INFO  server.RaftServerConfigKeys (ConfUtils.java:logGet(43)) - raft.server.snapshot.auto.trigger.enabled = true (custom)
2019-10-06 01:04:10,053 [pool-689-thread-1] INFO  server.RaftServerConfigKeys (ConfUtils.java:logGet(43)) - raft.server.snapshot.auto.trigger.threshold = 10000 (custom)
2019-10-06 01:04:10,053 [pool-689-thread-1] INFO  server.RaftServerConfigKeys (ConfUtils.java:logGet(43)) - raft.server.snapshot.retention.file.num = 5 (custom)
2019-10-06 01:04:10,053 [pool-689-thread-1] INFO  server.RaftServerConfigKeys (ConfUtils.java:logGet(43)) - raft.server.retrycache.expirytime = 600000ms (custom)
2019-10-06 01:04:10,055 [pool-689-thread-1] INFO  impl.RaftServerImpl (RaftServerImpl.java:start(181)) - 14a49e7b-821a-4fd4-a08d-8b5118141aad@group-E1264D7A8C54: start as a follower, conf=-1: [14a49e7b-821a-4fd4-a08d-8b5118141aad:192.168.30.55:43101], old=null
2019-10-06 01:04:10,055 [pool-689-thread-1] INFO  impl.RaftServerImpl (RaftServerImpl.java:setRole(170)) - 14a49e7b-821a-4fd4-a08d-8b5118141aad@group-E1264D7A8C54: changes role from      null to FOLLOWER at term 0 for startAsFollower
2019-10-06 01:04:10,055 [pool-689-thread-1] INFO  impl.RoleInfo (RoleInfo.java:updateAndGet(143)) - 14a49e7b-821a-4fd4-a08d-8b5118141aad: start FollowerState
2019-10-06 01:04:10,055 [pool-689-thread-1] INFO  util.JmxRegister (JmxRegister.java:tryRegister(44)) - Successfully registered JMX Bean with object name Ratis:service=RaftServer,group=group-E1264D7A8C54,id=14a49e7b-821a-4fd4-a08d-8b5118141aad
2019-10-06 01:04:10,061 [RatisPipelineUtilsThread] INFO  pipeline.PipelineStateManager (PipelineStateManager.java:addPipeline(56)) - Created pipeline Pipeline[ Id: d15e4efd-4176-4650-bc92-e1264d7a8c54, Nodes: 14a49e7b-821a-4fd4-a08d-8b5118141aad{ip: 192.168.30.55, host: pr-hdds-2233-w5czk-1584650955, networkLocation: /default-rack, certSerialId: null}, Type:RATIS, Factor:ONE, State:OPEN]
2019-10-06 01:04:10,069 [IPC Server handler 6 on 46605] INFO  net.NetworkTopology (NetworkTopologyImpl.java:add(111)) - Added a new node: /default-rack/dd43951f-fd9b-40ce-9d54-abf1e172228e
2019-10-06 01:04:10,069 [IPC Server handler 6 on 46605] INFO  node.SCMNodeManager (SCMNodeManager.java:register(266)) - Registered Data node : dd43951f-fd9b-40ce-9d54-abf1e172228e{ip: 192.168.30.55, host: pr-hdds-2233-w5czk-1584650955, networkLocation: /default-rack, certSerialId: null}
2019-10-06 01:04:10,074 [grpc-default-executor-9] INFO  impl.RaftServerProxy (RaftServerProxy.java:addNew(89)) - dd43951f-fd9b-40ce-9d54-abf1e172228e: addNew group-2178BD10A9FA:[dd43951f-fd9b-40ce-9d54-abf1e172228e:192.168.30.55:34936] returns group-2178BD10A9FA:java.util.concurrent.CompletableFuture@6ef519ab[Not completed]
2019-10-06 01:04:10,075 [pool-699-thread-1] INFO  impl.RaftServerImpl (RaftServerImpl.java:<init>(95)) - dd43951f-fd9b-40ce-9d54-abf1e172228e: new RaftServerImpl for group-2178BD10A9FA:[dd43951f-fd9b-40ce-9d54-abf1e172228e:192.168.30.55:34936] with ContainerStateMachine:uninitialized
2019-10-06 01:04:10,075 [pool-699-thread-1] INFO  server.RaftServerConfigKeys (ConfUtils.java:logGet(43)) - raft.server.rpc.timeout.min = 5s (custom)
2019-10-06 01:04:10,075 [pool-699-thread-1] INFO  server.RaftServerConfigKeys (ConfUtils.java:logGet(43)) - raft.server.rpc.timeout.max = 5200ms (custom)
2019-10-06 01:04:10,076 [pool-699-thread-1] INFO  server.RaftServerConfigKeys (ConfUtils.java:logGet(43)) - raft.server.rpcslowness.timeout = 120s (custom)
2019-10-06 01:04:10,076 [pool-699-thread-1] INFO  server.RaftServerConfigKeys (ConfUtils.java:logGet(43)) - raft.server.sleep.deviation.threshold = 300 (default)
2019-10-06 01:04:10,076 [pool-699-thread-1] INFO  server.RaftServerConfigKeys (ConfUtils.java:logGet(43)) - raft.server.log.appender.install.snapshot.enabled = false (custom)
2019-10-06 01:04:10,076 [pool-699-thread-1] INFO  impl.RaftServerImpl (ServerState.java:<init>(103)) - dd43951f-fd9b-40ce-9d54-abf1e172228e@group-2178BD10A9FA: ConfigurationManager, init=-1: [dd43951f-fd9b-40ce-9d54-abf1e172228e:192.168.30.55:34936], old=null, confs=<EMPTY_MAP>
2019-10-06 01:04:10,076 [pool-699-thread-1] INFO  server.RaftServerConfigKeys (ConfUtils.java:logGet(43)) - raft.server.storage.dir = [/workdir/hadoop-ozone/integration-test/target/test-dir/MiniOzoneClusterImpl-a4005199-553d-4e0b-bbff-cd07ceedfb02/datanode-2/data/ratis] (custom)
2019-10-06 01:04:10,076 [pool-699-thread-1] INFO  server.RaftServerConfigKeys (ConfUtils.java:logGet(43)) - raft.server.log.corruption.policy = EXCEPTION (default)
2019-10-06 01:04:10,076 [pool-699-thread-1] INFO  storage.RaftStorageDirectory (RaftStorageDirectory.java:analyzeStorage(246)) - The storage directory /workdir/hadoop-ozone/integration-test/target/test-dir/MiniOzoneClusterImpl-a4005199-553d-4e0b-bbff-cd07ceedfb02/datanode-2/data/ratis/0e3384c7-8ac4-4e53-954b-2178bd10a9fa does not exist. Creating ...
2019-10-06 01:04:10,088 [pool-699-thread-1] INFO  storage.RaftStorageDirectory (RaftStorageDirectory.java:tryLock(328)) - Lock on /workdir/hadoop-ozone/integration-test/target/test-dir/MiniOzoneClusterImpl-a4005199-553d-4e0b-bbff-cd07ceedfb02/datanode-2/data/ratis/0e3384c7-8ac4-4e53-954b-2178bd10a9fa/in_use.lock acquired by nodename 24930@pr-hdds-2233-w5czk-1584650955
2019-10-06 01:04:10,101 [pool-699-thread-1] INFO  storage.RaftStorage (RaftStorage.java:format(84)) - Storage directory /workdir/hadoop-ozone/integration-test/target/test-dir/MiniOzoneClusterImpl-a4005199-553d-4e0b-bbff-cd07ceedfb02/datanode-2/data/ratis/0e3384c7-8ac4-4e53-954b-2178bd10a9fa has been successfully formatted.
2019-10-06 01:04:10,101 [pool-699-thread-1] INFO  ratis.ContainerStateMachine (ContainerStateMachine.java:loadSnapshot(230)) - group-2178BD10A9FA: The snapshot info is null. Setting the last applied indexto:(t:0, i:~)
2019-10-06 01:04:10,101 [pool-699-thread-1] INFO  server.RaftServerConfigKeys (ConfUtils.java:logGet(43)) - raft.server.notification.no-leader.timeout = 120s (custom)
2019-10-06 01:04:10,101 [pool-699-thread-1] INFO  server.RaftServerConfigKeys (ConfUtils.java:logGet(43)) - raft.server.log.use.memory = false (default)
2019-10-06 01:04:10,101 [pool-699-thread-1] INFO  server.RaftServerConfigKeys (ConfUtils.java:logGet(43)) - raft.server.log.purge.gap = 1000000 (custom)
2019-10-06 01:04:10,102 [pool-699-thread-1] INFO  server.RaftServerConfigKeys (ConfUtils.java:logGet(43)) - raft.server.log.appender.buffer.byte-limit = 33554432 (custom)
2019-10-06 01:04:10,102 [pool-699-thread-1] INFO  server.RaftServerConfigKeys (ConfUtils.java:logGet(43)) - raft.server.log.segment.size.max = 1048576 (custom)
2019-10-06 01:04:10,103 [pool-699-thread-1] INFO  server.RaftServerConfigKeys (ConfUtils.java:logGet(43)) - raft.server.log.segment.cache.num.max = 2 (custom)
2019-10-06 01:04:10,103 [pool-699-thread-1] INFO  segmented.SegmentedRaftLogWorker (SegmentedRaftLogWorker.java:<init>(173)) - new dd43951f-fd9b-40ce-9d54-abf1e172228e@group-2178BD10A9FA-SegmentedRaftLogWorker for RaftStorage:Storage Directory /workdir/hadoop-ozone/integration-test/target/test-dir/MiniOzoneClusterImpl-a4005199-553d-4e0b-bbff-cd07ceedfb02/datanode-2/data/ratis/0e3384c7-8ac4-4e53-954b-2178bd10a9fa
2019-10-06 01:04:10,103 [pool-699-thread-1] INFO  server.RaftServerConfigKeys (ConfUtils.java:logGet(43)) - raft.server.log.queue.byte-limit = 2147483647 (custom)
2019-10-06 01:04:10,103 [pool-699-thread-1] INFO  server.RaftServerConfigKeys (ConfUtils.java:logGet(43)) - raft.server.log.queue.element-limit = 1024 (custom)
2019-10-06 01:04:10,103 [pool-699-thread-1] INFO  server.RaftServerConfigKeys (ConfUtils.java:logGet(43)) - raft.server.log.segment.size.max = 1048576 (custom)
2019-10-06 01:04:10,103 [pool-699-thread-1] INFO  server.RaftServerConfigKeys (ConfUtils.java:logGet(43)) - raft.server.log.preallocated.size = 16384 (custom)
2019-10-06 01:04:10,103 [pool-699-thread-1] INFO  server.RaftServerConfigKeys (ConfUtils.java:logGet(43)) - raft.server.log.write.buffer.size = 33554432 (custom)
2019-10-06 01:04:10,103 [pool-699-thread-1] INFO  server.RaftServerConfigKeys (ConfUtils.java:logGet(43)) - raft.server.log.force.sync.num = 128 (default)
2019-10-06 01:04:10,103 [pool-699-thread-1] INFO  server.RaftServerConfigKeys (ConfUtils.java:logGet(43)) - raft.server.log.statemachine.data.sync = true (default)
2019-10-06 01:04:10,103 [pool-699-thread-1] INFO  server.RaftServerConfigKeys (ConfUtils.java:logGet(43)) - raft.server.log.statemachine.data.sync.timeout = 10s (default)
2019-10-06 01:04:10,103 [pool-699-thread-1] INFO  server.RaftServerConfigKeys (ConfUtils.java:logGet(43)) - raft.server.log.statemachine.data.sync.timeout.retry = -1 (default)
2019-10-06 01:04:10,104 [pool-699-thread-1] INFO  server.RaftServerConfigKeys (ConfUtils.java:logGet(43)) - raft.server.log.statemachine.data.caching.enabled = true (custom)
2019-10-06 01:04:10,104 [pool-699-thread-1] INFO  segmented.SegmentedRaftLogWorker (SegmentedRaftLogWorker.java:lambda$new$0(128)) - dd43951f-fd9b-40ce-9d54-abf1e172228e@group-2178BD10A9FA-SegmentedRaftLogWorker: flushIndex: setUnconditionally 0 -> -1
2019-10-06 01:04:10,104 [pool-699-thread-1] INFO  server.RaftServerConfigKeys (ConfUtils.java:logGet(43)) - raft.server.snapshot.auto.trigger.enabled = true (custom)
2019-10-06 01:04:10,104 [pool-699-thread-1] INFO  server.RaftServerConfigKeys (ConfUtils.java:logGet(43)) - raft.server.snapshot.auto.trigger.threshold = 10000 (custom)
2019-10-06 01:04:10,104 [pool-699-thread-1] INFO  server.RaftServerConfigKeys (ConfUtils.java:logGet(43)) - raft.server.snapshot.retention.file.num = 5 (custom)
2019-10-06 01:04:10,104 [pool-699-thread-1] INFO  server.RaftServerConfigKeys (ConfUtils.java:logGet(43)) - raft.server.retrycache.expirytime = 600000ms (custom)
2019-10-06 01:04:10,105 [pool-699-thread-1] INFO  impl.RaftServerImpl (RaftServerImpl.java:start(181)) - dd43951f-fd9b-40ce-9d54-abf1e172228e@group-2178BD10A9FA: start as a follower, conf=-1: [dd43951f-fd9b-40ce-9d54-abf1e172228e:192.168.30.55:34936], old=null
2019-10-06 01:04:10,105 [pool-699-thread-1] INFO  impl.RaftServerImpl (RaftServerImpl.java:setRole(170)) - dd43951f-fd9b-40ce-9d54-abf1e172228e@group-2178BD10A9FA: changes role from      null to FOLLOWER at term 0 for startAsFollower
2019-10-06 01:04:10,106 [pool-699-thread-1] INFO  impl.RoleInfo (RoleInfo.java:updateAndGet(143)) - dd43951f-fd9b-40ce-9d54-abf1e172228e: start FollowerState
2019-10-06 01:04:10,106 [pool-699-thread-1] INFO  util.JmxRegister (JmxRegister.java:tryRegister(44)) - Successfully registered JMX Bean with object name Ratis:service=RaftServer,group=group-2178BD10A9FA,id=dd43951f-fd9b-40ce-9d54-abf1e172228e
2019-10-06 01:04:10,111 [RatisPipelineUtilsThread] INFO  pipeline.PipelineStateManager (PipelineStateManager.java:addPipeline(56)) - Created pipeline Pipeline[ Id: 0e3384c7-8ac4-4e53-954b-2178bd10a9fa, Nodes: dd43951f-fd9b-40ce-9d54-abf1e172228e{ip: 192.168.30.55, host: pr-hdds-2233-w5czk-1584650955, networkLocation: /default-rack, certSerialId: null}, Type:RATIS, Factor:ONE, State:OPEN]
2019-10-06 01:04:10,124 [grpc-default-executor-6] INFO  impl.RaftServerProxy (RaftServerProxy.java:addNew(89)) - 14a49e7b-821a-4fd4-a08d-8b5118141aad: addNew group-BDA2D04995FF:[14a49e7b-821a-4fd4-a08d-8b5118141aad:192.168.30.55:43101, fae8fe5f-3f5a-4647-a1dd-1848d738c051:192.168.30.55:45977, dd43951f-fd9b-40ce-9d54-abf1e172228e:192.168.30.55:34936] returns group-BDA2D04995FF:java.util.concurrent.CompletableFuture@3bb786e8[Not completed]
2019-10-06 01:04:10,124 [grpc-default-executor-6] INFO  impl.RaftServerProxy (RaftServerProxy.java:addNew(89)) - dd43951f-fd9b-40ce-9d54-abf1e172228e: addNew group-BDA2D04995FF:[14a49e7b-821a-4fd4-a08d-8b5118141aad:192.168.30.55:43101, fae8fe5f-3f5a-4647-a1dd-1848d738c051:192.168.30.55:45977, dd43951f-fd9b-40ce-9d54-abf1e172228e:192.168.30.55:34936] returns group-BDA2D04995FF:java.util.concurrent.CompletableFuture@5b72a103[Not completed]
2019-10-06 01:04:10,125 [pool-689-thread-1] INFO  impl.RaftServerImpl (RaftServerImpl.java:<init>(95)) - 14a49e7b-821a-4fd4-a08d-8b5118141aad: new RaftServerImpl for group-BDA2D04995FF:[14a49e7b-821a-4fd4-a08d-8b5118141aad:192.168.30.55:43101, fae8fe5f-3f5a-4647-a1dd-1848d738c051:192.168.30.55:45977, dd43951f-fd9b-40ce-9d54-abf1e172228e:192.168.30.55:34936] with ContainerStateMachine:uninitialized
2019-10-06 01:04:10,125 [pool-689-thread-1] INFO  server.RaftServerConfigKeys (ConfUtils.java:logGet(43)) - raft.server.rpc.timeout.min = 5s (custom)
2019-10-06 01:04:10,125 [pool-689-thread-1] INFO  server.RaftServerConfigKeys (ConfUtils.java:logGet(43)) - raft.server.rpc.timeout.max = 5200ms (custom)
2019-10-06 01:04:10,125 [grpc-default-executor-6] INFO  impl.RaftServerProxy (RaftServerProxy.java:addNew(89)) - fae8fe5f-3f5a-4647-a1dd-1848d738c051: addNew group-BDA2D04995FF:[14a49e7b-821a-4fd4-a08d-8b5118141aad:192.168.30.55:43101, fae8fe5f-3f5a-4647-a1dd-1848d738c051:192.168.30.55:45977, dd43951f-fd9b-40ce-9d54-abf1e172228e:192.168.30.55:34936] returns group-BDA2D04995FF:java.util.concurrent.CompletableFuture@1c6dbeb5[Not completed]
2019-10-06 01:04:10,125 [pool-689-thread-1] INFO  server.RaftServerConfigKeys (ConfUtils.java:logGet(43)) - raft.server.rpcslowness.timeout = 120s (custom)
2019-10-06 01:04:10,125 [pool-689-thread-1] INFO  server.RaftServerConfigKeys (ConfUtils.java:logGet(43)) - raft.server.sleep.deviation.threshold = 300 (default)
2019-10-06 01:04:10,125 [pool-699-thread-1] INFO  impl.RaftServerImpl (RaftServerImpl.java:<init>(95)) - dd43951f-fd9b-40ce-9d54-abf1e172228e: new RaftServerImpl for group-BDA2D04995FF:[14a49e7b-821a-4fd4-a08d-8b5118141aad:192.168.30.55:43101, fae8fe5f-3f5a-4647-a1dd-1848d738c051:192.168.30.55:45977, dd43951f-fd9b-40ce-9d54-abf1e172228e:192.168.30.55:34936] with ContainerStateMachine:uninitialized
2019-10-06 01:04:10,125 [pool-689-thread-1] INFO  server.RaftServerConfigKeys (ConfUtils.java:logGet(43)) - raft.server.log.appender.install.snapshot.enabled = false (custom)
2019-10-06 01:04:10,125 [pool-699-thread-1] INFO  server.RaftServerConfigKeys (ConfUtils.java:logGet(43)) - raft.server.rpc.timeout.min = 5s (custom)
2019-10-06 01:04:10,126 [pool-689-thread-1] INFO  impl.RaftServerImpl (ServerState.java:<init>(103)) - 14a49e7b-821a-4fd4-a08d-8b5118141aad@group-BDA2D04995FF: ConfigurationManager, init=-1: [14a49e7b-821a-4fd4-a08d-8b5118141aad:192.168.30.55:43101, fae8fe5f-3f5a-4647-a1dd-1848d738c051:192.168.30.55:45977, dd43951f-fd9b-40ce-9d54-abf1e172228e:192.168.30.55:34936], old=null, confs=<EMPTY_MAP>
2019-10-06 01:04:10,126 [pool-699-thread-1] INFO  server.RaftServerConfigKeys (ConfUtils.java:logGet(43)) - raft.server.rpc.timeout.max = 5200ms (custom)
2019-10-06 01:04:10,126 [pool-689-thread-1] INFO  server.RaftServerConfigKeys (ConfUtils.java:logGet(43)) - raft.server.storage.dir = [/workdir/hadoop-ozone/integration-test/target/test-dir/MiniOzoneClusterImpl-a4005199-553d-4e0b-bbff-cd07ceedfb02/datanode-1/data/ratis] (custom)
2019-10-06 01:04:10,126 [pool-699-thread-1] INFO  server.RaftServerConfigKeys (ConfUtils.java:logGet(43)) - raft.server.rpcslowness.timeout = 120s (custom)
2019-10-06 01:04:10,126 [pool-689-thread-1] INFO  server.RaftServerConfigKeys (ConfUtils.java:logGet(43)) - raft.server.log.corruption.policy = EXCEPTION (default)
2019-10-06 01:04:10,126 [pool-679-thread-1] INFO  impl.RaftServerImpl (RaftServerImpl.java:<init>(95)) - fae8fe5f-3f5a-4647-a1dd-1848d738c051: new RaftServerImpl for group-BDA2D04995FF:[14a49e7b-821a-4fd4-a08d-8b5118141aad:192.168.30.55:43101, fae8fe5f-3f5a-4647-a1dd-1848d738c051:192.168.30.55:45977, dd43951f-fd9b-40ce-9d54-abf1e172228e:192.168.30.55:34936] with ContainerStateMachine:uninitialized
2019-10-06 01:04:10,126 [pool-689-thread-1] INFO  storage.RaftStorageDirectory (RaftStorageDirectory.java:analyzeStorage(246)) - The storage directory /workdir/hadoop-ozone/integration-test/target/test-dir/MiniOzoneClusterImpl-a4005199-553d-4e0b-bbff-cd07ceedfb02/datanode-1/data/ratis/5c7ef566-a996-485b-a13b-bda2d04995ff does not exist. Creating ...
2019-10-06 01:04:10,126 [pool-699-thread-1] INFO  server.RaftServerConfigKeys (ConfUtils.java:logGet(43)) - raft.server.sleep.deviation.threshold = 300 (default)
2019-10-06 01:04:10,126 [pool-679-thread-1] INFO  server.RaftServerConfigKeys (ConfUtils.java:logGet(43)) - raft.server.rpc.timeout.min = 5s (custom)
2019-10-06 01:04:10,126 [pool-699-thread-1] INFO  server.RaftServerConfigKeys (ConfUtils.java:logGet(43)) - raft.server.log.appender.install.snapshot.enabled = false (custom)
2019-10-06 01:04:10,127 [pool-679-thread-1] INFO  server.RaftServerConfigKeys (ConfUtils.java:logGet(43)) - raft.server.rpc.timeout.max = 5200ms (custom)
2019-10-06 01:04:10,127 [pool-699-thread-1] INFO  impl.RaftServerImpl (ServerState.java:<init>(103)) - dd43951f-fd9b-40ce-9d54-abf1e172228e@group-BDA2D04995FF: ConfigurationManager, init=-1: [14a49e7b-821a-4fd4-a08d-8b5118141aad:192.168.30.55:43101, fae8fe5f-3f5a-4647-a1dd-1848d738c051:192.168.30.55:45977, dd43951f-fd9b-40ce-9d54-abf1e172228e:192.168.30.55:34936], old=null, confs=<EMPTY_MAP>
2019-10-06 01:04:10,127 [pool-679-thread-1] INFO  server.RaftServerConfigKeys (ConfUtils.java:logGet(43)) - raft.server.rpcslowness.timeout = 120s (custom)
2019-10-06 01:04:10,127 [pool-699-thread-1] INFO  server.RaftServerConfigKeys (ConfUtils.java:logGet(43)) - raft.server.storage.dir = [/workdir/hadoop-ozone/integration-test/target/test-dir/MiniOzoneClusterImpl-a4005199-553d-4e0b-bbff-cd07ceedfb02/datanode-2/data/ratis] (custom)
2019-10-06 01:04:10,127 [pool-679-thread-1] INFO  server.RaftServerConfigKeys (ConfUtils.java:logGet(43)) - raft.server.sleep.deviation.threshold = 300 (default)
2019-10-06 01:04:10,127 [pool-679-thread-1] INFO  server.RaftServerConfigKeys (ConfUtils.java:logGet(43)) - raft.server.log.appender.install.snapshot.enabled = false (custom)
2019-10-06 01:04:10,127 [pool-699-thread-1] INFO  server.RaftServerConfigKeys (ConfUtils.java:logGet(43)) - raft.server.log.corruption.policy = EXCEPTION (default)
2019-10-06 01:04:10,127 [pool-679-thread-1] INFO  impl.RaftServerImpl (ServerState.java:<init>(103)) - fae8fe5f-3f5a-4647-a1dd-1848d738c051@group-BDA2D04995FF: ConfigurationManager, init=-1: [14a49e7b-821a-4fd4-a08d-8b5118141aad:192.168.30.55:43101, fae8fe5f-3f5a-4647-a1dd-1848d738c051:192.168.30.55:45977, dd43951f-fd9b-40ce-9d54-abf1e172228e:192.168.30.55:34936], old=null, confs=<EMPTY_MAP>
2019-10-06 01:04:10,128 [pool-699-thread-1] INFO  storage.RaftStorageDirectory (RaftStorageDirectory.java:analyzeStorage(246)) - The storage directory /workdir/hadoop-ozone/integration-test/target/test-dir/MiniOzoneClusterImpl-a4005199-553d-4e0b-bbff-cd07ceedfb02/datanode-2/data/ratis/5c7ef566-a996-485b-a13b-bda2d04995ff does not exist. Creating ...
2019-10-06 01:04:10,128 [pool-679-thread-1] INFO  server.RaftServerConfigKeys (ConfUtils.java:logGet(43)) - raft.server.storage.dir = [/workdir/hadoop-ozone/integration-test/target/test-dir/MiniOzoneClusterImpl-a4005199-553d-4e0b-bbff-cd07ceedfb02/datanode-0/data/ratis] (custom)
2019-10-06 01:04:10,128 [pool-679-thread-1] INFO  server.RaftServerConfigKeys (ConfUtils.java:logGet(43)) - raft.server.log.corruption.policy = EXCEPTION (default)
2019-10-06 01:04:10,128 [pool-679-thread-1] INFO  storage.RaftStorageDirectory (RaftStorageDirectory.java:analyzeStorage(246)) - The storage directory /workdir/hadoop-ozone/integration-test/target/test-dir/MiniOzoneClusterImpl-a4005199-553d-4e0b-bbff-cd07ceedfb02/datanode-0/data/ratis/5c7ef566-a996-485b-a13b-bda2d04995ff does not exist. Creating ...
2019-10-06 01:04:10,136 [IPC Server handler 7 on 46605] INFO  net.NetworkTopology (NetworkTopologyImpl.java:add(111)) - Added a new node: /default-rack/34df7c7d-467d-4e9b-b5d5-ec817f1ff900
2019-10-06 01:04:10,137 [IPC Server handler 7 on 46605] INFO  node.SCMNodeManager (SCMNodeManager.java:register(266)) - Registered Data node : 34df7c7d-467d-4e9b-b5d5-ec817f1ff900{ip: 192.168.30.55, host: pr-hdds-2233-w5czk-1584650955, networkLocation: /default-rack, certSerialId: null}
2019-10-06 01:04:10,139 [pool-679-thread-1] INFO  storage.RaftStorageDirectory (RaftStorageDirectory.java:tryLock(328)) - Lock on /workdir/hadoop-ozone/integration-test/target/test-dir/MiniOzoneClusterImpl-a4005199-553d-4e0b-bbff-cd07ceedfb02/datanode-0/data/ratis/5c7ef566-a996-485b-a13b-bda2d04995ff/in_use.lock acquired by nodename 24930@pr-hdds-2233-w5czk-1584650955
2019-10-06 01:04:10,139 [pool-699-thread-1] INFO  storage.RaftStorageDirectory (RaftStorageDirectory.java:tryLock(328)) - Lock on /workdir/hadoop-ozone/integration-test/target/test-dir/MiniOzoneClusterImpl-a4005199-553d-4e0b-bbff-cd07ceedfb02/datanode-2/data/ratis/5c7ef566-a996-485b-a13b-bda2d04995ff/in_use.lock acquired by nodename 24930@pr-hdds-2233-w5czk-1584650955
2019-10-06 01:04:10,139 [pool-689-thread-1] INFO  storage.RaftStorageDirectory (RaftStorageDirectory.java:tryLock(328)) - Lock on /workdir/hadoop-ozone/integration-test/target/test-dir/MiniOzoneClusterImpl-a4005199-553d-4e0b-bbff-cd07ceedfb02/datanode-1/data/ratis/5c7ef566-a996-485b-a13b-bda2d04995ff/in_use.lock acquired by nodename 24930@pr-hdds-2233-w5czk-1584650955
2019-10-06 01:04:10,153 [pool-689-thread-1] INFO  storage.RaftStorage (RaftStorage.java:format(84)) - Storage directory /workdir/hadoop-ozone/integration-test/target/test-dir/MiniOzoneClusterImpl-a4005199-553d-4e0b-bbff-cd07ceedfb02/datanode-1/data/ratis/5c7ef566-a996-485b-a13b-bda2d04995ff has been successfully formatted.
2019-10-06 01:04:10,153 [pool-679-thread-1] INFO  storage.RaftStorage (RaftStorage.java:format(84)) - Storage directory /workdir/hadoop-ozone/integration-test/target/test-dir/MiniOzoneClusterImpl-a4005199-553d-4e0b-bbff-cd07ceedfb02/datanode-0/data/ratis/5c7ef566-a996-485b-a13b-bda2d04995ff has been successfully formatted.
2019-10-06 01:04:10,153 [pool-699-thread-1] INFO  storage.RaftStorage (RaftStorage.java:format(84)) - Storage directory /workdir/hadoop-ozone/integration-test/target/test-dir/MiniOzoneClusterImpl-a4005199-553d-4e0b-bbff-cd07ceedfb02/datanode-2/data/ratis/5c7ef566-a996-485b-a13b-bda2d04995ff has been successfully formatted.
2019-10-06 01:04:10,154 [pool-679-thread-1] INFO  ratis.ContainerStateMachine (ContainerStateMachine.java:loadSnapshot(230)) - group-BDA2D04995FF: The snapshot info is null. Setting the last applied indexto:(t:0, i:~)
2019-10-06 01:04:10,153 [pool-689-thread-1] INFO  ratis.ContainerStateMachine (ContainerStateMachine.java:loadSnapshot(230)) - group-BDA2D04995FF: The snapshot info is null. Setting the last applied indexto:(t:0, i:~)
2019-10-06 01:04:10,154 [pool-679-thread-1] INFO  server.RaftServerConfigKeys (ConfUtils.java:logGet(43)) - raft.server.notification.no-leader.timeout = 120s (custom)
2019-10-06 01:04:10,154 [pool-699-thread-1] INFO  ratis.ContainerStateMachine (ContainerStateMachine.java:loadSnapshot(230)) - group-BDA2D04995FF: The snapshot info is null. Setting the last applied indexto:(t:0, i:~)
2019-10-06 01:04:10,154 [pool-679-thread-1] INFO  server.RaftServerConfigKeys (ConfUtils.java:logGet(43)) - raft.server.log.use.memory = false (default)
2019-10-06 01:04:10,154 [pool-689-thread-1] INFO  server.RaftServerConfigKeys (ConfUtils.java:logGet(43)) - raft.server.notification.no-leader.timeout = 120s (custom)
2019-10-06 01:04:10,154 [pool-679-thread-1] INFO  server.RaftServerConfigKeys (ConfUtils.java:logGet(43)) - raft.server.log.purge.gap = 1000000 (custom)
2019-10-06 01:04:10,154 [pool-699-thread-1] INFO  server.RaftServerConfigKeys (ConfUtils.java:logGet(43)) - raft.server.notification.no-leader.timeout = 120s (custom)
2019-10-06 01:04:10,155 [pool-679-thread-1] INFO  server.RaftServerConfigKeys (ConfUtils.java:logGet(43)) - raft.server.log.appender.buffer.byte-limit = 33554432 (custom)
2019-10-06 01:04:10,154 [pool-689-thread-1] INFO  server.RaftServerConfigKeys (ConfUtils.java:logGet(43)) - raft.server.log.use.memory = false (default)
2019-10-06 01:04:10,155 [pool-679-thread-1] INFO  server.RaftServerConfigKeys (ConfUtils.java:logGet(43)) - raft.server.log.segment.size.max = 1048576 (custom)
2019-10-06 01:04:10,155 [pool-699-thread-1] INFO  server.RaftServerConfigKeys (ConfUtils.java:logGet(43)) - raft.server.log.use.memory = false (default)
2019-10-06 01:04:10,155 [pool-679-thread-1] INFO  server.RaftServerConfigKeys (ConfUtils.java:logGet(43)) - raft.server.log.segment.cache.num.max = 2 (custom)
2019-10-06 01:04:10,155 [pool-689-thread-1] INFO  server.RaftServerConfigKeys (ConfUtils.java:logGet(43)) - raft.server.log.purge.gap = 1000000 (custom)
2019-10-06 01:04:10,155 [pool-679-thread-1] INFO  segmented.SegmentedRaftLogWorker (SegmentedRaftLogWorker.java:<init>(173)) - new fae8fe5f-3f5a-4647-a1dd-1848d738c051@group-BDA2D04995FF-SegmentedRaftLogWorker for RaftStorage:Storage Directory /workdir/hadoop-ozone/integration-test/target/test-dir/MiniOzoneClusterImpl-a4005199-553d-4e0b-bbff-cd07ceedfb02/datanode-0/data/ratis/5c7ef566-a996-485b-a13b-bda2d04995ff
2019-10-06 01:04:10,155 [pool-699-thread-1] INFO  server.RaftServerConfigKeys (ConfUtils.java:logGet(43)) - raft.server.log.purge.gap = 1000000 (custom)
2019-10-06 01:04:10,156 [pool-679-thread-1] INFO  server.RaftServerConfigKeys (ConfUtils.java:logGet(43)) - raft.server.log.queue.byte-limit = 2147483647 (custom)
2019-10-06 01:04:10,155 [pool-689-thread-1] INFO  server.RaftServerConfigKeys (ConfUtils.java:logGet(43)) - raft.server.log.appender.buffer.byte-limit = 33554432 (custom)
2019-10-06 01:04:10,156 [pool-679-thread-1] INFO  server.RaftServerConfigKeys (ConfUtils.java:logGet(43)) - raft.server.log.queue.element-limit = 1024 (custom)
2019-10-06 01:04:10,156 [pool-699-thread-1] INFO  server.RaftServerConfigKeys (ConfUtils.java:logGet(43)) - raft.server.log.appender.buffer.byte-limit = 33554432 (custom)
2019-10-06 01:04:10,156 [pool-679-thread-1] INFO  server.RaftServerConfigKeys (ConfUtils.java:logGet(43)) - raft.server.log.segment.size.max = 1048576 (custom)
2019-10-06 01:04:10,156 [pool-679-thread-1] INFO  server.RaftServerConfigKeys (ConfUtils.java:logGet(43)) - raft.server.log.preallocated.size = 16384 (custom)
2019-10-06 01:04:10,156 [pool-689-thread-1] INFO  server.RaftServerConfigKeys (ConfUtils.java:logGet(43)) - raft.server.log.segment.size.max = 1048576 (custom)
2019-10-06 01:04:10,156 [pool-679-thread-1] INFO  server.RaftServerConfigKeys (ConfUtils.java:logGet(43)) - raft.server.log.write.buffer.size = 33554432 (custom)
2019-10-06 01:04:10,156 [pool-699-thread-1] INFO  server.RaftServerConfigKeys (ConfUtils.java:logGet(43)) - raft.server.log.segment.size.max = 1048576 (custom)
2019-10-06 01:04:10,157 [pool-679-thread-1] INFO  server.RaftServerConfigKeys (ConfUtils.java:logGet(43)) - raft.server.log.force.sync.num = 128 (default)
2019-10-06 01:04:10,157 [pool-689-thread-1] INFO  server.RaftServerConfigKeys (ConfUtils.java:logGet(43)) - raft.server.log.segment.cache.num.max = 2 (custom)
2019-10-06 01:04:10,157 [pool-679-thread-1] INFO  server.RaftServerConfigKeys (ConfUtils.java:logGet(43)) - raft.server.log.statemachine.data.sync = true (default)
2019-10-06 01:04:10,157 [pool-699-thread-1] INFO  server.RaftServerConfigKeys (ConfUtils.java:logGet(43)) - raft.server.log.segment.cache.num.max = 2 (custom)
2019-10-06 01:04:10,157 [pool-679-thread-1] INFO  server.RaftServerConfigKeys (ConfUtils.java:logGet(43)) - raft.server.log.statemachine.data.sync.timeout = 10s (default)
2019-10-06 01:04:10,157 [pool-689-thread-1] INFO  segmented.SegmentedRaftLogWorker (SegmentedRaftLogWorker.java:<init>(173)) - new 14a49e7b-821a-4fd4-a08d-8b5118141aad@group-BDA2D04995FF-SegmentedRaftLogWorker for RaftStorage:Storage Directory /workdir/hadoop-ozone/integration-test/target/test-dir/MiniOzoneClusterImpl-a4005199-553d-4e0b-bbff-cd07ceedfb02/datanode-1/data/ratis/5c7ef566-a996-485b-a13b-bda2d04995ff
2019-10-06 01:04:10,157 [pool-679-thread-1] INFO  server.RaftServerConfigKeys (ConfUtils.java:logGet(43)) - raft.server.log.statemachine.data.sync.timeout.retry = -1 (default)
2019-10-06 01:04:10,157 [pool-699-thread-1] INFO  segmented.SegmentedRaftLogWorker (SegmentedRaftLogWorker.java:<init>(173)) - new dd43951f-fd9b-40ce-9d54-abf1e172228e@group-BDA2D04995FF-SegmentedRaftLogWorker for RaftStorage:Storage Directory /workdir/hadoop-ozone/integration-test/target/test-dir/MiniOzoneClusterImpl-a4005199-553d-4e0b-bbff-cd07ceedfb02/datanode-2/data/ratis/5c7ef566-a996-485b-a13b-bda2d04995ff
2019-10-06 01:04:10,158 [pool-679-thread-1] INFO  server.RaftServerConfigKeys (ConfUtils.java:logGet(43)) - raft.server.log.statemachine.data.caching.enabled = true (custom)
2019-10-06 01:04:10,157 [pool-689-thread-1] INFO  server.RaftServerConfigKeys (ConfUtils.java:logGet(43)) - raft.server.log.queue.byte-limit = 2147483647 (custom)
2019-10-06 01:04:10,158 [pool-699-thread-1] INFO  server.RaftServerConfigKeys (ConfUtils.java:logGet(43)) - raft.server.log.queue.byte-limit = 2147483647 (custom)
2019-10-06 01:04:10,158 [pool-689-thread-1] INFO  server.RaftServerConfigKeys (ConfUtils.java:logGet(43)) - raft.server.log.queue.element-limit = 1024 (custom)
2019-10-06 01:04:10,158 [pool-679-thread-1] INFO  segmented.SegmentedRaftLogWorker (SegmentedRaftLogWorker.java:lambda$new$0(128)) - fae8fe5f-3f5a-4647-a1dd-1848d738c051@group-BDA2D04995FF-SegmentedRaftLogWorker: flushIndex: setUnconditionally 0 -> -1
2019-10-06 01:04:10,158 [pool-689-thread-1] INFO  server.RaftServerConfigKeys (ConfUtils.java:logGet(43)) - raft.server.log.segment.size.max = 1048576 (custom)
2019-10-06 01:04:10,158 [pool-689-thread-1] INFO  server.RaftServerConfigKeys (ConfUtils.java:logGet(43)) - raft.server.log.preallocated.size = 16384 (custom)
2019-10-06 01:04:10,158 [pool-699-thread-1] INFO  server.RaftServerConfigKeys (ConfUtils.java:logGet(43)) - raft.server.log.queue.element-limit = 1024 (custom)
2019-10-06 01:04:10,158 [pool-679-thread-1] INFO  server.RaftServerConfigKeys (ConfUtils.java:logGet(43)) - raft.server.snapshot.auto.trigger.enabled = true (custom)
2019-10-06 01:04:10,158 [pool-689-thread-1] INFO  server.RaftServerConfigKeys (ConfUtils.java:logGet(43)) - raft.server.log.write.buffer.size = 33554432 (custom)
2019-10-06 01:04:10,159 [pool-679-thread-1] INFO  server.RaftServerConfigKeys (ConfUtils.java:logGet(43)) - raft.server.snapshot.auto.trigger.threshold = 10000 (custom)
2019-10-06 01:04:10,159 [pool-699-thread-1] INFO  server.RaftServerConfigKeys (ConfUtils.java:logGet(43)) - raft.server.log.segment.size.max = 1048576 (custom)
2019-10-06 01:04:10,159 [pool-679-thread-1] INFO  server.RaftServerConfigKeys (ConfUtils.java:logGet(43)) - raft.server.snapshot.retention.file.num = 5 (custom)
2019-10-06 01:04:10,159 [pool-689-thread-1] INFO  server.RaftServerConfigKeys (ConfUtils.java:logGet(43)) - raft.server.log.force.sync.num = 128 (default)
2019-10-06 01:04:10,159 [pool-679-thread-1] INFO  server.RaftServerConfigKeys (ConfUtils.java:logGet(43)) - raft.server.retrycache.expirytime = 600000ms (custom)
2019-10-06 01:04:10,159 [pool-699-thread-1] INFO  server.RaftServerConfigKeys (ConfUtils.java:logGet(43)) - raft.server.log.preallocated.size = 16384 (custom)
2019-10-06 01:04:10,159 [pool-689-thread-1] INFO  server.RaftServerConfigKeys (ConfUtils.java:logGet(43)) - raft.server.log.statemachine.data.sync = true (default)
2019-10-06 01:04:10,160 [pool-699-thread-1] INFO  server.RaftServerConfigKeys (ConfUtils.java:logGet(43)) - raft.server.log.write.buffer.size = 33554432 (custom)
2019-10-06 01:04:10,160 [pool-689-thread-1] INFO  server.RaftServerConfigKeys (ConfUtils.java:logGet(43)) - raft.server.log.statemachine.data.sync.timeout = 10s (default)
2019-10-06 01:04:10,160 [pool-699-thread-1] INFO  server.RaftServerConfigKeys (ConfUtils.java:logGet(43)) - raft.server.log.force.sync.num = 128 (default)
2019-10-06 01:04:10,160 [pool-689-thread-1] INFO  server.RaftServerConfigKeys (ConfUtils.java:logGet(43)) - raft.server.log.statemachine.data.sync.timeout.retry = -1 (default)
2019-10-06 01:04:10,160 [pool-699-thread-1] INFO  server.RaftServerConfigKeys (ConfUtils.java:logGet(43)) - raft.server.log.statemachine.data.sync = true (default)
2019-10-06 01:04:10,160 [pool-689-thread-1] INFO  server.RaftServerConfigKeys (ConfUtils.java:logGet(43)) - raft.server.log.statemachine.data.caching.enabled = true (custom)
2019-10-06 01:04:10,160 [pool-699-thread-1] INFO  server.RaftServerConfigKeys (ConfUtils.java:logGet(43)) - raft.server.log.statemachine.data.sync.timeout = 10s (default)
2019-10-06 01:04:10,161 [pool-689-thread-1] INFO  segmented.SegmentedRaftLogWorker (SegmentedRaftLogWorker.java:lambda$new$0(128)) - 14a49e7b-821a-4fd4-a08d-8b5118141aad@group-BDA2D04995FF-SegmentedRaftLogWorker: flushIndex: setUnconditionally 0 -> -1
2019-10-06 01:04:10,161 [pool-699-thread-1] INFO  server.RaftServerConfigKeys (ConfUtils.java:logGet(43)) - raft.server.log.statemachine.data.sync.timeout.retry = -1 (default)
2019-10-06 01:04:10,161 [pool-689-thread-1] INFO  server.RaftServerConfigKeys (ConfUtils.java:logGet(43)) - raft.server.snapshot.auto.trigger.enabled = true (custom)
2019-10-06 01:04:10,161 [pool-699-thread-1] INFO  server.RaftServerConfigKeys (ConfUtils.java:logGet(43)) - raft.server.log.statemachine.data.caching.enabled = true (custom)
2019-10-06 01:04:10,161 [pool-689-thread-1] INFO  server.RaftServerConfigKeys (ConfUtils.java:logGet(43)) - raft.server.snapshot.auto.trigger.threshold = 10000 (custom)
2019-10-06 01:04:10,161 [pool-679-thread-1] INFO  impl.RaftServerImpl (RaftServerImpl.java:start(181)) - fae8fe5f-3f5a-4647-a1dd-1848d738c051@group-BDA2D04995FF: start as a follower, conf=-1: [14a49e7b-821a-4fd4-a08d-8b5118141aad:192.168.30.55:43101, fae8fe5f-3f5a-4647-a1dd-1848d738c051:192.168.30.55:45977, dd43951f-fd9b-40ce-9d54-abf1e172228e:192.168.30.55:34936], old=null
2019-10-06 01:04:10,161 [pool-699-thread-1] INFO  segmented.SegmentedRaftLogWorker (SegmentedRaftLogWorker.java:lambda$new$0(128)) - dd43951f-fd9b-40ce-9d54-abf1e172228e@group-BDA2D04995FF-SegmentedRaftLogWorker: flushIndex: setUnconditionally 0 -> -1
2019-10-06 01:04:10,161 [pool-689-thread-1] INFO  server.RaftServerConfigKeys (ConfUtils.java:logGet(43)) - raft.server.snapshot.retention.file.num = 5 (custom)
2019-10-06 01:04:10,161 [pool-679-thread-1] INFO  impl.RaftServerImpl (RaftServerImpl.java:setRole(170)) - fae8fe5f-3f5a-4647-a1dd-1848d738c051@group-BDA2D04995FF: changes role from      null to FOLLOWER at term 0 for startAsFollower
2019-10-06 01:04:10,162 [pool-689-thread-1] INFO  server.RaftServerConfigKeys (ConfUtils.java:logGet(43)) - raft.server.retrycache.expirytime = 600000ms (custom)
2019-10-06 01:04:10,162 [pool-679-thread-1] INFO  impl.RoleInfo (RoleInfo.java:updateAndGet(143)) - fae8fe5f-3f5a-4647-a1dd-1848d738c051: start FollowerState
2019-10-06 01:04:10,162 [pool-699-thread-1] INFO  server.RaftServerConfigKeys (ConfUtils.java:logGet(43)) - raft.server.snapshot.auto.trigger.enabled = true (custom)
2019-10-06 01:04:10,162 [pool-699-thread-1] INFO  server.RaftServerConfigKeys (ConfUtils.java:logGet(43)) - raft.server.snapshot.auto.trigger.threshold = 10000 (custom)
2019-10-06 01:04:10,162 [pool-679-thread-1] INFO  util.JmxRegister (JmxRegister.java:tryRegister(44)) - Successfully registered JMX Bean with object name Ratis:service=RaftServer,group=group-BDA2D04995FF,id=fae8fe5f-3f5a-4647-a1dd-1848d738c051
2019-10-06 01:04:10,162 [pool-699-thread-1] INFO  server.RaftServerConfigKeys (ConfUtils.java:logGet(43)) - raft.server.snapshot.retention.file.num = 5 (custom)
2019-10-06 01:04:10,162 [pool-699-thread-1] INFO  server.RaftServerConfigKeys (ConfUtils.java:logGet(43)) - raft.server.retrycache.expirytime = 600000ms (custom)
2019-10-06 01:04:10,163 [pool-689-thread-1] INFO  impl.RaftServerImpl (RaftServerImpl.java:start(181)) - 14a49e7b-821a-4fd4-a08d-8b5118141aad@group-BDA2D04995FF: start as a follower, conf=-1: [14a49e7b-821a-4fd4-a08d-8b5118141aad:192.168.30.55:43101, fae8fe5f-3f5a-4647-a1dd-1848d738c051:192.168.30.55:45977, dd43951f-fd9b-40ce-9d54-abf1e172228e:192.168.30.55:34936], old=null
2019-10-06 01:04:10,163 [pool-689-thread-1] INFO  impl.RaftServerImpl (RaftServerImpl.java:setRole(170)) - 14a49e7b-821a-4fd4-a08d-8b5118141aad@group-BDA2D04995FF: changes role from      null to FOLLOWER at term 0 for startAsFollower
2019-10-06 01:04:10,163 [pool-689-thread-1] INFO  impl.RoleInfo (RoleInfo.java:updateAndGet(143)) - 14a49e7b-821a-4fd4-a08d-8b5118141aad: start FollowerState
2019-10-06 01:04:10,164 [pool-689-thread-1] INFO  util.JmxRegister (JmxRegister.java:tryRegister(44)) - Successfully registered JMX Bean with object name Ratis:service=RaftServer,group=group-BDA2D04995FF,id=14a49e7b-821a-4fd4-a08d-8b5118141aad
2019-10-06 01:04:10,166 [pool-699-thread-1] INFO  impl.RaftServerImpl (RaftServerImpl.java:start(181)) - dd43951f-fd9b-40ce-9d54-abf1e172228e@group-BDA2D04995FF: start as a follower, conf=-1: [14a49e7b-821a-4fd4-a08d-8b5118141aad:192.168.30.55:43101, fae8fe5f-3f5a-4647-a1dd-1848d738c051:192.168.30.55:45977, dd43951f-fd9b-40ce-9d54-abf1e172228e:192.168.30.55:34936], old=null
2019-10-06 01:04:10,166 [pool-699-thread-1] INFO  impl.RaftServerImpl (RaftServerImpl.java:setRole(170)) - dd43951f-fd9b-40ce-9d54-abf1e172228e@group-BDA2D04995FF: changes role from      null to FOLLOWER at term 0 for startAsFollower
2019-10-06 01:04:10,166 [pool-699-thread-1] INFO  impl.RoleInfo (RoleInfo.java:updateAndGet(143)) - dd43951f-fd9b-40ce-9d54-abf1e172228e: start FollowerState
2019-10-06 01:04:10,167 [pool-699-thread-1] INFO  util.JmxRegister (JmxRegister.java:tryRegister(44)) - Successfully registered JMX Bean with object name Ratis:service=RaftServer,group=group-BDA2D04995FF,id=dd43951f-fd9b-40ce-9d54-abf1e172228e
2019-10-06 01:04:10,179 [RatisPipelineUtilsThread] INFO  pipeline.PipelineStateManager (PipelineStateManager.java:addPipeline(56)) - Created pipeline Pipeline[ Id: 5c7ef566-a996-485b-a13b-bda2d04995ff, Nodes: dd43951f-fd9b-40ce-9d54-abf1e172228e{ip: 192.168.30.55, host: pr-hdds-2233-w5czk-1584650955, networkLocation: /default-rack, certSerialId: null}14a49e7b-821a-4fd4-a08d-8b5118141aad{ip: 192.168.30.55, host: pr-hdds-2233-w5czk-1584650955, networkLocation: /default-rack, certSerialId: null}fae8fe5f-3f5a-4647-a1dd-1848d738c051{ip: 192.168.30.55, host: pr-hdds-2233-w5czk-1584650955, networkLocation: /default-rack, certSerialId: null}, Type:RATIS, Factor:THREE, State:OPEN]
2019-10-06 01:04:10,223 [IPC Server handler 0 on 46605] INFO  net.NetworkTopology (NetworkTopologyImpl.java:add(111)) - Added a new node: /default-rack/0216f0c8-24d4-43bc-be04-ed9ede0b1d6e
2019-10-06 01:04:10,223 [IPC Server handler 0 on 46605] INFO  node.SCMNodeManager (SCMNodeManager.java:register(266)) - Registered Data node : 0216f0c8-24d4-43bc-be04-ed9ede0b1d6e{ip: 192.168.30.55, host: pr-hdds-2233-w5czk-1584650955, networkLocation: /default-rack, certSerialId: null}
2019-10-06 01:04:10,230 [grpc-default-executor-2] INFO  impl.RaftServerProxy (RaftServerProxy.java:addNew(89)) - 0216f0c8-24d4-43bc-be04-ed9ede0b1d6e: addNew group-4481822BFD2F:[0216f0c8-24d4-43bc-be04-ed9ede0b1d6e:192.168.30.55:34819] returns group-4481822BFD2F:java.util.concurrent.CompletableFuture@27746119[Not completed]
2019-10-06 01:04:10,243 [pool-719-thread-1] INFO  impl.RaftServerImpl (RaftServerImpl.java:<init>(95)) - 0216f0c8-24d4-43bc-be04-ed9ede0b1d6e: new RaftServerImpl for group-4481822BFD2F:[0216f0c8-24d4-43bc-be04-ed9ede0b1d6e:192.168.30.55:34819] with ContainerStateMachine:uninitialized
2019-10-06 01:04:10,246 [pool-719-thread-1] INFO  server.RaftServerConfigKeys (ConfUtils.java:logGet(43)) - raft.server.rpc.timeout.min = 5s (custom)
2019-10-06 01:04:10,246 [pool-719-thread-1] INFO  server.RaftServerConfigKeys (ConfUtils.java:logGet(43)) - raft.server.rpc.timeout.max = 5200ms (custom)
2019-10-06 01:04:10,246 [pool-719-thread-1] INFO  server.RaftServerConfigKeys (ConfUtils.java:logGet(43)) - raft.server.rpcslowness.timeout = 120s (custom)
2019-10-06 01:04:10,246 [pool-719-thread-1] INFO  server.RaftServerConfigKeys (ConfUtils.java:logGet(43)) - raft.server.sleep.deviation.threshold = 300 (default)
2019-10-06 01:04:10,247 [pool-719-thread-1] INFO  server.RaftServerConfigKeys (ConfUtils.java:logGet(43)) - raft.server.log.appender.install.snapshot.enabled = false (custom)
2019-10-06 01:04:10,247 [pool-719-thread-1] INFO  impl.RaftServerImpl (ServerState.java:<init>(103)) - 0216f0c8-24d4-43bc-be04-ed9ede0b1d6e@group-4481822BFD2F: ConfigurationManager, init=-1: [0216f0c8-24d4-43bc-be04-ed9ede0b1d6e:192.168.30.55:34819], old=null, confs=<EMPTY_MAP>
2019-10-06 01:04:10,247 [pool-719-thread-1] INFO  server.RaftServerConfigKeys (ConfUtils.java:logGet(43)) - raft.server.storage.dir = [/workdir/hadoop-ozone/integration-test/target/test-dir/MiniOzoneClusterImpl-a4005199-553d-4e0b-bbff-cd07ceedfb02/datanode-4/data/ratis] (custom)
2019-10-06 01:04:10,247 [pool-719-thread-1] INFO  server.RaftServerConfigKeys (ConfUtils.java:logGet(43)) - raft.server.log.corruption.policy = EXCEPTION (default)
2019-10-06 01:04:10,247 [pool-719-thread-1] INFO  storage.RaftStorageDirectory (RaftStorageDirectory.java:analyzeStorage(246)) - The storage directory /workdir/hadoop-ozone/integration-test/target/test-dir/MiniOzoneClusterImpl-a4005199-553d-4e0b-bbff-cd07ceedfb02/datanode-4/data/ratis/7474801f-78c8-4887-86af-4481822bfd2f does not exist. Creating ...
2019-10-06 01:04:10,263 [pool-719-thread-1] INFO  storage.RaftStorageDirectory (RaftStorageDirectory.java:tryLock(328)) - Lock on /workdir/hadoop-ozone/integration-test/target/test-dir/MiniOzoneClusterImpl-a4005199-553d-4e0b-bbff-cd07ceedfb02/datanode-4/data/ratis/7474801f-78c8-4887-86af-4481822bfd2f/in_use.lock acquired by nodename 24930@pr-hdds-2233-w5czk-1584650955
2019-10-06 01:04:10,277 [pool-719-thread-1] INFO  storage.RaftStorage (RaftStorage.java:format(84)) - Storage directory /workdir/hadoop-ozone/integration-test/target/test-dir/MiniOzoneClusterImpl-a4005199-553d-4e0b-bbff-cd07ceedfb02/datanode-4/data/ratis/7474801f-78c8-4887-86af-4481822bfd2f has been successfully formatted.
2019-10-06 01:04:10,277 [pool-719-thread-1] INFO  ratis.ContainerStateMachine (ContainerStateMachine.java:loadSnapshot(230)) - group-4481822BFD2F: The snapshot info is null. Setting the last applied indexto:(t:0, i:~)
2019-10-06 01:04:10,277 [pool-719-thread-1] INFO  server.RaftServerConfigKeys (ConfUtils.java:logGet(43)) - raft.server.notification.no-leader.timeout = 120s (custom)
2019-10-06 01:04:10,277 [pool-719-thread-1] INFO  server.RaftServerConfigKeys (ConfUtils.java:logGet(43)) - raft.server.log.use.memory = false (default)
2019-10-06 01:04:10,277 [pool-719-thread-1] INFO  server.RaftServerConfigKeys (ConfUtils.java:logGet(43)) - raft.server.log.purge.gap = 1000000 (custom)
2019-10-06 01:04:10,277 [pool-719-thread-1] INFO  server.RaftServerConfigKeys (ConfUtils.java:logGet(43)) - raft.server.log.appender.buffer.byte-limit = 33554432 (custom)
2019-10-06 01:04:10,278 [pool-719-thread-1] INFO  server.RaftServerConfigKeys (ConfUtils.java:logGet(43)) - raft.server.log.segment.size.max = 1048576 (custom)
2019-10-06 01:04:10,279 [pool-719-thread-1] INFO  server.RaftServerConfigKeys (ConfUtils.java:logGet(43)) - raft.server.log.segment.cache.num.max = 2 (custom)
2019-10-06 01:04:10,279 [pool-719-thread-1] INFO  segmented.SegmentedRaftLogWorker (SegmentedRaftLogWorker.java:<init>(173)) - new 0216f0c8-24d4-43bc-be04-ed9ede0b1d6e@group-4481822BFD2F-SegmentedRaftLogWorker for RaftStorage:Storage Directory /workdir/hadoop-ozone/integration-test/target/test-dir/MiniOzoneClusterImpl-a4005199-553d-4e0b-bbff-cd07ceedfb02/datanode-4/data/ratis/7474801f-78c8-4887-86af-4481822bfd2f
2019-10-06 01:04:10,280 [pool-719-thread-1] INFO  server.RaftServerConfigKeys (ConfUtils.java:logGet(43)) - raft.server.log.queue.byte-limit = 2147483647 (custom)
2019-10-06 01:04:10,280 [pool-719-thread-1] INFO  server.RaftServerConfigKeys (ConfUtils.java:logGet(43)) - raft.server.log.queue.element-limit = 1024 (custom)
2019-10-06 01:04:10,280 [pool-719-thread-1] INFO  server.RaftServerConfigKeys (ConfUtils.java:logGet(43)) - raft.server.log.segment.size.max = 1048576 (custom)
2019-10-06 01:04:10,280 [pool-719-thread-1] INFO  server.RaftServerConfigKeys (ConfUtils.java:logGet(43)) - raft.server.log.preallocated.size = 16384 (custom)
2019-10-06 01:04:10,280 [pool-719-thread-1] INFO  server.RaftServerConfigKeys (ConfUtils.java:logGet(43)) - raft.server.log.write.buffer.size = 33554432 (custom)
2019-10-06 01:04:10,280 [pool-719-thread-1] INFO  server.RaftServerConfigKeys (ConfUtils.java:logGet(43)) - raft.server.log.force.sync.num = 128 (default)
2019-10-06 01:04:10,280 [pool-719-thread-1] INFO  server.RaftServerConfigKeys (ConfUtils.java:logGet(43)) - raft.server.log.statemachine.data.sync = true (default)
2019-10-06 01:04:10,281 [pool-719-thread-1] INFO  server.RaftServerConfigKeys (ConfUtils.java:logGet(43)) - raft.server.log.statemachine.data.sync.timeout = 10s (default)
2019-10-06 01:04:10,281 [pool-719-thread-1] INFO  server.RaftServerConfigKeys (ConfUtils.java:logGet(43)) - raft.server.log.statemachine.data.sync.timeout.retry = -1 (default)
2019-10-06 01:04:10,281 [pool-719-thread-1] INFO  server.RaftServerConfigKeys (ConfUtils.java:logGet(43)) - raft.server.log.statemachine.data.caching.enabled = true (custom)
2019-10-06 01:04:10,281 [pool-719-thread-1] INFO  segmented.SegmentedRaftLogWorker (SegmentedRaftLogWorker.java:lambda$new$0(128)) - 0216f0c8-24d4-43bc-be04-ed9ede0b1d6e@group-4481822BFD2F-SegmentedRaftLogWorker: flushIndex: setUnconditionally 0 -> -1
2019-10-06 01:04:10,282 [pool-719-thread-1] INFO  server.RaftServerConfigKeys (ConfUtils.java:logGet(43)) - raft.server.snapshot.auto.trigger.enabled = true (custom)
2019-10-06 01:04:10,282 [pool-719-thread-1] INFO  server.RaftServerConfigKeys (ConfUtils.java:logGet(43)) - raft.server.snapshot.auto.trigger.threshold = 10000 (custom)
2019-10-06 01:04:10,282 [pool-719-thread-1] INFO  server.RaftServerConfigKeys (ConfUtils.java:logGet(43)) - raft.server.snapshot.retention.file.num = 5 (custom)
2019-10-06 01:04:10,282 [pool-719-thread-1] INFO  server.RaftServerConfigKeys (ConfUtils.java:logGet(43)) - raft.server.retrycache.expirytime = 600000ms (custom)
2019-10-06 01:04:10,284 [pool-719-thread-1] INFO  impl.RaftServerImpl (RaftServerImpl.java:start(181)) - 0216f0c8-24d4-43bc-be04-ed9ede0b1d6e@group-4481822BFD2F: start as a follower, conf=-1: [0216f0c8-24d4-43bc-be04-ed9ede0b1d6e:192.168.30.55:34819], old=null
2019-10-06 01:04:10,284 [pool-719-thread-1] INFO  impl.RaftServerImpl (RaftServerImpl.java:setRole(170)) - 0216f0c8-24d4-43bc-be04-ed9ede0b1d6e@group-4481822BFD2F: changes role from      null to FOLLOWER at term 0 for startAsFollower
2019-10-06 01:04:10,284 [pool-719-thread-1] INFO  impl.RoleInfo (RoleInfo.java:updateAndGet(143)) - 0216f0c8-24d4-43bc-be04-ed9ede0b1d6e: start FollowerState
2019-10-06 01:04:10,284 [pool-719-thread-1] INFO  util.JmxRegister (JmxRegister.java:tryRegister(44)) - Successfully registered JMX Bean with object name Ratis:service=RaftServer,group=group-4481822BFD2F,id=0216f0c8-24d4-43bc-be04-ed9ede0b1d6e
2019-10-06 01:04:10,291 [RatisPipelineUtilsThread] INFO  pipeline.PipelineStateManager (PipelineStateManager.java:addPipeline(56)) - Created pipeline Pipeline[ Id: 7474801f-78c8-4887-86af-4481822bfd2f, Nodes: 0216f0c8-24d4-43bc-be04-ed9ede0b1d6e{ip: 192.168.30.55, host: pr-hdds-2233-w5czk-1584650955, networkLocation: /default-rack, certSerialId: null}, Type:RATIS, Factor:ONE, State:OPEN]
2019-10-06 01:04:10,296 [IPC Server handler 1 on 46605] INFO  net.NetworkTopology (NetworkTopologyImpl.java:add(111)) - Added a new node: /default-rack/ce3173c5-5540-4385-8231-d133d6b995d8
2019-10-06 01:04:10,297 [IPC Server handler 1 on 46605] INFO  node.SCMNodeManager (SCMNodeManager.java:register(266)) - Registered Data node : ce3173c5-5540-4385-8231-d133d6b995d8{ip: 192.168.30.55, host: pr-hdds-2233-w5czk-1584650955, networkLocation: /default-rack, certSerialId: null}
2019-10-06 01:04:10,300 [grpc-default-executor-2] INFO  impl.RaftServerProxy (RaftServerProxy.java:addNew(89)) - 34df7c7d-467d-4e9b-b5d5-ec817f1ff900: addNew group-AC86B05A2E6D:[34df7c7d-467d-4e9b-b5d5-ec817f1ff900:192.168.30.55:36233] returns group-AC86B05A2E6D:java.util.concurrent.CompletableFuture@679b0f58[Not completed]
2019-10-06 01:04:10,301 [pool-709-thread-1] INFO  impl.RaftServerImpl (RaftServerImpl.java:<init>(95)) - 34df7c7d-467d-4e9b-b5d5-ec817f1ff900: new RaftServerImpl for group-AC86B05A2E6D:[34df7c7d-467d-4e9b-b5d5-ec817f1ff900:192.168.30.55:36233] with ContainerStateMachine:uninitialized
2019-10-06 01:04:10,301 [pool-709-thread-1] INFO  server.RaftServerConfigKeys (ConfUtils.java:logGet(43)) - raft.server.rpc.timeout.min = 5s (custom)
2019-10-06 01:04:10,301 [pool-709-thread-1] INFO  server.RaftServerConfigKeys (ConfUtils.java:logGet(43)) - raft.server.rpc.timeout.max = 5200ms (custom)
2019-10-06 01:04:10,301 [pool-709-thread-1] INFO  server.RaftServerConfigKeys (ConfUtils.java:logGet(43)) - raft.server.rpcslowness.timeout = 120s (custom)
2019-10-06 01:04:10,301 [pool-709-thread-1] INFO  server.RaftServerConfigKeys (ConfUtils.java:logGet(43)) - raft.server.sleep.deviation.threshold = 300 (default)
2019-10-06 01:04:10,301 [pool-709-thread-1] INFO  server.RaftServerConfigKeys (ConfUtils.java:logGet(43)) - raft.server.log.appender.install.snapshot.enabled = false (custom)
2019-10-06 01:04:10,302 [pool-709-thread-1] INFO  impl.RaftServerImpl (ServerState.java:<init>(103)) - 34df7c7d-467d-4e9b-b5d5-ec817f1ff900@group-AC86B05A2E6D: ConfigurationManager, init=-1: [34df7c7d-467d-4e9b-b5d5-ec817f1ff900:192.168.30.55:36233], old=null, confs=<EMPTY_MAP>
2019-10-06 01:04:10,302 [pool-709-thread-1] INFO  server.RaftServerConfigKeys (ConfUtils.java:logGet(43)) - raft.server.storage.dir = [/workdir/hadoop-ozone/integration-test/target/test-dir/MiniOzoneClusterImpl-a4005199-553d-4e0b-bbff-cd07ceedfb02/datanode-3/data/ratis] (custom)
2019-10-06 01:04:10,302 [pool-709-thread-1] INFO  server.RaftServerConfigKeys (ConfUtils.java:logGet(43)) - raft.server.log.corruption.policy = EXCEPTION (default)
2019-10-06 01:04:10,302 [pool-709-thread-1] INFO  storage.RaftStorageDirectory (RaftStorageDirectory.java:analyzeStorage(246)) - The storage directory /workdir/hadoop-ozone/integration-test/target/test-dir/MiniOzoneClusterImpl-a4005199-553d-4e0b-bbff-cd07ceedfb02/datanode-3/data/ratis/2216210b-e163-4ca4-bf2a-ac86b05a2e6d does not exist. Creating ...
2019-10-06 01:04:10,323 [pool-709-thread-1] INFO  storage.RaftStorageDirectory (RaftStorageDirectory.java:tryLock(328)) - Lock on /workdir/hadoop-ozone/integration-test/target/test-dir/MiniOzoneClusterImpl-a4005199-553d-4e0b-bbff-cd07ceedfb02/datanode-3/data/ratis/2216210b-e163-4ca4-bf2a-ac86b05a2e6d/in_use.lock acquired by nodename 24930@pr-hdds-2233-w5czk-1584650955
2019-10-06 01:04:10,336 [pool-709-thread-1] INFO  storage.RaftStorage (RaftStorage.java:format(84)) - Storage directory /workdir/hadoop-ozone/integration-test/target/test-dir/MiniOzoneClusterImpl-a4005199-553d-4e0b-bbff-cd07ceedfb02/datanode-3/data/ratis/2216210b-e163-4ca4-bf2a-ac86b05a2e6d has been successfully formatted.
2019-10-06 01:04:10,336 [pool-709-thread-1] INFO  ratis.ContainerStateMachine (ContainerStateMachine.java:loadSnapshot(230)) - group-AC86B05A2E6D: The snapshot info is null. Setting the last applied indexto:(t:0, i:~)
2019-10-06 01:04:10,336 [pool-709-thread-1] INFO  server.RaftServerConfigKeys (ConfUtils.java:logGet(43)) - raft.server.notification.no-leader.timeout = 120s (custom)
2019-10-06 01:04:10,337 [pool-709-thread-1] INFO  server.RaftServerConfigKeys (ConfUtils.java:logGet(43)) - raft.server.log.use.memory = false (default)
2019-10-06 01:04:10,337 [pool-709-thread-1] INFO  server.RaftServerConfigKeys (ConfUtils.java:logGet(43)) - raft.server.log.purge.gap = 1000000 (custom)
2019-10-06 01:04:10,337 [pool-709-thread-1] INFO  server.RaftServerConfigKeys (ConfUtils.java:logGet(43)) - raft.server.log.appender.buffer.byte-limit = 33554432 (custom)
2019-10-06 01:04:10,337 [pool-709-thread-1] INFO  server.RaftServerConfigKeys (ConfUtils.java:logGet(43)) - raft.server.log.segment.size.max = 1048576 (custom)
2019-10-06 01:04:10,338 [pool-709-thread-1] INFO  server.RaftServerConfigKeys (ConfUtils.java:logGet(43)) - raft.server.log.segment.cache.num.max = 2 (custom)
2019-10-06 01:04:10,338 [pool-709-thread-1] INFO  segmented.SegmentedRaftLogWorker (SegmentedRaftLogWorker.java:<init>(173)) - new 34df7c7d-467d-4e9b-b5d5-ec817f1ff900@group-AC86B05A2E6D-SegmentedRaftLogWorker for RaftStorage:Storage Directory /workdir/hadoop-ozone/integration-test/target/test-dir/MiniOzoneClusterImpl-a4005199-553d-4e0b-bbff-cd07ceedfb02/datanode-3/data/ratis/2216210b-e163-4ca4-bf2a-ac86b05a2e6d
2019-10-06 01:04:10,338 [pool-709-thread-1] INFO  server.RaftServerConfigKeys (ConfUtils.java:logGet(43)) - raft.server.log.queue.byte-limit = 2147483647 (custom)
2019-10-06 01:04:10,339 [pool-709-thread-1] INFO  server.RaftServerConfigKeys (ConfUtils.java:logGet(43)) - raft.server.log.queue.element-limit = 1024 (custom)
2019-10-06 01:04:10,339 [pool-709-thread-1] INFO  server.RaftServerConfigKeys (ConfUtils.java:logGet(43)) - raft.server.log.segment.size.max = 1048576 (custom)
2019-10-06 01:04:10,339 [pool-709-thread-1] INFO  server.RaftServerConfigKeys (ConfUtils.java:logGet(43)) - raft.server.log.preallocated.size = 16384 (custom)
2019-10-06 01:04:10,339 [pool-709-thread-1] INFO  server.RaftServerConfigKeys (ConfUtils.java:logGet(43)) - raft.server.log.write.buffer.size = 33554432 (custom)
2019-10-06 01:04:10,339 [pool-709-thread-1] INFO  server.RaftServerConfigKeys (ConfUtils.java:logGet(43)) - raft.server.log.force.sync.num = 128 (default)
2019-10-06 01:04:10,339 [pool-709-thread-1] INFO  server.RaftServerConfigKeys (ConfUtils.java:logGet(43)) - raft.server.log.statemachine.data.sync = true (default)
2019-10-06 01:04:10,339 [pool-709-thread-1] INFO  server.RaftServerConfigKeys (ConfUtils.java:logGet(43)) - raft.server.log.statemachine.data.sync.timeout = 10s (default)
2019-10-06 01:04:10,339 [pool-709-thread-1] INFO  server.RaftServerConfigKeys (ConfUtils.java:logGet(43)) - raft.server.log.statemachine.data.sync.timeout.retry = -1 (default)
2019-10-06 01:04:10,339 [pool-709-thread-1] INFO  server.RaftServerConfigKeys (ConfUtils.java:logGet(43)) - raft.server.log.statemachine.data.caching.enabled = true (custom)
2019-10-06 01:04:10,340 [pool-709-thread-1] INFO  segmented.SegmentedRaftLogWorker (SegmentedRaftLogWorker.java:lambda$new$0(128)) - 34df7c7d-467d-4e9b-b5d5-ec817f1ff900@group-AC86B05A2E6D-SegmentedRaftLogWorker: flushIndex: setUnconditionally 0 -> -1
2019-10-06 01:04:10,340 [pool-709-thread-1] INFO  server.RaftServerConfigKeys (ConfUtils.java:logGet(43)) - raft.server.snapshot.auto.trigger.enabled = true (custom)
2019-10-06 01:04:10,340 [pool-709-thread-1] INFO  server.RaftServerConfigKeys (ConfUtils.java:logGet(43)) - raft.server.snapshot.auto.trigger.threshold = 10000 (custom)
2019-10-06 01:04:10,340 [pool-709-thread-1] INFO  server.RaftServerConfigKeys (ConfUtils.java:logGet(43)) - raft.server.snapshot.retention.file.num = 5 (custom)
2019-10-06 01:04:10,340 [pool-709-thread-1] INFO  server.RaftServerConfigKeys (ConfUtils.java:logGet(43)) - raft.server.retrycache.expirytime = 600000ms (custom)
2019-10-06 01:04:10,341 [pool-709-thread-1] INFO  impl.RaftServerImpl (RaftServerImpl.java:start(181)) - 34df7c7d-467d-4e9b-b5d5-ec817f1ff900@group-AC86B05A2E6D: start as a follower, conf=-1: [34df7c7d-467d-4e9b-b5d5-ec817f1ff900:192.168.30.55:36233], old=null
2019-10-06 01:04:10,341 [pool-709-thread-1] INFO  impl.RaftServerImpl (RaftServerImpl.java:setRole(170)) - 34df7c7d-467d-4e9b-b5d5-ec817f1ff900@group-AC86B05A2E6D: changes role from      null to FOLLOWER at term 0 for startAsFollower
2019-10-06 01:04:10,341 [pool-709-thread-1] INFO  impl.RoleInfo (RoleInfo.java:updateAndGet(143)) - 34df7c7d-467d-4e9b-b5d5-ec817f1ff900: start FollowerState
2019-10-06 01:04:10,342 [pool-709-thread-1] INFO  util.JmxRegister (JmxRegister.java:tryRegister(44)) - Successfully registered JMX Bean with object name Ratis:service=RaftServer,group=group-AC86B05A2E6D,id=34df7c7d-467d-4e9b-b5d5-ec817f1ff900
2019-10-06 01:04:10,348 [RatisPipelineUtilsThread] INFO  pipeline.PipelineStateManager (PipelineStateManager.java:addPipeline(56)) - Created pipeline Pipeline[ Id: 2216210b-e163-4ca4-bf2a-ac86b05a2e6d, Nodes: 34df7c7d-467d-4e9b-b5d5-ec817f1ff900{ip: 192.168.30.55, host: pr-hdds-2233-w5czk-1584650955, networkLocation: /default-rack, certSerialId: null}, Type:RATIS, Factor:ONE, State:OPEN]
2019-10-06 01:04:10,353 [grpc-default-executor-2] INFO  impl.RaftServerProxy (RaftServerProxy.java:addNew(89)) - ce3173c5-5540-4385-8231-d133d6b995d8: addNew group-E229413E40B4:[ce3173c5-5540-4385-8231-d133d6b995d8:192.168.30.55:35537] returns group-E229413E40B4:java.util.concurrent.CompletableFuture@3daab392[Not completed]
2019-10-06 01:04:10,354 [pool-729-thread-1] INFO  impl.RaftServerImpl (RaftServerImpl.java:<init>(95)) - ce3173c5-5540-4385-8231-d133d6b995d8: new RaftServerImpl for group-E229413E40B4:[ce3173c5-5540-4385-8231-d133d6b995d8:192.168.30.55:35537] with ContainerStateMachine:uninitialized
2019-10-06 01:04:10,355 [pool-729-thread-1] INFO  server.RaftServerConfigKeys (ConfUtils.java:logGet(43)) - raft.server.rpc.timeout.min = 5s (custom)
2019-10-06 01:04:10,355 [pool-729-thread-1] INFO  server.RaftServerConfigKeys (ConfUtils.java:logGet(43)) - raft.server.rpc.timeout.max = 5200ms (custom)
2019-10-06 01:04:10,355 [pool-729-thread-1] INFO  server.RaftServerConfigKeys (ConfUtils.java:logGet(43)) - raft.server.rpcslowness.timeout = 120s (custom)
2019-10-06 01:04:10,355 [pool-729-thread-1] INFO  server.RaftServerConfigKeys (ConfUtils.java:logGet(43)) - raft.server.sleep.deviation.threshold = 300 (default)
2019-10-06 01:04:10,355 [pool-729-thread-1] INFO  server.RaftServerConfigKeys (ConfUtils.java:logGet(43)) - raft.server.log.appender.install.snapshot.enabled = false (custom)
2019-10-06 01:04:10,355 [pool-729-thread-1] INFO  impl.RaftServerImpl (ServerState.java:<init>(103)) - ce3173c5-5540-4385-8231-d133d6b995d8@group-E229413E40B4: ConfigurationManager, init=-1: [ce3173c5-5540-4385-8231-d133d6b995d8:192.168.30.55:35537], old=null, confs=<EMPTY_MAP>
2019-10-06 01:04:10,355 [pool-729-thread-1] INFO  server.RaftServerConfigKeys (ConfUtils.java:logGet(43)) - raft.server.storage.dir = [/workdir/hadoop-ozone/integration-test/target/test-dir/MiniOzoneClusterImpl-a4005199-553d-4e0b-bbff-cd07ceedfb02/datanode-5/data/ratis] (custom)
2019-10-06 01:04:10,356 [pool-729-thread-1] INFO  server.RaftServerConfigKeys (ConfUtils.java:logGet(43)) - raft.server.log.corruption.policy = EXCEPTION (default)
2019-10-06 01:04:10,356 [pool-729-thread-1] INFO  storage.RaftStorageDirectory (RaftStorageDirectory.java:analyzeStorage(246)) - The storage directory /workdir/hadoop-ozone/integration-test/target/test-dir/MiniOzoneClusterImpl-a4005199-553d-4e0b-bbff-cd07ceedfb02/datanode-5/data/ratis/470bdc14-73bb-46f6-b60a-e229413e40b4 does not exist. Creating ...
2019-10-06 01:04:10,357 [IPC Server handler 3 on 46605] INFO  net.NetworkTopology (NetworkTopologyImpl.java:add(111)) - Added a new node: /default-rack/0ae06c2c-b65e-4bd4-be05-bfb9cf30240d
2019-10-06 01:04:10,358 [IPC Server handler 3 on 46605] INFO  node.SCMNodeManager (SCMNodeManager.java:register(266)) - Registered Data node : 0ae06c2c-b65e-4bd4-be05-bfb9cf30240d{ip: 192.168.30.55, host: pr-hdds-2233-w5czk-1584650955, networkLocation: /default-rack, certSerialId: null}
2019-10-06 01:04:10,358 [main] INFO  ozone.MiniOzoneClusterImpl (MiniOzoneClusterImpl.java:lambda$waitForClusterToBeReady$0(147)) - Cluster is ready. Got 7 of 7 DN Heartbeats.
2019-10-06 01:04:10,370 [pool-729-thread-1] INFO  storage.RaftStorageDirectory (RaftStorageDirectory.java:tryLock(328)) - Lock on /workdir/hadoop-ozone/integration-test/target/test-dir/MiniOzoneClusterImpl-a4005199-553d-4e0b-bbff-cd07ceedfb02/datanode-5/data/ratis/470bdc14-73bb-46f6-b60a-e229413e40b4/in_use.lock acquired by nodename 24930@pr-hdds-2233-w5czk-1584650955
2019-10-06 01:04:10,383 [pool-729-thread-1] INFO  storage.RaftStorage (RaftStorage.java:format(84)) - Storage directory /workdir/hadoop-ozone/integration-test/target/test-dir/MiniOzoneClusterImpl-a4005199-553d-4e0b-bbff-cd07ceedfb02/datanode-5/data/ratis/470bdc14-73bb-46f6-b60a-e229413e40b4 has been successfully formatted.
2019-10-06 01:04:10,383 [pool-729-thread-1] INFO  ratis.ContainerStateMachine (ContainerStateMachine.java:loadSnapshot(230)) - group-E229413E40B4: The snapshot info is null. Setting the last applied indexto:(t:0, i:~)
2019-10-06 01:04:10,383 [pool-729-thread-1] INFO  server.RaftServerConfigKeys (ConfUtils.java:logGet(43)) - raft.server.notification.no-leader.timeout = 120s (custom)
2019-10-06 01:04:10,383 [pool-729-thread-1] INFO  server.RaftServerConfigKeys (ConfUtils.java:logGet(43)) - raft.server.log.use.memory = false (default)
2019-10-06 01:04:10,383 [pool-729-thread-1] INFO  server.RaftServerConfigKeys (ConfUtils.java:logGet(43)) - raft.server.log.purge.gap = 1000000 (custom)
2019-10-06 01:04:10,383 [pool-729-thread-1] INFO  server.RaftServerConfigKeys (ConfUtils.java:logGet(43)) - raft.server.log.appender.buffer.byte-limit = 33554432 (custom)
2019-10-06 01:04:10,383 [pool-729-thread-1] INFO  server.RaftServerConfigKeys (ConfUtils.java:logGet(43)) - raft.server.log.segment.size.max = 1048576 (custom)
2019-10-06 01:04:10,387 [pool-729-thread-1] INFO  server.RaftServerConfigKeys (ConfUtils.java:logGet(43)) - raft.server.log.segment.cache.num.max = 2 (custom)
2019-10-06 01:04:10,387 [pool-729-thread-1] INFO  segmented.SegmentedRaftLogWorker (SegmentedRaftLogWorker.java:<init>(173)) - new ce3173c5-5540-4385-8231-d133d6b995d8@group-E229413E40B4-SegmentedRaftLogWorker for RaftStorage:Storage Directory /workdir/hadoop-ozone/integration-test/target/test-dir/MiniOzoneClusterImpl-a4005199-553d-4e0b-bbff-cd07ceedfb02/datanode-5/data/ratis/470bdc14-73bb-46f6-b60a-e229413e40b4
2019-10-06 01:04:10,387 [pool-729-thread-1] INFO  server.RaftServerConfigKeys (ConfUtils.java:logGet(43)) - raft.server.log.queue.byte-limit = 2147483647 (custom)
2019-10-06 01:04:10,387 [pool-729-thread-1] INFO  server.RaftServerConfigKeys (ConfUtils.java:logGet(43)) - raft.server.log.queue.element-limit = 1024 (custom)
2019-10-06 01:04:10,387 [pool-729-thread-1] INFO  server.RaftServerConfigKeys (ConfUtils.java:logGet(43)) - raft.server.log.segment.size.max = 1048576 (custom)
2019-10-06 01:04:10,387 [pool-729-thread-1] INFO  server.RaftServerConfigKeys (ConfUtils.java:logGet(43)) - raft.server.log.preallocated.size = 16384 (custom)
2019-10-06 01:04:10,387 [pool-729-thread-1] INFO  server.RaftServerConfigKeys (ConfUtils.java:logGet(43)) - raft.server.log.write.buffer.size = 33554432 (custom)
2019-10-06 01:04:10,387 [pool-729-thread-1] INFO  server.RaftServerConfigKeys (ConfUtils.java:logGet(43)) - raft.server.log.force.sync.num = 128 (default)
2019-10-06 01:04:10,388 [pool-729-thread-1] INFO  server.RaftServerConfigKeys (ConfUtils.java:logGet(43)) - raft.server.log.statemachine.data.sync = true (default)
2019-10-06 01:04:10,388 [pool-729-thread-1] INFO  server.RaftServerConfigKeys (ConfUtils.java:logGet(43)) - raft.server.log.statemachine.data.sync.timeout = 10s (default)
2019-10-06 01:04:10,388 [pool-729-thread-1] INFO  server.RaftServerConfigKeys (ConfUtils.java:logGet(43)) - raft.server.log.statemachine.data.sync.timeout.retry = -1 (default)
2019-10-06 01:04:10,388 [main] INFO  rpc.RpcClient (RpcClient.java:createVolume(272)) - Creating Volume: testblockoutputstream, with jenkins1000 as owner.
2019-10-06 01:04:10,388 [pool-729-thread-1] INFO  server.RaftServerConfigKeys (ConfUtils.java:logGet(43)) - raft.server.log.statemachine.data.caching.enabled = true (custom)
2019-10-06 01:04:10,388 [pool-729-thread-1] INFO  segmented.SegmentedRaftLogWorker (SegmentedRaftLogWorker.java:lambda$new$0(128)) - ce3173c5-5540-4385-8231-d133d6b995d8@group-E229413E40B4-SegmentedRaftLogWorker: flushIndex: setUnconditionally 0 -> -1
2019-10-06 01:04:10,389 [pool-729-thread-1] INFO  server.RaftServerConfigKeys (ConfUtils.java:logGet(43)) - raft.server.snapshot.auto.trigger.enabled = true (custom)
2019-10-06 01:04:10,389 [pool-729-thread-1] INFO  server.RaftServerConfigKeys (ConfUtils.java:logGet(43)) - raft.server.snapshot.auto.trigger.threshold = 10000 (custom)
2019-10-06 01:04:10,389 [pool-729-thread-1] INFO  server.RaftServerConfigKeys (ConfUtils.java:logGet(43)) - raft.server.snapshot.retention.file.num = 5 (custom)
2019-10-06 01:04:10,389 [pool-729-thread-1] INFO  server.RaftServerConfigKeys (ConfUtils.java:logGet(43)) - raft.server.retrycache.expirytime = 600000ms (custom)
2019-10-06 01:04:10,390 [pool-729-thread-1] INFO  impl.RaftServerImpl (RaftServerImpl.java:start(181)) - ce3173c5-5540-4385-8231-d133d6b995d8@group-E229413E40B4: start as a follower, conf=-1: [ce3173c5-5540-4385-8231-d133d6b995d8:192.168.30.55:35537], old=null
2019-10-06 01:04:10,390 [pool-729-thread-1] INFO  impl.RaftServerImpl (RaftServerImpl.java:setRole(170)) - ce3173c5-5540-4385-8231-d133d6b995d8@group-E229413E40B4: changes role from      null to FOLLOWER at term 0 for startAsFollower
2019-10-06 01:04:10,391 [pool-729-thread-1] INFO  impl.RoleInfo (RoleInfo.java:updateAndGet(143)) - ce3173c5-5540-4385-8231-d133d6b995d8: start FollowerState
2019-10-06 01:04:10,391 [pool-729-thread-1] INFO  util.JmxRegister (JmxRegister.java:tryRegister(44)) - Successfully registered JMX Bean with object name Ratis:service=RaftServer,group=group-E229413E40B4,id=ce3173c5-5540-4385-8231-d133d6b995d8
2019-10-06 01:04:10,391 [IPC Server handler 1 on 36761] INFO  volume.OMVolumeCreateRequest (OMVolumeCreateRequest.java:validateAndUpdateCache(193)) - created volume:testblockoutputstream for user:jenkins1000
2019-10-06 01:04:10,411 [RatisPipelineUtilsThread] INFO  pipeline.PipelineStateManager (PipelineStateManager.java:addPipeline(56)) - Created pipeline Pipeline[ Id: 470bdc14-73bb-46f6-b60a-e229413e40b4, Nodes: ce3173c5-5540-4385-8231-d133d6b995d8{ip: 192.168.30.55, host: pr-hdds-2233-w5czk-1584650955, networkLocation: /default-rack, certSerialId: null}, Type:RATIS, Factor:ONE, State:OPEN]
2019-10-06 01:04:10,414 [main] INFO  rpc.RpcClient (RpcClient.java:createBucket(411)) - Creating Bucket: testblockoutputstream/testblockoutputstream, with Versioning false and Storage Type set to DISK and Encryption set to false 
2019-10-06 01:04:10,426 [grpc-default-executor-2] INFO  impl.RaftServerProxy (RaftServerProxy.java:addNew(89)) - 0ae06c2c-b65e-4bd4-be05-bfb9cf30240d: addNew group-3F5AE7CE192E:[0ae06c2c-b65e-4bd4-be05-bfb9cf30240d:192.168.30.55:32960] returns group-3F5AE7CE192E:java.util.concurrent.CompletableFuture@52c1f274[Not completed]
2019-10-06 01:04:10,427 [pool-739-thread-1] INFO  impl.RaftServerImpl (RaftServerImpl.java:<init>(95)) - 0ae06c2c-b65e-4bd4-be05-bfb9cf30240d: new RaftServerImpl for group-3F5AE7CE192E:[0ae06c2c-b65e-4bd4-be05-bfb9cf30240d:192.168.30.55:32960] with ContainerStateMachine:uninitialized
2019-10-06 01:04:10,427 [pool-739-thread-1] INFO  server.RaftServerConfigKeys (ConfUtils.java:logGet(43)) - raft.server.rpc.timeout.min = 5s (custom)
2019-10-06 01:04:10,428 [pool-739-thread-1] INFO  server.RaftServerConfigKeys (ConfUtils.java:logGet(43)) - raft.server.rpc.timeout.max = 5200ms (custom)
2019-10-06 01:04:10,428 [pool-739-thread-1] INFO  server.RaftServerConfigKeys (ConfUtils.java:logGet(43)) - raft.server.rpcslowness.timeout = 120s (custom)
2019-10-06 01:04:10,428 [pool-739-thread-1] INFO  server.RaftServerConfigKeys (ConfUtils.java:logGet(43)) - raft.server.sleep.deviation.threshold = 300 (default)
2019-10-06 01:04:10,428 [pool-739-thread-1] INFO  server.RaftServerConfigKeys (ConfUtils.java:logGet(43)) - raft.server.log.appender.install.snapshot.enabled = false (custom)
2019-10-06 01:04:10,428 [pool-739-thread-1] INFO  impl.RaftServerImpl (ServerState.java:<init>(103)) - 0ae06c2c-b65e-4bd4-be05-bfb9cf30240d@group-3F5AE7CE192E: ConfigurationManager, init=-1: [0ae06c2c-b65e-4bd4-be05-bfb9cf30240d:192.168.30.55:32960], old=null, confs=<EMPTY_MAP>
2019-10-06 01:04:10,428 [pool-739-thread-1] INFO  server.RaftServerConfigKeys (ConfUtils.java:logGet(43)) - raft.server.storage.dir = [/workdir/hadoop-ozone/integration-test/target/test-dir/MiniOzoneClusterImpl-a4005199-553d-4e0b-bbff-cd07ceedfb02/datanode-6/data/ratis] (custom)
2019-10-06 01:04:10,428 [pool-739-thread-1] INFO  server.RaftServerConfigKeys (ConfUtils.java:logGet(43)) - raft.server.log.corruption.policy = EXCEPTION (default)
2019-10-06 01:04:10,428 [pool-739-thread-1] INFO  storage.RaftStorageDirectory (RaftStorageDirectory.java:analyzeStorage(246)) - The storage directory /workdir/hadoop-ozone/integration-test/target/test-dir/MiniOzoneClusterImpl-a4005199-553d-4e0b-bbff-cd07ceedfb02/datanode-6/data/ratis/a9e470b7-8c0a-41f2-89c5-3f5ae7ce192e does not exist. Creating ...
2019-10-06 01:04:10,441 [pool-739-thread-1] INFO  storage.RaftStorageDirectory (RaftStorageDirectory.java:tryLock(328)) - Lock on /workdir/hadoop-ozone/integration-test/target/test-dir/MiniOzoneClusterImpl-a4005199-553d-4e0b-bbff-cd07ceedfb02/datanode-6/data/ratis/a9e470b7-8c0a-41f2-89c5-3f5ae7ce192e/in_use.lock acquired by nodename 24930@pr-hdds-2233-w5czk-1584650955
2019-10-06 01:04:10,454 [pool-739-thread-1] INFO  storage.RaftStorage (RaftStorage.java:format(84)) - Storage directory /workdir/hadoop-ozone/integration-test/target/test-dir/MiniOzoneClusterImpl-a4005199-553d-4e0b-bbff-cd07ceedfb02/datanode-6/data/ratis/a9e470b7-8c0a-41f2-89c5-3f5ae7ce192e has been successfully formatted.
2019-10-06 01:04:10,454 [pool-739-thread-1] INFO  ratis.ContainerStateMachine (ContainerStateMachine.java:loadSnapshot(230)) - group-3F5AE7CE192E: The snapshot info is null. Setting the last applied indexto:(t:0, i:~)
2019-10-06 01:04:10,454 [pool-739-thread-1] INFO  server.RaftServerConfigKeys (ConfUtils.java:logGet(43)) - raft.server.notification.no-leader.timeout = 120s (custom)
2019-10-06 01:04:10,455 [pool-739-thread-1] INFO  server.RaftServerConfigKeys (ConfUtils.java:logGet(43)) - raft.server.log.use.memory = false (default)
2019-10-06 01:04:10,455 [pool-739-thread-1] INFO  server.RaftServerConfigKeys (ConfUtils.java:logGet(43)) - raft.server.log.purge.gap = 1000000 (custom)
2019-10-06 01:04:10,455 [pool-739-thread-1] INFO  server.RaftServerConfigKeys (ConfUtils.java:logGet(43)) - raft.server.log.appender.buffer.byte-limit = 33554432 (custom)
2019-10-06 01:04:10,455 [pool-739-thread-1] INFO  server.RaftServerConfigKeys (ConfUtils.java:logGet(43)) - raft.server.log.segment.size.max = 1048576 (custom)
2019-10-06 01:04:10,456 [pool-739-thread-1] INFO  server.RaftServerConfigKeys (ConfUtils.java:logGet(43)) - raft.server.log.segment.cache.num.max = 2 (custom)
2019-10-06 01:04:10,456 [pool-739-thread-1] INFO  segmented.SegmentedRaftLogWorker (SegmentedRaftLogWorker.java:<init>(173)) - new 0ae06c2c-b65e-4bd4-be05-bfb9cf30240d@group-3F5AE7CE192E-SegmentedRaftLogWorker for RaftStorage:Storage Directory /workdir/hadoop-ozone/integration-test/target/test-dir/MiniOzoneClusterImpl-a4005199-553d-4e0b-bbff-cd07ceedfb02/datanode-6/data/ratis/a9e470b7-8c0a-41f2-89c5-3f5ae7ce192e
2019-10-06 01:04:10,456 [pool-739-thread-1] INFO  server.RaftServerConfigKeys (ConfUtils.java:logGet(43)) - raft.server.log.queue.byte-limit = 2147483647 (custom)
2019-10-06 01:04:10,456 [pool-739-thread-1] INFO  server.RaftServerConfigKeys (ConfUtils.java:logGet(43)) - raft.server.log.queue.element-limit = 1024 (custom)
2019-10-06 01:04:10,456 [pool-739-thread-1] INFO  server.RaftServerConfigKeys (ConfUtils.java:logGet(43)) - raft.server.log.segment.size.max = 1048576 (custom)
2019-10-06 01:04:10,456 [pool-739-thread-1] INFO  server.RaftServerConfigKeys (ConfUtils.java:logGet(43)) - raft.server.log.preallocated.size = 16384 (custom)
2019-10-06 01:04:10,456 [pool-739-thread-1] INFO  server.RaftServerConfigKeys (ConfUtils.java:logGet(43)) - raft.server.log.write.buffer.size = 33554432 (custom)
2019-10-06 01:04:10,456 [pool-739-thread-1] INFO  server.RaftServerConfigKeys (ConfUtils.java:logGet(43)) - raft.server.log.force.sync.num = 128 (default)
2019-10-06 01:04:10,457 [pool-739-thread-1] INFO  server.RaftServerConfigKeys (ConfUtils.java:logGet(43)) - raft.server.log.statemachine.data.sync = true (default)
2019-10-06 01:04:10,457 [pool-739-thread-1] INFO  server.RaftServerConfigKeys (ConfUtils.java:logGet(43)) - raft.server.log.statemachine.data.sync.timeout = 10s (default)
2019-10-06 01:04:10,457 [pool-739-thread-1] INFO  server.RaftServerConfigKeys (ConfUtils.java:logGet(43)) - raft.server.log.statemachine.data.sync.timeout.retry = -1 (default)
2019-10-06 01:04:10,457 [pool-739-thread-1] INFO  server.RaftServerConfigKeys (ConfUtils.java:logGet(43)) - raft.server.log.statemachine.data.caching.enabled = true (custom)
2019-10-06 01:04:10,457 [pool-739-thread-1] INFO  segmented.SegmentedRaftLogWorker (SegmentedRaftLogWorker.java:lambda$new$0(128)) - 0ae06c2c-b65e-4bd4-be05-bfb9cf30240d@group-3F5AE7CE192E-SegmentedRaftLogWorker: flushIndex: setUnconditionally 0 -> -1
2019-10-06 01:04:10,457 [pool-739-thread-1] INFO  server.RaftServerConfigKeys (ConfUtils.java:logGet(43)) - raft.server.snapshot.auto.trigger.enabled = true (custom)
2019-10-06 01:04:10,458 [pool-739-thread-1] INFO  server.RaftServerConfigKeys (ConfUtils.java:logGet(43)) - raft.server.snapshot.auto.trigger.threshold = 10000 (custom)
2019-10-06 01:04:10,458 [pool-739-thread-1] INFO  server.RaftServerConfigKeys (ConfUtils.java:logGet(43)) - raft.server.snapshot.retention.file.num = 5 (custom)
2019-10-06 01:04:10,458 [pool-739-thread-1] INFO  server.RaftServerConfigKeys (ConfUtils.java:logGet(43)) - raft.server.retrycache.expirytime = 600000ms (custom)
2019-10-06 01:04:10,459 [pool-739-thread-1] INFO  impl.RaftServerImpl (RaftServerImpl.java:start(181)) - 0ae06c2c-b65e-4bd4-be05-bfb9cf30240d@group-3F5AE7CE192E: start as a follower, conf=-1: [0ae06c2c-b65e-4bd4-be05-bfb9cf30240d:192.168.30.55:32960], old=null
2019-10-06 01:04:10,459 [pool-739-thread-1] INFO  impl.RaftServerImpl (RaftServerImpl.java:setRole(170)) - 0ae06c2c-b65e-4bd4-be05-bfb9cf30240d@group-3F5AE7CE192E: changes role from      null to FOLLOWER at term 0 for startAsFollower
2019-10-06 01:04:10,459 [pool-739-thread-1] INFO  impl.RoleInfo (RoleInfo.java:updateAndGet(143)) - 0ae06c2c-b65e-4bd4-be05-bfb9cf30240d: start FollowerState
2019-10-06 01:04:10,459 [pool-739-thread-1] INFO  util.JmxRegister (JmxRegister.java:tryRegister(44)) - Successfully registered JMX Bean with object name Ratis:service=RaftServer,group=group-3F5AE7CE192E,id=0ae06c2c-b65e-4bd4-be05-bfb9cf30240d
2019-10-06 01:04:10,464 [RatisPipelineUtilsThread] INFO  pipeline.PipelineStateManager (PipelineStateManager.java:addPipeline(56)) - Created pipeline Pipeline[ Id: a9e470b7-8c0a-41f2-89c5-3f5ae7ce192e, Nodes: 0ae06c2c-b65e-4bd4-be05-bfb9cf30240d{ip: 192.168.30.55, host: pr-hdds-2233-w5czk-1584650955, networkLocation: /default-rack, certSerialId: null}, Type:RATIS, Factor:ONE, State:OPEN]
2019-10-06 01:04:10,492 [grpc-default-executor-2] INFO  impl.RaftServerProxy (RaftServerProxy.java:addNew(89)) - 0ae06c2c-b65e-4bd4-be05-bfb9cf30240d: addNew group-D82398C36925:[ce3173c5-5540-4385-8231-d133d6b995d8:192.168.30.55:35537, 0ae06c2c-b65e-4bd4-be05-bfb9cf30240d:192.168.30.55:32960, 0216f0c8-24d4-43bc-be04-ed9ede0b1d6e:192.168.30.55:34819] returns group-D82398C36925:java.util.concurrent.CompletableFuture@1c185164[Not completed]
2019-10-06 01:04:10,493 [grpc-default-executor-9] INFO  impl.RaftServerProxy (RaftServerProxy.java:addNew(89)) - 0216f0c8-24d4-43bc-be04-ed9ede0b1d6e: addNew group-D82398C36925:[ce3173c5-5540-4385-8231-d133d6b995d8:192.168.30.55:35537, 0ae06c2c-b65e-4bd4-be05-bfb9cf30240d:192.168.30.55:32960, 0216f0c8-24d4-43bc-be04-ed9ede0b1d6e:192.168.30.55:34819] returns group-D82398C36925:java.util.concurrent.CompletableFuture@e03c0d1[Not completed]
2019-10-06 01:04:10,493 [grpc-default-executor-6] INFO  impl.RaftServerProxy (RaftServerProxy.java:addNew(89)) - ce3173c5-5540-4385-8231-d133d6b995d8: addNew group-D82398C36925:[ce3173c5-5540-4385-8231-d133d6b995d8:192.168.30.55:35537, 0ae06c2c-b65e-4bd4-be05-bfb9cf30240d:192.168.30.55:32960, 0216f0c8-24d4-43bc-be04-ed9ede0b1d6e:192.168.30.55:34819] returns group-D82398C36925:java.util.concurrent.CompletableFuture@6bdb31de[Not completed]
2019-10-06 01:04:10,493 [pool-729-thread-1] INFO  impl.RaftServerImpl (RaftServerImpl.java:<init>(95)) - ce3173c5-5540-4385-8231-d133d6b995d8: new RaftServerImpl for group-D82398C36925:[ce3173c5-5540-4385-8231-d133d6b995d8:192.168.30.55:35537, 0ae06c2c-b65e-4bd4-be05-bfb9cf30240d:192.168.30.55:32960, 0216f0c8-24d4-43bc-be04-ed9ede0b1d6e:192.168.30.55:34819] with ContainerStateMachine:uninitialized
2019-10-06 01:04:10,494 [pool-729-thread-1] INFO  server.RaftServerConfigKeys (ConfUtils.java:logGet(43)) - raft.server.rpc.timeout.min = 5s (custom)
2019-10-06 01:04:10,494 [pool-729-thread-1] INFO  server.RaftServerConfigKeys (ConfUtils.java:logGet(43)) - raft.server.rpc.timeout.max = 5200ms (custom)
2019-10-06 01:04:10,494 [pool-729-thread-1] INFO  server.RaftServerConfigKeys (ConfUtils.java:logGet(43)) - raft.server.rpcslowness.timeout = 120s (custom)
2019-10-06 01:04:10,494 [pool-729-thread-1] INFO  server.RaftServerConfigKeys (ConfUtils.java:logGet(43)) - raft.server.sleep.deviation.threshold = 300 (default)
2019-10-06 01:04:10,494 [pool-729-thread-1] INFO  server.RaftServerConfigKeys (ConfUtils.java:logGet(43)) - raft.server.log.appender.install.snapshot.enabled = false (custom)
2019-10-06 01:04:10,494 [pool-729-thread-1] INFO  impl.RaftServerImpl (ServerState.java:<init>(103)) - ce3173c5-5540-4385-8231-d133d6b995d8@group-D82398C36925: ConfigurationManager, init=-1: [ce3173c5-5540-4385-8231-d133d6b995d8:192.168.30.55:35537, 0ae06c2c-b65e-4bd4-be05-bfb9cf30240d:192.168.30.55:32960, 0216f0c8-24d4-43bc-be04-ed9ede0b1d6e:192.168.30.55:34819], old=null, confs=<EMPTY_MAP>
2019-10-06 01:04:10,494 [pool-719-thread-1] INFO  impl.RaftServerImpl (RaftServerImpl.java:<init>(95)) - 0216f0c8-24d4-43bc-be04-ed9ede0b1d6e: new RaftServerImpl for group-D82398C36925:[ce3173c5-5540-4385-8231-d133d6b995d8:192.168.30.55:35537, 0ae06c2c-b65e-4bd4-be05-bfb9cf30240d:192.168.30.55:32960, 0216f0c8-24d4-43bc-be04-ed9ede0b1d6e:192.168.30.55:34819] with ContainerStateMachine:uninitialized
2019-10-06 01:04:10,494 [pool-729-thread-1] INFO  server.RaftServerConfigKeys (ConfUtils.java:logGet(43)) - raft.server.storage.dir = [/workdir/hadoop-ozone/integration-test/target/test-dir/MiniOzoneClusterImpl-a4005199-553d-4e0b-bbff-cd07ceedfb02/datanode-5/data/ratis] (custom)
2019-10-06 01:04:10,494 [pool-719-thread-1] INFO  server.RaftServerConfigKeys (ConfUtils.java:logGet(43)) - raft.server.rpc.timeout.min = 5s (custom)
2019-10-06 01:04:10,494 [pool-729-thread-1] INFO  server.RaftServerConfigKeys (ConfUtils.java:logGet(43)) - raft.server.log.corruption.policy = EXCEPTION (default)
2019-10-06 01:04:10,494 [pool-719-thread-1] INFO  server.RaftServerConfigKeys (ConfUtils.java:logGet(43)) - raft.server.rpc.timeout.max = 5200ms (custom)
2019-10-06 01:04:10,495 [pool-739-thread-1] INFO  impl.RaftServerImpl (RaftServerImpl.java:<init>(95)) - 0ae06c2c-b65e-4bd4-be05-bfb9cf30240d: new RaftServerImpl for group-D82398C36925:[ce3173c5-5540-4385-8231-d133d6b995d8:192.168.30.55:35537, 0ae06c2c-b65e-4bd4-be05-bfb9cf30240d:192.168.30.55:32960, 0216f0c8-24d4-43bc-be04-ed9ede0b1d6e:192.168.30.55:34819] with ContainerStateMachine:uninitialized
2019-10-06 01:04:10,495 [pool-729-thread-1] INFO  storage.RaftStorageDirectory (RaftStorageDirectory.java:analyzeStorage(246)) - The storage directory /workdir/hadoop-ozone/integration-test/target/test-dir/MiniOzoneClusterImpl-a4005199-553d-4e0b-bbff-cd07ceedfb02/datanode-5/data/ratis/9abe7fd2-a867-47fb-be72-d82398c36925 does not exist. Creating ...
2019-10-06 01:04:10,495 [pool-739-thread-1] INFO  server.RaftServerConfigKeys (ConfUtils.java:logGet(43)) - raft.server.rpc.timeout.min = 5s (custom)
2019-10-06 01:04:10,495 [pool-719-thread-1] INFO  server.RaftServerConfigKeys (ConfUtils.java:logGet(43)) - raft.server.rpcslowness.timeout = 120s (custom)
2019-10-06 01:04:10,495 [pool-739-thread-1] INFO  server.RaftServerConfigKeys (ConfUtils.java:logGet(43)) - raft.server.rpc.timeout.max = 5200ms (custom)
2019-10-06 01:04:10,495 [pool-719-thread-1] INFO  server.RaftServerConfigKeys (ConfUtils.java:logGet(43)) - raft.server.sleep.deviation.threshold = 300 (default)
2019-10-06 01:04:10,495 [pool-739-thread-1] INFO  server.RaftServerConfigKeys (ConfUtils.java:logGet(43)) - raft.server.rpcslowness.timeout = 120s (custom)
2019-10-06 01:04:10,495 [pool-719-thread-1] INFO  server.RaftServerConfigKeys (ConfUtils.java:logGet(43)) - raft.server.log.appender.install.snapshot.enabled = false (custom)
2019-10-06 01:04:10,496 [pool-739-thread-1] INFO  server.RaftServerConfigKeys (ConfUtils.java:logGet(43)) - raft.server.sleep.deviation.threshold = 300 (default)
2019-10-06 01:04:10,496 [pool-719-thread-1] INFO  impl.RaftServerImpl (ServerState.java:<init>(103)) - 0216f0c8-24d4-43bc-be04-ed9ede0b1d6e@group-D82398C36925: ConfigurationManager, init=-1: [ce3173c5-5540-4385-8231-d133d6b995d8:192.168.30.55:35537, 0ae06c2c-b65e-4bd4-be05-bfb9cf30240d:192.168.30.55:32960, 0216f0c8-24d4-43bc-be04-ed9ede0b1d6e:192.168.30.55:34819], old=null, confs=<EMPTY_MAP>
2019-10-06 01:04:10,496 [pool-739-thread-1] INFO  server.RaftServerConfigKeys (ConfUtils.java:logGet(43)) - raft.server.log.appender.install.snapshot.enabled = false (custom)
2019-10-06 01:04:10,496 [pool-719-thread-1] INFO  server.RaftServerConfigKeys (ConfUtils.java:logGet(43)) - raft.server.storage.dir = [/workdir/hadoop-ozone/integration-test/target/test-dir/MiniOzoneClusterImpl-a4005199-553d-4e0b-bbff-cd07ceedfb02/datanode-4/data/ratis] (custom)
2019-10-06 01:04:10,496 [pool-739-thread-1] INFO  impl.RaftServerImpl (ServerState.java:<init>(103)) - 0ae06c2c-b65e-4bd4-be05-bfb9cf30240d@group-D82398C36925: ConfigurationManager, init=-1: [ce3173c5-5540-4385-8231-d133d6b995d8:192.168.30.55:35537, 0ae06c2c-b65e-4bd4-be05-bfb9cf30240d:192.168.30.55:32960, 0216f0c8-24d4-43bc-be04-ed9ede0b1d6e:192.168.30.55:34819], old=null, confs=<EMPTY_MAP>
2019-10-06 01:04:10,496 [pool-739-thread-1] INFO  server.RaftServerConfigKeys (ConfUtils.java:logGet(43)) - raft.server.storage.dir = [/workdir/hadoop-ozone/integration-test/target/test-dir/MiniOzoneClusterImpl-a4005199-553d-4e0b-bbff-cd07ceedfb02/datanode-6/data/ratis] (custom)
2019-10-06 01:04:10,496 [pool-719-thread-1] INFO  server.RaftServerConfigKeys (ConfUtils.java:logGet(43)) - raft.server.log.corruption.policy = EXCEPTION (default)
2019-10-06 01:04:10,496 [pool-739-thread-1] INFO  server.RaftServerConfigKeys (ConfUtils.java:logGet(43)) - raft.server.log.corruption.policy = EXCEPTION (default)
2019-10-06 01:04:10,497 [pool-719-thread-1] INFO  storage.RaftStorageDirectory (RaftStorageDirectory.java:analyzeStorage(246)) - The storage directory /workdir/hadoop-ozone/integration-test/target/test-dir/MiniOzoneClusterImpl-a4005199-553d-4e0b-bbff-cd07ceedfb02/datanode-4/data/ratis/9abe7fd2-a867-47fb-be72-d82398c36925 does not exist. Creating ...
2019-10-06 01:04:10,497 [pool-739-thread-1] INFO  storage.RaftStorageDirectory (RaftStorageDirectory.java:analyzeStorage(246)) - The storage directory /workdir/hadoop-ozone/integration-test/target/test-dir/MiniOzoneClusterImpl-a4005199-553d-4e0b-bbff-cd07ceedfb02/datanode-6/data/ratis/9abe7fd2-a867-47fb-be72-d82398c36925 does not exist. Creating ...
2019-10-06 01:04:10,508 [pool-739-thread-1] INFO  storage.RaftStorageDirectory (RaftStorageDirectory.java:tryLock(328)) - Lock on /workdir/hadoop-ozone/integration-test/target/test-dir/MiniOzoneClusterImpl-a4005199-553d-4e0b-bbff-cd07ceedfb02/datanode-6/data/ratis/9abe7fd2-a867-47fb-be72-d82398c36925/in_use.lock acquired by nodename 24930@pr-hdds-2233-w5czk-1584650955
2019-10-06 01:04:10,508 [pool-719-thread-1] INFO  storage.RaftStorageDirectory (RaftStorageDirectory.java:tryLock(328)) - Lock on /workdir/hadoop-ozone/integration-test/target/test-dir/MiniOzoneClusterImpl-a4005199-553d-4e0b-bbff-cd07ceedfb02/datanode-4/data/ratis/9abe7fd2-a867-47fb-be72-d82398c36925/in_use.lock acquired by nodename 24930@pr-hdds-2233-w5czk-1584650955
2019-10-06 01:04:10,508 [pool-729-thread-1] INFO  storage.RaftStorageDirectory (RaftStorageDirectory.java:tryLock(328)) - Lock on /workdir/hadoop-ozone/integration-test/target/test-dir/MiniOzoneClusterImpl-a4005199-553d-4e0b-bbff-cd07ceedfb02/datanode-5/data/ratis/9abe7fd2-a867-47fb-be72-d82398c36925/in_use.lock acquired by nodename 24930@pr-hdds-2233-w5czk-1584650955
2019-10-06 01:04:10,719 [pool-739-thread-1] INFO  storage.RaftStorage (RaftStorage.java:format(84)) - Storage directory /workdir/hadoop-ozone/integration-test/target/test-dir/MiniOzoneClusterImpl-a4005199-553d-4e0b-bbff-cd07ceedfb02/datanode-6/data/ratis/9abe7fd2-a867-47fb-be72-d82398c36925 has been successfully formatted.
2019-10-06 01:04:10,725 [pool-729-thread-1] INFO  storage.RaftStorage (RaftStorage.java:format(84)) - Storage directory /workdir/hadoop-ozone/integration-test/target/test-dir/MiniOzoneClusterImpl-a4005199-553d-4e0b-bbff-cd07ceedfb02/datanode-5/data/ratis/9abe7fd2-a867-47fb-be72-d82398c36925 has been successfully formatted.
2019-10-06 01:04:10,725 [pool-719-thread-1] INFO  storage.RaftStorage (RaftStorage.java:format(84)) - Storage directory /workdir/hadoop-ozone/integration-test/target/test-dir/MiniOzoneClusterImpl-a4005199-553d-4e0b-bbff-cd07ceedfb02/datanode-4/data/ratis/9abe7fd2-a867-47fb-be72-d82398c36925 has been successfully formatted.
2019-10-06 01:04:10,735 [pool-739-thread-1] INFO  ratis.ContainerStateMachine (ContainerStateMachine.java:loadSnapshot(230)) - group-D82398C36925: The snapshot info is null. Setting the last applied indexto:(t:0, i:~)
2019-10-06 01:04:10,740 [pool-719-thread-1] INFO  ratis.ContainerStateMachine (ContainerStateMachine.java:loadSnapshot(230)) - group-D82398C36925: The snapshot info is null. Setting the last applied indexto:(t:0, i:~)
2019-10-06 01:04:10,740 [pool-729-thread-1] INFO  ratis.ContainerStateMachine (ContainerStateMachine.java:loadSnapshot(230)) - group-D82398C36925: The snapshot info is null. Setting the last applied indexto:(t:0, i:~)
2019-10-06 01:04:10,746 [pool-719-thread-1] INFO  server.RaftServerConfigKeys (ConfUtils.java:logGet(43)) - raft.server.notification.no-leader.timeout = 120s (custom)
2019-10-06 01:04:10,741 [pool-739-thread-1] INFO  server.RaftServerConfigKeys (ConfUtils.java:logGet(43)) - raft.server.notification.no-leader.timeout = 120s (custom)
2019-10-06 01:04:10,764 [pool-739-thread-1] INFO  server.RaftServerConfigKeys (ConfUtils.java:logGet(43)) - raft.server.log.use.memory = false (default)
2019-10-06 01:04:10,759 [pool-719-thread-1] INFO  server.RaftServerConfigKeys (ConfUtils.java:logGet(43)) - raft.server.log.use.memory = false (default)
2019-10-06 01:04:10,751 [pool-729-thread-1] INFO  server.RaftServerConfigKeys (ConfUtils.java:logGet(43)) - raft.server.notification.no-leader.timeout = 120s (custom)
2019-10-06 01:04:10,777 [pool-729-thread-1] INFO  server.RaftServerConfigKeys (ConfUtils.java:logGet(43)) - raft.server.log.use.memory = false (default)
2019-10-06 01:04:10,773 [pool-719-thread-1] INFO  server.RaftServerConfigKeys (ConfUtils.java:logGet(43)) - raft.server.log.purge.gap = 1000000 (custom)
2019-10-06 01:04:10,773 [pool-739-thread-1] INFO  server.RaftServerConfigKeys (ConfUtils.java:logGet(43)) - raft.server.log.purge.gap = 1000000 (custom)
2019-10-06 01:04:10,791 [pool-719-thread-1] INFO  server.RaftServerConfigKeys (ConfUtils.java:logGet(43)) - raft.server.log.appender.buffer.byte-limit = 33554432 (custom)
2019-10-06 01:04:10,786 [pool-729-thread-1] INFO  server.RaftServerConfigKeys (ConfUtils.java:logGet(43)) - raft.server.log.purge.gap = 1000000 (custom)
2019-10-06 01:04:10,795 [pool-719-thread-1] INFO  server.RaftServerConfigKeys (ConfUtils.java:logGet(43)) - raft.server.log.segment.size.max = 1048576 (custom)
2019-10-06 01:04:10,791 [pool-739-thread-1] INFO  server.RaftServerConfigKeys (ConfUtils.java:logGet(43)) - raft.server.log.appender.buffer.byte-limit = 33554432 (custom)
2019-10-06 01:04:10,802 [pool-719-thread-1] INFO  server.RaftServerConfigKeys (ConfUtils.java:logGet(43)) - raft.server.log.segment.cache.num.max = 2 (custom)
2019-10-06 01:04:10,799 [pool-729-thread-1] INFO  server.RaftServerConfigKeys (ConfUtils.java:logGet(43)) - raft.server.log.appender.buffer.byte-limit = 33554432 (custom)
2019-10-06 01:04:10,803 [pool-719-thread-1] INFO  segmented.SegmentedRaftLogWorker (SegmentedRaftLogWorker.java:<init>(173)) - new 0216f0c8-24d4-43bc-be04-ed9ede0b1d6e@group-D82398C36925-SegmentedRaftLogWorker for RaftStorage:Storage Directory /workdir/hadoop-ozone/integration-test/target/test-dir/MiniOzoneClusterImpl-a4005199-553d-4e0b-bbff-cd07ceedfb02/datanode-4/data/ratis/9abe7fd2-a867-47fb-be72-d82398c36925
2019-10-06 01:04:10,802 [pool-739-thread-1] INFO  server.RaftServerConfigKeys (ConfUtils.java:logGet(43)) - raft.server.log.segment.size.max = 1048576 (custom)
2019-10-06 01:04:10,805 [pool-719-thread-1] INFO  server.RaftServerConfigKeys (ConfUtils.java:logGet(43)) - raft.server.log.queue.byte-limit = 2147483647 (custom)
2019-10-06 01:04:10,805 [pool-729-thread-1] INFO  server.RaftServerConfigKeys (ConfUtils.java:logGet(43)) - raft.server.log.segment.size.max = 1048576 (custom)
2019-10-06 01:04:10,806 [pool-719-thread-1] INFO  server.RaftServerConfigKeys (ConfUtils.java:logGet(43)) - raft.server.log.queue.element-limit = 1024 (custom)
2019-10-06 01:04:10,806 [pool-739-thread-1] INFO  server.RaftServerConfigKeys (ConfUtils.java:logGet(43)) - raft.server.log.segment.cache.num.max = 2 (custom)
2019-10-06 01:04:10,809 [pool-719-thread-1] INFO  server.RaftServerConfigKeys (ConfUtils.java:logGet(43)) - raft.server.log.segment.size.max = 1048576 (custom)
2019-10-06 01:04:10,806 [pool-729-thread-1] INFO  server.RaftServerConfigKeys (ConfUtils.java:logGet(43)) - raft.server.log.segment.cache.num.max = 2 (custom)
2019-10-06 01:04:10,884 [pool-719-thread-1] INFO  server.RaftServerConfigKeys (ConfUtils.java:logGet(43)) - raft.server.log.preallocated.size = 16384 (custom)
2019-10-06 01:04:10,884 [pool-739-thread-1] INFO  segmented.SegmentedRaftLogWorker (SegmentedRaftLogWorker.java:<init>(173)) - new 0ae06c2c-b65e-4bd4-be05-bfb9cf30240d@group-D82398C36925-SegmentedRaftLogWorker for RaftStorage:Storage Directory /workdir/hadoop-ozone/integration-test/target/test-dir/MiniOzoneClusterImpl-a4005199-553d-4e0b-bbff-cd07ceedfb02/datanode-6/data/ratis/9abe7fd2-a867-47fb-be72-d82398c36925
2019-10-06 01:04:10,884 [pool-719-thread-1] INFO  server.RaftServerConfigKeys (ConfUtils.java:logGet(43)) - raft.server.log.write.buffer.size = 33554432 (custom)
2019-10-06 01:04:10,884 [pool-729-thread-1] INFO  segmented.SegmentedRaftLogWorker (SegmentedRaftLogWorker.java:<init>(173)) - new ce3173c5-5540-4385-8231-d133d6b995d8@group-D82398C36925-SegmentedRaftLogWorker for RaftStorage:Storage Directory /workdir/hadoop-ozone/integration-test/target/test-dir/MiniOzoneClusterImpl-a4005199-553d-4e0b-bbff-cd07ceedfb02/datanode-5/data/ratis/9abe7fd2-a867-47fb-be72-d82398c36925
2019-10-06 01:04:10,885 [pool-719-thread-1] INFO  server.RaftServerConfigKeys (ConfUtils.java:logGet(43)) - raft.server.log.force.sync.num = 128 (default)
2019-10-06 01:04:10,885 [pool-739-thread-1] INFO  server.RaftServerConfigKeys (ConfUtils.java:logGet(43)) - raft.server.log.queue.byte-limit = 2147483647 (custom)
2019-10-06 01:04:10,885 [pool-719-thread-1] INFO  server.RaftServerConfigKeys (ConfUtils.java:logGet(43)) - raft.server.log.statemachine.data.sync = true (default)
2019-10-06 01:04:10,885 [pool-729-thread-1] INFO  server.RaftServerConfigKeys (ConfUtils.java:logGet(43)) - raft.server.log.queue.byte-limit = 2147483647 (custom)
2019-10-06 01:04:10,885 [pool-719-thread-1] INFO  server.RaftServerConfigKeys (ConfUtils.java:logGet(43)) - raft.server.log.statemachine.data.sync.timeout = 10s (default)
2019-10-06 01:04:10,885 [pool-739-thread-1] INFO  server.RaftServerConfigKeys (ConfUtils.java:logGet(43)) - raft.server.log.queue.element-limit = 1024 (custom)
2019-10-06 01:04:10,885 [pool-719-thread-1] INFO  server.RaftServerConfigKeys (ConfUtils.java:logGet(43)) - raft.server.log.statemachine.data.sync.timeout.retry = -1 (default)
2019-10-06 01:04:10,885 [pool-729-thread-1] INFO  server.RaftServerConfigKeys (ConfUtils.java:logGet(43)) - raft.server.log.queue.element-limit = 1024 (custom)
2019-10-06 01:04:10,885 [pool-719-thread-1] INFO  server.RaftServerConfigKeys (ConfUtils.java:logGet(43)) - raft.server.log.statemachine.data.caching.enabled = true (custom)
2019-10-06 01:04:10,885 [pool-739-thread-1] INFO  server.RaftServerConfigKeys (ConfUtils.java:logGet(43)) - raft.server.log.segment.size.max = 1048576 (custom)
2019-10-06 01:04:10,885 [pool-739-thread-1] INFO  server.RaftServerConfigKeys (ConfUtils.java:logGet(43)) - raft.server.log.preallocated.size = 16384 (custom)
2019-10-06 01:04:10,885 [pool-729-thread-1] INFO  server.RaftServerConfigKeys (ConfUtils.java:logGet(43)) - raft.server.log.segment.size.max = 1048576 (custom)
2019-10-06 01:04:10,886 [pool-719-thread-1] INFO  segmented.SegmentedRaftLogWorker (SegmentedRaftLogWorker.java:lambda$new$0(128)) - 0216f0c8-24d4-43bc-be04-ed9ede0b1d6e@group-D82398C36925-SegmentedRaftLogWorker: flushIndex: setUnconditionally 0 -> -1
2019-10-06 01:04:10,886 [pool-739-thread-1] INFO  server.RaftServerConfigKeys (ConfUtils.java:logGet(43)) - raft.server.log.write.buffer.size = 33554432 (custom)
2019-10-06 01:04:10,886 [pool-729-thread-1] INFO  server.RaftServerConfigKeys (ConfUtils.java:logGet(43)) - raft.server.log.preallocated.size = 16384 (custom)
2019-10-06 01:04:10,886 [pool-739-thread-1] INFO  server.RaftServerConfigKeys (ConfUtils.java:logGet(43)) - raft.server.log.force.sync.num = 128 (default)
2019-10-06 01:04:10,886 [pool-729-thread-1] INFO  server.RaftServerConfigKeys (ConfUtils.java:logGet(43)) - raft.server.log.write.buffer.size = 33554432 (custom)
2019-10-06 01:04:10,886 [pool-719-thread-1] INFO  server.RaftServerConfigKeys (ConfUtils.java:logGet(43)) - raft.server.snapshot.auto.trigger.enabled = true (custom)
2019-10-06 01:04:10,886 [pool-729-thread-1] INFO  server.RaftServerConfigKeys (ConfUtils.java:logGet(43)) - raft.server.log.force.sync.num = 128 (default)
2019-10-06 01:04:10,886 [pool-739-thread-1] INFO  server.RaftServerConfigKeys (ConfUtils.java:logGet(43)) - raft.server.log.statemachine.data.sync = true (default)
2019-10-06 01:04:10,886 [pool-729-thread-1] INFO  server.RaftServerConfigKeys (ConfUtils.java:logGet(43)) - raft.server.log.statemachine.data.sync = true (default)
2019-10-06 01:04:10,886 [pool-719-thread-1] INFO  server.RaftServerConfigKeys (ConfUtils.java:logGet(43)) - raft.server.snapshot.auto.trigger.threshold = 10000 (custom)
2019-10-06 01:04:10,886 [pool-729-thread-1] INFO  server.RaftServerConfigKeys (ConfUtils.java:logGet(43)) - raft.server.log.statemachine.data.sync.timeout = 10s (default)
2019-10-06 01:04:10,886 [pool-739-thread-1] INFO  server.RaftServerConfigKeys (ConfUtils.java:logGet(43)) - raft.server.log.statemachine.data.sync.timeout = 10s (default)
2019-10-06 01:04:10,887 [pool-729-thread-1] INFO  server.RaftServerConfigKeys (ConfUtils.java:logGet(43)) - raft.server.log.statemachine.data.sync.timeout.retry = -1 (default)
2019-10-06 01:04:10,886 [pool-719-thread-1] INFO  server.RaftServerConfigKeys (ConfUtils.java:logGet(43)) - raft.server.snapshot.retention.file.num = 5 (custom)
2019-10-06 01:04:10,887 [pool-729-thread-1] INFO  server.RaftServerConfigKeys (ConfUtils.java:logGet(43)) - raft.server.log.statemachine.data.caching.enabled = true (custom)
2019-10-06 01:04:10,887 [pool-739-thread-1] INFO  server.RaftServerConfigKeys (ConfUtils.java:logGet(43)) - raft.server.log.statemachine.data.sync.timeout.retry = -1 (default)
2019-10-06 01:04:10,887 [pool-729-thread-1] INFO  segmented.SegmentedRaftLogWorker (SegmentedRaftLogWorker.java:lambda$new$0(128)) - ce3173c5-5540-4385-8231-d133d6b995d8@group-D82398C36925-SegmentedRaftLogWorker: flushIndex: setUnconditionally 0 -> -1
2019-10-06 01:04:10,887 [pool-719-thread-1] INFO  server.RaftServerConfigKeys (ConfUtils.java:logGet(43)) - raft.server.retrycache.expirytime = 600000ms (custom)
2019-10-06 01:04:10,887 [pool-739-thread-1] INFO  server.RaftServerConfigKeys (ConfUtils.java:logGet(43)) - raft.server.log.statemachine.data.caching.enabled = true (custom)
2019-10-06 01:04:10,887 [pool-729-thread-1] INFO  server.RaftServerConfigKeys (ConfUtils.java:logGet(43)) - raft.server.snapshot.auto.trigger.enabled = true (custom)
2019-10-06 01:04:10,887 [pool-729-thread-1] INFO  server.RaftServerConfigKeys (ConfUtils.java:logGet(43)) - raft.server.snapshot.auto.trigger.threshold = 10000 (custom)
2019-10-06 01:04:10,887 [pool-739-thread-1] INFO  segmented.SegmentedRaftLogWorker (SegmentedRaftLogWorker.java:lambda$new$0(128)) - 0ae06c2c-b65e-4bd4-be05-bfb9cf30240d@group-D82398C36925-SegmentedRaftLogWorker: flushIndex: setUnconditionally 0 -> -1
2019-10-06 01:04:10,887 [pool-729-thread-1] INFO  server.RaftServerConfigKeys (ConfUtils.java:logGet(43)) - raft.server.snapshot.retention.file.num = 5 (custom)
2019-10-06 01:04:10,888 [pool-739-thread-1] INFO  server.RaftServerConfigKeys (ConfUtils.java:logGet(43)) - raft.server.snapshot.auto.trigger.enabled = true (custom)
2019-10-06 01:04:10,888 [pool-739-thread-1] INFO  server.RaftServerConfigKeys (ConfUtils.java:logGet(43)) - raft.server.snapshot.auto.trigger.threshold = 10000 (custom)
2019-10-06 01:04:10,888 [pool-729-thread-1] INFO  server.RaftServerConfigKeys (ConfUtils.java:logGet(43)) - raft.server.retrycache.expirytime = 600000ms (custom)
2019-10-06 01:04:10,888 [pool-739-thread-1] INFO  server.RaftServerConfigKeys (ConfUtils.java:logGet(43)) - raft.server.snapshot.retention.file.num = 5 (custom)
2019-10-06 01:04:10,888 [pool-739-thread-1] INFO  server.RaftServerConfigKeys (ConfUtils.java:logGet(43)) - raft.server.retrycache.expirytime = 600000ms (custom)
2019-10-06 01:04:10,889 [pool-719-thread-1] INFO  impl.RaftServerImpl (RaftServerImpl.java:start(181)) - 0216f0c8-24d4-43bc-be04-ed9ede0b1d6e@group-D82398C36925: start as a follower, conf=-1: [ce3173c5-5540-4385-8231-d133d6b995d8:192.168.30.55:35537, 0ae06c2c-b65e-4bd4-be05-bfb9cf30240d:192.168.30.55:32960, 0216f0c8-24d4-43bc-be04-ed9ede0b1d6e:192.168.30.55:34819], old=null
2019-10-06 01:04:10,890 [pool-719-thread-1] INFO  impl.RaftServerImpl (RaftServerImpl.java:setRole(170)) - 0216f0c8-24d4-43bc-be04-ed9ede0b1d6e@group-D82398C36925: changes role from      null to FOLLOWER at term 0 for startAsFollower
2019-10-06 01:04:10,890 [pool-719-thread-1] INFO  impl.RoleInfo (RoleInfo.java:updateAndGet(143)) - 0216f0c8-24d4-43bc-be04-ed9ede0b1d6e: start FollowerState
2019-10-06 01:04:10,890 [pool-719-thread-1] INFO  util.JmxRegister (JmxRegister.java:tryRegister(44)) - Successfully registered JMX Bean with object name Ratis:service=RaftServer,group=group-D82398C36925,id=0216f0c8-24d4-43bc-be04-ed9ede0b1d6e
2019-10-06 01:04:10,890 [pool-729-thread-1] INFO  impl.RaftServerImpl (RaftServerImpl.java:start(181)) - ce3173c5-5540-4385-8231-d133d6b995d8@group-D82398C36925: start as a follower, conf=-1: [ce3173c5-5540-4385-8231-d133d6b995d8:192.168.30.55:35537, 0ae06c2c-b65e-4bd4-be05-bfb9cf30240d:192.168.30.55:32960, 0216f0c8-24d4-43bc-be04-ed9ede0b1d6e:192.168.30.55:34819], old=null
2019-10-06 01:04:10,890 [pool-739-thread-1] INFO  impl.RaftServerImpl (RaftServerImpl.java:start(181)) - 0ae06c2c-b65e-4bd4-be05-bfb9cf30240d@group-D82398C36925: start as a follower, conf=-1: [ce3173c5-5540-4385-8231-d133d6b995d8:192.168.30.55:35537, 0ae06c2c-b65e-4bd4-be05-bfb9cf30240d:192.168.30.55:32960, 0216f0c8-24d4-43bc-be04-ed9ede0b1d6e:192.168.30.55:34819], old=null
2019-10-06 01:04:10,890 [pool-729-thread-1] INFO  impl.RaftServerImpl (RaftServerImpl.java:setRole(170)) - ce3173c5-5540-4385-8231-d133d6b995d8@group-D82398C36925: changes role from      null to FOLLOWER at term 0 for startAsFollower
2019-10-06 01:04:10,890 [pool-739-thread-1] INFO  impl.RaftServerImpl (RaftServerImpl.java:setRole(170)) - 0ae06c2c-b65e-4bd4-be05-bfb9cf30240d@group-D82398C36925: changes role from      null to FOLLOWER at term 0 for startAsFollower
2019-10-06 01:04:10,890 [pool-729-thread-1] INFO  impl.RoleInfo (RoleInfo.java:updateAndGet(143)) - ce3173c5-5540-4385-8231-d133d6b995d8: start FollowerState
2019-10-06 01:04:10,890 [pool-739-thread-1] INFO  impl.RoleInfo (RoleInfo.java:updateAndGet(143)) - 0ae06c2c-b65e-4bd4-be05-bfb9cf30240d: start FollowerState
2019-10-06 01:04:10,891 [pool-729-thread-1] INFO  util.JmxRegister (JmxRegister.java:tryRegister(44)) - Successfully registered JMX Bean with object name Ratis:service=RaftServer,group=group-D82398C36925,id=ce3173c5-5540-4385-8231-d133d6b995d8
2019-10-06 01:04:10,891 [pool-739-thread-1] INFO  util.JmxRegister (JmxRegister.java:tryRegister(44)) - Successfully registered JMX Bean with object name Ratis:service=RaftServer,group=group-D82398C36925,id=0ae06c2c-b65e-4bd4-be05-bfb9cf30240d
2019-10-06 01:04:10,934 [RatisPipelineUtilsThread] INFO  pipeline.PipelineStateManager (PipelineStateManager.java:addPipeline(56)) - Created pipeline Pipeline[ Id: 9abe7fd2-a867-47fb-be72-d82398c36925, Nodes: ce3173c5-5540-4385-8231-d133d6b995d8{ip: 192.168.30.55, host: pr-hdds-2233-w5czk-1584650955, networkLocation: /default-rack, certSerialId: null}0ae06c2c-b65e-4bd4-be05-bfb9cf30240d{ip: 192.168.30.55, host: pr-hdds-2233-w5czk-1584650955, networkLocation: /default-rack, certSerialId: null}0216f0c8-24d4-43bc-be04-ed9ede0b1d6e{ip: 192.168.30.55, host: pr-hdds-2233-w5czk-1584650955, networkLocation: /default-rack, certSerialId: null}, Type:RATIS, Factor:THREE, State:OPEN]
2019-10-06 01:04:12,946 [Thread-4610] INFO  container.ReplicationManager (ReplicationManager.java:start(162)) - Starting Replication Monitor Thread.
2019-10-06 01:04:12,951 [ReplicationMonitor] INFO  container.ReplicationManager (ReplicationManager.java:run(225)) - Replication Monitor Thread took 1 milliseconds for processing 1 containers.
2019-10-06 01:04:15,065 [Thread-4612] INFO  impl.FollowerState (FollowerState.java:run(108)) - fae8fe5f-3f5a-4647-a1dd-1848d738c051@group-75249F8F455D-FollowerState: change to CANDIDATE, lastRpcTime:5069ms, electionTimeout:5066ms
2019-10-06 01:04:15,066 [Thread-4612] INFO  impl.RoleInfo (RoleInfo.java:shutdownFollowerState(121)) - fae8fe5f-3f5a-4647-a1dd-1848d738c051: shutdown FollowerState
2019-10-06 01:04:15,066 [Thread-4612] INFO  impl.RaftServerImpl (RaftServerImpl.java:setRole(170)) - fae8fe5f-3f5a-4647-a1dd-1848d738c051@group-75249F8F455D: changes role from  FOLLOWER to CANDIDATE at term 0 for changeToCandidate
2019-10-06 01:04:15,069 [Thread-4612] INFO  impl.RoleInfo (RoleInfo.java:updateAndGet(143)) - fae8fe5f-3f5a-4647-a1dd-1848d738c051: start LeaderElection
2019-10-06 01:04:15,079 [Thread-4615] INFO  impl.FollowerState (FollowerState.java:run(108)) - 14a49e7b-821a-4fd4-a08d-8b5118141aad@group-E1264D7A8C54-FollowerState: change to CANDIDATE, lastRpcTime:5024ms, electionTimeout:5023ms
2019-10-06 01:04:15,080 [Thread-4615] INFO  impl.RoleInfo (RoleInfo.java:shutdownFollowerState(121)) - 14a49e7b-821a-4fd4-a08d-8b5118141aad: shutdown FollowerState
2019-10-06 01:04:15,080 [Thread-4615] INFO  impl.RaftServerImpl (RaftServerImpl.java:setRole(170)) - 14a49e7b-821a-4fd4-a08d-8b5118141aad@group-E1264D7A8C54: changes role from  FOLLOWER to CANDIDATE at term 0 for changeToCandidate
2019-10-06 01:04:15,080 [Thread-4615] INFO  impl.RoleInfo (RoleInfo.java:updateAndGet(143)) - 14a49e7b-821a-4fd4-a08d-8b5118141aad: start LeaderElection
2019-10-06 01:04:15,113 [fae8fe5f-3f5a-4647-a1dd-1848d738c051@group-75249F8F455D-LeaderElection108] INFO  impl.LeaderElection (LeaderElection.java:askForVotes(178)) - fae8fe5f-3f5a-4647-a1dd-1848d738c051@group-75249F8F455D-LeaderElection108: begin an election at term 1 for -1: [fae8fe5f-3f5a-4647-a1dd-1848d738c051:192.168.30.55:45977], old=null
2019-10-06 01:04:15,113 [14a49e7b-821a-4fd4-a08d-8b5118141aad@group-E1264D7A8C54-LeaderElection109] INFO  impl.LeaderElection (LeaderElection.java:askForVotes(178)) - 14a49e7b-821a-4fd4-a08d-8b5118141aad@group-E1264D7A8C54-LeaderElection109: begin an election at term 1 for -1: [14a49e7b-821a-4fd4-a08d-8b5118141aad:192.168.30.55:43101], old=null
2019-10-06 01:04:15,114 [14a49e7b-821a-4fd4-a08d-8b5118141aad@group-E1264D7A8C54-LeaderElection109] INFO  impl.RoleInfo (RoleInfo.java:shutdownLeaderElection(134)) - 14a49e7b-821a-4fd4-a08d-8b5118141aad: shutdown LeaderElection
2019-10-06 01:04:15,114 [fae8fe5f-3f5a-4647-a1dd-1848d738c051@group-75249F8F455D-LeaderElection108] INFO  impl.RoleInfo (RoleInfo.java:shutdownLeaderElection(134)) - fae8fe5f-3f5a-4647-a1dd-1848d738c051: shutdown LeaderElection
2019-10-06 01:04:15,114 [14a49e7b-821a-4fd4-a08d-8b5118141aad@group-E1264D7A8C54-LeaderElection109] INFO  impl.RaftServerImpl (RaftServerImpl.java:setRole(170)) - 14a49e7b-821a-4fd4-a08d-8b5118141aad@group-E1264D7A8C54: changes role from CANDIDATE to LEADER at term 1 for changeToLeader
2019-10-06 01:04:15,114 [fae8fe5f-3f5a-4647-a1dd-1848d738c051@group-75249F8F455D-LeaderElection108] INFO  impl.RaftServerImpl (RaftServerImpl.java:setRole(170)) - fae8fe5f-3f5a-4647-a1dd-1848d738c051@group-75249F8F455D: changes role from CANDIDATE to LEADER at term 1 for changeToLeader
2019-10-06 01:04:15,114 [14a49e7b-821a-4fd4-a08d-8b5118141aad@group-E1264D7A8C54-LeaderElection109] INFO  impl.RaftServerImpl (ServerState.java:setLeader(255)) - 14a49e7b-821a-4fd4-a08d-8b5118141aad@group-E1264D7A8C54: change Leader from null to 14a49e7b-821a-4fd4-a08d-8b5118141aad at term 1 for becomeLeader, leader elected after 5064ms
2019-10-06 01:04:15,114 [fae8fe5f-3f5a-4647-a1dd-1848d738c051@group-75249F8F455D-LeaderElection108] INFO  impl.RaftServerImpl (ServerState.java:setLeader(255)) - fae8fe5f-3f5a-4647-a1dd-1848d738c051@group-75249F8F455D: change Leader from null to fae8fe5f-3f5a-4647-a1dd-1848d738c051 at term 1 for becomeLeader, leader elected after 5126ms
2019-10-06 01:04:15,114 [14a49e7b-821a-4fd4-a08d-8b5118141aad@group-E1264D7A8C54-LeaderElection109] INFO  server.RaftServerConfigKeys (ConfUtils.java:logGet(43)) - raft.server.staging.catchup.gap = 1000 (default)
2019-10-06 01:04:15,114 [fae8fe5f-3f5a-4647-a1dd-1848d738c051@group-75249F8F455D-LeaderElection108] INFO  server.RaftServerConfigKeys (ConfUtils.java:logGet(43)) - raft.server.staging.catchup.gap = 1000 (default)
2019-10-06 01:04:15,114 [14a49e7b-821a-4fd4-a08d-8b5118141aad@group-E1264D7A8C54-LeaderElection109] INFO  server.RaftServerConfigKeys (ConfUtils.java:logGet(43)) - raft.server.rpc.sleep.time = 25ms (default)
2019-10-06 01:04:15,114 [fae8fe5f-3f5a-4647-a1dd-1848d738c051@group-75249F8F455D-LeaderElection108] INFO  server.RaftServerConfigKeys (ConfUtils.java:logGet(43)) - raft.server.rpc.sleep.time = 25ms (default)
2019-10-06 01:04:15,115 [14a49e7b-821a-4fd4-a08d-8b5118141aad@group-E1264D7A8C54-LeaderElection109] INFO  server.RaftServerConfigKeys (ConfUtils.java:logGet(43)) - raft.server.write.element-limit = 4096 (default)
2019-10-06 01:04:15,115 [fae8fe5f-3f5a-4647-a1dd-1848d738c051@group-75249F8F455D-LeaderElection108] INFO  server.RaftServerConfigKeys (ConfUtils.java:logGet(43)) - raft.server.write.element-limit = 4096 (default)
2019-10-06 01:04:15,115 [14a49e7b-821a-4fd4-a08d-8b5118141aad@group-E1264D7A8C54-LeaderElection109] INFO  server.RaftServerConfigKeys (ConfUtils.java:logGet(43)) - raft.server.watch.timeout = 10s (default)
2019-10-06 01:04:15,115 [fae8fe5f-3f5a-4647-a1dd-1848d738c051@group-75249F8F455D-LeaderElection108] INFO  server.RaftServerConfigKeys (ConfUtils.java:logGet(43)) - raft.server.watch.timeout = 10s (default)
2019-10-06 01:04:15,115 [14a49e7b-821a-4fd4-a08d-8b5118141aad@group-E1264D7A8C54-LeaderElection109] INFO  server.RaftServerConfigKeys (ConfUtils.java:logGet(43)) - raft.server.watch.timeout.denomination = 1s (default)
2019-10-06 01:04:15,115 [fae8fe5f-3f5a-4647-a1dd-1848d738c051@group-75249F8F455D-LeaderElection108] INFO  server.RaftServerConfigKeys (ConfUtils.java:logGet(43)) - raft.server.watch.timeout.denomination = 1s (default)
2019-10-06 01:04:15,115 [14a49e7b-821a-4fd4-a08d-8b5118141aad@group-E1264D7A8C54-LeaderElection109] INFO  server.RaftServerConfigKeys (ConfUtils.java:logGet(43)) - raft.server.watch.element-limit = 65536 (default)
2019-10-06 01:04:15,115 [fae8fe5f-3f5a-4647-a1dd-1848d738c051@group-75249F8F455D-LeaderElection108] INFO  server.RaftServerConfigKeys (ConfUtils.java:logGet(43)) - raft.server.watch.element-limit = 65536 (default)
2019-10-06 01:04:15,118 [fae8fe5f-3f5a-4647-a1dd-1848d738c051@group-75249F8F455D-LeaderElection108] INFO  impl.RoleInfo (RoleInfo.java:updateAndGet(143)) - fae8fe5f-3f5a-4647-a1dd-1848d738c051: start LeaderState
2019-10-06 01:04:15,118 [14a49e7b-821a-4fd4-a08d-8b5118141aad@group-E1264D7A8C54-LeaderElection109] INFO  impl.RoleInfo (RoleInfo.java:updateAndGet(143)) - 14a49e7b-821a-4fd4-a08d-8b5118141aad: start LeaderState
2019-10-06 01:04:15,119 [fae8fe5f-3f5a-4647-a1dd-1848d738c051@group-75249F8F455D-LeaderElection108] INFO  segmented.SegmentedRaftLogWorker (SegmentedRaftLogWorker.java:startLogSegment(385)) - fae8fe5f-3f5a-4647-a1dd-1848d738c051@group-75249F8F455D-SegmentedRaftLogWorker: Starting segment from index:0
2019-10-06 01:04:15,119 [14a49e7b-821a-4fd4-a08d-8b5118141aad@group-E1264D7A8C54-LeaderElection109] INFO  segmented.SegmentedRaftLogWorker (SegmentedRaftLogWorker.java:startLogSegment(385)) - 14a49e7b-821a-4fd4-a08d-8b5118141aad@group-E1264D7A8C54-SegmentedRaftLogWorker: Starting segment from index:0
2019-10-06 01:04:15,120 [14a49e7b-821a-4fd4-a08d-8b5118141aad@group-E1264D7A8C54-LeaderElection109] INFO  impl.RaftServerImpl (ServerState.java:setRaftConf(356)) - 14a49e7b-821a-4fd4-a08d-8b5118141aad@group-E1264D7A8C54: set configuration 0: [14a49e7b-821a-4fd4-a08d-8b5118141aad:192.168.30.55:43101], old=null at 0
2019-10-06 01:04:15,120 [fae8fe5f-3f5a-4647-a1dd-1848d738c051@group-75249F8F455D-LeaderElection108] INFO  impl.RaftServerImpl (ServerState.java:setRaftConf(356)) - fae8fe5f-3f5a-4647-a1dd-1848d738c051@group-75249F8F455D: set configuration 0: [fae8fe5f-3f5a-4647-a1dd-1848d738c051:192.168.30.55:45977], old=null at 0
2019-10-06 01:04:15,169 [14a49e7b-821a-4fd4-a08d-8b5118141aad@group-E1264D7A8C54-SegmentedRaftLogWorker] INFO  segmented.SegmentedRaftLogWorker (SegmentedRaftLogWorker.java:execute(574)) - 14a49e7b-821a-4fd4-a08d-8b5118141aad@group-E1264D7A8C54-SegmentedRaftLogWorker: created new log segment /workdir/hadoop-ozone/integration-test/target/test-dir/MiniOzoneClusterImpl-a4005199-553d-4e0b-bbff-cd07ceedfb02/datanode-1/data/ratis/d15e4efd-4176-4650-bc92-e1264d7a8c54/current/log_inprogress_0
2019-10-06 01:04:15,169 [fae8fe5f-3f5a-4647-a1dd-1848d738c051@group-75249F8F455D-SegmentedRaftLogWorker] INFO  segmented.SegmentedRaftLogWorker (SegmentedRaftLogWorker.java:execute(574)) - fae8fe5f-3f5a-4647-a1dd-1848d738c051@group-75249F8F455D-SegmentedRaftLogWorker: created new log segment /workdir/hadoop-ozone/integration-test/target/test-dir/MiniOzoneClusterImpl-a4005199-553d-4e0b-bbff-cd07ceedfb02/datanode-0/data/ratis/2917a791-bdbb-4b36-a1fb-75249f8f455d/current/log_inprogress_0
2019-10-06 01:04:15,185 [Thread-4624] INFO  impl.FollowerState (FollowerState.java:run(108)) - 14a49e7b-821a-4fd4-a08d-8b5118141aad@group-BDA2D04995FF-FollowerState: change to CANDIDATE, lastRpcTime:5021ms, electionTimeout:5021ms
2019-10-06 01:04:15,185 [Thread-4624] INFO  impl.RoleInfo (RoleInfo.java:shutdownFollowerState(121)) - 14a49e7b-821a-4fd4-a08d-8b5118141aad: shutdown FollowerState
2019-10-06 01:04:15,185 [Thread-4624] INFO  impl.RaftServerImpl (RaftServerImpl.java:setRole(170)) - 14a49e7b-821a-4fd4-a08d-8b5118141aad@group-BDA2D04995FF: changes role from  FOLLOWER to CANDIDATE at term 0 for changeToCandidate
2019-10-06 01:04:15,185 [Thread-4624] INFO  impl.RoleInfo (RoleInfo.java:updateAndGet(143)) - 14a49e7b-821a-4fd4-a08d-8b5118141aad: start LeaderElection
2019-10-06 01:04:15,196 [Thread-4618] INFO  impl.FollowerState (FollowerState.java:run(108)) - dd43951f-fd9b-40ce-9d54-abf1e172228e@group-2178BD10A9FA-FollowerState: change to CANDIDATE, lastRpcTime:5090ms, electionTimeout:5090ms
2019-10-06 01:04:15,196 [Thread-4618] INFO  impl.RoleInfo (RoleInfo.java:shutdownFollowerState(121)) - dd43951f-fd9b-40ce-9d54-abf1e172228e: shutdown FollowerState
2019-10-06 01:04:15,196 [Thread-4618] INFO  impl.RaftServerImpl (RaftServerImpl.java:setRole(170)) - dd43951f-fd9b-40ce-9d54-abf1e172228e@group-2178BD10A9FA: changes role from  FOLLOWER to CANDIDATE at term 0 for changeToCandidate
2019-10-06 01:04:15,196 [Thread-4618] INFO  impl.RoleInfo (RoleInfo.java:updateAndGet(143)) - dd43951f-fd9b-40ce-9d54-abf1e172228e: start LeaderElection
2019-10-06 01:04:15,203 [14a49e7b-821a-4fd4-a08d-8b5118141aad@group-BDA2D04995FF-LeaderElection110] INFO  impl.LeaderElection (LeaderElection.java:askForVotes(178)) - 14a49e7b-821a-4fd4-a08d-8b5118141aad@group-BDA2D04995FF-LeaderElection110: begin an election at term 1 for -1: [14a49e7b-821a-4fd4-a08d-8b5118141aad:192.168.30.55:43101, fae8fe5f-3f5a-4647-a1dd-1848d738c051:192.168.30.55:45977, dd43951f-fd9b-40ce-9d54-abf1e172228e:192.168.30.55:34936], old=null
2019-10-06 01:04:15,207 [grpc-default-executor-6] INFO  impl.RaftServerImpl (RaftServerImpl.java:setRole(170)) - fae8fe5f-3f5a-4647-a1dd-1848d738c051@group-BDA2D04995FF: changes role from  FOLLOWER to FOLLOWER at term 1 for recognizeCandidate:14a49e7b-821a-4fd4-a08d-8b5118141aad
2019-10-06 01:04:15,207 [grpc-default-executor-2] INFO  impl.RaftServerImpl (RaftServerImpl.java:setRole(170)) - dd43951f-fd9b-40ce-9d54-abf1e172228e@group-BDA2D04995FF: changes role from  FOLLOWER to FOLLOWER at term 1 for recognizeCandidate:14a49e7b-821a-4fd4-a08d-8b5118141aad
2019-10-06 01:04:15,207 [grpc-default-executor-6] INFO  impl.RoleInfo (RoleInfo.java:shutdownFollowerState(121)) - fae8fe5f-3f5a-4647-a1dd-1848d738c051: shutdown FollowerState
2019-10-06 01:04:15,207 [grpc-default-executor-2] INFO  impl.RoleInfo (RoleInfo.java:shutdownFollowerState(121)) - dd43951f-fd9b-40ce-9d54-abf1e172228e: shutdown FollowerState
2019-10-06 01:04:15,208 [grpc-default-executor-6] INFO  impl.RoleInfo (RoleInfo.java:updateAndGet(143)) - fae8fe5f-3f5a-4647-a1dd-1848d738c051: start FollowerState
2019-10-06 01:04:15,208 [grpc-default-executor-2] INFO  impl.RoleInfo (RoleInfo.java:updateAndGet(143)) - dd43951f-fd9b-40ce-9d54-abf1e172228e: start FollowerState
2019-10-06 01:04:15,208 [Thread-4622] INFO  impl.FollowerState (FollowerState.java:run(117)) - fae8fe5f-3f5a-4647-a1dd-1848d738c051@group-BDA2D04995FF-FollowerState was interrupted: java.lang.InterruptedException: sleep interrupted
2019-10-06 01:04:15,208 [Thread-4626] INFO  impl.FollowerState (FollowerState.java:run(117)) - dd43951f-fd9b-40ce-9d54-abf1e172228e@group-BDA2D04995FF-FollowerState was interrupted: java.lang.InterruptedException: sleep interrupted
2019-10-06 01:04:15,226 [dd43951f-fd9b-40ce-9d54-abf1e172228e@group-2178BD10A9FA-LeaderElection111] INFO  impl.LeaderElection (LeaderElection.java:askForVotes(178)) - dd43951f-fd9b-40ce-9d54-abf1e172228e@group-2178BD10A9FA-LeaderElection111: begin an election at term 1 for -1: [dd43951f-fd9b-40ce-9d54-abf1e172228e:192.168.30.55:34936], old=null
2019-10-06 01:04:15,226 [dd43951f-fd9b-40ce-9d54-abf1e172228e@group-2178BD10A9FA-LeaderElection111] INFO  impl.RoleInfo (RoleInfo.java:shutdownLeaderElection(134)) - dd43951f-fd9b-40ce-9d54-abf1e172228e: shutdown LeaderElection
2019-10-06 01:04:15,226 [dd43951f-fd9b-40ce-9d54-abf1e172228e@group-2178BD10A9FA-LeaderElection111] INFO  impl.RaftServerImpl (RaftServerImpl.java:setRole(170)) - dd43951f-fd9b-40ce-9d54-abf1e172228e@group-2178BD10A9FA: changes role from CANDIDATE to LEADER at term 1 for changeToLeader
2019-10-06 01:04:15,226 [dd43951f-fd9b-40ce-9d54-abf1e172228e@group-2178BD10A9FA-LeaderElection111] INFO  impl.RaftServerImpl (ServerState.java:setLeader(255)) - dd43951f-fd9b-40ce-9d54-abf1e172228e@group-2178BD10A9FA: change Leader from null to dd43951f-fd9b-40ce-9d54-abf1e172228e at term 1 for becomeLeader, leader elected after 5124ms
2019-10-06 01:04:15,239 [dd43951f-fd9b-40ce-9d54-abf1e172228e@group-2178BD10A9FA-LeaderElection111] INFO  server.RaftServerConfigKeys (ConfUtils.java:logGet(43)) - raft.server.staging.catchup.gap = 1000 (default)
2019-10-06 01:04:15,239 [dd43951f-fd9b-40ce-9d54-abf1e172228e@group-2178BD10A9FA-LeaderElection111] INFO  server.RaftServerConfigKeys (ConfUtils.java:logGet(43)) - raft.server.rpc.sleep.time = 25ms (default)
2019-10-06 01:04:15,239 [14a49e7b-821a-4fd4-a08d-8b5118141aad@group-BDA2D04995FF-LeaderElection110] INFO  impl.LeaderElection (LeaderElection.java:logAndReturn(56)) - 14a49e7b-821a-4fd4-a08d-8b5118141aad@group-BDA2D04995FF-LeaderElection110: Election PASSED; received 1 response(s) [14a49e7b-821a-4fd4-a08d-8b5118141aad<-fae8fe5f-3f5a-4647-a1dd-1848d738c051#0:OK-t1] and 0 exception(s); 14a49e7b-821a-4fd4-a08d-8b5118141aad@group-BDA2D04995FF:t1, leader=null, voted=14a49e7b-821a-4fd4-a08d-8b5118141aad, raftlog=14a49e7b-821a-4fd4-a08d-8b5118141aad@group-BDA2D04995FF-SegmentedRaftLog:OPENED:c-1,f-1,i0, conf=-1: [14a49e7b-821a-4fd4-a08d-8b5118141aad:192.168.30.55:43101, fae8fe5f-3f5a-4647-a1dd-1848d738c051:192.168.30.55:45977, dd43951f-fd9b-40ce-9d54-abf1e172228e:192.168.30.55:34936], old=null
2019-10-06 01:04:15,239 [dd43951f-fd9b-40ce-9d54-abf1e172228e@group-2178BD10A9FA-LeaderElection111] INFO  server.RaftServerConfigKeys (ConfUtils.java:logGet(43)) - raft.server.write.element-limit = 4096 (default)
2019-10-06 01:04:15,239 [14a49e7b-821a-4fd4-a08d-8b5118141aad@group-BDA2D04995FF-LeaderElection110] INFO  impl.RoleInfo (RoleInfo.java:shutdownLeaderElection(134)) - 14a49e7b-821a-4fd4-a08d-8b5118141aad: shutdown LeaderElection
2019-10-06 01:04:15,239 [dd43951f-fd9b-40ce-9d54-abf1e172228e@group-2178BD10A9FA-LeaderElection111] INFO  server.RaftServerConfigKeys (ConfUtils.java:logGet(43)) - raft.server.watch.timeout = 10s (default)
2019-10-06 01:04:15,243 [14a49e7b-821a-4fd4-a08d-8b5118141aad@group-BDA2D04995FF-LeaderElection110] INFO  impl.RaftServerImpl (RaftServerImpl.java:setRole(170)) - 14a49e7b-821a-4fd4-a08d-8b5118141aad@group-BDA2D04995FF: changes role from CANDIDATE to LEADER at term 1 for changeToLeader
2019-10-06 01:04:15,243 [dd43951f-fd9b-40ce-9d54-abf1e172228e@group-2178BD10A9FA-LeaderElection111] INFO  server.RaftServerConfigKeys (ConfUtils.java:logGet(43)) - raft.server.watch.timeout.denomination = 1s (default)
2019-10-06 01:04:15,243 [14a49e7b-821a-4fd4-a08d-8b5118141aad@group-BDA2D04995FF-LeaderElection110] INFO  impl.RaftServerImpl (ServerState.java:setLeader(255)) - 14a49e7b-821a-4fd4-a08d-8b5118141aad@group-BDA2D04995FF: change Leader from null to 14a49e7b-821a-4fd4-a08d-8b5118141aad at term 1 for becomeLeader, leader elected after 5089ms
2019-10-06 01:04:15,243 [dd43951f-fd9b-40ce-9d54-abf1e172228e@group-2178BD10A9FA-LeaderElection111] INFO  server.RaftServerConfigKeys (ConfUtils.java:logGet(43)) - raft.server.watch.element-limit = 65536 (default)
2019-10-06 01:04:15,243 [14a49e7b-821a-4fd4-a08d-8b5118141aad@group-BDA2D04995FF-LeaderElection110] INFO  server.RaftServerConfigKeys (ConfUtils.java:logGet(43)) - raft.server.staging.catchup.gap = 1000 (default)
2019-10-06 01:04:15,244 [14a49e7b-821a-4fd4-a08d-8b5118141aad@group-BDA2D04995FF-LeaderElection110] INFO  server.RaftServerConfigKeys (ConfUtils.java:logGet(43)) - raft.server.rpc.sleep.time = 25ms (default)
2019-10-06 01:04:15,244 [14a49e7b-821a-4fd4-a08d-8b5118141aad@group-BDA2D04995FF-LeaderElection110] INFO  server.RaftServerConfigKeys (ConfUtils.java:logGet(43)) - raft.server.write.element-limit = 4096 (default)
2019-10-06 01:04:15,244 [14a49e7b-821a-4fd4-a08d-8b5118141aad@group-BDA2D04995FF-LeaderElection110] INFO  server.RaftServerConfigKeys (ConfUtils.java:logGet(43)) - raft.server.watch.timeout = 10s (default)
2019-10-06 01:04:15,244 [14a49e7b-821a-4fd4-a08d-8b5118141aad@group-BDA2D04995FF-LeaderElection110] INFO  server.RaftServerConfigKeys (ConfUtils.java:logGet(43)) - raft.server.watch.timeout.denomination = 1s (default)
2019-10-06 01:04:15,244 [14a49e7b-821a-4fd4-a08d-8b5118141aad@group-BDA2D04995FF-LeaderElection110] INFO  server.RaftServerConfigKeys (ConfUtils.java:logGet(43)) - raft.server.watch.element-limit = 65536 (default)
2019-10-06 01:04:15,245 [dd43951f-fd9b-40ce-9d54-abf1e172228e@group-2178BD10A9FA-LeaderElection111] INFO  impl.RoleInfo (RoleInfo.java:updateAndGet(143)) - dd43951f-fd9b-40ce-9d54-abf1e172228e: start LeaderState
2019-10-06 01:04:15,245 [dd43951f-fd9b-40ce-9d54-abf1e172228e@group-2178BD10A9FA-LeaderElection111] INFO  segmented.SegmentedRaftLogWorker (SegmentedRaftLogWorker.java:startLogSegment(385)) - dd43951f-fd9b-40ce-9d54-abf1e172228e@group-2178BD10A9FA-SegmentedRaftLogWorker: Starting segment from index:0
2019-10-06 01:04:15,246 [dd43951f-fd9b-40ce-9d54-abf1e172228e@group-2178BD10A9FA-LeaderElection111] INFO  impl.RaftServerImpl (ServerState.java:setRaftConf(356)) - dd43951f-fd9b-40ce-9d54-abf1e172228e@group-2178BD10A9FA: set configuration 0: [dd43951f-fd9b-40ce-9d54-abf1e172228e:192.168.30.55:34936], old=null at 0
2019-10-06 01:04:15,247 [14a49e7b-821a-4fd4-a08d-8b5118141aad@group-BDA2D04995FF-LeaderElection110] INFO  server.RaftServerConfigKeys (ConfUtils.java:logGet(43)) - raft.server.log.appender.snapshot.chunk.size.max = 16MB (=16777216) (default)
2019-10-06 01:04:15,247 [14a49e7b-821a-4fd4-a08d-8b5118141aad@group-BDA2D04995FF-LeaderElection110] INFO  server.RaftServerConfigKeys (ConfUtils.java:logGet(43)) - raft.server.log.appender.buffer.byte-limit = 33554432 (custom)
2019-10-06 01:04:15,248 [14a49e7b-821a-4fd4-a08d-8b5118141aad@group-BDA2D04995FF-LeaderElection110] INFO  server.RaftServerConfigKeys (ConfUtils.java:logGet(43)) - raft.server.log.appender.buffer.element-limit = 1 (custom)
2019-10-06 01:04:15,248 [14a49e7b-821a-4fd4-a08d-8b5118141aad@group-BDA2D04995FF-LeaderElection110] INFO  grpc.GrpcConfigKeys$Server (ConfUtils.java:logGet(43)) - raft.grpc.server.leader.outstanding.appends.max = 128 (default)
2019-10-06 01:04:15,248 [14a49e7b-821a-4fd4-a08d-8b5118141aad@group-BDA2D04995FF-LeaderElection110] INFO  server.RaftServerConfigKeys (ConfUtils.java:logGet(43)) - raft.server.rpc.request.timeout = 3000ms (default)
2019-10-06 01:04:15,248 [14a49e7b-821a-4fd4-a08d-8b5118141aad@group-BDA2D04995FF-LeaderElection110] INFO  server.RaftServerConfigKeys (ConfUtils.java:logGet(43)) - raft.server.log.appender.install.snapshot.enabled = false (custom)
2019-10-06 01:04:15,248 [14a49e7b-821a-4fd4-a08d-8b5118141aad@group-BDA2D04995FF-LeaderElection110] INFO  server.RaftServerConfigKeys (ConfUtils.java:logGet(43)) - raft.server.log.appender.snapshot.chunk.size.max = 16MB (=16777216) (default)
2019-10-06 01:04:15,249 [14a49e7b-821a-4fd4-a08d-8b5118141aad@group-BDA2D04995FF-LeaderElection110] INFO  server.RaftServerConfigKeys (ConfUtils.java:logGet(43)) - raft.server.log.appender.buffer.byte-limit = 33554432 (custom)
2019-10-06 01:04:15,249 [14a49e7b-821a-4fd4-a08d-8b5118141aad@group-BDA2D04995FF-LeaderElection110] INFO  server.RaftServerConfigKeys (ConfUtils.java:logGet(43)) - raft.server.log.appender.buffer.element-limit = 1 (custom)
2019-10-06 01:04:15,249 [14a49e7b-821a-4fd4-a08d-8b5118141aad@group-BDA2D04995FF-LeaderElection110] INFO  grpc.GrpcConfigKeys$Server (ConfUtils.java:logGet(43)) - raft.grpc.server.leader.outstanding.appends.max = 128 (default)
2019-10-06 01:04:15,249 [14a49e7b-821a-4fd4-a08d-8b5118141aad@group-BDA2D04995FF-LeaderElection110] INFO  server.RaftServerConfigKeys (ConfUtils.java:logGet(43)) - raft.server.rpc.request.timeout = 3000ms (default)
2019-10-06 01:04:15,249 [14a49e7b-821a-4fd4-a08d-8b5118141aad@group-BDA2D04995FF-LeaderElection110] INFO  server.RaftServerConfigKeys (ConfUtils.java:logGet(43)) - raft.server.log.appender.install.snapshot.enabled = false (custom)
2019-10-06 01:04:15,250 [14a49e7b-821a-4fd4-a08d-8b5118141aad@group-BDA2D04995FF-LeaderElection110] INFO  impl.RoleInfo (RoleInfo.java:updateAndGet(143)) - 14a49e7b-821a-4fd4-a08d-8b5118141aad: start LeaderState
2019-10-06 01:04:15,250 [14a49e7b-821a-4fd4-a08d-8b5118141aad@group-BDA2D04995FF-LeaderElection110] INFO  segmented.SegmentedRaftLogWorker (SegmentedRaftLogWorker.java:startLogSegment(385)) - 14a49e7b-821a-4fd4-a08d-8b5118141aad@group-BDA2D04995FF-SegmentedRaftLogWorker: Starting segment from index:0
2019-10-06 01:04:15,251 [14a49e7b-821a-4fd4-a08d-8b5118141aad@group-BDA2D04995FF-LeaderElection110] INFO  impl.RaftServerImpl (ServerState.java:setRaftConf(356)) - 14a49e7b-821a-4fd4-a08d-8b5118141aad@group-BDA2D04995FF: set configuration 0: [14a49e7b-821a-4fd4-a08d-8b5118141aad:192.168.30.55:43101, fae8fe5f-3f5a-4647-a1dd-1848d738c051:192.168.30.55:45977, dd43951f-fd9b-40ce-9d54-abf1e172228e:192.168.30.55:34936], old=null at 0
2019-10-06 01:04:15,284 [grpc-default-executor-2] INFO  impl.RaftServerImpl (ServerState.java:setLeader(255)) - dd43951f-fd9b-40ce-9d54-abf1e172228e@group-BDA2D04995FF: change Leader from null to 14a49e7b-821a-4fd4-a08d-8b5118141aad at term 1 for appendEntries, leader elected after 5130ms
2019-10-06 01:04:15,285 [grpc-default-executor-6] INFO  impl.RaftServerImpl (ServerState.java:setLeader(255)) - fae8fe5f-3f5a-4647-a1dd-1848d738c051@group-BDA2D04995FF: change Leader from null to 14a49e7b-821a-4fd4-a08d-8b5118141aad at term 1 for appendEntries, leader elected after 5130ms
2019-10-06 01:04:15,291 [grpc-default-executor-6] INFO  impl.RaftServerImpl (ServerState.java:setRaftConf(356)) - fae8fe5f-3f5a-4647-a1dd-1848d738c051@group-BDA2D04995FF: set configuration 0: [14a49e7b-821a-4fd4-a08d-8b5118141aad:192.168.30.55:43101, fae8fe5f-3f5a-4647-a1dd-1848d738c051:192.168.30.55:45977, dd43951f-fd9b-40ce-9d54-abf1e172228e:192.168.30.55:34936], old=null at 0
2019-10-06 01:04:15,291 [grpc-default-executor-6] INFO  segmented.SegmentedRaftLogWorker (SegmentedRaftLogWorker.java:startLogSegment(385)) - fae8fe5f-3f5a-4647-a1dd-1848d738c051@group-BDA2D04995FF-SegmentedRaftLogWorker: Starting segment from index:0
2019-10-06 01:04:15,291 [grpc-default-executor-2] INFO  impl.RaftServerImpl (ServerState.java:setRaftConf(356)) - dd43951f-fd9b-40ce-9d54-abf1e172228e@group-BDA2D04995FF: set configuration 0: [14a49e7b-821a-4fd4-a08d-8b5118141aad:192.168.30.55:43101, fae8fe5f-3f5a-4647-a1dd-1848d738c051:192.168.30.55:45977, dd43951f-fd9b-40ce-9d54-abf1e172228e:192.168.30.55:34936], old=null at 0
2019-10-06 01:04:15,291 [grpc-default-executor-2] INFO  segmented.SegmentedRaftLogWorker (SegmentedRaftLogWorker.java:startLogSegment(385)) - dd43951f-fd9b-40ce-9d54-abf1e172228e@group-BDA2D04995FF-SegmentedRaftLogWorker: Starting segment from index:0
2019-10-06 01:04:15,296 [14a49e7b-821a-4fd4-a08d-8b5118141aad@group-BDA2D04995FF-SegmentedRaftLogWorker] INFO  segmented.SegmentedRaftLogWorker (SegmentedRaftLogWorker.java:execute(574)) - 14a49e7b-821a-4fd4-a08d-8b5118141aad@group-BDA2D04995FF-SegmentedRaftLogWorker: created new log segment /workdir/hadoop-ozone/integration-test/target/test-dir/MiniOzoneClusterImpl-a4005199-553d-4e0b-bbff-cd07ceedfb02/datanode-1/data/ratis/5c7ef566-a996-485b-a13b-bda2d04995ff/current/log_inprogress_0
2019-10-06 01:04:15,296 [dd43951f-fd9b-40ce-9d54-abf1e172228e@group-2178BD10A9FA-SegmentedRaftLogWorker] INFO  segmented.SegmentedRaftLogWorker (SegmentedRaftLogWorker.java:execute(574)) - dd43951f-fd9b-40ce-9d54-abf1e172228e@group-2178BD10A9FA-SegmentedRaftLogWorker: created new log segment /workdir/hadoop-ozone/integration-test/target/test-dir/MiniOzoneClusterImpl-a4005199-553d-4e0b-bbff-cd07ceedfb02/datanode-2/data/ratis/0e3384c7-8ac4-4e53-954b-2178bd10a9fa/current/log_inprogress_0
2019-10-06 01:04:15,329 [fae8fe5f-3f5a-4647-a1dd-1848d738c051@group-BDA2D04995FF-SegmentedRaftLogWorker] INFO  segmented.SegmentedRaftLogWorker (SegmentedRaftLogWorker.java:execute(574)) - fae8fe5f-3f5a-4647-a1dd-1848d738c051@group-BDA2D04995FF-SegmentedRaftLogWorker: created new log segment /workdir/hadoop-ozone/integration-test/target/test-dir/MiniOzoneClusterImpl-a4005199-553d-4e0b-bbff-cd07ceedfb02/datanode-0/data/ratis/5c7ef566-a996-485b-a13b-bda2d04995ff/current/log_inprogress_0
2019-10-06 01:04:15,329 [dd43951f-fd9b-40ce-9d54-abf1e172228e@group-BDA2D04995FF-SegmentedRaftLogWorker] INFO  segmented.SegmentedRaftLogWorker (SegmentedRaftLogWorker.java:execute(574)) - dd43951f-fd9b-40ce-9d54-abf1e172228e@group-BDA2D04995FF-SegmentedRaftLogWorker: created new log segment /workdir/hadoop-ozone/integration-test/target/test-dir/MiniOzoneClusterImpl-a4005199-553d-4e0b-bbff-cd07ceedfb02/datanode-2/data/ratis/5c7ef566-a996-485b-a13b-bda2d04995ff/current/log_inprogress_0
2019-10-06 01:04:15,364 [Thread-4630] INFO  impl.FollowerState (FollowerState.java:run(108)) - 0216f0c8-24d4-43bc-be04-ed9ede0b1d6e@group-4481822BFD2F-FollowerState: change to CANDIDATE, lastRpcTime:5080ms, electionTimeout:5080ms
2019-10-06 01:04:15,365 [Thread-4630] INFO  impl.RoleInfo (RoleInfo.java:shutdownFollowerState(121)) - 0216f0c8-24d4-43bc-be04-ed9ede0b1d6e: shutdown FollowerState
2019-10-06 01:04:15,365 [Thread-4630] INFO  impl.RaftServerImpl (RaftServerImpl.java:setRole(170)) - 0216f0c8-24d4-43bc-be04-ed9ede0b1d6e@group-4481822BFD2F: changes role from  FOLLOWER to CANDIDATE at term 0 for changeToCandidate
2019-10-06 01:04:15,365 [Thread-4630] INFO  impl.RoleInfo (RoleInfo.java:updateAndGet(143)) - 0216f0c8-24d4-43bc-be04-ed9ede0b1d6e: start LeaderElection
2019-10-06 01:04:15,393 [0216f0c8-24d4-43bc-be04-ed9ede0b1d6e@group-4481822BFD2F-LeaderElection112] INFO  impl.LeaderElection (LeaderElection.java:askForVotes(178)) - 0216f0c8-24d4-43bc-be04-ed9ede0b1d6e@group-4481822BFD2F-LeaderElection112: begin an election at term 1 for -1: [0216f0c8-24d4-43bc-be04-ed9ede0b1d6e:192.168.30.55:34819], old=null
2019-10-06 01:04:15,393 [0216f0c8-24d4-43bc-be04-ed9ede0b1d6e@group-4481822BFD2F-LeaderElection112] INFO  impl.RoleInfo (RoleInfo.java:shutdownLeaderElection(134)) - 0216f0c8-24d4-43bc-be04-ed9ede0b1d6e: shutdown LeaderElection
2019-10-06 01:04:15,393 [0216f0c8-24d4-43bc-be04-ed9ede0b1d6e@group-4481822BFD2F-LeaderElection112] INFO  impl.RaftServerImpl (RaftServerImpl.java:setRole(170)) - 0216f0c8-24d4-43bc-be04-ed9ede0b1d6e@group-4481822BFD2F: changes role from CANDIDATE to LEADER at term 1 for changeToLeader
2019-10-06 01:04:15,393 [0216f0c8-24d4-43bc-be04-ed9ede0b1d6e@group-4481822BFD2F-LeaderElection112] INFO  impl.RaftServerImpl (ServerState.java:setLeader(255)) - 0216f0c8-24d4-43bc-be04-ed9ede0b1d6e@group-4481822BFD2F: change Leader from null to 0216f0c8-24d4-43bc-be04-ed9ede0b1d6e at term 1 for becomeLeader, leader elected after 5115ms
2019-10-06 01:04:15,393 [0216f0c8-24d4-43bc-be04-ed9ede0b1d6e@group-4481822BFD2F-LeaderElection112] INFO  server.RaftServerConfigKeys (ConfUtils.java:logGet(43)) - raft.server.staging.catchup.gap = 1000 (default)
2019-10-06 01:04:15,393 [0216f0c8-24d4-43bc-be04-ed9ede0b1d6e@group-4481822BFD2F-LeaderElection112] INFO  server.RaftServerConfigKeys (ConfUtils.java:logGet(43)) - raft.server.rpc.sleep.time = 25ms (default)
2019-10-06 01:04:15,393 [0216f0c8-24d4-43bc-be04-ed9ede0b1d6e@group-4481822BFD2F-LeaderElection112] INFO  server.RaftServerConfigKeys (ConfUtils.java:logGet(43)) - raft.server.write.element-limit = 4096 (default)
2019-10-06 01:04:15,394 [0216f0c8-24d4-43bc-be04-ed9ede0b1d6e@group-4481822BFD2F-LeaderElection112] INFO  server.RaftServerConfigKeys (ConfUtils.java:logGet(43)) - raft.server.watch.timeout = 10s (default)
2019-10-06 01:04:15,394 [0216f0c8-24d4-43bc-be04-ed9ede0b1d6e@group-4481822BFD2F-LeaderElection112] INFO  server.RaftServerConfigKeys (ConfUtils.java:logGet(43)) - raft.server.watch.timeout.denomination = 1s (default)
2019-10-06 01:04:15,394 [0216f0c8-24d4-43bc-be04-ed9ede0b1d6e@group-4481822BFD2F-LeaderElection112] INFO  server.RaftServerConfigKeys (ConfUtils.java:logGet(43)) - raft.server.watch.element-limit = 65536 (default)
2019-10-06 01:04:15,395 [0216f0c8-24d4-43bc-be04-ed9ede0b1d6e@group-4481822BFD2F-LeaderElection112] INFO  impl.RoleInfo (RoleInfo.java:updateAndGet(143)) - 0216f0c8-24d4-43bc-be04-ed9ede0b1d6e: start LeaderState
2019-10-06 01:04:15,396 [0216f0c8-24d4-43bc-be04-ed9ede0b1d6e@group-4481822BFD2F-LeaderElection112] INFO  segmented.SegmentedRaftLogWorker (SegmentedRaftLogWorker.java:startLogSegment(385)) - 0216f0c8-24d4-43bc-be04-ed9ede0b1d6e@group-4481822BFD2F-SegmentedRaftLogWorker: Starting segment from index:0
2019-10-06 01:04:15,396 [0216f0c8-24d4-43bc-be04-ed9ede0b1d6e@group-4481822BFD2F-LeaderElection112] INFO  impl.RaftServerImpl (ServerState.java:setRaftConf(356)) - 0216f0c8-24d4-43bc-be04-ed9ede0b1d6e@group-4481822BFD2F: set configuration 0: [0216f0c8-24d4-43bc-be04-ed9ede0b1d6e:192.168.30.55:34819], old=null at 0
2019-10-06 01:04:15,483 [Thread-4633] INFO  impl.FollowerState (FollowerState.java:run(108)) - 34df7c7d-467d-4e9b-b5d5-ec817f1ff900@group-AC86B05A2E6D-FollowerState: change to CANDIDATE, lastRpcTime:5141ms, electionTimeout:5141ms
2019-10-06 01:04:15,483 [Thread-4633] INFO  impl.RoleInfo (RoleInfo.java:shutdownFollowerState(121)) - 34df7c7d-467d-4e9b-b5d5-ec817f1ff900: shutdown FollowerState
2019-10-06 01:04:15,483 [Thread-4633] INFO  impl.RaftServerImpl (RaftServerImpl.java:setRole(170)) - 34df7c7d-467d-4e9b-b5d5-ec817f1ff900@group-AC86B05A2E6D: changes role from  FOLLOWER to CANDIDATE at term 0 for changeToCandidate
2019-10-06 01:04:15,483 [Thread-4633] INFO  impl.RoleInfo (RoleInfo.java:updateAndGet(143)) - 34df7c7d-467d-4e9b-b5d5-ec817f1ff900: start LeaderElection
2019-10-06 01:04:15,511 [0216f0c8-24d4-43bc-be04-ed9ede0b1d6e@group-4481822BFD2F-SegmentedRaftLogWorker] INFO  segmented.SegmentedRaftLogWorker (SegmentedRaftLogWorker.java:execute(574)) - 0216f0c8-24d4-43bc-be04-ed9ede0b1d6e@group-4481822BFD2F-SegmentedRaftLogWorker: created new log segment /workdir/hadoop-ozone/integration-test/target/test-dir/MiniOzoneClusterImpl-a4005199-553d-4e0b-bbff-cd07ceedfb02/datanode-4/data/ratis/7474801f-78c8-4887-86af-4481822bfd2f/current/log_inprogress_0
2019-10-06 01:04:15,511 [34df7c7d-467d-4e9b-b5d5-ec817f1ff900@group-AC86B05A2E6D-LeaderElection113] INFO  impl.LeaderElection (LeaderElection.java:askForVotes(178)) - 34df7c7d-467d-4e9b-b5d5-ec817f1ff900@group-AC86B05A2E6D-LeaderElection113: begin an election at term 1 for -1: [34df7c7d-467d-4e9b-b5d5-ec817f1ff900:192.168.30.55:36233], old=null
2019-10-06 01:04:15,511 [34df7c7d-467d-4e9b-b5d5-ec817f1ff900@group-AC86B05A2E6D-LeaderElection113] INFO  impl.RoleInfo (RoleInfo.java:shutdownLeaderElection(134)) - 34df7c7d-467d-4e9b-b5d5-ec817f1ff900: shutdown LeaderElection
2019-10-06 01:04:15,511 [34df7c7d-467d-4e9b-b5d5-ec817f1ff900@group-AC86B05A2E6D-LeaderElection113] INFO  impl.RaftServerImpl (RaftServerImpl.java:setRole(170)) - 34df7c7d-467d-4e9b-b5d5-ec817f1ff900@group-AC86B05A2E6D: changes role from CANDIDATE to LEADER at term 1 for changeToLeader
2019-10-06 01:04:15,511 [34df7c7d-467d-4e9b-b5d5-ec817f1ff900@group-AC86B05A2E6D-LeaderElection113] INFO  impl.RaftServerImpl (ServerState.java:setLeader(255)) - 34df7c7d-467d-4e9b-b5d5-ec817f1ff900@group-AC86B05A2E6D: change Leader from null to 34df7c7d-467d-4e9b-b5d5-ec817f1ff900 at term 1 for becomeLeader, leader elected after 5174ms
2019-10-06 01:04:15,511 [34df7c7d-467d-4e9b-b5d5-ec817f1ff900@group-AC86B05A2E6D-LeaderElection113] INFO  server.RaftServerConfigKeys (ConfUtils.java:logGet(43)) - raft.server.staging.catchup.gap = 1000 (default)
2019-10-06 01:04:15,512 [34df7c7d-467d-4e9b-b5d5-ec817f1ff900@group-AC86B05A2E6D-LeaderElection113] INFO  server.RaftServerConfigKeys (ConfUtils.java:logGet(43)) - raft.server.rpc.sleep.time = 25ms (default)
2019-10-06 01:04:15,512 [34df7c7d-467d-4e9b-b5d5-ec817f1ff900@group-AC86B05A2E6D-LeaderElection113] INFO  server.RaftServerConfigKeys (ConfUtils.java:logGet(43)) - raft.server.write.element-limit = 4096 (default)
2019-10-06 01:04:15,512 [34df7c7d-467d-4e9b-b5d5-ec817f1ff900@group-AC86B05A2E6D-LeaderElection113] INFO  server.RaftServerConfigKeys (ConfUtils.java:logGet(43)) - raft.server.watch.timeout = 10s (default)
2019-10-06 01:04:15,512 [34df7c7d-467d-4e9b-b5d5-ec817f1ff900@group-AC86B05A2E6D-LeaderElection113] INFO  server.RaftServerConfigKeys (ConfUtils.java:logGet(43)) - raft.server.watch.timeout.denomination = 1s (default)
2019-10-06 01:04:15,512 [34df7c7d-467d-4e9b-b5d5-ec817f1ff900@group-AC86B05A2E6D-LeaderElection113] INFO  server.RaftServerConfigKeys (ConfUtils.java:logGet(43)) - raft.server.watch.element-limit = 65536 (default)
2019-10-06 01:04:15,514 [34df7c7d-467d-4e9b-b5d5-ec817f1ff900@group-AC86B05A2E6D-LeaderElection113] INFO  impl.RoleInfo (RoleInfo.java:updateAndGet(143)) - 34df7c7d-467d-4e9b-b5d5-ec817f1ff900: start LeaderState
2019-10-06 01:04:15,514 [34df7c7d-467d-4e9b-b5d5-ec817f1ff900@group-AC86B05A2E6D-LeaderElection113] INFO  segmented.SegmentedRaftLogWorker (SegmentedRaftLogWorker.java:startLogSegment(385)) - 34df7c7d-467d-4e9b-b5d5-ec817f1ff900@group-AC86B05A2E6D-SegmentedRaftLogWorker: Starting segment from index:0
2019-10-06 01:04:15,515 [34df7c7d-467d-4e9b-b5d5-ec817f1ff900@group-AC86B05A2E6D-LeaderElection113] INFO  impl.RaftServerImpl (ServerState.java:setRaftConf(356)) - 34df7c7d-467d-4e9b-b5d5-ec817f1ff900@group-AC86B05A2E6D: set configuration 0: [34df7c7d-467d-4e9b-b5d5-ec817f1ff900:192.168.30.55:36233], old=null at 0
2019-10-06 01:04:15,523 [Thread-4641] INFO  impl.FollowerState (FollowerState.java:run(108)) - 0ae06c2c-b65e-4bd4-be05-bfb9cf30240d@group-3F5AE7CE192E-FollowerState: change to CANDIDATE, lastRpcTime:5064ms, electionTimeout:5064ms
2019-10-06 01:04:15,524 [Thread-4641] INFO  impl.RoleInfo (RoleInfo.java:shutdownFollowerState(121)) - 0ae06c2c-b65e-4bd4-be05-bfb9cf30240d: shutdown FollowerState
2019-10-06 01:04:15,524 [Thread-4641] INFO  impl.RaftServerImpl (RaftServerImpl.java:setRole(170)) - 0ae06c2c-b65e-4bd4-be05-bfb9cf30240d@group-3F5AE7CE192E: changes role from  FOLLOWER to CANDIDATE at term 0 for changeToCandidate
2019-10-06 01:04:15,524 [Thread-4641] INFO  impl.RoleInfo (RoleInfo.java:updateAndGet(143)) - 0ae06c2c-b65e-4bd4-be05-bfb9cf30240d: start LeaderElection
2019-10-06 01:04:15,569 [34df7c7d-467d-4e9b-b5d5-ec817f1ff900@group-AC86B05A2E6D-SegmentedRaftLogWorker] INFO  segmented.SegmentedRaftLogWorker (SegmentedRaftLogWorker.java:execute(574)) - 34df7c7d-467d-4e9b-b5d5-ec817f1ff900@group-AC86B05A2E6D-SegmentedRaftLogWorker: created new log segment /workdir/hadoop-ozone/integration-test/target/test-dir/MiniOzoneClusterImpl-a4005199-553d-4e0b-bbff-cd07ceedfb02/datanode-3/data/ratis/2216210b-e163-4ca4-bf2a-ac86b05a2e6d/current/log_inprogress_0
2019-10-06 01:04:15,569 [0ae06c2c-b65e-4bd4-be05-bfb9cf30240d@group-3F5AE7CE192E-LeaderElection114] INFO  impl.LeaderElection (LeaderElection.java:askForVotes(178)) - 0ae06c2c-b65e-4bd4-be05-bfb9cf30240d@group-3F5AE7CE192E-LeaderElection114: begin an election at term 1 for -1: [0ae06c2c-b65e-4bd4-be05-bfb9cf30240d:192.168.30.55:32960], old=null
2019-10-06 01:04:15,569 [0ae06c2c-b65e-4bd4-be05-bfb9cf30240d@group-3F5AE7CE192E-LeaderElection114] INFO  impl.RoleInfo (RoleInfo.java:shutdownLeaderElection(134)) - 0ae06c2c-b65e-4bd4-be05-bfb9cf30240d: shutdown LeaderElection
2019-10-06 01:04:15,569 [0ae06c2c-b65e-4bd4-be05-bfb9cf30240d@group-3F5AE7CE192E-LeaderElection114] INFO  impl.RaftServerImpl (RaftServerImpl.java:setRole(170)) - 0ae06c2c-b65e-4bd4-be05-bfb9cf30240d@group-3F5AE7CE192E: changes role from CANDIDATE to LEADER at term 1 for changeToLeader
2019-10-06 01:04:15,569 [0ae06c2c-b65e-4bd4-be05-bfb9cf30240d@group-3F5AE7CE192E-LeaderElection114] INFO  impl.RaftServerImpl (ServerState.java:setLeader(255)) - 0ae06c2c-b65e-4bd4-be05-bfb9cf30240d@group-3F5AE7CE192E: change Leader from null to 0ae06c2c-b65e-4bd4-be05-bfb9cf30240d at term 1 for becomeLeader, leader elected after 5115ms
2019-10-06 01:04:15,570 [0ae06c2c-b65e-4bd4-be05-bfb9cf30240d@group-3F5AE7CE192E-LeaderElection114] INFO  server.RaftServerConfigKeys (ConfUtils.java:logGet(43)) - raft.server.staging.catchup.gap = 1000 (default)
2019-10-06 01:04:15,570 [0ae06c2c-b65e-4bd4-be05-bfb9cf30240d@group-3F5AE7CE192E-LeaderElection114] INFO  server.RaftServerConfigKeys (ConfUtils.java:logGet(43)) - raft.server.rpc.sleep.time = 25ms (default)
2019-10-06 01:04:15,570 [0ae06c2c-b65e-4bd4-be05-bfb9cf30240d@group-3F5AE7CE192E-LeaderElection114] INFO  server.RaftServerConfigKeys (ConfUtils.java:logGet(43)) - raft.server.write.element-limit = 4096 (default)
2019-10-06 01:04:15,570 [0ae06c2c-b65e-4bd4-be05-bfb9cf30240d@group-3F5AE7CE192E-LeaderElection114] INFO  server.RaftServerConfigKeys (ConfUtils.java:logGet(43)) - raft.server.watch.timeout = 10s (default)
2019-10-06 01:04:15,570 [0ae06c2c-b65e-4bd4-be05-bfb9cf30240d@group-3F5AE7CE192E-LeaderElection114] INFO  server.RaftServerConfigKeys (ConfUtils.java:logGet(43)) - raft.server.watch.timeout.denomination = 1s (default)
2019-10-06 01:04:15,570 [0ae06c2c-b65e-4bd4-be05-bfb9cf30240d@group-3F5AE7CE192E-LeaderElection114] INFO  server.RaftServerConfigKeys (ConfUtils.java:logGet(43)) - raft.server.watch.element-limit = 65536 (default)
2019-10-06 01:04:15,572 [0ae06c2c-b65e-4bd4-be05-bfb9cf30240d@group-3F5AE7CE192E-LeaderElection114] INFO  impl.RoleInfo (RoleInfo.java:updateAndGet(143)) - 0ae06c2c-b65e-4bd4-be05-bfb9cf30240d: start LeaderState
2019-10-06 01:04:15,572 [0ae06c2c-b65e-4bd4-be05-bfb9cf30240d@group-3F5AE7CE192E-LeaderElection114] INFO  segmented.SegmentedRaftLogWorker (SegmentedRaftLogWorker.java:startLogSegment(385)) - 0ae06c2c-b65e-4bd4-be05-bfb9cf30240d@group-3F5AE7CE192E-SegmentedRaftLogWorker: Starting segment from index:0
2019-10-06 01:04:15,573 [0ae06c2c-b65e-4bd4-be05-bfb9cf30240d@group-3F5AE7CE192E-LeaderElection114] INFO  impl.RaftServerImpl (ServerState.java:setRaftConf(356)) - 0ae06c2c-b65e-4bd4-be05-bfb9cf30240d@group-3F5AE7CE192E: set configuration 0: [0ae06c2c-b65e-4bd4-be05-bfb9cf30240d:192.168.30.55:32960], old=null at 0
2019-10-06 01:04:15,586 [Thread-4638] INFO  impl.FollowerState (FollowerState.java:run(108)) - ce3173c5-5540-4385-8231-d133d6b995d8@group-E229413E40B4-FollowerState: change to CANDIDATE, lastRpcTime:5195ms, electionTimeout:5195ms
2019-10-06 01:04:15,586 [Thread-4638] INFO  impl.RoleInfo (RoleInfo.java:shutdownFollowerState(121)) - ce3173c5-5540-4385-8231-d133d6b995d8: shutdown FollowerState
2019-10-06 01:04:15,586 [Thread-4638] INFO  impl.RaftServerImpl (RaftServerImpl.java:setRole(170)) - ce3173c5-5540-4385-8231-d133d6b995d8@group-E229413E40B4: changes role from  FOLLOWER to CANDIDATE at term 0 for changeToCandidate
2019-10-06 01:04:15,587 [Thread-4638] INFO  impl.RoleInfo (RoleInfo.java:updateAndGet(143)) - ce3173c5-5540-4385-8231-d133d6b995d8: start LeaderElection
2019-10-06 01:04:15,628 [0ae06c2c-b65e-4bd4-be05-bfb9cf30240d@group-3F5AE7CE192E-SegmentedRaftLogWorker] INFO  segmented.SegmentedRaftLogWorker (SegmentedRaftLogWorker.java:execute(574)) - 0ae06c2c-b65e-4bd4-be05-bfb9cf30240d@group-3F5AE7CE192E-SegmentedRaftLogWorker: created new log segment /workdir/hadoop-ozone/integration-test/target/test-dir/MiniOzoneClusterImpl-a4005199-553d-4e0b-bbff-cd07ceedfb02/datanode-6/data/ratis/a9e470b7-8c0a-41f2-89c5-3f5ae7ce192e/current/log_inprogress_0
2019-10-06 01:04:15,628 [ce3173c5-5540-4385-8231-d133d6b995d8@group-E229413E40B4-LeaderElection115] INFO  impl.LeaderElection (LeaderElection.java:askForVotes(178)) - ce3173c5-5540-4385-8231-d133d6b995d8@group-E229413E40B4-LeaderElection115: begin an election at term 1 for -1: [ce3173c5-5540-4385-8231-d133d6b995d8:192.168.30.55:35537], old=null
2019-10-06 01:04:15,628 [ce3173c5-5540-4385-8231-d133d6b995d8@group-E229413E40B4-LeaderElection115] INFO  impl.RoleInfo (RoleInfo.java:shutdownLeaderElection(134)) - ce3173c5-5540-4385-8231-d133d6b995d8: shutdown LeaderElection
2019-10-06 01:04:15,628 [ce3173c5-5540-4385-8231-d133d6b995d8@group-E229413E40B4-LeaderElection115] INFO  impl.RaftServerImpl (RaftServerImpl.java:setRole(170)) - ce3173c5-5540-4385-8231-d133d6b995d8@group-E229413E40B4: changes role from CANDIDATE to LEADER at term 1 for changeToLeader
2019-10-06 01:04:15,628 [ce3173c5-5540-4385-8231-d133d6b995d8@group-E229413E40B4-LeaderElection115] INFO  impl.RaftServerImpl (ServerState.java:setLeader(255)) - ce3173c5-5540-4385-8231-d133d6b995d8@group-E229413E40B4: change Leader from null to ce3173c5-5540-4385-8231-d133d6b995d8 at term 1 for becomeLeader, leader elected after 5245ms
2019-10-06 01:04:15,628 [ce3173c5-5540-4385-8231-d133d6b995d8@group-E229413E40B4-LeaderElection115] INFO  server.RaftServerConfigKeys (ConfUtils.java:logGet(43)) - raft.server.staging.catchup.gap = 1000 (default)
2019-10-06 01:04:15,629 [ce3173c5-5540-4385-8231-d133d6b995d8@group-E229413E40B4-LeaderElection115] INFO  server.RaftServerConfigKeys (ConfUtils.java:logGet(43)) - raft.server.rpc.sleep.time = 25ms (default)
2019-10-06 01:04:15,629 [ce3173c5-5540-4385-8231-d133d6b995d8@group-E229413E40B4-LeaderElection115] INFO  server.RaftServerConfigKeys (ConfUtils.java:logGet(43)) - raft.server.write.element-limit = 4096 (default)
2019-10-06 01:04:15,629 [ce3173c5-5540-4385-8231-d133d6b995d8@group-E229413E40B4-LeaderElection115] INFO  server.RaftServerConfigKeys (ConfUtils.java:logGet(43)) - raft.server.watch.timeout = 10s (default)
2019-10-06 01:04:15,629 [ce3173c5-5540-4385-8231-d133d6b995d8@group-E229413E40B4-LeaderElection115] INFO  server.RaftServerConfigKeys (ConfUtils.java:logGet(43)) - raft.server.watch.timeout.denomination = 1s (default)
2019-10-06 01:04:15,629 [ce3173c5-5540-4385-8231-d133d6b995d8@group-E229413E40B4-LeaderElection115] INFO  server.RaftServerConfigKeys (ConfUtils.java:logGet(43)) - raft.server.watch.element-limit = 65536 (default)
2019-10-06 01:04:15,631 [ce3173c5-5540-4385-8231-d133d6b995d8@group-E229413E40B4-LeaderElection115] INFO  impl.RoleInfo (RoleInfo.java:updateAndGet(143)) - ce3173c5-5540-4385-8231-d133d6b995d8: start LeaderState
2019-10-06 01:04:15,631 [ce3173c5-5540-4385-8231-d133d6b995d8@group-E229413E40B4-LeaderElection115] INFO  segmented.SegmentedRaftLogWorker (SegmentedRaftLogWorker.java:startLogSegment(385)) - ce3173c5-5540-4385-8231-d133d6b995d8@group-E229413E40B4-SegmentedRaftLogWorker: Starting segment from index:0
2019-10-06 01:04:15,631 [ce3173c5-5540-4385-8231-d133d6b995d8@group-E229413E40B4-LeaderElection115] INFO  impl.RaftServerImpl (ServerState.java:setRaftConf(356)) - ce3173c5-5540-4385-8231-d133d6b995d8@group-E229413E40B4: set configuration 0: [ce3173c5-5540-4385-8231-d133d6b995d8:192.168.30.55:35537], old=null at 0
2019-10-06 01:04:15,667 [ce3173c5-5540-4385-8231-d133d6b995d8@group-E229413E40B4-SegmentedRaftLogWorker] INFO  segmented.SegmentedRaftLogWorker (SegmentedRaftLogWorker.java:execute(574)) - ce3173c5-5540-4385-8231-d133d6b995d8@group-E229413E40B4-SegmentedRaftLogWorker: created new log segment /workdir/hadoop-ozone/integration-test/target/test-dir/MiniOzoneClusterImpl-a4005199-553d-4e0b-bbff-cd07ceedfb02/datanode-5/data/ratis/470bdc14-73bb-46f6-b60a-e229413e40b4/current/log_inprogress_0
2019-10-06 01:04:15,921 [Thread-4650] INFO  impl.FollowerState (FollowerState.java:run(108)) - 0ae06c2c-b65e-4bd4-be05-bfb9cf30240d@group-D82398C36925-FollowerState: change to CANDIDATE, lastRpcTime:5030ms, electionTimeout:5030ms
2019-10-06 01:04:15,921 [Thread-4650] INFO  impl.RoleInfo (RoleInfo.java:shutdownFollowerState(121)) - 0ae06c2c-b65e-4bd4-be05-bfb9cf30240d: shutdown FollowerState
2019-10-06 01:04:15,921 [Thread-4650] INFO  impl.RaftServerImpl (RaftServerImpl.java:setRole(170)) - 0ae06c2c-b65e-4bd4-be05-bfb9cf30240d@group-D82398C36925: changes role from  FOLLOWER to CANDIDATE at term 0 for changeToCandidate
2019-10-06 01:04:15,921 [Thread-4650] INFO  impl.RoleInfo (RoleInfo.java:updateAndGet(143)) - 0ae06c2c-b65e-4bd4-be05-bfb9cf30240d: start LeaderElection
2019-10-06 01:04:15,941 [0ae06c2c-b65e-4bd4-be05-bfb9cf30240d@group-D82398C36925-LeaderElection116] INFO  impl.LeaderElection (LeaderElection.java:askForVotes(178)) - 0ae06c2c-b65e-4bd4-be05-bfb9cf30240d@group-D82398C36925-LeaderElection116: begin an election at term 1 for -1: [ce3173c5-5540-4385-8231-d133d6b995d8:192.168.30.55:35537, 0ae06c2c-b65e-4bd4-be05-bfb9cf30240d:192.168.30.55:32960, 0216f0c8-24d4-43bc-be04-ed9ede0b1d6e:192.168.30.55:34819], old=null
2019-10-06 01:04:15,947 [grpc-default-executor-6] INFO  impl.RaftServerImpl (RaftServerImpl.java:setRole(170)) - 0216f0c8-24d4-43bc-be04-ed9ede0b1d6e@group-D82398C36925: changes role from  FOLLOWER to FOLLOWER at term 1 for recognizeCandidate:0ae06c2c-b65e-4bd4-be05-bfb9cf30240d
2019-10-06 01:04:15,947 [grpc-default-executor-6] INFO  impl.RoleInfo (RoleInfo.java:shutdownFollowerState(121)) - 0216f0c8-24d4-43bc-be04-ed9ede0b1d6e: shutdown FollowerState
2019-10-06 01:04:15,949 [grpc-default-executor-2] INFO  impl.RaftServerImpl (RaftServerImpl.java:setRole(170)) - ce3173c5-5540-4385-8231-d133d6b995d8@group-D82398C36925: changes role from  FOLLOWER to FOLLOWER at term 1 for recognizeCandidate:0ae06c2c-b65e-4bd4-be05-bfb9cf30240d
2019-10-06 01:04:15,949 [grpc-default-executor-2] INFO  impl.RoleInfo (RoleInfo.java:shutdownFollowerState(121)) - ce3173c5-5540-4385-8231-d133d6b995d8: shutdown FollowerState
2019-10-06 01:04:15,949 [grpc-default-executor-6] INFO  impl.RoleInfo (RoleInfo.java:updateAndGet(143)) - 0216f0c8-24d4-43bc-be04-ed9ede0b1d6e: start FollowerState
2019-10-06 01:04:15,950 [grpc-default-executor-2] INFO  impl.RoleInfo (RoleInfo.java:updateAndGet(143)) - ce3173c5-5540-4385-8231-d133d6b995d8: start FollowerState
2019-10-06 01:04:15,950 [Thread-4648] INFO  impl.FollowerState (FollowerState.java:run(117)) - 0216f0c8-24d4-43bc-be04-ed9ede0b1d6e@group-D82398C36925-FollowerState was interrupted: java.lang.InterruptedException: sleep interrupted
2019-10-06 01:04:15,950 [Thread-4649] INFO  impl.FollowerState (FollowerState.java:run(117)) - ce3173c5-5540-4385-8231-d133d6b995d8@group-D82398C36925-FollowerState was interrupted: java.lang.InterruptedException: sleep interrupted
2019-10-06 01:04:15,962 [0ae06c2c-b65e-4bd4-be05-bfb9cf30240d@group-D82398C36925-LeaderElection116] INFO  impl.LeaderElection (LeaderElection.java:logAndReturn(56)) - 0ae06c2c-b65e-4bd4-be05-bfb9cf30240d@group-D82398C36925-LeaderElection116: Election PASSED; received 1 response(s) [0ae06c2c-b65e-4bd4-be05-bfb9cf30240d<-0216f0c8-24d4-43bc-be04-ed9ede0b1d6e#0:OK-t1] and 0 exception(s); 0ae06c2c-b65e-4bd4-be05-bfb9cf30240d@group-D82398C36925:t1, leader=null, voted=0ae06c2c-b65e-4bd4-be05-bfb9cf30240d, raftlog=0ae06c2c-b65e-4bd4-be05-bfb9cf30240d@group-D82398C36925-SegmentedRaftLog:OPENED:c-1,f-1,i0, conf=-1: [ce3173c5-5540-4385-8231-d133d6b995d8:192.168.30.55:35537, 0ae06c2c-b65e-4bd4-be05-bfb9cf30240d:192.168.30.55:32960, 0216f0c8-24d4-43bc-be04-ed9ede0b1d6e:192.168.30.55:34819], old=null
2019-10-06 01:04:15,962 [0ae06c2c-b65e-4bd4-be05-bfb9cf30240d@group-D82398C36925-LeaderElection116] INFO  impl.RoleInfo (RoleInfo.java:shutdownLeaderElection(134)) - 0ae06c2c-b65e-4bd4-be05-bfb9cf30240d: shutdown LeaderElection
2019-10-06 01:04:15,962 [0ae06c2c-b65e-4bd4-be05-bfb9cf30240d@group-D82398C36925-LeaderElection116] INFO  impl.RaftServerImpl (RaftServerImpl.java:setRole(170)) - 0ae06c2c-b65e-4bd4-be05-bfb9cf30240d@group-D82398C36925: changes role from CANDIDATE to LEADER at term 1 for changeToLeader
2019-10-06 01:04:15,962 [0ae06c2c-b65e-4bd4-be05-bfb9cf30240d@group-D82398C36925-LeaderElection116] INFO  impl.RaftServerImpl (ServerState.java:setLeader(255)) - 0ae06c2c-b65e-4bd4-be05-bfb9cf30240d@group-D82398C36925: change Leader from null to 0ae06c2c-b65e-4bd4-be05-bfb9cf30240d at term 1 for becomeLeader, leader elected after 5221ms
2019-10-06 01:04:15,962 [0ae06c2c-b65e-4bd4-be05-bfb9cf30240d@group-D82398C36925-LeaderElection116] INFO  server.RaftServerConfigKeys (ConfUtils.java:logGet(43)) - raft.server.staging.catchup.gap = 1000 (default)
2019-10-06 01:04:15,962 [0ae06c2c-b65e-4bd4-be05-bfb9cf30240d@group-D82398C36925-LeaderElection116] INFO  server.RaftServerConfigKeys (ConfUtils.java:logGet(43)) - raft.server.rpc.sleep.time = 25ms (default)
2019-10-06 01:04:15,963 [0ae06c2c-b65e-4bd4-be05-bfb9cf30240d@group-D82398C36925-LeaderElection116] INFO  server.RaftServerConfigKeys (ConfUtils.java:logGet(43)) - raft.server.write.element-limit = 4096 (default)
2019-10-06 01:04:15,963 [0ae06c2c-b65e-4bd4-be05-bfb9cf30240d@group-D82398C36925-LeaderElection116] INFO  server.RaftServerConfigKeys (ConfUtils.java:logGet(43)) - raft.server.watch.timeout = 10s (default)
2019-10-06 01:04:15,963 [0ae06c2c-b65e-4bd4-be05-bfb9cf30240d@group-D82398C36925-LeaderElection116] INFO  server.RaftServerConfigKeys (ConfUtils.java:logGet(43)) - raft.server.watch.timeout.denomination = 1s (default)
2019-10-06 01:04:15,963 [0ae06c2c-b65e-4bd4-be05-bfb9cf30240d@group-D82398C36925-LeaderElection116] INFO  server.RaftServerConfigKeys (ConfUtils.java:logGet(43)) - raft.server.watch.element-limit = 65536 (default)
2019-10-06 01:04:15,965 [0ae06c2c-b65e-4bd4-be05-bfb9cf30240d@group-D82398C36925-LeaderElection116] INFO  server.RaftServerConfigKeys (ConfUtils.java:logGet(43)) - raft.server.log.appender.snapshot.chunk.size.max = 16MB (=16777216) (default)
2019-10-06 01:04:15,965 [0ae06c2c-b65e-4bd4-be05-bfb9cf30240d@group-D82398C36925-LeaderElection116] INFO  server.RaftServerConfigKeys (ConfUtils.java:logGet(43)) - raft.server.log.appender.buffer.byte-limit = 33554432 (custom)
2019-10-06 01:04:15,965 [0ae06c2c-b65e-4bd4-be05-bfb9cf30240d@group-D82398C36925-LeaderElection116] INFO  server.RaftServerConfigKeys (ConfUtils.java:logGet(43)) - raft.server.log.appender.buffer.element-limit = 1 (custom)
2019-10-06 01:04:15,965 [0ae06c2c-b65e-4bd4-be05-bfb9cf30240d@group-D82398C36925-LeaderElection116] INFO  grpc.GrpcConfigKeys$Server (ConfUtils.java:logGet(43)) - raft.grpc.server.leader.outstanding.appends.max = 128 (default)
2019-10-06 01:04:15,966 [0ae06c2c-b65e-4bd4-be05-bfb9cf30240d@group-D82398C36925-LeaderElection116] INFO  server.RaftServerConfigKeys (ConfUtils.java:logGet(43)) - raft.server.rpc.request.timeout = 3000ms (default)
2019-10-06 01:04:15,966 [0ae06c2c-b65e-4bd4-be05-bfb9cf30240d@group-D82398C36925-LeaderElection116] INFO  server.RaftServerConfigKeys (ConfUtils.java:logGet(43)) - raft.server.log.appender.install.snapshot.enabled = false (custom)
2019-10-06 01:04:15,966 [0ae06c2c-b65e-4bd4-be05-bfb9cf30240d@group-D82398C36925-LeaderElection116] INFO  server.RaftServerConfigKeys (ConfUtils.java:logGet(43)) - raft.server.log.appender.snapshot.chunk.size.max = 16MB (=16777216) (default)
2019-10-06 01:04:15,966 [0ae06c2c-b65e-4bd4-be05-bfb9cf30240d@group-D82398C36925-LeaderElection116] INFO  server.RaftServerConfigKeys (ConfUtils.java:logGet(43)) - raft.server.log.appender.buffer.byte-limit = 33554432 (custom)
2019-10-06 01:04:15,966 [0ae06c2c-b65e-4bd4-be05-bfb9cf30240d@group-D82398C36925-LeaderElection116] INFO  server.RaftServerConfigKeys (ConfUtils.java:logGet(43)) - raft.server.log.appender.buffer.element-limit = 1 (custom)
2019-10-06 01:04:15,966 [0ae06c2c-b65e-4bd4-be05-bfb9cf30240d@group-D82398C36925-LeaderElection116] INFO  grpc.GrpcConfigKeys$Server (ConfUtils.java:logGet(43)) - raft.grpc.server.leader.outstanding.appends.max = 128 (default)
2019-10-06 01:04:15,967 [0ae06c2c-b65e-4bd4-be05-bfb9cf30240d@group-D82398C36925-LeaderElection116] INFO  server.RaftServerConfigKeys (ConfUtils.java:logGet(43)) - raft.server.rpc.request.timeout = 3000ms (default)
2019-10-06 01:04:15,967 [0ae06c2c-b65e-4bd4-be05-bfb9cf30240d@group-D82398C36925-LeaderElection116] INFO  server.RaftServerConfigKeys (ConfUtils.java:logGet(43)) - raft.server.log.appender.install.snapshot.enabled = false (custom)
2019-10-06 01:04:15,967 [0ae06c2c-b65e-4bd4-be05-bfb9cf30240d@group-D82398C36925-LeaderElection116] INFO  impl.RoleInfo (RoleInfo.java:updateAndGet(143)) - 0ae06c2c-b65e-4bd4-be05-bfb9cf30240d: start LeaderState
2019-10-06 01:04:15,967 [0ae06c2c-b65e-4bd4-be05-bfb9cf30240d@group-D82398C36925-LeaderElection116] INFO  segmented.SegmentedRaftLogWorker (SegmentedRaftLogWorker.java:startLogSegment(385)) - 0ae06c2c-b65e-4bd4-be05-bfb9cf30240d@group-D82398C36925-SegmentedRaftLogWorker: Starting segment from index:0
2019-10-06 01:04:15,968 [0ae06c2c-b65e-4bd4-be05-bfb9cf30240d@group-D82398C36925-LeaderElection116] INFO  impl.RaftServerImpl (ServerState.java:setRaftConf(356)) - 0ae06c2c-b65e-4bd4-be05-bfb9cf30240d@group-D82398C36925: set configuration 0: [ce3173c5-5540-4385-8231-d133d6b995d8:192.168.30.55:35537, 0ae06c2c-b65e-4bd4-be05-bfb9cf30240d:192.168.30.55:32960, 0216f0c8-24d4-43bc-be04-ed9ede0b1d6e:192.168.30.55:34819], old=null at 0
2019-10-06 01:04:15,969 [grpc-default-executor-6] INFO  impl.RaftServerImpl (ServerState.java:setLeader(255)) - 0216f0c8-24d4-43bc-be04-ed9ede0b1d6e@group-D82398C36925: change Leader from null to 0ae06c2c-b65e-4bd4-be05-bfb9cf30240d at term 1 for appendEntries, leader elected after 5223ms
2019-10-06 01:04:16,009 [grpc-default-executor-2] INFO  impl.RaftServerImpl (ServerState.java:setLeader(255)) - ce3173c5-5540-4385-8231-d133d6b995d8@group-D82398C36925: change Leader from null to 0ae06c2c-b65e-4bd4-be05-bfb9cf30240d at term 1 for appendEntries, leader elected after 5258ms
2019-10-06 01:04:16,014 [grpc-default-executor-6] INFO  impl.RaftServerImpl (ServerState.java:setRaftConf(356)) - 0216f0c8-24d4-43bc-be04-ed9ede0b1d6e@group-D82398C36925: set configuration 0: [ce3173c5-5540-4385-8231-d133d6b995d8:192.168.30.55:35537, 0ae06c2c-b65e-4bd4-be05-bfb9cf30240d:192.168.30.55:32960, 0216f0c8-24d4-43bc-be04-ed9ede0b1d6e:192.168.30.55:34819], old=null at 0
2019-10-06 01:04:16,014 [grpc-default-executor-6] INFO  segmented.SegmentedRaftLogWorker (SegmentedRaftLogWorker.java:startLogSegment(385)) - 0216f0c8-24d4-43bc-be04-ed9ede0b1d6e@group-D82398C36925-SegmentedRaftLogWorker: Starting segment from index:0
2019-10-06 01:04:16,015 [grpc-default-executor-2] INFO  impl.RaftServerImpl (ServerState.java:setRaftConf(356)) - ce3173c5-5540-4385-8231-d133d6b995d8@group-D82398C36925: set configuration 0: [ce3173c5-5540-4385-8231-d133d6b995d8:192.168.30.55:35537, 0ae06c2c-b65e-4bd4-be05-bfb9cf30240d:192.168.30.55:32960, 0216f0c8-24d4-43bc-be04-ed9ede0b1d6e:192.168.30.55:34819], old=null at 0
2019-10-06 01:04:16,015 [grpc-default-executor-2] INFO  segmented.SegmentedRaftLogWorker (SegmentedRaftLogWorker.java:startLogSegment(385)) - ce3173c5-5540-4385-8231-d133d6b995d8@group-D82398C36925-SegmentedRaftLogWorker: Starting segment from index:0
2019-10-06 01:04:16,022 [0ae06c2c-b65e-4bd4-be05-bfb9cf30240d@group-D82398C36925-SegmentedRaftLogWorker] INFO  segmented.SegmentedRaftLogWorker (SegmentedRaftLogWorker.java:execute(574)) - 0ae06c2c-b65e-4bd4-be05-bfb9cf30240d@group-D82398C36925-SegmentedRaftLogWorker: created new log segment /workdir/hadoop-ozone/integration-test/target/test-dir/MiniOzoneClusterImpl-a4005199-553d-4e0b-bbff-cd07ceedfb02/datanode-6/data/ratis/9abe7fd2-a867-47fb-be72-d82398c36925/current/log_inprogress_0
2019-10-06 01:04:16,066 [0216f0c8-24d4-43bc-be04-ed9ede0b1d6e@group-D82398C36925-SegmentedRaftLogWorker] INFO  segmented.SegmentedRaftLogWorker (SegmentedRaftLogWorker.java:execute(574)) - 0216f0c8-24d4-43bc-be04-ed9ede0b1d6e@group-D82398C36925-SegmentedRaftLogWorker: created new log segment /workdir/hadoop-ozone/integration-test/target/test-dir/MiniOzoneClusterImpl-a4005199-553d-4e0b-bbff-cd07ceedfb02/datanode-4/data/ratis/9abe7fd2-a867-47fb-be72-d82398c36925/current/log_inprogress_0
2019-10-06 01:04:16,066 [ce3173c5-5540-4385-8231-d133d6b995d8@group-D82398C36925-SegmentedRaftLogWorker] INFO  segmented.SegmentedRaftLogWorker (SegmentedRaftLogWorker.java:execute(574)) - ce3173c5-5540-4385-8231-d133d6b995d8@group-D82398C36925-SegmentedRaftLogWorker: created new log segment /workdir/hadoop-ozone/integration-test/target/test-dir/MiniOzoneClusterImpl-a4005199-553d-4e0b-bbff-cd07ceedfb02/datanode-5/data/ratis/9abe7fd2-a867-47fb-be72-d82398c36925/current/log_inprogress_0
2019-10-06 01:04:17,328 [main] WARN  scm.XceiverClientRatis (XceiverClientRatis.java:watchForCommit(292)) - 3 way commit failed on pipeline Pipeline[ Id: 5c7ef566-a996-485b-a13b-bda2d04995ff, Nodes: dd43951f-fd9b-40ce-9d54-abf1e172228e{ip: 192.168.30.55, host: pr-hdds-2233-w5czk-1584650955, networkLocation: /default-rack, certSerialId: null}14a49e7b-821a-4fd4-a08d-8b5118141aad{ip: 192.168.30.55, host: pr-hdds-2233-w5czk-1584650955, networkLocation: /default-rack, certSerialId: null}fae8fe5f-3f5a-4647-a1dd-1848d738c051{ip: 192.168.30.55, host: pr-hdds-2233-w5czk-1584650955, networkLocation: /default-rack, certSerialId: null}, Type:RATIS, Factor:THREE, State:OPEN]
java.util.concurrent.TimeoutException
	at java.util.concurrent.CompletableFuture.timedGet(CompletableFuture.java:1771)
	at java.util.concurrent.CompletableFuture.get(CompletableFuture.java:1915)
	at org.apache.hadoop.hdds.scm.XceiverClientRatis.watchForCommit(XceiverClientRatis.java:289)
	at org.apache.hadoop.hdds.scm.storage.CommitWatcher.watchForCommit(CommitWatcher.java:194)
	at org.apache.hadoop.hdds.scm.storage.CommitWatcher.watchOnLastIndex(CommitWatcher.java:157)
	at org.apache.hadoop.hdds.scm.storage.BlockOutputStream.watchForCommit(BlockOutputStream.java:346)
	at org.apache.hadoop.hdds.scm.storage.BlockOutputStream.handleFlush(BlockOutputStream.java:478)
	at org.apache.hadoop.hdds.scm.storage.BlockOutputStream.flush(BlockOutputStream.java:427)
	at org.apache.hadoop.ozone.client.io.BlockOutputStreamEntry.flush(BlockOutputStreamEntry.java:136)
	at org.apache.hadoop.ozone.client.io.KeyOutputStream.handleFlushOrClose(KeyOutputStream.java:443)
	at org.apache.hadoop.ozone.client.io.KeyOutputStream.flush(KeyOutputStream.java:397)
	at org.apache.hadoop.ozone.client.io.OzoneOutputStream.flush(OzoneOutputStream.java:54)
	at org.apache.hadoop.ozone.client.rpc.TestBlockOutputStreamWithFailures.testExceptionDuringClose(TestBlockOutputStreamWithFailures.java:720)
	at sun.reflect.NativeMethodAccessorImpl.invoke0(Native Method)
	at sun.reflect.NativeMethodAccessorImpl.invoke(NativeMethodAccessorImpl.java:62)
	at sun.reflect.DelegatingMethodAccessorImpl.invoke(DelegatingMethodAccessorImpl.java:43)
	at java.lang.reflect.Method.invoke(Method.java:498)
	at org.junit.runners.model.FrameworkMethod$1.runReflectiveCall(FrameworkMethod.java:47)
	at org.junit.internal.runners.model.ReflectiveCallable.run(ReflectiveCallable.java:12)
	at org.junit.runners.model.FrameworkMethod.invokeExplosively(FrameworkMethod.java:44)
	at org.junit.internal.runners.statements.InvokeMethod.evaluate(InvokeMethod.java:17)
	at org.junit.internal.runners.statements.RunBefores.evaluate(RunBefores.java:26)
	at org.junit.internal.runners.statements.RunAfters.evaluate(RunAfters.java:27)
	at org.junit.runners.ParentRunner.runLeaf(ParentRunner.java:271)
	at org.junit.runners.BlockJUnit4ClassRunner.runChild(BlockJUnit4ClassRunner.java:70)
	at org.junit.runners.BlockJUnit4ClassRunner.runChild(BlockJUnit4ClassRunner.java:50)
	at org.junit.runners.ParentRunner$3.run(ParentRunner.java:238)
	at org.junit.runners.ParentRunner$1.schedule(ParentRunner.java:63)
	at org.junit.runners.ParentRunner.runChildren(ParentRunner.java:236)
	at org.junit.runners.ParentRunner.access$000(ParentRunner.java:53)
	at org.junit.runners.ParentRunner$2.evaluate(ParentRunner.java:229)
	at org.junit.runners.ParentRunner.run(ParentRunner.java:309)
	at org.apache.maven.surefire.junit4.JUnit4Provider.execute(JUnit4Provider.java:365)
	at org.apache.maven.surefire.junit4.JUnit4Provider.executeWithRerun(JUnit4Provider.java:273)
	at org.apache.maven.surefire.junit4.JUnit4Provider.executeTestSet(JUnit4Provider.java:238)
	at org.apache.maven.surefire.junit4.JUnit4Provider.invoke(JUnit4Provider.java:159)
	at org.apache.maven.surefire.booter.ForkedBooter.invokeProviderInSameClassLoader(ForkedBooter.java:384)
	at org.apache.maven.surefire.booter.ForkedBooter.runSuitesInProcess(ForkedBooter.java:345)
	at org.apache.maven.surefire.booter.ForkedBooter.execute(ForkedBooter.java:126)
	at org.apache.maven.surefire.booter.ForkedBooter.main(ForkedBooter.java:418)
2019-10-06 01:04:18,332 [main] WARN  storage.CommitWatcher (CommitWatcher.java:watchForCommit(203)) - watchForCommit failed for index 4
java.util.concurrent.TimeoutException
	at java.util.concurrent.CompletableFuture.timedGet(CompletableFuture.java:1771)
	at java.util.concurrent.CompletableFuture.get(CompletableFuture.java:1915)
	at org.apache.hadoop.hdds.scm.XceiverClientRatis.watchForCommit(XceiverClientRatis.java:298)
	at org.apache.hadoop.hdds.scm.storage.CommitWatcher.watchForCommit(CommitWatcher.java:194)
	at org.apache.hadoop.hdds.scm.storage.CommitWatcher.watchOnLastIndex(CommitWatcher.java:157)
	at org.apache.hadoop.hdds.scm.storage.BlockOutputStream.watchForCommit(BlockOutputStream.java:346)
	at org.apache.hadoop.hdds.scm.storage.BlockOutputStream.handleFlush(BlockOutputStream.java:478)
	at org.apache.hadoop.hdds.scm.storage.BlockOutputStream.flush(BlockOutputStream.java:427)
	at org.apache.hadoop.ozone.client.io.BlockOutputStreamEntry.flush(BlockOutputStreamEntry.java:136)
	at org.apache.hadoop.ozone.client.io.KeyOutputStream.handleFlushOrClose(KeyOutputStream.java:443)
	at org.apache.hadoop.ozone.client.io.KeyOutputStream.flush(KeyOutputStream.java:397)
	at org.apache.hadoop.ozone.client.io.OzoneOutputStream.flush(OzoneOutputStream.java:54)
	at org.apache.hadoop.ozone.client.rpc.TestBlockOutputStreamWithFailures.testExceptionDuringClose(TestBlockOutputStreamWithFailures.java:720)
	at sun.reflect.NativeMethodAccessorImpl.invoke0(Native Method)
	at sun.reflect.NativeMethodAccessorImpl.invoke(NativeMethodAccessorImpl.java:62)
	at sun.reflect.DelegatingMethodAccessorImpl.invoke(DelegatingMethodAccessorImpl.java:43)
	at java.lang.reflect.Method.invoke(Method.java:498)
	at org.junit.runners.model.FrameworkMethod$1.runReflectiveCall(FrameworkMethod.java:47)
	at org.junit.internal.runners.model.ReflectiveCallable.run(ReflectiveCallable.java:12)
	at org.junit.runners.model.FrameworkMethod.invokeExplosively(FrameworkMethod.java:44)
	at org.junit.internal.runners.statements.InvokeMethod.evaluate(InvokeMethod.java:17)
	at org.junit.internal.runners.statements.RunBefores.evaluate(RunBefores.java:26)
	at org.junit.internal.runners.statements.RunAfters.evaluate(RunAfters.java:27)
	at org.junit.runners.ParentRunner.runLeaf(ParentRunner.java:271)
	at org.junit.runners.BlockJUnit4ClassRunner.runChild(BlockJUnit4ClassRunner.java:70)
	at org.junit.runners.BlockJUnit4ClassRunner.runChild(BlockJUnit4ClassRunner.java:50)
	at org.junit.runners.ParentRunner$3.run(ParentRunner.java:238)
	at org.junit.runners.ParentRunner$1.schedule(ParentRunner.java:63)
	at org.junit.runners.ParentRunner.runChildren(ParentRunner.java:236)
	at org.junit.runners.ParentRunner.access$000(ParentRunner.java:53)
	at org.junit.runners.ParentRunner$2.evaluate(ParentRunner.java:229)
	at org.junit.runners.ParentRunner.run(ParentRunner.java:309)
	at org.apache.maven.surefire.junit4.JUnit4Provider.execute(JUnit4Provider.java:365)
	at org.apache.maven.surefire.junit4.JUnit4Provider.executeWithRerun(JUnit4Provider.java:273)
	at org.apache.maven.surefire.junit4.JUnit4Provider.executeTestSet(JUnit4Provider.java:238)
	at org.apache.maven.surefire.junit4.JUnit4Provider.invoke(JUnit4Provider.java:159)
	at org.apache.maven.surefire.booter.ForkedBooter.invokeProviderInSameClassLoader(ForkedBooter.java:384)
	at org.apache.maven.surefire.booter.ForkedBooter.runSuitesInProcess(ForkedBooter.java:345)
	at org.apache.maven.surefire.booter.ForkedBooter.execute(ForkedBooter.java:126)
	at org.apache.maven.surefire.booter.ForkedBooter.main(ForkedBooter.java:418)
2019-10-06 01:04:18,334 [main] WARN  io.KeyOutputStream (KeyOutputStream.java:handleException(274)) - Encountered exception java.io.IOException: Unexpected Storage Container Exception: java.io.IOException: Unexpected Storage Container Exception: java.util.concurrent.TimeoutException on the pipeline Pipeline[ Id: 5c7ef566-a996-485b-a13b-bda2d04995ff, Nodes: dd43951f-fd9b-40ce-9d54-abf1e172228e{ip: 192.168.30.55, host: pr-hdds-2233-w5czk-1584650955, networkLocation: /default-rack, certSerialId: null}14a49e7b-821a-4fd4-a08d-8b5118141aad{ip: 192.168.30.55, host: pr-hdds-2233-w5czk-1584650955, networkLocation: /default-rack, certSerialId: null}fae8fe5f-3f5a-4647-a1dd-1848d738c051{ip: 192.168.30.55, host: pr-hdds-2233-w5czk-1584650955, networkLocation: /default-rack, certSerialId: null}, Type:RATIS, Factor:THREE, State:OPEN]. The last committed block length is 0, uncommitted data length is 167 retry count 0
2019-10-06 01:04:18,583 [main] INFO  ozone.MiniOzoneClusterImpl (MiniOzoneClusterImpl.java:shutdown(314)) - Shutting down the Mini Ozone Cluster
2019-10-06 01:04:18,584 [main] INFO  ozone.MiniOzoneClusterImpl (MiniOzoneClusterImpl.java:stop(330)) - Stopping the Mini Ozone Cluster
2019-10-06 01:04:18,584 [main] INFO  ozone.MiniOzoneClusterImpl (MiniOzoneClusterImpl.java:stopOM(400)) - Stopping the OzoneManager
2019-10-06 01:04:18,584 [main] INFO  ipc.Server (Server.java:stop(3082)) - Stopping server on 36761
2019-10-06 01:04:18,597 [IPC Server listener on 36761] INFO  ipc.Server (Server.java:run(1185)) - Stopping IPC Server listener on 36761
2019-10-06 01:04:18,601 [IPC Server Responder] INFO  ipc.Server (Server.java:run(1319)) - Stopping IPC Server Responder
2019-10-06 01:04:18,601 [main] INFO  ratis.OzoneManagerDoubleBuffer (OzoneManagerDoubleBuffer.java:stop(248)) - Stopping OMDoubleBuffer flush thread
2019-10-06 01:04:18,608 [OMDoubleBufferFlushThread] INFO  ratis.OzoneManagerDoubleBuffer (OzoneManagerDoubleBuffer.java:flushTransactions(191)) - OMDoubleBuffer flush thread OMDoubleBufferFlushThread is interrupted and will exit. OMDoubleBufferFlushThread
2019-10-06 01:04:18,611 [main] INFO  utils.BackgroundService (BackgroundService.java:shutdown(148)) - Shutting down service KeyDeletingService
2019-10-06 01:04:18,639 [main] INFO  handler.ContextHandler (ContextHandler.java:doStop(910)) - Stopped o.e.j.w.WebAppContext@4b343b6d{/,null,UNAVAILABLE}{/ozoneManager}
2019-10-06 01:04:18,641 [main] INFO  server.AbstractConnector (AbstractConnector.java:doStop(318)) - Stopped ServerConnector@17d2b646{HTTP/1.1,[http/1.1]}{0.0.0.0:0}
2019-10-06 01:04:18,641 [main] INFO  handler.ContextHandler (ContextHandler.java:doStop(910)) - Stopped o.e.j.s.ServletContextHandler@24405466{/static,file:///workdir/hadoop-ozone/integration-test/target/test-classes/webapps/static,UNAVAILABLE}
2019-10-06 01:04:18,642 [main] INFO  handler.ContextHandler (ContextHandler.java:doStop(910)) - Stopped o.e.j.s.ServletContextHandler@134d7ffa{/logs,file:///workdir/hadoop-ozone/integration-test/target/log,UNAVAILABLE}
2019-10-06 01:04:18,644 [main] INFO  ozone.MiniOzoneClusterImpl (MiniOzoneClusterImpl.java:stopDatanodes(377)) - Stopping the HddsDatanodes
2019-10-06 01:04:19,213 [Datanode State Machine Thread - 0] INFO  statemachine.DatanodeStateMachine (DatanodeStateMachine.java:lambda$startDaemon$0(350)) - Ozone container server started.
2019-10-06 01:04:19,497 [Datanode State Machine Thread - 0] INFO  statemachine.DatanodeStateMachine (DatanodeStateMachine.java:lambda$startDaemon$0(350)) - Ozone container server started.
2019-10-06 01:04:23,225 [EventQueue-StaleNodeForStaleNodeHandler] INFO  node.StaleNodeHandler (StaleNodeHandler.java:onMessage(58)) - Datanode 14a49e7b-821a-4fd4-a08d-8b5118141aad{ip: 192.168.30.55, host: pr-hdds-2233-w5czk-1584650955, networkLocation: /default-rack, certSerialId: null} moved to stale state. Finalizing its pipelines [PipelineID=5c7ef566-a996-485b-a13b-bda2d04995ff, PipelineID=d15e4efd-4176-4650-bc92-e1264d7a8c54]
2019-10-06 01:04:23,226 [EventQueue-StaleNodeForStaleNodeHandler] INFO  pipeline.SCMPipelineManager (SCMPipelineManager.java:finalizeAndDestroyPipeline(315)) - destroying pipeline:Pipeline[ Id: 5c7ef566-a996-485b-a13b-bda2d04995ff, Nodes: dd43951f-fd9b-40ce-9d54-abf1e172228e{ip: 192.168.30.55, host: pr-hdds-2233-w5czk-1584650955, networkLocation: /default-rack, certSerialId: null}14a49e7b-821a-4fd4-a08d-8b5118141aad{ip: 192.168.30.55, host: pr-hdds-2233-w5czk-1584650955, networkLocation: /default-rack, certSerialId: null}fae8fe5f-3f5a-4647-a1dd-1848d738c051{ip: 192.168.30.55, host: pr-hdds-2233-w5czk-1584650955, networkLocation: /default-rack, certSerialId: null}, Type:RATIS, Factor:THREE, State:OPEN]
2019-10-06 01:04:23,227 [EventQueue-StaleNodeForStaleNodeHandler] INFO  pipeline.PipelineStateManager (PipelineStateManager.java:finalizePipeline(123)) - Pipeline Pipeline[ Id: 5c7ef566-a996-485b-a13b-bda2d04995ff, Nodes: dd43951f-fd9b-40ce-9d54-abf1e172228e{ip: 192.168.30.55, host: pr-hdds-2233-w5czk-1584650955, networkLocation: /default-rack, certSerialId: null}14a49e7b-821a-4fd4-a08d-8b5118141aad{ip: 192.168.30.55, host: pr-hdds-2233-w5czk-1584650955, networkLocation: /default-rack, certSerialId: null}fae8fe5f-3f5a-4647-a1dd-1848d738c051{ip: 192.168.30.55, host: pr-hdds-2233-w5czk-1584650955, networkLocation: /default-rack, certSerialId: null}, Type:RATIS, Factor:THREE, State:CLOSED] moved to CLOSED state
2019-10-06 01:04:23,228 [EventQueue-CloseContainerForCloseContainerEventHandler] INFO  container.CloseContainerEventHandler (CloseContainerEventHandler.java:onMessage(61)) - Close container Event triggered for container : #1
2019-10-06 01:04:23,232 [EventQueue-StaleNodeForStaleNodeHandler] INFO  pipeline.SCMPipelineManager (SCMPipelineManager.java:finalizeAndDestroyPipeline(315)) - destroying pipeline:Pipeline[ Id: d15e4efd-4176-4650-bc92-e1264d7a8c54, Nodes: 14a49e7b-821a-4fd4-a08d-8b5118141aad{ip: 192.168.30.55, host: pr-hdds-2233-w5czk-1584650955, networkLocation: /default-rack, certSerialId: null}, Type:RATIS, Factor:ONE, State:OPEN]
2019-10-06 01:04:23,234 [EventQueue-StaleNodeForStaleNodeHandler] INFO  pipeline.PipelineStateManager (PipelineStateManager.java:finalizePipeline(123)) - Pipeline Pipeline[ Id: d15e4efd-4176-4650-bc92-e1264d7a8c54, Nodes: 14a49e7b-821a-4fd4-a08d-8b5118141aad{ip: 192.168.30.55, host: pr-hdds-2233-w5czk-1584650955, networkLocation: /default-rack, certSerialId: null}, Type:RATIS, Factor:ONE, State:CLOSED] moved to CLOSED state
2019-10-06 01:04:23,525 [EventQueue-StaleNodeForStaleNodeHandler] INFO  node.StaleNodeHandler (StaleNodeHandler.java:onMessage(58)) - Datanode 0216f0c8-24d4-43bc-be04-ed9ede0b1d6e{ip: 192.168.30.55, host: pr-hdds-2233-w5czk-1584650955, networkLocation: /default-rack, certSerialId: null} moved to stale state. Finalizing its pipelines [PipelineID=9abe7fd2-a867-47fb-be72-d82398c36925, PipelineID=7474801f-78c8-4887-86af-4481822bfd2f]
2019-10-06 01:04:23,526 [EventQueue-StaleNodeForStaleNodeHandler] INFO  pipeline.SCMPipelineManager (SCMPipelineManager.java:finalizeAndDestroyPipeline(315)) - destroying pipeline:Pipeline[ Id: 9abe7fd2-a867-47fb-be72-d82398c36925, Nodes: ce3173c5-5540-4385-8231-d133d6b995d8{ip: 192.168.30.55, host: pr-hdds-2233-w5czk-1584650955, networkLocation: /default-rack, certSerialId: null}0ae06c2c-b65e-4bd4-be05-bfb9cf30240d{ip: 192.168.30.55, host: pr-hdds-2233-w5czk-1584650955, networkLocation: /default-rack, certSerialId: null}0216f0c8-24d4-43bc-be04-ed9ede0b1d6e{ip: 192.168.30.55, host: pr-hdds-2233-w5czk-1584650955, networkLocation: /default-rack, certSerialId: null}, Type:RATIS, Factor:THREE, State:OPEN]
2019-10-06 01:04:23,527 [EventQueue-StaleNodeForStaleNodeHandler] INFO  pipeline.PipelineStateManager (PipelineStateManager.java:finalizePipeline(123)) - Pipeline Pipeline[ Id: 9abe7fd2-a867-47fb-be72-d82398c36925, Nodes: ce3173c5-5540-4385-8231-d133d6b995d8{ip: 192.168.30.55, host: pr-hdds-2233-w5czk-1584650955, networkLocation: /default-rack, certSerialId: null}0ae06c2c-b65e-4bd4-be05-bfb9cf30240d{ip: 192.168.30.55, host: pr-hdds-2233-w5czk-1584650955, networkLocation: /default-rack, certSerialId: null}0216f0c8-24d4-43bc-be04-ed9ede0b1d6e{ip: 192.168.30.55, host: pr-hdds-2233-w5czk-1584650955, networkLocation: /default-rack, certSerialId: null}, Type:RATIS, Factor:THREE, State:CLOSED] moved to CLOSED state
2019-10-06 01:04:23,527 [EventQueue-CloseContainerForCloseContainerEventHandler] INFO  container.CloseContainerEventHandler (CloseContainerEventHandler.java:onMessage(61)) - Close container Event triggered for container : #2
2019-10-06 01:04:23,527 [EventQueue-StaleNodeForStaleNodeHandler] INFO  pipeline.SCMPipelineManager (SCMPipelineManager.java:finalizeAndDestroyPipeline(315)) - destroying pipeline:Pipeline[ Id: 7474801f-78c8-4887-86af-4481822bfd2f, Nodes: 0216f0c8-24d4-43bc-be04-ed9ede0b1d6e{ip: 192.168.30.55, host: pr-hdds-2233-w5czk-1584650955, networkLocation: /default-rack, certSerialId: null}, Type:RATIS, Factor:ONE, State:OPEN]
2019-10-06 01:04:23,536 [EventQueue-StaleNodeForStaleNodeHandler] INFO  pipeline.PipelineStateManager (PipelineStateManager.java:finalizePipeline(123)) - Pipeline Pipeline[ Id: 7474801f-78c8-4887-86af-4481822bfd2f, Nodes: 0216f0c8-24d4-43bc-be04-ed9ede0b1d6e{ip: 192.168.30.55, host: pr-hdds-2233-w5czk-1584650955, networkLocation: /default-rack, certSerialId: null}, Type:RATIS, Factor:ONE, State:CLOSED] moved to CLOSED state
2019-10-06 01:04:23,646 [main] INFO  ozoneimpl.OzoneContainer (OzoneContainer.java:stop(231)) - Attempting to stop container services.
2019-10-06 01:04:23,646 [ForkJoinPool.commonPool-worker-0] INFO  ozoneimpl.OzoneContainer (OzoneContainer.java:stop(231)) - Attempting to stop container services.
2019-10-06 01:04:23,646 [main] INFO  impl.RaftServerProxy (RaftServerProxy.java:lambda$close$4(314)) - 0216f0c8-24d4-43bc-be04-ed9ede0b1d6e: close
2019-10-06 01:04:23,647 [ForkJoinPool.commonPool-worker-0] INFO  impl.RaftServerProxy (RaftServerProxy.java:lambda$close$4(314)) - 14a49e7b-821a-4fd4-a08d-8b5118141aad: close
2019-10-06 01:04:23,647 [main] INFO  impl.RaftServerImpl (RaftServerImpl.java:lambda$shutdown$3(247)) - 0216f0c8-24d4-43bc-be04-ed9ede0b1d6e@group-D82398C36925: shutdown
2019-10-06 01:04:23,647 [ForkJoinPool.commonPool-worker-0] INFO  impl.RaftServerImpl (RaftServerImpl.java:lambda$shutdown$3(247)) - 14a49e7b-821a-4fd4-a08d-8b5118141aad@group-BDA2D04995FF: shutdown
2019-10-06 01:04:23,647 [main] INFO  util.JmxRegister (JmxRegister.java:unregister(73)) - Successfully un-registered JMX Bean with object name Ratis:service=RaftServer,group=group-D82398C36925,id=0216f0c8-24d4-43bc-be04-ed9ede0b1d6e
2019-10-06 01:04:23,648 [ForkJoinPool.commonPool-worker-0] INFO  util.JmxRegister (JmxRegister.java:unregister(73)) - Successfully un-registered JMX Bean with object name Ratis:service=RaftServer,group=group-BDA2D04995FF,id=14a49e7b-821a-4fd4-a08d-8b5118141aad
2019-10-06 01:04:23,648 [main] INFO  impl.RoleInfo (RoleInfo.java:shutdownFollowerState(121)) - 0216f0c8-24d4-43bc-be04-ed9ede0b1d6e: shutdown FollowerState
2019-10-06 01:04:23,648 [ForkJoinPool.commonPool-worker-0] INFO  impl.RoleInfo (RoleInfo.java:shutdownLeaderState(104)) - 14a49e7b-821a-4fd4-a08d-8b5118141aad: shutdown LeaderState
2019-10-06 01:04:23,649 [Thread-4707] INFO  impl.FollowerState (FollowerState.java:run(117)) - 0216f0c8-24d4-43bc-be04-ed9ede0b1d6e@group-D82398C36925-FollowerState was interrupted: java.lang.InterruptedException: sleep interrupted
2019-10-06 01:04:23,649 [0216f0c8-24d4-43bc-be04-ed9ede0b1d6e@group-D82398C36925-StateMachineUpdater] INFO  ratis.ContainerStateMachine (ContainerStateMachine.java:takeSnapshot(293)) - group-D82398C36925: Taking a snapshot at:(t:1, i:4) file /workdir/hadoop-ozone/integration-test/target/test-dir/MiniOzoneClusterImpl-a4005199-553d-4e0b-bbff-cd07ceedfb02/datanode-4/data/ratis/9abe7fd2-a867-47fb-be72-d82398c36925/sm/snapshot.1_4
2019-10-06 01:04:23,649 [main] INFO  impl.StateMachineUpdater (StateMachineUpdater.java:stopAndJoin(136)) - 0216f0c8-24d4-43bc-be04-ed9ede0b1d6e@group-D82398C36925-StateMachineUpdater: set stopIndex = 6
2019-10-06 01:04:23,655 [org.apache.ratis.server.impl.LogAppender$AppenderDaemon$$Lambda$516/376264038@643b6277] WARN  server.GrpcLogAppender (GrpcLogAppender.java:mayWait(143)) - 14a49e7b-821a-4fd4-a08d-8b5118141aad@group-BDA2D04995FF->fae8fe5f-3f5a-4647-a1dd-1848d738c051-GrpcLogAppender: Wait interrupted by java.lang.InterruptedException
2019-10-06 01:04:23,654 [ForkJoinPool.commonPool-worker-0] INFO  impl.PendingRequests (PendingRequests.java:sendNotLeaderResponses(202)) - 14a49e7b-821a-4fd4-a08d-8b5118141aad@group-BDA2D04995FF-PendingRequests: sendNotLeaderResponses
2019-10-06 01:04:23,654 [org.apache.ratis.server.impl.LogAppender$AppenderDaemon$$Lambda$516/376264038@43471617] WARN  server.GrpcLogAppender (GrpcLogAppender.java:mayWait(143)) - 14a49e7b-821a-4fd4-a08d-8b5118141aad@group-BDA2D04995FF->dd43951f-fd9b-40ce-9d54-abf1e172228e-GrpcLogAppender: Wait interrupted by java.lang.InterruptedException
2019-10-06 01:04:23,661 [grpc-default-executor-7] INFO  server.GrpcServerProtocolService (GrpcServerProtocolService.java:onCompleted(113)) - fae8fe5f-3f5a-4647-a1dd-1848d738c051: Completed APPEND_ENTRIES, lastRequest: 14a49e7b-821a-4fd4-a08d-8b5118141aad->fae8fe5f-3f5a-4647-a1dd-1848d738c051#9-t1, previous=(t:1, i:6), leaderCommit=6, initializing? false, entries: <empty>
2019-10-06 01:04:23,664 [ForkJoinPool.commonPool-worker-0] INFO  impl.StateMachineUpdater (StateMachineUpdater.java:stopAndJoin(136)) - 14a49e7b-821a-4fd4-a08d-8b5118141aad@group-BDA2D04995FF-StateMachineUpdater: set stopIndex = 6
2019-10-06 01:04:23,664 [14a49e7b-821a-4fd4-a08d-8b5118141aad@group-BDA2D04995FF-StateMachineUpdater] INFO  ratis.ContainerStateMachine (ContainerStateMachine.java:takeSnapshot(293)) - group-BDA2D04995FF: Taking a snapshot at:(t:1, i:6) file /workdir/hadoop-ozone/integration-test/target/test-dir/MiniOzoneClusterImpl-a4005199-553d-4e0b-bbff-cd07ceedfb02/datanode-1/data/ratis/5c7ef566-a996-485b-a13b-bda2d04995ff/sm/snapshot.1_6
2019-10-06 01:04:23,664 [grpc-default-executor-2] INFO  server.GrpcServerProtocolService (GrpcServerProtocolService.java:onCompleted(113)) - dd43951f-fd9b-40ce-9d54-abf1e172228e: Completed APPEND_ENTRIES, lastRequest: 14a49e7b-821a-4fd4-a08d-8b5118141aad->dd43951f-fd9b-40ce-9d54-abf1e172228e#9-t1, previous=(t:1, i:6), leaderCommit=6, initializing? false, entries: <empty>
2019-10-06 01:04:23,664 [grpc-default-executor-9] INFO  server.GrpcLogAppender (GrpcLogAppender.java:onCompleted(293)) - 14a49e7b-821a-4fd4-a08d-8b5118141aad@group-BDA2D04995FF->fae8fe5f-3f5a-4647-a1dd-1848d738c051-AppendLogResponseHandler: follower responses appendEntries COMPLETED
2019-10-06 01:04:23,665 [grpc-default-executor-7] INFO  server.GrpcLogAppender (GrpcLogAppender.java:onCompleted(293)) - 14a49e7b-821a-4fd4-a08d-8b5118141aad@group-BDA2D04995FF->dd43951f-fd9b-40ce-9d54-abf1e172228e-AppendLogResponseHandler: follower responses appendEntries COMPLETED
2019-10-06 01:04:23,666 [grpc-default-executor-7] INFO  impl.FollowerInfo (FollowerInfo.java:lambda$new$0(51)) - 14a49e7b-821a-4fd4-a08d-8b5118141aad@group-BDA2D04995FF->dd43951f-fd9b-40ce-9d54-abf1e172228e: nextIndex: updateUnconditionally 7 -> 6
2019-10-06 01:04:23,666 [grpc-default-executor-9] INFO  impl.FollowerInfo (FollowerInfo.java:lambda$new$0(51)) - 14a49e7b-821a-4fd4-a08d-8b5118141aad@group-BDA2D04995FF->fae8fe5f-3f5a-4647-a1dd-1848d738c051: nextIndex: updateUnconditionally 7 -> 6
2019-10-06 01:04:23,668 [0216f0c8-24d4-43bc-be04-ed9ede0b1d6e@group-D82398C36925-StateMachineUpdater] INFO  ratis.ContainerStateMachine (ContainerStateMachine.java:takeSnapshot(304)) - group-D82398C36925: Finished taking a snapshot at:(t:1, i:4) file:/workdir/hadoop-ozone/integration-test/target/test-dir/MiniOzoneClusterImpl-a4005199-553d-4e0b-bbff-cd07ceedfb02/datanode-4/data/ratis/9abe7fd2-a867-47fb-be72-d82398c36925/sm/snapshot.1_4 time:19
2019-10-06 01:04:23,668 [14a49e7b-821a-4fd4-a08d-8b5118141aad@group-BDA2D04995FF-StateMachineUpdater] INFO  ratis.ContainerStateMachine (ContainerStateMachine.java:takeSnapshot(304)) - group-BDA2D04995FF: Finished taking a snapshot at:(t:1, i:6) file:/workdir/hadoop-ozone/integration-test/target/test-dir/MiniOzoneClusterImpl-a4005199-553d-4e0b-bbff-cd07ceedfb02/datanode-1/data/ratis/5c7ef566-a996-485b-a13b-bda2d04995ff/sm/snapshot.1_6 time:4
2019-10-06 01:04:23,669 [0216f0c8-24d4-43bc-be04-ed9ede0b1d6e@group-D82398C36925-StateMachineUpdater] INFO  impl.StateMachineUpdater (StateMachineUpdater.java:takeSnapshot(269)) - 0216f0c8-24d4-43bc-be04-ed9ede0b1d6e@group-D82398C36925-StateMachineUpdater: Took a snapshot at index 4
2019-10-06 01:04:23,669 [14a49e7b-821a-4fd4-a08d-8b5118141aad@group-BDA2D04995FF-StateMachineUpdater] INFO  impl.StateMachineUpdater (StateMachineUpdater.java:takeSnapshot(269)) - 14a49e7b-821a-4fd4-a08d-8b5118141aad@group-BDA2D04995FF-StateMachineUpdater: Took a snapshot at index 6
2019-10-06 01:04:23,669 [0216f0c8-24d4-43bc-be04-ed9ede0b1d6e@group-D82398C36925-StateMachineUpdater] INFO  impl.StateMachineUpdater (StateMachineUpdater.java:lambda$new$0(84)) - 0216f0c8-24d4-43bc-be04-ed9ede0b1d6e@group-D82398C36925-StateMachineUpdater: snapshotIndex: updateIncreasingly -1 -> 4
2019-10-06 01:04:23,669 [14a49e7b-821a-4fd4-a08d-8b5118141aad@group-BDA2D04995FF-StateMachineUpdater] INFO  impl.StateMachineUpdater (StateMachineUpdater.java:lambda$new$0(84)) - 14a49e7b-821a-4fd4-a08d-8b5118141aad@group-BDA2D04995FF-StateMachineUpdater: snapshotIndex: updateIncreasingly -1 -> 6
2019-10-06 01:04:23,669 [0216f0c8-24d4-43bc-be04-ed9ede0b1d6e@group-D82398C36925-StateMachineUpdater] INFO  ratis.ContainerStateMachine (ContainerStateMachine.java:takeSnapshot(293)) - group-D82398C36925: Taking a snapshot at:(t:1, i:4) file /workdir/hadoop-ozone/integration-test/target/test-dir/MiniOzoneClusterImpl-a4005199-553d-4e0b-bbff-cd07ceedfb02/datanode-4/data/ratis/9abe7fd2-a867-47fb-be72-d82398c36925/sm/snapshot.1_4
2019-10-06 01:04:23,670 [ForkJoinPool.commonPool-worker-0] INFO  impl.RaftServerImpl (ServerState.java:close(387)) - 14a49e7b-821a-4fd4-a08d-8b5118141aad@group-BDA2D04995FF: closes. applyIndex: 6
2019-10-06 01:04:23,670 [14a49e7b-821a-4fd4-a08d-8b5118141aad@group-BDA2D04995FF-SegmentedRaftLogWorker] INFO  segmented.SegmentedRaftLogWorker (SegmentedRaftLogWorker.java:run(316)) - 14a49e7b-821a-4fd4-a08d-8b5118141aad@group-BDA2D04995FF-SegmentedRaftLogWorker was interrupted, exiting. There are 0 tasks remaining in the queue.
2019-10-06 01:04:23,673 [ForkJoinPool.commonPool-worker-0] INFO  segmented.SegmentedRaftLogWorker (SegmentedRaftLogWorker.java:close(224)) - 14a49e7b-821a-4fd4-a08d-8b5118141aad@group-BDA2D04995FF-SegmentedRaftLogWorker close()
2019-10-06 01:04:23,678 [ForkJoinPool.commonPool-worker-0] INFO  impl.RaftServerImpl (RaftServerImpl.java:lambda$shutdown$3(247)) - 14a49e7b-821a-4fd4-a08d-8b5118141aad@group-E1264D7A8C54: shutdown
2019-10-06 01:04:23,678 [ForkJoinPool.commonPool-worker-0] INFO  util.JmxRegister (JmxRegister.java:unregister(73)) - Successfully un-registered JMX Bean with object name Ratis:service=RaftServer,group=group-E1264D7A8C54,id=14a49e7b-821a-4fd4-a08d-8b5118141aad
2019-10-06 01:04:23,678 [ForkJoinPool.commonPool-worker-0] INFO  impl.RoleInfo (RoleInfo.java:shutdownLeaderState(104)) - 14a49e7b-821a-4fd4-a08d-8b5118141aad: shutdown LeaderState
2019-10-06 01:04:23,679 [ForkJoinPool.commonPool-worker-0] INFO  impl.PendingRequests (PendingRequests.java:sendNotLeaderResponses(202)) - 14a49e7b-821a-4fd4-a08d-8b5118141aad@group-E1264D7A8C54-PendingRequests: sendNotLeaderResponses
2019-10-06 01:04:23,679 [ForkJoinPool.commonPool-worker-0] INFO  impl.StateMachineUpdater (StateMachineUpdater.java:stopAndJoin(136)) - 14a49e7b-821a-4fd4-a08d-8b5118141aad@group-E1264D7A8C54-StateMachineUpdater: set stopIndex = 0
2019-10-06 01:04:23,679 [ForkJoinPool.commonPool-worker-0] INFO  impl.RaftServerImpl (ServerState.java:close(387)) - 14a49e7b-821a-4fd4-a08d-8b5118141aad@group-E1264D7A8C54: closes. applyIndex: 0
2019-10-06 01:04:23,680 [14a49e7b-821a-4fd4-a08d-8b5118141aad@group-E1264D7A8C54-SegmentedRaftLogWorker] INFO  segmented.SegmentedRaftLogWorker (SegmentedRaftLogWorker.java:run(316)) - 14a49e7b-821a-4fd4-a08d-8b5118141aad@group-E1264D7A8C54-SegmentedRaftLogWorker was interrupted, exiting. There are 0 tasks remaining in the queue.
2019-10-06 01:04:23,682 [ForkJoinPool.commonPool-worker-0] INFO  segmented.SegmentedRaftLogWorker (SegmentedRaftLogWorker.java:close(224)) - 14a49e7b-821a-4fd4-a08d-8b5118141aad@group-E1264D7A8C54-SegmentedRaftLogWorker close()
2019-10-06 01:04:23,687 [ForkJoinPool.commonPool-worker-0] INFO  server.GrpcService (GrpcService.java:closeImpl(164)) - 14a49e7b-821a-4fd4-a08d-8b5118141aad: shutdown server with port 43101 now
2019-10-06 01:04:23,688 [grpc-default-executor-7] WARN  client.GrpcClientProtocolService (LogUtils.java:warn(134)) - 3-UnorderedRequestStreamObserver3: onError: org.apache.ratis.thirdparty.io.grpc.StatusRuntimeException: CANCELLED: cancelled before receiving half close
2019-10-06 01:04:23,688 [ForkJoinPool.commonPool-worker-0] INFO  server.GrpcService (GrpcService.java:closeImpl(172)) - 14a49e7b-821a-4fd4-a08d-8b5118141aad: shutdown server with port 43101 successfully
2019-10-06 01:04:23,691 [refreshUsed-/workdir/hadoop-ozone/integration-test/target/test-dir/MiniOzoneClusterImpl-a4005199-553d-4e0b-bbff-cd07ceedfb02/datanode-1/data/containers] WARN  fs.CachingGetSpaceUsed (CachingGetSpaceUsed.java:run(183)) - Thread Interrupted waiting to refresh disk information: sleep interrupted
2019-10-06 01:04:23,699 [0216f0c8-24d4-43bc-be04-ed9ede0b1d6e@group-D82398C36925-StateMachineUpdater] INFO  ratis.ContainerStateMachine (ContainerStateMachine.java:takeSnapshot(304)) - group-D82398C36925: Finished taking a snapshot at:(t:1, i:4) file:/workdir/hadoop-ozone/integration-test/target/test-dir/MiniOzoneClusterImpl-a4005199-553d-4e0b-bbff-cd07ceedfb02/datanode-4/data/ratis/9abe7fd2-a867-47fb-be72-d82398c36925/sm/snapshot.1_4 time:30
2019-10-06 01:04:23,699 [0216f0c8-24d4-43bc-be04-ed9ede0b1d6e@group-D82398C36925-StateMachineUpdater] INFO  impl.StateMachineUpdater (StateMachineUpdater.java:takeSnapshot(269)) - 0216f0c8-24d4-43bc-be04-ed9ede0b1d6e@group-D82398C36925-StateMachineUpdater: Took a snapshot at index 4
2019-10-06 01:04:23,699 [0216f0c8-24d4-43bc-be04-ed9ede0b1d6e@group-D82398C36925-StateMachineUpdater] INFO  impl.StateMachineUpdater (StateMachineUpdater.java:lambda$new$0(84)) - 0216f0c8-24d4-43bc-be04-ed9ede0b1d6e@group-D82398C36925-StateMachineUpdater: snapshotIndex: updateIncreasingly 4 -> 4
2019-10-06 01:04:23,699 [main] INFO  impl.RaftServerImpl (ServerState.java:close(387)) - 0216f0c8-24d4-43bc-be04-ed9ede0b1d6e@group-D82398C36925: closes. applyIndex: 6
2019-10-06 01:04:23,700 [0216f0c8-24d4-43bc-be04-ed9ede0b1d6e@group-D82398C36925-SegmentedRaftLogWorker] INFO  segmented.SegmentedRaftLogWorker (SegmentedRaftLogWorker.java:run(316)) - 0216f0c8-24d4-43bc-be04-ed9ede0b1d6e@group-D82398C36925-SegmentedRaftLogWorker was interrupted, exiting. There are 0 tasks remaining in the queue.
2019-10-06 01:04:23,702 [main] INFO  segmented.SegmentedRaftLogWorker (SegmentedRaftLogWorker.java:close(224)) - 0216f0c8-24d4-43bc-be04-ed9ede0b1d6e@group-D82398C36925-SegmentedRaftLogWorker close()
2019-10-06 01:04:23,706 [main] INFO  impl.RaftServerImpl (RaftServerImpl.java:lambda$shutdown$3(247)) - 0216f0c8-24d4-43bc-be04-ed9ede0b1d6e@group-4481822BFD2F: shutdown
2019-10-06 01:04:23,707 [main] INFO  util.JmxRegister (JmxRegister.java:unregister(73)) - Successfully un-registered JMX Bean with object name Ratis:service=RaftServer,group=group-4481822BFD2F,id=0216f0c8-24d4-43bc-be04-ed9ede0b1d6e
2019-10-06 01:04:23,707 [main] INFO  impl.RoleInfo (RoleInfo.java:shutdownLeaderState(104)) - 0216f0c8-24d4-43bc-be04-ed9ede0b1d6e: shutdown LeaderState
2019-10-06 01:04:23,707 [main] INFO  impl.PendingRequests (PendingRequests.java:sendNotLeaderResponses(202)) - 0216f0c8-24d4-43bc-be04-ed9ede0b1d6e@group-4481822BFD2F-PendingRequests: sendNotLeaderResponses
2019-10-06 01:04:23,707 [main] INFO  impl.StateMachineUpdater (StateMachineUpdater.java:stopAndJoin(136)) - 0216f0c8-24d4-43bc-be04-ed9ede0b1d6e@group-4481822BFD2F-StateMachineUpdater: set stopIndex = 0
2019-10-06 01:04:23,707 [main] INFO  impl.RaftServerImpl (ServerState.java:close(387)) - 0216f0c8-24d4-43bc-be04-ed9ede0b1d6e@group-4481822BFD2F: closes. applyIndex: 0
2019-10-06 01:04:23,708 [0216f0c8-24d4-43bc-be04-ed9ede0b1d6e@group-4481822BFD2F-SegmentedRaftLogWorker] INFO  segmented.SegmentedRaftLogWorker (SegmentedRaftLogWorker.java:run(316)) - 0216f0c8-24d4-43bc-be04-ed9ede0b1d6e@group-4481822BFD2F-SegmentedRaftLogWorker was interrupted, exiting. There are 0 tasks remaining in the queue.
2019-10-06 01:04:23,710 [main] INFO  segmented.SegmentedRaftLogWorker (SegmentedRaftLogWorker.java:close(224)) - 0216f0c8-24d4-43bc-be04-ed9ede0b1d6e@group-4481822BFD2F-SegmentedRaftLogWorker close()
2019-10-06 01:04:23,714 [main] INFO  server.GrpcService (GrpcService.java:closeImpl(164)) - 0216f0c8-24d4-43bc-be04-ed9ede0b1d6e: shutdown server with port 34819 now
2019-10-06 01:04:23,714 [grpc-default-executor-7] WARN  server.GrpcServerProtocolService (LogUtils.java:warn(134)) - 0216f0c8-24d4-43bc-be04-ed9ede0b1d6e: installSnapshot onError, lastRequest: 0ae06c2c-b65e-4bd4-be05-bfb9cf30240d->0216f0c8-24d4-43bc-be04-ed9ede0b1d6e#9-t1, previous=(t:1, i:6), leaderCommit=6, initializing? false, entries: <empty>: org.apache.ratis.thirdparty.io.grpc.StatusRuntimeException: CANCELLED: cancelled before receiving half close
2019-10-06 01:04:23,714 [grpc-default-executor-9] WARN  server.GrpcLogAppender (LogUtils.java:warn(134)) - 0ae06c2c-b65e-4bd4-be05-bfb9cf30240d@group-D82398C36925->0216f0c8-24d4-43bc-be04-ed9ede0b1d6e-AppendLogResponseHandler: Failed appendEntries: org.apache.ratis.thirdparty.io.grpc.StatusRuntimeException: CANCELLED: HTTP/2 error code: CANCEL
Received Rst Stream
2019-10-06 01:04:23,714 [main] INFO  server.GrpcService (GrpcService.java:closeImpl(172)) - 0216f0c8-24d4-43bc-be04-ed9ede0b1d6e: shutdown server with port 34819 successfully
2019-10-06 01:04:23,715 [grpc-default-executor-9] INFO  impl.FollowerInfo (FollowerInfo.java:lambda$new$0(51)) - 0ae06c2c-b65e-4bd4-be05-bfb9cf30240d@group-D82398C36925->0216f0c8-24d4-43bc-be04-ed9ede0b1d6e: nextIndex: updateUnconditionally 7 -> 6
2019-10-06 01:04:23,717 [refreshUsed-/workdir/hadoop-ozone/integration-test/target/test-dir/MiniOzoneClusterImpl-a4005199-553d-4e0b-bbff-cd07ceedfb02/datanode-4/data/containers] WARN  fs.CachingGetSpaceUsed (CachingGetSpaceUsed.java:run(183)) - Thread Interrupted waiting to refresh disk information: sleep interrupted
2019-10-06 01:04:23,722 [ForkJoinPool.commonPool-worker-0] INFO  utils.BackgroundService (BackgroundService.java:shutdown(148)) - Shutting down service BlockDeletingService
2019-10-06 01:04:23,730 [ForkJoinPool.commonPool-worker-0] INFO  statemachine.DatanodeStateMachine (DatanodeStateMachine.java:stopDaemon(395)) - Ozone container server stopped.
2019-10-06 01:04:23,736 [ForkJoinPool.commonPool-worker-0] INFO  handler.ContextHandler (ContextHandler.java:doStop(910)) - Stopped o.e.j.w.WebAppContext@1bfa3893{/,null,UNAVAILABLE}{/hddsDatanode}
2019-10-06 01:04:23,737 [ForkJoinPool.commonPool-worker-0] INFO  server.AbstractConnector (AbstractConnector.java:doStop(318)) - Stopped ServerConnector@70f85235{HTTP/1.1,[http/1.1]}{0.0.0.0:0}
2019-10-06 01:04:23,751 [ForkJoinPool.commonPool-worker-0] INFO  handler.ContextHandler (ContextHandler.java:doStop(910)) - Stopped o.e.j.s.ServletContextHandler@67a0ff25{/static,jar:file:/home/user/.m2/repository/org/apache/hadoop/hadoop-hdds-container-service/0.5.0-SNAPSHOT/hadoop-hdds-container-service-0.5.0-SNAPSHOT.jar!/webapps/static,UNAVAILABLE}
2019-10-06 01:04:23,751 [ForkJoinPool.commonPool-worker-0] INFO  handler.ContextHandler (ContextHandler.java:doStop(910)) - Stopped o.e.j.s.ServletContextHandler@4dd1d2bb{/logs,file:///workdir/hadoop-ozone/integration-test/target/log,UNAVAILABLE}
2019-10-06 01:04:23,755 [main] INFO  utils.BackgroundService (BackgroundService.java:shutdown(148)) - Shutting down service BlockDeletingService
2019-10-06 01:04:23,761 [main] INFO  statemachine.DatanodeStateMachine (DatanodeStateMachine.java:stopDaemon(395)) - Ozone container server stopped.
2019-10-06 01:04:23,762 [main] INFO  handler.ContextHandler (ContextHandler.java:doStop(910)) - Stopped o.e.j.w.WebAppContext@466fedfa{/,null,UNAVAILABLE}{/hddsDatanode}
2019-10-06 01:04:23,762 [main] INFO  server.AbstractConnector (AbstractConnector.java:doStop(318)) - Stopped ServerConnector@1a7d0c9f{HTTP/1.1,[http/1.1]}{0.0.0.0:0}
2019-10-06 01:04:23,763 [main] INFO  handler.ContextHandler (ContextHandler.java:doStop(910)) - Stopped o.e.j.s.ServletContextHandler@3f6f9cef{/static,jar:file:/home/user/.m2/repository/org/apache/hadoop/hadoop-hdds-container-service/0.5.0-SNAPSHOT/hadoop-hdds-container-service-0.5.0-SNAPSHOT.jar!/webapps/static,UNAVAILABLE}
2019-10-06 01:04:23,763 [main] INFO  handler.ContextHandler (ContextHandler.java:doStop(910)) - Stopped o.e.j.s.ServletContextHandler@2a667f44{/logs,file:///workdir/hadoop-ozone/integration-test/target/log,UNAVAILABLE}
2019-10-06 01:04:24,137 [Datanode State Machine Thread - 0] INFO  statemachine.DatanodeStateMachine (DatanodeStateMachine.java:lambda$startDaemon$0(350)) - Ozone container server started.
2019-10-06 01:04:24,215 [Datanode State Machine Thread - 0] INFO  statemachine.DatanodeStateMachine (DatanodeStateMachine.java:lambda$startDaemon$0(350)) - Ozone container server started.
2019-10-06 01:04:26,066 [grpc-default-executor-2] WARN  server.GrpcLogAppender (LogUtils.java:warn(134)) - 0ae06c2c-b65e-4bd4-be05-bfb9cf30240d@group-D82398C36925->0216f0c8-24d4-43bc-be04-ed9ede0b1d6e-AppendLogResponseHandler: Failed appendEntries: org.apache.ratis.thirdparty.io.grpc.StatusRuntimeException: UNAVAILABLE: io exception
2019-10-06 01:04:26,067 [grpc-default-executor-2] INFO  impl.FollowerInfo (FollowerInfo.java:lambda$new$0(51)) - 0ae06c2c-b65e-4bd4-be05-bfb9cf30240d@group-D82398C36925->0216f0c8-24d4-43bc-be04-ed9ede0b1d6e: nextIndex: updateUnconditionally 6 -> 5
2019-10-06 01:04:26,528 [grpc-default-executor-9] WARN  server.GrpcLogAppender (LogUtils.java:warn(134)) - 0ae06c2c-b65e-4bd4-be05-bfb9cf30240d@group-D82398C36925->0216f0c8-24d4-43bc-be04-ed9ede0b1d6e-AppendLogResponseHandler: Failed appendEntries: org.apache.ratis.thirdparty.io.grpc.StatusRuntimeException: UNAVAILABLE: io exception
2019-10-06 01:04:26,528 [grpc-default-executor-9] INFO  impl.FollowerInfo (FollowerInfo.java:lambda$new$0(51)) - 0ae06c2c-b65e-4bd4-be05-bfb9cf30240d@group-D82398C36925->0216f0c8-24d4-43bc-be04-ed9ede0b1d6e: nextIndex: updateUnconditionally 6 -> 5
2019-10-06 01:04:26,540 [grpc-default-executor-2] WARN  server.GrpcLogAppender (LogUtils.java:warn(134)) - 0ae06c2c-b65e-4bd4-be05-bfb9cf30240d@group-D82398C36925->0216f0c8-24d4-43bc-be04-ed9ede0b1d6e-AppendLogResponseHandler: Failed appendEntries: org.apache.ratis.thirdparty.io.grpc.StatusRuntimeException: UNAVAILABLE: io exception
2019-10-06 01:04:26,540 [grpc-default-executor-2] INFO  impl.FollowerInfo (FollowerInfo.java:lambda$new$0(51)) - 0ae06c2c-b65e-4bd4-be05-bfb9cf30240d@group-D82398C36925->0216f0c8-24d4-43bc-be04-ed9ede0b1d6e: nextIndex: updateUnconditionally 6 -> 5
2019-10-06 01:04:26,552 [grpc-default-executor-9] WARN  server.GrpcLogAppender (LogUtils.java:warn(134)) - 0ae06c2c-b65e-4bd4-be05-bfb9cf30240d@group-D82398C36925->0216f0c8-24d4-43bc-be04-ed9ede0b1d6e-AppendLogResponseHandler: Failed appendEntries: org.apache.ratis.thirdparty.io.grpc.StatusRuntimeException: UNAVAILABLE: io exception
2019-10-06 01:04:26,552 [grpc-default-executor-9] INFO  impl.FollowerInfo (FollowerInfo.java:lambda$new$0(51)) - 0ae06c2c-b65e-4bd4-be05-bfb9cf30240d@group-D82398C36925->0216f0c8-24d4-43bc-be04-ed9ede0b1d6e: nextIndex: updateUnconditionally 6 -> 5
2019-10-06 01:04:26,565 [RatisApplyTransactionExecutor 2] INFO  interfaces.Container (KeyValueContainer.java:flushAndSyncDB(386)) - Container 2 is synced with bcsId 4.
2019-10-06 01:04:26,565 [RatisApplyTransactionExecutor 2] INFO  interfaces.Container (KeyValueContainer.java:flushAndSyncDB(386)) - Container 2 is synced with bcsId 4.
2019-10-06 01:04:26,565 [RatisApplyTransactionExecutor 2] INFO  interfaces.Container (KeyValueContainer.java:flushAndSyncDB(386)) - Container 2 is synced with bcsId 4.
2019-10-06 01:04:26,566 [RatisApplyTransactionExecutor 2] INFO  interfaces.Container (KeyValueContainer.java:flushAndSyncDB(386)) - Container 2 is synced with bcsId 4.
2019-10-06 01:04:26,580 [RatisApplyTransactionExecutor 2] INFO  interfaces.Container (KeyValueContainer.java:close(335)) - Container 2 is closed with bcsId 4.
2019-10-06 01:04:26,580 [RatisApplyTransactionExecutor 2] INFO  interfaces.Container (KeyValueContainer.java:close(335)) - Container 2 is closed with bcsId 4.
2019-10-06 01:04:26,581 [EventQueue-IncrementalContainerReportForIncrementalContainerReportHandler] INFO  container.IncrementalContainerReportHandler (AbstractContainerReportHandler.java:updateContainerState(176)) - Moving container #2 to CLOSED state, datanode ce3173c5-5540-4385-8231-d133d6b995d8{ip: 192.168.30.55, host: pr-hdds-2233-w5czk-1584650955, networkLocation: /default-rack, certSerialId: null} reported CLOSED replica.
2019-10-06 01:04:28,234 [EventQueue-StaleNodeForStaleNodeHandler] INFO  node.StaleNodeHandler (StaleNodeHandler.java:onMessage(58)) - Datanode dd43951f-fd9b-40ce-9d54-abf1e172228e{ip: 192.168.30.55, host: pr-hdds-2233-w5czk-1584650955, networkLocation: /default-rack, certSerialId: null} moved to stale state. Finalizing its pipelines [PipelineID=0e3384c7-8ac4-4e53-954b-2178bd10a9fa, PipelineID=5c7ef566-a996-485b-a13b-bda2d04995ff]
2019-10-06 01:04:28,235 [EventQueue-StaleNodeForStaleNodeHandler] INFO  pipeline.SCMPipelineManager (SCMPipelineManager.java:finalizeAndDestroyPipeline(315)) - destroying pipeline:Pipeline[ Id: 0e3384c7-8ac4-4e53-954b-2178bd10a9fa, Nodes: dd43951f-fd9b-40ce-9d54-abf1e172228e{ip: 192.168.30.55, host: pr-hdds-2233-w5czk-1584650955, networkLocation: /default-rack, certSerialId: null}, Type:RATIS, Factor:ONE, State:OPEN]
2019-10-06 01:04:28,235 [EventQueue-StaleNodeForStaleNodeHandler] INFO  pipeline.PipelineStateManager (PipelineStateManager.java:finalizePipeline(123)) - Pipeline Pipeline[ Id: 0e3384c7-8ac4-4e53-954b-2178bd10a9fa, Nodes: dd43951f-fd9b-40ce-9d54-abf1e172228e{ip: 192.168.30.55, host: pr-hdds-2233-w5czk-1584650955, networkLocation: /default-rack, certSerialId: null}, Type:RATIS, Factor:ONE, State:CLOSED] moved to CLOSED state
2019-10-06 01:04:28,236 [EventQueue-StaleNodeForStaleNodeHandler] INFO  pipeline.SCMPipelineManager (SCMPipelineManager.java:finalizeAndDestroyPipeline(315)) - destroying pipeline:Pipeline[ Id: 5c7ef566-a996-485b-a13b-bda2d04995ff, Nodes: dd43951f-fd9b-40ce-9d54-abf1e172228e{ip: 192.168.30.55, host: pr-hdds-2233-w5czk-1584650955, networkLocation: /default-rack, certSerialId: null}14a49e7b-821a-4fd4-a08d-8b5118141aad{ip: 192.168.30.55, host: pr-hdds-2233-w5czk-1584650955, networkLocation: /default-rack, certSerialId: null}fae8fe5f-3f5a-4647-a1dd-1848d738c051{ip: 192.168.30.55, host: pr-hdds-2233-w5czk-1584650955, networkLocation: /default-rack, certSerialId: null}, Type:RATIS, Factor:THREE, State:CLOSED]
2019-10-06 01:04:28,236 [EventQueue-StaleNodeForStaleNodeHandler] INFO  node.StaleNodeHandler (StaleNodeHandler.java:onMessage(58)) - Datanode 34df7c7d-467d-4e9b-b5d5-ec817f1ff900{ip: 192.168.30.55, host: pr-hdds-2233-w5czk-1584650955, networkLocation: /default-rack, certSerialId: null} moved to stale state. Finalizing its pipelines [PipelineID=2216210b-e163-4ca4-bf2a-ac86b05a2e6d]
2019-10-06 01:04:28,236 [EventQueue-StaleNodeForStaleNodeHandler] INFO  pipeline.SCMPipelineManager (SCMPipelineManager.java:finalizeAndDestroyPipeline(315)) - destroying pipeline:Pipeline[ Id: 2216210b-e163-4ca4-bf2a-ac86b05a2e6d, Nodes: 34df7c7d-467d-4e9b-b5d5-ec817f1ff900{ip: 192.168.30.55, host: pr-hdds-2233-w5czk-1584650955, networkLocation: /default-rack, certSerialId: null}, Type:RATIS, Factor:ONE, State:OPEN]
2019-10-06 01:04:28,236 [EventQueue-StaleNodeForStaleNodeHandler] INFO  pipeline.PipelineStateManager (PipelineStateManager.java:finalizePipeline(123)) - Pipeline Pipeline[ Id: 2216210b-e163-4ca4-bf2a-ac86b05a2e6d, Nodes: 34df7c7d-467d-4e9b-b5d5-ec817f1ff900{ip: 192.168.30.55, host: pr-hdds-2233-w5czk-1584650955, networkLocation: /default-rack, certSerialId: null}, Type:RATIS, Factor:ONE, State:CLOSED] moved to CLOSED state
2019-10-06 01:04:28,754 [ForkJoinPool.commonPool-worker-0] INFO  ozoneimpl.OzoneContainer (OzoneContainer.java:stop(231)) - Attempting to stop container services.
2019-10-06 01:04:28,756 [ForkJoinPool.commonPool-worker-0] INFO  impl.RaftServerProxy (RaftServerProxy.java:lambda$close$4(314)) - dd43951f-fd9b-40ce-9d54-abf1e172228e: close
2019-10-06 01:04:28,756 [ForkJoinPool.commonPool-worker-0] INFO  impl.RaftServerImpl (RaftServerImpl.java:lambda$shutdown$3(247)) - dd43951f-fd9b-40ce-9d54-abf1e172228e@group-2178BD10A9FA: shutdown
2019-10-06 01:04:28,757 [ForkJoinPool.commonPool-worker-0] INFO  util.JmxRegister (JmxRegister.java:unregister(73)) - Successfully un-registered JMX Bean with object name Ratis:service=RaftServer,group=group-2178BD10A9FA,id=dd43951f-fd9b-40ce-9d54-abf1e172228e
2019-10-06 01:04:28,757 [ForkJoinPool.commonPool-worker-0] INFO  impl.RoleInfo (RoleInfo.java:shutdownLeaderState(104)) - dd43951f-fd9b-40ce-9d54-abf1e172228e: shutdown LeaderState
2019-10-06 01:04:28,757 [ForkJoinPool.commonPool-worker-0] INFO  impl.PendingRequests (PendingRequests.java:sendNotLeaderResponses(202)) - dd43951f-fd9b-40ce-9d54-abf1e172228e@group-2178BD10A9FA-PendingRequests: sendNotLeaderResponses
2019-10-06 01:04:28,757 [ForkJoinPool.commonPool-worker-0] INFO  impl.StateMachineUpdater (StateMachineUpdater.java:stopAndJoin(136)) - dd43951f-fd9b-40ce-9d54-abf1e172228e@group-2178BD10A9FA-StateMachineUpdater: set stopIndex = 0
2019-10-06 01:04:28,758 [ForkJoinPool.commonPool-worker-0] INFO  impl.RaftServerImpl (ServerState.java:close(387)) - dd43951f-fd9b-40ce-9d54-abf1e172228e@group-2178BD10A9FA: closes. applyIndex: 0
2019-10-06 01:04:28,758 [dd43951f-fd9b-40ce-9d54-abf1e172228e@group-2178BD10A9FA-SegmentedRaftLogWorker] INFO  segmented.SegmentedRaftLogWorker (SegmentedRaftLogWorker.java:run(316)) - dd43951f-fd9b-40ce-9d54-abf1e172228e@group-2178BD10A9FA-SegmentedRaftLogWorker was interrupted, exiting. There are 0 tasks remaining in the queue.
2019-10-06 01:04:28,760 [ForkJoinPool.commonPool-worker-0] INFO  segmented.SegmentedRaftLogWorker (SegmentedRaftLogWorker.java:close(224)) - dd43951f-fd9b-40ce-9d54-abf1e172228e@group-2178BD10A9FA-SegmentedRaftLogWorker close()
2019-10-06 01:04:28,763 [ForkJoinPool.commonPool-worker-0] INFO  impl.RaftServerImpl (RaftServerImpl.java:lambda$shutdown$3(247)) - dd43951f-fd9b-40ce-9d54-abf1e172228e@group-BDA2D04995FF: shutdown
2019-10-06 01:04:28,763 [ForkJoinPool.commonPool-worker-0] INFO  util.JmxRegister (JmxRegister.java:unregister(73)) - Successfully un-registered JMX Bean with object name Ratis:service=RaftServer,group=group-BDA2D04995FF,id=dd43951f-fd9b-40ce-9d54-abf1e172228e
2019-10-06 01:04:28,763 [ForkJoinPool.commonPool-worker-0] INFO  impl.RoleInfo (RoleInfo.java:shutdownFollowerState(121)) - dd43951f-fd9b-40ce-9d54-abf1e172228e: shutdown FollowerState
2019-10-06 01:04:28,763 [ForkJoinPool.commonPool-worker-0] INFO  impl.StateMachineUpdater (StateMachineUpdater.java:stopAndJoin(136)) - dd43951f-fd9b-40ce-9d54-abf1e172228e@group-BDA2D04995FF-StateMachineUpdater: set stopIndex = 6
2019-10-06 01:04:28,763 [dd43951f-fd9b-40ce-9d54-abf1e172228e@group-BDA2D04995FF-StateMachineUpdater] INFO  ratis.ContainerStateMachine (ContainerStateMachine.java:takeSnapshot(293)) - group-BDA2D04995FF: Taking a snapshot at:(t:1, i:6) file /workdir/hadoop-ozone/integration-test/target/test-dir/MiniOzoneClusterImpl-a4005199-553d-4e0b-bbff-cd07ceedfb02/datanode-2/data/ratis/5c7ef566-a996-485b-a13b-bda2d04995ff/sm/snapshot.1_6
2019-10-06 01:04:28,763 [Thread-4683] INFO  impl.FollowerState (FollowerState.java:run(117)) - dd43951f-fd9b-40ce-9d54-abf1e172228e@group-BDA2D04995FF-FollowerState was interrupted: java.lang.InterruptedException: sleep interrupted
2019-10-06 01:04:28,766 [main] INFO  ozoneimpl.OzoneContainer (OzoneContainer.java:stop(231)) - Attempting to stop container services.
2019-10-06 01:04:28,766 [main] INFO  impl.RaftServerProxy (RaftServerProxy.java:lambda$close$4(314)) - 34df7c7d-467d-4e9b-b5d5-ec817f1ff900: close
2019-10-06 01:04:28,767 [main] INFO  impl.RaftServerImpl (RaftServerImpl.java:lambda$shutdown$3(247)) - 34df7c7d-467d-4e9b-b5d5-ec817f1ff900@group-AC86B05A2E6D: shutdown
2019-10-06 01:04:28,767 [main] INFO  util.JmxRegister (JmxRegister.java:unregister(73)) - Successfully un-registered JMX Bean with object name Ratis:service=RaftServer,group=group-AC86B05A2E6D,id=34df7c7d-467d-4e9b-b5d5-ec817f1ff900
2019-10-06 01:04:28,767 [main] INFO  impl.RoleInfo (RoleInfo.java:shutdownLeaderState(104)) - 34df7c7d-467d-4e9b-b5d5-ec817f1ff900: shutdown LeaderState
2019-10-06 01:04:28,768 [main] INFO  impl.PendingRequests (PendingRequests.java:sendNotLeaderResponses(202)) - 34df7c7d-467d-4e9b-b5d5-ec817f1ff900@group-AC86B05A2E6D-PendingRequests: sendNotLeaderResponses
2019-10-06 01:04:28,768 [main] INFO  impl.StateMachineUpdater (StateMachineUpdater.java:stopAndJoin(136)) - 34df7c7d-467d-4e9b-b5d5-ec817f1ff900@group-AC86B05A2E6D-StateMachineUpdater: set stopIndex = 0
2019-10-06 01:04:28,768 [main] INFO  impl.RaftServerImpl (ServerState.java:close(387)) - 34df7c7d-467d-4e9b-b5d5-ec817f1ff900@group-AC86B05A2E6D: closes. applyIndex: 0
2019-10-06 01:04:28,769 [34df7c7d-467d-4e9b-b5d5-ec817f1ff900@group-AC86B05A2E6D-SegmentedRaftLogWorker] INFO  segmented.SegmentedRaftLogWorker (SegmentedRaftLogWorker.java:run(316)) - 34df7c7d-467d-4e9b-b5d5-ec817f1ff900@group-AC86B05A2E6D-SegmentedRaftLogWorker was interrupted, exiting. There are 0 tasks remaining in the queue.
2019-10-06 01:04:28,771 [main] INFO  segmented.SegmentedRaftLogWorker (SegmentedRaftLogWorker.java:close(224)) - 34df7c7d-467d-4e9b-b5d5-ec817f1ff900@group-AC86B05A2E6D-SegmentedRaftLogWorker close()
2019-10-06 01:04:28,774 [main] INFO  server.GrpcService (GrpcService.java:closeImpl(164)) - 34df7c7d-467d-4e9b-b5d5-ec817f1ff900: shutdown server with port 36233 now
2019-10-06 01:04:28,774 [main] INFO  server.GrpcService (GrpcService.java:closeImpl(172)) - 34df7c7d-467d-4e9b-b5d5-ec817f1ff900: shutdown server with port 36233 successfully
2019-10-06 01:04:28,776 [refreshUsed-/workdir/hadoop-ozone/integration-test/target/test-dir/MiniOzoneClusterImpl-a4005199-553d-4e0b-bbff-cd07ceedfb02/datanode-3/data/containers] WARN  fs.CachingGetSpaceUsed (CachingGetSpaceUsed.java:run(183)) - Thread Interrupted waiting to refresh disk information: sleep interrupted
2019-10-06 01:04:28,778 [dd43951f-fd9b-40ce-9d54-abf1e172228e@group-BDA2D04995FF-StateMachineUpdater] INFO  ratis.ContainerStateMachine (ContainerStateMachine.java:takeSnapshot(304)) - group-BDA2D04995FF: Finished taking a snapshot at:(t:1, i:6) file:/workdir/hadoop-ozone/integration-test/target/test-dir/MiniOzoneClusterImpl-a4005199-553d-4e0b-bbff-cd07ceedfb02/datanode-2/data/ratis/5c7ef566-a996-485b-a13b-bda2d04995ff/sm/snapshot.1_6 time:15
2019-10-06 01:04:28,779 [dd43951f-fd9b-40ce-9d54-abf1e172228e@group-BDA2D04995FF-StateMachineUpdater] INFO  impl.StateMachineUpdater (StateMachineUpdater.java:takeSnapshot(269)) - dd43951f-fd9b-40ce-9d54-abf1e172228e@group-BDA2D04995FF-StateMachineUpdater: Took a snapshot at index 6
2019-10-06 01:04:28,779 [dd43951f-fd9b-40ce-9d54-abf1e172228e@group-BDA2D04995FF-StateMachineUpdater] INFO  impl.StateMachineUpdater (StateMachineUpdater.java:lambda$new$0(84)) - dd43951f-fd9b-40ce-9d54-abf1e172228e@group-BDA2D04995FF-StateMachineUpdater: snapshotIndex: updateIncreasingly -1 -> 6
2019-10-06 01:04:28,779 [ForkJoinPool.commonPool-worker-0] INFO  impl.RaftServerImpl (ServerState.java:close(387)) - dd43951f-fd9b-40ce-9d54-abf1e172228e@group-BDA2D04995FF: closes. applyIndex: 6
2019-10-06 01:04:28,779 [dd43951f-fd9b-40ce-9d54-abf1e172228e@group-BDA2D04995FF-SegmentedRaftLogWorker] INFO  segmented.SegmentedRaftLogWorker (SegmentedRaftLogWorker.java:run(316)) - dd43951f-fd9b-40ce-9d54-abf1e172228e@group-BDA2D04995FF-SegmentedRaftLogWorker was interrupted, exiting. There are 0 tasks remaining in the queue.
2019-10-06 01:04:28,781 [ForkJoinPool.commonPool-worker-0] INFO  segmented.SegmentedRaftLogWorker (SegmentedRaftLogWorker.java:close(224)) - dd43951f-fd9b-40ce-9d54-abf1e172228e@group-BDA2D04995FF-SegmentedRaftLogWorker close()
2019-10-06 01:04:28,792 [ForkJoinPool.commonPool-worker-0] INFO  server.GrpcService (GrpcService.java:closeImpl(164)) - dd43951f-fd9b-40ce-9d54-abf1e172228e: shutdown server with port 34936 now
2019-10-06 01:04:28,792 [ForkJoinPool.commonPool-worker-0] INFO  server.GrpcService (GrpcService.java:closeImpl(172)) - dd43951f-fd9b-40ce-9d54-abf1e172228e: shutdown server with port 34936 successfully
2019-10-06 01:04:28,794 [refreshUsed-/workdir/hadoop-ozone/integration-test/target/test-dir/MiniOzoneClusterImpl-a4005199-553d-4e0b-bbff-cd07ceedfb02/datanode-2/data/containers] WARN  fs.CachingGetSpaceUsed (CachingGetSpaceUsed.java:run(183)) - Thread Interrupted waiting to refresh disk information: sleep interrupted
2019-10-06 01:04:28,803 [main] INFO  utils.BackgroundService (BackgroundService.java:shutdown(148)) - Shutting down service BlockDeletingService
2019-10-06 01:04:28,808 [main] INFO  statemachine.DatanodeStateMachine (DatanodeStateMachine.java:stopDaemon(395)) - Ozone container server stopped.
2019-10-06 01:04:28,810 [main] INFO  handler.ContextHandler (ContextHandler.java:doStop(910)) - Stopped o.e.j.w.WebAppContext@5341e71a{/,null,UNAVAILABLE}{/hddsDatanode}
2019-10-06 01:04:28,811 [main] INFO  server.AbstractConnector (AbstractConnector.java:doStop(318)) - Stopped ServerConnector@405d8a80{HTTP/1.1,[http/1.1]}{0.0.0.0:0}
2019-10-06 01:04:28,811 [main] INFO  handler.ContextHandler (ContextHandler.java:doStop(910)) - Stopped o.e.j.s.ServletContextHandler@763b0996{/static,jar:file:/home/user/.m2/repository/org/apache/hadoop/hadoop-hdds-container-service/0.5.0-SNAPSHOT/hadoop-hdds-container-service-0.5.0-SNAPSHOT.jar!/webapps/static,UNAVAILABLE}
2019-10-06 01:04:28,812 [main] INFO  handler.ContextHandler (ContextHandler.java:doStop(910)) - Stopped o.e.j.s.ServletContextHandler@ab327c{/logs,file:///workdir/hadoop-ozone/integration-test/target/log,UNAVAILABLE}
2019-10-06 01:04:28,813 [ForkJoinPool.commonPool-worker-0] INFO  utils.BackgroundService (BackgroundService.java:shutdown(148)) - Shutting down service BlockDeletingService
2019-10-06 01:04:28,817 [ForkJoinPool.commonPool-worker-0] INFO  statemachine.DatanodeStateMachine (DatanodeStateMachine.java:stopDaemon(395)) - Ozone container server stopped.
2019-10-06 01:04:28,820 [ForkJoinPool.commonPool-worker-0] INFO  handler.ContextHandler (ContextHandler.java:doStop(910)) - Stopped o.e.j.w.WebAppContext@43755e2f{/,null,UNAVAILABLE}{/hddsDatanode}
2019-10-06 01:04:28,821 [ForkJoinPool.commonPool-worker-0] INFO  server.AbstractConnector (AbstractConnector.java:doStop(318)) - Stopped ServerConnector@3d71e10b{HTTP/1.1,[http/1.1]}{0.0.0.0:0}
2019-10-06 01:04:28,821 [ForkJoinPool.commonPool-worker-0] INFO  handler.ContextHandler (ContextHandler.java:doStop(910)) - Stopped o.e.j.s.ServletContextHandler@3d88ce0e{/static,jar:file:/home/user/.m2/repository/org/apache/hadoop/hadoop-hdds-container-service/0.5.0-SNAPSHOT/hadoop-hdds-container-service-0.5.0-SNAPSHOT.jar!/webapps/static,UNAVAILABLE}
2019-10-06 01:04:28,821 [ForkJoinPool.commonPool-worker-0] INFO  handler.ContextHandler (ContextHandler.java:doStop(910)) - Stopped o.e.j.s.ServletContextHandler@2a5c6b76{/logs,file:///workdir/hadoop-ozone/integration-test/target/log,UNAVAILABLE}
2019-10-06 01:04:29,053 [grpc-default-executor-6] WARN  server.GrpcLogAppender (LogUtils.java:warn(134)) - 0ae06c2c-b65e-4bd4-be05-bfb9cf30240d@group-D82398C36925->0216f0c8-24d4-43bc-be04-ed9ede0b1d6e-AppendLogResponseHandler: Failed appendEntries: org.apache.ratis.thirdparty.io.grpc.StatusRuntimeException: UNAVAILABLE: io exception
2019-10-06 01:04:29,054 [grpc-default-executor-6] INFO  impl.FollowerInfo (FollowerInfo.java:lambda$new$0(51)) - 0ae06c2c-b65e-4bd4-be05-bfb9cf30240d@group-D82398C36925->0216f0c8-24d4-43bc-be04-ed9ede0b1d6e: nextIndex: updateUnconditionally 5 -> 4
2019-10-06 01:04:29,229 [Datanode State Machine Thread - 0] INFO  statemachine.DatanodeStateMachine (DatanodeStateMachine.java:lambda$startDaemon$0(350)) - Ozone container server started.
2019-10-06 01:04:29,581 [Datanode State Machine Thread - 0] INFO  statemachine.DatanodeStateMachine (DatanodeStateMachine.java:lambda$startDaemon$0(350)) - Ozone container server started.
2019-10-06 01:04:30,596 [Thread-4682] INFO  impl.FollowerState (FollowerState.java:run(108)) - fae8fe5f-3f5a-4647-a1dd-1848d738c051@group-BDA2D04995FF-FollowerState: change to CANDIDATE, lastRpcTime:9340ms, electionTimeout:5194ms
2019-10-06 01:04:30,596 [Thread-4682] INFO  impl.RoleInfo (RoleInfo.java:shutdownFollowerState(121)) - fae8fe5f-3f5a-4647-a1dd-1848d738c051: shutdown FollowerState
2019-10-06 01:04:30,596 [Thread-4682] INFO  impl.RaftServerImpl (RaftServerImpl.java:setRole(170)) - fae8fe5f-3f5a-4647-a1dd-1848d738c051@group-BDA2D04995FF: changes role from  FOLLOWER to CANDIDATE at term 1 for changeToCandidate
2019-10-06 01:04:30,596 [Thread-4682] INFO  impl.RoleInfo (RoleInfo.java:updateAndGet(143)) - fae8fe5f-3f5a-4647-a1dd-1848d738c051: start LeaderElection
2019-10-06 01:04:30,599 [fae8fe5f-3f5a-4647-a1dd-1848d738c051@group-BDA2D04995FF-LeaderElection117] INFO  impl.RaftServerImpl (ServerState.java:setLeader(255)) - fae8fe5f-3f5a-4647-a1dd-1848d738c051@group-BDA2D04995FF: change Leader from 14a49e7b-821a-4fd4-a08d-8b5118141aad to null at term 1 for initElection
2019-10-06 01:04:30,615 [fae8fe5f-3f5a-4647-a1dd-1848d738c051@group-BDA2D04995FF-LeaderElection117] INFO  impl.LeaderElection (LeaderElection.java:askForVotes(178)) - fae8fe5f-3f5a-4647-a1dd-1848d738c051@group-BDA2D04995FF-LeaderElection117: begin an election at term 2 for 0: [14a49e7b-821a-4fd4-a08d-8b5118141aad:192.168.30.55:43101, fae8fe5f-3f5a-4647-a1dd-1848d738c051:192.168.30.55:45977, dd43951f-fd9b-40ce-9d54-abf1e172228e:192.168.30.55:34936], old=null
2019-10-06 01:04:30,618 [fae8fe5f-3f5a-4647-a1dd-1848d738c051@group-BDA2D04995FF-LeaderElection117] INFO  impl.LeaderElection (LogUtils.java:infoOrTrace(149)) - fae8fe5f-3f5a-4647-a1dd-1848d738c051@group-BDA2D04995FF-LeaderElection117 got exception when requesting votes: {}
java.util.concurrent.ExecutionException: org.apache.ratis.thirdparty.io.grpc.StatusRuntimeException: UNAVAILABLE: io exception
	at java.util.concurrent.FutureTask.report(FutureTask.java:122)
	at java.util.concurrent.FutureTask.get(FutureTask.java:192)
	at org.apache.ratis.server.impl.LeaderElection.waitForResults(LeaderElection.java:259)
	at org.apache.ratis.server.impl.LeaderElection.askForVotes(LeaderElection.java:197)
	at org.apache.ratis.server.impl.LeaderElection.run(LeaderElection.java:133)
	at java.lang.Thread.run(Thread.java:748)
Caused by: org.apache.ratis.thirdparty.io.grpc.StatusRuntimeException: UNAVAILABLE: io exception
	at org.apache.ratis.thirdparty.io.grpc.stub.ClientCalls.toStatusRuntimeException(ClientCalls.java:233)
	at org.apache.ratis.thirdparty.io.grpc.stub.ClientCalls.getUnchecked(ClientCalls.java:214)
	at org.apache.ratis.thirdparty.io.grpc.stub.ClientCalls.blockingUnaryCall(ClientCalls.java:139)
	at org.apache.ratis.proto.grpc.RaftServerProtocolServiceGrpc$RaftServerProtocolServiceBlockingStub.requestVote(RaftServerProtocolServiceGrpc.java:265)
	at org.apache.ratis.grpc.server.GrpcServerProtocolClient.requestVote(GrpcServerProtocolClient.java:99)
	at org.apache.ratis.grpc.server.GrpcService.requestVote(GrpcService.java:204)
	at org.apache.ratis.server.impl.LeaderElection.lambda$submitRequests$1(LeaderElection.java:234)
	at java.util.concurrent.FutureTask.run(FutureTask.java:266)
	at java.util.concurrent.Executors$RunnableAdapter.call(Executors.java:511)
	at java.util.concurrent.FutureTask.run(FutureTask.java:266)
	at java.util.concurrent.ThreadPoolExecutor.runWorker(ThreadPoolExecutor.java:1149)
	at java.util.concurrent.ThreadPoolExecutor$Worker.run(ThreadPoolExecutor.java:624)
	... 1 more
Caused by: org.apache.ratis.thirdparty.io.netty.channel.AbstractChannel$AnnotatedConnectException: Connection refused: /192.168.30.55:34936
	at sun.nio.ch.SocketChannelImpl.checkConnect(Native Method)
	at sun.nio.ch.SocketChannelImpl.finishConnect(SocketChannelImpl.java:717)
	at org.apache.ratis.thirdparty.io.netty.channel.socket.nio.NioSocketChannel.doFinishConnect(NioSocketChannel.java:327)
	at org.apache.ratis.thirdparty.io.netty.channel.nio.AbstractNioChannel$AbstractNioUnsafe.finishConnect(AbstractNioChannel.java:340)
	at org.apache.ratis.thirdparty.io.netty.channel.nio.NioEventLoop.processSelectedKey(NioEventLoop.java:632)
	at org.apache.ratis.thirdparty.io.netty.channel.nio.NioEventLoop.processSelectedKeysOptimized(NioEventLoop.java:579)
	at org.apache.ratis.thirdparty.io.netty.channel.nio.NioEventLoop.processSelectedKeys(NioEventLoop.java:496)
	at org.apache.ratis.thirdparty.io.netty.channel.nio.NioEventLoop.run(NioEventLoop.java:458)
	at org.apache.ratis.thirdparty.io.netty.util.concurrent.SingleThreadEventExecutor$5.run(SingleThreadEventExecutor.java:897)
	at org.apache.ratis.thirdparty.io.netty.util.concurrent.FastThreadLocalRunnable.run(FastThreadLocalRunnable.java:30)
	... 1 more
Caused by: java.net.ConnectException: Connection refused
	... 11 more
2019-10-06 01:04:30,621 [fae8fe5f-3f5a-4647-a1dd-1848d738c051@group-BDA2D04995FF-LeaderElection117] INFO  impl.LeaderElection (LogUtils.java:infoOrTrace(149)) - fae8fe5f-3f5a-4647-a1dd-1848d738c051@group-BDA2D04995FF-LeaderElection117 got exception when requesting votes: {}
java.util.concurrent.ExecutionException: org.apache.ratis.thirdparty.io.grpc.StatusRuntimeException: UNAVAILABLE: io exception
	at java.util.concurrent.FutureTask.report(FutureTask.java:122)
	at java.util.concurrent.FutureTask.get(FutureTask.java:192)
	at org.apache.ratis.server.impl.LeaderElection.waitForResults(LeaderElection.java:259)
	at org.apache.ratis.server.impl.LeaderElection.askForVotes(LeaderElection.java:197)
	at org.apache.ratis.server.impl.LeaderElection.run(LeaderElection.java:133)
	at java.lang.Thread.run(Thread.java:748)
Caused by: org.apache.ratis.thirdparty.io.grpc.StatusRuntimeException: UNAVAILABLE: io exception
	at org.apache.ratis.thirdparty.io.grpc.stub.ClientCalls.toStatusRuntimeException(ClientCalls.java:233)
	at org.apache.ratis.thirdparty.io.grpc.stub.ClientCalls.getUnchecked(ClientCalls.java:214)
	at org.apache.ratis.thirdparty.io.grpc.stub.ClientCalls.blockingUnaryCall(ClientCalls.java:139)
	at org.apache.ratis.proto.grpc.RaftServerProtocolServiceGrpc$RaftServerProtocolServiceBlockingStub.requestVote(RaftServerProtocolServiceGrpc.java:265)
	at org.apache.ratis.grpc.server.GrpcServerProtocolClient.requestVote(GrpcServerProtocolClient.java:99)
	at org.apache.ratis.grpc.server.GrpcService.requestVote(GrpcService.java:204)
	at org.apache.ratis.server.impl.LeaderElection.lambda$submitRequests$1(LeaderElection.java:234)
	at java.util.concurrent.FutureTask.run(FutureTask.java:266)
	at java.util.concurrent.Executors$RunnableAdapter.call(Executors.java:511)
	at java.util.concurrent.FutureTask.run(FutureTask.java:266)
	at java.util.concurrent.ThreadPoolExecutor.runWorker(ThreadPoolExecutor.java:1149)
	at java.util.concurrent.ThreadPoolExecutor$Worker.run(ThreadPoolExecutor.java:624)
	... 1 more
Caused by: org.apache.ratis.thirdparty.io.netty.channel.AbstractChannel$AnnotatedConnectException: Connection refused: /192.168.30.55:43101
	at sun.nio.ch.SocketChannelImpl.checkConnect(Native Method)
	at sun.nio.ch.SocketChannelImpl.finishConnect(SocketChannelImpl.java:717)
	at org.apache.ratis.thirdparty.io.netty.channel.socket.nio.NioSocketChannel.doFinishConnect(NioSocketChannel.java:327)
	at org.apache.ratis.thirdparty.io.netty.channel.nio.AbstractNioChannel$AbstractNioUnsafe.finishConnect(AbstractNioChannel.java:340)
	at org.apache.ratis.thirdparty.io.netty.channel.nio.NioEventLoop.processSelectedKey(NioEventLoop.java:632)
	at org.apache.ratis.thirdparty.io.netty.channel.nio.NioEventLoop.processSelectedKeysOptimized(NioEventLoop.java:579)
	at org.apache.ratis.thirdparty.io.netty.channel.nio.NioEventLoop.processSelectedKeys(NioEventLoop.java:496)
	at org.apache.ratis.thirdparty.io.netty.channel.nio.NioEventLoop.run(NioEventLoop.java:458)
	at org.apache.ratis.thirdparty.io.netty.util.concurrent.SingleThreadEventExecutor$5.run(SingleThreadEventExecutor.java:897)
	at org.apache.ratis.thirdparty.io.netty.util.concurrent.FastThreadLocalRunnable.run(FastThreadLocalRunnable.java:30)
	... 1 more
Caused by: java.net.ConnectException: Connection refused
	... 11 more
2019-10-06 01:04:30,623 [fae8fe5f-3f5a-4647-a1dd-1848d738c051@group-BDA2D04995FF-LeaderElection117] INFO  impl.LeaderElection (LeaderElection.java:logAndReturn(56)) - fae8fe5f-3f5a-4647-a1dd-1848d738c051@group-BDA2D04995FF-LeaderElection117: Election REJECTED; received 0 response(s) [] and 2 exception(s); fae8fe5f-3f5a-4647-a1dd-1848d738c051@group-BDA2D04995FF:t2, leader=null, voted=fae8fe5f-3f5a-4647-a1dd-1848d738c051, raftlog=fae8fe5f-3f5a-4647-a1dd-1848d738c051@group-BDA2D04995FF-SegmentedRaftLog:OPENED:c6,f6,i6, conf=0: [14a49e7b-821a-4fd4-a08d-8b5118141aad:192.168.30.55:43101, fae8fe5f-3f5a-4647-a1dd-1848d738c051:192.168.30.55:45977, dd43951f-fd9b-40ce-9d54-abf1e172228e:192.168.30.55:34936], old=null
2019-10-06 01:04:30,623 [fae8fe5f-3f5a-4647-a1dd-1848d738c051@group-BDA2D04995FF-LeaderElection117] INFO  impl.LeaderElection (LogUtils.java:infoOrTrace(149)) -   Exception 0: {}
java.util.concurrent.ExecutionException: org.apache.ratis.thirdparty.io.grpc.StatusRuntimeException: UNAVAILABLE: io exception
	at java.util.concurrent.FutureTask.report(FutureTask.java:122)
	at java.util.concurrent.FutureTask.get(FutureTask.java:192)
	at org.apache.ratis.server.impl.LeaderElection.waitForResults(LeaderElection.java:259)
	at org.apache.ratis.server.impl.LeaderElection.askForVotes(LeaderElection.java:197)
	at org.apache.ratis.server.impl.LeaderElection.run(LeaderElection.java:133)
	at java.lang.Thread.run(Thread.java:748)
Caused by: org.apache.ratis.thirdparty.io.grpc.StatusRuntimeException: UNAVAILABLE: io exception
	at org.apache.ratis.thirdparty.io.grpc.stub.ClientCalls.toStatusRuntimeException(ClientCalls.java:233)
	at org.apache.ratis.thirdparty.io.grpc.stub.ClientCalls.getUnchecked(ClientCalls.java:214)
	at org.apache.ratis.thirdparty.io.grpc.stub.ClientCalls.blockingUnaryCall(ClientCalls.java:139)
	at org.apache.ratis.proto.grpc.RaftServerProtocolServiceGrpc$RaftServerProtocolServiceBlockingStub.requestVote(RaftServerProtocolServiceGrpc.java:265)
	at org.apache.ratis.grpc.server.GrpcServerProtocolClient.requestVote(GrpcServerProtocolClient.java:99)
	at org.apache.ratis.grpc.server.GrpcService.requestVote(GrpcService.java:204)
	at org.apache.ratis.server.impl.LeaderElection.lambda$submitRequests$1(LeaderElection.java:234)
	at java.util.concurrent.FutureTask.run(FutureTask.java:266)
	at java.util.concurrent.Executors$RunnableAdapter.call(Executors.java:511)
	at java.util.concurrent.FutureTask.run(FutureTask.java:266)
	at java.util.concurrent.ThreadPoolExecutor.runWorker(ThreadPoolExecutor.java:1149)
	at java.util.concurrent.ThreadPoolExecutor$Worker.run(ThreadPoolExecutor.java:624)
	... 1 more
Caused by: org.apache.ratis.thirdparty.io.netty.channel.AbstractChannel$AnnotatedConnectException: Connection refused: /192.168.30.55:34936
	at sun.nio.ch.SocketChannelImpl.checkConnect(Native Method)
	at sun.nio.ch.SocketChannelImpl.finishConnect(SocketChannelImpl.java:717)
	at org.apache.ratis.thirdparty.io.netty.channel.socket.nio.NioSocketChannel.doFinishConnect(NioSocketChannel.java:327)
	at org.apache.ratis.thirdparty.io.netty.channel.nio.AbstractNioChannel$AbstractNioUnsafe.finishConnect(AbstractNioChannel.java:340)
	at org.apache.ratis.thirdparty.io.netty.channel.nio.NioEventLoop.processSelectedKey(NioEventLoop.java:632)
	at org.apache.ratis.thirdparty.io.netty.channel.nio.NioEventLoop.processSelectedKeysOptimized(NioEventLoop.java:579)
	at org.apache.ratis.thirdparty.io.netty.channel.nio.NioEventLoop.processSelectedKeys(NioEventLoop.java:496)
	at org.apache.ratis.thirdparty.io.netty.channel.nio.NioEventLoop.run(NioEventLoop.java:458)
	at org.apache.ratis.thirdparty.io.netty.util.concurrent.SingleThreadEventExecutor$5.run(SingleThreadEventExecutor.java:897)
	at org.apache.ratis.thirdparty.io.netty.util.concurrent.FastThreadLocalRunnable.run(FastThreadLocalRunnable.java:30)
	... 1 more
Caused by: java.net.ConnectException: Connection refused
	... 11 more
2019-10-06 01:04:30,623 [fae8fe5f-3f5a-4647-a1dd-1848d738c051@group-BDA2D04995FF-LeaderElection117] INFO  impl.LeaderElection (LogUtils.java:infoOrTrace(149)) -   Exception 1: {}
java.util.concurrent.ExecutionException: org.apache.ratis.thirdparty.io.grpc.StatusRuntimeException: UNAVAILABLE: io exception
	at java.util.concurrent.FutureTask.report(FutureTask.java:122)
	at java.util.concurrent.FutureTask.get(FutureTask.java:192)
	at org.apache.ratis.server.impl.LeaderElection.waitForResults(LeaderElection.java:259)
	at org.apache.ratis.server.impl.LeaderElection.askForVotes(LeaderElection.java:197)
	at org.apache.ratis.server.impl.LeaderElection.run(LeaderElection.java:133)
	at java.lang.Thread.run(Thread.java:748)
Caused by: org.apache.ratis.thirdparty.io.grpc.StatusRuntimeException: UNAVAILABLE: io exception
	at org.apache.ratis.thirdparty.io.grpc.stub.ClientCalls.toStatusRuntimeException(ClientCalls.java:233)
	at org.apache.ratis.thirdparty.io.grpc.stub.ClientCalls.getUnchecked(ClientCalls.java:214)
	at org.apache.ratis.thirdparty.io.grpc.stub.ClientCalls.blockingUnaryCall(ClientCalls.java:139)
	at org.apache.ratis.proto.grpc.RaftServerProtocolServiceGrpc$RaftServerProtocolServiceBlockingStub.requestVote(RaftServerProtocolServiceGrpc.java:265)
	at org.apache.ratis.grpc.server.GrpcServerProtocolClient.requestVote(GrpcServerProtocolClient.java:99)
	at org.apache.ratis.grpc.server.GrpcService.requestVote(GrpcService.java:204)
	at org.apache.ratis.server.impl.LeaderElection.lambda$submitRequests$1(LeaderElection.java:234)
	at java.util.concurrent.FutureTask.run(FutureTask.java:266)
	at java.util.concurrent.Executors$RunnableAdapter.call(Executors.java:511)
	at java.util.concurrent.FutureTask.run(FutureTask.java:266)
	at java.util.concurrent.ThreadPoolExecutor.runWorker(ThreadPoolExecutor.java:1149)
	at java.util.concurrent.ThreadPoolExecutor$Worker.run(ThreadPoolExecutor.java:624)
	... 1 more
Caused by: org.apache.ratis.thirdparty.io.netty.channel.AbstractChannel$AnnotatedConnectException: Connection refused: /192.168.30.55:43101
	at sun.nio.ch.SocketChannelImpl.checkConnect(Native Method)
	at sun.nio.ch.SocketChannelImpl.finishConnect(SocketChannelImpl.java:717)
	at org.apache.ratis.thirdparty.io.netty.channel.socket.nio.NioSocketChannel.doFinishConnect(NioSocketChannel.java:327)
	at org.apache.ratis.thirdparty.io.netty.channel.nio.AbstractNioChannel$AbstractNioUnsafe.finishConnect(AbstractNioChannel.java:340)
	at org.apache.ratis.thirdparty.io.netty.channel.nio.NioEventLoop.processSelectedKey(NioEventLoop.java:632)
	at org.apache.ratis.thirdparty.io.netty.channel.nio.NioEventLoop.processSelectedKeysOptimized(NioEventLoop.java:579)
	at org.apache.ratis.thirdparty.io.netty.channel.nio.NioEventLoop.processSelectedKeys(NioEventLoop.java:496)
	at org.apache.ratis.thirdparty.io.netty.channel.nio.NioEventLoop.run(NioEventLoop.java:458)
	at org.apache.ratis.thirdparty.io.netty.util.concurrent.SingleThreadEventExecutor$5.run(SingleThreadEventExecutor.java:897)
	at org.apache.ratis.thirdparty.io.netty.util.concurrent.FastThreadLocalRunnable.run(FastThreadLocalRunnable.java:30)
	... 1 more
Caused by: java.net.ConnectException: Connection refused
	... 11 more
2019-10-06 01:04:30,624 [fae8fe5f-3f5a-4647-a1dd-1848d738c051@group-BDA2D04995FF-LeaderElection117] INFO  impl.RaftServerImpl (RaftServerImpl.java:setRole(170)) - fae8fe5f-3f5a-4647-a1dd-1848d738c051@group-BDA2D04995FF: changes role from CANDIDATE to FOLLOWER at term 2 for DISCOVERED_A_NEW_TERM
2019-10-06 01:04:30,624 [fae8fe5f-3f5a-4647-a1dd-1848d738c051@group-BDA2D04995FF-LeaderElection117] INFO  impl.RoleInfo (RoleInfo.java:shutdownLeaderElection(134)) - fae8fe5f-3f5a-4647-a1dd-1848d738c051: shutdown LeaderElection
2019-10-06 01:04:30,624 [fae8fe5f-3f5a-4647-a1dd-1848d738c051@group-BDA2D04995FF-LeaderElection117] INFO  impl.RoleInfo (RoleInfo.java:updateAndGet(143)) - fae8fe5f-3f5a-4647-a1dd-1848d738c051: start FollowerState
2019-10-06 01:04:31,555 [grpc-default-executor-2] WARN  server.GrpcLogAppender (LogUtils.java:warn(134)) - 0ae06c2c-b65e-4bd4-be05-bfb9cf30240d@group-D82398C36925->0216f0c8-24d4-43bc-be04-ed9ede0b1d6e-AppendLogResponseHandler: Failed appendEntries: org.apache.ratis.thirdparty.io.grpc.StatusRuntimeException: UNAVAILABLE: io exception
2019-10-06 01:04:31,563 [grpc-default-executor-2] INFO  impl.FollowerInfo (FollowerInfo.java:lambda$new$0(51)) - 0ae06c2c-b65e-4bd4-be05-bfb9cf30240d@group-D82398C36925->0216f0c8-24d4-43bc-be04-ed9ede0b1d6e: nextIndex: updateUnconditionally 4 -> 3
2019-10-06 01:04:33,240 [EventQueue-StaleNodeForStaleNodeHandler] INFO  node.StaleNodeHandler (StaleNodeHandler.java:onMessage(58)) - Datanode fae8fe5f-3f5a-4647-a1dd-1848d738c051{ip: 192.168.30.55, host: pr-hdds-2233-w5czk-1584650955, networkLocation: /default-rack, certSerialId: null} moved to stale state. Finalizing its pipelines [PipelineID=2917a791-bdbb-4b36-a1fb-75249f8f455d, PipelineID=5c7ef566-a996-485b-a13b-bda2d04995ff]
2019-10-06 01:04:33,242 [EventQueue-StaleNodeForStaleNodeHandler] INFO  pipeline.SCMPipelineManager (SCMPipelineManager.java:finalizeAndDestroyPipeline(315)) - destroying pipeline:Pipeline[ Id: 2917a791-bdbb-4b36-a1fb-75249f8f455d, Nodes: fae8fe5f-3f5a-4647-a1dd-1848d738c051{ip: 192.168.30.55, host: pr-hdds-2233-w5czk-1584650955, networkLocation: /default-rack, certSerialId: null}, Type:RATIS, Factor:ONE, State:OPEN]
2019-10-06 01:04:33,243 [EventQueue-StaleNodeForStaleNodeHandler] INFO  pipeline.PipelineStateManager (PipelineStateManager.java:finalizePipeline(123)) - Pipeline Pipeline[ Id: 2917a791-bdbb-4b36-a1fb-75249f8f455d, Nodes: fae8fe5f-3f5a-4647-a1dd-1848d738c051{ip: 192.168.30.55, host: pr-hdds-2233-w5czk-1584650955, networkLocation: /default-rack, certSerialId: null}, Type:RATIS, Factor:ONE, State:CLOSED] moved to CLOSED state
2019-10-06 01:04:33,243 [EventQueue-StaleNodeForStaleNodeHandler] INFO  pipeline.SCMPipelineManager (SCMPipelineManager.java:finalizeAndDestroyPipeline(315)) - destroying pipeline:Pipeline[ Id: 5c7ef566-a996-485b-a13b-bda2d04995ff, Nodes: dd43951f-fd9b-40ce-9d54-abf1e172228e{ip: 192.168.30.55, host: pr-hdds-2233-w5czk-1584650955, networkLocation: /default-rack, certSerialId: null}14a49e7b-821a-4fd4-a08d-8b5118141aad{ip: 192.168.30.55, host: pr-hdds-2233-w5czk-1584650955, networkLocation: /default-rack, certSerialId: null}fae8fe5f-3f5a-4647-a1dd-1848d738c051{ip: 192.168.30.55, host: pr-hdds-2233-w5czk-1584650955, networkLocation: /default-rack, certSerialId: null}, Type:RATIS, Factor:THREE, State:CLOSED]
2019-10-06 01:04:33,640 [EventQueue-StaleNodeForStaleNodeHandler] INFO  node.StaleNodeHandler (StaleNodeHandler.java:onMessage(58)) - Datanode 0ae06c2c-b65e-4bd4-be05-bfb9cf30240d{ip: 192.168.30.55, host: pr-hdds-2233-w5czk-1584650955, networkLocation: /default-rack, certSerialId: null} moved to stale state. Finalizing its pipelines [PipelineID=a9e470b7-8c0a-41f2-89c5-3f5ae7ce192e, PipelineID=9abe7fd2-a867-47fb-be72-d82398c36925]
2019-10-06 01:04:33,641 [EventQueue-StaleNodeForStaleNodeHandler] INFO  pipeline.SCMPipelineManager (SCMPipelineManager.java:finalizeAndDestroyPipeline(315)) - destroying pipeline:Pipeline[ Id: a9e470b7-8c0a-41f2-89c5-3f5ae7ce192e, Nodes: 0ae06c2c-b65e-4bd4-be05-bfb9cf30240d{ip: 192.168.30.55, host: pr-hdds-2233-w5czk-1584650955, networkLocation: /default-rack, certSerialId: null}, Type:RATIS, Factor:ONE, State:OPEN]
2019-10-06 01:04:33,641 [EventQueue-StaleNodeForStaleNodeHandler] INFO  pipeline.PipelineStateManager (PipelineStateManager.java:finalizePipeline(123)) - Pipeline Pipeline[ Id: a9e470b7-8c0a-41f2-89c5-3f5ae7ce192e, Nodes: 0ae06c2c-b65e-4bd4-be05-bfb9cf30240d{ip: 192.168.30.55, host: pr-hdds-2233-w5czk-1584650955, networkLocation: /default-rack, certSerialId: null}, Type:RATIS, Factor:ONE, State:CLOSED] moved to CLOSED state
2019-10-06 01:04:33,641 [EventQueue-StaleNodeForStaleNodeHandler] INFO  pipeline.SCMPipelineManager (SCMPipelineManager.java:finalizeAndDestroyPipeline(315)) - destroying pipeline:Pipeline[ Id: 9abe7fd2-a867-47fb-be72-d82398c36925, Nodes: ce3173c5-5540-4385-8231-d133d6b995d8{ip: 192.168.30.55, host: pr-hdds-2233-w5czk-1584650955, networkLocation: /default-rack, certSerialId: null}0ae06c2c-b65e-4bd4-be05-bfb9cf30240d{ip: 192.168.30.55, host: pr-hdds-2233-w5czk-1584650955, networkLocation: /default-rack, certSerialId: null}0216f0c8-24d4-43bc-be04-ed9ede0b1d6e{ip: 192.168.30.55, host: pr-hdds-2233-w5czk-1584650955, networkLocation: /default-rack, certSerialId: null}, Type:RATIS, Factor:THREE, State:CLOSED]
2019-10-06 01:04:33,814 [main] INFO  ozoneimpl.OzoneContainer (OzoneContainer.java:stop(231)) - Attempting to stop container services.
2019-10-06 01:04:33,819 [main] INFO  impl.RaftServerProxy (RaftServerProxy.java:lambda$close$4(314)) - 0ae06c2c-b65e-4bd4-be05-bfb9cf30240d: close
2019-10-06 01:04:33,820 [main] INFO  impl.RaftServerImpl (RaftServerImpl.java:lambda$shutdown$3(247)) - 0ae06c2c-b65e-4bd4-be05-bfb9cf30240d@group-3F5AE7CE192E: shutdown
2019-10-06 01:04:33,820 [main] INFO  util.JmxRegister (JmxRegister.java:unregister(73)) - Successfully un-registered JMX Bean with object name Ratis:service=RaftServer,group=group-3F5AE7CE192E,id=0ae06c2c-b65e-4bd4-be05-bfb9cf30240d
2019-10-06 01:04:33,820 [main] INFO  impl.RoleInfo (RoleInfo.java:shutdownLeaderState(104)) - 0ae06c2c-b65e-4bd4-be05-bfb9cf30240d: shutdown LeaderState
2019-10-06 01:04:33,821 [main] INFO  impl.PendingRequests (PendingRequests.java:sendNotLeaderResponses(202)) - 0ae06c2c-b65e-4bd4-be05-bfb9cf30240d@group-3F5AE7CE192E-PendingRequests: sendNotLeaderResponses
2019-10-06 01:04:33,821 [main] INFO  impl.StateMachineUpdater (StateMachineUpdater.java:stopAndJoin(136)) - 0ae06c2c-b65e-4bd4-be05-bfb9cf30240d@group-3F5AE7CE192E-StateMachineUpdater: set stopIndex = 0
2019-10-06 01:04:33,822 [main] INFO  impl.RaftServerImpl (ServerState.java:close(387)) - 0ae06c2c-b65e-4bd4-be05-bfb9cf30240d@group-3F5AE7CE192E: closes. applyIndex: 0
2019-10-06 01:04:33,822 [0ae06c2c-b65e-4bd4-be05-bfb9cf30240d@group-3F5AE7CE192E-SegmentedRaftLogWorker] INFO  segmented.SegmentedRaftLogWorker (SegmentedRaftLogWorker.java:run(316)) - 0ae06c2c-b65e-4bd4-be05-bfb9cf30240d@group-3F5AE7CE192E-SegmentedRaftLogWorker was interrupted, exiting. There are 0 tasks remaining in the queue.
2019-10-06 01:04:33,828 [ForkJoinPool.commonPool-worker-0] INFO  ozoneimpl.OzoneContainer (OzoneContainer.java:stop(231)) - Attempting to stop container services.
2019-10-06 01:04:33,828 [main] INFO  segmented.SegmentedRaftLogWorker (SegmentedRaftLogWorker.java:close(224)) - 0ae06c2c-b65e-4bd4-be05-bfb9cf30240d@group-3F5AE7CE192E-SegmentedRaftLogWorker close()
2019-10-06 01:04:33,828 [ForkJoinPool.commonPool-worker-0] INFO  impl.RaftServerProxy (RaftServerProxy.java:lambda$close$4(314)) - fae8fe5f-3f5a-4647-a1dd-1848d738c051: close
2019-10-06 01:04:33,830 [main] INFO  impl.RaftServerImpl (RaftServerImpl.java:lambda$shutdown$3(247)) - 0ae06c2c-b65e-4bd4-be05-bfb9cf30240d@group-D82398C36925: shutdown
2019-10-06 01:04:33,830 [ForkJoinPool.commonPool-worker-0] INFO  impl.RaftServerImpl (RaftServerImpl.java:lambda$shutdown$3(247)) - fae8fe5f-3f5a-4647-a1dd-1848d738c051@group-75249F8F455D: shutdown
2019-10-06 01:04:33,830 [main] INFO  util.JmxRegister (JmxRegister.java:unregister(73)) - Successfully un-registered JMX Bean with object name Ratis:service=RaftServer,group=group-D82398C36925,id=0ae06c2c-b65e-4bd4-be05-bfb9cf30240d
2019-10-06 01:04:33,831 [ForkJoinPool.commonPool-worker-0] INFO  util.JmxRegister (JmxRegister.java:unregister(73)) - Successfully un-registered JMX Bean with object name Ratis:service=RaftServer,group=group-75249F8F455D,id=fae8fe5f-3f5a-4647-a1dd-1848d738c051
2019-10-06 01:04:33,831 [main] INFO  impl.RoleInfo (RoleInfo.java:shutdownLeaderState(104)) - 0ae06c2c-b65e-4bd4-be05-bfb9cf30240d: shutdown LeaderState
2019-10-06 01:04:33,831 [ForkJoinPool.commonPool-worker-0] INFO  impl.RoleInfo (RoleInfo.java:shutdownLeaderState(104)) - fae8fe5f-3f5a-4647-a1dd-1848d738c051: shutdown LeaderState
2019-10-06 01:04:33,835 [org.apache.ratis.server.impl.LogAppender$AppenderDaemon$$Lambda$516/376264038@31a811bf] WARN  server.GrpcLogAppender (GrpcLogAppender.java:mayWait(143)) - 0ae06c2c-b65e-4bd4-be05-bfb9cf30240d@group-D82398C36925->ce3173c5-5540-4385-8231-d133d6b995d8-GrpcLogAppender: Wait interrupted by java.lang.InterruptedException
2019-10-06 01:04:33,835 [org.apache.ratis.server.impl.LogAppender$AppenderDaemon$$Lambda$516/376264038@58421eae] WARN  server.GrpcLogAppender (GrpcLogAppender.java:mayWait(143)) - 0ae06c2c-b65e-4bd4-be05-bfb9cf30240d@group-D82398C36925->0216f0c8-24d4-43bc-be04-ed9ede0b1d6e-GrpcLogAppender: Wait interrupted by java.lang.InterruptedException
2019-10-06 01:04:33,835 [main] INFO  impl.PendingRequests (PendingRequests.java:sendNotLeaderResponses(202)) - 0ae06c2c-b65e-4bd4-be05-bfb9cf30240d@group-D82398C36925-PendingRequests: sendNotLeaderResponses
2019-10-06 01:04:33,835 [ForkJoinPool.commonPool-worker-0] INFO  impl.PendingRequests (PendingRequests.java:sendNotLeaderResponses(202)) - fae8fe5f-3f5a-4647-a1dd-1848d738c051@group-75249F8F455D-PendingRequests: sendNotLeaderResponses
2019-10-06 01:04:33,840 [ForkJoinPool.commonPool-worker-0] INFO  impl.StateMachineUpdater (StateMachineUpdater.java:stopAndJoin(136)) - fae8fe5f-3f5a-4647-a1dd-1848d738c051@group-75249F8F455D-StateMachineUpdater: set stopIndex = 0
2019-10-06 01:04:33,840 [main] INFO  impl.StateMachineUpdater (StateMachineUpdater.java:stopAndJoin(136)) - 0ae06c2c-b65e-4bd4-be05-bfb9cf30240d@group-D82398C36925-StateMachineUpdater: set stopIndex = 8
2019-10-06 01:04:33,840 [ForkJoinPool.commonPool-worker-0] INFO  impl.RaftServerImpl (ServerState.java:close(387)) - fae8fe5f-3f5a-4647-a1dd-1848d738c051@group-75249F8F455D: closes. applyIndex: 0
2019-10-06 01:04:33,840 [0ae06c2c-b65e-4bd4-be05-bfb9cf30240d@group-D82398C36925-StateMachineUpdater] INFO  ratis.ContainerStateMachine (ContainerStateMachine.java:takeSnapshot(293)) - group-D82398C36925: Taking a snapshot at:(t:1, i:8) file /workdir/hadoop-ozone/integration-test/target/test-dir/MiniOzoneClusterImpl-a4005199-553d-4e0b-bbff-cd07ceedfb02/datanode-6/data/ratis/9abe7fd2-a867-47fb-be72-d82398c36925/sm/snapshot.1_8
2019-10-06 01:04:33,841 [fae8fe5f-3f5a-4647-a1dd-1848d738c051@group-75249F8F455D-SegmentedRaftLogWorker] INFO  segmented.SegmentedRaftLogWorker (SegmentedRaftLogWorker.java:run(316)) - fae8fe5f-3f5a-4647-a1dd-1848d738c051@group-75249F8F455D-SegmentedRaftLogWorker was interrupted, exiting. There are 0 tasks remaining in the queue.
2019-10-06 01:04:33,841 [grpc-default-executor-6] INFO  server.GrpcServerProtocolService (GrpcServerProtocolService.java:onCompleted(113)) - ce3173c5-5540-4385-8231-d133d6b995d8: Completed APPEND_ENTRIES, lastRequest: 0ae06c2c-b65e-4bd4-be05-bfb9cf30240d->ce3173c5-5540-4385-8231-d133d6b995d8#14-t1, previous=(t:1, i:8), leaderCommit=8, initializing? false, entries: <empty>
2019-10-06 01:04:33,843 [ForkJoinPool.commonPool-worker-0] INFO  segmented.SegmentedRaftLogWorker (SegmentedRaftLogWorker.java:close(224)) - fae8fe5f-3f5a-4647-a1dd-1848d738c051@group-75249F8F455D-SegmentedRaftLogWorker close()
2019-10-06 01:04:33,846 [ForkJoinPool.commonPool-worker-0] INFO  impl.RaftServerImpl (RaftServerImpl.java:lambda$shutdown$3(247)) - fae8fe5f-3f5a-4647-a1dd-1848d738c051@group-BDA2D04995FF: shutdown
2019-10-06 01:04:33,846 [ForkJoinPool.commonPool-worker-0] INFO  util.JmxRegister (JmxRegister.java:unregister(73)) - Successfully un-registered JMX Bean with object name Ratis:service=RaftServer,group=group-BDA2D04995FF,id=fae8fe5f-3f5a-4647-a1dd-1848d738c051
2019-10-06 01:04:33,846 [grpc-default-executor-6] INFO  server.GrpcLogAppender (GrpcLogAppender.java:onCompleted(293)) - 0ae06c2c-b65e-4bd4-be05-bfb9cf30240d@group-D82398C36925->ce3173c5-5540-4385-8231-d133d6b995d8-AppendLogResponseHandler: follower responses appendEntries COMPLETED
2019-10-06 01:04:33,847 [ForkJoinPool.commonPool-worker-0] INFO  impl.RoleInfo (RoleInfo.java:shutdownFollowerState(121)) - fae8fe5f-3f5a-4647-a1dd-1848d738c051: shutdown FollowerState
2019-10-06 01:04:33,847 [ForkJoinPool.commonPool-worker-0] INFO  impl.StateMachineUpdater (StateMachineUpdater.java:stopAndJoin(136)) - fae8fe5f-3f5a-4647-a1dd-1848d738c051@group-BDA2D04995FF-StateMachineUpdater: set stopIndex = 6
2019-10-06 01:04:33,847 [Thread-4815] INFO  impl.FollowerState (FollowerState.java:run(117)) - fae8fe5f-3f5a-4647-a1dd-1848d738c051@group-BDA2D04995FF-FollowerState was interrupted: java.lang.InterruptedException: sleep interrupted
2019-10-06 01:04:33,847 [fae8fe5f-3f5a-4647-a1dd-1848d738c051@group-BDA2D04995FF-StateMachineUpdater] INFO  ratis.ContainerStateMachine (ContainerStateMachine.java:takeSnapshot(293)) - group-BDA2D04995FF: Taking a snapshot at:(t:1, i:6) file /workdir/hadoop-ozone/integration-test/target/test-dir/MiniOzoneClusterImpl-a4005199-553d-4e0b-bbff-cd07ceedfb02/datanode-0/data/ratis/5c7ef566-a996-485b-a13b-bda2d04995ff/sm/snapshot.1_6
2019-10-06 01:04:33,847 [grpc-default-executor-6] INFO  impl.FollowerInfo (FollowerInfo.java:lambda$new$0(51)) - 0ae06c2c-b65e-4bd4-be05-bfb9cf30240d@group-D82398C36925->ce3173c5-5540-4385-8231-d133d6b995d8: nextIndex: updateUnconditionally 9 -> 8
2019-10-06 01:04:33,860 [fae8fe5f-3f5a-4647-a1dd-1848d738c051@group-BDA2D04995FF-StateMachineUpdater] INFO  ratis.ContainerStateMachine (ContainerStateMachine.java:takeSnapshot(304)) - group-BDA2D04995FF: Finished taking a snapshot at:(t:1, i:6) file:/workdir/hadoop-ozone/integration-test/target/test-dir/MiniOzoneClusterImpl-a4005199-553d-4e0b-bbff-cd07ceedfb02/datanode-0/data/ratis/5c7ef566-a996-485b-a13b-bda2d04995ff/sm/snapshot.1_6 time:13
2019-10-06 01:04:33,860 [0ae06c2c-b65e-4bd4-be05-bfb9cf30240d@group-D82398C36925-StateMachineUpdater] INFO  ratis.ContainerStateMachine (ContainerStateMachine.java:takeSnapshot(304)) - group-D82398C36925: Finished taking a snapshot at:(t:1, i:8) file:/workdir/hadoop-ozone/integration-test/target/test-dir/MiniOzoneClusterImpl-a4005199-553d-4e0b-bbff-cd07ceedfb02/datanode-6/data/ratis/9abe7fd2-a867-47fb-be72-d82398c36925/sm/snapshot.1_8 time:20
2019-10-06 01:04:33,861 [fae8fe5f-3f5a-4647-a1dd-1848d738c051@group-BDA2D04995FF-StateMachineUpdater] INFO  impl.StateMachineUpdater (StateMachineUpdater.java:takeSnapshot(269)) - fae8fe5f-3f5a-4647-a1dd-1848d738c051@group-BDA2D04995FF-StateMachineUpdater: Took a snapshot at index 6
2019-10-06 01:04:33,861 [0ae06c2c-b65e-4bd4-be05-bfb9cf30240d@group-D82398C36925-StateMachineUpdater] INFO  impl.StateMachineUpdater (StateMachineUpdater.java:takeSnapshot(269)) - 0ae06c2c-b65e-4bd4-be05-bfb9cf30240d@group-D82398C36925-StateMachineUpdater: Took a snapshot at index 8
2019-10-06 01:04:33,861 [fae8fe5f-3f5a-4647-a1dd-1848d738c051@group-BDA2D04995FF-StateMachineUpdater] INFO  impl.StateMachineUpdater (StateMachineUpdater.java:lambda$new$0(84)) - fae8fe5f-3f5a-4647-a1dd-1848d738c051@group-BDA2D04995FF-StateMachineUpdater: snapshotIndex: updateIncreasingly -1 -> 6
2019-10-06 01:04:33,861 [0ae06c2c-b65e-4bd4-be05-bfb9cf30240d@group-D82398C36925-StateMachineUpdater] INFO  impl.StateMachineUpdater (StateMachineUpdater.java:lambda$new$0(84)) - 0ae06c2c-b65e-4bd4-be05-bfb9cf30240d@group-D82398C36925-StateMachineUpdater: snapshotIndex: updateIncreasingly -1 -> 8
2019-10-06 01:04:33,862 [main] INFO  impl.RaftServerImpl (ServerState.java:close(387)) - 0ae06c2c-b65e-4bd4-be05-bfb9cf30240d@group-D82398C36925: closes. applyIndex: 8
2019-10-06 01:04:33,862 [ForkJoinPool.commonPool-worker-0] INFO  impl.RaftServerImpl (ServerState.java:close(387)) - fae8fe5f-3f5a-4647-a1dd-1848d738c051@group-BDA2D04995FF: closes. applyIndex: 6
2019-10-06 01:04:33,862 [0ae06c2c-b65e-4bd4-be05-bfb9cf30240d@group-D82398C36925-SegmentedRaftLogWorker] INFO  segmented.SegmentedRaftLogWorker (SegmentedRaftLogWorker.java:run(316)) - 0ae06c2c-b65e-4bd4-be05-bfb9cf30240d@group-D82398C36925-SegmentedRaftLogWorker was interrupted, exiting. There are 0 tasks remaining in the queue.
2019-10-06 01:04:33,863 [fae8fe5f-3f5a-4647-a1dd-1848d738c051@group-BDA2D04995FF-SegmentedRaftLogWorker] INFO  segmented.SegmentedRaftLogWorker (SegmentedRaftLogWorker.java:run(316)) - fae8fe5f-3f5a-4647-a1dd-1848d738c051@group-BDA2D04995FF-SegmentedRaftLogWorker was interrupted, exiting. There are 0 tasks remaining in the queue.
2019-10-06 01:04:33,865 [main] INFO  segmented.SegmentedRaftLogWorker (SegmentedRaftLogWorker.java:close(224)) - 0ae06c2c-b65e-4bd4-be05-bfb9cf30240d@group-D82398C36925-SegmentedRaftLogWorker close()
2019-10-06 01:04:33,879 [ForkJoinPool.commonPool-worker-0] INFO  segmented.SegmentedRaftLogWorker (SegmentedRaftLogWorker.java:close(224)) - fae8fe5f-3f5a-4647-a1dd-1848d738c051@group-BDA2D04995FF-SegmentedRaftLogWorker close()
2019-10-06 01:04:33,880 [main] INFO  server.GrpcService (GrpcService.java:closeImpl(164)) - 0ae06c2c-b65e-4bd4-be05-bfb9cf30240d: shutdown server with port 32960 now
2019-10-06 01:04:33,880 [ForkJoinPool.commonPool-worker-0] INFO  server.GrpcService (GrpcService.java:closeImpl(164)) - fae8fe5f-3f5a-4647-a1dd-1848d738c051: shutdown server with port 45977 now
2019-10-06 01:04:33,884 [ForkJoinPool.commonPool-worker-0] INFO  server.GrpcService (GrpcService.java:closeImpl(172)) - fae8fe5f-3f5a-4647-a1dd-1848d738c051: shutdown server with port 45977 successfully
2019-10-06 01:04:33,885 [main] INFO  server.GrpcService (GrpcService.java:closeImpl(172)) - 0ae06c2c-b65e-4bd4-be05-bfb9cf30240d: shutdown server with port 32960 successfully
2019-10-06 01:04:33,886 [refreshUsed-/workdir/hadoop-ozone/integration-test/target/test-dir/MiniOzoneClusterImpl-a4005199-553d-4e0b-bbff-cd07ceedfb02/datanode-0/data/containers] WARN  fs.CachingGetSpaceUsed (CachingGetSpaceUsed.java:run(183)) - Thread Interrupted waiting to refresh disk information: sleep interrupted
2019-10-06 01:04:33,889 [refreshUsed-/workdir/hadoop-ozone/integration-test/target/test-dir/MiniOzoneClusterImpl-a4005199-553d-4e0b-bbff-cd07ceedfb02/datanode-6/data/containers] WARN  fs.CachingGetSpaceUsed (CachingGetSpaceUsed.java:run(183)) - Thread Interrupted waiting to refresh disk information: sleep interrupted
2019-10-06 01:04:33,910 [main] INFO  utils.BackgroundService (BackgroundService.java:shutdown(148)) - Shutting down service BlockDeletingService
2019-10-06 01:04:33,910 [ForkJoinPool.commonPool-worker-0] INFO  utils.BackgroundService (BackgroundService.java:shutdown(148)) - Shutting down service BlockDeletingService
2019-10-06 01:04:33,916 [ForkJoinPool.commonPool-worker-0] INFO  statemachine.DatanodeStateMachine (DatanodeStateMachine.java:stopDaemon(395)) - Ozone container server stopped.
2019-10-06 01:04:33,921 [main] INFO  statemachine.DatanodeStateMachine (DatanodeStateMachine.java:stopDaemon(395)) - Ozone container server stopped.
2019-10-06 01:04:33,924 [ForkJoinPool.commonPool-worker-0] INFO  handler.ContextHandler (ContextHandler.java:doStop(910)) - Stopped o.e.j.w.WebAppContext@20c3b34b{/,null,UNAVAILABLE}{/hddsDatanode}
2019-10-06 01:04:33,924 [main] INFO  handler.ContextHandler (ContextHandler.java:doStop(910)) - Stopped o.e.j.w.WebAppContext@778113f2{/,null,UNAVAILABLE}{/hddsDatanode}
2019-10-06 01:04:33,925 [ForkJoinPool.commonPool-worker-0] INFO  server.AbstractConnector (AbstractConnector.java:doStop(318)) - Stopped ServerConnector@1eb906f3{HTTP/1.1,[http/1.1]}{0.0.0.0:0}
2019-10-06 01:04:33,925 [main] INFO  server.AbstractConnector (AbstractConnector.java:doStop(318)) - Stopped ServerConnector@9dc782d{HTTP/1.1,[http/1.1]}{0.0.0.0:0}
2019-10-06 01:04:33,926 [ForkJoinPool.commonPool-worker-0] INFO  handler.ContextHandler (ContextHandler.java:doStop(910)) - Stopped o.e.j.s.ServletContextHandler@6cf047cf{/static,jar:file:/home/user/.m2/repository/org/apache/hadoop/hadoop-hdds-container-service/0.5.0-SNAPSHOT/hadoop-hdds-container-service-0.5.0-SNAPSHOT.jar!/webapps/static,UNAVAILABLE}
2019-10-06 01:04:33,926 [main] INFO  handler.ContextHandler (ContextHandler.java:doStop(910)) - Stopped o.e.j.s.ServletContextHandler@43d3995f{/static,jar:file:/home/user/.m2/repository/org/apache/hadoop/hadoop-hdds-container-service/0.5.0-SNAPSHOT/hadoop-hdds-container-service-0.5.0-SNAPSHOT.jar!/webapps/static,UNAVAILABLE}
2019-10-06 01:04:33,926 [ForkJoinPool.commonPool-worker-0] INFO  handler.ContextHandler (ContextHandler.java:doStop(910)) - Stopped o.e.j.s.ServletContextHandler@3f322610{/logs,file:///workdir/hadoop-ozone/integration-test/target/log,UNAVAILABLE}
2019-10-06 01:04:33,927 [main] INFO  handler.ContextHandler (ContextHandler.java:doStop(910)) - Stopped o.e.j.s.ServletContextHandler@1dca62c2{/logs,file:///workdir/hadoop-ozone/integration-test/target/log,UNAVAILABLE}
2019-10-06 01:04:34,581 [Datanode State Machine Thread - 0] INFO  statemachine.DatanodeStateMachine (DatanodeStateMachine.java:lambda$startDaemon$0(350)) - Ozone container server started.
2019-10-06 01:04:38,649 [EventQueue-StaleNodeForStaleNodeHandler] INFO  node.StaleNodeHandler (StaleNodeHandler.java:onMessage(58)) - Datanode ce3173c5-5540-4385-8231-d133d6b995d8{ip: 192.168.30.55, host: pr-hdds-2233-w5czk-1584650955, networkLocation: /default-rack, certSerialId: null} moved to stale state. Finalizing its pipelines [PipelineID=9abe7fd2-a867-47fb-be72-d82398c36925, PipelineID=470bdc14-73bb-46f6-b60a-e229413e40b4]
2019-10-06 01:04:38,650 [EventQueue-StaleNodeForStaleNodeHandler] INFO  pipeline.SCMPipelineManager (SCMPipelineManager.java:finalizeAndDestroyPipeline(315)) - destroying pipeline:Pipeline[ Id: 9abe7fd2-a867-47fb-be72-d82398c36925, Nodes: ce3173c5-5540-4385-8231-d133d6b995d8{ip: 192.168.30.55, host: pr-hdds-2233-w5czk-1584650955, networkLocation: /default-rack, certSerialId: null}0ae06c2c-b65e-4bd4-be05-bfb9cf30240d{ip: 192.168.30.55, host: pr-hdds-2233-w5czk-1584650955, networkLocation: /default-rack, certSerialId: null}0216f0c8-24d4-43bc-be04-ed9ede0b1d6e{ip: 192.168.30.55, host: pr-hdds-2233-w5czk-1584650955, networkLocation: /default-rack, certSerialId: null}, Type:RATIS, Factor:THREE, State:CLOSED]
2019-10-06 01:04:38,651 [EventQueue-StaleNodeForStaleNodeHandler] INFO  pipeline.SCMPipelineManager (SCMPipelineManager.java:finalizeAndDestroyPipeline(315)) - destroying pipeline:Pipeline[ Id: 470bdc14-73bb-46f6-b60a-e229413e40b4, Nodes: ce3173c5-5540-4385-8231-d133d6b995d8{ip: 192.168.30.55, host: pr-hdds-2233-w5czk-1584650955, networkLocation: /default-rack, certSerialId: null}, Type:RATIS, Factor:ONE, State:OPEN]
2019-10-06 01:04:38,652 [EventQueue-StaleNodeForStaleNodeHandler] INFO  pipeline.PipelineStateManager (PipelineStateManager.java:finalizePipeline(123)) - Pipeline Pipeline[ Id: 470bdc14-73bb-46f6-b60a-e229413e40b4, Nodes: ce3173c5-5540-4385-8231-d133d6b995d8{ip: 192.168.30.55, host: pr-hdds-2233-w5czk-1584650955, networkLocation: /default-rack, certSerialId: null}, Type:RATIS, Factor:ONE, State:CLOSED] moved to CLOSED state
2019-10-06 01:04:38,930 [main] INFO  ozoneimpl.OzoneContainer (OzoneContainer.java:stop(231)) - Attempting to stop container services.
2019-10-06 01:04:38,934 [main] INFO  impl.RaftServerProxy (RaftServerProxy.java:lambda$close$4(314)) - ce3173c5-5540-4385-8231-d133d6b995d8: close
2019-10-06 01:04:38,936 [main] INFO  impl.RaftServerImpl (RaftServerImpl.java:lambda$shutdown$3(247)) - ce3173c5-5540-4385-8231-d133d6b995d8@group-D82398C36925: shutdown
2019-10-06 01:04:38,936 [ForkJoinPool.commonPool-worker-1] INFO  impl.RaftServerImpl (RaftServerImpl.java:lambda$shutdown$3(247)) - ce3173c5-5540-4385-8231-d133d6b995d8@group-E229413E40B4: shutdown
2019-10-06 01:04:38,936 [main] INFO  util.JmxRegister (JmxRegister.java:unregister(73)) - Successfully un-registered JMX Bean with object name Ratis:service=RaftServer,group=group-D82398C36925,id=ce3173c5-5540-4385-8231-d133d6b995d8
2019-10-06 01:04:38,937 [ForkJoinPool.commonPool-worker-1] INFO  util.JmxRegister (JmxRegister.java:unregister(73)) - Successfully un-registered JMX Bean with object name Ratis:service=RaftServer,group=group-E229413E40B4,id=ce3173c5-5540-4385-8231-d133d6b995d8
2019-10-06 01:04:38,937 [main] INFO  impl.RoleInfo (RoleInfo.java:shutdownFollowerState(121)) - ce3173c5-5540-4385-8231-d133d6b995d8: shutdown FollowerState
2019-10-06 01:04:38,937 [ForkJoinPool.commonPool-worker-1] INFO  impl.RoleInfo (RoleInfo.java:shutdownLeaderState(104)) - ce3173c5-5540-4385-8231-d133d6b995d8: shutdown LeaderState
2019-10-06 01:04:38,938 [main] INFO  impl.StateMachineUpdater (StateMachineUpdater.java:stopAndJoin(136)) - ce3173c5-5540-4385-8231-d133d6b995d8@group-D82398C36925-StateMachineUpdater: set stopIndex = 8
2019-10-06 01:04:38,938 [ce3173c5-5540-4385-8231-d133d6b995d8@group-D82398C36925-StateMachineUpdater] INFO  ratis.ContainerStateMachine (ContainerStateMachine.java:takeSnapshot(293)) - group-D82398C36925: Taking a snapshot at:(t:1, i:7) file /workdir/hadoop-ozone/integration-test/target/test-dir/MiniOzoneClusterImpl-a4005199-553d-4e0b-bbff-cd07ceedfb02/datanode-5/data/ratis/9abe7fd2-a867-47fb-be72-d82398c36925/sm/snapshot.1_7
2019-10-06 01:04:38,938 [ForkJoinPool.commonPool-worker-1] INFO  impl.PendingRequests (PendingRequests.java:sendNotLeaderResponses(202)) - ce3173c5-5540-4385-8231-d133d6b995d8@group-E229413E40B4-PendingRequests: sendNotLeaderResponses
2019-10-06 01:04:38,938 [Thread-4708] INFO  impl.FollowerState (FollowerState.java:run(117)) - ce3173c5-5540-4385-8231-d133d6b995d8@group-D82398C36925-FollowerState was interrupted: java.lang.InterruptedException: sleep interrupted
2019-10-06 01:04:38,941 [ForkJoinPool.commonPool-worker-1] INFO  impl.StateMachineUpdater (StateMachineUpdater.java:stopAndJoin(136)) - ce3173c5-5540-4385-8231-d133d6b995d8@group-E229413E40B4-StateMachineUpdater: set stopIndex = 0
2019-10-06 01:04:38,942 [ForkJoinPool.commonPool-worker-1] INFO  impl.RaftServerImpl (ServerState.java:close(387)) - ce3173c5-5540-4385-8231-d133d6b995d8@group-E229413E40B4: closes. applyIndex: 0
2019-10-06 01:04:38,943 [ce3173c5-5540-4385-8231-d133d6b995d8@group-E229413E40B4-SegmentedRaftLogWorker] INFO  segmented.SegmentedRaftLogWorker (SegmentedRaftLogWorker.java:run(316)) - ce3173c5-5540-4385-8231-d133d6b995d8@group-E229413E40B4-SegmentedRaftLogWorker was interrupted, exiting. There are 0 tasks remaining in the queue.
2019-10-06 01:04:38,951 [ForkJoinPool.commonPool-worker-1] INFO  segmented.SegmentedRaftLogWorker (SegmentedRaftLogWorker.java:close(224)) - ce3173c5-5540-4385-8231-d133d6b995d8@group-E229413E40B4-SegmentedRaftLogWorker close()
2019-10-06 01:04:38,954 [ce3173c5-5540-4385-8231-d133d6b995d8@group-D82398C36925-StateMachineUpdater] INFO  ratis.ContainerStateMachine (ContainerStateMachine.java:takeSnapshot(304)) - group-D82398C36925: Finished taking a snapshot at:(t:1, i:7) file:/workdir/hadoop-ozone/integration-test/target/test-dir/MiniOzoneClusterImpl-a4005199-553d-4e0b-bbff-cd07ceedfb02/datanode-5/data/ratis/9abe7fd2-a867-47fb-be72-d82398c36925/sm/snapshot.1_7 time:16
2019-10-06 01:04:38,954 [ce3173c5-5540-4385-8231-d133d6b995d8@group-D82398C36925-StateMachineUpdater] INFO  impl.StateMachineUpdater (StateMachineUpdater.java:takeSnapshot(269)) - ce3173c5-5540-4385-8231-d133d6b995d8@group-D82398C36925-StateMachineUpdater: Took a snapshot at index 7
2019-10-06 01:04:38,954 [ce3173c5-5540-4385-8231-d133d6b995d8@group-D82398C36925-StateMachineUpdater] INFO  impl.StateMachineUpdater (StateMachineUpdater.java:lambda$new$0(84)) - ce3173c5-5540-4385-8231-d133d6b995d8@group-D82398C36925-StateMachineUpdater: snapshotIndex: updateIncreasingly -1 -> 7
2019-10-06 01:04:38,954 [ce3173c5-5540-4385-8231-d133d6b995d8@group-D82398C36925-StateMachineUpdater] INFO  ratis.ContainerStateMachine (ContainerStateMachine.java:takeSnapshot(293)) - group-D82398C36925: Taking a snapshot at:(t:1, i:7) file /workdir/hadoop-ozone/integration-test/target/test-dir/MiniOzoneClusterImpl-a4005199-553d-4e0b-bbff-cd07ceedfb02/datanode-5/data/ratis/9abe7fd2-a867-47fb-be72-d82398c36925/sm/snapshot.1_7
2019-10-06 01:04:38,966 [ce3173c5-5540-4385-8231-d133d6b995d8@group-D82398C36925-StateMachineUpdater] INFO  ratis.ContainerStateMachine (ContainerStateMachine.java:takeSnapshot(304)) - group-D82398C36925: Finished taking a snapshot at:(t:1, i:7) file:/workdir/hadoop-ozone/integration-test/target/test-dir/MiniOzoneClusterImpl-a4005199-553d-4e0b-bbff-cd07ceedfb02/datanode-5/data/ratis/9abe7fd2-a867-47fb-be72-d82398c36925/sm/snapshot.1_7 time:12
2019-10-06 01:04:38,967 [ce3173c5-5540-4385-8231-d133d6b995d8@group-D82398C36925-StateMachineUpdater] INFO  impl.StateMachineUpdater (StateMachineUpdater.java:takeSnapshot(269)) - ce3173c5-5540-4385-8231-d133d6b995d8@group-D82398C36925-StateMachineUpdater: Took a snapshot at index 7
2019-10-06 01:04:38,967 [ce3173c5-5540-4385-8231-d133d6b995d8@group-D82398C36925-StateMachineUpdater] INFO  impl.StateMachineUpdater (StateMachineUpdater.java:lambda$new$0(84)) - ce3173c5-5540-4385-8231-d133d6b995d8@group-D82398C36925-StateMachineUpdater: snapshotIndex: updateIncreasingly 7 -> 7
2019-10-06 01:04:38,967 [main] INFO  impl.RaftServerImpl (ServerState.java:close(387)) - ce3173c5-5540-4385-8231-d133d6b995d8@group-D82398C36925: closes. applyIndex: 8
2019-10-06 01:04:38,968 [ce3173c5-5540-4385-8231-d133d6b995d8@group-D82398C36925-SegmentedRaftLogWorker] INFO  segmented.SegmentedRaftLogWorker (SegmentedRaftLogWorker.java:run(316)) - ce3173c5-5540-4385-8231-d133d6b995d8@group-D82398C36925-SegmentedRaftLogWorker was interrupted, exiting. There are 0 tasks remaining in the queue.
2019-10-06 01:04:38,968 [main] INFO  segmented.SegmentedRaftLogWorker (SegmentedRaftLogWorker.java:close(224)) - ce3173c5-5540-4385-8231-d133d6b995d8@group-D82398C36925-SegmentedRaftLogWorker close()
2019-10-06 01:04:38,969 [main] INFO  server.GrpcService (GrpcService.java:closeImpl(164)) - ce3173c5-5540-4385-8231-d133d6b995d8: shutdown server with port 35537 now
2019-10-06 01:04:38,969 [main] INFO  server.GrpcService (GrpcService.java:closeImpl(172)) - ce3173c5-5540-4385-8231-d133d6b995d8: shutdown server with port 35537 successfully
2019-10-06 01:04:38,973 [refreshUsed-/workdir/hadoop-ozone/integration-test/target/test-dir/MiniOzoneClusterImpl-a4005199-553d-4e0b-bbff-cd07ceedfb02/datanode-5/data/containers] WARN  fs.CachingGetSpaceUsed (CachingGetSpaceUsed.java:run(183)) - Thread Interrupted waiting to refresh disk information: sleep interrupted
2019-10-06 01:04:38,994 [main] INFO  utils.BackgroundService (BackgroundService.java:shutdown(148)) - Shutting down service BlockDeletingService
2019-10-06 01:04:39,000 [main] INFO  statemachine.DatanodeStateMachine (DatanodeStateMachine.java:stopDaemon(395)) - Ozone container server stopped.
2019-10-06 01:04:39,022 [main] INFO  handler.ContextHandler (ContextHandler.java:doStop(910)) - Stopped o.e.j.w.WebAppContext@14590fe2{/,null,UNAVAILABLE}{/hddsDatanode}
2019-10-06 01:04:39,023 [main] INFO  server.AbstractConnector (AbstractConnector.java:doStop(318)) - Stopped ServerConnector@5922cff3{HTTP/1.1,[http/1.1]}{0.0.0.0:0}
2019-10-06 01:04:39,024 [main] INFO  handler.ContextHandler (ContextHandler.java:doStop(910)) - Stopped o.e.j.s.ServletContextHandler@1aeff8ca{/static,jar:file:/home/user/.m2/repository/org/apache/hadoop/hadoop-hdds-container-service/0.5.0-SNAPSHOT/hadoop-hdds-container-service-0.5.0-SNAPSHOT.jar!/webapps/static,UNAVAILABLE}
2019-10-06 01:04:39,024 [main] INFO  handler.ContextHandler (ContextHandler.java:doStop(910)) - Stopped o.e.j.s.ServletContextHandler@27db45f{/logs,file:///workdir/hadoop-ozone/integration-test/target/log,UNAVAILABLE}
2019-10-06 01:04:39,025 [main] INFO  ozone.MiniOzoneClusterImpl (MiniOzoneClusterImpl.java:stopSCM(392)) - Stopping the StorageContainerManager
2019-10-06 01:04:39,026 [main] INFO  server.StorageContainerManager (StorageContainerManager.java:stop(808)) - Stopping Replication Manager Service.
2019-10-06 01:04:39,026 [main] INFO  container.ReplicationManager (ReplicationManager.java:stop(203)) - Stopping Replication Monitor Thread.
2019-10-06 01:04:39,026 [main] INFO  server.StorageContainerManager (StorageContainerManager.java:stop(815)) - Stopping Lease Manager of the command watchers
2019-10-06 01:04:39,026 [main] INFO  server.StorageContainerManager (StorageContainerManager.java:stop(822)) - Stopping datanode service RPC server
2019-10-06 01:04:39,027 [main] INFO  server.SCMDatanodeProtocolServer (SCMDatanodeProtocolServer.java:stop(346)) - Stopping the RPC server for DataNodes
2019-10-06 01:04:39,027 [main] INFO  ipc.Server (Server.java:stop(3082)) - Stopping server on 46605
2019-10-06 01:04:39,031 [IPC Server listener on 46605] INFO  ipc.Server (Server.java:run(1185)) - Stopping IPC Server listener on 46605
2019-10-06 01:04:39,031 [IPC Server Responder] INFO  ipc.Server (Server.java:run(1319)) - Stopping IPC Server Responder
2019-10-06 01:04:39,049 [SCM Heartbeat Processing Thread - 0] WARN  node.NodeStateManager (NodeStateManager.java:scheduleNextHealthCheck(646)) - Current Thread is interrupted, shutting down HB processing thread for Node Manager.
2019-10-06 01:04:39,049 [main] INFO  server.StorageContainerManager (StorageContainerManager.java:stop(830)) - Stopping block service RPC server
2019-10-06 01:04:39,049 [main] INFO  server.SCMBlockProtocolServer (SCMBlockProtocolServer.java:stop(155)) - Stopping the RPC server for Block Protocol
2019-10-06 01:04:39,049 [main] INFO  ipc.Server (Server.java:stop(3082)) - Stopping server on 37840
2019-10-06 01:04:39,053 [IPC Server listener on 37840] INFO  ipc.Server (Server.java:run(1185)) - Stopping IPC Server listener on 37840
2019-10-06 01:04:39,053 [main] INFO  server.StorageContainerManager (StorageContainerManager.java:stop(837)) - Stopping the StorageContainerLocationProtocol RPC server
2019-10-06 01:04:39,053 [IPC Server Responder] INFO  ipc.Server (Server.java:run(1319)) - Stopping IPC Server Responder
2019-10-06 01:04:39,063 [main] INFO  server.SCMClientProtocolServer (SCMClientProtocolServer.java:stop(168)) - Stopping the RPC server for Client Protocol
2019-10-06 01:04:39,063 [main] INFO  ipc.Server (Server.java:stop(3082)) - Stopping server on 45604
2019-10-06 01:04:39,066 [IPC Server listener on 45604] INFO  ipc.Server (Server.java:run(1185)) - Stopping IPC Server listener on 45604
2019-10-06 01:04:39,067 [main] INFO  server.StorageContainerManager (StorageContainerManager.java:stop(844)) - Stopping Storage Container Manager HTTP server.
2019-10-06 01:04:39,067 [IPC Server Responder] INFO  ipc.Server (Server.java:run(1319)) - Stopping IPC Server Responder
2019-10-06 01:04:39,067 [main] INFO  handler.ContextHandler (ContextHandler.java:doStop(910)) - Stopped o.e.j.w.WebAppContext@58cda03f{/,null,UNAVAILABLE}{/scm}
2019-10-06 01:04:39,069 [main] INFO  server.AbstractConnector (AbstractConnector.java:doStop(318)) - Stopped ServerConnector@7757a37f{HTTP/1.1,[http/1.1]}{0.0.0.0:0}
2019-10-06 01:04:39,069 [main] INFO  handler.ContextHandler (ContextHandler.java:doStop(910)) - Stopped o.e.j.s.ServletContextHandler@59fea5f5{/static,file:///workdir/hadoop-ozone/integration-test/target/test-classes/webapps/static,UNAVAILABLE}
2019-10-06 01:04:39,069 [main] INFO  handler.ContextHandler (ContextHandler.java:doStop(910)) - Stopped o.e.j.s.ServletContextHandler@7ec13984{/logs,file:///workdir/hadoop-ozone/integration-test/target/log,UNAVAILABLE}
2019-10-06 01:04:39,070 [main] INFO  server.StorageContainerManager (StorageContainerManager.java:stop(855)) - Stopping Block Manager Service.
2019-10-06 01:04:39,070 [main] INFO  utils.BackgroundService (BackgroundService.java:shutdown(148)) - Shutting down service SCMBlockDeletingService
2019-10-06 01:04:39,071 [main] INFO  utils.BackgroundService (BackgroundService.java:shutdown(148)) - Shutting down service SCMBlockDeletingService
2019-10-06 01:04:39,071 [main] INFO  server.StorageContainerManager (StorageContainerManager.java:stop(877)) - Stopping SCM Event Queue.
2019-10-06 01:04:39,075 [main] INFO  impl.MetricsSystemImpl (MetricsSystemImpl.java:stop(210)) - Stopping HddsDatanode metrics system...
2019-10-06 01:04:39,109 [main] INFO  impl.MetricsSystemImpl (MetricsSystemImpl.java:stop(216)) - HddsDatanode metrics system stopped.
]]></system-out>
    <system-err><![CDATA[Oct 06, 2019 1:04:10 AM org.apache.ratis.thirdparty.io.grpc.internal.ManagedChannelOrphanWrapper$ManagedChannelReference cleanQueue
SEVERE: *~*~*~ Channel ManagedChannelImpl{logId=3774, target=192.168.30.55:36712} was not shutdown properly!!! ~*~*~*
    Make sure to call shutdown()/shutdownNow() and wait until awaitTermination() returns true.
java.lang.RuntimeException: ManagedChannel allocation site
	at org.apache.ratis.thirdparty.io.grpc.internal.ManagedChannelOrphanWrapper$ManagedChannelReference.<init>(ManagedChannelOrphanWrapper.java:103)
	at org.apache.ratis.thirdparty.io.grpc.internal.ManagedChannelOrphanWrapper.<init>(ManagedChannelOrphanWrapper.java:53)
	at org.apache.ratis.thirdparty.io.grpc.internal.ManagedChannelOrphanWrapper.<init>(ManagedChannelOrphanWrapper.java:44)
	at org.apache.ratis.thirdparty.io.grpc.internal.AbstractManagedChannelImplBuilder.build(AbstractManagedChannelImplBuilder.java:411)
	at org.apache.hadoop.hdds.scm.XceiverClientGrpc.connectToDatanode(XceiverClientGrpc.java:181)
	at org.apache.hadoop.hdds.scm.XceiverClientGrpc.reconnect(XceiverClientGrpc.java:429)
	at org.apache.hadoop.hdds.scm.XceiverClientGrpc.sendCommandAsync(XceiverClientGrpc.java:378)
	at org.apache.hadoop.hdds.scm.XceiverClientGrpc.sendCommandWithRetry(XceiverClientGrpc.java:291)
	at org.apache.hadoop.hdds.scm.XceiverClientGrpc.sendCommandWithTraceIDAndRetry(XceiverClientGrpc.java:257)
	at org.apache.hadoop.hdds.scm.XceiverClientGrpc.sendCommand(XceiverClientGrpc.java:240)
	at org.apache.hadoop.hdds.scm.storage.ContainerProtocolCalls.getBlock(ContainerProtocolCalls.java:118)
	at org.apache.hadoop.hdds.scm.storage.BlockInputStream.getChunkInfos(BlockInputStream.java:167)
	at org.apache.hadoop.hdds.scm.storage.BlockInputStream.initialize(BlockInputStream.java:118)
	at org.apache.hadoop.hdds.scm.storage.BlockInputStream.read(BlockInputStream.java:222)
	at org.apache.hadoop.ozone.client.io.KeyInputStream.read(KeyInputStream.java:171)
	at org.apache.hadoop.ozone.client.io.OzoneInputStream.read(OzoneInputStream.java:47)
	at java.io.InputStream.read(InputStream.java:101)
	at org.apache.hadoop.ozone.container.ContainerTestHelper.validateData(ContainerTestHelper.java:715)
	at org.apache.hadoop.ozone.client.rpc.TestBlockOutputStreamWithFailures.validateData(TestBlockOutputStreamWithFailures.java:1216)
	at org.apache.hadoop.ozone.client.rpc.TestBlockOutputStreamWithFailures.testWatchForCommitWithCloseContainerException(TestBlockOutputStreamWithFailures.java:260)
	at sun.reflect.NativeMethodAccessorImpl.invoke0(Native Method)
	at sun.reflect.NativeMethodAccessorImpl.invoke(NativeMethodAccessorImpl.java:62)
	at sun.reflect.DelegatingMethodAccessorImpl.invoke(DelegatingMethodAccessorImpl.java:43)
	at java.lang.reflect.Method.invoke(Method.java:498)
	at org.junit.runners.model.FrameworkMethod$1.runReflectiveCall(FrameworkMethod.java:47)
	at org.junit.internal.runners.model.ReflectiveCallable.run(ReflectiveCallable.java:12)
	at org.junit.runners.model.FrameworkMethod.invokeExplosively(FrameworkMethod.java:44)
	at org.junit.internal.runners.statements.InvokeMethod.evaluate(InvokeMethod.java:17)
	at org.junit.internal.runners.statements.RunBefores.evaluate(RunBefores.java:26)
	at org.junit.internal.runners.statements.RunAfters.evaluate(RunAfters.java:27)
	at org.junit.runners.ParentRunner.runLeaf(ParentRunner.java:271)
	at org.junit.runners.BlockJUnit4ClassRunner.runChild(BlockJUnit4ClassRunner.java:70)
	at org.junit.runners.BlockJUnit4ClassRunner.runChild(BlockJUnit4ClassRunner.java:50)
	at org.junit.runners.ParentRunner$3.run(ParentRunner.java:238)
	at org.junit.runners.ParentRunner$1.schedule(ParentRunner.java:63)
	at org.junit.runners.ParentRunner.runChildren(ParentRunner.java:236)
	at org.junit.runners.ParentRunner.access$000(ParentRunner.java:53)
	at org.junit.runners.ParentRunner$2.evaluate(ParentRunner.java:229)
	at org.junit.runners.ParentRunner.run(ParentRunner.java:309)
	at org.apache.maven.surefire.junit4.JUnit4Provider.execute(JUnit4Provider.java:365)
	at org.apache.maven.surefire.junit4.JUnit4Provider.executeWithRerun(JUnit4Provider.java:273)
	at org.apache.maven.surefire.junit4.JUnit4Provider.executeTestSet(JUnit4Provider.java:238)
	at org.apache.maven.surefire.junit4.JUnit4Provider.invoke(JUnit4Provider.java:159)
	at org.apache.maven.surefire.booter.ForkedBooter.invokeProviderInSameClassLoader(ForkedBooter.java:384)
	at org.apache.maven.surefire.booter.ForkedBooter.runSuitesInProcess(ForkedBooter.java:345)
	at org.apache.maven.surefire.booter.ForkedBooter.execute(ForkedBooter.java:126)
	at org.apache.maven.surefire.booter.ForkedBooter.main(ForkedBooter.java:418)

Oct 06, 2019 1:04:10 AM org.apache.ratis.thirdparty.io.grpc.internal.ManagedChannelOrphanWrapper$ManagedChannelReference cleanQueue
SEVERE: *~*~*~ Channel ManagedChannelImpl{logId=3456, target=192.168.30.55:42183} was not shutdown properly!!! ~*~*~*
    Make sure to call shutdown()/shutdownNow() and wait until awaitTermination() returns true.
java.lang.RuntimeException: ManagedChannel allocation site
	at org.apache.ratis.thirdparty.io.grpc.internal.ManagedChannelOrphanWrapper$ManagedChannelReference.<init>(ManagedChannelOrphanWrapper.java:103)
	at org.apache.ratis.thirdparty.io.grpc.internal.ManagedChannelOrphanWrapper.<init>(ManagedChannelOrphanWrapper.java:53)
	at org.apache.ratis.thirdparty.io.grpc.internal.ManagedChannelOrphanWrapper.<init>(ManagedChannelOrphanWrapper.java:44)
	at org.apache.ratis.thirdparty.io.grpc.internal.AbstractManagedChannelImplBuilder.build(AbstractManagedChannelImplBuilder.java:411)
	at org.apache.hadoop.hdds.scm.XceiverClientGrpc.connectToDatanode(XceiverClientGrpc.java:181)
	at org.apache.hadoop.hdds.scm.XceiverClientGrpc.reconnect(XceiverClientGrpc.java:429)
	at org.apache.hadoop.hdds.scm.XceiverClientGrpc.sendCommandAsync(XceiverClientGrpc.java:378)
	at org.apache.hadoop.hdds.scm.XceiverClientGrpc.sendCommandWithRetry(XceiverClientGrpc.java:291)
	at org.apache.hadoop.hdds.scm.XceiverClientGrpc.sendCommandWithTraceIDAndRetry(XceiverClientGrpc.java:257)
	at org.apache.hadoop.hdds.scm.XceiverClientGrpc.sendCommand(XceiverClientGrpc.java:240)
	at org.apache.hadoop.hdds.scm.storage.ContainerProtocolCalls.readChunk(ContainerProtocolCalls.java:245)
	at org.apache.hadoop.hdds.scm.storage.ChunkInputStream.readChunk(ChunkInputStream.java:335)
	at org.apache.hadoop.hdds.scm.storage.ChunkInputStream.readChunkFromContainer(ChunkInputStream.java:307)
	at org.apache.hadoop.hdds.scm.storage.ChunkInputStream.prepareRead(ChunkInputStream.java:259)
	at org.apache.hadoop.hdds.scm.storage.ChunkInputStream.read(ChunkInputStream.java:144)
	at org.apache.hadoop.hdds.scm.storage.BlockInputStream.read(BlockInputStream.java:239)
	at org.apache.hadoop.ozone.client.io.KeyInputStream.read(KeyInputStream.java:171)
	at org.apache.hadoop.ozone.client.io.OzoneInputStream.read(OzoneInputStream.java:47)
	at java.io.InputStream.read(InputStream.java:101)
	at org.apache.hadoop.ozone.container.ContainerTestHelper.validateData(ContainerTestHelper.java:715)
	at org.apache.hadoop.ozone.client.rpc.TestBlockOutputStreamWithFailures.validateData(TestBlockOutputStreamWithFailures.java:1216)
	at org.apache.hadoop.ozone.client.rpc.TestBlockOutputStreamWithFailures.testFailureWithPrimeSizedData(TestBlockOutputStreamWithFailures.java:662)
	at sun.reflect.NativeMethodAccessorImpl.invoke0(Native Method)
	at sun.reflect.NativeMethodAccessorImpl.invoke(NativeMethodAccessorImpl.java:62)
	at sun.reflect.DelegatingMethodAccessorImpl.invoke(DelegatingMethodAccessorImpl.java:43)
	at java.lang.reflect.Method.invoke(Method.java:498)
	at org.junit.runners.model.FrameworkMethod$1.runReflectiveCall(FrameworkMethod.java:47)
	at org.junit.internal.runners.model.ReflectiveCallable.run(ReflectiveCallable.java:12)
	at org.junit.runners.model.FrameworkMethod.invokeExplosively(FrameworkMethod.java:44)
	at org.junit.internal.runners.statements.InvokeMethod.evaluate(InvokeMethod.java:17)
	at org.junit.internal.runners.statements.RunBefores.evaluate(RunBefores.java:26)
	at org.junit.internal.runners.statements.RunAfters.evaluate(RunAfters.java:27)
	at org.junit.runners.ParentRunner.runLeaf(ParentRunner.java:271)
	at org.junit.runners.BlockJUnit4ClassRunner.runChild(BlockJUnit4ClassRunner.java:70)
	at org.junit.runners.BlockJUnit4ClassRunner.runChild(BlockJUnit4ClassRunner.java:50)
	at org.junit.runners.ParentRunner$3.run(ParentRunner.java:238)
	at org.junit.runners.ParentRunner$1.schedule(ParentRunner.java:63)
	at org.junit.runners.ParentRunner.runChildren(ParentRunner.java:236)
	at org.junit.runners.ParentRunner.access$000(ParentRunner.java:53)
	at org.junit.runners.ParentRunner$2.evaluate(ParentRunner.java:229)
	at org.junit.runners.ParentRunner.run(ParentRunner.java:309)
	at org.apache.maven.surefire.junit4.JUnit4Provider.execute(JUnit4Provider.java:365)
	at org.apache.maven.surefire.junit4.JUnit4Provider.executeWithRerun(JUnit4Provider.java:273)
	at org.apache.maven.surefire.junit4.JUnit4Provider.executeTestSet(JUnit4Provider.java:238)
	at org.apache.maven.surefire.junit4.JUnit4Provider.invoke(JUnit4Provider.java:159)
	at org.apache.maven.surefire.booter.ForkedBooter.invokeProviderInSameClassLoader(ForkedBooter.java:384)
	at org.apache.maven.surefire.booter.ForkedBooter.runSuitesInProcess(ForkedBooter.java:345)
	at org.apache.maven.surefire.booter.ForkedBooter.execute(ForkedBooter.java:126)
	at org.apache.maven.surefire.booter.ForkedBooter.main(ForkedBooter.java:418)

Oct 06, 2019 1:04:10 AM org.apache.ratis.thirdparty.io.grpc.internal.ManagedChannelOrphanWrapper$ManagedChannelReference cleanQueue
SEVERE: *~*~*~ Channel ManagedChannelImpl{logId=3413, target=192.168.30.55:33212} was not shutdown properly!!! ~*~*~*
    Make sure to call shutdown()/shutdownNow() and wait until awaitTermination() returns true.
java.lang.RuntimeException: ManagedChannel allocation site
	at org.apache.ratis.thirdparty.io.grpc.internal.ManagedChannelOrphanWrapper$ManagedChannelReference.<init>(ManagedChannelOrphanWrapper.java:103)
	at org.apache.ratis.thirdparty.io.grpc.internal.ManagedChannelOrphanWrapper.<init>(ManagedChannelOrphanWrapper.java:53)
	at org.apache.ratis.thirdparty.io.grpc.internal.ManagedChannelOrphanWrapper.<init>(ManagedChannelOrphanWrapper.java:44)
	at org.apache.ratis.thirdparty.io.grpc.internal.AbstractManagedChannelImplBuilder.build(AbstractManagedChannelImplBuilder.java:411)
	at org.apache.ratis.grpc.client.GrpcClientProtocolClient.<init>(GrpcClientProtocolClient.java:128)
	at org.apache.ratis.grpc.client.GrpcClientRpc.lambda$new$0(GrpcClientRpc.java:55)
	at org.apache.ratis.util.PeerProxyMap$PeerAndProxy.lambda$getProxy$0(PeerProxyMap.java:61)
	at org.apache.ratis.util.LifeCycle.startAndTransition(LifeCycle.java:202)
	at org.apache.ratis.util.PeerProxyMap$PeerAndProxy.getProxy(PeerProxyMap.java:60)
	at org.apache.ratis.util.PeerProxyMap.getProxy(PeerProxyMap.java:108)
	at org.apache.ratis.grpc.client.GrpcClientRpc.sendRequestAsync(GrpcClientRpc.java:66)
	at org.apache.ratis.client.impl.OrderedAsync.sendRequest(OrderedAsync.java:208)
	at org.apache.ratis.client.impl.OrderedAsync.sendRequestWithRetry(OrderedAsync.java:169)
	at org.apache.ratis.util.SlidingWindow$Client.sendOrDelayRequest(SlidingWindow.java:278)
	at org.apache.ratis.util.SlidingWindow$Client.retry(SlidingWindow.java:294)
	at org.apache.ratis.client.impl.OrderedAsync.lambda$scheduleWithTimeout$7(OrderedAsync.java:195)
	at org.apache.ratis.util.TimeoutScheduler.lambda$onTimeout$0(TimeoutScheduler.java:113)
	at org.apache.ratis.util.TimeoutScheduler.lambda$onTimeout$1(TimeoutScheduler.java:133)
	at org.apache.ratis.util.LogUtils.runAndLog(LogUtils.java:50)
	at org.apache.ratis.util.LogUtils$1.run(LogUtils.java:91)
	at java.util.concurrent.Executors$RunnableAdapter.call(Executors.java:511)
	at java.util.concurrent.FutureTask.run(FutureTask.java:266)
	at java.util.concurrent.ScheduledThreadPoolExecutor$ScheduledFutureTask.access$201(ScheduledThreadPoolExecutor.java:180)
	at java.util.concurrent.ScheduledThreadPoolExecutor$ScheduledFutureTask.run(ScheduledThreadPoolExecutor.java:293)
	at java.util.concurrent.ThreadPoolExecutor.runWorker(ThreadPoolExecutor.java:1149)
	at java.util.concurrent.ThreadPoolExecutor$Worker.run(ThreadPoolExecutor.java:624)
	at java.lang.Thread.run(Thread.java:748)

Oct 06, 2019 1:04:10 AM org.apache.ratis.thirdparty.io.grpc.internal.ManagedChannelOrphanWrapper$ManagedChannelReference cleanQueue
SEVERE: *~*~*~ Channel ManagedChannelImpl{logId=3784, target=192.168.30.55:35047} was not shutdown properly!!! ~*~*~*
    Make sure to call shutdown()/shutdownNow() and wait until awaitTermination() returns true.
java.lang.RuntimeException: ManagedChannel allocation site
	at org.apache.ratis.thirdparty.io.grpc.internal.ManagedChannelOrphanWrapper$ManagedChannelReference.<init>(ManagedChannelOrphanWrapper.java:103)
	at org.apache.ratis.thirdparty.io.grpc.internal.ManagedChannelOrphanWrapper.<init>(ManagedChannelOrphanWrapper.java:53)
	at org.apache.ratis.thirdparty.io.grpc.internal.ManagedChannelOrphanWrapper.<init>(ManagedChannelOrphanWrapper.java:44)
	at org.apache.ratis.thirdparty.io.grpc.internal.AbstractManagedChannelImplBuilder.build(AbstractManagedChannelImplBuilder.java:411)
	at org.apache.hadoop.hdds.scm.XceiverClientGrpc.connectToDatanode(XceiverClientGrpc.java:181)
	at org.apache.hadoop.hdds.scm.XceiverClientGrpc.reconnect(XceiverClientGrpc.java:429)
	at org.apache.hadoop.hdds.scm.XceiverClientGrpc.sendCommandAsync(XceiverClientGrpc.java:378)
	at org.apache.hadoop.hdds.scm.XceiverClientGrpc.sendCommandWithRetry(XceiverClientGrpc.java:291)
	at org.apache.hadoop.hdds.scm.XceiverClientGrpc.sendCommandWithTraceIDAndRetry(XceiverClientGrpc.java:257)
	at org.apache.hadoop.hdds.scm.XceiverClientGrpc.sendCommand(XceiverClientGrpc.java:240)
	at org.apache.hadoop.hdds.scm.storage.ContainerProtocolCalls.readChunk(ContainerProtocolCalls.java:245)
	at org.apache.hadoop.hdds.scm.storage.ChunkInputStream.readChunk(ChunkInputStream.java:335)
	at org.apache.hadoop.hdds.scm.storage.ChunkInputStream.readChunkFromContainer(ChunkInputStream.java:307)
	at org.apache.hadoop.hdds.scm.storage.ChunkInputStream.prepareRead(ChunkInputStream.java:259)
	at org.apache.hadoop.hdds.scm.storage.ChunkInputStream.read(ChunkInputStream.java:144)
	at org.apache.hadoop.hdds.scm.storage.BlockInputStream.read(BlockInputStream.java:239)
	at org.apache.hadoop.ozone.client.io.KeyInputStream.read(KeyInputStream.java:171)
	at org.apache.hadoop.ozone.client.io.OzoneInputStream.read(OzoneInputStream.java:47)
	at java.io.InputStream.read(InputStream.java:101)
	at org.apache.hadoop.ozone.container.ContainerTestHelper.validateData(ContainerTestHelper.java:715)
	at org.apache.hadoop.ozone.client.rpc.TestBlockOutputStreamWithFailures.validateData(TestBlockOutputStreamWithFailures.java:1216)
	at org.apache.hadoop.ozone.client.rpc.TestBlockOutputStreamWithFailures.testWatchForCommitWithCloseContainerException(TestBlockOutputStreamWithFailures.java:260)
	at sun.reflect.NativeMethodAccessorImpl.invoke0(Native Method)
	at sun.reflect.NativeMethodAccessorImpl.invoke(NativeMethodAccessorImpl.java:62)
	at sun.reflect.DelegatingMethodAccessorImpl.invoke(DelegatingMethodAccessorImpl.java:43)
	at java.lang.reflect.Method.invoke(Method.java:498)
	at org.junit.runners.model.FrameworkMethod$1.runReflectiveCall(FrameworkMethod.java:47)
	at org.junit.internal.runners.model.ReflectiveCallable.run(ReflectiveCallable.java:12)
	at org.junit.runners.model.FrameworkMethod.invokeExplosively(FrameworkMethod.java:44)
	at org.junit.internal.runners.statements.InvokeMethod.evaluate(InvokeMethod.java:17)
	at org.junit.internal.runners.statements.RunBefores.evaluate(RunBefores.java:26)
	at org.junit.internal.runners.statements.RunAfters.evaluate(RunAfters.java:27)
	at org.junit.runners.ParentRunner.runLeaf(ParentRunner.java:271)
	at org.junit.runners.BlockJUnit4ClassRunner.runChild(BlockJUnit4ClassRunner.java:70)
	at org.junit.runners.BlockJUnit4ClassRunner.runChild(BlockJUnit4ClassRunner.java:50)
	at org.junit.runners.ParentRunner$3.run(ParentRunner.java:238)
	at org.junit.runners.ParentRunner$1.schedule(ParentRunner.java:63)
	at org.junit.runners.ParentRunner.runChildren(ParentRunner.java:236)
	at org.junit.runners.ParentRunner.access$000(ParentRunner.java:53)
	at org.junit.runners.ParentRunner$2.evaluate(ParentRunner.java:229)
	at org.junit.runners.ParentRunner.run(ParentRunner.java:309)
	at org.apache.maven.surefire.junit4.JUnit4Provider.execute(JUnit4Provider.java:365)
	at org.apache.maven.surefire.junit4.JUnit4Provider.executeWithRerun(JUnit4Provider.java:273)
	at org.apache.maven.surefire.junit4.JUnit4Provider.executeTestSet(JUnit4Provider.java:238)
	at org.apache.maven.surefire.junit4.JUnit4Provider.invoke(JUnit4Provider.java:159)
	at org.apache.maven.surefire.booter.ForkedBooter.invokeProviderInSameClassLoader(ForkedBooter.java:384)
	at org.apache.maven.surefire.booter.ForkedBooter.runSuitesInProcess(ForkedBooter.java:345)
	at org.apache.maven.surefire.booter.ForkedBooter.execute(ForkedBooter.java:126)
	at org.apache.maven.surefire.booter.ForkedBooter.main(ForkedBooter.java:418)

Oct 06, 2019 1:04:10 AM org.apache.ratis.thirdparty.io.grpc.internal.ManagedChannelOrphanWrapper$ManagedChannelReference cleanQueue
SEVERE: *~*~*~ Channel ManagedChannelImpl{logId=3436, target=192.168.30.55:44746} was not shutdown properly!!! ~*~*~*
    Make sure to call shutdown()/shutdownNow() and wait until awaitTermination() returns true.
java.lang.RuntimeException: ManagedChannel allocation site
	at org.apache.ratis.thirdparty.io.grpc.internal.ManagedChannelOrphanWrapper$ManagedChannelReference.<init>(ManagedChannelOrphanWrapper.java:103)
	at org.apache.ratis.thirdparty.io.grpc.internal.ManagedChannelOrphanWrapper.<init>(ManagedChannelOrphanWrapper.java:53)
	at org.apache.ratis.thirdparty.io.grpc.internal.ManagedChannelOrphanWrapper.<init>(ManagedChannelOrphanWrapper.java:44)
	at org.apache.ratis.thirdparty.io.grpc.internal.AbstractManagedChannelImplBuilder.build(AbstractManagedChannelImplBuilder.java:411)
	at org.apache.hadoop.hdds.scm.XceiverClientGrpc.connectToDatanode(XceiverClientGrpc.java:181)
	at org.apache.hadoop.hdds.scm.XceiverClientGrpc.reconnect(XceiverClientGrpc.java:429)
	at org.apache.hadoop.hdds.scm.XceiverClientGrpc.sendCommandAsync(XceiverClientGrpc.java:378)
	at org.apache.hadoop.hdds.scm.XceiverClientGrpc.sendCommandWithRetry(XceiverClientGrpc.java:291)
	at org.apache.hadoop.hdds.scm.XceiverClientGrpc.sendCommandWithTraceIDAndRetry(XceiverClientGrpc.java:257)
	at org.apache.hadoop.hdds.scm.XceiverClientGrpc.sendCommand(XceiverClientGrpc.java:240)
	at org.apache.hadoop.hdds.scm.storage.ContainerProtocolCalls.getBlock(ContainerProtocolCalls.java:118)
	at org.apache.hadoop.hdds.scm.storage.BlockInputStream.getChunkInfos(BlockInputStream.java:167)
	at org.apache.hadoop.hdds.scm.storage.BlockInputStream.initialize(BlockInputStream.java:118)
	at org.apache.hadoop.hdds.scm.storage.BlockInputStream.read(BlockInputStream.java:222)
	at org.apache.hadoop.ozone.client.io.KeyInputStream.read(KeyInputStream.java:171)
	at org.apache.hadoop.ozone.client.io.OzoneInputStream.read(OzoneInputStream.java:47)
	at java.io.InputStream.read(InputStream.java:101)
	at org.apache.hadoop.ozone.container.ContainerTestHelper.validateData(ContainerTestHelper.java:715)
	at org.apache.hadoop.ozone.client.rpc.TestBlockOutputStreamWithFailures.validateData(TestBlockOutputStreamWithFailures.java:1216)
	at org.apache.hadoop.ozone.client.rpc.TestBlockOutputStreamWithFailures.testFailureWithPrimeSizedData(TestBlockOutputStreamWithFailures.java:662)
	at sun.reflect.NativeMethodAccessorImpl.invoke0(Native Method)
	at sun.reflect.NativeMethodAccessorImpl.invoke(NativeMethodAccessorImpl.java:62)
	at sun.reflect.DelegatingMethodAccessorImpl.invoke(DelegatingMethodAccessorImpl.java:43)
	at java.lang.reflect.Method.invoke(Method.java:498)
	at org.junit.runners.model.FrameworkMethod$1.runReflectiveCall(FrameworkMethod.java:47)
	at org.junit.internal.runners.model.ReflectiveCallable.run(ReflectiveCallable.java:12)
	at org.junit.runners.model.FrameworkMethod.invokeExplosively(FrameworkMethod.java:44)
	at org.junit.internal.runners.statements.InvokeMethod.evaluate(InvokeMethod.java:17)
	at org.junit.internal.runners.statements.RunBefores.evaluate(RunBefores.java:26)
	at org.junit.internal.runners.statements.RunAfters.evaluate(RunAfters.java:27)
	at org.junit.runners.ParentRunner.runLeaf(ParentRunner.java:271)
	at org.junit.runners.BlockJUnit4ClassRunner.runChild(BlockJUnit4ClassRunner.java:70)
	at org.junit.runners.BlockJUnit4ClassRunner.runChild(BlockJUnit4ClassRunner.java:50)
	at org.junit.runners.ParentRunner$3.run(ParentRunner.java:238)
	at org.junit.runners.ParentRunner$1.schedule(ParentRunner.java:63)
	at org.junit.runners.ParentRunner.runChildren(ParentRunner.java:236)
	at org.junit.runners.ParentRunner.access$000(ParentRunner.java:53)
	at org.junit.runners.ParentRunner$2.evaluate(ParentRunner.java:229)
	at org.junit.runners.ParentRunner.run(ParentRunner.java:309)
	at org.apache.maven.surefire.junit4.JUnit4Provider.execute(JUnit4Provider.java:365)
	at org.apache.maven.surefire.junit4.JUnit4Provider.executeWithRerun(JUnit4Provider.java:273)
	at org.apache.maven.surefire.junit4.JUnit4Provider.executeTestSet(JUnit4Provider.java:238)
	at org.apache.maven.surefire.junit4.JUnit4Provider.invoke(JUnit4Provider.java:159)
	at org.apache.maven.surefire.booter.ForkedBooter.invokeProviderInSameClassLoader(ForkedBooter.java:384)
	at org.apache.maven.surefire.booter.ForkedBooter.runSuitesInProcess(ForkedBooter.java:345)
	at org.apache.maven.surefire.booter.ForkedBooter.execute(ForkedBooter.java:126)
	at org.apache.maven.surefire.booter.ForkedBooter.main(ForkedBooter.java:418)

Oct 06, 2019 1:04:10 AM org.apache.ratis.thirdparty.io.grpc.internal.ManagedChannelOrphanWrapper$ManagedChannelReference cleanQueue
SEVERE: *~*~*~ Channel ManagedChannelImpl{logId=3799, target=192.168.30.55:36712} was not shutdown properly!!! ~*~*~*
    Make sure to call shutdown()/shutdownNow() and wait until awaitTermination() returns true.
java.lang.RuntimeException: ManagedChannel allocation site
	at org.apache.ratis.thirdparty.io.grpc.internal.ManagedChannelOrphanWrapper$ManagedChannelReference.<init>(ManagedChannelOrphanWrapper.java:103)
	at org.apache.ratis.thirdparty.io.grpc.internal.ManagedChannelOrphanWrapper.<init>(ManagedChannelOrphanWrapper.java:53)
	at org.apache.ratis.thirdparty.io.grpc.internal.ManagedChannelOrphanWrapper.<init>(ManagedChannelOrphanWrapper.java:44)
	at org.apache.ratis.thirdparty.io.grpc.internal.AbstractManagedChannelImplBuilder.build(AbstractManagedChannelImplBuilder.java:411)
	at org.apache.hadoop.hdds.scm.XceiverClientGrpc.connectToDatanode(XceiverClientGrpc.java:181)
	at org.apache.hadoop.hdds.scm.XceiverClientGrpc.reconnect(XceiverClientGrpc.java:429)
	at org.apache.hadoop.hdds.scm.XceiverClientGrpc.sendCommandAsync(XceiverClientGrpc.java:378)
	at org.apache.hadoop.hdds.scm.XceiverClientGrpc.sendCommandWithRetry(XceiverClientGrpc.java:291)
	at org.apache.hadoop.hdds.scm.XceiverClientGrpc.sendCommandWithTraceIDAndRetry(XceiverClientGrpc.java:257)
	at org.apache.hadoop.hdds.scm.XceiverClientGrpc.sendCommand(XceiverClientGrpc.java:240)
	at org.apache.hadoop.hdds.scm.storage.ContainerProtocolCalls.readChunk(ContainerProtocolCalls.java:245)
	at org.apache.hadoop.hdds.scm.storage.ChunkInputStream.readChunk(ChunkInputStream.java:335)
	at org.apache.hadoop.hdds.scm.storage.ChunkInputStream.readChunkFromContainer(ChunkInputStream.java:307)
	at org.apache.hadoop.hdds.scm.storage.ChunkInputStream.prepareRead(ChunkInputStream.java:259)
	at org.apache.hadoop.hdds.scm.storage.ChunkInputStream.read(ChunkInputStream.java:144)
	at org.apache.hadoop.hdds.scm.storage.BlockInputStream.read(BlockInputStream.java:239)
	at org.apache.hadoop.ozone.client.io.KeyInputStream.read(KeyInputStream.java:171)
	at org.apache.hadoop.ozone.client.io.OzoneInputStream.read(OzoneInputStream.java:47)
	at java.io.InputStream.read(InputStream.java:101)
	at org.apache.hadoop.ozone.container.ContainerTestHelper.validateData(ContainerTestHelper.java:715)
	at org.apache.hadoop.ozone.client.rpc.TestBlockOutputStreamWithFailures.validateData(TestBlockOutputStreamWithFailures.java:1216)
	at org.apache.hadoop.ozone.client.rpc.TestBlockOutputStreamWithFailures.testWatchForCommitWithCloseContainerException(TestBlockOutputStreamWithFailures.java:260)
	at sun.reflect.NativeMethodAccessorImpl.invoke0(Native Method)
	at sun.reflect.NativeMethodAccessorImpl.invoke(NativeMethodAccessorImpl.java:62)
	at sun.reflect.DelegatingMethodAccessorImpl.invoke(DelegatingMethodAccessorImpl.java:43)
	at java.lang.reflect.Method.invoke(Method.java:498)
	at org.junit.runners.model.FrameworkMethod$1.runReflectiveCall(FrameworkMethod.java:47)
	at org.junit.internal.runners.model.ReflectiveCallable.run(ReflectiveCallable.java:12)
	at org.junit.runners.model.FrameworkMethod.invokeExplosively(FrameworkMethod.java:44)
	at org.junit.internal.runners.statements.InvokeMethod.evaluate(InvokeMethod.java:17)
	at org.junit.internal.runners.statements.RunBefores.evaluate(RunBefores.java:26)
	at org.junit.internal.runners.statements.RunAfters.evaluate(RunAfters.java:27)
	at org.junit.runners.ParentRunner.runLeaf(ParentRunner.java:271)
	at org.junit.runners.BlockJUnit4ClassRunner.runChild(BlockJUnit4ClassRunner.java:70)
	at org.junit.runners.BlockJUnit4ClassRunner.runChild(BlockJUnit4ClassRunner.java:50)
	at org.junit.runners.ParentRunner$3.run(ParentRunner.java:238)
	at org.junit.runners.ParentRunner$1.schedule(ParentRunner.java:63)
	at org.junit.runners.ParentRunner.runChildren(ParentRunner.java:236)
	at org.junit.runners.ParentRunner.access$000(ParentRunner.java:53)
	at org.junit.runners.ParentRunner$2.evaluate(ParentRunner.java:229)
	at org.junit.runners.ParentRunner.run(ParentRunner.java:309)
	at org.apache.maven.surefire.junit4.JUnit4Provider.execute(JUnit4Provider.java:365)
	at org.apache.maven.surefire.junit4.JUnit4Provider.executeWithRerun(JUnit4Provider.java:273)
	at org.apache.maven.surefire.junit4.JUnit4Provider.executeTestSet(JUnit4Provider.java:238)
	at org.apache.maven.surefire.junit4.JUnit4Provider.invoke(JUnit4Provider.java:159)
	at org.apache.maven.surefire.booter.ForkedBooter.invokeProviderInSameClassLoader(ForkedBooter.java:384)
	at org.apache.maven.surefire.booter.ForkedBooter.runSuitesInProcess(ForkedBooter.java:345)
	at org.apache.maven.surefire.booter.ForkedBooter.execute(ForkedBooter.java:126)
	at org.apache.maven.surefire.booter.ForkedBooter.main(ForkedBooter.java:418)

Oct 06, 2019 1:04:10 AM org.apache.ratis.thirdparty.io.grpc.internal.ManagedChannelOrphanWrapper$ManagedChannelReference cleanQueue
SEVERE: *~*~*~ Channel ManagedChannelImpl{logId=3441, target=192.168.30.55:37665} was not shutdown properly!!! ~*~*~*
    Make sure to call shutdown()/shutdownNow() and wait until awaitTermination() returns true.
java.lang.RuntimeException: ManagedChannel allocation site
	at org.apache.ratis.thirdparty.io.grpc.internal.ManagedChannelOrphanWrapper$ManagedChannelReference.<init>(ManagedChannelOrphanWrapper.java:103)
	at org.apache.ratis.thirdparty.io.grpc.internal.ManagedChannelOrphanWrapper.<init>(ManagedChannelOrphanWrapper.java:53)
	at org.apache.ratis.thirdparty.io.grpc.internal.ManagedChannelOrphanWrapper.<init>(ManagedChannelOrphanWrapper.java:44)
	at org.apache.ratis.thirdparty.io.grpc.internal.AbstractManagedChannelImplBuilder.build(AbstractManagedChannelImplBuilder.java:411)
	at org.apache.hadoop.hdds.scm.XceiverClientGrpc.connectToDatanode(XceiverClientGrpc.java:181)
	at org.apache.hadoop.hdds.scm.XceiverClientGrpc.reconnect(XceiverClientGrpc.java:429)
	at org.apache.hadoop.hdds.scm.XceiverClientGrpc.sendCommandAsync(XceiverClientGrpc.java:378)
	at org.apache.hadoop.hdds.scm.XceiverClientGrpc.sendCommandWithRetry(XceiverClientGrpc.java:291)
	at org.apache.hadoop.hdds.scm.XceiverClientGrpc.sendCommandWithTraceIDAndRetry(XceiverClientGrpc.java:257)
	at org.apache.hadoop.hdds.scm.XceiverClientGrpc.sendCommand(XceiverClientGrpc.java:240)
	at org.apache.hadoop.hdds.scm.storage.ContainerProtocolCalls.readChunk(ContainerProtocolCalls.java:245)
	at org.apache.hadoop.hdds.scm.storage.ChunkInputStream.readChunk(ChunkInputStream.java:335)
	at org.apache.hadoop.hdds.scm.storage.ChunkInputStream.readChunkFromContainer(ChunkInputStream.java:307)
	at org.apache.hadoop.hdds.scm.storage.ChunkInputStream.prepareRead(ChunkInputStream.java:259)
	at org.apache.hadoop.hdds.scm.storage.ChunkInputStream.read(ChunkInputStream.java:144)
	at org.apache.hadoop.hdds.scm.storage.BlockInputStream.read(BlockInputStream.java:239)
	at org.apache.hadoop.ozone.client.io.KeyInputStream.read(KeyInputStream.java:171)
	at org.apache.hadoop.ozone.client.io.OzoneInputStream.read(OzoneInputStream.java:47)
	at java.io.InputStream.read(InputStream.java:101)
	at org.apache.hadoop.ozone.container.ContainerTestHelper.validateData(ContainerTestHelper.java:715)
	at org.apache.hadoop.ozone.client.rpc.TestBlockOutputStreamWithFailures.validateData(TestBlockOutputStreamWithFailures.java:1216)
	at org.apache.hadoop.ozone.client.rpc.TestBlockOutputStreamWithFailures.testFailureWithPrimeSizedData(TestBlockOutputStreamWithFailures.java:662)
	at sun.reflect.NativeMethodAccessorImpl.invoke0(Native Method)
	at sun.reflect.NativeMethodAccessorImpl.invoke(NativeMethodAccessorImpl.java:62)
	at sun.reflect.DelegatingMethodAccessorImpl.invoke(DelegatingMethodAccessorImpl.java:43)
	at java.lang.reflect.Method.invoke(Method.java:498)
	at org.junit.runners.model.FrameworkMethod$1.runReflectiveCall(FrameworkMethod.java:47)
	at org.junit.internal.runners.model.ReflectiveCallable.run(ReflectiveCallable.java:12)
	at org.junit.runners.model.FrameworkMethod.invokeExplosively(FrameworkMethod.java:44)
	at org.junit.internal.runners.statements.InvokeMethod.evaluate(InvokeMethod.java:17)
	at org.junit.internal.runners.statements.RunBefores.evaluate(RunBefores.java:26)
	at org.junit.internal.runners.statements.RunAfters.evaluate(RunAfters.java:27)
	at org.junit.runners.ParentRunner.runLeaf(ParentRunner.java:271)
	at org.junit.runners.BlockJUnit4ClassRunner.runChild(BlockJUnit4ClassRunner.java:70)
	at org.junit.runners.BlockJUnit4ClassRunner.runChild(BlockJUnit4ClassRunner.java:50)
	at org.junit.runners.ParentRunner$3.run(ParentRunner.java:238)
	at org.junit.runners.ParentRunner$1.schedule(ParentRunner.java:63)
	at org.junit.runners.ParentRunner.runChildren(ParentRunner.java:236)
	at org.junit.runners.ParentRunner.access$000(ParentRunner.java:53)
	at org.junit.runners.ParentRunner$2.evaluate(ParentRunner.java:229)
	at org.junit.runners.ParentRunner.run(ParentRunner.java:309)
	at org.apache.maven.surefire.junit4.JUnit4Provider.execute(JUnit4Provider.java:365)
	at org.apache.maven.surefire.junit4.JUnit4Provider.executeWithRerun(JUnit4Provider.java:273)
	at org.apache.maven.surefire.junit4.JUnit4Provider.executeTestSet(JUnit4Provider.java:238)
	at org.apache.maven.surefire.junit4.JUnit4Provider.invoke(JUnit4Provider.java:159)
	at org.apache.maven.surefire.booter.ForkedBooter.invokeProviderInSameClassLoader(ForkedBooter.java:384)
	at org.apache.maven.surefire.booter.ForkedBooter.runSuitesInProcess(ForkedBooter.java:345)
	at org.apache.maven.surefire.booter.ForkedBooter.execute(ForkedBooter.java:126)
	at org.apache.maven.surefire.booter.ForkedBooter.main(ForkedBooter.java:418)

Oct 06, 2019 1:04:10 AM org.apache.ratis.thirdparty.io.grpc.internal.ManagedChannelOrphanWrapper$ManagedChannelReference cleanQueue
SEVERE: *~*~*~ Channel ManagedChannelImpl{logId=3446, target=192.168.30.55:46363} was not shutdown properly!!! ~*~*~*
    Make sure to call shutdown()/shutdownNow() and wait until awaitTermination() returns true.
java.lang.RuntimeException: ManagedChannel allocation site
	at org.apache.ratis.thirdparty.io.grpc.internal.ManagedChannelOrphanWrapper$ManagedChannelReference.<init>(ManagedChannelOrphanWrapper.java:103)
	at org.apache.ratis.thirdparty.io.grpc.internal.ManagedChannelOrphanWrapper.<init>(ManagedChannelOrphanWrapper.java:53)
	at org.apache.ratis.thirdparty.io.grpc.internal.ManagedChannelOrphanWrapper.<init>(ManagedChannelOrphanWrapper.java:44)
	at org.apache.ratis.thirdparty.io.grpc.internal.AbstractManagedChannelImplBuilder.build(AbstractManagedChannelImplBuilder.java:411)
	at org.apache.hadoop.hdds.scm.XceiverClientGrpc.connectToDatanode(XceiverClientGrpc.java:181)
	at org.apache.hadoop.hdds.scm.XceiverClientGrpc.reconnect(XceiverClientGrpc.java:429)
	at org.apache.hadoop.hdds.scm.XceiverClientGrpc.sendCommandAsync(XceiverClientGrpc.java:378)
	at org.apache.hadoop.hdds.scm.XceiverClientGrpc.sendCommandWithRetry(XceiverClientGrpc.java:291)
	at org.apache.hadoop.hdds.scm.XceiverClientGrpc.sendCommandWithTraceIDAndRetry(XceiverClientGrpc.java:257)
	at org.apache.hadoop.hdds.scm.XceiverClientGrpc.sendCommand(XceiverClientGrpc.java:240)
	at org.apache.hadoop.hdds.scm.storage.ContainerProtocolCalls.getBlock(ContainerProtocolCalls.java:118)
	at org.apache.hadoop.hdds.scm.storage.BlockInputStream.getChunkInfos(BlockInputStream.java:167)
	at org.apache.hadoop.hdds.scm.storage.BlockInputStream.initialize(BlockInputStream.java:118)
	at org.apache.hadoop.hdds.scm.storage.BlockInputStream.read(BlockInputStream.java:222)
	at org.apache.hadoop.ozone.client.io.KeyInputStream.read(KeyInputStream.java:171)
	at org.apache.hadoop.ozone.client.io.OzoneInputStream.read(OzoneInputStream.java:47)
	at java.io.InputStream.read(InputStream.java:101)
	at org.apache.hadoop.ozone.container.ContainerTestHelper.validateData(ContainerTestHelper.java:715)
	at org.apache.hadoop.ozone.client.rpc.TestBlockOutputStreamWithFailures.validateData(TestBlockOutputStreamWithFailures.java:1216)
	at org.apache.hadoop.ozone.client.rpc.TestBlockOutputStreamWithFailures.testFailureWithPrimeSizedData(TestBlockOutputStreamWithFailures.java:662)
	at sun.reflect.NativeMethodAccessorImpl.invoke0(Native Method)
	at sun.reflect.NativeMethodAccessorImpl.invoke(NativeMethodAccessorImpl.java:62)
	at sun.reflect.DelegatingMethodAccessorImpl.invoke(DelegatingMethodAccessorImpl.java:43)
	at java.lang.reflect.Method.invoke(Method.java:498)
	at org.junit.runners.model.FrameworkMethod$1.runReflectiveCall(FrameworkMethod.java:47)
	at org.junit.internal.runners.model.ReflectiveCallable.run(ReflectiveCallable.java:12)
	at org.junit.runners.model.FrameworkMethod.invokeExplosively(FrameworkMethod.java:44)
	at org.junit.internal.runners.statements.InvokeMethod.evaluate(InvokeMethod.java:17)
	at org.junit.internal.runners.statements.RunBefores.evaluate(RunBefores.java:26)
	at org.junit.internal.runners.statements.RunAfters.evaluate(RunAfters.java:27)
	at org.junit.runners.ParentRunner.runLeaf(ParentRunner.java:271)
	at org.junit.runners.BlockJUnit4ClassRunner.runChild(BlockJUnit4ClassRunner.java:70)
	at org.junit.runners.BlockJUnit4ClassRunner.runChild(BlockJUnit4ClassRunner.java:50)
	at org.junit.runners.ParentRunner$3.run(ParentRunner.java:238)
	at org.junit.runners.ParentRunner$1.schedule(ParentRunner.java:63)
	at org.junit.runners.ParentRunner.runChildren(ParentRunner.java:236)
	at org.junit.runners.ParentRunner.access$000(ParentRunner.java:53)
	at org.junit.runners.ParentRunner$2.evaluate(ParentRunner.java:229)
	at org.junit.runners.ParentRunner.run(ParentRunner.java:309)
	at org.apache.maven.surefire.junit4.JUnit4Provider.execute(JUnit4Provider.java:365)
	at org.apache.maven.surefire.junit4.JUnit4Provider.executeWithRerun(JUnit4Provider.java:273)
	at org.apache.maven.surefire.junit4.JUnit4Provider.executeTestSet(JUnit4Provider.java:238)
	at org.apache.maven.surefire.junit4.JUnit4Provider.invoke(JUnit4Provider.java:159)
	at org.apache.maven.surefire.booter.ForkedBooter.invokeProviderInSameClassLoader(ForkedBooter.java:384)
	at org.apache.maven.surefire.booter.ForkedBooter.runSuitesInProcess(ForkedBooter.java:345)
	at org.apache.maven.surefire.booter.ForkedBooter.execute(ForkedBooter.java:126)
	at org.apache.maven.surefire.booter.ForkedBooter.main(ForkedBooter.java:418)

Oct 06, 2019 1:04:10 AM org.apache.ratis.thirdparty.io.grpc.internal.ManagedChannelOrphanWrapper$ManagedChannelReference cleanQueue
SEVERE: *~*~*~ Channel ManagedChannelImpl{logId=3757, target=192.168.30.55:44010} was not shutdown properly!!! ~*~*~*
    Make sure to call shutdown()/shutdownNow() and wait until awaitTermination() returns true.
java.lang.RuntimeException: ManagedChannel allocation site
	at org.apache.ratis.thirdparty.io.grpc.internal.ManagedChannelOrphanWrapper$ManagedChannelReference.<init>(ManagedChannelOrphanWrapper.java:103)
	at org.apache.ratis.thirdparty.io.grpc.internal.ManagedChannelOrphanWrapper.<init>(ManagedChannelOrphanWrapper.java:53)
	at org.apache.ratis.thirdparty.io.grpc.internal.ManagedChannelOrphanWrapper.<init>(ManagedChannelOrphanWrapper.java:44)
	at org.apache.ratis.thirdparty.io.grpc.internal.AbstractManagedChannelImplBuilder.build(AbstractManagedChannelImplBuilder.java:411)
	at org.apache.ratis.grpc.client.GrpcClientProtocolClient.<init>(GrpcClientProtocolClient.java:128)
	at org.apache.ratis.grpc.client.GrpcClientRpc.lambda$new$0(GrpcClientRpc.java:55)
	at org.apache.ratis.util.PeerProxyMap$PeerAndProxy.lambda$getProxy$0(PeerProxyMap.java:61)
	at org.apache.ratis.util.LifeCycle.startAndTransition(LifeCycle.java:202)
	at org.apache.ratis.util.PeerProxyMap$PeerAndProxy.getProxy(PeerProxyMap.java:60)
	at org.apache.ratis.util.PeerProxyMap.getProxy(PeerProxyMap.java:108)
	at org.apache.ratis.grpc.client.GrpcClientRpc.sendRequestAsync(GrpcClientRpc.java:66)
	at org.apache.ratis.client.impl.OrderedAsync.sendRequest(OrderedAsync.java:208)
	at org.apache.ratis.client.impl.OrderedAsync.sendRequestWithRetry(OrderedAsync.java:169)
	at org.apache.ratis.util.SlidingWindow$Client.sendOrDelayRequest(SlidingWindow.java:278)
	at org.apache.ratis.util.SlidingWindow$Client.retry(SlidingWindow.java:294)
	at org.apache.ratis.client.impl.OrderedAsync.lambda$scheduleWithTimeout$7(OrderedAsync.java:195)
	at org.apache.ratis.util.TimeoutScheduler.lambda$onTimeout$0(TimeoutScheduler.java:113)
	at org.apache.ratis.util.TimeoutScheduler.lambda$onTimeout$1(TimeoutScheduler.java:133)
	at org.apache.ratis.util.LogUtils.runAndLog(LogUtils.java:50)
	at org.apache.ratis.util.LogUtils$1.run(LogUtils.java:91)
	at java.util.concurrent.Executors$RunnableAdapter.call(Executors.java:511)
	at java.util.concurrent.FutureTask.run(FutureTask.java:266)
	at java.util.concurrent.ScheduledThreadPoolExecutor$ScheduledFutureTask.access$201(ScheduledThreadPoolExecutor.java:180)
	at java.util.concurrent.ScheduledThreadPoolExecutor$ScheduledFutureTask.run(ScheduledThreadPoolExecutor.java:293)
	at java.util.concurrent.ThreadPoolExecutor.runWorker(ThreadPoolExecutor.java:1149)
	at java.util.concurrent.ThreadPoolExecutor$Worker.run(ThreadPoolExecutor.java:624)
	at java.lang.Thread.run(Thread.java:748)

Oct 06, 2019 1:04:10 AM org.apache.ratis.thirdparty.io.grpc.internal.ManagedChannelOrphanWrapper$ManagedChannelReference cleanQueue
SEVERE: *~*~*~ Channel ManagedChannelImpl{logId=3427, target=192.168.30.55:42524} was not shutdown properly!!! ~*~*~*
    Make sure to call shutdown()/shutdownNow() and wait until awaitTermination() returns true.
java.lang.RuntimeException: ManagedChannel allocation site
	at org.apache.ratis.thirdparty.io.grpc.internal.ManagedChannelOrphanWrapper$ManagedChannelReference.<init>(ManagedChannelOrphanWrapper.java:103)
	at org.apache.ratis.thirdparty.io.grpc.internal.ManagedChannelOrphanWrapper.<init>(ManagedChannelOrphanWrapper.java:53)
	at org.apache.ratis.thirdparty.io.grpc.internal.ManagedChannelOrphanWrapper.<init>(ManagedChannelOrphanWrapper.java:44)
	at org.apache.ratis.thirdparty.io.grpc.internal.AbstractManagedChannelImplBuilder.build(AbstractManagedChannelImplBuilder.java:411)
	at org.apache.ratis.grpc.client.GrpcClientProtocolClient.<init>(GrpcClientProtocolClient.java:128)
	at org.apache.ratis.grpc.client.GrpcClientRpc.lambda$new$0(GrpcClientRpc.java:55)
	at org.apache.ratis.util.PeerProxyMap$PeerAndProxy.lambda$getProxy$0(PeerProxyMap.java:61)
	at org.apache.ratis.util.LifeCycle.startAndTransition(LifeCycle.java:202)
	at org.apache.ratis.util.PeerProxyMap$PeerAndProxy.getProxy(PeerProxyMap.java:60)
	at org.apache.ratis.util.PeerProxyMap.getProxy(PeerProxyMap.java:108)
	at org.apache.ratis.grpc.client.GrpcClientRpc.sendRequestAsync(GrpcClientRpc.java:66)
	at org.apache.ratis.client.impl.OrderedAsync.sendRequest(OrderedAsync.java:208)
	at org.apache.ratis.client.impl.OrderedAsync.sendRequestWithRetry(OrderedAsync.java:169)
	at org.apache.ratis.util.SlidingWindow$Client.sendOrDelayRequest(SlidingWindow.java:278)
	at org.apache.ratis.util.SlidingWindow$Client.retry(SlidingWindow.java:294)
	at org.apache.ratis.client.impl.OrderedAsync.lambda$scheduleWithTimeout$7(OrderedAsync.java:195)
	at org.apache.ratis.util.TimeoutScheduler.lambda$onTimeout$0(TimeoutScheduler.java:113)
	at org.apache.ratis.util.TimeoutScheduler.lambda$onTimeout$1(TimeoutScheduler.java:133)
	at org.apache.ratis.util.LogUtils.runAndLog(LogUtils.java:50)
	at org.apache.ratis.util.LogUtils$1.run(LogUtils.java:91)
	at java.util.concurrent.Executors$RunnableAdapter.call(Executors.java:511)
	at java.util.concurrent.FutureTask.run(FutureTask.java:266)
	at java.util.concurrent.ScheduledThreadPoolExecutor$ScheduledFutureTask.access$201(ScheduledThreadPoolExecutor.java:180)
	at java.util.concurrent.ScheduledThreadPoolExecutor$ScheduledFutureTask.run(ScheduledThreadPoolExecutor.java:293)
	at java.util.concurrent.ThreadPoolExecutor.runWorker(ThreadPoolExecutor.java:1149)
	at java.util.concurrent.ThreadPoolExecutor$Worker.run(ThreadPoolExecutor.java:624)
	at java.lang.Thread.run(Thread.java:748)

Oct 06, 2019 1:04:10 AM org.apache.ratis.thirdparty.io.grpc.internal.ManagedChannelOrphanWrapper$ManagedChannelReference cleanQueue
SEVERE: *~*~*~ Channel ManagedChannelImpl{logId=3789, target=192.168.30.55:35047} was not shutdown properly!!! ~*~*~*
    Make sure to call shutdown()/shutdownNow() and wait until awaitTermination() returns true.
java.lang.RuntimeException: ManagedChannel allocation site
	at org.apache.ratis.thirdparty.io.grpc.internal.ManagedChannelOrphanWrapper$ManagedChannelReference.<init>(ManagedChannelOrphanWrapper.java:103)
	at org.apache.ratis.thirdparty.io.grpc.internal.ManagedChannelOrphanWrapper.<init>(ManagedChannelOrphanWrapper.java:53)
	at org.apache.ratis.thirdparty.io.grpc.internal.ManagedChannelOrphanWrapper.<init>(ManagedChannelOrphanWrapper.java:44)
	at org.apache.ratis.thirdparty.io.grpc.internal.AbstractManagedChannelImplBuilder.build(AbstractManagedChannelImplBuilder.java:411)
	at org.apache.hadoop.hdds.scm.XceiverClientGrpc.connectToDatanode(XceiverClientGrpc.java:181)
	at org.apache.hadoop.hdds.scm.XceiverClientGrpc.reconnect(XceiverClientGrpc.java:429)
	at org.apache.hadoop.hdds.scm.XceiverClientGrpc.sendCommandAsync(XceiverClientGrpc.java:378)
	at org.apache.hadoop.hdds.scm.XceiverClientGrpc.sendCommandWithRetry(XceiverClientGrpc.java:291)
	at org.apache.hadoop.hdds.scm.XceiverClientGrpc.sendCommandWithTraceIDAndRetry(XceiverClientGrpc.java:257)
	at org.apache.hadoop.hdds.scm.XceiverClientGrpc.sendCommand(XceiverClientGrpc.java:240)
	at org.apache.hadoop.hdds.scm.storage.ContainerProtocolCalls.getBlock(ContainerProtocolCalls.java:118)
	at org.apache.hadoop.hdds.scm.storage.BlockInputStream.getChunkInfos(BlockInputStream.java:167)
	at org.apache.hadoop.hdds.scm.storage.BlockInputStream.initialize(BlockInputStream.java:118)
	at org.apache.hadoop.hdds.scm.storage.BlockInputStream.read(BlockInputStream.java:222)
	at org.apache.hadoop.ozone.client.io.KeyInputStream.read(KeyInputStream.java:171)
	at org.apache.hadoop.ozone.client.io.OzoneInputStream.read(OzoneInputStream.java:47)
	at java.io.InputStream.read(InputStream.java:101)
	at org.apache.hadoop.ozone.container.ContainerTestHelper.validateData(ContainerTestHelper.java:715)
	at org.apache.hadoop.ozone.client.rpc.TestBlockOutputStreamWithFailures.validateData(TestBlockOutputStreamWithFailures.java:1216)
	at org.apache.hadoop.ozone.client.rpc.TestBlockOutputStreamWithFailures.testWatchForCommitWithCloseContainerException(TestBlockOutputStreamWithFailures.java:260)
	at sun.reflect.NativeMethodAccessorImpl.invoke0(Native Method)
	at sun.reflect.NativeMethodAccessorImpl.invoke(NativeMethodAccessorImpl.java:62)
	at sun.reflect.DelegatingMethodAccessorImpl.invoke(DelegatingMethodAccessorImpl.java:43)
	at java.lang.reflect.Method.invoke(Method.java:498)
	at org.junit.runners.model.FrameworkMethod$1.runReflectiveCall(FrameworkMethod.java:47)
	at org.junit.internal.runners.model.ReflectiveCallable.run(ReflectiveCallable.java:12)
	at org.junit.runners.model.FrameworkMethod.invokeExplosively(FrameworkMethod.java:44)
	at org.junit.internal.runners.statements.InvokeMethod.evaluate(InvokeMethod.java:17)
	at org.junit.internal.runners.statements.RunBefores.evaluate(RunBefores.java:26)
	at org.junit.internal.runners.statements.RunAfters.evaluate(RunAfters.java:27)
	at org.junit.runners.ParentRunner.runLeaf(ParentRunner.java:271)
	at org.junit.runners.BlockJUnit4ClassRunner.runChild(BlockJUnit4ClassRunner.java:70)
	at org.junit.runners.BlockJUnit4ClassRunner.runChild(BlockJUnit4ClassRunner.java:50)
	at org.junit.runners.ParentRunner$3.run(ParentRunner.java:238)
	at org.junit.runners.ParentRunner$1.schedule(ParentRunner.java:63)
	at org.junit.runners.ParentRunner.runChildren(ParentRunner.java:236)
	at org.junit.runners.ParentRunner.access$000(ParentRunner.java:53)
	at org.junit.runners.ParentRunner$2.evaluate(ParentRunner.java:229)
	at org.junit.runners.ParentRunner.run(ParentRunner.java:309)
	at org.apache.maven.surefire.junit4.JUnit4Provider.execute(JUnit4Provider.java:365)
	at org.apache.maven.surefire.junit4.JUnit4Provider.executeWithRerun(JUnit4Provider.java:273)
	at org.apache.maven.surefire.junit4.JUnit4Provider.executeTestSet(JUnit4Provider.java:238)
	at org.apache.maven.surefire.junit4.JUnit4Provider.invoke(JUnit4Provider.java:159)
	at org.apache.maven.surefire.booter.ForkedBooter.invokeProviderInSameClassLoader(ForkedBooter.java:384)
	at org.apache.maven.surefire.booter.ForkedBooter.runSuitesInProcess(ForkedBooter.java:345)
	at org.apache.maven.surefire.booter.ForkedBooter.execute(ForkedBooter.java:126)
	at org.apache.maven.surefire.booter.ForkedBooter.main(ForkedBooter.java:418)

Oct 06, 2019 1:04:10 AM org.apache.ratis.thirdparty.io.grpc.internal.ManagedChannelOrphanWrapper$ManagedChannelReference cleanQueue
SEVERE: *~*~*~ Channel ManagedChannelImpl{logId=3779, target=192.168.30.55:36130} was not shutdown properly!!! ~*~*~*
    Make sure to call shutdown()/shutdownNow() and wait until awaitTermination() returns true.
java.lang.RuntimeException: ManagedChannel allocation site
	at org.apache.ratis.thirdparty.io.grpc.internal.ManagedChannelOrphanWrapper$ManagedChannelReference.<init>(ManagedChannelOrphanWrapper.java:103)
	at org.apache.ratis.thirdparty.io.grpc.internal.ManagedChannelOrphanWrapper.<init>(ManagedChannelOrphanWrapper.java:53)
	at org.apache.ratis.thirdparty.io.grpc.internal.ManagedChannelOrphanWrapper.<init>(ManagedChannelOrphanWrapper.java:44)
	at org.apache.ratis.thirdparty.io.grpc.internal.AbstractManagedChannelImplBuilder.build(AbstractManagedChannelImplBuilder.java:411)
	at org.apache.hadoop.hdds.scm.XceiverClientGrpc.connectToDatanode(XceiverClientGrpc.java:181)
	at org.apache.hadoop.hdds.scm.XceiverClientGrpc.reconnect(XceiverClientGrpc.java:429)
	at org.apache.hadoop.hdds.scm.XceiverClientGrpc.sendCommandAsync(XceiverClientGrpc.java:378)
	at org.apache.hadoop.hdds.scm.XceiverClientGrpc.sendCommandWithRetry(XceiverClientGrpc.java:291)
	at org.apache.hadoop.hdds.scm.XceiverClientGrpc.sendCommandWithTraceIDAndRetry(XceiverClientGrpc.java:257)
	at org.apache.hadoop.hdds.scm.XceiverClientGrpc.sendCommand(XceiverClientGrpc.java:240)
	at org.apache.hadoop.hdds.scm.storage.ContainerProtocolCalls.readChunk(ContainerProtocolCalls.java:245)
	at org.apache.hadoop.hdds.scm.storage.ChunkInputStream.readChunk(ChunkInputStream.java:335)
	at org.apache.hadoop.hdds.scm.storage.ChunkInputStream.readChunkFromContainer(ChunkInputStream.java:307)
	at org.apache.hadoop.hdds.scm.storage.ChunkInputStream.prepareRead(ChunkInputStream.java:259)
	at org.apache.hadoop.hdds.scm.storage.ChunkInputStream.read(ChunkInputStream.java:144)
	at org.apache.hadoop.hdds.scm.storage.BlockInputStream.read(BlockInputStream.java:239)
	at org.apache.hadoop.ozone.client.io.KeyInputStream.read(KeyInputStream.java:171)
	at org.apache.hadoop.ozone.client.io.OzoneInputStream.read(OzoneInputStream.java:47)
	at java.io.InputStream.read(InputStream.java:101)
	at org.apache.hadoop.ozone.container.ContainerTestHelper.validateData(ContainerTestHelper.java:715)
	at org.apache.hadoop.ozone.client.rpc.TestBlockOutputStreamWithFailures.validateData(TestBlockOutputStreamWithFailures.java:1216)
	at org.apache.hadoop.ozone.client.rpc.TestBlockOutputStreamWithFailures.testWatchForCommitWithCloseContainerException(TestBlockOutputStreamWithFailures.java:260)
	at sun.reflect.NativeMethodAccessorImpl.invoke0(Native Method)
	at sun.reflect.NativeMethodAccessorImpl.invoke(NativeMethodAccessorImpl.java:62)
	at sun.reflect.DelegatingMethodAccessorImpl.invoke(DelegatingMethodAccessorImpl.java:43)
	at java.lang.reflect.Method.invoke(Method.java:498)
	at org.junit.runners.model.FrameworkMethod$1.runReflectiveCall(FrameworkMethod.java:47)
	at org.junit.internal.runners.model.ReflectiveCallable.run(ReflectiveCallable.java:12)
	at org.junit.runners.model.FrameworkMethod.invokeExplosively(FrameworkMethod.java:44)
	at org.junit.internal.runners.statements.InvokeMethod.evaluate(InvokeMethod.java:17)
	at org.junit.internal.runners.statements.RunBefores.evaluate(RunBefores.java:26)
	at org.junit.internal.runners.statements.RunAfters.evaluate(RunAfters.java:27)
	at org.junit.runners.ParentRunner.runLeaf(ParentRunner.java:271)
	at org.junit.runners.BlockJUnit4ClassRunner.runChild(BlockJUnit4ClassRunner.java:70)
	at org.junit.runners.BlockJUnit4ClassRunner.runChild(BlockJUnit4ClassRunner.java:50)
	at org.junit.runners.ParentRunner$3.run(ParentRunner.java:238)
	at org.junit.runners.ParentRunner$1.schedule(ParentRunner.java:63)
	at org.junit.runners.ParentRunner.runChildren(ParentRunner.java:236)
	at org.junit.runners.ParentRunner.access$000(ParentRunner.java:53)
	at org.junit.runners.ParentRunner$2.evaluate(ParentRunner.java:229)
	at org.junit.runners.ParentRunner.run(ParentRunner.java:309)
	at org.apache.maven.surefire.junit4.JUnit4Provider.execute(JUnit4Provider.java:365)
	at org.apache.maven.surefire.junit4.JUnit4Provider.executeWithRerun(JUnit4Provider.java:273)
	at org.apache.maven.surefire.junit4.JUnit4Provider.executeTestSet(JUnit4Provider.java:238)
	at org.apache.maven.surefire.junit4.JUnit4Provider.invoke(JUnit4Provider.java:159)
	at org.apache.maven.surefire.booter.ForkedBooter.invokeProviderInSameClassLoader(ForkedBooter.java:384)
	at org.apache.maven.surefire.booter.ForkedBooter.runSuitesInProcess(ForkedBooter.java:345)
	at org.apache.maven.surefire.booter.ForkedBooter.execute(ForkedBooter.java:126)
	at org.apache.maven.surefire.booter.ForkedBooter.main(ForkedBooter.java:418)

Oct 06, 2019 1:04:10 AM org.apache.ratis.thirdparty.io.grpc.internal.ManagedChannelOrphanWrapper$ManagedChannelReference cleanQueue
SEVERE: *~*~*~ Channel ManagedChannelImpl{logId=3451, target=192.168.30.55:44654} was not shutdown properly!!! ~*~*~*
    Make sure to call shutdown()/shutdownNow() and wait until awaitTermination() returns true.
java.lang.RuntimeException: ManagedChannel allocation site
	at org.apache.ratis.thirdparty.io.grpc.internal.ManagedChannelOrphanWrapper$ManagedChannelReference.<init>(ManagedChannelOrphanWrapper.java:103)
	at org.apache.ratis.thirdparty.io.grpc.internal.ManagedChannelOrphanWrapper.<init>(ManagedChannelOrphanWrapper.java:53)
	at org.apache.ratis.thirdparty.io.grpc.internal.ManagedChannelOrphanWrapper.<init>(ManagedChannelOrphanWrapper.java:44)
	at org.apache.ratis.thirdparty.io.grpc.internal.AbstractManagedChannelImplBuilder.build(AbstractManagedChannelImplBuilder.java:411)
	at org.apache.hadoop.hdds.scm.XceiverClientGrpc.connectToDatanode(XceiverClientGrpc.java:181)
	at org.apache.hadoop.hdds.scm.XceiverClientGrpc.reconnect(XceiverClientGrpc.java:429)
	at org.apache.hadoop.hdds.scm.XceiverClientGrpc.sendCommandAsync(XceiverClientGrpc.java:378)
	at org.apache.hadoop.hdds.scm.XceiverClientGrpc.sendCommandWithRetry(XceiverClientGrpc.java:291)
	at org.apache.hadoop.hdds.scm.XceiverClientGrpc.sendCommandWithTraceIDAndRetry(XceiverClientGrpc.java:257)
	at org.apache.hadoop.hdds.scm.XceiverClientGrpc.sendCommand(XceiverClientGrpc.java:240)
	at org.apache.hadoop.hdds.scm.storage.ContainerProtocolCalls.readChunk(ContainerProtocolCalls.java:245)
	at org.apache.hadoop.hdds.scm.storage.ChunkInputStream.readChunk(ChunkInputStream.java:335)
	at org.apache.hadoop.hdds.scm.storage.ChunkInputStream.readChunkFromContainer(ChunkInputStream.java:307)
	at org.apache.hadoop.hdds.scm.storage.ChunkInputStream.prepareRead(ChunkInputStream.java:259)
	at org.apache.hadoop.hdds.scm.storage.ChunkInputStream.read(ChunkInputStream.java:144)
	at org.apache.hadoop.hdds.scm.storage.BlockInputStream.read(BlockInputStream.java:239)
	at org.apache.hadoop.ozone.client.io.KeyInputStream.read(KeyInputStream.java:171)
	at org.apache.hadoop.ozone.client.io.OzoneInputStream.read(OzoneInputStream.java:47)
	at java.io.InputStream.read(InputStream.java:101)
	at org.apache.hadoop.ozone.container.ContainerTestHelper.validateData(ContainerTestHelper.java:715)
	at org.apache.hadoop.ozone.client.rpc.TestBlockOutputStreamWithFailures.validateData(TestBlockOutputStreamWithFailures.java:1216)
	at org.apache.hadoop.ozone.client.rpc.TestBlockOutputStreamWithFailures.testFailureWithPrimeSizedData(TestBlockOutputStreamWithFailures.java:662)
	at sun.reflect.NativeMethodAccessorImpl.invoke0(Native Method)
	at sun.reflect.NativeMethodAccessorImpl.invoke(NativeMethodAccessorImpl.java:62)
	at sun.reflect.DelegatingMethodAccessorImpl.invoke(DelegatingMethodAccessorImpl.java:43)
	at java.lang.reflect.Method.invoke(Method.java:498)
	at org.junit.runners.model.FrameworkMethod$1.runReflectiveCall(FrameworkMethod.java:47)
	at org.junit.internal.runners.model.ReflectiveCallable.run(ReflectiveCallable.java:12)
	at org.junit.runners.model.FrameworkMethod.invokeExplosively(FrameworkMethod.java:44)
	at org.junit.internal.runners.statements.InvokeMethod.evaluate(InvokeMethod.java:17)
	at org.junit.internal.runners.statements.RunBefores.evaluate(RunBefores.java:26)
	at org.junit.internal.runners.statements.RunAfters.evaluate(RunAfters.java:27)
	at org.junit.runners.ParentRunner.runLeaf(ParentRunner.java:271)
	at org.junit.runners.BlockJUnit4ClassRunner.runChild(BlockJUnit4ClassRunner.java:70)
	at org.junit.runners.BlockJUnit4ClassRunner.runChild(BlockJUnit4ClassRunner.java:50)
	at org.junit.runners.ParentRunner$3.run(ParentRunner.java:238)
	at org.junit.runners.ParentRunner$1.schedule(ParentRunner.java:63)
	at org.junit.runners.ParentRunner.runChildren(ParentRunner.java:236)
	at org.junit.runners.ParentRunner.access$000(ParentRunner.java:53)
	at org.junit.runners.ParentRunner$2.evaluate(ParentRunner.java:229)
	at org.junit.runners.ParentRunner.run(ParentRunner.java:309)
	at org.apache.maven.surefire.junit4.JUnit4Provider.execute(JUnit4Provider.java:365)
	at org.apache.maven.surefire.junit4.JUnit4Provider.executeWithRerun(JUnit4Provider.java:273)
	at org.apache.maven.surefire.junit4.JUnit4Provider.executeTestSet(JUnit4Provider.java:238)
	at org.apache.maven.surefire.junit4.JUnit4Provider.invoke(JUnit4Provider.java:159)
	at org.apache.maven.surefire.booter.ForkedBooter.invokeProviderInSameClassLoader(ForkedBooter.java:384)
	at org.apache.maven.surefire.booter.ForkedBooter.runSuitesInProcess(ForkedBooter.java:345)
	at org.apache.maven.surefire.booter.ForkedBooter.execute(ForkedBooter.java:126)
	at org.apache.maven.surefire.booter.ForkedBooter.main(ForkedBooter.java:418)

Oct 06, 2019 1:04:10 AM org.apache.ratis.thirdparty.io.grpc.internal.ManagedChannelOrphanWrapper$ManagedChannelReference cleanQueue
SEVERE: *~*~*~ Channel ManagedChannelImpl{logId=3794, target=192.168.30.55:36130} was not shutdown properly!!! ~*~*~*
    Make sure to call shutdown()/shutdownNow() and wait until awaitTermination() returns true.
java.lang.RuntimeException: ManagedChannel allocation site
	at org.apache.ratis.thirdparty.io.grpc.internal.ManagedChannelOrphanWrapper$ManagedChannelReference.<init>(ManagedChannelOrphanWrapper.java:103)
	at org.apache.ratis.thirdparty.io.grpc.internal.ManagedChannelOrphanWrapper.<init>(ManagedChannelOrphanWrapper.java:53)
	at org.apache.ratis.thirdparty.io.grpc.internal.ManagedChannelOrphanWrapper.<init>(ManagedChannelOrphanWrapper.java:44)
	at org.apache.ratis.thirdparty.io.grpc.internal.AbstractManagedChannelImplBuilder.build(AbstractManagedChannelImplBuilder.java:411)
	at org.apache.hadoop.hdds.scm.XceiverClientGrpc.connectToDatanode(XceiverClientGrpc.java:181)
	at org.apache.hadoop.hdds.scm.XceiverClientGrpc.reconnect(XceiverClientGrpc.java:429)
	at org.apache.hadoop.hdds.scm.XceiverClientGrpc.sendCommandAsync(XceiverClientGrpc.java:378)
	at org.apache.hadoop.hdds.scm.XceiverClientGrpc.sendCommandWithRetry(XceiverClientGrpc.java:291)
	at org.apache.hadoop.hdds.scm.XceiverClientGrpc.sendCommandWithTraceIDAndRetry(XceiverClientGrpc.java:257)
	at org.apache.hadoop.hdds.scm.XceiverClientGrpc.sendCommand(XceiverClientGrpc.java:240)
	at org.apache.hadoop.hdds.scm.storage.ContainerProtocolCalls.readChunk(ContainerProtocolCalls.java:245)
	at org.apache.hadoop.hdds.scm.storage.ChunkInputStream.readChunk(ChunkInputStream.java:335)
	at org.apache.hadoop.hdds.scm.storage.ChunkInputStream.readChunkFromContainer(ChunkInputStream.java:307)
	at org.apache.hadoop.hdds.scm.storage.ChunkInputStream.prepareRead(ChunkInputStream.java:259)
	at org.apache.hadoop.hdds.scm.storage.ChunkInputStream.read(ChunkInputStream.java:144)
	at org.apache.hadoop.hdds.scm.storage.BlockInputStream.read(BlockInputStream.java:239)
	at org.apache.hadoop.ozone.client.io.KeyInputStream.read(KeyInputStream.java:171)
	at org.apache.hadoop.ozone.client.io.OzoneInputStream.read(OzoneInputStream.java:47)
	at java.io.InputStream.read(InputStream.java:101)
	at org.apache.hadoop.ozone.container.ContainerTestHelper.validateData(ContainerTestHelper.java:715)
	at org.apache.hadoop.ozone.client.rpc.TestBlockOutputStreamWithFailures.validateData(TestBlockOutputStreamWithFailures.java:1216)
	at org.apache.hadoop.ozone.client.rpc.TestBlockOutputStreamWithFailures.testWatchForCommitWithCloseContainerException(TestBlockOutputStreamWithFailures.java:260)
	at sun.reflect.NativeMethodAccessorImpl.invoke0(Native Method)
	at sun.reflect.NativeMethodAccessorImpl.invoke(NativeMethodAccessorImpl.java:62)
	at sun.reflect.DelegatingMethodAccessorImpl.invoke(DelegatingMethodAccessorImpl.java:43)
	at java.lang.reflect.Method.invoke(Method.java:498)
	at org.junit.runners.model.FrameworkMethod$1.runReflectiveCall(FrameworkMethod.java:47)
	at org.junit.internal.runners.model.ReflectiveCallable.run(ReflectiveCallable.java:12)
	at org.junit.runners.model.FrameworkMethod.invokeExplosively(FrameworkMethod.java:44)
	at org.junit.internal.runners.statements.InvokeMethod.evaluate(InvokeMethod.java:17)
	at org.junit.internal.runners.statements.RunBefores.evaluate(RunBefores.java:26)
	at org.junit.internal.runners.statements.RunAfters.evaluate(RunAfters.java:27)
	at org.junit.runners.ParentRunner.runLeaf(ParentRunner.java:271)
	at org.junit.runners.BlockJUnit4ClassRunner.runChild(BlockJUnit4ClassRunner.java:70)
	at org.junit.runners.BlockJUnit4ClassRunner.runChild(BlockJUnit4ClassRunner.java:50)
	at org.junit.runners.ParentRunner$3.run(ParentRunner.java:238)
	at org.junit.runners.ParentRunner$1.schedule(ParentRunner.java:63)
	at org.junit.runners.ParentRunner.runChildren(ParentRunner.java:236)
	at org.junit.runners.ParentRunner.access$000(ParentRunner.java:53)
	at org.junit.runners.ParentRunner$2.evaluate(ParentRunner.java:229)
	at org.junit.runners.ParentRunner.run(ParentRunner.java:309)
	at org.apache.maven.surefire.junit4.JUnit4Provider.execute(JUnit4Provider.java:365)
	at org.apache.maven.surefire.junit4.JUnit4Provider.executeWithRerun(JUnit4Provider.java:273)
	at org.apache.maven.surefire.junit4.JUnit4Provider.executeTestSet(JUnit4Provider.java:238)
	at org.apache.maven.surefire.junit4.JUnit4Provider.invoke(JUnit4Provider.java:159)
	at org.apache.maven.surefire.booter.ForkedBooter.invokeProviderInSameClassLoader(ForkedBooter.java:384)
	at org.apache.maven.surefire.booter.ForkedBooter.runSuitesInProcess(ForkedBooter.java:345)
	at org.apache.maven.surefire.booter.ForkedBooter.execute(ForkedBooter.java:126)
	at org.apache.maven.surefire.booter.ForkedBooter.main(ForkedBooter.java:418)

Oct 06, 2019 1:04:23 AM org.apache.ratis.thirdparty.io.grpc.internal.SerializingExecutor run
SEVERE: Exception while executing runnable org.apache.ratis.thirdparty.io.grpc.internal.ServerImpl$JumpToApplicationThreadServerStreamListener$1Closed@77200dc4
org.apache.ratis.thirdparty.io.grpc.StatusRuntimeException: CANCELLED: call already cancelled
	at org.apache.ratis.thirdparty.io.grpc.Status.asRuntimeException(Status.java:517)
	at org.apache.ratis.thirdparty.io.grpc.stub.ServerCalls$ServerCallStreamObserverImpl.onCompleted(ServerCalls.java:356)
	at org.apache.ratis.grpc.server.GrpcServerProtocolService$ServerRequestStreamObserver.onError(GrpcServerProtocolService.java:121)
	at org.apache.ratis.thirdparty.io.grpc.stub.ServerCalls$StreamingServerCallHandler$StreamingServerCallListener.onCancel(ServerCalls.java:269)
	at org.apache.ratis.thirdparty.io.grpc.internal.ServerCallImpl$ServerStreamListenerImpl.closed(ServerCallImpl.java:293)
	at org.apache.ratis.thirdparty.io.grpc.internal.ServerImpl$JumpToApplicationThreadServerStreamListener$1Closed.runInContext(ServerImpl.java:741)
	at org.apache.ratis.thirdparty.io.grpc.internal.ContextRunnable.run(ContextRunnable.java:37)
	at org.apache.ratis.thirdparty.io.grpc.internal.SerializingExecutor.run(SerializingExecutor.java:123)
	at java.util.concurrent.ThreadPoolExecutor.runWorker(ThreadPoolExecutor.java:1149)
	at java.util.concurrent.ThreadPoolExecutor$Worker.run(ThreadPoolExecutor.java:624)
	at java.lang.Thread.run(Thread.java:748)

]]></system-err>
  </testcase>
</testsuite>