<?xml version="1.0" encoding="UTF-8"?>
<testsuite xmlns:xsi="http://www.w3.org/2001/XMLSchema-instance" xsi:noNamespaceSchemaLocation="https://maven.apache.org/surefire/maven-surefire-plugin/xsd/surefire-test-report.xsd" name="org.apache.hadoop.ozone.client.rpc.TestWatchForCommit" time="245.842" tests="5" errors="1" skipped="0" failures="1">
  <properties>
    <property name="awt.toolkit" value="sun.awt.X11.XToolkit"/>
    <property name="file.encoding.pkg" value="sun.io"/>
    <property name="java.specification.version" value="1.8"/>
    <property name="sun.cpu.isalist" value=""/>
    <property name="sun.jnu.encoding" value="UTF-8"/>
    <property name="java.class.path" value="/workdir/hadoop-ozone/integration-test/target/test-classes:/workdir/hadoop-ozone/integration-test/target/classes:/home/user/.m2/repository/org/apache/hadoop/hadoop-ozone-common/0.5.0-SNAPSHOT/hadoop-ozone-common-0.5.0-SNAPSHOT.jar:/home/user/.m2/repository/org/apache/commons/commons-compress/1.4.1/commons-compress-1.4.1.jar:/home/user/.m2/repository/org/tukaani/xz/1.0/xz-1.0.jar:/home/user/.m2/repository/org/apache/hadoop/hadoop-common/3.2.0/hadoop-common-3.2.0.jar:/home/user/.m2/repository/org/apache/hadoop/hadoop-hdfs/3.2.0/hadoop-hdfs-3.2.0.jar:/home/user/.m2/repository/org/apache/hadoop/hadoop-hdfs-client/3.2.0/hadoop-hdfs-client-3.2.0.jar:/home/user/.m2/repository/com/fasterxml/jackson/core/jackson-annotations/2.9.9/jackson-annotations-2.9.9.jar:/home/user/.m2/repository/org/apache/hadoop/hadoop-hdds-common/0.5.0-SNAPSHOT/hadoop-hdds-common-0.5.0-SNAPSHOT.jar:/home/user/.m2/repository/javax/annotation/javax.annotation-api/1.2/javax.annotation-api-1.2.jar:/home/user/.m2/repository/org/apache/ratis/ratis-server/0.5.0-201fc85-SNAPSHOT/ratis-server-0.5.0-201fc85-SNAPSHOT.jar:/home/user/.m2/repository/org/apache/ratis/ratis-thirdparty-misc/0.2.0/ratis-thirdparty-misc-0.2.0.jar:/home/user/.m2/repository/org/apache/ratis/ratis-proto/0.5.0-201fc85-SNAPSHOT/ratis-proto-0.5.0-201fc85-SNAPSHOT.jar:/home/user/.m2/repository/org/apache/ratis/ratis-common/0.5.0-201fc85-SNAPSHOT/ratis-common-0.5.0-201fc85-SNAPSHOT.jar:/home/user/.m2/repository/org/apache/ratis/ratis-client/0.5.0-201fc85-SNAPSHOT/ratis-client-0.5.0-201fc85-SNAPSHOT.jar:/home/user/.m2/repository/org/apache/ratis/ratis-metrics/0.5.0-201fc85-SNAPSHOT/ratis-metrics-0.5.0-201fc85-SNAPSHOT.jar:/home/user/.m2/repository/com/github/joshelser/dropwizard-metrics-hadoop-metrics2-reporter/0.1.2/dropwizard-metrics-hadoop-metrics2-reporter-0.1.2.jar:/home/user/.m2/repository/io/dropwizard/metrics/metrics-jvm/3.2.5/metrics-jvm-3.2.5.jar:/home/user/.m2/repository/io/dropwizard/metrics/metrics-ganglia/3.2.5/metrics-ganglia-3.2.5.jar:/home/user/.m2/repository/info/ganglia/gmetric4j/gmetric4j/1.0.7/gmetric4j-1.0.7.jar:/home/user/.m2/repository/org/apache/ratis/ratis-netty/0.5.0-201fc85-SNAPSHOT/ratis-netty-0.5.0-201fc85-SNAPSHOT.jar:/home/user/.m2/repository/org/apache/ratis/ratis-grpc/0.5.0-201fc85-SNAPSHOT/ratis-grpc-0.5.0-201fc85-SNAPSHOT.jar:/home/user/.m2/repository/org/rocksdb/rocksdbjni/6.0.1/rocksdbjni-6.0.1.jar:/home/user/.m2/repository/org/apache/logging/log4j/log4j-api/2.11.0/log4j-api-2.11.0.jar:/home/user/.m2/repository/org/apache/logging/log4j/log4j-core/2.11.0/log4j-core-2.11.0.jar:/home/user/.m2/repository/com/lmax/disruptor/3.4.2/disruptor-3.4.2.jar:/home/user/.m2/repository/org/apache/commons/commons-pool2/2.6.0/commons-pool2-2.6.0.jar:/home/user/.m2/repository/org/bouncycastle/bcpkix-jdk15on/1.60/bcpkix-jdk15on-1.60.jar:/home/user/.m2/repository/commons-validator/commons-validator/1.6/commons-validator-1.6.jar:/home/user/.m2/repository/commons-digester/commons-digester/1.8.1/commons-digester-1.8.1.jar:/home/user/.m2/repository/io/jaegertracing/jaeger-client/0.34.0/jaeger-client-0.34.0.jar:/home/user/.m2/repository/io/jaegertracing/jaeger-thrift/0.34.0/jaeger-thrift-0.34.0.jar:/home/user/.m2/repository/org/apache/thrift/libthrift/0.12.0/libthrift-0.12.0.jar:/home/user/.m2/repository/com/squareup/okhttp3/okhttp/3.9.0/okhttp-3.9.0.jar:/home/user/.m2/repository/com/squareup/okio/okio/1.13.0/okio-1.13.0.jar:/home/user/.m2/repository/io/jaegertracing/jaeger-core/0.34.0/jaeger-core-0.34.0.jar:/home/user/.m2/repository/io/jaegertracing/jaeger-tracerresolver/0.34.0/jaeger-tracerresolver-0.34.0.jar:/home/user/.m2/repository/io/opentracing/contrib/opentracing-tracerresolver/0.1.5/opentracing-tracerresolver-0.1.5.jar:/home/user/.m2/repository/io/opentracing/opentracing-util/0.31.0/opentracing-util-0.31.0.jar:/home/user/.m2/repository/io/opentracing/opentracing-api/0.31.0/opentracing-api-0.31.0.jar:/home/user/.m2/repository/io/opentracing/opentracing-noop/0.31.0/opentracing-noop-0.31.0.jar:/home/user/.m2/repository/org/apache/hadoop/hadoop-hdds-server-framework/0.5.0-SNAPSHOT/hadoop-hdds-server-framework-0.5.0-SNAPSHOT.jar:/home/user/.m2/repository/org/apache/hadoop/hadoop-hdds-container-service/0.5.0-SNAPSHOT/hadoop-hdds-container-service-0.5.0-SNAPSHOT.jar:/home/user/.m2/repository/org/apache/hadoop/hadoop-hdds-client/0.5.0-SNAPSHOT/hadoop-hdds-client-0.5.0-SNAPSHOT.jar:/home/user/.m2/repository/org/apache/hadoop/hadoop-hdds-tools/0.5.0-SNAPSHOT/hadoop-hdds-tools-0.5.0-SNAPSHOT.jar:/home/user/.m2/repository/org/apache/hadoop/hadoop-hdds-server-scm/0.5.0-SNAPSHOT/hadoop-hdds-server-scm-0.5.0-SNAPSHOT.jar:/home/user/.m2/repository/org/apache/hadoop/hadoop-hdds-docs/0.5.0-SNAPSHOT/hadoop-hdds-docs-0.5.0-SNAPSHOT.jar:/home/user/.m2/repository/io/dropwizard/metrics/metrics-core/3.2.4/metrics-core-3.2.4.jar:/home/user/.m2/repository/org/hamcrest/hamcrest-all/1.3/hamcrest-all-1.3.jar:/home/user/.m2/repository/org/bouncycastle/bcprov-jdk15on/1.60/bcprov-jdk15on-1.60.jar:/home/user/.m2/repository/info/picocli/picocli/3.9.6/picocli-3.9.6.jar:/home/user/.m2/repository/com/google/protobuf/protobuf-java/2.5.0/protobuf-java-2.5.0.jar:/home/user/.m2/repository/com/google/guava/guava/11.0.2/guava-11.0.2.jar:/home/user/.m2/repository/org/apache/hadoop/hadoop-ozone-ozone-manager/0.5.0-SNAPSHOT/hadoop-ozone-ozone-manager-0.5.0-SNAPSHOT.jar:/home/user/.m2/repository/org/apache/hadoop/hadoop-minikdc/3.2.0/hadoop-minikdc-3.2.0.jar:/home/user/.m2/repository/commons-io/commons-io/2.5/commons-io-2.5.jar:/home/user/.m2/repository/org/apache/kerby/kerb-simplekdc/1.0.1/kerb-simplekdc-1.0.1.jar:/home/user/.m2/repository/org/apache/kerby/kerb-client/1.0.1/kerb-client-1.0.1.jar:/home/user/.m2/repository/org/apache/kerby/kerby-config/1.0.1/kerby-config-1.0.1.jar:/home/user/.m2/repository/org/apache/kerby/kerb-core/1.0.1/kerb-core-1.0.1.jar:/home/user/.m2/repository/org/apache/kerby/kerby-pkix/1.0.1/kerby-pkix-1.0.1.jar:/home/user/.m2/repository/org/apache/kerby/kerby-asn1/1.0.1/kerby-asn1-1.0.1.jar:/home/user/.m2/repository/org/apache/kerby/kerby-util/1.0.1/kerby-util-1.0.1.jar:/home/user/.m2/repository/org/apache/kerby/kerb-common/1.0.1/kerb-common-1.0.1.jar:/home/user/.m2/repository/org/apache/kerby/kerb-crypto/1.0.1/kerb-crypto-1.0.1.jar:/home/user/.m2/repository/org/apache/kerby/kerb-util/1.0.1/kerb-util-1.0.1.jar:/home/user/.m2/repository/org/apache/kerby/token-provider/1.0.1/token-provider-1.0.1.jar:/home/user/.m2/repository/org/apache/kerby/kerb-admin/1.0.1/kerb-admin-1.0.1.jar:/home/user/.m2/repository/org/apache/kerby/kerb-server/1.0.1/kerb-server-1.0.1.jar:/home/user/.m2/repository/org/apache/kerby/kerb-identity/1.0.1/kerb-identity-1.0.1.jar:/home/user/.m2/repository/org/apache/kerby/kerby-xdr/1.0.1/kerby-xdr-1.0.1.jar:/home/user/.m2/repository/org/slf4j/slf4j-log4j12/1.7.25/slf4j-log4j12-1.7.25.jar:/home/user/.m2/repository/org/apache/hadoop/hadoop-ozone-s3gateway/0.5.0-SNAPSHOT/hadoop-ozone-s3gateway-0.5.0-SNAPSHOT.jar:/home/user/.m2/repository/org/jboss/weld/servlet/weld-servlet/2.4.7.Final/weld-servlet-2.4.7.Final.jar:/home/user/.m2/repository/org/glassfish/jersey/containers/jersey-container-servlet-core/2.27/jersey-container-servlet-core-2.27.jar:/home/user/.m2/repository/org/glassfish/hk2/external/javax.inject/2.5.0-b42/javax.inject-2.5.0-b42.jar:/home/user/.m2/repository/org/glassfish/jersey/core/jersey-common/2.27/jersey-common-2.27.jar:/home/user/.m2/repository/org/glassfish/hk2/osgi-resource-locator/1.0.1/osgi-resource-locator-1.0.1.jar:/home/user/.m2/repository/javax/ws/rs/javax.ws.rs-api/2.1/javax.ws.rs-api-2.1.jar:/home/user/.m2/repository/org/glassfish/jersey/ext/cdi/jersey-cdi1x/2.27/jersey-cdi1x-2.27.jar:/home/user/.m2/repository/org/glassfish/jersey/inject/jersey-hk2/2.27/jersey-hk2-2.27.jar:/home/user/.m2/repository/org/glassfish/hk2/hk2-locator/2.5.0-b42/hk2-locator-2.5.0-b42.jar:/home/user/.m2/repository/org/javassist/javassist/3.22.0-CR2/javassist-3.22.0-CR2.jar:/home/user/.m2/repository/org/glassfish/hk2/hk2-api/2.5.0/hk2-api-2.5.0.jar:/home/user/.m2/repository/org/glassfish/hk2/external/jakarta.inject/2.5.0/jakarta.inject-2.5.0.jar:/home/user/.m2/repository/org/glassfish/hk2/hk2-utils/2.5.0/hk2-utils-2.5.0.jar:/home/user/.m2/repository/jakarta/annotation/jakarta.annotation-api/1.3.4/jakarta.annotation-api-1.3.4.jar:/home/user/.m2/repository/org/glassfish/hk2/external/aopalliance-repackaged/2.5.0/aopalliance-repackaged-2.5.0.jar:/home/user/.m2/repository/com/fasterxml/jackson/dataformat/jackson-dataformat-xml/2.9.0/jackson-dataformat-xml-2.9.0.jar:/home/user/.m2/repository/com/fasterxml/jackson/core/jackson-core/2.9.9/jackson-core-2.9.9.jar:/home/user/.m2/repository/com/fasterxml/jackson/module/jackson-module-jaxb-annotations/2.9.9/jackson-module-jaxb-annotations-2.9.9.jar:/home/user/.m2/repository/javax/enterprise/cdi-api/1.2/cdi-api-1.2.jar:/home/user/.m2/repository/javax/el/javax.el-api/3.0.0/javax.el-api-3.0.0.jar:/home/user/.m2/repository/javax/interceptor/javax.interceptor-api/1.2/javax.interceptor-api-1.2.jar:/home/user/.m2/repository/javax/inject/javax.inject/1/javax.inject-1.jar:/home/user/.m2/repository/com/sun/xml/bind/jaxb-impl/2.3.0.1/jaxb-impl-2.3.0.1.jar:/home/user/.m2/repository/com/sun/xml/bind/jaxb-core/2.3.0.1/jaxb-core-2.3.0.1.jar:/home/user/.m2/repository/javax/xml/bind/jaxb-api/2.3.0/jaxb-api-2.3.0.jar:/home/user/.m2/repository/javax/activation/activation/1.1.1/activation-1.1.1.jar:/home/user/.m2/repository/org/apache/hadoop/hadoop-ozone-csi/0.5.0-SNAPSHOT/hadoop-ozone-csi-0.5.0-SNAPSHOT.jar:/home/user/.m2/repository/com/google/protobuf/protobuf-java-util/3.5.1/protobuf-java-util-3.5.1.jar:/home/user/.m2/repository/org/apache/hadoop/hadoop-hdds-config/0.5.0-SNAPSHOT/hadoop-hdds-config-0.5.0-SNAPSHOT.jar:/home/user/.m2/repository/io/grpc/grpc-netty/1.17.1/grpc-netty-1.17.1.jar:/home/user/.m2/repository/io/grpc/grpc-core/1.17.1/grpc-core-1.17.1.jar:/home/user/.m2/repository/io/grpc/grpc-context/1.17.1/grpc-context-1.17.1.jar:/home/user/.m2/repository/com/google/errorprone/error_prone_annotations/2.2.0/error_prone_annotations-2.2.0.jar:/home/user/.m2/repository/org/codehaus/mojo/animal-sniffer-annotations/1.17/animal-sniffer-annotations-1.17.jar:/home/user/.m2/repository/io/opencensus/opencensus-api/0.17.0/opencensus-api-0.17.0.jar:/home/user/.m2/repository/io/opencensus/opencensus-contrib-grpc-metrics/0.17.0/opencensus-contrib-grpc-metrics-0.17.0.jar:/home/user/.m2/repository/io/netty/netty-codec-http2/4.1.30.Final/netty-codec-http2-4.1.30.Final.jar:/home/user/.m2/repository/io/netty/netty-codec-http/4.1.30.Final/netty-codec-http-4.1.30.Final.jar:/home/user/.m2/repository/io/netty/netty-codec/4.1.30.Final/netty-codec-4.1.30.Final.jar:/home/user/.m2/repository/io/netty/netty-handler/4.1.30.Final/netty-handler-4.1.30.Final.jar:/home/user/.m2/repository/io/netty/netty-handler-proxy/4.1.30.Final/netty-handler-proxy-4.1.30.Final.jar:/home/user/.m2/repository/io/netty/netty-codec-socks/4.1.30.Final/netty-codec-socks-4.1.30.Final.jar:/home/user/.m2/repository/io/netty/netty-transport-native-epoll/4.1.30.Final/netty-transport-native-epoll-4.1.30.Final.jar:/home/user/.m2/repository/io/netty/netty-common/4.1.30.Final/netty-common-4.1.30.Final.jar:/home/user/.m2/repository/io/netty/netty-buffer/4.1.30.Final/netty-buffer-4.1.30.Final.jar:/home/user/.m2/repository/io/netty/netty-transport/4.1.30.Final/netty-transport-4.1.30.Final.jar:/home/user/.m2/repository/io/netty/netty-resolver/4.1.30.Final/netty-resolver-4.1.30.Final.jar:/home/user/.m2/repository/io/netty/netty-transport-native-unix-common/4.1.30.Final/netty-transport-native-unix-common-4.1.30.Final.jar:/home/user/.m2/repository/io/grpc/grpc-protobuf/1.17.1/grpc-protobuf-1.17.1.jar:/home/user/.m2/repository/com/google/api/grpc/proto-google-common-protos/1.0.0/proto-google-common-protos-1.0.0.jar:/home/user/.m2/repository/io/grpc/grpc-protobuf-lite/1.17.1/grpc-protobuf-lite-1.17.1.jar:/home/user/.m2/repository/io/grpc/grpc-stub/1.17.1/grpc-stub-1.17.1.jar:/home/user/.m2/repository/org/apache/hadoop/hadoop-ozone-recon/0.5.0-SNAPSHOT/hadoop-ozone-recon-0.5.0-SNAPSHOT.jar:/home/user/.m2/repository/org/apache/hadoop/hadoop-ozone-reconcodegen/0.5.0-SNAPSHOT/hadoop-ozone-reconcodegen-0.5.0-SNAPSHOT.jar:/home/user/.m2/repository/com/google/inject/extensions/guice-multibindings/4.0/guice-multibindings-4.0.jar:/home/user/.m2/repository/com/google/inject/guice/4.0/guice-4.0.jar:/home/user/.m2/repository/aopalliance/aopalliance/1.0/aopalliance-1.0.jar:/home/user/.m2/repository/com/google/inject/extensions/guice-servlet/4.0/guice-servlet-4.0.jar:/home/user/.m2/repository/org/glassfish/jersey/containers/jersey-container-servlet/2.27/jersey-container-servlet-2.27.jar:/home/user/.m2/repository/org/glassfish/hk2/guice-bridge/2.5.0/guice-bridge-2.5.0.jar:/home/user/.m2/repository/org/glassfish/jersey/core/jersey-server/2.27/jersey-server-2.27.jar:/home/user/.m2/repository/org/glassfish/jersey/core/jersey-client/2.27/jersey-client-2.27.jar:/home/user/.m2/repository/org/glassfish/jersey/media/jersey-media-jaxb/2.27/jersey-media-jaxb-2.27.jar:/home/user/.m2/repository/javax/validation/validation-api/1.1.0.Final/validation-api-1.1.0.Final.jar:/home/user/.m2/repository/org/glassfish/jersey/media/jersey-media-json-jackson/2.27/jersey-media-json-jackson-2.27.jar:/home/user/.m2/repository/org/glassfish/jersey/ext/jersey-entity-filtering/2.27/jersey-entity-filtering-2.27.jar:/home/user/.m2/repository/com/google/inject/extensions/guice-assistedinject/4.0/guice-assistedinject-4.0.jar:/home/user/.m2/repository/org/jooq/jooq/3.11.10/jooq-3.11.10.jar:/home/user/.m2/repository/org/jooq/jooq-meta/3.11.10/jooq-meta-3.11.10.jar:/home/user/.m2/repository/org/jooq/jooq-codegen/3.11.10/jooq-codegen-3.11.10.jar:/home/user/.m2/repository/com/jolbox/bonecp/0.8.0.RELEASE/bonecp-0.8.0.RELEASE.jar:/home/user/.m2/repository/org/xerial/sqlite-jdbc/3.25.2/sqlite-jdbc-3.25.2.jar:/home/user/.m2/repository/org/springframework/spring-jdbc/5.1.3.RELEASE/spring-jdbc-5.1.3.RELEASE.jar:/home/user/.m2/repository/org/springframework/spring-beans/5.1.3.RELEASE/spring-beans-5.1.3.RELEASE.jar:/home/user/.m2/repository/org/springframework/spring-core/5.1.3.RELEASE/spring-core-5.1.3.RELEASE.jar:/home/user/.m2/repository/org/springframework/spring-jcl/5.1.3.RELEASE/spring-jcl-5.1.3.RELEASE.jar:/home/user/.m2/repository/org/springframework/spring-tx/5.1.3.RELEASE/spring-tx-5.1.3.RELEASE.jar:/home/user/.m2/repository/org/apache/hadoop/hadoop-ozone-client/0.5.0-SNAPSHOT/hadoop-ozone-client-0.5.0-SNAPSHOT.jar:/home/user/.m2/repository/commons-lang/commons-lang/2.6/commons-lang-2.6.jar:/home/user/.m2/repository/org/apache/hadoop/hadoop-ozone-ozone-manager/0.5.0-SNAPSHOT/hadoop-ozone-ozone-manager-0.5.0-SNAPSHOT-tests.jar:/home/user/.m2/repository/junit/junit/4.11/junit-4.11.jar:/home/user/.m2/repository/org/hamcrest/hamcrest-core/1.3/hamcrest-core-1.3.jar:/home/user/.m2/repository/org/openjdk/jmh/jmh-core/1.19/jmh-core-1.19.jar:/home/user/.m2/repository/net/sf/jopt-simple/jopt-simple/4.6/jopt-simple-4.6.jar:/home/user/.m2/repository/org/apache/commons/commons-math3/3.1.1/commons-math3-3.1.1.jar:/home/user/.m2/repository/org/openjdk/jmh/jmh-generator-annprocess/1.19/jmh-generator-annprocess-1.19.jar:/home/user/.m2/repository/org/mockito/mockito-all/1.8.5/mockito-all-1.8.5.jar:/home/user/.m2/repository/org/apache/hadoop/hadoop-kms/3.2.0/hadoop-kms-3.2.0.jar:/home/user/.m2/repository/org/apache/hadoop/hadoop-auth/3.2.0/hadoop-auth-3.2.0.jar:/home/user/.m2/repository/com/nimbusds/nimbus-jose-jwt/4.41.1/nimbus-jose-jwt-4.41.1.jar:/home/user/.m2/repository/com/github/stephenc/jcip/jcip-annotations/1.0-1/jcip-annotations-1.0-1.jar:/home/user/.m2/repository/net/minidev/json-smart/2.3/json-smart-2.3.jar:/home/user/.m2/repository/net/minidev/accessors-smart/1.2/accessors-smart-1.2.jar:/home/user/.m2/repository/org/ow2/asm/asm/5.0.4/asm-5.0.4.jar:/home/user/.m2/repository/org/apache/curator/curator-framework/2.12.0/curator-framework-2.12.0.jar:/home/user/.m2/repository/com/sun/jersey/jersey-core/1.19/jersey-core-1.19.jar:/home/user/.m2/repository/javax/ws/rs/jsr311-api/1.1.1/jsr311-api-1.1.1.jar:/home/user/.m2/repository/com/sun/jersey/jersey-server/1.19/jersey-server-1.19.jar:/home/user/.m2/repository/javax/servlet/javax.servlet-api/3.1.0/javax.servlet-api-3.1.0.jar:/home/user/.m2/repository/org/eclipse/jetty/jetty-server/9.3.25.v20180904/jetty-server-9.3.25.v20180904.jar:/home/user/.m2/repository/org/eclipse/jetty/jetty-http/9.3.25.v20180904/jetty-http-9.3.25.v20180904.jar:/home/user/.m2/repository/org/eclipse/jetty/jetty-io/9.3.25.v20180904/jetty-io-9.3.25.v20180904.jar:/home/user/.m2/repository/org/eclipse/jetty/jetty-webapp/9.3.25.v20180904/jetty-webapp-9.3.25.v20180904.jar:/home/user/.m2/repository/org/eclipse/jetty/jetty-xml/9.3.25.v20180904/jetty-xml-9.3.25.v20180904.jar:/home/user/.m2/repository/log4j/log4j/1.2.17/log4j-1.2.17.jar:/home/user/.m2/repository/org/slf4j/slf4j-api/1.7.25/slf4j-api-1.7.25.jar:/home/user/.m2/repository/org/slf4j/jul-to-slf4j/1.7.25/jul-to-slf4j-1.7.25.jar:/home/user/.m2/repository/org/eclipse/jetty/jetty-util/9.3.25.v20180904/jetty-util-9.3.25.v20180904.jar:/home/user/.m2/repository/com/fasterxml/jackson/core/jackson-databind/2.9.9/jackson-databind-2.9.9.jar:/home/user/.m2/repository/org/apache/hadoop/hadoop-kms/3.2.0/hadoop-kms-3.2.0-tests.jar:/home/user/.m2/repository/org/apache/hadoop/hadoop-hdds-server-scm/0.5.0-SNAPSHOT/hadoop-hdds-server-scm-0.5.0-SNAPSHOT-tests.jar:/home/user/.m2/repository/org/apache/hadoop/hadoop-hdds-container-service/0.5.0-SNAPSHOT/hadoop-hdds-container-service-0.5.0-SNAPSHOT-tests.jar:/home/user/.m2/repository/org/yaml/snakeyaml/1.16/snakeyaml-1.16.jar:/home/user/.m2/repository/org/apache/hadoop/hadoop-common/3.2.0/hadoop-common-3.2.0-tests.jar:/home/user/.m2/repository/org/apache/hadoop/hadoop-annotations/3.2.0/hadoop-annotations-3.2.0.jar:/usr/lib/jvm/java-1.8-openjdk/jre/../lib/tools.jar:/home/user/.m2/repository/commons-cli/commons-cli/1.2/commons-cli-1.2.jar:/home/user/.m2/repository/org/apache/httpcomponents/httpclient/4.5.2/httpclient-4.5.2.jar:/home/user/.m2/repository/org/apache/httpcomponents/httpcore/4.4.4/httpcore-4.4.4.jar:/home/user/.m2/repository/commons-codec/commons-codec/1.11/commons-codec-1.11.jar:/home/user/.m2/repository/commons-net/commons-net/3.6/commons-net-3.6.jar:/home/user/.m2/repository/commons-collections/commons-collections/3.2.2/commons-collections-3.2.2.jar:/home/user/.m2/repository/org/eclipse/jetty/jetty-servlet/9.3.25.v20180904/jetty-servlet-9.3.25.v20180904.jar:/home/user/.m2/repository/org/eclipse/jetty/jetty-security/9.3.25.v20180904/jetty-security-9.3.25.v20180904.jar:/home/user/.m2/repository/javax/servlet/jsp/jsp-api/2.1/jsp-api-2.1.jar:/home/user/.m2/repository/com/sun/jersey/jersey-servlet/1.19/jersey-servlet-1.19.jar:/home/user/.m2/repository/com/sun/jersey/jersey-json/1.19/jersey-json-1.19.jar:/home/user/.m2/repository/org/codehaus/jettison/jettison/1.1/jettison-1.1.jar:/home/user/.m2/repository/org/codehaus/jackson/jackson-core-asl/1.9.13/jackson-core-asl-1.9.13.jar:/home/user/.m2/repository/org/codehaus/jackson/jackson-mapper-asl/1.9.13/jackson-mapper-asl-1.9.13.jar:/home/user/.m2/repository/org/codehaus/jackson/jackson-jaxrs/1.9.13/jackson-jaxrs-1.9.13.jar:/home/user/.m2/repository/org/codehaus/jackson/jackson-xc/1.9.13/jackson-xc-1.9.13.jar:/home/user/.m2/repository/commons-logging/commons-logging/1.1.3/commons-logging-1.1.3.jar:/home/user/.m2/repository/commons-beanutils/commons-beanutils/1.9.4/commons-beanutils-1.9.4.jar:/home/user/.m2/repository/org/apache/commons/commons-configuration2/2.1.1/commons-configuration2-2.1.1.jar:/home/user/.m2/repository/org/apache/commons/commons-lang3/3.7/commons-lang3-3.7.jar:/home/user/.m2/repository/org/apache/commons/commons-text/1.4/commons-text-1.4.jar:/home/user/.m2/repository/org/apache/avro/avro/1.7.7/avro-1.7.7.jar:/home/user/.m2/repository/com/thoughtworks/paranamer/paranamer/2.3/paranamer-2.3.jar:/home/user/.m2/repository/org/xerial/snappy/snappy-java/1.0.5/snappy-java-1.0.5.jar:/home/user/.m2/repository/com/google/re2j/re2j/1.1/re2j-1.1.jar:/home/user/.m2/repository/com/google/code/gson/gson/2.2.4/gson-2.2.4.jar:/home/user/.m2/repository/com/jcraft/jsch/0.1.54/jsch-0.1.54.jar:/home/user/.m2/repository/org/apache/curator/curator-client/2.12.0/curator-client-2.12.0.jar:/home/user/.m2/repository/org/apache/curator/curator-recipes/2.12.0/curator-recipes-2.12.0.jar:/home/user/.m2/repository/com/google/code/findbugs/jsr305/3.0.0/jsr305-3.0.0.jar:/home/user/.m2/repository/org/apache/htrace/htrace-core4/4.1.0-incubating/htrace-core4-4.1.0-incubating.jar:/home/user/.m2/repository/org/apache/zookeeper/zookeeper/3.4.13/zookeeper-3.4.13.jar:/home/user/.m2/repository/jline/jline/0.9.94/jline-0.9.94.jar:/home/user/.m2/repository/org/apache/yetus/audience-annotations/0.5.0/audience-annotations-0.5.0.jar:/home/user/.m2/repository/org/codehaus/woodstox/stax2-api/3.1.4/stax2-api-3.1.4.jar:/home/user/.m2/repository/com/fasterxml/woodstox/woodstox-core/5.0.3/woodstox-core-5.0.3.jar:/home/user/.m2/repository/dnsjava/dnsjava/2.1.7/dnsjava-2.1.7.jar:/home/user/.m2/repository/org/apache/hadoop/hadoop-hdfs/3.2.0/hadoop-hdfs-3.2.0-tests.jar:/home/user/.m2/repository/org/eclipse/jetty/jetty-util-ajax/9.3.25.v20180904/jetty-util-ajax-9.3.25.v20180904.jar:/home/user/.m2/repository/commons-daemon/commons-daemon/1.0.13/commons-daemon-1.0.13.jar:/home/user/.m2/repository/io/netty/netty/3.10.5.Final/netty-3.10.5.Final.jar:/home/user/.m2/repository/io/netty/netty-all/4.0.52.Final/netty-all-4.0.52.Final.jar:/home/user/.m2/repository/org/fusesource/leveldbjni/leveldbjni-all/1.8/leveldbjni-all-1.8.jar:"/>
    <property name="java.vm.vendor" value="IcedTea"/>
    <property name="sun.arch.data.model" value="64"/>
    <property name="test.build.dir" value="/workdir/hadoop-ozone/integration-test/target/test-dir"/>
    <property name="test.cache.data" value=""/>
    <property name="java.vendor.url" value="https://icedtea.classpath.org"/>
    <property name="user.timezone" value=""/>
    <property name="java.vm.specification.version" value="1.8"/>
    <property name="os.name" value="Linux"/>
    <property name="test.build.data" value="/workdir/hadoop-ozone/integration-test/target/test-dir"/>
    <property name="user.country" value="US"/>
    <property name="sun.java.launcher" value="SUN_STANDARD"/>
    <property name="sun.boot.library.path" value="/usr/lib/jvm/java-1.8-openjdk/jre/lib/amd64"/>
    <property name="sun.java.command" value="/workdir/hadoop-ozone/integration-test/target/surefire/surefirebooter7700590167698022616.jar /workdir/hadoop-ozone/integration-test/target/surefire 2019-10-06T00-03-19_196-jvmRun1 surefire9203108123033202480tmp surefire_624905844856394581575tmp"/>
    <property name="test" value="!TestMiniChaosOzoneCluster"/>
    <property name="surefire.test.class.path" value="/workdir/hadoop-ozone/integration-test/target/test-classes:/workdir/hadoop-ozone/integration-test/target/classes:/home/user/.m2/repository/org/apache/hadoop/hadoop-ozone-common/0.5.0-SNAPSHOT/hadoop-ozone-common-0.5.0-SNAPSHOT.jar:/home/user/.m2/repository/org/apache/commons/commons-compress/1.4.1/commons-compress-1.4.1.jar:/home/user/.m2/repository/org/tukaani/xz/1.0/xz-1.0.jar:/home/user/.m2/repository/org/apache/hadoop/hadoop-common/3.2.0/hadoop-common-3.2.0.jar:/home/user/.m2/repository/org/apache/hadoop/hadoop-hdfs/3.2.0/hadoop-hdfs-3.2.0.jar:/home/user/.m2/repository/org/apache/hadoop/hadoop-hdfs-client/3.2.0/hadoop-hdfs-client-3.2.0.jar:/home/user/.m2/repository/com/fasterxml/jackson/core/jackson-annotations/2.9.9/jackson-annotations-2.9.9.jar:/home/user/.m2/repository/org/apache/hadoop/hadoop-hdds-common/0.5.0-SNAPSHOT/hadoop-hdds-common-0.5.0-SNAPSHOT.jar:/home/user/.m2/repository/javax/annotation/javax.annotation-api/1.2/javax.annotation-api-1.2.jar:/home/user/.m2/repository/org/apache/ratis/ratis-server/0.5.0-201fc85-SNAPSHOT/ratis-server-0.5.0-201fc85-SNAPSHOT.jar:/home/user/.m2/repository/org/apache/ratis/ratis-thirdparty-misc/0.2.0/ratis-thirdparty-misc-0.2.0.jar:/home/user/.m2/repository/org/apache/ratis/ratis-proto/0.5.0-201fc85-SNAPSHOT/ratis-proto-0.5.0-201fc85-SNAPSHOT.jar:/home/user/.m2/repository/org/apache/ratis/ratis-common/0.5.0-201fc85-SNAPSHOT/ratis-common-0.5.0-201fc85-SNAPSHOT.jar:/home/user/.m2/repository/org/apache/ratis/ratis-client/0.5.0-201fc85-SNAPSHOT/ratis-client-0.5.0-201fc85-SNAPSHOT.jar:/home/user/.m2/repository/org/apache/ratis/ratis-metrics/0.5.0-201fc85-SNAPSHOT/ratis-metrics-0.5.0-201fc85-SNAPSHOT.jar:/home/user/.m2/repository/com/github/joshelser/dropwizard-metrics-hadoop-metrics2-reporter/0.1.2/dropwizard-metrics-hadoop-metrics2-reporter-0.1.2.jar:/home/user/.m2/repository/io/dropwizard/metrics/metrics-jvm/3.2.5/metrics-jvm-3.2.5.jar:/home/user/.m2/repository/io/dropwizard/metrics/metrics-ganglia/3.2.5/metrics-ganglia-3.2.5.jar:/home/user/.m2/repository/info/ganglia/gmetric4j/gmetric4j/1.0.7/gmetric4j-1.0.7.jar:/home/user/.m2/repository/org/apache/ratis/ratis-netty/0.5.0-201fc85-SNAPSHOT/ratis-netty-0.5.0-201fc85-SNAPSHOT.jar:/home/user/.m2/repository/org/apache/ratis/ratis-grpc/0.5.0-201fc85-SNAPSHOT/ratis-grpc-0.5.0-201fc85-SNAPSHOT.jar:/home/user/.m2/repository/org/rocksdb/rocksdbjni/6.0.1/rocksdbjni-6.0.1.jar:/home/user/.m2/repository/org/apache/logging/log4j/log4j-api/2.11.0/log4j-api-2.11.0.jar:/home/user/.m2/repository/org/apache/logging/log4j/log4j-core/2.11.0/log4j-core-2.11.0.jar:/home/user/.m2/repository/com/lmax/disruptor/3.4.2/disruptor-3.4.2.jar:/home/user/.m2/repository/org/apache/commons/commons-pool2/2.6.0/commons-pool2-2.6.0.jar:/home/user/.m2/repository/org/bouncycastle/bcpkix-jdk15on/1.60/bcpkix-jdk15on-1.60.jar:/home/user/.m2/repository/commons-validator/commons-validator/1.6/commons-validator-1.6.jar:/home/user/.m2/repository/commons-digester/commons-digester/1.8.1/commons-digester-1.8.1.jar:/home/user/.m2/repository/io/jaegertracing/jaeger-client/0.34.0/jaeger-client-0.34.0.jar:/home/user/.m2/repository/io/jaegertracing/jaeger-thrift/0.34.0/jaeger-thrift-0.34.0.jar:/home/user/.m2/repository/org/apache/thrift/libthrift/0.12.0/libthrift-0.12.0.jar:/home/user/.m2/repository/com/squareup/okhttp3/okhttp/3.9.0/okhttp-3.9.0.jar:/home/user/.m2/repository/com/squareup/okio/okio/1.13.0/okio-1.13.0.jar:/home/user/.m2/repository/io/jaegertracing/jaeger-core/0.34.0/jaeger-core-0.34.0.jar:/home/user/.m2/repository/io/jaegertracing/jaeger-tracerresolver/0.34.0/jaeger-tracerresolver-0.34.0.jar:/home/user/.m2/repository/io/opentracing/contrib/opentracing-tracerresolver/0.1.5/opentracing-tracerresolver-0.1.5.jar:/home/user/.m2/repository/io/opentracing/opentracing-util/0.31.0/opentracing-util-0.31.0.jar:/home/user/.m2/repository/io/opentracing/opentracing-api/0.31.0/opentracing-api-0.31.0.jar:/home/user/.m2/repository/io/opentracing/opentracing-noop/0.31.0/opentracing-noop-0.31.0.jar:/home/user/.m2/repository/org/apache/hadoop/hadoop-hdds-server-framework/0.5.0-SNAPSHOT/hadoop-hdds-server-framework-0.5.0-SNAPSHOT.jar:/home/user/.m2/repository/org/apache/hadoop/hadoop-hdds-container-service/0.5.0-SNAPSHOT/hadoop-hdds-container-service-0.5.0-SNAPSHOT.jar:/home/user/.m2/repository/org/apache/hadoop/hadoop-hdds-client/0.5.0-SNAPSHOT/hadoop-hdds-client-0.5.0-SNAPSHOT.jar:/home/user/.m2/repository/org/apache/hadoop/hadoop-hdds-tools/0.5.0-SNAPSHOT/hadoop-hdds-tools-0.5.0-SNAPSHOT.jar:/home/user/.m2/repository/org/apache/hadoop/hadoop-hdds-server-scm/0.5.0-SNAPSHOT/hadoop-hdds-server-scm-0.5.0-SNAPSHOT.jar:/home/user/.m2/repository/org/apache/hadoop/hadoop-hdds-docs/0.5.0-SNAPSHOT/hadoop-hdds-docs-0.5.0-SNAPSHOT.jar:/home/user/.m2/repository/io/dropwizard/metrics/metrics-core/3.2.4/metrics-core-3.2.4.jar:/home/user/.m2/repository/org/hamcrest/hamcrest-all/1.3/hamcrest-all-1.3.jar:/home/user/.m2/repository/org/bouncycastle/bcprov-jdk15on/1.60/bcprov-jdk15on-1.60.jar:/home/user/.m2/repository/info/picocli/picocli/3.9.6/picocli-3.9.6.jar:/home/user/.m2/repository/com/google/protobuf/protobuf-java/2.5.0/protobuf-java-2.5.0.jar:/home/user/.m2/repository/com/google/guava/guava/11.0.2/guava-11.0.2.jar:/home/user/.m2/repository/org/apache/hadoop/hadoop-ozone-ozone-manager/0.5.0-SNAPSHOT/hadoop-ozone-ozone-manager-0.5.0-SNAPSHOT.jar:/home/user/.m2/repository/org/apache/hadoop/hadoop-minikdc/3.2.0/hadoop-minikdc-3.2.0.jar:/home/user/.m2/repository/commons-io/commons-io/2.5/commons-io-2.5.jar:/home/user/.m2/repository/org/apache/kerby/kerb-simplekdc/1.0.1/kerb-simplekdc-1.0.1.jar:/home/user/.m2/repository/org/apache/kerby/kerb-client/1.0.1/kerb-client-1.0.1.jar:/home/user/.m2/repository/org/apache/kerby/kerby-config/1.0.1/kerby-config-1.0.1.jar:/home/user/.m2/repository/org/apache/kerby/kerb-core/1.0.1/kerb-core-1.0.1.jar:/home/user/.m2/repository/org/apache/kerby/kerby-pkix/1.0.1/kerby-pkix-1.0.1.jar:/home/user/.m2/repository/org/apache/kerby/kerby-asn1/1.0.1/kerby-asn1-1.0.1.jar:/home/user/.m2/repository/org/apache/kerby/kerby-util/1.0.1/kerby-util-1.0.1.jar:/home/user/.m2/repository/org/apache/kerby/kerb-common/1.0.1/kerb-common-1.0.1.jar:/home/user/.m2/repository/org/apache/kerby/kerb-crypto/1.0.1/kerb-crypto-1.0.1.jar:/home/user/.m2/repository/org/apache/kerby/kerb-util/1.0.1/kerb-util-1.0.1.jar:/home/user/.m2/repository/org/apache/kerby/token-provider/1.0.1/token-provider-1.0.1.jar:/home/user/.m2/repository/org/apache/kerby/kerb-admin/1.0.1/kerb-admin-1.0.1.jar:/home/user/.m2/repository/org/apache/kerby/kerb-server/1.0.1/kerb-server-1.0.1.jar:/home/user/.m2/repository/org/apache/kerby/kerb-identity/1.0.1/kerb-identity-1.0.1.jar:/home/user/.m2/repository/org/apache/kerby/kerby-xdr/1.0.1/kerby-xdr-1.0.1.jar:/home/user/.m2/repository/org/slf4j/slf4j-log4j12/1.7.25/slf4j-log4j12-1.7.25.jar:/home/user/.m2/repository/org/apache/hadoop/hadoop-ozone-s3gateway/0.5.0-SNAPSHOT/hadoop-ozone-s3gateway-0.5.0-SNAPSHOT.jar:/home/user/.m2/repository/org/jboss/weld/servlet/weld-servlet/2.4.7.Final/weld-servlet-2.4.7.Final.jar:/home/user/.m2/repository/org/glassfish/jersey/containers/jersey-container-servlet-core/2.27/jersey-container-servlet-core-2.27.jar:/home/user/.m2/repository/org/glassfish/hk2/external/javax.inject/2.5.0-b42/javax.inject-2.5.0-b42.jar:/home/user/.m2/repository/org/glassfish/jersey/core/jersey-common/2.27/jersey-common-2.27.jar:/home/user/.m2/repository/org/glassfish/hk2/osgi-resource-locator/1.0.1/osgi-resource-locator-1.0.1.jar:/home/user/.m2/repository/javax/ws/rs/javax.ws.rs-api/2.1/javax.ws.rs-api-2.1.jar:/home/user/.m2/repository/org/glassfish/jersey/ext/cdi/jersey-cdi1x/2.27/jersey-cdi1x-2.27.jar:/home/user/.m2/repository/org/glassfish/jersey/inject/jersey-hk2/2.27/jersey-hk2-2.27.jar:/home/user/.m2/repository/org/glassfish/hk2/hk2-locator/2.5.0-b42/hk2-locator-2.5.0-b42.jar:/home/user/.m2/repository/org/javassist/javassist/3.22.0-CR2/javassist-3.22.0-CR2.jar:/home/user/.m2/repository/org/glassfish/hk2/hk2-api/2.5.0/hk2-api-2.5.0.jar:/home/user/.m2/repository/org/glassfish/hk2/external/jakarta.inject/2.5.0/jakarta.inject-2.5.0.jar:/home/user/.m2/repository/org/glassfish/hk2/hk2-utils/2.5.0/hk2-utils-2.5.0.jar:/home/user/.m2/repository/jakarta/annotation/jakarta.annotation-api/1.3.4/jakarta.annotation-api-1.3.4.jar:/home/user/.m2/repository/org/glassfish/hk2/external/aopalliance-repackaged/2.5.0/aopalliance-repackaged-2.5.0.jar:/home/user/.m2/repository/com/fasterxml/jackson/dataformat/jackson-dataformat-xml/2.9.0/jackson-dataformat-xml-2.9.0.jar:/home/user/.m2/repository/com/fasterxml/jackson/core/jackson-core/2.9.9/jackson-core-2.9.9.jar:/home/user/.m2/repository/com/fasterxml/jackson/module/jackson-module-jaxb-annotations/2.9.9/jackson-module-jaxb-annotations-2.9.9.jar:/home/user/.m2/repository/javax/enterprise/cdi-api/1.2/cdi-api-1.2.jar:/home/user/.m2/repository/javax/el/javax.el-api/3.0.0/javax.el-api-3.0.0.jar:/home/user/.m2/repository/javax/interceptor/javax.interceptor-api/1.2/javax.interceptor-api-1.2.jar:/home/user/.m2/repository/javax/inject/javax.inject/1/javax.inject-1.jar:/home/user/.m2/repository/com/sun/xml/bind/jaxb-impl/2.3.0.1/jaxb-impl-2.3.0.1.jar:/home/user/.m2/repository/com/sun/xml/bind/jaxb-core/2.3.0.1/jaxb-core-2.3.0.1.jar:/home/user/.m2/repository/javax/xml/bind/jaxb-api/2.3.0/jaxb-api-2.3.0.jar:/home/user/.m2/repository/javax/activation/activation/1.1.1/activation-1.1.1.jar:/home/user/.m2/repository/org/apache/hadoop/hadoop-ozone-csi/0.5.0-SNAPSHOT/hadoop-ozone-csi-0.5.0-SNAPSHOT.jar:/home/user/.m2/repository/com/google/protobuf/protobuf-java-util/3.5.1/protobuf-java-util-3.5.1.jar:/home/user/.m2/repository/org/apache/hadoop/hadoop-hdds-config/0.5.0-SNAPSHOT/hadoop-hdds-config-0.5.0-SNAPSHOT.jar:/home/user/.m2/repository/io/grpc/grpc-netty/1.17.1/grpc-netty-1.17.1.jar:/home/user/.m2/repository/io/grpc/grpc-core/1.17.1/grpc-core-1.17.1.jar:/home/user/.m2/repository/io/grpc/grpc-context/1.17.1/grpc-context-1.17.1.jar:/home/user/.m2/repository/com/google/errorprone/error_prone_annotations/2.2.0/error_prone_annotations-2.2.0.jar:/home/user/.m2/repository/org/codehaus/mojo/animal-sniffer-annotations/1.17/animal-sniffer-annotations-1.17.jar:/home/user/.m2/repository/io/opencensus/opencensus-api/0.17.0/opencensus-api-0.17.0.jar:/home/user/.m2/repository/io/opencensus/opencensus-contrib-grpc-metrics/0.17.0/opencensus-contrib-grpc-metrics-0.17.0.jar:/home/user/.m2/repository/io/netty/netty-codec-http2/4.1.30.Final/netty-codec-http2-4.1.30.Final.jar:/home/user/.m2/repository/io/netty/netty-codec-http/4.1.30.Final/netty-codec-http-4.1.30.Final.jar:/home/user/.m2/repository/io/netty/netty-codec/4.1.30.Final/netty-codec-4.1.30.Final.jar:/home/user/.m2/repository/io/netty/netty-handler/4.1.30.Final/netty-handler-4.1.30.Final.jar:/home/user/.m2/repository/io/netty/netty-handler-proxy/4.1.30.Final/netty-handler-proxy-4.1.30.Final.jar:/home/user/.m2/repository/io/netty/netty-codec-socks/4.1.30.Final/netty-codec-socks-4.1.30.Final.jar:/home/user/.m2/repository/io/netty/netty-transport-native-epoll/4.1.30.Final/netty-transport-native-epoll-4.1.30.Final.jar:/home/user/.m2/repository/io/netty/netty-common/4.1.30.Final/netty-common-4.1.30.Final.jar:/home/user/.m2/repository/io/netty/netty-buffer/4.1.30.Final/netty-buffer-4.1.30.Final.jar:/home/user/.m2/repository/io/netty/netty-transport/4.1.30.Final/netty-transport-4.1.30.Final.jar:/home/user/.m2/repository/io/netty/netty-resolver/4.1.30.Final/netty-resolver-4.1.30.Final.jar:/home/user/.m2/repository/io/netty/netty-transport-native-unix-common/4.1.30.Final/netty-transport-native-unix-common-4.1.30.Final.jar:/home/user/.m2/repository/io/grpc/grpc-protobuf/1.17.1/grpc-protobuf-1.17.1.jar:/home/user/.m2/repository/com/google/api/grpc/proto-google-common-protos/1.0.0/proto-google-common-protos-1.0.0.jar:/home/user/.m2/repository/io/grpc/grpc-protobuf-lite/1.17.1/grpc-protobuf-lite-1.17.1.jar:/home/user/.m2/repository/io/grpc/grpc-stub/1.17.1/grpc-stub-1.17.1.jar:/home/user/.m2/repository/org/apache/hadoop/hadoop-ozone-recon/0.5.0-SNAPSHOT/hadoop-ozone-recon-0.5.0-SNAPSHOT.jar:/home/user/.m2/repository/org/apache/hadoop/hadoop-ozone-reconcodegen/0.5.0-SNAPSHOT/hadoop-ozone-reconcodegen-0.5.0-SNAPSHOT.jar:/home/user/.m2/repository/com/google/inject/extensions/guice-multibindings/4.0/guice-multibindings-4.0.jar:/home/user/.m2/repository/com/google/inject/guice/4.0/guice-4.0.jar:/home/user/.m2/repository/aopalliance/aopalliance/1.0/aopalliance-1.0.jar:/home/user/.m2/repository/com/google/inject/extensions/guice-servlet/4.0/guice-servlet-4.0.jar:/home/user/.m2/repository/org/glassfish/jersey/containers/jersey-container-servlet/2.27/jersey-container-servlet-2.27.jar:/home/user/.m2/repository/org/glassfish/hk2/guice-bridge/2.5.0/guice-bridge-2.5.0.jar:/home/user/.m2/repository/org/glassfish/jersey/core/jersey-server/2.27/jersey-server-2.27.jar:/home/user/.m2/repository/org/glassfish/jersey/core/jersey-client/2.27/jersey-client-2.27.jar:/home/user/.m2/repository/org/glassfish/jersey/media/jersey-media-jaxb/2.27/jersey-media-jaxb-2.27.jar:/home/user/.m2/repository/javax/validation/validation-api/1.1.0.Final/validation-api-1.1.0.Final.jar:/home/user/.m2/repository/org/glassfish/jersey/media/jersey-media-json-jackson/2.27/jersey-media-json-jackson-2.27.jar:/home/user/.m2/repository/org/glassfish/jersey/ext/jersey-entity-filtering/2.27/jersey-entity-filtering-2.27.jar:/home/user/.m2/repository/com/google/inject/extensions/guice-assistedinject/4.0/guice-assistedinject-4.0.jar:/home/user/.m2/repository/org/jooq/jooq/3.11.10/jooq-3.11.10.jar:/home/user/.m2/repository/org/jooq/jooq-meta/3.11.10/jooq-meta-3.11.10.jar:/home/user/.m2/repository/org/jooq/jooq-codegen/3.11.10/jooq-codegen-3.11.10.jar:/home/user/.m2/repository/com/jolbox/bonecp/0.8.0.RELEASE/bonecp-0.8.0.RELEASE.jar:/home/user/.m2/repository/org/xerial/sqlite-jdbc/3.25.2/sqlite-jdbc-3.25.2.jar:/home/user/.m2/repository/org/springframework/spring-jdbc/5.1.3.RELEASE/spring-jdbc-5.1.3.RELEASE.jar:/home/user/.m2/repository/org/springframework/spring-beans/5.1.3.RELEASE/spring-beans-5.1.3.RELEASE.jar:/home/user/.m2/repository/org/springframework/spring-core/5.1.3.RELEASE/spring-core-5.1.3.RELEASE.jar:/home/user/.m2/repository/org/springframework/spring-jcl/5.1.3.RELEASE/spring-jcl-5.1.3.RELEASE.jar:/home/user/.m2/repository/org/springframework/spring-tx/5.1.3.RELEASE/spring-tx-5.1.3.RELEASE.jar:/home/user/.m2/repository/org/apache/hadoop/hadoop-ozone-client/0.5.0-SNAPSHOT/hadoop-ozone-client-0.5.0-SNAPSHOT.jar:/home/user/.m2/repository/commons-lang/commons-lang/2.6/commons-lang-2.6.jar:/home/user/.m2/repository/org/apache/hadoop/hadoop-ozone-ozone-manager/0.5.0-SNAPSHOT/hadoop-ozone-ozone-manager-0.5.0-SNAPSHOT-tests.jar:/home/user/.m2/repository/junit/junit/4.11/junit-4.11.jar:/home/user/.m2/repository/org/hamcrest/hamcrest-core/1.3/hamcrest-core-1.3.jar:/home/user/.m2/repository/org/openjdk/jmh/jmh-core/1.19/jmh-core-1.19.jar:/home/user/.m2/repository/net/sf/jopt-simple/jopt-simple/4.6/jopt-simple-4.6.jar:/home/user/.m2/repository/org/apache/commons/commons-math3/3.1.1/commons-math3-3.1.1.jar:/home/user/.m2/repository/org/openjdk/jmh/jmh-generator-annprocess/1.19/jmh-generator-annprocess-1.19.jar:/home/user/.m2/repository/org/mockito/mockito-all/1.8.5/mockito-all-1.8.5.jar:/home/user/.m2/repository/org/apache/hadoop/hadoop-kms/3.2.0/hadoop-kms-3.2.0.jar:/home/user/.m2/repository/org/apache/hadoop/hadoop-auth/3.2.0/hadoop-auth-3.2.0.jar:/home/user/.m2/repository/com/nimbusds/nimbus-jose-jwt/4.41.1/nimbus-jose-jwt-4.41.1.jar:/home/user/.m2/repository/com/github/stephenc/jcip/jcip-annotations/1.0-1/jcip-annotations-1.0-1.jar:/home/user/.m2/repository/net/minidev/json-smart/2.3/json-smart-2.3.jar:/home/user/.m2/repository/net/minidev/accessors-smart/1.2/accessors-smart-1.2.jar:/home/user/.m2/repository/org/ow2/asm/asm/5.0.4/asm-5.0.4.jar:/home/user/.m2/repository/org/apache/curator/curator-framework/2.12.0/curator-framework-2.12.0.jar:/home/user/.m2/repository/com/sun/jersey/jersey-core/1.19/jersey-core-1.19.jar:/home/user/.m2/repository/javax/ws/rs/jsr311-api/1.1.1/jsr311-api-1.1.1.jar:/home/user/.m2/repository/com/sun/jersey/jersey-server/1.19/jersey-server-1.19.jar:/home/user/.m2/repository/javax/servlet/javax.servlet-api/3.1.0/javax.servlet-api-3.1.0.jar:/home/user/.m2/repository/org/eclipse/jetty/jetty-server/9.3.25.v20180904/jetty-server-9.3.25.v20180904.jar:/home/user/.m2/repository/org/eclipse/jetty/jetty-http/9.3.25.v20180904/jetty-http-9.3.25.v20180904.jar:/home/user/.m2/repository/org/eclipse/jetty/jetty-io/9.3.25.v20180904/jetty-io-9.3.25.v20180904.jar:/home/user/.m2/repository/org/eclipse/jetty/jetty-webapp/9.3.25.v20180904/jetty-webapp-9.3.25.v20180904.jar:/home/user/.m2/repository/org/eclipse/jetty/jetty-xml/9.3.25.v20180904/jetty-xml-9.3.25.v20180904.jar:/home/user/.m2/repository/log4j/log4j/1.2.17/log4j-1.2.17.jar:/home/user/.m2/repository/org/slf4j/slf4j-api/1.7.25/slf4j-api-1.7.25.jar:/home/user/.m2/repository/org/slf4j/jul-to-slf4j/1.7.25/jul-to-slf4j-1.7.25.jar:/home/user/.m2/repository/org/eclipse/jetty/jetty-util/9.3.25.v20180904/jetty-util-9.3.25.v20180904.jar:/home/user/.m2/repository/com/fasterxml/jackson/core/jackson-databind/2.9.9/jackson-databind-2.9.9.jar:/home/user/.m2/repository/org/apache/hadoop/hadoop-kms/3.2.0/hadoop-kms-3.2.0-tests.jar:/home/user/.m2/repository/org/apache/hadoop/hadoop-hdds-server-scm/0.5.0-SNAPSHOT/hadoop-hdds-server-scm-0.5.0-SNAPSHOT-tests.jar:/home/user/.m2/repository/org/apache/hadoop/hadoop-hdds-container-service/0.5.0-SNAPSHOT/hadoop-hdds-container-service-0.5.0-SNAPSHOT-tests.jar:/home/user/.m2/repository/org/yaml/snakeyaml/1.16/snakeyaml-1.16.jar:/home/user/.m2/repository/org/apache/hadoop/hadoop-common/3.2.0/hadoop-common-3.2.0-tests.jar:/home/user/.m2/repository/org/apache/hadoop/hadoop-annotations/3.2.0/hadoop-annotations-3.2.0.jar:/usr/lib/jvm/java-1.8-openjdk/jre/../lib/tools.jar:/home/user/.m2/repository/commons-cli/commons-cli/1.2/commons-cli-1.2.jar:/home/user/.m2/repository/org/apache/httpcomponents/httpclient/4.5.2/httpclient-4.5.2.jar:/home/user/.m2/repository/org/apache/httpcomponents/httpcore/4.4.4/httpcore-4.4.4.jar:/home/user/.m2/repository/commons-codec/commons-codec/1.11/commons-codec-1.11.jar:/home/user/.m2/repository/commons-net/commons-net/3.6/commons-net-3.6.jar:/home/user/.m2/repository/commons-collections/commons-collections/3.2.2/commons-collections-3.2.2.jar:/home/user/.m2/repository/org/eclipse/jetty/jetty-servlet/9.3.25.v20180904/jetty-servlet-9.3.25.v20180904.jar:/home/user/.m2/repository/org/eclipse/jetty/jetty-security/9.3.25.v20180904/jetty-security-9.3.25.v20180904.jar:/home/user/.m2/repository/javax/servlet/jsp/jsp-api/2.1/jsp-api-2.1.jar:/home/user/.m2/repository/com/sun/jersey/jersey-servlet/1.19/jersey-servlet-1.19.jar:/home/user/.m2/repository/com/sun/jersey/jersey-json/1.19/jersey-json-1.19.jar:/home/user/.m2/repository/org/codehaus/jettison/jettison/1.1/jettison-1.1.jar:/home/user/.m2/repository/org/codehaus/jackson/jackson-core-asl/1.9.13/jackson-core-asl-1.9.13.jar:/home/user/.m2/repository/org/codehaus/jackson/jackson-mapper-asl/1.9.13/jackson-mapper-asl-1.9.13.jar:/home/user/.m2/repository/org/codehaus/jackson/jackson-jaxrs/1.9.13/jackson-jaxrs-1.9.13.jar:/home/user/.m2/repository/org/codehaus/jackson/jackson-xc/1.9.13/jackson-xc-1.9.13.jar:/home/user/.m2/repository/commons-logging/commons-logging/1.1.3/commons-logging-1.1.3.jar:/home/user/.m2/repository/commons-beanutils/commons-beanutils/1.9.4/commons-beanutils-1.9.4.jar:/home/user/.m2/repository/org/apache/commons/commons-configuration2/2.1.1/commons-configuration2-2.1.1.jar:/home/user/.m2/repository/org/apache/commons/commons-lang3/3.7/commons-lang3-3.7.jar:/home/user/.m2/repository/org/apache/commons/commons-text/1.4/commons-text-1.4.jar:/home/user/.m2/repository/org/apache/avro/avro/1.7.7/avro-1.7.7.jar:/home/user/.m2/repository/com/thoughtworks/paranamer/paranamer/2.3/paranamer-2.3.jar:/home/user/.m2/repository/org/xerial/snappy/snappy-java/1.0.5/snappy-java-1.0.5.jar:/home/user/.m2/repository/com/google/re2j/re2j/1.1/re2j-1.1.jar:/home/user/.m2/repository/com/google/code/gson/gson/2.2.4/gson-2.2.4.jar:/home/user/.m2/repository/com/jcraft/jsch/0.1.54/jsch-0.1.54.jar:/home/user/.m2/repository/org/apache/curator/curator-client/2.12.0/curator-client-2.12.0.jar:/home/user/.m2/repository/org/apache/curator/curator-recipes/2.12.0/curator-recipes-2.12.0.jar:/home/user/.m2/repository/com/google/code/findbugs/jsr305/3.0.0/jsr305-3.0.0.jar:/home/user/.m2/repository/org/apache/htrace/htrace-core4/4.1.0-incubating/htrace-core4-4.1.0-incubating.jar:/home/user/.m2/repository/org/apache/zookeeper/zookeeper/3.4.13/zookeeper-3.4.13.jar:/home/user/.m2/repository/jline/jline/0.9.94/jline-0.9.94.jar:/home/user/.m2/repository/org/apache/yetus/audience-annotations/0.5.0/audience-annotations-0.5.0.jar:/home/user/.m2/repository/org/codehaus/woodstox/stax2-api/3.1.4/stax2-api-3.1.4.jar:/home/user/.m2/repository/com/fasterxml/woodstox/woodstox-core/5.0.3/woodstox-core-5.0.3.jar:/home/user/.m2/repository/dnsjava/dnsjava/2.1.7/dnsjava-2.1.7.jar:/home/user/.m2/repository/org/apache/hadoop/hadoop-hdfs/3.2.0/hadoop-hdfs-3.2.0-tests.jar:/home/user/.m2/repository/org/eclipse/jetty/jetty-util-ajax/9.3.25.v20180904/jetty-util-ajax-9.3.25.v20180904.jar:/home/user/.m2/repository/commons-daemon/commons-daemon/1.0.13/commons-daemon-1.0.13.jar:/home/user/.m2/repository/io/netty/netty/3.10.5.Final/netty-3.10.5.Final.jar:/home/user/.m2/repository/io/netty/netty-all/4.0.52.Final/netty-all-4.0.52.Final.jar:/home/user/.m2/repository/org/fusesource/leveldbjni/leveldbjni-all/1.8/leveldbjni-all-1.8.jar:"/>
    <property name="sun.cpu.endian" value="little"/>
    <property name="user.home" value="/home/user"/>
    <property name="user.language" value="en"/>
    <property name="java.specification.vendor" value="Oracle Corporation"/>
    <property name="java.home" value="/usr/lib/jvm/java-1.8-openjdk/jre"/>
    <property name="java.security.krb5.conf" value="/workdir/hadoop-ozone/integration-test/target/test-classes/krb5.conf"/>
    <property name="basedir" value="/workdir/hadoop-ozone/integration-test"/>
    <property name="file.separator" value="/"/>
    <property name="line.separator" value="&#10;"/>
    <property name="java.vm.specification.vendor" value="Oracle Corporation"/>
    <property name="java.specification.name" value="Java Platform API Specification"/>
    <property name="java.awt.graphicsenv" value="sun.awt.X11GraphicsEnvironment"/>
    <property name="surefire.real.class.path" value="/workdir/hadoop-ozone/integration-test/target/surefire/surefirebooter7700590167698022616.jar"/>
    <property name="hadoop.log.dir" value="/workdir/hadoop-ozone/integration-test/target/log"/>
    <property name="sun.boot.class.path" value="/usr/lib/jvm/java-1.8-openjdk/jre/lib/resources.jar:/usr/lib/jvm/java-1.8-openjdk/jre/lib/rt.jar:/usr/lib/jvm/java-1.8-openjdk/jre/lib/sunrsasign.jar:/usr/lib/jvm/java-1.8-openjdk/jre/lib/jsse.jar:/usr/lib/jvm/java-1.8-openjdk/jre/lib/jce.jar:/usr/lib/jvm/java-1.8-openjdk/jre/lib/charsets.jar:/usr/lib/jvm/java-1.8-openjdk/jre/lib/jfr.jar:/usr/lib/jvm/java-1.8-openjdk/jre/classes"/>
    <property name="sun.management.compiler" value="HotSpot 64-Bit Tiered Compilers"/>
    <property name="java.runtime.version" value="1.8.0_212-b04"/>
    <property name="java.net.preferIPv4Stack" value="true"/>
    <property name="user.name" value="jenkins1000"/>
    <property name="path.separator" value=":"/>
    <property name="java.security.egd" value="file:///dev/urandom"/>
    <property name="os.version" value="3.10.0-957.12.2.el7.x86_64"/>
    <property name="java.endorsed.dirs" value="/usr/lib/jvm/java-1.8-openjdk/jre/lib/endorsed"/>
    <property name="java.runtime.name" value="OpenJDK Runtime Environment"/>
    <property name="file.encoding" value="UTF-8"/>
    <property name="java.vm.name" value="OpenJDK 64-Bit Server VM"/>
    <property name="test.build.webapps" value=""/>
    <property name="localRepository" value="/home/user/.m2/repository"/>
    <property name="java.vendor.url.bug" value="https://icedtea.classpath.org/bugzilla"/>
    <property name="java.io.tmpdir" value="/tmp"/>
    <property name="require.test.libhadoop" value=""/>
    <property name="java.version" value="1.8.0_212"/>
    <property name="user.dir" value="/workdir/hadoop-ozone/integration-test"/>
    <property name="os.arch" value="amd64"/>
    <property name="java.vm.specification.name" value="Java Virtual Machine Specification"/>
    <property name="test.build.classes" value="/workdir/hadoop-ozone/integration-test/target/test-classes"/>
    <property name="java.awt.printerjob" value="sun.print.PSPrinterJob"/>
    <property name="sun.os.patch.level" value="unknown"/>
    <property name="hadoop.tmp.dir" value="/workdir/hadoop-ozone/integration-test/target/tmp"/>
    <property name="java.library.path" value="/usr/lib/jvm/java-1.8-openjdk/jre/lib/amd64/server:/usr/lib/jvm/java-1.8-openjdk/jre/lib/amd64:/usr/lib/jvm/java-1.8-openjdk/jre/../lib/amd64:/workdir/hadoop-ozone/integration-test/target/native/target/usr/local/lib:/workdir/hadoop-ozone/integration-test/../../hadoop-common-project/hadoop-common/target/native/target/usr/local/lib:/usr/java/packages/lib/amd64:/usr/lib64:/lib64:/lib:/usr/lib"/>
    <property name="java.vm.info" value="mixed mode"/>
    <property name="java.vendor" value="IcedTea"/>
    <property name="java.vm.version" value="25.212-b04"/>
    <property name="java.ext.dirs" value="/usr/lib/jvm/java-1.8-openjdk/jre/lib/ext:/usr/java/packages/lib/ext"/>
    <property name="sun.io.unicode.encoding" value="UnicodeLittle"/>
    <property name="java.class.version" value="52.0"/>
  </properties>
  <testcase name="testWatchForCommitWithKeyWrite" classname="org.apache.hadoop.ozone.client.rpc.TestWatchForCommit" time="81.361"/>
  <testcase name="testWatchForCommitWithSmallerTimeoutValue" classname="org.apache.hadoop.ozone.client.rpc.TestWatchForCommit" time="47.72"/>
  <testcase name="testWatchForCommitForRetryfailure" classname="org.apache.hadoop.ozone.client.rpc.TestWatchForCommit" time="61.268">
    <failure type="java.lang.AssertionError">java.lang.AssertionError
	at org.junit.Assert.fail(Assert.java:86)
	at org.junit.Assert.assertTrue(Assert.java:41)
	at org.junit.Assert.assertTrue(Assert.java:52)
	at org.apache.hadoop.ozone.client.rpc.TestWatchForCommit.testWatchForCommitForRetryfailure(TestWatchForCommit.java:348)
	at sun.reflect.NativeMethodAccessorImpl.invoke0(Native Method)
	at sun.reflect.NativeMethodAccessorImpl.invoke(NativeMethodAccessorImpl.java:62)
	at sun.reflect.DelegatingMethodAccessorImpl.invoke(DelegatingMethodAccessorImpl.java:43)
	at java.lang.reflect.Method.invoke(Method.java:498)
	at org.junit.runners.model.FrameworkMethod$1.runReflectiveCall(FrameworkMethod.java:47)
	at org.junit.internal.runners.model.ReflectiveCallable.run(ReflectiveCallable.java:12)
	at org.junit.runners.model.FrameworkMethod.invokeExplosively(FrameworkMethod.java:44)
	at org.junit.internal.runners.statements.InvokeMethod.evaluate(InvokeMethod.java:17)
	at org.junit.runners.ParentRunner.runLeaf(ParentRunner.java:271)
	at org.junit.runners.BlockJUnit4ClassRunner.runChild(BlockJUnit4ClassRunner.java:70)
	at org.junit.runners.BlockJUnit4ClassRunner.runChild(BlockJUnit4ClassRunner.java:50)
	at org.junit.runners.ParentRunner$3.run(ParentRunner.java:238)
	at org.junit.runners.ParentRunner$1.schedule(ParentRunner.java:63)
	at org.junit.runners.ParentRunner.runChildren(ParentRunner.java:236)
	at org.junit.runners.ParentRunner.access$000(ParentRunner.java:53)
	at org.junit.runners.ParentRunner$2.evaluate(ParentRunner.java:229)
	at org.junit.runners.ParentRunner.run(ParentRunner.java:309)
	at org.apache.maven.surefire.junit4.JUnit4Provider.execute(JUnit4Provider.java:365)
	at org.apache.maven.surefire.junit4.JUnit4Provider.executeWithRerun(JUnit4Provider.java:273)
	at org.apache.maven.surefire.junit4.JUnit4Provider.executeTestSet(JUnit4Provider.java:238)
	at org.apache.maven.surefire.junit4.JUnit4Provider.invoke(JUnit4Provider.java:159)
	at org.apache.maven.surefire.booter.ForkedBooter.invokeProviderInSameClassLoader(ForkedBooter.java:384)
	at org.apache.maven.surefire.booter.ForkedBooter.runSuitesInProcess(ForkedBooter.java:345)
	at org.apache.maven.surefire.booter.ForkedBooter.execute(ForkedBooter.java:126)
	at org.apache.maven.surefire.booter.ForkedBooter.main(ForkedBooter.java:418)
</failure>
    <system-out><![CDATA[2019-10-06 01:11:49,271 [main] WARN  server.ServerUtils (ServerUtils.java:getScmDbDir(145)) - ozone.scm.db.dirs is not configured. We recommend adding this setting. Falling back to ozone.metadata.dirs instead.
2019-10-06 01:11:49,287 [main] WARN  server.ServerUtils (ServerUtils.java:getScmDbDir(145)) - ozone.scm.db.dirs is not configured. We recommend adding this setting. Falling back to ozone.metadata.dirs instead.
2019-10-06 01:11:49,287 [main] WARN  server.ServerUtils (ServerUtils.java:getScmDbDir(145)) - ozone.scm.db.dirs is not configured. We recommend adding this setting. Falling back to ozone.metadata.dirs instead.
2019-10-06 01:11:49,288 [main] INFO  db.DBStoreBuilder (DBStoreBuilder.java:addTable(117)) - using custom profile for table: deletedBlocks
2019-10-06 01:11:49,288 [main] INFO  db.DBStoreBuilder (DBStoreBuilder.java:processTables(168)) - Using default column profile:DBProfile.DISK for Table:deletedBlocks
2019-10-06 01:11:49,289 [main] INFO  db.DBStoreBuilder (DBStoreBuilder.java:addTable(117)) - using custom profile for table: validCerts
2019-10-06 01:11:49,289 [main] INFO  db.DBStoreBuilder (DBStoreBuilder.java:processTables(168)) - Using default column profile:DBProfile.DISK for Table:validCerts
2019-10-06 01:11:49,289 [main] INFO  db.DBStoreBuilder (DBStoreBuilder.java:addTable(117)) - using custom profile for table: revokedCerts
2019-10-06 01:11:49,289 [main] INFO  db.DBStoreBuilder (DBStoreBuilder.java:processTables(168)) - Using default column profile:DBProfile.DISK for Table:revokedCerts
2019-10-06 01:11:49,290 [main] INFO  db.DBStoreBuilder (DBStoreBuilder.java:addTable(117)) - using custom profile for table: default
2019-10-06 01:11:49,290 [main] INFO  db.DBStoreBuilder (DBStoreBuilder.java:processTables(174)) - Using default column profile:DBProfile.DISK for Table:default
2019-10-06 01:11:49,290 [main] INFO  db.DBStoreBuilder (DBStoreBuilder.java:getDbProfile(205)) - Using default options. DBProfile.DISK
2019-10-06 01:11:49,465 [main] INFO  net.NodeSchemaLoader (NodeSchemaLoader.java:loadSchemaFromFile(125)) - Loading file from sun.misc.CompoundEnumeration@4e3e11b9
2019-10-06 01:11:49,465 [main] INFO  net.NodeSchemaLoader (NodeSchemaLoader.java:loadSchema(171)) - Loading network topology layer schema file
2019-10-06 01:11:49,472 [main] WARN  server.ServerUtils (ServerUtils.java:sanitizeUserArgs(70)) - ozone.scm.stale.node.interval value = 300000 is larger than max = 100000 based on the key value of ozone.scm.heartbeat.thread.interval, reset to the max value 100000.
2019-10-06 01:11:49,472 [main] WARN  server.ServerUtils (ServerUtils.java:sanitizeUserArgs(70)) - ozone.scm.stale.node.interval value = 300000 is larger than max = 100000 based on the key value of ozone.scm.heartbeat.thread.interval, reset to the max value 100000.
2019-10-06 01:11:49,473 [main] INFO  node.SCMNodeManager (SCMNodeManager.java:<init>(114)) - Entering startup safe mode.
2019-10-06 01:11:49,474 [main] INFO  algorithms.ContainerPlacementPolicyFactory (ContainerPlacementPolicyFactory.java:getPolicy(57)) - Create container placement policy of type org.apache.hadoop.hdds.scm.container.placement.algorithms.SCMContainerPlacementRandom
2019-10-06 01:11:49,474 [main] WARN  server.ServerUtils (ServerUtils.java:getScmDbDir(145)) - ozone.scm.db.dirs is not configured. We recommend adding this setting. Falling back to ozone.metadata.dirs instead.
2019-10-06 01:11:49,512 [main] INFO  pipeline.SCMPipelineManager (SCMPipelineManager.java:initializePipelineState(132)) - No pipeline exists in current db
2019-10-06 01:11:49,513 [main] WARN  server.ServerUtils (ServerUtils.java:getScmDbDir(145)) - ozone.scm.db.dirs is not configured. We recommend adding this setting. Falling back to ozone.metadata.dirs instead.
2019-10-06 01:11:49,564 [main] WARN  events.EventQueue (EventQueue.java:fireEvent(183)) - No event handler registered for event TypedEvent{payloadType=SafeModeStatus, name='SafeModeStatus'}
2019-10-06 01:11:49,565 [main] INFO  ipc.CallQueueManager (CallQueueManager.java:<init>(84)) - Using callQueue: class java.util.concurrent.LinkedBlockingQueue, queueCapacity: 2000, scheduler: class org.apache.hadoop.ipc.DefaultRpcScheduler, ipcBackoff: false.
2019-10-06 01:11:49,567 [Socket Reader #1 for port 42476] INFO  ipc.Server (Server.java:run(1074)) - Starting Socket Reader #1 for port 42476
2019-10-06 01:11:49,569 [main] INFO  ipc.CallQueueManager (CallQueueManager.java:<init>(84)) - Using callQueue: class java.util.concurrent.LinkedBlockingQueue, queueCapacity: 2000, scheduler: class org.apache.hadoop.ipc.DefaultRpcScheduler, ipcBackoff: false.
2019-10-06 01:11:49,570 [Socket Reader #1 for port 35156] INFO  ipc.Server (Server.java:run(1074)) - Starting Socket Reader #1 for port 35156
2019-10-06 01:11:49,572 [main] INFO  ipc.CallQueueManager (CallQueueManager.java:<init>(84)) - Using callQueue: class java.util.concurrent.LinkedBlockingQueue, queueCapacity: 2000, scheduler: class org.apache.hadoop.ipc.DefaultRpcScheduler, ipcBackoff: false.
2019-10-06 01:11:49,572 [Socket Reader #1 for port 37068] INFO  ipc.Server (Server.java:run(1074)) - Starting Socket Reader #1 for port 37068
2019-10-06 01:11:49,575 [main] INFO  hdfs.DFSUtil (DFSUtil.java:httpServerTemplateForNNAndJN(1641)) - Starting Web-server for scm at: http://0.0.0.0:0
2019-10-06 01:11:49,578 [main] INFO  server.AuthenticationFilter (AuthenticationFilter.java:constructSecretProvider(240)) - Unable to initialize FileSignerSecretProvider, falling back to use random secrets.
2019-10-06 01:11:49,579 [main] WARN  http.HttpRequestLog (HttpRequestLog.java:getRequestLog(97)) - Jetty request log can only be enabled using Log4j
2019-10-06 01:11:49,581 [main] INFO  http.HttpServer2 (HttpServer2.java:addGlobalFilter(975)) - Added global filter 'safety' (class=org.apache.hadoop.http.HttpServer2$QuotingInputFilter)
2019-10-06 01:11:49,582 [main] INFO  http.HttpServer2 (HttpServer2.java:addFilter(948)) - Added filter static_user_filter (class=org.apache.hadoop.http.lib.StaticUserWebFilter$StaticUserFilter) to context scm
2019-10-06 01:11:49,582 [main] INFO  http.HttpServer2 (HttpServer2.java:addFilter(958)) - Added filter static_user_filter (class=org.apache.hadoop.http.lib.StaticUserWebFilter$StaticUserFilter) to context static
2019-10-06 01:11:49,582 [main] INFO  http.HttpServer2 (HttpServer2.java:addFilter(958)) - Added filter static_user_filter (class=org.apache.hadoop.http.lib.StaticUserWebFilter$StaticUserFilter) to context logs
2019-10-06 01:11:49,584 [main] INFO  server.StorageContainerManager (StorageContainerManager.java:start(770)) - StorageContainerLocationProtocol RPC server is listening at /0.0.0.0:37068
2019-10-06 01:11:49,587 [main] WARN  impl.MetricsConfig (MetricsConfig.java:loadFirst(134)) - Cannot locate configuration: tried hadoop-metrics2-storagecontainermanager.properties,hadoop-metrics2.properties
2019-10-06 01:11:49,588 [main] INFO  impl.MetricsSystemImpl (MetricsSystemImpl.java:startTimer(374)) - Scheduled Metric snapshot period at 10 second(s).
2019-10-06 01:11:49,589 [main] INFO  impl.MetricsSystemImpl (MetricsSystemImpl.java:start(191)) - StorageContainerManager metrics system started
2019-10-06 01:11:49,601 [main] INFO  lib.Interns (Interns.java:removeEldestEntry(50)) - Metrics intern cache overflow at 2011 for MetricsSystem={MetricsSystem=MetricsInfoImpl{name=MetricsSystem, description=MetricsSystem}, MetricsSystem record=MetricsInfoImpl{name=MetricsSystem, description=MetricsSystem record}}
2019-10-06 01:11:49,637 [main] WARN  impl.MetricsSystemImpl (MetricsSystemImpl.java:register(276)) - Sink prometheus already exists!
2019-10-06 01:11:49,682 [main] INFO  server.SCMClientProtocolServer (SCMClientProtocolServer.java:start(159)) - RPC server for Client  is listening at /0.0.0.0:37068
2019-10-06 01:11:49,682 [IPC Server Responder] INFO  ipc.Server (Server.java:run(1314)) - IPC Server Responder: starting
2019-10-06 01:11:49,684 [IPC Server listener on 37068] INFO  ipc.Server (Server.java:run(1153)) - IPC Server listener on 37068: starting
2019-10-06 01:11:49,687 [main] INFO  server.StorageContainerManager (StorageContainerManager.java:start(780)) - ScmBlockLocationProtocol RPC server is listening at /0.0.0.0:35156
2019-10-06 01:11:49,687 [main] INFO  server.SCMBlockProtocolServer (SCMBlockProtocolServer.java:start(146)) - RPC server for Block Protocol is listening at /0.0.0.0:35156
2019-10-06 01:11:49,688 [IPC Server Responder] INFO  ipc.Server (Server.java:run(1314)) - IPC Server Responder: starting
2019-10-06 01:11:49,688 [IPC Server listener on 35156] INFO  ipc.Server (Server.java:run(1153)) - IPC Server listener on 35156: starting
2019-10-06 01:11:49,692 [main] INFO  server.StorageContainerManager (StorageContainerManager.java:start(784)) - ScmDatanodeProtocl RPC server is listening at /0.0.0.0:42476
2019-10-06 01:11:49,692 [main] INFO  server.SCMDatanodeProtocolServer (SCMDatanodeProtocolServer.java:start(169)) - RPC server for DataNodes is listening at /0.0.0.0:42476
2019-10-06 01:11:49,693 [IPC Server Responder] INFO  ipc.Server (Server.java:run(1314)) - IPC Server Responder: starting
2019-10-06 01:11:49,693 [IPC Server listener on 42476] INFO  ipc.Server (Server.java:run(1153)) - IPC Server listener on 42476: starting
2019-10-06 01:11:49,697 [main] INFO  http.HttpServer2 (HttpServer2.java:bindListener(1191)) - Jetty bound to port 41633
2019-10-06 01:11:49,697 [main] INFO  server.Server (Server.java:doStart(351)) - jetty-9.3.25.v20180904, build timestamp: 2018-09-04T21:11:46Z, git hash: 3ce520221d0240229c862b122d2b06c12a625732
2019-10-06 01:11:49,699 [main] INFO  handler.ContextHandler (ContextHandler.java:doStart(781)) - Started o.e.j.s.ServletContextHandler@750a04ec{/logs,file:///workdir/hadoop-ozone/integration-test/target/log,AVAILABLE}
2019-10-06 01:11:49,700 [main] INFO  handler.ContextHandler (ContextHandler.java:doStart(781)) - Started o.e.j.s.ServletContextHandler@56846330{/static,file:///workdir/hadoop-ozone/integration-test/target/test-classes/webapps/static,AVAILABLE}
2019-10-06 01:11:49,704 [main] INFO  handler.ContextHandler (ContextHandler.java:doStart(781)) - Started o.e.j.w.WebAppContext@17e0933c{/,file:///workdir/hadoop-ozone/integration-test/target/test-classes/webapps/scm/,AVAILABLE}{/scm}
2019-10-06 01:11:49,705 [main] INFO  server.AbstractConnector (AbstractConnector.java:doStart(278)) - Started ServerConnector@7edb6fca{HTTP/1.1,[http/1.1]}{0.0.0.0:41633}
2019-10-06 01:11:49,705 [main] INFO  server.Server (Server.java:doStart(419)) - Started @129988ms
2019-10-06 01:11:49,706 [main] WARN  impl.MetricsSystemImpl (MetricsSystemImpl.java:register(276)) - Sink prometheus already exists!
2019-10-06 01:11:49,706 [main] INFO  server.BaseHttpServer (BaseHttpServer.java:updateConnectorAddress(215)) - HTTP server of SCM is listening at http://0.0.0.0:41633
2019-10-06 01:11:49,707 [main] WARN  server.ServerUtils (ServerUtils.java:getDBPath(222)) - ozone.om.db.dirs is not configured. We recommend adding this setting. Falling back to ozone.metadata.dirs instead.
2019-10-06 01:11:49,707 [org.apache.hadoop.util.JvmPauseMonitor$Monitor@716185fe] INFO  util.JvmPauseMonitor (JvmPauseMonitor.java:run(188)) - Starting JVM pause monitor
2019-10-06 01:11:49,721 [main] INFO  ha.OMHANodeDetails (OMHANodeDetails.java:loadOMHAConfig(190)) - Configuration either no ozone.om.address set. Falling back to the default OM address /127.0.0.1:0
2019-10-06 01:11:49,721 [main] INFO  ha.OMHANodeDetails (OMHANodeDetails.java:getOMNodeDetails(220)) - OM Service ID is not set. Setting it to the default ID: omServiceIdDefault
2019-10-06 01:11:49,721 [main] WARN  server.ServerUtils (ServerUtils.java:getDBPath(222)) - ozone.om.db.dirs is not configured. We recommend adding this setting. Falling back to ozone.metadata.dirs instead.
2019-10-06 01:11:49,722 [main] WARN  server.ServerUtils (ServerUtils.java:getDBPath(222)) - ozone.om.db.dirs is not configured. We recommend adding this setting. Falling back to ozone.metadata.dirs instead.
2019-10-06 01:11:49,729 [main] WARN  server.ServerUtils (ServerUtils.java:getDBPath(222)) - ozone.om.db.dirs is not configured. We recommend adding this setting. Falling back to ozone.metadata.dirs instead.
2019-10-06 01:11:49,729 [main] INFO  db.DBStoreBuilder (DBStoreBuilder.java:addTable(117)) - using custom profile for table: userTable
2019-10-06 01:11:49,729 [main] INFO  db.DBStoreBuilder (DBStoreBuilder.java:processTables(168)) - Using default column profile:DBProfile.DISK for Table:userTable
2019-10-06 01:11:49,729 [main] INFO  db.DBStoreBuilder (DBStoreBuilder.java:addTable(117)) - using custom profile for table: volumeTable
2019-10-06 01:11:49,730 [main] INFO  db.DBStoreBuilder (DBStoreBuilder.java:processTables(168)) - Using default column profile:DBProfile.DISK for Table:volumeTable
2019-10-06 01:11:49,730 [main] INFO  db.DBStoreBuilder (DBStoreBuilder.java:addTable(117)) - using custom profile for table: bucketTable
2019-10-06 01:11:49,730 [main] INFO  db.DBStoreBuilder (DBStoreBuilder.java:processTables(168)) - Using default column profile:DBProfile.DISK for Table:bucketTable
2019-10-06 01:11:49,730 [main] INFO  db.DBStoreBuilder (DBStoreBuilder.java:addTable(117)) - using custom profile for table: keyTable
2019-10-06 01:11:49,730 [main] INFO  db.DBStoreBuilder (DBStoreBuilder.java:processTables(168)) - Using default column profile:DBProfile.DISK for Table:keyTable
2019-10-06 01:11:49,731 [main] INFO  db.DBStoreBuilder (DBStoreBuilder.java:addTable(117)) - using custom profile for table: deletedTable
2019-10-06 01:11:49,731 [main] INFO  db.DBStoreBuilder (DBStoreBuilder.java:processTables(168)) - Using default column profile:DBProfile.DISK for Table:deletedTable
2019-10-06 01:11:49,731 [main] INFO  db.DBStoreBuilder (DBStoreBuilder.java:addTable(117)) - using custom profile for table: openKeyTable
2019-10-06 01:11:49,731 [main] INFO  db.DBStoreBuilder (DBStoreBuilder.java:processTables(168)) - Using default column profile:DBProfile.DISK for Table:openKeyTable
2019-10-06 01:11:49,731 [main] INFO  db.DBStoreBuilder (DBStoreBuilder.java:addTable(117)) - using custom profile for table: s3Table
2019-10-06 01:11:49,731 [main] INFO  db.DBStoreBuilder (DBStoreBuilder.java:processTables(168)) - Using default column profile:DBProfile.DISK for Table:s3Table
2019-10-06 01:11:49,732 [main] INFO  db.DBStoreBuilder (DBStoreBuilder.java:addTable(117)) - using custom profile for table: multipartInfoTable
2019-10-06 01:11:49,732 [main] INFO  db.DBStoreBuilder (DBStoreBuilder.java:processTables(168)) - Using default column profile:DBProfile.DISK for Table:multipartInfoTable
2019-10-06 01:11:49,732 [main] INFO  db.DBStoreBuilder (DBStoreBuilder.java:addTable(117)) - using custom profile for table: dTokenTable
2019-10-06 01:11:49,732 [main] INFO  db.DBStoreBuilder (DBStoreBuilder.java:processTables(168)) - Using default column profile:DBProfile.DISK for Table:dTokenTable
2019-10-06 01:11:49,732 [main] INFO  db.DBStoreBuilder (DBStoreBuilder.java:addTable(117)) - using custom profile for table: s3SecretTable
2019-10-06 01:11:49,732 [main] INFO  db.DBStoreBuilder (DBStoreBuilder.java:processTables(168)) - Using default column profile:DBProfile.DISK for Table:s3SecretTable
2019-10-06 01:11:49,733 [main] INFO  db.DBStoreBuilder (DBStoreBuilder.java:addTable(117)) - using custom profile for table: prefixTable
2019-10-06 01:11:49,733 [main] INFO  db.DBStoreBuilder (DBStoreBuilder.java:processTables(168)) - Using default column profile:DBProfile.DISK for Table:prefixTable
2019-10-06 01:11:49,733 [main] INFO  db.DBStoreBuilder (DBStoreBuilder.java:addTable(117)) - using custom profile for table: default
2019-10-06 01:11:49,733 [main] INFO  db.DBStoreBuilder (DBStoreBuilder.java:processTables(174)) - Using default column profile:DBProfile.DISK for Table:default
2019-10-06 01:11:49,733 [main] INFO  db.DBStoreBuilder (DBStoreBuilder.java:getDbProfile(205)) - Using default options. DBProfile.DISK
2019-10-06 01:11:50,197 [main] INFO  ipc.CallQueueManager (CallQueueManager.java:<init>(84)) - Using callQueue: class java.util.concurrent.LinkedBlockingQueue, queueCapacity: 2000, scheduler: class org.apache.hadoop.ipc.DefaultRpcScheduler, ipcBackoff: false.
2019-10-06 01:11:50,198 [Socket Reader #1 for port 45657] INFO  ipc.Server (Server.java:run(1074)) - Starting Socket Reader #1 for port 45657
2019-10-06 01:11:50,215 [main] INFO  om.OzoneManager (OzoneManager.java:start(1069)) - OzoneManager RPC server is listening at localhost/127.0.0.1:45657
2019-10-06 01:11:50,215 [main] INFO  impl.MetricsSystemImpl (MetricsSystemImpl.java:init(158)) - OzoneManager metrics system started (again)
2019-10-06 01:11:50,216 [IPC Server Responder] INFO  ipc.Server (Server.java:run(1314)) - IPC Server Responder: starting
2019-10-06 01:11:50,216 [IPC Server listener on 45657] INFO  ipc.Server (Server.java:run(1153)) - IPC Server listener on 45657: starting
2019-10-06 01:11:50,221 [main] INFO  hdfs.DFSUtil (DFSUtil.java:httpServerTemplateForNNAndJN(1641)) - Starting Web-server for ozoneManager at: http://0.0.0.0:0
2019-10-06 01:11:50,223 [main] INFO  server.AuthenticationFilter (AuthenticationFilter.java:constructSecretProvider(240)) - Unable to initialize FileSignerSecretProvider, falling back to use random secrets.
2019-10-06 01:11:50,223 [main] WARN  http.HttpRequestLog (HttpRequestLog.java:getRequestLog(97)) - Jetty request log can only be enabled using Log4j
2019-10-06 01:11:50,225 [main] INFO  http.HttpServer2 (HttpServer2.java:addGlobalFilter(975)) - Added global filter 'safety' (class=org.apache.hadoop.http.HttpServer2$QuotingInputFilter)
2019-10-06 01:11:50,225 [main] INFO  http.HttpServer2 (HttpServer2.java:addFilter(948)) - Added filter static_user_filter (class=org.apache.hadoop.http.lib.StaticUserWebFilter$StaticUserFilter) to context ozoneManager
2019-10-06 01:11:50,226 [main] INFO  http.HttpServer2 (HttpServer2.java:addFilter(958)) - Added filter static_user_filter (class=org.apache.hadoop.http.lib.StaticUserWebFilter$StaticUserFilter) to context logs
2019-10-06 01:11:50,226 [main] INFO  http.HttpServer2 (HttpServer2.java:addFilter(958)) - Added filter static_user_filter (class=org.apache.hadoop.http.lib.StaticUserWebFilter$StaticUserFilter) to context static
2019-10-06 01:11:50,227 [main] INFO  http.HttpServer2 (HttpServer2.java:bindListener(1191)) - Jetty bound to port 39459
2019-10-06 01:11:50,227 [main] INFO  server.Server (Server.java:doStart(351)) - jetty-9.3.25.v20180904, build timestamp: 2018-09-04T21:11:46Z, git hash: 3ce520221d0240229c862b122d2b06c12a625732
2019-10-06 01:11:50,229 [main] INFO  handler.ContextHandler (ContextHandler.java:doStart(781)) - Started o.e.j.s.ServletContextHandler@43ecfeb5{/logs,file:///workdir/hadoop-ozone/integration-test/target/log,AVAILABLE}
2019-10-06 01:11:50,229 [main] INFO  handler.ContextHandler (ContextHandler.java:doStart(781)) - Started o.e.j.s.ServletContextHandler@53940e2f{/static,file:///workdir/hadoop-ozone/integration-test/target/test-classes/webapps/static,AVAILABLE}
2019-10-06 01:11:50,233 [main] INFO  handler.ContextHandler (ContextHandler.java:doStart(781)) - Started o.e.j.w.WebAppContext@1235151c{/,file:///workdir/hadoop-ozone/integration-test/target/test-classes/webapps/ozoneManager/,AVAILABLE}{/ozoneManager}
2019-10-06 01:11:50,234 [main] INFO  server.AbstractConnector (AbstractConnector.java:doStart(278)) - Started ServerConnector@5a1f778{HTTP/1.1,[http/1.1]}{0.0.0.0:39459}
2019-10-06 01:11:50,235 [main] INFO  server.Server (Server.java:doStart(419)) - Started @130518ms
2019-10-06 01:11:50,235 [main] WARN  impl.MetricsSystemImpl (MetricsSystemImpl.java:register(276)) - Sink prometheus already exists!
2019-10-06 01:11:50,236 [main] INFO  server.BaseHttpServer (BaseHttpServer.java:updateConnectorAddress(215)) - HTTP server of OZONEMANAGER is listening at http://0.0.0.0:39459
2019-10-06 01:11:50,254 [main] INFO  impl.MetricsSystemImpl (MetricsSystemImpl.java:init(158)) - HddsDatanode metrics system started (again)
2019-10-06 01:11:50,257 [main] INFO  ozone.HddsDatanodeService (HddsDatanodeService.java:start(184)) - HddsDatanodeService host:pr-hdds-2233-w5czk-1584650955 ip:192.168.30.55
2019-10-06 01:11:50,263 [main] INFO  volume.HddsVolume (HddsVolume.java:<init>(176)) - Creating Volume: /workdir/hadoop-ozone/integration-test/target/test-dir/MiniOzoneClusterImpl-40360609-f70a-4692-942a-daf78c144095/datanode-0/data/containers/hdds of  storage type : DISK and capacity : 1482555576320
2019-10-06 01:11:50,264 [main] INFO  volume.VolumeSet (VolumeSet.java:initializeVolumeSet(170)) - Added Volume : /workdir/hadoop-ozone/integration-test/target/test-dir/MiniOzoneClusterImpl-40360609-f70a-4692-942a-daf78c144095/datanode-0/data/containers/hdds to VolumeSet
2019-10-06 01:11:50,264 [main] INFO  volume.ThrottledAsyncChecker (ThrottledAsyncChecker.java:schedule(139)) - Scheduling a check for org.apache.hadoop.ozone.container.common.volume.HddsVolume@6393bf8b
2019-10-06 01:11:50,266 [main] INFO  volume.HddsVolumeChecker (HddsVolumeChecker.java:checkAllVolumes(202)) - Scheduled health check for volume org.apache.hadoop.ozone.container.common.volume.HddsVolume@6393bf8b
2019-10-06 01:11:50,279 [main] INFO  impl.RaftServerProxy (ConfUtils.java:logGet(43)) - raft.rpc.type = GRPC (default)
2019-10-06 01:11:50,280 [main] INFO  grpc.GrpcFactory (GrpcFactory.java:checkPooledByteBufAllocatorUseCacheForAllThreads(45)) - PERFORMANCE WARNING: useCacheForAllThreads is true that may cause Netty to create a lot garbage objects and, as a result, trigger GC.
	It is recommended to disable useCacheForAllThreads by setting -Dorg.apache.ratis.thirdparty.io.netty.allocator.useCacheForAllThreads=false in command line.
2019-10-06 01:11:50,280 [main] INFO  grpc.GrpcConfigKeys$Server (ConfUtils.java:logGet(43)) - raft.grpc.server.port = 0 (default)
2019-10-06 01:11:50,280 [main] INFO  server.GrpcService (ConfUtils.java:logGet(43)) - raft.grpc.message.size.max = 33570816 (custom)
2019-10-06 01:11:50,280 [main] INFO  server.RaftServerConfigKeys (ConfUtils.java:logGet(43)) - raft.server.log.appender.buffer.byte-limit = 33554432 (custom)
2019-10-06 01:11:50,280 [main] INFO  server.GrpcService (ConfUtils.java:logGet(43)) - raft.grpc.flow.control.window = 1MB (=1048576) (default)
2019-10-06 01:11:50,281 [main] INFO  server.RaftServerConfigKeys (ConfUtils.java:logGet(43)) - raft.server.rpc.request.timeout = 3000ms (default)
2019-10-06 01:11:50,281 [main] INFO  server.RaftServerConfigKeys (ConfUtils.java:logGet(43)) - raft.server.storage.dir = [/workdir/hadoop-ozone/integration-test/target/test-dir/MiniOzoneClusterImpl-40360609-f70a-4692-942a-daf78c144095/datanode-0/data/ratis] (custom)
2019-10-06 01:11:50,283 [main] INFO  hdfs.DFSUtil (DFSUtil.java:httpServerTemplateForNNAndJN(1641)) - Starting Web-server for hddsDatanode at: http://0.0.0.0:0
2019-10-06 01:11:50,288 [main] INFO  server.AuthenticationFilter (AuthenticationFilter.java:constructSecretProvider(240)) - Unable to initialize FileSignerSecretProvider, falling back to use random secrets.
2019-10-06 01:11:50,289 [main] WARN  http.HttpRequestLog (HttpRequestLog.java:getRequestLog(97)) - Jetty request log can only be enabled using Log4j
2019-10-06 01:11:50,290 [main] INFO  http.HttpServer2 (HttpServer2.java:addGlobalFilter(975)) - Added global filter 'safety' (class=org.apache.hadoop.http.HttpServer2$QuotingInputFilter)
2019-10-06 01:11:50,290 [main] INFO  http.HttpServer2 (HttpServer2.java:addFilter(948)) - Added filter static_user_filter (class=org.apache.hadoop.http.lib.StaticUserWebFilter$StaticUserFilter) to context hddsDatanode
2019-10-06 01:11:50,291 [main] INFO  http.HttpServer2 (HttpServer2.java:addFilter(958)) - Added filter static_user_filter (class=org.apache.hadoop.http.lib.StaticUserWebFilter$StaticUserFilter) to context logs
2019-10-06 01:11:50,291 [main] INFO  http.HttpServer2 (HttpServer2.java:addFilter(958)) - Added filter static_user_filter (class=org.apache.hadoop.http.lib.StaticUserWebFilter$StaticUserFilter) to context static
2019-10-06 01:11:50,291 [main] INFO  http.HttpServer2 (HttpServer2.java:bindListener(1191)) - Jetty bound to port 33448
2019-10-06 01:11:50,292 [main] INFO  server.Server (Server.java:doStart(351)) - jetty-9.3.25.v20180904, build timestamp: 2018-09-04T21:11:46Z, git hash: 3ce520221d0240229c862b122d2b06c12a625732
2019-10-06 01:11:50,293 [main] INFO  handler.ContextHandler (ContextHandler.java:doStart(781)) - Started o.e.j.s.ServletContextHandler@10244722{/logs,file:///workdir/hadoop-ozone/integration-test/target/log,AVAILABLE}
2019-10-06 01:11:50,294 [main] INFO  handler.ContextHandler (ContextHandler.java:doStart(781)) - Started o.e.j.s.ServletContextHandler@721d8ab5{/static,jar:file:/home/user/.m2/repository/org/apache/hadoop/hadoop-hdds-container-service/0.5.0-SNAPSHOT/hadoop-hdds-container-service-0.5.0-SNAPSHOT.jar!/webapps/static,AVAILABLE}
2019-10-06 01:11:50,324 [main] INFO  handler.ContextHandler (ContextHandler.java:doStart(781)) - Started o.e.j.w.WebAppContext@5ae1c281{/,file:///tmp/jetty-0.0.0.0-33448-hddsDatanode-_-any-1654467770537613639.dir/webapp/,AVAILABLE}{/hddsDatanode}
2019-10-06 01:11:50,324 [main] INFO  server.AbstractConnector (AbstractConnector.java:doStart(278)) - Started ServerConnector@4ac8768e{HTTP/1.1,[http/1.1]}{0.0.0.0:33448}
2019-10-06 01:11:50,327 [main] INFO  server.Server (Server.java:doStart(419)) - Started @130607ms
2019-10-06 01:11:50,327 [main] WARN  impl.MetricsSystemImpl (MetricsSystemImpl.java:register(276)) - Sink prometheus already exists!
2019-10-06 01:11:50,328 [main] INFO  server.BaseHttpServer (BaseHttpServer.java:updateConnectorAddress(215)) - HTTP server of HDDSDATANODE is listening at http://0.0.0.0:33448
2019-10-06 01:11:50,328 [main] INFO  impl.MetricsSystemImpl (MetricsSystemImpl.java:init(158)) - HddsDatanode metrics system started (again)
2019-10-06 01:11:50,331 [org.apache.hadoop.util.JvmPauseMonitor$Monitor@23a4a7ad] INFO  util.JvmPauseMonitor (JvmPauseMonitor.java:run(188)) - Starting JVM pause monitor
2019-10-06 01:11:50,331 [main] INFO  ozone.HddsDatanodeService (HddsDatanodeService.java:start(184)) - HddsDatanodeService host:pr-hdds-2233-w5czk-1584650955 ip:192.168.30.55
2019-10-06 01:11:50,333 [Datanode State Machine Thread - 0] INFO  datanode.InitDatanodeState (InitDatanodeState.java:persistContainerDatanodeDetails(140)) - DatanodeDetails is persisted to /workdir/hadoop-ozone/integration-test/target/test-dir/MiniOzoneClusterImpl-40360609-f70a-4692-942a-daf78c144095/datanode-0/meta/datanode.id
2019-10-06 01:11:50,338 [main] INFO  volume.HddsVolume (HddsVolume.java:<init>(176)) - Creating Volume: /workdir/hadoop-ozone/integration-test/target/test-dir/MiniOzoneClusterImpl-40360609-f70a-4692-942a-daf78c144095/datanode-1/data/containers/hdds of  storage type : DISK and capacity : 1482555576320
2019-10-06 01:11:50,338 [main] INFO  volume.VolumeSet (VolumeSet.java:initializeVolumeSet(170)) - Added Volume : /workdir/hadoop-ozone/integration-test/target/test-dir/MiniOzoneClusterImpl-40360609-f70a-4692-942a-daf78c144095/datanode-1/data/containers/hdds to VolumeSet
2019-10-06 01:11:50,339 [main] INFO  volume.ThrottledAsyncChecker (ThrottledAsyncChecker.java:schedule(139)) - Scheduling a check for org.apache.hadoop.ozone.container.common.volume.HddsVolume@9accff0
2019-10-06 01:11:50,339 [main] INFO  volume.HddsVolumeChecker (HddsVolumeChecker.java:checkAllVolumes(202)) - Scheduled health check for volume org.apache.hadoop.ozone.container.common.volume.HddsVolume@9accff0
2019-10-06 01:11:50,360 [main] INFO  impl.RaftServerProxy (ConfUtils.java:logGet(43)) - raft.rpc.type = GRPC (default)
2019-10-06 01:11:50,360 [main] INFO  grpc.GrpcFactory (GrpcFactory.java:checkPooledByteBufAllocatorUseCacheForAllThreads(45)) - PERFORMANCE WARNING: useCacheForAllThreads is true that may cause Netty to create a lot garbage objects and, as a result, trigger GC.
	It is recommended to disable useCacheForAllThreads by setting -Dorg.apache.ratis.thirdparty.io.netty.allocator.useCacheForAllThreads=false in command line.
2019-10-06 01:11:50,360 [main] INFO  grpc.GrpcConfigKeys$Server (ConfUtils.java:logGet(43)) - raft.grpc.server.port = 0 (default)
2019-10-06 01:11:50,360 [main] INFO  server.GrpcService (ConfUtils.java:logGet(43)) - raft.grpc.message.size.max = 33570816 (custom)
2019-10-06 01:11:50,361 [main] INFO  server.RaftServerConfigKeys (ConfUtils.java:logGet(43)) - raft.server.log.appender.buffer.byte-limit = 33554432 (custom)
2019-10-06 01:11:50,361 [main] INFO  server.GrpcService (ConfUtils.java:logGet(43)) - raft.grpc.flow.control.window = 1MB (=1048576) (default)
2019-10-06 01:11:50,361 [main] INFO  server.RaftServerConfigKeys (ConfUtils.java:logGet(43)) - raft.server.rpc.request.timeout = 3000ms (default)
2019-10-06 01:11:50,362 [main] INFO  server.RaftServerConfigKeys (ConfUtils.java:logGet(43)) - raft.server.storage.dir = [/workdir/hadoop-ozone/integration-test/target/test-dir/MiniOzoneClusterImpl-40360609-f70a-4692-942a-daf78c144095/datanode-1/data/ratis] (custom)
2019-10-06 01:11:50,365 [main] INFO  hdfs.DFSUtil (DFSUtil.java:httpServerTemplateForNNAndJN(1641)) - Starting Web-server for hddsDatanode at: http://0.0.0.0:0
2019-10-06 01:11:50,366 [main] INFO  server.AuthenticationFilter (AuthenticationFilter.java:constructSecretProvider(240)) - Unable to initialize FileSignerSecretProvider, falling back to use random secrets.
2019-10-06 01:11:50,366 [main] WARN  http.HttpRequestLog (HttpRequestLog.java:getRequestLog(97)) - Jetty request log can only be enabled using Log4j
2019-10-06 01:11:50,368 [main] INFO  http.HttpServer2 (HttpServer2.java:addGlobalFilter(975)) - Added global filter 'safety' (class=org.apache.hadoop.http.HttpServer2$QuotingInputFilter)
2019-10-06 01:11:50,369 [main] INFO  http.HttpServer2 (HttpServer2.java:addFilter(948)) - Added filter static_user_filter (class=org.apache.hadoop.http.lib.StaticUserWebFilter$StaticUserFilter) to context hddsDatanode
2019-10-06 01:11:50,369 [main] INFO  http.HttpServer2 (HttpServer2.java:addFilter(958)) - Added filter static_user_filter (class=org.apache.hadoop.http.lib.StaticUserWebFilter$StaticUserFilter) to context static
2019-10-06 01:11:50,369 [main] INFO  http.HttpServer2 (HttpServer2.java:addFilter(958)) - Added filter static_user_filter (class=org.apache.hadoop.http.lib.StaticUserWebFilter$StaticUserFilter) to context logs
2019-10-06 01:11:50,370 [main] INFO  http.HttpServer2 (HttpServer2.java:bindListener(1191)) - Jetty bound to port 36783
2019-10-06 01:11:50,370 [main] INFO  server.Server (Server.java:doStart(351)) - jetty-9.3.25.v20180904, build timestamp: 2018-09-04T21:11:46Z, git hash: 3ce520221d0240229c862b122d2b06c12a625732
2019-10-06 01:11:50,372 [main] INFO  handler.ContextHandler (ContextHandler.java:doStart(781)) - Started o.e.j.s.ServletContextHandler@606a1bc4{/logs,file:///workdir/hadoop-ozone/integration-test/target/log,AVAILABLE}
2019-10-06 01:11:50,373 [main] INFO  handler.ContextHandler (ContextHandler.java:doStart(781)) - Started o.e.j.s.ServletContextHandler@44dc7b7d{/static,jar:file:/home/user/.m2/repository/org/apache/hadoop/hadoop-hdds-container-service/0.5.0-SNAPSHOT/hadoop-hdds-container-service-0.5.0-SNAPSHOT.jar!/webapps/static,AVAILABLE}
2019-10-06 01:11:50,410 [main] INFO  handler.ContextHandler (ContextHandler.java:doStart(781)) - Started o.e.j.w.WebAppContext@46fb0c33{/,file:///tmp/jetty-0.0.0.0-36783-hddsDatanode-_-any-4567966779282873010.dir/webapp/,AVAILABLE}{/hddsDatanode}
2019-10-06 01:11:50,410 [main] INFO  server.AbstractConnector (AbstractConnector.java:doStart(278)) - Started ServerConnector@3b009e7b{HTTP/1.1,[http/1.1]}{0.0.0.0:36783}
2019-10-06 01:11:50,411 [main] INFO  server.Server (Server.java:doStart(419)) - Started @130694ms
2019-10-06 01:11:50,412 [main] WARN  impl.MetricsSystemImpl (MetricsSystemImpl.java:register(276)) - Sink prometheus already exists!
2019-10-06 01:11:50,412 [main] INFO  server.BaseHttpServer (BaseHttpServer.java:updateConnectorAddress(215)) - HTTP server of HDDSDATANODE is listening at http://0.0.0.0:36783
2019-10-06 01:11:50,413 [main] INFO  impl.MetricsSystemImpl (MetricsSystemImpl.java:init(158)) - HddsDatanode metrics system started (again)
2019-10-06 01:11:50,416 [org.apache.hadoop.util.JvmPauseMonitor$Monitor@718d953] INFO  util.JvmPauseMonitor (JvmPauseMonitor.java:run(188)) - Starting JVM pause monitor
2019-10-06 01:11:50,417 [main] INFO  ozone.HddsDatanodeService (HddsDatanodeService.java:start(184)) - HddsDatanodeService host:pr-hdds-2233-w5czk-1584650955 ip:192.168.30.55
2019-10-06 01:11:50,420 [Datanode State Machine Thread - 0] INFO  datanode.InitDatanodeState (InitDatanodeState.java:persistContainerDatanodeDetails(140)) - DatanodeDetails is persisted to /workdir/hadoop-ozone/integration-test/target/test-dir/MiniOzoneClusterImpl-40360609-f70a-4692-942a-daf78c144095/datanode-1/meta/datanode.id
2019-10-06 01:11:50,424 [main] INFO  volume.HddsVolume (HddsVolume.java:<init>(176)) - Creating Volume: /workdir/hadoop-ozone/integration-test/target/test-dir/MiniOzoneClusterImpl-40360609-f70a-4692-942a-daf78c144095/datanode-2/data/containers/hdds of  storage type : DISK and capacity : 1482555576320
2019-10-06 01:11:50,425 [main] INFO  volume.VolumeSet (VolumeSet.java:initializeVolumeSet(170)) - Added Volume : /workdir/hadoop-ozone/integration-test/target/test-dir/MiniOzoneClusterImpl-40360609-f70a-4692-942a-daf78c144095/datanode-2/data/containers/hdds to VolumeSet
2019-10-06 01:11:50,425 [main] INFO  volume.ThrottledAsyncChecker (ThrottledAsyncChecker.java:schedule(139)) - Scheduling a check for org.apache.hadoop.ozone.container.common.volume.HddsVolume@22d7fd41
2019-10-06 01:11:50,425 [main] INFO  volume.HddsVolumeChecker (HddsVolumeChecker.java:checkAllVolumes(202)) - Scheduled health check for volume org.apache.hadoop.ozone.container.common.volume.HddsVolume@22d7fd41
2019-10-06 01:11:50,444 [main] INFO  impl.RaftServerProxy (ConfUtils.java:logGet(43)) - raft.rpc.type = GRPC (default)
2019-10-06 01:11:50,444 [main] INFO  grpc.GrpcFactory (GrpcFactory.java:checkPooledByteBufAllocatorUseCacheForAllThreads(45)) - PERFORMANCE WARNING: useCacheForAllThreads is true that may cause Netty to create a lot garbage objects and, as a result, trigger GC.
	It is recommended to disable useCacheForAllThreads by setting -Dorg.apache.ratis.thirdparty.io.netty.allocator.useCacheForAllThreads=false in command line.
2019-10-06 01:11:50,444 [main] INFO  grpc.GrpcConfigKeys$Server (ConfUtils.java:logGet(43)) - raft.grpc.server.port = 0 (default)
2019-10-06 01:11:50,445 [main] INFO  server.GrpcService (ConfUtils.java:logGet(43)) - raft.grpc.message.size.max = 33570816 (custom)
2019-10-06 01:11:50,445 [main] INFO  server.RaftServerConfigKeys (ConfUtils.java:logGet(43)) - raft.server.log.appender.buffer.byte-limit = 33554432 (custom)
2019-10-06 01:11:50,445 [main] INFO  server.GrpcService (ConfUtils.java:logGet(43)) - raft.grpc.flow.control.window = 1MB (=1048576) (default)
2019-10-06 01:11:50,445 [main] INFO  server.RaftServerConfigKeys (ConfUtils.java:logGet(43)) - raft.server.rpc.request.timeout = 3000ms (default)
2019-10-06 01:11:50,446 [main] INFO  server.RaftServerConfigKeys (ConfUtils.java:logGet(43)) - raft.server.storage.dir = [/workdir/hadoop-ozone/integration-test/target/test-dir/MiniOzoneClusterImpl-40360609-f70a-4692-942a-daf78c144095/datanode-2/data/ratis] (custom)
2019-10-06 01:11:50,448 [main] INFO  hdfs.DFSUtil (DFSUtil.java:httpServerTemplateForNNAndJN(1641)) - Starting Web-server for hddsDatanode at: http://0.0.0.0:0
2019-10-06 01:11:50,449 [main] INFO  server.AuthenticationFilter (AuthenticationFilter.java:constructSecretProvider(240)) - Unable to initialize FileSignerSecretProvider, falling back to use random secrets.
2019-10-06 01:11:50,450 [main] WARN  http.HttpRequestLog (HttpRequestLog.java:getRequestLog(97)) - Jetty request log can only be enabled using Log4j
2019-10-06 01:11:50,451 [main] INFO  http.HttpServer2 (HttpServer2.java:addGlobalFilter(975)) - Added global filter 'safety' (class=org.apache.hadoop.http.HttpServer2$QuotingInputFilter)
2019-10-06 01:11:50,452 [main] INFO  http.HttpServer2 (HttpServer2.java:addFilter(948)) - Added filter static_user_filter (class=org.apache.hadoop.http.lib.StaticUserWebFilter$StaticUserFilter) to context hddsDatanode
2019-10-06 01:11:50,452 [main] INFO  http.HttpServer2 (HttpServer2.java:addFilter(958)) - Added filter static_user_filter (class=org.apache.hadoop.http.lib.StaticUserWebFilter$StaticUserFilter) to context logs
2019-10-06 01:11:50,452 [main] INFO  http.HttpServer2 (HttpServer2.java:addFilter(958)) - Added filter static_user_filter (class=org.apache.hadoop.http.lib.StaticUserWebFilter$StaticUserFilter) to context static
2019-10-06 01:11:50,453 [main] INFO  http.HttpServer2 (HttpServer2.java:bindListener(1191)) - Jetty bound to port 45534
2019-10-06 01:11:50,453 [main] INFO  server.Server (Server.java:doStart(351)) - jetty-9.3.25.v20180904, build timestamp: 2018-09-04T21:11:46Z, git hash: 3ce520221d0240229c862b122d2b06c12a625732
2019-10-06 01:11:50,455 [main] INFO  handler.ContextHandler (ContextHandler.java:doStart(781)) - Started o.e.j.s.ServletContextHandler@6eb089e6{/logs,file:///workdir/hadoop-ozone/integration-test/target/log,AVAILABLE}
2019-10-06 01:11:50,455 [main] INFO  handler.ContextHandler (ContextHandler.java:doStart(781)) - Started o.e.j.s.ServletContextHandler@3bc69ce9{/static,jar:file:/home/user/.m2/repository/org/apache/hadoop/hadoop-hdds-container-service/0.5.0-SNAPSHOT/hadoop-hdds-container-service-0.5.0-SNAPSHOT.jar!/webapps/static,AVAILABLE}
2019-10-06 01:11:50,492 [main] INFO  handler.ContextHandler (ContextHandler.java:doStart(781)) - Started o.e.j.w.WebAppContext@7741d346{/,file:///tmp/jetty-0.0.0.0-45534-hddsDatanode-_-any-8725350288132780187.dir/webapp/,AVAILABLE}{/hddsDatanode}
2019-10-06 01:11:50,492 [main] INFO  server.AbstractConnector (AbstractConnector.java:doStart(278)) - Started ServerConnector@52454457{HTTP/1.1,[http/1.1]}{0.0.0.0:45534}
2019-10-06 01:11:50,494 [main] INFO  server.Server (Server.java:doStart(419)) - Started @130777ms
2019-10-06 01:11:50,494 [main] WARN  impl.MetricsSystemImpl (MetricsSystemImpl.java:register(276)) - Sink prometheus already exists!
2019-10-06 01:11:50,494 [main] INFO  server.BaseHttpServer (BaseHttpServer.java:updateConnectorAddress(215)) - HTTP server of HDDSDATANODE is listening at http://0.0.0.0:45534
2019-10-06 01:11:50,495 [main] INFO  impl.MetricsSystemImpl (MetricsSystemImpl.java:init(158)) - HddsDatanode metrics system started (again)
2019-10-06 01:11:50,498 [org.apache.hadoop.util.JvmPauseMonitor$Monitor@7915cebf] INFO  util.JvmPauseMonitor (JvmPauseMonitor.java:run(188)) - Starting JVM pause monitor
2019-10-06 01:11:50,498 [main] INFO  ozone.HddsDatanodeService (HddsDatanodeService.java:start(184)) - HddsDatanodeService host:pr-hdds-2233-w5czk-1584650955 ip:192.168.30.55
2019-10-06 01:11:50,499 [Datanode State Machine Thread - 0] INFO  datanode.InitDatanodeState (InitDatanodeState.java:persistContainerDatanodeDetails(140)) - DatanodeDetails is persisted to /workdir/hadoop-ozone/integration-test/target/test-dir/MiniOzoneClusterImpl-40360609-f70a-4692-942a-daf78c144095/datanode-2/meta/datanode.id
2019-10-06 01:11:50,504 [main] INFO  volume.HddsVolume (HddsVolume.java:<init>(176)) - Creating Volume: /workdir/hadoop-ozone/integration-test/target/test-dir/MiniOzoneClusterImpl-40360609-f70a-4692-942a-daf78c144095/datanode-3/data/containers/hdds of  storage type : DISK and capacity : 1482555576320
2019-10-06 01:11:50,505 [main] INFO  volume.VolumeSet (VolumeSet.java:initializeVolumeSet(170)) - Added Volume : /workdir/hadoop-ozone/integration-test/target/test-dir/MiniOzoneClusterImpl-40360609-f70a-4692-942a-daf78c144095/datanode-3/data/containers/hdds to VolumeSet
2019-10-06 01:11:50,505 [main] INFO  volume.ThrottledAsyncChecker (ThrottledAsyncChecker.java:schedule(139)) - Scheduling a check for org.apache.hadoop.ozone.container.common.volume.HddsVolume@7a682d35
2019-10-06 01:11:50,505 [main] INFO  volume.HddsVolumeChecker (HddsVolumeChecker.java:checkAllVolumes(202)) - Scheduled health check for volume org.apache.hadoop.ozone.container.common.volume.HddsVolume@7a682d35
2019-10-06 01:11:50,519 [main] INFO  impl.RaftServerProxy (ConfUtils.java:logGet(43)) - raft.rpc.type = GRPC (default)
2019-10-06 01:11:50,520 [main] INFO  grpc.GrpcFactory (GrpcFactory.java:checkPooledByteBufAllocatorUseCacheForAllThreads(45)) - PERFORMANCE WARNING: useCacheForAllThreads is true that may cause Netty to create a lot garbage objects and, as a result, trigger GC.
	It is recommended to disable useCacheForAllThreads by setting -Dorg.apache.ratis.thirdparty.io.netty.allocator.useCacheForAllThreads=false in command line.
2019-10-06 01:11:50,520 [main] INFO  grpc.GrpcConfigKeys$Server (ConfUtils.java:logGet(43)) - raft.grpc.server.port = 0 (default)
2019-10-06 01:11:50,520 [main] INFO  server.GrpcService (ConfUtils.java:logGet(43)) - raft.grpc.message.size.max = 33570816 (custom)
2019-10-06 01:11:50,520 [main] INFO  server.RaftServerConfigKeys (ConfUtils.java:logGet(43)) - raft.server.log.appender.buffer.byte-limit = 33554432 (custom)
2019-10-06 01:11:50,520 [main] INFO  server.GrpcService (ConfUtils.java:logGet(43)) - raft.grpc.flow.control.window = 1MB (=1048576) (default)
2019-10-06 01:11:50,521 [main] INFO  server.RaftServerConfigKeys (ConfUtils.java:logGet(43)) - raft.server.rpc.request.timeout = 3000ms (default)
2019-10-06 01:11:50,521 [main] INFO  server.RaftServerConfigKeys (ConfUtils.java:logGet(43)) - raft.server.storage.dir = [/workdir/hadoop-ozone/integration-test/target/test-dir/MiniOzoneClusterImpl-40360609-f70a-4692-942a-daf78c144095/datanode-3/data/ratis] (custom)
2019-10-06 01:11:50,522 [main] INFO  hdfs.DFSUtil (DFSUtil.java:httpServerTemplateForNNAndJN(1641)) - Starting Web-server for hddsDatanode at: http://0.0.0.0:0
2019-10-06 01:11:50,523 [main] INFO  server.AuthenticationFilter (AuthenticationFilter.java:constructSecretProvider(240)) - Unable to initialize FileSignerSecretProvider, falling back to use random secrets.
2019-10-06 01:11:50,524 [main] WARN  http.HttpRequestLog (HttpRequestLog.java:getRequestLog(97)) - Jetty request log can only be enabled using Log4j
2019-10-06 01:11:50,525 [main] INFO  http.HttpServer2 (HttpServer2.java:addGlobalFilter(975)) - Added global filter 'safety' (class=org.apache.hadoop.http.HttpServer2$QuotingInputFilter)
2019-10-06 01:11:50,525 [main] INFO  http.HttpServer2 (HttpServer2.java:addFilter(948)) - Added filter static_user_filter (class=org.apache.hadoop.http.lib.StaticUserWebFilter$StaticUserFilter) to context hddsDatanode
2019-10-06 01:11:50,526 [main] INFO  http.HttpServer2 (HttpServer2.java:addFilter(958)) - Added filter static_user_filter (class=org.apache.hadoop.http.lib.StaticUserWebFilter$StaticUserFilter) to context logs
2019-10-06 01:11:50,526 [main] INFO  http.HttpServer2 (HttpServer2.java:addFilter(958)) - Added filter static_user_filter (class=org.apache.hadoop.http.lib.StaticUserWebFilter$StaticUserFilter) to context static
2019-10-06 01:11:50,526 [main] INFO  http.HttpServer2 (HttpServer2.java:bindListener(1191)) - Jetty bound to port 34602
2019-10-06 01:11:50,526 [main] INFO  server.Server (Server.java:doStart(351)) - jetty-9.3.25.v20180904, build timestamp: 2018-09-04T21:11:46Z, git hash: 3ce520221d0240229c862b122d2b06c12a625732
2019-10-06 01:11:50,528 [main] INFO  handler.ContextHandler (ContextHandler.java:doStart(781)) - Started o.e.j.s.ServletContextHandler@4538856f{/logs,file:///workdir/hadoop-ozone/integration-test/target/log,AVAILABLE}
2019-10-06 01:11:50,528 [main] INFO  handler.ContextHandler (ContextHandler.java:doStart(781)) - Started o.e.j.s.ServletContextHandler@74b86971{/static,jar:file:/home/user/.m2/repository/org/apache/hadoop/hadoop-hdds-container-service/0.5.0-SNAPSHOT/hadoop-hdds-container-service-0.5.0-SNAPSHOT.jar!/webapps/static,AVAILABLE}
2019-10-06 01:11:50,557 [main] INFO  handler.ContextHandler (ContextHandler.java:doStart(781)) - Started o.e.j.w.WebAppContext@286855ea{/,file:///tmp/jetty-0.0.0.0-34602-hddsDatanode-_-any-5241421588566551320.dir/webapp/,AVAILABLE}{/hddsDatanode}
2019-10-06 01:11:50,557 [main] INFO  server.AbstractConnector (AbstractConnector.java:doStart(278)) - Started ServerConnector@64aeaf29{HTTP/1.1,[http/1.1]}{0.0.0.0:34602}
2019-10-06 01:11:50,558 [main] INFO  server.Server (Server.java:doStart(419)) - Started @130841ms
2019-10-06 01:11:50,558 [main] WARN  impl.MetricsSystemImpl (MetricsSystemImpl.java:register(276)) - Sink prometheus already exists!
2019-10-06 01:11:50,559 [main] INFO  server.BaseHttpServer (BaseHttpServer.java:updateConnectorAddress(215)) - HTTP server of HDDSDATANODE is listening at http://0.0.0.0:34602
2019-10-06 01:11:50,559 [main] INFO  impl.MetricsSystemImpl (MetricsSystemImpl.java:init(158)) - HddsDatanode metrics system started (again)
2019-10-06 01:11:50,563 [org.apache.hadoop.util.JvmPauseMonitor$Monitor@32a25071] INFO  util.JvmPauseMonitor (JvmPauseMonitor.java:run(188)) - Starting JVM pause monitor
2019-10-06 01:11:50,563 [main] INFO  ozone.HddsDatanodeService (HddsDatanodeService.java:start(184)) - HddsDatanodeService host:pr-hdds-2233-w5czk-1584650955 ip:192.168.30.55
2019-10-06 01:11:50,564 [Datanode State Machine Thread - 0] INFO  datanode.InitDatanodeState (InitDatanodeState.java:persistContainerDatanodeDetails(140)) - DatanodeDetails is persisted to /workdir/hadoop-ozone/integration-test/target/test-dir/MiniOzoneClusterImpl-40360609-f70a-4692-942a-daf78c144095/datanode-3/meta/datanode.id
2019-10-06 01:11:50,574 [main] INFO  volume.HddsVolume (HddsVolume.java:<init>(176)) - Creating Volume: /workdir/hadoop-ozone/integration-test/target/test-dir/MiniOzoneClusterImpl-40360609-f70a-4692-942a-daf78c144095/datanode-4/data/containers/hdds of  storage type : DISK and capacity : 1482555576320
2019-10-06 01:11:50,574 [main] INFO  volume.VolumeSet (VolumeSet.java:initializeVolumeSet(170)) - Added Volume : /workdir/hadoop-ozone/integration-test/target/test-dir/MiniOzoneClusterImpl-40360609-f70a-4692-942a-daf78c144095/datanode-4/data/containers/hdds to VolumeSet
2019-10-06 01:11:50,574 [main] INFO  volume.ThrottledAsyncChecker (ThrottledAsyncChecker.java:schedule(139)) - Scheduling a check for org.apache.hadoop.ozone.container.common.volume.HddsVolume@45843650
2019-10-06 01:11:50,575 [main] INFO  volume.HddsVolumeChecker (HddsVolumeChecker.java:checkAllVolumes(202)) - Scheduled health check for volume org.apache.hadoop.ozone.container.common.volume.HddsVolume@45843650
2019-10-06 01:11:50,588 [main] INFO  impl.RaftServerProxy (ConfUtils.java:logGet(43)) - raft.rpc.type = GRPC (default)
2019-10-06 01:11:50,588 [main] INFO  grpc.GrpcFactory (GrpcFactory.java:checkPooledByteBufAllocatorUseCacheForAllThreads(45)) - PERFORMANCE WARNING: useCacheForAllThreads is true that may cause Netty to create a lot garbage objects and, as a result, trigger GC.
	It is recommended to disable useCacheForAllThreads by setting -Dorg.apache.ratis.thirdparty.io.netty.allocator.useCacheForAllThreads=false in command line.
2019-10-06 01:11:50,588 [main] INFO  grpc.GrpcConfigKeys$Server (ConfUtils.java:logGet(43)) - raft.grpc.server.port = 0 (default)
2019-10-06 01:11:50,588 [main] INFO  server.GrpcService (ConfUtils.java:logGet(43)) - raft.grpc.message.size.max = 33570816 (custom)
2019-10-06 01:11:50,589 [main] INFO  server.RaftServerConfigKeys (ConfUtils.java:logGet(43)) - raft.server.log.appender.buffer.byte-limit = 33554432 (custom)
2019-10-06 01:11:50,589 [main] INFO  server.GrpcService (ConfUtils.java:logGet(43)) - raft.grpc.flow.control.window = 1MB (=1048576) (default)
2019-10-06 01:11:50,589 [main] INFO  server.RaftServerConfigKeys (ConfUtils.java:logGet(43)) - raft.server.rpc.request.timeout = 3000ms (default)
2019-10-06 01:11:50,589 [main] INFO  server.RaftServerConfigKeys (ConfUtils.java:logGet(43)) - raft.server.storage.dir = [/workdir/hadoop-ozone/integration-test/target/test-dir/MiniOzoneClusterImpl-40360609-f70a-4692-942a-daf78c144095/datanode-4/data/ratis] (custom)
2019-10-06 01:11:50,590 [main] INFO  hdfs.DFSUtil (DFSUtil.java:httpServerTemplateForNNAndJN(1641)) - Starting Web-server for hddsDatanode at: http://0.0.0.0:0
2019-10-06 01:11:50,591 [main] INFO  server.AuthenticationFilter (AuthenticationFilter.java:constructSecretProvider(240)) - Unable to initialize FileSignerSecretProvider, falling back to use random secrets.
2019-10-06 01:11:50,592 [main] WARN  http.HttpRequestLog (HttpRequestLog.java:getRequestLog(97)) - Jetty request log can only be enabled using Log4j
2019-10-06 01:11:50,593 [main] INFO  http.HttpServer2 (HttpServer2.java:addGlobalFilter(975)) - Added global filter 'safety' (class=org.apache.hadoop.http.HttpServer2$QuotingInputFilter)
2019-10-06 01:11:50,593 [main] INFO  http.HttpServer2 (HttpServer2.java:addFilter(948)) - Added filter static_user_filter (class=org.apache.hadoop.http.lib.StaticUserWebFilter$StaticUserFilter) to context hddsDatanode
2019-10-06 01:11:50,593 [main] INFO  http.HttpServer2 (HttpServer2.java:addFilter(958)) - Added filter static_user_filter (class=org.apache.hadoop.http.lib.StaticUserWebFilter$StaticUserFilter) to context static
2019-10-06 01:11:50,594 [main] INFO  http.HttpServer2 (HttpServer2.java:addFilter(958)) - Added filter static_user_filter (class=org.apache.hadoop.http.lib.StaticUserWebFilter$StaticUserFilter) to context logs
2019-10-06 01:11:50,594 [main] INFO  http.HttpServer2 (HttpServer2.java:bindListener(1191)) - Jetty bound to port 42069
2019-10-06 01:11:50,594 [main] INFO  server.Server (Server.java:doStart(351)) - jetty-9.3.25.v20180904, build timestamp: 2018-09-04T21:11:46Z, git hash: 3ce520221d0240229c862b122d2b06c12a625732
2019-10-06 01:11:50,596 [main] INFO  handler.ContextHandler (ContextHandler.java:doStart(781)) - Started o.e.j.s.ServletContextHandler@2ba1209b{/logs,file:///workdir/hadoop-ozone/integration-test/target/log,AVAILABLE}
2019-10-06 01:11:50,596 [main] INFO  handler.ContextHandler (ContextHandler.java:doStart(781)) - Started o.e.j.s.ServletContextHandler@58fd1214{/static,jar:file:/home/user/.m2/repository/org/apache/hadoop/hadoop-hdds-container-service/0.5.0-SNAPSHOT/hadoop-hdds-container-service-0.5.0-SNAPSHOT.jar!/webapps/static,AVAILABLE}
2019-10-06 01:11:50,643 [main] INFO  handler.ContextHandler (ContextHandler.java:doStart(781)) - Started o.e.j.w.WebAppContext@588545ac{/,file:///tmp/jetty-0.0.0.0-42069-hddsDatanode-_-any-7598907153147606982.dir/webapp/,AVAILABLE}{/hddsDatanode}
2019-10-06 01:11:50,644 [main] INFO  server.AbstractConnector (AbstractConnector.java:doStart(278)) - Started ServerConnector@2b08772d{HTTP/1.1,[http/1.1]}{0.0.0.0:42069}
2019-10-06 01:11:50,645 [main] INFO  server.Server (Server.java:doStart(419)) - Started @130928ms
2019-10-06 01:11:50,645 [main] WARN  impl.MetricsSystemImpl (MetricsSystemImpl.java:register(276)) - Sink prometheus already exists!
2019-10-06 01:11:50,646 [main] INFO  server.BaseHttpServer (BaseHttpServer.java:updateConnectorAddress(215)) - HTTP server of HDDSDATANODE is listening at http://0.0.0.0:42069
2019-10-06 01:11:50,647 [main] INFO  impl.MetricsSystemImpl (MetricsSystemImpl.java:init(158)) - HddsDatanode metrics system started (again)
2019-10-06 01:11:50,651 [org.apache.hadoop.util.JvmPauseMonitor$Monitor@226191c6] INFO  util.JvmPauseMonitor (JvmPauseMonitor.java:run(188)) - Starting JVM pause monitor
2019-10-06 01:11:50,651 [main] INFO  ozone.HddsDatanodeService (HddsDatanodeService.java:start(184)) - HddsDatanodeService host:pr-hdds-2233-w5czk-1584650955 ip:192.168.30.55
2019-10-06 01:11:50,652 [Datanode State Machine Thread - 0] INFO  datanode.InitDatanodeState (InitDatanodeState.java:persistContainerDatanodeDetails(140)) - DatanodeDetails is persisted to /workdir/hadoop-ozone/integration-test/target/test-dir/MiniOzoneClusterImpl-40360609-f70a-4692-942a-daf78c144095/datanode-4/meta/datanode.id
2019-10-06 01:11:50,658 [main] INFO  volume.HddsVolume (HddsVolume.java:<init>(176)) - Creating Volume: /workdir/hadoop-ozone/integration-test/target/test-dir/MiniOzoneClusterImpl-40360609-f70a-4692-942a-daf78c144095/datanode-5/data/containers/hdds of  storage type : DISK and capacity : 1482555576320
2019-10-06 01:11:50,658 [main] INFO  volume.VolumeSet (VolumeSet.java:initializeVolumeSet(170)) - Added Volume : /workdir/hadoop-ozone/integration-test/target/test-dir/MiniOzoneClusterImpl-40360609-f70a-4692-942a-daf78c144095/datanode-5/data/containers/hdds to VolumeSet
2019-10-06 01:11:50,658 [main] INFO  volume.ThrottledAsyncChecker (ThrottledAsyncChecker.java:schedule(139)) - Scheduling a check for org.apache.hadoop.ozone.container.common.volume.HddsVolume@5042e3d0
2019-10-06 01:11:50,659 [main] INFO  volume.HddsVolumeChecker (HddsVolumeChecker.java:checkAllVolumes(202)) - Scheduled health check for volume org.apache.hadoop.ozone.container.common.volume.HddsVolume@5042e3d0
2019-10-06 01:11:50,674 [main] INFO  impl.RaftServerProxy (ConfUtils.java:logGet(43)) - raft.rpc.type = GRPC (default)
2019-10-06 01:11:50,674 [main] INFO  grpc.GrpcFactory (GrpcFactory.java:checkPooledByteBufAllocatorUseCacheForAllThreads(45)) - PERFORMANCE WARNING: useCacheForAllThreads is true that may cause Netty to create a lot garbage objects and, as a result, trigger GC.
	It is recommended to disable useCacheForAllThreads by setting -Dorg.apache.ratis.thirdparty.io.netty.allocator.useCacheForAllThreads=false in command line.
2019-10-06 01:11:50,674 [main] INFO  grpc.GrpcConfigKeys$Server (ConfUtils.java:logGet(43)) - raft.grpc.server.port = 0 (default)
2019-10-06 01:11:50,674 [main] INFO  server.GrpcService (ConfUtils.java:logGet(43)) - raft.grpc.message.size.max = 33570816 (custom)
2019-10-06 01:11:50,675 [main] INFO  server.RaftServerConfigKeys (ConfUtils.java:logGet(43)) - raft.server.log.appender.buffer.byte-limit = 33554432 (custom)
2019-10-06 01:11:50,675 [main] INFO  server.GrpcService (ConfUtils.java:logGet(43)) - raft.grpc.flow.control.window = 1MB (=1048576) (default)
2019-10-06 01:11:50,675 [main] INFO  server.RaftServerConfigKeys (ConfUtils.java:logGet(43)) - raft.server.rpc.request.timeout = 3000ms (default)
2019-10-06 01:11:50,676 [main] INFO  server.RaftServerConfigKeys (ConfUtils.java:logGet(43)) - raft.server.storage.dir = [/workdir/hadoop-ozone/integration-test/target/test-dir/MiniOzoneClusterImpl-40360609-f70a-4692-942a-daf78c144095/datanode-5/data/ratis] (custom)
2019-10-06 01:11:50,677 [main] INFO  hdfs.DFSUtil (DFSUtil.java:httpServerTemplateForNNAndJN(1641)) - Starting Web-server for hddsDatanode at: http://0.0.0.0:0
2019-10-06 01:11:50,678 [main] INFO  server.AuthenticationFilter (AuthenticationFilter.java:constructSecretProvider(240)) - Unable to initialize FileSignerSecretProvider, falling back to use random secrets.
2019-10-06 01:11:50,678 [main] WARN  http.HttpRequestLog (HttpRequestLog.java:getRequestLog(97)) - Jetty request log can only be enabled using Log4j
2019-10-06 01:11:50,680 [main] INFO  http.HttpServer2 (HttpServer2.java:addGlobalFilter(975)) - Added global filter 'safety' (class=org.apache.hadoop.http.HttpServer2$QuotingInputFilter)
2019-10-06 01:11:50,681 [main] INFO  http.HttpServer2 (HttpServer2.java:addFilter(948)) - Added filter static_user_filter (class=org.apache.hadoop.http.lib.StaticUserWebFilter$StaticUserFilter) to context hddsDatanode
2019-10-06 01:11:50,681 [main] INFO  http.HttpServer2 (HttpServer2.java:addFilter(958)) - Added filter static_user_filter (class=org.apache.hadoop.http.lib.StaticUserWebFilter$StaticUserFilter) to context static
2019-10-06 01:11:50,681 [main] INFO  http.HttpServer2 (HttpServer2.java:addFilter(958)) - Added filter static_user_filter (class=org.apache.hadoop.http.lib.StaticUserWebFilter$StaticUserFilter) to context logs
2019-10-06 01:11:50,682 [main] INFO  http.HttpServer2 (HttpServer2.java:bindListener(1191)) - Jetty bound to port 40196
2019-10-06 01:11:50,682 [main] INFO  server.Server (Server.java:doStart(351)) - jetty-9.3.25.v20180904, build timestamp: 2018-09-04T21:11:46Z, git hash: 3ce520221d0240229c862b122d2b06c12a625732
2019-10-06 01:11:50,683 [main] INFO  handler.ContextHandler (ContextHandler.java:doStart(781)) - Started o.e.j.s.ServletContextHandler@5a0e0886{/logs,file:///workdir/hadoop-ozone/integration-test/target/log,AVAILABLE}
2019-10-06 01:11:50,684 [main] INFO  handler.ContextHandler (ContextHandler.java:doStart(781)) - Started o.e.j.s.ServletContextHandler@4293e066{/static,jar:file:/home/user/.m2/repository/org/apache/hadoop/hadoop-hdds-container-service/0.5.0-SNAPSHOT/hadoop-hdds-container-service-0.5.0-SNAPSHOT.jar!/webapps/static,AVAILABLE}
2019-10-06 01:11:50,714 [main] INFO  handler.ContextHandler (ContextHandler.java:doStart(781)) - Started o.e.j.w.WebAppContext@11d2dd2d{/,file:///tmp/jetty-0.0.0.0-40196-hddsDatanode-_-any-7973774757274372197.dir/webapp/,AVAILABLE}{/hddsDatanode}
2019-10-06 01:11:50,714 [main] INFO  server.AbstractConnector (AbstractConnector.java:doStart(278)) - Started ServerConnector@cde8c6c{HTTP/1.1,[http/1.1]}{0.0.0.0:40196}
2019-10-06 01:11:50,716 [main] INFO  server.Server (Server.java:doStart(419)) - Started @130998ms
2019-10-06 01:11:50,716 [main] WARN  impl.MetricsSystemImpl (MetricsSystemImpl.java:register(276)) - Sink prometheus already exists!
2019-10-06 01:11:50,717 [main] INFO  server.BaseHttpServer (BaseHttpServer.java:updateConnectorAddress(215)) - HTTP server of HDDSDATANODE is listening at http://0.0.0.0:40196
2019-10-06 01:11:50,717 [main] INFO  impl.MetricsSystemImpl (MetricsSystemImpl.java:init(158)) - HddsDatanode metrics system started (again)
2019-10-06 01:11:50,721 [org.apache.hadoop.util.JvmPauseMonitor$Monitor@2fbf9ae1] INFO  util.JvmPauseMonitor (JvmPauseMonitor.java:run(188)) - Starting JVM pause monitor
2019-10-06 01:11:50,721 [main] INFO  ozone.HddsDatanodeService (HddsDatanodeService.java:start(184)) - HddsDatanodeService host:pr-hdds-2233-w5czk-1584650955 ip:192.168.30.55
2019-10-06 01:11:50,722 [Datanode State Machine Thread - 0] INFO  datanode.InitDatanodeState (InitDatanodeState.java:persistContainerDatanodeDetails(140)) - DatanodeDetails is persisted to /workdir/hadoop-ozone/integration-test/target/test-dir/MiniOzoneClusterImpl-40360609-f70a-4692-942a-daf78c144095/datanode-5/meta/datanode.id
2019-10-06 01:11:50,727 [main] INFO  volume.HddsVolume (HddsVolume.java:<init>(176)) - Creating Volume: /workdir/hadoop-ozone/integration-test/target/test-dir/MiniOzoneClusterImpl-40360609-f70a-4692-942a-daf78c144095/datanode-6/data/containers/hdds of  storage type : DISK and capacity : 1482555576320
2019-10-06 01:11:50,727 [main] INFO  volume.VolumeSet (VolumeSet.java:initializeVolumeSet(170)) - Added Volume : /workdir/hadoop-ozone/integration-test/target/test-dir/MiniOzoneClusterImpl-40360609-f70a-4692-942a-daf78c144095/datanode-6/data/containers/hdds to VolumeSet
2019-10-06 01:11:50,727 [main] INFO  volume.ThrottledAsyncChecker (ThrottledAsyncChecker.java:schedule(139)) - Scheduling a check for org.apache.hadoop.ozone.container.common.volume.HddsVolume@125d47c4
2019-10-06 01:11:50,728 [main] INFO  volume.HddsVolumeChecker (HddsVolumeChecker.java:checkAllVolumes(202)) - Scheduled health check for volume org.apache.hadoop.ozone.container.common.volume.HddsVolume@125d47c4
2019-10-06 01:11:50,741 [main] INFO  impl.RaftServerProxy (ConfUtils.java:logGet(43)) - raft.rpc.type = GRPC (default)
2019-10-06 01:11:50,741 [main] INFO  grpc.GrpcFactory (GrpcFactory.java:checkPooledByteBufAllocatorUseCacheForAllThreads(45)) - PERFORMANCE WARNING: useCacheForAllThreads is true that may cause Netty to create a lot garbage objects and, as a result, trigger GC.
	It is recommended to disable useCacheForAllThreads by setting -Dorg.apache.ratis.thirdparty.io.netty.allocator.useCacheForAllThreads=false in command line.
2019-10-06 01:11:50,741 [main] INFO  grpc.GrpcConfigKeys$Server (ConfUtils.java:logGet(43)) - raft.grpc.server.port = 0 (default)
2019-10-06 01:11:50,741 [main] INFO  server.GrpcService (ConfUtils.java:logGet(43)) - raft.grpc.message.size.max = 33570816 (custom)
2019-10-06 01:11:50,741 [main] INFO  server.RaftServerConfigKeys (ConfUtils.java:logGet(43)) - raft.server.log.appender.buffer.byte-limit = 33554432 (custom)
2019-10-06 01:11:50,742 [main] INFO  server.GrpcService (ConfUtils.java:logGet(43)) - raft.grpc.flow.control.window = 1MB (=1048576) (default)
2019-10-06 01:11:50,742 [main] INFO  server.RaftServerConfigKeys (ConfUtils.java:logGet(43)) - raft.server.rpc.request.timeout = 3000ms (default)
2019-10-06 01:11:50,742 [main] INFO  server.RaftServerConfigKeys (ConfUtils.java:logGet(43)) - raft.server.storage.dir = [/workdir/hadoop-ozone/integration-test/target/test-dir/MiniOzoneClusterImpl-40360609-f70a-4692-942a-daf78c144095/datanode-6/data/ratis] (custom)
2019-10-06 01:11:50,743 [main] INFO  hdfs.DFSUtil (DFSUtil.java:httpServerTemplateForNNAndJN(1641)) - Starting Web-server for hddsDatanode at: http://0.0.0.0:0
2019-10-06 01:11:50,745 [main] INFO  server.AuthenticationFilter (AuthenticationFilter.java:constructSecretProvider(240)) - Unable to initialize FileSignerSecretProvider, falling back to use random secrets.
2019-10-06 01:11:50,745 [main] WARN  http.HttpRequestLog (HttpRequestLog.java:getRequestLog(97)) - Jetty request log can only be enabled using Log4j
2019-10-06 01:11:50,746 [main] INFO  http.HttpServer2 (HttpServer2.java:addGlobalFilter(975)) - Added global filter 'safety' (class=org.apache.hadoop.http.HttpServer2$QuotingInputFilter)
2019-10-06 01:11:50,747 [main] INFO  http.HttpServer2 (HttpServer2.java:addFilter(948)) - Added filter static_user_filter (class=org.apache.hadoop.http.lib.StaticUserWebFilter$StaticUserFilter) to context hddsDatanode
2019-10-06 01:11:50,747 [main] INFO  http.HttpServer2 (HttpServer2.java:addFilter(958)) - Added filter static_user_filter (class=org.apache.hadoop.http.lib.StaticUserWebFilter$StaticUserFilter) to context static
2019-10-06 01:11:50,747 [main] INFO  http.HttpServer2 (HttpServer2.java:addFilter(958)) - Added filter static_user_filter (class=org.apache.hadoop.http.lib.StaticUserWebFilter$StaticUserFilter) to context logs
2019-10-06 01:11:50,747 [main] INFO  http.HttpServer2 (HttpServer2.java:bindListener(1191)) - Jetty bound to port 40812
2019-10-06 01:11:50,748 [main] INFO  server.Server (Server.java:doStart(351)) - jetty-9.3.25.v20180904, build timestamp: 2018-09-04T21:11:46Z, git hash: 3ce520221d0240229c862b122d2b06c12a625732
2019-10-06 01:11:50,749 [main] INFO  handler.ContextHandler (ContextHandler.java:doStart(781)) - Started o.e.j.s.ServletContextHandler@62b475e2{/logs,file:///workdir/hadoop-ozone/integration-test/target/log,AVAILABLE}
2019-10-06 01:11:50,749 [main] INFO  handler.ContextHandler (ContextHandler.java:doStart(781)) - Started o.e.j.s.ServletContextHandler@1c61eda5{/static,jar:file:/home/user/.m2/repository/org/apache/hadoop/hadoop-hdds-container-service/0.5.0-SNAPSHOT/hadoop-hdds-container-service-0.5.0-SNAPSHOT.jar!/webapps/static,AVAILABLE}
2019-10-06 01:11:50,778 [main] INFO  handler.ContextHandler (ContextHandler.java:doStart(781)) - Started o.e.j.w.WebAppContext@62b3a2f6{/,file:///tmp/jetty-0.0.0.0-40812-hddsDatanode-_-any-7254199015397940046.dir/webapp/,AVAILABLE}{/hddsDatanode}
2019-10-06 01:11:50,778 [main] INFO  server.AbstractConnector (AbstractConnector.java:doStart(278)) - Started ServerConnector@202898d7{HTTP/1.1,[http/1.1]}{0.0.0.0:40812}
2019-10-06 01:11:50,780 [main] INFO  server.Server (Server.java:doStart(419)) - Started @131063ms
2019-10-06 01:11:50,780 [main] WARN  impl.MetricsSystemImpl (MetricsSystemImpl.java:register(276)) - Sink prometheus already exists!
2019-10-06 01:11:50,781 [main] INFO  server.BaseHttpServer (BaseHttpServer.java:updateConnectorAddress(215)) - HTTP server of HDDSDATANODE is listening at http://0.0.0.0:40812
2019-10-06 01:11:50,781 [main] INFO  ozone.MiniOzoneClusterImpl (MiniOzoneClusterImpl.java:lambda$waitForClusterToBeReady$0(147)) - Waiting for cluster to be ready. Got 0 of 7 DN Heartbeats.
2019-10-06 01:11:50,782 [org.apache.hadoop.util.JvmPauseMonitor$Monitor@4e57e6c6] INFO  util.JvmPauseMonitor (JvmPauseMonitor.java:run(188)) - Starting JVM pause monitor
2019-10-06 01:11:50,784 [Datanode State Machine Thread - 0] INFO  datanode.InitDatanodeState (InitDatanodeState.java:persistContainerDatanodeDetails(140)) - DatanodeDetails is persisted to /workdir/hadoop-ozone/integration-test/target/test-dir/MiniOzoneClusterImpl-40360609-f70a-4692-942a-daf78c144095/datanode-6/meta/datanode.id
2019-10-06 01:11:51,781 [main] INFO  ozone.MiniOzoneClusterImpl (MiniOzoneClusterImpl.java:lambda$waitForClusterToBeReady$0(147)) - Waiting for cluster to be ready. Got 0 of 7 DN Heartbeats.
2019-10-06 01:11:52,360 [Datanode State Machine Thread - 0] INFO  ozoneimpl.OzoneContainer (OzoneContainer.java:start(217)) - Attempting to start container services.
2019-10-06 01:11:52,361 [Datanode State Machine Thread - 0] INFO  ozoneimpl.OzoneContainer (OzoneContainer.java:startContainerScrub(179)) - Background container scanner has been disabled.
2019-10-06 01:11:52,361 [Datanode State Machine Thread - 0] INFO  ratis.XceiverServerRatis (XceiverServerRatis.java:start(417)) - Starting XceiverServerRatis a3975b4a-105c-4b9b-8142-24e206f1c3ba at port 0
2019-10-06 01:11:52,368 [Datanode State Machine Thread - 0] INFO  impl.RaftServerProxy (RaftServerProxy.java:lambda$start$3(299)) - a3975b4a-105c-4b9b-8142-24e206f1c3ba: start RPC server
2019-10-06 01:11:52,371 [Datanode State Machine Thread - 0] INFO  server.GrpcService (GrpcService.java:startImpl(158)) - a3975b4a-105c-4b9b-8142-24e206f1c3ba: GrpcService started, listening on 0.0.0.0/0.0.0.0:34641
2019-10-06 01:11:52,371 [Datanode State Machine Thread - 0] INFO  ratis.XceiverServerRatis (XceiverServerRatis.java:start(427)) - XceiverServerRatis a3975b4a-105c-4b9b-8142-24e206f1c3ba is started using port 34641
2019-10-06 01:11:52,372 [Datanode State Machine Thread - 0] INFO  server.XceiverServerGrpc (XceiverServerGrpc.java:start(149)) - XceiverServerGrpc a3975b4a-105c-4b9b-8142-24e206f1c3ba is started using port 34060
2019-10-06 01:11:52,433 [Datanode State Machine Thread - 0] INFO  ozoneimpl.OzoneContainer (OzoneContainer.java:start(217)) - Attempting to start container services.
2019-10-06 01:11:52,434 [Datanode State Machine Thread - 0] INFO  ozoneimpl.OzoneContainer (OzoneContainer.java:startContainerScrub(179)) - Background container scanner has been disabled.
2019-10-06 01:11:52,434 [Datanode State Machine Thread - 0] INFO  ratis.XceiverServerRatis (XceiverServerRatis.java:start(417)) - Starting XceiverServerRatis 6e899f9a-39c7-4d88-8fee-651142b6bdd4 at port 0
2019-10-06 01:11:52,441 [Datanode State Machine Thread - 0] INFO  impl.RaftServerProxy (RaftServerProxy.java:lambda$start$3(299)) - 6e899f9a-39c7-4d88-8fee-651142b6bdd4: start RPC server
2019-10-06 01:11:52,444 [Datanode State Machine Thread - 0] INFO  server.GrpcService (GrpcService.java:startImpl(158)) - 6e899f9a-39c7-4d88-8fee-651142b6bdd4: GrpcService started, listening on 0.0.0.0/0.0.0.0:40860
2019-10-06 01:11:52,444 [Datanode State Machine Thread - 0] INFO  ratis.XceiverServerRatis (XceiverServerRatis.java:start(427)) - XceiverServerRatis 6e899f9a-39c7-4d88-8fee-651142b6bdd4 is started using port 40860
2019-10-06 01:11:52,446 [Datanode State Machine Thread - 0] INFO  server.XceiverServerGrpc (XceiverServerGrpc.java:start(149)) - XceiverServerGrpc 6e899f9a-39c7-4d88-8fee-651142b6bdd4 is started using port 41154
2019-10-06 01:11:52,513 [Datanode State Machine Thread - 0] INFO  ozoneimpl.OzoneContainer (OzoneContainer.java:start(217)) - Attempting to start container services.
2019-10-06 01:11:52,515 [Datanode State Machine Thread - 0] INFO  ozoneimpl.OzoneContainer (OzoneContainer.java:startContainerScrub(179)) - Background container scanner has been disabled.
2019-10-06 01:11:52,515 [Datanode State Machine Thread - 0] INFO  ratis.XceiverServerRatis (XceiverServerRatis.java:start(417)) - Starting XceiverServerRatis a4038982-b048-40e7-a9bf-935f23389f2d at port 0
2019-10-06 01:11:52,523 [Datanode State Machine Thread - 0] INFO  impl.RaftServerProxy (RaftServerProxy.java:lambda$start$3(299)) - a4038982-b048-40e7-a9bf-935f23389f2d: start RPC server
2019-10-06 01:11:52,524 [Datanode State Machine Thread - 0] INFO  server.GrpcService (GrpcService.java:startImpl(158)) - a4038982-b048-40e7-a9bf-935f23389f2d: GrpcService started, listening on 0.0.0.0/0.0.0.0:40403
2019-10-06 01:11:52,524 [Datanode State Machine Thread - 0] INFO  ratis.XceiverServerRatis (XceiverServerRatis.java:start(427)) - XceiverServerRatis a4038982-b048-40e7-a9bf-935f23389f2d is started using port 40403
2019-10-06 01:11:52,525 [Datanode State Machine Thread - 0] INFO  server.XceiverServerGrpc (XceiverServerGrpc.java:start(149)) - XceiverServerGrpc a4038982-b048-40e7-a9bf-935f23389f2d is started using port 33441
2019-10-06 01:11:52,577 [Datanode State Machine Thread - 0] INFO  ozoneimpl.OzoneContainer (OzoneContainer.java:start(217)) - Attempting to start container services.
2019-10-06 01:11:52,577 [Datanode State Machine Thread - 0] INFO  ozoneimpl.OzoneContainer (OzoneContainer.java:startContainerScrub(179)) - Background container scanner has been disabled.
2019-10-06 01:11:52,577 [Datanode State Machine Thread - 0] INFO  ratis.XceiverServerRatis (XceiverServerRatis.java:start(417)) - Starting XceiverServerRatis bf220e48-d6ce-49f3-a557-fc9d50d77ef3 at port 0
2019-10-06 01:11:52,585 [Datanode State Machine Thread - 0] INFO  impl.RaftServerProxy (RaftServerProxy.java:lambda$start$3(299)) - bf220e48-d6ce-49f3-a557-fc9d50d77ef3: start RPC server
2019-10-06 01:11:52,588 [Datanode State Machine Thread - 0] INFO  server.GrpcService (GrpcService.java:startImpl(158)) - bf220e48-d6ce-49f3-a557-fc9d50d77ef3: GrpcService started, listening on 0.0.0.0/0.0.0.0:36514
2019-10-06 01:11:52,588 [Datanode State Machine Thread - 0] INFO  ratis.XceiverServerRatis (XceiverServerRatis.java:start(427)) - XceiverServerRatis bf220e48-d6ce-49f3-a557-fc9d50d77ef3 is started using port 36514
2019-10-06 01:11:52,591 [Datanode State Machine Thread - 0] INFO  server.XceiverServerGrpc (XceiverServerGrpc.java:start(149)) - XceiverServerGrpc bf220e48-d6ce-49f3-a557-fc9d50d77ef3 is started using port 46097
2019-10-06 01:11:52,660 [Datanode State Machine Thread - 0] INFO  ozoneimpl.OzoneContainer (OzoneContainer.java:start(217)) - Attempting to start container services.
2019-10-06 01:11:52,660 [Datanode State Machine Thread - 0] INFO  ozoneimpl.OzoneContainer (OzoneContainer.java:startContainerScrub(179)) - Background container scanner has been disabled.
2019-10-06 01:11:52,661 [Datanode State Machine Thread - 0] INFO  ratis.XceiverServerRatis (XceiverServerRatis.java:start(417)) - Starting XceiverServerRatis 0351faed-5a49-4e4d-9068-9101bace7854 at port 0
2019-10-06 01:11:52,669 [Datanode State Machine Thread - 0] INFO  impl.RaftServerProxy (RaftServerProxy.java:lambda$start$3(299)) - 0351faed-5a49-4e4d-9068-9101bace7854: start RPC server
2019-10-06 01:11:52,670 [Datanode State Machine Thread - 0] INFO  server.GrpcService (GrpcService.java:startImpl(158)) - 0351faed-5a49-4e4d-9068-9101bace7854: GrpcService started, listening on 0.0.0.0/0.0.0.0:38506
2019-10-06 01:11:52,670 [Datanode State Machine Thread - 0] INFO  ratis.XceiverServerRatis (XceiverServerRatis.java:start(427)) - XceiverServerRatis 0351faed-5a49-4e4d-9068-9101bace7854 is started using port 38506
2019-10-06 01:11:52,671 [Datanode State Machine Thread - 0] INFO  server.XceiverServerGrpc (XceiverServerGrpc.java:start(149)) - XceiverServerGrpc 0351faed-5a49-4e4d-9068-9101bace7854 is started using port 45685
2019-10-06 01:11:52,735 [Datanode State Machine Thread - 0] INFO  ozoneimpl.OzoneContainer (OzoneContainer.java:start(217)) - Attempting to start container services.
2019-10-06 01:11:52,736 [Datanode State Machine Thread - 0] INFO  ozoneimpl.OzoneContainer (OzoneContainer.java:startContainerScrub(179)) - Background container scanner has been disabled.
2019-10-06 01:11:52,736 [Datanode State Machine Thread - 0] INFO  ratis.XceiverServerRatis (XceiverServerRatis.java:start(417)) - Starting XceiverServerRatis 22271e8e-bc77-4b74-89ce-a847b9d0c604 at port 0
2019-10-06 01:11:52,744 [Datanode State Machine Thread - 0] INFO  impl.RaftServerProxy (RaftServerProxy.java:lambda$start$3(299)) - 22271e8e-bc77-4b74-89ce-a847b9d0c604: start RPC server
2019-10-06 01:11:52,745 [Datanode State Machine Thread - 0] INFO  server.GrpcService (GrpcService.java:startImpl(158)) - 22271e8e-bc77-4b74-89ce-a847b9d0c604: GrpcService started, listening on 0.0.0.0/0.0.0.0:42789
2019-10-06 01:11:52,745 [Datanode State Machine Thread - 0] INFO  ratis.XceiverServerRatis (XceiverServerRatis.java:start(427)) - XceiverServerRatis 22271e8e-bc77-4b74-89ce-a847b9d0c604 is started using port 42789
2019-10-06 01:11:52,745 [Datanode State Machine Thread - 0] INFO  server.XceiverServerGrpc (XceiverServerGrpc.java:start(149)) - XceiverServerGrpc 22271e8e-bc77-4b74-89ce-a847b9d0c604 is started using port 41892
2019-10-06 01:11:52,782 [main] INFO  ozone.MiniOzoneClusterImpl (MiniOzoneClusterImpl.java:lambda$waitForClusterToBeReady$0(147)) - Waiting for cluster to be ready. Got 0 of 7 DN Heartbeats.
2019-10-06 01:11:52,796 [Datanode State Machine Thread - 0] INFO  ozoneimpl.OzoneContainer (OzoneContainer.java:start(217)) - Attempting to start container services.
2019-10-06 01:11:52,797 [Datanode State Machine Thread - 0] INFO  ozoneimpl.OzoneContainer (OzoneContainer.java:startContainerScrub(179)) - Background container scanner has been disabled.
2019-10-06 01:11:52,797 [Datanode State Machine Thread - 0] INFO  ratis.XceiverServerRatis (XceiverServerRatis.java:start(417)) - Starting XceiverServerRatis bbd7fe3c-5c14-49dc-bb2d-84bf76bc1b83 at port 0
2019-10-06 01:11:52,804 [Datanode State Machine Thread - 0] INFO  impl.RaftServerProxy (RaftServerProxy.java:lambda$start$3(299)) - bbd7fe3c-5c14-49dc-bb2d-84bf76bc1b83: start RPC server
2019-10-06 01:11:52,805 [Datanode State Machine Thread - 0] INFO  server.GrpcService (GrpcService.java:startImpl(158)) - bbd7fe3c-5c14-49dc-bb2d-84bf76bc1b83: GrpcService started, listening on 0.0.0.0/0.0.0.0:39688
2019-10-06 01:11:52,805 [Datanode State Machine Thread - 0] INFO  ratis.XceiverServerRatis (XceiverServerRatis.java:start(427)) - XceiverServerRatis bbd7fe3c-5c14-49dc-bb2d-84bf76bc1b83 is started using port 39688
2019-10-06 01:11:52,806 [Datanode State Machine Thread - 0] INFO  server.XceiverServerGrpc (XceiverServerGrpc.java:start(149)) - XceiverServerGrpc bbd7fe3c-5c14-49dc-bb2d-84bf76bc1b83 is started using port 46412
2019-10-06 01:11:53,794 [main] INFO  ozone.MiniOzoneClusterImpl (MiniOzoneClusterImpl.java:lambda$waitForClusterToBeReady$0(147)) - Waiting for cluster to be ready. Got 0 of 7 DN Heartbeats.
2019-10-06 01:11:54,338 [IPC Server handler 5 on 42476] INFO  net.NetworkTopology (NetworkTopologyImpl.java:add(111)) - Added a new node: /default-rack/a3975b4a-105c-4b9b-8142-24e206f1c3ba
2019-10-06 01:11:54,341 [IPC Server handler 5 on 42476] INFO  node.SCMNodeManager (SCMNodeManager.java:register(266)) - Registered Data node : a3975b4a-105c-4b9b-8142-24e206f1c3ba{ip: 192.168.30.55, host: pr-hdds-2233-w5czk-1584650955, networkLocation: /default-rack, certSerialId: null}
2019-10-06 01:11:54,342 [EventQueue-NodeRegistrationContainerReportForDataNodeSafeModeRule] INFO  safemode.SCMSafeModeManager (DataNodeSafeModeRule.java:process(71)) - SCM in safe mode. 1 DataNodes registered, 1 required.
2019-10-06 01:11:54,344 [EventQueue-NodeRegistrationContainerReportForDataNodeSafeModeRule] INFO  safemode.SCMSafeModeManager (SCMSafeModeManager.java:validateSafeModeExitRules(177)) - ScmSafeModeManager, all rules are successfully validated
2019-10-06 01:11:54,344 [EventQueue-NodeRegistrationContainerReportForDataNodeSafeModeRule] INFO  safemode.SCMSafeModeManager (SCMSafeModeManager.java:exitSafeMode(193)) - SCM exiting safe mode.
2019-10-06 01:11:54,355 [grpc-default-executor-6] INFO  impl.RaftServerProxy (RaftServerProxy.java:addNew(89)) - a3975b4a-105c-4b9b-8142-24e206f1c3ba: addNew group-7D7682AD77E8:[a3975b4a-105c-4b9b-8142-24e206f1c3ba:192.168.30.55:34641] returns group-7D7682AD77E8:java.util.concurrent.CompletableFuture@4ad9e6f6[Not completed]
2019-10-06 01:11:54,359 [pool-207-thread-1] INFO  impl.RaftServerImpl (RaftServerImpl.java:<init>(95)) - a3975b4a-105c-4b9b-8142-24e206f1c3ba: new RaftServerImpl for group-7D7682AD77E8:[a3975b4a-105c-4b9b-8142-24e206f1c3ba:192.168.30.55:34641] with ContainerStateMachine:uninitialized
2019-10-06 01:11:54,359 [pool-207-thread-1] INFO  server.RaftServerConfigKeys (ConfUtils.java:logGet(43)) - raft.server.rpc.timeout.min = 5s (custom)
2019-10-06 01:11:54,359 [pool-207-thread-1] INFO  server.RaftServerConfigKeys (ConfUtils.java:logGet(43)) - raft.server.rpc.timeout.max = 5200ms (custom)
2019-10-06 01:11:54,360 [pool-207-thread-1] INFO  server.RaftServerConfigKeys (ConfUtils.java:logGet(43)) - raft.server.rpcslowness.timeout = 120s (custom)
2019-10-06 01:11:54,360 [pool-207-thread-1] INFO  server.RaftServerConfigKeys (ConfUtils.java:logGet(43)) - raft.server.sleep.deviation.threshold = 300 (default)
2019-10-06 01:11:54,360 [pool-207-thread-1] INFO  server.RaftServerConfigKeys (ConfUtils.java:logGet(43)) - raft.server.log.appender.install.snapshot.enabled = false (custom)
2019-10-06 01:11:54,360 [pool-207-thread-1] INFO  impl.RaftServerImpl (ServerState.java:<init>(103)) - a3975b4a-105c-4b9b-8142-24e206f1c3ba@group-7D7682AD77E8: ConfigurationManager, init=-1: [a3975b4a-105c-4b9b-8142-24e206f1c3ba:192.168.30.55:34641], old=null, confs=<EMPTY_MAP>
2019-10-06 01:11:54,361 [pool-207-thread-1] INFO  server.RaftServerConfigKeys (ConfUtils.java:logGet(43)) - raft.server.storage.dir = [/workdir/hadoop-ozone/integration-test/target/test-dir/MiniOzoneClusterImpl-40360609-f70a-4692-942a-daf78c144095/datanode-0/data/ratis] (custom)
2019-10-06 01:11:54,361 [pool-207-thread-1] INFO  server.RaftServerConfigKeys (ConfUtils.java:logGet(43)) - raft.server.log.corruption.policy = EXCEPTION (default)
2019-10-06 01:11:54,361 [pool-207-thread-1] INFO  storage.RaftStorageDirectory (RaftStorageDirectory.java:analyzeStorage(246)) - The storage directory /workdir/hadoop-ozone/integration-test/target/test-dir/MiniOzoneClusterImpl-40360609-f70a-4692-942a-daf78c144095/datanode-0/data/ratis/b10c3c0d-26c9-482c-a850-7d7682ad77e8 does not exist. Creating ...
2019-10-06 01:11:54,375 [pool-207-thread-1] INFO  storage.RaftStorageDirectory (RaftStorageDirectory.java:tryLock(328)) - Lock on /workdir/hadoop-ozone/integration-test/target/test-dir/MiniOzoneClusterImpl-40360609-f70a-4692-942a-daf78c144095/datanode-0/data/ratis/b10c3c0d-26c9-482c-a850-7d7682ad77e8/in_use.lock acquired by nodename 12540@pr-hdds-2233-w5czk-1584650955
2019-10-06 01:11:54,388 [pool-207-thread-1] INFO  storage.RaftStorage (RaftStorage.java:format(84)) - Storage directory /workdir/hadoop-ozone/integration-test/target/test-dir/MiniOzoneClusterImpl-40360609-f70a-4692-942a-daf78c144095/datanode-0/data/ratis/b10c3c0d-26c9-482c-a850-7d7682ad77e8 has been successfully formatted.
2019-10-06 01:11:54,388 [pool-207-thread-1] INFO  ratis.ContainerStateMachine (ContainerStateMachine.java:loadSnapshot(230)) - group-7D7682AD77E8: The snapshot info is null. Setting the last applied indexto:(t:0, i:~)
2019-10-06 01:11:54,388 [pool-207-thread-1] INFO  server.RaftServerConfigKeys (ConfUtils.java:logGet(43)) - raft.server.notification.no-leader.timeout = 120s (custom)
2019-10-06 01:11:54,389 [pool-207-thread-1] INFO  server.RaftServerConfigKeys (ConfUtils.java:logGet(43)) - raft.server.log.use.memory = false (default)
2019-10-06 01:11:54,389 [pool-207-thread-1] INFO  server.RaftServerConfigKeys (ConfUtils.java:logGet(43)) - raft.server.log.purge.gap = 1000000 (custom)
2019-10-06 01:11:54,389 [pool-207-thread-1] INFO  server.RaftServerConfigKeys (ConfUtils.java:logGet(43)) - raft.server.log.appender.buffer.byte-limit = 33554432 (custom)
2019-10-06 01:11:54,389 [pool-207-thread-1] INFO  server.RaftServerConfigKeys (ConfUtils.java:logGet(43)) - raft.server.log.segment.size.max = 1048576 (custom)
2019-10-06 01:11:54,392 [pool-207-thread-1] INFO  server.RaftServerConfigKeys (ConfUtils.java:logGet(43)) - raft.server.log.segment.cache.num.max = 2 (custom)
2019-10-06 01:11:54,392 [pool-207-thread-1] INFO  segmented.SegmentedRaftLogWorker (SegmentedRaftLogWorker.java:<init>(173)) - new a3975b4a-105c-4b9b-8142-24e206f1c3ba@group-7D7682AD77E8-SegmentedRaftLogWorker for RaftStorage:Storage Directory /workdir/hadoop-ozone/integration-test/target/test-dir/MiniOzoneClusterImpl-40360609-f70a-4692-942a-daf78c144095/datanode-0/data/ratis/b10c3c0d-26c9-482c-a850-7d7682ad77e8
2019-10-06 01:11:54,392 [pool-207-thread-1] INFO  server.RaftServerConfigKeys (ConfUtils.java:logGet(43)) - raft.server.log.queue.byte-limit = 2147483647 (custom)
2019-10-06 01:11:54,392 [pool-207-thread-1] INFO  server.RaftServerConfigKeys (ConfUtils.java:logGet(43)) - raft.server.log.queue.element-limit = 1024 (custom)
2019-10-06 01:11:54,392 [pool-207-thread-1] INFO  server.RaftServerConfigKeys (ConfUtils.java:logGet(43)) - raft.server.log.segment.size.max = 1048576 (custom)
2019-10-06 01:11:54,393 [pool-207-thread-1] INFO  server.RaftServerConfigKeys (ConfUtils.java:logGet(43)) - raft.server.log.preallocated.size = 16384 (custom)
2019-10-06 01:11:54,393 [pool-207-thread-1] INFO  server.RaftServerConfigKeys (ConfUtils.java:logGet(43)) - raft.server.log.write.buffer.size = 33554432 (custom)
2019-10-06 01:11:54,393 [pool-207-thread-1] INFO  server.RaftServerConfigKeys (ConfUtils.java:logGet(43)) - raft.server.log.force.sync.num = 128 (default)
2019-10-06 01:11:54,393 [pool-207-thread-1] INFO  server.RaftServerConfigKeys (ConfUtils.java:logGet(43)) - raft.server.log.statemachine.data.sync = true (default)
2019-10-06 01:11:54,393 [pool-207-thread-1] INFO  server.RaftServerConfigKeys (ConfUtils.java:logGet(43)) - raft.server.log.statemachine.data.sync.timeout = 10s (default)
2019-10-06 01:11:54,394 [pool-207-thread-1] INFO  server.RaftServerConfigKeys (ConfUtils.java:logGet(43)) - raft.server.log.statemachine.data.sync.timeout.retry = -1 (default)
2019-10-06 01:11:54,394 [pool-207-thread-1] INFO  server.RaftServerConfigKeys (ConfUtils.java:logGet(43)) - raft.server.log.statemachine.data.caching.enabled = true (custom)
2019-10-06 01:11:54,395 [pool-207-thread-1] INFO  segmented.SegmentedRaftLogWorker (SegmentedRaftLogWorker.java:lambda$new$0(128)) - a3975b4a-105c-4b9b-8142-24e206f1c3ba@group-7D7682AD77E8-SegmentedRaftLogWorker: flushIndex: setUnconditionally 0 -> -1
2019-10-06 01:11:54,395 [pool-207-thread-1] INFO  server.RaftServerConfigKeys (ConfUtils.java:logGet(43)) - raft.server.snapshot.auto.trigger.enabled = true (custom)
2019-10-06 01:11:54,395 [pool-207-thread-1] INFO  server.RaftServerConfigKeys (ConfUtils.java:logGet(43)) - raft.server.snapshot.auto.trigger.threshold = 10000 (custom)
2019-10-06 01:11:54,396 [pool-207-thread-1] INFO  server.RaftServerConfigKeys (ConfUtils.java:logGet(43)) - raft.server.snapshot.retention.file.num = 5 (custom)
2019-10-06 01:11:54,396 [pool-207-thread-1] INFO  server.RaftServerConfigKeys (ConfUtils.java:logGet(43)) - raft.server.retrycache.expirytime = 600000ms (custom)
2019-10-06 01:11:54,398 [pool-207-thread-1] INFO  impl.RaftServerImpl (RaftServerImpl.java:start(181)) - a3975b4a-105c-4b9b-8142-24e206f1c3ba@group-7D7682AD77E8: start as a follower, conf=-1: [a3975b4a-105c-4b9b-8142-24e206f1c3ba:192.168.30.55:34641], old=null
2019-10-06 01:11:54,399 [pool-207-thread-1] INFO  impl.RaftServerImpl (RaftServerImpl.java:setRole(170)) - a3975b4a-105c-4b9b-8142-24e206f1c3ba@group-7D7682AD77E8: changes role from      null to FOLLOWER at term 0 for startAsFollower
2019-10-06 01:11:54,399 [pool-207-thread-1] INFO  impl.RoleInfo (RoleInfo.java:updateAndGet(143)) - a3975b4a-105c-4b9b-8142-24e206f1c3ba: start FollowerState
2019-10-06 01:11:54,399 [pool-207-thread-1] INFO  util.JmxRegister (JmxRegister.java:tryRegister(44)) - Successfully registered JMX Bean with object name Ratis:service=RaftServer,group=group-7D7682AD77E8,id=a3975b4a-105c-4b9b-8142-24e206f1c3ba
2019-10-06 01:11:54,405 [RatisPipelineUtilsThread] INFO  pipeline.PipelineStateManager (PipelineStateManager.java:addPipeline(56)) - Created pipeline Pipeline[ Id: b10c3c0d-26c9-482c-a850-7d7682ad77e8, Nodes: a3975b4a-105c-4b9b-8142-24e206f1c3ba{ip: 192.168.30.55, host: pr-hdds-2233-w5czk-1584650955, networkLocation: /default-rack, certSerialId: null}, Type:RATIS, Factor:ONE, State:OPEN]
2019-10-06 01:11:54,418 [IPC Server handler 1 on 42476] INFO  net.NetworkTopology (NetworkTopologyImpl.java:add(111)) - Added a new node: /default-rack/6e899f9a-39c7-4d88-8fee-651142b6bdd4
2019-10-06 01:11:54,418 [IPC Server handler 1 on 42476] INFO  node.SCMNodeManager (SCMNodeManager.java:register(266)) - Registered Data node : 6e899f9a-39c7-4d88-8fee-651142b6bdd4{ip: 192.168.30.55, host: pr-hdds-2233-w5czk-1584650955, networkLocation: /default-rack, certSerialId: null}
2019-10-06 01:11:54,439 [grpc-default-executor-6] INFO  impl.RaftServerProxy (RaftServerProxy.java:addNew(89)) - 6e899f9a-39c7-4d88-8fee-651142b6bdd4: addNew group-A9416E283411:[6e899f9a-39c7-4d88-8fee-651142b6bdd4:192.168.30.55:40860] returns group-A9416E283411:java.util.concurrent.CompletableFuture@5eab066f[Not completed]
2019-10-06 01:11:54,440 [pool-217-thread-1] INFO  impl.RaftServerImpl (RaftServerImpl.java:<init>(95)) - 6e899f9a-39c7-4d88-8fee-651142b6bdd4: new RaftServerImpl for group-A9416E283411:[6e899f9a-39c7-4d88-8fee-651142b6bdd4:192.168.30.55:40860] with ContainerStateMachine:uninitialized
2019-10-06 01:11:54,441 [pool-217-thread-1] INFO  server.RaftServerConfigKeys (ConfUtils.java:logGet(43)) - raft.server.rpc.timeout.min = 5s (custom)
2019-10-06 01:11:54,441 [pool-217-thread-1] INFO  server.RaftServerConfigKeys (ConfUtils.java:logGet(43)) - raft.server.rpc.timeout.max = 5200ms (custom)
2019-10-06 01:11:54,441 [pool-217-thread-1] INFO  server.RaftServerConfigKeys (ConfUtils.java:logGet(43)) - raft.server.rpcslowness.timeout = 120s (custom)
2019-10-06 01:11:54,441 [pool-217-thread-1] INFO  server.RaftServerConfigKeys (ConfUtils.java:logGet(43)) - raft.server.sleep.deviation.threshold = 300 (default)
2019-10-06 01:11:54,441 [pool-217-thread-1] INFO  server.RaftServerConfigKeys (ConfUtils.java:logGet(43)) - raft.server.log.appender.install.snapshot.enabled = false (custom)
2019-10-06 01:11:54,442 [pool-217-thread-1] INFO  impl.RaftServerImpl (ServerState.java:<init>(103)) - 6e899f9a-39c7-4d88-8fee-651142b6bdd4@group-A9416E283411: ConfigurationManager, init=-1: [6e899f9a-39c7-4d88-8fee-651142b6bdd4:192.168.30.55:40860], old=null, confs=<EMPTY_MAP>
2019-10-06 01:11:54,442 [pool-217-thread-1] INFO  server.RaftServerConfigKeys (ConfUtils.java:logGet(43)) - raft.server.storage.dir = [/workdir/hadoop-ozone/integration-test/target/test-dir/MiniOzoneClusterImpl-40360609-f70a-4692-942a-daf78c144095/datanode-1/data/ratis] (custom)
2019-10-06 01:11:54,442 [pool-217-thread-1] INFO  server.RaftServerConfigKeys (ConfUtils.java:logGet(43)) - raft.server.log.corruption.policy = EXCEPTION (default)
2019-10-06 01:11:54,443 [pool-217-thread-1] INFO  storage.RaftStorageDirectory (RaftStorageDirectory.java:analyzeStorage(246)) - The storage directory /workdir/hadoop-ozone/integration-test/target/test-dir/MiniOzoneClusterImpl-40360609-f70a-4692-942a-daf78c144095/datanode-1/data/ratis/0bd540ec-689d-41e8-9577-a9416e283411 does not exist. Creating ...
2019-10-06 01:11:54,456 [pool-217-thread-1] INFO  storage.RaftStorageDirectory (RaftStorageDirectory.java:tryLock(328)) - Lock on /workdir/hadoop-ozone/integration-test/target/test-dir/MiniOzoneClusterImpl-40360609-f70a-4692-942a-daf78c144095/datanode-1/data/ratis/0bd540ec-689d-41e8-9577-a9416e283411/in_use.lock acquired by nodename 12540@pr-hdds-2233-w5czk-1584650955
2019-10-06 01:11:54,470 [pool-217-thread-1] INFO  storage.RaftStorage (RaftStorage.java:format(84)) - Storage directory /workdir/hadoop-ozone/integration-test/target/test-dir/MiniOzoneClusterImpl-40360609-f70a-4692-942a-daf78c144095/datanode-1/data/ratis/0bd540ec-689d-41e8-9577-a9416e283411 has been successfully formatted.
2019-10-06 01:11:54,470 [pool-217-thread-1] INFO  ratis.ContainerStateMachine (ContainerStateMachine.java:loadSnapshot(230)) - group-A9416E283411: The snapshot info is null. Setting the last applied indexto:(t:0, i:~)
2019-10-06 01:11:54,470 [pool-217-thread-1] INFO  server.RaftServerConfigKeys (ConfUtils.java:logGet(43)) - raft.server.notification.no-leader.timeout = 120s (custom)
2019-10-06 01:11:54,470 [pool-217-thread-1] INFO  server.RaftServerConfigKeys (ConfUtils.java:logGet(43)) - raft.server.log.use.memory = false (default)
2019-10-06 01:11:54,471 [pool-217-thread-1] INFO  server.RaftServerConfigKeys (ConfUtils.java:logGet(43)) - raft.server.log.purge.gap = 1000000 (custom)
2019-10-06 01:11:54,471 [pool-217-thread-1] INFO  server.RaftServerConfigKeys (ConfUtils.java:logGet(43)) - raft.server.log.appender.buffer.byte-limit = 33554432 (custom)
2019-10-06 01:11:54,471 [pool-217-thread-1] INFO  server.RaftServerConfigKeys (ConfUtils.java:logGet(43)) - raft.server.log.segment.size.max = 1048576 (custom)
2019-10-06 01:11:54,474 [pool-217-thread-1] INFO  server.RaftServerConfigKeys (ConfUtils.java:logGet(43)) - raft.server.log.segment.cache.num.max = 2 (custom)
2019-10-06 01:11:54,474 [pool-217-thread-1] INFO  segmented.SegmentedRaftLogWorker (SegmentedRaftLogWorker.java:<init>(173)) - new 6e899f9a-39c7-4d88-8fee-651142b6bdd4@group-A9416E283411-SegmentedRaftLogWorker for RaftStorage:Storage Directory /workdir/hadoop-ozone/integration-test/target/test-dir/MiniOzoneClusterImpl-40360609-f70a-4692-942a-daf78c144095/datanode-1/data/ratis/0bd540ec-689d-41e8-9577-a9416e283411
2019-10-06 01:11:54,474 [pool-217-thread-1] INFO  server.RaftServerConfigKeys (ConfUtils.java:logGet(43)) - raft.server.log.queue.byte-limit = 2147483647 (custom)
2019-10-06 01:11:54,474 [pool-217-thread-1] INFO  server.RaftServerConfigKeys (ConfUtils.java:logGet(43)) - raft.server.log.queue.element-limit = 1024 (custom)
2019-10-06 01:11:54,474 [pool-217-thread-1] INFO  server.RaftServerConfigKeys (ConfUtils.java:logGet(43)) - raft.server.log.segment.size.max = 1048576 (custom)
2019-10-06 01:11:54,474 [pool-217-thread-1] INFO  server.RaftServerConfigKeys (ConfUtils.java:logGet(43)) - raft.server.log.preallocated.size = 16384 (custom)
2019-10-06 01:11:54,475 [pool-217-thread-1] INFO  server.RaftServerConfigKeys (ConfUtils.java:logGet(43)) - raft.server.log.write.buffer.size = 33554432 (custom)
2019-10-06 01:11:54,475 [pool-217-thread-1] INFO  server.RaftServerConfigKeys (ConfUtils.java:logGet(43)) - raft.server.log.force.sync.num = 128 (default)
2019-10-06 01:11:54,475 [pool-217-thread-1] INFO  server.RaftServerConfigKeys (ConfUtils.java:logGet(43)) - raft.server.log.statemachine.data.sync = true (default)
2019-10-06 01:11:54,475 [pool-217-thread-1] INFO  server.RaftServerConfigKeys (ConfUtils.java:logGet(43)) - raft.server.log.statemachine.data.sync.timeout = 10s (default)
2019-10-06 01:11:54,475 [pool-217-thread-1] INFO  server.RaftServerConfigKeys (ConfUtils.java:logGet(43)) - raft.server.log.statemachine.data.sync.timeout.retry = -1 (default)
2019-10-06 01:11:54,476 [pool-217-thread-1] INFO  server.RaftServerConfigKeys (ConfUtils.java:logGet(43)) - raft.server.log.statemachine.data.caching.enabled = true (custom)
2019-10-06 01:11:54,476 [pool-217-thread-1] INFO  segmented.SegmentedRaftLogWorker (SegmentedRaftLogWorker.java:lambda$new$0(128)) - 6e899f9a-39c7-4d88-8fee-651142b6bdd4@group-A9416E283411-SegmentedRaftLogWorker: flushIndex: setUnconditionally 0 -> -1
2019-10-06 01:11:54,477 [pool-217-thread-1] INFO  server.RaftServerConfigKeys (ConfUtils.java:logGet(43)) - raft.server.snapshot.auto.trigger.enabled = true (custom)
2019-10-06 01:11:54,477 [pool-217-thread-1] INFO  server.RaftServerConfigKeys (ConfUtils.java:logGet(43)) - raft.server.snapshot.auto.trigger.threshold = 10000 (custom)
2019-10-06 01:11:54,477 [pool-217-thread-1] INFO  server.RaftServerConfigKeys (ConfUtils.java:logGet(43)) - raft.server.snapshot.retention.file.num = 5 (custom)
2019-10-06 01:11:54,477 [pool-217-thread-1] INFO  server.RaftServerConfigKeys (ConfUtils.java:logGet(43)) - raft.server.retrycache.expirytime = 600000ms (custom)
2019-10-06 01:11:54,479 [pool-217-thread-1] INFO  impl.RaftServerImpl (RaftServerImpl.java:start(181)) - 6e899f9a-39c7-4d88-8fee-651142b6bdd4@group-A9416E283411: start as a follower, conf=-1: [6e899f9a-39c7-4d88-8fee-651142b6bdd4:192.168.30.55:40860], old=null
2019-10-06 01:11:54,480 [pool-217-thread-1] INFO  impl.RaftServerImpl (RaftServerImpl.java:setRole(170)) - 6e899f9a-39c7-4d88-8fee-651142b6bdd4@group-A9416E283411: changes role from      null to FOLLOWER at term 0 for startAsFollower
2019-10-06 01:11:54,480 [pool-217-thread-1] INFO  impl.RoleInfo (RoleInfo.java:updateAndGet(143)) - 6e899f9a-39c7-4d88-8fee-651142b6bdd4: start FollowerState
2019-10-06 01:11:54,480 [pool-217-thread-1] INFO  util.JmxRegister (JmxRegister.java:tryRegister(44)) - Successfully registered JMX Bean with object name Ratis:service=RaftServer,group=group-A9416E283411,id=6e899f9a-39c7-4d88-8fee-651142b6bdd4
2019-10-06 01:11:54,486 [RatisPipelineUtilsThread] INFO  pipeline.PipelineStateManager (PipelineStateManager.java:addPipeline(56)) - Created pipeline Pipeline[ Id: 0bd540ec-689d-41e8-9577-a9416e283411, Nodes: 6e899f9a-39c7-4d88-8fee-651142b6bdd4{ip: 192.168.30.55, host: pr-hdds-2233-w5czk-1584650955, networkLocation: /default-rack, certSerialId: null}, Type:RATIS, Factor:ONE, State:OPEN]
2019-10-06 01:11:54,500 [IPC Server handler 3 on 42476] INFO  net.NetworkTopology (NetworkTopologyImpl.java:add(111)) - Added a new node: /default-rack/a4038982-b048-40e7-a9bf-935f23389f2d
2019-10-06 01:11:54,500 [IPC Server handler 3 on 42476] INFO  node.SCMNodeManager (SCMNodeManager.java:register(266)) - Registered Data node : a4038982-b048-40e7-a9bf-935f23389f2d{ip: 192.168.30.55, host: pr-hdds-2233-w5czk-1584650955, networkLocation: /default-rack, certSerialId: null}
2019-10-06 01:11:54,510 [grpc-default-executor-6] INFO  impl.RaftServerProxy (RaftServerProxy.java:addNew(89)) - a4038982-b048-40e7-a9bf-935f23389f2d: addNew group-F23CEABB0301:[a4038982-b048-40e7-a9bf-935f23389f2d:192.168.30.55:40403] returns group-F23CEABB0301:java.util.concurrent.CompletableFuture@7259c082[Not completed]
2019-10-06 01:11:54,512 [pool-227-thread-1] INFO  impl.RaftServerImpl (RaftServerImpl.java:<init>(95)) - a4038982-b048-40e7-a9bf-935f23389f2d: new RaftServerImpl for group-F23CEABB0301:[a4038982-b048-40e7-a9bf-935f23389f2d:192.168.30.55:40403] with ContainerStateMachine:uninitialized
2019-10-06 01:11:54,512 [pool-227-thread-1] INFO  server.RaftServerConfigKeys (ConfUtils.java:logGet(43)) - raft.server.rpc.timeout.min = 5s (custom)
2019-10-06 01:11:54,512 [pool-227-thread-1] INFO  server.RaftServerConfigKeys (ConfUtils.java:logGet(43)) - raft.server.rpc.timeout.max = 5200ms (custom)
2019-10-06 01:11:54,512 [pool-227-thread-1] INFO  server.RaftServerConfigKeys (ConfUtils.java:logGet(43)) - raft.server.rpcslowness.timeout = 120s (custom)
2019-10-06 01:11:54,512 [pool-227-thread-1] INFO  server.RaftServerConfigKeys (ConfUtils.java:logGet(43)) - raft.server.sleep.deviation.threshold = 300 (default)
2019-10-06 01:11:54,512 [pool-227-thread-1] INFO  server.RaftServerConfigKeys (ConfUtils.java:logGet(43)) - raft.server.log.appender.install.snapshot.enabled = false (custom)
2019-10-06 01:11:54,513 [pool-227-thread-1] INFO  impl.RaftServerImpl (ServerState.java:<init>(103)) - a4038982-b048-40e7-a9bf-935f23389f2d@group-F23CEABB0301: ConfigurationManager, init=-1: [a4038982-b048-40e7-a9bf-935f23389f2d:192.168.30.55:40403], old=null, confs=<EMPTY_MAP>
2019-10-06 01:11:54,513 [pool-227-thread-1] INFO  server.RaftServerConfigKeys (ConfUtils.java:logGet(43)) - raft.server.storage.dir = [/workdir/hadoop-ozone/integration-test/target/test-dir/MiniOzoneClusterImpl-40360609-f70a-4692-942a-daf78c144095/datanode-2/data/ratis] (custom)
2019-10-06 01:11:54,513 [pool-227-thread-1] INFO  server.RaftServerConfigKeys (ConfUtils.java:logGet(43)) - raft.server.log.corruption.policy = EXCEPTION (default)
2019-10-06 01:11:54,513 [pool-227-thread-1] INFO  storage.RaftStorageDirectory (RaftStorageDirectory.java:analyzeStorage(246)) - The storage directory /workdir/hadoop-ozone/integration-test/target/test-dir/MiniOzoneClusterImpl-40360609-f70a-4692-942a-daf78c144095/datanode-2/data/ratis/0570ffe7-df13-42e9-9d06-f23ceabb0301 does not exist. Creating ...
2019-10-06 01:11:54,527 [pool-227-thread-1] INFO  storage.RaftStorageDirectory (RaftStorageDirectory.java:tryLock(328)) - Lock on /workdir/hadoop-ozone/integration-test/target/test-dir/MiniOzoneClusterImpl-40360609-f70a-4692-942a-daf78c144095/datanode-2/data/ratis/0570ffe7-df13-42e9-9d06-f23ceabb0301/in_use.lock acquired by nodename 12540@pr-hdds-2233-w5czk-1584650955
2019-10-06 01:11:54,540 [pool-227-thread-1] INFO  storage.RaftStorage (RaftStorage.java:format(84)) - Storage directory /workdir/hadoop-ozone/integration-test/target/test-dir/MiniOzoneClusterImpl-40360609-f70a-4692-942a-daf78c144095/datanode-2/data/ratis/0570ffe7-df13-42e9-9d06-f23ceabb0301 has been successfully formatted.
2019-10-06 01:11:54,541 [pool-227-thread-1] INFO  ratis.ContainerStateMachine (ContainerStateMachine.java:loadSnapshot(230)) - group-F23CEABB0301: The snapshot info is null. Setting the last applied indexto:(t:0, i:~)
2019-10-06 01:11:54,542 [pool-227-thread-1] INFO  server.RaftServerConfigKeys (ConfUtils.java:logGet(43)) - raft.server.notification.no-leader.timeout = 120s (custom)
2019-10-06 01:11:54,542 [pool-227-thread-1] INFO  server.RaftServerConfigKeys (ConfUtils.java:logGet(43)) - raft.server.log.use.memory = false (default)
2019-10-06 01:11:54,542 [pool-227-thread-1] INFO  server.RaftServerConfigKeys (ConfUtils.java:logGet(43)) - raft.server.log.purge.gap = 1000000 (custom)
2019-10-06 01:11:54,542 [pool-227-thread-1] INFO  server.RaftServerConfigKeys (ConfUtils.java:logGet(43)) - raft.server.log.appender.buffer.byte-limit = 33554432 (custom)
2019-10-06 01:11:54,542 [pool-227-thread-1] INFO  server.RaftServerConfigKeys (ConfUtils.java:logGet(43)) - raft.server.log.segment.size.max = 1048576 (custom)
2019-10-06 01:11:54,545 [pool-227-thread-1] INFO  server.RaftServerConfigKeys (ConfUtils.java:logGet(43)) - raft.server.log.segment.cache.num.max = 2 (custom)
2019-10-06 01:11:54,545 [pool-227-thread-1] INFO  segmented.SegmentedRaftLogWorker (SegmentedRaftLogWorker.java:<init>(173)) - new a4038982-b048-40e7-a9bf-935f23389f2d@group-F23CEABB0301-SegmentedRaftLogWorker for RaftStorage:Storage Directory /workdir/hadoop-ozone/integration-test/target/test-dir/MiniOzoneClusterImpl-40360609-f70a-4692-942a-daf78c144095/datanode-2/data/ratis/0570ffe7-df13-42e9-9d06-f23ceabb0301
2019-10-06 01:11:54,545 [pool-227-thread-1] INFO  server.RaftServerConfigKeys (ConfUtils.java:logGet(43)) - raft.server.log.queue.byte-limit = 2147483647 (custom)
2019-10-06 01:11:54,545 [pool-227-thread-1] INFO  server.RaftServerConfigKeys (ConfUtils.java:logGet(43)) - raft.server.log.queue.element-limit = 1024 (custom)
2019-10-06 01:11:54,545 [pool-227-thread-1] INFO  server.RaftServerConfigKeys (ConfUtils.java:logGet(43)) - raft.server.log.segment.size.max = 1048576 (custom)
2019-10-06 01:11:54,545 [pool-227-thread-1] INFO  server.RaftServerConfigKeys (ConfUtils.java:logGet(43)) - raft.server.log.preallocated.size = 16384 (custom)
2019-10-06 01:11:54,546 [pool-227-thread-1] INFO  server.RaftServerConfigKeys (ConfUtils.java:logGet(43)) - raft.server.log.write.buffer.size = 33554432 (custom)
2019-10-06 01:11:54,546 [pool-227-thread-1] INFO  server.RaftServerConfigKeys (ConfUtils.java:logGet(43)) - raft.server.log.force.sync.num = 128 (default)
2019-10-06 01:11:54,546 [pool-227-thread-1] INFO  server.RaftServerConfigKeys (ConfUtils.java:logGet(43)) - raft.server.log.statemachine.data.sync = true (default)
2019-10-06 01:11:54,546 [pool-227-thread-1] INFO  server.RaftServerConfigKeys (ConfUtils.java:logGet(43)) - raft.server.log.statemachine.data.sync.timeout = 10s (default)
2019-10-06 01:11:54,546 [pool-227-thread-1] INFO  server.RaftServerConfigKeys (ConfUtils.java:logGet(43)) - raft.server.log.statemachine.data.sync.timeout.retry = -1 (default)
2019-10-06 01:11:54,547 [pool-227-thread-1] INFO  server.RaftServerConfigKeys (ConfUtils.java:logGet(43)) - raft.server.log.statemachine.data.caching.enabled = true (custom)
2019-10-06 01:11:54,548 [pool-227-thread-1] INFO  segmented.SegmentedRaftLogWorker (SegmentedRaftLogWorker.java:lambda$new$0(128)) - a4038982-b048-40e7-a9bf-935f23389f2d@group-F23CEABB0301-SegmentedRaftLogWorker: flushIndex: setUnconditionally 0 -> -1
2019-10-06 01:11:54,548 [pool-227-thread-1] INFO  server.RaftServerConfigKeys (ConfUtils.java:logGet(43)) - raft.server.snapshot.auto.trigger.enabled = true (custom)
2019-10-06 01:11:54,548 [pool-227-thread-1] INFO  server.RaftServerConfigKeys (ConfUtils.java:logGet(43)) - raft.server.snapshot.auto.trigger.threshold = 10000 (custom)
2019-10-06 01:11:54,548 [pool-227-thread-1] INFO  server.RaftServerConfigKeys (ConfUtils.java:logGet(43)) - raft.server.snapshot.retention.file.num = 5 (custom)
2019-10-06 01:11:54,549 [pool-227-thread-1] INFO  server.RaftServerConfigKeys (ConfUtils.java:logGet(43)) - raft.server.retrycache.expirytime = 600000ms (custom)
2019-10-06 01:11:54,552 [pool-227-thread-1] INFO  impl.RaftServerImpl (RaftServerImpl.java:start(181)) - a4038982-b048-40e7-a9bf-935f23389f2d@group-F23CEABB0301: start as a follower, conf=-1: [a4038982-b048-40e7-a9bf-935f23389f2d:192.168.30.55:40403], old=null
2019-10-06 01:11:54,552 [pool-227-thread-1] INFO  impl.RaftServerImpl (RaftServerImpl.java:setRole(170)) - a4038982-b048-40e7-a9bf-935f23389f2d@group-F23CEABB0301: changes role from      null to FOLLOWER at term 0 for startAsFollower
2019-10-06 01:11:54,552 [pool-227-thread-1] INFO  impl.RoleInfo (RoleInfo.java:updateAndGet(143)) - a4038982-b048-40e7-a9bf-935f23389f2d: start FollowerState
2019-10-06 01:11:54,553 [pool-227-thread-1] INFO  util.JmxRegister (JmxRegister.java:tryRegister(44)) - Successfully registered JMX Bean with object name Ratis:service=RaftServer,group=group-F23CEABB0301,id=a4038982-b048-40e7-a9bf-935f23389f2d
2019-10-06 01:11:54,564 [RatisPipelineUtilsThread] INFO  pipeline.PipelineStateManager (PipelineStateManager.java:addPipeline(56)) - Created pipeline Pipeline[ Id: 0570ffe7-df13-42e9-9d06-f23ceabb0301, Nodes: a4038982-b048-40e7-a9bf-935f23389f2d{ip: 192.168.30.55, host: pr-hdds-2233-w5czk-1584650955, networkLocation: /default-rack, certSerialId: null}, Type:RATIS, Factor:ONE, State:OPEN]
2019-10-06 01:11:54,564 [IPC Server handler 4 on 42476] INFO  net.NetworkTopology (NetworkTopologyImpl.java:add(111)) - Added a new node: /default-rack/bf220e48-d6ce-49f3-a557-fc9d50d77ef3
2019-10-06 01:11:54,565 [IPC Server handler 4 on 42476] INFO  node.SCMNodeManager (SCMNodeManager.java:register(266)) - Registered Data node : bf220e48-d6ce-49f3-a557-fc9d50d77ef3{ip: 192.168.30.55, host: pr-hdds-2233-w5czk-1584650955, networkLocation: /default-rack, certSerialId: null}
2019-10-06 01:11:54,573 [grpc-default-executor-6] INFO  impl.RaftServerProxy (RaftServerProxy.java:addNew(89)) - bf220e48-d6ce-49f3-a557-fc9d50d77ef3: addNew group-B22124A61184:[bf220e48-d6ce-49f3-a557-fc9d50d77ef3:192.168.30.55:36514] returns group-B22124A61184:java.util.concurrent.CompletableFuture@1e3142fb[Not completed]
2019-10-06 01:11:54,574 [pool-237-thread-1] INFO  impl.RaftServerImpl (RaftServerImpl.java:<init>(95)) - bf220e48-d6ce-49f3-a557-fc9d50d77ef3: new RaftServerImpl for group-B22124A61184:[bf220e48-d6ce-49f3-a557-fc9d50d77ef3:192.168.30.55:36514] with ContainerStateMachine:uninitialized
2019-10-06 01:11:54,575 [pool-237-thread-1] INFO  server.RaftServerConfigKeys (ConfUtils.java:logGet(43)) - raft.server.rpc.timeout.min = 5s (custom)
2019-10-06 01:11:54,575 [pool-237-thread-1] INFO  server.RaftServerConfigKeys (ConfUtils.java:logGet(43)) - raft.server.rpc.timeout.max = 5200ms (custom)
2019-10-06 01:11:54,575 [pool-237-thread-1] INFO  server.RaftServerConfigKeys (ConfUtils.java:logGet(43)) - raft.server.rpcslowness.timeout = 120s (custom)
2019-10-06 01:11:54,575 [pool-237-thread-1] INFO  server.RaftServerConfigKeys (ConfUtils.java:logGet(43)) - raft.server.sleep.deviation.threshold = 300 (default)
2019-10-06 01:11:54,575 [pool-237-thread-1] INFO  server.RaftServerConfigKeys (ConfUtils.java:logGet(43)) - raft.server.log.appender.install.snapshot.enabled = false (custom)
2019-10-06 01:11:54,575 [pool-237-thread-1] INFO  impl.RaftServerImpl (ServerState.java:<init>(103)) - bf220e48-d6ce-49f3-a557-fc9d50d77ef3@group-B22124A61184: ConfigurationManager, init=-1: [bf220e48-d6ce-49f3-a557-fc9d50d77ef3:192.168.30.55:36514], old=null, confs=<EMPTY_MAP>
2019-10-06 01:11:54,575 [pool-237-thread-1] INFO  server.RaftServerConfigKeys (ConfUtils.java:logGet(43)) - raft.server.storage.dir = [/workdir/hadoop-ozone/integration-test/target/test-dir/MiniOzoneClusterImpl-40360609-f70a-4692-942a-daf78c144095/datanode-3/data/ratis] (custom)
2019-10-06 01:11:54,576 [pool-237-thread-1] INFO  server.RaftServerConfigKeys (ConfUtils.java:logGet(43)) - raft.server.log.corruption.policy = EXCEPTION (default)
2019-10-06 01:11:54,576 [pool-237-thread-1] INFO  storage.RaftStorageDirectory (RaftStorageDirectory.java:analyzeStorage(246)) - The storage directory /workdir/hadoop-ozone/integration-test/target/test-dir/MiniOzoneClusterImpl-40360609-f70a-4692-942a-daf78c144095/datanode-3/data/ratis/223169d8-0d58-4f7d-9c1e-b22124a61184 does not exist. Creating ...
2019-10-06 01:11:54,589 [pool-237-thread-1] INFO  storage.RaftStorageDirectory (RaftStorageDirectory.java:tryLock(328)) - Lock on /workdir/hadoop-ozone/integration-test/target/test-dir/MiniOzoneClusterImpl-40360609-f70a-4692-942a-daf78c144095/datanode-3/data/ratis/223169d8-0d58-4f7d-9c1e-b22124a61184/in_use.lock acquired by nodename 12540@pr-hdds-2233-w5czk-1584650955
2019-10-06 01:11:54,602 [pool-237-thread-1] INFO  storage.RaftStorage (RaftStorage.java:format(84)) - Storage directory /workdir/hadoop-ozone/integration-test/target/test-dir/MiniOzoneClusterImpl-40360609-f70a-4692-942a-daf78c144095/datanode-3/data/ratis/223169d8-0d58-4f7d-9c1e-b22124a61184 has been successfully formatted.
2019-10-06 01:11:54,602 [pool-237-thread-1] INFO  ratis.ContainerStateMachine (ContainerStateMachine.java:loadSnapshot(230)) - group-B22124A61184: The snapshot info is null. Setting the last applied indexto:(t:0, i:~)
2019-10-06 01:11:54,603 [pool-237-thread-1] INFO  server.RaftServerConfigKeys (ConfUtils.java:logGet(43)) - raft.server.notification.no-leader.timeout = 120s (custom)
2019-10-06 01:11:54,603 [pool-237-thread-1] INFO  server.RaftServerConfigKeys (ConfUtils.java:logGet(43)) - raft.server.log.use.memory = false (default)
2019-10-06 01:11:54,603 [pool-237-thread-1] INFO  server.RaftServerConfigKeys (ConfUtils.java:logGet(43)) - raft.server.log.purge.gap = 1000000 (custom)
2019-10-06 01:11:54,603 [pool-237-thread-1] INFO  server.RaftServerConfigKeys (ConfUtils.java:logGet(43)) - raft.server.log.appender.buffer.byte-limit = 33554432 (custom)
2019-10-06 01:11:54,603 [pool-237-thread-1] INFO  server.RaftServerConfigKeys (ConfUtils.java:logGet(43)) - raft.server.log.segment.size.max = 1048576 (custom)
2019-10-06 01:11:54,605 [pool-237-thread-1] INFO  server.RaftServerConfigKeys (ConfUtils.java:logGet(43)) - raft.server.log.segment.cache.num.max = 2 (custom)
2019-10-06 01:11:54,605 [pool-237-thread-1] INFO  segmented.SegmentedRaftLogWorker (SegmentedRaftLogWorker.java:<init>(173)) - new bf220e48-d6ce-49f3-a557-fc9d50d77ef3@group-B22124A61184-SegmentedRaftLogWorker for RaftStorage:Storage Directory /workdir/hadoop-ozone/integration-test/target/test-dir/MiniOzoneClusterImpl-40360609-f70a-4692-942a-daf78c144095/datanode-3/data/ratis/223169d8-0d58-4f7d-9c1e-b22124a61184
2019-10-06 01:11:54,605 [pool-237-thread-1] INFO  server.RaftServerConfigKeys (ConfUtils.java:logGet(43)) - raft.server.log.queue.byte-limit = 2147483647 (custom)
2019-10-06 01:11:54,605 [pool-237-thread-1] INFO  server.RaftServerConfigKeys (ConfUtils.java:logGet(43)) - raft.server.log.queue.element-limit = 1024 (custom)
2019-10-06 01:11:54,606 [pool-237-thread-1] INFO  server.RaftServerConfigKeys (ConfUtils.java:logGet(43)) - raft.server.log.segment.size.max = 1048576 (custom)
2019-10-06 01:11:54,606 [pool-237-thread-1] INFO  server.RaftServerConfigKeys (ConfUtils.java:logGet(43)) - raft.server.log.preallocated.size = 16384 (custom)
2019-10-06 01:11:54,606 [pool-237-thread-1] INFO  server.RaftServerConfigKeys (ConfUtils.java:logGet(43)) - raft.server.log.write.buffer.size = 33554432 (custom)
2019-10-06 01:11:54,606 [pool-237-thread-1] INFO  server.RaftServerConfigKeys (ConfUtils.java:logGet(43)) - raft.server.log.force.sync.num = 128 (default)
2019-10-06 01:11:54,606 [pool-237-thread-1] INFO  server.RaftServerConfigKeys (ConfUtils.java:logGet(43)) - raft.server.log.statemachine.data.sync = true (default)
2019-10-06 01:11:54,606 [pool-237-thread-1] INFO  server.RaftServerConfigKeys (ConfUtils.java:logGet(43)) - raft.server.log.statemachine.data.sync.timeout = 10s (default)
2019-10-06 01:11:54,606 [pool-237-thread-1] INFO  server.RaftServerConfigKeys (ConfUtils.java:logGet(43)) - raft.server.log.statemachine.data.sync.timeout.retry = -1 (default)
2019-10-06 01:11:54,607 [pool-237-thread-1] INFO  server.RaftServerConfigKeys (ConfUtils.java:logGet(43)) - raft.server.log.statemachine.data.caching.enabled = true (custom)
2019-10-06 01:11:54,607 [pool-237-thread-1] INFO  segmented.SegmentedRaftLogWorker (SegmentedRaftLogWorker.java:lambda$new$0(128)) - bf220e48-d6ce-49f3-a557-fc9d50d77ef3@group-B22124A61184-SegmentedRaftLogWorker: flushIndex: setUnconditionally 0 -> -1
2019-10-06 01:11:54,607 [pool-237-thread-1] INFO  server.RaftServerConfigKeys (ConfUtils.java:logGet(43)) - raft.server.snapshot.auto.trigger.enabled = true (custom)
2019-10-06 01:11:54,608 [pool-237-thread-1] INFO  server.RaftServerConfigKeys (ConfUtils.java:logGet(43)) - raft.server.snapshot.auto.trigger.threshold = 10000 (custom)
2019-10-06 01:11:54,608 [pool-237-thread-1] INFO  server.RaftServerConfigKeys (ConfUtils.java:logGet(43)) - raft.server.snapshot.retention.file.num = 5 (custom)
2019-10-06 01:11:54,608 [pool-237-thread-1] INFO  server.RaftServerConfigKeys (ConfUtils.java:logGet(43)) - raft.server.retrycache.expirytime = 600000ms (custom)
2019-10-06 01:11:54,609 [pool-237-thread-1] INFO  impl.RaftServerImpl (RaftServerImpl.java:start(181)) - bf220e48-d6ce-49f3-a557-fc9d50d77ef3@group-B22124A61184: start as a follower, conf=-1: [bf220e48-d6ce-49f3-a557-fc9d50d77ef3:192.168.30.55:36514], old=null
2019-10-06 01:11:54,610 [pool-237-thread-1] INFO  impl.RaftServerImpl (RaftServerImpl.java:setRole(170)) - bf220e48-d6ce-49f3-a557-fc9d50d77ef3@group-B22124A61184: changes role from      null to FOLLOWER at term 0 for startAsFollower
2019-10-06 01:11:54,610 [pool-237-thread-1] INFO  impl.RoleInfo (RoleInfo.java:updateAndGet(143)) - bf220e48-d6ce-49f3-a557-fc9d50d77ef3: start FollowerState
2019-10-06 01:11:54,610 [pool-237-thread-1] INFO  util.JmxRegister (JmxRegister.java:tryRegister(44)) - Successfully registered JMX Bean with object name Ratis:service=RaftServer,group=group-B22124A61184,id=bf220e48-d6ce-49f3-a557-fc9d50d77ef3
2019-10-06 01:11:54,614 [RatisPipelineUtilsThread] INFO  pipeline.PipelineStateManager (PipelineStateManager.java:addPipeline(56)) - Created pipeline Pipeline[ Id: 223169d8-0d58-4f7d-9c1e-b22124a61184, Nodes: bf220e48-d6ce-49f3-a557-fc9d50d77ef3{ip: 192.168.30.55, host: pr-hdds-2233-w5czk-1584650955, networkLocation: /default-rack, certSerialId: null}, Type:RATIS, Factor:ONE, State:OPEN]
2019-10-06 01:11:54,632 [grpc-default-executor-3] INFO  impl.RaftServerProxy (RaftServerProxy.java:addNew(89)) - bf220e48-d6ce-49f3-a557-fc9d50d77ef3: addNew group-F8ADE7488A15:[a3975b4a-105c-4b9b-8142-24e206f1c3ba:192.168.30.55:34641, bf220e48-d6ce-49f3-a557-fc9d50d77ef3:192.168.30.55:36514, 6e899f9a-39c7-4d88-8fee-651142b6bdd4:192.168.30.55:40860] returns group-F8ADE7488A15:java.util.concurrent.CompletableFuture@62430e02[Not completed]
2019-10-06 01:11:54,634 [grpc-default-executor-6] INFO  impl.RaftServerProxy (RaftServerProxy.java:addNew(89)) - 6e899f9a-39c7-4d88-8fee-651142b6bdd4: addNew group-F8ADE7488A15:[a3975b4a-105c-4b9b-8142-24e206f1c3ba:192.168.30.55:34641, bf220e48-d6ce-49f3-a557-fc9d50d77ef3:192.168.30.55:36514, 6e899f9a-39c7-4d88-8fee-651142b6bdd4:192.168.30.55:40860] returns group-F8ADE7488A15:java.util.concurrent.CompletableFuture@6f1cb105[Not completed]
2019-10-06 01:11:54,634 [grpc-default-executor-7] INFO  impl.RaftServerProxy (RaftServerProxy.java:addNew(89)) - a3975b4a-105c-4b9b-8142-24e206f1c3ba: addNew group-F8ADE7488A15:[a3975b4a-105c-4b9b-8142-24e206f1c3ba:192.168.30.55:34641, bf220e48-d6ce-49f3-a557-fc9d50d77ef3:192.168.30.55:36514, 6e899f9a-39c7-4d88-8fee-651142b6bdd4:192.168.30.55:40860] returns group-F8ADE7488A15:java.util.concurrent.CompletableFuture@741add77[Not completed]
2019-10-06 01:11:54,635 [pool-217-thread-1] INFO  impl.RaftServerImpl (RaftServerImpl.java:<init>(95)) - 6e899f9a-39c7-4d88-8fee-651142b6bdd4: new RaftServerImpl for group-F8ADE7488A15:[a3975b4a-105c-4b9b-8142-24e206f1c3ba:192.168.30.55:34641, bf220e48-d6ce-49f3-a557-fc9d50d77ef3:192.168.30.55:36514, 6e899f9a-39c7-4d88-8fee-651142b6bdd4:192.168.30.55:40860] with ContainerStateMachine:uninitialized
2019-10-06 01:11:54,635 [pool-217-thread-1] INFO  server.RaftServerConfigKeys (ConfUtils.java:logGet(43)) - raft.server.rpc.timeout.min = 5s (custom)
2019-10-06 01:11:54,635 [pool-217-thread-1] INFO  server.RaftServerConfigKeys (ConfUtils.java:logGet(43)) - raft.server.rpc.timeout.max = 5200ms (custom)
2019-10-06 01:11:54,635 [pool-217-thread-1] INFO  server.RaftServerConfigKeys (ConfUtils.java:logGet(43)) - raft.server.rpcslowness.timeout = 120s (custom)
2019-10-06 01:11:54,636 [pool-217-thread-1] INFO  server.RaftServerConfigKeys (ConfUtils.java:logGet(43)) - raft.server.sleep.deviation.threshold = 300 (default)
2019-10-06 01:11:54,636 [pool-217-thread-1] INFO  server.RaftServerConfigKeys (ConfUtils.java:logGet(43)) - raft.server.log.appender.install.snapshot.enabled = false (custom)
2019-10-06 01:11:54,636 [pool-207-thread-1] INFO  impl.RaftServerImpl (RaftServerImpl.java:<init>(95)) - a3975b4a-105c-4b9b-8142-24e206f1c3ba: new RaftServerImpl for group-F8ADE7488A15:[a3975b4a-105c-4b9b-8142-24e206f1c3ba:192.168.30.55:34641, bf220e48-d6ce-49f3-a557-fc9d50d77ef3:192.168.30.55:36514, 6e899f9a-39c7-4d88-8fee-651142b6bdd4:192.168.30.55:40860] with ContainerStateMachine:uninitialized
2019-10-06 01:11:54,636 [pool-217-thread-1] INFO  impl.RaftServerImpl (ServerState.java:<init>(103)) - 6e899f9a-39c7-4d88-8fee-651142b6bdd4@group-F8ADE7488A15: ConfigurationManager, init=-1: [a3975b4a-105c-4b9b-8142-24e206f1c3ba:192.168.30.55:34641, bf220e48-d6ce-49f3-a557-fc9d50d77ef3:192.168.30.55:36514, 6e899f9a-39c7-4d88-8fee-651142b6bdd4:192.168.30.55:40860], old=null, confs=<EMPTY_MAP>
2019-10-06 01:11:54,636 [pool-207-thread-1] INFO  server.RaftServerConfigKeys (ConfUtils.java:logGet(43)) - raft.server.rpc.timeout.min = 5s (custom)
2019-10-06 01:11:54,636 [pool-217-thread-1] INFO  server.RaftServerConfigKeys (ConfUtils.java:logGet(43)) - raft.server.storage.dir = [/workdir/hadoop-ozone/integration-test/target/test-dir/MiniOzoneClusterImpl-40360609-f70a-4692-942a-daf78c144095/datanode-1/data/ratis] (custom)
2019-10-06 01:11:54,636 [pool-207-thread-1] INFO  server.RaftServerConfigKeys (ConfUtils.java:logGet(43)) - raft.server.rpc.timeout.max = 5200ms (custom)
2019-10-06 01:11:54,637 [pool-237-thread-1] INFO  impl.RaftServerImpl (RaftServerImpl.java:<init>(95)) - bf220e48-d6ce-49f3-a557-fc9d50d77ef3: new RaftServerImpl for group-F8ADE7488A15:[a3975b4a-105c-4b9b-8142-24e206f1c3ba:192.168.30.55:34641, bf220e48-d6ce-49f3-a557-fc9d50d77ef3:192.168.30.55:36514, 6e899f9a-39c7-4d88-8fee-651142b6bdd4:192.168.30.55:40860] with ContainerStateMachine:uninitialized
2019-10-06 01:11:54,637 [pool-207-thread-1] INFO  server.RaftServerConfigKeys (ConfUtils.java:logGet(43)) - raft.server.rpcslowness.timeout = 120s (custom)
2019-10-06 01:11:54,637 [pool-217-thread-1] INFO  server.RaftServerConfigKeys (ConfUtils.java:logGet(43)) - raft.server.log.corruption.policy = EXCEPTION (default)
2019-10-06 01:11:54,637 [pool-237-thread-1] INFO  server.RaftServerConfigKeys (ConfUtils.java:logGet(43)) - raft.server.rpc.timeout.min = 5s (custom)
2019-10-06 01:11:54,637 [pool-207-thread-1] INFO  server.RaftServerConfigKeys (ConfUtils.java:logGet(43)) - raft.server.sleep.deviation.threshold = 300 (default)
2019-10-06 01:11:54,637 [pool-237-thread-1] INFO  server.RaftServerConfigKeys (ConfUtils.java:logGet(43)) - raft.server.rpc.timeout.max = 5200ms (custom)
2019-10-06 01:11:54,638 [pool-217-thread-1] INFO  storage.RaftStorageDirectory (RaftStorageDirectory.java:analyzeStorage(246)) - The storage directory /workdir/hadoop-ozone/integration-test/target/test-dir/MiniOzoneClusterImpl-40360609-f70a-4692-942a-daf78c144095/datanode-1/data/ratis/39c24faf-7937-49d3-9817-f8ade7488a15 does not exist. Creating ...
2019-10-06 01:11:54,637 [pool-207-thread-1] INFO  server.RaftServerConfigKeys (ConfUtils.java:logGet(43)) - raft.server.log.appender.install.snapshot.enabled = false (custom)
2019-10-06 01:11:54,638 [pool-237-thread-1] INFO  server.RaftServerConfigKeys (ConfUtils.java:logGet(43)) - raft.server.rpcslowness.timeout = 120s (custom)
2019-10-06 01:11:54,638 [pool-207-thread-1] INFO  impl.RaftServerImpl (ServerState.java:<init>(103)) - a3975b4a-105c-4b9b-8142-24e206f1c3ba@group-F8ADE7488A15: ConfigurationManager, init=-1: [a3975b4a-105c-4b9b-8142-24e206f1c3ba:192.168.30.55:34641, bf220e48-d6ce-49f3-a557-fc9d50d77ef3:192.168.30.55:36514, 6e899f9a-39c7-4d88-8fee-651142b6bdd4:192.168.30.55:40860], old=null, confs=<EMPTY_MAP>
2019-10-06 01:11:54,638 [pool-237-thread-1] INFO  server.RaftServerConfigKeys (ConfUtils.java:logGet(43)) - raft.server.sleep.deviation.threshold = 300 (default)
2019-10-06 01:11:54,638 [pool-207-thread-1] INFO  server.RaftServerConfigKeys (ConfUtils.java:logGet(43)) - raft.server.storage.dir = [/workdir/hadoop-ozone/integration-test/target/test-dir/MiniOzoneClusterImpl-40360609-f70a-4692-942a-daf78c144095/datanode-0/data/ratis] (custom)
2019-10-06 01:11:54,638 [pool-237-thread-1] INFO  server.RaftServerConfigKeys (ConfUtils.java:logGet(43)) - raft.server.log.appender.install.snapshot.enabled = false (custom)
2019-10-06 01:11:54,639 [pool-237-thread-1] INFO  impl.RaftServerImpl (ServerState.java:<init>(103)) - bf220e48-d6ce-49f3-a557-fc9d50d77ef3@group-F8ADE7488A15: ConfigurationManager, init=-1: [a3975b4a-105c-4b9b-8142-24e206f1c3ba:192.168.30.55:34641, bf220e48-d6ce-49f3-a557-fc9d50d77ef3:192.168.30.55:36514, 6e899f9a-39c7-4d88-8fee-651142b6bdd4:192.168.30.55:40860], old=null, confs=<EMPTY_MAP>
2019-10-06 01:11:54,639 [pool-207-thread-1] INFO  server.RaftServerConfigKeys (ConfUtils.java:logGet(43)) - raft.server.log.corruption.policy = EXCEPTION (default)
2019-10-06 01:11:54,639 [pool-237-thread-1] INFO  server.RaftServerConfigKeys (ConfUtils.java:logGet(43)) - raft.server.storage.dir = [/workdir/hadoop-ozone/integration-test/target/test-dir/MiniOzoneClusterImpl-40360609-f70a-4692-942a-daf78c144095/datanode-3/data/ratis] (custom)
2019-10-06 01:11:54,639 [pool-207-thread-1] INFO  storage.RaftStorageDirectory (RaftStorageDirectory.java:analyzeStorage(246)) - The storage directory /workdir/hadoop-ozone/integration-test/target/test-dir/MiniOzoneClusterImpl-40360609-f70a-4692-942a-daf78c144095/datanode-0/data/ratis/39c24faf-7937-49d3-9817-f8ade7488a15 does not exist. Creating ...
2019-10-06 01:11:54,639 [pool-237-thread-1] INFO  server.RaftServerConfigKeys (ConfUtils.java:logGet(43)) - raft.server.log.corruption.policy = EXCEPTION (default)
2019-10-06 01:11:54,639 [pool-237-thread-1] INFO  storage.RaftStorageDirectory (RaftStorageDirectory.java:analyzeStorage(246)) - The storage directory /workdir/hadoop-ozone/integration-test/target/test-dir/MiniOzoneClusterImpl-40360609-f70a-4692-942a-daf78c144095/datanode-3/data/ratis/39c24faf-7937-49d3-9817-f8ade7488a15 does not exist. Creating ...
2019-10-06 01:11:54,652 [IPC Server handler 7 on 42476] INFO  net.NetworkTopology (NetworkTopologyImpl.java:add(111)) - Added a new node: /default-rack/0351faed-5a49-4e4d-9068-9101bace7854
2019-10-06 01:11:54,652 [IPC Server handler 7 on 42476] INFO  node.SCMNodeManager (SCMNodeManager.java:register(266)) - Registered Data node : 0351faed-5a49-4e4d-9068-9101bace7854{ip: 192.168.30.55, host: pr-hdds-2233-w5czk-1584650955, networkLocation: /default-rack, certSerialId: null}
2019-10-06 01:11:54,667 [pool-237-thread-1] INFO  storage.RaftStorageDirectory (RaftStorageDirectory.java:tryLock(328)) - Lock on /workdir/hadoop-ozone/integration-test/target/test-dir/MiniOzoneClusterImpl-40360609-f70a-4692-942a-daf78c144095/datanode-3/data/ratis/39c24faf-7937-49d3-9817-f8ade7488a15/in_use.lock acquired by nodename 12540@pr-hdds-2233-w5czk-1584650955
2019-10-06 01:11:54,667 [pool-217-thread-1] INFO  storage.RaftStorageDirectory (RaftStorageDirectory.java:tryLock(328)) - Lock on /workdir/hadoop-ozone/integration-test/target/test-dir/MiniOzoneClusterImpl-40360609-f70a-4692-942a-daf78c144095/datanode-1/data/ratis/39c24faf-7937-49d3-9817-f8ade7488a15/in_use.lock acquired by nodename 12540@pr-hdds-2233-w5czk-1584650955
2019-10-06 01:11:54,667 [pool-207-thread-1] INFO  storage.RaftStorageDirectory (RaftStorageDirectory.java:tryLock(328)) - Lock on /workdir/hadoop-ozone/integration-test/target/test-dir/MiniOzoneClusterImpl-40360609-f70a-4692-942a-daf78c144095/datanode-0/data/ratis/39c24faf-7937-49d3-9817-f8ade7488a15/in_use.lock acquired by nodename 12540@pr-hdds-2233-w5czk-1584650955
2019-10-06 01:11:54,682 [pool-217-thread-1] INFO  storage.RaftStorage (RaftStorage.java:format(84)) - Storage directory /workdir/hadoop-ozone/integration-test/target/test-dir/MiniOzoneClusterImpl-40360609-f70a-4692-942a-daf78c144095/datanode-1/data/ratis/39c24faf-7937-49d3-9817-f8ade7488a15 has been successfully formatted.
2019-10-06 01:11:54,682 [pool-237-thread-1] INFO  storage.RaftStorage (RaftStorage.java:format(84)) - Storage directory /workdir/hadoop-ozone/integration-test/target/test-dir/MiniOzoneClusterImpl-40360609-f70a-4692-942a-daf78c144095/datanode-3/data/ratis/39c24faf-7937-49d3-9817-f8ade7488a15 has been successfully formatted.
2019-10-06 01:11:54,682 [pool-207-thread-1] INFO  storage.RaftStorage (RaftStorage.java:format(84)) - Storage directory /workdir/hadoop-ozone/integration-test/target/test-dir/MiniOzoneClusterImpl-40360609-f70a-4692-942a-daf78c144095/datanode-0/data/ratis/39c24faf-7937-49d3-9817-f8ade7488a15 has been successfully formatted.
2019-10-06 01:11:54,682 [pool-237-thread-1] INFO  ratis.ContainerStateMachine (ContainerStateMachine.java:loadSnapshot(230)) - group-F8ADE7488A15: The snapshot info is null. Setting the last applied indexto:(t:0, i:~)
2019-10-06 01:11:54,682 [pool-217-thread-1] INFO  ratis.ContainerStateMachine (ContainerStateMachine.java:loadSnapshot(230)) - group-F8ADE7488A15: The snapshot info is null. Setting the last applied indexto:(t:0, i:~)
2019-10-06 01:11:54,682 [pool-237-thread-1] INFO  server.RaftServerConfigKeys (ConfUtils.java:logGet(43)) - raft.server.notification.no-leader.timeout = 120s (custom)
2019-10-06 01:11:54,682 [pool-207-thread-1] INFO  ratis.ContainerStateMachine (ContainerStateMachine.java:loadSnapshot(230)) - group-F8ADE7488A15: The snapshot info is null. Setting the last applied indexto:(t:0, i:~)
2019-10-06 01:11:54,682 [pool-237-thread-1] INFO  server.RaftServerConfigKeys (ConfUtils.java:logGet(43)) - raft.server.log.use.memory = false (default)
2019-10-06 01:11:54,682 [pool-217-thread-1] INFO  server.RaftServerConfigKeys (ConfUtils.java:logGet(43)) - raft.server.notification.no-leader.timeout = 120s (custom)
2019-10-06 01:11:54,683 [pool-237-thread-1] INFO  server.RaftServerConfigKeys (ConfUtils.java:logGet(43)) - raft.server.log.purge.gap = 1000000 (custom)
2019-10-06 01:11:54,683 [pool-207-thread-1] INFO  server.RaftServerConfigKeys (ConfUtils.java:logGet(43)) - raft.server.notification.no-leader.timeout = 120s (custom)
2019-10-06 01:11:54,683 [pool-237-thread-1] INFO  server.RaftServerConfigKeys (ConfUtils.java:logGet(43)) - raft.server.log.appender.buffer.byte-limit = 33554432 (custom)
2019-10-06 01:11:54,683 [pool-217-thread-1] INFO  server.RaftServerConfigKeys (ConfUtils.java:logGet(43)) - raft.server.log.use.memory = false (default)
2019-10-06 01:11:54,683 [pool-237-thread-1] INFO  server.RaftServerConfigKeys (ConfUtils.java:logGet(43)) - raft.server.log.segment.size.max = 1048576 (custom)
2019-10-06 01:11:54,683 [pool-207-thread-1] INFO  server.RaftServerConfigKeys (ConfUtils.java:logGet(43)) - raft.server.log.use.memory = false (default)
2019-10-06 01:11:54,683 [pool-237-thread-1] INFO  server.RaftServerConfigKeys (ConfUtils.java:logGet(43)) - raft.server.log.segment.cache.num.max = 2 (custom)
2019-10-06 01:11:54,683 [pool-217-thread-1] INFO  server.RaftServerConfigKeys (ConfUtils.java:logGet(43)) - raft.server.log.purge.gap = 1000000 (custom)
2019-10-06 01:11:54,684 [pool-237-thread-1] INFO  segmented.SegmentedRaftLogWorker (SegmentedRaftLogWorker.java:<init>(173)) - new bf220e48-d6ce-49f3-a557-fc9d50d77ef3@group-F8ADE7488A15-SegmentedRaftLogWorker for RaftStorage:Storage Directory /workdir/hadoop-ozone/integration-test/target/test-dir/MiniOzoneClusterImpl-40360609-f70a-4692-942a-daf78c144095/datanode-3/data/ratis/39c24faf-7937-49d3-9817-f8ade7488a15
2019-10-06 01:11:54,684 [pool-207-thread-1] INFO  server.RaftServerConfigKeys (ConfUtils.java:logGet(43)) - raft.server.log.purge.gap = 1000000 (custom)
2019-10-06 01:11:54,684 [pool-237-thread-1] INFO  server.RaftServerConfigKeys (ConfUtils.java:logGet(43)) - raft.server.log.queue.byte-limit = 2147483647 (custom)
2019-10-06 01:11:54,684 [pool-217-thread-1] INFO  server.RaftServerConfigKeys (ConfUtils.java:logGet(43)) - raft.server.log.appender.buffer.byte-limit = 33554432 (custom)
2019-10-06 01:11:54,684 [pool-237-thread-1] INFO  server.RaftServerConfigKeys (ConfUtils.java:logGet(43)) - raft.server.log.queue.element-limit = 1024 (custom)
2019-10-06 01:11:54,684 [pool-207-thread-1] INFO  server.RaftServerConfigKeys (ConfUtils.java:logGet(43)) - raft.server.log.appender.buffer.byte-limit = 33554432 (custom)
2019-10-06 01:11:54,684 [pool-237-thread-1] INFO  server.RaftServerConfigKeys (ConfUtils.java:logGet(43)) - raft.server.log.segment.size.max = 1048576 (custom)
2019-10-06 01:11:54,684 [pool-217-thread-1] INFO  server.RaftServerConfigKeys (ConfUtils.java:logGet(43)) - raft.server.log.segment.size.max = 1048576 (custom)
2019-10-06 01:11:54,685 [pool-237-thread-1] INFO  server.RaftServerConfigKeys (ConfUtils.java:logGet(43)) - raft.server.log.preallocated.size = 16384 (custom)
2019-10-06 01:11:54,685 [pool-207-thread-1] INFO  server.RaftServerConfigKeys (ConfUtils.java:logGet(43)) - raft.server.log.segment.size.max = 1048576 (custom)
2019-10-06 01:11:54,685 [pool-237-thread-1] INFO  server.RaftServerConfigKeys (ConfUtils.java:logGet(43)) - raft.server.log.write.buffer.size = 33554432 (custom)
2019-10-06 01:11:54,685 [pool-217-thread-1] INFO  server.RaftServerConfigKeys (ConfUtils.java:logGet(43)) - raft.server.log.segment.cache.num.max = 2 (custom)
2019-10-06 01:11:54,685 [pool-237-thread-1] INFO  server.RaftServerConfigKeys (ConfUtils.java:logGet(43)) - raft.server.log.force.sync.num = 128 (default)
2019-10-06 01:11:54,685 [pool-207-thread-1] INFO  server.RaftServerConfigKeys (ConfUtils.java:logGet(43)) - raft.server.log.segment.cache.num.max = 2 (custom)
2019-10-06 01:11:54,685 [pool-237-thread-1] INFO  server.RaftServerConfigKeys (ConfUtils.java:logGet(43)) - raft.server.log.statemachine.data.sync = true (default)
2019-10-06 01:11:54,685 [pool-217-thread-1] INFO  segmented.SegmentedRaftLogWorker (SegmentedRaftLogWorker.java:<init>(173)) - new 6e899f9a-39c7-4d88-8fee-651142b6bdd4@group-F8ADE7488A15-SegmentedRaftLogWorker for RaftStorage:Storage Directory /workdir/hadoop-ozone/integration-test/target/test-dir/MiniOzoneClusterImpl-40360609-f70a-4692-942a-daf78c144095/datanode-1/data/ratis/39c24faf-7937-49d3-9817-f8ade7488a15
2019-10-06 01:11:54,686 [pool-237-thread-1] INFO  server.RaftServerConfigKeys (ConfUtils.java:logGet(43)) - raft.server.log.statemachine.data.sync.timeout = 10s (default)
2019-10-06 01:11:54,686 [pool-207-thread-1] INFO  segmented.SegmentedRaftLogWorker (SegmentedRaftLogWorker.java:<init>(173)) - new a3975b4a-105c-4b9b-8142-24e206f1c3ba@group-F8ADE7488A15-SegmentedRaftLogWorker for RaftStorage:Storage Directory /workdir/hadoop-ozone/integration-test/target/test-dir/MiniOzoneClusterImpl-40360609-f70a-4692-942a-daf78c144095/datanode-0/data/ratis/39c24faf-7937-49d3-9817-f8ade7488a15
2019-10-06 01:11:54,686 [pool-237-thread-1] INFO  server.RaftServerConfigKeys (ConfUtils.java:logGet(43)) - raft.server.log.statemachine.data.sync.timeout.retry = -1 (default)
2019-10-06 01:11:54,686 [pool-217-thread-1] INFO  server.RaftServerConfigKeys (ConfUtils.java:logGet(43)) - raft.server.log.queue.byte-limit = 2147483647 (custom)
2019-10-06 01:11:54,686 [pool-237-thread-1] INFO  server.RaftServerConfigKeys (ConfUtils.java:logGet(43)) - raft.server.log.statemachine.data.caching.enabled = true (custom)
2019-10-06 01:11:54,686 [pool-207-thread-1] INFO  server.RaftServerConfigKeys (ConfUtils.java:logGet(43)) - raft.server.log.queue.byte-limit = 2147483647 (custom)
2019-10-06 01:11:54,686 [pool-217-thread-1] INFO  server.RaftServerConfigKeys (ConfUtils.java:logGet(43)) - raft.server.log.queue.element-limit = 1024 (custom)
2019-10-06 01:11:54,687 [pool-237-thread-1] INFO  segmented.SegmentedRaftLogWorker (SegmentedRaftLogWorker.java:lambda$new$0(128)) - bf220e48-d6ce-49f3-a557-fc9d50d77ef3@group-F8ADE7488A15-SegmentedRaftLogWorker: flushIndex: setUnconditionally 0 -> -1
2019-10-06 01:11:54,687 [pool-207-thread-1] INFO  server.RaftServerConfigKeys (ConfUtils.java:logGet(43)) - raft.server.log.queue.element-limit = 1024 (custom)
2019-10-06 01:11:54,687 [pool-237-thread-1] INFO  server.RaftServerConfigKeys (ConfUtils.java:logGet(43)) - raft.server.snapshot.auto.trigger.enabled = true (custom)
2019-10-06 01:11:54,687 [pool-217-thread-1] INFO  server.RaftServerConfigKeys (ConfUtils.java:logGet(43)) - raft.server.log.segment.size.max = 1048576 (custom)
2019-10-06 01:11:54,687 [pool-237-thread-1] INFO  server.RaftServerConfigKeys (ConfUtils.java:logGet(43)) - raft.server.snapshot.auto.trigger.threshold = 10000 (custom)
2019-10-06 01:11:54,687 [pool-207-thread-1] INFO  server.RaftServerConfigKeys (ConfUtils.java:logGet(43)) - raft.server.log.segment.size.max = 1048576 (custom)
2019-10-06 01:11:54,687 [pool-237-thread-1] INFO  server.RaftServerConfigKeys (ConfUtils.java:logGet(43)) - raft.server.snapshot.retention.file.num = 5 (custom)
2019-10-06 01:11:54,687 [pool-217-thread-1] INFO  server.RaftServerConfigKeys (ConfUtils.java:logGet(43)) - raft.server.log.preallocated.size = 16384 (custom)
2019-10-06 01:11:54,688 [pool-237-thread-1] INFO  server.RaftServerConfigKeys (ConfUtils.java:logGet(43)) - raft.server.retrycache.expirytime = 600000ms (custom)
2019-10-06 01:11:54,687 [pool-207-thread-1] INFO  server.RaftServerConfigKeys (ConfUtils.java:logGet(43)) - raft.server.log.preallocated.size = 16384 (custom)
2019-10-06 01:11:54,688 [pool-217-thread-1] INFO  server.RaftServerConfigKeys (ConfUtils.java:logGet(43)) - raft.server.log.write.buffer.size = 33554432 (custom)
2019-10-06 01:11:54,688 [pool-207-thread-1] INFO  server.RaftServerConfigKeys (ConfUtils.java:logGet(43)) - raft.server.log.write.buffer.size = 33554432 (custom)
2019-10-06 01:11:54,688 [pool-217-thread-1] INFO  server.RaftServerConfigKeys (ConfUtils.java:logGet(43)) - raft.server.log.force.sync.num = 128 (default)
2019-10-06 01:11:54,688 [pool-207-thread-1] INFO  server.RaftServerConfigKeys (ConfUtils.java:logGet(43)) - raft.server.log.force.sync.num = 128 (default)
2019-10-06 01:11:54,688 [pool-217-thread-1] INFO  server.RaftServerConfigKeys (ConfUtils.java:logGet(43)) - raft.server.log.statemachine.data.sync = true (default)
2019-10-06 01:11:54,689 [pool-207-thread-1] INFO  server.RaftServerConfigKeys (ConfUtils.java:logGet(43)) - raft.server.log.statemachine.data.sync = true (default)
2019-10-06 01:11:54,689 [pool-217-thread-1] INFO  server.RaftServerConfigKeys (ConfUtils.java:logGet(43)) - raft.server.log.statemachine.data.sync.timeout = 10s (default)
2019-10-06 01:11:54,689 [pool-207-thread-1] INFO  server.RaftServerConfigKeys (ConfUtils.java:logGet(43)) - raft.server.log.statemachine.data.sync.timeout = 10s (default)
2019-10-06 01:11:54,689 [pool-217-thread-1] INFO  server.RaftServerConfigKeys (ConfUtils.java:logGet(43)) - raft.server.log.statemachine.data.sync.timeout.retry = -1 (default)
2019-10-06 01:11:54,689 [pool-207-thread-1] INFO  server.RaftServerConfigKeys (ConfUtils.java:logGet(43)) - raft.server.log.statemachine.data.sync.timeout.retry = -1 (default)
2019-10-06 01:11:54,689 [pool-217-thread-1] INFO  server.RaftServerConfigKeys (ConfUtils.java:logGet(43)) - raft.server.log.statemachine.data.caching.enabled = true (custom)
2019-10-06 01:11:54,689 [pool-207-thread-1] INFO  server.RaftServerConfigKeys (ConfUtils.java:logGet(43)) - raft.server.log.statemachine.data.caching.enabled = true (custom)
2019-10-06 01:11:54,689 [pool-217-thread-1] INFO  segmented.SegmentedRaftLogWorker (SegmentedRaftLogWorker.java:lambda$new$0(128)) - 6e899f9a-39c7-4d88-8fee-651142b6bdd4@group-F8ADE7488A15-SegmentedRaftLogWorker: flushIndex: setUnconditionally 0 -> -1
2019-10-06 01:11:54,690 [pool-207-thread-1] INFO  segmented.SegmentedRaftLogWorker (SegmentedRaftLogWorker.java:lambda$new$0(128)) - a3975b4a-105c-4b9b-8142-24e206f1c3ba@group-F8ADE7488A15-SegmentedRaftLogWorker: flushIndex: setUnconditionally 0 -> -1
2019-10-06 01:11:54,690 [pool-237-thread-1] INFO  impl.RaftServerImpl (RaftServerImpl.java:start(181)) - bf220e48-d6ce-49f3-a557-fc9d50d77ef3@group-F8ADE7488A15: start as a follower, conf=-1: [a3975b4a-105c-4b9b-8142-24e206f1c3ba:192.168.30.55:34641, bf220e48-d6ce-49f3-a557-fc9d50d77ef3:192.168.30.55:36514, 6e899f9a-39c7-4d88-8fee-651142b6bdd4:192.168.30.55:40860], old=null
2019-10-06 01:11:54,690 [pool-207-thread-1] INFO  server.RaftServerConfigKeys (ConfUtils.java:logGet(43)) - raft.server.snapshot.auto.trigger.enabled = true (custom)
2019-10-06 01:11:54,690 [pool-217-thread-1] INFO  server.RaftServerConfigKeys (ConfUtils.java:logGet(43)) - raft.server.snapshot.auto.trigger.enabled = true (custom)
2019-10-06 01:11:54,690 [pool-207-thread-1] INFO  server.RaftServerConfigKeys (ConfUtils.java:logGet(43)) - raft.server.snapshot.auto.trigger.threshold = 10000 (custom)
2019-10-06 01:11:54,690 [pool-237-thread-1] INFO  impl.RaftServerImpl (RaftServerImpl.java:setRole(170)) - bf220e48-d6ce-49f3-a557-fc9d50d77ef3@group-F8ADE7488A15: changes role from      null to FOLLOWER at term 0 for startAsFollower
2019-10-06 01:11:54,691 [pool-207-thread-1] INFO  server.RaftServerConfigKeys (ConfUtils.java:logGet(43)) - raft.server.snapshot.retention.file.num = 5 (custom)
2019-10-06 01:11:54,690 [pool-217-thread-1] INFO  server.RaftServerConfigKeys (ConfUtils.java:logGet(43)) - raft.server.snapshot.auto.trigger.threshold = 10000 (custom)
2019-10-06 01:11:54,691 [pool-207-thread-1] INFO  server.RaftServerConfigKeys (ConfUtils.java:logGet(43)) - raft.server.retrycache.expirytime = 600000ms (custom)
2019-10-06 01:11:54,691 [pool-237-thread-1] INFO  impl.RoleInfo (RoleInfo.java:updateAndGet(143)) - bf220e48-d6ce-49f3-a557-fc9d50d77ef3: start FollowerState
2019-10-06 01:11:54,691 [pool-217-thread-1] INFO  server.RaftServerConfigKeys (ConfUtils.java:logGet(43)) - raft.server.snapshot.retention.file.num = 5 (custom)
2019-10-06 01:11:54,691 [pool-217-thread-1] INFO  server.RaftServerConfigKeys (ConfUtils.java:logGet(43)) - raft.server.retrycache.expirytime = 600000ms (custom)
2019-10-06 01:11:54,691 [pool-237-thread-1] INFO  util.JmxRegister (JmxRegister.java:tryRegister(44)) - Successfully registered JMX Bean with object name Ratis:service=RaftServer,group=group-F8ADE7488A15,id=bf220e48-d6ce-49f3-a557-fc9d50d77ef3
2019-10-06 01:11:54,696 [pool-207-thread-1] INFO  impl.RaftServerImpl (RaftServerImpl.java:start(181)) - a3975b4a-105c-4b9b-8142-24e206f1c3ba@group-F8ADE7488A15: start as a follower, conf=-1: [a3975b4a-105c-4b9b-8142-24e206f1c3ba:192.168.30.55:34641, bf220e48-d6ce-49f3-a557-fc9d50d77ef3:192.168.30.55:36514, 6e899f9a-39c7-4d88-8fee-651142b6bdd4:192.168.30.55:40860], old=null
2019-10-06 01:11:54,696 [pool-207-thread-1] INFO  impl.RaftServerImpl (RaftServerImpl.java:setRole(170)) - a3975b4a-105c-4b9b-8142-24e206f1c3ba@group-F8ADE7488A15: changes role from      null to FOLLOWER at term 0 for startAsFollower
2019-10-06 01:11:54,696 [pool-217-thread-1] INFO  impl.RaftServerImpl (RaftServerImpl.java:start(181)) - 6e899f9a-39c7-4d88-8fee-651142b6bdd4@group-F8ADE7488A15: start as a follower, conf=-1: [a3975b4a-105c-4b9b-8142-24e206f1c3ba:192.168.30.55:34641, bf220e48-d6ce-49f3-a557-fc9d50d77ef3:192.168.30.55:36514, 6e899f9a-39c7-4d88-8fee-651142b6bdd4:192.168.30.55:40860], old=null
2019-10-06 01:11:54,696 [pool-207-thread-1] INFO  impl.RoleInfo (RoleInfo.java:updateAndGet(143)) - a3975b4a-105c-4b9b-8142-24e206f1c3ba: start FollowerState
2019-10-06 01:11:54,696 [pool-217-thread-1] INFO  impl.RaftServerImpl (RaftServerImpl.java:setRole(170)) - 6e899f9a-39c7-4d88-8fee-651142b6bdd4@group-F8ADE7488A15: changes role from      null to FOLLOWER at term 0 for startAsFollower
2019-10-06 01:11:54,696 [pool-217-thread-1] INFO  impl.RoleInfo (RoleInfo.java:updateAndGet(143)) - 6e899f9a-39c7-4d88-8fee-651142b6bdd4: start FollowerState
2019-10-06 01:11:54,697 [pool-207-thread-1] INFO  util.JmxRegister (JmxRegister.java:tryRegister(44)) - Successfully registered JMX Bean with object name Ratis:service=RaftServer,group=group-F8ADE7488A15,id=a3975b4a-105c-4b9b-8142-24e206f1c3ba
2019-10-06 01:11:54,697 [pool-217-thread-1] INFO  util.JmxRegister (JmxRegister.java:tryRegister(44)) - Successfully registered JMX Bean with object name Ratis:service=RaftServer,group=group-F8ADE7488A15,id=6e899f9a-39c7-4d88-8fee-651142b6bdd4
2019-10-06 01:11:54,704 [RatisPipelineUtilsThread] INFO  pipeline.PipelineStateManager (PipelineStateManager.java:addPipeline(56)) - Created pipeline Pipeline[ Id: 39c24faf-7937-49d3-9817-f8ade7488a15, Nodes: a3975b4a-105c-4b9b-8142-24e206f1c3ba{ip: 192.168.30.55, host: pr-hdds-2233-w5czk-1584650955, networkLocation: /default-rack, certSerialId: null}6e899f9a-39c7-4d88-8fee-651142b6bdd4{ip: 192.168.30.55, host: pr-hdds-2233-w5czk-1584650955, networkLocation: /default-rack, certSerialId: null}bf220e48-d6ce-49f3-a557-fc9d50d77ef3{ip: 192.168.30.55, host: pr-hdds-2233-w5czk-1584650955, networkLocation: /default-rack, certSerialId: null}, Type:RATIS, Factor:THREE, State:OPEN]
2019-10-06 01:11:54,721 [IPC Server handler 0 on 42476] INFO  net.NetworkTopology (NetworkTopologyImpl.java:add(111)) - Added a new node: /default-rack/22271e8e-bc77-4b74-89ce-a847b9d0c604
2019-10-06 01:11:54,722 [IPC Server handler 0 on 42476] INFO  node.SCMNodeManager (SCMNodeManager.java:register(266)) - Registered Data node : 22271e8e-bc77-4b74-89ce-a847b9d0c604{ip: 192.168.30.55, host: pr-hdds-2233-w5czk-1584650955, networkLocation: /default-rack, certSerialId: null}
2019-10-06 01:11:54,731 [grpc-default-executor-7] INFO  impl.RaftServerProxy (RaftServerProxy.java:addNew(89)) - 22271e8e-bc77-4b74-89ce-a847b9d0c604: addNew group-9E621C1E1C8A:[22271e8e-bc77-4b74-89ce-a847b9d0c604:192.168.30.55:42789] returns group-9E621C1E1C8A:java.util.concurrent.CompletableFuture@5bebb53a[Not completed]
2019-10-06 01:11:54,734 [pool-257-thread-1] INFO  impl.RaftServerImpl (RaftServerImpl.java:<init>(95)) - 22271e8e-bc77-4b74-89ce-a847b9d0c604: new RaftServerImpl for group-9E621C1E1C8A:[22271e8e-bc77-4b74-89ce-a847b9d0c604:192.168.30.55:42789] with ContainerStateMachine:uninitialized
2019-10-06 01:11:54,734 [pool-257-thread-1] INFO  server.RaftServerConfigKeys (ConfUtils.java:logGet(43)) - raft.server.rpc.timeout.min = 5s (custom)
2019-10-06 01:11:54,734 [pool-257-thread-1] INFO  server.RaftServerConfigKeys (ConfUtils.java:logGet(43)) - raft.server.rpc.timeout.max = 5200ms (custom)
2019-10-06 01:11:54,734 [pool-257-thread-1] INFO  server.RaftServerConfigKeys (ConfUtils.java:logGet(43)) - raft.server.rpcslowness.timeout = 120s (custom)
2019-10-06 01:11:54,734 [pool-257-thread-1] INFO  server.RaftServerConfigKeys (ConfUtils.java:logGet(43)) - raft.server.sleep.deviation.threshold = 300 (default)
2019-10-06 01:11:54,734 [pool-257-thread-1] INFO  server.RaftServerConfigKeys (ConfUtils.java:logGet(43)) - raft.server.log.appender.install.snapshot.enabled = false (custom)
2019-10-06 01:11:54,734 [pool-257-thread-1] INFO  impl.RaftServerImpl (ServerState.java:<init>(103)) - 22271e8e-bc77-4b74-89ce-a847b9d0c604@group-9E621C1E1C8A: ConfigurationManager, init=-1: [22271e8e-bc77-4b74-89ce-a847b9d0c604:192.168.30.55:42789], old=null, confs=<EMPTY_MAP>
2019-10-06 01:11:54,735 [pool-257-thread-1] INFO  server.RaftServerConfigKeys (ConfUtils.java:logGet(43)) - raft.server.storage.dir = [/workdir/hadoop-ozone/integration-test/target/test-dir/MiniOzoneClusterImpl-40360609-f70a-4692-942a-daf78c144095/datanode-5/data/ratis] (custom)
2019-10-06 01:11:54,735 [pool-257-thread-1] INFO  server.RaftServerConfigKeys (ConfUtils.java:logGet(43)) - raft.server.log.corruption.policy = EXCEPTION (default)
2019-10-06 01:11:54,735 [pool-257-thread-1] INFO  storage.RaftStorageDirectory (RaftStorageDirectory.java:analyzeStorage(246)) - The storage directory /workdir/hadoop-ozone/integration-test/target/test-dir/MiniOzoneClusterImpl-40360609-f70a-4692-942a-daf78c144095/datanode-5/data/ratis/38190c73-ead9-4a36-ba8f-9e621c1e1c8a does not exist. Creating ...
2019-10-06 01:11:54,748 [pool-257-thread-1] INFO  storage.RaftStorageDirectory (RaftStorageDirectory.java:tryLock(328)) - Lock on /workdir/hadoop-ozone/integration-test/target/test-dir/MiniOzoneClusterImpl-40360609-f70a-4692-942a-daf78c144095/datanode-5/data/ratis/38190c73-ead9-4a36-ba8f-9e621c1e1c8a/in_use.lock acquired by nodename 12540@pr-hdds-2233-w5czk-1584650955
2019-10-06 01:11:54,762 [pool-257-thread-1] INFO  storage.RaftStorage (RaftStorage.java:format(84)) - Storage directory /workdir/hadoop-ozone/integration-test/target/test-dir/MiniOzoneClusterImpl-40360609-f70a-4692-942a-daf78c144095/datanode-5/data/ratis/38190c73-ead9-4a36-ba8f-9e621c1e1c8a has been successfully formatted.
2019-10-06 01:11:54,762 [pool-257-thread-1] INFO  ratis.ContainerStateMachine (ContainerStateMachine.java:loadSnapshot(230)) - group-9E621C1E1C8A: The snapshot info is null. Setting the last applied indexto:(t:0, i:~)
2019-10-06 01:11:54,762 [pool-257-thread-1] INFO  server.RaftServerConfigKeys (ConfUtils.java:logGet(43)) - raft.server.notification.no-leader.timeout = 120s (custom)
2019-10-06 01:11:54,762 [pool-257-thread-1] INFO  server.RaftServerConfigKeys (ConfUtils.java:logGet(43)) - raft.server.log.use.memory = false (default)
2019-10-06 01:11:54,762 [pool-257-thread-1] INFO  server.RaftServerConfigKeys (ConfUtils.java:logGet(43)) - raft.server.log.purge.gap = 1000000 (custom)
2019-10-06 01:11:54,762 [pool-257-thread-1] INFO  server.RaftServerConfigKeys (ConfUtils.java:logGet(43)) - raft.server.log.appender.buffer.byte-limit = 33554432 (custom)
2019-10-06 01:11:54,762 [pool-257-thread-1] INFO  server.RaftServerConfigKeys (ConfUtils.java:logGet(43)) - raft.server.log.segment.size.max = 1048576 (custom)
2019-10-06 01:11:54,764 [pool-257-thread-1] INFO  server.RaftServerConfigKeys (ConfUtils.java:logGet(43)) - raft.server.log.segment.cache.num.max = 2 (custom)
2019-10-06 01:11:54,764 [pool-257-thread-1] INFO  segmented.SegmentedRaftLogWorker (SegmentedRaftLogWorker.java:<init>(173)) - new 22271e8e-bc77-4b74-89ce-a847b9d0c604@group-9E621C1E1C8A-SegmentedRaftLogWorker for RaftStorage:Storage Directory /workdir/hadoop-ozone/integration-test/target/test-dir/MiniOzoneClusterImpl-40360609-f70a-4692-942a-daf78c144095/datanode-5/data/ratis/38190c73-ead9-4a36-ba8f-9e621c1e1c8a
2019-10-06 01:11:54,764 [pool-257-thread-1] INFO  server.RaftServerConfigKeys (ConfUtils.java:logGet(43)) - raft.server.log.queue.byte-limit = 2147483647 (custom)
2019-10-06 01:11:54,764 [pool-257-thread-1] INFO  server.RaftServerConfigKeys (ConfUtils.java:logGet(43)) - raft.server.log.queue.element-limit = 1024 (custom)
2019-10-06 01:11:54,764 [pool-257-thread-1] INFO  server.RaftServerConfigKeys (ConfUtils.java:logGet(43)) - raft.server.log.segment.size.max = 1048576 (custom)
2019-10-06 01:11:54,764 [pool-257-thread-1] INFO  server.RaftServerConfigKeys (ConfUtils.java:logGet(43)) - raft.server.log.preallocated.size = 16384 (custom)
2019-10-06 01:11:54,764 [pool-257-thread-1] INFO  server.RaftServerConfigKeys (ConfUtils.java:logGet(43)) - raft.server.log.write.buffer.size = 33554432 (custom)
2019-10-06 01:11:54,765 [pool-257-thread-1] INFO  server.RaftServerConfigKeys (ConfUtils.java:logGet(43)) - raft.server.log.force.sync.num = 128 (default)
2019-10-06 01:11:54,765 [pool-257-thread-1] INFO  server.RaftServerConfigKeys (ConfUtils.java:logGet(43)) - raft.server.log.statemachine.data.sync = true (default)
2019-10-06 01:11:54,765 [pool-257-thread-1] INFO  server.RaftServerConfigKeys (ConfUtils.java:logGet(43)) - raft.server.log.statemachine.data.sync.timeout = 10s (default)
2019-10-06 01:11:54,765 [pool-257-thread-1] INFO  server.RaftServerConfigKeys (ConfUtils.java:logGet(43)) - raft.server.log.statemachine.data.sync.timeout.retry = -1 (default)
2019-10-06 01:11:54,766 [pool-257-thread-1] INFO  server.RaftServerConfigKeys (ConfUtils.java:logGet(43)) - raft.server.log.statemachine.data.caching.enabled = true (custom)
2019-10-06 01:11:54,766 [pool-257-thread-1] INFO  segmented.SegmentedRaftLogWorker (SegmentedRaftLogWorker.java:lambda$new$0(128)) - 22271e8e-bc77-4b74-89ce-a847b9d0c604@group-9E621C1E1C8A-SegmentedRaftLogWorker: flushIndex: setUnconditionally 0 -> -1
2019-10-06 01:11:54,766 [pool-257-thread-1] INFO  server.RaftServerConfigKeys (ConfUtils.java:logGet(43)) - raft.server.snapshot.auto.trigger.enabled = true (custom)
2019-10-06 01:11:54,766 [pool-257-thread-1] INFO  server.RaftServerConfigKeys (ConfUtils.java:logGet(43)) - raft.server.snapshot.auto.trigger.threshold = 10000 (custom)
2019-10-06 01:11:54,766 [pool-257-thread-1] INFO  server.RaftServerConfigKeys (ConfUtils.java:logGet(43)) - raft.server.snapshot.retention.file.num = 5 (custom)
2019-10-06 01:11:54,766 [pool-257-thread-1] INFO  server.RaftServerConfigKeys (ConfUtils.java:logGet(43)) - raft.server.retrycache.expirytime = 600000ms (custom)
2019-10-06 01:11:54,768 [pool-257-thread-1] INFO  impl.RaftServerImpl (RaftServerImpl.java:start(181)) - 22271e8e-bc77-4b74-89ce-a847b9d0c604@group-9E621C1E1C8A: start as a follower, conf=-1: [22271e8e-bc77-4b74-89ce-a847b9d0c604:192.168.30.55:42789], old=null
2019-10-06 01:11:54,768 [pool-257-thread-1] INFO  impl.RaftServerImpl (RaftServerImpl.java:setRole(170)) - 22271e8e-bc77-4b74-89ce-a847b9d0c604@group-9E621C1E1C8A: changes role from      null to FOLLOWER at term 0 for startAsFollower
2019-10-06 01:11:54,768 [pool-257-thread-1] INFO  impl.RoleInfo (RoleInfo.java:updateAndGet(143)) - 22271e8e-bc77-4b74-89ce-a847b9d0c604: start FollowerState
2019-10-06 01:11:54,768 [pool-257-thread-1] INFO  util.JmxRegister (JmxRegister.java:tryRegister(44)) - Successfully registered JMX Bean with object name Ratis:service=RaftServer,group=group-9E621C1E1C8A,id=22271e8e-bc77-4b74-89ce-a847b9d0c604
2019-10-06 01:11:54,772 [RatisPipelineUtilsThread] INFO  pipeline.PipelineStateManager (PipelineStateManager.java:addPipeline(56)) - Created pipeline Pipeline[ Id: 38190c73-ead9-4a36-ba8f-9e621c1e1c8a, Nodes: 22271e8e-bc77-4b74-89ce-a847b9d0c604{ip: 192.168.30.55, host: pr-hdds-2233-w5czk-1584650955, networkLocation: /default-rack, certSerialId: null}, Type:RATIS, Factor:ONE, State:OPEN]
2019-10-06 01:11:54,785 [grpc-default-executor-7] INFO  impl.RaftServerProxy (RaftServerProxy.java:addNew(89)) - 0351faed-5a49-4e4d-9068-9101bace7854: addNew group-92C56C5E62F4:[0351faed-5a49-4e4d-9068-9101bace7854:192.168.30.55:38506] returns group-92C56C5E62F4:java.util.concurrent.CompletableFuture@5997ec44[Not completed]
2019-10-06 01:11:54,785 [IPC Server handler 2 on 42476] INFO  net.NetworkTopology (NetworkTopologyImpl.java:add(111)) - Added a new node: /default-rack/bbd7fe3c-5c14-49dc-bb2d-84bf76bc1b83
2019-10-06 01:11:54,786 [IPC Server handler 2 on 42476] INFO  node.SCMNodeManager (SCMNodeManager.java:register(266)) - Registered Data node : bbd7fe3c-5c14-49dc-bb2d-84bf76bc1b83{ip: 192.168.30.55, host: pr-hdds-2233-w5czk-1584650955, networkLocation: /default-rack, certSerialId: null}
2019-10-06 01:11:54,786 [pool-247-thread-1] INFO  impl.RaftServerImpl (RaftServerImpl.java:<init>(95)) - 0351faed-5a49-4e4d-9068-9101bace7854: new RaftServerImpl for group-92C56C5E62F4:[0351faed-5a49-4e4d-9068-9101bace7854:192.168.30.55:38506] with ContainerStateMachine:uninitialized
2019-10-06 01:11:54,786 [pool-247-thread-1] INFO  server.RaftServerConfigKeys (ConfUtils.java:logGet(43)) - raft.server.rpc.timeout.min = 5s (custom)
2019-10-06 01:11:54,786 [pool-247-thread-1] INFO  server.RaftServerConfigKeys (ConfUtils.java:logGet(43)) - raft.server.rpc.timeout.max = 5200ms (custom)
2019-10-06 01:11:54,786 [pool-247-thread-1] INFO  server.RaftServerConfigKeys (ConfUtils.java:logGet(43)) - raft.server.rpcslowness.timeout = 120s (custom)
2019-10-06 01:11:54,786 [pool-247-thread-1] INFO  server.RaftServerConfigKeys (ConfUtils.java:logGet(43)) - raft.server.sleep.deviation.threshold = 300 (default)
2019-10-06 01:11:54,786 [pool-247-thread-1] INFO  server.RaftServerConfigKeys (ConfUtils.java:logGet(43)) - raft.server.log.appender.install.snapshot.enabled = false (custom)
2019-10-06 01:11:54,787 [pool-247-thread-1] INFO  impl.RaftServerImpl (ServerState.java:<init>(103)) - 0351faed-5a49-4e4d-9068-9101bace7854@group-92C56C5E62F4: ConfigurationManager, init=-1: [0351faed-5a49-4e4d-9068-9101bace7854:192.168.30.55:38506], old=null, confs=<EMPTY_MAP>
2019-10-06 01:11:54,787 [pool-247-thread-1] INFO  server.RaftServerConfigKeys (ConfUtils.java:logGet(43)) - raft.server.storage.dir = [/workdir/hadoop-ozone/integration-test/target/test-dir/MiniOzoneClusterImpl-40360609-f70a-4692-942a-daf78c144095/datanode-4/data/ratis] (custom)
2019-10-06 01:11:54,787 [pool-247-thread-1] INFO  server.RaftServerConfigKeys (ConfUtils.java:logGet(43)) - raft.server.log.corruption.policy = EXCEPTION (default)
2019-10-06 01:11:54,787 [pool-247-thread-1] INFO  storage.RaftStorageDirectory (RaftStorageDirectory.java:analyzeStorage(246)) - The storage directory /workdir/hadoop-ozone/integration-test/target/test-dir/MiniOzoneClusterImpl-40360609-f70a-4692-942a-daf78c144095/datanode-4/data/ratis/b7b0b85e-e28e-4c4a-8d4f-92c56c5e62f4 does not exist. Creating ...
2019-10-06 01:11:54,795 [main] INFO  ozone.MiniOzoneClusterImpl (MiniOzoneClusterImpl.java:lambda$waitForClusterToBeReady$0(147)) - Cluster is ready. Got 7 of 7 DN Heartbeats.
2019-10-06 01:11:54,801 [pool-247-thread-1] INFO  storage.RaftStorageDirectory (RaftStorageDirectory.java:tryLock(328)) - Lock on /workdir/hadoop-ozone/integration-test/target/test-dir/MiniOzoneClusterImpl-40360609-f70a-4692-942a-daf78c144095/datanode-4/data/ratis/b7b0b85e-e28e-4c4a-8d4f-92c56c5e62f4/in_use.lock acquired by nodename 12540@pr-hdds-2233-w5czk-1584650955
2019-10-06 01:11:54,827 [pool-247-thread-1] INFO  storage.RaftStorage (RaftStorage.java:format(84)) - Storage directory /workdir/hadoop-ozone/integration-test/target/test-dir/MiniOzoneClusterImpl-40360609-f70a-4692-942a-daf78c144095/datanode-4/data/ratis/b7b0b85e-e28e-4c4a-8d4f-92c56c5e62f4 has been successfully formatted.
2019-10-06 01:11:54,827 [pool-247-thread-1] INFO  ratis.ContainerStateMachine (ContainerStateMachine.java:loadSnapshot(230)) - group-92C56C5E62F4: The snapshot info is null. Setting the last applied indexto:(t:0, i:~)
2019-10-06 01:11:54,828 [pool-247-thread-1] INFO  server.RaftServerConfigKeys (ConfUtils.java:logGet(43)) - raft.server.notification.no-leader.timeout = 120s (custom)
2019-10-06 01:11:54,828 [pool-247-thread-1] INFO  server.RaftServerConfigKeys (ConfUtils.java:logGet(43)) - raft.server.log.use.memory = false (default)
2019-10-06 01:11:54,828 [pool-247-thread-1] INFO  server.RaftServerConfigKeys (ConfUtils.java:logGet(43)) - raft.server.log.purge.gap = 1000000 (custom)
2019-10-06 01:11:54,828 [pool-247-thread-1] INFO  server.RaftServerConfigKeys (ConfUtils.java:logGet(43)) - raft.server.log.appender.buffer.byte-limit = 33554432 (custom)
2019-10-06 01:11:54,828 [pool-247-thread-1] INFO  server.RaftServerConfigKeys (ConfUtils.java:logGet(43)) - raft.server.log.segment.size.max = 1048576 (custom)
2019-10-06 01:11:54,830 [pool-247-thread-1] INFO  server.RaftServerConfigKeys (ConfUtils.java:logGet(43)) - raft.server.log.segment.cache.num.max = 2 (custom)
2019-10-06 01:11:54,830 [pool-247-thread-1] INFO  segmented.SegmentedRaftLogWorker (SegmentedRaftLogWorker.java:<init>(173)) - new 0351faed-5a49-4e4d-9068-9101bace7854@group-92C56C5E62F4-SegmentedRaftLogWorker for RaftStorage:Storage Directory /workdir/hadoop-ozone/integration-test/target/test-dir/MiniOzoneClusterImpl-40360609-f70a-4692-942a-daf78c144095/datanode-4/data/ratis/b7b0b85e-e28e-4c4a-8d4f-92c56c5e62f4
2019-10-06 01:11:54,830 [pool-247-thread-1] INFO  server.RaftServerConfigKeys (ConfUtils.java:logGet(43)) - raft.server.log.queue.byte-limit = 2147483647 (custom)
2019-10-06 01:11:54,830 [pool-247-thread-1] INFO  server.RaftServerConfigKeys (ConfUtils.java:logGet(43)) - raft.server.log.queue.element-limit = 1024 (custom)
2019-10-06 01:11:54,830 [pool-247-thread-1] INFO  server.RaftServerConfigKeys (ConfUtils.java:logGet(43)) - raft.server.log.segment.size.max = 1048576 (custom)
2019-10-06 01:11:54,830 [pool-247-thread-1] INFO  server.RaftServerConfigKeys (ConfUtils.java:logGet(43)) - raft.server.log.preallocated.size = 16384 (custom)
2019-10-06 01:11:54,831 [pool-247-thread-1] INFO  server.RaftServerConfigKeys (ConfUtils.java:logGet(43)) - raft.server.log.write.buffer.size = 33554432 (custom)
2019-10-06 01:11:54,833 [pool-247-thread-1] INFO  server.RaftServerConfigKeys (ConfUtils.java:logGet(43)) - raft.server.log.force.sync.num = 128 (default)
2019-10-06 01:11:54,833 [pool-247-thread-1] INFO  server.RaftServerConfigKeys (ConfUtils.java:logGet(43)) - raft.server.log.statemachine.data.sync = true (default)
2019-10-06 01:11:54,833 [pool-247-thread-1] INFO  server.RaftServerConfigKeys (ConfUtils.java:logGet(43)) - raft.server.log.statemachine.data.sync.timeout = 10s (default)
2019-10-06 01:11:54,833 [pool-247-thread-1] INFO  server.RaftServerConfigKeys (ConfUtils.java:logGet(43)) - raft.server.log.statemachine.data.sync.timeout.retry = -1 (default)
2019-10-06 01:11:54,834 [pool-247-thread-1] INFO  server.RaftServerConfigKeys (ConfUtils.java:logGet(43)) - raft.server.log.statemachine.data.caching.enabled = true (custom)
2019-10-06 01:11:54,834 [pool-247-thread-1] INFO  segmented.SegmentedRaftLogWorker (SegmentedRaftLogWorker.java:lambda$new$0(128)) - 0351faed-5a49-4e4d-9068-9101bace7854@group-92C56C5E62F4-SegmentedRaftLogWorker: flushIndex: setUnconditionally 0 -> -1
2019-10-06 01:11:54,834 [pool-247-thread-1] INFO  server.RaftServerConfigKeys (ConfUtils.java:logGet(43)) - raft.server.snapshot.auto.trigger.enabled = true (custom)
2019-10-06 01:11:54,834 [pool-247-thread-1] INFO  server.RaftServerConfigKeys (ConfUtils.java:logGet(43)) - raft.server.snapshot.auto.trigger.threshold = 10000 (custom)
2019-10-06 01:11:54,834 [pool-247-thread-1] INFO  server.RaftServerConfigKeys (ConfUtils.java:logGet(43)) - raft.server.snapshot.retention.file.num = 5 (custom)
2019-10-06 01:11:54,834 [pool-247-thread-1] INFO  server.RaftServerConfigKeys (ConfUtils.java:logGet(43)) - raft.server.retrycache.expirytime = 600000ms (custom)
2019-10-06 01:11:54,835 [main] INFO  rpc.RpcClient (RpcClient.java:createVolume(272)) - Creating Volume: watchforcommithandlingtest, with jenkins1000 as owner.
2019-10-06 01:11:54,836 [pool-247-thread-1] INFO  impl.RaftServerImpl (RaftServerImpl.java:start(181)) - 0351faed-5a49-4e4d-9068-9101bace7854@group-92C56C5E62F4: start as a follower, conf=-1: [0351faed-5a49-4e4d-9068-9101bace7854:192.168.30.55:38506], old=null
2019-10-06 01:11:54,836 [pool-247-thread-1] INFO  impl.RaftServerImpl (RaftServerImpl.java:setRole(170)) - 0351faed-5a49-4e4d-9068-9101bace7854@group-92C56C5E62F4: changes role from      null to FOLLOWER at term 0 for startAsFollower
2019-10-06 01:11:54,836 [pool-247-thread-1] INFO  impl.RoleInfo (RoleInfo.java:updateAndGet(143)) - 0351faed-5a49-4e4d-9068-9101bace7854: start FollowerState
2019-10-06 01:11:54,836 [pool-247-thread-1] INFO  util.JmxRegister (JmxRegister.java:tryRegister(44)) - Successfully registered JMX Bean with object name Ratis:service=RaftServer,group=group-92C56C5E62F4,id=0351faed-5a49-4e4d-9068-9101bace7854
2019-10-06 01:11:54,838 [IPC Server handler 1 on 45657] INFO  volume.OMVolumeCreateRequest (OMVolumeCreateRequest.java:validateAndUpdateCache(193)) - created volume:watchforcommithandlingtest for user:jenkins1000
2019-10-06 01:11:54,843 [RatisPipelineUtilsThread] INFO  pipeline.PipelineStateManager (PipelineStateManager.java:addPipeline(56)) - Created pipeline Pipeline[ Id: b7b0b85e-e28e-4c4a-8d4f-92c56c5e62f4, Nodes: 0351faed-5a49-4e4d-9068-9101bace7854{ip: 192.168.30.55, host: pr-hdds-2233-w5czk-1584650955, networkLocation: /default-rack, certSerialId: null}, Type:RATIS, Factor:ONE, State:OPEN]
2019-10-06 01:11:54,854 [main] INFO  rpc.RpcClient (RpcClient.java:createBucket(411)) - Creating Bucket: watchforcommithandlingtest/watchforcommithandlingtest, with Versioning false and Storage Type set to DISK and Encryption set to false 
2019-10-06 01:11:54,858 [main] INFO  ozone.MiniOzoneClusterImpl (MiniOzoneClusterImpl.java:getStorageContainerLocationClient(234)) - Creating StorageContainerLocationProtocol RPC client with address /0.0.0.0:37068
2019-10-06 01:11:54,863 [grpc-default-executor-7] INFO  impl.RaftServerProxy (RaftServerProxy.java:addNew(89)) - bbd7fe3c-5c14-49dc-bb2d-84bf76bc1b83: addNew group-425406A32695:[bbd7fe3c-5c14-49dc-bb2d-84bf76bc1b83:192.168.30.55:39688] returns group-425406A32695:java.util.concurrent.CompletableFuture@1e61aeeb[Not completed]
2019-10-06 01:11:54,864 [pool-267-thread-1] INFO  impl.RaftServerImpl (RaftServerImpl.java:<init>(95)) - bbd7fe3c-5c14-49dc-bb2d-84bf76bc1b83: new RaftServerImpl for group-425406A32695:[bbd7fe3c-5c14-49dc-bb2d-84bf76bc1b83:192.168.30.55:39688] with ContainerStateMachine:uninitialized
2019-10-06 01:11:54,864 [pool-267-thread-1] INFO  server.RaftServerConfigKeys (ConfUtils.java:logGet(43)) - raft.server.rpc.timeout.min = 5s (custom)
2019-10-06 01:11:54,864 [pool-267-thread-1] INFO  server.RaftServerConfigKeys (ConfUtils.java:logGet(43)) - raft.server.rpc.timeout.max = 5200ms (custom)
2019-10-06 01:11:54,865 [pool-267-thread-1] INFO  server.RaftServerConfigKeys (ConfUtils.java:logGet(43)) - raft.server.rpcslowness.timeout = 120s (custom)
2019-10-06 01:11:54,865 [pool-267-thread-1] INFO  server.RaftServerConfigKeys (ConfUtils.java:logGet(43)) - raft.server.sleep.deviation.threshold = 300 (default)
2019-10-06 01:11:54,865 [pool-267-thread-1] INFO  server.RaftServerConfigKeys (ConfUtils.java:logGet(43)) - raft.server.log.appender.install.snapshot.enabled = false (custom)
2019-10-06 01:11:54,865 [pool-267-thread-1] INFO  impl.RaftServerImpl (ServerState.java:<init>(103)) - bbd7fe3c-5c14-49dc-bb2d-84bf76bc1b83@group-425406A32695: ConfigurationManager, init=-1: [bbd7fe3c-5c14-49dc-bb2d-84bf76bc1b83:192.168.30.55:39688], old=null, confs=<EMPTY_MAP>
2019-10-06 01:11:54,865 [pool-267-thread-1] INFO  server.RaftServerConfigKeys (ConfUtils.java:logGet(43)) - raft.server.storage.dir = [/workdir/hadoop-ozone/integration-test/target/test-dir/MiniOzoneClusterImpl-40360609-f70a-4692-942a-daf78c144095/datanode-6/data/ratis] (custom)
2019-10-06 01:11:54,865 [pool-267-thread-1] INFO  server.RaftServerConfigKeys (ConfUtils.java:logGet(43)) - raft.server.log.corruption.policy = EXCEPTION (default)
2019-10-06 01:11:54,865 [pool-267-thread-1] INFO  storage.RaftStorageDirectory (RaftStorageDirectory.java:analyzeStorage(246)) - The storage directory /workdir/hadoop-ozone/integration-test/target/test-dir/MiniOzoneClusterImpl-40360609-f70a-4692-942a-daf78c144095/datanode-6/data/ratis/d99e4473-f6db-49d6-9611-425406a32695 does not exist. Creating ...
2019-10-06 01:11:54,879 [pool-267-thread-1] INFO  storage.RaftStorageDirectory (RaftStorageDirectory.java:tryLock(328)) - Lock on /workdir/hadoop-ozone/integration-test/target/test-dir/MiniOzoneClusterImpl-40360609-f70a-4692-942a-daf78c144095/datanode-6/data/ratis/d99e4473-f6db-49d6-9611-425406a32695/in_use.lock acquired by nodename 12540@pr-hdds-2233-w5czk-1584650955
2019-10-06 01:11:54,892 [pool-267-thread-1] INFO  storage.RaftStorage (RaftStorage.java:format(84)) - Storage directory /workdir/hadoop-ozone/integration-test/target/test-dir/MiniOzoneClusterImpl-40360609-f70a-4692-942a-daf78c144095/datanode-6/data/ratis/d99e4473-f6db-49d6-9611-425406a32695 has been successfully formatted.
2019-10-06 01:11:54,892 [pool-267-thread-1] INFO  ratis.ContainerStateMachine (ContainerStateMachine.java:loadSnapshot(230)) - group-425406A32695: The snapshot info is null. Setting the last applied indexto:(t:0, i:~)
2019-10-06 01:11:54,892 [pool-267-thread-1] INFO  server.RaftServerConfigKeys (ConfUtils.java:logGet(43)) - raft.server.notification.no-leader.timeout = 120s (custom)
2019-10-06 01:11:54,893 [pool-267-thread-1] INFO  server.RaftServerConfigKeys (ConfUtils.java:logGet(43)) - raft.server.log.use.memory = false (default)
2019-10-06 01:11:54,893 [pool-267-thread-1] INFO  server.RaftServerConfigKeys (ConfUtils.java:logGet(43)) - raft.server.log.purge.gap = 1000000 (custom)
2019-10-06 01:11:54,893 [pool-267-thread-1] INFO  server.RaftServerConfigKeys (ConfUtils.java:logGet(43)) - raft.server.log.appender.buffer.byte-limit = 33554432 (custom)
2019-10-06 01:11:54,893 [pool-267-thread-1] INFO  server.RaftServerConfigKeys (ConfUtils.java:logGet(43)) - raft.server.log.segment.size.max = 1048576 (custom)
2019-10-06 01:11:54,894 [pool-267-thread-1] INFO  server.RaftServerConfigKeys (ConfUtils.java:logGet(43)) - raft.server.log.segment.cache.num.max = 2 (custom)
2019-10-06 01:11:54,894 [pool-267-thread-1] INFO  segmented.SegmentedRaftLogWorker (SegmentedRaftLogWorker.java:<init>(173)) - new bbd7fe3c-5c14-49dc-bb2d-84bf76bc1b83@group-425406A32695-SegmentedRaftLogWorker for RaftStorage:Storage Directory /workdir/hadoop-ozone/integration-test/target/test-dir/MiniOzoneClusterImpl-40360609-f70a-4692-942a-daf78c144095/datanode-6/data/ratis/d99e4473-f6db-49d6-9611-425406a32695
2019-10-06 01:11:54,894 [pool-267-thread-1] INFO  server.RaftServerConfigKeys (ConfUtils.java:logGet(43)) - raft.server.log.queue.byte-limit = 2147483647 (custom)
2019-10-06 01:11:54,895 [pool-267-thread-1] INFO  server.RaftServerConfigKeys (ConfUtils.java:logGet(43)) - raft.server.log.queue.element-limit = 1024 (custom)
2019-10-06 01:11:54,895 [pool-267-thread-1] INFO  server.RaftServerConfigKeys (ConfUtils.java:logGet(43)) - raft.server.log.segment.size.max = 1048576 (custom)
2019-10-06 01:11:54,895 [pool-267-thread-1] INFO  server.RaftServerConfigKeys (ConfUtils.java:logGet(43)) - raft.server.log.preallocated.size = 16384 (custom)
2019-10-06 01:11:54,895 [pool-267-thread-1] INFO  server.RaftServerConfigKeys (ConfUtils.java:logGet(43)) - raft.server.log.write.buffer.size = 33554432 (custom)
2019-10-06 01:11:54,895 [pool-267-thread-1] INFO  server.RaftServerConfigKeys (ConfUtils.java:logGet(43)) - raft.server.log.force.sync.num = 128 (default)
2019-10-06 01:11:54,895 [pool-267-thread-1] INFO  server.RaftServerConfigKeys (ConfUtils.java:logGet(43)) - raft.server.log.statemachine.data.sync = true (default)
2019-10-06 01:11:54,895 [pool-267-thread-1] INFO  server.RaftServerConfigKeys (ConfUtils.java:logGet(43)) - raft.server.log.statemachine.data.sync.timeout = 10s (default)
2019-10-06 01:11:54,895 [pool-267-thread-1] INFO  server.RaftServerConfigKeys (ConfUtils.java:logGet(43)) - raft.server.log.statemachine.data.sync.timeout.retry = -1 (default)
2019-10-06 01:11:54,896 [pool-267-thread-1] INFO  server.RaftServerConfigKeys (ConfUtils.java:logGet(43)) - raft.server.log.statemachine.data.caching.enabled = true (custom)
2019-10-06 01:11:54,896 [pool-267-thread-1] INFO  segmented.SegmentedRaftLogWorker (SegmentedRaftLogWorker.java:lambda$new$0(128)) - bbd7fe3c-5c14-49dc-bb2d-84bf76bc1b83@group-425406A32695-SegmentedRaftLogWorker: flushIndex: setUnconditionally 0 -> -1
2019-10-06 01:11:54,896 [pool-267-thread-1] INFO  server.RaftServerConfigKeys (ConfUtils.java:logGet(43)) - raft.server.snapshot.auto.trigger.enabled = true (custom)
2019-10-06 01:11:54,896 [pool-267-thread-1] INFO  server.RaftServerConfigKeys (ConfUtils.java:logGet(43)) - raft.server.snapshot.auto.trigger.threshold = 10000 (custom)
2019-10-06 01:11:54,896 [pool-267-thread-1] INFO  server.RaftServerConfigKeys (ConfUtils.java:logGet(43)) - raft.server.snapshot.retention.file.num = 5 (custom)
2019-10-06 01:11:54,897 [pool-267-thread-1] INFO  server.RaftServerConfigKeys (ConfUtils.java:logGet(43)) - raft.server.retrycache.expirytime = 600000ms (custom)
2019-10-06 01:11:54,898 [pool-267-thread-1] INFO  impl.RaftServerImpl (RaftServerImpl.java:start(181)) - bbd7fe3c-5c14-49dc-bb2d-84bf76bc1b83@group-425406A32695: start as a follower, conf=-1: [bbd7fe3c-5c14-49dc-bb2d-84bf76bc1b83:192.168.30.55:39688], old=null
2019-10-06 01:11:54,898 [pool-267-thread-1] INFO  impl.RaftServerImpl (RaftServerImpl.java:setRole(170)) - bbd7fe3c-5c14-49dc-bb2d-84bf76bc1b83@group-425406A32695: changes role from      null to FOLLOWER at term 0 for startAsFollower
2019-10-06 01:11:54,898 [pool-267-thread-1] INFO  impl.RoleInfo (RoleInfo.java:updateAndGet(143)) - bbd7fe3c-5c14-49dc-bb2d-84bf76bc1b83: start FollowerState
2019-10-06 01:11:54,898 [pool-267-thread-1] INFO  util.JmxRegister (JmxRegister.java:tryRegister(44)) - Successfully registered JMX Bean with object name Ratis:service=RaftServer,group=group-425406A32695,id=bbd7fe3c-5c14-49dc-bb2d-84bf76bc1b83
2019-10-06 01:11:54,902 [RatisPipelineUtilsThread] INFO  pipeline.PipelineStateManager (PipelineStateManager.java:addPipeline(56)) - Created pipeline Pipeline[ Id: d99e4473-f6db-49d6-9611-425406a32695, Nodes: bbd7fe3c-5c14-49dc-bb2d-84bf76bc1b83{ip: 192.168.30.55, host: pr-hdds-2233-w5czk-1584650955, networkLocation: /default-rack, certSerialId: null}, Type:RATIS, Factor:ONE, State:OPEN]
2019-10-06 01:11:54,921 [grpc-default-executor-3] INFO  impl.RaftServerProxy (RaftServerProxy.java:addNew(89)) - 0351faed-5a49-4e4d-9068-9101bace7854: addNew group-909AF7F6CFE6:[0351faed-5a49-4e4d-9068-9101bace7854:192.168.30.55:38506, 22271e8e-bc77-4b74-89ce-a847b9d0c604:192.168.30.55:42789, a4038982-b048-40e7-a9bf-935f23389f2d:192.168.30.55:40403] returns group-909AF7F6CFE6:java.util.concurrent.CompletableFuture@62d6013f[Not completed]
2019-10-06 01:11:54,922 [grpc-default-executor-6] INFO  impl.RaftServerProxy (RaftServerProxy.java:addNew(89)) - a4038982-b048-40e7-a9bf-935f23389f2d: addNew group-909AF7F6CFE6:[0351faed-5a49-4e4d-9068-9101bace7854:192.168.30.55:38506, 22271e8e-bc77-4b74-89ce-a847b9d0c604:192.168.30.55:42789, a4038982-b048-40e7-a9bf-935f23389f2d:192.168.30.55:40403] returns group-909AF7F6CFE6:java.util.concurrent.CompletableFuture@5825f2e9[Not completed]
2019-10-06 01:11:54,922 [grpc-default-executor-7] INFO  impl.RaftServerProxy (RaftServerProxy.java:addNew(89)) - 22271e8e-bc77-4b74-89ce-a847b9d0c604: addNew group-909AF7F6CFE6:[0351faed-5a49-4e4d-9068-9101bace7854:192.168.30.55:38506, 22271e8e-bc77-4b74-89ce-a847b9d0c604:192.168.30.55:42789, a4038982-b048-40e7-a9bf-935f23389f2d:192.168.30.55:40403] returns group-909AF7F6CFE6:java.util.concurrent.CompletableFuture@3961d100[Not completed]
2019-10-06 01:11:54,923 [pool-247-thread-1] INFO  impl.RaftServerImpl (RaftServerImpl.java:<init>(95)) - 0351faed-5a49-4e4d-9068-9101bace7854: new RaftServerImpl for group-909AF7F6CFE6:[0351faed-5a49-4e4d-9068-9101bace7854:192.168.30.55:38506, 22271e8e-bc77-4b74-89ce-a847b9d0c604:192.168.30.55:42789, a4038982-b048-40e7-a9bf-935f23389f2d:192.168.30.55:40403] with ContainerStateMachine:uninitialized
2019-10-06 01:11:54,923 [pool-247-thread-1] INFO  server.RaftServerConfigKeys (ConfUtils.java:logGet(43)) - raft.server.rpc.timeout.min = 5s (custom)
2019-10-06 01:11:54,923 [pool-247-thread-1] INFO  server.RaftServerConfigKeys (ConfUtils.java:logGet(43)) - raft.server.rpc.timeout.max = 5200ms (custom)
2019-10-06 01:11:54,923 [pool-247-thread-1] INFO  server.RaftServerConfigKeys (ConfUtils.java:logGet(43)) - raft.server.rpcslowness.timeout = 120s (custom)
2019-10-06 01:11:54,923 [pool-247-thread-1] INFO  server.RaftServerConfigKeys (ConfUtils.java:logGet(43)) - raft.server.sleep.deviation.threshold = 300 (default)
2019-10-06 01:11:54,923 [pool-247-thread-1] INFO  server.RaftServerConfigKeys (ConfUtils.java:logGet(43)) - raft.server.log.appender.install.snapshot.enabled = false (custom)
2019-10-06 01:11:54,923 [pool-227-thread-1] INFO  impl.RaftServerImpl (RaftServerImpl.java:<init>(95)) - a4038982-b048-40e7-a9bf-935f23389f2d: new RaftServerImpl for group-909AF7F6CFE6:[0351faed-5a49-4e4d-9068-9101bace7854:192.168.30.55:38506, 22271e8e-bc77-4b74-89ce-a847b9d0c604:192.168.30.55:42789, a4038982-b048-40e7-a9bf-935f23389f2d:192.168.30.55:40403] with ContainerStateMachine:uninitialized
2019-10-06 01:11:54,923 [pool-247-thread-1] INFO  impl.RaftServerImpl (ServerState.java:<init>(103)) - 0351faed-5a49-4e4d-9068-9101bace7854@group-909AF7F6CFE6: ConfigurationManager, init=-1: [0351faed-5a49-4e4d-9068-9101bace7854:192.168.30.55:38506, 22271e8e-bc77-4b74-89ce-a847b9d0c604:192.168.30.55:42789, a4038982-b048-40e7-a9bf-935f23389f2d:192.168.30.55:40403], old=null, confs=<EMPTY_MAP>
2019-10-06 01:11:54,924 [pool-227-thread-1] INFO  server.RaftServerConfigKeys (ConfUtils.java:logGet(43)) - raft.server.rpc.timeout.min = 5s (custom)
2019-10-06 01:11:54,924 [pool-257-thread-1] INFO  impl.RaftServerImpl (RaftServerImpl.java:<init>(95)) - 22271e8e-bc77-4b74-89ce-a847b9d0c604: new RaftServerImpl for group-909AF7F6CFE6:[0351faed-5a49-4e4d-9068-9101bace7854:192.168.30.55:38506, 22271e8e-bc77-4b74-89ce-a847b9d0c604:192.168.30.55:42789, a4038982-b048-40e7-a9bf-935f23389f2d:192.168.30.55:40403] with ContainerStateMachine:uninitialized
2019-10-06 01:11:54,924 [pool-247-thread-1] INFO  server.RaftServerConfigKeys (ConfUtils.java:logGet(43)) - raft.server.storage.dir = [/workdir/hadoop-ozone/integration-test/target/test-dir/MiniOzoneClusterImpl-40360609-f70a-4692-942a-daf78c144095/datanode-4/data/ratis] (custom)
2019-10-06 01:11:54,924 [pool-257-thread-1] INFO  server.RaftServerConfigKeys (ConfUtils.java:logGet(43)) - raft.server.rpc.timeout.min = 5s (custom)
2019-10-06 01:11:54,924 [pool-227-thread-1] INFO  server.RaftServerConfigKeys (ConfUtils.java:logGet(43)) - raft.server.rpc.timeout.max = 5200ms (custom)
2019-10-06 01:11:54,924 [pool-247-thread-1] INFO  server.RaftServerConfigKeys (ConfUtils.java:logGet(43)) - raft.server.log.corruption.policy = EXCEPTION (default)
2019-10-06 01:11:54,924 [pool-257-thread-1] INFO  server.RaftServerConfigKeys (ConfUtils.java:logGet(43)) - raft.server.rpc.timeout.max = 5200ms (custom)
2019-10-06 01:11:54,924 [pool-247-thread-1] INFO  storage.RaftStorageDirectory (RaftStorageDirectory.java:analyzeStorage(246)) - The storage directory /workdir/hadoop-ozone/integration-test/target/test-dir/MiniOzoneClusterImpl-40360609-f70a-4692-942a-daf78c144095/datanode-4/data/ratis/542ffdf3-d0e4-4c03-bc31-909af7f6cfe6 does not exist. Creating ...
2019-10-06 01:11:54,924 [pool-227-thread-1] INFO  server.RaftServerConfigKeys (ConfUtils.java:logGet(43)) - raft.server.rpcslowness.timeout = 120s (custom)
2019-10-06 01:11:54,924 [pool-257-thread-1] INFO  server.RaftServerConfigKeys (ConfUtils.java:logGet(43)) - raft.server.rpcslowness.timeout = 120s (custom)
2019-10-06 01:11:54,925 [pool-227-thread-1] INFO  server.RaftServerConfigKeys (ConfUtils.java:logGet(43)) - raft.server.sleep.deviation.threshold = 300 (default)
2019-10-06 01:11:54,925 [pool-257-thread-1] INFO  server.RaftServerConfigKeys (ConfUtils.java:logGet(43)) - raft.server.sleep.deviation.threshold = 300 (default)
2019-10-06 01:11:54,925 [pool-227-thread-1] INFO  server.RaftServerConfigKeys (ConfUtils.java:logGet(43)) - raft.server.log.appender.install.snapshot.enabled = false (custom)
2019-10-06 01:11:54,925 [pool-257-thread-1] INFO  server.RaftServerConfigKeys (ConfUtils.java:logGet(43)) - raft.server.log.appender.install.snapshot.enabled = false (custom)
2019-10-06 01:11:54,925 [pool-227-thread-1] INFO  impl.RaftServerImpl (ServerState.java:<init>(103)) - a4038982-b048-40e7-a9bf-935f23389f2d@group-909AF7F6CFE6: ConfigurationManager, init=-1: [0351faed-5a49-4e4d-9068-9101bace7854:192.168.30.55:38506, 22271e8e-bc77-4b74-89ce-a847b9d0c604:192.168.30.55:42789, a4038982-b048-40e7-a9bf-935f23389f2d:192.168.30.55:40403], old=null, confs=<EMPTY_MAP>
2019-10-06 01:11:54,925 [pool-257-thread-1] INFO  impl.RaftServerImpl (ServerState.java:<init>(103)) - 22271e8e-bc77-4b74-89ce-a847b9d0c604@group-909AF7F6CFE6: ConfigurationManager, init=-1: [0351faed-5a49-4e4d-9068-9101bace7854:192.168.30.55:38506, 22271e8e-bc77-4b74-89ce-a847b9d0c604:192.168.30.55:42789, a4038982-b048-40e7-a9bf-935f23389f2d:192.168.30.55:40403], old=null, confs=<EMPTY_MAP>
2019-10-06 01:11:54,925 [pool-227-thread-1] INFO  server.RaftServerConfigKeys (ConfUtils.java:logGet(43)) - raft.server.storage.dir = [/workdir/hadoop-ozone/integration-test/target/test-dir/MiniOzoneClusterImpl-40360609-f70a-4692-942a-daf78c144095/datanode-2/data/ratis] (custom)
2019-10-06 01:11:54,925 [pool-257-thread-1] INFO  server.RaftServerConfigKeys (ConfUtils.java:logGet(43)) - raft.server.storage.dir = [/workdir/hadoop-ozone/integration-test/target/test-dir/MiniOzoneClusterImpl-40360609-f70a-4692-942a-daf78c144095/datanode-5/data/ratis] (custom)
2019-10-06 01:11:54,926 [pool-227-thread-1] INFO  server.RaftServerConfigKeys (ConfUtils.java:logGet(43)) - raft.server.log.corruption.policy = EXCEPTION (default)
2019-10-06 01:11:54,926 [pool-257-thread-1] INFO  server.RaftServerConfigKeys (ConfUtils.java:logGet(43)) - raft.server.log.corruption.policy = EXCEPTION (default)
2019-10-06 01:11:54,926 [pool-227-thread-1] INFO  storage.RaftStorageDirectory (RaftStorageDirectory.java:analyzeStorage(246)) - The storage directory /workdir/hadoop-ozone/integration-test/target/test-dir/MiniOzoneClusterImpl-40360609-f70a-4692-942a-daf78c144095/datanode-2/data/ratis/542ffdf3-d0e4-4c03-bc31-909af7f6cfe6 does not exist. Creating ...
2019-10-06 01:11:54,926 [pool-257-thread-1] INFO  storage.RaftStorageDirectory (RaftStorageDirectory.java:analyzeStorage(246)) - The storage directory /workdir/hadoop-ozone/integration-test/target/test-dir/MiniOzoneClusterImpl-40360609-f70a-4692-942a-daf78c144095/datanode-5/data/ratis/542ffdf3-d0e4-4c03-bc31-909af7f6cfe6 does not exist. Creating ...
2019-10-06 01:11:54,937 [pool-227-thread-1] INFO  storage.RaftStorageDirectory (RaftStorageDirectory.java:tryLock(328)) - Lock on /workdir/hadoop-ozone/integration-test/target/test-dir/MiniOzoneClusterImpl-40360609-f70a-4692-942a-daf78c144095/datanode-2/data/ratis/542ffdf3-d0e4-4c03-bc31-909af7f6cfe6/in_use.lock acquired by nodename 12540@pr-hdds-2233-w5czk-1584650955
2019-10-06 01:11:54,937 [pool-247-thread-1] INFO  storage.RaftStorageDirectory (RaftStorageDirectory.java:tryLock(328)) - Lock on /workdir/hadoop-ozone/integration-test/target/test-dir/MiniOzoneClusterImpl-40360609-f70a-4692-942a-daf78c144095/datanode-4/data/ratis/542ffdf3-d0e4-4c03-bc31-909af7f6cfe6/in_use.lock acquired by nodename 12540@pr-hdds-2233-w5czk-1584650955
2019-10-06 01:11:54,937 [pool-257-thread-1] INFO  storage.RaftStorageDirectory (RaftStorageDirectory.java:tryLock(328)) - Lock on /workdir/hadoop-ozone/integration-test/target/test-dir/MiniOzoneClusterImpl-40360609-f70a-4692-942a-daf78c144095/datanode-5/data/ratis/542ffdf3-d0e4-4c03-bc31-909af7f6cfe6/in_use.lock acquired by nodename 12540@pr-hdds-2233-w5czk-1584650955
2019-10-06 01:11:54,951 [pool-247-thread-1] INFO  storage.RaftStorage (RaftStorage.java:format(84)) - Storage directory /workdir/hadoop-ozone/integration-test/target/test-dir/MiniOzoneClusterImpl-40360609-f70a-4692-942a-daf78c144095/datanode-4/data/ratis/542ffdf3-d0e4-4c03-bc31-909af7f6cfe6 has been successfully formatted.
2019-10-06 01:11:54,951 [pool-227-thread-1] INFO  storage.RaftStorage (RaftStorage.java:format(84)) - Storage directory /workdir/hadoop-ozone/integration-test/target/test-dir/MiniOzoneClusterImpl-40360609-f70a-4692-942a-daf78c144095/datanode-2/data/ratis/542ffdf3-d0e4-4c03-bc31-909af7f6cfe6 has been successfully formatted.
2019-10-06 01:11:54,951 [pool-257-thread-1] INFO  storage.RaftStorage (RaftStorage.java:format(84)) - Storage directory /workdir/hadoop-ozone/integration-test/target/test-dir/MiniOzoneClusterImpl-40360609-f70a-4692-942a-daf78c144095/datanode-5/data/ratis/542ffdf3-d0e4-4c03-bc31-909af7f6cfe6 has been successfully formatted.
2019-10-06 01:11:54,952 [pool-247-thread-1] INFO  ratis.ContainerStateMachine (ContainerStateMachine.java:loadSnapshot(230)) - group-909AF7F6CFE6: The snapshot info is null. Setting the last applied indexto:(t:0, i:~)
2019-10-06 01:11:54,952 [pool-257-thread-1] INFO  ratis.ContainerStateMachine (ContainerStateMachine.java:loadSnapshot(230)) - group-909AF7F6CFE6: The snapshot info is null. Setting the last applied indexto:(t:0, i:~)
2019-10-06 01:11:54,952 [pool-227-thread-1] INFO  ratis.ContainerStateMachine (ContainerStateMachine.java:loadSnapshot(230)) - group-909AF7F6CFE6: The snapshot info is null. Setting the last applied indexto:(t:0, i:~)
2019-10-06 01:11:54,952 [pool-257-thread-1] INFO  server.RaftServerConfigKeys (ConfUtils.java:logGet(43)) - raft.server.notification.no-leader.timeout = 120s (custom)
2019-10-06 01:11:54,952 [pool-247-thread-1] INFO  server.RaftServerConfigKeys (ConfUtils.java:logGet(43)) - raft.server.notification.no-leader.timeout = 120s (custom)
2019-10-06 01:11:54,952 [pool-257-thread-1] INFO  server.RaftServerConfigKeys (ConfUtils.java:logGet(43)) - raft.server.log.use.memory = false (default)
2019-10-06 01:11:54,952 [pool-227-thread-1] INFO  server.RaftServerConfigKeys (ConfUtils.java:logGet(43)) - raft.server.notification.no-leader.timeout = 120s (custom)
2019-10-06 01:11:54,952 [pool-257-thread-1] INFO  server.RaftServerConfigKeys (ConfUtils.java:logGet(43)) - raft.server.log.purge.gap = 1000000 (custom)
2019-10-06 01:11:54,952 [pool-247-thread-1] INFO  server.RaftServerConfigKeys (ConfUtils.java:logGet(43)) - raft.server.log.use.memory = false (default)
2019-10-06 01:11:54,953 [pool-257-thread-1] INFO  server.RaftServerConfigKeys (ConfUtils.java:logGet(43)) - raft.server.log.appender.buffer.byte-limit = 33554432 (custom)
2019-10-06 01:11:54,952 [pool-227-thread-1] INFO  server.RaftServerConfigKeys (ConfUtils.java:logGet(43)) - raft.server.log.use.memory = false (default)
2019-10-06 01:11:54,953 [pool-257-thread-1] INFO  server.RaftServerConfigKeys (ConfUtils.java:logGet(43)) - raft.server.log.segment.size.max = 1048576 (custom)
2019-10-06 01:11:54,953 [pool-247-thread-1] INFO  server.RaftServerConfigKeys (ConfUtils.java:logGet(43)) - raft.server.log.purge.gap = 1000000 (custom)
2019-10-06 01:11:54,953 [pool-257-thread-1] INFO  server.RaftServerConfigKeys (ConfUtils.java:logGet(43)) - raft.server.log.segment.cache.num.max = 2 (custom)
2019-10-06 01:11:54,953 [pool-227-thread-1] INFO  server.RaftServerConfigKeys (ConfUtils.java:logGet(43)) - raft.server.log.purge.gap = 1000000 (custom)
2019-10-06 01:11:54,953 [pool-257-thread-1] INFO  segmented.SegmentedRaftLogWorker (SegmentedRaftLogWorker.java:<init>(173)) - new 22271e8e-bc77-4b74-89ce-a847b9d0c604@group-909AF7F6CFE6-SegmentedRaftLogWorker for RaftStorage:Storage Directory /workdir/hadoop-ozone/integration-test/target/test-dir/MiniOzoneClusterImpl-40360609-f70a-4692-942a-daf78c144095/datanode-5/data/ratis/542ffdf3-d0e4-4c03-bc31-909af7f6cfe6
2019-10-06 01:11:54,953 [pool-257-thread-1] INFO  server.RaftServerConfigKeys (ConfUtils.java:logGet(43)) - raft.server.log.queue.byte-limit = 2147483647 (custom)
2019-10-06 01:11:54,953 [pool-247-thread-1] INFO  server.RaftServerConfigKeys (ConfUtils.java:logGet(43)) - raft.server.log.appender.buffer.byte-limit = 33554432 (custom)
2019-10-06 01:11:54,953 [pool-257-thread-1] INFO  server.RaftServerConfigKeys (ConfUtils.java:logGet(43)) - raft.server.log.queue.element-limit = 1024 (custom)
2019-10-06 01:11:54,953 [pool-227-thread-1] INFO  server.RaftServerConfigKeys (ConfUtils.java:logGet(43)) - raft.server.log.appender.buffer.byte-limit = 33554432 (custom)
2019-10-06 01:11:54,954 [pool-257-thread-1] INFO  server.RaftServerConfigKeys (ConfUtils.java:logGet(43)) - raft.server.log.segment.size.max = 1048576 (custom)
2019-10-06 01:11:54,954 [pool-247-thread-1] INFO  server.RaftServerConfigKeys (ConfUtils.java:logGet(43)) - raft.server.log.segment.size.max = 1048576 (custom)
2019-10-06 01:11:54,954 [pool-257-thread-1] INFO  server.RaftServerConfigKeys (ConfUtils.java:logGet(43)) - raft.server.log.preallocated.size = 16384 (custom)
2019-10-06 01:11:54,954 [pool-257-thread-1] INFO  server.RaftServerConfigKeys (ConfUtils.java:logGet(43)) - raft.server.log.write.buffer.size = 33554432 (custom)
2019-10-06 01:11:54,954 [pool-227-thread-1] INFO  server.RaftServerConfigKeys (ConfUtils.java:logGet(43)) - raft.server.log.segment.size.max = 1048576 (custom)
2019-10-06 01:11:54,954 [pool-227-thread-1] INFO  server.RaftServerConfigKeys (ConfUtils.java:logGet(43)) - raft.server.log.segment.cache.num.max = 2 (custom)
2019-10-06 01:11:54,954 [pool-257-thread-1] INFO  server.RaftServerConfigKeys (ConfUtils.java:logGet(43)) - raft.server.log.force.sync.num = 128 (default)
2019-10-06 01:11:54,954 [pool-247-thread-1] INFO  server.RaftServerConfigKeys (ConfUtils.java:logGet(43)) - raft.server.log.segment.cache.num.max = 2 (custom)
2019-10-06 01:11:54,955 [pool-257-thread-1] INFO  server.RaftServerConfigKeys (ConfUtils.java:logGet(43)) - raft.server.log.statemachine.data.sync = true (default)
2019-10-06 01:11:54,954 [pool-227-thread-1] INFO  segmented.SegmentedRaftLogWorker (SegmentedRaftLogWorker.java:<init>(173)) - new a4038982-b048-40e7-a9bf-935f23389f2d@group-909AF7F6CFE6-SegmentedRaftLogWorker for RaftStorage:Storage Directory /workdir/hadoop-ozone/integration-test/target/test-dir/MiniOzoneClusterImpl-40360609-f70a-4692-942a-daf78c144095/datanode-2/data/ratis/542ffdf3-d0e4-4c03-bc31-909af7f6cfe6
2019-10-06 01:11:54,955 [pool-257-thread-1] INFO  server.RaftServerConfigKeys (ConfUtils.java:logGet(43)) - raft.server.log.statemachine.data.sync.timeout = 10s (default)
2019-10-06 01:11:54,955 [pool-257-thread-1] INFO  server.RaftServerConfigKeys (ConfUtils.java:logGet(43)) - raft.server.log.statemachine.data.sync.timeout.retry = -1 (default)
2019-10-06 01:11:54,955 [pool-247-thread-1] INFO  segmented.SegmentedRaftLogWorker (SegmentedRaftLogWorker.java:<init>(173)) - new 0351faed-5a49-4e4d-9068-9101bace7854@group-909AF7F6CFE6-SegmentedRaftLogWorker for RaftStorage:Storage Directory /workdir/hadoop-ozone/integration-test/target/test-dir/MiniOzoneClusterImpl-40360609-f70a-4692-942a-daf78c144095/datanode-4/data/ratis/542ffdf3-d0e4-4c03-bc31-909af7f6cfe6
2019-10-06 01:11:54,955 [pool-257-thread-1] INFO  server.RaftServerConfigKeys (ConfUtils.java:logGet(43)) - raft.server.log.statemachine.data.caching.enabled = true (custom)
2019-10-06 01:11:54,955 [pool-227-thread-1] INFO  server.RaftServerConfigKeys (ConfUtils.java:logGet(43)) - raft.server.log.queue.byte-limit = 2147483647 (custom)
2019-10-06 01:11:54,955 [pool-247-thread-1] INFO  server.RaftServerConfigKeys (ConfUtils.java:logGet(43)) - raft.server.log.queue.byte-limit = 2147483647 (custom)
2019-10-06 01:11:54,956 [pool-257-thread-1] INFO  segmented.SegmentedRaftLogWorker (SegmentedRaftLogWorker.java:lambda$new$0(128)) - 22271e8e-bc77-4b74-89ce-a847b9d0c604@group-909AF7F6CFE6-SegmentedRaftLogWorker: flushIndex: setUnconditionally 0 -> -1
2019-10-06 01:11:54,955 [pool-227-thread-1] INFO  server.RaftServerConfigKeys (ConfUtils.java:logGet(43)) - raft.server.log.queue.element-limit = 1024 (custom)
2019-10-06 01:11:54,956 [pool-257-thread-1] INFO  server.RaftServerConfigKeys (ConfUtils.java:logGet(43)) - raft.server.snapshot.auto.trigger.enabled = true (custom)
2019-10-06 01:11:54,956 [pool-247-thread-1] INFO  server.RaftServerConfigKeys (ConfUtils.java:logGet(43)) - raft.server.log.queue.element-limit = 1024 (custom)
2019-10-06 01:11:54,956 [pool-257-thread-1] INFO  server.RaftServerConfigKeys (ConfUtils.java:logGet(43)) - raft.server.snapshot.auto.trigger.threshold = 10000 (custom)
2019-10-06 01:11:54,956 [pool-227-thread-1] INFO  server.RaftServerConfigKeys (ConfUtils.java:logGet(43)) - raft.server.log.segment.size.max = 1048576 (custom)
2019-10-06 01:11:54,956 [pool-257-thread-1] INFO  server.RaftServerConfigKeys (ConfUtils.java:logGet(43)) - raft.server.snapshot.retention.file.num = 5 (custom)
2019-10-06 01:11:54,956 [pool-247-thread-1] INFO  server.RaftServerConfigKeys (ConfUtils.java:logGet(43)) - raft.server.log.segment.size.max = 1048576 (custom)
2019-10-06 01:11:54,956 [pool-257-thread-1] INFO  server.RaftServerConfigKeys (ConfUtils.java:logGet(43)) - raft.server.retrycache.expirytime = 600000ms (custom)
2019-10-06 01:11:54,956 [pool-227-thread-1] INFO  server.RaftServerConfigKeys (ConfUtils.java:logGet(43)) - raft.server.log.preallocated.size = 16384 (custom)
2019-10-06 01:11:54,956 [pool-247-thread-1] INFO  server.RaftServerConfigKeys (ConfUtils.java:logGet(43)) - raft.server.log.preallocated.size = 16384 (custom)
2019-10-06 01:11:54,957 [pool-227-thread-1] INFO  server.RaftServerConfigKeys (ConfUtils.java:logGet(43)) - raft.server.log.write.buffer.size = 33554432 (custom)
2019-10-06 01:11:54,957 [pool-247-thread-1] INFO  server.RaftServerConfigKeys (ConfUtils.java:logGet(43)) - raft.server.log.write.buffer.size = 33554432 (custom)
2019-10-06 01:11:54,957 [pool-227-thread-1] INFO  server.RaftServerConfigKeys (ConfUtils.java:logGet(43)) - raft.server.log.force.sync.num = 128 (default)
2019-10-06 01:11:54,957 [pool-247-thread-1] INFO  server.RaftServerConfigKeys (ConfUtils.java:logGet(43)) - raft.server.log.force.sync.num = 128 (default)
2019-10-06 01:11:54,957 [pool-227-thread-1] INFO  server.RaftServerConfigKeys (ConfUtils.java:logGet(43)) - raft.server.log.statemachine.data.sync = true (default)
2019-10-06 01:11:54,957 [pool-247-thread-1] INFO  server.RaftServerConfigKeys (ConfUtils.java:logGet(43)) - raft.server.log.statemachine.data.sync = true (default)
2019-10-06 01:11:54,957 [pool-227-thread-1] INFO  server.RaftServerConfigKeys (ConfUtils.java:logGet(43)) - raft.server.log.statemachine.data.sync.timeout = 10s (default)
2019-10-06 01:11:54,957 [pool-247-thread-1] INFO  server.RaftServerConfigKeys (ConfUtils.java:logGet(43)) - raft.server.log.statemachine.data.sync.timeout = 10s (default)
2019-10-06 01:11:54,957 [pool-227-thread-1] INFO  server.RaftServerConfigKeys (ConfUtils.java:logGet(43)) - raft.server.log.statemachine.data.sync.timeout.retry = -1 (default)
2019-10-06 01:11:54,958 [pool-247-thread-1] INFO  server.RaftServerConfigKeys (ConfUtils.java:logGet(43)) - raft.server.log.statemachine.data.sync.timeout.retry = -1 (default)
2019-10-06 01:11:54,958 [pool-227-thread-1] INFO  server.RaftServerConfigKeys (ConfUtils.java:logGet(43)) - raft.server.log.statemachine.data.caching.enabled = true (custom)
2019-10-06 01:11:54,958 [pool-247-thread-1] INFO  server.RaftServerConfigKeys (ConfUtils.java:logGet(43)) - raft.server.log.statemachine.data.caching.enabled = true (custom)
2019-10-06 01:11:54,958 [pool-257-thread-1] INFO  impl.RaftServerImpl (RaftServerImpl.java:start(181)) - 22271e8e-bc77-4b74-89ce-a847b9d0c604@group-909AF7F6CFE6: start as a follower, conf=-1: [0351faed-5a49-4e4d-9068-9101bace7854:192.168.30.55:38506, 22271e8e-bc77-4b74-89ce-a847b9d0c604:192.168.30.55:42789, a4038982-b048-40e7-a9bf-935f23389f2d:192.168.30.55:40403], old=null
2019-10-06 01:11:54,958 [pool-227-thread-1] INFO  segmented.SegmentedRaftLogWorker (SegmentedRaftLogWorker.java:lambda$new$0(128)) - a4038982-b048-40e7-a9bf-935f23389f2d@group-909AF7F6CFE6-SegmentedRaftLogWorker: flushIndex: setUnconditionally 0 -> -1
2019-10-06 01:11:54,958 [pool-257-thread-1] INFO  impl.RaftServerImpl (RaftServerImpl.java:setRole(170)) - 22271e8e-bc77-4b74-89ce-a847b9d0c604@group-909AF7F6CFE6: changes role from      null to FOLLOWER at term 0 for startAsFollower
2019-10-06 01:11:54,958 [pool-247-thread-1] INFO  segmented.SegmentedRaftLogWorker (SegmentedRaftLogWorker.java:lambda$new$0(128)) - 0351faed-5a49-4e4d-9068-9101bace7854@group-909AF7F6CFE6-SegmentedRaftLogWorker: flushIndex: setUnconditionally 0 -> -1
2019-10-06 01:11:54,958 [pool-227-thread-1] INFO  server.RaftServerConfigKeys (ConfUtils.java:logGet(43)) - raft.server.snapshot.auto.trigger.enabled = true (custom)
2019-10-06 01:11:54,958 [pool-247-thread-1] INFO  server.RaftServerConfigKeys (ConfUtils.java:logGet(43)) - raft.server.snapshot.auto.trigger.enabled = true (custom)
2019-10-06 01:11:54,958 [pool-257-thread-1] INFO  impl.RoleInfo (RoleInfo.java:updateAndGet(143)) - 22271e8e-bc77-4b74-89ce-a847b9d0c604: start FollowerState
2019-10-06 01:11:54,959 [pool-247-thread-1] INFO  server.RaftServerConfigKeys (ConfUtils.java:logGet(43)) - raft.server.snapshot.auto.trigger.threshold = 10000 (custom)
2019-10-06 01:11:54,958 [pool-227-thread-1] INFO  server.RaftServerConfigKeys (ConfUtils.java:logGet(43)) - raft.server.snapshot.auto.trigger.threshold = 10000 (custom)
2019-10-06 01:11:54,959 [pool-257-thread-1] INFO  util.JmxRegister (JmxRegister.java:tryRegister(44)) - Successfully registered JMX Bean with object name Ratis:service=RaftServer,group=group-909AF7F6CFE6,id=22271e8e-bc77-4b74-89ce-a847b9d0c604
2019-10-06 01:11:54,959 [pool-247-thread-1] INFO  server.RaftServerConfigKeys (ConfUtils.java:logGet(43)) - raft.server.snapshot.retention.file.num = 5 (custom)
2019-10-06 01:11:54,959 [pool-227-thread-1] INFO  server.RaftServerConfigKeys (ConfUtils.java:logGet(43)) - raft.server.snapshot.retention.file.num = 5 (custom)
2019-10-06 01:11:54,959 [pool-247-thread-1] INFO  server.RaftServerConfigKeys (ConfUtils.java:logGet(43)) - raft.server.retrycache.expirytime = 600000ms (custom)
2019-10-06 01:11:54,959 [pool-227-thread-1] INFO  server.RaftServerConfigKeys (ConfUtils.java:logGet(43)) - raft.server.retrycache.expirytime = 600000ms (custom)
2019-10-06 01:11:54,962 [pool-247-thread-1] INFO  impl.RaftServerImpl (RaftServerImpl.java:start(181)) - 0351faed-5a49-4e4d-9068-9101bace7854@group-909AF7F6CFE6: start as a follower, conf=-1: [0351faed-5a49-4e4d-9068-9101bace7854:192.168.30.55:38506, 22271e8e-bc77-4b74-89ce-a847b9d0c604:192.168.30.55:42789, a4038982-b048-40e7-a9bf-935f23389f2d:192.168.30.55:40403], old=null
2019-10-06 01:11:54,962 [pool-247-thread-1] INFO  impl.RaftServerImpl (RaftServerImpl.java:setRole(170)) - 0351faed-5a49-4e4d-9068-9101bace7854@group-909AF7F6CFE6: changes role from      null to FOLLOWER at term 0 for startAsFollower
2019-10-06 01:11:54,962 [pool-227-thread-1] INFO  impl.RaftServerImpl (RaftServerImpl.java:start(181)) - a4038982-b048-40e7-a9bf-935f23389f2d@group-909AF7F6CFE6: start as a follower, conf=-1: [0351faed-5a49-4e4d-9068-9101bace7854:192.168.30.55:38506, 22271e8e-bc77-4b74-89ce-a847b9d0c604:192.168.30.55:42789, a4038982-b048-40e7-a9bf-935f23389f2d:192.168.30.55:40403], old=null
2019-10-06 01:11:54,962 [pool-247-thread-1] INFO  impl.RoleInfo (RoleInfo.java:updateAndGet(143)) - 0351faed-5a49-4e4d-9068-9101bace7854: start FollowerState
2019-10-06 01:11:54,962 [pool-227-thread-1] INFO  impl.RaftServerImpl (RaftServerImpl.java:setRole(170)) - a4038982-b048-40e7-a9bf-935f23389f2d@group-909AF7F6CFE6: changes role from      null to FOLLOWER at term 0 for startAsFollower
2019-10-06 01:11:54,962 [pool-227-thread-1] INFO  impl.RoleInfo (RoleInfo.java:updateAndGet(143)) - a4038982-b048-40e7-a9bf-935f23389f2d: start FollowerState
2019-10-06 01:11:54,962 [pool-247-thread-1] INFO  util.JmxRegister (JmxRegister.java:tryRegister(44)) - Successfully registered JMX Bean with object name Ratis:service=RaftServer,group=group-909AF7F6CFE6,id=0351faed-5a49-4e4d-9068-9101bace7854
2019-10-06 01:11:54,962 [pool-227-thread-1] INFO  util.JmxRegister (JmxRegister.java:tryRegister(44)) - Successfully registered JMX Bean with object name Ratis:service=RaftServer,group=group-909AF7F6CFE6,id=a4038982-b048-40e7-a9bf-935f23389f2d
2019-10-06 01:11:54,968 [RatisPipelineUtilsThread] INFO  pipeline.PipelineStateManager (PipelineStateManager.java:addPipeline(56)) - Created pipeline Pipeline[ Id: 542ffdf3-d0e4-4c03-bc31-909af7f6cfe6, Nodes: 22271e8e-bc77-4b74-89ce-a847b9d0c604{ip: 192.168.30.55, host: pr-hdds-2233-w5czk-1584650955, networkLocation: /default-rack, certSerialId: null}a4038982-b048-40e7-a9bf-935f23389f2d{ip: 192.168.30.55, host: pr-hdds-2233-w5czk-1584650955, networkLocation: /default-rack, certSerialId: null}0351faed-5a49-4e4d-9068-9101bace7854{ip: 192.168.30.55, host: pr-hdds-2233-w5czk-1584650955, networkLocation: /default-rack, certSerialId: null}, Type:RATIS, Factor:THREE, State:OPEN]
2019-10-06 01:11:57,347 [Thread-1434] INFO  container.ReplicationManager (ReplicationManager.java:start(162)) - Starting Replication Monitor Thread.
2019-10-06 01:11:57,352 [ReplicationMonitor] INFO  container.ReplicationManager (ReplicationManager.java:run(225)) - Replication Monitor Thread took 1 milliseconds for processing 1 containers.
2019-10-06 01:11:59,553 [Thread-1439] INFO  impl.FollowerState (FollowerState.java:run(108)) - 6e899f9a-39c7-4d88-8fee-651142b6bdd4@group-A9416E283411-FollowerState: change to CANDIDATE, lastRpcTime:5072ms, electionTimeout:5072ms
2019-10-06 01:11:59,554 [Thread-1439] INFO  impl.RoleInfo (RoleInfo.java:shutdownFollowerState(121)) - 6e899f9a-39c7-4d88-8fee-651142b6bdd4: shutdown FollowerState
2019-10-06 01:11:59,554 [Thread-1439] INFO  impl.RaftServerImpl (RaftServerImpl.java:setRole(170)) - 6e899f9a-39c7-4d88-8fee-651142b6bdd4@group-A9416E283411: changes role from  FOLLOWER to CANDIDATE at term 0 for changeToCandidate
2019-10-06 01:11:59,554 [Thread-1439] INFO  impl.RoleInfo (RoleInfo.java:updateAndGet(143)) - 6e899f9a-39c7-4d88-8fee-651142b6bdd4: start LeaderElection
2019-10-06 01:11:59,578 [6e899f9a-39c7-4d88-8fee-651142b6bdd4@group-A9416E283411-LeaderElection32] INFO  impl.LeaderElection (LeaderElection.java:askForVotes(178)) - 6e899f9a-39c7-4d88-8fee-651142b6bdd4@group-A9416E283411-LeaderElection32: begin an election at term 1 for -1: [6e899f9a-39c7-4d88-8fee-651142b6bdd4:192.168.30.55:40860], old=null
2019-10-06 01:11:59,578 [6e899f9a-39c7-4d88-8fee-651142b6bdd4@group-A9416E283411-LeaderElection32] INFO  impl.RoleInfo (RoleInfo.java:shutdownLeaderElection(134)) - 6e899f9a-39c7-4d88-8fee-651142b6bdd4: shutdown LeaderElection
2019-10-06 01:11:59,579 [6e899f9a-39c7-4d88-8fee-651142b6bdd4@group-A9416E283411-LeaderElection32] INFO  impl.RaftServerImpl (RaftServerImpl.java:setRole(170)) - 6e899f9a-39c7-4d88-8fee-651142b6bdd4@group-A9416E283411: changes role from CANDIDATE to LEADER at term 1 for changeToLeader
2019-10-06 01:11:59,579 [6e899f9a-39c7-4d88-8fee-651142b6bdd4@group-A9416E283411-LeaderElection32] INFO  impl.RaftServerImpl (ServerState.java:setLeader(255)) - 6e899f9a-39c7-4d88-8fee-651142b6bdd4@group-A9416E283411: change Leader from null to 6e899f9a-39c7-4d88-8fee-651142b6bdd4 at term 1 for becomeLeader, leader elected after 5108ms
2019-10-06 01:11:59,579 [6e899f9a-39c7-4d88-8fee-651142b6bdd4@group-A9416E283411-LeaderElection32] INFO  server.RaftServerConfigKeys (ConfUtils.java:logGet(43)) - raft.server.staging.catchup.gap = 1000 (default)
2019-10-06 01:11:59,580 [6e899f9a-39c7-4d88-8fee-651142b6bdd4@group-A9416E283411-LeaderElection32] INFO  server.RaftServerConfigKeys (ConfUtils.java:logGet(43)) - raft.server.rpc.sleep.time = 25ms (default)
2019-10-06 01:11:59,580 [6e899f9a-39c7-4d88-8fee-651142b6bdd4@group-A9416E283411-LeaderElection32] INFO  server.RaftServerConfigKeys (ConfUtils.java:logGet(43)) - raft.server.write.element-limit = 4096 (default)
2019-10-06 01:11:59,580 [6e899f9a-39c7-4d88-8fee-651142b6bdd4@group-A9416E283411-LeaderElection32] INFO  server.RaftServerConfigKeys (ConfUtils.java:logGet(43)) - raft.server.watch.timeout = 10s (default)
2019-10-06 01:11:59,580 [6e899f9a-39c7-4d88-8fee-651142b6bdd4@group-A9416E283411-LeaderElection32] INFO  server.RaftServerConfigKeys (ConfUtils.java:logGet(43)) - raft.server.watch.timeout.denomination = 1s (default)
2019-10-06 01:11:59,581 [6e899f9a-39c7-4d88-8fee-651142b6bdd4@group-A9416E283411-LeaderElection32] INFO  server.RaftServerConfigKeys (ConfUtils.java:logGet(43)) - raft.server.watch.element-limit = 65536 (default)
2019-10-06 01:11:59,584 [6e899f9a-39c7-4d88-8fee-651142b6bdd4@group-A9416E283411-LeaderElection32] INFO  impl.RoleInfo (RoleInfo.java:updateAndGet(143)) - 6e899f9a-39c7-4d88-8fee-651142b6bdd4: start LeaderState
2019-10-06 01:11:59,584 [6e899f9a-39c7-4d88-8fee-651142b6bdd4@group-A9416E283411-LeaderElection32] INFO  segmented.SegmentedRaftLogWorker (SegmentedRaftLogWorker.java:startLogSegment(385)) - 6e899f9a-39c7-4d88-8fee-651142b6bdd4@group-A9416E283411-SegmentedRaftLogWorker: Starting segment from index:0
2019-10-06 01:11:59,585 [6e899f9a-39c7-4d88-8fee-651142b6bdd4@group-A9416E283411-LeaderElection32] INFO  impl.RaftServerImpl (ServerState.java:setRaftConf(356)) - 6e899f9a-39c7-4d88-8fee-651142b6bdd4@group-A9416E283411: set configuration 0: [6e899f9a-39c7-4d88-8fee-651142b6bdd4:192.168.30.55:40860], old=null at 0
2019-10-06 01:11:59,598 [Thread-1436] INFO  impl.FollowerState (FollowerState.java:run(108)) - a3975b4a-105c-4b9b-8142-24e206f1c3ba@group-7D7682AD77E8-FollowerState: change to CANDIDATE, lastRpcTime:5199ms, electionTimeout:5199ms
2019-10-06 01:11:59,599 [Thread-1436] INFO  impl.RoleInfo (RoleInfo.java:shutdownFollowerState(121)) - a3975b4a-105c-4b9b-8142-24e206f1c3ba: shutdown FollowerState
2019-10-06 01:11:59,599 [Thread-1436] INFO  impl.RaftServerImpl (RaftServerImpl.java:setRole(170)) - a3975b4a-105c-4b9b-8142-24e206f1c3ba@group-7D7682AD77E8: changes role from  FOLLOWER to CANDIDATE at term 0 for changeToCandidate
2019-10-06 01:11:59,599 [Thread-1436] INFO  impl.RoleInfo (RoleInfo.java:updateAndGet(143)) - a3975b4a-105c-4b9b-8142-24e206f1c3ba: start LeaderElection
2019-10-06 01:11:59,626 [Thread-1442] INFO  impl.FollowerState (FollowerState.java:run(108)) - a4038982-b048-40e7-a9bf-935f23389f2d@group-F23CEABB0301-FollowerState: change to CANDIDATE, lastRpcTime:5068ms, electionTimeout:5049ms
2019-10-06 01:11:59,626 [Thread-1442] INFO  impl.RoleInfo (RoleInfo.java:shutdownFollowerState(121)) - a4038982-b048-40e7-a9bf-935f23389f2d: shutdown FollowerState
2019-10-06 01:11:59,626 [Thread-1442] INFO  impl.RaftServerImpl (RaftServerImpl.java:setRole(170)) - a4038982-b048-40e7-a9bf-935f23389f2d@group-F23CEABB0301: changes role from  FOLLOWER to CANDIDATE at term 0 for changeToCandidate
2019-10-06 01:11:59,627 [Thread-1442] INFO  impl.RoleInfo (RoleInfo.java:updateAndGet(143)) - a4038982-b048-40e7-a9bf-935f23389f2d: start LeaderElection
2019-10-06 01:11:59,634 [6e899f9a-39c7-4d88-8fee-651142b6bdd4@group-A9416E283411-SegmentedRaftLogWorker] INFO  segmented.SegmentedRaftLogWorker (SegmentedRaftLogWorker.java:execute(574)) - 6e899f9a-39c7-4d88-8fee-651142b6bdd4@group-A9416E283411-SegmentedRaftLogWorker: created new log segment /workdir/hadoop-ozone/integration-test/target/test-dir/MiniOzoneClusterImpl-40360609-f70a-4692-942a-daf78c144095/datanode-1/data/ratis/0bd540ec-689d-41e8-9577-a9416e283411/current/log_inprogress_0
2019-10-06 01:11:59,634 [a3975b4a-105c-4b9b-8142-24e206f1c3ba@group-7D7682AD77E8-LeaderElection33] INFO  impl.LeaderElection (LeaderElection.java:askForVotes(178)) - a3975b4a-105c-4b9b-8142-24e206f1c3ba@group-7D7682AD77E8-LeaderElection33: begin an election at term 1 for -1: [a3975b4a-105c-4b9b-8142-24e206f1c3ba:192.168.30.55:34641], old=null
2019-10-06 01:11:59,634 [a3975b4a-105c-4b9b-8142-24e206f1c3ba@group-7D7682AD77E8-LeaderElection33] INFO  impl.RoleInfo (RoleInfo.java:shutdownLeaderElection(134)) - a3975b4a-105c-4b9b-8142-24e206f1c3ba: shutdown LeaderElection
2019-10-06 01:11:59,635 [a3975b4a-105c-4b9b-8142-24e206f1c3ba@group-7D7682AD77E8-LeaderElection33] INFO  impl.RaftServerImpl (RaftServerImpl.java:setRole(170)) - a3975b4a-105c-4b9b-8142-24e206f1c3ba@group-7D7682AD77E8: changes role from CANDIDATE to LEADER at term 1 for changeToLeader
2019-10-06 01:11:59,635 [a3975b4a-105c-4b9b-8142-24e206f1c3ba@group-7D7682AD77E8-LeaderElection33] INFO  impl.RaftServerImpl (ServerState.java:setLeader(255)) - a3975b4a-105c-4b9b-8142-24e206f1c3ba@group-7D7682AD77E8: change Leader from null to a3975b4a-105c-4b9b-8142-24e206f1c3ba at term 1 for becomeLeader, leader elected after 5246ms
2019-10-06 01:11:59,635 [a3975b4a-105c-4b9b-8142-24e206f1c3ba@group-7D7682AD77E8-LeaderElection33] INFO  server.RaftServerConfigKeys (ConfUtils.java:logGet(43)) - raft.server.staging.catchup.gap = 1000 (default)
2019-10-06 01:11:59,635 [a3975b4a-105c-4b9b-8142-24e206f1c3ba@group-7D7682AD77E8-LeaderElection33] INFO  server.RaftServerConfigKeys (ConfUtils.java:logGet(43)) - raft.server.rpc.sleep.time = 25ms (default)
2019-10-06 01:11:59,635 [a3975b4a-105c-4b9b-8142-24e206f1c3ba@group-7D7682AD77E8-LeaderElection33] INFO  server.RaftServerConfigKeys (ConfUtils.java:logGet(43)) - raft.server.write.element-limit = 4096 (default)
2019-10-06 01:11:59,636 [a3975b4a-105c-4b9b-8142-24e206f1c3ba@group-7D7682AD77E8-LeaderElection33] INFO  server.RaftServerConfigKeys (ConfUtils.java:logGet(43)) - raft.server.watch.timeout = 10s (default)
2019-10-06 01:11:59,636 [a3975b4a-105c-4b9b-8142-24e206f1c3ba@group-7D7682AD77E8-LeaderElection33] INFO  server.RaftServerConfigKeys (ConfUtils.java:logGet(43)) - raft.server.watch.timeout.denomination = 1s (default)
2019-10-06 01:11:59,636 [a3975b4a-105c-4b9b-8142-24e206f1c3ba@group-7D7682AD77E8-LeaderElection33] INFO  server.RaftServerConfigKeys (ConfUtils.java:logGet(43)) - raft.server.watch.element-limit = 65536 (default)
2019-10-06 01:11:59,639 [a3975b4a-105c-4b9b-8142-24e206f1c3ba@group-7D7682AD77E8-LeaderElection33] INFO  impl.RoleInfo (RoleInfo.java:updateAndGet(143)) - a3975b4a-105c-4b9b-8142-24e206f1c3ba: start LeaderState
2019-10-06 01:11:59,639 [a3975b4a-105c-4b9b-8142-24e206f1c3ba@group-7D7682AD77E8-LeaderElection33] INFO  segmented.SegmentedRaftLogWorker (SegmentedRaftLogWorker.java:startLogSegment(385)) - a3975b4a-105c-4b9b-8142-24e206f1c3ba@group-7D7682AD77E8-SegmentedRaftLogWorker: Starting segment from index:0
2019-10-06 01:11:59,640 [a3975b4a-105c-4b9b-8142-24e206f1c3ba@group-7D7682AD77E8-LeaderElection33] INFO  impl.RaftServerImpl (ServerState.java:setRaftConf(356)) - a3975b4a-105c-4b9b-8142-24e206f1c3ba@group-7D7682AD77E8: set configuration 0: [a3975b4a-105c-4b9b-8142-24e206f1c3ba:192.168.30.55:34641], old=null at 0
2019-10-06 01:11:59,648 [a4038982-b048-40e7-a9bf-935f23389f2d@group-F23CEABB0301-LeaderElection34] INFO  impl.LeaderElection (LeaderElection.java:askForVotes(178)) - a4038982-b048-40e7-a9bf-935f23389f2d@group-F23CEABB0301-LeaderElection34: begin an election at term 1 for -1: [a4038982-b048-40e7-a9bf-935f23389f2d:192.168.30.55:40403], old=null
2019-10-06 01:11:59,648 [a4038982-b048-40e7-a9bf-935f23389f2d@group-F23CEABB0301-LeaderElection34] INFO  impl.RoleInfo (RoleInfo.java:shutdownLeaderElection(134)) - a4038982-b048-40e7-a9bf-935f23389f2d: shutdown LeaderElection
2019-10-06 01:11:59,648 [a4038982-b048-40e7-a9bf-935f23389f2d@group-F23CEABB0301-LeaderElection34] INFO  impl.RaftServerImpl (RaftServerImpl.java:setRole(170)) - a4038982-b048-40e7-a9bf-935f23389f2d@group-F23CEABB0301: changes role from CANDIDATE to LEADER at term 1 for changeToLeader
2019-10-06 01:11:59,648 [a4038982-b048-40e7-a9bf-935f23389f2d@group-F23CEABB0301-LeaderElection34] INFO  impl.RaftServerImpl (ServerState.java:setLeader(255)) - a4038982-b048-40e7-a9bf-935f23389f2d@group-F23CEABB0301: change Leader from null to a4038982-b048-40e7-a9bf-935f23389f2d at term 1 for becomeLeader, leader elected after 5106ms
2019-10-06 01:11:59,648 [a4038982-b048-40e7-a9bf-935f23389f2d@group-F23CEABB0301-LeaderElection34] INFO  server.RaftServerConfigKeys (ConfUtils.java:logGet(43)) - raft.server.staging.catchup.gap = 1000 (default)
2019-10-06 01:11:59,648 [a4038982-b048-40e7-a9bf-935f23389f2d@group-F23CEABB0301-LeaderElection34] INFO  server.RaftServerConfigKeys (ConfUtils.java:logGet(43)) - raft.server.rpc.sleep.time = 25ms (default)
2019-10-06 01:11:59,649 [a4038982-b048-40e7-a9bf-935f23389f2d@group-F23CEABB0301-LeaderElection34] INFO  server.RaftServerConfigKeys (ConfUtils.java:logGet(43)) - raft.server.write.element-limit = 4096 (default)
2019-10-06 01:11:59,649 [a4038982-b048-40e7-a9bf-935f23389f2d@group-F23CEABB0301-LeaderElection34] INFO  server.RaftServerConfigKeys (ConfUtils.java:logGet(43)) - raft.server.watch.timeout = 10s (default)
2019-10-06 01:11:59,649 [a4038982-b048-40e7-a9bf-935f23389f2d@group-F23CEABB0301-LeaderElection34] INFO  server.RaftServerConfigKeys (ConfUtils.java:logGet(43)) - raft.server.watch.timeout.denomination = 1s (default)
2019-10-06 01:11:59,649 [a4038982-b048-40e7-a9bf-935f23389f2d@group-F23CEABB0301-LeaderElection34] INFO  server.RaftServerConfigKeys (ConfUtils.java:logGet(43)) - raft.server.watch.element-limit = 65536 (default)
2019-10-06 01:11:59,652 [a4038982-b048-40e7-a9bf-935f23389f2d@group-F23CEABB0301-LeaderElection34] INFO  impl.RoleInfo (RoleInfo.java:updateAndGet(143)) - a4038982-b048-40e7-a9bf-935f23389f2d: start LeaderState
2019-10-06 01:11:59,652 [a4038982-b048-40e7-a9bf-935f23389f2d@group-F23CEABB0301-LeaderElection34] INFO  segmented.SegmentedRaftLogWorker (SegmentedRaftLogWorker.java:startLogSegment(385)) - a4038982-b048-40e7-a9bf-935f23389f2d@group-F23CEABB0301-SegmentedRaftLogWorker: Starting segment from index:0
2019-10-06 01:11:59,653 [a4038982-b048-40e7-a9bf-935f23389f2d@group-F23CEABB0301-LeaderElection34] INFO  impl.RaftServerImpl (ServerState.java:setRaftConf(356)) - a4038982-b048-40e7-a9bf-935f23389f2d@group-F23CEABB0301: set configuration 0: [a4038982-b048-40e7-a9bf-935f23389f2d:192.168.30.55:40403], old=null at 0
2019-10-06 01:11:59,688 [a3975b4a-105c-4b9b-8142-24e206f1c3ba@group-7D7682AD77E8-SegmentedRaftLogWorker] INFO  segmented.SegmentedRaftLogWorker (SegmentedRaftLogWorker.java:execute(574)) - a3975b4a-105c-4b9b-8142-24e206f1c3ba@group-7D7682AD77E8-SegmentedRaftLogWorker: created new log segment /workdir/hadoop-ozone/integration-test/target/test-dir/MiniOzoneClusterImpl-40360609-f70a-4692-942a-daf78c144095/datanode-0/data/ratis/b10c3c0d-26c9-482c-a850-7d7682ad77e8/current/log_inprogress_0
2019-10-06 01:11:59,690 [a4038982-b048-40e7-a9bf-935f23389f2d@group-F23CEABB0301-SegmentedRaftLogWorker] INFO  segmented.SegmentedRaftLogWorker (SegmentedRaftLogWorker.java:execute(574)) - a4038982-b048-40e7-a9bf-935f23389f2d@group-F23CEABB0301-SegmentedRaftLogWorker: created new log segment /workdir/hadoop-ozone/integration-test/target/test-dir/MiniOzoneClusterImpl-40360609-f70a-4692-942a-daf78c144095/datanode-2/data/ratis/0570ffe7-df13-42e9-9d06-f23ceabb0301/current/log_inprogress_0
2019-10-06 01:11:59,721 [Thread-1448] INFO  impl.FollowerState (FollowerState.java:run(108)) - bf220e48-d6ce-49f3-a557-fc9d50d77ef3@group-F8ADE7488A15-FollowerState: change to CANDIDATE, lastRpcTime:5030ms, electionTimeout:5030ms
2019-10-06 01:11:59,722 [Thread-1448] INFO  impl.RoleInfo (RoleInfo.java:shutdownFollowerState(121)) - bf220e48-d6ce-49f3-a557-fc9d50d77ef3: shutdown FollowerState
2019-10-06 01:11:59,722 [Thread-1448] INFO  impl.RaftServerImpl (RaftServerImpl.java:setRole(170)) - bf220e48-d6ce-49f3-a557-fc9d50d77ef3@group-F8ADE7488A15: changes role from  FOLLOWER to CANDIDATE at term 0 for changeToCandidate
2019-10-06 01:11:59,722 [Thread-1448] INFO  impl.RoleInfo (RoleInfo.java:updateAndGet(143)) - bf220e48-d6ce-49f3-a557-fc9d50d77ef3: start LeaderElection
2019-10-06 01:11:59,739 [bf220e48-d6ce-49f3-a557-fc9d50d77ef3@group-F8ADE7488A15-LeaderElection35] INFO  impl.LeaderElection (LeaderElection.java:askForVotes(178)) - bf220e48-d6ce-49f3-a557-fc9d50d77ef3@group-F8ADE7488A15-LeaderElection35: begin an election at term 1 for -1: [a3975b4a-105c-4b9b-8142-24e206f1c3ba:192.168.30.55:34641, bf220e48-d6ce-49f3-a557-fc9d50d77ef3:192.168.30.55:36514, 6e899f9a-39c7-4d88-8fee-651142b6bdd4:192.168.30.55:40860], old=null
2019-10-06 01:11:59,744 [grpc-default-executor-3] INFO  impl.RaftServerImpl (RaftServerImpl.java:setRole(170)) - 6e899f9a-39c7-4d88-8fee-651142b6bdd4@group-F8ADE7488A15: changes role from  FOLLOWER to FOLLOWER at term 1 for recognizeCandidate:bf220e48-d6ce-49f3-a557-fc9d50d77ef3
2019-10-06 01:11:59,744 [grpc-default-executor-3] INFO  impl.RoleInfo (RoleInfo.java:shutdownFollowerState(121)) - 6e899f9a-39c7-4d88-8fee-651142b6bdd4: shutdown FollowerState
2019-10-06 01:11:59,744 [grpc-default-executor-3] INFO  impl.RoleInfo (RoleInfo.java:updateAndGet(143)) - 6e899f9a-39c7-4d88-8fee-651142b6bdd4: start FollowerState
2019-10-06 01:11:59,744 [Thread-1453] INFO  impl.FollowerState (FollowerState.java:run(117)) - 6e899f9a-39c7-4d88-8fee-651142b6bdd4@group-F8ADE7488A15-FollowerState was interrupted: java.lang.InterruptedException: sleep interrupted
2019-10-06 01:11:59,744 [grpc-default-executor-6] INFO  impl.RaftServerImpl (RaftServerImpl.java:setRole(170)) - a3975b4a-105c-4b9b-8142-24e206f1c3ba@group-F8ADE7488A15: changes role from  FOLLOWER to FOLLOWER at term 1 for recognizeCandidate:bf220e48-d6ce-49f3-a557-fc9d50d77ef3
2019-10-06 01:11:59,748 [grpc-default-executor-6] INFO  impl.RoleInfo (RoleInfo.java:shutdownFollowerState(121)) - a3975b4a-105c-4b9b-8142-24e206f1c3ba: shutdown FollowerState
2019-10-06 01:11:59,748 [grpc-default-executor-6] INFO  impl.RoleInfo (RoleInfo.java:updateAndGet(143)) - a3975b4a-105c-4b9b-8142-24e206f1c3ba: start FollowerState
2019-10-06 01:11:59,748 [Thread-1451] INFO  impl.FollowerState (FollowerState.java:run(117)) - a3975b4a-105c-4b9b-8142-24e206f1c3ba@group-F8ADE7488A15-FollowerState was interrupted: java.lang.InterruptedException: sleep interrupted
2019-10-06 01:11:59,763 [Thread-1445] INFO  impl.FollowerState (FollowerState.java:run(108)) - bf220e48-d6ce-49f3-a557-fc9d50d77ef3@group-B22124A61184-FollowerState: change to CANDIDATE, lastRpcTime:5153ms, electionTimeout:5153ms
2019-10-06 01:11:59,763 [Thread-1445] INFO  impl.RoleInfo (RoleInfo.java:shutdownFollowerState(121)) - bf220e48-d6ce-49f3-a557-fc9d50d77ef3: shutdown FollowerState
2019-10-06 01:11:59,764 [Thread-1445] INFO  impl.RaftServerImpl (RaftServerImpl.java:setRole(170)) - bf220e48-d6ce-49f3-a557-fc9d50d77ef3@group-B22124A61184: changes role from  FOLLOWER to CANDIDATE at term 0 for changeToCandidate
2019-10-06 01:11:59,764 [Thread-1445] INFO  impl.RoleInfo (RoleInfo.java:updateAndGet(143)) - bf220e48-d6ce-49f3-a557-fc9d50d77ef3: start LeaderElection
2019-10-06 01:11:59,772 [bf220e48-d6ce-49f3-a557-fc9d50d77ef3@group-F8ADE7488A15-LeaderElection35] INFO  impl.LeaderElection (LeaderElection.java:logAndReturn(56)) - bf220e48-d6ce-49f3-a557-fc9d50d77ef3@group-F8ADE7488A15-LeaderElection35: Election PASSED; received 1 response(s) [bf220e48-d6ce-49f3-a557-fc9d50d77ef3<-6e899f9a-39c7-4d88-8fee-651142b6bdd4#0:OK-t1] and 0 exception(s); bf220e48-d6ce-49f3-a557-fc9d50d77ef3@group-F8ADE7488A15:t1, leader=null, voted=bf220e48-d6ce-49f3-a557-fc9d50d77ef3, raftlog=bf220e48-d6ce-49f3-a557-fc9d50d77ef3@group-F8ADE7488A15-SegmentedRaftLog:OPENED:c-1,f-1,i0, conf=-1: [a3975b4a-105c-4b9b-8142-24e206f1c3ba:192.168.30.55:34641, bf220e48-d6ce-49f3-a557-fc9d50d77ef3:192.168.30.55:36514, 6e899f9a-39c7-4d88-8fee-651142b6bdd4:192.168.30.55:40860], old=null
2019-10-06 01:11:59,772 [bf220e48-d6ce-49f3-a557-fc9d50d77ef3@group-F8ADE7488A15-LeaderElection35] INFO  impl.RoleInfo (RoleInfo.java:shutdownLeaderElection(134)) - bf220e48-d6ce-49f3-a557-fc9d50d77ef3: shutdown LeaderElection
2019-10-06 01:11:59,772 [bf220e48-d6ce-49f3-a557-fc9d50d77ef3@group-F8ADE7488A15-LeaderElection35] INFO  impl.RaftServerImpl (RaftServerImpl.java:setRole(170)) - bf220e48-d6ce-49f3-a557-fc9d50d77ef3@group-F8ADE7488A15: changes role from CANDIDATE to LEADER at term 1 for changeToLeader
2019-10-06 01:11:59,772 [bf220e48-d6ce-49f3-a557-fc9d50d77ef3@group-F8ADE7488A15-LeaderElection35] INFO  impl.RaftServerImpl (ServerState.java:setLeader(255)) - bf220e48-d6ce-49f3-a557-fc9d50d77ef3@group-F8ADE7488A15: change Leader from null to bf220e48-d6ce-49f3-a557-fc9d50d77ef3 at term 1 for becomeLeader, leader elected after 5090ms
2019-10-06 01:11:59,772 [bf220e48-d6ce-49f3-a557-fc9d50d77ef3@group-F8ADE7488A15-LeaderElection35] INFO  server.RaftServerConfigKeys (ConfUtils.java:logGet(43)) - raft.server.staging.catchup.gap = 1000 (default)
2019-10-06 01:11:59,773 [bf220e48-d6ce-49f3-a557-fc9d50d77ef3@group-F8ADE7488A15-LeaderElection35] INFO  server.RaftServerConfigKeys (ConfUtils.java:logGet(43)) - raft.server.rpc.sleep.time = 25ms (default)
2019-10-06 01:11:59,773 [bf220e48-d6ce-49f3-a557-fc9d50d77ef3@group-F8ADE7488A15-LeaderElection35] INFO  server.RaftServerConfigKeys (ConfUtils.java:logGet(43)) - raft.server.write.element-limit = 4096 (default)
2019-10-06 01:11:59,773 [bf220e48-d6ce-49f3-a557-fc9d50d77ef3@group-F8ADE7488A15-LeaderElection35] INFO  server.RaftServerConfigKeys (ConfUtils.java:logGet(43)) - raft.server.watch.timeout = 10s (default)
2019-10-06 01:11:59,773 [bf220e48-d6ce-49f3-a557-fc9d50d77ef3@group-F8ADE7488A15-LeaderElection35] INFO  server.RaftServerConfigKeys (ConfUtils.java:logGet(43)) - raft.server.watch.timeout.denomination = 1s (default)
2019-10-06 01:11:59,773 [bf220e48-d6ce-49f3-a557-fc9d50d77ef3@group-F8ADE7488A15-LeaderElection35] INFO  server.RaftServerConfigKeys (ConfUtils.java:logGet(43)) - raft.server.watch.element-limit = 65536 (default)
2019-10-06 01:11:59,776 [bf220e48-d6ce-49f3-a557-fc9d50d77ef3@group-F8ADE7488A15-LeaderElection35] INFO  server.RaftServerConfigKeys (ConfUtils.java:logGet(43)) - raft.server.log.appender.snapshot.chunk.size.max = 16MB (=16777216) (default)
2019-10-06 01:11:59,776 [bf220e48-d6ce-49f3-a557-fc9d50d77ef3@group-F8ADE7488A15-LeaderElection35] INFO  server.RaftServerConfigKeys (ConfUtils.java:logGet(43)) - raft.server.log.appender.buffer.byte-limit = 33554432 (custom)
2019-10-06 01:11:59,777 [bf220e48-d6ce-49f3-a557-fc9d50d77ef3@group-F8ADE7488A15-LeaderElection35] INFO  server.RaftServerConfigKeys (ConfUtils.java:logGet(43)) - raft.server.log.appender.buffer.element-limit = 1 (custom)
2019-10-06 01:11:59,777 [bf220e48-d6ce-49f3-a557-fc9d50d77ef3@group-F8ADE7488A15-LeaderElection35] INFO  grpc.GrpcConfigKeys$Server (ConfUtils.java:logGet(43)) - raft.grpc.server.leader.outstanding.appends.max = 128 (default)
2019-10-06 01:11:59,777 [bf220e48-d6ce-49f3-a557-fc9d50d77ef3@group-F8ADE7488A15-LeaderElection35] INFO  server.RaftServerConfigKeys (ConfUtils.java:logGet(43)) - raft.server.rpc.request.timeout = 3000ms (default)
2019-10-06 01:11:59,777 [bf220e48-d6ce-49f3-a557-fc9d50d77ef3@group-F8ADE7488A15-LeaderElection35] INFO  server.RaftServerConfigKeys (ConfUtils.java:logGet(43)) - raft.server.log.appender.install.snapshot.enabled = false (custom)
2019-10-06 01:11:59,778 [bf220e48-d6ce-49f3-a557-fc9d50d77ef3@group-F8ADE7488A15-LeaderElection35] INFO  server.RaftServerConfigKeys (ConfUtils.java:logGet(43)) - raft.server.log.appender.snapshot.chunk.size.max = 16MB (=16777216) (default)
2019-10-06 01:11:59,778 [bf220e48-d6ce-49f3-a557-fc9d50d77ef3@group-F8ADE7488A15-LeaderElection35] INFO  server.RaftServerConfigKeys (ConfUtils.java:logGet(43)) - raft.server.log.appender.buffer.byte-limit = 33554432 (custom)
2019-10-06 01:11:59,778 [bf220e48-d6ce-49f3-a557-fc9d50d77ef3@group-F8ADE7488A15-LeaderElection35] INFO  server.RaftServerConfigKeys (ConfUtils.java:logGet(43)) - raft.server.log.appender.buffer.element-limit = 1 (custom)
2019-10-06 01:11:59,778 [bf220e48-d6ce-49f3-a557-fc9d50d77ef3@group-F8ADE7488A15-LeaderElection35] INFO  grpc.GrpcConfigKeys$Server (ConfUtils.java:logGet(43)) - raft.grpc.server.leader.outstanding.appends.max = 128 (default)
2019-10-06 01:11:59,778 [bf220e48-d6ce-49f3-a557-fc9d50d77ef3@group-F8ADE7488A15-LeaderElection35] INFO  server.RaftServerConfigKeys (ConfUtils.java:logGet(43)) - raft.server.rpc.request.timeout = 3000ms (default)
2019-10-06 01:11:59,779 [bf220e48-d6ce-49f3-a557-fc9d50d77ef3@group-F8ADE7488A15-LeaderElection35] INFO  server.RaftServerConfigKeys (ConfUtils.java:logGet(43)) - raft.server.log.appender.install.snapshot.enabled = false (custom)
2019-10-06 01:11:59,779 [bf220e48-d6ce-49f3-a557-fc9d50d77ef3@group-F8ADE7488A15-LeaderElection35] INFO  impl.RoleInfo (RoleInfo.java:updateAndGet(143)) - bf220e48-d6ce-49f3-a557-fc9d50d77ef3: start LeaderState
2019-10-06 01:11:59,779 [bf220e48-d6ce-49f3-a557-fc9d50d77ef3@group-F8ADE7488A15-LeaderElection35] INFO  segmented.SegmentedRaftLogWorker (SegmentedRaftLogWorker.java:startLogSegment(385)) - bf220e48-d6ce-49f3-a557-fc9d50d77ef3@group-F8ADE7488A15-SegmentedRaftLogWorker: Starting segment from index:0
2019-10-06 01:11:59,780 [bf220e48-d6ce-49f3-a557-fc9d50d77ef3@group-F8ADE7488A15-LeaderElection35] INFO  impl.RaftServerImpl (ServerState.java:setRaftConf(356)) - bf220e48-d6ce-49f3-a557-fc9d50d77ef3@group-F8ADE7488A15: set configuration 0: [a3975b4a-105c-4b9b-8142-24e206f1c3ba:192.168.30.55:34641, bf220e48-d6ce-49f3-a557-fc9d50d77ef3:192.168.30.55:36514, 6e899f9a-39c7-4d88-8fee-651142b6bdd4:192.168.30.55:40860], old=null at 0
2019-10-06 01:11:59,806 [grpc-default-executor-6] INFO  impl.RaftServerImpl (ServerState.java:setLeader(255)) - 6e899f9a-39c7-4d88-8fee-651142b6bdd4@group-F8ADE7488A15: change Leader from null to bf220e48-d6ce-49f3-a557-fc9d50d77ef3 at term 1 for appendEntries, leader elected after 5123ms
2019-10-06 01:11:59,808 [bf220e48-d6ce-49f3-a557-fc9d50d77ef3@group-B22124A61184-LeaderElection36] INFO  impl.LeaderElection (LeaderElection.java:askForVotes(178)) - bf220e48-d6ce-49f3-a557-fc9d50d77ef3@group-B22124A61184-LeaderElection36: begin an election at term 1 for -1: [bf220e48-d6ce-49f3-a557-fc9d50d77ef3:192.168.30.55:36514], old=null
2019-10-06 01:11:59,809 [bf220e48-d6ce-49f3-a557-fc9d50d77ef3@group-B22124A61184-LeaderElection36] INFO  impl.RoleInfo (RoleInfo.java:shutdownLeaderElection(134)) - bf220e48-d6ce-49f3-a557-fc9d50d77ef3: shutdown LeaderElection
2019-10-06 01:11:59,809 [bf220e48-d6ce-49f3-a557-fc9d50d77ef3@group-B22124A61184-LeaderElection36] INFO  impl.RaftServerImpl (RaftServerImpl.java:setRole(170)) - bf220e48-d6ce-49f3-a557-fc9d50d77ef3@group-B22124A61184: changes role from CANDIDATE to LEADER at term 1 for changeToLeader
2019-10-06 01:11:59,809 [grpc-default-executor-6] INFO  impl.RaftServerImpl (ServerState.java:setLeader(255)) - a3975b4a-105c-4b9b-8142-24e206f1c3ba@group-F8ADE7488A15: change Leader from null to bf220e48-d6ce-49f3-a557-fc9d50d77ef3 at term 1 for appendEntries, leader elected after 5126ms
2019-10-06 01:11:59,809 [bf220e48-d6ce-49f3-a557-fc9d50d77ef3@group-B22124A61184-LeaderElection36] INFO  impl.RaftServerImpl (ServerState.java:setLeader(255)) - bf220e48-d6ce-49f3-a557-fc9d50d77ef3@group-B22124A61184: change Leader from null to bf220e48-d6ce-49f3-a557-fc9d50d77ef3 at term 1 for becomeLeader, leader elected after 5206ms
2019-10-06 01:11:59,809 [bf220e48-d6ce-49f3-a557-fc9d50d77ef3@group-B22124A61184-LeaderElection36] INFO  server.RaftServerConfigKeys (ConfUtils.java:logGet(43)) - raft.server.staging.catchup.gap = 1000 (default)
2019-10-06 01:11:59,811 [bf220e48-d6ce-49f3-a557-fc9d50d77ef3@group-B22124A61184-LeaderElection36] INFO  server.RaftServerConfigKeys (ConfUtils.java:logGet(43)) - raft.server.rpc.sleep.time = 25ms (default)
2019-10-06 01:11:59,812 [bf220e48-d6ce-49f3-a557-fc9d50d77ef3@group-B22124A61184-LeaderElection36] INFO  server.RaftServerConfigKeys (ConfUtils.java:logGet(43)) - raft.server.write.element-limit = 4096 (default)
2019-10-06 01:11:59,812 [bf220e48-d6ce-49f3-a557-fc9d50d77ef3@group-B22124A61184-LeaderElection36] INFO  server.RaftServerConfigKeys (ConfUtils.java:logGet(43)) - raft.server.watch.timeout = 10s (default)
2019-10-06 01:11:59,812 [bf220e48-d6ce-49f3-a557-fc9d50d77ef3@group-B22124A61184-LeaderElection36] INFO  server.RaftServerConfigKeys (ConfUtils.java:logGet(43)) - raft.server.watch.timeout.denomination = 1s (default)
2019-10-06 01:11:59,812 [bf220e48-d6ce-49f3-a557-fc9d50d77ef3@group-B22124A61184-LeaderElection36] INFO  server.RaftServerConfigKeys (ConfUtils.java:logGet(43)) - raft.server.watch.element-limit = 65536 (default)
2019-10-06 01:11:59,813 [grpc-default-executor-3] INFO  impl.RaftServerImpl (ServerState.java:setRaftConf(356)) - 6e899f9a-39c7-4d88-8fee-651142b6bdd4@group-F8ADE7488A15: set configuration 0: [a3975b4a-105c-4b9b-8142-24e206f1c3ba:192.168.30.55:34641, bf220e48-d6ce-49f3-a557-fc9d50d77ef3:192.168.30.55:36514, 6e899f9a-39c7-4d88-8fee-651142b6bdd4:192.168.30.55:40860], old=null at 0
2019-10-06 01:11:59,813 [grpc-default-executor-3] INFO  segmented.SegmentedRaftLogWorker (SegmentedRaftLogWorker.java:startLogSegment(385)) - 6e899f9a-39c7-4d88-8fee-651142b6bdd4@group-F8ADE7488A15-SegmentedRaftLogWorker: Starting segment from index:0
2019-10-06 01:11:59,813 [grpc-default-executor-6] INFO  impl.RaftServerImpl (ServerState.java:setRaftConf(356)) - a3975b4a-105c-4b9b-8142-24e206f1c3ba@group-F8ADE7488A15: set configuration 0: [a3975b4a-105c-4b9b-8142-24e206f1c3ba:192.168.30.55:34641, bf220e48-d6ce-49f3-a557-fc9d50d77ef3:192.168.30.55:36514, 6e899f9a-39c7-4d88-8fee-651142b6bdd4:192.168.30.55:40860], old=null at 0
2019-10-06 01:11:59,814 [grpc-default-executor-6] INFO  segmented.SegmentedRaftLogWorker (SegmentedRaftLogWorker.java:startLogSegment(385)) - a3975b4a-105c-4b9b-8142-24e206f1c3ba@group-F8ADE7488A15-SegmentedRaftLogWorker: Starting segment from index:0
2019-10-06 01:11:59,814 [bf220e48-d6ce-49f3-a557-fc9d50d77ef3@group-B22124A61184-LeaderElection36] INFO  impl.RoleInfo (RoleInfo.java:updateAndGet(143)) - bf220e48-d6ce-49f3-a557-fc9d50d77ef3: start LeaderState
2019-10-06 01:11:59,814 [bf220e48-d6ce-49f3-a557-fc9d50d77ef3@group-B22124A61184-LeaderElection36] INFO  segmented.SegmentedRaftLogWorker (SegmentedRaftLogWorker.java:startLogSegment(385)) - bf220e48-d6ce-49f3-a557-fc9d50d77ef3@group-B22124A61184-SegmentedRaftLogWorker: Starting segment from index:0
2019-10-06 01:11:59,815 [bf220e48-d6ce-49f3-a557-fc9d50d77ef3@group-B22124A61184-LeaderElection36] INFO  impl.RaftServerImpl (ServerState.java:setRaftConf(356)) - bf220e48-d6ce-49f3-a557-fc9d50d77ef3@group-B22124A61184: set configuration 0: [bf220e48-d6ce-49f3-a557-fc9d50d77ef3:192.168.30.55:36514], old=null at 0
2019-10-06 01:11:59,818 [bf220e48-d6ce-49f3-a557-fc9d50d77ef3@group-F8ADE7488A15-SegmentedRaftLogWorker] INFO  segmented.SegmentedRaftLogWorker (SegmentedRaftLogWorker.java:execute(574)) - bf220e48-d6ce-49f3-a557-fc9d50d77ef3@group-F8ADE7488A15-SegmentedRaftLogWorker: created new log segment /workdir/hadoop-ozone/integration-test/target/test-dir/MiniOzoneClusterImpl-40360609-f70a-4692-942a-daf78c144095/datanode-3/data/ratis/39c24faf-7937-49d3-9817-f8ade7488a15/current/log_inprogress_0
2019-10-06 01:11:59,867 [bf220e48-d6ce-49f3-a557-fc9d50d77ef3@group-B22124A61184-SegmentedRaftLogWorker] INFO  segmented.SegmentedRaftLogWorker (SegmentedRaftLogWorker.java:execute(574)) - bf220e48-d6ce-49f3-a557-fc9d50d77ef3@group-B22124A61184-SegmentedRaftLogWorker: created new log segment /workdir/hadoop-ozone/integration-test/target/test-dir/MiniOzoneClusterImpl-40360609-f70a-4692-942a-daf78c144095/datanode-3/data/ratis/223169d8-0d58-4f7d-9c1e-b22124a61184/current/log_inprogress_0
2019-10-06 01:11:59,867 [a3975b4a-105c-4b9b-8142-24e206f1c3ba@group-F8ADE7488A15-SegmentedRaftLogWorker] INFO  segmented.SegmentedRaftLogWorker (SegmentedRaftLogWorker.java:execute(574)) - a3975b4a-105c-4b9b-8142-24e206f1c3ba@group-F8ADE7488A15-SegmentedRaftLogWorker: created new log segment /workdir/hadoop-ozone/integration-test/target/test-dir/MiniOzoneClusterImpl-40360609-f70a-4692-942a-daf78c144095/datanode-0/data/ratis/39c24faf-7937-49d3-9817-f8ade7488a15/current/log_inprogress_0
2019-10-06 01:11:59,867 [6e899f9a-39c7-4d88-8fee-651142b6bdd4@group-F8ADE7488A15-SegmentedRaftLogWorker] INFO  segmented.SegmentedRaftLogWorker (SegmentedRaftLogWorker.java:execute(574)) - 6e899f9a-39c7-4d88-8fee-651142b6bdd4@group-F8ADE7488A15-SegmentedRaftLogWorker: created new log segment /workdir/hadoop-ozone/integration-test/target/test-dir/MiniOzoneClusterImpl-40360609-f70a-4692-942a-daf78c144095/datanode-1/data/ratis/39c24faf-7937-49d3-9817-f8ade7488a15/current/log_inprogress_0
2019-10-06 01:11:59,927 [Thread-1462] INFO  impl.FollowerState (FollowerState.java:run(108)) - 0351faed-5a49-4e4d-9068-9101bace7854@group-92C56C5E62F4-FollowerState: change to CANDIDATE, lastRpcTime:5091ms, electionTimeout:5091ms
2019-10-06 01:11:59,928 [Thread-1462] INFO  impl.RoleInfo (RoleInfo.java:shutdownFollowerState(121)) - 0351faed-5a49-4e4d-9068-9101bace7854: shutdown FollowerState
2019-10-06 01:11:59,928 [Thread-1462] INFO  impl.RaftServerImpl (RaftServerImpl.java:setRole(170)) - 0351faed-5a49-4e4d-9068-9101bace7854@group-92C56C5E62F4: changes role from  FOLLOWER to CANDIDATE at term 0 for changeToCandidate
2019-10-06 01:11:59,928 [Thread-1462] INFO  impl.RoleInfo (RoleInfo.java:updateAndGet(143)) - 0351faed-5a49-4e4d-9068-9101bace7854: start LeaderElection
2019-10-06 01:11:59,948 [0351faed-5a49-4e4d-9068-9101bace7854@group-92C56C5E62F4-LeaderElection37] INFO  impl.LeaderElection (LeaderElection.java:askForVotes(178)) - 0351faed-5a49-4e4d-9068-9101bace7854@group-92C56C5E62F4-LeaderElection37: begin an election at term 1 for -1: [0351faed-5a49-4e4d-9068-9101bace7854:192.168.30.55:38506], old=null
2019-10-06 01:11:59,948 [0351faed-5a49-4e4d-9068-9101bace7854@group-92C56C5E62F4-LeaderElection37] INFO  impl.RoleInfo (RoleInfo.java:shutdownLeaderElection(134)) - 0351faed-5a49-4e4d-9068-9101bace7854: shutdown LeaderElection
2019-10-06 01:11:59,948 [0351faed-5a49-4e4d-9068-9101bace7854@group-92C56C5E62F4-LeaderElection37] INFO  impl.RaftServerImpl (RaftServerImpl.java:setRole(170)) - 0351faed-5a49-4e4d-9068-9101bace7854@group-92C56C5E62F4: changes role from CANDIDATE to LEADER at term 1 for changeToLeader
2019-10-06 01:11:59,948 [0351faed-5a49-4e4d-9068-9101bace7854@group-92C56C5E62F4-LeaderElection37] INFO  impl.RaftServerImpl (ServerState.java:setLeader(255)) - 0351faed-5a49-4e4d-9068-9101bace7854@group-92C56C5E62F4: change Leader from null to 0351faed-5a49-4e4d-9068-9101bace7854 at term 1 for becomeLeader, leader elected after 5120ms
2019-10-06 01:11:59,948 [0351faed-5a49-4e4d-9068-9101bace7854@group-92C56C5E62F4-LeaderElection37] INFO  server.RaftServerConfigKeys (ConfUtils.java:logGet(43)) - raft.server.staging.catchup.gap = 1000 (default)
2019-10-06 01:11:59,949 [0351faed-5a49-4e4d-9068-9101bace7854@group-92C56C5E62F4-LeaderElection37] INFO  server.RaftServerConfigKeys (ConfUtils.java:logGet(43)) - raft.server.rpc.sleep.time = 25ms (default)
2019-10-06 01:11:59,949 [0351faed-5a49-4e4d-9068-9101bace7854@group-92C56C5E62F4-LeaderElection37] INFO  server.RaftServerConfigKeys (ConfUtils.java:logGet(43)) - raft.server.write.element-limit = 4096 (default)
2019-10-06 01:11:59,949 [0351faed-5a49-4e4d-9068-9101bace7854@group-92C56C5E62F4-LeaderElection37] INFO  server.RaftServerConfigKeys (ConfUtils.java:logGet(43)) - raft.server.watch.timeout = 10s (default)
2019-10-06 01:11:59,949 [0351faed-5a49-4e4d-9068-9101bace7854@group-92C56C5E62F4-LeaderElection37] INFO  server.RaftServerConfigKeys (ConfUtils.java:logGet(43)) - raft.server.watch.timeout.denomination = 1s (default)
2019-10-06 01:11:59,949 [0351faed-5a49-4e4d-9068-9101bace7854@group-92C56C5E62F4-LeaderElection37] INFO  server.RaftServerConfigKeys (ConfUtils.java:logGet(43)) - raft.server.watch.element-limit = 65536 (default)
2019-10-06 01:11:59,951 [0351faed-5a49-4e4d-9068-9101bace7854@group-92C56C5E62F4-LeaderElection37] INFO  impl.RoleInfo (RoleInfo.java:updateAndGet(143)) - 0351faed-5a49-4e4d-9068-9101bace7854: start LeaderState
2019-10-06 01:11:59,952 [0351faed-5a49-4e4d-9068-9101bace7854@group-92C56C5E62F4-LeaderElection37] INFO  segmented.SegmentedRaftLogWorker (SegmentedRaftLogWorker.java:startLogSegment(385)) - 0351faed-5a49-4e4d-9068-9101bace7854@group-92C56C5E62F4-SegmentedRaftLogWorker: Starting segment from index:0
2019-10-06 01:11:59,952 [0351faed-5a49-4e4d-9068-9101bace7854@group-92C56C5E62F4-LeaderElection37] INFO  impl.RaftServerImpl (ServerState.java:setRaftConf(356)) - 0351faed-5a49-4e4d-9068-9101bace7854@group-92C56C5E62F4: set configuration 0: [0351faed-5a49-4e4d-9068-9101bace7854:192.168.30.55:38506], old=null at 0
2019-10-06 01:11:59,954 [Thread-1457] INFO  impl.FollowerState (FollowerState.java:run(108)) - 22271e8e-bc77-4b74-89ce-a847b9d0c604@group-9E621C1E1C8A-FollowerState: change to CANDIDATE, lastRpcTime:5186ms, electionTimeout:5186ms
2019-10-06 01:11:59,954 [Thread-1457] INFO  impl.RoleInfo (RoleInfo.java:shutdownFollowerState(121)) - 22271e8e-bc77-4b74-89ce-a847b9d0c604: shutdown FollowerState
2019-10-06 01:11:59,955 [Thread-1457] INFO  impl.RaftServerImpl (RaftServerImpl.java:setRole(170)) - 22271e8e-bc77-4b74-89ce-a847b9d0c604@group-9E621C1E1C8A: changes role from  FOLLOWER to CANDIDATE at term 0 for changeToCandidate
2019-10-06 01:11:59,955 [Thread-1457] INFO  impl.RoleInfo (RoleInfo.java:updateAndGet(143)) - 22271e8e-bc77-4b74-89ce-a847b9d0c604: start LeaderElection
2019-10-06 01:11:59,990 [Thread-1465] INFO  impl.FollowerState (FollowerState.java:run(108)) - bbd7fe3c-5c14-49dc-bb2d-84bf76bc1b83@group-425406A32695-FollowerState: change to CANDIDATE, lastRpcTime:5091ms, electionTimeout:5066ms
2019-10-06 01:11:59,995 [Thread-1465] INFO  impl.RoleInfo (RoleInfo.java:shutdownFollowerState(121)) - bbd7fe3c-5c14-49dc-bb2d-84bf76bc1b83: shutdown FollowerState
2019-10-06 01:11:59,995 [Thread-1465] INFO  impl.RaftServerImpl (RaftServerImpl.java:setRole(170)) - bbd7fe3c-5c14-49dc-bb2d-84bf76bc1b83@group-425406A32695: changes role from  FOLLOWER to CANDIDATE at term 0 for changeToCandidate
2019-10-06 01:11:59,995 [Thread-1465] INFO  impl.RoleInfo (RoleInfo.java:updateAndGet(143)) - bbd7fe3c-5c14-49dc-bb2d-84bf76bc1b83: start LeaderElection
2019-10-06 01:12:00,003 [0351faed-5a49-4e4d-9068-9101bace7854@group-92C56C5E62F4-SegmentedRaftLogWorker] INFO  segmented.SegmentedRaftLogWorker (SegmentedRaftLogWorker.java:execute(574)) - 0351faed-5a49-4e4d-9068-9101bace7854@group-92C56C5E62F4-SegmentedRaftLogWorker: created new log segment /workdir/hadoop-ozone/integration-test/target/test-dir/MiniOzoneClusterImpl-40360609-f70a-4692-942a-daf78c144095/datanode-4/data/ratis/b7b0b85e-e28e-4c4a-8d4f-92c56c5e62f4/current/log_inprogress_0
2019-10-06 01:12:00,016 [22271e8e-bc77-4b74-89ce-a847b9d0c604@group-9E621C1E1C8A-LeaderElection38] INFO  impl.LeaderElection (LeaderElection.java:askForVotes(178)) - 22271e8e-bc77-4b74-89ce-a847b9d0c604@group-9E621C1E1C8A-LeaderElection38: begin an election at term 1 for -1: [22271e8e-bc77-4b74-89ce-a847b9d0c604:192.168.30.55:42789], old=null
2019-10-06 01:12:00,016 [bbd7fe3c-5c14-49dc-bb2d-84bf76bc1b83@group-425406A32695-LeaderElection39] INFO  impl.LeaderElection (LeaderElection.java:askForVotes(178)) - bbd7fe3c-5c14-49dc-bb2d-84bf76bc1b83@group-425406A32695-LeaderElection39: begin an election at term 1 for -1: [bbd7fe3c-5c14-49dc-bb2d-84bf76bc1b83:192.168.30.55:39688], old=null
2019-10-06 01:12:00,016 [22271e8e-bc77-4b74-89ce-a847b9d0c604@group-9E621C1E1C8A-LeaderElection38] INFO  impl.RoleInfo (RoleInfo.java:shutdownLeaderElection(134)) - 22271e8e-bc77-4b74-89ce-a847b9d0c604: shutdown LeaderElection
2019-10-06 01:12:00,017 [bbd7fe3c-5c14-49dc-bb2d-84bf76bc1b83@group-425406A32695-LeaderElection39] INFO  impl.RoleInfo (RoleInfo.java:shutdownLeaderElection(134)) - bbd7fe3c-5c14-49dc-bb2d-84bf76bc1b83: shutdown LeaderElection
2019-10-06 01:12:00,017 [22271e8e-bc77-4b74-89ce-a847b9d0c604@group-9E621C1E1C8A-LeaderElection38] INFO  impl.RaftServerImpl (RaftServerImpl.java:setRole(170)) - 22271e8e-bc77-4b74-89ce-a847b9d0c604@group-9E621C1E1C8A: changes role from CANDIDATE to LEADER at term 1 for changeToLeader
2019-10-06 01:12:00,017 [bbd7fe3c-5c14-49dc-bb2d-84bf76bc1b83@group-425406A32695-LeaderElection39] INFO  impl.RaftServerImpl (RaftServerImpl.java:setRole(170)) - bbd7fe3c-5c14-49dc-bb2d-84bf76bc1b83@group-425406A32695: changes role from CANDIDATE to LEADER at term 1 for changeToLeader
2019-10-06 01:12:00,017 [22271e8e-bc77-4b74-89ce-a847b9d0c604@group-9E621C1E1C8A-LeaderElection38] INFO  impl.RaftServerImpl (ServerState.java:setLeader(255)) - 22271e8e-bc77-4b74-89ce-a847b9d0c604@group-9E621C1E1C8A: change Leader from null to 22271e8e-bc77-4b74-89ce-a847b9d0c604 at term 1 for becomeLeader, leader elected after 5254ms
2019-10-06 01:12:00,017 [bbd7fe3c-5c14-49dc-bb2d-84bf76bc1b83@group-425406A32695-LeaderElection39] INFO  impl.RaftServerImpl (ServerState.java:setLeader(255)) - bbd7fe3c-5c14-49dc-bb2d-84bf76bc1b83@group-425406A32695: change Leader from null to bbd7fe3c-5c14-49dc-bb2d-84bf76bc1b83 at term 1 for becomeLeader, leader elected after 5124ms
2019-10-06 01:12:00,017 [22271e8e-bc77-4b74-89ce-a847b9d0c604@group-9E621C1E1C8A-LeaderElection38] INFO  server.RaftServerConfigKeys (ConfUtils.java:logGet(43)) - raft.server.staging.catchup.gap = 1000 (default)
2019-10-06 01:12:00,017 [bbd7fe3c-5c14-49dc-bb2d-84bf76bc1b83@group-425406A32695-LeaderElection39] INFO  server.RaftServerConfigKeys (ConfUtils.java:logGet(43)) - raft.server.staging.catchup.gap = 1000 (default)
2019-10-06 01:12:00,018 [22271e8e-bc77-4b74-89ce-a847b9d0c604@group-9E621C1E1C8A-LeaderElection38] INFO  server.RaftServerConfigKeys (ConfUtils.java:logGet(43)) - raft.server.rpc.sleep.time = 25ms (default)
2019-10-06 01:12:00,018 [bbd7fe3c-5c14-49dc-bb2d-84bf76bc1b83@group-425406A32695-LeaderElection39] INFO  server.RaftServerConfigKeys (ConfUtils.java:logGet(43)) - raft.server.rpc.sleep.time = 25ms (default)
2019-10-06 01:12:00,018 [22271e8e-bc77-4b74-89ce-a847b9d0c604@group-9E621C1E1C8A-LeaderElection38] INFO  server.RaftServerConfigKeys (ConfUtils.java:logGet(43)) - raft.server.write.element-limit = 4096 (default)
2019-10-06 01:12:00,018 [bbd7fe3c-5c14-49dc-bb2d-84bf76bc1b83@group-425406A32695-LeaderElection39] INFO  server.RaftServerConfigKeys (ConfUtils.java:logGet(43)) - raft.server.write.element-limit = 4096 (default)
2019-10-06 01:12:00,018 [22271e8e-bc77-4b74-89ce-a847b9d0c604@group-9E621C1E1C8A-LeaderElection38] INFO  server.RaftServerConfigKeys (ConfUtils.java:logGet(43)) - raft.server.watch.timeout = 10s (default)
2019-10-06 01:12:00,018 [bbd7fe3c-5c14-49dc-bb2d-84bf76bc1b83@group-425406A32695-LeaderElection39] INFO  server.RaftServerConfigKeys (ConfUtils.java:logGet(43)) - raft.server.watch.timeout = 10s (default)
2019-10-06 01:12:00,018 [22271e8e-bc77-4b74-89ce-a847b9d0c604@group-9E621C1E1C8A-LeaderElection38] INFO  server.RaftServerConfigKeys (ConfUtils.java:logGet(43)) - raft.server.watch.timeout.denomination = 1s (default)
2019-10-06 01:12:00,019 [bbd7fe3c-5c14-49dc-bb2d-84bf76bc1b83@group-425406A32695-LeaderElection39] INFO  server.RaftServerConfigKeys (ConfUtils.java:logGet(43)) - raft.server.watch.timeout.denomination = 1s (default)
2019-10-06 01:12:00,019 [22271e8e-bc77-4b74-89ce-a847b9d0c604@group-9E621C1E1C8A-LeaderElection38] INFO  server.RaftServerConfigKeys (ConfUtils.java:logGet(43)) - raft.server.watch.element-limit = 65536 (default)
2019-10-06 01:12:00,019 [bbd7fe3c-5c14-49dc-bb2d-84bf76bc1b83@group-425406A32695-LeaderElection39] INFO  server.RaftServerConfigKeys (ConfUtils.java:logGet(43)) - raft.server.watch.element-limit = 65536 (default)
2019-10-06 01:12:00,022 [22271e8e-bc77-4b74-89ce-a847b9d0c604@group-9E621C1E1C8A-LeaderElection38] INFO  impl.RoleInfo (RoleInfo.java:updateAndGet(143)) - 22271e8e-bc77-4b74-89ce-a847b9d0c604: start LeaderState
2019-10-06 01:12:00,023 [22271e8e-bc77-4b74-89ce-a847b9d0c604@group-9E621C1E1C8A-LeaderElection38] INFO  segmented.SegmentedRaftLogWorker (SegmentedRaftLogWorker.java:startLogSegment(385)) - 22271e8e-bc77-4b74-89ce-a847b9d0c604@group-9E621C1E1C8A-SegmentedRaftLogWorker: Starting segment from index:0
2019-10-06 01:12:00,023 [bbd7fe3c-5c14-49dc-bb2d-84bf76bc1b83@group-425406A32695-LeaderElection39] INFO  impl.RoleInfo (RoleInfo.java:updateAndGet(143)) - bbd7fe3c-5c14-49dc-bb2d-84bf76bc1b83: start LeaderState
2019-10-06 01:12:00,023 [22271e8e-bc77-4b74-89ce-a847b9d0c604@group-9E621C1E1C8A-LeaderElection38] INFO  impl.RaftServerImpl (ServerState.java:setRaftConf(356)) - 22271e8e-bc77-4b74-89ce-a847b9d0c604@group-9E621C1E1C8A: set configuration 0: [22271e8e-bc77-4b74-89ce-a847b9d0c604:192.168.30.55:42789], old=null at 0
2019-10-06 01:12:00,023 [bbd7fe3c-5c14-49dc-bb2d-84bf76bc1b83@group-425406A32695-LeaderElection39] INFO  segmented.SegmentedRaftLogWorker (SegmentedRaftLogWorker.java:startLogSegment(385)) - bbd7fe3c-5c14-49dc-bb2d-84bf76bc1b83@group-425406A32695-SegmentedRaftLogWorker: Starting segment from index:0
2019-10-06 01:12:00,024 [bbd7fe3c-5c14-49dc-bb2d-84bf76bc1b83@group-425406A32695-LeaderElection39] INFO  impl.RaftServerImpl (ServerState.java:setRaftConf(356)) - bbd7fe3c-5c14-49dc-bb2d-84bf76bc1b83@group-425406A32695: set configuration 0: [bbd7fe3c-5c14-49dc-bb2d-84bf76bc1b83:192.168.30.55:39688], old=null at 0
2019-10-06 01:12:00,043 [Thread-1468] INFO  impl.FollowerState (FollowerState.java:run(108)) - 22271e8e-bc77-4b74-89ce-a847b9d0c604@group-909AF7F6CFE6-FollowerState: change to CANDIDATE, lastRpcTime:5084ms, electionTimeout:5084ms
2019-10-06 01:12:00,043 [Thread-1468] INFO  impl.RoleInfo (RoleInfo.java:shutdownFollowerState(121)) - 22271e8e-bc77-4b74-89ce-a847b9d0c604: shutdown FollowerState
2019-10-06 01:12:00,044 [Thread-1468] INFO  impl.RaftServerImpl (RaftServerImpl.java:setRole(170)) - 22271e8e-bc77-4b74-89ce-a847b9d0c604@group-909AF7F6CFE6: changes role from  FOLLOWER to CANDIDATE at term 0 for changeToCandidate
2019-10-06 01:12:00,044 [Thread-1468] INFO  impl.RoleInfo (RoleInfo.java:updateAndGet(143)) - 22271e8e-bc77-4b74-89ce-a847b9d0c604: start LeaderElection
2019-10-06 01:12:00,072 [22271e8e-bc77-4b74-89ce-a847b9d0c604@group-9E621C1E1C8A-SegmentedRaftLogWorker] INFO  segmented.SegmentedRaftLogWorker (SegmentedRaftLogWorker.java:execute(574)) - 22271e8e-bc77-4b74-89ce-a847b9d0c604@group-9E621C1E1C8A-SegmentedRaftLogWorker: created new log segment /workdir/hadoop-ozone/integration-test/target/test-dir/MiniOzoneClusterImpl-40360609-f70a-4692-942a-daf78c144095/datanode-5/data/ratis/38190c73-ead9-4a36-ba8f-9e621c1e1c8a/current/log_inprogress_0
2019-10-06 01:12:00,072 [22271e8e-bc77-4b74-89ce-a847b9d0c604@group-909AF7F6CFE6-LeaderElection40] INFO  impl.LeaderElection (LeaderElection.java:askForVotes(178)) - 22271e8e-bc77-4b74-89ce-a847b9d0c604@group-909AF7F6CFE6-LeaderElection40: begin an election at term 1 for -1: [0351faed-5a49-4e4d-9068-9101bace7854:192.168.30.55:38506, 22271e8e-bc77-4b74-89ce-a847b9d0c604:192.168.30.55:42789, a4038982-b048-40e7-a9bf-935f23389f2d:192.168.30.55:40403], old=null
2019-10-06 01:12:00,072 [bbd7fe3c-5c14-49dc-bb2d-84bf76bc1b83@group-425406A32695-SegmentedRaftLogWorker] INFO  segmented.SegmentedRaftLogWorker (SegmentedRaftLogWorker.java:execute(574)) - bbd7fe3c-5c14-49dc-bb2d-84bf76bc1b83@group-425406A32695-SegmentedRaftLogWorker: created new log segment /workdir/hadoop-ozone/integration-test/target/test-dir/MiniOzoneClusterImpl-40360609-f70a-4692-942a-daf78c144095/datanode-6/data/ratis/d99e4473-f6db-49d6-9611-425406a32695/current/log_inprogress_0
2019-10-06 01:12:00,081 [grpc-default-executor-6] INFO  impl.RaftServerImpl (RaftServerImpl.java:setRole(170)) - 0351faed-5a49-4e4d-9068-9101bace7854@group-909AF7F6CFE6: changes role from  FOLLOWER to FOLLOWER at term 1 for recognizeCandidate:22271e8e-bc77-4b74-89ce-a847b9d0c604
2019-10-06 01:12:00,081 [grpc-default-executor-6] INFO  impl.RoleInfo (RoleInfo.java:shutdownFollowerState(121)) - 0351faed-5a49-4e4d-9068-9101bace7854: shutdown FollowerState
2019-10-06 01:12:00,082 [grpc-default-executor-6] INFO  impl.RoleInfo (RoleInfo.java:updateAndGet(143)) - 0351faed-5a49-4e4d-9068-9101bace7854: start FollowerState
2019-10-06 01:12:00,082 [Thread-1472] INFO  impl.FollowerState (FollowerState.java:run(117)) - 0351faed-5a49-4e4d-9068-9101bace7854@group-909AF7F6CFE6-FollowerState was interrupted: java.lang.InterruptedException: sleep interrupted
2019-10-06 01:12:00,085 [grpc-default-executor-3] INFO  impl.RaftServerImpl (RaftServerImpl.java:setRole(170)) - a4038982-b048-40e7-a9bf-935f23389f2d@group-909AF7F6CFE6: changes role from  FOLLOWER to FOLLOWER at term 1 for recognizeCandidate:22271e8e-bc77-4b74-89ce-a847b9d0c604
2019-10-06 01:12:00,088 [grpc-default-executor-3] INFO  impl.RoleInfo (RoleInfo.java:shutdownFollowerState(121)) - a4038982-b048-40e7-a9bf-935f23389f2d: shutdown FollowerState
2019-10-06 01:12:00,088 [grpc-default-executor-3] INFO  impl.RoleInfo (RoleInfo.java:updateAndGet(143)) - a4038982-b048-40e7-a9bf-935f23389f2d: start FollowerState
2019-10-06 01:12:00,088 [Thread-1473] INFO  impl.FollowerState (FollowerState.java:run(117)) - a4038982-b048-40e7-a9bf-935f23389f2d@group-909AF7F6CFE6-FollowerState was interrupted: java.lang.InterruptedException: sleep interrupted
2019-10-06 01:12:00,106 [22271e8e-bc77-4b74-89ce-a847b9d0c604@group-909AF7F6CFE6-LeaderElection40] INFO  impl.LeaderElection (LeaderElection.java:logAndReturn(56)) - 22271e8e-bc77-4b74-89ce-a847b9d0c604@group-909AF7F6CFE6-LeaderElection40: Election PASSED; received 1 response(s) [22271e8e-bc77-4b74-89ce-a847b9d0c604<-0351faed-5a49-4e4d-9068-9101bace7854#0:OK-t1] and 0 exception(s); 22271e8e-bc77-4b74-89ce-a847b9d0c604@group-909AF7F6CFE6:t1, leader=null, voted=22271e8e-bc77-4b74-89ce-a847b9d0c604, raftlog=22271e8e-bc77-4b74-89ce-a847b9d0c604@group-909AF7F6CFE6-SegmentedRaftLog:OPENED:c-1,f-1,i0, conf=-1: [0351faed-5a49-4e4d-9068-9101bace7854:192.168.30.55:38506, 22271e8e-bc77-4b74-89ce-a847b9d0c604:192.168.30.55:42789, a4038982-b048-40e7-a9bf-935f23389f2d:192.168.30.55:40403], old=null
2019-10-06 01:12:00,106 [22271e8e-bc77-4b74-89ce-a847b9d0c604@group-909AF7F6CFE6-LeaderElection40] INFO  impl.RoleInfo (RoleInfo.java:shutdownLeaderElection(134)) - 22271e8e-bc77-4b74-89ce-a847b9d0c604: shutdown LeaderElection
2019-10-06 01:12:00,106 [22271e8e-bc77-4b74-89ce-a847b9d0c604@group-909AF7F6CFE6-LeaderElection40] INFO  impl.RaftServerImpl (RaftServerImpl.java:setRole(170)) - 22271e8e-bc77-4b74-89ce-a847b9d0c604@group-909AF7F6CFE6: changes role from CANDIDATE to LEADER at term 1 for changeToLeader
2019-10-06 01:12:00,106 [22271e8e-bc77-4b74-89ce-a847b9d0c604@group-909AF7F6CFE6-LeaderElection40] INFO  impl.RaftServerImpl (ServerState.java:setLeader(255)) - 22271e8e-bc77-4b74-89ce-a847b9d0c604@group-909AF7F6CFE6: change Leader from null to 22271e8e-bc77-4b74-89ce-a847b9d0c604 at term 1 for becomeLeader, leader elected after 5154ms
2019-10-06 01:12:00,106 [22271e8e-bc77-4b74-89ce-a847b9d0c604@group-909AF7F6CFE6-LeaderElection40] INFO  server.RaftServerConfigKeys (ConfUtils.java:logGet(43)) - raft.server.staging.catchup.gap = 1000 (default)
2019-10-06 01:12:00,107 [22271e8e-bc77-4b74-89ce-a847b9d0c604@group-909AF7F6CFE6-LeaderElection40] INFO  server.RaftServerConfigKeys (ConfUtils.java:logGet(43)) - raft.server.rpc.sleep.time = 25ms (default)
2019-10-06 01:12:00,107 [22271e8e-bc77-4b74-89ce-a847b9d0c604@group-909AF7F6CFE6-LeaderElection40] INFO  server.RaftServerConfigKeys (ConfUtils.java:logGet(43)) - raft.server.write.element-limit = 4096 (default)
2019-10-06 01:12:00,107 [22271e8e-bc77-4b74-89ce-a847b9d0c604@group-909AF7F6CFE6-LeaderElection40] INFO  server.RaftServerConfigKeys (ConfUtils.java:logGet(43)) - raft.server.watch.timeout = 10s (default)
2019-10-06 01:12:00,107 [22271e8e-bc77-4b74-89ce-a847b9d0c604@group-909AF7F6CFE6-LeaderElection40] INFO  server.RaftServerConfigKeys (ConfUtils.java:logGet(43)) - raft.server.watch.timeout.denomination = 1s (default)
2019-10-06 01:12:00,107 [22271e8e-bc77-4b74-89ce-a847b9d0c604@group-909AF7F6CFE6-LeaderElection40] INFO  server.RaftServerConfigKeys (ConfUtils.java:logGet(43)) - raft.server.watch.element-limit = 65536 (default)
2019-10-06 01:12:00,109 [22271e8e-bc77-4b74-89ce-a847b9d0c604@group-909AF7F6CFE6-LeaderElection40] INFO  server.RaftServerConfigKeys (ConfUtils.java:logGet(43)) - raft.server.log.appender.snapshot.chunk.size.max = 16MB (=16777216) (default)
2019-10-06 01:12:00,109 [22271e8e-bc77-4b74-89ce-a847b9d0c604@group-909AF7F6CFE6-LeaderElection40] INFO  server.RaftServerConfigKeys (ConfUtils.java:logGet(43)) - raft.server.log.appender.buffer.byte-limit = 33554432 (custom)
2019-10-06 01:12:00,109 [22271e8e-bc77-4b74-89ce-a847b9d0c604@group-909AF7F6CFE6-LeaderElection40] INFO  server.RaftServerConfigKeys (ConfUtils.java:logGet(43)) - raft.server.log.appender.buffer.element-limit = 1 (custom)
2019-10-06 01:12:00,110 [22271e8e-bc77-4b74-89ce-a847b9d0c604@group-909AF7F6CFE6-LeaderElection40] INFO  grpc.GrpcConfigKeys$Server (ConfUtils.java:logGet(43)) - raft.grpc.server.leader.outstanding.appends.max = 128 (default)
2019-10-06 01:12:00,110 [22271e8e-bc77-4b74-89ce-a847b9d0c604@group-909AF7F6CFE6-LeaderElection40] INFO  server.RaftServerConfigKeys (ConfUtils.java:logGet(43)) - raft.server.rpc.request.timeout = 3000ms (default)
2019-10-06 01:12:00,110 [22271e8e-bc77-4b74-89ce-a847b9d0c604@group-909AF7F6CFE6-LeaderElection40] INFO  server.RaftServerConfigKeys (ConfUtils.java:logGet(43)) - raft.server.log.appender.install.snapshot.enabled = false (custom)
2019-10-06 01:12:00,110 [22271e8e-bc77-4b74-89ce-a847b9d0c604@group-909AF7F6CFE6-LeaderElection40] INFO  server.RaftServerConfigKeys (ConfUtils.java:logGet(43)) - raft.server.log.appender.snapshot.chunk.size.max = 16MB (=16777216) (default)
2019-10-06 01:12:00,110 [22271e8e-bc77-4b74-89ce-a847b9d0c604@group-909AF7F6CFE6-LeaderElection40] INFO  server.RaftServerConfigKeys (ConfUtils.java:logGet(43)) - raft.server.log.appender.buffer.byte-limit = 33554432 (custom)
2019-10-06 01:12:00,110 [22271e8e-bc77-4b74-89ce-a847b9d0c604@group-909AF7F6CFE6-LeaderElection40] INFO  server.RaftServerConfigKeys (ConfUtils.java:logGet(43)) - raft.server.log.appender.buffer.element-limit = 1 (custom)
2019-10-06 01:12:00,111 [22271e8e-bc77-4b74-89ce-a847b9d0c604@group-909AF7F6CFE6-LeaderElection40] INFO  grpc.GrpcConfigKeys$Server (ConfUtils.java:logGet(43)) - raft.grpc.server.leader.outstanding.appends.max = 128 (default)
2019-10-06 01:12:00,111 [22271e8e-bc77-4b74-89ce-a847b9d0c604@group-909AF7F6CFE6-LeaderElection40] INFO  server.RaftServerConfigKeys (ConfUtils.java:logGet(43)) - raft.server.rpc.request.timeout = 3000ms (default)
2019-10-06 01:12:00,111 [22271e8e-bc77-4b74-89ce-a847b9d0c604@group-909AF7F6CFE6-LeaderElection40] INFO  server.RaftServerConfigKeys (ConfUtils.java:logGet(43)) - raft.server.log.appender.install.snapshot.enabled = false (custom)
2019-10-06 01:12:00,111 [22271e8e-bc77-4b74-89ce-a847b9d0c604@group-909AF7F6CFE6-LeaderElection40] INFO  impl.RoleInfo (RoleInfo.java:updateAndGet(143)) - 22271e8e-bc77-4b74-89ce-a847b9d0c604: start LeaderState
2019-10-06 01:12:00,111 [22271e8e-bc77-4b74-89ce-a847b9d0c604@group-909AF7F6CFE6-LeaderElection40] INFO  segmented.SegmentedRaftLogWorker (SegmentedRaftLogWorker.java:startLogSegment(385)) - 22271e8e-bc77-4b74-89ce-a847b9d0c604@group-909AF7F6CFE6-SegmentedRaftLogWorker: Starting segment from index:0
2019-10-06 01:12:00,112 [22271e8e-bc77-4b74-89ce-a847b9d0c604@group-909AF7F6CFE6-LeaderElection40] INFO  impl.RaftServerImpl (ServerState.java:setRaftConf(356)) - 22271e8e-bc77-4b74-89ce-a847b9d0c604@group-909AF7F6CFE6: set configuration 0: [0351faed-5a49-4e4d-9068-9101bace7854:192.168.30.55:38506, 22271e8e-bc77-4b74-89ce-a847b9d0c604:192.168.30.55:42789, a4038982-b048-40e7-a9bf-935f23389f2d:192.168.30.55:40403], old=null at 0
2019-10-06 01:12:00,151 [grpc-default-executor-3] INFO  impl.RaftServerImpl (ServerState.java:setLeader(255)) - 0351faed-5a49-4e4d-9068-9101bace7854@group-909AF7F6CFE6: change Leader from null to 22271e8e-bc77-4b74-89ce-a847b9d0c604 at term 1 for appendEntries, leader elected after 5198ms
2019-10-06 01:12:00,157 [grpc-default-executor-6] INFO  impl.RaftServerImpl (ServerState.java:setLeader(255)) - a4038982-b048-40e7-a9bf-935f23389f2d@group-909AF7F6CFE6: change Leader from null to 22271e8e-bc77-4b74-89ce-a847b9d0c604 at term 1 for appendEntries, leader elected after 5205ms
2019-10-06 01:12:00,161 [grpc-default-executor-3] INFO  impl.RaftServerImpl (ServerState.java:setRaftConf(356)) - 0351faed-5a49-4e4d-9068-9101bace7854@group-909AF7F6CFE6: set configuration 0: [0351faed-5a49-4e4d-9068-9101bace7854:192.168.30.55:38506, 22271e8e-bc77-4b74-89ce-a847b9d0c604:192.168.30.55:42789, a4038982-b048-40e7-a9bf-935f23389f2d:192.168.30.55:40403], old=null at 0
2019-10-06 01:12:00,161 [grpc-default-executor-3] INFO  segmented.SegmentedRaftLogWorker (SegmentedRaftLogWorker.java:startLogSegment(385)) - 0351faed-5a49-4e4d-9068-9101bace7854@group-909AF7F6CFE6-SegmentedRaftLogWorker: Starting segment from index:0
2019-10-06 01:12:00,162 [grpc-default-executor-6] INFO  impl.RaftServerImpl (ServerState.java:setRaftConf(356)) - a4038982-b048-40e7-a9bf-935f23389f2d@group-909AF7F6CFE6: set configuration 0: [0351faed-5a49-4e4d-9068-9101bace7854:192.168.30.55:38506, 22271e8e-bc77-4b74-89ce-a847b9d0c604:192.168.30.55:42789, a4038982-b048-40e7-a9bf-935f23389f2d:192.168.30.55:40403], old=null at 0
2019-10-06 01:12:00,162 [grpc-default-executor-6] INFO  segmented.SegmentedRaftLogWorker (SegmentedRaftLogWorker.java:startLogSegment(385)) - a4038982-b048-40e7-a9bf-935f23389f2d@group-909AF7F6CFE6-SegmentedRaftLogWorker: Starting segment from index:0
2019-10-06 01:12:00,197 [22271e8e-bc77-4b74-89ce-a847b9d0c604@group-909AF7F6CFE6-SegmentedRaftLogWorker] INFO  segmented.SegmentedRaftLogWorker (SegmentedRaftLogWorker.java:execute(574)) - 22271e8e-bc77-4b74-89ce-a847b9d0c604@group-909AF7F6CFE6-SegmentedRaftLogWorker: created new log segment /workdir/hadoop-ozone/integration-test/target/test-dir/MiniOzoneClusterImpl-40360609-f70a-4692-942a-daf78c144095/datanode-5/data/ratis/542ffdf3-d0e4-4c03-bc31-909af7f6cfe6/current/log_inprogress_0
2019-10-06 01:12:00,232 [0351faed-5a49-4e4d-9068-9101bace7854@group-909AF7F6CFE6-SegmentedRaftLogWorker] INFO  segmented.SegmentedRaftLogWorker (SegmentedRaftLogWorker.java:execute(574)) - 0351faed-5a49-4e4d-9068-9101bace7854@group-909AF7F6CFE6-SegmentedRaftLogWorker: created new log segment /workdir/hadoop-ozone/integration-test/target/test-dir/MiniOzoneClusterImpl-40360609-f70a-4692-942a-daf78c144095/datanode-4/data/ratis/542ffdf3-d0e4-4c03-bc31-909af7f6cfe6/current/log_inprogress_0
2019-10-06 01:12:00,240 [a4038982-b048-40e7-a9bf-935f23389f2d@group-909AF7F6CFE6-SegmentedRaftLogWorker] INFO  segmented.SegmentedRaftLogWorker (SegmentedRaftLogWorker.java:execute(574)) - a4038982-b048-40e7-a9bf-935f23389f2d@group-909AF7F6CFE6-SegmentedRaftLogWorker: created new log segment /workdir/hadoop-ozone/integration-test/target/test-dir/MiniOzoneClusterImpl-40360609-f70a-4692-942a-daf78c144095/datanode-2/data/ratis/542ffdf3-d0e4-4c03-bc31-909af7f6cfe6/current/log_inprogress_0
2019-10-06 01:12:00,332 [Datanode State Machine Thread - 0] INFO  statemachine.DatanodeStateMachine (DatanodeStateMachine.java:lambda$startDaemon$0(350)) - Ozone container server started.
2019-10-06 01:12:05,317 [main] INFO  ozoneimpl.OzoneContainer (OzoneContainer.java:stop(231)) - Attempting to stop container services.
2019-10-06 01:12:05,319 [main] INFO  impl.RaftServerProxy (RaftServerProxy.java:lambda$close$4(314)) - a3975b4a-105c-4b9b-8142-24e206f1c3ba: close
2019-10-06 01:12:05,320 [main] INFO  impl.RaftServerImpl (RaftServerImpl.java:lambda$shutdown$3(247)) - a3975b4a-105c-4b9b-8142-24e206f1c3ba@group-7D7682AD77E8: shutdown
2019-10-06 01:12:05,320 [ForkJoinPool.commonPool-worker-0] INFO  impl.RaftServerImpl (RaftServerImpl.java:lambda$shutdown$3(247)) - a3975b4a-105c-4b9b-8142-24e206f1c3ba@group-F8ADE7488A15: shutdown
2019-10-06 01:12:05,321 [main] INFO  util.JmxRegister (JmxRegister.java:unregister(73)) - Successfully un-registered JMX Bean with object name Ratis:service=RaftServer,group=group-7D7682AD77E8,id=a3975b4a-105c-4b9b-8142-24e206f1c3ba
2019-10-06 01:12:05,321 [ForkJoinPool.commonPool-worker-0] INFO  util.JmxRegister (JmxRegister.java:unregister(73)) - Successfully un-registered JMX Bean with object name Ratis:service=RaftServer,group=group-F8ADE7488A15,id=a3975b4a-105c-4b9b-8142-24e206f1c3ba
2019-10-06 01:12:05,321 [main] INFO  impl.RoleInfo (RoleInfo.java:shutdownLeaderState(104)) - a3975b4a-105c-4b9b-8142-24e206f1c3ba: shutdown LeaderState
2019-10-06 01:12:05,321 [ForkJoinPool.commonPool-worker-0] INFO  impl.RoleInfo (RoleInfo.java:shutdownFollowerState(121)) - a3975b4a-105c-4b9b-8142-24e206f1c3ba: shutdown FollowerState
2019-10-06 01:12:05,322 [main] INFO  impl.PendingRequests (PendingRequests.java:sendNotLeaderResponses(202)) - a3975b4a-105c-4b9b-8142-24e206f1c3ba@group-7D7682AD77E8-PendingRequests: sendNotLeaderResponses
2019-10-06 01:12:05,322 [a3975b4a-105c-4b9b-8142-24e206f1c3ba@group-F8ADE7488A15-StateMachineUpdater] INFO  ratis.ContainerStateMachine (ContainerStateMachine.java:takeSnapshot(293)) - group-F8ADE7488A15: Taking a snapshot at:(t:1, i:1) file /workdir/hadoop-ozone/integration-test/target/test-dir/MiniOzoneClusterImpl-40360609-f70a-4692-942a-daf78c144095/datanode-0/data/ratis/39c24faf-7937-49d3-9817-f8ade7488a15/sm/snapshot.1_1
2019-10-06 01:12:05,322 [Thread-1507] INFO  impl.FollowerState (FollowerState.java:run(117)) - a3975b4a-105c-4b9b-8142-24e206f1c3ba@group-F8ADE7488A15-FollowerState was interrupted: java.lang.InterruptedException: sleep interrupted
2019-10-06 01:12:05,322 [ForkJoinPool.commonPool-worker-0] INFO  impl.StateMachineUpdater (StateMachineUpdater.java:stopAndJoin(136)) - a3975b4a-105c-4b9b-8142-24e206f1c3ba@group-F8ADE7488A15-StateMachineUpdater: set stopIndex = 2
2019-10-06 01:12:05,322 [main] INFO  impl.StateMachineUpdater (StateMachineUpdater.java:stopAndJoin(136)) - a3975b4a-105c-4b9b-8142-24e206f1c3ba@group-7D7682AD77E8-StateMachineUpdater: set stopIndex = 0
2019-10-06 01:12:05,326 [main] INFO  impl.RaftServerImpl (ServerState.java:close(387)) - a3975b4a-105c-4b9b-8142-24e206f1c3ba@group-7D7682AD77E8: closes. applyIndex: 0
2019-10-06 01:12:05,327 [a3975b4a-105c-4b9b-8142-24e206f1c3ba@group-7D7682AD77E8-SegmentedRaftLogWorker] INFO  segmented.SegmentedRaftLogWorker (SegmentedRaftLogWorker.java:run(316)) - a3975b4a-105c-4b9b-8142-24e206f1c3ba@group-7D7682AD77E8-SegmentedRaftLogWorker was interrupted, exiting. There are 0 tasks remaining in the queue.
2019-10-06 01:12:05,330 [main] INFO  segmented.SegmentedRaftLogWorker (SegmentedRaftLogWorker.java:close(224)) - a3975b4a-105c-4b9b-8142-24e206f1c3ba@group-7D7682AD77E8-SegmentedRaftLogWorker close()
2019-10-06 01:12:05,340 [a3975b4a-105c-4b9b-8142-24e206f1c3ba@group-F8ADE7488A15-StateMachineUpdater] INFO  ratis.ContainerStateMachine (ContainerStateMachine.java:takeSnapshot(304)) - group-F8ADE7488A15: Finished taking a snapshot at:(t:1, i:1) file:/workdir/hadoop-ozone/integration-test/target/test-dir/MiniOzoneClusterImpl-40360609-f70a-4692-942a-daf78c144095/datanode-0/data/ratis/39c24faf-7937-49d3-9817-f8ade7488a15/sm/snapshot.1_1 time:17
2019-10-06 01:12:05,340 [a3975b4a-105c-4b9b-8142-24e206f1c3ba@group-F8ADE7488A15-StateMachineUpdater] INFO  impl.StateMachineUpdater (StateMachineUpdater.java:takeSnapshot(269)) - a3975b4a-105c-4b9b-8142-24e206f1c3ba@group-F8ADE7488A15-StateMachineUpdater: Took a snapshot at index 1
2019-10-06 01:12:05,340 [a3975b4a-105c-4b9b-8142-24e206f1c3ba@group-F8ADE7488A15-StateMachineUpdater] INFO  impl.StateMachineUpdater (StateMachineUpdater.java:lambda$new$0(84)) - a3975b4a-105c-4b9b-8142-24e206f1c3ba@group-F8ADE7488A15-StateMachineUpdater: snapshotIndex: updateIncreasingly -1 -> 1
2019-10-06 01:12:05,341 [a3975b4a-105c-4b9b-8142-24e206f1c3ba@group-F8ADE7488A15-StateMachineUpdater] INFO  ratis.ContainerStateMachine (ContainerStateMachine.java:takeSnapshot(293)) - group-F8ADE7488A15: Taking a snapshot at:(t:1, i:1) file /workdir/hadoop-ozone/integration-test/target/test-dir/MiniOzoneClusterImpl-40360609-f70a-4692-942a-daf78c144095/datanode-0/data/ratis/39c24faf-7937-49d3-9817-f8ade7488a15/sm/snapshot.1_1
2019-10-06 01:12:05,354 [a3975b4a-105c-4b9b-8142-24e206f1c3ba@group-F8ADE7488A15-StateMachineUpdater] INFO  ratis.ContainerStateMachine (ContainerStateMachine.java:takeSnapshot(304)) - group-F8ADE7488A15: Finished taking a snapshot at:(t:1, i:1) file:/workdir/hadoop-ozone/integration-test/target/test-dir/MiniOzoneClusterImpl-40360609-f70a-4692-942a-daf78c144095/datanode-0/data/ratis/39c24faf-7937-49d3-9817-f8ade7488a15/sm/snapshot.1_1 time:12
2019-10-06 01:12:05,354 [a3975b4a-105c-4b9b-8142-24e206f1c3ba@group-F8ADE7488A15-StateMachineUpdater] INFO  impl.StateMachineUpdater (StateMachineUpdater.java:takeSnapshot(269)) - a3975b4a-105c-4b9b-8142-24e206f1c3ba@group-F8ADE7488A15-StateMachineUpdater: Took a snapshot at index 1
2019-10-06 01:12:05,354 [a3975b4a-105c-4b9b-8142-24e206f1c3ba@group-F8ADE7488A15-StateMachineUpdater] INFO  impl.StateMachineUpdater (StateMachineUpdater.java:lambda$new$0(84)) - a3975b4a-105c-4b9b-8142-24e206f1c3ba@group-F8ADE7488A15-StateMachineUpdater: snapshotIndex: updateIncreasingly 1 -> 1
2019-10-06 01:12:05,354 [ForkJoinPool.commonPool-worker-0] INFO  impl.RaftServerImpl (ServerState.java:close(387)) - a3975b4a-105c-4b9b-8142-24e206f1c3ba@group-F8ADE7488A15: closes. applyIndex: 2
2019-10-06 01:12:05,355 [a3975b4a-105c-4b9b-8142-24e206f1c3ba@group-F8ADE7488A15-SegmentedRaftLogWorker] INFO  segmented.SegmentedRaftLogWorker (SegmentedRaftLogWorker.java:run(316)) - a3975b4a-105c-4b9b-8142-24e206f1c3ba@group-F8ADE7488A15-SegmentedRaftLogWorker was interrupted, exiting. There are 0 tasks remaining in the queue.
2019-10-06 01:12:05,358 [ForkJoinPool.commonPool-worker-0] INFO  segmented.SegmentedRaftLogWorker (SegmentedRaftLogWorker.java:close(224)) - a3975b4a-105c-4b9b-8142-24e206f1c3ba@group-F8ADE7488A15-SegmentedRaftLogWorker close()
2019-10-06 01:12:05,362 [main] INFO  server.GrpcService (GrpcService.java:closeImpl(164)) - a3975b4a-105c-4b9b-8142-24e206f1c3ba: shutdown server with port 34641 now
2019-10-06 01:12:05,363 [grpc-default-executor-7] WARN  server.GrpcServerProtocolService (LogUtils.java:warn(134)) - a3975b4a-105c-4b9b-8142-24e206f1c3ba: installSnapshot onError, lastRequest: bf220e48-d6ce-49f3-a557-fc9d50d77ef3->a3975b4a-105c-4b9b-8142-24e206f1c3ba#5-t1, previous=(t:1, i:2), leaderCommit=2, initializing? false, entries: <empty>: org.apache.ratis.thirdparty.io.grpc.StatusRuntimeException: CANCELLED: cancelled before receiving half close
2019-10-06 01:12:05,363 [main] INFO  server.GrpcService (GrpcService.java:closeImpl(172)) - a3975b4a-105c-4b9b-8142-24e206f1c3ba: shutdown server with port 34641 successfully
2019-10-06 01:12:05,363 [grpc-default-executor-3] WARN  server.GrpcLogAppender (LogUtils.java:warn(134)) - bf220e48-d6ce-49f3-a557-fc9d50d77ef3@group-F8ADE7488A15->a3975b4a-105c-4b9b-8142-24e206f1c3ba-AppendLogResponseHandler: Failed appendEntries: org.apache.ratis.thirdparty.io.grpc.StatusRuntimeException: CANCELLED: HTTP/2 error code: CANCEL
Received Rst Stream
2019-10-06 01:12:05,364 [grpc-default-executor-3] INFO  impl.FollowerInfo (FollowerInfo.java:lambda$new$0(51)) - bf220e48-d6ce-49f3-a557-fc9d50d77ef3@group-F8ADE7488A15->a3975b4a-105c-4b9b-8142-24e206f1c3ba: nextIndex: updateUnconditionally 3 -> 2
2019-10-06 01:12:05,367 [refreshUsed-/workdir/hadoop-ozone/integration-test/target/test-dir/MiniOzoneClusterImpl-40360609-f70a-4692-942a-daf78c144095/datanode-0/data/containers] WARN  fs.CachingGetSpaceUsed (CachingGetSpaceUsed.java:run(183)) - Thread Interrupted waiting to refresh disk information: sleep interrupted
2019-10-06 01:12:05,383 [main] INFO  utils.BackgroundService (BackgroundService.java:shutdown(148)) - Shutting down service BlockDeletingService
2019-10-06 01:12:05,390 [main] INFO  statemachine.DatanodeStateMachine (DatanodeStateMachine.java:stopDaemon(395)) - Ozone container server stopped.
2019-10-06 01:12:05,392 [main] INFO  handler.ContextHandler (ContextHandler.java:doStop(910)) - Stopped o.e.j.w.WebAppContext@5ae1c281{/,null,UNAVAILABLE}{/hddsDatanode}
2019-10-06 01:12:05,394 [main] INFO  server.AbstractConnector (AbstractConnector.java:doStop(318)) - Stopped ServerConnector@4ac8768e{HTTP/1.1,[http/1.1]}{0.0.0.0:0}
2019-10-06 01:12:05,395 [main] INFO  handler.ContextHandler (ContextHandler.java:doStop(910)) - Stopped o.e.j.s.ServletContextHandler@721d8ab5{/static,jar:file:/home/user/.m2/repository/org/apache/hadoop/hadoop-hdds-container-service/0.5.0-SNAPSHOT/hadoop-hdds-container-service-0.5.0-SNAPSHOT.jar!/webapps/static,UNAVAILABLE}
2019-10-06 01:12:05,395 [main] INFO  handler.ContextHandler (ContextHandler.java:doStop(910)) - Stopped o.e.j.s.ServletContextHandler@10244722{/logs,file:///workdir/hadoop-ozone/integration-test/target/log,UNAVAILABLE}
2019-10-06 01:12:06,334 [Datanode State Machine Thread - 0] INFO  statemachine.DatanodeStateMachine (DatanodeStateMachine.java:lambda$startDaemon$0(350)) - Ozone container server started.
2019-10-06 01:12:07,775 [grpc-default-executor-3] WARN  server.GrpcLogAppender (LogUtils.java:warn(134)) - bf220e48-d6ce-49f3-a557-fc9d50d77ef3@group-F8ADE7488A15->a3975b4a-105c-4b9b-8142-24e206f1c3ba-AppendLogResponseHandler: Failed appendEntries: org.apache.ratis.thirdparty.io.grpc.StatusRuntimeException: UNAVAILABLE: io exception
2019-10-06 01:12:07,776 [grpc-default-executor-3] INFO  impl.FollowerInfo (FollowerInfo.java:lambda$new$0(51)) - bf220e48-d6ce-49f3-a557-fc9d50d77ef3@group-F8ADE7488A15->a3975b4a-105c-4b9b-8142-24e206f1c3ba: nextIndex: updateUnconditionally 2 -> 1
2019-10-06 01:12:10,281 [grpc-default-executor-3] WARN  server.GrpcLogAppender (LogUtils.java:warn(134)) - bf220e48-d6ce-49f3-a557-fc9d50d77ef3@group-F8ADE7488A15->a3975b4a-105c-4b9b-8142-24e206f1c3ba-AppendLogResponseHandler: Failed appendEntries: org.apache.ratis.thirdparty.io.grpc.StatusRuntimeException: UNAVAILABLE: io exception
2019-10-06 01:12:10,282 [grpc-default-executor-3] INFO  impl.FollowerInfo (FollowerInfo.java:lambda$new$0(51)) - bf220e48-d6ce-49f3-a557-fc9d50d77ef3@group-F8ADE7488A15->a3975b4a-105c-4b9b-8142-24e206f1c3ba: nextIndex: updateUnconditionally 1 -> 0
2019-10-06 01:12:10,398 [main] INFO  ozoneimpl.OzoneContainer (OzoneContainer.java:stop(231)) - Attempting to stop container services.
2019-10-06 01:12:10,399 [main] INFO  impl.RaftServerProxy (RaftServerProxy.java:lambda$close$4(314)) - 6e899f9a-39c7-4d88-8fee-651142b6bdd4: close
2019-10-06 01:12:10,400 [main] INFO  impl.RaftServerImpl (RaftServerImpl.java:lambda$shutdown$3(247)) - 6e899f9a-39c7-4d88-8fee-651142b6bdd4@group-A9416E283411: shutdown
2019-10-06 01:12:10,400 [ForkJoinPool.commonPool-worker-1] INFO  impl.RaftServerImpl (RaftServerImpl.java:lambda$shutdown$3(247)) - 6e899f9a-39c7-4d88-8fee-651142b6bdd4@group-F8ADE7488A15: shutdown
2019-10-06 01:12:10,401 [main] INFO  util.JmxRegister (JmxRegister.java:unregister(73)) - Successfully un-registered JMX Bean with object name Ratis:service=RaftServer,group=group-A9416E283411,id=6e899f9a-39c7-4d88-8fee-651142b6bdd4
2019-10-06 01:12:10,401 [ForkJoinPool.commonPool-worker-1] INFO  util.JmxRegister (JmxRegister.java:unregister(73)) - Successfully un-registered JMX Bean with object name Ratis:service=RaftServer,group=group-F8ADE7488A15,id=6e899f9a-39c7-4d88-8fee-651142b6bdd4
2019-10-06 01:12:10,401 [main] INFO  impl.RoleInfo (RoleInfo.java:shutdownLeaderState(104)) - 6e899f9a-39c7-4d88-8fee-651142b6bdd4: shutdown LeaderState
2019-10-06 01:12:10,402 [ForkJoinPool.commonPool-worker-1] INFO  impl.RoleInfo (RoleInfo.java:shutdownFollowerState(121)) - 6e899f9a-39c7-4d88-8fee-651142b6bdd4: shutdown FollowerState
2019-10-06 01:12:10,402 [main] INFO  impl.PendingRequests (PendingRequests.java:sendNotLeaderResponses(202)) - 6e899f9a-39c7-4d88-8fee-651142b6bdd4@group-A9416E283411-PendingRequests: sendNotLeaderResponses
2019-10-06 01:12:10,402 [ForkJoinPool.commonPool-worker-1] INFO  impl.StateMachineUpdater (StateMachineUpdater.java:stopAndJoin(136)) - 6e899f9a-39c7-4d88-8fee-651142b6bdd4@group-F8ADE7488A15-StateMachineUpdater: set stopIndex = 2
2019-10-06 01:12:10,402 [Thread-1506] INFO  impl.FollowerState (FollowerState.java:run(117)) - 6e899f9a-39c7-4d88-8fee-651142b6bdd4@group-F8ADE7488A15-FollowerState was interrupted: java.lang.InterruptedException: sleep interrupted
2019-10-06 01:12:10,403 [6e899f9a-39c7-4d88-8fee-651142b6bdd4@group-F8ADE7488A15-StateMachineUpdater] INFO  ratis.ContainerStateMachine (ContainerStateMachine.java:takeSnapshot(293)) - group-F8ADE7488A15: Taking a snapshot at:(t:1, i:1) file /workdir/hadoop-ozone/integration-test/target/test-dir/MiniOzoneClusterImpl-40360609-f70a-4692-942a-daf78c144095/datanode-1/data/ratis/39c24faf-7937-49d3-9817-f8ade7488a15/sm/snapshot.1_1
2019-10-06 01:12:10,403 [main] INFO  impl.StateMachineUpdater (StateMachineUpdater.java:stopAndJoin(136)) - 6e899f9a-39c7-4d88-8fee-651142b6bdd4@group-A9416E283411-StateMachineUpdater: set stopIndex = 0
2019-10-06 01:12:10,407 [main] INFO  impl.RaftServerImpl (ServerState.java:close(387)) - 6e899f9a-39c7-4d88-8fee-651142b6bdd4@group-A9416E283411: closes. applyIndex: 0
2019-10-06 01:12:10,408 [6e899f9a-39c7-4d88-8fee-651142b6bdd4@group-A9416E283411-SegmentedRaftLogWorker] INFO  segmented.SegmentedRaftLogWorker (SegmentedRaftLogWorker.java:run(316)) - 6e899f9a-39c7-4d88-8fee-651142b6bdd4@group-A9416E283411-SegmentedRaftLogWorker was interrupted, exiting. There are 0 tasks remaining in the queue.
2019-10-06 01:12:10,419 [main] INFO  segmented.SegmentedRaftLogWorker (SegmentedRaftLogWorker.java:close(224)) - 6e899f9a-39c7-4d88-8fee-651142b6bdd4@group-A9416E283411-SegmentedRaftLogWorker close()
2019-10-06 01:12:10,421 [6e899f9a-39c7-4d88-8fee-651142b6bdd4@group-F8ADE7488A15-StateMachineUpdater] INFO  ratis.ContainerStateMachine (ContainerStateMachine.java:takeSnapshot(304)) - group-F8ADE7488A15: Finished taking a snapshot at:(t:1, i:1) file:/workdir/hadoop-ozone/integration-test/target/test-dir/MiniOzoneClusterImpl-40360609-f70a-4692-942a-daf78c144095/datanode-1/data/ratis/39c24faf-7937-49d3-9817-f8ade7488a15/sm/snapshot.1_1 time:18
2019-10-06 01:12:10,424 [6e899f9a-39c7-4d88-8fee-651142b6bdd4@group-F8ADE7488A15-StateMachineUpdater] INFO  impl.StateMachineUpdater (StateMachineUpdater.java:takeSnapshot(269)) - 6e899f9a-39c7-4d88-8fee-651142b6bdd4@group-F8ADE7488A15-StateMachineUpdater: Took a snapshot at index 1
2019-10-06 01:12:10,425 [6e899f9a-39c7-4d88-8fee-651142b6bdd4@group-F8ADE7488A15-StateMachineUpdater] INFO  impl.StateMachineUpdater (StateMachineUpdater.java:lambda$new$0(84)) - 6e899f9a-39c7-4d88-8fee-651142b6bdd4@group-F8ADE7488A15-StateMachineUpdater: snapshotIndex: updateIncreasingly -1 -> 1
2019-10-06 01:12:10,425 [6e899f9a-39c7-4d88-8fee-651142b6bdd4@group-F8ADE7488A15-StateMachineUpdater] INFO  ratis.ContainerStateMachine (ContainerStateMachine.java:takeSnapshot(293)) - group-F8ADE7488A15: Taking a snapshot at:(t:1, i:1) file /workdir/hadoop-ozone/integration-test/target/test-dir/MiniOzoneClusterImpl-40360609-f70a-4692-942a-daf78c144095/datanode-1/data/ratis/39c24faf-7937-49d3-9817-f8ade7488a15/sm/snapshot.1_1
2019-10-06 01:12:10,438 [6e899f9a-39c7-4d88-8fee-651142b6bdd4@group-F8ADE7488A15-StateMachineUpdater] INFO  ratis.ContainerStateMachine (ContainerStateMachine.java:takeSnapshot(304)) - group-F8ADE7488A15: Finished taking a snapshot at:(t:1, i:1) file:/workdir/hadoop-ozone/integration-test/target/test-dir/MiniOzoneClusterImpl-40360609-f70a-4692-942a-daf78c144095/datanode-1/data/ratis/39c24faf-7937-49d3-9817-f8ade7488a15/sm/snapshot.1_1 time:13
2019-10-06 01:12:10,438 [6e899f9a-39c7-4d88-8fee-651142b6bdd4@group-F8ADE7488A15-StateMachineUpdater] INFO  impl.StateMachineUpdater (StateMachineUpdater.java:takeSnapshot(269)) - 6e899f9a-39c7-4d88-8fee-651142b6bdd4@group-F8ADE7488A15-StateMachineUpdater: Took a snapshot at index 1
2019-10-06 01:12:10,439 [6e899f9a-39c7-4d88-8fee-651142b6bdd4@group-F8ADE7488A15-StateMachineUpdater] INFO  impl.StateMachineUpdater (StateMachineUpdater.java:lambda$new$0(84)) - 6e899f9a-39c7-4d88-8fee-651142b6bdd4@group-F8ADE7488A15-StateMachineUpdater: snapshotIndex: updateIncreasingly 1 -> 1
2019-10-06 01:12:10,439 [ForkJoinPool.commonPool-worker-1] INFO  impl.RaftServerImpl (ServerState.java:close(387)) - 6e899f9a-39c7-4d88-8fee-651142b6bdd4@group-F8ADE7488A15: closes. applyIndex: 2
2019-10-06 01:12:10,439 [6e899f9a-39c7-4d88-8fee-651142b6bdd4@group-F8ADE7488A15-SegmentedRaftLogWorker] INFO  segmented.SegmentedRaftLogWorker (SegmentedRaftLogWorker.java:run(316)) - 6e899f9a-39c7-4d88-8fee-651142b6bdd4@group-F8ADE7488A15-SegmentedRaftLogWorker was interrupted, exiting. There are 0 tasks remaining in the queue.
2019-10-06 01:12:10,442 [ForkJoinPool.commonPool-worker-1] INFO  segmented.SegmentedRaftLogWorker (SegmentedRaftLogWorker.java:close(224)) - 6e899f9a-39c7-4d88-8fee-651142b6bdd4@group-F8ADE7488A15-SegmentedRaftLogWorker close()
2019-10-06 01:12:10,447 [main] INFO  server.GrpcService (GrpcService.java:closeImpl(164)) - 6e899f9a-39c7-4d88-8fee-651142b6bdd4: shutdown server with port 40860 now
2019-10-06 01:12:10,449 [grpc-default-executor-7] WARN  server.GrpcServerProtocolService (LogUtils.java:warn(134)) - 6e899f9a-39c7-4d88-8fee-651142b6bdd4: installSnapshot onError, lastRequest: bf220e48-d6ce-49f3-a557-fc9d50d77ef3->6e899f9a-39c7-4d88-8fee-651142b6bdd4#7-t1, previous=(t:1, i:2), leaderCommit=2, initializing? false, entries: <empty>: org.apache.ratis.thirdparty.io.grpc.StatusRuntimeException: CANCELLED: cancelled before receiving half close
2019-10-06 01:12:10,450 [grpc-default-executor-3] WARN  server.GrpcLogAppender (LogUtils.java:warn(134)) - bf220e48-d6ce-49f3-a557-fc9d50d77ef3@group-F8ADE7488A15->6e899f9a-39c7-4d88-8fee-651142b6bdd4-AppendLogResponseHandler: Failed appendEntries: org.apache.ratis.thirdparty.io.grpc.StatusRuntimeException: CANCELLED: HTTP/2 error code: CANCEL
Received Rst Stream
2019-10-06 01:12:10,450 [main] INFO  server.GrpcService (GrpcService.java:closeImpl(172)) - 6e899f9a-39c7-4d88-8fee-651142b6bdd4: shutdown server with port 40860 successfully
2019-10-06 01:12:10,450 [grpc-default-executor-3] INFO  impl.FollowerInfo (FollowerInfo.java:lambda$new$0(51)) - bf220e48-d6ce-49f3-a557-fc9d50d77ef3@group-F8ADE7488A15->6e899f9a-39c7-4d88-8fee-651142b6bdd4: nextIndex: updateUnconditionally 3 -> 2
2019-10-06 01:12:10,453 [refreshUsed-/workdir/hadoop-ozone/integration-test/target/test-dir/MiniOzoneClusterImpl-40360609-f70a-4692-942a-daf78c144095/datanode-1/data/containers] WARN  fs.CachingGetSpaceUsed (CachingGetSpaceUsed.java:run(183)) - Thread Interrupted waiting to refresh disk information: sleep interrupted
2019-10-06 01:12:10,478 [main] INFO  utils.BackgroundService (BackgroundService.java:shutdown(148)) - Shutting down service BlockDeletingService
2019-10-06 01:12:10,485 [main] INFO  statemachine.DatanodeStateMachine (DatanodeStateMachine.java:stopDaemon(395)) - Ozone container server stopped.
2019-10-06 01:12:10,487 [main] INFO  handler.ContextHandler (ContextHandler.java:doStop(910)) - Stopped o.e.j.w.WebAppContext@46fb0c33{/,null,UNAVAILABLE}{/hddsDatanode}
2019-10-06 01:12:10,488 [main] INFO  server.AbstractConnector (AbstractConnector.java:doStop(318)) - Stopped ServerConnector@3b009e7b{HTTP/1.1,[http/1.1]}{0.0.0.0:0}
2019-10-06 01:12:10,489 [main] INFO  handler.ContextHandler (ContextHandler.java:doStop(910)) - Stopped o.e.j.s.ServletContextHandler@44dc7b7d{/static,jar:file:/home/user/.m2/repository/org/apache/hadoop/hadoop-hdds-container-service/0.5.0-SNAPSHOT/hadoop-hdds-container-service-0.5.0-SNAPSHOT.jar!/webapps/static,UNAVAILABLE}
2019-10-06 01:12:10,489 [main] INFO  handler.ContextHandler (ContextHandler.java:doStop(910)) - Stopped o.e.j.s.ServletContextHandler@606a1bc4{/logs,file:///workdir/hadoop-ozone/integration-test/target/log,UNAVAILABLE}
2019-10-06 01:12:12,775 [grpc-default-executor-7] WARN  server.GrpcLogAppender (LogUtils.java:warn(134)) - bf220e48-d6ce-49f3-a557-fc9d50d77ef3@group-F8ADE7488A15->6e899f9a-39c7-4d88-8fee-651142b6bdd4-AppendLogResponseHandler: Failed appendEntries: org.apache.ratis.thirdparty.io.grpc.StatusRuntimeException: UNAVAILABLE: io exception
2019-10-06 01:12:12,775 [grpc-default-executor-7] INFO  impl.FollowerInfo (FollowerInfo.java:lambda$new$0(51)) - bf220e48-d6ce-49f3-a557-fc9d50d77ef3@group-F8ADE7488A15->6e899f9a-39c7-4d88-8fee-651142b6bdd4: nextIndex: updateUnconditionally 2 -> 1
2019-10-06 01:12:12,779 [grpc-default-executor-6] WARN  server.GrpcLogAppender (LogUtils.java:warn(134)) - bf220e48-d6ce-49f3-a557-fc9d50d77ef3@group-F8ADE7488A15->a3975b4a-105c-4b9b-8142-24e206f1c3ba-AppendLogResponseHandler: Failed appendEntries: org.apache.ratis.thirdparty.io.grpc.StatusRuntimeException: UNAVAILABLE: io exception
2019-10-06 01:12:12,779 [grpc-default-executor-6] INFO  impl.FollowerInfo (FollowerInfo.java:lambda$new$0(51)) - bf220e48-d6ce-49f3-a557-fc9d50d77ef3@group-F8ADE7488A15->a3975b4a-105c-4b9b-8142-24e206f1c3ba: nextIndex: updateUnconditionally 0 -> 0
2019-10-06 01:12:15,282 [grpc-default-executor-7] WARN  server.GrpcLogAppender (LogUtils.java:warn(134)) - bf220e48-d6ce-49f3-a557-fc9d50d77ef3@group-F8ADE7488A15->6e899f9a-39c7-4d88-8fee-651142b6bdd4-AppendLogResponseHandler: Failed appendEntries: org.apache.ratis.thirdparty.io.grpc.StatusRuntimeException: UNAVAILABLE: io exception
2019-10-06 01:12:15,282 [grpc-default-executor-3] WARN  server.GrpcLogAppender (LogUtils.java:warn(134)) - bf220e48-d6ce-49f3-a557-fc9d50d77ef3@group-F8ADE7488A15->a3975b4a-105c-4b9b-8142-24e206f1c3ba-AppendLogResponseHandler: Failed appendEntries: org.apache.ratis.thirdparty.io.grpc.StatusRuntimeException: UNAVAILABLE: io exception
2019-10-06 01:12:15,284 [grpc-default-executor-7] INFO  impl.FollowerInfo (FollowerInfo.java:lambda$new$0(51)) - bf220e48-d6ce-49f3-a557-fc9d50d77ef3@group-F8ADE7488A15->6e899f9a-39c7-4d88-8fee-651142b6bdd4: nextIndex: updateUnconditionally 1 -> 0
2019-10-06 01:12:15,284 [grpc-default-executor-3] INFO  impl.FollowerInfo (FollowerInfo.java:lambda$new$0(51)) - bf220e48-d6ce-49f3-a557-fc9d50d77ef3@group-F8ADE7488A15->a3975b4a-105c-4b9b-8142-24e206f1c3ba: nextIndex: updateUnconditionally 0 -> 0
2019-10-06 01:12:17,786 [grpc-default-executor-1] WARN  server.GrpcLogAppender (LogUtils.java:warn(134)) - bf220e48-d6ce-49f3-a557-fc9d50d77ef3@group-F8ADE7488A15->6e899f9a-39c7-4d88-8fee-651142b6bdd4-AppendLogResponseHandler: Failed appendEntries: org.apache.ratis.thirdparty.io.grpc.StatusRuntimeException: UNAVAILABLE: io exception
2019-10-06 01:12:17,786 [grpc-default-executor-3] WARN  server.GrpcLogAppender (LogUtils.java:warn(134)) - bf220e48-d6ce-49f3-a557-fc9d50d77ef3@group-F8ADE7488A15->a3975b4a-105c-4b9b-8142-24e206f1c3ba-AppendLogResponseHandler: Failed appendEntries: org.apache.ratis.thirdparty.io.grpc.StatusRuntimeException: UNAVAILABLE: io exception
2019-10-06 01:12:17,787 [grpc-default-executor-1] INFO  impl.FollowerInfo (FollowerInfo.java:lambda$new$0(51)) - bf220e48-d6ce-49f3-a557-fc9d50d77ef3@group-F8ADE7488A15->6e899f9a-39c7-4d88-8fee-651142b6bdd4: nextIndex: updateUnconditionally 0 -> 0
2019-10-06 01:12:17,787 [grpc-default-executor-3] INFO  impl.FollowerInfo (FollowerInfo.java:lambda$new$0(51)) - bf220e48-d6ce-49f3-a557-fc9d50d77ef3@group-F8ADE7488A15->a3975b4a-105c-4b9b-8142-24e206f1c3ba: nextIndex: updateUnconditionally 0 -> 0
2019-10-06 01:12:20,283 [grpc-default-executor-4] WARN  server.GrpcLogAppender (LogUtils.java:warn(134)) - bf220e48-d6ce-49f3-a557-fc9d50d77ef3@group-F8ADE7488A15->6e899f9a-39c7-4d88-8fee-651142b6bdd4-AppendLogResponseHandler: Failed appendEntries: org.apache.ratis.thirdparty.io.grpc.StatusRuntimeException: UNAVAILABLE: io exception
2019-10-06 01:12:20,283 [grpc-default-executor-1] WARN  server.GrpcLogAppender (LogUtils.java:warn(134)) - bf220e48-d6ce-49f3-a557-fc9d50d77ef3@group-F8ADE7488A15->a3975b4a-105c-4b9b-8142-24e206f1c3ba-AppendLogResponseHandler: Failed appendEntries: org.apache.ratis.thirdparty.io.grpc.StatusRuntimeException: UNAVAILABLE: io exception
2019-10-06 01:12:20,284 [grpc-default-executor-4] INFO  impl.FollowerInfo (FollowerInfo.java:lambda$new$0(51)) - bf220e48-d6ce-49f3-a557-fc9d50d77ef3@group-F8ADE7488A15->6e899f9a-39c7-4d88-8fee-651142b6bdd4: nextIndex: updateUnconditionally 0 -> 0
2019-10-06 01:12:20,284 [grpc-default-executor-1] INFO  impl.FollowerInfo (FollowerInfo.java:lambda$new$0(51)) - bf220e48-d6ce-49f3-a557-fc9d50d77ef3@group-F8ADE7488A15->a3975b4a-105c-4b9b-8142-24e206f1c3ba: nextIndex: updateUnconditionally 0 -> 0
2019-10-06 01:12:20,563 [Thread-1578] INFO  client.GrpcClientProtocolService (GrpcClientProtocolService.java:lambda$processClientRequest$0(278)) - Failed RaftClientRequest:client-F0EBBCBA8D3B->bf220e48-d6ce-49f3-a557-fc9d50d77ef3@group-F8ADE7488A15, cid=67, seq=0, Watch-ALL_COMMITTED(77), Message:<EMPTY>, reply=RaftClientReply:client-F0EBBCBA8D3B->bf220e48-d6ce-49f3-a557-fc9d50d77ef3@group-F8ADE7488A15, cid=67, FAILED org.apache.ratis.protocol.NotReplicatedException: Request with call Id 67 and log index 77 is not yet replicated to ALL_COMMITTED, logIndex=77, commits[bf220e48-d6ce-49f3-a557-fc9d50d77ef3:c2, a3975b4a-105c-4b9b-8142-24e206f1c3ba:c2, 6e899f9a-39c7-4d88-8fee-651142b6bdd4:c2]
2019-10-06 01:12:22,785 [grpc-default-executor-4] WARN  server.GrpcLogAppender (LogUtils.java:warn(134)) - bf220e48-d6ce-49f3-a557-fc9d50d77ef3@group-F8ADE7488A15->6e899f9a-39c7-4d88-8fee-651142b6bdd4-AppendLogResponseHandler: Failed appendEntries: org.apache.ratis.thirdparty.io.grpc.StatusRuntimeException: UNAVAILABLE: io exception
2019-10-06 01:12:22,785 [grpc-default-executor-1] WARN  server.GrpcLogAppender (LogUtils.java:warn(134)) - bf220e48-d6ce-49f3-a557-fc9d50d77ef3@group-F8ADE7488A15->a3975b4a-105c-4b9b-8142-24e206f1c3ba-AppendLogResponseHandler: Failed appendEntries: org.apache.ratis.thirdparty.io.grpc.StatusRuntimeException: UNAVAILABLE: io exception
2019-10-06 01:12:22,789 [grpc-default-executor-4] INFO  impl.FollowerInfo (FollowerInfo.java:lambda$new$0(51)) - bf220e48-d6ce-49f3-a557-fc9d50d77ef3@group-F8ADE7488A15->6e899f9a-39c7-4d88-8fee-651142b6bdd4: nextIndex: updateUnconditionally 0 -> 0
2019-10-06 01:12:22,789 [grpc-default-executor-1] INFO  impl.FollowerInfo (FollowerInfo.java:lambda$new$0(51)) - bf220e48-d6ce-49f3-a557-fc9d50d77ef3@group-F8ADE7488A15->a3975b4a-105c-4b9b-8142-24e206f1c3ba: nextIndex: updateUnconditionally 0 -> 0
2019-10-06 01:12:25,291 [grpc-default-executor-4] WARN  server.GrpcLogAppender (LogUtils.java:warn(134)) - bf220e48-d6ce-49f3-a557-fc9d50d77ef3@group-F8ADE7488A15->6e899f9a-39c7-4d88-8fee-651142b6bdd4-AppendLogResponseHandler: Failed appendEntries: org.apache.ratis.thirdparty.io.grpc.StatusRuntimeException: UNAVAILABLE: io exception
2019-10-06 01:12:25,291 [grpc-default-executor-1] WARN  server.GrpcLogAppender (LogUtils.java:warn(134)) - bf220e48-d6ce-49f3-a557-fc9d50d77ef3@group-F8ADE7488A15->a3975b4a-105c-4b9b-8142-24e206f1c3ba-AppendLogResponseHandler: Failed appendEntries: org.apache.ratis.thirdparty.io.grpc.StatusRuntimeException: UNAVAILABLE: io exception
2019-10-06 01:12:25,293 [grpc-default-executor-4] INFO  impl.FollowerInfo (FollowerInfo.java:lambda$new$0(51)) - bf220e48-d6ce-49f3-a557-fc9d50d77ef3@group-F8ADE7488A15->6e899f9a-39c7-4d88-8fee-651142b6bdd4: nextIndex: updateUnconditionally 0 -> 0
2019-10-06 01:12:25,293 [grpc-default-executor-1] INFO  impl.FollowerInfo (FollowerInfo.java:lambda$new$0(51)) - bf220e48-d6ce-49f3-a557-fc9d50d77ef3@group-F8ADE7488A15->a3975b4a-105c-4b9b-8142-24e206f1c3ba: nextIndex: updateUnconditionally 0 -> 0
2019-10-06 01:12:27,794 [grpc-default-executor-4] WARN  server.GrpcLogAppender (LogUtils.java:warn(134)) - bf220e48-d6ce-49f3-a557-fc9d50d77ef3@group-F8ADE7488A15->a3975b4a-105c-4b9b-8142-24e206f1c3ba-AppendLogResponseHandler: Failed appendEntries: org.apache.ratis.thirdparty.io.grpc.StatusRuntimeException: UNAVAILABLE: io exception
2019-10-06 01:12:27,794 [grpc-default-executor-1] WARN  server.GrpcLogAppender (LogUtils.java:warn(134)) - bf220e48-d6ce-49f3-a557-fc9d50d77ef3@group-F8ADE7488A15->6e899f9a-39c7-4d88-8fee-651142b6bdd4-AppendLogResponseHandler: Failed appendEntries: org.apache.ratis.thirdparty.io.grpc.StatusRuntimeException: UNAVAILABLE: io exception
2019-10-06 01:12:27,795 [grpc-default-executor-4] INFO  impl.FollowerInfo (FollowerInfo.java:lambda$new$0(51)) - bf220e48-d6ce-49f3-a557-fc9d50d77ef3@group-F8ADE7488A15->a3975b4a-105c-4b9b-8142-24e206f1c3ba: nextIndex: updateUnconditionally 0 -> 0
2019-10-06 01:12:27,795 [grpc-default-executor-1] INFO  impl.FollowerInfo (FollowerInfo.java:lambda$new$0(51)) - bf220e48-d6ce-49f3-a557-fc9d50d77ef3@group-F8ADE7488A15->6e899f9a-39c7-4d88-8fee-651142b6bdd4: nextIndex: updateUnconditionally 0 -> 0
2019-10-06 01:12:30,294 [grpc-default-executor-1] WARN  server.GrpcLogAppender (LogUtils.java:warn(134)) - bf220e48-d6ce-49f3-a557-fc9d50d77ef3@group-F8ADE7488A15->a3975b4a-105c-4b9b-8142-24e206f1c3ba-AppendLogResponseHandler: Failed appendEntries: org.apache.ratis.thirdparty.io.grpc.StatusRuntimeException: UNAVAILABLE: io exception
2019-10-06 01:12:30,294 [grpc-default-executor-4] WARN  server.GrpcLogAppender (LogUtils.java:warn(134)) - bf220e48-d6ce-49f3-a557-fc9d50d77ef3@group-F8ADE7488A15->6e899f9a-39c7-4d88-8fee-651142b6bdd4-AppendLogResponseHandler: Failed appendEntries: org.apache.ratis.thirdparty.io.grpc.StatusRuntimeException: UNAVAILABLE: io exception
2019-10-06 01:12:30,296 [grpc-default-executor-1] INFO  impl.FollowerInfo (FollowerInfo.java:lambda$new$0(51)) - bf220e48-d6ce-49f3-a557-fc9d50d77ef3@group-F8ADE7488A15->a3975b4a-105c-4b9b-8142-24e206f1c3ba: nextIndex: updateUnconditionally 0 -> 0
2019-10-06 01:12:30,296 [grpc-default-executor-4] INFO  impl.FollowerInfo (FollowerInfo.java:lambda$new$0(51)) - bf220e48-d6ce-49f3-a557-fc9d50d77ef3@group-F8ADE7488A15->6e899f9a-39c7-4d88-8fee-651142b6bdd4: nextIndex: updateUnconditionally 0 -> 0
2019-10-06 01:12:30,493 [main] WARN  scm.XceiverClientRatis (XceiverClientRatis.java:watchForCommit(292)) - 3 way commit failed on pipeline Pipeline[ Id: 39c24faf-7937-49d3-9817-f8ade7488a15, Nodes: a3975b4a-105c-4b9b-8142-24e206f1c3ba{ip: 192.168.30.55, host: pr-hdds-2233-w5czk-1584650955, networkLocation: /default-rack, certSerialId: null}6e899f9a-39c7-4d88-8fee-651142b6bdd4{ip: 192.168.30.55, host: pr-hdds-2233-w5czk-1584650955, networkLocation: /default-rack, certSerialId: null}bf220e48-d6ce-49f3-a557-fc9d50d77ef3{ip: 192.168.30.55, host: pr-hdds-2233-w5czk-1584650955, networkLocation: /default-rack, certSerialId: null}, Type:RATIS, Factor:THREE, State:OPEN]
java.util.concurrent.TimeoutException
	at java.util.concurrent.CompletableFuture.timedGet(CompletableFuture.java:1771)
	at java.util.concurrent.CompletableFuture.get(CompletableFuture.java:1915)
	at org.apache.hadoop.hdds.scm.XceiverClientRatis.watchForCommit(XceiverClientRatis.java:289)
	at org.apache.hadoop.ozone.client.rpc.TestWatchForCommit.testWatchForCommitForRetryfailure(TestWatchForCommit.java:345)
	at sun.reflect.NativeMethodAccessorImpl.invoke0(Native Method)
	at sun.reflect.NativeMethodAccessorImpl.invoke(NativeMethodAccessorImpl.java:62)
	at sun.reflect.DelegatingMethodAccessorImpl.invoke(DelegatingMethodAccessorImpl.java:43)
	at java.lang.reflect.Method.invoke(Method.java:498)
	at org.junit.runners.model.FrameworkMethod$1.runReflectiveCall(FrameworkMethod.java:47)
	at org.junit.internal.runners.model.ReflectiveCallable.run(ReflectiveCallable.java:12)
	at org.junit.runners.model.FrameworkMethod.invokeExplosively(FrameworkMethod.java:44)
	at org.junit.internal.runners.statements.InvokeMethod.evaluate(InvokeMethod.java:17)
	at org.junit.runners.ParentRunner.runLeaf(ParentRunner.java:271)
	at org.junit.runners.BlockJUnit4ClassRunner.runChild(BlockJUnit4ClassRunner.java:70)
	at org.junit.runners.BlockJUnit4ClassRunner.runChild(BlockJUnit4ClassRunner.java:50)
	at org.junit.runners.ParentRunner$3.run(ParentRunner.java:238)
	at org.junit.runners.ParentRunner$1.schedule(ParentRunner.java:63)
	at org.junit.runners.ParentRunner.runChildren(ParentRunner.java:236)
	at org.junit.runners.ParentRunner.access$000(ParentRunner.java:53)
	at org.junit.runners.ParentRunner$2.evaluate(ParentRunner.java:229)
	at org.junit.runners.ParentRunner.run(ParentRunner.java:309)
	at org.apache.maven.surefire.junit4.JUnit4Provider.execute(JUnit4Provider.java:365)
	at org.apache.maven.surefire.junit4.JUnit4Provider.executeWithRerun(JUnit4Provider.java:273)
	at org.apache.maven.surefire.junit4.JUnit4Provider.executeTestSet(JUnit4Provider.java:238)
	at org.apache.maven.surefire.junit4.JUnit4Provider.invoke(JUnit4Provider.java:159)
	at org.apache.maven.surefire.booter.ForkedBooter.invokeProviderInSameClassLoader(ForkedBooter.java:384)
	at org.apache.maven.surefire.booter.ForkedBooter.runSuitesInProcess(ForkedBooter.java:345)
	at org.apache.maven.surefire.booter.ForkedBooter.execute(ForkedBooter.java:126)
	at org.apache.maven.surefire.booter.ForkedBooter.main(ForkedBooter.java:418)
2019-10-06 01:12:30,566 [Thread-1591] INFO  client.GrpcClientProtocolService (GrpcClientProtocolService.java:lambda$processClientRequest$0(278)) - Failed RaftClientRequest:client-F0EBBCBA8D3B->bf220e48-d6ce-49f3-a557-fc9d50d77ef3@group-F8ADE7488A15, cid=67, seq=0, Watch-ALL_COMMITTED(77), Message:<EMPTY>, reply=RaftClientReply:client-F0EBBCBA8D3B->bf220e48-d6ce-49f3-a557-fc9d50d77ef3@group-F8ADE7488A15, cid=67, FAILED org.apache.ratis.protocol.NotReplicatedException: Request with call Id 67 and log index 77 is not yet replicated to ALL_COMMITTED, logIndex=77, commits[bf220e48-d6ce-49f3-a557-fc9d50d77ef3:c2, a3975b4a-105c-4b9b-8142-24e206f1c3ba:c2, 6e899f9a-39c7-4d88-8fee-651142b6bdd4:c2]
2019-10-06 01:12:32,799 [grpc-default-executor-4] WARN  server.GrpcLogAppender (LogUtils.java:warn(134)) - bf220e48-d6ce-49f3-a557-fc9d50d77ef3@group-F8ADE7488A15->a3975b4a-105c-4b9b-8142-24e206f1c3ba-AppendLogResponseHandler: Failed appendEntries: org.apache.ratis.thirdparty.io.grpc.StatusRuntimeException: UNAVAILABLE: io exception
2019-10-06 01:12:32,799 [grpc-default-executor-1] WARN  server.GrpcLogAppender (LogUtils.java:warn(134)) - bf220e48-d6ce-49f3-a557-fc9d50d77ef3@group-F8ADE7488A15->6e899f9a-39c7-4d88-8fee-651142b6bdd4-AppendLogResponseHandler: Failed appendEntries: org.apache.ratis.thirdparty.io.grpc.StatusRuntimeException: UNAVAILABLE: io exception
2019-10-06 01:12:32,807 [grpc-default-executor-4] INFO  impl.FollowerInfo (FollowerInfo.java:lambda$new$0(51)) - bf220e48-d6ce-49f3-a557-fc9d50d77ef3@group-F8ADE7488A15->a3975b4a-105c-4b9b-8142-24e206f1c3ba: nextIndex: updateUnconditionally 0 -> 0
2019-10-06 01:12:32,807 [grpc-default-executor-1] INFO  impl.FollowerInfo (FollowerInfo.java:lambda$new$0(51)) - bf220e48-d6ce-49f3-a557-fc9d50d77ef3@group-F8ADE7488A15->6e899f9a-39c7-4d88-8fee-651142b6bdd4: nextIndex: updateUnconditionally 0 -> 0
2019-10-06 01:12:35,301 [grpc-default-executor-4] WARN  server.GrpcLogAppender (LogUtils.java:warn(134)) - bf220e48-d6ce-49f3-a557-fc9d50d77ef3@group-F8ADE7488A15->6e899f9a-39c7-4d88-8fee-651142b6bdd4-AppendLogResponseHandler: Failed appendEntries: org.apache.ratis.thirdparty.io.grpc.StatusRuntimeException: UNAVAILABLE: io exception
2019-10-06 01:12:35,301 [grpc-default-executor-1] WARN  server.GrpcLogAppender (LogUtils.java:warn(134)) - bf220e48-d6ce-49f3-a557-fc9d50d77ef3@group-F8ADE7488A15->a3975b4a-105c-4b9b-8142-24e206f1c3ba-AppendLogResponseHandler: Failed appendEntries: org.apache.ratis.thirdparty.io.grpc.StatusRuntimeException: UNAVAILABLE: io exception
2019-10-06 01:12:35,302 [grpc-default-executor-4] INFO  impl.FollowerInfo (FollowerInfo.java:lambda$new$0(51)) - bf220e48-d6ce-49f3-a557-fc9d50d77ef3@group-F8ADE7488A15->6e899f9a-39c7-4d88-8fee-651142b6bdd4: nextIndex: updateUnconditionally 0 -> 0
2019-10-06 01:12:35,302 [grpc-default-executor-1] INFO  impl.FollowerInfo (FollowerInfo.java:lambda$new$0(51)) - bf220e48-d6ce-49f3-a557-fc9d50d77ef3@group-F8ADE7488A15->a3975b4a-105c-4b9b-8142-24e206f1c3ba: nextIndex: updateUnconditionally 0 -> 0
2019-10-06 01:12:37,802 [grpc-default-executor-4] WARN  server.GrpcLogAppender (LogUtils.java:warn(134)) - bf220e48-d6ce-49f3-a557-fc9d50d77ef3@group-F8ADE7488A15->6e899f9a-39c7-4d88-8fee-651142b6bdd4-AppendLogResponseHandler: Failed appendEntries: org.apache.ratis.thirdparty.io.grpc.StatusRuntimeException: UNAVAILABLE: io exception
2019-10-06 01:12:37,802 [grpc-default-executor-1] WARN  server.GrpcLogAppender (LogUtils.java:warn(134)) - bf220e48-d6ce-49f3-a557-fc9d50d77ef3@group-F8ADE7488A15->a3975b4a-105c-4b9b-8142-24e206f1c3ba-AppendLogResponseHandler: Failed appendEntries: org.apache.ratis.thirdparty.io.grpc.StatusRuntimeException: UNAVAILABLE: io exception
2019-10-06 01:12:37,803 [grpc-default-executor-4] INFO  impl.FollowerInfo (FollowerInfo.java:lambda$new$0(51)) - bf220e48-d6ce-49f3-a557-fc9d50d77ef3@group-F8ADE7488A15->6e899f9a-39c7-4d88-8fee-651142b6bdd4: nextIndex: updateUnconditionally 0 -> 0
2019-10-06 01:12:37,803 [grpc-default-executor-1] INFO  impl.FollowerInfo (FollowerInfo.java:lambda$new$0(51)) - bf220e48-d6ce-49f3-a557-fc9d50d77ef3@group-F8ADE7488A15->a3975b4a-105c-4b9b-8142-24e206f1c3ba: nextIndex: updateUnconditionally 0 -> 0
2019-10-06 01:12:40,305 [grpc-default-executor-4] WARN  server.GrpcLogAppender (LogUtils.java:warn(134)) - bf220e48-d6ce-49f3-a557-fc9d50d77ef3@group-F8ADE7488A15->a3975b4a-105c-4b9b-8142-24e206f1c3ba-AppendLogResponseHandler: Failed appendEntries: org.apache.ratis.thirdparty.io.grpc.StatusRuntimeException: UNAVAILABLE: io exception
2019-10-06 01:12:40,305 [grpc-default-executor-1] WARN  server.GrpcLogAppender (LogUtils.java:warn(134)) - bf220e48-d6ce-49f3-a557-fc9d50d77ef3@group-F8ADE7488A15->6e899f9a-39c7-4d88-8fee-651142b6bdd4-AppendLogResponseHandler: Failed appendEntries: org.apache.ratis.thirdparty.io.grpc.StatusRuntimeException: UNAVAILABLE: io exception
2019-10-06 01:12:40,306 [grpc-default-executor-1] INFO  impl.FollowerInfo (FollowerInfo.java:lambda$new$0(51)) - bf220e48-d6ce-49f3-a557-fc9d50d77ef3@group-F8ADE7488A15->6e899f9a-39c7-4d88-8fee-651142b6bdd4: nextIndex: updateUnconditionally 0 -> 0
2019-10-06 01:12:40,306 [grpc-default-executor-4] INFO  impl.FollowerInfo (FollowerInfo.java:lambda$new$0(51)) - bf220e48-d6ce-49f3-a557-fc9d50d77ef3@group-F8ADE7488A15->a3975b4a-105c-4b9b-8142-24e206f1c3ba: nextIndex: updateUnconditionally 0 -> 0
2019-10-06 01:12:40,563 [Thread-1608] INFO  client.GrpcClientProtocolService (GrpcClientProtocolService.java:lambda$processClientRequest$0(278)) - Failed RaftClientRequest:client-F0EBBCBA8D3B->bf220e48-d6ce-49f3-a557-fc9d50d77ef3@group-F8ADE7488A15, cid=68, seq=0, Watch-MAJORITY_COMMITTED(77), Message:<EMPTY>, reply=RaftClientReply:client-F0EBBCBA8D3B->bf220e48-d6ce-49f3-a557-fc9d50d77ef3@group-F8ADE7488A15, cid=68, FAILED org.apache.ratis.protocol.NotReplicatedException: Request with call Id 68 and log index 77 is not yet replicated to MAJORITY_COMMITTED, logIndex=77, commits[bf220e48-d6ce-49f3-a557-fc9d50d77ef3:c2, a3975b4a-105c-4b9b-8142-24e206f1c3ba:c2, 6e899f9a-39c7-4d88-8fee-651142b6bdd4:c2]
2019-10-06 01:12:41,563 [Thread-1610] INFO  client.GrpcClientProtocolService (GrpcClientProtocolService.java:lambda$processClientRequest$0(278)) - Failed RaftClientRequest:client-F0EBBCBA8D3B->bf220e48-d6ce-49f3-a557-fc9d50d77ef3@group-F8ADE7488A15, cid=67, seq=0, Watch-ALL_COMMITTED(77), Message:<EMPTY>, reply=RaftClientReply:client-F0EBBCBA8D3B->bf220e48-d6ce-49f3-a557-fc9d50d77ef3@group-F8ADE7488A15, cid=67, FAILED org.apache.ratis.protocol.NotReplicatedException: Request with call Id 67 and log index 77 is not yet replicated to ALL_COMMITTED, logIndex=77, commits[bf220e48-d6ce-49f3-a557-fc9d50d77ef3:c2, a3975b4a-105c-4b9b-8142-24e206f1c3ba:c2, 6e899f9a-39c7-4d88-8fee-651142b6bdd4:c2]
2019-10-06 01:12:42,809 [grpc-default-executor-1] WARN  server.GrpcLogAppender (LogUtils.java:warn(134)) - bf220e48-d6ce-49f3-a557-fc9d50d77ef3@group-F8ADE7488A15->a3975b4a-105c-4b9b-8142-24e206f1c3ba-AppendLogResponseHandler: Failed appendEntries: org.apache.ratis.thirdparty.io.grpc.StatusRuntimeException: UNAVAILABLE: io exception
2019-10-06 01:12:42,809 [grpc-default-executor-4] WARN  server.GrpcLogAppender (LogUtils.java:warn(134)) - bf220e48-d6ce-49f3-a557-fc9d50d77ef3@group-F8ADE7488A15->6e899f9a-39c7-4d88-8fee-651142b6bdd4-AppendLogResponseHandler: Failed appendEntries: org.apache.ratis.thirdparty.io.grpc.StatusRuntimeException: UNAVAILABLE: io exception
2019-10-06 01:12:42,815 [grpc-default-executor-4] INFO  impl.FollowerInfo (FollowerInfo.java:lambda$new$0(51)) - bf220e48-d6ce-49f3-a557-fc9d50d77ef3@group-F8ADE7488A15->6e899f9a-39c7-4d88-8fee-651142b6bdd4: nextIndex: updateUnconditionally 0 -> 0
2019-10-06 01:12:42,815 [grpc-default-executor-1] INFO  impl.FollowerInfo (FollowerInfo.java:lambda$new$0(51)) - bf220e48-d6ce-49f3-a557-fc9d50d77ef3@group-F8ADE7488A15->a3975b4a-105c-4b9b-8142-24e206f1c3ba: nextIndex: updateUnconditionally 0 -> 0
2019-10-06 01:12:45,310 [grpc-default-executor-4] WARN  server.GrpcLogAppender (LogUtils.java:warn(134)) - bf220e48-d6ce-49f3-a557-fc9d50d77ef3@group-F8ADE7488A15->6e899f9a-39c7-4d88-8fee-651142b6bdd4-AppendLogResponseHandler: Failed appendEntries: org.apache.ratis.thirdparty.io.grpc.StatusRuntimeException: UNAVAILABLE: io exception
2019-10-06 01:12:45,310 [grpc-default-executor-1] WARN  server.GrpcLogAppender (LogUtils.java:warn(134)) - bf220e48-d6ce-49f3-a557-fc9d50d77ef3@group-F8ADE7488A15->a3975b4a-105c-4b9b-8142-24e206f1c3ba-AppendLogResponseHandler: Failed appendEntries: org.apache.ratis.thirdparty.io.grpc.StatusRuntimeException: UNAVAILABLE: io exception
2019-10-06 01:12:45,312 [grpc-default-executor-4] INFO  impl.FollowerInfo (FollowerInfo.java:lambda$new$0(51)) - bf220e48-d6ce-49f3-a557-fc9d50d77ef3@group-F8ADE7488A15->6e899f9a-39c7-4d88-8fee-651142b6bdd4: nextIndex: updateUnconditionally 0 -> 0
2019-10-06 01:12:45,312 [grpc-default-executor-1] INFO  impl.FollowerInfo (FollowerInfo.java:lambda$new$0(51)) - bf220e48-d6ce-49f3-a557-fc9d50d77ef3@group-F8ADE7488A15->a3975b4a-105c-4b9b-8142-24e206f1c3ba: nextIndex: updateUnconditionally 0 -> 0
2019-10-06 01:12:47,812 [grpc-default-executor-4] WARN  server.GrpcLogAppender (LogUtils.java:warn(134)) - bf220e48-d6ce-49f3-a557-fc9d50d77ef3@group-F8ADE7488A15->a3975b4a-105c-4b9b-8142-24e206f1c3ba-AppendLogResponseHandler: Failed appendEntries: org.apache.ratis.thirdparty.io.grpc.StatusRuntimeException: UNAVAILABLE: io exception
2019-10-06 01:12:47,812 [grpc-default-executor-1] WARN  server.GrpcLogAppender (LogUtils.java:warn(134)) - bf220e48-d6ce-49f3-a557-fc9d50d77ef3@group-F8ADE7488A15->6e899f9a-39c7-4d88-8fee-651142b6bdd4-AppendLogResponseHandler: Failed appendEntries: org.apache.ratis.thirdparty.io.grpc.StatusRuntimeException: UNAVAILABLE: io exception
2019-10-06 01:12:47,813 [grpc-default-executor-1] INFO  impl.FollowerInfo (FollowerInfo.java:lambda$new$0(51)) - bf220e48-d6ce-49f3-a557-fc9d50d77ef3@group-F8ADE7488A15->6e899f9a-39c7-4d88-8fee-651142b6bdd4: nextIndex: updateUnconditionally 0 -> 0
2019-10-06 01:12:47,813 [grpc-default-executor-4] INFO  impl.FollowerInfo (FollowerInfo.java:lambda$new$0(51)) - bf220e48-d6ce-49f3-a557-fc9d50d77ef3@group-F8ADE7488A15->a3975b4a-105c-4b9b-8142-24e206f1c3ba: nextIndex: updateUnconditionally 0 -> 0
2019-10-06 01:12:50,316 [grpc-default-executor-4] WARN  server.GrpcLogAppender (LogUtils.java:warn(134)) - bf220e48-d6ce-49f3-a557-fc9d50d77ef3@group-F8ADE7488A15->a3975b4a-105c-4b9b-8142-24e206f1c3ba-AppendLogResponseHandler: Failed appendEntries: org.apache.ratis.thirdparty.io.grpc.StatusRuntimeException: UNAVAILABLE: io exception
2019-10-06 01:12:50,316 [grpc-default-executor-1] WARN  server.GrpcLogAppender (LogUtils.java:warn(134)) - bf220e48-d6ce-49f3-a557-fc9d50d77ef3@group-F8ADE7488A15->6e899f9a-39c7-4d88-8fee-651142b6bdd4-AppendLogResponseHandler: Failed appendEntries: org.apache.ratis.thirdparty.io.grpc.StatusRuntimeException: UNAVAILABLE: io exception
2019-10-06 01:12:50,317 [grpc-default-executor-1] INFO  impl.FollowerInfo (FollowerInfo.java:lambda$new$0(51)) - bf220e48-d6ce-49f3-a557-fc9d50d77ef3@group-F8ADE7488A15->6e899f9a-39c7-4d88-8fee-651142b6bdd4: nextIndex: updateUnconditionally 0 -> 0
2019-10-06 01:12:50,317 [grpc-default-executor-4] INFO  impl.FollowerInfo (FollowerInfo.java:lambda$new$0(51)) - bf220e48-d6ce-49f3-a557-fc9d50d77ef3@group-F8ADE7488A15->a3975b4a-105c-4b9b-8142-24e206f1c3ba: nextIndex: updateUnconditionally 0 -> 0
]]></system-out>
    <system-err><![CDATA[Oct 06, 2019 1:12:05 AM org.apache.ratis.thirdparty.io.grpc.internal.SerializingExecutor run
SEVERE: Exception while executing runnable org.apache.ratis.thirdparty.io.grpc.internal.ServerImpl$JumpToApplicationThreadServerStreamListener$1Closed@2718f48a
org.apache.ratis.thirdparty.io.grpc.StatusRuntimeException: CANCELLED: call already cancelled
	at org.apache.ratis.thirdparty.io.grpc.Status.asRuntimeException(Status.java:517)
	at org.apache.ratis.thirdparty.io.grpc.stub.ServerCalls$ServerCallStreamObserverImpl.onCompleted(ServerCalls.java:356)
	at org.apache.ratis.grpc.server.GrpcServerProtocolService$ServerRequestStreamObserver.onError(GrpcServerProtocolService.java:121)
	at org.apache.ratis.thirdparty.io.grpc.stub.ServerCalls$StreamingServerCallHandler$StreamingServerCallListener.onCancel(ServerCalls.java:269)
	at org.apache.ratis.thirdparty.io.grpc.internal.ServerCallImpl$ServerStreamListenerImpl.closed(ServerCallImpl.java:293)
	at org.apache.ratis.thirdparty.io.grpc.internal.ServerImpl$JumpToApplicationThreadServerStreamListener$1Closed.runInContext(ServerImpl.java:741)
	at org.apache.ratis.thirdparty.io.grpc.internal.ContextRunnable.run(ContextRunnable.java:37)
	at org.apache.ratis.thirdparty.io.grpc.internal.SerializingExecutor.run(SerializingExecutor.java:123)
	at java.util.concurrent.ThreadPoolExecutor.runWorker(ThreadPoolExecutor.java:1149)
	at java.util.concurrent.ThreadPoolExecutor$Worker.run(ThreadPoolExecutor.java:624)
	at java.lang.Thread.run(Thread.java:748)

Oct 06, 2019 1:12:10 AM org.apache.ratis.thirdparty.io.grpc.internal.SerializingExecutor run
SEVERE: Exception while executing runnable org.apache.ratis.thirdparty.io.grpc.internal.ServerImpl$JumpToApplicationThreadServerStreamListener$1Closed@61ead4da
org.apache.ratis.thirdparty.io.grpc.StatusRuntimeException: CANCELLED: call already cancelled
	at org.apache.ratis.thirdparty.io.grpc.Status.asRuntimeException(Status.java:517)
	at org.apache.ratis.thirdparty.io.grpc.stub.ServerCalls$ServerCallStreamObserverImpl.onCompleted(ServerCalls.java:356)
	at org.apache.ratis.grpc.server.GrpcServerProtocolService$ServerRequestStreamObserver.onError(GrpcServerProtocolService.java:121)
	at org.apache.ratis.thirdparty.io.grpc.stub.ServerCalls$StreamingServerCallHandler$StreamingServerCallListener.onCancel(ServerCalls.java:269)
	at org.apache.ratis.thirdparty.io.grpc.internal.ServerCallImpl$ServerStreamListenerImpl.closed(ServerCallImpl.java:293)
	at org.apache.ratis.thirdparty.io.grpc.internal.ServerImpl$JumpToApplicationThreadServerStreamListener$1Closed.runInContext(ServerImpl.java:741)
	at org.apache.ratis.thirdparty.io.grpc.internal.ContextRunnable.run(ContextRunnable.java:37)
	at org.apache.ratis.thirdparty.io.grpc.internal.SerializingExecutor.run(SerializingExecutor.java:123)
	at java.util.concurrent.ThreadPoolExecutor.runWorker(ThreadPoolExecutor.java:1149)
	at java.util.concurrent.ThreadPoolExecutor$Worker.run(ThreadPoolExecutor.java:624)
	at java.lang.Thread.run(Thread.java:748)

]]></system-err>
  </testcase>
  <testcase name="testWatchForCommitForGroupMismatchException" classname="org.apache.hadoop.ozone.client.rpc.TestWatchForCommit" time="32.426"/>
  <testcase name="test2WayCommitForTimeoutException" classname="org.apache.hadoop.ozone.client.rpc.TestWatchForCommit" time="23.002">
    <error type="java.util.concurrent.TimeoutException">java.util.concurrent.TimeoutException
	at java.util.concurrent.CompletableFuture.timedGet(CompletableFuture.java:1771)
	at java.util.concurrent.CompletableFuture.get(CompletableFuture.java:1915)
	at org.apache.hadoop.hdds.scm.XceiverClientRatis.watchForCommit(XceiverClientRatis.java:298)
	at org.apache.hadoop.ozone.client.rpc.TestWatchForCommit.test2WayCommitForTimeoutException(TestWatchForCommit.java:391)
	at sun.reflect.NativeMethodAccessorImpl.invoke0(Native Method)
	at sun.reflect.NativeMethodAccessorImpl.invoke(NativeMethodAccessorImpl.java:62)
	at sun.reflect.DelegatingMethodAccessorImpl.invoke(DelegatingMethodAccessorImpl.java:43)
	at java.lang.reflect.Method.invoke(Method.java:498)
	at org.junit.runners.model.FrameworkMethod$1.runReflectiveCall(FrameworkMethod.java:47)
	at org.junit.internal.runners.model.ReflectiveCallable.run(ReflectiveCallable.java:12)
	at org.junit.runners.model.FrameworkMethod.invokeExplosively(FrameworkMethod.java:44)
	at org.junit.internal.runners.statements.InvokeMethod.evaluate(InvokeMethod.java:17)
	at org.junit.runners.ParentRunner.runLeaf(ParentRunner.java:271)
	at org.junit.runners.BlockJUnit4ClassRunner.runChild(BlockJUnit4ClassRunner.java:70)
	at org.junit.runners.BlockJUnit4ClassRunner.runChild(BlockJUnit4ClassRunner.java:50)
	at org.junit.runners.ParentRunner$3.run(ParentRunner.java:238)
	at org.junit.runners.ParentRunner$1.schedule(ParentRunner.java:63)
	at org.junit.runners.ParentRunner.runChildren(ParentRunner.java:236)
	at org.junit.runners.ParentRunner.access$000(ParentRunner.java:53)
	at org.junit.runners.ParentRunner$2.evaluate(ParentRunner.java:229)
	at org.junit.runners.ParentRunner.run(ParentRunner.java:309)
	at org.apache.maven.surefire.junit4.JUnit4Provider.execute(JUnit4Provider.java:365)
	at org.apache.maven.surefire.junit4.JUnit4Provider.executeWithRerun(JUnit4Provider.java:273)
	at org.apache.maven.surefire.junit4.JUnit4Provider.executeTestSet(JUnit4Provider.java:238)
	at org.apache.maven.surefire.junit4.JUnit4Provider.invoke(JUnit4Provider.java:159)
	at org.apache.maven.surefire.booter.ForkedBooter.invokeProviderInSameClassLoader(ForkedBooter.java:384)
	at org.apache.maven.surefire.booter.ForkedBooter.runSuitesInProcess(ForkedBooter.java:345)
	at org.apache.maven.surefire.booter.ForkedBooter.execute(ForkedBooter.java:126)
	at org.apache.maven.surefire.booter.ForkedBooter.main(ForkedBooter.java:418)
</error>
    <system-out><![CDATA[2019-10-06 01:13:22,967 [main] WARN  server.ServerUtils (ServerUtils.java:getScmDbDir(145)) - ozone.scm.db.dirs is not configured. We recommend adding this setting. Falling back to ozone.metadata.dirs instead.
2019-10-06 01:13:22,983 [main] WARN  server.ServerUtils (ServerUtils.java:getScmDbDir(145)) - ozone.scm.db.dirs is not configured. We recommend adding this setting. Falling back to ozone.metadata.dirs instead.
2019-10-06 01:13:22,983 [main] WARN  server.ServerUtils (ServerUtils.java:getScmDbDir(145)) - ozone.scm.db.dirs is not configured. We recommend adding this setting. Falling back to ozone.metadata.dirs instead.
2019-10-06 01:13:22,984 [main] INFO  db.DBStoreBuilder (DBStoreBuilder.java:addTable(117)) - using custom profile for table: deletedBlocks
2019-10-06 01:13:22,984 [main] INFO  db.DBStoreBuilder (DBStoreBuilder.java:processTables(168)) - Using default column profile:DBProfile.DISK for Table:deletedBlocks
2019-10-06 01:13:22,984 [main] INFO  db.DBStoreBuilder (DBStoreBuilder.java:addTable(117)) - using custom profile for table: validCerts
2019-10-06 01:13:22,985 [main] INFO  db.DBStoreBuilder (DBStoreBuilder.java:processTables(168)) - Using default column profile:DBProfile.DISK for Table:validCerts
2019-10-06 01:13:22,985 [main] INFO  db.DBStoreBuilder (DBStoreBuilder.java:addTable(117)) - using custom profile for table: revokedCerts
2019-10-06 01:13:22,985 [main] INFO  db.DBStoreBuilder (DBStoreBuilder.java:processTables(168)) - Using default column profile:DBProfile.DISK for Table:revokedCerts
2019-10-06 01:13:22,985 [main] INFO  db.DBStoreBuilder (DBStoreBuilder.java:addTable(117)) - using custom profile for table: default
2019-10-06 01:13:22,986 [main] INFO  db.DBStoreBuilder (DBStoreBuilder.java:processTables(174)) - Using default column profile:DBProfile.DISK for Table:default
2019-10-06 01:13:22,986 [main] INFO  db.DBStoreBuilder (DBStoreBuilder.java:getDbProfile(205)) - Using default options. DBProfile.DISK
2019-10-06 01:13:23,147 [main] INFO  net.NodeSchemaLoader (NodeSchemaLoader.java:loadSchemaFromFile(125)) - Loading file from sun.misc.CompoundEnumeration@10f405ff
2019-10-06 01:13:23,147 [main] INFO  net.NodeSchemaLoader (NodeSchemaLoader.java:loadSchema(171)) - Loading network topology layer schema file
2019-10-06 01:13:23,153 [main] WARN  server.ServerUtils (ServerUtils.java:sanitizeUserArgs(70)) - ozone.scm.stale.node.interval value = 300000 is larger than max = 100000 based on the key value of ozone.scm.heartbeat.thread.interval, reset to the max value 100000.
2019-10-06 01:13:23,153 [main] WARN  server.ServerUtils (ServerUtils.java:sanitizeUserArgs(70)) - ozone.scm.stale.node.interval value = 300000 is larger than max = 100000 based on the key value of ozone.scm.heartbeat.thread.interval, reset to the max value 100000.
2019-10-06 01:13:23,154 [main] INFO  node.SCMNodeManager (SCMNodeManager.java:<init>(114)) - Entering startup safe mode.
2019-10-06 01:13:23,154 [main] INFO  algorithms.ContainerPlacementPolicyFactory (ContainerPlacementPolicyFactory.java:getPolicy(57)) - Create container placement policy of type org.apache.hadoop.hdds.scm.container.placement.algorithms.SCMContainerPlacementRandom
2019-10-06 01:13:23,155 [main] WARN  server.ServerUtils (ServerUtils.java:getScmDbDir(145)) - ozone.scm.db.dirs is not configured. We recommend adding this setting. Falling back to ozone.metadata.dirs instead.
2019-10-06 01:13:23,206 [main] INFO  pipeline.SCMPipelineManager (SCMPipelineManager.java:initializePipelineState(132)) - No pipeline exists in current db
2019-10-06 01:13:23,206 [main] WARN  server.ServerUtils (ServerUtils.java:getScmDbDir(145)) - ozone.scm.db.dirs is not configured. We recommend adding this setting. Falling back to ozone.metadata.dirs instead.
2019-10-06 01:13:23,258 [main] WARN  events.EventQueue (EventQueue.java:fireEvent(183)) - No event handler registered for event TypedEvent{payloadType=SafeModeStatus, name='SafeModeStatus'}
2019-10-06 01:13:23,259 [main] INFO  ipc.CallQueueManager (CallQueueManager.java:<init>(84)) - Using callQueue: class java.util.concurrent.LinkedBlockingQueue, queueCapacity: 2000, scheduler: class org.apache.hadoop.ipc.DefaultRpcScheduler, ipcBackoff: false.
2019-10-06 01:13:23,261 [Socket Reader #1 for port 34373] INFO  ipc.Server (Server.java:run(1074)) - Starting Socket Reader #1 for port 34373
2019-10-06 01:13:23,265 [main] INFO  ipc.CallQueueManager (CallQueueManager.java:<init>(84)) - Using callQueue: class java.util.concurrent.LinkedBlockingQueue, queueCapacity: 2000, scheduler: class org.apache.hadoop.ipc.DefaultRpcScheduler, ipcBackoff: false.
2019-10-06 01:13:23,266 [Socket Reader #1 for port 36396] INFO  ipc.Server (Server.java:run(1074)) - Starting Socket Reader #1 for port 36396
2019-10-06 01:13:23,269 [main] INFO  ipc.CallQueueManager (CallQueueManager.java:<init>(84)) - Using callQueue: class java.util.concurrent.LinkedBlockingQueue, queueCapacity: 2000, scheduler: class org.apache.hadoop.ipc.DefaultRpcScheduler, ipcBackoff: false.
2019-10-06 01:13:23,270 [Socket Reader #1 for port 37793] INFO  ipc.Server (Server.java:run(1074)) - Starting Socket Reader #1 for port 37793
2019-10-06 01:13:23,278 [main] INFO  hdfs.DFSUtil (DFSUtil.java:httpServerTemplateForNNAndJN(1641)) - Starting Web-server for scm at: http://0.0.0.0:0
2019-10-06 01:13:23,281 [main] INFO  server.AuthenticationFilter (AuthenticationFilter.java:constructSecretProvider(240)) - Unable to initialize FileSignerSecretProvider, falling back to use random secrets.
2019-10-06 01:13:23,282 [main] WARN  http.HttpRequestLog (HttpRequestLog.java:getRequestLog(97)) - Jetty request log can only be enabled using Log4j
2019-10-06 01:13:23,286 [main] INFO  http.HttpServer2 (HttpServer2.java:addGlobalFilter(975)) - Added global filter 'safety' (class=org.apache.hadoop.http.HttpServer2$QuotingInputFilter)
2019-10-06 01:13:23,287 [main] INFO  http.HttpServer2 (HttpServer2.java:addFilter(948)) - Added filter static_user_filter (class=org.apache.hadoop.http.lib.StaticUserWebFilter$StaticUserFilter) to context scm
2019-10-06 01:13:23,287 [main] INFO  http.HttpServer2 (HttpServer2.java:addFilter(958)) - Added filter static_user_filter (class=org.apache.hadoop.http.lib.StaticUserWebFilter$StaticUserFilter) to context static
2019-10-06 01:13:23,287 [main] INFO  http.HttpServer2 (HttpServer2.java:addFilter(958)) - Added filter static_user_filter (class=org.apache.hadoop.http.lib.StaticUserWebFilter$StaticUserFilter) to context logs
2019-10-06 01:13:23,291 [main] INFO  server.StorageContainerManager (StorageContainerManager.java:start(770)) - StorageContainerLocationProtocol RPC server is listening at /0.0.0.0:37793
2019-10-06 01:13:23,294 [main] WARN  impl.MetricsConfig (MetricsConfig.java:loadFirst(134)) - Cannot locate configuration: tried hadoop-metrics2-storagecontainermanager.properties,hadoop-metrics2.properties
2019-10-06 01:13:23,295 [main] INFO  impl.MetricsSystemImpl (MetricsSystemImpl.java:startTimer(374)) - Scheduled Metric snapshot period at 10 second(s).
2019-10-06 01:13:23,295 [main] INFO  impl.MetricsSystemImpl (MetricsSystemImpl.java:start(191)) - StorageContainerManager metrics system started
2019-10-06 01:13:23,619 [main] WARN  impl.MetricsSystemImpl (MetricsSystemImpl.java:register(276)) - Sink prometheus already exists!
2019-10-06 01:13:23,911 [main] INFO  server.SCMClientProtocolServer (SCMClientProtocolServer.java:start(159)) - RPC server for Client  is listening at /0.0.0.0:37793
2019-10-06 01:13:23,911 [IPC Server Responder] INFO  ipc.Server (Server.java:run(1314)) - IPC Server Responder: starting
2019-10-06 01:13:23,911 [IPC Server listener on 37793] INFO  ipc.Server (Server.java:run(1153)) - IPC Server listener on 37793: starting
2019-10-06 01:13:23,928 [main] INFO  server.StorageContainerManager (StorageContainerManager.java:start(780)) - ScmBlockLocationProtocol RPC server is listening at /0.0.0.0:36396
2019-10-06 01:13:23,928 [main] INFO  server.SCMBlockProtocolServer (SCMBlockProtocolServer.java:start(146)) - RPC server for Block Protocol is listening at /0.0.0.0:36396
2019-10-06 01:13:23,928 [IPC Server Responder] INFO  ipc.Server (Server.java:run(1314)) - IPC Server Responder: starting
2019-10-06 01:13:23,931 [IPC Server listener on 36396] INFO  ipc.Server (Server.java:run(1153)) - IPC Server listener on 36396: starting
2019-10-06 01:13:23,935 [main] INFO  server.StorageContainerManager (StorageContainerManager.java:start(784)) - ScmDatanodeProtocl RPC server is listening at /0.0.0.0:34373
2019-10-06 01:13:23,935 [main] INFO  server.SCMDatanodeProtocolServer (SCMDatanodeProtocolServer.java:start(169)) - RPC server for DataNodes is listening at /0.0.0.0:34373
2019-10-06 01:13:23,936 [IPC Server Responder] INFO  ipc.Server (Server.java:run(1314)) - IPC Server Responder: starting
2019-10-06 01:13:23,936 [IPC Server listener on 34373] INFO  ipc.Server (Server.java:run(1153)) - IPC Server listener on 34373: starting
2019-10-06 01:13:23,943 [main] INFO  http.HttpServer2 (HttpServer2.java:bindListener(1191)) - Jetty bound to port 39999
2019-10-06 01:13:23,943 [main] INFO  server.Server (Server.java:doStart(351)) - jetty-9.3.25.v20180904, build timestamp: 2018-09-04T21:11:46Z, git hash: 3ce520221d0240229c862b122d2b06c12a625732
2019-10-06 01:13:23,945 [main] INFO  handler.ContextHandler (ContextHandler.java:doStart(781)) - Started o.e.j.s.ServletContextHandler@689faf79{/logs,file:///workdir/hadoop-ozone/integration-test/target/log,AVAILABLE}
2019-10-06 01:13:23,945 [main] INFO  handler.ContextHandler (ContextHandler.java:doStart(781)) - Started o.e.j.s.ServletContextHandler@7a31ca20{/static,file:///workdir/hadoop-ozone/integration-test/target/test-classes/webapps/static,AVAILABLE}
2019-10-06 01:13:23,950 [main] INFO  handler.ContextHandler (ContextHandler.java:doStart(781)) - Started o.e.j.w.WebAppContext@51ba952e{/,file:///workdir/hadoop-ozone/integration-test/target/test-classes/webapps/scm/,AVAILABLE}{/scm}
2019-10-06 01:13:23,951 [main] INFO  server.AbstractConnector (AbstractConnector.java:doStart(278)) - Started ServerConnector@2416c658{HTTP/1.1,[http/1.1]}{0.0.0.0:39999}
2019-10-06 01:13:23,954 [main] INFO  server.Server (Server.java:doStart(419)) - Started @224237ms
2019-10-06 01:13:23,954 [main] WARN  impl.MetricsSystemImpl (MetricsSystemImpl.java:register(276)) - Sink prometheus already exists!
2019-10-06 01:13:23,955 [main] INFO  server.BaseHttpServer (BaseHttpServer.java:updateConnectorAddress(215)) - HTTP server of SCM is listening at http://0.0.0.0:39999
2019-10-06 01:13:23,956 [main] WARN  server.ServerUtils (ServerUtils.java:getDBPath(222)) - ozone.om.db.dirs is not configured. We recommend adding this setting. Falling back to ozone.metadata.dirs instead.
2019-10-06 01:13:23,959 [org.apache.hadoop.util.JvmPauseMonitor$Monitor@1e40fbb3] INFO  util.JvmPauseMonitor (JvmPauseMonitor.java:run(188)) - Starting JVM pause monitor
2019-10-06 01:13:23,973 [main] INFO  ha.OMHANodeDetails (OMHANodeDetails.java:loadOMHAConfig(190)) - Configuration either no ozone.om.address set. Falling back to the default OM address /127.0.0.1:0
2019-10-06 01:13:23,973 [main] INFO  ha.OMHANodeDetails (OMHANodeDetails.java:getOMNodeDetails(220)) - OM Service ID is not set. Setting it to the default ID: omServiceIdDefault
2019-10-06 01:13:23,973 [main] WARN  server.ServerUtils (ServerUtils.java:getDBPath(222)) - ozone.om.db.dirs is not configured. We recommend adding this setting. Falling back to ozone.metadata.dirs instead.
2019-10-06 01:13:23,974 [main] WARN  server.ServerUtils (ServerUtils.java:getDBPath(222)) - ozone.om.db.dirs is not configured. We recommend adding this setting. Falling back to ozone.metadata.dirs instead.
2019-10-06 01:13:23,984 [main] WARN  server.ServerUtils (ServerUtils.java:getDBPath(222)) - ozone.om.db.dirs is not configured. We recommend adding this setting. Falling back to ozone.metadata.dirs instead.
2019-10-06 01:13:23,985 [main] INFO  db.DBStoreBuilder (DBStoreBuilder.java:addTable(117)) - using custom profile for table: userTable
2019-10-06 01:13:23,985 [main] INFO  db.DBStoreBuilder (DBStoreBuilder.java:processTables(168)) - Using default column profile:DBProfile.DISK for Table:userTable
2019-10-06 01:13:23,985 [main] INFO  db.DBStoreBuilder (DBStoreBuilder.java:addTable(117)) - using custom profile for table: volumeTable
2019-10-06 01:13:23,985 [main] INFO  db.DBStoreBuilder (DBStoreBuilder.java:processTables(168)) - Using default column profile:DBProfile.DISK for Table:volumeTable
2019-10-06 01:13:23,986 [main] INFO  db.DBStoreBuilder (DBStoreBuilder.java:addTable(117)) - using custom profile for table: bucketTable
2019-10-06 01:13:23,986 [main] INFO  db.DBStoreBuilder (DBStoreBuilder.java:processTables(168)) - Using default column profile:DBProfile.DISK for Table:bucketTable
2019-10-06 01:13:23,986 [main] INFO  db.DBStoreBuilder (DBStoreBuilder.java:addTable(117)) - using custom profile for table: keyTable
2019-10-06 01:13:23,986 [main] INFO  db.DBStoreBuilder (DBStoreBuilder.java:processTables(168)) - Using default column profile:DBProfile.DISK for Table:keyTable
2019-10-06 01:13:23,987 [main] INFO  db.DBStoreBuilder (DBStoreBuilder.java:addTable(117)) - using custom profile for table: deletedTable
2019-10-06 01:13:23,987 [main] INFO  db.DBStoreBuilder (DBStoreBuilder.java:processTables(168)) - Using default column profile:DBProfile.DISK for Table:deletedTable
2019-10-06 01:13:23,987 [main] INFO  db.DBStoreBuilder (DBStoreBuilder.java:addTable(117)) - using custom profile for table: openKeyTable
2019-10-06 01:13:23,987 [main] INFO  db.DBStoreBuilder (DBStoreBuilder.java:processTables(168)) - Using default column profile:DBProfile.DISK for Table:openKeyTable
2019-10-06 01:13:23,988 [main] INFO  db.DBStoreBuilder (DBStoreBuilder.java:addTable(117)) - using custom profile for table: s3Table
2019-10-06 01:13:23,988 [main] INFO  db.DBStoreBuilder (DBStoreBuilder.java:processTables(168)) - Using default column profile:DBProfile.DISK for Table:s3Table
2019-10-06 01:13:23,988 [main] INFO  db.DBStoreBuilder (DBStoreBuilder.java:addTable(117)) - using custom profile for table: multipartInfoTable
2019-10-06 01:13:23,988 [main] INFO  db.DBStoreBuilder (DBStoreBuilder.java:processTables(168)) - Using default column profile:DBProfile.DISK for Table:multipartInfoTable
2019-10-06 01:13:23,989 [main] INFO  db.DBStoreBuilder (DBStoreBuilder.java:addTable(117)) - using custom profile for table: dTokenTable
2019-10-06 01:13:23,989 [main] INFO  db.DBStoreBuilder (DBStoreBuilder.java:processTables(168)) - Using default column profile:DBProfile.DISK for Table:dTokenTable
2019-10-06 01:13:23,989 [main] INFO  db.DBStoreBuilder (DBStoreBuilder.java:addTable(117)) - using custom profile for table: s3SecretTable
2019-10-06 01:13:23,989 [main] INFO  db.DBStoreBuilder (DBStoreBuilder.java:processTables(168)) - Using default column profile:DBProfile.DISK for Table:s3SecretTable
2019-10-06 01:13:23,990 [main] INFO  db.DBStoreBuilder (DBStoreBuilder.java:addTable(117)) - using custom profile for table: prefixTable
2019-10-06 01:13:23,990 [main] INFO  db.DBStoreBuilder (DBStoreBuilder.java:processTables(168)) - Using default column profile:DBProfile.DISK for Table:prefixTable
2019-10-06 01:13:23,990 [main] INFO  db.DBStoreBuilder (DBStoreBuilder.java:addTable(117)) - using custom profile for table: default
2019-10-06 01:13:23,990 [main] INFO  db.DBStoreBuilder (DBStoreBuilder.java:processTables(174)) - Using default column profile:DBProfile.DISK for Table:default
2019-10-06 01:13:23,990 [main] INFO  db.DBStoreBuilder (DBStoreBuilder.java:getDbProfile(205)) - Using default options. DBProfile.DISK
2019-10-06 01:13:24,536 [main] INFO  ipc.CallQueueManager (CallQueueManager.java:<init>(84)) - Using callQueue: class java.util.concurrent.LinkedBlockingQueue, queueCapacity: 2000, scheduler: class org.apache.hadoop.ipc.DefaultRpcScheduler, ipcBackoff: false.
2019-10-06 01:13:24,537 [Socket Reader #1 for port 37790] INFO  ipc.Server (Server.java:run(1074)) - Starting Socket Reader #1 for port 37790
2019-10-06 01:13:24,561 [main] INFO  om.OzoneManager (OzoneManager.java:start(1069)) - OzoneManager RPC server is listening at localhost/127.0.0.1:37790
2019-10-06 01:13:24,561 [main] INFO  impl.MetricsSystemImpl (MetricsSystemImpl.java:init(158)) - OzoneManager metrics system started (again)
2019-10-06 01:13:24,563 [IPC Server Responder] INFO  ipc.Server (Server.java:run(1314)) - IPC Server Responder: starting
2019-10-06 01:13:24,563 [IPC Server listener on 37790] INFO  ipc.Server (Server.java:run(1153)) - IPC Server listener on 37790: starting
2019-10-06 01:13:24,572 [main] INFO  hdfs.DFSUtil (DFSUtil.java:httpServerTemplateForNNAndJN(1641)) - Starting Web-server for ozoneManager at: http://0.0.0.0:0
2019-10-06 01:13:24,574 [main] INFO  server.AuthenticationFilter (AuthenticationFilter.java:constructSecretProvider(240)) - Unable to initialize FileSignerSecretProvider, falling back to use random secrets.
2019-10-06 01:13:24,574 [main] WARN  http.HttpRequestLog (HttpRequestLog.java:getRequestLog(97)) - Jetty request log can only be enabled using Log4j
2019-10-06 01:13:24,577 [main] INFO  http.HttpServer2 (HttpServer2.java:addGlobalFilter(975)) - Added global filter 'safety' (class=org.apache.hadoop.http.HttpServer2$QuotingInputFilter)
2019-10-06 01:13:24,578 [main] INFO  http.HttpServer2 (HttpServer2.java:addFilter(948)) - Added filter static_user_filter (class=org.apache.hadoop.http.lib.StaticUserWebFilter$StaticUserFilter) to context ozoneManager
2019-10-06 01:13:24,578 [main] INFO  http.HttpServer2 (HttpServer2.java:addFilter(958)) - Added filter static_user_filter (class=org.apache.hadoop.http.lib.StaticUserWebFilter$StaticUserFilter) to context logs
2019-10-06 01:13:24,578 [main] INFO  http.HttpServer2 (HttpServer2.java:addFilter(958)) - Added filter static_user_filter (class=org.apache.hadoop.http.lib.StaticUserWebFilter$StaticUserFilter) to context static
2019-10-06 01:13:24,579 [main] INFO  http.HttpServer2 (HttpServer2.java:bindListener(1191)) - Jetty bound to port 33576
2019-10-06 01:13:24,579 [main] INFO  server.Server (Server.java:doStart(351)) - jetty-9.3.25.v20180904, build timestamp: 2018-09-04T21:11:46Z, git hash: 3ce520221d0240229c862b122d2b06c12a625732
2019-10-06 01:13:24,581 [main] INFO  handler.ContextHandler (ContextHandler.java:doStart(781)) - Started o.e.j.s.ServletContextHandler@22f02996{/logs,file:///workdir/hadoop-ozone/integration-test/target/log,AVAILABLE}
2019-10-06 01:13:24,582 [main] INFO  handler.ContextHandler (ContextHandler.java:doStart(781)) - Started o.e.j.s.ServletContextHandler@42c0a16e{/static,file:///workdir/hadoop-ozone/integration-test/target/test-classes/webapps/static,AVAILABLE}
2019-10-06 01:13:24,588 [main] INFO  handler.ContextHandler (ContextHandler.java:doStart(781)) - Started o.e.j.w.WebAppContext@2ca54da9{/,file:///workdir/hadoop-ozone/integration-test/target/test-classes/webapps/ozoneManager/,AVAILABLE}{/ozoneManager}
2019-10-06 01:13:24,588 [main] INFO  server.AbstractConnector (AbstractConnector.java:doStart(278)) - Started ServerConnector@34a20f16{HTTP/1.1,[http/1.1]}{0.0.0.0:33576}
2019-10-06 01:13:24,591 [main] INFO  server.Server (Server.java:doStart(419)) - Started @224874ms
2019-10-06 01:13:24,591 [main] WARN  impl.MetricsSystemImpl (MetricsSystemImpl.java:register(276)) - Sink prometheus already exists!
2019-10-06 01:13:24,592 [main] INFO  server.BaseHttpServer (BaseHttpServer.java:updateConnectorAddress(215)) - HTTP server of OZONEMANAGER is listening at http://0.0.0.0:33576
2019-10-06 01:13:24,610 [main] INFO  impl.MetricsSystemImpl (MetricsSystemImpl.java:init(158)) - HddsDatanode metrics system started (again)
2019-10-06 01:13:24,633 [main] INFO  ozone.HddsDatanodeService (HddsDatanodeService.java:start(184)) - HddsDatanodeService host:pr-hdds-2233-w5czk-1584650955 ip:192.168.30.55
2019-10-06 01:13:24,644 [main] INFO  volume.HddsVolume (HddsVolume.java:<init>(176)) - Creating Volume: /workdir/hadoop-ozone/integration-test/target/test-dir/MiniOzoneClusterImpl-0eec6d6b-e739-437d-bd39-485dbec10836/datanode-0/data/containers/hdds of  storage type : DISK and capacity : 1482555576320
2019-10-06 01:13:24,644 [main] INFO  volume.VolumeSet (VolumeSet.java:initializeVolumeSet(170)) - Added Volume : /workdir/hadoop-ozone/integration-test/target/test-dir/MiniOzoneClusterImpl-0eec6d6b-e739-437d-bd39-485dbec10836/datanode-0/data/containers/hdds to VolumeSet
2019-10-06 01:13:24,644 [main] INFO  volume.ThrottledAsyncChecker (ThrottledAsyncChecker.java:schedule(139)) - Scheduling a check for org.apache.hadoop.ozone.container.common.volume.HddsVolume@16d431b4
2019-10-06 01:13:24,645 [main] INFO  volume.HddsVolumeChecker (HddsVolumeChecker.java:checkAllVolumes(202)) - Scheduled health check for volume org.apache.hadoop.ozone.container.common.volume.HddsVolume@16d431b4
2019-10-06 01:13:24,664 [main] INFO  impl.RaftServerProxy (ConfUtils.java:logGet(43)) - raft.rpc.type = GRPC (default)
2019-10-06 01:13:24,665 [main] INFO  grpc.GrpcFactory (GrpcFactory.java:checkPooledByteBufAllocatorUseCacheForAllThreads(45)) - PERFORMANCE WARNING: useCacheForAllThreads is true that may cause Netty to create a lot garbage objects and, as a result, trigger GC.
	It is recommended to disable useCacheForAllThreads by setting -Dorg.apache.ratis.thirdparty.io.netty.allocator.useCacheForAllThreads=false in command line.
2019-10-06 01:13:24,665 [main] INFO  grpc.GrpcConfigKeys$Server (ConfUtils.java:logGet(43)) - raft.grpc.server.port = 0 (default)
2019-10-06 01:13:24,665 [main] INFO  server.GrpcService (ConfUtils.java:logGet(43)) - raft.grpc.message.size.max = 33570816 (custom)
2019-10-06 01:13:24,666 [main] INFO  server.RaftServerConfigKeys (ConfUtils.java:logGet(43)) - raft.server.log.appender.buffer.byte-limit = 33554432 (custom)
2019-10-06 01:13:24,666 [main] INFO  server.GrpcService (ConfUtils.java:logGet(43)) - raft.grpc.flow.control.window = 1MB (=1048576) (default)
2019-10-06 01:13:24,666 [main] INFO  server.RaftServerConfigKeys (ConfUtils.java:logGet(43)) - raft.server.rpc.request.timeout = 3000ms (default)
2019-10-06 01:13:24,667 [main] INFO  server.RaftServerConfigKeys (ConfUtils.java:logGet(43)) - raft.server.storage.dir = [/workdir/hadoop-ozone/integration-test/target/test-dir/MiniOzoneClusterImpl-0eec6d6b-e739-437d-bd39-485dbec10836/datanode-0/data/ratis] (custom)
2019-10-06 01:13:24,668 [main] INFO  hdfs.DFSUtil (DFSUtil.java:httpServerTemplateForNNAndJN(1641)) - Starting Web-server for hddsDatanode at: http://0.0.0.0:0
2019-10-06 01:13:24,670 [main] INFO  server.AuthenticationFilter (AuthenticationFilter.java:constructSecretProvider(240)) - Unable to initialize FileSignerSecretProvider, falling back to use random secrets.
2019-10-06 01:13:24,670 [main] WARN  http.HttpRequestLog (HttpRequestLog.java:getRequestLog(97)) - Jetty request log can only be enabled using Log4j
2019-10-06 01:13:24,672 [main] INFO  http.HttpServer2 (HttpServer2.java:addGlobalFilter(975)) - Added global filter 'safety' (class=org.apache.hadoop.http.HttpServer2$QuotingInputFilter)
2019-10-06 01:13:24,673 [main] INFO  http.HttpServer2 (HttpServer2.java:addFilter(948)) - Added filter static_user_filter (class=org.apache.hadoop.http.lib.StaticUserWebFilter$StaticUserFilter) to context hddsDatanode
2019-10-06 01:13:24,673 [main] INFO  http.HttpServer2 (HttpServer2.java:addFilter(958)) - Added filter static_user_filter (class=org.apache.hadoop.http.lib.StaticUserWebFilter$StaticUserFilter) to context static
2019-10-06 01:13:24,673 [main] INFO  http.HttpServer2 (HttpServer2.java:addFilter(958)) - Added filter static_user_filter (class=org.apache.hadoop.http.lib.StaticUserWebFilter$StaticUserFilter) to context logs
2019-10-06 01:13:24,674 [main] INFO  http.HttpServer2 (HttpServer2.java:bindListener(1191)) - Jetty bound to port 45829
2019-10-06 01:13:24,674 [main] INFO  server.Server (Server.java:doStart(351)) - jetty-9.3.25.v20180904, build timestamp: 2018-09-04T21:11:46Z, git hash: 3ce520221d0240229c862b122d2b06c12a625732
2019-10-06 01:13:24,676 [main] INFO  handler.ContextHandler (ContextHandler.java:doStart(781)) - Started o.e.j.s.ServletContextHandler@508ad266{/logs,file:///workdir/hadoop-ozone/integration-test/target/log,AVAILABLE}
2019-10-06 01:13:24,677 [main] INFO  handler.ContextHandler (ContextHandler.java:doStart(781)) - Started o.e.j.s.ServletContextHandler@216372b7{/static,jar:file:/home/user/.m2/repository/org/apache/hadoop/hadoop-hdds-container-service/0.5.0-SNAPSHOT/hadoop-hdds-container-service-0.5.0-SNAPSHOT.jar!/webapps/static,AVAILABLE}
2019-10-06 01:13:24,706 [main] INFO  handler.ContextHandler (ContextHandler.java:doStart(781)) - Started o.e.j.w.WebAppContext@6f91fbda{/,file:///tmp/jetty-0.0.0.0-45829-hddsDatanode-_-any-745824693743308933.dir/webapp/,AVAILABLE}{/hddsDatanode}
2019-10-06 01:13:24,707 [main] INFO  server.AbstractConnector (AbstractConnector.java:doStart(278)) - Started ServerConnector@723e3c17{HTTP/1.1,[http/1.1]}{0.0.0.0:45829}
2019-10-06 01:13:24,710 [main] INFO  server.Server (Server.java:doStart(419)) - Started @224993ms
2019-10-06 01:13:24,710 [main] WARN  impl.MetricsSystemImpl (MetricsSystemImpl.java:register(276)) - Sink prometheus already exists!
2019-10-06 01:13:24,711 [main] INFO  server.BaseHttpServer (BaseHttpServer.java:updateConnectorAddress(215)) - HTTP server of HDDSDATANODE is listening at http://0.0.0.0:45829
2019-10-06 01:13:24,711 [main] INFO  impl.MetricsSystemImpl (MetricsSystemImpl.java:init(158)) - HddsDatanode metrics system started (again)
2019-10-06 01:13:24,734 [org.apache.hadoop.util.JvmPauseMonitor$Monitor@3cb48ca7] INFO  util.JvmPauseMonitor (JvmPauseMonitor.java:run(188)) - Starting JVM pause monitor
2019-10-06 01:13:24,736 [Datanode State Machine Thread - 0] INFO  datanode.InitDatanodeState (InitDatanodeState.java:persistContainerDatanodeDetails(140)) - DatanodeDetails is persisted to /workdir/hadoop-ozone/integration-test/target/test-dir/MiniOzoneClusterImpl-0eec6d6b-e739-437d-bd39-485dbec10836/datanode-0/meta/datanode.id
2019-10-06 01:13:24,738 [main] INFO  ozone.HddsDatanodeService (HddsDatanodeService.java:start(184)) - HddsDatanodeService host:pr-hdds-2233-w5czk-1584650955 ip:192.168.30.55
2019-10-06 01:13:24,747 [main] INFO  volume.HddsVolume (HddsVolume.java:<init>(176)) - Creating Volume: /workdir/hadoop-ozone/integration-test/target/test-dir/MiniOzoneClusterImpl-0eec6d6b-e739-437d-bd39-485dbec10836/datanode-1/data/containers/hdds of  storage type : DISK and capacity : 1482555576320
2019-10-06 01:13:24,747 [main] INFO  volume.VolumeSet (VolumeSet.java:initializeVolumeSet(170)) - Added Volume : /workdir/hadoop-ozone/integration-test/target/test-dir/MiniOzoneClusterImpl-0eec6d6b-e739-437d-bd39-485dbec10836/datanode-1/data/containers/hdds to VolumeSet
2019-10-06 01:13:24,748 [main] INFO  volume.ThrottledAsyncChecker (ThrottledAsyncChecker.java:schedule(139)) - Scheduling a check for org.apache.hadoop.ozone.container.common.volume.HddsVolume@2dd178f3
2019-10-06 01:13:24,748 [main] INFO  volume.HddsVolumeChecker (HddsVolumeChecker.java:checkAllVolumes(202)) - Scheduled health check for volume org.apache.hadoop.ozone.container.common.volume.HddsVolume@2dd178f3
2019-10-06 01:13:24,767 [main] INFO  impl.RaftServerProxy (ConfUtils.java:logGet(43)) - raft.rpc.type = GRPC (default)
2019-10-06 01:13:24,767 [main] INFO  grpc.GrpcFactory (GrpcFactory.java:checkPooledByteBufAllocatorUseCacheForAllThreads(45)) - PERFORMANCE WARNING: useCacheForAllThreads is true that may cause Netty to create a lot garbage objects and, as a result, trigger GC.
	It is recommended to disable useCacheForAllThreads by setting -Dorg.apache.ratis.thirdparty.io.netty.allocator.useCacheForAllThreads=false in command line.
2019-10-06 01:13:24,767 [main] INFO  grpc.GrpcConfigKeys$Server (ConfUtils.java:logGet(43)) - raft.grpc.server.port = 0 (default)
2019-10-06 01:13:24,768 [main] INFO  server.GrpcService (ConfUtils.java:logGet(43)) - raft.grpc.message.size.max = 33570816 (custom)
2019-10-06 01:13:24,768 [main] INFO  server.RaftServerConfigKeys (ConfUtils.java:logGet(43)) - raft.server.log.appender.buffer.byte-limit = 33554432 (custom)
2019-10-06 01:13:24,768 [main] INFO  server.GrpcService (ConfUtils.java:logGet(43)) - raft.grpc.flow.control.window = 1MB (=1048576) (default)
2019-10-06 01:13:24,768 [main] INFO  server.RaftServerConfigKeys (ConfUtils.java:logGet(43)) - raft.server.rpc.request.timeout = 3000ms (default)
2019-10-06 01:13:24,769 [main] INFO  server.RaftServerConfigKeys (ConfUtils.java:logGet(43)) - raft.server.storage.dir = [/workdir/hadoop-ozone/integration-test/target/test-dir/MiniOzoneClusterImpl-0eec6d6b-e739-437d-bd39-485dbec10836/datanode-1/data/ratis] (custom)
2019-10-06 01:13:24,770 [main] INFO  hdfs.DFSUtil (DFSUtil.java:httpServerTemplateForNNAndJN(1641)) - Starting Web-server for hddsDatanode at: http://0.0.0.0:0
2019-10-06 01:13:24,771 [main] INFO  server.AuthenticationFilter (AuthenticationFilter.java:constructSecretProvider(240)) - Unable to initialize FileSignerSecretProvider, falling back to use random secrets.
2019-10-06 01:13:24,772 [main] WARN  http.HttpRequestLog (HttpRequestLog.java:getRequestLog(97)) - Jetty request log can only be enabled using Log4j
2019-10-06 01:13:24,773 [main] INFO  http.HttpServer2 (HttpServer2.java:addGlobalFilter(975)) - Added global filter 'safety' (class=org.apache.hadoop.http.HttpServer2$QuotingInputFilter)
2019-10-06 01:13:24,774 [main] INFO  http.HttpServer2 (HttpServer2.java:addFilter(948)) - Added filter static_user_filter (class=org.apache.hadoop.http.lib.StaticUserWebFilter$StaticUserFilter) to context hddsDatanode
2019-10-06 01:13:24,774 [main] INFO  http.HttpServer2 (HttpServer2.java:addFilter(958)) - Added filter static_user_filter (class=org.apache.hadoop.http.lib.StaticUserWebFilter$StaticUserFilter) to context logs
2019-10-06 01:13:24,774 [main] INFO  http.HttpServer2 (HttpServer2.java:addFilter(958)) - Added filter static_user_filter (class=org.apache.hadoop.http.lib.StaticUserWebFilter$StaticUserFilter) to context static
2019-10-06 01:13:24,775 [main] INFO  http.HttpServer2 (HttpServer2.java:bindListener(1191)) - Jetty bound to port 39255
2019-10-06 01:13:24,775 [main] INFO  server.Server (Server.java:doStart(351)) - jetty-9.3.25.v20180904, build timestamp: 2018-09-04T21:11:46Z, git hash: 3ce520221d0240229c862b122d2b06c12a625732
2019-10-06 01:13:24,777 [main] INFO  handler.ContextHandler (ContextHandler.java:doStart(781)) - Started o.e.j.s.ServletContextHandler@6b0f266e{/logs,file:///workdir/hadoop-ozone/integration-test/target/log,AVAILABLE}
2019-10-06 01:13:24,777 [main] INFO  handler.ContextHandler (ContextHandler.java:doStart(781)) - Started o.e.j.s.ServletContextHandler@53314f76{/static,jar:file:/home/user/.m2/repository/org/apache/hadoop/hadoop-hdds-container-service/0.5.0-SNAPSHOT/hadoop-hdds-container-service-0.5.0-SNAPSHOT.jar!/webapps/static,AVAILABLE}
2019-10-06 01:13:24,809 [main] INFO  handler.ContextHandler (ContextHandler.java:doStart(781)) - Started o.e.j.w.WebAppContext@7da1e005{/,file:///tmp/jetty-0.0.0.0-39255-hddsDatanode-_-any-1709759331090575906.dir/webapp/,AVAILABLE}{/hddsDatanode}
2019-10-06 01:13:24,810 [main] INFO  server.AbstractConnector (AbstractConnector.java:doStart(278)) - Started ServerConnector@38159384{HTTP/1.1,[http/1.1]}{0.0.0.0:39255}
2019-10-06 01:13:24,813 [main] INFO  server.Server (Server.java:doStart(419)) - Started @225096ms
2019-10-06 01:13:24,813 [main] WARN  impl.MetricsSystemImpl (MetricsSystemImpl.java:register(276)) - Sink prometheus already exists!
2019-10-06 01:13:24,817 [main] INFO  server.BaseHttpServer (BaseHttpServer.java:updateConnectorAddress(215)) - HTTP server of HDDSDATANODE is listening at http://0.0.0.0:39255
2019-10-06 01:13:24,817 [main] INFO  impl.MetricsSystemImpl (MetricsSystemImpl.java:init(158)) - HddsDatanode metrics system started (again)
2019-10-06 01:13:24,835 [org.apache.hadoop.util.JvmPauseMonitor$Monitor@7e735b66] INFO  util.JvmPauseMonitor (JvmPauseMonitor.java:run(188)) - Starting JVM pause monitor
2019-10-06 01:13:24,836 [Datanode State Machine Thread - 0] INFO  datanode.InitDatanodeState (InitDatanodeState.java:persistContainerDatanodeDetails(140)) - DatanodeDetails is persisted to /workdir/hadoop-ozone/integration-test/target/test-dir/MiniOzoneClusterImpl-0eec6d6b-e739-437d-bd39-485dbec10836/datanode-1/meta/datanode.id
2019-10-06 01:13:24,837 [main] INFO  ozone.HddsDatanodeService (HddsDatanodeService.java:start(184)) - HddsDatanodeService host:pr-hdds-2233-w5czk-1584650955 ip:192.168.30.55
2019-10-06 01:13:24,847 [main] INFO  volume.HddsVolume (HddsVolume.java:<init>(176)) - Creating Volume: /workdir/hadoop-ozone/integration-test/target/test-dir/MiniOzoneClusterImpl-0eec6d6b-e739-437d-bd39-485dbec10836/datanode-2/data/containers/hdds of  storage type : DISK and capacity : 1482555576320
2019-10-06 01:13:24,847 [main] INFO  volume.VolumeSet (VolumeSet.java:initializeVolumeSet(170)) - Added Volume : /workdir/hadoop-ozone/integration-test/target/test-dir/MiniOzoneClusterImpl-0eec6d6b-e739-437d-bd39-485dbec10836/datanode-2/data/containers/hdds to VolumeSet
2019-10-06 01:13:24,848 [main] INFO  volume.ThrottledAsyncChecker (ThrottledAsyncChecker.java:schedule(139)) - Scheduling a check for org.apache.hadoop.ozone.container.common.volume.HddsVolume@138f0661
2019-10-06 01:13:24,848 [main] INFO  volume.HddsVolumeChecker (HddsVolumeChecker.java:checkAllVolumes(202)) - Scheduled health check for volume org.apache.hadoop.ozone.container.common.volume.HddsVolume@138f0661
2019-10-06 01:13:24,865 [main] INFO  impl.RaftServerProxy (ConfUtils.java:logGet(43)) - raft.rpc.type = GRPC (default)
2019-10-06 01:13:24,865 [main] INFO  grpc.GrpcFactory (GrpcFactory.java:checkPooledByteBufAllocatorUseCacheForAllThreads(45)) - PERFORMANCE WARNING: useCacheForAllThreads is true that may cause Netty to create a lot garbage objects and, as a result, trigger GC.
	It is recommended to disable useCacheForAllThreads by setting -Dorg.apache.ratis.thirdparty.io.netty.allocator.useCacheForAllThreads=false in command line.
2019-10-06 01:13:24,865 [main] INFO  grpc.GrpcConfigKeys$Server (ConfUtils.java:logGet(43)) - raft.grpc.server.port = 0 (default)
2019-10-06 01:13:24,866 [main] INFO  server.GrpcService (ConfUtils.java:logGet(43)) - raft.grpc.message.size.max = 33570816 (custom)
2019-10-06 01:13:24,866 [main] INFO  server.RaftServerConfigKeys (ConfUtils.java:logGet(43)) - raft.server.log.appender.buffer.byte-limit = 33554432 (custom)
2019-10-06 01:13:24,866 [main] INFO  server.GrpcService (ConfUtils.java:logGet(43)) - raft.grpc.flow.control.window = 1MB (=1048576) (default)
2019-10-06 01:13:24,866 [main] INFO  server.RaftServerConfigKeys (ConfUtils.java:logGet(43)) - raft.server.rpc.request.timeout = 3000ms (default)
2019-10-06 01:13:24,866 [main] INFO  server.RaftServerConfigKeys (ConfUtils.java:logGet(43)) - raft.server.storage.dir = [/workdir/hadoop-ozone/integration-test/target/test-dir/MiniOzoneClusterImpl-0eec6d6b-e739-437d-bd39-485dbec10836/datanode-2/data/ratis] (custom)
2019-10-06 01:13:24,867 [main] INFO  hdfs.DFSUtil (DFSUtil.java:httpServerTemplateForNNAndJN(1641)) - Starting Web-server for hddsDatanode at: http://0.0.0.0:0
2019-10-06 01:13:24,869 [main] INFO  server.AuthenticationFilter (AuthenticationFilter.java:constructSecretProvider(240)) - Unable to initialize FileSignerSecretProvider, falling back to use random secrets.
2019-10-06 01:13:24,869 [main] WARN  http.HttpRequestLog (HttpRequestLog.java:getRequestLog(97)) - Jetty request log can only be enabled using Log4j
2019-10-06 01:13:24,870 [main] INFO  http.HttpServer2 (HttpServer2.java:addGlobalFilter(975)) - Added global filter 'safety' (class=org.apache.hadoop.http.HttpServer2$QuotingInputFilter)
2019-10-06 01:13:24,870 [main] INFO  http.HttpServer2 (HttpServer2.java:addFilter(948)) - Added filter static_user_filter (class=org.apache.hadoop.http.lib.StaticUserWebFilter$StaticUserFilter) to context hddsDatanode
2019-10-06 01:13:24,871 [main] INFO  http.HttpServer2 (HttpServer2.java:addFilter(958)) - Added filter static_user_filter (class=org.apache.hadoop.http.lib.StaticUserWebFilter$StaticUserFilter) to context static
2019-10-06 01:13:24,871 [main] INFO  http.HttpServer2 (HttpServer2.java:addFilter(958)) - Added filter static_user_filter (class=org.apache.hadoop.http.lib.StaticUserWebFilter$StaticUserFilter) to context logs
2019-10-06 01:13:24,871 [main] INFO  http.HttpServer2 (HttpServer2.java:bindListener(1191)) - Jetty bound to port 44049
2019-10-06 01:13:24,871 [main] INFO  server.Server (Server.java:doStart(351)) - jetty-9.3.25.v20180904, build timestamp: 2018-09-04T21:11:46Z, git hash: 3ce520221d0240229c862b122d2b06c12a625732
2019-10-06 01:13:24,873 [main] INFO  handler.ContextHandler (ContextHandler.java:doStart(781)) - Started o.e.j.s.ServletContextHandler@23bd0c81{/logs,file:///workdir/hadoop-ozone/integration-test/target/log,AVAILABLE}
2019-10-06 01:13:24,873 [main] INFO  handler.ContextHandler (ContextHandler.java:doStart(781)) - Started o.e.j.s.ServletContextHandler@544e3679{/static,jar:file:/home/user/.m2/repository/org/apache/hadoop/hadoop-hdds-container-service/0.5.0-SNAPSHOT/hadoop-hdds-container-service-0.5.0-SNAPSHOT.jar!/webapps/static,AVAILABLE}
2019-10-06 01:13:24,897 [main] INFO  handler.ContextHandler (ContextHandler.java:doStart(781)) - Started o.e.j.w.WebAppContext@3a3f96ab{/,file:///tmp/jetty-0.0.0.0-44049-hddsDatanode-_-any-5494869376158465108.dir/webapp/,AVAILABLE}{/hddsDatanode}
2019-10-06 01:13:24,897 [main] INFO  server.AbstractConnector (AbstractConnector.java:doStart(278)) - Started ServerConnector@4def7d36{HTTP/1.1,[http/1.1]}{0.0.0.0:44049}
2019-10-06 01:13:24,900 [main] INFO  server.Server (Server.java:doStart(419)) - Started @225183ms
2019-10-06 01:13:24,900 [main] WARN  impl.MetricsSystemImpl (MetricsSystemImpl.java:register(276)) - Sink prometheus already exists!
2019-10-06 01:13:24,901 [main] INFO  server.BaseHttpServer (BaseHttpServer.java:updateConnectorAddress(215)) - HTTP server of HDDSDATANODE is listening at http://0.0.0.0:44049
2019-10-06 01:13:24,901 [main] INFO  impl.MetricsSystemImpl (MetricsSystemImpl.java:init(158)) - HddsDatanode metrics system started (again)
2019-10-06 01:13:24,918 [org.apache.hadoop.util.JvmPauseMonitor$Monitor@6dd7caee] INFO  util.JvmPauseMonitor (JvmPauseMonitor.java:run(188)) - Starting JVM pause monitor
2019-10-06 01:13:24,919 [Datanode State Machine Thread - 0] INFO  datanode.InitDatanodeState (InitDatanodeState.java:persistContainerDatanodeDetails(140)) - DatanodeDetails is persisted to /workdir/hadoop-ozone/integration-test/target/test-dir/MiniOzoneClusterImpl-0eec6d6b-e739-437d-bd39-485dbec10836/datanode-2/meta/datanode.id
2019-10-06 01:13:24,919 [main] INFO  ozone.HddsDatanodeService (HddsDatanodeService.java:start(184)) - HddsDatanodeService host:pr-hdds-2233-w5czk-1584650955 ip:192.168.30.55
2019-10-06 01:13:24,930 [main] INFO  volume.HddsVolume (HddsVolume.java:<init>(176)) - Creating Volume: /workdir/hadoop-ozone/integration-test/target/test-dir/MiniOzoneClusterImpl-0eec6d6b-e739-437d-bd39-485dbec10836/datanode-3/data/containers/hdds of  storage type : DISK and capacity : 1482555576320
2019-10-06 01:13:24,930 [main] INFO  volume.VolumeSet (VolumeSet.java:initializeVolumeSet(170)) - Added Volume : /workdir/hadoop-ozone/integration-test/target/test-dir/MiniOzoneClusterImpl-0eec6d6b-e739-437d-bd39-485dbec10836/datanode-3/data/containers/hdds to VolumeSet
2019-10-06 01:13:24,930 [main] INFO  volume.ThrottledAsyncChecker (ThrottledAsyncChecker.java:schedule(139)) - Scheduling a check for org.apache.hadoop.ozone.container.common.volume.HddsVolume@6812c8cc
2019-10-06 01:13:24,930 [main] INFO  volume.HddsVolumeChecker (HddsVolumeChecker.java:checkAllVolumes(202)) - Scheduled health check for volume org.apache.hadoop.ozone.container.common.volume.HddsVolume@6812c8cc
2019-10-06 01:13:24,945 [main] INFO  impl.RaftServerProxy (ConfUtils.java:logGet(43)) - raft.rpc.type = GRPC (default)
2019-10-06 01:13:24,945 [main] INFO  grpc.GrpcFactory (GrpcFactory.java:checkPooledByteBufAllocatorUseCacheForAllThreads(45)) - PERFORMANCE WARNING: useCacheForAllThreads is true that may cause Netty to create a lot garbage objects and, as a result, trigger GC.
	It is recommended to disable useCacheForAllThreads by setting -Dorg.apache.ratis.thirdparty.io.netty.allocator.useCacheForAllThreads=false in command line.
2019-10-06 01:13:24,945 [main] INFO  grpc.GrpcConfigKeys$Server (ConfUtils.java:logGet(43)) - raft.grpc.server.port = 0 (default)
2019-10-06 01:13:24,945 [main] INFO  server.GrpcService (ConfUtils.java:logGet(43)) - raft.grpc.message.size.max = 33570816 (custom)
2019-10-06 01:13:24,946 [main] INFO  server.RaftServerConfigKeys (ConfUtils.java:logGet(43)) - raft.server.log.appender.buffer.byte-limit = 33554432 (custom)
2019-10-06 01:13:24,946 [main] INFO  server.GrpcService (ConfUtils.java:logGet(43)) - raft.grpc.flow.control.window = 1MB (=1048576) (default)
2019-10-06 01:13:24,946 [main] INFO  server.RaftServerConfigKeys (ConfUtils.java:logGet(43)) - raft.server.rpc.request.timeout = 3000ms (default)
2019-10-06 01:13:24,946 [main] INFO  server.RaftServerConfigKeys (ConfUtils.java:logGet(43)) - raft.server.storage.dir = [/workdir/hadoop-ozone/integration-test/target/test-dir/MiniOzoneClusterImpl-0eec6d6b-e739-437d-bd39-485dbec10836/datanode-3/data/ratis] (custom)
2019-10-06 01:13:24,947 [main] INFO  hdfs.DFSUtil (DFSUtil.java:httpServerTemplateForNNAndJN(1641)) - Starting Web-server for hddsDatanode at: http://0.0.0.0:0
2019-10-06 01:13:24,948 [main] INFO  server.AuthenticationFilter (AuthenticationFilter.java:constructSecretProvider(240)) - Unable to initialize FileSignerSecretProvider, falling back to use random secrets.
2019-10-06 01:13:24,949 [main] WARN  http.HttpRequestLog (HttpRequestLog.java:getRequestLog(97)) - Jetty request log can only be enabled using Log4j
2019-10-06 01:13:24,950 [main] INFO  http.HttpServer2 (HttpServer2.java:addGlobalFilter(975)) - Added global filter 'safety' (class=org.apache.hadoop.http.HttpServer2$QuotingInputFilter)
2019-10-06 01:13:24,950 [main] INFO  http.HttpServer2 (HttpServer2.java:addFilter(948)) - Added filter static_user_filter (class=org.apache.hadoop.http.lib.StaticUserWebFilter$StaticUserFilter) to context hddsDatanode
2019-10-06 01:13:24,950 [main] INFO  http.HttpServer2 (HttpServer2.java:addFilter(958)) - Added filter static_user_filter (class=org.apache.hadoop.http.lib.StaticUserWebFilter$StaticUserFilter) to context static
2019-10-06 01:13:24,951 [main] INFO  http.HttpServer2 (HttpServer2.java:addFilter(958)) - Added filter static_user_filter (class=org.apache.hadoop.http.lib.StaticUserWebFilter$StaticUserFilter) to context logs
2019-10-06 01:13:24,951 [main] INFO  http.HttpServer2 (HttpServer2.java:bindListener(1191)) - Jetty bound to port 37791
2019-10-06 01:13:24,951 [main] INFO  server.Server (Server.java:doStart(351)) - jetty-9.3.25.v20180904, build timestamp: 2018-09-04T21:11:46Z, git hash: 3ce520221d0240229c862b122d2b06c12a625732
2019-10-06 01:13:24,953 [main] INFO  handler.ContextHandler (ContextHandler.java:doStart(781)) - Started o.e.j.s.ServletContextHandler@19662208{/logs,file:///workdir/hadoop-ozone/integration-test/target/log,AVAILABLE}
2019-10-06 01:13:24,953 [main] INFO  handler.ContextHandler (ContextHandler.java:doStart(781)) - Started o.e.j.s.ServletContextHandler@62f9c790{/static,jar:file:/home/user/.m2/repository/org/apache/hadoop/hadoop-hdds-container-service/0.5.0-SNAPSHOT/hadoop-hdds-container-service-0.5.0-SNAPSHOT.jar!/webapps/static,AVAILABLE}
2019-10-06 01:13:24,981 [main] INFO  handler.ContextHandler (ContextHandler.java:doStart(781)) - Started o.e.j.w.WebAppContext@52ba685a{/,file:///tmp/jetty-0.0.0.0-37791-hddsDatanode-_-any-1488250672922086054.dir/webapp/,AVAILABLE}{/hddsDatanode}
2019-10-06 01:13:24,982 [main] INFO  server.AbstractConnector (AbstractConnector.java:doStart(278)) - Started ServerConnector@63d677f5{HTTP/1.1,[http/1.1]}{0.0.0.0:37791}
2019-10-06 01:13:24,984 [main] INFO  server.Server (Server.java:doStart(419)) - Started @225267ms
2019-10-06 01:13:24,985 [main] WARN  impl.MetricsSystemImpl (MetricsSystemImpl.java:register(276)) - Sink prometheus already exists!
2019-10-06 01:13:24,985 [main] INFO  server.BaseHttpServer (BaseHttpServer.java:updateConnectorAddress(215)) - HTTP server of HDDSDATANODE is listening at http://0.0.0.0:37791
2019-10-06 01:13:24,985 [main] INFO  impl.MetricsSystemImpl (MetricsSystemImpl.java:init(158)) - HddsDatanode metrics system started (again)
2019-10-06 01:13:25,007 [org.apache.hadoop.util.JvmPauseMonitor$Monitor@431adb69] INFO  util.JvmPauseMonitor (JvmPauseMonitor.java:run(188)) - Starting JVM pause monitor
2019-10-06 01:13:25,009 [main] INFO  ozone.HddsDatanodeService (HddsDatanodeService.java:start(184)) - HddsDatanodeService host:pr-hdds-2233-w5czk-1584650955 ip:192.168.30.55
2019-10-06 01:13:25,011 [Datanode State Machine Thread - 0] INFO  datanode.InitDatanodeState (InitDatanodeState.java:persistContainerDatanodeDetails(140)) - DatanodeDetails is persisted to /workdir/hadoop-ozone/integration-test/target/test-dir/MiniOzoneClusterImpl-0eec6d6b-e739-437d-bd39-485dbec10836/datanode-3/meta/datanode.id
2019-10-06 01:13:25,022 [main] INFO  volume.HddsVolume (HddsVolume.java:<init>(176)) - Creating Volume: /workdir/hadoop-ozone/integration-test/target/test-dir/MiniOzoneClusterImpl-0eec6d6b-e739-437d-bd39-485dbec10836/datanode-4/data/containers/hdds of  storage type : DISK and capacity : 1482555576320
2019-10-06 01:13:25,023 [main] INFO  volume.VolumeSet (VolumeSet.java:initializeVolumeSet(170)) - Added Volume : /workdir/hadoop-ozone/integration-test/target/test-dir/MiniOzoneClusterImpl-0eec6d6b-e739-437d-bd39-485dbec10836/datanode-4/data/containers/hdds to VolumeSet
2019-10-06 01:13:25,023 [main] INFO  volume.ThrottledAsyncChecker (ThrottledAsyncChecker.java:schedule(139)) - Scheduling a check for org.apache.hadoop.ozone.container.common.volume.HddsVolume@4652c74d
2019-10-06 01:13:25,023 [main] INFO  volume.HddsVolumeChecker (HddsVolumeChecker.java:checkAllVolumes(202)) - Scheduled health check for volume org.apache.hadoop.ozone.container.common.volume.HddsVolume@4652c74d
2019-10-06 01:13:25,043 [main] INFO  impl.RaftServerProxy (ConfUtils.java:logGet(43)) - raft.rpc.type = GRPC (default)
2019-10-06 01:13:25,043 [main] INFO  grpc.GrpcFactory (GrpcFactory.java:checkPooledByteBufAllocatorUseCacheForAllThreads(45)) - PERFORMANCE WARNING: useCacheForAllThreads is true that may cause Netty to create a lot garbage objects and, as a result, trigger GC.
	It is recommended to disable useCacheForAllThreads by setting -Dorg.apache.ratis.thirdparty.io.netty.allocator.useCacheForAllThreads=false in command line.
2019-10-06 01:13:25,044 [main] INFO  grpc.GrpcConfigKeys$Server (ConfUtils.java:logGet(43)) - raft.grpc.server.port = 0 (default)
2019-10-06 01:13:25,044 [main] INFO  server.GrpcService (ConfUtils.java:logGet(43)) - raft.grpc.message.size.max = 33570816 (custom)
2019-10-06 01:13:25,044 [main] INFO  server.RaftServerConfigKeys (ConfUtils.java:logGet(43)) - raft.server.log.appender.buffer.byte-limit = 33554432 (custom)
2019-10-06 01:13:25,045 [main] INFO  server.GrpcService (ConfUtils.java:logGet(43)) - raft.grpc.flow.control.window = 1MB (=1048576) (default)
2019-10-06 01:13:25,045 [main] INFO  server.RaftServerConfigKeys (ConfUtils.java:logGet(43)) - raft.server.rpc.request.timeout = 3000ms (default)
2019-10-06 01:13:25,046 [main] INFO  server.RaftServerConfigKeys (ConfUtils.java:logGet(43)) - raft.server.storage.dir = [/workdir/hadoop-ozone/integration-test/target/test-dir/MiniOzoneClusterImpl-0eec6d6b-e739-437d-bd39-485dbec10836/datanode-4/data/ratis] (custom)
2019-10-06 01:13:25,047 [main] INFO  hdfs.DFSUtil (DFSUtil.java:httpServerTemplateForNNAndJN(1641)) - Starting Web-server for hddsDatanode at: http://0.0.0.0:0
2019-10-06 01:13:25,049 [main] INFO  server.AuthenticationFilter (AuthenticationFilter.java:constructSecretProvider(240)) - Unable to initialize FileSignerSecretProvider, falling back to use random secrets.
2019-10-06 01:13:25,050 [main] WARN  http.HttpRequestLog (HttpRequestLog.java:getRequestLog(97)) - Jetty request log can only be enabled using Log4j
2019-10-06 01:13:25,053 [main] INFO  http.HttpServer2 (HttpServer2.java:addGlobalFilter(975)) - Added global filter 'safety' (class=org.apache.hadoop.http.HttpServer2$QuotingInputFilter)
2019-10-06 01:13:25,053 [main] INFO  http.HttpServer2 (HttpServer2.java:addFilter(948)) - Added filter static_user_filter (class=org.apache.hadoop.http.lib.StaticUserWebFilter$StaticUserFilter) to context hddsDatanode
2019-10-06 01:13:25,054 [main] INFO  http.HttpServer2 (HttpServer2.java:addFilter(958)) - Added filter static_user_filter (class=org.apache.hadoop.http.lib.StaticUserWebFilter$StaticUserFilter) to context static
2019-10-06 01:13:25,054 [main] INFO  http.HttpServer2 (HttpServer2.java:addFilter(958)) - Added filter static_user_filter (class=org.apache.hadoop.http.lib.StaticUserWebFilter$StaticUserFilter) to context logs
2019-10-06 01:13:25,055 [main] INFO  http.HttpServer2 (HttpServer2.java:bindListener(1191)) - Jetty bound to port 43160
2019-10-06 01:13:25,055 [main] INFO  server.Server (Server.java:doStart(351)) - jetty-9.3.25.v20180904, build timestamp: 2018-09-04T21:11:46Z, git hash: 3ce520221d0240229c862b122d2b06c12a625732
2019-10-06 01:13:25,057 [main] INFO  handler.ContextHandler (ContextHandler.java:doStart(781)) - Started o.e.j.s.ServletContextHandler@236c098{/logs,file:///workdir/hadoop-ozone/integration-test/target/log,AVAILABLE}
2019-10-06 01:13:25,058 [main] INFO  handler.ContextHandler (ContextHandler.java:doStart(781)) - Started o.e.j.s.ServletContextHandler@120aa40b{/static,jar:file:/home/user/.m2/repository/org/apache/hadoop/hadoop-hdds-container-service/0.5.0-SNAPSHOT/hadoop-hdds-container-service-0.5.0-SNAPSHOT.jar!/webapps/static,AVAILABLE}
2019-10-06 01:13:25,097 [main] INFO  handler.ContextHandler (ContextHandler.java:doStart(781)) - Started o.e.j.w.WebAppContext@64279ab{/,file:///tmp/jetty-0.0.0.0-43160-hddsDatanode-_-any-7654224858886046272.dir/webapp/,AVAILABLE}{/hddsDatanode}
2019-10-06 01:13:25,097 [main] INFO  server.AbstractConnector (AbstractConnector.java:doStart(278)) - Started ServerConnector@794240e2{HTTP/1.1,[http/1.1]}{0.0.0.0:43160}
2019-10-06 01:13:25,100 [main] INFO  server.Server (Server.java:doStart(419)) - Started @225383ms
2019-10-06 01:13:25,101 [main] WARN  impl.MetricsSystemImpl (MetricsSystemImpl.java:register(276)) - Sink prometheus already exists!
2019-10-06 01:13:25,101 [main] INFO  server.BaseHttpServer (BaseHttpServer.java:updateConnectorAddress(215)) - HTTP server of HDDSDATANODE is listening at http://0.0.0.0:43160
2019-10-06 01:13:25,102 [main] INFO  impl.MetricsSystemImpl (MetricsSystemImpl.java:init(158)) - HddsDatanode metrics system started (again)
2019-10-06 01:13:25,123 [org.apache.hadoop.util.JvmPauseMonitor$Monitor@58df654b] INFO  util.JvmPauseMonitor (JvmPauseMonitor.java:run(188)) - Starting JVM pause monitor
2019-10-06 01:13:25,125 [Datanode State Machine Thread - 0] INFO  datanode.InitDatanodeState (InitDatanodeState.java:persistContainerDatanodeDetails(140)) - DatanodeDetails is persisted to /workdir/hadoop-ozone/integration-test/target/test-dir/MiniOzoneClusterImpl-0eec6d6b-e739-437d-bd39-485dbec10836/datanode-4/meta/datanode.id
2019-10-06 01:13:25,125 [main] INFO  ozone.HddsDatanodeService (HddsDatanodeService.java:start(184)) - HddsDatanodeService host:pr-hdds-2233-w5czk-1584650955 ip:192.168.30.55
2019-10-06 01:13:25,135 [main] INFO  volume.HddsVolume (HddsVolume.java:<init>(176)) - Creating Volume: /workdir/hadoop-ozone/integration-test/target/test-dir/MiniOzoneClusterImpl-0eec6d6b-e739-437d-bd39-485dbec10836/datanode-5/data/containers/hdds of  storage type : DISK and capacity : 1482555576320
2019-10-06 01:13:25,136 [main] INFO  volume.VolumeSet (VolumeSet.java:initializeVolumeSet(170)) - Added Volume : /workdir/hadoop-ozone/integration-test/target/test-dir/MiniOzoneClusterImpl-0eec6d6b-e739-437d-bd39-485dbec10836/datanode-5/data/containers/hdds to VolumeSet
2019-10-06 01:13:25,136 [main] INFO  volume.ThrottledAsyncChecker (ThrottledAsyncChecker.java:schedule(139)) - Scheduling a check for org.apache.hadoop.ozone.container.common.volume.HddsVolume@5fd43e58
2019-10-06 01:13:25,136 [main] INFO  volume.HddsVolumeChecker (HddsVolumeChecker.java:checkAllVolumes(202)) - Scheduled health check for volume org.apache.hadoop.ozone.container.common.volume.HddsVolume@5fd43e58
2019-10-06 01:13:25,152 [main] INFO  impl.RaftServerProxy (ConfUtils.java:logGet(43)) - raft.rpc.type = GRPC (default)
2019-10-06 01:13:25,152 [main] INFO  grpc.GrpcFactory (GrpcFactory.java:checkPooledByteBufAllocatorUseCacheForAllThreads(45)) - PERFORMANCE WARNING: useCacheForAllThreads is true that may cause Netty to create a lot garbage objects and, as a result, trigger GC.
	It is recommended to disable useCacheForAllThreads by setting -Dorg.apache.ratis.thirdparty.io.netty.allocator.useCacheForAllThreads=false in command line.
2019-10-06 01:13:25,152 [main] INFO  grpc.GrpcConfigKeys$Server (ConfUtils.java:logGet(43)) - raft.grpc.server.port = 0 (default)
2019-10-06 01:13:25,153 [main] INFO  server.GrpcService (ConfUtils.java:logGet(43)) - raft.grpc.message.size.max = 33570816 (custom)
2019-10-06 01:13:25,153 [main] INFO  server.RaftServerConfigKeys (ConfUtils.java:logGet(43)) - raft.server.log.appender.buffer.byte-limit = 33554432 (custom)
2019-10-06 01:13:25,153 [main] INFO  server.GrpcService (ConfUtils.java:logGet(43)) - raft.grpc.flow.control.window = 1MB (=1048576) (default)
2019-10-06 01:13:25,153 [main] INFO  server.RaftServerConfigKeys (ConfUtils.java:logGet(43)) - raft.server.rpc.request.timeout = 3000ms (default)
2019-10-06 01:13:25,154 [main] INFO  server.RaftServerConfigKeys (ConfUtils.java:logGet(43)) - raft.server.storage.dir = [/workdir/hadoop-ozone/integration-test/target/test-dir/MiniOzoneClusterImpl-0eec6d6b-e739-437d-bd39-485dbec10836/datanode-5/data/ratis] (custom)
2019-10-06 01:13:25,155 [main] INFO  hdfs.DFSUtil (DFSUtil.java:httpServerTemplateForNNAndJN(1641)) - Starting Web-server for hddsDatanode at: http://0.0.0.0:0
2019-10-06 01:13:25,157 [main] INFO  server.AuthenticationFilter (AuthenticationFilter.java:constructSecretProvider(240)) - Unable to initialize FileSignerSecretProvider, falling back to use random secrets.
2019-10-06 01:13:25,158 [main] WARN  http.HttpRequestLog (HttpRequestLog.java:getRequestLog(97)) - Jetty request log can only be enabled using Log4j
2019-10-06 01:13:25,159 [main] INFO  http.HttpServer2 (HttpServer2.java:addGlobalFilter(975)) - Added global filter 'safety' (class=org.apache.hadoop.http.HttpServer2$QuotingInputFilter)
2019-10-06 01:13:25,160 [main] INFO  http.HttpServer2 (HttpServer2.java:addFilter(948)) - Added filter static_user_filter (class=org.apache.hadoop.http.lib.StaticUserWebFilter$StaticUserFilter) to context hddsDatanode
2019-10-06 01:13:25,160 [main] INFO  http.HttpServer2 (HttpServer2.java:addFilter(958)) - Added filter static_user_filter (class=org.apache.hadoop.http.lib.StaticUserWebFilter$StaticUserFilter) to context logs
2019-10-06 01:13:25,160 [main] INFO  http.HttpServer2 (HttpServer2.java:addFilter(958)) - Added filter static_user_filter (class=org.apache.hadoop.http.lib.StaticUserWebFilter$StaticUserFilter) to context static
2019-10-06 01:13:25,161 [main] INFO  http.HttpServer2 (HttpServer2.java:bindListener(1191)) - Jetty bound to port 41422
2019-10-06 01:13:25,161 [main] INFO  server.Server (Server.java:doStart(351)) - jetty-9.3.25.v20180904, build timestamp: 2018-09-04T21:11:46Z, git hash: 3ce520221d0240229c862b122d2b06c12a625732
2019-10-06 01:13:25,163 [main] INFO  handler.ContextHandler (ContextHandler.java:doStart(781)) - Started o.e.j.s.ServletContextHandler@279126f5{/logs,file:///workdir/hadoop-ozone/integration-test/target/log,AVAILABLE}
2019-10-06 01:13:25,164 [main] INFO  handler.ContextHandler (ContextHandler.java:doStart(781)) - Started o.e.j.s.ServletContextHandler@5fdd97c1{/static,jar:file:/home/user/.m2/repository/org/apache/hadoop/hadoop-hdds-container-service/0.5.0-SNAPSHOT/hadoop-hdds-container-service-0.5.0-SNAPSHOT.jar!/webapps/static,AVAILABLE}
2019-10-06 01:13:25,205 [main] INFO  handler.ContextHandler (ContextHandler.java:doStart(781)) - Started o.e.j.w.WebAppContext@10817f46{/,file:///tmp/jetty-0.0.0.0-41422-hddsDatanode-_-any-8010048769163693757.dir/webapp/,AVAILABLE}{/hddsDatanode}
2019-10-06 01:13:25,205 [main] INFO  server.AbstractConnector (AbstractConnector.java:doStart(278)) - Started ServerConnector@2d4a3e13{HTTP/1.1,[http/1.1]}{0.0.0.0:41422}
2019-10-06 01:13:25,209 [main] INFO  server.Server (Server.java:doStart(419)) - Started @225492ms
2019-10-06 01:13:25,209 [main] WARN  impl.MetricsSystemImpl (MetricsSystemImpl.java:register(276)) - Sink prometheus already exists!
2019-10-06 01:13:25,210 [main] INFO  server.BaseHttpServer (BaseHttpServer.java:updateConnectorAddress(215)) - HTTP server of HDDSDATANODE is listening at http://0.0.0.0:41422
2019-10-06 01:13:25,210 [main] INFO  impl.MetricsSystemImpl (MetricsSystemImpl.java:init(158)) - HddsDatanode metrics system started (again)
2019-10-06 01:13:25,234 [org.apache.hadoop.util.JvmPauseMonitor$Monitor@304b7071] INFO  util.JvmPauseMonitor (JvmPauseMonitor.java:run(188)) - Starting JVM pause monitor
2019-10-06 01:13:25,236 [main] INFO  ozone.HddsDatanodeService (HddsDatanodeService.java:start(184)) - HddsDatanodeService host:pr-hdds-2233-w5czk-1584650955 ip:192.168.30.55
2019-10-06 01:13:25,236 [Datanode State Machine Thread - 0] INFO  datanode.InitDatanodeState (InitDatanodeState.java:persistContainerDatanodeDetails(140)) - DatanodeDetails is persisted to /workdir/hadoop-ozone/integration-test/target/test-dir/MiniOzoneClusterImpl-0eec6d6b-e739-437d-bd39-485dbec10836/datanode-5/meta/datanode.id
2019-10-06 01:13:25,247 [main] INFO  volume.HddsVolume (HddsVolume.java:<init>(176)) - Creating Volume: /workdir/hadoop-ozone/integration-test/target/test-dir/MiniOzoneClusterImpl-0eec6d6b-e739-437d-bd39-485dbec10836/datanode-6/data/containers/hdds of  storage type : DISK and capacity : 1482555576320
2019-10-06 01:13:25,247 [main] INFO  volume.VolumeSet (VolumeSet.java:initializeVolumeSet(170)) - Added Volume : /workdir/hadoop-ozone/integration-test/target/test-dir/MiniOzoneClusterImpl-0eec6d6b-e739-437d-bd39-485dbec10836/datanode-6/data/containers/hdds to VolumeSet
2019-10-06 01:13:25,247 [main] INFO  volume.ThrottledAsyncChecker (ThrottledAsyncChecker.java:schedule(139)) - Scheduling a check for org.apache.hadoop.ozone.container.common.volume.HddsVolume@1c6a0103
2019-10-06 01:13:25,248 [main] INFO  volume.HddsVolumeChecker (HddsVolumeChecker.java:checkAllVolumes(202)) - Scheduled health check for volume org.apache.hadoop.ozone.container.common.volume.HddsVolume@1c6a0103
2019-10-06 01:13:25,263 [main] INFO  impl.RaftServerProxy (ConfUtils.java:logGet(43)) - raft.rpc.type = GRPC (default)
2019-10-06 01:13:25,263 [main] INFO  grpc.GrpcFactory (GrpcFactory.java:checkPooledByteBufAllocatorUseCacheForAllThreads(45)) - PERFORMANCE WARNING: useCacheForAllThreads is true that may cause Netty to create a lot garbage objects and, as a result, trigger GC.
	It is recommended to disable useCacheForAllThreads by setting -Dorg.apache.ratis.thirdparty.io.netty.allocator.useCacheForAllThreads=false in command line.
2019-10-06 01:13:25,264 [main] INFO  grpc.GrpcConfigKeys$Server (ConfUtils.java:logGet(43)) - raft.grpc.server.port = 0 (default)
2019-10-06 01:13:25,264 [main] INFO  server.GrpcService (ConfUtils.java:logGet(43)) - raft.grpc.message.size.max = 33570816 (custom)
2019-10-06 01:13:25,264 [main] INFO  server.RaftServerConfigKeys (ConfUtils.java:logGet(43)) - raft.server.log.appender.buffer.byte-limit = 33554432 (custom)
2019-10-06 01:13:25,264 [main] INFO  server.GrpcService (ConfUtils.java:logGet(43)) - raft.grpc.flow.control.window = 1MB (=1048576) (default)
2019-10-06 01:13:25,264 [main] INFO  server.RaftServerConfigKeys (ConfUtils.java:logGet(43)) - raft.server.rpc.request.timeout = 3000ms (default)
2019-10-06 01:13:25,265 [main] INFO  server.RaftServerConfigKeys (ConfUtils.java:logGet(43)) - raft.server.storage.dir = [/workdir/hadoop-ozone/integration-test/target/test-dir/MiniOzoneClusterImpl-0eec6d6b-e739-437d-bd39-485dbec10836/datanode-6/data/ratis] (custom)
2019-10-06 01:13:25,266 [main] INFO  hdfs.DFSUtil (DFSUtil.java:httpServerTemplateForNNAndJN(1641)) - Starting Web-server for hddsDatanode at: http://0.0.0.0:0
2019-10-06 01:13:25,267 [main] INFO  server.AuthenticationFilter (AuthenticationFilter.java:constructSecretProvider(240)) - Unable to initialize FileSignerSecretProvider, falling back to use random secrets.
2019-10-06 01:13:25,268 [main] WARN  http.HttpRequestLog (HttpRequestLog.java:getRequestLog(97)) - Jetty request log can only be enabled using Log4j
2019-10-06 01:13:25,269 [main] INFO  http.HttpServer2 (HttpServer2.java:addGlobalFilter(975)) - Added global filter 'safety' (class=org.apache.hadoop.http.HttpServer2$QuotingInputFilter)
2019-10-06 01:13:25,269 [main] INFO  http.HttpServer2 (HttpServer2.java:addFilter(948)) - Added filter static_user_filter (class=org.apache.hadoop.http.lib.StaticUserWebFilter$StaticUserFilter) to context hddsDatanode
2019-10-06 01:13:25,269 [main] INFO  http.HttpServer2 (HttpServer2.java:addFilter(958)) - Added filter static_user_filter (class=org.apache.hadoop.http.lib.StaticUserWebFilter$StaticUserFilter) to context logs
2019-10-06 01:13:25,269 [main] INFO  http.HttpServer2 (HttpServer2.java:addFilter(958)) - Added filter static_user_filter (class=org.apache.hadoop.http.lib.StaticUserWebFilter$StaticUserFilter) to context static
2019-10-06 01:13:25,270 [main] INFO  http.HttpServer2 (HttpServer2.java:bindListener(1191)) - Jetty bound to port 43506
2019-10-06 01:13:25,270 [main] INFO  server.Server (Server.java:doStart(351)) - jetty-9.3.25.v20180904, build timestamp: 2018-09-04T21:11:46Z, git hash: 3ce520221d0240229c862b122d2b06c12a625732
2019-10-06 01:13:25,272 [main] INFO  handler.ContextHandler (ContextHandler.java:doStart(781)) - Started o.e.j.s.ServletContextHandler@34c76167{/logs,file:///workdir/hadoop-ozone/integration-test/target/log,AVAILABLE}
2019-10-06 01:13:25,272 [main] INFO  handler.ContextHandler (ContextHandler.java:doStart(781)) - Started o.e.j.s.ServletContextHandler@78d92eef{/static,jar:file:/home/user/.m2/repository/org/apache/hadoop/hadoop-hdds-container-service/0.5.0-SNAPSHOT/hadoop-hdds-container-service-0.5.0-SNAPSHOT.jar!/webapps/static,AVAILABLE}
2019-10-06 01:13:25,302 [main] INFO  handler.ContextHandler (ContextHandler.java:doStart(781)) - Started o.e.j.w.WebAppContext@755a7218{/,file:///tmp/jetty-0.0.0.0-43506-hddsDatanode-_-any-2560053897121811222.dir/webapp/,AVAILABLE}{/hddsDatanode}
2019-10-06 01:13:25,302 [main] INFO  server.AbstractConnector (AbstractConnector.java:doStart(278)) - Started ServerConnector@70c29356{HTTP/1.1,[http/1.1]}{0.0.0.0:43506}
2019-10-06 01:13:25,306 [main] INFO  server.Server (Server.java:doStart(419)) - Started @225589ms
2019-10-06 01:13:25,306 [main] WARN  impl.MetricsSystemImpl (MetricsSystemImpl.java:register(276)) - Sink prometheus already exists!
2019-10-06 01:13:25,307 [main] INFO  server.BaseHttpServer (BaseHttpServer.java:updateConnectorAddress(215)) - HTTP server of HDDSDATANODE is listening at http://0.0.0.0:43506
2019-10-06 01:13:25,308 [main] INFO  ozone.MiniOzoneClusterImpl (MiniOzoneClusterImpl.java:lambda$waitForClusterToBeReady$0(147)) - Waiting for cluster to be ready. Got 0 of 7 DN Heartbeats.
2019-10-06 01:13:25,309 [org.apache.hadoop.util.JvmPauseMonitor$Monitor@6c24aa4c] INFO  util.JvmPauseMonitor (JvmPauseMonitor.java:run(188)) - Starting JVM pause monitor
2019-10-06 01:13:25,311 [Datanode State Machine Thread - 0] INFO  datanode.InitDatanodeState (InitDatanodeState.java:persistContainerDatanodeDetails(140)) - DatanodeDetails is persisted to /workdir/hadoop-ozone/integration-test/target/test-dir/MiniOzoneClusterImpl-0eec6d6b-e739-437d-bd39-485dbec10836/datanode-6/meta/datanode.id
2019-10-06 01:13:25,328 [grpc-default-executor-1] WARN  server.GrpcLogAppender (LogUtils.java:warn(134)) - bf220e48-d6ce-49f3-a557-fc9d50d77ef3@group-F8ADE7488A15->a3975b4a-105c-4b9b-8142-24e206f1c3ba-AppendLogResponseHandler: Failed appendEntries: org.apache.ratis.thirdparty.io.grpc.StatusRuntimeException: UNAVAILABLE: io exception
2019-10-06 01:13:25,328 [grpc-default-executor-1] INFO  impl.FollowerInfo (FollowerInfo.java:lambda$new$0(51)) - bf220e48-d6ce-49f3-a557-fc9d50d77ef3@group-F8ADE7488A15->a3975b4a-105c-4b9b-8142-24e206f1c3ba: nextIndex: updateUnconditionally 0 -> 0
2019-10-06 01:13:25,348 [grpc-default-executor-7] WARN  server.GrpcLogAppender (LogUtils.java:warn(134)) - bf220e48-d6ce-49f3-a557-fc9d50d77ef3@group-F8ADE7488A15->6e899f9a-39c7-4d88-8fee-651142b6bdd4-AppendLogResponseHandler: Failed appendEntries: org.apache.ratis.thirdparty.io.grpc.StatusRuntimeException: UNAVAILABLE: io exception
2019-10-06 01:13:25,348 [grpc-default-executor-7] INFO  impl.FollowerInfo (FollowerInfo.java:lambda$new$0(51)) - bf220e48-d6ce-49f3-a557-fc9d50d77ef3@group-F8ADE7488A15->6e899f9a-39c7-4d88-8fee-651142b6bdd4: nextIndex: updateUnconditionally 0 -> 0
2019-10-06 01:13:26,308 [main] INFO  ozone.MiniOzoneClusterImpl (MiniOzoneClusterImpl.java:lambda$waitForClusterToBeReady$0(147)) - Waiting for cluster to be ready. Got 0 of 7 DN Heartbeats.
2019-10-06 01:13:26,798 [Datanode State Machine Thread - 0] INFO  ozoneimpl.OzoneContainer (OzoneContainer.java:start(217)) - Attempting to start container services.
2019-10-06 01:13:26,798 [Datanode State Machine Thread - 0] INFO  ozoneimpl.OzoneContainer (OzoneContainer.java:startContainerScrub(179)) - Background container scanner has been disabled.
2019-10-06 01:13:26,798 [Datanode State Machine Thread - 0] INFO  ratis.XceiverServerRatis (XceiverServerRatis.java:start(417)) - Starting XceiverServerRatis 836e3f1a-ab65-4c90-b2a8-ed05020c31b4 at port 0
2019-10-06 01:13:26,804 [Datanode State Machine Thread - 0] INFO  impl.RaftServerProxy (RaftServerProxy.java:lambda$start$3(299)) - 836e3f1a-ab65-4c90-b2a8-ed05020c31b4: start RPC server
2019-10-06 01:13:26,805 [Datanode State Machine Thread - 0] INFO  server.GrpcService (GrpcService.java:startImpl(158)) - 836e3f1a-ab65-4c90-b2a8-ed05020c31b4: GrpcService started, listening on 0.0.0.0/0.0.0.0:37628
2019-10-06 01:13:26,805 [Datanode State Machine Thread - 0] INFO  ratis.XceiverServerRatis (XceiverServerRatis.java:start(427)) - XceiverServerRatis 836e3f1a-ab65-4c90-b2a8-ed05020c31b4 is started using port 37628
2019-10-06 01:13:26,805 [Datanode State Machine Thread - 0] INFO  server.XceiverServerGrpc (XceiverServerGrpc.java:start(149)) - XceiverServerGrpc 836e3f1a-ab65-4c90-b2a8-ed05020c31b4 is started using port 40207
2019-10-06 01:13:26,855 [Datanode State Machine Thread - 0] INFO  ozoneimpl.OzoneContainer (OzoneContainer.java:start(217)) - Attempting to start container services.
2019-10-06 01:13:26,856 [Datanode State Machine Thread - 0] INFO  ozoneimpl.OzoneContainer (OzoneContainer.java:startContainerScrub(179)) - Background container scanner has been disabled.
2019-10-06 01:13:26,856 [Datanode State Machine Thread - 0] INFO  ratis.XceiverServerRatis (XceiverServerRatis.java:start(417)) - Starting XceiverServerRatis 16cf88f3-28e7-40e7-89d2-347d16ab87a8 at port 0
2019-10-06 01:13:26,862 [Datanode State Machine Thread - 0] INFO  impl.RaftServerProxy (RaftServerProxy.java:lambda$start$3(299)) - 16cf88f3-28e7-40e7-89d2-347d16ab87a8: start RPC server
2019-10-06 01:13:26,863 [Datanode State Machine Thread - 0] INFO  server.GrpcService (GrpcService.java:startImpl(158)) - 16cf88f3-28e7-40e7-89d2-347d16ab87a8: GrpcService started, listening on 0.0.0.0/0.0.0.0:33900
2019-10-06 01:13:26,863 [Datanode State Machine Thread - 0] INFO  ratis.XceiverServerRatis (XceiverServerRatis.java:start(427)) - XceiverServerRatis 16cf88f3-28e7-40e7-89d2-347d16ab87a8 is started using port 33900
2019-10-06 01:13:26,866 [Datanode State Machine Thread - 0] INFO  server.XceiverServerGrpc (XceiverServerGrpc.java:start(149)) - XceiverServerGrpc 16cf88f3-28e7-40e7-89d2-347d16ab87a8 is started using port 45223
2019-10-06 01:13:26,932 [Datanode State Machine Thread - 0] INFO  ozoneimpl.OzoneContainer (OzoneContainer.java:start(217)) - Attempting to start container services.
2019-10-06 01:13:26,932 [Datanode State Machine Thread - 0] INFO  ozoneimpl.OzoneContainer (OzoneContainer.java:startContainerScrub(179)) - Background container scanner has been disabled.
2019-10-06 01:13:26,933 [Datanode State Machine Thread - 0] INFO  ratis.XceiverServerRatis (XceiverServerRatis.java:start(417)) - Starting XceiverServerRatis be5dbd50-13ce-4203-a1ab-b540c84483b8 at port 0
2019-10-06 01:13:26,939 [Datanode State Machine Thread - 0] INFO  impl.RaftServerProxy (RaftServerProxy.java:lambda$start$3(299)) - be5dbd50-13ce-4203-a1ab-b540c84483b8: start RPC server
2019-10-06 01:13:26,943 [Datanode State Machine Thread - 0] INFO  server.GrpcService (GrpcService.java:startImpl(158)) - be5dbd50-13ce-4203-a1ab-b540c84483b8: GrpcService started, listening on 0.0.0.0/0.0.0.0:33820
2019-10-06 01:13:26,943 [Datanode State Machine Thread - 0] INFO  ratis.XceiverServerRatis (XceiverServerRatis.java:start(427)) - XceiverServerRatis be5dbd50-13ce-4203-a1ab-b540c84483b8 is started using port 33820
2019-10-06 01:13:26,943 [Datanode State Machine Thread - 0] INFO  server.XceiverServerGrpc (XceiverServerGrpc.java:start(149)) - XceiverServerGrpc be5dbd50-13ce-4203-a1ab-b540c84483b8 is started using port 41368
2019-10-06 01:13:27,020 [Datanode State Machine Thread - 0] INFO  ozoneimpl.OzoneContainer (OzoneContainer.java:start(217)) - Attempting to start container services.
2019-10-06 01:13:27,020 [Datanode State Machine Thread - 0] INFO  ozoneimpl.OzoneContainer (OzoneContainer.java:startContainerScrub(179)) - Background container scanner has been disabled.
2019-10-06 01:13:27,020 [Datanode State Machine Thread - 0] INFO  ratis.XceiverServerRatis (XceiverServerRatis.java:start(417)) - Starting XceiverServerRatis e17d88b9-44d7-4ac5-a25e-898f1b9f2a83 at port 0
2019-10-06 01:13:27,029 [Datanode State Machine Thread - 0] INFO  impl.RaftServerProxy (RaftServerProxy.java:lambda$start$3(299)) - e17d88b9-44d7-4ac5-a25e-898f1b9f2a83: start RPC server
2019-10-06 01:13:27,033 [Datanode State Machine Thread - 0] INFO  server.GrpcService (GrpcService.java:startImpl(158)) - e17d88b9-44d7-4ac5-a25e-898f1b9f2a83: GrpcService started, listening on 0.0.0.0/0.0.0.0:37773
2019-10-06 01:13:27,033 [Datanode State Machine Thread - 0] INFO  ratis.XceiverServerRatis (XceiverServerRatis.java:start(427)) - XceiverServerRatis e17d88b9-44d7-4ac5-a25e-898f1b9f2a83 is started using port 37773
2019-10-06 01:13:27,034 [Datanode State Machine Thread - 0] INFO  server.XceiverServerGrpc (XceiverServerGrpc.java:start(149)) - XceiverServerGrpc e17d88b9-44d7-4ac5-a25e-898f1b9f2a83 is started using port 38840
2019-10-06 01:13:27,137 [Datanode State Machine Thread - 0] INFO  ozoneimpl.OzoneContainer (OzoneContainer.java:start(217)) - Attempting to start container services.
2019-10-06 01:13:27,138 [Datanode State Machine Thread - 0] INFO  ozoneimpl.OzoneContainer (OzoneContainer.java:startContainerScrub(179)) - Background container scanner has been disabled.
2019-10-06 01:13:27,138 [Datanode State Machine Thread - 0] INFO  ratis.XceiverServerRatis (XceiverServerRatis.java:start(417)) - Starting XceiverServerRatis 520eed3d-77c0-4796-994f-c9f7f7327894 at port 0
2019-10-06 01:13:27,145 [Datanode State Machine Thread - 0] INFO  impl.RaftServerProxy (RaftServerProxy.java:lambda$start$3(299)) - 520eed3d-77c0-4796-994f-c9f7f7327894: start RPC server
2019-10-06 01:13:27,149 [Datanode State Machine Thread - 0] INFO  server.GrpcService (GrpcService.java:startImpl(158)) - 520eed3d-77c0-4796-994f-c9f7f7327894: GrpcService started, listening on 0.0.0.0/0.0.0.0:45511
2019-10-06 01:13:27,150 [Datanode State Machine Thread - 0] INFO  ratis.XceiverServerRatis (XceiverServerRatis.java:start(427)) - XceiverServerRatis 520eed3d-77c0-4796-994f-c9f7f7327894 is started using port 45511
2019-10-06 01:13:27,150 [Datanode State Machine Thread - 0] INFO  server.XceiverServerGrpc (XceiverServerGrpc.java:start(149)) - XceiverServerGrpc 520eed3d-77c0-4796-994f-c9f7f7327894 is started using port 33408
2019-10-06 01:13:27,250 [Datanode State Machine Thread - 0] INFO  ozoneimpl.OzoneContainer (OzoneContainer.java:start(217)) - Attempting to start container services.
2019-10-06 01:13:27,250 [Datanode State Machine Thread - 0] INFO  ozoneimpl.OzoneContainer (OzoneContainer.java:startContainerScrub(179)) - Background container scanner has been disabled.
2019-10-06 01:13:27,250 [Datanode State Machine Thread - 0] INFO  ratis.XceiverServerRatis (XceiverServerRatis.java:start(417)) - Starting XceiverServerRatis c7fcae2d-ab82-49be-983f-89bdb3ad2cf8 at port 0
2019-10-06 01:13:27,260 [Datanode State Machine Thread - 0] INFO  impl.RaftServerProxy (RaftServerProxy.java:lambda$start$3(299)) - c7fcae2d-ab82-49be-983f-89bdb3ad2cf8: start RPC server
2019-10-06 01:13:27,267 [Datanode State Machine Thread - 0] INFO  server.GrpcService (GrpcService.java:startImpl(158)) - c7fcae2d-ab82-49be-983f-89bdb3ad2cf8: GrpcService started, listening on 0.0.0.0/0.0.0.0:40892
2019-10-06 01:13:27,267 [Datanode State Machine Thread - 0] INFO  ratis.XceiverServerRatis (XceiverServerRatis.java:start(427)) - XceiverServerRatis c7fcae2d-ab82-49be-983f-89bdb3ad2cf8 is started using port 40892
2019-10-06 01:13:27,273 [Datanode State Machine Thread - 0] INFO  server.XceiverServerGrpc (XceiverServerGrpc.java:start(149)) - XceiverServerGrpc c7fcae2d-ab82-49be-983f-89bdb3ad2cf8 is started using port 42050
2019-10-06 01:13:27,309 [main] INFO  ozone.MiniOzoneClusterImpl (MiniOzoneClusterImpl.java:lambda$waitForClusterToBeReady$0(147)) - Waiting for cluster to be ready. Got 0 of 7 DN Heartbeats.
2019-10-06 01:13:27,323 [Datanode State Machine Thread - 0] INFO  ozoneimpl.OzoneContainer (OzoneContainer.java:start(217)) - Attempting to start container services.
2019-10-06 01:13:27,324 [Datanode State Machine Thread - 0] INFO  ozoneimpl.OzoneContainer (OzoneContainer.java:startContainerScrub(179)) - Background container scanner has been disabled.
2019-10-06 01:13:27,324 [Datanode State Machine Thread - 0] INFO  ratis.XceiverServerRatis (XceiverServerRatis.java:start(417)) - Starting XceiverServerRatis 9d0becdb-37b1-442f-a109-e1e9beb55192 at port 0
2019-10-06 01:13:27,329 [Datanode State Machine Thread - 0] INFO  impl.RaftServerProxy (RaftServerProxy.java:lambda$start$3(299)) - 9d0becdb-37b1-442f-a109-e1e9beb55192: start RPC server
2019-10-06 01:13:27,330 [Datanode State Machine Thread - 0] INFO  server.GrpcService (GrpcService.java:startImpl(158)) - 9d0becdb-37b1-442f-a109-e1e9beb55192: GrpcService started, listening on 0.0.0.0/0.0.0.0:40096
2019-10-06 01:13:27,330 [Datanode State Machine Thread - 0] INFO  ratis.XceiverServerRatis (XceiverServerRatis.java:start(427)) - XceiverServerRatis 9d0becdb-37b1-442f-a109-e1e9beb55192 is started using port 40096
2019-10-06 01:13:27,351 [Datanode State Machine Thread - 0] INFO  server.XceiverServerGrpc (XceiverServerGrpc.java:start(149)) - XceiverServerGrpc 9d0becdb-37b1-442f-a109-e1e9beb55192 is started using port 38505
2019-10-06 01:13:27,828 [grpc-default-executor-1] WARN  server.GrpcLogAppender (LogUtils.java:warn(134)) - bf220e48-d6ce-49f3-a557-fc9d50d77ef3@group-F8ADE7488A15->a3975b4a-105c-4b9b-8142-24e206f1c3ba-AppendLogResponseHandler: Failed appendEntries: org.apache.ratis.thirdparty.io.grpc.StatusRuntimeException: UNAVAILABLE: io exception
2019-10-06 01:13:27,828 [grpc-default-executor-1] INFO  impl.FollowerInfo (FollowerInfo.java:lambda$new$0(51)) - bf220e48-d6ce-49f3-a557-fc9d50d77ef3@group-F8ADE7488A15->a3975b4a-105c-4b9b-8142-24e206f1c3ba: nextIndex: updateUnconditionally 0 -> 0
2019-10-06 01:13:27,848 [grpc-default-executor-4] WARN  server.GrpcLogAppender (LogUtils.java:warn(134)) - bf220e48-d6ce-49f3-a557-fc9d50d77ef3@group-F8ADE7488A15->6e899f9a-39c7-4d88-8fee-651142b6bdd4-AppendLogResponseHandler: Failed appendEntries: org.apache.ratis.thirdparty.io.grpc.StatusRuntimeException: UNAVAILABLE: io exception
2019-10-06 01:13:27,849 [grpc-default-executor-4] INFO  impl.FollowerInfo (FollowerInfo.java:lambda$new$0(51)) - bf220e48-d6ce-49f3-a557-fc9d50d77ef3@group-F8ADE7488A15->6e899f9a-39c7-4d88-8fee-651142b6bdd4: nextIndex: updateUnconditionally 0 -> 0
2019-10-06 01:13:28,309 [main] INFO  ozone.MiniOzoneClusterImpl (MiniOzoneClusterImpl.java:lambda$waitForClusterToBeReady$0(147)) - Waiting for cluster to be ready. Got 0 of 7 DN Heartbeats.
2019-10-06 01:13:28,739 [IPC Server handler 4 on 34373] INFO  net.NetworkTopology (NetworkTopologyImpl.java:add(111)) - Added a new node: /default-rack/836e3f1a-ab65-4c90-b2a8-ed05020c31b4
2019-10-06 01:13:28,743 [IPC Server handler 4 on 34373] INFO  node.SCMNodeManager (SCMNodeManager.java:register(266)) - Registered Data node : 836e3f1a-ab65-4c90-b2a8-ed05020c31b4{ip: 192.168.30.55, host: pr-hdds-2233-w5czk-1584650955, networkLocation: /default-rack, certSerialId: null}
2019-10-06 01:13:28,744 [EventQueue-NodeRegistrationContainerReportForDataNodeSafeModeRule] INFO  safemode.SCMSafeModeManager (DataNodeSafeModeRule.java:process(71)) - SCM in safe mode. 1 DataNodes registered, 1 required.
2019-10-06 01:13:28,748 [EventQueue-NodeRegistrationContainerReportForDataNodeSafeModeRule] INFO  safemode.SCMSafeModeManager (SCMSafeModeManager.java:validateSafeModeExitRules(177)) - ScmSafeModeManager, all rules are successfully validated
2019-10-06 01:13:28,748 [EventQueue-NodeRegistrationContainerReportForDataNodeSafeModeRule] INFO  safemode.SCMSafeModeManager (SCMSafeModeManager.java:exitSafeMode(193)) - SCM exiting safe mode.
2019-10-06 01:13:28,757 [grpc-default-executor-4] INFO  impl.RaftServerProxy (RaftServerProxy.java:addNew(89)) - 836e3f1a-ab65-4c90-b2a8-ed05020c31b4: addNew group-848E87C70F24:[836e3f1a-ab65-4c90-b2a8-ed05020c31b4:192.168.30.55:37628] returns group-848E87C70F24:java.util.concurrent.CompletableFuture@6b411bf9[Not completed]
2019-10-06 01:13:28,759 [pool-383-thread-1] INFO  impl.RaftServerImpl (RaftServerImpl.java:<init>(95)) - 836e3f1a-ab65-4c90-b2a8-ed05020c31b4: new RaftServerImpl for group-848E87C70F24:[836e3f1a-ab65-4c90-b2a8-ed05020c31b4:192.168.30.55:37628] with ContainerStateMachine:uninitialized
2019-10-06 01:13:28,759 [pool-383-thread-1] INFO  server.RaftServerConfigKeys (ConfUtils.java:logGet(43)) - raft.server.rpc.timeout.min = 5s (custom)
2019-10-06 01:13:28,759 [pool-383-thread-1] INFO  server.RaftServerConfigKeys (ConfUtils.java:logGet(43)) - raft.server.rpc.timeout.max = 5200ms (custom)
2019-10-06 01:13:28,759 [pool-383-thread-1] INFO  server.RaftServerConfigKeys (ConfUtils.java:logGet(43)) - raft.server.rpcslowness.timeout = 120s (custom)
2019-10-06 01:13:28,759 [pool-383-thread-1] INFO  server.RaftServerConfigKeys (ConfUtils.java:logGet(43)) - raft.server.sleep.deviation.threshold = 300 (default)
2019-10-06 01:13:28,759 [pool-383-thread-1] INFO  server.RaftServerConfigKeys (ConfUtils.java:logGet(43)) - raft.server.log.appender.install.snapshot.enabled = false (custom)
2019-10-06 01:13:28,760 [pool-383-thread-1] INFO  impl.RaftServerImpl (ServerState.java:<init>(103)) - 836e3f1a-ab65-4c90-b2a8-ed05020c31b4@group-848E87C70F24: ConfigurationManager, init=-1: [836e3f1a-ab65-4c90-b2a8-ed05020c31b4:192.168.30.55:37628], old=null, confs=<EMPTY_MAP>
2019-10-06 01:13:28,760 [pool-383-thread-1] INFO  server.RaftServerConfigKeys (ConfUtils.java:logGet(43)) - raft.server.storage.dir = [/workdir/hadoop-ozone/integration-test/target/test-dir/MiniOzoneClusterImpl-0eec6d6b-e739-437d-bd39-485dbec10836/datanode-0/data/ratis] (custom)
2019-10-06 01:13:28,760 [pool-383-thread-1] INFO  server.RaftServerConfigKeys (ConfUtils.java:logGet(43)) - raft.server.log.corruption.policy = EXCEPTION (default)
2019-10-06 01:13:28,760 [pool-383-thread-1] INFO  storage.RaftStorageDirectory (RaftStorageDirectory.java:analyzeStorage(246)) - The storage directory /workdir/hadoop-ozone/integration-test/target/test-dir/MiniOzoneClusterImpl-0eec6d6b-e739-437d-bd39-485dbec10836/datanode-0/data/ratis/63ac894b-b505-47a6-813b-848e87c70f24 does not exist. Creating ...
2019-10-06 01:13:28,773 [pool-383-thread-1] INFO  storage.RaftStorageDirectory (RaftStorageDirectory.java:tryLock(328)) - Lock on /workdir/hadoop-ozone/integration-test/target/test-dir/MiniOzoneClusterImpl-0eec6d6b-e739-437d-bd39-485dbec10836/datanode-0/data/ratis/63ac894b-b505-47a6-813b-848e87c70f24/in_use.lock acquired by nodename 12540@pr-hdds-2233-w5czk-1584650955
2019-10-06 01:13:28,786 [pool-383-thread-1] INFO  storage.RaftStorage (RaftStorage.java:format(84)) - Storage directory /workdir/hadoop-ozone/integration-test/target/test-dir/MiniOzoneClusterImpl-0eec6d6b-e739-437d-bd39-485dbec10836/datanode-0/data/ratis/63ac894b-b505-47a6-813b-848e87c70f24 has been successfully formatted.
2019-10-06 01:13:28,786 [pool-383-thread-1] INFO  ratis.ContainerStateMachine (ContainerStateMachine.java:loadSnapshot(230)) - group-848E87C70F24: The snapshot info is null. Setting the last applied indexto:(t:0, i:~)
2019-10-06 01:13:28,786 [pool-383-thread-1] INFO  server.RaftServerConfigKeys (ConfUtils.java:logGet(43)) - raft.server.notification.no-leader.timeout = 120s (custom)
2019-10-06 01:13:28,786 [pool-383-thread-1] INFO  server.RaftServerConfigKeys (ConfUtils.java:logGet(43)) - raft.server.log.use.memory = false (default)
2019-10-06 01:13:28,787 [pool-383-thread-1] INFO  server.RaftServerConfigKeys (ConfUtils.java:logGet(43)) - raft.server.log.purge.gap = 1000000 (custom)
2019-10-06 01:13:28,787 [pool-383-thread-1] INFO  server.RaftServerConfigKeys (ConfUtils.java:logGet(43)) - raft.server.log.appender.buffer.byte-limit = 33554432 (custom)
2019-10-06 01:13:28,787 [pool-383-thread-1] INFO  server.RaftServerConfigKeys (ConfUtils.java:logGet(43)) - raft.server.log.segment.size.max = 1048576 (custom)
2019-10-06 01:13:28,788 [pool-383-thread-1] INFO  server.RaftServerConfigKeys (ConfUtils.java:logGet(43)) - raft.server.log.segment.cache.num.max = 2 (custom)
2019-10-06 01:13:28,788 [pool-383-thread-1] INFO  segmented.SegmentedRaftLogWorker (SegmentedRaftLogWorker.java:<init>(173)) - new 836e3f1a-ab65-4c90-b2a8-ed05020c31b4@group-848E87C70F24-SegmentedRaftLogWorker for RaftStorage:Storage Directory /workdir/hadoop-ozone/integration-test/target/test-dir/MiniOzoneClusterImpl-0eec6d6b-e739-437d-bd39-485dbec10836/datanode-0/data/ratis/63ac894b-b505-47a6-813b-848e87c70f24
2019-10-06 01:13:28,789 [pool-383-thread-1] INFO  server.RaftServerConfigKeys (ConfUtils.java:logGet(43)) - raft.server.log.queue.byte-limit = 2147483647 (custom)
2019-10-06 01:13:28,789 [pool-383-thread-1] INFO  server.RaftServerConfigKeys (ConfUtils.java:logGet(43)) - raft.server.log.queue.element-limit = 1024 (custom)
2019-10-06 01:13:28,789 [pool-383-thread-1] INFO  server.RaftServerConfigKeys (ConfUtils.java:logGet(43)) - raft.server.log.segment.size.max = 1048576 (custom)
2019-10-06 01:13:28,789 [pool-383-thread-1] INFO  server.RaftServerConfigKeys (ConfUtils.java:logGet(43)) - raft.server.log.preallocated.size = 16384 (custom)
2019-10-06 01:13:28,789 [pool-383-thread-1] INFO  server.RaftServerConfigKeys (ConfUtils.java:logGet(43)) - raft.server.log.write.buffer.size = 33554432 (custom)
2019-10-06 01:13:28,789 [pool-383-thread-1] INFO  server.RaftServerConfigKeys (ConfUtils.java:logGet(43)) - raft.server.log.force.sync.num = 128 (default)
2019-10-06 01:13:28,789 [pool-383-thread-1] INFO  server.RaftServerConfigKeys (ConfUtils.java:logGet(43)) - raft.server.log.statemachine.data.sync = true (default)
2019-10-06 01:13:28,789 [pool-383-thread-1] INFO  server.RaftServerConfigKeys (ConfUtils.java:logGet(43)) - raft.server.log.statemachine.data.sync.timeout = 10s (default)
2019-10-06 01:13:28,789 [pool-383-thread-1] INFO  server.RaftServerConfigKeys (ConfUtils.java:logGet(43)) - raft.server.log.statemachine.data.sync.timeout.retry = -1 (default)
2019-10-06 01:13:28,790 [pool-383-thread-1] INFO  server.RaftServerConfigKeys (ConfUtils.java:logGet(43)) - raft.server.log.statemachine.data.caching.enabled = true (custom)
2019-10-06 01:13:28,790 [pool-383-thread-1] INFO  segmented.SegmentedRaftLogWorker (SegmentedRaftLogWorker.java:lambda$new$0(128)) - 836e3f1a-ab65-4c90-b2a8-ed05020c31b4@group-848E87C70F24-SegmentedRaftLogWorker: flushIndex: setUnconditionally 0 -> -1
2019-10-06 01:13:28,790 [pool-383-thread-1] INFO  server.RaftServerConfigKeys (ConfUtils.java:logGet(43)) - raft.server.snapshot.auto.trigger.enabled = true (custom)
2019-10-06 01:13:28,790 [pool-383-thread-1] INFO  server.RaftServerConfigKeys (ConfUtils.java:logGet(43)) - raft.server.snapshot.auto.trigger.threshold = 10000 (custom)
2019-10-06 01:13:28,790 [pool-383-thread-1] INFO  server.RaftServerConfigKeys (ConfUtils.java:logGet(43)) - raft.server.snapshot.retention.file.num = 5 (custom)
2019-10-06 01:13:28,790 [pool-383-thread-1] INFO  server.RaftServerConfigKeys (ConfUtils.java:logGet(43)) - raft.server.retrycache.expirytime = 600000ms (custom)
2019-10-06 01:13:28,791 [pool-383-thread-1] INFO  impl.RaftServerImpl (RaftServerImpl.java:start(181)) - 836e3f1a-ab65-4c90-b2a8-ed05020c31b4@group-848E87C70F24: start as a follower, conf=-1: [836e3f1a-ab65-4c90-b2a8-ed05020c31b4:192.168.30.55:37628], old=null
2019-10-06 01:13:28,792 [pool-383-thread-1] INFO  impl.RaftServerImpl (RaftServerImpl.java:setRole(170)) - 836e3f1a-ab65-4c90-b2a8-ed05020c31b4@group-848E87C70F24: changes role from      null to FOLLOWER at term 0 for startAsFollower
2019-10-06 01:13:28,792 [pool-383-thread-1] INFO  impl.RoleInfo (RoleInfo.java:updateAndGet(143)) - 836e3f1a-ab65-4c90-b2a8-ed05020c31b4: start FollowerState
2019-10-06 01:13:28,792 [pool-383-thread-1] INFO  util.JmxRegister (JmxRegister.java:tryRegister(44)) - Successfully registered JMX Bean with object name Ratis:service=RaftServer,group=group-848E87C70F24,id=836e3f1a-ab65-4c90-b2a8-ed05020c31b4
2019-10-06 01:13:28,796 [RatisPipelineUtilsThread] INFO  pipeline.PipelineStateManager (PipelineStateManager.java:addPipeline(56)) - Created pipeline Pipeline[ Id: 63ac894b-b505-47a6-813b-848e87c70f24, Nodes: 836e3f1a-ab65-4c90-b2a8-ed05020c31b4{ip: 192.168.30.55, host: pr-hdds-2233-w5czk-1584650955, networkLocation: /default-rack, certSerialId: null}, Type:RATIS, Factor:ONE, State:OPEN]
2019-10-06 01:13:28,836 [IPC Server handler 6 on 34373] INFO  net.NetworkTopology (NetworkTopologyImpl.java:add(111)) - Added a new node: /default-rack/16cf88f3-28e7-40e7-89d2-347d16ab87a8
2019-10-06 01:13:28,836 [IPC Server handler 6 on 34373] INFO  node.SCMNodeManager (SCMNodeManager.java:register(266)) - Registered Data node : 16cf88f3-28e7-40e7-89d2-347d16ab87a8{ip: 192.168.30.55, host: pr-hdds-2233-w5czk-1584650955, networkLocation: /default-rack, certSerialId: null}
2019-10-06 01:13:28,845 [grpc-default-executor-4] INFO  impl.RaftServerProxy (RaftServerProxy.java:addNew(89)) - 16cf88f3-28e7-40e7-89d2-347d16ab87a8: addNew group-56EAD53F5ED3:[16cf88f3-28e7-40e7-89d2-347d16ab87a8:192.168.30.55:33900] returns group-56EAD53F5ED3:java.util.concurrent.CompletableFuture@54d9c5b7[Not completed]
2019-10-06 01:13:28,846 [pool-393-thread-1] INFO  impl.RaftServerImpl (RaftServerImpl.java:<init>(95)) - 16cf88f3-28e7-40e7-89d2-347d16ab87a8: new RaftServerImpl for group-56EAD53F5ED3:[16cf88f3-28e7-40e7-89d2-347d16ab87a8:192.168.30.55:33900] with ContainerStateMachine:uninitialized
2019-10-06 01:13:28,846 [pool-393-thread-1] INFO  server.RaftServerConfigKeys (ConfUtils.java:logGet(43)) - raft.server.rpc.timeout.min = 5s (custom)
2019-10-06 01:13:28,847 [pool-393-thread-1] INFO  server.RaftServerConfigKeys (ConfUtils.java:logGet(43)) - raft.server.rpc.timeout.max = 5200ms (custom)
2019-10-06 01:13:28,847 [pool-393-thread-1] INFO  server.RaftServerConfigKeys (ConfUtils.java:logGet(43)) - raft.server.rpcslowness.timeout = 120s (custom)
2019-10-06 01:13:28,847 [pool-393-thread-1] INFO  server.RaftServerConfigKeys (ConfUtils.java:logGet(43)) - raft.server.sleep.deviation.threshold = 300 (default)
2019-10-06 01:13:28,847 [pool-393-thread-1] INFO  server.RaftServerConfigKeys (ConfUtils.java:logGet(43)) - raft.server.log.appender.install.snapshot.enabled = false (custom)
2019-10-06 01:13:28,847 [pool-393-thread-1] INFO  impl.RaftServerImpl (ServerState.java:<init>(103)) - 16cf88f3-28e7-40e7-89d2-347d16ab87a8@group-56EAD53F5ED3: ConfigurationManager, init=-1: [16cf88f3-28e7-40e7-89d2-347d16ab87a8:192.168.30.55:33900], old=null, confs=<EMPTY_MAP>
2019-10-06 01:13:28,847 [pool-393-thread-1] INFO  server.RaftServerConfigKeys (ConfUtils.java:logGet(43)) - raft.server.storage.dir = [/workdir/hadoop-ozone/integration-test/target/test-dir/MiniOzoneClusterImpl-0eec6d6b-e739-437d-bd39-485dbec10836/datanode-1/data/ratis] (custom)
2019-10-06 01:13:28,848 [pool-393-thread-1] INFO  server.RaftServerConfigKeys (ConfUtils.java:logGet(43)) - raft.server.log.corruption.policy = EXCEPTION (default)
2019-10-06 01:13:28,848 [pool-393-thread-1] INFO  storage.RaftStorageDirectory (RaftStorageDirectory.java:analyzeStorage(246)) - The storage directory /workdir/hadoop-ozone/integration-test/target/test-dir/MiniOzoneClusterImpl-0eec6d6b-e739-437d-bd39-485dbec10836/datanode-1/data/ratis/c92e6b36-0240-4645-82dd-56ead53f5ed3 does not exist. Creating ...
2019-10-06 01:13:28,861 [pool-393-thread-1] INFO  storage.RaftStorageDirectory (RaftStorageDirectory.java:tryLock(328)) - Lock on /workdir/hadoop-ozone/integration-test/target/test-dir/MiniOzoneClusterImpl-0eec6d6b-e739-437d-bd39-485dbec10836/datanode-1/data/ratis/c92e6b36-0240-4645-82dd-56ead53f5ed3/in_use.lock acquired by nodename 12540@pr-hdds-2233-w5czk-1584650955
2019-10-06 01:13:28,874 [pool-393-thread-1] INFO  storage.RaftStorage (RaftStorage.java:format(84)) - Storage directory /workdir/hadoop-ozone/integration-test/target/test-dir/MiniOzoneClusterImpl-0eec6d6b-e739-437d-bd39-485dbec10836/datanode-1/data/ratis/c92e6b36-0240-4645-82dd-56ead53f5ed3 has been successfully formatted.
2019-10-06 01:13:28,874 [pool-393-thread-1] INFO  ratis.ContainerStateMachine (ContainerStateMachine.java:loadSnapshot(230)) - group-56EAD53F5ED3: The snapshot info is null. Setting the last applied indexto:(t:0, i:~)
2019-10-06 01:13:28,874 [pool-393-thread-1] INFO  server.RaftServerConfigKeys (ConfUtils.java:logGet(43)) - raft.server.notification.no-leader.timeout = 120s (custom)
2019-10-06 01:13:28,874 [pool-393-thread-1] INFO  server.RaftServerConfigKeys (ConfUtils.java:logGet(43)) - raft.server.log.use.memory = false (default)
2019-10-06 01:13:28,874 [pool-393-thread-1] INFO  server.RaftServerConfigKeys (ConfUtils.java:logGet(43)) - raft.server.log.purge.gap = 1000000 (custom)
2019-10-06 01:13:28,874 [pool-393-thread-1] INFO  server.RaftServerConfigKeys (ConfUtils.java:logGet(43)) - raft.server.log.appender.buffer.byte-limit = 33554432 (custom)
2019-10-06 01:13:28,875 [pool-393-thread-1] INFO  server.RaftServerConfigKeys (ConfUtils.java:logGet(43)) - raft.server.log.segment.size.max = 1048576 (custom)
2019-10-06 01:13:28,876 [pool-393-thread-1] INFO  server.RaftServerConfigKeys (ConfUtils.java:logGet(43)) - raft.server.log.segment.cache.num.max = 2 (custom)
2019-10-06 01:13:28,876 [pool-393-thread-1] INFO  segmented.SegmentedRaftLogWorker (SegmentedRaftLogWorker.java:<init>(173)) - new 16cf88f3-28e7-40e7-89d2-347d16ab87a8@group-56EAD53F5ED3-SegmentedRaftLogWorker for RaftStorage:Storage Directory /workdir/hadoop-ozone/integration-test/target/test-dir/MiniOzoneClusterImpl-0eec6d6b-e739-437d-bd39-485dbec10836/datanode-1/data/ratis/c92e6b36-0240-4645-82dd-56ead53f5ed3
2019-10-06 01:13:28,877 [pool-393-thread-1] INFO  server.RaftServerConfigKeys (ConfUtils.java:logGet(43)) - raft.server.log.queue.byte-limit = 2147483647 (custom)
2019-10-06 01:13:28,877 [pool-393-thread-1] INFO  server.RaftServerConfigKeys (ConfUtils.java:logGet(43)) - raft.server.log.queue.element-limit = 1024 (custom)
2019-10-06 01:13:28,877 [pool-393-thread-1] INFO  server.RaftServerConfigKeys (ConfUtils.java:logGet(43)) - raft.server.log.segment.size.max = 1048576 (custom)
2019-10-06 01:13:28,877 [pool-393-thread-1] INFO  server.RaftServerConfigKeys (ConfUtils.java:logGet(43)) - raft.server.log.preallocated.size = 16384 (custom)
2019-10-06 01:13:28,877 [pool-393-thread-1] INFO  server.RaftServerConfigKeys (ConfUtils.java:logGet(43)) - raft.server.log.write.buffer.size = 33554432 (custom)
2019-10-06 01:13:28,877 [pool-393-thread-1] INFO  server.RaftServerConfigKeys (ConfUtils.java:logGet(43)) - raft.server.log.force.sync.num = 128 (default)
2019-10-06 01:13:28,877 [pool-393-thread-1] INFO  server.RaftServerConfigKeys (ConfUtils.java:logGet(43)) - raft.server.log.statemachine.data.sync = true (default)
2019-10-06 01:13:28,878 [pool-393-thread-1] INFO  server.RaftServerConfigKeys (ConfUtils.java:logGet(43)) - raft.server.log.statemachine.data.sync.timeout = 10s (default)
2019-10-06 01:13:28,878 [pool-393-thread-1] INFO  server.RaftServerConfigKeys (ConfUtils.java:logGet(43)) - raft.server.log.statemachine.data.sync.timeout.retry = -1 (default)
2019-10-06 01:13:28,878 [pool-393-thread-1] INFO  server.RaftServerConfigKeys (ConfUtils.java:logGet(43)) - raft.server.log.statemachine.data.caching.enabled = true (custom)
2019-10-06 01:13:28,878 [pool-393-thread-1] INFO  segmented.SegmentedRaftLogWorker (SegmentedRaftLogWorker.java:lambda$new$0(128)) - 16cf88f3-28e7-40e7-89d2-347d16ab87a8@group-56EAD53F5ED3-SegmentedRaftLogWorker: flushIndex: setUnconditionally 0 -> -1
2019-10-06 01:13:28,879 [pool-393-thread-1] INFO  server.RaftServerConfigKeys (ConfUtils.java:logGet(43)) - raft.server.snapshot.auto.trigger.enabled = true (custom)
2019-10-06 01:13:28,879 [pool-393-thread-1] INFO  server.RaftServerConfigKeys (ConfUtils.java:logGet(43)) - raft.server.snapshot.auto.trigger.threshold = 10000 (custom)
2019-10-06 01:13:28,879 [pool-393-thread-1] INFO  server.RaftServerConfigKeys (ConfUtils.java:logGet(43)) - raft.server.snapshot.retention.file.num = 5 (custom)
2019-10-06 01:13:28,879 [pool-393-thread-1] INFO  server.RaftServerConfigKeys (ConfUtils.java:logGet(43)) - raft.server.retrycache.expirytime = 600000ms (custom)
2019-10-06 01:13:28,881 [pool-393-thread-1] INFO  impl.RaftServerImpl (RaftServerImpl.java:start(181)) - 16cf88f3-28e7-40e7-89d2-347d16ab87a8@group-56EAD53F5ED3: start as a follower, conf=-1: [16cf88f3-28e7-40e7-89d2-347d16ab87a8:192.168.30.55:33900], old=null
2019-10-06 01:13:28,881 [pool-393-thread-1] INFO  impl.RaftServerImpl (RaftServerImpl.java:setRole(170)) - 16cf88f3-28e7-40e7-89d2-347d16ab87a8@group-56EAD53F5ED3: changes role from      null to FOLLOWER at term 0 for startAsFollower
2019-10-06 01:13:28,881 [pool-393-thread-1] INFO  impl.RoleInfo (RoleInfo.java:updateAndGet(143)) - 16cf88f3-28e7-40e7-89d2-347d16ab87a8: start FollowerState
2019-10-06 01:13:28,882 [pool-393-thread-1] INFO  util.JmxRegister (JmxRegister.java:tryRegister(44)) - Successfully registered JMX Bean with object name Ratis:service=RaftServer,group=group-56EAD53F5ED3,id=16cf88f3-28e7-40e7-89d2-347d16ab87a8
2019-10-06 01:13:28,885 [RatisPipelineUtilsThread] INFO  pipeline.PipelineStateManager (PipelineStateManager.java:addPipeline(56)) - Created pipeline Pipeline[ Id: c92e6b36-0240-4645-82dd-56ead53f5ed3, Nodes: 16cf88f3-28e7-40e7-89d2-347d16ab87a8{ip: 192.168.30.55, host: pr-hdds-2233-w5czk-1584650955, networkLocation: /default-rack, certSerialId: null}, Type:RATIS, Factor:ONE, State:OPEN]
2019-10-06 01:13:28,919 [IPC Server handler 7 on 34373] INFO  net.NetworkTopology (NetworkTopologyImpl.java:add(111)) - Added a new node: /default-rack/be5dbd50-13ce-4203-a1ab-b540c84483b8
2019-10-06 01:13:28,919 [IPC Server handler 7 on 34373] INFO  node.SCMNodeManager (SCMNodeManager.java:register(266)) - Registered Data node : be5dbd50-13ce-4203-a1ab-b540c84483b8{ip: 192.168.30.55, host: pr-hdds-2233-w5czk-1584650955, networkLocation: /default-rack, certSerialId: null}
2019-10-06 01:13:28,927 [grpc-default-executor-4] INFO  impl.RaftServerProxy (RaftServerProxy.java:addNew(89)) - be5dbd50-13ce-4203-a1ab-b540c84483b8: addNew group-9AF6410AA007:[be5dbd50-13ce-4203-a1ab-b540c84483b8:192.168.30.55:33820] returns group-9AF6410AA007:java.util.concurrent.CompletableFuture@6d6a4e7d[Not completed]
2019-10-06 01:13:28,929 [pool-403-thread-1] INFO  impl.RaftServerImpl (RaftServerImpl.java:<init>(95)) - be5dbd50-13ce-4203-a1ab-b540c84483b8: new RaftServerImpl for group-9AF6410AA007:[be5dbd50-13ce-4203-a1ab-b540c84483b8:192.168.30.55:33820] with ContainerStateMachine:uninitialized
2019-10-06 01:13:28,929 [pool-403-thread-1] INFO  server.RaftServerConfigKeys (ConfUtils.java:logGet(43)) - raft.server.rpc.timeout.min = 5s (custom)
2019-10-06 01:13:28,929 [pool-403-thread-1] INFO  server.RaftServerConfigKeys (ConfUtils.java:logGet(43)) - raft.server.rpc.timeout.max = 5200ms (custom)
2019-10-06 01:13:28,929 [pool-403-thread-1] INFO  server.RaftServerConfigKeys (ConfUtils.java:logGet(43)) - raft.server.rpcslowness.timeout = 120s (custom)
2019-10-06 01:13:28,930 [pool-403-thread-1] INFO  server.RaftServerConfigKeys (ConfUtils.java:logGet(43)) - raft.server.sleep.deviation.threshold = 300 (default)
2019-10-06 01:13:28,930 [pool-403-thread-1] INFO  server.RaftServerConfigKeys (ConfUtils.java:logGet(43)) - raft.server.log.appender.install.snapshot.enabled = false (custom)
2019-10-06 01:13:28,930 [pool-403-thread-1] INFO  impl.RaftServerImpl (ServerState.java:<init>(103)) - be5dbd50-13ce-4203-a1ab-b540c84483b8@group-9AF6410AA007: ConfigurationManager, init=-1: [be5dbd50-13ce-4203-a1ab-b540c84483b8:192.168.30.55:33820], old=null, confs=<EMPTY_MAP>
2019-10-06 01:13:28,930 [pool-403-thread-1] INFO  server.RaftServerConfigKeys (ConfUtils.java:logGet(43)) - raft.server.storage.dir = [/workdir/hadoop-ozone/integration-test/target/test-dir/MiniOzoneClusterImpl-0eec6d6b-e739-437d-bd39-485dbec10836/datanode-2/data/ratis] (custom)
2019-10-06 01:13:28,930 [pool-403-thread-1] INFO  server.RaftServerConfigKeys (ConfUtils.java:logGet(43)) - raft.server.log.corruption.policy = EXCEPTION (default)
2019-10-06 01:13:28,931 [pool-403-thread-1] INFO  storage.RaftStorageDirectory (RaftStorageDirectory.java:analyzeStorage(246)) - The storage directory /workdir/hadoop-ozone/integration-test/target/test-dir/MiniOzoneClusterImpl-0eec6d6b-e739-437d-bd39-485dbec10836/datanode-2/data/ratis/3bd74bbf-7d57-4058-bc4a-9af6410aa007 does not exist. Creating ...
2019-10-06 01:13:28,943 [pool-403-thread-1] INFO  storage.RaftStorageDirectory (RaftStorageDirectory.java:tryLock(328)) - Lock on /workdir/hadoop-ozone/integration-test/target/test-dir/MiniOzoneClusterImpl-0eec6d6b-e739-437d-bd39-485dbec10836/datanode-2/data/ratis/3bd74bbf-7d57-4058-bc4a-9af6410aa007/in_use.lock acquired by nodename 12540@pr-hdds-2233-w5czk-1584650955
2019-10-06 01:13:28,956 [pool-403-thread-1] INFO  storage.RaftStorage (RaftStorage.java:format(84)) - Storage directory /workdir/hadoop-ozone/integration-test/target/test-dir/MiniOzoneClusterImpl-0eec6d6b-e739-437d-bd39-485dbec10836/datanode-2/data/ratis/3bd74bbf-7d57-4058-bc4a-9af6410aa007 has been successfully formatted.
2019-10-06 01:13:28,957 [pool-403-thread-1] INFO  ratis.ContainerStateMachine (ContainerStateMachine.java:loadSnapshot(230)) - group-9AF6410AA007: The snapshot info is null. Setting the last applied indexto:(t:0, i:~)
2019-10-06 01:13:28,957 [pool-403-thread-1] INFO  server.RaftServerConfigKeys (ConfUtils.java:logGet(43)) - raft.server.notification.no-leader.timeout = 120s (custom)
2019-10-06 01:13:28,957 [pool-403-thread-1] INFO  server.RaftServerConfigKeys (ConfUtils.java:logGet(43)) - raft.server.log.use.memory = false (default)
2019-10-06 01:13:28,957 [pool-403-thread-1] INFO  server.RaftServerConfigKeys (ConfUtils.java:logGet(43)) - raft.server.log.purge.gap = 1000000 (custom)
2019-10-06 01:13:28,957 [pool-403-thread-1] INFO  server.RaftServerConfigKeys (ConfUtils.java:logGet(43)) - raft.server.log.appender.buffer.byte-limit = 33554432 (custom)
2019-10-06 01:13:28,957 [pool-403-thread-1] INFO  server.RaftServerConfigKeys (ConfUtils.java:logGet(43)) - raft.server.log.segment.size.max = 1048576 (custom)
2019-10-06 01:13:28,959 [pool-403-thread-1] INFO  server.RaftServerConfigKeys (ConfUtils.java:logGet(43)) - raft.server.log.segment.cache.num.max = 2 (custom)
2019-10-06 01:13:28,959 [pool-403-thread-1] INFO  segmented.SegmentedRaftLogWorker (SegmentedRaftLogWorker.java:<init>(173)) - new be5dbd50-13ce-4203-a1ab-b540c84483b8@group-9AF6410AA007-SegmentedRaftLogWorker for RaftStorage:Storage Directory /workdir/hadoop-ozone/integration-test/target/test-dir/MiniOzoneClusterImpl-0eec6d6b-e739-437d-bd39-485dbec10836/datanode-2/data/ratis/3bd74bbf-7d57-4058-bc4a-9af6410aa007
2019-10-06 01:13:28,959 [pool-403-thread-1] INFO  server.RaftServerConfigKeys (ConfUtils.java:logGet(43)) - raft.server.log.queue.byte-limit = 2147483647 (custom)
2019-10-06 01:13:28,959 [pool-403-thread-1] INFO  server.RaftServerConfigKeys (ConfUtils.java:logGet(43)) - raft.server.log.queue.element-limit = 1024 (custom)
2019-10-06 01:13:28,959 [pool-403-thread-1] INFO  server.RaftServerConfigKeys (ConfUtils.java:logGet(43)) - raft.server.log.segment.size.max = 1048576 (custom)
2019-10-06 01:13:28,960 [pool-403-thread-1] INFO  server.RaftServerConfigKeys (ConfUtils.java:logGet(43)) - raft.server.log.preallocated.size = 16384 (custom)
2019-10-06 01:13:28,960 [pool-403-thread-1] INFO  server.RaftServerConfigKeys (ConfUtils.java:logGet(43)) - raft.server.log.write.buffer.size = 33554432 (custom)
2019-10-06 01:13:28,960 [pool-403-thread-1] INFO  server.RaftServerConfigKeys (ConfUtils.java:logGet(43)) - raft.server.log.force.sync.num = 128 (default)
2019-10-06 01:13:28,960 [pool-403-thread-1] INFO  server.RaftServerConfigKeys (ConfUtils.java:logGet(43)) - raft.server.log.statemachine.data.sync = true (default)
2019-10-06 01:13:28,960 [pool-403-thread-1] INFO  server.RaftServerConfigKeys (ConfUtils.java:logGet(43)) - raft.server.log.statemachine.data.sync.timeout = 10s (default)
2019-10-06 01:13:28,960 [pool-403-thread-1] INFO  server.RaftServerConfigKeys (ConfUtils.java:logGet(43)) - raft.server.log.statemachine.data.sync.timeout.retry = -1 (default)
2019-10-06 01:13:28,961 [pool-403-thread-1] INFO  server.RaftServerConfigKeys (ConfUtils.java:logGet(43)) - raft.server.log.statemachine.data.caching.enabled = true (custom)
2019-10-06 01:13:28,961 [pool-403-thread-1] INFO  segmented.SegmentedRaftLogWorker (SegmentedRaftLogWorker.java:lambda$new$0(128)) - be5dbd50-13ce-4203-a1ab-b540c84483b8@group-9AF6410AA007-SegmentedRaftLogWorker: flushIndex: setUnconditionally 0 -> -1
2019-10-06 01:13:28,961 [pool-403-thread-1] INFO  server.RaftServerConfigKeys (ConfUtils.java:logGet(43)) - raft.server.snapshot.auto.trigger.enabled = true (custom)
2019-10-06 01:13:28,961 [pool-403-thread-1] INFO  server.RaftServerConfigKeys (ConfUtils.java:logGet(43)) - raft.server.snapshot.auto.trigger.threshold = 10000 (custom)
2019-10-06 01:13:28,961 [pool-403-thread-1] INFO  server.RaftServerConfigKeys (ConfUtils.java:logGet(43)) - raft.server.snapshot.retention.file.num = 5 (custom)
2019-10-06 01:13:28,962 [pool-403-thread-1] INFO  server.RaftServerConfigKeys (ConfUtils.java:logGet(43)) - raft.server.retrycache.expirytime = 600000ms (custom)
2019-10-06 01:13:28,963 [pool-403-thread-1] INFO  impl.RaftServerImpl (RaftServerImpl.java:start(181)) - be5dbd50-13ce-4203-a1ab-b540c84483b8@group-9AF6410AA007: start as a follower, conf=-1: [be5dbd50-13ce-4203-a1ab-b540c84483b8:192.168.30.55:33820], old=null
2019-10-06 01:13:28,963 [pool-403-thread-1] INFO  impl.RaftServerImpl (RaftServerImpl.java:setRole(170)) - be5dbd50-13ce-4203-a1ab-b540c84483b8@group-9AF6410AA007: changes role from      null to FOLLOWER at term 0 for startAsFollower
2019-10-06 01:13:28,963 [pool-403-thread-1] INFO  impl.RoleInfo (RoleInfo.java:updateAndGet(143)) - be5dbd50-13ce-4203-a1ab-b540c84483b8: start FollowerState
2019-10-06 01:13:28,964 [pool-403-thread-1] INFO  util.JmxRegister (JmxRegister.java:tryRegister(44)) - Successfully registered JMX Bean with object name Ratis:service=RaftServer,group=group-9AF6410AA007,id=be5dbd50-13ce-4203-a1ab-b540c84483b8
2019-10-06 01:13:28,968 [RatisPipelineUtilsThread] INFO  pipeline.PipelineStateManager (PipelineStateManager.java:addPipeline(56)) - Created pipeline Pipeline[ Id: 3bd74bbf-7d57-4058-bc4a-9af6410aa007, Nodes: be5dbd50-13ce-4203-a1ab-b540c84483b8{ip: 192.168.30.55, host: pr-hdds-2233-w5czk-1584650955, networkLocation: /default-rack, certSerialId: null}, Type:RATIS, Factor:ONE, State:OPEN]
2019-10-06 01:13:28,989 [grpc-default-executor-4] INFO  impl.RaftServerProxy (RaftServerProxy.java:addNew(89)) - 836e3f1a-ab65-4c90-b2a8-ed05020c31b4: addNew group-397BB4C11914:[be5dbd50-13ce-4203-a1ab-b540c84483b8:192.168.30.55:33820, 836e3f1a-ab65-4c90-b2a8-ed05020c31b4:192.168.30.55:37628, 16cf88f3-28e7-40e7-89d2-347d16ab87a8:192.168.30.55:33900] returns group-397BB4C11914:java.util.concurrent.CompletableFuture@31c36e28[Not completed]
2019-10-06 01:13:28,989 [grpc-default-executor-1] INFO  impl.RaftServerProxy (RaftServerProxy.java:addNew(89)) - 16cf88f3-28e7-40e7-89d2-347d16ab87a8: addNew group-397BB4C11914:[be5dbd50-13ce-4203-a1ab-b540c84483b8:192.168.30.55:33820, 836e3f1a-ab65-4c90-b2a8-ed05020c31b4:192.168.30.55:37628, 16cf88f3-28e7-40e7-89d2-347d16ab87a8:192.168.30.55:33900] returns group-397BB4C11914:java.util.concurrent.CompletableFuture@444d38c8[Not completed]
2019-10-06 01:13:28,990 [grpc-default-executor-1] INFO  impl.RaftServerProxy (RaftServerProxy.java:addNew(89)) - be5dbd50-13ce-4203-a1ab-b540c84483b8: addNew group-397BB4C11914:[be5dbd50-13ce-4203-a1ab-b540c84483b8:192.168.30.55:33820, 836e3f1a-ab65-4c90-b2a8-ed05020c31b4:192.168.30.55:37628, 16cf88f3-28e7-40e7-89d2-347d16ab87a8:192.168.30.55:33900] returns group-397BB4C11914:java.util.concurrent.CompletableFuture@3f6ce1d8[Not completed]
2019-10-06 01:13:28,991 [pool-393-thread-1] INFO  impl.RaftServerImpl (RaftServerImpl.java:<init>(95)) - 16cf88f3-28e7-40e7-89d2-347d16ab87a8: new RaftServerImpl for group-397BB4C11914:[be5dbd50-13ce-4203-a1ab-b540c84483b8:192.168.30.55:33820, 836e3f1a-ab65-4c90-b2a8-ed05020c31b4:192.168.30.55:37628, 16cf88f3-28e7-40e7-89d2-347d16ab87a8:192.168.30.55:33900] with ContainerStateMachine:uninitialized
2019-10-06 01:13:28,991 [pool-393-thread-1] INFO  server.RaftServerConfigKeys (ConfUtils.java:logGet(43)) - raft.server.rpc.timeout.min = 5s (custom)
2019-10-06 01:13:28,991 [pool-393-thread-1] INFO  server.RaftServerConfigKeys (ConfUtils.java:logGet(43)) - raft.server.rpc.timeout.max = 5200ms (custom)
2019-10-06 01:13:28,991 [pool-393-thread-1] INFO  server.RaftServerConfigKeys (ConfUtils.java:logGet(43)) - raft.server.rpcslowness.timeout = 120s (custom)
2019-10-06 01:13:28,991 [pool-393-thread-1] INFO  server.RaftServerConfigKeys (ConfUtils.java:logGet(43)) - raft.server.sleep.deviation.threshold = 300 (default)
2019-10-06 01:13:28,991 [pool-403-thread-1] INFO  impl.RaftServerImpl (RaftServerImpl.java:<init>(95)) - be5dbd50-13ce-4203-a1ab-b540c84483b8: new RaftServerImpl for group-397BB4C11914:[be5dbd50-13ce-4203-a1ab-b540c84483b8:192.168.30.55:33820, 836e3f1a-ab65-4c90-b2a8-ed05020c31b4:192.168.30.55:37628, 16cf88f3-28e7-40e7-89d2-347d16ab87a8:192.168.30.55:33900] with ContainerStateMachine:uninitialized
2019-10-06 01:13:28,992 [pool-393-thread-1] INFO  server.RaftServerConfigKeys (ConfUtils.java:logGet(43)) - raft.server.log.appender.install.snapshot.enabled = false (custom)
2019-10-06 01:13:28,992 [pool-403-thread-1] INFO  server.RaftServerConfigKeys (ConfUtils.java:logGet(43)) - raft.server.rpc.timeout.min = 5s (custom)
2019-10-06 01:13:28,992 [pool-393-thread-1] INFO  impl.RaftServerImpl (ServerState.java:<init>(103)) - 16cf88f3-28e7-40e7-89d2-347d16ab87a8@group-397BB4C11914: ConfigurationManager, init=-1: [be5dbd50-13ce-4203-a1ab-b540c84483b8:192.168.30.55:33820, 836e3f1a-ab65-4c90-b2a8-ed05020c31b4:192.168.30.55:37628, 16cf88f3-28e7-40e7-89d2-347d16ab87a8:192.168.30.55:33900], old=null, confs=<EMPTY_MAP>
2019-10-06 01:13:28,992 [pool-403-thread-1] INFO  server.RaftServerConfigKeys (ConfUtils.java:logGet(43)) - raft.server.rpc.timeout.max = 5200ms (custom)
2019-10-06 01:13:28,992 [pool-393-thread-1] INFO  server.RaftServerConfigKeys (ConfUtils.java:logGet(43)) - raft.server.storage.dir = [/workdir/hadoop-ozone/integration-test/target/test-dir/MiniOzoneClusterImpl-0eec6d6b-e739-437d-bd39-485dbec10836/datanode-1/data/ratis] (custom)
2019-10-06 01:13:28,992 [pool-383-thread-1] INFO  impl.RaftServerImpl (RaftServerImpl.java:<init>(95)) - 836e3f1a-ab65-4c90-b2a8-ed05020c31b4: new RaftServerImpl for group-397BB4C11914:[be5dbd50-13ce-4203-a1ab-b540c84483b8:192.168.30.55:33820, 836e3f1a-ab65-4c90-b2a8-ed05020c31b4:192.168.30.55:37628, 16cf88f3-28e7-40e7-89d2-347d16ab87a8:192.168.30.55:33900] with ContainerStateMachine:uninitialized
2019-10-06 01:13:28,992 [pool-393-thread-1] INFO  server.RaftServerConfigKeys (ConfUtils.java:logGet(43)) - raft.server.log.corruption.policy = EXCEPTION (default)
2019-10-06 01:13:28,992 [pool-403-thread-1] INFO  server.RaftServerConfigKeys (ConfUtils.java:logGet(43)) - raft.server.rpcslowness.timeout = 120s (custom)
2019-10-06 01:13:28,993 [pool-393-thread-1] INFO  storage.RaftStorageDirectory (RaftStorageDirectory.java:analyzeStorage(246)) - The storage directory /workdir/hadoop-ozone/integration-test/target/test-dir/MiniOzoneClusterImpl-0eec6d6b-e739-437d-bd39-485dbec10836/datanode-1/data/ratis/095c1703-1a0c-48ac-b605-397bb4c11914 does not exist. Creating ...
2019-10-06 01:13:28,992 [pool-383-thread-1] INFO  server.RaftServerConfigKeys (ConfUtils.java:logGet(43)) - raft.server.rpc.timeout.min = 5s (custom)
2019-10-06 01:13:28,993 [pool-403-thread-1] INFO  server.RaftServerConfigKeys (ConfUtils.java:logGet(43)) - raft.server.sleep.deviation.threshold = 300 (default)
2019-10-06 01:13:28,993 [pool-383-thread-1] INFO  server.RaftServerConfigKeys (ConfUtils.java:logGet(43)) - raft.server.rpc.timeout.max = 5200ms (custom)
2019-10-06 01:13:28,993 [pool-403-thread-1] INFO  server.RaftServerConfigKeys (ConfUtils.java:logGet(43)) - raft.server.log.appender.install.snapshot.enabled = false (custom)
2019-10-06 01:13:28,993 [pool-383-thread-1] INFO  server.RaftServerConfigKeys (ConfUtils.java:logGet(43)) - raft.server.rpcslowness.timeout = 120s (custom)
2019-10-06 01:13:28,994 [pool-403-thread-1] INFO  impl.RaftServerImpl (ServerState.java:<init>(103)) - be5dbd50-13ce-4203-a1ab-b540c84483b8@group-397BB4C11914: ConfigurationManager, init=-1: [be5dbd50-13ce-4203-a1ab-b540c84483b8:192.168.30.55:33820, 836e3f1a-ab65-4c90-b2a8-ed05020c31b4:192.168.30.55:37628, 16cf88f3-28e7-40e7-89d2-347d16ab87a8:192.168.30.55:33900], old=null, confs=<EMPTY_MAP>
2019-10-06 01:13:28,994 [pool-383-thread-1] INFO  server.RaftServerConfigKeys (ConfUtils.java:logGet(43)) - raft.server.sleep.deviation.threshold = 300 (default)
2019-10-06 01:13:28,994 [pool-403-thread-1] INFO  server.RaftServerConfigKeys (ConfUtils.java:logGet(43)) - raft.server.storage.dir = [/workdir/hadoop-ozone/integration-test/target/test-dir/MiniOzoneClusterImpl-0eec6d6b-e739-437d-bd39-485dbec10836/datanode-2/data/ratis] (custom)
2019-10-06 01:13:28,994 [pool-383-thread-1] INFO  server.RaftServerConfigKeys (ConfUtils.java:logGet(43)) - raft.server.log.appender.install.snapshot.enabled = false (custom)
2019-10-06 01:13:28,994 [pool-403-thread-1] INFO  server.RaftServerConfigKeys (ConfUtils.java:logGet(43)) - raft.server.log.corruption.policy = EXCEPTION (default)
2019-10-06 01:13:28,994 [pool-383-thread-1] INFO  impl.RaftServerImpl (ServerState.java:<init>(103)) - 836e3f1a-ab65-4c90-b2a8-ed05020c31b4@group-397BB4C11914: ConfigurationManager, init=-1: [be5dbd50-13ce-4203-a1ab-b540c84483b8:192.168.30.55:33820, 836e3f1a-ab65-4c90-b2a8-ed05020c31b4:192.168.30.55:37628, 16cf88f3-28e7-40e7-89d2-347d16ab87a8:192.168.30.55:33900], old=null, confs=<EMPTY_MAP>
2019-10-06 01:13:28,994 [pool-403-thread-1] INFO  storage.RaftStorageDirectory (RaftStorageDirectory.java:analyzeStorage(246)) - The storage directory /workdir/hadoop-ozone/integration-test/target/test-dir/MiniOzoneClusterImpl-0eec6d6b-e739-437d-bd39-485dbec10836/datanode-2/data/ratis/095c1703-1a0c-48ac-b605-397bb4c11914 does not exist. Creating ...
2019-10-06 01:13:28,995 [pool-383-thread-1] INFO  server.RaftServerConfigKeys (ConfUtils.java:logGet(43)) - raft.server.storage.dir = [/workdir/hadoop-ozone/integration-test/target/test-dir/MiniOzoneClusterImpl-0eec6d6b-e739-437d-bd39-485dbec10836/datanode-0/data/ratis] (custom)
2019-10-06 01:13:28,996 [pool-383-thread-1] INFO  server.RaftServerConfigKeys (ConfUtils.java:logGet(43)) - raft.server.log.corruption.policy = EXCEPTION (default)
2019-10-06 01:13:28,996 [pool-383-thread-1] INFO  storage.RaftStorageDirectory (RaftStorageDirectory.java:analyzeStorage(246)) - The storage directory /workdir/hadoop-ozone/integration-test/target/test-dir/MiniOzoneClusterImpl-0eec6d6b-e739-437d-bd39-485dbec10836/datanode-0/data/ratis/095c1703-1a0c-48ac-b605-397bb4c11914 does not exist. Creating ...
2019-10-06 01:13:29,006 [pool-383-thread-1] INFO  storage.RaftStorageDirectory (RaftStorageDirectory.java:tryLock(328)) - Lock on /workdir/hadoop-ozone/integration-test/target/test-dir/MiniOzoneClusterImpl-0eec6d6b-e739-437d-bd39-485dbec10836/datanode-0/data/ratis/095c1703-1a0c-48ac-b605-397bb4c11914/in_use.lock acquired by nodename 12540@pr-hdds-2233-w5czk-1584650955
2019-10-06 01:13:29,006 [pool-403-thread-1] INFO  storage.RaftStorageDirectory (RaftStorageDirectory.java:tryLock(328)) - Lock on /workdir/hadoop-ozone/integration-test/target/test-dir/MiniOzoneClusterImpl-0eec6d6b-e739-437d-bd39-485dbec10836/datanode-2/data/ratis/095c1703-1a0c-48ac-b605-397bb4c11914/in_use.lock acquired by nodename 12540@pr-hdds-2233-w5czk-1584650955
2019-10-06 01:13:29,006 [pool-393-thread-1] INFO  storage.RaftStorageDirectory (RaftStorageDirectory.java:tryLock(328)) - Lock on /workdir/hadoop-ozone/integration-test/target/test-dir/MiniOzoneClusterImpl-0eec6d6b-e739-437d-bd39-485dbec10836/datanode-1/data/ratis/095c1703-1a0c-48ac-b605-397bb4c11914/in_use.lock acquired by nodename 12540@pr-hdds-2233-w5czk-1584650955
2019-10-06 01:13:29,007 [IPC Server handler 0 on 34373] INFO  net.NetworkTopology (NetworkTopologyImpl.java:add(111)) - Added a new node: /default-rack/e17d88b9-44d7-4ac5-a25e-898f1b9f2a83
2019-10-06 01:13:29,007 [IPC Server handler 0 on 34373] INFO  node.SCMNodeManager (SCMNodeManager.java:register(266)) - Registered Data node : e17d88b9-44d7-4ac5-a25e-898f1b9f2a83{ip: 192.168.30.55, host: pr-hdds-2233-w5czk-1584650955, networkLocation: /default-rack, certSerialId: null}
2019-10-06 01:13:29,020 [pool-383-thread-1] INFO  storage.RaftStorage (RaftStorage.java:format(84)) - Storage directory /workdir/hadoop-ozone/integration-test/target/test-dir/MiniOzoneClusterImpl-0eec6d6b-e739-437d-bd39-485dbec10836/datanode-0/data/ratis/095c1703-1a0c-48ac-b605-397bb4c11914 has been successfully formatted.
2019-10-06 01:13:29,020 [pool-403-thread-1] INFO  storage.RaftStorage (RaftStorage.java:format(84)) - Storage directory /workdir/hadoop-ozone/integration-test/target/test-dir/MiniOzoneClusterImpl-0eec6d6b-e739-437d-bd39-485dbec10836/datanode-2/data/ratis/095c1703-1a0c-48ac-b605-397bb4c11914 has been successfully formatted.
2019-10-06 01:13:29,020 [pool-393-thread-1] INFO  storage.RaftStorage (RaftStorage.java:format(84)) - Storage directory /workdir/hadoop-ozone/integration-test/target/test-dir/MiniOzoneClusterImpl-0eec6d6b-e739-437d-bd39-485dbec10836/datanode-1/data/ratis/095c1703-1a0c-48ac-b605-397bb4c11914 has been successfully formatted.
2019-10-06 01:13:29,020 [pool-403-thread-1] INFO  ratis.ContainerStateMachine (ContainerStateMachine.java:loadSnapshot(230)) - group-397BB4C11914: The snapshot info is null. Setting the last applied indexto:(t:0, i:~)
2019-10-06 01:13:29,020 [pool-393-thread-1] INFO  ratis.ContainerStateMachine (ContainerStateMachine.java:loadSnapshot(230)) - group-397BB4C11914: The snapshot info is null. Setting the last applied indexto:(t:0, i:~)
2019-10-06 01:13:29,020 [pool-383-thread-1] INFO  ratis.ContainerStateMachine (ContainerStateMachine.java:loadSnapshot(230)) - group-397BB4C11914: The snapshot info is null. Setting the last applied indexto:(t:0, i:~)
2019-10-06 01:13:29,021 [pool-393-thread-1] INFO  server.RaftServerConfigKeys (ConfUtils.java:logGet(43)) - raft.server.notification.no-leader.timeout = 120s (custom)
2019-10-06 01:13:29,020 [pool-403-thread-1] INFO  server.RaftServerConfigKeys (ConfUtils.java:logGet(43)) - raft.server.notification.no-leader.timeout = 120s (custom)
2019-10-06 01:13:29,021 [pool-393-thread-1] INFO  server.RaftServerConfigKeys (ConfUtils.java:logGet(43)) - raft.server.log.use.memory = false (default)
2019-10-06 01:13:29,021 [pool-383-thread-1] INFO  server.RaftServerConfigKeys (ConfUtils.java:logGet(43)) - raft.server.notification.no-leader.timeout = 120s (custom)
2019-10-06 01:13:29,021 [pool-393-thread-1] INFO  server.RaftServerConfigKeys (ConfUtils.java:logGet(43)) - raft.server.log.purge.gap = 1000000 (custom)
2019-10-06 01:13:29,021 [pool-403-thread-1] INFO  server.RaftServerConfigKeys (ConfUtils.java:logGet(43)) - raft.server.log.use.memory = false (default)
2019-10-06 01:13:29,021 [pool-393-thread-1] INFO  server.RaftServerConfigKeys (ConfUtils.java:logGet(43)) - raft.server.log.appender.buffer.byte-limit = 33554432 (custom)
2019-10-06 01:13:29,021 [pool-383-thread-1] INFO  server.RaftServerConfigKeys (ConfUtils.java:logGet(43)) - raft.server.log.use.memory = false (default)
2019-10-06 01:13:29,022 [pool-393-thread-1] INFO  server.RaftServerConfigKeys (ConfUtils.java:logGet(43)) - raft.server.log.segment.size.max = 1048576 (custom)
2019-10-06 01:13:29,021 [pool-403-thread-1] INFO  server.RaftServerConfigKeys (ConfUtils.java:logGet(43)) - raft.server.log.purge.gap = 1000000 (custom)
2019-10-06 01:13:29,022 [pool-393-thread-1] INFO  server.RaftServerConfigKeys (ConfUtils.java:logGet(43)) - raft.server.log.segment.cache.num.max = 2 (custom)
2019-10-06 01:13:29,022 [pool-383-thread-1] INFO  server.RaftServerConfigKeys (ConfUtils.java:logGet(43)) - raft.server.log.purge.gap = 1000000 (custom)
2019-10-06 01:13:29,022 [pool-393-thread-1] INFO  segmented.SegmentedRaftLogWorker (SegmentedRaftLogWorker.java:<init>(173)) - new 16cf88f3-28e7-40e7-89d2-347d16ab87a8@group-397BB4C11914-SegmentedRaftLogWorker for RaftStorage:Storage Directory /workdir/hadoop-ozone/integration-test/target/test-dir/MiniOzoneClusterImpl-0eec6d6b-e739-437d-bd39-485dbec10836/datanode-1/data/ratis/095c1703-1a0c-48ac-b605-397bb4c11914
2019-10-06 01:13:29,022 [pool-403-thread-1] INFO  server.RaftServerConfigKeys (ConfUtils.java:logGet(43)) - raft.server.log.appender.buffer.byte-limit = 33554432 (custom)
2019-10-06 01:13:29,022 [pool-393-thread-1] INFO  server.RaftServerConfigKeys (ConfUtils.java:logGet(43)) - raft.server.log.queue.byte-limit = 2147483647 (custom)
2019-10-06 01:13:29,022 [pool-383-thread-1] INFO  server.RaftServerConfigKeys (ConfUtils.java:logGet(43)) - raft.server.log.appender.buffer.byte-limit = 33554432 (custom)
2019-10-06 01:13:29,023 [pool-393-thread-1] INFO  server.RaftServerConfigKeys (ConfUtils.java:logGet(43)) - raft.server.log.queue.element-limit = 1024 (custom)
2019-10-06 01:13:29,023 [pool-403-thread-1] INFO  server.RaftServerConfigKeys (ConfUtils.java:logGet(43)) - raft.server.log.segment.size.max = 1048576 (custom)
2019-10-06 01:13:29,023 [pool-393-thread-1] INFO  server.RaftServerConfigKeys (ConfUtils.java:logGet(43)) - raft.server.log.segment.size.max = 1048576 (custom)
2019-10-06 01:13:29,023 [pool-383-thread-1] INFO  server.RaftServerConfigKeys (ConfUtils.java:logGet(43)) - raft.server.log.segment.size.max = 1048576 (custom)
2019-10-06 01:13:29,023 [pool-393-thread-1] INFO  server.RaftServerConfigKeys (ConfUtils.java:logGet(43)) - raft.server.log.preallocated.size = 16384 (custom)
2019-10-06 01:13:29,023 [pool-403-thread-1] INFO  server.RaftServerConfigKeys (ConfUtils.java:logGet(43)) - raft.server.log.segment.cache.num.max = 2 (custom)
2019-10-06 01:13:29,023 [pool-393-thread-1] INFO  server.RaftServerConfigKeys (ConfUtils.java:logGet(43)) - raft.server.log.write.buffer.size = 33554432 (custom)
2019-10-06 01:13:29,023 [pool-383-thread-1] INFO  server.RaftServerConfigKeys (ConfUtils.java:logGet(43)) - raft.server.log.segment.cache.num.max = 2 (custom)
2019-10-06 01:13:29,024 [pool-393-thread-1] INFO  server.RaftServerConfigKeys (ConfUtils.java:logGet(43)) - raft.server.log.force.sync.num = 128 (default)
2019-10-06 01:13:29,023 [pool-403-thread-1] INFO  segmented.SegmentedRaftLogWorker (SegmentedRaftLogWorker.java:<init>(173)) - new be5dbd50-13ce-4203-a1ab-b540c84483b8@group-397BB4C11914-SegmentedRaftLogWorker for RaftStorage:Storage Directory /workdir/hadoop-ozone/integration-test/target/test-dir/MiniOzoneClusterImpl-0eec6d6b-e739-437d-bd39-485dbec10836/datanode-2/data/ratis/095c1703-1a0c-48ac-b605-397bb4c11914
2019-10-06 01:13:29,024 [pool-393-thread-1] INFO  server.RaftServerConfigKeys (ConfUtils.java:logGet(43)) - raft.server.log.statemachine.data.sync = true (default)
2019-10-06 01:13:29,024 [pool-383-thread-1] INFO  segmented.SegmentedRaftLogWorker (SegmentedRaftLogWorker.java:<init>(173)) - new 836e3f1a-ab65-4c90-b2a8-ed05020c31b4@group-397BB4C11914-SegmentedRaftLogWorker for RaftStorage:Storage Directory /workdir/hadoop-ozone/integration-test/target/test-dir/MiniOzoneClusterImpl-0eec6d6b-e739-437d-bd39-485dbec10836/datanode-0/data/ratis/095c1703-1a0c-48ac-b605-397bb4c11914
2019-10-06 01:13:29,024 [pool-393-thread-1] INFO  server.RaftServerConfigKeys (ConfUtils.java:logGet(43)) - raft.server.log.statemachine.data.sync.timeout = 10s (default)
2019-10-06 01:13:29,024 [pool-403-thread-1] INFO  server.RaftServerConfigKeys (ConfUtils.java:logGet(43)) - raft.server.log.queue.byte-limit = 2147483647 (custom)
2019-10-06 01:13:29,024 [pool-393-thread-1] INFO  server.RaftServerConfigKeys (ConfUtils.java:logGet(43)) - raft.server.log.statemachine.data.sync.timeout.retry = -1 (default)
2019-10-06 01:13:29,024 [pool-383-thread-1] INFO  server.RaftServerConfigKeys (ConfUtils.java:logGet(43)) - raft.server.log.queue.byte-limit = 2147483647 (custom)
2019-10-06 01:13:29,025 [pool-393-thread-1] INFO  server.RaftServerConfigKeys (ConfUtils.java:logGet(43)) - raft.server.log.statemachine.data.caching.enabled = true (custom)
2019-10-06 01:13:29,025 [pool-403-thread-1] INFO  server.RaftServerConfigKeys (ConfUtils.java:logGet(43)) - raft.server.log.queue.element-limit = 1024 (custom)
2019-10-06 01:13:29,025 [pool-383-thread-1] INFO  server.RaftServerConfigKeys (ConfUtils.java:logGet(43)) - raft.server.log.queue.element-limit = 1024 (custom)
2019-10-06 01:13:29,025 [pool-403-thread-1] INFO  server.RaftServerConfigKeys (ConfUtils.java:logGet(43)) - raft.server.log.segment.size.max = 1048576 (custom)
2019-10-06 01:13:29,025 [pool-393-thread-1] INFO  segmented.SegmentedRaftLogWorker (SegmentedRaftLogWorker.java:lambda$new$0(128)) - 16cf88f3-28e7-40e7-89d2-347d16ab87a8@group-397BB4C11914-SegmentedRaftLogWorker: flushIndex: setUnconditionally 0 -> -1
2019-10-06 01:13:29,025 [pool-403-thread-1] INFO  server.RaftServerConfigKeys (ConfUtils.java:logGet(43)) - raft.server.log.preallocated.size = 16384 (custom)
2019-10-06 01:13:29,025 [pool-383-thread-1] INFO  server.RaftServerConfigKeys (ConfUtils.java:logGet(43)) - raft.server.log.segment.size.max = 1048576 (custom)
2019-10-06 01:13:29,026 [pool-393-thread-1] INFO  server.RaftServerConfigKeys (ConfUtils.java:logGet(43)) - raft.server.snapshot.auto.trigger.enabled = true (custom)
2019-10-06 01:13:29,026 [pool-403-thread-1] INFO  server.RaftServerConfigKeys (ConfUtils.java:logGet(43)) - raft.server.log.write.buffer.size = 33554432 (custom)
2019-10-06 01:13:29,026 [pool-393-thread-1] INFO  server.RaftServerConfigKeys (ConfUtils.java:logGet(43)) - raft.server.snapshot.auto.trigger.threshold = 10000 (custom)
2019-10-06 01:13:29,026 [pool-383-thread-1] INFO  server.RaftServerConfigKeys (ConfUtils.java:logGet(43)) - raft.server.log.preallocated.size = 16384 (custom)
2019-10-06 01:13:29,026 [pool-393-thread-1] INFO  server.RaftServerConfigKeys (ConfUtils.java:logGet(43)) - raft.server.snapshot.retention.file.num = 5 (custom)
2019-10-06 01:13:29,026 [pool-403-thread-1] INFO  server.RaftServerConfigKeys (ConfUtils.java:logGet(43)) - raft.server.log.force.sync.num = 128 (default)
2019-10-06 01:13:29,026 [pool-393-thread-1] INFO  server.RaftServerConfigKeys (ConfUtils.java:logGet(43)) - raft.server.retrycache.expirytime = 600000ms (custom)
2019-10-06 01:13:29,026 [pool-383-thread-1] INFO  server.RaftServerConfigKeys (ConfUtils.java:logGet(43)) - raft.server.log.write.buffer.size = 33554432 (custom)
2019-10-06 01:13:29,026 [pool-403-thread-1] INFO  server.RaftServerConfigKeys (ConfUtils.java:logGet(43)) - raft.server.log.statemachine.data.sync = true (default)
2019-10-06 01:13:29,027 [pool-383-thread-1] INFO  server.RaftServerConfigKeys (ConfUtils.java:logGet(43)) - raft.server.log.force.sync.num = 128 (default)
2019-10-06 01:13:29,027 [pool-403-thread-1] INFO  server.RaftServerConfigKeys (ConfUtils.java:logGet(43)) - raft.server.log.statemachine.data.sync.timeout = 10s (default)
2019-10-06 01:13:29,027 [pool-383-thread-1] INFO  server.RaftServerConfigKeys (ConfUtils.java:logGet(43)) - raft.server.log.statemachine.data.sync = true (default)
2019-10-06 01:13:29,027 [pool-403-thread-1] INFO  server.RaftServerConfigKeys (ConfUtils.java:logGet(43)) - raft.server.log.statemachine.data.sync.timeout.retry = -1 (default)
2019-10-06 01:13:29,027 [pool-383-thread-1] INFO  server.RaftServerConfigKeys (ConfUtils.java:logGet(43)) - raft.server.log.statemachine.data.sync.timeout = 10s (default)
2019-10-06 01:13:29,028 [pool-403-thread-1] INFO  server.RaftServerConfigKeys (ConfUtils.java:logGet(43)) - raft.server.log.statemachine.data.caching.enabled = true (custom)
2019-10-06 01:13:29,028 [pool-383-thread-1] INFO  server.RaftServerConfigKeys (ConfUtils.java:logGet(43)) - raft.server.log.statemachine.data.sync.timeout.retry = -1 (default)
2019-10-06 01:13:29,028 [pool-403-thread-1] INFO  segmented.SegmentedRaftLogWorker (SegmentedRaftLogWorker.java:lambda$new$0(128)) - be5dbd50-13ce-4203-a1ab-b540c84483b8@group-397BB4C11914-SegmentedRaftLogWorker: flushIndex: setUnconditionally 0 -> -1
2019-10-06 01:13:29,028 [pool-383-thread-1] INFO  server.RaftServerConfigKeys (ConfUtils.java:logGet(43)) - raft.server.log.statemachine.data.caching.enabled = true (custom)
2019-10-06 01:13:29,028 [pool-393-thread-1] INFO  impl.RaftServerImpl (RaftServerImpl.java:start(181)) - 16cf88f3-28e7-40e7-89d2-347d16ab87a8@group-397BB4C11914: start as a follower, conf=-1: [be5dbd50-13ce-4203-a1ab-b540c84483b8:192.168.30.55:33820, 836e3f1a-ab65-4c90-b2a8-ed05020c31b4:192.168.30.55:37628, 16cf88f3-28e7-40e7-89d2-347d16ab87a8:192.168.30.55:33900], old=null
2019-10-06 01:13:29,028 [pool-403-thread-1] INFO  server.RaftServerConfigKeys (ConfUtils.java:logGet(43)) - raft.server.snapshot.auto.trigger.enabled = true (custom)
2019-10-06 01:13:29,028 [pool-393-thread-1] INFO  impl.RaftServerImpl (RaftServerImpl.java:setRole(170)) - 16cf88f3-28e7-40e7-89d2-347d16ab87a8@group-397BB4C11914: changes role from      null to FOLLOWER at term 0 for startAsFollower
2019-10-06 01:13:29,029 [pool-403-thread-1] INFO  server.RaftServerConfigKeys (ConfUtils.java:logGet(43)) - raft.server.snapshot.auto.trigger.threshold = 10000 (custom)
2019-10-06 01:13:29,029 [pool-393-thread-1] INFO  impl.RoleInfo (RoleInfo.java:updateAndGet(143)) - 16cf88f3-28e7-40e7-89d2-347d16ab87a8: start FollowerState
2019-10-06 01:13:29,029 [pool-403-thread-1] INFO  server.RaftServerConfigKeys (ConfUtils.java:logGet(43)) - raft.server.snapshot.retention.file.num = 5 (custom)
2019-10-06 01:13:29,029 [pool-383-thread-1] INFO  segmented.SegmentedRaftLogWorker (SegmentedRaftLogWorker.java:lambda$new$0(128)) - 836e3f1a-ab65-4c90-b2a8-ed05020c31b4@group-397BB4C11914-SegmentedRaftLogWorker: flushIndex: setUnconditionally 0 -> -1
2019-10-06 01:13:29,029 [pool-393-thread-1] INFO  util.JmxRegister (JmxRegister.java:tryRegister(44)) - Successfully registered JMX Bean with object name Ratis:service=RaftServer,group=group-397BB4C11914,id=16cf88f3-28e7-40e7-89d2-347d16ab87a8
2019-10-06 01:13:29,029 [pool-403-thread-1] INFO  server.RaftServerConfigKeys (ConfUtils.java:logGet(43)) - raft.server.retrycache.expirytime = 600000ms (custom)
2019-10-06 01:13:29,029 [pool-383-thread-1] INFO  server.RaftServerConfigKeys (ConfUtils.java:logGet(43)) - raft.server.snapshot.auto.trigger.enabled = true (custom)
2019-10-06 01:13:29,030 [pool-383-thread-1] INFO  server.RaftServerConfigKeys (ConfUtils.java:logGet(43)) - raft.server.snapshot.auto.trigger.threshold = 10000 (custom)
2019-10-06 01:13:29,030 [pool-383-thread-1] INFO  server.RaftServerConfigKeys (ConfUtils.java:logGet(43)) - raft.server.snapshot.retention.file.num = 5 (custom)
2019-10-06 01:13:29,030 [pool-383-thread-1] INFO  server.RaftServerConfigKeys (ConfUtils.java:logGet(43)) - raft.server.retrycache.expirytime = 600000ms (custom)
2019-10-06 01:13:29,033 [pool-403-thread-1] INFO  impl.RaftServerImpl (RaftServerImpl.java:start(181)) - be5dbd50-13ce-4203-a1ab-b540c84483b8@group-397BB4C11914: start as a follower, conf=-1: [be5dbd50-13ce-4203-a1ab-b540c84483b8:192.168.30.55:33820, 836e3f1a-ab65-4c90-b2a8-ed05020c31b4:192.168.30.55:37628, 16cf88f3-28e7-40e7-89d2-347d16ab87a8:192.168.30.55:33900], old=null
2019-10-06 01:13:29,033 [pool-383-thread-1] INFO  impl.RaftServerImpl (RaftServerImpl.java:start(181)) - 836e3f1a-ab65-4c90-b2a8-ed05020c31b4@group-397BB4C11914: start as a follower, conf=-1: [be5dbd50-13ce-4203-a1ab-b540c84483b8:192.168.30.55:33820, 836e3f1a-ab65-4c90-b2a8-ed05020c31b4:192.168.30.55:37628, 16cf88f3-28e7-40e7-89d2-347d16ab87a8:192.168.30.55:33900], old=null
2019-10-06 01:13:29,033 [pool-403-thread-1] INFO  impl.RaftServerImpl (RaftServerImpl.java:setRole(170)) - be5dbd50-13ce-4203-a1ab-b540c84483b8@group-397BB4C11914: changes role from      null to FOLLOWER at term 0 for startAsFollower
2019-10-06 01:13:29,033 [pool-383-thread-1] INFO  impl.RaftServerImpl (RaftServerImpl.java:setRole(170)) - 836e3f1a-ab65-4c90-b2a8-ed05020c31b4@group-397BB4C11914: changes role from      null to FOLLOWER at term 0 for startAsFollower
2019-10-06 01:13:29,033 [pool-403-thread-1] INFO  impl.RoleInfo (RoleInfo.java:updateAndGet(143)) - be5dbd50-13ce-4203-a1ab-b540c84483b8: start FollowerState
2019-10-06 01:13:29,033 [pool-383-thread-1] INFO  impl.RoleInfo (RoleInfo.java:updateAndGet(143)) - 836e3f1a-ab65-4c90-b2a8-ed05020c31b4: start FollowerState
2019-10-06 01:13:29,034 [pool-403-thread-1] INFO  util.JmxRegister (JmxRegister.java:tryRegister(44)) - Successfully registered JMX Bean with object name Ratis:service=RaftServer,group=group-397BB4C11914,id=be5dbd50-13ce-4203-a1ab-b540c84483b8
2019-10-06 01:13:29,034 [pool-383-thread-1] INFO  util.JmxRegister (JmxRegister.java:tryRegister(44)) - Successfully registered JMX Bean with object name Ratis:service=RaftServer,group=group-397BB4C11914,id=836e3f1a-ab65-4c90-b2a8-ed05020c31b4
2019-10-06 01:13:29,039 [RatisPipelineUtilsThread] INFO  pipeline.PipelineStateManager (PipelineStateManager.java:addPipeline(56)) - Created pipeline Pipeline[ Id: 095c1703-1a0c-48ac-b605-397bb4c11914, Nodes: 16cf88f3-28e7-40e7-89d2-347d16ab87a8{ip: 192.168.30.55, host: pr-hdds-2233-w5czk-1584650955, networkLocation: /default-rack, certSerialId: null}836e3f1a-ab65-4c90-b2a8-ed05020c31b4{ip: 192.168.30.55, host: pr-hdds-2233-w5czk-1584650955, networkLocation: /default-rack, certSerialId: null}be5dbd50-13ce-4203-a1ab-b540c84483b8{ip: 192.168.30.55, host: pr-hdds-2233-w5czk-1584650955, networkLocation: /default-rack, certSerialId: null}, Type:RATIS, Factor:THREE, State:OPEN]
2019-10-06 01:13:29,124 [IPC Server handler 1 on 34373] INFO  net.NetworkTopology (NetworkTopologyImpl.java:add(111)) - Added a new node: /default-rack/520eed3d-77c0-4796-994f-c9f7f7327894
2019-10-06 01:13:29,124 [IPC Server handler 1 on 34373] INFO  node.SCMNodeManager (SCMNodeManager.java:register(266)) - Registered Data node : 520eed3d-77c0-4796-994f-c9f7f7327894{ip: 192.168.30.55, host: pr-hdds-2233-w5czk-1584650955, networkLocation: /default-rack, certSerialId: null}
2019-10-06 01:13:29,134 [grpc-default-executor-1] INFO  impl.RaftServerProxy (RaftServerProxy.java:addNew(89)) - e17d88b9-44d7-4ac5-a25e-898f1b9f2a83: addNew group-42AFCB779948:[e17d88b9-44d7-4ac5-a25e-898f1b9f2a83:192.168.30.55:37773] returns group-42AFCB779948:java.util.concurrent.CompletableFuture@1a8598f7[Not completed]
2019-10-06 01:13:29,135 [pool-413-thread-1] INFO  impl.RaftServerImpl (RaftServerImpl.java:<init>(95)) - e17d88b9-44d7-4ac5-a25e-898f1b9f2a83: new RaftServerImpl for group-42AFCB779948:[e17d88b9-44d7-4ac5-a25e-898f1b9f2a83:192.168.30.55:37773] with ContainerStateMachine:uninitialized
2019-10-06 01:13:29,135 [pool-413-thread-1] INFO  server.RaftServerConfigKeys (ConfUtils.java:logGet(43)) - raft.server.rpc.timeout.min = 5s (custom)
2019-10-06 01:13:29,135 [pool-413-thread-1] INFO  server.RaftServerConfigKeys (ConfUtils.java:logGet(43)) - raft.server.rpc.timeout.max = 5200ms (custom)
2019-10-06 01:13:29,136 [pool-413-thread-1] INFO  server.RaftServerConfigKeys (ConfUtils.java:logGet(43)) - raft.server.rpcslowness.timeout = 120s (custom)
2019-10-06 01:13:29,136 [pool-413-thread-1] INFO  server.RaftServerConfigKeys (ConfUtils.java:logGet(43)) - raft.server.sleep.deviation.threshold = 300 (default)
2019-10-06 01:13:29,136 [pool-413-thread-1] INFO  server.RaftServerConfigKeys (ConfUtils.java:logGet(43)) - raft.server.log.appender.install.snapshot.enabled = false (custom)
2019-10-06 01:13:29,136 [pool-413-thread-1] INFO  impl.RaftServerImpl (ServerState.java:<init>(103)) - e17d88b9-44d7-4ac5-a25e-898f1b9f2a83@group-42AFCB779948: ConfigurationManager, init=-1: [e17d88b9-44d7-4ac5-a25e-898f1b9f2a83:192.168.30.55:37773], old=null, confs=<EMPTY_MAP>
2019-10-06 01:13:29,136 [pool-413-thread-1] INFO  server.RaftServerConfigKeys (ConfUtils.java:logGet(43)) - raft.server.storage.dir = [/workdir/hadoop-ozone/integration-test/target/test-dir/MiniOzoneClusterImpl-0eec6d6b-e739-437d-bd39-485dbec10836/datanode-3/data/ratis] (custom)
2019-10-06 01:13:29,136 [pool-413-thread-1] INFO  server.RaftServerConfigKeys (ConfUtils.java:logGet(43)) - raft.server.log.corruption.policy = EXCEPTION (default)
2019-10-06 01:13:29,136 [pool-413-thread-1] INFO  storage.RaftStorageDirectory (RaftStorageDirectory.java:analyzeStorage(246)) - The storage directory /workdir/hadoop-ozone/integration-test/target/test-dir/MiniOzoneClusterImpl-0eec6d6b-e739-437d-bd39-485dbec10836/datanode-3/data/ratis/bd4d27a1-c262-4a13-9182-42afcb779948 does not exist. Creating ...
2019-10-06 01:13:29,149 [pool-413-thread-1] INFO  storage.RaftStorageDirectory (RaftStorageDirectory.java:tryLock(328)) - Lock on /workdir/hadoop-ozone/integration-test/target/test-dir/MiniOzoneClusterImpl-0eec6d6b-e739-437d-bd39-485dbec10836/datanode-3/data/ratis/bd4d27a1-c262-4a13-9182-42afcb779948/in_use.lock acquired by nodename 12540@pr-hdds-2233-w5czk-1584650955
2019-10-06 01:13:29,162 [pool-413-thread-1] INFO  storage.RaftStorage (RaftStorage.java:format(84)) - Storage directory /workdir/hadoop-ozone/integration-test/target/test-dir/MiniOzoneClusterImpl-0eec6d6b-e739-437d-bd39-485dbec10836/datanode-3/data/ratis/bd4d27a1-c262-4a13-9182-42afcb779948 has been successfully formatted.
2019-10-06 01:13:29,162 [pool-413-thread-1] INFO  ratis.ContainerStateMachine (ContainerStateMachine.java:loadSnapshot(230)) - group-42AFCB779948: The snapshot info is null. Setting the last applied indexto:(t:0, i:~)
2019-10-06 01:13:29,163 [pool-413-thread-1] INFO  server.RaftServerConfigKeys (ConfUtils.java:logGet(43)) - raft.server.notification.no-leader.timeout = 120s (custom)
2019-10-06 01:13:29,163 [pool-413-thread-1] INFO  server.RaftServerConfigKeys (ConfUtils.java:logGet(43)) - raft.server.log.use.memory = false (default)
2019-10-06 01:13:29,163 [pool-413-thread-1] INFO  server.RaftServerConfigKeys (ConfUtils.java:logGet(43)) - raft.server.log.purge.gap = 1000000 (custom)
2019-10-06 01:13:29,163 [pool-413-thread-1] INFO  server.RaftServerConfigKeys (ConfUtils.java:logGet(43)) - raft.server.log.appender.buffer.byte-limit = 33554432 (custom)
2019-10-06 01:13:29,163 [pool-413-thread-1] INFO  server.RaftServerConfigKeys (ConfUtils.java:logGet(43)) - raft.server.log.segment.size.max = 1048576 (custom)
2019-10-06 01:13:29,165 [pool-413-thread-1] INFO  server.RaftServerConfigKeys (ConfUtils.java:logGet(43)) - raft.server.log.segment.cache.num.max = 2 (custom)
2019-10-06 01:13:29,165 [pool-413-thread-1] INFO  segmented.SegmentedRaftLogWorker (SegmentedRaftLogWorker.java:<init>(173)) - new e17d88b9-44d7-4ac5-a25e-898f1b9f2a83@group-42AFCB779948-SegmentedRaftLogWorker for RaftStorage:Storage Directory /workdir/hadoop-ozone/integration-test/target/test-dir/MiniOzoneClusterImpl-0eec6d6b-e739-437d-bd39-485dbec10836/datanode-3/data/ratis/bd4d27a1-c262-4a13-9182-42afcb779948
2019-10-06 01:13:29,165 [pool-413-thread-1] INFO  server.RaftServerConfigKeys (ConfUtils.java:logGet(43)) - raft.server.log.queue.byte-limit = 2147483647 (custom)
2019-10-06 01:13:29,165 [pool-413-thread-1] INFO  server.RaftServerConfigKeys (ConfUtils.java:logGet(43)) - raft.server.log.queue.element-limit = 1024 (custom)
2019-10-06 01:13:29,165 [pool-413-thread-1] INFO  server.RaftServerConfigKeys (ConfUtils.java:logGet(43)) - raft.server.log.segment.size.max = 1048576 (custom)
2019-10-06 01:13:29,165 [pool-413-thread-1] INFO  server.RaftServerConfigKeys (ConfUtils.java:logGet(43)) - raft.server.log.preallocated.size = 16384 (custom)
2019-10-06 01:13:29,165 [pool-413-thread-1] INFO  server.RaftServerConfigKeys (ConfUtils.java:logGet(43)) - raft.server.log.write.buffer.size = 33554432 (custom)
2019-10-06 01:13:29,165 [pool-413-thread-1] INFO  server.RaftServerConfigKeys (ConfUtils.java:logGet(43)) - raft.server.log.force.sync.num = 128 (default)
2019-10-06 01:13:29,165 [pool-413-thread-1] INFO  server.RaftServerConfigKeys (ConfUtils.java:logGet(43)) - raft.server.log.statemachine.data.sync = true (default)
2019-10-06 01:13:29,165 [pool-413-thread-1] INFO  server.RaftServerConfigKeys (ConfUtils.java:logGet(43)) - raft.server.log.statemachine.data.sync.timeout = 10s (default)
2019-10-06 01:13:29,165 [pool-413-thread-1] INFO  server.RaftServerConfigKeys (ConfUtils.java:logGet(43)) - raft.server.log.statemachine.data.sync.timeout.retry = -1 (default)
2019-10-06 01:13:29,166 [pool-413-thread-1] INFO  server.RaftServerConfigKeys (ConfUtils.java:logGet(43)) - raft.server.log.statemachine.data.caching.enabled = true (custom)
2019-10-06 01:13:29,166 [pool-413-thread-1] INFO  segmented.SegmentedRaftLogWorker (SegmentedRaftLogWorker.java:lambda$new$0(128)) - e17d88b9-44d7-4ac5-a25e-898f1b9f2a83@group-42AFCB779948-SegmentedRaftLogWorker: flushIndex: setUnconditionally 0 -> -1
2019-10-06 01:13:29,166 [pool-413-thread-1] INFO  server.RaftServerConfigKeys (ConfUtils.java:logGet(43)) - raft.server.snapshot.auto.trigger.enabled = true (custom)
2019-10-06 01:13:29,166 [pool-413-thread-1] INFO  server.RaftServerConfigKeys (ConfUtils.java:logGet(43)) - raft.server.snapshot.auto.trigger.threshold = 10000 (custom)
2019-10-06 01:13:29,166 [pool-413-thread-1] INFO  server.RaftServerConfigKeys (ConfUtils.java:logGet(43)) - raft.server.snapshot.retention.file.num = 5 (custom)
2019-10-06 01:13:29,167 [pool-413-thread-1] INFO  server.RaftServerConfigKeys (ConfUtils.java:logGet(43)) - raft.server.retrycache.expirytime = 600000ms (custom)
2019-10-06 01:13:29,168 [pool-413-thread-1] INFO  impl.RaftServerImpl (RaftServerImpl.java:start(181)) - e17d88b9-44d7-4ac5-a25e-898f1b9f2a83@group-42AFCB779948: start as a follower, conf=-1: [e17d88b9-44d7-4ac5-a25e-898f1b9f2a83:192.168.30.55:37773], old=null
2019-10-06 01:13:29,168 [pool-413-thread-1] INFO  impl.RaftServerImpl (RaftServerImpl.java:setRole(170)) - e17d88b9-44d7-4ac5-a25e-898f1b9f2a83@group-42AFCB779948: changes role from      null to FOLLOWER at term 0 for startAsFollower
2019-10-06 01:13:29,168 [pool-413-thread-1] INFO  impl.RoleInfo (RoleInfo.java:updateAndGet(143)) - e17d88b9-44d7-4ac5-a25e-898f1b9f2a83: start FollowerState
2019-10-06 01:13:29,168 [pool-413-thread-1] INFO  util.JmxRegister (JmxRegister.java:tryRegister(44)) - Successfully registered JMX Bean with object name Ratis:service=RaftServer,group=group-42AFCB779948,id=e17d88b9-44d7-4ac5-a25e-898f1b9f2a83
2019-10-06 01:13:29,174 [RatisPipelineUtilsThread] INFO  pipeline.PipelineStateManager (PipelineStateManager.java:addPipeline(56)) - Created pipeline Pipeline[ Id: bd4d27a1-c262-4a13-9182-42afcb779948, Nodes: e17d88b9-44d7-4ac5-a25e-898f1b9f2a83{ip: 192.168.30.55, host: pr-hdds-2233-w5czk-1584650955, networkLocation: /default-rack, certSerialId: null}, Type:RATIS, Factor:ONE, State:OPEN]
2019-10-06 01:13:29,195 [grpc-default-executor-1] INFO  impl.RaftServerProxy (RaftServerProxy.java:addNew(89)) - 520eed3d-77c0-4796-994f-c9f7f7327894: addNew group-2A77F696EAA7:[520eed3d-77c0-4796-994f-c9f7f7327894:192.168.30.55:45511] returns group-2A77F696EAA7:java.util.concurrent.CompletableFuture@68516b1d[Not completed]
2019-10-06 01:13:29,197 [pool-423-thread-1] INFO  impl.RaftServerImpl (RaftServerImpl.java:<init>(95)) - 520eed3d-77c0-4796-994f-c9f7f7327894: new RaftServerImpl for group-2A77F696EAA7:[520eed3d-77c0-4796-994f-c9f7f7327894:192.168.30.55:45511] with ContainerStateMachine:uninitialized
2019-10-06 01:13:29,197 [pool-423-thread-1] INFO  server.RaftServerConfigKeys (ConfUtils.java:logGet(43)) - raft.server.rpc.timeout.min = 5s (custom)
2019-10-06 01:13:29,197 [pool-423-thread-1] INFO  server.RaftServerConfigKeys (ConfUtils.java:logGet(43)) - raft.server.rpc.timeout.max = 5200ms (custom)
2019-10-06 01:13:29,197 [pool-423-thread-1] INFO  server.RaftServerConfigKeys (ConfUtils.java:logGet(43)) - raft.server.rpcslowness.timeout = 120s (custom)
2019-10-06 01:13:29,197 [pool-423-thread-1] INFO  server.RaftServerConfigKeys (ConfUtils.java:logGet(43)) - raft.server.sleep.deviation.threshold = 300 (default)
2019-10-06 01:13:29,198 [pool-423-thread-1] INFO  server.RaftServerConfigKeys (ConfUtils.java:logGet(43)) - raft.server.log.appender.install.snapshot.enabled = false (custom)
2019-10-06 01:13:29,198 [pool-423-thread-1] INFO  impl.RaftServerImpl (ServerState.java:<init>(103)) - 520eed3d-77c0-4796-994f-c9f7f7327894@group-2A77F696EAA7: ConfigurationManager, init=-1: [520eed3d-77c0-4796-994f-c9f7f7327894:192.168.30.55:45511], old=null, confs=<EMPTY_MAP>
2019-10-06 01:13:29,198 [pool-423-thread-1] INFO  server.RaftServerConfigKeys (ConfUtils.java:logGet(43)) - raft.server.storage.dir = [/workdir/hadoop-ozone/integration-test/target/test-dir/MiniOzoneClusterImpl-0eec6d6b-e739-437d-bd39-485dbec10836/datanode-4/data/ratis] (custom)
2019-10-06 01:13:29,198 [pool-423-thread-1] INFO  server.RaftServerConfigKeys (ConfUtils.java:logGet(43)) - raft.server.log.corruption.policy = EXCEPTION (default)
2019-10-06 01:13:29,199 [pool-423-thread-1] INFO  storage.RaftStorageDirectory (RaftStorageDirectory.java:analyzeStorage(246)) - The storage directory /workdir/hadoop-ozone/integration-test/target/test-dir/MiniOzoneClusterImpl-0eec6d6b-e739-437d-bd39-485dbec10836/datanode-4/data/ratis/7531e677-ab61-4e87-aace-2a77f696eaa7 does not exist. Creating ...
2019-10-06 01:13:29,212 [pool-423-thread-1] INFO  storage.RaftStorageDirectory (RaftStorageDirectory.java:tryLock(328)) - Lock on /workdir/hadoop-ozone/integration-test/target/test-dir/MiniOzoneClusterImpl-0eec6d6b-e739-437d-bd39-485dbec10836/datanode-4/data/ratis/7531e677-ab61-4e87-aace-2a77f696eaa7/in_use.lock acquired by nodename 12540@pr-hdds-2233-w5czk-1584650955
2019-10-06 01:13:29,225 [pool-423-thread-1] INFO  storage.RaftStorage (RaftStorage.java:format(84)) - Storage directory /workdir/hadoop-ozone/integration-test/target/test-dir/MiniOzoneClusterImpl-0eec6d6b-e739-437d-bd39-485dbec10836/datanode-4/data/ratis/7531e677-ab61-4e87-aace-2a77f696eaa7 has been successfully formatted.
2019-10-06 01:13:29,225 [pool-423-thread-1] INFO  ratis.ContainerStateMachine (ContainerStateMachine.java:loadSnapshot(230)) - group-2A77F696EAA7: The snapshot info is null. Setting the last applied indexto:(t:0, i:~)
2019-10-06 01:13:29,226 [pool-423-thread-1] INFO  server.RaftServerConfigKeys (ConfUtils.java:logGet(43)) - raft.server.notification.no-leader.timeout = 120s (custom)
2019-10-06 01:13:29,226 [pool-423-thread-1] INFO  server.RaftServerConfigKeys (ConfUtils.java:logGet(43)) - raft.server.log.use.memory = false (default)
2019-10-06 01:13:29,226 [pool-423-thread-1] INFO  server.RaftServerConfigKeys (ConfUtils.java:logGet(43)) - raft.server.log.purge.gap = 1000000 (custom)
2019-10-06 01:13:29,226 [pool-423-thread-1] INFO  server.RaftServerConfigKeys (ConfUtils.java:logGet(43)) - raft.server.log.appender.buffer.byte-limit = 33554432 (custom)
2019-10-06 01:13:29,226 [pool-423-thread-1] INFO  server.RaftServerConfigKeys (ConfUtils.java:logGet(43)) - raft.server.log.segment.size.max = 1048576 (custom)
2019-10-06 01:13:29,228 [pool-423-thread-1] INFO  server.RaftServerConfigKeys (ConfUtils.java:logGet(43)) - raft.server.log.segment.cache.num.max = 2 (custom)
2019-10-06 01:13:29,228 [pool-423-thread-1] INFO  segmented.SegmentedRaftLogWorker (SegmentedRaftLogWorker.java:<init>(173)) - new 520eed3d-77c0-4796-994f-c9f7f7327894@group-2A77F696EAA7-SegmentedRaftLogWorker for RaftStorage:Storage Directory /workdir/hadoop-ozone/integration-test/target/test-dir/MiniOzoneClusterImpl-0eec6d6b-e739-437d-bd39-485dbec10836/datanode-4/data/ratis/7531e677-ab61-4e87-aace-2a77f696eaa7
2019-10-06 01:13:29,228 [pool-423-thread-1] INFO  server.RaftServerConfigKeys (ConfUtils.java:logGet(43)) - raft.server.log.queue.byte-limit = 2147483647 (custom)
2019-10-06 01:13:29,228 [pool-423-thread-1] INFO  server.RaftServerConfigKeys (ConfUtils.java:logGet(43)) - raft.server.log.queue.element-limit = 1024 (custom)
2019-10-06 01:13:29,228 [pool-423-thread-1] INFO  server.RaftServerConfigKeys (ConfUtils.java:logGet(43)) - raft.server.log.segment.size.max = 1048576 (custom)
2019-10-06 01:13:29,228 [pool-423-thread-1] INFO  server.RaftServerConfigKeys (ConfUtils.java:logGet(43)) - raft.server.log.preallocated.size = 16384 (custom)
2019-10-06 01:13:29,229 [pool-423-thread-1] INFO  server.RaftServerConfigKeys (ConfUtils.java:logGet(43)) - raft.server.log.write.buffer.size = 33554432 (custom)
2019-10-06 01:13:29,229 [pool-423-thread-1] INFO  server.RaftServerConfigKeys (ConfUtils.java:logGet(43)) - raft.server.log.force.sync.num = 128 (default)
2019-10-06 01:13:29,229 [pool-423-thread-1] INFO  server.RaftServerConfigKeys (ConfUtils.java:logGet(43)) - raft.server.log.statemachine.data.sync = true (default)
2019-10-06 01:13:29,229 [pool-423-thread-1] INFO  server.RaftServerConfigKeys (ConfUtils.java:logGet(43)) - raft.server.log.statemachine.data.sync.timeout = 10s (default)
2019-10-06 01:13:29,229 [pool-423-thread-1] INFO  server.RaftServerConfigKeys (ConfUtils.java:logGet(43)) - raft.server.log.statemachine.data.sync.timeout.retry = -1 (default)
2019-10-06 01:13:29,230 [pool-423-thread-1] INFO  server.RaftServerConfigKeys (ConfUtils.java:logGet(43)) - raft.server.log.statemachine.data.caching.enabled = true (custom)
2019-10-06 01:13:29,230 [pool-423-thread-1] INFO  segmented.SegmentedRaftLogWorker (SegmentedRaftLogWorker.java:lambda$new$0(128)) - 520eed3d-77c0-4796-994f-c9f7f7327894@group-2A77F696EAA7-SegmentedRaftLogWorker: flushIndex: setUnconditionally 0 -> -1
2019-10-06 01:13:29,230 [pool-423-thread-1] INFO  server.RaftServerConfigKeys (ConfUtils.java:logGet(43)) - raft.server.snapshot.auto.trigger.enabled = true (custom)
2019-10-06 01:13:29,230 [pool-423-thread-1] INFO  server.RaftServerConfigKeys (ConfUtils.java:logGet(43)) - raft.server.snapshot.auto.trigger.threshold = 10000 (custom)
2019-10-06 01:13:29,230 [pool-423-thread-1] INFO  server.RaftServerConfigKeys (ConfUtils.java:logGet(43)) - raft.server.snapshot.retention.file.num = 5 (custom)
2019-10-06 01:13:29,231 [pool-423-thread-1] INFO  server.RaftServerConfigKeys (ConfUtils.java:logGet(43)) - raft.server.retrycache.expirytime = 600000ms (custom)
2019-10-06 01:13:29,232 [pool-423-thread-1] INFO  impl.RaftServerImpl (RaftServerImpl.java:start(181)) - 520eed3d-77c0-4796-994f-c9f7f7327894@group-2A77F696EAA7: start as a follower, conf=-1: [520eed3d-77c0-4796-994f-c9f7f7327894:192.168.30.55:45511], old=null
2019-10-06 01:13:29,232 [pool-423-thread-1] INFO  impl.RaftServerImpl (RaftServerImpl.java:setRole(170)) - 520eed3d-77c0-4796-994f-c9f7f7327894@group-2A77F696EAA7: changes role from      null to FOLLOWER at term 0 for startAsFollower
2019-10-06 01:13:29,232 [pool-423-thread-1] INFO  impl.RoleInfo (RoleInfo.java:updateAndGet(143)) - 520eed3d-77c0-4796-994f-c9f7f7327894: start FollowerState
2019-10-06 01:13:29,233 [pool-423-thread-1] INFO  util.JmxRegister (JmxRegister.java:tryRegister(44)) - Successfully registered JMX Bean with object name Ratis:service=RaftServer,group=group-2A77F696EAA7,id=520eed3d-77c0-4796-994f-c9f7f7327894
2019-10-06 01:13:29,237 [IPC Server handler 5 on 34373] INFO  net.NetworkTopology (NetworkTopologyImpl.java:add(111)) - Added a new node: /default-rack/c7fcae2d-ab82-49be-983f-89bdb3ad2cf8
2019-10-06 01:13:29,238 [IPC Server handler 5 on 34373] INFO  node.SCMNodeManager (SCMNodeManager.java:register(266)) - Registered Data node : c7fcae2d-ab82-49be-983f-89bdb3ad2cf8{ip: 192.168.30.55, host: pr-hdds-2233-w5czk-1584650955, networkLocation: /default-rack, certSerialId: null}
2019-10-06 01:13:29,238 [RatisPipelineUtilsThread] INFO  pipeline.PipelineStateManager (PipelineStateManager.java:addPipeline(56)) - Created pipeline Pipeline[ Id: 7531e677-ab61-4e87-aace-2a77f696eaa7, Nodes: 520eed3d-77c0-4796-994f-c9f7f7327894{ip: 192.168.30.55, host: pr-hdds-2233-w5czk-1584650955, networkLocation: /default-rack, certSerialId: null}, Type:RATIS, Factor:ONE, State:OPEN]
2019-10-06 01:13:29,248 [grpc-default-executor-1] INFO  impl.RaftServerProxy (RaftServerProxy.java:addNew(89)) - c7fcae2d-ab82-49be-983f-89bdb3ad2cf8: addNew group-E7E7E5A147F6:[c7fcae2d-ab82-49be-983f-89bdb3ad2cf8:192.168.30.55:40892] returns group-E7E7E5A147F6:java.util.concurrent.CompletableFuture@3ccf93d3[Not completed]
2019-10-06 01:13:29,249 [pool-433-thread-1] INFO  impl.RaftServerImpl (RaftServerImpl.java:<init>(95)) - c7fcae2d-ab82-49be-983f-89bdb3ad2cf8: new RaftServerImpl for group-E7E7E5A147F6:[c7fcae2d-ab82-49be-983f-89bdb3ad2cf8:192.168.30.55:40892] with ContainerStateMachine:uninitialized
2019-10-06 01:13:29,250 [pool-433-thread-1] INFO  server.RaftServerConfigKeys (ConfUtils.java:logGet(43)) - raft.server.rpc.timeout.min = 5s (custom)
2019-10-06 01:13:29,250 [pool-433-thread-1] INFO  server.RaftServerConfigKeys (ConfUtils.java:logGet(43)) - raft.server.rpc.timeout.max = 5200ms (custom)
2019-10-06 01:13:29,250 [pool-433-thread-1] INFO  server.RaftServerConfigKeys (ConfUtils.java:logGet(43)) - raft.server.rpcslowness.timeout = 120s (custom)
2019-10-06 01:13:29,250 [pool-433-thread-1] INFO  server.RaftServerConfigKeys (ConfUtils.java:logGet(43)) - raft.server.sleep.deviation.threshold = 300 (default)
2019-10-06 01:13:29,250 [pool-433-thread-1] INFO  server.RaftServerConfigKeys (ConfUtils.java:logGet(43)) - raft.server.log.appender.install.snapshot.enabled = false (custom)
2019-10-06 01:13:29,250 [pool-433-thread-1] INFO  impl.RaftServerImpl (ServerState.java:<init>(103)) - c7fcae2d-ab82-49be-983f-89bdb3ad2cf8@group-E7E7E5A147F6: ConfigurationManager, init=-1: [c7fcae2d-ab82-49be-983f-89bdb3ad2cf8:192.168.30.55:40892], old=null, confs=<EMPTY_MAP>
2019-10-06 01:13:29,250 [pool-433-thread-1] INFO  server.RaftServerConfigKeys (ConfUtils.java:logGet(43)) - raft.server.storage.dir = [/workdir/hadoop-ozone/integration-test/target/test-dir/MiniOzoneClusterImpl-0eec6d6b-e739-437d-bd39-485dbec10836/datanode-5/data/ratis] (custom)
2019-10-06 01:13:29,251 [pool-433-thread-1] INFO  server.RaftServerConfigKeys (ConfUtils.java:logGet(43)) - raft.server.log.corruption.policy = EXCEPTION (default)
2019-10-06 01:13:29,251 [pool-433-thread-1] INFO  storage.RaftStorageDirectory (RaftStorageDirectory.java:analyzeStorage(246)) - The storage directory /workdir/hadoop-ozone/integration-test/target/test-dir/MiniOzoneClusterImpl-0eec6d6b-e739-437d-bd39-485dbec10836/datanode-5/data/ratis/7cf745dd-bb39-4737-b681-e7e7e5a147f6 does not exist. Creating ...
2019-10-06 01:13:29,264 [pool-433-thread-1] INFO  storage.RaftStorageDirectory (RaftStorageDirectory.java:tryLock(328)) - Lock on /workdir/hadoop-ozone/integration-test/target/test-dir/MiniOzoneClusterImpl-0eec6d6b-e739-437d-bd39-485dbec10836/datanode-5/data/ratis/7cf745dd-bb39-4737-b681-e7e7e5a147f6/in_use.lock acquired by nodename 12540@pr-hdds-2233-w5czk-1584650955
2019-10-06 01:13:29,278 [pool-433-thread-1] INFO  storage.RaftStorage (RaftStorage.java:format(84)) - Storage directory /workdir/hadoop-ozone/integration-test/target/test-dir/MiniOzoneClusterImpl-0eec6d6b-e739-437d-bd39-485dbec10836/datanode-5/data/ratis/7cf745dd-bb39-4737-b681-e7e7e5a147f6 has been successfully formatted.
2019-10-06 01:13:29,278 [pool-433-thread-1] INFO  ratis.ContainerStateMachine (ContainerStateMachine.java:loadSnapshot(230)) - group-E7E7E5A147F6: The snapshot info is null. Setting the last applied indexto:(t:0, i:~)
2019-10-06 01:13:29,278 [pool-433-thread-1] INFO  server.RaftServerConfigKeys (ConfUtils.java:logGet(43)) - raft.server.notification.no-leader.timeout = 120s (custom)
2019-10-06 01:13:29,278 [pool-433-thread-1] INFO  server.RaftServerConfigKeys (ConfUtils.java:logGet(43)) - raft.server.log.use.memory = false (default)
2019-10-06 01:13:29,278 [pool-433-thread-1] INFO  server.RaftServerConfigKeys (ConfUtils.java:logGet(43)) - raft.server.log.purge.gap = 1000000 (custom)
2019-10-06 01:13:29,278 [pool-433-thread-1] INFO  server.RaftServerConfigKeys (ConfUtils.java:logGet(43)) - raft.server.log.appender.buffer.byte-limit = 33554432 (custom)
2019-10-06 01:13:29,279 [pool-433-thread-1] INFO  server.RaftServerConfigKeys (ConfUtils.java:logGet(43)) - raft.server.log.segment.size.max = 1048576 (custom)
2019-10-06 01:13:29,280 [pool-433-thread-1] INFO  server.RaftServerConfigKeys (ConfUtils.java:logGet(43)) - raft.server.log.segment.cache.num.max = 2 (custom)
2019-10-06 01:13:29,280 [pool-433-thread-1] INFO  segmented.SegmentedRaftLogWorker (SegmentedRaftLogWorker.java:<init>(173)) - new c7fcae2d-ab82-49be-983f-89bdb3ad2cf8@group-E7E7E5A147F6-SegmentedRaftLogWorker for RaftStorage:Storage Directory /workdir/hadoop-ozone/integration-test/target/test-dir/MiniOzoneClusterImpl-0eec6d6b-e739-437d-bd39-485dbec10836/datanode-5/data/ratis/7cf745dd-bb39-4737-b681-e7e7e5a147f6
2019-10-06 01:13:29,280 [pool-433-thread-1] INFO  server.RaftServerConfigKeys (ConfUtils.java:logGet(43)) - raft.server.log.queue.byte-limit = 2147483647 (custom)
2019-10-06 01:13:29,281 [pool-433-thread-1] INFO  server.RaftServerConfigKeys (ConfUtils.java:logGet(43)) - raft.server.log.queue.element-limit = 1024 (custom)
2019-10-06 01:13:29,281 [pool-433-thread-1] INFO  server.RaftServerConfigKeys (ConfUtils.java:logGet(43)) - raft.server.log.segment.size.max = 1048576 (custom)
2019-10-06 01:13:29,281 [pool-433-thread-1] INFO  server.RaftServerConfigKeys (ConfUtils.java:logGet(43)) - raft.server.log.preallocated.size = 16384 (custom)
2019-10-06 01:13:29,281 [pool-433-thread-1] INFO  server.RaftServerConfigKeys (ConfUtils.java:logGet(43)) - raft.server.log.write.buffer.size = 33554432 (custom)
2019-10-06 01:13:29,281 [pool-433-thread-1] INFO  server.RaftServerConfigKeys (ConfUtils.java:logGet(43)) - raft.server.log.force.sync.num = 128 (default)
2019-10-06 01:13:29,281 [pool-433-thread-1] INFO  server.RaftServerConfigKeys (ConfUtils.java:logGet(43)) - raft.server.log.statemachine.data.sync = true (default)
2019-10-06 01:13:29,281 [pool-433-thread-1] INFO  server.RaftServerConfigKeys (ConfUtils.java:logGet(43)) - raft.server.log.statemachine.data.sync.timeout = 10s (default)
2019-10-06 01:13:29,281 [pool-433-thread-1] INFO  server.RaftServerConfigKeys (ConfUtils.java:logGet(43)) - raft.server.log.statemachine.data.sync.timeout.retry = -1 (default)
2019-10-06 01:13:29,282 [pool-433-thread-1] INFO  server.RaftServerConfigKeys (ConfUtils.java:logGet(43)) - raft.server.log.statemachine.data.caching.enabled = true (custom)
2019-10-06 01:13:29,282 [pool-433-thread-1] INFO  segmented.SegmentedRaftLogWorker (SegmentedRaftLogWorker.java:lambda$new$0(128)) - c7fcae2d-ab82-49be-983f-89bdb3ad2cf8@group-E7E7E5A147F6-SegmentedRaftLogWorker: flushIndex: setUnconditionally 0 -> -1
2019-10-06 01:13:29,283 [pool-433-thread-1] INFO  server.RaftServerConfigKeys (ConfUtils.java:logGet(43)) - raft.server.snapshot.auto.trigger.enabled = true (custom)
2019-10-06 01:13:29,283 [pool-433-thread-1] INFO  server.RaftServerConfigKeys (ConfUtils.java:logGet(43)) - raft.server.snapshot.auto.trigger.threshold = 10000 (custom)
2019-10-06 01:13:29,283 [pool-433-thread-1] INFO  server.RaftServerConfigKeys (ConfUtils.java:logGet(43)) - raft.server.snapshot.retention.file.num = 5 (custom)
2019-10-06 01:13:29,283 [pool-433-thread-1] INFO  server.RaftServerConfigKeys (ConfUtils.java:logGet(43)) - raft.server.retrycache.expirytime = 600000ms (custom)
2019-10-06 01:13:29,285 [pool-433-thread-1] INFO  impl.RaftServerImpl (RaftServerImpl.java:start(181)) - c7fcae2d-ab82-49be-983f-89bdb3ad2cf8@group-E7E7E5A147F6: start as a follower, conf=-1: [c7fcae2d-ab82-49be-983f-89bdb3ad2cf8:192.168.30.55:40892], old=null
2019-10-06 01:13:29,285 [pool-433-thread-1] INFO  impl.RaftServerImpl (RaftServerImpl.java:setRole(170)) - c7fcae2d-ab82-49be-983f-89bdb3ad2cf8@group-E7E7E5A147F6: changes role from      null to FOLLOWER at term 0 for startAsFollower
2019-10-06 01:13:29,285 [pool-433-thread-1] INFO  impl.RoleInfo (RoleInfo.java:updateAndGet(143)) - c7fcae2d-ab82-49be-983f-89bdb3ad2cf8: start FollowerState
2019-10-06 01:13:29,285 [pool-433-thread-1] INFO  util.JmxRegister (JmxRegister.java:tryRegister(44)) - Successfully registered JMX Bean with object name Ratis:service=RaftServer,group=group-E7E7E5A147F6,id=c7fcae2d-ab82-49be-983f-89bdb3ad2cf8
2019-10-06 01:13:29,289 [RatisPipelineUtilsThread] INFO  pipeline.PipelineStateManager (PipelineStateManager.java:addPipeline(56)) - Created pipeline Pipeline[ Id: 7cf745dd-bb39-4737-b681-e7e7e5a147f6, Nodes: c7fcae2d-ab82-49be-983f-89bdb3ad2cf8{ip: 192.168.30.55, host: pr-hdds-2233-w5czk-1584650955, networkLocation: /default-rack, certSerialId: null}, Type:RATIS, Factor:ONE, State:OPEN]
2019-10-06 01:13:29,310 [main] INFO  ozone.MiniOzoneClusterImpl (MiniOzoneClusterImpl.java:lambda$waitForClusterToBeReady$0(147)) - Waiting for cluster to be ready. Got 6 of 7 DN Heartbeats.
2019-10-06 01:13:29,315 [IPC Server handler 4 on 34373] INFO  net.NetworkTopology (NetworkTopologyImpl.java:add(111)) - Added a new node: /default-rack/9d0becdb-37b1-442f-a109-e1e9beb55192
2019-10-06 01:13:29,315 [IPC Server handler 4 on 34373] INFO  node.SCMNodeManager (SCMNodeManager.java:register(266)) - Registered Data node : 9d0becdb-37b1-442f-a109-e1e9beb55192{ip: 192.168.30.55, host: pr-hdds-2233-w5czk-1584650955, networkLocation: /default-rack, certSerialId: null}
2019-10-06 01:13:29,323 [grpc-default-executor-4] INFO  impl.RaftServerProxy (RaftServerProxy.java:addNew(89)) - c7fcae2d-ab82-49be-983f-89bdb3ad2cf8: addNew group-9C70BF4BA7CF:[c7fcae2d-ab82-49be-983f-89bdb3ad2cf8:192.168.30.55:40892, 520eed3d-77c0-4796-994f-c9f7f7327894:192.168.30.55:45511, e17d88b9-44d7-4ac5-a25e-898f1b9f2a83:192.168.30.55:37773] returns group-9C70BF4BA7CF:java.util.concurrent.CompletableFuture@5f601817[Not completed]
2019-10-06 01:13:29,324 [grpc-default-executor-4] INFO  impl.RaftServerProxy (RaftServerProxy.java:addNew(89)) - e17d88b9-44d7-4ac5-a25e-898f1b9f2a83: addNew group-9C70BF4BA7CF:[c7fcae2d-ab82-49be-983f-89bdb3ad2cf8:192.168.30.55:40892, 520eed3d-77c0-4796-994f-c9f7f7327894:192.168.30.55:45511, e17d88b9-44d7-4ac5-a25e-898f1b9f2a83:192.168.30.55:37773] returns group-9C70BF4BA7CF:java.util.concurrent.CompletableFuture@25ab9017[Not completed]
2019-10-06 01:13:29,325 [pool-433-thread-1] INFO  impl.RaftServerImpl (RaftServerImpl.java:<init>(95)) - c7fcae2d-ab82-49be-983f-89bdb3ad2cf8: new RaftServerImpl for group-9C70BF4BA7CF:[c7fcae2d-ab82-49be-983f-89bdb3ad2cf8:192.168.30.55:40892, 520eed3d-77c0-4796-994f-c9f7f7327894:192.168.30.55:45511, e17d88b9-44d7-4ac5-a25e-898f1b9f2a83:192.168.30.55:37773] with ContainerStateMachine:uninitialized
2019-10-06 01:13:29,325 [pool-433-thread-1] INFO  server.RaftServerConfigKeys (ConfUtils.java:logGet(43)) - raft.server.rpc.timeout.min = 5s (custom)
2019-10-06 01:13:29,325 [pool-433-thread-1] INFO  server.RaftServerConfigKeys (ConfUtils.java:logGet(43)) - raft.server.rpc.timeout.max = 5200ms (custom)
2019-10-06 01:13:29,325 [pool-433-thread-1] INFO  server.RaftServerConfigKeys (ConfUtils.java:logGet(43)) - raft.server.rpcslowness.timeout = 120s (custom)
2019-10-06 01:13:29,325 [pool-433-thread-1] INFO  server.RaftServerConfigKeys (ConfUtils.java:logGet(43)) - raft.server.sleep.deviation.threshold = 300 (default)
2019-10-06 01:13:29,325 [pool-433-thread-1] INFO  server.RaftServerConfigKeys (ConfUtils.java:logGet(43)) - raft.server.log.appender.install.snapshot.enabled = false (custom)
2019-10-06 01:13:29,325 [pool-413-thread-1] INFO  impl.RaftServerImpl (RaftServerImpl.java:<init>(95)) - e17d88b9-44d7-4ac5-a25e-898f1b9f2a83: new RaftServerImpl for group-9C70BF4BA7CF:[c7fcae2d-ab82-49be-983f-89bdb3ad2cf8:192.168.30.55:40892, 520eed3d-77c0-4796-994f-c9f7f7327894:192.168.30.55:45511, e17d88b9-44d7-4ac5-a25e-898f1b9f2a83:192.168.30.55:37773] with ContainerStateMachine:uninitialized
2019-10-06 01:13:29,326 [grpc-default-executor-4] INFO  impl.RaftServerProxy (RaftServerProxy.java:addNew(89)) - 520eed3d-77c0-4796-994f-c9f7f7327894: addNew group-9C70BF4BA7CF:[c7fcae2d-ab82-49be-983f-89bdb3ad2cf8:192.168.30.55:40892, 520eed3d-77c0-4796-994f-c9f7f7327894:192.168.30.55:45511, e17d88b9-44d7-4ac5-a25e-898f1b9f2a83:192.168.30.55:37773] returns group-9C70BF4BA7CF:java.util.concurrent.CompletableFuture@fb308a4[Not completed]
2019-10-06 01:13:29,326 [pool-423-thread-1] INFO  impl.RaftServerImpl (RaftServerImpl.java:<init>(95)) - 520eed3d-77c0-4796-994f-c9f7f7327894: new RaftServerImpl for group-9C70BF4BA7CF:[c7fcae2d-ab82-49be-983f-89bdb3ad2cf8:192.168.30.55:40892, 520eed3d-77c0-4796-994f-c9f7f7327894:192.168.30.55:45511, e17d88b9-44d7-4ac5-a25e-898f1b9f2a83:192.168.30.55:37773] with ContainerStateMachine:uninitialized
2019-10-06 01:13:29,327 [pool-423-thread-1] INFO  server.RaftServerConfigKeys (ConfUtils.java:logGet(43)) - raft.server.rpc.timeout.min = 5s (custom)
2019-10-06 01:13:29,327 [pool-423-thread-1] INFO  server.RaftServerConfigKeys (ConfUtils.java:logGet(43)) - raft.server.rpc.timeout.max = 5200ms (custom)
2019-10-06 01:13:29,326 [pool-433-thread-1] INFO  impl.RaftServerImpl (ServerState.java:<init>(103)) - c7fcae2d-ab82-49be-983f-89bdb3ad2cf8@group-9C70BF4BA7CF: ConfigurationManager, init=-1: [c7fcae2d-ab82-49be-983f-89bdb3ad2cf8:192.168.30.55:40892, 520eed3d-77c0-4796-994f-c9f7f7327894:192.168.30.55:45511, e17d88b9-44d7-4ac5-a25e-898f1b9f2a83:192.168.30.55:37773], old=null, confs=<EMPTY_MAP>
2019-10-06 01:13:29,327 [pool-423-thread-1] INFO  server.RaftServerConfigKeys (ConfUtils.java:logGet(43)) - raft.server.rpcslowness.timeout = 120s (custom)
2019-10-06 01:13:29,326 [pool-413-thread-1] INFO  server.RaftServerConfigKeys (ConfUtils.java:logGet(43)) - raft.server.rpc.timeout.min = 5s (custom)
2019-10-06 01:13:29,327 [pool-423-thread-1] INFO  server.RaftServerConfigKeys (ConfUtils.java:logGet(43)) - raft.server.sleep.deviation.threshold = 300 (default)
2019-10-06 01:13:29,327 [pool-433-thread-1] INFO  server.RaftServerConfigKeys (ConfUtils.java:logGet(43)) - raft.server.storage.dir = [/workdir/hadoop-ozone/integration-test/target/test-dir/MiniOzoneClusterImpl-0eec6d6b-e739-437d-bd39-485dbec10836/datanode-5/data/ratis] (custom)
2019-10-06 01:13:29,327 [pool-423-thread-1] INFO  server.RaftServerConfigKeys (ConfUtils.java:logGet(43)) - raft.server.log.appender.install.snapshot.enabled = false (custom)
2019-10-06 01:13:29,327 [pool-413-thread-1] INFO  server.RaftServerConfigKeys (ConfUtils.java:logGet(43)) - raft.server.rpc.timeout.max = 5200ms (custom)
2019-10-06 01:13:29,328 [pool-433-thread-1] INFO  server.RaftServerConfigKeys (ConfUtils.java:logGet(43)) - raft.server.log.corruption.policy = EXCEPTION (default)
2019-10-06 01:13:29,328 [pool-423-thread-1] INFO  impl.RaftServerImpl (ServerState.java:<init>(103)) - 520eed3d-77c0-4796-994f-c9f7f7327894@group-9C70BF4BA7CF: ConfigurationManager, init=-1: [c7fcae2d-ab82-49be-983f-89bdb3ad2cf8:192.168.30.55:40892, 520eed3d-77c0-4796-994f-c9f7f7327894:192.168.30.55:45511, e17d88b9-44d7-4ac5-a25e-898f1b9f2a83:192.168.30.55:37773], old=null, confs=<EMPTY_MAP>
2019-10-06 01:13:29,328 [pool-413-thread-1] INFO  server.RaftServerConfigKeys (ConfUtils.java:logGet(43)) - raft.server.rpcslowness.timeout = 120s (custom)
2019-10-06 01:13:29,328 [pool-433-thread-1] INFO  storage.RaftStorageDirectory (RaftStorageDirectory.java:analyzeStorage(246)) - The storage directory /workdir/hadoop-ozone/integration-test/target/test-dir/MiniOzoneClusterImpl-0eec6d6b-e739-437d-bd39-485dbec10836/datanode-5/data/ratis/71880bde-4160-4f8f-84a1-9c70bf4ba7cf does not exist. Creating ...
2019-10-06 01:13:29,328 [pool-423-thread-1] INFO  server.RaftServerConfigKeys (ConfUtils.java:logGet(43)) - raft.server.storage.dir = [/workdir/hadoop-ozone/integration-test/target/test-dir/MiniOzoneClusterImpl-0eec6d6b-e739-437d-bd39-485dbec10836/datanode-4/data/ratis] (custom)
2019-10-06 01:13:29,328 [pool-413-thread-1] INFO  server.RaftServerConfigKeys (ConfUtils.java:logGet(43)) - raft.server.sleep.deviation.threshold = 300 (default)
2019-10-06 01:13:29,329 [pool-423-thread-1] INFO  server.RaftServerConfigKeys (ConfUtils.java:logGet(43)) - raft.server.log.corruption.policy = EXCEPTION (default)
2019-10-06 01:13:29,329 [pool-413-thread-1] INFO  server.RaftServerConfigKeys (ConfUtils.java:logGet(43)) - raft.server.log.appender.install.snapshot.enabled = false (custom)
2019-10-06 01:13:29,329 [pool-423-thread-1] INFO  storage.RaftStorageDirectory (RaftStorageDirectory.java:analyzeStorage(246)) - The storage directory /workdir/hadoop-ozone/integration-test/target/test-dir/MiniOzoneClusterImpl-0eec6d6b-e739-437d-bd39-485dbec10836/datanode-4/data/ratis/71880bde-4160-4f8f-84a1-9c70bf4ba7cf does not exist. Creating ...
2019-10-06 01:13:29,329 [pool-413-thread-1] INFO  impl.RaftServerImpl (ServerState.java:<init>(103)) - e17d88b9-44d7-4ac5-a25e-898f1b9f2a83@group-9C70BF4BA7CF: ConfigurationManager, init=-1: [c7fcae2d-ab82-49be-983f-89bdb3ad2cf8:192.168.30.55:40892, 520eed3d-77c0-4796-994f-c9f7f7327894:192.168.30.55:45511, e17d88b9-44d7-4ac5-a25e-898f1b9f2a83:192.168.30.55:37773], old=null, confs=<EMPTY_MAP>
2019-10-06 01:13:29,329 [pool-413-thread-1] INFO  server.RaftServerConfigKeys (ConfUtils.java:logGet(43)) - raft.server.storage.dir = [/workdir/hadoop-ozone/integration-test/target/test-dir/MiniOzoneClusterImpl-0eec6d6b-e739-437d-bd39-485dbec10836/datanode-3/data/ratis] (custom)
2019-10-06 01:13:29,330 [pool-413-thread-1] INFO  server.RaftServerConfigKeys (ConfUtils.java:logGet(43)) - raft.server.log.corruption.policy = EXCEPTION (default)
2019-10-06 01:13:29,330 [pool-413-thread-1] INFO  storage.RaftStorageDirectory (RaftStorageDirectory.java:analyzeStorage(246)) - The storage directory /workdir/hadoop-ozone/integration-test/target/test-dir/MiniOzoneClusterImpl-0eec6d6b-e739-437d-bd39-485dbec10836/datanode-3/data/ratis/71880bde-4160-4f8f-84a1-9c70bf4ba7cf does not exist. Creating ...
2019-10-06 01:13:29,342 [pool-423-thread-1] INFO  storage.RaftStorageDirectory (RaftStorageDirectory.java:tryLock(328)) - Lock on /workdir/hadoop-ozone/integration-test/target/test-dir/MiniOzoneClusterImpl-0eec6d6b-e739-437d-bd39-485dbec10836/datanode-4/data/ratis/71880bde-4160-4f8f-84a1-9c70bf4ba7cf/in_use.lock acquired by nodename 12540@pr-hdds-2233-w5czk-1584650955
2019-10-06 01:13:29,342 [pool-433-thread-1] INFO  storage.RaftStorageDirectory (RaftStorageDirectory.java:tryLock(328)) - Lock on /workdir/hadoop-ozone/integration-test/target/test-dir/MiniOzoneClusterImpl-0eec6d6b-e739-437d-bd39-485dbec10836/datanode-5/data/ratis/71880bde-4160-4f8f-84a1-9c70bf4ba7cf/in_use.lock acquired by nodename 12540@pr-hdds-2233-w5czk-1584650955
2019-10-06 01:13:29,342 [pool-413-thread-1] INFO  storage.RaftStorageDirectory (RaftStorageDirectory.java:tryLock(328)) - Lock on /workdir/hadoop-ozone/integration-test/target/test-dir/MiniOzoneClusterImpl-0eec6d6b-e739-437d-bd39-485dbec10836/datanode-3/data/ratis/71880bde-4160-4f8f-84a1-9c70bf4ba7cf/in_use.lock acquired by nodename 12540@pr-hdds-2233-w5czk-1584650955
2019-10-06 01:13:29,360 [pool-423-thread-1] INFO  storage.RaftStorage (RaftStorage.java:format(84)) - Storage directory /workdir/hadoop-ozone/integration-test/target/test-dir/MiniOzoneClusterImpl-0eec6d6b-e739-437d-bd39-485dbec10836/datanode-4/data/ratis/71880bde-4160-4f8f-84a1-9c70bf4ba7cf has been successfully formatted.
2019-10-06 01:13:29,360 [pool-413-thread-1] INFO  storage.RaftStorage (RaftStorage.java:format(84)) - Storage directory /workdir/hadoop-ozone/integration-test/target/test-dir/MiniOzoneClusterImpl-0eec6d6b-e739-437d-bd39-485dbec10836/datanode-3/data/ratis/71880bde-4160-4f8f-84a1-9c70bf4ba7cf has been successfully formatted.
2019-10-06 01:13:29,360 [pool-433-thread-1] INFO  storage.RaftStorage (RaftStorage.java:format(84)) - Storage directory /workdir/hadoop-ozone/integration-test/target/test-dir/MiniOzoneClusterImpl-0eec6d6b-e739-437d-bd39-485dbec10836/datanode-5/data/ratis/71880bde-4160-4f8f-84a1-9c70bf4ba7cf has been successfully formatted.
2019-10-06 01:13:29,361 [pool-413-thread-1] INFO  ratis.ContainerStateMachine (ContainerStateMachine.java:loadSnapshot(230)) - group-9C70BF4BA7CF: The snapshot info is null. Setting the last applied indexto:(t:0, i:~)
2019-10-06 01:13:29,361 [pool-423-thread-1] INFO  ratis.ContainerStateMachine (ContainerStateMachine.java:loadSnapshot(230)) - group-9C70BF4BA7CF: The snapshot info is null. Setting the last applied indexto:(t:0, i:~)
2019-10-06 01:13:29,361 [pool-413-thread-1] INFO  server.RaftServerConfigKeys (ConfUtils.java:logGet(43)) - raft.server.notification.no-leader.timeout = 120s (custom)
2019-10-06 01:13:29,361 [pool-433-thread-1] INFO  ratis.ContainerStateMachine (ContainerStateMachine.java:loadSnapshot(230)) - group-9C70BF4BA7CF: The snapshot info is null. Setting the last applied indexto:(t:0, i:~)
2019-10-06 01:13:29,361 [pool-413-thread-1] INFO  server.RaftServerConfigKeys (ConfUtils.java:logGet(43)) - raft.server.log.use.memory = false (default)
2019-10-06 01:13:29,361 [pool-423-thread-1] INFO  server.RaftServerConfigKeys (ConfUtils.java:logGet(43)) - raft.server.notification.no-leader.timeout = 120s (custom)
2019-10-06 01:13:29,361 [pool-413-thread-1] INFO  server.RaftServerConfigKeys (ConfUtils.java:logGet(43)) - raft.server.log.purge.gap = 1000000 (custom)
2019-10-06 01:13:29,361 [pool-433-thread-1] INFO  server.RaftServerConfigKeys (ConfUtils.java:logGet(43)) - raft.server.notification.no-leader.timeout = 120s (custom)
2019-10-06 01:13:29,361 [pool-413-thread-1] INFO  server.RaftServerConfigKeys (ConfUtils.java:logGet(43)) - raft.server.log.appender.buffer.byte-limit = 33554432 (custom)
2019-10-06 01:13:29,361 [pool-423-thread-1] INFO  server.RaftServerConfigKeys (ConfUtils.java:logGet(43)) - raft.server.log.use.memory = false (default)
2019-10-06 01:13:29,362 [pool-413-thread-1] INFO  server.RaftServerConfigKeys (ConfUtils.java:logGet(43)) - raft.server.log.segment.size.max = 1048576 (custom)
2019-10-06 01:13:29,361 [pool-433-thread-1] INFO  server.RaftServerConfigKeys (ConfUtils.java:logGet(43)) - raft.server.log.use.memory = false (default)
2019-10-06 01:13:29,362 [pool-413-thread-1] INFO  server.RaftServerConfigKeys (ConfUtils.java:logGet(43)) - raft.server.log.segment.cache.num.max = 2 (custom)
2019-10-06 01:13:29,362 [pool-423-thread-1] INFO  server.RaftServerConfigKeys (ConfUtils.java:logGet(43)) - raft.server.log.purge.gap = 1000000 (custom)
2019-10-06 01:13:29,362 [pool-413-thread-1] INFO  segmented.SegmentedRaftLogWorker (SegmentedRaftLogWorker.java:<init>(173)) - new e17d88b9-44d7-4ac5-a25e-898f1b9f2a83@group-9C70BF4BA7CF-SegmentedRaftLogWorker for RaftStorage:Storage Directory /workdir/hadoop-ozone/integration-test/target/test-dir/MiniOzoneClusterImpl-0eec6d6b-e739-437d-bd39-485dbec10836/datanode-3/data/ratis/71880bde-4160-4f8f-84a1-9c70bf4ba7cf
2019-10-06 01:13:29,362 [pool-433-thread-1] INFO  server.RaftServerConfigKeys (ConfUtils.java:logGet(43)) - raft.server.log.purge.gap = 1000000 (custom)
2019-10-06 01:13:29,362 [pool-413-thread-1] INFO  server.RaftServerConfigKeys (ConfUtils.java:logGet(43)) - raft.server.log.queue.byte-limit = 2147483647 (custom)
2019-10-06 01:13:29,362 [pool-423-thread-1] INFO  server.RaftServerConfigKeys (ConfUtils.java:logGet(43)) - raft.server.log.appender.buffer.byte-limit = 33554432 (custom)
2019-10-06 01:13:29,362 [pool-413-thread-1] INFO  server.RaftServerConfigKeys (ConfUtils.java:logGet(43)) - raft.server.log.queue.element-limit = 1024 (custom)
2019-10-06 01:13:29,362 [pool-433-thread-1] INFO  server.RaftServerConfigKeys (ConfUtils.java:logGet(43)) - raft.server.log.appender.buffer.byte-limit = 33554432 (custom)
2019-10-06 01:13:29,363 [pool-413-thread-1] INFO  server.RaftServerConfigKeys (ConfUtils.java:logGet(43)) - raft.server.log.segment.size.max = 1048576 (custom)
2019-10-06 01:13:29,362 [pool-423-thread-1] INFO  server.RaftServerConfigKeys (ConfUtils.java:logGet(43)) - raft.server.log.segment.size.max = 1048576 (custom)
2019-10-06 01:13:29,363 [pool-413-thread-1] INFO  server.RaftServerConfigKeys (ConfUtils.java:logGet(43)) - raft.server.log.preallocated.size = 16384 (custom)
2019-10-06 01:13:29,363 [pool-433-thread-1] INFO  server.RaftServerConfigKeys (ConfUtils.java:logGet(43)) - raft.server.log.segment.size.max = 1048576 (custom)
2019-10-06 01:13:29,363 [pool-413-thread-1] INFO  server.RaftServerConfigKeys (ConfUtils.java:logGet(43)) - raft.server.log.write.buffer.size = 33554432 (custom)
2019-10-06 01:13:29,363 [pool-423-thread-1] INFO  server.RaftServerConfigKeys (ConfUtils.java:logGet(43)) - raft.server.log.segment.cache.num.max = 2 (custom)
2019-10-06 01:13:29,363 [pool-413-thread-1] INFO  server.RaftServerConfigKeys (ConfUtils.java:logGet(43)) - raft.server.log.force.sync.num = 128 (default)
2019-10-06 01:13:29,363 [pool-433-thread-1] INFO  server.RaftServerConfigKeys (ConfUtils.java:logGet(43)) - raft.server.log.segment.cache.num.max = 2 (custom)
2019-10-06 01:13:29,363 [pool-413-thread-1] INFO  server.RaftServerConfigKeys (ConfUtils.java:logGet(43)) - raft.server.log.statemachine.data.sync = true (default)
2019-10-06 01:13:29,363 [pool-423-thread-1] INFO  segmented.SegmentedRaftLogWorker (SegmentedRaftLogWorker.java:<init>(173)) - new 520eed3d-77c0-4796-994f-c9f7f7327894@group-9C70BF4BA7CF-SegmentedRaftLogWorker for RaftStorage:Storage Directory /workdir/hadoop-ozone/integration-test/target/test-dir/MiniOzoneClusterImpl-0eec6d6b-e739-437d-bd39-485dbec10836/datanode-4/data/ratis/71880bde-4160-4f8f-84a1-9c70bf4ba7cf
2019-10-06 01:13:29,364 [pool-413-thread-1] INFO  server.RaftServerConfigKeys (ConfUtils.java:logGet(43)) - raft.server.log.statemachine.data.sync.timeout = 10s (default)
2019-10-06 01:13:29,364 [pool-433-thread-1] INFO  segmented.SegmentedRaftLogWorker (SegmentedRaftLogWorker.java:<init>(173)) - new c7fcae2d-ab82-49be-983f-89bdb3ad2cf8@group-9C70BF4BA7CF-SegmentedRaftLogWorker for RaftStorage:Storage Directory /workdir/hadoop-ozone/integration-test/target/test-dir/MiniOzoneClusterImpl-0eec6d6b-e739-437d-bd39-485dbec10836/datanode-5/data/ratis/71880bde-4160-4f8f-84a1-9c70bf4ba7cf
2019-10-06 01:13:29,364 [pool-413-thread-1] INFO  server.RaftServerConfigKeys (ConfUtils.java:logGet(43)) - raft.server.log.statemachine.data.sync.timeout.retry = -1 (default)
2019-10-06 01:13:29,364 [pool-423-thread-1] INFO  server.RaftServerConfigKeys (ConfUtils.java:logGet(43)) - raft.server.log.queue.byte-limit = 2147483647 (custom)
2019-10-06 01:13:29,364 [pool-413-thread-1] INFO  server.RaftServerConfigKeys (ConfUtils.java:logGet(43)) - raft.server.log.statemachine.data.caching.enabled = true (custom)
2019-10-06 01:13:29,364 [pool-433-thread-1] INFO  server.RaftServerConfigKeys (ConfUtils.java:logGet(43)) - raft.server.log.queue.byte-limit = 2147483647 (custom)
2019-10-06 01:13:29,364 [pool-423-thread-1] INFO  server.RaftServerConfigKeys (ConfUtils.java:logGet(43)) - raft.server.log.queue.element-limit = 1024 (custom)
2019-10-06 01:13:29,365 [pool-413-thread-1] INFO  segmented.SegmentedRaftLogWorker (SegmentedRaftLogWorker.java:lambda$new$0(128)) - e17d88b9-44d7-4ac5-a25e-898f1b9f2a83@group-9C70BF4BA7CF-SegmentedRaftLogWorker: flushIndex: setUnconditionally 0 -> -1
2019-10-06 01:13:29,365 [pool-433-thread-1] INFO  server.RaftServerConfigKeys (ConfUtils.java:logGet(43)) - raft.server.log.queue.element-limit = 1024 (custom)
2019-10-06 01:13:29,365 [pool-423-thread-1] INFO  server.RaftServerConfigKeys (ConfUtils.java:logGet(43)) - raft.server.log.segment.size.max = 1048576 (custom)
2019-10-06 01:13:29,365 [pool-433-thread-1] INFO  server.RaftServerConfigKeys (ConfUtils.java:logGet(43)) - raft.server.log.segment.size.max = 1048576 (custom)
2019-10-06 01:13:29,365 [pool-413-thread-1] INFO  server.RaftServerConfigKeys (ConfUtils.java:logGet(43)) - raft.server.snapshot.auto.trigger.enabled = true (custom)
2019-10-06 01:13:29,365 [pool-433-thread-1] INFO  server.RaftServerConfigKeys (ConfUtils.java:logGet(43)) - raft.server.log.preallocated.size = 16384 (custom)
2019-10-06 01:13:29,365 [pool-433-thread-1] INFO  server.RaftServerConfigKeys (ConfUtils.java:logGet(43)) - raft.server.log.write.buffer.size = 33554432 (custom)
2019-10-06 01:13:29,365 [pool-423-thread-1] INFO  server.RaftServerConfigKeys (ConfUtils.java:logGet(43)) - raft.server.log.preallocated.size = 16384 (custom)
2019-10-06 01:13:29,365 [pool-433-thread-1] INFO  server.RaftServerConfigKeys (ConfUtils.java:logGet(43)) - raft.server.log.force.sync.num = 128 (default)
2019-10-06 01:13:29,365 [pool-413-thread-1] INFO  server.RaftServerConfigKeys (ConfUtils.java:logGet(43)) - raft.server.snapshot.auto.trigger.threshold = 10000 (custom)
2019-10-06 01:13:29,366 [pool-433-thread-1] INFO  server.RaftServerConfigKeys (ConfUtils.java:logGet(43)) - raft.server.log.statemachine.data.sync = true (default)
2019-10-06 01:13:29,365 [pool-423-thread-1] INFO  server.RaftServerConfigKeys (ConfUtils.java:logGet(43)) - raft.server.log.write.buffer.size = 33554432 (custom)
2019-10-06 01:13:29,366 [pool-433-thread-1] INFO  server.RaftServerConfigKeys (ConfUtils.java:logGet(43)) - raft.server.log.statemachine.data.sync.timeout = 10s (default)
2019-10-06 01:13:29,366 [pool-413-thread-1] INFO  server.RaftServerConfigKeys (ConfUtils.java:logGet(43)) - raft.server.snapshot.retention.file.num = 5 (custom)
2019-10-06 01:13:29,366 [pool-433-thread-1] INFO  server.RaftServerConfigKeys (ConfUtils.java:logGet(43)) - raft.server.log.statemachine.data.sync.timeout.retry = -1 (default)
2019-10-06 01:13:29,366 [pool-423-thread-1] INFO  server.RaftServerConfigKeys (ConfUtils.java:logGet(43)) - raft.server.log.force.sync.num = 128 (default)
2019-10-06 01:13:29,366 [pool-433-thread-1] INFO  server.RaftServerConfigKeys (ConfUtils.java:logGet(43)) - raft.server.log.statemachine.data.caching.enabled = true (custom)
2019-10-06 01:13:29,366 [pool-413-thread-1] INFO  server.RaftServerConfigKeys (ConfUtils.java:logGet(43)) - raft.server.retrycache.expirytime = 600000ms (custom)
2019-10-06 01:13:29,366 [pool-423-thread-1] INFO  server.RaftServerConfigKeys (ConfUtils.java:logGet(43)) - raft.server.log.statemachine.data.sync = true (default)
2019-10-06 01:13:29,366 [pool-433-thread-1] INFO  segmented.SegmentedRaftLogWorker (SegmentedRaftLogWorker.java:lambda$new$0(128)) - c7fcae2d-ab82-49be-983f-89bdb3ad2cf8@group-9C70BF4BA7CF-SegmentedRaftLogWorker: flushIndex: setUnconditionally 0 -> -1
2019-10-06 01:13:29,367 [pool-423-thread-1] INFO  server.RaftServerConfigKeys (ConfUtils.java:logGet(43)) - raft.server.log.statemachine.data.sync.timeout = 10s (default)
2019-10-06 01:13:29,367 [pool-423-thread-1] INFO  server.RaftServerConfigKeys (ConfUtils.java:logGet(43)) - raft.server.log.statemachine.data.sync.timeout.retry = -1 (default)
2019-10-06 01:13:29,367 [pool-433-thread-1] INFO  server.RaftServerConfigKeys (ConfUtils.java:logGet(43)) - raft.server.snapshot.auto.trigger.enabled = true (custom)
2019-10-06 01:13:29,367 [pool-423-thread-1] INFO  server.RaftServerConfigKeys (ConfUtils.java:logGet(43)) - raft.server.log.statemachine.data.caching.enabled = true (custom)
2019-10-06 01:13:29,367 [pool-433-thread-1] INFO  server.RaftServerConfigKeys (ConfUtils.java:logGet(43)) - raft.server.snapshot.auto.trigger.threshold = 10000 (custom)
2019-10-06 01:13:29,367 [pool-423-thread-1] INFO  segmented.SegmentedRaftLogWorker (SegmentedRaftLogWorker.java:lambda$new$0(128)) - 520eed3d-77c0-4796-994f-c9f7f7327894@group-9C70BF4BA7CF-SegmentedRaftLogWorker: flushIndex: setUnconditionally 0 -> -1
2019-10-06 01:13:29,367 [pool-433-thread-1] INFO  server.RaftServerConfigKeys (ConfUtils.java:logGet(43)) - raft.server.snapshot.retention.file.num = 5 (custom)
2019-10-06 01:13:29,367 [pool-423-thread-1] INFO  server.RaftServerConfigKeys (ConfUtils.java:logGet(43)) - raft.server.snapshot.auto.trigger.enabled = true (custom)
2019-10-06 01:13:29,367 [pool-433-thread-1] INFO  server.RaftServerConfigKeys (ConfUtils.java:logGet(43)) - raft.server.retrycache.expirytime = 600000ms (custom)
2019-10-06 01:13:29,368 [pool-423-thread-1] INFO  server.RaftServerConfigKeys (ConfUtils.java:logGet(43)) - raft.server.snapshot.auto.trigger.threshold = 10000 (custom)
2019-10-06 01:13:29,368 [pool-423-thread-1] INFO  server.RaftServerConfigKeys (ConfUtils.java:logGet(43)) - raft.server.snapshot.retention.file.num = 5 (custom)
2019-10-06 01:13:29,368 [pool-423-thread-1] INFO  server.RaftServerConfigKeys (ConfUtils.java:logGet(43)) - raft.server.retrycache.expirytime = 600000ms (custom)
2019-10-06 01:13:29,368 [pool-413-thread-1] INFO  impl.RaftServerImpl (RaftServerImpl.java:start(181)) - e17d88b9-44d7-4ac5-a25e-898f1b9f2a83@group-9C70BF4BA7CF: start as a follower, conf=-1: [c7fcae2d-ab82-49be-983f-89bdb3ad2cf8:192.168.30.55:40892, 520eed3d-77c0-4796-994f-c9f7f7327894:192.168.30.55:45511, e17d88b9-44d7-4ac5-a25e-898f1b9f2a83:192.168.30.55:37773], old=null
2019-10-06 01:13:29,369 [pool-413-thread-1] INFO  impl.RaftServerImpl (RaftServerImpl.java:setRole(170)) - e17d88b9-44d7-4ac5-a25e-898f1b9f2a83@group-9C70BF4BA7CF: changes role from      null to FOLLOWER at term 0 for startAsFollower
2019-10-06 01:13:29,369 [pool-413-thread-1] INFO  impl.RoleInfo (RoleInfo.java:updateAndGet(143)) - e17d88b9-44d7-4ac5-a25e-898f1b9f2a83: start FollowerState
2019-10-06 01:13:29,369 [pool-413-thread-1] INFO  util.JmxRegister (JmxRegister.java:tryRegister(44)) - Successfully registered JMX Bean with object name Ratis:service=RaftServer,group=group-9C70BF4BA7CF,id=e17d88b9-44d7-4ac5-a25e-898f1b9f2a83
2019-10-06 01:13:29,370 [pool-433-thread-1] INFO  impl.RaftServerImpl (RaftServerImpl.java:start(181)) - c7fcae2d-ab82-49be-983f-89bdb3ad2cf8@group-9C70BF4BA7CF: start as a follower, conf=-1: [c7fcae2d-ab82-49be-983f-89bdb3ad2cf8:192.168.30.55:40892, 520eed3d-77c0-4796-994f-c9f7f7327894:192.168.30.55:45511, e17d88b9-44d7-4ac5-a25e-898f1b9f2a83:192.168.30.55:37773], old=null
2019-10-06 01:13:29,370 [pool-423-thread-1] INFO  impl.RaftServerImpl (RaftServerImpl.java:start(181)) - 520eed3d-77c0-4796-994f-c9f7f7327894@group-9C70BF4BA7CF: start as a follower, conf=-1: [c7fcae2d-ab82-49be-983f-89bdb3ad2cf8:192.168.30.55:40892, 520eed3d-77c0-4796-994f-c9f7f7327894:192.168.30.55:45511, e17d88b9-44d7-4ac5-a25e-898f1b9f2a83:192.168.30.55:37773], old=null
2019-10-06 01:13:29,370 [pool-433-thread-1] INFO  impl.RaftServerImpl (RaftServerImpl.java:setRole(170)) - c7fcae2d-ab82-49be-983f-89bdb3ad2cf8@group-9C70BF4BA7CF: changes role from      null to FOLLOWER at term 0 for startAsFollower
2019-10-06 01:13:29,370 [pool-423-thread-1] INFO  impl.RaftServerImpl (RaftServerImpl.java:setRole(170)) - 520eed3d-77c0-4796-994f-c9f7f7327894@group-9C70BF4BA7CF: changes role from      null to FOLLOWER at term 0 for startAsFollower
2019-10-06 01:13:29,370 [pool-433-thread-1] INFO  impl.RoleInfo (RoleInfo.java:updateAndGet(143)) - c7fcae2d-ab82-49be-983f-89bdb3ad2cf8: start FollowerState
2019-10-06 01:13:29,370 [pool-423-thread-1] INFO  impl.RoleInfo (RoleInfo.java:updateAndGet(143)) - 520eed3d-77c0-4796-994f-c9f7f7327894: start FollowerState
2019-10-06 01:13:29,371 [pool-433-thread-1] INFO  util.JmxRegister (JmxRegister.java:tryRegister(44)) - Successfully registered JMX Bean with object name Ratis:service=RaftServer,group=group-9C70BF4BA7CF,id=c7fcae2d-ab82-49be-983f-89bdb3ad2cf8
2019-10-06 01:13:29,371 [pool-423-thread-1] INFO  util.JmxRegister (JmxRegister.java:tryRegister(44)) - Successfully registered JMX Bean with object name Ratis:service=RaftServer,group=group-9C70BF4BA7CF,id=520eed3d-77c0-4796-994f-c9f7f7327894
2019-10-06 01:13:29,375 [RatisPipelineUtilsThread] INFO  pipeline.PipelineStateManager (PipelineStateManager.java:addPipeline(56)) - Created pipeline Pipeline[ Id: 71880bde-4160-4f8f-84a1-9c70bf4ba7cf, Nodes: c7fcae2d-ab82-49be-983f-89bdb3ad2cf8{ip: 192.168.30.55, host: pr-hdds-2233-w5czk-1584650955, networkLocation: /default-rack, certSerialId: null}e17d88b9-44d7-4ac5-a25e-898f1b9f2a83{ip: 192.168.30.55, host: pr-hdds-2233-w5czk-1584650955, networkLocation: /default-rack, certSerialId: null}520eed3d-77c0-4796-994f-c9f7f7327894{ip: 192.168.30.55, host: pr-hdds-2233-w5czk-1584650955, networkLocation: /default-rack, certSerialId: null}, Type:RATIS, Factor:THREE, State:OPEN]
2019-10-06 01:13:30,315 [main] INFO  ozone.MiniOzoneClusterImpl (MiniOzoneClusterImpl.java:lambda$waitForClusterToBeReady$0(147)) - Cluster is ready. Got 7 of 7 DN Heartbeats.
2019-10-06 01:13:30,328 [grpc-default-executor-1] WARN  server.GrpcLogAppender (LogUtils.java:warn(134)) - bf220e48-d6ce-49f3-a557-fc9d50d77ef3@group-F8ADE7488A15->a3975b4a-105c-4b9b-8142-24e206f1c3ba-AppendLogResponseHandler: Failed appendEntries: org.apache.ratis.thirdparty.io.grpc.StatusRuntimeException: UNAVAILABLE: io exception
2019-10-06 01:13:30,329 [grpc-default-executor-1] INFO  impl.FollowerInfo (FollowerInfo.java:lambda$new$0(51)) - bf220e48-d6ce-49f3-a557-fc9d50d77ef3@group-F8ADE7488A15->a3975b4a-105c-4b9b-8142-24e206f1c3ba: nextIndex: updateUnconditionally 0 -> 0
2019-10-06 01:13:30,350 [grpc-default-executor-1] WARN  server.GrpcLogAppender (LogUtils.java:warn(134)) - bf220e48-d6ce-49f3-a557-fc9d50d77ef3@group-F8ADE7488A15->6e899f9a-39c7-4d88-8fee-651142b6bdd4-AppendLogResponseHandler: Failed appendEntries: org.apache.ratis.thirdparty.io.grpc.StatusRuntimeException: UNAVAILABLE: io exception
2019-10-06 01:13:30,350 [grpc-default-executor-1] INFO  impl.FollowerInfo (FollowerInfo.java:lambda$new$0(51)) - bf220e48-d6ce-49f3-a557-fc9d50d77ef3@group-F8ADE7488A15->6e899f9a-39c7-4d88-8fee-651142b6bdd4: nextIndex: updateUnconditionally 0 -> 0
2019-10-06 01:13:30,358 [main] INFO  rpc.RpcClient (RpcClient.java:createVolume(272)) - Creating Volume: watchforcommithandlingtest, with jenkins1000 as owner.
2019-10-06 01:13:30,363 [IPC Server handler 2 on 37790] INFO  volume.OMVolumeCreateRequest (OMVolumeCreateRequest.java:validateAndUpdateCache(193)) - created volume:watchforcommithandlingtest for user:jenkins1000
2019-10-06 01:13:30,379 [main] INFO  rpc.RpcClient (RpcClient.java:createBucket(411)) - Creating Bucket: watchforcommithandlingtest/watchforcommithandlingtest, with Versioning false and Storage Type set to DISK and Encryption set to false 
2019-10-06 01:13:30,384 [main] INFO  ozone.MiniOzoneClusterImpl (MiniOzoneClusterImpl.java:getStorageContainerLocationClient(234)) - Creating StorageContainerLocationProtocol RPC client with address /0.0.0.0:37793
2019-10-06 01:13:30,562 [Thread-2334] INFO  client.GrpcClientProtocolService (GrpcClientProtocolService.java:lambda$processClientRequest$0(278)) - Failed RaftClientRequest:client-F0EBBCBA8D3B->bf220e48-d6ce-49f3-a557-fc9d50d77ef3@group-F8ADE7488A15, cid=68, seq=0, Watch-MAJORITY_COMMITTED(77), Message:<EMPTY>, reply=RaftClientReply:client-F0EBBCBA8D3B->bf220e48-d6ce-49f3-a557-fc9d50d77ef3@group-F8ADE7488A15, cid=68, FAILED org.apache.ratis.protocol.NotReplicatedException: Request with call Id 68 and log index 77 is not yet replicated to MAJORITY_COMMITTED, logIndex=77, commits[bf220e48-d6ce-49f3-a557-fc9d50d77ef3:c2, a3975b4a-105c-4b9b-8142-24e206f1c3ba:c2, 6e899f9a-39c7-4d88-8fee-651142b6bdd4:c2]
2019-10-06 01:13:30,562 [Thread-2335] INFO  client.GrpcClientProtocolService (GrpcClientProtocolService.java:lambda$processClientRequest$0(278)) - Failed RaftClientRequest:client-F0EBBCBA8D3B->bf220e48-d6ce-49f3-a557-fc9d50d77ef3@group-F8ADE7488A15, cid=67, seq=0, Watch-ALL_COMMITTED(77), Message:<EMPTY>, reply=RaftClientReply:client-F0EBBCBA8D3B->bf220e48-d6ce-49f3-a557-fc9d50d77ef3@group-F8ADE7488A15, cid=67, FAILED org.apache.ratis.protocol.NotReplicatedException: Request with call Id 67 and log index 77 is not yet replicated to ALL_COMMITTED, logIndex=77, commits[bf220e48-d6ce-49f3-a557-fc9d50d77ef3:c2, a3975b4a-105c-4b9b-8142-24e206f1c3ba:c2, 6e899f9a-39c7-4d88-8fee-651142b6bdd4:c2]
2019-10-06 01:13:31,749 [Thread-2289] INFO  container.ReplicationManager (ReplicationManager.java:start(162)) - Starting Replication Monitor Thread.
2019-10-06 01:13:31,755 [ReplicationMonitor] INFO  container.ReplicationManager (ReplicationManager.java:run(225)) - Replication Monitor Thread took 0 milliseconds for processing 1 containers.
2019-10-06 01:13:32,829 [grpc-default-executor-4] WARN  server.GrpcLogAppender (LogUtils.java:warn(134)) - bf220e48-d6ce-49f3-a557-fc9d50d77ef3@group-F8ADE7488A15->a3975b4a-105c-4b9b-8142-24e206f1c3ba-AppendLogResponseHandler: Failed appendEntries: org.apache.ratis.thirdparty.io.grpc.StatusRuntimeException: UNAVAILABLE: io exception
2019-10-06 01:13:32,829 [grpc-default-executor-4] INFO  impl.FollowerInfo (FollowerInfo.java:lambda$new$0(51)) - bf220e48-d6ce-49f3-a557-fc9d50d77ef3@group-F8ADE7488A15->a3975b4a-105c-4b9b-8142-24e206f1c3ba: nextIndex: updateUnconditionally 0 -> 0
2019-10-06 01:13:32,850 [grpc-default-executor-4] WARN  server.GrpcLogAppender (LogUtils.java:warn(134)) - bf220e48-d6ce-49f3-a557-fc9d50d77ef3@group-F8ADE7488A15->6e899f9a-39c7-4d88-8fee-651142b6bdd4-AppendLogResponseHandler: Failed appendEntries: org.apache.ratis.thirdparty.io.grpc.StatusRuntimeException: UNAVAILABLE: io exception
2019-10-06 01:13:32,851 [grpc-default-executor-4] INFO  impl.FollowerInfo (FollowerInfo.java:lambda$new$0(51)) - bf220e48-d6ce-49f3-a557-fc9d50d77ef3@group-F8ADE7488A15->6e899f9a-39c7-4d88-8fee-651142b6bdd4: nextIndex: updateUnconditionally 0 -> 0
2019-10-06 01:13:33,899 [Thread-2291] INFO  impl.FollowerState (FollowerState.java:run(108)) - 836e3f1a-ab65-4c90-b2a8-ed05020c31b4@group-848E87C70F24-FollowerState: change to CANDIDATE, lastRpcTime:5107ms, electionTimeout:5107ms
2019-10-06 01:13:33,900 [Thread-2291] INFO  impl.RoleInfo (RoleInfo.java:shutdownFollowerState(121)) - 836e3f1a-ab65-4c90-b2a8-ed05020c31b4: shutdown FollowerState
2019-10-06 01:13:33,900 [Thread-2291] INFO  impl.RaftServerImpl (RaftServerImpl.java:setRole(170)) - 836e3f1a-ab65-4c90-b2a8-ed05020c31b4@group-848E87C70F24: changes role from  FOLLOWER to CANDIDATE at term 0 for changeToCandidate
2019-10-06 01:13:33,900 [Thread-2291] INFO  impl.RoleInfo (RoleInfo.java:updateAndGet(143)) - 836e3f1a-ab65-4c90-b2a8-ed05020c31b4: start LeaderElection
2019-10-06 01:13:33,927 [836e3f1a-ab65-4c90-b2a8-ed05020c31b4@group-848E87C70F24-LeaderElection51] INFO  impl.LeaderElection (LeaderElection.java:askForVotes(178)) - 836e3f1a-ab65-4c90-b2a8-ed05020c31b4@group-848E87C70F24-LeaderElection51: begin an election at term 1 for -1: [836e3f1a-ab65-4c90-b2a8-ed05020c31b4:192.168.30.55:37628], old=null
2019-10-06 01:13:33,927 [836e3f1a-ab65-4c90-b2a8-ed05020c31b4@group-848E87C70F24-LeaderElection51] INFO  impl.RoleInfo (RoleInfo.java:shutdownLeaderElection(134)) - 836e3f1a-ab65-4c90-b2a8-ed05020c31b4: shutdown LeaderElection
2019-10-06 01:13:33,927 [836e3f1a-ab65-4c90-b2a8-ed05020c31b4@group-848E87C70F24-LeaderElection51] INFO  impl.RaftServerImpl (RaftServerImpl.java:setRole(170)) - 836e3f1a-ab65-4c90-b2a8-ed05020c31b4@group-848E87C70F24: changes role from CANDIDATE to LEADER at term 1 for changeToLeader
2019-10-06 01:13:33,927 [836e3f1a-ab65-4c90-b2a8-ed05020c31b4@group-848E87C70F24-LeaderElection51] INFO  impl.RaftServerImpl (ServerState.java:setLeader(255)) - 836e3f1a-ab65-4c90-b2a8-ed05020c31b4@group-848E87C70F24: change Leader from null to 836e3f1a-ab65-4c90-b2a8-ed05020c31b4 at term 1 for becomeLeader, leader elected after 5140ms
2019-10-06 01:13:33,927 [836e3f1a-ab65-4c90-b2a8-ed05020c31b4@group-848E87C70F24-LeaderElection51] INFO  server.RaftServerConfigKeys (ConfUtils.java:logGet(43)) - raft.server.staging.catchup.gap = 1000 (default)
2019-10-06 01:13:33,927 [836e3f1a-ab65-4c90-b2a8-ed05020c31b4@group-848E87C70F24-LeaderElection51] INFO  server.RaftServerConfigKeys (ConfUtils.java:logGet(43)) - raft.server.rpc.sleep.time = 25ms (default)
2019-10-06 01:13:33,927 [836e3f1a-ab65-4c90-b2a8-ed05020c31b4@group-848E87C70F24-LeaderElection51] INFO  server.RaftServerConfigKeys (ConfUtils.java:logGet(43)) - raft.server.write.element-limit = 4096 (default)
2019-10-06 01:13:33,928 [836e3f1a-ab65-4c90-b2a8-ed05020c31b4@group-848E87C70F24-LeaderElection51] INFO  server.RaftServerConfigKeys (ConfUtils.java:logGet(43)) - raft.server.watch.timeout = 10s (default)
2019-10-06 01:13:33,928 [836e3f1a-ab65-4c90-b2a8-ed05020c31b4@group-848E87C70F24-LeaderElection51] INFO  server.RaftServerConfigKeys (ConfUtils.java:logGet(43)) - raft.server.watch.timeout.denomination = 1s (default)
2019-10-06 01:13:33,928 [836e3f1a-ab65-4c90-b2a8-ed05020c31b4@group-848E87C70F24-LeaderElection51] INFO  server.RaftServerConfigKeys (ConfUtils.java:logGet(43)) - raft.server.watch.element-limit = 65536 (default)
2019-10-06 01:13:33,929 [836e3f1a-ab65-4c90-b2a8-ed05020c31b4@group-848E87C70F24-LeaderElection51] INFO  impl.RoleInfo (RoleInfo.java:updateAndGet(143)) - 836e3f1a-ab65-4c90-b2a8-ed05020c31b4: start LeaderState
2019-10-06 01:13:33,930 [836e3f1a-ab65-4c90-b2a8-ed05020c31b4@group-848E87C70F24-LeaderElection51] INFO  segmented.SegmentedRaftLogWorker (SegmentedRaftLogWorker.java:startLogSegment(385)) - 836e3f1a-ab65-4c90-b2a8-ed05020c31b4@group-848E87C70F24-SegmentedRaftLogWorker: Starting segment from index:0
2019-10-06 01:13:33,930 [836e3f1a-ab65-4c90-b2a8-ed05020c31b4@group-848E87C70F24-LeaderElection51] INFO  impl.RaftServerImpl (ServerState.java:setRaftConf(356)) - 836e3f1a-ab65-4c90-b2a8-ed05020c31b4@group-848E87C70F24: set configuration 0: [836e3f1a-ab65-4c90-b2a8-ed05020c31b4:192.168.30.55:37628], old=null at 0
2019-10-06 01:13:33,971 [836e3f1a-ab65-4c90-b2a8-ed05020c31b4@group-848E87C70F24-SegmentedRaftLogWorker] INFO  segmented.SegmentedRaftLogWorker (SegmentedRaftLogWorker.java:execute(574)) - 836e3f1a-ab65-4c90-b2a8-ed05020c31b4@group-848E87C70F24-SegmentedRaftLogWorker: created new log segment /workdir/hadoop-ozone/integration-test/target/test-dir/MiniOzoneClusterImpl-0eec6d6b-e739-437d-bd39-485dbec10836/datanode-0/data/ratis/63ac894b-b505-47a6-813b-848e87c70f24/current/log_inprogress_0
2019-10-06 01:13:33,998 [Thread-2297] INFO  impl.FollowerState (FollowerState.java:run(108)) - be5dbd50-13ce-4203-a1ab-b540c84483b8@group-9AF6410AA007-FollowerState: change to CANDIDATE, lastRpcTime:5034ms, electionTimeout:5034ms
2019-10-06 01:13:33,998 [Thread-2297] INFO  impl.RoleInfo (RoleInfo.java:shutdownFollowerState(121)) - be5dbd50-13ce-4203-a1ab-b540c84483b8: shutdown FollowerState
2019-10-06 01:13:33,998 [Thread-2297] INFO  impl.RaftServerImpl (RaftServerImpl.java:setRole(170)) - be5dbd50-13ce-4203-a1ab-b540c84483b8@group-9AF6410AA007: changes role from  FOLLOWER to CANDIDATE at term 0 for changeToCandidate
2019-10-06 01:13:33,998 [Thread-2297] INFO  impl.RoleInfo (RoleInfo.java:updateAndGet(143)) - be5dbd50-13ce-4203-a1ab-b540c84483b8: start LeaderElection
2019-10-06 01:13:34,023 [be5dbd50-13ce-4203-a1ab-b540c84483b8@group-9AF6410AA007-LeaderElection52] INFO  impl.LeaderElection (LeaderElection.java:askForVotes(178)) - be5dbd50-13ce-4203-a1ab-b540c84483b8@group-9AF6410AA007-LeaderElection52: begin an election at term 1 for -1: [be5dbd50-13ce-4203-a1ab-b540c84483b8:192.168.30.55:33820], old=null
2019-10-06 01:13:34,023 [be5dbd50-13ce-4203-a1ab-b540c84483b8@group-9AF6410AA007-LeaderElection52] INFO  impl.RoleInfo (RoleInfo.java:shutdownLeaderElection(134)) - be5dbd50-13ce-4203-a1ab-b540c84483b8: shutdown LeaderElection
2019-10-06 01:13:34,024 [be5dbd50-13ce-4203-a1ab-b540c84483b8@group-9AF6410AA007-LeaderElection52] INFO  impl.RaftServerImpl (RaftServerImpl.java:setRole(170)) - be5dbd50-13ce-4203-a1ab-b540c84483b8@group-9AF6410AA007: changes role from CANDIDATE to LEADER at term 1 for changeToLeader
2019-10-06 01:13:34,024 [be5dbd50-13ce-4203-a1ab-b540c84483b8@group-9AF6410AA007-LeaderElection52] INFO  impl.RaftServerImpl (ServerState.java:setLeader(255)) - be5dbd50-13ce-4203-a1ab-b540c84483b8@group-9AF6410AA007: change Leader from null to be5dbd50-13ce-4203-a1ab-b540c84483b8 at term 1 for becomeLeader, leader elected after 5067ms
2019-10-06 01:13:34,024 [be5dbd50-13ce-4203-a1ab-b540c84483b8@group-9AF6410AA007-LeaderElection52] INFO  server.RaftServerConfigKeys (ConfUtils.java:logGet(43)) - raft.server.staging.catchup.gap = 1000 (default)
2019-10-06 01:13:34,024 [be5dbd50-13ce-4203-a1ab-b540c84483b8@group-9AF6410AA007-LeaderElection52] INFO  server.RaftServerConfigKeys (ConfUtils.java:logGet(43)) - raft.server.rpc.sleep.time = 25ms (default)
2019-10-06 01:13:34,024 [be5dbd50-13ce-4203-a1ab-b540c84483b8@group-9AF6410AA007-LeaderElection52] INFO  server.RaftServerConfigKeys (ConfUtils.java:logGet(43)) - raft.server.write.element-limit = 4096 (default)
2019-10-06 01:13:34,025 [be5dbd50-13ce-4203-a1ab-b540c84483b8@group-9AF6410AA007-LeaderElection52] INFO  server.RaftServerConfigKeys (ConfUtils.java:logGet(43)) - raft.server.watch.timeout = 10s (default)
2019-10-06 01:13:34,025 [be5dbd50-13ce-4203-a1ab-b540c84483b8@group-9AF6410AA007-LeaderElection52] INFO  server.RaftServerConfigKeys (ConfUtils.java:logGet(43)) - raft.server.watch.timeout.denomination = 1s (default)
2019-10-06 01:13:34,025 [be5dbd50-13ce-4203-a1ab-b540c84483b8@group-9AF6410AA007-LeaderElection52] INFO  server.RaftServerConfigKeys (ConfUtils.java:logGet(43)) - raft.server.watch.element-limit = 65536 (default)
2019-10-06 01:13:34,027 [be5dbd50-13ce-4203-a1ab-b540c84483b8@group-9AF6410AA007-LeaderElection52] INFO  impl.RoleInfo (RoleInfo.java:updateAndGet(143)) - be5dbd50-13ce-4203-a1ab-b540c84483b8: start LeaderState
2019-10-06 01:13:34,028 [be5dbd50-13ce-4203-a1ab-b540c84483b8@group-9AF6410AA007-LeaderElection52] INFO  segmented.SegmentedRaftLogWorker (SegmentedRaftLogWorker.java:startLogSegment(385)) - be5dbd50-13ce-4203-a1ab-b540c84483b8@group-9AF6410AA007-SegmentedRaftLogWorker: Starting segment from index:0
2019-10-06 01:13:34,028 [be5dbd50-13ce-4203-a1ab-b540c84483b8@group-9AF6410AA007-LeaderElection52] INFO  impl.RaftServerImpl (ServerState.java:setRaftConf(356)) - be5dbd50-13ce-4203-a1ab-b540c84483b8@group-9AF6410AA007: set configuration 0: [be5dbd50-13ce-4203-a1ab-b540c84483b8:192.168.30.55:33820], old=null at 0
2019-10-06 01:13:34,042 [Thread-2294] INFO  impl.FollowerState (FollowerState.java:run(108)) - 16cf88f3-28e7-40e7-89d2-347d16ab87a8@group-56EAD53F5ED3-FollowerState: change to CANDIDATE, lastRpcTime:5160ms, electionTimeout:5160ms
2019-10-06 01:13:34,042 [Thread-2294] INFO  impl.RoleInfo (RoleInfo.java:shutdownFollowerState(121)) - 16cf88f3-28e7-40e7-89d2-347d16ab87a8: shutdown FollowerState
2019-10-06 01:13:34,042 [Thread-2294] INFO  impl.RaftServerImpl (RaftServerImpl.java:setRole(170)) - 16cf88f3-28e7-40e7-89d2-347d16ab87a8@group-56EAD53F5ED3: changes role from  FOLLOWER to CANDIDATE at term 0 for changeToCandidate
2019-10-06 01:13:34,042 [Thread-2294] INFO  impl.RoleInfo (RoleInfo.java:updateAndGet(143)) - 16cf88f3-28e7-40e7-89d2-347d16ab87a8: start LeaderElection
2019-10-06 01:13:34,064 [Thread-2304] INFO  impl.FollowerState (FollowerState.java:run(108)) - be5dbd50-13ce-4203-a1ab-b540c84483b8@group-397BB4C11914-FollowerState: change to CANDIDATE, lastRpcTime:5030ms, electionTimeout:5022ms
2019-10-06 01:13:34,064 [Thread-2300] INFO  impl.FollowerState (FollowerState.java:run(108)) - 16cf88f3-28e7-40e7-89d2-347d16ab87a8@group-397BB4C11914-FollowerState: change to CANDIDATE, lastRpcTime:5035ms, electionTimeout:5025ms
2019-10-06 01:13:34,072 [Thread-2304] INFO  impl.RoleInfo (RoleInfo.java:shutdownFollowerState(121)) - be5dbd50-13ce-4203-a1ab-b540c84483b8: shutdown FollowerState
2019-10-06 01:13:34,072 [Thread-2300] INFO  impl.RoleInfo (RoleInfo.java:shutdownFollowerState(121)) - 16cf88f3-28e7-40e7-89d2-347d16ab87a8: shutdown FollowerState
2019-10-06 01:13:34,072 [Thread-2304] INFO  impl.RaftServerImpl (RaftServerImpl.java:setRole(170)) - be5dbd50-13ce-4203-a1ab-b540c84483b8@group-397BB4C11914: changes role from  FOLLOWER to CANDIDATE at term 0 for changeToCandidate
2019-10-06 01:13:34,072 [Thread-2300] INFO  impl.RaftServerImpl (RaftServerImpl.java:setRole(170)) - 16cf88f3-28e7-40e7-89d2-347d16ab87a8@group-397BB4C11914: changes role from  FOLLOWER to CANDIDATE at term 0 for changeToCandidate
2019-10-06 01:13:34,073 [Thread-2304] INFO  impl.RoleInfo (RoleInfo.java:updateAndGet(143)) - be5dbd50-13ce-4203-a1ab-b540c84483b8: start LeaderElection
2019-10-06 01:13:34,073 [Thread-2300] INFO  impl.RoleInfo (RoleInfo.java:updateAndGet(143)) - 16cf88f3-28e7-40e7-89d2-347d16ab87a8: start LeaderElection
2019-10-06 01:13:34,077 [be5dbd50-13ce-4203-a1ab-b540c84483b8@group-9AF6410AA007-SegmentedRaftLogWorker] INFO  segmented.SegmentedRaftLogWorker (SegmentedRaftLogWorker.java:execute(574)) - be5dbd50-13ce-4203-a1ab-b540c84483b8@group-9AF6410AA007-SegmentedRaftLogWorker: created new log segment /workdir/hadoop-ozone/integration-test/target/test-dir/MiniOzoneClusterImpl-0eec6d6b-e739-437d-bd39-485dbec10836/datanode-2/data/ratis/3bd74bbf-7d57-4058-bc4a-9af6410aa007/current/log_inprogress_0
2019-10-06 01:13:34,084 [16cf88f3-28e7-40e7-89d2-347d16ab87a8@group-56EAD53F5ED3-LeaderElection53] INFO  impl.LeaderElection (LeaderElection.java:askForVotes(178)) - 16cf88f3-28e7-40e7-89d2-347d16ab87a8@group-56EAD53F5ED3-LeaderElection53: begin an election at term 1 for -1: [16cf88f3-28e7-40e7-89d2-347d16ab87a8:192.168.30.55:33900], old=null
2019-10-06 01:13:34,088 [16cf88f3-28e7-40e7-89d2-347d16ab87a8@group-56EAD53F5ED3-LeaderElection53] INFO  impl.RoleInfo (RoleInfo.java:shutdownLeaderElection(134)) - 16cf88f3-28e7-40e7-89d2-347d16ab87a8: shutdown LeaderElection
2019-10-06 01:13:34,089 [16cf88f3-28e7-40e7-89d2-347d16ab87a8@group-56EAD53F5ED3-LeaderElection53] INFO  impl.RaftServerImpl (RaftServerImpl.java:setRole(170)) - 16cf88f3-28e7-40e7-89d2-347d16ab87a8@group-56EAD53F5ED3: changes role from CANDIDATE to LEADER at term 1 for changeToLeader
2019-10-06 01:13:34,089 [16cf88f3-28e7-40e7-89d2-347d16ab87a8@group-56EAD53F5ED3-LeaderElection53] INFO  impl.RaftServerImpl (ServerState.java:setLeader(255)) - 16cf88f3-28e7-40e7-89d2-347d16ab87a8@group-56EAD53F5ED3: change Leader from null to 16cf88f3-28e7-40e7-89d2-347d16ab87a8 at term 1 for becomeLeader, leader elected after 5214ms
2019-10-06 01:13:34,089 [16cf88f3-28e7-40e7-89d2-347d16ab87a8@group-56EAD53F5ED3-LeaderElection53] INFO  server.RaftServerConfigKeys (ConfUtils.java:logGet(43)) - raft.server.staging.catchup.gap = 1000 (default)
2019-10-06 01:13:34,089 [16cf88f3-28e7-40e7-89d2-347d16ab87a8@group-56EAD53F5ED3-LeaderElection53] INFO  server.RaftServerConfigKeys (ConfUtils.java:logGet(43)) - raft.server.rpc.sleep.time = 25ms (default)
2019-10-06 01:13:34,089 [16cf88f3-28e7-40e7-89d2-347d16ab87a8@group-56EAD53F5ED3-LeaderElection53] INFO  server.RaftServerConfigKeys (ConfUtils.java:logGet(43)) - raft.server.write.element-limit = 4096 (default)
2019-10-06 01:13:34,090 [16cf88f3-28e7-40e7-89d2-347d16ab87a8@group-56EAD53F5ED3-LeaderElection53] INFO  server.RaftServerConfigKeys (ConfUtils.java:logGet(43)) - raft.server.watch.timeout = 10s (default)
2019-10-06 01:13:34,090 [16cf88f3-28e7-40e7-89d2-347d16ab87a8@group-56EAD53F5ED3-LeaderElection53] INFO  server.RaftServerConfigKeys (ConfUtils.java:logGet(43)) - raft.server.watch.timeout.denomination = 1s (default)
2019-10-06 01:13:34,090 [16cf88f3-28e7-40e7-89d2-347d16ab87a8@group-56EAD53F5ED3-LeaderElection53] INFO  server.RaftServerConfigKeys (ConfUtils.java:logGet(43)) - raft.server.watch.element-limit = 65536 (default)
2019-10-06 01:13:34,092 [16cf88f3-28e7-40e7-89d2-347d16ab87a8@group-56EAD53F5ED3-LeaderElection53] INFO  impl.RoleInfo (RoleInfo.java:updateAndGet(143)) - 16cf88f3-28e7-40e7-89d2-347d16ab87a8: start LeaderState
2019-10-06 01:13:34,093 [16cf88f3-28e7-40e7-89d2-347d16ab87a8@group-56EAD53F5ED3-LeaderElection53] INFO  segmented.SegmentedRaftLogWorker (SegmentedRaftLogWorker.java:startLogSegment(385)) - 16cf88f3-28e7-40e7-89d2-347d16ab87a8@group-56EAD53F5ED3-SegmentedRaftLogWorker: Starting segment from index:0
2019-10-06 01:13:34,093 [16cf88f3-28e7-40e7-89d2-347d16ab87a8@group-56EAD53F5ED3-LeaderElection53] INFO  impl.RaftServerImpl (ServerState.java:setRaftConf(356)) - 16cf88f3-28e7-40e7-89d2-347d16ab87a8@group-56EAD53F5ED3: set configuration 0: [16cf88f3-28e7-40e7-89d2-347d16ab87a8:192.168.30.55:33900], old=null at 0
2019-10-06 01:13:34,096 [be5dbd50-13ce-4203-a1ab-b540c84483b8@group-397BB4C11914-LeaderElection54] INFO  impl.LeaderElection (LeaderElection.java:askForVotes(178)) - be5dbd50-13ce-4203-a1ab-b540c84483b8@group-397BB4C11914-LeaderElection54: begin an election at term 1 for -1: [be5dbd50-13ce-4203-a1ab-b540c84483b8:192.168.30.55:33820, 836e3f1a-ab65-4c90-b2a8-ed05020c31b4:192.168.30.55:37628, 16cf88f3-28e7-40e7-89d2-347d16ab87a8:192.168.30.55:33900], old=null
2019-10-06 01:13:34,096 [16cf88f3-28e7-40e7-89d2-347d16ab87a8@group-397BB4C11914-LeaderElection55] INFO  impl.LeaderElection (LeaderElection.java:askForVotes(178)) - 16cf88f3-28e7-40e7-89d2-347d16ab87a8@group-397BB4C11914-LeaderElection55: begin an election at term 1 for -1: [be5dbd50-13ce-4203-a1ab-b540c84483b8:192.168.30.55:33820, 836e3f1a-ab65-4c90-b2a8-ed05020c31b4:192.168.30.55:37628, 16cf88f3-28e7-40e7-89d2-347d16ab87a8:192.168.30.55:33900], old=null
2019-10-06 01:13:34,101 [grpc-default-executor-7] INFO  impl.RaftServerImpl (RaftServerImpl.java:setRole(170)) - 836e3f1a-ab65-4c90-b2a8-ed05020c31b4@group-397BB4C11914: changes role from  FOLLOWER to FOLLOWER at term 1 for recognizeCandidate:be5dbd50-13ce-4203-a1ab-b540c84483b8
2019-10-06 01:13:34,101 [grpc-default-executor-7] INFO  impl.RoleInfo (RoleInfo.java:shutdownFollowerState(121)) - 836e3f1a-ab65-4c90-b2a8-ed05020c31b4: shutdown FollowerState
2019-10-06 01:13:34,101 [grpc-default-executor-7] INFO  impl.RoleInfo (RoleInfo.java:updateAndGet(143)) - 836e3f1a-ab65-4c90-b2a8-ed05020c31b4: start FollowerState
2019-10-06 01:13:34,135 [Thread-2305] INFO  impl.FollowerState (FollowerState.java:run(117)) - 836e3f1a-ab65-4c90-b2a8-ed05020c31b4@group-397BB4C11914-FollowerState was interrupted: java.lang.InterruptedException: sleep interrupted
2019-10-06 01:13:34,147 [16cf88f3-28e7-40e7-89d2-347d16ab87a8@group-56EAD53F5ED3-SegmentedRaftLogWorker] INFO  segmented.SegmentedRaftLogWorker (SegmentedRaftLogWorker.java:execute(574)) - 16cf88f3-28e7-40e7-89d2-347d16ab87a8@group-56EAD53F5ED3-SegmentedRaftLogWorker: created new log segment /workdir/hadoop-ozone/integration-test/target/test-dir/MiniOzoneClusterImpl-0eec6d6b-e739-437d-bd39-485dbec10836/datanode-1/data/ratis/c92e6b36-0240-4645-82dd-56ead53f5ed3/current/log_inprogress_0
2019-10-06 01:13:34,148 [16cf88f3-28e7-40e7-89d2-347d16ab87a8@group-397BB4C11914-LeaderElection55] INFO  impl.LeaderElection (LeaderElection.java:logAndReturn(56)) - 16cf88f3-28e7-40e7-89d2-347d16ab87a8@group-397BB4C11914-LeaderElection55: Election REJECTED; received 2 response(s) [16cf88f3-28e7-40e7-89d2-347d16ab87a8<-be5dbd50-13ce-4203-a1ab-b540c84483b8#0:FAIL-t1, 16cf88f3-28e7-40e7-89d2-347d16ab87a8<-836e3f1a-ab65-4c90-b2a8-ed05020c31b4#0:FAIL-t1] and 0 exception(s); 16cf88f3-28e7-40e7-89d2-347d16ab87a8@group-397BB4C11914:t1, leader=null, voted=16cf88f3-28e7-40e7-89d2-347d16ab87a8, raftlog=16cf88f3-28e7-40e7-89d2-347d16ab87a8@group-397BB4C11914-SegmentedRaftLog:OPENED:c-1,f-1,i0, conf=-1: [be5dbd50-13ce-4203-a1ab-b540c84483b8:192.168.30.55:33820, 836e3f1a-ab65-4c90-b2a8-ed05020c31b4:192.168.30.55:37628, 16cf88f3-28e7-40e7-89d2-347d16ab87a8:192.168.30.55:33900], old=null
2019-10-06 01:13:34,148 [be5dbd50-13ce-4203-a1ab-b540c84483b8@group-397BB4C11914-LeaderElection54] INFO  impl.LeaderElection (LeaderElection.java:logAndReturn(56)) - be5dbd50-13ce-4203-a1ab-b540c84483b8@group-397BB4C11914-LeaderElection54: Election PASSED; received 2 response(s) [be5dbd50-13ce-4203-a1ab-b540c84483b8<-836e3f1a-ab65-4c90-b2a8-ed05020c31b4#0:OK-t1, be5dbd50-13ce-4203-a1ab-b540c84483b8<-16cf88f3-28e7-40e7-89d2-347d16ab87a8#0:FAIL-t1] and 0 exception(s); be5dbd50-13ce-4203-a1ab-b540c84483b8@group-397BB4C11914:t1, leader=null, voted=be5dbd50-13ce-4203-a1ab-b540c84483b8, raftlog=be5dbd50-13ce-4203-a1ab-b540c84483b8@group-397BB4C11914-SegmentedRaftLog:OPENED:c-1,f-1,i0, conf=-1: [be5dbd50-13ce-4203-a1ab-b540c84483b8:192.168.30.55:33820, 836e3f1a-ab65-4c90-b2a8-ed05020c31b4:192.168.30.55:37628, 16cf88f3-28e7-40e7-89d2-347d16ab87a8:192.168.30.55:33900], old=null
2019-10-06 01:13:34,148 [16cf88f3-28e7-40e7-89d2-347d16ab87a8@group-397BB4C11914-LeaderElection55] INFO  impl.RaftServerImpl (RaftServerImpl.java:setRole(170)) - 16cf88f3-28e7-40e7-89d2-347d16ab87a8@group-397BB4C11914: changes role from CANDIDATE to FOLLOWER at term 1 for DISCOVERED_A_NEW_TERM
2019-10-06 01:13:34,149 [be5dbd50-13ce-4203-a1ab-b540c84483b8@group-397BB4C11914-LeaderElection54] INFO  impl.RoleInfo (RoleInfo.java:shutdownLeaderElection(134)) - be5dbd50-13ce-4203-a1ab-b540c84483b8: shutdown LeaderElection
2019-10-06 01:13:34,149 [16cf88f3-28e7-40e7-89d2-347d16ab87a8@group-397BB4C11914-LeaderElection55] INFO  impl.RoleInfo (RoleInfo.java:shutdownLeaderElection(134)) - 16cf88f3-28e7-40e7-89d2-347d16ab87a8: shutdown LeaderElection
2019-10-06 01:13:34,149 [be5dbd50-13ce-4203-a1ab-b540c84483b8@group-397BB4C11914-LeaderElection54] INFO  impl.RaftServerImpl (RaftServerImpl.java:setRole(170)) - be5dbd50-13ce-4203-a1ab-b540c84483b8@group-397BB4C11914: changes role from CANDIDATE to LEADER at term 1 for changeToLeader
2019-10-06 01:13:34,149 [16cf88f3-28e7-40e7-89d2-347d16ab87a8@group-397BB4C11914-LeaderElection55] INFO  impl.RoleInfo (RoleInfo.java:updateAndGet(143)) - 16cf88f3-28e7-40e7-89d2-347d16ab87a8: start FollowerState
2019-10-06 01:13:34,149 [be5dbd50-13ce-4203-a1ab-b540c84483b8@group-397BB4C11914-LeaderElection54] INFO  impl.RaftServerImpl (ServerState.java:setLeader(255)) - be5dbd50-13ce-4203-a1ab-b540c84483b8@group-397BB4C11914: change Leader from null to be5dbd50-13ce-4203-a1ab-b540c84483b8 at term 1 for becomeLeader, leader elected after 5128ms
2019-10-06 01:13:34,150 [be5dbd50-13ce-4203-a1ab-b540c84483b8@group-397BB4C11914-LeaderElection54] INFO  server.RaftServerConfigKeys (ConfUtils.java:logGet(43)) - raft.server.staging.catchup.gap = 1000 (default)
2019-10-06 01:13:34,150 [be5dbd50-13ce-4203-a1ab-b540c84483b8@group-397BB4C11914-LeaderElection54] INFO  server.RaftServerConfigKeys (ConfUtils.java:logGet(43)) - raft.server.rpc.sleep.time = 25ms (default)
2019-10-06 01:13:34,150 [be5dbd50-13ce-4203-a1ab-b540c84483b8@group-397BB4C11914-LeaderElection54] INFO  server.RaftServerConfigKeys (ConfUtils.java:logGet(43)) - raft.server.write.element-limit = 4096 (default)
2019-10-06 01:13:34,150 [be5dbd50-13ce-4203-a1ab-b540c84483b8@group-397BB4C11914-LeaderElection54] INFO  server.RaftServerConfigKeys (ConfUtils.java:logGet(43)) - raft.server.watch.timeout = 10s (default)
2019-10-06 01:13:34,150 [be5dbd50-13ce-4203-a1ab-b540c84483b8@group-397BB4C11914-LeaderElection54] INFO  server.RaftServerConfigKeys (ConfUtils.java:logGet(43)) - raft.server.watch.timeout.denomination = 1s (default)
2019-10-06 01:13:34,151 [be5dbd50-13ce-4203-a1ab-b540c84483b8@group-397BB4C11914-LeaderElection54] INFO  server.RaftServerConfigKeys (ConfUtils.java:logGet(43)) - raft.server.watch.element-limit = 65536 (default)
2019-10-06 01:13:34,153 [be5dbd50-13ce-4203-a1ab-b540c84483b8@group-397BB4C11914-LeaderElection54] INFO  server.RaftServerConfigKeys (ConfUtils.java:logGet(43)) - raft.server.log.appender.snapshot.chunk.size.max = 16MB (=16777216) (default)
2019-10-06 01:13:34,154 [be5dbd50-13ce-4203-a1ab-b540c84483b8@group-397BB4C11914-LeaderElection54] INFO  server.RaftServerConfigKeys (ConfUtils.java:logGet(43)) - raft.server.log.appender.buffer.byte-limit = 33554432 (custom)
2019-10-06 01:13:34,154 [be5dbd50-13ce-4203-a1ab-b540c84483b8@group-397BB4C11914-LeaderElection54] INFO  server.RaftServerConfigKeys (ConfUtils.java:logGet(43)) - raft.server.log.appender.buffer.element-limit = 1 (custom)
2019-10-06 01:13:34,154 [be5dbd50-13ce-4203-a1ab-b540c84483b8@group-397BB4C11914-LeaderElection54] INFO  grpc.GrpcConfigKeys$Server (ConfUtils.java:logGet(43)) - raft.grpc.server.leader.outstanding.appends.max = 128 (default)
2019-10-06 01:13:34,154 [be5dbd50-13ce-4203-a1ab-b540c84483b8@group-397BB4C11914-LeaderElection54] INFO  server.RaftServerConfigKeys (ConfUtils.java:logGet(43)) - raft.server.rpc.request.timeout = 3000ms (default)
2019-10-06 01:13:34,155 [be5dbd50-13ce-4203-a1ab-b540c84483b8@group-397BB4C11914-LeaderElection54] INFO  server.RaftServerConfigKeys (ConfUtils.java:logGet(43)) - raft.server.log.appender.install.snapshot.enabled = false (custom)
2019-10-06 01:13:34,155 [be5dbd50-13ce-4203-a1ab-b540c84483b8@group-397BB4C11914-LeaderElection54] INFO  server.RaftServerConfigKeys (ConfUtils.java:logGet(43)) - raft.server.log.appender.snapshot.chunk.size.max = 16MB (=16777216) (default)
2019-10-06 01:13:34,155 [be5dbd50-13ce-4203-a1ab-b540c84483b8@group-397BB4C11914-LeaderElection54] INFO  server.RaftServerConfigKeys (ConfUtils.java:logGet(43)) - raft.server.log.appender.buffer.byte-limit = 33554432 (custom)
2019-10-06 01:13:34,155 [be5dbd50-13ce-4203-a1ab-b540c84483b8@group-397BB4C11914-LeaderElection54] INFO  server.RaftServerConfigKeys (ConfUtils.java:logGet(43)) - raft.server.log.appender.buffer.element-limit = 1 (custom)
2019-10-06 01:13:34,156 [be5dbd50-13ce-4203-a1ab-b540c84483b8@group-397BB4C11914-LeaderElection54] INFO  grpc.GrpcConfigKeys$Server (ConfUtils.java:logGet(43)) - raft.grpc.server.leader.outstanding.appends.max = 128 (default)
2019-10-06 01:13:34,156 [be5dbd50-13ce-4203-a1ab-b540c84483b8@group-397BB4C11914-LeaderElection54] INFO  server.RaftServerConfigKeys (ConfUtils.java:logGet(43)) - raft.server.rpc.request.timeout = 3000ms (default)
2019-10-06 01:13:34,156 [be5dbd50-13ce-4203-a1ab-b540c84483b8@group-397BB4C11914-LeaderElection54] INFO  server.RaftServerConfigKeys (ConfUtils.java:logGet(43)) - raft.server.log.appender.install.snapshot.enabled = false (custom)
2019-10-06 01:13:34,156 [be5dbd50-13ce-4203-a1ab-b540c84483b8@group-397BB4C11914-LeaderElection54] INFO  impl.RoleInfo (RoleInfo.java:updateAndGet(143)) - be5dbd50-13ce-4203-a1ab-b540c84483b8: start LeaderState
2019-10-06 01:13:34,157 [be5dbd50-13ce-4203-a1ab-b540c84483b8@group-397BB4C11914-LeaderElection54] INFO  segmented.SegmentedRaftLogWorker (SegmentedRaftLogWorker.java:startLogSegment(385)) - be5dbd50-13ce-4203-a1ab-b540c84483b8@group-397BB4C11914-SegmentedRaftLogWorker: Starting segment from index:0
2019-10-06 01:13:34,158 [be5dbd50-13ce-4203-a1ab-b540c84483b8@group-397BB4C11914-LeaderElection54] INFO  impl.RaftServerImpl (ServerState.java:setRaftConf(356)) - be5dbd50-13ce-4203-a1ab-b540c84483b8@group-397BB4C11914: set configuration 0: [be5dbd50-13ce-4203-a1ab-b540c84483b8:192.168.30.55:33820, 836e3f1a-ab65-4c90-b2a8-ed05020c31b4:192.168.30.55:37628, 16cf88f3-28e7-40e7-89d2-347d16ab87a8:192.168.30.55:33900], old=null at 0
2019-10-06 01:13:34,159 [grpc-default-executor-4] INFO  impl.RaftServerImpl (ServerState.java:setLeader(255)) - 16cf88f3-28e7-40e7-89d2-347d16ab87a8@group-397BB4C11914: change Leader from null to be5dbd50-13ce-4203-a1ab-b540c84483b8 at term 1 for appendEntries, leader elected after 5138ms
2019-10-06 01:13:34,159 [grpc-default-executor-7] INFO  impl.RaftServerImpl (ServerState.java:setLeader(255)) - 836e3f1a-ab65-4c90-b2a8-ed05020c31b4@group-397BB4C11914: change Leader from null to be5dbd50-13ce-4203-a1ab-b540c84483b8 at term 1 for appendEntries, leader elected after 5138ms
2019-10-06 01:13:34,162 [grpc-default-executor-4] INFO  impl.RaftServerImpl (ServerState.java:setRaftConf(356)) - 16cf88f3-28e7-40e7-89d2-347d16ab87a8@group-397BB4C11914: set configuration 0: [be5dbd50-13ce-4203-a1ab-b540c84483b8:192.168.30.55:33820, 836e3f1a-ab65-4c90-b2a8-ed05020c31b4:192.168.30.55:37628, 16cf88f3-28e7-40e7-89d2-347d16ab87a8:192.168.30.55:33900], old=null at 0
2019-10-06 01:13:34,162 [grpc-default-executor-7] INFO  impl.RaftServerImpl (ServerState.java:setRaftConf(356)) - 836e3f1a-ab65-4c90-b2a8-ed05020c31b4@group-397BB4C11914: set configuration 0: [be5dbd50-13ce-4203-a1ab-b540c84483b8:192.168.30.55:33820, 836e3f1a-ab65-4c90-b2a8-ed05020c31b4:192.168.30.55:37628, 16cf88f3-28e7-40e7-89d2-347d16ab87a8:192.168.30.55:33900], old=null at 0
2019-10-06 01:13:34,162 [grpc-default-executor-4] INFO  segmented.SegmentedRaftLogWorker (SegmentedRaftLogWorker.java:startLogSegment(385)) - 16cf88f3-28e7-40e7-89d2-347d16ab87a8@group-397BB4C11914-SegmentedRaftLogWorker: Starting segment from index:0
2019-10-06 01:13:34,162 [grpc-default-executor-7] INFO  segmented.SegmentedRaftLogWorker (SegmentedRaftLogWorker.java:startLogSegment(385)) - 836e3f1a-ab65-4c90-b2a8-ed05020c31b4@group-397BB4C11914-SegmentedRaftLogWorker: Starting segment from index:0
2019-10-06 01:13:34,211 [be5dbd50-13ce-4203-a1ab-b540c84483b8@group-397BB4C11914-SegmentedRaftLogWorker] INFO  segmented.SegmentedRaftLogWorker (SegmentedRaftLogWorker.java:execute(574)) - be5dbd50-13ce-4203-a1ab-b540c84483b8@group-397BB4C11914-SegmentedRaftLogWorker: created new log segment /workdir/hadoop-ozone/integration-test/target/test-dir/MiniOzoneClusterImpl-0eec6d6b-e739-437d-bd39-485dbec10836/datanode-2/data/ratis/095c1703-1a0c-48ac-b605-397bb4c11914/current/log_inprogress_0
2019-10-06 01:13:34,211 [16cf88f3-28e7-40e7-89d2-347d16ab87a8@group-397BB4C11914-SegmentedRaftLogWorker] INFO  segmented.SegmentedRaftLogWorker (SegmentedRaftLogWorker.java:execute(574)) - 16cf88f3-28e7-40e7-89d2-347d16ab87a8@group-397BB4C11914-SegmentedRaftLogWorker: created new log segment /workdir/hadoop-ozone/integration-test/target/test-dir/MiniOzoneClusterImpl-0eec6d6b-e739-437d-bd39-485dbec10836/datanode-1/data/ratis/095c1703-1a0c-48ac-b605-397bb4c11914/current/log_inprogress_0
2019-10-06 01:13:34,211 [836e3f1a-ab65-4c90-b2a8-ed05020c31b4@group-397BB4C11914-SegmentedRaftLogWorker] INFO  segmented.SegmentedRaftLogWorker (SegmentedRaftLogWorker.java:execute(574)) - 836e3f1a-ab65-4c90-b2a8-ed05020c31b4@group-397BB4C11914-SegmentedRaftLogWorker: created new log segment /workdir/hadoop-ozone/integration-test/target/test-dir/MiniOzoneClusterImpl-0eec6d6b-e739-437d-bd39-485dbec10836/datanode-0/data/ratis/095c1703-1a0c-48ac-b605-397bb4c11914/current/log_inprogress_0
2019-10-06 01:13:34,249 [Thread-2312] INFO  impl.FollowerState (FollowerState.java:run(108)) - 520eed3d-77c0-4796-994f-c9f7f7327894@group-2A77F696EAA7-FollowerState: change to CANDIDATE, lastRpcTime:5016ms, electionTimeout:5016ms
2019-10-06 01:13:34,249 [Thread-2312] INFO  impl.RoleInfo (RoleInfo.java:shutdownFollowerState(121)) - 520eed3d-77c0-4796-994f-c9f7f7327894: shutdown FollowerState
2019-10-06 01:13:34,249 [Thread-2312] INFO  impl.RaftServerImpl (RaftServerImpl.java:setRole(170)) - 520eed3d-77c0-4796-994f-c9f7f7327894@group-2A77F696EAA7: changes role from  FOLLOWER to CANDIDATE at term 0 for changeToCandidate
2019-10-06 01:13:34,250 [Thread-2312] INFO  impl.RoleInfo (RoleInfo.java:updateAndGet(143)) - 520eed3d-77c0-4796-994f-c9f7f7327894: start LeaderElection
2019-10-06 01:13:34,278 [520eed3d-77c0-4796-994f-c9f7f7327894@group-2A77F696EAA7-LeaderElection56] INFO  impl.LeaderElection (LeaderElection.java:askForVotes(178)) - 520eed3d-77c0-4796-994f-c9f7f7327894@group-2A77F696EAA7-LeaderElection56: begin an election at term 1 for -1: [520eed3d-77c0-4796-994f-c9f7f7327894:192.168.30.55:45511], old=null
2019-10-06 01:13:34,278 [520eed3d-77c0-4796-994f-c9f7f7327894@group-2A77F696EAA7-LeaderElection56] INFO  impl.RoleInfo (RoleInfo.java:shutdownLeaderElection(134)) - 520eed3d-77c0-4796-994f-c9f7f7327894: shutdown LeaderElection
2019-10-06 01:13:34,278 [520eed3d-77c0-4796-994f-c9f7f7327894@group-2A77F696EAA7-LeaderElection56] INFO  impl.RaftServerImpl (RaftServerImpl.java:setRole(170)) - 520eed3d-77c0-4796-994f-c9f7f7327894@group-2A77F696EAA7: changes role from CANDIDATE to LEADER at term 1 for changeToLeader
2019-10-06 01:13:34,278 [520eed3d-77c0-4796-994f-c9f7f7327894@group-2A77F696EAA7-LeaderElection56] INFO  impl.RaftServerImpl (ServerState.java:setLeader(255)) - 520eed3d-77c0-4796-994f-c9f7f7327894@group-2A77F696EAA7: change Leader from null to 520eed3d-77c0-4796-994f-c9f7f7327894 at term 1 for becomeLeader, leader elected after 5052ms
2019-10-06 01:13:34,279 [520eed3d-77c0-4796-994f-c9f7f7327894@group-2A77F696EAA7-LeaderElection56] INFO  server.RaftServerConfigKeys (ConfUtils.java:logGet(43)) - raft.server.staging.catchup.gap = 1000 (default)
2019-10-06 01:13:34,279 [520eed3d-77c0-4796-994f-c9f7f7327894@group-2A77F696EAA7-LeaderElection56] INFO  server.RaftServerConfigKeys (ConfUtils.java:logGet(43)) - raft.server.rpc.sleep.time = 25ms (default)
2019-10-06 01:13:34,279 [520eed3d-77c0-4796-994f-c9f7f7327894@group-2A77F696EAA7-LeaderElection56] INFO  server.RaftServerConfigKeys (ConfUtils.java:logGet(43)) - raft.server.write.element-limit = 4096 (default)
2019-10-06 01:13:34,279 [520eed3d-77c0-4796-994f-c9f7f7327894@group-2A77F696EAA7-LeaderElection56] INFO  server.RaftServerConfigKeys (ConfUtils.java:logGet(43)) - raft.server.watch.timeout = 10s (default)
2019-10-06 01:13:34,279 [520eed3d-77c0-4796-994f-c9f7f7327894@group-2A77F696EAA7-LeaderElection56] INFO  server.RaftServerConfigKeys (ConfUtils.java:logGet(43)) - raft.server.watch.timeout.denomination = 1s (default)
2019-10-06 01:13:34,279 [520eed3d-77c0-4796-994f-c9f7f7327894@group-2A77F696EAA7-LeaderElection56] INFO  server.RaftServerConfigKeys (ConfUtils.java:logGet(43)) - raft.server.watch.element-limit = 65536 (default)
2019-10-06 01:13:34,281 [520eed3d-77c0-4796-994f-c9f7f7327894@group-2A77F696EAA7-LeaderElection56] INFO  impl.RoleInfo (RoleInfo.java:updateAndGet(143)) - 520eed3d-77c0-4796-994f-c9f7f7327894: start LeaderState
2019-10-06 01:13:34,282 [520eed3d-77c0-4796-994f-c9f7f7327894@group-2A77F696EAA7-LeaderElection56] INFO  segmented.SegmentedRaftLogWorker (SegmentedRaftLogWorker.java:startLogSegment(385)) - 520eed3d-77c0-4796-994f-c9f7f7327894@group-2A77F696EAA7-SegmentedRaftLogWorker: Starting segment from index:0
2019-10-06 01:13:34,282 [520eed3d-77c0-4796-994f-c9f7f7327894@group-2A77F696EAA7-LeaderElection56] INFO  impl.RaftServerImpl (ServerState.java:setRaftConf(356)) - 520eed3d-77c0-4796-994f-c9f7f7327894@group-2A77F696EAA7: set configuration 0: [520eed3d-77c0-4796-994f-c9f7f7327894:192.168.30.55:45511], old=null at 0
2019-10-06 01:13:34,305 [Thread-2315] INFO  impl.FollowerState (FollowerState.java:run(108)) - c7fcae2d-ab82-49be-983f-89bdb3ad2cf8@group-E7E7E5A147F6-FollowerState: change to CANDIDATE, lastRpcTime:5020ms, electionTimeout:5020ms
2019-10-06 01:13:34,305 [Thread-2315] INFO  impl.RoleInfo (RoleInfo.java:shutdownFollowerState(121)) - c7fcae2d-ab82-49be-983f-89bdb3ad2cf8: shutdown FollowerState
2019-10-06 01:13:34,306 [Thread-2315] INFO  impl.RaftServerImpl (RaftServerImpl.java:setRole(170)) - c7fcae2d-ab82-49be-983f-89bdb3ad2cf8@group-E7E7E5A147F6: changes role from  FOLLOWER to CANDIDATE at term 0 for changeToCandidate
2019-10-06 01:13:34,306 [Thread-2315] INFO  impl.RoleInfo (RoleInfo.java:updateAndGet(143)) - c7fcae2d-ab82-49be-983f-89bdb3ad2cf8: start LeaderElection
2019-10-06 01:13:34,332 [520eed3d-77c0-4796-994f-c9f7f7327894@group-2A77F696EAA7-SegmentedRaftLogWorker] INFO  segmented.SegmentedRaftLogWorker (SegmentedRaftLogWorker.java:execute(574)) - 520eed3d-77c0-4796-994f-c9f7f7327894@group-2A77F696EAA7-SegmentedRaftLogWorker: created new log segment /workdir/hadoop-ozone/integration-test/target/test-dir/MiniOzoneClusterImpl-0eec6d6b-e739-437d-bd39-485dbec10836/datanode-4/data/ratis/7531e677-ab61-4e87-aace-2a77f696eaa7/current/log_inprogress_0
2019-10-06 01:13:34,332 [c7fcae2d-ab82-49be-983f-89bdb3ad2cf8@group-E7E7E5A147F6-LeaderElection57] INFO  impl.LeaderElection (LeaderElection.java:askForVotes(178)) - c7fcae2d-ab82-49be-983f-89bdb3ad2cf8@group-E7E7E5A147F6-LeaderElection57: begin an election at term 1 for -1: [c7fcae2d-ab82-49be-983f-89bdb3ad2cf8:192.168.30.55:40892], old=null
2019-10-06 01:13:34,332 [c7fcae2d-ab82-49be-983f-89bdb3ad2cf8@group-E7E7E5A147F6-LeaderElection57] INFO  impl.RoleInfo (RoleInfo.java:shutdownLeaderElection(134)) - c7fcae2d-ab82-49be-983f-89bdb3ad2cf8: shutdown LeaderElection
2019-10-06 01:13:34,332 [c7fcae2d-ab82-49be-983f-89bdb3ad2cf8@group-E7E7E5A147F6-LeaderElection57] INFO  impl.RaftServerImpl (RaftServerImpl.java:setRole(170)) - c7fcae2d-ab82-49be-983f-89bdb3ad2cf8@group-E7E7E5A147F6: changes role from CANDIDATE to LEADER at term 1 for changeToLeader
2019-10-06 01:13:34,333 [c7fcae2d-ab82-49be-983f-89bdb3ad2cf8@group-E7E7E5A147F6-LeaderElection57] INFO  impl.RaftServerImpl (ServerState.java:setLeader(255)) - c7fcae2d-ab82-49be-983f-89bdb3ad2cf8@group-E7E7E5A147F6: change Leader from null to c7fcae2d-ab82-49be-983f-89bdb3ad2cf8 at term 1 for becomeLeader, leader elected after 5054ms
2019-10-06 01:13:34,333 [c7fcae2d-ab82-49be-983f-89bdb3ad2cf8@group-E7E7E5A147F6-LeaderElection57] INFO  server.RaftServerConfigKeys (ConfUtils.java:logGet(43)) - raft.server.staging.catchup.gap = 1000 (default)
2019-10-06 01:13:34,333 [c7fcae2d-ab82-49be-983f-89bdb3ad2cf8@group-E7E7E5A147F6-LeaderElection57] INFO  server.RaftServerConfigKeys (ConfUtils.java:logGet(43)) - raft.server.rpc.sleep.time = 25ms (default)
2019-10-06 01:13:34,333 [c7fcae2d-ab82-49be-983f-89bdb3ad2cf8@group-E7E7E5A147F6-LeaderElection57] INFO  server.RaftServerConfigKeys (ConfUtils.java:logGet(43)) - raft.server.write.element-limit = 4096 (default)
2019-10-06 01:13:34,333 [c7fcae2d-ab82-49be-983f-89bdb3ad2cf8@group-E7E7E5A147F6-LeaderElection57] INFO  server.RaftServerConfigKeys (ConfUtils.java:logGet(43)) - raft.server.watch.timeout = 10s (default)
2019-10-06 01:13:34,333 [c7fcae2d-ab82-49be-983f-89bdb3ad2cf8@group-E7E7E5A147F6-LeaderElection57] INFO  server.RaftServerConfigKeys (ConfUtils.java:logGet(43)) - raft.server.watch.timeout.denomination = 1s (default)
2019-10-06 01:13:34,334 [c7fcae2d-ab82-49be-983f-89bdb3ad2cf8@group-E7E7E5A147F6-LeaderElection57] INFO  server.RaftServerConfigKeys (ConfUtils.java:logGet(43)) - raft.server.watch.element-limit = 65536 (default)
2019-10-06 01:13:34,336 [c7fcae2d-ab82-49be-983f-89bdb3ad2cf8@group-E7E7E5A147F6-LeaderElection57] INFO  impl.RoleInfo (RoleInfo.java:updateAndGet(143)) - c7fcae2d-ab82-49be-983f-89bdb3ad2cf8: start LeaderState
2019-10-06 01:13:34,336 [c7fcae2d-ab82-49be-983f-89bdb3ad2cf8@group-E7E7E5A147F6-LeaderElection57] INFO  segmented.SegmentedRaftLogWorker (SegmentedRaftLogWorker.java:startLogSegment(385)) - c7fcae2d-ab82-49be-983f-89bdb3ad2cf8@group-E7E7E5A147F6-SegmentedRaftLogWorker: Starting segment from index:0
2019-10-06 01:13:34,337 [c7fcae2d-ab82-49be-983f-89bdb3ad2cf8@group-E7E7E5A147F6-LeaderElection57] INFO  impl.RaftServerImpl (ServerState.java:setRaftConf(356)) - c7fcae2d-ab82-49be-983f-89bdb3ad2cf8@group-E7E7E5A147F6: set configuration 0: [c7fcae2d-ab82-49be-983f-89bdb3ad2cf8:192.168.30.55:40892], old=null at 0
2019-10-06 01:13:34,358 [Thread-2309] INFO  impl.FollowerState (FollowerState.java:run(108)) - e17d88b9-44d7-4ac5-a25e-898f1b9f2a83@group-42AFCB779948-FollowerState: change to CANDIDATE, lastRpcTime:5190ms, electionTimeout:5190ms
2019-10-06 01:13:34,359 [Thread-2309] INFO  impl.RoleInfo (RoleInfo.java:shutdownFollowerState(121)) - e17d88b9-44d7-4ac5-a25e-898f1b9f2a83: shutdown FollowerState
2019-10-06 01:13:34,359 [Thread-2309] INFO  impl.RaftServerImpl (RaftServerImpl.java:setRole(170)) - e17d88b9-44d7-4ac5-a25e-898f1b9f2a83@group-42AFCB779948: changes role from  FOLLOWER to CANDIDATE at term 0 for changeToCandidate
2019-10-06 01:13:34,359 [Thread-2309] INFO  impl.RoleInfo (RoleInfo.java:updateAndGet(143)) - e17d88b9-44d7-4ac5-a25e-898f1b9f2a83: start LeaderElection
2019-10-06 01:13:34,384 [c7fcae2d-ab82-49be-983f-89bdb3ad2cf8@group-E7E7E5A147F6-SegmentedRaftLogWorker] INFO  segmented.SegmentedRaftLogWorker (SegmentedRaftLogWorker.java:execute(574)) - c7fcae2d-ab82-49be-983f-89bdb3ad2cf8@group-E7E7E5A147F6-SegmentedRaftLogWorker: created new log segment /workdir/hadoop-ozone/integration-test/target/test-dir/MiniOzoneClusterImpl-0eec6d6b-e739-437d-bd39-485dbec10836/datanode-5/data/ratis/7cf745dd-bb39-4737-b681-e7e7e5a147f6/current/log_inprogress_0
2019-10-06 01:13:34,384 [e17d88b9-44d7-4ac5-a25e-898f1b9f2a83@group-42AFCB779948-LeaderElection58] INFO  impl.LeaderElection (LeaderElection.java:askForVotes(178)) - e17d88b9-44d7-4ac5-a25e-898f1b9f2a83@group-42AFCB779948-LeaderElection58: begin an election at term 1 for -1: [e17d88b9-44d7-4ac5-a25e-898f1b9f2a83:192.168.30.55:37773], old=null
2019-10-06 01:13:34,384 [e17d88b9-44d7-4ac5-a25e-898f1b9f2a83@group-42AFCB779948-LeaderElection58] INFO  impl.RoleInfo (RoleInfo.java:shutdownLeaderElection(134)) - e17d88b9-44d7-4ac5-a25e-898f1b9f2a83: shutdown LeaderElection
2019-10-06 01:13:34,384 [e17d88b9-44d7-4ac5-a25e-898f1b9f2a83@group-42AFCB779948-LeaderElection58] INFO  impl.RaftServerImpl (RaftServerImpl.java:setRole(170)) - e17d88b9-44d7-4ac5-a25e-898f1b9f2a83@group-42AFCB779948: changes role from CANDIDATE to LEADER at term 1 for changeToLeader
2019-10-06 01:13:34,385 [e17d88b9-44d7-4ac5-a25e-898f1b9f2a83@group-42AFCB779948-LeaderElection58] INFO  impl.RaftServerImpl (ServerState.java:setLeader(255)) - e17d88b9-44d7-4ac5-a25e-898f1b9f2a83@group-42AFCB779948: change Leader from null to e17d88b9-44d7-4ac5-a25e-898f1b9f2a83 at term 1 for becomeLeader, leader elected after 5222ms
2019-10-06 01:13:34,385 [e17d88b9-44d7-4ac5-a25e-898f1b9f2a83@group-42AFCB779948-LeaderElection58] INFO  server.RaftServerConfigKeys (ConfUtils.java:logGet(43)) - raft.server.staging.catchup.gap = 1000 (default)
2019-10-06 01:13:34,385 [e17d88b9-44d7-4ac5-a25e-898f1b9f2a83@group-42AFCB779948-LeaderElection58] INFO  server.RaftServerConfigKeys (ConfUtils.java:logGet(43)) - raft.server.rpc.sleep.time = 25ms (default)
2019-10-06 01:13:34,385 [e17d88b9-44d7-4ac5-a25e-898f1b9f2a83@group-42AFCB779948-LeaderElection58] INFO  server.RaftServerConfigKeys (ConfUtils.java:logGet(43)) - raft.server.write.element-limit = 4096 (default)
2019-10-06 01:13:34,385 [e17d88b9-44d7-4ac5-a25e-898f1b9f2a83@group-42AFCB779948-LeaderElection58] INFO  server.RaftServerConfigKeys (ConfUtils.java:logGet(43)) - raft.server.watch.timeout = 10s (default)
2019-10-06 01:13:34,385 [e17d88b9-44d7-4ac5-a25e-898f1b9f2a83@group-42AFCB779948-LeaderElection58] INFO  server.RaftServerConfigKeys (ConfUtils.java:logGet(43)) - raft.server.watch.timeout.denomination = 1s (default)
2019-10-06 01:13:34,385 [e17d88b9-44d7-4ac5-a25e-898f1b9f2a83@group-42AFCB779948-LeaderElection58] INFO  server.RaftServerConfigKeys (ConfUtils.java:logGet(43)) - raft.server.watch.element-limit = 65536 (default)
2019-10-06 01:13:34,387 [e17d88b9-44d7-4ac5-a25e-898f1b9f2a83@group-42AFCB779948-LeaderElection58] INFO  impl.RoleInfo (RoleInfo.java:updateAndGet(143)) - e17d88b9-44d7-4ac5-a25e-898f1b9f2a83: start LeaderState
2019-10-06 01:13:34,387 [e17d88b9-44d7-4ac5-a25e-898f1b9f2a83@group-42AFCB779948-LeaderElection58] INFO  segmented.SegmentedRaftLogWorker (SegmentedRaftLogWorker.java:startLogSegment(385)) - e17d88b9-44d7-4ac5-a25e-898f1b9f2a83@group-42AFCB779948-SegmentedRaftLogWorker: Starting segment from index:0
2019-10-06 01:13:34,387 [e17d88b9-44d7-4ac5-a25e-898f1b9f2a83@group-42AFCB779948-LeaderElection58] INFO  impl.RaftServerImpl (ServerState.java:setRaftConf(356)) - e17d88b9-44d7-4ac5-a25e-898f1b9f2a83@group-42AFCB779948: set configuration 0: [e17d88b9-44d7-4ac5-a25e-898f1b9f2a83:192.168.30.55:37773], old=null at 0
2019-10-06 01:13:34,427 [e17d88b9-44d7-4ac5-a25e-898f1b9f2a83@group-42AFCB779948-SegmentedRaftLogWorker] INFO  segmented.SegmentedRaftLogWorker (SegmentedRaftLogWorker.java:execute(574)) - e17d88b9-44d7-4ac5-a25e-898f1b9f2a83@group-42AFCB779948-SegmentedRaftLogWorker: created new log segment /workdir/hadoop-ozone/integration-test/target/test-dir/MiniOzoneClusterImpl-0eec6d6b-e739-437d-bd39-485dbec10836/datanode-3/data/ratis/bd4d27a1-c262-4a13-9182-42afcb779948/current/log_inprogress_0
2019-10-06 01:13:34,434 [Thread-2322] INFO  impl.FollowerState (FollowerState.java:run(108)) - 520eed3d-77c0-4796-994f-c9f7f7327894@group-9C70BF4BA7CF-FollowerState: change to CANDIDATE, lastRpcTime:5063ms, electionTimeout:5063ms
2019-10-06 01:13:34,434 [Thread-2322] INFO  impl.RoleInfo (RoleInfo.java:shutdownFollowerState(121)) - 520eed3d-77c0-4796-994f-c9f7f7327894: shutdown FollowerState
2019-10-06 01:13:34,434 [Thread-2322] INFO  impl.RaftServerImpl (RaftServerImpl.java:setRole(170)) - 520eed3d-77c0-4796-994f-c9f7f7327894@group-9C70BF4BA7CF: changes role from  FOLLOWER to CANDIDATE at term 0 for changeToCandidate
2019-10-06 01:13:34,434 [Thread-2322] INFO  impl.RoleInfo (RoleInfo.java:updateAndGet(143)) - 520eed3d-77c0-4796-994f-c9f7f7327894: start LeaderElection
2019-10-06 01:13:34,446 [Thread-2321] INFO  impl.FollowerState (FollowerState.java:run(108)) - c7fcae2d-ab82-49be-983f-89bdb3ad2cf8@group-9C70BF4BA7CF-FollowerState: change to CANDIDATE, lastRpcTime:5075ms, electionTimeout:5075ms
2019-10-06 01:13:34,446 [Thread-2321] INFO  impl.RoleInfo (RoleInfo.java:shutdownFollowerState(121)) - c7fcae2d-ab82-49be-983f-89bdb3ad2cf8: shutdown FollowerState
2019-10-06 01:13:34,446 [Thread-2321] INFO  impl.RaftServerImpl (RaftServerImpl.java:setRole(170)) - c7fcae2d-ab82-49be-983f-89bdb3ad2cf8@group-9C70BF4BA7CF: changes role from  FOLLOWER to CANDIDATE at term 0 for changeToCandidate
2019-10-06 01:13:34,446 [Thread-2321] INFO  impl.RoleInfo (RoleInfo.java:updateAndGet(143)) - c7fcae2d-ab82-49be-983f-89bdb3ad2cf8: start LeaderElection
2019-10-06 01:13:34,459 [520eed3d-77c0-4796-994f-c9f7f7327894@group-9C70BF4BA7CF-LeaderElection59] INFO  impl.LeaderElection (LeaderElection.java:askForVotes(178)) - 520eed3d-77c0-4796-994f-c9f7f7327894@group-9C70BF4BA7CF-LeaderElection59: begin an election at term 1 for -1: [c7fcae2d-ab82-49be-983f-89bdb3ad2cf8:192.168.30.55:40892, 520eed3d-77c0-4796-994f-c9f7f7327894:192.168.30.55:45511, e17d88b9-44d7-4ac5-a25e-898f1b9f2a83:192.168.30.55:37773], old=null
2019-10-06 01:13:34,459 [c7fcae2d-ab82-49be-983f-89bdb3ad2cf8@group-9C70BF4BA7CF-LeaderElection60] INFO  impl.LeaderElection (LeaderElection.java:askForVotes(178)) - c7fcae2d-ab82-49be-983f-89bdb3ad2cf8@group-9C70BF4BA7CF-LeaderElection60: begin an election at term 1 for -1: [c7fcae2d-ab82-49be-983f-89bdb3ad2cf8:192.168.30.55:40892, 520eed3d-77c0-4796-994f-c9f7f7327894:192.168.30.55:45511, e17d88b9-44d7-4ac5-a25e-898f1b9f2a83:192.168.30.55:37773], old=null
2019-10-06 01:13:34,472 [grpc-default-executor-3] INFO  impl.RaftServerImpl (RaftServerImpl.java:setRole(170)) - e17d88b9-44d7-4ac5-a25e-898f1b9f2a83@group-9C70BF4BA7CF: changes role from  FOLLOWER to FOLLOWER at term 1 for recognizeCandidate:c7fcae2d-ab82-49be-983f-89bdb3ad2cf8
2019-10-06 01:13:34,473 [grpc-default-executor-3] INFO  impl.RoleInfo (RoleInfo.java:shutdownFollowerState(121)) - e17d88b9-44d7-4ac5-a25e-898f1b9f2a83: shutdown FollowerState
2019-10-06 01:13:34,477 [grpc-default-executor-3] INFO  impl.RoleInfo (RoleInfo.java:updateAndGet(143)) - e17d88b9-44d7-4ac5-a25e-898f1b9f2a83: start FollowerState
2019-10-06 01:13:34,477 [Thread-2320] INFO  impl.FollowerState (FollowerState.java:run(117)) - e17d88b9-44d7-4ac5-a25e-898f1b9f2a83@group-9C70BF4BA7CF-FollowerState was interrupted: java.lang.InterruptedException: sleep interrupted
2019-10-06 01:13:34,496 [c7fcae2d-ab82-49be-983f-89bdb3ad2cf8@group-9C70BF4BA7CF-LeaderElection60] INFO  impl.LeaderElection (LeaderElection.java:logAndReturn(56)) - c7fcae2d-ab82-49be-983f-89bdb3ad2cf8@group-9C70BF4BA7CF-LeaderElection60: Election PASSED; received 2 response(s) [c7fcae2d-ab82-49be-983f-89bdb3ad2cf8<-520eed3d-77c0-4796-994f-c9f7f7327894#0:FAIL-t1, c7fcae2d-ab82-49be-983f-89bdb3ad2cf8<-e17d88b9-44d7-4ac5-a25e-898f1b9f2a83#0:OK-t1] and 0 exception(s); c7fcae2d-ab82-49be-983f-89bdb3ad2cf8@group-9C70BF4BA7CF:t1, leader=null, voted=c7fcae2d-ab82-49be-983f-89bdb3ad2cf8, raftlog=c7fcae2d-ab82-49be-983f-89bdb3ad2cf8@group-9C70BF4BA7CF-SegmentedRaftLog:OPENED:c-1,f-1,i0, conf=-1: [c7fcae2d-ab82-49be-983f-89bdb3ad2cf8:192.168.30.55:40892, 520eed3d-77c0-4796-994f-c9f7f7327894:192.168.30.55:45511, e17d88b9-44d7-4ac5-a25e-898f1b9f2a83:192.168.30.55:37773], old=null
2019-10-06 01:13:34,496 [520eed3d-77c0-4796-994f-c9f7f7327894@group-9C70BF4BA7CF-LeaderElection59] INFO  impl.LeaderElection (LeaderElection.java:logAndReturn(56)) - 520eed3d-77c0-4796-994f-c9f7f7327894@group-9C70BF4BA7CF-LeaderElection59: Election REJECTED; received 2 response(s) [520eed3d-77c0-4796-994f-c9f7f7327894<-c7fcae2d-ab82-49be-983f-89bdb3ad2cf8#0:FAIL-t1, 520eed3d-77c0-4796-994f-c9f7f7327894<-e17d88b9-44d7-4ac5-a25e-898f1b9f2a83#0:FAIL-t1] and 0 exception(s); 520eed3d-77c0-4796-994f-c9f7f7327894@group-9C70BF4BA7CF:t1, leader=null, voted=520eed3d-77c0-4796-994f-c9f7f7327894, raftlog=520eed3d-77c0-4796-994f-c9f7f7327894@group-9C70BF4BA7CF-SegmentedRaftLog:OPENED:c-1,f-1,i0, conf=-1: [c7fcae2d-ab82-49be-983f-89bdb3ad2cf8:192.168.30.55:40892, 520eed3d-77c0-4796-994f-c9f7f7327894:192.168.30.55:45511, e17d88b9-44d7-4ac5-a25e-898f1b9f2a83:192.168.30.55:37773], old=null
2019-10-06 01:13:34,496 [c7fcae2d-ab82-49be-983f-89bdb3ad2cf8@group-9C70BF4BA7CF-LeaderElection60] INFO  impl.RoleInfo (RoleInfo.java:shutdownLeaderElection(134)) - c7fcae2d-ab82-49be-983f-89bdb3ad2cf8: shutdown LeaderElection
2019-10-06 01:13:34,496 [520eed3d-77c0-4796-994f-c9f7f7327894@group-9C70BF4BA7CF-LeaderElection59] INFO  impl.RaftServerImpl (RaftServerImpl.java:setRole(170)) - 520eed3d-77c0-4796-994f-c9f7f7327894@group-9C70BF4BA7CF: changes role from CANDIDATE to FOLLOWER at term 1 for DISCOVERED_A_NEW_TERM
2019-10-06 01:13:34,496 [c7fcae2d-ab82-49be-983f-89bdb3ad2cf8@group-9C70BF4BA7CF-LeaderElection60] INFO  impl.RaftServerImpl (RaftServerImpl.java:setRole(170)) - c7fcae2d-ab82-49be-983f-89bdb3ad2cf8@group-9C70BF4BA7CF: changes role from CANDIDATE to LEADER at term 1 for changeToLeader
2019-10-06 01:13:34,496 [520eed3d-77c0-4796-994f-c9f7f7327894@group-9C70BF4BA7CF-LeaderElection59] INFO  impl.RoleInfo (RoleInfo.java:shutdownLeaderElection(134)) - 520eed3d-77c0-4796-994f-c9f7f7327894: shutdown LeaderElection
2019-10-06 01:13:34,496 [c7fcae2d-ab82-49be-983f-89bdb3ad2cf8@group-9C70BF4BA7CF-LeaderElection60] INFO  impl.RaftServerImpl (ServerState.java:setLeader(255)) - c7fcae2d-ab82-49be-983f-89bdb3ad2cf8@group-9C70BF4BA7CF: change Leader from null to c7fcae2d-ab82-49be-983f-89bdb3ad2cf8 at term 1 for becomeLeader, leader elected after 5135ms
2019-10-06 01:13:34,496 [520eed3d-77c0-4796-994f-c9f7f7327894@group-9C70BF4BA7CF-LeaderElection59] INFO  impl.RoleInfo (RoleInfo.java:updateAndGet(143)) - 520eed3d-77c0-4796-994f-c9f7f7327894: start FollowerState
2019-10-06 01:13:34,496 [c7fcae2d-ab82-49be-983f-89bdb3ad2cf8@group-9C70BF4BA7CF-LeaderElection60] INFO  server.RaftServerConfigKeys (ConfUtils.java:logGet(43)) - raft.server.staging.catchup.gap = 1000 (default)
2019-10-06 01:13:34,497 [c7fcae2d-ab82-49be-983f-89bdb3ad2cf8@group-9C70BF4BA7CF-LeaderElection60] INFO  server.RaftServerConfigKeys (ConfUtils.java:logGet(43)) - raft.server.rpc.sleep.time = 25ms (default)
2019-10-06 01:13:34,497 [c7fcae2d-ab82-49be-983f-89bdb3ad2cf8@group-9C70BF4BA7CF-LeaderElection60] INFO  server.RaftServerConfigKeys (ConfUtils.java:logGet(43)) - raft.server.write.element-limit = 4096 (default)
2019-10-06 01:13:34,497 [c7fcae2d-ab82-49be-983f-89bdb3ad2cf8@group-9C70BF4BA7CF-LeaderElection60] INFO  server.RaftServerConfigKeys (ConfUtils.java:logGet(43)) - raft.server.watch.timeout = 10s (default)
2019-10-06 01:13:34,497 [c7fcae2d-ab82-49be-983f-89bdb3ad2cf8@group-9C70BF4BA7CF-LeaderElection60] INFO  server.RaftServerConfigKeys (ConfUtils.java:logGet(43)) - raft.server.watch.timeout.denomination = 1s (default)
2019-10-06 01:13:34,497 [c7fcae2d-ab82-49be-983f-89bdb3ad2cf8@group-9C70BF4BA7CF-LeaderElection60] INFO  server.RaftServerConfigKeys (ConfUtils.java:logGet(43)) - raft.server.watch.element-limit = 65536 (default)
2019-10-06 01:13:34,498 [c7fcae2d-ab82-49be-983f-89bdb3ad2cf8@group-9C70BF4BA7CF-LeaderElection60] INFO  server.RaftServerConfigKeys (ConfUtils.java:logGet(43)) - raft.server.log.appender.snapshot.chunk.size.max = 16MB (=16777216) (default)
2019-10-06 01:13:34,498 [c7fcae2d-ab82-49be-983f-89bdb3ad2cf8@group-9C70BF4BA7CF-LeaderElection60] INFO  server.RaftServerConfigKeys (ConfUtils.java:logGet(43)) - raft.server.log.appender.buffer.byte-limit = 33554432 (custom)
2019-10-06 01:13:34,498 [c7fcae2d-ab82-49be-983f-89bdb3ad2cf8@group-9C70BF4BA7CF-LeaderElection60] INFO  server.RaftServerConfigKeys (ConfUtils.java:logGet(43)) - raft.server.log.appender.buffer.element-limit = 1 (custom)
2019-10-06 01:13:34,499 [c7fcae2d-ab82-49be-983f-89bdb3ad2cf8@group-9C70BF4BA7CF-LeaderElection60] INFO  grpc.GrpcConfigKeys$Server (ConfUtils.java:logGet(43)) - raft.grpc.server.leader.outstanding.appends.max = 128 (default)
2019-10-06 01:13:34,499 [c7fcae2d-ab82-49be-983f-89bdb3ad2cf8@group-9C70BF4BA7CF-LeaderElection60] INFO  server.RaftServerConfigKeys (ConfUtils.java:logGet(43)) - raft.server.rpc.request.timeout = 3000ms (default)
2019-10-06 01:13:34,499 [c7fcae2d-ab82-49be-983f-89bdb3ad2cf8@group-9C70BF4BA7CF-LeaderElection60] INFO  server.RaftServerConfigKeys (ConfUtils.java:logGet(43)) - raft.server.log.appender.install.snapshot.enabled = false (custom)
2019-10-06 01:13:34,499 [c7fcae2d-ab82-49be-983f-89bdb3ad2cf8@group-9C70BF4BA7CF-LeaderElection60] INFO  server.RaftServerConfigKeys (ConfUtils.java:logGet(43)) - raft.server.log.appender.snapshot.chunk.size.max = 16MB (=16777216) (default)
2019-10-06 01:13:34,499 [c7fcae2d-ab82-49be-983f-89bdb3ad2cf8@group-9C70BF4BA7CF-LeaderElection60] INFO  server.RaftServerConfigKeys (ConfUtils.java:logGet(43)) - raft.server.log.appender.buffer.byte-limit = 33554432 (custom)
2019-10-06 01:13:34,499 [c7fcae2d-ab82-49be-983f-89bdb3ad2cf8@group-9C70BF4BA7CF-LeaderElection60] INFO  server.RaftServerConfigKeys (ConfUtils.java:logGet(43)) - raft.server.log.appender.buffer.element-limit = 1 (custom)
2019-10-06 01:13:34,499 [c7fcae2d-ab82-49be-983f-89bdb3ad2cf8@group-9C70BF4BA7CF-LeaderElection60] INFO  grpc.GrpcConfigKeys$Server (ConfUtils.java:logGet(43)) - raft.grpc.server.leader.outstanding.appends.max = 128 (default)
2019-10-06 01:13:34,499 [c7fcae2d-ab82-49be-983f-89bdb3ad2cf8@group-9C70BF4BA7CF-LeaderElection60] INFO  server.RaftServerConfigKeys (ConfUtils.java:logGet(43)) - raft.server.rpc.request.timeout = 3000ms (default)
2019-10-06 01:13:34,500 [c7fcae2d-ab82-49be-983f-89bdb3ad2cf8@group-9C70BF4BA7CF-LeaderElection60] INFO  server.RaftServerConfigKeys (ConfUtils.java:logGet(43)) - raft.server.log.appender.install.snapshot.enabled = false (custom)
2019-10-06 01:13:34,500 [c7fcae2d-ab82-49be-983f-89bdb3ad2cf8@group-9C70BF4BA7CF-LeaderElection60] INFO  impl.RoleInfo (RoleInfo.java:updateAndGet(143)) - c7fcae2d-ab82-49be-983f-89bdb3ad2cf8: start LeaderState
2019-10-06 01:13:34,500 [c7fcae2d-ab82-49be-983f-89bdb3ad2cf8@group-9C70BF4BA7CF-LeaderElection60] INFO  segmented.SegmentedRaftLogWorker (SegmentedRaftLogWorker.java:startLogSegment(385)) - c7fcae2d-ab82-49be-983f-89bdb3ad2cf8@group-9C70BF4BA7CF-SegmentedRaftLogWorker: Starting segment from index:0
2019-10-06 01:13:34,501 [c7fcae2d-ab82-49be-983f-89bdb3ad2cf8@group-9C70BF4BA7CF-LeaderElection60] INFO  impl.RaftServerImpl (ServerState.java:setRaftConf(356)) - c7fcae2d-ab82-49be-983f-89bdb3ad2cf8@group-9C70BF4BA7CF: set configuration 0: [c7fcae2d-ab82-49be-983f-89bdb3ad2cf8:192.168.30.55:40892, 520eed3d-77c0-4796-994f-c9f7f7327894:192.168.30.55:45511, e17d88b9-44d7-4ac5-a25e-898f1b9f2a83:192.168.30.55:37773], old=null at 0
2019-10-06 01:13:34,502 [grpc-default-executor-3] INFO  impl.RaftServerImpl (ServerState.java:setLeader(255)) - e17d88b9-44d7-4ac5-a25e-898f1b9f2a83@group-9C70BF4BA7CF: change Leader from null to c7fcae2d-ab82-49be-983f-89bdb3ad2cf8 at term 1 for appendEntries, leader elected after 5141ms
2019-10-06 01:13:34,502 [grpc-default-executor-4] INFO  impl.RaftServerImpl (ServerState.java:setLeader(255)) - 520eed3d-77c0-4796-994f-c9f7f7327894@group-9C70BF4BA7CF: change Leader from null to c7fcae2d-ab82-49be-983f-89bdb3ad2cf8 at term 1 for appendEntries, leader elected after 5141ms
2019-10-06 01:13:34,504 [grpc-default-executor-4] INFO  impl.RaftServerImpl (ServerState.java:setRaftConf(356)) - e17d88b9-44d7-4ac5-a25e-898f1b9f2a83@group-9C70BF4BA7CF: set configuration 0: [c7fcae2d-ab82-49be-983f-89bdb3ad2cf8:192.168.30.55:40892, 520eed3d-77c0-4796-994f-c9f7f7327894:192.168.30.55:45511, e17d88b9-44d7-4ac5-a25e-898f1b9f2a83:192.168.30.55:37773], old=null at 0
2019-10-06 01:13:34,504 [grpc-default-executor-4] INFO  segmented.SegmentedRaftLogWorker (SegmentedRaftLogWorker.java:startLogSegment(385)) - e17d88b9-44d7-4ac5-a25e-898f1b9f2a83@group-9C70BF4BA7CF-SegmentedRaftLogWorker: Starting segment from index:0
2019-10-06 01:13:34,504 [grpc-default-executor-3] INFO  impl.RaftServerImpl (ServerState.java:setRaftConf(356)) - 520eed3d-77c0-4796-994f-c9f7f7327894@group-9C70BF4BA7CF: set configuration 0: [c7fcae2d-ab82-49be-983f-89bdb3ad2cf8:192.168.30.55:40892, 520eed3d-77c0-4796-994f-c9f7f7327894:192.168.30.55:45511, e17d88b9-44d7-4ac5-a25e-898f1b9f2a83:192.168.30.55:37773], old=null at 0
2019-10-06 01:13:34,504 [grpc-default-executor-3] INFO  segmented.SegmentedRaftLogWorker (SegmentedRaftLogWorker.java:startLogSegment(385)) - 520eed3d-77c0-4796-994f-c9f7f7327894@group-9C70BF4BA7CF-SegmentedRaftLogWorker: Starting segment from index:0
2019-10-06 01:13:34,532 [c7fcae2d-ab82-49be-983f-89bdb3ad2cf8@group-9C70BF4BA7CF-SegmentedRaftLogWorker] INFO  segmented.SegmentedRaftLogWorker (SegmentedRaftLogWorker.java:execute(574)) - c7fcae2d-ab82-49be-983f-89bdb3ad2cf8@group-9C70BF4BA7CF-SegmentedRaftLogWorker: created new log segment /workdir/hadoop-ozone/integration-test/target/test-dir/MiniOzoneClusterImpl-0eec6d6b-e739-437d-bd39-485dbec10836/datanode-5/data/ratis/71880bde-4160-4f8f-84a1-9c70bf4ba7cf/current/log_inprogress_0
2019-10-06 01:13:34,532 [e17d88b9-44d7-4ac5-a25e-898f1b9f2a83@group-9C70BF4BA7CF-SegmentedRaftLogWorker] INFO  segmented.SegmentedRaftLogWorker (SegmentedRaftLogWorker.java:execute(574)) - e17d88b9-44d7-4ac5-a25e-898f1b9f2a83@group-9C70BF4BA7CF-SegmentedRaftLogWorker: created new log segment /workdir/hadoop-ozone/integration-test/target/test-dir/MiniOzoneClusterImpl-0eec6d6b-e739-437d-bd39-485dbec10836/datanode-3/data/ratis/71880bde-4160-4f8f-84a1-9c70bf4ba7cf/current/log_inprogress_0
2019-10-06 01:13:34,548 [520eed3d-77c0-4796-994f-c9f7f7327894@group-9C70BF4BA7CF-SegmentedRaftLogWorker] INFO  segmented.SegmentedRaftLogWorker (SegmentedRaftLogWorker.java:execute(574)) - 520eed3d-77c0-4796-994f-c9f7f7327894@group-9C70BF4BA7CF-SegmentedRaftLogWorker: created new log segment /workdir/hadoop-ozone/integration-test/target/test-dir/MiniOzoneClusterImpl-0eec6d6b-e739-437d-bd39-485dbec10836/datanode-4/data/ratis/71880bde-4160-4f8f-84a1-9c70bf4ba7cf/current/log_inprogress_0
2019-10-06 01:13:35,330 [grpc-default-executor-3] WARN  server.GrpcLogAppender (LogUtils.java:warn(134)) - bf220e48-d6ce-49f3-a557-fc9d50d77ef3@group-F8ADE7488A15->a3975b4a-105c-4b9b-8142-24e206f1c3ba-AppendLogResponseHandler: Failed appendEntries: org.apache.ratis.thirdparty.io.grpc.StatusRuntimeException: UNAVAILABLE: io exception
2019-10-06 01:13:35,330 [grpc-default-executor-3] INFO  impl.FollowerInfo (FollowerInfo.java:lambda$new$0(51)) - bf220e48-d6ce-49f3-a557-fc9d50d77ef3@group-F8ADE7488A15->a3975b4a-105c-4b9b-8142-24e206f1c3ba: nextIndex: updateUnconditionally 0 -> 0
2019-10-06 01:13:35,351 [grpc-default-executor-3] WARN  server.GrpcLogAppender (LogUtils.java:warn(134)) - bf220e48-d6ce-49f3-a557-fc9d50d77ef3@group-F8ADE7488A15->6e899f9a-39c7-4d88-8fee-651142b6bdd4-AppendLogResponseHandler: Failed appendEntries: org.apache.ratis.thirdparty.io.grpc.StatusRuntimeException: UNAVAILABLE: io exception
2019-10-06 01:13:35,351 [grpc-default-executor-3] INFO  impl.FollowerInfo (FollowerInfo.java:lambda$new$0(51)) - bf220e48-d6ce-49f3-a557-fc9d50d77ef3@group-F8ADE7488A15->6e899f9a-39c7-4d88-8fee-651142b6bdd4: nextIndex: updateUnconditionally 0 -> 0
2019-10-06 01:13:35,656 [Datanode State Machine Thread - 0] INFO  statemachine.DatanodeStateMachine (DatanodeStateMachine.java:lambda$startDaemon$0(350)) - Ozone container server started.
2019-10-06 01:13:37,834 [grpc-default-executor-4] WARN  server.GrpcLogAppender (LogUtils.java:warn(134)) - bf220e48-d6ce-49f3-a557-fc9d50d77ef3@group-F8ADE7488A15->a3975b4a-105c-4b9b-8142-24e206f1c3ba-AppendLogResponseHandler: Failed appendEntries: org.apache.ratis.thirdparty.io.grpc.StatusRuntimeException: UNAVAILABLE: io exception
2019-10-06 01:13:37,834 [grpc-default-executor-4] INFO  impl.FollowerInfo (FollowerInfo.java:lambda$new$0(51)) - bf220e48-d6ce-49f3-a557-fc9d50d77ef3@group-F8ADE7488A15->a3975b4a-105c-4b9b-8142-24e206f1c3ba: nextIndex: updateUnconditionally 0 -> 0
2019-10-06 01:13:37,851 [grpc-default-executor-1] WARN  server.GrpcLogAppender (LogUtils.java:warn(134)) - bf220e48-d6ce-49f3-a557-fc9d50d77ef3@group-F8ADE7488A15->6e899f9a-39c7-4d88-8fee-651142b6bdd4-AppendLogResponseHandler: Failed appendEntries: org.apache.ratis.thirdparty.io.grpc.StatusRuntimeException: UNAVAILABLE: io exception
2019-10-06 01:13:37,851 [grpc-default-executor-1] INFO  impl.FollowerInfo (FollowerInfo.java:lambda$new$0(51)) - bf220e48-d6ce-49f3-a557-fc9d50d77ef3@group-F8ADE7488A15->6e899f9a-39c7-4d88-8fee-651142b6bdd4: nextIndex: updateUnconditionally 0 -> 0
2019-10-06 01:13:39,386 [EventQueue-StaleNodeForStaleNodeHandler] INFO  node.StaleNodeHandler (StaleNodeHandler.java:onMessage(58)) - Datanode a3975b4a-105c-4b9b-8142-24e206f1c3ba{ip: 192.168.30.55, host: pr-hdds-2233-w5czk-1584650955, networkLocation: /default-rack, certSerialId: null} moved to stale state. Finalizing its pipelines [PipelineID=b10c3c0d-26c9-482c-a850-7d7682ad77e8, PipelineID=39c24faf-7937-49d3-9817-f8ade7488a15]
2019-10-06 01:13:39,387 [EventQueue-StaleNodeForStaleNodeHandler] INFO  pipeline.SCMPipelineManager (SCMPipelineManager.java:finalizeAndDestroyPipeline(315)) - destroying pipeline:Pipeline[ Id: b10c3c0d-26c9-482c-a850-7d7682ad77e8, Nodes: a3975b4a-105c-4b9b-8142-24e206f1c3ba{ip: 192.168.30.55, host: pr-hdds-2233-w5czk-1584650955, networkLocation: /default-rack, certSerialId: null}, Type:RATIS, Factor:ONE, State:OPEN]
2019-10-06 01:13:39,388 [EventQueue-StaleNodeForStaleNodeHandler] INFO  pipeline.PipelineStateManager (PipelineStateManager.java:finalizePipeline(123)) - Pipeline Pipeline[ Id: b10c3c0d-26c9-482c-a850-7d7682ad77e8, Nodes: a3975b4a-105c-4b9b-8142-24e206f1c3ba{ip: 192.168.30.55, host: pr-hdds-2233-w5czk-1584650955, networkLocation: /default-rack, certSerialId: null}, Type:RATIS, Factor:ONE, State:CLOSED] moved to CLOSED state
2019-10-06 01:13:39,388 [EventQueue-StaleNodeForStaleNodeHandler] INFO  pipeline.SCMPipelineManager (SCMPipelineManager.java:finalizeAndDestroyPipeline(315)) - destroying pipeline:Pipeline[ Id: 39c24faf-7937-49d3-9817-f8ade7488a15, Nodes: a3975b4a-105c-4b9b-8142-24e206f1c3ba{ip: 192.168.30.55, host: pr-hdds-2233-w5czk-1584650955, networkLocation: /default-rack, certSerialId: null}6e899f9a-39c7-4d88-8fee-651142b6bdd4{ip: 192.168.30.55, host: pr-hdds-2233-w5czk-1584650955, networkLocation: /default-rack, certSerialId: null}bf220e48-d6ce-49f3-a557-fc9d50d77ef3{ip: 192.168.30.55, host: pr-hdds-2233-w5czk-1584650955, networkLocation: /default-rack, certSerialId: null}, Type:RATIS, Factor:THREE, State:OPEN]
2019-10-06 01:13:39,389 [EventQueue-StaleNodeForStaleNodeHandler] INFO  pipeline.PipelineStateManager (PipelineStateManager.java:finalizePipeline(123)) - Pipeline Pipeline[ Id: 39c24faf-7937-49d3-9817-f8ade7488a15, Nodes: a3975b4a-105c-4b9b-8142-24e206f1c3ba{ip: 192.168.30.55, host: pr-hdds-2233-w5czk-1584650955, networkLocation: /default-rack, certSerialId: null}6e899f9a-39c7-4d88-8fee-651142b6bdd4{ip: 192.168.30.55, host: pr-hdds-2233-w5czk-1584650955, networkLocation: /default-rack, certSerialId: null}bf220e48-d6ce-49f3-a557-fc9d50d77ef3{ip: 192.168.30.55, host: pr-hdds-2233-w5czk-1584650955, networkLocation: /default-rack, certSerialId: null}, Type:RATIS, Factor:THREE, State:CLOSED] moved to CLOSED state
2019-10-06 01:13:39,390 [EventQueue-CloseContainerForCloseContainerEventHandler] INFO  container.CloseContainerEventHandler (CloseContainerEventHandler.java:onMessage(61)) - Close container Event triggered for container : #1
2019-10-06 01:13:39,664 [main] INFO  ozoneimpl.OzoneContainer (OzoneContainer.java:stop(231)) - Attempting to stop container services.
2019-10-06 01:13:39,665 [main] INFO  impl.RaftServerProxy (RaftServerProxy.java:lambda$close$4(314)) - 16cf88f3-28e7-40e7-89d2-347d16ab87a8: close
2019-10-06 01:13:39,666 [main] INFO  impl.RaftServerImpl (RaftServerImpl.java:lambda$shutdown$3(247)) - 16cf88f3-28e7-40e7-89d2-347d16ab87a8@group-397BB4C11914: shutdown
2019-10-06 01:13:39,666 [main] INFO  util.JmxRegister (JmxRegister.java:unregister(73)) - Successfully un-registered JMX Bean with object name Ratis:service=RaftServer,group=group-397BB4C11914,id=16cf88f3-28e7-40e7-89d2-347d16ab87a8
2019-10-06 01:13:39,667 [main] INFO  impl.RoleInfo (RoleInfo.java:shutdownFollowerState(121)) - 16cf88f3-28e7-40e7-89d2-347d16ab87a8: shutdown FollowerState
2019-10-06 01:13:39,667 [main] INFO  impl.StateMachineUpdater (StateMachineUpdater.java:stopAndJoin(136)) - 16cf88f3-28e7-40e7-89d2-347d16ab87a8@group-397BB4C11914-StateMachineUpdater: set stopIndex = 2
2019-10-06 01:13:39,667 [Thread-2360] INFO  impl.FollowerState (FollowerState.java:run(117)) - 16cf88f3-28e7-40e7-89d2-347d16ab87a8@group-397BB4C11914-FollowerState was interrupted: java.lang.InterruptedException: sleep interrupted
2019-10-06 01:13:39,667 [16cf88f3-28e7-40e7-89d2-347d16ab87a8@group-397BB4C11914-StateMachineUpdater] INFO  ratis.ContainerStateMachine (ContainerStateMachine.java:takeSnapshot(293)) - group-397BB4C11914: Taking a snapshot at:(t:1, i:1) file /workdir/hadoop-ozone/integration-test/target/test-dir/MiniOzoneClusterImpl-0eec6d6b-e739-437d-bd39-485dbec10836/datanode-1/data/ratis/095c1703-1a0c-48ac-b605-397bb4c11914/sm/snapshot.1_1
2019-10-06 01:13:39,689 [16cf88f3-28e7-40e7-89d2-347d16ab87a8@group-397BB4C11914-StateMachineUpdater] INFO  ratis.ContainerStateMachine (ContainerStateMachine.java:takeSnapshot(304)) - group-397BB4C11914: Finished taking a snapshot at:(t:1, i:1) file:/workdir/hadoop-ozone/integration-test/target/test-dir/MiniOzoneClusterImpl-0eec6d6b-e739-437d-bd39-485dbec10836/datanode-1/data/ratis/095c1703-1a0c-48ac-b605-397bb4c11914/sm/snapshot.1_1 time:22
2019-10-06 01:13:39,689 [16cf88f3-28e7-40e7-89d2-347d16ab87a8@group-397BB4C11914-StateMachineUpdater] INFO  impl.StateMachineUpdater (StateMachineUpdater.java:takeSnapshot(269)) - 16cf88f3-28e7-40e7-89d2-347d16ab87a8@group-397BB4C11914-StateMachineUpdater: Took a snapshot at index 1
2019-10-06 01:13:39,689 [16cf88f3-28e7-40e7-89d2-347d16ab87a8@group-397BB4C11914-StateMachineUpdater] INFO  impl.StateMachineUpdater (StateMachineUpdater.java:lambda$new$0(84)) - 16cf88f3-28e7-40e7-89d2-347d16ab87a8@group-397BB4C11914-StateMachineUpdater: snapshotIndex: updateIncreasingly -1 -> 1
2019-10-06 01:13:39,690 [16cf88f3-28e7-40e7-89d2-347d16ab87a8@group-397BB4C11914-StateMachineUpdater] INFO  ratis.ContainerStateMachine (ContainerStateMachine.java:takeSnapshot(293)) - group-397BB4C11914: Taking a snapshot at:(t:1, i:1) file /workdir/hadoop-ozone/integration-test/target/test-dir/MiniOzoneClusterImpl-0eec6d6b-e739-437d-bd39-485dbec10836/datanode-1/data/ratis/095c1703-1a0c-48ac-b605-397bb4c11914/sm/snapshot.1_1
2019-10-06 01:13:39,702 [16cf88f3-28e7-40e7-89d2-347d16ab87a8@group-397BB4C11914-StateMachineUpdater] INFO  ratis.ContainerStateMachine (ContainerStateMachine.java:takeSnapshot(304)) - group-397BB4C11914: Finished taking a snapshot at:(t:1, i:1) file:/workdir/hadoop-ozone/integration-test/target/test-dir/MiniOzoneClusterImpl-0eec6d6b-e739-437d-bd39-485dbec10836/datanode-1/data/ratis/095c1703-1a0c-48ac-b605-397bb4c11914/sm/snapshot.1_1 time:12
2019-10-06 01:13:39,703 [16cf88f3-28e7-40e7-89d2-347d16ab87a8@group-397BB4C11914-StateMachineUpdater] INFO  impl.StateMachineUpdater (StateMachineUpdater.java:takeSnapshot(269)) - 16cf88f3-28e7-40e7-89d2-347d16ab87a8@group-397BB4C11914-StateMachineUpdater: Took a snapshot at index 1
2019-10-06 01:13:39,703 [16cf88f3-28e7-40e7-89d2-347d16ab87a8@group-397BB4C11914-StateMachineUpdater] INFO  impl.StateMachineUpdater (StateMachineUpdater.java:lambda$new$0(84)) - 16cf88f3-28e7-40e7-89d2-347d16ab87a8@group-397BB4C11914-StateMachineUpdater: snapshotIndex: updateIncreasingly 1 -> 1
2019-10-06 01:13:39,703 [main] INFO  impl.RaftServerImpl (ServerState.java:close(387)) - 16cf88f3-28e7-40e7-89d2-347d16ab87a8@group-397BB4C11914: closes. applyIndex: 2
2019-10-06 01:13:39,704 [16cf88f3-28e7-40e7-89d2-347d16ab87a8@group-397BB4C11914-SegmentedRaftLogWorker] INFO  segmented.SegmentedRaftLogWorker (SegmentedRaftLogWorker.java:run(316)) - 16cf88f3-28e7-40e7-89d2-347d16ab87a8@group-397BB4C11914-SegmentedRaftLogWorker was interrupted, exiting. There are 0 tasks remaining in the queue.
2019-10-06 01:13:39,708 [main] INFO  segmented.SegmentedRaftLogWorker (SegmentedRaftLogWorker.java:close(224)) - 16cf88f3-28e7-40e7-89d2-347d16ab87a8@group-397BB4C11914-SegmentedRaftLogWorker close()
2019-10-06 01:13:39,715 [main] INFO  impl.RaftServerImpl (RaftServerImpl.java:lambda$shutdown$3(247)) - 16cf88f3-28e7-40e7-89d2-347d16ab87a8@group-56EAD53F5ED3: shutdown
2019-10-06 01:13:39,715 [main] INFO  util.JmxRegister (JmxRegister.java:unregister(73)) - Successfully un-registered JMX Bean with object name Ratis:service=RaftServer,group=group-56EAD53F5ED3,id=16cf88f3-28e7-40e7-89d2-347d16ab87a8
2019-10-06 01:13:39,715 [main] INFO  impl.RoleInfo (RoleInfo.java:shutdownLeaderState(104)) - 16cf88f3-28e7-40e7-89d2-347d16ab87a8: shutdown LeaderState
2019-10-06 01:13:39,716 [main] INFO  impl.PendingRequests (PendingRequests.java:sendNotLeaderResponses(202)) - 16cf88f3-28e7-40e7-89d2-347d16ab87a8@group-56EAD53F5ED3-PendingRequests: sendNotLeaderResponses
2019-10-06 01:13:39,716 [main] INFO  impl.StateMachineUpdater (StateMachineUpdater.java:stopAndJoin(136)) - 16cf88f3-28e7-40e7-89d2-347d16ab87a8@group-56EAD53F5ED3-StateMachineUpdater: set stopIndex = 0
2019-10-06 01:13:39,716 [main] INFO  impl.RaftServerImpl (ServerState.java:close(387)) - 16cf88f3-28e7-40e7-89d2-347d16ab87a8@group-56EAD53F5ED3: closes. applyIndex: 0
2019-10-06 01:13:39,717 [16cf88f3-28e7-40e7-89d2-347d16ab87a8@group-56EAD53F5ED3-SegmentedRaftLogWorker] INFO  segmented.SegmentedRaftLogWorker (SegmentedRaftLogWorker.java:run(316)) - 16cf88f3-28e7-40e7-89d2-347d16ab87a8@group-56EAD53F5ED3-SegmentedRaftLogWorker was interrupted, exiting. There are 0 tasks remaining in the queue.
2019-10-06 01:13:39,720 [main] INFO  segmented.SegmentedRaftLogWorker (SegmentedRaftLogWorker.java:close(224)) - 16cf88f3-28e7-40e7-89d2-347d16ab87a8@group-56EAD53F5ED3-SegmentedRaftLogWorker close()
2019-10-06 01:13:39,727 [main] INFO  server.GrpcService (GrpcService.java:closeImpl(164)) - 16cf88f3-28e7-40e7-89d2-347d16ab87a8: shutdown server with port 33900 now
2019-10-06 01:13:39,728 [grpc-default-executor-4] WARN  server.GrpcServerProtocolService (LogUtils.java:warn(134)) - 16cf88f3-28e7-40e7-89d2-347d16ab87a8: installSnapshot onError, lastRequest: be5dbd50-13ce-4203-a1ab-b540c84483b8->16cf88f3-28e7-40e7-89d2-347d16ab87a8#5-t1, previous=(t:1, i:2), leaderCommit=2, initializing? false, entries: <empty>: org.apache.ratis.thirdparty.io.grpc.StatusRuntimeException: CANCELLED: cancelled before receiving half close
2019-10-06 01:13:39,728 [main] INFO  server.GrpcService (GrpcService.java:closeImpl(172)) - 16cf88f3-28e7-40e7-89d2-347d16ab87a8: shutdown server with port 33900 successfully
2019-10-06 01:13:39,729 [grpc-default-executor-1] WARN  server.GrpcLogAppender (LogUtils.java:warn(134)) - be5dbd50-13ce-4203-a1ab-b540c84483b8@group-397BB4C11914->16cf88f3-28e7-40e7-89d2-347d16ab87a8-AppendLogResponseHandler: Failed appendEntries: org.apache.ratis.thirdparty.io.grpc.StatusRuntimeException: CANCELLED: HTTP/2 error code: CANCEL
Received Rst Stream
2019-10-06 01:13:39,762 [grpc-default-executor-1] INFO  impl.FollowerInfo (FollowerInfo.java:lambda$new$0(51)) - be5dbd50-13ce-4203-a1ab-b540c84483b8@group-397BB4C11914->16cf88f3-28e7-40e7-89d2-347d16ab87a8: nextIndex: updateUnconditionally 3 -> 2
2019-10-06 01:13:39,768 [refreshUsed-/workdir/hadoop-ozone/integration-test/target/test-dir/MiniOzoneClusterImpl-0eec6d6b-e739-437d-bd39-485dbec10836/datanode-1/data/containers] WARN  fs.CachingGetSpaceUsed (CachingGetSpaceUsed.java:run(183)) - Thread Interrupted waiting to refresh disk information: sleep interrupted
2019-10-06 01:13:39,780 [main] INFO  utils.BackgroundService (BackgroundService.java:shutdown(148)) - Shutting down service BlockDeletingService
2019-10-06 01:13:39,790 [main] INFO  statemachine.DatanodeStateMachine (DatanodeStateMachine.java:stopDaemon(395)) - Ozone container server stopped.
2019-10-06 01:13:39,791 [main] INFO  handler.ContextHandler (ContextHandler.java:doStop(910)) - Stopped o.e.j.w.WebAppContext@7da1e005{/,null,UNAVAILABLE}{/hddsDatanode}
2019-10-06 01:13:39,792 [main] INFO  server.AbstractConnector (AbstractConnector.java:doStop(318)) - Stopped ServerConnector@38159384{HTTP/1.1,[http/1.1]}{0.0.0.0:0}
2019-10-06 01:13:39,792 [main] INFO  handler.ContextHandler (ContextHandler.java:doStop(910)) - Stopped o.e.j.s.ServletContextHandler@53314f76{/static,jar:file:/home/user/.m2/repository/org/apache/hadoop/hadoop-hdds-container-service/0.5.0-SNAPSHOT/hadoop-hdds-container-service-0.5.0-SNAPSHOT.jar!/webapps/static,UNAVAILABLE}
2019-10-06 01:13:39,792 [main] INFO  handler.ContextHandler (ContextHandler.java:doStop(910)) - Stopped o.e.j.s.ServletContextHandler@6b0f266e{/logs,file:///workdir/hadoop-ozone/integration-test/target/log,UNAVAILABLE}
2019-10-06 01:13:39,805 [grpc-default-executor-3] WARN  server.GrpcLogAppender (LogUtils.java:warn(134)) - be5dbd50-13ce-4203-a1ab-b540c84483b8@group-397BB4C11914->16cf88f3-28e7-40e7-89d2-347d16ab87a8-AppendLogResponseHandler: Failed appendEntries: org.apache.ratis.thirdparty.io.grpc.StatusRuntimeException: UNAVAILABLE: io exception
2019-10-06 01:13:39,806 [grpc-default-executor-3] INFO  impl.FollowerInfo (FollowerInfo.java:lambda$new$0(51)) - be5dbd50-13ce-4203-a1ab-b540c84483b8@group-397BB4C11914->16cf88f3-28e7-40e7-89d2-347d16ab87a8: nextIndex: updateUnconditionally 3 -> 2
2019-10-06 01:13:39,818 [grpc-default-executor-4] WARN  server.GrpcLogAppender (LogUtils.java:warn(134)) - be5dbd50-13ce-4203-a1ab-b540c84483b8@group-397BB4C11914->16cf88f3-28e7-40e7-89d2-347d16ab87a8-AppendLogResponseHandler: Failed appendEntries: org.apache.ratis.thirdparty.io.grpc.StatusRuntimeException: UNAVAILABLE: io exception
2019-10-06 01:13:39,818 [grpc-default-executor-4] INFO  impl.FollowerInfo (FollowerInfo.java:lambda$new$0(51)) - be5dbd50-13ce-4203-a1ab-b540c84483b8@group-397BB4C11914->16cf88f3-28e7-40e7-89d2-347d16ab87a8: nextIndex: updateUnconditionally 3 -> 2
2019-10-06 01:13:39,830 [grpc-default-executor-4] WARN  server.GrpcLogAppender (LogUtils.java:warn(134)) - be5dbd50-13ce-4203-a1ab-b540c84483b8@group-397BB4C11914->16cf88f3-28e7-40e7-89d2-347d16ab87a8-AppendLogResponseHandler: Failed appendEntries: org.apache.ratis.thirdparty.io.grpc.StatusRuntimeException: UNAVAILABLE: io exception
2019-10-06 01:13:39,831 [grpc-default-executor-4] INFO  impl.FollowerInfo (FollowerInfo.java:lambda$new$0(51)) - be5dbd50-13ce-4203-a1ab-b540c84483b8@group-397BB4C11914->16cf88f3-28e7-40e7-89d2-347d16ab87a8: nextIndex: updateUnconditionally 3 -> 2
2019-10-06 01:13:39,832 [EventQueue-IncrementalContainerReportForIncrementalContainerReportHandler] WARN  container.IncrementalContainerReportHandler (AbstractContainerReportHandler.java:updateContainerState(143)) - Container #1 is in OPEN state, but the datanode be5dbd50-13ce-4203-a1ab-b540c84483b8{ip: 192.168.30.55, host: pr-hdds-2233-w5czk-1584650955, networkLocation: /default-rack, certSerialId: null} reports an CLOSING replica.
2019-10-06 01:13:39,845 [EventQueue-IncrementalContainerReportForIncrementalContainerReportHandler] WARN  container.IncrementalContainerReportHandler (AbstractContainerReportHandler.java:updateContainerState(143)) - Container #1 is in OPEN state, but the datanode 836e3f1a-ab65-4c90-b2a8-ed05020c31b4{ip: 192.168.30.55, host: pr-hdds-2233-w5czk-1584650955, networkLocation: /default-rack, certSerialId: null} reports an CLOSING replica.
2019-10-06 01:13:39,874 [RatisApplyTransactionExecutor 1] INFO  interfaces.Container (KeyValueContainer.java:flushAndSyncDB(386)) - Container 1 is synced with bcsId 0.
2019-10-06 01:13:39,917 [RatisApplyTransactionExecutor 1] INFO  interfaces.Container (KeyValueContainer.java:flushAndSyncDB(386)) - Container 1 is synced with bcsId 0.
2019-10-06 01:13:39,929 [RatisApplyTransactionExecutor 1] INFO  interfaces.Container (KeyValueContainer.java:flushAndSyncDB(386)) - Container 1 is synced with bcsId 0.
2019-10-06 01:13:39,929 [RatisApplyTransactionExecutor 1] INFO  interfaces.Container (KeyValueContainer.java:flushAndSyncDB(386)) - Container 1 is synced with bcsId 0.
2019-10-06 01:13:39,931 [RatisApplyTransactionExecutor 1] INFO  interfaces.Container (KeyValueContainer.java:close(335)) - Container 1 is closed with bcsId 0.
2019-10-06 01:13:39,932 [EventQueue-IncrementalContainerReportForIncrementalContainerReportHandler] WARN  container.IncrementalContainerReportHandler (AbstractContainerReportHandler.java:updateContainerState(143)) - Container #1 is in OPEN state, but the datanode be5dbd50-13ce-4203-a1ab-b540c84483b8{ip: 192.168.30.55, host: pr-hdds-2233-w5czk-1584650955, networkLocation: /default-rack, certSerialId: null} reports an CLOSED replica.
2019-10-06 01:13:39,939 [RatisApplyTransactionExecutor 1] INFO  interfaces.Container (KeyValueContainer.java:close(335)) - Container 1 is closed with bcsId 0.
2019-10-06 01:13:39,940 [EventQueue-IncrementalContainerReportForIncrementalContainerReportHandler] WARN  container.IncrementalContainerReportHandler (AbstractContainerReportHandler.java:updateContainerState(143)) - Container #1 is in OPEN state, but the datanode 836e3f1a-ab65-4c90-b2a8-ed05020c31b4{ip: 192.168.30.55, host: pr-hdds-2233-w5czk-1584650955, networkLocation: /default-rack, certSerialId: null} reports an CLOSED replica.
2019-10-06 01:13:40,332 [grpc-default-executor-1] WARN  server.GrpcLogAppender (LogUtils.java:warn(134)) - bf220e48-d6ce-49f3-a557-fc9d50d77ef3@group-F8ADE7488A15->a3975b4a-105c-4b9b-8142-24e206f1c3ba-AppendLogResponseHandler: Failed appendEntries: org.apache.ratis.thirdparty.io.grpc.StatusRuntimeException: UNAVAILABLE: io exception
2019-10-06 01:13:40,333 [grpc-default-executor-1] INFO  impl.FollowerInfo (FollowerInfo.java:lambda$new$0(51)) - bf220e48-d6ce-49f3-a557-fc9d50d77ef3@group-F8ADE7488A15->a3975b4a-105c-4b9b-8142-24e206f1c3ba: nextIndex: updateUnconditionally 0 -> 0
2019-10-06 01:13:40,352 [grpc-default-executor-3] WARN  server.GrpcLogAppender (LogUtils.java:warn(134)) - bf220e48-d6ce-49f3-a557-fc9d50d77ef3@group-F8ADE7488A15->6e899f9a-39c7-4d88-8fee-651142b6bdd4-AppendLogResponseHandler: Failed appendEntries: org.apache.ratis.thirdparty.io.grpc.StatusRuntimeException: UNAVAILABLE: io exception
2019-10-06 01:13:40,352 [grpc-default-executor-3] INFO  impl.FollowerInfo (FollowerInfo.java:lambda$new$0(51)) - bf220e48-d6ce-49f3-a557-fc9d50d77ef3@group-F8ADE7488A15->6e899f9a-39c7-4d88-8fee-651142b6bdd4: nextIndex: updateUnconditionally 0 -> 0
2019-10-06 01:13:40,563 [Thread-2430] INFO  client.GrpcClientProtocolService (GrpcClientProtocolService.java:lambda$processClientRequest$0(278)) - Failed RaftClientRequest:client-F0EBBCBA8D3B->bf220e48-d6ce-49f3-a557-fc9d50d77ef3@group-F8ADE7488A15, cid=68, seq=0, Watch-MAJORITY_COMMITTED(77), Message:<EMPTY>, reply=RaftClientReply:client-F0EBBCBA8D3B->bf220e48-d6ce-49f3-a557-fc9d50d77ef3@group-F8ADE7488A15, cid=68, FAILED org.apache.ratis.protocol.NotReplicatedException: Request with call Id 68 and log index 77 is not yet replicated to MAJORITY_COMMITTED, logIndex=77, commits[bf220e48-d6ce-49f3-a557-fc9d50d77ef3:c2, a3975b4a-105c-4b9b-8142-24e206f1c3ba:c2, 6e899f9a-39c7-4d88-8fee-651142b6bdd4:c2]
2019-10-06 01:13:40,563 [Thread-2431] INFO  client.GrpcClientProtocolService (GrpcClientProtocolService.java:lambda$processClientRequest$0(278)) - Failed RaftClientRequest:client-F0EBBCBA8D3B->bf220e48-d6ce-49f3-a557-fc9d50d77ef3@group-F8ADE7488A15, cid=67, seq=0, Watch-ALL_COMMITTED(77), Message:<EMPTY>, reply=RaftClientReply:client-F0EBBCBA8D3B->bf220e48-d6ce-49f3-a557-fc9d50d77ef3@group-F8ADE7488A15, cid=67, FAILED org.apache.ratis.protocol.NotReplicatedException: Request with call Id 67 and log index 77 is not yet replicated to ALL_COMMITTED, logIndex=77, commits[bf220e48-d6ce-49f3-a557-fc9d50d77ef3:c2, a3975b4a-105c-4b9b-8142-24e206f1c3ba:c2, 6e899f9a-39c7-4d88-8fee-651142b6bdd4:c2]
2019-10-06 01:13:41,404 [grpc-default-executor-9] WARN  server.GrpcLogAppender (LogUtils.java:warn(134)) - bf220e48-d6ce-49f3-a557-fc9d50d77ef3@group-F8ADE7488A15->a3975b4a-105c-4b9b-8142-24e206f1c3ba-AppendLogResponseHandler: Failed appendEntries: org.apache.ratis.thirdparty.io.grpc.StatusRuntimeException: UNAVAILABLE: io exception
2019-10-06 01:13:41,404 [grpc-default-executor-8] WARN  server.GrpcLogAppender (LogUtils.java:warn(134)) - bf220e48-d6ce-49f3-a557-fc9d50d77ef3@group-F8ADE7488A15->6e899f9a-39c7-4d88-8fee-651142b6bdd4-AppendLogResponseHandler: Failed appendEntries: org.apache.ratis.thirdparty.io.grpc.StatusRuntimeException: UNAVAILABLE: io exception
2019-10-06 01:13:41,405 [grpc-default-executor-9] INFO  impl.FollowerInfo (FollowerInfo.java:lambda$new$0(51)) - bf220e48-d6ce-49f3-a557-fc9d50d77ef3@group-F8ADE7488A15->a3975b4a-105c-4b9b-8142-24e206f1c3ba: nextIndex: updateUnconditionally 1 -> 0
2019-10-06 01:13:41,405 [grpc-default-executor-8] INFO  impl.FollowerInfo (FollowerInfo.java:lambda$new$0(51)) - bf220e48-d6ce-49f3-a557-fc9d50d77ef3@group-F8ADE7488A15->6e899f9a-39c7-4d88-8fee-651142b6bdd4: nextIndex: updateUnconditionally 1 -> 0
2019-10-06 01:13:42,332 [grpc-default-executor-9] WARN  server.GrpcLogAppender (LogUtils.java:warn(134)) - be5dbd50-13ce-4203-a1ab-b540c84483b8@group-397BB4C11914->16cf88f3-28e7-40e7-89d2-347d16ab87a8-AppendLogResponseHandler: Failed appendEntries: org.apache.ratis.thirdparty.io.grpc.StatusRuntimeException: UNAVAILABLE: io exception
2019-10-06 01:13:42,333 [grpc-default-executor-9] INFO  impl.FollowerInfo (FollowerInfo.java:lambda$new$0(51)) - be5dbd50-13ce-4203-a1ab-b540c84483b8@group-397BB4C11914->16cf88f3-28e7-40e7-89d2-347d16ab87a8: nextIndex: updateUnconditionally 2 -> 1
2019-10-06 01:13:42,941 [main] WARN  scm.XceiverClientRatis (XceiverClientRatis.java:watchForCommit(292)) - 3 way commit failed on pipeline Pipeline[ Id: 095c1703-1a0c-48ac-b605-397bb4c11914, Nodes: 16cf88f3-28e7-40e7-89d2-347d16ab87a8{ip: 192.168.30.55, host: pr-hdds-2233-w5czk-1584650955, networkLocation: /default-rack, certSerialId: null}836e3f1a-ab65-4c90-b2a8-ed05020c31b4{ip: 192.168.30.55, host: pr-hdds-2233-w5czk-1584650955, networkLocation: /default-rack, certSerialId: null}be5dbd50-13ce-4203-a1ab-b540c84483b8{ip: 192.168.30.55, host: pr-hdds-2233-w5czk-1584650955, networkLocation: /default-rack, certSerialId: null}, Type:RATIS, Factor:THREE, State:OPEN]
java.util.concurrent.TimeoutException
	at java.util.concurrent.CompletableFuture.timedGet(CompletableFuture.java:1771)
	at java.util.concurrent.CompletableFuture.get(CompletableFuture.java:1915)
	at org.apache.hadoop.hdds.scm.XceiverClientRatis.watchForCommit(XceiverClientRatis.java:289)
	at org.apache.hadoop.ozone.client.rpc.TestWatchForCommit.test2WayCommitForTimeoutException(TestWatchForCommit.java:391)
	at sun.reflect.NativeMethodAccessorImpl.invoke0(Native Method)
	at sun.reflect.NativeMethodAccessorImpl.invoke(NativeMethodAccessorImpl.java:62)
	at sun.reflect.DelegatingMethodAccessorImpl.invoke(DelegatingMethodAccessorImpl.java:43)
	at java.lang.reflect.Method.invoke(Method.java:498)
	at org.junit.runners.model.FrameworkMethod$1.runReflectiveCall(FrameworkMethod.java:47)
	at org.junit.internal.runners.model.ReflectiveCallable.run(ReflectiveCallable.java:12)
	at org.junit.runners.model.FrameworkMethod.invokeExplosively(FrameworkMethod.java:44)
	at org.junit.internal.runners.statements.InvokeMethod.evaluate(InvokeMethod.java:17)
	at org.junit.runners.ParentRunner.runLeaf(ParentRunner.java:271)
	at org.junit.runners.BlockJUnit4ClassRunner.runChild(BlockJUnit4ClassRunner.java:70)
	at org.junit.runners.BlockJUnit4ClassRunner.runChild(BlockJUnit4ClassRunner.java:50)
	at org.junit.runners.ParentRunner$3.run(ParentRunner.java:238)
	at org.junit.runners.ParentRunner$1.schedule(ParentRunner.java:63)
	at org.junit.runners.ParentRunner.runChildren(ParentRunner.java:236)
	at org.junit.runners.ParentRunner.access$000(ParentRunner.java:53)
	at org.junit.runners.ParentRunner$2.evaluate(ParentRunner.java:229)
	at org.junit.runners.ParentRunner.run(ParentRunner.java:309)
	at org.apache.maven.surefire.junit4.JUnit4Provider.execute(JUnit4Provider.java:365)
	at org.apache.maven.surefire.junit4.JUnit4Provider.executeWithRerun(JUnit4Provider.java:273)
	at org.apache.maven.surefire.junit4.JUnit4Provider.executeTestSet(JUnit4Provider.java:238)
	at org.apache.maven.surefire.junit4.JUnit4Provider.invoke(JUnit4Provider.java:159)
	at org.apache.maven.surefire.booter.ForkedBooter.invokeProviderInSameClassLoader(ForkedBooter.java:384)
	at org.apache.maven.surefire.booter.ForkedBooter.runSuitesInProcess(ForkedBooter.java:345)
	at org.apache.maven.surefire.booter.ForkedBooter.execute(ForkedBooter.java:126)
	at org.apache.maven.surefire.booter.ForkedBooter.main(ForkedBooter.java:418)
2019-10-06 01:13:43,908 [grpc-default-executor-8] WARN  server.GrpcLogAppender (LogUtils.java:warn(134)) - bf220e48-d6ce-49f3-a557-fc9d50d77ef3@group-F8ADE7488A15->a3975b4a-105c-4b9b-8142-24e206f1c3ba-AppendLogResponseHandler: Failed appendEntries: org.apache.ratis.thirdparty.io.grpc.StatusRuntimeException: UNAVAILABLE: io exception
2019-10-06 01:13:43,908 [grpc-default-executor-9] WARN  server.GrpcLogAppender (LogUtils.java:warn(134)) - bf220e48-d6ce-49f3-a557-fc9d50d77ef3@group-F8ADE7488A15->6e899f9a-39c7-4d88-8fee-651142b6bdd4-AppendLogResponseHandler: Failed appendEntries: org.apache.ratis.thirdparty.io.grpc.StatusRuntimeException: UNAVAILABLE: io exception
2019-10-06 01:13:43,909 [grpc-default-executor-8] INFO  impl.FollowerInfo (FollowerInfo.java:lambda$new$0(51)) - bf220e48-d6ce-49f3-a557-fc9d50d77ef3@group-F8ADE7488A15->a3975b4a-105c-4b9b-8142-24e206f1c3ba: nextIndex: updateUnconditionally 0 -> 0
2019-10-06 01:13:43,909 [grpc-default-executor-9] INFO  impl.FollowerInfo (FollowerInfo.java:lambda$new$0(51)) - bf220e48-d6ce-49f3-a557-fc9d50d77ef3@group-F8ADE7488A15->6e899f9a-39c7-4d88-8fee-651142b6bdd4: nextIndex: updateUnconditionally 0 -> 0
2019-10-06 01:13:44,833 [grpc-default-executor-9] WARN  server.GrpcLogAppender (LogUtils.java:warn(134)) - be5dbd50-13ce-4203-a1ab-b540c84483b8@group-397BB4C11914->16cf88f3-28e7-40e7-89d2-347d16ab87a8-AppendLogResponseHandler: Failed appendEntries: org.apache.ratis.thirdparty.io.grpc.StatusRuntimeException: UNAVAILABLE: io exception
2019-10-06 01:13:44,833 [grpc-default-executor-9] INFO  impl.FollowerInfo (FollowerInfo.java:lambda$new$0(51)) - be5dbd50-13ce-4203-a1ab-b540c84483b8@group-397BB4C11914->16cf88f3-28e7-40e7-89d2-347d16ab87a8: nextIndex: updateUnconditionally 1 -> 0
2019-10-06 01:13:45,399 [EventQueue-StaleNodeForStaleNodeHandler] INFO  node.StaleNodeHandler (StaleNodeHandler.java:onMessage(58)) - Datanode 6e899f9a-39c7-4d88-8fee-651142b6bdd4{ip: 192.168.30.55, host: pr-hdds-2233-w5czk-1584650955, networkLocation: /default-rack, certSerialId: null} moved to stale state. Finalizing its pipelines [PipelineID=0bd540ec-689d-41e8-9577-a9416e283411, PipelineID=39c24faf-7937-49d3-9817-f8ade7488a15]
2019-10-06 01:13:45,400 [EventQueue-StaleNodeForStaleNodeHandler] INFO  pipeline.SCMPipelineManager (SCMPipelineManager.java:finalizeAndDestroyPipeline(315)) - destroying pipeline:Pipeline[ Id: 0bd540ec-689d-41e8-9577-a9416e283411, Nodes: 6e899f9a-39c7-4d88-8fee-651142b6bdd4{ip: 192.168.30.55, host: pr-hdds-2233-w5czk-1584650955, networkLocation: /default-rack, certSerialId: null}, Type:RATIS, Factor:ONE, State:OPEN]
2019-10-06 01:13:45,400 [EventQueue-StaleNodeForStaleNodeHandler] INFO  pipeline.PipelineStateManager (PipelineStateManager.java:finalizePipeline(123)) - Pipeline Pipeline[ Id: 0bd540ec-689d-41e8-9577-a9416e283411, Nodes: 6e899f9a-39c7-4d88-8fee-651142b6bdd4{ip: 192.168.30.55, host: pr-hdds-2233-w5czk-1584650955, networkLocation: /default-rack, certSerialId: null}, Type:RATIS, Factor:ONE, State:CLOSED] moved to CLOSED state
2019-10-06 01:13:45,401 [EventQueue-StaleNodeForStaleNodeHandler] INFO  pipeline.SCMPipelineManager (SCMPipelineManager.java:finalizeAndDestroyPipeline(315)) - destroying pipeline:Pipeline[ Id: 39c24faf-7937-49d3-9817-f8ade7488a15, Nodes: a3975b4a-105c-4b9b-8142-24e206f1c3ba{ip: 192.168.30.55, host: pr-hdds-2233-w5czk-1584650955, networkLocation: /default-rack, certSerialId: null}6e899f9a-39c7-4d88-8fee-651142b6bdd4{ip: 192.168.30.55, host: pr-hdds-2233-w5czk-1584650955, networkLocation: /default-rack, certSerialId: null}bf220e48-d6ce-49f3-a557-fc9d50d77ef3{ip: 192.168.30.55, host: pr-hdds-2233-w5czk-1584650955, networkLocation: /default-rack, certSerialId: null}, Type:RATIS, Factor:THREE, State:CLOSED]
]]></system-out>
    <system-err><![CDATA[Oct 06, 2019 1:13:39 AM org.apache.ratis.thirdparty.io.grpc.internal.SerializingExecutor run
SEVERE: Exception while executing runnable org.apache.ratis.thirdparty.io.grpc.internal.ServerImpl$JumpToApplicationThreadServerStreamListener$1Closed@6968d5d2
org.apache.ratis.thirdparty.io.grpc.StatusRuntimeException: CANCELLED: call already cancelled
	at org.apache.ratis.thirdparty.io.grpc.Status.asRuntimeException(Status.java:517)
	at org.apache.ratis.thirdparty.io.grpc.stub.ServerCalls$ServerCallStreamObserverImpl.onCompleted(ServerCalls.java:356)
	at org.apache.ratis.grpc.server.GrpcServerProtocolService$ServerRequestStreamObserver.onError(GrpcServerProtocolService.java:121)
	at org.apache.ratis.thirdparty.io.grpc.stub.ServerCalls$StreamingServerCallHandler$StreamingServerCallListener.onCancel(ServerCalls.java:269)
	at org.apache.ratis.thirdparty.io.grpc.internal.ServerCallImpl$ServerStreamListenerImpl.closed(ServerCallImpl.java:293)
	at org.apache.ratis.thirdparty.io.grpc.internal.ServerImpl$JumpToApplicationThreadServerStreamListener$1Closed.runInContext(ServerImpl.java:741)
	at org.apache.ratis.thirdparty.io.grpc.internal.ContextRunnable.run(ContextRunnable.java:37)
	at org.apache.ratis.thirdparty.io.grpc.internal.SerializingExecutor.run(SerializingExecutor.java:123)
	at java.util.concurrent.ThreadPoolExecutor.runWorker(ThreadPoolExecutor.java:1149)
	at java.util.concurrent.ThreadPoolExecutor$Worker.run(ThreadPoolExecutor.java:624)
	at java.lang.Thread.run(Thread.java:748)

]]></system-err>
  </testcase>
</testsuite>