<?xml version="1.0" encoding="UTF-8"?>
<testsuite xmlns:xsi="http://www.w3.org/2001/XMLSchema-instance" xsi:noNamespaceSchemaLocation="https://maven.apache.org/surefire/maven-surefire-plugin/xsd/surefire-test-report.xsd" name="org.apache.hadoop.ozone.client.rpc.TestWatchForCommit" time="245.464" tests="5" errors="1" skipped="0" failures="0">
  <properties>
    <property name="awt.toolkit" value="sun.awt.X11.XToolkit"/>
    <property name="file.encoding.pkg" value="sun.io"/>
    <property name="java.specification.version" value="1.8"/>
    <property name="sun.cpu.isalist" value=""/>
    <property name="sun.jnu.encoding" value="UTF-8"/>
    <property name="java.class.path" value="/workdir/hadoop-ozone/integration-test/target/test-classes:/workdir/hadoop-ozone/integration-test/target/classes:/home/user/.m2/repository/org/apache/hadoop/hadoop-ozone-common/0.5.0-SNAPSHOT/hadoop-ozone-common-0.5.0-SNAPSHOT.jar:/home/user/.m2/repository/org/apache/commons/commons-compress/1.4.1/commons-compress-1.4.1.jar:/home/user/.m2/repository/org/tukaani/xz/1.0/xz-1.0.jar:/home/user/.m2/repository/org/apache/hadoop/hadoop-common/3.2.0/hadoop-common-3.2.0.jar:/home/user/.m2/repository/org/apache/hadoop/hadoop-hdfs/3.2.0/hadoop-hdfs-3.2.0.jar:/home/user/.m2/repository/org/apache/hadoop/hadoop-hdfs-client/3.2.0/hadoop-hdfs-client-3.2.0.jar:/home/user/.m2/repository/com/fasterxml/jackson/core/jackson-annotations/2.9.9/jackson-annotations-2.9.9.jar:/home/user/.m2/repository/org/apache/hadoop/hadoop-hdds-common/0.5.0-SNAPSHOT/hadoop-hdds-common-0.5.0-SNAPSHOT.jar:/home/user/.m2/repository/javax/annotation/javax.annotation-api/1.2/javax.annotation-api-1.2.jar:/home/user/.m2/repository/org/apache/ratis/ratis-server/0.5.0-201fc85-SNAPSHOT/ratis-server-0.5.0-201fc85-SNAPSHOT.jar:/home/user/.m2/repository/org/apache/ratis/ratis-thirdparty-misc/0.2.0/ratis-thirdparty-misc-0.2.0.jar:/home/user/.m2/repository/org/apache/ratis/ratis-proto/0.5.0-201fc85-SNAPSHOT/ratis-proto-0.5.0-201fc85-SNAPSHOT.jar:/home/user/.m2/repository/org/apache/ratis/ratis-common/0.5.0-201fc85-SNAPSHOT/ratis-common-0.5.0-201fc85-SNAPSHOT.jar:/home/user/.m2/repository/org/apache/ratis/ratis-client/0.5.0-201fc85-SNAPSHOT/ratis-client-0.5.0-201fc85-SNAPSHOT.jar:/home/user/.m2/repository/org/apache/ratis/ratis-metrics/0.5.0-201fc85-SNAPSHOT/ratis-metrics-0.5.0-201fc85-SNAPSHOT.jar:/home/user/.m2/repository/com/github/joshelser/dropwizard-metrics-hadoop-metrics2-reporter/0.1.2/dropwizard-metrics-hadoop-metrics2-reporter-0.1.2.jar:/home/user/.m2/repository/io/dropwizard/metrics/metrics-jvm/3.2.5/metrics-jvm-3.2.5.jar:/home/user/.m2/repository/io/dropwizard/metrics/metrics-ganglia/3.2.5/metrics-ganglia-3.2.5.jar:/home/user/.m2/repository/info/ganglia/gmetric4j/gmetric4j/1.0.7/gmetric4j-1.0.7.jar:/home/user/.m2/repository/org/apache/ratis/ratis-netty/0.5.0-201fc85-SNAPSHOT/ratis-netty-0.5.0-201fc85-SNAPSHOT.jar:/home/user/.m2/repository/org/apache/ratis/ratis-grpc/0.5.0-201fc85-SNAPSHOT/ratis-grpc-0.5.0-201fc85-SNAPSHOT.jar:/home/user/.m2/repository/org/rocksdb/rocksdbjni/6.0.1/rocksdbjni-6.0.1.jar:/home/user/.m2/repository/org/apache/logging/log4j/log4j-api/2.11.0/log4j-api-2.11.0.jar:/home/user/.m2/repository/org/apache/logging/log4j/log4j-core/2.11.0/log4j-core-2.11.0.jar:/home/user/.m2/repository/com/lmax/disruptor/3.4.2/disruptor-3.4.2.jar:/home/user/.m2/repository/org/apache/commons/commons-pool2/2.6.0/commons-pool2-2.6.0.jar:/home/user/.m2/repository/org/bouncycastle/bcpkix-jdk15on/1.60/bcpkix-jdk15on-1.60.jar:/home/user/.m2/repository/commons-validator/commons-validator/1.6/commons-validator-1.6.jar:/home/user/.m2/repository/commons-digester/commons-digester/1.8.1/commons-digester-1.8.1.jar:/home/user/.m2/repository/io/jaegertracing/jaeger-client/0.34.0/jaeger-client-0.34.0.jar:/home/user/.m2/repository/io/jaegertracing/jaeger-thrift/0.34.0/jaeger-thrift-0.34.0.jar:/home/user/.m2/repository/org/apache/thrift/libthrift/0.12.0/libthrift-0.12.0.jar:/home/user/.m2/repository/com/squareup/okhttp3/okhttp/3.9.0/okhttp-3.9.0.jar:/home/user/.m2/repository/com/squareup/okio/okio/1.13.0/okio-1.13.0.jar:/home/user/.m2/repository/io/jaegertracing/jaeger-core/0.34.0/jaeger-core-0.34.0.jar:/home/user/.m2/repository/io/jaegertracing/jaeger-tracerresolver/0.34.0/jaeger-tracerresolver-0.34.0.jar:/home/user/.m2/repository/io/opentracing/contrib/opentracing-tracerresolver/0.1.5/opentracing-tracerresolver-0.1.5.jar:/home/user/.m2/repository/io/opentracing/opentracing-util/0.31.0/opentracing-util-0.31.0.jar:/home/user/.m2/repository/io/opentracing/opentracing-api/0.31.0/opentracing-api-0.31.0.jar:/home/user/.m2/repository/io/opentracing/opentracing-noop/0.31.0/opentracing-noop-0.31.0.jar:/home/user/.m2/repository/org/apache/hadoop/hadoop-hdds-server-framework/0.5.0-SNAPSHOT/hadoop-hdds-server-framework-0.5.0-SNAPSHOT.jar:/home/user/.m2/repository/org/apache/hadoop/hadoop-hdds-container-service/0.5.0-SNAPSHOT/hadoop-hdds-container-service-0.5.0-SNAPSHOT.jar:/home/user/.m2/repository/org/apache/hadoop/hadoop-hdds-client/0.5.0-SNAPSHOT/hadoop-hdds-client-0.5.0-SNAPSHOT.jar:/home/user/.m2/repository/org/apache/hadoop/hadoop-hdds-tools/0.5.0-SNAPSHOT/hadoop-hdds-tools-0.5.0-SNAPSHOT.jar:/home/user/.m2/repository/org/apache/hadoop/hadoop-hdds-server-scm/0.5.0-SNAPSHOT/hadoop-hdds-server-scm-0.5.0-SNAPSHOT.jar:/home/user/.m2/repository/org/apache/hadoop/hadoop-hdds-docs/0.5.0-SNAPSHOT/hadoop-hdds-docs-0.5.0-SNAPSHOT.jar:/home/user/.m2/repository/io/dropwizard/metrics/metrics-core/3.2.4/metrics-core-3.2.4.jar:/home/user/.m2/repository/org/hamcrest/hamcrest-all/1.3/hamcrest-all-1.3.jar:/home/user/.m2/repository/org/bouncycastle/bcprov-jdk15on/1.60/bcprov-jdk15on-1.60.jar:/home/user/.m2/repository/info/picocli/picocli/3.9.6/picocli-3.9.6.jar:/home/user/.m2/repository/com/google/protobuf/protobuf-java/2.5.0/protobuf-java-2.5.0.jar:/home/user/.m2/repository/com/google/guava/guava/11.0.2/guava-11.0.2.jar:/home/user/.m2/repository/org/apache/hadoop/hadoop-ozone-ozone-manager/0.5.0-SNAPSHOT/hadoop-ozone-ozone-manager-0.5.0-SNAPSHOT.jar:/home/user/.m2/repository/org/apache/hadoop/hadoop-minikdc/3.2.0/hadoop-minikdc-3.2.0.jar:/home/user/.m2/repository/commons-io/commons-io/2.5/commons-io-2.5.jar:/home/user/.m2/repository/org/apache/kerby/kerb-simplekdc/1.0.1/kerb-simplekdc-1.0.1.jar:/home/user/.m2/repository/org/apache/kerby/kerb-client/1.0.1/kerb-client-1.0.1.jar:/home/user/.m2/repository/org/apache/kerby/kerby-config/1.0.1/kerby-config-1.0.1.jar:/home/user/.m2/repository/org/apache/kerby/kerb-core/1.0.1/kerb-core-1.0.1.jar:/home/user/.m2/repository/org/apache/kerby/kerby-pkix/1.0.1/kerby-pkix-1.0.1.jar:/home/user/.m2/repository/org/apache/kerby/kerby-asn1/1.0.1/kerby-asn1-1.0.1.jar:/home/user/.m2/repository/org/apache/kerby/kerby-util/1.0.1/kerby-util-1.0.1.jar:/home/user/.m2/repository/org/apache/kerby/kerb-common/1.0.1/kerb-common-1.0.1.jar:/home/user/.m2/repository/org/apache/kerby/kerb-crypto/1.0.1/kerb-crypto-1.0.1.jar:/home/user/.m2/repository/org/apache/kerby/kerb-util/1.0.1/kerb-util-1.0.1.jar:/home/user/.m2/repository/org/apache/kerby/token-provider/1.0.1/token-provider-1.0.1.jar:/home/user/.m2/repository/org/apache/kerby/kerb-admin/1.0.1/kerb-admin-1.0.1.jar:/home/user/.m2/repository/org/apache/kerby/kerb-server/1.0.1/kerb-server-1.0.1.jar:/home/user/.m2/repository/org/apache/kerby/kerb-identity/1.0.1/kerb-identity-1.0.1.jar:/home/user/.m2/repository/org/apache/kerby/kerby-xdr/1.0.1/kerby-xdr-1.0.1.jar:/home/user/.m2/repository/org/slf4j/slf4j-log4j12/1.7.25/slf4j-log4j12-1.7.25.jar:/home/user/.m2/repository/org/apache/hadoop/hadoop-ozone-s3gateway/0.5.0-SNAPSHOT/hadoop-ozone-s3gateway-0.5.0-SNAPSHOT.jar:/home/user/.m2/repository/org/jboss/weld/servlet/weld-servlet/2.4.7.Final/weld-servlet-2.4.7.Final.jar:/home/user/.m2/repository/org/glassfish/jersey/containers/jersey-container-servlet-core/2.27/jersey-container-servlet-core-2.27.jar:/home/user/.m2/repository/org/glassfish/hk2/external/javax.inject/2.5.0-b42/javax.inject-2.5.0-b42.jar:/home/user/.m2/repository/org/glassfish/jersey/core/jersey-common/2.27/jersey-common-2.27.jar:/home/user/.m2/repository/org/glassfish/hk2/osgi-resource-locator/1.0.1/osgi-resource-locator-1.0.1.jar:/home/user/.m2/repository/javax/ws/rs/javax.ws.rs-api/2.1/javax.ws.rs-api-2.1.jar:/home/user/.m2/repository/org/glassfish/jersey/ext/cdi/jersey-cdi1x/2.27/jersey-cdi1x-2.27.jar:/home/user/.m2/repository/org/glassfish/jersey/inject/jersey-hk2/2.27/jersey-hk2-2.27.jar:/home/user/.m2/repository/org/glassfish/hk2/hk2-locator/2.5.0-b42/hk2-locator-2.5.0-b42.jar:/home/user/.m2/repository/org/javassist/javassist/3.22.0-CR2/javassist-3.22.0-CR2.jar:/home/user/.m2/repository/org/glassfish/hk2/hk2-api/2.5.0/hk2-api-2.5.0.jar:/home/user/.m2/repository/org/glassfish/hk2/external/jakarta.inject/2.5.0/jakarta.inject-2.5.0.jar:/home/user/.m2/repository/org/glassfish/hk2/hk2-utils/2.5.0/hk2-utils-2.5.0.jar:/home/user/.m2/repository/jakarta/annotation/jakarta.annotation-api/1.3.4/jakarta.annotation-api-1.3.4.jar:/home/user/.m2/repository/org/glassfish/hk2/external/aopalliance-repackaged/2.5.0/aopalliance-repackaged-2.5.0.jar:/home/user/.m2/repository/com/fasterxml/jackson/dataformat/jackson-dataformat-xml/2.9.0/jackson-dataformat-xml-2.9.0.jar:/home/user/.m2/repository/com/fasterxml/jackson/core/jackson-core/2.9.9/jackson-core-2.9.9.jar:/home/user/.m2/repository/com/fasterxml/jackson/module/jackson-module-jaxb-annotations/2.9.9/jackson-module-jaxb-annotations-2.9.9.jar:/home/user/.m2/repository/javax/enterprise/cdi-api/1.2/cdi-api-1.2.jar:/home/user/.m2/repository/javax/el/javax.el-api/3.0.0/javax.el-api-3.0.0.jar:/home/user/.m2/repository/javax/interceptor/javax.interceptor-api/1.2/javax.interceptor-api-1.2.jar:/home/user/.m2/repository/javax/inject/javax.inject/1/javax.inject-1.jar:/home/user/.m2/repository/com/sun/xml/bind/jaxb-impl/2.3.0.1/jaxb-impl-2.3.0.1.jar:/home/user/.m2/repository/com/sun/xml/bind/jaxb-core/2.3.0.1/jaxb-core-2.3.0.1.jar:/home/user/.m2/repository/javax/xml/bind/jaxb-api/2.3.0/jaxb-api-2.3.0.jar:/home/user/.m2/repository/javax/activation/activation/1.1.1/activation-1.1.1.jar:/home/user/.m2/repository/org/apache/hadoop/hadoop-ozone-csi/0.5.0-SNAPSHOT/hadoop-ozone-csi-0.5.0-SNAPSHOT.jar:/home/user/.m2/repository/com/google/protobuf/protobuf-java-util/3.5.1/protobuf-java-util-3.5.1.jar:/home/user/.m2/repository/org/apache/hadoop/hadoop-hdds-config/0.5.0-SNAPSHOT/hadoop-hdds-config-0.5.0-SNAPSHOT.jar:/home/user/.m2/repository/io/grpc/grpc-netty/1.17.1/grpc-netty-1.17.1.jar:/home/user/.m2/repository/io/grpc/grpc-core/1.17.1/grpc-core-1.17.1.jar:/home/user/.m2/repository/io/grpc/grpc-context/1.17.1/grpc-context-1.17.1.jar:/home/user/.m2/repository/com/google/errorprone/error_prone_annotations/2.2.0/error_prone_annotations-2.2.0.jar:/home/user/.m2/repository/org/codehaus/mojo/animal-sniffer-annotations/1.17/animal-sniffer-annotations-1.17.jar:/home/user/.m2/repository/io/opencensus/opencensus-api/0.17.0/opencensus-api-0.17.0.jar:/home/user/.m2/repository/io/opencensus/opencensus-contrib-grpc-metrics/0.17.0/opencensus-contrib-grpc-metrics-0.17.0.jar:/home/user/.m2/repository/io/netty/netty-codec-http2/4.1.30.Final/netty-codec-http2-4.1.30.Final.jar:/home/user/.m2/repository/io/netty/netty-codec-http/4.1.30.Final/netty-codec-http-4.1.30.Final.jar:/home/user/.m2/repository/io/netty/netty-codec/4.1.30.Final/netty-codec-4.1.30.Final.jar:/home/user/.m2/repository/io/netty/netty-handler/4.1.30.Final/netty-handler-4.1.30.Final.jar:/home/user/.m2/repository/io/netty/netty-handler-proxy/4.1.30.Final/netty-handler-proxy-4.1.30.Final.jar:/home/user/.m2/repository/io/netty/netty-codec-socks/4.1.30.Final/netty-codec-socks-4.1.30.Final.jar:/home/user/.m2/repository/io/netty/netty-transport-native-epoll/4.1.30.Final/netty-transport-native-epoll-4.1.30.Final.jar:/home/user/.m2/repository/io/netty/netty-common/4.1.30.Final/netty-common-4.1.30.Final.jar:/home/user/.m2/repository/io/netty/netty-buffer/4.1.30.Final/netty-buffer-4.1.30.Final.jar:/home/user/.m2/repository/io/netty/netty-transport/4.1.30.Final/netty-transport-4.1.30.Final.jar:/home/user/.m2/repository/io/netty/netty-resolver/4.1.30.Final/netty-resolver-4.1.30.Final.jar:/home/user/.m2/repository/io/netty/netty-transport-native-unix-common/4.1.30.Final/netty-transport-native-unix-common-4.1.30.Final.jar:/home/user/.m2/repository/io/grpc/grpc-protobuf/1.17.1/grpc-protobuf-1.17.1.jar:/home/user/.m2/repository/com/google/api/grpc/proto-google-common-protos/1.0.0/proto-google-common-protos-1.0.0.jar:/home/user/.m2/repository/io/grpc/grpc-protobuf-lite/1.17.1/grpc-protobuf-lite-1.17.1.jar:/home/user/.m2/repository/io/grpc/grpc-stub/1.17.1/grpc-stub-1.17.1.jar:/home/user/.m2/repository/org/apache/hadoop/hadoop-ozone-recon/0.5.0-SNAPSHOT/hadoop-ozone-recon-0.5.0-SNAPSHOT.jar:/home/user/.m2/repository/org/apache/hadoop/hadoop-ozone-reconcodegen/0.5.0-SNAPSHOT/hadoop-ozone-reconcodegen-0.5.0-SNAPSHOT.jar:/home/user/.m2/repository/com/google/inject/extensions/guice-multibindings/4.0/guice-multibindings-4.0.jar:/home/user/.m2/repository/com/google/inject/guice/4.0/guice-4.0.jar:/home/user/.m2/repository/aopalliance/aopalliance/1.0/aopalliance-1.0.jar:/home/user/.m2/repository/com/google/inject/extensions/guice-servlet/4.0/guice-servlet-4.0.jar:/home/user/.m2/repository/org/glassfish/jersey/containers/jersey-container-servlet/2.27/jersey-container-servlet-2.27.jar:/home/user/.m2/repository/org/glassfish/hk2/guice-bridge/2.5.0/guice-bridge-2.5.0.jar:/home/user/.m2/repository/org/glassfish/jersey/core/jersey-server/2.27/jersey-server-2.27.jar:/home/user/.m2/repository/org/glassfish/jersey/core/jersey-client/2.27/jersey-client-2.27.jar:/home/user/.m2/repository/org/glassfish/jersey/media/jersey-media-jaxb/2.27/jersey-media-jaxb-2.27.jar:/home/user/.m2/repository/javax/validation/validation-api/1.1.0.Final/validation-api-1.1.0.Final.jar:/home/user/.m2/repository/org/glassfish/jersey/media/jersey-media-json-jackson/2.27/jersey-media-json-jackson-2.27.jar:/home/user/.m2/repository/org/glassfish/jersey/ext/jersey-entity-filtering/2.27/jersey-entity-filtering-2.27.jar:/home/user/.m2/repository/com/google/inject/extensions/guice-assistedinject/4.0/guice-assistedinject-4.0.jar:/home/user/.m2/repository/org/jooq/jooq/3.11.10/jooq-3.11.10.jar:/home/user/.m2/repository/org/jooq/jooq-meta/3.11.10/jooq-meta-3.11.10.jar:/home/user/.m2/repository/org/jooq/jooq-codegen/3.11.10/jooq-codegen-3.11.10.jar:/home/user/.m2/repository/com/jolbox/bonecp/0.8.0.RELEASE/bonecp-0.8.0.RELEASE.jar:/home/user/.m2/repository/org/xerial/sqlite-jdbc/3.25.2/sqlite-jdbc-3.25.2.jar:/home/user/.m2/repository/org/springframework/spring-jdbc/5.1.3.RELEASE/spring-jdbc-5.1.3.RELEASE.jar:/home/user/.m2/repository/org/springframework/spring-beans/5.1.3.RELEASE/spring-beans-5.1.3.RELEASE.jar:/home/user/.m2/repository/org/springframework/spring-core/5.1.3.RELEASE/spring-core-5.1.3.RELEASE.jar:/home/user/.m2/repository/org/springframework/spring-jcl/5.1.3.RELEASE/spring-jcl-5.1.3.RELEASE.jar:/home/user/.m2/repository/org/springframework/spring-tx/5.1.3.RELEASE/spring-tx-5.1.3.RELEASE.jar:/home/user/.m2/repository/org/apache/hadoop/hadoop-ozone-client/0.5.0-SNAPSHOT/hadoop-ozone-client-0.5.0-SNAPSHOT.jar:/home/user/.m2/repository/commons-lang/commons-lang/2.6/commons-lang-2.6.jar:/home/user/.m2/repository/org/apache/hadoop/hadoop-ozone-ozone-manager/0.5.0-SNAPSHOT/hadoop-ozone-ozone-manager-0.5.0-SNAPSHOT-tests.jar:/home/user/.m2/repository/junit/junit/4.11/junit-4.11.jar:/home/user/.m2/repository/org/hamcrest/hamcrest-core/1.3/hamcrest-core-1.3.jar:/home/user/.m2/repository/org/openjdk/jmh/jmh-core/1.19/jmh-core-1.19.jar:/home/user/.m2/repository/net/sf/jopt-simple/jopt-simple/4.6/jopt-simple-4.6.jar:/home/user/.m2/repository/org/apache/commons/commons-math3/3.1.1/commons-math3-3.1.1.jar:/home/user/.m2/repository/org/openjdk/jmh/jmh-generator-annprocess/1.19/jmh-generator-annprocess-1.19.jar:/home/user/.m2/repository/org/mockito/mockito-all/1.8.5/mockito-all-1.8.5.jar:/home/user/.m2/repository/org/apache/hadoop/hadoop-kms/3.2.0/hadoop-kms-3.2.0.jar:/home/user/.m2/repository/org/apache/hadoop/hadoop-auth/3.2.0/hadoop-auth-3.2.0.jar:/home/user/.m2/repository/com/nimbusds/nimbus-jose-jwt/4.41.1/nimbus-jose-jwt-4.41.1.jar:/home/user/.m2/repository/com/github/stephenc/jcip/jcip-annotations/1.0-1/jcip-annotations-1.0-1.jar:/home/user/.m2/repository/net/minidev/json-smart/2.3/json-smart-2.3.jar:/home/user/.m2/repository/net/minidev/accessors-smart/1.2/accessors-smart-1.2.jar:/home/user/.m2/repository/org/ow2/asm/asm/5.0.4/asm-5.0.4.jar:/home/user/.m2/repository/org/apache/curator/curator-framework/2.12.0/curator-framework-2.12.0.jar:/home/user/.m2/repository/com/sun/jersey/jersey-core/1.19/jersey-core-1.19.jar:/home/user/.m2/repository/javax/ws/rs/jsr311-api/1.1.1/jsr311-api-1.1.1.jar:/home/user/.m2/repository/com/sun/jersey/jersey-server/1.19/jersey-server-1.19.jar:/home/user/.m2/repository/javax/servlet/javax.servlet-api/3.1.0/javax.servlet-api-3.1.0.jar:/home/user/.m2/repository/org/eclipse/jetty/jetty-server/9.3.25.v20180904/jetty-server-9.3.25.v20180904.jar:/home/user/.m2/repository/org/eclipse/jetty/jetty-http/9.3.25.v20180904/jetty-http-9.3.25.v20180904.jar:/home/user/.m2/repository/org/eclipse/jetty/jetty-io/9.3.25.v20180904/jetty-io-9.3.25.v20180904.jar:/home/user/.m2/repository/org/eclipse/jetty/jetty-webapp/9.3.25.v20180904/jetty-webapp-9.3.25.v20180904.jar:/home/user/.m2/repository/org/eclipse/jetty/jetty-xml/9.3.25.v20180904/jetty-xml-9.3.25.v20180904.jar:/home/user/.m2/repository/log4j/log4j/1.2.17/log4j-1.2.17.jar:/home/user/.m2/repository/org/slf4j/slf4j-api/1.7.25/slf4j-api-1.7.25.jar:/home/user/.m2/repository/org/slf4j/jul-to-slf4j/1.7.25/jul-to-slf4j-1.7.25.jar:/home/user/.m2/repository/org/eclipse/jetty/jetty-util/9.3.25.v20180904/jetty-util-9.3.25.v20180904.jar:/home/user/.m2/repository/com/fasterxml/jackson/core/jackson-databind/2.9.9/jackson-databind-2.9.9.jar:/home/user/.m2/repository/org/apache/hadoop/hadoop-kms/3.2.0/hadoop-kms-3.2.0-tests.jar:/home/user/.m2/repository/org/apache/hadoop/hadoop-hdds-server-scm/0.5.0-SNAPSHOT/hadoop-hdds-server-scm-0.5.0-SNAPSHOT-tests.jar:/home/user/.m2/repository/org/apache/hadoop/hadoop-hdds-container-service/0.5.0-SNAPSHOT/hadoop-hdds-container-service-0.5.0-SNAPSHOT-tests.jar:/home/user/.m2/repository/org/yaml/snakeyaml/1.16/snakeyaml-1.16.jar:/home/user/.m2/repository/org/apache/hadoop/hadoop-common/3.2.0/hadoop-common-3.2.0-tests.jar:/home/user/.m2/repository/org/apache/hadoop/hadoop-annotations/3.2.0/hadoop-annotations-3.2.0.jar:/usr/lib/jvm/java-1.8-openjdk/jre/../lib/tools.jar:/home/user/.m2/repository/commons-cli/commons-cli/1.2/commons-cli-1.2.jar:/home/user/.m2/repository/org/apache/httpcomponents/httpclient/4.5.2/httpclient-4.5.2.jar:/home/user/.m2/repository/org/apache/httpcomponents/httpcore/4.4.4/httpcore-4.4.4.jar:/home/user/.m2/repository/commons-codec/commons-codec/1.11/commons-codec-1.11.jar:/home/user/.m2/repository/commons-net/commons-net/3.6/commons-net-3.6.jar:/home/user/.m2/repository/commons-collections/commons-collections/3.2.2/commons-collections-3.2.2.jar:/home/user/.m2/repository/org/eclipse/jetty/jetty-servlet/9.3.25.v20180904/jetty-servlet-9.3.25.v20180904.jar:/home/user/.m2/repository/org/eclipse/jetty/jetty-security/9.3.25.v20180904/jetty-security-9.3.25.v20180904.jar:/home/user/.m2/repository/javax/servlet/jsp/jsp-api/2.1/jsp-api-2.1.jar:/home/user/.m2/repository/com/sun/jersey/jersey-servlet/1.19/jersey-servlet-1.19.jar:/home/user/.m2/repository/com/sun/jersey/jersey-json/1.19/jersey-json-1.19.jar:/home/user/.m2/repository/org/codehaus/jettison/jettison/1.1/jettison-1.1.jar:/home/user/.m2/repository/org/codehaus/jackson/jackson-core-asl/1.9.13/jackson-core-asl-1.9.13.jar:/home/user/.m2/repository/org/codehaus/jackson/jackson-mapper-asl/1.9.13/jackson-mapper-asl-1.9.13.jar:/home/user/.m2/repository/org/codehaus/jackson/jackson-jaxrs/1.9.13/jackson-jaxrs-1.9.13.jar:/home/user/.m2/repository/org/codehaus/jackson/jackson-xc/1.9.13/jackson-xc-1.9.13.jar:/home/user/.m2/repository/commons-logging/commons-logging/1.1.3/commons-logging-1.1.3.jar:/home/user/.m2/repository/commons-beanutils/commons-beanutils/1.9.4/commons-beanutils-1.9.4.jar:/home/user/.m2/repository/org/apache/commons/commons-configuration2/2.1.1/commons-configuration2-2.1.1.jar:/home/user/.m2/repository/org/apache/commons/commons-lang3/3.7/commons-lang3-3.7.jar:/home/user/.m2/repository/org/apache/commons/commons-text/1.4/commons-text-1.4.jar:/home/user/.m2/repository/org/apache/avro/avro/1.7.7/avro-1.7.7.jar:/home/user/.m2/repository/com/thoughtworks/paranamer/paranamer/2.3/paranamer-2.3.jar:/home/user/.m2/repository/org/xerial/snappy/snappy-java/1.0.5/snappy-java-1.0.5.jar:/home/user/.m2/repository/com/google/re2j/re2j/1.1/re2j-1.1.jar:/home/user/.m2/repository/com/google/code/gson/gson/2.2.4/gson-2.2.4.jar:/home/user/.m2/repository/com/jcraft/jsch/0.1.54/jsch-0.1.54.jar:/home/user/.m2/repository/org/apache/curator/curator-client/2.12.0/curator-client-2.12.0.jar:/home/user/.m2/repository/org/apache/curator/curator-recipes/2.12.0/curator-recipes-2.12.0.jar:/home/user/.m2/repository/com/google/code/findbugs/jsr305/3.0.0/jsr305-3.0.0.jar:/home/user/.m2/repository/org/apache/htrace/htrace-core4/4.1.0-incubating/htrace-core4-4.1.0-incubating.jar:/home/user/.m2/repository/org/apache/zookeeper/zookeeper/3.4.13/zookeeper-3.4.13.jar:/home/user/.m2/repository/jline/jline/0.9.94/jline-0.9.94.jar:/home/user/.m2/repository/org/apache/yetus/audience-annotations/0.5.0/audience-annotations-0.5.0.jar:/home/user/.m2/repository/org/codehaus/woodstox/stax2-api/3.1.4/stax2-api-3.1.4.jar:/home/user/.m2/repository/com/fasterxml/woodstox/woodstox-core/5.0.3/woodstox-core-5.0.3.jar:/home/user/.m2/repository/dnsjava/dnsjava/2.1.7/dnsjava-2.1.7.jar:/home/user/.m2/repository/org/apache/hadoop/hadoop-hdfs/3.2.0/hadoop-hdfs-3.2.0-tests.jar:/home/user/.m2/repository/org/eclipse/jetty/jetty-util-ajax/9.3.25.v20180904/jetty-util-ajax-9.3.25.v20180904.jar:/home/user/.m2/repository/commons-daemon/commons-daemon/1.0.13/commons-daemon-1.0.13.jar:/home/user/.m2/repository/io/netty/netty/3.10.5.Final/netty-3.10.5.Final.jar:/home/user/.m2/repository/io/netty/netty-all/4.0.52.Final/netty-all-4.0.52.Final.jar:/home/user/.m2/repository/org/fusesource/leveldbjni/leveldbjni-all/1.8/leveldbjni-all-1.8.jar:"/>
    <property name="java.vm.vendor" value="IcedTea"/>
    <property name="sun.arch.data.model" value="64"/>
    <property name="test.build.dir" value="/workdir/hadoop-ozone/integration-test/target/test-dir"/>
    <property name="test.cache.data" value=""/>
    <property name="java.vendor.url" value="https://icedtea.classpath.org"/>
    <property name="user.timezone" value=""/>
    <property name="java.vm.specification.version" value="1.8"/>
    <property name="os.name" value="Linux"/>
    <property name="test.build.data" value="/workdir/hadoop-ozone/integration-test/target/test-dir"/>
    <property name="user.country" value="US"/>
    <property name="sun.java.launcher" value="SUN_STANDARD"/>
    <property name="sun.boot.library.path" value="/usr/lib/jvm/java-1.8-openjdk/jre/lib/amd64"/>
    <property name="sun.java.command" value="/workdir/hadoop-ozone/integration-test/target/surefire/surefirebooter9118973176874088211.jar /workdir/hadoop-ozone/integration-test/target/surefire 2019-10-10T06-01-15_005-jvmRun1 surefire5810149502804336188tmp surefire_627708129250214564966tmp"/>
    <property name="test" value="!TestMiniChaosOzoneCluster"/>
    <property name="surefire.test.class.path" value="/workdir/hadoop-ozone/integration-test/target/test-classes:/workdir/hadoop-ozone/integration-test/target/classes:/home/user/.m2/repository/org/apache/hadoop/hadoop-ozone-common/0.5.0-SNAPSHOT/hadoop-ozone-common-0.5.0-SNAPSHOT.jar:/home/user/.m2/repository/org/apache/commons/commons-compress/1.4.1/commons-compress-1.4.1.jar:/home/user/.m2/repository/org/tukaani/xz/1.0/xz-1.0.jar:/home/user/.m2/repository/org/apache/hadoop/hadoop-common/3.2.0/hadoop-common-3.2.0.jar:/home/user/.m2/repository/org/apache/hadoop/hadoop-hdfs/3.2.0/hadoop-hdfs-3.2.0.jar:/home/user/.m2/repository/org/apache/hadoop/hadoop-hdfs-client/3.2.0/hadoop-hdfs-client-3.2.0.jar:/home/user/.m2/repository/com/fasterxml/jackson/core/jackson-annotations/2.9.9/jackson-annotations-2.9.9.jar:/home/user/.m2/repository/org/apache/hadoop/hadoop-hdds-common/0.5.0-SNAPSHOT/hadoop-hdds-common-0.5.0-SNAPSHOT.jar:/home/user/.m2/repository/javax/annotation/javax.annotation-api/1.2/javax.annotation-api-1.2.jar:/home/user/.m2/repository/org/apache/ratis/ratis-server/0.5.0-201fc85-SNAPSHOT/ratis-server-0.5.0-201fc85-SNAPSHOT.jar:/home/user/.m2/repository/org/apache/ratis/ratis-thirdparty-misc/0.2.0/ratis-thirdparty-misc-0.2.0.jar:/home/user/.m2/repository/org/apache/ratis/ratis-proto/0.5.0-201fc85-SNAPSHOT/ratis-proto-0.5.0-201fc85-SNAPSHOT.jar:/home/user/.m2/repository/org/apache/ratis/ratis-common/0.5.0-201fc85-SNAPSHOT/ratis-common-0.5.0-201fc85-SNAPSHOT.jar:/home/user/.m2/repository/org/apache/ratis/ratis-client/0.5.0-201fc85-SNAPSHOT/ratis-client-0.5.0-201fc85-SNAPSHOT.jar:/home/user/.m2/repository/org/apache/ratis/ratis-metrics/0.5.0-201fc85-SNAPSHOT/ratis-metrics-0.5.0-201fc85-SNAPSHOT.jar:/home/user/.m2/repository/com/github/joshelser/dropwizard-metrics-hadoop-metrics2-reporter/0.1.2/dropwizard-metrics-hadoop-metrics2-reporter-0.1.2.jar:/home/user/.m2/repository/io/dropwizard/metrics/metrics-jvm/3.2.5/metrics-jvm-3.2.5.jar:/home/user/.m2/repository/io/dropwizard/metrics/metrics-ganglia/3.2.5/metrics-ganglia-3.2.5.jar:/home/user/.m2/repository/info/ganglia/gmetric4j/gmetric4j/1.0.7/gmetric4j-1.0.7.jar:/home/user/.m2/repository/org/apache/ratis/ratis-netty/0.5.0-201fc85-SNAPSHOT/ratis-netty-0.5.0-201fc85-SNAPSHOT.jar:/home/user/.m2/repository/org/apache/ratis/ratis-grpc/0.5.0-201fc85-SNAPSHOT/ratis-grpc-0.5.0-201fc85-SNAPSHOT.jar:/home/user/.m2/repository/org/rocksdb/rocksdbjni/6.0.1/rocksdbjni-6.0.1.jar:/home/user/.m2/repository/org/apache/logging/log4j/log4j-api/2.11.0/log4j-api-2.11.0.jar:/home/user/.m2/repository/org/apache/logging/log4j/log4j-core/2.11.0/log4j-core-2.11.0.jar:/home/user/.m2/repository/com/lmax/disruptor/3.4.2/disruptor-3.4.2.jar:/home/user/.m2/repository/org/apache/commons/commons-pool2/2.6.0/commons-pool2-2.6.0.jar:/home/user/.m2/repository/org/bouncycastle/bcpkix-jdk15on/1.60/bcpkix-jdk15on-1.60.jar:/home/user/.m2/repository/commons-validator/commons-validator/1.6/commons-validator-1.6.jar:/home/user/.m2/repository/commons-digester/commons-digester/1.8.1/commons-digester-1.8.1.jar:/home/user/.m2/repository/io/jaegertracing/jaeger-client/0.34.0/jaeger-client-0.34.0.jar:/home/user/.m2/repository/io/jaegertracing/jaeger-thrift/0.34.0/jaeger-thrift-0.34.0.jar:/home/user/.m2/repository/org/apache/thrift/libthrift/0.12.0/libthrift-0.12.0.jar:/home/user/.m2/repository/com/squareup/okhttp3/okhttp/3.9.0/okhttp-3.9.0.jar:/home/user/.m2/repository/com/squareup/okio/okio/1.13.0/okio-1.13.0.jar:/home/user/.m2/repository/io/jaegertracing/jaeger-core/0.34.0/jaeger-core-0.34.0.jar:/home/user/.m2/repository/io/jaegertracing/jaeger-tracerresolver/0.34.0/jaeger-tracerresolver-0.34.0.jar:/home/user/.m2/repository/io/opentracing/contrib/opentracing-tracerresolver/0.1.5/opentracing-tracerresolver-0.1.5.jar:/home/user/.m2/repository/io/opentracing/opentracing-util/0.31.0/opentracing-util-0.31.0.jar:/home/user/.m2/repository/io/opentracing/opentracing-api/0.31.0/opentracing-api-0.31.0.jar:/home/user/.m2/repository/io/opentracing/opentracing-noop/0.31.0/opentracing-noop-0.31.0.jar:/home/user/.m2/repository/org/apache/hadoop/hadoop-hdds-server-framework/0.5.0-SNAPSHOT/hadoop-hdds-server-framework-0.5.0-SNAPSHOT.jar:/home/user/.m2/repository/org/apache/hadoop/hadoop-hdds-container-service/0.5.0-SNAPSHOT/hadoop-hdds-container-service-0.5.0-SNAPSHOT.jar:/home/user/.m2/repository/org/apache/hadoop/hadoop-hdds-client/0.5.0-SNAPSHOT/hadoop-hdds-client-0.5.0-SNAPSHOT.jar:/home/user/.m2/repository/org/apache/hadoop/hadoop-hdds-tools/0.5.0-SNAPSHOT/hadoop-hdds-tools-0.5.0-SNAPSHOT.jar:/home/user/.m2/repository/org/apache/hadoop/hadoop-hdds-server-scm/0.5.0-SNAPSHOT/hadoop-hdds-server-scm-0.5.0-SNAPSHOT.jar:/home/user/.m2/repository/org/apache/hadoop/hadoop-hdds-docs/0.5.0-SNAPSHOT/hadoop-hdds-docs-0.5.0-SNAPSHOT.jar:/home/user/.m2/repository/io/dropwizard/metrics/metrics-core/3.2.4/metrics-core-3.2.4.jar:/home/user/.m2/repository/org/hamcrest/hamcrest-all/1.3/hamcrest-all-1.3.jar:/home/user/.m2/repository/org/bouncycastle/bcprov-jdk15on/1.60/bcprov-jdk15on-1.60.jar:/home/user/.m2/repository/info/picocli/picocli/3.9.6/picocli-3.9.6.jar:/home/user/.m2/repository/com/google/protobuf/protobuf-java/2.5.0/protobuf-java-2.5.0.jar:/home/user/.m2/repository/com/google/guava/guava/11.0.2/guava-11.0.2.jar:/home/user/.m2/repository/org/apache/hadoop/hadoop-ozone-ozone-manager/0.5.0-SNAPSHOT/hadoop-ozone-ozone-manager-0.5.0-SNAPSHOT.jar:/home/user/.m2/repository/org/apache/hadoop/hadoop-minikdc/3.2.0/hadoop-minikdc-3.2.0.jar:/home/user/.m2/repository/commons-io/commons-io/2.5/commons-io-2.5.jar:/home/user/.m2/repository/org/apache/kerby/kerb-simplekdc/1.0.1/kerb-simplekdc-1.0.1.jar:/home/user/.m2/repository/org/apache/kerby/kerb-client/1.0.1/kerb-client-1.0.1.jar:/home/user/.m2/repository/org/apache/kerby/kerby-config/1.0.1/kerby-config-1.0.1.jar:/home/user/.m2/repository/org/apache/kerby/kerb-core/1.0.1/kerb-core-1.0.1.jar:/home/user/.m2/repository/org/apache/kerby/kerby-pkix/1.0.1/kerby-pkix-1.0.1.jar:/home/user/.m2/repository/org/apache/kerby/kerby-asn1/1.0.1/kerby-asn1-1.0.1.jar:/home/user/.m2/repository/org/apache/kerby/kerby-util/1.0.1/kerby-util-1.0.1.jar:/home/user/.m2/repository/org/apache/kerby/kerb-common/1.0.1/kerb-common-1.0.1.jar:/home/user/.m2/repository/org/apache/kerby/kerb-crypto/1.0.1/kerb-crypto-1.0.1.jar:/home/user/.m2/repository/org/apache/kerby/kerb-util/1.0.1/kerb-util-1.0.1.jar:/home/user/.m2/repository/org/apache/kerby/token-provider/1.0.1/token-provider-1.0.1.jar:/home/user/.m2/repository/org/apache/kerby/kerb-admin/1.0.1/kerb-admin-1.0.1.jar:/home/user/.m2/repository/org/apache/kerby/kerb-server/1.0.1/kerb-server-1.0.1.jar:/home/user/.m2/repository/org/apache/kerby/kerb-identity/1.0.1/kerb-identity-1.0.1.jar:/home/user/.m2/repository/org/apache/kerby/kerby-xdr/1.0.1/kerby-xdr-1.0.1.jar:/home/user/.m2/repository/org/slf4j/slf4j-log4j12/1.7.25/slf4j-log4j12-1.7.25.jar:/home/user/.m2/repository/org/apache/hadoop/hadoop-ozone-s3gateway/0.5.0-SNAPSHOT/hadoop-ozone-s3gateway-0.5.0-SNAPSHOT.jar:/home/user/.m2/repository/org/jboss/weld/servlet/weld-servlet/2.4.7.Final/weld-servlet-2.4.7.Final.jar:/home/user/.m2/repository/org/glassfish/jersey/containers/jersey-container-servlet-core/2.27/jersey-container-servlet-core-2.27.jar:/home/user/.m2/repository/org/glassfish/hk2/external/javax.inject/2.5.0-b42/javax.inject-2.5.0-b42.jar:/home/user/.m2/repository/org/glassfish/jersey/core/jersey-common/2.27/jersey-common-2.27.jar:/home/user/.m2/repository/org/glassfish/hk2/osgi-resource-locator/1.0.1/osgi-resource-locator-1.0.1.jar:/home/user/.m2/repository/javax/ws/rs/javax.ws.rs-api/2.1/javax.ws.rs-api-2.1.jar:/home/user/.m2/repository/org/glassfish/jersey/ext/cdi/jersey-cdi1x/2.27/jersey-cdi1x-2.27.jar:/home/user/.m2/repository/org/glassfish/jersey/inject/jersey-hk2/2.27/jersey-hk2-2.27.jar:/home/user/.m2/repository/org/glassfish/hk2/hk2-locator/2.5.0-b42/hk2-locator-2.5.0-b42.jar:/home/user/.m2/repository/org/javassist/javassist/3.22.0-CR2/javassist-3.22.0-CR2.jar:/home/user/.m2/repository/org/glassfish/hk2/hk2-api/2.5.0/hk2-api-2.5.0.jar:/home/user/.m2/repository/org/glassfish/hk2/external/jakarta.inject/2.5.0/jakarta.inject-2.5.0.jar:/home/user/.m2/repository/org/glassfish/hk2/hk2-utils/2.5.0/hk2-utils-2.5.0.jar:/home/user/.m2/repository/jakarta/annotation/jakarta.annotation-api/1.3.4/jakarta.annotation-api-1.3.4.jar:/home/user/.m2/repository/org/glassfish/hk2/external/aopalliance-repackaged/2.5.0/aopalliance-repackaged-2.5.0.jar:/home/user/.m2/repository/com/fasterxml/jackson/dataformat/jackson-dataformat-xml/2.9.0/jackson-dataformat-xml-2.9.0.jar:/home/user/.m2/repository/com/fasterxml/jackson/core/jackson-core/2.9.9/jackson-core-2.9.9.jar:/home/user/.m2/repository/com/fasterxml/jackson/module/jackson-module-jaxb-annotations/2.9.9/jackson-module-jaxb-annotations-2.9.9.jar:/home/user/.m2/repository/javax/enterprise/cdi-api/1.2/cdi-api-1.2.jar:/home/user/.m2/repository/javax/el/javax.el-api/3.0.0/javax.el-api-3.0.0.jar:/home/user/.m2/repository/javax/interceptor/javax.interceptor-api/1.2/javax.interceptor-api-1.2.jar:/home/user/.m2/repository/javax/inject/javax.inject/1/javax.inject-1.jar:/home/user/.m2/repository/com/sun/xml/bind/jaxb-impl/2.3.0.1/jaxb-impl-2.3.0.1.jar:/home/user/.m2/repository/com/sun/xml/bind/jaxb-core/2.3.0.1/jaxb-core-2.3.0.1.jar:/home/user/.m2/repository/javax/xml/bind/jaxb-api/2.3.0/jaxb-api-2.3.0.jar:/home/user/.m2/repository/javax/activation/activation/1.1.1/activation-1.1.1.jar:/home/user/.m2/repository/org/apache/hadoop/hadoop-ozone-csi/0.5.0-SNAPSHOT/hadoop-ozone-csi-0.5.0-SNAPSHOT.jar:/home/user/.m2/repository/com/google/protobuf/protobuf-java-util/3.5.1/protobuf-java-util-3.5.1.jar:/home/user/.m2/repository/org/apache/hadoop/hadoop-hdds-config/0.5.0-SNAPSHOT/hadoop-hdds-config-0.5.0-SNAPSHOT.jar:/home/user/.m2/repository/io/grpc/grpc-netty/1.17.1/grpc-netty-1.17.1.jar:/home/user/.m2/repository/io/grpc/grpc-core/1.17.1/grpc-core-1.17.1.jar:/home/user/.m2/repository/io/grpc/grpc-context/1.17.1/grpc-context-1.17.1.jar:/home/user/.m2/repository/com/google/errorprone/error_prone_annotations/2.2.0/error_prone_annotations-2.2.0.jar:/home/user/.m2/repository/org/codehaus/mojo/animal-sniffer-annotations/1.17/animal-sniffer-annotations-1.17.jar:/home/user/.m2/repository/io/opencensus/opencensus-api/0.17.0/opencensus-api-0.17.0.jar:/home/user/.m2/repository/io/opencensus/opencensus-contrib-grpc-metrics/0.17.0/opencensus-contrib-grpc-metrics-0.17.0.jar:/home/user/.m2/repository/io/netty/netty-codec-http2/4.1.30.Final/netty-codec-http2-4.1.30.Final.jar:/home/user/.m2/repository/io/netty/netty-codec-http/4.1.30.Final/netty-codec-http-4.1.30.Final.jar:/home/user/.m2/repository/io/netty/netty-codec/4.1.30.Final/netty-codec-4.1.30.Final.jar:/home/user/.m2/repository/io/netty/netty-handler/4.1.30.Final/netty-handler-4.1.30.Final.jar:/home/user/.m2/repository/io/netty/netty-handler-proxy/4.1.30.Final/netty-handler-proxy-4.1.30.Final.jar:/home/user/.m2/repository/io/netty/netty-codec-socks/4.1.30.Final/netty-codec-socks-4.1.30.Final.jar:/home/user/.m2/repository/io/netty/netty-transport-native-epoll/4.1.30.Final/netty-transport-native-epoll-4.1.30.Final.jar:/home/user/.m2/repository/io/netty/netty-common/4.1.30.Final/netty-common-4.1.30.Final.jar:/home/user/.m2/repository/io/netty/netty-buffer/4.1.30.Final/netty-buffer-4.1.30.Final.jar:/home/user/.m2/repository/io/netty/netty-transport/4.1.30.Final/netty-transport-4.1.30.Final.jar:/home/user/.m2/repository/io/netty/netty-resolver/4.1.30.Final/netty-resolver-4.1.30.Final.jar:/home/user/.m2/repository/io/netty/netty-transport-native-unix-common/4.1.30.Final/netty-transport-native-unix-common-4.1.30.Final.jar:/home/user/.m2/repository/io/grpc/grpc-protobuf/1.17.1/grpc-protobuf-1.17.1.jar:/home/user/.m2/repository/com/google/api/grpc/proto-google-common-protos/1.0.0/proto-google-common-protos-1.0.0.jar:/home/user/.m2/repository/io/grpc/grpc-protobuf-lite/1.17.1/grpc-protobuf-lite-1.17.1.jar:/home/user/.m2/repository/io/grpc/grpc-stub/1.17.1/grpc-stub-1.17.1.jar:/home/user/.m2/repository/org/apache/hadoop/hadoop-ozone-recon/0.5.0-SNAPSHOT/hadoop-ozone-recon-0.5.0-SNAPSHOT.jar:/home/user/.m2/repository/org/apache/hadoop/hadoop-ozone-reconcodegen/0.5.0-SNAPSHOT/hadoop-ozone-reconcodegen-0.5.0-SNAPSHOT.jar:/home/user/.m2/repository/com/google/inject/extensions/guice-multibindings/4.0/guice-multibindings-4.0.jar:/home/user/.m2/repository/com/google/inject/guice/4.0/guice-4.0.jar:/home/user/.m2/repository/aopalliance/aopalliance/1.0/aopalliance-1.0.jar:/home/user/.m2/repository/com/google/inject/extensions/guice-servlet/4.0/guice-servlet-4.0.jar:/home/user/.m2/repository/org/glassfish/jersey/containers/jersey-container-servlet/2.27/jersey-container-servlet-2.27.jar:/home/user/.m2/repository/org/glassfish/hk2/guice-bridge/2.5.0/guice-bridge-2.5.0.jar:/home/user/.m2/repository/org/glassfish/jersey/core/jersey-server/2.27/jersey-server-2.27.jar:/home/user/.m2/repository/org/glassfish/jersey/core/jersey-client/2.27/jersey-client-2.27.jar:/home/user/.m2/repository/org/glassfish/jersey/media/jersey-media-jaxb/2.27/jersey-media-jaxb-2.27.jar:/home/user/.m2/repository/javax/validation/validation-api/1.1.0.Final/validation-api-1.1.0.Final.jar:/home/user/.m2/repository/org/glassfish/jersey/media/jersey-media-json-jackson/2.27/jersey-media-json-jackson-2.27.jar:/home/user/.m2/repository/org/glassfish/jersey/ext/jersey-entity-filtering/2.27/jersey-entity-filtering-2.27.jar:/home/user/.m2/repository/com/google/inject/extensions/guice-assistedinject/4.0/guice-assistedinject-4.0.jar:/home/user/.m2/repository/org/jooq/jooq/3.11.10/jooq-3.11.10.jar:/home/user/.m2/repository/org/jooq/jooq-meta/3.11.10/jooq-meta-3.11.10.jar:/home/user/.m2/repository/org/jooq/jooq-codegen/3.11.10/jooq-codegen-3.11.10.jar:/home/user/.m2/repository/com/jolbox/bonecp/0.8.0.RELEASE/bonecp-0.8.0.RELEASE.jar:/home/user/.m2/repository/org/xerial/sqlite-jdbc/3.25.2/sqlite-jdbc-3.25.2.jar:/home/user/.m2/repository/org/springframework/spring-jdbc/5.1.3.RELEASE/spring-jdbc-5.1.3.RELEASE.jar:/home/user/.m2/repository/org/springframework/spring-beans/5.1.3.RELEASE/spring-beans-5.1.3.RELEASE.jar:/home/user/.m2/repository/org/springframework/spring-core/5.1.3.RELEASE/spring-core-5.1.3.RELEASE.jar:/home/user/.m2/repository/org/springframework/spring-jcl/5.1.3.RELEASE/spring-jcl-5.1.3.RELEASE.jar:/home/user/.m2/repository/org/springframework/spring-tx/5.1.3.RELEASE/spring-tx-5.1.3.RELEASE.jar:/home/user/.m2/repository/org/apache/hadoop/hadoop-ozone-client/0.5.0-SNAPSHOT/hadoop-ozone-client-0.5.0-SNAPSHOT.jar:/home/user/.m2/repository/commons-lang/commons-lang/2.6/commons-lang-2.6.jar:/home/user/.m2/repository/org/apache/hadoop/hadoop-ozone-ozone-manager/0.5.0-SNAPSHOT/hadoop-ozone-ozone-manager-0.5.0-SNAPSHOT-tests.jar:/home/user/.m2/repository/junit/junit/4.11/junit-4.11.jar:/home/user/.m2/repository/org/hamcrest/hamcrest-core/1.3/hamcrest-core-1.3.jar:/home/user/.m2/repository/org/openjdk/jmh/jmh-core/1.19/jmh-core-1.19.jar:/home/user/.m2/repository/net/sf/jopt-simple/jopt-simple/4.6/jopt-simple-4.6.jar:/home/user/.m2/repository/org/apache/commons/commons-math3/3.1.1/commons-math3-3.1.1.jar:/home/user/.m2/repository/org/openjdk/jmh/jmh-generator-annprocess/1.19/jmh-generator-annprocess-1.19.jar:/home/user/.m2/repository/org/mockito/mockito-all/1.8.5/mockito-all-1.8.5.jar:/home/user/.m2/repository/org/apache/hadoop/hadoop-kms/3.2.0/hadoop-kms-3.2.0.jar:/home/user/.m2/repository/org/apache/hadoop/hadoop-auth/3.2.0/hadoop-auth-3.2.0.jar:/home/user/.m2/repository/com/nimbusds/nimbus-jose-jwt/4.41.1/nimbus-jose-jwt-4.41.1.jar:/home/user/.m2/repository/com/github/stephenc/jcip/jcip-annotations/1.0-1/jcip-annotations-1.0-1.jar:/home/user/.m2/repository/net/minidev/json-smart/2.3/json-smart-2.3.jar:/home/user/.m2/repository/net/minidev/accessors-smart/1.2/accessors-smart-1.2.jar:/home/user/.m2/repository/org/ow2/asm/asm/5.0.4/asm-5.0.4.jar:/home/user/.m2/repository/org/apache/curator/curator-framework/2.12.0/curator-framework-2.12.0.jar:/home/user/.m2/repository/com/sun/jersey/jersey-core/1.19/jersey-core-1.19.jar:/home/user/.m2/repository/javax/ws/rs/jsr311-api/1.1.1/jsr311-api-1.1.1.jar:/home/user/.m2/repository/com/sun/jersey/jersey-server/1.19/jersey-server-1.19.jar:/home/user/.m2/repository/javax/servlet/javax.servlet-api/3.1.0/javax.servlet-api-3.1.0.jar:/home/user/.m2/repository/org/eclipse/jetty/jetty-server/9.3.25.v20180904/jetty-server-9.3.25.v20180904.jar:/home/user/.m2/repository/org/eclipse/jetty/jetty-http/9.3.25.v20180904/jetty-http-9.3.25.v20180904.jar:/home/user/.m2/repository/org/eclipse/jetty/jetty-io/9.3.25.v20180904/jetty-io-9.3.25.v20180904.jar:/home/user/.m2/repository/org/eclipse/jetty/jetty-webapp/9.3.25.v20180904/jetty-webapp-9.3.25.v20180904.jar:/home/user/.m2/repository/org/eclipse/jetty/jetty-xml/9.3.25.v20180904/jetty-xml-9.3.25.v20180904.jar:/home/user/.m2/repository/log4j/log4j/1.2.17/log4j-1.2.17.jar:/home/user/.m2/repository/org/slf4j/slf4j-api/1.7.25/slf4j-api-1.7.25.jar:/home/user/.m2/repository/org/slf4j/jul-to-slf4j/1.7.25/jul-to-slf4j-1.7.25.jar:/home/user/.m2/repository/org/eclipse/jetty/jetty-util/9.3.25.v20180904/jetty-util-9.3.25.v20180904.jar:/home/user/.m2/repository/com/fasterxml/jackson/core/jackson-databind/2.9.9/jackson-databind-2.9.9.jar:/home/user/.m2/repository/org/apache/hadoop/hadoop-kms/3.2.0/hadoop-kms-3.2.0-tests.jar:/home/user/.m2/repository/org/apache/hadoop/hadoop-hdds-server-scm/0.5.0-SNAPSHOT/hadoop-hdds-server-scm-0.5.0-SNAPSHOT-tests.jar:/home/user/.m2/repository/org/apache/hadoop/hadoop-hdds-container-service/0.5.0-SNAPSHOT/hadoop-hdds-container-service-0.5.0-SNAPSHOT-tests.jar:/home/user/.m2/repository/org/yaml/snakeyaml/1.16/snakeyaml-1.16.jar:/home/user/.m2/repository/org/apache/hadoop/hadoop-common/3.2.0/hadoop-common-3.2.0-tests.jar:/home/user/.m2/repository/org/apache/hadoop/hadoop-annotations/3.2.0/hadoop-annotations-3.2.0.jar:/usr/lib/jvm/java-1.8-openjdk/jre/../lib/tools.jar:/home/user/.m2/repository/commons-cli/commons-cli/1.2/commons-cli-1.2.jar:/home/user/.m2/repository/org/apache/httpcomponents/httpclient/4.5.2/httpclient-4.5.2.jar:/home/user/.m2/repository/org/apache/httpcomponents/httpcore/4.4.4/httpcore-4.4.4.jar:/home/user/.m2/repository/commons-codec/commons-codec/1.11/commons-codec-1.11.jar:/home/user/.m2/repository/commons-net/commons-net/3.6/commons-net-3.6.jar:/home/user/.m2/repository/commons-collections/commons-collections/3.2.2/commons-collections-3.2.2.jar:/home/user/.m2/repository/org/eclipse/jetty/jetty-servlet/9.3.25.v20180904/jetty-servlet-9.3.25.v20180904.jar:/home/user/.m2/repository/org/eclipse/jetty/jetty-security/9.3.25.v20180904/jetty-security-9.3.25.v20180904.jar:/home/user/.m2/repository/javax/servlet/jsp/jsp-api/2.1/jsp-api-2.1.jar:/home/user/.m2/repository/com/sun/jersey/jersey-servlet/1.19/jersey-servlet-1.19.jar:/home/user/.m2/repository/com/sun/jersey/jersey-json/1.19/jersey-json-1.19.jar:/home/user/.m2/repository/org/codehaus/jettison/jettison/1.1/jettison-1.1.jar:/home/user/.m2/repository/org/codehaus/jackson/jackson-core-asl/1.9.13/jackson-core-asl-1.9.13.jar:/home/user/.m2/repository/org/codehaus/jackson/jackson-mapper-asl/1.9.13/jackson-mapper-asl-1.9.13.jar:/home/user/.m2/repository/org/codehaus/jackson/jackson-jaxrs/1.9.13/jackson-jaxrs-1.9.13.jar:/home/user/.m2/repository/org/codehaus/jackson/jackson-xc/1.9.13/jackson-xc-1.9.13.jar:/home/user/.m2/repository/commons-logging/commons-logging/1.1.3/commons-logging-1.1.3.jar:/home/user/.m2/repository/commons-beanutils/commons-beanutils/1.9.4/commons-beanutils-1.9.4.jar:/home/user/.m2/repository/org/apache/commons/commons-configuration2/2.1.1/commons-configuration2-2.1.1.jar:/home/user/.m2/repository/org/apache/commons/commons-lang3/3.7/commons-lang3-3.7.jar:/home/user/.m2/repository/org/apache/commons/commons-text/1.4/commons-text-1.4.jar:/home/user/.m2/repository/org/apache/avro/avro/1.7.7/avro-1.7.7.jar:/home/user/.m2/repository/com/thoughtworks/paranamer/paranamer/2.3/paranamer-2.3.jar:/home/user/.m2/repository/org/xerial/snappy/snappy-java/1.0.5/snappy-java-1.0.5.jar:/home/user/.m2/repository/com/google/re2j/re2j/1.1/re2j-1.1.jar:/home/user/.m2/repository/com/google/code/gson/gson/2.2.4/gson-2.2.4.jar:/home/user/.m2/repository/com/jcraft/jsch/0.1.54/jsch-0.1.54.jar:/home/user/.m2/repository/org/apache/curator/curator-client/2.12.0/curator-client-2.12.0.jar:/home/user/.m2/repository/org/apache/curator/curator-recipes/2.12.0/curator-recipes-2.12.0.jar:/home/user/.m2/repository/com/google/code/findbugs/jsr305/3.0.0/jsr305-3.0.0.jar:/home/user/.m2/repository/org/apache/htrace/htrace-core4/4.1.0-incubating/htrace-core4-4.1.0-incubating.jar:/home/user/.m2/repository/org/apache/zookeeper/zookeeper/3.4.13/zookeeper-3.4.13.jar:/home/user/.m2/repository/jline/jline/0.9.94/jline-0.9.94.jar:/home/user/.m2/repository/org/apache/yetus/audience-annotations/0.5.0/audience-annotations-0.5.0.jar:/home/user/.m2/repository/org/codehaus/woodstox/stax2-api/3.1.4/stax2-api-3.1.4.jar:/home/user/.m2/repository/com/fasterxml/woodstox/woodstox-core/5.0.3/woodstox-core-5.0.3.jar:/home/user/.m2/repository/dnsjava/dnsjava/2.1.7/dnsjava-2.1.7.jar:/home/user/.m2/repository/org/apache/hadoop/hadoop-hdfs/3.2.0/hadoop-hdfs-3.2.0-tests.jar:/home/user/.m2/repository/org/eclipse/jetty/jetty-util-ajax/9.3.25.v20180904/jetty-util-ajax-9.3.25.v20180904.jar:/home/user/.m2/repository/commons-daemon/commons-daemon/1.0.13/commons-daemon-1.0.13.jar:/home/user/.m2/repository/io/netty/netty/3.10.5.Final/netty-3.10.5.Final.jar:/home/user/.m2/repository/io/netty/netty-all/4.0.52.Final/netty-all-4.0.52.Final.jar:/home/user/.m2/repository/org/fusesource/leveldbjni/leveldbjni-all/1.8/leveldbjni-all-1.8.jar:"/>
    <property name="sun.cpu.endian" value="little"/>
    <property name="user.home" value="/home/user"/>
    <property name="user.language" value="en"/>
    <property name="java.specification.vendor" value="Oracle Corporation"/>
    <property name="java.home" value="/usr/lib/jvm/java-1.8-openjdk/jre"/>
    <property name="java.security.krb5.conf" value="/workdir/hadoop-ozone/integration-test/target/test-classes/krb5.conf"/>
    <property name="basedir" value="/workdir/hadoop-ozone/integration-test"/>
    <property name="file.separator" value="/"/>
    <property name="line.separator" value="&#10;"/>
    <property name="java.vm.specification.vendor" value="Oracle Corporation"/>
    <property name="java.specification.name" value="Java Platform API Specification"/>
    <property name="java.awt.graphicsenv" value="sun.awt.X11GraphicsEnvironment"/>
    <property name="surefire.real.class.path" value="/workdir/hadoop-ozone/integration-test/target/surefire/surefirebooter9118973176874088211.jar"/>
    <property name="hadoop.log.dir" value="/workdir/hadoop-ozone/integration-test/target/log"/>
    <property name="sun.boot.class.path" value="/usr/lib/jvm/java-1.8-openjdk/jre/lib/resources.jar:/usr/lib/jvm/java-1.8-openjdk/jre/lib/rt.jar:/usr/lib/jvm/java-1.8-openjdk/jre/lib/sunrsasign.jar:/usr/lib/jvm/java-1.8-openjdk/jre/lib/jsse.jar:/usr/lib/jvm/java-1.8-openjdk/jre/lib/jce.jar:/usr/lib/jvm/java-1.8-openjdk/jre/lib/charsets.jar:/usr/lib/jvm/java-1.8-openjdk/jre/lib/jfr.jar:/usr/lib/jvm/java-1.8-openjdk/jre/classes"/>
    <property name="sun.management.compiler" value="HotSpot 64-Bit Tiered Compilers"/>
    <property name="java.runtime.version" value="1.8.0_212-b04"/>
    <property name="java.net.preferIPv4Stack" value="true"/>
    <property name="user.name" value="jenkins1000"/>
    <property name="path.separator" value=":"/>
    <property name="java.security.egd" value="file:///dev/urandom"/>
    <property name="os.version" value="3.10.0-957.12.2.el7.x86_64"/>
    <property name="java.endorsed.dirs" value="/usr/lib/jvm/java-1.8-openjdk/jre/lib/endorsed"/>
    <property name="java.runtime.name" value="OpenJDK Runtime Environment"/>
    <property name="file.encoding" value="UTF-8"/>
    <property name="java.vm.name" value="OpenJDK 64-Bit Server VM"/>
    <property name="test.build.webapps" value=""/>
    <property name="localRepository" value="/home/user/.m2/repository"/>
    <property name="java.vendor.url.bug" value="https://icedtea.classpath.org/bugzilla"/>
    <property name="java.io.tmpdir" value="/tmp"/>
    <property name="require.test.libhadoop" value=""/>
    <property name="java.version" value="1.8.0_212"/>
    <property name="user.dir" value="/workdir/hadoop-ozone/integration-test"/>
    <property name="os.arch" value="amd64"/>
    <property name="java.vm.specification.name" value="Java Virtual Machine Specification"/>
    <property name="test.build.classes" value="/workdir/hadoop-ozone/integration-test/target/test-classes"/>
    <property name="java.awt.printerjob" value="sun.print.PSPrinterJob"/>
    <property name="sun.os.patch.level" value="unknown"/>
    <property name="hadoop.tmp.dir" value="/workdir/hadoop-ozone/integration-test/target/tmp"/>
    <property name="java.library.path" value="/usr/lib/jvm/java-1.8-openjdk/jre/lib/amd64/server:/usr/lib/jvm/java-1.8-openjdk/jre/lib/amd64:/usr/lib/jvm/java-1.8-openjdk/jre/../lib/amd64:/workdir/hadoop-ozone/integration-test/target/native/target/usr/local/lib:/workdir/hadoop-ozone/integration-test/../../hadoop-common-project/hadoop-common/target/native/target/usr/local/lib:/usr/java/packages/lib/amd64:/usr/lib64:/lib64:/lib:/usr/lib"/>
    <property name="java.vm.info" value="mixed mode"/>
    <property name="java.vendor" value="IcedTea"/>
    <property name="java.vm.version" value="25.212-b04"/>
    <property name="java.ext.dirs" value="/usr/lib/jvm/java-1.8-openjdk/jre/lib/ext:/usr/java/packages/lib/ext"/>
    <property name="sun.io.unicode.encoding" value="UnicodeLittle"/>
    <property name="java.class.version" value="52.0"/>
  </properties>
  <testcase name="testWatchForCommitWithKeyWrite" classname="org.apache.hadoop.ozone.client.rpc.TestWatchForCommit" time="74.951"/>
  <testcase name="testWatchForCommitWithSmallerTimeoutValue" classname="org.apache.hadoop.ozone.client.rpc.TestWatchForCommit" time="42.508"/>
  <testcase name="testWatchForCommitForRetryfailure" classname="org.apache.hadoop.ozone.client.rpc.TestWatchForCommit" time="73.028"/>
  <testcase name="testWatchForCommitForGroupMismatchException" classname="org.apache.hadoop.ozone.client.rpc.TestWatchForCommit" time="32.501"/>
  <testcase name="test2WayCommitForTimeoutException" classname="org.apache.hadoop.ozone.client.rpc.TestWatchForCommit" time="22.407">
    <error type="java.util.concurrent.TimeoutException">java.util.concurrent.TimeoutException
	at java.util.concurrent.CompletableFuture.timedGet(CompletableFuture.java:1771)
	at java.util.concurrent.CompletableFuture.get(CompletableFuture.java:1915)
	at org.apache.hadoop.hdds.scm.XceiverClientRatis.watchForCommit(XceiverClientRatis.java:283)
	at org.apache.hadoop.ozone.client.rpc.TestWatchForCommit.test2WayCommitForTimeoutException(TestWatchForCommit.java:391)
	at sun.reflect.NativeMethodAccessorImpl.invoke0(Native Method)
	at sun.reflect.NativeMethodAccessorImpl.invoke(NativeMethodAccessorImpl.java:62)
	at sun.reflect.DelegatingMethodAccessorImpl.invoke(DelegatingMethodAccessorImpl.java:43)
	at java.lang.reflect.Method.invoke(Method.java:498)
	at org.junit.runners.model.FrameworkMethod$1.runReflectiveCall(FrameworkMethod.java:47)
	at org.junit.internal.runners.model.ReflectiveCallable.run(ReflectiveCallable.java:12)
	at org.junit.runners.model.FrameworkMethod.invokeExplosively(FrameworkMethod.java:44)
	at org.junit.internal.runners.statements.InvokeMethod.evaluate(InvokeMethod.java:17)
	at org.junit.runners.ParentRunner.runLeaf(ParentRunner.java:271)
	at org.junit.runners.BlockJUnit4ClassRunner.runChild(BlockJUnit4ClassRunner.java:70)
	at org.junit.runners.BlockJUnit4ClassRunner.runChild(BlockJUnit4ClassRunner.java:50)
	at org.junit.runners.ParentRunner$3.run(ParentRunner.java:238)
	at org.junit.runners.ParentRunner$1.schedule(ParentRunner.java:63)
	at org.junit.runners.ParentRunner.runChildren(ParentRunner.java:236)
	at org.junit.runners.ParentRunner.access$000(ParentRunner.java:53)
	at org.junit.runners.ParentRunner$2.evaluate(ParentRunner.java:229)
	at org.junit.runners.ParentRunner.run(ParentRunner.java:309)
	at org.apache.maven.surefire.junit4.JUnit4Provider.execute(JUnit4Provider.java:365)
	at org.apache.maven.surefire.junit4.JUnit4Provider.executeWithRerun(JUnit4Provider.java:273)
	at org.apache.maven.surefire.junit4.JUnit4Provider.executeTestSet(JUnit4Provider.java:238)
	at org.apache.maven.surefire.junit4.JUnit4Provider.invoke(JUnit4Provider.java:159)
	at org.apache.maven.surefire.booter.ForkedBooter.invokeProviderInSameClassLoader(ForkedBooter.java:384)
	at org.apache.maven.surefire.booter.ForkedBooter.runSuitesInProcess(ForkedBooter.java:345)
	at org.apache.maven.surefire.booter.ForkedBooter.execute(ForkedBooter.java:126)
	at org.apache.maven.surefire.booter.ForkedBooter.main(ForkedBooter.java:418)
</error>
    <system-out><![CDATA[2019-10-10 07:13:12,259 [main] WARN  server.ServerUtils (ServerUtils.java:getScmDbDir(145)) - ozone.scm.db.dirs is not configured. We recommend adding this setting. Falling back to ozone.metadata.dirs instead.
2019-10-10 07:13:12,274 [main] WARN  server.ServerUtils (ServerUtils.java:getScmDbDir(145)) - ozone.scm.db.dirs is not configured. We recommend adding this setting. Falling back to ozone.metadata.dirs instead.
2019-10-10 07:13:12,274 [main] WARN  server.ServerUtils (ServerUtils.java:getScmDbDir(145)) - ozone.scm.db.dirs is not configured. We recommend adding this setting. Falling back to ozone.metadata.dirs instead.
2019-10-10 07:13:12,274 [main] INFO  db.DBStoreBuilder (DBStoreBuilder.java:addTable(117)) - using custom profile for table: deletedBlocks
2019-10-10 07:13:12,275 [main] INFO  db.DBStoreBuilder (DBStoreBuilder.java:processTables(168)) - Using default column profile:DBProfile.DISK for Table:deletedBlocks
2019-10-10 07:13:12,275 [main] INFO  db.DBStoreBuilder (DBStoreBuilder.java:addTable(117)) - using custom profile for table: validCerts
2019-10-10 07:13:12,275 [main] INFO  db.DBStoreBuilder (DBStoreBuilder.java:processTables(168)) - Using default column profile:DBProfile.DISK for Table:validCerts
2019-10-10 07:13:12,275 [main] INFO  db.DBStoreBuilder (DBStoreBuilder.java:addTable(117)) - using custom profile for table: revokedCerts
2019-10-10 07:13:12,275 [main] INFO  db.DBStoreBuilder (DBStoreBuilder.java:processTables(168)) - Using default column profile:DBProfile.DISK for Table:revokedCerts
2019-10-10 07:13:12,276 [main] INFO  db.DBStoreBuilder (DBStoreBuilder.java:addTable(117)) - using custom profile for table: default
2019-10-10 07:13:12,276 [main] INFO  db.DBStoreBuilder (DBStoreBuilder.java:processTables(174)) - Using default column profile:DBProfile.DISK for Table:default
2019-10-10 07:13:12,276 [main] INFO  db.DBStoreBuilder (DBStoreBuilder.java:getDbProfile(205)) - Using default options. DBProfile.DISK
2019-10-10 07:13:12,452 [main] INFO  net.NodeSchemaLoader (NodeSchemaLoader.java:loadSchemaFromFile(125)) - Loading file from sun.misc.CompoundEnumeration@5d9618f2
2019-10-10 07:13:12,452 [main] INFO  net.NodeSchemaLoader (NodeSchemaLoader.java:loadSchema(171)) - Loading network topology layer schema file
2019-10-10 07:13:12,457 [main] WARN  server.ServerUtils (ServerUtils.java:sanitizeUserArgs(70)) - ozone.scm.stale.node.interval value = 300000 is larger than max = 100000 based on the key value of ozone.scm.heartbeat.thread.interval, reset to the max value 100000.
2019-10-10 07:13:12,457 [main] WARN  server.ServerUtils (ServerUtils.java:sanitizeUserArgs(70)) - ozone.scm.stale.node.interval value = 300000 is larger than max = 100000 based on the key value of ozone.scm.heartbeat.thread.interval, reset to the max value 100000.
2019-10-10 07:13:12,457 [main] INFO  node.SCMNodeManager (SCMNodeManager.java:<init>(116)) - Entering startup safe mode.
2019-10-10 07:13:12,458 [main] INFO  algorithms.ContainerPlacementPolicyFactory (ContainerPlacementPolicyFactory.java:getPolicy(57)) - Create container placement policy of type org.apache.hadoop.hdds.scm.container.placement.algorithms.SCMContainerPlacementRandom
2019-10-10 07:13:12,458 [main] WARN  server.ServerUtils (ServerUtils.java:getScmDbDir(145)) - ozone.scm.db.dirs is not configured. We recommend adding this setting. Falling back to ozone.metadata.dirs instead.
2019-10-10 07:13:12,518 [main] INFO  pipeline.SCMPipelineManager (SCMPipelineManager.java:initializePipelineState(132)) - No pipeline exists in current db
2019-10-10 07:13:12,518 [main] WARN  server.ServerUtils (ServerUtils.java:getScmDbDir(145)) - ozone.scm.db.dirs is not configured. We recommend adding this setting. Falling back to ozone.metadata.dirs instead.
2019-10-10 07:13:12,548 [main] WARN  events.EventQueue (EventQueue.java:fireEvent(183)) - No event handler registered for event TypedEvent{payloadType=SafeModeStatus, name='SafeModeStatus'}
2019-10-10 07:13:12,549 [main] INFO  ipc.CallQueueManager (CallQueueManager.java:<init>(84)) - Using callQueue: class java.util.concurrent.LinkedBlockingQueue, queueCapacity: 2000, scheduler: class org.apache.hadoop.ipc.DefaultRpcScheduler, ipcBackoff: false.
2019-10-10 07:13:12,550 [Socket Reader #1 for port 36522] INFO  ipc.Server (Server.java:run(1074)) - Starting Socket Reader #1 for port 36522
2019-10-10 07:13:12,552 [main] INFO  ipc.CallQueueManager (CallQueueManager.java:<init>(84)) - Using callQueue: class java.util.concurrent.LinkedBlockingQueue, queueCapacity: 2000, scheduler: class org.apache.hadoop.ipc.DefaultRpcScheduler, ipcBackoff: false.
2019-10-10 07:13:12,553 [Socket Reader #1 for port 44483] INFO  ipc.Server (Server.java:run(1074)) - Starting Socket Reader #1 for port 44483
2019-10-10 07:13:12,555 [main] INFO  ipc.CallQueueManager (CallQueueManager.java:<init>(84)) - Using callQueue: class java.util.concurrent.LinkedBlockingQueue, queueCapacity: 2000, scheduler: class org.apache.hadoop.ipc.DefaultRpcScheduler, ipcBackoff: false.
2019-10-10 07:13:12,555 [Socket Reader #1 for port 39852] INFO  ipc.Server (Server.java:run(1074)) - Starting Socket Reader #1 for port 39852
2019-10-10 07:13:12,559 [main] INFO  hdfs.DFSUtil (DFSUtil.java:httpServerTemplateForNNAndJN(1641)) - Starting Web-server for scm at: http://0.0.0.0:0
2019-10-10 07:13:12,561 [main] INFO  server.AuthenticationFilter (AuthenticationFilter.java:constructSecretProvider(240)) - Unable to initialize FileSignerSecretProvider, falling back to use random secrets.
2019-10-10 07:13:12,561 [main] WARN  http.HttpRequestLog (HttpRequestLog.java:getRequestLog(97)) - Jetty request log can only be enabled using Log4j
2019-10-10 07:13:12,563 [main] INFO  http.HttpServer2 (HttpServer2.java:addGlobalFilter(975)) - Added global filter 'safety' (class=org.apache.hadoop.http.HttpServer2$QuotingInputFilter)
2019-10-10 07:13:12,564 [main] INFO  http.HttpServer2 (HttpServer2.java:addFilter(948)) - Added filter static_user_filter (class=org.apache.hadoop.http.lib.StaticUserWebFilter$StaticUserFilter) to context scm
2019-10-10 07:13:12,564 [main] INFO  http.HttpServer2 (HttpServer2.java:addFilter(958)) - Added filter static_user_filter (class=org.apache.hadoop.http.lib.StaticUserWebFilter$StaticUserFilter) to context logs
2019-10-10 07:13:12,564 [main] INFO  http.HttpServer2 (HttpServer2.java:addFilter(958)) - Added filter static_user_filter (class=org.apache.hadoop.http.lib.StaticUserWebFilter$StaticUserFilter) to context static
2019-10-10 07:13:12,566 [main] INFO  server.StorageContainerManager (StorageContainerManager.java:start(772)) - StorageContainerLocationProtocol RPC server is listening at /0.0.0.0:39852
2019-10-10 07:13:12,568 [main] WARN  impl.MetricsConfig (MetricsConfig.java:loadFirst(134)) - Cannot locate configuration: tried hadoop-metrics2-storagecontainermanager.properties,hadoop-metrics2.properties
2019-10-10 07:13:12,569 [main] INFO  impl.MetricsSystemImpl (MetricsSystemImpl.java:startTimer(374)) - Scheduled Metric snapshot period at 10 second(s).
2019-10-10 07:13:12,569 [main] INFO  impl.MetricsSystemImpl (MetricsSystemImpl.java:start(191)) - StorageContainerManager metrics system started
2019-10-10 07:13:12,643 [main] WARN  impl.MetricsSystemImpl (MetricsSystemImpl.java:register(276)) - Sink prometheus already exists!
2019-10-10 07:13:12,729 [main] INFO  server.SCMClientProtocolServer (SCMClientProtocolServer.java:start(159)) - RPC server for Client  is listening at /0.0.0.0:39852
2019-10-10 07:13:12,729 [IPC Server Responder] INFO  ipc.Server (Server.java:run(1314)) - IPC Server Responder: starting
2019-10-10 07:13:12,729 [IPC Server listener on 39852] INFO  ipc.Server (Server.java:run(1153)) - IPC Server listener on 39852: starting
2019-10-10 07:13:12,738 [main] INFO  server.StorageContainerManager (StorageContainerManager.java:start(782)) - ScmBlockLocationProtocol RPC server is listening at /0.0.0.0:44483
2019-10-10 07:13:12,738 [main] INFO  server.SCMBlockProtocolServer (SCMBlockProtocolServer.java:start(146)) - RPC server for Block Protocol is listening at /0.0.0.0:44483
2019-10-10 07:13:12,738 [IPC Server listener on 44483] INFO  ipc.Server (Server.java:run(1153)) - IPC Server listener on 44483: starting
2019-10-10 07:13:12,738 [IPC Server Responder] INFO  ipc.Server (Server.java:run(1314)) - IPC Server Responder: starting
2019-10-10 07:13:12,741 [main] INFO  server.StorageContainerManager (StorageContainerManager.java:start(786)) - ScmDatanodeProtocl RPC server is listening at /0.0.0.0:36522
2019-10-10 07:13:12,741 [main] INFO  server.SCMDatanodeProtocolServer (SCMDatanodeProtocolServer.java:start(169)) - RPC server for DataNodes is listening at /0.0.0.0:36522
2019-10-10 07:13:12,742 [IPC Server listener on 36522] INFO  ipc.Server (Server.java:run(1153)) - IPC Server listener on 36522: starting
2019-10-10 07:13:12,742 [IPC Server Responder] INFO  ipc.Server (Server.java:run(1314)) - IPC Server Responder: starting
2019-10-10 07:13:12,744 [main] INFO  http.HttpServer2 (HttpServer2.java:bindListener(1191)) - Jetty bound to port 45209
2019-10-10 07:13:12,745 [main] INFO  server.Server (Server.java:doStart(351)) - jetty-9.3.25.v20180904, build timestamp: 2018-09-04T21:11:46Z, git hash: 3ce520221d0240229c862b122d2b06c12a625732
2019-10-10 07:13:12,746 [main] INFO  handler.ContextHandler (ContextHandler.java:doStart(781)) - Started o.e.j.s.ServletContextHandler@f245bdd{/logs,file:///workdir/hadoop-ozone/integration-test/target/log,AVAILABLE}
2019-10-10 07:13:12,747 [main] INFO  handler.ContextHandler (ContextHandler.java:doStart(781)) - Started o.e.j.s.ServletContextHandler@280fafd{/static,file:///workdir/hadoop-ozone/integration-test/target/test-classes/webapps/static,AVAILABLE}
2019-10-10 07:13:12,750 [main] INFO  handler.ContextHandler (ContextHandler.java:doStart(781)) - Started o.e.j.w.WebAppContext@756b2d90{/,file:///workdir/hadoop-ozone/integration-test/target/test-classes/webapps/scm/,AVAILABLE}{/scm}
2019-10-10 07:13:12,751 [main] INFO  server.AbstractConnector (AbstractConnector.java:doStart(278)) - Started ServerConnector@3520958b{HTTP/1.1,[http/1.1]}{0.0.0.0:45209}
2019-10-10 07:13:12,752 [main] INFO  server.Server (Server.java:doStart(419)) - Started @223920ms
2019-10-10 07:13:12,752 [main] WARN  impl.MetricsSystemImpl (MetricsSystemImpl.java:register(276)) - Sink prometheus already exists!
2019-10-10 07:13:12,754 [main] INFO  server.BaseHttpServer (BaseHttpServer.java:updateConnectorAddress(215)) - HTTP server of SCM is listening at http://0.0.0.0:45209
2019-10-10 07:13:12,754 [main] WARN  server.ServerUtils (ServerUtils.java:getDBPath(222)) - ozone.om.db.dirs is not configured. We recommend adding this setting. Falling back to ozone.metadata.dirs instead.
2019-10-10 07:13:12,755 [org.apache.hadoop.util.JvmPauseMonitor$Monitor@291a4791] INFO  util.JvmPauseMonitor (JvmPauseMonitor.java:run(188)) - Starting JVM pause monitor
2019-10-10 07:13:12,768 [main] INFO  ha.OMHANodeDetails (OMHANodeDetails.java:loadOMHAConfig(190)) - Configuration either no ozone.om.address set. Falling back to the default OM address /127.0.0.1:0
2019-10-10 07:13:12,768 [main] INFO  ha.OMHANodeDetails (OMHANodeDetails.java:getOMNodeDetails(220)) - OM Service ID is not set. Setting it to the default ID: omServiceIdDefault
2019-10-10 07:13:12,769 [main] WARN  server.ServerUtils (ServerUtils.java:getDBPath(222)) - ozone.om.db.dirs is not configured. We recommend adding this setting. Falling back to ozone.metadata.dirs instead.
2019-10-10 07:13:12,769 [main] WARN  server.ServerUtils (ServerUtils.java:getDBPath(222)) - ozone.om.db.dirs is not configured. We recommend adding this setting. Falling back to ozone.metadata.dirs instead.
2019-10-10 07:13:12,775 [main] WARN  server.ServerUtils (ServerUtils.java:getDBPath(222)) - ozone.om.db.dirs is not configured. We recommend adding this setting. Falling back to ozone.metadata.dirs instead.
2019-10-10 07:13:12,776 [main] INFO  db.DBStoreBuilder (DBStoreBuilder.java:addTable(117)) - using custom profile for table: userTable
2019-10-10 07:13:12,776 [main] INFO  db.DBStoreBuilder (DBStoreBuilder.java:processTables(168)) - Using default column profile:DBProfile.DISK for Table:userTable
2019-10-10 07:13:12,776 [main] INFO  db.DBStoreBuilder (DBStoreBuilder.java:addTable(117)) - using custom profile for table: volumeTable
2019-10-10 07:13:12,776 [main] INFO  db.DBStoreBuilder (DBStoreBuilder.java:processTables(168)) - Using default column profile:DBProfile.DISK for Table:volumeTable
2019-10-10 07:13:12,776 [main] INFO  db.DBStoreBuilder (DBStoreBuilder.java:addTable(117)) - using custom profile for table: bucketTable
2019-10-10 07:13:12,777 [main] INFO  db.DBStoreBuilder (DBStoreBuilder.java:processTables(168)) - Using default column profile:DBProfile.DISK for Table:bucketTable
2019-10-10 07:13:12,777 [main] INFO  db.DBStoreBuilder (DBStoreBuilder.java:addTable(117)) - using custom profile for table: keyTable
2019-10-10 07:13:12,777 [main] INFO  db.DBStoreBuilder (DBStoreBuilder.java:processTables(168)) - Using default column profile:DBProfile.DISK for Table:keyTable
2019-10-10 07:13:12,777 [main] INFO  db.DBStoreBuilder (DBStoreBuilder.java:addTable(117)) - using custom profile for table: deletedTable
2019-10-10 07:13:12,777 [main] INFO  db.DBStoreBuilder (DBStoreBuilder.java:processTables(168)) - Using default column profile:DBProfile.DISK for Table:deletedTable
2019-10-10 07:13:12,777 [main] INFO  db.DBStoreBuilder (DBStoreBuilder.java:addTable(117)) - using custom profile for table: openKeyTable
2019-10-10 07:13:12,778 [main] INFO  db.DBStoreBuilder (DBStoreBuilder.java:processTables(168)) - Using default column profile:DBProfile.DISK for Table:openKeyTable
2019-10-10 07:13:12,778 [main] INFO  db.DBStoreBuilder (DBStoreBuilder.java:addTable(117)) - using custom profile for table: s3Table
2019-10-10 07:13:12,778 [main] INFO  db.DBStoreBuilder (DBStoreBuilder.java:processTables(168)) - Using default column profile:DBProfile.DISK for Table:s3Table
2019-10-10 07:13:12,778 [main] INFO  db.DBStoreBuilder (DBStoreBuilder.java:addTable(117)) - using custom profile for table: multipartInfoTable
2019-10-10 07:13:12,778 [main] INFO  db.DBStoreBuilder (DBStoreBuilder.java:processTables(168)) - Using default column profile:DBProfile.DISK for Table:multipartInfoTable
2019-10-10 07:13:12,778 [main] INFO  db.DBStoreBuilder (DBStoreBuilder.java:addTable(117)) - using custom profile for table: dTokenTable
2019-10-10 07:13:12,778 [main] INFO  db.DBStoreBuilder (DBStoreBuilder.java:processTables(168)) - Using default column profile:DBProfile.DISK for Table:dTokenTable
2019-10-10 07:13:12,779 [main] INFO  db.DBStoreBuilder (DBStoreBuilder.java:addTable(117)) - using custom profile for table: s3SecretTable
2019-10-10 07:13:12,779 [main] INFO  db.DBStoreBuilder (DBStoreBuilder.java:processTables(168)) - Using default column profile:DBProfile.DISK for Table:s3SecretTable
2019-10-10 07:13:12,779 [main] INFO  db.DBStoreBuilder (DBStoreBuilder.java:addTable(117)) - using custom profile for table: prefixTable
2019-10-10 07:13:12,779 [main] INFO  db.DBStoreBuilder (DBStoreBuilder.java:processTables(168)) - Using default column profile:DBProfile.DISK for Table:prefixTable
2019-10-10 07:13:12,779 [main] INFO  db.DBStoreBuilder (DBStoreBuilder.java:addTable(117)) - using custom profile for table: default
2019-10-10 07:13:12,779 [main] INFO  db.DBStoreBuilder (DBStoreBuilder.java:processTables(174)) - Using default column profile:DBProfile.DISK for Table:default
2019-10-10 07:13:12,780 [main] INFO  db.DBStoreBuilder (DBStoreBuilder.java:getDbProfile(205)) - Using default options. DBProfile.DISK
2019-10-10 07:13:13,327 [main] INFO  ipc.CallQueueManager (CallQueueManager.java:<init>(84)) - Using callQueue: class java.util.concurrent.LinkedBlockingQueue, queueCapacity: 2000, scheduler: class org.apache.hadoop.ipc.DefaultRpcScheduler, ipcBackoff: false.
2019-10-10 07:13:13,328 [Socket Reader #1 for port 41146] INFO  ipc.Server (Server.java:run(1074)) - Starting Socket Reader #1 for port 41146
2019-10-10 07:13:13,345 [main] INFO  om.OzoneManager (OzoneManager.java:start(1071)) - OzoneManager RPC server is listening at localhost/127.0.0.1:41146
2019-10-10 07:13:13,345 [main] INFO  impl.MetricsSystemImpl (MetricsSystemImpl.java:init(158)) - OzoneManager metrics system started (again)
2019-10-10 07:13:13,347 [IPC Server Responder] INFO  ipc.Server (Server.java:run(1314)) - IPC Server Responder: starting
2019-10-10 07:13:13,347 [IPC Server listener on 41146] INFO  ipc.Server (Server.java:run(1153)) - IPC Server listener on 41146: starting
2019-10-10 07:13:13,354 [main] INFO  hdfs.DFSUtil (DFSUtil.java:httpServerTemplateForNNAndJN(1641)) - Starting Web-server for ozoneManager at: http://0.0.0.0:0
2019-10-10 07:13:13,355 [main] INFO  server.AuthenticationFilter (AuthenticationFilter.java:constructSecretProvider(240)) - Unable to initialize FileSignerSecretProvider, falling back to use random secrets.
2019-10-10 07:13:13,356 [main] WARN  http.HttpRequestLog (HttpRequestLog.java:getRequestLog(97)) - Jetty request log can only be enabled using Log4j
2019-10-10 07:13:13,358 [main] INFO  http.HttpServer2 (HttpServer2.java:addGlobalFilter(975)) - Added global filter 'safety' (class=org.apache.hadoop.http.HttpServer2$QuotingInputFilter)
2019-10-10 07:13:13,358 [main] INFO  http.HttpServer2 (HttpServer2.java:addFilter(948)) - Added filter static_user_filter (class=org.apache.hadoop.http.lib.StaticUserWebFilter$StaticUserFilter) to context ozoneManager
2019-10-10 07:13:13,358 [main] INFO  http.HttpServer2 (HttpServer2.java:addFilter(958)) - Added filter static_user_filter (class=org.apache.hadoop.http.lib.StaticUserWebFilter$StaticUserFilter) to context logs
2019-10-10 07:13:13,359 [main] INFO  http.HttpServer2 (HttpServer2.java:addFilter(958)) - Added filter static_user_filter (class=org.apache.hadoop.http.lib.StaticUserWebFilter$StaticUserFilter) to context static
2019-10-10 07:13:13,359 [main] INFO  http.HttpServer2 (HttpServer2.java:bindListener(1191)) - Jetty bound to port 39420
2019-10-10 07:13:13,360 [main] INFO  server.Server (Server.java:doStart(351)) - jetty-9.3.25.v20180904, build timestamp: 2018-09-04T21:11:46Z, git hash: 3ce520221d0240229c862b122d2b06c12a625732
2019-10-10 07:13:13,361 [main] INFO  handler.ContextHandler (ContextHandler.java:doStart(781)) - Started o.e.j.s.ServletContextHandler@b768a65{/logs,file:///workdir/hadoop-ozone/integration-test/target/log,AVAILABLE}
2019-10-10 07:13:13,362 [main] INFO  handler.ContextHandler (ContextHandler.java:doStart(781)) - Started o.e.j.s.ServletContextHandler@6986f93e{/static,file:///workdir/hadoop-ozone/integration-test/target/test-classes/webapps/static,AVAILABLE}
2019-10-10 07:13:13,366 [main] INFO  handler.ContextHandler (ContextHandler.java:doStart(781)) - Started o.e.j.w.WebAppContext@1e76afeb{/,file:///workdir/hadoop-ozone/integration-test/target/test-classes/webapps/ozoneManager/,AVAILABLE}{/ozoneManager}
2019-10-10 07:13:13,367 [main] INFO  server.AbstractConnector (AbstractConnector.java:doStart(278)) - Started ServerConnector@447fa959{HTTP/1.1,[http/1.1]}{0.0.0.0:39420}
2019-10-10 07:13:13,368 [main] INFO  server.Server (Server.java:doStart(419)) - Started @224536ms
2019-10-10 07:13:13,368 [main] WARN  impl.MetricsSystemImpl (MetricsSystemImpl.java:register(276)) - Sink prometheus already exists!
2019-10-10 07:13:13,369 [main] INFO  server.BaseHttpServer (BaseHttpServer.java:updateConnectorAddress(215)) - HTTP server of OZONEMANAGER is listening at http://0.0.0.0:39420
2019-10-10 07:13:13,402 [main] INFO  impl.MetricsSystemImpl (MetricsSystemImpl.java:init(158)) - HddsDatanode metrics system started (again)
2019-10-10 07:13:13,406 [main] INFO  ozone.HddsDatanodeService (HddsDatanodeService.java:start(184)) - HddsDatanodeService host:pr-hdds-2266-2msfb-4116138409 ip:192.168.30.31
2019-10-10 07:13:13,413 [main] INFO  volume.HddsVolume (HddsVolume.java:<init>(176)) - Creating Volume: /workdir/hadoop-ozone/integration-test/target/test-dir/MiniOzoneClusterImpl-9bfdac0f-0aca-46f5-97b6-b623c9f6701c/datanode-0/data/containers/hdds of  storage type : DISK and capacity : 1482555576320
2019-10-10 07:13:13,413 [main] INFO  volume.VolumeSet (VolumeSet.java:initializeVolumeSet(170)) - Added Volume : /workdir/hadoop-ozone/integration-test/target/test-dir/MiniOzoneClusterImpl-9bfdac0f-0aca-46f5-97b6-b623c9f6701c/datanode-0/data/containers/hdds to VolumeSet
2019-10-10 07:13:13,414 [main] INFO  volume.ThrottledAsyncChecker (ThrottledAsyncChecker.java:schedule(141)) - Scheduling a check for org.apache.hadoop.ozone.container.common.volume.HddsVolume@570a62a5
2019-10-10 07:13:13,414 [main] INFO  volume.HddsVolumeChecker (HddsVolumeChecker.java:checkAllVolumes(204)) - Scheduled health check for volume org.apache.hadoop.ozone.container.common.volume.HddsVolume@570a62a5
2019-10-10 07:13:13,426 [main] INFO  impl.RaftServerProxy (ConfUtils.java:logGet(43)) - raft.rpc.type = GRPC (default)
2019-10-10 07:13:13,426 [main] INFO  grpc.GrpcFactory (GrpcFactory.java:checkPooledByteBufAllocatorUseCacheForAllThreads(45)) - PERFORMANCE WARNING: useCacheForAllThreads is true that may cause Netty to create a lot garbage objects and, as a result, trigger GC.
	It is recommended to disable useCacheForAllThreads by setting -Dorg.apache.ratis.thirdparty.io.netty.allocator.useCacheForAllThreads=false in command line.
2019-10-10 07:13:13,427 [main] INFO  grpc.GrpcConfigKeys$Server (ConfUtils.java:logGet(43)) - raft.grpc.server.port = 0 (default)
2019-10-10 07:13:13,427 [main] INFO  server.GrpcService (ConfUtils.java:logGet(43)) - raft.grpc.message.size.max = 33570816 (custom)
2019-10-10 07:13:13,427 [main] INFO  server.RaftServerConfigKeys (ConfUtils.java:logGet(43)) - raft.server.log.appender.buffer.byte-limit = 33554432 (custom)
2019-10-10 07:13:13,427 [main] INFO  server.GrpcService (ConfUtils.java:logGet(43)) - raft.grpc.flow.control.window = 1MB (=1048576) (default)
2019-10-10 07:13:13,427 [main] INFO  server.RaftServerConfigKeys (ConfUtils.java:logGet(43)) - raft.server.rpc.request.timeout = 3000ms (default)
2019-10-10 07:13:13,428 [main] INFO  server.RaftServerConfigKeys (ConfUtils.java:logGet(43)) - raft.server.storage.dir = [/workdir/hadoop-ozone/integration-test/target/test-dir/MiniOzoneClusterImpl-9bfdac0f-0aca-46f5-97b6-b623c9f6701c/datanode-0/data/ratis] (custom)
2019-10-10 07:13:13,429 [main] INFO  hdfs.DFSUtil (DFSUtil.java:httpServerTemplateForNNAndJN(1641)) - Starting Web-server for hddsDatanode at: http://0.0.0.0:0
2019-10-10 07:13:13,431 [main] INFO  server.AuthenticationFilter (AuthenticationFilter.java:constructSecretProvider(240)) - Unable to initialize FileSignerSecretProvider, falling back to use random secrets.
2019-10-10 07:13:13,432 [main] WARN  http.HttpRequestLog (HttpRequestLog.java:getRequestLog(97)) - Jetty request log can only be enabled using Log4j
2019-10-10 07:13:13,434 [main] INFO  http.HttpServer2 (HttpServer2.java:addGlobalFilter(975)) - Added global filter 'safety' (class=org.apache.hadoop.http.HttpServer2$QuotingInputFilter)
2019-10-10 07:13:13,435 [main] INFO  http.HttpServer2 (HttpServer2.java:addFilter(948)) - Added filter static_user_filter (class=org.apache.hadoop.http.lib.StaticUserWebFilter$StaticUserFilter) to context hddsDatanode
2019-10-10 07:13:13,435 [main] INFO  http.HttpServer2 (HttpServer2.java:addFilter(958)) - Added filter static_user_filter (class=org.apache.hadoop.http.lib.StaticUserWebFilter$StaticUserFilter) to context logs
2019-10-10 07:13:13,435 [main] INFO  http.HttpServer2 (HttpServer2.java:addFilter(958)) - Added filter static_user_filter (class=org.apache.hadoop.http.lib.StaticUserWebFilter$StaticUserFilter) to context static
2019-10-10 07:13:13,437 [main] INFO  http.HttpServer2 (HttpServer2.java:bindListener(1191)) - Jetty bound to port 42880
2019-10-10 07:13:13,437 [main] INFO  server.Server (Server.java:doStart(351)) - jetty-9.3.25.v20180904, build timestamp: 2018-09-04T21:11:46Z, git hash: 3ce520221d0240229c862b122d2b06c12a625732
2019-10-10 07:13:13,439 [main] INFO  handler.ContextHandler (ContextHandler.java:doStart(781)) - Started o.e.j.s.ServletContextHandler@1118d539{/logs,file:///workdir/hadoop-ozone/integration-test/target/log,AVAILABLE}
2019-10-10 07:13:13,439 [main] INFO  handler.ContextHandler (ContextHandler.java:doStart(781)) - Started o.e.j.s.ServletContextHandler@76216830{/static,jar:file:/home/user/.m2/repository/org/apache/hadoop/hadoop-hdds-container-service/0.5.0-SNAPSHOT/hadoop-hdds-container-service-0.5.0-SNAPSHOT.jar!/webapps/static,AVAILABLE}
2019-10-10 07:13:13,485 [main] INFO  handler.ContextHandler (ContextHandler.java:doStart(781)) - Started o.e.j.w.WebAppContext@16cf8438{/,file:///tmp/jetty-0.0.0.0-42880-hddsDatanode-_-any-8197815064079265169.dir/webapp/,AVAILABLE}{/hddsDatanode}
2019-10-10 07:13:13,486 [main] INFO  server.AbstractConnector (AbstractConnector.java:doStart(278)) - Started ServerConnector@3e5beab5{HTTP/1.1,[http/1.1]}{0.0.0.0:42880}
2019-10-10 07:13:13,488 [main] INFO  server.Server (Server.java:doStart(419)) - Started @224656ms
2019-10-10 07:13:13,488 [main] WARN  impl.MetricsSystemImpl (MetricsSystemImpl.java:register(276)) - Sink prometheus already exists!
2019-10-10 07:13:13,489 [main] INFO  server.BaseHttpServer (BaseHttpServer.java:updateConnectorAddress(215)) - HTTP server of HDDSDATANODE is listening at http://0.0.0.0:42880
2019-10-10 07:13:13,489 [main] INFO  impl.MetricsSystemImpl (MetricsSystemImpl.java:init(158)) - HddsDatanode metrics system started (again)
2019-10-10 07:13:13,493 [org.apache.hadoop.util.JvmPauseMonitor$Monitor@2a4c13f3] INFO  util.JvmPauseMonitor (JvmPauseMonitor.java:run(188)) - Starting JVM pause monitor
2019-10-10 07:13:13,494 [main] INFO  ozone.HddsDatanodeService (HddsDatanodeService.java:start(184)) - HddsDatanodeService host:pr-hdds-2266-2msfb-4116138409 ip:192.168.30.31
2019-10-10 07:13:13,495 [Datanode State Machine Thread - 0] INFO  datanode.InitDatanodeState (InitDatanodeState.java:persistContainerDatanodeDetails(140)) - DatanodeDetails is persisted to /workdir/hadoop-ozone/integration-test/target/test-dir/MiniOzoneClusterImpl-9bfdac0f-0aca-46f5-97b6-b623c9f6701c/datanode-0/meta/datanode.id
2019-10-10 07:13:13,501 [main] INFO  volume.HddsVolume (HddsVolume.java:<init>(176)) - Creating Volume: /workdir/hadoop-ozone/integration-test/target/test-dir/MiniOzoneClusterImpl-9bfdac0f-0aca-46f5-97b6-b623c9f6701c/datanode-1/data/containers/hdds of  storage type : DISK and capacity : 1482555576320
2019-10-10 07:13:13,501 [main] INFO  volume.VolumeSet (VolumeSet.java:initializeVolumeSet(170)) - Added Volume : /workdir/hadoop-ozone/integration-test/target/test-dir/MiniOzoneClusterImpl-9bfdac0f-0aca-46f5-97b6-b623c9f6701c/datanode-1/data/containers/hdds to VolumeSet
2019-10-10 07:13:13,502 [main] INFO  volume.ThrottledAsyncChecker (ThrottledAsyncChecker.java:schedule(141)) - Scheduling a check for org.apache.hadoop.ozone.container.common.volume.HddsVolume@2a0b901c
2019-10-10 07:13:13,502 [main] INFO  volume.HddsVolumeChecker (HddsVolumeChecker.java:checkAllVolumes(204)) - Scheduled health check for volume org.apache.hadoop.ozone.container.common.volume.HddsVolume@2a0b901c
2019-10-10 07:13:13,518 [main] INFO  impl.RaftServerProxy (ConfUtils.java:logGet(43)) - raft.rpc.type = GRPC (default)
2019-10-10 07:13:13,519 [main] INFO  grpc.GrpcFactory (GrpcFactory.java:checkPooledByteBufAllocatorUseCacheForAllThreads(45)) - PERFORMANCE WARNING: useCacheForAllThreads is true that may cause Netty to create a lot garbage objects and, as a result, trigger GC.
	It is recommended to disable useCacheForAllThreads by setting -Dorg.apache.ratis.thirdparty.io.netty.allocator.useCacheForAllThreads=false in command line.
2019-10-10 07:13:13,519 [main] INFO  grpc.GrpcConfigKeys$Server (ConfUtils.java:logGet(43)) - raft.grpc.server.port = 0 (default)
2019-10-10 07:13:13,519 [main] INFO  server.GrpcService (ConfUtils.java:logGet(43)) - raft.grpc.message.size.max = 33570816 (custom)
2019-10-10 07:13:13,519 [main] INFO  server.RaftServerConfigKeys (ConfUtils.java:logGet(43)) - raft.server.log.appender.buffer.byte-limit = 33554432 (custom)
2019-10-10 07:13:13,519 [main] INFO  server.GrpcService (ConfUtils.java:logGet(43)) - raft.grpc.flow.control.window = 1MB (=1048576) (default)
2019-10-10 07:13:13,520 [main] INFO  server.RaftServerConfigKeys (ConfUtils.java:logGet(43)) - raft.server.rpc.request.timeout = 3000ms (default)
2019-10-10 07:13:13,520 [main] INFO  server.RaftServerConfigKeys (ConfUtils.java:logGet(43)) - raft.server.storage.dir = [/workdir/hadoop-ozone/integration-test/target/test-dir/MiniOzoneClusterImpl-9bfdac0f-0aca-46f5-97b6-b623c9f6701c/datanode-1/data/ratis] (custom)
2019-10-10 07:13:13,521 [main] INFO  hdfs.DFSUtil (DFSUtil.java:httpServerTemplateForNNAndJN(1641)) - Starting Web-server for hddsDatanode at: http://0.0.0.0:0
2019-10-10 07:13:13,523 [main] INFO  server.AuthenticationFilter (AuthenticationFilter.java:constructSecretProvider(240)) - Unable to initialize FileSignerSecretProvider, falling back to use random secrets.
2019-10-10 07:13:13,523 [main] WARN  http.HttpRequestLog (HttpRequestLog.java:getRequestLog(97)) - Jetty request log can only be enabled using Log4j
2019-10-10 07:13:13,525 [main] INFO  http.HttpServer2 (HttpServer2.java:addGlobalFilter(975)) - Added global filter 'safety' (class=org.apache.hadoop.http.HttpServer2$QuotingInputFilter)
2019-10-10 07:13:13,525 [main] INFO  http.HttpServer2 (HttpServer2.java:addFilter(948)) - Added filter static_user_filter (class=org.apache.hadoop.http.lib.StaticUserWebFilter$StaticUserFilter) to context hddsDatanode
2019-10-10 07:13:13,525 [main] INFO  http.HttpServer2 (HttpServer2.java:addFilter(958)) - Added filter static_user_filter (class=org.apache.hadoop.http.lib.StaticUserWebFilter$StaticUserFilter) to context logs
2019-10-10 07:13:13,526 [main] INFO  http.HttpServer2 (HttpServer2.java:addFilter(958)) - Added filter static_user_filter (class=org.apache.hadoop.http.lib.StaticUserWebFilter$StaticUserFilter) to context static
2019-10-10 07:13:13,526 [main] INFO  http.HttpServer2 (HttpServer2.java:bindListener(1191)) - Jetty bound to port 45881
2019-10-10 07:13:13,527 [main] INFO  server.Server (Server.java:doStart(351)) - jetty-9.3.25.v20180904, build timestamp: 2018-09-04T21:11:46Z, git hash: 3ce520221d0240229c862b122d2b06c12a625732
2019-10-10 07:13:13,528 [main] INFO  handler.ContextHandler (ContextHandler.java:doStart(781)) - Started o.e.j.s.ServletContextHandler@7ccd611e{/logs,file:///workdir/hadoop-ozone/integration-test/target/log,AVAILABLE}
2019-10-10 07:13:13,529 [main] INFO  handler.ContextHandler (ContextHandler.java:doStart(781)) - Started o.e.j.s.ServletContextHandler@5c3d4f05{/static,jar:file:/home/user/.m2/repository/org/apache/hadoop/hadoop-hdds-container-service/0.5.0-SNAPSHOT/hadoop-hdds-container-service-0.5.0-SNAPSHOT.jar!/webapps/static,AVAILABLE}
2019-10-10 07:13:13,561 [main] INFO  handler.ContextHandler (ContextHandler.java:doStart(781)) - Started o.e.j.w.WebAppContext@14de1901{/,file:///tmp/jetty-0.0.0.0-45881-hddsDatanode-_-any-1140193020434159292.dir/webapp/,AVAILABLE}{/hddsDatanode}
2019-10-10 07:13:13,561 [main] INFO  server.AbstractConnector (AbstractConnector.java:doStart(278)) - Started ServerConnector@437ed416{HTTP/1.1,[http/1.1]}{0.0.0.0:45881}
2019-10-10 07:13:13,563 [main] INFO  server.Server (Server.java:doStart(419)) - Started @224731ms
2019-10-10 07:13:13,563 [main] WARN  impl.MetricsSystemImpl (MetricsSystemImpl.java:register(276)) - Sink prometheus already exists!
2019-10-10 07:13:13,564 [main] INFO  server.BaseHttpServer (BaseHttpServer.java:updateConnectorAddress(215)) - HTTP server of HDDSDATANODE is listening at http://0.0.0.0:45881
2019-10-10 07:13:13,564 [main] INFO  impl.MetricsSystemImpl (MetricsSystemImpl.java:init(158)) - HddsDatanode metrics system started (again)
2019-10-10 07:13:13,568 [org.apache.hadoop.util.JvmPauseMonitor$Monitor@1ebcc219] INFO  util.JvmPauseMonitor (JvmPauseMonitor.java:run(188)) - Starting JVM pause monitor
2019-10-10 07:13:13,569 [main] INFO  ozone.HddsDatanodeService (HddsDatanodeService.java:start(184)) - HddsDatanodeService host:pr-hdds-2266-2msfb-4116138409 ip:192.168.30.31
2019-10-10 07:13:13,570 [Datanode State Machine Thread - 0] INFO  datanode.InitDatanodeState (InitDatanodeState.java:persistContainerDatanodeDetails(140)) - DatanodeDetails is persisted to /workdir/hadoop-ozone/integration-test/target/test-dir/MiniOzoneClusterImpl-9bfdac0f-0aca-46f5-97b6-b623c9f6701c/datanode-1/meta/datanode.id
2019-10-10 07:13:13,578 [main] INFO  volume.HddsVolume (HddsVolume.java:<init>(176)) - Creating Volume: /workdir/hadoop-ozone/integration-test/target/test-dir/MiniOzoneClusterImpl-9bfdac0f-0aca-46f5-97b6-b623c9f6701c/datanode-2/data/containers/hdds of  storage type : DISK and capacity : 1482555576320
2019-10-10 07:13:13,579 [main] INFO  volume.VolumeSet (VolumeSet.java:initializeVolumeSet(170)) - Added Volume : /workdir/hadoop-ozone/integration-test/target/test-dir/MiniOzoneClusterImpl-9bfdac0f-0aca-46f5-97b6-b623c9f6701c/datanode-2/data/containers/hdds to VolumeSet
2019-10-10 07:13:13,579 [main] INFO  volume.ThrottledAsyncChecker (ThrottledAsyncChecker.java:schedule(141)) - Scheduling a check for org.apache.hadoop.ozone.container.common.volume.HddsVolume@34c7232c
2019-10-10 07:13:13,580 [main] INFO  volume.HddsVolumeChecker (HddsVolumeChecker.java:checkAllVolumes(204)) - Scheduled health check for volume org.apache.hadoop.ozone.container.common.volume.HddsVolume@34c7232c
2019-10-10 07:13:13,603 [main] INFO  impl.RaftServerProxy (ConfUtils.java:logGet(43)) - raft.rpc.type = GRPC (default)
2019-10-10 07:13:13,603 [main] INFO  grpc.GrpcFactory (GrpcFactory.java:checkPooledByteBufAllocatorUseCacheForAllThreads(45)) - PERFORMANCE WARNING: useCacheForAllThreads is true that may cause Netty to create a lot garbage objects and, as a result, trigger GC.
	It is recommended to disable useCacheForAllThreads by setting -Dorg.apache.ratis.thirdparty.io.netty.allocator.useCacheForAllThreads=false in command line.
2019-10-10 07:13:13,603 [main] INFO  grpc.GrpcConfigKeys$Server (ConfUtils.java:logGet(43)) - raft.grpc.server.port = 0 (default)
2019-10-10 07:13:13,603 [main] INFO  server.GrpcService (ConfUtils.java:logGet(43)) - raft.grpc.message.size.max = 33570816 (custom)
2019-10-10 07:13:13,604 [main] INFO  server.RaftServerConfigKeys (ConfUtils.java:logGet(43)) - raft.server.log.appender.buffer.byte-limit = 33554432 (custom)
2019-10-10 07:13:13,604 [main] INFO  server.GrpcService (ConfUtils.java:logGet(43)) - raft.grpc.flow.control.window = 1MB (=1048576) (default)
2019-10-10 07:13:13,604 [main] INFO  server.RaftServerConfigKeys (ConfUtils.java:logGet(43)) - raft.server.rpc.request.timeout = 3000ms (default)
2019-10-10 07:13:13,605 [main] INFO  server.RaftServerConfigKeys (ConfUtils.java:logGet(43)) - raft.server.storage.dir = [/workdir/hadoop-ozone/integration-test/target/test-dir/MiniOzoneClusterImpl-9bfdac0f-0aca-46f5-97b6-b623c9f6701c/datanode-2/data/ratis] (custom)
2019-10-10 07:13:13,606 [main] INFO  hdfs.DFSUtil (DFSUtil.java:httpServerTemplateForNNAndJN(1641)) - Starting Web-server for hddsDatanode at: http://0.0.0.0:0
2019-10-10 07:13:13,607 [main] INFO  server.AuthenticationFilter (AuthenticationFilter.java:constructSecretProvider(240)) - Unable to initialize FileSignerSecretProvider, falling back to use random secrets.
2019-10-10 07:13:13,608 [main] WARN  http.HttpRequestLog (HttpRequestLog.java:getRequestLog(97)) - Jetty request log can only be enabled using Log4j
2019-10-10 07:13:13,609 [main] INFO  http.HttpServer2 (HttpServer2.java:addGlobalFilter(975)) - Added global filter 'safety' (class=org.apache.hadoop.http.HttpServer2$QuotingInputFilter)
2019-10-10 07:13:13,610 [main] INFO  http.HttpServer2 (HttpServer2.java:addFilter(948)) - Added filter static_user_filter (class=org.apache.hadoop.http.lib.StaticUserWebFilter$StaticUserFilter) to context hddsDatanode
2019-10-10 07:13:13,610 [main] INFO  http.HttpServer2 (HttpServer2.java:addFilter(958)) - Added filter static_user_filter (class=org.apache.hadoop.http.lib.StaticUserWebFilter$StaticUserFilter) to context logs
2019-10-10 07:13:13,610 [main] INFO  http.HttpServer2 (HttpServer2.java:addFilter(958)) - Added filter static_user_filter (class=org.apache.hadoop.http.lib.StaticUserWebFilter$StaticUserFilter) to context static
2019-10-10 07:13:13,611 [main] INFO  http.HttpServer2 (HttpServer2.java:bindListener(1191)) - Jetty bound to port 37235
2019-10-10 07:13:13,611 [main] INFO  server.Server (Server.java:doStart(351)) - jetty-9.3.25.v20180904, build timestamp: 2018-09-04T21:11:46Z, git hash: 3ce520221d0240229c862b122d2b06c12a625732
2019-10-10 07:13:13,613 [main] INFO  handler.ContextHandler (ContextHandler.java:doStart(781)) - Started o.e.j.s.ServletContextHandler@2dc39b53{/logs,file:///workdir/hadoop-ozone/integration-test/target/log,AVAILABLE}
2019-10-10 07:13:13,613 [main] INFO  handler.ContextHandler (ContextHandler.java:doStart(781)) - Started o.e.j.s.ServletContextHandler@2f2e4bde{/static,jar:file:/home/user/.m2/repository/org/apache/hadoop/hadoop-hdds-container-service/0.5.0-SNAPSHOT/hadoop-hdds-container-service-0.5.0-SNAPSHOT.jar!/webapps/static,AVAILABLE}
2019-10-10 07:13:13,647 [main] INFO  handler.ContextHandler (ContextHandler.java:doStart(781)) - Started o.e.j.w.WebAppContext@687389a6{/,file:///tmp/jetty-0.0.0.0-37235-hddsDatanode-_-any-5450727247045315851.dir/webapp/,AVAILABLE}{/hddsDatanode}
2019-10-10 07:13:13,648 [main] INFO  server.AbstractConnector (AbstractConnector.java:doStart(278)) - Started ServerConnector@8641b7d{HTTP/1.1,[http/1.1]}{0.0.0.0:37235}
2019-10-10 07:13:13,650 [main] INFO  server.Server (Server.java:doStart(419)) - Started @224818ms
2019-10-10 07:13:13,650 [main] WARN  impl.MetricsSystemImpl (MetricsSystemImpl.java:register(276)) - Sink prometheus already exists!
2019-10-10 07:13:13,650 [main] INFO  server.BaseHttpServer (BaseHttpServer.java:updateConnectorAddress(215)) - HTTP server of HDDSDATANODE is listening at http://0.0.0.0:37235
2019-10-10 07:13:13,651 [main] INFO  impl.MetricsSystemImpl (MetricsSystemImpl.java:init(158)) - HddsDatanode metrics system started (again)
2019-10-10 07:13:13,655 [org.apache.hadoop.util.JvmPauseMonitor$Monitor@39fe80d7] INFO  util.JvmPauseMonitor (JvmPauseMonitor.java:run(188)) - Starting JVM pause monitor
2019-10-10 07:13:13,656 [main] INFO  ozone.HddsDatanodeService (HddsDatanodeService.java:start(184)) - HddsDatanodeService host:pr-hdds-2266-2msfb-4116138409 ip:192.168.30.31
2019-10-10 07:13:13,657 [Datanode State Machine Thread - 0] INFO  datanode.InitDatanodeState (InitDatanodeState.java:persistContainerDatanodeDetails(140)) - DatanodeDetails is persisted to /workdir/hadoop-ozone/integration-test/target/test-dir/MiniOzoneClusterImpl-9bfdac0f-0aca-46f5-97b6-b623c9f6701c/datanode-2/meta/datanode.id
2019-10-10 07:13:13,662 [main] INFO  volume.HddsVolume (HddsVolume.java:<init>(176)) - Creating Volume: /workdir/hadoop-ozone/integration-test/target/test-dir/MiniOzoneClusterImpl-9bfdac0f-0aca-46f5-97b6-b623c9f6701c/datanode-3/data/containers/hdds of  storage type : DISK and capacity : 1482555576320
2019-10-10 07:13:13,663 [main] INFO  volume.VolumeSet (VolumeSet.java:initializeVolumeSet(170)) - Added Volume : /workdir/hadoop-ozone/integration-test/target/test-dir/MiniOzoneClusterImpl-9bfdac0f-0aca-46f5-97b6-b623c9f6701c/datanode-3/data/containers/hdds to VolumeSet
2019-10-10 07:13:13,663 [main] INFO  volume.ThrottledAsyncChecker (ThrottledAsyncChecker.java:schedule(141)) - Scheduling a check for org.apache.hadoop.ozone.container.common.volume.HddsVolume@53d6e959
2019-10-10 07:13:13,663 [main] INFO  volume.HddsVolumeChecker (HddsVolumeChecker.java:checkAllVolumes(204)) - Scheduled health check for volume org.apache.hadoop.ozone.container.common.volume.HddsVolume@53d6e959
2019-10-10 07:13:13,676 [main] INFO  impl.RaftServerProxy (ConfUtils.java:logGet(43)) - raft.rpc.type = GRPC (default)
2019-10-10 07:13:13,677 [main] INFO  grpc.GrpcFactory (GrpcFactory.java:checkPooledByteBufAllocatorUseCacheForAllThreads(45)) - PERFORMANCE WARNING: useCacheForAllThreads is true that may cause Netty to create a lot garbage objects and, as a result, trigger GC.
	It is recommended to disable useCacheForAllThreads by setting -Dorg.apache.ratis.thirdparty.io.netty.allocator.useCacheForAllThreads=false in command line.
2019-10-10 07:13:13,677 [main] INFO  grpc.GrpcConfigKeys$Server (ConfUtils.java:logGet(43)) - raft.grpc.server.port = 0 (default)
2019-10-10 07:13:13,677 [main] INFO  server.GrpcService (ConfUtils.java:logGet(43)) - raft.grpc.message.size.max = 33570816 (custom)
2019-10-10 07:13:13,677 [main] INFO  server.RaftServerConfigKeys (ConfUtils.java:logGet(43)) - raft.server.log.appender.buffer.byte-limit = 33554432 (custom)
2019-10-10 07:13:13,677 [main] INFO  server.GrpcService (ConfUtils.java:logGet(43)) - raft.grpc.flow.control.window = 1MB (=1048576) (default)
2019-10-10 07:13:13,677 [main] INFO  server.RaftServerConfigKeys (ConfUtils.java:logGet(43)) - raft.server.rpc.request.timeout = 3000ms (default)
2019-10-10 07:13:13,678 [main] INFO  server.RaftServerConfigKeys (ConfUtils.java:logGet(43)) - raft.server.storage.dir = [/workdir/hadoop-ozone/integration-test/target/test-dir/MiniOzoneClusterImpl-9bfdac0f-0aca-46f5-97b6-b623c9f6701c/datanode-3/data/ratis] (custom)
2019-10-10 07:13:13,679 [main] INFO  hdfs.DFSUtil (DFSUtil.java:httpServerTemplateForNNAndJN(1641)) - Starting Web-server for hddsDatanode at: http://0.0.0.0:0
2019-10-10 07:13:13,680 [main] INFO  server.AuthenticationFilter (AuthenticationFilter.java:constructSecretProvider(240)) - Unable to initialize FileSignerSecretProvider, falling back to use random secrets.
2019-10-10 07:13:13,681 [main] WARN  http.HttpRequestLog (HttpRequestLog.java:getRequestLog(97)) - Jetty request log can only be enabled using Log4j
2019-10-10 07:13:13,682 [main] INFO  http.HttpServer2 (HttpServer2.java:addGlobalFilter(975)) - Added global filter 'safety' (class=org.apache.hadoop.http.HttpServer2$QuotingInputFilter)
2019-10-10 07:13:13,683 [main] INFO  http.HttpServer2 (HttpServer2.java:addFilter(948)) - Added filter static_user_filter (class=org.apache.hadoop.http.lib.StaticUserWebFilter$StaticUserFilter) to context hddsDatanode
2019-10-10 07:13:13,683 [main] INFO  http.HttpServer2 (HttpServer2.java:addFilter(958)) - Added filter static_user_filter (class=org.apache.hadoop.http.lib.StaticUserWebFilter$StaticUserFilter) to context static
2019-10-10 07:13:13,683 [main] INFO  http.HttpServer2 (HttpServer2.java:addFilter(958)) - Added filter static_user_filter (class=org.apache.hadoop.http.lib.StaticUserWebFilter$StaticUserFilter) to context logs
2019-10-10 07:13:13,684 [main] INFO  http.HttpServer2 (HttpServer2.java:bindListener(1191)) - Jetty bound to port 41075
2019-10-10 07:13:13,684 [main] INFO  server.Server (Server.java:doStart(351)) - jetty-9.3.25.v20180904, build timestamp: 2018-09-04T21:11:46Z, git hash: 3ce520221d0240229c862b122d2b06c12a625732
2019-10-10 07:13:13,686 [main] INFO  handler.ContextHandler (ContextHandler.java:doStart(781)) - Started o.e.j.s.ServletContextHandler@22791b75{/logs,file:///workdir/hadoop-ozone/integration-test/target/log,AVAILABLE}
2019-10-10 07:13:13,687 [main] INFO  handler.ContextHandler (ContextHandler.java:doStart(781)) - Started o.e.j.s.ServletContextHandler@37d28938{/static,jar:file:/home/user/.m2/repository/org/apache/hadoop/hadoop-hdds-container-service/0.5.0-SNAPSHOT/hadoop-hdds-container-service-0.5.0-SNAPSHOT.jar!/webapps/static,AVAILABLE}
2019-10-10 07:13:13,721 [main] INFO  handler.ContextHandler (ContextHandler.java:doStart(781)) - Started o.e.j.w.WebAppContext@12192604{/,file:///tmp/jetty-0.0.0.0-41075-hddsDatanode-_-any-5075835018863021704.dir/webapp/,AVAILABLE}{/hddsDatanode}
2019-10-10 07:13:13,722 [main] INFO  server.AbstractConnector (AbstractConnector.java:doStart(278)) - Started ServerConnector@6075b369{HTTP/1.1,[http/1.1]}{0.0.0.0:41075}
2019-10-10 07:13:13,724 [main] INFO  server.Server (Server.java:doStart(419)) - Started @224892ms
2019-10-10 07:13:13,724 [main] WARN  impl.MetricsSystemImpl (MetricsSystemImpl.java:register(276)) - Sink prometheus already exists!
2019-10-10 07:13:13,725 [main] INFO  server.BaseHttpServer (BaseHttpServer.java:updateConnectorAddress(215)) - HTTP server of HDDSDATANODE is listening at http://0.0.0.0:41075
2019-10-10 07:13:13,725 [main] INFO  impl.MetricsSystemImpl (MetricsSystemImpl.java:init(158)) - HddsDatanode metrics system started (again)
2019-10-10 07:13:13,729 [org.apache.hadoop.util.JvmPauseMonitor$Monitor@42416053] INFO  util.JvmPauseMonitor (JvmPauseMonitor.java:run(188)) - Starting JVM pause monitor
2019-10-10 07:13:13,730 [main] INFO  ozone.HddsDatanodeService (HddsDatanodeService.java:start(184)) - HddsDatanodeService host:pr-hdds-2266-2msfb-4116138409 ip:192.168.30.31
2019-10-10 07:13:13,731 [Datanode State Machine Thread - 0] INFO  datanode.InitDatanodeState (InitDatanodeState.java:persistContainerDatanodeDetails(140)) - DatanodeDetails is persisted to /workdir/hadoop-ozone/integration-test/target/test-dir/MiniOzoneClusterImpl-9bfdac0f-0aca-46f5-97b6-b623c9f6701c/datanode-3/meta/datanode.id
2019-10-10 07:13:13,736 [main] INFO  volume.HddsVolume (HddsVolume.java:<init>(176)) - Creating Volume: /workdir/hadoop-ozone/integration-test/target/test-dir/MiniOzoneClusterImpl-9bfdac0f-0aca-46f5-97b6-b623c9f6701c/datanode-4/data/containers/hdds of  storage type : DISK and capacity : 1482555576320
2019-10-10 07:13:13,737 [main] INFO  volume.VolumeSet (VolumeSet.java:initializeVolumeSet(170)) - Added Volume : /workdir/hadoop-ozone/integration-test/target/test-dir/MiniOzoneClusterImpl-9bfdac0f-0aca-46f5-97b6-b623c9f6701c/datanode-4/data/containers/hdds to VolumeSet
2019-10-10 07:13:13,737 [main] INFO  volume.ThrottledAsyncChecker (ThrottledAsyncChecker.java:schedule(141)) - Scheduling a check for org.apache.hadoop.ozone.container.common.volume.HddsVolume@5a2ae1ab
2019-10-10 07:13:13,737 [main] INFO  volume.HddsVolumeChecker (HddsVolumeChecker.java:checkAllVolumes(204)) - Scheduled health check for volume org.apache.hadoop.ozone.container.common.volume.HddsVolume@5a2ae1ab
2019-10-10 07:13:13,757 [main] INFO  impl.RaftServerProxy (ConfUtils.java:logGet(43)) - raft.rpc.type = GRPC (default)
2019-10-10 07:13:13,757 [main] INFO  grpc.GrpcFactory (GrpcFactory.java:checkPooledByteBufAllocatorUseCacheForAllThreads(45)) - PERFORMANCE WARNING: useCacheForAllThreads is true that may cause Netty to create a lot garbage objects and, as a result, trigger GC.
	It is recommended to disable useCacheForAllThreads by setting -Dorg.apache.ratis.thirdparty.io.netty.allocator.useCacheForAllThreads=false in command line.
2019-10-10 07:13:13,757 [main] INFO  grpc.GrpcConfigKeys$Server (ConfUtils.java:logGet(43)) - raft.grpc.server.port = 0 (default)
2019-10-10 07:13:13,757 [main] INFO  server.GrpcService (ConfUtils.java:logGet(43)) - raft.grpc.message.size.max = 33570816 (custom)
2019-10-10 07:13:13,758 [main] INFO  server.RaftServerConfigKeys (ConfUtils.java:logGet(43)) - raft.server.log.appender.buffer.byte-limit = 33554432 (custom)
2019-10-10 07:13:13,758 [main] INFO  server.GrpcService (ConfUtils.java:logGet(43)) - raft.grpc.flow.control.window = 1MB (=1048576) (default)
2019-10-10 07:13:13,758 [main] INFO  server.RaftServerConfigKeys (ConfUtils.java:logGet(43)) - raft.server.rpc.request.timeout = 3000ms (default)
2019-10-10 07:13:13,759 [main] INFO  server.RaftServerConfigKeys (ConfUtils.java:logGet(43)) - raft.server.storage.dir = [/workdir/hadoop-ozone/integration-test/target/test-dir/MiniOzoneClusterImpl-9bfdac0f-0aca-46f5-97b6-b623c9f6701c/datanode-4/data/ratis] (custom)
2019-10-10 07:13:13,760 [main] INFO  hdfs.DFSUtil (DFSUtil.java:httpServerTemplateForNNAndJN(1641)) - Starting Web-server for hddsDatanode at: http://0.0.0.0:0
2019-10-10 07:13:13,761 [main] INFO  server.AuthenticationFilter (AuthenticationFilter.java:constructSecretProvider(240)) - Unable to initialize FileSignerSecretProvider, falling back to use random secrets.
2019-10-10 07:13:13,762 [main] WARN  http.HttpRequestLog (HttpRequestLog.java:getRequestLog(97)) - Jetty request log can only be enabled using Log4j
2019-10-10 07:13:13,763 [main] INFO  http.HttpServer2 (HttpServer2.java:addGlobalFilter(975)) - Added global filter 'safety' (class=org.apache.hadoop.http.HttpServer2$QuotingInputFilter)
2019-10-10 07:13:13,764 [main] INFO  http.HttpServer2 (HttpServer2.java:addFilter(948)) - Added filter static_user_filter (class=org.apache.hadoop.http.lib.StaticUserWebFilter$StaticUserFilter) to context hddsDatanode
2019-10-10 07:13:13,764 [main] INFO  http.HttpServer2 (HttpServer2.java:addFilter(958)) - Added filter static_user_filter (class=org.apache.hadoop.http.lib.StaticUserWebFilter$StaticUserFilter) to context logs
2019-10-10 07:13:13,764 [main] INFO  http.HttpServer2 (HttpServer2.java:addFilter(958)) - Added filter static_user_filter (class=org.apache.hadoop.http.lib.StaticUserWebFilter$StaticUserFilter) to context static
2019-10-10 07:13:13,765 [main] INFO  http.HttpServer2 (HttpServer2.java:bindListener(1191)) - Jetty bound to port 39288
2019-10-10 07:13:13,765 [main] INFO  server.Server (Server.java:doStart(351)) - jetty-9.3.25.v20180904, build timestamp: 2018-09-04T21:11:46Z, git hash: 3ce520221d0240229c862b122d2b06c12a625732
2019-10-10 07:13:13,767 [main] INFO  handler.ContextHandler (ContextHandler.java:doStart(781)) - Started o.e.j.s.ServletContextHandler@51888019{/logs,file:///workdir/hadoop-ozone/integration-test/target/log,AVAILABLE}
2019-10-10 07:13:13,767 [main] INFO  handler.ContextHandler (ContextHandler.java:doStart(781)) - Started o.e.j.s.ServletContextHandler@19b5214b{/static,jar:file:/home/user/.m2/repository/org/apache/hadoop/hadoop-hdds-container-service/0.5.0-SNAPSHOT/hadoop-hdds-container-service-0.5.0-SNAPSHOT.jar!/webapps/static,AVAILABLE}
2019-10-10 07:13:13,802 [main] INFO  handler.ContextHandler (ContextHandler.java:doStart(781)) - Started o.e.j.w.WebAppContext@2b999ee8{/,file:///tmp/jetty-0.0.0.0-39288-hddsDatanode-_-any-7765900890026927339.dir/webapp/,AVAILABLE}{/hddsDatanode}
2019-10-10 07:13:13,802 [main] INFO  server.AbstractConnector (AbstractConnector.java:doStart(278)) - Started ServerConnector@31ab1e67{HTTP/1.1,[http/1.1]}{0.0.0.0:39288}
2019-10-10 07:13:13,804 [main] INFO  server.Server (Server.java:doStart(419)) - Started @224973ms
2019-10-10 07:13:13,805 [main] WARN  impl.MetricsSystemImpl (MetricsSystemImpl.java:register(276)) - Sink prometheus already exists!
2019-10-10 07:13:13,805 [main] INFO  server.BaseHttpServer (BaseHttpServer.java:updateConnectorAddress(215)) - HTTP server of HDDSDATANODE is listening at http://0.0.0.0:39288
2019-10-10 07:13:13,805 [main] INFO  impl.MetricsSystemImpl (MetricsSystemImpl.java:init(158)) - HddsDatanode metrics system started (again)
2019-10-10 07:13:13,810 [org.apache.hadoop.util.JvmPauseMonitor$Monitor@1b74d12f] INFO  util.JvmPauseMonitor (JvmPauseMonitor.java:run(188)) - Starting JVM pause monitor
2019-10-10 07:13:13,811 [main] INFO  ozone.HddsDatanodeService (HddsDatanodeService.java:start(184)) - HddsDatanodeService host:pr-hdds-2266-2msfb-4116138409 ip:192.168.30.31
2019-10-10 07:13:13,812 [Datanode State Machine Thread - 0] INFO  datanode.InitDatanodeState (InitDatanodeState.java:persistContainerDatanodeDetails(140)) - DatanodeDetails is persisted to /workdir/hadoop-ozone/integration-test/target/test-dir/MiniOzoneClusterImpl-9bfdac0f-0aca-46f5-97b6-b623c9f6701c/datanode-4/meta/datanode.id
2019-10-10 07:13:13,817 [main] INFO  volume.HddsVolume (HddsVolume.java:<init>(176)) - Creating Volume: /workdir/hadoop-ozone/integration-test/target/test-dir/MiniOzoneClusterImpl-9bfdac0f-0aca-46f5-97b6-b623c9f6701c/datanode-5/data/containers/hdds of  storage type : DISK and capacity : 1482555576320
2019-10-10 07:13:13,818 [main] INFO  volume.VolumeSet (VolumeSet.java:initializeVolumeSet(170)) - Added Volume : /workdir/hadoop-ozone/integration-test/target/test-dir/MiniOzoneClusterImpl-9bfdac0f-0aca-46f5-97b6-b623c9f6701c/datanode-5/data/containers/hdds to VolumeSet
2019-10-10 07:13:13,818 [main] INFO  volume.ThrottledAsyncChecker (ThrottledAsyncChecker.java:schedule(141)) - Scheduling a check for org.apache.hadoop.ozone.container.common.volume.HddsVolume@32ae8f27
2019-10-10 07:13:13,818 [main] INFO  volume.HddsVolumeChecker (HddsVolumeChecker.java:checkAllVolumes(204)) - Scheduled health check for volume org.apache.hadoop.ozone.container.common.volume.HddsVolume@32ae8f27
2019-10-10 07:13:13,835 [main] INFO  impl.RaftServerProxy (ConfUtils.java:logGet(43)) - raft.rpc.type = GRPC (default)
2019-10-10 07:13:13,836 [main] INFO  grpc.GrpcFactory (GrpcFactory.java:checkPooledByteBufAllocatorUseCacheForAllThreads(45)) - PERFORMANCE WARNING: useCacheForAllThreads is true that may cause Netty to create a lot garbage objects and, as a result, trigger GC.
	It is recommended to disable useCacheForAllThreads by setting -Dorg.apache.ratis.thirdparty.io.netty.allocator.useCacheForAllThreads=false in command line.
2019-10-10 07:13:13,836 [main] INFO  grpc.GrpcConfigKeys$Server (ConfUtils.java:logGet(43)) - raft.grpc.server.port = 0 (default)
2019-10-10 07:13:13,836 [main] INFO  server.GrpcService (ConfUtils.java:logGet(43)) - raft.grpc.message.size.max = 33570816 (custom)
2019-10-10 07:13:13,836 [main] INFO  server.RaftServerConfigKeys (ConfUtils.java:logGet(43)) - raft.server.log.appender.buffer.byte-limit = 33554432 (custom)
2019-10-10 07:13:13,837 [main] INFO  server.GrpcService (ConfUtils.java:logGet(43)) - raft.grpc.flow.control.window = 1MB (=1048576) (default)
2019-10-10 07:13:13,837 [main] INFO  server.RaftServerConfigKeys (ConfUtils.java:logGet(43)) - raft.server.rpc.request.timeout = 3000ms (default)
2019-10-10 07:13:13,837 [main] INFO  server.RaftServerConfigKeys (ConfUtils.java:logGet(43)) - raft.server.storage.dir = [/workdir/hadoop-ozone/integration-test/target/test-dir/MiniOzoneClusterImpl-9bfdac0f-0aca-46f5-97b6-b623c9f6701c/datanode-5/data/ratis] (custom)
2019-10-10 07:13:13,838 [main] INFO  hdfs.DFSUtil (DFSUtil.java:httpServerTemplateForNNAndJN(1641)) - Starting Web-server for hddsDatanode at: http://0.0.0.0:0
2019-10-10 07:13:13,840 [main] INFO  server.AuthenticationFilter (AuthenticationFilter.java:constructSecretProvider(240)) - Unable to initialize FileSignerSecretProvider, falling back to use random secrets.
2019-10-10 07:13:13,840 [main] WARN  http.HttpRequestLog (HttpRequestLog.java:getRequestLog(97)) - Jetty request log can only be enabled using Log4j
2019-10-10 07:13:13,841 [main] INFO  http.HttpServer2 (HttpServer2.java:addGlobalFilter(975)) - Added global filter 'safety' (class=org.apache.hadoop.http.HttpServer2$QuotingInputFilter)
2019-10-10 07:13:13,842 [main] INFO  http.HttpServer2 (HttpServer2.java:addFilter(948)) - Added filter static_user_filter (class=org.apache.hadoop.http.lib.StaticUserWebFilter$StaticUserFilter) to context hddsDatanode
2019-10-10 07:13:13,842 [main] INFO  http.HttpServer2 (HttpServer2.java:addFilter(958)) - Added filter static_user_filter (class=org.apache.hadoop.http.lib.StaticUserWebFilter$StaticUserFilter) to context static
2019-10-10 07:13:13,842 [main] INFO  http.HttpServer2 (HttpServer2.java:addFilter(958)) - Added filter static_user_filter (class=org.apache.hadoop.http.lib.StaticUserWebFilter$StaticUserFilter) to context logs
2019-10-10 07:13:13,843 [main] INFO  http.HttpServer2 (HttpServer2.java:bindListener(1191)) - Jetty bound to port 34984
2019-10-10 07:13:13,843 [main] INFO  server.Server (Server.java:doStart(351)) - jetty-9.3.25.v20180904, build timestamp: 2018-09-04T21:11:46Z, git hash: 3ce520221d0240229c862b122d2b06c12a625732
2019-10-10 07:13:13,845 [main] INFO  handler.ContextHandler (ContextHandler.java:doStart(781)) - Started o.e.j.s.ServletContextHandler@5b48f0f4{/logs,file:///workdir/hadoop-ozone/integration-test/target/log,AVAILABLE}
2019-10-10 07:13:13,845 [main] INFO  handler.ContextHandler (ContextHandler.java:doStart(781)) - Started o.e.j.s.ServletContextHandler@5bfc79cb{/static,jar:file:/home/user/.m2/repository/org/apache/hadoop/hadoop-hdds-container-service/0.5.0-SNAPSHOT/hadoop-hdds-container-service-0.5.0-SNAPSHOT.jar!/webapps/static,AVAILABLE}
2019-10-10 07:13:13,885 [main] INFO  handler.ContextHandler (ContextHandler.java:doStart(781)) - Started o.e.j.w.WebAppContext@4645679e{/,file:///tmp/jetty-0.0.0.0-34984-hddsDatanode-_-any-2140978361215410282.dir/webapp/,AVAILABLE}{/hddsDatanode}
2019-10-10 07:13:13,886 [main] INFO  server.AbstractConnector (AbstractConnector.java:doStart(278)) - Started ServerConnector@3a0b6a{HTTP/1.1,[http/1.1]}{0.0.0.0:34984}
2019-10-10 07:13:13,888 [main] INFO  server.Server (Server.java:doStart(419)) - Started @225056ms
2019-10-10 07:13:13,888 [main] WARN  impl.MetricsSystemImpl (MetricsSystemImpl.java:register(276)) - Sink prometheus already exists!
2019-10-10 07:13:13,889 [main] INFO  server.BaseHttpServer (BaseHttpServer.java:updateConnectorAddress(215)) - HTTP server of HDDSDATANODE is listening at http://0.0.0.0:34984
2019-10-10 07:13:13,889 [main] INFO  impl.MetricsSystemImpl (MetricsSystemImpl.java:init(158)) - HddsDatanode metrics system started (again)
2019-10-10 07:13:13,894 [org.apache.hadoop.util.JvmPauseMonitor$Monitor@823b04f] INFO  util.JvmPauseMonitor (JvmPauseMonitor.java:run(188)) - Starting JVM pause monitor
2019-10-10 07:13:13,895 [main] INFO  ozone.HddsDatanodeService (HddsDatanodeService.java:start(184)) - HddsDatanodeService host:pr-hdds-2266-2msfb-4116138409 ip:192.168.30.31
2019-10-10 07:13:13,896 [Datanode State Machine Thread - 0] INFO  datanode.InitDatanodeState (InitDatanodeState.java:persistContainerDatanodeDetails(140)) - DatanodeDetails is persisted to /workdir/hadoop-ozone/integration-test/target/test-dir/MiniOzoneClusterImpl-9bfdac0f-0aca-46f5-97b6-b623c9f6701c/datanode-5/meta/datanode.id
2019-10-10 07:13:13,902 [main] INFO  volume.HddsVolume (HddsVolume.java:<init>(176)) - Creating Volume: /workdir/hadoop-ozone/integration-test/target/test-dir/MiniOzoneClusterImpl-9bfdac0f-0aca-46f5-97b6-b623c9f6701c/datanode-6/data/containers/hdds of  storage type : DISK and capacity : 1482555576320
2019-10-10 07:13:13,902 [main] INFO  volume.VolumeSet (VolumeSet.java:initializeVolumeSet(170)) - Added Volume : /workdir/hadoop-ozone/integration-test/target/test-dir/MiniOzoneClusterImpl-9bfdac0f-0aca-46f5-97b6-b623c9f6701c/datanode-6/data/containers/hdds to VolumeSet
2019-10-10 07:13:13,903 [main] INFO  volume.ThrottledAsyncChecker (ThrottledAsyncChecker.java:schedule(141)) - Scheduling a check for org.apache.hadoop.ozone.container.common.volume.HddsVolume@58d4238e
2019-10-10 07:13:13,903 [main] INFO  volume.HddsVolumeChecker (HddsVolumeChecker.java:checkAllVolumes(204)) - Scheduled health check for volume org.apache.hadoop.ozone.container.common.volume.HddsVolume@58d4238e
2019-10-10 07:13:13,917 [main] INFO  impl.RaftServerProxy (ConfUtils.java:logGet(43)) - raft.rpc.type = GRPC (default)
2019-10-10 07:13:13,918 [main] INFO  grpc.GrpcFactory (GrpcFactory.java:checkPooledByteBufAllocatorUseCacheForAllThreads(45)) - PERFORMANCE WARNING: useCacheForAllThreads is true that may cause Netty to create a lot garbage objects and, as a result, trigger GC.
	It is recommended to disable useCacheForAllThreads by setting -Dorg.apache.ratis.thirdparty.io.netty.allocator.useCacheForAllThreads=false in command line.
2019-10-10 07:13:13,918 [main] INFO  grpc.GrpcConfigKeys$Server (ConfUtils.java:logGet(43)) - raft.grpc.server.port = 0 (default)
2019-10-10 07:13:13,918 [main] INFO  server.GrpcService (ConfUtils.java:logGet(43)) - raft.grpc.message.size.max = 33570816 (custom)
2019-10-10 07:13:13,918 [main] INFO  server.RaftServerConfigKeys (ConfUtils.java:logGet(43)) - raft.server.log.appender.buffer.byte-limit = 33554432 (custom)
2019-10-10 07:13:13,919 [main] INFO  server.GrpcService (ConfUtils.java:logGet(43)) - raft.grpc.flow.control.window = 1MB (=1048576) (default)
2019-10-10 07:13:13,919 [main] INFO  server.RaftServerConfigKeys (ConfUtils.java:logGet(43)) - raft.server.rpc.request.timeout = 3000ms (default)
2019-10-10 07:13:13,919 [main] INFO  server.RaftServerConfigKeys (ConfUtils.java:logGet(43)) - raft.server.storage.dir = [/workdir/hadoop-ozone/integration-test/target/test-dir/MiniOzoneClusterImpl-9bfdac0f-0aca-46f5-97b6-b623c9f6701c/datanode-6/data/ratis] (custom)
2019-10-10 07:13:13,920 [main] INFO  hdfs.DFSUtil (DFSUtil.java:httpServerTemplateForNNAndJN(1641)) - Starting Web-server for hddsDatanode at: http://0.0.0.0:0
2019-10-10 07:13:13,921 [main] INFO  server.AuthenticationFilter (AuthenticationFilter.java:constructSecretProvider(240)) - Unable to initialize FileSignerSecretProvider, falling back to use random secrets.
2019-10-10 07:13:13,922 [main] WARN  http.HttpRequestLog (HttpRequestLog.java:getRequestLog(97)) - Jetty request log can only be enabled using Log4j
2019-10-10 07:13:13,923 [main] INFO  http.HttpServer2 (HttpServer2.java:addGlobalFilter(975)) - Added global filter 'safety' (class=org.apache.hadoop.http.HttpServer2$QuotingInputFilter)
2019-10-10 07:13:13,924 [main] INFO  http.HttpServer2 (HttpServer2.java:addFilter(948)) - Added filter static_user_filter (class=org.apache.hadoop.http.lib.StaticUserWebFilter$StaticUserFilter) to context hddsDatanode
2019-10-10 07:13:13,924 [main] INFO  http.HttpServer2 (HttpServer2.java:addFilter(958)) - Added filter static_user_filter (class=org.apache.hadoop.http.lib.StaticUserWebFilter$StaticUserFilter) to context logs
2019-10-10 07:13:13,924 [main] INFO  http.HttpServer2 (HttpServer2.java:addFilter(958)) - Added filter static_user_filter (class=org.apache.hadoop.http.lib.StaticUserWebFilter$StaticUserFilter) to context static
2019-10-10 07:13:13,925 [main] INFO  http.HttpServer2 (HttpServer2.java:bindListener(1191)) - Jetty bound to port 40794
2019-10-10 07:13:13,925 [main] INFO  server.Server (Server.java:doStart(351)) - jetty-9.3.25.v20180904, build timestamp: 2018-09-04T21:11:46Z, git hash: 3ce520221d0240229c862b122d2b06c12a625732
2019-10-10 07:13:13,927 [main] INFO  handler.ContextHandler (ContextHandler.java:doStart(781)) - Started o.e.j.s.ServletContextHandler@6842c101{/logs,file:///workdir/hadoop-ozone/integration-test/target/log,AVAILABLE}
2019-10-10 07:13:13,927 [main] INFO  handler.ContextHandler (ContextHandler.java:doStart(781)) - Started o.e.j.s.ServletContextHandler@2c48cede{/static,jar:file:/home/user/.m2/repository/org/apache/hadoop/hadoop-hdds-container-service/0.5.0-SNAPSHOT/hadoop-hdds-container-service-0.5.0-SNAPSHOT.jar!/webapps/static,AVAILABLE}
2019-10-10 07:13:13,964 [main] INFO  handler.ContextHandler (ContextHandler.java:doStart(781)) - Started o.e.j.w.WebAppContext@60591e1b{/,file:///tmp/jetty-0.0.0.0-40794-hddsDatanode-_-any-32561529343700872.dir/webapp/,AVAILABLE}{/hddsDatanode}
2019-10-10 07:13:13,964 [main] INFO  server.AbstractConnector (AbstractConnector.java:doStart(278)) - Started ServerConnector@29c53c4f{HTTP/1.1,[http/1.1]}{0.0.0.0:40794}
2019-10-10 07:13:13,966 [main] INFO  server.Server (Server.java:doStart(419)) - Started @225135ms
2019-10-10 07:13:13,966 [main] WARN  impl.MetricsSystemImpl (MetricsSystemImpl.java:register(276)) - Sink prometheus already exists!
2019-10-10 07:13:13,967 [main] INFO  server.BaseHttpServer (BaseHttpServer.java:updateConnectorAddress(215)) - HTTP server of HDDSDATANODE is listening at http://0.0.0.0:40794
2019-10-10 07:13:13,968 [main] INFO  ozone.MiniOzoneClusterImpl (MiniOzoneClusterImpl.java:lambda$waitForClusterToBeReady$0(147)) - Waiting for cluster to be ready. Got 0 of 7 DN Heartbeats.
2019-10-10 07:13:13,969 [org.apache.hadoop.util.JvmPauseMonitor$Monitor@2afbf4cf] INFO  util.JvmPauseMonitor (JvmPauseMonitor.java:run(188)) - Starting JVM pause monitor
2019-10-10 07:13:13,970 [Datanode State Machine Thread - 0] INFO  datanode.InitDatanodeState (InitDatanodeState.java:persistContainerDatanodeDetails(140)) - DatanodeDetails is persisted to /workdir/hadoop-ozone/integration-test/target/test-dir/MiniOzoneClusterImpl-9bfdac0f-0aca-46f5-97b6-b623c9f6701c/datanode-6/meta/datanode.id
2019-10-10 07:13:14,968 [main] INFO  ozone.MiniOzoneClusterImpl (MiniOzoneClusterImpl.java:lambda$waitForClusterToBeReady$0(147)) - Waiting for cluster to be ready. Got 0 of 7 DN Heartbeats.
2019-10-10 07:13:15,551 [Datanode State Machine Thread - 0] INFO  ozoneimpl.OzoneContainer (OzoneContainer.java:start(213)) - Attempting to start container services.
2019-10-10 07:13:15,552 [Datanode State Machine Thread - 0] INFO  ozoneimpl.OzoneContainer (OzoneContainer.java:startContainerScrub(177)) - Background container scanner has been disabled.
2019-10-10 07:13:15,552 [Datanode State Machine Thread - 0] INFO  ratis.XceiverServerRatis (XceiverServerRatis.java:start(418)) - Starting XceiverServerRatis 26aad93a-7503-45f5-9023-3e4c6d420244 at port 0
2019-10-10 07:13:15,560 [Datanode State Machine Thread - 0] INFO  impl.RaftServerProxy (RaftServerProxy.java:lambda$start$3(299)) - 26aad93a-7503-45f5-9023-3e4c6d420244: start RPC server
2019-10-10 07:13:15,562 [Datanode State Machine Thread - 0] INFO  server.GrpcService (GrpcService.java:startImpl(158)) - 26aad93a-7503-45f5-9023-3e4c6d420244: GrpcService started, listening on 0.0.0.0/0.0.0.0:44380
2019-10-10 07:13:15,562 [Datanode State Machine Thread - 0] INFO  ratis.XceiverServerRatis (XceiverServerRatis.java:start(428)) - XceiverServerRatis 26aad93a-7503-45f5-9023-3e4c6d420244 is started using port 44380
2019-10-10 07:13:15,562 [Datanode State Machine Thread - 0] INFO  server.XceiverServerGrpc (XceiverServerGrpc.java:start(149)) - XceiverServerGrpc 26aad93a-7503-45f5-9023-3e4c6d420244 is started using port 37747
2019-10-10 07:13:15,594 [Datanode State Machine Thread - 0] INFO  ozoneimpl.OzoneContainer (OzoneContainer.java:start(213)) - Attempting to start container services.
2019-10-10 07:13:15,594 [Datanode State Machine Thread - 0] INFO  ozoneimpl.OzoneContainer (OzoneContainer.java:startContainerScrub(177)) - Background container scanner has been disabled.
2019-10-10 07:13:15,594 [Datanode State Machine Thread - 0] INFO  ratis.XceiverServerRatis (XceiverServerRatis.java:start(418)) - Starting XceiverServerRatis 5b8bd398-f3eb-47fb-a1df-22e321ff4ecd at port 0
2019-10-10 07:13:15,600 [Datanode State Machine Thread - 0] INFO  impl.RaftServerProxy (RaftServerProxy.java:lambda$start$3(299)) - 5b8bd398-f3eb-47fb-a1df-22e321ff4ecd: start RPC server
2019-10-10 07:13:15,602 [Datanode State Machine Thread - 0] INFO  server.GrpcService (GrpcService.java:startImpl(158)) - 5b8bd398-f3eb-47fb-a1df-22e321ff4ecd: GrpcService started, listening on 0.0.0.0/0.0.0.0:45070
2019-10-10 07:13:15,602 [Datanode State Machine Thread - 0] INFO  ratis.XceiverServerRatis (XceiverServerRatis.java:start(428)) - XceiverServerRatis 5b8bd398-f3eb-47fb-a1df-22e321ff4ecd is started using port 45070
2019-10-10 07:13:15,603 [Datanode State Machine Thread - 0] INFO  server.XceiverServerGrpc (XceiverServerGrpc.java:start(149)) - XceiverServerGrpc 5b8bd398-f3eb-47fb-a1df-22e321ff4ecd is started using port 38713
2019-10-10 07:13:15,671 [Datanode State Machine Thread - 0] INFO  ozoneimpl.OzoneContainer (OzoneContainer.java:start(213)) - Attempting to start container services.
2019-10-10 07:13:15,671 [Datanode State Machine Thread - 0] INFO  ozoneimpl.OzoneContainer (OzoneContainer.java:startContainerScrub(177)) - Background container scanner has been disabled.
2019-10-10 07:13:15,672 [Datanode State Machine Thread - 0] INFO  ratis.XceiverServerRatis (XceiverServerRatis.java:start(418)) - Starting XceiverServerRatis 0067d567-1cf8-422e-b836-7c9e21103321 at port 0
2019-10-10 07:13:15,679 [Datanode State Machine Thread - 0] INFO  impl.RaftServerProxy (RaftServerProxy.java:lambda$start$3(299)) - 0067d567-1cf8-422e-b836-7c9e21103321: start RPC server
2019-10-10 07:13:15,682 [Datanode State Machine Thread - 0] INFO  server.GrpcService (GrpcService.java:startImpl(158)) - 0067d567-1cf8-422e-b836-7c9e21103321: GrpcService started, listening on 0.0.0.0/0.0.0.0:41048
2019-10-10 07:13:15,682 [Datanode State Machine Thread - 0] INFO  ratis.XceiverServerRatis (XceiverServerRatis.java:start(428)) - XceiverServerRatis 0067d567-1cf8-422e-b836-7c9e21103321 is started using port 41048
2019-10-10 07:13:15,682 [Datanode State Machine Thread - 0] INFO  server.XceiverServerGrpc (XceiverServerGrpc.java:start(149)) - XceiverServerGrpc 0067d567-1cf8-422e-b836-7c9e21103321 is started using port 36977
2019-10-10 07:13:15,743 [Datanode State Machine Thread - 0] INFO  ozoneimpl.OzoneContainer (OzoneContainer.java:start(213)) - Attempting to start container services.
2019-10-10 07:13:15,744 [Datanode State Machine Thread - 0] INFO  ozoneimpl.OzoneContainer (OzoneContainer.java:startContainerScrub(177)) - Background container scanner has been disabled.
2019-10-10 07:13:15,744 [Datanode State Machine Thread - 0] INFO  ratis.XceiverServerRatis (XceiverServerRatis.java:start(418)) - Starting XceiverServerRatis 74cd5fb0-5f73-46dd-b6f0-e4ade7569d7d at port 0
2019-10-10 07:13:15,750 [Datanode State Machine Thread - 0] INFO  impl.RaftServerProxy (RaftServerProxy.java:lambda$start$3(299)) - 74cd5fb0-5f73-46dd-b6f0-e4ade7569d7d: start RPC server
2019-10-10 07:13:15,755 [Datanode State Machine Thread - 0] INFO  server.GrpcService (GrpcService.java:startImpl(158)) - 74cd5fb0-5f73-46dd-b6f0-e4ade7569d7d: GrpcService started, listening on 0.0.0.0/0.0.0.0:43975
2019-10-10 07:13:15,755 [Datanode State Machine Thread - 0] INFO  ratis.XceiverServerRatis (XceiverServerRatis.java:start(428)) - XceiverServerRatis 74cd5fb0-5f73-46dd-b6f0-e4ade7569d7d is started using port 43975
2019-10-10 07:13:15,757 [Datanode State Machine Thread - 0] INFO  server.XceiverServerGrpc (XceiverServerGrpc.java:start(149)) - XceiverServerGrpc 74cd5fb0-5f73-46dd-b6f0-e4ade7569d7d is started using port 42751
2019-10-10 07:13:15,825 [Datanode State Machine Thread - 0] INFO  ozoneimpl.OzoneContainer (OzoneContainer.java:start(213)) - Attempting to start container services.
2019-10-10 07:13:15,826 [Datanode State Machine Thread - 0] INFO  ozoneimpl.OzoneContainer (OzoneContainer.java:startContainerScrub(177)) - Background container scanner has been disabled.
2019-10-10 07:13:15,826 [Datanode State Machine Thread - 0] INFO  ratis.XceiverServerRatis (XceiverServerRatis.java:start(418)) - Starting XceiverServerRatis c4af4310-e5c5-443d-8068-3f85f9975672 at port 0
2019-10-10 07:13:15,834 [Datanode State Machine Thread - 0] INFO  impl.RaftServerProxy (RaftServerProxy.java:lambda$start$3(299)) - c4af4310-e5c5-443d-8068-3f85f9975672: start RPC server
2019-10-10 07:13:15,834 [Datanode State Machine Thread - 0] INFO  server.GrpcService (GrpcService.java:startImpl(158)) - c4af4310-e5c5-443d-8068-3f85f9975672: GrpcService started, listening on 0.0.0.0/0.0.0.0:34173
2019-10-10 07:13:15,834 [Datanode State Machine Thread - 0] INFO  ratis.XceiverServerRatis (XceiverServerRatis.java:start(428)) - XceiverServerRatis c4af4310-e5c5-443d-8068-3f85f9975672 is started using port 34173
2019-10-10 07:13:15,835 [Datanode State Machine Thread - 0] INFO  server.XceiverServerGrpc (XceiverServerGrpc.java:start(149)) - XceiverServerGrpc c4af4310-e5c5-443d-8068-3f85f9975672 is started using port 33977
2019-10-10 07:13:15,908 [Datanode State Machine Thread - 0] INFO  ozoneimpl.OzoneContainer (OzoneContainer.java:start(213)) - Attempting to start container services.
2019-10-10 07:13:15,908 [Datanode State Machine Thread - 0] INFO  ozoneimpl.OzoneContainer (OzoneContainer.java:startContainerScrub(177)) - Background container scanner has been disabled.
2019-10-10 07:13:15,908 [Datanode State Machine Thread - 0] INFO  ratis.XceiverServerRatis (XceiverServerRatis.java:start(418)) - Starting XceiverServerRatis b280fbec-e7f2-40b9-b98c-195768dab95b at port 0
2019-10-10 07:13:15,915 [Datanode State Machine Thread - 0] INFO  impl.RaftServerProxy (RaftServerProxy.java:lambda$start$3(299)) - b280fbec-e7f2-40b9-b98c-195768dab95b: start RPC server
2019-10-10 07:13:15,934 [Datanode State Machine Thread - 0] INFO  server.GrpcService (GrpcService.java:startImpl(158)) - b280fbec-e7f2-40b9-b98c-195768dab95b: GrpcService started, listening on 0.0.0.0/0.0.0.0:42422
2019-10-10 07:13:15,934 [Datanode State Machine Thread - 0] INFO  ratis.XceiverServerRatis (XceiverServerRatis.java:start(428)) - XceiverServerRatis b280fbec-e7f2-40b9-b98c-195768dab95b is started using port 42422
2019-10-10 07:13:15,934 [Datanode State Machine Thread - 0] INFO  server.XceiverServerGrpc (XceiverServerGrpc.java:start(149)) - XceiverServerGrpc b280fbec-e7f2-40b9-b98c-195768dab95b is started using port 45152
2019-10-10 07:13:15,969 [main] INFO  ozone.MiniOzoneClusterImpl (MiniOzoneClusterImpl.java:lambda$waitForClusterToBeReady$0(147)) - Waiting for cluster to be ready. Got 0 of 7 DN Heartbeats.
2019-10-10 07:13:15,984 [Datanode State Machine Thread - 0] INFO  ozoneimpl.OzoneContainer (OzoneContainer.java:start(213)) - Attempting to start container services.
2019-10-10 07:13:15,984 [Datanode State Machine Thread - 0] INFO  ozoneimpl.OzoneContainer (OzoneContainer.java:startContainerScrub(177)) - Background container scanner has been disabled.
2019-10-10 07:13:15,984 [Datanode State Machine Thread - 0] INFO  ratis.XceiverServerRatis (XceiverServerRatis.java:start(418)) - Starting XceiverServerRatis 370e3b11-9a59-40a0-a91c-3a939b665977 at port 0
2019-10-10 07:13:15,990 [Datanode State Machine Thread - 0] INFO  impl.RaftServerProxy (RaftServerProxy.java:lambda$start$3(299)) - 370e3b11-9a59-40a0-a91c-3a939b665977: start RPC server
2019-10-10 07:13:16,006 [Datanode State Machine Thread - 0] INFO  server.GrpcService (GrpcService.java:startImpl(158)) - 370e3b11-9a59-40a0-a91c-3a939b665977: GrpcService started, listening on 0.0.0.0/0.0.0.0:33308
2019-10-10 07:13:16,006 [Datanode State Machine Thread - 0] INFO  ratis.XceiverServerRatis (XceiverServerRatis.java:start(428)) - XceiverServerRatis 370e3b11-9a59-40a0-a91c-3a939b665977 is started using port 33308
2019-10-10 07:13:16,007 [Datanode State Machine Thread - 0] INFO  server.XceiverServerGrpc (XceiverServerGrpc.java:start(149)) - XceiverServerGrpc 370e3b11-9a59-40a0-a91c-3a939b665977 is started using port 38790
2019-10-10 07:13:16,969 [main] INFO  ozone.MiniOzoneClusterImpl (MiniOzoneClusterImpl.java:lambda$waitForClusterToBeReady$0(147)) - Waiting for cluster to be ready. Got 0 of 7 DN Heartbeats.
2019-10-10 07:13:17,502 [IPC Server handler 4 on 36522] INFO  net.NetworkTopology (NetworkTopologyImpl.java:add(111)) - Added a new node: /default-rack/26aad93a-7503-45f5-9023-3e4c6d420244
2019-10-10 07:13:17,505 [IPC Server handler 4 on 36522] INFO  node.SCMNodeManager (SCMNodeManager.java:register(268)) - Registered Data node : 26aad93a-7503-45f5-9023-3e4c6d420244{ip: 192.168.30.31, host: pr-hdds-2266-2msfb-4116138409, networkLocation: /default-rack, certSerialId: null}
2019-10-10 07:13:17,507 [EventQueue-NodeRegistrationContainerReportForDataNodeSafeModeRule] INFO  safemode.SCMSafeModeManager (DataNodeSafeModeRule.java:process(71)) - SCM in safe mode. 1 DataNodes registered, 1 required.
2019-10-10 07:13:17,510 [EventQueue-NodeRegistrationContainerReportForDataNodeSafeModeRule] INFO  safemode.SCMSafeModeManager (SCMSafeModeManager.java:validateSafeModeExitRules(177)) - ScmSafeModeManager, all rules are successfully validated
2019-10-10 07:13:17,510 [EventQueue-NodeRegistrationContainerReportForDataNodeSafeModeRule] INFO  safemode.SCMSafeModeManager (SCMSafeModeManager.java:exitSafeMode(193)) - SCM exiting safe mode.
2019-10-10 07:13:17,525 [grpc-default-executor-1] INFO  impl.RaftServerProxy (RaftServerProxy.java:addNew(89)) - 26aad93a-7503-45f5-9023-3e4c6d420244: addNew group-A1E31F66E78D:[26aad93a-7503-45f5-9023-3e4c6d420244:192.168.30.31:44380] returns group-A1E31F66E78D:java.util.concurrent.CompletableFuture@7f63de58[Not completed]
2019-10-10 07:13:17,528 [pool-383-thread-1] INFO  impl.RaftServerImpl (RaftServerImpl.java:<init>(95)) - 26aad93a-7503-45f5-9023-3e4c6d420244: new RaftServerImpl for group-A1E31F66E78D:[26aad93a-7503-45f5-9023-3e4c6d420244:192.168.30.31:44380] with ContainerStateMachine:uninitialized
2019-10-10 07:13:17,528 [pool-383-thread-1] INFO  server.RaftServerConfigKeys (ConfUtils.java:logGet(43)) - raft.server.rpc.timeout.min = 5s (custom)
2019-10-10 07:13:17,528 [pool-383-thread-1] INFO  server.RaftServerConfigKeys (ConfUtils.java:logGet(43)) - raft.server.rpc.timeout.max = 5200ms (custom)
2019-10-10 07:13:17,528 [pool-383-thread-1] INFO  server.RaftServerConfigKeys (ConfUtils.java:logGet(43)) - raft.server.rpcslowness.timeout = 120s (custom)
2019-10-10 07:13:17,528 [pool-383-thread-1] INFO  server.RaftServerConfigKeys (ConfUtils.java:logGet(43)) - raft.server.sleep.deviation.threshold = 300 (default)
2019-10-10 07:13:17,528 [pool-383-thread-1] INFO  server.RaftServerConfigKeys (ConfUtils.java:logGet(43)) - raft.server.log.appender.install.snapshot.enabled = false (custom)
2019-10-10 07:13:17,529 [pool-383-thread-1] INFO  impl.RaftServerImpl (ServerState.java:<init>(103)) - 26aad93a-7503-45f5-9023-3e4c6d420244@group-A1E31F66E78D: ConfigurationManager, init=-1: [26aad93a-7503-45f5-9023-3e4c6d420244:192.168.30.31:44380], old=null, confs=<EMPTY_MAP>
2019-10-10 07:13:17,529 [pool-383-thread-1] INFO  server.RaftServerConfigKeys (ConfUtils.java:logGet(43)) - raft.server.storage.dir = [/workdir/hadoop-ozone/integration-test/target/test-dir/MiniOzoneClusterImpl-9bfdac0f-0aca-46f5-97b6-b623c9f6701c/datanode-0/data/ratis] (custom)
2019-10-10 07:13:17,529 [pool-383-thread-1] INFO  server.RaftServerConfigKeys (ConfUtils.java:logGet(43)) - raft.server.log.corruption.policy = EXCEPTION (default)
2019-10-10 07:13:17,529 [pool-383-thread-1] INFO  storage.RaftStorageDirectory (RaftStorageDirectory.java:analyzeStorage(246)) - The storage directory /workdir/hadoop-ozone/integration-test/target/test-dir/MiniOzoneClusterImpl-9bfdac0f-0aca-46f5-97b6-b623c9f6701c/datanode-0/data/ratis/d9e2c610-991c-4682-a30a-a1e31f66e78d does not exist. Creating ...
2019-10-10 07:13:17,542 [pool-383-thread-1] INFO  storage.RaftStorageDirectory (RaftStorageDirectory.java:tryLock(328)) - Lock on /workdir/hadoop-ozone/integration-test/target/test-dir/MiniOzoneClusterImpl-9bfdac0f-0aca-46f5-97b6-b623c9f6701c/datanode-0/data/ratis/d9e2c610-991c-4682-a30a-a1e31f66e78d/in_use.lock acquired by nodename 12140@pr-hdds-2266-2msfb-4116138409
2019-10-10 07:13:17,557 [pool-383-thread-1] INFO  storage.RaftStorage (RaftStorage.java:format(84)) - Storage directory /workdir/hadoop-ozone/integration-test/target/test-dir/MiniOzoneClusterImpl-9bfdac0f-0aca-46f5-97b6-b623c9f6701c/datanode-0/data/ratis/d9e2c610-991c-4682-a30a-a1e31f66e78d has been successfully formatted.
2019-10-10 07:13:17,557 [pool-383-thread-1] INFO  ratis.ContainerStateMachine (ContainerStateMachine.java:loadSnapshot(231)) - group-A1E31F66E78D: The snapshot info is null. Setting the last applied indexto:(t:0, i:~)
2019-10-10 07:13:17,557 [pool-383-thread-1] INFO  server.RaftServerConfigKeys (ConfUtils.java:logGet(43)) - raft.server.notification.no-leader.timeout = 120s (custom)
2019-10-10 07:13:17,557 [pool-383-thread-1] INFO  server.RaftServerConfigKeys (ConfUtils.java:logGet(43)) - raft.server.log.use.memory = false (default)
2019-10-10 07:13:17,558 [pool-383-thread-1] INFO  server.RaftServerConfigKeys (ConfUtils.java:logGet(43)) - raft.server.log.purge.gap = 1000000 (custom)
2019-10-10 07:13:17,558 [pool-383-thread-1] INFO  server.RaftServerConfigKeys (ConfUtils.java:logGet(43)) - raft.server.log.appender.buffer.byte-limit = 33554432 (custom)
2019-10-10 07:13:17,558 [pool-383-thread-1] INFO  server.RaftServerConfigKeys (ConfUtils.java:logGet(43)) - raft.server.log.segment.size.max = 1048576 (custom)
2019-10-10 07:13:17,561 [pool-383-thread-1] INFO  server.RaftServerConfigKeys (ConfUtils.java:logGet(43)) - raft.server.log.segment.cache.num.max = 2 (custom)
2019-10-10 07:13:17,561 [pool-383-thread-1] INFO  segmented.SegmentedRaftLogWorker (SegmentedRaftLogWorker.java:<init>(173)) - new 26aad93a-7503-45f5-9023-3e4c6d420244@group-A1E31F66E78D-SegmentedRaftLogWorker for RaftStorage:Storage Directory /workdir/hadoop-ozone/integration-test/target/test-dir/MiniOzoneClusterImpl-9bfdac0f-0aca-46f5-97b6-b623c9f6701c/datanode-0/data/ratis/d9e2c610-991c-4682-a30a-a1e31f66e78d
2019-10-10 07:13:17,561 [pool-383-thread-1] INFO  server.RaftServerConfigKeys (ConfUtils.java:logGet(43)) - raft.server.log.queue.byte-limit = 2147483647 (custom)
2019-10-10 07:13:17,561 [pool-383-thread-1] INFO  server.RaftServerConfigKeys (ConfUtils.java:logGet(43)) - raft.server.log.queue.element-limit = 1024 (custom)
2019-10-10 07:13:17,561 [pool-383-thread-1] INFO  server.RaftServerConfigKeys (ConfUtils.java:logGet(43)) - raft.server.log.segment.size.max = 1048576 (custom)
2019-10-10 07:13:17,562 [pool-383-thread-1] INFO  server.RaftServerConfigKeys (ConfUtils.java:logGet(43)) - raft.server.log.preallocated.size = 16384 (custom)
2019-10-10 07:13:17,562 [pool-383-thread-1] INFO  server.RaftServerConfigKeys (ConfUtils.java:logGet(43)) - raft.server.log.write.buffer.size = 33554432 (custom)
2019-10-10 07:13:17,562 [pool-383-thread-1] INFO  server.RaftServerConfigKeys (ConfUtils.java:logGet(43)) - raft.server.log.force.sync.num = 128 (default)
2019-10-10 07:13:17,562 [pool-383-thread-1] INFO  server.RaftServerConfigKeys (ConfUtils.java:logGet(43)) - raft.server.log.statemachine.data.sync = true (default)
2019-10-10 07:13:17,562 [pool-383-thread-1] INFO  server.RaftServerConfigKeys (ConfUtils.java:logGet(43)) - raft.server.log.statemachine.data.sync.timeout = 10s (default)
2019-10-10 07:13:17,562 [pool-383-thread-1] INFO  server.RaftServerConfigKeys (ConfUtils.java:logGet(43)) - raft.server.log.statemachine.data.sync.timeout.retry = -1 (default)
2019-10-10 07:13:17,563 [pool-383-thread-1] INFO  server.RaftServerConfigKeys (ConfUtils.java:logGet(43)) - raft.server.log.statemachine.data.caching.enabled = true (custom)
2019-10-10 07:13:17,563 [pool-383-thread-1] INFO  segmented.SegmentedRaftLogWorker (SegmentedRaftLogWorker.java:lambda$new$0(128)) - 26aad93a-7503-45f5-9023-3e4c6d420244@group-A1E31F66E78D-SegmentedRaftLogWorker: flushIndex: setUnconditionally 0 -> -1
2019-10-10 07:13:17,563 [pool-383-thread-1] INFO  server.RaftServerConfigKeys (ConfUtils.java:logGet(43)) - raft.server.snapshot.auto.trigger.enabled = true (custom)
2019-10-10 07:13:17,564 [pool-383-thread-1] INFO  server.RaftServerConfigKeys (ConfUtils.java:logGet(43)) - raft.server.snapshot.auto.trigger.threshold = 10000 (custom)
2019-10-10 07:13:17,564 [pool-383-thread-1] INFO  server.RaftServerConfigKeys (ConfUtils.java:logGet(43)) - raft.server.snapshot.retention.file.num = 5 (custom)
2019-10-10 07:13:17,564 [pool-383-thread-1] INFO  server.RaftServerConfigKeys (ConfUtils.java:logGet(43)) - raft.server.retrycache.expirytime = 600000ms (custom)
2019-10-10 07:13:17,565 [pool-383-thread-1] INFO  impl.RaftServerImpl (RaftServerImpl.java:start(181)) - 26aad93a-7503-45f5-9023-3e4c6d420244@group-A1E31F66E78D: start as a follower, conf=-1: [26aad93a-7503-45f5-9023-3e4c6d420244:192.168.30.31:44380], old=null
2019-10-10 07:13:17,565 [pool-383-thread-1] INFO  impl.RaftServerImpl (RaftServerImpl.java:setRole(170)) - 26aad93a-7503-45f5-9023-3e4c6d420244@group-A1E31F66E78D: changes role from      null to FOLLOWER at term 0 for startAsFollower
2019-10-10 07:13:17,565 [pool-383-thread-1] INFO  impl.RoleInfo (RoleInfo.java:updateAndGet(143)) - 26aad93a-7503-45f5-9023-3e4c6d420244: start FollowerState
2019-10-10 07:13:17,566 [pool-383-thread-1] INFO  util.JmxRegister (JmxRegister.java:tryRegister(44)) - Successfully registered JMX Bean with object name Ratis:service=RaftServer,group=group-A1E31F66E78D,id=26aad93a-7503-45f5-9023-3e4c6d420244
2019-10-10 07:13:17,570 [IPC Server handler 5 on 36522] INFO  net.NetworkTopology (NetworkTopologyImpl.java:add(111)) - Added a new node: /default-rack/5b8bd398-f3eb-47fb-a1df-22e321ff4ecd
2019-10-10 07:13:17,570 [IPC Server handler 5 on 36522] INFO  node.SCMNodeManager (SCMNodeManager.java:register(268)) - Registered Data node : 5b8bd398-f3eb-47fb-a1df-22e321ff4ecd{ip: 192.168.30.31, host: pr-hdds-2266-2msfb-4116138409, networkLocation: /default-rack, certSerialId: null}
2019-10-10 07:13:17,571 [RatisPipelineUtilsThread] INFO  pipeline.PipelineStateManager (PipelineStateManager.java:addPipeline(56)) - Created pipeline Pipeline[ Id: d9e2c610-991c-4682-a30a-a1e31f66e78d, Nodes: 26aad93a-7503-45f5-9023-3e4c6d420244{ip: 192.168.30.31, host: pr-hdds-2266-2msfb-4116138409, networkLocation: /default-rack, certSerialId: null}, Type:RATIS, Factor:ONE, State:OPEN]
2019-10-10 07:13:17,584 [grpc-default-executor-1] INFO  impl.RaftServerProxy (RaftServerProxy.java:addNew(89)) - 5b8bd398-f3eb-47fb-a1df-22e321ff4ecd: addNew group-1095F9C936B6:[5b8bd398-f3eb-47fb-a1df-22e321ff4ecd:192.168.30.31:45070] returns group-1095F9C936B6:java.util.concurrent.CompletableFuture@37d443ac[Not completed]
2019-10-10 07:13:17,586 [pool-393-thread-1] INFO  impl.RaftServerImpl (RaftServerImpl.java:<init>(95)) - 5b8bd398-f3eb-47fb-a1df-22e321ff4ecd: new RaftServerImpl for group-1095F9C936B6:[5b8bd398-f3eb-47fb-a1df-22e321ff4ecd:192.168.30.31:45070] with ContainerStateMachine:uninitialized
2019-10-10 07:13:17,586 [pool-393-thread-1] INFO  server.RaftServerConfigKeys (ConfUtils.java:logGet(43)) - raft.server.rpc.timeout.min = 5s (custom)
2019-10-10 07:13:17,587 [pool-393-thread-1] INFO  server.RaftServerConfigKeys (ConfUtils.java:logGet(43)) - raft.server.rpc.timeout.max = 5200ms (custom)
2019-10-10 07:13:17,587 [pool-393-thread-1] INFO  server.RaftServerConfigKeys (ConfUtils.java:logGet(43)) - raft.server.rpcslowness.timeout = 120s (custom)
2019-10-10 07:13:17,587 [pool-393-thread-1] INFO  server.RaftServerConfigKeys (ConfUtils.java:logGet(43)) - raft.server.sleep.deviation.threshold = 300 (default)
2019-10-10 07:13:17,587 [pool-393-thread-1] INFO  server.RaftServerConfigKeys (ConfUtils.java:logGet(43)) - raft.server.log.appender.install.snapshot.enabled = false (custom)
2019-10-10 07:13:17,588 [pool-393-thread-1] INFO  impl.RaftServerImpl (ServerState.java:<init>(103)) - 5b8bd398-f3eb-47fb-a1df-22e321ff4ecd@group-1095F9C936B6: ConfigurationManager, init=-1: [5b8bd398-f3eb-47fb-a1df-22e321ff4ecd:192.168.30.31:45070], old=null, confs=<EMPTY_MAP>
2019-10-10 07:13:17,588 [pool-393-thread-1] INFO  server.RaftServerConfigKeys (ConfUtils.java:logGet(43)) - raft.server.storage.dir = [/workdir/hadoop-ozone/integration-test/target/test-dir/MiniOzoneClusterImpl-9bfdac0f-0aca-46f5-97b6-b623c9f6701c/datanode-1/data/ratis] (custom)
2019-10-10 07:13:17,588 [pool-393-thread-1] INFO  server.RaftServerConfigKeys (ConfUtils.java:logGet(43)) - raft.server.log.corruption.policy = EXCEPTION (default)
2019-10-10 07:13:17,589 [pool-393-thread-1] INFO  storage.RaftStorageDirectory (RaftStorageDirectory.java:analyzeStorage(246)) - The storage directory /workdir/hadoop-ozone/integration-test/target/test-dir/MiniOzoneClusterImpl-9bfdac0f-0aca-46f5-97b6-b623c9f6701c/datanode-1/data/ratis/dd900d8e-0906-46dd-b1c0-1095f9c936b6 does not exist. Creating ...
2019-10-10 07:13:17,602 [pool-393-thread-1] INFO  storage.RaftStorageDirectory (RaftStorageDirectory.java:tryLock(328)) - Lock on /workdir/hadoop-ozone/integration-test/target/test-dir/MiniOzoneClusterImpl-9bfdac0f-0aca-46f5-97b6-b623c9f6701c/datanode-1/data/ratis/dd900d8e-0906-46dd-b1c0-1095f9c936b6/in_use.lock acquired by nodename 12140@pr-hdds-2266-2msfb-4116138409
2019-10-10 07:13:17,615 [pool-393-thread-1] INFO  storage.RaftStorage (RaftStorage.java:format(84)) - Storage directory /workdir/hadoop-ozone/integration-test/target/test-dir/MiniOzoneClusterImpl-9bfdac0f-0aca-46f5-97b6-b623c9f6701c/datanode-1/data/ratis/dd900d8e-0906-46dd-b1c0-1095f9c936b6 has been successfully formatted.
2019-10-10 07:13:17,615 [pool-393-thread-1] INFO  ratis.ContainerStateMachine (ContainerStateMachine.java:loadSnapshot(231)) - group-1095F9C936B6: The snapshot info is null. Setting the last applied indexto:(t:0, i:~)
2019-10-10 07:13:17,616 [pool-393-thread-1] INFO  server.RaftServerConfigKeys (ConfUtils.java:logGet(43)) - raft.server.notification.no-leader.timeout = 120s (custom)
2019-10-10 07:13:17,616 [pool-393-thread-1] INFO  server.RaftServerConfigKeys (ConfUtils.java:logGet(43)) - raft.server.log.use.memory = false (default)
2019-10-10 07:13:17,616 [pool-393-thread-1] INFO  server.RaftServerConfigKeys (ConfUtils.java:logGet(43)) - raft.server.log.purge.gap = 1000000 (custom)
2019-10-10 07:13:17,616 [pool-393-thread-1] INFO  server.RaftServerConfigKeys (ConfUtils.java:logGet(43)) - raft.server.log.appender.buffer.byte-limit = 33554432 (custom)
2019-10-10 07:13:17,616 [pool-393-thread-1] INFO  server.RaftServerConfigKeys (ConfUtils.java:logGet(43)) - raft.server.log.segment.size.max = 1048576 (custom)
2019-10-10 07:13:17,618 [pool-393-thread-1] INFO  server.RaftServerConfigKeys (ConfUtils.java:logGet(43)) - raft.server.log.segment.cache.num.max = 2 (custom)
2019-10-10 07:13:17,618 [pool-393-thread-1] INFO  segmented.SegmentedRaftLogWorker (SegmentedRaftLogWorker.java:<init>(173)) - new 5b8bd398-f3eb-47fb-a1df-22e321ff4ecd@group-1095F9C936B6-SegmentedRaftLogWorker for RaftStorage:Storage Directory /workdir/hadoop-ozone/integration-test/target/test-dir/MiniOzoneClusterImpl-9bfdac0f-0aca-46f5-97b6-b623c9f6701c/datanode-1/data/ratis/dd900d8e-0906-46dd-b1c0-1095f9c936b6
2019-10-10 07:13:17,618 [pool-393-thread-1] INFO  server.RaftServerConfigKeys (ConfUtils.java:logGet(43)) - raft.server.log.queue.byte-limit = 2147483647 (custom)
2019-10-10 07:13:17,618 [pool-393-thread-1] INFO  server.RaftServerConfigKeys (ConfUtils.java:logGet(43)) - raft.server.log.queue.element-limit = 1024 (custom)
2019-10-10 07:13:17,618 [pool-393-thread-1] INFO  server.RaftServerConfigKeys (ConfUtils.java:logGet(43)) - raft.server.log.segment.size.max = 1048576 (custom)
2019-10-10 07:13:17,618 [pool-393-thread-1] INFO  server.RaftServerConfigKeys (ConfUtils.java:logGet(43)) - raft.server.log.preallocated.size = 16384 (custom)
2019-10-10 07:13:17,618 [pool-393-thread-1] INFO  server.RaftServerConfigKeys (ConfUtils.java:logGet(43)) - raft.server.log.write.buffer.size = 33554432 (custom)
2019-10-10 07:13:17,618 [pool-393-thread-1] INFO  server.RaftServerConfigKeys (ConfUtils.java:logGet(43)) - raft.server.log.force.sync.num = 128 (default)
2019-10-10 07:13:17,619 [pool-393-thread-1] INFO  server.RaftServerConfigKeys (ConfUtils.java:logGet(43)) - raft.server.log.statemachine.data.sync = true (default)
2019-10-10 07:13:17,619 [pool-393-thread-1] INFO  server.RaftServerConfigKeys (ConfUtils.java:logGet(43)) - raft.server.log.statemachine.data.sync.timeout = 10s (default)
2019-10-10 07:13:17,619 [pool-393-thread-1] INFO  server.RaftServerConfigKeys (ConfUtils.java:logGet(43)) - raft.server.log.statemachine.data.sync.timeout.retry = -1 (default)
2019-10-10 07:13:17,619 [pool-393-thread-1] INFO  server.RaftServerConfigKeys (ConfUtils.java:logGet(43)) - raft.server.log.statemachine.data.caching.enabled = true (custom)
2019-10-10 07:13:17,619 [pool-393-thread-1] INFO  segmented.SegmentedRaftLogWorker (SegmentedRaftLogWorker.java:lambda$new$0(128)) - 5b8bd398-f3eb-47fb-a1df-22e321ff4ecd@group-1095F9C936B6-SegmentedRaftLogWorker: flushIndex: setUnconditionally 0 -> -1
2019-10-10 07:13:17,620 [pool-393-thread-1] INFO  server.RaftServerConfigKeys (ConfUtils.java:logGet(43)) - raft.server.snapshot.auto.trigger.enabled = true (custom)
2019-10-10 07:13:17,620 [pool-393-thread-1] INFO  server.RaftServerConfigKeys (ConfUtils.java:logGet(43)) - raft.server.snapshot.auto.trigger.threshold = 10000 (custom)
2019-10-10 07:13:17,620 [pool-393-thread-1] INFO  server.RaftServerConfigKeys (ConfUtils.java:logGet(43)) - raft.server.snapshot.retention.file.num = 5 (custom)
2019-10-10 07:13:17,620 [pool-393-thread-1] INFO  server.RaftServerConfigKeys (ConfUtils.java:logGet(43)) - raft.server.retrycache.expirytime = 600000ms (custom)
2019-10-10 07:13:17,621 [pool-393-thread-1] INFO  impl.RaftServerImpl (RaftServerImpl.java:start(181)) - 5b8bd398-f3eb-47fb-a1df-22e321ff4ecd@group-1095F9C936B6: start as a follower, conf=-1: [5b8bd398-f3eb-47fb-a1df-22e321ff4ecd:192.168.30.31:45070], old=null
2019-10-10 07:13:17,622 [pool-393-thread-1] INFO  impl.RaftServerImpl (RaftServerImpl.java:setRole(170)) - 5b8bd398-f3eb-47fb-a1df-22e321ff4ecd@group-1095F9C936B6: changes role from      null to FOLLOWER at term 0 for startAsFollower
2019-10-10 07:13:17,622 [pool-393-thread-1] INFO  impl.RoleInfo (RoleInfo.java:updateAndGet(143)) - 5b8bd398-f3eb-47fb-a1df-22e321ff4ecd: start FollowerState
2019-10-10 07:13:17,622 [pool-393-thread-1] INFO  util.JmxRegister (JmxRegister.java:tryRegister(44)) - Successfully registered JMX Bean with object name Ratis:service=RaftServer,group=group-1095F9C936B6,id=5b8bd398-f3eb-47fb-a1df-22e321ff4ecd
2019-10-10 07:13:17,626 [RatisPipelineUtilsThread] INFO  pipeline.PipelineStateManager (PipelineStateManager.java:addPipeline(56)) - Created pipeline Pipeline[ Id: dd900d8e-0906-46dd-b1c0-1095f9c936b6, Nodes: 5b8bd398-f3eb-47fb-a1df-22e321ff4ecd{ip: 192.168.30.31, host: pr-hdds-2266-2msfb-4116138409, networkLocation: /default-rack, certSerialId: null}, Type:RATIS, Factor:ONE, State:OPEN]
2019-10-10 07:13:17,656 [IPC Server handler 6 on 36522] INFO  net.NetworkTopology (NetworkTopologyImpl.java:add(111)) - Added a new node: /default-rack/0067d567-1cf8-422e-b836-7c9e21103321
2019-10-10 07:13:17,656 [IPC Server handler 6 on 36522] INFO  node.SCMNodeManager (SCMNodeManager.java:register(268)) - Registered Data node : 0067d567-1cf8-422e-b836-7c9e21103321{ip: 192.168.30.31, host: pr-hdds-2266-2msfb-4116138409, networkLocation: /default-rack, certSerialId: null}
2019-10-10 07:13:17,663 [grpc-default-executor-1] INFO  impl.RaftServerProxy (RaftServerProxy.java:addNew(89)) - 0067d567-1cf8-422e-b836-7c9e21103321: addNew group-8289E5DC9EF0:[0067d567-1cf8-422e-b836-7c9e21103321:192.168.30.31:41048] returns group-8289E5DC9EF0:java.util.concurrent.CompletableFuture@5a951059[Not completed]
2019-10-10 07:13:17,664 [pool-403-thread-1] INFO  impl.RaftServerImpl (RaftServerImpl.java:<init>(95)) - 0067d567-1cf8-422e-b836-7c9e21103321: new RaftServerImpl for group-8289E5DC9EF0:[0067d567-1cf8-422e-b836-7c9e21103321:192.168.30.31:41048] with ContainerStateMachine:uninitialized
2019-10-10 07:13:17,664 [pool-403-thread-1] INFO  server.RaftServerConfigKeys (ConfUtils.java:logGet(43)) - raft.server.rpc.timeout.min = 5s (custom)
2019-10-10 07:13:17,664 [pool-403-thread-1] INFO  server.RaftServerConfigKeys (ConfUtils.java:logGet(43)) - raft.server.rpc.timeout.max = 5200ms (custom)
2019-10-10 07:13:17,664 [pool-403-thread-1] INFO  server.RaftServerConfigKeys (ConfUtils.java:logGet(43)) - raft.server.rpcslowness.timeout = 120s (custom)
2019-10-10 07:13:17,665 [pool-403-thread-1] INFO  server.RaftServerConfigKeys (ConfUtils.java:logGet(43)) - raft.server.sleep.deviation.threshold = 300 (default)
2019-10-10 07:13:17,665 [pool-403-thread-1] INFO  server.RaftServerConfigKeys (ConfUtils.java:logGet(43)) - raft.server.log.appender.install.snapshot.enabled = false (custom)
2019-10-10 07:13:17,665 [pool-403-thread-1] INFO  impl.RaftServerImpl (ServerState.java:<init>(103)) - 0067d567-1cf8-422e-b836-7c9e21103321@group-8289E5DC9EF0: ConfigurationManager, init=-1: [0067d567-1cf8-422e-b836-7c9e21103321:192.168.30.31:41048], old=null, confs=<EMPTY_MAP>
2019-10-10 07:13:17,665 [pool-403-thread-1] INFO  server.RaftServerConfigKeys (ConfUtils.java:logGet(43)) - raft.server.storage.dir = [/workdir/hadoop-ozone/integration-test/target/test-dir/MiniOzoneClusterImpl-9bfdac0f-0aca-46f5-97b6-b623c9f6701c/datanode-2/data/ratis] (custom)
2019-10-10 07:13:17,665 [pool-403-thread-1] INFO  server.RaftServerConfigKeys (ConfUtils.java:logGet(43)) - raft.server.log.corruption.policy = EXCEPTION (default)
2019-10-10 07:13:17,665 [pool-403-thread-1] INFO  storage.RaftStorageDirectory (RaftStorageDirectory.java:analyzeStorage(246)) - The storage directory /workdir/hadoop-ozone/integration-test/target/test-dir/MiniOzoneClusterImpl-9bfdac0f-0aca-46f5-97b6-b623c9f6701c/datanode-2/data/ratis/146fc208-1b9a-4ec2-9cc4-8289e5dc9ef0 does not exist. Creating ...
2019-10-10 07:13:17,678 [pool-403-thread-1] INFO  storage.RaftStorageDirectory (RaftStorageDirectory.java:tryLock(328)) - Lock on /workdir/hadoop-ozone/integration-test/target/test-dir/MiniOzoneClusterImpl-9bfdac0f-0aca-46f5-97b6-b623c9f6701c/datanode-2/data/ratis/146fc208-1b9a-4ec2-9cc4-8289e5dc9ef0/in_use.lock acquired by nodename 12140@pr-hdds-2266-2msfb-4116138409
2019-10-10 07:13:17,691 [pool-403-thread-1] INFO  storage.RaftStorage (RaftStorage.java:format(84)) - Storage directory /workdir/hadoop-ozone/integration-test/target/test-dir/MiniOzoneClusterImpl-9bfdac0f-0aca-46f5-97b6-b623c9f6701c/datanode-2/data/ratis/146fc208-1b9a-4ec2-9cc4-8289e5dc9ef0 has been successfully formatted.
2019-10-10 07:13:17,691 [pool-403-thread-1] INFO  ratis.ContainerStateMachine (ContainerStateMachine.java:loadSnapshot(231)) - group-8289E5DC9EF0: The snapshot info is null. Setting the last applied indexto:(t:0, i:~)
2019-10-10 07:13:17,691 [pool-403-thread-1] INFO  server.RaftServerConfigKeys (ConfUtils.java:logGet(43)) - raft.server.notification.no-leader.timeout = 120s (custom)
2019-10-10 07:13:17,691 [pool-403-thread-1] INFO  server.RaftServerConfigKeys (ConfUtils.java:logGet(43)) - raft.server.log.use.memory = false (default)
2019-10-10 07:13:17,692 [pool-403-thread-1] INFO  server.RaftServerConfigKeys (ConfUtils.java:logGet(43)) - raft.server.log.purge.gap = 1000000 (custom)
2019-10-10 07:13:17,692 [pool-403-thread-1] INFO  server.RaftServerConfigKeys (ConfUtils.java:logGet(43)) - raft.server.log.appender.buffer.byte-limit = 33554432 (custom)
2019-10-10 07:13:17,692 [pool-403-thread-1] INFO  server.RaftServerConfigKeys (ConfUtils.java:logGet(43)) - raft.server.log.segment.size.max = 1048576 (custom)
2019-10-10 07:13:17,693 [pool-403-thread-1] INFO  server.RaftServerConfigKeys (ConfUtils.java:logGet(43)) - raft.server.log.segment.cache.num.max = 2 (custom)
2019-10-10 07:13:17,693 [pool-403-thread-1] INFO  segmented.SegmentedRaftLogWorker (SegmentedRaftLogWorker.java:<init>(173)) - new 0067d567-1cf8-422e-b836-7c9e21103321@group-8289E5DC9EF0-SegmentedRaftLogWorker for RaftStorage:Storage Directory /workdir/hadoop-ozone/integration-test/target/test-dir/MiniOzoneClusterImpl-9bfdac0f-0aca-46f5-97b6-b623c9f6701c/datanode-2/data/ratis/146fc208-1b9a-4ec2-9cc4-8289e5dc9ef0
2019-10-10 07:13:17,693 [pool-403-thread-1] INFO  server.RaftServerConfigKeys (ConfUtils.java:logGet(43)) - raft.server.log.queue.byte-limit = 2147483647 (custom)
2019-10-10 07:13:17,693 [pool-403-thread-1] INFO  server.RaftServerConfigKeys (ConfUtils.java:logGet(43)) - raft.server.log.queue.element-limit = 1024 (custom)
2019-10-10 07:13:17,693 [pool-403-thread-1] INFO  server.RaftServerConfigKeys (ConfUtils.java:logGet(43)) - raft.server.log.segment.size.max = 1048576 (custom)
2019-10-10 07:13:17,693 [pool-403-thread-1] INFO  server.RaftServerConfigKeys (ConfUtils.java:logGet(43)) - raft.server.log.preallocated.size = 16384 (custom)
2019-10-10 07:13:17,694 [pool-403-thread-1] INFO  server.RaftServerConfigKeys (ConfUtils.java:logGet(43)) - raft.server.log.write.buffer.size = 33554432 (custom)
2019-10-10 07:13:17,694 [pool-403-thread-1] INFO  server.RaftServerConfigKeys (ConfUtils.java:logGet(43)) - raft.server.log.force.sync.num = 128 (default)
2019-10-10 07:13:17,694 [pool-403-thread-1] INFO  server.RaftServerConfigKeys (ConfUtils.java:logGet(43)) - raft.server.log.statemachine.data.sync = true (default)
2019-10-10 07:13:17,694 [pool-403-thread-1] INFO  server.RaftServerConfigKeys (ConfUtils.java:logGet(43)) - raft.server.log.statemachine.data.sync.timeout = 10s (default)
2019-10-10 07:13:17,694 [pool-403-thread-1] INFO  server.RaftServerConfigKeys (ConfUtils.java:logGet(43)) - raft.server.log.statemachine.data.sync.timeout.retry = -1 (default)
2019-10-10 07:13:17,694 [pool-403-thread-1] INFO  server.RaftServerConfigKeys (ConfUtils.java:logGet(43)) - raft.server.log.statemachine.data.caching.enabled = true (custom)
2019-10-10 07:13:17,694 [pool-403-thread-1] INFO  segmented.SegmentedRaftLogWorker (SegmentedRaftLogWorker.java:lambda$new$0(128)) - 0067d567-1cf8-422e-b836-7c9e21103321@group-8289E5DC9EF0-SegmentedRaftLogWorker: flushIndex: setUnconditionally 0 -> -1
2019-10-10 07:13:17,695 [pool-403-thread-1] INFO  server.RaftServerConfigKeys (ConfUtils.java:logGet(43)) - raft.server.snapshot.auto.trigger.enabled = true (custom)
2019-10-10 07:13:17,695 [pool-403-thread-1] INFO  server.RaftServerConfigKeys (ConfUtils.java:logGet(43)) - raft.server.snapshot.auto.trigger.threshold = 10000 (custom)
2019-10-10 07:13:17,695 [pool-403-thread-1] INFO  server.RaftServerConfigKeys (ConfUtils.java:logGet(43)) - raft.server.snapshot.retention.file.num = 5 (custom)
2019-10-10 07:13:17,695 [pool-403-thread-1] INFO  server.RaftServerConfigKeys (ConfUtils.java:logGet(43)) - raft.server.retrycache.expirytime = 600000ms (custom)
2019-10-10 07:13:17,696 [pool-403-thread-1] INFO  impl.RaftServerImpl (RaftServerImpl.java:start(181)) - 0067d567-1cf8-422e-b836-7c9e21103321@group-8289E5DC9EF0: start as a follower, conf=-1: [0067d567-1cf8-422e-b836-7c9e21103321:192.168.30.31:41048], old=null
2019-10-10 07:13:17,696 [pool-403-thread-1] INFO  impl.RaftServerImpl (RaftServerImpl.java:setRole(170)) - 0067d567-1cf8-422e-b836-7c9e21103321@group-8289E5DC9EF0: changes role from      null to FOLLOWER at term 0 for startAsFollower
2019-10-10 07:13:17,696 [pool-403-thread-1] INFO  impl.RoleInfo (RoleInfo.java:updateAndGet(143)) - 0067d567-1cf8-422e-b836-7c9e21103321: start FollowerState
2019-10-10 07:13:17,697 [pool-403-thread-1] INFO  util.JmxRegister (JmxRegister.java:tryRegister(44)) - Successfully registered JMX Bean with object name Ratis:service=RaftServer,group=group-8289E5DC9EF0,id=0067d567-1cf8-422e-b836-7c9e21103321
2019-10-10 07:13:17,700 [RatisPipelineUtilsThread] INFO  pipeline.PipelineStateManager (PipelineStateManager.java:addPipeline(56)) - Created pipeline Pipeline[ Id: 146fc208-1b9a-4ec2-9cc4-8289e5dc9ef0, Nodes: 0067d567-1cf8-422e-b836-7c9e21103321{ip: 192.168.30.31, host: pr-hdds-2266-2msfb-4116138409, networkLocation: /default-rack, certSerialId: null}, Type:RATIS, Factor:ONE, State:OPEN]
2019-10-10 07:13:17,714 [grpc-default-executor-1] INFO  impl.RaftServerProxy (RaftServerProxy.java:addNew(89)) - 26aad93a-7503-45f5-9023-3e4c6d420244: addNew group-3A3512E0F91C:[0067d567-1cf8-422e-b836-7c9e21103321:192.168.30.31:41048, 5b8bd398-f3eb-47fb-a1df-22e321ff4ecd:192.168.30.31:45070, 26aad93a-7503-45f5-9023-3e4c6d420244:192.168.30.31:44380] returns group-3A3512E0F91C:java.util.concurrent.CompletableFuture@5fc8c043[Not completed]
2019-10-10 07:13:17,714 [grpc-default-executor-1] INFO  impl.RaftServerProxy (RaftServerProxy.java:addNew(89)) - 5b8bd398-f3eb-47fb-a1df-22e321ff4ecd: addNew group-3A3512E0F91C:[0067d567-1cf8-422e-b836-7c9e21103321:192.168.30.31:41048, 5b8bd398-f3eb-47fb-a1df-22e321ff4ecd:192.168.30.31:45070, 26aad93a-7503-45f5-9023-3e4c6d420244:192.168.30.31:44380] returns group-3A3512E0F91C:java.util.concurrent.CompletableFuture@2dad143b[Not completed]
2019-10-10 07:13:17,715 [grpc-default-executor-1] INFO  impl.RaftServerProxy (RaftServerProxy.java:addNew(89)) - 0067d567-1cf8-422e-b836-7c9e21103321: addNew group-3A3512E0F91C:[0067d567-1cf8-422e-b836-7c9e21103321:192.168.30.31:41048, 5b8bd398-f3eb-47fb-a1df-22e321ff4ecd:192.168.30.31:45070, 26aad93a-7503-45f5-9023-3e4c6d420244:192.168.30.31:44380] returns group-3A3512E0F91C:java.util.concurrent.CompletableFuture@2d6805cb[Not completed]
2019-10-10 07:13:17,715 [pool-383-thread-1] INFO  impl.RaftServerImpl (RaftServerImpl.java:<init>(95)) - 26aad93a-7503-45f5-9023-3e4c6d420244: new RaftServerImpl for group-3A3512E0F91C:[0067d567-1cf8-422e-b836-7c9e21103321:192.168.30.31:41048, 5b8bd398-f3eb-47fb-a1df-22e321ff4ecd:192.168.30.31:45070, 26aad93a-7503-45f5-9023-3e4c6d420244:192.168.30.31:44380] with ContainerStateMachine:uninitialized
2019-10-10 07:13:17,715 [pool-383-thread-1] INFO  server.RaftServerConfigKeys (ConfUtils.java:logGet(43)) - raft.server.rpc.timeout.min = 5s (custom)
2019-10-10 07:13:17,715 [pool-383-thread-1] INFO  server.RaftServerConfigKeys (ConfUtils.java:logGet(43)) - raft.server.rpc.timeout.max = 5200ms (custom)
2019-10-10 07:13:17,715 [pool-383-thread-1] INFO  server.RaftServerConfigKeys (ConfUtils.java:logGet(43)) - raft.server.rpcslowness.timeout = 120s (custom)
2019-10-10 07:13:17,715 [pool-383-thread-1] INFO  server.RaftServerConfigKeys (ConfUtils.java:logGet(43)) - raft.server.sleep.deviation.threshold = 300 (default)
2019-10-10 07:13:17,715 [pool-393-thread-1] INFO  impl.RaftServerImpl (RaftServerImpl.java:<init>(95)) - 5b8bd398-f3eb-47fb-a1df-22e321ff4ecd: new RaftServerImpl for group-3A3512E0F91C:[0067d567-1cf8-422e-b836-7c9e21103321:192.168.30.31:41048, 5b8bd398-f3eb-47fb-a1df-22e321ff4ecd:192.168.30.31:45070, 26aad93a-7503-45f5-9023-3e4c6d420244:192.168.30.31:44380] with ContainerStateMachine:uninitialized
2019-10-10 07:13:17,715 [pool-383-thread-1] INFO  server.RaftServerConfigKeys (ConfUtils.java:logGet(43)) - raft.server.log.appender.install.snapshot.enabled = false (custom)
2019-10-10 07:13:17,716 [pool-393-thread-1] INFO  server.RaftServerConfigKeys (ConfUtils.java:logGet(43)) - raft.server.rpc.timeout.min = 5s (custom)
2019-10-10 07:13:17,716 [pool-403-thread-1] INFO  impl.RaftServerImpl (RaftServerImpl.java:<init>(95)) - 0067d567-1cf8-422e-b836-7c9e21103321: new RaftServerImpl for group-3A3512E0F91C:[0067d567-1cf8-422e-b836-7c9e21103321:192.168.30.31:41048, 5b8bd398-f3eb-47fb-a1df-22e321ff4ecd:192.168.30.31:45070, 26aad93a-7503-45f5-9023-3e4c6d420244:192.168.30.31:44380] with ContainerStateMachine:uninitialized
2019-10-10 07:13:17,716 [pool-383-thread-1] INFO  impl.RaftServerImpl (ServerState.java:<init>(103)) - 26aad93a-7503-45f5-9023-3e4c6d420244@group-3A3512E0F91C: ConfigurationManager, init=-1: [0067d567-1cf8-422e-b836-7c9e21103321:192.168.30.31:41048, 5b8bd398-f3eb-47fb-a1df-22e321ff4ecd:192.168.30.31:45070, 26aad93a-7503-45f5-9023-3e4c6d420244:192.168.30.31:44380], old=null, confs=<EMPTY_MAP>
2019-10-10 07:13:17,716 [pool-403-thread-1] INFO  server.RaftServerConfigKeys (ConfUtils.java:logGet(43)) - raft.server.rpc.timeout.min = 5s (custom)
2019-10-10 07:13:17,716 [pool-383-thread-1] INFO  server.RaftServerConfigKeys (ConfUtils.java:logGet(43)) - raft.server.storage.dir = [/workdir/hadoop-ozone/integration-test/target/test-dir/MiniOzoneClusterImpl-9bfdac0f-0aca-46f5-97b6-b623c9f6701c/datanode-0/data/ratis] (custom)
2019-10-10 07:13:17,716 [pool-393-thread-1] INFO  server.RaftServerConfigKeys (ConfUtils.java:logGet(43)) - raft.server.rpc.timeout.max = 5200ms (custom)
2019-10-10 07:13:17,716 [pool-403-thread-1] INFO  server.RaftServerConfigKeys (ConfUtils.java:logGet(43)) - raft.server.rpc.timeout.max = 5200ms (custom)
2019-10-10 07:13:17,716 [pool-383-thread-1] INFO  server.RaftServerConfigKeys (ConfUtils.java:logGet(43)) - raft.server.log.corruption.policy = EXCEPTION (default)
2019-10-10 07:13:17,716 [pool-393-thread-1] INFO  server.RaftServerConfigKeys (ConfUtils.java:logGet(43)) - raft.server.rpcslowness.timeout = 120s (custom)
2019-10-10 07:13:17,717 [pool-383-thread-1] INFO  storage.RaftStorageDirectory (RaftStorageDirectory.java:analyzeStorage(246)) - The storage directory /workdir/hadoop-ozone/integration-test/target/test-dir/MiniOzoneClusterImpl-9bfdac0f-0aca-46f5-97b6-b623c9f6701c/datanode-0/data/ratis/f75dfa7e-f652-4576-891a-3a3512e0f91c does not exist. Creating ...
2019-10-10 07:13:17,716 [pool-403-thread-1] INFO  server.RaftServerConfigKeys (ConfUtils.java:logGet(43)) - raft.server.rpcslowness.timeout = 120s (custom)
2019-10-10 07:13:17,717 [pool-393-thread-1] INFO  server.RaftServerConfigKeys (ConfUtils.java:logGet(43)) - raft.server.sleep.deviation.threshold = 300 (default)
2019-10-10 07:13:17,717 [pool-403-thread-1] INFO  server.RaftServerConfigKeys (ConfUtils.java:logGet(43)) - raft.server.sleep.deviation.threshold = 300 (default)
2019-10-10 07:13:17,717 [pool-393-thread-1] INFO  server.RaftServerConfigKeys (ConfUtils.java:logGet(43)) - raft.server.log.appender.install.snapshot.enabled = false (custom)
2019-10-10 07:13:17,717 [pool-403-thread-1] INFO  server.RaftServerConfigKeys (ConfUtils.java:logGet(43)) - raft.server.log.appender.install.snapshot.enabled = false (custom)
2019-10-10 07:13:17,717 [pool-393-thread-1] INFO  impl.RaftServerImpl (ServerState.java:<init>(103)) - 5b8bd398-f3eb-47fb-a1df-22e321ff4ecd@group-3A3512E0F91C: ConfigurationManager, init=-1: [0067d567-1cf8-422e-b836-7c9e21103321:192.168.30.31:41048, 5b8bd398-f3eb-47fb-a1df-22e321ff4ecd:192.168.30.31:45070, 26aad93a-7503-45f5-9023-3e4c6d420244:192.168.30.31:44380], old=null, confs=<EMPTY_MAP>
2019-10-10 07:13:17,717 [pool-403-thread-1] INFO  impl.RaftServerImpl (ServerState.java:<init>(103)) - 0067d567-1cf8-422e-b836-7c9e21103321@group-3A3512E0F91C: ConfigurationManager, init=-1: [0067d567-1cf8-422e-b836-7c9e21103321:192.168.30.31:41048, 5b8bd398-f3eb-47fb-a1df-22e321ff4ecd:192.168.30.31:45070, 26aad93a-7503-45f5-9023-3e4c6d420244:192.168.30.31:44380], old=null, confs=<EMPTY_MAP>
2019-10-10 07:13:17,717 [pool-393-thread-1] INFO  server.RaftServerConfigKeys (ConfUtils.java:logGet(43)) - raft.server.storage.dir = [/workdir/hadoop-ozone/integration-test/target/test-dir/MiniOzoneClusterImpl-9bfdac0f-0aca-46f5-97b6-b623c9f6701c/datanode-1/data/ratis] (custom)
2019-10-10 07:13:17,717 [pool-403-thread-1] INFO  server.RaftServerConfigKeys (ConfUtils.java:logGet(43)) - raft.server.storage.dir = [/workdir/hadoop-ozone/integration-test/target/test-dir/MiniOzoneClusterImpl-9bfdac0f-0aca-46f5-97b6-b623c9f6701c/datanode-2/data/ratis] (custom)
2019-10-10 07:13:17,718 [pool-393-thread-1] INFO  server.RaftServerConfigKeys (ConfUtils.java:logGet(43)) - raft.server.log.corruption.policy = EXCEPTION (default)
2019-10-10 07:13:17,718 [pool-403-thread-1] INFO  server.RaftServerConfigKeys (ConfUtils.java:logGet(43)) - raft.server.log.corruption.policy = EXCEPTION (default)
2019-10-10 07:13:17,718 [pool-393-thread-1] INFO  storage.RaftStorageDirectory (RaftStorageDirectory.java:analyzeStorage(246)) - The storage directory /workdir/hadoop-ozone/integration-test/target/test-dir/MiniOzoneClusterImpl-9bfdac0f-0aca-46f5-97b6-b623c9f6701c/datanode-1/data/ratis/f75dfa7e-f652-4576-891a-3a3512e0f91c does not exist. Creating ...
2019-10-10 07:13:17,718 [pool-403-thread-1] INFO  storage.RaftStorageDirectory (RaftStorageDirectory.java:analyzeStorage(246)) - The storage directory /workdir/hadoop-ozone/integration-test/target/test-dir/MiniOzoneClusterImpl-9bfdac0f-0aca-46f5-97b6-b623c9f6701c/datanode-2/data/ratis/f75dfa7e-f652-4576-891a-3a3512e0f91c does not exist. Creating ...
2019-10-10 07:13:17,731 [IPC Server handler 7 on 36522] INFO  net.NetworkTopology (NetworkTopologyImpl.java:add(111)) - Added a new node: /default-rack/74cd5fb0-5f73-46dd-b6f0-e4ade7569d7d
2019-10-10 07:13:17,731 [IPC Server handler 7 on 36522] INFO  node.SCMNodeManager (SCMNodeManager.java:register(268)) - Registered Data node : 74cd5fb0-5f73-46dd-b6f0-e4ade7569d7d{ip: 192.168.30.31, host: pr-hdds-2266-2msfb-4116138409, networkLocation: /default-rack, certSerialId: null}
2019-10-10 07:13:17,742 [pool-393-thread-1] INFO  storage.RaftStorageDirectory (RaftStorageDirectory.java:tryLock(328)) - Lock on /workdir/hadoop-ozone/integration-test/target/test-dir/MiniOzoneClusterImpl-9bfdac0f-0aca-46f5-97b6-b623c9f6701c/datanode-1/data/ratis/f75dfa7e-f652-4576-891a-3a3512e0f91c/in_use.lock acquired by nodename 12140@pr-hdds-2266-2msfb-4116138409
2019-10-10 07:13:17,742 [pool-383-thread-1] INFO  storage.RaftStorageDirectory (RaftStorageDirectory.java:tryLock(328)) - Lock on /workdir/hadoop-ozone/integration-test/target/test-dir/MiniOzoneClusterImpl-9bfdac0f-0aca-46f5-97b6-b623c9f6701c/datanode-0/data/ratis/f75dfa7e-f652-4576-891a-3a3512e0f91c/in_use.lock acquired by nodename 12140@pr-hdds-2266-2msfb-4116138409
2019-10-10 07:13:17,742 [pool-403-thread-1] INFO  storage.RaftStorageDirectory (RaftStorageDirectory.java:tryLock(328)) - Lock on /workdir/hadoop-ozone/integration-test/target/test-dir/MiniOzoneClusterImpl-9bfdac0f-0aca-46f5-97b6-b623c9f6701c/datanode-2/data/ratis/f75dfa7e-f652-4576-891a-3a3512e0f91c/in_use.lock acquired by nodename 12140@pr-hdds-2266-2msfb-4116138409
2019-10-10 07:13:17,767 [pool-393-thread-1] INFO  storage.RaftStorage (RaftStorage.java:format(84)) - Storage directory /workdir/hadoop-ozone/integration-test/target/test-dir/MiniOzoneClusterImpl-9bfdac0f-0aca-46f5-97b6-b623c9f6701c/datanode-1/data/ratis/f75dfa7e-f652-4576-891a-3a3512e0f91c has been successfully formatted.
2019-10-10 07:13:17,767 [pool-383-thread-1] INFO  storage.RaftStorage (RaftStorage.java:format(84)) - Storage directory /workdir/hadoop-ozone/integration-test/target/test-dir/MiniOzoneClusterImpl-9bfdac0f-0aca-46f5-97b6-b623c9f6701c/datanode-0/data/ratis/f75dfa7e-f652-4576-891a-3a3512e0f91c has been successfully formatted.
2019-10-10 07:13:17,767 [pool-403-thread-1] INFO  storage.RaftStorage (RaftStorage.java:format(84)) - Storage directory /workdir/hadoop-ozone/integration-test/target/test-dir/MiniOzoneClusterImpl-9bfdac0f-0aca-46f5-97b6-b623c9f6701c/datanode-2/data/ratis/f75dfa7e-f652-4576-891a-3a3512e0f91c has been successfully formatted.
2019-10-10 07:13:17,767 [pool-383-thread-1] INFO  ratis.ContainerStateMachine (ContainerStateMachine.java:loadSnapshot(231)) - group-3A3512E0F91C: The snapshot info is null. Setting the last applied indexto:(t:0, i:~)
2019-10-10 07:13:17,767 [pool-393-thread-1] INFO  ratis.ContainerStateMachine (ContainerStateMachine.java:loadSnapshot(231)) - group-3A3512E0F91C: The snapshot info is null. Setting the last applied indexto:(t:0, i:~)
2019-10-10 07:13:17,768 [pool-383-thread-1] INFO  server.RaftServerConfigKeys (ConfUtils.java:logGet(43)) - raft.server.notification.no-leader.timeout = 120s (custom)
2019-10-10 07:13:17,768 [pool-403-thread-1] INFO  ratis.ContainerStateMachine (ContainerStateMachine.java:loadSnapshot(231)) - group-3A3512E0F91C: The snapshot info is null. Setting the last applied indexto:(t:0, i:~)
2019-10-10 07:13:17,768 [pool-383-thread-1] INFO  server.RaftServerConfigKeys (ConfUtils.java:logGet(43)) - raft.server.log.use.memory = false (default)
2019-10-10 07:13:17,768 [pool-393-thread-1] INFO  server.RaftServerConfigKeys (ConfUtils.java:logGet(43)) - raft.server.notification.no-leader.timeout = 120s (custom)
2019-10-10 07:13:17,768 [pool-383-thread-1] INFO  server.RaftServerConfigKeys (ConfUtils.java:logGet(43)) - raft.server.log.purge.gap = 1000000 (custom)
2019-10-10 07:13:17,768 [pool-403-thread-1] INFO  server.RaftServerConfigKeys (ConfUtils.java:logGet(43)) - raft.server.notification.no-leader.timeout = 120s (custom)
2019-10-10 07:13:17,769 [pool-383-thread-1] INFO  server.RaftServerConfigKeys (ConfUtils.java:logGet(43)) - raft.server.log.appender.buffer.byte-limit = 33554432 (custom)
2019-10-10 07:13:17,768 [pool-393-thread-1] INFO  server.RaftServerConfigKeys (ConfUtils.java:logGet(43)) - raft.server.log.use.memory = false (default)
2019-10-10 07:13:17,769 [pool-383-thread-1] INFO  server.RaftServerConfigKeys (ConfUtils.java:logGet(43)) - raft.server.log.segment.size.max = 1048576 (custom)
2019-10-10 07:13:17,769 [pool-403-thread-1] INFO  server.RaftServerConfigKeys (ConfUtils.java:logGet(43)) - raft.server.log.use.memory = false (default)
2019-10-10 07:13:17,769 [pool-383-thread-1] INFO  server.RaftServerConfigKeys (ConfUtils.java:logGet(43)) - raft.server.log.segment.cache.num.max = 2 (custom)
2019-10-10 07:13:17,769 [pool-393-thread-1] INFO  server.RaftServerConfigKeys (ConfUtils.java:logGet(43)) - raft.server.log.purge.gap = 1000000 (custom)
2019-10-10 07:13:17,769 [pool-383-thread-1] INFO  segmented.SegmentedRaftLogWorker (SegmentedRaftLogWorker.java:<init>(173)) - new 26aad93a-7503-45f5-9023-3e4c6d420244@group-3A3512E0F91C-SegmentedRaftLogWorker for RaftStorage:Storage Directory /workdir/hadoop-ozone/integration-test/target/test-dir/MiniOzoneClusterImpl-9bfdac0f-0aca-46f5-97b6-b623c9f6701c/datanode-0/data/ratis/f75dfa7e-f652-4576-891a-3a3512e0f91c
2019-10-10 07:13:17,770 [pool-383-thread-1] INFO  server.RaftServerConfigKeys (ConfUtils.java:logGet(43)) - raft.server.log.queue.byte-limit = 2147483647 (custom)
2019-10-10 07:13:17,769 [pool-403-thread-1] INFO  server.RaftServerConfigKeys (ConfUtils.java:logGet(43)) - raft.server.log.purge.gap = 1000000 (custom)
2019-10-10 07:13:17,770 [pool-383-thread-1] INFO  server.RaftServerConfigKeys (ConfUtils.java:logGet(43)) - raft.server.log.queue.element-limit = 1024 (custom)
2019-10-10 07:13:17,770 [pool-393-thread-1] INFO  server.RaftServerConfigKeys (ConfUtils.java:logGet(43)) - raft.server.log.appender.buffer.byte-limit = 33554432 (custom)
2019-10-10 07:13:17,770 [pool-383-thread-1] INFO  server.RaftServerConfigKeys (ConfUtils.java:logGet(43)) - raft.server.log.segment.size.max = 1048576 (custom)
2019-10-10 07:13:17,770 [pool-403-thread-1] INFO  server.RaftServerConfigKeys (ConfUtils.java:logGet(43)) - raft.server.log.appender.buffer.byte-limit = 33554432 (custom)
2019-10-10 07:13:17,771 [pool-383-thread-1] INFO  server.RaftServerConfigKeys (ConfUtils.java:logGet(43)) - raft.server.log.preallocated.size = 16384 (custom)
2019-10-10 07:13:17,770 [pool-393-thread-1] INFO  server.RaftServerConfigKeys (ConfUtils.java:logGet(43)) - raft.server.log.segment.size.max = 1048576 (custom)
2019-10-10 07:13:17,771 [pool-383-thread-1] INFO  server.RaftServerConfigKeys (ConfUtils.java:logGet(43)) - raft.server.log.write.buffer.size = 33554432 (custom)
2019-10-10 07:13:17,771 [pool-383-thread-1] INFO  server.RaftServerConfigKeys (ConfUtils.java:logGet(43)) - raft.server.log.force.sync.num = 128 (default)
2019-10-10 07:13:17,771 [pool-403-thread-1] INFO  server.RaftServerConfigKeys (ConfUtils.java:logGet(43)) - raft.server.log.segment.size.max = 1048576 (custom)
2019-10-10 07:13:17,771 [pool-383-thread-1] INFO  server.RaftServerConfigKeys (ConfUtils.java:logGet(43)) - raft.server.log.statemachine.data.sync = true (default)
2019-10-10 07:13:17,771 [pool-393-thread-1] INFO  server.RaftServerConfigKeys (ConfUtils.java:logGet(43)) - raft.server.log.segment.cache.num.max = 2 (custom)
2019-10-10 07:13:17,772 [pool-383-thread-1] INFO  server.RaftServerConfigKeys (ConfUtils.java:logGet(43)) - raft.server.log.statemachine.data.sync.timeout = 10s (default)
2019-10-10 07:13:17,772 [pool-403-thread-1] INFO  server.RaftServerConfigKeys (ConfUtils.java:logGet(43)) - raft.server.log.segment.cache.num.max = 2 (custom)
2019-10-10 07:13:17,772 [pool-383-thread-1] INFO  server.RaftServerConfigKeys (ConfUtils.java:logGet(43)) - raft.server.log.statemachine.data.sync.timeout.retry = -1 (default)
2019-10-10 07:13:17,772 [pool-393-thread-1] INFO  segmented.SegmentedRaftLogWorker (SegmentedRaftLogWorker.java:<init>(173)) - new 5b8bd398-f3eb-47fb-a1df-22e321ff4ecd@group-3A3512E0F91C-SegmentedRaftLogWorker for RaftStorage:Storage Directory /workdir/hadoop-ozone/integration-test/target/test-dir/MiniOzoneClusterImpl-9bfdac0f-0aca-46f5-97b6-b623c9f6701c/datanode-1/data/ratis/f75dfa7e-f652-4576-891a-3a3512e0f91c
2019-10-10 07:13:17,773 [pool-383-thread-1] INFO  server.RaftServerConfigKeys (ConfUtils.java:logGet(43)) - raft.server.log.statemachine.data.caching.enabled = true (custom)
2019-10-10 07:13:17,772 [pool-403-thread-1] INFO  segmented.SegmentedRaftLogWorker (SegmentedRaftLogWorker.java:<init>(173)) - new 0067d567-1cf8-422e-b836-7c9e21103321@group-3A3512E0F91C-SegmentedRaftLogWorker for RaftStorage:Storage Directory /workdir/hadoop-ozone/integration-test/target/test-dir/MiniOzoneClusterImpl-9bfdac0f-0aca-46f5-97b6-b623c9f6701c/datanode-2/data/ratis/f75dfa7e-f652-4576-891a-3a3512e0f91c
2019-10-10 07:13:17,773 [pool-393-thread-1] INFO  server.RaftServerConfigKeys (ConfUtils.java:logGet(43)) - raft.server.log.queue.byte-limit = 2147483647 (custom)
2019-10-10 07:13:17,773 [pool-383-thread-1] INFO  segmented.SegmentedRaftLogWorker (SegmentedRaftLogWorker.java:lambda$new$0(128)) - 26aad93a-7503-45f5-9023-3e4c6d420244@group-3A3512E0F91C-SegmentedRaftLogWorker: flushIndex: setUnconditionally 0 -> -1
2019-10-10 07:13:17,773 [pool-403-thread-1] INFO  server.RaftServerConfigKeys (ConfUtils.java:logGet(43)) - raft.server.log.queue.byte-limit = 2147483647 (custom)
2019-10-10 07:13:17,773 [pool-393-thread-1] INFO  server.RaftServerConfigKeys (ConfUtils.java:logGet(43)) - raft.server.log.queue.element-limit = 1024 (custom)
2019-10-10 07:13:17,773 [pool-383-thread-1] INFO  server.RaftServerConfigKeys (ConfUtils.java:logGet(43)) - raft.server.snapshot.auto.trigger.enabled = true (custom)
2019-10-10 07:13:17,773 [pool-403-thread-1] INFO  server.RaftServerConfigKeys (ConfUtils.java:logGet(43)) - raft.server.log.queue.element-limit = 1024 (custom)
2019-10-10 07:13:17,774 [pool-383-thread-1] INFO  server.RaftServerConfigKeys (ConfUtils.java:logGet(43)) - raft.server.snapshot.auto.trigger.threshold = 10000 (custom)
2019-10-10 07:13:17,773 [pool-393-thread-1] INFO  server.RaftServerConfigKeys (ConfUtils.java:logGet(43)) - raft.server.log.segment.size.max = 1048576 (custom)
2019-10-10 07:13:17,774 [pool-383-thread-1] INFO  server.RaftServerConfigKeys (ConfUtils.java:logGet(43)) - raft.server.snapshot.retention.file.num = 5 (custom)
2019-10-10 07:13:17,774 [pool-403-thread-1] INFO  server.RaftServerConfigKeys (ConfUtils.java:logGet(43)) - raft.server.log.segment.size.max = 1048576 (custom)
2019-10-10 07:13:17,774 [pool-383-thread-1] INFO  server.RaftServerConfigKeys (ConfUtils.java:logGet(43)) - raft.server.retrycache.expirytime = 600000ms (custom)
2019-10-10 07:13:17,774 [pool-393-thread-1] INFO  server.RaftServerConfigKeys (ConfUtils.java:logGet(43)) - raft.server.log.preallocated.size = 16384 (custom)
2019-10-10 07:13:17,774 [pool-403-thread-1] INFO  server.RaftServerConfigKeys (ConfUtils.java:logGet(43)) - raft.server.log.preallocated.size = 16384 (custom)
2019-10-10 07:13:17,775 [pool-393-thread-1] INFO  server.RaftServerConfigKeys (ConfUtils.java:logGet(43)) - raft.server.log.write.buffer.size = 33554432 (custom)
2019-10-10 07:13:17,775 [pool-403-thread-1] INFO  server.RaftServerConfigKeys (ConfUtils.java:logGet(43)) - raft.server.log.write.buffer.size = 33554432 (custom)
2019-10-10 07:13:17,775 [pool-393-thread-1] INFO  server.RaftServerConfigKeys (ConfUtils.java:logGet(43)) - raft.server.log.force.sync.num = 128 (default)
2019-10-10 07:13:17,775 [pool-403-thread-1] INFO  server.RaftServerConfigKeys (ConfUtils.java:logGet(43)) - raft.server.log.force.sync.num = 128 (default)
2019-10-10 07:13:17,775 [pool-393-thread-1] INFO  server.RaftServerConfigKeys (ConfUtils.java:logGet(43)) - raft.server.log.statemachine.data.sync = true (default)
2019-10-10 07:13:17,775 [pool-403-thread-1] INFO  server.RaftServerConfigKeys (ConfUtils.java:logGet(43)) - raft.server.log.statemachine.data.sync = true (default)
2019-10-10 07:13:17,776 [pool-393-thread-1] INFO  server.RaftServerConfigKeys (ConfUtils.java:logGet(43)) - raft.server.log.statemachine.data.sync.timeout = 10s (default)
2019-10-10 07:13:17,776 [pool-403-thread-1] INFO  server.RaftServerConfigKeys (ConfUtils.java:logGet(43)) - raft.server.log.statemachine.data.sync.timeout = 10s (default)
2019-10-10 07:13:17,776 [pool-393-thread-1] INFO  server.RaftServerConfigKeys (ConfUtils.java:logGet(43)) - raft.server.log.statemachine.data.sync.timeout.retry = -1 (default)
2019-10-10 07:13:17,776 [pool-403-thread-1] INFO  server.RaftServerConfigKeys (ConfUtils.java:logGet(43)) - raft.server.log.statemachine.data.sync.timeout.retry = -1 (default)
2019-10-10 07:13:17,776 [pool-393-thread-1] INFO  server.RaftServerConfigKeys (ConfUtils.java:logGet(43)) - raft.server.log.statemachine.data.caching.enabled = true (custom)
2019-10-10 07:13:17,776 [pool-403-thread-1] INFO  server.RaftServerConfigKeys (ConfUtils.java:logGet(43)) - raft.server.log.statemachine.data.caching.enabled = true (custom)
2019-10-10 07:13:17,777 [pool-393-thread-1] INFO  segmented.SegmentedRaftLogWorker (SegmentedRaftLogWorker.java:lambda$new$0(128)) - 5b8bd398-f3eb-47fb-a1df-22e321ff4ecd@group-3A3512E0F91C-SegmentedRaftLogWorker: flushIndex: setUnconditionally 0 -> -1
2019-10-10 07:13:17,776 [pool-383-thread-1] INFO  impl.RaftServerImpl (RaftServerImpl.java:start(181)) - 26aad93a-7503-45f5-9023-3e4c6d420244@group-3A3512E0F91C: start as a follower, conf=-1: [0067d567-1cf8-422e-b836-7c9e21103321:192.168.30.31:41048, 5b8bd398-f3eb-47fb-a1df-22e321ff4ecd:192.168.30.31:45070, 26aad93a-7503-45f5-9023-3e4c6d420244:192.168.30.31:44380], old=null
2019-10-10 07:13:17,777 [pool-403-thread-1] INFO  segmented.SegmentedRaftLogWorker (SegmentedRaftLogWorker.java:lambda$new$0(128)) - 0067d567-1cf8-422e-b836-7c9e21103321@group-3A3512E0F91C-SegmentedRaftLogWorker: flushIndex: setUnconditionally 0 -> -1
2019-10-10 07:13:17,777 [pool-383-thread-1] INFO  impl.RaftServerImpl (RaftServerImpl.java:setRole(170)) - 26aad93a-7503-45f5-9023-3e4c6d420244@group-3A3512E0F91C: changes role from      null to FOLLOWER at term 0 for startAsFollower
2019-10-10 07:13:17,777 [pool-393-thread-1] INFO  server.RaftServerConfigKeys (ConfUtils.java:logGet(43)) - raft.server.snapshot.auto.trigger.enabled = true (custom)
2019-10-10 07:13:17,777 [pool-383-thread-1] INFO  impl.RoleInfo (RoleInfo.java:updateAndGet(143)) - 26aad93a-7503-45f5-9023-3e4c6d420244: start FollowerState
2019-10-10 07:13:17,777 [pool-403-thread-1] INFO  server.RaftServerConfigKeys (ConfUtils.java:logGet(43)) - raft.server.snapshot.auto.trigger.enabled = true (custom)
2019-10-10 07:13:17,777 [pool-393-thread-1] INFO  server.RaftServerConfigKeys (ConfUtils.java:logGet(43)) - raft.server.snapshot.auto.trigger.threshold = 10000 (custom)
2019-10-10 07:13:17,778 [pool-403-thread-1] INFO  server.RaftServerConfigKeys (ConfUtils.java:logGet(43)) - raft.server.snapshot.auto.trigger.threshold = 10000 (custom)
2019-10-10 07:13:17,778 [pool-383-thread-1] INFO  util.JmxRegister (JmxRegister.java:tryRegister(44)) - Successfully registered JMX Bean with object name Ratis:service=RaftServer,group=group-3A3512E0F91C,id=26aad93a-7503-45f5-9023-3e4c6d420244
2019-10-10 07:13:17,778 [pool-393-thread-1] INFO  server.RaftServerConfigKeys (ConfUtils.java:logGet(43)) - raft.server.snapshot.retention.file.num = 5 (custom)
2019-10-10 07:13:17,778 [pool-403-thread-1] INFO  server.RaftServerConfigKeys (ConfUtils.java:logGet(43)) - raft.server.snapshot.retention.file.num = 5 (custom)
2019-10-10 07:13:17,778 [pool-393-thread-1] INFO  server.RaftServerConfigKeys (ConfUtils.java:logGet(43)) - raft.server.retrycache.expirytime = 600000ms (custom)
2019-10-10 07:13:17,778 [pool-403-thread-1] INFO  server.RaftServerConfigKeys (ConfUtils.java:logGet(43)) - raft.server.retrycache.expirytime = 600000ms (custom)
2019-10-10 07:13:17,782 [pool-393-thread-1] INFO  impl.RaftServerImpl (RaftServerImpl.java:start(181)) - 5b8bd398-f3eb-47fb-a1df-22e321ff4ecd@group-3A3512E0F91C: start as a follower, conf=-1: [0067d567-1cf8-422e-b836-7c9e21103321:192.168.30.31:41048, 5b8bd398-f3eb-47fb-a1df-22e321ff4ecd:192.168.30.31:45070, 26aad93a-7503-45f5-9023-3e4c6d420244:192.168.30.31:44380], old=null
2019-10-10 07:13:17,783 [pool-403-thread-1] INFO  impl.RaftServerImpl (RaftServerImpl.java:start(181)) - 0067d567-1cf8-422e-b836-7c9e21103321@group-3A3512E0F91C: start as a follower, conf=-1: [0067d567-1cf8-422e-b836-7c9e21103321:192.168.30.31:41048, 5b8bd398-f3eb-47fb-a1df-22e321ff4ecd:192.168.30.31:45070, 26aad93a-7503-45f5-9023-3e4c6d420244:192.168.30.31:44380], old=null
2019-10-10 07:13:17,783 [pool-393-thread-1] INFO  impl.RaftServerImpl (RaftServerImpl.java:setRole(170)) - 5b8bd398-f3eb-47fb-a1df-22e321ff4ecd@group-3A3512E0F91C: changes role from      null to FOLLOWER at term 0 for startAsFollower
2019-10-10 07:13:17,783 [pool-403-thread-1] INFO  impl.RaftServerImpl (RaftServerImpl.java:setRole(170)) - 0067d567-1cf8-422e-b836-7c9e21103321@group-3A3512E0F91C: changes role from      null to FOLLOWER at term 0 for startAsFollower
2019-10-10 07:13:17,783 [pool-393-thread-1] INFO  impl.RoleInfo (RoleInfo.java:updateAndGet(143)) - 5b8bd398-f3eb-47fb-a1df-22e321ff4ecd: start FollowerState
2019-10-10 07:13:17,783 [pool-403-thread-1] INFO  impl.RoleInfo (RoleInfo.java:updateAndGet(143)) - 0067d567-1cf8-422e-b836-7c9e21103321: start FollowerState
2019-10-10 07:13:17,783 [pool-393-thread-1] INFO  util.JmxRegister (JmxRegister.java:tryRegister(44)) - Successfully registered JMX Bean with object name Ratis:service=RaftServer,group=group-3A3512E0F91C,id=5b8bd398-f3eb-47fb-a1df-22e321ff4ecd
2019-10-10 07:13:17,784 [pool-403-thread-1] INFO  util.JmxRegister (JmxRegister.java:tryRegister(44)) - Successfully registered JMX Bean with object name Ratis:service=RaftServer,group=group-3A3512E0F91C,id=0067d567-1cf8-422e-b836-7c9e21103321
2019-10-10 07:13:17,789 [RatisPipelineUtilsThread] INFO  pipeline.PipelineStateManager (PipelineStateManager.java:addPipeline(56)) - Created pipeline Pipeline[ Id: f75dfa7e-f652-4576-891a-3a3512e0f91c, Nodes: 5b8bd398-f3eb-47fb-a1df-22e321ff4ecd{ip: 192.168.30.31, host: pr-hdds-2266-2msfb-4116138409, networkLocation: /default-rack, certSerialId: null}26aad93a-7503-45f5-9023-3e4c6d420244{ip: 192.168.30.31, host: pr-hdds-2266-2msfb-4116138409, networkLocation: /default-rack, certSerialId: null}0067d567-1cf8-422e-b836-7c9e21103321{ip: 192.168.30.31, host: pr-hdds-2266-2msfb-4116138409, networkLocation: /default-rack, certSerialId: null}, Type:RATIS, Factor:THREE, State:OPEN]
2019-10-10 07:13:17,811 [IPC Server handler 0 on 36522] INFO  net.NetworkTopology (NetworkTopologyImpl.java:add(111)) - Added a new node: /default-rack/c4af4310-e5c5-443d-8068-3f85f9975672
2019-10-10 07:13:17,811 [IPC Server handler 0 on 36522] INFO  node.SCMNodeManager (SCMNodeManager.java:register(268)) - Registered Data node : c4af4310-e5c5-443d-8068-3f85f9975672{ip: 192.168.30.31, host: pr-hdds-2266-2msfb-4116138409, networkLocation: /default-rack, certSerialId: null}
2019-10-10 07:13:17,819 [grpc-default-executor-1] INFO  impl.RaftServerProxy (RaftServerProxy.java:addNew(89)) - 74cd5fb0-5f73-46dd-b6f0-e4ade7569d7d: addNew group-4D6D1C39DC96:[74cd5fb0-5f73-46dd-b6f0-e4ade7569d7d:192.168.30.31:43975] returns group-4D6D1C39DC96:java.util.concurrent.CompletableFuture@20df43e9[Not completed]
2019-10-10 07:13:17,823 [pool-413-thread-1] INFO  impl.RaftServerImpl (RaftServerImpl.java:<init>(95)) - 74cd5fb0-5f73-46dd-b6f0-e4ade7569d7d: new RaftServerImpl for group-4D6D1C39DC96:[74cd5fb0-5f73-46dd-b6f0-e4ade7569d7d:192.168.30.31:43975] with ContainerStateMachine:uninitialized
2019-10-10 07:13:17,823 [pool-413-thread-1] INFO  server.RaftServerConfigKeys (ConfUtils.java:logGet(43)) - raft.server.rpc.timeout.min = 5s (custom)
2019-10-10 07:13:17,823 [pool-413-thread-1] INFO  server.RaftServerConfigKeys (ConfUtils.java:logGet(43)) - raft.server.rpc.timeout.max = 5200ms (custom)
2019-10-10 07:13:17,823 [pool-413-thread-1] INFO  server.RaftServerConfigKeys (ConfUtils.java:logGet(43)) - raft.server.rpcslowness.timeout = 120s (custom)
2019-10-10 07:13:17,824 [pool-413-thread-1] INFO  server.RaftServerConfigKeys (ConfUtils.java:logGet(43)) - raft.server.sleep.deviation.threshold = 300 (default)
2019-10-10 07:13:17,824 [pool-413-thread-1] INFO  server.RaftServerConfigKeys (ConfUtils.java:logGet(43)) - raft.server.log.appender.install.snapshot.enabled = false (custom)
2019-10-10 07:13:17,824 [pool-413-thread-1] INFO  impl.RaftServerImpl (ServerState.java:<init>(103)) - 74cd5fb0-5f73-46dd-b6f0-e4ade7569d7d@group-4D6D1C39DC96: ConfigurationManager, init=-1: [74cd5fb0-5f73-46dd-b6f0-e4ade7569d7d:192.168.30.31:43975], old=null, confs=<EMPTY_MAP>
2019-10-10 07:13:17,824 [pool-413-thread-1] INFO  server.RaftServerConfigKeys (ConfUtils.java:logGet(43)) - raft.server.storage.dir = [/workdir/hadoop-ozone/integration-test/target/test-dir/MiniOzoneClusterImpl-9bfdac0f-0aca-46f5-97b6-b623c9f6701c/datanode-3/data/ratis] (custom)
2019-10-10 07:13:17,824 [pool-413-thread-1] INFO  server.RaftServerConfigKeys (ConfUtils.java:logGet(43)) - raft.server.log.corruption.policy = EXCEPTION (default)
2019-10-10 07:13:17,825 [pool-413-thread-1] INFO  storage.RaftStorageDirectory (RaftStorageDirectory.java:analyzeStorage(246)) - The storage directory /workdir/hadoop-ozone/integration-test/target/test-dir/MiniOzoneClusterImpl-9bfdac0f-0aca-46f5-97b6-b623c9f6701c/datanode-3/data/ratis/e2f82473-825e-438f-b2b7-4d6d1c39dc96 does not exist. Creating ...
2019-10-10 07:13:17,838 [pool-413-thread-1] INFO  storage.RaftStorageDirectory (RaftStorageDirectory.java:tryLock(328)) - Lock on /workdir/hadoop-ozone/integration-test/target/test-dir/MiniOzoneClusterImpl-9bfdac0f-0aca-46f5-97b6-b623c9f6701c/datanode-3/data/ratis/e2f82473-825e-438f-b2b7-4d6d1c39dc96/in_use.lock acquired by nodename 12140@pr-hdds-2266-2msfb-4116138409
2019-10-10 07:13:17,851 [pool-413-thread-1] INFO  storage.RaftStorage (RaftStorage.java:format(84)) - Storage directory /workdir/hadoop-ozone/integration-test/target/test-dir/MiniOzoneClusterImpl-9bfdac0f-0aca-46f5-97b6-b623c9f6701c/datanode-3/data/ratis/e2f82473-825e-438f-b2b7-4d6d1c39dc96 has been successfully formatted.
2019-10-10 07:13:17,851 [pool-413-thread-1] INFO  ratis.ContainerStateMachine (ContainerStateMachine.java:loadSnapshot(231)) - group-4D6D1C39DC96: The snapshot info is null. Setting the last applied indexto:(t:0, i:~)
2019-10-10 07:13:17,851 [pool-413-thread-1] INFO  server.RaftServerConfigKeys (ConfUtils.java:logGet(43)) - raft.server.notification.no-leader.timeout = 120s (custom)
2019-10-10 07:13:17,851 [pool-413-thread-1] INFO  server.RaftServerConfigKeys (ConfUtils.java:logGet(43)) - raft.server.log.use.memory = false (default)
2019-10-10 07:13:17,852 [pool-413-thread-1] INFO  server.RaftServerConfigKeys (ConfUtils.java:logGet(43)) - raft.server.log.purge.gap = 1000000 (custom)
2019-10-10 07:13:17,852 [pool-413-thread-1] INFO  server.RaftServerConfigKeys (ConfUtils.java:logGet(43)) - raft.server.log.appender.buffer.byte-limit = 33554432 (custom)
2019-10-10 07:13:17,852 [pool-413-thread-1] INFO  server.RaftServerConfigKeys (ConfUtils.java:logGet(43)) - raft.server.log.segment.size.max = 1048576 (custom)
2019-10-10 07:13:17,854 [pool-413-thread-1] INFO  server.RaftServerConfigKeys (ConfUtils.java:logGet(43)) - raft.server.log.segment.cache.num.max = 2 (custom)
2019-10-10 07:13:17,854 [pool-413-thread-1] INFO  segmented.SegmentedRaftLogWorker (SegmentedRaftLogWorker.java:<init>(173)) - new 74cd5fb0-5f73-46dd-b6f0-e4ade7569d7d@group-4D6D1C39DC96-SegmentedRaftLogWorker for RaftStorage:Storage Directory /workdir/hadoop-ozone/integration-test/target/test-dir/MiniOzoneClusterImpl-9bfdac0f-0aca-46f5-97b6-b623c9f6701c/datanode-3/data/ratis/e2f82473-825e-438f-b2b7-4d6d1c39dc96
2019-10-10 07:13:17,854 [pool-413-thread-1] INFO  server.RaftServerConfigKeys (ConfUtils.java:logGet(43)) - raft.server.log.queue.byte-limit = 2147483647 (custom)
2019-10-10 07:13:17,854 [pool-413-thread-1] INFO  server.RaftServerConfigKeys (ConfUtils.java:logGet(43)) - raft.server.log.queue.element-limit = 1024 (custom)
2019-10-10 07:13:17,854 [pool-413-thread-1] INFO  server.RaftServerConfigKeys (ConfUtils.java:logGet(43)) - raft.server.log.segment.size.max = 1048576 (custom)
2019-10-10 07:13:17,854 [pool-413-thread-1] INFO  server.RaftServerConfigKeys (ConfUtils.java:logGet(43)) - raft.server.log.preallocated.size = 16384 (custom)
2019-10-10 07:13:17,854 [pool-413-thread-1] INFO  server.RaftServerConfigKeys (ConfUtils.java:logGet(43)) - raft.server.log.write.buffer.size = 33554432 (custom)
2019-10-10 07:13:17,855 [pool-413-thread-1] INFO  server.RaftServerConfigKeys (ConfUtils.java:logGet(43)) - raft.server.log.force.sync.num = 128 (default)
2019-10-10 07:13:17,855 [pool-413-thread-1] INFO  server.RaftServerConfigKeys (ConfUtils.java:logGet(43)) - raft.server.log.statemachine.data.sync = true (default)
2019-10-10 07:13:17,855 [pool-413-thread-1] INFO  server.RaftServerConfigKeys (ConfUtils.java:logGet(43)) - raft.server.log.statemachine.data.sync.timeout = 10s (default)
2019-10-10 07:13:17,855 [pool-413-thread-1] INFO  server.RaftServerConfigKeys (ConfUtils.java:logGet(43)) - raft.server.log.statemachine.data.sync.timeout.retry = -1 (default)
2019-10-10 07:13:17,855 [pool-413-thread-1] INFO  server.RaftServerConfigKeys (ConfUtils.java:logGet(43)) - raft.server.log.statemachine.data.caching.enabled = true (custom)
2019-10-10 07:13:17,856 [pool-413-thread-1] INFO  segmented.SegmentedRaftLogWorker (SegmentedRaftLogWorker.java:lambda$new$0(128)) - 74cd5fb0-5f73-46dd-b6f0-e4ade7569d7d@group-4D6D1C39DC96-SegmentedRaftLogWorker: flushIndex: setUnconditionally 0 -> -1
2019-10-10 07:13:17,856 [pool-413-thread-1] INFO  server.RaftServerConfigKeys (ConfUtils.java:logGet(43)) - raft.server.snapshot.auto.trigger.enabled = true (custom)
2019-10-10 07:13:17,856 [pool-413-thread-1] INFO  server.RaftServerConfigKeys (ConfUtils.java:logGet(43)) - raft.server.snapshot.auto.trigger.threshold = 10000 (custom)
2019-10-10 07:13:17,856 [pool-413-thread-1] INFO  server.RaftServerConfigKeys (ConfUtils.java:logGet(43)) - raft.server.snapshot.retention.file.num = 5 (custom)
2019-10-10 07:13:17,857 [pool-413-thread-1] INFO  server.RaftServerConfigKeys (ConfUtils.java:logGet(43)) - raft.server.retrycache.expirytime = 600000ms (custom)
2019-10-10 07:13:17,858 [pool-413-thread-1] INFO  impl.RaftServerImpl (RaftServerImpl.java:start(181)) - 74cd5fb0-5f73-46dd-b6f0-e4ade7569d7d@group-4D6D1C39DC96: start as a follower, conf=-1: [74cd5fb0-5f73-46dd-b6f0-e4ade7569d7d:192.168.30.31:43975], old=null
2019-10-10 07:13:17,858 [pool-413-thread-1] INFO  impl.RaftServerImpl (RaftServerImpl.java:setRole(170)) - 74cd5fb0-5f73-46dd-b6f0-e4ade7569d7d@group-4D6D1C39DC96: changes role from      null to FOLLOWER at term 0 for startAsFollower
2019-10-10 07:13:17,859 [pool-413-thread-1] INFO  impl.RoleInfo (RoleInfo.java:updateAndGet(143)) - 74cd5fb0-5f73-46dd-b6f0-e4ade7569d7d: start FollowerState
2019-10-10 07:13:17,859 [pool-413-thread-1] INFO  util.JmxRegister (JmxRegister.java:tryRegister(44)) - Successfully registered JMX Bean with object name Ratis:service=RaftServer,group=group-4D6D1C39DC96,id=74cd5fb0-5f73-46dd-b6f0-e4ade7569d7d
2019-10-10 07:13:17,863 [RatisPipelineUtilsThread] INFO  pipeline.PipelineStateManager (PipelineStateManager.java:addPipeline(56)) - Created pipeline Pipeline[ Id: e2f82473-825e-438f-b2b7-4d6d1c39dc96, Nodes: 74cd5fb0-5f73-46dd-b6f0-e4ade7569d7d{ip: 192.168.30.31, host: pr-hdds-2266-2msfb-4116138409, networkLocation: /default-rack, certSerialId: null}, Type:RATIS, Factor:ONE, State:OPEN]
2019-10-10 07:13:17,872 [grpc-default-executor-1] INFO  impl.RaftServerProxy (RaftServerProxy.java:addNew(89)) - c4af4310-e5c5-443d-8068-3f85f9975672: addNew group-C3CDC1B2E2F5:[c4af4310-e5c5-443d-8068-3f85f9975672:192.168.30.31:34173] returns group-C3CDC1B2E2F5:java.util.concurrent.CompletableFuture@4c4ef8f2[Not completed]
2019-10-10 07:13:17,874 [pool-423-thread-1] INFO  impl.RaftServerImpl (RaftServerImpl.java:<init>(95)) - c4af4310-e5c5-443d-8068-3f85f9975672: new RaftServerImpl for group-C3CDC1B2E2F5:[c4af4310-e5c5-443d-8068-3f85f9975672:192.168.30.31:34173] with ContainerStateMachine:uninitialized
2019-10-10 07:13:17,874 [pool-423-thread-1] INFO  server.RaftServerConfigKeys (ConfUtils.java:logGet(43)) - raft.server.rpc.timeout.min = 5s (custom)
2019-10-10 07:13:17,874 [pool-423-thread-1] INFO  server.RaftServerConfigKeys (ConfUtils.java:logGet(43)) - raft.server.rpc.timeout.max = 5200ms (custom)
2019-10-10 07:13:17,874 [pool-423-thread-1] INFO  server.RaftServerConfigKeys (ConfUtils.java:logGet(43)) - raft.server.rpcslowness.timeout = 120s (custom)
2019-10-10 07:13:17,874 [pool-423-thread-1] INFO  server.RaftServerConfigKeys (ConfUtils.java:logGet(43)) - raft.server.sleep.deviation.threshold = 300 (default)
2019-10-10 07:13:17,874 [pool-423-thread-1] INFO  server.RaftServerConfigKeys (ConfUtils.java:logGet(43)) - raft.server.log.appender.install.snapshot.enabled = false (custom)
2019-10-10 07:13:17,874 [pool-423-thread-1] INFO  impl.RaftServerImpl (ServerState.java:<init>(103)) - c4af4310-e5c5-443d-8068-3f85f9975672@group-C3CDC1B2E2F5: ConfigurationManager, init=-1: [c4af4310-e5c5-443d-8068-3f85f9975672:192.168.30.31:34173], old=null, confs=<EMPTY_MAP>
2019-10-10 07:13:17,875 [pool-423-thread-1] INFO  server.RaftServerConfigKeys (ConfUtils.java:logGet(43)) - raft.server.storage.dir = [/workdir/hadoop-ozone/integration-test/target/test-dir/MiniOzoneClusterImpl-9bfdac0f-0aca-46f5-97b6-b623c9f6701c/datanode-4/data/ratis] (custom)
2019-10-10 07:13:17,875 [pool-423-thread-1] INFO  server.RaftServerConfigKeys (ConfUtils.java:logGet(43)) - raft.server.log.corruption.policy = EXCEPTION (default)
2019-10-10 07:13:17,875 [pool-423-thread-1] INFO  storage.RaftStorageDirectory (RaftStorageDirectory.java:analyzeStorage(246)) - The storage directory /workdir/hadoop-ozone/integration-test/target/test-dir/MiniOzoneClusterImpl-9bfdac0f-0aca-46f5-97b6-b623c9f6701c/datanode-4/data/ratis/fe297473-f883-4126-a9f4-c3cdc1b2e2f5 does not exist. Creating ...
2019-10-10 07:13:17,888 [pool-423-thread-1] INFO  storage.RaftStorageDirectory (RaftStorageDirectory.java:tryLock(328)) - Lock on /workdir/hadoop-ozone/integration-test/target/test-dir/MiniOzoneClusterImpl-9bfdac0f-0aca-46f5-97b6-b623c9f6701c/datanode-4/data/ratis/fe297473-f883-4126-a9f4-c3cdc1b2e2f5/in_use.lock acquired by nodename 12140@pr-hdds-2266-2msfb-4116138409
2019-10-10 07:13:17,895 [IPC Server handler 1 on 36522] INFO  net.NetworkTopology (NetworkTopologyImpl.java:add(111)) - Added a new node: /default-rack/b280fbec-e7f2-40b9-b98c-195768dab95b
2019-10-10 07:13:17,895 [IPC Server handler 1 on 36522] INFO  node.SCMNodeManager (SCMNodeManager.java:register(268)) - Registered Data node : b280fbec-e7f2-40b9-b98c-195768dab95b{ip: 192.168.30.31, host: pr-hdds-2266-2msfb-4116138409, networkLocation: /default-rack, certSerialId: null}
2019-10-10 07:13:17,901 [pool-423-thread-1] INFO  storage.RaftStorage (RaftStorage.java:format(84)) - Storage directory /workdir/hadoop-ozone/integration-test/target/test-dir/MiniOzoneClusterImpl-9bfdac0f-0aca-46f5-97b6-b623c9f6701c/datanode-4/data/ratis/fe297473-f883-4126-a9f4-c3cdc1b2e2f5 has been successfully formatted.
2019-10-10 07:13:17,901 [pool-423-thread-1] INFO  ratis.ContainerStateMachine (ContainerStateMachine.java:loadSnapshot(231)) - group-C3CDC1B2E2F5: The snapshot info is null. Setting the last applied indexto:(t:0, i:~)
2019-10-10 07:13:17,901 [pool-423-thread-1] INFO  server.RaftServerConfigKeys (ConfUtils.java:logGet(43)) - raft.server.notification.no-leader.timeout = 120s (custom)
2019-10-10 07:13:17,901 [pool-423-thread-1] INFO  server.RaftServerConfigKeys (ConfUtils.java:logGet(43)) - raft.server.log.use.memory = false (default)
2019-10-10 07:13:17,902 [pool-423-thread-1] INFO  server.RaftServerConfigKeys (ConfUtils.java:logGet(43)) - raft.server.log.purge.gap = 1000000 (custom)
2019-10-10 07:13:17,902 [pool-423-thread-1] INFO  server.RaftServerConfigKeys (ConfUtils.java:logGet(43)) - raft.server.log.appender.buffer.byte-limit = 33554432 (custom)
2019-10-10 07:13:17,902 [pool-423-thread-1] INFO  server.RaftServerConfigKeys (ConfUtils.java:logGet(43)) - raft.server.log.segment.size.max = 1048576 (custom)
2019-10-10 07:13:17,903 [pool-423-thread-1] INFO  server.RaftServerConfigKeys (ConfUtils.java:logGet(43)) - raft.server.log.segment.cache.num.max = 2 (custom)
2019-10-10 07:13:17,904 [pool-423-thread-1] INFO  segmented.SegmentedRaftLogWorker (SegmentedRaftLogWorker.java:<init>(173)) - new c4af4310-e5c5-443d-8068-3f85f9975672@group-C3CDC1B2E2F5-SegmentedRaftLogWorker for RaftStorage:Storage Directory /workdir/hadoop-ozone/integration-test/target/test-dir/MiniOzoneClusterImpl-9bfdac0f-0aca-46f5-97b6-b623c9f6701c/datanode-4/data/ratis/fe297473-f883-4126-a9f4-c3cdc1b2e2f5
2019-10-10 07:13:17,904 [pool-423-thread-1] INFO  server.RaftServerConfigKeys (ConfUtils.java:logGet(43)) - raft.server.log.queue.byte-limit = 2147483647 (custom)
2019-10-10 07:13:17,904 [pool-423-thread-1] INFO  server.RaftServerConfigKeys (ConfUtils.java:logGet(43)) - raft.server.log.queue.element-limit = 1024 (custom)
2019-10-10 07:13:17,904 [pool-423-thread-1] INFO  server.RaftServerConfigKeys (ConfUtils.java:logGet(43)) - raft.server.log.segment.size.max = 1048576 (custom)
2019-10-10 07:13:17,904 [pool-423-thread-1] INFO  server.RaftServerConfigKeys (ConfUtils.java:logGet(43)) - raft.server.log.preallocated.size = 16384 (custom)
2019-10-10 07:13:17,904 [pool-423-thread-1] INFO  server.RaftServerConfigKeys (ConfUtils.java:logGet(43)) - raft.server.log.write.buffer.size = 33554432 (custom)
2019-10-10 07:13:17,904 [pool-423-thread-1] INFO  server.RaftServerConfigKeys (ConfUtils.java:logGet(43)) - raft.server.log.force.sync.num = 128 (default)
2019-10-10 07:13:17,905 [pool-423-thread-1] INFO  server.RaftServerConfigKeys (ConfUtils.java:logGet(43)) - raft.server.log.statemachine.data.sync = true (default)
2019-10-10 07:13:17,905 [pool-423-thread-1] INFO  server.RaftServerConfigKeys (ConfUtils.java:logGet(43)) - raft.server.log.statemachine.data.sync.timeout = 10s (default)
2019-10-10 07:13:17,905 [pool-423-thread-1] INFO  server.RaftServerConfigKeys (ConfUtils.java:logGet(43)) - raft.server.log.statemachine.data.sync.timeout.retry = -1 (default)
2019-10-10 07:13:17,905 [pool-423-thread-1] INFO  server.RaftServerConfigKeys (ConfUtils.java:logGet(43)) - raft.server.log.statemachine.data.caching.enabled = true (custom)
2019-10-10 07:13:17,905 [pool-423-thread-1] INFO  segmented.SegmentedRaftLogWorker (SegmentedRaftLogWorker.java:lambda$new$0(128)) - c4af4310-e5c5-443d-8068-3f85f9975672@group-C3CDC1B2E2F5-SegmentedRaftLogWorker: flushIndex: setUnconditionally 0 -> -1
2019-10-10 07:13:17,906 [pool-423-thread-1] INFO  server.RaftServerConfigKeys (ConfUtils.java:logGet(43)) - raft.server.snapshot.auto.trigger.enabled = true (custom)
2019-10-10 07:13:17,906 [pool-423-thread-1] INFO  server.RaftServerConfigKeys (ConfUtils.java:logGet(43)) - raft.server.snapshot.auto.trigger.threshold = 10000 (custom)
2019-10-10 07:13:17,906 [pool-423-thread-1] INFO  server.RaftServerConfigKeys (ConfUtils.java:logGet(43)) - raft.server.snapshot.retention.file.num = 5 (custom)
2019-10-10 07:13:17,906 [pool-423-thread-1] INFO  server.RaftServerConfigKeys (ConfUtils.java:logGet(43)) - raft.server.retrycache.expirytime = 600000ms (custom)
2019-10-10 07:13:17,908 [pool-423-thread-1] INFO  impl.RaftServerImpl (RaftServerImpl.java:start(181)) - c4af4310-e5c5-443d-8068-3f85f9975672@group-C3CDC1B2E2F5: start as a follower, conf=-1: [c4af4310-e5c5-443d-8068-3f85f9975672:192.168.30.31:34173], old=null
2019-10-10 07:13:17,908 [pool-423-thread-1] INFO  impl.RaftServerImpl (RaftServerImpl.java:setRole(170)) - c4af4310-e5c5-443d-8068-3f85f9975672@group-C3CDC1B2E2F5: changes role from      null to FOLLOWER at term 0 for startAsFollower
2019-10-10 07:13:17,908 [pool-423-thread-1] INFO  impl.RoleInfo (RoleInfo.java:updateAndGet(143)) - c4af4310-e5c5-443d-8068-3f85f9975672: start FollowerState
2019-10-10 07:13:17,908 [pool-423-thread-1] INFO  util.JmxRegister (JmxRegister.java:tryRegister(44)) - Successfully registered JMX Bean with object name Ratis:service=RaftServer,group=group-C3CDC1B2E2F5,id=c4af4310-e5c5-443d-8068-3f85f9975672
2019-10-10 07:13:17,912 [RatisPipelineUtilsThread] INFO  pipeline.PipelineStateManager (PipelineStateManager.java:addPipeline(56)) - Created pipeline Pipeline[ Id: fe297473-f883-4126-a9f4-c3cdc1b2e2f5, Nodes: c4af4310-e5c5-443d-8068-3f85f9975672{ip: 192.168.30.31, host: pr-hdds-2266-2msfb-4116138409, networkLocation: /default-rack, certSerialId: null}, Type:RATIS, Factor:ONE, State:OPEN]
2019-10-10 07:13:17,929 [grpc-default-executor-1] INFO  impl.RaftServerProxy (RaftServerProxy.java:addNew(89)) - b280fbec-e7f2-40b9-b98c-195768dab95b: addNew group-B94FAD83E438:[b280fbec-e7f2-40b9-b98c-195768dab95b:192.168.30.31:42422] returns group-B94FAD83E438:java.util.concurrent.CompletableFuture@439ec3e6[Not completed]
2019-10-10 07:13:17,930 [pool-433-thread-1] INFO  impl.RaftServerImpl (RaftServerImpl.java:<init>(95)) - b280fbec-e7f2-40b9-b98c-195768dab95b: new RaftServerImpl for group-B94FAD83E438:[b280fbec-e7f2-40b9-b98c-195768dab95b:192.168.30.31:42422] with ContainerStateMachine:uninitialized
2019-10-10 07:13:17,930 [pool-433-thread-1] INFO  server.RaftServerConfigKeys (ConfUtils.java:logGet(43)) - raft.server.rpc.timeout.min = 5s (custom)
2019-10-10 07:13:17,930 [pool-433-thread-1] INFO  server.RaftServerConfigKeys (ConfUtils.java:logGet(43)) - raft.server.rpc.timeout.max = 5200ms (custom)
2019-10-10 07:13:17,931 [pool-433-thread-1] INFO  server.RaftServerConfigKeys (ConfUtils.java:logGet(43)) - raft.server.rpcslowness.timeout = 120s (custom)
2019-10-10 07:13:17,931 [pool-433-thread-1] INFO  server.RaftServerConfigKeys (ConfUtils.java:logGet(43)) - raft.server.sleep.deviation.threshold = 300 (default)
2019-10-10 07:13:17,931 [pool-433-thread-1] INFO  server.RaftServerConfigKeys (ConfUtils.java:logGet(43)) - raft.server.log.appender.install.snapshot.enabled = false (custom)
2019-10-10 07:13:17,931 [pool-433-thread-1] INFO  impl.RaftServerImpl (ServerState.java:<init>(103)) - b280fbec-e7f2-40b9-b98c-195768dab95b@group-B94FAD83E438: ConfigurationManager, init=-1: [b280fbec-e7f2-40b9-b98c-195768dab95b:192.168.30.31:42422], old=null, confs=<EMPTY_MAP>
2019-10-10 07:13:17,931 [pool-433-thread-1] INFO  server.RaftServerConfigKeys (ConfUtils.java:logGet(43)) - raft.server.storage.dir = [/workdir/hadoop-ozone/integration-test/target/test-dir/MiniOzoneClusterImpl-9bfdac0f-0aca-46f5-97b6-b623c9f6701c/datanode-5/data/ratis] (custom)
2019-10-10 07:13:17,931 [pool-433-thread-1] INFO  server.RaftServerConfigKeys (ConfUtils.java:logGet(43)) - raft.server.log.corruption.policy = EXCEPTION (default)
2019-10-10 07:13:17,932 [pool-433-thread-1] INFO  storage.RaftStorageDirectory (RaftStorageDirectory.java:analyzeStorage(246)) - The storage directory /workdir/hadoop-ozone/integration-test/target/test-dir/MiniOzoneClusterImpl-9bfdac0f-0aca-46f5-97b6-b623c9f6701c/datanode-5/data/ratis/fd48234a-7f37-4c04-b495-b94fad83e438 does not exist. Creating ...
2019-10-10 07:13:17,946 [pool-433-thread-1] INFO  storage.RaftStorageDirectory (RaftStorageDirectory.java:tryLock(328)) - Lock on /workdir/hadoop-ozone/integration-test/target/test-dir/MiniOzoneClusterImpl-9bfdac0f-0aca-46f5-97b6-b623c9f6701c/datanode-5/data/ratis/fd48234a-7f37-4c04-b495-b94fad83e438/in_use.lock acquired by nodename 12140@pr-hdds-2266-2msfb-4116138409
2019-10-10 07:13:17,959 [pool-433-thread-1] INFO  storage.RaftStorage (RaftStorage.java:format(84)) - Storage directory /workdir/hadoop-ozone/integration-test/target/test-dir/MiniOzoneClusterImpl-9bfdac0f-0aca-46f5-97b6-b623c9f6701c/datanode-5/data/ratis/fd48234a-7f37-4c04-b495-b94fad83e438 has been successfully formatted.
2019-10-10 07:13:17,959 [pool-433-thread-1] INFO  ratis.ContainerStateMachine (ContainerStateMachine.java:loadSnapshot(231)) - group-B94FAD83E438: The snapshot info is null. Setting the last applied indexto:(t:0, i:~)
2019-10-10 07:13:17,959 [pool-433-thread-1] INFO  server.RaftServerConfigKeys (ConfUtils.java:logGet(43)) - raft.server.notification.no-leader.timeout = 120s (custom)
2019-10-10 07:13:17,960 [pool-433-thread-1] INFO  server.RaftServerConfigKeys (ConfUtils.java:logGet(43)) - raft.server.log.use.memory = false (default)
2019-10-10 07:13:17,960 [pool-433-thread-1] INFO  server.RaftServerConfigKeys (ConfUtils.java:logGet(43)) - raft.server.log.purge.gap = 1000000 (custom)
2019-10-10 07:13:17,960 [pool-433-thread-1] INFO  server.RaftServerConfigKeys (ConfUtils.java:logGet(43)) - raft.server.log.appender.buffer.byte-limit = 33554432 (custom)
2019-10-10 07:13:17,960 [pool-433-thread-1] INFO  server.RaftServerConfigKeys (ConfUtils.java:logGet(43)) - raft.server.log.segment.size.max = 1048576 (custom)
2019-10-10 07:13:17,961 [pool-433-thread-1] INFO  server.RaftServerConfigKeys (ConfUtils.java:logGet(43)) - raft.server.log.segment.cache.num.max = 2 (custom)
2019-10-10 07:13:17,961 [pool-433-thread-1] INFO  segmented.SegmentedRaftLogWorker (SegmentedRaftLogWorker.java:<init>(173)) - new b280fbec-e7f2-40b9-b98c-195768dab95b@group-B94FAD83E438-SegmentedRaftLogWorker for RaftStorage:Storage Directory /workdir/hadoop-ozone/integration-test/target/test-dir/MiniOzoneClusterImpl-9bfdac0f-0aca-46f5-97b6-b623c9f6701c/datanode-5/data/ratis/fd48234a-7f37-4c04-b495-b94fad83e438
2019-10-10 07:13:17,962 [pool-433-thread-1] INFO  server.RaftServerConfigKeys (ConfUtils.java:logGet(43)) - raft.server.log.queue.byte-limit = 2147483647 (custom)
2019-10-10 07:13:17,962 [pool-433-thread-1] INFO  server.RaftServerConfigKeys (ConfUtils.java:logGet(43)) - raft.server.log.queue.element-limit = 1024 (custom)
2019-10-10 07:13:17,962 [pool-433-thread-1] INFO  server.RaftServerConfigKeys (ConfUtils.java:logGet(43)) - raft.server.log.segment.size.max = 1048576 (custom)
2019-10-10 07:13:17,962 [pool-433-thread-1] INFO  server.RaftServerConfigKeys (ConfUtils.java:logGet(43)) - raft.server.log.preallocated.size = 16384 (custom)
2019-10-10 07:13:17,962 [pool-433-thread-1] INFO  server.RaftServerConfigKeys (ConfUtils.java:logGet(43)) - raft.server.log.write.buffer.size = 33554432 (custom)
2019-10-10 07:13:17,962 [pool-433-thread-1] INFO  server.RaftServerConfigKeys (ConfUtils.java:logGet(43)) - raft.server.log.force.sync.num = 128 (default)
2019-10-10 07:13:17,962 [pool-433-thread-1] INFO  server.RaftServerConfigKeys (ConfUtils.java:logGet(43)) - raft.server.log.statemachine.data.sync = true (default)
2019-10-10 07:13:17,962 [pool-433-thread-1] INFO  server.RaftServerConfigKeys (ConfUtils.java:logGet(43)) - raft.server.log.statemachine.data.sync.timeout = 10s (default)
2019-10-10 07:13:17,962 [pool-433-thread-1] INFO  server.RaftServerConfigKeys (ConfUtils.java:logGet(43)) - raft.server.log.statemachine.data.sync.timeout.retry = -1 (default)
2019-10-10 07:13:17,963 [pool-433-thread-1] INFO  server.RaftServerConfigKeys (ConfUtils.java:logGet(43)) - raft.server.log.statemachine.data.caching.enabled = true (custom)
2019-10-10 07:13:17,963 [pool-433-thread-1] INFO  segmented.SegmentedRaftLogWorker (SegmentedRaftLogWorker.java:lambda$new$0(128)) - b280fbec-e7f2-40b9-b98c-195768dab95b@group-B94FAD83E438-SegmentedRaftLogWorker: flushIndex: setUnconditionally 0 -> -1
2019-10-10 07:13:17,963 [pool-433-thread-1] INFO  server.RaftServerConfigKeys (ConfUtils.java:logGet(43)) - raft.server.snapshot.auto.trigger.enabled = true (custom)
2019-10-10 07:13:17,963 [pool-433-thread-1] INFO  server.RaftServerConfigKeys (ConfUtils.java:logGet(43)) - raft.server.snapshot.auto.trigger.threshold = 10000 (custom)
2019-10-10 07:13:17,964 [pool-433-thread-1] INFO  server.RaftServerConfigKeys (ConfUtils.java:logGet(43)) - raft.server.snapshot.retention.file.num = 5 (custom)
2019-10-10 07:13:17,964 [pool-433-thread-1] INFO  server.RaftServerConfigKeys (ConfUtils.java:logGet(43)) - raft.server.retrycache.expirytime = 600000ms (custom)
2019-10-10 07:13:17,965 [pool-433-thread-1] INFO  impl.RaftServerImpl (RaftServerImpl.java:start(181)) - b280fbec-e7f2-40b9-b98c-195768dab95b@group-B94FAD83E438: start as a follower, conf=-1: [b280fbec-e7f2-40b9-b98c-195768dab95b:192.168.30.31:42422], old=null
2019-10-10 07:13:17,965 [pool-433-thread-1] INFO  impl.RaftServerImpl (RaftServerImpl.java:setRole(170)) - b280fbec-e7f2-40b9-b98c-195768dab95b@group-B94FAD83E438: changes role from      null to FOLLOWER at term 0 for startAsFollower
2019-10-10 07:13:17,965 [pool-433-thread-1] INFO  impl.RoleInfo (RoleInfo.java:updateAndGet(143)) - b280fbec-e7f2-40b9-b98c-195768dab95b: start FollowerState
2019-10-10 07:13:17,966 [pool-433-thread-1] INFO  util.JmxRegister (JmxRegister.java:tryRegister(44)) - Successfully registered JMX Bean with object name Ratis:service=RaftServer,group=group-B94FAD83E438,id=b280fbec-e7f2-40b9-b98c-195768dab95b
2019-10-10 07:13:17,969 [RatisPipelineUtilsThread] INFO  pipeline.PipelineStateManager (PipelineStateManager.java:addPipeline(56)) - Created pipeline Pipeline[ Id: fd48234a-7f37-4c04-b495-b94fad83e438, Nodes: b280fbec-e7f2-40b9-b98c-195768dab95b{ip: 192.168.30.31, host: pr-hdds-2266-2msfb-4116138409, networkLocation: /default-rack, certSerialId: null}, Type:RATIS, Factor:ONE, State:OPEN]
2019-10-10 07:13:17,970 [IPC Server handler 3 on 36522] INFO  net.NetworkTopology (NetworkTopologyImpl.java:add(111)) - Added a new node: /default-rack/370e3b11-9a59-40a0-a91c-3a939b665977
2019-10-10 07:13:17,970 [main] INFO  ozone.MiniOzoneClusterImpl (MiniOzoneClusterImpl.java:lambda$waitForClusterToBeReady$0(147)) - Cluster is ready. Got 7 of 7 DN Heartbeats.
2019-10-10 07:13:17,970 [IPC Server handler 3 on 36522] INFO  node.SCMNodeManager (SCMNodeManager.java:register(268)) - Registered Data node : 370e3b11-9a59-40a0-a91c-3a939b665977{ip: 192.168.30.31, host: pr-hdds-2266-2msfb-4116138409, networkLocation: /default-rack, certSerialId: null}
2019-10-10 07:13:17,980 [grpc-default-executor-3] INFO  impl.RaftServerProxy (RaftServerProxy.java:addNew(89)) - b280fbec-e7f2-40b9-b98c-195768dab95b: addNew group-0B99A3E9DC70:[b280fbec-e7f2-40b9-b98c-195768dab95b:192.168.30.31:42422, c4af4310-e5c5-443d-8068-3f85f9975672:192.168.30.31:34173, 74cd5fb0-5f73-46dd-b6f0-e4ade7569d7d:192.168.30.31:43975] returns group-0B99A3E9DC70:java.util.concurrent.CompletableFuture@422f0c5[Not completed]
2019-10-10 07:13:17,980 [grpc-default-executor-3] INFO  impl.RaftServerProxy (RaftServerProxy.java:addNew(89)) - c4af4310-e5c5-443d-8068-3f85f9975672: addNew group-0B99A3E9DC70:[b280fbec-e7f2-40b9-b98c-195768dab95b:192.168.30.31:42422, c4af4310-e5c5-443d-8068-3f85f9975672:192.168.30.31:34173, 74cd5fb0-5f73-46dd-b6f0-e4ade7569d7d:192.168.30.31:43975] returns group-0B99A3E9DC70:java.util.concurrent.CompletableFuture@6e3b4b14[Not completed]
2019-10-10 07:13:17,980 [grpc-default-executor-4] INFO  impl.RaftServerProxy (RaftServerProxy.java:addNew(89)) - 74cd5fb0-5f73-46dd-b6f0-e4ade7569d7d: addNew group-0B99A3E9DC70:[b280fbec-e7f2-40b9-b98c-195768dab95b:192.168.30.31:42422, c4af4310-e5c5-443d-8068-3f85f9975672:192.168.30.31:34173, 74cd5fb0-5f73-46dd-b6f0-e4ade7569d7d:192.168.30.31:43975] returns group-0B99A3E9DC70:java.util.concurrent.CompletableFuture@77a5f479[Not completed]
2019-10-10 07:13:17,991 [pool-433-thread-1] INFO  impl.RaftServerImpl (RaftServerImpl.java:<init>(95)) - b280fbec-e7f2-40b9-b98c-195768dab95b: new RaftServerImpl for group-0B99A3E9DC70:[b280fbec-e7f2-40b9-b98c-195768dab95b:192.168.30.31:42422, c4af4310-e5c5-443d-8068-3f85f9975672:192.168.30.31:34173, 74cd5fb0-5f73-46dd-b6f0-e4ade7569d7d:192.168.30.31:43975] with ContainerStateMachine:uninitialized
2019-10-10 07:13:17,991 [pool-433-thread-1] INFO  server.RaftServerConfigKeys (ConfUtils.java:logGet(43)) - raft.server.rpc.timeout.min = 5s (custom)
2019-10-10 07:13:17,991 [pool-433-thread-1] INFO  server.RaftServerConfigKeys (ConfUtils.java:logGet(43)) - raft.server.rpc.timeout.max = 5200ms (custom)
2019-10-10 07:13:17,992 [pool-433-thread-1] INFO  server.RaftServerConfigKeys (ConfUtils.java:logGet(43)) - raft.server.rpcslowness.timeout = 120s (custom)
2019-10-10 07:13:17,992 [pool-413-thread-1] INFO  impl.RaftServerImpl (RaftServerImpl.java:<init>(95)) - 74cd5fb0-5f73-46dd-b6f0-e4ade7569d7d: new RaftServerImpl for group-0B99A3E9DC70:[b280fbec-e7f2-40b9-b98c-195768dab95b:192.168.30.31:42422, c4af4310-e5c5-443d-8068-3f85f9975672:192.168.30.31:34173, 74cd5fb0-5f73-46dd-b6f0-e4ade7569d7d:192.168.30.31:43975] with ContainerStateMachine:uninitialized
2019-10-10 07:13:17,992 [pool-433-thread-1] INFO  server.RaftServerConfigKeys (ConfUtils.java:logGet(43)) - raft.server.sleep.deviation.threshold = 300 (default)
2019-10-10 07:13:17,992 [pool-413-thread-1] INFO  server.RaftServerConfigKeys (ConfUtils.java:logGet(43)) - raft.server.rpc.timeout.min = 5s (custom)
2019-10-10 07:13:17,992 [pool-433-thread-1] INFO  server.RaftServerConfigKeys (ConfUtils.java:logGet(43)) - raft.server.log.appender.install.snapshot.enabled = false (custom)
2019-10-10 07:13:17,992 [pool-413-thread-1] INFO  server.RaftServerConfigKeys (ConfUtils.java:logGet(43)) - raft.server.rpc.timeout.max = 5200ms (custom)
2019-10-10 07:13:17,992 [pool-433-thread-1] INFO  impl.RaftServerImpl (ServerState.java:<init>(103)) - b280fbec-e7f2-40b9-b98c-195768dab95b@group-0B99A3E9DC70: ConfigurationManager, init=-1: [b280fbec-e7f2-40b9-b98c-195768dab95b:192.168.30.31:42422, c4af4310-e5c5-443d-8068-3f85f9975672:192.168.30.31:34173, 74cd5fb0-5f73-46dd-b6f0-e4ade7569d7d:192.168.30.31:43975], old=null, confs=<EMPTY_MAP>
2019-10-10 07:13:17,992 [pool-423-thread-1] INFO  impl.RaftServerImpl (RaftServerImpl.java:<init>(95)) - c4af4310-e5c5-443d-8068-3f85f9975672: new RaftServerImpl for group-0B99A3E9DC70:[b280fbec-e7f2-40b9-b98c-195768dab95b:192.168.30.31:42422, c4af4310-e5c5-443d-8068-3f85f9975672:192.168.30.31:34173, 74cd5fb0-5f73-46dd-b6f0-e4ade7569d7d:192.168.30.31:43975] with ContainerStateMachine:uninitialized
2019-10-10 07:13:17,993 [pool-433-thread-1] INFO  server.RaftServerConfigKeys (ConfUtils.java:logGet(43)) - raft.server.storage.dir = [/workdir/hadoop-ozone/integration-test/target/test-dir/MiniOzoneClusterImpl-9bfdac0f-0aca-46f5-97b6-b623c9f6701c/datanode-5/data/ratis] (custom)
2019-10-10 07:13:17,992 [pool-413-thread-1] INFO  server.RaftServerConfigKeys (ConfUtils.java:logGet(43)) - raft.server.rpcslowness.timeout = 120s (custom)
2019-10-10 07:13:17,995 [pool-433-thread-1] INFO  server.RaftServerConfigKeys (ConfUtils.java:logGet(43)) - raft.server.log.corruption.policy = EXCEPTION (default)
2019-10-10 07:13:17,993 [pool-423-thread-1] INFO  server.RaftServerConfigKeys (ConfUtils.java:logGet(43)) - raft.server.rpc.timeout.min = 5s (custom)
2019-10-10 07:13:17,996 [pool-433-thread-1] INFO  storage.RaftStorageDirectory (RaftStorageDirectory.java:analyzeStorage(246)) - The storage directory /workdir/hadoop-ozone/integration-test/target/test-dir/MiniOzoneClusterImpl-9bfdac0f-0aca-46f5-97b6-b623c9f6701c/datanode-5/data/ratis/3492565e-4f5a-40c3-8872-0b99a3e9dc70 does not exist. Creating ...
2019-10-10 07:13:17,995 [pool-413-thread-1] INFO  server.RaftServerConfigKeys (ConfUtils.java:logGet(43)) - raft.server.sleep.deviation.threshold = 300 (default)
2019-10-10 07:13:17,996 [pool-423-thread-1] INFO  server.RaftServerConfigKeys (ConfUtils.java:logGet(43)) - raft.server.rpc.timeout.max = 5200ms (custom)
2019-10-10 07:13:18,003 [pool-413-thread-1] INFO  server.RaftServerConfigKeys (ConfUtils.java:logGet(43)) - raft.server.log.appender.install.snapshot.enabled = false (custom)
2019-10-10 07:13:18,003 [pool-423-thread-1] INFO  server.RaftServerConfigKeys (ConfUtils.java:logGet(43)) - raft.server.rpcslowness.timeout = 120s (custom)
2019-10-10 07:13:18,016 [pool-433-thread-1] INFO  storage.RaftStorageDirectory (RaftStorageDirectory.java:tryLock(328)) - Lock on /workdir/hadoop-ozone/integration-test/target/test-dir/MiniOzoneClusterImpl-9bfdac0f-0aca-46f5-97b6-b623c9f6701c/datanode-5/data/ratis/3492565e-4f5a-40c3-8872-0b99a3e9dc70/in_use.lock acquired by nodename 12140@pr-hdds-2266-2msfb-4116138409
2019-10-10 07:13:18,017 [pool-423-thread-1] INFO  server.RaftServerConfigKeys (ConfUtils.java:logGet(43)) - raft.server.sleep.deviation.threshold = 300 (default)
2019-10-10 07:13:18,017 [pool-413-thread-1] INFO  impl.RaftServerImpl (ServerState.java:<init>(103)) - 74cd5fb0-5f73-46dd-b6f0-e4ade7569d7d@group-0B99A3E9DC70: ConfigurationManager, init=-1: [b280fbec-e7f2-40b9-b98c-195768dab95b:192.168.30.31:42422, c4af4310-e5c5-443d-8068-3f85f9975672:192.168.30.31:34173, 74cd5fb0-5f73-46dd-b6f0-e4ade7569d7d:192.168.30.31:43975], old=null, confs=<EMPTY_MAP>
2019-10-10 07:13:18,017 [pool-423-thread-1] INFO  server.RaftServerConfigKeys (ConfUtils.java:logGet(43)) - raft.server.log.appender.install.snapshot.enabled = false (custom)
2019-10-10 07:13:18,018 [pool-413-thread-1] INFO  server.RaftServerConfigKeys (ConfUtils.java:logGet(43)) - raft.server.storage.dir = [/workdir/hadoop-ozone/integration-test/target/test-dir/MiniOzoneClusterImpl-9bfdac0f-0aca-46f5-97b6-b623c9f6701c/datanode-3/data/ratis] (custom)
2019-10-10 07:13:18,018 [pool-423-thread-1] INFO  impl.RaftServerImpl (ServerState.java:<init>(103)) - c4af4310-e5c5-443d-8068-3f85f9975672@group-0B99A3E9DC70: ConfigurationManager, init=-1: [b280fbec-e7f2-40b9-b98c-195768dab95b:192.168.30.31:42422, c4af4310-e5c5-443d-8068-3f85f9975672:192.168.30.31:34173, 74cd5fb0-5f73-46dd-b6f0-e4ade7569d7d:192.168.30.31:43975], old=null, confs=<EMPTY_MAP>
2019-10-10 07:13:18,018 [pool-423-thread-1] INFO  server.RaftServerConfigKeys (ConfUtils.java:logGet(43)) - raft.server.storage.dir = [/workdir/hadoop-ozone/integration-test/target/test-dir/MiniOzoneClusterImpl-9bfdac0f-0aca-46f5-97b6-b623c9f6701c/datanode-4/data/ratis] (custom)
2019-10-10 07:13:18,018 [pool-413-thread-1] INFO  server.RaftServerConfigKeys (ConfUtils.java:logGet(43)) - raft.server.log.corruption.policy = EXCEPTION (default)
2019-10-10 07:13:18,019 [pool-423-thread-1] INFO  server.RaftServerConfigKeys (ConfUtils.java:logGet(43)) - raft.server.log.corruption.policy = EXCEPTION (default)
2019-10-10 07:13:18,019 [pool-413-thread-1] INFO  storage.RaftStorageDirectory (RaftStorageDirectory.java:analyzeStorage(246)) - The storage directory /workdir/hadoop-ozone/integration-test/target/test-dir/MiniOzoneClusterImpl-9bfdac0f-0aca-46f5-97b6-b623c9f6701c/datanode-3/data/ratis/3492565e-4f5a-40c3-8872-0b99a3e9dc70 does not exist. Creating ...
2019-10-10 07:13:18,019 [pool-423-thread-1] INFO  storage.RaftStorageDirectory (RaftStorageDirectory.java:analyzeStorage(246)) - The storage directory /workdir/hadoop-ozone/integration-test/target/test-dir/MiniOzoneClusterImpl-9bfdac0f-0aca-46f5-97b6-b623c9f6701c/datanode-4/data/ratis/3492565e-4f5a-40c3-8872-0b99a3e9dc70 does not exist. Creating ...
2019-10-10 07:13:18,025 [main] INFO  rpc.RpcClient (RpcClient.java:createVolume(272)) - Creating Volume: watchforcommithandlingtest, with jenkins1000 as owner.
2019-10-10 07:13:18,028 [IPC Server handler 1 on 41146] INFO  volume.OMVolumeCreateRequest (OMVolumeCreateRequest.java:validateAndUpdateCache(193)) - created volume:watchforcommithandlingtest for user:jenkins1000
2019-10-10 07:13:18,031 [pool-413-thread-1] INFO  storage.RaftStorageDirectory (RaftStorageDirectory.java:tryLock(328)) - Lock on /workdir/hadoop-ozone/integration-test/target/test-dir/MiniOzoneClusterImpl-9bfdac0f-0aca-46f5-97b6-b623c9f6701c/datanode-3/data/ratis/3492565e-4f5a-40c3-8872-0b99a3e9dc70/in_use.lock acquired by nodename 12140@pr-hdds-2266-2msfb-4116138409
2019-10-10 07:13:18,031 [pool-433-thread-1] INFO  storage.RaftStorage (RaftStorage.java:format(84)) - Storage directory /workdir/hadoop-ozone/integration-test/target/test-dir/MiniOzoneClusterImpl-9bfdac0f-0aca-46f5-97b6-b623c9f6701c/datanode-5/data/ratis/3492565e-4f5a-40c3-8872-0b99a3e9dc70 has been successfully formatted.
2019-10-10 07:13:18,031 [pool-423-thread-1] INFO  storage.RaftStorageDirectory (RaftStorageDirectory.java:tryLock(328)) - Lock on /workdir/hadoop-ozone/integration-test/target/test-dir/MiniOzoneClusterImpl-9bfdac0f-0aca-46f5-97b6-b623c9f6701c/datanode-4/data/ratis/3492565e-4f5a-40c3-8872-0b99a3e9dc70/in_use.lock acquired by nodename 12140@pr-hdds-2266-2msfb-4116138409
2019-10-10 07:13:18,031 [pool-433-thread-1] INFO  ratis.ContainerStateMachine (ContainerStateMachine.java:loadSnapshot(231)) - group-0B99A3E9DC70: The snapshot info is null. Setting the last applied indexto:(t:0, i:~)
2019-10-10 07:13:18,031 [pool-433-thread-1] INFO  server.RaftServerConfigKeys (ConfUtils.java:logGet(43)) - raft.server.notification.no-leader.timeout = 120s (custom)
2019-10-10 07:13:18,032 [pool-433-thread-1] INFO  server.RaftServerConfigKeys (ConfUtils.java:logGet(43)) - raft.server.log.use.memory = false (default)
2019-10-10 07:13:18,035 [pool-433-thread-1] INFO  server.RaftServerConfigKeys (ConfUtils.java:logGet(43)) - raft.server.log.purge.gap = 1000000 (custom)
2019-10-10 07:13:18,035 [pool-433-thread-1] INFO  server.RaftServerConfigKeys (ConfUtils.java:logGet(43)) - raft.server.log.appender.buffer.byte-limit = 33554432 (custom)
2019-10-10 07:13:18,035 [pool-433-thread-1] INFO  server.RaftServerConfigKeys (ConfUtils.java:logGet(43)) - raft.server.log.segment.size.max = 1048576 (custom)
2019-10-10 07:13:18,035 [pool-433-thread-1] INFO  server.RaftServerConfigKeys (ConfUtils.java:logGet(43)) - raft.server.log.segment.cache.num.max = 2 (custom)
2019-10-10 07:13:18,035 [pool-433-thread-1] INFO  segmented.SegmentedRaftLogWorker (SegmentedRaftLogWorker.java:<init>(173)) - new b280fbec-e7f2-40b9-b98c-195768dab95b@group-0B99A3E9DC70-SegmentedRaftLogWorker for RaftStorage:Storage Directory /workdir/hadoop-ozone/integration-test/target/test-dir/MiniOzoneClusterImpl-9bfdac0f-0aca-46f5-97b6-b623c9f6701c/datanode-5/data/ratis/3492565e-4f5a-40c3-8872-0b99a3e9dc70
2019-10-10 07:13:18,035 [pool-433-thread-1] INFO  server.RaftServerConfigKeys (ConfUtils.java:logGet(43)) - raft.server.log.queue.byte-limit = 2147483647 (custom)
2019-10-10 07:13:18,035 [pool-433-thread-1] INFO  server.RaftServerConfigKeys (ConfUtils.java:logGet(43)) - raft.server.log.queue.element-limit = 1024 (custom)
2019-10-10 07:13:18,035 [pool-433-thread-1] INFO  server.RaftServerConfigKeys (ConfUtils.java:logGet(43)) - raft.server.log.segment.size.max = 1048576 (custom)
2019-10-10 07:13:18,036 [pool-433-thread-1] INFO  server.RaftServerConfigKeys (ConfUtils.java:logGet(43)) - raft.server.log.preallocated.size = 16384 (custom)
2019-10-10 07:13:18,036 [pool-433-thread-1] INFO  server.RaftServerConfigKeys (ConfUtils.java:logGet(43)) - raft.server.log.write.buffer.size = 33554432 (custom)
2019-10-10 07:13:18,045 [pool-413-thread-1] INFO  storage.RaftStorage (RaftStorage.java:format(84)) - Storage directory /workdir/hadoop-ozone/integration-test/target/test-dir/MiniOzoneClusterImpl-9bfdac0f-0aca-46f5-97b6-b623c9f6701c/datanode-3/data/ratis/3492565e-4f5a-40c3-8872-0b99a3e9dc70 has been successfully formatted.
2019-10-10 07:13:18,045 [pool-433-thread-1] INFO  server.RaftServerConfigKeys (ConfUtils.java:logGet(43)) - raft.server.log.force.sync.num = 128 (default)
2019-10-10 07:13:18,045 [pool-423-thread-1] INFO  storage.RaftStorage (RaftStorage.java:format(84)) - Storage directory /workdir/hadoop-ozone/integration-test/target/test-dir/MiniOzoneClusterImpl-9bfdac0f-0aca-46f5-97b6-b623c9f6701c/datanode-4/data/ratis/3492565e-4f5a-40c3-8872-0b99a3e9dc70 has been successfully formatted.
2019-10-10 07:13:18,046 [pool-433-thread-1] INFO  server.RaftServerConfigKeys (ConfUtils.java:logGet(43)) - raft.server.log.statemachine.data.sync = true (default)
2019-10-10 07:13:18,046 [pool-413-thread-1] INFO  ratis.ContainerStateMachine (ContainerStateMachine.java:loadSnapshot(231)) - group-0B99A3E9DC70: The snapshot info is null. Setting the last applied indexto:(t:0, i:~)
2019-10-10 07:13:18,046 [pool-423-thread-1] INFO  ratis.ContainerStateMachine (ContainerStateMachine.java:loadSnapshot(231)) - group-0B99A3E9DC70: The snapshot info is null. Setting the last applied indexto:(t:0, i:~)
2019-10-10 07:13:18,046 [pool-433-thread-1] INFO  server.RaftServerConfigKeys (ConfUtils.java:logGet(43)) - raft.server.log.statemachine.data.sync.timeout = 10s (default)
2019-10-10 07:13:18,046 [pool-423-thread-1] INFO  server.RaftServerConfigKeys (ConfUtils.java:logGet(43)) - raft.server.notification.no-leader.timeout = 120s (custom)
2019-10-10 07:13:18,046 [main] INFO  rpc.RpcClient (RpcClient.java:createBucket(411)) - Creating Bucket: watchforcommithandlingtest/watchforcommithandlingtest, with Versioning false and Storage Type set to DISK and Encryption set to false 
2019-10-10 07:13:18,046 [pool-413-thread-1] INFO  server.RaftServerConfigKeys (ConfUtils.java:logGet(43)) - raft.server.notification.no-leader.timeout = 120s (custom)
2019-10-10 07:13:18,046 [pool-423-thread-1] INFO  server.RaftServerConfigKeys (ConfUtils.java:logGet(43)) - raft.server.log.use.memory = false (default)
2019-10-10 07:13:18,046 [pool-433-thread-1] INFO  server.RaftServerConfigKeys (ConfUtils.java:logGet(43)) - raft.server.log.statemachine.data.sync.timeout.retry = -1 (default)
2019-10-10 07:13:18,047 [pool-423-thread-1] INFO  server.RaftServerConfigKeys (ConfUtils.java:logGet(43)) - raft.server.log.purge.gap = 1000000 (custom)
2019-10-10 07:13:18,047 [pool-413-thread-1] INFO  server.RaftServerConfigKeys (ConfUtils.java:logGet(43)) - raft.server.log.use.memory = false (default)
2019-10-10 07:13:18,047 [pool-423-thread-1] INFO  server.RaftServerConfigKeys (ConfUtils.java:logGet(43)) - raft.server.log.appender.buffer.byte-limit = 33554432 (custom)
2019-10-10 07:13:18,047 [pool-433-thread-1] INFO  server.RaftServerConfigKeys (ConfUtils.java:logGet(43)) - raft.server.log.statemachine.data.caching.enabled = true (custom)
2019-10-10 07:13:18,048 [pool-423-thread-1] INFO  server.RaftServerConfigKeys (ConfUtils.java:logGet(43)) - raft.server.log.segment.size.max = 1048576 (custom)
2019-10-10 07:13:18,048 [pool-433-thread-1] INFO  segmented.SegmentedRaftLogWorker (SegmentedRaftLogWorker.java:lambda$new$0(128)) - b280fbec-e7f2-40b9-b98c-195768dab95b@group-0B99A3E9DC70-SegmentedRaftLogWorker: flushIndex: setUnconditionally 0 -> -1
2019-10-10 07:13:18,047 [pool-413-thread-1] INFO  server.RaftServerConfigKeys (ConfUtils.java:logGet(43)) - raft.server.log.purge.gap = 1000000 (custom)
2019-10-10 07:13:18,048 [pool-423-thread-1] INFO  server.RaftServerConfigKeys (ConfUtils.java:logGet(43)) - raft.server.log.segment.cache.num.max = 2 (custom)
2019-10-10 07:13:18,048 [pool-413-thread-1] INFO  server.RaftServerConfigKeys (ConfUtils.java:logGet(43)) - raft.server.log.appender.buffer.byte-limit = 33554432 (custom)
2019-10-10 07:13:18,051 [pool-433-thread-1] INFO  server.RaftServerConfigKeys (ConfUtils.java:logGet(43)) - raft.server.snapshot.auto.trigger.enabled = true (custom)
2019-10-10 07:13:18,051 [pool-423-thread-1] INFO  segmented.SegmentedRaftLogWorker (SegmentedRaftLogWorker.java:<init>(173)) - new c4af4310-e5c5-443d-8068-3f85f9975672@group-0B99A3E9DC70-SegmentedRaftLogWorker for RaftStorage:Storage Directory /workdir/hadoop-ozone/integration-test/target/test-dir/MiniOzoneClusterImpl-9bfdac0f-0aca-46f5-97b6-b623c9f6701c/datanode-4/data/ratis/3492565e-4f5a-40c3-8872-0b99a3e9dc70
2019-10-10 07:13:18,051 [pool-433-thread-1] INFO  server.RaftServerConfigKeys (ConfUtils.java:logGet(43)) - raft.server.snapshot.auto.trigger.threshold = 10000 (custom)
2019-10-10 07:13:18,051 [pool-433-thread-1] INFO  server.RaftServerConfigKeys (ConfUtils.java:logGet(43)) - raft.server.snapshot.retention.file.num = 5 (custom)
2019-10-10 07:13:18,051 [pool-413-thread-1] INFO  server.RaftServerConfigKeys (ConfUtils.java:logGet(43)) - raft.server.log.segment.size.max = 1048576 (custom)
2019-10-10 07:13:18,051 [pool-433-thread-1] INFO  server.RaftServerConfigKeys (ConfUtils.java:logGet(43)) - raft.server.retrycache.expirytime = 600000ms (custom)
2019-10-10 07:13:18,051 [main] INFO  ozone.MiniOzoneClusterImpl (MiniOzoneClusterImpl.java:getStorageContainerLocationClient(234)) - Creating StorageContainerLocationProtocol RPC client with address /0.0.0.0:39852
2019-10-10 07:13:18,051 [pool-423-thread-1] INFO  server.RaftServerConfigKeys (ConfUtils.java:logGet(43)) - raft.server.log.queue.byte-limit = 2147483647 (custom)
2019-10-10 07:13:18,051 [pool-413-thread-1] INFO  server.RaftServerConfigKeys (ConfUtils.java:logGet(43)) - raft.server.log.segment.cache.num.max = 2 (custom)
2019-10-10 07:13:18,052 [pool-423-thread-1] INFO  server.RaftServerConfigKeys (ConfUtils.java:logGet(43)) - raft.server.log.queue.element-limit = 1024 (custom)
2019-10-10 07:13:18,052 [pool-413-thread-1] INFO  segmented.SegmentedRaftLogWorker (SegmentedRaftLogWorker.java:<init>(173)) - new 74cd5fb0-5f73-46dd-b6f0-e4ade7569d7d@group-0B99A3E9DC70-SegmentedRaftLogWorker for RaftStorage:Storage Directory /workdir/hadoop-ozone/integration-test/target/test-dir/MiniOzoneClusterImpl-9bfdac0f-0aca-46f5-97b6-b623c9f6701c/datanode-3/data/ratis/3492565e-4f5a-40c3-8872-0b99a3e9dc70
2019-10-10 07:13:18,052 [pool-423-thread-1] INFO  server.RaftServerConfigKeys (ConfUtils.java:logGet(43)) - raft.server.log.segment.size.max = 1048576 (custom)
2019-10-10 07:13:18,052 [pool-413-thread-1] INFO  server.RaftServerConfigKeys (ConfUtils.java:logGet(43)) - raft.server.log.queue.byte-limit = 2147483647 (custom)
2019-10-10 07:13:18,053 [pool-433-thread-1] INFO  impl.RaftServerImpl (RaftServerImpl.java:start(181)) - b280fbec-e7f2-40b9-b98c-195768dab95b@group-0B99A3E9DC70: start as a follower, conf=-1: [b280fbec-e7f2-40b9-b98c-195768dab95b:192.168.30.31:42422, c4af4310-e5c5-443d-8068-3f85f9975672:192.168.30.31:34173, 74cd5fb0-5f73-46dd-b6f0-e4ade7569d7d:192.168.30.31:43975], old=null
2019-10-10 07:13:18,053 [pool-423-thread-1] INFO  server.RaftServerConfigKeys (ConfUtils.java:logGet(43)) - raft.server.log.preallocated.size = 16384 (custom)
2019-10-10 07:13:18,053 [pool-433-thread-1] INFO  impl.RaftServerImpl (RaftServerImpl.java:setRole(170)) - b280fbec-e7f2-40b9-b98c-195768dab95b@group-0B99A3E9DC70: changes role from      null to FOLLOWER at term 0 for startAsFollower
2019-10-10 07:13:18,053 [pool-413-thread-1] INFO  server.RaftServerConfigKeys (ConfUtils.java:logGet(43)) - raft.server.log.queue.element-limit = 1024 (custom)
2019-10-10 07:13:18,053 [pool-433-thread-1] INFO  impl.RoleInfo (RoleInfo.java:updateAndGet(143)) - b280fbec-e7f2-40b9-b98c-195768dab95b: start FollowerState
2019-10-10 07:13:18,053 [pool-423-thread-1] INFO  server.RaftServerConfigKeys (ConfUtils.java:logGet(43)) - raft.server.log.write.buffer.size = 33554432 (custom)
2019-10-10 07:13:18,053 [pool-413-thread-1] INFO  server.RaftServerConfigKeys (ConfUtils.java:logGet(43)) - raft.server.log.segment.size.max = 1048576 (custom)
2019-10-10 07:13:18,053 [pool-423-thread-1] INFO  server.RaftServerConfigKeys (ConfUtils.java:logGet(43)) - raft.server.log.force.sync.num = 128 (default)
2019-10-10 07:13:18,053 [pool-433-thread-1] INFO  util.JmxRegister (JmxRegister.java:tryRegister(44)) - Successfully registered JMX Bean with object name Ratis:service=RaftServer,group=group-0B99A3E9DC70,id=b280fbec-e7f2-40b9-b98c-195768dab95b
2019-10-10 07:13:18,054 [pool-423-thread-1] INFO  server.RaftServerConfigKeys (ConfUtils.java:logGet(43)) - raft.server.log.statemachine.data.sync = true (default)
2019-10-10 07:13:18,053 [pool-413-thread-1] INFO  server.RaftServerConfigKeys (ConfUtils.java:logGet(43)) - raft.server.log.preallocated.size = 16384 (custom)
2019-10-10 07:13:18,054 [pool-423-thread-1] INFO  server.RaftServerConfigKeys (ConfUtils.java:logGet(43)) - raft.server.log.statemachine.data.sync.timeout = 10s (default)
2019-10-10 07:13:18,054 [pool-413-thread-1] INFO  server.RaftServerConfigKeys (ConfUtils.java:logGet(43)) - raft.server.log.write.buffer.size = 33554432 (custom)
2019-10-10 07:13:18,054 [pool-423-thread-1] INFO  server.RaftServerConfigKeys (ConfUtils.java:logGet(43)) - raft.server.log.statemachine.data.sync.timeout.retry = -1 (default)
2019-10-10 07:13:18,054 [pool-413-thread-1] INFO  server.RaftServerConfigKeys (ConfUtils.java:logGet(43)) - raft.server.log.force.sync.num = 128 (default)
2019-10-10 07:13:18,055 [pool-423-thread-1] INFO  server.RaftServerConfigKeys (ConfUtils.java:logGet(43)) - raft.server.log.statemachine.data.caching.enabled = true (custom)
2019-10-10 07:13:18,055 [pool-413-thread-1] INFO  server.RaftServerConfigKeys (ConfUtils.java:logGet(43)) - raft.server.log.statemachine.data.sync = true (default)
2019-10-10 07:13:18,055 [pool-413-thread-1] INFO  server.RaftServerConfigKeys (ConfUtils.java:logGet(43)) - raft.server.log.statemachine.data.sync.timeout = 10s (default)
2019-10-10 07:13:18,055 [pool-423-thread-1] INFO  segmented.SegmentedRaftLogWorker (SegmentedRaftLogWorker.java:lambda$new$0(128)) - c4af4310-e5c5-443d-8068-3f85f9975672@group-0B99A3E9DC70-SegmentedRaftLogWorker: flushIndex: setUnconditionally 0 -> -1
2019-10-10 07:13:18,055 [pool-413-thread-1] INFO  server.RaftServerConfigKeys (ConfUtils.java:logGet(43)) - raft.server.log.statemachine.data.sync.timeout.retry = -1 (default)
2019-10-10 07:13:18,055 [pool-413-thread-1] INFO  server.RaftServerConfigKeys (ConfUtils.java:logGet(43)) - raft.server.log.statemachine.data.caching.enabled = true (custom)
2019-10-10 07:13:18,055 [pool-423-thread-1] INFO  server.RaftServerConfigKeys (ConfUtils.java:logGet(43)) - raft.server.snapshot.auto.trigger.enabled = true (custom)
2019-10-10 07:13:18,056 [pool-413-thread-1] INFO  segmented.SegmentedRaftLogWorker (SegmentedRaftLogWorker.java:lambda$new$0(128)) - 74cd5fb0-5f73-46dd-b6f0-e4ade7569d7d@group-0B99A3E9DC70-SegmentedRaftLogWorker: flushIndex: setUnconditionally 0 -> -1
2019-10-10 07:13:18,056 [pool-423-thread-1] INFO  server.RaftServerConfigKeys (ConfUtils.java:logGet(43)) - raft.server.snapshot.auto.trigger.threshold = 10000 (custom)
2019-10-10 07:13:18,056 [pool-413-thread-1] INFO  server.RaftServerConfigKeys (ConfUtils.java:logGet(43)) - raft.server.snapshot.auto.trigger.enabled = true (custom)
2019-10-10 07:13:18,056 [pool-423-thread-1] INFO  server.RaftServerConfigKeys (ConfUtils.java:logGet(43)) - raft.server.snapshot.retention.file.num = 5 (custom)
2019-10-10 07:13:18,056 [pool-413-thread-1] INFO  server.RaftServerConfigKeys (ConfUtils.java:logGet(43)) - raft.server.snapshot.auto.trigger.threshold = 10000 (custom)
2019-10-10 07:13:18,056 [pool-423-thread-1] INFO  server.RaftServerConfigKeys (ConfUtils.java:logGet(43)) - raft.server.retrycache.expirytime = 600000ms (custom)
2019-10-10 07:13:18,056 [pool-413-thread-1] INFO  server.RaftServerConfigKeys (ConfUtils.java:logGet(43)) - raft.server.snapshot.retention.file.num = 5 (custom)
2019-10-10 07:13:18,057 [pool-413-thread-1] INFO  server.RaftServerConfigKeys (ConfUtils.java:logGet(43)) - raft.server.retrycache.expirytime = 600000ms (custom)
2019-10-10 07:13:18,059 [pool-413-thread-1] INFO  impl.RaftServerImpl (RaftServerImpl.java:start(181)) - 74cd5fb0-5f73-46dd-b6f0-e4ade7569d7d@group-0B99A3E9DC70: start as a follower, conf=-1: [b280fbec-e7f2-40b9-b98c-195768dab95b:192.168.30.31:42422, c4af4310-e5c5-443d-8068-3f85f9975672:192.168.30.31:34173, 74cd5fb0-5f73-46dd-b6f0-e4ade7569d7d:192.168.30.31:43975], old=null
2019-10-10 07:13:18,059 [pool-423-thread-1] INFO  impl.RaftServerImpl (RaftServerImpl.java:start(181)) - c4af4310-e5c5-443d-8068-3f85f9975672@group-0B99A3E9DC70: start as a follower, conf=-1: [b280fbec-e7f2-40b9-b98c-195768dab95b:192.168.30.31:42422, c4af4310-e5c5-443d-8068-3f85f9975672:192.168.30.31:34173, 74cd5fb0-5f73-46dd-b6f0-e4ade7569d7d:192.168.30.31:43975], old=null
2019-10-10 07:13:18,059 [pool-413-thread-1] INFO  impl.RaftServerImpl (RaftServerImpl.java:setRole(170)) - 74cd5fb0-5f73-46dd-b6f0-e4ade7569d7d@group-0B99A3E9DC70: changes role from      null to FOLLOWER at term 0 for startAsFollower
2019-10-10 07:13:18,059 [pool-423-thread-1] INFO  impl.RaftServerImpl (RaftServerImpl.java:setRole(170)) - c4af4310-e5c5-443d-8068-3f85f9975672@group-0B99A3E9DC70: changes role from      null to FOLLOWER at term 0 for startAsFollower
2019-10-10 07:13:18,059 [pool-413-thread-1] INFO  impl.RoleInfo (RoleInfo.java:updateAndGet(143)) - 74cd5fb0-5f73-46dd-b6f0-e4ade7569d7d: start FollowerState
2019-10-10 07:13:18,059 [pool-423-thread-1] INFO  impl.RoleInfo (RoleInfo.java:updateAndGet(143)) - c4af4310-e5c5-443d-8068-3f85f9975672: start FollowerState
2019-10-10 07:13:18,059 [pool-413-thread-1] INFO  util.JmxRegister (JmxRegister.java:tryRegister(44)) - Successfully registered JMX Bean with object name Ratis:service=RaftServer,group=group-0B99A3E9DC70,id=74cd5fb0-5f73-46dd-b6f0-e4ade7569d7d
2019-10-10 07:13:18,060 [pool-423-thread-1] INFO  util.JmxRegister (JmxRegister.java:tryRegister(44)) - Successfully registered JMX Bean with object name Ratis:service=RaftServer,group=group-0B99A3E9DC70,id=c4af4310-e5c5-443d-8068-3f85f9975672
2019-10-10 07:13:18,064 [RatisPipelineUtilsThread] INFO  pipeline.PipelineStateManager (PipelineStateManager.java:addPipeline(56)) - Created pipeline Pipeline[ Id: 3492565e-4f5a-40c3-8872-0b99a3e9dc70, Nodes: 74cd5fb0-5f73-46dd-b6f0-e4ade7569d7d{ip: 192.168.30.31, host: pr-hdds-2266-2msfb-4116138409, networkLocation: /default-rack, certSerialId: null}b280fbec-e7f2-40b9-b98c-195768dab95b{ip: 192.168.30.31, host: pr-hdds-2266-2msfb-4116138409, networkLocation: /default-rack, certSerialId: null}c4af4310-e5c5-443d-8068-3f85f9975672{ip: 192.168.30.31, host: pr-hdds-2266-2msfb-4116138409, networkLocation: /default-rack, certSerialId: null}, Type:RATIS, Factor:THREE, State:OPEN]
2019-10-10 07:13:20,513 [Thread-2302] INFO  container.ReplicationManager (ReplicationManager.java:start(162)) - Starting Replication Monitor Thread.
2019-10-10 07:13:20,520 [ReplicationMonitor] INFO  container.ReplicationManager (ReplicationManager.java:run(225)) - Replication Monitor Thread took 0 milliseconds for processing 1 containers.
2019-10-10 07:13:22,696 [Thread-2304] INFO  impl.FollowerState (FollowerState.java:run(108)) - 26aad93a-7503-45f5-9023-3e4c6d420244@group-A1E31F66E78D-FollowerState: change to CANDIDATE, lastRpcTime:5130ms, electionTimeout:5130ms
2019-10-10 07:13:22,697 [Thread-2304] INFO  impl.RoleInfo (RoleInfo.java:shutdownFollowerState(121)) - 26aad93a-7503-45f5-9023-3e4c6d420244: shutdown FollowerState
2019-10-10 07:13:22,697 [Thread-2304] INFO  impl.RaftServerImpl (RaftServerImpl.java:setRole(170)) - 26aad93a-7503-45f5-9023-3e4c6d420244@group-A1E31F66E78D: changes role from  FOLLOWER to CANDIDATE at term 0 for changeToCandidate
2019-10-10 07:13:22,697 [Thread-2304] INFO  impl.RoleInfo (RoleInfo.java:updateAndGet(143)) - 26aad93a-7503-45f5-9023-3e4c6d420244: start LeaderElection
2019-10-10 07:13:22,721 [26aad93a-7503-45f5-9023-3e4c6d420244@group-A1E31F66E78D-LeaderElection62] INFO  impl.LeaderElection (LeaderElection.java:askForVotes(178)) - 26aad93a-7503-45f5-9023-3e4c6d420244@group-A1E31F66E78D-LeaderElection62: begin an election at term 1 for -1: [26aad93a-7503-45f5-9023-3e4c6d420244:192.168.30.31:44380], old=null
2019-10-10 07:13:22,721 [26aad93a-7503-45f5-9023-3e4c6d420244@group-A1E31F66E78D-LeaderElection62] INFO  impl.RoleInfo (RoleInfo.java:shutdownLeaderElection(134)) - 26aad93a-7503-45f5-9023-3e4c6d420244: shutdown LeaderElection
2019-10-10 07:13:22,722 [26aad93a-7503-45f5-9023-3e4c6d420244@group-A1E31F66E78D-LeaderElection62] INFO  impl.RaftServerImpl (RaftServerImpl.java:setRole(170)) - 26aad93a-7503-45f5-9023-3e4c6d420244@group-A1E31F66E78D: changes role from CANDIDATE to LEADER at term 1 for changeToLeader
2019-10-10 07:13:22,722 [26aad93a-7503-45f5-9023-3e4c6d420244@group-A1E31F66E78D-LeaderElection62] INFO  impl.RaftServerImpl (ServerState.java:setLeader(255)) - 26aad93a-7503-45f5-9023-3e4c6d420244@group-A1E31F66E78D: change Leader from null to 26aad93a-7503-45f5-9023-3e4c6d420244 at term 1 for becomeLeader, leader elected after 5164ms
2019-10-10 07:13:22,722 [26aad93a-7503-45f5-9023-3e4c6d420244@group-A1E31F66E78D-LeaderElection62] INFO  server.RaftServerConfigKeys (ConfUtils.java:logGet(43)) - raft.server.staging.catchup.gap = 1000 (default)
2019-10-10 07:13:22,722 [26aad93a-7503-45f5-9023-3e4c6d420244@group-A1E31F66E78D-LeaderElection62] INFO  server.RaftServerConfigKeys (ConfUtils.java:logGet(43)) - raft.server.rpc.sleep.time = 25ms (default)
2019-10-10 07:13:22,722 [26aad93a-7503-45f5-9023-3e4c6d420244@group-A1E31F66E78D-LeaderElection62] INFO  server.RaftServerConfigKeys (ConfUtils.java:logGet(43)) - raft.server.write.element-limit = 4096 (default)
2019-10-10 07:13:22,723 [26aad93a-7503-45f5-9023-3e4c6d420244@group-A1E31F66E78D-LeaderElection62] INFO  server.RaftServerConfigKeys (ConfUtils.java:logGet(43)) - raft.server.watch.timeout = 10s (default)
2019-10-10 07:13:22,723 [26aad93a-7503-45f5-9023-3e4c6d420244@group-A1E31F66E78D-LeaderElection62] INFO  server.RaftServerConfigKeys (ConfUtils.java:logGet(43)) - raft.server.watch.timeout.denomination = 1s (default)
2019-10-10 07:13:22,723 [26aad93a-7503-45f5-9023-3e4c6d420244@group-A1E31F66E78D-LeaderElection62] INFO  server.RaftServerConfigKeys (ConfUtils.java:logGet(43)) - raft.server.watch.element-limit = 65536 (default)
2019-10-10 07:13:22,726 [26aad93a-7503-45f5-9023-3e4c6d420244@group-A1E31F66E78D-LeaderElection62] INFO  impl.RoleInfo (RoleInfo.java:updateAndGet(143)) - 26aad93a-7503-45f5-9023-3e4c6d420244: start LeaderState
2019-10-10 07:13:22,727 [26aad93a-7503-45f5-9023-3e4c6d420244@group-A1E31F66E78D-LeaderElection62] INFO  segmented.SegmentedRaftLogWorker (SegmentedRaftLogWorker.java:startLogSegment(385)) - 26aad93a-7503-45f5-9023-3e4c6d420244@group-A1E31F66E78D-SegmentedRaftLogWorker: Starting segment from index:0
2019-10-10 07:13:22,727 [26aad93a-7503-45f5-9023-3e4c6d420244@group-A1E31F66E78D-LeaderElection62] INFO  impl.RaftServerImpl (ServerState.java:setRaftConf(356)) - 26aad93a-7503-45f5-9023-3e4c6d420244@group-A1E31F66E78D: set configuration 0: [26aad93a-7503-45f5-9023-3e4c6d420244:192.168.30.31:44380], old=null at 0
2019-10-10 07:13:22,777 [26aad93a-7503-45f5-9023-3e4c6d420244@group-A1E31F66E78D-SegmentedRaftLogWorker] INFO  segmented.SegmentedRaftLogWorker (SegmentedRaftLogWorker.java:execute(574)) - 26aad93a-7503-45f5-9023-3e4c6d420244@group-A1E31F66E78D-SegmentedRaftLogWorker: created new log segment /workdir/hadoop-ozone/integration-test/target/test-dir/MiniOzoneClusterImpl-9bfdac0f-0aca-46f5-97b6-b623c9f6701c/datanode-0/data/ratis/d9e2c610-991c-4682-a30a-a1e31f66e78d/current/log_inprogress_0
2019-10-10 07:13:22,793 [Thread-2307] INFO  impl.FollowerState (FollowerState.java:run(108)) - 5b8bd398-f3eb-47fb-a1df-22e321ff4ecd@group-1095F9C936B6-FollowerState: change to CANDIDATE, lastRpcTime:5171ms, electionTimeout:5171ms
2019-10-10 07:13:22,793 [Thread-2307] INFO  impl.RoleInfo (RoleInfo.java:shutdownFollowerState(121)) - 5b8bd398-f3eb-47fb-a1df-22e321ff4ecd: shutdown FollowerState
2019-10-10 07:13:22,793 [Thread-2307] INFO  impl.RaftServerImpl (RaftServerImpl.java:setRole(170)) - 5b8bd398-f3eb-47fb-a1df-22e321ff4ecd@group-1095F9C936B6: changes role from  FOLLOWER to CANDIDATE at term 0 for changeToCandidate
2019-10-10 07:13:22,793 [Thread-2307] INFO  impl.RoleInfo (RoleInfo.java:updateAndGet(143)) - 5b8bd398-f3eb-47fb-a1df-22e321ff4ecd: start LeaderElection
2019-10-10 07:13:22,815 [5b8bd398-f3eb-47fb-a1df-22e321ff4ecd@group-1095F9C936B6-LeaderElection63] INFO  impl.LeaderElection (LeaderElection.java:askForVotes(178)) - 5b8bd398-f3eb-47fb-a1df-22e321ff4ecd@group-1095F9C936B6-LeaderElection63: begin an election at term 1 for -1: [5b8bd398-f3eb-47fb-a1df-22e321ff4ecd:192.168.30.31:45070], old=null
2019-10-10 07:13:22,815 [5b8bd398-f3eb-47fb-a1df-22e321ff4ecd@group-1095F9C936B6-LeaderElection63] INFO  impl.RoleInfo (RoleInfo.java:shutdownLeaderElection(134)) - 5b8bd398-f3eb-47fb-a1df-22e321ff4ecd: shutdown LeaderElection
2019-10-10 07:13:22,815 [5b8bd398-f3eb-47fb-a1df-22e321ff4ecd@group-1095F9C936B6-LeaderElection63] INFO  impl.RaftServerImpl (RaftServerImpl.java:setRole(170)) - 5b8bd398-f3eb-47fb-a1df-22e321ff4ecd@group-1095F9C936B6: changes role from CANDIDATE to LEADER at term 1 for changeToLeader
2019-10-10 07:13:22,815 [5b8bd398-f3eb-47fb-a1df-22e321ff4ecd@group-1095F9C936B6-LeaderElection63] INFO  impl.RaftServerImpl (ServerState.java:setLeader(255)) - 5b8bd398-f3eb-47fb-a1df-22e321ff4ecd@group-1095F9C936B6: change Leader from null to 5b8bd398-f3eb-47fb-a1df-22e321ff4ecd at term 1 for becomeLeader, leader elected after 5199ms
2019-10-10 07:13:22,816 [5b8bd398-f3eb-47fb-a1df-22e321ff4ecd@group-1095F9C936B6-LeaderElection63] INFO  server.RaftServerConfigKeys (ConfUtils.java:logGet(43)) - raft.server.staging.catchup.gap = 1000 (default)
2019-10-10 07:13:22,816 [5b8bd398-f3eb-47fb-a1df-22e321ff4ecd@group-1095F9C936B6-LeaderElection63] INFO  server.RaftServerConfigKeys (ConfUtils.java:logGet(43)) - raft.server.rpc.sleep.time = 25ms (default)
2019-10-10 07:13:22,816 [5b8bd398-f3eb-47fb-a1df-22e321ff4ecd@group-1095F9C936B6-LeaderElection63] INFO  server.RaftServerConfigKeys (ConfUtils.java:logGet(43)) - raft.server.write.element-limit = 4096 (default)
2019-10-10 07:13:22,816 [5b8bd398-f3eb-47fb-a1df-22e321ff4ecd@group-1095F9C936B6-LeaderElection63] INFO  server.RaftServerConfigKeys (ConfUtils.java:logGet(43)) - raft.server.watch.timeout = 10s (default)
2019-10-10 07:13:22,816 [5b8bd398-f3eb-47fb-a1df-22e321ff4ecd@group-1095F9C936B6-LeaderElection63] INFO  server.RaftServerConfigKeys (ConfUtils.java:logGet(43)) - raft.server.watch.timeout.denomination = 1s (default)
2019-10-10 07:13:22,816 [5b8bd398-f3eb-47fb-a1df-22e321ff4ecd@group-1095F9C936B6-LeaderElection63] INFO  server.RaftServerConfigKeys (ConfUtils.java:logGet(43)) - raft.server.watch.element-limit = 65536 (default)
2019-10-10 07:13:22,817 [5b8bd398-f3eb-47fb-a1df-22e321ff4ecd@group-1095F9C936B6-LeaderElection63] INFO  impl.RoleInfo (RoleInfo.java:updateAndGet(143)) - 5b8bd398-f3eb-47fb-a1df-22e321ff4ecd: start LeaderState
2019-10-10 07:13:22,818 [5b8bd398-f3eb-47fb-a1df-22e321ff4ecd@group-1095F9C936B6-LeaderElection63] INFO  segmented.SegmentedRaftLogWorker (SegmentedRaftLogWorker.java:startLogSegment(385)) - 5b8bd398-f3eb-47fb-a1df-22e321ff4ecd@group-1095F9C936B6-SegmentedRaftLogWorker: Starting segment from index:0
2019-10-10 07:13:22,818 [5b8bd398-f3eb-47fb-a1df-22e321ff4ecd@group-1095F9C936B6-LeaderElection63] INFO  impl.RaftServerImpl (ServerState.java:setRaftConf(356)) - 5b8bd398-f3eb-47fb-a1df-22e321ff4ecd@group-1095F9C936B6: set configuration 0: [5b8bd398-f3eb-47fb-a1df-22e321ff4ecd:192.168.30.31:45070], old=null at 0
2019-10-10 07:13:22,851 [5b8bd398-f3eb-47fb-a1df-22e321ff4ecd@group-1095F9C936B6-SegmentedRaftLogWorker] INFO  segmented.SegmentedRaftLogWorker (SegmentedRaftLogWorker.java:execute(574)) - 5b8bd398-f3eb-47fb-a1df-22e321ff4ecd@group-1095F9C936B6-SegmentedRaftLogWorker: created new log segment /workdir/hadoop-ozone/integration-test/target/test-dir/MiniOzoneClusterImpl-9bfdac0f-0aca-46f5-97b6-b623c9f6701c/datanode-1/data/ratis/dd900d8e-0906-46dd-b1c0-1095f9c936b6/current/log_inprogress_0
2019-10-10 07:13:22,852 [Thread-2310] INFO  impl.FollowerState (FollowerState.java:run(108)) - 0067d567-1cf8-422e-b836-7c9e21103321@group-8289E5DC9EF0-FollowerState: change to CANDIDATE, lastRpcTime:5155ms, electionTimeout:5155ms
2019-10-10 07:13:22,852 [Thread-2310] INFO  impl.RoleInfo (RoleInfo.java:shutdownFollowerState(121)) - 0067d567-1cf8-422e-b836-7c9e21103321: shutdown FollowerState
2019-10-10 07:13:22,852 [Thread-2310] INFO  impl.RaftServerImpl (RaftServerImpl.java:setRole(170)) - 0067d567-1cf8-422e-b836-7c9e21103321@group-8289E5DC9EF0: changes role from  FOLLOWER to CANDIDATE at term 0 for changeToCandidate
2019-10-10 07:13:22,852 [Thread-2310] INFO  impl.RoleInfo (RoleInfo.java:updateAndGet(143)) - 0067d567-1cf8-422e-b836-7c9e21103321: start LeaderElection
2019-10-10 07:13:22,867 [Thread-2313] INFO  impl.FollowerState (FollowerState.java:run(108)) - 26aad93a-7503-45f5-9023-3e4c6d420244@group-3A3512E0F91C-FollowerState: change to CANDIDATE, lastRpcTime:5089ms, electionTimeout:5089ms
2019-10-10 07:13:22,867 [Thread-2313] INFO  impl.RoleInfo (RoleInfo.java:shutdownFollowerState(121)) - 26aad93a-7503-45f5-9023-3e4c6d420244: shutdown FollowerState
2019-10-10 07:13:22,867 [Thread-2313] INFO  impl.RaftServerImpl (RaftServerImpl.java:setRole(170)) - 26aad93a-7503-45f5-9023-3e4c6d420244@group-3A3512E0F91C: changes role from  FOLLOWER to CANDIDATE at term 0 for changeToCandidate
2019-10-10 07:13:22,867 [Thread-2313] INFO  impl.RoleInfo (RoleInfo.java:updateAndGet(143)) - 26aad93a-7503-45f5-9023-3e4c6d420244: start LeaderElection
2019-10-10 07:13:22,885 [Thread-2322] INFO  impl.FollowerState (FollowerState.java:run(108)) - 74cd5fb0-5f73-46dd-b6f0-e4ade7569d7d@group-4D6D1C39DC96-FollowerState: change to CANDIDATE, lastRpcTime:5026ms, electionTimeout:5026ms
2019-10-10 07:13:22,885 [Thread-2322] INFO  impl.RoleInfo (RoleInfo.java:shutdownFollowerState(121)) - 74cd5fb0-5f73-46dd-b6f0-e4ade7569d7d: shutdown FollowerState
2019-10-10 07:13:22,885 [Thread-2322] INFO  impl.RaftServerImpl (RaftServerImpl.java:setRole(170)) - 74cd5fb0-5f73-46dd-b6f0-e4ade7569d7d@group-4D6D1C39DC96: changes role from  FOLLOWER to CANDIDATE at term 0 for changeToCandidate
2019-10-10 07:13:22,885 [Thread-2322] INFO  impl.RoleInfo (RoleInfo.java:updateAndGet(143)) - 74cd5fb0-5f73-46dd-b6f0-e4ade7569d7d: start LeaderElection
2019-10-10 07:13:22,888 [0067d567-1cf8-422e-b836-7c9e21103321@group-8289E5DC9EF0-LeaderElection64] INFO  impl.LeaderElection (LeaderElection.java:askForVotes(178)) - 0067d567-1cf8-422e-b836-7c9e21103321@group-8289E5DC9EF0-LeaderElection64: begin an election at term 1 for -1: [0067d567-1cf8-422e-b836-7c9e21103321:192.168.30.31:41048], old=null
2019-10-10 07:13:22,891 [26aad93a-7503-45f5-9023-3e4c6d420244@group-3A3512E0F91C-LeaderElection65] INFO  impl.LeaderElection (LeaderElection.java:askForVotes(178)) - 26aad93a-7503-45f5-9023-3e4c6d420244@group-3A3512E0F91C-LeaderElection65: begin an election at term 1 for -1: [0067d567-1cf8-422e-b836-7c9e21103321:192.168.30.31:41048, 5b8bd398-f3eb-47fb-a1df-22e321ff4ecd:192.168.30.31:45070, 26aad93a-7503-45f5-9023-3e4c6d420244:192.168.30.31:44380], old=null
2019-10-10 07:13:22,891 [0067d567-1cf8-422e-b836-7c9e21103321@group-8289E5DC9EF0-LeaderElection64] INFO  impl.RoleInfo (RoleInfo.java:shutdownLeaderElection(134)) - 0067d567-1cf8-422e-b836-7c9e21103321: shutdown LeaderElection
2019-10-10 07:13:22,891 [0067d567-1cf8-422e-b836-7c9e21103321@group-8289E5DC9EF0-LeaderElection64] INFO  impl.RaftServerImpl (RaftServerImpl.java:setRole(170)) - 0067d567-1cf8-422e-b836-7c9e21103321@group-8289E5DC9EF0: changes role from CANDIDATE to LEADER at term 1 for changeToLeader
2019-10-10 07:13:22,892 [0067d567-1cf8-422e-b836-7c9e21103321@group-8289E5DC9EF0-LeaderElection64] INFO  impl.RaftServerImpl (ServerState.java:setLeader(255)) - 0067d567-1cf8-422e-b836-7c9e21103321@group-8289E5DC9EF0: change Leader from null to 0067d567-1cf8-422e-b836-7c9e21103321 at term 1 for becomeLeader, leader elected after 5200ms
2019-10-10 07:13:22,892 [0067d567-1cf8-422e-b836-7c9e21103321@group-8289E5DC9EF0-LeaderElection64] INFO  server.RaftServerConfigKeys (ConfUtils.java:logGet(43)) - raft.server.staging.catchup.gap = 1000 (default)
2019-10-10 07:13:22,892 [0067d567-1cf8-422e-b836-7c9e21103321@group-8289E5DC9EF0-LeaderElection64] INFO  server.RaftServerConfigKeys (ConfUtils.java:logGet(43)) - raft.server.rpc.sleep.time = 25ms (default)
2019-10-10 07:13:22,892 [0067d567-1cf8-422e-b836-7c9e21103321@group-8289E5DC9EF0-LeaderElection64] INFO  server.RaftServerConfigKeys (ConfUtils.java:logGet(43)) - raft.server.write.element-limit = 4096 (default)
2019-10-10 07:13:22,892 [0067d567-1cf8-422e-b836-7c9e21103321@group-8289E5DC9EF0-LeaderElection64] INFO  server.RaftServerConfigKeys (ConfUtils.java:logGet(43)) - raft.server.watch.timeout = 10s (default)
2019-10-10 07:13:22,892 [0067d567-1cf8-422e-b836-7c9e21103321@group-8289E5DC9EF0-LeaderElection64] INFO  server.RaftServerConfigKeys (ConfUtils.java:logGet(43)) - raft.server.watch.timeout.denomination = 1s (default)
2019-10-10 07:13:22,892 [0067d567-1cf8-422e-b836-7c9e21103321@group-8289E5DC9EF0-LeaderElection64] INFO  server.RaftServerConfigKeys (ConfUtils.java:logGet(43)) - raft.server.watch.element-limit = 65536 (default)
2019-10-10 07:13:22,893 [0067d567-1cf8-422e-b836-7c9e21103321@group-8289E5DC9EF0-LeaderElection64] INFO  impl.RoleInfo (RoleInfo.java:updateAndGet(143)) - 0067d567-1cf8-422e-b836-7c9e21103321: start LeaderState
2019-10-10 07:13:22,893 [0067d567-1cf8-422e-b836-7c9e21103321@group-8289E5DC9EF0-LeaderElection64] INFO  segmented.SegmentedRaftLogWorker (SegmentedRaftLogWorker.java:startLogSegment(385)) - 0067d567-1cf8-422e-b836-7c9e21103321@group-8289E5DC9EF0-SegmentedRaftLogWorker: Starting segment from index:0
2019-10-10 07:13:22,894 [0067d567-1cf8-422e-b836-7c9e21103321@group-8289E5DC9EF0-LeaderElection64] INFO  impl.RaftServerImpl (ServerState.java:setRaftConf(356)) - 0067d567-1cf8-422e-b836-7c9e21103321@group-8289E5DC9EF0: set configuration 0: [0067d567-1cf8-422e-b836-7c9e21103321:192.168.30.31:41048], old=null at 0
2019-10-10 07:13:22,895 [grpc-default-executor-4] INFO  impl.RaftServerImpl (RaftServerImpl.java:setRole(170)) - 0067d567-1cf8-422e-b836-7c9e21103321@group-3A3512E0F91C: changes role from  FOLLOWER to FOLLOWER at term 1 for recognizeCandidate:26aad93a-7503-45f5-9023-3e4c6d420244
2019-10-10 07:13:22,895 [grpc-default-executor-3] INFO  impl.RaftServerImpl (RaftServerImpl.java:setRole(170)) - 5b8bd398-f3eb-47fb-a1df-22e321ff4ecd@group-3A3512E0F91C: changes role from  FOLLOWER to FOLLOWER at term 1 for recognizeCandidate:26aad93a-7503-45f5-9023-3e4c6d420244
2019-10-10 07:13:22,895 [grpc-default-executor-4] INFO  impl.RoleInfo (RoleInfo.java:shutdownFollowerState(121)) - 0067d567-1cf8-422e-b836-7c9e21103321: shutdown FollowerState
2019-10-10 07:13:22,896 [grpc-default-executor-3] INFO  impl.RoleInfo (RoleInfo.java:shutdownFollowerState(121)) - 5b8bd398-f3eb-47fb-a1df-22e321ff4ecd: shutdown FollowerState
2019-10-10 07:13:22,896 [grpc-default-executor-4] INFO  impl.RoleInfo (RoleInfo.java:updateAndGet(143)) - 0067d567-1cf8-422e-b836-7c9e21103321: start FollowerState
2019-10-10 07:13:22,896 [Thread-2318] INFO  impl.FollowerState (FollowerState.java:run(117)) - 0067d567-1cf8-422e-b836-7c9e21103321@group-3A3512E0F91C-FollowerState was interrupted: java.lang.InterruptedException: sleep interrupted
2019-10-10 07:13:22,896 [Thread-2317] INFO  impl.FollowerState (FollowerState.java:run(117)) - 5b8bd398-f3eb-47fb-a1df-22e321ff4ecd@group-3A3512E0F91C-FollowerState was interrupted: java.lang.InterruptedException: sleep interrupted
2019-10-10 07:13:22,896 [grpc-default-executor-3] INFO  impl.RoleInfo (RoleInfo.java:updateAndGet(143)) - 5b8bd398-f3eb-47fb-a1df-22e321ff4ecd: start FollowerState
2019-10-10 07:13:22,928 [74cd5fb0-5f73-46dd-b6f0-e4ade7569d7d@group-4D6D1C39DC96-LeaderElection66] INFO  impl.LeaderElection (LeaderElection.java:askForVotes(178)) - 74cd5fb0-5f73-46dd-b6f0-e4ade7569d7d@group-4D6D1C39DC96-LeaderElection66: begin an election at term 1 for -1: [74cd5fb0-5f73-46dd-b6f0-e4ade7569d7d:192.168.30.31:43975], old=null
2019-10-10 07:13:22,928 [74cd5fb0-5f73-46dd-b6f0-e4ade7569d7d@group-4D6D1C39DC96-LeaderElection66] INFO  impl.RoleInfo (RoleInfo.java:shutdownLeaderElection(134)) - 74cd5fb0-5f73-46dd-b6f0-e4ade7569d7d: shutdown LeaderElection
2019-10-10 07:13:22,928 [74cd5fb0-5f73-46dd-b6f0-e4ade7569d7d@group-4D6D1C39DC96-LeaderElection66] INFO  impl.RaftServerImpl (RaftServerImpl.java:setRole(170)) - 74cd5fb0-5f73-46dd-b6f0-e4ade7569d7d@group-4D6D1C39DC96: changes role from CANDIDATE to LEADER at term 1 for changeToLeader
2019-10-10 07:13:22,929 [74cd5fb0-5f73-46dd-b6f0-e4ade7569d7d@group-4D6D1C39DC96-LeaderElection66] INFO  impl.RaftServerImpl (ServerState.java:setLeader(255)) - 74cd5fb0-5f73-46dd-b6f0-e4ade7569d7d@group-4D6D1C39DC96: change Leader from null to 74cd5fb0-5f73-46dd-b6f0-e4ade7569d7d at term 1 for becomeLeader, leader elected after 5077ms
2019-10-10 07:13:22,929 [74cd5fb0-5f73-46dd-b6f0-e4ade7569d7d@group-4D6D1C39DC96-LeaderElection66] INFO  server.RaftServerConfigKeys (ConfUtils.java:logGet(43)) - raft.server.staging.catchup.gap = 1000 (default)
2019-10-10 07:13:22,929 [74cd5fb0-5f73-46dd-b6f0-e4ade7569d7d@group-4D6D1C39DC96-LeaderElection66] INFO  server.RaftServerConfigKeys (ConfUtils.java:logGet(43)) - raft.server.rpc.sleep.time = 25ms (default)
2019-10-10 07:13:22,929 [74cd5fb0-5f73-46dd-b6f0-e4ade7569d7d@group-4D6D1C39DC96-LeaderElection66] INFO  server.RaftServerConfigKeys (ConfUtils.java:logGet(43)) - raft.server.write.element-limit = 4096 (default)
2019-10-10 07:13:22,929 [74cd5fb0-5f73-46dd-b6f0-e4ade7569d7d@group-4D6D1C39DC96-LeaderElection66] INFO  server.RaftServerConfigKeys (ConfUtils.java:logGet(43)) - raft.server.watch.timeout = 10s (default)
2019-10-10 07:13:22,929 [74cd5fb0-5f73-46dd-b6f0-e4ade7569d7d@group-4D6D1C39DC96-LeaderElection66] INFO  server.RaftServerConfigKeys (ConfUtils.java:logGet(43)) - raft.server.watch.timeout.denomination = 1s (default)
2019-10-10 07:13:22,930 [74cd5fb0-5f73-46dd-b6f0-e4ade7569d7d@group-4D6D1C39DC96-LeaderElection66] INFO  server.RaftServerConfigKeys (ConfUtils.java:logGet(43)) - raft.server.watch.element-limit = 65536 (default)
2019-10-10 07:13:22,932 [74cd5fb0-5f73-46dd-b6f0-e4ade7569d7d@group-4D6D1C39DC96-LeaderElection66] INFO  impl.RoleInfo (RoleInfo.java:updateAndGet(143)) - 74cd5fb0-5f73-46dd-b6f0-e4ade7569d7d: start LeaderState
2019-10-10 07:13:22,932 [74cd5fb0-5f73-46dd-b6f0-e4ade7569d7d@group-4D6D1C39DC96-LeaderElection66] INFO  segmented.SegmentedRaftLogWorker (SegmentedRaftLogWorker.java:startLogSegment(385)) - 74cd5fb0-5f73-46dd-b6f0-e4ade7569d7d@group-4D6D1C39DC96-SegmentedRaftLogWorker: Starting segment from index:0
2019-10-10 07:13:22,932 [74cd5fb0-5f73-46dd-b6f0-e4ade7569d7d@group-4D6D1C39DC96-LeaderElection66] INFO  impl.RaftServerImpl (ServerState.java:setRaftConf(356)) - 74cd5fb0-5f73-46dd-b6f0-e4ade7569d7d@group-4D6D1C39DC96: set configuration 0: [74cd5fb0-5f73-46dd-b6f0-e4ade7569d7d:192.168.30.31:43975], old=null at 0
2019-10-10 07:13:22,940 [0067d567-1cf8-422e-b836-7c9e21103321@group-8289E5DC9EF0-SegmentedRaftLogWorker] INFO  segmented.SegmentedRaftLogWorker (SegmentedRaftLogWorker.java:execute(574)) - 0067d567-1cf8-422e-b836-7c9e21103321@group-8289E5DC9EF0-SegmentedRaftLogWorker: created new log segment /workdir/hadoop-ozone/integration-test/target/test-dir/MiniOzoneClusterImpl-9bfdac0f-0aca-46f5-97b6-b623c9f6701c/datanode-2/data/ratis/146fc208-1b9a-4ec2-9cc4-8289e5dc9ef0/current/log_inprogress_0
2019-10-10 07:13:22,941 [26aad93a-7503-45f5-9023-3e4c6d420244@group-3A3512E0F91C-LeaderElection65] INFO  impl.LeaderElection (LeaderElection.java:logAndReturn(56)) - 26aad93a-7503-45f5-9023-3e4c6d420244@group-3A3512E0F91C-LeaderElection65: Election PASSED; received 1 response(s) [26aad93a-7503-45f5-9023-3e4c6d420244<-5b8bd398-f3eb-47fb-a1df-22e321ff4ecd#0:OK-t1] and 0 exception(s); 26aad93a-7503-45f5-9023-3e4c6d420244@group-3A3512E0F91C:t1, leader=null, voted=26aad93a-7503-45f5-9023-3e4c6d420244, raftlog=26aad93a-7503-45f5-9023-3e4c6d420244@group-3A3512E0F91C-SegmentedRaftLog:OPENED:c-1,f-1,i0, conf=-1: [0067d567-1cf8-422e-b836-7c9e21103321:192.168.30.31:41048, 5b8bd398-f3eb-47fb-a1df-22e321ff4ecd:192.168.30.31:45070, 26aad93a-7503-45f5-9023-3e4c6d420244:192.168.30.31:44380], old=null
2019-10-10 07:13:22,941 [26aad93a-7503-45f5-9023-3e4c6d420244@group-3A3512E0F91C-LeaderElection65] INFO  impl.RoleInfo (RoleInfo.java:shutdownLeaderElection(134)) - 26aad93a-7503-45f5-9023-3e4c6d420244: shutdown LeaderElection
2019-10-10 07:13:22,941 [26aad93a-7503-45f5-9023-3e4c6d420244@group-3A3512E0F91C-LeaderElection65] INFO  impl.RaftServerImpl (RaftServerImpl.java:setRole(170)) - 26aad93a-7503-45f5-9023-3e4c6d420244@group-3A3512E0F91C: changes role from CANDIDATE to LEADER at term 1 for changeToLeader
2019-10-10 07:13:22,941 [26aad93a-7503-45f5-9023-3e4c6d420244@group-3A3512E0F91C-LeaderElection65] INFO  impl.RaftServerImpl (ServerState.java:setLeader(255)) - 26aad93a-7503-45f5-9023-3e4c6d420244@group-3A3512E0F91C: change Leader from null to 26aad93a-7503-45f5-9023-3e4c6d420244 at term 1 for becomeLeader, leader elected after 5173ms
2019-10-10 07:13:22,942 [26aad93a-7503-45f5-9023-3e4c6d420244@group-3A3512E0F91C-LeaderElection65] INFO  server.RaftServerConfigKeys (ConfUtils.java:logGet(43)) - raft.server.staging.catchup.gap = 1000 (default)
2019-10-10 07:13:22,942 [26aad93a-7503-45f5-9023-3e4c6d420244@group-3A3512E0F91C-LeaderElection65] INFO  server.RaftServerConfigKeys (ConfUtils.java:logGet(43)) - raft.server.rpc.sleep.time = 25ms (default)
2019-10-10 07:13:22,942 [26aad93a-7503-45f5-9023-3e4c6d420244@group-3A3512E0F91C-LeaderElection65] INFO  server.RaftServerConfigKeys (ConfUtils.java:logGet(43)) - raft.server.write.element-limit = 4096 (default)
2019-10-10 07:13:22,942 [26aad93a-7503-45f5-9023-3e4c6d420244@group-3A3512E0F91C-LeaderElection65] INFO  server.RaftServerConfigKeys (ConfUtils.java:logGet(43)) - raft.server.watch.timeout = 10s (default)
2019-10-10 07:13:22,942 [26aad93a-7503-45f5-9023-3e4c6d420244@group-3A3512E0F91C-LeaderElection65] INFO  server.RaftServerConfigKeys (ConfUtils.java:logGet(43)) - raft.server.watch.timeout.denomination = 1s (default)
2019-10-10 07:13:22,942 [26aad93a-7503-45f5-9023-3e4c6d420244@group-3A3512E0F91C-LeaderElection65] INFO  server.RaftServerConfigKeys (ConfUtils.java:logGet(43)) - raft.server.watch.element-limit = 65536 (default)
2019-10-10 07:13:22,944 [26aad93a-7503-45f5-9023-3e4c6d420244@group-3A3512E0F91C-LeaderElection65] INFO  server.RaftServerConfigKeys (ConfUtils.java:logGet(43)) - raft.server.log.appender.snapshot.chunk.size.max = 16MB (=16777216) (default)
2019-10-10 07:13:22,945 [26aad93a-7503-45f5-9023-3e4c6d420244@group-3A3512E0F91C-LeaderElection65] INFO  server.RaftServerConfigKeys (ConfUtils.java:logGet(43)) - raft.server.log.appender.buffer.byte-limit = 33554432 (custom)
2019-10-10 07:13:22,945 [26aad93a-7503-45f5-9023-3e4c6d420244@group-3A3512E0F91C-LeaderElection65] INFO  server.RaftServerConfigKeys (ConfUtils.java:logGet(43)) - raft.server.log.appender.buffer.element-limit = 1 (custom)
2019-10-10 07:13:22,945 [26aad93a-7503-45f5-9023-3e4c6d420244@group-3A3512E0F91C-LeaderElection65] INFO  grpc.GrpcConfigKeys$Server (ConfUtils.java:logGet(43)) - raft.grpc.server.leader.outstanding.appends.max = 128 (default)
2019-10-10 07:13:22,945 [26aad93a-7503-45f5-9023-3e4c6d420244@group-3A3512E0F91C-LeaderElection65] INFO  server.RaftServerConfigKeys (ConfUtils.java:logGet(43)) - raft.server.rpc.request.timeout = 3000ms (default)
2019-10-10 07:13:22,945 [26aad93a-7503-45f5-9023-3e4c6d420244@group-3A3512E0F91C-LeaderElection65] INFO  server.RaftServerConfigKeys (ConfUtils.java:logGet(43)) - raft.server.log.appender.install.snapshot.enabled = false (custom)
2019-10-10 07:13:22,946 [26aad93a-7503-45f5-9023-3e4c6d420244@group-3A3512E0F91C-LeaderElection65] INFO  server.RaftServerConfigKeys (ConfUtils.java:logGet(43)) - raft.server.log.appender.snapshot.chunk.size.max = 16MB (=16777216) (default)
2019-10-10 07:13:22,946 [26aad93a-7503-45f5-9023-3e4c6d420244@group-3A3512E0F91C-LeaderElection65] INFO  server.RaftServerConfigKeys (ConfUtils.java:logGet(43)) - raft.server.log.appender.buffer.byte-limit = 33554432 (custom)
2019-10-10 07:13:22,946 [26aad93a-7503-45f5-9023-3e4c6d420244@group-3A3512E0F91C-LeaderElection65] INFO  server.RaftServerConfigKeys (ConfUtils.java:logGet(43)) - raft.server.log.appender.buffer.element-limit = 1 (custom)
2019-10-10 07:13:22,946 [26aad93a-7503-45f5-9023-3e4c6d420244@group-3A3512E0F91C-LeaderElection65] INFO  grpc.GrpcConfigKeys$Server (ConfUtils.java:logGet(43)) - raft.grpc.server.leader.outstanding.appends.max = 128 (default)
2019-10-10 07:13:22,946 [26aad93a-7503-45f5-9023-3e4c6d420244@group-3A3512E0F91C-LeaderElection65] INFO  server.RaftServerConfigKeys (ConfUtils.java:logGet(43)) - raft.server.rpc.request.timeout = 3000ms (default)
2019-10-10 07:13:22,947 [26aad93a-7503-45f5-9023-3e4c6d420244@group-3A3512E0F91C-LeaderElection65] INFO  server.RaftServerConfigKeys (ConfUtils.java:logGet(43)) - raft.server.log.appender.install.snapshot.enabled = false (custom)
2019-10-10 07:13:22,947 [26aad93a-7503-45f5-9023-3e4c6d420244@group-3A3512E0F91C-LeaderElection65] INFO  impl.RoleInfo (RoleInfo.java:updateAndGet(143)) - 26aad93a-7503-45f5-9023-3e4c6d420244: start LeaderState
2019-10-10 07:13:22,947 [26aad93a-7503-45f5-9023-3e4c6d420244@group-3A3512E0F91C-LeaderElection65] INFO  segmented.SegmentedRaftLogWorker (SegmentedRaftLogWorker.java:startLogSegment(385)) - 26aad93a-7503-45f5-9023-3e4c6d420244@group-3A3512E0F91C-SegmentedRaftLogWorker: Starting segment from index:0
2019-10-10 07:13:22,948 [26aad93a-7503-45f5-9023-3e4c6d420244@group-3A3512E0F91C-LeaderElection65] INFO  impl.RaftServerImpl (ServerState.java:setRaftConf(356)) - 26aad93a-7503-45f5-9023-3e4c6d420244@group-3A3512E0F91C: set configuration 0: [0067d567-1cf8-422e-b836-7c9e21103321:192.168.30.31:41048, 5b8bd398-f3eb-47fb-a1df-22e321ff4ecd:192.168.30.31:45070, 26aad93a-7503-45f5-9023-3e4c6d420244:192.168.30.31:44380], old=null at 0
2019-10-10 07:13:22,949 [grpc-default-executor-3] INFO  impl.RaftServerImpl (ServerState.java:setLeader(255)) - 5b8bd398-f3eb-47fb-a1df-22e321ff4ecd@group-3A3512E0F91C: change Leader from null to 26aad93a-7503-45f5-9023-3e4c6d420244 at term 1 for appendEntries, leader elected after 5181ms
2019-10-10 07:13:22,983 [grpc-default-executor-3] INFO  impl.RaftServerImpl (ServerState.java:setLeader(255)) - 0067d567-1cf8-422e-b836-7c9e21103321@group-3A3512E0F91C: change Leader from null to 26aad93a-7503-45f5-9023-3e4c6d420244 at term 1 for appendEntries, leader elected after 5214ms
2019-10-10 07:13:22,984 [grpc-default-executor-3] INFO  impl.RaftServerImpl (ServerState.java:setRaftConf(356)) - 5b8bd398-f3eb-47fb-a1df-22e321ff4ecd@group-3A3512E0F91C: set configuration 0: [0067d567-1cf8-422e-b836-7c9e21103321:192.168.30.31:41048, 5b8bd398-f3eb-47fb-a1df-22e321ff4ecd:192.168.30.31:45070, 26aad93a-7503-45f5-9023-3e4c6d420244:192.168.30.31:44380], old=null at 0
2019-10-10 07:13:22,985 [grpc-default-executor-4] INFO  impl.RaftServerImpl (ServerState.java:setRaftConf(356)) - 0067d567-1cf8-422e-b836-7c9e21103321@group-3A3512E0F91C: set configuration 0: [0067d567-1cf8-422e-b836-7c9e21103321:192.168.30.31:41048, 5b8bd398-f3eb-47fb-a1df-22e321ff4ecd:192.168.30.31:45070, 26aad93a-7503-45f5-9023-3e4c6d420244:192.168.30.31:44380], old=null at 0
2019-10-10 07:13:22,985 [grpc-default-executor-3] INFO  segmented.SegmentedRaftLogWorker (SegmentedRaftLogWorker.java:startLogSegment(385)) - 5b8bd398-f3eb-47fb-a1df-22e321ff4ecd@group-3A3512E0F91C-SegmentedRaftLogWorker: Starting segment from index:0
2019-10-10 07:13:22,985 [grpc-default-executor-4] INFO  segmented.SegmentedRaftLogWorker (SegmentedRaftLogWorker.java:startLogSegment(385)) - 0067d567-1cf8-422e-b836-7c9e21103321@group-3A3512E0F91C-SegmentedRaftLogWorker: Starting segment from index:0
2019-10-10 07:13:22,990 [26aad93a-7503-45f5-9023-3e4c6d420244@group-3A3512E0F91C-SegmentedRaftLogWorker] INFO  segmented.SegmentedRaftLogWorker (SegmentedRaftLogWorker.java:execute(574)) - 26aad93a-7503-45f5-9023-3e4c6d420244@group-3A3512E0F91C-SegmentedRaftLogWorker: created new log segment /workdir/hadoop-ozone/integration-test/target/test-dir/MiniOzoneClusterImpl-9bfdac0f-0aca-46f5-97b6-b623c9f6701c/datanode-0/data/ratis/f75dfa7e-f652-4576-891a-3a3512e0f91c/current/log_inprogress_0
2019-10-10 07:13:22,990 [74cd5fb0-5f73-46dd-b6f0-e4ade7569d7d@group-4D6D1C39DC96-SegmentedRaftLogWorker] INFO  segmented.SegmentedRaftLogWorker (SegmentedRaftLogWorker.java:execute(574)) - 74cd5fb0-5f73-46dd-b6f0-e4ade7569d7d@group-4D6D1C39DC96-SegmentedRaftLogWorker: created new log segment /workdir/hadoop-ozone/integration-test/target/test-dir/MiniOzoneClusterImpl-9bfdac0f-0aca-46f5-97b6-b623c9f6701c/datanode-3/data/ratis/e2f82473-825e-438f-b2b7-4d6d1c39dc96/current/log_inprogress_0
2019-10-10 07:13:23,026 [Thread-2328] INFO  impl.FollowerState (FollowerState.java:run(108)) - b280fbec-e7f2-40b9-b98c-195768dab95b@group-B94FAD83E438-FollowerState: change to CANDIDATE, lastRpcTime:5060ms, electionTimeout:5060ms
2019-10-10 07:13:23,026 [Thread-2328] INFO  impl.RoleInfo (RoleInfo.java:shutdownFollowerState(121)) - b280fbec-e7f2-40b9-b98c-195768dab95b: shutdown FollowerState
2019-10-10 07:13:23,026 [Thread-2328] INFO  impl.RaftServerImpl (RaftServerImpl.java:setRole(170)) - b280fbec-e7f2-40b9-b98c-195768dab95b@group-B94FAD83E438: changes role from  FOLLOWER to CANDIDATE at term 0 for changeToCandidate
2019-10-10 07:13:23,026 [Thread-2328] INFO  impl.RoleInfo (RoleInfo.java:updateAndGet(143)) - b280fbec-e7f2-40b9-b98c-195768dab95b: start LeaderElection
2019-10-10 07:13:23,033 [5b8bd398-f3eb-47fb-a1df-22e321ff4ecd@group-3A3512E0F91C-SegmentedRaftLogWorker] INFO  segmented.SegmentedRaftLogWorker (SegmentedRaftLogWorker.java:execute(574)) - 5b8bd398-f3eb-47fb-a1df-22e321ff4ecd@group-3A3512E0F91C-SegmentedRaftLogWorker: created new log segment /workdir/hadoop-ozone/integration-test/target/test-dir/MiniOzoneClusterImpl-9bfdac0f-0aca-46f5-97b6-b623c9f6701c/datanode-1/data/ratis/f75dfa7e-f652-4576-891a-3a3512e0f91c/current/log_inprogress_0
2019-10-10 07:13:23,033 [0067d567-1cf8-422e-b836-7c9e21103321@group-3A3512E0F91C-SegmentedRaftLogWorker] INFO  segmented.SegmentedRaftLogWorker (SegmentedRaftLogWorker.java:execute(574)) - 0067d567-1cf8-422e-b836-7c9e21103321@group-3A3512E0F91C-SegmentedRaftLogWorker: created new log segment /workdir/hadoop-ozone/integration-test/target/test-dir/MiniOzoneClusterImpl-9bfdac0f-0aca-46f5-97b6-b623c9f6701c/datanode-2/data/ratis/f75dfa7e-f652-4576-891a-3a3512e0f91c/current/log_inprogress_0
2019-10-10 07:13:23,046 [b280fbec-e7f2-40b9-b98c-195768dab95b@group-B94FAD83E438-LeaderElection67] INFO  impl.LeaderElection (LeaderElection.java:askForVotes(178)) - b280fbec-e7f2-40b9-b98c-195768dab95b@group-B94FAD83E438-LeaderElection67: begin an election at term 1 for -1: [b280fbec-e7f2-40b9-b98c-195768dab95b:192.168.30.31:42422], old=null
2019-10-10 07:13:23,046 [b280fbec-e7f2-40b9-b98c-195768dab95b@group-B94FAD83E438-LeaderElection67] INFO  impl.RoleInfo (RoleInfo.java:shutdownLeaderElection(134)) - b280fbec-e7f2-40b9-b98c-195768dab95b: shutdown LeaderElection
2019-10-10 07:13:23,046 [b280fbec-e7f2-40b9-b98c-195768dab95b@group-B94FAD83E438-LeaderElection67] INFO  impl.RaftServerImpl (RaftServerImpl.java:setRole(170)) - b280fbec-e7f2-40b9-b98c-195768dab95b@group-B94FAD83E438: changes role from CANDIDATE to LEADER at term 1 for changeToLeader
2019-10-10 07:13:23,046 [b280fbec-e7f2-40b9-b98c-195768dab95b@group-B94FAD83E438-LeaderElection67] INFO  impl.RaftServerImpl (ServerState.java:setLeader(255)) - b280fbec-e7f2-40b9-b98c-195768dab95b@group-B94FAD83E438: change Leader from null to b280fbec-e7f2-40b9-b98c-195768dab95b at term 1 for becomeLeader, leader elected after 5086ms
2019-10-10 07:13:23,046 [b280fbec-e7f2-40b9-b98c-195768dab95b@group-B94FAD83E438-LeaderElection67] INFO  server.RaftServerConfigKeys (ConfUtils.java:logGet(43)) - raft.server.staging.catchup.gap = 1000 (default)
2019-10-10 07:13:23,046 [b280fbec-e7f2-40b9-b98c-195768dab95b@group-B94FAD83E438-LeaderElection67] INFO  server.RaftServerConfigKeys (ConfUtils.java:logGet(43)) - raft.server.rpc.sleep.time = 25ms (default)
2019-10-10 07:13:23,047 [b280fbec-e7f2-40b9-b98c-195768dab95b@group-B94FAD83E438-LeaderElection67] INFO  server.RaftServerConfigKeys (ConfUtils.java:logGet(43)) - raft.server.write.element-limit = 4096 (default)
2019-10-10 07:13:23,047 [b280fbec-e7f2-40b9-b98c-195768dab95b@group-B94FAD83E438-LeaderElection67] INFO  server.RaftServerConfigKeys (ConfUtils.java:logGet(43)) - raft.server.watch.timeout = 10s (default)
2019-10-10 07:13:23,047 [b280fbec-e7f2-40b9-b98c-195768dab95b@group-B94FAD83E438-LeaderElection67] INFO  server.RaftServerConfigKeys (ConfUtils.java:logGet(43)) - raft.server.watch.timeout.denomination = 1s (default)
2019-10-10 07:13:23,047 [b280fbec-e7f2-40b9-b98c-195768dab95b@group-B94FAD83E438-LeaderElection67] INFO  server.RaftServerConfigKeys (ConfUtils.java:logGet(43)) - raft.server.watch.element-limit = 65536 (default)
2019-10-10 07:13:23,048 [b280fbec-e7f2-40b9-b98c-195768dab95b@group-B94FAD83E438-LeaderElection67] INFO  impl.RoleInfo (RoleInfo.java:updateAndGet(143)) - b280fbec-e7f2-40b9-b98c-195768dab95b: start LeaderState
2019-10-10 07:13:23,049 [b280fbec-e7f2-40b9-b98c-195768dab95b@group-B94FAD83E438-LeaderElection67] INFO  segmented.SegmentedRaftLogWorker (SegmentedRaftLogWorker.java:startLogSegment(385)) - b280fbec-e7f2-40b9-b98c-195768dab95b@group-B94FAD83E438-SegmentedRaftLogWorker: Starting segment from index:0
2019-10-10 07:13:23,049 [b280fbec-e7f2-40b9-b98c-195768dab95b@group-B94FAD83E438-LeaderElection67] INFO  impl.RaftServerImpl (ServerState.java:setRaftConf(356)) - b280fbec-e7f2-40b9-b98c-195768dab95b@group-B94FAD83E438: set configuration 0: [b280fbec-e7f2-40b9-b98c-195768dab95b:192.168.30.31:42422], old=null at 0
2019-10-10 07:13:23,092 [Thread-2325] INFO  impl.FollowerState (FollowerState.java:run(108)) - c4af4310-e5c5-443d-8068-3f85f9975672@group-C3CDC1B2E2F5-FollowerState: change to CANDIDATE, lastRpcTime:5183ms, electionTimeout:5183ms
2019-10-10 07:13:23,092 [Thread-2325] INFO  impl.RoleInfo (RoleInfo.java:shutdownFollowerState(121)) - c4af4310-e5c5-443d-8068-3f85f9975672: shutdown FollowerState
2019-10-10 07:13:23,092 [Thread-2325] INFO  impl.RaftServerImpl (RaftServerImpl.java:setRole(170)) - c4af4310-e5c5-443d-8068-3f85f9975672@group-C3CDC1B2E2F5: changes role from  FOLLOWER to CANDIDATE at term 0 for changeToCandidate
2019-10-10 07:13:23,092 [Thread-2325] INFO  impl.RoleInfo (RoleInfo.java:updateAndGet(143)) - c4af4310-e5c5-443d-8068-3f85f9975672: start LeaderElection
2019-10-10 07:13:23,096 [b280fbec-e7f2-40b9-b98c-195768dab95b@group-B94FAD83E438-SegmentedRaftLogWorker] INFO  segmented.SegmentedRaftLogWorker (SegmentedRaftLogWorker.java:execute(574)) - b280fbec-e7f2-40b9-b98c-195768dab95b@group-B94FAD83E438-SegmentedRaftLogWorker: created new log segment /workdir/hadoop-ozone/integration-test/target/test-dir/MiniOzoneClusterImpl-9bfdac0f-0aca-46f5-97b6-b623c9f6701c/datanode-5/data/ratis/fd48234a-7f37-4c04-b495-b94fad83e438/current/log_inprogress_0
2019-10-10 07:13:23,115 [c4af4310-e5c5-443d-8068-3f85f9975672@group-C3CDC1B2E2F5-LeaderElection68] INFO  impl.LeaderElection (LeaderElection.java:askForVotes(178)) - c4af4310-e5c5-443d-8068-3f85f9975672@group-C3CDC1B2E2F5-LeaderElection68: begin an election at term 1 for -1: [c4af4310-e5c5-443d-8068-3f85f9975672:192.168.30.31:34173], old=null
2019-10-10 07:13:23,116 [c4af4310-e5c5-443d-8068-3f85f9975672@group-C3CDC1B2E2F5-LeaderElection68] INFO  impl.RoleInfo (RoleInfo.java:shutdownLeaderElection(134)) - c4af4310-e5c5-443d-8068-3f85f9975672: shutdown LeaderElection
2019-10-10 07:13:23,116 [c4af4310-e5c5-443d-8068-3f85f9975672@group-C3CDC1B2E2F5-LeaderElection68] INFO  impl.RaftServerImpl (RaftServerImpl.java:setRole(170)) - c4af4310-e5c5-443d-8068-3f85f9975672@group-C3CDC1B2E2F5: changes role from CANDIDATE to LEADER at term 1 for changeToLeader
2019-10-10 07:13:23,116 [c4af4310-e5c5-443d-8068-3f85f9975672@group-C3CDC1B2E2F5-LeaderElection68] INFO  impl.RaftServerImpl (ServerState.java:setLeader(255)) - c4af4310-e5c5-443d-8068-3f85f9975672@group-C3CDC1B2E2F5: change Leader from null to c4af4310-e5c5-443d-8068-3f85f9975672 at term 1 for becomeLeader, leader elected after 5214ms
2019-10-10 07:13:23,116 [c4af4310-e5c5-443d-8068-3f85f9975672@group-C3CDC1B2E2F5-LeaderElection68] INFO  server.RaftServerConfigKeys (ConfUtils.java:logGet(43)) - raft.server.staging.catchup.gap = 1000 (default)
2019-10-10 07:13:23,116 [c4af4310-e5c5-443d-8068-3f85f9975672@group-C3CDC1B2E2F5-LeaderElection68] INFO  server.RaftServerConfigKeys (ConfUtils.java:logGet(43)) - raft.server.rpc.sleep.time = 25ms (default)
2019-10-10 07:13:23,116 [c4af4310-e5c5-443d-8068-3f85f9975672@group-C3CDC1B2E2F5-LeaderElection68] INFO  server.RaftServerConfigKeys (ConfUtils.java:logGet(43)) - raft.server.write.element-limit = 4096 (default)
2019-10-10 07:13:23,117 [c4af4310-e5c5-443d-8068-3f85f9975672@group-C3CDC1B2E2F5-LeaderElection68] INFO  server.RaftServerConfigKeys (ConfUtils.java:logGet(43)) - raft.server.watch.timeout = 10s (default)
2019-10-10 07:13:23,117 [c4af4310-e5c5-443d-8068-3f85f9975672@group-C3CDC1B2E2F5-LeaderElection68] INFO  server.RaftServerConfigKeys (ConfUtils.java:logGet(43)) - raft.server.watch.timeout.denomination = 1s (default)
2019-10-10 07:13:23,117 [c4af4310-e5c5-443d-8068-3f85f9975672@group-C3CDC1B2E2F5-LeaderElection68] INFO  server.RaftServerConfigKeys (ConfUtils.java:logGet(43)) - raft.server.watch.element-limit = 65536 (default)
2019-10-10 07:13:23,119 [c4af4310-e5c5-443d-8068-3f85f9975672@group-C3CDC1B2E2F5-LeaderElection68] INFO  impl.RoleInfo (RoleInfo.java:updateAndGet(143)) - c4af4310-e5c5-443d-8068-3f85f9975672: start LeaderState
2019-10-10 07:13:23,120 [c4af4310-e5c5-443d-8068-3f85f9975672@group-C3CDC1B2E2F5-LeaderElection68] INFO  segmented.SegmentedRaftLogWorker (SegmentedRaftLogWorker.java:startLogSegment(385)) - c4af4310-e5c5-443d-8068-3f85f9975672@group-C3CDC1B2E2F5-SegmentedRaftLogWorker: Starting segment from index:0
2019-10-10 07:13:23,121 [c4af4310-e5c5-443d-8068-3f85f9975672@group-C3CDC1B2E2F5-LeaderElection68] INFO  impl.RaftServerImpl (ServerState.java:setRaftConf(356)) - c4af4310-e5c5-443d-8068-3f85f9975672@group-C3CDC1B2E2F5: set configuration 0: [c4af4310-e5c5-443d-8068-3f85f9975672:192.168.30.31:34173], old=null at 0
2019-10-10 07:13:23,171 [c4af4310-e5c5-443d-8068-3f85f9975672@group-C3CDC1B2E2F5-SegmentedRaftLogWorker] INFO  segmented.SegmentedRaftLogWorker (SegmentedRaftLogWorker.java:execute(574)) - c4af4310-e5c5-443d-8068-3f85f9975672@group-C3CDC1B2E2F5-SegmentedRaftLogWorker: created new log segment /workdir/hadoop-ozone/integration-test/target/test-dir/MiniOzoneClusterImpl-9bfdac0f-0aca-46f5-97b6-b623c9f6701c/datanode-4/data/ratis/fe297473-f883-4126-a9f4-c3cdc1b2e2f5/current/log_inprogress_0
2019-10-10 07:13:23,223 [Thread-2337] INFO  impl.FollowerState (FollowerState.java:run(108)) - 74cd5fb0-5f73-46dd-b6f0-e4ade7569d7d@group-0B99A3E9DC70-FollowerState: change to CANDIDATE, lastRpcTime:5163ms, electionTimeout:5163ms
2019-10-10 07:13:23,223 [Thread-2337] INFO  impl.RoleInfo (RoleInfo.java:shutdownFollowerState(121)) - 74cd5fb0-5f73-46dd-b6f0-e4ade7569d7d: shutdown FollowerState
2019-10-10 07:13:23,223 [Thread-2337] INFO  impl.RaftServerImpl (RaftServerImpl.java:setRole(170)) - 74cd5fb0-5f73-46dd-b6f0-e4ade7569d7d@group-0B99A3E9DC70: changes role from  FOLLOWER to CANDIDATE at term 0 for changeToCandidate
2019-10-10 07:13:23,223 [Thread-2337] INFO  impl.RoleInfo (RoleInfo.java:updateAndGet(143)) - 74cd5fb0-5f73-46dd-b6f0-e4ade7569d7d: start LeaderElection
2019-10-10 07:13:23,232 [Thread-2338] INFO  impl.FollowerState (FollowerState.java:run(108)) - c4af4310-e5c5-443d-8068-3f85f9975672@group-0B99A3E9DC70-FollowerState: change to CANDIDATE, lastRpcTime:5172ms, electionTimeout:5172ms
2019-10-10 07:13:23,232 [Thread-2338] INFO  impl.RoleInfo (RoleInfo.java:shutdownFollowerState(121)) - c4af4310-e5c5-443d-8068-3f85f9975672: shutdown FollowerState
2019-10-10 07:13:23,232 [Thread-2338] INFO  impl.RaftServerImpl (RaftServerImpl.java:setRole(170)) - c4af4310-e5c5-443d-8068-3f85f9975672@group-0B99A3E9DC70: changes role from  FOLLOWER to CANDIDATE at term 0 for changeToCandidate
2019-10-10 07:13:23,232 [Thread-2338] INFO  impl.RoleInfo (RoleInfo.java:updateAndGet(143)) - c4af4310-e5c5-443d-8068-3f85f9975672: start LeaderElection
2019-10-10 07:13:23,238 [Thread-2333] INFO  impl.FollowerState (FollowerState.java:run(108)) - b280fbec-e7f2-40b9-b98c-195768dab95b@group-0B99A3E9DC70-FollowerState: change to CANDIDATE, lastRpcTime:5184ms, electionTimeout:5182ms
2019-10-10 07:13:23,238 [Thread-2333] INFO  impl.RoleInfo (RoleInfo.java:shutdownFollowerState(121)) - b280fbec-e7f2-40b9-b98c-195768dab95b: shutdown FollowerState
2019-10-10 07:13:23,238 [Thread-2333] INFO  impl.RaftServerImpl (RaftServerImpl.java:setRole(170)) - b280fbec-e7f2-40b9-b98c-195768dab95b@group-0B99A3E9DC70: changes role from  FOLLOWER to CANDIDATE at term 0 for changeToCandidate
2019-10-10 07:13:23,238 [Thread-2333] INFO  impl.RoleInfo (RoleInfo.java:updateAndGet(143)) - b280fbec-e7f2-40b9-b98c-195768dab95b: start LeaderElection
2019-10-10 07:13:23,260 [b280fbec-e7f2-40b9-b98c-195768dab95b@group-0B99A3E9DC70-LeaderElection71] INFO  impl.LeaderElection (LeaderElection.java:askForVotes(178)) - b280fbec-e7f2-40b9-b98c-195768dab95b@group-0B99A3E9DC70-LeaderElection71: begin an election at term 1 for -1: [b280fbec-e7f2-40b9-b98c-195768dab95b:192.168.30.31:42422, c4af4310-e5c5-443d-8068-3f85f9975672:192.168.30.31:34173, 74cd5fb0-5f73-46dd-b6f0-e4ade7569d7d:192.168.30.31:43975], old=null
2019-10-10 07:13:23,260 [74cd5fb0-5f73-46dd-b6f0-e4ade7569d7d@group-0B99A3E9DC70-LeaderElection69] INFO  impl.LeaderElection (LeaderElection.java:askForVotes(178)) - 74cd5fb0-5f73-46dd-b6f0-e4ade7569d7d@group-0B99A3E9DC70-LeaderElection69: begin an election at term 1 for -1: [b280fbec-e7f2-40b9-b98c-195768dab95b:192.168.30.31:42422, c4af4310-e5c5-443d-8068-3f85f9975672:192.168.30.31:34173, 74cd5fb0-5f73-46dd-b6f0-e4ade7569d7d:192.168.30.31:43975], old=null
2019-10-10 07:13:23,261 [c4af4310-e5c5-443d-8068-3f85f9975672@group-0B99A3E9DC70-LeaderElection70] INFO  impl.LeaderElection (LeaderElection.java:askForVotes(178)) - c4af4310-e5c5-443d-8068-3f85f9975672@group-0B99A3E9DC70-LeaderElection70: begin an election at term 1 for -1: [b280fbec-e7f2-40b9-b98c-195768dab95b:192.168.30.31:42422, c4af4310-e5c5-443d-8068-3f85f9975672:192.168.30.31:34173, 74cd5fb0-5f73-46dd-b6f0-e4ade7569d7d:192.168.30.31:43975], old=null
2019-10-10 07:13:23,270 [74cd5fb0-5f73-46dd-b6f0-e4ade7569d7d@group-0B99A3E9DC70-LeaderElection69] INFO  impl.LeaderElection (LeaderElection.java:logAndReturn(56)) - 74cd5fb0-5f73-46dd-b6f0-e4ade7569d7d@group-0B99A3E9DC70-LeaderElection69: Election REJECTED; received 2 response(s) [74cd5fb0-5f73-46dd-b6f0-e4ade7569d7d<-b280fbec-e7f2-40b9-b98c-195768dab95b#0:FAIL-t1, 74cd5fb0-5f73-46dd-b6f0-e4ade7569d7d<-c4af4310-e5c5-443d-8068-3f85f9975672#0:FAIL-t1] and 0 exception(s); 74cd5fb0-5f73-46dd-b6f0-e4ade7569d7d@group-0B99A3E9DC70:t1, leader=null, voted=74cd5fb0-5f73-46dd-b6f0-e4ade7569d7d, raftlog=74cd5fb0-5f73-46dd-b6f0-e4ade7569d7d@group-0B99A3E9DC70-SegmentedRaftLog:OPENED:c-1,f-1,i0, conf=-1: [b280fbec-e7f2-40b9-b98c-195768dab95b:192.168.30.31:42422, c4af4310-e5c5-443d-8068-3f85f9975672:192.168.30.31:34173, 74cd5fb0-5f73-46dd-b6f0-e4ade7569d7d:192.168.30.31:43975], old=null
2019-10-10 07:13:23,270 [74cd5fb0-5f73-46dd-b6f0-e4ade7569d7d@group-0B99A3E9DC70-LeaderElection69] INFO  impl.RaftServerImpl (RaftServerImpl.java:setRole(170)) - 74cd5fb0-5f73-46dd-b6f0-e4ade7569d7d@group-0B99A3E9DC70: changes role from CANDIDATE to FOLLOWER at term 1 for DISCOVERED_A_NEW_TERM
2019-10-10 07:13:23,270 [74cd5fb0-5f73-46dd-b6f0-e4ade7569d7d@group-0B99A3E9DC70-LeaderElection69] INFO  impl.RoleInfo (RoleInfo.java:shutdownLeaderElection(134)) - 74cd5fb0-5f73-46dd-b6f0-e4ade7569d7d: shutdown LeaderElection
2019-10-10 07:13:23,271 [74cd5fb0-5f73-46dd-b6f0-e4ade7569d7d@group-0B99A3E9DC70-LeaderElection69] INFO  impl.RoleInfo (RoleInfo.java:updateAndGet(143)) - 74cd5fb0-5f73-46dd-b6f0-e4ade7569d7d: start FollowerState
2019-10-10 07:13:23,271 [c4af4310-e5c5-443d-8068-3f85f9975672@group-0B99A3E9DC70-LeaderElection70] INFO  impl.LeaderElection (LeaderElection.java:logAndReturn(56)) - c4af4310-e5c5-443d-8068-3f85f9975672@group-0B99A3E9DC70-LeaderElection70: Election REJECTED; received 2 response(s) [c4af4310-e5c5-443d-8068-3f85f9975672<-b280fbec-e7f2-40b9-b98c-195768dab95b#0:FAIL-t1, c4af4310-e5c5-443d-8068-3f85f9975672<-74cd5fb0-5f73-46dd-b6f0-e4ade7569d7d#0:FAIL-t1] and 0 exception(s); c4af4310-e5c5-443d-8068-3f85f9975672@group-0B99A3E9DC70:t1, leader=null, voted=c4af4310-e5c5-443d-8068-3f85f9975672, raftlog=c4af4310-e5c5-443d-8068-3f85f9975672@group-0B99A3E9DC70-SegmentedRaftLog:OPENED:c-1,f-1,i0, conf=-1: [b280fbec-e7f2-40b9-b98c-195768dab95b:192.168.30.31:42422, c4af4310-e5c5-443d-8068-3f85f9975672:192.168.30.31:34173, 74cd5fb0-5f73-46dd-b6f0-e4ade7569d7d:192.168.30.31:43975], old=null
2019-10-10 07:13:23,271 [b280fbec-e7f2-40b9-b98c-195768dab95b@group-0B99A3E9DC70-LeaderElection71] INFO  impl.LeaderElection (LeaderElection.java:logAndReturn(56)) - b280fbec-e7f2-40b9-b98c-195768dab95b@group-0B99A3E9DC70-LeaderElection71: Election REJECTED; received 2 response(s) [b280fbec-e7f2-40b9-b98c-195768dab95b<-c4af4310-e5c5-443d-8068-3f85f9975672#0:FAIL-t1, b280fbec-e7f2-40b9-b98c-195768dab95b<-74cd5fb0-5f73-46dd-b6f0-e4ade7569d7d#0:FAIL-t1] and 0 exception(s); b280fbec-e7f2-40b9-b98c-195768dab95b@group-0B99A3E9DC70:t1, leader=null, voted=b280fbec-e7f2-40b9-b98c-195768dab95b, raftlog=b280fbec-e7f2-40b9-b98c-195768dab95b@group-0B99A3E9DC70-SegmentedRaftLog:OPENED:c-1,f-1,i0, conf=-1: [b280fbec-e7f2-40b9-b98c-195768dab95b:192.168.30.31:42422, c4af4310-e5c5-443d-8068-3f85f9975672:192.168.30.31:34173, 74cd5fb0-5f73-46dd-b6f0-e4ade7569d7d:192.168.30.31:43975], old=null
2019-10-10 07:13:23,274 [c4af4310-e5c5-443d-8068-3f85f9975672@group-0B99A3E9DC70-LeaderElection70] INFO  impl.RaftServerImpl (RaftServerImpl.java:setRole(170)) - c4af4310-e5c5-443d-8068-3f85f9975672@group-0B99A3E9DC70: changes role from CANDIDATE to FOLLOWER at term 1 for DISCOVERED_A_NEW_TERM
2019-10-10 07:13:23,277 [b280fbec-e7f2-40b9-b98c-195768dab95b@group-0B99A3E9DC70-LeaderElection71] INFO  impl.RaftServerImpl (RaftServerImpl.java:setRole(170)) - b280fbec-e7f2-40b9-b98c-195768dab95b@group-0B99A3E9DC70: changes role from CANDIDATE to FOLLOWER at term 1 for DISCOVERED_A_NEW_TERM
2019-10-10 07:13:23,277 [c4af4310-e5c5-443d-8068-3f85f9975672@group-0B99A3E9DC70-LeaderElection70] INFO  impl.RoleInfo (RoleInfo.java:shutdownLeaderElection(134)) - c4af4310-e5c5-443d-8068-3f85f9975672: shutdown LeaderElection
2019-10-10 07:13:23,280 [b280fbec-e7f2-40b9-b98c-195768dab95b@group-0B99A3E9DC70-LeaderElection71] INFO  impl.RoleInfo (RoleInfo.java:shutdownLeaderElection(134)) - b280fbec-e7f2-40b9-b98c-195768dab95b: shutdown LeaderElection
2019-10-10 07:13:23,281 [c4af4310-e5c5-443d-8068-3f85f9975672@group-0B99A3E9DC70-LeaderElection70] INFO  impl.RoleInfo (RoleInfo.java:updateAndGet(143)) - c4af4310-e5c5-443d-8068-3f85f9975672: start FollowerState
2019-10-10 07:13:23,281 [b280fbec-e7f2-40b9-b98c-195768dab95b@group-0B99A3E9DC70-LeaderElection71] INFO  impl.RoleInfo (RoleInfo.java:updateAndGet(143)) - b280fbec-e7f2-40b9-b98c-195768dab95b: start FollowerState
2019-10-10 07:13:23,325 [Datanode State Machine Thread - 0] INFO  statemachine.DatanodeStateMachine (DatanodeStateMachine.java:lambda$startDaemon$0(350)) - Ozone container server started.
2019-10-10 07:13:28,310 [main] INFO  ozoneimpl.OzoneContainer (OzoneContainer.java:stop(227)) - Attempting to stop container services.
2019-10-10 07:13:28,311 [main] INFO  impl.RaftServerProxy (RaftServerProxy.java:lambda$close$4(314)) - 5b8bd398-f3eb-47fb-a1df-22e321ff4ecd: close
2019-10-10 07:13:28,312 [main] INFO  impl.RaftServerImpl (RaftServerImpl.java:lambda$shutdown$3(247)) - 5b8bd398-f3eb-47fb-a1df-22e321ff4ecd@group-3A3512E0F91C: shutdown
2019-10-10 07:13:28,312 [ForkJoinPool.commonPool-worker-1] INFO  impl.RaftServerImpl (RaftServerImpl.java:lambda$shutdown$3(247)) - 5b8bd398-f3eb-47fb-a1df-22e321ff4ecd@group-1095F9C936B6: shutdown
2019-10-10 07:13:28,312 [main] INFO  util.JmxRegister (JmxRegister.java:unregister(73)) - Successfully un-registered JMX Bean with object name Ratis:service=RaftServer,group=group-3A3512E0F91C,id=5b8bd398-f3eb-47fb-a1df-22e321ff4ecd
2019-10-10 07:13:28,313 [Thread-2396] INFO  impl.FollowerState (FollowerState.java:run(108)) - 74cd5fb0-5f73-46dd-b6f0-e4ade7569d7d@group-0B99A3E9DC70-FollowerState: change to CANDIDATE, lastRpcTime:5042ms, electionTimeout:5032ms
2019-10-10 07:13:28,313 [ForkJoinPool.commonPool-worker-1] INFO  util.JmxRegister (JmxRegister.java:unregister(73)) - Successfully un-registered JMX Bean with object name Ratis:service=RaftServer,group=group-1095F9C936B6,id=5b8bd398-f3eb-47fb-a1df-22e321ff4ecd
2019-10-10 07:13:28,313 [Thread-2396] INFO  impl.RoleInfo (RoleInfo.java:shutdownFollowerState(121)) - 74cd5fb0-5f73-46dd-b6f0-e4ade7569d7d: shutdown FollowerState
2019-10-10 07:13:28,313 [main] INFO  impl.RoleInfo (RoleInfo.java:shutdownFollowerState(121)) - 5b8bd398-f3eb-47fb-a1df-22e321ff4ecd: shutdown FollowerState
2019-10-10 07:13:28,313 [Thread-2396] INFO  impl.RaftServerImpl (RaftServerImpl.java:setRole(170)) - 74cd5fb0-5f73-46dd-b6f0-e4ade7569d7d@group-0B99A3E9DC70: changes role from  FOLLOWER to CANDIDATE at term 1 for changeToCandidate
2019-10-10 07:13:28,313 [ForkJoinPool.commonPool-worker-1] INFO  impl.RoleInfo (RoleInfo.java:shutdownLeaderState(104)) - 5b8bd398-f3eb-47fb-a1df-22e321ff4ecd: shutdown LeaderState
2019-10-10 07:13:28,314 [Thread-2396] INFO  impl.RoleInfo (RoleInfo.java:updateAndGet(143)) - 74cd5fb0-5f73-46dd-b6f0-e4ade7569d7d: start LeaderElection
2019-10-10 07:13:28,314 [Thread-2364] INFO  impl.FollowerState (FollowerState.java:run(117)) - 5b8bd398-f3eb-47fb-a1df-22e321ff4ecd@group-3A3512E0F91C-FollowerState was interrupted: java.lang.InterruptedException: sleep interrupted
2019-10-10 07:13:28,313 [main] INFO  impl.StateMachineUpdater (StateMachineUpdater.java:stopAndJoin(136)) - 5b8bd398-f3eb-47fb-a1df-22e321ff4ecd@group-3A3512E0F91C-StateMachineUpdater: set stopIndex = 2
2019-10-10 07:13:28,314 [ForkJoinPool.commonPool-worker-1] INFO  impl.PendingRequests (PendingRequests.java:sendNotLeaderResponses(202)) - 5b8bd398-f3eb-47fb-a1df-22e321ff4ecd@group-1095F9C936B6-PendingRequests: sendNotLeaderResponses
2019-10-10 07:13:28,314 [5b8bd398-f3eb-47fb-a1df-22e321ff4ecd@group-3A3512E0F91C-StateMachineUpdater] INFO  ratis.ContainerStateMachine (ContainerStateMachine.java:takeSnapshot(294)) - group-3A3512E0F91C: Taking a snapshot at:(t:1, i:1) file /workdir/hadoop-ozone/integration-test/target/test-dir/MiniOzoneClusterImpl-9bfdac0f-0aca-46f5-97b6-b623c9f6701c/datanode-1/data/ratis/f75dfa7e-f652-4576-891a-3a3512e0f91c/sm/snapshot.1_1
2019-10-10 07:13:28,321 [ForkJoinPool.commonPool-worker-1] INFO  impl.StateMachineUpdater (StateMachineUpdater.java:stopAndJoin(136)) - 5b8bd398-f3eb-47fb-a1df-22e321ff4ecd@group-1095F9C936B6-StateMachineUpdater: set stopIndex = 0
2019-10-10 07:13:28,321 [ForkJoinPool.commonPool-worker-1] INFO  impl.RaftServerImpl (ServerState.java:close(387)) - 5b8bd398-f3eb-47fb-a1df-22e321ff4ecd@group-1095F9C936B6: closes. applyIndex: 0
2019-10-10 07:13:28,322 [5b8bd398-f3eb-47fb-a1df-22e321ff4ecd@group-1095F9C936B6-SegmentedRaftLogWorker] INFO  segmented.SegmentedRaftLogWorker (SegmentedRaftLogWorker.java:run(316)) - 5b8bd398-f3eb-47fb-a1df-22e321ff4ecd@group-1095F9C936B6-SegmentedRaftLogWorker was interrupted, exiting. There are 0 tasks remaining in the queue.
2019-10-10 07:13:28,324 [ForkJoinPool.commonPool-worker-1] INFO  segmented.SegmentedRaftLogWorker (SegmentedRaftLogWorker.java:close(224)) - 5b8bd398-f3eb-47fb-a1df-22e321ff4ecd@group-1095F9C936B6-SegmentedRaftLogWorker close()
2019-10-10 07:13:28,335 [5b8bd398-f3eb-47fb-a1df-22e321ff4ecd@group-3A3512E0F91C-StateMachineUpdater] INFO  ratis.ContainerStateMachine (ContainerStateMachine.java:takeSnapshot(305)) - group-3A3512E0F91C: Finished taking a snapshot at:(t:1, i:1) file:/workdir/hadoop-ozone/integration-test/target/test-dir/MiniOzoneClusterImpl-9bfdac0f-0aca-46f5-97b6-b623c9f6701c/datanode-1/data/ratis/f75dfa7e-f652-4576-891a-3a3512e0f91c/sm/snapshot.1_1 time:21
2019-10-10 07:13:28,335 [74cd5fb0-5f73-46dd-b6f0-e4ade7569d7d@group-0B99A3E9DC70-LeaderElection72] INFO  impl.LeaderElection (LeaderElection.java:askForVotes(178)) - 74cd5fb0-5f73-46dd-b6f0-e4ade7569d7d@group-0B99A3E9DC70-LeaderElection72: begin an election at term 2 for -1: [b280fbec-e7f2-40b9-b98c-195768dab95b:192.168.30.31:42422, c4af4310-e5c5-443d-8068-3f85f9975672:192.168.30.31:34173, 74cd5fb0-5f73-46dd-b6f0-e4ade7569d7d:192.168.30.31:43975], old=null
2019-10-10 07:13:28,335 [5b8bd398-f3eb-47fb-a1df-22e321ff4ecd@group-3A3512E0F91C-StateMachineUpdater] INFO  impl.StateMachineUpdater (StateMachineUpdater.java:takeSnapshot(269)) - 5b8bd398-f3eb-47fb-a1df-22e321ff4ecd@group-3A3512E0F91C-StateMachineUpdater: Took a snapshot at index 1
2019-10-10 07:13:28,336 [5b8bd398-f3eb-47fb-a1df-22e321ff4ecd@group-3A3512E0F91C-StateMachineUpdater] INFO  impl.StateMachineUpdater (StateMachineUpdater.java:lambda$new$0(84)) - 5b8bd398-f3eb-47fb-a1df-22e321ff4ecd@group-3A3512E0F91C-StateMachineUpdater: snapshotIndex: updateIncreasingly -1 -> 1
2019-10-10 07:13:28,336 [5b8bd398-f3eb-47fb-a1df-22e321ff4ecd@group-3A3512E0F91C-StateMachineUpdater] INFO  ratis.ContainerStateMachine (ContainerStateMachine.java:takeSnapshot(294)) - group-3A3512E0F91C: Taking a snapshot at:(t:1, i:1) file /workdir/hadoop-ozone/integration-test/target/test-dir/MiniOzoneClusterImpl-9bfdac0f-0aca-46f5-97b6-b623c9f6701c/datanode-1/data/ratis/f75dfa7e-f652-4576-891a-3a3512e0f91c/sm/snapshot.1_1
2019-10-10 07:13:28,339 [grpc-default-executor-3] INFO  impl.RaftServerImpl (RaftServerImpl.java:setRole(170)) - b280fbec-e7f2-40b9-b98c-195768dab95b@group-0B99A3E9DC70: changes role from  FOLLOWER to FOLLOWER at term 2 for recognizeCandidate:74cd5fb0-5f73-46dd-b6f0-e4ade7569d7d
2019-10-10 07:13:28,339 [grpc-default-executor-7] INFO  impl.RaftServerImpl (RaftServerImpl.java:setRole(170)) - c4af4310-e5c5-443d-8068-3f85f9975672@group-0B99A3E9DC70: changes role from  FOLLOWER to FOLLOWER at term 2 for recognizeCandidate:74cd5fb0-5f73-46dd-b6f0-e4ade7569d7d
2019-10-10 07:13:28,340 [grpc-default-executor-3] INFO  impl.RoleInfo (RoleInfo.java:shutdownFollowerState(121)) - b280fbec-e7f2-40b9-b98c-195768dab95b: shutdown FollowerState
2019-10-10 07:13:28,340 [grpc-default-executor-7] INFO  impl.RoleInfo (RoleInfo.java:shutdownFollowerState(121)) - c4af4310-e5c5-443d-8068-3f85f9975672: shutdown FollowerState
2019-10-10 07:13:28,340 [grpc-default-executor-3] INFO  impl.RoleInfo (RoleInfo.java:updateAndGet(143)) - b280fbec-e7f2-40b9-b98c-195768dab95b: start FollowerState
2019-10-10 07:13:28,340 [Thread-2397] INFO  impl.FollowerState (FollowerState.java:run(117)) - c4af4310-e5c5-443d-8068-3f85f9975672@group-0B99A3E9DC70-FollowerState was interrupted: java.lang.InterruptedException: sleep interrupted
2019-10-10 07:13:28,340 [Thread-2398] INFO  impl.FollowerState (FollowerState.java:run(117)) - b280fbec-e7f2-40b9-b98c-195768dab95b@group-0B99A3E9DC70-FollowerState was interrupted: java.lang.InterruptedException: sleep interrupted
2019-10-10 07:13:28,340 [grpc-default-executor-7] INFO  impl.RoleInfo (RoleInfo.java:updateAndGet(143)) - c4af4310-e5c5-443d-8068-3f85f9975672: start FollowerState
2019-10-10 07:13:28,350 [5b8bd398-f3eb-47fb-a1df-22e321ff4ecd@group-3A3512E0F91C-StateMachineUpdater] INFO  ratis.ContainerStateMachine (ContainerStateMachine.java:takeSnapshot(305)) - group-3A3512E0F91C: Finished taking a snapshot at:(t:1, i:1) file:/workdir/hadoop-ozone/integration-test/target/test-dir/MiniOzoneClusterImpl-9bfdac0f-0aca-46f5-97b6-b623c9f6701c/datanode-1/data/ratis/f75dfa7e-f652-4576-891a-3a3512e0f91c/sm/snapshot.1_1 time:14
2019-10-10 07:13:28,350 [5b8bd398-f3eb-47fb-a1df-22e321ff4ecd@group-3A3512E0F91C-StateMachineUpdater] INFO  impl.StateMachineUpdater (StateMachineUpdater.java:takeSnapshot(269)) - 5b8bd398-f3eb-47fb-a1df-22e321ff4ecd@group-3A3512E0F91C-StateMachineUpdater: Took a snapshot at index 1
2019-10-10 07:13:28,350 [5b8bd398-f3eb-47fb-a1df-22e321ff4ecd@group-3A3512E0F91C-StateMachineUpdater] INFO  impl.StateMachineUpdater (StateMachineUpdater.java:lambda$new$0(84)) - 5b8bd398-f3eb-47fb-a1df-22e321ff4ecd@group-3A3512E0F91C-StateMachineUpdater: snapshotIndex: updateIncreasingly 1 -> 1
2019-10-10 07:13:28,350 [main] INFO  impl.RaftServerImpl (ServerState.java:close(387)) - 5b8bd398-f3eb-47fb-a1df-22e321ff4ecd@group-3A3512E0F91C: closes. applyIndex: 2
2019-10-10 07:13:28,351 [5b8bd398-f3eb-47fb-a1df-22e321ff4ecd@group-3A3512E0F91C-SegmentedRaftLogWorker] INFO  segmented.SegmentedRaftLogWorker (SegmentedRaftLogWorker.java:run(316)) - 5b8bd398-f3eb-47fb-a1df-22e321ff4ecd@group-3A3512E0F91C-SegmentedRaftLogWorker was interrupted, exiting. There are 0 tasks remaining in the queue.
2019-10-10 07:13:28,351 [74cd5fb0-5f73-46dd-b6f0-e4ade7569d7d@group-0B99A3E9DC70-LeaderElection72] INFO  impl.LeaderElection (LeaderElection.java:logAndReturn(56)) - 74cd5fb0-5f73-46dd-b6f0-e4ade7569d7d@group-0B99A3E9DC70-LeaderElection72: Election PASSED; received 1 response(s) [74cd5fb0-5f73-46dd-b6f0-e4ade7569d7d<-b280fbec-e7f2-40b9-b98c-195768dab95b#0:OK-t2] and 0 exception(s); 74cd5fb0-5f73-46dd-b6f0-e4ade7569d7d@group-0B99A3E9DC70:t2, leader=null, voted=74cd5fb0-5f73-46dd-b6f0-e4ade7569d7d, raftlog=74cd5fb0-5f73-46dd-b6f0-e4ade7569d7d@group-0B99A3E9DC70-SegmentedRaftLog:OPENED:c-1,f-1,i0, conf=-1: [b280fbec-e7f2-40b9-b98c-195768dab95b:192.168.30.31:42422, c4af4310-e5c5-443d-8068-3f85f9975672:192.168.30.31:34173, 74cd5fb0-5f73-46dd-b6f0-e4ade7569d7d:192.168.30.31:43975], old=null
2019-10-10 07:13:28,353 [main] INFO  segmented.SegmentedRaftLogWorker (SegmentedRaftLogWorker.java:close(224)) - 5b8bd398-f3eb-47fb-a1df-22e321ff4ecd@group-3A3512E0F91C-SegmentedRaftLogWorker close()
2019-10-10 07:13:28,353 [74cd5fb0-5f73-46dd-b6f0-e4ade7569d7d@group-0B99A3E9DC70-LeaderElection72] INFO  impl.RoleInfo (RoleInfo.java:shutdownLeaderElection(134)) - 74cd5fb0-5f73-46dd-b6f0-e4ade7569d7d: shutdown LeaderElection
2019-10-10 07:13:28,358 [main] INFO  server.GrpcService (GrpcService.java:closeImpl(164)) - 5b8bd398-f3eb-47fb-a1df-22e321ff4ecd: shutdown server with port 45070 now
2019-10-10 07:13:28,358 [74cd5fb0-5f73-46dd-b6f0-e4ade7569d7d@group-0B99A3E9DC70-LeaderElection72] INFO  impl.RaftServerImpl (RaftServerImpl.java:setRole(170)) - 74cd5fb0-5f73-46dd-b6f0-e4ade7569d7d@group-0B99A3E9DC70: changes role from CANDIDATE to LEADER at term 2 for changeToLeader
2019-10-10 07:13:28,358 [74cd5fb0-5f73-46dd-b6f0-e4ade7569d7d@group-0B99A3E9DC70-LeaderElection72] INFO  impl.RaftServerImpl (ServerState.java:setLeader(255)) - 74cd5fb0-5f73-46dd-b6f0-e4ade7569d7d@group-0B99A3E9DC70: change Leader from null to 74cd5fb0-5f73-46dd-b6f0-e4ade7569d7d at term 2 for becomeLeader, leader elected after 10312ms
2019-10-10 07:13:28,359 [grpc-default-executor-3] WARN  server.GrpcServerProtocolService (LogUtils.java:warn(134)) - 5b8bd398-f3eb-47fb-a1df-22e321ff4ecd: installSnapshot onError, lastRequest: 26aad93a-7503-45f5-9023-3e4c6d420244->5b8bd398-f3eb-47fb-a1df-22e321ff4ecd#5-t1, previous=(t:1, i:2), leaderCommit=2, initializing? false, entries: <empty>: org.apache.ratis.thirdparty.io.grpc.StatusRuntimeException: CANCELLED: cancelled before receiving half close
2019-10-10 07:13:28,359 [74cd5fb0-5f73-46dd-b6f0-e4ade7569d7d@group-0B99A3E9DC70-LeaderElection72] INFO  server.RaftServerConfigKeys (ConfUtils.java:logGet(43)) - raft.server.staging.catchup.gap = 1000 (default)
2019-10-10 07:13:28,359 [grpc-default-executor-7] WARN  server.GrpcLogAppender (LogUtils.java:warn(134)) - 26aad93a-7503-45f5-9023-3e4c6d420244@group-3A3512E0F91C->5b8bd398-f3eb-47fb-a1df-22e321ff4ecd-AppendLogResponseHandler: Failed appendEntries: org.apache.ratis.thirdparty.io.grpc.StatusRuntimeException: CANCELLED: HTTP/2 error code: CANCEL
Received Rst Stream
2019-10-10 07:13:28,359 [main] INFO  server.GrpcService (GrpcService.java:closeImpl(172)) - 5b8bd398-f3eb-47fb-a1df-22e321ff4ecd: shutdown server with port 45070 successfully
2019-10-10 07:13:28,359 [74cd5fb0-5f73-46dd-b6f0-e4ade7569d7d@group-0B99A3E9DC70-LeaderElection72] INFO  server.RaftServerConfigKeys (ConfUtils.java:logGet(43)) - raft.server.rpc.sleep.time = 25ms (default)
2019-10-10 07:13:28,360 [grpc-default-executor-7] INFO  impl.FollowerInfo (FollowerInfo.java:lambda$new$0(51)) - 26aad93a-7503-45f5-9023-3e4c6d420244@group-3A3512E0F91C->5b8bd398-f3eb-47fb-a1df-22e321ff4ecd: nextIndex: updateUnconditionally 3 -> 2
2019-10-10 07:13:28,360 [74cd5fb0-5f73-46dd-b6f0-e4ade7569d7d@group-0B99A3E9DC70-LeaderElection72] INFO  server.RaftServerConfigKeys (ConfUtils.java:logGet(43)) - raft.server.write.element-limit = 4096 (default)
2019-10-10 07:13:28,361 [74cd5fb0-5f73-46dd-b6f0-e4ade7569d7d@group-0B99A3E9DC70-LeaderElection72] INFO  server.RaftServerConfigKeys (ConfUtils.java:logGet(43)) - raft.server.watch.timeout = 10s (default)
2019-10-10 07:13:28,361 [74cd5fb0-5f73-46dd-b6f0-e4ade7569d7d@group-0B99A3E9DC70-LeaderElection72] INFO  server.RaftServerConfigKeys (ConfUtils.java:logGet(43)) - raft.server.watch.timeout.denomination = 1s (default)
2019-10-10 07:13:28,361 [74cd5fb0-5f73-46dd-b6f0-e4ade7569d7d@group-0B99A3E9DC70-LeaderElection72] INFO  server.RaftServerConfigKeys (ConfUtils.java:logGet(43)) - raft.server.watch.element-limit = 65536 (default)
2019-10-10 07:13:28,362 [refreshUsed-/workdir/hadoop-ozone/integration-test/target/test-dir/MiniOzoneClusterImpl-9bfdac0f-0aca-46f5-97b6-b623c9f6701c/datanode-1/data/containers] WARN  fs.CachingGetSpaceUsed (CachingGetSpaceUsed.java:run(183)) - Thread Interrupted waiting to refresh disk information: sleep interrupted
2019-10-10 07:13:28,367 [74cd5fb0-5f73-46dd-b6f0-e4ade7569d7d@group-0B99A3E9DC70-LeaderElection72] INFO  server.RaftServerConfigKeys (ConfUtils.java:logGet(43)) - raft.server.log.appender.snapshot.chunk.size.max = 16MB (=16777216) (default)
2019-10-10 07:13:28,367 [74cd5fb0-5f73-46dd-b6f0-e4ade7569d7d@group-0B99A3E9DC70-LeaderElection72] INFO  server.RaftServerConfigKeys (ConfUtils.java:logGet(43)) - raft.server.log.appender.buffer.byte-limit = 33554432 (custom)
2019-10-10 07:13:28,367 [74cd5fb0-5f73-46dd-b6f0-e4ade7569d7d@group-0B99A3E9DC70-LeaderElection72] INFO  server.RaftServerConfigKeys (ConfUtils.java:logGet(43)) - raft.server.log.appender.buffer.element-limit = 1 (custom)
2019-10-10 07:13:28,367 [74cd5fb0-5f73-46dd-b6f0-e4ade7569d7d@group-0B99A3E9DC70-LeaderElection72] INFO  grpc.GrpcConfigKeys$Server (ConfUtils.java:logGet(43)) - raft.grpc.server.leader.outstanding.appends.max = 128 (default)
2019-10-10 07:13:28,368 [74cd5fb0-5f73-46dd-b6f0-e4ade7569d7d@group-0B99A3E9DC70-LeaderElection72] INFO  server.RaftServerConfigKeys (ConfUtils.java:logGet(43)) - raft.server.rpc.request.timeout = 3000ms (default)
2019-10-10 07:13:28,368 [74cd5fb0-5f73-46dd-b6f0-e4ade7569d7d@group-0B99A3E9DC70-LeaderElection72] INFO  server.RaftServerConfigKeys (ConfUtils.java:logGet(43)) - raft.server.log.appender.install.snapshot.enabled = false (custom)
2019-10-10 07:13:28,368 [74cd5fb0-5f73-46dd-b6f0-e4ade7569d7d@group-0B99A3E9DC70-LeaderElection72] INFO  server.RaftServerConfigKeys (ConfUtils.java:logGet(43)) - raft.server.log.appender.snapshot.chunk.size.max = 16MB (=16777216) (default)
2019-10-10 07:13:28,368 [74cd5fb0-5f73-46dd-b6f0-e4ade7569d7d@group-0B99A3E9DC70-LeaderElection72] INFO  server.RaftServerConfigKeys (ConfUtils.java:logGet(43)) - raft.server.log.appender.buffer.byte-limit = 33554432 (custom)
2019-10-10 07:13:28,369 [74cd5fb0-5f73-46dd-b6f0-e4ade7569d7d@group-0B99A3E9DC70-LeaderElection72] INFO  server.RaftServerConfigKeys (ConfUtils.java:logGet(43)) - raft.server.log.appender.buffer.element-limit = 1 (custom)
2019-10-10 07:13:28,369 [74cd5fb0-5f73-46dd-b6f0-e4ade7569d7d@group-0B99A3E9DC70-LeaderElection72] INFO  grpc.GrpcConfigKeys$Server (ConfUtils.java:logGet(43)) - raft.grpc.server.leader.outstanding.appends.max = 128 (default)
2019-10-10 07:13:28,369 [74cd5fb0-5f73-46dd-b6f0-e4ade7569d7d@group-0B99A3E9DC70-LeaderElection72] INFO  server.RaftServerConfigKeys (ConfUtils.java:logGet(43)) - raft.server.rpc.request.timeout = 3000ms (default)
2019-10-10 07:13:28,369 [74cd5fb0-5f73-46dd-b6f0-e4ade7569d7d@group-0B99A3E9DC70-LeaderElection72] INFO  server.RaftServerConfigKeys (ConfUtils.java:logGet(43)) - raft.server.log.appender.install.snapshot.enabled = false (custom)
2019-10-10 07:13:28,370 [74cd5fb0-5f73-46dd-b6f0-e4ade7569d7d@group-0B99A3E9DC70-LeaderElection72] INFO  impl.RoleInfo (RoleInfo.java:updateAndGet(143)) - 74cd5fb0-5f73-46dd-b6f0-e4ade7569d7d: start LeaderState
2019-10-10 07:13:28,370 [74cd5fb0-5f73-46dd-b6f0-e4ade7569d7d@group-0B99A3E9DC70-LeaderElection72] INFO  segmented.SegmentedRaftLogWorker (SegmentedRaftLogWorker.java:startLogSegment(385)) - 74cd5fb0-5f73-46dd-b6f0-e4ade7569d7d@group-0B99A3E9DC70-SegmentedRaftLogWorker: Starting segment from index:0
2019-10-10 07:13:28,371 [74cd5fb0-5f73-46dd-b6f0-e4ade7569d7d@group-0B99A3E9DC70-LeaderElection72] INFO  impl.RaftServerImpl (ServerState.java:setRaftConf(356)) - 74cd5fb0-5f73-46dd-b6f0-e4ade7569d7d@group-0B99A3E9DC70: set configuration 0: [b280fbec-e7f2-40b9-b98c-195768dab95b:192.168.30.31:42422, c4af4310-e5c5-443d-8068-3f85f9975672:192.168.30.31:34173, 74cd5fb0-5f73-46dd-b6f0-e4ade7569d7d:192.168.30.31:43975], old=null at 0
2019-10-10 07:13:28,406 [grpc-default-executor-7] INFO  impl.RaftServerImpl (ServerState.java:setLeader(255)) - c4af4310-e5c5-443d-8068-3f85f9975672@group-0B99A3E9DC70: change Leader from null to 74cd5fb0-5f73-46dd-b6f0-e4ade7569d7d at term 2 for appendEntries, leader elected after 10359ms
2019-10-10 07:13:28,406 [grpc-default-executor-3] INFO  impl.RaftServerImpl (ServerState.java:setLeader(255)) - b280fbec-e7f2-40b9-b98c-195768dab95b@group-0B99A3E9DC70: change Leader from null to 74cd5fb0-5f73-46dd-b6f0-e4ade7569d7d at term 2 for appendEntries, leader elected after 10374ms
2019-10-10 07:13:28,408 [grpc-default-executor-7] INFO  impl.RaftServerImpl (ServerState.java:setRaftConf(356)) - c4af4310-e5c5-443d-8068-3f85f9975672@group-0B99A3E9DC70: set configuration 0: [b280fbec-e7f2-40b9-b98c-195768dab95b:192.168.30.31:42422, c4af4310-e5c5-443d-8068-3f85f9975672:192.168.30.31:34173, 74cd5fb0-5f73-46dd-b6f0-e4ade7569d7d:192.168.30.31:43975], old=null at 0
2019-10-10 07:13:28,408 [grpc-default-executor-3] INFO  impl.RaftServerImpl (ServerState.java:setRaftConf(356)) - b280fbec-e7f2-40b9-b98c-195768dab95b@group-0B99A3E9DC70: set configuration 0: [b280fbec-e7f2-40b9-b98c-195768dab95b:192.168.30.31:42422, c4af4310-e5c5-443d-8068-3f85f9975672:192.168.30.31:34173, 74cd5fb0-5f73-46dd-b6f0-e4ade7569d7d:192.168.30.31:43975], old=null at 0
2019-10-10 07:13:28,408 [grpc-default-executor-7] INFO  segmented.SegmentedRaftLogWorker (SegmentedRaftLogWorker.java:startLogSegment(385)) - c4af4310-e5c5-443d-8068-3f85f9975672@group-0B99A3E9DC70-SegmentedRaftLogWorker: Starting segment from index:0
2019-10-10 07:13:28,408 [grpc-default-executor-3] INFO  segmented.SegmentedRaftLogWorker (SegmentedRaftLogWorker.java:startLogSegment(385)) - b280fbec-e7f2-40b9-b98c-195768dab95b@group-0B99A3E9DC70-SegmentedRaftLogWorker: Starting segment from index:0
2019-10-10 07:13:28,409 [main] INFO  utils.BackgroundService (BackgroundService.java:shutdown(151)) - Shutting down service BlockDeletingService
2019-10-10 07:13:28,438 [74cd5fb0-5f73-46dd-b6f0-e4ade7569d7d@group-0B99A3E9DC70-SegmentedRaftLogWorker] INFO  segmented.SegmentedRaftLogWorker (SegmentedRaftLogWorker.java:execute(574)) - 74cd5fb0-5f73-46dd-b6f0-e4ade7569d7d@group-0B99A3E9DC70-SegmentedRaftLogWorker: created new log segment /workdir/hadoop-ozone/integration-test/target/test-dir/MiniOzoneClusterImpl-9bfdac0f-0aca-46f5-97b6-b623c9f6701c/datanode-3/data/ratis/3492565e-4f5a-40c3-8872-0b99a3e9dc70/current/log_inprogress_0
2019-10-10 07:13:28,440 [main] INFO  statemachine.DatanodeStateMachine (DatanodeStateMachine.java:stopDaemon(395)) - Ozone container server stopped.
2019-10-10 07:13:28,441 [main] INFO  handler.ContextHandler (ContextHandler.java:doStop(910)) - Stopped o.e.j.w.WebAppContext@14de1901{/,null,UNAVAILABLE}{/hddsDatanode}
2019-10-10 07:13:28,442 [main] INFO  server.AbstractConnector (AbstractConnector.java:doStop(318)) - Stopped ServerConnector@437ed416{HTTP/1.1,[http/1.1]}{0.0.0.0:0}
2019-10-10 07:13:28,442 [main] INFO  handler.ContextHandler (ContextHandler.java:doStop(910)) - Stopped o.e.j.s.ServletContextHandler@5c3d4f05{/static,jar:file:/home/user/.m2/repository/org/apache/hadoop/hadoop-hdds-container-service/0.5.0-SNAPSHOT/hadoop-hdds-container-service-0.5.0-SNAPSHOT.jar!/webapps/static,UNAVAILABLE}
2019-10-10 07:13:28,442 [main] INFO  handler.ContextHandler (ContextHandler.java:doStop(910)) - Stopped o.e.j.s.ServletContextHandler@7ccd611e{/logs,file:///workdir/hadoop-ozone/integration-test/target/log,UNAVAILABLE}
2019-10-10 07:13:28,451 [grpc-default-executor-7] WARN  server.GrpcLogAppender (LogUtils.java:warn(134)) - 26aad93a-7503-45f5-9023-3e4c6d420244@group-3A3512E0F91C->5b8bd398-f3eb-47fb-a1df-22e321ff4ecd-AppendLogResponseHandler: Failed appendEntries: org.apache.ratis.thirdparty.io.grpc.StatusRuntimeException: UNAVAILABLE: io exception
2019-10-10 07:13:28,452 [grpc-default-executor-7] INFO  impl.FollowerInfo (FollowerInfo.java:lambda$new$0(51)) - 26aad93a-7503-45f5-9023-3e4c6d420244@group-3A3512E0F91C->5b8bd398-f3eb-47fb-a1df-22e321ff4ecd: nextIndex: updateUnconditionally 3 -> 2
2019-10-10 07:13:28,463 [c4af4310-e5c5-443d-8068-3f85f9975672@group-0B99A3E9DC70-SegmentedRaftLogWorker] INFO  segmented.SegmentedRaftLogWorker (SegmentedRaftLogWorker.java:execute(574)) - c4af4310-e5c5-443d-8068-3f85f9975672@group-0B99A3E9DC70-SegmentedRaftLogWorker: created new log segment /workdir/hadoop-ozone/integration-test/target/test-dir/MiniOzoneClusterImpl-9bfdac0f-0aca-46f5-97b6-b623c9f6701c/datanode-4/data/ratis/3492565e-4f5a-40c3-8872-0b99a3e9dc70/current/log_inprogress_0
2019-10-10 07:13:28,463 [b280fbec-e7f2-40b9-b98c-195768dab95b@group-0B99A3E9DC70-SegmentedRaftLogWorker] INFO  segmented.SegmentedRaftLogWorker (SegmentedRaftLogWorker.java:execute(574)) - b280fbec-e7f2-40b9-b98c-195768dab95b@group-0B99A3E9DC70-SegmentedRaftLogWorker: created new log segment /workdir/hadoop-ozone/integration-test/target/test-dir/MiniOzoneClusterImpl-9bfdac0f-0aca-46f5-97b6-b623c9f6701c/datanode-5/data/ratis/3492565e-4f5a-40c3-8872-0b99a3e9dc70/current/log_inprogress_0
2019-10-10 07:13:28,466 [grpc-default-executor-4] WARN  server.GrpcLogAppender (LogUtils.java:warn(134)) - 26aad93a-7503-45f5-9023-3e4c6d420244@group-3A3512E0F91C->5b8bd398-f3eb-47fb-a1df-22e321ff4ecd-AppendLogResponseHandler: Failed appendEntries: org.apache.ratis.thirdparty.io.grpc.StatusRuntimeException: UNAVAILABLE: io exception
2019-10-10 07:13:28,466 [grpc-default-executor-4] INFO  impl.FollowerInfo (FollowerInfo.java:lambda$new$0(51)) - 26aad93a-7503-45f5-9023-3e4c6d420244@group-3A3512E0F91C->5b8bd398-f3eb-47fb-a1df-22e321ff4ecd: nextIndex: updateUnconditionally 3 -> 2
2019-10-10 07:13:28,479 [grpc-default-executor-3] WARN  server.GrpcLogAppender (LogUtils.java:warn(134)) - 26aad93a-7503-45f5-9023-3e4c6d420244@group-3A3512E0F91C->5b8bd398-f3eb-47fb-a1df-22e321ff4ecd-AppendLogResponseHandler: Failed appendEntries: org.apache.ratis.thirdparty.io.grpc.StatusRuntimeException: UNAVAILABLE: io exception
2019-10-10 07:13:28,479 [grpc-default-executor-3] INFO  impl.FollowerInfo (FollowerInfo.java:lambda$new$0(51)) - 26aad93a-7503-45f5-9023-3e4c6d420244@group-3A3512E0F91C->5b8bd398-f3eb-47fb-a1df-22e321ff4ecd: nextIndex: updateUnconditionally 3 -> 2
2019-10-10 07:13:28,480 [EventQueue-IncrementalContainerReportForIncrementalContainerReportHandler] WARN  container.IncrementalContainerReportHandler (AbstractContainerReportHandler.java:updateContainerState(145)) - Container #1 is in OPEN state, but the datanode 26aad93a-7503-45f5-9023-3e4c6d420244{ip: 192.168.30.31, host: pr-hdds-2266-2msfb-4116138409, networkLocation: /default-rack, certSerialId: null} reports an CLOSING replica.
2019-10-10 07:13:28,494 [EventQueue-IncrementalContainerReportForIncrementalContainerReportHandler] WARN  container.IncrementalContainerReportHandler (AbstractContainerReportHandler.java:updateContainerState(145)) - Container #1 is in OPEN state, but the datanode 0067d567-1cf8-422e-b836-7c9e21103321{ip: 192.168.30.31, host: pr-hdds-2266-2msfb-4116138409, networkLocation: /default-rack, certSerialId: null} reports an CLOSING replica.
2019-10-10 07:13:28,550 [RatisApplyTransactionExecutor 1] INFO  interfaces.Container (KeyValueContainer.java:flushAndSyncDB(386)) - Container 1 is synced with bcsId 0.
2019-10-10 07:13:28,571 [RatisApplyTransactionExecutor 1] INFO  interfaces.Container (KeyValueContainer.java:flushAndSyncDB(386)) - Container 1 is synced with bcsId 0.
2019-10-10 07:13:28,581 [RatisApplyTransactionExecutor 1] INFO  interfaces.Container (KeyValueContainer.java:flushAndSyncDB(386)) - Container 1 is synced with bcsId 0.
2019-10-10 07:13:28,581 [RatisApplyTransactionExecutor 1] INFO  interfaces.Container (KeyValueContainer.java:flushAndSyncDB(386)) - Container 1 is synced with bcsId 0.
2019-10-10 07:13:28,593 [RatisApplyTransactionExecutor 1] INFO  interfaces.Container (KeyValueContainer.java:close(335)) - Container 1 is closed with bcsId 0.
2019-10-10 07:13:28,593 [RatisApplyTransactionExecutor 1] INFO  interfaces.Container (KeyValueContainer.java:close(335)) - Container 1 is closed with bcsId 0.
2019-10-10 07:13:28,597 [EventQueue-IncrementalContainerReportForIncrementalContainerReportHandler] WARN  container.IncrementalContainerReportHandler (AbstractContainerReportHandler.java:updateContainerState(145)) - Container #1 is in OPEN state, but the datanode 26aad93a-7503-45f5-9023-3e4c6d420244{ip: 192.168.30.31, host: pr-hdds-2266-2msfb-4116138409, networkLocation: /default-rack, certSerialId: null} reports an CLOSED replica.
2019-10-10 07:13:28,598 [EventQueue-IncrementalContainerReportForIncrementalContainerReportHandler] WARN  container.IncrementalContainerReportHandler (AbstractContainerReportHandler.java:updateContainerState(145)) - Container #1 is in OPEN state, but the datanode 0067d567-1cf8-422e-b836-7c9e21103321{ip: 192.168.30.31, host: pr-hdds-2266-2msfb-4116138409, networkLocation: /default-rack, certSerialId: null} reports an CLOSED replica.
2019-10-10 07:13:30,980 [grpc-default-executor-3] WARN  server.GrpcLogAppender (LogUtils.java:warn(134)) - 26aad93a-7503-45f5-9023-3e4c6d420244@group-3A3512E0F91C->5b8bd398-f3eb-47fb-a1df-22e321ff4ecd-AppendLogResponseHandler: Failed appendEntries: org.apache.ratis.thirdparty.io.grpc.StatusRuntimeException: UNAVAILABLE: io exception
2019-10-10 07:13:30,981 [grpc-default-executor-3] INFO  impl.FollowerInfo (FollowerInfo.java:lambda$new$0(51)) - 26aad93a-7503-45f5-9023-3e4c6d420244@group-3A3512E0F91C->5b8bd398-f3eb-47fb-a1df-22e321ff4ecd: nextIndex: updateUnconditionally 2 -> 1
2019-10-10 07:13:31,599 [main] WARN  scm.XceiverClientRatis (XceiverClientRatis.java:watchForCommit(277)) - 3 way commit failed on pipeline Pipeline[ Id: f75dfa7e-f652-4576-891a-3a3512e0f91c, Nodes: 5b8bd398-f3eb-47fb-a1df-22e321ff4ecd{ip: 192.168.30.31, host: pr-hdds-2266-2msfb-4116138409, networkLocation: /default-rack, certSerialId: null}26aad93a-7503-45f5-9023-3e4c6d420244{ip: 192.168.30.31, host: pr-hdds-2266-2msfb-4116138409, networkLocation: /default-rack, certSerialId: null}0067d567-1cf8-422e-b836-7c9e21103321{ip: 192.168.30.31, host: pr-hdds-2266-2msfb-4116138409, networkLocation: /default-rack, certSerialId: null}, Type:RATIS, Factor:THREE, State:OPEN]
java.util.concurrent.TimeoutException
	at java.util.concurrent.CompletableFuture.timedGet(CompletableFuture.java:1771)
	at java.util.concurrent.CompletableFuture.get(CompletableFuture.java:1915)
	at org.apache.hadoop.hdds.scm.XceiverClientRatis.watchForCommit(XceiverClientRatis.java:274)
	at org.apache.hadoop.ozone.client.rpc.TestWatchForCommit.test2WayCommitForTimeoutException(TestWatchForCommit.java:391)
	at sun.reflect.NativeMethodAccessorImpl.invoke0(Native Method)
	at sun.reflect.NativeMethodAccessorImpl.invoke(NativeMethodAccessorImpl.java:62)
	at sun.reflect.DelegatingMethodAccessorImpl.invoke(DelegatingMethodAccessorImpl.java:43)
	at java.lang.reflect.Method.invoke(Method.java:498)
	at org.junit.runners.model.FrameworkMethod$1.runReflectiveCall(FrameworkMethod.java:47)
	at org.junit.internal.runners.model.ReflectiveCallable.run(ReflectiveCallable.java:12)
	at org.junit.runners.model.FrameworkMethod.invokeExplosively(FrameworkMethod.java:44)
	at org.junit.internal.runners.statements.InvokeMethod.evaluate(InvokeMethod.java:17)
	at org.junit.runners.ParentRunner.runLeaf(ParentRunner.java:271)
	at org.junit.runners.BlockJUnit4ClassRunner.runChild(BlockJUnit4ClassRunner.java:70)
	at org.junit.runners.BlockJUnit4ClassRunner.runChild(BlockJUnit4ClassRunner.java:50)
	at org.junit.runners.ParentRunner$3.run(ParentRunner.java:238)
	at org.junit.runners.ParentRunner$1.schedule(ParentRunner.java:63)
	at org.junit.runners.ParentRunner.runChildren(ParentRunner.java:236)
	at org.junit.runners.ParentRunner.access$000(ParentRunner.java:53)
	at org.junit.runners.ParentRunner$2.evaluate(ParentRunner.java:229)
	at org.junit.runners.ParentRunner.run(ParentRunner.java:309)
	at org.apache.maven.surefire.junit4.JUnit4Provider.execute(JUnit4Provider.java:365)
	at org.apache.maven.surefire.junit4.JUnit4Provider.executeWithRerun(JUnit4Provider.java:273)
	at org.apache.maven.surefire.junit4.JUnit4Provider.executeTestSet(JUnit4Provider.java:238)
	at org.apache.maven.surefire.junit4.JUnit4Provider.invoke(JUnit4Provider.java:159)
	at org.apache.maven.surefire.booter.ForkedBooter.invokeProviderInSameClassLoader(ForkedBooter.java:384)
	at org.apache.maven.surefire.booter.ForkedBooter.runSuitesInProcess(ForkedBooter.java:345)
	at org.apache.maven.surefire.booter.ForkedBooter.execute(ForkedBooter.java:126)
	at org.apache.maven.surefire.booter.ForkedBooter.main(ForkedBooter.java:418)
2019-10-10 07:13:31,628 [Thread-2428] INFO  client.GrpcClientProtocolService (GrpcClientProtocolService.java:lambda$processClientRequest$0(278)) - Failed RaftClientRequest:client-4DF3AA613DFA->0067d567-1cf8-422e-b836-7c9e21103321@group-3A3512E0F91C, cid=105, seq=0, Watch-MAJORITY_COMMITTED(3), Message:<EMPTY>, reply=RaftClientReply:client-4DF3AA613DFA->0067d567-1cf8-422e-b836-7c9e21103321@group-3A3512E0F91C, cid=105, FAILED org.apache.ratis.protocol.NotLeaderException: Server 0067d567-1cf8-422e-b836-7c9e21103321@group-3A3512E0F91C is not the leader 26aad93a-7503-45f5-9023-3e4c6d420244:192.168.30.31:44380, logIndex=0, commits[0067d567-1cf8-422e-b836-7c9e21103321:c4, 5b8bd398-f3eb-47fb-a1df-22e321ff4ecd:c2, 26aad93a-7503-45f5-9023-3e4c6d420244:c4]
2019-10-10 07:13:33,483 [grpc-default-executor-7] WARN  server.GrpcLogAppender (LogUtils.java:warn(134)) - 26aad93a-7503-45f5-9023-3e4c6d420244@group-3A3512E0F91C->5b8bd398-f3eb-47fb-a1df-22e321ff4ecd-AppendLogResponseHandler: Failed appendEntries: org.apache.ratis.thirdparty.io.grpc.StatusRuntimeException: UNAVAILABLE: io exception
2019-10-10 07:13:33,488 [grpc-default-executor-7] INFO  impl.FollowerInfo (FollowerInfo.java:lambda$new$0(51)) - 26aad93a-7503-45f5-9023-3e4c6d420244@group-3A3512E0F91C->5b8bd398-f3eb-47fb-a1df-22e321ff4ecd: nextIndex: updateUnconditionally 1 -> 0
]]></system-out>
    <system-err><![CDATA[Oct 10, 2019 7:13:28 AM org.apache.ratis.thirdparty.io.grpc.internal.SerializingExecutor run
SEVERE: Exception while executing runnable org.apache.ratis.thirdparty.io.grpc.internal.ServerImpl$JumpToApplicationThreadServerStreamListener$1Closed@19e2365e
org.apache.ratis.thirdparty.io.grpc.StatusRuntimeException: CANCELLED: call already cancelled
	at org.apache.ratis.thirdparty.io.grpc.Status.asRuntimeException(Status.java:517)
	at org.apache.ratis.thirdparty.io.grpc.stub.ServerCalls$ServerCallStreamObserverImpl.onCompleted(ServerCalls.java:356)
	at org.apache.ratis.grpc.server.GrpcServerProtocolService$ServerRequestStreamObserver.onError(GrpcServerProtocolService.java:121)
	at org.apache.ratis.thirdparty.io.grpc.stub.ServerCalls$StreamingServerCallHandler$StreamingServerCallListener.onCancel(ServerCalls.java:269)
	at org.apache.ratis.thirdparty.io.grpc.internal.ServerCallImpl$ServerStreamListenerImpl.closed(ServerCallImpl.java:293)
	at org.apache.ratis.thirdparty.io.grpc.internal.ServerImpl$JumpToApplicationThreadServerStreamListener$1Closed.runInContext(ServerImpl.java:741)
	at org.apache.ratis.thirdparty.io.grpc.internal.ContextRunnable.run(ContextRunnable.java:37)
	at org.apache.ratis.thirdparty.io.grpc.internal.SerializingExecutor.run(SerializingExecutor.java:123)
	at java.util.concurrent.ThreadPoolExecutor.runWorker(ThreadPoolExecutor.java:1149)
	at java.util.concurrent.ThreadPoolExecutor$Worker.run(ThreadPoolExecutor.java:624)
	at java.lang.Thread.run(Thread.java:748)

]]></system-err>
  </testcase>
</testsuite>