<?xml version="1.0" encoding="UTF-8"?>
<testsuite xmlns:xsi="http://www.w3.org/2001/XMLSchema-instance" xsi:noNamespaceSchemaLocation="https://maven.apache.org/surefire/maven-surefire-plugin/xsd/surefire-test-report.xsd" name="org.apache.hadoop.ozone.client.rpc.TestMultiBlockWritesWithDnFailures" time="279.77" tests="2" errors="2" skipped="0" failures="0">
  <properties>
    <property name="awt.toolkit" value="sun.awt.X11.XToolkit"/>
    <property name="file.encoding.pkg" value="sun.io"/>
    <property name="java.specification.version" value="1.8"/>
    <property name="sun.cpu.isalist" value=""/>
    <property name="sun.jnu.encoding" value="UTF-8"/>
    <property name="java.class.path" value="/workdir/hadoop-ozone/integration-test/target/test-classes:/workdir/hadoop-ozone/integration-test/target/classes:/home/user/.m2/repository/org/apache/hadoop/hadoop-ozone-common/0.5.0-SNAPSHOT/hadoop-ozone-common-0.5.0-SNAPSHOT.jar:/home/user/.m2/repository/org/apache/commons/commons-compress/1.4.1/commons-compress-1.4.1.jar:/home/user/.m2/repository/org/tukaani/xz/1.0/xz-1.0.jar:/home/user/.m2/repository/org/apache/hadoop/hadoop-common/3.2.0/hadoop-common-3.2.0.jar:/home/user/.m2/repository/org/apache/hadoop/hadoop-hdfs/3.2.0/hadoop-hdfs-3.2.0.jar:/home/user/.m2/repository/org/apache/hadoop/hadoop-hdfs-client/3.2.0/hadoop-hdfs-client-3.2.0.jar:/home/user/.m2/repository/com/fasterxml/jackson/core/jackson-annotations/2.9.9/jackson-annotations-2.9.9.jar:/home/user/.m2/repository/org/apache/hadoop/hadoop-hdds-common/0.5.0-SNAPSHOT/hadoop-hdds-common-0.5.0-SNAPSHOT.jar:/home/user/.m2/repository/javax/annotation/javax.annotation-api/1.2/javax.annotation-api-1.2.jar:/home/user/.m2/repository/org/apache/ratis/ratis-server/0.4.0/ratis-server-0.4.0.jar:/home/user/.m2/repository/org/apache/ratis/ratis-thirdparty-misc/0.2.0/ratis-thirdparty-misc-0.2.0.jar:/home/user/.m2/repository/org/apache/ratis/ratis-proto/0.4.0/ratis-proto-0.4.0.jar:/home/user/.m2/repository/org/apache/ratis/ratis-common/0.4.0/ratis-common-0.4.0.jar:/home/user/.m2/repository/org/apache/ratis/ratis-client/0.4.0/ratis-client-0.4.0.jar:/home/user/.m2/repository/org/apache/ratis/ratis-metrics/0.4.0/ratis-metrics-0.4.0.jar:/home/user/.m2/repository/com/github/joshelser/dropwizard-metrics-hadoop-metrics2-reporter/0.1.2/dropwizard-metrics-hadoop-metrics2-reporter-0.1.2.jar:/home/user/.m2/repository/io/dropwizard/metrics/metrics-jvm/3.2.5/metrics-jvm-3.2.5.jar:/home/user/.m2/repository/io/dropwizard/metrics/metrics-ganglia/3.2.5/metrics-ganglia-3.2.5.jar:/home/user/.m2/repository/info/ganglia/gmetric4j/gmetric4j/1.0.7/gmetric4j-1.0.7.jar:/home/user/.m2/repository/org/apache/ratis/ratis-netty/0.4.0/ratis-netty-0.4.0.jar:/home/user/.m2/repository/org/apache/ratis/ratis-grpc/0.4.0/ratis-grpc-0.4.0.jar:/home/user/.m2/repository/org/rocksdb/rocksdbjni/6.0.1/rocksdbjni-6.0.1.jar:/home/user/.m2/repository/org/apache/logging/log4j/log4j-api/2.11.0/log4j-api-2.11.0.jar:/home/user/.m2/repository/org/apache/logging/log4j/log4j-core/2.11.0/log4j-core-2.11.0.jar:/home/user/.m2/repository/com/lmax/disruptor/3.4.2/disruptor-3.4.2.jar:/home/user/.m2/repository/org/apache/commons/commons-pool2/2.6.0/commons-pool2-2.6.0.jar:/home/user/.m2/repository/org/bouncycastle/bcpkix-jdk15on/1.60/bcpkix-jdk15on-1.60.jar:/home/user/.m2/repository/commons-validator/commons-validator/1.6/commons-validator-1.6.jar:/home/user/.m2/repository/commons-digester/commons-digester/1.8.1/commons-digester-1.8.1.jar:/home/user/.m2/repository/io/jaegertracing/jaeger-client/0.34.0/jaeger-client-0.34.0.jar:/home/user/.m2/repository/io/jaegertracing/jaeger-thrift/0.34.0/jaeger-thrift-0.34.0.jar:/home/user/.m2/repository/org/apache/thrift/libthrift/0.12.0/libthrift-0.12.0.jar:/home/user/.m2/repository/com/squareup/okhttp3/okhttp/3.9.0/okhttp-3.9.0.jar:/home/user/.m2/repository/com/squareup/okio/okio/1.13.0/okio-1.13.0.jar:/home/user/.m2/repository/io/jaegertracing/jaeger-core/0.34.0/jaeger-core-0.34.0.jar:/home/user/.m2/repository/io/jaegertracing/jaeger-tracerresolver/0.34.0/jaeger-tracerresolver-0.34.0.jar:/home/user/.m2/repository/io/opentracing/contrib/opentracing-tracerresolver/0.1.5/opentracing-tracerresolver-0.1.5.jar:/home/user/.m2/repository/io/opentracing/opentracing-util/0.31.0/opentracing-util-0.31.0.jar:/home/user/.m2/repository/io/opentracing/opentracing-api/0.31.0/opentracing-api-0.31.0.jar:/home/user/.m2/repository/io/opentracing/opentracing-noop/0.31.0/opentracing-noop-0.31.0.jar:/home/user/.m2/repository/org/apache/hadoop/hadoop-hdds-server-framework/0.5.0-SNAPSHOT/hadoop-hdds-server-framework-0.5.0-SNAPSHOT.jar:/home/user/.m2/repository/org/apache/hadoop/hadoop-hdds-container-service/0.5.0-SNAPSHOT/hadoop-hdds-container-service-0.5.0-SNAPSHOT.jar:/home/user/.m2/repository/org/apache/hadoop/hadoop-hdds-client/0.5.0-SNAPSHOT/hadoop-hdds-client-0.5.0-SNAPSHOT.jar:/home/user/.m2/repository/org/apache/hadoop/hadoop-hdds-tools/0.5.0-SNAPSHOT/hadoop-hdds-tools-0.5.0-SNAPSHOT.jar:/home/user/.m2/repository/org/apache/hadoop/hadoop-hdds-server-scm/0.5.0-SNAPSHOT/hadoop-hdds-server-scm-0.5.0-SNAPSHOT.jar:/home/user/.m2/repository/org/apache/hadoop/hadoop-hdds-docs/0.5.0-SNAPSHOT/hadoop-hdds-docs-0.5.0-SNAPSHOT.jar:/home/user/.m2/repository/io/dropwizard/metrics/metrics-core/3.2.4/metrics-core-3.2.4.jar:/home/user/.m2/repository/org/hamcrest/hamcrest-all/1.3/hamcrest-all-1.3.jar:/home/user/.m2/repository/org/bouncycastle/bcprov-jdk15on/1.60/bcprov-jdk15on-1.60.jar:/home/user/.m2/repository/info/picocli/picocli/3.9.6/picocli-3.9.6.jar:/home/user/.m2/repository/com/google/protobuf/protobuf-java/2.5.0/protobuf-java-2.5.0.jar:/home/user/.m2/repository/com/google/guava/guava/11.0.2/guava-11.0.2.jar:/home/user/.m2/repository/org/apache/hadoop/hadoop-ozone-ozone-manager/0.5.0-SNAPSHOT/hadoop-ozone-ozone-manager-0.5.0-SNAPSHOT.jar:/home/user/.m2/repository/org/apache/hadoop/hadoop-minikdc/3.2.0/hadoop-minikdc-3.2.0.jar:/home/user/.m2/repository/commons-io/commons-io/2.5/commons-io-2.5.jar:/home/user/.m2/repository/org/apache/kerby/kerb-simplekdc/1.0.1/kerb-simplekdc-1.0.1.jar:/home/user/.m2/repository/org/apache/kerby/kerb-client/1.0.1/kerb-client-1.0.1.jar:/home/user/.m2/repository/org/apache/kerby/kerby-config/1.0.1/kerby-config-1.0.1.jar:/home/user/.m2/repository/org/apache/kerby/kerb-core/1.0.1/kerb-core-1.0.1.jar:/home/user/.m2/repository/org/apache/kerby/kerby-pkix/1.0.1/kerby-pkix-1.0.1.jar:/home/user/.m2/repository/org/apache/kerby/kerby-asn1/1.0.1/kerby-asn1-1.0.1.jar:/home/user/.m2/repository/org/apache/kerby/kerby-util/1.0.1/kerby-util-1.0.1.jar:/home/user/.m2/repository/org/apache/kerby/kerb-common/1.0.1/kerb-common-1.0.1.jar:/home/user/.m2/repository/org/apache/kerby/kerb-crypto/1.0.1/kerb-crypto-1.0.1.jar:/home/user/.m2/repository/org/apache/kerby/kerb-util/1.0.1/kerb-util-1.0.1.jar:/home/user/.m2/repository/org/apache/kerby/token-provider/1.0.1/token-provider-1.0.1.jar:/home/user/.m2/repository/org/apache/kerby/kerb-admin/1.0.1/kerb-admin-1.0.1.jar:/home/user/.m2/repository/org/apache/kerby/kerb-server/1.0.1/kerb-server-1.0.1.jar:/home/user/.m2/repository/org/apache/kerby/kerb-identity/1.0.1/kerb-identity-1.0.1.jar:/home/user/.m2/repository/org/apache/kerby/kerby-xdr/1.0.1/kerby-xdr-1.0.1.jar:/home/user/.m2/repository/org/slf4j/slf4j-log4j12/1.7.25/slf4j-log4j12-1.7.25.jar:/home/user/.m2/repository/org/apache/hadoop/hadoop-ozone-s3gateway/0.5.0-SNAPSHOT/hadoop-ozone-s3gateway-0.5.0-SNAPSHOT.jar:/home/user/.m2/repository/org/jboss/weld/servlet/weld-servlet/2.4.7.Final/weld-servlet-2.4.7.Final.jar:/home/user/.m2/repository/org/glassfish/jersey/containers/jersey-container-servlet-core/2.27/jersey-container-servlet-core-2.27.jar:/home/user/.m2/repository/org/glassfish/hk2/external/javax.inject/2.5.0-b42/javax.inject-2.5.0-b42.jar:/home/user/.m2/repository/org/glassfish/jersey/core/jersey-common/2.27/jersey-common-2.27.jar:/home/user/.m2/repository/org/glassfish/hk2/osgi-resource-locator/1.0.1/osgi-resource-locator-1.0.1.jar:/home/user/.m2/repository/javax/ws/rs/javax.ws.rs-api/2.1/javax.ws.rs-api-2.1.jar:/home/user/.m2/repository/org/glassfish/jersey/ext/cdi/jersey-cdi1x/2.27/jersey-cdi1x-2.27.jar:/home/user/.m2/repository/org/glassfish/jersey/inject/jersey-hk2/2.27/jersey-hk2-2.27.jar:/home/user/.m2/repository/org/glassfish/hk2/hk2-locator/2.5.0-b42/hk2-locator-2.5.0-b42.jar:/home/user/.m2/repository/org/javassist/javassist/3.22.0-CR2/javassist-3.22.0-CR2.jar:/home/user/.m2/repository/org/glassfish/hk2/hk2-api/2.5.0/hk2-api-2.5.0.jar:/home/user/.m2/repository/org/glassfish/hk2/external/jakarta.inject/2.5.0/jakarta.inject-2.5.0.jar:/home/user/.m2/repository/org/glassfish/hk2/hk2-utils/2.5.0/hk2-utils-2.5.0.jar:/home/user/.m2/repository/jakarta/annotation/jakarta.annotation-api/1.3.4/jakarta.annotation-api-1.3.4.jar:/home/user/.m2/repository/org/glassfish/hk2/external/aopalliance-repackaged/2.5.0/aopalliance-repackaged-2.5.0.jar:/home/user/.m2/repository/com/fasterxml/jackson/dataformat/jackson-dataformat-xml/2.9.0/jackson-dataformat-xml-2.9.0.jar:/home/user/.m2/repository/com/fasterxml/jackson/core/jackson-core/2.9.9/jackson-core-2.9.9.jar:/home/user/.m2/repository/com/fasterxml/jackson/module/jackson-module-jaxb-annotations/2.9.9/jackson-module-jaxb-annotations-2.9.9.jar:/home/user/.m2/repository/javax/enterprise/cdi-api/1.2/cdi-api-1.2.jar:/home/user/.m2/repository/javax/el/javax.el-api/3.0.0/javax.el-api-3.0.0.jar:/home/user/.m2/repository/javax/interceptor/javax.interceptor-api/1.2/javax.interceptor-api-1.2.jar:/home/user/.m2/repository/javax/inject/javax.inject/1/javax.inject-1.jar:/home/user/.m2/repository/com/sun/xml/bind/jaxb-impl/2.3.0.1/jaxb-impl-2.3.0.1.jar:/home/user/.m2/repository/com/sun/xml/bind/jaxb-core/2.3.0.1/jaxb-core-2.3.0.1.jar:/home/user/.m2/repository/javax/xml/bind/jaxb-api/2.3.0/jaxb-api-2.3.0.jar:/home/user/.m2/repository/javax/activation/activation/1.1.1/activation-1.1.1.jar:/home/user/.m2/repository/org/apache/hadoop/hadoop-ozone-csi/0.5.0-SNAPSHOT/hadoop-ozone-csi-0.5.0-SNAPSHOT.jar:/home/user/.m2/repository/com/google/protobuf/protobuf-java-util/3.5.1/protobuf-java-util-3.5.1.jar:/home/user/.m2/repository/org/apache/hadoop/hadoop-hdds-config/0.5.0-SNAPSHOT/hadoop-hdds-config-0.5.0-SNAPSHOT.jar:/home/user/.m2/repository/io/grpc/grpc-netty/1.17.1/grpc-netty-1.17.1.jar:/home/user/.m2/repository/io/grpc/grpc-core/1.17.1/grpc-core-1.17.1.jar:/home/user/.m2/repository/io/grpc/grpc-context/1.17.1/grpc-context-1.17.1.jar:/home/user/.m2/repository/com/google/errorprone/error_prone_annotations/2.2.0/error_prone_annotations-2.2.0.jar:/home/user/.m2/repository/org/codehaus/mojo/animal-sniffer-annotations/1.17/animal-sniffer-annotations-1.17.jar:/home/user/.m2/repository/io/opencensus/opencensus-api/0.17.0/opencensus-api-0.17.0.jar:/home/user/.m2/repository/io/opencensus/opencensus-contrib-grpc-metrics/0.17.0/opencensus-contrib-grpc-metrics-0.17.0.jar:/home/user/.m2/repository/io/netty/netty-codec-http2/4.1.30.Final/netty-codec-http2-4.1.30.Final.jar:/home/user/.m2/repository/io/netty/netty-codec-http/4.1.30.Final/netty-codec-http-4.1.30.Final.jar:/home/user/.m2/repository/io/netty/netty-codec/4.1.30.Final/netty-codec-4.1.30.Final.jar:/home/user/.m2/repository/io/netty/netty-handler/4.1.30.Final/netty-handler-4.1.30.Final.jar:/home/user/.m2/repository/io/netty/netty-handler-proxy/4.1.30.Final/netty-handler-proxy-4.1.30.Final.jar:/home/user/.m2/repository/io/netty/netty-codec-socks/4.1.30.Final/netty-codec-socks-4.1.30.Final.jar:/home/user/.m2/repository/io/netty/netty-transport-native-epoll/4.1.30.Final/netty-transport-native-epoll-4.1.30.Final.jar:/home/user/.m2/repository/io/netty/netty-common/4.1.30.Final/netty-common-4.1.30.Final.jar:/home/user/.m2/repository/io/netty/netty-buffer/4.1.30.Final/netty-buffer-4.1.30.Final.jar:/home/user/.m2/repository/io/netty/netty-transport/4.1.30.Final/netty-transport-4.1.30.Final.jar:/home/user/.m2/repository/io/netty/netty-resolver/4.1.30.Final/netty-resolver-4.1.30.Final.jar:/home/user/.m2/repository/io/netty/netty-transport-native-unix-common/4.1.30.Final/netty-transport-native-unix-common-4.1.30.Final.jar:/home/user/.m2/repository/io/grpc/grpc-protobuf/1.17.1/grpc-protobuf-1.17.1.jar:/home/user/.m2/repository/com/google/api/grpc/proto-google-common-protos/1.0.0/proto-google-common-protos-1.0.0.jar:/home/user/.m2/repository/io/grpc/grpc-protobuf-lite/1.17.1/grpc-protobuf-lite-1.17.1.jar:/home/user/.m2/repository/io/grpc/grpc-stub/1.17.1/grpc-stub-1.17.1.jar:/home/user/.m2/repository/org/apache/hadoop/hadoop-ozone-recon/0.5.0-SNAPSHOT/hadoop-ozone-recon-0.5.0-SNAPSHOT.jar:/home/user/.m2/repository/org/apache/hadoop/hadoop-ozone-reconcodegen/0.5.0-SNAPSHOT/hadoop-ozone-reconcodegen-0.5.0-SNAPSHOT.jar:/home/user/.m2/repository/com/google/inject/extensions/guice-multibindings/4.0/guice-multibindings-4.0.jar:/home/user/.m2/repository/com/google/inject/guice/4.0/guice-4.0.jar:/home/user/.m2/repository/aopalliance/aopalliance/1.0/aopalliance-1.0.jar:/home/user/.m2/repository/com/google/inject/extensions/guice-servlet/4.0/guice-servlet-4.0.jar:/home/user/.m2/repository/org/glassfish/jersey/containers/jersey-container-servlet/2.27/jersey-container-servlet-2.27.jar:/home/user/.m2/repository/org/glassfish/hk2/guice-bridge/2.5.0/guice-bridge-2.5.0.jar:/home/user/.m2/repository/org/glassfish/jersey/core/jersey-server/2.27/jersey-server-2.27.jar:/home/user/.m2/repository/org/glassfish/jersey/core/jersey-client/2.27/jersey-client-2.27.jar:/home/user/.m2/repository/org/glassfish/jersey/media/jersey-media-jaxb/2.27/jersey-media-jaxb-2.27.jar:/home/user/.m2/repository/javax/validation/validation-api/1.1.0.Final/validation-api-1.1.0.Final.jar:/home/user/.m2/repository/org/glassfish/jersey/media/jersey-media-json-jackson/2.27/jersey-media-json-jackson-2.27.jar:/home/user/.m2/repository/org/glassfish/jersey/ext/jersey-entity-filtering/2.27/jersey-entity-filtering-2.27.jar:/home/user/.m2/repository/com/google/inject/extensions/guice-assistedinject/4.0/guice-assistedinject-4.0.jar:/home/user/.m2/repository/org/jooq/jooq/3.11.10/jooq-3.11.10.jar:/home/user/.m2/repository/org/jooq/jooq-meta/3.11.10/jooq-meta-3.11.10.jar:/home/user/.m2/repository/org/jooq/jooq-codegen/3.11.10/jooq-codegen-3.11.10.jar:/home/user/.m2/repository/com/jolbox/bonecp/0.8.0.RELEASE/bonecp-0.8.0.RELEASE.jar:/home/user/.m2/repository/org/xerial/sqlite-jdbc/3.25.2/sqlite-jdbc-3.25.2.jar:/home/user/.m2/repository/org/springframework/spring-jdbc/5.1.3.RELEASE/spring-jdbc-5.1.3.RELEASE.jar:/home/user/.m2/repository/org/springframework/spring-beans/5.1.3.RELEASE/spring-beans-5.1.3.RELEASE.jar:/home/user/.m2/repository/org/springframework/spring-core/5.1.3.RELEASE/spring-core-5.1.3.RELEASE.jar:/home/user/.m2/repository/org/springframework/spring-jcl/5.1.3.RELEASE/spring-jcl-5.1.3.RELEASE.jar:/home/user/.m2/repository/org/springframework/spring-tx/5.1.3.RELEASE/spring-tx-5.1.3.RELEASE.jar:/home/user/.m2/repository/org/apache/hadoop/hadoop-ozone-client/0.5.0-SNAPSHOT/hadoop-ozone-client-0.5.0-SNAPSHOT.jar:/home/user/.m2/repository/commons-lang/commons-lang/2.6/commons-lang-2.6.jar:/home/user/.m2/repository/org/apache/hadoop/hadoop-ozone-ozone-manager/0.5.0-SNAPSHOT/hadoop-ozone-ozone-manager-0.5.0-SNAPSHOT-tests.jar:/home/user/.m2/repository/junit/junit/4.11/junit-4.11.jar:/home/user/.m2/repository/org/hamcrest/hamcrest-core/1.3/hamcrest-core-1.3.jar:/home/user/.m2/repository/org/openjdk/jmh/jmh-core/1.19/jmh-core-1.19.jar:/home/user/.m2/repository/net/sf/jopt-simple/jopt-simple/4.6/jopt-simple-4.6.jar:/home/user/.m2/repository/org/apache/commons/commons-math3/3.1.1/commons-math3-3.1.1.jar:/home/user/.m2/repository/org/openjdk/jmh/jmh-generator-annprocess/1.19/jmh-generator-annprocess-1.19.jar:/home/user/.m2/repository/org/mockito/mockito-all/1.8.5/mockito-all-1.8.5.jar:/home/user/.m2/repository/org/apache/hadoop/hadoop-kms/3.2.0/hadoop-kms-3.2.0.jar:/home/user/.m2/repository/org/apache/hadoop/hadoop-auth/3.2.0/hadoop-auth-3.2.0.jar:/home/user/.m2/repository/com/nimbusds/nimbus-jose-jwt/4.41.1/nimbus-jose-jwt-4.41.1.jar:/home/user/.m2/repository/com/github/stephenc/jcip/jcip-annotations/1.0-1/jcip-annotations-1.0-1.jar:/home/user/.m2/repository/net/minidev/json-smart/2.3/json-smart-2.3.jar:/home/user/.m2/repository/net/minidev/accessors-smart/1.2/accessors-smart-1.2.jar:/home/user/.m2/repository/org/ow2/asm/asm/5.0.4/asm-5.0.4.jar:/home/user/.m2/repository/org/apache/curator/curator-framework/2.12.0/curator-framework-2.12.0.jar:/home/user/.m2/repository/com/sun/jersey/jersey-core/1.19/jersey-core-1.19.jar:/home/user/.m2/repository/javax/ws/rs/jsr311-api/1.1.1/jsr311-api-1.1.1.jar:/home/user/.m2/repository/com/sun/jersey/jersey-server/1.19/jersey-server-1.19.jar:/home/user/.m2/repository/javax/servlet/javax.servlet-api/3.1.0/javax.servlet-api-3.1.0.jar:/home/user/.m2/repository/org/eclipse/jetty/jetty-server/9.3.25.v20180904/jetty-server-9.3.25.v20180904.jar:/home/user/.m2/repository/org/eclipse/jetty/jetty-http/9.3.25.v20180904/jetty-http-9.3.25.v20180904.jar:/home/user/.m2/repository/org/eclipse/jetty/jetty-io/9.3.25.v20180904/jetty-io-9.3.25.v20180904.jar:/home/user/.m2/repository/org/eclipse/jetty/jetty-webapp/9.3.25.v20180904/jetty-webapp-9.3.25.v20180904.jar:/home/user/.m2/repository/org/eclipse/jetty/jetty-xml/9.3.25.v20180904/jetty-xml-9.3.25.v20180904.jar:/home/user/.m2/repository/log4j/log4j/1.2.17/log4j-1.2.17.jar:/home/user/.m2/repository/org/slf4j/slf4j-api/1.7.25/slf4j-api-1.7.25.jar:/home/user/.m2/repository/org/slf4j/jul-to-slf4j/1.7.25/jul-to-slf4j-1.7.25.jar:/home/user/.m2/repository/org/eclipse/jetty/jetty-util/9.3.25.v20180904/jetty-util-9.3.25.v20180904.jar:/home/user/.m2/repository/com/fasterxml/jackson/core/jackson-databind/2.9.9/jackson-databind-2.9.9.jar:/home/user/.m2/repository/org/apache/hadoop/hadoop-kms/3.2.0/hadoop-kms-3.2.0-tests.jar:/home/user/.m2/repository/org/apache/hadoop/hadoop-hdds-server-scm/0.5.0-SNAPSHOT/hadoop-hdds-server-scm-0.5.0-SNAPSHOT-tests.jar:/home/user/.m2/repository/org/apache/hadoop/hadoop-hdds-container-service/0.5.0-SNAPSHOT/hadoop-hdds-container-service-0.5.0-SNAPSHOT-tests.jar:/home/user/.m2/repository/org/yaml/snakeyaml/1.16/snakeyaml-1.16.jar:/home/user/.m2/repository/org/apache/hadoop/hadoop-common/3.2.0/hadoop-common-3.2.0-tests.jar:/home/user/.m2/repository/org/apache/hadoop/hadoop-annotations/3.2.0/hadoop-annotations-3.2.0.jar:/usr/lib/jvm/java-1.8-openjdk/jre/../lib/tools.jar:/home/user/.m2/repository/commons-cli/commons-cli/1.2/commons-cli-1.2.jar:/home/user/.m2/repository/org/apache/httpcomponents/httpclient/4.5.2/httpclient-4.5.2.jar:/home/user/.m2/repository/org/apache/httpcomponents/httpcore/4.4.4/httpcore-4.4.4.jar:/home/user/.m2/repository/commons-codec/commons-codec/1.11/commons-codec-1.11.jar:/home/user/.m2/repository/commons-net/commons-net/3.6/commons-net-3.6.jar:/home/user/.m2/repository/commons-collections/commons-collections/3.2.2/commons-collections-3.2.2.jar:/home/user/.m2/repository/org/eclipse/jetty/jetty-servlet/9.3.25.v20180904/jetty-servlet-9.3.25.v20180904.jar:/home/user/.m2/repository/org/eclipse/jetty/jetty-security/9.3.25.v20180904/jetty-security-9.3.25.v20180904.jar:/home/user/.m2/repository/javax/servlet/jsp/jsp-api/2.1/jsp-api-2.1.jar:/home/user/.m2/repository/com/sun/jersey/jersey-servlet/1.19/jersey-servlet-1.19.jar:/home/user/.m2/repository/com/sun/jersey/jersey-json/1.19/jersey-json-1.19.jar:/home/user/.m2/repository/org/codehaus/jettison/jettison/1.1/jettison-1.1.jar:/home/user/.m2/repository/org/codehaus/jackson/jackson-core-asl/1.9.13/jackson-core-asl-1.9.13.jar:/home/user/.m2/repository/org/codehaus/jackson/jackson-mapper-asl/1.9.13/jackson-mapper-asl-1.9.13.jar:/home/user/.m2/repository/org/codehaus/jackson/jackson-jaxrs/1.9.13/jackson-jaxrs-1.9.13.jar:/home/user/.m2/repository/org/codehaus/jackson/jackson-xc/1.9.13/jackson-xc-1.9.13.jar:/home/user/.m2/repository/commons-logging/commons-logging/1.1.3/commons-logging-1.1.3.jar:/home/user/.m2/repository/commons-beanutils/commons-beanutils/1.9.4/commons-beanutils-1.9.4.jar:/home/user/.m2/repository/org/apache/commons/commons-configuration2/2.1.1/commons-configuration2-2.1.1.jar:/home/user/.m2/repository/org/apache/commons/commons-lang3/3.7/commons-lang3-3.7.jar:/home/user/.m2/repository/org/apache/commons/commons-text/1.4/commons-text-1.4.jar:/home/user/.m2/repository/org/apache/avro/avro/1.7.7/avro-1.7.7.jar:/home/user/.m2/repository/com/thoughtworks/paranamer/paranamer/2.3/paranamer-2.3.jar:/home/user/.m2/repository/org/xerial/snappy/snappy-java/1.0.5/snappy-java-1.0.5.jar:/home/user/.m2/repository/com/google/re2j/re2j/1.1/re2j-1.1.jar:/home/user/.m2/repository/com/google/code/gson/gson/2.2.4/gson-2.2.4.jar:/home/user/.m2/repository/com/jcraft/jsch/0.1.54/jsch-0.1.54.jar:/home/user/.m2/repository/org/apache/curator/curator-client/2.12.0/curator-client-2.12.0.jar:/home/user/.m2/repository/org/apache/curator/curator-recipes/2.12.0/curator-recipes-2.12.0.jar:/home/user/.m2/repository/com/google/code/findbugs/jsr305/3.0.0/jsr305-3.0.0.jar:/home/user/.m2/repository/org/apache/htrace/htrace-core4/4.1.0-incubating/htrace-core4-4.1.0-incubating.jar:/home/user/.m2/repository/org/apache/zookeeper/zookeeper/3.4.13/zookeeper-3.4.13.jar:/home/user/.m2/repository/jline/jline/0.9.94/jline-0.9.94.jar:/home/user/.m2/repository/org/apache/yetus/audience-annotations/0.5.0/audience-annotations-0.5.0.jar:/home/user/.m2/repository/org/codehaus/woodstox/stax2-api/3.1.4/stax2-api-3.1.4.jar:/home/user/.m2/repository/com/fasterxml/woodstox/woodstox-core/5.0.3/woodstox-core-5.0.3.jar:/home/user/.m2/repository/dnsjava/dnsjava/2.1.7/dnsjava-2.1.7.jar:/home/user/.m2/repository/org/apache/hadoop/hadoop-hdfs/3.2.0/hadoop-hdfs-3.2.0-tests.jar:/home/user/.m2/repository/org/eclipse/jetty/jetty-util-ajax/9.3.25.v20180904/jetty-util-ajax-9.3.25.v20180904.jar:/home/user/.m2/repository/commons-daemon/commons-daemon/1.0.13/commons-daemon-1.0.13.jar:/home/user/.m2/repository/io/netty/netty/3.10.5.Final/netty-3.10.5.Final.jar:/home/user/.m2/repository/io/netty/netty-all/4.0.52.Final/netty-all-4.0.52.Final.jar:/home/user/.m2/repository/org/fusesource/leveldbjni/leveldbjni-all/1.8/leveldbjni-all-1.8.jar:"/>
    <property name="java.vm.vendor" value="IcedTea"/>
    <property name="sun.arch.data.model" value="64"/>
    <property name="test.build.dir" value="/workdir/hadoop-ozone/integration-test/target/test-dir"/>
    <property name="test.cache.data" value=""/>
    <property name="java.vendor.url" value="https://icedtea.classpath.org"/>
    <property name="user.timezone" value=""/>
    <property name="java.vm.specification.version" value="1.8"/>
    <property name="os.name" value="Linux"/>
    <property name="test.build.data" value="/workdir/hadoop-ozone/integration-test/target/test-dir"/>
    <property name="user.country" value="US"/>
    <property name="sun.java.launcher" value="SUN_STANDARD"/>
    <property name="sun.boot.library.path" value="/usr/lib/jvm/java-1.8-openjdk/jre/lib/amd64"/>
    <property name="sun.java.command" value="/workdir/hadoop-ozone/integration-test/target/surefire/surefirebooter8439537433254371420.jar /workdir/hadoop-ozone/integration-test/target/surefire 2019-09-26T15-34-27_911-jvmRun1 surefire2547962227283180489tmp surefire_411396028680018238095tmp"/>
    <property name="test" value="!TestMiniChaosOzoneCluster"/>
    <property name="surefire.test.class.path" value="/workdir/hadoop-ozone/integration-test/target/test-classes:/workdir/hadoop-ozone/integration-test/target/classes:/home/user/.m2/repository/org/apache/hadoop/hadoop-ozone-common/0.5.0-SNAPSHOT/hadoop-ozone-common-0.5.0-SNAPSHOT.jar:/home/user/.m2/repository/org/apache/commons/commons-compress/1.4.1/commons-compress-1.4.1.jar:/home/user/.m2/repository/org/tukaani/xz/1.0/xz-1.0.jar:/home/user/.m2/repository/org/apache/hadoop/hadoop-common/3.2.0/hadoop-common-3.2.0.jar:/home/user/.m2/repository/org/apache/hadoop/hadoop-hdfs/3.2.0/hadoop-hdfs-3.2.0.jar:/home/user/.m2/repository/org/apache/hadoop/hadoop-hdfs-client/3.2.0/hadoop-hdfs-client-3.2.0.jar:/home/user/.m2/repository/com/fasterxml/jackson/core/jackson-annotations/2.9.9/jackson-annotations-2.9.9.jar:/home/user/.m2/repository/org/apache/hadoop/hadoop-hdds-common/0.5.0-SNAPSHOT/hadoop-hdds-common-0.5.0-SNAPSHOT.jar:/home/user/.m2/repository/javax/annotation/javax.annotation-api/1.2/javax.annotation-api-1.2.jar:/home/user/.m2/repository/org/apache/ratis/ratis-server/0.4.0/ratis-server-0.4.0.jar:/home/user/.m2/repository/org/apache/ratis/ratis-thirdparty-misc/0.2.0/ratis-thirdparty-misc-0.2.0.jar:/home/user/.m2/repository/org/apache/ratis/ratis-proto/0.4.0/ratis-proto-0.4.0.jar:/home/user/.m2/repository/org/apache/ratis/ratis-common/0.4.0/ratis-common-0.4.0.jar:/home/user/.m2/repository/org/apache/ratis/ratis-client/0.4.0/ratis-client-0.4.0.jar:/home/user/.m2/repository/org/apache/ratis/ratis-metrics/0.4.0/ratis-metrics-0.4.0.jar:/home/user/.m2/repository/com/github/joshelser/dropwizard-metrics-hadoop-metrics2-reporter/0.1.2/dropwizard-metrics-hadoop-metrics2-reporter-0.1.2.jar:/home/user/.m2/repository/io/dropwizard/metrics/metrics-jvm/3.2.5/metrics-jvm-3.2.5.jar:/home/user/.m2/repository/io/dropwizard/metrics/metrics-ganglia/3.2.5/metrics-ganglia-3.2.5.jar:/home/user/.m2/repository/info/ganglia/gmetric4j/gmetric4j/1.0.7/gmetric4j-1.0.7.jar:/home/user/.m2/repository/org/apache/ratis/ratis-netty/0.4.0/ratis-netty-0.4.0.jar:/home/user/.m2/repository/org/apache/ratis/ratis-grpc/0.4.0/ratis-grpc-0.4.0.jar:/home/user/.m2/repository/org/rocksdb/rocksdbjni/6.0.1/rocksdbjni-6.0.1.jar:/home/user/.m2/repository/org/apache/logging/log4j/log4j-api/2.11.0/log4j-api-2.11.0.jar:/home/user/.m2/repository/org/apache/logging/log4j/log4j-core/2.11.0/log4j-core-2.11.0.jar:/home/user/.m2/repository/com/lmax/disruptor/3.4.2/disruptor-3.4.2.jar:/home/user/.m2/repository/org/apache/commons/commons-pool2/2.6.0/commons-pool2-2.6.0.jar:/home/user/.m2/repository/org/bouncycastle/bcpkix-jdk15on/1.60/bcpkix-jdk15on-1.60.jar:/home/user/.m2/repository/commons-validator/commons-validator/1.6/commons-validator-1.6.jar:/home/user/.m2/repository/commons-digester/commons-digester/1.8.1/commons-digester-1.8.1.jar:/home/user/.m2/repository/io/jaegertracing/jaeger-client/0.34.0/jaeger-client-0.34.0.jar:/home/user/.m2/repository/io/jaegertracing/jaeger-thrift/0.34.0/jaeger-thrift-0.34.0.jar:/home/user/.m2/repository/org/apache/thrift/libthrift/0.12.0/libthrift-0.12.0.jar:/home/user/.m2/repository/com/squareup/okhttp3/okhttp/3.9.0/okhttp-3.9.0.jar:/home/user/.m2/repository/com/squareup/okio/okio/1.13.0/okio-1.13.0.jar:/home/user/.m2/repository/io/jaegertracing/jaeger-core/0.34.0/jaeger-core-0.34.0.jar:/home/user/.m2/repository/io/jaegertracing/jaeger-tracerresolver/0.34.0/jaeger-tracerresolver-0.34.0.jar:/home/user/.m2/repository/io/opentracing/contrib/opentracing-tracerresolver/0.1.5/opentracing-tracerresolver-0.1.5.jar:/home/user/.m2/repository/io/opentracing/opentracing-util/0.31.0/opentracing-util-0.31.0.jar:/home/user/.m2/repository/io/opentracing/opentracing-api/0.31.0/opentracing-api-0.31.0.jar:/home/user/.m2/repository/io/opentracing/opentracing-noop/0.31.0/opentracing-noop-0.31.0.jar:/home/user/.m2/repository/org/apache/hadoop/hadoop-hdds-server-framework/0.5.0-SNAPSHOT/hadoop-hdds-server-framework-0.5.0-SNAPSHOT.jar:/home/user/.m2/repository/org/apache/hadoop/hadoop-hdds-container-service/0.5.0-SNAPSHOT/hadoop-hdds-container-service-0.5.0-SNAPSHOT.jar:/home/user/.m2/repository/org/apache/hadoop/hadoop-hdds-client/0.5.0-SNAPSHOT/hadoop-hdds-client-0.5.0-SNAPSHOT.jar:/home/user/.m2/repository/org/apache/hadoop/hadoop-hdds-tools/0.5.0-SNAPSHOT/hadoop-hdds-tools-0.5.0-SNAPSHOT.jar:/home/user/.m2/repository/org/apache/hadoop/hadoop-hdds-server-scm/0.5.0-SNAPSHOT/hadoop-hdds-server-scm-0.5.0-SNAPSHOT.jar:/home/user/.m2/repository/org/apache/hadoop/hadoop-hdds-docs/0.5.0-SNAPSHOT/hadoop-hdds-docs-0.5.0-SNAPSHOT.jar:/home/user/.m2/repository/io/dropwizard/metrics/metrics-core/3.2.4/metrics-core-3.2.4.jar:/home/user/.m2/repository/org/hamcrest/hamcrest-all/1.3/hamcrest-all-1.3.jar:/home/user/.m2/repository/org/bouncycastle/bcprov-jdk15on/1.60/bcprov-jdk15on-1.60.jar:/home/user/.m2/repository/info/picocli/picocli/3.9.6/picocli-3.9.6.jar:/home/user/.m2/repository/com/google/protobuf/protobuf-java/2.5.0/protobuf-java-2.5.0.jar:/home/user/.m2/repository/com/google/guava/guava/11.0.2/guava-11.0.2.jar:/home/user/.m2/repository/org/apache/hadoop/hadoop-ozone-ozone-manager/0.5.0-SNAPSHOT/hadoop-ozone-ozone-manager-0.5.0-SNAPSHOT.jar:/home/user/.m2/repository/org/apache/hadoop/hadoop-minikdc/3.2.0/hadoop-minikdc-3.2.0.jar:/home/user/.m2/repository/commons-io/commons-io/2.5/commons-io-2.5.jar:/home/user/.m2/repository/org/apache/kerby/kerb-simplekdc/1.0.1/kerb-simplekdc-1.0.1.jar:/home/user/.m2/repository/org/apache/kerby/kerb-client/1.0.1/kerb-client-1.0.1.jar:/home/user/.m2/repository/org/apache/kerby/kerby-config/1.0.1/kerby-config-1.0.1.jar:/home/user/.m2/repository/org/apache/kerby/kerb-core/1.0.1/kerb-core-1.0.1.jar:/home/user/.m2/repository/org/apache/kerby/kerby-pkix/1.0.1/kerby-pkix-1.0.1.jar:/home/user/.m2/repository/org/apache/kerby/kerby-asn1/1.0.1/kerby-asn1-1.0.1.jar:/home/user/.m2/repository/org/apache/kerby/kerby-util/1.0.1/kerby-util-1.0.1.jar:/home/user/.m2/repository/org/apache/kerby/kerb-common/1.0.1/kerb-common-1.0.1.jar:/home/user/.m2/repository/org/apache/kerby/kerb-crypto/1.0.1/kerb-crypto-1.0.1.jar:/home/user/.m2/repository/org/apache/kerby/kerb-util/1.0.1/kerb-util-1.0.1.jar:/home/user/.m2/repository/org/apache/kerby/token-provider/1.0.1/token-provider-1.0.1.jar:/home/user/.m2/repository/org/apache/kerby/kerb-admin/1.0.1/kerb-admin-1.0.1.jar:/home/user/.m2/repository/org/apache/kerby/kerb-server/1.0.1/kerb-server-1.0.1.jar:/home/user/.m2/repository/org/apache/kerby/kerb-identity/1.0.1/kerb-identity-1.0.1.jar:/home/user/.m2/repository/org/apache/kerby/kerby-xdr/1.0.1/kerby-xdr-1.0.1.jar:/home/user/.m2/repository/org/slf4j/slf4j-log4j12/1.7.25/slf4j-log4j12-1.7.25.jar:/home/user/.m2/repository/org/apache/hadoop/hadoop-ozone-s3gateway/0.5.0-SNAPSHOT/hadoop-ozone-s3gateway-0.5.0-SNAPSHOT.jar:/home/user/.m2/repository/org/jboss/weld/servlet/weld-servlet/2.4.7.Final/weld-servlet-2.4.7.Final.jar:/home/user/.m2/repository/org/glassfish/jersey/containers/jersey-container-servlet-core/2.27/jersey-container-servlet-core-2.27.jar:/home/user/.m2/repository/org/glassfish/hk2/external/javax.inject/2.5.0-b42/javax.inject-2.5.0-b42.jar:/home/user/.m2/repository/org/glassfish/jersey/core/jersey-common/2.27/jersey-common-2.27.jar:/home/user/.m2/repository/org/glassfish/hk2/osgi-resource-locator/1.0.1/osgi-resource-locator-1.0.1.jar:/home/user/.m2/repository/javax/ws/rs/javax.ws.rs-api/2.1/javax.ws.rs-api-2.1.jar:/home/user/.m2/repository/org/glassfish/jersey/ext/cdi/jersey-cdi1x/2.27/jersey-cdi1x-2.27.jar:/home/user/.m2/repository/org/glassfish/jersey/inject/jersey-hk2/2.27/jersey-hk2-2.27.jar:/home/user/.m2/repository/org/glassfish/hk2/hk2-locator/2.5.0-b42/hk2-locator-2.5.0-b42.jar:/home/user/.m2/repository/org/javassist/javassist/3.22.0-CR2/javassist-3.22.0-CR2.jar:/home/user/.m2/repository/org/glassfish/hk2/hk2-api/2.5.0/hk2-api-2.5.0.jar:/home/user/.m2/repository/org/glassfish/hk2/external/jakarta.inject/2.5.0/jakarta.inject-2.5.0.jar:/home/user/.m2/repository/org/glassfish/hk2/hk2-utils/2.5.0/hk2-utils-2.5.0.jar:/home/user/.m2/repository/jakarta/annotation/jakarta.annotation-api/1.3.4/jakarta.annotation-api-1.3.4.jar:/home/user/.m2/repository/org/glassfish/hk2/external/aopalliance-repackaged/2.5.0/aopalliance-repackaged-2.5.0.jar:/home/user/.m2/repository/com/fasterxml/jackson/dataformat/jackson-dataformat-xml/2.9.0/jackson-dataformat-xml-2.9.0.jar:/home/user/.m2/repository/com/fasterxml/jackson/core/jackson-core/2.9.9/jackson-core-2.9.9.jar:/home/user/.m2/repository/com/fasterxml/jackson/module/jackson-module-jaxb-annotations/2.9.9/jackson-module-jaxb-annotations-2.9.9.jar:/home/user/.m2/repository/javax/enterprise/cdi-api/1.2/cdi-api-1.2.jar:/home/user/.m2/repository/javax/el/javax.el-api/3.0.0/javax.el-api-3.0.0.jar:/home/user/.m2/repository/javax/interceptor/javax.interceptor-api/1.2/javax.interceptor-api-1.2.jar:/home/user/.m2/repository/javax/inject/javax.inject/1/javax.inject-1.jar:/home/user/.m2/repository/com/sun/xml/bind/jaxb-impl/2.3.0.1/jaxb-impl-2.3.0.1.jar:/home/user/.m2/repository/com/sun/xml/bind/jaxb-core/2.3.0.1/jaxb-core-2.3.0.1.jar:/home/user/.m2/repository/javax/xml/bind/jaxb-api/2.3.0/jaxb-api-2.3.0.jar:/home/user/.m2/repository/javax/activation/activation/1.1.1/activation-1.1.1.jar:/home/user/.m2/repository/org/apache/hadoop/hadoop-ozone-csi/0.5.0-SNAPSHOT/hadoop-ozone-csi-0.5.0-SNAPSHOT.jar:/home/user/.m2/repository/com/google/protobuf/protobuf-java-util/3.5.1/protobuf-java-util-3.5.1.jar:/home/user/.m2/repository/org/apache/hadoop/hadoop-hdds-config/0.5.0-SNAPSHOT/hadoop-hdds-config-0.5.0-SNAPSHOT.jar:/home/user/.m2/repository/io/grpc/grpc-netty/1.17.1/grpc-netty-1.17.1.jar:/home/user/.m2/repository/io/grpc/grpc-core/1.17.1/grpc-core-1.17.1.jar:/home/user/.m2/repository/io/grpc/grpc-context/1.17.1/grpc-context-1.17.1.jar:/home/user/.m2/repository/com/google/errorprone/error_prone_annotations/2.2.0/error_prone_annotations-2.2.0.jar:/home/user/.m2/repository/org/codehaus/mojo/animal-sniffer-annotations/1.17/animal-sniffer-annotations-1.17.jar:/home/user/.m2/repository/io/opencensus/opencensus-api/0.17.0/opencensus-api-0.17.0.jar:/home/user/.m2/repository/io/opencensus/opencensus-contrib-grpc-metrics/0.17.0/opencensus-contrib-grpc-metrics-0.17.0.jar:/home/user/.m2/repository/io/netty/netty-codec-http2/4.1.30.Final/netty-codec-http2-4.1.30.Final.jar:/home/user/.m2/repository/io/netty/netty-codec-http/4.1.30.Final/netty-codec-http-4.1.30.Final.jar:/home/user/.m2/repository/io/netty/netty-codec/4.1.30.Final/netty-codec-4.1.30.Final.jar:/home/user/.m2/repository/io/netty/netty-handler/4.1.30.Final/netty-handler-4.1.30.Final.jar:/home/user/.m2/repository/io/netty/netty-handler-proxy/4.1.30.Final/netty-handler-proxy-4.1.30.Final.jar:/home/user/.m2/repository/io/netty/netty-codec-socks/4.1.30.Final/netty-codec-socks-4.1.30.Final.jar:/home/user/.m2/repository/io/netty/netty-transport-native-epoll/4.1.30.Final/netty-transport-native-epoll-4.1.30.Final.jar:/home/user/.m2/repository/io/netty/netty-common/4.1.30.Final/netty-common-4.1.30.Final.jar:/home/user/.m2/repository/io/netty/netty-buffer/4.1.30.Final/netty-buffer-4.1.30.Final.jar:/home/user/.m2/repository/io/netty/netty-transport/4.1.30.Final/netty-transport-4.1.30.Final.jar:/home/user/.m2/repository/io/netty/netty-resolver/4.1.30.Final/netty-resolver-4.1.30.Final.jar:/home/user/.m2/repository/io/netty/netty-transport-native-unix-common/4.1.30.Final/netty-transport-native-unix-common-4.1.30.Final.jar:/home/user/.m2/repository/io/grpc/grpc-protobuf/1.17.1/grpc-protobuf-1.17.1.jar:/home/user/.m2/repository/com/google/api/grpc/proto-google-common-protos/1.0.0/proto-google-common-protos-1.0.0.jar:/home/user/.m2/repository/io/grpc/grpc-protobuf-lite/1.17.1/grpc-protobuf-lite-1.17.1.jar:/home/user/.m2/repository/io/grpc/grpc-stub/1.17.1/grpc-stub-1.17.1.jar:/home/user/.m2/repository/org/apache/hadoop/hadoop-ozone-recon/0.5.0-SNAPSHOT/hadoop-ozone-recon-0.5.0-SNAPSHOT.jar:/home/user/.m2/repository/org/apache/hadoop/hadoop-ozone-reconcodegen/0.5.0-SNAPSHOT/hadoop-ozone-reconcodegen-0.5.0-SNAPSHOT.jar:/home/user/.m2/repository/com/google/inject/extensions/guice-multibindings/4.0/guice-multibindings-4.0.jar:/home/user/.m2/repository/com/google/inject/guice/4.0/guice-4.0.jar:/home/user/.m2/repository/aopalliance/aopalliance/1.0/aopalliance-1.0.jar:/home/user/.m2/repository/com/google/inject/extensions/guice-servlet/4.0/guice-servlet-4.0.jar:/home/user/.m2/repository/org/glassfish/jersey/containers/jersey-container-servlet/2.27/jersey-container-servlet-2.27.jar:/home/user/.m2/repository/org/glassfish/hk2/guice-bridge/2.5.0/guice-bridge-2.5.0.jar:/home/user/.m2/repository/org/glassfish/jersey/core/jersey-server/2.27/jersey-server-2.27.jar:/home/user/.m2/repository/org/glassfish/jersey/core/jersey-client/2.27/jersey-client-2.27.jar:/home/user/.m2/repository/org/glassfish/jersey/media/jersey-media-jaxb/2.27/jersey-media-jaxb-2.27.jar:/home/user/.m2/repository/javax/validation/validation-api/1.1.0.Final/validation-api-1.1.0.Final.jar:/home/user/.m2/repository/org/glassfish/jersey/media/jersey-media-json-jackson/2.27/jersey-media-json-jackson-2.27.jar:/home/user/.m2/repository/org/glassfish/jersey/ext/jersey-entity-filtering/2.27/jersey-entity-filtering-2.27.jar:/home/user/.m2/repository/com/google/inject/extensions/guice-assistedinject/4.0/guice-assistedinject-4.0.jar:/home/user/.m2/repository/org/jooq/jooq/3.11.10/jooq-3.11.10.jar:/home/user/.m2/repository/org/jooq/jooq-meta/3.11.10/jooq-meta-3.11.10.jar:/home/user/.m2/repository/org/jooq/jooq-codegen/3.11.10/jooq-codegen-3.11.10.jar:/home/user/.m2/repository/com/jolbox/bonecp/0.8.0.RELEASE/bonecp-0.8.0.RELEASE.jar:/home/user/.m2/repository/org/xerial/sqlite-jdbc/3.25.2/sqlite-jdbc-3.25.2.jar:/home/user/.m2/repository/org/springframework/spring-jdbc/5.1.3.RELEASE/spring-jdbc-5.1.3.RELEASE.jar:/home/user/.m2/repository/org/springframework/spring-beans/5.1.3.RELEASE/spring-beans-5.1.3.RELEASE.jar:/home/user/.m2/repository/org/springframework/spring-core/5.1.3.RELEASE/spring-core-5.1.3.RELEASE.jar:/home/user/.m2/repository/org/springframework/spring-jcl/5.1.3.RELEASE/spring-jcl-5.1.3.RELEASE.jar:/home/user/.m2/repository/org/springframework/spring-tx/5.1.3.RELEASE/spring-tx-5.1.3.RELEASE.jar:/home/user/.m2/repository/org/apache/hadoop/hadoop-ozone-client/0.5.0-SNAPSHOT/hadoop-ozone-client-0.5.0-SNAPSHOT.jar:/home/user/.m2/repository/commons-lang/commons-lang/2.6/commons-lang-2.6.jar:/home/user/.m2/repository/org/apache/hadoop/hadoop-ozone-ozone-manager/0.5.0-SNAPSHOT/hadoop-ozone-ozone-manager-0.5.0-SNAPSHOT-tests.jar:/home/user/.m2/repository/junit/junit/4.11/junit-4.11.jar:/home/user/.m2/repository/org/hamcrest/hamcrest-core/1.3/hamcrest-core-1.3.jar:/home/user/.m2/repository/org/openjdk/jmh/jmh-core/1.19/jmh-core-1.19.jar:/home/user/.m2/repository/net/sf/jopt-simple/jopt-simple/4.6/jopt-simple-4.6.jar:/home/user/.m2/repository/org/apache/commons/commons-math3/3.1.1/commons-math3-3.1.1.jar:/home/user/.m2/repository/org/openjdk/jmh/jmh-generator-annprocess/1.19/jmh-generator-annprocess-1.19.jar:/home/user/.m2/repository/org/mockito/mockito-all/1.8.5/mockito-all-1.8.5.jar:/home/user/.m2/repository/org/apache/hadoop/hadoop-kms/3.2.0/hadoop-kms-3.2.0.jar:/home/user/.m2/repository/org/apache/hadoop/hadoop-auth/3.2.0/hadoop-auth-3.2.0.jar:/home/user/.m2/repository/com/nimbusds/nimbus-jose-jwt/4.41.1/nimbus-jose-jwt-4.41.1.jar:/home/user/.m2/repository/com/github/stephenc/jcip/jcip-annotations/1.0-1/jcip-annotations-1.0-1.jar:/home/user/.m2/repository/net/minidev/json-smart/2.3/json-smart-2.3.jar:/home/user/.m2/repository/net/minidev/accessors-smart/1.2/accessors-smart-1.2.jar:/home/user/.m2/repository/org/ow2/asm/asm/5.0.4/asm-5.0.4.jar:/home/user/.m2/repository/org/apache/curator/curator-framework/2.12.0/curator-framework-2.12.0.jar:/home/user/.m2/repository/com/sun/jersey/jersey-core/1.19/jersey-core-1.19.jar:/home/user/.m2/repository/javax/ws/rs/jsr311-api/1.1.1/jsr311-api-1.1.1.jar:/home/user/.m2/repository/com/sun/jersey/jersey-server/1.19/jersey-server-1.19.jar:/home/user/.m2/repository/javax/servlet/javax.servlet-api/3.1.0/javax.servlet-api-3.1.0.jar:/home/user/.m2/repository/org/eclipse/jetty/jetty-server/9.3.25.v20180904/jetty-server-9.3.25.v20180904.jar:/home/user/.m2/repository/org/eclipse/jetty/jetty-http/9.3.25.v20180904/jetty-http-9.3.25.v20180904.jar:/home/user/.m2/repository/org/eclipse/jetty/jetty-io/9.3.25.v20180904/jetty-io-9.3.25.v20180904.jar:/home/user/.m2/repository/org/eclipse/jetty/jetty-webapp/9.3.25.v20180904/jetty-webapp-9.3.25.v20180904.jar:/home/user/.m2/repository/org/eclipse/jetty/jetty-xml/9.3.25.v20180904/jetty-xml-9.3.25.v20180904.jar:/home/user/.m2/repository/log4j/log4j/1.2.17/log4j-1.2.17.jar:/home/user/.m2/repository/org/slf4j/slf4j-api/1.7.25/slf4j-api-1.7.25.jar:/home/user/.m2/repository/org/slf4j/jul-to-slf4j/1.7.25/jul-to-slf4j-1.7.25.jar:/home/user/.m2/repository/org/eclipse/jetty/jetty-util/9.3.25.v20180904/jetty-util-9.3.25.v20180904.jar:/home/user/.m2/repository/com/fasterxml/jackson/core/jackson-databind/2.9.9/jackson-databind-2.9.9.jar:/home/user/.m2/repository/org/apache/hadoop/hadoop-kms/3.2.0/hadoop-kms-3.2.0-tests.jar:/home/user/.m2/repository/org/apache/hadoop/hadoop-hdds-server-scm/0.5.0-SNAPSHOT/hadoop-hdds-server-scm-0.5.0-SNAPSHOT-tests.jar:/home/user/.m2/repository/org/apache/hadoop/hadoop-hdds-container-service/0.5.0-SNAPSHOT/hadoop-hdds-container-service-0.5.0-SNAPSHOT-tests.jar:/home/user/.m2/repository/org/yaml/snakeyaml/1.16/snakeyaml-1.16.jar:/home/user/.m2/repository/org/apache/hadoop/hadoop-common/3.2.0/hadoop-common-3.2.0-tests.jar:/home/user/.m2/repository/org/apache/hadoop/hadoop-annotations/3.2.0/hadoop-annotations-3.2.0.jar:/usr/lib/jvm/java-1.8-openjdk/jre/../lib/tools.jar:/home/user/.m2/repository/commons-cli/commons-cli/1.2/commons-cli-1.2.jar:/home/user/.m2/repository/org/apache/httpcomponents/httpclient/4.5.2/httpclient-4.5.2.jar:/home/user/.m2/repository/org/apache/httpcomponents/httpcore/4.4.4/httpcore-4.4.4.jar:/home/user/.m2/repository/commons-codec/commons-codec/1.11/commons-codec-1.11.jar:/home/user/.m2/repository/commons-net/commons-net/3.6/commons-net-3.6.jar:/home/user/.m2/repository/commons-collections/commons-collections/3.2.2/commons-collections-3.2.2.jar:/home/user/.m2/repository/org/eclipse/jetty/jetty-servlet/9.3.25.v20180904/jetty-servlet-9.3.25.v20180904.jar:/home/user/.m2/repository/org/eclipse/jetty/jetty-security/9.3.25.v20180904/jetty-security-9.3.25.v20180904.jar:/home/user/.m2/repository/javax/servlet/jsp/jsp-api/2.1/jsp-api-2.1.jar:/home/user/.m2/repository/com/sun/jersey/jersey-servlet/1.19/jersey-servlet-1.19.jar:/home/user/.m2/repository/com/sun/jersey/jersey-json/1.19/jersey-json-1.19.jar:/home/user/.m2/repository/org/codehaus/jettison/jettison/1.1/jettison-1.1.jar:/home/user/.m2/repository/org/codehaus/jackson/jackson-core-asl/1.9.13/jackson-core-asl-1.9.13.jar:/home/user/.m2/repository/org/codehaus/jackson/jackson-mapper-asl/1.9.13/jackson-mapper-asl-1.9.13.jar:/home/user/.m2/repository/org/codehaus/jackson/jackson-jaxrs/1.9.13/jackson-jaxrs-1.9.13.jar:/home/user/.m2/repository/org/codehaus/jackson/jackson-xc/1.9.13/jackson-xc-1.9.13.jar:/home/user/.m2/repository/commons-logging/commons-logging/1.1.3/commons-logging-1.1.3.jar:/home/user/.m2/repository/commons-beanutils/commons-beanutils/1.9.4/commons-beanutils-1.9.4.jar:/home/user/.m2/repository/org/apache/commons/commons-configuration2/2.1.1/commons-configuration2-2.1.1.jar:/home/user/.m2/repository/org/apache/commons/commons-lang3/3.7/commons-lang3-3.7.jar:/home/user/.m2/repository/org/apache/commons/commons-text/1.4/commons-text-1.4.jar:/home/user/.m2/repository/org/apache/avro/avro/1.7.7/avro-1.7.7.jar:/home/user/.m2/repository/com/thoughtworks/paranamer/paranamer/2.3/paranamer-2.3.jar:/home/user/.m2/repository/org/xerial/snappy/snappy-java/1.0.5/snappy-java-1.0.5.jar:/home/user/.m2/repository/com/google/re2j/re2j/1.1/re2j-1.1.jar:/home/user/.m2/repository/com/google/code/gson/gson/2.2.4/gson-2.2.4.jar:/home/user/.m2/repository/com/jcraft/jsch/0.1.54/jsch-0.1.54.jar:/home/user/.m2/repository/org/apache/curator/curator-client/2.12.0/curator-client-2.12.0.jar:/home/user/.m2/repository/org/apache/curator/curator-recipes/2.12.0/curator-recipes-2.12.0.jar:/home/user/.m2/repository/com/google/code/findbugs/jsr305/3.0.0/jsr305-3.0.0.jar:/home/user/.m2/repository/org/apache/htrace/htrace-core4/4.1.0-incubating/htrace-core4-4.1.0-incubating.jar:/home/user/.m2/repository/org/apache/zookeeper/zookeeper/3.4.13/zookeeper-3.4.13.jar:/home/user/.m2/repository/jline/jline/0.9.94/jline-0.9.94.jar:/home/user/.m2/repository/org/apache/yetus/audience-annotations/0.5.0/audience-annotations-0.5.0.jar:/home/user/.m2/repository/org/codehaus/woodstox/stax2-api/3.1.4/stax2-api-3.1.4.jar:/home/user/.m2/repository/com/fasterxml/woodstox/woodstox-core/5.0.3/woodstox-core-5.0.3.jar:/home/user/.m2/repository/dnsjava/dnsjava/2.1.7/dnsjava-2.1.7.jar:/home/user/.m2/repository/org/apache/hadoop/hadoop-hdfs/3.2.0/hadoop-hdfs-3.2.0-tests.jar:/home/user/.m2/repository/org/eclipse/jetty/jetty-util-ajax/9.3.25.v20180904/jetty-util-ajax-9.3.25.v20180904.jar:/home/user/.m2/repository/commons-daemon/commons-daemon/1.0.13/commons-daemon-1.0.13.jar:/home/user/.m2/repository/io/netty/netty/3.10.5.Final/netty-3.10.5.Final.jar:/home/user/.m2/repository/io/netty/netty-all/4.0.52.Final/netty-all-4.0.52.Final.jar:/home/user/.m2/repository/org/fusesource/leveldbjni/leveldbjni-all/1.8/leveldbjni-all-1.8.jar:"/>
    <property name="sun.cpu.endian" value="little"/>
    <property name="user.home" value="/home/user"/>
    <property name="user.language" value="en"/>
    <property name="java.specification.vendor" value="Oracle Corporation"/>
    <property name="java.home" value="/usr/lib/jvm/java-1.8-openjdk/jre"/>
    <property name="java.security.krb5.conf" value="/workdir/hadoop-ozone/integration-test/target/test-classes/krb5.conf"/>
    <property name="basedir" value="/workdir/hadoop-ozone/integration-test"/>
    <property name="file.separator" value="/"/>
    <property name="line.separator" value="&#10;"/>
    <property name="java.vm.specification.vendor" value="Oracle Corporation"/>
    <property name="java.specification.name" value="Java Platform API Specification"/>
    <property name="java.awt.graphicsenv" value="sun.awt.X11GraphicsEnvironment"/>
    <property name="surefire.real.class.path" value="/workdir/hadoop-ozone/integration-test/target/surefire/surefirebooter8439537433254371420.jar"/>
    <property name="hadoop.log.dir" value="/workdir/hadoop-ozone/integration-test/target/log"/>
    <property name="sun.boot.class.path" value="/usr/lib/jvm/java-1.8-openjdk/jre/lib/resources.jar:/usr/lib/jvm/java-1.8-openjdk/jre/lib/rt.jar:/usr/lib/jvm/java-1.8-openjdk/jre/lib/sunrsasign.jar:/usr/lib/jvm/java-1.8-openjdk/jre/lib/jsse.jar:/usr/lib/jvm/java-1.8-openjdk/jre/lib/jce.jar:/usr/lib/jvm/java-1.8-openjdk/jre/lib/charsets.jar:/usr/lib/jvm/java-1.8-openjdk/jre/lib/jfr.jar:/usr/lib/jvm/java-1.8-openjdk/jre/classes"/>
    <property name="sun.management.compiler" value="HotSpot 64-Bit Tiered Compilers"/>
    <property name="java.runtime.version" value="1.8.0_212-b04"/>
    <property name="java.net.preferIPv4Stack" value="true"/>
    <property name="user.name" value="jenkins1000"/>
    <property name="path.separator" value=":"/>
    <property name="java.security.egd" value="file:///dev/urandom"/>
    <property name="os.version" value="3.10.0-957.12.2.el7.x86_64"/>
    <property name="java.endorsed.dirs" value="/usr/lib/jvm/java-1.8-openjdk/jre/lib/endorsed"/>
    <property name="java.runtime.name" value="OpenJDK Runtime Environment"/>
    <property name="file.encoding" value="UTF-8"/>
    <property name="java.vm.name" value="OpenJDK 64-Bit Server VM"/>
    <property name="test.build.webapps" value=""/>
    <property name="localRepository" value="/home/user/.m2/repository"/>
    <property name="java.vendor.url.bug" value="https://icedtea.classpath.org/bugzilla"/>
    <property name="java.io.tmpdir" value="/tmp"/>
    <property name="require.test.libhadoop" value=""/>
    <property name="java.version" value="1.8.0_212"/>
    <property name="user.dir" value="/workdir/hadoop-ozone/integration-test"/>
    <property name="os.arch" value="amd64"/>
    <property name="java.vm.specification.name" value="Java Virtual Machine Specification"/>
    <property name="test.build.classes" value="/workdir/hadoop-ozone/integration-test/target/test-classes"/>
    <property name="java.awt.printerjob" value="sun.print.PSPrinterJob"/>
    <property name="sun.os.patch.level" value="unknown"/>
    <property name="hadoop.tmp.dir" value="/workdir/hadoop-ozone/integration-test/target/tmp"/>
    <property name="java.library.path" value="/usr/lib/jvm/java-1.8-openjdk/jre/lib/amd64/server:/usr/lib/jvm/java-1.8-openjdk/jre/lib/amd64:/usr/lib/jvm/java-1.8-openjdk/jre/../lib/amd64:/workdir/hadoop-ozone/integration-test/target/native/target/usr/local/lib:/workdir/hadoop-ozone/integration-test/../../hadoop-common-project/hadoop-common/target/native/target/usr/local/lib:/usr/java/packages/lib/amd64:/usr/lib64:/lib64:/lib:/usr/lib"/>
    <property name="java.vm.info" value="mixed mode"/>
    <property name="java.vendor" value="IcedTea"/>
    <property name="java.vm.version" value="25.212-b04"/>
    <property name="java.ext.dirs" value="/usr/lib/jvm/java-1.8-openjdk/jre/lib/ext:/usr/java/packages/lib/ext"/>
    <property name="sun.io.unicode.encoding" value="UnicodeLittle"/>
    <property name="java.class.version" value="52.0"/>
  </properties>
  <testcase name="testMultiBlockWritesWithIntermittentDnFailures" classname="org.apache.hadoop.ozone.client.rpc.TestMultiBlockWritesWithDnFailures" time="148.543">
    <error message="Connection refused" type="java.net.ConnectException"><![CDATA[java.net.ConnectException: Connection refused
	at sun.nio.ch.SocketChannelImpl.checkConnect(Native Method)
	at sun.nio.ch.SocketChannelImpl.finishConnect(SocketChannelImpl.java:717)
	at org.apache.hadoop.net.SocketIOWithTimeout.connect(SocketIOWithTimeout.java:206)
	at org.apache.hadoop.net.NetUtils.connect(NetUtils.java:531)
	at org.apache.hadoop.ipc.Client$Connection.setupConnection(Client.java:690)
	at org.apache.hadoop.ipc.Client$Connection.setupIOstreams(Client.java:794)
	at org.apache.hadoop.ipc.Client$Connection.access$3700(Client.java:411)
	at org.apache.hadoop.ipc.Client.getConnection(Client.java:1572)
	at org.apache.hadoop.ipc.Client.call(Client.java:1403)
	at org.apache.hadoop.ipc.Client.call(Client.java:1367)
	at org.apache.hadoop.ipc.ProtobufRpcEngine$Invoker.invoke(ProtobufRpcEngine.java:228)
	at org.apache.hadoop.ipc.ProtobufRpcEngine$Invoker.invoke(ProtobufRpcEngine.java:116)
	at com.sun.proxy.$Proxy35.submitRequest(Unknown Source)
	at sun.reflect.NativeMethodAccessorImpl.invoke0(Native Method)
	at sun.reflect.NativeMethodAccessorImpl.invoke(NativeMethodAccessorImpl.java:62)
	at sun.reflect.DelegatingMethodAccessorImpl.invoke(DelegatingMethodAccessorImpl.java:43)
	at java.lang.reflect.Method.invoke(Method.java:498)
	at org.apache.hadoop.io.retry.RetryInvocationHandler.invokeMethod(RetryInvocationHandler.java:422)
	at org.apache.hadoop.io.retry.RetryInvocationHandler$Call.invokeMethod(RetryInvocationHandler.java:165)
	at org.apache.hadoop.io.retry.RetryInvocationHandler$Call.invoke(RetryInvocationHandler.java:157)
	at org.apache.hadoop.io.retry.RetryInvocationHandler$Call.invokeOnce(RetryInvocationHandler.java:95)
	at org.apache.hadoop.io.retry.RetryInvocationHandler.invoke(RetryInvocationHandler.java:359)
	at com.sun.proxy.$Proxy35.submitRequest(Unknown Source)
	at org.apache.hadoop.ozone.om.protocolPB.OzoneManagerProtocolClientSideTranslatorPB.submitRequest(OzoneManagerProtocolClientSideTranslatorPB.java:338)
	at org.apache.hadoop.ozone.om.protocolPB.OzoneManagerProtocolClientSideTranslatorPB.getServiceInfo(OzoneManagerProtocolClientSideTranslatorPB.java:1223)
	at sun.reflect.NativeMethodAccessorImpl.invoke0(Native Method)
	at sun.reflect.NativeMethodAccessorImpl.invoke(NativeMethodAccessorImpl.java:62)
	at sun.reflect.DelegatingMethodAccessorImpl.invoke(DelegatingMethodAccessorImpl.java:43)
	at java.lang.reflect.Method.invoke(Method.java:498)
	at org.apache.hadoop.hdds.tracing.TraceAllMethod.invoke(TraceAllMethod.java:66)
	at com.sun.proxy.$Proxy36.getServiceInfo(Unknown Source)
	at org.apache.hadoop.ozone.client.rpc.RpcClient.<init>(RpcClient.java:154)
	at org.apache.hadoop.ozone.client.OzoneClientFactory.getClientProtocol(OzoneClientFactory.java:256)
	at org.apache.hadoop.ozone.client.OzoneClientFactory.getClientProtocol(OzoneClientFactory.java:239)
	at org.apache.hadoop.ozone.client.OzoneClientFactory.getClient(OzoneClientFactory.java:75)
	at org.apache.hadoop.ozone.client.rpc.TestMultiBlockWritesWithDnFailures.startCluster(TestMultiBlockWritesWithDnFailures.java:96)
	at org.apache.hadoop.ozone.client.rpc.TestMultiBlockWritesWithDnFailures.testMultiBlockWritesWithIntermittentDnFailures(TestMultiBlockWritesWithDnFailures.java:160)
	at sun.reflect.NativeMethodAccessorImpl.invoke0(Native Method)
	at sun.reflect.NativeMethodAccessorImpl.invoke(NativeMethodAccessorImpl.java:62)
	at sun.reflect.DelegatingMethodAccessorImpl.invoke(DelegatingMethodAccessorImpl.java:43)
	at java.lang.reflect.Method.invoke(Method.java:498)
	at org.junit.runners.model.FrameworkMethod$1.runReflectiveCall(FrameworkMethod.java:47)
	at org.junit.internal.runners.model.ReflectiveCallable.run(ReflectiveCallable.java:12)
	at org.junit.runners.model.FrameworkMethod.invokeExplosively(FrameworkMethod.java:44)
	at org.junit.internal.runners.statements.InvokeMethod.evaluate(InvokeMethod.java:17)
	at org.junit.internal.runners.statements.RunAfters.evaluate(RunAfters.java:27)
	at org.junit.runners.ParentRunner.runLeaf(ParentRunner.java:271)
	at org.junit.runners.BlockJUnit4ClassRunner.runChild(BlockJUnit4ClassRunner.java:70)
	at org.junit.runners.BlockJUnit4ClassRunner.runChild(BlockJUnit4ClassRunner.java:50)
	at org.junit.runners.ParentRunner$3.run(ParentRunner.java:238)
	at org.junit.runners.ParentRunner$1.schedule(ParentRunner.java:63)
	at org.junit.runners.ParentRunner.runChildren(ParentRunner.java:236)
	at org.junit.runners.ParentRunner.access$000(ParentRunner.java:53)
	at org.junit.runners.ParentRunner$2.evaluate(ParentRunner.java:229)
	at org.junit.runners.ParentRunner.run(ParentRunner.java:309)
	at org.apache.maven.surefire.junit4.JUnit4Provider.execute(JUnit4Provider.java:365)
	at org.apache.maven.surefire.junit4.JUnit4Provider.executeWithRerun(JUnit4Provider.java:273)
	at org.apache.maven.surefire.junit4.JUnit4Provider.executeTestSet(JUnit4Provider.java:238)
	at org.apache.maven.surefire.junit4.JUnit4Provider.invoke(JUnit4Provider.java:159)
	at org.apache.maven.surefire.booter.ForkedBooter.invokeProviderInSameClassLoader(ForkedBooter.java:384)
	at org.apache.maven.surefire.booter.ForkedBooter.runSuitesInProcess(ForkedBooter.java:345)
	at org.apache.maven.surefire.booter.ForkedBooter.execute(ForkedBooter.java:126)
	at org.apache.maven.surefire.booter.ForkedBooter.main(ForkedBooter.java:418)
]]></error>
    <system-out><![CDATA[2019-09-26 17:03:40,662 [main] WARN  server.ServerUtils (ServerUtils.java:getScmDbDir(145)) - ozone.scm.db.dirs is not configured. We recommend adding this setting. Falling back to ozone.metadata.dirs instead.
2019-09-26 17:03:40,778 [main] WARN  server.ServerUtils (ServerUtils.java:getScmDbDir(145)) - ozone.scm.db.dirs is not configured. We recommend adding this setting. Falling back to ozone.metadata.dirs instead.
2019-09-26 17:03:40,781 [main] WARN  server.ServerUtils (ServerUtils.java:getScmDbDir(145)) - ozone.scm.db.dirs is not configured. We recommend adding this setting. Falling back to ozone.metadata.dirs instead.
2019-09-26 17:03:40,801 [main] INFO  util.log (Log.java:initialized(192)) - Logging initialized @881ms
2019-09-26 17:03:40,904 [main] INFO  db.DBStoreBuilder (DBStoreBuilder.java:addTable(110)) - using custom profile for table: deletedBlocks
2019-09-26 17:03:40,904 [main] INFO  db.DBStoreBuilder (DBStoreBuilder.java:processTables(161)) - Using default column profile:DBProfile.DISK for Table:deletedBlocks
2019-09-26 17:03:40,905 [main] INFO  db.DBStoreBuilder (DBStoreBuilder.java:addTable(110)) - using custom profile for table: validCerts
2019-09-26 17:03:40,905 [main] INFO  db.DBStoreBuilder (DBStoreBuilder.java:processTables(161)) - Using default column profile:DBProfile.DISK for Table:validCerts
2019-09-26 17:03:40,905 [main] INFO  db.DBStoreBuilder (DBStoreBuilder.java:addTable(110)) - using custom profile for table: revokedCerts
2019-09-26 17:03:40,905 [main] INFO  db.DBStoreBuilder (DBStoreBuilder.java:processTables(161)) - Using default column profile:DBProfile.DISK for Table:revokedCerts
2019-09-26 17:03:40,917 [main] INFO  db.DBStoreBuilder (DBStoreBuilder.java:addTable(110)) - using custom profile for table: default
2019-09-26 17:03:40,918 [main] INFO  db.DBStoreBuilder (DBStoreBuilder.java:processTables(167)) - Using default column profile:DBProfile.DISK for Table:default
2019-09-26 17:03:40,919 [main] INFO  db.DBStoreBuilder (DBStoreBuilder.java:getDbProfile(198)) - Using default options. DBProfile.DISK
2019-09-26 17:03:41,205 [main] INFO  net.NodeSchemaLoader (NodeSchemaLoader.java:loadSchemaFromFile(125)) - Loading file from sun.misc.CompoundEnumeration@14cd1699
2019-09-26 17:03:41,207 [main] INFO  net.NodeSchemaLoader (NodeSchemaLoader.java:loadSchema(171)) - Loading network topology layer schema file
2019-09-26 17:03:41,282 [main] INFO  node.SCMNodeManager (SCMNodeManager.java:<init>(114)) - Entering startup safe mode.
2019-09-26 17:03:41,359 [main] INFO  algorithms.ContainerPlacementPolicyFactory (ContainerPlacementPolicyFactory.java:getPolicy(57)) - Create container placement policy of type org.apache.hadoop.hdds.scm.container.placement.algorithms.SCMContainerPlacementRandom
2019-09-26 17:03:41,374 [main] WARN  server.ServerUtils (ServerUtils.java:getScmDbDir(145)) - ozone.scm.db.dirs is not configured. We recommend adding this setting. Falling back to ozone.metadata.dirs instead.
2019-09-26 17:03:41,435 [main] INFO  pipeline.SCMPipelineManager (SCMPipelineManager.java:initializePipelineState(132)) - No pipeline exists in current db
2019-09-26 17:03:41,437 [main] WARN  server.ServerUtils (ServerUtils.java:getScmDbDir(145)) - ozone.scm.db.dirs is not configured. We recommend adding this setting. Falling back to ozone.metadata.dirs instead.
2019-09-26 17:03:41,556 [main] WARN  events.EventQueue (EventQueue.java:fireEvent(183)) - No event handler registered for event TypedEvent{payloadType=SafeModeStatus, name='SafeModeStatus'}
2019-09-26 17:03:41,983 [main] INFO  ipc.CallQueueManager (CallQueueManager.java:<init>(84)) - Using callQueue: class java.util.concurrent.LinkedBlockingQueue, queueCapacity: 2000, scheduler: class org.apache.hadoop.ipc.DefaultRpcScheduler, ipcBackoff: false.
2019-09-26 17:03:42,012 [Socket Reader #1 for port 43535] INFO  ipc.Server (Server.java:run(1074)) - Starting Socket Reader #1 for port 43535
2019-09-26 17:03:42,170 [main] INFO  ipc.CallQueueManager (CallQueueManager.java:<init>(84)) - Using callQueue: class java.util.concurrent.LinkedBlockingQueue, queueCapacity: 2000, scheduler: class org.apache.hadoop.ipc.DefaultRpcScheduler, ipcBackoff: false.
2019-09-26 17:03:42,171 [Socket Reader #1 for port 36430] INFO  ipc.Server (Server.java:run(1074)) - Starting Socket Reader #1 for port 36430
2019-09-26 17:03:42,183 [main] INFO  ipc.CallQueueManager (CallQueueManager.java:<init>(84)) - Using callQueue: class java.util.concurrent.LinkedBlockingQueue, queueCapacity: 2000, scheduler: class org.apache.hadoop.ipc.DefaultRpcScheduler, ipcBackoff: false.
2019-09-26 17:03:42,184 [Socket Reader #1 for port 34466] INFO  ipc.Server (Server.java:run(1074)) - Starting Socket Reader #1 for port 34466
2019-09-26 17:03:42,212 [main] INFO  hdfs.DFSUtil (DFSUtil.java:httpServerTemplateForNNAndJN(1641)) - Starting Web-server for scm at: http://0.0.0.0:0
2019-09-26 17:03:42,365 [main] INFO  server.AuthenticationFilter (AuthenticationFilter.java:constructSecretProvider(240)) - Unable to initialize FileSignerSecretProvider, falling back to use random secrets.
2019-09-26 17:03:42,374 [main] WARN  http.HttpRequestLog (HttpRequestLog.java:getRequestLog(97)) - Jetty request log can only be enabled using Log4j
2019-09-26 17:03:42,382 [main] INFO  http.HttpServer2 (HttpServer2.java:addGlobalFilter(975)) - Added global filter 'safety' (class=org.apache.hadoop.http.HttpServer2$QuotingInputFilter)
2019-09-26 17:03:42,385 [main] INFO  http.HttpServer2 (HttpServer2.java:addFilter(948)) - Added filter static_user_filter (class=org.apache.hadoop.http.lib.StaticUserWebFilter$StaticUserFilter) to context scm
2019-09-26 17:03:42,385 [main] INFO  http.HttpServer2 (HttpServer2.java:addFilter(958)) - Added filter static_user_filter (class=org.apache.hadoop.http.lib.StaticUserWebFilter$StaticUserFilter) to context static
2019-09-26 17:03:42,385 [main] INFO  http.HttpServer2 (HttpServer2.java:addFilter(958)) - Added filter static_user_filter (class=org.apache.hadoop.http.lib.StaticUserWebFilter$StaticUserFilter) to context logs
2019-09-26 17:03:42,416 [main] INFO  server.StorageContainerManager (StorageContainerManager.java:start(770)) - StorageContainerLocationProtocol RPC server is listening at /0.0.0.0:34466
2019-09-26 17:03:42,476 [main] WARN  impl.MetricsConfig (MetricsConfig.java:loadFirst(134)) - Cannot locate configuration: tried hadoop-metrics2-storagecontainermanager.properties,hadoop-metrics2.properties
2019-09-26 17:03:42,489 [main] INFO  impl.MetricsSystemImpl (MetricsSystemImpl.java:startTimer(374)) - Scheduled Metric snapshot period at 10 second(s).
2019-09-26 17:03:42,490 [main] INFO  impl.MetricsSystemImpl (MetricsSystemImpl.java:start(191)) - StorageContainerManager metrics system started
2019-09-26 17:03:42,741 [main] INFO  server.SCMClientProtocolServer (SCMClientProtocolServer.java:start(151)) - RPC server for Client  is listening at /0.0.0.0:34466
2019-09-26 17:03:42,742 [IPC Server Responder] INFO  ipc.Server (Server.java:run(1314)) - IPC Server Responder: starting
2019-09-26 17:03:42,742 [IPC Server listener on 34466] INFO  ipc.Server (Server.java:run(1153)) - IPC Server listener on 34466: starting
2019-09-26 17:03:42,747 [main] INFO  server.StorageContainerManager (StorageContainerManager.java:start(780)) - ScmBlockLocationProtocol RPC server is listening at /0.0.0.0:36430
2019-09-26 17:03:42,749 [main] INFO  server.SCMBlockProtocolServer (SCMBlockProtocolServer.java:start(146)) - RPC server for Block Protocol is listening at /0.0.0.0:36430
2019-09-26 17:03:42,750 [IPC Server Responder] INFO  ipc.Server (Server.java:run(1314)) - IPC Server Responder: starting
2019-09-26 17:03:42,750 [IPC Server listener on 36430] INFO  ipc.Server (Server.java:run(1153)) - IPC Server listener on 36430: starting
2019-09-26 17:03:42,756 [main] INFO  server.StorageContainerManager (StorageContainerManager.java:start(784)) - ScmDatanodeProtocl RPC server is listening at /0.0.0.0:43535
2019-09-26 17:03:42,757 [main] INFO  server.SCMDatanodeProtocolServer (SCMDatanodeProtocolServer.java:start(191)) - RPC server for DataNodes is listening at /0.0.0.0:43535
2019-09-26 17:03:42,759 [IPC Server Responder] INFO  ipc.Server (Server.java:run(1314)) - IPC Server Responder: starting
2019-09-26 17:03:42,759 [IPC Server listener on 43535] INFO  ipc.Server (Server.java:run(1153)) - IPC Server listener on 43535: starting
2019-09-26 17:03:42,768 [main] INFO  http.HttpServer2 (HttpServer2.java:bindListener(1191)) - Jetty bound to port 45973
2019-09-26 17:03:42,771 [main] INFO  server.Server (Server.java:doStart(351)) - jetty-9.3.25.v20180904, build timestamp: 2018-09-04T21:11:46Z, git hash: 3ce520221d0240229c862b122d2b06c12a625732
2019-09-26 17:03:42,814 [main] INFO  handler.ContextHandler (ContextHandler.java:doStart(781)) - Started o.e.j.s.ServletContextHandler@2f17e30d{/logs,file:///workdir/hadoop-ozone/integration-test/target/log,AVAILABLE}
2019-09-26 17:03:42,815 [main] INFO  handler.ContextHandler (ContextHandler.java:doStart(781)) - Started o.e.j.s.ServletContextHandler@1d131e1b{/static,file:///workdir/hadoop-ozone/integration-test/target/test-classes/webapps/static,AVAILABLE}
2019-09-26 17:03:42,848 [main] INFO  handler.ContextHandler (ContextHandler.java:doStart(781)) - Started o.e.j.w.WebAppContext@660e9100{/,file:///workdir/hadoop-ozone/integration-test/target/test-classes/webapps/scm/,AVAILABLE}{/scm}
2019-09-26 17:03:42,853 [main] INFO  server.AbstractConnector (AbstractConnector.java:doStart(278)) - Started ServerConnector@5aabbb29{HTTP/1.1,[http/1.1]}{0.0.0.0:45973}
2019-09-26 17:03:42,853 [main] INFO  server.Server (Server.java:doStart(419)) - Started @2934ms
2019-09-26 17:03:42,855 [main] INFO  impl.MetricsSinkAdapter (MetricsSinkAdapter.java:start(204)) - Sink prometheus started
2019-09-26 17:03:42,855 [main] INFO  impl.MetricsSystemImpl (MetricsSystemImpl.java:registerSink(301)) - Registered sink prometheus
2019-09-26 17:03:42,857 [main] INFO  server.BaseHttpServer (BaseHttpServer.java:updateConnectorAddress(215)) - HTTP server of SCM is listening at http://0.0.0.0:45973
2019-09-26 17:03:42,864 [org.apache.hadoop.util.JvmPauseMonitor$Monitor@7927bd9f] INFO  util.JvmPauseMonitor (JvmPauseMonitor.java:run(188)) - Starting JVM pause monitor
2019-09-26 17:03:42,867 [main] WARN  server.ServerUtils (ServerUtils.java:getDBPath(222)) - ozone.om.db.dirs is not configured. We recommend adding this setting. Falling back to ozone.metadata.dirs instead.
2019-09-26 17:03:42,992 [main] INFO  ha.OMHANodeDetails (OMHANodeDetails.java:loadOMHAConfig(194)) - Configuration either no ozone.om.address set. Falling back to the default OM address /127.0.0.1:0
2019-09-26 17:03:42,993 [main] INFO  ha.OMHANodeDetails (OMHANodeDetails.java:getOMNodeDetails(224)) - OM Service ID is not set. Setting it to the default ID: omServiceIdDefault
2019-09-26 17:03:42,994 [main] WARN  server.ServerUtils (ServerUtils.java:getDBPath(222)) - ozone.om.db.dirs is not configured. We recommend adding this setting. Falling back to ozone.metadata.dirs instead.
2019-09-26 17:03:42,995 [main] WARN  server.ServerUtils (ServerUtils.java:getDBPath(222)) - ozone.om.db.dirs is not configured. We recommend adding this setting. Falling back to ozone.metadata.dirs instead.
2019-09-26 17:03:43,824 [main] WARN  server.ServerUtils (ServerUtils.java:getDBPath(222)) - ozone.om.db.dirs is not configured. We recommend adding this setting. Falling back to ozone.metadata.dirs instead.
2019-09-26 17:03:43,832 [main] INFO  db.DBStoreBuilder (DBStoreBuilder.java:addTable(110)) - using custom profile for table: userTable
2019-09-26 17:03:43,833 [main] INFO  db.DBStoreBuilder (DBStoreBuilder.java:processTables(161)) - Using default column profile:DBProfile.DISK for Table:userTable
2019-09-26 17:03:43,833 [main] INFO  db.DBStoreBuilder (DBStoreBuilder.java:addTable(110)) - using custom profile for table: volumeTable
2019-09-26 17:03:43,833 [main] INFO  db.DBStoreBuilder (DBStoreBuilder.java:processTables(161)) - Using default column profile:DBProfile.DISK for Table:volumeTable
2019-09-26 17:03:43,834 [main] INFO  db.DBStoreBuilder (DBStoreBuilder.java:addTable(110)) - using custom profile for table: bucketTable
2019-09-26 17:03:43,834 [main] INFO  db.DBStoreBuilder (DBStoreBuilder.java:processTables(161)) - Using default column profile:DBProfile.DISK for Table:bucketTable
2019-09-26 17:03:43,834 [main] INFO  db.DBStoreBuilder (DBStoreBuilder.java:addTable(110)) - using custom profile for table: keyTable
2019-09-26 17:03:43,834 [main] INFO  db.DBStoreBuilder (DBStoreBuilder.java:processTables(161)) - Using default column profile:DBProfile.DISK for Table:keyTable
2019-09-26 17:03:43,835 [main] INFO  db.DBStoreBuilder (DBStoreBuilder.java:addTable(110)) - using custom profile for table: deletedTable
2019-09-26 17:03:43,835 [main] INFO  db.DBStoreBuilder (DBStoreBuilder.java:processTables(161)) - Using default column profile:DBProfile.DISK for Table:deletedTable
2019-09-26 17:03:43,835 [main] INFO  db.DBStoreBuilder (DBStoreBuilder.java:addTable(110)) - using custom profile for table: openKeyTable
2019-09-26 17:03:43,835 [main] INFO  db.DBStoreBuilder (DBStoreBuilder.java:processTables(161)) - Using default column profile:DBProfile.DISK for Table:openKeyTable
2019-09-26 17:03:43,836 [main] INFO  db.DBStoreBuilder (DBStoreBuilder.java:addTable(110)) - using custom profile for table: s3Table
2019-09-26 17:03:43,836 [main] INFO  db.DBStoreBuilder (DBStoreBuilder.java:processTables(161)) - Using default column profile:DBProfile.DISK for Table:s3Table
2019-09-26 17:03:43,836 [main] INFO  db.DBStoreBuilder (DBStoreBuilder.java:addTable(110)) - using custom profile for table: multipartInfoTable
2019-09-26 17:03:43,836 [main] INFO  db.DBStoreBuilder (DBStoreBuilder.java:processTables(161)) - Using default column profile:DBProfile.DISK for Table:multipartInfoTable
2019-09-26 17:03:43,837 [main] INFO  db.DBStoreBuilder (DBStoreBuilder.java:addTable(110)) - using custom profile for table: dTokenTable
2019-09-26 17:03:43,837 [main] INFO  db.DBStoreBuilder (DBStoreBuilder.java:processTables(161)) - Using default column profile:DBProfile.DISK for Table:dTokenTable
2019-09-26 17:03:43,837 [main] INFO  db.DBStoreBuilder (DBStoreBuilder.java:addTable(110)) - using custom profile for table: s3SecretTable
2019-09-26 17:03:43,837 [main] INFO  db.DBStoreBuilder (DBStoreBuilder.java:processTables(161)) - Using default column profile:DBProfile.DISK for Table:s3SecretTable
2019-09-26 17:03:43,838 [main] INFO  db.DBStoreBuilder (DBStoreBuilder.java:addTable(110)) - using custom profile for table: prefixTable
2019-09-26 17:03:43,838 [main] INFO  db.DBStoreBuilder (DBStoreBuilder.java:processTables(161)) - Using default column profile:DBProfile.DISK for Table:prefixTable
2019-09-26 17:03:43,838 [main] INFO  db.DBStoreBuilder (DBStoreBuilder.java:addTable(110)) - using custom profile for table: default
2019-09-26 17:03:43,838 [main] INFO  db.DBStoreBuilder (DBStoreBuilder.java:processTables(167)) - Using default column profile:DBProfile.DISK for Table:default
2019-09-26 17:03:43,839 [main] INFO  db.DBStoreBuilder (DBStoreBuilder.java:getDbProfile(198)) - Using default options. DBProfile.DISK
2019-09-26 17:03:44,368 [main] INFO  ipc.CallQueueManager (CallQueueManager.java:<init>(84)) - Using callQueue: class java.util.concurrent.LinkedBlockingQueue, queueCapacity: 2000, scheduler: class org.apache.hadoop.ipc.DefaultRpcScheduler, ipcBackoff: false.
2019-09-26 17:03:44,370 [Socket Reader #1 for port 32908] INFO  ipc.Server (Server.java:run(1074)) - Starting Socket Reader #1 for port 32908
2019-09-26 17:03:44,392 [main] INFO  om.OzoneManager (OzoneManager.java:start(1069)) - OzoneManager RPC server is listening at localhost/127.0.0.1:32908
2019-09-26 17:03:44,392 [main] INFO  impl.MetricsSystemImpl (MetricsSystemImpl.java:init(158)) - OzoneManager metrics system started (again)
2019-09-26 17:03:44,394 [IPC Server Responder] INFO  ipc.Server (Server.java:run(1314)) - IPC Server Responder: starting
2019-09-26 17:03:44,395 [IPC Server listener on 32908] INFO  ipc.Server (Server.java:run(1153)) - IPC Server listener on 32908: starting
2019-09-26 17:03:44,407 [main] INFO  hdfs.DFSUtil (DFSUtil.java:httpServerTemplateForNNAndJN(1641)) - Starting Web-server for ozoneManager at: http://0.0.0.0:0
2019-09-26 17:03:44,410 [main] INFO  server.AuthenticationFilter (AuthenticationFilter.java:constructSecretProvider(240)) - Unable to initialize FileSignerSecretProvider, falling back to use random secrets.
2019-09-26 17:03:44,411 [main] WARN  http.HttpRequestLog (HttpRequestLog.java:getRequestLog(97)) - Jetty request log can only be enabled using Log4j
2019-09-26 17:03:44,414 [main] INFO  http.HttpServer2 (HttpServer2.java:addGlobalFilter(975)) - Added global filter 'safety' (class=org.apache.hadoop.http.HttpServer2$QuotingInputFilter)
2019-09-26 17:03:44,416 [main] INFO  http.HttpServer2 (HttpServer2.java:addFilter(948)) - Added filter static_user_filter (class=org.apache.hadoop.http.lib.StaticUserWebFilter$StaticUserFilter) to context ozoneManager
2019-09-26 17:03:44,416 [main] INFO  http.HttpServer2 (HttpServer2.java:addFilter(958)) - Added filter static_user_filter (class=org.apache.hadoop.http.lib.StaticUserWebFilter$StaticUserFilter) to context logs
2019-09-26 17:03:44,417 [main] INFO  http.HttpServer2 (HttpServer2.java:addFilter(958)) - Added filter static_user_filter (class=org.apache.hadoop.http.lib.StaticUserWebFilter$StaticUserFilter) to context static
2019-09-26 17:03:44,420 [main] INFO  http.HttpServer2 (HttpServer2.java:bindListener(1191)) - Jetty bound to port 39172
2019-09-26 17:03:44,420 [main] INFO  server.Server (Server.java:doStart(351)) - jetty-9.3.25.v20180904, build timestamp: 2018-09-04T21:11:46Z, git hash: 3ce520221d0240229c862b122d2b06c12a625732
2019-09-26 17:03:44,423 [main] INFO  handler.ContextHandler (ContextHandler.java:doStart(781)) - Started o.e.j.s.ServletContextHandler@49aa766b{/logs,file:///workdir/hadoop-ozone/integration-test/target/log,AVAILABLE}
2019-09-26 17:03:44,424 [main] INFO  handler.ContextHandler (ContextHandler.java:doStart(781)) - Started o.e.j.s.ServletContextHandler@65004ff6{/static,file:///workdir/hadoop-ozone/integration-test/target/test-classes/webapps/static,AVAILABLE}
2019-09-26 17:03:44,432 [main] INFO  handler.ContextHandler (ContextHandler.java:doStart(781)) - Started o.e.j.w.WebAppContext@4158debd{/,file:///workdir/hadoop-ozone/integration-test/target/test-classes/webapps/ozoneManager/,AVAILABLE}{/ozoneManager}
2019-09-26 17:03:44,434 [main] INFO  server.AbstractConnector (AbstractConnector.java:doStart(278)) - Started ServerConnector@af78c87{HTTP/1.1,[http/1.1]}{0.0.0.0:39172}
2019-09-26 17:03:44,436 [main] INFO  server.Server (Server.java:doStart(419)) - Started @4515ms
2019-09-26 17:03:44,436 [main] WARN  impl.MetricsSystemImpl (MetricsSystemImpl.java:register(276)) - Sink prometheus already exists!
2019-09-26 17:03:44,437 [main] INFO  server.BaseHttpServer (BaseHttpServer.java:updateConnectorAddress(215)) - HTTP server of OZONEMANAGER is listening at http://0.0.0.0:39172
2019-09-26 17:03:44,793 [main] INFO  impl.MetricsSystemImpl (MetricsSystemImpl.java:init(158)) - HddsDatanode metrics system started (again)
2019-09-26 17:03:44,875 [main] INFO  ozone.HddsDatanodeService (HddsDatanodeService.java:start(184)) - HddsDatanodeService host:pr-hdds-2162-htzpk-1451759861 ip:192.168.157.234
2019-09-26 17:03:44,915 [main] INFO  volume.HddsVolume (HddsVolume.java:<init>(176)) - Creating Volume: /workdir/hadoop-ozone/integration-test/target/test-dir/MiniOzoneClusterImpl-d6ca620c-cb63-484f-a581-7c0900b96a5f/datanode-0/data/containers/hdds of  storage type : DISK and capacity : 1482555576320
2019-09-26 17:03:44,918 [main] INFO  volume.VolumeSet (VolumeSet.java:initializeVolumeSet(170)) - Added Volume : /workdir/hadoop-ozone/integration-test/target/test-dir/MiniOzoneClusterImpl-d6ca620c-cb63-484f-a581-7c0900b96a5f/datanode-0/data/containers/hdds to VolumeSet
2019-09-26 17:03:44,922 [main] INFO  volume.ThrottledAsyncChecker (ThrottledAsyncChecker.java:schedule(139)) - Scheduling a check for org.apache.hadoop.ozone.container.common.volume.HddsVolume@bb9ab64
2019-09-26 17:03:44,939 [main] INFO  volume.HddsVolumeChecker (HddsVolumeChecker.java:checkAllVolumes(202)) - Scheduled health check for volume org.apache.hadoop.ozone.container.common.volume.HddsVolume@bb9ab64
2019-09-26 17:03:45,049 [main] INFO  impl.RaftServerProxy (ConfUtils.java:logGet(43)) - raft.rpc.type = GRPC (default)
2019-09-26 17:03:45,130 [main] INFO  grpc.GrpcFactory (GrpcFactory.java:checkPooledByteBufAllocatorUseCacheForAllThreads(45)) - PERFORMANCE WARNING: useCacheForAllThreads is true that may cause Netty to create a lot garbage objects and, as a result, trigger GC.
	It is recommended to disable useCacheForAllThreads by setting -Dorg.apache.ratis.thirdparty.io.netty.allocator.useCacheForAllThreads=false in command line.
2019-09-26 17:03:45,139 [main] INFO  grpc.GrpcConfigKeys$Server (ConfUtils.java:logGet(43)) - raft.grpc.server.port = 0 (default)
2019-09-26 17:03:45,141 [main] INFO  server.GrpcService (ConfUtils.java:logGet(43)) - raft.grpc.message.size.max = 33570816 (custom)
2019-09-26 17:03:45,143 [main] INFO  server.RaftServerConfigKeys (ConfUtils.java:logGet(43)) - raft.server.log.appender.buffer.byte-limit = 33554432 (custom)
2019-09-26 17:03:45,145 [main] INFO  server.GrpcService (ConfUtils.java:logGet(43)) - raft.grpc.flow.control.window = 1MB (=1048576) (default)
2019-09-26 17:03:45,146 [main] INFO  server.RaftServerConfigKeys (ConfUtils.java:logGet(43)) - raft.server.rpc.request.timeout = 3000ms (default)
2019-09-26 17:03:45,356 [main] INFO  server.RaftServerConfigKeys (ConfUtils.java:logGet(43)) - raft.server.storage.dir = [/workdir/hadoop-ozone/integration-test/target/test-dir/MiniOzoneClusterImpl-d6ca620c-cb63-484f-a581-7c0900b96a5f/datanode-0/data/ratis] (custom)
2019-09-26 17:03:45,426 [main] INFO  hdfs.DFSUtil (DFSUtil.java:httpServerTemplateForNNAndJN(1641)) - Starting Web-server for hddsDatanode at: http://0.0.0.0:0
2019-09-26 17:03:45,430 [main] INFO  server.AuthenticationFilter (AuthenticationFilter.java:constructSecretProvider(240)) - Unable to initialize FileSignerSecretProvider, falling back to use random secrets.
2019-09-26 17:03:45,431 [main] WARN  http.HttpRequestLog (HttpRequestLog.java:getRequestLog(97)) - Jetty request log can only be enabled using Log4j
2019-09-26 17:03:45,434 [main] INFO  http.HttpServer2 (HttpServer2.java:addGlobalFilter(975)) - Added global filter 'safety' (class=org.apache.hadoop.http.HttpServer2$QuotingInputFilter)
2019-09-26 17:03:45,435 [main] INFO  http.HttpServer2 (HttpServer2.java:addFilter(948)) - Added filter static_user_filter (class=org.apache.hadoop.http.lib.StaticUserWebFilter$StaticUserFilter) to context hddsDatanode
2019-09-26 17:03:45,435 [main] INFO  http.HttpServer2 (HttpServer2.java:addFilter(958)) - Added filter static_user_filter (class=org.apache.hadoop.http.lib.StaticUserWebFilter$StaticUserFilter) to context static
2019-09-26 17:03:45,436 [main] INFO  http.HttpServer2 (HttpServer2.java:addFilter(958)) - Added filter static_user_filter (class=org.apache.hadoop.http.lib.StaticUserWebFilter$StaticUserFilter) to context logs
2019-09-26 17:03:45,437 [main] INFO  http.HttpServer2 (HttpServer2.java:bindListener(1191)) - Jetty bound to port 34746
2019-09-26 17:03:45,438 [main] INFO  server.Server (Server.java:doStart(351)) - jetty-9.3.25.v20180904, build timestamp: 2018-09-04T21:11:46Z, git hash: 3ce520221d0240229c862b122d2b06c12a625732
2019-09-26 17:03:45,441 [main] INFO  handler.ContextHandler (ContextHandler.java:doStart(781)) - Started o.e.j.s.ServletContextHandler@26f46fa6{/logs,file:///workdir/hadoop-ozone/integration-test/target/log,AVAILABLE}
2019-09-26 17:03:45,442 [main] INFO  handler.ContextHandler (ContextHandler.java:doStart(781)) - Started o.e.j.s.ServletContextHandler@9596ce8{/static,jar:file:/home/user/.m2/repository/org/apache/hadoop/hadoop-hdds-container-service/0.5.0-SNAPSHOT/hadoop-hdds-container-service-0.5.0-SNAPSHOT.jar!/webapps/static,AVAILABLE}
2019-09-26 17:03:45,491 [main] INFO  handler.ContextHandler (ContextHandler.java:doStart(781)) - Started o.e.j.w.WebAppContext@623dcf2a{/,file:///tmp/jetty-0.0.0.0-34746-hddsDatanode-_-any-3923889647129913601.dir/webapp/,AVAILABLE}{/hddsDatanode}
2019-09-26 17:03:45,492 [main] INFO  server.AbstractConnector (AbstractConnector.java:doStart(278)) - Started ServerConnector@2eae4349{HTTP/1.1,[http/1.1]}{0.0.0.0:34746}
2019-09-26 17:03:45,493 [main] INFO  server.Server (Server.java:doStart(419)) - Started @5573ms
2019-09-26 17:03:45,494 [main] WARN  impl.MetricsSystemImpl (MetricsSystemImpl.java:register(276)) - Sink prometheus already exists!
2019-09-26 17:03:45,495 [main] INFO  server.BaseHttpServer (BaseHttpServer.java:updateConnectorAddress(215)) - HTTP server of HDDSDATANODE is listening at http://0.0.0.0:34746
2019-09-26 17:03:45,496 [main] INFO  impl.MetricsSystemImpl (MetricsSystemImpl.java:init(158)) - HddsDatanode metrics system started (again)
2019-09-26 17:03:45,499 [main] INFO  ozone.HddsDatanodeService (HddsDatanodeService.java:start(184)) - HddsDatanodeService host:pr-hdds-2162-htzpk-1451759861 ip:192.168.157.234
2019-09-26 17:03:45,502 [org.apache.hadoop.util.JvmPauseMonitor$Monitor@51c76df3] INFO  util.JvmPauseMonitor (JvmPauseMonitor.java:run(188)) - Starting JVM pause monitor
2019-09-26 17:03:45,509 [main] INFO  volume.HddsVolume (HddsVolume.java:<init>(176)) - Creating Volume: /workdir/hadoop-ozone/integration-test/target/test-dir/MiniOzoneClusterImpl-d6ca620c-cb63-484f-a581-7c0900b96a5f/datanode-1/data/containers/hdds of  storage type : DISK and capacity : 1482555576320
2019-09-26 17:03:45,510 [main] INFO  volume.VolumeSet (VolumeSet.java:initializeVolumeSet(170)) - Added Volume : /workdir/hadoop-ozone/integration-test/target/test-dir/MiniOzoneClusterImpl-d6ca620c-cb63-484f-a581-7c0900b96a5f/datanode-1/data/containers/hdds to VolumeSet
2019-09-26 17:03:45,510 [main] INFO  volume.ThrottledAsyncChecker (ThrottledAsyncChecker.java:schedule(139)) - Scheduling a check for org.apache.hadoop.ozone.container.common.volume.HddsVolume@654c7d2d
2019-09-26 17:03:45,511 [main] INFO  volume.HddsVolumeChecker (HddsVolumeChecker.java:checkAllVolumes(202)) - Scheduled health check for volume org.apache.hadoop.ozone.container.common.volume.HddsVolume@654c7d2d
2019-09-26 17:03:45,526 [main] INFO  impl.RaftServerProxy (ConfUtils.java:logGet(43)) - raft.rpc.type = GRPC (default)
2019-09-26 17:03:45,526 [main] INFO  grpc.GrpcFactory (GrpcFactory.java:checkPooledByteBufAllocatorUseCacheForAllThreads(45)) - PERFORMANCE WARNING: useCacheForAllThreads is true that may cause Netty to create a lot garbage objects and, as a result, trigger GC.
	It is recommended to disable useCacheForAllThreads by setting -Dorg.apache.ratis.thirdparty.io.netty.allocator.useCacheForAllThreads=false in command line.
2019-09-26 17:03:45,526 [main] INFO  grpc.GrpcConfigKeys$Server (ConfUtils.java:logGet(43)) - raft.grpc.server.port = 0 (default)
2019-09-26 17:03:45,526 [main] INFO  server.GrpcService (ConfUtils.java:logGet(43)) - raft.grpc.message.size.max = 33570816 (custom)
2019-09-26 17:03:45,527 [main] INFO  server.RaftServerConfigKeys (ConfUtils.java:logGet(43)) - raft.server.log.appender.buffer.byte-limit = 33554432 (custom)
2019-09-26 17:03:45,527 [main] INFO  server.GrpcService (ConfUtils.java:logGet(43)) - raft.grpc.flow.control.window = 1MB (=1048576) (default)
2019-09-26 17:03:45,527 [main] INFO  server.RaftServerConfigKeys (ConfUtils.java:logGet(43)) - raft.server.rpc.request.timeout = 3000ms (default)
2019-09-26 17:03:45,528 [main] INFO  server.RaftServerConfigKeys (ConfUtils.java:logGet(43)) - raft.server.storage.dir = [/workdir/hadoop-ozone/integration-test/target/test-dir/MiniOzoneClusterImpl-d6ca620c-cb63-484f-a581-7c0900b96a5f/datanode-1/data/ratis] (custom)
2019-09-26 17:03:45,530 [main] INFO  hdfs.DFSUtil (DFSUtil.java:httpServerTemplateForNNAndJN(1641)) - Starting Web-server for hddsDatanode at: http://0.0.0.0:0
2019-09-26 17:03:45,532 [main] INFO  server.AuthenticationFilter (AuthenticationFilter.java:constructSecretProvider(240)) - Unable to initialize FileSignerSecretProvider, falling back to use random secrets.
2019-09-26 17:03:45,532 [main] WARN  http.HttpRequestLog (HttpRequestLog.java:getRequestLog(97)) - Jetty request log can only be enabled using Log4j
2019-09-26 17:03:45,534 [main] INFO  http.HttpServer2 (HttpServer2.java:addGlobalFilter(975)) - Added global filter 'safety' (class=org.apache.hadoop.http.HttpServer2$QuotingInputFilter)
2019-09-26 17:03:45,535 [main] INFO  http.HttpServer2 (HttpServer2.java:addFilter(948)) - Added filter static_user_filter (class=org.apache.hadoop.http.lib.StaticUserWebFilter$StaticUserFilter) to context hddsDatanode
2019-09-26 17:03:45,535 [main] INFO  http.HttpServer2 (HttpServer2.java:addFilter(958)) - Added filter static_user_filter (class=org.apache.hadoop.http.lib.StaticUserWebFilter$StaticUserFilter) to context logs
2019-09-26 17:03:45,535 [main] INFO  http.HttpServer2 (HttpServer2.java:addFilter(958)) - Added filter static_user_filter (class=org.apache.hadoop.http.lib.StaticUserWebFilter$StaticUserFilter) to context static
2019-09-26 17:03:45,536 [main] INFO  http.HttpServer2 (HttpServer2.java:bindListener(1191)) - Jetty bound to port 45560
2019-09-26 17:03:45,536 [main] INFO  server.Server (Server.java:doStart(351)) - jetty-9.3.25.v20180904, build timestamp: 2018-09-04T21:11:46Z, git hash: 3ce520221d0240229c862b122d2b06c12a625732
2019-09-26 17:03:45,540 [main] INFO  handler.ContextHandler (ContextHandler.java:doStart(781)) - Started o.e.j.s.ServletContextHandler@3bbf841e{/logs,file:///workdir/hadoop-ozone/integration-test/target/log,AVAILABLE}
2019-09-26 17:03:45,541 [main] INFO  handler.ContextHandler (ContextHandler.java:doStart(781)) - Started o.e.j.s.ServletContextHandler@56a4f272{/static,jar:file:/home/user/.m2/repository/org/apache/hadoop/hadoop-hdds-container-service/0.5.0-SNAPSHOT/hadoop-hdds-container-service-0.5.0-SNAPSHOT.jar!/webapps/static,AVAILABLE}
2019-09-26 17:03:45,586 [main] INFO  handler.ContextHandler (ContextHandler.java:doStart(781)) - Started o.e.j.w.WebAppContext@6cff61fc{/,file:///tmp/jetty-0.0.0.0-45560-hddsDatanode-_-any-2845575054579558216.dir/webapp/,AVAILABLE}{/hddsDatanode}
2019-09-26 17:03:45,587 [main] INFO  server.AbstractConnector (AbstractConnector.java:doStart(278)) - Started ServerConnector@6e0c6a7a{HTTP/1.1,[http/1.1]}{0.0.0.0:45560}
2019-09-26 17:03:45,588 [main] INFO  server.Server (Server.java:doStart(419)) - Started @5669ms
2019-09-26 17:03:45,589 [main] WARN  impl.MetricsSystemImpl (MetricsSystemImpl.java:register(276)) - Sink prometheus already exists!
2019-09-26 17:03:45,590 [main] INFO  server.BaseHttpServer (BaseHttpServer.java:updateConnectorAddress(215)) - HTTP server of HDDSDATANODE is listening at http://0.0.0.0:45560
2019-09-26 17:03:45,590 [main] INFO  impl.MetricsSystemImpl (MetricsSystemImpl.java:init(158)) - HddsDatanode metrics system started (again)
2019-09-26 17:03:45,593 [org.apache.hadoop.util.JvmPauseMonitor$Monitor@52ea5db] INFO  util.JvmPauseMonitor (JvmPauseMonitor.java:run(188)) - Starting JVM pause monitor
2019-09-26 17:03:45,593 [main] INFO  ozone.HddsDatanodeService (HddsDatanodeService.java:start(184)) - HddsDatanodeService host:pr-hdds-2162-htzpk-1451759861 ip:192.168.157.234
2019-09-26 17:03:45,602 [main] INFO  volume.HddsVolume (HddsVolume.java:<init>(176)) - Creating Volume: /workdir/hadoop-ozone/integration-test/target/test-dir/MiniOzoneClusterImpl-d6ca620c-cb63-484f-a581-7c0900b96a5f/datanode-2/data/containers/hdds of  storage type : DISK and capacity : 1482555576320
2019-09-26 17:03:45,602 [main] INFO  volume.VolumeSet (VolumeSet.java:initializeVolumeSet(170)) - Added Volume : /workdir/hadoop-ozone/integration-test/target/test-dir/MiniOzoneClusterImpl-d6ca620c-cb63-484f-a581-7c0900b96a5f/datanode-2/data/containers/hdds to VolumeSet
2019-09-26 17:03:45,603 [main] INFO  volume.ThrottledAsyncChecker (ThrottledAsyncChecker.java:schedule(139)) - Scheduling a check for org.apache.hadoop.ozone.container.common.volume.HddsVolume@799ed4e8
2019-09-26 17:03:45,603 [main] INFO  volume.HddsVolumeChecker (HddsVolumeChecker.java:checkAllVolumes(202)) - Scheduled health check for volume org.apache.hadoop.ozone.container.common.volume.HddsVolume@799ed4e8
2019-09-26 17:03:45,618 [main] INFO  impl.RaftServerProxy (ConfUtils.java:logGet(43)) - raft.rpc.type = GRPC (default)
2019-09-26 17:03:45,618 [main] INFO  grpc.GrpcFactory (GrpcFactory.java:checkPooledByteBufAllocatorUseCacheForAllThreads(45)) - PERFORMANCE WARNING: useCacheForAllThreads is true that may cause Netty to create a lot garbage objects and, as a result, trigger GC.
	It is recommended to disable useCacheForAllThreads by setting -Dorg.apache.ratis.thirdparty.io.netty.allocator.useCacheForAllThreads=false in command line.
2019-09-26 17:03:45,619 [main] INFO  grpc.GrpcConfigKeys$Server (ConfUtils.java:logGet(43)) - raft.grpc.server.port = 0 (default)
2019-09-26 17:03:45,619 [Datanode State Machine Thread - 0] INFO  datanode.InitDatanodeState (InitDatanodeState.java:persistContainerDatanodeDetails(140)) - DatanodeDetails is persisted to /workdir/hadoop-ozone/integration-test/target/test-dir/MiniOzoneClusterImpl-d6ca620c-cb63-484f-a581-7c0900b96a5f/datanode-0/meta/datanode.id
2019-09-26 17:03:45,619 [main] INFO  server.GrpcService (ConfUtils.java:logGet(43)) - raft.grpc.message.size.max = 33570816 (custom)
2019-09-26 17:03:45,619 [main] INFO  server.RaftServerConfigKeys (ConfUtils.java:logGet(43)) - raft.server.log.appender.buffer.byte-limit = 33554432 (custom)
2019-09-26 17:03:45,621 [main] INFO  server.GrpcService (ConfUtils.java:logGet(43)) - raft.grpc.flow.control.window = 1MB (=1048576) (default)
2019-09-26 17:03:45,621 [main] INFO  server.RaftServerConfigKeys (ConfUtils.java:logGet(43)) - raft.server.rpc.request.timeout = 3000ms (default)
2019-09-26 17:03:45,622 [main] INFO  server.RaftServerConfigKeys (ConfUtils.java:logGet(43)) - raft.server.storage.dir = [/workdir/hadoop-ozone/integration-test/target/test-dir/MiniOzoneClusterImpl-d6ca620c-cb63-484f-a581-7c0900b96a5f/datanode-2/data/ratis] (custom)
2019-09-26 17:03:45,622 [Datanode State Machine Thread - 0] INFO  datanode.InitDatanodeState (InitDatanodeState.java:persistContainerDatanodeDetails(140)) - DatanodeDetails is persisted to /workdir/hadoop-ozone/integration-test/target/test-dir/MiniOzoneClusterImpl-d6ca620c-cb63-484f-a581-7c0900b96a5f/datanode-1/meta/datanode.id
2019-09-26 17:03:45,624 [main] INFO  hdfs.DFSUtil (DFSUtil.java:httpServerTemplateForNNAndJN(1641)) - Starting Web-server for hddsDatanode at: http://0.0.0.0:0
2019-09-26 17:03:45,626 [main] INFO  server.AuthenticationFilter (AuthenticationFilter.java:constructSecretProvider(240)) - Unable to initialize FileSignerSecretProvider, falling back to use random secrets.
2019-09-26 17:03:45,626 [main] WARN  http.HttpRequestLog (HttpRequestLog.java:getRequestLog(97)) - Jetty request log can only be enabled using Log4j
2019-09-26 17:03:45,628 [main] INFO  http.HttpServer2 (HttpServer2.java:addGlobalFilter(975)) - Added global filter 'safety' (class=org.apache.hadoop.http.HttpServer2$QuotingInputFilter)
2019-09-26 17:03:45,628 [main] INFO  http.HttpServer2 (HttpServer2.java:addFilter(948)) - Added filter static_user_filter (class=org.apache.hadoop.http.lib.StaticUserWebFilter$StaticUserFilter) to context hddsDatanode
2019-09-26 17:03:45,629 [main] INFO  http.HttpServer2 (HttpServer2.java:addFilter(958)) - Added filter static_user_filter (class=org.apache.hadoop.http.lib.StaticUserWebFilter$StaticUserFilter) to context logs
2019-09-26 17:03:45,629 [main] INFO  http.HttpServer2 (HttpServer2.java:addFilter(958)) - Added filter static_user_filter (class=org.apache.hadoop.http.lib.StaticUserWebFilter$StaticUserFilter) to context static
2019-09-26 17:03:45,630 [main] INFO  http.HttpServer2 (HttpServer2.java:bindListener(1191)) - Jetty bound to port 36549
2019-09-26 17:03:45,630 [main] INFO  server.Server (Server.java:doStart(351)) - jetty-9.3.25.v20180904, build timestamp: 2018-09-04T21:11:46Z, git hash: 3ce520221d0240229c862b122d2b06c12a625732
2019-09-26 17:03:45,632 [main] INFO  handler.ContextHandler (ContextHandler.java:doStart(781)) - Started o.e.j.s.ServletContextHandler@5a6d30e2{/logs,file:///workdir/hadoop-ozone/integration-test/target/log,AVAILABLE}
2019-09-26 17:03:45,632 [main] INFO  handler.ContextHandler (ContextHandler.java:doStart(781)) - Started o.e.j.s.ServletContextHandler@a098d76{/static,jar:file:/home/user/.m2/repository/org/apache/hadoop/hadoop-hdds-container-service/0.5.0-SNAPSHOT/hadoop-hdds-container-service-0.5.0-SNAPSHOT.jar!/webapps/static,AVAILABLE}
2019-09-26 17:03:45,661 [main] INFO  handler.ContextHandler (ContextHandler.java:doStart(781)) - Started o.e.j.w.WebAppContext@784abd3e{/,file:///tmp/jetty-0.0.0.0-36549-hddsDatanode-_-any-5123175027512391519.dir/webapp/,AVAILABLE}{/hddsDatanode}
2019-09-26 17:03:45,662 [main] INFO  server.AbstractConnector (AbstractConnector.java:doStart(278)) - Started ServerConnector@36c2b646{HTTP/1.1,[http/1.1]}{0.0.0.0:36549}
2019-09-26 17:03:45,663 [main] INFO  server.Server (Server.java:doStart(419)) - Started @5743ms
2019-09-26 17:03:45,663 [main] WARN  impl.MetricsSystemImpl (MetricsSystemImpl.java:register(276)) - Sink prometheus already exists!
2019-09-26 17:03:45,665 [main] INFO  server.BaseHttpServer (BaseHttpServer.java:updateConnectorAddress(215)) - HTTP server of HDDSDATANODE is listening at http://0.0.0.0:36549
2019-09-26 17:03:45,665 [main] INFO  impl.MetricsSystemImpl (MetricsSystemImpl.java:init(158)) - HddsDatanode metrics system started (again)
2019-09-26 17:03:45,668 [main] INFO  ozone.HddsDatanodeService (HddsDatanodeService.java:start(184)) - HddsDatanodeService host:pr-hdds-2162-htzpk-1451759861 ip:192.168.157.234
2019-09-26 17:03:45,669 [org.apache.hadoop.util.JvmPauseMonitor$Monitor@7cc7fd6b] INFO  util.JvmPauseMonitor (JvmPauseMonitor.java:run(188)) - Starting JVM pause monitor
2019-09-26 17:03:45,672 [Datanode State Machine Thread - 0] INFO  datanode.InitDatanodeState (InitDatanodeState.java:persistContainerDatanodeDetails(140)) - DatanodeDetails is persisted to /workdir/hadoop-ozone/integration-test/target/test-dir/MiniOzoneClusterImpl-d6ca620c-cb63-484f-a581-7c0900b96a5f/datanode-2/meta/datanode.id
2019-09-26 17:03:45,677 [main] INFO  volume.HddsVolume (HddsVolume.java:<init>(176)) - Creating Volume: /workdir/hadoop-ozone/integration-test/target/test-dir/MiniOzoneClusterImpl-d6ca620c-cb63-484f-a581-7c0900b96a5f/datanode-3/data/containers/hdds of  storage type : DISK and capacity : 1482555576320
2019-09-26 17:03:45,677 [main] INFO  volume.VolumeSet (VolumeSet.java:initializeVolumeSet(170)) - Added Volume : /workdir/hadoop-ozone/integration-test/target/test-dir/MiniOzoneClusterImpl-d6ca620c-cb63-484f-a581-7c0900b96a5f/datanode-3/data/containers/hdds to VolumeSet
2019-09-26 17:03:45,678 [main] INFO  volume.ThrottledAsyncChecker (ThrottledAsyncChecker.java:schedule(139)) - Scheduling a check for org.apache.hadoop.ozone.container.common.volume.HddsVolume@443effcb
2019-09-26 17:03:45,678 [main] INFO  volume.HddsVolumeChecker (HddsVolumeChecker.java:checkAllVolumes(202)) - Scheduled health check for volume org.apache.hadoop.ozone.container.common.volume.HddsVolume@443effcb
2019-09-26 17:03:45,692 [main] INFO  impl.RaftServerProxy (ConfUtils.java:logGet(43)) - raft.rpc.type = GRPC (default)
2019-09-26 17:03:45,692 [main] INFO  grpc.GrpcFactory (GrpcFactory.java:checkPooledByteBufAllocatorUseCacheForAllThreads(45)) - PERFORMANCE WARNING: useCacheForAllThreads is true that may cause Netty to create a lot garbage objects and, as a result, trigger GC.
	It is recommended to disable useCacheForAllThreads by setting -Dorg.apache.ratis.thirdparty.io.netty.allocator.useCacheForAllThreads=false in command line.
2019-09-26 17:03:45,692 [main] INFO  grpc.GrpcConfigKeys$Server (ConfUtils.java:logGet(43)) - raft.grpc.server.port = 0 (default)
2019-09-26 17:03:45,692 [main] INFO  server.GrpcService (ConfUtils.java:logGet(43)) - raft.grpc.message.size.max = 33570816 (custom)
2019-09-26 17:03:45,693 [main] INFO  server.RaftServerConfigKeys (ConfUtils.java:logGet(43)) - raft.server.log.appender.buffer.byte-limit = 33554432 (custom)
2019-09-26 17:03:45,693 [main] INFO  server.GrpcService (ConfUtils.java:logGet(43)) - raft.grpc.flow.control.window = 1MB (=1048576) (default)
2019-09-26 17:03:45,693 [main] INFO  server.RaftServerConfigKeys (ConfUtils.java:logGet(43)) - raft.server.rpc.request.timeout = 3000ms (default)
2019-09-26 17:03:45,694 [main] INFO  server.RaftServerConfigKeys (ConfUtils.java:logGet(43)) - raft.server.storage.dir = [/workdir/hadoop-ozone/integration-test/target/test-dir/MiniOzoneClusterImpl-d6ca620c-cb63-484f-a581-7c0900b96a5f/datanode-3/data/ratis] (custom)
2019-09-26 17:03:45,695 [main] INFO  hdfs.DFSUtil (DFSUtil.java:httpServerTemplateForNNAndJN(1641)) - Starting Web-server for hddsDatanode at: http://0.0.0.0:0
2019-09-26 17:03:45,696 [main] INFO  server.AuthenticationFilter (AuthenticationFilter.java:constructSecretProvider(240)) - Unable to initialize FileSignerSecretProvider, falling back to use random secrets.
2019-09-26 17:03:45,697 [main] WARN  http.HttpRequestLog (HttpRequestLog.java:getRequestLog(97)) - Jetty request log can only be enabled using Log4j
2019-09-26 17:03:45,698 [main] INFO  http.HttpServer2 (HttpServer2.java:addGlobalFilter(975)) - Added global filter 'safety' (class=org.apache.hadoop.http.HttpServer2$QuotingInputFilter)
2019-09-26 17:03:45,699 [main] INFO  http.HttpServer2 (HttpServer2.java:addFilter(948)) - Added filter static_user_filter (class=org.apache.hadoop.http.lib.StaticUserWebFilter$StaticUserFilter) to context hddsDatanode
2019-09-26 17:03:45,699 [main] INFO  http.HttpServer2 (HttpServer2.java:addFilter(958)) - Added filter static_user_filter (class=org.apache.hadoop.http.lib.StaticUserWebFilter$StaticUserFilter) to context logs
2019-09-26 17:03:45,699 [main] INFO  http.HttpServer2 (HttpServer2.java:addFilter(958)) - Added filter static_user_filter (class=org.apache.hadoop.http.lib.StaticUserWebFilter$StaticUserFilter) to context static
2019-09-26 17:03:45,700 [main] INFO  http.HttpServer2 (HttpServer2.java:bindListener(1191)) - Jetty bound to port 36069
2019-09-26 17:03:45,700 [main] INFO  server.Server (Server.java:doStart(351)) - jetty-9.3.25.v20180904, build timestamp: 2018-09-04T21:11:46Z, git hash: 3ce520221d0240229c862b122d2b06c12a625732
2019-09-26 17:03:45,707 [main] INFO  handler.ContextHandler (ContextHandler.java:doStart(781)) - Started o.e.j.s.ServletContextHandler@5634d0f4{/logs,file:///workdir/hadoop-ozone/integration-test/target/log,AVAILABLE}
2019-09-26 17:03:45,708 [main] INFO  handler.ContextHandler (ContextHandler.java:doStart(781)) - Started o.e.j.s.ServletContextHandler@3d4e405e{/static,jar:file:/home/user/.m2/repository/org/apache/hadoop/hadoop-hdds-container-service/0.5.0-SNAPSHOT/hadoop-hdds-container-service-0.5.0-SNAPSHOT.jar!/webapps/static,AVAILABLE}
2019-09-26 17:03:45,737 [main] INFO  handler.ContextHandler (ContextHandler.java:doStart(781)) - Started o.e.j.w.WebAppContext@1859e2a4{/,file:///tmp/jetty-0.0.0.0-36069-hddsDatanode-_-any-6338037652891167316.dir/webapp/,AVAILABLE}{/hddsDatanode}
2019-09-26 17:03:45,737 [main] INFO  server.AbstractConnector (AbstractConnector.java:doStart(278)) - Started ServerConnector@46349b95{HTTP/1.1,[http/1.1]}{0.0.0.0:36069}
2019-09-26 17:03:45,738 [main] INFO  server.Server (Server.java:doStart(419)) - Started @5818ms
2019-09-26 17:03:45,739 [main] WARN  impl.MetricsSystemImpl (MetricsSystemImpl.java:register(276)) - Sink prometheus already exists!
2019-09-26 17:03:45,740 [main] INFO  server.BaseHttpServer (BaseHttpServer.java:updateConnectorAddress(215)) - HTTP server of HDDSDATANODE is listening at http://0.0.0.0:36069
2019-09-26 17:03:45,740 [main] INFO  impl.MetricsSystemImpl (MetricsSystemImpl.java:init(158)) - HddsDatanode metrics system started (again)
2019-09-26 17:03:45,744 [main] INFO  ozone.HddsDatanodeService (HddsDatanodeService.java:start(184)) - HddsDatanodeService host:pr-hdds-2162-htzpk-1451759861 ip:192.168.157.234
2019-09-26 17:03:45,744 [org.apache.hadoop.util.JvmPauseMonitor$Monitor@4ed0f1fc] INFO  util.JvmPauseMonitor (JvmPauseMonitor.java:run(188)) - Starting JVM pause monitor
2019-09-26 17:03:45,749 [Datanode State Machine Thread - 0] INFO  datanode.InitDatanodeState (InitDatanodeState.java:persistContainerDatanodeDetails(140)) - DatanodeDetails is persisted to /workdir/hadoop-ozone/integration-test/target/test-dir/MiniOzoneClusterImpl-d6ca620c-cb63-484f-a581-7c0900b96a5f/datanode-3/meta/datanode.id
2019-09-26 17:03:45,756 [main] INFO  volume.HddsVolume (HddsVolume.java:<init>(176)) - Creating Volume: /workdir/hadoop-ozone/integration-test/target/test-dir/MiniOzoneClusterImpl-d6ca620c-cb63-484f-a581-7c0900b96a5f/datanode-4/data/containers/hdds of  storage type : DISK and capacity : 1482555576320
2019-09-26 17:03:45,757 [main] INFO  volume.VolumeSet (VolumeSet.java:initializeVolumeSet(170)) - Added Volume : /workdir/hadoop-ozone/integration-test/target/test-dir/MiniOzoneClusterImpl-d6ca620c-cb63-484f-a581-7c0900b96a5f/datanode-4/data/containers/hdds to VolumeSet
2019-09-26 17:03:45,757 [main] INFO  volume.ThrottledAsyncChecker (ThrottledAsyncChecker.java:schedule(139)) - Scheduling a check for org.apache.hadoop.ozone.container.common.volume.HddsVolume@2f4c2cd4
2019-09-26 17:03:45,757 [main] INFO  volume.HddsVolumeChecker (HddsVolumeChecker.java:checkAllVolumes(202)) - Scheduled health check for volume org.apache.hadoop.ozone.container.common.volume.HddsVolume@2f4c2cd4
2019-09-26 17:03:45,772 [main] INFO  impl.RaftServerProxy (ConfUtils.java:logGet(43)) - raft.rpc.type = GRPC (default)
2019-09-26 17:03:45,773 [main] INFO  grpc.GrpcFactory (GrpcFactory.java:checkPooledByteBufAllocatorUseCacheForAllThreads(45)) - PERFORMANCE WARNING: useCacheForAllThreads is true that may cause Netty to create a lot garbage objects and, as a result, trigger GC.
	It is recommended to disable useCacheForAllThreads by setting -Dorg.apache.ratis.thirdparty.io.netty.allocator.useCacheForAllThreads=false in command line.
2019-09-26 17:03:45,773 [main] INFO  grpc.GrpcConfigKeys$Server (ConfUtils.java:logGet(43)) - raft.grpc.server.port = 0 (default)
2019-09-26 17:03:45,774 [main] INFO  server.GrpcService (ConfUtils.java:logGet(43)) - raft.grpc.message.size.max = 33570816 (custom)
2019-09-26 17:03:45,774 [main] INFO  server.RaftServerConfigKeys (ConfUtils.java:logGet(43)) - raft.server.log.appender.buffer.byte-limit = 33554432 (custom)
2019-09-26 17:03:45,774 [main] INFO  server.GrpcService (ConfUtils.java:logGet(43)) - raft.grpc.flow.control.window = 1MB (=1048576) (default)
2019-09-26 17:03:45,775 [main] INFO  server.RaftServerConfigKeys (ConfUtils.java:logGet(43)) - raft.server.rpc.request.timeout = 3000ms (default)
2019-09-26 17:03:45,775 [main] INFO  server.RaftServerConfigKeys (ConfUtils.java:logGet(43)) - raft.server.storage.dir = [/workdir/hadoop-ozone/integration-test/target/test-dir/MiniOzoneClusterImpl-d6ca620c-cb63-484f-a581-7c0900b96a5f/datanode-4/data/ratis] (custom)
2019-09-26 17:03:45,778 [main] INFO  hdfs.DFSUtil (DFSUtil.java:httpServerTemplateForNNAndJN(1641)) - Starting Web-server for hddsDatanode at: http://0.0.0.0:0
2019-09-26 17:03:45,779 [main] INFO  server.AuthenticationFilter (AuthenticationFilter.java:constructSecretProvider(240)) - Unable to initialize FileSignerSecretProvider, falling back to use random secrets.
2019-09-26 17:03:45,779 [main] WARN  http.HttpRequestLog (HttpRequestLog.java:getRequestLog(97)) - Jetty request log can only be enabled using Log4j
2019-09-26 17:03:45,781 [main] INFO  http.HttpServer2 (HttpServer2.java:addGlobalFilter(975)) - Added global filter 'safety' (class=org.apache.hadoop.http.HttpServer2$QuotingInputFilter)
2019-09-26 17:03:45,781 [main] INFO  http.HttpServer2 (HttpServer2.java:addFilter(948)) - Added filter static_user_filter (class=org.apache.hadoop.http.lib.StaticUserWebFilter$StaticUserFilter) to context hddsDatanode
2019-09-26 17:03:45,781 [main] INFO  http.HttpServer2 (HttpServer2.java:addFilter(958)) - Added filter static_user_filter (class=org.apache.hadoop.http.lib.StaticUserWebFilter$StaticUserFilter) to context static
2019-09-26 17:03:45,782 [main] INFO  http.HttpServer2 (HttpServer2.java:addFilter(958)) - Added filter static_user_filter (class=org.apache.hadoop.http.lib.StaticUserWebFilter$StaticUserFilter) to context logs
2019-09-26 17:03:45,782 [main] INFO  http.HttpServer2 (HttpServer2.java:bindListener(1191)) - Jetty bound to port 43670
2019-09-26 17:03:45,783 [main] INFO  server.Server (Server.java:doStart(351)) - jetty-9.3.25.v20180904, build timestamp: 2018-09-04T21:11:46Z, git hash: 3ce520221d0240229c862b122d2b06c12a625732
2019-09-26 17:03:45,785 [main] INFO  handler.ContextHandler (ContextHandler.java:doStart(781)) - Started o.e.j.s.ServletContextHandler@44cffc25{/logs,file:///workdir/hadoop-ozone/integration-test/target/log,AVAILABLE}
2019-09-26 17:03:45,785 [main] INFO  handler.ContextHandler (ContextHandler.java:doStart(781)) - Started o.e.j.s.ServletContextHandler@25aeb5ac{/static,jar:file:/home/user/.m2/repository/org/apache/hadoop/hadoop-hdds-container-service/0.5.0-SNAPSHOT/hadoop-hdds-container-service-0.5.0-SNAPSHOT.jar!/webapps/static,AVAILABLE}
2019-09-26 17:03:45,813 [main] INFO  handler.ContextHandler (ContextHandler.java:doStart(781)) - Started o.e.j.w.WebAppContext@ff23ae7{/,file:///tmp/jetty-0.0.0.0-43670-hddsDatanode-_-any-7214795838446042142.dir/webapp/,AVAILABLE}{/hddsDatanode}
2019-09-26 17:03:45,815 [main] INFO  server.AbstractConnector (AbstractConnector.java:doStart(278)) - Started ServerConnector@423b2b62{HTTP/1.1,[http/1.1]}{0.0.0.0:43670}
2019-09-26 17:03:45,815 [main] INFO  server.Server (Server.java:doStart(419)) - Started @5896ms
2019-09-26 17:03:45,815 [main] WARN  impl.MetricsSystemImpl (MetricsSystemImpl.java:register(276)) - Sink prometheus already exists!
2019-09-26 17:03:45,816 [main] INFO  server.BaseHttpServer (BaseHttpServer.java:updateConnectorAddress(215)) - HTTP server of HDDSDATANODE is listening at http://0.0.0.0:43670
2019-09-26 17:03:45,816 [main] INFO  impl.MetricsSystemImpl (MetricsSystemImpl.java:init(158)) - HddsDatanode metrics system started (again)
2019-09-26 17:03:45,820 [main] INFO  ozone.HddsDatanodeService (HddsDatanodeService.java:start(184)) - HddsDatanodeService host:pr-hdds-2162-htzpk-1451759861 ip:192.168.157.234
2019-09-26 17:03:45,820 [org.apache.hadoop.util.JvmPauseMonitor$Monitor@72ebb79e] INFO  util.JvmPauseMonitor (JvmPauseMonitor.java:run(188)) - Starting JVM pause monitor
2019-09-26 17:03:45,824 [Datanode State Machine Thread - 0] INFO  datanode.InitDatanodeState (InitDatanodeState.java:persistContainerDatanodeDetails(140)) - DatanodeDetails is persisted to /workdir/hadoop-ozone/integration-test/target/test-dir/MiniOzoneClusterImpl-d6ca620c-cb63-484f-a581-7c0900b96a5f/datanode-4/meta/datanode.id
2019-09-26 17:03:45,829 [main] INFO  volume.HddsVolume (HddsVolume.java:<init>(176)) - Creating Volume: /workdir/hadoop-ozone/integration-test/target/test-dir/MiniOzoneClusterImpl-d6ca620c-cb63-484f-a581-7c0900b96a5f/datanode-5/data/containers/hdds of  storage type : DISK and capacity : 1482555576320
2019-09-26 17:03:45,830 [main] INFO  volume.VolumeSet (VolumeSet.java:initializeVolumeSet(170)) - Added Volume : /workdir/hadoop-ozone/integration-test/target/test-dir/MiniOzoneClusterImpl-d6ca620c-cb63-484f-a581-7c0900b96a5f/datanode-5/data/containers/hdds to VolumeSet
2019-09-26 17:03:45,830 [main] INFO  volume.ThrottledAsyncChecker (ThrottledAsyncChecker.java:schedule(139)) - Scheduling a check for org.apache.hadoop.ozone.container.common.volume.HddsVolume@75d4a80f
2019-09-26 17:03:45,831 [main] INFO  volume.HddsVolumeChecker (HddsVolumeChecker.java:checkAllVolumes(202)) - Scheduled health check for volume org.apache.hadoop.ozone.container.common.volume.HddsVolume@75d4a80f
2019-09-26 17:03:45,850 [main] INFO  impl.RaftServerProxy (ConfUtils.java:logGet(43)) - raft.rpc.type = GRPC (default)
2019-09-26 17:03:45,850 [main] INFO  grpc.GrpcFactory (GrpcFactory.java:checkPooledByteBufAllocatorUseCacheForAllThreads(45)) - PERFORMANCE WARNING: useCacheForAllThreads is true that may cause Netty to create a lot garbage objects and, as a result, trigger GC.
	It is recommended to disable useCacheForAllThreads by setting -Dorg.apache.ratis.thirdparty.io.netty.allocator.useCacheForAllThreads=false in command line.
2019-09-26 17:03:45,850 [main] INFO  grpc.GrpcConfigKeys$Server (ConfUtils.java:logGet(43)) - raft.grpc.server.port = 0 (default)
2019-09-26 17:03:45,851 [main] INFO  server.GrpcService (ConfUtils.java:logGet(43)) - raft.grpc.message.size.max = 33570816 (custom)
2019-09-26 17:03:45,851 [main] INFO  server.RaftServerConfigKeys (ConfUtils.java:logGet(43)) - raft.server.log.appender.buffer.byte-limit = 33554432 (custom)
2019-09-26 17:03:45,851 [main] INFO  server.GrpcService (ConfUtils.java:logGet(43)) - raft.grpc.flow.control.window = 1MB (=1048576) (default)
2019-09-26 17:03:45,851 [main] INFO  server.RaftServerConfigKeys (ConfUtils.java:logGet(43)) - raft.server.rpc.request.timeout = 3000ms (default)
2019-09-26 17:03:45,852 [main] INFO  server.RaftServerConfigKeys (ConfUtils.java:logGet(43)) - raft.server.storage.dir = [/workdir/hadoop-ozone/integration-test/target/test-dir/MiniOzoneClusterImpl-d6ca620c-cb63-484f-a581-7c0900b96a5f/datanode-5/data/ratis] (custom)
2019-09-26 17:03:45,853 [main] INFO  hdfs.DFSUtil (DFSUtil.java:httpServerTemplateForNNAndJN(1641)) - Starting Web-server for hddsDatanode at: http://0.0.0.0:0
2019-09-26 17:03:45,855 [main] INFO  server.AuthenticationFilter (AuthenticationFilter.java:constructSecretProvider(240)) - Unable to initialize FileSignerSecretProvider, falling back to use random secrets.
2019-09-26 17:03:45,855 [main] WARN  http.HttpRequestLog (HttpRequestLog.java:getRequestLog(97)) - Jetty request log can only be enabled using Log4j
2019-09-26 17:03:45,858 [main] INFO  http.HttpServer2 (HttpServer2.java:addGlobalFilter(975)) - Added global filter 'safety' (class=org.apache.hadoop.http.HttpServer2$QuotingInputFilter)
2019-09-26 17:03:45,858 [main] INFO  http.HttpServer2 (HttpServer2.java:addFilter(948)) - Added filter static_user_filter (class=org.apache.hadoop.http.lib.StaticUserWebFilter$StaticUserFilter) to context hddsDatanode
2019-09-26 17:03:45,858 [main] INFO  http.HttpServer2 (HttpServer2.java:addFilter(958)) - Added filter static_user_filter (class=org.apache.hadoop.http.lib.StaticUserWebFilter$StaticUserFilter) to context logs
2019-09-26 17:03:45,859 [main] INFO  http.HttpServer2 (HttpServer2.java:addFilter(958)) - Added filter static_user_filter (class=org.apache.hadoop.http.lib.StaticUserWebFilter$StaticUserFilter) to context static
2019-09-26 17:03:45,859 [main] INFO  http.HttpServer2 (HttpServer2.java:bindListener(1191)) - Jetty bound to port 39392
2019-09-26 17:03:45,859 [main] INFO  server.Server (Server.java:doStart(351)) - jetty-9.3.25.v20180904, build timestamp: 2018-09-04T21:11:46Z, git hash: 3ce520221d0240229c862b122d2b06c12a625732
2019-09-26 17:03:45,861 [main] INFO  handler.ContextHandler (ContextHandler.java:doStart(781)) - Started o.e.j.s.ServletContextHandler@3d96fa9e{/logs,file:///workdir/hadoop-ozone/integration-test/target/log,AVAILABLE}
2019-09-26 17:03:45,862 [main] INFO  handler.ContextHandler (ContextHandler.java:doStart(781)) - Started o.e.j.s.ServletContextHandler@77bb48d5{/static,jar:file:/home/user/.m2/repository/org/apache/hadoop/hadoop-hdds-container-service/0.5.0-SNAPSHOT/hadoop-hdds-container-service-0.5.0-SNAPSHOT.jar!/webapps/static,AVAILABLE}
2019-09-26 17:03:45,891 [main] INFO  handler.ContextHandler (ContextHandler.java:doStart(781)) - Started o.e.j.w.WebAppContext@2bfb6b49{/,file:///tmp/jetty-0.0.0.0-39392-hddsDatanode-_-any-1752322310988442081.dir/webapp/,AVAILABLE}{/hddsDatanode}
2019-09-26 17:03:45,891 [main] INFO  server.AbstractConnector (AbstractConnector.java:doStart(278)) - Started ServerConnector@1f346ad2{HTTP/1.1,[http/1.1]}{0.0.0.0:39392}
2019-09-26 17:03:45,892 [main] INFO  server.Server (Server.java:doStart(419)) - Started @5973ms
2019-09-26 17:03:45,893 [main] WARN  impl.MetricsSystemImpl (MetricsSystemImpl.java:register(276)) - Sink prometheus already exists!
2019-09-26 17:03:45,893 [main] INFO  server.BaseHttpServer (BaseHttpServer.java:updateConnectorAddress(215)) - HTTP server of HDDSDATANODE is listening at http://0.0.0.0:39392
2019-09-26 17:03:45,893 [main] INFO  impl.MetricsSystemImpl (MetricsSystemImpl.java:init(158)) - HddsDatanode metrics system started (again)
2019-09-26 17:03:45,897 [main] INFO  ozone.HddsDatanodeService (HddsDatanodeService.java:start(184)) - HddsDatanodeService host:pr-hdds-2162-htzpk-1451759861 ip:192.168.157.234
2019-09-26 17:03:45,897 [org.apache.hadoop.util.JvmPauseMonitor$Monitor@74d6804f] INFO  util.JvmPauseMonitor (JvmPauseMonitor.java:run(188)) - Starting JVM pause monitor
2019-09-26 17:03:45,901 [Datanode State Machine Thread - 0] INFO  datanode.InitDatanodeState (InitDatanodeState.java:persistContainerDatanodeDetails(140)) - DatanodeDetails is persisted to /workdir/hadoop-ozone/integration-test/target/test-dir/MiniOzoneClusterImpl-d6ca620c-cb63-484f-a581-7c0900b96a5f/datanode-5/meta/datanode.id
2019-09-26 17:03:45,905 [main] INFO  volume.HddsVolume (HddsVolume.java:<init>(176)) - Creating Volume: /workdir/hadoop-ozone/integration-test/target/test-dir/MiniOzoneClusterImpl-d6ca620c-cb63-484f-a581-7c0900b96a5f/datanode-6/data/containers/hdds of  storage type : DISK and capacity : 1482555576320
2019-09-26 17:03:45,905 [main] INFO  volume.VolumeSet (VolumeSet.java:initializeVolumeSet(170)) - Added Volume : /workdir/hadoop-ozone/integration-test/target/test-dir/MiniOzoneClusterImpl-d6ca620c-cb63-484f-a581-7c0900b96a5f/datanode-6/data/containers/hdds to VolumeSet
2019-09-26 17:03:45,905 [main] INFO  volume.ThrottledAsyncChecker (ThrottledAsyncChecker.java:schedule(139)) - Scheduling a check for org.apache.hadoop.ozone.container.common.volume.HddsVolume@173a6728
2019-09-26 17:03:45,906 [main] INFO  volume.HddsVolumeChecker (HddsVolumeChecker.java:checkAllVolumes(202)) - Scheduled health check for volume org.apache.hadoop.ozone.container.common.volume.HddsVolume@173a6728
2019-09-26 17:03:45,917 [main] INFO  impl.RaftServerProxy (ConfUtils.java:logGet(43)) - raft.rpc.type = GRPC (default)
2019-09-26 17:03:45,918 [main] INFO  grpc.GrpcFactory (GrpcFactory.java:checkPooledByteBufAllocatorUseCacheForAllThreads(45)) - PERFORMANCE WARNING: useCacheForAllThreads is true that may cause Netty to create a lot garbage objects and, as a result, trigger GC.
	It is recommended to disable useCacheForAllThreads by setting -Dorg.apache.ratis.thirdparty.io.netty.allocator.useCacheForAllThreads=false in command line.
2019-09-26 17:03:45,918 [main] INFO  grpc.GrpcConfigKeys$Server (ConfUtils.java:logGet(43)) - raft.grpc.server.port = 0 (default)
2019-09-26 17:03:45,919 [main] INFO  server.GrpcService (ConfUtils.java:logGet(43)) - raft.grpc.message.size.max = 33570816 (custom)
2019-09-26 17:03:45,919 [main] INFO  server.RaftServerConfigKeys (ConfUtils.java:logGet(43)) - raft.server.log.appender.buffer.byte-limit = 33554432 (custom)
2019-09-26 17:03:45,919 [main] INFO  server.GrpcService (ConfUtils.java:logGet(43)) - raft.grpc.flow.control.window = 1MB (=1048576) (default)
2019-09-26 17:03:45,920 [main] INFO  server.RaftServerConfigKeys (ConfUtils.java:logGet(43)) - raft.server.rpc.request.timeout = 3000ms (default)
2019-09-26 17:03:45,921 [main] INFO  server.RaftServerConfigKeys (ConfUtils.java:logGet(43)) - raft.server.storage.dir = [/workdir/hadoop-ozone/integration-test/target/test-dir/MiniOzoneClusterImpl-d6ca620c-cb63-484f-a581-7c0900b96a5f/datanode-6/data/ratis] (custom)
2019-09-26 17:03:45,923 [main] INFO  hdfs.DFSUtil (DFSUtil.java:httpServerTemplateForNNAndJN(1641)) - Starting Web-server for hddsDatanode at: http://0.0.0.0:0
2019-09-26 17:03:45,924 [main] INFO  server.AuthenticationFilter (AuthenticationFilter.java:constructSecretProvider(240)) - Unable to initialize FileSignerSecretProvider, falling back to use random secrets.
2019-09-26 17:03:45,925 [main] WARN  http.HttpRequestLog (HttpRequestLog.java:getRequestLog(97)) - Jetty request log can only be enabled using Log4j
2019-09-26 17:03:45,926 [main] INFO  http.HttpServer2 (HttpServer2.java:addGlobalFilter(975)) - Added global filter 'safety' (class=org.apache.hadoop.http.HttpServer2$QuotingInputFilter)
2019-09-26 17:03:45,927 [main] INFO  http.HttpServer2 (HttpServer2.java:addFilter(948)) - Added filter static_user_filter (class=org.apache.hadoop.http.lib.StaticUserWebFilter$StaticUserFilter) to context hddsDatanode
2019-09-26 17:03:45,927 [main] INFO  http.HttpServer2 (HttpServer2.java:addFilter(958)) - Added filter static_user_filter (class=org.apache.hadoop.http.lib.StaticUserWebFilter$StaticUserFilter) to context static
2019-09-26 17:03:45,927 [main] INFO  http.HttpServer2 (HttpServer2.java:addFilter(958)) - Added filter static_user_filter (class=org.apache.hadoop.http.lib.StaticUserWebFilter$StaticUserFilter) to context logs
2019-09-26 17:03:45,928 [main] INFO  http.HttpServer2 (HttpServer2.java:bindListener(1191)) - Jetty bound to port 33201
2019-09-26 17:03:45,928 [main] INFO  server.Server (Server.java:doStart(351)) - jetty-9.3.25.v20180904, build timestamp: 2018-09-04T21:11:46Z, git hash: 3ce520221d0240229c862b122d2b06c12a625732
2019-09-26 17:03:45,930 [main] INFO  handler.ContextHandler (ContextHandler.java:doStart(781)) - Started o.e.j.s.ServletContextHandler@1e1e9ef3{/logs,file:///workdir/hadoop-ozone/integration-test/target/log,AVAILABLE}
2019-09-26 17:03:45,930 [main] INFO  handler.ContextHandler (ContextHandler.java:doStart(781)) - Started o.e.j.s.ServletContextHandler@31c628e7{/static,jar:file:/home/user/.m2/repository/org/apache/hadoop/hadoop-hdds-container-service/0.5.0-SNAPSHOT/hadoop-hdds-container-service-0.5.0-SNAPSHOT.jar!/webapps/static,AVAILABLE}
2019-09-26 17:03:45,958 [main] INFO  handler.ContextHandler (ContextHandler.java:doStart(781)) - Started o.e.j.w.WebAppContext@5c5d6175{/,file:///tmp/jetty-0.0.0.0-33201-hddsDatanode-_-any-5335581683866228955.dir/webapp/,AVAILABLE}{/hddsDatanode}
2019-09-26 17:03:45,958 [main] INFO  server.AbstractConnector (AbstractConnector.java:doStart(278)) - Started ServerConnector@7544ac86{HTTP/1.1,[http/1.1]}{0.0.0.0:33201}
2019-09-26 17:03:45,960 [main] INFO  server.Server (Server.java:doStart(419)) - Started @6040ms
2019-09-26 17:03:45,960 [main] WARN  impl.MetricsSystemImpl (MetricsSystemImpl.java:register(276)) - Sink prometheus already exists!
2019-09-26 17:03:45,961 [main] INFO  server.BaseHttpServer (BaseHttpServer.java:updateConnectorAddress(215)) - HTTP server of HDDSDATANODE is listening at http://0.0.0.0:33201
2019-09-26 17:03:45,961 [main] INFO  impl.MetricsSystemImpl (MetricsSystemImpl.java:init(158)) - HddsDatanode metrics system started (again)
2019-09-26 17:03:45,965 [main] INFO  ozone.HddsDatanodeService (HddsDatanodeService.java:start(184)) - HddsDatanodeService host:pr-hdds-2162-htzpk-1451759861 ip:192.168.157.234
2019-09-26 17:03:45,965 [org.apache.hadoop.util.JvmPauseMonitor$Monitor@4b257724] INFO  util.JvmPauseMonitor (JvmPauseMonitor.java:run(188)) - Starting JVM pause monitor
2019-09-26 17:03:45,969 [Datanode State Machine Thread - 0] INFO  datanode.InitDatanodeState (InitDatanodeState.java:persistContainerDatanodeDetails(140)) - DatanodeDetails is persisted to /workdir/hadoop-ozone/integration-test/target/test-dir/MiniOzoneClusterImpl-d6ca620c-cb63-484f-a581-7c0900b96a5f/datanode-6/meta/datanode.id
2019-09-26 17:03:45,973 [main] INFO  volume.HddsVolume (HddsVolume.java:<init>(176)) - Creating Volume: /workdir/hadoop-ozone/integration-test/target/test-dir/MiniOzoneClusterImpl-d6ca620c-cb63-484f-a581-7c0900b96a5f/datanode-7/data/containers/hdds of  storage type : DISK and capacity : 1482555576320
2019-09-26 17:03:45,973 [main] INFO  volume.VolumeSet (VolumeSet.java:initializeVolumeSet(170)) - Added Volume : /workdir/hadoop-ozone/integration-test/target/test-dir/MiniOzoneClusterImpl-d6ca620c-cb63-484f-a581-7c0900b96a5f/datanode-7/data/containers/hdds to VolumeSet
2019-09-26 17:03:45,974 [main] INFO  volume.ThrottledAsyncChecker (ThrottledAsyncChecker.java:schedule(139)) - Scheduling a check for org.apache.hadoop.ozone.container.common.volume.HddsVolume@b9a77c8
2019-09-26 17:03:45,974 [main] INFO  volume.HddsVolumeChecker (HddsVolumeChecker.java:checkAllVolumes(202)) - Scheduled health check for volume org.apache.hadoop.ozone.container.common.volume.HddsVolume@b9a77c8
2019-09-26 17:03:45,991 [main] INFO  impl.RaftServerProxy (ConfUtils.java:logGet(43)) - raft.rpc.type = GRPC (default)
2019-09-26 17:03:45,991 [main] INFO  grpc.GrpcFactory (GrpcFactory.java:checkPooledByteBufAllocatorUseCacheForAllThreads(45)) - PERFORMANCE WARNING: useCacheForAllThreads is true that may cause Netty to create a lot garbage objects and, as a result, trigger GC.
	It is recommended to disable useCacheForAllThreads by setting -Dorg.apache.ratis.thirdparty.io.netty.allocator.useCacheForAllThreads=false in command line.
2019-09-26 17:03:45,991 [main] INFO  grpc.GrpcConfigKeys$Server (ConfUtils.java:logGet(43)) - raft.grpc.server.port = 0 (default)
2019-09-26 17:03:45,992 [main] INFO  server.GrpcService (ConfUtils.java:logGet(43)) - raft.grpc.message.size.max = 33570816 (custom)
2019-09-26 17:03:45,992 [main] INFO  server.RaftServerConfigKeys (ConfUtils.java:logGet(43)) - raft.server.log.appender.buffer.byte-limit = 33554432 (custom)
2019-09-26 17:03:45,992 [main] INFO  server.GrpcService (ConfUtils.java:logGet(43)) - raft.grpc.flow.control.window = 1MB (=1048576) (default)
2019-09-26 17:03:45,993 [main] INFO  server.RaftServerConfigKeys (ConfUtils.java:logGet(43)) - raft.server.rpc.request.timeout = 3000ms (default)
2019-09-26 17:03:45,993 [main] INFO  server.RaftServerConfigKeys (ConfUtils.java:logGet(43)) - raft.server.storage.dir = [/workdir/hadoop-ozone/integration-test/target/test-dir/MiniOzoneClusterImpl-d6ca620c-cb63-484f-a581-7c0900b96a5f/datanode-7/data/ratis] (custom)
2019-09-26 17:03:45,995 [main] INFO  hdfs.DFSUtil (DFSUtil.java:httpServerTemplateForNNAndJN(1641)) - Starting Web-server for hddsDatanode at: http://0.0.0.0:0
2019-09-26 17:03:45,996 [main] INFO  server.AuthenticationFilter (AuthenticationFilter.java:constructSecretProvider(240)) - Unable to initialize FileSignerSecretProvider, falling back to use random secrets.
2019-09-26 17:03:45,997 [main] WARN  http.HttpRequestLog (HttpRequestLog.java:getRequestLog(97)) - Jetty request log can only be enabled using Log4j
2019-09-26 17:03:45,998 [main] INFO  http.HttpServer2 (HttpServer2.java:addGlobalFilter(975)) - Added global filter 'safety' (class=org.apache.hadoop.http.HttpServer2$QuotingInputFilter)
2019-09-26 17:03:45,999 [main] INFO  http.HttpServer2 (HttpServer2.java:addFilter(948)) - Added filter static_user_filter (class=org.apache.hadoop.http.lib.StaticUserWebFilter$StaticUserFilter) to context hddsDatanode
2019-09-26 17:03:45,999 [main] INFO  http.HttpServer2 (HttpServer2.java:addFilter(958)) - Added filter static_user_filter (class=org.apache.hadoop.http.lib.StaticUserWebFilter$StaticUserFilter) to context logs
2019-09-26 17:03:45,999 [main] INFO  http.HttpServer2 (HttpServer2.java:addFilter(958)) - Added filter static_user_filter (class=org.apache.hadoop.http.lib.StaticUserWebFilter$StaticUserFilter) to context static
2019-09-26 17:03:46,000 [main] INFO  http.HttpServer2 (HttpServer2.java:bindListener(1191)) - Jetty bound to port 43651
2019-09-26 17:03:46,002 [main] INFO  server.Server (Server.java:doStart(351)) - jetty-9.3.25.v20180904, build timestamp: 2018-09-04T21:11:46Z, git hash: 3ce520221d0240229c862b122d2b06c12a625732
2019-09-26 17:03:46,006 [main] INFO  handler.ContextHandler (ContextHandler.java:doStart(781)) - Started o.e.j.s.ServletContextHandler@ae202c6{/logs,file:///workdir/hadoop-ozone/integration-test/target/log,AVAILABLE}
2019-09-26 17:03:46,006 [main] INFO  handler.ContextHandler (ContextHandler.java:doStart(781)) - Started o.e.j.s.ServletContextHandler@6ada9c0c{/static,jar:file:/home/user/.m2/repository/org/apache/hadoop/hadoop-hdds-container-service/0.5.0-SNAPSHOT/hadoop-hdds-container-service-0.5.0-SNAPSHOT.jar!/webapps/static,AVAILABLE}
2019-09-26 17:03:46,041 [main] INFO  handler.ContextHandler (ContextHandler.java:doStart(781)) - Started o.e.j.w.WebAppContext@f6de586{/,file:///tmp/jetty-0.0.0.0-43651-hddsDatanode-_-any-1926626896125867817.dir/webapp/,AVAILABLE}{/hddsDatanode}
2019-09-26 17:03:46,043 [main] INFO  server.AbstractConnector (AbstractConnector.java:doStart(278)) - Started ServerConnector@5f2bd6d9{HTTP/1.1,[http/1.1]}{0.0.0.0:43651}
2019-09-26 17:03:46,043 [main] INFO  server.Server (Server.java:doStart(419)) - Started @6123ms
2019-09-26 17:03:46,043 [main] WARN  impl.MetricsSystemImpl (MetricsSystemImpl.java:register(276)) - Sink prometheus already exists!
2019-09-26 17:03:46,044 [main] INFO  server.BaseHttpServer (BaseHttpServer.java:updateConnectorAddress(215)) - HTTP server of HDDSDATANODE is listening at http://0.0.0.0:43651
2019-09-26 17:03:46,045 [main] INFO  impl.MetricsSystemImpl (MetricsSystemImpl.java:init(158)) - HddsDatanode metrics system started (again)
2019-09-26 17:03:46,049 [org.apache.hadoop.util.JvmPauseMonitor$Monitor@56b695d2] INFO  util.JvmPauseMonitor (JvmPauseMonitor.java:run(188)) - Starting JVM pause monitor
2019-09-26 17:03:46,053 [main] INFO  ozone.HddsDatanodeService (HddsDatanodeService.java:start(184)) - HddsDatanodeService host:pr-hdds-2162-htzpk-1451759861 ip:192.168.157.234
2019-09-26 17:03:46,055 [Datanode State Machine Thread - 0] INFO  datanode.InitDatanodeState (InitDatanodeState.java:persistContainerDatanodeDetails(140)) - DatanodeDetails is persisted to /workdir/hadoop-ozone/integration-test/target/test-dir/MiniOzoneClusterImpl-d6ca620c-cb63-484f-a581-7c0900b96a5f/datanode-7/meta/datanode.id
2019-09-26 17:03:46,063 [main] INFO  volume.HddsVolume (HddsVolume.java:<init>(176)) - Creating Volume: /workdir/hadoop-ozone/integration-test/target/test-dir/MiniOzoneClusterImpl-d6ca620c-cb63-484f-a581-7c0900b96a5f/datanode-8/data/containers/hdds of  storage type : DISK and capacity : 1482555576320
2019-09-26 17:03:46,063 [main] INFO  volume.VolumeSet (VolumeSet.java:initializeVolumeSet(170)) - Added Volume : /workdir/hadoop-ozone/integration-test/target/test-dir/MiniOzoneClusterImpl-d6ca620c-cb63-484f-a581-7c0900b96a5f/datanode-8/data/containers/hdds to VolumeSet
2019-09-26 17:03:46,064 [main] INFO  volume.ThrottledAsyncChecker (ThrottledAsyncChecker.java:schedule(139)) - Scheduling a check for org.apache.hadoop.ozone.container.common.volume.HddsVolume@176f7f3b
2019-09-26 17:03:46,064 [main] INFO  volume.HddsVolumeChecker (HddsVolumeChecker.java:checkAllVolumes(202)) - Scheduled health check for volume org.apache.hadoop.ozone.container.common.volume.HddsVolume@176f7f3b
2019-09-26 17:03:46,083 [main] INFO  impl.RaftServerProxy (ConfUtils.java:logGet(43)) - raft.rpc.type = GRPC (default)
2019-09-26 17:03:46,084 [main] INFO  grpc.GrpcFactory (GrpcFactory.java:checkPooledByteBufAllocatorUseCacheForAllThreads(45)) - PERFORMANCE WARNING: useCacheForAllThreads is true that may cause Netty to create a lot garbage objects and, as a result, trigger GC.
	It is recommended to disable useCacheForAllThreads by setting -Dorg.apache.ratis.thirdparty.io.netty.allocator.useCacheForAllThreads=false in command line.
2019-09-26 17:03:46,084 [main] INFO  grpc.GrpcConfigKeys$Server (ConfUtils.java:logGet(43)) - raft.grpc.server.port = 0 (default)
2019-09-26 17:03:46,084 [main] INFO  server.GrpcService (ConfUtils.java:logGet(43)) - raft.grpc.message.size.max = 33570816 (custom)
2019-09-26 17:03:46,085 [main] INFO  server.RaftServerConfigKeys (ConfUtils.java:logGet(43)) - raft.server.log.appender.buffer.byte-limit = 33554432 (custom)
2019-09-26 17:03:46,085 [main] INFO  server.GrpcService (ConfUtils.java:logGet(43)) - raft.grpc.flow.control.window = 1MB (=1048576) (default)
2019-09-26 17:03:46,085 [main] INFO  server.RaftServerConfigKeys (ConfUtils.java:logGet(43)) - raft.server.rpc.request.timeout = 3000ms (default)
2019-09-26 17:03:46,086 [main] INFO  server.RaftServerConfigKeys (ConfUtils.java:logGet(43)) - raft.server.storage.dir = [/workdir/hadoop-ozone/integration-test/target/test-dir/MiniOzoneClusterImpl-d6ca620c-cb63-484f-a581-7c0900b96a5f/datanode-8/data/ratis] (custom)
2019-09-26 17:03:46,088 [main] INFO  hdfs.DFSUtil (DFSUtil.java:httpServerTemplateForNNAndJN(1641)) - Starting Web-server for hddsDatanode at: http://0.0.0.0:0
2019-09-26 17:03:46,089 [main] INFO  server.AuthenticationFilter (AuthenticationFilter.java:constructSecretProvider(240)) - Unable to initialize FileSignerSecretProvider, falling back to use random secrets.
2019-09-26 17:03:46,090 [main] WARN  http.HttpRequestLog (HttpRequestLog.java:getRequestLog(97)) - Jetty request log can only be enabled using Log4j
2019-09-26 17:03:46,091 [main] INFO  http.HttpServer2 (HttpServer2.java:addGlobalFilter(975)) - Added global filter 'safety' (class=org.apache.hadoop.http.HttpServer2$QuotingInputFilter)
2019-09-26 17:03:46,092 [main] INFO  http.HttpServer2 (HttpServer2.java:addFilter(948)) - Added filter static_user_filter (class=org.apache.hadoop.http.lib.StaticUserWebFilter$StaticUserFilter) to context hddsDatanode
2019-09-26 17:03:46,092 [main] INFO  http.HttpServer2 (HttpServer2.java:addFilter(958)) - Added filter static_user_filter (class=org.apache.hadoop.http.lib.StaticUserWebFilter$StaticUserFilter) to context logs
2019-09-26 17:03:46,093 [main] INFO  http.HttpServer2 (HttpServer2.java:addFilter(958)) - Added filter static_user_filter (class=org.apache.hadoop.http.lib.StaticUserWebFilter$StaticUserFilter) to context static
2019-09-26 17:03:46,093 [main] INFO  http.HttpServer2 (HttpServer2.java:bindListener(1191)) - Jetty bound to port 34621
2019-09-26 17:03:46,094 [main] INFO  server.Server (Server.java:doStart(351)) - jetty-9.3.25.v20180904, build timestamp: 2018-09-04T21:11:46Z, git hash: 3ce520221d0240229c862b122d2b06c12a625732
2019-09-26 17:03:46,096 [main] INFO  handler.ContextHandler (ContextHandler.java:doStart(781)) - Started o.e.j.s.ServletContextHandler@27e7c77f{/logs,file:///workdir/hadoop-ozone/integration-test/target/log,AVAILABLE}
2019-09-26 17:03:46,096 [main] INFO  handler.ContextHandler (ContextHandler.java:doStart(781)) - Started o.e.j.s.ServletContextHandler@6ae62c7e{/static,jar:file:/home/user/.m2/repository/org/apache/hadoop/hadoop-hdds-container-service/0.5.0-SNAPSHOT/hadoop-hdds-container-service-0.5.0-SNAPSHOT.jar!/webapps/static,AVAILABLE}
2019-09-26 17:03:46,129 [main] INFO  handler.ContextHandler (ContextHandler.java:doStart(781)) - Started o.e.j.w.WebAppContext@7a360554{/,file:///tmp/jetty-0.0.0.0-34621-hddsDatanode-_-any-951763768829986359.dir/webapp/,AVAILABLE}{/hddsDatanode}
2019-09-26 17:03:46,130 [main] INFO  server.AbstractConnector (AbstractConnector.java:doStart(278)) - Started ServerConnector@424de326{HTTP/1.1,[http/1.1]}{0.0.0.0:34621}
2019-09-26 17:03:46,131 [main] INFO  server.Server (Server.java:doStart(419)) - Started @6211ms
2019-09-26 17:03:46,131 [main] WARN  impl.MetricsSystemImpl (MetricsSystemImpl.java:register(276)) - Sink prometheus already exists!
2019-09-26 17:03:46,132 [main] INFO  server.BaseHttpServer (BaseHttpServer.java:updateConnectorAddress(215)) - HTTP server of HDDSDATANODE is listening at http://0.0.0.0:34621
2019-09-26 17:03:46,132 [main] INFO  impl.MetricsSystemImpl (MetricsSystemImpl.java:init(158)) - HddsDatanode metrics system started (again)
2019-09-26 17:03:46,137 [org.apache.hadoop.util.JvmPauseMonitor$Monitor@53a80a4f] INFO  util.JvmPauseMonitor (JvmPauseMonitor.java:run(188)) - Starting JVM pause monitor
2019-09-26 17:03:46,138 [main] INFO  ozone.HddsDatanodeService (HddsDatanodeService.java:start(184)) - HddsDatanodeService host:pr-hdds-2162-htzpk-1451759861 ip:192.168.157.234
2019-09-26 17:03:46,141 [Datanode State Machine Thread - 0] INFO  datanode.InitDatanodeState (InitDatanodeState.java:persistContainerDatanodeDetails(140)) - DatanodeDetails is persisted to /workdir/hadoop-ozone/integration-test/target/test-dir/MiniOzoneClusterImpl-d6ca620c-cb63-484f-a581-7c0900b96a5f/datanode-8/meta/datanode.id
2019-09-26 17:03:46,146 [main] INFO  volume.HddsVolume (HddsVolume.java:<init>(176)) - Creating Volume: /workdir/hadoop-ozone/integration-test/target/test-dir/MiniOzoneClusterImpl-d6ca620c-cb63-484f-a581-7c0900b96a5f/datanode-9/data/containers/hdds of  storage type : DISK and capacity : 1482555576320
2019-09-26 17:03:46,146 [main] INFO  volume.VolumeSet (VolumeSet.java:initializeVolumeSet(170)) - Added Volume : /workdir/hadoop-ozone/integration-test/target/test-dir/MiniOzoneClusterImpl-d6ca620c-cb63-484f-a581-7c0900b96a5f/datanode-9/data/containers/hdds to VolumeSet
2019-09-26 17:03:46,147 [main] INFO  volume.ThrottledAsyncChecker (ThrottledAsyncChecker.java:schedule(139)) - Scheduling a check for org.apache.hadoop.ozone.container.common.volume.HddsVolume@7b676112
2019-09-26 17:03:46,147 [main] INFO  volume.HddsVolumeChecker (HddsVolumeChecker.java:checkAllVolumes(202)) - Scheduled health check for volume org.apache.hadoop.ozone.container.common.volume.HddsVolume@7b676112
2019-09-26 17:03:46,161 [main] INFO  impl.RaftServerProxy (ConfUtils.java:logGet(43)) - raft.rpc.type = GRPC (default)
2019-09-26 17:03:46,161 [main] INFO  grpc.GrpcFactory (GrpcFactory.java:checkPooledByteBufAllocatorUseCacheForAllThreads(45)) - PERFORMANCE WARNING: useCacheForAllThreads is true that may cause Netty to create a lot garbage objects and, as a result, trigger GC.
	It is recommended to disable useCacheForAllThreads by setting -Dorg.apache.ratis.thirdparty.io.netty.allocator.useCacheForAllThreads=false in command line.
2019-09-26 17:03:46,161 [main] INFO  grpc.GrpcConfigKeys$Server (ConfUtils.java:logGet(43)) - raft.grpc.server.port = 0 (default)
2019-09-26 17:03:46,161 [main] INFO  server.GrpcService (ConfUtils.java:logGet(43)) - raft.grpc.message.size.max = 33570816 (custom)
2019-09-26 17:03:46,161 [main] INFO  server.RaftServerConfigKeys (ConfUtils.java:logGet(43)) - raft.server.log.appender.buffer.byte-limit = 33554432 (custom)
2019-09-26 17:03:46,162 [main] INFO  server.GrpcService (ConfUtils.java:logGet(43)) - raft.grpc.flow.control.window = 1MB (=1048576) (default)
2019-09-26 17:03:46,162 [main] INFO  server.RaftServerConfigKeys (ConfUtils.java:logGet(43)) - raft.server.rpc.request.timeout = 3000ms (default)
2019-09-26 17:03:46,162 [main] INFO  server.RaftServerConfigKeys (ConfUtils.java:logGet(43)) - raft.server.storage.dir = [/workdir/hadoop-ozone/integration-test/target/test-dir/MiniOzoneClusterImpl-d6ca620c-cb63-484f-a581-7c0900b96a5f/datanode-9/data/ratis] (custom)
2019-09-26 17:03:46,164 [main] INFO  hdfs.DFSUtil (DFSUtil.java:httpServerTemplateForNNAndJN(1641)) - Starting Web-server for hddsDatanode at: http://0.0.0.0:0
2019-09-26 17:03:46,165 [main] INFO  server.AuthenticationFilter (AuthenticationFilter.java:constructSecretProvider(240)) - Unable to initialize FileSignerSecretProvider, falling back to use random secrets.
2019-09-26 17:03:46,165 [main] WARN  http.HttpRequestLog (HttpRequestLog.java:getRequestLog(97)) - Jetty request log can only be enabled using Log4j
2019-09-26 17:03:46,167 [main] INFO  http.HttpServer2 (HttpServer2.java:addGlobalFilter(975)) - Added global filter 'safety' (class=org.apache.hadoop.http.HttpServer2$QuotingInputFilter)
2019-09-26 17:03:46,167 [main] INFO  http.HttpServer2 (HttpServer2.java:addFilter(948)) - Added filter static_user_filter (class=org.apache.hadoop.http.lib.StaticUserWebFilter$StaticUserFilter) to context hddsDatanode
2019-09-26 17:03:46,167 [main] INFO  http.HttpServer2 (HttpServer2.java:addFilter(958)) - Added filter static_user_filter (class=org.apache.hadoop.http.lib.StaticUserWebFilter$StaticUserFilter) to context static
2019-09-26 17:03:46,167 [main] INFO  http.HttpServer2 (HttpServer2.java:addFilter(958)) - Added filter static_user_filter (class=org.apache.hadoop.http.lib.StaticUserWebFilter$StaticUserFilter) to context logs
2019-09-26 17:03:46,168 [main] INFO  http.HttpServer2 (HttpServer2.java:bindListener(1191)) - Jetty bound to port 39171
2019-09-26 17:03:46,168 [main] INFO  server.Server (Server.java:doStart(351)) - jetty-9.3.25.v20180904, build timestamp: 2018-09-04T21:11:46Z, git hash: 3ce520221d0240229c862b122d2b06c12a625732
2019-09-26 17:03:46,170 [main] INFO  handler.ContextHandler (ContextHandler.java:doStart(781)) - Started o.e.j.s.ServletContextHandler@5d8ab698{/logs,file:///workdir/hadoop-ozone/integration-test/target/log,AVAILABLE}
2019-09-26 17:03:46,171 [main] INFO  handler.ContextHandler (ContextHandler.java:doStart(781)) - Started o.e.j.s.ServletContextHandler@446626a7{/static,jar:file:/home/user/.m2/repository/org/apache/hadoop/hadoop-hdds-container-service/0.5.0-SNAPSHOT/hadoop-hdds-container-service-0.5.0-SNAPSHOT.jar!/webapps/static,AVAILABLE}
2019-09-26 17:03:46,198 [main] INFO  handler.ContextHandler (ContextHandler.java:doStart(781)) - Started o.e.j.w.WebAppContext@3e67f5f2{/,file:///tmp/jetty-0.0.0.0-39171-hddsDatanode-_-any-1883769210547058078.dir/webapp/,AVAILABLE}{/hddsDatanode}
2019-09-26 17:03:46,199 [main] INFO  server.AbstractConnector (AbstractConnector.java:doStart(278)) - Started ServerConnector@fd53053{HTTP/1.1,[http/1.1]}{0.0.0.0:39171}
2019-09-26 17:03:46,200 [main] INFO  server.Server (Server.java:doStart(419)) - Started @6280ms
2019-09-26 17:03:46,200 [main] WARN  impl.MetricsSystemImpl (MetricsSystemImpl.java:register(276)) - Sink prometheus already exists!
2019-09-26 17:03:46,201 [main] INFO  server.BaseHttpServer (BaseHttpServer.java:updateConnectorAddress(215)) - HTTP server of HDDSDATANODE is listening at http://0.0.0.0:39171
2019-09-26 17:03:46,205 [main] INFO  ozone.MiniOzoneClusterImpl (MiniOzoneClusterImpl.java:lambda$waitForClusterToBeReady$0(147)) - Waiting for cluster to be ready. Got 0 of 10 DN Heartbeats.
2019-09-26 17:03:46,205 [org.apache.hadoop.util.JvmPauseMonitor$Monitor@5c3d74b8] INFO  util.JvmPauseMonitor (JvmPauseMonitor.java:run(188)) - Starting JVM pause monitor
2019-09-26 17:03:46,208 [Datanode State Machine Thread - 0] INFO  datanode.InitDatanodeState (InitDatanodeState.java:persistContainerDatanodeDetails(140)) - DatanodeDetails is persisted to /workdir/hadoop-ozone/integration-test/target/test-dir/MiniOzoneClusterImpl-d6ca620c-cb63-484f-a581-7c0900b96a5f/datanode-9/meta/datanode.id
2019-09-26 17:03:47,205 [main] INFO  ozone.MiniOzoneClusterImpl (MiniOzoneClusterImpl.java:lambda$waitForClusterToBeReady$0(147)) - Waiting for cluster to be ready. Got 0 of 10 DN Heartbeats.
2019-09-26 17:03:47,573 [Datanode State Machine Thread - 0] INFO  ozoneimpl.OzoneContainer (OzoneContainer.java:start(217)) - Attempting to start container services.
2019-09-26 17:03:47,575 [Datanode State Machine Thread - 0] INFO  ozoneimpl.OzoneContainer (OzoneContainer.java:startContainerScrub(179)) - Background container scanner has been disabled.
2019-09-26 17:03:47,575 [Datanode State Machine Thread - 0] INFO  ratis.XceiverServerRatis (XceiverServerRatis.java:start(411)) - Starting XceiverServerRatis 7c50c947-8403-4ae1-a776-e6b1b01dc2cf at port 0
2019-09-26 17:03:47,603 [Datanode State Machine Thread - 0] INFO  impl.RaftServerProxy (RaftServerProxy.java:lambda$start$3(299)) - 7c50c947-8403-4ae1-a776-e6b1b01dc2cf: start RPC server
2019-09-26 17:03:47,611 [Datanode State Machine Thread - 0] INFO  ozoneimpl.OzoneContainer (OzoneContainer.java:start(217)) - Attempting to start container services.
2019-09-26 17:03:47,620 [Datanode State Machine Thread - 0] INFO  ozoneimpl.OzoneContainer (OzoneContainer.java:startContainerScrub(179)) - Background container scanner has been disabled.
2019-09-26 17:03:47,620 [Datanode State Machine Thread - 0] INFO  ratis.XceiverServerRatis (XceiverServerRatis.java:start(411)) - Starting XceiverServerRatis f1b12ba6-b33d-40de-bd74-c3916eeb1dd7 at port 0
2019-09-26 17:03:47,631 [Datanode State Machine Thread - 0] INFO  impl.RaftServerProxy (RaftServerProxy.java:lambda$start$3(299)) - f1b12ba6-b33d-40de-bd74-c3916eeb1dd7: start RPC server
2019-09-26 17:03:47,686 [Datanode State Machine Thread - 0] INFO  ozoneimpl.OzoneContainer (OzoneContainer.java:start(217)) - Attempting to start container services.
2019-09-26 17:03:47,686 [Datanode State Machine Thread - 0] INFO  ozoneimpl.OzoneContainer (OzoneContainer.java:startContainerScrub(179)) - Background container scanner has been disabled.
2019-09-26 17:03:47,686 [Datanode State Machine Thread - 0] INFO  ratis.XceiverServerRatis (XceiverServerRatis.java:start(411)) - Starting XceiverServerRatis 15273f9a-72e8-4ae0-8091-781d0ea9f1eb at port 0
2019-09-26 17:03:47,695 [Datanode State Machine Thread - 0] INFO  impl.RaftServerProxy (RaftServerProxy.java:lambda$start$3(299)) - 15273f9a-72e8-4ae0-8091-781d0ea9f1eb: start RPC server
2019-09-26 17:03:47,765 [Datanode State Machine Thread - 0] INFO  ozoneimpl.OzoneContainer (OzoneContainer.java:start(217)) - Attempting to start container services.
2019-09-26 17:03:47,765 [Datanode State Machine Thread - 0] INFO  ozoneimpl.OzoneContainer (OzoneContainer.java:startContainerScrub(179)) - Background container scanner has been disabled.
2019-09-26 17:03:47,765 [Datanode State Machine Thread - 0] INFO  ratis.XceiverServerRatis (XceiverServerRatis.java:start(411)) - Starting XceiverServerRatis 0f6d0b51-49f2-46fd-a2f3-d041b41eab5c at port 0
2019-09-26 17:03:47,773 [Datanode State Machine Thread - 0] INFO  server.GrpcService (GrpcService.java:startImpl(158)) - 15273f9a-72e8-4ae0-8091-781d0ea9f1eb: GrpcService started, listening on 0.0.0.0/0.0.0.0:45996
2019-09-26 17:03:47,773 [Datanode State Machine Thread - 0] INFO  server.GrpcService (GrpcService.java:startImpl(158)) - 7c50c947-8403-4ae1-a776-e6b1b01dc2cf: GrpcService started, listening on 0.0.0.0/0.0.0.0:38824
2019-09-26 17:03:47,773 [Datanode State Machine Thread - 0] INFO  server.GrpcService (GrpcService.java:startImpl(158)) - f1b12ba6-b33d-40de-bd74-c3916eeb1dd7: GrpcService started, listening on 0.0.0.0/0.0.0.0:35140
2019-09-26 17:03:47,775 [Datanode State Machine Thread - 0] INFO  ratis.XceiverServerRatis (XceiverServerRatis.java:start(421)) - XceiverServerRatis 7c50c947-8403-4ae1-a776-e6b1b01dc2cf is started using port 38824
2019-09-26 17:03:47,775 [Datanode State Machine Thread - 0] INFO  ratis.XceiverServerRatis (XceiverServerRatis.java:start(421)) - XceiverServerRatis 15273f9a-72e8-4ae0-8091-781d0ea9f1eb is started using port 45996
2019-09-26 17:03:47,775 [Datanode State Machine Thread - 0] INFO  ratis.XceiverServerRatis (XceiverServerRatis.java:start(421)) - XceiverServerRatis f1b12ba6-b33d-40de-bd74-c3916eeb1dd7 is started using port 35140
2019-09-26 17:03:47,778 [Datanode State Machine Thread - 0] INFO  impl.RaftServerProxy (RaftServerProxy.java:lambda$start$3(299)) - 0f6d0b51-49f2-46fd-a2f3-d041b41eab5c: start RPC server
2019-09-26 17:03:47,788 [Datanode State Machine Thread - 0] INFO  server.XceiverServerGrpc (XceiverServerGrpc.java:start(149)) - XceiverServerGrpc 15273f9a-72e8-4ae0-8091-781d0ea9f1eb is started using port 38274
2019-09-26 17:03:47,788 [Datanode State Machine Thread - 0] INFO  server.XceiverServerGrpc (XceiverServerGrpc.java:start(149)) - XceiverServerGrpc f1b12ba6-b33d-40de-bd74-c3916eeb1dd7 is started using port 42358
2019-09-26 17:03:47,790 [Datanode State Machine Thread - 0] INFO  server.GrpcService (GrpcService.java:startImpl(158)) - 0f6d0b51-49f2-46fd-a2f3-d041b41eab5c: GrpcService started, listening on 0.0.0.0/0.0.0.0:43173
2019-09-26 17:03:47,788 [Datanode State Machine Thread - 0] INFO  server.XceiverServerGrpc (XceiverServerGrpc.java:start(149)) - XceiverServerGrpc 7c50c947-8403-4ae1-a776-e6b1b01dc2cf is started using port 35414
2019-09-26 17:03:47,790 [Datanode State Machine Thread - 0] INFO  ratis.XceiverServerRatis (XceiverServerRatis.java:start(421)) - XceiverServerRatis 0f6d0b51-49f2-46fd-a2f3-d041b41eab5c is started using port 43173
2019-09-26 17:03:47,793 [Datanode State Machine Thread - 0] INFO  server.XceiverServerGrpc (XceiverServerGrpc.java:start(149)) - XceiverServerGrpc 0f6d0b51-49f2-46fd-a2f3-d041b41eab5c is started using port 39016
2019-09-26 17:03:47,836 [Datanode State Machine Thread - 0] INFO  ozoneimpl.OzoneContainer (OzoneContainer.java:start(217)) - Attempting to start container services.
2019-09-26 17:03:47,837 [Datanode State Machine Thread - 0] INFO  ozoneimpl.OzoneContainer (OzoneContainer.java:startContainerScrub(179)) - Background container scanner has been disabled.
2019-09-26 17:03:47,837 [Datanode State Machine Thread - 0] INFO  ratis.XceiverServerRatis (XceiverServerRatis.java:start(411)) - Starting XceiverServerRatis a26ecbb9-64c1-4e5a-aa1d-1c5985b03157 at port 0
2019-09-26 17:03:47,845 [Datanode State Machine Thread - 0] INFO  impl.RaftServerProxy (RaftServerProxy.java:lambda$start$3(299)) - a26ecbb9-64c1-4e5a-aa1d-1c5985b03157: start RPC server
2019-09-26 17:03:47,849 [Datanode State Machine Thread - 0] INFO  server.GrpcService (GrpcService.java:startImpl(158)) - a26ecbb9-64c1-4e5a-aa1d-1c5985b03157: GrpcService started, listening on 0.0.0.0/0.0.0.0:40062
2019-09-26 17:03:47,849 [Datanode State Machine Thread - 0] INFO  ratis.XceiverServerRatis (XceiverServerRatis.java:start(421)) - XceiverServerRatis a26ecbb9-64c1-4e5a-aa1d-1c5985b03157 is started using port 40062
2019-09-26 17:03:47,852 [Datanode State Machine Thread - 0] INFO  server.XceiverServerGrpc (XceiverServerGrpc.java:start(149)) - XceiverServerGrpc a26ecbb9-64c1-4e5a-aa1d-1c5985b03157 is started using port 44171
2019-09-26 17:03:47,914 [Datanode State Machine Thread - 0] INFO  ozoneimpl.OzoneContainer (OzoneContainer.java:start(217)) - Attempting to start container services.
2019-09-26 17:03:47,915 [Datanode State Machine Thread - 0] INFO  ozoneimpl.OzoneContainer (OzoneContainer.java:startContainerScrub(179)) - Background container scanner has been disabled.
2019-09-26 17:03:47,915 [Datanode State Machine Thread - 0] INFO  ratis.XceiverServerRatis (XceiverServerRatis.java:start(411)) - Starting XceiverServerRatis ef5a9ab0-e109-4aa9-899d-c34ee583d2de at port 0
2019-09-26 17:03:47,923 [Datanode State Machine Thread - 0] INFO  impl.RaftServerProxy (RaftServerProxy.java:lambda$start$3(299)) - ef5a9ab0-e109-4aa9-899d-c34ee583d2de: start RPC server
2019-09-26 17:03:47,926 [Datanode State Machine Thread - 0] INFO  server.GrpcService (GrpcService.java:startImpl(158)) - ef5a9ab0-e109-4aa9-899d-c34ee583d2de: GrpcService started, listening on 0.0.0.0/0.0.0.0:38928
2019-09-26 17:03:47,926 [Datanode State Machine Thread - 0] INFO  ratis.XceiverServerRatis (XceiverServerRatis.java:start(421)) - XceiverServerRatis ef5a9ab0-e109-4aa9-899d-c34ee583d2de is started using port 38928
2019-09-26 17:03:47,929 [Datanode State Machine Thread - 0] INFO  server.XceiverServerGrpc (XceiverServerGrpc.java:start(149)) - XceiverServerGrpc ef5a9ab0-e109-4aa9-899d-c34ee583d2de is started using port 34136
2019-09-26 17:03:47,982 [Datanode State Machine Thread - 0] INFO  ozoneimpl.OzoneContainer (OzoneContainer.java:start(217)) - Attempting to start container services.
2019-09-26 17:03:47,983 [Datanode State Machine Thread - 0] INFO  ozoneimpl.OzoneContainer (OzoneContainer.java:startContainerScrub(179)) - Background container scanner has been disabled.
2019-09-26 17:03:47,983 [Datanode State Machine Thread - 0] INFO  ratis.XceiverServerRatis (XceiverServerRatis.java:start(411)) - Starting XceiverServerRatis c9877585-f333-4492-aed4-861a77134c16 at port 0
2019-09-26 17:03:47,992 [Datanode State Machine Thread - 0] INFO  impl.RaftServerProxy (RaftServerProxy.java:lambda$start$3(299)) - c9877585-f333-4492-aed4-861a77134c16: start RPC server
2019-09-26 17:03:47,997 [Datanode State Machine Thread - 0] INFO  server.GrpcService (GrpcService.java:startImpl(158)) - c9877585-f333-4492-aed4-861a77134c16: GrpcService started, listening on 0.0.0.0/0.0.0.0:36678
2019-09-26 17:03:47,997 [Datanode State Machine Thread - 0] INFO  ratis.XceiverServerRatis (XceiverServerRatis.java:start(421)) - XceiverServerRatis c9877585-f333-4492-aed4-861a77134c16 is started using port 36678
2019-09-26 17:03:48,002 [Datanode State Machine Thread - 0] INFO  server.XceiverServerGrpc (XceiverServerGrpc.java:start(149)) - XceiverServerGrpc c9877585-f333-4492-aed4-861a77134c16 is started using port 41140
2019-09-26 17:03:48,066 [Datanode State Machine Thread - 0] INFO  ozoneimpl.OzoneContainer (OzoneContainer.java:start(217)) - Attempting to start container services.
2019-09-26 17:03:48,066 [Datanode State Machine Thread - 0] INFO  ozoneimpl.OzoneContainer (OzoneContainer.java:startContainerScrub(179)) - Background container scanner has been disabled.
2019-09-26 17:03:48,066 [Datanode State Machine Thread - 0] INFO  ratis.XceiverServerRatis (XceiverServerRatis.java:start(411)) - Starting XceiverServerRatis 4ac23ced-61a1-47b3-94f0-cee158ec4b70 at port 0
2019-09-26 17:03:48,078 [Datanode State Machine Thread - 0] INFO  impl.RaftServerProxy (RaftServerProxy.java:lambda$start$3(299)) - 4ac23ced-61a1-47b3-94f0-cee158ec4b70: start RPC server
2019-09-26 17:03:48,084 [Datanode State Machine Thread - 0] INFO  server.GrpcService (GrpcService.java:startImpl(158)) - 4ac23ced-61a1-47b3-94f0-cee158ec4b70: GrpcService started, listening on 0.0.0.0/0.0.0.0:37118
2019-09-26 17:03:48,085 [Datanode State Machine Thread - 0] INFO  ratis.XceiverServerRatis (XceiverServerRatis.java:start(421)) - XceiverServerRatis 4ac23ced-61a1-47b3-94f0-cee158ec4b70 is started using port 37118
2019-09-26 17:03:48,089 [Datanode State Machine Thread - 0] INFO  server.XceiverServerGrpc (XceiverServerGrpc.java:start(149)) - XceiverServerGrpc 4ac23ced-61a1-47b3-94f0-cee158ec4b70 is started using port 46500
2019-09-26 17:03:48,155 [Datanode State Machine Thread - 0] INFO  ozoneimpl.OzoneContainer (OzoneContainer.java:start(217)) - Attempting to start container services.
2019-09-26 17:03:48,156 [Datanode State Machine Thread - 0] INFO  ozoneimpl.OzoneContainer (OzoneContainer.java:startContainerScrub(179)) - Background container scanner has been disabled.
2019-09-26 17:03:48,156 [Datanode State Machine Thread - 0] INFO  ratis.XceiverServerRatis (XceiverServerRatis.java:start(411)) - Starting XceiverServerRatis 9ab6b823-6bc4-454f-9d50-ce70a440dcce at port 0
2019-09-26 17:03:48,166 [Datanode State Machine Thread - 0] INFO  impl.RaftServerProxy (RaftServerProxy.java:lambda$start$3(299)) - 9ab6b823-6bc4-454f-9d50-ce70a440dcce: start RPC server
2019-09-26 17:03:48,171 [Datanode State Machine Thread - 0] INFO  server.GrpcService (GrpcService.java:startImpl(158)) - 9ab6b823-6bc4-454f-9d50-ce70a440dcce: GrpcService started, listening on 0.0.0.0/0.0.0.0:39169
2019-09-26 17:03:48,171 [Datanode State Machine Thread - 0] INFO  ratis.XceiverServerRatis (XceiverServerRatis.java:start(421)) - XceiverServerRatis 9ab6b823-6bc4-454f-9d50-ce70a440dcce is started using port 39169
2019-09-26 17:03:48,177 [Datanode State Machine Thread - 0] INFO  server.XceiverServerGrpc (XceiverServerGrpc.java:start(149)) - XceiverServerGrpc 9ab6b823-6bc4-454f-9d50-ce70a440dcce is started using port 42153
2019-09-26 17:03:48,206 [main] INFO  ozone.MiniOzoneClusterImpl (MiniOzoneClusterImpl.java:lambda$waitForClusterToBeReady$0(147)) - Waiting for cluster to be ready. Got 0 of 10 DN Heartbeats.
2019-09-26 17:03:48,223 [Datanode State Machine Thread - 0] INFO  ozoneimpl.OzoneContainer (OzoneContainer.java:start(217)) - Attempting to start container services.
2019-09-26 17:03:48,224 [Datanode State Machine Thread - 0] INFO  ozoneimpl.OzoneContainer (OzoneContainer.java:startContainerScrub(179)) - Background container scanner has been disabled.
2019-09-26 17:03:48,224 [Datanode State Machine Thread - 0] INFO  ratis.XceiverServerRatis (XceiverServerRatis.java:start(411)) - Starting XceiverServerRatis a85e129b-8c23-4c25-ae73-7b1aedd8229e at port 0
2019-09-26 17:03:48,236 [Datanode State Machine Thread - 0] INFO  impl.RaftServerProxy (RaftServerProxy.java:lambda$start$3(299)) - a85e129b-8c23-4c25-ae73-7b1aedd8229e: start RPC server
2019-09-26 17:03:48,242 [Datanode State Machine Thread - 0] INFO  server.GrpcService (GrpcService.java:startImpl(158)) - a85e129b-8c23-4c25-ae73-7b1aedd8229e: GrpcService started, listening on 0.0.0.0/0.0.0.0:45424
2019-09-26 17:03:48,243 [Datanode State Machine Thread - 0] INFO  ratis.XceiverServerRatis (XceiverServerRatis.java:start(421)) - XceiverServerRatis a85e129b-8c23-4c25-ae73-7b1aedd8229e is started using port 45424
2019-09-26 17:03:48,274 [Datanode State Machine Thread - 0] INFO  server.XceiverServerGrpc (XceiverServerGrpc.java:start(149)) - XceiverServerGrpc a85e129b-8c23-4c25-ae73-7b1aedd8229e is started using port 36357
2019-09-26 17:03:49,209 [main] INFO  ozone.MiniOzoneClusterImpl (MiniOzoneClusterImpl.java:lambda$waitForClusterToBeReady$0(147)) - Waiting for cluster to be ready. Got 0 of 10 DN Heartbeats.
2019-09-26 17:03:49,555 [IPC Server handler 6 on 43535] INFO  net.NetworkTopology (NetworkTopologyImpl.java:add(111)) - Added a new node: /default-rack/7c50c947-8403-4ae1-a776-e6b1b01dc2cf
2019-09-26 17:03:49,555 [IPC Server handler 6 on 43535] INFO  node.SCMNodeManager (SCMNodeManager.java:register(266)) - Registered Data node : 7c50c947-8403-4ae1-a776-e6b1b01dc2cf{ip: 192.168.157.234, host: pr-hdds-2162-htzpk-1451759861, networkLocation: /default-rack, certSerialId: null}
2019-09-26 17:03:49,562 [EventQueue-NodeRegistrationContainerReportForDataNodeSafeModeRule] INFO  safemode.SCMSafeModeManager (DataNodeSafeModeRule.java:process(71)) - SCM in safe mode. 1 DataNodes registered, 1 required.
2019-09-26 17:03:49,563 [EventQueue-NodeRegistrationContainerReportForDataNodeSafeModeRule] INFO  safemode.SCMSafeModeManager (SCMSafeModeManager.java:validateSafeModeExitRules(177)) - ScmSafeModeManager, all rules are successfully validated
2019-09-26 17:03:49,563 [EventQueue-NodeRegistrationContainerReportForDataNodeSafeModeRule] INFO  safemode.SCMSafeModeManager (SCMSafeModeManager.java:exitSafeMode(193)) - SCM exiting safe mode.
2019-09-26 17:03:49,598 [IPC Server handler 7 on 43535] INFO  net.NetworkTopology (NetworkTopologyImpl.java:add(111)) - Added a new node: /default-rack/f1b12ba6-b33d-40de-bd74-c3916eeb1dd7
2019-09-26 17:03:49,598 [IPC Server handler 7 on 43535] INFO  node.SCMNodeManager (SCMNodeManager.java:register(266)) - Registered Data node : f1b12ba6-b33d-40de-bd74-c3916eeb1dd7{ip: 192.168.157.234, host: pr-hdds-2162-htzpk-1451759861, networkLocation: /default-rack, certSerialId: null}
2019-09-26 17:03:49,677 [IPC Server handler 8 on 43535] INFO  net.NetworkTopology (NetworkTopologyImpl.java:add(111)) - Added a new node: /default-rack/15273f9a-72e8-4ae0-8091-781d0ea9f1eb
2019-09-26 17:03:49,677 [IPC Server handler 8 on 43535] INFO  node.SCMNodeManager (SCMNodeManager.java:register(266)) - Registered Data node : 15273f9a-72e8-4ae0-8091-781d0ea9f1eb{ip: 192.168.157.234, host: pr-hdds-2162-htzpk-1451759861, networkLocation: /default-rack, certSerialId: null}
2019-09-26 17:03:49,749 [IPC Server handler 9 on 43535] INFO  net.NetworkTopology (NetworkTopologyImpl.java:add(111)) - Added a new node: /default-rack/0f6d0b51-49f2-46fd-a2f3-d041b41eab5c
2019-09-26 17:03:49,750 [IPC Server handler 9 on 43535] INFO  node.SCMNodeManager (SCMNodeManager.java:register(266)) - Registered Data node : 0f6d0b51-49f2-46fd-a2f3-d041b41eab5c{ip: 192.168.157.234, host: pr-hdds-2162-htzpk-1451759861, networkLocation: /default-rack, certSerialId: null}
2019-09-26 17:03:49,826 [IPC Server handler 1 on 43535] INFO  net.NetworkTopology (NetworkTopologyImpl.java:add(111)) - Added a new node: /default-rack/a26ecbb9-64c1-4e5a-aa1d-1c5985b03157
2019-09-26 17:03:49,826 [IPC Server handler 1 on 43535] INFO  node.SCMNodeManager (SCMNodeManager.java:register(266)) - Registered Data node : a26ecbb9-64c1-4e5a-aa1d-1c5985b03157{ip: 192.168.157.234, host: pr-hdds-2162-htzpk-1451759861, networkLocation: /default-rack, certSerialId: null}
2019-09-26 17:03:49,903 [IPC Server handler 2 on 43535] INFO  net.NetworkTopology (NetworkTopologyImpl.java:add(111)) - Added a new node: /default-rack/ef5a9ab0-e109-4aa9-899d-c34ee583d2de
2019-09-26 17:03:49,903 [IPC Server handler 2 on 43535] INFO  node.SCMNodeManager (SCMNodeManager.java:register(266)) - Registered Data node : ef5a9ab0-e109-4aa9-899d-c34ee583d2de{ip: 192.168.157.234, host: pr-hdds-2162-htzpk-1451759861, networkLocation: /default-rack, certSerialId: null}
2019-09-26 17:03:49,987 [IPC Server handler 4 on 43535] INFO  net.NetworkTopology (NetworkTopologyImpl.java:add(111)) - Added a new node: /default-rack/c9877585-f333-4492-aed4-861a77134c16
2019-09-26 17:03:49,988 [IPC Server handler 4 on 43535] INFO  node.SCMNodeManager (SCMNodeManager.java:register(266)) - Registered Data node : c9877585-f333-4492-aed4-861a77134c16{ip: 192.168.157.234, host: pr-hdds-2162-htzpk-1451759861, networkLocation: /default-rack, certSerialId: null}
2019-09-26 17:03:50,052 [IPC Server handler 3 on 43535] INFO  net.NetworkTopology (NetworkTopologyImpl.java:add(111)) - Added a new node: /default-rack/4ac23ced-61a1-47b3-94f0-cee158ec4b70
2019-09-26 17:03:50,053 [IPC Server handler 3 on 43535] INFO  node.SCMNodeManager (SCMNodeManager.java:register(266)) - Registered Data node : 4ac23ced-61a1-47b3-94f0-cee158ec4b70{ip: 192.168.157.234, host: pr-hdds-2162-htzpk-1451759861, networkLocation: /default-rack, certSerialId: null}
2019-09-26 17:03:50,142 [IPC Server handler 5 on 43535] INFO  net.NetworkTopology (NetworkTopologyImpl.java:add(111)) - Added a new node: /default-rack/9ab6b823-6bc4-454f-9d50-ce70a440dcce
2019-09-26 17:03:50,142 [IPC Server handler 5 on 43535] INFO  node.SCMNodeManager (SCMNodeManager.java:register(266)) - Registered Data node : 9ab6b823-6bc4-454f-9d50-ce70a440dcce{ip: 192.168.157.234, host: pr-hdds-2162-htzpk-1451759861, networkLocation: /default-rack, certSerialId: null}
2019-09-26 17:03:50,172 [grpc-default-executor-0] INFO  impl.RaftServerProxy (RaftServerProxy.java:addNew(89)) - 7c50c947-8403-4ae1-a776-e6b1b01dc2cf: addNew group-3B42D3B84C30:[7c50c947-8403-4ae1-a776-e6b1b01dc2cf:192.168.157.234:38824] returns group-3B42D3B84C30:java.util.concurrent.CompletableFuture@4b6de78a[Not completed]
2019-09-26 17:03:50,203 [pool-27-thread-1] INFO  impl.RaftServerImpl (RaftServerImpl.java:<init>(95)) - 7c50c947-8403-4ae1-a776-e6b1b01dc2cf: new RaftServerImpl for group-3B42D3B84C30:[7c50c947-8403-4ae1-a776-e6b1b01dc2cf:192.168.157.234:38824] with ContainerStateMachine:uninitialized
2019-09-26 17:03:50,205 [pool-27-thread-1] INFO  server.RaftServerConfigKeys (ConfUtils.java:logGet(43)) - raft.server.rpc.timeout.min = 1s (custom)
2019-09-26 17:03:50,208 [pool-27-thread-1] INFO  server.RaftServerConfigKeys (ConfUtils.java:logGet(43)) - raft.server.rpc.timeout.max = 1200ms (custom)
2019-09-26 17:03:50,208 [pool-27-thread-1] INFO  server.RaftServerConfigKeys (ConfUtils.java:logGet(43)) - raft.server.rpcslowness.timeout = 120s (custom)
2019-09-26 17:03:50,218 [main] INFO  ozone.MiniOzoneClusterImpl (MiniOzoneClusterImpl.java:lambda$waitForClusterToBeReady$0(147)) - Waiting for cluster to be ready. Got 9 of 10 DN Heartbeats.
2019-09-26 17:03:50,218 [pool-27-thread-1] INFO  server.RaftServerConfigKeys (ConfUtils.java:logGet(43)) - raft.server.sleep.deviation.threshold = 300 (default)
2019-09-26 17:03:50,227 [IPC Server handler 6 on 43535] INFO  net.NetworkTopology (NetworkTopologyImpl.java:add(111)) - Added a new node: /default-rack/a85e129b-8c23-4c25-ae73-7b1aedd8229e
2019-09-26 17:03:50,227 [pool-27-thread-1] INFO  server.RaftServerConfigKeys (ConfUtils.java:logGet(43)) - raft.server.log.appender.install.snapshot.enabled = false (custom)
2019-09-26 17:03:50,227 [IPC Server handler 6 on 43535] INFO  node.SCMNodeManager (SCMNodeManager.java:register(266)) - Registered Data node : a85e129b-8c23-4c25-ae73-7b1aedd8229e{ip: 192.168.157.234, host: pr-hdds-2162-htzpk-1451759861, networkLocation: /default-rack, certSerialId: null}
2019-09-26 17:03:50,237 [pool-27-thread-1] INFO  impl.RaftServerImpl (ServerState.java:<init>(103)) - 7c50c947-8403-4ae1-a776-e6b1b01dc2cf@group-3B42D3B84C30: ConfigurationManager, init=-1: [7c50c947-8403-4ae1-a776-e6b1b01dc2cf:192.168.157.234:38824], old=null, confs=<EMPTY_MAP>
2019-09-26 17:03:50,237 [pool-27-thread-1] INFO  server.RaftServerConfigKeys (ConfUtils.java:logGet(43)) - raft.server.storage.dir = [/workdir/hadoop-ozone/integration-test/target/test-dir/MiniOzoneClusterImpl-d6ca620c-cb63-484f-a581-7c0900b96a5f/datanode-0/data/ratis] (custom)
2019-09-26 17:03:50,246 [pool-27-thread-1] INFO  storage.RaftStorageDirectory (RaftStorageDirectory.java:analyzeStorage(246)) - The storage directory /workdir/hadoop-ozone/integration-test/target/test-dir/MiniOzoneClusterImpl-d6ca620c-cb63-484f-a581-7c0900b96a5f/datanode-0/data/ratis/debe61f2-fc4c-4a2d-b873-3b42d3b84c30 does not exist. Creating ...
2019-09-26 17:03:50,264 [pool-27-thread-1] INFO  storage.RaftStorageDirectory (RaftStorageDirectory.java:tryLock(328)) - Lock on /workdir/hadoop-ozone/integration-test/target/test-dir/MiniOzoneClusterImpl-d6ca620c-cb63-484f-a581-7c0900b96a5f/datanode-0/data/ratis/debe61f2-fc4c-4a2d-b873-3b42d3b84c30/in_use.lock acquired by nodename 14337@pr-hdds-2162-htzpk-1451759861
2019-09-26 17:03:50,279 [pool-27-thread-1] INFO  storage.RaftStorage (RaftStorage.java:format(72)) - Storage directory /workdir/hadoop-ozone/integration-test/target/test-dir/MiniOzoneClusterImpl-d6ca620c-cb63-484f-a581-7c0900b96a5f/datanode-0/data/ratis/debe61f2-fc4c-4a2d-b873-3b42d3b84c30 has been successfully formatted.
2019-09-26 17:03:50,282 [pool-27-thread-1] INFO  ratis.ContainerStateMachine (ContainerStateMachine.java:loadSnapshot(230)) - group-3B42D3B84C30: The snapshot info is null. Setting the last applied indexto:(t:0, i:~)
2019-09-26 17:03:50,282 [pool-27-thread-1] INFO  server.RaftServerConfigKeys (ConfUtils.java:logGet(43)) - raft.server.notification.no-leader.timeout = 120s (custom)
2019-09-26 17:03:50,285 [pool-27-thread-1] INFO  server.RaftServerConfigKeys (ConfUtils.java:logGet(43)) - raft.server.log.use.memory = false (default)
2019-09-26 17:03:50,291 [pool-27-thread-1] INFO  server.RaftServerConfigKeys (ConfUtils.java:logGet(43)) - raft.server.log.purge.gap = 1000000 (custom)
2019-09-26 17:03:50,291 [pool-27-thread-1] INFO  server.RaftServerConfigKeys (ConfUtils.java:logGet(43)) - raft.server.log.appender.buffer.byte-limit = 33554432 (custom)
2019-09-26 17:03:50,293 [pool-27-thread-1] INFO  server.RaftServerConfigKeys (ConfUtils.java:logGet(43)) - raft.server.log.segment.size.max = 1048576 (custom)
2019-09-26 17:03:50,298 [pool-27-thread-1] INFO  server.RaftServerConfigKeys (ConfUtils.java:logGet(43)) - raft.server.log.segment.cache.num.max = 2 (custom)
2019-09-26 17:03:50,303 [pool-27-thread-1] INFO  segmented.SegmentedRaftLogWorker (SegmentedRaftLogWorker.java:<init>(172)) - new 7c50c947-8403-4ae1-a776-e6b1b01dc2cf@group-3B42D3B84C30-SegmentedRaftLogWorker for RaftStorage:Storage Directory /workdir/hadoop-ozone/integration-test/target/test-dir/MiniOzoneClusterImpl-d6ca620c-cb63-484f-a581-7c0900b96a5f/datanode-0/data/ratis/debe61f2-fc4c-4a2d-b873-3b42d3b84c30
2019-09-26 17:03:50,304 [pool-27-thread-1] INFO  impl.MetricsSystemImpl (MetricsSystemImpl.java:init(158)) - ratis metrics system started (again)
2019-09-26 17:03:50,312 [pool-27-thread-1] INFO  metrics.MetricRegistries (MetricRegistriesLoader.java:load(64)) - Loaded MetricRegistries class org.apache.ratis.metrics.impl.MetricRegistriesImpl
2019-09-26 17:03:50,350 [pool-27-thread-1] INFO  server.RaftServerConfigKeys (ConfUtils.java:logGet(43)) - raft.server.log.queue.byte-limit = 2147483647 (custom)
2019-09-26 17:03:50,351 [pool-27-thread-1] INFO  server.RaftServerConfigKeys (ConfUtils.java:logGet(43)) - raft.server.log.queue.element-limit = 1024 (custom)
2019-09-26 17:03:50,355 [pool-27-thread-1] INFO  server.RaftServerConfigKeys (ConfUtils.java:logGet(43)) - raft.server.log.segment.size.max = 1048576 (custom)
2019-09-26 17:03:50,355 [pool-27-thread-1] INFO  server.RaftServerConfigKeys (ConfUtils.java:logGet(43)) - raft.server.log.preallocated.size = 16384 (custom)
2019-09-26 17:03:50,356 [pool-27-thread-1] INFO  server.RaftServerConfigKeys (ConfUtils.java:logGet(43)) - raft.server.log.write.buffer.size = 33554432 (custom)
2019-09-26 17:03:50,356 [pool-27-thread-1] INFO  server.RaftServerConfigKeys (ConfUtils.java:logGet(43)) - raft.server.log.force.sync.num = 128 (default)
2019-09-26 17:03:50,358 [pool-27-thread-1] INFO  server.RaftServerConfigKeys (ConfUtils.java:logGet(43)) - raft.server.log.statemachine.data.sync = true (default)
2019-09-26 17:03:50,358 [pool-27-thread-1] INFO  server.RaftServerConfigKeys (ConfUtils.java:logGet(43)) - raft.server.log.statemachine.data.sync.timeout = 10s (default)
2019-09-26 17:03:50,358 [pool-27-thread-1] INFO  server.RaftServerConfigKeys (ConfUtils.java:logGet(43)) - raft.server.log.statemachine.data.sync.timeout.retry = -1 (default)
2019-09-26 17:03:50,368 [pool-27-thread-1] INFO  server.RaftServerConfigKeys (ConfUtils.java:logGet(43)) - raft.server.log.statemachine.data.caching.enabled = true (custom)
2019-09-26 17:03:50,373 [pool-27-thread-1] INFO  segmented.SegmentedRaftLogWorker (SegmentedRaftLogWorker.java:lambda$new$0(132)) - 7c50c947-8403-4ae1-a776-e6b1b01dc2cf@group-3B42D3B84C30-SegmentedRaftLogWorker: flushIndex: setUnconditionally 0 -> -1
2019-09-26 17:03:50,378 [pool-27-thread-1] INFO  server.RaftServerConfigKeys (ConfUtils.java:logGet(43)) - raft.server.snapshot.auto.trigger.enabled = true (custom)
2019-09-26 17:03:50,379 [pool-27-thread-1] INFO  server.RaftServerConfigKeys (ConfUtils.java:logGet(43)) - raft.server.snapshot.auto.trigger.threshold = 10000 (custom)
2019-09-26 17:03:50,379 [pool-27-thread-1] INFO  server.RaftServerConfigKeys (ConfUtils.java:logGet(43)) - raft.server.snapshot.retention.num.files = 5 (custom)
2019-09-26 17:03:50,380 [pool-27-thread-1] INFO  server.RaftServerConfigKeys (ConfUtils.java:logGet(43)) - raft.server.retrycache.expirytime = 600000ms (custom)
2019-09-26 17:03:50,418 [pool-27-thread-1] INFO  impl.RaftServerImpl (RaftServerImpl.java:start(185)) - 7c50c947-8403-4ae1-a776-e6b1b01dc2cf@group-3B42D3B84C30: start as a follower, conf=-1: [7c50c947-8403-4ae1-a776-e6b1b01dc2cf:192.168.157.234:38824], old=null
2019-09-26 17:03:50,419 [pool-27-thread-1] INFO  impl.RaftServerImpl (RaftServerImpl.java:setRole(174)) - 7c50c947-8403-4ae1-a776-e6b1b01dc2cf@group-3B42D3B84C30: changes role from      null to FOLLOWER at term 0 for startAsFollower
2019-09-26 17:03:50,420 [pool-27-thread-1] INFO  impl.RoleInfo (RoleInfo.java:updateAndGet(143)) - 7c50c947-8403-4ae1-a776-e6b1b01dc2cf: start FollowerState
2019-09-26 17:03:50,422 [pool-27-thread-1] INFO  util.JmxRegister (JmxRegister.java:tryRegister(44)) - Successfully registered JMX Bean with object name Ratis:service=RaftServer,group=group-3B42D3B84C30,id=7c50c947-8403-4ae1-a776-e6b1b01dc2cf
2019-09-26 17:03:50,631 [RatisPipelineUtilsThread] INFO  pipeline.PipelineStateManager (PipelineStateManager.java:addPipeline(56)) - Created pipeline Pipeline[ Id: debe61f2-fc4c-4a2d-b873-3b42d3b84c30, Nodes: 7c50c947-8403-4ae1-a776-e6b1b01dc2cf{ip: 192.168.157.234, host: pr-hdds-2162-htzpk-1451759861, networkLocation: /default-rack, certSerialId: null}, Type:RATIS, Factor:ONE, State:OPEN]
2019-09-26 17:03:50,662 [grpc-default-executor-0] INFO  impl.RaftServerProxy (RaftServerProxy.java:addNew(89)) - 4ac23ced-61a1-47b3-94f0-cee158ec4b70: addNew group-428D891EE687:[4ac23ced-61a1-47b3-94f0-cee158ec4b70:192.168.157.234:37118] returns group-428D891EE687:java.util.concurrent.CompletableFuture@65a1aa91[Not completed]
2019-09-26 17:03:50,730 [pool-97-thread-1] INFO  impl.RaftServerImpl (RaftServerImpl.java:<init>(95)) - 4ac23ced-61a1-47b3-94f0-cee158ec4b70: new RaftServerImpl for group-428D891EE687:[4ac23ced-61a1-47b3-94f0-cee158ec4b70:192.168.157.234:37118] with ContainerStateMachine:uninitialized
2019-09-26 17:03:50,731 [pool-97-thread-1] INFO  server.RaftServerConfigKeys (ConfUtils.java:logGet(43)) - raft.server.rpc.timeout.min = 1s (custom)
2019-09-26 17:03:50,732 [pool-97-thread-1] INFO  server.RaftServerConfigKeys (ConfUtils.java:logGet(43)) - raft.server.rpc.timeout.max = 1200ms (custom)
2019-09-26 17:03:50,732 [pool-97-thread-1] INFO  server.RaftServerConfigKeys (ConfUtils.java:logGet(43)) - raft.server.rpcslowness.timeout = 120s (custom)
2019-09-26 17:03:50,732 [pool-97-thread-1] INFO  server.RaftServerConfigKeys (ConfUtils.java:logGet(43)) - raft.server.sleep.deviation.threshold = 300 (default)
2019-09-26 17:03:50,732 [pool-97-thread-1] INFO  server.RaftServerConfigKeys (ConfUtils.java:logGet(43)) - raft.server.log.appender.install.snapshot.enabled = false (custom)
2019-09-26 17:03:50,732 [pool-97-thread-1] INFO  impl.RaftServerImpl (ServerState.java:<init>(103)) - 4ac23ced-61a1-47b3-94f0-cee158ec4b70@group-428D891EE687: ConfigurationManager, init=-1: [4ac23ced-61a1-47b3-94f0-cee158ec4b70:192.168.157.234:37118], old=null, confs=<EMPTY_MAP>
2019-09-26 17:03:50,733 [pool-97-thread-1] INFO  server.RaftServerConfigKeys (ConfUtils.java:logGet(43)) - raft.server.storage.dir = [/workdir/hadoop-ozone/integration-test/target/test-dir/MiniOzoneClusterImpl-d6ca620c-cb63-484f-a581-7c0900b96a5f/datanode-7/data/ratis] (custom)
2019-09-26 17:03:50,733 [pool-97-thread-1] INFO  storage.RaftStorageDirectory (RaftStorageDirectory.java:analyzeStorage(246)) - The storage directory /workdir/hadoop-ozone/integration-test/target/test-dir/MiniOzoneClusterImpl-d6ca620c-cb63-484f-a581-7c0900b96a5f/datanode-7/data/ratis/5f71fead-f969-4361-8fbf-428d891ee687 does not exist. Creating ...
2019-09-26 17:03:50,748 [pool-97-thread-1] INFO  storage.RaftStorageDirectory (RaftStorageDirectory.java:tryLock(328)) - Lock on /workdir/hadoop-ozone/integration-test/target/test-dir/MiniOzoneClusterImpl-d6ca620c-cb63-484f-a581-7c0900b96a5f/datanode-7/data/ratis/5f71fead-f969-4361-8fbf-428d891ee687/in_use.lock acquired by nodename 14337@pr-hdds-2162-htzpk-1451759861
2019-09-26 17:03:50,761 [pool-97-thread-1] INFO  storage.RaftStorage (RaftStorage.java:format(72)) - Storage directory /workdir/hadoop-ozone/integration-test/target/test-dir/MiniOzoneClusterImpl-d6ca620c-cb63-484f-a581-7c0900b96a5f/datanode-7/data/ratis/5f71fead-f969-4361-8fbf-428d891ee687 has been successfully formatted.
2019-09-26 17:03:50,763 [pool-97-thread-1] INFO  ratis.ContainerStateMachine (ContainerStateMachine.java:loadSnapshot(230)) - group-428D891EE687: The snapshot info is null. Setting the last applied indexto:(t:0, i:~)
2019-09-26 17:03:50,765 [pool-97-thread-1] INFO  server.RaftServerConfigKeys (ConfUtils.java:logGet(43)) - raft.server.notification.no-leader.timeout = 120s (custom)
2019-09-26 17:03:50,765 [pool-97-thread-1] INFO  server.RaftServerConfigKeys (ConfUtils.java:logGet(43)) - raft.server.log.use.memory = false (default)
2019-09-26 17:03:50,766 [pool-97-thread-1] INFO  server.RaftServerConfigKeys (ConfUtils.java:logGet(43)) - raft.server.log.purge.gap = 1000000 (custom)
2019-09-26 17:03:50,766 [pool-97-thread-1] INFO  server.RaftServerConfigKeys (ConfUtils.java:logGet(43)) - raft.server.log.appender.buffer.byte-limit = 33554432 (custom)
2019-09-26 17:03:50,766 [pool-97-thread-1] INFO  server.RaftServerConfigKeys (ConfUtils.java:logGet(43)) - raft.server.log.segment.size.max = 1048576 (custom)
2019-09-26 17:03:50,766 [pool-97-thread-1] INFO  server.RaftServerConfigKeys (ConfUtils.java:logGet(43)) - raft.server.log.segment.cache.num.max = 2 (custom)
2019-09-26 17:03:50,766 [pool-97-thread-1] INFO  segmented.SegmentedRaftLogWorker (SegmentedRaftLogWorker.java:<init>(172)) - new 4ac23ced-61a1-47b3-94f0-cee158ec4b70@group-428D891EE687-SegmentedRaftLogWorker for RaftStorage:Storage Directory /workdir/hadoop-ozone/integration-test/target/test-dir/MiniOzoneClusterImpl-d6ca620c-cb63-484f-a581-7c0900b96a5f/datanode-7/data/ratis/5f71fead-f969-4361-8fbf-428d891ee687
2019-09-26 17:03:50,774 [pool-97-thread-1] INFO  server.RaftServerConfigKeys (ConfUtils.java:logGet(43)) - raft.server.log.queue.byte-limit = 2147483647 (custom)
2019-09-26 17:03:50,774 [pool-97-thread-1] INFO  server.RaftServerConfigKeys (ConfUtils.java:logGet(43)) - raft.server.log.queue.element-limit = 1024 (custom)
2019-09-26 17:03:50,774 [pool-97-thread-1] INFO  server.RaftServerConfigKeys (ConfUtils.java:logGet(43)) - raft.server.log.segment.size.max = 1048576 (custom)
2019-09-26 17:03:50,775 [pool-97-thread-1] INFO  server.RaftServerConfigKeys (ConfUtils.java:logGet(43)) - raft.server.log.preallocated.size = 16384 (custom)
2019-09-26 17:03:50,775 [pool-97-thread-1] INFO  server.RaftServerConfigKeys (ConfUtils.java:logGet(43)) - raft.server.log.write.buffer.size = 33554432 (custom)
2019-09-26 17:03:50,775 [pool-97-thread-1] INFO  server.RaftServerConfigKeys (ConfUtils.java:logGet(43)) - raft.server.log.force.sync.num = 128 (default)
2019-09-26 17:03:50,775 [pool-97-thread-1] INFO  server.RaftServerConfigKeys (ConfUtils.java:logGet(43)) - raft.server.log.statemachine.data.sync = true (default)
2019-09-26 17:03:50,775 [pool-97-thread-1] INFO  server.RaftServerConfigKeys (ConfUtils.java:logGet(43)) - raft.server.log.statemachine.data.sync.timeout = 10s (default)
2019-09-26 17:03:50,775 [pool-97-thread-1] INFO  server.RaftServerConfigKeys (ConfUtils.java:logGet(43)) - raft.server.log.statemachine.data.sync.timeout.retry = -1 (default)
2019-09-26 17:03:50,776 [pool-97-thread-1] INFO  server.RaftServerConfigKeys (ConfUtils.java:logGet(43)) - raft.server.log.statemachine.data.caching.enabled = true (custom)
2019-09-26 17:03:50,776 [pool-97-thread-1] INFO  segmented.SegmentedRaftLogWorker (SegmentedRaftLogWorker.java:lambda$new$0(132)) - 4ac23ced-61a1-47b3-94f0-cee158ec4b70@group-428D891EE687-SegmentedRaftLogWorker: flushIndex: setUnconditionally 0 -> -1
2019-09-26 17:03:50,776 [pool-97-thread-1] INFO  server.RaftServerConfigKeys (ConfUtils.java:logGet(43)) - raft.server.snapshot.auto.trigger.enabled = true (custom)
2019-09-26 17:03:50,777 [pool-97-thread-1] INFO  server.RaftServerConfigKeys (ConfUtils.java:logGet(43)) - raft.server.snapshot.auto.trigger.threshold = 10000 (custom)
2019-09-26 17:03:50,777 [pool-97-thread-1] INFO  server.RaftServerConfigKeys (ConfUtils.java:logGet(43)) - raft.server.snapshot.retention.num.files = 5 (custom)
2019-09-26 17:03:50,777 [pool-97-thread-1] INFO  server.RaftServerConfigKeys (ConfUtils.java:logGet(43)) - raft.server.retrycache.expirytime = 600000ms (custom)
2019-09-26 17:03:50,782 [pool-97-thread-1] INFO  impl.RaftServerImpl (RaftServerImpl.java:start(185)) - 4ac23ced-61a1-47b3-94f0-cee158ec4b70@group-428D891EE687: start as a follower, conf=-1: [4ac23ced-61a1-47b3-94f0-cee158ec4b70:192.168.157.234:37118], old=null
2019-09-26 17:03:50,782 [pool-97-thread-1] INFO  impl.RaftServerImpl (RaftServerImpl.java:setRole(174)) - 4ac23ced-61a1-47b3-94f0-cee158ec4b70@group-428D891EE687: changes role from      null to FOLLOWER at term 0 for startAsFollower
2019-09-26 17:03:50,783 [pool-97-thread-1] INFO  impl.RoleInfo (RoleInfo.java:updateAndGet(143)) - 4ac23ced-61a1-47b3-94f0-cee158ec4b70: start FollowerState
2019-09-26 17:03:50,785 [pool-97-thread-1] INFO  util.JmxRegister (JmxRegister.java:tryRegister(44)) - Successfully registered JMX Bean with object name Ratis:service=RaftServer,group=group-428D891EE687,id=4ac23ced-61a1-47b3-94f0-cee158ec4b70
2019-09-26 17:03:50,802 [RatisPipelineUtilsThread] INFO  pipeline.PipelineStateManager (PipelineStateManager.java:addPipeline(56)) - Created pipeline Pipeline[ Id: 5f71fead-f969-4361-8fbf-428d891ee687, Nodes: 4ac23ced-61a1-47b3-94f0-cee158ec4b70{ip: 192.168.157.234, host: pr-hdds-2162-htzpk-1451759861, networkLocation: /default-rack, certSerialId: null}, Type:RATIS, Factor:ONE, State:OPEN]
2019-09-26 17:03:50,831 [grpc-default-executor-0] INFO  impl.RaftServerProxy (RaftServerProxy.java:addNew(89)) - 9ab6b823-6bc4-454f-9d50-ce70a440dcce: addNew group-049273D6B2D4:[9ab6b823-6bc4-454f-9d50-ce70a440dcce:192.168.157.234:39169] returns group-049273D6B2D4:java.util.concurrent.CompletableFuture@e2bb824[Not completed]
2019-09-26 17:03:50,864 [pool-107-thread-1] INFO  impl.RaftServerImpl (RaftServerImpl.java:<init>(95)) - 9ab6b823-6bc4-454f-9d50-ce70a440dcce: new RaftServerImpl for group-049273D6B2D4:[9ab6b823-6bc4-454f-9d50-ce70a440dcce:192.168.157.234:39169] with ContainerStateMachine:uninitialized
2019-09-26 17:03:50,865 [pool-107-thread-1] INFO  server.RaftServerConfigKeys (ConfUtils.java:logGet(43)) - raft.server.rpc.timeout.min = 1s (custom)
2019-09-26 17:03:50,865 [pool-107-thread-1] INFO  server.RaftServerConfigKeys (ConfUtils.java:logGet(43)) - raft.server.rpc.timeout.max = 1200ms (custom)
2019-09-26 17:03:50,865 [pool-107-thread-1] INFO  server.RaftServerConfigKeys (ConfUtils.java:logGet(43)) - raft.server.rpcslowness.timeout = 120s (custom)
2019-09-26 17:03:50,865 [pool-107-thread-1] INFO  server.RaftServerConfigKeys (ConfUtils.java:logGet(43)) - raft.server.sleep.deviation.threshold = 300 (default)
2019-09-26 17:03:50,865 [pool-107-thread-1] INFO  server.RaftServerConfigKeys (ConfUtils.java:logGet(43)) - raft.server.log.appender.install.snapshot.enabled = false (custom)
2019-09-26 17:03:50,865 [pool-107-thread-1] INFO  impl.RaftServerImpl (ServerState.java:<init>(103)) - 9ab6b823-6bc4-454f-9d50-ce70a440dcce@group-049273D6B2D4: ConfigurationManager, init=-1: [9ab6b823-6bc4-454f-9d50-ce70a440dcce:192.168.157.234:39169], old=null, confs=<EMPTY_MAP>
2019-09-26 17:03:50,865 [pool-107-thread-1] INFO  server.RaftServerConfigKeys (ConfUtils.java:logGet(43)) - raft.server.storage.dir = [/workdir/hadoop-ozone/integration-test/target/test-dir/MiniOzoneClusterImpl-d6ca620c-cb63-484f-a581-7c0900b96a5f/datanode-8/data/ratis] (custom)
2019-09-26 17:03:50,866 [pool-107-thread-1] INFO  storage.RaftStorageDirectory (RaftStorageDirectory.java:analyzeStorage(246)) - The storage directory /workdir/hadoop-ozone/integration-test/target/test-dir/MiniOzoneClusterImpl-d6ca620c-cb63-484f-a581-7c0900b96a5f/datanode-8/data/ratis/03527a62-2174-4997-9979-049273d6b2d4 does not exist. Creating ...
2019-09-26 17:03:50,879 [pool-107-thread-1] INFO  storage.RaftStorageDirectory (RaftStorageDirectory.java:tryLock(328)) - Lock on /workdir/hadoop-ozone/integration-test/target/test-dir/MiniOzoneClusterImpl-d6ca620c-cb63-484f-a581-7c0900b96a5f/datanode-8/data/ratis/03527a62-2174-4997-9979-049273d6b2d4/in_use.lock acquired by nodename 14337@pr-hdds-2162-htzpk-1451759861
2019-09-26 17:03:50,892 [pool-107-thread-1] INFO  storage.RaftStorage (RaftStorage.java:format(72)) - Storage directory /workdir/hadoop-ozone/integration-test/target/test-dir/MiniOzoneClusterImpl-d6ca620c-cb63-484f-a581-7c0900b96a5f/datanode-8/data/ratis/03527a62-2174-4997-9979-049273d6b2d4 has been successfully formatted.
2019-09-26 17:03:50,893 [pool-107-thread-1] INFO  ratis.ContainerStateMachine (ContainerStateMachine.java:loadSnapshot(230)) - group-049273D6B2D4: The snapshot info is null. Setting the last applied indexto:(t:0, i:~)
2019-09-26 17:03:50,893 [pool-107-thread-1] INFO  server.RaftServerConfigKeys (ConfUtils.java:logGet(43)) - raft.server.notification.no-leader.timeout = 120s (custom)
2019-09-26 17:03:50,893 [pool-107-thread-1] INFO  server.RaftServerConfigKeys (ConfUtils.java:logGet(43)) - raft.server.log.use.memory = false (default)
2019-09-26 17:03:50,893 [pool-107-thread-1] INFO  server.RaftServerConfigKeys (ConfUtils.java:logGet(43)) - raft.server.log.purge.gap = 1000000 (custom)
2019-09-26 17:03:50,893 [pool-107-thread-1] INFO  server.RaftServerConfigKeys (ConfUtils.java:logGet(43)) - raft.server.log.appender.buffer.byte-limit = 33554432 (custom)
2019-09-26 17:03:50,894 [pool-107-thread-1] INFO  server.RaftServerConfigKeys (ConfUtils.java:logGet(43)) - raft.server.log.segment.size.max = 1048576 (custom)
2019-09-26 17:03:50,894 [pool-107-thread-1] INFO  server.RaftServerConfigKeys (ConfUtils.java:logGet(43)) - raft.server.log.segment.cache.num.max = 2 (custom)
2019-09-26 17:03:50,894 [pool-107-thread-1] INFO  segmented.SegmentedRaftLogWorker (SegmentedRaftLogWorker.java:<init>(172)) - new 9ab6b823-6bc4-454f-9d50-ce70a440dcce@group-049273D6B2D4-SegmentedRaftLogWorker for RaftStorage:Storage Directory /workdir/hadoop-ozone/integration-test/target/test-dir/MiniOzoneClusterImpl-d6ca620c-cb63-484f-a581-7c0900b96a5f/datanode-8/data/ratis/03527a62-2174-4997-9979-049273d6b2d4
2019-09-26 17:03:50,941 [pool-107-thread-1] INFO  server.RaftServerConfigKeys (ConfUtils.java:logGet(43)) - raft.server.log.queue.byte-limit = 2147483647 (custom)
2019-09-26 17:03:50,942 [pool-107-thread-1] INFO  server.RaftServerConfigKeys (ConfUtils.java:logGet(43)) - raft.server.log.queue.element-limit = 1024 (custom)
2019-09-26 17:03:50,942 [pool-107-thread-1] INFO  server.RaftServerConfigKeys (ConfUtils.java:logGet(43)) - raft.server.log.segment.size.max = 1048576 (custom)
2019-09-26 17:03:50,942 [pool-107-thread-1] INFO  server.RaftServerConfigKeys (ConfUtils.java:logGet(43)) - raft.server.log.preallocated.size = 16384 (custom)
2019-09-26 17:03:50,942 [pool-107-thread-1] INFO  server.RaftServerConfigKeys (ConfUtils.java:logGet(43)) - raft.server.log.write.buffer.size = 33554432 (custom)
2019-09-26 17:03:50,943 [pool-107-thread-1] INFO  server.RaftServerConfigKeys (ConfUtils.java:logGet(43)) - raft.server.log.force.sync.num = 128 (default)
2019-09-26 17:03:50,943 [pool-107-thread-1] INFO  server.RaftServerConfigKeys (ConfUtils.java:logGet(43)) - raft.server.log.statemachine.data.sync = true (default)
2019-09-26 17:03:50,943 [pool-107-thread-1] INFO  server.RaftServerConfigKeys (ConfUtils.java:logGet(43)) - raft.server.log.statemachine.data.sync.timeout = 10s (default)
2019-09-26 17:03:50,943 [pool-107-thread-1] INFO  server.RaftServerConfigKeys (ConfUtils.java:logGet(43)) - raft.server.log.statemachine.data.sync.timeout.retry = -1 (default)
2019-09-26 17:03:50,944 [pool-107-thread-1] INFO  server.RaftServerConfigKeys (ConfUtils.java:logGet(43)) - raft.server.log.statemachine.data.caching.enabled = true (custom)
2019-09-26 17:03:50,944 [pool-107-thread-1] INFO  segmented.SegmentedRaftLogWorker (SegmentedRaftLogWorker.java:lambda$new$0(132)) - 9ab6b823-6bc4-454f-9d50-ce70a440dcce@group-049273D6B2D4-SegmentedRaftLogWorker: flushIndex: setUnconditionally 0 -> -1
2019-09-26 17:03:50,945 [pool-107-thread-1] INFO  server.RaftServerConfigKeys (ConfUtils.java:logGet(43)) - raft.server.snapshot.auto.trigger.enabled = true (custom)
2019-09-26 17:03:50,945 [pool-107-thread-1] INFO  server.RaftServerConfigKeys (ConfUtils.java:logGet(43)) - raft.server.snapshot.auto.trigger.threshold = 10000 (custom)
2019-09-26 17:03:50,945 [pool-107-thread-1] INFO  server.RaftServerConfigKeys (ConfUtils.java:logGet(43)) - raft.server.snapshot.retention.num.files = 5 (custom)
2019-09-26 17:03:50,945 [pool-107-thread-1] INFO  server.RaftServerConfigKeys (ConfUtils.java:logGet(43)) - raft.server.retrycache.expirytime = 600000ms (custom)
2019-09-26 17:03:50,951 [pool-107-thread-1] INFO  impl.RaftServerImpl (RaftServerImpl.java:start(185)) - 9ab6b823-6bc4-454f-9d50-ce70a440dcce@group-049273D6B2D4: start as a follower, conf=-1: [9ab6b823-6bc4-454f-9d50-ce70a440dcce:192.168.157.234:39169], old=null
2019-09-26 17:03:50,951 [pool-107-thread-1] INFO  impl.RaftServerImpl (RaftServerImpl.java:setRole(174)) - 9ab6b823-6bc4-454f-9d50-ce70a440dcce@group-049273D6B2D4: changes role from      null to FOLLOWER at term 0 for startAsFollower
2019-09-26 17:03:50,951 [pool-107-thread-1] INFO  impl.RoleInfo (RoleInfo.java:updateAndGet(143)) - 9ab6b823-6bc4-454f-9d50-ce70a440dcce: start FollowerState
2019-09-26 17:03:50,952 [pool-107-thread-1] INFO  util.JmxRegister (JmxRegister.java:tryRegister(44)) - Successfully registered JMX Bean with object name Ratis:service=RaftServer,group=group-049273D6B2D4,id=9ab6b823-6bc4-454f-9d50-ce70a440dcce
2019-09-26 17:03:50,970 [RatisPipelineUtilsThread] INFO  pipeline.PipelineStateManager (PipelineStateManager.java:addPipeline(56)) - Created pipeline Pipeline[ Id: 03527a62-2174-4997-9979-049273d6b2d4, Nodes: 9ab6b823-6bc4-454f-9d50-ce70a440dcce{ip: 192.168.157.234, host: pr-hdds-2162-htzpk-1451759861, networkLocation: /default-rack, certSerialId: null}, Type:RATIS, Factor:ONE, State:OPEN]
2019-09-26 17:03:50,994 [grpc-default-executor-0] INFO  impl.RaftServerProxy (RaftServerProxy.java:addNew(89)) - 0f6d0b51-49f2-46fd-a2f3-d041b41eab5c: addNew group-ACD910E18DB9:[0f6d0b51-49f2-46fd-a2f3-d041b41eab5c:192.168.157.234:43173] returns group-ACD910E18DB9:java.util.concurrent.CompletableFuture@379e60f4[Not completed]
2019-09-26 17:03:50,999 [pool-57-thread-1] INFO  impl.RaftServerImpl (RaftServerImpl.java:<init>(95)) - 0f6d0b51-49f2-46fd-a2f3-d041b41eab5c: new RaftServerImpl for group-ACD910E18DB9:[0f6d0b51-49f2-46fd-a2f3-d041b41eab5c:192.168.157.234:43173] with ContainerStateMachine:uninitialized
2019-09-26 17:03:50,999 [pool-57-thread-1] INFO  server.RaftServerConfigKeys (ConfUtils.java:logGet(43)) - raft.server.rpc.timeout.min = 1s (custom)
2019-09-26 17:03:50,999 [pool-57-thread-1] INFO  server.RaftServerConfigKeys (ConfUtils.java:logGet(43)) - raft.server.rpc.timeout.max = 1200ms (custom)
2019-09-26 17:03:50,999 [pool-57-thread-1] INFO  server.RaftServerConfigKeys (ConfUtils.java:logGet(43)) - raft.server.rpcslowness.timeout = 120s (custom)
2019-09-26 17:03:51,000 [pool-57-thread-1] INFO  server.RaftServerConfigKeys (ConfUtils.java:logGet(43)) - raft.server.sleep.deviation.threshold = 300 (default)
2019-09-26 17:03:51,000 [pool-57-thread-1] INFO  server.RaftServerConfigKeys (ConfUtils.java:logGet(43)) - raft.server.log.appender.install.snapshot.enabled = false (custom)
2019-09-26 17:03:51,000 [pool-57-thread-1] INFO  impl.RaftServerImpl (ServerState.java:<init>(103)) - 0f6d0b51-49f2-46fd-a2f3-d041b41eab5c@group-ACD910E18DB9: ConfigurationManager, init=-1: [0f6d0b51-49f2-46fd-a2f3-d041b41eab5c:192.168.157.234:43173], old=null, confs=<EMPTY_MAP>
2019-09-26 17:03:51,000 [pool-57-thread-1] INFO  server.RaftServerConfigKeys (ConfUtils.java:logGet(43)) - raft.server.storage.dir = [/workdir/hadoop-ozone/integration-test/target/test-dir/MiniOzoneClusterImpl-d6ca620c-cb63-484f-a581-7c0900b96a5f/datanode-3/data/ratis] (custom)
2019-09-26 17:03:51,001 [pool-57-thread-1] INFO  storage.RaftStorageDirectory (RaftStorageDirectory.java:analyzeStorage(246)) - The storage directory /workdir/hadoop-ozone/integration-test/target/test-dir/MiniOzoneClusterImpl-d6ca620c-cb63-484f-a581-7c0900b96a5f/datanode-3/data/ratis/696302a6-ac17-45d7-81a6-acd910e18db9 does not exist. Creating ...
2019-09-26 17:03:51,014 [pool-57-thread-1] INFO  storage.RaftStorageDirectory (RaftStorageDirectory.java:tryLock(328)) - Lock on /workdir/hadoop-ozone/integration-test/target/test-dir/MiniOzoneClusterImpl-d6ca620c-cb63-484f-a581-7c0900b96a5f/datanode-3/data/ratis/696302a6-ac17-45d7-81a6-acd910e18db9/in_use.lock acquired by nodename 14337@pr-hdds-2162-htzpk-1451759861
2019-09-26 17:03:51,034 [pool-57-thread-1] INFO  storage.RaftStorage (RaftStorage.java:format(72)) - Storage directory /workdir/hadoop-ozone/integration-test/target/test-dir/MiniOzoneClusterImpl-d6ca620c-cb63-484f-a581-7c0900b96a5f/datanode-3/data/ratis/696302a6-ac17-45d7-81a6-acd910e18db9 has been successfully formatted.
2019-09-26 17:03:51,035 [pool-57-thread-1] INFO  ratis.ContainerStateMachine (ContainerStateMachine.java:loadSnapshot(230)) - group-ACD910E18DB9: The snapshot info is null. Setting the last applied indexto:(t:0, i:~)
2019-09-26 17:03:51,035 [pool-57-thread-1] INFO  server.RaftServerConfigKeys (ConfUtils.java:logGet(43)) - raft.server.notification.no-leader.timeout = 120s (custom)
2019-09-26 17:03:51,035 [pool-57-thread-1] INFO  server.RaftServerConfigKeys (ConfUtils.java:logGet(43)) - raft.server.log.use.memory = false (default)
2019-09-26 17:03:51,035 [pool-57-thread-1] INFO  server.RaftServerConfigKeys (ConfUtils.java:logGet(43)) - raft.server.log.purge.gap = 1000000 (custom)
2019-09-26 17:03:51,035 [pool-57-thread-1] INFO  server.RaftServerConfigKeys (ConfUtils.java:logGet(43)) - raft.server.log.appender.buffer.byte-limit = 33554432 (custom)
2019-09-26 17:03:51,036 [pool-57-thread-1] INFO  server.RaftServerConfigKeys (ConfUtils.java:logGet(43)) - raft.server.log.segment.size.max = 1048576 (custom)
2019-09-26 17:03:51,036 [pool-57-thread-1] INFO  server.RaftServerConfigKeys (ConfUtils.java:logGet(43)) - raft.server.log.segment.cache.num.max = 2 (custom)
2019-09-26 17:03:51,036 [pool-57-thread-1] INFO  segmented.SegmentedRaftLogWorker (SegmentedRaftLogWorker.java:<init>(172)) - new 0f6d0b51-49f2-46fd-a2f3-d041b41eab5c@group-ACD910E18DB9-SegmentedRaftLogWorker for RaftStorage:Storage Directory /workdir/hadoop-ozone/integration-test/target/test-dir/MiniOzoneClusterImpl-d6ca620c-cb63-484f-a581-7c0900b96a5f/datanode-3/data/ratis/696302a6-ac17-45d7-81a6-acd910e18db9
2019-09-26 17:03:51,042 [pool-57-thread-1] INFO  server.RaftServerConfigKeys (ConfUtils.java:logGet(43)) - raft.server.log.queue.byte-limit = 2147483647 (custom)
2019-09-26 17:03:51,042 [pool-57-thread-1] INFO  server.RaftServerConfigKeys (ConfUtils.java:logGet(43)) - raft.server.log.queue.element-limit = 1024 (custom)
2019-09-26 17:03:51,043 [pool-57-thread-1] INFO  server.RaftServerConfigKeys (ConfUtils.java:logGet(43)) - raft.server.log.segment.size.max = 1048576 (custom)
2019-09-26 17:03:51,043 [pool-57-thread-1] INFO  server.RaftServerConfigKeys (ConfUtils.java:logGet(43)) - raft.server.log.preallocated.size = 16384 (custom)
2019-09-26 17:03:51,043 [pool-57-thread-1] INFO  server.RaftServerConfigKeys (ConfUtils.java:logGet(43)) - raft.server.log.write.buffer.size = 33554432 (custom)
2019-09-26 17:03:51,043 [pool-57-thread-1] INFO  server.RaftServerConfigKeys (ConfUtils.java:logGet(43)) - raft.server.log.force.sync.num = 128 (default)
2019-09-26 17:03:51,043 [pool-57-thread-1] INFO  server.RaftServerConfigKeys (ConfUtils.java:logGet(43)) - raft.server.log.statemachine.data.sync = true (default)
2019-09-26 17:03:51,044 [pool-57-thread-1] INFO  server.RaftServerConfigKeys (ConfUtils.java:logGet(43)) - raft.server.log.statemachine.data.sync.timeout = 10s (default)
2019-09-26 17:03:51,044 [pool-57-thread-1] INFO  server.RaftServerConfigKeys (ConfUtils.java:logGet(43)) - raft.server.log.statemachine.data.sync.timeout.retry = -1 (default)
2019-09-26 17:03:51,044 [pool-57-thread-1] INFO  server.RaftServerConfigKeys (ConfUtils.java:logGet(43)) - raft.server.log.statemachine.data.caching.enabled = true (custom)
2019-09-26 17:03:51,045 [pool-57-thread-1] INFO  segmented.SegmentedRaftLogWorker (SegmentedRaftLogWorker.java:lambda$new$0(132)) - 0f6d0b51-49f2-46fd-a2f3-d041b41eab5c@group-ACD910E18DB9-SegmentedRaftLogWorker: flushIndex: setUnconditionally 0 -> -1
2019-09-26 17:03:51,045 [pool-57-thread-1] INFO  server.RaftServerConfigKeys (ConfUtils.java:logGet(43)) - raft.server.snapshot.auto.trigger.enabled = true (custom)
2019-09-26 17:03:51,045 [pool-57-thread-1] INFO  server.RaftServerConfigKeys (ConfUtils.java:logGet(43)) - raft.server.snapshot.auto.trigger.threshold = 10000 (custom)
2019-09-26 17:03:51,045 [pool-57-thread-1] INFO  server.RaftServerConfigKeys (ConfUtils.java:logGet(43)) - raft.server.snapshot.retention.num.files = 5 (custom)
2019-09-26 17:03:51,046 [pool-57-thread-1] INFO  server.RaftServerConfigKeys (ConfUtils.java:logGet(43)) - raft.server.retrycache.expirytime = 600000ms (custom)
2019-09-26 17:03:51,051 [pool-57-thread-1] INFO  impl.RaftServerImpl (RaftServerImpl.java:start(185)) - 0f6d0b51-49f2-46fd-a2f3-d041b41eab5c@group-ACD910E18DB9: start as a follower, conf=-1: [0f6d0b51-49f2-46fd-a2f3-d041b41eab5c:192.168.157.234:43173], old=null
2019-09-26 17:03:51,052 [pool-57-thread-1] INFO  impl.RaftServerImpl (RaftServerImpl.java:setRole(174)) - 0f6d0b51-49f2-46fd-a2f3-d041b41eab5c@group-ACD910E18DB9: changes role from      null to FOLLOWER at term 0 for startAsFollower
2019-09-26 17:03:51,052 [pool-57-thread-1] INFO  impl.RoleInfo (RoleInfo.java:updateAndGet(143)) - 0f6d0b51-49f2-46fd-a2f3-d041b41eab5c: start FollowerState
2019-09-26 17:03:51,053 [pool-57-thread-1] INFO  util.JmxRegister (JmxRegister.java:tryRegister(44)) - Successfully registered JMX Bean with object name Ratis:service=RaftServer,group=group-ACD910E18DB9,id=0f6d0b51-49f2-46fd-a2f3-d041b41eab5c
2019-09-26 17:03:51,081 [RatisPipelineUtilsThread] INFO  pipeline.PipelineStateManager (PipelineStateManager.java:addPipeline(56)) - Created pipeline Pipeline[ Id: 696302a6-ac17-45d7-81a6-acd910e18db9, Nodes: 0f6d0b51-49f2-46fd-a2f3-d041b41eab5c{ip: 192.168.157.234, host: pr-hdds-2162-htzpk-1451759861, networkLocation: /default-rack, certSerialId: null}, Type:RATIS, Factor:ONE, State:OPEN]
2019-09-26 17:03:51,099 [grpc-default-executor-0] INFO  impl.RaftServerProxy (RaftServerProxy.java:addNew(89)) - ef5a9ab0-e109-4aa9-899d-c34ee583d2de: addNew group-223C558AC9F0:[ef5a9ab0-e109-4aa9-899d-c34ee583d2de:192.168.157.234:38928] returns group-223C558AC9F0:java.util.concurrent.CompletableFuture@62ba115e[Not completed]
2019-09-26 17:03:51,105 [pool-77-thread-1] INFO  impl.RaftServerImpl (RaftServerImpl.java:<init>(95)) - ef5a9ab0-e109-4aa9-899d-c34ee583d2de: new RaftServerImpl for group-223C558AC9F0:[ef5a9ab0-e109-4aa9-899d-c34ee583d2de:192.168.157.234:38928] with ContainerStateMachine:uninitialized
2019-09-26 17:03:51,105 [pool-77-thread-1] INFO  server.RaftServerConfigKeys (ConfUtils.java:logGet(43)) - raft.server.rpc.timeout.min = 1s (custom)
2019-09-26 17:03:51,105 [pool-77-thread-1] INFO  server.RaftServerConfigKeys (ConfUtils.java:logGet(43)) - raft.server.rpc.timeout.max = 1200ms (custom)
2019-09-26 17:03:51,106 [pool-77-thread-1] INFO  server.RaftServerConfigKeys (ConfUtils.java:logGet(43)) - raft.server.rpcslowness.timeout = 120s (custom)
2019-09-26 17:03:51,106 [pool-77-thread-1] INFO  server.RaftServerConfigKeys (ConfUtils.java:logGet(43)) - raft.server.sleep.deviation.threshold = 300 (default)
2019-09-26 17:03:51,106 [pool-77-thread-1] INFO  server.RaftServerConfigKeys (ConfUtils.java:logGet(43)) - raft.server.log.appender.install.snapshot.enabled = false (custom)
2019-09-26 17:03:51,106 [pool-77-thread-1] INFO  impl.RaftServerImpl (ServerState.java:<init>(103)) - ef5a9ab0-e109-4aa9-899d-c34ee583d2de@group-223C558AC9F0: ConfigurationManager, init=-1: [ef5a9ab0-e109-4aa9-899d-c34ee583d2de:192.168.157.234:38928], old=null, confs=<EMPTY_MAP>
2019-09-26 17:03:51,106 [pool-77-thread-1] INFO  server.RaftServerConfigKeys (ConfUtils.java:logGet(43)) - raft.server.storage.dir = [/workdir/hadoop-ozone/integration-test/target/test-dir/MiniOzoneClusterImpl-d6ca620c-cb63-484f-a581-7c0900b96a5f/datanode-5/data/ratis] (custom)
2019-09-26 17:03:51,107 [pool-77-thread-1] INFO  storage.RaftStorageDirectory (RaftStorageDirectory.java:analyzeStorage(246)) - The storage directory /workdir/hadoop-ozone/integration-test/target/test-dir/MiniOzoneClusterImpl-d6ca620c-cb63-484f-a581-7c0900b96a5f/datanode-5/data/ratis/94104e68-50fd-484a-b867-223c558ac9f0 does not exist. Creating ...
2019-09-26 17:03:51,120 [pool-77-thread-1] INFO  storage.RaftStorageDirectory (RaftStorageDirectory.java:tryLock(328)) - Lock on /workdir/hadoop-ozone/integration-test/target/test-dir/MiniOzoneClusterImpl-d6ca620c-cb63-484f-a581-7c0900b96a5f/datanode-5/data/ratis/94104e68-50fd-484a-b867-223c558ac9f0/in_use.lock acquired by nodename 14337@pr-hdds-2162-htzpk-1451759861
2019-09-26 17:03:51,133 [pool-77-thread-1] INFO  storage.RaftStorage (RaftStorage.java:format(72)) - Storage directory /workdir/hadoop-ozone/integration-test/target/test-dir/MiniOzoneClusterImpl-d6ca620c-cb63-484f-a581-7c0900b96a5f/datanode-5/data/ratis/94104e68-50fd-484a-b867-223c558ac9f0 has been successfully formatted.
2019-09-26 17:03:51,134 [pool-77-thread-1] INFO  ratis.ContainerStateMachine (ContainerStateMachine.java:loadSnapshot(230)) - group-223C558AC9F0: The snapshot info is null. Setting the last applied indexto:(t:0, i:~)
2019-09-26 17:03:51,134 [pool-77-thread-1] INFO  server.RaftServerConfigKeys (ConfUtils.java:logGet(43)) - raft.server.notification.no-leader.timeout = 120s (custom)
2019-09-26 17:03:51,134 [pool-77-thread-1] INFO  server.RaftServerConfigKeys (ConfUtils.java:logGet(43)) - raft.server.log.use.memory = false (default)
2019-09-26 17:03:51,134 [pool-77-thread-1] INFO  server.RaftServerConfigKeys (ConfUtils.java:logGet(43)) - raft.server.log.purge.gap = 1000000 (custom)
2019-09-26 17:03:51,134 [pool-77-thread-1] INFO  server.RaftServerConfigKeys (ConfUtils.java:logGet(43)) - raft.server.log.appender.buffer.byte-limit = 33554432 (custom)
2019-09-26 17:03:51,134 [pool-77-thread-1] INFO  server.RaftServerConfigKeys (ConfUtils.java:logGet(43)) - raft.server.log.segment.size.max = 1048576 (custom)
2019-09-26 17:03:51,135 [pool-77-thread-1] INFO  server.RaftServerConfigKeys (ConfUtils.java:logGet(43)) - raft.server.log.segment.cache.num.max = 2 (custom)
2019-09-26 17:03:51,135 [pool-77-thread-1] INFO  segmented.SegmentedRaftLogWorker (SegmentedRaftLogWorker.java:<init>(172)) - new ef5a9ab0-e109-4aa9-899d-c34ee583d2de@group-223C558AC9F0-SegmentedRaftLogWorker for RaftStorage:Storage Directory /workdir/hadoop-ozone/integration-test/target/test-dir/MiniOzoneClusterImpl-d6ca620c-cb63-484f-a581-7c0900b96a5f/datanode-5/data/ratis/94104e68-50fd-484a-b867-223c558ac9f0
2019-09-26 17:03:51,139 [pool-77-thread-1] INFO  server.RaftServerConfigKeys (ConfUtils.java:logGet(43)) - raft.server.log.queue.byte-limit = 2147483647 (custom)
2019-09-26 17:03:51,139 [pool-77-thread-1] INFO  server.RaftServerConfigKeys (ConfUtils.java:logGet(43)) - raft.server.log.queue.element-limit = 1024 (custom)
2019-09-26 17:03:51,139 [pool-77-thread-1] INFO  server.RaftServerConfigKeys (ConfUtils.java:logGet(43)) - raft.server.log.segment.size.max = 1048576 (custom)
2019-09-26 17:03:51,139 [pool-77-thread-1] INFO  server.RaftServerConfigKeys (ConfUtils.java:logGet(43)) - raft.server.log.preallocated.size = 16384 (custom)
2019-09-26 17:03:51,139 [pool-77-thread-1] INFO  server.RaftServerConfigKeys (ConfUtils.java:logGet(43)) - raft.server.log.write.buffer.size = 33554432 (custom)
2019-09-26 17:03:51,139 [pool-77-thread-1] INFO  server.RaftServerConfigKeys (ConfUtils.java:logGet(43)) - raft.server.log.force.sync.num = 128 (default)
2019-09-26 17:03:51,140 [pool-77-thread-1] INFO  server.RaftServerConfigKeys (ConfUtils.java:logGet(43)) - raft.server.log.statemachine.data.sync = true (default)
2019-09-26 17:03:51,140 [pool-77-thread-1] INFO  server.RaftServerConfigKeys (ConfUtils.java:logGet(43)) - raft.server.log.statemachine.data.sync.timeout = 10s (default)
2019-09-26 17:03:51,140 [pool-77-thread-1] INFO  server.RaftServerConfigKeys (ConfUtils.java:logGet(43)) - raft.server.log.statemachine.data.sync.timeout.retry = -1 (default)
2019-09-26 17:03:51,140 [pool-77-thread-1] INFO  server.RaftServerConfigKeys (ConfUtils.java:logGet(43)) - raft.server.log.statemachine.data.caching.enabled = true (custom)
2019-09-26 17:03:51,141 [pool-77-thread-1] INFO  segmented.SegmentedRaftLogWorker (SegmentedRaftLogWorker.java:lambda$new$0(132)) - ef5a9ab0-e109-4aa9-899d-c34ee583d2de@group-223C558AC9F0-SegmentedRaftLogWorker: flushIndex: setUnconditionally 0 -> -1
2019-09-26 17:03:51,141 [pool-77-thread-1] INFO  server.RaftServerConfigKeys (ConfUtils.java:logGet(43)) - raft.server.snapshot.auto.trigger.enabled = true (custom)
2019-09-26 17:03:51,141 [pool-77-thread-1] INFO  server.RaftServerConfigKeys (ConfUtils.java:logGet(43)) - raft.server.snapshot.auto.trigger.threshold = 10000 (custom)
2019-09-26 17:03:51,141 [pool-77-thread-1] INFO  server.RaftServerConfigKeys (ConfUtils.java:logGet(43)) - raft.server.snapshot.retention.num.files = 5 (custom)
2019-09-26 17:03:51,141 [pool-77-thread-1] INFO  server.RaftServerConfigKeys (ConfUtils.java:logGet(43)) - raft.server.retrycache.expirytime = 600000ms (custom)
2019-09-26 17:03:51,145 [pool-77-thread-1] INFO  impl.RaftServerImpl (RaftServerImpl.java:start(185)) - ef5a9ab0-e109-4aa9-899d-c34ee583d2de@group-223C558AC9F0: start as a follower, conf=-1: [ef5a9ab0-e109-4aa9-899d-c34ee583d2de:192.168.157.234:38928], old=null
2019-09-26 17:03:51,145 [pool-77-thread-1] INFO  impl.RaftServerImpl (RaftServerImpl.java:setRole(174)) - ef5a9ab0-e109-4aa9-899d-c34ee583d2de@group-223C558AC9F0: changes role from      null to FOLLOWER at term 0 for startAsFollower
2019-09-26 17:03:51,145 [pool-77-thread-1] INFO  impl.RoleInfo (RoleInfo.java:updateAndGet(143)) - ef5a9ab0-e109-4aa9-899d-c34ee583d2de: start FollowerState
2019-09-26 17:03:51,146 [pool-77-thread-1] INFO  util.JmxRegister (JmxRegister.java:tryRegister(44)) - Successfully registered JMX Bean with object name Ratis:service=RaftServer,group=group-223C558AC9F0,id=ef5a9ab0-e109-4aa9-899d-c34ee583d2de
2019-09-26 17:03:51,163 [RatisPipelineUtilsThread] INFO  pipeline.PipelineStateManager (PipelineStateManager.java:addPipeline(56)) - Created pipeline Pipeline[ Id: 94104e68-50fd-484a-b867-223c558ac9f0, Nodes: ef5a9ab0-e109-4aa9-899d-c34ee583d2de{ip: 192.168.157.234, host: pr-hdds-2162-htzpk-1451759861, networkLocation: /default-rack, certSerialId: null}, Type:RATIS, Factor:ONE, State:OPEN]
2019-09-26 17:03:51,186 [grpc-default-executor-0] INFO  impl.RaftServerProxy (RaftServerProxy.java:addNew(89)) - c9877585-f333-4492-aed4-861a77134c16: addNew group-6819D367285A:[c9877585-f333-4492-aed4-861a77134c16:192.168.157.234:36678] returns group-6819D367285A:java.util.concurrent.CompletableFuture@7a1b19e8[Not completed]
2019-09-26 17:03:51,194 [pool-87-thread-1] INFO  impl.RaftServerImpl (RaftServerImpl.java:<init>(95)) - c9877585-f333-4492-aed4-861a77134c16: new RaftServerImpl for group-6819D367285A:[c9877585-f333-4492-aed4-861a77134c16:192.168.157.234:36678] with ContainerStateMachine:uninitialized
2019-09-26 17:03:51,194 [pool-87-thread-1] INFO  server.RaftServerConfigKeys (ConfUtils.java:logGet(43)) - raft.server.rpc.timeout.min = 1s (custom)
2019-09-26 17:03:51,194 [pool-87-thread-1] INFO  server.RaftServerConfigKeys (ConfUtils.java:logGet(43)) - raft.server.rpc.timeout.max = 1200ms (custom)
2019-09-26 17:03:51,194 [pool-87-thread-1] INFO  server.RaftServerConfigKeys (ConfUtils.java:logGet(43)) - raft.server.rpcslowness.timeout = 120s (custom)
2019-09-26 17:03:51,194 [pool-87-thread-1] INFO  server.RaftServerConfigKeys (ConfUtils.java:logGet(43)) - raft.server.sleep.deviation.threshold = 300 (default)
2019-09-26 17:03:51,195 [pool-87-thread-1] INFO  server.RaftServerConfigKeys (ConfUtils.java:logGet(43)) - raft.server.log.appender.install.snapshot.enabled = false (custom)
2019-09-26 17:03:51,195 [pool-87-thread-1] INFO  impl.RaftServerImpl (ServerState.java:<init>(103)) - c9877585-f333-4492-aed4-861a77134c16@group-6819D367285A: ConfigurationManager, init=-1: [c9877585-f333-4492-aed4-861a77134c16:192.168.157.234:36678], old=null, confs=<EMPTY_MAP>
2019-09-26 17:03:51,195 [pool-87-thread-1] INFO  server.RaftServerConfigKeys (ConfUtils.java:logGet(43)) - raft.server.storage.dir = [/workdir/hadoop-ozone/integration-test/target/test-dir/MiniOzoneClusterImpl-d6ca620c-cb63-484f-a581-7c0900b96a5f/datanode-6/data/ratis] (custom)
2019-09-26 17:03:51,196 [pool-87-thread-1] INFO  storage.RaftStorageDirectory (RaftStorageDirectory.java:analyzeStorage(246)) - The storage directory /workdir/hadoop-ozone/integration-test/target/test-dir/MiniOzoneClusterImpl-d6ca620c-cb63-484f-a581-7c0900b96a5f/datanode-6/data/ratis/998b0c3b-501c-4ffb-a3b2-6819d367285a does not exist. Creating ...
2019-09-26 17:03:51,209 [pool-87-thread-1] INFO  storage.RaftStorageDirectory (RaftStorageDirectory.java:tryLock(328)) - Lock on /workdir/hadoop-ozone/integration-test/target/test-dir/MiniOzoneClusterImpl-d6ca620c-cb63-484f-a581-7c0900b96a5f/datanode-6/data/ratis/998b0c3b-501c-4ffb-a3b2-6819d367285a/in_use.lock acquired by nodename 14337@pr-hdds-2162-htzpk-1451759861
2019-09-26 17:03:51,223 [pool-87-thread-1] INFO  storage.RaftStorage (RaftStorage.java:format(72)) - Storage directory /workdir/hadoop-ozone/integration-test/target/test-dir/MiniOzoneClusterImpl-d6ca620c-cb63-484f-a581-7c0900b96a5f/datanode-6/data/ratis/998b0c3b-501c-4ffb-a3b2-6819d367285a has been successfully formatted.
2019-09-26 17:03:51,224 [pool-87-thread-1] INFO  ratis.ContainerStateMachine (ContainerStateMachine.java:loadSnapshot(230)) - group-6819D367285A: The snapshot info is null. Setting the last applied indexto:(t:0, i:~)
2019-09-26 17:03:51,224 [pool-87-thread-1] INFO  server.RaftServerConfigKeys (ConfUtils.java:logGet(43)) - raft.server.notification.no-leader.timeout = 120s (custom)
2019-09-26 17:03:51,224 [pool-87-thread-1] INFO  server.RaftServerConfigKeys (ConfUtils.java:logGet(43)) - raft.server.log.use.memory = false (default)
2019-09-26 17:03:51,225 [pool-87-thread-1] INFO  server.RaftServerConfigKeys (ConfUtils.java:logGet(43)) - raft.server.log.purge.gap = 1000000 (custom)
2019-09-26 17:03:51,225 [pool-87-thread-1] INFO  server.RaftServerConfigKeys (ConfUtils.java:logGet(43)) - raft.server.log.appender.buffer.byte-limit = 33554432 (custom)
2019-09-26 17:03:51,225 [pool-87-thread-1] INFO  server.RaftServerConfigKeys (ConfUtils.java:logGet(43)) - raft.server.log.segment.size.max = 1048576 (custom)
2019-09-26 17:03:51,226 [pool-87-thread-1] INFO  server.RaftServerConfigKeys (ConfUtils.java:logGet(43)) - raft.server.log.segment.cache.num.max = 2 (custom)
2019-09-26 17:03:51,226 [pool-87-thread-1] INFO  segmented.SegmentedRaftLogWorker (SegmentedRaftLogWorker.java:<init>(172)) - new c9877585-f333-4492-aed4-861a77134c16@group-6819D367285A-SegmentedRaftLogWorker for RaftStorage:Storage Directory /workdir/hadoop-ozone/integration-test/target/test-dir/MiniOzoneClusterImpl-d6ca620c-cb63-484f-a581-7c0900b96a5f/datanode-6/data/ratis/998b0c3b-501c-4ffb-a3b2-6819d367285a
2019-09-26 17:03:51,226 [main] INFO  ozone.MiniOzoneClusterImpl (MiniOzoneClusterImpl.java:lambda$waitForClusterToBeReady$0(147)) - Cluster is ready. Got 10 of 10 DN Heartbeats.
2019-09-26 17:03:51,231 [pool-87-thread-1] INFO  server.RaftServerConfigKeys (ConfUtils.java:logGet(43)) - raft.server.log.queue.byte-limit = 2147483647 (custom)
2019-09-26 17:03:51,232 [pool-87-thread-1] INFO  server.RaftServerConfigKeys (ConfUtils.java:logGet(43)) - raft.server.log.queue.element-limit = 1024 (custom)
2019-09-26 17:03:51,232 [pool-87-thread-1] INFO  server.RaftServerConfigKeys (ConfUtils.java:logGet(43)) - raft.server.log.segment.size.max = 1048576 (custom)
2019-09-26 17:03:51,232 [pool-87-thread-1] INFO  server.RaftServerConfigKeys (ConfUtils.java:logGet(43)) - raft.server.log.preallocated.size = 16384 (custom)
2019-09-26 17:03:51,232 [pool-87-thread-1] INFO  server.RaftServerConfigKeys (ConfUtils.java:logGet(43)) - raft.server.log.write.buffer.size = 33554432 (custom)
2019-09-26 17:03:51,232 [pool-87-thread-1] INFO  server.RaftServerConfigKeys (ConfUtils.java:logGet(43)) - raft.server.log.force.sync.num = 128 (default)
2019-09-26 17:03:51,233 [pool-87-thread-1] INFO  server.RaftServerConfigKeys (ConfUtils.java:logGet(43)) - raft.server.log.statemachine.data.sync = true (default)
2019-09-26 17:03:51,233 [pool-87-thread-1] INFO  server.RaftServerConfigKeys (ConfUtils.java:logGet(43)) - raft.server.log.statemachine.data.sync.timeout = 10s (default)
2019-09-26 17:03:51,233 [pool-87-thread-1] INFO  server.RaftServerConfigKeys (ConfUtils.java:logGet(43)) - raft.server.log.statemachine.data.sync.timeout.retry = -1 (default)
2019-09-26 17:03:51,233 [pool-87-thread-1] INFO  server.RaftServerConfigKeys (ConfUtils.java:logGet(43)) - raft.server.log.statemachine.data.caching.enabled = true (custom)
2019-09-26 17:03:51,234 [pool-87-thread-1] INFO  segmented.SegmentedRaftLogWorker (SegmentedRaftLogWorker.java:lambda$new$0(132)) - c9877585-f333-4492-aed4-861a77134c16@group-6819D367285A-SegmentedRaftLogWorker: flushIndex: setUnconditionally 0 -> -1
2019-09-26 17:03:51,234 [pool-87-thread-1] INFO  server.RaftServerConfigKeys (ConfUtils.java:logGet(43)) - raft.server.snapshot.auto.trigger.enabled = true (custom)
2019-09-26 17:03:51,234 [pool-87-thread-1] INFO  server.RaftServerConfigKeys (ConfUtils.java:logGet(43)) - raft.server.snapshot.auto.trigger.threshold = 10000 (custom)
2019-09-26 17:03:51,235 [pool-87-thread-1] INFO  server.RaftServerConfigKeys (ConfUtils.java:logGet(43)) - raft.server.snapshot.retention.num.files = 5 (custom)
2019-09-26 17:03:51,235 [pool-87-thread-1] INFO  server.RaftServerConfigKeys (ConfUtils.java:logGet(43)) - raft.server.retrycache.expirytime = 600000ms (custom)
2019-09-26 17:03:51,238 [pool-87-thread-1] INFO  impl.RaftServerImpl (RaftServerImpl.java:start(185)) - c9877585-f333-4492-aed4-861a77134c16@group-6819D367285A: start as a follower, conf=-1: [c9877585-f333-4492-aed4-861a77134c16:192.168.157.234:36678], old=null
2019-09-26 17:03:51,239 [pool-87-thread-1] INFO  impl.RaftServerImpl (RaftServerImpl.java:setRole(174)) - c9877585-f333-4492-aed4-861a77134c16@group-6819D367285A: changes role from      null to FOLLOWER at term 0 for startAsFollower
2019-09-26 17:03:51,239 [pool-87-thread-1] INFO  impl.RoleInfo (RoleInfo.java:updateAndGet(143)) - c9877585-f333-4492-aed4-861a77134c16: start FollowerState
2019-09-26 17:03:51,239 [pool-87-thread-1] INFO  util.JmxRegister (JmxRegister.java:tryRegister(44)) - Successfully registered JMX Bean with object name Ratis:service=RaftServer,group=group-6819D367285A,id=c9877585-f333-4492-aed4-861a77134c16
2019-09-26 17:03:51,256 [RatisPipelineUtilsThread] INFO  pipeline.PipelineStateManager (PipelineStateManager.java:addPipeline(56)) - Created pipeline Pipeline[ Id: 998b0c3b-501c-4ffb-a3b2-6819d367285a, Nodes: c9877585-f333-4492-aed4-861a77134c16{ip: 192.168.157.234, host: pr-hdds-2162-htzpk-1451759861, networkLocation: /default-rack, certSerialId: null}, Type:RATIS, Factor:ONE, State:OPEN]
2019-09-26 17:03:51,283 [grpc-default-executor-0] INFO  impl.RaftServerProxy (RaftServerProxy.java:addNew(89)) - 15273f9a-72e8-4ae0-8091-781d0ea9f1eb: addNew group-6E63BC19DBC4:[15273f9a-72e8-4ae0-8091-781d0ea9f1eb:192.168.157.234:45996] returns group-6E63BC19DBC4:java.util.concurrent.CompletableFuture@62b84db6[Not completed]
2019-09-26 17:03:51,288 [pool-47-thread-1] INFO  impl.RaftServerImpl (RaftServerImpl.java:<init>(95)) - 15273f9a-72e8-4ae0-8091-781d0ea9f1eb: new RaftServerImpl for group-6E63BC19DBC4:[15273f9a-72e8-4ae0-8091-781d0ea9f1eb:192.168.157.234:45996] with ContainerStateMachine:uninitialized
2019-09-26 17:03:51,289 [pool-47-thread-1] INFO  server.RaftServerConfigKeys (ConfUtils.java:logGet(43)) - raft.server.rpc.timeout.min = 1s (custom)
2019-09-26 17:03:51,289 [pool-47-thread-1] INFO  server.RaftServerConfigKeys (ConfUtils.java:logGet(43)) - raft.server.rpc.timeout.max = 1200ms (custom)
2019-09-26 17:03:51,289 [pool-47-thread-1] INFO  server.RaftServerConfigKeys (ConfUtils.java:logGet(43)) - raft.server.rpcslowness.timeout = 120s (custom)
2019-09-26 17:03:51,289 [pool-47-thread-1] INFO  server.RaftServerConfigKeys (ConfUtils.java:logGet(43)) - raft.server.sleep.deviation.threshold = 300 (default)
2019-09-26 17:03:51,289 [pool-47-thread-1] INFO  server.RaftServerConfigKeys (ConfUtils.java:logGet(43)) - raft.server.log.appender.install.snapshot.enabled = false (custom)
2019-09-26 17:03:51,290 [pool-47-thread-1] INFO  impl.RaftServerImpl (ServerState.java:<init>(103)) - 15273f9a-72e8-4ae0-8091-781d0ea9f1eb@group-6E63BC19DBC4: ConfigurationManager, init=-1: [15273f9a-72e8-4ae0-8091-781d0ea9f1eb:192.168.157.234:45996], old=null, confs=<EMPTY_MAP>
2019-09-26 17:03:51,290 [pool-47-thread-1] INFO  server.RaftServerConfigKeys (ConfUtils.java:logGet(43)) - raft.server.storage.dir = [/workdir/hadoop-ozone/integration-test/target/test-dir/MiniOzoneClusterImpl-d6ca620c-cb63-484f-a581-7c0900b96a5f/datanode-2/data/ratis] (custom)
2019-09-26 17:03:51,290 [pool-47-thread-1] INFO  storage.RaftStorageDirectory (RaftStorageDirectory.java:analyzeStorage(246)) - The storage directory /workdir/hadoop-ozone/integration-test/target/test-dir/MiniOzoneClusterImpl-d6ca620c-cb63-484f-a581-7c0900b96a5f/datanode-2/data/ratis/cd35f285-0e46-4296-8949-6e63bc19dbc4 does not exist. Creating ...
2019-09-26 17:03:51,313 [pool-47-thread-1] INFO  storage.RaftStorageDirectory (RaftStorageDirectory.java:tryLock(328)) - Lock on /workdir/hadoop-ozone/integration-test/target/test-dir/MiniOzoneClusterImpl-d6ca620c-cb63-484f-a581-7c0900b96a5f/datanode-2/data/ratis/cd35f285-0e46-4296-8949-6e63bc19dbc4/in_use.lock acquired by nodename 14337@pr-hdds-2162-htzpk-1451759861
2019-09-26 17:03:51,326 [pool-47-thread-1] INFO  storage.RaftStorage (RaftStorage.java:format(72)) - Storage directory /workdir/hadoop-ozone/integration-test/target/test-dir/MiniOzoneClusterImpl-d6ca620c-cb63-484f-a581-7c0900b96a5f/datanode-2/data/ratis/cd35f285-0e46-4296-8949-6e63bc19dbc4 has been successfully formatted.
2019-09-26 17:03:51,327 [pool-47-thread-1] INFO  ratis.ContainerStateMachine (ContainerStateMachine.java:loadSnapshot(230)) - group-6E63BC19DBC4: The snapshot info is null. Setting the last applied indexto:(t:0, i:~)
2019-09-26 17:03:51,327 [pool-47-thread-1] INFO  server.RaftServerConfigKeys (ConfUtils.java:logGet(43)) - raft.server.notification.no-leader.timeout = 120s (custom)
2019-09-26 17:03:51,327 [pool-47-thread-1] INFO  server.RaftServerConfigKeys (ConfUtils.java:logGet(43)) - raft.server.log.use.memory = false (default)
2019-09-26 17:03:51,327 [pool-47-thread-1] INFO  server.RaftServerConfigKeys (ConfUtils.java:logGet(43)) - raft.server.log.purge.gap = 1000000 (custom)
2019-09-26 17:03:51,327 [pool-47-thread-1] INFO  server.RaftServerConfigKeys (ConfUtils.java:logGet(43)) - raft.server.log.appender.buffer.byte-limit = 33554432 (custom)
2019-09-26 17:03:51,328 [pool-47-thread-1] INFO  server.RaftServerConfigKeys (ConfUtils.java:logGet(43)) - raft.server.log.segment.size.max = 1048576 (custom)
2019-09-26 17:03:51,328 [pool-47-thread-1] INFO  server.RaftServerConfigKeys (ConfUtils.java:logGet(43)) - raft.server.log.segment.cache.num.max = 2 (custom)
2019-09-26 17:03:51,328 [pool-47-thread-1] INFO  segmented.SegmentedRaftLogWorker (SegmentedRaftLogWorker.java:<init>(172)) - new 15273f9a-72e8-4ae0-8091-781d0ea9f1eb@group-6E63BC19DBC4-SegmentedRaftLogWorker for RaftStorage:Storage Directory /workdir/hadoop-ozone/integration-test/target/test-dir/MiniOzoneClusterImpl-d6ca620c-cb63-484f-a581-7c0900b96a5f/datanode-2/data/ratis/cd35f285-0e46-4296-8949-6e63bc19dbc4
2019-09-26 17:03:51,331 [pool-47-thread-1] INFO  server.RaftServerConfigKeys (ConfUtils.java:logGet(43)) - raft.server.log.queue.byte-limit = 2147483647 (custom)
2019-09-26 17:03:51,331 [pool-47-thread-1] INFO  server.RaftServerConfigKeys (ConfUtils.java:logGet(43)) - raft.server.log.queue.element-limit = 1024 (custom)
2019-09-26 17:03:51,331 [pool-47-thread-1] INFO  server.RaftServerConfigKeys (ConfUtils.java:logGet(43)) - raft.server.log.segment.size.max = 1048576 (custom)
2019-09-26 17:03:51,331 [pool-47-thread-1] INFO  server.RaftServerConfigKeys (ConfUtils.java:logGet(43)) - raft.server.log.preallocated.size = 16384 (custom)
2019-09-26 17:03:51,331 [pool-47-thread-1] INFO  server.RaftServerConfigKeys (ConfUtils.java:logGet(43)) - raft.server.log.write.buffer.size = 33554432 (custom)
2019-09-26 17:03:51,332 [pool-47-thread-1] INFO  server.RaftServerConfigKeys (ConfUtils.java:logGet(43)) - raft.server.log.force.sync.num = 128 (default)
2019-09-26 17:03:51,332 [pool-47-thread-1] INFO  server.RaftServerConfigKeys (ConfUtils.java:logGet(43)) - raft.server.log.statemachine.data.sync = true (default)
2019-09-26 17:03:51,332 [pool-47-thread-1] INFO  server.RaftServerConfigKeys (ConfUtils.java:logGet(43)) - raft.server.log.statemachine.data.sync.timeout = 10s (default)
2019-09-26 17:03:51,332 [pool-47-thread-1] INFO  server.RaftServerConfigKeys (ConfUtils.java:logGet(43)) - raft.server.log.statemachine.data.sync.timeout.retry = -1 (default)
2019-09-26 17:03:51,332 [pool-47-thread-1] INFO  server.RaftServerConfigKeys (ConfUtils.java:logGet(43)) - raft.server.log.statemachine.data.caching.enabled = true (custom)
2019-09-26 17:03:51,333 [pool-47-thread-1] INFO  segmented.SegmentedRaftLogWorker (SegmentedRaftLogWorker.java:lambda$new$0(132)) - 15273f9a-72e8-4ae0-8091-781d0ea9f1eb@group-6E63BC19DBC4-SegmentedRaftLogWorker: flushIndex: setUnconditionally 0 -> -1
2019-09-26 17:03:51,333 [pool-47-thread-1] INFO  server.RaftServerConfigKeys (ConfUtils.java:logGet(43)) - raft.server.snapshot.auto.trigger.enabled = true (custom)
2019-09-26 17:03:51,333 [pool-47-thread-1] INFO  server.RaftServerConfigKeys (ConfUtils.java:logGet(43)) - raft.server.snapshot.auto.trigger.threshold = 10000 (custom)
2019-09-26 17:03:51,333 [pool-47-thread-1] INFO  server.RaftServerConfigKeys (ConfUtils.java:logGet(43)) - raft.server.snapshot.retention.num.files = 5 (custom)
2019-09-26 17:03:51,333 [pool-47-thread-1] INFO  server.RaftServerConfigKeys (ConfUtils.java:logGet(43)) - raft.server.retrycache.expirytime = 600000ms (custom)
2019-09-26 17:03:51,336 [pool-47-thread-1] INFO  impl.RaftServerImpl (RaftServerImpl.java:start(185)) - 15273f9a-72e8-4ae0-8091-781d0ea9f1eb@group-6E63BC19DBC4: start as a follower, conf=-1: [15273f9a-72e8-4ae0-8091-781d0ea9f1eb:192.168.157.234:45996], old=null
2019-09-26 17:03:51,336 [pool-47-thread-1] INFO  impl.RaftServerImpl (RaftServerImpl.java:setRole(174)) - 15273f9a-72e8-4ae0-8091-781d0ea9f1eb@group-6E63BC19DBC4: changes role from      null to FOLLOWER at term 0 for startAsFollower
2019-09-26 17:03:51,336 [pool-47-thread-1] INFO  impl.RoleInfo (RoleInfo.java:updateAndGet(143)) - 15273f9a-72e8-4ae0-8091-781d0ea9f1eb: start FollowerState
2019-09-26 17:03:51,337 [pool-47-thread-1] INFO  util.JmxRegister (JmxRegister.java:tryRegister(44)) - Successfully registered JMX Bean with object name Ratis:service=RaftServer,group=group-6E63BC19DBC4,id=15273f9a-72e8-4ae0-8091-781d0ea9f1eb
2019-09-26 17:03:51,358 [RatisPipelineUtilsThread] INFO  pipeline.PipelineStateManager (PipelineStateManager.java:addPipeline(56)) - Created pipeline Pipeline[ Id: cd35f285-0e46-4296-8949-6e63bc19dbc4, Nodes: 15273f9a-72e8-4ae0-8091-781d0ea9f1eb{ip: 192.168.157.234, host: pr-hdds-2162-htzpk-1451759861, networkLocation: /default-rack, certSerialId: null}, Type:RATIS, Factor:ONE, State:OPEN]
2019-09-26 17:03:51,377 [grpc-default-executor-0] INFO  impl.RaftServerProxy (RaftServerProxy.java:addNew(89)) - a85e129b-8c23-4c25-ae73-7b1aedd8229e: addNew group-FDA075ABF092:[a85e129b-8c23-4c25-ae73-7b1aedd8229e:192.168.157.234:45424] returns group-FDA075ABF092:java.util.concurrent.CompletableFuture@bc3f9e5[Not completed]
2019-09-26 17:03:51,382 [pool-117-thread-1] INFO  impl.RaftServerImpl (RaftServerImpl.java:<init>(95)) - a85e129b-8c23-4c25-ae73-7b1aedd8229e: new RaftServerImpl for group-FDA075ABF092:[a85e129b-8c23-4c25-ae73-7b1aedd8229e:192.168.157.234:45424] with ContainerStateMachine:uninitialized
2019-09-26 17:03:51,382 [pool-117-thread-1] INFO  server.RaftServerConfigKeys (ConfUtils.java:logGet(43)) - raft.server.rpc.timeout.min = 1s (custom)
2019-09-26 17:03:51,382 [pool-117-thread-1] INFO  server.RaftServerConfigKeys (ConfUtils.java:logGet(43)) - raft.server.rpc.timeout.max = 1200ms (custom)
2019-09-26 17:03:51,382 [pool-117-thread-1] INFO  server.RaftServerConfigKeys (ConfUtils.java:logGet(43)) - raft.server.rpcslowness.timeout = 120s (custom)
2019-09-26 17:03:51,383 [pool-117-thread-1] INFO  server.RaftServerConfigKeys (ConfUtils.java:logGet(43)) - raft.server.sleep.deviation.threshold = 300 (default)
2019-09-26 17:03:51,383 [pool-117-thread-1] INFO  server.RaftServerConfigKeys (ConfUtils.java:logGet(43)) - raft.server.log.appender.install.snapshot.enabled = false (custom)
2019-09-26 17:03:51,383 [pool-117-thread-1] INFO  impl.RaftServerImpl (ServerState.java:<init>(103)) - a85e129b-8c23-4c25-ae73-7b1aedd8229e@group-FDA075ABF092: ConfigurationManager, init=-1: [a85e129b-8c23-4c25-ae73-7b1aedd8229e:192.168.157.234:45424], old=null, confs=<EMPTY_MAP>
2019-09-26 17:03:51,383 [pool-117-thread-1] INFO  server.RaftServerConfigKeys (ConfUtils.java:logGet(43)) - raft.server.storage.dir = [/workdir/hadoop-ozone/integration-test/target/test-dir/MiniOzoneClusterImpl-d6ca620c-cb63-484f-a581-7c0900b96a5f/datanode-9/data/ratis] (custom)
2019-09-26 17:03:51,384 [pool-117-thread-1] INFO  storage.RaftStorageDirectory (RaftStorageDirectory.java:analyzeStorage(246)) - The storage directory /workdir/hadoop-ozone/integration-test/target/test-dir/MiniOzoneClusterImpl-d6ca620c-cb63-484f-a581-7c0900b96a5f/datanode-9/data/ratis/7764b513-3ba7-433f-aeca-fda075abf092 does not exist. Creating ...
2019-09-26 17:03:51,397 [pool-117-thread-1] INFO  storage.RaftStorageDirectory (RaftStorageDirectory.java:tryLock(328)) - Lock on /workdir/hadoop-ozone/integration-test/target/test-dir/MiniOzoneClusterImpl-d6ca620c-cb63-484f-a581-7c0900b96a5f/datanode-9/data/ratis/7764b513-3ba7-433f-aeca-fda075abf092/in_use.lock acquired by nodename 14337@pr-hdds-2162-htzpk-1451759861
2019-09-26 17:03:51,411 [pool-117-thread-1] INFO  storage.RaftStorage (RaftStorage.java:format(72)) - Storage directory /workdir/hadoop-ozone/integration-test/target/test-dir/MiniOzoneClusterImpl-d6ca620c-cb63-484f-a581-7c0900b96a5f/datanode-9/data/ratis/7764b513-3ba7-433f-aeca-fda075abf092 has been successfully formatted.
2019-09-26 17:03:51,411 [pool-117-thread-1] INFO  ratis.ContainerStateMachine (ContainerStateMachine.java:loadSnapshot(230)) - group-FDA075ABF092: The snapshot info is null. Setting the last applied indexto:(t:0, i:~)
2019-09-26 17:03:51,411 [pool-117-thread-1] INFO  server.RaftServerConfigKeys (ConfUtils.java:logGet(43)) - raft.server.notification.no-leader.timeout = 120s (custom)
2019-09-26 17:03:51,411 [pool-117-thread-1] INFO  server.RaftServerConfigKeys (ConfUtils.java:logGet(43)) - raft.server.log.use.memory = false (default)
2019-09-26 17:03:51,411 [pool-117-thread-1] INFO  server.RaftServerConfigKeys (ConfUtils.java:logGet(43)) - raft.server.log.purge.gap = 1000000 (custom)
2019-09-26 17:03:51,412 [pool-117-thread-1] INFO  server.RaftServerConfigKeys (ConfUtils.java:logGet(43)) - raft.server.log.appender.buffer.byte-limit = 33554432 (custom)
2019-09-26 17:03:51,412 [pool-117-thread-1] INFO  server.RaftServerConfigKeys (ConfUtils.java:logGet(43)) - raft.server.log.segment.size.max = 1048576 (custom)
2019-09-26 17:03:51,412 [pool-117-thread-1] INFO  server.RaftServerConfigKeys (ConfUtils.java:logGet(43)) - raft.server.log.segment.cache.num.max = 2 (custom)
2019-09-26 17:03:51,412 [pool-117-thread-1] INFO  segmented.SegmentedRaftLogWorker (SegmentedRaftLogWorker.java:<init>(172)) - new a85e129b-8c23-4c25-ae73-7b1aedd8229e@group-FDA075ABF092-SegmentedRaftLogWorker for RaftStorage:Storage Directory /workdir/hadoop-ozone/integration-test/target/test-dir/MiniOzoneClusterImpl-d6ca620c-cb63-484f-a581-7c0900b96a5f/datanode-9/data/ratis/7764b513-3ba7-433f-aeca-fda075abf092
2019-09-26 17:03:51,415 [pool-117-thread-1] INFO  server.RaftServerConfigKeys (ConfUtils.java:logGet(43)) - raft.server.log.queue.byte-limit = 2147483647 (custom)
2019-09-26 17:03:51,415 [pool-117-thread-1] INFO  server.RaftServerConfigKeys (ConfUtils.java:logGet(43)) - raft.server.log.queue.element-limit = 1024 (custom)
2019-09-26 17:03:51,415 [pool-117-thread-1] INFO  server.RaftServerConfigKeys (ConfUtils.java:logGet(43)) - raft.server.log.segment.size.max = 1048576 (custom)
2019-09-26 17:03:51,415 [pool-117-thread-1] INFO  server.RaftServerConfigKeys (ConfUtils.java:logGet(43)) - raft.server.log.preallocated.size = 16384 (custom)
2019-09-26 17:03:51,416 [pool-117-thread-1] INFO  server.RaftServerConfigKeys (ConfUtils.java:logGet(43)) - raft.server.log.write.buffer.size = 33554432 (custom)
2019-09-26 17:03:51,416 [pool-117-thread-1] INFO  server.RaftServerConfigKeys (ConfUtils.java:logGet(43)) - raft.server.log.force.sync.num = 128 (default)
2019-09-26 17:03:51,416 [pool-117-thread-1] INFO  server.RaftServerConfigKeys (ConfUtils.java:logGet(43)) - raft.server.log.statemachine.data.sync = true (default)
2019-09-26 17:03:51,416 [pool-117-thread-1] INFO  server.RaftServerConfigKeys (ConfUtils.java:logGet(43)) - raft.server.log.statemachine.data.sync.timeout = 10s (default)
2019-09-26 17:03:51,416 [pool-117-thread-1] INFO  server.RaftServerConfigKeys (ConfUtils.java:logGet(43)) - raft.server.log.statemachine.data.sync.timeout.retry = -1 (default)
2019-09-26 17:03:51,416 [pool-117-thread-1] INFO  server.RaftServerConfigKeys (ConfUtils.java:logGet(43)) - raft.server.log.statemachine.data.caching.enabled = true (custom)
2019-09-26 17:03:51,417 [pool-117-thread-1] INFO  segmented.SegmentedRaftLogWorker (SegmentedRaftLogWorker.java:lambda$new$0(132)) - a85e129b-8c23-4c25-ae73-7b1aedd8229e@group-FDA075ABF092-SegmentedRaftLogWorker: flushIndex: setUnconditionally 0 -> -1
2019-09-26 17:03:51,417 [pool-117-thread-1] INFO  server.RaftServerConfigKeys (ConfUtils.java:logGet(43)) - raft.server.snapshot.auto.trigger.enabled = true (custom)
2019-09-26 17:03:51,417 [pool-117-thread-1] INFO  server.RaftServerConfigKeys (ConfUtils.java:logGet(43)) - raft.server.snapshot.auto.trigger.threshold = 10000 (custom)
2019-09-26 17:03:51,417 [pool-117-thread-1] INFO  server.RaftServerConfigKeys (ConfUtils.java:logGet(43)) - raft.server.snapshot.retention.num.files = 5 (custom)
2019-09-26 17:03:51,418 [pool-117-thread-1] INFO  server.RaftServerConfigKeys (ConfUtils.java:logGet(43)) - raft.server.retrycache.expirytime = 600000ms (custom)
2019-09-26 17:03:51,420 [pool-117-thread-1] INFO  impl.RaftServerImpl (RaftServerImpl.java:start(185)) - a85e129b-8c23-4c25-ae73-7b1aedd8229e@group-FDA075ABF092: start as a follower, conf=-1: [a85e129b-8c23-4c25-ae73-7b1aedd8229e:192.168.157.234:45424], old=null
2019-09-26 17:03:51,420 [pool-117-thread-1] INFO  impl.RaftServerImpl (RaftServerImpl.java:setRole(174)) - a85e129b-8c23-4c25-ae73-7b1aedd8229e@group-FDA075ABF092: changes role from      null to FOLLOWER at term 0 for startAsFollower
2019-09-26 17:03:51,420 [pool-117-thread-1] INFO  impl.RoleInfo (RoleInfo.java:updateAndGet(143)) - a85e129b-8c23-4c25-ae73-7b1aedd8229e: start FollowerState
2019-09-26 17:03:51,421 [pool-117-thread-1] INFO  util.JmxRegister (JmxRegister.java:tryRegister(44)) - Successfully registered JMX Bean with object name Ratis:service=RaftServer,group=group-FDA075ABF092,id=a85e129b-8c23-4c25-ae73-7b1aedd8229e
2019-09-26 17:03:51,431 [RatisPipelineUtilsThread] INFO  pipeline.PipelineStateManager (PipelineStateManager.java:addPipeline(56)) - Created pipeline Pipeline[ Id: 7764b513-3ba7-433f-aeca-fda075abf092, Nodes: a85e129b-8c23-4c25-ae73-7b1aedd8229e{ip: 192.168.157.234, host: pr-hdds-2162-htzpk-1451759861, networkLocation: /default-rack, certSerialId: null}, Type:RATIS, Factor:ONE, State:OPEN]
2019-09-26 17:03:51,450 [grpc-default-executor-0] INFO  impl.RaftServerProxy (RaftServerProxy.java:addNew(89)) - f1b12ba6-b33d-40de-bd74-c3916eeb1dd7: addNew group-589227A3A8B9:[f1b12ba6-b33d-40de-bd74-c3916eeb1dd7:192.168.157.234:35140] returns group-589227A3A8B9:java.util.concurrent.CompletableFuture@13da8ce1[Not completed]
2019-09-26 17:03:51,454 [pool-37-thread-1] INFO  impl.RaftServerImpl (RaftServerImpl.java:<init>(95)) - f1b12ba6-b33d-40de-bd74-c3916eeb1dd7: new RaftServerImpl for group-589227A3A8B9:[f1b12ba6-b33d-40de-bd74-c3916eeb1dd7:192.168.157.234:35140] with ContainerStateMachine:uninitialized
2019-09-26 17:03:51,454 [pool-37-thread-1] INFO  server.RaftServerConfigKeys (ConfUtils.java:logGet(43)) - raft.server.rpc.timeout.min = 1s (custom)
2019-09-26 17:03:51,455 [pool-37-thread-1] INFO  server.RaftServerConfigKeys (ConfUtils.java:logGet(43)) - raft.server.rpc.timeout.max = 1200ms (custom)
2019-09-26 17:03:51,455 [pool-37-thread-1] INFO  server.RaftServerConfigKeys (ConfUtils.java:logGet(43)) - raft.server.rpcslowness.timeout = 120s (custom)
2019-09-26 17:03:51,455 [pool-37-thread-1] INFO  server.RaftServerConfigKeys (ConfUtils.java:logGet(43)) - raft.server.sleep.deviation.threshold = 300 (default)
2019-09-26 17:03:51,455 [pool-37-thread-1] INFO  server.RaftServerConfigKeys (ConfUtils.java:logGet(43)) - raft.server.log.appender.install.snapshot.enabled = false (custom)
2019-09-26 17:03:51,455 [pool-37-thread-1] INFO  impl.RaftServerImpl (ServerState.java:<init>(103)) - f1b12ba6-b33d-40de-bd74-c3916eeb1dd7@group-589227A3A8B9: ConfigurationManager, init=-1: [f1b12ba6-b33d-40de-bd74-c3916eeb1dd7:192.168.157.234:35140], old=null, confs=<EMPTY_MAP>
2019-09-26 17:03:51,456 [pool-37-thread-1] INFO  server.RaftServerConfigKeys (ConfUtils.java:logGet(43)) - raft.server.storage.dir = [/workdir/hadoop-ozone/integration-test/target/test-dir/MiniOzoneClusterImpl-d6ca620c-cb63-484f-a581-7c0900b96a5f/datanode-1/data/ratis] (custom)
2019-09-26 17:03:51,456 [pool-37-thread-1] INFO  storage.RaftStorageDirectory (RaftStorageDirectory.java:analyzeStorage(246)) - The storage directory /workdir/hadoop-ozone/integration-test/target/test-dir/MiniOzoneClusterImpl-d6ca620c-cb63-484f-a581-7c0900b96a5f/datanode-1/data/ratis/56f32de9-142c-440f-ad9c-589227a3a8b9 does not exist. Creating ...
2019-09-26 17:03:51,470 [pool-37-thread-1] INFO  storage.RaftStorageDirectory (RaftStorageDirectory.java:tryLock(328)) - Lock on /workdir/hadoop-ozone/integration-test/target/test-dir/MiniOzoneClusterImpl-d6ca620c-cb63-484f-a581-7c0900b96a5f/datanode-1/data/ratis/56f32de9-142c-440f-ad9c-589227a3a8b9/in_use.lock acquired by nodename 14337@pr-hdds-2162-htzpk-1451759861
2019-09-26 17:03:51,483 [pool-37-thread-1] INFO  storage.RaftStorage (RaftStorage.java:format(72)) - Storage directory /workdir/hadoop-ozone/integration-test/target/test-dir/MiniOzoneClusterImpl-d6ca620c-cb63-484f-a581-7c0900b96a5f/datanode-1/data/ratis/56f32de9-142c-440f-ad9c-589227a3a8b9 has been successfully formatted.
2019-09-26 17:03:51,483 [pool-37-thread-1] INFO  ratis.ContainerStateMachine (ContainerStateMachine.java:loadSnapshot(230)) - group-589227A3A8B9: The snapshot info is null. Setting the last applied indexto:(t:0, i:~)
2019-09-26 17:03:51,483 [pool-37-thread-1] INFO  server.RaftServerConfigKeys (ConfUtils.java:logGet(43)) - raft.server.notification.no-leader.timeout = 120s (custom)
2019-09-26 17:03:51,483 [pool-37-thread-1] INFO  server.RaftServerConfigKeys (ConfUtils.java:logGet(43)) - raft.server.log.use.memory = false (default)
2019-09-26 17:03:51,484 [pool-37-thread-1] INFO  server.RaftServerConfigKeys (ConfUtils.java:logGet(43)) - raft.server.log.purge.gap = 1000000 (custom)
2019-09-26 17:03:51,484 [pool-37-thread-1] INFO  server.RaftServerConfigKeys (ConfUtils.java:logGet(43)) - raft.server.log.appender.buffer.byte-limit = 33554432 (custom)
2019-09-26 17:03:51,484 [pool-37-thread-1] INFO  server.RaftServerConfigKeys (ConfUtils.java:logGet(43)) - raft.server.log.segment.size.max = 1048576 (custom)
2019-09-26 17:03:51,484 [pool-37-thread-1] INFO  server.RaftServerConfigKeys (ConfUtils.java:logGet(43)) - raft.server.log.segment.cache.num.max = 2 (custom)
2019-09-26 17:03:51,484 [pool-37-thread-1] INFO  segmented.SegmentedRaftLogWorker (SegmentedRaftLogWorker.java:<init>(172)) - new f1b12ba6-b33d-40de-bd74-c3916eeb1dd7@group-589227A3A8B9-SegmentedRaftLogWorker for RaftStorage:Storage Directory /workdir/hadoop-ozone/integration-test/target/test-dir/MiniOzoneClusterImpl-d6ca620c-cb63-484f-a581-7c0900b96a5f/datanode-1/data/ratis/56f32de9-142c-440f-ad9c-589227a3a8b9
2019-09-26 17:03:51,488 [pool-37-thread-1] INFO  server.RaftServerConfigKeys (ConfUtils.java:logGet(43)) - raft.server.log.queue.byte-limit = 2147483647 (custom)
2019-09-26 17:03:51,488 [pool-37-thread-1] INFO  server.RaftServerConfigKeys (ConfUtils.java:logGet(43)) - raft.server.log.queue.element-limit = 1024 (custom)
2019-09-26 17:03:51,488 [pool-37-thread-1] INFO  server.RaftServerConfigKeys (ConfUtils.java:logGet(43)) - raft.server.log.segment.size.max = 1048576 (custom)
2019-09-26 17:03:51,488 [pool-37-thread-1] INFO  server.RaftServerConfigKeys (ConfUtils.java:logGet(43)) - raft.server.log.preallocated.size = 16384 (custom)
2019-09-26 17:03:51,488 [pool-37-thread-1] INFO  server.RaftServerConfigKeys (ConfUtils.java:logGet(43)) - raft.server.log.write.buffer.size = 33554432 (custom)
2019-09-26 17:03:51,488 [pool-37-thread-1] INFO  server.RaftServerConfigKeys (ConfUtils.java:logGet(43)) - raft.server.log.force.sync.num = 128 (default)
2019-09-26 17:03:51,488 [pool-37-thread-1] INFO  server.RaftServerConfigKeys (ConfUtils.java:logGet(43)) - raft.server.log.statemachine.data.sync = true (default)
2019-09-26 17:03:51,488 [pool-37-thread-1] INFO  server.RaftServerConfigKeys (ConfUtils.java:logGet(43)) - raft.server.log.statemachine.data.sync.timeout = 10s (default)
2019-09-26 17:03:51,489 [pool-37-thread-1] INFO  server.RaftServerConfigKeys (ConfUtils.java:logGet(43)) - raft.server.log.statemachine.data.sync.timeout.retry = -1 (default)
2019-09-26 17:03:51,489 [pool-37-thread-1] INFO  server.RaftServerConfigKeys (ConfUtils.java:logGet(43)) - raft.server.log.statemachine.data.caching.enabled = true (custom)
2019-09-26 17:03:51,489 [pool-37-thread-1] INFO  segmented.SegmentedRaftLogWorker (SegmentedRaftLogWorker.java:lambda$new$0(132)) - f1b12ba6-b33d-40de-bd74-c3916eeb1dd7@group-589227A3A8B9-SegmentedRaftLogWorker: flushIndex: setUnconditionally 0 -> -1
2019-09-26 17:03:51,489 [pool-37-thread-1] INFO  server.RaftServerConfigKeys (ConfUtils.java:logGet(43)) - raft.server.snapshot.auto.trigger.enabled = true (custom)
2019-09-26 17:03:51,489 [pool-37-thread-1] INFO  server.RaftServerConfigKeys (ConfUtils.java:logGet(43)) - raft.server.snapshot.auto.trigger.threshold = 10000 (custom)
2019-09-26 17:03:51,490 [pool-37-thread-1] INFO  server.RaftServerConfigKeys (ConfUtils.java:logGet(43)) - raft.server.snapshot.retention.num.files = 5 (custom)
2019-09-26 17:03:51,490 [pool-37-thread-1] INFO  server.RaftServerConfigKeys (ConfUtils.java:logGet(43)) - raft.server.retrycache.expirytime = 600000ms (custom)
2019-09-26 17:03:51,492 [pool-37-thread-1] INFO  impl.RaftServerImpl (RaftServerImpl.java:start(185)) - f1b12ba6-b33d-40de-bd74-c3916eeb1dd7@group-589227A3A8B9: start as a follower, conf=-1: [f1b12ba6-b33d-40de-bd74-c3916eeb1dd7:192.168.157.234:35140], old=null
2019-09-26 17:03:51,492 [pool-37-thread-1] INFO  impl.RaftServerImpl (RaftServerImpl.java:setRole(174)) - f1b12ba6-b33d-40de-bd74-c3916eeb1dd7@group-589227A3A8B9: changes role from      null to FOLLOWER at term 0 for startAsFollower
2019-09-26 17:03:51,492 [pool-37-thread-1] INFO  impl.RoleInfo (RoleInfo.java:updateAndGet(143)) - f1b12ba6-b33d-40de-bd74-c3916eeb1dd7: start FollowerState
2019-09-26 17:03:51,492 [pool-37-thread-1] INFO  util.JmxRegister (JmxRegister.java:tryRegister(44)) - Successfully registered JMX Bean with object name Ratis:service=RaftServer,group=group-589227A3A8B9,id=f1b12ba6-b33d-40de-bd74-c3916eeb1dd7
2019-09-26 17:03:51,507 [RatisPipelineUtilsThread] INFO  pipeline.PipelineStateManager (PipelineStateManager.java:addPipeline(56)) - Created pipeline Pipeline[ Id: 56f32de9-142c-440f-ad9c-589227a3a8b9, Nodes: f1b12ba6-b33d-40de-bd74-c3916eeb1dd7{ip: 192.168.157.234, host: pr-hdds-2162-htzpk-1451759861, networkLocation: /default-rack, certSerialId: null}, Type:RATIS, Factor:ONE, State:OPEN]
2019-09-26 17:03:51,543 [grpc-default-executor-0] INFO  impl.RaftServerProxy (RaftServerProxy.java:addNew(89)) - a26ecbb9-64c1-4e5a-aa1d-1c5985b03157: addNew group-75F499C3405C:[a26ecbb9-64c1-4e5a-aa1d-1c5985b03157:192.168.157.234:40062] returns group-75F499C3405C:java.util.concurrent.CompletableFuture@62964454[Not completed]
2019-09-26 17:03:51,554 [pool-67-thread-1] INFO  impl.RaftServerImpl (RaftServerImpl.java:<init>(95)) - a26ecbb9-64c1-4e5a-aa1d-1c5985b03157: new RaftServerImpl for group-75F499C3405C:[a26ecbb9-64c1-4e5a-aa1d-1c5985b03157:192.168.157.234:40062] with ContainerStateMachine:uninitialized
2019-09-26 17:03:51,554 [pool-67-thread-1] INFO  server.RaftServerConfigKeys (ConfUtils.java:logGet(43)) - raft.server.rpc.timeout.min = 1s (custom)
2019-09-26 17:03:51,554 [pool-67-thread-1] INFO  server.RaftServerConfigKeys (ConfUtils.java:logGet(43)) - raft.server.rpc.timeout.max = 1200ms (custom)
2019-09-26 17:03:51,555 [pool-67-thread-1] INFO  server.RaftServerConfigKeys (ConfUtils.java:logGet(43)) - raft.server.rpcslowness.timeout = 120s (custom)
2019-09-26 17:03:51,555 [pool-67-thread-1] INFO  server.RaftServerConfigKeys (ConfUtils.java:logGet(43)) - raft.server.sleep.deviation.threshold = 300 (default)
2019-09-26 17:03:51,555 [pool-67-thread-1] INFO  server.RaftServerConfigKeys (ConfUtils.java:logGet(43)) - raft.server.log.appender.install.snapshot.enabled = false (custom)
2019-09-26 17:03:51,555 [pool-67-thread-1] INFO  impl.RaftServerImpl (ServerState.java:<init>(103)) - a26ecbb9-64c1-4e5a-aa1d-1c5985b03157@group-75F499C3405C: ConfigurationManager, init=-1: [a26ecbb9-64c1-4e5a-aa1d-1c5985b03157:192.168.157.234:40062], old=null, confs=<EMPTY_MAP>
2019-09-26 17:03:51,555 [pool-67-thread-1] INFO  server.RaftServerConfigKeys (ConfUtils.java:logGet(43)) - raft.server.storage.dir = [/workdir/hadoop-ozone/integration-test/target/test-dir/MiniOzoneClusterImpl-d6ca620c-cb63-484f-a581-7c0900b96a5f/datanode-4/data/ratis] (custom)
2019-09-26 17:03:51,556 [pool-67-thread-1] INFO  storage.RaftStorageDirectory (RaftStorageDirectory.java:analyzeStorage(246)) - The storage directory /workdir/hadoop-ozone/integration-test/target/test-dir/MiniOzoneClusterImpl-d6ca620c-cb63-484f-a581-7c0900b96a5f/datanode-4/data/ratis/b239aac3-a356-46c7-a5fb-75f499c3405c does not exist. Creating ...
2019-09-26 17:03:51,568 [Thread-285] INFO  impl.FollowerState (FollowerState.java:run(106)) - 7c50c947-8403-4ae1-a776-e6b1b01dc2cf:group-3B42D3B84C30 changes to CANDIDATE, lastRpcTime:1147, electionTimeout:1147ms
2019-09-26 17:03:51,569 [pool-67-thread-1] INFO  storage.RaftStorageDirectory (RaftStorageDirectory.java:tryLock(328)) - Lock on /workdir/hadoop-ozone/integration-test/target/test-dir/MiniOzoneClusterImpl-d6ca620c-cb63-484f-a581-7c0900b96a5f/datanode-4/data/ratis/b239aac3-a356-46c7-a5fb-75f499c3405c/in_use.lock acquired by nodename 14337@pr-hdds-2162-htzpk-1451759861
2019-09-26 17:03:51,570 [Thread-285] INFO  impl.RoleInfo (RoleInfo.java:shutdownFollowerState(121)) - 7c50c947-8403-4ae1-a776-e6b1b01dc2cf: shutdown FollowerState
2019-09-26 17:03:51,570 [Thread-285] INFO  impl.RaftServerImpl (RaftServerImpl.java:setRole(174)) - 7c50c947-8403-4ae1-a776-e6b1b01dc2cf@group-3B42D3B84C30: changes role from  FOLLOWER to CANDIDATE at term 0 for changeToCandidate
2019-09-26 17:03:51,579 [Thread-285] INFO  impl.RoleInfo (RoleInfo.java:updateAndGet(143)) - 7c50c947-8403-4ae1-a776-e6b1b01dc2cf: start LeaderElection
2019-09-26 17:03:51,592 [pool-67-thread-1] INFO  storage.RaftStorage (RaftStorage.java:format(72)) - Storage directory /workdir/hadoop-ozone/integration-test/target/test-dir/MiniOzoneClusterImpl-d6ca620c-cb63-484f-a581-7c0900b96a5f/datanode-4/data/ratis/b239aac3-a356-46c7-a5fb-75f499c3405c has been successfully formatted.
2019-09-26 17:03:51,592 [pool-67-thread-1] INFO  ratis.ContainerStateMachine (ContainerStateMachine.java:loadSnapshot(230)) - group-75F499C3405C: The snapshot info is null. Setting the last applied indexto:(t:0, i:~)
2019-09-26 17:03:51,593 [pool-67-thread-1] INFO  server.RaftServerConfigKeys (ConfUtils.java:logGet(43)) - raft.server.notification.no-leader.timeout = 120s (custom)
2019-09-26 17:03:51,593 [pool-67-thread-1] INFO  server.RaftServerConfigKeys (ConfUtils.java:logGet(43)) - raft.server.log.use.memory = false (default)
2019-09-26 17:03:51,593 [pool-67-thread-1] INFO  server.RaftServerConfigKeys (ConfUtils.java:logGet(43)) - raft.server.log.purge.gap = 1000000 (custom)
2019-09-26 17:03:51,593 [pool-67-thread-1] INFO  server.RaftServerConfigKeys (ConfUtils.java:logGet(43)) - raft.server.log.appender.buffer.byte-limit = 33554432 (custom)
2019-09-26 17:03:51,593 [pool-67-thread-1] INFO  server.RaftServerConfigKeys (ConfUtils.java:logGet(43)) - raft.server.log.segment.size.max = 1048576 (custom)
2019-09-26 17:03:51,593 [7c50c947-8403-4ae1-a776-e6b1b01dc2cf@group-3B42D3B84C30:LeaderElection1] INFO  impl.LeaderElection (LeaderElection.java:askForVotes(182)) - 7c50c947-8403-4ae1-a776-e6b1b01dc2cf@group-3B42D3B84C30:LeaderElection1: begin an election at term 1 for -1: [7c50c947-8403-4ae1-a776-e6b1b01dc2cf:192.168.157.234:38824], old=null
2019-09-26 17:03:51,593 [pool-67-thread-1] INFO  server.RaftServerConfigKeys (ConfUtils.java:logGet(43)) - raft.server.log.segment.cache.num.max = 2 (custom)
2019-09-26 17:03:51,594 [pool-67-thread-1] INFO  segmented.SegmentedRaftLogWorker (SegmentedRaftLogWorker.java:<init>(172)) - new a26ecbb9-64c1-4e5a-aa1d-1c5985b03157@group-75F499C3405C-SegmentedRaftLogWorker for RaftStorage:Storage Directory /workdir/hadoop-ozone/integration-test/target/test-dir/MiniOzoneClusterImpl-d6ca620c-cb63-484f-a581-7c0900b96a5f/datanode-4/data/ratis/b239aac3-a356-46c7-a5fb-75f499c3405c
2019-09-26 17:03:51,598 [7c50c947-8403-4ae1-a776-e6b1b01dc2cf@group-3B42D3B84C30:LeaderElection1] INFO  impl.RoleInfo (RoleInfo.java:shutdownLeaderElection(134)) - 7c50c947-8403-4ae1-a776-e6b1b01dc2cf: shutdown LeaderElection
2019-09-26 17:03:51,599 [7c50c947-8403-4ae1-a776-e6b1b01dc2cf@group-3B42D3B84C30:LeaderElection1] INFO  impl.RaftServerImpl (RaftServerImpl.java:setRole(174)) - 7c50c947-8403-4ae1-a776-e6b1b01dc2cf@group-3B42D3B84C30: changes role from CANDIDATE to LEADER at term 1 for changeToLeader
2019-09-26 17:03:51,599 [7c50c947-8403-4ae1-a776-e6b1b01dc2cf@group-3B42D3B84C30:LeaderElection1] INFO  impl.RaftServerImpl (ServerState.java:setLeader(253)) - 7c50c947-8403-4ae1-a776-e6b1b01dc2cf@group-3B42D3B84C30: change Leader from null to 7c50c947-8403-4ae1-a776-e6b1b01dc2cf at term 1 for becomeLeader, leader elected after 1317ms
2019-09-26 17:03:51,600 [pool-67-thread-1] INFO  server.RaftServerConfigKeys (ConfUtils.java:logGet(43)) - raft.server.log.queue.byte-limit = 2147483647 (custom)
2019-09-26 17:03:51,600 [pool-67-thread-1] INFO  server.RaftServerConfigKeys (ConfUtils.java:logGet(43)) - raft.server.log.queue.element-limit = 1024 (custom)
2019-09-26 17:03:51,600 [pool-67-thread-1] INFO  server.RaftServerConfigKeys (ConfUtils.java:logGet(43)) - raft.server.log.segment.size.max = 1048576 (custom)
2019-09-26 17:03:51,600 [pool-67-thread-1] INFO  server.RaftServerConfigKeys (ConfUtils.java:logGet(43)) - raft.server.log.preallocated.size = 16384 (custom)
2019-09-26 17:03:51,600 [pool-67-thread-1] INFO  server.RaftServerConfigKeys (ConfUtils.java:logGet(43)) - raft.server.log.write.buffer.size = 33554432 (custom)
2019-09-26 17:03:51,600 [pool-67-thread-1] INFO  server.RaftServerConfigKeys (ConfUtils.java:logGet(43)) - raft.server.log.force.sync.num = 128 (default)
2019-09-26 17:03:51,601 [pool-67-thread-1] INFO  server.RaftServerConfigKeys (ConfUtils.java:logGet(43)) - raft.server.log.statemachine.data.sync = true (default)
2019-09-26 17:03:51,601 [pool-67-thread-1] INFO  server.RaftServerConfigKeys (ConfUtils.java:logGet(43)) - raft.server.log.statemachine.data.sync.timeout = 10s (default)
2019-09-26 17:03:51,601 [pool-67-thread-1] INFO  server.RaftServerConfigKeys (ConfUtils.java:logGet(43)) - raft.server.log.statemachine.data.sync.timeout.retry = -1 (default)
2019-09-26 17:03:51,601 [pool-67-thread-1] INFO  server.RaftServerConfigKeys (ConfUtils.java:logGet(43)) - raft.server.log.statemachine.data.caching.enabled = true (custom)
2019-09-26 17:03:51,602 [pool-67-thread-1] INFO  segmented.SegmentedRaftLogWorker (SegmentedRaftLogWorker.java:lambda$new$0(132)) - a26ecbb9-64c1-4e5a-aa1d-1c5985b03157@group-75F499C3405C-SegmentedRaftLogWorker: flushIndex: setUnconditionally 0 -> -1
2019-09-26 17:03:51,602 [pool-67-thread-1] INFO  server.RaftServerConfigKeys (ConfUtils.java:logGet(43)) - raft.server.snapshot.auto.trigger.enabled = true (custom)
2019-09-26 17:03:51,602 [pool-67-thread-1] INFO  server.RaftServerConfigKeys (ConfUtils.java:logGet(43)) - raft.server.snapshot.auto.trigger.threshold = 10000 (custom)
2019-09-26 17:03:51,602 [pool-67-thread-1] INFO  server.RaftServerConfigKeys (ConfUtils.java:logGet(43)) - raft.server.snapshot.retention.num.files = 5 (custom)
2019-09-26 17:03:51,602 [pool-67-thread-1] INFO  server.RaftServerConfigKeys (ConfUtils.java:logGet(43)) - raft.server.retrycache.expirytime = 600000ms (custom)
2019-09-26 17:03:51,605 [pool-67-thread-1] INFO  impl.RaftServerImpl (RaftServerImpl.java:start(185)) - a26ecbb9-64c1-4e5a-aa1d-1c5985b03157@group-75F499C3405C: start as a follower, conf=-1: [a26ecbb9-64c1-4e5a-aa1d-1c5985b03157:192.168.157.234:40062], old=null
2019-09-26 17:03:51,605 [pool-67-thread-1] INFO  impl.RaftServerImpl (RaftServerImpl.java:setRole(174)) - a26ecbb9-64c1-4e5a-aa1d-1c5985b03157@group-75F499C3405C: changes role from      null to FOLLOWER at term 0 for startAsFollower
2019-09-26 17:03:51,605 [7c50c947-8403-4ae1-a776-e6b1b01dc2cf@group-3B42D3B84C30:LeaderElection1] INFO  server.RaftServerConfigKeys (ConfUtils.java:logGet(43)) - raft.server.staging.catchup.gap = 1000 (default)
2019-09-26 17:03:51,606 [pool-67-thread-1] INFO  impl.RoleInfo (RoleInfo.java:updateAndGet(143)) - a26ecbb9-64c1-4e5a-aa1d-1c5985b03157: start FollowerState
2019-09-26 17:03:51,606 [7c50c947-8403-4ae1-a776-e6b1b01dc2cf@group-3B42D3B84C30:LeaderElection1] INFO  server.RaftServerConfigKeys (ConfUtils.java:logGet(43)) - raft.server.rpc.sleep.time = 25ms (default)
2019-09-26 17:03:51,606 [pool-67-thread-1] INFO  util.JmxRegister (JmxRegister.java:tryRegister(44)) - Successfully registered JMX Bean with object name Ratis:service=RaftServer,group=group-75F499C3405C,id=a26ecbb9-64c1-4e5a-aa1d-1c5985b03157
2019-09-26 17:03:51,617 [7c50c947-8403-4ae1-a776-e6b1b01dc2cf@group-3B42D3B84C30:LeaderElection1] INFO  server.RaftServerConfigKeys (ConfUtils.java:logGet(43)) - raft.server.write.element-limit = 4096 (default)
2019-09-26 17:03:51,617 [RatisPipelineUtilsThread] INFO  pipeline.PipelineStateManager (PipelineStateManager.java:addPipeline(56)) - Created pipeline Pipeline[ Id: b239aac3-a356-46c7-a5fb-75f499c3405c, Nodes: a26ecbb9-64c1-4e5a-aa1d-1c5985b03157{ip: 192.168.157.234, host: pr-hdds-2162-htzpk-1451759861, networkLocation: /default-rack, certSerialId: null}, Type:RATIS, Factor:ONE, State:OPEN]
2019-09-26 17:03:51,620 [7c50c947-8403-4ae1-a776-e6b1b01dc2cf@group-3B42D3B84C30:LeaderElection1] INFO  server.RaftServerConfigKeys (ConfUtils.java:logGet(43)) - raft.server.watch.timeout = 10s (default)
2019-09-26 17:03:51,620 [7c50c947-8403-4ae1-a776-e6b1b01dc2cf@group-3B42D3B84C30:LeaderElection1] INFO  server.RaftServerConfigKeys (ConfUtils.java:logGet(43)) - raft.server.watch.timeout.denomination = 1s (default)
2019-09-26 17:03:51,626 [7c50c947-8403-4ae1-a776-e6b1b01dc2cf@group-3B42D3B84C30:LeaderElection1] INFO  server.RaftServerConfigKeys (ConfUtils.java:logGet(43)) - raft.server.watch.element-limit = 65536 (default)
2019-09-26 17:03:51,645 [grpc-default-executor-2] INFO  impl.RaftServerProxy (RaftServerProxy.java:addNew(89)) - 7c50c947-8403-4ae1-a776-e6b1b01dc2cf: addNew group-1BFFB9D78D43:[9ab6b823-6bc4-454f-9d50-ce70a440dcce:192.168.157.234:39169, 4ac23ced-61a1-47b3-94f0-cee158ec4b70:192.168.157.234:37118, 7c50c947-8403-4ae1-a776-e6b1b01dc2cf:192.168.157.234:38824] returns group-1BFFB9D78D43:java.util.concurrent.CompletableFuture@5e386a52[Not completed]
2019-09-26 17:03:51,649 [grpc-default-executor-2] INFO  impl.RaftServerProxy (RaftServerProxy.java:addNew(89)) - 9ab6b823-6bc4-454f-9d50-ce70a440dcce: addNew group-1BFFB9D78D43:[9ab6b823-6bc4-454f-9d50-ce70a440dcce:192.168.157.234:39169, 4ac23ced-61a1-47b3-94f0-cee158ec4b70:192.168.157.234:37118, 7c50c947-8403-4ae1-a776-e6b1b01dc2cf:192.168.157.234:38824] returns group-1BFFB9D78D43:java.util.concurrent.CompletableFuture@4fa734a5[Not completed]
2019-09-26 17:03:51,649 [grpc-default-executor-0] INFO  impl.RaftServerProxy (RaftServerProxy.java:addNew(89)) - 4ac23ced-61a1-47b3-94f0-cee158ec4b70: addNew group-1BFFB9D78D43:[9ab6b823-6bc4-454f-9d50-ce70a440dcce:192.168.157.234:39169, 4ac23ced-61a1-47b3-94f0-cee158ec4b70:192.168.157.234:37118, 7c50c947-8403-4ae1-a776-e6b1b01dc2cf:192.168.157.234:38824] returns group-1BFFB9D78D43:java.util.concurrent.CompletableFuture@30261953[Not completed]
2019-09-26 17:03:51,651 [pool-27-thread-1] INFO  impl.RaftServerImpl (RaftServerImpl.java:<init>(95)) - 7c50c947-8403-4ae1-a776-e6b1b01dc2cf: new RaftServerImpl for group-1BFFB9D78D43:[9ab6b823-6bc4-454f-9d50-ce70a440dcce:192.168.157.234:39169, 4ac23ced-61a1-47b3-94f0-cee158ec4b70:192.168.157.234:37118, 7c50c947-8403-4ae1-a776-e6b1b01dc2cf:192.168.157.234:38824] with ContainerStateMachine:uninitialized
2019-09-26 17:03:51,651 [pool-27-thread-1] INFO  server.RaftServerConfigKeys (ConfUtils.java:logGet(43)) - raft.server.rpc.timeout.min = 1s (custom)
2019-09-26 17:03:51,651 [pool-27-thread-1] INFO  server.RaftServerConfigKeys (ConfUtils.java:logGet(43)) - raft.server.rpc.timeout.max = 1200ms (custom)
2019-09-26 17:03:51,652 [pool-97-thread-1] INFO  impl.RaftServerImpl (RaftServerImpl.java:<init>(95)) - 4ac23ced-61a1-47b3-94f0-cee158ec4b70: new RaftServerImpl for group-1BFFB9D78D43:[9ab6b823-6bc4-454f-9d50-ce70a440dcce:192.168.157.234:39169, 4ac23ced-61a1-47b3-94f0-cee158ec4b70:192.168.157.234:37118, 7c50c947-8403-4ae1-a776-e6b1b01dc2cf:192.168.157.234:38824] with ContainerStateMachine:uninitialized
2019-09-26 17:03:51,652 [pool-27-thread-1] INFO  server.RaftServerConfigKeys (ConfUtils.java:logGet(43)) - raft.server.rpcslowness.timeout = 120s (custom)
2019-09-26 17:03:51,652 [pool-97-thread-1] INFO  server.RaftServerConfigKeys (ConfUtils.java:logGet(43)) - raft.server.rpc.timeout.min = 1s (custom)
2019-09-26 17:03:51,652 [pool-27-thread-1] INFO  server.RaftServerConfigKeys (ConfUtils.java:logGet(43)) - raft.server.sleep.deviation.threshold = 300 (default)
2019-09-26 17:03:51,652 [pool-97-thread-1] INFO  server.RaftServerConfigKeys (ConfUtils.java:logGet(43)) - raft.server.rpc.timeout.max = 1200ms (custom)
2019-09-26 17:03:51,652 [pool-107-thread-1] INFO  impl.RaftServerImpl (RaftServerImpl.java:<init>(95)) - 9ab6b823-6bc4-454f-9d50-ce70a440dcce: new RaftServerImpl for group-1BFFB9D78D43:[9ab6b823-6bc4-454f-9d50-ce70a440dcce:192.168.157.234:39169, 4ac23ced-61a1-47b3-94f0-cee158ec4b70:192.168.157.234:37118, 7c50c947-8403-4ae1-a776-e6b1b01dc2cf:192.168.157.234:38824] with ContainerStateMachine:uninitialized
2019-09-26 17:03:51,652 [pool-27-thread-1] INFO  server.RaftServerConfigKeys (ConfUtils.java:logGet(43)) - raft.server.log.appender.install.snapshot.enabled = false (custom)
2019-09-26 17:03:51,652 [pool-97-thread-1] INFO  server.RaftServerConfigKeys (ConfUtils.java:logGet(43)) - raft.server.rpcslowness.timeout = 120s (custom)
2019-09-26 17:03:51,652 [pool-107-thread-1] INFO  server.RaftServerConfigKeys (ConfUtils.java:logGet(43)) - raft.server.rpc.timeout.min = 1s (custom)
2019-09-26 17:03:51,653 [pool-27-thread-1] INFO  impl.RaftServerImpl (ServerState.java:<init>(103)) - 7c50c947-8403-4ae1-a776-e6b1b01dc2cf@group-1BFFB9D78D43: ConfigurationManager, init=-1: [9ab6b823-6bc4-454f-9d50-ce70a440dcce:192.168.157.234:39169, 4ac23ced-61a1-47b3-94f0-cee158ec4b70:192.168.157.234:37118, 7c50c947-8403-4ae1-a776-e6b1b01dc2cf:192.168.157.234:38824], old=null, confs=<EMPTY_MAP>
2019-09-26 17:03:51,653 [pool-97-thread-1] INFO  server.RaftServerConfigKeys (ConfUtils.java:logGet(43)) - raft.server.sleep.deviation.threshold = 300 (default)
2019-09-26 17:03:51,653 [pool-107-thread-1] INFO  server.RaftServerConfigKeys (ConfUtils.java:logGet(43)) - raft.server.rpc.timeout.max = 1200ms (custom)
2019-09-26 17:03:51,653 [pool-27-thread-1] INFO  server.RaftServerConfigKeys (ConfUtils.java:logGet(43)) - raft.server.storage.dir = [/workdir/hadoop-ozone/integration-test/target/test-dir/MiniOzoneClusterImpl-d6ca620c-cb63-484f-a581-7c0900b96a5f/datanode-0/data/ratis] (custom)
2019-09-26 17:03:51,653 [pool-97-thread-1] INFO  server.RaftServerConfigKeys (ConfUtils.java:logGet(43)) - raft.server.log.appender.install.snapshot.enabled = false (custom)
2019-09-26 17:03:51,653 [pool-107-thread-1] INFO  server.RaftServerConfigKeys (ConfUtils.java:logGet(43)) - raft.server.rpcslowness.timeout = 120s (custom)
2019-09-26 17:03:51,653 [pool-97-thread-1] INFO  impl.RaftServerImpl (ServerState.java:<init>(103)) - 4ac23ced-61a1-47b3-94f0-cee158ec4b70@group-1BFFB9D78D43: ConfigurationManager, init=-1: [9ab6b823-6bc4-454f-9d50-ce70a440dcce:192.168.157.234:39169, 4ac23ced-61a1-47b3-94f0-cee158ec4b70:192.168.157.234:37118, 7c50c947-8403-4ae1-a776-e6b1b01dc2cf:192.168.157.234:38824], old=null, confs=<EMPTY_MAP>
2019-09-26 17:03:51,654 [pool-107-thread-1] INFO  server.RaftServerConfigKeys (ConfUtils.java:logGet(43)) - raft.server.sleep.deviation.threshold = 300 (default)
2019-09-26 17:03:51,654 [pool-97-thread-1] INFO  server.RaftServerConfigKeys (ConfUtils.java:logGet(43)) - raft.server.storage.dir = [/workdir/hadoop-ozone/integration-test/target/test-dir/MiniOzoneClusterImpl-d6ca620c-cb63-484f-a581-7c0900b96a5f/datanode-7/data/ratis] (custom)
2019-09-26 17:03:51,654 [pool-27-thread-1] INFO  storage.RaftStorageDirectory (RaftStorageDirectory.java:analyzeStorage(246)) - The storage directory /workdir/hadoop-ozone/integration-test/target/test-dir/MiniOzoneClusterImpl-d6ca620c-cb63-484f-a581-7c0900b96a5f/datanode-0/data/ratis/178fed28-3b19-4da9-b0a5-1bffb9d78d43 does not exist. Creating ...
2019-09-26 17:03:51,654 [pool-107-thread-1] INFO  server.RaftServerConfigKeys (ConfUtils.java:logGet(43)) - raft.server.log.appender.install.snapshot.enabled = false (custom)
2019-09-26 17:03:51,654 [pool-97-thread-1] INFO  storage.RaftStorageDirectory (RaftStorageDirectory.java:analyzeStorage(246)) - The storage directory /workdir/hadoop-ozone/integration-test/target/test-dir/MiniOzoneClusterImpl-d6ca620c-cb63-484f-a581-7c0900b96a5f/datanode-7/data/ratis/178fed28-3b19-4da9-b0a5-1bffb9d78d43 does not exist. Creating ...
2019-09-26 17:03:51,654 [pool-107-thread-1] INFO  impl.RaftServerImpl (ServerState.java:<init>(103)) - 9ab6b823-6bc4-454f-9d50-ce70a440dcce@group-1BFFB9D78D43: ConfigurationManager, init=-1: [9ab6b823-6bc4-454f-9d50-ce70a440dcce:192.168.157.234:39169, 4ac23ced-61a1-47b3-94f0-cee158ec4b70:192.168.157.234:37118, 7c50c947-8403-4ae1-a776-e6b1b01dc2cf:192.168.157.234:38824], old=null, confs=<EMPTY_MAP>
2019-09-26 17:03:51,655 [pool-107-thread-1] INFO  server.RaftServerConfigKeys (ConfUtils.java:logGet(43)) - raft.server.storage.dir = [/workdir/hadoop-ozone/integration-test/target/test-dir/MiniOzoneClusterImpl-d6ca620c-cb63-484f-a581-7c0900b96a5f/datanode-8/data/ratis] (custom)
2019-09-26 17:03:51,655 [pool-107-thread-1] INFO  storage.RaftStorageDirectory (RaftStorageDirectory.java:analyzeStorage(246)) - The storage directory /workdir/hadoop-ozone/integration-test/target/test-dir/MiniOzoneClusterImpl-d6ca620c-cb63-484f-a581-7c0900b96a5f/datanode-8/data/ratis/178fed28-3b19-4da9-b0a5-1bffb9d78d43 does not exist. Creating ...
2019-09-26 17:03:51,657 [7c50c947-8403-4ae1-a776-e6b1b01dc2cf@group-3B42D3B84C30:LeaderElection1] INFO  impl.RoleInfo (RoleInfo.java:updateAndGet(143)) - 7c50c947-8403-4ae1-a776-e6b1b01dc2cf: start LeaderState
2019-09-26 17:03:51,667 [pool-107-thread-1] INFO  storage.RaftStorageDirectory (RaftStorageDirectory.java:tryLock(328)) - Lock on /workdir/hadoop-ozone/integration-test/target/test-dir/MiniOzoneClusterImpl-d6ca620c-cb63-484f-a581-7c0900b96a5f/datanode-8/data/ratis/178fed28-3b19-4da9-b0a5-1bffb9d78d43/in_use.lock acquired by nodename 14337@pr-hdds-2162-htzpk-1451759861
2019-09-26 17:03:51,667 [pool-97-thread-1] INFO  storage.RaftStorageDirectory (RaftStorageDirectory.java:tryLock(328)) - Lock on /workdir/hadoop-ozone/integration-test/target/test-dir/MiniOzoneClusterImpl-d6ca620c-cb63-484f-a581-7c0900b96a5f/datanode-7/data/ratis/178fed28-3b19-4da9-b0a5-1bffb9d78d43/in_use.lock acquired by nodename 14337@pr-hdds-2162-htzpk-1451759861
2019-09-26 17:03:51,667 [pool-27-thread-1] INFO  storage.RaftStorageDirectory (RaftStorageDirectory.java:tryLock(328)) - Lock on /workdir/hadoop-ozone/integration-test/target/test-dir/MiniOzoneClusterImpl-d6ca620c-cb63-484f-a581-7c0900b96a5f/datanode-0/data/ratis/178fed28-3b19-4da9-b0a5-1bffb9d78d43/in_use.lock acquired by nodename 14337@pr-hdds-2162-htzpk-1451759861
2019-09-26 17:03:51,681 [pool-97-thread-1] INFO  storage.RaftStorage (RaftStorage.java:format(72)) - Storage directory /workdir/hadoop-ozone/integration-test/target/test-dir/MiniOzoneClusterImpl-d6ca620c-cb63-484f-a581-7c0900b96a5f/datanode-7/data/ratis/178fed28-3b19-4da9-b0a5-1bffb9d78d43 has been successfully formatted.
2019-09-26 17:03:51,681 [pool-27-thread-1] INFO  storage.RaftStorage (RaftStorage.java:format(72)) - Storage directory /workdir/hadoop-ozone/integration-test/target/test-dir/MiniOzoneClusterImpl-d6ca620c-cb63-484f-a581-7c0900b96a5f/datanode-0/data/ratis/178fed28-3b19-4da9-b0a5-1bffb9d78d43 has been successfully formatted.
2019-09-26 17:03:51,681 [7c50c947-8403-4ae1-a776-e6b1b01dc2cf@group-3B42D3B84C30:LeaderElection1] INFO  segmented.SegmentedRaftLogWorker (SegmentedRaftLogWorker.java:startLogSegment(380)) - 7c50c947-8403-4ae1-a776-e6b1b01dc2cf@group-3B42D3B84C30-SegmentedRaftLogWorker: Starting segment from index:0
2019-09-26 17:03:51,681 [pool-107-thread-1] INFO  storage.RaftStorage (RaftStorage.java:format(72)) - Storage directory /workdir/hadoop-ozone/integration-test/target/test-dir/MiniOzoneClusterImpl-d6ca620c-cb63-484f-a581-7c0900b96a5f/datanode-8/data/ratis/178fed28-3b19-4da9-b0a5-1bffb9d78d43 has been successfully formatted.
2019-09-26 17:03:51,681 [pool-27-thread-1] INFO  ratis.ContainerStateMachine (ContainerStateMachine.java:loadSnapshot(230)) - group-1BFFB9D78D43: The snapshot info is null. Setting the last applied indexto:(t:0, i:~)
2019-09-26 17:03:51,681 [pool-97-thread-1] INFO  ratis.ContainerStateMachine (ContainerStateMachine.java:loadSnapshot(230)) - group-1BFFB9D78D43: The snapshot info is null. Setting the last applied indexto:(t:0, i:~)
2019-09-26 17:03:51,682 [pool-27-thread-1] INFO  server.RaftServerConfigKeys (ConfUtils.java:logGet(43)) - raft.server.notification.no-leader.timeout = 120s (custom)
2019-09-26 17:03:51,682 [pool-107-thread-1] INFO  ratis.ContainerStateMachine (ContainerStateMachine.java:loadSnapshot(230)) - group-1BFFB9D78D43: The snapshot info is null. Setting the last applied indexto:(t:0, i:~)
2019-09-26 17:03:51,682 [pool-27-thread-1] INFO  server.RaftServerConfigKeys (ConfUtils.java:logGet(43)) - raft.server.log.use.memory = false (default)
2019-09-26 17:03:51,682 [pool-97-thread-1] INFO  server.RaftServerConfigKeys (ConfUtils.java:logGet(43)) - raft.server.notification.no-leader.timeout = 120s (custom)
2019-09-26 17:03:51,682 [pool-27-thread-1] INFO  server.RaftServerConfigKeys (ConfUtils.java:logGet(43)) - raft.server.log.purge.gap = 1000000 (custom)
2019-09-26 17:03:51,682 [pool-107-thread-1] INFO  server.RaftServerConfigKeys (ConfUtils.java:logGet(43)) - raft.server.notification.no-leader.timeout = 120s (custom)
2019-09-26 17:03:51,682 [pool-27-thread-1] INFO  server.RaftServerConfigKeys (ConfUtils.java:logGet(43)) - raft.server.log.appender.buffer.byte-limit = 33554432 (custom)
2019-09-26 17:03:51,682 [pool-97-thread-1] INFO  server.RaftServerConfigKeys (ConfUtils.java:logGet(43)) - raft.server.log.use.memory = false (default)
2019-09-26 17:03:51,683 [pool-27-thread-1] INFO  server.RaftServerConfigKeys (ConfUtils.java:logGet(43)) - raft.server.log.segment.size.max = 1048576 (custom)
2019-09-26 17:03:51,683 [pool-107-thread-1] INFO  server.RaftServerConfigKeys (ConfUtils.java:logGet(43)) - raft.server.log.use.memory = false (default)
2019-09-26 17:03:51,683 [pool-27-thread-1] INFO  server.RaftServerConfigKeys (ConfUtils.java:logGet(43)) - raft.server.log.segment.cache.num.max = 2 (custom)
2019-09-26 17:03:51,683 [pool-97-thread-1] INFO  server.RaftServerConfigKeys (ConfUtils.java:logGet(43)) - raft.server.log.purge.gap = 1000000 (custom)
2019-09-26 17:03:51,683 [pool-27-thread-1] INFO  segmented.SegmentedRaftLogWorker (SegmentedRaftLogWorker.java:<init>(172)) - new 7c50c947-8403-4ae1-a776-e6b1b01dc2cf@group-1BFFB9D78D43-SegmentedRaftLogWorker for RaftStorage:Storage Directory /workdir/hadoop-ozone/integration-test/target/test-dir/MiniOzoneClusterImpl-d6ca620c-cb63-484f-a581-7c0900b96a5f/datanode-0/data/ratis/178fed28-3b19-4da9-b0a5-1bffb9d78d43
2019-09-26 17:03:51,683 [pool-107-thread-1] INFO  server.RaftServerConfigKeys (ConfUtils.java:logGet(43)) - raft.server.log.purge.gap = 1000000 (custom)
2019-09-26 17:03:51,684 [pool-27-thread-1] INFO  server.RaftServerConfigKeys (ConfUtils.java:logGet(43)) - raft.server.log.queue.byte-limit = 2147483647 (custom)
2019-09-26 17:03:51,683 [pool-97-thread-1] INFO  server.RaftServerConfigKeys (ConfUtils.java:logGet(43)) - raft.server.log.appender.buffer.byte-limit = 33554432 (custom)
2019-09-26 17:03:51,684 [pool-27-thread-1] INFO  server.RaftServerConfigKeys (ConfUtils.java:logGet(43)) - raft.server.log.queue.element-limit = 1024 (custom)
2019-09-26 17:03:51,684 [pool-107-thread-1] INFO  server.RaftServerConfigKeys (ConfUtils.java:logGet(43)) - raft.server.log.appender.buffer.byte-limit = 33554432 (custom)
2019-09-26 17:03:51,684 [pool-27-thread-1] INFO  server.RaftServerConfigKeys (ConfUtils.java:logGet(43)) - raft.server.log.segment.size.max = 1048576 (custom)
2019-09-26 17:03:51,684 [pool-97-thread-1] INFO  server.RaftServerConfigKeys (ConfUtils.java:logGet(43)) - raft.server.log.segment.size.max = 1048576 (custom)
2019-09-26 17:03:51,684 [pool-27-thread-1] INFO  server.RaftServerConfigKeys (ConfUtils.java:logGet(43)) - raft.server.log.preallocated.size = 16384 (custom)
2019-09-26 17:03:51,684 [pool-107-thread-1] INFO  server.RaftServerConfigKeys (ConfUtils.java:logGet(43)) - raft.server.log.segment.size.max = 1048576 (custom)
2019-09-26 17:03:51,685 [pool-27-thread-1] INFO  server.RaftServerConfigKeys (ConfUtils.java:logGet(43)) - raft.server.log.write.buffer.size = 33554432 (custom)
2019-09-26 17:03:51,684 [pool-97-thread-1] INFO  server.RaftServerConfigKeys (ConfUtils.java:logGet(43)) - raft.server.log.segment.cache.num.max = 2 (custom)
2019-09-26 17:03:51,685 [pool-27-thread-1] INFO  server.RaftServerConfigKeys (ConfUtils.java:logGet(43)) - raft.server.log.force.sync.num = 128 (default)
2019-09-26 17:03:51,685 [pool-107-thread-1] INFO  server.RaftServerConfigKeys (ConfUtils.java:logGet(43)) - raft.server.log.segment.cache.num.max = 2 (custom)
2019-09-26 17:03:51,685 [pool-27-thread-1] INFO  server.RaftServerConfigKeys (ConfUtils.java:logGet(43)) - raft.server.log.statemachine.data.sync = true (default)
2019-09-26 17:03:51,685 [pool-97-thread-1] INFO  segmented.SegmentedRaftLogWorker (SegmentedRaftLogWorker.java:<init>(172)) - new 4ac23ced-61a1-47b3-94f0-cee158ec4b70@group-1BFFB9D78D43-SegmentedRaftLogWorker for RaftStorage:Storage Directory /workdir/hadoop-ozone/integration-test/target/test-dir/MiniOzoneClusterImpl-d6ca620c-cb63-484f-a581-7c0900b96a5f/datanode-7/data/ratis/178fed28-3b19-4da9-b0a5-1bffb9d78d43
2019-09-26 17:03:51,685 [pool-27-thread-1] INFO  server.RaftServerConfigKeys (ConfUtils.java:logGet(43)) - raft.server.log.statemachine.data.sync.timeout = 10s (default)
2019-09-26 17:03:51,685 [pool-107-thread-1] INFO  segmented.SegmentedRaftLogWorker (SegmentedRaftLogWorker.java:<init>(172)) - new 9ab6b823-6bc4-454f-9d50-ce70a440dcce@group-1BFFB9D78D43-SegmentedRaftLogWorker for RaftStorage:Storage Directory /workdir/hadoop-ozone/integration-test/target/test-dir/MiniOzoneClusterImpl-d6ca620c-cb63-484f-a581-7c0900b96a5f/datanode-8/data/ratis/178fed28-3b19-4da9-b0a5-1bffb9d78d43
2019-09-26 17:03:51,686 [pool-27-thread-1] INFO  server.RaftServerConfigKeys (ConfUtils.java:logGet(43)) - raft.server.log.statemachine.data.sync.timeout.retry = -1 (default)
2019-09-26 17:03:51,685 [pool-97-thread-1] INFO  server.RaftServerConfigKeys (ConfUtils.java:logGet(43)) - raft.server.log.queue.byte-limit = 2147483647 (custom)
2019-09-26 17:03:51,686 [pool-107-thread-1] INFO  server.RaftServerConfigKeys (ConfUtils.java:logGet(43)) - raft.server.log.queue.byte-limit = 2147483647 (custom)
2019-09-26 17:03:51,686 [pool-97-thread-1] INFO  server.RaftServerConfigKeys (ConfUtils.java:logGet(43)) - raft.server.log.queue.element-limit = 1024 (custom)
2019-09-26 17:03:51,686 [pool-27-thread-1] INFO  server.RaftServerConfigKeys (ConfUtils.java:logGet(43)) - raft.server.log.statemachine.data.caching.enabled = true (custom)
2019-09-26 17:03:51,686 [pool-97-thread-1] INFO  server.RaftServerConfigKeys (ConfUtils.java:logGet(43)) - raft.server.log.segment.size.max = 1048576 (custom)
2019-09-26 17:03:51,686 [pool-107-thread-1] INFO  server.RaftServerConfigKeys (ConfUtils.java:logGet(43)) - raft.server.log.queue.element-limit = 1024 (custom)
2019-09-26 17:03:51,687 [pool-27-thread-1] INFO  segmented.SegmentedRaftLogWorker (SegmentedRaftLogWorker.java:lambda$new$0(132)) - 7c50c947-8403-4ae1-a776-e6b1b01dc2cf@group-1BFFB9D78D43-SegmentedRaftLogWorker: flushIndex: setUnconditionally 0 -> -1
2019-09-26 17:03:51,687 [pool-97-thread-1] INFO  server.RaftServerConfigKeys (ConfUtils.java:logGet(43)) - raft.server.log.preallocated.size = 16384 (custom)
2019-09-26 17:03:51,687 [pool-107-thread-1] INFO  server.RaftServerConfigKeys (ConfUtils.java:logGet(43)) - raft.server.log.segment.size.max = 1048576 (custom)
2019-09-26 17:03:51,687 [pool-27-thread-1] INFO  server.RaftServerConfigKeys (ConfUtils.java:logGet(43)) - raft.server.snapshot.auto.trigger.enabled = true (custom)
2019-09-26 17:03:51,687 [pool-97-thread-1] INFO  server.RaftServerConfigKeys (ConfUtils.java:logGet(43)) - raft.server.log.write.buffer.size = 33554432 (custom)
2019-09-26 17:03:51,687 [pool-27-thread-1] INFO  server.RaftServerConfigKeys (ConfUtils.java:logGet(43)) - raft.server.snapshot.auto.trigger.threshold = 10000 (custom)
2019-09-26 17:03:51,687 [pool-107-thread-1] INFO  server.RaftServerConfigKeys (ConfUtils.java:logGet(43)) - raft.server.log.preallocated.size = 16384 (custom)
2019-09-26 17:03:51,687 [pool-27-thread-1] INFO  server.RaftServerConfigKeys (ConfUtils.java:logGet(43)) - raft.server.snapshot.retention.num.files = 5 (custom)
2019-09-26 17:03:51,687 [pool-97-thread-1] INFO  server.RaftServerConfigKeys (ConfUtils.java:logGet(43)) - raft.server.log.force.sync.num = 128 (default)
2019-09-26 17:03:51,688 [pool-27-thread-1] INFO  server.RaftServerConfigKeys (ConfUtils.java:logGet(43)) - raft.server.retrycache.expirytime = 600000ms (custom)
2019-09-26 17:03:51,688 [pool-97-thread-1] INFO  server.RaftServerConfigKeys (ConfUtils.java:logGet(43)) - raft.server.log.statemachine.data.sync = true (default)
2019-09-26 17:03:51,687 [pool-107-thread-1] INFO  server.RaftServerConfigKeys (ConfUtils.java:logGet(43)) - raft.server.log.write.buffer.size = 33554432 (custom)
2019-09-26 17:03:51,688 [pool-97-thread-1] INFO  server.RaftServerConfigKeys (ConfUtils.java:logGet(43)) - raft.server.log.statemachine.data.sync.timeout = 10s (default)
2019-09-26 17:03:51,688 [pool-107-thread-1] INFO  server.RaftServerConfigKeys (ConfUtils.java:logGet(43)) - raft.server.log.force.sync.num = 128 (default)
2019-09-26 17:03:51,688 [pool-97-thread-1] INFO  server.RaftServerConfigKeys (ConfUtils.java:logGet(43)) - raft.server.log.statemachine.data.sync.timeout.retry = -1 (default)
2019-09-26 17:03:51,688 [pool-107-thread-1] INFO  server.RaftServerConfigKeys (ConfUtils.java:logGet(43)) - raft.server.log.statemachine.data.sync = true (default)
2019-09-26 17:03:51,688 [pool-97-thread-1] INFO  server.RaftServerConfigKeys (ConfUtils.java:logGet(43)) - raft.server.log.statemachine.data.caching.enabled = true (custom)
2019-09-26 17:03:51,689 [pool-107-thread-1] INFO  server.RaftServerConfigKeys (ConfUtils.java:logGet(43)) - raft.server.log.statemachine.data.sync.timeout = 10s (default)
2019-09-26 17:03:51,689 [pool-97-thread-1] INFO  segmented.SegmentedRaftLogWorker (SegmentedRaftLogWorker.java:lambda$new$0(132)) - 4ac23ced-61a1-47b3-94f0-cee158ec4b70@group-1BFFB9D78D43-SegmentedRaftLogWorker: flushIndex: setUnconditionally 0 -> -1
2019-09-26 17:03:51,689 [pool-107-thread-1] INFO  server.RaftServerConfigKeys (ConfUtils.java:logGet(43)) - raft.server.log.statemachine.data.sync.timeout.retry = -1 (default)
2019-09-26 17:03:51,689 [pool-97-thread-1] INFO  server.RaftServerConfigKeys (ConfUtils.java:logGet(43)) - raft.server.snapshot.auto.trigger.enabled = true (custom)
2019-09-26 17:03:51,689 [pool-97-thread-1] INFO  server.RaftServerConfigKeys (ConfUtils.java:logGet(43)) - raft.server.snapshot.auto.trigger.threshold = 10000 (custom)
2019-09-26 17:03:51,689 [pool-107-thread-1] INFO  server.RaftServerConfigKeys (ConfUtils.java:logGet(43)) - raft.server.log.statemachine.data.caching.enabled = true (custom)
2019-09-26 17:03:51,689 [pool-97-thread-1] INFO  server.RaftServerConfigKeys (ConfUtils.java:logGet(43)) - raft.server.snapshot.retention.num.files = 5 (custom)
2019-09-26 17:03:51,690 [pool-97-thread-1] INFO  server.RaftServerConfigKeys (ConfUtils.java:logGet(43)) - raft.server.retrycache.expirytime = 600000ms (custom)
2019-09-26 17:03:51,690 [pool-107-thread-1] INFO  segmented.SegmentedRaftLogWorker (SegmentedRaftLogWorker.java:lambda$new$0(132)) - 9ab6b823-6bc4-454f-9d50-ce70a440dcce@group-1BFFB9D78D43-SegmentedRaftLogWorker: flushIndex: setUnconditionally 0 -> -1
2019-09-26 17:03:51,690 [7c50c947-8403-4ae1-a776-e6b1b01dc2cf@group-3B42D3B84C30:LeaderElection1] INFO  impl.RaftServerImpl (ServerState.java:setRaftConf(354)) - 7c50c947-8403-4ae1-a776-e6b1b01dc2cf@group-3B42D3B84C30: set configuration 0: [7c50c947-8403-4ae1-a776-e6b1b01dc2cf:192.168.157.234:38824], old=null at 0
2019-09-26 17:03:51,690 [pool-27-thread-1] INFO  impl.RaftServerImpl (RaftServerImpl.java:start(185)) - 7c50c947-8403-4ae1-a776-e6b1b01dc2cf@group-1BFFB9D78D43: start as a follower, conf=-1: [9ab6b823-6bc4-454f-9d50-ce70a440dcce:192.168.157.234:39169, 4ac23ced-61a1-47b3-94f0-cee158ec4b70:192.168.157.234:37118, 7c50c947-8403-4ae1-a776-e6b1b01dc2cf:192.168.157.234:38824], old=null
2019-09-26 17:03:51,690 [pool-107-thread-1] INFO  server.RaftServerConfigKeys (ConfUtils.java:logGet(43)) - raft.server.snapshot.auto.trigger.enabled = true (custom)
2019-09-26 17:03:51,693 [pool-27-thread-1] INFO  impl.RaftServerImpl (RaftServerImpl.java:setRole(174)) - 7c50c947-8403-4ae1-a776-e6b1b01dc2cf@group-1BFFB9D78D43: changes role from      null to FOLLOWER at term 0 for startAsFollower
2019-09-26 17:03:51,693 [pool-107-thread-1] INFO  server.RaftServerConfigKeys (ConfUtils.java:logGet(43)) - raft.server.snapshot.auto.trigger.threshold = 10000 (custom)
2019-09-26 17:03:51,693 [pool-27-thread-1] INFO  impl.RoleInfo (RoleInfo.java:updateAndGet(143)) - 7c50c947-8403-4ae1-a776-e6b1b01dc2cf: start FollowerState
2019-09-26 17:03:51,693 [pool-107-thread-1] INFO  server.RaftServerConfigKeys (ConfUtils.java:logGet(43)) - raft.server.snapshot.retention.num.files = 5 (custom)
2019-09-26 17:03:51,693 [pool-27-thread-1] INFO  util.JmxRegister (JmxRegister.java:tryRegister(44)) - Successfully registered JMX Bean with object name Ratis:service=RaftServer,group=group-1BFFB9D78D43,id=7c50c947-8403-4ae1-a776-e6b1b01dc2cf
2019-09-26 17:03:51,693 [pool-107-thread-1] INFO  server.RaftServerConfigKeys (ConfUtils.java:logGet(43)) - raft.server.retrycache.expirytime = 600000ms (custom)
2019-09-26 17:03:51,695 [pool-97-thread-1] INFO  impl.RaftServerImpl (RaftServerImpl.java:start(185)) - 4ac23ced-61a1-47b3-94f0-cee158ec4b70@group-1BFFB9D78D43: start as a follower, conf=-1: [9ab6b823-6bc4-454f-9d50-ce70a440dcce:192.168.157.234:39169, 4ac23ced-61a1-47b3-94f0-cee158ec4b70:192.168.157.234:37118, 7c50c947-8403-4ae1-a776-e6b1b01dc2cf:192.168.157.234:38824], old=null
2019-09-26 17:03:51,695 [pool-97-thread-1] INFO  impl.RaftServerImpl (RaftServerImpl.java:setRole(174)) - 4ac23ced-61a1-47b3-94f0-cee158ec4b70@group-1BFFB9D78D43: changes role from      null to FOLLOWER at term 0 for startAsFollower
2019-09-26 17:03:51,695 [pool-97-thread-1] INFO  impl.RoleInfo (RoleInfo.java:updateAndGet(143)) - 4ac23ced-61a1-47b3-94f0-cee158ec4b70: start FollowerState
2019-09-26 17:03:51,696 [pool-97-thread-1] INFO  util.JmxRegister (JmxRegister.java:tryRegister(44)) - Successfully registered JMX Bean with object name Ratis:service=RaftServer,group=group-1BFFB9D78D43,id=4ac23ced-61a1-47b3-94f0-cee158ec4b70
2019-09-26 17:03:51,703 [pool-107-thread-1] INFO  impl.RaftServerImpl (RaftServerImpl.java:start(185)) - 9ab6b823-6bc4-454f-9d50-ce70a440dcce@group-1BFFB9D78D43: start as a follower, conf=-1: [9ab6b823-6bc4-454f-9d50-ce70a440dcce:192.168.157.234:39169, 4ac23ced-61a1-47b3-94f0-cee158ec4b70:192.168.157.234:37118, 7c50c947-8403-4ae1-a776-e6b1b01dc2cf:192.168.157.234:38824], old=null
2019-09-26 17:03:51,703 [pool-107-thread-1] INFO  impl.RaftServerImpl (RaftServerImpl.java:setRole(174)) - 9ab6b823-6bc4-454f-9d50-ce70a440dcce@group-1BFFB9D78D43: changes role from      null to FOLLOWER at term 0 for startAsFollower
2019-09-26 17:03:51,705 [pool-107-thread-1] INFO  impl.RoleInfo (RoleInfo.java:updateAndGet(143)) - 9ab6b823-6bc4-454f-9d50-ce70a440dcce: start FollowerState
2019-09-26 17:03:51,711 [pool-107-thread-1] INFO  util.JmxRegister (JmxRegister.java:tryRegister(44)) - Successfully registered JMX Bean with object name Ratis:service=RaftServer,group=group-1BFFB9D78D43,id=9ab6b823-6bc4-454f-9d50-ce70a440dcce
2019-09-26 17:03:51,727 [RatisPipelineUtilsThread] INFO  pipeline.PipelineStateManager (PipelineStateManager.java:addPipeline(56)) - Created pipeline Pipeline[ Id: 178fed28-3b19-4da9-b0a5-1bffb9d78d43, Nodes: 7c50c947-8403-4ae1-a776-e6b1b01dc2cf{ip: 192.168.157.234, host: pr-hdds-2162-htzpk-1451759861, networkLocation: /default-rack, certSerialId: null}4ac23ced-61a1-47b3-94f0-cee158ec4b70{ip: 192.168.157.234, host: pr-hdds-2162-htzpk-1451759861, networkLocation: /default-rack, certSerialId: null}9ab6b823-6bc4-454f-9d50-ce70a440dcce{ip: 192.168.157.234, host: pr-hdds-2162-htzpk-1451759861, networkLocation: /default-rack, certSerialId: null}, Type:RATIS, Factor:THREE, State:OPEN]
2019-09-26 17:03:51,757 [grpc-default-executor-2] INFO  impl.RaftServerProxy (RaftServerProxy.java:addNew(89)) - c9877585-f333-4492-aed4-861a77134c16: addNew group-399D1F29A66B:[ef5a9ab0-e109-4aa9-899d-c34ee583d2de:192.168.157.234:38928, 0f6d0b51-49f2-46fd-a2f3-d041b41eab5c:192.168.157.234:43173, c9877585-f333-4492-aed4-861a77134c16:192.168.157.234:36678] returns group-399D1F29A66B:java.util.concurrent.CompletableFuture@379cb4cb[Not completed]
2019-09-26 17:03:51,757 [grpc-default-executor-1] INFO  impl.RaftServerProxy (RaftServerProxy.java:addNew(89)) - 0f6d0b51-49f2-46fd-a2f3-d041b41eab5c: addNew group-399D1F29A66B:[ef5a9ab0-e109-4aa9-899d-c34ee583d2de:192.168.157.234:38928, 0f6d0b51-49f2-46fd-a2f3-d041b41eab5c:192.168.157.234:43173, c9877585-f333-4492-aed4-861a77134c16:192.168.157.234:36678] returns group-399D1F29A66B:java.util.concurrent.CompletableFuture@7aa8a84f[Not completed]
2019-09-26 17:03:51,757 [grpc-default-executor-0] INFO  impl.RaftServerProxy (RaftServerProxy.java:addNew(89)) - ef5a9ab0-e109-4aa9-899d-c34ee583d2de: addNew group-399D1F29A66B:[ef5a9ab0-e109-4aa9-899d-c34ee583d2de:192.168.157.234:38928, 0f6d0b51-49f2-46fd-a2f3-d041b41eab5c:192.168.157.234:43173, c9877585-f333-4492-aed4-861a77134c16:192.168.157.234:36678] returns group-399D1F29A66B:java.util.concurrent.CompletableFuture@2d03642[Not completed]
2019-09-26 17:03:51,761 [pool-77-thread-1] INFO  impl.RaftServerImpl (RaftServerImpl.java:<init>(95)) - ef5a9ab0-e109-4aa9-899d-c34ee583d2de: new RaftServerImpl for group-399D1F29A66B:[ef5a9ab0-e109-4aa9-899d-c34ee583d2de:192.168.157.234:38928, 0f6d0b51-49f2-46fd-a2f3-d041b41eab5c:192.168.157.234:43173, c9877585-f333-4492-aed4-861a77134c16:192.168.157.234:36678] with ContainerStateMachine:uninitialized
2019-09-26 17:03:51,761 [pool-77-thread-1] INFO  server.RaftServerConfigKeys (ConfUtils.java:logGet(43)) - raft.server.rpc.timeout.min = 1s (custom)
2019-09-26 17:03:51,761 [pool-77-thread-1] INFO  server.RaftServerConfigKeys (ConfUtils.java:logGet(43)) - raft.server.rpc.timeout.max = 1200ms (custom)
2019-09-26 17:03:51,761 [pool-77-thread-1] INFO  server.RaftServerConfigKeys (ConfUtils.java:logGet(43)) - raft.server.rpcslowness.timeout = 120s (custom)
2019-09-26 17:03:51,761 [pool-77-thread-1] INFO  server.RaftServerConfigKeys (ConfUtils.java:logGet(43)) - raft.server.sleep.deviation.threshold = 300 (default)
2019-09-26 17:03:51,761 [pool-77-thread-1] INFO  server.RaftServerConfigKeys (ConfUtils.java:logGet(43)) - raft.server.log.appender.install.snapshot.enabled = false (custom)
2019-09-26 17:03:51,761 [pool-77-thread-1] INFO  impl.RaftServerImpl (ServerState.java:<init>(103)) - ef5a9ab0-e109-4aa9-899d-c34ee583d2de@group-399D1F29A66B: ConfigurationManager, init=-1: [ef5a9ab0-e109-4aa9-899d-c34ee583d2de:192.168.157.234:38928, 0f6d0b51-49f2-46fd-a2f3-d041b41eab5c:192.168.157.234:43173, c9877585-f333-4492-aed4-861a77134c16:192.168.157.234:36678], old=null, confs=<EMPTY_MAP>
2019-09-26 17:03:51,761 [pool-77-thread-1] INFO  server.RaftServerConfigKeys (ConfUtils.java:logGet(43)) - raft.server.storage.dir = [/workdir/hadoop-ozone/integration-test/target/test-dir/MiniOzoneClusterImpl-d6ca620c-cb63-484f-a581-7c0900b96a5f/datanode-5/data/ratis] (custom)
2019-09-26 17:03:51,762 [pool-87-thread-1] INFO  impl.RaftServerImpl (RaftServerImpl.java:<init>(95)) - c9877585-f333-4492-aed4-861a77134c16: new RaftServerImpl for group-399D1F29A66B:[ef5a9ab0-e109-4aa9-899d-c34ee583d2de:192.168.157.234:38928, 0f6d0b51-49f2-46fd-a2f3-d041b41eab5c:192.168.157.234:43173, c9877585-f333-4492-aed4-861a77134c16:192.168.157.234:36678] with ContainerStateMachine:uninitialized
2019-09-26 17:03:51,762 [pool-77-thread-1] INFO  storage.RaftStorageDirectory (RaftStorageDirectory.java:analyzeStorage(246)) - The storage directory /workdir/hadoop-ozone/integration-test/target/test-dir/MiniOzoneClusterImpl-d6ca620c-cb63-484f-a581-7c0900b96a5f/datanode-5/data/ratis/839d61d9-5495-4bef-a29e-399d1f29a66b does not exist. Creating ...
2019-09-26 17:03:51,762 [pool-87-thread-1] INFO  server.RaftServerConfigKeys (ConfUtils.java:logGet(43)) - raft.server.rpc.timeout.min = 1s (custom)
2019-09-26 17:03:51,762 [pool-87-thread-1] INFO  server.RaftServerConfigKeys (ConfUtils.java:logGet(43)) - raft.server.rpc.timeout.max = 1200ms (custom)
2019-09-26 17:03:51,762 [pool-87-thread-1] INFO  server.RaftServerConfigKeys (ConfUtils.java:logGet(43)) - raft.server.rpcslowness.timeout = 120s (custom)
2019-09-26 17:03:51,762 [pool-87-thread-1] INFO  server.RaftServerConfigKeys (ConfUtils.java:logGet(43)) - raft.server.sleep.deviation.threshold = 300 (default)
2019-09-26 17:03:51,762 [pool-57-thread-1] INFO  impl.RaftServerImpl (RaftServerImpl.java:<init>(95)) - 0f6d0b51-49f2-46fd-a2f3-d041b41eab5c: new RaftServerImpl for group-399D1F29A66B:[ef5a9ab0-e109-4aa9-899d-c34ee583d2de:192.168.157.234:38928, 0f6d0b51-49f2-46fd-a2f3-d041b41eab5c:192.168.157.234:43173, c9877585-f333-4492-aed4-861a77134c16:192.168.157.234:36678] with ContainerStateMachine:uninitialized
2019-09-26 17:03:51,762 [pool-87-thread-1] INFO  server.RaftServerConfigKeys (ConfUtils.java:logGet(43)) - raft.server.log.appender.install.snapshot.enabled = false (custom)
2019-09-26 17:03:51,763 [pool-57-thread-1] INFO  server.RaftServerConfigKeys (ConfUtils.java:logGet(43)) - raft.server.rpc.timeout.min = 1s (custom)
2019-09-26 17:03:51,763 [pool-87-thread-1] INFO  impl.RaftServerImpl (ServerState.java:<init>(103)) - c9877585-f333-4492-aed4-861a77134c16@group-399D1F29A66B: ConfigurationManager, init=-1: [ef5a9ab0-e109-4aa9-899d-c34ee583d2de:192.168.157.234:38928, 0f6d0b51-49f2-46fd-a2f3-d041b41eab5c:192.168.157.234:43173, c9877585-f333-4492-aed4-861a77134c16:192.168.157.234:36678], old=null, confs=<EMPTY_MAP>
2019-09-26 17:03:51,763 [pool-57-thread-1] INFO  server.RaftServerConfigKeys (ConfUtils.java:logGet(43)) - raft.server.rpc.timeout.max = 1200ms (custom)
2019-09-26 17:03:51,763 [pool-87-thread-1] INFO  server.RaftServerConfigKeys (ConfUtils.java:logGet(43)) - raft.server.storage.dir = [/workdir/hadoop-ozone/integration-test/target/test-dir/MiniOzoneClusterImpl-d6ca620c-cb63-484f-a581-7c0900b96a5f/datanode-6/data/ratis] (custom)
2019-09-26 17:03:51,763 [pool-57-thread-1] INFO  server.RaftServerConfigKeys (ConfUtils.java:logGet(43)) - raft.server.rpcslowness.timeout = 120s (custom)
2019-09-26 17:03:51,763 [pool-57-thread-1] INFO  server.RaftServerConfigKeys (ConfUtils.java:logGet(43)) - raft.server.sleep.deviation.threshold = 300 (default)
2019-09-26 17:03:51,763 [pool-57-thread-1] INFO  server.RaftServerConfigKeys (ConfUtils.java:logGet(43)) - raft.server.log.appender.install.snapshot.enabled = false (custom)
2019-09-26 17:03:51,763 [pool-87-thread-1] INFO  storage.RaftStorageDirectory (RaftStorageDirectory.java:analyzeStorage(246)) - The storage directory /workdir/hadoop-ozone/integration-test/target/test-dir/MiniOzoneClusterImpl-d6ca620c-cb63-484f-a581-7c0900b96a5f/datanode-6/data/ratis/839d61d9-5495-4bef-a29e-399d1f29a66b does not exist. Creating ...
2019-09-26 17:03:51,763 [pool-57-thread-1] INFO  impl.RaftServerImpl (ServerState.java:<init>(103)) - 0f6d0b51-49f2-46fd-a2f3-d041b41eab5c@group-399D1F29A66B: ConfigurationManager, init=-1: [ef5a9ab0-e109-4aa9-899d-c34ee583d2de:192.168.157.234:38928, 0f6d0b51-49f2-46fd-a2f3-d041b41eab5c:192.168.157.234:43173, c9877585-f333-4492-aed4-861a77134c16:192.168.157.234:36678], old=null, confs=<EMPTY_MAP>
2019-09-26 17:03:51,764 [pool-57-thread-1] INFO  server.RaftServerConfigKeys (ConfUtils.java:logGet(43)) - raft.server.storage.dir = [/workdir/hadoop-ozone/integration-test/target/test-dir/MiniOzoneClusterImpl-d6ca620c-cb63-484f-a581-7c0900b96a5f/datanode-3/data/ratis] (custom)
2019-09-26 17:03:51,764 [pool-57-thread-1] INFO  storage.RaftStorageDirectory (RaftStorageDirectory.java:analyzeStorage(246)) - The storage directory /workdir/hadoop-ozone/integration-test/target/test-dir/MiniOzoneClusterImpl-d6ca620c-cb63-484f-a581-7c0900b96a5f/datanode-3/data/ratis/839d61d9-5495-4bef-a29e-399d1f29a66b does not exist. Creating ...
2019-09-26 17:03:51,775 [pool-87-thread-1] INFO  storage.RaftStorageDirectory (RaftStorageDirectory.java:tryLock(328)) - Lock on /workdir/hadoop-ozone/integration-test/target/test-dir/MiniOzoneClusterImpl-d6ca620c-cb63-484f-a581-7c0900b96a5f/datanode-6/data/ratis/839d61d9-5495-4bef-a29e-399d1f29a66b/in_use.lock acquired by nodename 14337@pr-hdds-2162-htzpk-1451759861
2019-09-26 17:03:51,775 [pool-57-thread-1] INFO  storage.RaftStorageDirectory (RaftStorageDirectory.java:tryLock(328)) - Lock on /workdir/hadoop-ozone/integration-test/target/test-dir/MiniOzoneClusterImpl-d6ca620c-cb63-484f-a581-7c0900b96a5f/datanode-3/data/ratis/839d61d9-5495-4bef-a29e-399d1f29a66b/in_use.lock acquired by nodename 14337@pr-hdds-2162-htzpk-1451759861
2019-09-26 17:03:51,775 [pool-77-thread-1] INFO  storage.RaftStorageDirectory (RaftStorageDirectory.java:tryLock(328)) - Lock on /workdir/hadoop-ozone/integration-test/target/test-dir/MiniOzoneClusterImpl-d6ca620c-cb63-484f-a581-7c0900b96a5f/datanode-5/data/ratis/839d61d9-5495-4bef-a29e-399d1f29a66b/in_use.lock acquired by nodename 14337@pr-hdds-2162-htzpk-1451759861
2019-09-26 17:03:51,789 [pool-87-thread-1] INFO  storage.RaftStorage (RaftStorage.java:format(72)) - Storage directory /workdir/hadoop-ozone/integration-test/target/test-dir/MiniOzoneClusterImpl-d6ca620c-cb63-484f-a581-7c0900b96a5f/datanode-6/data/ratis/839d61d9-5495-4bef-a29e-399d1f29a66b has been successfully formatted.
2019-09-26 17:03:51,789 [pool-57-thread-1] INFO  storage.RaftStorage (RaftStorage.java:format(72)) - Storage directory /workdir/hadoop-ozone/integration-test/target/test-dir/MiniOzoneClusterImpl-d6ca620c-cb63-484f-a581-7c0900b96a5f/datanode-3/data/ratis/839d61d9-5495-4bef-a29e-399d1f29a66b has been successfully formatted.
2019-09-26 17:03:51,789 [pool-77-thread-1] INFO  storage.RaftStorage (RaftStorage.java:format(72)) - Storage directory /workdir/hadoop-ozone/integration-test/target/test-dir/MiniOzoneClusterImpl-d6ca620c-cb63-484f-a581-7c0900b96a5f/datanode-5/data/ratis/839d61d9-5495-4bef-a29e-399d1f29a66b has been successfully formatted.
2019-09-26 17:03:51,789 [pool-57-thread-1] INFO  ratis.ContainerStateMachine (ContainerStateMachine.java:loadSnapshot(230)) - group-399D1F29A66B: The snapshot info is null. Setting the last applied indexto:(t:0, i:~)
2019-09-26 17:03:51,789 [pool-87-thread-1] INFO  ratis.ContainerStateMachine (ContainerStateMachine.java:loadSnapshot(230)) - group-399D1F29A66B: The snapshot info is null. Setting the last applied indexto:(t:0, i:~)
2019-09-26 17:03:51,790 [pool-57-thread-1] INFO  server.RaftServerConfigKeys (ConfUtils.java:logGet(43)) - raft.server.notification.no-leader.timeout = 120s (custom)
2019-09-26 17:03:51,790 [pool-77-thread-1] INFO  ratis.ContainerStateMachine (ContainerStateMachine.java:loadSnapshot(230)) - group-399D1F29A66B: The snapshot info is null. Setting the last applied indexto:(t:0, i:~)
2019-09-26 17:03:51,790 [pool-57-thread-1] INFO  server.RaftServerConfigKeys (ConfUtils.java:logGet(43)) - raft.server.log.use.memory = false (default)
2019-09-26 17:03:51,790 [pool-87-thread-1] INFO  server.RaftServerConfigKeys (ConfUtils.java:logGet(43)) - raft.server.notification.no-leader.timeout = 120s (custom)
2019-09-26 17:03:51,790 [pool-57-thread-1] INFO  server.RaftServerConfigKeys (ConfUtils.java:logGet(43)) - raft.server.log.purge.gap = 1000000 (custom)
2019-09-26 17:03:51,790 [pool-77-thread-1] INFO  server.RaftServerConfigKeys (ConfUtils.java:logGet(43)) - raft.server.notification.no-leader.timeout = 120s (custom)
2019-09-26 17:03:51,790 [pool-57-thread-1] INFO  server.RaftServerConfigKeys (ConfUtils.java:logGet(43)) - raft.server.log.appender.buffer.byte-limit = 33554432 (custom)
2019-09-26 17:03:51,790 [pool-87-thread-1] INFO  server.RaftServerConfigKeys (ConfUtils.java:logGet(43)) - raft.server.log.use.memory = false (default)
2019-09-26 17:03:51,791 [pool-57-thread-1] INFO  server.RaftServerConfigKeys (ConfUtils.java:logGet(43)) - raft.server.log.segment.size.max = 1048576 (custom)
2019-09-26 17:03:51,790 [pool-77-thread-1] INFO  server.RaftServerConfigKeys (ConfUtils.java:logGet(43)) - raft.server.log.use.memory = false (default)
2019-09-26 17:03:51,791 [pool-57-thread-1] INFO  server.RaftServerConfigKeys (ConfUtils.java:logGet(43)) - raft.server.log.segment.cache.num.max = 2 (custom)
2019-09-26 17:03:51,791 [pool-87-thread-1] INFO  server.RaftServerConfigKeys (ConfUtils.java:logGet(43)) - raft.server.log.purge.gap = 1000000 (custom)
2019-09-26 17:03:51,791 [pool-57-thread-1] INFO  segmented.SegmentedRaftLogWorker (SegmentedRaftLogWorker.java:<init>(172)) - new 0f6d0b51-49f2-46fd-a2f3-d041b41eab5c@group-399D1F29A66B-SegmentedRaftLogWorker for RaftStorage:Storage Directory /workdir/hadoop-ozone/integration-test/target/test-dir/MiniOzoneClusterImpl-d6ca620c-cb63-484f-a581-7c0900b96a5f/datanode-3/data/ratis/839d61d9-5495-4bef-a29e-399d1f29a66b
2019-09-26 17:03:51,791 [pool-77-thread-1] INFO  server.RaftServerConfigKeys (ConfUtils.java:logGet(43)) - raft.server.log.purge.gap = 1000000 (custom)
2019-09-26 17:03:51,791 [pool-57-thread-1] INFO  server.RaftServerConfigKeys (ConfUtils.java:logGet(43)) - raft.server.log.queue.byte-limit = 2147483647 (custom)
2019-09-26 17:03:51,791 [pool-87-thread-1] INFO  server.RaftServerConfigKeys (ConfUtils.java:logGet(43)) - raft.server.log.appender.buffer.byte-limit = 33554432 (custom)
2019-09-26 17:03:51,791 [pool-57-thread-1] INFO  server.RaftServerConfigKeys (ConfUtils.java:logGet(43)) - raft.server.log.queue.element-limit = 1024 (custom)
2019-09-26 17:03:51,791 [pool-77-thread-1] INFO  server.RaftServerConfigKeys (ConfUtils.java:logGet(43)) - raft.server.log.appender.buffer.byte-limit = 33554432 (custom)
2019-09-26 17:03:51,792 [pool-57-thread-1] INFO  server.RaftServerConfigKeys (ConfUtils.java:logGet(43)) - raft.server.log.segment.size.max = 1048576 (custom)
2019-09-26 17:03:51,792 [pool-87-thread-1] INFO  server.RaftServerConfigKeys (ConfUtils.java:logGet(43)) - raft.server.log.segment.size.max = 1048576 (custom)
2019-09-26 17:03:51,792 [pool-57-thread-1] INFO  server.RaftServerConfigKeys (ConfUtils.java:logGet(43)) - raft.server.log.preallocated.size = 16384 (custom)
2019-09-26 17:03:51,792 [pool-77-thread-1] INFO  server.RaftServerConfigKeys (ConfUtils.java:logGet(43)) - raft.server.log.segment.size.max = 1048576 (custom)
2019-09-26 17:03:51,792 [pool-57-thread-1] INFO  server.RaftServerConfigKeys (ConfUtils.java:logGet(43)) - raft.server.log.write.buffer.size = 33554432 (custom)
2019-09-26 17:03:51,792 [pool-87-thread-1] INFO  server.RaftServerConfigKeys (ConfUtils.java:logGet(43)) - raft.server.log.segment.cache.num.max = 2 (custom)
2019-09-26 17:03:51,792 [pool-57-thread-1] INFO  server.RaftServerConfigKeys (ConfUtils.java:logGet(43)) - raft.server.log.force.sync.num = 128 (default)
2019-09-26 17:03:51,792 [pool-77-thread-1] INFO  server.RaftServerConfigKeys (ConfUtils.java:logGet(43)) - raft.server.log.segment.cache.num.max = 2 (custom)
2019-09-26 17:03:51,792 [pool-57-thread-1] INFO  server.RaftServerConfigKeys (ConfUtils.java:logGet(43)) - raft.server.log.statemachine.data.sync = true (default)
2019-09-26 17:03:51,792 [pool-87-thread-1] INFO  segmented.SegmentedRaftLogWorker (SegmentedRaftLogWorker.java:<init>(172)) - new c9877585-f333-4492-aed4-861a77134c16@group-399D1F29A66B-SegmentedRaftLogWorker for RaftStorage:Storage Directory /workdir/hadoop-ozone/integration-test/target/test-dir/MiniOzoneClusterImpl-d6ca620c-cb63-484f-a581-7c0900b96a5f/datanode-6/data/ratis/839d61d9-5495-4bef-a29e-399d1f29a66b
2019-09-26 17:03:51,793 [pool-57-thread-1] INFO  server.RaftServerConfigKeys (ConfUtils.java:logGet(43)) - raft.server.log.statemachine.data.sync.timeout = 10s (default)
2019-09-26 17:03:51,793 [pool-77-thread-1] INFO  segmented.SegmentedRaftLogWorker (SegmentedRaftLogWorker.java:<init>(172)) - new ef5a9ab0-e109-4aa9-899d-c34ee583d2de@group-399D1F29A66B-SegmentedRaftLogWorker for RaftStorage:Storage Directory /workdir/hadoop-ozone/integration-test/target/test-dir/MiniOzoneClusterImpl-d6ca620c-cb63-484f-a581-7c0900b96a5f/datanode-5/data/ratis/839d61d9-5495-4bef-a29e-399d1f29a66b
2019-09-26 17:03:51,793 [pool-57-thread-1] INFO  server.RaftServerConfigKeys (ConfUtils.java:logGet(43)) - raft.server.log.statemachine.data.sync.timeout.retry = -1 (default)
2019-09-26 17:03:51,793 [pool-87-thread-1] INFO  server.RaftServerConfigKeys (ConfUtils.java:logGet(43)) - raft.server.log.queue.byte-limit = 2147483647 (custom)
2019-09-26 17:03:51,793 [pool-57-thread-1] INFO  server.RaftServerConfigKeys (ConfUtils.java:logGet(43)) - raft.server.log.statemachine.data.caching.enabled = true (custom)
2019-09-26 17:03:51,793 [pool-77-thread-1] INFO  server.RaftServerConfigKeys (ConfUtils.java:logGet(43)) - raft.server.log.queue.byte-limit = 2147483647 (custom)
2019-09-26 17:03:51,793 [pool-87-thread-1] INFO  server.RaftServerConfigKeys (ConfUtils.java:logGet(43)) - raft.server.log.queue.element-limit = 1024 (custom)
2019-09-26 17:03:51,794 [pool-57-thread-1] INFO  segmented.SegmentedRaftLogWorker (SegmentedRaftLogWorker.java:lambda$new$0(132)) - 0f6d0b51-49f2-46fd-a2f3-d041b41eab5c@group-399D1F29A66B-SegmentedRaftLogWorker: flushIndex: setUnconditionally 0 -> -1
2019-09-26 17:03:51,793 [pool-77-thread-1] INFO  server.RaftServerConfigKeys (ConfUtils.java:logGet(43)) - raft.server.log.queue.element-limit = 1024 (custom)
2019-09-26 17:03:51,794 [pool-87-thread-1] INFO  server.RaftServerConfigKeys (ConfUtils.java:logGet(43)) - raft.server.log.segment.size.max = 1048576 (custom)
2019-09-26 17:03:51,794 [pool-57-thread-1] INFO  server.RaftServerConfigKeys (ConfUtils.java:logGet(43)) - raft.server.snapshot.auto.trigger.enabled = true (custom)
2019-09-26 17:03:51,794 [pool-77-thread-1] INFO  server.RaftServerConfigKeys (ConfUtils.java:logGet(43)) - raft.server.log.segment.size.max = 1048576 (custom)
2019-09-26 17:03:51,794 [pool-57-thread-1] INFO  server.RaftServerConfigKeys (ConfUtils.java:logGet(43)) - raft.server.snapshot.auto.trigger.threshold = 10000 (custom)
2019-09-26 17:03:51,794 [pool-87-thread-1] INFO  server.RaftServerConfigKeys (ConfUtils.java:logGet(43)) - raft.server.log.preallocated.size = 16384 (custom)
2019-09-26 17:03:51,794 [pool-57-thread-1] INFO  server.RaftServerConfigKeys (ConfUtils.java:logGet(43)) - raft.server.snapshot.retention.num.files = 5 (custom)
2019-09-26 17:03:51,794 [pool-77-thread-1] INFO  server.RaftServerConfigKeys (ConfUtils.java:logGet(43)) - raft.server.log.preallocated.size = 16384 (custom)
2019-09-26 17:03:51,794 [pool-87-thread-1] INFO  server.RaftServerConfigKeys (ConfUtils.java:logGet(43)) - raft.server.log.write.buffer.size = 33554432 (custom)
2019-09-26 17:03:51,795 [pool-77-thread-1] INFO  server.RaftServerConfigKeys (ConfUtils.java:logGet(43)) - raft.server.log.write.buffer.size = 33554432 (custom)
2019-09-26 17:03:51,795 [pool-57-thread-1] INFO  server.RaftServerConfigKeys (ConfUtils.java:logGet(43)) - raft.server.retrycache.expirytime = 600000ms (custom)
2019-09-26 17:03:51,795 [pool-77-thread-1] INFO  server.RaftServerConfigKeys (ConfUtils.java:logGet(43)) - raft.server.log.force.sync.num = 128 (default)
2019-09-26 17:03:51,795 [pool-87-thread-1] INFO  server.RaftServerConfigKeys (ConfUtils.java:logGet(43)) - raft.server.log.force.sync.num = 128 (default)
2019-09-26 17:03:51,795 [pool-77-thread-1] INFO  server.RaftServerConfigKeys (ConfUtils.java:logGet(43)) - raft.server.log.statemachine.data.sync = true (default)
2019-09-26 17:03:51,795 [pool-87-thread-1] INFO  server.RaftServerConfigKeys (ConfUtils.java:logGet(43)) - raft.server.log.statemachine.data.sync = true (default)
2019-09-26 17:03:51,795 [pool-77-thread-1] INFO  server.RaftServerConfigKeys (ConfUtils.java:logGet(43)) - raft.server.log.statemachine.data.sync.timeout = 10s (default)
2019-09-26 17:03:51,796 [pool-87-thread-1] INFO  server.RaftServerConfigKeys (ConfUtils.java:logGet(43)) - raft.server.log.statemachine.data.sync.timeout = 10s (default)
2019-09-26 17:03:51,796 [pool-77-thread-1] INFO  server.RaftServerConfigKeys (ConfUtils.java:logGet(43)) - raft.server.log.statemachine.data.sync.timeout.retry = -1 (default)
2019-09-26 17:03:51,796 [pool-87-thread-1] INFO  server.RaftServerConfigKeys (ConfUtils.java:logGet(43)) - raft.server.log.statemachine.data.sync.timeout.retry = -1 (default)
2019-09-26 17:03:51,796 [pool-77-thread-1] INFO  server.RaftServerConfigKeys (ConfUtils.java:logGet(43)) - raft.server.log.statemachine.data.caching.enabled = true (custom)
2019-09-26 17:03:51,796 [pool-87-thread-1] INFO  server.RaftServerConfigKeys (ConfUtils.java:logGet(43)) - raft.server.log.statemachine.data.caching.enabled = true (custom)
2019-09-26 17:03:51,796 [pool-77-thread-1] INFO  segmented.SegmentedRaftLogWorker (SegmentedRaftLogWorker.java:lambda$new$0(132)) - ef5a9ab0-e109-4aa9-899d-c34ee583d2de@group-399D1F29A66B-SegmentedRaftLogWorker: flushIndex: setUnconditionally 0 -> -1
2019-09-26 17:03:51,796 [pool-87-thread-1] INFO  segmented.SegmentedRaftLogWorker (SegmentedRaftLogWorker.java:lambda$new$0(132)) - c9877585-f333-4492-aed4-861a77134c16@group-399D1F29A66B-SegmentedRaftLogWorker: flushIndex: setUnconditionally 0 -> -1
2019-09-26 17:03:51,797 [pool-77-thread-1] INFO  server.RaftServerConfigKeys (ConfUtils.java:logGet(43)) - raft.server.snapshot.auto.trigger.enabled = true (custom)
2019-09-26 17:03:51,797 [pool-87-thread-1] INFO  server.RaftServerConfigKeys (ConfUtils.java:logGet(43)) - raft.server.snapshot.auto.trigger.enabled = true (custom)
2019-09-26 17:03:51,797 [pool-77-thread-1] INFO  server.RaftServerConfigKeys (ConfUtils.java:logGet(43)) - raft.server.snapshot.auto.trigger.threshold = 10000 (custom)
2019-09-26 17:03:51,797 [pool-87-thread-1] INFO  server.RaftServerConfigKeys (ConfUtils.java:logGet(43)) - raft.server.snapshot.auto.trigger.threshold = 10000 (custom)
2019-09-26 17:03:51,797 [pool-77-thread-1] INFO  server.RaftServerConfigKeys (ConfUtils.java:logGet(43)) - raft.server.snapshot.retention.num.files = 5 (custom)
2019-09-26 17:03:51,797 [pool-57-thread-1] INFO  impl.RaftServerImpl (RaftServerImpl.java:start(185)) - 0f6d0b51-49f2-46fd-a2f3-d041b41eab5c@group-399D1F29A66B: start as a follower, conf=-1: [ef5a9ab0-e109-4aa9-899d-c34ee583d2de:192.168.157.234:38928, 0f6d0b51-49f2-46fd-a2f3-d041b41eab5c:192.168.157.234:43173, c9877585-f333-4492-aed4-861a77134c16:192.168.157.234:36678], old=null
2019-09-26 17:03:51,797 [pool-87-thread-1] INFO  server.RaftServerConfigKeys (ConfUtils.java:logGet(43)) - raft.server.snapshot.retention.num.files = 5 (custom)
2019-09-26 17:03:51,797 [pool-57-thread-1] INFO  impl.RaftServerImpl (RaftServerImpl.java:setRole(174)) - 0f6d0b51-49f2-46fd-a2f3-d041b41eab5c@group-399D1F29A66B: changes role from      null to FOLLOWER at term 0 for startAsFollower
2019-09-26 17:03:51,797 [pool-77-thread-1] INFO  server.RaftServerConfigKeys (ConfUtils.java:logGet(43)) - raft.server.retrycache.expirytime = 600000ms (custom)
2019-09-26 17:03:51,798 [pool-57-thread-1] INFO  impl.RoleInfo (RoleInfo.java:updateAndGet(143)) - 0f6d0b51-49f2-46fd-a2f3-d041b41eab5c: start FollowerState
2019-09-26 17:03:51,798 [pool-87-thread-1] INFO  server.RaftServerConfigKeys (ConfUtils.java:logGet(43)) - raft.server.retrycache.expirytime = 600000ms (custom)
2019-09-26 17:03:51,798 [pool-57-thread-1] INFO  util.JmxRegister (JmxRegister.java:tryRegister(44)) - Successfully registered JMX Bean with object name Ratis:service=RaftServer,group=group-399D1F29A66B,id=0f6d0b51-49f2-46fd-a2f3-d041b41eab5c
2019-09-26 17:03:51,801 [pool-77-thread-1] INFO  impl.RaftServerImpl (RaftServerImpl.java:start(185)) - ef5a9ab0-e109-4aa9-899d-c34ee583d2de@group-399D1F29A66B: start as a follower, conf=-1: [ef5a9ab0-e109-4aa9-899d-c34ee583d2de:192.168.157.234:38928, 0f6d0b51-49f2-46fd-a2f3-d041b41eab5c:192.168.157.234:43173, c9877585-f333-4492-aed4-861a77134c16:192.168.157.234:36678], old=null
2019-09-26 17:03:51,801 [pool-77-thread-1] INFO  impl.RaftServerImpl (RaftServerImpl.java:setRole(174)) - ef5a9ab0-e109-4aa9-899d-c34ee583d2de@group-399D1F29A66B: changes role from      null to FOLLOWER at term 0 for startAsFollower
2019-09-26 17:03:51,801 [pool-77-thread-1] INFO  impl.RoleInfo (RoleInfo.java:updateAndGet(143)) - ef5a9ab0-e109-4aa9-899d-c34ee583d2de: start FollowerState
2019-09-26 17:03:51,810 [pool-87-thread-1] INFO  impl.RaftServerImpl (RaftServerImpl.java:start(185)) - c9877585-f333-4492-aed4-861a77134c16@group-399D1F29A66B: start as a follower, conf=-1: [ef5a9ab0-e109-4aa9-899d-c34ee583d2de:192.168.157.234:38928, 0f6d0b51-49f2-46fd-a2f3-d041b41eab5c:192.168.157.234:43173, c9877585-f333-4492-aed4-861a77134c16:192.168.157.234:36678], old=null
2019-09-26 17:03:51,810 [pool-77-thread-1] INFO  util.JmxRegister (JmxRegister.java:tryRegister(44)) - Successfully registered JMX Bean with object name Ratis:service=RaftServer,group=group-399D1F29A66B,id=ef5a9ab0-e109-4aa9-899d-c34ee583d2de
2019-09-26 17:03:51,811 [pool-87-thread-1] INFO  impl.RaftServerImpl (RaftServerImpl.java:setRole(174)) - c9877585-f333-4492-aed4-861a77134c16@group-399D1F29A66B: changes role from      null to FOLLOWER at term 0 for startAsFollower
2019-09-26 17:03:51,812 [pool-87-thread-1] INFO  impl.RoleInfo (RoleInfo.java:updateAndGet(143)) - c9877585-f333-4492-aed4-861a77134c16: start FollowerState
2019-09-26 17:03:51,812 [pool-87-thread-1] INFO  util.JmxRegister (JmxRegister.java:tryRegister(44)) - Successfully registered JMX Bean with object name Ratis:service=RaftServer,group=group-399D1F29A66B,id=c9877585-f333-4492-aed4-861a77134c16
2019-09-26 17:03:51,821 [RatisPipelineUtilsThread] INFO  pipeline.PipelineStateManager (PipelineStateManager.java:addPipeline(56)) - Created pipeline Pipeline[ Id: 839d61d9-5495-4bef-a29e-399d1f29a66b, Nodes: 0f6d0b51-49f2-46fd-a2f3-d041b41eab5c{ip: 192.168.157.234, host: pr-hdds-2162-htzpk-1451759861, networkLocation: /default-rack, certSerialId: null}ef5a9ab0-e109-4aa9-899d-c34ee583d2de{ip: 192.168.157.234, host: pr-hdds-2162-htzpk-1451759861, networkLocation: /default-rack, certSerialId: null}c9877585-f333-4492-aed4-861a77134c16{ip: 192.168.157.234, host: pr-hdds-2162-htzpk-1451759861, networkLocation: /default-rack, certSerialId: null}, Type:RATIS, Factor:THREE, State:OPEN]
2019-09-26 17:03:51,831 [Thread-288] INFO  impl.FollowerState (FollowerState.java:run(106)) - 4ac23ced-61a1-47b3-94f0-cee158ec4b70:group-428D891EE687 changes to CANDIDATE, lastRpcTime:1048, electionTimeout:1046ms
2019-09-26 17:03:51,834 [Thread-288] INFO  impl.RoleInfo (RoleInfo.java:shutdownFollowerState(121)) - 4ac23ced-61a1-47b3-94f0-cee158ec4b70: shutdown FollowerState
2019-09-26 17:03:51,834 [Thread-288] INFO  impl.RaftServerImpl (RaftServerImpl.java:setRole(174)) - 4ac23ced-61a1-47b3-94f0-cee158ec4b70@group-428D891EE687: changes role from  FOLLOWER to CANDIDATE at term 0 for changeToCandidate
2019-09-26 17:03:51,839 [Thread-288] INFO  impl.RoleInfo (RoleInfo.java:updateAndGet(143)) - 4ac23ced-61a1-47b3-94f0-cee158ec4b70: start LeaderElection
2019-09-26 17:03:51,854 [grpc-default-executor-1] INFO  impl.RaftServerProxy (RaftServerProxy.java:addNew(89)) - f1b12ba6-b33d-40de-bd74-c3916eeb1dd7: addNew group-4B656B7D57A4:[15273f9a-72e8-4ae0-8091-781d0ea9f1eb:192.168.157.234:45996, f1b12ba6-b33d-40de-bd74-c3916eeb1dd7:192.168.157.234:35140, a85e129b-8c23-4c25-ae73-7b1aedd8229e:192.168.157.234:45424] returns group-4B656B7D57A4:java.util.concurrent.CompletableFuture@2bbc640[Not completed]
2019-09-26 17:03:51,858 [grpc-default-executor-1] INFO  impl.RaftServerProxy (RaftServerProxy.java:addNew(89)) - 15273f9a-72e8-4ae0-8091-781d0ea9f1eb: addNew group-4B656B7D57A4:[15273f9a-72e8-4ae0-8091-781d0ea9f1eb:192.168.157.234:45996, f1b12ba6-b33d-40de-bd74-c3916eeb1dd7:192.168.157.234:35140, a85e129b-8c23-4c25-ae73-7b1aedd8229e:192.168.157.234:45424] returns group-4B656B7D57A4:java.util.concurrent.CompletableFuture@53d3a7ef[Not completed]
2019-09-26 17:03:51,860 [grpc-default-executor-0] INFO  impl.RaftServerProxy (RaftServerProxy.java:addNew(89)) - a85e129b-8c23-4c25-ae73-7b1aedd8229e: addNew group-4B656B7D57A4:[15273f9a-72e8-4ae0-8091-781d0ea9f1eb:192.168.157.234:45996, f1b12ba6-b33d-40de-bd74-c3916eeb1dd7:192.168.157.234:35140, a85e129b-8c23-4c25-ae73-7b1aedd8229e:192.168.157.234:45424] returns group-4B656B7D57A4:java.util.concurrent.CompletableFuture@441d5d5e[Not completed]
2019-09-26 17:03:51,861 [pool-37-thread-1] INFO  impl.RaftServerImpl (RaftServerImpl.java:<init>(95)) - f1b12ba6-b33d-40de-bd74-c3916eeb1dd7: new RaftServerImpl for group-4B656B7D57A4:[15273f9a-72e8-4ae0-8091-781d0ea9f1eb:192.168.157.234:45996, f1b12ba6-b33d-40de-bd74-c3916eeb1dd7:192.168.157.234:35140, a85e129b-8c23-4c25-ae73-7b1aedd8229e:192.168.157.234:45424] with ContainerStateMachine:uninitialized
2019-09-26 17:03:51,861 [pool-37-thread-1] INFO  server.RaftServerConfigKeys (ConfUtils.java:logGet(43)) - raft.server.rpc.timeout.min = 1s (custom)
2019-09-26 17:03:51,861 [pool-37-thread-1] INFO  server.RaftServerConfigKeys (ConfUtils.java:logGet(43)) - raft.server.rpc.timeout.max = 1200ms (custom)
2019-09-26 17:03:51,862 [pool-117-thread-1] INFO  impl.RaftServerImpl (RaftServerImpl.java:<init>(95)) - a85e129b-8c23-4c25-ae73-7b1aedd8229e: new RaftServerImpl for group-4B656B7D57A4:[15273f9a-72e8-4ae0-8091-781d0ea9f1eb:192.168.157.234:45996, f1b12ba6-b33d-40de-bd74-c3916eeb1dd7:192.168.157.234:35140, a85e129b-8c23-4c25-ae73-7b1aedd8229e:192.168.157.234:45424] with ContainerStateMachine:uninitialized
2019-09-26 17:03:51,862 [pool-37-thread-1] INFO  server.RaftServerConfigKeys (ConfUtils.java:logGet(43)) - raft.server.rpcslowness.timeout = 120s (custom)
2019-09-26 17:03:51,862 [pool-117-thread-1] INFO  server.RaftServerConfigKeys (ConfUtils.java:logGet(43)) - raft.server.rpc.timeout.min = 1s (custom)
2019-09-26 17:03:51,862 [pool-37-thread-1] INFO  server.RaftServerConfigKeys (ConfUtils.java:logGet(43)) - raft.server.sleep.deviation.threshold = 300 (default)
2019-09-26 17:03:51,862 [pool-117-thread-1] INFO  server.RaftServerConfigKeys (ConfUtils.java:logGet(43)) - raft.server.rpc.timeout.max = 1200ms (custom)
2019-09-26 17:03:51,862 [pool-37-thread-1] INFO  server.RaftServerConfigKeys (ConfUtils.java:logGet(43)) - raft.server.log.appender.install.snapshot.enabled = false (custom)
2019-09-26 17:03:51,862 [pool-117-thread-1] INFO  server.RaftServerConfigKeys (ConfUtils.java:logGet(43)) - raft.server.rpcslowness.timeout = 120s (custom)
2019-09-26 17:03:51,862 [pool-37-thread-1] INFO  impl.RaftServerImpl (ServerState.java:<init>(103)) - f1b12ba6-b33d-40de-bd74-c3916eeb1dd7@group-4B656B7D57A4: ConfigurationManager, init=-1: [15273f9a-72e8-4ae0-8091-781d0ea9f1eb:192.168.157.234:45996, f1b12ba6-b33d-40de-bd74-c3916eeb1dd7:192.168.157.234:35140, a85e129b-8c23-4c25-ae73-7b1aedd8229e:192.168.157.234:45424], old=null, confs=<EMPTY_MAP>
2019-09-26 17:03:51,862 [pool-117-thread-1] INFO  server.RaftServerConfigKeys (ConfUtils.java:logGet(43)) - raft.server.sleep.deviation.threshold = 300 (default)
2019-09-26 17:03:51,862 [pool-117-thread-1] INFO  server.RaftServerConfigKeys (ConfUtils.java:logGet(43)) - raft.server.log.appender.install.snapshot.enabled = false (custom)
2019-09-26 17:03:51,862 [pool-37-thread-1] INFO  server.RaftServerConfigKeys (ConfUtils.java:logGet(43)) - raft.server.storage.dir = [/workdir/hadoop-ozone/integration-test/target/test-dir/MiniOzoneClusterImpl-d6ca620c-cb63-484f-a581-7c0900b96a5f/datanode-1/data/ratis] (custom)
2019-09-26 17:03:51,863 [pool-117-thread-1] INFO  impl.RaftServerImpl (ServerState.java:<init>(103)) - a85e129b-8c23-4c25-ae73-7b1aedd8229e@group-4B656B7D57A4: ConfigurationManager, init=-1: [15273f9a-72e8-4ae0-8091-781d0ea9f1eb:192.168.157.234:45996, f1b12ba6-b33d-40de-bd74-c3916eeb1dd7:192.168.157.234:35140, a85e129b-8c23-4c25-ae73-7b1aedd8229e:192.168.157.234:45424], old=null, confs=<EMPTY_MAP>
2019-09-26 17:03:51,862 [pool-47-thread-1] INFO  impl.RaftServerImpl (RaftServerImpl.java:<init>(95)) - 15273f9a-72e8-4ae0-8091-781d0ea9f1eb: new RaftServerImpl for group-4B656B7D57A4:[15273f9a-72e8-4ae0-8091-781d0ea9f1eb:192.168.157.234:45996, f1b12ba6-b33d-40de-bd74-c3916eeb1dd7:192.168.157.234:35140, a85e129b-8c23-4c25-ae73-7b1aedd8229e:192.168.157.234:45424] with ContainerStateMachine:uninitialized
2019-09-26 17:03:51,863 [pool-117-thread-1] INFO  server.RaftServerConfigKeys (ConfUtils.java:logGet(43)) - raft.server.storage.dir = [/workdir/hadoop-ozone/integration-test/target/test-dir/MiniOzoneClusterImpl-d6ca620c-cb63-484f-a581-7c0900b96a5f/datanode-9/data/ratis] (custom)
2019-09-26 17:03:51,863 [pool-47-thread-1] INFO  server.RaftServerConfigKeys (ConfUtils.java:logGet(43)) - raft.server.rpc.timeout.min = 1s (custom)
2019-09-26 17:03:51,863 [pool-37-thread-1] INFO  storage.RaftStorageDirectory (RaftStorageDirectory.java:analyzeStorage(246)) - The storage directory /workdir/hadoop-ozone/integration-test/target/test-dir/MiniOzoneClusterImpl-d6ca620c-cb63-484f-a581-7c0900b96a5f/datanode-1/data/ratis/edc1dd97-b3da-45b4-a97d-4b656b7d57a4 does not exist. Creating ...
2019-09-26 17:03:51,863 [pool-117-thread-1] INFO  storage.RaftStorageDirectory (RaftStorageDirectory.java:analyzeStorage(246)) - The storage directory /workdir/hadoop-ozone/integration-test/target/test-dir/MiniOzoneClusterImpl-d6ca620c-cb63-484f-a581-7c0900b96a5f/datanode-9/data/ratis/edc1dd97-b3da-45b4-a97d-4b656b7d57a4 does not exist. Creating ...
2019-09-26 17:03:51,863 [pool-47-thread-1] INFO  server.RaftServerConfigKeys (ConfUtils.java:logGet(43)) - raft.server.rpc.timeout.max = 1200ms (custom)
2019-09-26 17:03:51,863 [pool-47-thread-1] INFO  server.RaftServerConfigKeys (ConfUtils.java:logGet(43)) - raft.server.rpcslowness.timeout = 120s (custom)
2019-09-26 17:03:51,864 [pool-47-thread-1] INFO  server.RaftServerConfigKeys (ConfUtils.java:logGet(43)) - raft.server.sleep.deviation.threshold = 300 (default)
2019-09-26 17:03:51,864 [pool-47-thread-1] INFO  server.RaftServerConfigKeys (ConfUtils.java:logGet(43)) - raft.server.log.appender.install.snapshot.enabled = false (custom)
2019-09-26 17:03:51,864 [pool-47-thread-1] INFO  impl.RaftServerImpl (ServerState.java:<init>(103)) - 15273f9a-72e8-4ae0-8091-781d0ea9f1eb@group-4B656B7D57A4: ConfigurationManager, init=-1: [15273f9a-72e8-4ae0-8091-781d0ea9f1eb:192.168.157.234:45996, f1b12ba6-b33d-40de-bd74-c3916eeb1dd7:192.168.157.234:35140, a85e129b-8c23-4c25-ae73-7b1aedd8229e:192.168.157.234:45424], old=null, confs=<EMPTY_MAP>
2019-09-26 17:03:51,864 [pool-47-thread-1] INFO  server.RaftServerConfigKeys (ConfUtils.java:logGet(43)) - raft.server.storage.dir = [/workdir/hadoop-ozone/integration-test/target/test-dir/MiniOzoneClusterImpl-d6ca620c-cb63-484f-a581-7c0900b96a5f/datanode-2/data/ratis] (custom)
2019-09-26 17:03:51,866 [pool-47-thread-1] INFO  storage.RaftStorageDirectory (RaftStorageDirectory.java:analyzeStorage(246)) - The storage directory /workdir/hadoop-ozone/integration-test/target/test-dir/MiniOzoneClusterImpl-d6ca620c-cb63-484f-a581-7c0900b96a5f/datanode-2/data/ratis/edc1dd97-b3da-45b4-a97d-4b656b7d57a4 does not exist. Creating ...
2019-09-26 17:03:51,866 [pool-37-thread-1] INFO  storage.RaftStorageDirectory (RaftStorageDirectory.java:tryLock(328)) - Lock on /workdir/hadoop-ozone/integration-test/target/test-dir/MiniOzoneClusterImpl-d6ca620c-cb63-484f-a581-7c0900b96a5f/datanode-1/data/ratis/edc1dd97-b3da-45b4-a97d-4b656b7d57a4/in_use.lock acquired by nodename 14337@pr-hdds-2162-htzpk-1451759861
2019-09-26 17:03:51,866 [pool-117-thread-1] INFO  storage.RaftStorageDirectory (RaftStorageDirectory.java:tryLock(328)) - Lock on /workdir/hadoop-ozone/integration-test/target/test-dir/MiniOzoneClusterImpl-d6ca620c-cb63-484f-a581-7c0900b96a5f/datanode-9/data/ratis/edc1dd97-b3da-45b4-a97d-4b656b7d57a4/in_use.lock acquired by nodename 14337@pr-hdds-2162-htzpk-1451759861
2019-09-26 17:03:51,867 [4ac23ced-61a1-47b3-94f0-cee158ec4b70@group-428D891EE687:LeaderElection2] INFO  impl.LeaderElection (LeaderElection.java:askForVotes(182)) - 4ac23ced-61a1-47b3-94f0-cee158ec4b70@group-428D891EE687:LeaderElection2: begin an election at term 1 for -1: [4ac23ced-61a1-47b3-94f0-cee158ec4b70:192.168.157.234:37118], old=null
2019-09-26 17:03:51,868 [4ac23ced-61a1-47b3-94f0-cee158ec4b70@group-428D891EE687:LeaderElection2] INFO  impl.RoleInfo (RoleInfo.java:shutdownLeaderElection(134)) - 4ac23ced-61a1-47b3-94f0-cee158ec4b70: shutdown LeaderElection
2019-09-26 17:03:51,869 [4ac23ced-61a1-47b3-94f0-cee158ec4b70@group-428D891EE687:LeaderElection2] INFO  impl.RaftServerImpl (RaftServerImpl.java:setRole(174)) - 4ac23ced-61a1-47b3-94f0-cee158ec4b70@group-428D891EE687: changes role from CANDIDATE to LEADER at term 1 for changeToLeader
2019-09-26 17:03:51,869 [4ac23ced-61a1-47b3-94f0-cee158ec4b70@group-428D891EE687:LeaderElection2] INFO  impl.RaftServerImpl (ServerState.java:setLeader(253)) - 4ac23ced-61a1-47b3-94f0-cee158ec4b70@group-428D891EE687: change Leader from null to 4ac23ced-61a1-47b3-94f0-cee158ec4b70 at term 1 for becomeLeader, leader elected after 1103ms
2019-09-26 17:03:51,869 [4ac23ced-61a1-47b3-94f0-cee158ec4b70@group-428D891EE687:LeaderElection2] INFO  server.RaftServerConfigKeys (ConfUtils.java:logGet(43)) - raft.server.staging.catchup.gap = 1000 (default)
2019-09-26 17:03:51,869 [4ac23ced-61a1-47b3-94f0-cee158ec4b70@group-428D891EE687:LeaderElection2] INFO  server.RaftServerConfigKeys (ConfUtils.java:logGet(43)) - raft.server.rpc.sleep.time = 25ms (default)
2019-09-26 17:03:51,869 [4ac23ced-61a1-47b3-94f0-cee158ec4b70@group-428D891EE687:LeaderElection2] INFO  server.RaftServerConfigKeys (ConfUtils.java:logGet(43)) - raft.server.write.element-limit = 4096 (default)
2019-09-26 17:03:51,869 [4ac23ced-61a1-47b3-94f0-cee158ec4b70@group-428D891EE687:LeaderElection2] INFO  server.RaftServerConfigKeys (ConfUtils.java:logGet(43)) - raft.server.watch.timeout = 10s (default)
2019-09-26 17:03:51,869 [4ac23ced-61a1-47b3-94f0-cee158ec4b70@group-428D891EE687:LeaderElection2] INFO  server.RaftServerConfigKeys (ConfUtils.java:logGet(43)) - raft.server.watch.timeout.denomination = 1s (default)
2019-09-26 17:03:51,869 [4ac23ced-61a1-47b3-94f0-cee158ec4b70@group-428D891EE687:LeaderElection2] INFO  server.RaftServerConfigKeys (ConfUtils.java:logGet(43)) - raft.server.watch.element-limit = 65536 (default)
2019-09-26 17:03:51,872 [4ac23ced-61a1-47b3-94f0-cee158ec4b70@group-428D891EE687:LeaderElection2] INFO  impl.RoleInfo (RoleInfo.java:updateAndGet(143)) - 4ac23ced-61a1-47b3-94f0-cee158ec4b70: start LeaderState
2019-09-26 17:03:51,872 [4ac23ced-61a1-47b3-94f0-cee158ec4b70@group-428D891EE687:LeaderElection2] INFO  segmented.SegmentedRaftLogWorker (SegmentedRaftLogWorker.java:startLogSegment(380)) - 4ac23ced-61a1-47b3-94f0-cee158ec4b70@group-428D891EE687-SegmentedRaftLogWorker: Starting segment from index:0
2019-09-26 17:03:51,872 [4ac23ced-61a1-47b3-94f0-cee158ec4b70@group-428D891EE687:LeaderElection2] INFO  impl.RaftServerImpl (ServerState.java:setRaftConf(354)) - 4ac23ced-61a1-47b3-94f0-cee158ec4b70@group-428D891EE687: set configuration 0: [4ac23ced-61a1-47b3-94f0-cee158ec4b70:192.168.157.234:37118], old=null at 0
2019-09-26 17:03:51,881 [pool-47-thread-1] INFO  storage.RaftStorageDirectory (RaftStorageDirectory.java:tryLock(328)) - Lock on /workdir/hadoop-ozone/integration-test/target/test-dir/MiniOzoneClusterImpl-d6ca620c-cb63-484f-a581-7c0900b96a5f/datanode-2/data/ratis/edc1dd97-b3da-45b4-a97d-4b656b7d57a4/in_use.lock acquired by nodename 14337@pr-hdds-2162-htzpk-1451759861
2019-09-26 17:03:51,881 [pool-37-thread-1] INFO  storage.RaftStorage (RaftStorage.java:format(72)) - Storage directory /workdir/hadoop-ozone/integration-test/target/test-dir/MiniOzoneClusterImpl-d6ca620c-cb63-484f-a581-7c0900b96a5f/datanode-1/data/ratis/edc1dd97-b3da-45b4-a97d-4b656b7d57a4 has been successfully formatted.
2019-09-26 17:03:51,881 [pool-117-thread-1] INFO  storage.RaftStorage (RaftStorage.java:format(72)) - Storage directory /workdir/hadoop-ozone/integration-test/target/test-dir/MiniOzoneClusterImpl-d6ca620c-cb63-484f-a581-7c0900b96a5f/datanode-9/data/ratis/edc1dd97-b3da-45b4-a97d-4b656b7d57a4 has been successfully formatted.
2019-09-26 17:03:51,882 [pool-37-thread-1] INFO  ratis.ContainerStateMachine (ContainerStateMachine.java:loadSnapshot(230)) - group-4B656B7D57A4: The snapshot info is null. Setting the last applied indexto:(t:0, i:~)
2019-09-26 17:03:51,882 [pool-117-thread-1] INFO  ratis.ContainerStateMachine (ContainerStateMachine.java:loadSnapshot(230)) - group-4B656B7D57A4: The snapshot info is null. Setting the last applied indexto:(t:0, i:~)
2019-09-26 17:03:51,882 [pool-37-thread-1] INFO  server.RaftServerConfigKeys (ConfUtils.java:logGet(43)) - raft.server.notification.no-leader.timeout = 120s (custom)
2019-09-26 17:03:51,882 [pool-117-thread-1] INFO  server.RaftServerConfigKeys (ConfUtils.java:logGet(43)) - raft.server.notification.no-leader.timeout = 120s (custom)
2019-09-26 17:03:51,882 [pool-37-thread-1] INFO  server.RaftServerConfigKeys (ConfUtils.java:logGet(43)) - raft.server.log.use.memory = false (default)
2019-09-26 17:03:51,882 [pool-117-thread-1] INFO  server.RaftServerConfigKeys (ConfUtils.java:logGet(43)) - raft.server.log.use.memory = false (default)
2019-09-26 17:03:51,882 [pool-37-thread-1] INFO  server.RaftServerConfigKeys (ConfUtils.java:logGet(43)) - raft.server.log.purge.gap = 1000000 (custom)
2019-09-26 17:03:51,883 [pool-117-thread-1] INFO  server.RaftServerConfigKeys (ConfUtils.java:logGet(43)) - raft.server.log.purge.gap = 1000000 (custom)
2019-09-26 17:03:51,883 [pool-37-thread-1] INFO  server.RaftServerConfigKeys (ConfUtils.java:logGet(43)) - raft.server.log.appender.buffer.byte-limit = 33554432 (custom)
2019-09-26 17:03:51,883 [pool-117-thread-1] INFO  server.RaftServerConfigKeys (ConfUtils.java:logGet(43)) - raft.server.log.appender.buffer.byte-limit = 33554432 (custom)
2019-09-26 17:03:51,883 [pool-37-thread-1] INFO  server.RaftServerConfigKeys (ConfUtils.java:logGet(43)) - raft.server.log.segment.size.max = 1048576 (custom)
2019-09-26 17:03:51,883 [pool-117-thread-1] INFO  server.RaftServerConfigKeys (ConfUtils.java:logGet(43)) - raft.server.log.segment.size.max = 1048576 (custom)
2019-09-26 17:03:51,883 [pool-37-thread-1] INFO  server.RaftServerConfigKeys (ConfUtils.java:logGet(43)) - raft.server.log.segment.cache.num.max = 2 (custom)
2019-09-26 17:03:51,883 [pool-117-thread-1] INFO  server.RaftServerConfigKeys (ConfUtils.java:logGet(43)) - raft.server.log.segment.cache.num.max = 2 (custom)
2019-09-26 17:03:51,883 [pool-37-thread-1] INFO  segmented.SegmentedRaftLogWorker (SegmentedRaftLogWorker.java:<init>(172)) - new f1b12ba6-b33d-40de-bd74-c3916eeb1dd7@group-4B656B7D57A4-SegmentedRaftLogWorker for RaftStorage:Storage Directory /workdir/hadoop-ozone/integration-test/target/test-dir/MiniOzoneClusterImpl-d6ca620c-cb63-484f-a581-7c0900b96a5f/datanode-1/data/ratis/edc1dd97-b3da-45b4-a97d-4b656b7d57a4
2019-09-26 17:03:51,883 [pool-117-thread-1] INFO  segmented.SegmentedRaftLogWorker (SegmentedRaftLogWorker.java:<init>(172)) - new a85e129b-8c23-4c25-ae73-7b1aedd8229e@group-4B656B7D57A4-SegmentedRaftLogWorker for RaftStorage:Storage Directory /workdir/hadoop-ozone/integration-test/target/test-dir/MiniOzoneClusterImpl-d6ca620c-cb63-484f-a581-7c0900b96a5f/datanode-9/data/ratis/edc1dd97-b3da-45b4-a97d-4b656b7d57a4
2019-09-26 17:03:51,883 [pool-37-thread-1] INFO  server.RaftServerConfigKeys (ConfUtils.java:logGet(43)) - raft.server.log.queue.byte-limit = 2147483647 (custom)
2019-09-26 17:03:51,883 [pool-117-thread-1] INFO  server.RaftServerConfigKeys (ConfUtils.java:logGet(43)) - raft.server.log.queue.byte-limit = 2147483647 (custom)
2019-09-26 17:03:51,883 [pool-37-thread-1] INFO  server.RaftServerConfigKeys (ConfUtils.java:logGet(43)) - raft.server.log.queue.element-limit = 1024 (custom)
2019-09-26 17:03:51,884 [pool-117-thread-1] INFO  server.RaftServerConfigKeys (ConfUtils.java:logGet(43)) - raft.server.log.queue.element-limit = 1024 (custom)
2019-09-26 17:03:51,884 [pool-37-thread-1] INFO  server.RaftServerConfigKeys (ConfUtils.java:logGet(43)) - raft.server.log.segment.size.max = 1048576 (custom)
2019-09-26 17:03:51,884 [pool-117-thread-1] INFO  server.RaftServerConfigKeys (ConfUtils.java:logGet(43)) - raft.server.log.segment.size.max = 1048576 (custom)
2019-09-26 17:03:51,884 [pool-37-thread-1] INFO  server.RaftServerConfigKeys (ConfUtils.java:logGet(43)) - raft.server.log.preallocated.size = 16384 (custom)
2019-09-26 17:03:51,884 [pool-117-thread-1] INFO  server.RaftServerConfigKeys (ConfUtils.java:logGet(43)) - raft.server.log.preallocated.size = 16384 (custom)
2019-09-26 17:03:51,884 [pool-37-thread-1] INFO  server.RaftServerConfigKeys (ConfUtils.java:logGet(43)) - raft.server.log.write.buffer.size = 33554432 (custom)
2019-09-26 17:03:51,884 [pool-117-thread-1] INFO  server.RaftServerConfigKeys (ConfUtils.java:logGet(43)) - raft.server.log.write.buffer.size = 33554432 (custom)
2019-09-26 17:03:51,884 [pool-37-thread-1] INFO  server.RaftServerConfigKeys (ConfUtils.java:logGet(43)) - raft.server.log.force.sync.num = 128 (default)
2019-09-26 17:03:51,884 [pool-117-thread-1] INFO  server.RaftServerConfigKeys (ConfUtils.java:logGet(43)) - raft.server.log.force.sync.num = 128 (default)
2019-09-26 17:03:51,884 [pool-37-thread-1] INFO  server.RaftServerConfigKeys (ConfUtils.java:logGet(43)) - raft.server.log.statemachine.data.sync = true (default)
2019-09-26 17:03:51,884 [pool-117-thread-1] INFO  server.RaftServerConfigKeys (ConfUtils.java:logGet(43)) - raft.server.log.statemachine.data.sync = true (default)
2019-09-26 17:03:51,885 [pool-37-thread-1] INFO  server.RaftServerConfigKeys (ConfUtils.java:logGet(43)) - raft.server.log.statemachine.data.sync.timeout = 10s (default)
2019-09-26 17:03:51,885 [pool-117-thread-1] INFO  server.RaftServerConfigKeys (ConfUtils.java:logGet(43)) - raft.server.log.statemachine.data.sync.timeout = 10s (default)
2019-09-26 17:03:51,885 [pool-37-thread-1] INFO  server.RaftServerConfigKeys (ConfUtils.java:logGet(43)) - raft.server.log.statemachine.data.sync.timeout.retry = -1 (default)
2019-09-26 17:03:51,885 [pool-117-thread-1] INFO  server.RaftServerConfigKeys (ConfUtils.java:logGet(43)) - raft.server.log.statemachine.data.sync.timeout.retry = -1 (default)
2019-09-26 17:03:51,885 [pool-37-thread-1] INFO  server.RaftServerConfigKeys (ConfUtils.java:logGet(43)) - raft.server.log.statemachine.data.caching.enabled = true (custom)
2019-09-26 17:03:51,885 [pool-117-thread-1] INFO  server.RaftServerConfigKeys (ConfUtils.java:logGet(43)) - raft.server.log.statemachine.data.caching.enabled = true (custom)
2019-09-26 17:03:51,885 [pool-37-thread-1] INFO  segmented.SegmentedRaftLogWorker (SegmentedRaftLogWorker.java:lambda$new$0(132)) - f1b12ba6-b33d-40de-bd74-c3916eeb1dd7@group-4B656B7D57A4-SegmentedRaftLogWorker: flushIndex: setUnconditionally 0 -> -1
2019-09-26 17:03:51,885 [pool-117-thread-1] INFO  segmented.SegmentedRaftLogWorker (SegmentedRaftLogWorker.java:lambda$new$0(132)) - a85e129b-8c23-4c25-ae73-7b1aedd8229e@group-4B656B7D57A4-SegmentedRaftLogWorker: flushIndex: setUnconditionally 0 -> -1
2019-09-26 17:03:51,885 [pool-37-thread-1] INFO  server.RaftServerConfigKeys (ConfUtils.java:logGet(43)) - raft.server.snapshot.auto.trigger.enabled = true (custom)
2019-09-26 17:03:51,886 [pool-117-thread-1] INFO  server.RaftServerConfigKeys (ConfUtils.java:logGet(43)) - raft.server.snapshot.auto.trigger.enabled = true (custom)
2019-09-26 17:03:51,886 [pool-37-thread-1] INFO  server.RaftServerConfigKeys (ConfUtils.java:logGet(43)) - raft.server.snapshot.auto.trigger.threshold = 10000 (custom)
2019-09-26 17:03:51,886 [pool-117-thread-1] INFO  server.RaftServerConfigKeys (ConfUtils.java:logGet(43)) - raft.server.snapshot.auto.trigger.threshold = 10000 (custom)
2019-09-26 17:03:51,886 [pool-37-thread-1] INFO  server.RaftServerConfigKeys (ConfUtils.java:logGet(43)) - raft.server.snapshot.retention.num.files = 5 (custom)
2019-09-26 17:03:51,886 [pool-117-thread-1] INFO  server.RaftServerConfigKeys (ConfUtils.java:logGet(43)) - raft.server.snapshot.retention.num.files = 5 (custom)
2019-09-26 17:03:51,886 [pool-37-thread-1] INFO  server.RaftServerConfigKeys (ConfUtils.java:logGet(43)) - raft.server.retrycache.expirytime = 600000ms (custom)
2019-09-26 17:03:51,886 [pool-117-thread-1] INFO  server.RaftServerConfigKeys (ConfUtils.java:logGet(43)) - raft.server.retrycache.expirytime = 600000ms (custom)
2019-09-26 17:03:51,888 [pool-37-thread-1] INFO  impl.RaftServerImpl (RaftServerImpl.java:start(185)) - f1b12ba6-b33d-40de-bd74-c3916eeb1dd7@group-4B656B7D57A4: start as a follower, conf=-1: [15273f9a-72e8-4ae0-8091-781d0ea9f1eb:192.168.157.234:45996, f1b12ba6-b33d-40de-bd74-c3916eeb1dd7:192.168.157.234:35140, a85e129b-8c23-4c25-ae73-7b1aedd8229e:192.168.157.234:45424], old=null
2019-09-26 17:03:51,889 [pool-37-thread-1] INFO  impl.RaftServerImpl (RaftServerImpl.java:setRole(174)) - f1b12ba6-b33d-40de-bd74-c3916eeb1dd7@group-4B656B7D57A4: changes role from      null to FOLLOWER at term 0 for startAsFollower
2019-09-26 17:03:51,889 [pool-117-thread-1] INFO  impl.RaftServerImpl (RaftServerImpl.java:start(185)) - a85e129b-8c23-4c25-ae73-7b1aedd8229e@group-4B656B7D57A4: start as a follower, conf=-1: [15273f9a-72e8-4ae0-8091-781d0ea9f1eb:192.168.157.234:45996, f1b12ba6-b33d-40de-bd74-c3916eeb1dd7:192.168.157.234:35140, a85e129b-8c23-4c25-ae73-7b1aedd8229e:192.168.157.234:45424], old=null
2019-09-26 17:03:51,889 [pool-37-thread-1] INFO  impl.RoleInfo (RoleInfo.java:updateAndGet(143)) - f1b12ba6-b33d-40de-bd74-c3916eeb1dd7: start FollowerState
2019-09-26 17:03:51,889 [pool-117-thread-1] INFO  impl.RaftServerImpl (RaftServerImpl.java:setRole(174)) - a85e129b-8c23-4c25-ae73-7b1aedd8229e@group-4B656B7D57A4: changes role from      null to FOLLOWER at term 0 for startAsFollower
2019-09-26 17:03:51,889 [pool-117-thread-1] INFO  impl.RoleInfo (RoleInfo.java:updateAndGet(143)) - a85e129b-8c23-4c25-ae73-7b1aedd8229e: start FollowerState
2019-09-26 17:03:51,889 [pool-37-thread-1] INFO  util.JmxRegister (JmxRegister.java:tryRegister(44)) - Successfully registered JMX Bean with object name Ratis:service=RaftServer,group=group-4B656B7D57A4,id=f1b12ba6-b33d-40de-bd74-c3916eeb1dd7
2019-09-26 17:03:51,889 [pool-117-thread-1] INFO  util.JmxRegister (JmxRegister.java:tryRegister(44)) - Successfully registered JMX Bean with object name Ratis:service=RaftServer,group=group-4B656B7D57A4,id=a85e129b-8c23-4c25-ae73-7b1aedd8229e
2019-09-26 17:03:51,897 [pool-47-thread-1] INFO  storage.RaftStorage (RaftStorage.java:format(72)) - Storage directory /workdir/hadoop-ozone/integration-test/target/test-dir/MiniOzoneClusterImpl-d6ca620c-cb63-484f-a581-7c0900b96a5f/datanode-2/data/ratis/edc1dd97-b3da-45b4-a97d-4b656b7d57a4 has been successfully formatted.
2019-09-26 17:03:51,897 [pool-47-thread-1] INFO  ratis.ContainerStateMachine (ContainerStateMachine.java:loadSnapshot(230)) - group-4B656B7D57A4: The snapshot info is null. Setting the last applied indexto:(t:0, i:~)
2019-09-26 17:03:51,898 [pool-47-thread-1] INFO  server.RaftServerConfigKeys (ConfUtils.java:logGet(43)) - raft.server.notification.no-leader.timeout = 120s (custom)
2019-09-26 17:03:51,898 [pool-47-thread-1] INFO  server.RaftServerConfigKeys (ConfUtils.java:logGet(43)) - raft.server.log.use.memory = false (default)
2019-09-26 17:03:51,898 [pool-47-thread-1] INFO  server.RaftServerConfigKeys (ConfUtils.java:logGet(43)) - raft.server.log.purge.gap = 1000000 (custom)
2019-09-26 17:03:51,898 [pool-47-thread-1] INFO  server.RaftServerConfigKeys (ConfUtils.java:logGet(43)) - raft.server.log.appender.buffer.byte-limit = 33554432 (custom)
2019-09-26 17:03:51,901 [pool-47-thread-1] INFO  server.RaftServerConfigKeys (ConfUtils.java:logGet(43)) - raft.server.log.segment.size.max = 1048576 (custom)
2019-09-26 17:03:51,901 [pool-47-thread-1] INFO  server.RaftServerConfigKeys (ConfUtils.java:logGet(43)) - raft.server.log.segment.cache.num.max = 2 (custom)
2019-09-26 17:03:51,901 [pool-47-thread-1] INFO  segmented.SegmentedRaftLogWorker (SegmentedRaftLogWorker.java:<init>(172)) - new 15273f9a-72e8-4ae0-8091-781d0ea9f1eb@group-4B656B7D57A4-SegmentedRaftLogWorker for RaftStorage:Storage Directory /workdir/hadoop-ozone/integration-test/target/test-dir/MiniOzoneClusterImpl-d6ca620c-cb63-484f-a581-7c0900b96a5f/datanode-2/data/ratis/edc1dd97-b3da-45b4-a97d-4b656b7d57a4
2019-09-26 17:03:51,901 [pool-47-thread-1] INFO  server.RaftServerConfigKeys (ConfUtils.java:logGet(43)) - raft.server.log.queue.byte-limit = 2147483647 (custom)
2019-09-26 17:03:51,901 [pool-47-thread-1] INFO  server.RaftServerConfigKeys (ConfUtils.java:logGet(43)) - raft.server.log.queue.element-limit = 1024 (custom)
2019-09-26 17:03:51,902 [pool-47-thread-1] INFO  server.RaftServerConfigKeys (ConfUtils.java:logGet(43)) - raft.server.log.segment.size.max = 1048576 (custom)
2019-09-26 17:03:51,902 [pool-47-thread-1] INFO  server.RaftServerConfigKeys (ConfUtils.java:logGet(43)) - raft.server.log.preallocated.size = 16384 (custom)
2019-09-26 17:03:51,902 [pool-47-thread-1] INFO  server.RaftServerConfigKeys (ConfUtils.java:logGet(43)) - raft.server.log.write.buffer.size = 33554432 (custom)
2019-09-26 17:03:51,902 [pool-47-thread-1] INFO  server.RaftServerConfigKeys (ConfUtils.java:logGet(43)) - raft.server.log.force.sync.num = 128 (default)
2019-09-26 17:03:51,902 [pool-47-thread-1] INFO  server.RaftServerConfigKeys (ConfUtils.java:logGet(43)) - raft.server.log.statemachine.data.sync = true (default)
2019-09-26 17:03:51,902 [pool-47-thread-1] INFO  server.RaftServerConfigKeys (ConfUtils.java:logGet(43)) - raft.server.log.statemachine.data.sync.timeout = 10s (default)
2019-09-26 17:03:51,903 [pool-47-thread-1] INFO  server.RaftServerConfigKeys (ConfUtils.java:logGet(43)) - raft.server.log.statemachine.data.sync.timeout.retry = -1 (default)
2019-09-26 17:03:51,903 [pool-47-thread-1] INFO  server.RaftServerConfigKeys (ConfUtils.java:logGet(43)) - raft.server.log.statemachine.data.caching.enabled = true (custom)
2019-09-26 17:03:51,903 [pool-47-thread-1] INFO  segmented.SegmentedRaftLogWorker (SegmentedRaftLogWorker.java:lambda$new$0(132)) - 15273f9a-72e8-4ae0-8091-781d0ea9f1eb@group-4B656B7D57A4-SegmentedRaftLogWorker: flushIndex: setUnconditionally 0 -> -1
2019-09-26 17:03:51,903 [pool-47-thread-1] INFO  server.RaftServerConfigKeys (ConfUtils.java:logGet(43)) - raft.server.snapshot.auto.trigger.enabled = true (custom)
2019-09-26 17:03:51,904 [pool-47-thread-1] INFO  server.RaftServerConfigKeys (ConfUtils.java:logGet(43)) - raft.server.snapshot.auto.trigger.threshold = 10000 (custom)
2019-09-26 17:03:51,904 [pool-47-thread-1] INFO  server.RaftServerConfigKeys (ConfUtils.java:logGet(43)) - raft.server.snapshot.retention.num.files = 5 (custom)
2019-09-26 17:03:51,904 [pool-47-thread-1] INFO  server.RaftServerConfigKeys (ConfUtils.java:logGet(43)) - raft.server.retrycache.expirytime = 600000ms (custom)
2019-09-26 17:03:51,907 [pool-47-thread-1] INFO  impl.RaftServerImpl (RaftServerImpl.java:start(185)) - 15273f9a-72e8-4ae0-8091-781d0ea9f1eb@group-4B656B7D57A4: start as a follower, conf=-1: [15273f9a-72e8-4ae0-8091-781d0ea9f1eb:192.168.157.234:45996, f1b12ba6-b33d-40de-bd74-c3916eeb1dd7:192.168.157.234:35140, a85e129b-8c23-4c25-ae73-7b1aedd8229e:192.168.157.234:45424], old=null
2019-09-26 17:03:51,907 [pool-47-thread-1] INFO  impl.RaftServerImpl (RaftServerImpl.java:setRole(174)) - 15273f9a-72e8-4ae0-8091-781d0ea9f1eb@group-4B656B7D57A4: changes role from      null to FOLLOWER at term 0 for startAsFollower
2019-09-26 17:03:51,907 [pool-47-thread-1] INFO  impl.RoleInfo (RoleInfo.java:updateAndGet(143)) - 15273f9a-72e8-4ae0-8091-781d0ea9f1eb: start FollowerState
2019-09-26 17:03:51,908 [pool-47-thread-1] INFO  util.JmxRegister (JmxRegister.java:tryRegister(44)) - Successfully registered JMX Bean with object name Ratis:service=RaftServer,group=group-4B656B7D57A4,id=15273f9a-72e8-4ae0-8091-781d0ea9f1eb
2019-09-26 17:03:51,917 [RatisPipelineUtilsThread] INFO  pipeline.PipelineStateManager (PipelineStateManager.java:addPipeline(56)) - Created pipeline Pipeline[ Id: edc1dd97-b3da-45b4-a97d-4b656b7d57a4, Nodes: 15273f9a-72e8-4ae0-8091-781d0ea9f1eb{ip: 192.168.157.234, host: pr-hdds-2162-htzpk-1451759861, networkLocation: /default-rack, certSerialId: null}a85e129b-8c23-4c25-ae73-7b1aedd8229e{ip: 192.168.157.234, host: pr-hdds-2162-htzpk-1451759861, networkLocation: /default-rack, certSerialId: null}f1b12ba6-b33d-40de-bd74-c3916eeb1dd7{ip: 192.168.157.234, host: pr-hdds-2162-htzpk-1451759861, networkLocation: /default-rack, certSerialId: null}, Type:RATIS, Factor:THREE, State:OPEN]
2019-09-26 17:03:51,971 [7c50c947-8403-4ae1-a776-e6b1b01dc2cf@group-3B42D3B84C30-SegmentedRaftLogWorker] INFO  segmented.SegmentedRaftLogWorker (SegmentedRaftLogWorker.java:execute(569)) - 7c50c947-8403-4ae1-a776-e6b1b01dc2cf@group-3B42D3B84C30-SegmentedRaftLogWorker: created new log segment /workdir/hadoop-ozone/integration-test/target/test-dir/MiniOzoneClusterImpl-d6ca620c-cb63-484f-a581-7c0900b96a5f/datanode-0/data/ratis/debe61f2-fc4c-4a2d-b873-3b42d3b84c30/current/log_inprogress_0
2019-09-26 17:03:51,971 [4ac23ced-61a1-47b3-94f0-cee158ec4b70@group-428D891EE687-SegmentedRaftLogWorker] INFO  segmented.SegmentedRaftLogWorker (SegmentedRaftLogWorker.java:execute(569)) - 4ac23ced-61a1-47b3-94f0-cee158ec4b70@group-428D891EE687-SegmentedRaftLogWorker: created new log segment /workdir/hadoop-ozone/integration-test/target/test-dir/MiniOzoneClusterImpl-d6ca620c-cb63-484f-a581-7c0900b96a5f/datanode-7/data/ratis/5f71fead-f969-4361-8fbf-428d891ee687/current/log_inprogress_0
2019-09-26 17:03:52,054 [Thread-291] INFO  impl.FollowerState (FollowerState.java:run(106)) - 9ab6b823-6bc4-454f-9d50-ce70a440dcce:group-049273D6B2D4 changes to CANDIDATE, lastRpcTime:1102, electionTimeout:1102ms
2019-09-26 17:03:52,055 [Thread-291] INFO  impl.RoleInfo (RoleInfo.java:shutdownFollowerState(121)) - 9ab6b823-6bc4-454f-9d50-ce70a440dcce: shutdown FollowerState
2019-09-26 17:03:52,055 [Thread-291] INFO  impl.RaftServerImpl (RaftServerImpl.java:setRole(174)) - 9ab6b823-6bc4-454f-9d50-ce70a440dcce@group-049273D6B2D4: changes role from  FOLLOWER to CANDIDATE at term 0 for changeToCandidate
2019-09-26 17:03:52,055 [Thread-291] INFO  impl.RoleInfo (RoleInfo.java:updateAndGet(143)) - 9ab6b823-6bc4-454f-9d50-ce70a440dcce: start LeaderElection
2019-09-26 17:03:52,072 [9ab6b823-6bc4-454f-9d50-ce70a440dcce@group-049273D6B2D4:LeaderElection3] INFO  impl.LeaderElection (LeaderElection.java:askForVotes(182)) - 9ab6b823-6bc4-454f-9d50-ce70a440dcce@group-049273D6B2D4:LeaderElection3: begin an election at term 1 for -1: [9ab6b823-6bc4-454f-9d50-ce70a440dcce:192.168.157.234:39169], old=null
2019-09-26 17:03:52,072 [9ab6b823-6bc4-454f-9d50-ce70a440dcce@group-049273D6B2D4:LeaderElection3] INFO  impl.RoleInfo (RoleInfo.java:shutdownLeaderElection(134)) - 9ab6b823-6bc4-454f-9d50-ce70a440dcce: shutdown LeaderElection
2019-09-26 17:03:52,072 [9ab6b823-6bc4-454f-9d50-ce70a440dcce@group-049273D6B2D4:LeaderElection3] INFO  impl.RaftServerImpl (RaftServerImpl.java:setRole(174)) - 9ab6b823-6bc4-454f-9d50-ce70a440dcce@group-049273D6B2D4: changes role from CANDIDATE to LEADER at term 1 for changeToLeader
2019-09-26 17:03:52,072 [9ab6b823-6bc4-454f-9d50-ce70a440dcce@group-049273D6B2D4:LeaderElection3] INFO  impl.RaftServerImpl (ServerState.java:setLeader(253)) - 9ab6b823-6bc4-454f-9d50-ce70a440dcce@group-049273D6B2D4: change Leader from null to 9ab6b823-6bc4-454f-9d50-ce70a440dcce at term 1 for becomeLeader, leader elected after 1179ms
2019-09-26 17:03:52,073 [9ab6b823-6bc4-454f-9d50-ce70a440dcce@group-049273D6B2D4:LeaderElection3] INFO  server.RaftServerConfigKeys (ConfUtils.java:logGet(43)) - raft.server.staging.catchup.gap = 1000 (default)
2019-09-26 17:03:52,073 [9ab6b823-6bc4-454f-9d50-ce70a440dcce@group-049273D6B2D4:LeaderElection3] INFO  server.RaftServerConfigKeys (ConfUtils.java:logGet(43)) - raft.server.rpc.sleep.time = 25ms (default)
2019-09-26 17:03:52,073 [9ab6b823-6bc4-454f-9d50-ce70a440dcce@group-049273D6B2D4:LeaderElection3] INFO  server.RaftServerConfigKeys (ConfUtils.java:logGet(43)) - raft.server.write.element-limit = 4096 (default)
2019-09-26 17:03:52,073 [9ab6b823-6bc4-454f-9d50-ce70a440dcce@group-049273D6B2D4:LeaderElection3] INFO  server.RaftServerConfigKeys (ConfUtils.java:logGet(43)) - raft.server.watch.timeout = 10s (default)
2019-09-26 17:03:52,073 [9ab6b823-6bc4-454f-9d50-ce70a440dcce@group-049273D6B2D4:LeaderElection3] INFO  server.RaftServerConfigKeys (ConfUtils.java:logGet(43)) - raft.server.watch.timeout.denomination = 1s (default)
2019-09-26 17:03:52,073 [9ab6b823-6bc4-454f-9d50-ce70a440dcce@group-049273D6B2D4:LeaderElection3] INFO  server.RaftServerConfigKeys (ConfUtils.java:logGet(43)) - raft.server.watch.element-limit = 65536 (default)
2019-09-26 17:03:52,076 [9ab6b823-6bc4-454f-9d50-ce70a440dcce@group-049273D6B2D4:LeaderElection3] INFO  impl.RoleInfo (RoleInfo.java:updateAndGet(143)) - 9ab6b823-6bc4-454f-9d50-ce70a440dcce: start LeaderState
2019-09-26 17:03:52,076 [9ab6b823-6bc4-454f-9d50-ce70a440dcce@group-049273D6B2D4:LeaderElection3] INFO  segmented.SegmentedRaftLogWorker (SegmentedRaftLogWorker.java:startLogSegment(380)) - 9ab6b823-6bc4-454f-9d50-ce70a440dcce@group-049273D6B2D4-SegmentedRaftLogWorker: Starting segment from index:0
2019-09-26 17:03:52,077 [9ab6b823-6bc4-454f-9d50-ce70a440dcce@group-049273D6B2D4:LeaderElection3] INFO  impl.RaftServerImpl (ServerState.java:setRaftConf(354)) - 9ab6b823-6bc4-454f-9d50-ce70a440dcce@group-049273D6B2D4: set configuration 0: [9ab6b823-6bc4-454f-9d50-ce70a440dcce:192.168.157.234:39169], old=null at 0
2019-09-26 17:03:52,092 [Thread-294] INFO  impl.FollowerState (FollowerState.java:run(106)) - 0f6d0b51-49f2-46fd-a2f3-d041b41eab5c:group-ACD910E18DB9 changes to CANDIDATE, lastRpcTime:1039, electionTimeout:1035ms
2019-09-26 17:03:52,092 [Thread-294] INFO  impl.RoleInfo (RoleInfo.java:shutdownFollowerState(121)) - 0f6d0b51-49f2-46fd-a2f3-d041b41eab5c: shutdown FollowerState
2019-09-26 17:03:52,092 [Thread-294] INFO  impl.RaftServerImpl (RaftServerImpl.java:setRole(174)) - 0f6d0b51-49f2-46fd-a2f3-d041b41eab5c@group-ACD910E18DB9: changes role from  FOLLOWER to CANDIDATE at term 0 for changeToCandidate
2019-09-26 17:03:52,093 [Thread-294] INFO  impl.RoleInfo (RoleInfo.java:updateAndGet(143)) - 0f6d0b51-49f2-46fd-a2f3-d041b41eab5c: start LeaderElection
2019-09-26 17:03:52,113 [9ab6b823-6bc4-454f-9d50-ce70a440dcce@group-049273D6B2D4-SegmentedRaftLogWorker] INFO  segmented.SegmentedRaftLogWorker (SegmentedRaftLogWorker.java:execute(569)) - 9ab6b823-6bc4-454f-9d50-ce70a440dcce@group-049273D6B2D4-SegmentedRaftLogWorker: created new log segment /workdir/hadoop-ozone/integration-test/target/test-dir/MiniOzoneClusterImpl-d6ca620c-cb63-484f-a581-7c0900b96a5f/datanode-8/data/ratis/03527a62-2174-4997-9979-049273d6b2d4/current/log_inprogress_0
2019-09-26 17:03:52,113 [0f6d0b51-49f2-46fd-a2f3-d041b41eab5c@group-ACD910E18DB9:LeaderElection4] INFO  impl.LeaderElection (LeaderElection.java:askForVotes(182)) - 0f6d0b51-49f2-46fd-a2f3-d041b41eab5c@group-ACD910E18DB9:LeaderElection4: begin an election at term 1 for -1: [0f6d0b51-49f2-46fd-a2f3-d041b41eab5c:192.168.157.234:43173], old=null
2019-09-26 17:03:52,113 [0f6d0b51-49f2-46fd-a2f3-d041b41eab5c@group-ACD910E18DB9:LeaderElection4] INFO  impl.RoleInfo (RoleInfo.java:shutdownLeaderElection(134)) - 0f6d0b51-49f2-46fd-a2f3-d041b41eab5c: shutdown LeaderElection
2019-09-26 17:03:52,114 [0f6d0b51-49f2-46fd-a2f3-d041b41eab5c@group-ACD910E18DB9:LeaderElection4] INFO  impl.RaftServerImpl (RaftServerImpl.java:setRole(174)) - 0f6d0b51-49f2-46fd-a2f3-d041b41eab5c@group-ACD910E18DB9: changes role from CANDIDATE to LEADER at term 1 for changeToLeader
2019-09-26 17:03:52,114 [0f6d0b51-49f2-46fd-a2f3-d041b41eab5c@group-ACD910E18DB9:LeaderElection4] INFO  impl.RaftServerImpl (ServerState.java:setLeader(253)) - 0f6d0b51-49f2-46fd-a2f3-d041b41eab5c@group-ACD910E18DB9: change Leader from null to 0f6d0b51-49f2-46fd-a2f3-d041b41eab5c at term 1 for becomeLeader, leader elected after 1078ms
2019-09-26 17:03:52,114 [0f6d0b51-49f2-46fd-a2f3-d041b41eab5c@group-ACD910E18DB9:LeaderElection4] INFO  server.RaftServerConfigKeys (ConfUtils.java:logGet(43)) - raft.server.staging.catchup.gap = 1000 (default)
2019-09-26 17:03:52,114 [0f6d0b51-49f2-46fd-a2f3-d041b41eab5c@group-ACD910E18DB9:LeaderElection4] INFO  server.RaftServerConfigKeys (ConfUtils.java:logGet(43)) - raft.server.rpc.sleep.time = 25ms (default)
2019-09-26 17:03:52,114 [0f6d0b51-49f2-46fd-a2f3-d041b41eab5c@group-ACD910E18DB9:LeaderElection4] INFO  server.RaftServerConfigKeys (ConfUtils.java:logGet(43)) - raft.server.write.element-limit = 4096 (default)
2019-09-26 17:03:52,115 [0f6d0b51-49f2-46fd-a2f3-d041b41eab5c@group-ACD910E18DB9:LeaderElection4] INFO  server.RaftServerConfigKeys (ConfUtils.java:logGet(43)) - raft.server.watch.timeout = 10s (default)
2019-09-26 17:03:52,115 [0f6d0b51-49f2-46fd-a2f3-d041b41eab5c@group-ACD910E18DB9:LeaderElection4] INFO  server.RaftServerConfigKeys (ConfUtils.java:logGet(43)) - raft.server.watch.timeout.denomination = 1s (default)
2019-09-26 17:03:52,115 [0f6d0b51-49f2-46fd-a2f3-d041b41eab5c@group-ACD910E18DB9:LeaderElection4] INFO  server.RaftServerConfigKeys (ConfUtils.java:logGet(43)) - raft.server.watch.element-limit = 65536 (default)
2019-09-26 17:03:52,118 [0f6d0b51-49f2-46fd-a2f3-d041b41eab5c@group-ACD910E18DB9:LeaderElection4] INFO  impl.RoleInfo (RoleInfo.java:updateAndGet(143)) - 0f6d0b51-49f2-46fd-a2f3-d041b41eab5c: start LeaderState
2019-09-26 17:03:52,118 [0f6d0b51-49f2-46fd-a2f3-d041b41eab5c@group-ACD910E18DB9:LeaderElection4] INFO  segmented.SegmentedRaftLogWorker (SegmentedRaftLogWorker.java:startLogSegment(380)) - 0f6d0b51-49f2-46fd-a2f3-d041b41eab5c@group-ACD910E18DB9-SegmentedRaftLogWorker: Starting segment from index:0
2019-09-26 17:03:52,119 [0f6d0b51-49f2-46fd-a2f3-d041b41eab5c@group-ACD910E18DB9:LeaderElection4] INFO  impl.RaftServerImpl (ServerState.java:setRaftConf(354)) - 0f6d0b51-49f2-46fd-a2f3-d041b41eab5c@group-ACD910E18DB9: set configuration 0: [0f6d0b51-49f2-46fd-a2f3-d041b41eab5c:192.168.157.234:43173], old=null at 0
2019-09-26 17:03:52,145 [0f6d0b51-49f2-46fd-a2f3-d041b41eab5c@group-ACD910E18DB9-SegmentedRaftLogWorker] INFO  segmented.SegmentedRaftLogWorker (SegmentedRaftLogWorker.java:execute(569)) - 0f6d0b51-49f2-46fd-a2f3-d041b41eab5c@group-ACD910E18DB9-SegmentedRaftLogWorker: created new log segment /workdir/hadoop-ozone/integration-test/target/test-dir/MiniOzoneClusterImpl-d6ca620c-cb63-484f-a581-7c0900b96a5f/datanode-3/data/ratis/696302a6-ac17-45d7-81a6-acd910e18db9/current/log_inprogress_0
2019-09-26 17:03:52,202 [Thread-297] INFO  impl.FollowerState (FollowerState.java:run(106)) - ef5a9ab0-e109-4aa9-899d-c34ee583d2de:group-223C558AC9F0 changes to CANDIDATE, lastRpcTime:1056, electionTimeout:1056ms
2019-09-26 17:03:52,202 [Thread-297] INFO  impl.RoleInfo (RoleInfo.java:shutdownFollowerState(121)) - ef5a9ab0-e109-4aa9-899d-c34ee583d2de: shutdown FollowerState
2019-09-26 17:03:52,202 [Thread-297] INFO  impl.RaftServerImpl (RaftServerImpl.java:setRole(174)) - ef5a9ab0-e109-4aa9-899d-c34ee583d2de@group-223C558AC9F0: changes role from  FOLLOWER to CANDIDATE at term 0 for changeToCandidate
2019-09-26 17:03:52,203 [Thread-297] INFO  impl.RoleInfo (RoleInfo.java:updateAndGet(143)) - ef5a9ab0-e109-4aa9-899d-c34ee583d2de: start LeaderElection
2019-09-26 17:03:52,225 [ef5a9ab0-e109-4aa9-899d-c34ee583d2de@group-223C558AC9F0:LeaderElection5] INFO  impl.LeaderElection (LeaderElection.java:askForVotes(182)) - ef5a9ab0-e109-4aa9-899d-c34ee583d2de@group-223C558AC9F0:LeaderElection5: begin an election at term 1 for -1: [ef5a9ab0-e109-4aa9-899d-c34ee583d2de:192.168.157.234:38928], old=null
2019-09-26 17:03:52,225 [ef5a9ab0-e109-4aa9-899d-c34ee583d2de@group-223C558AC9F0:LeaderElection5] INFO  impl.RoleInfo (RoleInfo.java:shutdownLeaderElection(134)) - ef5a9ab0-e109-4aa9-899d-c34ee583d2de: shutdown LeaderElection
2019-09-26 17:03:52,226 [ef5a9ab0-e109-4aa9-899d-c34ee583d2de@group-223C558AC9F0:LeaderElection5] INFO  impl.RaftServerImpl (RaftServerImpl.java:setRole(174)) - ef5a9ab0-e109-4aa9-899d-c34ee583d2de@group-223C558AC9F0: changes role from CANDIDATE to LEADER at term 1 for changeToLeader
2019-09-26 17:03:52,226 [ef5a9ab0-e109-4aa9-899d-c34ee583d2de@group-223C558AC9F0:LeaderElection5] INFO  impl.RaftServerImpl (ServerState.java:setLeader(253)) - ef5a9ab0-e109-4aa9-899d-c34ee583d2de@group-223C558AC9F0: change Leader from null to ef5a9ab0-e109-4aa9-899d-c34ee583d2de at term 1 for becomeLeader, leader elected after 1091ms
2019-09-26 17:03:52,226 [ef5a9ab0-e109-4aa9-899d-c34ee583d2de@group-223C558AC9F0:LeaderElection5] INFO  server.RaftServerConfigKeys (ConfUtils.java:logGet(43)) - raft.server.staging.catchup.gap = 1000 (default)
2019-09-26 17:03:52,226 [ef5a9ab0-e109-4aa9-899d-c34ee583d2de@group-223C558AC9F0:LeaderElection5] INFO  server.RaftServerConfigKeys (ConfUtils.java:logGet(43)) - raft.server.rpc.sleep.time = 25ms (default)
2019-09-26 17:03:52,226 [ef5a9ab0-e109-4aa9-899d-c34ee583d2de@group-223C558AC9F0:LeaderElection5] INFO  server.RaftServerConfigKeys (ConfUtils.java:logGet(43)) - raft.server.write.element-limit = 4096 (default)
2019-09-26 17:03:52,226 [ef5a9ab0-e109-4aa9-899d-c34ee583d2de@group-223C558AC9F0:LeaderElection5] INFO  server.RaftServerConfigKeys (ConfUtils.java:logGet(43)) - raft.server.watch.timeout = 10s (default)
2019-09-26 17:03:52,227 [ef5a9ab0-e109-4aa9-899d-c34ee583d2de@group-223C558AC9F0:LeaderElection5] INFO  server.RaftServerConfigKeys (ConfUtils.java:logGet(43)) - raft.server.watch.timeout.denomination = 1s (default)
2019-09-26 17:03:52,227 [ef5a9ab0-e109-4aa9-899d-c34ee583d2de@group-223C558AC9F0:LeaderElection5] INFO  server.RaftServerConfigKeys (ConfUtils.java:logGet(43)) - raft.server.watch.element-limit = 65536 (default)
2019-09-26 17:03:52,230 [ef5a9ab0-e109-4aa9-899d-c34ee583d2de@group-223C558AC9F0:LeaderElection5] INFO  impl.RoleInfo (RoleInfo.java:updateAndGet(143)) - ef5a9ab0-e109-4aa9-899d-c34ee583d2de: start LeaderState
2019-09-26 17:03:52,230 [ef5a9ab0-e109-4aa9-899d-c34ee583d2de@group-223C558AC9F0:LeaderElection5] INFO  segmented.SegmentedRaftLogWorker (SegmentedRaftLogWorker.java:startLogSegment(380)) - ef5a9ab0-e109-4aa9-899d-c34ee583d2de@group-223C558AC9F0-SegmentedRaftLogWorker: Starting segment from index:0
2019-09-26 17:03:52,230 [ef5a9ab0-e109-4aa9-899d-c34ee583d2de@group-223C558AC9F0:LeaderElection5] INFO  impl.RaftServerImpl (ServerState.java:setRaftConf(354)) - ef5a9ab0-e109-4aa9-899d-c34ee583d2de@group-223C558AC9F0: set configuration 0: [ef5a9ab0-e109-4aa9-899d-c34ee583d2de:192.168.157.234:38928], old=null at 0
2019-09-26 17:03:52,259 [ef5a9ab0-e109-4aa9-899d-c34ee583d2de@group-223C558AC9F0-SegmentedRaftLogWorker] INFO  segmented.SegmentedRaftLogWorker (SegmentedRaftLogWorker.java:execute(569)) - ef5a9ab0-e109-4aa9-899d-c34ee583d2de@group-223C558AC9F0-SegmentedRaftLogWorker: created new log segment /workdir/hadoop-ozone/integration-test/target/test-dir/MiniOzoneClusterImpl-d6ca620c-cb63-484f-a581-7c0900b96a5f/datanode-5/data/ratis/94104e68-50fd-484a-b867-223c558ac9f0/current/log_inprogress_0
2019-09-26 17:03:52,274 [Thread-300] INFO  impl.FollowerState (FollowerState.java:run(106)) - c9877585-f333-4492-aed4-861a77134c16:group-6819D367285A changes to CANDIDATE, lastRpcTime:1035, electionTimeout:1035ms
2019-09-26 17:03:52,275 [Thread-300] INFO  impl.RoleInfo (RoleInfo.java:shutdownFollowerState(121)) - c9877585-f333-4492-aed4-861a77134c16: shutdown FollowerState
2019-09-26 17:03:52,275 [Thread-300] INFO  impl.RaftServerImpl (RaftServerImpl.java:setRole(174)) - c9877585-f333-4492-aed4-861a77134c16@group-6819D367285A: changes role from  FOLLOWER to CANDIDATE at term 0 for changeToCandidate
2019-09-26 17:03:52,275 [Thread-300] INFO  impl.RoleInfo (RoleInfo.java:updateAndGet(143)) - c9877585-f333-4492-aed4-861a77134c16: start LeaderElection
2019-09-26 17:03:52,295 [c9877585-f333-4492-aed4-861a77134c16@group-6819D367285A:LeaderElection6] INFO  impl.LeaderElection (LeaderElection.java:askForVotes(182)) - c9877585-f333-4492-aed4-861a77134c16@group-6819D367285A:LeaderElection6: begin an election at term 1 for -1: [c9877585-f333-4492-aed4-861a77134c16:192.168.157.234:36678], old=null
2019-09-26 17:03:52,295 [c9877585-f333-4492-aed4-861a77134c16@group-6819D367285A:LeaderElection6] INFO  impl.RoleInfo (RoleInfo.java:shutdownLeaderElection(134)) - c9877585-f333-4492-aed4-861a77134c16: shutdown LeaderElection
2019-09-26 17:03:52,295 [c9877585-f333-4492-aed4-861a77134c16@group-6819D367285A:LeaderElection6] INFO  impl.RaftServerImpl (RaftServerImpl.java:setRole(174)) - c9877585-f333-4492-aed4-861a77134c16@group-6819D367285A: changes role from CANDIDATE to LEADER at term 1 for changeToLeader
2019-09-26 17:03:52,295 [c9877585-f333-4492-aed4-861a77134c16@group-6819D367285A:LeaderElection6] INFO  impl.RaftServerImpl (ServerState.java:setLeader(253)) - c9877585-f333-4492-aed4-861a77134c16@group-6819D367285A: change Leader from null to c9877585-f333-4492-aed4-861a77134c16 at term 1 for becomeLeader, leader elected after 1071ms
2019-09-26 17:03:52,295 [c9877585-f333-4492-aed4-861a77134c16@group-6819D367285A:LeaderElection6] INFO  server.RaftServerConfigKeys (ConfUtils.java:logGet(43)) - raft.server.staging.catchup.gap = 1000 (default)
2019-09-26 17:03:52,295 [c9877585-f333-4492-aed4-861a77134c16@group-6819D367285A:LeaderElection6] INFO  server.RaftServerConfigKeys (ConfUtils.java:logGet(43)) - raft.server.rpc.sleep.time = 25ms (default)
2019-09-26 17:03:52,296 [c9877585-f333-4492-aed4-861a77134c16@group-6819D367285A:LeaderElection6] INFO  server.RaftServerConfigKeys (ConfUtils.java:logGet(43)) - raft.server.write.element-limit = 4096 (default)
2019-09-26 17:03:52,296 [c9877585-f333-4492-aed4-861a77134c16@group-6819D367285A:LeaderElection6] INFO  server.RaftServerConfigKeys (ConfUtils.java:logGet(43)) - raft.server.watch.timeout = 10s (default)
2019-09-26 17:03:52,296 [c9877585-f333-4492-aed4-861a77134c16@group-6819D367285A:LeaderElection6] INFO  server.RaftServerConfigKeys (ConfUtils.java:logGet(43)) - raft.server.watch.timeout.denomination = 1s (default)
2019-09-26 17:03:52,296 [c9877585-f333-4492-aed4-861a77134c16@group-6819D367285A:LeaderElection6] INFO  server.RaftServerConfigKeys (ConfUtils.java:logGet(43)) - raft.server.watch.element-limit = 65536 (default)
2019-09-26 17:03:52,299 [c9877585-f333-4492-aed4-861a77134c16@group-6819D367285A:LeaderElection6] INFO  impl.RoleInfo (RoleInfo.java:updateAndGet(143)) - c9877585-f333-4492-aed4-861a77134c16: start LeaderState
2019-09-26 17:03:52,299 [c9877585-f333-4492-aed4-861a77134c16@group-6819D367285A:LeaderElection6] INFO  segmented.SegmentedRaftLogWorker (SegmentedRaftLogWorker.java:startLogSegment(380)) - c9877585-f333-4492-aed4-861a77134c16@group-6819D367285A-SegmentedRaftLogWorker: Starting segment from index:0
2019-09-26 17:03:52,300 [c9877585-f333-4492-aed4-861a77134c16@group-6819D367285A:LeaderElection6] INFO  impl.RaftServerImpl (ServerState.java:setRaftConf(354)) - c9877585-f333-4492-aed4-861a77134c16@group-6819D367285A: set configuration 0: [c9877585-f333-4492-aed4-861a77134c16:192.168.157.234:36678], old=null at 0
2019-09-26 17:03:52,329 [c9877585-f333-4492-aed4-861a77134c16@group-6819D367285A-SegmentedRaftLogWorker] INFO  segmented.SegmentedRaftLogWorker (SegmentedRaftLogWorker.java:execute(569)) - c9877585-f333-4492-aed4-861a77134c16@group-6819D367285A-SegmentedRaftLogWorker: created new log segment /workdir/hadoop-ozone/integration-test/target/test-dir/MiniOzoneClusterImpl-d6ca620c-cb63-484f-a581-7c0900b96a5f/datanode-6/data/ratis/998b0c3b-501c-4ffb-a3b2-6819d367285a/current/log_inprogress_0
2019-09-26 17:03:52,470 [Thread-306] INFO  impl.FollowerState (FollowerState.java:run(106)) - a85e129b-8c23-4c25-ae73-7b1aedd8229e:group-FDA075ABF092 changes to CANDIDATE, lastRpcTime:1049, electionTimeout:1049ms
2019-09-26 17:03:52,470 [Thread-306] INFO  impl.RoleInfo (RoleInfo.java:shutdownFollowerState(121)) - a85e129b-8c23-4c25-ae73-7b1aedd8229e: shutdown FollowerState
2019-09-26 17:03:52,470 [Thread-306] INFO  impl.RaftServerImpl (RaftServerImpl.java:setRole(174)) - a85e129b-8c23-4c25-ae73-7b1aedd8229e@group-FDA075ABF092: changes role from  FOLLOWER to CANDIDATE at term 0 for changeToCandidate
2019-09-26 17:03:52,470 [Thread-306] INFO  impl.RoleInfo (RoleInfo.java:updateAndGet(143)) - a85e129b-8c23-4c25-ae73-7b1aedd8229e: start LeaderElection
2019-09-26 17:03:52,490 [a85e129b-8c23-4c25-ae73-7b1aedd8229e@group-FDA075ABF092:LeaderElection7] INFO  impl.LeaderElection (LeaderElection.java:askForVotes(182)) - a85e129b-8c23-4c25-ae73-7b1aedd8229e@group-FDA075ABF092:LeaderElection7: begin an election at term 1 for -1: [a85e129b-8c23-4c25-ae73-7b1aedd8229e:192.168.157.234:45424], old=null
2019-09-26 17:03:52,490 [a85e129b-8c23-4c25-ae73-7b1aedd8229e@group-FDA075ABF092:LeaderElection7] INFO  impl.RoleInfo (RoleInfo.java:shutdownLeaderElection(134)) - a85e129b-8c23-4c25-ae73-7b1aedd8229e: shutdown LeaderElection
2019-09-26 17:03:52,490 [a85e129b-8c23-4c25-ae73-7b1aedd8229e@group-FDA075ABF092:LeaderElection7] INFO  impl.RaftServerImpl (RaftServerImpl.java:setRole(174)) - a85e129b-8c23-4c25-ae73-7b1aedd8229e@group-FDA075ABF092: changes role from CANDIDATE to LEADER at term 1 for changeToLeader
2019-09-26 17:03:52,490 [a85e129b-8c23-4c25-ae73-7b1aedd8229e@group-FDA075ABF092:LeaderElection7] INFO  impl.RaftServerImpl (ServerState.java:setLeader(253)) - a85e129b-8c23-4c25-ae73-7b1aedd8229e@group-FDA075ABF092: change Leader from null to a85e129b-8c23-4c25-ae73-7b1aedd8229e at term 1 for becomeLeader, leader elected after 1079ms
2019-09-26 17:03:52,491 [a85e129b-8c23-4c25-ae73-7b1aedd8229e@group-FDA075ABF092:LeaderElection7] INFO  server.RaftServerConfigKeys (ConfUtils.java:logGet(43)) - raft.server.staging.catchup.gap = 1000 (default)
2019-09-26 17:03:52,491 [a85e129b-8c23-4c25-ae73-7b1aedd8229e@group-FDA075ABF092:LeaderElection7] INFO  server.RaftServerConfigKeys (ConfUtils.java:logGet(43)) - raft.server.rpc.sleep.time = 25ms (default)
2019-09-26 17:03:52,491 [a85e129b-8c23-4c25-ae73-7b1aedd8229e@group-FDA075ABF092:LeaderElection7] INFO  server.RaftServerConfigKeys (ConfUtils.java:logGet(43)) - raft.server.write.element-limit = 4096 (default)
2019-09-26 17:03:52,491 [a85e129b-8c23-4c25-ae73-7b1aedd8229e@group-FDA075ABF092:LeaderElection7] INFO  server.RaftServerConfigKeys (ConfUtils.java:logGet(43)) - raft.server.watch.timeout = 10s (default)
2019-09-26 17:03:52,491 [a85e129b-8c23-4c25-ae73-7b1aedd8229e@group-FDA075ABF092:LeaderElection7] INFO  server.RaftServerConfigKeys (ConfUtils.java:logGet(43)) - raft.server.watch.timeout.denomination = 1s (default)
2019-09-26 17:03:52,492 [a85e129b-8c23-4c25-ae73-7b1aedd8229e@group-FDA075ABF092:LeaderElection7] INFO  server.RaftServerConfigKeys (ConfUtils.java:logGet(43)) - raft.server.watch.element-limit = 65536 (default)
2019-09-26 17:03:52,523 [Thread-303] INFO  impl.FollowerState (FollowerState.java:run(106)) - 15273f9a-72e8-4ae0-8091-781d0ea9f1eb:group-6E63BC19DBC4 changes to CANDIDATE, lastRpcTime:1184, electionTimeout:1184ms
2019-09-26 17:03:52,531 [Thread-309] INFO  impl.FollowerState (FollowerState.java:run(106)) - f1b12ba6-b33d-40de-bd74-c3916eeb1dd7:group-589227A3A8B9 changes to CANDIDATE, lastRpcTime:1038, electionTimeout:1038ms
2019-09-26 17:03:52,542 [Thread-303] INFO  impl.RoleInfo (RoleInfo.java:shutdownFollowerState(121)) - 15273f9a-72e8-4ae0-8091-781d0ea9f1eb: shutdown FollowerState
2019-09-26 17:03:52,542 [Thread-309] INFO  impl.RoleInfo (RoleInfo.java:shutdownFollowerState(121)) - f1b12ba6-b33d-40de-bd74-c3916eeb1dd7: shutdown FollowerState
2019-09-26 17:03:52,544 [Thread-303] INFO  impl.RaftServerImpl (RaftServerImpl.java:setRole(174)) - 15273f9a-72e8-4ae0-8091-781d0ea9f1eb@group-6E63BC19DBC4: changes role from  FOLLOWER to CANDIDATE at term 0 for changeToCandidate
2019-09-26 17:03:52,544 [Thread-309] INFO  impl.RaftServerImpl (RaftServerImpl.java:setRole(174)) - f1b12ba6-b33d-40de-bd74-c3916eeb1dd7@group-589227A3A8B9: changes role from  FOLLOWER to CANDIDATE at term 0 for changeToCandidate
2019-09-26 17:03:52,544 [Thread-303] INFO  impl.RoleInfo (RoleInfo.java:updateAndGet(143)) - 15273f9a-72e8-4ae0-8091-781d0ea9f1eb: start LeaderElection
2019-09-26 17:03:52,544 [Thread-309] INFO  impl.RoleInfo (RoleInfo.java:updateAndGet(143)) - f1b12ba6-b33d-40de-bd74-c3916eeb1dd7: start LeaderElection
2019-09-26 17:03:52,555 [main] INFO  ipc.Client (Client.java:handleConnectionFailure(948)) - Retrying connect to server: localhost/127.0.0.1:0. Already tried 0 time(s); retry policy is RetryUpToMaximumCountWithFixedSleep(maxRetries=10, sleepTime=1000 MILLISECONDS)
2019-09-26 17:03:52,568 [f1b12ba6-b33d-40de-bd74-c3916eeb1dd7@group-589227A3A8B9:LeaderElection9] INFO  impl.LeaderElection (LeaderElection.java:askForVotes(182)) - f1b12ba6-b33d-40de-bd74-c3916eeb1dd7@group-589227A3A8B9:LeaderElection9: begin an election at term 1 for -1: [f1b12ba6-b33d-40de-bd74-c3916eeb1dd7:192.168.157.234:35140], old=null
2019-09-26 17:03:52,569 [15273f9a-72e8-4ae0-8091-781d0ea9f1eb@group-6E63BC19DBC4:LeaderElection8] INFO  impl.LeaderElection (LeaderElection.java:askForVotes(182)) - 15273f9a-72e8-4ae0-8091-781d0ea9f1eb@group-6E63BC19DBC4:LeaderElection8: begin an election at term 1 for -1: [15273f9a-72e8-4ae0-8091-781d0ea9f1eb:192.168.157.234:45996], old=null
2019-09-26 17:03:52,569 [f1b12ba6-b33d-40de-bd74-c3916eeb1dd7@group-589227A3A8B9:LeaderElection9] INFO  impl.RoleInfo (RoleInfo.java:shutdownLeaderElection(134)) - f1b12ba6-b33d-40de-bd74-c3916eeb1dd7: shutdown LeaderElection
2019-09-26 17:03:52,569 [f1b12ba6-b33d-40de-bd74-c3916eeb1dd7@group-589227A3A8B9:LeaderElection9] INFO  impl.RaftServerImpl (RaftServerImpl.java:setRole(174)) - f1b12ba6-b33d-40de-bd74-c3916eeb1dd7@group-589227A3A8B9: changes role from CANDIDATE to LEADER at term 1 for changeToLeader
2019-09-26 17:03:52,569 [f1b12ba6-b33d-40de-bd74-c3916eeb1dd7@group-589227A3A8B9:LeaderElection9] INFO  impl.RaftServerImpl (ServerState.java:setLeader(253)) - f1b12ba6-b33d-40de-bd74-c3916eeb1dd7@group-589227A3A8B9: change Leader from null to f1b12ba6-b33d-40de-bd74-c3916eeb1dd7 at term 1 for becomeLeader, leader elected after 1085ms
2019-09-26 17:03:52,569 [15273f9a-72e8-4ae0-8091-781d0ea9f1eb@group-6E63BC19DBC4:LeaderElection8] INFO  impl.RoleInfo (RoleInfo.java:shutdownLeaderElection(134)) - 15273f9a-72e8-4ae0-8091-781d0ea9f1eb: shutdown LeaderElection
2019-09-26 17:03:52,569 [f1b12ba6-b33d-40de-bd74-c3916eeb1dd7@group-589227A3A8B9:LeaderElection9] INFO  server.RaftServerConfigKeys (ConfUtils.java:logGet(43)) - raft.server.staging.catchup.gap = 1000 (default)
2019-09-26 17:03:52,569 [15273f9a-72e8-4ae0-8091-781d0ea9f1eb@group-6E63BC19DBC4:LeaderElection8] INFO  impl.RaftServerImpl (RaftServerImpl.java:setRole(174)) - 15273f9a-72e8-4ae0-8091-781d0ea9f1eb@group-6E63BC19DBC4: changes role from CANDIDATE to LEADER at term 1 for changeToLeader
2019-09-26 17:03:52,569 [f1b12ba6-b33d-40de-bd74-c3916eeb1dd7@group-589227A3A8B9:LeaderElection9] INFO  server.RaftServerConfigKeys (ConfUtils.java:logGet(43)) - raft.server.rpc.sleep.time = 25ms (default)
2019-09-26 17:03:52,570 [15273f9a-72e8-4ae0-8091-781d0ea9f1eb@group-6E63BC19DBC4:LeaderElection8] INFO  impl.RaftServerImpl (ServerState.java:setLeader(253)) - 15273f9a-72e8-4ae0-8091-781d0ea9f1eb@group-6E63BC19DBC4: change Leader from null to 15273f9a-72e8-4ae0-8091-781d0ea9f1eb at term 1 for becomeLeader, leader elected after 1242ms
2019-09-26 17:03:52,570 [15273f9a-72e8-4ae0-8091-781d0ea9f1eb@group-6E63BC19DBC4:LeaderElection8] INFO  server.RaftServerConfigKeys (ConfUtils.java:logGet(43)) - raft.server.staging.catchup.gap = 1000 (default)
2019-09-26 17:03:52,570 [15273f9a-72e8-4ae0-8091-781d0ea9f1eb@group-6E63BC19DBC4:LeaderElection8] INFO  server.RaftServerConfigKeys (ConfUtils.java:logGet(43)) - raft.server.rpc.sleep.time = 25ms (default)
2019-09-26 17:03:52,580 [15273f9a-72e8-4ae0-8091-781d0ea9f1eb@group-6E63BC19DBC4:LeaderElection8] INFO  server.RaftServerConfigKeys (ConfUtils.java:logGet(43)) - raft.server.write.element-limit = 4096 (default)
2019-09-26 17:03:52,580 [f1b12ba6-b33d-40de-bd74-c3916eeb1dd7@group-589227A3A8B9:LeaderElection9] INFO  server.RaftServerConfigKeys (ConfUtils.java:logGet(43)) - raft.server.write.element-limit = 4096 (default)
2019-09-26 17:03:52,581 [15273f9a-72e8-4ae0-8091-781d0ea9f1eb@group-6E63BC19DBC4:LeaderElection8] INFO  server.RaftServerConfigKeys (ConfUtils.java:logGet(43)) - raft.server.watch.timeout = 10s (default)
2019-09-26 17:03:52,581 [f1b12ba6-b33d-40de-bd74-c3916eeb1dd7@group-589227A3A8B9:LeaderElection9] INFO  server.RaftServerConfigKeys (ConfUtils.java:logGet(43)) - raft.server.watch.timeout = 10s (default)
2019-09-26 17:03:52,581 [15273f9a-72e8-4ae0-8091-781d0ea9f1eb@group-6E63BC19DBC4:LeaderElection8] INFO  server.RaftServerConfigKeys (ConfUtils.java:logGet(43)) - raft.server.watch.timeout.denomination = 1s (default)
2019-09-26 17:03:52,581 [f1b12ba6-b33d-40de-bd74-c3916eeb1dd7@group-589227A3A8B9:LeaderElection9] INFO  server.RaftServerConfigKeys (ConfUtils.java:logGet(43)) - raft.server.watch.timeout.denomination = 1s (default)
2019-09-26 17:03:52,581 [15273f9a-72e8-4ae0-8091-781d0ea9f1eb@group-6E63BC19DBC4:LeaderElection8] INFO  server.RaftServerConfigKeys (ConfUtils.java:logGet(43)) - raft.server.watch.element-limit = 65536 (default)
2019-09-26 17:03:52,581 [f1b12ba6-b33d-40de-bd74-c3916eeb1dd7@group-589227A3A8B9:LeaderElection9] INFO  server.RaftServerConfigKeys (ConfUtils.java:logGet(43)) - raft.server.watch.element-limit = 65536 (default)
2019-09-26 17:03:52,711 [Thread-322] INFO  impl.FollowerState (FollowerState.java:run(106)) - 4ac23ced-61a1-47b3-94f0-cee158ec4b70:group-1BFFB9D78D43 changes to CANDIDATE, lastRpcTime:1016, electionTimeout:1014ms
2019-09-26 17:03:52,712 [Thread-322] INFO  impl.RoleInfo (RoleInfo.java:shutdownFollowerState(121)) - 4ac23ced-61a1-47b3-94f0-cee158ec4b70: shutdown FollowerState
2019-09-26 17:03:52,712 [Thread-322] INFO  impl.RaftServerImpl (RaftServerImpl.java:setRole(174)) - 4ac23ced-61a1-47b3-94f0-cee158ec4b70@group-1BFFB9D78D43: changes role from  FOLLOWER to CANDIDATE at term 0 for changeToCandidate
2019-09-26 17:03:52,712 [Thread-322] INFO  impl.RoleInfo (RoleInfo.java:updateAndGet(143)) - 4ac23ced-61a1-47b3-94f0-cee158ec4b70: start LeaderElection
2019-09-26 17:03:52,738 [4ac23ced-61a1-47b3-94f0-cee158ec4b70@group-1BFFB9D78D43:LeaderElection10] INFO  impl.LeaderElection (LeaderElection.java:askForVotes(182)) - 4ac23ced-61a1-47b3-94f0-cee158ec4b70@group-1BFFB9D78D43:LeaderElection10: begin an election at term 1 for -1: [9ab6b823-6bc4-454f-9d50-ce70a440dcce:192.168.157.234:39169, 4ac23ced-61a1-47b3-94f0-cee158ec4b70:192.168.157.234:37118, 7c50c947-8403-4ae1-a776-e6b1b01dc2cf:192.168.157.234:38824], old=null
2019-09-26 17:03:52,739 [Thread-314] INFO  impl.FollowerState (FollowerState.java:run(106)) - a26ecbb9-64c1-4e5a-aa1d-1c5985b03157:group-75F499C3405C changes to CANDIDATE, lastRpcTime:1133, electionTimeout:1133ms
2019-09-26 17:03:52,739 [Thread-314] INFO  impl.RoleInfo (RoleInfo.java:shutdownFollowerState(121)) - a26ecbb9-64c1-4e5a-aa1d-1c5985b03157: shutdown FollowerState
2019-09-26 17:03:52,739 [Thread-314] INFO  impl.RaftServerImpl (RaftServerImpl.java:setRole(174)) - a26ecbb9-64c1-4e5a-aa1d-1c5985b03157@group-75F499C3405C: changes role from  FOLLOWER to CANDIDATE at term 0 for changeToCandidate
2019-09-26 17:03:52,747 [Thread-319] INFO  impl.FollowerState (FollowerState.java:run(106)) - 7c50c947-8403-4ae1-a776-e6b1b01dc2cf:group-1BFFB9D78D43 changes to CANDIDATE, lastRpcTime:1054, electionTimeout:1054ms
2019-09-26 17:03:52,748 [Thread-319] INFO  impl.RoleInfo (RoleInfo.java:shutdownFollowerState(121)) - 7c50c947-8403-4ae1-a776-e6b1b01dc2cf: shutdown FollowerState
2019-09-26 17:03:52,748 [Thread-319] INFO  impl.RaftServerImpl (RaftServerImpl.java:setRole(174)) - 7c50c947-8403-4ae1-a776-e6b1b01dc2cf@group-1BFFB9D78D43: changes role from  FOLLOWER to CANDIDATE at term 0 for changeToCandidate
2019-09-26 17:03:52,750 [Thread-319] INFO  impl.RoleInfo (RoleInfo.java:updateAndGet(143)) - 7c50c947-8403-4ae1-a776-e6b1b01dc2cf: start LeaderElection
2019-09-26 17:03:52,750 [Thread-314] INFO  impl.RoleInfo (RoleInfo.java:updateAndGet(143)) - a26ecbb9-64c1-4e5a-aa1d-1c5985b03157: start LeaderElection
2019-09-26 17:03:52,778 [a26ecbb9-64c1-4e5a-aa1d-1c5985b03157@group-75F499C3405C:LeaderElection11] INFO  impl.LeaderElection (LeaderElection.java:askForVotes(182)) - a26ecbb9-64c1-4e5a-aa1d-1c5985b03157@group-75F499C3405C:LeaderElection11: begin an election at term 1 for -1: [a26ecbb9-64c1-4e5a-aa1d-1c5985b03157:192.168.157.234:40062], old=null
2019-09-26 17:03:52,778 [7c50c947-8403-4ae1-a776-e6b1b01dc2cf@group-1BFFB9D78D43:LeaderElection12] INFO  impl.LeaderElection (LeaderElection.java:askForVotes(182)) - 7c50c947-8403-4ae1-a776-e6b1b01dc2cf@group-1BFFB9D78D43:LeaderElection12: begin an election at term 1 for -1: [9ab6b823-6bc4-454f-9d50-ce70a440dcce:192.168.157.234:39169, 4ac23ced-61a1-47b3-94f0-cee158ec4b70:192.168.157.234:37118, 7c50c947-8403-4ae1-a776-e6b1b01dc2cf:192.168.157.234:38824], old=null
2019-09-26 17:03:52,779 [a26ecbb9-64c1-4e5a-aa1d-1c5985b03157@group-75F499C3405C:LeaderElection11] INFO  impl.RoleInfo (RoleInfo.java:shutdownLeaderElection(134)) - a26ecbb9-64c1-4e5a-aa1d-1c5985b03157: shutdown LeaderElection
2019-09-26 17:03:52,779 [a26ecbb9-64c1-4e5a-aa1d-1c5985b03157@group-75F499C3405C:LeaderElection11] INFO  impl.RaftServerImpl (RaftServerImpl.java:setRole(174)) - a26ecbb9-64c1-4e5a-aa1d-1c5985b03157@group-75F499C3405C: changes role from CANDIDATE to LEADER at term 1 for changeToLeader
2019-09-26 17:03:52,779 [a26ecbb9-64c1-4e5a-aa1d-1c5985b03157@group-75F499C3405C:LeaderElection11] INFO  impl.RaftServerImpl (ServerState.java:setLeader(253)) - a26ecbb9-64c1-4e5a-aa1d-1c5985b03157@group-75F499C3405C: change Leader from null to a26ecbb9-64c1-4e5a-aa1d-1c5985b03157 at term 1 for becomeLeader, leader elected after 1186ms
2019-09-26 17:03:52,779 [a26ecbb9-64c1-4e5a-aa1d-1c5985b03157@group-75F499C3405C:LeaderElection11] INFO  server.RaftServerConfigKeys (ConfUtils.java:logGet(43)) - raft.server.staging.catchup.gap = 1000 (default)
2019-09-26 17:03:52,779 [a26ecbb9-64c1-4e5a-aa1d-1c5985b03157@group-75F499C3405C:LeaderElection11] INFO  server.RaftServerConfigKeys (ConfUtils.java:logGet(43)) - raft.server.rpc.sleep.time = 25ms (default)
2019-09-26 17:03:52,797 [a26ecbb9-64c1-4e5a-aa1d-1c5985b03157@group-75F499C3405C:LeaderElection11] INFO  server.RaftServerConfigKeys (ConfUtils.java:logGet(43)) - raft.server.write.element-limit = 4096 (default)
2019-09-26 17:03:52,797 [a26ecbb9-64c1-4e5a-aa1d-1c5985b03157@group-75F499C3405C:LeaderElection11] INFO  server.RaftServerConfigKeys (ConfUtils.java:logGet(43)) - raft.server.watch.timeout = 10s (default)
2019-09-26 17:03:52,797 [a26ecbb9-64c1-4e5a-aa1d-1c5985b03157@group-75F499C3405C:LeaderElection11] INFO  server.RaftServerConfigKeys (ConfUtils.java:logGet(43)) - raft.server.watch.timeout.denomination = 1s (default)
2019-09-26 17:03:52,800 [a26ecbb9-64c1-4e5a-aa1d-1c5985b03157@group-75F499C3405C:LeaderElection11] INFO  server.RaftServerConfigKeys (ConfUtils.java:logGet(43)) - raft.server.watch.element-limit = 65536 (default)
2019-09-26 17:03:52,804 [Thread-329] INFO  impl.FollowerState (FollowerState.java:run(106)) - 0f6d0b51-49f2-46fd-a2f3-d041b41eab5c:group-399D1F29A66B changes to CANDIDATE, lastRpcTime:1006, electionTimeout:1006ms
2019-09-26 17:03:52,805 [Thread-329] INFO  impl.RoleInfo (RoleInfo.java:shutdownFollowerState(121)) - 0f6d0b51-49f2-46fd-a2f3-d041b41eab5c: shutdown FollowerState
2019-09-26 17:03:52,805 [Thread-329] INFO  impl.RaftServerImpl (RaftServerImpl.java:setRole(174)) - 0f6d0b51-49f2-46fd-a2f3-d041b41eab5c@group-399D1F29A66B: changes role from  FOLLOWER to CANDIDATE at term 0 for changeToCandidate
2019-09-26 17:03:52,805 [Thread-329] INFO  impl.RoleInfo (RoleInfo.java:updateAndGet(143)) - 0f6d0b51-49f2-46fd-a2f3-d041b41eab5c: start LeaderElection
2019-09-26 17:03:52,823 [0f6d0b51-49f2-46fd-a2f3-d041b41eab5c@group-399D1F29A66B:LeaderElection13] INFO  impl.LeaderElection (LeaderElection.java:askForVotes(182)) - 0f6d0b51-49f2-46fd-a2f3-d041b41eab5c@group-399D1F29A66B:LeaderElection13: begin an election at term 1 for -1: [ef5a9ab0-e109-4aa9-899d-c34ee583d2de:192.168.157.234:38928, 0f6d0b51-49f2-46fd-a2f3-d041b41eab5c:192.168.157.234:43173, c9877585-f333-4492-aed4-861a77134c16:192.168.157.234:36678], old=null
2019-09-26 17:03:52,844 [Thread-324] INFO  impl.FollowerState (FollowerState.java:run(106)) - 9ab6b823-6bc4-454f-9d50-ce70a440dcce:group-1BFFB9D78D43 changes to CANDIDATE, lastRpcTime:1139, electionTimeout:1134ms
2019-09-26 17:03:52,845 [Thread-324] INFO  impl.RoleInfo (RoleInfo.java:shutdownFollowerState(121)) - 9ab6b823-6bc4-454f-9d50-ce70a440dcce: shutdown FollowerState
2019-09-26 17:03:52,845 [Thread-324] INFO  impl.RaftServerImpl (RaftServerImpl.java:setRole(174)) - 9ab6b823-6bc4-454f-9d50-ce70a440dcce@group-1BFFB9D78D43: changes role from  FOLLOWER to CANDIDATE at term 0 for changeToCandidate
2019-09-26 17:03:52,847 [Thread-324] INFO  impl.RoleInfo (RoleInfo.java:updateAndGet(143)) - 9ab6b823-6bc4-454f-9d50-ce70a440dcce: start LeaderElection
2019-09-26 17:03:52,867 [9ab6b823-6bc4-454f-9d50-ce70a440dcce@group-1BFFB9D78D43:LeaderElection14] INFO  impl.LeaderElection (LeaderElection.java:askForVotes(182)) - 9ab6b823-6bc4-454f-9d50-ce70a440dcce@group-1BFFB9D78D43:LeaderElection14: begin an election at term 1 for -1: [9ab6b823-6bc4-454f-9d50-ce70a440dcce:192.168.157.234:39169, 4ac23ced-61a1-47b3-94f0-cee158ec4b70:192.168.157.234:37118, 7c50c947-8403-4ae1-a776-e6b1b01dc2cf:192.168.157.234:38824], old=null
2019-09-26 17:03:52,904 [Thread-340] INFO  impl.FollowerState (FollowerState.java:run(106)) - a85e129b-8c23-4c25-ae73-7b1aedd8229e:group-4B656B7D57A4 changes to CANDIDATE, lastRpcTime:1015, electionTimeout:1015ms
2019-09-26 17:03:52,905 [Thread-340] INFO  impl.RoleInfo (RoleInfo.java:shutdownFollowerState(121)) - a85e129b-8c23-4c25-ae73-7b1aedd8229e: shutdown FollowerState
2019-09-26 17:03:52,905 [Thread-340] INFO  impl.RaftServerImpl (RaftServerImpl.java:setRole(174)) - a85e129b-8c23-4c25-ae73-7b1aedd8229e@group-4B656B7D57A4: changes role from  FOLLOWER to CANDIDATE at term 0 for changeToCandidate
2019-09-26 17:03:52,920 [Thread-340] INFO  impl.RoleInfo (RoleInfo.java:updateAndGet(143)) - a85e129b-8c23-4c25-ae73-7b1aedd8229e: start LeaderElection
2019-09-26 17:03:52,930 [Thread-331] INFO  impl.FollowerState (FollowerState.java:run(106)) - ef5a9ab0-e109-4aa9-899d-c34ee583d2de:group-399D1F29A66B changes to CANDIDATE, lastRpcTime:1128, electionTimeout:1120ms
2019-09-26 17:03:52,930 [Thread-331] INFO  impl.RoleInfo (RoleInfo.java:shutdownFollowerState(121)) - ef5a9ab0-e109-4aa9-899d-c34ee583d2de: shutdown FollowerState
2019-09-26 17:03:52,930 [Thread-331] INFO  impl.RaftServerImpl (RaftServerImpl.java:setRole(174)) - ef5a9ab0-e109-4aa9-899d-c34ee583d2de@group-399D1F29A66B: changes role from  FOLLOWER to CANDIDATE at term 0 for changeToCandidate
2019-09-26 17:03:52,930 [Thread-331] INFO  impl.RoleInfo (RoleInfo.java:updateAndGet(143)) - ef5a9ab0-e109-4aa9-899d-c34ee583d2de: start LeaderElection
2019-09-26 17:03:52,937 [4ac23ced-61a1-47b3-94f0-cee158ec4b70@group-1BFFB9D78D43:LeaderElection10] INFO  impl.LeaderElection (LeaderElection.java:logAndReturn(56)) - 4ac23ced-61a1-47b3-94f0-cee158ec4b70@group-1BFFB9D78D43:LeaderElection10: Election REJECTED; received 2 response(s) [4ac23ced-61a1-47b3-94f0-cee158ec4b70<-9ab6b823-6bc4-454f-9d50-ce70a440dcce#0:FAIL-t1, 4ac23ced-61a1-47b3-94f0-cee158ec4b70<-7c50c947-8403-4ae1-a776-e6b1b01dc2cf#0:FAIL-t1] and 0 exception(s); 4ac23ced-61a1-47b3-94f0-cee158ec4b70@group-1BFFB9D78D43:t1, leader=null, voted=4ac23ced-61a1-47b3-94f0-cee158ec4b70, raftlog=4ac23ced-61a1-47b3-94f0-cee158ec4b70@group-1BFFB9D78D43-SegmentedRaftLog:OPENED:c-1,f-1,i0, conf=-1: [9ab6b823-6bc4-454f-9d50-ce70a440dcce:192.168.157.234:39169, 4ac23ced-61a1-47b3-94f0-cee158ec4b70:192.168.157.234:37118, 7c50c947-8403-4ae1-a776-e6b1b01dc2cf:192.168.157.234:38824], old=null
2019-09-26 17:03:52,938 [7c50c947-8403-4ae1-a776-e6b1b01dc2cf@group-1BFFB9D78D43:LeaderElection12] INFO  impl.LeaderElection (LeaderElection.java:logAndReturn(56)) - 7c50c947-8403-4ae1-a776-e6b1b01dc2cf@group-1BFFB9D78D43:LeaderElection12: Election REJECTED; received 2 response(s) [7c50c947-8403-4ae1-a776-e6b1b01dc2cf<-9ab6b823-6bc4-454f-9d50-ce70a440dcce#0:FAIL-t1, 7c50c947-8403-4ae1-a776-e6b1b01dc2cf<-4ac23ced-61a1-47b3-94f0-cee158ec4b70#0:FAIL-t1] and 0 exception(s); 7c50c947-8403-4ae1-a776-e6b1b01dc2cf@group-1BFFB9D78D43:t1, leader=null, voted=7c50c947-8403-4ae1-a776-e6b1b01dc2cf, raftlog=7c50c947-8403-4ae1-a776-e6b1b01dc2cf@group-1BFFB9D78D43-SegmentedRaftLog:OPENED:c-1,f-1,i0, conf=-1: [9ab6b823-6bc4-454f-9d50-ce70a440dcce:192.168.157.234:39169, 4ac23ced-61a1-47b3-94f0-cee158ec4b70:192.168.157.234:37118, 7c50c947-8403-4ae1-a776-e6b1b01dc2cf:192.168.157.234:38824], old=null
2019-09-26 17:03:52,943 [ef5a9ab0-e109-4aa9-899d-c34ee583d2de@group-399D1F29A66B:LeaderElection16] INFO  impl.LeaderElection (LeaderElection.java:askForVotes(182)) - ef5a9ab0-e109-4aa9-899d-c34ee583d2de@group-399D1F29A66B:LeaderElection16: begin an election at term 1 for -1: [ef5a9ab0-e109-4aa9-899d-c34ee583d2de:192.168.157.234:38928, 0f6d0b51-49f2-46fd-a2f3-d041b41eab5c:192.168.157.234:43173, c9877585-f333-4492-aed4-861a77134c16:192.168.157.234:36678], old=null
2019-09-26 17:03:52,943 [a85e129b-8c23-4c25-ae73-7b1aedd8229e@group-4B656B7D57A4:LeaderElection15] INFO  impl.LeaderElection (LeaderElection.java:askForVotes(182)) - a85e129b-8c23-4c25-ae73-7b1aedd8229e@group-4B656B7D57A4:LeaderElection15: begin an election at term 1 for -1: [15273f9a-72e8-4ae0-8091-781d0ea9f1eb:192.168.157.234:45996, f1b12ba6-b33d-40de-bd74-c3916eeb1dd7:192.168.157.234:35140, a85e129b-8c23-4c25-ae73-7b1aedd8229e:192.168.157.234:45424], old=null
2019-09-26 17:03:52,961 [Thread-344] INFO  impl.FollowerState (FollowerState.java:run(106)) - 15273f9a-72e8-4ae0-8091-781d0ea9f1eb:group-4B656B7D57A4 changes to CANDIDATE, lastRpcTime:1053, electionTimeout:1052ms
2019-09-26 17:03:52,963 [7c50c947-8403-4ae1-a776-e6b1b01dc2cf@group-1BFFB9D78D43:LeaderElection12] INFO  impl.RaftServerImpl (RaftServerImpl.java:setRole(174)) - 7c50c947-8403-4ae1-a776-e6b1b01dc2cf@group-1BFFB9D78D43: changes role from CANDIDATE to FOLLOWER at term 1 for DISCOVERED_A_NEW_TERM
2019-09-26 17:03:52,964 [Thread-344] INFO  impl.RoleInfo (RoleInfo.java:shutdownFollowerState(121)) - 15273f9a-72e8-4ae0-8091-781d0ea9f1eb: shutdown FollowerState
2019-09-26 17:03:52,964 [7c50c947-8403-4ae1-a776-e6b1b01dc2cf@group-1BFFB9D78D43:LeaderElection12] INFO  impl.RoleInfo (RoleInfo.java:shutdownLeaderElection(134)) - 7c50c947-8403-4ae1-a776-e6b1b01dc2cf: shutdown LeaderElection
2019-09-26 17:03:52,964 [Thread-344] INFO  impl.RaftServerImpl (RaftServerImpl.java:setRole(174)) - 15273f9a-72e8-4ae0-8091-781d0ea9f1eb@group-4B656B7D57A4: changes role from  FOLLOWER to CANDIDATE at term 0 for changeToCandidate
2019-09-26 17:03:52,967 [4ac23ced-61a1-47b3-94f0-cee158ec4b70@group-1BFFB9D78D43:LeaderElection10] INFO  impl.RaftServerImpl (RaftServerImpl.java:setRole(174)) - 4ac23ced-61a1-47b3-94f0-cee158ec4b70@group-1BFFB9D78D43: changes role from CANDIDATE to FOLLOWER at term 1 for DISCOVERED_A_NEW_TERM
2019-09-26 17:03:52,968 [grpc-default-executor-2] INFO  impl.RaftServerImpl (RaftServerImpl.java:setRole(174)) - c9877585-f333-4492-aed4-861a77134c16@group-399D1F29A66B: changes role from  FOLLOWER to FOLLOWER at term 1 for recognizeCandidate:0f6d0b51-49f2-46fd-a2f3-d041b41eab5c
2019-09-26 17:03:52,968 [7c50c947-8403-4ae1-a776-e6b1b01dc2cf@group-1BFFB9D78D43:LeaderElection12] INFO  impl.RoleInfo (RoleInfo.java:updateAndGet(143)) - 7c50c947-8403-4ae1-a776-e6b1b01dc2cf: start FollowerState
2019-09-26 17:03:52,968 [Thread-344] INFO  impl.RoleInfo (RoleInfo.java:updateAndGet(143)) - 15273f9a-72e8-4ae0-8091-781d0ea9f1eb: start LeaderElection
2019-09-26 17:03:52,968 [grpc-default-executor-2] INFO  impl.RoleInfo (RoleInfo.java:shutdownFollowerState(121)) - c9877585-f333-4492-aed4-861a77134c16: shutdown FollowerState
2019-09-26 17:03:52,968 [4ac23ced-61a1-47b3-94f0-cee158ec4b70@group-1BFFB9D78D43:LeaderElection10] INFO  impl.RoleInfo (RoleInfo.java:shutdownLeaderElection(134)) - 4ac23ced-61a1-47b3-94f0-cee158ec4b70: shutdown LeaderElection
2019-09-26 17:03:52,976 [grpc-default-executor-2] INFO  impl.RoleInfo (RoleInfo.java:updateAndGet(143)) - c9877585-f333-4492-aed4-861a77134c16: start FollowerState
2019-09-26 17:03:52,983 [4ac23ced-61a1-47b3-94f0-cee158ec4b70@group-1BFFB9D78D43:LeaderElection10] INFO  impl.RoleInfo (RoleInfo.java:updateAndGet(143)) - 4ac23ced-61a1-47b3-94f0-cee158ec4b70: start FollowerState
2019-09-26 17:03:53,004 [Thread-332] INFO  impl.FollowerState (FollowerState.java:run(115)) - c9877585-f333-4492-aed4-861a77134c16: FollowerState was interrupted: java.lang.InterruptedException: sleep interrupted
2019-09-26 17:03:53,018 [15273f9a-72e8-4ae0-8091-781d0ea9f1eb@group-4B656B7D57A4:LeaderElection17] INFO  impl.LeaderElection (LeaderElection.java:askForVotes(182)) - 15273f9a-72e8-4ae0-8091-781d0ea9f1eb@group-4B656B7D57A4:LeaderElection17: begin an election at term 1 for -1: [15273f9a-72e8-4ae0-8091-781d0ea9f1eb:192.168.157.234:45996, f1b12ba6-b33d-40de-bd74-c3916eeb1dd7:192.168.157.234:35140, a85e129b-8c23-4c25-ae73-7b1aedd8229e:192.168.157.234:45424], old=null
2019-09-26 17:03:53,052 [0f6d0b51-49f2-46fd-a2f3-d041b41eab5c@group-399D1F29A66B:LeaderElection13] INFO  impl.LeaderElection (LeaderElection.java:logAndReturn(56)) - 0f6d0b51-49f2-46fd-a2f3-d041b41eab5c@group-399D1F29A66B:LeaderElection13: Election PASSED; received 2 response(s) [0f6d0b51-49f2-46fd-a2f3-d041b41eab5c<-ef5a9ab0-e109-4aa9-899d-c34ee583d2de#0:FAIL-t1, 0f6d0b51-49f2-46fd-a2f3-d041b41eab5c<-c9877585-f333-4492-aed4-861a77134c16#0:OK-t1] and 0 exception(s); 0f6d0b51-49f2-46fd-a2f3-d041b41eab5c@group-399D1F29A66B:t1, leader=null, voted=0f6d0b51-49f2-46fd-a2f3-d041b41eab5c, raftlog=0f6d0b51-49f2-46fd-a2f3-d041b41eab5c@group-399D1F29A66B-SegmentedRaftLog:OPENED:c-1,f-1,i0, conf=-1: [ef5a9ab0-e109-4aa9-899d-c34ee583d2de:192.168.157.234:38928, 0f6d0b51-49f2-46fd-a2f3-d041b41eab5c:192.168.157.234:43173, c9877585-f333-4492-aed4-861a77134c16:192.168.157.234:36678], old=null
2019-09-26 17:03:53,052 [0f6d0b51-49f2-46fd-a2f3-d041b41eab5c@group-399D1F29A66B:LeaderElection13] INFO  impl.RoleInfo (RoleInfo.java:shutdownLeaderElection(134)) - 0f6d0b51-49f2-46fd-a2f3-d041b41eab5c: shutdown LeaderElection
2019-09-26 17:03:53,059 [0f6d0b51-49f2-46fd-a2f3-d041b41eab5c@group-399D1F29A66B:LeaderElection13] INFO  impl.RaftServerImpl (RaftServerImpl.java:setRole(174)) - 0f6d0b51-49f2-46fd-a2f3-d041b41eab5c@group-399D1F29A66B: changes role from CANDIDATE to LEADER at term 1 for changeToLeader
2019-09-26 17:03:53,059 [0f6d0b51-49f2-46fd-a2f3-d041b41eab5c@group-399D1F29A66B:LeaderElection13] INFO  impl.RaftServerImpl (ServerState.java:setLeader(253)) - 0f6d0b51-49f2-46fd-a2f3-d041b41eab5c@group-399D1F29A66B: change Leader from null to 0f6d0b51-49f2-46fd-a2f3-d041b41eab5c at term 1 for becomeLeader, leader elected after 1269ms
2019-09-26 17:03:53,061 [0f6d0b51-49f2-46fd-a2f3-d041b41eab5c@group-399D1F29A66B:LeaderElection13] INFO  server.RaftServerConfigKeys (ConfUtils.java:logGet(43)) - raft.server.staging.catchup.gap = 1000 (default)
2019-09-26 17:03:53,061 [0f6d0b51-49f2-46fd-a2f3-d041b41eab5c@group-399D1F29A66B:LeaderElection13] INFO  server.RaftServerConfigKeys (ConfUtils.java:logGet(43)) - raft.server.rpc.sleep.time = 25ms (default)
2019-09-26 17:03:53,061 [0f6d0b51-49f2-46fd-a2f3-d041b41eab5c@group-399D1F29A66B:LeaderElection13] INFO  server.RaftServerConfigKeys (ConfUtils.java:logGet(43)) - raft.server.write.element-limit = 4096 (default)
2019-09-26 17:03:53,061 [Thread-339] INFO  impl.FollowerState (FollowerState.java:run(106)) - f1b12ba6-b33d-40de-bd74-c3916eeb1dd7:group-4B656B7D57A4 changes to CANDIDATE, lastRpcTime:1172, electionTimeout:1172ms
2019-09-26 17:03:53,063 [0f6d0b51-49f2-46fd-a2f3-d041b41eab5c@group-399D1F29A66B:LeaderElection13] INFO  server.RaftServerConfigKeys (ConfUtils.java:logGet(43)) - raft.server.watch.timeout = 10s (default)
2019-09-26 17:03:53,065 [Thread-339] INFO  impl.RoleInfo (RoleInfo.java:shutdownFollowerState(121)) - f1b12ba6-b33d-40de-bd74-c3916eeb1dd7: shutdown FollowerState
2019-09-26 17:03:53,065 [0f6d0b51-49f2-46fd-a2f3-d041b41eab5c@group-399D1F29A66B:LeaderElection13] INFO  server.RaftServerConfigKeys (ConfUtils.java:logGet(43)) - raft.server.watch.timeout.denomination = 1s (default)
2019-09-26 17:03:53,065 [Thread-339] INFO  impl.RaftServerImpl (RaftServerImpl.java:setRole(174)) - f1b12ba6-b33d-40de-bd74-c3916eeb1dd7@group-4B656B7D57A4: changes role from  FOLLOWER to CANDIDATE at term 0 for changeToCandidate
2019-09-26 17:03:53,065 [0f6d0b51-49f2-46fd-a2f3-d041b41eab5c@group-399D1F29A66B:LeaderElection13] INFO  server.RaftServerConfigKeys (ConfUtils.java:logGet(43)) - raft.server.watch.element-limit = 65536 (default)
2019-09-26 17:03:53,065 [Thread-339] INFO  impl.RoleInfo (RoleInfo.java:updateAndGet(143)) - f1b12ba6-b33d-40de-bd74-c3916eeb1dd7: start LeaderElection
2019-09-26 17:03:53,065 [9ab6b823-6bc4-454f-9d50-ce70a440dcce@group-1BFFB9D78D43:LeaderElection14] INFO  impl.LeaderElection (LeaderElection.java:logAndReturn(56)) - 9ab6b823-6bc4-454f-9d50-ce70a440dcce@group-1BFFB9D78D43:LeaderElection14: Election REJECTED; received 2 response(s) [9ab6b823-6bc4-454f-9d50-ce70a440dcce<-4ac23ced-61a1-47b3-94f0-cee158ec4b70#0:FAIL-t1, 9ab6b823-6bc4-454f-9d50-ce70a440dcce<-7c50c947-8403-4ae1-a776-e6b1b01dc2cf#0:FAIL-t1] and 0 exception(s); 9ab6b823-6bc4-454f-9d50-ce70a440dcce@group-1BFFB9D78D43:t1, leader=null, voted=9ab6b823-6bc4-454f-9d50-ce70a440dcce, raftlog=9ab6b823-6bc4-454f-9d50-ce70a440dcce@group-1BFFB9D78D43-SegmentedRaftLog:OPENED:c-1,f-1,i0, conf=-1: [9ab6b823-6bc4-454f-9d50-ce70a440dcce:192.168.157.234:39169, 4ac23ced-61a1-47b3-94f0-cee158ec4b70:192.168.157.234:37118, 7c50c947-8403-4ae1-a776-e6b1b01dc2cf:192.168.157.234:38824], old=null
2019-09-26 17:03:53,067 [9ab6b823-6bc4-454f-9d50-ce70a440dcce@group-1BFFB9D78D43:LeaderElection14] INFO  impl.RaftServerImpl (RaftServerImpl.java:setRole(174)) - 9ab6b823-6bc4-454f-9d50-ce70a440dcce@group-1BFFB9D78D43: changes role from CANDIDATE to FOLLOWER at term 1 for DISCOVERED_A_NEW_TERM
2019-09-26 17:03:53,070 [9ab6b823-6bc4-454f-9d50-ce70a440dcce@group-1BFFB9D78D43:LeaderElection14] INFO  impl.RoleInfo (RoleInfo.java:shutdownLeaderElection(134)) - 9ab6b823-6bc4-454f-9d50-ce70a440dcce: shutdown LeaderElection
2019-09-26 17:03:53,070 [9ab6b823-6bc4-454f-9d50-ce70a440dcce@group-1BFFB9D78D43:LeaderElection14] INFO  impl.RoleInfo (RoleInfo.java:updateAndGet(143)) - 9ab6b823-6bc4-454f-9d50-ce70a440dcce: start FollowerState
2019-09-26 17:03:53,103 [f1b12ba6-b33d-40de-bd74-c3916eeb1dd7@group-4B656B7D57A4:LeaderElection18] INFO  impl.LeaderElection (LeaderElection.java:askForVotes(182)) - f1b12ba6-b33d-40de-bd74-c3916eeb1dd7@group-4B656B7D57A4:LeaderElection18: begin an election at term 1 for -1: [15273f9a-72e8-4ae0-8091-781d0ea9f1eb:192.168.157.234:45996, f1b12ba6-b33d-40de-bd74-c3916eeb1dd7:192.168.157.234:35140, a85e129b-8c23-4c25-ae73-7b1aedd8229e:192.168.157.234:45424], old=null
2019-09-26 17:03:53,124 [Thread-283] INFO  container.ReplicationManager (ReplicationManager.java:start(162)) - Starting Replication Monitor Thread.
2019-09-26 17:03:53,129 [f1b12ba6-b33d-40de-bd74-c3916eeb1dd7@group-589227A3A8B9:LeaderElection9] INFO  impl.RoleInfo (RoleInfo.java:updateAndGet(143)) - f1b12ba6-b33d-40de-bd74-c3916eeb1dd7: start LeaderState
2019-09-26 17:03:53,129 [ReplicationMonitor] INFO  container.ReplicationManager (ReplicationManager.java:run(225)) - Replication Monitor Thread took 2 milliseconds for processing 0 containers.
2019-09-26 17:03:53,130 [f1b12ba6-b33d-40de-bd74-c3916eeb1dd7@group-589227A3A8B9:LeaderElection9] INFO  segmented.SegmentedRaftLogWorker (SegmentedRaftLogWorker.java:startLogSegment(380)) - f1b12ba6-b33d-40de-bd74-c3916eeb1dd7@group-589227A3A8B9-SegmentedRaftLogWorker: Starting segment from index:0
2019-09-26 17:03:53,130 [0f6d0b51-49f2-46fd-a2f3-d041b41eab5c@group-399D1F29A66B:LeaderElection13] INFO  server.RaftServerConfigKeys (ConfUtils.java:logGet(43)) - raft.server.log.appender.snapshot.chunk.size.max = 16MB (=16777216) (default)
2019-09-26 17:03:53,130 [f1b12ba6-b33d-40de-bd74-c3916eeb1dd7@group-589227A3A8B9:LeaderElection9] INFO  impl.RaftServerImpl (ServerState.java:setRaftConf(354)) - f1b12ba6-b33d-40de-bd74-c3916eeb1dd7@group-589227A3A8B9: set configuration 0: [f1b12ba6-b33d-40de-bd74-c3916eeb1dd7:192.168.157.234:35140], old=null at 0
2019-09-26 17:03:53,130 [0f6d0b51-49f2-46fd-a2f3-d041b41eab5c@group-399D1F29A66B:LeaderElection13] INFO  server.RaftServerConfigKeys (ConfUtils.java:logGet(43)) - raft.server.log.appender.buffer.byte-limit = 33554432 (custom)
2019-09-26 17:03:53,130 [15273f9a-72e8-4ae0-8091-781d0ea9f1eb@group-4B656B7D57A4:LeaderElection17] INFO  impl.LeaderElection (LeaderElection.java:logAndReturn(56)) - 15273f9a-72e8-4ae0-8091-781d0ea9f1eb@group-4B656B7D57A4:LeaderElection17: Election REJECTED; received 2 response(s) [15273f9a-72e8-4ae0-8091-781d0ea9f1eb<-f1b12ba6-b33d-40de-bd74-c3916eeb1dd7#0:FAIL-t1, 15273f9a-72e8-4ae0-8091-781d0ea9f1eb<-a85e129b-8c23-4c25-ae73-7b1aedd8229e#0:FAIL-t1] and 0 exception(s); 15273f9a-72e8-4ae0-8091-781d0ea9f1eb@group-4B656B7D57A4:t1, leader=null, voted=15273f9a-72e8-4ae0-8091-781d0ea9f1eb, raftlog=15273f9a-72e8-4ae0-8091-781d0ea9f1eb@group-4B656B7D57A4-SegmentedRaftLog:OPENED:c-1,f-1,i0, conf=-1: [15273f9a-72e8-4ae0-8091-781d0ea9f1eb:192.168.157.234:45996, f1b12ba6-b33d-40de-bd74-c3916eeb1dd7:192.168.157.234:35140, a85e129b-8c23-4c25-ae73-7b1aedd8229e:192.168.157.234:45424], old=null
2019-09-26 17:03:53,144 [15273f9a-72e8-4ae0-8091-781d0ea9f1eb@group-6E63BC19DBC4:LeaderElection8] INFO  impl.RoleInfo (RoleInfo.java:updateAndGet(143)) - 15273f9a-72e8-4ae0-8091-781d0ea9f1eb: start LeaderState
2019-09-26 17:03:53,149 [15273f9a-72e8-4ae0-8091-781d0ea9f1eb@group-4B656B7D57A4:LeaderElection17] INFO  impl.RaftServerImpl (RaftServerImpl.java:setRole(174)) - 15273f9a-72e8-4ae0-8091-781d0ea9f1eb@group-4B656B7D57A4: changes role from CANDIDATE to FOLLOWER at term 1 for DISCOVERED_A_NEW_TERM
2019-09-26 17:03:53,157 [f1b12ba6-b33d-40de-bd74-c3916eeb1dd7@group-589227A3A8B9-SegmentedRaftLogWorker] INFO  segmented.SegmentedRaftLogWorker (SegmentedRaftLogWorker.java:execute(569)) - f1b12ba6-b33d-40de-bd74-c3916eeb1dd7@group-589227A3A8B9-SegmentedRaftLogWorker: created new log segment /workdir/hadoop-ozone/integration-test/target/test-dir/MiniOzoneClusterImpl-d6ca620c-cb63-484f-a581-7c0900b96a5f/datanode-1/data/ratis/56f32de9-142c-440f-ad9c-589227a3a8b9/current/log_inprogress_0
2019-09-26 17:03:53,157 [15273f9a-72e8-4ae0-8091-781d0ea9f1eb@group-4B656B7D57A4:LeaderElection17] INFO  impl.RoleInfo (RoleInfo.java:shutdownLeaderElection(134)) - 15273f9a-72e8-4ae0-8091-781d0ea9f1eb: shutdown LeaderElection
2019-09-26 17:03:53,157 [15273f9a-72e8-4ae0-8091-781d0ea9f1eb@group-6E63BC19DBC4:LeaderElection8] INFO  segmented.SegmentedRaftLogWorker (SegmentedRaftLogWorker.java:startLogSegment(380)) - 15273f9a-72e8-4ae0-8091-781d0ea9f1eb@group-6E63BC19DBC4-SegmentedRaftLogWorker: Starting segment from index:0
2019-09-26 17:03:53,158 [15273f9a-72e8-4ae0-8091-781d0ea9f1eb@group-4B656B7D57A4:LeaderElection17] INFO  impl.RoleInfo (RoleInfo.java:updateAndGet(143)) - 15273f9a-72e8-4ae0-8091-781d0ea9f1eb: start FollowerState
2019-09-26 17:03:53,157 [a26ecbb9-64c1-4e5a-aa1d-1c5985b03157@group-75F499C3405C:LeaderElection11] INFO  impl.RoleInfo (RoleInfo.java:updateAndGet(143)) - a26ecbb9-64c1-4e5a-aa1d-1c5985b03157: start LeaderState
2019-09-26 17:03:53,158 [0f6d0b51-49f2-46fd-a2f3-d041b41eab5c@group-399D1F29A66B:LeaderElection13] INFO  server.RaftServerConfigKeys (ConfUtils.java:logGet(43)) - raft.server.log.appender.buffer.element-limit = 1 (custom)
2019-09-26 17:03:53,158 [15273f9a-72e8-4ae0-8091-781d0ea9f1eb@group-6E63BC19DBC4:LeaderElection8] INFO  impl.RaftServerImpl (ServerState.java:setRaftConf(354)) - 15273f9a-72e8-4ae0-8091-781d0ea9f1eb@group-6E63BC19DBC4: set configuration 0: [15273f9a-72e8-4ae0-8091-781d0ea9f1eb:192.168.157.234:45996], old=null at 0
2019-09-26 17:03:53,158 [a26ecbb9-64c1-4e5a-aa1d-1c5985b03157@group-75F499C3405C:LeaderElection11] INFO  segmented.SegmentedRaftLogWorker (SegmentedRaftLogWorker.java:startLogSegment(380)) - a26ecbb9-64c1-4e5a-aa1d-1c5985b03157@group-75F499C3405C-SegmentedRaftLogWorker: Starting segment from index:0
2019-09-26 17:03:53,158 [a85e129b-8c23-4c25-ae73-7b1aedd8229e@group-FDA075ABF092:LeaderElection7] INFO  impl.RoleInfo (RoleInfo.java:updateAndGet(143)) - a85e129b-8c23-4c25-ae73-7b1aedd8229e: start LeaderState
2019-09-26 17:03:53,159 [a85e129b-8c23-4c25-ae73-7b1aedd8229e@group-FDA075ABF092:LeaderElection7] INFO  segmented.SegmentedRaftLogWorker (SegmentedRaftLogWorker.java:startLogSegment(380)) - a85e129b-8c23-4c25-ae73-7b1aedd8229e@group-FDA075ABF092-SegmentedRaftLogWorker: Starting segment from index:0
2019-09-26 17:03:53,159 [a26ecbb9-64c1-4e5a-aa1d-1c5985b03157@group-75F499C3405C:LeaderElection11] INFO  impl.RaftServerImpl (ServerState.java:setRaftConf(354)) - a26ecbb9-64c1-4e5a-aa1d-1c5985b03157@group-75F499C3405C: set configuration 0: [a26ecbb9-64c1-4e5a-aa1d-1c5985b03157:192.168.157.234:40062], old=null at 0
2019-09-26 17:03:53,177 [a85e129b-8c23-4c25-ae73-7b1aedd8229e@group-FDA075ABF092:LeaderElection7] INFO  impl.RaftServerImpl (ServerState.java:setRaftConf(354)) - a85e129b-8c23-4c25-ae73-7b1aedd8229e@group-FDA075ABF092: set configuration 0: [a85e129b-8c23-4c25-ae73-7b1aedd8229e:192.168.157.234:45424], old=null at 0
2019-09-26 17:03:53,182 [0f6d0b51-49f2-46fd-a2f3-d041b41eab5c@group-399D1F29A66B:LeaderElection13] INFO  grpc.GrpcConfigKeys$Server (ConfUtils.java:logGet(43)) - raft.grpc.server.leader.outstanding.appends.max = 128 (default)
2019-09-26 17:03:53,189 [0f6d0b51-49f2-46fd-a2f3-d041b41eab5c@group-399D1F29A66B:LeaderElection13] INFO  server.RaftServerConfigKeys (ConfUtils.java:logGet(43)) - raft.server.rpc.request.timeout = 3000ms (default)
2019-09-26 17:03:53,189 [0f6d0b51-49f2-46fd-a2f3-d041b41eab5c@group-399D1F29A66B:LeaderElection13] INFO  server.RaftServerConfigKeys (ConfUtils.java:logGet(43)) - raft.server.log.appender.install.snapshot.enabled = false (custom)
2019-09-26 17:03:53,193 [a26ecbb9-64c1-4e5a-aa1d-1c5985b03157@group-75F499C3405C-SegmentedRaftLogWorker] INFO  segmented.SegmentedRaftLogWorker (SegmentedRaftLogWorker.java:execute(569)) - a26ecbb9-64c1-4e5a-aa1d-1c5985b03157@group-75F499C3405C-SegmentedRaftLogWorker: created new log segment /workdir/hadoop-ozone/integration-test/target/test-dir/MiniOzoneClusterImpl-d6ca620c-cb63-484f-a581-7c0900b96a5f/datanode-4/data/ratis/b239aac3-a356-46c7-a5fb-75f499c3405c/current/log_inprogress_0
2019-09-26 17:03:53,193 [15273f9a-72e8-4ae0-8091-781d0ea9f1eb@group-6E63BC19DBC4-SegmentedRaftLogWorker] INFO  segmented.SegmentedRaftLogWorker (SegmentedRaftLogWorker.java:execute(569)) - 15273f9a-72e8-4ae0-8091-781d0ea9f1eb@group-6E63BC19DBC4-SegmentedRaftLogWorker: created new log segment /workdir/hadoop-ozone/integration-test/target/test-dir/MiniOzoneClusterImpl-d6ca620c-cb63-484f-a581-7c0900b96a5f/datanode-2/data/ratis/cd35f285-0e46-4296-8949-6e63bc19dbc4/current/log_inprogress_0
2019-09-26 17:03:53,193 [a85e129b-8c23-4c25-ae73-7b1aedd8229e@group-FDA075ABF092-SegmentedRaftLogWorker] INFO  segmented.SegmentedRaftLogWorker (SegmentedRaftLogWorker.java:execute(569)) - a85e129b-8c23-4c25-ae73-7b1aedd8229e@group-FDA075ABF092-SegmentedRaftLogWorker: created new log segment /workdir/hadoop-ozone/integration-test/target/test-dir/MiniOzoneClusterImpl-d6ca620c-cb63-484f-a581-7c0900b96a5f/datanode-9/data/ratis/7764b513-3ba7-433f-aeca-fda075abf092/current/log_inprogress_0
2019-09-26 17:03:53,194 [0f6d0b51-49f2-46fd-a2f3-d041b41eab5c@group-399D1F29A66B:LeaderElection13] INFO  server.RaftServerConfigKeys (ConfUtils.java:logGet(43)) - raft.server.log.appender.snapshot.chunk.size.max = 16MB (=16777216) (default)
2019-09-26 17:03:53,194 [0f6d0b51-49f2-46fd-a2f3-d041b41eab5c@group-399D1F29A66B:LeaderElection13] INFO  server.RaftServerConfigKeys (ConfUtils.java:logGet(43)) - raft.server.log.appender.buffer.byte-limit = 33554432 (custom)
2019-09-26 17:03:53,194 [f1b12ba6-b33d-40de-bd74-c3916eeb1dd7@group-4B656B7D57A4:LeaderElection18] INFO  impl.LeaderElection (LeaderElection.java:logAndReturn(56)) - f1b12ba6-b33d-40de-bd74-c3916eeb1dd7@group-4B656B7D57A4:LeaderElection18: Election REJECTED; received 2 response(s) [f1b12ba6-b33d-40de-bd74-c3916eeb1dd7<-15273f9a-72e8-4ae0-8091-781d0ea9f1eb#0:FAIL-t1, f1b12ba6-b33d-40de-bd74-c3916eeb1dd7<-a85e129b-8c23-4c25-ae73-7b1aedd8229e#0:FAIL-t1] and 0 exception(s); f1b12ba6-b33d-40de-bd74-c3916eeb1dd7@group-4B656B7D57A4:t1, leader=null, voted=f1b12ba6-b33d-40de-bd74-c3916eeb1dd7, raftlog=f1b12ba6-b33d-40de-bd74-c3916eeb1dd7@group-4B656B7D57A4-SegmentedRaftLog:OPENED:c-1,f-1,i0, conf=-1: [15273f9a-72e8-4ae0-8091-781d0ea9f1eb:192.168.157.234:45996, f1b12ba6-b33d-40de-bd74-c3916eeb1dd7:192.168.157.234:35140, a85e129b-8c23-4c25-ae73-7b1aedd8229e:192.168.157.234:45424], old=null
2019-09-26 17:03:53,194 [0f6d0b51-49f2-46fd-a2f3-d041b41eab5c@group-399D1F29A66B:LeaderElection13] INFO  server.RaftServerConfigKeys (ConfUtils.java:logGet(43)) - raft.server.log.appender.buffer.element-limit = 1 (custom)
2019-09-26 17:03:53,194 [f1b12ba6-b33d-40de-bd74-c3916eeb1dd7@group-4B656B7D57A4:LeaderElection18] INFO  impl.RaftServerImpl (RaftServerImpl.java:setRole(174)) - f1b12ba6-b33d-40de-bd74-c3916eeb1dd7@group-4B656B7D57A4: changes role from CANDIDATE to FOLLOWER at term 1 for DISCOVERED_A_NEW_TERM
2019-09-26 17:03:53,196 [0f6d0b51-49f2-46fd-a2f3-d041b41eab5c@group-399D1F29A66B:LeaderElection13] INFO  grpc.GrpcConfigKeys$Server (ConfUtils.java:logGet(43)) - raft.grpc.server.leader.outstanding.appends.max = 128 (default)
2019-09-26 17:03:53,196 [f1b12ba6-b33d-40de-bd74-c3916eeb1dd7@group-4B656B7D57A4:LeaderElection18] INFO  impl.RoleInfo (RoleInfo.java:shutdownLeaderElection(134)) - f1b12ba6-b33d-40de-bd74-c3916eeb1dd7: shutdown LeaderElection
2019-09-26 17:03:53,196 [0f6d0b51-49f2-46fd-a2f3-d041b41eab5c@group-399D1F29A66B:LeaderElection13] INFO  server.RaftServerConfigKeys (ConfUtils.java:logGet(43)) - raft.server.rpc.request.timeout = 3000ms (default)
2019-09-26 17:03:53,198 [f1b12ba6-b33d-40de-bd74-c3916eeb1dd7@group-4B656B7D57A4:LeaderElection18] INFO  impl.RoleInfo (RoleInfo.java:updateAndGet(143)) - f1b12ba6-b33d-40de-bd74-c3916eeb1dd7: start FollowerState
2019-09-26 17:03:53,198 [0f6d0b51-49f2-46fd-a2f3-d041b41eab5c@group-399D1F29A66B:LeaderElection13] INFO  server.RaftServerConfigKeys (ConfUtils.java:logGet(43)) - raft.server.log.appender.install.snapshot.enabled = false (custom)
2019-09-26 17:03:53,198 [a85e129b-8c23-4c25-ae73-7b1aedd8229e@group-4B656B7D57A4:LeaderElection15] INFO  impl.LeaderElection (LeaderElection.java:logAndReturn(56)) - a85e129b-8c23-4c25-ae73-7b1aedd8229e@group-4B656B7D57A4:LeaderElection15: Election REJECTED; received 2 response(s) [a85e129b-8c23-4c25-ae73-7b1aedd8229e<-15273f9a-72e8-4ae0-8091-781d0ea9f1eb#0:FAIL-t1, a85e129b-8c23-4c25-ae73-7b1aedd8229e<-f1b12ba6-b33d-40de-bd74-c3916eeb1dd7#0:FAIL-t1] and 0 exception(s); a85e129b-8c23-4c25-ae73-7b1aedd8229e@group-4B656B7D57A4:t1, leader=null, voted=a85e129b-8c23-4c25-ae73-7b1aedd8229e, raftlog=a85e129b-8c23-4c25-ae73-7b1aedd8229e@group-4B656B7D57A4-SegmentedRaftLog:OPENED:c-1,f-1,i0, conf=-1: [15273f9a-72e8-4ae0-8091-781d0ea9f1eb:192.168.157.234:45996, f1b12ba6-b33d-40de-bd74-c3916eeb1dd7:192.168.157.234:35140, a85e129b-8c23-4c25-ae73-7b1aedd8229e:192.168.157.234:45424], old=null
2019-09-26 17:03:53,199 [a85e129b-8c23-4c25-ae73-7b1aedd8229e@group-4B656B7D57A4:LeaderElection15] INFO  impl.RaftServerImpl (RaftServerImpl.java:setRole(174)) - a85e129b-8c23-4c25-ae73-7b1aedd8229e@group-4B656B7D57A4: changes role from CANDIDATE to FOLLOWER at term 1 for DISCOVERED_A_NEW_TERM
2019-09-26 17:03:53,199 [a85e129b-8c23-4c25-ae73-7b1aedd8229e@group-4B656B7D57A4:LeaderElection15] INFO  impl.RoleInfo (RoleInfo.java:shutdownLeaderElection(134)) - a85e129b-8c23-4c25-ae73-7b1aedd8229e: shutdown LeaderElection
2019-09-26 17:03:53,199 [a85e129b-8c23-4c25-ae73-7b1aedd8229e@group-4B656B7D57A4:LeaderElection15] INFO  impl.RoleInfo (RoleInfo.java:updateAndGet(143)) - a85e129b-8c23-4c25-ae73-7b1aedd8229e: start FollowerState
2019-09-26 17:03:53,202 [0f6d0b51-49f2-46fd-a2f3-d041b41eab5c@group-399D1F29A66B:LeaderElection13] INFO  impl.RoleInfo (RoleInfo.java:updateAndGet(143)) - 0f6d0b51-49f2-46fd-a2f3-d041b41eab5c: start LeaderState
2019-09-26 17:03:53,203 [0f6d0b51-49f2-46fd-a2f3-d041b41eab5c@group-399D1F29A66B:LeaderElection13] INFO  segmented.SegmentedRaftLogWorker (SegmentedRaftLogWorker.java:startLogSegment(380)) - 0f6d0b51-49f2-46fd-a2f3-d041b41eab5c@group-399D1F29A66B-SegmentedRaftLogWorker: Starting segment from index:0
2019-09-26 17:03:53,204 [0f6d0b51-49f2-46fd-a2f3-d041b41eab5c@group-399D1F29A66B:LeaderElection13] INFO  impl.RaftServerImpl (ServerState.java:setRaftConf(354)) - 0f6d0b51-49f2-46fd-a2f3-d041b41eab5c@group-399D1F29A66B: set configuration 0: [ef5a9ab0-e109-4aa9-899d-c34ee583d2de:192.168.157.234:38928, 0f6d0b51-49f2-46fd-a2f3-d041b41eab5c:192.168.157.234:43173, c9877585-f333-4492-aed4-861a77134c16:192.168.157.234:36678], old=null at 0
2019-09-26 17:03:53,204 [grpc-default-executor-5] INFO  impl.RaftServerImpl (RaftServerImpl.java:requestVote(758)) - 0f6d0b51-49f2-46fd-a2f3-d041b41eab5c@group-399D1F29A66B-   LEADER: Withhold vote from candidate ef5a9ab0-e109-4aa9-899d-c34ee583d2de with term 1. State: leader=0f6d0b51-49f2-46fd-a2f3-d041b41eab5c, term=1, lastRpcElapsed=null
2019-09-26 17:03:53,230 [ef5a9ab0-e109-4aa9-899d-c34ee583d2de@group-399D1F29A66B:LeaderElection16] INFO  impl.LeaderElection (LeaderElection.java:logAndReturn(56)) - ef5a9ab0-e109-4aa9-899d-c34ee583d2de@group-399D1F29A66B:LeaderElection16: Election REJECTED; received 2 response(s) [ef5a9ab0-e109-4aa9-899d-c34ee583d2de<-0f6d0b51-49f2-46fd-a2f3-d041b41eab5c#0:FAIL-t1, ef5a9ab0-e109-4aa9-899d-c34ee583d2de<-c9877585-f333-4492-aed4-861a77134c16#0:FAIL-t1] and 0 exception(s); ef5a9ab0-e109-4aa9-899d-c34ee583d2de@group-399D1F29A66B:t1, leader=null, voted=ef5a9ab0-e109-4aa9-899d-c34ee583d2de, raftlog=ef5a9ab0-e109-4aa9-899d-c34ee583d2de@group-399D1F29A66B-SegmentedRaftLog:OPENED:c-1,f-1,i0, conf=-1: [ef5a9ab0-e109-4aa9-899d-c34ee583d2de:192.168.157.234:38928, 0f6d0b51-49f2-46fd-a2f3-d041b41eab5c:192.168.157.234:43173, c9877585-f333-4492-aed4-861a77134c16:192.168.157.234:36678], old=null
2019-09-26 17:03:53,232 [ef5a9ab0-e109-4aa9-899d-c34ee583d2de@group-399D1F29A66B:LeaderElection16] INFO  impl.RaftServerImpl (RaftServerImpl.java:setRole(174)) - ef5a9ab0-e109-4aa9-899d-c34ee583d2de@group-399D1F29A66B: changes role from CANDIDATE to FOLLOWER at term 1 for DISCOVERED_A_NEW_TERM
2019-09-26 17:03:53,232 [ef5a9ab0-e109-4aa9-899d-c34ee583d2de@group-399D1F29A66B:LeaderElection16] INFO  impl.RoleInfo (RoleInfo.java:shutdownLeaderElection(134)) - ef5a9ab0-e109-4aa9-899d-c34ee583d2de: shutdown LeaderElection
2019-09-26 17:03:53,232 [ef5a9ab0-e109-4aa9-899d-c34ee583d2de@group-399D1F29A66B:LeaderElection16] INFO  impl.RoleInfo (RoleInfo.java:updateAndGet(143)) - ef5a9ab0-e109-4aa9-899d-c34ee583d2de: start FollowerState
2019-09-26 17:03:53,250 [grpc-default-executor-3] INFO  impl.RaftServerImpl (ServerState.java:setLeader(253)) - ef5a9ab0-e109-4aa9-899d-c34ee583d2de@group-399D1F29A66B: change Leader from null to 0f6d0b51-49f2-46fd-a2f3-d041b41eab5c at term 1 for appendEntries, leader elected after 1460ms
2019-09-26 17:03:53,250 [0f6d0b51-49f2-46fd-a2f3-d041b41eab5c@group-399D1F29A66B-SegmentedRaftLogWorker] INFO  segmented.SegmentedRaftLogWorker (SegmentedRaftLogWorker.java:execute(569)) - 0f6d0b51-49f2-46fd-a2f3-d041b41eab5c@group-399D1F29A66B-SegmentedRaftLogWorker: created new log segment /workdir/hadoop-ozone/integration-test/target/test-dir/MiniOzoneClusterImpl-d6ca620c-cb63-484f-a581-7c0900b96a5f/datanode-3/data/ratis/839d61d9-5495-4bef-a29e-399d1f29a66b/current/log_inprogress_0
2019-09-26 17:03:53,252 [grpc-default-executor-5] INFO  impl.RaftServerImpl (ServerState.java:setLeader(253)) - c9877585-f333-4492-aed4-861a77134c16@group-399D1F29A66B: change Leader from null to 0f6d0b51-49f2-46fd-a2f3-d041b41eab5c at term 1 for appendEntries, leader elected after 1462ms
2019-09-26 17:03:53,279 [grpc-default-executor-3] INFO  impl.RaftServerImpl (ServerState.java:setRaftConf(354)) - ef5a9ab0-e109-4aa9-899d-c34ee583d2de@group-399D1F29A66B: set configuration 0: [ef5a9ab0-e109-4aa9-899d-c34ee583d2de:192.168.157.234:38928, 0f6d0b51-49f2-46fd-a2f3-d041b41eab5c:192.168.157.234:43173, c9877585-f333-4492-aed4-861a77134c16:192.168.157.234:36678], old=null at 0
2019-09-26 17:03:53,279 [grpc-default-executor-5] INFO  impl.RaftServerImpl (ServerState.java:setRaftConf(354)) - c9877585-f333-4492-aed4-861a77134c16@group-399D1F29A66B: set configuration 0: [ef5a9ab0-e109-4aa9-899d-c34ee583d2de:192.168.157.234:38928, 0f6d0b51-49f2-46fd-a2f3-d041b41eab5c:192.168.157.234:43173, c9877585-f333-4492-aed4-861a77134c16:192.168.157.234:36678], old=null at 0
2019-09-26 17:03:53,279 [grpc-default-executor-3] INFO  segmented.SegmentedRaftLogWorker (SegmentedRaftLogWorker.java:startLogSegment(380)) - ef5a9ab0-e109-4aa9-899d-c34ee583d2de@group-399D1F29A66B-SegmentedRaftLogWorker: Starting segment from index:0
2019-09-26 17:03:53,280 [grpc-default-executor-5] INFO  segmented.SegmentedRaftLogWorker (SegmentedRaftLogWorker.java:startLogSegment(380)) - c9877585-f333-4492-aed4-861a77134c16@group-399D1F29A66B-SegmentedRaftLogWorker: Starting segment from index:0
2019-09-26 17:03:53,306 [c9877585-f333-4492-aed4-861a77134c16@group-399D1F29A66B-SegmentedRaftLogWorker] INFO  segmented.SegmentedRaftLogWorker (SegmentedRaftLogWorker.java:execute(569)) - c9877585-f333-4492-aed4-861a77134c16@group-399D1F29A66B-SegmentedRaftLogWorker: created new log segment /workdir/hadoop-ozone/integration-test/target/test-dir/MiniOzoneClusterImpl-d6ca620c-cb63-484f-a581-7c0900b96a5f/datanode-6/data/ratis/839d61d9-5495-4bef-a29e-399d1f29a66b/current/log_inprogress_0
2019-09-26 17:03:53,308 [ef5a9ab0-e109-4aa9-899d-c34ee583d2de@group-399D1F29A66B-SegmentedRaftLogWorker] INFO  segmented.SegmentedRaftLogWorker (SegmentedRaftLogWorker.java:execute(569)) - ef5a9ab0-e109-4aa9-899d-c34ee583d2de@group-399D1F29A66B-SegmentedRaftLogWorker: created new log segment /workdir/hadoop-ozone/integration-test/target/test-dir/MiniOzoneClusterImpl-d6ca620c-cb63-484f-a581-7c0900b96a5f/datanode-5/data/ratis/839d61d9-5495-4bef-a29e-399d1f29a66b/current/log_inprogress_0
2019-09-26 17:03:53,556 [main] INFO  ipc.Client (Client.java:handleConnectionFailure(948)) - Retrying connect to server: localhost/127.0.0.1:0. Already tried 1 time(s); retry policy is RetryUpToMaximumCountWithFixedSleep(maxRetries=10, sleepTime=1000 MILLISECONDS)
2019-09-26 17:03:54,136 [Thread-379] INFO  impl.FollowerState (FollowerState.java:run(106)) - 7c50c947-8403-4ae1-a776-e6b1b01dc2cf:group-1BFFB9D78D43 changes to CANDIDATE, lastRpcTime:1168, electionTimeout:1166ms
2019-09-26 17:03:54,137 [Thread-379] INFO  impl.RoleInfo (RoleInfo.java:shutdownFollowerState(121)) - 7c50c947-8403-4ae1-a776-e6b1b01dc2cf: shutdown FollowerState
2019-09-26 17:03:54,137 [Thread-379] INFO  impl.RaftServerImpl (RaftServerImpl.java:setRole(174)) - 7c50c947-8403-4ae1-a776-e6b1b01dc2cf@group-1BFFB9D78D43: changes role from  FOLLOWER to CANDIDATE at term 1 for changeToCandidate
2019-09-26 17:03:54,137 [Thread-379] INFO  impl.RoleInfo (RoleInfo.java:updateAndGet(143)) - 7c50c947-8403-4ae1-a776-e6b1b01dc2cf: start LeaderElection
2019-09-26 17:03:54,160 [Thread-383] INFO  impl.FollowerState (FollowerState.java:run(106)) - 4ac23ced-61a1-47b3-94f0-cee158ec4b70:group-1BFFB9D78D43 changes to CANDIDATE, lastRpcTime:1176, electionTimeout:1155ms
2019-09-26 17:03:54,160 [Thread-383] INFO  impl.RoleInfo (RoleInfo.java:shutdownFollowerState(121)) - 4ac23ced-61a1-47b3-94f0-cee158ec4b70: shutdown FollowerState
2019-09-26 17:03:54,161 [Thread-383] INFO  impl.RaftServerImpl (RaftServerImpl.java:setRole(174)) - 4ac23ced-61a1-47b3-94f0-cee158ec4b70@group-1BFFB9D78D43: changes role from  FOLLOWER to CANDIDATE at term 1 for changeToCandidate
2019-09-26 17:03:54,161 [Thread-383] INFO  impl.RoleInfo (RoleInfo.java:updateAndGet(143)) - 4ac23ced-61a1-47b3-94f0-cee158ec4b70: start LeaderElection
2019-09-26 17:03:54,165 [4ac23ced-61a1-47b3-94f0-cee158ec4b70@group-1BFFB9D78D43:LeaderElection20] INFO  impl.LeaderElection (LeaderElection.java:askForVotes(182)) - 4ac23ced-61a1-47b3-94f0-cee158ec4b70@group-1BFFB9D78D43:LeaderElection20: begin an election at term 2 for -1: [9ab6b823-6bc4-454f-9d50-ce70a440dcce:192.168.157.234:39169, 4ac23ced-61a1-47b3-94f0-cee158ec4b70:192.168.157.234:37118, 7c50c947-8403-4ae1-a776-e6b1b01dc2cf:192.168.157.234:38824], old=null
2019-09-26 17:03:54,165 [7c50c947-8403-4ae1-a776-e6b1b01dc2cf@group-1BFFB9D78D43:LeaderElection19] INFO  impl.LeaderElection (LeaderElection.java:askForVotes(182)) - 7c50c947-8403-4ae1-a776-e6b1b01dc2cf@group-1BFFB9D78D43:LeaderElection19: begin an election at term 2 for -1: [9ab6b823-6bc4-454f-9d50-ce70a440dcce:192.168.157.234:39169, 4ac23ced-61a1-47b3-94f0-cee158ec4b70:192.168.157.234:37118, 7c50c947-8403-4ae1-a776-e6b1b01dc2cf:192.168.157.234:38824], old=null
2019-09-26 17:03:54,178 [grpc-default-executor-4] INFO  impl.RaftServerImpl (RaftServerImpl.java:setRole(174)) - 9ab6b823-6bc4-454f-9d50-ce70a440dcce@group-1BFFB9D78D43: changes role from  FOLLOWER to FOLLOWER at term 2 for recognizeCandidate:4ac23ced-61a1-47b3-94f0-cee158ec4b70
2019-09-26 17:03:54,178 [grpc-default-executor-4] INFO  impl.RoleInfo (RoleInfo.java:shutdownFollowerState(121)) - 9ab6b823-6bc4-454f-9d50-ce70a440dcce: shutdown FollowerState
2019-09-26 17:03:54,178 [grpc-default-executor-4] INFO  impl.RoleInfo (RoleInfo.java:updateAndGet(143)) - 9ab6b823-6bc4-454f-9d50-ce70a440dcce: start FollowerState
2019-09-26 17:03:54,178 [Thread-388] INFO  impl.FollowerState (FollowerState.java:run(115)) - 9ab6b823-6bc4-454f-9d50-ce70a440dcce: FollowerState was interrupted: java.lang.InterruptedException: sleep interrupted
2019-09-26 17:03:54,194 [4ac23ced-61a1-47b3-94f0-cee158ec4b70@group-1BFFB9D78D43:LeaderElection20] INFO  impl.LeaderElection (LeaderElection.java:logAndReturn(56)) - 4ac23ced-61a1-47b3-94f0-cee158ec4b70@group-1BFFB9D78D43:LeaderElection20: Election PASSED; received 2 response(s) [4ac23ced-61a1-47b3-94f0-cee158ec4b70<-9ab6b823-6bc4-454f-9d50-ce70a440dcce#0:OK-t2, 4ac23ced-61a1-47b3-94f0-cee158ec4b70<-7c50c947-8403-4ae1-a776-e6b1b01dc2cf#0:FAIL-t2] and 0 exception(s); 4ac23ced-61a1-47b3-94f0-cee158ec4b70@group-1BFFB9D78D43:t2, leader=null, voted=4ac23ced-61a1-47b3-94f0-cee158ec4b70, raftlog=4ac23ced-61a1-47b3-94f0-cee158ec4b70@group-1BFFB9D78D43-SegmentedRaftLog:OPENED:c-1,f-1,i0, conf=-1: [9ab6b823-6bc4-454f-9d50-ce70a440dcce:192.168.157.234:39169, 4ac23ced-61a1-47b3-94f0-cee158ec4b70:192.168.157.234:37118, 7c50c947-8403-4ae1-a776-e6b1b01dc2cf:192.168.157.234:38824], old=null
2019-09-26 17:03:54,194 [7c50c947-8403-4ae1-a776-e6b1b01dc2cf@group-1BFFB9D78D43:LeaderElection19] INFO  impl.LeaderElection (LeaderElection.java:logAndReturn(56)) - 7c50c947-8403-4ae1-a776-e6b1b01dc2cf@group-1BFFB9D78D43:LeaderElection19: Election REJECTED; received 2 response(s) [7c50c947-8403-4ae1-a776-e6b1b01dc2cf<-9ab6b823-6bc4-454f-9d50-ce70a440dcce#0:FAIL-t2, 7c50c947-8403-4ae1-a776-e6b1b01dc2cf<-4ac23ced-61a1-47b3-94f0-cee158ec4b70#0:FAIL-t2] and 0 exception(s); 7c50c947-8403-4ae1-a776-e6b1b01dc2cf@group-1BFFB9D78D43:t2, leader=null, voted=7c50c947-8403-4ae1-a776-e6b1b01dc2cf, raftlog=7c50c947-8403-4ae1-a776-e6b1b01dc2cf@group-1BFFB9D78D43-SegmentedRaftLog:OPENED:c-1,f-1,i0, conf=-1: [9ab6b823-6bc4-454f-9d50-ce70a440dcce:192.168.157.234:39169, 4ac23ced-61a1-47b3-94f0-cee158ec4b70:192.168.157.234:37118, 7c50c947-8403-4ae1-a776-e6b1b01dc2cf:192.168.157.234:38824], old=null
2019-09-26 17:03:54,194 [4ac23ced-61a1-47b3-94f0-cee158ec4b70@group-1BFFB9D78D43:LeaderElection20] INFO  impl.RoleInfo (RoleInfo.java:shutdownLeaderElection(134)) - 4ac23ced-61a1-47b3-94f0-cee158ec4b70: shutdown LeaderElection
2019-09-26 17:03:54,201 [7c50c947-8403-4ae1-a776-e6b1b01dc2cf@group-1BFFB9D78D43:LeaderElection19] INFO  impl.RaftServerImpl (RaftServerImpl.java:setRole(174)) - 7c50c947-8403-4ae1-a776-e6b1b01dc2cf@group-1BFFB9D78D43: changes role from CANDIDATE to FOLLOWER at term 2 for DISCOVERED_A_NEW_TERM
2019-09-26 17:03:54,207 [4ac23ced-61a1-47b3-94f0-cee158ec4b70@group-1BFFB9D78D43:LeaderElection20] INFO  impl.RaftServerImpl (RaftServerImpl.java:setRole(174)) - 4ac23ced-61a1-47b3-94f0-cee158ec4b70@group-1BFFB9D78D43: changes role from CANDIDATE to LEADER at term 2 for changeToLeader
2019-09-26 17:03:54,209 [7c50c947-8403-4ae1-a776-e6b1b01dc2cf@group-1BFFB9D78D43:LeaderElection19] INFO  impl.RoleInfo (RoleInfo.java:shutdownLeaderElection(134)) - 7c50c947-8403-4ae1-a776-e6b1b01dc2cf: shutdown LeaderElection
2019-09-26 17:03:54,209 [4ac23ced-61a1-47b3-94f0-cee158ec4b70@group-1BFFB9D78D43:LeaderElection20] INFO  impl.RaftServerImpl (ServerState.java:setLeader(253)) - 4ac23ced-61a1-47b3-94f0-cee158ec4b70@group-1BFFB9D78D43: change Leader from null to 4ac23ced-61a1-47b3-94f0-cee158ec4b70 at term 2 for becomeLeader, leader elected after 2527ms
2019-09-26 17:03:54,209 [7c50c947-8403-4ae1-a776-e6b1b01dc2cf@group-1BFFB9D78D43:LeaderElection19] INFO  impl.RoleInfo (RoleInfo.java:updateAndGet(143)) - 7c50c947-8403-4ae1-a776-e6b1b01dc2cf: start FollowerState
2019-09-26 17:03:54,209 [4ac23ced-61a1-47b3-94f0-cee158ec4b70@group-1BFFB9D78D43:LeaderElection20] INFO  server.RaftServerConfigKeys (ConfUtils.java:logGet(43)) - raft.server.staging.catchup.gap = 1000 (default)
2019-09-26 17:03:54,209 [4ac23ced-61a1-47b3-94f0-cee158ec4b70@group-1BFFB9D78D43:LeaderElection20] INFO  server.RaftServerConfigKeys (ConfUtils.java:logGet(43)) - raft.server.rpc.sleep.time = 25ms (default)
2019-09-26 17:03:54,212 [4ac23ced-61a1-47b3-94f0-cee158ec4b70@group-1BFFB9D78D43:LeaderElection20] INFO  server.RaftServerConfigKeys (ConfUtils.java:logGet(43)) - raft.server.write.element-limit = 4096 (default)
2019-09-26 17:03:54,212 [4ac23ced-61a1-47b3-94f0-cee158ec4b70@group-1BFFB9D78D43:LeaderElection20] INFO  server.RaftServerConfigKeys (ConfUtils.java:logGet(43)) - raft.server.watch.timeout = 10s (default)
2019-09-26 17:03:54,212 [4ac23ced-61a1-47b3-94f0-cee158ec4b70@group-1BFFB9D78D43:LeaderElection20] INFO  server.RaftServerConfigKeys (ConfUtils.java:logGet(43)) - raft.server.watch.timeout.denomination = 1s (default)
2019-09-26 17:03:54,212 [4ac23ced-61a1-47b3-94f0-cee158ec4b70@group-1BFFB9D78D43:LeaderElection20] INFO  server.RaftServerConfigKeys (ConfUtils.java:logGet(43)) - raft.server.watch.element-limit = 65536 (default)
2019-09-26 17:03:54,215 [4ac23ced-61a1-47b3-94f0-cee158ec4b70@group-1BFFB9D78D43:LeaderElection20] INFO  server.RaftServerConfigKeys (ConfUtils.java:logGet(43)) - raft.server.log.appender.snapshot.chunk.size.max = 16MB (=16777216) (default)
2019-09-26 17:03:54,215 [4ac23ced-61a1-47b3-94f0-cee158ec4b70@group-1BFFB9D78D43:LeaderElection20] INFO  server.RaftServerConfigKeys (ConfUtils.java:logGet(43)) - raft.server.log.appender.buffer.byte-limit = 33554432 (custom)
2019-09-26 17:03:54,215 [4ac23ced-61a1-47b3-94f0-cee158ec4b70@group-1BFFB9D78D43:LeaderElection20] INFO  server.RaftServerConfigKeys (ConfUtils.java:logGet(43)) - raft.server.log.appender.buffer.element-limit = 1 (custom)
2019-09-26 17:03:54,215 [4ac23ced-61a1-47b3-94f0-cee158ec4b70@group-1BFFB9D78D43:LeaderElection20] INFO  grpc.GrpcConfigKeys$Server (ConfUtils.java:logGet(43)) - raft.grpc.server.leader.outstanding.appends.max = 128 (default)
2019-09-26 17:03:54,218 [4ac23ced-61a1-47b3-94f0-cee158ec4b70@group-1BFFB9D78D43:LeaderElection20] INFO  server.RaftServerConfigKeys (ConfUtils.java:logGet(43)) - raft.server.rpc.request.timeout = 3000ms (default)
2019-09-26 17:03:54,218 [4ac23ced-61a1-47b3-94f0-cee158ec4b70@group-1BFFB9D78D43:LeaderElection20] INFO  server.RaftServerConfigKeys (ConfUtils.java:logGet(43)) - raft.server.log.appender.install.snapshot.enabled = false (custom)
2019-09-26 17:03:54,218 [4ac23ced-61a1-47b3-94f0-cee158ec4b70@group-1BFFB9D78D43:LeaderElection20] INFO  server.RaftServerConfigKeys (ConfUtils.java:logGet(43)) - raft.server.log.appender.snapshot.chunk.size.max = 16MB (=16777216) (default)
2019-09-26 17:03:54,218 [4ac23ced-61a1-47b3-94f0-cee158ec4b70@group-1BFFB9D78D43:LeaderElection20] INFO  server.RaftServerConfigKeys (ConfUtils.java:logGet(43)) - raft.server.log.appender.buffer.byte-limit = 33554432 (custom)
2019-09-26 17:03:54,218 [4ac23ced-61a1-47b3-94f0-cee158ec4b70@group-1BFFB9D78D43:LeaderElection20] INFO  server.RaftServerConfigKeys (ConfUtils.java:logGet(43)) - raft.server.log.appender.buffer.element-limit = 1 (custom)
2019-09-26 17:03:54,218 [4ac23ced-61a1-47b3-94f0-cee158ec4b70@group-1BFFB9D78D43:LeaderElection20] INFO  grpc.GrpcConfigKeys$Server (ConfUtils.java:logGet(43)) - raft.grpc.server.leader.outstanding.appends.max = 128 (default)
2019-09-26 17:03:54,218 [4ac23ced-61a1-47b3-94f0-cee158ec4b70@group-1BFFB9D78D43:LeaderElection20] INFO  server.RaftServerConfigKeys (ConfUtils.java:logGet(43)) - raft.server.rpc.request.timeout = 3000ms (default)
2019-09-26 17:03:54,219 [4ac23ced-61a1-47b3-94f0-cee158ec4b70@group-1BFFB9D78D43:LeaderElection20] INFO  server.RaftServerConfigKeys (ConfUtils.java:logGet(43)) - raft.server.log.appender.install.snapshot.enabled = false (custom)
2019-09-26 17:03:54,219 [4ac23ced-61a1-47b3-94f0-cee158ec4b70@group-1BFFB9D78D43:LeaderElection20] INFO  impl.RoleInfo (RoleInfo.java:updateAndGet(143)) - 4ac23ced-61a1-47b3-94f0-cee158ec4b70: start LeaderState
2019-09-26 17:03:54,219 [4ac23ced-61a1-47b3-94f0-cee158ec4b70@group-1BFFB9D78D43:LeaderElection20] INFO  segmented.SegmentedRaftLogWorker (SegmentedRaftLogWorker.java:startLogSegment(380)) - 4ac23ced-61a1-47b3-94f0-cee158ec4b70@group-1BFFB9D78D43-SegmentedRaftLogWorker: Starting segment from index:0
2019-09-26 17:03:54,220 [4ac23ced-61a1-47b3-94f0-cee158ec4b70@group-1BFFB9D78D43:LeaderElection20] INFO  impl.RaftServerImpl (ServerState.java:setRaftConf(354)) - 4ac23ced-61a1-47b3-94f0-cee158ec4b70@group-1BFFB9D78D43: set configuration 0: [9ab6b823-6bc4-454f-9d50-ce70a440dcce:192.168.157.234:39169, 4ac23ced-61a1-47b3-94f0-cee158ec4b70:192.168.157.234:37118, 7c50c947-8403-4ae1-a776-e6b1b01dc2cf:192.168.157.234:38824], old=null at 0
2019-09-26 17:03:54,235 [Thread-396] INFO  impl.FollowerState (FollowerState.java:run(106)) - a85e129b-8c23-4c25-ae73-7b1aedd8229e:group-4B656B7D57A4 changes to CANDIDATE, lastRpcTime:1035, electionTimeout:1027ms
2019-09-26 17:03:54,235 [Thread-396] INFO  impl.RoleInfo (RoleInfo.java:shutdownFollowerState(121)) - a85e129b-8c23-4c25-ae73-7b1aedd8229e: shutdown FollowerState
2019-09-26 17:03:54,235 [Thread-396] INFO  impl.RaftServerImpl (RaftServerImpl.java:setRole(174)) - a85e129b-8c23-4c25-ae73-7b1aedd8229e@group-4B656B7D57A4: changes role from  FOLLOWER to CANDIDATE at term 1 for changeToCandidate
2019-09-26 17:03:54,235 [Thread-396] INFO  impl.RoleInfo (RoleInfo.java:updateAndGet(143)) - a85e129b-8c23-4c25-ae73-7b1aedd8229e: start LeaderElection
2019-09-26 17:03:54,238 [grpc-default-executor-2] INFO  impl.RaftServerImpl (ServerState.java:setLeader(253)) - 9ab6b823-6bc4-454f-9d50-ce70a440dcce@group-1BFFB9D78D43: change Leader from null to 4ac23ced-61a1-47b3-94f0-cee158ec4b70 at term 2 for appendEntries, leader elected after 2555ms
2019-09-26 17:03:54,238 [grpc-default-executor-4] INFO  impl.RaftServerImpl (ServerState.java:setLeader(253)) - 7c50c947-8403-4ae1-a776-e6b1b01dc2cf@group-1BFFB9D78D43: change Leader from null to 4ac23ced-61a1-47b3-94f0-cee158ec4b70 at term 2 for appendEntries, leader elected after 2556ms
2019-09-26 17:03:54,244 [grpc-default-executor-4] INFO  impl.RaftServerImpl (ServerState.java:setRaftConf(354)) - 9ab6b823-6bc4-454f-9d50-ce70a440dcce@group-1BFFB9D78D43: set configuration 0: [9ab6b823-6bc4-454f-9d50-ce70a440dcce:192.168.157.234:39169, 4ac23ced-61a1-47b3-94f0-cee158ec4b70:192.168.157.234:37118, 7c50c947-8403-4ae1-a776-e6b1b01dc2cf:192.168.157.234:38824], old=null at 0
2019-09-26 17:03:54,244 [grpc-default-executor-2] INFO  impl.RaftServerImpl (ServerState.java:setRaftConf(354)) - 7c50c947-8403-4ae1-a776-e6b1b01dc2cf@group-1BFFB9D78D43: set configuration 0: [9ab6b823-6bc4-454f-9d50-ce70a440dcce:192.168.157.234:39169, 4ac23ced-61a1-47b3-94f0-cee158ec4b70:192.168.157.234:37118, 7c50c947-8403-4ae1-a776-e6b1b01dc2cf:192.168.157.234:38824], old=null at 0
2019-09-26 17:03:54,244 [grpc-default-executor-4] INFO  segmented.SegmentedRaftLogWorker (SegmentedRaftLogWorker.java:startLogSegment(380)) - 9ab6b823-6bc4-454f-9d50-ce70a440dcce@group-1BFFB9D78D43-SegmentedRaftLogWorker: Starting segment from index:0
2019-09-26 17:03:54,244 [grpc-default-executor-2] INFO  segmented.SegmentedRaftLogWorker (SegmentedRaftLogWorker.java:startLogSegment(380)) - 7c50c947-8403-4ae1-a776-e6b1b01dc2cf@group-1BFFB9D78D43-SegmentedRaftLogWorker: Starting segment from index:0
2019-09-26 17:03:54,247 [4ac23ced-61a1-47b3-94f0-cee158ec4b70@group-1BFFB9D78D43-SegmentedRaftLogWorker] INFO  segmented.SegmentedRaftLogWorker (SegmentedRaftLogWorker.java:execute(569)) - 4ac23ced-61a1-47b3-94f0-cee158ec4b70@group-1BFFB9D78D43-SegmentedRaftLogWorker: created new log segment /workdir/hadoop-ozone/integration-test/target/test-dir/MiniOzoneClusterImpl-d6ca620c-cb63-484f-a581-7c0900b96a5f/datanode-7/data/ratis/178fed28-3b19-4da9-b0a5-1bffb9d78d43/current/log_inprogress_0
2019-09-26 17:03:54,247 [a85e129b-8c23-4c25-ae73-7b1aedd8229e@group-4B656B7D57A4:LeaderElection21] INFO  impl.LeaderElection (LeaderElection.java:askForVotes(182)) - a85e129b-8c23-4c25-ae73-7b1aedd8229e@group-4B656B7D57A4:LeaderElection21: begin an election at term 2 for -1: [15273f9a-72e8-4ae0-8091-781d0ea9f1eb:192.168.157.234:45996, f1b12ba6-b33d-40de-bd74-c3916eeb1dd7:192.168.157.234:35140, a85e129b-8c23-4c25-ae73-7b1aedd8229e:192.168.157.234:45424], old=null
2019-09-26 17:03:54,275 [Thread-395] INFO  impl.FollowerState (FollowerState.java:run(106)) - f1b12ba6-b33d-40de-bd74-c3916eeb1dd7:group-4B656B7D57A4 changes to CANDIDATE, lastRpcTime:1078, electionTimeout:1074ms
2019-09-26 17:03:54,275 [Thread-392] INFO  impl.FollowerState (FollowerState.java:run(106)) - 15273f9a-72e8-4ae0-8091-781d0ea9f1eb:group-4B656B7D57A4 changes to CANDIDATE, lastRpcTime:1117, electionTimeout:1110ms
2019-09-26 17:03:54,275 [Thread-395] INFO  impl.RoleInfo (RoleInfo.java:shutdownFollowerState(121)) - f1b12ba6-b33d-40de-bd74-c3916eeb1dd7: shutdown FollowerState
2019-09-26 17:03:54,275 [Thread-395] INFO  impl.RaftServerImpl (RaftServerImpl.java:setRole(174)) - f1b12ba6-b33d-40de-bd74-c3916eeb1dd7@group-4B656B7D57A4: changes role from  FOLLOWER to CANDIDATE at term 1 for changeToCandidate
2019-09-26 17:03:54,276 [Thread-395] INFO  impl.RoleInfo (RoleInfo.java:updateAndGet(143)) - f1b12ba6-b33d-40de-bd74-c3916eeb1dd7: start LeaderElection
2019-09-26 17:03:54,275 [Thread-392] INFO  impl.RoleInfo (RoleInfo.java:shutdownFollowerState(121)) - 15273f9a-72e8-4ae0-8091-781d0ea9f1eb: shutdown FollowerState
2019-09-26 17:03:54,276 [Thread-392] INFO  impl.RaftServerImpl (RaftServerImpl.java:setRole(174)) - 15273f9a-72e8-4ae0-8091-781d0ea9f1eb@group-4B656B7D57A4: changes role from  FOLLOWER to CANDIDATE at term 1 for changeToCandidate
2019-09-26 17:03:54,277 [Thread-392] INFO  impl.RoleInfo (RoleInfo.java:updateAndGet(143)) - 15273f9a-72e8-4ae0-8091-781d0ea9f1eb: start LeaderElection
2019-09-26 17:03:54,277 [grpc-default-executor-2] INFO  impl.RaftServerImpl (RaftServerImpl.java:setRole(174)) - 15273f9a-72e8-4ae0-8091-781d0ea9f1eb@group-4B656B7D57A4: changes role from CANDIDATE to FOLLOWER at term 2 for recognizeCandidate:a85e129b-8c23-4c25-ae73-7b1aedd8229e
2019-09-26 17:03:54,278 [grpc-default-executor-2] INFO  impl.RoleInfo (RoleInfo.java:shutdownLeaderElection(134)) - 15273f9a-72e8-4ae0-8091-781d0ea9f1eb: shutdown LeaderElection
2019-09-26 17:03:54,278 [grpc-default-executor-2] INFO  impl.RoleInfo (RoleInfo.java:updateAndGet(143)) - 15273f9a-72e8-4ae0-8091-781d0ea9f1eb: start FollowerState
2019-09-26 17:03:54,288 [9ab6b823-6bc4-454f-9d50-ce70a440dcce@group-1BFFB9D78D43-SegmentedRaftLogWorker] INFO  segmented.SegmentedRaftLogWorker (SegmentedRaftLogWorker.java:execute(569)) - 9ab6b823-6bc4-454f-9d50-ce70a440dcce@group-1BFFB9D78D43-SegmentedRaftLogWorker: created new log segment /workdir/hadoop-ozone/integration-test/target/test-dir/MiniOzoneClusterImpl-d6ca620c-cb63-484f-a581-7c0900b96a5f/datanode-8/data/ratis/178fed28-3b19-4da9-b0a5-1bffb9d78d43/current/log_inprogress_0
2019-09-26 17:03:54,289 [f1b12ba6-b33d-40de-bd74-c3916eeb1dd7@group-4B656B7D57A4:LeaderElection22] INFO  impl.LeaderElection (LeaderElection.java:askForVotes(182)) - f1b12ba6-b33d-40de-bd74-c3916eeb1dd7@group-4B656B7D57A4:LeaderElection22: begin an election at term 2 for -1: [15273f9a-72e8-4ae0-8091-781d0ea9f1eb:192.168.157.234:45996, f1b12ba6-b33d-40de-bd74-c3916eeb1dd7:192.168.157.234:35140, a85e129b-8c23-4c25-ae73-7b1aedd8229e:192.168.157.234:45424], old=null
2019-09-26 17:03:54,288 [7c50c947-8403-4ae1-a776-e6b1b01dc2cf@group-1BFFB9D78D43-SegmentedRaftLogWorker] INFO  segmented.SegmentedRaftLogWorker (SegmentedRaftLogWorker.java:execute(569)) - 7c50c947-8403-4ae1-a776-e6b1b01dc2cf@group-1BFFB9D78D43-SegmentedRaftLogWorker: created new log segment /workdir/hadoop-ozone/integration-test/target/test-dir/MiniOzoneClusterImpl-d6ca620c-cb63-484f-a581-7c0900b96a5f/datanode-0/data/ratis/178fed28-3b19-4da9-b0a5-1bffb9d78d43/current/log_inprogress_0
2019-09-26 17:03:54,291 [a85e129b-8c23-4c25-ae73-7b1aedd8229e@group-4B656B7D57A4:LeaderElection21] INFO  impl.LeaderElection (LeaderElection.java:logAndReturn(56)) - a85e129b-8c23-4c25-ae73-7b1aedd8229e@group-4B656B7D57A4:LeaderElection21: Election REJECTED; received 2 response(s) [a85e129b-8c23-4c25-ae73-7b1aedd8229e<-15273f9a-72e8-4ae0-8091-781d0ea9f1eb#0:FAIL-t2, a85e129b-8c23-4c25-ae73-7b1aedd8229e<-f1b12ba6-b33d-40de-bd74-c3916eeb1dd7#0:FAIL-t2] and 0 exception(s); a85e129b-8c23-4c25-ae73-7b1aedd8229e@group-4B656B7D57A4:t2, leader=null, voted=a85e129b-8c23-4c25-ae73-7b1aedd8229e, raftlog=a85e129b-8c23-4c25-ae73-7b1aedd8229e@group-4B656B7D57A4-SegmentedRaftLog:OPENED:c-1,f-1,i0, conf=-1: [15273f9a-72e8-4ae0-8091-781d0ea9f1eb:192.168.157.234:45996, f1b12ba6-b33d-40de-bd74-c3916eeb1dd7:192.168.157.234:35140, a85e129b-8c23-4c25-ae73-7b1aedd8229e:192.168.157.234:45424], old=null
2019-09-26 17:03:54,295 [a85e129b-8c23-4c25-ae73-7b1aedd8229e@group-4B656B7D57A4:LeaderElection21] INFO  impl.RaftServerImpl (RaftServerImpl.java:setRole(174)) - a85e129b-8c23-4c25-ae73-7b1aedd8229e@group-4B656B7D57A4: changes role from CANDIDATE to FOLLOWER at term 2 for DISCOVERED_A_NEW_TERM
2019-09-26 17:03:54,296 [a85e129b-8c23-4c25-ae73-7b1aedd8229e@group-4B656B7D57A4:LeaderElection21] INFO  impl.RoleInfo (RoleInfo.java:shutdownLeaderElection(134)) - a85e129b-8c23-4c25-ae73-7b1aedd8229e: shutdown LeaderElection
2019-09-26 17:03:54,296 [a85e129b-8c23-4c25-ae73-7b1aedd8229e@group-4B656B7D57A4:LeaderElection21] INFO  impl.RoleInfo (RoleInfo.java:updateAndGet(143)) - a85e129b-8c23-4c25-ae73-7b1aedd8229e: start FollowerState
2019-09-26 17:03:54,302 [15273f9a-72e8-4ae0-8091-781d0ea9f1eb@group-4B656B7D57A4:LeaderElection23] INFO  impl.LeaderElection (LeaderElection.java:askForVotes(182)) - 15273f9a-72e8-4ae0-8091-781d0ea9f1eb@group-4B656B7D57A4:LeaderElection23: begin an election at term 3 for -1: [15273f9a-72e8-4ae0-8091-781d0ea9f1eb:192.168.157.234:45996, f1b12ba6-b33d-40de-bd74-c3916eeb1dd7:192.168.157.234:35140, a85e129b-8c23-4c25-ae73-7b1aedd8229e:192.168.157.234:45424], old=null
2019-09-26 17:03:54,304 [15273f9a-72e8-4ae0-8091-781d0ea9f1eb@group-4B656B7D57A4:LeaderElection23] INFO  impl.LeaderElection (LeaderElection.java:logAndReturn(56)) - 15273f9a-72e8-4ae0-8091-781d0ea9f1eb@group-4B656B7D57A4:LeaderElection23: Election REJECTED; received 0 response(s) [] and 0 exception(s); 15273f9a-72e8-4ae0-8091-781d0ea9f1eb@group-4B656B7D57A4:t3, leader=null, voted=15273f9a-72e8-4ae0-8091-781d0ea9f1eb, raftlog=15273f9a-72e8-4ae0-8091-781d0ea9f1eb@group-4B656B7D57A4-SegmentedRaftLog:OPENED:c-1,f-1,i0, conf=-1: [15273f9a-72e8-4ae0-8091-781d0ea9f1eb:192.168.157.234:45996, f1b12ba6-b33d-40de-bd74-c3916eeb1dd7:192.168.157.234:35140, a85e129b-8c23-4c25-ae73-7b1aedd8229e:192.168.157.234:45424], old=null
2019-09-26 17:03:54,307 [f1b12ba6-b33d-40de-bd74-c3916eeb1dd7@group-4B656B7D57A4:LeaderElection22] INFO  impl.LeaderElection (LeaderElection.java:logAndReturn(56)) - f1b12ba6-b33d-40de-bd74-c3916eeb1dd7@group-4B656B7D57A4:LeaderElection22: Election DISCOVERED_A_NEW_TERM; received 2 response(s) [f1b12ba6-b33d-40de-bd74-c3916eeb1dd7<-15273f9a-72e8-4ae0-8091-781d0ea9f1eb#0:FAIL-t3, f1b12ba6-b33d-40de-bd74-c3916eeb1dd7<-a85e129b-8c23-4c25-ae73-7b1aedd8229e#0:FAIL-t2] and 0 exception(s); f1b12ba6-b33d-40de-bd74-c3916eeb1dd7@group-4B656B7D57A4:t2, leader=null, voted=f1b12ba6-b33d-40de-bd74-c3916eeb1dd7, raftlog=f1b12ba6-b33d-40de-bd74-c3916eeb1dd7@group-4B656B7D57A4-SegmentedRaftLog:OPENED:c-1,f-1,i0, conf=-1: [15273f9a-72e8-4ae0-8091-781d0ea9f1eb:192.168.157.234:45996, f1b12ba6-b33d-40de-bd74-c3916eeb1dd7:192.168.157.234:35140, a85e129b-8c23-4c25-ae73-7b1aedd8229e:192.168.157.234:45424], old=null
2019-09-26 17:03:54,309 [f1b12ba6-b33d-40de-bd74-c3916eeb1dd7@group-4B656B7D57A4:LeaderElection22] INFO  impl.RaftServerImpl (RaftServerImpl.java:setRole(174)) - f1b12ba6-b33d-40de-bd74-c3916eeb1dd7@group-4B656B7D57A4: changes role from CANDIDATE to FOLLOWER at term 3 for DISCOVERED_A_NEW_TERM
2019-09-26 17:03:54,310 [f1b12ba6-b33d-40de-bd74-c3916eeb1dd7@group-4B656B7D57A4:LeaderElection22] INFO  impl.RoleInfo (RoleInfo.java:shutdownLeaderElection(134)) - f1b12ba6-b33d-40de-bd74-c3916eeb1dd7: shutdown LeaderElection
2019-09-26 17:03:54,310 [f1b12ba6-b33d-40de-bd74-c3916eeb1dd7@group-4B656B7D57A4:LeaderElection22] INFO  impl.RoleInfo (RoleInfo.java:updateAndGet(143)) - f1b12ba6-b33d-40de-bd74-c3916eeb1dd7: start FollowerState
2019-09-26 17:03:54,311 [grpc-default-executor-4] INFO  impl.RaftServerImpl (RaftServerImpl.java:setRole(174)) - a85e129b-8c23-4c25-ae73-7b1aedd8229e@group-4B656B7D57A4: changes role from  FOLLOWER to FOLLOWER at term 3 for recognizeCandidate:15273f9a-72e8-4ae0-8091-781d0ea9f1eb
2019-09-26 17:03:54,312 [grpc-default-executor-4] INFO  impl.RoleInfo (RoleInfo.java:shutdownFollowerState(121)) - a85e129b-8c23-4c25-ae73-7b1aedd8229e: shutdown FollowerState
2019-09-26 17:03:54,312 [grpc-default-executor-4] INFO  impl.RoleInfo (RoleInfo.java:updateAndGet(143)) - a85e129b-8c23-4c25-ae73-7b1aedd8229e: start FollowerState
2019-09-26 17:03:54,312 [Thread-429] INFO  impl.FollowerState (FollowerState.java:run(115)) - a85e129b-8c23-4c25-ae73-7b1aedd8229e: FollowerState was interrupted: java.lang.InterruptedException: sleep interrupted
2019-09-26 17:03:54,325 [grpc-default-executor-2] INFO  impl.RaftServerImpl (RaftServerImpl.java:setRole(174)) - f1b12ba6-b33d-40de-bd74-c3916eeb1dd7@group-4B656B7D57A4: changes role from  FOLLOWER to FOLLOWER at term 3 for recognizeCandidate:15273f9a-72e8-4ae0-8091-781d0ea9f1eb
2019-09-26 17:03:54,325 [grpc-default-executor-2] INFO  impl.RoleInfo (RoleInfo.java:shutdownFollowerState(121)) - f1b12ba6-b33d-40de-bd74-c3916eeb1dd7: shutdown FollowerState
2019-09-26 17:03:54,326 [grpc-default-executor-2] INFO  impl.RoleInfo (RoleInfo.java:updateAndGet(143)) - f1b12ba6-b33d-40de-bd74-c3916eeb1dd7: start FollowerState
2019-09-26 17:03:54,326 [Thread-434] INFO  impl.FollowerState (FollowerState.java:run(115)) - f1b12ba6-b33d-40de-bd74-c3916eeb1dd7: FollowerState was interrupted: java.lang.InterruptedException: sleep interrupted
2019-09-26 17:03:54,557 [main] INFO  ipc.Client (Client.java:handleConnectionFailure(948)) - Retrying connect to server: localhost/127.0.0.1:0. Already tried 2 time(s); retry policy is RetryUpToMaximumCountWithFixedSleep(maxRetries=10, sleepTime=1000 MILLISECONDS)
2019-09-26 17:03:55,394 [Thread-426] INFO  impl.FollowerState (FollowerState.java:run(106)) - 15273f9a-72e8-4ae0-8091-781d0ea9f1eb:group-4B656B7D57A4 changes to CANDIDATE, lastRpcTime:1116, electionTimeout:1116ms
2019-09-26 17:03:55,395 [Thread-426] INFO  impl.RoleInfo (RoleInfo.java:shutdownFollowerState(121)) - 15273f9a-72e8-4ae0-8091-781d0ea9f1eb: shutdown FollowerState
2019-09-26 17:03:55,395 [Thread-426] INFO  impl.RaftServerImpl (RaftServerImpl.java:setRole(174)) - 15273f9a-72e8-4ae0-8091-781d0ea9f1eb@group-4B656B7D57A4: changes role from  FOLLOWER to CANDIDATE at term 3 for changeToCandidate
2019-09-26 17:03:55,395 [Thread-426] INFO  impl.RoleInfo (RoleInfo.java:updateAndGet(143)) - 15273f9a-72e8-4ae0-8091-781d0ea9f1eb: start LeaderElection
2019-09-26 17:03:55,413 [15273f9a-72e8-4ae0-8091-781d0ea9f1eb@group-4B656B7D57A4:LeaderElection24] INFO  impl.LeaderElection (LeaderElection.java:askForVotes(182)) - 15273f9a-72e8-4ae0-8091-781d0ea9f1eb@group-4B656B7D57A4:LeaderElection24: begin an election at term 4 for -1: [15273f9a-72e8-4ae0-8091-781d0ea9f1eb:192.168.157.234:45996, f1b12ba6-b33d-40de-bd74-c3916eeb1dd7:192.168.157.234:35140, a85e129b-8c23-4c25-ae73-7b1aedd8229e:192.168.157.234:45424], old=null
2019-09-26 17:03:55,417 [grpc-default-executor-4] INFO  impl.RaftServerImpl (RaftServerImpl.java:setRole(174)) - f1b12ba6-b33d-40de-bd74-c3916eeb1dd7@group-4B656B7D57A4: changes role from  FOLLOWER to FOLLOWER at term 4 for recognizeCandidate:15273f9a-72e8-4ae0-8091-781d0ea9f1eb
2019-09-26 17:03:55,417 [grpc-default-executor-2] INFO  impl.RaftServerImpl (RaftServerImpl.java:setRole(174)) - a85e129b-8c23-4c25-ae73-7b1aedd8229e@group-4B656B7D57A4: changes role from  FOLLOWER to FOLLOWER at term 4 for recognizeCandidate:15273f9a-72e8-4ae0-8091-781d0ea9f1eb
2019-09-26 17:03:55,417 [grpc-default-executor-4] INFO  impl.RoleInfo (RoleInfo.java:shutdownFollowerState(121)) - f1b12ba6-b33d-40de-bd74-c3916eeb1dd7: shutdown FollowerState
2019-09-26 17:03:55,418 [grpc-default-executor-2] INFO  impl.RoleInfo (RoleInfo.java:shutdownFollowerState(121)) - a85e129b-8c23-4c25-ae73-7b1aedd8229e: shutdown FollowerState
2019-09-26 17:03:55,418 [Thread-438] INFO  impl.FollowerState (FollowerState.java:run(115)) - f1b12ba6-b33d-40de-bd74-c3916eeb1dd7: FollowerState was interrupted: java.lang.InterruptedException: sleep interrupted
2019-09-26 17:03:55,418 [grpc-default-executor-2] INFO  impl.RoleInfo (RoleInfo.java:updateAndGet(143)) - a85e129b-8c23-4c25-ae73-7b1aedd8229e: start FollowerState
2019-09-26 17:03:55,418 [grpc-default-executor-4] INFO  impl.RoleInfo (RoleInfo.java:updateAndGet(143)) - f1b12ba6-b33d-40de-bd74-c3916eeb1dd7: start FollowerState
2019-09-26 17:03:55,421 [Thread-435] INFO  impl.FollowerState (FollowerState.java:run(115)) - a85e129b-8c23-4c25-ae73-7b1aedd8229e: FollowerState was interrupted: java.lang.InterruptedException: sleep interrupted
2019-09-26 17:03:55,439 [15273f9a-72e8-4ae0-8091-781d0ea9f1eb@group-4B656B7D57A4:LeaderElection24] INFO  impl.LeaderElection (LeaderElection.java:logAndReturn(56)) - 15273f9a-72e8-4ae0-8091-781d0ea9f1eb@group-4B656B7D57A4:LeaderElection24: Election PASSED; received 1 response(s) [15273f9a-72e8-4ae0-8091-781d0ea9f1eb<-f1b12ba6-b33d-40de-bd74-c3916eeb1dd7#0:OK-t4] and 0 exception(s); 15273f9a-72e8-4ae0-8091-781d0ea9f1eb@group-4B656B7D57A4:t4, leader=null, voted=15273f9a-72e8-4ae0-8091-781d0ea9f1eb, raftlog=15273f9a-72e8-4ae0-8091-781d0ea9f1eb@group-4B656B7D57A4-SegmentedRaftLog:OPENED:c-1,f-1,i0, conf=-1: [15273f9a-72e8-4ae0-8091-781d0ea9f1eb:192.168.157.234:45996, f1b12ba6-b33d-40de-bd74-c3916eeb1dd7:192.168.157.234:35140, a85e129b-8c23-4c25-ae73-7b1aedd8229e:192.168.157.234:45424], old=null
2019-09-26 17:03:55,440 [15273f9a-72e8-4ae0-8091-781d0ea9f1eb@group-4B656B7D57A4:LeaderElection24] INFO  impl.RoleInfo (RoleInfo.java:shutdownLeaderElection(134)) - 15273f9a-72e8-4ae0-8091-781d0ea9f1eb: shutdown LeaderElection
2019-09-26 17:03:55,443 [15273f9a-72e8-4ae0-8091-781d0ea9f1eb@group-4B656B7D57A4:LeaderElection24] INFO  impl.RaftServerImpl (RaftServerImpl.java:setRole(174)) - 15273f9a-72e8-4ae0-8091-781d0ea9f1eb@group-4B656B7D57A4: changes role from CANDIDATE to LEADER at term 4 for changeToLeader
2019-09-26 17:03:55,443 [15273f9a-72e8-4ae0-8091-781d0ea9f1eb@group-4B656B7D57A4:LeaderElection24] INFO  impl.RaftServerImpl (ServerState.java:setLeader(253)) - 15273f9a-72e8-4ae0-8091-781d0ea9f1eb@group-4B656B7D57A4: change Leader from null to 15273f9a-72e8-4ae0-8091-781d0ea9f1eb at term 4 for becomeLeader, leader elected after 3545ms
2019-09-26 17:03:55,443 [15273f9a-72e8-4ae0-8091-781d0ea9f1eb@group-4B656B7D57A4:LeaderElection24] INFO  server.RaftServerConfigKeys (ConfUtils.java:logGet(43)) - raft.server.staging.catchup.gap = 1000 (default)
2019-09-26 17:03:55,443 [15273f9a-72e8-4ae0-8091-781d0ea9f1eb@group-4B656B7D57A4:LeaderElection24] INFO  server.RaftServerConfigKeys (ConfUtils.java:logGet(43)) - raft.server.rpc.sleep.time = 25ms (default)
2019-09-26 17:03:55,443 [15273f9a-72e8-4ae0-8091-781d0ea9f1eb@group-4B656B7D57A4:LeaderElection24] INFO  server.RaftServerConfigKeys (ConfUtils.java:logGet(43)) - raft.server.write.element-limit = 4096 (default)
2019-09-26 17:03:55,443 [15273f9a-72e8-4ae0-8091-781d0ea9f1eb@group-4B656B7D57A4:LeaderElection24] INFO  server.RaftServerConfigKeys (ConfUtils.java:logGet(43)) - raft.server.watch.timeout = 10s (default)
2019-09-26 17:03:55,444 [15273f9a-72e8-4ae0-8091-781d0ea9f1eb@group-4B656B7D57A4:LeaderElection24] INFO  server.RaftServerConfigKeys (ConfUtils.java:logGet(43)) - raft.server.watch.timeout.denomination = 1s (default)
2019-09-26 17:03:55,444 [15273f9a-72e8-4ae0-8091-781d0ea9f1eb@group-4B656B7D57A4:LeaderElection24] INFO  server.RaftServerConfigKeys (ConfUtils.java:logGet(43)) - raft.server.watch.element-limit = 65536 (default)
2019-09-26 17:03:55,447 [15273f9a-72e8-4ae0-8091-781d0ea9f1eb@group-4B656B7D57A4:LeaderElection24] INFO  server.RaftServerConfigKeys (ConfUtils.java:logGet(43)) - raft.server.log.appender.snapshot.chunk.size.max = 16MB (=16777216) (default)
2019-09-26 17:03:55,447 [15273f9a-72e8-4ae0-8091-781d0ea9f1eb@group-4B656B7D57A4:LeaderElection24] INFO  server.RaftServerConfigKeys (ConfUtils.java:logGet(43)) - raft.server.log.appender.buffer.byte-limit = 33554432 (custom)
2019-09-26 17:03:55,447 [15273f9a-72e8-4ae0-8091-781d0ea9f1eb@group-4B656B7D57A4:LeaderElection24] INFO  server.RaftServerConfigKeys (ConfUtils.java:logGet(43)) - raft.server.log.appender.buffer.element-limit = 1 (custom)
2019-09-26 17:03:55,448 [15273f9a-72e8-4ae0-8091-781d0ea9f1eb@group-4B656B7D57A4:LeaderElection24] INFO  grpc.GrpcConfigKeys$Server (ConfUtils.java:logGet(43)) - raft.grpc.server.leader.outstanding.appends.max = 128 (default)
2019-09-26 17:03:55,448 [15273f9a-72e8-4ae0-8091-781d0ea9f1eb@group-4B656B7D57A4:LeaderElection24] INFO  server.RaftServerConfigKeys (ConfUtils.java:logGet(43)) - raft.server.rpc.request.timeout = 3000ms (default)
2019-09-26 17:03:55,448 [15273f9a-72e8-4ae0-8091-781d0ea9f1eb@group-4B656B7D57A4:LeaderElection24] INFO  server.RaftServerConfigKeys (ConfUtils.java:logGet(43)) - raft.server.log.appender.install.snapshot.enabled = false (custom)
2019-09-26 17:03:55,448 [15273f9a-72e8-4ae0-8091-781d0ea9f1eb@group-4B656B7D57A4:LeaderElection24] INFO  server.RaftServerConfigKeys (ConfUtils.java:logGet(43)) - raft.server.log.appender.snapshot.chunk.size.max = 16MB (=16777216) (default)
2019-09-26 17:03:55,449 [15273f9a-72e8-4ae0-8091-781d0ea9f1eb@group-4B656B7D57A4:LeaderElection24] INFO  server.RaftServerConfigKeys (ConfUtils.java:logGet(43)) - raft.server.log.appender.buffer.byte-limit = 33554432 (custom)
2019-09-26 17:03:55,449 [15273f9a-72e8-4ae0-8091-781d0ea9f1eb@group-4B656B7D57A4:LeaderElection24] INFO  server.RaftServerConfigKeys (ConfUtils.java:logGet(43)) - raft.server.log.appender.buffer.element-limit = 1 (custom)
2019-09-26 17:03:55,449 [15273f9a-72e8-4ae0-8091-781d0ea9f1eb@group-4B656B7D57A4:LeaderElection24] INFO  grpc.GrpcConfigKeys$Server (ConfUtils.java:logGet(43)) - raft.grpc.server.leader.outstanding.appends.max = 128 (default)
2019-09-26 17:03:55,449 [15273f9a-72e8-4ae0-8091-781d0ea9f1eb@group-4B656B7D57A4:LeaderElection24] INFO  server.RaftServerConfigKeys (ConfUtils.java:logGet(43)) - raft.server.rpc.request.timeout = 3000ms (default)
2019-09-26 17:03:55,449 [15273f9a-72e8-4ae0-8091-781d0ea9f1eb@group-4B656B7D57A4:LeaderElection24] INFO  server.RaftServerConfigKeys (ConfUtils.java:logGet(43)) - raft.server.log.appender.install.snapshot.enabled = false (custom)
2019-09-26 17:03:55,450 [15273f9a-72e8-4ae0-8091-781d0ea9f1eb@group-4B656B7D57A4:LeaderElection24] INFO  impl.RoleInfo (RoleInfo.java:updateAndGet(143)) - 15273f9a-72e8-4ae0-8091-781d0ea9f1eb: start LeaderState
2019-09-26 17:03:55,450 [15273f9a-72e8-4ae0-8091-781d0ea9f1eb@group-4B656B7D57A4:LeaderElection24] INFO  segmented.SegmentedRaftLogWorker (SegmentedRaftLogWorker.java:startLogSegment(380)) - 15273f9a-72e8-4ae0-8091-781d0ea9f1eb@group-4B656B7D57A4-SegmentedRaftLogWorker: Starting segment from index:0
2019-09-26 17:03:55,451 [15273f9a-72e8-4ae0-8091-781d0ea9f1eb@group-4B656B7D57A4:LeaderElection24] INFO  impl.RaftServerImpl (ServerState.java:setRaftConf(354)) - 15273f9a-72e8-4ae0-8091-781d0ea9f1eb@group-4B656B7D57A4: set configuration 0: [15273f9a-72e8-4ae0-8091-781d0ea9f1eb:192.168.157.234:45996, f1b12ba6-b33d-40de-bd74-c3916eeb1dd7:192.168.157.234:35140, a85e129b-8c23-4c25-ae73-7b1aedd8229e:192.168.157.234:45424], old=null at 0
2019-09-26 17:03:55,473 [grpc-default-executor-2] INFO  impl.RaftServerImpl (ServerState.java:setLeader(253)) - a85e129b-8c23-4c25-ae73-7b1aedd8229e@group-4B656B7D57A4: change Leader from null to 15273f9a-72e8-4ae0-8091-781d0ea9f1eb at term 4 for appendEntries, leader elected after 3590ms
2019-09-26 17:03:55,475 [grpc-default-executor-4] INFO  impl.RaftServerImpl (ServerState.java:setLeader(253)) - f1b12ba6-b33d-40de-bd74-c3916eeb1dd7@group-4B656B7D57A4: change Leader from null to 15273f9a-72e8-4ae0-8091-781d0ea9f1eb at term 4 for appendEntries, leader elected after 3593ms
2019-09-26 17:03:55,479 [grpc-default-executor-4] INFO  impl.RaftServerImpl (ServerState.java:setRaftConf(354)) - a85e129b-8c23-4c25-ae73-7b1aedd8229e@group-4B656B7D57A4: set configuration 0: [15273f9a-72e8-4ae0-8091-781d0ea9f1eb:192.168.157.234:45996, f1b12ba6-b33d-40de-bd74-c3916eeb1dd7:192.168.157.234:35140, a85e129b-8c23-4c25-ae73-7b1aedd8229e:192.168.157.234:45424], old=null at 0
2019-09-26 17:03:55,479 [grpc-default-executor-2] INFO  impl.RaftServerImpl (ServerState.java:setRaftConf(354)) - f1b12ba6-b33d-40de-bd74-c3916eeb1dd7@group-4B656B7D57A4: set configuration 0: [15273f9a-72e8-4ae0-8091-781d0ea9f1eb:192.168.157.234:45996, f1b12ba6-b33d-40de-bd74-c3916eeb1dd7:192.168.157.234:35140, a85e129b-8c23-4c25-ae73-7b1aedd8229e:192.168.157.234:45424], old=null at 0
2019-09-26 17:03:55,480 [grpc-default-executor-4] INFO  segmented.SegmentedRaftLogWorker (SegmentedRaftLogWorker.java:startLogSegment(380)) - a85e129b-8c23-4c25-ae73-7b1aedd8229e@group-4B656B7D57A4-SegmentedRaftLogWorker: Starting segment from index:0
2019-09-26 17:03:55,480 [grpc-default-executor-2] INFO  segmented.SegmentedRaftLogWorker (SegmentedRaftLogWorker.java:startLogSegment(380)) - f1b12ba6-b33d-40de-bd74-c3916eeb1dd7@group-4B656B7D57A4-SegmentedRaftLogWorker: Starting segment from index:0
2019-09-26 17:03:55,480 [15273f9a-72e8-4ae0-8091-781d0ea9f1eb@group-4B656B7D57A4-SegmentedRaftLogWorker] INFO  segmented.SegmentedRaftLogWorker (SegmentedRaftLogWorker.java:execute(569)) - 15273f9a-72e8-4ae0-8091-781d0ea9f1eb@group-4B656B7D57A4-SegmentedRaftLogWorker: created new log segment /workdir/hadoop-ozone/integration-test/target/test-dir/MiniOzoneClusterImpl-d6ca620c-cb63-484f-a581-7c0900b96a5f/datanode-2/data/ratis/edc1dd97-b3da-45b4-a97d-4b656b7d57a4/current/log_inprogress_0
2019-09-26 17:03:55,542 [a85e129b-8c23-4c25-ae73-7b1aedd8229e@group-4B656B7D57A4-SegmentedRaftLogWorker] INFO  segmented.SegmentedRaftLogWorker (SegmentedRaftLogWorker.java:execute(569)) - a85e129b-8c23-4c25-ae73-7b1aedd8229e@group-4B656B7D57A4-SegmentedRaftLogWorker: created new log segment /workdir/hadoop-ozone/integration-test/target/test-dir/MiniOzoneClusterImpl-d6ca620c-cb63-484f-a581-7c0900b96a5f/datanode-9/data/ratis/edc1dd97-b3da-45b4-a97d-4b656b7d57a4/current/log_inprogress_0
2019-09-26 17:03:55,543 [f1b12ba6-b33d-40de-bd74-c3916eeb1dd7@group-4B656B7D57A4-SegmentedRaftLogWorker] INFO  segmented.SegmentedRaftLogWorker (SegmentedRaftLogWorker.java:execute(569)) - f1b12ba6-b33d-40de-bd74-c3916eeb1dd7@group-4B656B7D57A4-SegmentedRaftLogWorker: created new log segment /workdir/hadoop-ozone/integration-test/target/test-dir/MiniOzoneClusterImpl-d6ca620c-cb63-484f-a581-7c0900b96a5f/datanode-1/data/ratis/edc1dd97-b3da-45b4-a97d-4b656b7d57a4/current/log_inprogress_0
2019-09-26 17:03:55,558 [main] INFO  ipc.Client (Client.java:handleConnectionFailure(948)) - Retrying connect to server: localhost/127.0.0.1:0. Already tried 3 time(s); retry policy is RetryUpToMaximumCountWithFixedSleep(maxRetries=10, sleepTime=1000 MILLISECONDS)
2019-09-26 17:03:56,559 [main] INFO  ipc.Client (Client.java:handleConnectionFailure(948)) - Retrying connect to server: localhost/127.0.0.1:0. Already tried 4 time(s); retry policy is RetryUpToMaximumCountWithFixedSleep(maxRetries=10, sleepTime=1000 MILLISECONDS)
2019-09-26 17:03:57,565 [main] INFO  ipc.Client (Client.java:handleConnectionFailure(948)) - Retrying connect to server: localhost/127.0.0.1:0. Already tried 5 time(s); retry policy is RetryUpToMaximumCountWithFixedSleep(maxRetries=10, sleepTime=1000 MILLISECONDS)
2019-09-26 17:03:58,575 [main] INFO  ipc.Client (Client.java:handleConnectionFailure(948)) - Retrying connect to server: localhost/127.0.0.1:0. Already tried 6 time(s); retry policy is RetryUpToMaximumCountWithFixedSleep(maxRetries=10, sleepTime=1000 MILLISECONDS)
2019-09-26 17:03:59,577 [main] INFO  ipc.Client (Client.java:handleConnectionFailure(948)) - Retrying connect to server: localhost/127.0.0.1:0. Already tried 7 time(s); retry policy is RetryUpToMaximumCountWithFixedSleep(maxRetries=10, sleepTime=1000 MILLISECONDS)
2019-09-26 17:04:00,578 [main] INFO  ipc.Client (Client.java:handleConnectionFailure(948)) - Retrying connect to server: localhost/127.0.0.1:0. Already tried 8 time(s); retry policy is RetryUpToMaximumCountWithFixedSleep(maxRetries=10, sleepTime=1000 MILLISECONDS)
2019-09-26 17:04:01,580 [main] INFO  ipc.Client (Client.java:handleConnectionFailure(948)) - Retrying connect to server: localhost/127.0.0.1:0. Already tried 9 time(s); retry policy is RetryUpToMaximumCountWithFixedSleep(maxRetries=10, sleepTime=1000 MILLISECONDS)
2019-09-26 17:04:02,586 [main] INFO  ipc.Client (Client.java:handleConnectionFailure(948)) - Retrying connect to server: localhost/127.0.0.1:0. Already tried 0 time(s); retry policy is RetryUpToMaximumCountWithFixedSleep(maxRetries=10, sleepTime=1000 MILLISECONDS)
2019-09-26 17:04:03,588 [main] INFO  ipc.Client (Client.java:handleConnectionFailure(948)) - Retrying connect to server: localhost/127.0.0.1:0. Already tried 1 time(s); retry policy is RetryUpToMaximumCountWithFixedSleep(maxRetries=10, sleepTime=1000 MILLISECONDS)
2019-09-26 17:04:04,589 [main] INFO  ipc.Client (Client.java:handleConnectionFailure(948)) - Retrying connect to server: localhost/127.0.0.1:0. Already tried 2 time(s); retry policy is RetryUpToMaximumCountWithFixedSleep(maxRetries=10, sleepTime=1000 MILLISECONDS)
2019-09-26 17:04:05,590 [main] INFO  ipc.Client (Client.java:handleConnectionFailure(948)) - Retrying connect to server: localhost/127.0.0.1:0. Already tried 3 time(s); retry policy is RetryUpToMaximumCountWithFixedSleep(maxRetries=10, sleepTime=1000 MILLISECONDS)
2019-09-26 17:04:06,592 [main] INFO  ipc.Client (Client.java:handleConnectionFailure(948)) - Retrying connect to server: localhost/127.0.0.1:0. Already tried 4 time(s); retry policy is RetryUpToMaximumCountWithFixedSleep(maxRetries=10, sleepTime=1000 MILLISECONDS)
2019-09-26 17:04:07,593 [main] INFO  ipc.Client (Client.java:handleConnectionFailure(948)) - Retrying connect to server: localhost/127.0.0.1:0. Already tried 5 time(s); retry policy is RetryUpToMaximumCountWithFixedSleep(maxRetries=10, sleepTime=1000 MILLISECONDS)
2019-09-26 17:04:08,595 [main] INFO  ipc.Client (Client.java:handleConnectionFailure(948)) - Retrying connect to server: localhost/127.0.0.1:0. Already tried 6 time(s); retry policy is RetryUpToMaximumCountWithFixedSleep(maxRetries=10, sleepTime=1000 MILLISECONDS)
2019-09-26 17:04:09,596 [main] INFO  ipc.Client (Client.java:handleConnectionFailure(948)) - Retrying connect to server: localhost/127.0.0.1:0. Already tried 7 time(s); retry policy is RetryUpToMaximumCountWithFixedSleep(maxRetries=10, sleepTime=1000 MILLISECONDS)
2019-09-26 17:04:10,598 [main] INFO  ipc.Client (Client.java:handleConnectionFailure(948)) - Retrying connect to server: localhost/127.0.0.1:0. Already tried 8 time(s); retry policy is RetryUpToMaximumCountWithFixedSleep(maxRetries=10, sleepTime=1000 MILLISECONDS)
2019-09-26 17:04:11,599 [main] INFO  ipc.Client (Client.java:handleConnectionFailure(948)) - Retrying connect to server: localhost/127.0.0.1:0. Already tried 9 time(s); retry policy is RetryUpToMaximumCountWithFixedSleep(maxRetries=10, sleepTime=1000 MILLISECONDS)
2019-09-26 17:04:11,602 [main] INFO  retry.RetryInvocationHandler (RetryInvocationHandler.java:log(411)) - com.google.protobuf.ServiceException: java.net.ConnectException: Your endpoint configuration is wrong; For more details see:  http://wiki.apache.org/hadoop/UnsetHostnameOrPort, while invoking $Proxy35.submitRequest over nodeId=null,nodeAddress=127.0.0.1:0 after 1 failover attempts. Trying to failover immediately.
2019-09-26 17:04:12,604 [main] INFO  ipc.Client (Client.java:handleConnectionFailure(948)) - Retrying connect to server: localhost/127.0.0.1:0. Already tried 0 time(s); retry policy is RetryUpToMaximumCountWithFixedSleep(maxRetries=10, sleepTime=1000 MILLISECONDS)
2019-09-26 17:04:13,605 [main] INFO  ipc.Client (Client.java:handleConnectionFailure(948)) - Retrying connect to server: localhost/127.0.0.1:0. Already tried 1 time(s); retry policy is RetryUpToMaximumCountWithFixedSleep(maxRetries=10, sleepTime=1000 MILLISECONDS)
2019-09-26 17:04:14,607 [main] INFO  ipc.Client (Client.java:handleConnectionFailure(948)) - Retrying connect to server: localhost/127.0.0.1:0. Already tried 2 time(s); retry policy is RetryUpToMaximumCountWithFixedSleep(maxRetries=10, sleepTime=1000 MILLISECONDS)
2019-09-26 17:04:15,608 [main] INFO  ipc.Client (Client.java:handleConnectionFailure(948)) - Retrying connect to server: localhost/127.0.0.1:0. Already tried 3 time(s); retry policy is RetryUpToMaximumCountWithFixedSleep(maxRetries=10, sleepTime=1000 MILLISECONDS)
2019-09-26 17:04:16,610 [main] INFO  ipc.Client (Client.java:handleConnectionFailure(948)) - Retrying connect to server: localhost/127.0.0.1:0. Already tried 4 time(s); retry policy is RetryUpToMaximumCountWithFixedSleep(maxRetries=10, sleepTime=1000 MILLISECONDS)
2019-09-26 17:04:17,611 [main] INFO  ipc.Client (Client.java:handleConnectionFailure(948)) - Retrying connect to server: localhost/127.0.0.1:0. Already tried 5 time(s); retry policy is RetryUpToMaximumCountWithFixedSleep(maxRetries=10, sleepTime=1000 MILLISECONDS)
2019-09-26 17:04:18,612 [main] INFO  ipc.Client (Client.java:handleConnectionFailure(948)) - Retrying connect to server: localhost/127.0.0.1:0. Already tried 6 time(s); retry policy is RetryUpToMaximumCountWithFixedSleep(maxRetries=10, sleepTime=1000 MILLISECONDS)
2019-09-26 17:04:19,614 [main] INFO  ipc.Client (Client.java:handleConnectionFailure(948)) - Retrying connect to server: localhost/127.0.0.1:0. Already tried 7 time(s); retry policy is RetryUpToMaximumCountWithFixedSleep(maxRetries=10, sleepTime=1000 MILLISECONDS)
2019-09-26 17:04:20,615 [main] INFO  ipc.Client (Client.java:handleConnectionFailure(948)) - Retrying connect to server: localhost/127.0.0.1:0. Already tried 8 time(s); retry policy is RetryUpToMaximumCountWithFixedSleep(maxRetries=10, sleepTime=1000 MILLISECONDS)
2019-09-26 17:04:21,616 [main] INFO  ipc.Client (Client.java:handleConnectionFailure(948)) - Retrying connect to server: localhost/127.0.0.1:0. Already tried 9 time(s); retry policy is RetryUpToMaximumCountWithFixedSleep(maxRetries=10, sleepTime=1000 MILLISECONDS)
2019-09-26 17:04:21,618 [main] INFO  retry.RetryInvocationHandler (RetryInvocationHandler.java:log(411)) - com.google.protobuf.ServiceException: java.net.ConnectException: Your endpoint configuration is wrong; For more details see:  http://wiki.apache.org/hadoop/UnsetHostnameOrPort, while invoking $Proxy35.submitRequest over nodeId=null,nodeAddress=127.0.0.1:0 after 2 failover attempts. Trying to failover immediately.
2019-09-26 17:04:22,620 [main] INFO  ipc.Client (Client.java:handleConnectionFailure(948)) - Retrying connect to server: localhost/127.0.0.1:0. Already tried 0 time(s); retry policy is RetryUpToMaximumCountWithFixedSleep(maxRetries=10, sleepTime=1000 MILLISECONDS)
2019-09-26 17:04:23,621 [main] INFO  ipc.Client (Client.java:handleConnectionFailure(948)) - Retrying connect to server: localhost/127.0.0.1:0. Already tried 1 time(s); retry policy is RetryUpToMaximumCountWithFixedSleep(maxRetries=10, sleepTime=1000 MILLISECONDS)
2019-09-26 17:04:24,622 [main] INFO  ipc.Client (Client.java:handleConnectionFailure(948)) - Retrying connect to server: localhost/127.0.0.1:0. Already tried 2 time(s); retry policy is RetryUpToMaximumCountWithFixedSleep(maxRetries=10, sleepTime=1000 MILLISECONDS)
2019-09-26 17:04:25,623 [main] INFO  ipc.Client (Client.java:handleConnectionFailure(948)) - Retrying connect to server: localhost/127.0.0.1:0. Already tried 3 time(s); retry policy is RetryUpToMaximumCountWithFixedSleep(maxRetries=10, sleepTime=1000 MILLISECONDS)
2019-09-26 17:04:26,625 [main] INFO  ipc.Client (Client.java:handleConnectionFailure(948)) - Retrying connect to server: localhost/127.0.0.1:0. Already tried 4 time(s); retry policy is RetryUpToMaximumCountWithFixedSleep(maxRetries=10, sleepTime=1000 MILLISECONDS)
2019-09-26 17:04:27,626 [main] INFO  ipc.Client (Client.java:handleConnectionFailure(948)) - Retrying connect to server: localhost/127.0.0.1:0. Already tried 5 time(s); retry policy is RetryUpToMaximumCountWithFixedSleep(maxRetries=10, sleepTime=1000 MILLISECONDS)
2019-09-26 17:04:28,627 [main] INFO  ipc.Client (Client.java:handleConnectionFailure(948)) - Retrying connect to server: localhost/127.0.0.1:0. Already tried 6 time(s); retry policy is RetryUpToMaximumCountWithFixedSleep(maxRetries=10, sleepTime=1000 MILLISECONDS)
2019-09-26 17:04:29,629 [main] INFO  ipc.Client (Client.java:handleConnectionFailure(948)) - Retrying connect to server: localhost/127.0.0.1:0. Already tried 7 time(s); retry policy is RetryUpToMaximumCountWithFixedSleep(maxRetries=10, sleepTime=1000 MILLISECONDS)
2019-09-26 17:04:30,630 [main] INFO  ipc.Client (Client.java:handleConnectionFailure(948)) - Retrying connect to server: localhost/127.0.0.1:0. Already tried 8 time(s); retry policy is RetryUpToMaximumCountWithFixedSleep(maxRetries=10, sleepTime=1000 MILLISECONDS)
2019-09-26 17:04:31,631 [main] INFO  ipc.Client (Client.java:handleConnectionFailure(948)) - Retrying connect to server: localhost/127.0.0.1:0. Already tried 9 time(s); retry policy is RetryUpToMaximumCountWithFixedSleep(maxRetries=10, sleepTime=1000 MILLISECONDS)
2019-09-26 17:04:31,633 [main] INFO  retry.RetryInvocationHandler (RetryInvocationHandler.java:log(411)) - com.google.protobuf.ServiceException: java.net.ConnectException: Your endpoint configuration is wrong; For more details see:  http://wiki.apache.org/hadoop/UnsetHostnameOrPort, while invoking $Proxy35.submitRequest over nodeId=null,nodeAddress=127.0.0.1:0 after 3 failover attempts. Trying to failover immediately.
2019-09-26 17:04:32,634 [main] INFO  ipc.Client (Client.java:handleConnectionFailure(948)) - Retrying connect to server: localhost/127.0.0.1:0. Already tried 0 time(s); retry policy is RetryUpToMaximumCountWithFixedSleep(maxRetries=10, sleepTime=1000 MILLISECONDS)
2019-09-26 17:04:33,636 [main] INFO  ipc.Client (Client.java:handleConnectionFailure(948)) - Retrying connect to server: localhost/127.0.0.1:0. Already tried 1 time(s); retry policy is RetryUpToMaximumCountWithFixedSleep(maxRetries=10, sleepTime=1000 MILLISECONDS)
2019-09-26 17:04:34,637 [main] INFO  ipc.Client (Client.java:handleConnectionFailure(948)) - Retrying connect to server: localhost/127.0.0.1:0. Already tried 2 time(s); retry policy is RetryUpToMaximumCountWithFixedSleep(maxRetries=10, sleepTime=1000 MILLISECONDS)
2019-09-26 17:04:35,638 [main] INFO  ipc.Client (Client.java:handleConnectionFailure(948)) - Retrying connect to server: localhost/127.0.0.1:0. Already tried 3 time(s); retry policy is RetryUpToMaximumCountWithFixedSleep(maxRetries=10, sleepTime=1000 MILLISECONDS)
2019-09-26 17:04:36,639 [main] INFO  ipc.Client (Client.java:handleConnectionFailure(948)) - Retrying connect to server: localhost/127.0.0.1:0. Already tried 4 time(s); retry policy is RetryUpToMaximumCountWithFixedSleep(maxRetries=10, sleepTime=1000 MILLISECONDS)
2019-09-26 17:04:37,641 [main] INFO  ipc.Client (Client.java:handleConnectionFailure(948)) - Retrying connect to server: localhost/127.0.0.1:0. Already tried 5 time(s); retry policy is RetryUpToMaximumCountWithFixedSleep(maxRetries=10, sleepTime=1000 MILLISECONDS)
2019-09-26 17:04:38,642 [main] INFO  ipc.Client (Client.java:handleConnectionFailure(948)) - Retrying connect to server: localhost/127.0.0.1:0. Already tried 6 time(s); retry policy is RetryUpToMaximumCountWithFixedSleep(maxRetries=10, sleepTime=1000 MILLISECONDS)
2019-09-26 17:04:39,643 [main] INFO  ipc.Client (Client.java:handleConnectionFailure(948)) - Retrying connect to server: localhost/127.0.0.1:0. Already tried 7 time(s); retry policy is RetryUpToMaximumCountWithFixedSleep(maxRetries=10, sleepTime=1000 MILLISECONDS)
2019-09-26 17:04:40,644 [main] INFO  ipc.Client (Client.java:handleConnectionFailure(948)) - Retrying connect to server: localhost/127.0.0.1:0. Already tried 8 time(s); retry policy is RetryUpToMaximumCountWithFixedSleep(maxRetries=10, sleepTime=1000 MILLISECONDS)
2019-09-26 17:04:41,645 [main] INFO  ipc.Client (Client.java:handleConnectionFailure(948)) - Retrying connect to server: localhost/127.0.0.1:0. Already tried 9 time(s); retry policy is RetryUpToMaximumCountWithFixedSleep(maxRetries=10, sleepTime=1000 MILLISECONDS)
2019-09-26 17:04:41,647 [main] INFO  retry.RetryInvocationHandler (RetryInvocationHandler.java:log(411)) - com.google.protobuf.ServiceException: java.net.ConnectException: Your endpoint configuration is wrong; For more details see:  http://wiki.apache.org/hadoop/UnsetHostnameOrPort, while invoking $Proxy35.submitRequest over nodeId=null,nodeAddress=127.0.0.1:0 after 4 failover attempts. Trying to failover immediately.
2019-09-26 17:04:43,359 [Thread-413] WARN  util.JavaUtils (JavaUtils.java:sleep(250)) - Unexpected long sleep: sleep(1176ms) actually took 1497ms which is over the threshold 300ms
2019-09-26 17:04:43,360 [Thread-382] WARN  util.JavaUtils (JavaUtils.java:sleep(250)) - Unexpected long sleep: sleep(1058ms) actually took 1636ms which is over the threshold 300ms
2019-09-26 17:04:43,360 [Thread-451] WARN  util.JavaUtils (JavaUtils.java:sleep(250)) - Unexpected long sleep: sleep(1083ms) actually took 1669ms which is over the threshold 300ms
2019-09-26 17:04:43,360 [Thread-412] WARN  util.JavaUtils (JavaUtils.java:sleep(250)) - Unexpected long sleep: sleep(1101ms) actually took 1676ms which is over the threshold 300ms
2019-09-26 17:04:43,363 [Thread-450] WARN  util.JavaUtils (JavaUtils.java:sleep(250)) - Unexpected long sleep: sleep(1019ms) actually took 1651ms which is over the threshold 300ms
2019-09-26 17:04:43,363 [main] INFO  ipc.Client (Client.java:handleConnectionFailure(948)) - Retrying connect to server: localhost/127.0.0.1:0. Already tried 0 time(s); retry policy is RetryUpToMaximumCountWithFixedSleep(maxRetries=10, sleepTime=1000 MILLISECONDS)
2019-09-26 17:04:44,366 [main] INFO  ipc.Client (Client.java:handleConnectionFailure(948)) - Retrying connect to server: localhost/127.0.0.1:0. Already tried 1 time(s); retry policy is RetryUpToMaximumCountWithFixedSleep(maxRetries=10, sleepTime=1000 MILLISECONDS)
2019-09-26 17:04:45,368 [main] INFO  ipc.Client (Client.java:handleConnectionFailure(948)) - Retrying connect to server: localhost/127.0.0.1:0. Already tried 2 time(s); retry policy is RetryUpToMaximumCountWithFixedSleep(maxRetries=10, sleepTime=1000 MILLISECONDS)
2019-09-26 17:04:46,368 [main] INFO  ipc.Client (Client.java:handleConnectionFailure(948)) - Retrying connect to server: localhost/127.0.0.1:0. Already tried 3 time(s); retry policy is RetryUpToMaximumCountWithFixedSleep(maxRetries=10, sleepTime=1000 MILLISECONDS)
2019-09-26 17:04:47,370 [main] INFO  ipc.Client (Client.java:handleConnectionFailure(948)) - Retrying connect to server: localhost/127.0.0.1:0. Already tried 4 time(s); retry policy is RetryUpToMaximumCountWithFixedSleep(maxRetries=10, sleepTime=1000 MILLISECONDS)
2019-09-26 17:04:48,373 [main] INFO  ipc.Client (Client.java:handleConnectionFailure(948)) - Retrying connect to server: localhost/127.0.0.1:0. Already tried 5 time(s); retry policy is RetryUpToMaximumCountWithFixedSleep(maxRetries=10, sleepTime=1000 MILLISECONDS)
2019-09-26 17:04:49,378 [main] INFO  ipc.Client (Client.java:handleConnectionFailure(948)) - Retrying connect to server: localhost/127.0.0.1:0. Already tried 6 time(s); retry policy is RetryUpToMaximumCountWithFixedSleep(maxRetries=10, sleepTime=1000 MILLISECONDS)
2019-09-26 17:04:50,383 [main] INFO  ipc.Client (Client.java:handleConnectionFailure(948)) - Retrying connect to server: localhost/127.0.0.1:0. Already tried 7 time(s); retry policy is RetryUpToMaximumCountWithFixedSleep(maxRetries=10, sleepTime=1000 MILLISECONDS)
2019-09-26 17:04:51,388 [main] INFO  ipc.Client (Client.java:handleConnectionFailure(948)) - Retrying connect to server: localhost/127.0.0.1:0. Already tried 8 time(s); retry policy is RetryUpToMaximumCountWithFixedSleep(maxRetries=10, sleepTime=1000 MILLISECONDS)
2019-09-26 17:04:52,393 [main] INFO  ipc.Client (Client.java:handleConnectionFailure(948)) - Retrying connect to server: localhost/127.0.0.1:0. Already tried 9 time(s); retry policy is RetryUpToMaximumCountWithFixedSleep(maxRetries=10, sleepTime=1000 MILLISECONDS)
2019-09-26 17:04:52,395 [main] INFO  retry.RetryInvocationHandler (RetryInvocationHandler.java:log(411)) - com.google.protobuf.ServiceException: java.net.ConnectException: Your endpoint configuration is wrong; For more details see:  http://wiki.apache.org/hadoop/UnsetHostnameOrPort, while invoking $Proxy35.submitRequest over nodeId=null,nodeAddress=127.0.0.1:0 after 5 failover attempts. Trying to failover immediately.
2019-09-26 17:04:53,397 [main] INFO  ipc.Client (Client.java:handleConnectionFailure(948)) - Retrying connect to server: localhost/127.0.0.1:0. Already tried 0 time(s); retry policy is RetryUpToMaximumCountWithFixedSleep(maxRetries=10, sleepTime=1000 MILLISECONDS)
2019-09-26 17:04:54,402 [main] INFO  ipc.Client (Client.java:handleConnectionFailure(948)) - Retrying connect to server: localhost/127.0.0.1:0. Already tried 1 time(s); retry policy is RetryUpToMaximumCountWithFixedSleep(maxRetries=10, sleepTime=1000 MILLISECONDS)
2019-09-26 17:04:55,407 [main] INFO  ipc.Client (Client.java:handleConnectionFailure(948)) - Retrying connect to server: localhost/127.0.0.1:0. Already tried 2 time(s); retry policy is RetryUpToMaximumCountWithFixedSleep(maxRetries=10, sleepTime=1000 MILLISECONDS)
2019-09-26 17:04:56,412 [main] INFO  ipc.Client (Client.java:handleConnectionFailure(948)) - Retrying connect to server: localhost/127.0.0.1:0. Already tried 3 time(s); retry policy is RetryUpToMaximumCountWithFixedSleep(maxRetries=10, sleepTime=1000 MILLISECONDS)
2019-09-26 17:04:57,417 [main] INFO  ipc.Client (Client.java:handleConnectionFailure(948)) - Retrying connect to server: localhost/127.0.0.1:0. Already tried 4 time(s); retry policy is RetryUpToMaximumCountWithFixedSleep(maxRetries=10, sleepTime=1000 MILLISECONDS)
2019-09-26 17:04:58,423 [main] INFO  ipc.Client (Client.java:handleConnectionFailure(948)) - Retrying connect to server: localhost/127.0.0.1:0. Already tried 5 time(s); retry policy is RetryUpToMaximumCountWithFixedSleep(maxRetries=10, sleepTime=1000 MILLISECONDS)
2019-09-26 17:04:59,427 [main] INFO  ipc.Client (Client.java:handleConnectionFailure(948)) - Retrying connect to server: localhost/127.0.0.1:0. Already tried 6 time(s); retry policy is RetryUpToMaximumCountWithFixedSleep(maxRetries=10, sleepTime=1000 MILLISECONDS)
2019-09-26 17:05:00,434 [main] INFO  ipc.Client (Client.java:handleConnectionFailure(948)) - Retrying connect to server: localhost/127.0.0.1:0. Already tried 7 time(s); retry policy is RetryUpToMaximumCountWithFixedSleep(maxRetries=10, sleepTime=1000 MILLISECONDS)
2019-09-26 17:05:01,441 [main] INFO  ipc.Client (Client.java:handleConnectionFailure(948)) - Retrying connect to server: localhost/127.0.0.1:0. Already tried 8 time(s); retry policy is RetryUpToMaximumCountWithFixedSleep(maxRetries=10, sleepTime=1000 MILLISECONDS)
2019-09-26 17:05:02,446 [main] INFO  ipc.Client (Client.java:handleConnectionFailure(948)) - Retrying connect to server: localhost/127.0.0.1:0. Already tried 9 time(s); retry policy is RetryUpToMaximumCountWithFixedSleep(maxRetries=10, sleepTime=1000 MILLISECONDS)
2019-09-26 17:05:02,447 [main] INFO  retry.RetryInvocationHandler (RetryInvocationHandler.java:log(411)) - com.google.protobuf.ServiceException: java.net.ConnectException: Your endpoint configuration is wrong; For more details see:  http://wiki.apache.org/hadoop/UnsetHostnameOrPort, while invoking $Proxy35.submitRequest over nodeId=null,nodeAddress=127.0.0.1:0 after 6 failover attempts. Trying to failover immediately.
2019-09-26 17:05:03,453 [main] INFO  ipc.Client (Client.java:handleConnectionFailure(948)) - Retrying connect to server: localhost/127.0.0.1:0. Already tried 0 time(s); retry policy is RetryUpToMaximumCountWithFixedSleep(maxRetries=10, sleepTime=1000 MILLISECONDS)
2019-09-26 17:05:04,458 [main] INFO  ipc.Client (Client.java:handleConnectionFailure(948)) - Retrying connect to server: localhost/127.0.0.1:0. Already tried 1 time(s); retry policy is RetryUpToMaximumCountWithFixedSleep(maxRetries=10, sleepTime=1000 MILLISECONDS)
2019-09-26 17:05:05,462 [main] INFO  ipc.Client (Client.java:handleConnectionFailure(948)) - Retrying connect to server: localhost/127.0.0.1:0. Already tried 2 time(s); retry policy is RetryUpToMaximumCountWithFixedSleep(maxRetries=10, sleepTime=1000 MILLISECONDS)
2019-09-26 17:05:06,467 [main] INFO  ipc.Client (Client.java:handleConnectionFailure(948)) - Retrying connect to server: localhost/127.0.0.1:0. Already tried 3 time(s); retry policy is RetryUpToMaximumCountWithFixedSleep(maxRetries=10, sleepTime=1000 MILLISECONDS)
2019-09-26 17:05:07,471 [main] INFO  ipc.Client (Client.java:handleConnectionFailure(948)) - Retrying connect to server: localhost/127.0.0.1:0. Already tried 4 time(s); retry policy is RetryUpToMaximumCountWithFixedSleep(maxRetries=10, sleepTime=1000 MILLISECONDS)
2019-09-26 17:05:08,476 [main] INFO  ipc.Client (Client.java:handleConnectionFailure(948)) - Retrying connect to server: localhost/127.0.0.1:0. Already tried 5 time(s); retry policy is RetryUpToMaximumCountWithFixedSleep(maxRetries=10, sleepTime=1000 MILLISECONDS)
2019-09-26 17:05:09,480 [main] INFO  ipc.Client (Client.java:handleConnectionFailure(948)) - Retrying connect to server: localhost/127.0.0.1:0. Already tried 6 time(s); retry policy is RetryUpToMaximumCountWithFixedSleep(maxRetries=10, sleepTime=1000 MILLISECONDS)
2019-09-26 17:05:10,485 [main] INFO  ipc.Client (Client.java:handleConnectionFailure(948)) - Retrying connect to server: localhost/127.0.0.1:0. Already tried 7 time(s); retry policy is RetryUpToMaximumCountWithFixedSleep(maxRetries=10, sleepTime=1000 MILLISECONDS)
2019-09-26 17:05:11,489 [main] INFO  ipc.Client (Client.java:handleConnectionFailure(948)) - Retrying connect to server: localhost/127.0.0.1:0. Already tried 8 time(s); retry policy is RetryUpToMaximumCountWithFixedSleep(maxRetries=10, sleepTime=1000 MILLISECONDS)
2019-09-26 17:05:12,494 [main] INFO  ipc.Client (Client.java:handleConnectionFailure(948)) - Retrying connect to server: localhost/127.0.0.1:0. Already tried 9 time(s); retry policy is RetryUpToMaximumCountWithFixedSleep(maxRetries=10, sleepTime=1000 MILLISECONDS)
2019-09-26 17:05:12,496 [main] INFO  retry.RetryInvocationHandler (RetryInvocationHandler.java:log(411)) - com.google.protobuf.ServiceException: java.net.ConnectException: Your endpoint configuration is wrong; For more details see:  http://wiki.apache.org/hadoop/UnsetHostnameOrPort, while invoking $Proxy35.submitRequest over nodeId=null,nodeAddress=127.0.0.1:0 after 7 failover attempts. Trying to failover immediately.
2019-09-26 17:05:13,500 [main] INFO  ipc.Client (Client.java:handleConnectionFailure(948)) - Retrying connect to server: localhost/127.0.0.1:0. Already tried 0 time(s); retry policy is RetryUpToMaximumCountWithFixedSleep(maxRetries=10, sleepTime=1000 MILLISECONDS)
2019-09-26 17:05:14,505 [main] INFO  ipc.Client (Client.java:handleConnectionFailure(948)) - Retrying connect to server: localhost/127.0.0.1:0. Already tried 1 time(s); retry policy is RetryUpToMaximumCountWithFixedSleep(maxRetries=10, sleepTime=1000 MILLISECONDS)
2019-09-26 17:05:15,512 [main] INFO  ipc.Client (Client.java:handleConnectionFailure(948)) - Retrying connect to server: localhost/127.0.0.1:0. Already tried 2 time(s); retry policy is RetryUpToMaximumCountWithFixedSleep(maxRetries=10, sleepTime=1000 MILLISECONDS)
2019-09-26 17:05:16,517 [main] INFO  ipc.Client (Client.java:handleConnectionFailure(948)) - Retrying connect to server: localhost/127.0.0.1:0. Already tried 3 time(s); retry policy is RetryUpToMaximumCountWithFixedSleep(maxRetries=10, sleepTime=1000 MILLISECONDS)
2019-09-26 17:05:17,518 [main] INFO  ipc.Client (Client.java:handleConnectionFailure(948)) - Retrying connect to server: localhost/127.0.0.1:0. Already tried 4 time(s); retry policy is RetryUpToMaximumCountWithFixedSleep(maxRetries=10, sleepTime=1000 MILLISECONDS)
2019-09-26 17:05:18,519 [main] INFO  ipc.Client (Client.java:handleConnectionFailure(948)) - Retrying connect to server: localhost/127.0.0.1:0. Already tried 5 time(s); retry policy is RetryUpToMaximumCountWithFixedSleep(maxRetries=10, sleepTime=1000 MILLISECONDS)
2019-09-26 17:05:19,526 [main] INFO  ipc.Client (Client.java:handleConnectionFailure(948)) - Retrying connect to server: localhost/127.0.0.1:0. Already tried 6 time(s); retry policy is RetryUpToMaximumCountWithFixedSleep(maxRetries=10, sleepTime=1000 MILLISECONDS)
2019-09-26 17:05:20,531 [main] INFO  ipc.Client (Client.java:handleConnectionFailure(948)) - Retrying connect to server: localhost/127.0.0.1:0. Already tried 7 time(s); retry policy is RetryUpToMaximumCountWithFixedSleep(maxRetries=10, sleepTime=1000 MILLISECONDS)
2019-09-26 17:05:21,533 [main] INFO  ipc.Client (Client.java:handleConnectionFailure(948)) - Retrying connect to server: localhost/127.0.0.1:0. Already tried 8 time(s); retry policy is RetryUpToMaximumCountWithFixedSleep(maxRetries=10, sleepTime=1000 MILLISECONDS)
2019-09-26 17:05:22,534 [main] INFO  ipc.Client (Client.java:handleConnectionFailure(948)) - Retrying connect to server: localhost/127.0.0.1:0. Already tried 9 time(s); retry policy is RetryUpToMaximumCountWithFixedSleep(maxRetries=10, sleepTime=1000 MILLISECONDS)
2019-09-26 17:05:22,536 [main] INFO  retry.RetryInvocationHandler (RetryInvocationHandler.java:log(411)) - com.google.protobuf.ServiceException: java.net.ConnectException: Your endpoint configuration is wrong; For more details see:  http://wiki.apache.org/hadoop/UnsetHostnameOrPort, while invoking $Proxy35.submitRequest over nodeId=null,nodeAddress=127.0.0.1:0 after 8 failover attempts. Trying to failover immediately.
2019-09-26 17:05:23,579 [main] INFO  ipc.Client (Client.java:handleConnectionFailure(948)) - Retrying connect to server: localhost/127.0.0.1:0. Already tried 0 time(s); retry policy is RetryUpToMaximumCountWithFixedSleep(maxRetries=10, sleepTime=1000 MILLISECONDS)
2019-09-26 17:05:24,580 [main] INFO  ipc.Client (Client.java:handleConnectionFailure(948)) - Retrying connect to server: localhost/127.0.0.1:0. Already tried 1 time(s); retry policy is RetryUpToMaximumCountWithFixedSleep(maxRetries=10, sleepTime=1000 MILLISECONDS)
2019-09-26 17:05:25,581 [main] INFO  ipc.Client (Client.java:handleConnectionFailure(948)) - Retrying connect to server: localhost/127.0.0.1:0. Already tried 2 time(s); retry policy is RetryUpToMaximumCountWithFixedSleep(maxRetries=10, sleepTime=1000 MILLISECONDS)
2019-09-26 17:05:26,583 [main] INFO  ipc.Client (Client.java:handleConnectionFailure(948)) - Retrying connect to server: localhost/127.0.0.1:0. Already tried 3 time(s); retry policy is RetryUpToMaximumCountWithFixedSleep(maxRetries=10, sleepTime=1000 MILLISECONDS)
2019-09-26 17:05:27,585 [main] INFO  ipc.Client (Client.java:handleConnectionFailure(948)) - Retrying connect to server: localhost/127.0.0.1:0. Already tried 4 time(s); retry policy is RetryUpToMaximumCountWithFixedSleep(maxRetries=10, sleepTime=1000 MILLISECONDS)
2019-09-26 17:05:28,586 [main] INFO  ipc.Client (Client.java:handleConnectionFailure(948)) - Retrying connect to server: localhost/127.0.0.1:0. Already tried 5 time(s); retry policy is RetryUpToMaximumCountWithFixedSleep(maxRetries=10, sleepTime=1000 MILLISECONDS)
2019-09-26 17:05:29,587 [main] INFO  ipc.Client (Client.java:handleConnectionFailure(948)) - Retrying connect to server: localhost/127.0.0.1:0. Already tried 6 time(s); retry policy is RetryUpToMaximumCountWithFixedSleep(maxRetries=10, sleepTime=1000 MILLISECONDS)
2019-09-26 17:05:30,589 [main] INFO  ipc.Client (Client.java:handleConnectionFailure(948)) - Retrying connect to server: localhost/127.0.0.1:0. Already tried 7 time(s); retry policy is RetryUpToMaximumCountWithFixedSleep(maxRetries=10, sleepTime=1000 MILLISECONDS)
2019-09-26 17:05:31,590 [main] INFO  ipc.Client (Client.java:handleConnectionFailure(948)) - Retrying connect to server: localhost/127.0.0.1:0. Already tried 8 time(s); retry policy is RetryUpToMaximumCountWithFixedSleep(maxRetries=10, sleepTime=1000 MILLISECONDS)
2019-09-26 17:05:32,592 [main] INFO  ipc.Client (Client.java:handleConnectionFailure(948)) - Retrying connect to server: localhost/127.0.0.1:0. Already tried 9 time(s); retry policy is RetryUpToMaximumCountWithFixedSleep(maxRetries=10, sleepTime=1000 MILLISECONDS)
2019-09-26 17:05:32,594 [main] INFO  retry.RetryInvocationHandler (RetryInvocationHandler.java:log(411)) - com.google.protobuf.ServiceException: java.net.ConnectException: Your endpoint configuration is wrong; For more details see:  http://wiki.apache.org/hadoop/UnsetHostnameOrPort, while invoking $Proxy35.submitRequest over nodeId=null,nodeAddress=127.0.0.1:0 after 9 failover attempts. Trying to failover immediately.
2019-09-26 17:05:33,604 [main] INFO  ipc.Client (Client.java:handleConnectionFailure(948)) - Retrying connect to server: localhost/127.0.0.1:0. Already tried 0 time(s); retry policy is RetryUpToMaximumCountWithFixedSleep(maxRetries=10, sleepTime=1000 MILLISECONDS)
2019-09-26 17:05:34,605 [main] INFO  ipc.Client (Client.java:handleConnectionFailure(948)) - Retrying connect to server: localhost/127.0.0.1:0. Already tried 1 time(s); retry policy is RetryUpToMaximumCountWithFixedSleep(maxRetries=10, sleepTime=1000 MILLISECONDS)
2019-09-26 17:05:35,608 [main] INFO  ipc.Client (Client.java:handleConnectionFailure(948)) - Retrying connect to server: localhost/127.0.0.1:0. Already tried 2 time(s); retry policy is RetryUpToMaximumCountWithFixedSleep(maxRetries=10, sleepTime=1000 MILLISECONDS)
2019-09-26 17:05:36,613 [main] INFO  ipc.Client (Client.java:handleConnectionFailure(948)) - Retrying connect to server: localhost/127.0.0.1:0. Already tried 3 time(s); retry policy is RetryUpToMaximumCountWithFixedSleep(maxRetries=10, sleepTime=1000 MILLISECONDS)
2019-09-26 17:05:37,614 [main] INFO  ipc.Client (Client.java:handleConnectionFailure(948)) - Retrying connect to server: localhost/127.0.0.1:0. Already tried 4 time(s); retry policy is RetryUpToMaximumCountWithFixedSleep(maxRetries=10, sleepTime=1000 MILLISECONDS)
2019-09-26 17:05:38,622 [main] INFO  ipc.Client (Client.java:handleConnectionFailure(948)) - Retrying connect to server: localhost/127.0.0.1:0. Already tried 5 time(s); retry policy is RetryUpToMaximumCountWithFixedSleep(maxRetries=10, sleepTime=1000 MILLISECONDS)
2019-09-26 17:05:39,626 [main] INFO  ipc.Client (Client.java:handleConnectionFailure(948)) - Retrying connect to server: localhost/127.0.0.1:0. Already tried 6 time(s); retry policy is RetryUpToMaximumCountWithFixedSleep(maxRetries=10, sleepTime=1000 MILLISECONDS)
2019-09-26 17:05:40,627 [main] INFO  ipc.Client (Client.java:handleConnectionFailure(948)) - Retrying connect to server: localhost/127.0.0.1:0. Already tried 7 time(s); retry policy is RetryUpToMaximumCountWithFixedSleep(maxRetries=10, sleepTime=1000 MILLISECONDS)
2019-09-26 17:05:41,628 [main] INFO  ipc.Client (Client.java:handleConnectionFailure(948)) - Retrying connect to server: localhost/127.0.0.1:0. Already tried 8 time(s); retry policy is RetryUpToMaximumCountWithFixedSleep(maxRetries=10, sleepTime=1000 MILLISECONDS)
2019-09-26 17:05:42,629 [main] INFO  ipc.Client (Client.java:handleConnectionFailure(948)) - Retrying connect to server: localhost/127.0.0.1:0. Already tried 9 time(s); retry policy is RetryUpToMaximumCountWithFixedSleep(maxRetries=10, sleepTime=1000 MILLISECONDS)
2019-09-26 17:05:42,631 [main] ERROR ha.OMFailoverProxyProvider (OzoneManagerProtocolClientSideTranslatorPB.java:getRetryAction(268)) - Failed to connect to OM. Attempted 10 retries and 10 failovers
2019-09-26 17:05:42,638 [main] ERROR client.OzoneClientFactory (OzoneClientFactory.java:getClientProtocol(259)) - Couldn't create RpcClient protocol exception: 
java.net.ConnectException: Your endpoint configuration is wrong; For more details see:  http://wiki.apache.org/hadoop/UnsetHostnameOrPort
	at sun.reflect.NativeConstructorAccessorImpl.newInstance0(Native Method)
	at sun.reflect.NativeConstructorAccessorImpl.newInstance(NativeConstructorAccessorImpl.java:62)
	at sun.reflect.DelegatingConstructorAccessorImpl.newInstance(DelegatingConstructorAccessorImpl.java:45)
	at java.lang.reflect.Constructor.newInstance(Constructor.java:423)
	at org.apache.hadoop.net.NetUtils.wrapWithMessage(NetUtils.java:831)
	at org.apache.hadoop.net.NetUtils.wrapException(NetUtils.java:751)
	at org.apache.hadoop.ipc.Client.getRpcResponse(Client.java:1515)
	at org.apache.hadoop.ipc.Client.call(Client.java:1457)
	at org.apache.hadoop.ipc.Client.call(Client.java:1367)
	at org.apache.hadoop.ipc.ProtobufRpcEngine$Invoker.invoke(ProtobufRpcEngine.java:228)
	at org.apache.hadoop.ipc.ProtobufRpcEngine$Invoker.invoke(ProtobufRpcEngine.java:116)
	at com.sun.proxy.$Proxy35.submitRequest(Unknown Source)
	at sun.reflect.NativeMethodAccessorImpl.invoke0(Native Method)
	at sun.reflect.NativeMethodAccessorImpl.invoke(NativeMethodAccessorImpl.java:62)
	at sun.reflect.DelegatingMethodAccessorImpl.invoke(DelegatingMethodAccessorImpl.java:43)
	at java.lang.reflect.Method.invoke(Method.java:498)
	at org.apache.hadoop.io.retry.RetryInvocationHandler.invokeMethod(RetryInvocationHandler.java:422)
	at org.apache.hadoop.io.retry.RetryInvocationHandler$Call.invokeMethod(RetryInvocationHandler.java:165)
	at org.apache.hadoop.io.retry.RetryInvocationHandler$Call.invoke(RetryInvocationHandler.java:157)
	at org.apache.hadoop.io.retry.RetryInvocationHandler$Call.invokeOnce(RetryInvocationHandler.java:95)
	at org.apache.hadoop.io.retry.RetryInvocationHandler.invoke(RetryInvocationHandler.java:359)
	at com.sun.proxy.$Proxy35.submitRequest(Unknown Source)
	at org.apache.hadoop.ozone.om.protocolPB.OzoneManagerProtocolClientSideTranslatorPB.submitRequest(OzoneManagerProtocolClientSideTranslatorPB.java:338)
	at org.apache.hadoop.ozone.om.protocolPB.OzoneManagerProtocolClientSideTranslatorPB.getServiceInfo(OzoneManagerProtocolClientSideTranslatorPB.java:1223)
	at sun.reflect.NativeMethodAccessorImpl.invoke0(Native Method)
	at sun.reflect.NativeMethodAccessorImpl.invoke(NativeMethodAccessorImpl.java:62)
	at sun.reflect.DelegatingMethodAccessorImpl.invoke(DelegatingMethodAccessorImpl.java:43)
	at java.lang.reflect.Method.invoke(Method.java:498)
	at org.apache.hadoop.hdds.tracing.TraceAllMethod.invoke(TraceAllMethod.java:66)
	at com.sun.proxy.$Proxy36.getServiceInfo(Unknown Source)
	at org.apache.hadoop.ozone.client.rpc.RpcClient.<init>(RpcClient.java:154)
	at org.apache.hadoop.ozone.client.OzoneClientFactory.getClientProtocol(OzoneClientFactory.java:256)
	at org.apache.hadoop.ozone.client.OzoneClientFactory.getClientProtocol(OzoneClientFactory.java:239)
	at org.apache.hadoop.ozone.client.OzoneClientFactory.getClient(OzoneClientFactory.java:75)
	at org.apache.hadoop.ozone.client.rpc.TestMultiBlockWritesWithDnFailures.startCluster(TestMultiBlockWritesWithDnFailures.java:96)
	at org.apache.hadoop.ozone.client.rpc.TestMultiBlockWritesWithDnFailures.testMultiBlockWritesWithIntermittentDnFailures(TestMultiBlockWritesWithDnFailures.java:160)
	at sun.reflect.NativeMethodAccessorImpl.invoke0(Native Method)
	at sun.reflect.NativeMethodAccessorImpl.invoke(NativeMethodAccessorImpl.java:62)
	at sun.reflect.DelegatingMethodAccessorImpl.invoke(DelegatingMethodAccessorImpl.java:43)
	at java.lang.reflect.Method.invoke(Method.java:498)
	at org.junit.runners.model.FrameworkMethod$1.runReflectiveCall(FrameworkMethod.java:47)
	at org.junit.internal.runners.model.ReflectiveCallable.run(ReflectiveCallable.java:12)
	at org.junit.runners.model.FrameworkMethod.invokeExplosively(FrameworkMethod.java:44)
	at org.junit.internal.runners.statements.InvokeMethod.evaluate(InvokeMethod.java:17)
	at org.junit.internal.runners.statements.RunAfters.evaluate(RunAfters.java:27)
	at org.junit.runners.ParentRunner.runLeaf(ParentRunner.java:271)
	at org.junit.runners.BlockJUnit4ClassRunner.runChild(BlockJUnit4ClassRunner.java:70)
	at org.junit.runners.BlockJUnit4ClassRunner.runChild(BlockJUnit4ClassRunner.java:50)
	at org.junit.runners.ParentRunner$3.run(ParentRunner.java:238)
	at org.junit.runners.ParentRunner$1.schedule(ParentRunner.java:63)
	at org.junit.runners.ParentRunner.runChildren(ParentRunner.java:236)
	at org.junit.runners.ParentRunner.access$000(ParentRunner.java:53)
	at org.junit.runners.ParentRunner$2.evaluate(ParentRunner.java:229)
	at org.junit.runners.ParentRunner.run(ParentRunner.java:309)
	at org.apache.maven.surefire.junit4.JUnit4Provider.execute(JUnit4Provider.java:365)
	at org.apache.maven.surefire.junit4.JUnit4Provider.executeWithRerun(JUnit4Provider.java:273)
	at org.apache.maven.surefire.junit4.JUnit4Provider.executeTestSet(JUnit4Provider.java:238)
	at org.apache.maven.surefire.junit4.JUnit4Provider.invoke(JUnit4Provider.java:159)
	at org.apache.maven.surefire.booter.ForkedBooter.invokeProviderInSameClassLoader(ForkedBooter.java:384)
	at org.apache.maven.surefire.booter.ForkedBooter.runSuitesInProcess(ForkedBooter.java:345)
	at org.apache.maven.surefire.booter.ForkedBooter.execute(ForkedBooter.java:126)
	at org.apache.maven.surefire.booter.ForkedBooter.main(ForkedBooter.java:418)
Caused by: java.net.ConnectException: Connection refused
	at sun.nio.ch.SocketChannelImpl.checkConnect(Native Method)
	at sun.nio.ch.SocketChannelImpl.finishConnect(SocketChannelImpl.java:717)
	at org.apache.hadoop.net.SocketIOWithTimeout.connect(SocketIOWithTimeout.java:206)
	at org.apache.hadoop.net.NetUtils.connect(NetUtils.java:531)
	at org.apache.hadoop.ipc.Client$Connection.setupConnection(Client.java:690)
	at org.apache.hadoop.ipc.Client$Connection.setupIOstreams(Client.java:794)
	at org.apache.hadoop.ipc.Client$Connection.access$3700(Client.java:411)
	at org.apache.hadoop.ipc.Client.getConnection(Client.java:1572)
	at org.apache.hadoop.ipc.Client.call(Client.java:1403)
	... 54 more
2019-09-26 17:05:42,643 [main] INFO  ozone.MiniOzoneClusterImpl (MiniOzoneClusterImpl.java:shutdown(314)) - Shutting down the Mini Ozone Cluster
2019-09-26 17:05:42,648 [main] INFO  ozone.MiniOzoneClusterImpl (MiniOzoneClusterImpl.java:stop(330)) - Stopping the Mini Ozone Cluster
2019-09-26 17:05:42,649 [main] INFO  ozone.MiniOzoneClusterImpl (MiniOzoneClusterImpl.java:stopOM(400)) - Stopping the OzoneManager
2019-09-26 17:05:42,649 [main] INFO  ipc.Server (Server.java:stop(3082)) - Stopping server on 32908
2019-09-26 17:05:42,681 [IPC Server listener on 32908] INFO  ipc.Server (Server.java:run(1185)) - Stopping IPC Server listener on 32908
2019-09-26 17:05:42,681 [main] INFO  ratis.OzoneManagerDoubleBuffer (OzoneManagerDoubleBuffer.java:stop(248)) - Stopping OMDoubleBuffer flush thread
2019-09-26 17:05:42,688 [IPC Server Responder] INFO  ipc.Server (Server.java:run(1319)) - Stopping IPC Server Responder
2019-09-26 17:05:42,697 [OMDoubleBufferFlushThread] INFO  ratis.OzoneManagerDoubleBuffer (OzoneManagerDoubleBuffer.java:flushTransactions(191)) - OMDoubleBuffer flush thread OMDoubleBufferFlushThread is interrupted and will exit. OMDoubleBufferFlushThread
2019-09-26 17:05:42,823 [main] INFO  utils.BackgroundService (BackgroundService.java:shutdown(148)) - Shutting down service KeyDeletingService
2019-09-26 17:05:42,840 [main] INFO  handler.ContextHandler (ContextHandler.java:doStop(910)) - Stopped o.e.j.w.WebAppContext@4158debd{/,null,UNAVAILABLE}{/ozoneManager}
2019-09-26 17:05:42,848 [main] INFO  server.AbstractConnector (AbstractConnector.java:doStop(318)) - Stopped ServerConnector@af78c87{HTTP/1.1,[http/1.1]}{0.0.0.0:0}
2019-09-26 17:05:42,849 [main] INFO  handler.ContextHandler (ContextHandler.java:doStop(910)) - Stopped o.e.j.s.ServletContextHandler@65004ff6{/static,file:///workdir/hadoop-ozone/integration-test/target/test-classes/webapps/static,UNAVAILABLE}
2019-09-26 17:05:42,850 [main] INFO  handler.ContextHandler (ContextHandler.java:doStop(910)) - Stopped o.e.j.s.ServletContextHandler@49aa766b{/logs,file:///workdir/hadoop-ozone/integration-test/target/log,UNAVAILABLE}
2019-09-26 17:05:42,857 [main] INFO  ozone.MiniOzoneClusterImpl (MiniOzoneClusterImpl.java:stopDatanodes(377)) - Stopping the HddsDatanodes
2019-09-26 17:05:43,367 [Datanode State Machine Thread - 0] INFO  statemachine.DatanodeStateMachine (DatanodeStateMachine.java:lambda$startDaemon$0(350)) - Ozone container server started.
2019-09-26 17:05:43,371 [Datanode State Machine Thread - 0] INFO  statemachine.DatanodeStateMachine (DatanodeStateMachine.java:lambda$startDaemon$0(350)) - Ozone container server started.
2019-09-26 17:05:47,861 [main] INFO  ozoneimpl.OzoneContainer (OzoneContainer.java:stop(231)) - Attempting to stop container services.
2019-09-26 17:05:47,861 [ForkJoinPool.commonPool-worker-0] INFO  ozoneimpl.OzoneContainer (OzoneContainer.java:stop(231)) - Attempting to stop container services.
2019-09-26 17:05:47,863 [main] INFO  impl.RaftServerProxy (RaftServerProxy.java:lambda$close$4(314)) - ef5a9ab0-e109-4aa9-899d-c34ee583d2de: close
2019-09-26 17:05:47,863 [ForkJoinPool.commonPool-worker-0] INFO  impl.RaftServerProxy (RaftServerProxy.java:lambda$close$4(314)) - 15273f9a-72e8-4ae0-8091-781d0ea9f1eb: close
2019-09-26 17:05:47,867 [main] INFO  impl.RaftServerImpl (RaftServerImpl.java:lambda$shutdown$3(251)) - ef5a9ab0-e109-4aa9-899d-c34ee583d2de@group-223C558AC9F0: shutdown
2019-09-26 17:05:47,867 [ForkJoinPool.commonPool-worker-0] INFO  impl.RaftServerImpl (RaftServerImpl.java:lambda$shutdown$3(251)) - 15273f9a-72e8-4ae0-8091-781d0ea9f1eb@group-6E63BC19DBC4: shutdown
2019-09-26 17:05:47,868 [main] INFO  util.JmxRegister (JmxRegister.java:unregister(73)) - Successfully un-registered JMX Bean with object name Ratis:service=RaftServer,group=group-223C558AC9F0,id=ef5a9ab0-e109-4aa9-899d-c34ee583d2de
2019-09-26 17:05:47,868 [ForkJoinPool.commonPool-worker-0] INFO  util.JmxRegister (JmxRegister.java:unregister(73)) - Successfully un-registered JMX Bean with object name Ratis:service=RaftServer,group=group-6E63BC19DBC4,id=15273f9a-72e8-4ae0-8091-781d0ea9f1eb
2019-09-26 17:05:47,868 [main] INFO  impl.RoleInfo (RoleInfo.java:shutdownLeaderState(104)) - ef5a9ab0-e109-4aa9-899d-c34ee583d2de: shutdown LeaderState
2019-09-26 17:05:47,869 [ForkJoinPool.commonPool-worker-0] INFO  impl.RoleInfo (RoleInfo.java:shutdownLeaderState(104)) - 15273f9a-72e8-4ae0-8091-781d0ea9f1eb: shutdown LeaderState
2019-09-26 17:05:47,870 [main] INFO  impl.PendingRequests (PendingRequests.java:sendNotLeaderResponses(202)) - ef5a9ab0-e109-4aa9-899d-c34ee583d2de-PendingRequests: sendNotLeaderResponses
2019-09-26 17:05:47,870 [ForkJoinPool.commonPool-worker-0] INFO  impl.PendingRequests (PendingRequests.java:sendNotLeaderResponses(202)) - 15273f9a-72e8-4ae0-8091-781d0ea9f1eb-PendingRequests: sendNotLeaderResponses
2019-09-26 17:05:47,876 [main] INFO  impl.StateMachineUpdater (StateMachineUpdater.java:stopAndJoin(125)) - ef5a9ab0-e109-4aa9-899d-c34ee583d2de@group-223C558AC9F0-StateMachineUpdater: set stopIndex = 0
2019-09-26 17:05:47,876 [ForkJoinPool.commonPool-worker-0] INFO  impl.StateMachineUpdater (StateMachineUpdater.java:stopAndJoin(125)) - 15273f9a-72e8-4ae0-8091-781d0ea9f1eb@group-6E63BC19DBC4-StateMachineUpdater: set stopIndex = 0
2019-09-26 17:05:47,880 [main] INFO  impl.RaftServerImpl (ServerState.java:close(385)) - ef5a9ab0-e109-4aa9-899d-c34ee583d2de@group-223C558AC9F0: closes. applyIndex: 0
2019-09-26 17:05:47,880 [ForkJoinPool.commonPool-worker-0] INFO  impl.RaftServerImpl (ServerState.java:close(385)) - 15273f9a-72e8-4ae0-8091-781d0ea9f1eb@group-6E63BC19DBC4: closes. applyIndex: 0
2019-09-26 17:05:47,883 [ef5a9ab0-e109-4aa9-899d-c34ee583d2de@group-223C558AC9F0-SegmentedRaftLogWorker] INFO  segmented.SegmentedRaftLogWorker (SegmentedRaftLogWorker.java:run(313)) - ef5a9ab0-e109-4aa9-899d-c34ee583d2de@group-223C558AC9F0-SegmentedRaftLogWorker was interrupted, exiting. There are 0 tasks remaining in the queue.
2019-09-26 17:05:47,883 [15273f9a-72e8-4ae0-8091-781d0ea9f1eb@group-6E63BC19DBC4-SegmentedRaftLogWorker] INFO  segmented.SegmentedRaftLogWorker (SegmentedRaftLogWorker.java:run(313)) - 15273f9a-72e8-4ae0-8091-781d0ea9f1eb@group-6E63BC19DBC4-SegmentedRaftLogWorker was interrupted, exiting. There are 0 tasks remaining in the queue.
2019-09-26 17:05:47,889 [ForkJoinPool.commonPool-worker-0] INFO  segmented.SegmentedRaftLogWorker (SegmentedRaftLogWorker.java:close(228)) - 15273f9a-72e8-4ae0-8091-781d0ea9f1eb@group-6E63BC19DBC4-SegmentedRaftLogWorker close()
2019-09-26 17:05:47,889 [main] INFO  segmented.SegmentedRaftLogWorker (SegmentedRaftLogWorker.java:close(228)) - ef5a9ab0-e109-4aa9-899d-c34ee583d2de@group-223C558AC9F0-SegmentedRaftLogWorker close()
2019-09-26 17:05:47,895 [ForkJoinPool.commonPool-worker-0] INFO  impl.RaftServerImpl (RaftServerImpl.java:lambda$shutdown$3(251)) - 15273f9a-72e8-4ae0-8091-781d0ea9f1eb@group-4B656B7D57A4: shutdown
2019-09-26 17:05:47,900 [main] INFO  impl.RaftServerImpl (RaftServerImpl.java:lambda$shutdown$3(251)) - ef5a9ab0-e109-4aa9-899d-c34ee583d2de@group-399D1F29A66B: shutdown
2019-09-26 17:05:47,900 [ForkJoinPool.commonPool-worker-0] INFO  util.JmxRegister (JmxRegister.java:unregister(73)) - Successfully un-registered JMX Bean with object name Ratis:service=RaftServer,group=group-4B656B7D57A4,id=15273f9a-72e8-4ae0-8091-781d0ea9f1eb
2019-09-26 17:05:47,901 [main] INFO  util.JmxRegister (JmxRegister.java:unregister(73)) - Successfully un-registered JMX Bean with object name Ratis:service=RaftServer,group=group-399D1F29A66B,id=ef5a9ab0-e109-4aa9-899d-c34ee583d2de
2019-09-26 17:05:47,901 [main] INFO  impl.RoleInfo (RoleInfo.java:shutdownFollowerState(121)) - ef5a9ab0-e109-4aa9-899d-c34ee583d2de: shutdown FollowerState
2019-09-26 17:05:47,901 [ForkJoinPool.commonPool-worker-0] INFO  impl.RoleInfo (RoleInfo.java:shutdownLeaderState(104)) - 15273f9a-72e8-4ae0-8091-781d0ea9f1eb: shutdown LeaderState
2019-09-26 17:05:47,902 [Thread-397] INFO  impl.FollowerState (FollowerState.java:run(115)) - ef5a9ab0-e109-4aa9-899d-c34ee583d2de: FollowerState was interrupted: java.lang.InterruptedException: sleep interrupted
2019-09-26 17:05:47,907 [ForkJoinPool.commonPool-worker-0] INFO  impl.PendingRequests (PendingRequests.java:sendNotLeaderResponses(202)) - 15273f9a-72e8-4ae0-8091-781d0ea9f1eb-PendingRequests: sendNotLeaderResponses
2019-09-26 17:05:47,902 [main] INFO  impl.StateMachineUpdater (StateMachineUpdater.java:stopAndJoin(125)) - ef5a9ab0-e109-4aa9-899d-c34ee583d2de@group-399D1F29A66B-StateMachineUpdater: set stopIndex = 0
2019-09-26 17:05:47,910 [main] INFO  impl.RaftServerImpl (ServerState.java:close(385)) - ef5a9ab0-e109-4aa9-899d-c34ee583d2de@group-399D1F29A66B: closes. applyIndex: 0
2019-09-26 17:05:47,910 [ForkJoinPool.commonPool-worker-0] INFO  impl.StateMachineUpdater (StateMachineUpdater.java:stopAndJoin(125)) - 15273f9a-72e8-4ae0-8091-781d0ea9f1eb@group-4B656B7D57A4-StateMachineUpdater: set stopIndex = 0
2019-09-26 17:05:47,911 [ForkJoinPool.commonPool-worker-0] INFO  impl.RaftServerImpl (ServerState.java:close(385)) - 15273f9a-72e8-4ae0-8091-781d0ea9f1eb@group-4B656B7D57A4: closes. applyIndex: 0
2019-09-26 17:05:47,907 [org.apache.ratis.server.impl.LogAppender$AppenderDaemon$$Lambda$399/1884970949@693478e4] WARN  server.GrpcLogAppender (GrpcLogAppender.java:mayWait(143)) - 15273f9a-72e8-4ae0-8091-781d0ea9f1eb@group-4B656B7D57A4->f1b12ba6-b33d-40de-bd74-c3916eeb1dd7-GrpcLogAppender: Wait interrupted by java.lang.InterruptedException
2019-09-26 17:05:47,912 [15273f9a-72e8-4ae0-8091-781d0ea9f1eb@group-4B656B7D57A4-SegmentedRaftLogWorker] INFO  segmented.SegmentedRaftLogWorker (SegmentedRaftLogWorker.java:run(313)) - 15273f9a-72e8-4ae0-8091-781d0ea9f1eb@group-4B656B7D57A4-SegmentedRaftLogWorker was interrupted, exiting. There are 0 tasks remaining in the queue.
2019-09-26 17:05:47,907 [org.apache.ratis.server.impl.LogAppender$AppenderDaemon$$Lambda$399/1884970949@3beb509c] WARN  server.GrpcLogAppender (GrpcLogAppender.java:mayWait(143)) - 15273f9a-72e8-4ae0-8091-781d0ea9f1eb@group-4B656B7D57A4->a85e129b-8c23-4c25-ae73-7b1aedd8229e-GrpcLogAppender: Wait interrupted by java.lang.InterruptedException
2019-09-26 17:05:47,915 [ForkJoinPool.commonPool-worker-0] INFO  segmented.SegmentedRaftLogWorker (SegmentedRaftLogWorker.java:close(228)) - 15273f9a-72e8-4ae0-8091-781d0ea9f1eb@group-4B656B7D57A4-SegmentedRaftLogWorker close()
2019-09-26 17:05:47,911 [ef5a9ab0-e109-4aa9-899d-c34ee583d2de@group-399D1F29A66B-SegmentedRaftLogWorker] INFO  segmented.SegmentedRaftLogWorker (SegmentedRaftLogWorker.java:run(313)) - ef5a9ab0-e109-4aa9-899d-c34ee583d2de@group-399D1F29A66B-SegmentedRaftLogWorker was interrupted, exiting. There are 0 tasks remaining in the queue.
2019-09-26 17:05:47,928 [main] INFO  segmented.SegmentedRaftLogWorker (SegmentedRaftLogWorker.java:close(228)) - ef5a9ab0-e109-4aa9-899d-c34ee583d2de@group-399D1F29A66B-SegmentedRaftLogWorker close()
2019-09-26 17:05:47,928 [ForkJoinPool.commonPool-worker-0] INFO  server.GrpcService (GrpcService.java:closeImpl(164)) - 15273f9a-72e8-4ae0-8091-781d0ea9f1eb: shutdown server with port 45996 now
2019-09-26 17:05:47,934 [main] INFO  server.GrpcService (GrpcService.java:closeImpl(164)) - ef5a9ab0-e109-4aa9-899d-c34ee583d2de: shutdown server with port 38928 now
2019-09-26 17:05:47,938 [grpc-default-executor-1] INFO  server.GrpcServerProtocolService (GrpcServerProtocolService.java:onCompleted(113)) - a85e129b-8c23-4c25-ae73-7b1aedd8229e: Completed APPEND_ENTRIES, lastRequest: 15273f9a-72e8-4ae0-8091-781d0ea9f1eb->a85e129b-8c23-4c25-ae73-7b1aedd8229e#223-t4, previous=(t:4, i:0), leaderCommit=0, initializing? false, entries: <empty>
2019-09-26 17:05:47,938 [grpc-default-executor-3] INFO  server.GrpcServerProtocolService (GrpcServerProtocolService.java:onCompleted(113)) - f1b12ba6-b33d-40de-bd74-c3916eeb1dd7: Completed APPEND_ENTRIES, lastRequest: 15273f9a-72e8-4ae0-8091-781d0ea9f1eb->f1b12ba6-b33d-40de-bd74-c3916eeb1dd7#223-t4, previous=(t:4, i:0), leaderCommit=0, initializing? false, entries: <empty>
2019-09-26 17:05:47,952 [grpc-default-executor-3] INFO  server.GrpcLogAppender (GrpcLogAppender.java:onError(282)) - 15273f9a-72e8-4ae0-8091-781d0ea9f1eb@group-4B656B7D57A4->a85e129b-8c23-4c25-ae73-7b1aedd8229e-GrpcLogAppender is stopped
2019-09-26 17:05:47,952 [grpc-default-executor-1] INFO  server.GrpcLogAppender (GrpcLogAppender.java:onError(282)) - 15273f9a-72e8-4ae0-8091-781d0ea9f1eb@group-4B656B7D57A4->f1b12ba6-b33d-40de-bd74-c3916eeb1dd7-GrpcLogAppender is stopped
2019-09-26 17:05:47,957 [main] INFO  server.GrpcService (GrpcService.java:closeImpl(172)) - ef5a9ab0-e109-4aa9-899d-c34ee583d2de: shutdown server with port 38928 successfully
2019-09-26 17:05:47,957 [ForkJoinPool.commonPool-worker-0] INFO  server.GrpcService (GrpcService.java:closeImpl(172)) - 15273f9a-72e8-4ae0-8091-781d0ea9f1eb: shutdown server with port 45996 successfully
2019-09-26 17:05:47,958 [grpc-default-executor-3] WARN  server.GrpcServerProtocolService (LogUtils.java:warn(134)) - ef5a9ab0-e109-4aa9-899d-c34ee583d2de: installSnapshot onError, lastRequest: 0f6d0b51-49f2-46fd-a2f3-d041b41eab5c->ef5a9ab0-e109-4aa9-899d-c34ee583d2de#227-t1, previous=(t:1, i:0), leaderCommit=0, initializing? false, entries: <empty>: org.apache.ratis.thirdparty.io.grpc.StatusRuntimeException: CANCELLED: cancelled before receiving half close
2019-09-26 17:05:47,965 [grpc-default-executor-1] WARN  server.GrpcLogAppender (LogUtils.java:warn(134)) - 0f6d0b51-49f2-46fd-a2f3-d041b41eab5c@group-399D1F29A66B->ef5a9ab0-e109-4aa9-899d-c34ee583d2de-AppendLogResponseHandler: Failed appendEntries: org.apache.ratis.thirdparty.io.grpc.StatusRuntimeException: CANCELLED: HTTP/2 error code: CANCEL
Received Rst Stream
2019-09-26 17:05:47,968 [refreshUsed-/workdir/hadoop-ozone/integration-test/target/test-dir/MiniOzoneClusterImpl-d6ca620c-cb63-484f-a581-7c0900b96a5f/datanode-5/data/containers] WARN  fs.CachingGetSpaceUsed (CachingGetSpaceUsed.java:run(183)) - Thread Interrupted waiting to refresh disk information: sleep interrupted
2019-09-26 17:05:47,969 [grpc-default-executor-1] INFO  impl.FollowerInfo (FollowerInfo.java:lambda$new$0(51)) - 0f6d0b51-49f2-46fd-a2f3-d041b41eab5c@group-399D1F29A66B->ef5a9ab0-e109-4aa9-899d-c34ee583d2de: nextIndex: updateUnconditionally 1 -> 0
2019-09-26 17:05:47,984 [refreshUsed-/workdir/hadoop-ozone/integration-test/target/test-dir/MiniOzoneClusterImpl-d6ca620c-cb63-484f-a581-7c0900b96a5f/datanode-2/data/containers] WARN  fs.CachingGetSpaceUsed (CachingGetSpaceUsed.java:run(183)) - Thread Interrupted waiting to refresh disk information: sleep interrupted
2019-09-26 17:05:47,994 [main] INFO  utils.BackgroundService (BackgroundService.java:shutdown(148)) - Shutting down service BlockDeletingService
2019-09-26 17:05:48,001 [main] INFO  statemachine.DatanodeStateMachine (DatanodeStateMachine.java:stopDaemon(395)) - Ozone container server stopped.
2019-09-26 17:05:48,009 [ForkJoinPool.commonPool-worker-0] INFO  utils.BackgroundService (BackgroundService.java:shutdown(148)) - Shutting down service BlockDeletingService
2019-09-26 17:05:48,015 [ForkJoinPool.commonPool-worker-0] INFO  statemachine.DatanodeStateMachine (DatanodeStateMachine.java:stopDaemon(395)) - Ozone container server stopped.
2019-09-26 17:05:48,033 [main] INFO  handler.ContextHandler (ContextHandler.java:doStop(910)) - Stopped o.e.j.w.WebAppContext@2bfb6b49{/,null,UNAVAILABLE}{/hddsDatanode}
2019-09-26 17:05:48,033 [ForkJoinPool.commonPool-worker-0] INFO  handler.ContextHandler (ContextHandler.java:doStop(910)) - Stopped o.e.j.w.WebAppContext@784abd3e{/,null,UNAVAILABLE}{/hddsDatanode}
2019-09-26 17:05:48,034 [main] INFO  server.AbstractConnector (AbstractConnector.java:doStop(318)) - Stopped ServerConnector@1f346ad2{HTTP/1.1,[http/1.1]}{0.0.0.0:0}
2019-09-26 17:05:48,034 [ForkJoinPool.commonPool-worker-0] INFO  server.AbstractConnector (AbstractConnector.java:doStop(318)) - Stopped ServerConnector@36c2b646{HTTP/1.1,[http/1.1]}{0.0.0.0:0}
2019-09-26 17:05:48,034 [main] INFO  handler.ContextHandler (ContextHandler.java:doStop(910)) - Stopped o.e.j.s.ServletContextHandler@77bb48d5{/static,jar:file:/home/user/.m2/repository/org/apache/hadoop/hadoop-hdds-container-service/0.5.0-SNAPSHOT/hadoop-hdds-container-service-0.5.0-SNAPSHOT.jar!/webapps/static,UNAVAILABLE}
2019-09-26 17:05:48,036 [ForkJoinPool.commonPool-worker-0] INFO  handler.ContextHandler (ContextHandler.java:doStop(910)) - Stopped o.e.j.s.ServletContextHandler@a098d76{/static,jar:file:/home/user/.m2/repository/org/apache/hadoop/hadoop-hdds-container-service/0.5.0-SNAPSHOT/hadoop-hdds-container-service-0.5.0-SNAPSHOT.jar!/webapps/static,UNAVAILABLE}
2019-09-26 17:05:48,036 [main] INFO  handler.ContextHandler (ContextHandler.java:doStop(910)) - Stopped o.e.j.s.ServletContextHandler@3d96fa9e{/logs,file:///workdir/hadoop-ozone/integration-test/target/log,UNAVAILABLE}
2019-09-26 17:05:48,038 [ForkJoinPool.commonPool-worker-0] INFO  handler.ContextHandler (ContextHandler.java:doStop(910)) - Stopped o.e.j.s.ServletContextHandler@5a6d30e2{/logs,file:///workdir/hadoop-ozone/integration-test/target/log,UNAVAILABLE}
2019-09-26 17:05:48,280 [grpc-default-executor-5] WARN  server.GrpcLogAppender (LogUtils.java:warn(134)) - 0f6d0b51-49f2-46fd-a2f3-d041b41eab5c@group-399D1F29A66B->ef5a9ab0-e109-4aa9-899d-c34ee583d2de-AppendLogResponseHandler: Failed appendEntries: org.apache.ratis.thirdparty.io.grpc.StatusRuntimeException: UNAVAILABLE: io exception
2019-09-26 17:05:48,283 [grpc-default-executor-5] INFO  impl.FollowerInfo (FollowerInfo.java:lambda$new$0(51)) - 0f6d0b51-49f2-46fd-a2f3-d041b41eab5c@group-399D1F29A66B->ef5a9ab0-e109-4aa9-899d-c34ee583d2de: nextIndex: updateUnconditionally 0 -> 0
2019-09-26 17:05:48,369 [Datanode State Machine Thread - 0] INFO  statemachine.DatanodeStateMachine (DatanodeStateMachine.java:lambda$startDaemon$0(350)) - Ozone container server started.
2019-09-26 17:05:48,517 [Datanode State Machine Thread - 0] INFO  statemachine.DatanodeStateMachine (DatanodeStateMachine.java:lambda$startDaemon$0(350)) - Ozone container server started.
2019-09-26 17:05:48,772 [grpc-default-executor-3] WARN  server.GrpcLogAppender (LogUtils.java:warn(134)) - 0f6d0b51-49f2-46fd-a2f3-d041b41eab5c@group-399D1F29A66B->ef5a9ab0-e109-4aa9-899d-c34ee583d2de-AppendLogResponseHandler: Failed appendEntries: org.apache.ratis.thirdparty.io.grpc.StatusRuntimeException: UNAVAILABLE: io exception
2019-09-26 17:05:48,776 [Thread-450] INFO  impl.FollowerState (FollowerState.java:run(106)) - f1b12ba6-b33d-40de-bd74-c3916eeb1dd7:group-4B656B7D57A4 changes to CANDIDATE, lastRpcTime:1017, electionTimeout:1008ms
2019-09-26 17:05:48,776 [grpc-default-executor-3] INFO  impl.FollowerInfo (FollowerInfo.java:lambda$new$0(51)) - 0f6d0b51-49f2-46fd-a2f3-d041b41eab5c@group-399D1F29A66B->ef5a9ab0-e109-4aa9-899d-c34ee583d2de: nextIndex: updateUnconditionally 0 -> 0
2019-09-26 17:05:48,776 [Thread-450] INFO  impl.RoleInfo (RoleInfo.java:shutdownFollowerState(121)) - f1b12ba6-b33d-40de-bd74-c3916eeb1dd7: shutdown FollowerState
2019-09-26 17:05:48,776 [Thread-450] INFO  impl.RaftServerImpl (RaftServerImpl.java:setRole(174)) - f1b12ba6-b33d-40de-bd74-c3916eeb1dd7@group-4B656B7D57A4: changes role from  FOLLOWER to CANDIDATE at term 4 for changeToCandidate
2019-09-26 17:05:48,777 [Thread-450] INFO  impl.RoleInfo (RoleInfo.java:updateAndGet(143)) - f1b12ba6-b33d-40de-bd74-c3916eeb1dd7: start LeaderElection
2019-09-26 17:05:48,780 [f1b12ba6-b33d-40de-bd74-c3916eeb1dd7@group-4B656B7D57A4:LeaderElection25] INFO  impl.RaftServerImpl (ServerState.java:setLeader(253)) - f1b12ba6-b33d-40de-bd74-c3916eeb1dd7@group-4B656B7D57A4: change Leader from 15273f9a-72e8-4ae0-8091-781d0ea9f1eb to null at term 4 for initElection
2019-09-26 17:05:48,795 [f1b12ba6-b33d-40de-bd74-c3916eeb1dd7@group-4B656B7D57A4:LeaderElection25] INFO  impl.LeaderElection (LeaderElection.java:askForVotes(182)) - f1b12ba6-b33d-40de-bd74-c3916eeb1dd7@group-4B656B7D57A4:LeaderElection25: begin an election at term 5 for 0: [15273f9a-72e8-4ae0-8091-781d0ea9f1eb:192.168.157.234:45996, f1b12ba6-b33d-40de-bd74-c3916eeb1dd7:192.168.157.234:35140, a85e129b-8c23-4c25-ae73-7b1aedd8229e:192.168.157.234:45424], old=null
2019-09-26 17:05:48,800 [grpc-default-executor-3] INFO  impl.RaftServerImpl (ServerState.java:setLeader(253)) - a85e129b-8c23-4c25-ae73-7b1aedd8229e@group-4B656B7D57A4: change Leader from 15273f9a-72e8-4ae0-8091-781d0ea9f1eb to null at term 5 for updateCurrentTerm
2019-09-26 17:05:48,800 [grpc-default-executor-3] INFO  impl.RaftServerImpl (RaftServerImpl.java:setRole(174)) - a85e129b-8c23-4c25-ae73-7b1aedd8229e@group-4B656B7D57A4: changes role from  FOLLOWER to FOLLOWER at term 5 for recognizeCandidate:f1b12ba6-b33d-40de-bd74-c3916eeb1dd7
2019-09-26 17:05:48,800 [grpc-default-executor-3] INFO  impl.RoleInfo (RoleInfo.java:shutdownFollowerState(121)) - a85e129b-8c23-4c25-ae73-7b1aedd8229e: shutdown FollowerState
2019-09-26 17:05:48,800 [grpc-default-executor-3] INFO  impl.RoleInfo (RoleInfo.java:updateAndGet(143)) - a85e129b-8c23-4c25-ae73-7b1aedd8229e: start FollowerState
2019-09-26 17:05:48,801 [Thread-451] INFO  impl.FollowerState (FollowerState.java:run(115)) - a85e129b-8c23-4c25-ae73-7b1aedd8229e: FollowerState was interrupted: java.lang.InterruptedException: sleep interrupted
2019-09-26 17:05:48,804 [f1b12ba6-b33d-40de-bd74-c3916eeb1dd7@group-4B656B7D57A4:LeaderElection25] INFO  impl.LeaderElection (LogUtils.java:infoOrTrace(149)) - f1b12ba6-b33d-40de-bd74-c3916eeb1dd7@group-4B656B7D57A4:LeaderElection25 got exception when requesting votes: {}
java.util.concurrent.ExecutionException: org.apache.ratis.thirdparty.io.grpc.StatusRuntimeException: UNAVAILABLE: io exception
	at java.util.concurrent.FutureTask.report(FutureTask.java:122)
	at java.util.concurrent.FutureTask.get(FutureTask.java:192)
	at org.apache.ratis.server.impl.LeaderElection.waitForResults(LeaderElection.java:263)
	at org.apache.ratis.server.impl.LeaderElection.askForVotes(LeaderElection.java:201)
	at org.apache.ratis.server.impl.LeaderElection.run(LeaderElection.java:133)
	at java.lang.Thread.run(Thread.java:748)
Caused by: org.apache.ratis.thirdparty.io.grpc.StatusRuntimeException: UNAVAILABLE: io exception
	at org.apache.ratis.thirdparty.io.grpc.stub.ClientCalls.toStatusRuntimeException(ClientCalls.java:233)
	at org.apache.ratis.thirdparty.io.grpc.stub.ClientCalls.getUnchecked(ClientCalls.java:214)
	at org.apache.ratis.thirdparty.io.grpc.stub.ClientCalls.blockingUnaryCall(ClientCalls.java:139)
	at org.apache.ratis.proto.grpc.RaftServerProtocolServiceGrpc$RaftServerProtocolServiceBlockingStub.requestVote(RaftServerProtocolServiceGrpc.java:265)
	at org.apache.ratis.grpc.server.GrpcServerProtocolClient.requestVote(GrpcServerProtocolClient.java:90)
	at org.apache.ratis.grpc.server.GrpcService.requestVote(GrpcService.java:204)
	at org.apache.ratis.server.impl.LeaderElection.lambda$submitRequests$1(LeaderElection.java:238)
	at java.util.concurrent.FutureTask.run(FutureTask.java:266)
	at java.util.concurrent.Executors$RunnableAdapter.call(Executors.java:511)
	at java.util.concurrent.FutureTask.run(FutureTask.java:266)
	at java.util.concurrent.ThreadPoolExecutor.runWorker(ThreadPoolExecutor.java:1149)
	at java.util.concurrent.ThreadPoolExecutor$Worker.run(ThreadPoolExecutor.java:624)
	... 1 more
Caused by: org.apache.ratis.thirdparty.io.netty.channel.AbstractChannel$AnnotatedConnectException: Connection refused: /192.168.157.234:45996
	at sun.nio.ch.SocketChannelImpl.checkConnect(Native Method)
	at sun.nio.ch.SocketChannelImpl.finishConnect(SocketChannelImpl.java:717)
	at org.apache.ratis.thirdparty.io.netty.channel.socket.nio.NioSocketChannel.doFinishConnect(NioSocketChannel.java:327)
	at org.apache.ratis.thirdparty.io.netty.channel.nio.AbstractNioChannel$AbstractNioUnsafe.finishConnect(AbstractNioChannel.java:340)
	at org.apache.ratis.thirdparty.io.netty.channel.nio.NioEventLoop.processSelectedKey(NioEventLoop.java:632)
	at org.apache.ratis.thirdparty.io.netty.channel.nio.NioEventLoop.processSelectedKeysOptimized(NioEventLoop.java:579)
	at org.apache.ratis.thirdparty.io.netty.channel.nio.NioEventLoop.processSelectedKeys(NioEventLoop.java:496)
	at org.apache.ratis.thirdparty.io.netty.channel.nio.NioEventLoop.run(NioEventLoop.java:458)
	at org.apache.ratis.thirdparty.io.netty.util.concurrent.SingleThreadEventExecutor$5.run(SingleThreadEventExecutor.java:897)
	at org.apache.ratis.thirdparty.io.netty.util.concurrent.FastThreadLocalRunnable.run(FastThreadLocalRunnable.java:30)
	... 1 more
Caused by: java.net.ConnectException: Connection refused
	... 11 more
2019-09-26 17:05:48,821 [f1b12ba6-b33d-40de-bd74-c3916eeb1dd7@group-4B656B7D57A4:LeaderElection25] INFO  impl.LeaderElection (LeaderElection.java:logAndReturn(56)) - f1b12ba6-b33d-40de-bd74-c3916eeb1dd7@group-4B656B7D57A4:LeaderElection25: Election PASSED; received 1 response(s) [f1b12ba6-b33d-40de-bd74-c3916eeb1dd7<-a85e129b-8c23-4c25-ae73-7b1aedd8229e#0:OK-t5] and 1 exception(s); f1b12ba6-b33d-40de-bd74-c3916eeb1dd7@group-4B656B7D57A4:t5, leader=null, voted=f1b12ba6-b33d-40de-bd74-c3916eeb1dd7, raftlog=f1b12ba6-b33d-40de-bd74-c3916eeb1dd7@group-4B656B7D57A4-SegmentedRaftLog:OPENED:c0,f0,i0, conf=0: [15273f9a-72e8-4ae0-8091-781d0ea9f1eb:192.168.157.234:45996, f1b12ba6-b33d-40de-bd74-c3916eeb1dd7:192.168.157.234:35140, a85e129b-8c23-4c25-ae73-7b1aedd8229e:192.168.157.234:45424], old=null
2019-09-26 17:05:48,822 [f1b12ba6-b33d-40de-bd74-c3916eeb1dd7@group-4B656B7D57A4:LeaderElection25] INFO  impl.LeaderElection (LogUtils.java:infoOrTrace(149)) -   Exception 0: {}
java.util.concurrent.ExecutionException: org.apache.ratis.thirdparty.io.grpc.StatusRuntimeException: UNAVAILABLE: io exception
	at java.util.concurrent.FutureTask.report(FutureTask.java:122)
	at java.util.concurrent.FutureTask.get(FutureTask.java:192)
	at org.apache.ratis.server.impl.LeaderElection.waitForResults(LeaderElection.java:263)
	at org.apache.ratis.server.impl.LeaderElection.askForVotes(LeaderElection.java:201)
	at org.apache.ratis.server.impl.LeaderElection.run(LeaderElection.java:133)
	at java.lang.Thread.run(Thread.java:748)
Caused by: org.apache.ratis.thirdparty.io.grpc.StatusRuntimeException: UNAVAILABLE: io exception
	at org.apache.ratis.thirdparty.io.grpc.stub.ClientCalls.toStatusRuntimeException(ClientCalls.java:233)
	at org.apache.ratis.thirdparty.io.grpc.stub.ClientCalls.getUnchecked(ClientCalls.java:214)
	at org.apache.ratis.thirdparty.io.grpc.stub.ClientCalls.blockingUnaryCall(ClientCalls.java:139)
	at org.apache.ratis.proto.grpc.RaftServerProtocolServiceGrpc$RaftServerProtocolServiceBlockingStub.requestVote(RaftServerProtocolServiceGrpc.java:265)
	at org.apache.ratis.grpc.server.GrpcServerProtocolClient.requestVote(GrpcServerProtocolClient.java:90)
	at org.apache.ratis.grpc.server.GrpcService.requestVote(GrpcService.java:204)
	at org.apache.ratis.server.impl.LeaderElection.lambda$submitRequests$1(LeaderElection.java:238)
	at java.util.concurrent.FutureTask.run(FutureTask.java:266)
	at java.util.concurrent.Executors$RunnableAdapter.call(Executors.java:511)
	at java.util.concurrent.FutureTask.run(FutureTask.java:266)
	at java.util.concurrent.ThreadPoolExecutor.runWorker(ThreadPoolExecutor.java:1149)
	at java.util.concurrent.ThreadPoolExecutor$Worker.run(ThreadPoolExecutor.java:624)
	... 1 more
Caused by: org.apache.ratis.thirdparty.io.netty.channel.AbstractChannel$AnnotatedConnectException: Connection refused: /192.168.157.234:45996
	at sun.nio.ch.SocketChannelImpl.checkConnect(Native Method)
	at sun.nio.ch.SocketChannelImpl.finishConnect(SocketChannelImpl.java:717)
	at org.apache.ratis.thirdparty.io.netty.channel.socket.nio.NioSocketChannel.doFinishConnect(NioSocketChannel.java:327)
	at org.apache.ratis.thirdparty.io.netty.channel.nio.AbstractNioChannel$AbstractNioUnsafe.finishConnect(AbstractNioChannel.java:340)
	at org.apache.ratis.thirdparty.io.netty.channel.nio.NioEventLoop.processSelectedKey(NioEventLoop.java:632)
	at org.apache.ratis.thirdparty.io.netty.channel.nio.NioEventLoop.processSelectedKeysOptimized(NioEventLoop.java:579)
	at org.apache.ratis.thirdparty.io.netty.channel.nio.NioEventLoop.processSelectedKeys(NioEventLoop.java:496)
	at org.apache.ratis.thirdparty.io.netty.channel.nio.NioEventLoop.run(NioEventLoop.java:458)
	at org.apache.ratis.thirdparty.io.netty.util.concurrent.SingleThreadEventExecutor$5.run(SingleThreadEventExecutor.java:897)
	at org.apache.ratis.thirdparty.io.netty.util.concurrent.FastThreadLocalRunnable.run(FastThreadLocalRunnable.java:30)
	... 1 more
Caused by: java.net.ConnectException: Connection refused
	... 11 more
2019-09-26 17:05:48,823 [f1b12ba6-b33d-40de-bd74-c3916eeb1dd7@group-4B656B7D57A4:LeaderElection25] INFO  impl.RoleInfo (RoleInfo.java:shutdownLeaderElection(134)) - f1b12ba6-b33d-40de-bd74-c3916eeb1dd7: shutdown LeaderElection
2019-09-26 17:05:48,825 [f1b12ba6-b33d-40de-bd74-c3916eeb1dd7@group-4B656B7D57A4:LeaderElection25] INFO  impl.RaftServerImpl (RaftServerImpl.java:setRole(174)) - f1b12ba6-b33d-40de-bd74-c3916eeb1dd7@group-4B656B7D57A4: changes role from CANDIDATE to LEADER at term 5 for changeToLeader
2019-09-26 17:05:48,825 [f1b12ba6-b33d-40de-bd74-c3916eeb1dd7@group-4B656B7D57A4:LeaderElection25] INFO  impl.RaftServerImpl (ServerState.java:setLeader(253)) - f1b12ba6-b33d-40de-bd74-c3916eeb1dd7@group-4B656B7D57A4: change Leader from null to f1b12ba6-b33d-40de-bd74-c3916eeb1dd7 at term 5 for becomeLeader, leader elected after 45ms
2019-09-26 17:05:48,826 [f1b12ba6-b33d-40de-bd74-c3916eeb1dd7@group-4B656B7D57A4:LeaderElection25] INFO  server.RaftServerConfigKeys (ConfUtils.java:logGet(43)) - raft.server.staging.catchup.gap = 1000 (default)
2019-09-26 17:05:48,826 [f1b12ba6-b33d-40de-bd74-c3916eeb1dd7@group-4B656B7D57A4:LeaderElection25] INFO  server.RaftServerConfigKeys (ConfUtils.java:logGet(43)) - raft.server.rpc.sleep.time = 25ms (default)
2019-09-26 17:05:48,827 [f1b12ba6-b33d-40de-bd74-c3916eeb1dd7@group-4B656B7D57A4:LeaderElection25] INFO  server.RaftServerConfigKeys (ConfUtils.java:logGet(43)) - raft.server.write.element-limit = 4096 (default)
2019-09-26 17:05:48,827 [f1b12ba6-b33d-40de-bd74-c3916eeb1dd7@group-4B656B7D57A4:LeaderElection25] INFO  server.RaftServerConfigKeys (ConfUtils.java:logGet(43)) - raft.server.watch.timeout = 10s (default)
2019-09-26 17:05:48,827 [f1b12ba6-b33d-40de-bd74-c3916eeb1dd7@group-4B656B7D57A4:LeaderElection25] INFO  server.RaftServerConfigKeys (ConfUtils.java:logGet(43)) - raft.server.watch.timeout.denomination = 1s (default)
2019-09-26 17:05:48,827 [f1b12ba6-b33d-40de-bd74-c3916eeb1dd7@group-4B656B7D57A4:LeaderElection25] INFO  server.RaftServerConfigKeys (ConfUtils.java:logGet(43)) - raft.server.watch.element-limit = 65536 (default)
2019-09-26 17:05:48,832 [f1b12ba6-b33d-40de-bd74-c3916eeb1dd7@group-4B656B7D57A4:LeaderElection25] INFO  server.RaftServerConfigKeys (ConfUtils.java:logGet(43)) - raft.server.log.appender.snapshot.chunk.size.max = 16MB (=16777216) (default)
2019-09-26 17:05:48,832 [f1b12ba6-b33d-40de-bd74-c3916eeb1dd7@group-4B656B7D57A4:LeaderElection25] INFO  server.RaftServerConfigKeys (ConfUtils.java:logGet(43)) - raft.server.log.appender.buffer.byte-limit = 33554432 (custom)
2019-09-26 17:05:48,833 [f1b12ba6-b33d-40de-bd74-c3916eeb1dd7@group-4B656B7D57A4:LeaderElection25] INFO  server.RaftServerConfigKeys (ConfUtils.java:logGet(43)) - raft.server.log.appender.buffer.element-limit = 1 (custom)
2019-09-26 17:05:48,833 [f1b12ba6-b33d-40de-bd74-c3916eeb1dd7@group-4B656B7D57A4:LeaderElection25] INFO  grpc.GrpcConfigKeys$Server (ConfUtils.java:logGet(43)) - raft.grpc.server.leader.outstanding.appends.max = 128 (default)
2019-09-26 17:05:48,833 [f1b12ba6-b33d-40de-bd74-c3916eeb1dd7@group-4B656B7D57A4:LeaderElection25] INFO  server.RaftServerConfigKeys (ConfUtils.java:logGet(43)) - raft.server.rpc.request.timeout = 3000ms (default)
2019-09-26 17:05:48,833 [f1b12ba6-b33d-40de-bd74-c3916eeb1dd7@group-4B656B7D57A4:LeaderElection25] INFO  server.RaftServerConfigKeys (ConfUtils.java:logGet(43)) - raft.server.log.appender.install.snapshot.enabled = false (custom)
2019-09-26 17:05:48,834 [f1b12ba6-b33d-40de-bd74-c3916eeb1dd7@group-4B656B7D57A4:LeaderElection25] INFO  server.RaftServerConfigKeys (ConfUtils.java:logGet(43)) - raft.server.log.appender.snapshot.chunk.size.max = 16MB (=16777216) (default)
2019-09-26 17:05:48,834 [f1b12ba6-b33d-40de-bd74-c3916eeb1dd7@group-4B656B7D57A4:LeaderElection25] INFO  server.RaftServerConfigKeys (ConfUtils.java:logGet(43)) - raft.server.log.appender.buffer.byte-limit = 33554432 (custom)
2019-09-26 17:05:48,834 [f1b12ba6-b33d-40de-bd74-c3916eeb1dd7@group-4B656B7D57A4:LeaderElection25] INFO  server.RaftServerConfigKeys (ConfUtils.java:logGet(43)) - raft.server.log.appender.buffer.element-limit = 1 (custom)
2019-09-26 17:05:48,835 [f1b12ba6-b33d-40de-bd74-c3916eeb1dd7@group-4B656B7D57A4:LeaderElection25] INFO  grpc.GrpcConfigKeys$Server (ConfUtils.java:logGet(43)) - raft.grpc.server.leader.outstanding.appends.max = 128 (default)
2019-09-26 17:05:48,835 [f1b12ba6-b33d-40de-bd74-c3916eeb1dd7@group-4B656B7D57A4:LeaderElection25] INFO  server.RaftServerConfigKeys (ConfUtils.java:logGet(43)) - raft.server.rpc.request.timeout = 3000ms (default)
2019-09-26 17:05:48,835 [f1b12ba6-b33d-40de-bd74-c3916eeb1dd7@group-4B656B7D57A4:LeaderElection25] INFO  server.RaftServerConfigKeys (ConfUtils.java:logGet(43)) - raft.server.log.appender.install.snapshot.enabled = false (custom)
2019-09-26 17:05:48,835 [f1b12ba6-b33d-40de-bd74-c3916eeb1dd7@group-4B656B7D57A4:LeaderElection25] INFO  impl.RoleInfo (RoleInfo.java:updateAndGet(143)) - f1b12ba6-b33d-40de-bd74-c3916eeb1dd7: start LeaderState
2019-09-26 17:05:48,837 [f1b12ba6-b33d-40de-bd74-c3916eeb1dd7@group-4B656B7D57A4:LeaderElection25] INFO  segmented.SegmentedRaftLogWorker (SegmentedRaftLogWorker.java:rollLogSegment(385)) - f1b12ba6-b33d-40de-bd74-c3916eeb1dd7@group-4B656B7D57A4-SegmentedRaftLogWorker: Rolling segment log-0_0 to index:0
2019-09-26 17:05:48,841 [f1b12ba6-b33d-40de-bd74-c3916eeb1dd7@group-4B656B7D57A4-SegmentedRaftLogWorker] INFO  segmented.SegmentedRaftLogWorker (SegmentedRaftLogWorker.java:execute(526)) - f1b12ba6-b33d-40de-bd74-c3916eeb1dd7@group-4B656B7D57A4-SegmentedRaftLogWorker: Rolled log segment from /workdir/hadoop-ozone/integration-test/target/test-dir/MiniOzoneClusterImpl-d6ca620c-cb63-484f-a581-7c0900b96a5f/datanode-1/data/ratis/edc1dd97-b3da-45b4-a97d-4b656b7d57a4/current/log_inprogress_0 to /workdir/hadoop-ozone/integration-test/target/test-dir/MiniOzoneClusterImpl-d6ca620c-cb63-484f-a581-7c0900b96a5f/datanode-1/data/ratis/edc1dd97-b3da-45b4-a97d-4b656b7d57a4/current/log_0-0
2019-09-26 17:05:48,846 [f1b12ba6-b33d-40de-bd74-c3916eeb1dd7@group-4B656B7D57A4:LeaderElection25] INFO  impl.RaftServerImpl (ServerState.java:setRaftConf(354)) - f1b12ba6-b33d-40de-bd74-c3916eeb1dd7@group-4B656B7D57A4: set configuration 1: [15273f9a-72e8-4ae0-8091-781d0ea9f1eb:192.168.157.234:45996, f1b12ba6-b33d-40de-bd74-c3916eeb1dd7:192.168.157.234:35140, a85e129b-8c23-4c25-ae73-7b1aedd8229e:192.168.157.234:45424], old=null at 1
2019-09-26 17:05:48,888 [grpc-default-executor-3] WARN  server.GrpcLogAppender (LogUtils.java:warn(134)) - f1b12ba6-b33d-40de-bd74-c3916eeb1dd7@group-4B656B7D57A4->15273f9a-72e8-4ae0-8091-781d0ea9f1eb-AppendLogResponseHandler: Failed appendEntries: org.apache.ratis.thirdparty.io.grpc.StatusRuntimeException: UNAVAILABLE: io exception
2019-09-26 17:05:48,894 [grpc-default-executor-3] INFO  impl.FollowerInfo (FollowerInfo.java:lambda$new$0(51)) - f1b12ba6-b33d-40de-bd74-c3916eeb1dd7@group-4B656B7D57A4->15273f9a-72e8-4ae0-8091-781d0ea9f1eb: nextIndex: updateUnconditionally 1 -> 0
2019-09-26 17:05:48,894 [grpc-default-executor-3] INFO  impl.RaftServerImpl (ServerState.java:setLeader(253)) - a85e129b-8c23-4c25-ae73-7b1aedd8229e@group-4B656B7D57A4: change Leader from null to f1b12ba6-b33d-40de-bd74-c3916eeb1dd7 at term 5 for appendEntries, leader elected after 94ms
2019-09-26 17:05:48,901 [grpc-default-executor-3] INFO  impl.RaftServerImpl (ServerState.java:setRaftConf(354)) - a85e129b-8c23-4c25-ae73-7b1aedd8229e@group-4B656B7D57A4: set configuration 1: [15273f9a-72e8-4ae0-8091-781d0ea9f1eb:192.168.157.234:45996, f1b12ba6-b33d-40de-bd74-c3916eeb1dd7:192.168.157.234:35140, a85e129b-8c23-4c25-ae73-7b1aedd8229e:192.168.157.234:45424], old=null at 1
2019-09-26 17:05:48,901 [f1b12ba6-b33d-40de-bd74-c3916eeb1dd7@group-4B656B7D57A4-SegmentedRaftLogWorker] INFO  segmented.SegmentedRaftLogWorker (SegmentedRaftLogWorker.java:execute(569)) - f1b12ba6-b33d-40de-bd74-c3916eeb1dd7@group-4B656B7D57A4-SegmentedRaftLogWorker: created new log segment /workdir/hadoop-ozone/integration-test/target/test-dir/MiniOzoneClusterImpl-d6ca620c-cb63-484f-a581-7c0900b96a5f/datanode-1/data/ratis/edc1dd97-b3da-45b4-a97d-4b656b7d57a4/current/log_inprogress_1
2019-09-26 17:05:48,901 [grpc-default-executor-3] INFO  segmented.SegmentedRaftLogWorker (SegmentedRaftLogWorker.java:rollLogSegment(385)) - a85e129b-8c23-4c25-ae73-7b1aedd8229e@group-4B656B7D57A4-SegmentedRaftLogWorker: Rolling segment log-0_0 to index:0
2019-09-26 17:05:48,902 [a85e129b-8c23-4c25-ae73-7b1aedd8229e@group-4B656B7D57A4-SegmentedRaftLogWorker] INFO  segmented.SegmentedRaftLogWorker (SegmentedRaftLogWorker.java:execute(526)) - a85e129b-8c23-4c25-ae73-7b1aedd8229e@group-4B656B7D57A4-SegmentedRaftLogWorker: Rolled log segment from /workdir/hadoop-ozone/integration-test/target/test-dir/MiniOzoneClusterImpl-d6ca620c-cb63-484f-a581-7c0900b96a5f/datanode-9/data/ratis/edc1dd97-b3da-45b4-a97d-4b656b7d57a4/current/log_inprogress_0 to /workdir/hadoop-ozone/integration-test/target/test-dir/MiniOzoneClusterImpl-d6ca620c-cb63-484f-a581-7c0900b96a5f/datanode-9/data/ratis/edc1dd97-b3da-45b4-a97d-4b656b7d57a4/current/log_0-0
2019-09-26 17:05:48,934 [a85e129b-8c23-4c25-ae73-7b1aedd8229e@group-4B656B7D57A4-SegmentedRaftLogWorker] INFO  segmented.SegmentedRaftLogWorker (SegmentedRaftLogWorker.java:execute(569)) - a85e129b-8c23-4c25-ae73-7b1aedd8229e@group-4B656B7D57A4-SegmentedRaftLogWorker: created new log segment /workdir/hadoop-ozone/integration-test/target/test-dir/MiniOzoneClusterImpl-d6ca620c-cb63-484f-a581-7c0900b96a5f/datanode-9/data/ratis/edc1dd97-b3da-45b4-a97d-4b656b7d57a4/current/log_inprogress_1
2019-09-26 17:05:48,960 [grpc-default-executor-5] WARN  server.GrpcLogAppender (LogUtils.java:warn(134)) - f1b12ba6-b33d-40de-bd74-c3916eeb1dd7@group-4B656B7D57A4->15273f9a-72e8-4ae0-8091-781d0ea9f1eb-AppendLogResponseHandler: Failed appendEntries: org.apache.ratis.thirdparty.io.grpc.StatusRuntimeException: UNAVAILABLE: io exception
2019-09-26 17:05:48,965 [grpc-default-executor-5] INFO  impl.FollowerInfo (FollowerInfo.java:lambda$new$0(51)) - f1b12ba6-b33d-40de-bd74-c3916eeb1dd7@group-4B656B7D57A4->15273f9a-72e8-4ae0-8091-781d0ea9f1eb: nextIndex: updateUnconditionally 1 -> 0
2019-09-26 17:05:48,971 [grpc-default-executor-3] WARN  server.GrpcLogAppender (LogUtils.java:warn(134)) - f1b12ba6-b33d-40de-bd74-c3916eeb1dd7@group-4B656B7D57A4->15273f9a-72e8-4ae0-8091-781d0ea9f1eb-AppendLogResponseHandler: Failed appendEntries: org.apache.ratis.thirdparty.io.grpc.StatusRuntimeException: UNAVAILABLE: io exception
2019-09-26 17:05:48,973 [grpc-default-executor-3] INFO  impl.FollowerInfo (FollowerInfo.java:lambda$new$0(51)) - f1b12ba6-b33d-40de-bd74-c3916eeb1dd7@group-4B656B7D57A4->15273f9a-72e8-4ae0-8091-781d0ea9f1eb: nextIndex: updateUnconditionally 1 -> 0
2019-09-26 17:05:49,278 [grpc-default-executor-0] WARN  server.GrpcLogAppender (LogUtils.java:warn(134)) - 0f6d0b51-49f2-46fd-a2f3-d041b41eab5c@group-399D1F29A66B->ef5a9ab0-e109-4aa9-899d-c34ee583d2de-AppendLogResponseHandler: Failed appendEntries: org.apache.ratis.thirdparty.io.grpc.StatusRuntimeException: UNAVAILABLE: io exception
2019-09-26 17:05:49,281 [grpc-default-executor-0] INFO  impl.FollowerInfo (FollowerInfo.java:lambda$new$0(51)) - 0f6d0b51-49f2-46fd-a2f3-d041b41eab5c@group-399D1F29A66B->ef5a9ab0-e109-4aa9-899d-c34ee583d2de: nextIndex: updateUnconditionally 0 -> 0
2019-09-26 17:05:49,475 [grpc-default-executor-3] WARN  server.GrpcLogAppender (LogUtils.java:warn(134)) - f1b12ba6-b33d-40de-bd74-c3916eeb1dd7@group-4B656B7D57A4->15273f9a-72e8-4ae0-8091-781d0ea9f1eb-AppendLogResponseHandler: Failed appendEntries: org.apache.ratis.thirdparty.io.grpc.StatusRuntimeException: UNAVAILABLE: io exception
2019-09-26 17:05:49,478 [grpc-default-executor-3] INFO  impl.FollowerInfo (FollowerInfo.java:lambda$new$0(51)) - f1b12ba6-b33d-40de-bd74-c3916eeb1dd7@group-4B656B7D57A4->15273f9a-72e8-4ae0-8091-781d0ea9f1eb: nextIndex: updateUnconditionally 0 -> 0
2019-09-26 17:05:49,777 [grpc-default-executor-5] WARN  server.GrpcLogAppender (LogUtils.java:warn(134)) - 0f6d0b51-49f2-46fd-a2f3-d041b41eab5c@group-399D1F29A66B->ef5a9ab0-e109-4aa9-899d-c34ee583d2de-AppendLogResponseHandler: Failed appendEntries: org.apache.ratis.thirdparty.io.grpc.StatusRuntimeException: UNAVAILABLE: io exception
2019-09-26 17:05:49,780 [grpc-default-executor-5] INFO  impl.FollowerInfo (FollowerInfo.java:lambda$new$0(51)) - 0f6d0b51-49f2-46fd-a2f3-d041b41eab5c@group-399D1F29A66B->ef5a9ab0-e109-4aa9-899d-c34ee583d2de: nextIndex: updateUnconditionally 0 -> 0
2019-09-26 17:05:49,976 [grpc-default-executor-5] WARN  server.GrpcLogAppender (LogUtils.java:warn(134)) - f1b12ba6-b33d-40de-bd74-c3916eeb1dd7@group-4B656B7D57A4->15273f9a-72e8-4ae0-8091-781d0ea9f1eb-AppendLogResponseHandler: Failed appendEntries: org.apache.ratis.thirdparty.io.grpc.StatusRuntimeException: UNAVAILABLE: io exception
2019-09-26 17:05:49,980 [grpc-default-executor-5] INFO  impl.FollowerInfo (FollowerInfo.java:lambda$new$0(51)) - f1b12ba6-b33d-40de-bd74-c3916eeb1dd7@group-4B656B7D57A4->15273f9a-72e8-4ae0-8091-781d0ea9f1eb: nextIndex: updateUnconditionally 0 -> 0
2019-09-26 17:05:50,282 [grpc-default-executor-1] WARN  server.GrpcLogAppender (LogUtils.java:warn(134)) - 0f6d0b51-49f2-46fd-a2f3-d041b41eab5c@group-399D1F29A66B->ef5a9ab0-e109-4aa9-899d-c34ee583d2de-AppendLogResponseHandler: Failed appendEntries: org.apache.ratis.thirdparty.io.grpc.StatusRuntimeException: UNAVAILABLE: io exception
2019-09-26 17:05:50,285 [grpc-default-executor-1] INFO  impl.FollowerInfo (FollowerInfo.java:lambda$new$0(51)) - 0f6d0b51-49f2-46fd-a2f3-d041b41eab5c@group-399D1F29A66B->ef5a9ab0-e109-4aa9-899d-c34ee583d2de: nextIndex: updateUnconditionally 0 -> 0
2019-09-26 17:05:50,477 [grpc-default-executor-5] WARN  server.GrpcLogAppender (LogUtils.java:warn(134)) - f1b12ba6-b33d-40de-bd74-c3916eeb1dd7@group-4B656B7D57A4->15273f9a-72e8-4ae0-8091-781d0ea9f1eb-AppendLogResponseHandler: Failed appendEntries: org.apache.ratis.thirdparty.io.grpc.StatusRuntimeException: UNAVAILABLE: io exception
2019-09-26 17:05:50,479 [grpc-default-executor-5] INFO  impl.FollowerInfo (FollowerInfo.java:lambda$new$0(51)) - f1b12ba6-b33d-40de-bd74-c3916eeb1dd7@group-4B656B7D57A4->15273f9a-72e8-4ae0-8091-781d0ea9f1eb: nextIndex: updateUnconditionally 0 -> 0
2019-09-26 17:05:50,785 [grpc-default-executor-5] WARN  server.GrpcLogAppender (LogUtils.java:warn(134)) - 0f6d0b51-49f2-46fd-a2f3-d041b41eab5c@group-399D1F29A66B->ef5a9ab0-e109-4aa9-899d-c34ee583d2de-AppendLogResponseHandler: Failed appendEntries: org.apache.ratis.thirdparty.io.grpc.StatusRuntimeException: UNAVAILABLE: io exception
2019-09-26 17:05:50,788 [grpc-default-executor-5] INFO  impl.FollowerInfo (FollowerInfo.java:lambda$new$0(51)) - 0f6d0b51-49f2-46fd-a2f3-d041b41eab5c@group-399D1F29A66B->ef5a9ab0-e109-4aa9-899d-c34ee583d2de: nextIndex: updateUnconditionally 0 -> 0
2019-09-26 17:05:50,976 [grpc-default-executor-5] WARN  server.GrpcLogAppender (LogUtils.java:warn(134)) - f1b12ba6-b33d-40de-bd74-c3916eeb1dd7@group-4B656B7D57A4->15273f9a-72e8-4ae0-8091-781d0ea9f1eb-AppendLogResponseHandler: Failed appendEntries: org.apache.ratis.thirdparty.io.grpc.StatusRuntimeException: UNAVAILABLE: io exception
2019-09-26 17:05:50,982 [grpc-default-executor-5] INFO  impl.FollowerInfo (FollowerInfo.java:lambda$new$0(51)) - f1b12ba6-b33d-40de-bd74-c3916eeb1dd7@group-4B656B7D57A4->15273f9a-72e8-4ae0-8091-781d0ea9f1eb: nextIndex: updateUnconditionally 0 -> 0
2019-09-26 17:05:51,285 [grpc-default-executor-5] WARN  server.GrpcLogAppender (LogUtils.java:warn(134)) - 0f6d0b51-49f2-46fd-a2f3-d041b41eab5c@group-399D1F29A66B->ef5a9ab0-e109-4aa9-899d-c34ee583d2de-AppendLogResponseHandler: Failed appendEntries: org.apache.ratis.thirdparty.io.grpc.StatusRuntimeException: UNAVAILABLE: io exception
2019-09-26 17:05:51,288 [grpc-default-executor-5] INFO  impl.FollowerInfo (FollowerInfo.java:lambda$new$0(51)) - 0f6d0b51-49f2-46fd-a2f3-d041b41eab5c@group-399D1F29A66B->ef5a9ab0-e109-4aa9-899d-c34ee583d2de: nextIndex: updateUnconditionally 0 -> 0
2019-09-26 17:05:51,478 [grpc-default-executor-1] WARN  server.GrpcLogAppender (LogUtils.java:warn(134)) - f1b12ba6-b33d-40de-bd74-c3916eeb1dd7@group-4B656B7D57A4->15273f9a-72e8-4ae0-8091-781d0ea9f1eb-AppendLogResponseHandler: Failed appendEntries: org.apache.ratis.thirdparty.io.grpc.StatusRuntimeException: UNAVAILABLE: io exception
2019-09-26 17:05:51,492 [grpc-default-executor-1] INFO  impl.FollowerInfo (FollowerInfo.java:lambda$new$0(51)) - f1b12ba6-b33d-40de-bd74-c3916eeb1dd7@group-4B656B7D57A4->15273f9a-72e8-4ae0-8091-781d0ea9f1eb: nextIndex: updateUnconditionally 0 -> 0
2019-09-26 17:05:51,790 [grpc-default-executor-0] WARN  server.GrpcLogAppender (LogUtils.java:warn(134)) - 0f6d0b51-49f2-46fd-a2f3-d041b41eab5c@group-399D1F29A66B->ef5a9ab0-e109-4aa9-899d-c34ee583d2de-AppendLogResponseHandler: Failed appendEntries: org.apache.ratis.thirdparty.io.grpc.StatusRuntimeException: UNAVAILABLE: io exception
2019-09-26 17:05:51,794 [grpc-default-executor-0] INFO  impl.FollowerInfo (FollowerInfo.java:lambda$new$0(51)) - 0f6d0b51-49f2-46fd-a2f3-d041b41eab5c@group-399D1F29A66B->ef5a9ab0-e109-4aa9-899d-c34ee583d2de: nextIndex: updateUnconditionally 0 -> 0
2019-09-26 17:05:51,980 [grpc-default-executor-1] WARN  server.GrpcLogAppender (LogUtils.java:warn(134)) - f1b12ba6-b33d-40de-bd74-c3916eeb1dd7@group-4B656B7D57A4->15273f9a-72e8-4ae0-8091-781d0ea9f1eb-AppendLogResponseHandler: Failed appendEntries: org.apache.ratis.thirdparty.io.grpc.StatusRuntimeException: UNAVAILABLE: io exception
2019-09-26 17:05:51,983 [grpc-default-executor-1] INFO  impl.FollowerInfo (FollowerInfo.java:lambda$new$0(51)) - f1b12ba6-b33d-40de-bd74-c3916eeb1dd7@group-4B656B7D57A4->15273f9a-72e8-4ae0-8091-781d0ea9f1eb: nextIndex: updateUnconditionally 0 -> 0
2019-09-26 17:05:52,303 [grpc-default-executor-3] WARN  server.GrpcLogAppender (LogUtils.java:warn(134)) - 0f6d0b51-49f2-46fd-a2f3-d041b41eab5c@group-399D1F29A66B->ef5a9ab0-e109-4aa9-899d-c34ee583d2de-AppendLogResponseHandler: Failed appendEntries: org.apache.ratis.thirdparty.io.grpc.StatusRuntimeException: UNAVAILABLE: io exception
2019-09-26 17:05:52,308 [grpc-default-executor-3] INFO  impl.FollowerInfo (FollowerInfo.java:lambda$new$0(51)) - 0f6d0b51-49f2-46fd-a2f3-d041b41eab5c@group-399D1F29A66B->ef5a9ab0-e109-4aa9-899d-c34ee583d2de: nextIndex: updateUnconditionally 0 -> 0
2019-09-26 17:05:52,480 [grpc-default-executor-1] WARN  server.GrpcLogAppender (LogUtils.java:warn(134)) - f1b12ba6-b33d-40de-bd74-c3916eeb1dd7@group-4B656B7D57A4->15273f9a-72e8-4ae0-8091-781d0ea9f1eb-AppendLogResponseHandler: Failed appendEntries: org.apache.ratis.thirdparty.io.grpc.StatusRuntimeException: UNAVAILABLE: io exception
2019-09-26 17:05:52,483 [grpc-default-executor-1] INFO  impl.FollowerInfo (FollowerInfo.java:lambda$new$0(51)) - f1b12ba6-b33d-40de-bd74-c3916eeb1dd7@group-4B656B7D57A4->15273f9a-72e8-4ae0-8091-781d0ea9f1eb: nextIndex: updateUnconditionally 0 -> 0
2019-09-26 17:05:52,807 [grpc-default-executor-3] WARN  server.GrpcLogAppender (LogUtils.java:warn(134)) - 0f6d0b51-49f2-46fd-a2f3-d041b41eab5c@group-399D1F29A66B->ef5a9ab0-e109-4aa9-899d-c34ee583d2de-AppendLogResponseHandler: Failed appendEntries: org.apache.ratis.thirdparty.io.grpc.StatusRuntimeException: UNAVAILABLE: io exception
2019-09-26 17:05:52,810 [grpc-default-executor-3] INFO  impl.FollowerInfo (FollowerInfo.java:lambda$new$0(51)) - 0f6d0b51-49f2-46fd-a2f3-d041b41eab5c@group-399D1F29A66B->ef5a9ab0-e109-4aa9-899d-c34ee583d2de: nextIndex: updateUnconditionally 0 -> 0
2019-09-26 17:05:52,996 [grpc-default-executor-5] WARN  server.GrpcLogAppender (LogUtils.java:warn(134)) - f1b12ba6-b33d-40de-bd74-c3916eeb1dd7@group-4B656B7D57A4->15273f9a-72e8-4ae0-8091-781d0ea9f1eb-AppendLogResponseHandler: Failed appendEntries: org.apache.ratis.thirdparty.io.grpc.StatusRuntimeException: UNAVAILABLE: io exception
2019-09-26 17:05:52,999 [grpc-default-executor-5] INFO  impl.FollowerInfo (FollowerInfo.java:lambda$new$0(51)) - f1b12ba6-b33d-40de-bd74-c3916eeb1dd7@group-4B656B7D57A4->15273f9a-72e8-4ae0-8091-781d0ea9f1eb: nextIndex: updateUnconditionally 0 -> 0
2019-09-26 17:05:53,041 [main] INFO  ozoneimpl.OzoneContainer (OzoneContainer.java:stop(231)) - Attempting to stop container services.
2019-09-26 17:05:53,042 [ForkJoinPool.commonPool-worker-0] INFO  ozoneimpl.OzoneContainer (OzoneContainer.java:stop(231)) - Attempting to stop container services.
2019-09-26 17:05:53,043 [main] INFO  impl.RaftServerProxy (RaftServerProxy.java:lambda$close$4(314)) - c9877585-f333-4492-aed4-861a77134c16: close
2019-09-26 17:05:53,043 [ForkJoinPool.commonPool-worker-0] INFO  impl.RaftServerProxy (RaftServerProxy.java:lambda$close$4(314)) - 0f6d0b51-49f2-46fd-a2f3-d041b41eab5c: close
2019-09-26 17:05:53,044 [main] INFO  impl.RaftServerImpl (RaftServerImpl.java:lambda$shutdown$3(251)) - c9877585-f333-4492-aed4-861a77134c16@group-6819D367285A: shutdown
2019-09-26 17:05:53,044 [ForkJoinPool.commonPool-worker-0] INFO  impl.RaftServerImpl (RaftServerImpl.java:lambda$shutdown$3(251)) - 0f6d0b51-49f2-46fd-a2f3-d041b41eab5c@group-ACD910E18DB9: shutdown
2019-09-26 17:05:53,044 [main] INFO  util.JmxRegister (JmxRegister.java:unregister(73)) - Successfully un-registered JMX Bean with object name Ratis:service=RaftServer,group=group-6819D367285A,id=c9877585-f333-4492-aed4-861a77134c16
2019-09-26 17:05:53,045 [ForkJoinPool.commonPool-worker-0] INFO  util.JmxRegister (JmxRegister.java:unregister(73)) - Successfully un-registered JMX Bean with object name Ratis:service=RaftServer,group=group-ACD910E18DB9,id=0f6d0b51-49f2-46fd-a2f3-d041b41eab5c
2019-09-26 17:05:53,045 [main] INFO  impl.RoleInfo (RoleInfo.java:shutdownLeaderState(104)) - c9877585-f333-4492-aed4-861a77134c16: shutdown LeaderState
2019-09-26 17:05:53,046 [ForkJoinPool.commonPool-worker-0] INFO  impl.RoleInfo (RoleInfo.java:shutdownLeaderState(104)) - 0f6d0b51-49f2-46fd-a2f3-d041b41eab5c: shutdown LeaderState
2019-09-26 17:05:53,046 [main] INFO  impl.PendingRequests (PendingRequests.java:sendNotLeaderResponses(202)) - c9877585-f333-4492-aed4-861a77134c16-PendingRequests: sendNotLeaderResponses
2019-09-26 17:05:53,046 [ForkJoinPool.commonPool-worker-0] INFO  impl.PendingRequests (PendingRequests.java:sendNotLeaderResponses(202)) - 0f6d0b51-49f2-46fd-a2f3-d041b41eab5c-PendingRequests: sendNotLeaderResponses
2019-09-26 17:05:53,047 [main] INFO  impl.StateMachineUpdater (StateMachineUpdater.java:stopAndJoin(125)) - c9877585-f333-4492-aed4-861a77134c16@group-6819D367285A-StateMachineUpdater: set stopIndex = 0
2019-09-26 17:05:53,047 [ForkJoinPool.commonPool-worker-0] INFO  impl.StateMachineUpdater (StateMachineUpdater.java:stopAndJoin(125)) - 0f6d0b51-49f2-46fd-a2f3-d041b41eab5c@group-ACD910E18DB9-StateMachineUpdater: set stopIndex = 0
2019-09-26 17:05:53,053 [main] INFO  impl.RaftServerImpl (ServerState.java:close(385)) - c9877585-f333-4492-aed4-861a77134c16@group-6819D367285A: closes. applyIndex: 0
2019-09-26 17:05:53,053 [ForkJoinPool.commonPool-worker-0] INFO  impl.RaftServerImpl (ServerState.java:close(385)) - 0f6d0b51-49f2-46fd-a2f3-d041b41eab5c@group-ACD910E18DB9: closes. applyIndex: 0
2019-09-26 17:05:53,054 [c9877585-f333-4492-aed4-861a77134c16@group-6819D367285A-SegmentedRaftLogWorker] INFO  segmented.SegmentedRaftLogWorker (SegmentedRaftLogWorker.java:run(313)) - c9877585-f333-4492-aed4-861a77134c16@group-6819D367285A-SegmentedRaftLogWorker was interrupted, exiting. There are 0 tasks remaining in the queue.
2019-09-26 17:05:53,054 [0f6d0b51-49f2-46fd-a2f3-d041b41eab5c@group-ACD910E18DB9-SegmentedRaftLogWorker] INFO  segmented.SegmentedRaftLogWorker (SegmentedRaftLogWorker.java:run(313)) - 0f6d0b51-49f2-46fd-a2f3-d041b41eab5c@group-ACD910E18DB9-SegmentedRaftLogWorker was interrupted, exiting. There are 0 tasks remaining in the queue.
2019-09-26 17:05:53,059 [ForkJoinPool.commonPool-worker-0] INFO  segmented.SegmentedRaftLogWorker (SegmentedRaftLogWorker.java:close(228)) - 0f6d0b51-49f2-46fd-a2f3-d041b41eab5c@group-ACD910E18DB9-SegmentedRaftLogWorker close()
2019-09-26 17:05:53,059 [main] INFO  segmented.SegmentedRaftLogWorker (SegmentedRaftLogWorker.java:close(228)) - c9877585-f333-4492-aed4-861a77134c16@group-6819D367285A-SegmentedRaftLogWorker close()
2019-09-26 17:05:53,064 [ForkJoinPool.commonPool-worker-0] INFO  impl.RaftServerImpl (RaftServerImpl.java:lambda$shutdown$3(251)) - 0f6d0b51-49f2-46fd-a2f3-d041b41eab5c@group-399D1F29A66B: shutdown
2019-09-26 17:05:53,068 [main] INFO  impl.RaftServerImpl (RaftServerImpl.java:lambda$shutdown$3(251)) - c9877585-f333-4492-aed4-861a77134c16@group-399D1F29A66B: shutdown
2019-09-26 17:05:53,068 [ForkJoinPool.commonPool-worker-0] INFO  util.JmxRegister (JmxRegister.java:unregister(73)) - Successfully un-registered JMX Bean with object name Ratis:service=RaftServer,group=group-399D1F29A66B,id=0f6d0b51-49f2-46fd-a2f3-d041b41eab5c
2019-09-26 17:05:53,069 [main] INFO  util.JmxRegister (JmxRegister.java:unregister(73)) - Successfully un-registered JMX Bean with object name Ratis:service=RaftServer,group=group-399D1F29A66B,id=c9877585-f333-4492-aed4-861a77134c16
2019-09-26 17:05:53,069 [ForkJoinPool.commonPool-worker-0] INFO  impl.RoleInfo (RoleInfo.java:shutdownLeaderState(104)) - 0f6d0b51-49f2-46fd-a2f3-d041b41eab5c: shutdown LeaderState
2019-09-26 17:05:53,069 [main] INFO  impl.RoleInfo (RoleInfo.java:shutdownFollowerState(121)) - c9877585-f333-4492-aed4-861a77134c16: shutdown FollowerState
2019-09-26 17:05:53,074 [org.apache.ratis.server.impl.LogAppender$AppenderDaemon$$Lambda$399/1884970949@1d71f74c] WARN  server.GrpcLogAppender (GrpcLogAppender.java:mayWait(143)) - 0f6d0b51-49f2-46fd-a2f3-d041b41eab5c@group-399D1F29A66B->ef5a9ab0-e109-4aa9-899d-c34ee583d2de-GrpcLogAppender: Wait interrupted by java.lang.InterruptedException
2019-09-26 17:05:53,074 [org.apache.ratis.server.impl.LogAppender$AppenderDaemon$$Lambda$399/1884970949@7c2e1c07] WARN  server.GrpcLogAppender (GrpcLogAppender.java:mayWait(143)) - 0f6d0b51-49f2-46fd-a2f3-d041b41eab5c@group-399D1F29A66B->c9877585-f333-4492-aed4-861a77134c16-GrpcLogAppender: Wait interrupted by java.lang.InterruptedException
2019-09-26 17:05:53,074 [ForkJoinPool.commonPool-worker-0] INFO  impl.PendingRequests (PendingRequests.java:sendNotLeaderResponses(202)) - 0f6d0b51-49f2-46fd-a2f3-d041b41eab5c-PendingRequests: sendNotLeaderResponses
2019-09-26 17:05:53,074 [Thread-382] INFO  impl.FollowerState (FollowerState.java:run(115)) - c9877585-f333-4492-aed4-861a77134c16: FollowerState was interrupted: java.lang.InterruptedException: sleep interrupted
2019-09-26 17:05:53,074 [main] INFO  impl.StateMachineUpdater (StateMachineUpdater.java:stopAndJoin(125)) - c9877585-f333-4492-aed4-861a77134c16@group-399D1F29A66B-StateMachineUpdater: set stopIndex = 0
2019-09-26 17:05:53,080 [grpc-default-executor-5] INFO  server.GrpcServerProtocolService (GrpcServerProtocolService.java:onCompleted(113)) - c9877585-f333-4492-aed4-861a77134c16: Completed APPEND_ENTRIES, lastRequest: 0f6d0b51-49f2-46fd-a2f3-d041b41eab5c->c9877585-f333-4492-aed4-861a77134c16#237-t1, previous=(t:1, i:0), leaderCommit=0, initializing? false, entries: <empty>
2019-09-26 17:05:53,079 [ForkJoinPool.commonPool-worker-0] INFO  impl.StateMachineUpdater (StateMachineUpdater.java:stopAndJoin(125)) - 0f6d0b51-49f2-46fd-a2f3-d041b41eab5c@group-399D1F29A66B-StateMachineUpdater: set stopIndex = 0
2019-09-26 17:05:53,080 [main] INFO  impl.RaftServerImpl (ServerState.java:close(385)) - c9877585-f333-4492-aed4-861a77134c16@group-399D1F29A66B: closes. applyIndex: 0
2019-09-26 17:05:53,081 [ForkJoinPool.commonPool-worker-0] INFO  impl.RaftServerImpl (ServerState.java:close(385)) - 0f6d0b51-49f2-46fd-a2f3-d041b41eab5c@group-399D1F29A66B: closes. applyIndex: 0
2019-09-26 17:05:53,081 [c9877585-f333-4492-aed4-861a77134c16@group-399D1F29A66B-SegmentedRaftLogWorker] INFO  segmented.SegmentedRaftLogWorker (SegmentedRaftLogWorker.java:run(313)) - c9877585-f333-4492-aed4-861a77134c16@group-399D1F29A66B-SegmentedRaftLogWorker was interrupted, exiting. There are 0 tasks remaining in the queue.
2019-09-26 17:05:53,081 [0f6d0b51-49f2-46fd-a2f3-d041b41eab5c@group-399D1F29A66B-SegmentedRaftLogWorker] INFO  segmented.SegmentedRaftLogWorker (SegmentedRaftLogWorker.java:run(313)) - 0f6d0b51-49f2-46fd-a2f3-d041b41eab5c@group-399D1F29A66B-SegmentedRaftLogWorker was interrupted, exiting. There are 0 tasks remaining in the queue.
2019-09-26 17:05:53,081 [grpc-default-executor-5] INFO  server.GrpcLogAppender (GrpcLogAppender.java:onCompleted(293)) - 0f6d0b51-49f2-46fd-a2f3-d041b41eab5c@group-399D1F29A66B->c9877585-f333-4492-aed4-861a77134c16-AppendLogResponseHandler: follower responses appendEntries COMPLETED
2019-09-26 17:05:53,086 [ForkJoinPool.commonPool-worker-0] INFO  segmented.SegmentedRaftLogWorker (SegmentedRaftLogWorker.java:close(228)) - 0f6d0b51-49f2-46fd-a2f3-d041b41eab5c@group-399D1F29A66B-SegmentedRaftLogWorker close()
2019-09-26 17:05:53,086 [main] INFO  segmented.SegmentedRaftLogWorker (SegmentedRaftLogWorker.java:close(228)) - c9877585-f333-4492-aed4-861a77134c16@group-399D1F29A66B-SegmentedRaftLogWorker close()
2019-09-26 17:05:53,091 [ForkJoinPool.commonPool-worker-0] INFO  server.GrpcService (GrpcService.java:closeImpl(164)) - 0f6d0b51-49f2-46fd-a2f3-d041b41eab5c: shutdown server with port 43173 now
2019-09-26 17:05:53,086 [grpc-default-executor-5] INFO  impl.FollowerInfo (FollowerInfo.java:lambda$new$0(51)) - 0f6d0b51-49f2-46fd-a2f3-d041b41eab5c@group-399D1F29A66B->c9877585-f333-4492-aed4-861a77134c16: nextIndex: updateUnconditionally 1 -> 0
2019-09-26 17:05:53,095 [main] INFO  server.GrpcService (GrpcService.java:closeImpl(164)) - c9877585-f333-4492-aed4-861a77134c16: shutdown server with port 36678 now
2019-09-26 17:05:53,095 [ForkJoinPool.commonPool-worker-0] INFO  server.GrpcService (GrpcService.java:closeImpl(172)) - 0f6d0b51-49f2-46fd-a2f3-d041b41eab5c: shutdown server with port 43173 successfully
2019-09-26 17:05:53,096 [main] INFO  server.GrpcService (GrpcService.java:closeImpl(172)) - c9877585-f333-4492-aed4-861a77134c16: shutdown server with port 36678 successfully
2019-09-26 17:05:53,378 [refreshUsed-/workdir/hadoop-ozone/integration-test/target/test-dir/MiniOzoneClusterImpl-d6ca620c-cb63-484f-a581-7c0900b96a5f/datanode-6/data/containers] WARN  fs.CachingGetSpaceUsed (CachingGetSpaceUsed.java:run(183)) - Thread Interrupted waiting to refresh disk information: sleep interrupted
2019-09-26 17:05:53,386 [refreshUsed-/workdir/hadoop-ozone/integration-test/target/test-dir/MiniOzoneClusterImpl-d6ca620c-cb63-484f-a581-7c0900b96a5f/datanode-3/data/containers] WARN  fs.CachingGetSpaceUsed (CachingGetSpaceUsed.java:run(183)) - Thread Interrupted waiting to refresh disk information: sleep interrupted
2019-09-26 17:05:53,397 [ForkJoinPool.commonPool-worker-0] INFO  utils.BackgroundService (BackgroundService.java:shutdown(148)) - Shutting down service BlockDeletingService
2019-09-26 17:05:53,402 [ForkJoinPool.commonPool-worker-0] INFO  statemachine.DatanodeStateMachine (DatanodeStateMachine.java:stopDaemon(395)) - Ozone container server stopped.
2019-09-26 17:05:53,407 [ForkJoinPool.commonPool-worker-0] INFO  handler.ContextHandler (ContextHandler.java:doStop(910)) - Stopped o.e.j.w.WebAppContext@1859e2a4{/,null,UNAVAILABLE}{/hddsDatanode}
2019-09-26 17:05:53,408 [ForkJoinPool.commonPool-worker-0] INFO  server.AbstractConnector (AbstractConnector.java:doStop(318)) - Stopped ServerConnector@46349b95{HTTP/1.1,[http/1.1]}{0.0.0.0:0}
2019-09-26 17:05:53,409 [ForkJoinPool.commonPool-worker-0] INFO  handler.ContextHandler (ContextHandler.java:doStop(910)) - Stopped o.e.j.s.ServletContextHandler@3d4e405e{/static,jar:file:/home/user/.m2/repository/org/apache/hadoop/hadoop-hdds-container-service/0.5.0-SNAPSHOT/hadoop-hdds-container-service-0.5.0-SNAPSHOT.jar!/webapps/static,UNAVAILABLE}
2019-09-26 17:05:53,411 [ForkJoinPool.commonPool-worker-0] INFO  handler.ContextHandler (ContextHandler.java:doStop(910)) - Stopped o.e.j.s.ServletContextHandler@5634d0f4{/logs,file:///workdir/hadoop-ozone/integration-test/target/log,UNAVAILABLE}
2019-09-26 17:05:53,411 [main] INFO  utils.BackgroundService (BackgroundService.java:shutdown(148)) - Shutting down service BlockDeletingService
2019-09-26 17:05:53,417 [main] INFO  statemachine.DatanodeStateMachine (DatanodeStateMachine.java:stopDaemon(395)) - Ozone container server stopped.
2019-09-26 17:05:53,418 [main] INFO  handler.ContextHandler (ContextHandler.java:doStop(910)) - Stopped o.e.j.w.WebAppContext@5c5d6175{/,null,UNAVAILABLE}{/hddsDatanode}
2019-09-26 17:05:53,419 [main] INFO  server.AbstractConnector (AbstractConnector.java:doStop(318)) - Stopped ServerConnector@7544ac86{HTTP/1.1,[http/1.1]}{0.0.0.0:0}
2019-09-26 17:05:53,419 [main] INFO  handler.ContextHandler (ContextHandler.java:doStop(910)) - Stopped o.e.j.s.ServletContextHandler@31c628e7{/static,jar:file:/home/user/.m2/repository/org/apache/hadoop/hadoop-hdds-container-service/0.5.0-SNAPSHOT/hadoop-hdds-container-service-0.5.0-SNAPSHOT.jar!/webapps/static,UNAVAILABLE}
2019-09-26 17:05:53,419 [main] INFO  handler.ContextHandler (ContextHandler.java:doStop(910)) - Stopped o.e.j.s.ServletContextHandler@1e1e9ef3{/logs,file:///workdir/hadoop-ozone/integration-test/target/log,UNAVAILABLE}
2019-09-26 17:05:53,482 [grpc-default-executor-5] WARN  server.GrpcLogAppender (LogUtils.java:warn(134)) - f1b12ba6-b33d-40de-bd74-c3916eeb1dd7@group-4B656B7D57A4->15273f9a-72e8-4ae0-8091-781d0ea9f1eb-AppendLogResponseHandler: Failed appendEntries: org.apache.ratis.thirdparty.io.grpc.StatusRuntimeException: UNAVAILABLE: io exception
2019-09-26 17:05:53,484 [grpc-default-executor-5] INFO  impl.FollowerInfo (FollowerInfo.java:lambda$new$0(51)) - f1b12ba6-b33d-40de-bd74-c3916eeb1dd7@group-4B656B7D57A4->15273f9a-72e8-4ae0-8091-781d0ea9f1eb: nextIndex: updateUnconditionally 0 -> 0
2019-09-26 17:05:53,985 [grpc-default-executor-1] WARN  server.GrpcLogAppender (LogUtils.java:warn(134)) - f1b12ba6-b33d-40de-bd74-c3916eeb1dd7@group-4B656B7D57A4->15273f9a-72e8-4ae0-8091-781d0ea9f1eb-AppendLogResponseHandler: Failed appendEntries: org.apache.ratis.thirdparty.io.grpc.StatusRuntimeException: UNAVAILABLE: io exception
2019-09-26 17:05:53,988 [grpc-default-executor-1] INFO  impl.FollowerInfo (FollowerInfo.java:lambda$new$0(51)) - f1b12ba6-b33d-40de-bd74-c3916eeb1dd7@group-4B656B7D57A4->15273f9a-72e8-4ae0-8091-781d0ea9f1eb: nextIndex: updateUnconditionally 0 -> 0
2019-09-26 17:05:54,370 [Datanode State Machine Thread - 0] INFO  statemachine.DatanodeStateMachine (DatanodeStateMachine.java:lambda$startDaemon$0(350)) - Ozone container server started.
2019-09-26 17:05:54,373 [Datanode State Machine Thread - 0] INFO  statemachine.DatanodeStateMachine (DatanodeStateMachine.java:lambda$startDaemon$0(350)) - Ozone container server started.
2019-09-26 17:05:54,486 [grpc-default-executor-3] WARN  server.GrpcLogAppender (LogUtils.java:warn(134)) - f1b12ba6-b33d-40de-bd74-c3916eeb1dd7@group-4B656B7D57A4->15273f9a-72e8-4ae0-8091-781d0ea9f1eb-AppendLogResponseHandler: Failed appendEntries: org.apache.ratis.thirdparty.io.grpc.StatusRuntimeException: UNAVAILABLE: io exception
2019-09-26 17:05:54,488 [grpc-default-executor-3] INFO  impl.FollowerInfo (FollowerInfo.java:lambda$new$0(51)) - f1b12ba6-b33d-40de-bd74-c3916eeb1dd7@group-4B656B7D57A4->15273f9a-72e8-4ae0-8091-781d0ea9f1eb: nextIndex: updateUnconditionally 0 -> 0
2019-09-26 17:05:54,988 [grpc-default-executor-5] WARN  server.GrpcLogAppender (LogUtils.java:warn(134)) - f1b12ba6-b33d-40de-bd74-c3916eeb1dd7@group-4B656B7D57A4->15273f9a-72e8-4ae0-8091-781d0ea9f1eb-AppendLogResponseHandler: Failed appendEntries: org.apache.ratis.thirdparty.io.grpc.StatusRuntimeException: UNAVAILABLE: io exception
2019-09-26 17:05:54,991 [grpc-default-executor-5] INFO  impl.FollowerInfo (FollowerInfo.java:lambda$new$0(51)) - f1b12ba6-b33d-40de-bd74-c3916eeb1dd7@group-4B656B7D57A4->15273f9a-72e8-4ae0-8091-781d0ea9f1eb: nextIndex: updateUnconditionally 0 -> 0
2019-09-26 17:05:55,489 [grpc-default-executor-3] WARN  server.GrpcLogAppender (LogUtils.java:warn(134)) - f1b12ba6-b33d-40de-bd74-c3916eeb1dd7@group-4B656B7D57A4->15273f9a-72e8-4ae0-8091-781d0ea9f1eb-AppendLogResponseHandler: Failed appendEntries: org.apache.ratis.thirdparty.io.grpc.StatusRuntimeException: UNAVAILABLE: io exception
2019-09-26 17:05:55,492 [grpc-default-executor-3] INFO  impl.FollowerInfo (FollowerInfo.java:lambda$new$0(51)) - f1b12ba6-b33d-40de-bd74-c3916eeb1dd7@group-4B656B7D57A4->15273f9a-72e8-4ae0-8091-781d0ea9f1eb: nextIndex: updateUnconditionally 0 -> 0
2019-09-26 17:05:55,994 [grpc-default-executor-5] WARN  server.GrpcLogAppender (LogUtils.java:warn(134)) - f1b12ba6-b33d-40de-bd74-c3916eeb1dd7@group-4B656B7D57A4->15273f9a-72e8-4ae0-8091-781d0ea9f1eb-AppendLogResponseHandler: Failed appendEntries: org.apache.ratis.thirdparty.io.grpc.StatusRuntimeException: UNAVAILABLE: io exception
2019-09-26 17:05:55,997 [grpc-default-executor-5] INFO  impl.FollowerInfo (FollowerInfo.java:lambda$new$0(51)) - f1b12ba6-b33d-40de-bd74-c3916eeb1dd7@group-4B656B7D57A4->15273f9a-72e8-4ae0-8091-781d0ea9f1eb: nextIndex: updateUnconditionally 0 -> 0
2019-09-26 17:05:56,494 [grpc-default-executor-3] WARN  server.GrpcLogAppender (LogUtils.java:warn(134)) - f1b12ba6-b33d-40de-bd74-c3916eeb1dd7@group-4B656B7D57A4->15273f9a-72e8-4ae0-8091-781d0ea9f1eb-AppendLogResponseHandler: Failed appendEntries: org.apache.ratis.thirdparty.io.grpc.StatusRuntimeException: UNAVAILABLE: io exception
2019-09-26 17:05:56,496 [grpc-default-executor-3] INFO  impl.FollowerInfo (FollowerInfo.java:lambda$new$0(51)) - f1b12ba6-b33d-40de-bd74-c3916eeb1dd7@group-4B656B7D57A4->15273f9a-72e8-4ae0-8091-781d0ea9f1eb: nextIndex: updateUnconditionally 0 -> 0
2019-09-26 17:05:56,996 [grpc-default-executor-5] WARN  server.GrpcLogAppender (LogUtils.java:warn(134)) - f1b12ba6-b33d-40de-bd74-c3916eeb1dd7@group-4B656B7D57A4->15273f9a-72e8-4ae0-8091-781d0ea9f1eb-AppendLogResponseHandler: Failed appendEntries: org.apache.ratis.thirdparty.io.grpc.StatusRuntimeException: UNAVAILABLE: io exception
2019-09-26 17:05:56,999 [grpc-default-executor-5] INFO  impl.FollowerInfo (FollowerInfo.java:lambda$new$0(51)) - f1b12ba6-b33d-40de-bd74-c3916eeb1dd7@group-4B656B7D57A4->15273f9a-72e8-4ae0-8091-781d0ea9f1eb: nextIndex: updateUnconditionally 0 -> 0
2019-09-26 17:05:57,500 [grpc-default-executor-3] WARN  server.GrpcLogAppender (LogUtils.java:warn(134)) - f1b12ba6-b33d-40de-bd74-c3916eeb1dd7@group-4B656B7D57A4->15273f9a-72e8-4ae0-8091-781d0ea9f1eb-AppendLogResponseHandler: Failed appendEntries: org.apache.ratis.thirdparty.io.grpc.StatusRuntimeException: UNAVAILABLE: io exception
2019-09-26 17:05:57,503 [grpc-default-executor-3] INFO  impl.FollowerInfo (FollowerInfo.java:lambda$new$0(51)) - f1b12ba6-b33d-40de-bd74-c3916eeb1dd7@group-4B656B7D57A4->15273f9a-72e8-4ae0-8091-781d0ea9f1eb: nextIndex: updateUnconditionally 0 -> 0
2019-09-26 17:05:58,002 [grpc-default-executor-5] WARN  server.GrpcLogAppender (LogUtils.java:warn(134)) - f1b12ba6-b33d-40de-bd74-c3916eeb1dd7@group-4B656B7D57A4->15273f9a-72e8-4ae0-8091-781d0ea9f1eb-AppendLogResponseHandler: Failed appendEntries: org.apache.ratis.thirdparty.io.grpc.StatusRuntimeException: UNAVAILABLE: io exception
2019-09-26 17:05:58,004 [grpc-default-executor-5] INFO  impl.FollowerInfo (FollowerInfo.java:lambda$new$0(51)) - f1b12ba6-b33d-40de-bd74-c3916eeb1dd7@group-4B656B7D57A4->15273f9a-72e8-4ae0-8091-781d0ea9f1eb: nextIndex: updateUnconditionally 0 -> 0
2019-09-26 17:05:58,413 [ForkJoinPool.commonPool-worker-0] INFO  ozoneimpl.OzoneContainer (OzoneContainer.java:stop(231)) - Attempting to stop container services.
2019-09-26 17:05:58,413 [ForkJoinPool.commonPool-worker-0] INFO  impl.RaftServerProxy (RaftServerProxy.java:lambda$close$4(314)) - a26ecbb9-64c1-4e5a-aa1d-1c5985b03157: close
2019-09-26 17:05:58,414 [ForkJoinPool.commonPool-worker-0] INFO  impl.RaftServerImpl (RaftServerImpl.java:lambda$shutdown$3(251)) - a26ecbb9-64c1-4e5a-aa1d-1c5985b03157@group-75F499C3405C: shutdown
2019-09-26 17:05:58,414 [ForkJoinPool.commonPool-worker-0] INFO  util.JmxRegister (JmxRegister.java:unregister(73)) - Successfully un-registered JMX Bean with object name Ratis:service=RaftServer,group=group-75F499C3405C,id=a26ecbb9-64c1-4e5a-aa1d-1c5985b03157
2019-09-26 17:05:58,414 [ForkJoinPool.commonPool-worker-0] INFO  impl.RoleInfo (RoleInfo.java:shutdownLeaderState(104)) - a26ecbb9-64c1-4e5a-aa1d-1c5985b03157: shutdown LeaderState
2019-09-26 17:05:58,415 [ForkJoinPool.commonPool-worker-0] INFO  impl.PendingRequests (PendingRequests.java:sendNotLeaderResponses(202)) - a26ecbb9-64c1-4e5a-aa1d-1c5985b03157-PendingRequests: sendNotLeaderResponses
2019-09-26 17:05:58,415 [ForkJoinPool.commonPool-worker-0] INFO  impl.StateMachineUpdater (StateMachineUpdater.java:stopAndJoin(125)) - a26ecbb9-64c1-4e5a-aa1d-1c5985b03157@group-75F499C3405C-StateMachineUpdater: set stopIndex = 0
2019-09-26 17:05:58,416 [ForkJoinPool.commonPool-worker-0] INFO  impl.RaftServerImpl (ServerState.java:close(385)) - a26ecbb9-64c1-4e5a-aa1d-1c5985b03157@group-75F499C3405C: closes. applyIndex: 0
2019-09-26 17:05:58,416 [a26ecbb9-64c1-4e5a-aa1d-1c5985b03157@group-75F499C3405C-SegmentedRaftLogWorker] INFO  segmented.SegmentedRaftLogWorker (SegmentedRaftLogWorker.java:run(313)) - a26ecbb9-64c1-4e5a-aa1d-1c5985b03157@group-75F499C3405C-SegmentedRaftLogWorker was interrupted, exiting. There are 0 tasks remaining in the queue.
2019-09-26 17:05:58,420 [ForkJoinPool.commonPool-worker-0] INFO  segmented.SegmentedRaftLogWorker (SegmentedRaftLogWorker.java:close(228)) - a26ecbb9-64c1-4e5a-aa1d-1c5985b03157@group-75F499C3405C-SegmentedRaftLogWorker close()
2019-09-26 17:05:58,424 [ForkJoinPool.commonPool-worker-0] INFO  server.GrpcService (GrpcService.java:closeImpl(164)) - a26ecbb9-64c1-4e5a-aa1d-1c5985b03157: shutdown server with port 40062 now
2019-09-26 17:05:58,424 [main] INFO  ozoneimpl.OzoneContainer (OzoneContainer.java:stop(231)) - Attempting to stop container services.
2019-09-26 17:05:58,426 [ForkJoinPool.commonPool-worker-0] INFO  server.GrpcService (GrpcService.java:closeImpl(172)) - a26ecbb9-64c1-4e5a-aa1d-1c5985b03157: shutdown server with port 40062 successfully
2019-09-26 17:05:58,427 [main] INFO  impl.RaftServerProxy (RaftServerProxy.java:lambda$close$4(314)) - 9ab6b823-6bc4-454f-9d50-ce70a440dcce: close
2019-09-26 17:05:58,428 [main] INFO  impl.RaftServerImpl (RaftServerImpl.java:lambda$shutdown$3(251)) - 9ab6b823-6bc4-454f-9d50-ce70a440dcce@group-1BFFB9D78D43: shutdown
2019-09-26 17:05:58,428 [main] INFO  util.JmxRegister (JmxRegister.java:unregister(73)) - Successfully un-registered JMX Bean with object name Ratis:service=RaftServer,group=group-1BFFB9D78D43,id=9ab6b823-6bc4-454f-9d50-ce70a440dcce
2019-09-26 17:05:58,429 [main] INFO  impl.RoleInfo (RoleInfo.java:shutdownFollowerState(121)) - 9ab6b823-6bc4-454f-9d50-ce70a440dcce: shutdown FollowerState
2019-09-26 17:05:58,429 [main] INFO  impl.StateMachineUpdater (StateMachineUpdater.java:stopAndJoin(125)) - 9ab6b823-6bc4-454f-9d50-ce70a440dcce@group-1BFFB9D78D43-StateMachineUpdater: set stopIndex = 0
2019-09-26 17:05:58,429 [Thread-412] INFO  impl.FollowerState (FollowerState.java:run(115)) - 9ab6b823-6bc4-454f-9d50-ce70a440dcce: FollowerState was interrupted: java.lang.InterruptedException: sleep interrupted
2019-09-26 17:05:58,432 [main] INFO  impl.RaftServerImpl (ServerState.java:close(385)) - 9ab6b823-6bc4-454f-9d50-ce70a440dcce@group-1BFFB9D78D43: closes. applyIndex: 0
2019-09-26 17:05:58,433 [9ab6b823-6bc4-454f-9d50-ce70a440dcce@group-1BFFB9D78D43-SegmentedRaftLogWorker] INFO  segmented.SegmentedRaftLogWorker (SegmentedRaftLogWorker.java:run(313)) - 9ab6b823-6bc4-454f-9d50-ce70a440dcce@group-1BFFB9D78D43-SegmentedRaftLogWorker was interrupted, exiting. There are 0 tasks remaining in the queue.
2019-09-26 17:05:58,435 [main] INFO  segmented.SegmentedRaftLogWorker (SegmentedRaftLogWorker.java:close(228)) - 9ab6b823-6bc4-454f-9d50-ce70a440dcce@group-1BFFB9D78D43-SegmentedRaftLogWorker close()
2019-09-26 17:05:58,447 [main] INFO  impl.RaftServerImpl (RaftServerImpl.java:lambda$shutdown$3(251)) - 9ab6b823-6bc4-454f-9d50-ce70a440dcce@group-049273D6B2D4: shutdown
2019-09-26 17:05:58,448 [main] INFO  util.JmxRegister (JmxRegister.java:unregister(73)) - Successfully un-registered JMX Bean with object name Ratis:service=RaftServer,group=group-049273D6B2D4,id=9ab6b823-6bc4-454f-9d50-ce70a440dcce
2019-09-26 17:05:58,448 [main] INFO  impl.RoleInfo (RoleInfo.java:shutdownLeaderState(104)) - 9ab6b823-6bc4-454f-9d50-ce70a440dcce: shutdown LeaderState
2019-09-26 17:05:58,449 [main] INFO  impl.PendingRequests (PendingRequests.java:sendNotLeaderResponses(202)) - 9ab6b823-6bc4-454f-9d50-ce70a440dcce-PendingRequests: sendNotLeaderResponses
2019-09-26 17:05:58,450 [main] INFO  impl.StateMachineUpdater (StateMachineUpdater.java:stopAndJoin(125)) - 9ab6b823-6bc4-454f-9d50-ce70a440dcce@group-049273D6B2D4-StateMachineUpdater: set stopIndex = 0
2019-09-26 17:05:58,450 [main] INFO  impl.RaftServerImpl (ServerState.java:close(385)) - 9ab6b823-6bc4-454f-9d50-ce70a440dcce@group-049273D6B2D4: closes. applyIndex: 0
2019-09-26 17:05:58,451 [9ab6b823-6bc4-454f-9d50-ce70a440dcce@group-049273D6B2D4-SegmentedRaftLogWorker] INFO  segmented.SegmentedRaftLogWorker (SegmentedRaftLogWorker.java:run(313)) - 9ab6b823-6bc4-454f-9d50-ce70a440dcce@group-049273D6B2D4-SegmentedRaftLogWorker was interrupted, exiting. There are 0 tasks remaining in the queue.
2019-09-26 17:05:58,452 [main] INFO  segmented.SegmentedRaftLogWorker (SegmentedRaftLogWorker.java:close(228)) - 9ab6b823-6bc4-454f-9d50-ce70a440dcce@group-049273D6B2D4-SegmentedRaftLogWorker close()
2019-09-26 17:05:58,455 [main] INFO  server.GrpcService (GrpcService.java:closeImpl(164)) - 9ab6b823-6bc4-454f-9d50-ce70a440dcce: shutdown server with port 39169 now
2019-09-26 17:05:58,455 [refreshUsed-/workdir/hadoop-ozone/integration-test/target/test-dir/MiniOzoneClusterImpl-d6ca620c-cb63-484f-a581-7c0900b96a5f/datanode-4/data/containers] WARN  fs.CachingGetSpaceUsed (CachingGetSpaceUsed.java:run(183)) - Thread Interrupted waiting to refresh disk information: sleep interrupted
2019-09-26 17:05:58,456 [main] INFO  server.GrpcService (GrpcService.java:closeImpl(172)) - 9ab6b823-6bc4-454f-9d50-ce70a440dcce: shutdown server with port 39169 successfully
2019-09-26 17:05:58,458 [grpc-default-executor-5] WARN  server.GrpcServerProtocolService (LogUtils.java:warn(134)) - 9ab6b823-6bc4-454f-9d50-ce70a440dcce: installSnapshot onError, lastRequest: 4ac23ced-61a1-47b3-94f0-cee158ec4b70->9ab6b823-6bc4-454f-9d50-ce70a440dcce#246-t2, previous=(t:2, i:0), leaderCommit=0, initializing? false, entries: <empty>: org.apache.ratis.thirdparty.io.grpc.StatusRuntimeException: CANCELLED: cancelled before receiving half close
2019-09-26 17:05:58,460 [grpc-default-executor-1] WARN  server.GrpcLogAppender (LogUtils.java:warn(134)) - 4ac23ced-61a1-47b3-94f0-cee158ec4b70@group-1BFFB9D78D43->9ab6b823-6bc4-454f-9d50-ce70a440dcce-AppendLogResponseHandler: Failed appendEntries: org.apache.ratis.thirdparty.io.grpc.StatusRuntimeException: CANCELLED: HTTP/2 error code: CANCEL
Received Rst Stream
2019-09-26 17:05:58,462 [grpc-default-executor-1] INFO  impl.FollowerInfo (FollowerInfo.java:lambda$new$0(51)) - 4ac23ced-61a1-47b3-94f0-cee158ec4b70@group-1BFFB9D78D43->9ab6b823-6bc4-454f-9d50-ce70a440dcce: nextIndex: updateUnconditionally 1 -> 0
2019-09-26 17:05:58,463 [refreshUsed-/workdir/hadoop-ozone/integration-test/target/test-dir/MiniOzoneClusterImpl-d6ca620c-cb63-484f-a581-7c0900b96a5f/datanode-8/data/containers] WARN  fs.CachingGetSpaceUsed (CachingGetSpaceUsed.java:run(183)) - Thread Interrupted waiting to refresh disk information: sleep interrupted
2019-09-26 17:05:58,487 [main] INFO  utils.BackgroundService (BackgroundService.java:shutdown(148)) - Shutting down service BlockDeletingService
2019-09-26 17:05:58,488 [ForkJoinPool.commonPool-worker-0] INFO  utils.BackgroundService (BackgroundService.java:shutdown(148)) - Shutting down service BlockDeletingService
2019-09-26 17:05:58,492 [main] INFO  statemachine.DatanodeStateMachine (DatanodeStateMachine.java:stopDaemon(395)) - Ozone container server stopped.
2019-09-26 17:05:58,496 [ForkJoinPool.commonPool-worker-0] INFO  statemachine.DatanodeStateMachine (DatanodeStateMachine.java:stopDaemon(395)) - Ozone container server stopped.
2019-09-26 17:05:58,502 [grpc-default-executor-3] WARN  server.GrpcLogAppender (LogUtils.java:warn(134)) - f1b12ba6-b33d-40de-bd74-c3916eeb1dd7@group-4B656B7D57A4->15273f9a-72e8-4ae0-8091-781d0ea9f1eb-AppendLogResponseHandler: Failed appendEntries: org.apache.ratis.thirdparty.io.grpc.StatusRuntimeException: UNAVAILABLE: io exception
2019-09-26 17:05:58,504 [grpc-default-executor-3] INFO  impl.FollowerInfo (FollowerInfo.java:lambda$new$0(51)) - f1b12ba6-b33d-40de-bd74-c3916eeb1dd7@group-4B656B7D57A4->15273f9a-72e8-4ae0-8091-781d0ea9f1eb: nextIndex: updateUnconditionally 0 -> 0
2019-09-26 17:05:58,510 [main] INFO  handler.ContextHandler (ContextHandler.java:doStop(910)) - Stopped o.e.j.w.WebAppContext@7a360554{/,null,UNAVAILABLE}{/hddsDatanode}
2019-09-26 17:05:58,511 [ForkJoinPool.commonPool-worker-0] INFO  handler.ContextHandler (ContextHandler.java:doStop(910)) - Stopped o.e.j.w.WebAppContext@ff23ae7{/,null,UNAVAILABLE}{/hddsDatanode}
2019-09-26 17:05:58,513 [ForkJoinPool.commonPool-worker-0] INFO  server.AbstractConnector (AbstractConnector.java:doStop(318)) - Stopped ServerConnector@423b2b62{HTTP/1.1,[http/1.1]}{0.0.0.0:0}
2019-09-26 17:05:58,513 [main] INFO  server.AbstractConnector (AbstractConnector.java:doStop(318)) - Stopped ServerConnector@424de326{HTTP/1.1,[http/1.1]}{0.0.0.0:0}
2019-09-26 17:05:58,514 [ForkJoinPool.commonPool-worker-0] INFO  handler.ContextHandler (ContextHandler.java:doStop(910)) - Stopped o.e.j.s.ServletContextHandler@25aeb5ac{/static,jar:file:/home/user/.m2/repository/org/apache/hadoop/hadoop-hdds-container-service/0.5.0-SNAPSHOT/hadoop-hdds-container-service-0.5.0-SNAPSHOT.jar!/webapps/static,UNAVAILABLE}
2019-09-26 17:05:58,514 [main] INFO  handler.ContextHandler (ContextHandler.java:doStop(910)) - Stopped o.e.j.s.ServletContextHandler@6ae62c7e{/static,jar:file:/home/user/.m2/repository/org/apache/hadoop/hadoop-hdds-container-service/0.5.0-SNAPSHOT/hadoop-hdds-container-service-0.5.0-SNAPSHOT.jar!/webapps/static,UNAVAILABLE}
2019-09-26 17:05:58,516 [ForkJoinPool.commonPool-worker-0] INFO  handler.ContextHandler (ContextHandler.java:doStop(910)) - Stopped o.e.j.s.ServletContextHandler@44cffc25{/logs,file:///workdir/hadoop-ozone/integration-test/target/log,UNAVAILABLE}
2019-09-26 17:05:58,516 [main] INFO  handler.ContextHandler (ContextHandler.java:doStop(910)) - Stopped o.e.j.s.ServletContextHandler@27e7c77f{/logs,file:///workdir/hadoop-ozone/integration-test/target/log,UNAVAILABLE}
2019-09-26 17:05:58,544 [Datanode State Machine Thread - 0] INFO  statemachine.DatanodeStateMachine (DatanodeStateMachine.java:lambda$startDaemon$0(350)) - Ozone container server started.
2019-09-26 17:05:58,889 [grpc-default-executor-1] WARN  server.GrpcLogAppender (LogUtils.java:warn(134)) - 4ac23ced-61a1-47b3-94f0-cee158ec4b70@group-1BFFB9D78D43->9ab6b823-6bc4-454f-9d50-ce70a440dcce-AppendLogResponseHandler: Failed appendEntries: org.apache.ratis.thirdparty.io.grpc.StatusRuntimeException: UNAVAILABLE: io exception
2019-09-26 17:05:58,891 [grpc-default-executor-1] INFO  impl.FollowerInfo (FollowerInfo.java:lambda$new$0(51)) - 4ac23ced-61a1-47b3-94f0-cee158ec4b70@group-1BFFB9D78D43->9ab6b823-6bc4-454f-9d50-ce70a440dcce: nextIndex: updateUnconditionally 0 -> 0
2019-09-26 17:05:59,004 [grpc-default-executor-3] WARN  server.GrpcLogAppender (LogUtils.java:warn(134)) - f1b12ba6-b33d-40de-bd74-c3916eeb1dd7@group-4B656B7D57A4->15273f9a-72e8-4ae0-8091-781d0ea9f1eb-AppendLogResponseHandler: Failed appendEntries: org.apache.ratis.thirdparty.io.grpc.StatusRuntimeException: UNAVAILABLE: io exception
2019-09-26 17:05:59,007 [grpc-default-executor-3] INFO  impl.FollowerInfo (FollowerInfo.java:lambda$new$0(51)) - f1b12ba6-b33d-40de-bd74-c3916eeb1dd7@group-4B656B7D57A4->15273f9a-72e8-4ae0-8091-781d0ea9f1eb: nextIndex: updateUnconditionally 0 -> 0
2019-09-26 17:05:59,372 [Datanode State Machine Thread - 0] INFO  statemachine.DatanodeStateMachine (DatanodeStateMachine.java:lambda$startDaemon$0(350)) - Ozone container server started.
2019-09-26 17:05:59,391 [grpc-default-executor-5] WARN  server.GrpcLogAppender (LogUtils.java:warn(134)) - 4ac23ced-61a1-47b3-94f0-cee158ec4b70@group-1BFFB9D78D43->9ab6b823-6bc4-454f-9d50-ce70a440dcce-AppendLogResponseHandler: Failed appendEntries: org.apache.ratis.thirdparty.io.grpc.StatusRuntimeException: UNAVAILABLE: io exception
2019-09-26 17:05:59,398 [grpc-default-executor-5] INFO  impl.FollowerInfo (FollowerInfo.java:lambda$new$0(51)) - 4ac23ced-61a1-47b3-94f0-cee158ec4b70@group-1BFFB9D78D43->9ab6b823-6bc4-454f-9d50-ce70a440dcce: nextIndex: updateUnconditionally 0 -> 0
2019-09-26 17:05:59,507 [grpc-default-executor-1] WARN  server.GrpcLogAppender (LogUtils.java:warn(134)) - f1b12ba6-b33d-40de-bd74-c3916eeb1dd7@group-4B656B7D57A4->15273f9a-72e8-4ae0-8091-781d0ea9f1eb-AppendLogResponseHandler: Failed appendEntries: org.apache.ratis.thirdparty.io.grpc.StatusRuntimeException: UNAVAILABLE: io exception
2019-09-26 17:05:59,507 [grpc-default-executor-1] INFO  impl.FollowerInfo (FollowerInfo.java:lambda$new$0(51)) - f1b12ba6-b33d-40de-bd74-c3916eeb1dd7@group-4B656B7D57A4->15273f9a-72e8-4ae0-8091-781d0ea9f1eb: nextIndex: updateUnconditionally 0 -> 0
2019-09-26 17:05:59,898 [grpc-default-executor-5] WARN  server.GrpcLogAppender (LogUtils.java:warn(134)) - 4ac23ced-61a1-47b3-94f0-cee158ec4b70@group-1BFFB9D78D43->9ab6b823-6bc4-454f-9d50-ce70a440dcce-AppendLogResponseHandler: Failed appendEntries: org.apache.ratis.thirdparty.io.grpc.StatusRuntimeException: UNAVAILABLE: io exception
2019-09-26 17:05:59,899 [grpc-default-executor-5] INFO  impl.FollowerInfo (FollowerInfo.java:lambda$new$0(51)) - 4ac23ced-61a1-47b3-94f0-cee158ec4b70@group-1BFFB9D78D43->9ab6b823-6bc4-454f-9d50-ce70a440dcce: nextIndex: updateUnconditionally 0 -> 0
2019-09-26 17:06:00,016 [grpc-default-executor-3] WARN  server.GrpcLogAppender (LogUtils.java:warn(134)) - f1b12ba6-b33d-40de-bd74-c3916eeb1dd7@group-4B656B7D57A4->15273f9a-72e8-4ae0-8091-781d0ea9f1eb-AppendLogResponseHandler: Failed appendEntries: org.apache.ratis.thirdparty.io.grpc.StatusRuntimeException: UNAVAILABLE: io exception
2019-09-26 17:06:00,017 [grpc-default-executor-3] INFO  impl.FollowerInfo (FollowerInfo.java:lambda$new$0(51)) - f1b12ba6-b33d-40de-bd74-c3916eeb1dd7@group-4B656B7D57A4->15273f9a-72e8-4ae0-8091-781d0ea9f1eb: nextIndex: updateUnconditionally 0 -> 0
2019-09-26 17:06:00,401 [grpc-default-executor-1] WARN  server.GrpcLogAppender (LogUtils.java:warn(134)) - 4ac23ced-61a1-47b3-94f0-cee158ec4b70@group-1BFFB9D78D43->9ab6b823-6bc4-454f-9d50-ce70a440dcce-AppendLogResponseHandler: Failed appendEntries: org.apache.ratis.thirdparty.io.grpc.StatusRuntimeException: UNAVAILABLE: io exception
2019-09-26 17:06:00,401 [grpc-default-executor-1] INFO  impl.FollowerInfo (FollowerInfo.java:lambda$new$0(51)) - 4ac23ced-61a1-47b3-94f0-cee158ec4b70@group-1BFFB9D78D43->9ab6b823-6bc4-454f-9d50-ce70a440dcce: nextIndex: updateUnconditionally 0 -> 0
2019-09-26 17:06:00,522 [grpc-default-executor-1] WARN  server.GrpcLogAppender (LogUtils.java:warn(134)) - f1b12ba6-b33d-40de-bd74-c3916eeb1dd7@group-4B656B7D57A4->15273f9a-72e8-4ae0-8091-781d0ea9f1eb-AppendLogResponseHandler: Failed appendEntries: org.apache.ratis.thirdparty.io.grpc.StatusRuntimeException: UNAVAILABLE: io exception
2019-09-26 17:06:00,523 [grpc-default-executor-1] INFO  impl.FollowerInfo (FollowerInfo.java:lambda$new$0(51)) - f1b12ba6-b33d-40de-bd74-c3916eeb1dd7@group-4B656B7D57A4->15273f9a-72e8-4ae0-8091-781d0ea9f1eb: nextIndex: updateUnconditionally 0 -> 0
2019-09-26 17:06:00,900 [grpc-default-executor-1] WARN  server.GrpcLogAppender (LogUtils.java:warn(134)) - 4ac23ced-61a1-47b3-94f0-cee158ec4b70@group-1BFFB9D78D43->9ab6b823-6bc4-454f-9d50-ce70a440dcce-AppendLogResponseHandler: Failed appendEntries: org.apache.ratis.thirdparty.io.grpc.StatusRuntimeException: UNAVAILABLE: io exception
2019-09-26 17:06:00,900 [grpc-default-executor-1] INFO  impl.FollowerInfo (FollowerInfo.java:lambda$new$0(51)) - 4ac23ced-61a1-47b3-94f0-cee158ec4b70@group-1BFFB9D78D43->9ab6b823-6bc4-454f-9d50-ce70a440dcce: nextIndex: updateUnconditionally 0 -> 0
2019-09-26 17:06:01,021 [grpc-default-executor-1] WARN  server.GrpcLogAppender (LogUtils.java:warn(134)) - f1b12ba6-b33d-40de-bd74-c3916eeb1dd7@group-4B656B7D57A4->15273f9a-72e8-4ae0-8091-781d0ea9f1eb-AppendLogResponseHandler: Failed appendEntries: org.apache.ratis.thirdparty.io.grpc.StatusRuntimeException: UNAVAILABLE: io exception
2019-09-26 17:06:01,021 [grpc-default-executor-1] INFO  impl.FollowerInfo (FollowerInfo.java:lambda$new$0(51)) - f1b12ba6-b33d-40de-bd74-c3916eeb1dd7@group-4B656B7D57A4->15273f9a-72e8-4ae0-8091-781d0ea9f1eb: nextIndex: updateUnconditionally 0 -> 0
2019-09-26 17:06:01,401 [grpc-default-executor-3] WARN  server.GrpcLogAppender (LogUtils.java:warn(134)) - 4ac23ced-61a1-47b3-94f0-cee158ec4b70@group-1BFFB9D78D43->9ab6b823-6bc4-454f-9d50-ce70a440dcce-AppendLogResponseHandler: Failed appendEntries: org.apache.ratis.thirdparty.io.grpc.StatusRuntimeException: UNAVAILABLE: io exception
2019-09-26 17:06:01,402 [grpc-default-executor-3] INFO  impl.FollowerInfo (FollowerInfo.java:lambda$new$0(51)) - 4ac23ced-61a1-47b3-94f0-cee158ec4b70@group-1BFFB9D78D43->9ab6b823-6bc4-454f-9d50-ce70a440dcce: nextIndex: updateUnconditionally 0 -> 0
2019-09-26 17:06:01,520 [grpc-default-executor-5] WARN  server.GrpcLogAppender (LogUtils.java:warn(134)) - f1b12ba6-b33d-40de-bd74-c3916eeb1dd7@group-4B656B7D57A4->15273f9a-72e8-4ae0-8091-781d0ea9f1eb-AppendLogResponseHandler: Failed appendEntries: org.apache.ratis.thirdparty.io.grpc.StatusRuntimeException: UNAVAILABLE: io exception
2019-09-26 17:06:01,521 [grpc-default-executor-5] INFO  impl.FollowerInfo (FollowerInfo.java:lambda$new$0(51)) - f1b12ba6-b33d-40de-bd74-c3916eeb1dd7@group-4B656B7D57A4->15273f9a-72e8-4ae0-8091-781d0ea9f1eb: nextIndex: updateUnconditionally 0 -> 0
2019-09-26 17:06:01,902 [grpc-default-executor-3] WARN  server.GrpcLogAppender (LogUtils.java:warn(134)) - 4ac23ced-61a1-47b3-94f0-cee158ec4b70@group-1BFFB9D78D43->9ab6b823-6bc4-454f-9d50-ce70a440dcce-AppendLogResponseHandler: Failed appendEntries: org.apache.ratis.thirdparty.io.grpc.StatusRuntimeException: UNAVAILABLE: io exception
2019-09-26 17:06:01,903 [grpc-default-executor-3] INFO  impl.FollowerInfo (FollowerInfo.java:lambda$new$0(51)) - 4ac23ced-61a1-47b3-94f0-cee158ec4b70@group-1BFFB9D78D43->9ab6b823-6bc4-454f-9d50-ce70a440dcce: nextIndex: updateUnconditionally 0 -> 0
2019-09-26 17:06:02,021 [grpc-default-executor-1] WARN  server.GrpcLogAppender (LogUtils.java:warn(134)) - f1b12ba6-b33d-40de-bd74-c3916eeb1dd7@group-4B656B7D57A4->15273f9a-72e8-4ae0-8091-781d0ea9f1eb-AppendLogResponseHandler: Failed appendEntries: org.apache.ratis.thirdparty.io.grpc.StatusRuntimeException: UNAVAILABLE: io exception
2019-09-26 17:06:02,021 [grpc-default-executor-1] INFO  impl.FollowerInfo (FollowerInfo.java:lambda$new$0(51)) - f1b12ba6-b33d-40de-bd74-c3916eeb1dd7@group-4B656B7D57A4->15273f9a-72e8-4ae0-8091-781d0ea9f1eb: nextIndex: updateUnconditionally 0 -> 0
2019-09-26 17:06:02,403 [grpc-default-executor-5] WARN  server.GrpcLogAppender (LogUtils.java:warn(134)) - 4ac23ced-61a1-47b3-94f0-cee158ec4b70@group-1BFFB9D78D43->9ab6b823-6bc4-454f-9d50-ce70a440dcce-AppendLogResponseHandler: Failed appendEntries: org.apache.ratis.thirdparty.io.grpc.StatusRuntimeException: UNAVAILABLE: io exception
2019-09-26 17:06:02,403 [grpc-default-executor-5] INFO  impl.FollowerInfo (FollowerInfo.java:lambda$new$0(51)) - 4ac23ced-61a1-47b3-94f0-cee158ec4b70@group-1BFFB9D78D43->9ab6b823-6bc4-454f-9d50-ce70a440dcce: nextIndex: updateUnconditionally 0 -> 0
2019-09-26 17:06:02,522 [grpc-default-executor-3] WARN  server.GrpcLogAppender (LogUtils.java:warn(134)) - f1b12ba6-b33d-40de-bd74-c3916eeb1dd7@group-4B656B7D57A4->15273f9a-72e8-4ae0-8091-781d0ea9f1eb-AppendLogResponseHandler: Failed appendEntries: org.apache.ratis.thirdparty.io.grpc.StatusRuntimeException: UNAVAILABLE: io exception
2019-09-26 17:06:02,523 [grpc-default-executor-3] INFO  impl.FollowerInfo (FollowerInfo.java:lambda$new$0(51)) - f1b12ba6-b33d-40de-bd74-c3916eeb1dd7@group-4B656B7D57A4->15273f9a-72e8-4ae0-8091-781d0ea9f1eb: nextIndex: updateUnconditionally 0 -> 0
2019-09-26 17:06:02,905 [grpc-default-executor-3] WARN  server.GrpcLogAppender (LogUtils.java:warn(134)) - 4ac23ced-61a1-47b3-94f0-cee158ec4b70@group-1BFFB9D78D43->9ab6b823-6bc4-454f-9d50-ce70a440dcce-AppendLogResponseHandler: Failed appendEntries: org.apache.ratis.thirdparty.io.grpc.StatusRuntimeException: UNAVAILABLE: io exception
2019-09-26 17:06:02,906 [grpc-default-executor-3] INFO  impl.FollowerInfo (FollowerInfo.java:lambda$new$0(51)) - 4ac23ced-61a1-47b3-94f0-cee158ec4b70@group-1BFFB9D78D43->9ab6b823-6bc4-454f-9d50-ce70a440dcce: nextIndex: updateUnconditionally 0 -> 0
2019-09-26 17:06:03,023 [grpc-default-executor-1] WARN  server.GrpcLogAppender (LogUtils.java:warn(134)) - f1b12ba6-b33d-40de-bd74-c3916eeb1dd7@group-4B656B7D57A4->15273f9a-72e8-4ae0-8091-781d0ea9f1eb-AppendLogResponseHandler: Failed appendEntries: org.apache.ratis.thirdparty.io.grpc.StatusRuntimeException: UNAVAILABLE: io exception
2019-09-26 17:06:03,023 [grpc-default-executor-1] INFO  impl.FollowerInfo (FollowerInfo.java:lambda$new$0(51)) - f1b12ba6-b33d-40de-bd74-c3916eeb1dd7@group-4B656B7D57A4->15273f9a-72e8-4ae0-8091-781d0ea9f1eb: nextIndex: updateUnconditionally 0 -> 0
2019-09-26 17:06:03,406 [grpc-default-executor-5] WARN  server.GrpcLogAppender (LogUtils.java:warn(134)) - 4ac23ced-61a1-47b3-94f0-cee158ec4b70@group-1BFFB9D78D43->9ab6b823-6bc4-454f-9d50-ce70a440dcce-AppendLogResponseHandler: Failed appendEntries: org.apache.ratis.thirdparty.io.grpc.StatusRuntimeException: UNAVAILABLE: io exception
2019-09-26 17:06:03,406 [grpc-default-executor-5] INFO  impl.FollowerInfo (FollowerInfo.java:lambda$new$0(51)) - 4ac23ced-61a1-47b3-94f0-cee158ec4b70@group-1BFFB9D78D43->9ab6b823-6bc4-454f-9d50-ce70a440dcce: nextIndex: updateUnconditionally 0 -> 0
2019-09-26 17:06:03,518 [ForkJoinPool.commonPool-worker-0] INFO  ozoneimpl.OzoneContainer (OzoneContainer.java:stop(231)) - Attempting to stop container services.
2019-09-26 17:06:03,518 [main] INFO  ozoneimpl.OzoneContainer (OzoneContainer.java:stop(231)) - Attempting to stop container services.
2019-09-26 17:06:03,519 [ForkJoinPool.commonPool-worker-0] INFO  impl.RaftServerProxy (RaftServerProxy.java:lambda$close$4(314)) - 7c50c947-8403-4ae1-a776-e6b1b01dc2cf: close
2019-09-26 17:06:03,519 [main] INFO  impl.RaftServerProxy (RaftServerProxy.java:lambda$close$4(314)) - a85e129b-8c23-4c25-ae73-7b1aedd8229e: close
2019-09-26 17:06:03,520 [ForkJoinPool.commonPool-worker-0] INFO  impl.RaftServerImpl (RaftServerImpl.java:lambda$shutdown$3(251)) - 7c50c947-8403-4ae1-a776-e6b1b01dc2cf@group-3B42D3B84C30: shutdown
2019-09-26 17:06:03,520 [main] INFO  impl.RaftServerImpl (RaftServerImpl.java:lambda$shutdown$3(251)) - a85e129b-8c23-4c25-ae73-7b1aedd8229e@group-4B656B7D57A4: shutdown
2019-09-26 17:06:03,520 [ForkJoinPool.commonPool-worker-0] INFO  util.JmxRegister (JmxRegister.java:unregister(73)) - Successfully un-registered JMX Bean with object name Ratis:service=RaftServer,group=group-3B42D3B84C30,id=7c50c947-8403-4ae1-a776-e6b1b01dc2cf
2019-09-26 17:06:03,521 [main] INFO  util.JmxRegister (JmxRegister.java:unregister(73)) - Successfully un-registered JMX Bean with object name Ratis:service=RaftServer,group=group-4B656B7D57A4,id=a85e129b-8c23-4c25-ae73-7b1aedd8229e
2019-09-26 17:06:03,521 [ForkJoinPool.commonPool-worker-0] INFO  impl.RoleInfo (RoleInfo.java:shutdownLeaderState(104)) - 7c50c947-8403-4ae1-a776-e6b1b01dc2cf: shutdown LeaderState
2019-09-26 17:06:03,522 [main] INFO  impl.RoleInfo (RoleInfo.java:shutdownFollowerState(121)) - a85e129b-8c23-4c25-ae73-7b1aedd8229e: shutdown FollowerState
2019-09-26 17:06:03,522 [ForkJoinPool.commonPool-worker-0] INFO  impl.PendingRequests (PendingRequests.java:sendNotLeaderResponses(202)) - 7c50c947-8403-4ae1-a776-e6b1b01dc2cf-PendingRequests: sendNotLeaderResponses
2019-09-26 17:06:03,523 [Thread-1833] INFO  impl.FollowerState (FollowerState.java:run(115)) - a85e129b-8c23-4c25-ae73-7b1aedd8229e: FollowerState was interrupted: java.lang.InterruptedException: sleep interrupted
2019-09-26 17:06:03,523 [main] INFO  impl.StateMachineUpdater (StateMachineUpdater.java:stopAndJoin(125)) - a85e129b-8c23-4c25-ae73-7b1aedd8229e@group-4B656B7D57A4-StateMachineUpdater: set stopIndex = 2
2019-09-26 17:06:03,523 [ForkJoinPool.commonPool-worker-0] INFO  impl.StateMachineUpdater (StateMachineUpdater.java:stopAndJoin(125)) - 7c50c947-8403-4ae1-a776-e6b1b01dc2cf@group-3B42D3B84C30-StateMachineUpdater: set stopIndex = 0
2019-09-26 17:06:03,526 [main] INFO  impl.RaftServerImpl (ServerState.java:close(385)) - a85e129b-8c23-4c25-ae73-7b1aedd8229e@group-4B656B7D57A4: closes. applyIndex: 2
2019-09-26 17:06:03,527 [grpc-default-executor-3] WARN  server.GrpcLogAppender (LogUtils.java:warn(134)) - f1b12ba6-b33d-40de-bd74-c3916eeb1dd7@group-4B656B7D57A4->15273f9a-72e8-4ae0-8091-781d0ea9f1eb-AppendLogResponseHandler: Failed appendEntries: org.apache.ratis.thirdparty.io.grpc.StatusRuntimeException: UNAVAILABLE: io exception
2019-09-26 17:06:03,527 [ForkJoinPool.commonPool-worker-0] INFO  impl.RaftServerImpl (ServerState.java:close(385)) - 7c50c947-8403-4ae1-a776-e6b1b01dc2cf@group-3B42D3B84C30: closes. applyIndex: 0
2019-09-26 17:06:03,528 [a85e129b-8c23-4c25-ae73-7b1aedd8229e@group-4B656B7D57A4-SegmentedRaftLogWorker] INFO  segmented.SegmentedRaftLogWorker (SegmentedRaftLogWorker.java:run(313)) - a85e129b-8c23-4c25-ae73-7b1aedd8229e@group-4B656B7D57A4-SegmentedRaftLogWorker was interrupted, exiting. There are 0 tasks remaining in the queue.
2019-09-26 17:06:03,528 [grpc-default-executor-3] INFO  impl.FollowerInfo (FollowerInfo.java:lambda$new$0(51)) - f1b12ba6-b33d-40de-bd74-c3916eeb1dd7@group-4B656B7D57A4->15273f9a-72e8-4ae0-8091-781d0ea9f1eb: nextIndex: updateUnconditionally 0 -> 0
2019-09-26 17:06:03,528 [7c50c947-8403-4ae1-a776-e6b1b01dc2cf@group-3B42D3B84C30-SegmentedRaftLogWorker] INFO  segmented.SegmentedRaftLogWorker (SegmentedRaftLogWorker.java:run(313)) - 7c50c947-8403-4ae1-a776-e6b1b01dc2cf@group-3B42D3B84C30-SegmentedRaftLogWorker was interrupted, exiting. There are 0 tasks remaining in the queue.
2019-09-26 17:06:03,529 [main] INFO  segmented.SegmentedRaftLogWorker (SegmentedRaftLogWorker.java:close(228)) - a85e129b-8c23-4c25-ae73-7b1aedd8229e@group-4B656B7D57A4-SegmentedRaftLogWorker close()
2019-09-26 17:06:03,529 [ForkJoinPool.commonPool-worker-0] INFO  segmented.SegmentedRaftLogWorker (SegmentedRaftLogWorker.java:close(228)) - 7c50c947-8403-4ae1-a776-e6b1b01dc2cf@group-3B42D3B84C30-SegmentedRaftLogWorker close()
2019-09-26 17:06:03,531 [main] INFO  impl.RaftServerImpl (RaftServerImpl.java:lambda$shutdown$3(251)) - a85e129b-8c23-4c25-ae73-7b1aedd8229e@group-FDA075ABF092: shutdown
2019-09-26 17:06:03,533 [ForkJoinPool.commonPool-worker-0] INFO  impl.RaftServerImpl (RaftServerImpl.java:lambda$shutdown$3(251)) - 7c50c947-8403-4ae1-a776-e6b1b01dc2cf@group-1BFFB9D78D43: shutdown
2019-09-26 17:06:03,533 [main] INFO  util.JmxRegister (JmxRegister.java:unregister(73)) - Successfully un-registered JMX Bean with object name Ratis:service=RaftServer,group=group-FDA075ABF092,id=a85e129b-8c23-4c25-ae73-7b1aedd8229e
2019-09-26 17:06:03,534 [ForkJoinPool.commonPool-worker-0] INFO  util.JmxRegister (JmxRegister.java:unregister(73)) - Successfully un-registered JMX Bean with object name Ratis:service=RaftServer,group=group-1BFFB9D78D43,id=7c50c947-8403-4ae1-a776-e6b1b01dc2cf
2019-09-26 17:06:03,534 [main] INFO  impl.RoleInfo (RoleInfo.java:shutdownLeaderState(104)) - a85e129b-8c23-4c25-ae73-7b1aedd8229e: shutdown LeaderState
2019-09-26 17:06:03,534 [ForkJoinPool.commonPool-worker-0] INFO  impl.RoleInfo (RoleInfo.java:shutdownFollowerState(121)) - 7c50c947-8403-4ae1-a776-e6b1b01dc2cf: shutdown FollowerState
2019-09-26 17:06:03,535 [main] INFO  impl.PendingRequests (PendingRequests.java:sendNotLeaderResponses(202)) - a85e129b-8c23-4c25-ae73-7b1aedd8229e-PendingRequests: sendNotLeaderResponses
2019-09-26 17:06:03,535 [Thread-413] INFO  impl.FollowerState (FollowerState.java:run(115)) - 7c50c947-8403-4ae1-a776-e6b1b01dc2cf: FollowerState was interrupted: java.lang.InterruptedException: sleep interrupted
2019-09-26 17:06:03,535 [ForkJoinPool.commonPool-worker-0] INFO  impl.StateMachineUpdater (StateMachineUpdater.java:stopAndJoin(125)) - 7c50c947-8403-4ae1-a776-e6b1b01dc2cf@group-1BFFB9D78D43-StateMachineUpdater: set stopIndex = 0
2019-09-26 17:06:03,537 [ForkJoinPool.commonPool-worker-0] INFO  impl.RaftServerImpl (ServerState.java:close(385)) - 7c50c947-8403-4ae1-a776-e6b1b01dc2cf@group-1BFFB9D78D43: closes. applyIndex: 0
2019-09-26 17:06:03,536 [main] INFO  impl.StateMachineUpdater (StateMachineUpdater.java:stopAndJoin(125)) - a85e129b-8c23-4c25-ae73-7b1aedd8229e@group-FDA075ABF092-StateMachineUpdater: set stopIndex = 0
2019-09-26 17:06:03,538 [7c50c947-8403-4ae1-a776-e6b1b01dc2cf@group-1BFFB9D78D43-SegmentedRaftLogWorker] INFO  segmented.SegmentedRaftLogWorker (SegmentedRaftLogWorker.java:run(313)) - 7c50c947-8403-4ae1-a776-e6b1b01dc2cf@group-1BFFB9D78D43-SegmentedRaftLogWorker was interrupted, exiting. There are 0 tasks remaining in the queue.
2019-09-26 17:06:03,538 [main] INFO  impl.RaftServerImpl (ServerState.java:close(385)) - a85e129b-8c23-4c25-ae73-7b1aedd8229e@group-FDA075ABF092: closes. applyIndex: 0
2019-09-26 17:06:03,539 [a85e129b-8c23-4c25-ae73-7b1aedd8229e@group-FDA075ABF092-SegmentedRaftLogWorker] INFO  segmented.SegmentedRaftLogWorker (SegmentedRaftLogWorker.java:run(313)) - a85e129b-8c23-4c25-ae73-7b1aedd8229e@group-FDA075ABF092-SegmentedRaftLogWorker was interrupted, exiting. There are 0 tasks remaining in the queue.
2019-09-26 17:06:03,549 [main] INFO  segmented.SegmentedRaftLogWorker (SegmentedRaftLogWorker.java:close(228)) - a85e129b-8c23-4c25-ae73-7b1aedd8229e@group-FDA075ABF092-SegmentedRaftLogWorker close()
2019-09-26 17:06:03,549 [ForkJoinPool.commonPool-worker-0] INFO  segmented.SegmentedRaftLogWorker (SegmentedRaftLogWorker.java:close(228)) - 7c50c947-8403-4ae1-a776-e6b1b01dc2cf@group-1BFFB9D78D43-SegmentedRaftLogWorker close()
2019-09-26 17:06:03,551 [main] INFO  server.GrpcService (GrpcService.java:closeImpl(164)) - a85e129b-8c23-4c25-ae73-7b1aedd8229e: shutdown server with port 45424 now
2019-09-26 17:06:03,552 [ForkJoinPool.commonPool-worker-0] INFO  server.GrpcService (GrpcService.java:closeImpl(164)) - 7c50c947-8403-4ae1-a776-e6b1b01dc2cf: shutdown server with port 38824 now
2019-09-26 17:06:03,554 [grpc-default-executor-0] WARN  server.GrpcServerProtocolService (LogUtils.java:warn(134)) - a85e129b-8c23-4c25-ae73-7b1aedd8229e: installSnapshot onError, lastRequest: f1b12ba6-b33d-40de-bd74-c3916eeb1dd7->a85e129b-8c23-4c25-ae73-7b1aedd8229e#30-t5, previous=(t:5, i:2), leaderCommit=2, initializing? false, entries: <empty>: org.apache.ratis.thirdparty.io.grpc.StatusRuntimeException: CANCELLED: cancelled before receiving half close
2019-09-26 17:06:03,554 [main] INFO  server.GrpcService (GrpcService.java:closeImpl(172)) - a85e129b-8c23-4c25-ae73-7b1aedd8229e: shutdown server with port 45424 successfully
2019-09-26 17:06:03,554 [ForkJoinPool.commonPool-worker-0] INFO  server.GrpcService (GrpcService.java:closeImpl(172)) - 7c50c947-8403-4ae1-a776-e6b1b01dc2cf: shutdown server with port 38824 successfully
2019-09-26 17:06:03,554 [grpc-default-executor-1] WARN  server.GrpcServerProtocolService (LogUtils.java:warn(134)) - 7c50c947-8403-4ae1-a776-e6b1b01dc2cf: installSnapshot onError, lastRequest: 4ac23ced-61a1-47b3-94f0-cee158ec4b70->7c50c947-8403-4ae1-a776-e6b1b01dc2cf#256-t2, previous=(t:2, i:0), leaderCommit=0, initializing? false, entries: <empty>: org.apache.ratis.thirdparty.io.grpc.StatusRuntimeException: CANCELLED: cancelled before receiving half close
2019-09-26 17:06:03,556 [grpc-default-executor-5] WARN  server.GrpcLogAppender (LogUtils.java:warn(134)) - 4ac23ced-61a1-47b3-94f0-cee158ec4b70@group-1BFFB9D78D43->7c50c947-8403-4ae1-a776-e6b1b01dc2cf-AppendLogResponseHandler: Failed appendEntries: org.apache.ratis.thirdparty.io.grpc.StatusRuntimeException: CANCELLED: HTTP/2 error code: CANCEL
Received Rst Stream
2019-09-26 17:06:03,556 [grpc-default-executor-3] WARN  server.GrpcLogAppender (LogUtils.java:warn(134)) - f1b12ba6-b33d-40de-bd74-c3916eeb1dd7@group-4B656B7D57A4->a85e129b-8c23-4c25-ae73-7b1aedd8229e-AppendLogResponseHandler: Failed appendEntries: org.apache.ratis.thirdparty.io.grpc.StatusRuntimeException: CANCELLED: HTTP/2 error code: CANCEL
Received Rst Stream
2019-09-26 17:06:03,557 [grpc-default-executor-5] INFO  impl.FollowerInfo (FollowerInfo.java:lambda$new$0(51)) - 4ac23ced-61a1-47b3-94f0-cee158ec4b70@group-1BFFB9D78D43->7c50c947-8403-4ae1-a776-e6b1b01dc2cf: nextIndex: updateUnconditionally 1 -> 0
2019-09-26 17:06:03,557 [grpc-default-executor-3] INFO  impl.FollowerInfo (FollowerInfo.java:lambda$new$0(51)) - f1b12ba6-b33d-40de-bd74-c3916eeb1dd7@group-4B656B7D57A4->a85e129b-8c23-4c25-ae73-7b1aedd8229e: nextIndex: updateUnconditionally 3 -> 2
2019-09-26 17:06:03,559 [refreshUsed-/workdir/hadoop-ozone/integration-test/target/test-dir/MiniOzoneClusterImpl-d6ca620c-cb63-484f-a581-7c0900b96a5f/datanode-9/data/containers] WARN  fs.CachingGetSpaceUsed (CachingGetSpaceUsed.java:run(183)) - Thread Interrupted waiting to refresh disk information: sleep interrupted
2019-09-26 17:06:03,560 [refreshUsed-/workdir/hadoop-ozone/integration-test/target/test-dir/MiniOzoneClusterImpl-d6ca620c-cb63-484f-a581-7c0900b96a5f/datanode-0/data/containers] WARN  fs.CachingGetSpaceUsed (CachingGetSpaceUsed.java:run(183)) - Thread Interrupted waiting to refresh disk information: sleep interrupted
2019-09-26 17:06:03,582 [grpc-default-executor-5] WARN  server.GrpcLogAppender (LogUtils.java:warn(134)) - f1b12ba6-b33d-40de-bd74-c3916eeb1dd7@group-4B656B7D57A4->a85e129b-8c23-4c25-ae73-7b1aedd8229e-AppendLogResponseHandler: Failed appendEntries: org.apache.ratis.thirdparty.io.grpc.StatusRuntimeException: UNAVAILABLE: io exception
2019-09-26 17:06:03,583 [grpc-default-executor-5] INFO  impl.FollowerInfo (FollowerInfo.java:lambda$new$0(51)) - f1b12ba6-b33d-40de-bd74-c3916eeb1dd7@group-4B656B7D57A4->a85e129b-8c23-4c25-ae73-7b1aedd8229e: nextIndex: updateUnconditionally 2 -> 1
2019-09-26 17:06:03,590 [ForkJoinPool.commonPool-worker-0] INFO  utils.BackgroundService (BackgroundService.java:shutdown(148)) - Shutting down service BlockDeletingService
2019-09-26 17:06:03,595 [ForkJoinPool.commonPool-worker-0] INFO  statemachine.DatanodeStateMachine (DatanodeStateMachine.java:stopDaemon(395)) - Ozone container server stopped.
2019-09-26 17:06:03,597 [main] INFO  utils.BackgroundService (BackgroundService.java:shutdown(148)) - Shutting down service BlockDeletingService
2019-09-26 17:06:03,598 [ForkJoinPool.commonPool-worker-0] INFO  handler.ContextHandler (ContextHandler.java:doStop(910)) - Stopped o.e.j.w.WebAppContext@623dcf2a{/,null,UNAVAILABLE}{/hddsDatanode}
2019-09-26 17:06:03,602 [main] INFO  statemachine.DatanodeStateMachine (DatanodeStateMachine.java:stopDaemon(395)) - Ozone container server stopped.
2019-09-26 17:06:03,602 [ForkJoinPool.commonPool-worker-0] INFO  server.AbstractConnector (AbstractConnector.java:doStop(318)) - Stopped ServerConnector@2eae4349{HTTP/1.1,[http/1.1]}{0.0.0.0:0}
2019-09-26 17:06:03,603 [ForkJoinPool.commonPool-worker-0] INFO  handler.ContextHandler (ContextHandler.java:doStop(910)) - Stopped o.e.j.s.ServletContextHandler@9596ce8{/static,jar:file:/home/user/.m2/repository/org/apache/hadoop/hadoop-hdds-container-service/0.5.0-SNAPSHOT/hadoop-hdds-container-service-0.5.0-SNAPSHOT.jar!/webapps/static,UNAVAILABLE}
2019-09-26 17:06:03,603 [main] INFO  handler.ContextHandler (ContextHandler.java:doStop(910)) - Stopped o.e.j.w.WebAppContext@3e67f5f2{/,null,UNAVAILABLE}{/hddsDatanode}
2019-09-26 17:06:03,605 [ForkJoinPool.commonPool-worker-0] INFO  handler.ContextHandler (ContextHandler.java:doStop(910)) - Stopped o.e.j.s.ServletContextHandler@26f46fa6{/logs,file:///workdir/hadoop-ozone/integration-test/target/log,UNAVAILABLE}
2019-09-26 17:06:03,605 [main] INFO  server.AbstractConnector (AbstractConnector.java:doStop(318)) - Stopped ServerConnector@fd53053{HTTP/1.1,[http/1.1]}{0.0.0.0:0}
2019-09-26 17:06:03,606 [main] INFO  handler.ContextHandler (ContextHandler.java:doStop(910)) - Stopped o.e.j.s.ServletContextHandler@446626a7{/static,jar:file:/home/user/.m2/repository/org/apache/hadoop/hadoop-hdds-container-service/0.5.0-SNAPSHOT/hadoop-hdds-container-service-0.5.0-SNAPSHOT.jar!/webapps/static,UNAVAILABLE}
2019-09-26 17:06:03,606 [main] INFO  handler.ContextHandler (ContextHandler.java:doStop(910)) - Stopped o.e.j.s.ServletContextHandler@5d8ab698{/logs,file:///workdir/hadoop-ozone/integration-test/target/log,UNAVAILABLE}
2019-09-26 17:06:03,633 [Datanode State Machine Thread - 0] INFO  statemachine.DatanodeStateMachine (DatanodeStateMachine.java:lambda$startDaemon$0(350)) - Ozone container server started.
2019-09-26 17:06:03,907 [grpc-default-executor-1] WARN  server.GrpcLogAppender (LogUtils.java:warn(134)) - 4ac23ced-61a1-47b3-94f0-cee158ec4b70@group-1BFFB9D78D43->9ab6b823-6bc4-454f-9d50-ce70a440dcce-AppendLogResponseHandler: Failed appendEntries: org.apache.ratis.thirdparty.io.grpc.StatusRuntimeException: UNAVAILABLE: io exception
2019-09-26 17:06:03,907 [grpc-default-executor-1] INFO  impl.FollowerInfo (FollowerInfo.java:lambda$new$0(51)) - 4ac23ced-61a1-47b3-94f0-cee158ec4b70@group-1BFFB9D78D43->9ab6b823-6bc4-454f-9d50-ce70a440dcce: nextIndex: updateUnconditionally 0 -> 0
2019-09-26 17:06:03,914 [grpc-default-executor-3] WARN  server.GrpcLogAppender (LogUtils.java:warn(134)) - 4ac23ced-61a1-47b3-94f0-cee158ec4b70@group-1BFFB9D78D43->7c50c947-8403-4ae1-a776-e6b1b01dc2cf-AppendLogResponseHandler: Failed appendEntries: org.apache.ratis.thirdparty.io.grpc.StatusRuntimeException: UNAVAILABLE: io exception
2019-09-26 17:06:03,914 [grpc-default-executor-3] INFO  impl.FollowerInfo (FollowerInfo.java:lambda$new$0(51)) - 4ac23ced-61a1-47b3-94f0-cee158ec4b70@group-1BFFB9D78D43->7c50c947-8403-4ae1-a776-e6b1b01dc2cf: nextIndex: updateUnconditionally 0 -> 0
2019-09-26 17:06:04,025 [grpc-default-executor-3] WARN  server.GrpcLogAppender (LogUtils.java:warn(134)) - f1b12ba6-b33d-40de-bd74-c3916eeb1dd7@group-4B656B7D57A4->15273f9a-72e8-4ae0-8091-781d0ea9f1eb-AppendLogResponseHandler: Failed appendEntries: org.apache.ratis.thirdparty.io.grpc.StatusRuntimeException: UNAVAILABLE: io exception
2019-09-26 17:06:04,026 [grpc-default-executor-3] INFO  impl.FollowerInfo (FollowerInfo.java:lambda$new$0(51)) - f1b12ba6-b33d-40de-bd74-c3916eeb1dd7@group-4B656B7D57A4->15273f9a-72e8-4ae0-8091-781d0ea9f1eb: nextIndex: updateUnconditionally 0 -> 0
2019-09-26 17:06:04,075 [grpc-default-executor-1] WARN  server.GrpcLogAppender (LogUtils.java:warn(134)) - f1b12ba6-b33d-40de-bd74-c3916eeb1dd7@group-4B656B7D57A4->a85e129b-8c23-4c25-ae73-7b1aedd8229e-AppendLogResponseHandler: Failed appendEntries: org.apache.ratis.thirdparty.io.grpc.StatusRuntimeException: UNAVAILABLE: io exception
2019-09-26 17:06:04,075 [grpc-default-executor-1] INFO  impl.FollowerInfo (FollowerInfo.java:lambda$new$0(51)) - f1b12ba6-b33d-40de-bd74-c3916eeb1dd7@group-4B656B7D57A4->a85e129b-8c23-4c25-ae73-7b1aedd8229e: nextIndex: updateUnconditionally 1 -> 0
2019-09-26 17:06:04,372 [Datanode State Machine Thread - 0] INFO  statemachine.DatanodeStateMachine (DatanodeStateMachine.java:lambda$startDaemon$0(350)) - Ozone container server started.
2019-09-26 17:06:04,409 [grpc-default-executor-5] WARN  server.GrpcLogAppender (LogUtils.java:warn(134)) - 4ac23ced-61a1-47b3-94f0-cee158ec4b70@group-1BFFB9D78D43->9ab6b823-6bc4-454f-9d50-ce70a440dcce-AppendLogResponseHandler: Failed appendEntries: org.apache.ratis.thirdparty.io.grpc.StatusRuntimeException: UNAVAILABLE: io exception
2019-09-26 17:06:04,409 [grpc-default-executor-5] INFO  impl.FollowerInfo (FollowerInfo.java:lambda$new$0(51)) - 4ac23ced-61a1-47b3-94f0-cee158ec4b70@group-1BFFB9D78D43->9ab6b823-6bc4-454f-9d50-ce70a440dcce: nextIndex: updateUnconditionally 0 -> 0
2019-09-26 17:06:04,415 [grpc-default-executor-3] WARN  server.GrpcLogAppender (LogUtils.java:warn(134)) - 4ac23ced-61a1-47b3-94f0-cee158ec4b70@group-1BFFB9D78D43->7c50c947-8403-4ae1-a776-e6b1b01dc2cf-AppendLogResponseHandler: Failed appendEntries: org.apache.ratis.thirdparty.io.grpc.StatusRuntimeException: UNAVAILABLE: io exception
2019-09-26 17:06:04,415 [grpc-default-executor-3] INFO  impl.FollowerInfo (FollowerInfo.java:lambda$new$0(51)) - 4ac23ced-61a1-47b3-94f0-cee158ec4b70@group-1BFFB9D78D43->7c50c947-8403-4ae1-a776-e6b1b01dc2cf: nextIndex: updateUnconditionally 0 -> 0
2019-09-26 17:06:04,526 [grpc-default-executor-1] WARN  server.GrpcLogAppender (LogUtils.java:warn(134)) - f1b12ba6-b33d-40de-bd74-c3916eeb1dd7@group-4B656B7D57A4->15273f9a-72e8-4ae0-8091-781d0ea9f1eb-AppendLogResponseHandler: Failed appendEntries: org.apache.ratis.thirdparty.io.grpc.StatusRuntimeException: UNAVAILABLE: io exception
2019-09-26 17:06:04,527 [grpc-default-executor-1] INFO  impl.FollowerInfo (FollowerInfo.java:lambda$new$0(51)) - f1b12ba6-b33d-40de-bd74-c3916eeb1dd7@group-4B656B7D57A4->15273f9a-72e8-4ae0-8091-781d0ea9f1eb: nextIndex: updateUnconditionally 0 -> 0
2019-09-26 17:06:04,575 [grpc-default-executor-5] WARN  server.GrpcLogAppender (LogUtils.java:warn(134)) - f1b12ba6-b33d-40de-bd74-c3916eeb1dd7@group-4B656B7D57A4->a85e129b-8c23-4c25-ae73-7b1aedd8229e-AppendLogResponseHandler: Failed appendEntries: org.apache.ratis.thirdparty.io.grpc.StatusRuntimeException: UNAVAILABLE: io exception
2019-09-26 17:06:04,575 [grpc-default-executor-5] INFO  impl.FollowerInfo (FollowerInfo.java:lambda$new$0(51)) - f1b12ba6-b33d-40de-bd74-c3916eeb1dd7@group-4B656B7D57A4->a85e129b-8c23-4c25-ae73-7b1aedd8229e: nextIndex: updateUnconditionally 0 -> 0
2019-09-26 17:06:04,909 [grpc-default-executor-5] WARN  server.GrpcLogAppender (LogUtils.java:warn(134)) - 4ac23ced-61a1-47b3-94f0-cee158ec4b70@group-1BFFB9D78D43->9ab6b823-6bc4-454f-9d50-ce70a440dcce-AppendLogResponseHandler: Failed appendEntries: org.apache.ratis.thirdparty.io.grpc.StatusRuntimeException: UNAVAILABLE: io exception
2019-09-26 17:06:04,909 [grpc-default-executor-5] INFO  impl.FollowerInfo (FollowerInfo.java:lambda$new$0(51)) - 4ac23ced-61a1-47b3-94f0-cee158ec4b70@group-1BFFB9D78D43->9ab6b823-6bc4-454f-9d50-ce70a440dcce: nextIndex: updateUnconditionally 0 -> 0
2019-09-26 17:06:04,914 [grpc-default-executor-3] WARN  server.GrpcLogAppender (LogUtils.java:warn(134)) - 4ac23ced-61a1-47b3-94f0-cee158ec4b70@group-1BFFB9D78D43->7c50c947-8403-4ae1-a776-e6b1b01dc2cf-AppendLogResponseHandler: Failed appendEntries: org.apache.ratis.thirdparty.io.grpc.StatusRuntimeException: UNAVAILABLE: io exception
2019-09-26 17:06:04,915 [grpc-default-executor-3] INFO  impl.FollowerInfo (FollowerInfo.java:lambda$new$0(51)) - 4ac23ced-61a1-47b3-94f0-cee158ec4b70@group-1BFFB9D78D43->7c50c947-8403-4ae1-a776-e6b1b01dc2cf: nextIndex: updateUnconditionally 0 -> 0
2019-09-26 17:06:05,028 [grpc-default-executor-1] WARN  server.GrpcLogAppender (LogUtils.java:warn(134)) - f1b12ba6-b33d-40de-bd74-c3916eeb1dd7@group-4B656B7D57A4->15273f9a-72e8-4ae0-8091-781d0ea9f1eb-AppendLogResponseHandler: Failed appendEntries: org.apache.ratis.thirdparty.io.grpc.StatusRuntimeException: UNAVAILABLE: io exception
2019-09-26 17:06:05,028 [grpc-default-executor-1] INFO  impl.FollowerInfo (FollowerInfo.java:lambda$new$0(51)) - f1b12ba6-b33d-40de-bd74-c3916eeb1dd7@group-4B656B7D57A4->15273f9a-72e8-4ae0-8091-781d0ea9f1eb: nextIndex: updateUnconditionally 0 -> 0
2019-09-26 17:06:05,078 [grpc-default-executor-5] WARN  server.GrpcLogAppender (LogUtils.java:warn(134)) - f1b12ba6-b33d-40de-bd74-c3916eeb1dd7@group-4B656B7D57A4->a85e129b-8c23-4c25-ae73-7b1aedd8229e-AppendLogResponseHandler: Failed appendEntries: org.apache.ratis.thirdparty.io.grpc.StatusRuntimeException: UNAVAILABLE: io exception
2019-09-26 17:06:05,079 [grpc-default-executor-5] INFO  impl.FollowerInfo (FollowerInfo.java:lambda$new$0(51)) - f1b12ba6-b33d-40de-bd74-c3916eeb1dd7@group-4B656B7D57A4->a85e129b-8c23-4c25-ae73-7b1aedd8229e: nextIndex: updateUnconditionally 0 -> 0
2019-09-26 17:06:05,411 [grpc-default-executor-3] WARN  server.GrpcLogAppender (LogUtils.java:warn(134)) - 4ac23ced-61a1-47b3-94f0-cee158ec4b70@group-1BFFB9D78D43->9ab6b823-6bc4-454f-9d50-ce70a440dcce-AppendLogResponseHandler: Failed appendEntries: org.apache.ratis.thirdparty.io.grpc.StatusRuntimeException: UNAVAILABLE: io exception
2019-09-26 17:06:05,411 [grpc-default-executor-3] INFO  impl.FollowerInfo (FollowerInfo.java:lambda$new$0(51)) - 4ac23ced-61a1-47b3-94f0-cee158ec4b70@group-1BFFB9D78D43->9ab6b823-6bc4-454f-9d50-ce70a440dcce: nextIndex: updateUnconditionally 0 -> 0
2019-09-26 17:06:05,416 [grpc-default-executor-1] WARN  server.GrpcLogAppender (LogUtils.java:warn(134)) - 4ac23ced-61a1-47b3-94f0-cee158ec4b70@group-1BFFB9D78D43->7c50c947-8403-4ae1-a776-e6b1b01dc2cf-AppendLogResponseHandler: Failed appendEntries: org.apache.ratis.thirdparty.io.grpc.StatusRuntimeException: UNAVAILABLE: io exception
2019-09-26 17:06:05,417 [grpc-default-executor-1] INFO  impl.FollowerInfo (FollowerInfo.java:lambda$new$0(51)) - 4ac23ced-61a1-47b3-94f0-cee158ec4b70@group-1BFFB9D78D43->7c50c947-8403-4ae1-a776-e6b1b01dc2cf: nextIndex: updateUnconditionally 0 -> 0
2019-09-26 17:06:05,528 [grpc-default-executor-1] WARN  server.GrpcLogAppender (LogUtils.java:warn(134)) - f1b12ba6-b33d-40de-bd74-c3916eeb1dd7@group-4B656B7D57A4->15273f9a-72e8-4ae0-8091-781d0ea9f1eb-AppendLogResponseHandler: Failed appendEntries: org.apache.ratis.thirdparty.io.grpc.StatusRuntimeException: UNAVAILABLE: io exception
2019-09-26 17:06:05,528 [grpc-default-executor-1] INFO  impl.FollowerInfo (FollowerInfo.java:lambda$new$0(51)) - f1b12ba6-b33d-40de-bd74-c3916eeb1dd7@group-4B656B7D57A4->15273f9a-72e8-4ae0-8091-781d0ea9f1eb: nextIndex: updateUnconditionally 0 -> 0
2019-09-26 17:06:05,577 [grpc-default-executor-1] WARN  server.GrpcLogAppender (LogUtils.java:warn(134)) - f1b12ba6-b33d-40de-bd74-c3916eeb1dd7@group-4B656B7D57A4->a85e129b-8c23-4c25-ae73-7b1aedd8229e-AppendLogResponseHandler: Failed appendEntries: org.apache.ratis.thirdparty.io.grpc.StatusRuntimeException: UNAVAILABLE: io exception
2019-09-26 17:06:05,578 [grpc-default-executor-1] INFO  impl.FollowerInfo (FollowerInfo.java:lambda$new$0(51)) - f1b12ba6-b33d-40de-bd74-c3916eeb1dd7@group-4B656B7D57A4->a85e129b-8c23-4c25-ae73-7b1aedd8229e: nextIndex: updateUnconditionally 0 -> 0
2019-09-26 17:06:05,912 [grpc-default-executor-1] WARN  server.GrpcLogAppender (LogUtils.java:warn(134)) - 4ac23ced-61a1-47b3-94f0-cee158ec4b70@group-1BFFB9D78D43->9ab6b823-6bc4-454f-9d50-ce70a440dcce-AppendLogResponseHandler: Failed appendEntries: org.apache.ratis.thirdparty.io.grpc.StatusRuntimeException: UNAVAILABLE: io exception
2019-09-26 17:06:05,913 [grpc-default-executor-1] INFO  impl.FollowerInfo (FollowerInfo.java:lambda$new$0(51)) - 4ac23ced-61a1-47b3-94f0-cee158ec4b70@group-1BFFB9D78D43->9ab6b823-6bc4-454f-9d50-ce70a440dcce: nextIndex: updateUnconditionally 0 -> 0
2019-09-26 17:06:05,916 [grpc-default-executor-5] WARN  server.GrpcLogAppender (LogUtils.java:warn(134)) - 4ac23ced-61a1-47b3-94f0-cee158ec4b70@group-1BFFB9D78D43->7c50c947-8403-4ae1-a776-e6b1b01dc2cf-AppendLogResponseHandler: Failed appendEntries: org.apache.ratis.thirdparty.io.grpc.StatusRuntimeException: UNAVAILABLE: io exception
2019-09-26 17:06:05,917 [grpc-default-executor-5] INFO  impl.FollowerInfo (FollowerInfo.java:lambda$new$0(51)) - 4ac23ced-61a1-47b3-94f0-cee158ec4b70@group-1BFFB9D78D43->7c50c947-8403-4ae1-a776-e6b1b01dc2cf: nextIndex: updateUnconditionally 0 -> 0
2019-09-26 17:06:06,029 [grpc-default-executor-1] WARN  server.GrpcLogAppender (LogUtils.java:warn(134)) - f1b12ba6-b33d-40de-bd74-c3916eeb1dd7@group-4B656B7D57A4->15273f9a-72e8-4ae0-8091-781d0ea9f1eb-AppendLogResponseHandler: Failed appendEntries: org.apache.ratis.thirdparty.io.grpc.StatusRuntimeException: UNAVAILABLE: io exception
2019-09-26 17:06:06,030 [grpc-default-executor-1] INFO  impl.FollowerInfo (FollowerInfo.java:lambda$new$0(51)) - f1b12ba6-b33d-40de-bd74-c3916eeb1dd7@group-4B656B7D57A4->15273f9a-72e8-4ae0-8091-781d0ea9f1eb: nextIndex: updateUnconditionally 0 -> 0
2019-09-26 17:06:06,078 [grpc-default-executor-3] WARN  server.GrpcLogAppender (LogUtils.java:warn(134)) - f1b12ba6-b33d-40de-bd74-c3916eeb1dd7@group-4B656B7D57A4->a85e129b-8c23-4c25-ae73-7b1aedd8229e-AppendLogResponseHandler: Failed appendEntries: org.apache.ratis.thirdparty.io.grpc.StatusRuntimeException: UNAVAILABLE: io exception
2019-09-26 17:06:06,079 [grpc-default-executor-3] INFO  impl.FollowerInfo (FollowerInfo.java:lambda$new$0(51)) - f1b12ba6-b33d-40de-bd74-c3916eeb1dd7@group-4B656B7D57A4->a85e129b-8c23-4c25-ae73-7b1aedd8229e: nextIndex: updateUnconditionally 0 -> 0
2019-09-26 17:06:06,413 [grpc-default-executor-5] WARN  server.GrpcLogAppender (LogUtils.java:warn(134)) - 4ac23ced-61a1-47b3-94f0-cee158ec4b70@group-1BFFB9D78D43->9ab6b823-6bc4-454f-9d50-ce70a440dcce-AppendLogResponseHandler: Failed appendEntries: org.apache.ratis.thirdparty.io.grpc.StatusRuntimeException: UNAVAILABLE: io exception
2019-09-26 17:06:06,414 [grpc-default-executor-5] INFO  impl.FollowerInfo (FollowerInfo.java:lambda$new$0(51)) - 4ac23ced-61a1-47b3-94f0-cee158ec4b70@group-1BFFB9D78D43->9ab6b823-6bc4-454f-9d50-ce70a440dcce: nextIndex: updateUnconditionally 0 -> 0
2019-09-26 17:06:06,417 [grpc-default-executor-3] WARN  server.GrpcLogAppender (LogUtils.java:warn(134)) - 4ac23ced-61a1-47b3-94f0-cee158ec4b70@group-1BFFB9D78D43->7c50c947-8403-4ae1-a776-e6b1b01dc2cf-AppendLogResponseHandler: Failed appendEntries: org.apache.ratis.thirdparty.io.grpc.StatusRuntimeException: UNAVAILABLE: io exception
2019-09-26 17:06:06,418 [grpc-default-executor-3] INFO  impl.FollowerInfo (FollowerInfo.java:lambda$new$0(51)) - 4ac23ced-61a1-47b3-94f0-cee158ec4b70@group-1BFFB9D78D43->7c50c947-8403-4ae1-a776-e6b1b01dc2cf: nextIndex: updateUnconditionally 0 -> 0
2019-09-26 17:06:06,536 [grpc-default-executor-1] WARN  server.GrpcLogAppender (LogUtils.java:warn(134)) - f1b12ba6-b33d-40de-bd74-c3916eeb1dd7@group-4B656B7D57A4->15273f9a-72e8-4ae0-8091-781d0ea9f1eb-AppendLogResponseHandler: Failed appendEntries: org.apache.ratis.thirdparty.io.grpc.StatusRuntimeException: UNAVAILABLE: io exception
2019-09-26 17:06:06,537 [grpc-default-executor-1] INFO  impl.FollowerInfo (FollowerInfo.java:lambda$new$0(51)) - f1b12ba6-b33d-40de-bd74-c3916eeb1dd7@group-4B656B7D57A4->15273f9a-72e8-4ae0-8091-781d0ea9f1eb: nextIndex: updateUnconditionally 0 -> 0
2019-09-26 17:06:06,579 [grpc-default-executor-3] WARN  server.GrpcLogAppender (LogUtils.java:warn(134)) - f1b12ba6-b33d-40de-bd74-c3916eeb1dd7@group-4B656B7D57A4->a85e129b-8c23-4c25-ae73-7b1aedd8229e-AppendLogResponseHandler: Failed appendEntries: org.apache.ratis.thirdparty.io.grpc.StatusRuntimeException: UNAVAILABLE: io exception
2019-09-26 17:06:06,579 [grpc-default-executor-3] INFO  impl.FollowerInfo (FollowerInfo.java:lambda$new$0(51)) - f1b12ba6-b33d-40de-bd74-c3916eeb1dd7@group-4B656B7D57A4->a85e129b-8c23-4c25-ae73-7b1aedd8229e: nextIndex: updateUnconditionally 0 -> 0
2019-09-26 17:06:06,914 [grpc-default-executor-5] WARN  server.GrpcLogAppender (LogUtils.java:warn(134)) - 4ac23ced-61a1-47b3-94f0-cee158ec4b70@group-1BFFB9D78D43->9ab6b823-6bc4-454f-9d50-ce70a440dcce-AppendLogResponseHandler: Failed appendEntries: org.apache.ratis.thirdparty.io.grpc.StatusRuntimeException: UNAVAILABLE: io exception
2019-09-26 17:06:06,915 [grpc-default-executor-5] INFO  impl.FollowerInfo (FollowerInfo.java:lambda$new$0(51)) - 4ac23ced-61a1-47b3-94f0-cee158ec4b70@group-1BFFB9D78D43->9ab6b823-6bc4-454f-9d50-ce70a440dcce: nextIndex: updateUnconditionally 0 -> 0
2019-09-26 17:06:06,918 [grpc-default-executor-3] WARN  server.GrpcLogAppender (LogUtils.java:warn(134)) - 4ac23ced-61a1-47b3-94f0-cee158ec4b70@group-1BFFB9D78D43->7c50c947-8403-4ae1-a776-e6b1b01dc2cf-AppendLogResponseHandler: Failed appendEntries: org.apache.ratis.thirdparty.io.grpc.StatusRuntimeException: UNAVAILABLE: io exception
2019-09-26 17:06:06,918 [grpc-default-executor-3] INFO  impl.FollowerInfo (FollowerInfo.java:lambda$new$0(51)) - 4ac23ced-61a1-47b3-94f0-cee158ec4b70@group-1BFFB9D78D43->7c50c947-8403-4ae1-a776-e6b1b01dc2cf: nextIndex: updateUnconditionally 0 -> 0
2019-09-26 17:06:07,036 [grpc-default-executor-1] WARN  server.GrpcLogAppender (LogUtils.java:warn(134)) - f1b12ba6-b33d-40de-bd74-c3916eeb1dd7@group-4B656B7D57A4->15273f9a-72e8-4ae0-8091-781d0ea9f1eb-AppendLogResponseHandler: Failed appendEntries: org.apache.ratis.thirdparty.io.grpc.StatusRuntimeException: UNAVAILABLE: io exception
2019-09-26 17:06:07,036 [grpc-default-executor-1] INFO  impl.FollowerInfo (FollowerInfo.java:lambda$new$0(51)) - f1b12ba6-b33d-40de-bd74-c3916eeb1dd7@group-4B656B7D57A4->15273f9a-72e8-4ae0-8091-781d0ea9f1eb: nextIndex: updateUnconditionally 0 -> 0
2019-09-26 17:06:07,080 [grpc-default-executor-5] WARN  server.GrpcLogAppender (LogUtils.java:warn(134)) - f1b12ba6-b33d-40de-bd74-c3916eeb1dd7@group-4B656B7D57A4->a85e129b-8c23-4c25-ae73-7b1aedd8229e-AppendLogResponseHandler: Failed appendEntries: org.apache.ratis.thirdparty.io.grpc.StatusRuntimeException: UNAVAILABLE: io exception
2019-09-26 17:06:07,080 [grpc-default-executor-5] INFO  impl.FollowerInfo (FollowerInfo.java:lambda$new$0(51)) - f1b12ba6-b33d-40de-bd74-c3916eeb1dd7@group-4B656B7D57A4->a85e129b-8c23-4c25-ae73-7b1aedd8229e: nextIndex: updateUnconditionally 0 -> 0
2019-09-26 17:06:07,416 [grpc-default-executor-5] WARN  server.GrpcLogAppender (LogUtils.java:warn(134)) - 4ac23ced-61a1-47b3-94f0-cee158ec4b70@group-1BFFB9D78D43->9ab6b823-6bc4-454f-9d50-ce70a440dcce-AppendLogResponseHandler: Failed appendEntries: org.apache.ratis.thirdparty.io.grpc.StatusRuntimeException: UNAVAILABLE: io exception
2019-09-26 17:06:07,416 [grpc-default-executor-5] INFO  impl.FollowerInfo (FollowerInfo.java:lambda$new$0(51)) - 4ac23ced-61a1-47b3-94f0-cee158ec4b70@group-1BFFB9D78D43->9ab6b823-6bc4-454f-9d50-ce70a440dcce: nextIndex: updateUnconditionally 0 -> 0
2019-09-26 17:06:07,419 [grpc-default-executor-3] WARN  server.GrpcLogAppender (LogUtils.java:warn(134)) - 4ac23ced-61a1-47b3-94f0-cee158ec4b70@group-1BFFB9D78D43->7c50c947-8403-4ae1-a776-e6b1b01dc2cf-AppendLogResponseHandler: Failed appendEntries: org.apache.ratis.thirdparty.io.grpc.StatusRuntimeException: UNAVAILABLE: io exception
2019-09-26 17:06:07,419 [grpc-default-executor-3] INFO  impl.FollowerInfo (FollowerInfo.java:lambda$new$0(51)) - 4ac23ced-61a1-47b3-94f0-cee158ec4b70@group-1BFFB9D78D43->7c50c947-8403-4ae1-a776-e6b1b01dc2cf: nextIndex: updateUnconditionally 0 -> 0
2019-09-26 17:06:07,537 [grpc-default-executor-1] WARN  server.GrpcLogAppender (LogUtils.java:warn(134)) - f1b12ba6-b33d-40de-bd74-c3916eeb1dd7@group-4B656B7D57A4->15273f9a-72e8-4ae0-8091-781d0ea9f1eb-AppendLogResponseHandler: Failed appendEntries: org.apache.ratis.thirdparty.io.grpc.StatusRuntimeException: UNAVAILABLE: io exception
2019-09-26 17:06:07,537 [grpc-default-executor-1] INFO  impl.FollowerInfo (FollowerInfo.java:lambda$new$0(51)) - f1b12ba6-b33d-40de-bd74-c3916eeb1dd7@group-4B656B7D57A4->15273f9a-72e8-4ae0-8091-781d0ea9f1eb: nextIndex: updateUnconditionally 0 -> 0
2019-09-26 17:06:07,580 [grpc-default-executor-1] WARN  server.GrpcLogAppender (LogUtils.java:warn(134)) - f1b12ba6-b33d-40de-bd74-c3916eeb1dd7@group-4B656B7D57A4->a85e129b-8c23-4c25-ae73-7b1aedd8229e-AppendLogResponseHandler: Failed appendEntries: org.apache.ratis.thirdparty.io.grpc.StatusRuntimeException: UNAVAILABLE: io exception
2019-09-26 17:06:07,581 [grpc-default-executor-1] INFO  impl.FollowerInfo (FollowerInfo.java:lambda$new$0(51)) - f1b12ba6-b33d-40de-bd74-c3916eeb1dd7@group-4B656B7D57A4->a85e129b-8c23-4c25-ae73-7b1aedd8229e: nextIndex: updateUnconditionally 0 -> 0
2019-09-26 17:06:07,916 [grpc-default-executor-5] WARN  server.GrpcLogAppender (LogUtils.java:warn(134)) - 4ac23ced-61a1-47b3-94f0-cee158ec4b70@group-1BFFB9D78D43->9ab6b823-6bc4-454f-9d50-ce70a440dcce-AppendLogResponseHandler: Failed appendEntries: org.apache.ratis.thirdparty.io.grpc.StatusRuntimeException: UNAVAILABLE: io exception
2019-09-26 17:06:07,917 [grpc-default-executor-5] INFO  impl.FollowerInfo (FollowerInfo.java:lambda$new$0(51)) - 4ac23ced-61a1-47b3-94f0-cee158ec4b70@group-1BFFB9D78D43->9ab6b823-6bc4-454f-9d50-ce70a440dcce: nextIndex: updateUnconditionally 0 -> 0
2019-09-26 17:06:07,919 [grpc-default-executor-3] WARN  server.GrpcLogAppender (LogUtils.java:warn(134)) - 4ac23ced-61a1-47b3-94f0-cee158ec4b70@group-1BFFB9D78D43->7c50c947-8403-4ae1-a776-e6b1b01dc2cf-AppendLogResponseHandler: Failed appendEntries: org.apache.ratis.thirdparty.io.grpc.StatusRuntimeException: UNAVAILABLE: io exception
2019-09-26 17:06:07,920 [grpc-default-executor-3] INFO  impl.FollowerInfo (FollowerInfo.java:lambda$new$0(51)) - 4ac23ced-61a1-47b3-94f0-cee158ec4b70@group-1BFFB9D78D43->7c50c947-8403-4ae1-a776-e6b1b01dc2cf: nextIndex: updateUnconditionally 0 -> 0
2019-09-26 17:06:08,038 [grpc-default-executor-1] WARN  server.GrpcLogAppender (LogUtils.java:warn(134)) - f1b12ba6-b33d-40de-bd74-c3916eeb1dd7@group-4B656B7D57A4->15273f9a-72e8-4ae0-8091-781d0ea9f1eb-AppendLogResponseHandler: Failed appendEntries: org.apache.ratis.thirdparty.io.grpc.StatusRuntimeException: UNAVAILABLE: io exception
2019-09-26 17:06:08,038 [grpc-default-executor-1] INFO  impl.FollowerInfo (FollowerInfo.java:lambda$new$0(51)) - f1b12ba6-b33d-40de-bd74-c3916eeb1dd7@group-4B656B7D57A4->15273f9a-72e8-4ae0-8091-781d0ea9f1eb: nextIndex: updateUnconditionally 0 -> 0
2019-09-26 17:06:08,081 [grpc-default-executor-5] WARN  server.GrpcLogAppender (LogUtils.java:warn(134)) - f1b12ba6-b33d-40de-bd74-c3916eeb1dd7@group-4B656B7D57A4->a85e129b-8c23-4c25-ae73-7b1aedd8229e-AppendLogResponseHandler: Failed appendEntries: org.apache.ratis.thirdparty.io.grpc.StatusRuntimeException: UNAVAILABLE: io exception
2019-09-26 17:06:08,081 [grpc-default-executor-5] INFO  impl.FollowerInfo (FollowerInfo.java:lambda$new$0(51)) - f1b12ba6-b33d-40de-bd74-c3916eeb1dd7@group-4B656B7D57A4->a85e129b-8c23-4c25-ae73-7b1aedd8229e: nextIndex: updateUnconditionally 0 -> 0
2019-09-26 17:06:08,417 [grpc-default-executor-3] WARN  server.GrpcLogAppender (LogUtils.java:warn(134)) - 4ac23ced-61a1-47b3-94f0-cee158ec4b70@group-1BFFB9D78D43->9ab6b823-6bc4-454f-9d50-ce70a440dcce-AppendLogResponseHandler: Failed appendEntries: org.apache.ratis.thirdparty.io.grpc.StatusRuntimeException: UNAVAILABLE: io exception
2019-09-26 17:06:08,417 [grpc-default-executor-3] INFO  impl.FollowerInfo (FollowerInfo.java:lambda$new$0(51)) - 4ac23ced-61a1-47b3-94f0-cee158ec4b70@group-1BFFB9D78D43->9ab6b823-6bc4-454f-9d50-ce70a440dcce: nextIndex: updateUnconditionally 0 -> 0
2019-09-26 17:06:08,420 [grpc-default-executor-1] WARN  server.GrpcLogAppender (LogUtils.java:warn(134)) - 4ac23ced-61a1-47b3-94f0-cee158ec4b70@group-1BFFB9D78D43->7c50c947-8403-4ae1-a776-e6b1b01dc2cf-AppendLogResponseHandler: Failed appendEntries: org.apache.ratis.thirdparty.io.grpc.StatusRuntimeException: UNAVAILABLE: io exception
2019-09-26 17:06:08,420 [grpc-default-executor-1] INFO  impl.FollowerInfo (FollowerInfo.java:lambda$new$0(51)) - 4ac23ced-61a1-47b3-94f0-cee158ec4b70@group-1BFFB9D78D43->7c50c947-8403-4ae1-a776-e6b1b01dc2cf: nextIndex: updateUnconditionally 0 -> 0
2019-09-26 17:06:08,539 [grpc-default-executor-5] WARN  server.GrpcLogAppender (LogUtils.java:warn(134)) - f1b12ba6-b33d-40de-bd74-c3916eeb1dd7@group-4B656B7D57A4->15273f9a-72e8-4ae0-8091-781d0ea9f1eb-AppendLogResponseHandler: Failed appendEntries: org.apache.ratis.thirdparty.io.grpc.StatusRuntimeException: UNAVAILABLE: io exception
2019-09-26 17:06:08,539 [grpc-default-executor-5] INFO  impl.FollowerInfo (FollowerInfo.java:lambda$new$0(51)) - f1b12ba6-b33d-40de-bd74-c3916eeb1dd7@group-4B656B7D57A4->15273f9a-72e8-4ae0-8091-781d0ea9f1eb: nextIndex: updateUnconditionally 0 -> 0
2019-09-26 17:06:08,582 [grpc-default-executor-3] WARN  server.GrpcLogAppender (LogUtils.java:warn(134)) - f1b12ba6-b33d-40de-bd74-c3916eeb1dd7@group-4B656B7D57A4->a85e129b-8c23-4c25-ae73-7b1aedd8229e-AppendLogResponseHandler: Failed appendEntries: org.apache.ratis.thirdparty.io.grpc.StatusRuntimeException: UNAVAILABLE: io exception
2019-09-26 17:06:08,583 [grpc-default-executor-3] INFO  impl.FollowerInfo (FollowerInfo.java:lambda$new$0(51)) - f1b12ba6-b33d-40de-bd74-c3916eeb1dd7@group-4B656B7D57A4->a85e129b-8c23-4c25-ae73-7b1aedd8229e: nextIndex: updateUnconditionally 0 -> 0
2019-09-26 17:06:08,608 [ForkJoinPool.commonPool-worker-0] INFO  ozoneimpl.OzoneContainer (OzoneContainer.java:stop(231)) - Attempting to stop container services.
2019-09-26 17:06:08,608 [main] INFO  ozoneimpl.OzoneContainer (OzoneContainer.java:stop(231)) - Attempting to stop container services.
2019-09-26 17:06:08,609 [ForkJoinPool.commonPool-worker-0] INFO  impl.RaftServerProxy (RaftServerProxy.java:lambda$close$4(314)) - f1b12ba6-b33d-40de-bd74-c3916eeb1dd7: close
2019-09-26 17:06:08,610 [main] INFO  impl.RaftServerProxy (RaftServerProxy.java:lambda$close$4(314)) - 4ac23ced-61a1-47b3-94f0-cee158ec4b70: close
2019-09-26 17:06:08,610 [ForkJoinPool.commonPool-worker-0] INFO  impl.RaftServerImpl (RaftServerImpl.java:lambda$shutdown$3(251)) - f1b12ba6-b33d-40de-bd74-c3916eeb1dd7@group-4B656B7D57A4: shutdown
2019-09-26 17:06:08,610 [main] INFO  impl.RaftServerImpl (RaftServerImpl.java:lambda$shutdown$3(251)) - 4ac23ced-61a1-47b3-94f0-cee158ec4b70@group-1BFFB9D78D43: shutdown
2019-09-26 17:06:08,611 [ForkJoinPool.commonPool-worker-0] INFO  util.JmxRegister (JmxRegister.java:unregister(73)) - Successfully un-registered JMX Bean with object name Ratis:service=RaftServer,group=group-4B656B7D57A4,id=f1b12ba6-b33d-40de-bd74-c3916eeb1dd7
2019-09-26 17:06:08,611 [main] INFO  util.JmxRegister (JmxRegister.java:unregister(73)) - Successfully un-registered JMX Bean with object name Ratis:service=RaftServer,group=group-1BFFB9D78D43,id=4ac23ced-61a1-47b3-94f0-cee158ec4b70
2019-09-26 17:06:08,612 [main] INFO  impl.RoleInfo (RoleInfo.java:shutdownLeaderState(104)) - 4ac23ced-61a1-47b3-94f0-cee158ec4b70: shutdown LeaderState
2019-09-26 17:06:08,611 [ForkJoinPool.commonPool-worker-0] INFO  impl.RoleInfo (RoleInfo.java:shutdownLeaderState(104)) - f1b12ba6-b33d-40de-bd74-c3916eeb1dd7: shutdown LeaderState
2019-09-26 17:06:08,616 [org.apache.ratis.server.impl.LogAppender$AppenderDaemon$$Lambda$399/1884970949@4b536f33] WARN  server.GrpcLogAppender (GrpcLogAppender.java:mayWait(143)) - 4ac23ced-61a1-47b3-94f0-cee158ec4b70@group-1BFFB9D78D43->9ab6b823-6bc4-454f-9d50-ce70a440dcce-GrpcLogAppender: Wait interrupted by java.lang.InterruptedException
2019-09-26 17:06:08,619 [org.apache.ratis.server.impl.LogAppender$AppenderDaemon$$Lambda$399/1884970949@1c372aa1] WARN  server.GrpcLogAppender (GrpcLogAppender.java:mayWait(143)) - f1b12ba6-b33d-40de-bd74-c3916eeb1dd7@group-4B656B7D57A4->15273f9a-72e8-4ae0-8091-781d0ea9f1eb-GrpcLogAppender: Wait interrupted by java.lang.InterruptedException
2019-09-26 17:06:08,616 [main] INFO  impl.PendingRequests (PendingRequests.java:sendNotLeaderResponses(202)) - 4ac23ced-61a1-47b3-94f0-cee158ec4b70-PendingRequests: sendNotLeaderResponses
2019-09-26 17:06:08,616 [org.apache.ratis.server.impl.LogAppender$AppenderDaemon$$Lambda$399/1884970949@36df347] WARN  server.GrpcLogAppender (GrpcLogAppender.java:mayWait(143)) - 4ac23ced-61a1-47b3-94f0-cee158ec4b70@group-1BFFB9D78D43->7c50c947-8403-4ae1-a776-e6b1b01dc2cf-GrpcLogAppender: Wait interrupted by java.lang.InterruptedException
2019-09-26 17:06:08,619 [org.apache.ratis.server.impl.LogAppender$AppenderDaemon$$Lambda$399/1884970949@71f6344d] WARN  server.GrpcLogAppender (GrpcLogAppender.java:mayWait(143)) - f1b12ba6-b33d-40de-bd74-c3916eeb1dd7@group-4B656B7D57A4->a85e129b-8c23-4c25-ae73-7b1aedd8229e-GrpcLogAppender: Wait interrupted by java.lang.InterruptedException
2019-09-26 17:06:08,619 [ForkJoinPool.commonPool-worker-0] INFO  impl.PendingRequests (PendingRequests.java:sendNotLeaderResponses(202)) - f1b12ba6-b33d-40de-bd74-c3916eeb1dd7-PendingRequests: sendNotLeaderResponses
2019-09-26 17:06:08,625 [main] INFO  impl.StateMachineUpdater (StateMachineUpdater.java:stopAndJoin(125)) - 4ac23ced-61a1-47b3-94f0-cee158ec4b70@group-1BFFB9D78D43-StateMachineUpdater: set stopIndex = 0
2019-09-26 17:06:08,626 [ForkJoinPool.commonPool-worker-0] INFO  impl.StateMachineUpdater (StateMachineUpdater.java:stopAndJoin(125)) - f1b12ba6-b33d-40de-bd74-c3916eeb1dd7@group-4B656B7D57A4-StateMachineUpdater: set stopIndex = 2
2019-09-26 17:06:08,627 [main] INFO  impl.RaftServerImpl (ServerState.java:close(385)) - 4ac23ced-61a1-47b3-94f0-cee158ec4b70@group-1BFFB9D78D43: closes. applyIndex: 0
2019-09-26 17:06:08,627 [ForkJoinPool.commonPool-worker-0] INFO  impl.RaftServerImpl (ServerState.java:close(385)) - f1b12ba6-b33d-40de-bd74-c3916eeb1dd7@group-4B656B7D57A4: closes. applyIndex: 2
2019-09-26 17:06:08,628 [4ac23ced-61a1-47b3-94f0-cee158ec4b70@group-1BFFB9D78D43-SegmentedRaftLogWorker] INFO  segmented.SegmentedRaftLogWorker (SegmentedRaftLogWorker.java:run(313)) - 4ac23ced-61a1-47b3-94f0-cee158ec4b70@group-1BFFB9D78D43-SegmentedRaftLogWorker was interrupted, exiting. There are 0 tasks remaining in the queue.
2019-09-26 17:06:08,628 [f1b12ba6-b33d-40de-bd74-c3916eeb1dd7@group-4B656B7D57A4-SegmentedRaftLogWorker] INFO  segmented.SegmentedRaftLogWorker (SegmentedRaftLogWorker.java:run(313)) - f1b12ba6-b33d-40de-bd74-c3916eeb1dd7@group-4B656B7D57A4-SegmentedRaftLogWorker was interrupted, exiting. There are 0 tasks remaining in the queue.
2019-09-26 17:06:08,637 [main] INFO  segmented.SegmentedRaftLogWorker (SegmentedRaftLogWorker.java:close(228)) - 4ac23ced-61a1-47b3-94f0-cee158ec4b70@group-1BFFB9D78D43-SegmentedRaftLogWorker close()
2019-09-26 17:06:08,637 [ForkJoinPool.commonPool-worker-0] INFO  segmented.SegmentedRaftLogWorker (SegmentedRaftLogWorker.java:close(228)) - f1b12ba6-b33d-40de-bd74-c3916eeb1dd7@group-4B656B7D57A4-SegmentedRaftLogWorker close()
2019-09-26 17:06:08,639 [main] INFO  impl.RaftServerImpl (RaftServerImpl.java:lambda$shutdown$3(251)) - 4ac23ced-61a1-47b3-94f0-cee158ec4b70@group-428D891EE687: shutdown
2019-09-26 17:06:08,640 [ForkJoinPool.commonPool-worker-0] INFO  impl.RaftServerImpl (RaftServerImpl.java:lambda$shutdown$3(251)) - f1b12ba6-b33d-40de-bd74-c3916eeb1dd7@group-589227A3A8B9: shutdown
2019-09-26 17:06:08,640 [main] INFO  util.JmxRegister (JmxRegister.java:unregister(73)) - Successfully un-registered JMX Bean with object name Ratis:service=RaftServer,group=group-428D891EE687,id=4ac23ced-61a1-47b3-94f0-cee158ec4b70
2019-09-26 17:06:08,641 [ForkJoinPool.commonPool-worker-0] INFO  util.JmxRegister (JmxRegister.java:unregister(73)) - Successfully un-registered JMX Bean with object name Ratis:service=RaftServer,group=group-589227A3A8B9,id=f1b12ba6-b33d-40de-bd74-c3916eeb1dd7
2019-09-26 17:06:08,641 [main] INFO  impl.RoleInfo (RoleInfo.java:shutdownLeaderState(104)) - 4ac23ced-61a1-47b3-94f0-cee158ec4b70: shutdown LeaderState
2019-09-26 17:06:08,641 [ForkJoinPool.commonPool-worker-0] INFO  impl.RoleInfo (RoleInfo.java:shutdownLeaderState(104)) - f1b12ba6-b33d-40de-bd74-c3916eeb1dd7: shutdown LeaderState
2019-09-26 17:06:08,642 [main] INFO  impl.PendingRequests (PendingRequests.java:sendNotLeaderResponses(202)) - 4ac23ced-61a1-47b3-94f0-cee158ec4b70-PendingRequests: sendNotLeaderResponses
2019-09-26 17:06:08,642 [ForkJoinPool.commonPool-worker-0] INFO  impl.PendingRequests (PendingRequests.java:sendNotLeaderResponses(202)) - f1b12ba6-b33d-40de-bd74-c3916eeb1dd7-PendingRequests: sendNotLeaderResponses
2019-09-26 17:06:08,643 [main] INFO  impl.StateMachineUpdater (StateMachineUpdater.java:stopAndJoin(125)) - 4ac23ced-61a1-47b3-94f0-cee158ec4b70@group-428D891EE687-StateMachineUpdater: set stopIndex = 0
2019-09-26 17:06:08,643 [ForkJoinPool.commonPool-worker-0] INFO  impl.StateMachineUpdater (StateMachineUpdater.java:stopAndJoin(125)) - f1b12ba6-b33d-40de-bd74-c3916eeb1dd7@group-589227A3A8B9-StateMachineUpdater: set stopIndex = 0
2019-09-26 17:06:08,644 [main] INFO  impl.RaftServerImpl (ServerState.java:close(385)) - 4ac23ced-61a1-47b3-94f0-cee158ec4b70@group-428D891EE687: closes. applyIndex: 0
2019-09-26 17:06:08,644 [ForkJoinPool.commonPool-worker-0] INFO  impl.RaftServerImpl (ServerState.java:close(385)) - f1b12ba6-b33d-40de-bd74-c3916eeb1dd7@group-589227A3A8B9: closes. applyIndex: 0
2019-09-26 17:06:08,645 [4ac23ced-61a1-47b3-94f0-cee158ec4b70@group-428D891EE687-SegmentedRaftLogWorker] INFO  segmented.SegmentedRaftLogWorker (SegmentedRaftLogWorker.java:run(313)) - 4ac23ced-61a1-47b3-94f0-cee158ec4b70@group-428D891EE687-SegmentedRaftLogWorker was interrupted, exiting. There are 0 tasks remaining in the queue.
2019-09-26 17:06:08,645 [f1b12ba6-b33d-40de-bd74-c3916eeb1dd7@group-589227A3A8B9-SegmentedRaftLogWorker] INFO  segmented.SegmentedRaftLogWorker (SegmentedRaftLogWorker.java:run(313)) - f1b12ba6-b33d-40de-bd74-c3916eeb1dd7@group-589227A3A8B9-SegmentedRaftLogWorker was interrupted, exiting. There are 0 tasks remaining in the queue.
2019-09-26 17:06:08,645 [main] INFO  segmented.SegmentedRaftLogWorker (SegmentedRaftLogWorker.java:close(228)) - 4ac23ced-61a1-47b3-94f0-cee158ec4b70@group-428D891EE687-SegmentedRaftLogWorker close()
2019-09-26 17:06:08,645 [ForkJoinPool.commonPool-worker-0] INFO  segmented.SegmentedRaftLogWorker (SegmentedRaftLogWorker.java:close(228)) - f1b12ba6-b33d-40de-bd74-c3916eeb1dd7@group-589227A3A8B9-SegmentedRaftLogWorker close()
2019-09-26 17:06:08,647 [main] INFO  server.GrpcService (GrpcService.java:closeImpl(164)) - 4ac23ced-61a1-47b3-94f0-cee158ec4b70: shutdown server with port 37118 now
2019-09-26 17:06:08,648 [ForkJoinPool.commonPool-worker-0] INFO  server.GrpcService (GrpcService.java:closeImpl(164)) - f1b12ba6-b33d-40de-bd74-c3916eeb1dd7: shutdown server with port 35140 now
2019-09-26 17:06:08,650 [main] INFO  server.GrpcService (GrpcService.java:closeImpl(172)) - 4ac23ced-61a1-47b3-94f0-cee158ec4b70: shutdown server with port 37118 successfully
2019-09-26 17:06:08,650 [ForkJoinPool.commonPool-worker-0] INFO  server.GrpcService (GrpcService.java:closeImpl(172)) - f1b12ba6-b33d-40de-bd74-c3916eeb1dd7: shutdown server with port 35140 successfully
2019-09-26 17:06:08,655 [refreshUsed-/workdir/hadoop-ozone/integration-test/target/test-dir/MiniOzoneClusterImpl-d6ca620c-cb63-484f-a581-7c0900b96a5f/datanode-7/data/containers] WARN  fs.CachingGetSpaceUsed (CachingGetSpaceUsed.java:run(183)) - Thread Interrupted waiting to refresh disk information: sleep interrupted
2019-09-26 17:06:08,665 [refreshUsed-/workdir/hadoop-ozone/integration-test/target/test-dir/MiniOzoneClusterImpl-d6ca620c-cb63-484f-a581-7c0900b96a5f/datanode-1/data/containers] WARN  fs.CachingGetSpaceUsed (CachingGetSpaceUsed.java:run(183)) - Thread Interrupted waiting to refresh disk information: sleep interrupted
2019-09-26 17:06:08,680 [ForkJoinPool.commonPool-worker-0] INFO  utils.BackgroundService (BackgroundService.java:shutdown(148)) - Shutting down service BlockDeletingService
2019-09-26 17:06:08,681 [main] INFO  utils.BackgroundService (BackgroundService.java:shutdown(148)) - Shutting down service BlockDeletingService
2019-09-26 17:06:08,685 [ForkJoinPool.commonPool-worker-0] INFO  statemachine.DatanodeStateMachine (DatanodeStateMachine.java:stopDaemon(395)) - Ozone container server stopped.
2019-09-26 17:06:08,686 [main] INFO  statemachine.DatanodeStateMachine (DatanodeStateMachine.java:stopDaemon(395)) - Ozone container server stopped.
2019-09-26 17:06:08,691 [main] INFO  handler.ContextHandler (ContextHandler.java:doStop(910)) - Stopped o.e.j.w.WebAppContext@f6de586{/,null,UNAVAILABLE}{/hddsDatanode}
2019-09-26 17:06:08,691 [ForkJoinPool.commonPool-worker-0] INFO  handler.ContextHandler (ContextHandler.java:doStop(910)) - Stopped o.e.j.w.WebAppContext@6cff61fc{/,null,UNAVAILABLE}{/hddsDatanode}
2019-09-26 17:06:08,692 [main] INFO  server.AbstractConnector (AbstractConnector.java:doStop(318)) - Stopped ServerConnector@5f2bd6d9{HTTP/1.1,[http/1.1]}{0.0.0.0:0}
2019-09-26 17:06:08,692 [ForkJoinPool.commonPool-worker-0] INFO  server.AbstractConnector (AbstractConnector.java:doStop(318)) - Stopped ServerConnector@6e0c6a7a{HTTP/1.1,[http/1.1]}{0.0.0.0:0}
2019-09-26 17:06:08,692 [main] INFO  handler.ContextHandler (ContextHandler.java:doStop(910)) - Stopped o.e.j.s.ServletContextHandler@6ada9c0c{/static,jar:file:/home/user/.m2/repository/org/apache/hadoop/hadoop-hdds-container-service/0.5.0-SNAPSHOT/hadoop-hdds-container-service-0.5.0-SNAPSHOT.jar!/webapps/static,UNAVAILABLE}
2019-09-26 17:06:08,693 [ForkJoinPool.commonPool-worker-0] INFO  handler.ContextHandler (ContextHandler.java:doStop(910)) - Stopped o.e.j.s.ServletContextHandler@56a4f272{/static,jar:file:/home/user/.m2/repository/org/apache/hadoop/hadoop-hdds-container-service/0.5.0-SNAPSHOT/hadoop-hdds-container-service-0.5.0-SNAPSHOT.jar!/webapps/static,UNAVAILABLE}
2019-09-26 17:06:08,693 [main] INFO  handler.ContextHandler (ContextHandler.java:doStop(910)) - Stopped o.e.j.s.ServletContextHandler@ae202c6{/logs,file:///workdir/hadoop-ozone/integration-test/target/log,UNAVAILABLE}
2019-09-26 17:06:08,694 [ForkJoinPool.commonPool-worker-0] INFO  handler.ContextHandler (ContextHandler.java:doStop(910)) - Stopped o.e.j.s.ServletContextHandler@3bbf841e{/logs,file:///workdir/hadoop-ozone/integration-test/target/log,UNAVAILABLE}
2019-09-26 17:06:08,696 [main] INFO  ozone.MiniOzoneClusterImpl (MiniOzoneClusterImpl.java:stopSCM(392)) - Stopping the StorageContainerManager
2019-09-26 17:06:08,696 [main] INFO  server.StorageContainerManager (StorageContainerManager.java:stop(808)) - Stopping Replication Manager Service.
2019-09-26 17:06:08,696 [main] INFO  container.ReplicationManager (ReplicationManager.java:stop(203)) - Stopping Replication Monitor Thread.
2019-09-26 17:06:08,697 [main] INFO  server.StorageContainerManager (StorageContainerManager.java:stop(815)) - Stopping Lease Manager of the command watchers
2019-09-26 17:06:08,697 [main] INFO  server.StorageContainerManager (StorageContainerManager.java:stop(822)) - Stopping datanode service RPC server
2019-09-26 17:06:08,697 [main] INFO  server.SCMDatanodeProtocolServer (SCMDatanodeProtocolServer.java:stop(367)) - Stopping the RPC server for DataNodes
2019-09-26 17:06:08,697 [main] INFO  ipc.Server (Server.java:stop(3082)) - Stopping server on 43535
2019-09-26 17:06:08,699 [IPC Server listener on 43535] INFO  ipc.Server (Server.java:run(1185)) - Stopping IPC Server listener on 43535
2019-09-26 17:06:08,699 [IPC Server Responder] INFO  ipc.Server (Server.java:run(1319)) - Stopping IPC Server Responder
2019-09-26 17:06:08,779 [SCM Heartbeat Processing Thread - 0] WARN  node.NodeStateManager (NodeStateManager.java:scheduleNextHealthCheck(646)) - Current Thread is interrupted, shutting down HB processing thread for Node Manager.
2019-09-26 17:06:08,779 [main] INFO  server.StorageContainerManager (StorageContainerManager.java:stop(830)) - Stopping block service RPC server
2019-09-26 17:06:08,780 [main] INFO  server.SCMBlockProtocolServer (SCMBlockProtocolServer.java:stop(155)) - Stopping the RPC server for Block Protocol
2019-09-26 17:06:08,780 [main] INFO  ipc.Server (Server.java:stop(3082)) - Stopping server on 36430
2019-09-26 17:06:08,782 [IPC Server listener on 36430] INFO  ipc.Server (Server.java:run(1185)) - Stopping IPC Server listener on 36430
2019-09-26 17:06:08,782 [IPC Server Responder] INFO  ipc.Server (Server.java:run(1319)) - Stopping IPC Server Responder
2019-09-26 17:06:08,782 [main] INFO  server.StorageContainerManager (StorageContainerManager.java:stop(837)) - Stopping the StorageContainerLocationProtocol RPC server
2019-09-26 17:06:08,783 [main] INFO  server.SCMClientProtocolServer (SCMClientProtocolServer.java:stop(159)) - Stopping the RPC server for Client Protocol
2019-09-26 17:06:08,783 [main] INFO  ipc.Server (Server.java:stop(3082)) - Stopping server on 34466
2019-09-26 17:06:08,785 [IPC Server listener on 34466] INFO  ipc.Server (Server.java:run(1185)) - Stopping IPC Server listener on 34466
2019-09-26 17:06:08,785 [main] INFO  server.StorageContainerManager (StorageContainerManager.java:stop(844)) - Stopping Storage Container Manager HTTP server.
2019-09-26 17:06:08,786 [IPC Server Responder] INFO  ipc.Server (Server.java:run(1319)) - Stopping IPC Server Responder
2019-09-26 17:06:08,787 [main] INFO  handler.ContextHandler (ContextHandler.java:doStop(910)) - Stopped o.e.j.w.WebAppContext@660e9100{/,null,UNAVAILABLE}{/scm}
2019-09-26 17:06:08,788 [main] INFO  server.AbstractConnector (AbstractConnector.java:doStop(318)) - Stopped ServerConnector@5aabbb29{HTTP/1.1,[http/1.1]}{0.0.0.0:0}
2019-09-26 17:06:08,788 [main] INFO  handler.ContextHandler (ContextHandler.java:doStop(910)) - Stopped o.e.j.s.ServletContextHandler@1d131e1b{/static,file:///workdir/hadoop-ozone/integration-test/target/test-classes/webapps/static,UNAVAILABLE}
2019-09-26 17:06:08,789 [main] INFO  handler.ContextHandler (ContextHandler.java:doStop(910)) - Stopped o.e.j.s.ServletContextHandler@2f17e30d{/logs,file:///workdir/hadoop-ozone/integration-test/target/log,UNAVAILABLE}
2019-09-26 17:06:08,790 [main] INFO  server.StorageContainerManager (StorageContainerManager.java:stop(855)) - Stopping Block Manager Service.
2019-09-26 17:06:08,790 [main] INFO  utils.BackgroundService (BackgroundService.java:shutdown(148)) - Shutting down service SCMBlockDeletingService
2019-09-26 17:06:08,791 [main] INFO  utils.BackgroundService (BackgroundService.java:shutdown(148)) - Shutting down service SCMBlockDeletingService
2019-09-26 17:06:08,791 [main] INFO  server.StorageContainerManager (StorageContainerManager.java:stop(877)) - Stopping SCM Event Queue.
2019-09-26 17:06:08,799 [main] INFO  impl.MetricsSystemImpl (MetricsSystemImpl.java:stop(210)) - Stopping ratis metrics system...
2019-09-26 17:06:08,811 [prometheus] INFO  impl.MetricsSinkAdapter (MetricsSinkAdapter.java:publishMetricsFromQueue(141)) - prometheus thread interrupted.
2019-09-26 17:06:08,811 [main] INFO  impl.MetricsSystemImpl (MetricsSystemImpl.java:stop(216)) - ratis metrics system stopped.
]]></system-out>
    <system-err><![CDATA[ERROR StatusLogger No Log4j 2 configuration file found. Using default configuration (logging only errors to the console), or user programmatically provided configurations. Set system property 'log4j2.debug' to show Log4j 2 internal initialization logging. See https://logging.apache.org/log4j/2.x/manual/configuration.html for instructions on how to configure Log4j 2
Sep 26, 2019 5:05:47 PM org.apache.ratis.thirdparty.io.grpc.internal.SerializingExecutor run
SEVERE: Exception while executing runnable org.apache.ratis.thirdparty.io.grpc.internal.ServerImpl$JumpToApplicationThreadServerStreamListener$1Closed@4061477a
org.apache.ratis.thirdparty.io.grpc.StatusRuntimeException: CANCELLED: call already cancelled
	at org.apache.ratis.thirdparty.io.grpc.Status.asRuntimeException(Status.java:517)
	at org.apache.ratis.thirdparty.io.grpc.stub.ServerCalls$ServerCallStreamObserverImpl.onCompleted(ServerCalls.java:356)
	at org.apache.ratis.grpc.server.GrpcServerProtocolService$ServerRequestStreamObserver.onError(GrpcServerProtocolService.java:121)
	at org.apache.ratis.thirdparty.io.grpc.stub.ServerCalls$StreamingServerCallHandler$StreamingServerCallListener.onCancel(ServerCalls.java:269)
	at org.apache.ratis.thirdparty.io.grpc.internal.ServerCallImpl$ServerStreamListenerImpl.closed(ServerCallImpl.java:293)
	at org.apache.ratis.thirdparty.io.grpc.internal.ServerImpl$JumpToApplicationThreadServerStreamListener$1Closed.runInContext(ServerImpl.java:741)
	at org.apache.ratis.thirdparty.io.grpc.internal.ContextRunnable.run(ContextRunnable.java:37)
	at org.apache.ratis.thirdparty.io.grpc.internal.SerializingExecutor.run(SerializingExecutor.java:123)
	at java.util.concurrent.ThreadPoolExecutor.runWorker(ThreadPoolExecutor.java:1149)
	at java.util.concurrent.ThreadPoolExecutor$Worker.run(ThreadPoolExecutor.java:624)
	at java.lang.Thread.run(Thread.java:748)

Sep 26, 2019 5:05:58 PM org.apache.ratis.thirdparty.io.grpc.internal.SerializingExecutor run
SEVERE: Exception while executing runnable org.apache.ratis.thirdparty.io.grpc.internal.ServerImpl$JumpToApplicationThreadServerStreamListener$1Closed@2bd0901f
org.apache.ratis.thirdparty.io.grpc.StatusRuntimeException: CANCELLED: call already cancelled
	at org.apache.ratis.thirdparty.io.grpc.Status.asRuntimeException(Status.java:517)
	at org.apache.ratis.thirdparty.io.grpc.stub.ServerCalls$ServerCallStreamObserverImpl.onCompleted(ServerCalls.java:356)
	at org.apache.ratis.grpc.server.GrpcServerProtocolService$ServerRequestStreamObserver.onError(GrpcServerProtocolService.java:121)
	at org.apache.ratis.thirdparty.io.grpc.stub.ServerCalls$StreamingServerCallHandler$StreamingServerCallListener.onCancel(ServerCalls.java:269)
	at org.apache.ratis.thirdparty.io.grpc.internal.ServerCallImpl$ServerStreamListenerImpl.closed(ServerCallImpl.java:293)
	at org.apache.ratis.thirdparty.io.grpc.internal.ServerImpl$JumpToApplicationThreadServerStreamListener$1Closed.runInContext(ServerImpl.java:741)
	at org.apache.ratis.thirdparty.io.grpc.internal.ContextRunnable.run(ContextRunnable.java:37)
	at org.apache.ratis.thirdparty.io.grpc.internal.SerializingExecutor.run(SerializingExecutor.java:123)
	at java.util.concurrent.ThreadPoolExecutor.runWorker(ThreadPoolExecutor.java:1149)
	at java.util.concurrent.ThreadPoolExecutor$Worker.run(ThreadPoolExecutor.java:624)
	at java.lang.Thread.run(Thread.java:748)

Sep 26, 2019 5:06:03 PM org.apache.ratis.thirdparty.io.grpc.internal.SerializingExecutor run
SEVERE: Exception while executing runnable org.apache.ratis.thirdparty.io.grpc.internal.ServerImpl$JumpToApplicationThreadServerStreamListener$1Closed@57ebb87e
org.apache.ratis.thirdparty.io.grpc.StatusRuntimeException: CANCELLED: call already cancelled
	at org.apache.ratis.thirdparty.io.grpc.Status.asRuntimeException(Status.java:517)
	at org.apache.ratis.thirdparty.io.grpc.stub.ServerCalls$ServerCallStreamObserverImpl.onCompleted(ServerCalls.java:356)
	at org.apache.ratis.grpc.server.GrpcServerProtocolService$ServerRequestStreamObserver.onError(GrpcServerProtocolService.java:121)
	at org.apache.ratis.thirdparty.io.grpc.stub.ServerCalls$StreamingServerCallHandler$StreamingServerCallListener.onCancel(ServerCalls.java:269)
	at org.apache.ratis.thirdparty.io.grpc.internal.ServerCallImpl$ServerStreamListenerImpl.closed(ServerCallImpl.java:293)
	at org.apache.ratis.thirdparty.io.grpc.internal.ServerImpl$JumpToApplicationThreadServerStreamListener$1Closed.runInContext(ServerImpl.java:741)
	at org.apache.ratis.thirdparty.io.grpc.internal.ContextRunnable.run(ContextRunnable.java:37)
	at org.apache.ratis.thirdparty.io.grpc.internal.SerializingExecutor.run(SerializingExecutor.java:123)
	at java.util.concurrent.ThreadPoolExecutor.runWorker(ThreadPoolExecutor.java:1149)
	at java.util.concurrent.ThreadPoolExecutor$Worker.run(ThreadPoolExecutor.java:624)
	at java.lang.Thread.run(Thread.java:748)

Sep 26, 2019 5:06:03 PM org.apache.ratis.thirdparty.io.grpc.internal.SerializingExecutor run
SEVERE: Exception while executing runnable org.apache.ratis.thirdparty.io.grpc.internal.ServerImpl$JumpToApplicationThreadServerStreamListener$1Closed@78b1a049
org.apache.ratis.thirdparty.io.grpc.StatusRuntimeException: CANCELLED: call already cancelled
	at org.apache.ratis.thirdparty.io.grpc.Status.asRuntimeException(Status.java:517)
	at org.apache.ratis.thirdparty.io.grpc.stub.ServerCalls$ServerCallStreamObserverImpl.onCompleted(ServerCalls.java:356)
	at org.apache.ratis.grpc.server.GrpcServerProtocolService$ServerRequestStreamObserver.onError(GrpcServerProtocolService.java:121)
	at org.apache.ratis.thirdparty.io.grpc.stub.ServerCalls$StreamingServerCallHandler$StreamingServerCallListener.onCancel(ServerCalls.java:269)
	at org.apache.ratis.thirdparty.io.grpc.internal.ServerCallImpl$ServerStreamListenerImpl.closed(ServerCallImpl.java:293)
	at org.apache.ratis.thirdparty.io.grpc.internal.ServerImpl$JumpToApplicationThreadServerStreamListener$1Closed.runInContext(ServerImpl.java:741)
	at org.apache.ratis.thirdparty.io.grpc.internal.ContextRunnable.run(ContextRunnable.java:37)
	at org.apache.ratis.thirdparty.io.grpc.internal.SerializingExecutor.run(SerializingExecutor.java:123)
	at java.util.concurrent.ThreadPoolExecutor.runWorker(ThreadPoolExecutor.java:1149)
	at java.util.concurrent.ThreadPoolExecutor$Worker.run(ThreadPoolExecutor.java:624)
	at java.lang.Thread.run(Thread.java:748)

]]></system-err>
  </testcase>
  <testcase name="testMultiBlockWritesWithDnFailures" classname="org.apache.hadoop.ozone.client.rpc.TestMultiBlockWritesWithDnFailures" time="131.156">
    <error message="Connection refused" type="java.net.ConnectException"><![CDATA[java.net.ConnectException: Connection refused
	at sun.nio.ch.SocketChannelImpl.checkConnect(Native Method)
	at sun.nio.ch.SocketChannelImpl.finishConnect(SocketChannelImpl.java:717)
	at org.apache.hadoop.net.SocketIOWithTimeout.connect(SocketIOWithTimeout.java:206)
	at org.apache.hadoop.net.NetUtils.connect(NetUtils.java:531)
	at org.apache.hadoop.ipc.Client$Connection.setupConnection(Client.java:690)
	at org.apache.hadoop.ipc.Client$Connection.setupIOstreams(Client.java:794)
	at org.apache.hadoop.ipc.Client$Connection.access$3700(Client.java:411)
	at org.apache.hadoop.ipc.Client.getConnection(Client.java:1572)
	at org.apache.hadoop.ipc.Client.call(Client.java:1403)
	at org.apache.hadoop.ipc.Client.call(Client.java:1367)
	at org.apache.hadoop.ipc.ProtobufRpcEngine$Invoker.invoke(ProtobufRpcEngine.java:228)
	at org.apache.hadoop.ipc.ProtobufRpcEngine$Invoker.invoke(ProtobufRpcEngine.java:116)
	at com.sun.proxy.$Proxy35.submitRequest(Unknown Source)
	at sun.reflect.GeneratedMethodAccessor37.invoke(Unknown Source)
	at sun.reflect.DelegatingMethodAccessorImpl.invoke(DelegatingMethodAccessorImpl.java:43)
	at java.lang.reflect.Method.invoke(Method.java:498)
	at org.apache.hadoop.io.retry.RetryInvocationHandler.invokeMethod(RetryInvocationHandler.java:422)
	at org.apache.hadoop.io.retry.RetryInvocationHandler$Call.invokeMethod(RetryInvocationHandler.java:165)
	at org.apache.hadoop.io.retry.RetryInvocationHandler$Call.invoke(RetryInvocationHandler.java:157)
	at org.apache.hadoop.io.retry.RetryInvocationHandler$Call.invokeOnce(RetryInvocationHandler.java:95)
	at org.apache.hadoop.io.retry.RetryInvocationHandler.invoke(RetryInvocationHandler.java:359)
	at com.sun.proxy.$Proxy35.submitRequest(Unknown Source)
	at org.apache.hadoop.ozone.om.protocolPB.OzoneManagerProtocolClientSideTranslatorPB.submitRequest(OzoneManagerProtocolClientSideTranslatorPB.java:338)
	at org.apache.hadoop.ozone.om.protocolPB.OzoneManagerProtocolClientSideTranslatorPB.getServiceInfo(OzoneManagerProtocolClientSideTranslatorPB.java:1223)
	at sun.reflect.NativeMethodAccessorImpl.invoke0(Native Method)
	at sun.reflect.NativeMethodAccessorImpl.invoke(NativeMethodAccessorImpl.java:62)
	at sun.reflect.DelegatingMethodAccessorImpl.invoke(DelegatingMethodAccessorImpl.java:43)
	at java.lang.reflect.Method.invoke(Method.java:498)
	at org.apache.hadoop.hdds.tracing.TraceAllMethod.invoke(TraceAllMethod.java:66)
	at com.sun.proxy.$Proxy36.getServiceInfo(Unknown Source)
	at org.apache.hadoop.ozone.client.rpc.RpcClient.<init>(RpcClient.java:154)
	at org.apache.hadoop.ozone.client.OzoneClientFactory.getClientProtocol(OzoneClientFactory.java:256)
	at org.apache.hadoop.ozone.client.OzoneClientFactory.getClientProtocol(OzoneClientFactory.java:239)
	at org.apache.hadoop.ozone.client.OzoneClientFactory.getClient(OzoneClientFactory.java:75)
	at org.apache.hadoop.ozone.client.rpc.TestMultiBlockWritesWithDnFailures.startCluster(TestMultiBlockWritesWithDnFailures.java:96)
	at org.apache.hadoop.ozone.client.rpc.TestMultiBlockWritesWithDnFailures.testMultiBlockWritesWithDnFailures(TestMultiBlockWritesWithDnFailures.java:117)
	at sun.reflect.NativeMethodAccessorImpl.invoke0(Native Method)
	at sun.reflect.NativeMethodAccessorImpl.invoke(NativeMethodAccessorImpl.java:62)
	at sun.reflect.DelegatingMethodAccessorImpl.invoke(DelegatingMethodAccessorImpl.java:43)
	at java.lang.reflect.Method.invoke(Method.java:498)
	at org.junit.runners.model.FrameworkMethod$1.runReflectiveCall(FrameworkMethod.java:47)
	at org.junit.internal.runners.model.ReflectiveCallable.run(ReflectiveCallable.java:12)
	at org.junit.runners.model.FrameworkMethod.invokeExplosively(FrameworkMethod.java:44)
	at org.junit.internal.runners.statements.InvokeMethod.evaluate(InvokeMethod.java:17)
	at org.junit.internal.runners.statements.RunAfters.evaluate(RunAfters.java:27)
	at org.junit.runners.ParentRunner.runLeaf(ParentRunner.java:271)
	at org.junit.runners.BlockJUnit4ClassRunner.runChild(BlockJUnit4ClassRunner.java:70)
	at org.junit.runners.BlockJUnit4ClassRunner.runChild(BlockJUnit4ClassRunner.java:50)
	at org.junit.runners.ParentRunner$3.run(ParentRunner.java:238)
	at org.junit.runners.ParentRunner$1.schedule(ParentRunner.java:63)
	at org.junit.runners.ParentRunner.runChildren(ParentRunner.java:236)
	at org.junit.runners.ParentRunner.access$000(ParentRunner.java:53)
	at org.junit.runners.ParentRunner$2.evaluate(ParentRunner.java:229)
	at org.junit.runners.ParentRunner.run(ParentRunner.java:309)
	at org.apache.maven.surefire.junit4.JUnit4Provider.execute(JUnit4Provider.java:365)
	at org.apache.maven.surefire.junit4.JUnit4Provider.executeWithRerun(JUnit4Provider.java:273)
	at org.apache.maven.surefire.junit4.JUnit4Provider.executeTestSet(JUnit4Provider.java:238)
	at org.apache.maven.surefire.junit4.JUnit4Provider.invoke(JUnit4Provider.java:159)
	at org.apache.maven.surefire.booter.ForkedBooter.invokeProviderInSameClassLoader(ForkedBooter.java:384)
	at org.apache.maven.surefire.booter.ForkedBooter.runSuitesInProcess(ForkedBooter.java:345)
	at org.apache.maven.surefire.booter.ForkedBooter.execute(ForkedBooter.java:126)
	at org.apache.maven.surefire.booter.ForkedBooter.main(ForkedBooter.java:418)
]]></error>
    <system-out><![CDATA[2019-09-26 17:06:08,878 [main] WARN  server.ServerUtils (ServerUtils.java:getScmDbDir(145)) - ozone.scm.db.dirs is not configured. We recommend adding this setting. Falling back to ozone.metadata.dirs instead.
2019-09-26 17:06:08,907 [main] WARN  server.ServerUtils (ServerUtils.java:getScmDbDir(145)) - ozone.scm.db.dirs is not configured. We recommend adding this setting. Falling back to ozone.metadata.dirs instead.
2019-09-26 17:06:08,908 [main] WARN  server.ServerUtils (ServerUtils.java:getScmDbDir(145)) - ozone.scm.db.dirs is not configured. We recommend adding this setting. Falling back to ozone.metadata.dirs instead.
2019-09-26 17:06:08,909 [main] INFO  db.DBStoreBuilder (DBStoreBuilder.java:addTable(110)) - using custom profile for table: deletedBlocks
2019-09-26 17:06:08,909 [main] INFO  db.DBStoreBuilder (DBStoreBuilder.java:processTables(161)) - Using default column profile:DBProfile.DISK for Table:deletedBlocks
2019-09-26 17:06:08,909 [main] INFO  db.DBStoreBuilder (DBStoreBuilder.java:addTable(110)) - using custom profile for table: validCerts
2019-09-26 17:06:08,910 [main] INFO  db.DBStoreBuilder (DBStoreBuilder.java:processTables(161)) - Using default column profile:DBProfile.DISK for Table:validCerts
2019-09-26 17:06:08,910 [main] INFO  db.DBStoreBuilder (DBStoreBuilder.java:addTable(110)) - using custom profile for table: revokedCerts
2019-09-26 17:06:08,910 [main] INFO  db.DBStoreBuilder (DBStoreBuilder.java:processTables(161)) - Using default column profile:DBProfile.DISK for Table:revokedCerts
2019-09-26 17:06:08,911 [main] INFO  db.DBStoreBuilder (DBStoreBuilder.java:addTable(110)) - using custom profile for table: default
2019-09-26 17:06:08,911 [main] INFO  db.DBStoreBuilder (DBStoreBuilder.java:processTables(167)) - Using default column profile:DBProfile.DISK for Table:default
2019-09-26 17:06:08,911 [main] INFO  db.DBStoreBuilder (DBStoreBuilder.java:getDbProfile(198)) - Using default options. DBProfile.DISK
2019-09-26 17:06:09,080 [main] INFO  net.NodeSchemaLoader (NodeSchemaLoader.java:loadSchemaFromFile(125)) - Loading file from sun.misc.CompoundEnumeration@b0a1231
2019-09-26 17:06:09,081 [main] INFO  net.NodeSchemaLoader (NodeSchemaLoader.java:loadSchema(171)) - Loading network topology layer schema file
2019-09-26 17:06:09,087 [main] INFO  node.SCMNodeManager (SCMNodeManager.java:<init>(114)) - Entering startup safe mode.
2019-09-26 17:06:09,089 [main] INFO  algorithms.ContainerPlacementPolicyFactory (ContainerPlacementPolicyFactory.java:getPolicy(57)) - Create container placement policy of type org.apache.hadoop.hdds.scm.container.placement.algorithms.SCMContainerPlacementRandom
2019-09-26 17:06:09,089 [main] WARN  server.ServerUtils (ServerUtils.java:getScmDbDir(145)) - ozone.scm.db.dirs is not configured. We recommend adding this setting. Falling back to ozone.metadata.dirs instead.
2019-09-26 17:06:09,131 [main] INFO  pipeline.SCMPipelineManager (SCMPipelineManager.java:initializePipelineState(132)) - No pipeline exists in current db
2019-09-26 17:06:09,132 [main] WARN  server.ServerUtils (ServerUtils.java:getScmDbDir(145)) - ozone.scm.db.dirs is not configured. We recommend adding this setting. Falling back to ozone.metadata.dirs instead.
2019-09-26 17:06:09,174 [main] WARN  events.EventQueue (EventQueue.java:fireEvent(183)) - No event handler registered for event TypedEvent{payloadType=SafeModeStatus, name='SafeModeStatus'}
2019-09-26 17:06:09,176 [main] INFO  ipc.CallQueueManager (CallQueueManager.java:<init>(84)) - Using callQueue: class java.util.concurrent.LinkedBlockingQueue, queueCapacity: 2000, scheduler: class org.apache.hadoop.ipc.DefaultRpcScheduler, ipcBackoff: false.
2019-09-26 17:06:09,177 [Socket Reader #1 for port 45997] INFO  ipc.Server (Server.java:run(1074)) - Starting Socket Reader #1 for port 45997
2019-09-26 17:06:09,180 [main] INFO  ipc.CallQueueManager (CallQueueManager.java:<init>(84)) - Using callQueue: class java.util.concurrent.LinkedBlockingQueue, queueCapacity: 2000, scheduler: class org.apache.hadoop.ipc.DefaultRpcScheduler, ipcBackoff: false.
2019-09-26 17:06:09,181 [Socket Reader #1 for port 42168] INFO  ipc.Server (Server.java:run(1074)) - Starting Socket Reader #1 for port 42168
2019-09-26 17:06:09,182 [main] INFO  ipc.CallQueueManager (CallQueueManager.java:<init>(84)) - Using callQueue: class java.util.concurrent.LinkedBlockingQueue, queueCapacity: 2000, scheduler: class org.apache.hadoop.ipc.DefaultRpcScheduler, ipcBackoff: false.
2019-09-26 17:06:09,183 [Socket Reader #1 for port 46158] INFO  ipc.Server (Server.java:run(1074)) - Starting Socket Reader #1 for port 46158
2019-09-26 17:06:09,186 [main] INFO  hdfs.DFSUtil (DFSUtil.java:httpServerTemplateForNNAndJN(1641)) - Starting Web-server for scm at: http://0.0.0.0:0
2019-09-26 17:06:09,190 [main] INFO  server.AuthenticationFilter (AuthenticationFilter.java:constructSecretProvider(240)) - Unable to initialize FileSignerSecretProvider, falling back to use random secrets.
2019-09-26 17:06:09,191 [main] WARN  http.HttpRequestLog (HttpRequestLog.java:getRequestLog(97)) - Jetty request log can only be enabled using Log4j
2019-09-26 17:06:09,194 [main] INFO  http.HttpServer2 (HttpServer2.java:addGlobalFilter(975)) - Added global filter 'safety' (class=org.apache.hadoop.http.HttpServer2$QuotingInputFilter)
2019-09-26 17:06:09,195 [main] INFO  http.HttpServer2 (HttpServer2.java:addFilter(948)) - Added filter static_user_filter (class=org.apache.hadoop.http.lib.StaticUserWebFilter$StaticUserFilter) to context scm
2019-09-26 17:06:09,196 [main] INFO  http.HttpServer2 (HttpServer2.java:addFilter(958)) - Added filter static_user_filter (class=org.apache.hadoop.http.lib.StaticUserWebFilter$StaticUserFilter) to context logs
2019-09-26 17:06:09,196 [main] INFO  http.HttpServer2 (HttpServer2.java:addFilter(958)) - Added filter static_user_filter (class=org.apache.hadoop.http.lib.StaticUserWebFilter$StaticUserFilter) to context static
2019-09-26 17:06:09,200 [main] INFO  server.StorageContainerManager (StorageContainerManager.java:start(770)) - StorageContainerLocationProtocol RPC server is listening at /0.0.0.0:46158
2019-09-26 17:06:09,203 [main] WARN  impl.MetricsConfig (MetricsConfig.java:loadFirst(134)) - Cannot locate configuration: tried hadoop-metrics2-storagecontainermanager.properties,hadoop-metrics2.properties
2019-09-26 17:06:09,205 [main] INFO  impl.MetricsSystemImpl (MetricsSystemImpl.java:startTimer(374)) - Scheduled Metric snapshot period at 10 second(s).
2019-09-26 17:06:09,205 [main] INFO  impl.MetricsSystemImpl (MetricsSystemImpl.java:start(191)) - StorageContainerManager metrics system started
2019-09-26 17:06:09,272 [main] WARN  impl.MetricsSystemImpl (MetricsSystemImpl.java:register(276)) - Sink prometheus already exists!
2019-09-26 17:06:09,276 [main] INFO  server.SCMClientProtocolServer (SCMClientProtocolServer.java:start(151)) - RPC server for Client  is listening at /0.0.0.0:46158
2019-09-26 17:06:09,277 [IPC Server Responder] INFO  ipc.Server (Server.java:run(1314)) - IPC Server Responder: starting
2019-09-26 17:06:09,277 [IPC Server listener on 46158] INFO  ipc.Server (Server.java:run(1153)) - IPC Server listener on 46158: starting
2019-09-26 17:06:09,281 [main] INFO  server.StorageContainerManager (StorageContainerManager.java:start(780)) - ScmBlockLocationProtocol RPC server is listening at /0.0.0.0:42168
2019-09-26 17:06:09,282 [main] INFO  server.SCMBlockProtocolServer (SCMBlockProtocolServer.java:start(146)) - RPC server for Block Protocol is listening at /0.0.0.0:42168
2019-09-26 17:06:09,282 [IPC Server Responder] INFO  ipc.Server (Server.java:run(1314)) - IPC Server Responder: starting
2019-09-26 17:06:09,282 [IPC Server listener on 42168] INFO  ipc.Server (Server.java:run(1153)) - IPC Server listener on 42168: starting
2019-09-26 17:06:09,287 [main] INFO  server.StorageContainerManager (StorageContainerManager.java:start(784)) - ScmDatanodeProtocl RPC server is listening at /0.0.0.0:45997
2019-09-26 17:06:09,287 [main] INFO  server.SCMDatanodeProtocolServer (SCMDatanodeProtocolServer.java:start(191)) - RPC server for DataNodes is listening at /0.0.0.0:45997
2019-09-26 17:06:09,288 [IPC Server Responder] INFO  ipc.Server (Server.java:run(1314)) - IPC Server Responder: starting
2019-09-26 17:06:09,288 [IPC Server listener on 45997] INFO  ipc.Server (Server.java:run(1153)) - IPC Server listener on 45997: starting
2019-09-26 17:06:09,292 [main] INFO  http.HttpServer2 (HttpServer2.java:bindListener(1191)) - Jetty bound to port 45073
2019-09-26 17:06:09,293 [main] INFO  server.Server (Server.java:doStart(351)) - jetty-9.3.25.v20180904, build timestamp: 2018-09-04T21:11:46Z, git hash: 3ce520221d0240229c862b122d2b06c12a625732
2019-09-26 17:06:09,295 [main] INFO  handler.ContextHandler (ContextHandler.java:doStart(781)) - Started o.e.j.s.ServletContextHandler@5f631ca0{/logs,file:///workdir/hadoop-ozone/integration-test/target/log,AVAILABLE}
2019-09-26 17:06:09,296 [main] INFO  handler.ContextHandler (ContextHandler.java:doStart(781)) - Started o.e.j.s.ServletContextHandler@12ad1b2a{/static,file:///workdir/hadoop-ozone/integration-test/target/test-classes/webapps/static,AVAILABLE}
2019-09-26 17:06:09,301 [main] INFO  handler.ContextHandler (ContextHandler.java:doStart(781)) - Started o.e.j.w.WebAppContext@2e7157c7{/,file:///workdir/hadoop-ozone/integration-test/target/test-classes/webapps/scm/,AVAILABLE}{/scm}
2019-09-26 17:06:09,301 [main] INFO  server.AbstractConnector (AbstractConnector.java:doStart(278)) - Started ServerConnector@2a43e0ac{HTTP/1.1,[http/1.1]}{0.0.0.0:45073}
2019-09-26 17:06:09,302 [main] INFO  server.Server (Server.java:doStart(419)) - Started @149383ms
2019-09-26 17:06:09,303 [main] WARN  impl.MetricsSystemImpl (MetricsSystemImpl.java:register(276)) - Sink prometheus already exists!
2019-09-26 17:06:09,303 [main] INFO  server.BaseHttpServer (BaseHttpServer.java:updateConnectorAddress(215)) - HTTP server of SCM is listening at http://0.0.0.0:45073
2019-09-26 17:06:09,304 [main] WARN  server.ServerUtils (ServerUtils.java:getDBPath(222)) - ozone.om.db.dirs is not configured. We recommend adding this setting. Falling back to ozone.metadata.dirs instead.
2019-09-26 17:06:09,305 [org.apache.hadoop.util.JvmPauseMonitor$Monitor@346f41a9] INFO  util.JvmPauseMonitor (JvmPauseMonitor.java:run(188)) - Starting JVM pause monitor
2019-09-26 17:06:09,319 [main] INFO  ha.OMHANodeDetails (OMHANodeDetails.java:loadOMHAConfig(194)) - Configuration either no ozone.om.address set. Falling back to the default OM address /127.0.0.1:0
2019-09-26 17:06:09,319 [main] INFO  ha.OMHANodeDetails (OMHANodeDetails.java:getOMNodeDetails(224)) - OM Service ID is not set. Setting it to the default ID: omServiceIdDefault
2019-09-26 17:06:09,320 [main] WARN  server.ServerUtils (ServerUtils.java:getDBPath(222)) - ozone.om.db.dirs is not configured. We recommend adding this setting. Falling back to ozone.metadata.dirs instead.
2019-09-26 17:06:09,320 [main] WARN  server.ServerUtils (ServerUtils.java:getDBPath(222)) - ozone.om.db.dirs is not configured. We recommend adding this setting. Falling back to ozone.metadata.dirs instead.
2019-09-26 17:06:09,334 [main] WARN  server.ServerUtils (ServerUtils.java:getDBPath(222)) - ozone.om.db.dirs is not configured. We recommend adding this setting. Falling back to ozone.metadata.dirs instead.
2019-09-26 17:06:09,334 [main] INFO  db.DBStoreBuilder (DBStoreBuilder.java:addTable(110)) - using custom profile for table: userTable
2019-09-26 17:06:09,334 [main] INFO  db.DBStoreBuilder (DBStoreBuilder.java:processTables(161)) - Using default column profile:DBProfile.DISK for Table:userTable
2019-09-26 17:06:09,335 [main] INFO  db.DBStoreBuilder (DBStoreBuilder.java:addTable(110)) - using custom profile for table: volumeTable
2019-09-26 17:06:09,335 [main] INFO  db.DBStoreBuilder (DBStoreBuilder.java:processTables(161)) - Using default column profile:DBProfile.DISK for Table:volumeTable
2019-09-26 17:06:09,335 [main] INFO  db.DBStoreBuilder (DBStoreBuilder.java:addTable(110)) - using custom profile for table: bucketTable
2019-09-26 17:06:09,335 [main] INFO  db.DBStoreBuilder (DBStoreBuilder.java:processTables(161)) - Using default column profile:DBProfile.DISK for Table:bucketTable
2019-09-26 17:06:09,335 [main] INFO  db.DBStoreBuilder (DBStoreBuilder.java:addTable(110)) - using custom profile for table: keyTable
2019-09-26 17:06:09,336 [main] INFO  db.DBStoreBuilder (DBStoreBuilder.java:processTables(161)) - Using default column profile:DBProfile.DISK for Table:keyTable
2019-09-26 17:06:09,336 [main] INFO  db.DBStoreBuilder (DBStoreBuilder.java:addTable(110)) - using custom profile for table: deletedTable
2019-09-26 17:06:09,336 [main] INFO  db.DBStoreBuilder (DBStoreBuilder.java:processTables(161)) - Using default column profile:DBProfile.DISK for Table:deletedTable
2019-09-26 17:06:09,336 [main] INFO  db.DBStoreBuilder (DBStoreBuilder.java:addTable(110)) - using custom profile for table: openKeyTable
2019-09-26 17:06:09,336 [main] INFO  db.DBStoreBuilder (DBStoreBuilder.java:processTables(161)) - Using default column profile:DBProfile.DISK for Table:openKeyTable
2019-09-26 17:06:09,337 [main] INFO  db.DBStoreBuilder (DBStoreBuilder.java:addTable(110)) - using custom profile for table: s3Table
2019-09-26 17:06:09,337 [main] INFO  db.DBStoreBuilder (DBStoreBuilder.java:processTables(161)) - Using default column profile:DBProfile.DISK for Table:s3Table
2019-09-26 17:06:09,337 [main] INFO  db.DBStoreBuilder (DBStoreBuilder.java:addTable(110)) - using custom profile for table: multipartInfoTable
2019-09-26 17:06:09,337 [main] INFO  db.DBStoreBuilder (DBStoreBuilder.java:processTables(161)) - Using default column profile:DBProfile.DISK for Table:multipartInfoTable
2019-09-26 17:06:09,338 [main] INFO  db.DBStoreBuilder (DBStoreBuilder.java:addTable(110)) - using custom profile for table: dTokenTable
2019-09-26 17:06:09,338 [main] INFO  db.DBStoreBuilder (DBStoreBuilder.java:processTables(161)) - Using default column profile:DBProfile.DISK for Table:dTokenTable
2019-09-26 17:06:09,338 [main] INFO  db.DBStoreBuilder (DBStoreBuilder.java:addTable(110)) - using custom profile for table: s3SecretTable
2019-09-26 17:06:09,338 [main] INFO  db.DBStoreBuilder (DBStoreBuilder.java:processTables(161)) - Using default column profile:DBProfile.DISK for Table:s3SecretTable
2019-09-26 17:06:09,338 [main] INFO  db.DBStoreBuilder (DBStoreBuilder.java:addTable(110)) - using custom profile for table: prefixTable
2019-09-26 17:06:09,339 [main] INFO  db.DBStoreBuilder (DBStoreBuilder.java:processTables(161)) - Using default column profile:DBProfile.DISK for Table:prefixTable
2019-09-26 17:06:09,339 [main] INFO  db.DBStoreBuilder (DBStoreBuilder.java:addTable(110)) - using custom profile for table: default
2019-09-26 17:06:09,339 [main] INFO  db.DBStoreBuilder (DBStoreBuilder.java:processTables(167)) - Using default column profile:DBProfile.DISK for Table:default
2019-09-26 17:06:09,339 [main] INFO  db.DBStoreBuilder (DBStoreBuilder.java:getDbProfile(198)) - Using default options. DBProfile.DISK
2019-09-26 17:06:09,847 [main] INFO  ipc.CallQueueManager (CallQueueManager.java:<init>(84)) - Using callQueue: class java.util.concurrent.LinkedBlockingQueue, queueCapacity: 2000, scheduler: class org.apache.hadoop.ipc.DefaultRpcScheduler, ipcBackoff: false.
2019-09-26 17:06:09,848 [Socket Reader #1 for port 39538] INFO  ipc.Server (Server.java:run(1074)) - Starting Socket Reader #1 for port 39538
2019-09-26 17:06:09,862 [main] INFO  om.OzoneManager (OzoneManager.java:start(1069)) - OzoneManager RPC server is listening at localhost/127.0.0.1:39538
2019-09-26 17:06:09,862 [main] INFO  impl.MetricsSystemImpl (MetricsSystemImpl.java:init(158)) - OzoneManager metrics system started (again)
2019-09-26 17:06:09,863 [IPC Server Responder] INFO  ipc.Server (Server.java:run(1314)) - IPC Server Responder: starting
2019-09-26 17:06:09,863 [IPC Server listener on 39538] INFO  ipc.Server (Server.java:run(1153)) - IPC Server listener on 39538: starting
2019-09-26 17:06:09,868 [main] INFO  hdfs.DFSUtil (DFSUtil.java:httpServerTemplateForNNAndJN(1641)) - Starting Web-server for ozoneManager at: http://0.0.0.0:0
2019-09-26 17:06:09,870 [main] INFO  server.AuthenticationFilter (AuthenticationFilter.java:constructSecretProvider(240)) - Unable to initialize FileSignerSecretProvider, falling back to use random secrets.
2019-09-26 17:06:09,870 [main] WARN  http.HttpRequestLog (HttpRequestLog.java:getRequestLog(97)) - Jetty request log can only be enabled using Log4j
2019-09-26 17:06:09,871 [main] INFO  http.HttpServer2 (HttpServer2.java:addGlobalFilter(975)) - Added global filter 'safety' (class=org.apache.hadoop.http.HttpServer2$QuotingInputFilter)
2019-09-26 17:06:09,872 [main] INFO  http.HttpServer2 (HttpServer2.java:addFilter(948)) - Added filter static_user_filter (class=org.apache.hadoop.http.lib.StaticUserWebFilter$StaticUserFilter) to context ozoneManager
2019-09-26 17:06:09,872 [main] INFO  http.HttpServer2 (HttpServer2.java:addFilter(958)) - Added filter static_user_filter (class=org.apache.hadoop.http.lib.StaticUserWebFilter$StaticUserFilter) to context logs
2019-09-26 17:06:09,872 [main] INFO  http.HttpServer2 (HttpServer2.java:addFilter(958)) - Added filter static_user_filter (class=org.apache.hadoop.http.lib.StaticUserWebFilter$StaticUserFilter) to context static
2019-09-26 17:06:09,873 [main] INFO  http.HttpServer2 (HttpServer2.java:bindListener(1191)) - Jetty bound to port 35863
2019-09-26 17:06:09,873 [main] INFO  server.Server (Server.java:doStart(351)) - jetty-9.3.25.v20180904, build timestamp: 2018-09-04T21:11:46Z, git hash: 3ce520221d0240229c862b122d2b06c12a625732
2019-09-26 17:06:09,875 [main] INFO  handler.ContextHandler (ContextHandler.java:doStart(781)) - Started o.e.j.s.ServletContextHandler@30893e08{/logs,file:///workdir/hadoop-ozone/integration-test/target/log,AVAILABLE}
2019-09-26 17:06:09,875 [main] INFO  handler.ContextHandler (ContextHandler.java:doStart(781)) - Started o.e.j.s.ServletContextHandler@4548d254{/static,file:///workdir/hadoop-ozone/integration-test/target/test-classes/webapps/static,AVAILABLE}
2019-09-26 17:06:09,879 [main] INFO  handler.ContextHandler (ContextHandler.java:doStart(781)) - Started o.e.j.w.WebAppContext@9efcd90{/,file:///workdir/hadoop-ozone/integration-test/target/test-classes/webapps/ozoneManager/,AVAILABLE}{/ozoneManager}
2019-09-26 17:06:09,879 [main] INFO  server.AbstractConnector (AbstractConnector.java:doStart(278)) - Started ServerConnector@7eb200ce{HTTP/1.1,[http/1.1]}{0.0.0.0:35863}
2019-09-26 17:06:09,880 [main] INFO  server.Server (Server.java:doStart(419)) - Started @149961ms
2019-09-26 17:06:09,881 [main] WARN  impl.MetricsSystemImpl (MetricsSystemImpl.java:register(276)) - Sink prometheus already exists!
2019-09-26 17:06:09,882 [main] INFO  server.BaseHttpServer (BaseHttpServer.java:updateConnectorAddress(215)) - HTTP server of OZONEMANAGER is listening at http://0.0.0.0:35863
2019-09-26 17:06:09,894 [main] INFO  impl.MetricsSystemImpl (MetricsSystemImpl.java:init(158)) - HddsDatanode metrics system started (again)
2019-09-26 17:06:09,896 [main] INFO  ozone.HddsDatanodeService (HddsDatanodeService.java:start(184)) - HddsDatanodeService host:pr-hdds-2162-htzpk-1451759861 ip:192.168.157.234
2019-09-26 17:06:09,901 [main] INFO  volume.HddsVolume (HddsVolume.java:<init>(176)) - Creating Volume: /workdir/hadoop-ozone/integration-test/target/test-dir/MiniOzoneClusterImpl-079ddb4d-8ae3-4b1a-b1c9-b03dd4a7ea74/datanode-0/data/containers/hdds of  storage type : DISK and capacity : 1482555576320
2019-09-26 17:06:09,902 [main] INFO  volume.VolumeSet (VolumeSet.java:initializeVolumeSet(170)) - Added Volume : /workdir/hadoop-ozone/integration-test/target/test-dir/MiniOzoneClusterImpl-079ddb4d-8ae3-4b1a-b1c9-b03dd4a7ea74/datanode-0/data/containers/hdds to VolumeSet
2019-09-26 17:06:09,902 [main] INFO  volume.ThrottledAsyncChecker (ThrottledAsyncChecker.java:schedule(139)) - Scheduling a check for org.apache.hadoop.ozone.container.common.volume.HddsVolume@3138953b
2019-09-26 17:06:09,902 [main] INFO  volume.HddsVolumeChecker (HddsVolumeChecker.java:checkAllVolumes(202)) - Scheduled health check for volume org.apache.hadoop.ozone.container.common.volume.HddsVolume@3138953b
2019-09-26 17:06:09,916 [main] INFO  impl.RaftServerProxy (ConfUtils.java:logGet(43)) - raft.rpc.type = GRPC (default)
2019-09-26 17:06:09,916 [main] INFO  grpc.GrpcFactory (GrpcFactory.java:checkPooledByteBufAllocatorUseCacheForAllThreads(45)) - PERFORMANCE WARNING: useCacheForAllThreads is true that may cause Netty to create a lot garbage objects and, as a result, trigger GC.
	It is recommended to disable useCacheForAllThreads by setting -Dorg.apache.ratis.thirdparty.io.netty.allocator.useCacheForAllThreads=false in command line.
2019-09-26 17:06:09,916 [main] INFO  grpc.GrpcConfigKeys$Server (ConfUtils.java:logGet(43)) - raft.grpc.server.port = 0 (default)
2019-09-26 17:06:09,917 [main] INFO  server.GrpcService (ConfUtils.java:logGet(43)) - raft.grpc.message.size.max = 33570816 (custom)
2019-09-26 17:06:09,917 [main] INFO  server.RaftServerConfigKeys (ConfUtils.java:logGet(43)) - raft.server.log.appender.buffer.byte-limit = 33554432 (custom)
2019-09-26 17:06:09,917 [main] INFO  server.GrpcService (ConfUtils.java:logGet(43)) - raft.grpc.flow.control.window = 1MB (=1048576) (default)
2019-09-26 17:06:09,917 [main] INFO  server.RaftServerConfigKeys (ConfUtils.java:logGet(43)) - raft.server.rpc.request.timeout = 3000ms (default)
2019-09-26 17:06:09,918 [main] INFO  server.RaftServerConfigKeys (ConfUtils.java:logGet(43)) - raft.server.storage.dir = [/workdir/hadoop-ozone/integration-test/target/test-dir/MiniOzoneClusterImpl-079ddb4d-8ae3-4b1a-b1c9-b03dd4a7ea74/datanode-0/data/ratis] (custom)
2019-09-26 17:06:09,919 [main] INFO  hdfs.DFSUtil (DFSUtil.java:httpServerTemplateForNNAndJN(1641)) - Starting Web-server for hddsDatanode at: http://0.0.0.0:0
2019-09-26 17:06:09,921 [main] INFO  server.AuthenticationFilter (AuthenticationFilter.java:constructSecretProvider(240)) - Unable to initialize FileSignerSecretProvider, falling back to use random secrets.
2019-09-26 17:06:09,921 [main] WARN  http.HttpRequestLog (HttpRequestLog.java:getRequestLog(97)) - Jetty request log can only be enabled using Log4j
2019-09-26 17:06:09,922 [main] INFO  http.HttpServer2 (HttpServer2.java:addGlobalFilter(975)) - Added global filter 'safety' (class=org.apache.hadoop.http.HttpServer2$QuotingInputFilter)
2019-09-26 17:06:09,923 [main] INFO  http.HttpServer2 (HttpServer2.java:addFilter(948)) - Added filter static_user_filter (class=org.apache.hadoop.http.lib.StaticUserWebFilter$StaticUserFilter) to context hddsDatanode
2019-09-26 17:06:09,923 [main] INFO  http.HttpServer2 (HttpServer2.java:addFilter(958)) - Added filter static_user_filter (class=org.apache.hadoop.http.lib.StaticUserWebFilter$StaticUserFilter) to context static
2019-09-26 17:06:09,923 [main] INFO  http.HttpServer2 (HttpServer2.java:addFilter(958)) - Added filter static_user_filter (class=org.apache.hadoop.http.lib.StaticUserWebFilter$StaticUserFilter) to context logs
2019-09-26 17:06:09,924 [main] INFO  http.HttpServer2 (HttpServer2.java:bindListener(1191)) - Jetty bound to port 40311
2019-09-26 17:06:09,924 [main] INFO  server.Server (Server.java:doStart(351)) - jetty-9.3.25.v20180904, build timestamp: 2018-09-04T21:11:46Z, git hash: 3ce520221d0240229c862b122d2b06c12a625732
2019-09-26 17:06:09,926 [main] INFO  handler.ContextHandler (ContextHandler.java:doStart(781)) - Started o.e.j.s.ServletContextHandler@73c3cd09{/logs,file:///workdir/hadoop-ozone/integration-test/target/log,AVAILABLE}
2019-09-26 17:06:09,926 [main] INFO  handler.ContextHandler (ContextHandler.java:doStart(781)) - Started o.e.j.s.ServletContextHandler@7c1447b5{/static,jar:file:/home/user/.m2/repository/org/apache/hadoop/hadoop-hdds-container-service/0.5.0-SNAPSHOT/hadoop-hdds-container-service-0.5.0-SNAPSHOT.jar!/webapps/static,AVAILABLE}
2019-09-26 17:06:09,955 [main] INFO  handler.ContextHandler (ContextHandler.java:doStart(781)) - Started o.e.j.w.WebAppContext@2acdcce8{/,file:///tmp/jetty-0.0.0.0-40311-hddsDatanode-_-any-7018418976407557958.dir/webapp/,AVAILABLE}{/hddsDatanode}
2019-09-26 17:06:09,955 [main] INFO  server.AbstractConnector (AbstractConnector.java:doStart(278)) - Started ServerConnector@7102ac3e{HTTP/1.1,[http/1.1]}{0.0.0.0:40311}
2019-09-26 17:06:09,957 [main] INFO  server.Server (Server.java:doStart(419)) - Started @150037ms
2019-09-26 17:06:09,957 [main] WARN  impl.MetricsSystemImpl (MetricsSystemImpl.java:register(276)) - Sink prometheus already exists!
2019-09-26 17:06:09,958 [main] INFO  server.BaseHttpServer (BaseHttpServer.java:updateConnectorAddress(215)) - HTTP server of HDDSDATANODE is listening at http://0.0.0.0:40311
2019-09-26 17:06:09,958 [main] INFO  impl.MetricsSystemImpl (MetricsSystemImpl.java:init(158)) - HddsDatanode metrics system started (again)
2019-09-26 17:06:09,960 [main] INFO  ozone.HddsDatanodeService (HddsDatanodeService.java:start(184)) - HddsDatanodeService host:pr-hdds-2162-htzpk-1451759861 ip:192.168.157.234
2019-09-26 17:06:09,961 [org.apache.hadoop.util.JvmPauseMonitor$Monitor@42f09446] INFO  util.JvmPauseMonitor (JvmPauseMonitor.java:run(188)) - Starting JVM pause monitor
2019-09-26 17:06:09,964 [Datanode State Machine Thread - 0] INFO  datanode.InitDatanodeState (InitDatanodeState.java:persistContainerDatanodeDetails(140)) - DatanodeDetails is persisted to /workdir/hadoop-ozone/integration-test/target/test-dir/MiniOzoneClusterImpl-079ddb4d-8ae3-4b1a-b1c9-b03dd4a7ea74/datanode-0/meta/datanode.id
2019-09-26 17:06:09,967 [main] INFO  volume.HddsVolume (HddsVolume.java:<init>(176)) - Creating Volume: /workdir/hadoop-ozone/integration-test/target/test-dir/MiniOzoneClusterImpl-079ddb4d-8ae3-4b1a-b1c9-b03dd4a7ea74/datanode-1/data/containers/hdds of  storage type : DISK and capacity : 1482555576320
2019-09-26 17:06:09,967 [main] INFO  volume.VolumeSet (VolumeSet.java:initializeVolumeSet(170)) - Added Volume : /workdir/hadoop-ozone/integration-test/target/test-dir/MiniOzoneClusterImpl-079ddb4d-8ae3-4b1a-b1c9-b03dd4a7ea74/datanode-1/data/containers/hdds to VolumeSet
2019-09-26 17:06:09,967 [main] INFO  volume.ThrottledAsyncChecker (ThrottledAsyncChecker.java:schedule(139)) - Scheduling a check for org.apache.hadoop.ozone.container.common.volume.HddsVolume@1015a4b9
2019-09-26 17:06:09,968 [main] INFO  volume.HddsVolumeChecker (HddsVolumeChecker.java:checkAllVolumes(202)) - Scheduled health check for volume org.apache.hadoop.ozone.container.common.volume.HddsVolume@1015a4b9
2019-09-26 17:06:09,980 [main] INFO  impl.RaftServerProxy (ConfUtils.java:logGet(43)) - raft.rpc.type = GRPC (default)
2019-09-26 17:06:09,980 [main] INFO  grpc.GrpcFactory (GrpcFactory.java:checkPooledByteBufAllocatorUseCacheForAllThreads(45)) - PERFORMANCE WARNING: useCacheForAllThreads is true that may cause Netty to create a lot garbage objects and, as a result, trigger GC.
	It is recommended to disable useCacheForAllThreads by setting -Dorg.apache.ratis.thirdparty.io.netty.allocator.useCacheForAllThreads=false in command line.
2019-09-26 17:06:09,980 [main] INFO  grpc.GrpcConfigKeys$Server (ConfUtils.java:logGet(43)) - raft.grpc.server.port = 0 (default)
2019-09-26 17:06:09,980 [main] INFO  server.GrpcService (ConfUtils.java:logGet(43)) - raft.grpc.message.size.max = 33570816 (custom)
2019-09-26 17:06:09,981 [main] INFO  server.RaftServerConfigKeys (ConfUtils.java:logGet(43)) - raft.server.log.appender.buffer.byte-limit = 33554432 (custom)
2019-09-26 17:06:09,981 [main] INFO  server.GrpcService (ConfUtils.java:logGet(43)) - raft.grpc.flow.control.window = 1MB (=1048576) (default)
2019-09-26 17:06:09,981 [main] INFO  server.RaftServerConfigKeys (ConfUtils.java:logGet(43)) - raft.server.rpc.request.timeout = 3000ms (default)
2019-09-26 17:06:09,981 [main] INFO  server.RaftServerConfigKeys (ConfUtils.java:logGet(43)) - raft.server.storage.dir = [/workdir/hadoop-ozone/integration-test/target/test-dir/MiniOzoneClusterImpl-079ddb4d-8ae3-4b1a-b1c9-b03dd4a7ea74/datanode-1/data/ratis] (custom)
2019-09-26 17:06:09,983 [main] INFO  hdfs.DFSUtil (DFSUtil.java:httpServerTemplateForNNAndJN(1641)) - Starting Web-server for hddsDatanode at: http://0.0.0.0:0
2019-09-26 17:06:09,984 [main] INFO  server.AuthenticationFilter (AuthenticationFilter.java:constructSecretProvider(240)) - Unable to initialize FileSignerSecretProvider, falling back to use random secrets.
2019-09-26 17:06:09,985 [main] WARN  http.HttpRequestLog (HttpRequestLog.java:getRequestLog(97)) - Jetty request log can only be enabled using Log4j
2019-09-26 17:06:09,986 [main] INFO  http.HttpServer2 (HttpServer2.java:addGlobalFilter(975)) - Added global filter 'safety' (class=org.apache.hadoop.http.HttpServer2$QuotingInputFilter)
2019-09-26 17:06:09,986 [main] INFO  http.HttpServer2 (HttpServer2.java:addFilter(948)) - Added filter static_user_filter (class=org.apache.hadoop.http.lib.StaticUserWebFilter$StaticUserFilter) to context hddsDatanode
2019-09-26 17:06:09,987 [main] INFO  http.HttpServer2 (HttpServer2.java:addFilter(958)) - Added filter static_user_filter (class=org.apache.hadoop.http.lib.StaticUserWebFilter$StaticUserFilter) to context logs
2019-09-26 17:06:09,987 [main] INFO  http.HttpServer2 (HttpServer2.java:addFilter(958)) - Added filter static_user_filter (class=org.apache.hadoop.http.lib.StaticUserWebFilter$StaticUserFilter) to context static
2019-09-26 17:06:09,987 [main] INFO  http.HttpServer2 (HttpServer2.java:bindListener(1191)) - Jetty bound to port 39039
2019-09-26 17:06:09,988 [main] INFO  server.Server (Server.java:doStart(351)) - jetty-9.3.25.v20180904, build timestamp: 2018-09-04T21:11:46Z, git hash: 3ce520221d0240229c862b122d2b06c12a625732
2019-09-26 17:06:09,990 [main] INFO  handler.ContextHandler (ContextHandler.java:doStart(781)) - Started o.e.j.s.ServletContextHandler@267cde2e{/logs,file:///workdir/hadoop-ozone/integration-test/target/log,AVAILABLE}
2019-09-26 17:06:09,990 [main] INFO  handler.ContextHandler (ContextHandler.java:doStart(781)) - Started o.e.j.s.ServletContextHandler@56dd6efa{/static,jar:file:/home/user/.m2/repository/org/apache/hadoop/hadoop-hdds-container-service/0.5.0-SNAPSHOT/hadoop-hdds-container-service-0.5.0-SNAPSHOT.jar!/webapps/static,AVAILABLE}
2019-09-26 17:06:10,019 [main] INFO  handler.ContextHandler (ContextHandler.java:doStart(781)) - Started o.e.j.w.WebAppContext@5b20706{/,file:///tmp/jetty-0.0.0.0-39039-hddsDatanode-_-any-6785340144116663673.dir/webapp/,AVAILABLE}{/hddsDatanode}
2019-09-26 17:06:10,020 [main] INFO  server.AbstractConnector (AbstractConnector.java:doStart(278)) - Started ServerConnector@16aed49f{HTTP/1.1,[http/1.1]}{0.0.0.0:39039}
2019-09-26 17:06:10,022 [main] INFO  server.Server (Server.java:doStart(419)) - Started @150102ms
2019-09-26 17:06:10,022 [main] WARN  impl.MetricsSystemImpl (MetricsSystemImpl.java:register(276)) - Sink prometheus already exists!
2019-09-26 17:06:10,023 [main] INFO  server.BaseHttpServer (BaseHttpServer.java:updateConnectorAddress(215)) - HTTP server of HDDSDATANODE is listening at http://0.0.0.0:39039
2019-09-26 17:06:10,023 [main] INFO  impl.MetricsSystemImpl (MetricsSystemImpl.java:init(158)) - HddsDatanode metrics system started (again)
2019-09-26 17:06:10,025 [org.apache.hadoop.util.JvmPauseMonitor$Monitor@4472019d] INFO  util.JvmPauseMonitor (JvmPauseMonitor.java:run(188)) - Starting JVM pause monitor
2019-09-26 17:06:10,025 [main] INFO  ozone.HddsDatanodeService (HddsDatanodeService.java:start(184)) - HddsDatanodeService host:pr-hdds-2162-htzpk-1451759861 ip:192.168.157.234
2019-09-26 17:06:10,027 [Datanode State Machine Thread - 0] INFO  datanode.InitDatanodeState (InitDatanodeState.java:persistContainerDatanodeDetails(140)) - DatanodeDetails is persisted to /workdir/hadoop-ozone/integration-test/target/test-dir/MiniOzoneClusterImpl-079ddb4d-8ae3-4b1a-b1c9-b03dd4a7ea74/datanode-1/meta/datanode.id
2019-09-26 17:06:10,030 [main] INFO  volume.HddsVolume (HddsVolume.java:<init>(176)) - Creating Volume: /workdir/hadoop-ozone/integration-test/target/test-dir/MiniOzoneClusterImpl-079ddb4d-8ae3-4b1a-b1c9-b03dd4a7ea74/datanode-2/data/containers/hdds of  storage type : DISK and capacity : 1482555576320
2019-09-26 17:06:10,031 [main] INFO  volume.VolumeSet (VolumeSet.java:initializeVolumeSet(170)) - Added Volume : /workdir/hadoop-ozone/integration-test/target/test-dir/MiniOzoneClusterImpl-079ddb4d-8ae3-4b1a-b1c9-b03dd4a7ea74/datanode-2/data/containers/hdds to VolumeSet
2019-09-26 17:06:10,031 [main] INFO  volume.ThrottledAsyncChecker (ThrottledAsyncChecker.java:schedule(139)) - Scheduling a check for org.apache.hadoop.ozone.container.common.volume.HddsVolume@493b01ef
2019-09-26 17:06:10,031 [main] INFO  volume.HddsVolumeChecker (HddsVolumeChecker.java:checkAllVolumes(202)) - Scheduled health check for volume org.apache.hadoop.ozone.container.common.volume.HddsVolume@493b01ef
2019-09-26 17:06:10,044 [main] INFO  impl.RaftServerProxy (ConfUtils.java:logGet(43)) - raft.rpc.type = GRPC (default)
2019-09-26 17:06:10,044 [main] INFO  grpc.GrpcFactory (GrpcFactory.java:checkPooledByteBufAllocatorUseCacheForAllThreads(45)) - PERFORMANCE WARNING: useCacheForAllThreads is true that may cause Netty to create a lot garbage objects and, as a result, trigger GC.
	It is recommended to disable useCacheForAllThreads by setting -Dorg.apache.ratis.thirdparty.io.netty.allocator.useCacheForAllThreads=false in command line.
2019-09-26 17:06:10,044 [main] INFO  grpc.GrpcConfigKeys$Server (ConfUtils.java:logGet(43)) - raft.grpc.server.port = 0 (default)
2019-09-26 17:06:10,044 [main] INFO  server.GrpcService (ConfUtils.java:logGet(43)) - raft.grpc.message.size.max = 33570816 (custom)
2019-09-26 17:06:10,045 [main] INFO  server.RaftServerConfigKeys (ConfUtils.java:logGet(43)) - raft.server.log.appender.buffer.byte-limit = 33554432 (custom)
2019-09-26 17:06:10,045 [main] INFO  server.GrpcService (ConfUtils.java:logGet(43)) - raft.grpc.flow.control.window = 1MB (=1048576) (default)
2019-09-26 17:06:10,045 [main] INFO  server.RaftServerConfigKeys (ConfUtils.java:logGet(43)) - raft.server.rpc.request.timeout = 3000ms (default)
2019-09-26 17:06:10,045 [main] INFO  server.RaftServerConfigKeys (ConfUtils.java:logGet(43)) - raft.server.storage.dir = [/workdir/hadoop-ozone/integration-test/target/test-dir/MiniOzoneClusterImpl-079ddb4d-8ae3-4b1a-b1c9-b03dd4a7ea74/datanode-2/data/ratis] (custom)
2019-09-26 17:06:10,047 [main] INFO  hdfs.DFSUtil (DFSUtil.java:httpServerTemplateForNNAndJN(1641)) - Starting Web-server for hddsDatanode at: http://0.0.0.0:0
2019-09-26 17:06:10,048 [main] INFO  server.AuthenticationFilter (AuthenticationFilter.java:constructSecretProvider(240)) - Unable to initialize FileSignerSecretProvider, falling back to use random secrets.
2019-09-26 17:06:10,048 [main] WARN  http.HttpRequestLog (HttpRequestLog.java:getRequestLog(97)) - Jetty request log can only be enabled using Log4j
2019-09-26 17:06:10,050 [main] INFO  http.HttpServer2 (HttpServer2.java:addGlobalFilter(975)) - Added global filter 'safety' (class=org.apache.hadoop.http.HttpServer2$QuotingInputFilter)
2019-09-26 17:06:10,050 [main] INFO  http.HttpServer2 (HttpServer2.java:addFilter(948)) - Added filter static_user_filter (class=org.apache.hadoop.http.lib.StaticUserWebFilter$StaticUserFilter) to context hddsDatanode
2019-09-26 17:06:10,050 [main] INFO  http.HttpServer2 (HttpServer2.java:addFilter(958)) - Added filter static_user_filter (class=org.apache.hadoop.http.lib.StaticUserWebFilter$StaticUserFilter) to context static
2019-09-26 17:06:10,050 [main] INFO  http.HttpServer2 (HttpServer2.java:addFilter(958)) - Added filter static_user_filter (class=org.apache.hadoop.http.lib.StaticUserWebFilter$StaticUserFilter) to context logs
2019-09-26 17:06:10,051 [main] INFO  http.HttpServer2 (HttpServer2.java:bindListener(1191)) - Jetty bound to port 41178
2019-09-26 17:06:10,051 [main] INFO  server.Server (Server.java:doStart(351)) - jetty-9.3.25.v20180904, build timestamp: 2018-09-04T21:11:46Z, git hash: 3ce520221d0240229c862b122d2b06c12a625732
2019-09-26 17:06:10,053 [main] INFO  handler.ContextHandler (ContextHandler.java:doStart(781)) - Started o.e.j.s.ServletContextHandler@753fd7a1{/logs,file:///workdir/hadoop-ozone/integration-test/target/log,AVAILABLE}
2019-09-26 17:06:10,053 [main] INFO  handler.ContextHandler (ContextHandler.java:doStart(781)) - Started o.e.j.s.ServletContextHandler@21b6c9c2{/static,jar:file:/home/user/.m2/repository/org/apache/hadoop/hadoop-hdds-container-service/0.5.0-SNAPSHOT/hadoop-hdds-container-service-0.5.0-SNAPSHOT.jar!/webapps/static,AVAILABLE}
2019-09-26 17:06:10,084 [main] INFO  handler.ContextHandler (ContextHandler.java:doStart(781)) - Started o.e.j.w.WebAppContext@3d20e575{/,file:///tmp/jetty-0.0.0.0-41178-hddsDatanode-_-any-3504625607264020974.dir/webapp/,AVAILABLE}{/hddsDatanode}
2019-09-26 17:06:10,084 [main] INFO  server.AbstractConnector (AbstractConnector.java:doStart(278)) - Started ServerConnector@3252747e{HTTP/1.1,[http/1.1]}{0.0.0.0:41178}
2019-09-26 17:06:10,086 [main] INFO  server.Server (Server.java:doStart(419)) - Started @150166ms
2019-09-26 17:06:10,086 [main] WARN  impl.MetricsSystemImpl (MetricsSystemImpl.java:register(276)) - Sink prometheus already exists!
2019-09-26 17:06:10,087 [main] INFO  server.BaseHttpServer (BaseHttpServer.java:updateConnectorAddress(215)) - HTTP server of HDDSDATANODE is listening at http://0.0.0.0:41178
2019-09-26 17:06:10,087 [main] INFO  impl.MetricsSystemImpl (MetricsSystemImpl.java:init(158)) - HddsDatanode metrics system started (again)
2019-09-26 17:06:10,089 [main] INFO  ozone.HddsDatanodeService (HddsDatanodeService.java:start(184)) - HddsDatanodeService host:pr-hdds-2162-htzpk-1451759861 ip:192.168.157.234
2019-09-26 17:06:10,090 [org.apache.hadoop.util.JvmPauseMonitor$Monitor@572f3701] INFO  util.JvmPauseMonitor (JvmPauseMonitor.java:run(188)) - Starting JVM pause monitor
2019-09-26 17:06:10,092 [Datanode State Machine Thread - 0] INFO  datanode.InitDatanodeState (InitDatanodeState.java:persistContainerDatanodeDetails(140)) - DatanodeDetails is persisted to /workdir/hadoop-ozone/integration-test/target/test-dir/MiniOzoneClusterImpl-079ddb4d-8ae3-4b1a-b1c9-b03dd4a7ea74/datanode-2/meta/datanode.id
2019-09-26 17:06:10,095 [main] INFO  volume.HddsVolume (HddsVolume.java:<init>(176)) - Creating Volume: /workdir/hadoop-ozone/integration-test/target/test-dir/MiniOzoneClusterImpl-079ddb4d-8ae3-4b1a-b1c9-b03dd4a7ea74/datanode-3/data/containers/hdds of  storage type : DISK and capacity : 1482555576320
2019-09-26 17:06:10,096 [main] INFO  volume.VolumeSet (VolumeSet.java:initializeVolumeSet(170)) - Added Volume : /workdir/hadoop-ozone/integration-test/target/test-dir/MiniOzoneClusterImpl-079ddb4d-8ae3-4b1a-b1c9-b03dd4a7ea74/datanode-3/data/containers/hdds to VolumeSet
2019-09-26 17:06:10,096 [main] INFO  volume.ThrottledAsyncChecker (ThrottledAsyncChecker.java:schedule(139)) - Scheduling a check for org.apache.hadoop.ozone.container.common.volume.HddsVolume@3a6045c6
2019-09-26 17:06:10,096 [main] INFO  volume.HddsVolumeChecker (HddsVolumeChecker.java:checkAllVolumes(202)) - Scheduled health check for volume org.apache.hadoop.ozone.container.common.volume.HddsVolume@3a6045c6
2019-09-26 17:06:10,109 [main] INFO  impl.RaftServerProxy (ConfUtils.java:logGet(43)) - raft.rpc.type = GRPC (default)
2019-09-26 17:06:10,109 [main] INFO  grpc.GrpcFactory (GrpcFactory.java:checkPooledByteBufAllocatorUseCacheForAllThreads(45)) - PERFORMANCE WARNING: useCacheForAllThreads is true that may cause Netty to create a lot garbage objects and, as a result, trigger GC.
	It is recommended to disable useCacheForAllThreads by setting -Dorg.apache.ratis.thirdparty.io.netty.allocator.useCacheForAllThreads=false in command line.
2019-09-26 17:06:10,110 [main] INFO  grpc.GrpcConfigKeys$Server (ConfUtils.java:logGet(43)) - raft.grpc.server.port = 0 (default)
2019-09-26 17:06:10,110 [main] INFO  server.GrpcService (ConfUtils.java:logGet(43)) - raft.grpc.message.size.max = 33570816 (custom)
2019-09-26 17:06:10,110 [main] INFO  server.RaftServerConfigKeys (ConfUtils.java:logGet(43)) - raft.server.log.appender.buffer.byte-limit = 33554432 (custom)
2019-09-26 17:06:10,110 [main] INFO  server.GrpcService (ConfUtils.java:logGet(43)) - raft.grpc.flow.control.window = 1MB (=1048576) (default)
2019-09-26 17:06:10,110 [main] INFO  server.RaftServerConfigKeys (ConfUtils.java:logGet(43)) - raft.server.rpc.request.timeout = 3000ms (default)
2019-09-26 17:06:10,111 [main] INFO  server.RaftServerConfigKeys (ConfUtils.java:logGet(43)) - raft.server.storage.dir = [/workdir/hadoop-ozone/integration-test/target/test-dir/MiniOzoneClusterImpl-079ddb4d-8ae3-4b1a-b1c9-b03dd4a7ea74/datanode-3/data/ratis] (custom)
2019-09-26 17:06:10,112 [main] INFO  hdfs.DFSUtil (DFSUtil.java:httpServerTemplateForNNAndJN(1641)) - Starting Web-server for hddsDatanode at: http://0.0.0.0:0
2019-09-26 17:06:10,114 [main] INFO  server.AuthenticationFilter (AuthenticationFilter.java:constructSecretProvider(240)) - Unable to initialize FileSignerSecretProvider, falling back to use random secrets.
2019-09-26 17:06:10,115 [main] WARN  http.HttpRequestLog (HttpRequestLog.java:getRequestLog(97)) - Jetty request log can only be enabled using Log4j
2019-09-26 17:06:10,117 [main] INFO  http.HttpServer2 (HttpServer2.java:addGlobalFilter(975)) - Added global filter 'safety' (class=org.apache.hadoop.http.HttpServer2$QuotingInputFilter)
2019-09-26 17:06:10,118 [main] INFO  http.HttpServer2 (HttpServer2.java:addFilter(948)) - Added filter static_user_filter (class=org.apache.hadoop.http.lib.StaticUserWebFilter$StaticUserFilter) to context hddsDatanode
2019-09-26 17:06:10,118 [main] INFO  http.HttpServer2 (HttpServer2.java:addFilter(958)) - Added filter static_user_filter (class=org.apache.hadoop.http.lib.StaticUserWebFilter$StaticUserFilter) to context logs
2019-09-26 17:06:10,118 [main] INFO  http.HttpServer2 (HttpServer2.java:addFilter(958)) - Added filter static_user_filter (class=org.apache.hadoop.http.lib.StaticUserWebFilter$StaticUserFilter) to context static
2019-09-26 17:06:10,119 [main] INFO  http.HttpServer2 (HttpServer2.java:bindListener(1191)) - Jetty bound to port 38741
2019-09-26 17:06:10,120 [main] INFO  server.Server (Server.java:doStart(351)) - jetty-9.3.25.v20180904, build timestamp: 2018-09-04T21:11:46Z, git hash: 3ce520221d0240229c862b122d2b06c12a625732
2019-09-26 17:06:10,122 [main] INFO  handler.ContextHandler (ContextHandler.java:doStart(781)) - Started o.e.j.s.ServletContextHandler@217bf99e{/logs,file:///workdir/hadoop-ozone/integration-test/target/log,AVAILABLE}
2019-09-26 17:06:10,123 [main] INFO  handler.ContextHandler (ContextHandler.java:doStart(781)) - Started o.e.j.s.ServletContextHandler@7ddd84b5{/static,jar:file:/home/user/.m2/repository/org/apache/hadoop/hadoop-hdds-container-service/0.5.0-SNAPSHOT/hadoop-hdds-container-service-0.5.0-SNAPSHOT.jar!/webapps/static,AVAILABLE}
2019-09-26 17:06:10,162 [main] INFO  handler.ContextHandler (ContextHandler.java:doStart(781)) - Started o.e.j.w.WebAppContext@6fff46bf{/,file:///tmp/jetty-0.0.0.0-38741-hddsDatanode-_-any-3537163899362845703.dir/webapp/,AVAILABLE}{/hddsDatanode}
2019-09-26 17:06:10,162 [main] INFO  server.AbstractConnector (AbstractConnector.java:doStart(278)) - Started ServerConnector@1835dc92{HTTP/1.1,[http/1.1]}{0.0.0.0:38741}
2019-09-26 17:06:10,164 [main] INFO  server.Server (Server.java:doStart(419)) - Started @150244ms
2019-09-26 17:06:10,164 [main] WARN  impl.MetricsSystemImpl (MetricsSystemImpl.java:register(276)) - Sink prometheus already exists!
2019-09-26 17:06:10,165 [main] INFO  server.BaseHttpServer (BaseHttpServer.java:updateConnectorAddress(215)) - HTTP server of HDDSDATANODE is listening at http://0.0.0.0:38741
2019-09-26 17:06:10,165 [main] INFO  impl.MetricsSystemImpl (MetricsSystemImpl.java:init(158)) - HddsDatanode metrics system started (again)
2019-09-26 17:06:10,168 [main] INFO  ozone.HddsDatanodeService (HddsDatanodeService.java:start(184)) - HddsDatanodeService host:pr-hdds-2162-htzpk-1451759861 ip:192.168.157.234
2019-09-26 17:06:10,168 [org.apache.hadoop.util.JvmPauseMonitor$Monitor@3af38142] INFO  util.JvmPauseMonitor (JvmPauseMonitor.java:run(188)) - Starting JVM pause monitor
2019-09-26 17:06:10,170 [Datanode State Machine Thread - 0] INFO  datanode.InitDatanodeState (InitDatanodeState.java:persistContainerDatanodeDetails(140)) - DatanodeDetails is persisted to /workdir/hadoop-ozone/integration-test/target/test-dir/MiniOzoneClusterImpl-079ddb4d-8ae3-4b1a-b1c9-b03dd4a7ea74/datanode-3/meta/datanode.id
2019-09-26 17:06:10,173 [main] INFO  volume.HddsVolume (HddsVolume.java:<init>(176)) - Creating Volume: /workdir/hadoop-ozone/integration-test/target/test-dir/MiniOzoneClusterImpl-079ddb4d-8ae3-4b1a-b1c9-b03dd4a7ea74/datanode-4/data/containers/hdds of  storage type : DISK and capacity : 1482555576320
2019-09-26 17:06:10,174 [main] INFO  volume.VolumeSet (VolumeSet.java:initializeVolumeSet(170)) - Added Volume : /workdir/hadoop-ozone/integration-test/target/test-dir/MiniOzoneClusterImpl-079ddb4d-8ae3-4b1a-b1c9-b03dd4a7ea74/datanode-4/data/containers/hdds to VolumeSet
2019-09-26 17:06:10,174 [main] INFO  volume.ThrottledAsyncChecker (ThrottledAsyncChecker.java:schedule(139)) - Scheduling a check for org.apache.hadoop.ozone.container.common.volume.HddsVolume@642857e0
2019-09-26 17:06:10,174 [main] INFO  volume.HddsVolumeChecker (HddsVolumeChecker.java:checkAllVolumes(202)) - Scheduled health check for volume org.apache.hadoop.ozone.container.common.volume.HddsVolume@642857e0
2019-09-26 17:06:10,188 [main] INFO  impl.RaftServerProxy (ConfUtils.java:logGet(43)) - raft.rpc.type = GRPC (default)
2019-09-26 17:06:10,188 [main] INFO  grpc.GrpcFactory (GrpcFactory.java:checkPooledByteBufAllocatorUseCacheForAllThreads(45)) - PERFORMANCE WARNING: useCacheForAllThreads is true that may cause Netty to create a lot garbage objects and, as a result, trigger GC.
	It is recommended to disable useCacheForAllThreads by setting -Dorg.apache.ratis.thirdparty.io.netty.allocator.useCacheForAllThreads=false in command line.
2019-09-26 17:06:10,188 [main] INFO  grpc.GrpcConfigKeys$Server (ConfUtils.java:logGet(43)) - raft.grpc.server.port = 0 (default)
2019-09-26 17:06:10,188 [main] INFO  server.GrpcService (ConfUtils.java:logGet(43)) - raft.grpc.message.size.max = 33570816 (custom)
2019-09-26 17:06:10,189 [main] INFO  server.RaftServerConfigKeys (ConfUtils.java:logGet(43)) - raft.server.log.appender.buffer.byte-limit = 33554432 (custom)
2019-09-26 17:06:10,189 [main] INFO  server.GrpcService (ConfUtils.java:logGet(43)) - raft.grpc.flow.control.window = 1MB (=1048576) (default)
2019-09-26 17:06:10,189 [main] INFO  server.RaftServerConfigKeys (ConfUtils.java:logGet(43)) - raft.server.rpc.request.timeout = 3000ms (default)
2019-09-26 17:06:10,189 [main] INFO  server.RaftServerConfigKeys (ConfUtils.java:logGet(43)) - raft.server.storage.dir = [/workdir/hadoop-ozone/integration-test/target/test-dir/MiniOzoneClusterImpl-079ddb4d-8ae3-4b1a-b1c9-b03dd4a7ea74/datanode-4/data/ratis] (custom)
2019-09-26 17:06:10,191 [main] INFO  hdfs.DFSUtil (DFSUtil.java:httpServerTemplateForNNAndJN(1641)) - Starting Web-server for hddsDatanode at: http://0.0.0.0:0
2019-09-26 17:06:10,192 [main] INFO  server.AuthenticationFilter (AuthenticationFilter.java:constructSecretProvider(240)) - Unable to initialize FileSignerSecretProvider, falling back to use random secrets.
2019-09-26 17:06:10,192 [main] WARN  http.HttpRequestLog (HttpRequestLog.java:getRequestLog(97)) - Jetty request log can only be enabled using Log4j
2019-09-26 17:06:10,193 [main] INFO  http.HttpServer2 (HttpServer2.java:addGlobalFilter(975)) - Added global filter 'safety' (class=org.apache.hadoop.http.HttpServer2$QuotingInputFilter)
2019-09-26 17:06:10,194 [main] INFO  http.HttpServer2 (HttpServer2.java:addFilter(948)) - Added filter static_user_filter (class=org.apache.hadoop.http.lib.StaticUserWebFilter$StaticUserFilter) to context hddsDatanode
2019-09-26 17:06:10,194 [main] INFO  http.HttpServer2 (HttpServer2.java:addFilter(958)) - Added filter static_user_filter (class=org.apache.hadoop.http.lib.StaticUserWebFilter$StaticUserFilter) to context logs
2019-09-26 17:06:10,194 [main] INFO  http.HttpServer2 (HttpServer2.java:addFilter(958)) - Added filter static_user_filter (class=org.apache.hadoop.http.lib.StaticUserWebFilter$StaticUserFilter) to context static
2019-09-26 17:06:10,195 [main] INFO  http.HttpServer2 (HttpServer2.java:bindListener(1191)) - Jetty bound to port 39696
2019-09-26 17:06:10,195 [main] INFO  server.Server (Server.java:doStart(351)) - jetty-9.3.25.v20180904, build timestamp: 2018-09-04T21:11:46Z, git hash: 3ce520221d0240229c862b122d2b06c12a625732
2019-09-26 17:06:10,196 [main] INFO  handler.ContextHandler (ContextHandler.java:doStart(781)) - Started o.e.j.s.ServletContextHandler@3ff54f3d{/logs,file:///workdir/hadoop-ozone/integration-test/target/log,AVAILABLE}
2019-09-26 17:06:10,197 [main] INFO  handler.ContextHandler (ContextHandler.java:doStart(781)) - Started o.e.j.s.ServletContextHandler@62a68bcb{/static,jar:file:/home/user/.m2/repository/org/apache/hadoop/hadoop-hdds-container-service/0.5.0-SNAPSHOT/hadoop-hdds-container-service-0.5.0-SNAPSHOT.jar!/webapps/static,AVAILABLE}
2019-09-26 17:06:10,224 [main] INFO  handler.ContextHandler (ContextHandler.java:doStart(781)) - Started o.e.j.w.WebAppContext@3ba3d4b6{/,file:///tmp/jetty-0.0.0.0-39696-hddsDatanode-_-any-4506524722303758781.dir/webapp/,AVAILABLE}{/hddsDatanode}
2019-09-26 17:06:10,224 [main] INFO  server.AbstractConnector (AbstractConnector.java:doStart(278)) - Started ServerConnector@51b77cdf{HTTP/1.1,[http/1.1]}{0.0.0.0:39696}
2019-09-26 17:06:10,226 [main] INFO  server.Server (Server.java:doStart(419)) - Started @150306ms
2019-09-26 17:06:10,226 [main] WARN  impl.MetricsSystemImpl (MetricsSystemImpl.java:register(276)) - Sink prometheus already exists!
2019-09-26 17:06:10,227 [main] INFO  server.BaseHttpServer (BaseHttpServer.java:updateConnectorAddress(215)) - HTTP server of HDDSDATANODE is listening at http://0.0.0.0:39696
2019-09-26 17:06:10,227 [main] INFO  impl.MetricsSystemImpl (MetricsSystemImpl.java:init(158)) - HddsDatanode metrics system started (again)
2019-09-26 17:06:10,230 [main] INFO  ozone.HddsDatanodeService (HddsDatanodeService.java:start(184)) - HddsDatanodeService host:pr-hdds-2162-htzpk-1451759861 ip:192.168.157.234
2019-09-26 17:06:10,230 [org.apache.hadoop.util.JvmPauseMonitor$Monitor@18ae472a] INFO  util.JvmPauseMonitor (JvmPauseMonitor.java:run(188)) - Starting JVM pause monitor
2019-09-26 17:06:10,232 [Datanode State Machine Thread - 0] INFO  datanode.InitDatanodeState (InitDatanodeState.java:persistContainerDatanodeDetails(140)) - DatanodeDetails is persisted to /workdir/hadoop-ozone/integration-test/target/test-dir/MiniOzoneClusterImpl-079ddb4d-8ae3-4b1a-b1c9-b03dd4a7ea74/datanode-4/meta/datanode.id
2019-09-26 17:06:10,236 [main] INFO  volume.HddsVolume (HddsVolume.java:<init>(176)) - Creating Volume: /workdir/hadoop-ozone/integration-test/target/test-dir/MiniOzoneClusterImpl-079ddb4d-8ae3-4b1a-b1c9-b03dd4a7ea74/datanode-5/data/containers/hdds of  storage type : DISK and capacity : 1482555576320
2019-09-26 17:06:10,236 [main] INFO  volume.VolumeSet (VolumeSet.java:initializeVolumeSet(170)) - Added Volume : /workdir/hadoop-ozone/integration-test/target/test-dir/MiniOzoneClusterImpl-079ddb4d-8ae3-4b1a-b1c9-b03dd4a7ea74/datanode-5/data/containers/hdds to VolumeSet
2019-09-26 17:06:10,236 [main] INFO  volume.ThrottledAsyncChecker (ThrottledAsyncChecker.java:schedule(139)) - Scheduling a check for org.apache.hadoop.ozone.container.common.volume.HddsVolume@6a1ef65c
2019-09-26 17:06:10,237 [main] INFO  volume.HddsVolumeChecker (HddsVolumeChecker.java:checkAllVolumes(202)) - Scheduled health check for volume org.apache.hadoop.ozone.container.common.volume.HddsVolume@6a1ef65c
2019-09-26 17:06:10,250 [main] INFO  impl.RaftServerProxy (ConfUtils.java:logGet(43)) - raft.rpc.type = GRPC (default)
2019-09-26 17:06:10,250 [main] INFO  grpc.GrpcFactory (GrpcFactory.java:checkPooledByteBufAllocatorUseCacheForAllThreads(45)) - PERFORMANCE WARNING: useCacheForAllThreads is true that may cause Netty to create a lot garbage objects and, as a result, trigger GC.
	It is recommended to disable useCacheForAllThreads by setting -Dorg.apache.ratis.thirdparty.io.netty.allocator.useCacheForAllThreads=false in command line.
2019-09-26 17:06:10,250 [main] INFO  grpc.GrpcConfigKeys$Server (ConfUtils.java:logGet(43)) - raft.grpc.server.port = 0 (default)
2019-09-26 17:06:10,250 [main] INFO  server.GrpcService (ConfUtils.java:logGet(43)) - raft.grpc.message.size.max = 33570816 (custom)
2019-09-26 17:06:10,250 [main] INFO  server.RaftServerConfigKeys (ConfUtils.java:logGet(43)) - raft.server.log.appender.buffer.byte-limit = 33554432 (custom)
2019-09-26 17:06:10,251 [main] INFO  server.GrpcService (ConfUtils.java:logGet(43)) - raft.grpc.flow.control.window = 1MB (=1048576) (default)
2019-09-26 17:06:10,251 [main] INFO  server.RaftServerConfigKeys (ConfUtils.java:logGet(43)) - raft.server.rpc.request.timeout = 3000ms (default)
2019-09-26 17:06:10,251 [main] INFO  server.RaftServerConfigKeys (ConfUtils.java:logGet(43)) - raft.server.storage.dir = [/workdir/hadoop-ozone/integration-test/target/test-dir/MiniOzoneClusterImpl-079ddb4d-8ae3-4b1a-b1c9-b03dd4a7ea74/datanode-5/data/ratis] (custom)
2019-09-26 17:06:10,253 [main] INFO  hdfs.DFSUtil (DFSUtil.java:httpServerTemplateForNNAndJN(1641)) - Starting Web-server for hddsDatanode at: http://0.0.0.0:0
2019-09-26 17:06:10,254 [main] INFO  server.AuthenticationFilter (AuthenticationFilter.java:constructSecretProvider(240)) - Unable to initialize FileSignerSecretProvider, falling back to use random secrets.
2019-09-26 17:06:10,255 [main] WARN  http.HttpRequestLog (HttpRequestLog.java:getRequestLog(97)) - Jetty request log can only be enabled using Log4j
2019-09-26 17:06:10,256 [main] INFO  http.HttpServer2 (HttpServer2.java:addGlobalFilter(975)) - Added global filter 'safety' (class=org.apache.hadoop.http.HttpServer2$QuotingInputFilter)
2019-09-26 17:06:10,257 [main] INFO  http.HttpServer2 (HttpServer2.java:addFilter(948)) - Added filter static_user_filter (class=org.apache.hadoop.http.lib.StaticUserWebFilter$StaticUserFilter) to context hddsDatanode
2019-09-26 17:06:10,257 [main] INFO  http.HttpServer2 (HttpServer2.java:addFilter(958)) - Added filter static_user_filter (class=org.apache.hadoop.http.lib.StaticUserWebFilter$StaticUserFilter) to context logs
2019-09-26 17:06:10,257 [main] INFO  http.HttpServer2 (HttpServer2.java:addFilter(958)) - Added filter static_user_filter (class=org.apache.hadoop.http.lib.StaticUserWebFilter$StaticUserFilter) to context static
2019-09-26 17:06:10,257 [main] INFO  http.HttpServer2 (HttpServer2.java:bindListener(1191)) - Jetty bound to port 36440
2019-09-26 17:06:10,258 [main] INFO  server.Server (Server.java:doStart(351)) - jetty-9.3.25.v20180904, build timestamp: 2018-09-04T21:11:46Z, git hash: 3ce520221d0240229c862b122d2b06c12a625732
2019-09-26 17:06:10,259 [main] INFO  handler.ContextHandler (ContextHandler.java:doStart(781)) - Started o.e.j.s.ServletContextHandler@d48e998{/logs,file:///workdir/hadoop-ozone/integration-test/target/log,AVAILABLE}
2019-09-26 17:06:10,260 [main] INFO  handler.ContextHandler (ContextHandler.java:doStart(781)) - Started o.e.j.s.ServletContextHandler@158ae284{/static,jar:file:/home/user/.m2/repository/org/apache/hadoop/hadoop-hdds-container-service/0.5.0-SNAPSHOT/hadoop-hdds-container-service-0.5.0-SNAPSHOT.jar!/webapps/static,AVAILABLE}
2019-09-26 17:06:10,287 [main] INFO  handler.ContextHandler (ContextHandler.java:doStart(781)) - Started o.e.j.w.WebAppContext@60e3c26e{/,file:///tmp/jetty-0.0.0.0-36440-hddsDatanode-_-any-6179132642927485156.dir/webapp/,AVAILABLE}{/hddsDatanode}
2019-09-26 17:06:10,288 [main] INFO  server.AbstractConnector (AbstractConnector.java:doStart(278)) - Started ServerConnector@80b122b{HTTP/1.1,[http/1.1]}{0.0.0.0:36440}
2019-09-26 17:06:10,289 [main] INFO  server.Server (Server.java:doStart(419)) - Started @150369ms
2019-09-26 17:06:10,289 [main] WARN  impl.MetricsSystemImpl (MetricsSystemImpl.java:register(276)) - Sink prometheus already exists!
2019-09-26 17:06:10,290 [main] INFO  server.BaseHttpServer (BaseHttpServer.java:updateConnectorAddress(215)) - HTTP server of HDDSDATANODE is listening at http://0.0.0.0:36440
2019-09-26 17:06:10,290 [main] INFO  ozone.MiniOzoneClusterImpl (MiniOzoneClusterImpl.java:lambda$waitForClusterToBeReady$0(147)) - Waiting for cluster to be ready. Got 0 of 6 DN Heartbeats.
2019-09-26 17:06:10,291 [org.apache.hadoop.util.JvmPauseMonitor$Monitor@1fff5f14] INFO  util.JvmPauseMonitor (JvmPauseMonitor.java:run(188)) - Starting JVM pause monitor
2019-09-26 17:06:10,295 [Datanode State Machine Thread - 0] INFO  datanode.InitDatanodeState (InitDatanodeState.java:persistContainerDatanodeDetails(140)) - DatanodeDetails is persisted to /workdir/hadoop-ozone/integration-test/target/test-dir/MiniOzoneClusterImpl-079ddb4d-8ae3-4b1a-b1c9-b03dd4a7ea74/datanode-5/meta/datanode.id
2019-09-26 17:06:11,290 [main] INFO  ozone.MiniOzoneClusterImpl (MiniOzoneClusterImpl.java:lambda$waitForClusterToBeReady$0(147)) - Waiting for cluster to be ready. Got 0 of 6 DN Heartbeats.
2019-09-26 17:06:11,996 [Datanode State Machine Thread - 0] INFO  ozoneimpl.OzoneContainer (OzoneContainer.java:start(217)) - Attempting to start container services.
2019-09-26 17:06:11,996 [Datanode State Machine Thread - 0] INFO  ozoneimpl.OzoneContainer (OzoneContainer.java:startContainerScrub(179)) - Background container scanner has been disabled.
2019-09-26 17:06:11,997 [Datanode State Machine Thread - 0] INFO  ratis.XceiverServerRatis (XceiverServerRatis.java:start(411)) - Starting XceiverServerRatis 336cf6fc-6ba9-4546-827a-be5bd2181032 at port 0
2019-09-26 17:06:12,006 [Datanode State Machine Thread - 0] INFO  impl.RaftServerProxy (RaftServerProxy.java:lambda$start$3(299)) - 336cf6fc-6ba9-4546-827a-be5bd2181032: start RPC server
2019-09-26 17:06:12,009 [Datanode State Machine Thread - 0] INFO  server.GrpcService (GrpcService.java:startImpl(158)) - 336cf6fc-6ba9-4546-827a-be5bd2181032: GrpcService started, listening on 0.0.0.0/0.0.0.0:38100
2019-09-26 17:06:12,009 [Datanode State Machine Thread - 0] INFO  ratis.XceiverServerRatis (XceiverServerRatis.java:start(421)) - XceiverServerRatis 336cf6fc-6ba9-4546-827a-be5bd2181032 is started using port 38100
2019-09-26 17:06:12,010 [Datanode State Machine Thread - 0] INFO  server.XceiverServerGrpc (XceiverServerGrpc.java:start(149)) - XceiverServerGrpc 336cf6fc-6ba9-4546-827a-be5bd2181032 is started using port 38725
2019-09-26 17:06:12,044 [Datanode State Machine Thread - 0] INFO  ozoneimpl.OzoneContainer (OzoneContainer.java:start(217)) - Attempting to start container services.
2019-09-26 17:06:12,045 [Datanode State Machine Thread - 0] INFO  ozoneimpl.OzoneContainer (OzoneContainer.java:startContainerScrub(179)) - Background container scanner has been disabled.
2019-09-26 17:06:12,045 [Datanode State Machine Thread - 0] INFO  ratis.XceiverServerRatis (XceiverServerRatis.java:start(411)) - Starting XceiverServerRatis 4322fe90-093b-40fd-a35e-ec1d1a2a11ce at port 0
2019-09-26 17:06:12,053 [Datanode State Machine Thread - 0] INFO  impl.RaftServerProxy (RaftServerProxy.java:lambda$start$3(299)) - 4322fe90-093b-40fd-a35e-ec1d1a2a11ce: start RPC server
2019-09-26 17:06:12,054 [Datanode State Machine Thread - 0] INFO  server.GrpcService (GrpcService.java:startImpl(158)) - 4322fe90-093b-40fd-a35e-ec1d1a2a11ce: GrpcService started, listening on 0.0.0.0/0.0.0.0:39158
2019-09-26 17:06:12,054 [Datanode State Machine Thread - 0] INFO  ratis.XceiverServerRatis (XceiverServerRatis.java:start(421)) - XceiverServerRatis 4322fe90-093b-40fd-a35e-ec1d1a2a11ce is started using port 39158
2019-09-26 17:06:12,056 [Datanode State Machine Thread - 0] INFO  server.XceiverServerGrpc (XceiverServerGrpc.java:start(149)) - XceiverServerGrpc 4322fe90-093b-40fd-a35e-ec1d1a2a11ce is started using port 46542
2019-09-26 17:06:12,105 [Datanode State Machine Thread - 0] INFO  ozoneimpl.OzoneContainer (OzoneContainer.java:start(217)) - Attempting to start container services.
2019-09-26 17:06:12,105 [Datanode State Machine Thread - 0] INFO  ozoneimpl.OzoneContainer (OzoneContainer.java:startContainerScrub(179)) - Background container scanner has been disabled.
2019-09-26 17:06:12,105 [Datanode State Machine Thread - 0] INFO  ratis.XceiverServerRatis (XceiverServerRatis.java:start(411)) - Starting XceiverServerRatis 9437d1e8-4abf-4f6e-893c-510a5e378f48 at port 0
2019-09-26 17:06:12,113 [Datanode State Machine Thread - 0] INFO  impl.RaftServerProxy (RaftServerProxy.java:lambda$start$3(299)) - 9437d1e8-4abf-4f6e-893c-510a5e378f48: start RPC server
2019-09-26 17:06:12,114 [Datanode State Machine Thread - 0] INFO  server.GrpcService (GrpcService.java:startImpl(158)) - 9437d1e8-4abf-4f6e-893c-510a5e378f48: GrpcService started, listening on 0.0.0.0/0.0.0.0:39788
2019-09-26 17:06:12,114 [Datanode State Machine Thread - 0] INFO  ratis.XceiverServerRatis (XceiverServerRatis.java:start(421)) - XceiverServerRatis 9437d1e8-4abf-4f6e-893c-510a5e378f48 is started using port 39788
2019-09-26 17:06:12,114 [Datanode State Machine Thread - 0] INFO  server.XceiverServerGrpc (XceiverServerGrpc.java:start(149)) - XceiverServerGrpc 9437d1e8-4abf-4f6e-893c-510a5e378f48 is started using port 44758
2019-09-26 17:06:12,182 [Datanode State Machine Thread - 0] INFO  ozoneimpl.OzoneContainer (OzoneContainer.java:start(217)) - Attempting to start container services.
2019-09-26 17:06:12,182 [Datanode State Machine Thread - 0] INFO  ozoneimpl.OzoneContainer (OzoneContainer.java:startContainerScrub(179)) - Background container scanner has been disabled.
2019-09-26 17:06:12,182 [Datanode State Machine Thread - 0] INFO  ratis.XceiverServerRatis (XceiverServerRatis.java:start(411)) - Starting XceiverServerRatis 921e6853-d044-4bfd-83e1-656547ff7c58 at port 0
2019-09-26 17:06:12,190 [Datanode State Machine Thread - 0] INFO  impl.RaftServerProxy (RaftServerProxy.java:lambda$start$3(299)) - 921e6853-d044-4bfd-83e1-656547ff7c58: start RPC server
2019-09-26 17:06:12,192 [Datanode State Machine Thread - 0] INFO  server.GrpcService (GrpcService.java:startImpl(158)) - 921e6853-d044-4bfd-83e1-656547ff7c58: GrpcService started, listening on 0.0.0.0/0.0.0.0:38444
2019-09-26 17:06:12,192 [Datanode State Machine Thread - 0] INFO  ratis.XceiverServerRatis (XceiverServerRatis.java:start(421)) - XceiverServerRatis 921e6853-d044-4bfd-83e1-656547ff7c58 is started using port 38444
2019-09-26 17:06:12,193 [Datanode State Machine Thread - 0] INFO  server.XceiverServerGrpc (XceiverServerGrpc.java:start(149)) - XceiverServerGrpc 921e6853-d044-4bfd-83e1-656547ff7c58 is started using port 34968
2019-09-26 17:06:12,243 [Datanode State Machine Thread - 0] INFO  ozoneimpl.OzoneContainer (OzoneContainer.java:start(217)) - Attempting to start container services.
2019-09-26 17:06:12,243 [Datanode State Machine Thread - 0] INFO  ozoneimpl.OzoneContainer (OzoneContainer.java:startContainerScrub(179)) - Background container scanner has been disabled.
2019-09-26 17:06:12,244 [Datanode State Machine Thread - 0] INFO  ratis.XceiverServerRatis (XceiverServerRatis.java:start(411)) - Starting XceiverServerRatis 741be72a-0e65-423d-848a-4c129baf2ff1 at port 0
2019-09-26 17:06:12,251 [Datanode State Machine Thread - 0] INFO  impl.RaftServerProxy (RaftServerProxy.java:lambda$start$3(299)) - 741be72a-0e65-423d-848a-4c129baf2ff1: start RPC server
2019-09-26 17:06:12,253 [Datanode State Machine Thread - 0] INFO  server.GrpcService (GrpcService.java:startImpl(158)) - 741be72a-0e65-423d-848a-4c129baf2ff1: GrpcService started, listening on 0.0.0.0/0.0.0.0:34297
2019-09-26 17:06:12,253 [Datanode State Machine Thread - 0] INFO  ratis.XceiverServerRatis (XceiverServerRatis.java:start(421)) - XceiverServerRatis 741be72a-0e65-423d-848a-4c129baf2ff1 is started using port 34297
2019-09-26 17:06:12,256 [Datanode State Machine Thread - 0] INFO  server.XceiverServerGrpc (XceiverServerGrpc.java:start(149)) - XceiverServerGrpc 741be72a-0e65-423d-848a-4c129baf2ff1 is started using port 38219
2019-09-26 17:06:12,291 [main] INFO  ozone.MiniOzoneClusterImpl (MiniOzoneClusterImpl.java:lambda$waitForClusterToBeReady$0(147)) - Waiting for cluster to be ready. Got 0 of 6 DN Heartbeats.
2019-09-26 17:06:12,306 [Datanode State Machine Thread - 0] INFO  ozoneimpl.OzoneContainer (OzoneContainer.java:start(217)) - Attempting to start container services.
2019-09-26 17:06:12,308 [Datanode State Machine Thread - 0] INFO  ozoneimpl.OzoneContainer (OzoneContainer.java:startContainerScrub(179)) - Background container scanner has been disabled.
2019-09-26 17:06:12,308 [Datanode State Machine Thread - 0] INFO  ratis.XceiverServerRatis (XceiverServerRatis.java:start(411)) - Starting XceiverServerRatis a1b912d9-a6d8-4f6c-b1f4-fdc5e71a64d4 at port 0
2019-09-26 17:06:12,315 [Datanode State Machine Thread - 0] INFO  impl.RaftServerProxy (RaftServerProxy.java:lambda$start$3(299)) - a1b912d9-a6d8-4f6c-b1f4-fdc5e71a64d4: start RPC server
2019-09-26 17:06:12,318 [Datanode State Machine Thread - 0] INFO  server.GrpcService (GrpcService.java:startImpl(158)) - a1b912d9-a6d8-4f6c-b1f4-fdc5e71a64d4: GrpcService started, listening on 0.0.0.0/0.0.0.0:33945
2019-09-26 17:06:12,318 [Datanode State Machine Thread - 0] INFO  ratis.XceiverServerRatis (XceiverServerRatis.java:start(421)) - XceiverServerRatis a1b912d9-a6d8-4f6c-b1f4-fdc5e71a64d4 is started using port 33945
2019-09-26 17:06:12,319 [Datanode State Machine Thread - 0] INFO  server.XceiverServerGrpc (XceiverServerGrpc.java:start(149)) - XceiverServerGrpc a1b912d9-a6d8-4f6c-b1f4-fdc5e71a64d4 is started using port 36345
2019-09-26 17:06:13,292 [main] INFO  ozone.MiniOzoneClusterImpl (MiniOzoneClusterImpl.java:lambda$waitForClusterToBeReady$0(147)) - Waiting for cluster to be ready. Got 0 of 6 DN Heartbeats.
2019-09-26 17:06:13,966 [IPC Server handler 0 on 45997] INFO  net.NetworkTopology (NetworkTopologyImpl.java:add(111)) - Added a new node: /default-rack/336cf6fc-6ba9-4546-827a-be5bd2181032
2019-09-26 17:06:13,968 [IPC Server handler 0 on 45997] INFO  node.SCMNodeManager (SCMNodeManager.java:register(266)) - Registered Data node : 336cf6fc-6ba9-4546-827a-be5bd2181032{ip: 192.168.157.234, host: pr-hdds-2162-htzpk-1451759861, networkLocation: /default-rack, certSerialId: null}
2019-09-26 17:06:13,969 [EventQueue-NodeRegistrationContainerReportForDataNodeSafeModeRule] INFO  safemode.SCMSafeModeManager (DataNodeSafeModeRule.java:process(71)) - SCM in safe mode. 1 DataNodes registered, 1 required.
2019-09-26 17:06:13,972 [EventQueue-NodeRegistrationContainerReportForDataNodeSafeModeRule] INFO  safemode.SCMSafeModeManager (SCMSafeModeManager.java:validateSafeModeExitRules(177)) - ScmSafeModeManager, all rules are successfully validated
2019-09-26 17:06:13,972 [EventQueue-NodeRegistrationContainerReportForDataNodeSafeModeRule] INFO  safemode.SCMSafeModeManager (SCMSafeModeManager.java:exitSafeMode(193)) - SCM exiting safe mode.
2019-09-26 17:06:13,986 [grpc-default-executor-0] INFO  impl.RaftServerProxy (RaftServerProxy.java:addNew(89)) - 336cf6fc-6ba9-4546-827a-be5bd2181032: addNew group-88FDF81023E4:[336cf6fc-6ba9-4546-827a-be5bd2181032:192.168.157.234:38100] returns group-88FDF81023E4:java.util.concurrent.CompletableFuture@755c96d5[Not completed]
2019-09-26 17:06:13,989 [pool-147-thread-1] INFO  impl.RaftServerImpl (RaftServerImpl.java:<init>(95)) - 336cf6fc-6ba9-4546-827a-be5bd2181032: new RaftServerImpl for group-88FDF81023E4:[336cf6fc-6ba9-4546-827a-be5bd2181032:192.168.157.234:38100] with ContainerStateMachine:uninitialized
2019-09-26 17:06:13,989 [pool-147-thread-1] INFO  server.RaftServerConfigKeys (ConfUtils.java:logGet(43)) - raft.server.rpc.timeout.min = 1s (custom)
2019-09-26 17:06:13,989 [pool-147-thread-1] INFO  server.RaftServerConfigKeys (ConfUtils.java:logGet(43)) - raft.server.rpc.timeout.max = 1200ms (custom)
2019-09-26 17:06:13,990 [pool-147-thread-1] INFO  server.RaftServerConfigKeys (ConfUtils.java:logGet(43)) - raft.server.rpcslowness.timeout = 120s (custom)
2019-09-26 17:06:13,990 [pool-147-thread-1] INFO  server.RaftServerConfigKeys (ConfUtils.java:logGet(43)) - raft.server.sleep.deviation.threshold = 300 (default)
2019-09-26 17:06:13,990 [pool-147-thread-1] INFO  server.RaftServerConfigKeys (ConfUtils.java:logGet(43)) - raft.server.log.appender.install.snapshot.enabled = false (custom)
2019-09-26 17:06:13,990 [pool-147-thread-1] INFO  impl.RaftServerImpl (ServerState.java:<init>(103)) - 336cf6fc-6ba9-4546-827a-be5bd2181032@group-88FDF81023E4: ConfigurationManager, init=-1: [336cf6fc-6ba9-4546-827a-be5bd2181032:192.168.157.234:38100], old=null, confs=<EMPTY_MAP>
2019-09-26 17:06:13,990 [pool-147-thread-1] INFO  server.RaftServerConfigKeys (ConfUtils.java:logGet(43)) - raft.server.storage.dir = [/workdir/hadoop-ozone/integration-test/target/test-dir/MiniOzoneClusterImpl-079ddb4d-8ae3-4b1a-b1c9-b03dd4a7ea74/datanode-0/data/ratis] (custom)
2019-09-26 17:06:13,991 [pool-147-thread-1] INFO  storage.RaftStorageDirectory (RaftStorageDirectory.java:analyzeStorage(246)) - The storage directory /workdir/hadoop-ozone/integration-test/target/test-dir/MiniOzoneClusterImpl-079ddb4d-8ae3-4b1a-b1c9-b03dd4a7ea74/datanode-0/data/ratis/892a80d2-015c-47cd-a263-88fdf81023e4 does not exist. Creating ...
2019-09-26 17:06:14,004 [pool-147-thread-1] INFO  storage.RaftStorageDirectory (RaftStorageDirectory.java:tryLock(328)) - Lock on /workdir/hadoop-ozone/integration-test/target/test-dir/MiniOzoneClusterImpl-079ddb4d-8ae3-4b1a-b1c9-b03dd4a7ea74/datanode-0/data/ratis/892a80d2-015c-47cd-a263-88fdf81023e4/in_use.lock acquired by nodename 14337@pr-hdds-2162-htzpk-1451759861
2019-09-26 17:06:14,018 [pool-147-thread-1] INFO  storage.RaftStorage (RaftStorage.java:format(72)) - Storage directory /workdir/hadoop-ozone/integration-test/target/test-dir/MiniOzoneClusterImpl-079ddb4d-8ae3-4b1a-b1c9-b03dd4a7ea74/datanode-0/data/ratis/892a80d2-015c-47cd-a263-88fdf81023e4 has been successfully formatted.
2019-09-26 17:06:14,018 [pool-147-thread-1] INFO  ratis.ContainerStateMachine (ContainerStateMachine.java:loadSnapshot(230)) - group-88FDF81023E4: The snapshot info is null. Setting the last applied indexto:(t:0, i:~)
2019-09-26 17:06:14,019 [pool-147-thread-1] INFO  server.RaftServerConfigKeys (ConfUtils.java:logGet(43)) - raft.server.notification.no-leader.timeout = 120s (custom)
2019-09-26 17:06:14,019 [pool-147-thread-1] INFO  server.RaftServerConfigKeys (ConfUtils.java:logGet(43)) - raft.server.log.use.memory = false (default)
2019-09-26 17:06:14,019 [pool-147-thread-1] INFO  server.RaftServerConfigKeys (ConfUtils.java:logGet(43)) - raft.server.log.purge.gap = 1000000 (custom)
2019-09-26 17:06:14,019 [pool-147-thread-1] INFO  server.RaftServerConfigKeys (ConfUtils.java:logGet(43)) - raft.server.log.appender.buffer.byte-limit = 33554432 (custom)
2019-09-26 17:06:14,019 [pool-147-thread-1] INFO  server.RaftServerConfigKeys (ConfUtils.java:logGet(43)) - raft.server.log.segment.size.max = 1048576 (custom)
2019-09-26 17:06:14,020 [pool-147-thread-1] INFO  server.RaftServerConfigKeys (ConfUtils.java:logGet(43)) - raft.server.log.segment.cache.num.max = 2 (custom)
2019-09-26 17:06:14,020 [pool-147-thread-1] INFO  segmented.SegmentedRaftLogWorker (SegmentedRaftLogWorker.java:<init>(172)) - new 336cf6fc-6ba9-4546-827a-be5bd2181032@group-88FDF81023E4-SegmentedRaftLogWorker for RaftStorage:Storage Directory /workdir/hadoop-ozone/integration-test/target/test-dir/MiniOzoneClusterImpl-079ddb4d-8ae3-4b1a-b1c9-b03dd4a7ea74/datanode-0/data/ratis/892a80d2-015c-47cd-a263-88fdf81023e4
2019-09-26 17:06:14,023 [pool-147-thread-1] INFO  server.RaftServerConfigKeys (ConfUtils.java:logGet(43)) - raft.server.log.queue.byte-limit = 2147483647 (custom)
2019-09-26 17:06:14,023 [pool-147-thread-1] INFO  server.RaftServerConfigKeys (ConfUtils.java:logGet(43)) - raft.server.log.queue.element-limit = 1024 (custom)
2019-09-26 17:06:14,023 [pool-147-thread-1] INFO  server.RaftServerConfigKeys (ConfUtils.java:logGet(43)) - raft.server.log.segment.size.max = 1048576 (custom)
2019-09-26 17:06:14,024 [pool-147-thread-1] INFO  server.RaftServerConfigKeys (ConfUtils.java:logGet(43)) - raft.server.log.preallocated.size = 16384 (custom)
2019-09-26 17:06:14,024 [pool-147-thread-1] INFO  server.RaftServerConfigKeys (ConfUtils.java:logGet(43)) - raft.server.log.write.buffer.size = 33554432 (custom)
2019-09-26 17:06:14,024 [pool-147-thread-1] INFO  server.RaftServerConfigKeys (ConfUtils.java:logGet(43)) - raft.server.log.force.sync.num = 128 (default)
2019-09-26 17:06:14,024 [pool-147-thread-1] INFO  server.RaftServerConfigKeys (ConfUtils.java:logGet(43)) - raft.server.log.statemachine.data.sync = true (default)
2019-09-26 17:06:14,024 [pool-147-thread-1] INFO  server.RaftServerConfigKeys (ConfUtils.java:logGet(43)) - raft.server.log.statemachine.data.sync.timeout = 10s (default)
2019-09-26 17:06:14,025 [pool-147-thread-1] INFO  server.RaftServerConfigKeys (ConfUtils.java:logGet(43)) - raft.server.log.statemachine.data.sync.timeout.retry = -1 (default)
2019-09-26 17:06:14,025 [pool-147-thread-1] INFO  server.RaftServerConfigKeys (ConfUtils.java:logGet(43)) - raft.server.log.statemachine.data.caching.enabled = true (custom)
2019-09-26 17:06:14,025 [pool-147-thread-1] INFO  segmented.SegmentedRaftLogWorker (SegmentedRaftLogWorker.java:lambda$new$0(132)) - 336cf6fc-6ba9-4546-827a-be5bd2181032@group-88FDF81023E4-SegmentedRaftLogWorker: flushIndex: setUnconditionally 0 -> -1
2019-09-26 17:06:14,026 [pool-147-thread-1] INFO  server.RaftServerConfigKeys (ConfUtils.java:logGet(43)) - raft.server.snapshot.auto.trigger.enabled = true (custom)
2019-09-26 17:06:14,026 [pool-147-thread-1] INFO  server.RaftServerConfigKeys (ConfUtils.java:logGet(43)) - raft.server.snapshot.auto.trigger.threshold = 10000 (custom)
2019-09-26 17:06:14,026 [pool-147-thread-1] INFO  server.RaftServerConfigKeys (ConfUtils.java:logGet(43)) - raft.server.snapshot.retention.num.files = 5 (custom)
2019-09-26 17:06:14,026 [pool-147-thread-1] INFO  server.RaftServerConfigKeys (ConfUtils.java:logGet(43)) - raft.server.retrycache.expirytime = 600000ms (custom)
2019-09-26 17:06:14,027 [IPC Server handler 1 on 45997] INFO  net.NetworkTopology (NetworkTopologyImpl.java:add(111)) - Added a new node: /default-rack/4322fe90-093b-40fd-a35e-ec1d1a2a11ce
2019-09-26 17:06:14,027 [IPC Server handler 1 on 45997] INFO  node.SCMNodeManager (SCMNodeManager.java:register(266)) - Registered Data node : 4322fe90-093b-40fd-a35e-ec1d1a2a11ce{ip: 192.168.157.234, host: pr-hdds-2162-htzpk-1451759861, networkLocation: /default-rack, certSerialId: null}
2019-09-26 17:06:14,030 [pool-147-thread-1] INFO  impl.RaftServerImpl (RaftServerImpl.java:start(185)) - 336cf6fc-6ba9-4546-827a-be5bd2181032@group-88FDF81023E4: start as a follower, conf=-1: [336cf6fc-6ba9-4546-827a-be5bd2181032:192.168.157.234:38100], old=null
2019-09-26 17:06:14,030 [pool-147-thread-1] INFO  impl.RaftServerImpl (RaftServerImpl.java:setRole(174)) - 336cf6fc-6ba9-4546-827a-be5bd2181032@group-88FDF81023E4: changes role from      null to FOLLOWER at term 0 for startAsFollower
2019-09-26 17:06:14,030 [pool-147-thread-1] INFO  impl.RoleInfo (RoleInfo.java:updateAndGet(143)) - 336cf6fc-6ba9-4546-827a-be5bd2181032: start FollowerState
2019-09-26 17:06:14,044 [pool-147-thread-1] INFO  util.JmxRegister (JmxRegister.java:tryRegister(44)) - Successfully registered JMX Bean with object name Ratis:service=RaftServer,group=group-88FDF81023E4,id=336cf6fc-6ba9-4546-827a-be5bd2181032
2019-09-26 17:06:14,057 [RatisPipelineUtilsThread] INFO  pipeline.PipelineStateManager (PipelineStateManager.java:addPipeline(56)) - Created pipeline Pipeline[ Id: 892a80d2-015c-47cd-a263-88fdf81023e4, Nodes: 336cf6fc-6ba9-4546-827a-be5bd2181032{ip: 192.168.157.234, host: pr-hdds-2162-htzpk-1451759861, networkLocation: /default-rack, certSerialId: null}, Type:RATIS, Factor:ONE, State:OPEN]
2019-09-26 17:06:14,066 [grpc-default-executor-0] INFO  impl.RaftServerProxy (RaftServerProxy.java:addNew(89)) - 4322fe90-093b-40fd-a35e-ec1d1a2a11ce: addNew group-7A0C27A67482:[4322fe90-093b-40fd-a35e-ec1d1a2a11ce:192.168.157.234:39158] returns group-7A0C27A67482:java.util.concurrent.CompletableFuture@488bde0[Not completed]
2019-09-26 17:06:14,068 [pool-157-thread-1] INFO  impl.RaftServerImpl (RaftServerImpl.java:<init>(95)) - 4322fe90-093b-40fd-a35e-ec1d1a2a11ce: new RaftServerImpl for group-7A0C27A67482:[4322fe90-093b-40fd-a35e-ec1d1a2a11ce:192.168.157.234:39158] with ContainerStateMachine:uninitialized
2019-09-26 17:06:14,068 [pool-157-thread-1] INFO  server.RaftServerConfigKeys (ConfUtils.java:logGet(43)) - raft.server.rpc.timeout.min = 1s (custom)
2019-09-26 17:06:14,068 [pool-157-thread-1] INFO  server.RaftServerConfigKeys (ConfUtils.java:logGet(43)) - raft.server.rpc.timeout.max = 1200ms (custom)
2019-09-26 17:06:14,068 [pool-157-thread-1] INFO  server.RaftServerConfigKeys (ConfUtils.java:logGet(43)) - raft.server.rpcslowness.timeout = 120s (custom)
2019-09-26 17:06:14,068 [pool-157-thread-1] INFO  server.RaftServerConfigKeys (ConfUtils.java:logGet(43)) - raft.server.sleep.deviation.threshold = 300 (default)
2019-09-26 17:06:14,068 [pool-157-thread-1] INFO  server.RaftServerConfigKeys (ConfUtils.java:logGet(43)) - raft.server.log.appender.install.snapshot.enabled = false (custom)
2019-09-26 17:06:14,069 [pool-157-thread-1] INFO  impl.RaftServerImpl (ServerState.java:<init>(103)) - 4322fe90-093b-40fd-a35e-ec1d1a2a11ce@group-7A0C27A67482: ConfigurationManager, init=-1: [4322fe90-093b-40fd-a35e-ec1d1a2a11ce:192.168.157.234:39158], old=null, confs=<EMPTY_MAP>
2019-09-26 17:06:14,069 [pool-157-thread-1] INFO  server.RaftServerConfigKeys (ConfUtils.java:logGet(43)) - raft.server.storage.dir = [/workdir/hadoop-ozone/integration-test/target/test-dir/MiniOzoneClusterImpl-079ddb4d-8ae3-4b1a-b1c9-b03dd4a7ea74/datanode-1/data/ratis] (custom)
2019-09-26 17:06:14,069 [pool-157-thread-1] INFO  storage.RaftStorageDirectory (RaftStorageDirectory.java:analyzeStorage(246)) - The storage directory /workdir/hadoop-ozone/integration-test/target/test-dir/MiniOzoneClusterImpl-079ddb4d-8ae3-4b1a-b1c9-b03dd4a7ea74/datanode-1/data/ratis/40ecd036-51ab-42c6-95ea-7a0c27a67482 does not exist. Creating ...
2019-09-26 17:06:14,082 [pool-157-thread-1] INFO  storage.RaftStorageDirectory (RaftStorageDirectory.java:tryLock(328)) - Lock on /workdir/hadoop-ozone/integration-test/target/test-dir/MiniOzoneClusterImpl-079ddb4d-8ae3-4b1a-b1c9-b03dd4a7ea74/datanode-1/data/ratis/40ecd036-51ab-42c6-95ea-7a0c27a67482/in_use.lock acquired by nodename 14337@pr-hdds-2162-htzpk-1451759861
2019-09-26 17:06:14,091 [IPC Server handler 3 on 45997] INFO  net.NetworkTopology (NetworkTopologyImpl.java:add(111)) - Added a new node: /default-rack/9437d1e8-4abf-4f6e-893c-510a5e378f48
2019-09-26 17:06:14,091 [IPC Server handler 3 on 45997] INFO  node.SCMNodeManager (SCMNodeManager.java:register(266)) - Registered Data node : 9437d1e8-4abf-4f6e-893c-510a5e378f48{ip: 192.168.157.234, host: pr-hdds-2162-htzpk-1451759861, networkLocation: /default-rack, certSerialId: null}
2019-09-26 17:06:14,096 [pool-157-thread-1] INFO  storage.RaftStorage (RaftStorage.java:format(72)) - Storage directory /workdir/hadoop-ozone/integration-test/target/test-dir/MiniOzoneClusterImpl-079ddb4d-8ae3-4b1a-b1c9-b03dd4a7ea74/datanode-1/data/ratis/40ecd036-51ab-42c6-95ea-7a0c27a67482 has been successfully formatted.
2019-09-26 17:06:14,096 [pool-157-thread-1] INFO  ratis.ContainerStateMachine (ContainerStateMachine.java:loadSnapshot(230)) - group-7A0C27A67482: The snapshot info is null. Setting the last applied indexto:(t:0, i:~)
2019-09-26 17:06:14,096 [pool-157-thread-1] INFO  server.RaftServerConfigKeys (ConfUtils.java:logGet(43)) - raft.server.notification.no-leader.timeout = 120s (custom)
2019-09-26 17:06:14,097 [pool-157-thread-1] INFO  server.RaftServerConfigKeys (ConfUtils.java:logGet(43)) - raft.server.log.use.memory = false (default)
2019-09-26 17:06:14,097 [pool-157-thread-1] INFO  server.RaftServerConfigKeys (ConfUtils.java:logGet(43)) - raft.server.log.purge.gap = 1000000 (custom)
2019-09-26 17:06:14,097 [pool-157-thread-1] INFO  server.RaftServerConfigKeys (ConfUtils.java:logGet(43)) - raft.server.log.appender.buffer.byte-limit = 33554432 (custom)
2019-09-26 17:06:14,097 [pool-157-thread-1] INFO  server.RaftServerConfigKeys (ConfUtils.java:logGet(43)) - raft.server.log.segment.size.max = 1048576 (custom)
2019-09-26 17:06:14,097 [pool-157-thread-1] INFO  server.RaftServerConfigKeys (ConfUtils.java:logGet(43)) - raft.server.log.segment.cache.num.max = 2 (custom)
2019-09-26 17:06:14,097 [pool-157-thread-1] INFO  segmented.SegmentedRaftLogWorker (SegmentedRaftLogWorker.java:<init>(172)) - new 4322fe90-093b-40fd-a35e-ec1d1a2a11ce@group-7A0C27A67482-SegmentedRaftLogWorker for RaftStorage:Storage Directory /workdir/hadoop-ozone/integration-test/target/test-dir/MiniOzoneClusterImpl-079ddb4d-8ae3-4b1a-b1c9-b03dd4a7ea74/datanode-1/data/ratis/40ecd036-51ab-42c6-95ea-7a0c27a67482
2019-09-26 17:06:14,100 [pool-157-thread-1] INFO  server.RaftServerConfigKeys (ConfUtils.java:logGet(43)) - raft.server.log.queue.byte-limit = 2147483647 (custom)
2019-09-26 17:06:14,100 [pool-157-thread-1] INFO  server.RaftServerConfigKeys (ConfUtils.java:logGet(43)) - raft.server.log.queue.element-limit = 1024 (custom)
2019-09-26 17:06:14,100 [pool-157-thread-1] INFO  server.RaftServerConfigKeys (ConfUtils.java:logGet(43)) - raft.server.log.segment.size.max = 1048576 (custom)
2019-09-26 17:06:14,101 [pool-157-thread-1] INFO  server.RaftServerConfigKeys (ConfUtils.java:logGet(43)) - raft.server.log.preallocated.size = 16384 (custom)
2019-09-26 17:06:14,101 [pool-157-thread-1] INFO  server.RaftServerConfigKeys (ConfUtils.java:logGet(43)) - raft.server.log.write.buffer.size = 33554432 (custom)
2019-09-26 17:06:14,101 [pool-157-thread-1] INFO  server.RaftServerConfigKeys (ConfUtils.java:logGet(43)) - raft.server.log.force.sync.num = 128 (default)
2019-09-26 17:06:14,101 [pool-157-thread-1] INFO  server.RaftServerConfigKeys (ConfUtils.java:logGet(43)) - raft.server.log.statemachine.data.sync = true (default)
2019-09-26 17:06:14,101 [pool-157-thread-1] INFO  server.RaftServerConfigKeys (ConfUtils.java:logGet(43)) - raft.server.log.statemachine.data.sync.timeout = 10s (default)
2019-09-26 17:06:14,102 [pool-157-thread-1] INFO  server.RaftServerConfigKeys (ConfUtils.java:logGet(43)) - raft.server.log.statemachine.data.sync.timeout.retry = -1 (default)
2019-09-26 17:06:14,102 [pool-157-thread-1] INFO  server.RaftServerConfigKeys (ConfUtils.java:logGet(43)) - raft.server.log.statemachine.data.caching.enabled = true (custom)
2019-09-26 17:06:14,102 [pool-157-thread-1] INFO  segmented.SegmentedRaftLogWorker (SegmentedRaftLogWorker.java:lambda$new$0(132)) - 4322fe90-093b-40fd-a35e-ec1d1a2a11ce@group-7A0C27A67482-SegmentedRaftLogWorker: flushIndex: setUnconditionally 0 -> -1
2019-09-26 17:06:14,103 [pool-157-thread-1] INFO  server.RaftServerConfigKeys (ConfUtils.java:logGet(43)) - raft.server.snapshot.auto.trigger.enabled = true (custom)
2019-09-26 17:06:14,103 [pool-157-thread-1] INFO  server.RaftServerConfigKeys (ConfUtils.java:logGet(43)) - raft.server.snapshot.auto.trigger.threshold = 10000 (custom)
2019-09-26 17:06:14,103 [pool-157-thread-1] INFO  server.RaftServerConfigKeys (ConfUtils.java:logGet(43)) - raft.server.snapshot.retention.num.files = 5 (custom)
2019-09-26 17:06:14,103 [pool-157-thread-1] INFO  server.RaftServerConfigKeys (ConfUtils.java:logGet(43)) - raft.server.retrycache.expirytime = 600000ms (custom)
2019-09-26 17:06:14,106 [pool-157-thread-1] INFO  impl.RaftServerImpl (RaftServerImpl.java:start(185)) - 4322fe90-093b-40fd-a35e-ec1d1a2a11ce@group-7A0C27A67482: start as a follower, conf=-1: [4322fe90-093b-40fd-a35e-ec1d1a2a11ce:192.168.157.234:39158], old=null
2019-09-26 17:06:14,106 [pool-157-thread-1] INFO  impl.RaftServerImpl (RaftServerImpl.java:setRole(174)) - 4322fe90-093b-40fd-a35e-ec1d1a2a11ce@group-7A0C27A67482: changes role from      null to FOLLOWER at term 0 for startAsFollower
2019-09-26 17:06:14,106 [pool-157-thread-1] INFO  impl.RoleInfo (RoleInfo.java:updateAndGet(143)) - 4322fe90-093b-40fd-a35e-ec1d1a2a11ce: start FollowerState
2019-09-26 17:06:14,106 [pool-157-thread-1] INFO  util.JmxRegister (JmxRegister.java:tryRegister(44)) - Successfully registered JMX Bean with object name Ratis:service=RaftServer,group=group-7A0C27A67482,id=4322fe90-093b-40fd-a35e-ec1d1a2a11ce
2019-09-26 17:06:14,112 [RatisPipelineUtilsThread] INFO  pipeline.PipelineStateManager (PipelineStateManager.java:addPipeline(56)) - Created pipeline Pipeline[ Id: 40ecd036-51ab-42c6-95ea-7a0c27a67482, Nodes: 4322fe90-093b-40fd-a35e-ec1d1a2a11ce{ip: 192.168.157.234, host: pr-hdds-2162-htzpk-1451759861, networkLocation: /default-rack, certSerialId: null}, Type:RATIS, Factor:ONE, State:OPEN]
2019-09-26 17:06:14,124 [grpc-default-executor-0] INFO  impl.RaftServerProxy (RaftServerProxy.java:addNew(89)) - 9437d1e8-4abf-4f6e-893c-510a5e378f48: addNew group-57BFCC75E169:[9437d1e8-4abf-4f6e-893c-510a5e378f48:192.168.157.234:39788] returns group-57BFCC75E169:java.util.concurrent.CompletableFuture@5eaa4412[Not completed]
2019-09-26 17:06:14,125 [pool-167-thread-1] INFO  impl.RaftServerImpl (RaftServerImpl.java:<init>(95)) - 9437d1e8-4abf-4f6e-893c-510a5e378f48: new RaftServerImpl for group-57BFCC75E169:[9437d1e8-4abf-4f6e-893c-510a5e378f48:192.168.157.234:39788] with ContainerStateMachine:uninitialized
2019-09-26 17:06:14,125 [pool-167-thread-1] INFO  server.RaftServerConfigKeys (ConfUtils.java:logGet(43)) - raft.server.rpc.timeout.min = 1s (custom)
2019-09-26 17:06:14,125 [pool-167-thread-1] INFO  server.RaftServerConfigKeys (ConfUtils.java:logGet(43)) - raft.server.rpc.timeout.max = 1200ms (custom)
2019-09-26 17:06:14,125 [pool-167-thread-1] INFO  server.RaftServerConfigKeys (ConfUtils.java:logGet(43)) - raft.server.rpcslowness.timeout = 120s (custom)
2019-09-26 17:06:14,125 [pool-167-thread-1] INFO  server.RaftServerConfigKeys (ConfUtils.java:logGet(43)) - raft.server.sleep.deviation.threshold = 300 (default)
2019-09-26 17:06:14,126 [pool-167-thread-1] INFO  server.RaftServerConfigKeys (ConfUtils.java:logGet(43)) - raft.server.log.appender.install.snapshot.enabled = false (custom)
2019-09-26 17:06:14,126 [pool-167-thread-1] INFO  impl.RaftServerImpl (ServerState.java:<init>(103)) - 9437d1e8-4abf-4f6e-893c-510a5e378f48@group-57BFCC75E169: ConfigurationManager, init=-1: [9437d1e8-4abf-4f6e-893c-510a5e378f48:192.168.157.234:39788], old=null, confs=<EMPTY_MAP>
2019-09-26 17:06:14,126 [pool-167-thread-1] INFO  server.RaftServerConfigKeys (ConfUtils.java:logGet(43)) - raft.server.storage.dir = [/workdir/hadoop-ozone/integration-test/target/test-dir/MiniOzoneClusterImpl-079ddb4d-8ae3-4b1a-b1c9-b03dd4a7ea74/datanode-2/data/ratis] (custom)
2019-09-26 17:06:14,126 [pool-167-thread-1] INFO  storage.RaftStorageDirectory (RaftStorageDirectory.java:analyzeStorage(246)) - The storage directory /workdir/hadoop-ozone/integration-test/target/test-dir/MiniOzoneClusterImpl-079ddb4d-8ae3-4b1a-b1c9-b03dd4a7ea74/datanode-2/data/ratis/daa5689d-ee3b-40ec-9f8f-57bfcc75e169 does not exist. Creating ...
2019-09-26 17:06:14,140 [pool-167-thread-1] INFO  storage.RaftStorageDirectory (RaftStorageDirectory.java:tryLock(328)) - Lock on /workdir/hadoop-ozone/integration-test/target/test-dir/MiniOzoneClusterImpl-079ddb4d-8ae3-4b1a-b1c9-b03dd4a7ea74/datanode-2/data/ratis/daa5689d-ee3b-40ec-9f8f-57bfcc75e169/in_use.lock acquired by nodename 14337@pr-hdds-2162-htzpk-1451759861
2019-09-26 17:06:14,153 [pool-167-thread-1] INFO  storage.RaftStorage (RaftStorage.java:format(72)) - Storage directory /workdir/hadoop-ozone/integration-test/target/test-dir/MiniOzoneClusterImpl-079ddb4d-8ae3-4b1a-b1c9-b03dd4a7ea74/datanode-2/data/ratis/daa5689d-ee3b-40ec-9f8f-57bfcc75e169 has been successfully formatted.
2019-09-26 17:06:14,153 [pool-167-thread-1] INFO  ratis.ContainerStateMachine (ContainerStateMachine.java:loadSnapshot(230)) - group-57BFCC75E169: The snapshot info is null. Setting the last applied indexto:(t:0, i:~)
2019-09-26 17:06:14,153 [pool-167-thread-1] INFO  server.RaftServerConfigKeys (ConfUtils.java:logGet(43)) - raft.server.notification.no-leader.timeout = 120s (custom)
2019-09-26 17:06:14,153 [pool-167-thread-1] INFO  server.RaftServerConfigKeys (ConfUtils.java:logGet(43)) - raft.server.log.use.memory = false (default)
2019-09-26 17:06:14,153 [pool-167-thread-1] INFO  server.RaftServerConfigKeys (ConfUtils.java:logGet(43)) - raft.server.log.purge.gap = 1000000 (custom)
2019-09-26 17:06:14,154 [pool-167-thread-1] INFO  server.RaftServerConfigKeys (ConfUtils.java:logGet(43)) - raft.server.log.appender.buffer.byte-limit = 33554432 (custom)
2019-09-26 17:06:14,154 [pool-167-thread-1] INFO  server.RaftServerConfigKeys (ConfUtils.java:logGet(43)) - raft.server.log.segment.size.max = 1048576 (custom)
2019-09-26 17:06:14,154 [pool-167-thread-1] INFO  server.RaftServerConfigKeys (ConfUtils.java:logGet(43)) - raft.server.log.segment.cache.num.max = 2 (custom)
2019-09-26 17:06:14,154 [pool-167-thread-1] INFO  segmented.SegmentedRaftLogWorker (SegmentedRaftLogWorker.java:<init>(172)) - new 9437d1e8-4abf-4f6e-893c-510a5e378f48@group-57BFCC75E169-SegmentedRaftLogWorker for RaftStorage:Storage Directory /workdir/hadoop-ozone/integration-test/target/test-dir/MiniOzoneClusterImpl-079ddb4d-8ae3-4b1a-b1c9-b03dd4a7ea74/datanode-2/data/ratis/daa5689d-ee3b-40ec-9f8f-57bfcc75e169
2019-09-26 17:06:14,157 [pool-167-thread-1] INFO  server.RaftServerConfigKeys (ConfUtils.java:logGet(43)) - raft.server.log.queue.byte-limit = 2147483647 (custom)
2019-09-26 17:06:14,157 [pool-167-thread-1] INFO  server.RaftServerConfigKeys (ConfUtils.java:logGet(43)) - raft.server.log.queue.element-limit = 1024 (custom)
2019-09-26 17:06:14,157 [pool-167-thread-1] INFO  server.RaftServerConfigKeys (ConfUtils.java:logGet(43)) - raft.server.log.segment.size.max = 1048576 (custom)
2019-09-26 17:06:14,157 [pool-167-thread-1] INFO  server.RaftServerConfigKeys (ConfUtils.java:logGet(43)) - raft.server.log.preallocated.size = 16384 (custom)
2019-09-26 17:06:14,157 [pool-167-thread-1] INFO  server.RaftServerConfigKeys (ConfUtils.java:logGet(43)) - raft.server.log.write.buffer.size = 33554432 (custom)
2019-09-26 17:06:14,158 [pool-167-thread-1] INFO  server.RaftServerConfigKeys (ConfUtils.java:logGet(43)) - raft.server.log.force.sync.num = 128 (default)
2019-09-26 17:06:14,158 [pool-167-thread-1] INFO  server.RaftServerConfigKeys (ConfUtils.java:logGet(43)) - raft.server.log.statemachine.data.sync = true (default)
2019-09-26 17:06:14,158 [pool-167-thread-1] INFO  server.RaftServerConfigKeys (ConfUtils.java:logGet(43)) - raft.server.log.statemachine.data.sync.timeout = 10s (default)
2019-09-26 17:06:14,158 [pool-167-thread-1] INFO  server.RaftServerConfigKeys (ConfUtils.java:logGet(43)) - raft.server.log.statemachine.data.sync.timeout.retry = -1 (default)
2019-09-26 17:06:14,158 [pool-167-thread-1] INFO  server.RaftServerConfigKeys (ConfUtils.java:logGet(43)) - raft.server.log.statemachine.data.caching.enabled = true (custom)
2019-09-26 17:06:14,159 [pool-167-thread-1] INFO  segmented.SegmentedRaftLogWorker (SegmentedRaftLogWorker.java:lambda$new$0(132)) - 9437d1e8-4abf-4f6e-893c-510a5e378f48@group-57BFCC75E169-SegmentedRaftLogWorker: flushIndex: setUnconditionally 0 -> -1
2019-09-26 17:06:14,159 [pool-167-thread-1] INFO  server.RaftServerConfigKeys (ConfUtils.java:logGet(43)) - raft.server.snapshot.auto.trigger.enabled = true (custom)
2019-09-26 17:06:14,159 [pool-167-thread-1] INFO  server.RaftServerConfigKeys (ConfUtils.java:logGet(43)) - raft.server.snapshot.auto.trigger.threshold = 10000 (custom)
2019-09-26 17:06:14,159 [pool-167-thread-1] INFO  server.RaftServerConfigKeys (ConfUtils.java:logGet(43)) - raft.server.snapshot.retention.num.files = 5 (custom)
2019-09-26 17:06:14,159 [pool-167-thread-1] INFO  server.RaftServerConfigKeys (ConfUtils.java:logGet(43)) - raft.server.retrycache.expirytime = 600000ms (custom)
2019-09-26 17:06:14,162 [pool-167-thread-1] INFO  impl.RaftServerImpl (RaftServerImpl.java:start(185)) - 9437d1e8-4abf-4f6e-893c-510a5e378f48@group-57BFCC75E169: start as a follower, conf=-1: [9437d1e8-4abf-4f6e-893c-510a5e378f48:192.168.157.234:39788], old=null
2019-09-26 17:06:14,162 [pool-167-thread-1] INFO  impl.RaftServerImpl (RaftServerImpl.java:setRole(174)) - 9437d1e8-4abf-4f6e-893c-510a5e378f48@group-57BFCC75E169: changes role from      null to FOLLOWER at term 0 for startAsFollower
2019-09-26 17:06:14,162 [pool-167-thread-1] INFO  impl.RoleInfo (RoleInfo.java:updateAndGet(143)) - 9437d1e8-4abf-4f6e-893c-510a5e378f48: start FollowerState
2019-09-26 17:06:14,163 [pool-167-thread-1] INFO  util.JmxRegister (JmxRegister.java:tryRegister(44)) - Successfully registered JMX Bean with object name Ratis:service=RaftServer,group=group-57BFCC75E169,id=9437d1e8-4abf-4f6e-893c-510a5e378f48
2019-09-26 17:06:14,167 [RatisPipelineUtilsThread] INFO  pipeline.PipelineStateManager (PipelineStateManager.java:addPipeline(56)) - Created pipeline Pipeline[ Id: daa5689d-ee3b-40ec-9f8f-57bfcc75e169, Nodes: 9437d1e8-4abf-4f6e-893c-510a5e378f48{ip: 192.168.157.234, host: pr-hdds-2162-htzpk-1451759861, networkLocation: /default-rack, certSerialId: null}, Type:RATIS, Factor:ONE, State:OPEN]
2019-09-26 17:06:14,169 [IPC Server handler 4 on 45997] INFO  net.NetworkTopology (NetworkTopologyImpl.java:add(111)) - Added a new node: /default-rack/921e6853-d044-4bfd-83e1-656547ff7c58
2019-09-26 17:06:14,169 [IPC Server handler 4 on 45997] INFO  node.SCMNodeManager (SCMNodeManager.java:register(266)) - Registered Data node : 921e6853-d044-4bfd-83e1-656547ff7c58{ip: 192.168.157.234, host: pr-hdds-2162-htzpk-1451759861, networkLocation: /default-rack, certSerialId: null}
2019-09-26 17:06:14,190 [grpc-default-executor-2] INFO  impl.RaftServerProxy (RaftServerProxy.java:addNew(89)) - 9437d1e8-4abf-4f6e-893c-510a5e378f48: addNew group-41349C40DB6F:[4322fe90-093b-40fd-a35e-ec1d1a2a11ce:192.168.157.234:39158, 336cf6fc-6ba9-4546-827a-be5bd2181032:192.168.157.234:38100, 9437d1e8-4abf-4f6e-893c-510a5e378f48:192.168.157.234:39788] returns group-41349C40DB6F:java.util.concurrent.CompletableFuture@5a7cf13e[Not completed]
2019-09-26 17:06:14,190 [grpc-default-executor-1] INFO  impl.RaftServerProxy (RaftServerProxy.java:addNew(89)) - 336cf6fc-6ba9-4546-827a-be5bd2181032: addNew group-41349C40DB6F:[4322fe90-093b-40fd-a35e-ec1d1a2a11ce:192.168.157.234:39158, 336cf6fc-6ba9-4546-827a-be5bd2181032:192.168.157.234:38100, 9437d1e8-4abf-4f6e-893c-510a5e378f48:192.168.157.234:39788] returns group-41349C40DB6F:java.util.concurrent.CompletableFuture@67f57f0e[Not completed]
2019-09-26 17:06:14,191 [grpc-default-executor-0] INFO  impl.RaftServerProxy (RaftServerProxy.java:addNew(89)) - 4322fe90-093b-40fd-a35e-ec1d1a2a11ce: addNew group-41349C40DB6F:[4322fe90-093b-40fd-a35e-ec1d1a2a11ce:192.168.157.234:39158, 336cf6fc-6ba9-4546-827a-be5bd2181032:192.168.157.234:38100, 9437d1e8-4abf-4f6e-893c-510a5e378f48:192.168.157.234:39788] returns group-41349C40DB6F:java.util.concurrent.CompletableFuture@113d1048[Not completed]
2019-09-26 17:06:14,192 [pool-167-thread-1] INFO  impl.RaftServerImpl (RaftServerImpl.java:<init>(95)) - 9437d1e8-4abf-4f6e-893c-510a5e378f48: new RaftServerImpl for group-41349C40DB6F:[4322fe90-093b-40fd-a35e-ec1d1a2a11ce:192.168.157.234:39158, 336cf6fc-6ba9-4546-827a-be5bd2181032:192.168.157.234:38100, 9437d1e8-4abf-4f6e-893c-510a5e378f48:192.168.157.234:39788] with ContainerStateMachine:uninitialized
2019-09-26 17:06:14,192 [pool-167-thread-1] INFO  server.RaftServerConfigKeys (ConfUtils.java:logGet(43)) - raft.server.rpc.timeout.min = 1s (custom)
2019-09-26 17:06:14,192 [pool-167-thread-1] INFO  server.RaftServerConfigKeys (ConfUtils.java:logGet(43)) - raft.server.rpc.timeout.max = 1200ms (custom)
2019-09-26 17:06:14,192 [pool-167-thread-1] INFO  server.RaftServerConfigKeys (ConfUtils.java:logGet(43)) - raft.server.rpcslowness.timeout = 120s (custom)
2019-09-26 17:06:14,192 [pool-167-thread-1] INFO  server.RaftServerConfigKeys (ConfUtils.java:logGet(43)) - raft.server.sleep.deviation.threshold = 300 (default)
2019-09-26 17:06:14,192 [pool-167-thread-1] INFO  server.RaftServerConfigKeys (ConfUtils.java:logGet(43)) - raft.server.log.appender.install.snapshot.enabled = false (custom)
2019-09-26 17:06:14,192 [pool-157-thread-1] INFO  impl.RaftServerImpl (RaftServerImpl.java:<init>(95)) - 4322fe90-093b-40fd-a35e-ec1d1a2a11ce: new RaftServerImpl for group-41349C40DB6F:[4322fe90-093b-40fd-a35e-ec1d1a2a11ce:192.168.157.234:39158, 336cf6fc-6ba9-4546-827a-be5bd2181032:192.168.157.234:38100, 9437d1e8-4abf-4f6e-893c-510a5e378f48:192.168.157.234:39788] with ContainerStateMachine:uninitialized
2019-09-26 17:06:14,193 [pool-167-thread-1] INFO  impl.RaftServerImpl (ServerState.java:<init>(103)) - 9437d1e8-4abf-4f6e-893c-510a5e378f48@group-41349C40DB6F: ConfigurationManager, init=-1: [4322fe90-093b-40fd-a35e-ec1d1a2a11ce:192.168.157.234:39158, 336cf6fc-6ba9-4546-827a-be5bd2181032:192.168.157.234:38100, 9437d1e8-4abf-4f6e-893c-510a5e378f48:192.168.157.234:39788], old=null, confs=<EMPTY_MAP>
2019-09-26 17:06:14,193 [pool-157-thread-1] INFO  server.RaftServerConfigKeys (ConfUtils.java:logGet(43)) - raft.server.rpc.timeout.min = 1s (custom)
2019-09-26 17:06:14,193 [pool-167-thread-1] INFO  server.RaftServerConfigKeys (ConfUtils.java:logGet(43)) - raft.server.storage.dir = [/workdir/hadoop-ozone/integration-test/target/test-dir/MiniOzoneClusterImpl-079ddb4d-8ae3-4b1a-b1c9-b03dd4a7ea74/datanode-2/data/ratis] (custom)
2019-09-26 17:06:14,193 [pool-157-thread-1] INFO  server.RaftServerConfigKeys (ConfUtils.java:logGet(43)) - raft.server.rpc.timeout.max = 1200ms (custom)
2019-09-26 17:06:14,193 [pool-157-thread-1] INFO  server.RaftServerConfigKeys (ConfUtils.java:logGet(43)) - raft.server.rpcslowness.timeout = 120s (custom)
2019-09-26 17:06:14,193 [pool-167-thread-1] INFO  storage.RaftStorageDirectory (RaftStorageDirectory.java:analyzeStorage(246)) - The storage directory /workdir/hadoop-ozone/integration-test/target/test-dir/MiniOzoneClusterImpl-079ddb4d-8ae3-4b1a-b1c9-b03dd4a7ea74/datanode-2/data/ratis/58563336-d927-4065-9806-41349c40db6f does not exist. Creating ...
2019-09-26 17:06:14,194 [pool-157-thread-1] INFO  server.RaftServerConfigKeys (ConfUtils.java:logGet(43)) - raft.server.sleep.deviation.threshold = 300 (default)
2019-09-26 17:06:14,194 [pool-147-thread-1] INFO  impl.RaftServerImpl (RaftServerImpl.java:<init>(95)) - 336cf6fc-6ba9-4546-827a-be5bd2181032: new RaftServerImpl for group-41349C40DB6F:[4322fe90-093b-40fd-a35e-ec1d1a2a11ce:192.168.157.234:39158, 336cf6fc-6ba9-4546-827a-be5bd2181032:192.168.157.234:38100, 9437d1e8-4abf-4f6e-893c-510a5e378f48:192.168.157.234:39788] with ContainerStateMachine:uninitialized
2019-09-26 17:06:14,194 [pool-157-thread-1] INFO  server.RaftServerConfigKeys (ConfUtils.java:logGet(43)) - raft.server.log.appender.install.snapshot.enabled = false (custom)
2019-09-26 17:06:14,194 [pool-147-thread-1] INFO  server.RaftServerConfigKeys (ConfUtils.java:logGet(43)) - raft.server.rpc.timeout.min = 1s (custom)
2019-09-26 17:06:14,194 [pool-157-thread-1] INFO  impl.RaftServerImpl (ServerState.java:<init>(103)) - 4322fe90-093b-40fd-a35e-ec1d1a2a11ce@group-41349C40DB6F: ConfigurationManager, init=-1: [4322fe90-093b-40fd-a35e-ec1d1a2a11ce:192.168.157.234:39158, 336cf6fc-6ba9-4546-827a-be5bd2181032:192.168.157.234:38100, 9437d1e8-4abf-4f6e-893c-510a5e378f48:192.168.157.234:39788], old=null, confs=<EMPTY_MAP>
2019-09-26 17:06:14,194 [pool-147-thread-1] INFO  server.RaftServerConfigKeys (ConfUtils.java:logGet(43)) - raft.server.rpc.timeout.max = 1200ms (custom)
2019-09-26 17:06:14,194 [pool-157-thread-1] INFO  server.RaftServerConfigKeys (ConfUtils.java:logGet(43)) - raft.server.storage.dir = [/workdir/hadoop-ozone/integration-test/target/test-dir/MiniOzoneClusterImpl-079ddb4d-8ae3-4b1a-b1c9-b03dd4a7ea74/datanode-1/data/ratis] (custom)
2019-09-26 17:06:14,195 [pool-147-thread-1] INFO  server.RaftServerConfigKeys (ConfUtils.java:logGet(43)) - raft.server.rpcslowness.timeout = 120s (custom)
2019-09-26 17:06:14,195 [pool-147-thread-1] INFO  server.RaftServerConfigKeys (ConfUtils.java:logGet(43)) - raft.server.sleep.deviation.threshold = 300 (default)
2019-09-26 17:06:14,195 [pool-147-thread-1] INFO  server.RaftServerConfigKeys (ConfUtils.java:logGet(43)) - raft.server.log.appender.install.snapshot.enabled = false (custom)
2019-09-26 17:06:14,195 [pool-157-thread-1] INFO  storage.RaftStorageDirectory (RaftStorageDirectory.java:analyzeStorage(246)) - The storage directory /workdir/hadoop-ozone/integration-test/target/test-dir/MiniOzoneClusterImpl-079ddb4d-8ae3-4b1a-b1c9-b03dd4a7ea74/datanode-1/data/ratis/58563336-d927-4065-9806-41349c40db6f does not exist. Creating ...
2019-09-26 17:06:14,195 [pool-147-thread-1] INFO  impl.RaftServerImpl (ServerState.java:<init>(103)) - 336cf6fc-6ba9-4546-827a-be5bd2181032@group-41349C40DB6F: ConfigurationManager, init=-1: [4322fe90-093b-40fd-a35e-ec1d1a2a11ce:192.168.157.234:39158, 336cf6fc-6ba9-4546-827a-be5bd2181032:192.168.157.234:38100, 9437d1e8-4abf-4f6e-893c-510a5e378f48:192.168.157.234:39788], old=null, confs=<EMPTY_MAP>
2019-09-26 17:06:14,195 [pool-147-thread-1] INFO  server.RaftServerConfigKeys (ConfUtils.java:logGet(43)) - raft.server.storage.dir = [/workdir/hadoop-ozone/integration-test/target/test-dir/MiniOzoneClusterImpl-079ddb4d-8ae3-4b1a-b1c9-b03dd4a7ea74/datanode-0/data/ratis] (custom)
2019-09-26 17:06:14,196 [pool-147-thread-1] INFO  storage.RaftStorageDirectory (RaftStorageDirectory.java:analyzeStorage(246)) - The storage directory /workdir/hadoop-ozone/integration-test/target/test-dir/MiniOzoneClusterImpl-079ddb4d-8ae3-4b1a-b1c9-b03dd4a7ea74/datanode-0/data/ratis/58563336-d927-4065-9806-41349c40db6f does not exist. Creating ...
2019-09-26 17:06:14,207 [pool-157-thread-1] INFO  storage.RaftStorageDirectory (RaftStorageDirectory.java:tryLock(328)) - Lock on /workdir/hadoop-ozone/integration-test/target/test-dir/MiniOzoneClusterImpl-079ddb4d-8ae3-4b1a-b1c9-b03dd4a7ea74/datanode-1/data/ratis/58563336-d927-4065-9806-41349c40db6f/in_use.lock acquired by nodename 14337@pr-hdds-2162-htzpk-1451759861
2019-09-26 17:06:14,207 [pool-147-thread-1] INFO  storage.RaftStorageDirectory (RaftStorageDirectory.java:tryLock(328)) - Lock on /workdir/hadoop-ozone/integration-test/target/test-dir/MiniOzoneClusterImpl-079ddb4d-8ae3-4b1a-b1c9-b03dd4a7ea74/datanode-0/data/ratis/58563336-d927-4065-9806-41349c40db6f/in_use.lock acquired by nodename 14337@pr-hdds-2162-htzpk-1451759861
2019-09-26 17:06:14,207 [pool-167-thread-1] INFO  storage.RaftStorageDirectory (RaftStorageDirectory.java:tryLock(328)) - Lock on /workdir/hadoop-ozone/integration-test/target/test-dir/MiniOzoneClusterImpl-079ddb4d-8ae3-4b1a-b1c9-b03dd4a7ea74/datanode-2/data/ratis/58563336-d927-4065-9806-41349c40db6f/in_use.lock acquired by nodename 14337@pr-hdds-2162-htzpk-1451759861
2019-09-26 17:06:14,221 [pool-167-thread-1] INFO  storage.RaftStorage (RaftStorage.java:format(72)) - Storage directory /workdir/hadoop-ozone/integration-test/target/test-dir/MiniOzoneClusterImpl-079ddb4d-8ae3-4b1a-b1c9-b03dd4a7ea74/datanode-2/data/ratis/58563336-d927-4065-9806-41349c40db6f has been successfully formatted.
2019-09-26 17:06:14,221 [pool-147-thread-1] INFO  storage.RaftStorage (RaftStorage.java:format(72)) - Storage directory /workdir/hadoop-ozone/integration-test/target/test-dir/MiniOzoneClusterImpl-079ddb4d-8ae3-4b1a-b1c9-b03dd4a7ea74/datanode-0/data/ratis/58563336-d927-4065-9806-41349c40db6f has been successfully formatted.
2019-09-26 17:06:14,221 [pool-157-thread-1] INFO  storage.RaftStorage (RaftStorage.java:format(72)) - Storage directory /workdir/hadoop-ozone/integration-test/target/test-dir/MiniOzoneClusterImpl-079ddb4d-8ae3-4b1a-b1c9-b03dd4a7ea74/datanode-1/data/ratis/58563336-d927-4065-9806-41349c40db6f has been successfully formatted.
2019-09-26 17:06:14,221 [pool-167-thread-1] INFO  ratis.ContainerStateMachine (ContainerStateMachine.java:loadSnapshot(230)) - group-41349C40DB6F: The snapshot info is null. Setting the last applied indexto:(t:0, i:~)
2019-09-26 17:06:14,222 [pool-157-thread-1] INFO  ratis.ContainerStateMachine (ContainerStateMachine.java:loadSnapshot(230)) - group-41349C40DB6F: The snapshot info is null. Setting the last applied indexto:(t:0, i:~)
2019-09-26 17:06:14,222 [pool-147-thread-1] INFO  ratis.ContainerStateMachine (ContainerStateMachine.java:loadSnapshot(230)) - group-41349C40DB6F: The snapshot info is null. Setting the last applied indexto:(t:0, i:~)
2019-09-26 17:06:14,222 [pool-157-thread-1] INFO  server.RaftServerConfigKeys (ConfUtils.java:logGet(43)) - raft.server.notification.no-leader.timeout = 120s (custom)
2019-09-26 17:06:14,222 [pool-167-thread-1] INFO  server.RaftServerConfigKeys (ConfUtils.java:logGet(43)) - raft.server.notification.no-leader.timeout = 120s (custom)
2019-09-26 17:06:14,222 [pool-157-thread-1] INFO  server.RaftServerConfigKeys (ConfUtils.java:logGet(43)) - raft.server.log.use.memory = false (default)
2019-09-26 17:06:14,222 [pool-147-thread-1] INFO  server.RaftServerConfigKeys (ConfUtils.java:logGet(43)) - raft.server.notification.no-leader.timeout = 120s (custom)
2019-09-26 17:06:14,223 [pool-157-thread-1] INFO  server.RaftServerConfigKeys (ConfUtils.java:logGet(43)) - raft.server.log.purge.gap = 1000000 (custom)
2019-09-26 17:06:14,223 [pool-167-thread-1] INFO  server.RaftServerConfigKeys (ConfUtils.java:logGet(43)) - raft.server.log.use.memory = false (default)
2019-09-26 17:06:14,223 [pool-157-thread-1] INFO  server.RaftServerConfigKeys (ConfUtils.java:logGet(43)) - raft.server.log.appender.buffer.byte-limit = 33554432 (custom)
2019-09-26 17:06:14,223 [pool-147-thread-1] INFO  server.RaftServerConfigKeys (ConfUtils.java:logGet(43)) - raft.server.log.use.memory = false (default)
2019-09-26 17:06:14,224 [pool-157-thread-1] INFO  server.RaftServerConfigKeys (ConfUtils.java:logGet(43)) - raft.server.log.segment.size.max = 1048576 (custom)
2019-09-26 17:06:14,223 [pool-167-thread-1] INFO  server.RaftServerConfigKeys (ConfUtils.java:logGet(43)) - raft.server.log.purge.gap = 1000000 (custom)
2019-09-26 17:06:14,224 [pool-157-thread-1] INFO  server.RaftServerConfigKeys (ConfUtils.java:logGet(43)) - raft.server.log.segment.cache.num.max = 2 (custom)
2019-09-26 17:06:14,224 [pool-147-thread-1] INFO  server.RaftServerConfigKeys (ConfUtils.java:logGet(43)) - raft.server.log.purge.gap = 1000000 (custom)
2019-09-26 17:06:14,224 [pool-157-thread-1] INFO  segmented.SegmentedRaftLogWorker (SegmentedRaftLogWorker.java:<init>(172)) - new 4322fe90-093b-40fd-a35e-ec1d1a2a11ce@group-41349C40DB6F-SegmentedRaftLogWorker for RaftStorage:Storage Directory /workdir/hadoop-ozone/integration-test/target/test-dir/MiniOzoneClusterImpl-079ddb4d-8ae3-4b1a-b1c9-b03dd4a7ea74/datanode-1/data/ratis/58563336-d927-4065-9806-41349c40db6f
2019-09-26 17:06:14,224 [pool-167-thread-1] INFO  server.RaftServerConfigKeys (ConfUtils.java:logGet(43)) - raft.server.log.appender.buffer.byte-limit = 33554432 (custom)
2019-09-26 17:06:14,225 [pool-157-thread-1] INFO  server.RaftServerConfigKeys (ConfUtils.java:logGet(43)) - raft.server.log.queue.byte-limit = 2147483647 (custom)
2019-09-26 17:06:14,225 [pool-147-thread-1] INFO  server.RaftServerConfigKeys (ConfUtils.java:logGet(43)) - raft.server.log.appender.buffer.byte-limit = 33554432 (custom)
2019-09-26 17:06:14,225 [pool-157-thread-1] INFO  server.RaftServerConfigKeys (ConfUtils.java:logGet(43)) - raft.server.log.queue.element-limit = 1024 (custom)
2019-09-26 17:06:14,225 [pool-167-thread-1] INFO  server.RaftServerConfigKeys (ConfUtils.java:logGet(43)) - raft.server.log.segment.size.max = 1048576 (custom)
2019-09-26 17:06:14,226 [pool-157-thread-1] INFO  server.RaftServerConfigKeys (ConfUtils.java:logGet(43)) - raft.server.log.segment.size.max = 1048576 (custom)
2019-09-26 17:06:14,225 [pool-147-thread-1] INFO  server.RaftServerConfigKeys (ConfUtils.java:logGet(43)) - raft.server.log.segment.size.max = 1048576 (custom)
2019-09-26 17:06:14,226 [pool-157-thread-1] INFO  server.RaftServerConfigKeys (ConfUtils.java:logGet(43)) - raft.server.log.preallocated.size = 16384 (custom)
2019-09-26 17:06:14,226 [pool-157-thread-1] INFO  server.RaftServerConfigKeys (ConfUtils.java:logGet(43)) - raft.server.log.write.buffer.size = 33554432 (custom)
2019-09-26 17:06:14,226 [pool-167-thread-1] INFO  server.RaftServerConfigKeys (ConfUtils.java:logGet(43)) - raft.server.log.segment.cache.num.max = 2 (custom)
2019-09-26 17:06:14,227 [pool-157-thread-1] INFO  server.RaftServerConfigKeys (ConfUtils.java:logGet(43)) - raft.server.log.force.sync.num = 128 (default)
2019-09-26 17:06:14,226 [pool-147-thread-1] INFO  server.RaftServerConfigKeys (ConfUtils.java:logGet(43)) - raft.server.log.segment.cache.num.max = 2 (custom)
2019-09-26 17:06:14,227 [pool-157-thread-1] INFO  server.RaftServerConfigKeys (ConfUtils.java:logGet(43)) - raft.server.log.statemachine.data.sync = true (default)
2019-09-26 17:06:14,227 [pool-167-thread-1] INFO  segmented.SegmentedRaftLogWorker (SegmentedRaftLogWorker.java:<init>(172)) - new 9437d1e8-4abf-4f6e-893c-510a5e378f48@group-41349C40DB6F-SegmentedRaftLogWorker for RaftStorage:Storage Directory /workdir/hadoop-ozone/integration-test/target/test-dir/MiniOzoneClusterImpl-079ddb4d-8ae3-4b1a-b1c9-b03dd4a7ea74/datanode-2/data/ratis/58563336-d927-4065-9806-41349c40db6f
2019-09-26 17:06:14,227 [pool-157-thread-1] INFO  server.RaftServerConfigKeys (ConfUtils.java:logGet(43)) - raft.server.log.statemachine.data.sync.timeout = 10s (default)
2019-09-26 17:06:14,227 [pool-147-thread-1] INFO  segmented.SegmentedRaftLogWorker (SegmentedRaftLogWorker.java:<init>(172)) - new 336cf6fc-6ba9-4546-827a-be5bd2181032@group-41349C40DB6F-SegmentedRaftLogWorker for RaftStorage:Storage Directory /workdir/hadoop-ozone/integration-test/target/test-dir/MiniOzoneClusterImpl-079ddb4d-8ae3-4b1a-b1c9-b03dd4a7ea74/datanode-0/data/ratis/58563336-d927-4065-9806-41349c40db6f
2019-09-26 17:06:14,228 [pool-157-thread-1] INFO  server.RaftServerConfigKeys (ConfUtils.java:logGet(43)) - raft.server.log.statemachine.data.sync.timeout.retry = -1 (default)
2019-09-26 17:06:14,228 [pool-167-thread-1] INFO  server.RaftServerConfigKeys (ConfUtils.java:logGet(43)) - raft.server.log.queue.byte-limit = 2147483647 (custom)
2019-09-26 17:06:14,228 [pool-157-thread-1] INFO  server.RaftServerConfigKeys (ConfUtils.java:logGet(43)) - raft.server.log.statemachine.data.caching.enabled = true (custom)
2019-09-26 17:06:14,228 [pool-147-thread-1] INFO  server.RaftServerConfigKeys (ConfUtils.java:logGet(43)) - raft.server.log.queue.byte-limit = 2147483647 (custom)
2019-09-26 17:06:14,228 [pool-167-thread-1] INFO  server.RaftServerConfigKeys (ConfUtils.java:logGet(43)) - raft.server.log.queue.element-limit = 1024 (custom)
2019-09-26 17:06:14,229 [pool-157-thread-1] INFO  segmented.SegmentedRaftLogWorker (SegmentedRaftLogWorker.java:lambda$new$0(132)) - 4322fe90-093b-40fd-a35e-ec1d1a2a11ce@group-41349C40DB6F-SegmentedRaftLogWorker: flushIndex: setUnconditionally 0 -> -1
2019-09-26 17:06:14,229 [pool-147-thread-1] INFO  server.RaftServerConfigKeys (ConfUtils.java:logGet(43)) - raft.server.log.queue.element-limit = 1024 (custom)
2019-09-26 17:06:14,229 [pool-157-thread-1] INFO  server.RaftServerConfigKeys (ConfUtils.java:logGet(43)) - raft.server.snapshot.auto.trigger.enabled = true (custom)
2019-09-26 17:06:14,229 [pool-167-thread-1] INFO  server.RaftServerConfigKeys (ConfUtils.java:logGet(43)) - raft.server.log.segment.size.max = 1048576 (custom)
2019-09-26 17:06:14,229 [pool-157-thread-1] INFO  server.RaftServerConfigKeys (ConfUtils.java:logGet(43)) - raft.server.snapshot.auto.trigger.threshold = 10000 (custom)
2019-09-26 17:06:14,229 [pool-147-thread-1] INFO  server.RaftServerConfigKeys (ConfUtils.java:logGet(43)) - raft.server.log.segment.size.max = 1048576 (custom)
2019-09-26 17:06:14,230 [pool-157-thread-1] INFO  server.RaftServerConfigKeys (ConfUtils.java:logGet(43)) - raft.server.snapshot.retention.num.files = 5 (custom)
2019-09-26 17:06:14,230 [pool-167-thread-1] INFO  server.RaftServerConfigKeys (ConfUtils.java:logGet(43)) - raft.server.log.preallocated.size = 16384 (custom)
2019-09-26 17:06:14,230 [pool-157-thread-1] INFO  server.RaftServerConfigKeys (ConfUtils.java:logGet(43)) - raft.server.retrycache.expirytime = 600000ms (custom)
2019-09-26 17:06:14,230 [pool-147-thread-1] INFO  server.RaftServerConfigKeys (ConfUtils.java:logGet(43)) - raft.server.log.preallocated.size = 16384 (custom)
2019-09-26 17:06:14,230 [IPC Server handler 2 on 45997] INFO  net.NetworkTopology (NetworkTopologyImpl.java:add(111)) - Added a new node: /default-rack/741be72a-0e65-423d-848a-4c129baf2ff1
2019-09-26 17:06:14,231 [IPC Server handler 2 on 45997] INFO  node.SCMNodeManager (SCMNodeManager.java:register(266)) - Registered Data node : 741be72a-0e65-423d-848a-4c129baf2ff1{ip: 192.168.157.234, host: pr-hdds-2162-htzpk-1451759861, networkLocation: /default-rack, certSerialId: null}
2019-09-26 17:06:14,230 [pool-167-thread-1] INFO  server.RaftServerConfigKeys (ConfUtils.java:logGet(43)) - raft.server.log.write.buffer.size = 33554432 (custom)
2019-09-26 17:06:14,231 [pool-147-thread-1] INFO  server.RaftServerConfigKeys (ConfUtils.java:logGet(43)) - raft.server.log.write.buffer.size = 33554432 (custom)
2019-09-26 17:06:14,231 [pool-167-thread-1] INFO  server.RaftServerConfigKeys (ConfUtils.java:logGet(43)) - raft.server.log.force.sync.num = 128 (default)
2019-09-26 17:06:14,232 [pool-147-thread-1] INFO  server.RaftServerConfigKeys (ConfUtils.java:logGet(43)) - raft.server.log.force.sync.num = 128 (default)
2019-09-26 17:06:14,232 [pool-167-thread-1] INFO  server.RaftServerConfigKeys (ConfUtils.java:logGet(43)) - raft.server.log.statemachine.data.sync = true (default)
2019-09-26 17:06:14,232 [pool-147-thread-1] INFO  server.RaftServerConfigKeys (ConfUtils.java:logGet(43)) - raft.server.log.statemachine.data.sync = true (default)
2019-09-26 17:06:14,232 [pool-167-thread-1] INFO  server.RaftServerConfigKeys (ConfUtils.java:logGet(43)) - raft.server.log.statemachine.data.sync.timeout = 10s (default)
2019-09-26 17:06:14,232 [pool-147-thread-1] INFO  server.RaftServerConfigKeys (ConfUtils.java:logGet(43)) - raft.server.log.statemachine.data.sync.timeout = 10s (default)
2019-09-26 17:06:14,233 [pool-167-thread-1] INFO  server.RaftServerConfigKeys (ConfUtils.java:logGet(43)) - raft.server.log.statemachine.data.sync.timeout.retry = -1 (default)
2019-09-26 17:06:14,233 [pool-147-thread-1] INFO  server.RaftServerConfigKeys (ConfUtils.java:logGet(43)) - raft.server.log.statemachine.data.sync.timeout.retry = -1 (default)
2019-09-26 17:06:14,233 [pool-157-thread-1] INFO  impl.RaftServerImpl (RaftServerImpl.java:start(185)) - 4322fe90-093b-40fd-a35e-ec1d1a2a11ce@group-41349C40DB6F: start as a follower, conf=-1: [4322fe90-093b-40fd-a35e-ec1d1a2a11ce:192.168.157.234:39158, 336cf6fc-6ba9-4546-827a-be5bd2181032:192.168.157.234:38100, 9437d1e8-4abf-4f6e-893c-510a5e378f48:192.168.157.234:39788], old=null
2019-09-26 17:06:14,233 [pool-167-thread-1] INFO  server.RaftServerConfigKeys (ConfUtils.java:logGet(43)) - raft.server.log.statemachine.data.caching.enabled = true (custom)
2019-09-26 17:06:14,233 [pool-157-thread-1] INFO  impl.RaftServerImpl (RaftServerImpl.java:setRole(174)) - 4322fe90-093b-40fd-a35e-ec1d1a2a11ce@group-41349C40DB6F: changes role from      null to FOLLOWER at term 0 for startAsFollower
2019-09-26 17:06:14,233 [pool-147-thread-1] INFO  server.RaftServerConfigKeys (ConfUtils.java:logGet(43)) - raft.server.log.statemachine.data.caching.enabled = true (custom)
2019-09-26 17:06:14,234 [pool-167-thread-1] INFO  segmented.SegmentedRaftLogWorker (SegmentedRaftLogWorker.java:lambda$new$0(132)) - 9437d1e8-4abf-4f6e-893c-510a5e378f48@group-41349C40DB6F-SegmentedRaftLogWorker: flushIndex: setUnconditionally 0 -> -1
2019-09-26 17:06:14,234 [pool-157-thread-1] INFO  impl.RoleInfo (RoleInfo.java:updateAndGet(143)) - 4322fe90-093b-40fd-a35e-ec1d1a2a11ce: start FollowerState
2019-09-26 17:06:14,234 [pool-147-thread-1] INFO  segmented.SegmentedRaftLogWorker (SegmentedRaftLogWorker.java:lambda$new$0(132)) - 336cf6fc-6ba9-4546-827a-be5bd2181032@group-41349C40DB6F-SegmentedRaftLogWorker: flushIndex: setUnconditionally 0 -> -1
2019-09-26 17:06:14,234 [pool-167-thread-1] INFO  server.RaftServerConfigKeys (ConfUtils.java:logGet(43)) - raft.server.snapshot.auto.trigger.enabled = true (custom)
2019-09-26 17:06:14,234 [pool-167-thread-1] INFO  server.RaftServerConfigKeys (ConfUtils.java:logGet(43)) - raft.server.snapshot.auto.trigger.threshold = 10000 (custom)
2019-09-26 17:06:14,235 [pool-147-thread-1] INFO  server.RaftServerConfigKeys (ConfUtils.java:logGet(43)) - raft.server.snapshot.auto.trigger.enabled = true (custom)
2019-09-26 17:06:14,234 [pool-157-thread-1] INFO  util.JmxRegister (JmxRegister.java:tryRegister(44)) - Successfully registered JMX Bean with object name Ratis:service=RaftServer,group=group-41349C40DB6F,id=4322fe90-093b-40fd-a35e-ec1d1a2a11ce
2019-09-26 17:06:14,235 [pool-147-thread-1] INFO  server.RaftServerConfigKeys (ConfUtils.java:logGet(43)) - raft.server.snapshot.auto.trigger.threshold = 10000 (custom)
2019-09-26 17:06:14,235 [pool-167-thread-1] INFO  server.RaftServerConfigKeys (ConfUtils.java:logGet(43)) - raft.server.snapshot.retention.num.files = 5 (custom)
2019-09-26 17:06:14,235 [pool-147-thread-1] INFO  server.RaftServerConfigKeys (ConfUtils.java:logGet(43)) - raft.server.snapshot.retention.num.files = 5 (custom)
2019-09-26 17:06:14,235 [pool-167-thread-1] INFO  server.RaftServerConfigKeys (ConfUtils.java:logGet(43)) - raft.server.retrycache.expirytime = 600000ms (custom)
2019-09-26 17:06:14,235 [pool-147-thread-1] INFO  server.RaftServerConfigKeys (ConfUtils.java:logGet(43)) - raft.server.retrycache.expirytime = 600000ms (custom)
2019-09-26 17:06:14,241 [pool-167-thread-1] INFO  impl.RaftServerImpl (RaftServerImpl.java:start(185)) - 9437d1e8-4abf-4f6e-893c-510a5e378f48@group-41349C40DB6F: start as a follower, conf=-1: [4322fe90-093b-40fd-a35e-ec1d1a2a11ce:192.168.157.234:39158, 336cf6fc-6ba9-4546-827a-be5bd2181032:192.168.157.234:38100, 9437d1e8-4abf-4f6e-893c-510a5e378f48:192.168.157.234:39788], old=null
2019-09-26 17:06:14,241 [pool-167-thread-1] INFO  impl.RaftServerImpl (RaftServerImpl.java:setRole(174)) - 9437d1e8-4abf-4f6e-893c-510a5e378f48@group-41349C40DB6F: changes role from      null to FOLLOWER at term 0 for startAsFollower
2019-09-26 17:06:14,242 [pool-167-thread-1] INFO  impl.RoleInfo (RoleInfo.java:updateAndGet(143)) - 9437d1e8-4abf-4f6e-893c-510a5e378f48: start FollowerState
2019-09-26 17:06:14,242 [pool-147-thread-1] INFO  impl.RaftServerImpl (RaftServerImpl.java:start(185)) - 336cf6fc-6ba9-4546-827a-be5bd2181032@group-41349C40DB6F: start as a follower, conf=-1: [4322fe90-093b-40fd-a35e-ec1d1a2a11ce:192.168.157.234:39158, 336cf6fc-6ba9-4546-827a-be5bd2181032:192.168.157.234:38100, 9437d1e8-4abf-4f6e-893c-510a5e378f48:192.168.157.234:39788], old=null
2019-09-26 17:06:14,242 [pool-147-thread-1] INFO  impl.RaftServerImpl (RaftServerImpl.java:setRole(174)) - 336cf6fc-6ba9-4546-827a-be5bd2181032@group-41349C40DB6F: changes role from      null to FOLLOWER at term 0 for startAsFollower
2019-09-26 17:06:14,242 [pool-167-thread-1] INFO  util.JmxRegister (JmxRegister.java:tryRegister(44)) - Successfully registered JMX Bean with object name Ratis:service=RaftServer,group=group-41349C40DB6F,id=9437d1e8-4abf-4f6e-893c-510a5e378f48
2019-09-26 17:06:14,242 [pool-147-thread-1] INFO  impl.RoleInfo (RoleInfo.java:updateAndGet(143)) - 336cf6fc-6ba9-4546-827a-be5bd2181032: start FollowerState
2019-09-26 17:06:14,243 [pool-147-thread-1] INFO  util.JmxRegister (JmxRegister.java:tryRegister(44)) - Successfully registered JMX Bean with object name Ratis:service=RaftServer,group=group-41349C40DB6F,id=336cf6fc-6ba9-4546-827a-be5bd2181032
2019-09-26 17:06:14,254 [RatisPipelineUtilsThread] INFO  pipeline.PipelineStateManager (PipelineStateManager.java:addPipeline(56)) - Created pipeline Pipeline[ Id: 58563336-d927-4065-9806-41349c40db6f, Nodes: 4322fe90-093b-40fd-a35e-ec1d1a2a11ce{ip: 192.168.157.234, host: pr-hdds-2162-htzpk-1451759861, networkLocation: /default-rack, certSerialId: null}336cf6fc-6ba9-4546-827a-be5bd2181032{ip: 192.168.157.234, host: pr-hdds-2162-htzpk-1451759861, networkLocation: /default-rack, certSerialId: null}9437d1e8-4abf-4f6e-893c-510a5e378f48{ip: 192.168.157.234, host: pr-hdds-2162-htzpk-1451759861, networkLocation: /default-rack, certSerialId: null}, Type:RATIS, Factor:THREE, State:OPEN]
2019-09-26 17:06:14,276 [grpc-default-executor-0] INFO  impl.RaftServerProxy (RaftServerProxy.java:addNew(89)) - 921e6853-d044-4bfd-83e1-656547ff7c58: addNew group-98C2BE9CFD51:[921e6853-d044-4bfd-83e1-656547ff7c58:192.168.157.234:38444] returns group-98C2BE9CFD51:java.util.concurrent.CompletableFuture@5f727409[Not completed]
2019-09-26 17:06:14,278 [pool-177-thread-1] INFO  impl.RaftServerImpl (RaftServerImpl.java:<init>(95)) - 921e6853-d044-4bfd-83e1-656547ff7c58: new RaftServerImpl for group-98C2BE9CFD51:[921e6853-d044-4bfd-83e1-656547ff7c58:192.168.157.234:38444] with ContainerStateMachine:uninitialized
2019-09-26 17:06:14,285 [pool-177-thread-1] INFO  server.RaftServerConfigKeys (ConfUtils.java:logGet(43)) - raft.server.rpc.timeout.min = 1s (custom)
2019-09-26 17:06:14,285 [pool-177-thread-1] INFO  server.RaftServerConfigKeys (ConfUtils.java:logGet(43)) - raft.server.rpc.timeout.max = 1200ms (custom)
2019-09-26 17:06:14,286 [pool-177-thread-1] INFO  server.RaftServerConfigKeys (ConfUtils.java:logGet(43)) - raft.server.rpcslowness.timeout = 120s (custom)
2019-09-26 17:06:14,286 [pool-177-thread-1] INFO  server.RaftServerConfigKeys (ConfUtils.java:logGet(43)) - raft.server.sleep.deviation.threshold = 300 (default)
2019-09-26 17:06:14,286 [pool-177-thread-1] INFO  server.RaftServerConfigKeys (ConfUtils.java:logGet(43)) - raft.server.log.appender.install.snapshot.enabled = false (custom)
2019-09-26 17:06:14,286 [pool-177-thread-1] INFO  impl.RaftServerImpl (ServerState.java:<init>(103)) - 921e6853-d044-4bfd-83e1-656547ff7c58@group-98C2BE9CFD51: ConfigurationManager, init=-1: [921e6853-d044-4bfd-83e1-656547ff7c58:192.168.157.234:38444], old=null, confs=<EMPTY_MAP>
2019-09-26 17:06:14,286 [pool-177-thread-1] INFO  server.RaftServerConfigKeys (ConfUtils.java:logGet(43)) - raft.server.storage.dir = [/workdir/hadoop-ozone/integration-test/target/test-dir/MiniOzoneClusterImpl-079ddb4d-8ae3-4b1a-b1c9-b03dd4a7ea74/datanode-3/data/ratis] (custom)
2019-09-26 17:06:14,287 [pool-177-thread-1] INFO  storage.RaftStorageDirectory (RaftStorageDirectory.java:analyzeStorage(246)) - The storage directory /workdir/hadoop-ozone/integration-test/target/test-dir/MiniOzoneClusterImpl-079ddb4d-8ae3-4b1a-b1c9-b03dd4a7ea74/datanode-3/data/ratis/7286ef82-1c73-4061-b773-98c2be9cfd51 does not exist. Creating ...
2019-09-26 17:06:14,292 [IPC Server handler 12 on 45997] INFO  net.NetworkTopology (NetworkTopologyImpl.java:add(111)) - Added a new node: /default-rack/a1b912d9-a6d8-4f6c-b1f4-fdc5e71a64d4
2019-09-26 17:06:14,292 [main] INFO  ozone.MiniOzoneClusterImpl (MiniOzoneClusterImpl.java:lambda$waitForClusterToBeReady$0(147)) - Cluster is ready. Got 6 of 6 DN Heartbeats.
2019-09-26 17:06:14,294 [IPC Server handler 12 on 45997] INFO  node.SCMNodeManager (SCMNodeManager.java:register(266)) - Registered Data node : a1b912d9-a6d8-4f6c-b1f4-fdc5e71a64d4{ip: 192.168.157.234, host: pr-hdds-2162-htzpk-1451759861, networkLocation: /default-rack, certSerialId: null}
2019-09-26 17:06:14,300 [pool-177-thread-1] INFO  storage.RaftStorageDirectory (RaftStorageDirectory.java:tryLock(328)) - Lock on /workdir/hadoop-ozone/integration-test/target/test-dir/MiniOzoneClusterImpl-079ddb4d-8ae3-4b1a-b1c9-b03dd4a7ea74/datanode-3/data/ratis/7286ef82-1c73-4061-b773-98c2be9cfd51/in_use.lock acquired by nodename 14337@pr-hdds-2162-htzpk-1451759861
2019-09-26 17:06:14,319 [pool-177-thread-1] INFO  storage.RaftStorage (RaftStorage.java:format(72)) - Storage directory /workdir/hadoop-ozone/integration-test/target/test-dir/MiniOzoneClusterImpl-079ddb4d-8ae3-4b1a-b1c9-b03dd4a7ea74/datanode-3/data/ratis/7286ef82-1c73-4061-b773-98c2be9cfd51 has been successfully formatted.
2019-09-26 17:06:14,320 [pool-177-thread-1] INFO  ratis.ContainerStateMachine (ContainerStateMachine.java:loadSnapshot(230)) - group-98C2BE9CFD51: The snapshot info is null. Setting the last applied indexto:(t:0, i:~)
2019-09-26 17:06:14,320 [pool-177-thread-1] INFO  server.RaftServerConfigKeys (ConfUtils.java:logGet(43)) - raft.server.notification.no-leader.timeout = 120s (custom)
2019-09-26 17:06:14,320 [pool-177-thread-1] INFO  server.RaftServerConfigKeys (ConfUtils.java:logGet(43)) - raft.server.log.use.memory = false (default)
2019-09-26 17:06:14,320 [pool-177-thread-1] INFO  server.RaftServerConfigKeys (ConfUtils.java:logGet(43)) - raft.server.log.purge.gap = 1000000 (custom)
2019-09-26 17:06:14,320 [pool-177-thread-1] INFO  server.RaftServerConfigKeys (ConfUtils.java:logGet(43)) - raft.server.log.appender.buffer.byte-limit = 33554432 (custom)
2019-09-26 17:06:14,321 [pool-177-thread-1] INFO  server.RaftServerConfigKeys (ConfUtils.java:logGet(43)) - raft.server.log.segment.size.max = 1048576 (custom)
2019-09-26 17:06:14,321 [pool-177-thread-1] INFO  server.RaftServerConfigKeys (ConfUtils.java:logGet(43)) - raft.server.log.segment.cache.num.max = 2 (custom)
2019-09-26 17:06:14,321 [pool-177-thread-1] INFO  segmented.SegmentedRaftLogWorker (SegmentedRaftLogWorker.java:<init>(172)) - new 921e6853-d044-4bfd-83e1-656547ff7c58@group-98C2BE9CFD51-SegmentedRaftLogWorker for RaftStorage:Storage Directory /workdir/hadoop-ozone/integration-test/target/test-dir/MiniOzoneClusterImpl-079ddb4d-8ae3-4b1a-b1c9-b03dd4a7ea74/datanode-3/data/ratis/7286ef82-1c73-4061-b773-98c2be9cfd51
2019-09-26 17:06:14,324 [pool-177-thread-1] INFO  server.RaftServerConfigKeys (ConfUtils.java:logGet(43)) - raft.server.log.queue.byte-limit = 2147483647 (custom)
2019-09-26 17:06:14,324 [pool-177-thread-1] INFO  server.RaftServerConfigKeys (ConfUtils.java:logGet(43)) - raft.server.log.queue.element-limit = 1024 (custom)
2019-09-26 17:06:14,325 [pool-177-thread-1] INFO  server.RaftServerConfigKeys (ConfUtils.java:logGet(43)) - raft.server.log.segment.size.max = 1048576 (custom)
2019-09-26 17:06:14,325 [pool-177-thread-1] INFO  server.RaftServerConfigKeys (ConfUtils.java:logGet(43)) - raft.server.log.preallocated.size = 16384 (custom)
2019-09-26 17:06:14,325 [pool-177-thread-1] INFO  server.RaftServerConfigKeys (ConfUtils.java:logGet(43)) - raft.server.log.write.buffer.size = 33554432 (custom)
2019-09-26 17:06:14,325 [pool-177-thread-1] INFO  server.RaftServerConfigKeys (ConfUtils.java:logGet(43)) - raft.server.log.force.sync.num = 128 (default)
2019-09-26 17:06:14,326 [pool-177-thread-1] INFO  server.RaftServerConfigKeys (ConfUtils.java:logGet(43)) - raft.server.log.statemachine.data.sync = true (default)
2019-09-26 17:06:14,326 [pool-177-thread-1] INFO  server.RaftServerConfigKeys (ConfUtils.java:logGet(43)) - raft.server.log.statemachine.data.sync.timeout = 10s (default)
2019-09-26 17:06:14,326 [pool-177-thread-1] INFO  server.RaftServerConfigKeys (ConfUtils.java:logGet(43)) - raft.server.log.statemachine.data.sync.timeout.retry = -1 (default)
2019-09-26 17:06:14,326 [pool-177-thread-1] INFO  server.RaftServerConfigKeys (ConfUtils.java:logGet(43)) - raft.server.log.statemachine.data.caching.enabled = true (custom)
2019-09-26 17:06:14,327 [pool-177-thread-1] INFO  segmented.SegmentedRaftLogWorker (SegmentedRaftLogWorker.java:lambda$new$0(132)) - 921e6853-d044-4bfd-83e1-656547ff7c58@group-98C2BE9CFD51-SegmentedRaftLogWorker: flushIndex: setUnconditionally 0 -> -1
2019-09-26 17:06:14,327 [pool-177-thread-1] INFO  server.RaftServerConfigKeys (ConfUtils.java:logGet(43)) - raft.server.snapshot.auto.trigger.enabled = true (custom)
2019-09-26 17:06:14,328 [pool-177-thread-1] INFO  server.RaftServerConfigKeys (ConfUtils.java:logGet(43)) - raft.server.snapshot.auto.trigger.threshold = 10000 (custom)
2019-09-26 17:06:14,328 [pool-177-thread-1] INFO  server.RaftServerConfigKeys (ConfUtils.java:logGet(43)) - raft.server.snapshot.retention.num.files = 5 (custom)
2019-09-26 17:06:14,328 [pool-177-thread-1] INFO  server.RaftServerConfigKeys (ConfUtils.java:logGet(43)) - raft.server.retrycache.expirytime = 600000ms (custom)
2019-09-26 17:06:14,331 [pool-177-thread-1] INFO  impl.RaftServerImpl (RaftServerImpl.java:start(185)) - 921e6853-d044-4bfd-83e1-656547ff7c58@group-98C2BE9CFD51: start as a follower, conf=-1: [921e6853-d044-4bfd-83e1-656547ff7c58:192.168.157.234:38444], old=null
2019-09-26 17:06:14,331 [pool-177-thread-1] INFO  impl.RaftServerImpl (RaftServerImpl.java:setRole(174)) - 921e6853-d044-4bfd-83e1-656547ff7c58@group-98C2BE9CFD51: changes role from      null to FOLLOWER at term 0 for startAsFollower
2019-09-26 17:06:14,332 [pool-177-thread-1] INFO  impl.RoleInfo (RoleInfo.java:updateAndGet(143)) - 921e6853-d044-4bfd-83e1-656547ff7c58: start FollowerState
2019-09-26 17:06:14,332 [pool-177-thread-1] INFO  util.JmxRegister (JmxRegister.java:tryRegister(44)) - Successfully registered JMX Bean with object name Ratis:service=RaftServer,group=group-98C2BE9CFD51,id=921e6853-d044-4bfd-83e1-656547ff7c58
2019-09-26 17:06:14,337 [RatisPipelineUtilsThread] INFO  pipeline.PipelineStateManager (PipelineStateManager.java:addPipeline(56)) - Created pipeline Pipeline[ Id: 7286ef82-1c73-4061-b773-98c2be9cfd51, Nodes: 921e6853-d044-4bfd-83e1-656547ff7c58{ip: 192.168.157.234, host: pr-hdds-2162-htzpk-1451759861, networkLocation: /default-rack, certSerialId: null}, Type:RATIS, Factor:ONE, State:OPEN]
2019-09-26 17:06:14,345 [grpc-default-executor-0] INFO  impl.RaftServerProxy (RaftServerProxy.java:addNew(89)) - a1b912d9-a6d8-4f6c-b1f4-fdc5e71a64d4: addNew group-7D4F1C940FEA:[a1b912d9-a6d8-4f6c-b1f4-fdc5e71a64d4:192.168.157.234:33945] returns group-7D4F1C940FEA:java.util.concurrent.CompletableFuture@18d201be[Not completed]
2019-09-26 17:06:14,348 [pool-197-thread-1] INFO  impl.RaftServerImpl (RaftServerImpl.java:<init>(95)) - a1b912d9-a6d8-4f6c-b1f4-fdc5e71a64d4: new RaftServerImpl for group-7D4F1C940FEA:[a1b912d9-a6d8-4f6c-b1f4-fdc5e71a64d4:192.168.157.234:33945] with ContainerStateMachine:uninitialized
2019-09-26 17:06:14,348 [pool-197-thread-1] INFO  server.RaftServerConfigKeys (ConfUtils.java:logGet(43)) - raft.server.rpc.timeout.min = 1s (custom)
2019-09-26 17:06:14,348 [pool-197-thread-1] INFO  server.RaftServerConfigKeys (ConfUtils.java:logGet(43)) - raft.server.rpc.timeout.max = 1200ms (custom)
2019-09-26 17:06:14,349 [pool-197-thread-1] INFO  server.RaftServerConfigKeys (ConfUtils.java:logGet(43)) - raft.server.rpcslowness.timeout = 120s (custom)
2019-09-26 17:06:14,349 [pool-197-thread-1] INFO  server.RaftServerConfigKeys (ConfUtils.java:logGet(43)) - raft.server.sleep.deviation.threshold = 300 (default)
2019-09-26 17:06:14,349 [pool-197-thread-1] INFO  server.RaftServerConfigKeys (ConfUtils.java:logGet(43)) - raft.server.log.appender.install.snapshot.enabled = false (custom)
2019-09-26 17:06:14,349 [pool-197-thread-1] INFO  impl.RaftServerImpl (ServerState.java:<init>(103)) - a1b912d9-a6d8-4f6c-b1f4-fdc5e71a64d4@group-7D4F1C940FEA: ConfigurationManager, init=-1: [a1b912d9-a6d8-4f6c-b1f4-fdc5e71a64d4:192.168.157.234:33945], old=null, confs=<EMPTY_MAP>
2019-09-26 17:06:14,349 [pool-197-thread-1] INFO  server.RaftServerConfigKeys (ConfUtils.java:logGet(43)) - raft.server.storage.dir = [/workdir/hadoop-ozone/integration-test/target/test-dir/MiniOzoneClusterImpl-079ddb4d-8ae3-4b1a-b1c9-b03dd4a7ea74/datanode-5/data/ratis] (custom)
2019-09-26 17:06:14,350 [pool-197-thread-1] INFO  storage.RaftStorageDirectory (RaftStorageDirectory.java:analyzeStorage(246)) - The storage directory /workdir/hadoop-ozone/integration-test/target/test-dir/MiniOzoneClusterImpl-079ddb4d-8ae3-4b1a-b1c9-b03dd4a7ea74/datanode-5/data/ratis/faa37c52-d102-4352-a3ce-7d4f1c940fea does not exist. Creating ...
2019-09-26 17:06:14,363 [pool-197-thread-1] INFO  storage.RaftStorageDirectory (RaftStorageDirectory.java:tryLock(328)) - Lock on /workdir/hadoop-ozone/integration-test/target/test-dir/MiniOzoneClusterImpl-079ddb4d-8ae3-4b1a-b1c9-b03dd4a7ea74/datanode-5/data/ratis/faa37c52-d102-4352-a3ce-7d4f1c940fea/in_use.lock acquired by nodename 14337@pr-hdds-2162-htzpk-1451759861
2019-09-26 17:06:14,377 [pool-197-thread-1] INFO  storage.RaftStorage (RaftStorage.java:format(72)) - Storage directory /workdir/hadoop-ozone/integration-test/target/test-dir/MiniOzoneClusterImpl-079ddb4d-8ae3-4b1a-b1c9-b03dd4a7ea74/datanode-5/data/ratis/faa37c52-d102-4352-a3ce-7d4f1c940fea has been successfully formatted.
2019-09-26 17:06:14,377 [pool-197-thread-1] INFO  ratis.ContainerStateMachine (ContainerStateMachine.java:loadSnapshot(230)) - group-7D4F1C940FEA: The snapshot info is null. Setting the last applied indexto:(t:0, i:~)
2019-09-26 17:06:14,378 [pool-197-thread-1] INFO  server.RaftServerConfigKeys (ConfUtils.java:logGet(43)) - raft.server.notification.no-leader.timeout = 120s (custom)
2019-09-26 17:06:14,378 [pool-197-thread-1] INFO  server.RaftServerConfigKeys (ConfUtils.java:logGet(43)) - raft.server.log.use.memory = false (default)
2019-09-26 17:06:14,378 [pool-197-thread-1] INFO  server.RaftServerConfigKeys (ConfUtils.java:logGet(43)) - raft.server.log.purge.gap = 1000000 (custom)
2019-09-26 17:06:14,378 [pool-197-thread-1] INFO  server.RaftServerConfigKeys (ConfUtils.java:logGet(43)) - raft.server.log.appender.buffer.byte-limit = 33554432 (custom)
2019-09-26 17:06:14,378 [pool-197-thread-1] INFO  server.RaftServerConfigKeys (ConfUtils.java:logGet(43)) - raft.server.log.segment.size.max = 1048576 (custom)
2019-09-26 17:06:14,379 [pool-197-thread-1] INFO  server.RaftServerConfigKeys (ConfUtils.java:logGet(43)) - raft.server.log.segment.cache.num.max = 2 (custom)
2019-09-26 17:06:14,379 [pool-197-thread-1] INFO  segmented.SegmentedRaftLogWorker (SegmentedRaftLogWorker.java:<init>(172)) - new a1b912d9-a6d8-4f6c-b1f4-fdc5e71a64d4@group-7D4F1C940FEA-SegmentedRaftLogWorker for RaftStorage:Storage Directory /workdir/hadoop-ozone/integration-test/target/test-dir/MiniOzoneClusterImpl-079ddb4d-8ae3-4b1a-b1c9-b03dd4a7ea74/datanode-5/data/ratis/faa37c52-d102-4352-a3ce-7d4f1c940fea
2019-09-26 17:06:14,381 [pool-197-thread-1] INFO  server.RaftServerConfigKeys (ConfUtils.java:logGet(43)) - raft.server.log.queue.byte-limit = 2147483647 (custom)
2019-09-26 17:06:14,381 [pool-197-thread-1] INFO  server.RaftServerConfigKeys (ConfUtils.java:logGet(43)) - raft.server.log.queue.element-limit = 1024 (custom)
2019-09-26 17:06:14,381 [pool-197-thread-1] INFO  server.RaftServerConfigKeys (ConfUtils.java:logGet(43)) - raft.server.log.segment.size.max = 1048576 (custom)
2019-09-26 17:06:14,382 [pool-197-thread-1] INFO  server.RaftServerConfigKeys (ConfUtils.java:logGet(43)) - raft.server.log.preallocated.size = 16384 (custom)
2019-09-26 17:06:14,382 [pool-197-thread-1] INFO  server.RaftServerConfigKeys (ConfUtils.java:logGet(43)) - raft.server.log.write.buffer.size = 33554432 (custom)
2019-09-26 17:06:14,382 [pool-197-thread-1] INFO  server.RaftServerConfigKeys (ConfUtils.java:logGet(43)) - raft.server.log.force.sync.num = 128 (default)
2019-09-26 17:06:14,382 [pool-197-thread-1] INFO  server.RaftServerConfigKeys (ConfUtils.java:logGet(43)) - raft.server.log.statemachine.data.sync = true (default)
2019-09-26 17:06:14,382 [pool-197-thread-1] INFO  server.RaftServerConfigKeys (ConfUtils.java:logGet(43)) - raft.server.log.statemachine.data.sync.timeout = 10s (default)
2019-09-26 17:06:14,382 [pool-197-thread-1] INFO  server.RaftServerConfigKeys (ConfUtils.java:logGet(43)) - raft.server.log.statemachine.data.sync.timeout.retry = -1 (default)
2019-09-26 17:06:14,383 [pool-197-thread-1] INFO  server.RaftServerConfigKeys (ConfUtils.java:logGet(43)) - raft.server.log.statemachine.data.caching.enabled = true (custom)
2019-09-26 17:06:14,383 [pool-197-thread-1] INFO  segmented.SegmentedRaftLogWorker (SegmentedRaftLogWorker.java:lambda$new$0(132)) - a1b912d9-a6d8-4f6c-b1f4-fdc5e71a64d4@group-7D4F1C940FEA-SegmentedRaftLogWorker: flushIndex: setUnconditionally 0 -> -1
2019-09-26 17:06:14,383 [pool-197-thread-1] INFO  server.RaftServerConfigKeys (ConfUtils.java:logGet(43)) - raft.server.snapshot.auto.trigger.enabled = true (custom)
2019-09-26 17:06:14,383 [pool-197-thread-1] INFO  server.RaftServerConfigKeys (ConfUtils.java:logGet(43)) - raft.server.snapshot.auto.trigger.threshold = 10000 (custom)
2019-09-26 17:06:14,383 [pool-197-thread-1] INFO  server.RaftServerConfigKeys (ConfUtils.java:logGet(43)) - raft.server.snapshot.retention.num.files = 5 (custom)
2019-09-26 17:06:14,384 [pool-197-thread-1] INFO  server.RaftServerConfigKeys (ConfUtils.java:logGet(43)) - raft.server.retrycache.expirytime = 600000ms (custom)
2019-09-26 17:06:14,386 [pool-197-thread-1] INFO  impl.RaftServerImpl (RaftServerImpl.java:start(185)) - a1b912d9-a6d8-4f6c-b1f4-fdc5e71a64d4@group-7D4F1C940FEA: start as a follower, conf=-1: [a1b912d9-a6d8-4f6c-b1f4-fdc5e71a64d4:192.168.157.234:33945], old=null
2019-09-26 17:06:14,386 [pool-197-thread-1] INFO  impl.RaftServerImpl (RaftServerImpl.java:setRole(174)) - a1b912d9-a6d8-4f6c-b1f4-fdc5e71a64d4@group-7D4F1C940FEA: changes role from      null to FOLLOWER at term 0 for startAsFollower
2019-09-26 17:06:14,386 [pool-197-thread-1] INFO  impl.RoleInfo (RoleInfo.java:updateAndGet(143)) - a1b912d9-a6d8-4f6c-b1f4-fdc5e71a64d4: start FollowerState
2019-09-26 17:06:14,387 [pool-197-thread-1] INFO  util.JmxRegister (JmxRegister.java:tryRegister(44)) - Successfully registered JMX Bean with object name Ratis:service=RaftServer,group=group-7D4F1C940FEA,id=a1b912d9-a6d8-4f6c-b1f4-fdc5e71a64d4
2019-09-26 17:06:14,391 [RatisPipelineUtilsThread] INFO  pipeline.PipelineStateManager (PipelineStateManager.java:addPipeline(56)) - Created pipeline Pipeline[ Id: faa37c52-d102-4352-a3ce-7d4f1c940fea, Nodes: a1b912d9-a6d8-4f6c-b1f4-fdc5e71a64d4{ip: 192.168.157.234, host: pr-hdds-2162-htzpk-1451759861, networkLocation: /default-rack, certSerialId: null}, Type:RATIS, Factor:ONE, State:OPEN]
2019-09-26 17:06:14,406 [grpc-default-executor-0] INFO  impl.RaftServerProxy (RaftServerProxy.java:addNew(89)) - 741be72a-0e65-423d-848a-4c129baf2ff1: addNew group-5531F75D5E31:[741be72a-0e65-423d-848a-4c129baf2ff1:192.168.157.234:34297] returns group-5531F75D5E31:java.util.concurrent.CompletableFuture@4ad3ac8e[Not completed]
2019-09-26 17:06:14,407 [pool-187-thread-1] INFO  impl.RaftServerImpl (RaftServerImpl.java:<init>(95)) - 741be72a-0e65-423d-848a-4c129baf2ff1: new RaftServerImpl for group-5531F75D5E31:[741be72a-0e65-423d-848a-4c129baf2ff1:192.168.157.234:34297] with ContainerStateMachine:uninitialized
2019-09-26 17:06:14,408 [pool-187-thread-1] INFO  server.RaftServerConfigKeys (ConfUtils.java:logGet(43)) - raft.server.rpc.timeout.min = 1s (custom)
2019-09-26 17:06:14,408 [pool-187-thread-1] INFO  server.RaftServerConfigKeys (ConfUtils.java:logGet(43)) - raft.server.rpc.timeout.max = 1200ms (custom)
2019-09-26 17:06:14,408 [pool-187-thread-1] INFO  server.RaftServerConfigKeys (ConfUtils.java:logGet(43)) - raft.server.rpcslowness.timeout = 120s (custom)
2019-09-26 17:06:14,408 [pool-187-thread-1] INFO  server.RaftServerConfigKeys (ConfUtils.java:logGet(43)) - raft.server.sleep.deviation.threshold = 300 (default)
2019-09-26 17:06:14,408 [pool-187-thread-1] INFO  server.RaftServerConfigKeys (ConfUtils.java:logGet(43)) - raft.server.log.appender.install.snapshot.enabled = false (custom)
2019-09-26 17:06:14,408 [pool-187-thread-1] INFO  impl.RaftServerImpl (ServerState.java:<init>(103)) - 741be72a-0e65-423d-848a-4c129baf2ff1@group-5531F75D5E31: ConfigurationManager, init=-1: [741be72a-0e65-423d-848a-4c129baf2ff1:192.168.157.234:34297], old=null, confs=<EMPTY_MAP>
2019-09-26 17:06:14,409 [pool-187-thread-1] INFO  server.RaftServerConfigKeys (ConfUtils.java:logGet(43)) - raft.server.storage.dir = [/workdir/hadoop-ozone/integration-test/target/test-dir/MiniOzoneClusterImpl-079ddb4d-8ae3-4b1a-b1c9-b03dd4a7ea74/datanode-4/data/ratis] (custom)
2019-09-26 17:06:14,409 [pool-187-thread-1] INFO  storage.RaftStorageDirectory (RaftStorageDirectory.java:analyzeStorage(246)) - The storage directory /workdir/hadoop-ozone/integration-test/target/test-dir/MiniOzoneClusterImpl-079ddb4d-8ae3-4b1a-b1c9-b03dd4a7ea74/datanode-4/data/ratis/7f18ca41-2666-4545-bd5e-5531f75d5e31 does not exist. Creating ...
2019-09-26 17:06:14,422 [pool-187-thread-1] INFO  storage.RaftStorageDirectory (RaftStorageDirectory.java:tryLock(328)) - Lock on /workdir/hadoop-ozone/integration-test/target/test-dir/MiniOzoneClusterImpl-079ddb4d-8ae3-4b1a-b1c9-b03dd4a7ea74/datanode-4/data/ratis/7f18ca41-2666-4545-bd5e-5531f75d5e31/in_use.lock acquired by nodename 14337@pr-hdds-2162-htzpk-1451759861
2019-09-26 17:06:14,436 [pool-187-thread-1] INFO  storage.RaftStorage (RaftStorage.java:format(72)) - Storage directory /workdir/hadoop-ozone/integration-test/target/test-dir/MiniOzoneClusterImpl-079ddb4d-8ae3-4b1a-b1c9-b03dd4a7ea74/datanode-4/data/ratis/7f18ca41-2666-4545-bd5e-5531f75d5e31 has been successfully formatted.
2019-09-26 17:06:14,437 [pool-187-thread-1] INFO  ratis.ContainerStateMachine (ContainerStateMachine.java:loadSnapshot(230)) - group-5531F75D5E31: The snapshot info is null. Setting the last applied indexto:(t:0, i:~)
2019-09-26 17:06:14,437 [pool-187-thread-1] INFO  server.RaftServerConfigKeys (ConfUtils.java:logGet(43)) - raft.server.notification.no-leader.timeout = 120s (custom)
2019-09-26 17:06:14,437 [pool-187-thread-1] INFO  server.RaftServerConfigKeys (ConfUtils.java:logGet(43)) - raft.server.log.use.memory = false (default)
2019-09-26 17:06:14,437 [pool-187-thread-1] INFO  server.RaftServerConfigKeys (ConfUtils.java:logGet(43)) - raft.server.log.purge.gap = 1000000 (custom)
2019-09-26 17:06:14,437 [pool-187-thread-1] INFO  server.RaftServerConfigKeys (ConfUtils.java:logGet(43)) - raft.server.log.appender.buffer.byte-limit = 33554432 (custom)
2019-09-26 17:06:14,438 [pool-187-thread-1] INFO  server.RaftServerConfigKeys (ConfUtils.java:logGet(43)) - raft.server.log.segment.size.max = 1048576 (custom)
2019-09-26 17:06:14,438 [pool-187-thread-1] INFO  server.RaftServerConfigKeys (ConfUtils.java:logGet(43)) - raft.server.log.segment.cache.num.max = 2 (custom)
2019-09-26 17:06:14,438 [pool-187-thread-1] INFO  segmented.SegmentedRaftLogWorker (SegmentedRaftLogWorker.java:<init>(172)) - new 741be72a-0e65-423d-848a-4c129baf2ff1@group-5531F75D5E31-SegmentedRaftLogWorker for RaftStorage:Storage Directory /workdir/hadoop-ozone/integration-test/target/test-dir/MiniOzoneClusterImpl-079ddb4d-8ae3-4b1a-b1c9-b03dd4a7ea74/datanode-4/data/ratis/7f18ca41-2666-4545-bd5e-5531f75d5e31
2019-09-26 17:06:14,440 [pool-187-thread-1] INFO  server.RaftServerConfigKeys (ConfUtils.java:logGet(43)) - raft.server.log.queue.byte-limit = 2147483647 (custom)
2019-09-26 17:06:14,440 [pool-187-thread-1] INFO  server.RaftServerConfigKeys (ConfUtils.java:logGet(43)) - raft.server.log.queue.element-limit = 1024 (custom)
2019-09-26 17:06:14,441 [pool-187-thread-1] INFO  server.RaftServerConfigKeys (ConfUtils.java:logGet(43)) - raft.server.log.segment.size.max = 1048576 (custom)
2019-09-26 17:06:14,441 [pool-187-thread-1] INFO  server.RaftServerConfigKeys (ConfUtils.java:logGet(43)) - raft.server.log.preallocated.size = 16384 (custom)
2019-09-26 17:06:14,441 [pool-187-thread-1] INFO  server.RaftServerConfigKeys (ConfUtils.java:logGet(43)) - raft.server.log.write.buffer.size = 33554432 (custom)
2019-09-26 17:06:14,441 [pool-187-thread-1] INFO  server.RaftServerConfigKeys (ConfUtils.java:logGet(43)) - raft.server.log.force.sync.num = 128 (default)
2019-09-26 17:06:14,441 [pool-187-thread-1] INFO  server.RaftServerConfigKeys (ConfUtils.java:logGet(43)) - raft.server.log.statemachine.data.sync = true (default)
2019-09-26 17:06:14,441 [pool-187-thread-1] INFO  server.RaftServerConfigKeys (ConfUtils.java:logGet(43)) - raft.server.log.statemachine.data.sync.timeout = 10s (default)
2019-09-26 17:06:14,442 [pool-187-thread-1] INFO  server.RaftServerConfigKeys (ConfUtils.java:logGet(43)) - raft.server.log.statemachine.data.sync.timeout.retry = -1 (default)
2019-09-26 17:06:14,442 [pool-187-thread-1] INFO  server.RaftServerConfigKeys (ConfUtils.java:logGet(43)) - raft.server.log.statemachine.data.caching.enabled = true (custom)
2019-09-26 17:06:14,442 [pool-187-thread-1] INFO  segmented.SegmentedRaftLogWorker (SegmentedRaftLogWorker.java:lambda$new$0(132)) - 741be72a-0e65-423d-848a-4c129baf2ff1@group-5531F75D5E31-SegmentedRaftLogWorker: flushIndex: setUnconditionally 0 -> -1
2019-09-26 17:06:14,443 [pool-187-thread-1] INFO  server.RaftServerConfigKeys (ConfUtils.java:logGet(43)) - raft.server.snapshot.auto.trigger.enabled = true (custom)
2019-09-26 17:06:14,443 [pool-187-thread-1] INFO  server.RaftServerConfigKeys (ConfUtils.java:logGet(43)) - raft.server.snapshot.auto.trigger.threshold = 10000 (custom)
2019-09-26 17:06:14,443 [pool-187-thread-1] INFO  server.RaftServerConfigKeys (ConfUtils.java:logGet(43)) - raft.server.snapshot.retention.num.files = 5 (custom)
2019-09-26 17:06:14,444 [pool-187-thread-1] INFO  server.RaftServerConfigKeys (ConfUtils.java:logGet(43)) - raft.server.retrycache.expirytime = 600000ms (custom)
2019-09-26 17:06:14,446 [pool-187-thread-1] INFO  impl.RaftServerImpl (RaftServerImpl.java:start(185)) - 741be72a-0e65-423d-848a-4c129baf2ff1@group-5531F75D5E31: start as a follower, conf=-1: [741be72a-0e65-423d-848a-4c129baf2ff1:192.168.157.234:34297], old=null
2019-09-26 17:06:14,447 [pool-187-thread-1] INFO  impl.RaftServerImpl (RaftServerImpl.java:setRole(174)) - 741be72a-0e65-423d-848a-4c129baf2ff1@group-5531F75D5E31: changes role from      null to FOLLOWER at term 0 for startAsFollower
2019-09-26 17:06:14,447 [pool-187-thread-1] INFO  impl.RoleInfo (RoleInfo.java:updateAndGet(143)) - 741be72a-0e65-423d-848a-4c129baf2ff1: start FollowerState
2019-09-26 17:06:14,447 [pool-187-thread-1] INFO  util.JmxRegister (JmxRegister.java:tryRegister(44)) - Successfully registered JMX Bean with object name Ratis:service=RaftServer,group=group-5531F75D5E31,id=741be72a-0e65-423d-848a-4c129baf2ff1
2019-09-26 17:06:14,452 [RatisPipelineUtilsThread] INFO  pipeline.PipelineStateManager (PipelineStateManager.java:addPipeline(56)) - Created pipeline Pipeline[ Id: 7f18ca41-2666-4545-bd5e-5531f75d5e31, Nodes: 741be72a-0e65-423d-848a-4c129baf2ff1{ip: 192.168.157.234, host: pr-hdds-2162-htzpk-1451759861, networkLocation: /default-rack, certSerialId: null}, Type:RATIS, Factor:ONE, State:OPEN]
2019-09-26 17:06:14,471 [grpc-default-executor-1] INFO  impl.RaftServerProxy (RaftServerProxy.java:addNew(89)) - a1b912d9-a6d8-4f6c-b1f4-fdc5e71a64d4: addNew group-AF1A230D53D4:[a1b912d9-a6d8-4f6c-b1f4-fdc5e71a64d4:192.168.157.234:33945, 741be72a-0e65-423d-848a-4c129baf2ff1:192.168.157.234:34297, 921e6853-d044-4bfd-83e1-656547ff7c58:192.168.157.234:38444] returns group-AF1A230D53D4:java.util.concurrent.CompletableFuture@27dcb350[Not completed]
2019-09-26 17:06:14,471 [grpc-default-executor-0] INFO  impl.RaftServerProxy (RaftServerProxy.java:addNew(89)) - 741be72a-0e65-423d-848a-4c129baf2ff1: addNew group-AF1A230D53D4:[a1b912d9-a6d8-4f6c-b1f4-fdc5e71a64d4:192.168.157.234:33945, 741be72a-0e65-423d-848a-4c129baf2ff1:192.168.157.234:34297, 921e6853-d044-4bfd-83e1-656547ff7c58:192.168.157.234:38444] returns group-AF1A230D53D4:java.util.concurrent.CompletableFuture@719f5f3e[Not completed]
2019-09-26 17:06:14,471 [grpc-default-executor-2] INFO  impl.RaftServerProxy (RaftServerProxy.java:addNew(89)) - 921e6853-d044-4bfd-83e1-656547ff7c58: addNew group-AF1A230D53D4:[a1b912d9-a6d8-4f6c-b1f4-fdc5e71a64d4:192.168.157.234:33945, 741be72a-0e65-423d-848a-4c129baf2ff1:192.168.157.234:34297, 921e6853-d044-4bfd-83e1-656547ff7c58:192.168.157.234:38444] returns group-AF1A230D53D4:java.util.concurrent.CompletableFuture@1b41fb05[Not completed]
2019-09-26 17:06:14,473 [pool-197-thread-1] INFO  impl.RaftServerImpl (RaftServerImpl.java:<init>(95)) - a1b912d9-a6d8-4f6c-b1f4-fdc5e71a64d4: new RaftServerImpl for group-AF1A230D53D4:[a1b912d9-a6d8-4f6c-b1f4-fdc5e71a64d4:192.168.157.234:33945, 741be72a-0e65-423d-848a-4c129baf2ff1:192.168.157.234:34297, 921e6853-d044-4bfd-83e1-656547ff7c58:192.168.157.234:38444] with ContainerStateMachine:uninitialized
2019-09-26 17:06:14,473 [pool-197-thread-1] INFO  server.RaftServerConfigKeys (ConfUtils.java:logGet(43)) - raft.server.rpc.timeout.min = 1s (custom)
2019-09-26 17:06:14,473 [pool-197-thread-1] INFO  server.RaftServerConfigKeys (ConfUtils.java:logGet(43)) - raft.server.rpc.timeout.max = 1200ms (custom)
2019-09-26 17:06:14,473 [pool-197-thread-1] INFO  server.RaftServerConfigKeys (ConfUtils.java:logGet(43)) - raft.server.rpcslowness.timeout = 120s (custom)
2019-09-26 17:06:14,473 [pool-187-thread-1] INFO  impl.RaftServerImpl (RaftServerImpl.java:<init>(95)) - 741be72a-0e65-423d-848a-4c129baf2ff1: new RaftServerImpl for group-AF1A230D53D4:[a1b912d9-a6d8-4f6c-b1f4-fdc5e71a64d4:192.168.157.234:33945, 741be72a-0e65-423d-848a-4c129baf2ff1:192.168.157.234:34297, 921e6853-d044-4bfd-83e1-656547ff7c58:192.168.157.234:38444] with ContainerStateMachine:uninitialized
2019-09-26 17:06:14,473 [pool-197-thread-1] INFO  server.RaftServerConfigKeys (ConfUtils.java:logGet(43)) - raft.server.sleep.deviation.threshold = 300 (default)
2019-09-26 17:06:14,474 [pool-187-thread-1] INFO  server.RaftServerConfigKeys (ConfUtils.java:logGet(43)) - raft.server.rpc.timeout.min = 1s (custom)
2019-09-26 17:06:14,474 [pool-197-thread-1] INFO  server.RaftServerConfigKeys (ConfUtils.java:logGet(43)) - raft.server.log.appender.install.snapshot.enabled = false (custom)
2019-09-26 17:06:14,474 [pool-177-thread-1] INFO  impl.RaftServerImpl (RaftServerImpl.java:<init>(95)) - 921e6853-d044-4bfd-83e1-656547ff7c58: new RaftServerImpl for group-AF1A230D53D4:[a1b912d9-a6d8-4f6c-b1f4-fdc5e71a64d4:192.168.157.234:33945, 741be72a-0e65-423d-848a-4c129baf2ff1:192.168.157.234:34297, 921e6853-d044-4bfd-83e1-656547ff7c58:192.168.157.234:38444] with ContainerStateMachine:uninitialized
2019-09-26 17:06:14,474 [pool-187-thread-1] INFO  server.RaftServerConfigKeys (ConfUtils.java:logGet(43)) - raft.server.rpc.timeout.max = 1200ms (custom)
2019-09-26 17:06:14,474 [pool-177-thread-1] INFO  server.RaftServerConfigKeys (ConfUtils.java:logGet(43)) - raft.server.rpc.timeout.min = 1s (custom)
2019-09-26 17:06:14,474 [pool-197-thread-1] INFO  impl.RaftServerImpl (ServerState.java:<init>(103)) - a1b912d9-a6d8-4f6c-b1f4-fdc5e71a64d4@group-AF1A230D53D4: ConfigurationManager, init=-1: [a1b912d9-a6d8-4f6c-b1f4-fdc5e71a64d4:192.168.157.234:33945, 741be72a-0e65-423d-848a-4c129baf2ff1:192.168.157.234:34297, 921e6853-d044-4bfd-83e1-656547ff7c58:192.168.157.234:38444], old=null, confs=<EMPTY_MAP>
2019-09-26 17:06:14,474 [pool-177-thread-1] INFO  server.RaftServerConfigKeys (ConfUtils.java:logGet(43)) - raft.server.rpc.timeout.max = 1200ms (custom)
2019-09-26 17:06:14,474 [pool-177-thread-1] INFO  server.RaftServerConfigKeys (ConfUtils.java:logGet(43)) - raft.server.rpcslowness.timeout = 120s (custom)
2019-09-26 17:06:14,474 [pool-187-thread-1] INFO  server.RaftServerConfigKeys (ConfUtils.java:logGet(43)) - raft.server.rpcslowness.timeout = 120s (custom)
2019-09-26 17:06:14,475 [pool-177-thread-1] INFO  server.RaftServerConfigKeys (ConfUtils.java:logGet(43)) - raft.server.sleep.deviation.threshold = 300 (default)
2019-09-26 17:06:14,474 [pool-197-thread-1] INFO  server.RaftServerConfigKeys (ConfUtils.java:logGet(43)) - raft.server.storage.dir = [/workdir/hadoop-ozone/integration-test/target/test-dir/MiniOzoneClusterImpl-079ddb4d-8ae3-4b1a-b1c9-b03dd4a7ea74/datanode-5/data/ratis] (custom)
2019-09-26 17:06:14,475 [pool-177-thread-1] INFO  server.RaftServerConfigKeys (ConfUtils.java:logGet(43)) - raft.server.log.appender.install.snapshot.enabled = false (custom)
2019-09-26 17:06:14,475 [pool-177-thread-1] INFO  impl.RaftServerImpl (ServerState.java:<init>(103)) - 921e6853-d044-4bfd-83e1-656547ff7c58@group-AF1A230D53D4: ConfigurationManager, init=-1: [a1b912d9-a6d8-4f6c-b1f4-fdc5e71a64d4:192.168.157.234:33945, 741be72a-0e65-423d-848a-4c129baf2ff1:192.168.157.234:34297, 921e6853-d044-4bfd-83e1-656547ff7c58:192.168.157.234:38444], old=null, confs=<EMPTY_MAP>
2019-09-26 17:06:14,475 [pool-187-thread-1] INFO  server.RaftServerConfigKeys (ConfUtils.java:logGet(43)) - raft.server.sleep.deviation.threshold = 300 (default)
2019-09-26 17:06:14,475 [pool-177-thread-1] INFO  server.RaftServerConfigKeys (ConfUtils.java:logGet(43)) - raft.server.storage.dir = [/workdir/hadoop-ozone/integration-test/target/test-dir/MiniOzoneClusterImpl-079ddb4d-8ae3-4b1a-b1c9-b03dd4a7ea74/datanode-3/data/ratis] (custom)
2019-09-26 17:06:14,475 [pool-197-thread-1] INFO  storage.RaftStorageDirectory (RaftStorageDirectory.java:analyzeStorage(246)) - The storage directory /workdir/hadoop-ozone/integration-test/target/test-dir/MiniOzoneClusterImpl-079ddb4d-8ae3-4b1a-b1c9-b03dd4a7ea74/datanode-5/data/ratis/07c668dd-445b-4621-bc12-af1a230d53d4 does not exist. Creating ...
2019-09-26 17:06:14,475 [pool-187-thread-1] INFO  server.RaftServerConfigKeys (ConfUtils.java:logGet(43)) - raft.server.log.appender.install.snapshot.enabled = false (custom)
2019-09-26 17:06:14,476 [pool-177-thread-1] INFO  storage.RaftStorageDirectory (RaftStorageDirectory.java:analyzeStorage(246)) - The storage directory /workdir/hadoop-ozone/integration-test/target/test-dir/MiniOzoneClusterImpl-079ddb4d-8ae3-4b1a-b1c9-b03dd4a7ea74/datanode-3/data/ratis/07c668dd-445b-4621-bc12-af1a230d53d4 does not exist. Creating ...
2019-09-26 17:06:14,476 [pool-187-thread-1] INFO  impl.RaftServerImpl (ServerState.java:<init>(103)) - 741be72a-0e65-423d-848a-4c129baf2ff1@group-AF1A230D53D4: ConfigurationManager, init=-1: [a1b912d9-a6d8-4f6c-b1f4-fdc5e71a64d4:192.168.157.234:33945, 741be72a-0e65-423d-848a-4c129baf2ff1:192.168.157.234:34297, 921e6853-d044-4bfd-83e1-656547ff7c58:192.168.157.234:38444], old=null, confs=<EMPTY_MAP>
2019-09-26 17:06:14,476 [pool-187-thread-1] INFO  server.RaftServerConfigKeys (ConfUtils.java:logGet(43)) - raft.server.storage.dir = [/workdir/hadoop-ozone/integration-test/target/test-dir/MiniOzoneClusterImpl-079ddb4d-8ae3-4b1a-b1c9-b03dd4a7ea74/datanode-4/data/ratis] (custom)
2019-09-26 17:06:14,477 [pool-187-thread-1] INFO  storage.RaftStorageDirectory (RaftStorageDirectory.java:analyzeStorage(246)) - The storage directory /workdir/hadoop-ozone/integration-test/target/test-dir/MiniOzoneClusterImpl-079ddb4d-8ae3-4b1a-b1c9-b03dd4a7ea74/datanode-4/data/ratis/07c668dd-445b-4621-bc12-af1a230d53d4 does not exist. Creating ...
2019-09-26 17:06:14,489 [pool-187-thread-1] INFO  storage.RaftStorageDirectory (RaftStorageDirectory.java:tryLock(328)) - Lock on /workdir/hadoop-ozone/integration-test/target/test-dir/MiniOzoneClusterImpl-079ddb4d-8ae3-4b1a-b1c9-b03dd4a7ea74/datanode-4/data/ratis/07c668dd-445b-4621-bc12-af1a230d53d4/in_use.lock acquired by nodename 14337@pr-hdds-2162-htzpk-1451759861
2019-09-26 17:06:14,489 [pool-197-thread-1] INFO  storage.RaftStorageDirectory (RaftStorageDirectory.java:tryLock(328)) - Lock on /workdir/hadoop-ozone/integration-test/target/test-dir/MiniOzoneClusterImpl-079ddb4d-8ae3-4b1a-b1c9-b03dd4a7ea74/datanode-5/data/ratis/07c668dd-445b-4621-bc12-af1a230d53d4/in_use.lock acquired by nodename 14337@pr-hdds-2162-htzpk-1451759861
2019-09-26 17:06:14,489 [pool-177-thread-1] INFO  storage.RaftStorageDirectory (RaftStorageDirectory.java:tryLock(328)) - Lock on /workdir/hadoop-ozone/integration-test/target/test-dir/MiniOzoneClusterImpl-079ddb4d-8ae3-4b1a-b1c9-b03dd4a7ea74/datanode-3/data/ratis/07c668dd-445b-4621-bc12-af1a230d53d4/in_use.lock acquired by nodename 14337@pr-hdds-2162-htzpk-1451759861
2019-09-26 17:06:14,503 [pool-197-thread-1] INFO  storage.RaftStorage (RaftStorage.java:format(72)) - Storage directory /workdir/hadoop-ozone/integration-test/target/test-dir/MiniOzoneClusterImpl-079ddb4d-8ae3-4b1a-b1c9-b03dd4a7ea74/datanode-5/data/ratis/07c668dd-445b-4621-bc12-af1a230d53d4 has been successfully formatted.
2019-09-26 17:06:14,503 [pool-177-thread-1] INFO  storage.RaftStorage (RaftStorage.java:format(72)) - Storage directory /workdir/hadoop-ozone/integration-test/target/test-dir/MiniOzoneClusterImpl-079ddb4d-8ae3-4b1a-b1c9-b03dd4a7ea74/datanode-3/data/ratis/07c668dd-445b-4621-bc12-af1a230d53d4 has been successfully formatted.
2019-09-26 17:06:14,503 [pool-187-thread-1] INFO  storage.RaftStorage (RaftStorage.java:format(72)) - Storage directory /workdir/hadoop-ozone/integration-test/target/test-dir/MiniOzoneClusterImpl-079ddb4d-8ae3-4b1a-b1c9-b03dd4a7ea74/datanode-4/data/ratis/07c668dd-445b-4621-bc12-af1a230d53d4 has been successfully formatted.
2019-09-26 17:06:14,503 [pool-197-thread-1] INFO  ratis.ContainerStateMachine (ContainerStateMachine.java:loadSnapshot(230)) - group-AF1A230D53D4: The snapshot info is null. Setting the last applied indexto:(t:0, i:~)
2019-09-26 17:06:14,504 [pool-187-thread-1] INFO  ratis.ContainerStateMachine (ContainerStateMachine.java:loadSnapshot(230)) - group-AF1A230D53D4: The snapshot info is null. Setting the last applied indexto:(t:0, i:~)
2019-09-26 17:06:14,504 [pool-177-thread-1] INFO  ratis.ContainerStateMachine (ContainerStateMachine.java:loadSnapshot(230)) - group-AF1A230D53D4: The snapshot info is null. Setting the last applied indexto:(t:0, i:~)
2019-09-26 17:06:14,504 [pool-187-thread-1] INFO  server.RaftServerConfigKeys (ConfUtils.java:logGet(43)) - raft.server.notification.no-leader.timeout = 120s (custom)
2019-09-26 17:06:14,504 [pool-197-thread-1] INFO  server.RaftServerConfigKeys (ConfUtils.java:logGet(43)) - raft.server.notification.no-leader.timeout = 120s (custom)
2019-09-26 17:06:14,504 [pool-187-thread-1] INFO  server.RaftServerConfigKeys (ConfUtils.java:logGet(43)) - raft.server.log.use.memory = false (default)
2019-09-26 17:06:14,504 [pool-177-thread-1] INFO  server.RaftServerConfigKeys (ConfUtils.java:logGet(43)) - raft.server.notification.no-leader.timeout = 120s (custom)
2019-09-26 17:06:14,504 [pool-187-thread-1] INFO  server.RaftServerConfigKeys (ConfUtils.java:logGet(43)) - raft.server.log.purge.gap = 1000000 (custom)
2019-09-26 17:06:14,504 [pool-197-thread-1] INFO  server.RaftServerConfigKeys (ConfUtils.java:logGet(43)) - raft.server.log.use.memory = false (default)
2019-09-26 17:06:14,505 [pool-187-thread-1] INFO  server.RaftServerConfigKeys (ConfUtils.java:logGet(43)) - raft.server.log.appender.buffer.byte-limit = 33554432 (custom)
2019-09-26 17:06:14,505 [pool-177-thread-1] INFO  server.RaftServerConfigKeys (ConfUtils.java:logGet(43)) - raft.server.log.use.memory = false (default)
2019-09-26 17:06:14,505 [pool-187-thread-1] INFO  server.RaftServerConfigKeys (ConfUtils.java:logGet(43)) - raft.server.log.segment.size.max = 1048576 (custom)
2019-09-26 17:06:14,505 [pool-197-thread-1] INFO  server.RaftServerConfigKeys (ConfUtils.java:logGet(43)) - raft.server.log.purge.gap = 1000000 (custom)
2019-09-26 17:06:14,505 [pool-187-thread-1] INFO  server.RaftServerConfigKeys (ConfUtils.java:logGet(43)) - raft.server.log.segment.cache.num.max = 2 (custom)
2019-09-26 17:06:14,505 [pool-177-thread-1] INFO  server.RaftServerConfigKeys (ConfUtils.java:logGet(43)) - raft.server.log.purge.gap = 1000000 (custom)
2019-09-26 17:06:14,506 [pool-187-thread-1] INFO  segmented.SegmentedRaftLogWorker (SegmentedRaftLogWorker.java:<init>(172)) - new 741be72a-0e65-423d-848a-4c129baf2ff1@group-AF1A230D53D4-SegmentedRaftLogWorker for RaftStorage:Storage Directory /workdir/hadoop-ozone/integration-test/target/test-dir/MiniOzoneClusterImpl-079ddb4d-8ae3-4b1a-b1c9-b03dd4a7ea74/datanode-4/data/ratis/07c668dd-445b-4621-bc12-af1a230d53d4
2019-09-26 17:06:14,506 [pool-197-thread-1] INFO  server.RaftServerConfigKeys (ConfUtils.java:logGet(43)) - raft.server.log.appender.buffer.byte-limit = 33554432 (custom)
2019-09-26 17:06:14,506 [pool-187-thread-1] INFO  server.RaftServerConfigKeys (ConfUtils.java:logGet(43)) - raft.server.log.queue.byte-limit = 2147483647 (custom)
2019-09-26 17:06:14,506 [pool-187-thread-1] INFO  server.RaftServerConfigKeys (ConfUtils.java:logGet(43)) - raft.server.log.queue.element-limit = 1024 (custom)
2019-09-26 17:06:14,506 [pool-177-thread-1] INFO  server.RaftServerConfigKeys (ConfUtils.java:logGet(43)) - raft.server.log.appender.buffer.byte-limit = 33554432 (custom)
2019-09-26 17:06:14,506 [pool-187-thread-1] INFO  server.RaftServerConfigKeys (ConfUtils.java:logGet(43)) - raft.server.log.segment.size.max = 1048576 (custom)
2019-09-26 17:06:14,506 [pool-197-thread-1] INFO  server.RaftServerConfigKeys (ConfUtils.java:logGet(43)) - raft.server.log.segment.size.max = 1048576 (custom)
2019-09-26 17:06:14,507 [pool-187-thread-1] INFO  server.RaftServerConfigKeys (ConfUtils.java:logGet(43)) - raft.server.log.preallocated.size = 16384 (custom)
2019-09-26 17:06:14,507 [pool-177-thread-1] INFO  server.RaftServerConfigKeys (ConfUtils.java:logGet(43)) - raft.server.log.segment.size.max = 1048576 (custom)
2019-09-26 17:06:14,507 [pool-187-thread-1] INFO  server.RaftServerConfigKeys (ConfUtils.java:logGet(43)) - raft.server.log.write.buffer.size = 33554432 (custom)
2019-09-26 17:06:14,507 [pool-187-thread-1] INFO  server.RaftServerConfigKeys (ConfUtils.java:logGet(43)) - raft.server.log.force.sync.num = 128 (default)
2019-09-26 17:06:14,507 [pool-197-thread-1] INFO  server.RaftServerConfigKeys (ConfUtils.java:logGet(43)) - raft.server.log.segment.cache.num.max = 2 (custom)
2019-09-26 17:06:14,507 [pool-187-thread-1] INFO  server.RaftServerConfigKeys (ConfUtils.java:logGet(43)) - raft.server.log.statemachine.data.sync = true (default)
2019-09-26 17:06:14,507 [pool-177-thread-1] INFO  server.RaftServerConfigKeys (ConfUtils.java:logGet(43)) - raft.server.log.segment.cache.num.max = 2 (custom)
2019-09-26 17:06:14,508 [pool-187-thread-1] INFO  server.RaftServerConfigKeys (ConfUtils.java:logGet(43)) - raft.server.log.statemachine.data.sync.timeout = 10s (default)
2019-09-26 17:06:14,508 [pool-197-thread-1] INFO  segmented.SegmentedRaftLogWorker (SegmentedRaftLogWorker.java:<init>(172)) - new a1b912d9-a6d8-4f6c-b1f4-fdc5e71a64d4@group-AF1A230D53D4-SegmentedRaftLogWorker for RaftStorage:Storage Directory /workdir/hadoop-ozone/integration-test/target/test-dir/MiniOzoneClusterImpl-079ddb4d-8ae3-4b1a-b1c9-b03dd4a7ea74/datanode-5/data/ratis/07c668dd-445b-4621-bc12-af1a230d53d4
2019-09-26 17:06:14,508 [pool-187-thread-1] INFO  server.RaftServerConfigKeys (ConfUtils.java:logGet(43)) - raft.server.log.statemachine.data.sync.timeout.retry = -1 (default)
2019-09-26 17:06:14,508 [pool-177-thread-1] INFO  segmented.SegmentedRaftLogWorker (SegmentedRaftLogWorker.java:<init>(172)) - new 921e6853-d044-4bfd-83e1-656547ff7c58@group-AF1A230D53D4-SegmentedRaftLogWorker for RaftStorage:Storage Directory /workdir/hadoop-ozone/integration-test/target/test-dir/MiniOzoneClusterImpl-079ddb4d-8ae3-4b1a-b1c9-b03dd4a7ea74/datanode-3/data/ratis/07c668dd-445b-4621-bc12-af1a230d53d4
2019-09-26 17:06:14,508 [pool-187-thread-1] INFO  server.RaftServerConfigKeys (ConfUtils.java:logGet(43)) - raft.server.log.statemachine.data.caching.enabled = true (custom)
2019-09-26 17:06:14,508 [pool-197-thread-1] INFO  server.RaftServerConfigKeys (ConfUtils.java:logGet(43)) - raft.server.log.queue.byte-limit = 2147483647 (custom)
2019-09-26 17:06:14,508 [pool-177-thread-1] INFO  server.RaftServerConfigKeys (ConfUtils.java:logGet(43)) - raft.server.log.queue.byte-limit = 2147483647 (custom)
2019-09-26 17:06:14,509 [pool-197-thread-1] INFO  server.RaftServerConfigKeys (ConfUtils.java:logGet(43)) - raft.server.log.queue.element-limit = 1024 (custom)
2019-09-26 17:06:14,509 [pool-187-thread-1] INFO  segmented.SegmentedRaftLogWorker (SegmentedRaftLogWorker.java:lambda$new$0(132)) - 741be72a-0e65-423d-848a-4c129baf2ff1@group-AF1A230D53D4-SegmentedRaftLogWorker: flushIndex: setUnconditionally 0 -> -1
2019-09-26 17:06:14,509 [pool-197-thread-1] INFO  server.RaftServerConfigKeys (ConfUtils.java:logGet(43)) - raft.server.log.segment.size.max = 1048576 (custom)
2019-09-26 17:06:14,509 [pool-177-thread-1] INFO  server.RaftServerConfigKeys (ConfUtils.java:logGet(43)) - raft.server.log.queue.element-limit = 1024 (custom)
2019-09-26 17:06:14,509 [pool-187-thread-1] INFO  server.RaftServerConfigKeys (ConfUtils.java:logGet(43)) - raft.server.snapshot.auto.trigger.enabled = true (custom)
2019-09-26 17:06:14,509 [pool-197-thread-1] INFO  server.RaftServerConfigKeys (ConfUtils.java:logGet(43)) - raft.server.log.preallocated.size = 16384 (custom)
2019-09-26 17:06:14,510 [pool-187-thread-1] INFO  server.RaftServerConfigKeys (ConfUtils.java:logGet(43)) - raft.server.snapshot.auto.trigger.threshold = 10000 (custom)
2019-09-26 17:06:14,509 [pool-177-thread-1] INFO  server.RaftServerConfigKeys (ConfUtils.java:logGet(43)) - raft.server.log.segment.size.max = 1048576 (custom)
2019-09-26 17:06:14,510 [pool-187-thread-1] INFO  server.RaftServerConfigKeys (ConfUtils.java:logGet(43)) - raft.server.snapshot.retention.num.files = 5 (custom)
2019-09-26 17:06:14,510 [pool-197-thread-1] INFO  server.RaftServerConfigKeys (ConfUtils.java:logGet(43)) - raft.server.log.write.buffer.size = 33554432 (custom)
2019-09-26 17:06:14,510 [pool-187-thread-1] INFO  server.RaftServerConfigKeys (ConfUtils.java:logGet(43)) - raft.server.retrycache.expirytime = 600000ms (custom)
2019-09-26 17:06:14,510 [pool-177-thread-1] INFO  server.RaftServerConfigKeys (ConfUtils.java:logGet(43)) - raft.server.log.preallocated.size = 16384 (custom)
2019-09-26 17:06:14,510 [pool-197-thread-1] INFO  server.RaftServerConfigKeys (ConfUtils.java:logGet(43)) - raft.server.log.force.sync.num = 128 (default)
2019-09-26 17:06:14,510 [pool-177-thread-1] INFO  server.RaftServerConfigKeys (ConfUtils.java:logGet(43)) - raft.server.log.write.buffer.size = 33554432 (custom)
2019-09-26 17:06:14,511 [pool-197-thread-1] INFO  server.RaftServerConfigKeys (ConfUtils.java:logGet(43)) - raft.server.log.statemachine.data.sync = true (default)
2019-09-26 17:06:14,511 [pool-177-thread-1] INFO  server.RaftServerConfigKeys (ConfUtils.java:logGet(43)) - raft.server.log.force.sync.num = 128 (default)
2019-09-26 17:06:14,511 [pool-197-thread-1] INFO  server.RaftServerConfigKeys (ConfUtils.java:logGet(43)) - raft.server.log.statemachine.data.sync.timeout = 10s (default)
2019-09-26 17:06:14,511 [pool-177-thread-1] INFO  server.RaftServerConfigKeys (ConfUtils.java:logGet(43)) - raft.server.log.statemachine.data.sync = true (default)
2019-09-26 17:06:14,511 [pool-197-thread-1] INFO  server.RaftServerConfigKeys (ConfUtils.java:logGet(43)) - raft.server.log.statemachine.data.sync.timeout.retry = -1 (default)
2019-09-26 17:06:14,512 [pool-177-thread-1] INFO  server.RaftServerConfigKeys (ConfUtils.java:logGet(43)) - raft.server.log.statemachine.data.sync.timeout = 10s (default)
2019-09-26 17:06:14,512 [pool-197-thread-1] INFO  server.RaftServerConfigKeys (ConfUtils.java:logGet(43)) - raft.server.log.statemachine.data.caching.enabled = true (custom)
2019-09-26 17:06:14,512 [pool-177-thread-1] INFO  server.RaftServerConfigKeys (ConfUtils.java:logGet(43)) - raft.server.log.statemachine.data.sync.timeout.retry = -1 (default)
2019-09-26 17:06:14,512 [pool-187-thread-1] INFO  impl.RaftServerImpl (RaftServerImpl.java:start(185)) - 741be72a-0e65-423d-848a-4c129baf2ff1@group-AF1A230D53D4: start as a follower, conf=-1: [a1b912d9-a6d8-4f6c-b1f4-fdc5e71a64d4:192.168.157.234:33945, 741be72a-0e65-423d-848a-4c129baf2ff1:192.168.157.234:34297, 921e6853-d044-4bfd-83e1-656547ff7c58:192.168.157.234:38444], old=null
2019-09-26 17:06:14,512 [pool-177-thread-1] INFO  server.RaftServerConfigKeys (ConfUtils.java:logGet(43)) - raft.server.log.statemachine.data.caching.enabled = true (custom)
2019-09-26 17:06:14,512 [pool-187-thread-1] INFO  impl.RaftServerImpl (RaftServerImpl.java:setRole(174)) - 741be72a-0e65-423d-848a-4c129baf2ff1@group-AF1A230D53D4: changes role from      null to FOLLOWER at term 0 for startAsFollower
2019-09-26 17:06:14,513 [pool-187-thread-1] INFO  impl.RoleInfo (RoleInfo.java:updateAndGet(143)) - 741be72a-0e65-423d-848a-4c129baf2ff1: start FollowerState
2019-09-26 17:06:14,513 [pool-177-thread-1] INFO  segmented.SegmentedRaftLogWorker (SegmentedRaftLogWorker.java:lambda$new$0(132)) - 921e6853-d044-4bfd-83e1-656547ff7c58@group-AF1A230D53D4-SegmentedRaftLogWorker: flushIndex: setUnconditionally 0 -> -1
2019-09-26 17:06:14,513 [pool-187-thread-1] INFO  util.JmxRegister (JmxRegister.java:tryRegister(44)) - Successfully registered JMX Bean with object name Ratis:service=RaftServer,group=group-AF1A230D53D4,id=741be72a-0e65-423d-848a-4c129baf2ff1
2019-09-26 17:06:14,513 [pool-197-thread-1] INFO  segmented.SegmentedRaftLogWorker (SegmentedRaftLogWorker.java:lambda$new$0(132)) - a1b912d9-a6d8-4f6c-b1f4-fdc5e71a64d4@group-AF1A230D53D4-SegmentedRaftLogWorker: flushIndex: setUnconditionally 0 -> -1
2019-09-26 17:06:14,513 [pool-177-thread-1] INFO  server.RaftServerConfigKeys (ConfUtils.java:logGet(43)) - raft.server.snapshot.auto.trigger.enabled = true (custom)
2019-09-26 17:06:14,513 [pool-177-thread-1] INFO  server.RaftServerConfigKeys (ConfUtils.java:logGet(43)) - raft.server.snapshot.auto.trigger.threshold = 10000 (custom)
2019-09-26 17:06:14,513 [pool-197-thread-1] INFO  server.RaftServerConfigKeys (ConfUtils.java:logGet(43)) - raft.server.snapshot.auto.trigger.enabled = true (custom)
2019-09-26 17:06:14,514 [pool-177-thread-1] INFO  server.RaftServerConfigKeys (ConfUtils.java:logGet(43)) - raft.server.snapshot.retention.num.files = 5 (custom)
2019-09-26 17:06:14,514 [pool-197-thread-1] INFO  server.RaftServerConfigKeys (ConfUtils.java:logGet(43)) - raft.server.snapshot.auto.trigger.threshold = 10000 (custom)
2019-09-26 17:06:14,514 [pool-177-thread-1] INFO  server.RaftServerConfigKeys (ConfUtils.java:logGet(43)) - raft.server.retrycache.expirytime = 600000ms (custom)
2019-09-26 17:06:14,514 [pool-197-thread-1] INFO  server.RaftServerConfigKeys (ConfUtils.java:logGet(43)) - raft.server.snapshot.retention.num.files = 5 (custom)
2019-09-26 17:06:14,514 [pool-197-thread-1] INFO  server.RaftServerConfigKeys (ConfUtils.java:logGet(43)) - raft.server.retrycache.expirytime = 600000ms (custom)
2019-09-26 17:06:14,520 [pool-177-thread-1] INFO  impl.RaftServerImpl (RaftServerImpl.java:start(185)) - 921e6853-d044-4bfd-83e1-656547ff7c58@group-AF1A230D53D4: start as a follower, conf=-1: [a1b912d9-a6d8-4f6c-b1f4-fdc5e71a64d4:192.168.157.234:33945, 741be72a-0e65-423d-848a-4c129baf2ff1:192.168.157.234:34297, 921e6853-d044-4bfd-83e1-656547ff7c58:192.168.157.234:38444], old=null
2019-09-26 17:06:14,521 [pool-177-thread-1] INFO  impl.RaftServerImpl (RaftServerImpl.java:setRole(174)) - 921e6853-d044-4bfd-83e1-656547ff7c58@group-AF1A230D53D4: changes role from      null to FOLLOWER at term 0 for startAsFollower
2019-09-26 17:06:14,521 [pool-177-thread-1] INFO  impl.RoleInfo (RoleInfo.java:updateAndGet(143)) - 921e6853-d044-4bfd-83e1-656547ff7c58: start FollowerState
2019-09-26 17:06:14,521 [pool-197-thread-1] INFO  impl.RaftServerImpl (RaftServerImpl.java:start(185)) - a1b912d9-a6d8-4f6c-b1f4-fdc5e71a64d4@group-AF1A230D53D4: start as a follower, conf=-1: [a1b912d9-a6d8-4f6c-b1f4-fdc5e71a64d4:192.168.157.234:33945, 741be72a-0e65-423d-848a-4c129baf2ff1:192.168.157.234:34297, 921e6853-d044-4bfd-83e1-656547ff7c58:192.168.157.234:38444], old=null
2019-09-26 17:06:14,521 [pool-197-thread-1] INFO  impl.RaftServerImpl (RaftServerImpl.java:setRole(174)) - a1b912d9-a6d8-4f6c-b1f4-fdc5e71a64d4@group-AF1A230D53D4: changes role from      null to FOLLOWER at term 0 for startAsFollower
2019-09-26 17:06:14,521 [pool-177-thread-1] INFO  util.JmxRegister (JmxRegister.java:tryRegister(44)) - Successfully registered JMX Bean with object name Ratis:service=RaftServer,group=group-AF1A230D53D4,id=921e6853-d044-4bfd-83e1-656547ff7c58
2019-09-26 17:06:14,521 [pool-197-thread-1] INFO  impl.RoleInfo (RoleInfo.java:updateAndGet(143)) - a1b912d9-a6d8-4f6c-b1f4-fdc5e71a64d4: start FollowerState
2019-09-26 17:06:14,522 [pool-197-thread-1] INFO  util.JmxRegister (JmxRegister.java:tryRegister(44)) - Successfully registered JMX Bean with object name Ratis:service=RaftServer,group=group-AF1A230D53D4,id=a1b912d9-a6d8-4f6c-b1f4-fdc5e71a64d4
2019-09-26 17:06:14,529 [RatisPipelineUtilsThread] INFO  pipeline.PipelineStateManager (PipelineStateManager.java:addPipeline(56)) - Created pipeline Pipeline[ Id: 07c668dd-445b-4621-bc12-af1a230d53d4, Nodes: 921e6853-d044-4bfd-83e1-656547ff7c58{ip: 192.168.157.234, host: pr-hdds-2162-htzpk-1451759861, networkLocation: /default-rack, certSerialId: null}a1b912d9-a6d8-4f6c-b1f4-fdc5e71a64d4{ip: 192.168.157.234, host: pr-hdds-2162-htzpk-1451759861, networkLocation: /default-rack, certSerialId: null}741be72a-0e65-423d-848a-4c129baf2ff1{ip: 192.168.157.234, host: pr-hdds-2162-htzpk-1451759861, networkLocation: /default-rack, certSerialId: null}, Type:RATIS, Factor:THREE, State:OPEN]
2019-09-26 17:06:15,181 [Thread-2144] INFO  impl.FollowerState (FollowerState.java:run(106)) - 336cf6fc-6ba9-4546-827a-be5bd2181032:group-88FDF81023E4 changes to CANDIDATE, lastRpcTime:1150, electionTimeout:1150ms
2019-09-26 17:06:15,181 [Thread-2144] INFO  impl.RoleInfo (RoleInfo.java:shutdownFollowerState(121)) - 336cf6fc-6ba9-4546-827a-be5bd2181032: shutdown FollowerState
2019-09-26 17:06:15,181 [Thread-2144] INFO  impl.RaftServerImpl (RaftServerImpl.java:setRole(174)) - 336cf6fc-6ba9-4546-827a-be5bd2181032@group-88FDF81023E4: changes role from  FOLLOWER to CANDIDATE at term 0 for changeToCandidate
2019-09-26 17:06:15,182 [Thread-2144] INFO  impl.RoleInfo (RoleInfo.java:updateAndGet(143)) - 336cf6fc-6ba9-4546-827a-be5bd2181032: start LeaderElection
2019-09-26 17:06:15,212 [Thread-2147] INFO  impl.FollowerState (FollowerState.java:run(106)) - 4322fe90-093b-40fd-a35e-ec1d1a2a11ce:group-7A0C27A67482 changes to CANDIDATE, lastRpcTime:1105, electionTimeout:1105ms
2019-09-26 17:06:15,214 [Thread-2147] INFO  impl.RoleInfo (RoleInfo.java:shutdownFollowerState(121)) - 4322fe90-093b-40fd-a35e-ec1d1a2a11ce: shutdown FollowerState
2019-09-26 17:06:15,214 [Thread-2147] INFO  impl.RaftServerImpl (RaftServerImpl.java:setRole(174)) - 4322fe90-093b-40fd-a35e-ec1d1a2a11ce@group-7A0C27A67482: changes role from  FOLLOWER to CANDIDATE at term 0 for changeToCandidate
2019-09-26 17:06:15,214 [Thread-2147] INFO  impl.RoleInfo (RoleInfo.java:updateAndGet(143)) - 4322fe90-093b-40fd-a35e-ec1d1a2a11ce: start LeaderElection
2019-09-26 17:06:15,218 [336cf6fc-6ba9-4546-827a-be5bd2181032@group-88FDF81023E4:LeaderElection26] INFO  impl.LeaderElection (LeaderElection.java:askForVotes(182)) - 336cf6fc-6ba9-4546-827a-be5bd2181032@group-88FDF81023E4:LeaderElection26: begin an election at term 1 for -1: [336cf6fc-6ba9-4546-827a-be5bd2181032:192.168.157.234:38100], old=null
2019-09-26 17:06:15,218 [336cf6fc-6ba9-4546-827a-be5bd2181032@group-88FDF81023E4:LeaderElection26] INFO  impl.RoleInfo (RoleInfo.java:shutdownLeaderElection(134)) - 336cf6fc-6ba9-4546-827a-be5bd2181032: shutdown LeaderElection
2019-09-26 17:06:15,218 [336cf6fc-6ba9-4546-827a-be5bd2181032@group-88FDF81023E4:LeaderElection26] INFO  impl.RaftServerImpl (RaftServerImpl.java:setRole(174)) - 336cf6fc-6ba9-4546-827a-be5bd2181032@group-88FDF81023E4: changes role from CANDIDATE to LEADER at term 1 for changeToLeader
2019-09-26 17:06:15,218 [336cf6fc-6ba9-4546-827a-be5bd2181032@group-88FDF81023E4:LeaderElection26] INFO  impl.RaftServerImpl (ServerState.java:setLeader(253)) - 336cf6fc-6ba9-4546-827a-be5bd2181032@group-88FDF81023E4: change Leader from null to 336cf6fc-6ba9-4546-827a-be5bd2181032 at term 1 for becomeLeader, leader elected after 1199ms
2019-09-26 17:06:15,218 [336cf6fc-6ba9-4546-827a-be5bd2181032@group-88FDF81023E4:LeaderElection26] INFO  server.RaftServerConfigKeys (ConfUtils.java:logGet(43)) - raft.server.staging.catchup.gap = 1000 (default)
2019-09-26 17:06:15,219 [336cf6fc-6ba9-4546-827a-be5bd2181032@group-88FDF81023E4:LeaderElection26] INFO  server.RaftServerConfigKeys (ConfUtils.java:logGet(43)) - raft.server.rpc.sleep.time = 25ms (default)
2019-09-26 17:06:15,219 [336cf6fc-6ba9-4546-827a-be5bd2181032@group-88FDF81023E4:LeaderElection26] INFO  server.RaftServerConfigKeys (ConfUtils.java:logGet(43)) - raft.server.write.element-limit = 4096 (default)
2019-09-26 17:06:15,219 [336cf6fc-6ba9-4546-827a-be5bd2181032@group-88FDF81023E4:LeaderElection26] INFO  server.RaftServerConfigKeys (ConfUtils.java:logGet(43)) - raft.server.watch.timeout = 10s (default)
2019-09-26 17:06:15,219 [336cf6fc-6ba9-4546-827a-be5bd2181032@group-88FDF81023E4:LeaderElection26] INFO  server.RaftServerConfigKeys (ConfUtils.java:logGet(43)) - raft.server.watch.timeout.denomination = 1s (default)
2019-09-26 17:06:15,219 [336cf6fc-6ba9-4546-827a-be5bd2181032@group-88FDF81023E4:LeaderElection26] INFO  server.RaftServerConfigKeys (ConfUtils.java:logGet(43)) - raft.server.watch.element-limit = 65536 (default)
2019-09-26 17:06:15,222 [336cf6fc-6ba9-4546-827a-be5bd2181032@group-88FDF81023E4:LeaderElection26] INFO  impl.RoleInfo (RoleInfo.java:updateAndGet(143)) - 336cf6fc-6ba9-4546-827a-be5bd2181032: start LeaderState
2019-09-26 17:06:15,222 [336cf6fc-6ba9-4546-827a-be5bd2181032@group-88FDF81023E4:LeaderElection26] INFO  segmented.SegmentedRaftLogWorker (SegmentedRaftLogWorker.java:startLogSegment(380)) - 336cf6fc-6ba9-4546-827a-be5bd2181032@group-88FDF81023E4-SegmentedRaftLogWorker: Starting segment from index:0
2019-09-26 17:06:15,223 [336cf6fc-6ba9-4546-827a-be5bd2181032@group-88FDF81023E4:LeaderElection26] INFO  impl.RaftServerImpl (ServerState.java:setRaftConf(354)) - 336cf6fc-6ba9-4546-827a-be5bd2181032@group-88FDF81023E4: set configuration 0: [336cf6fc-6ba9-4546-827a-be5bd2181032:192.168.157.234:38100], old=null at 0
2019-09-26 17:06:15,254 [Thread-2150] INFO  impl.FollowerState (FollowerState.java:run(106)) - 9437d1e8-4abf-4f6e-893c-510a5e378f48:group-57BFCC75E169 changes to CANDIDATE, lastRpcTime:1091, electionTimeout:1072ms
2019-09-26 17:06:15,262 [4322fe90-093b-40fd-a35e-ec1d1a2a11ce@group-7A0C27A67482:LeaderElection27] INFO  impl.LeaderElection (LeaderElection.java:askForVotes(182)) - 4322fe90-093b-40fd-a35e-ec1d1a2a11ce@group-7A0C27A67482:LeaderElection27: begin an election at term 1 for -1: [4322fe90-093b-40fd-a35e-ec1d1a2a11ce:192.168.157.234:39158], old=null
2019-09-26 17:06:15,262 [Thread-2150] INFO  impl.RoleInfo (RoleInfo.java:shutdownFollowerState(121)) - 9437d1e8-4abf-4f6e-893c-510a5e378f48: shutdown FollowerState
2019-09-26 17:06:15,262 [4322fe90-093b-40fd-a35e-ec1d1a2a11ce@group-7A0C27A67482:LeaderElection27] INFO  impl.RoleInfo (RoleInfo.java:shutdownLeaderElection(134)) - 4322fe90-093b-40fd-a35e-ec1d1a2a11ce: shutdown LeaderElection
2019-09-26 17:06:15,262 [Thread-2150] INFO  impl.RaftServerImpl (RaftServerImpl.java:setRole(174)) - 9437d1e8-4abf-4f6e-893c-510a5e378f48@group-57BFCC75E169: changes role from  FOLLOWER to CANDIDATE at term 0 for changeToCandidate
2019-09-26 17:06:15,263 [4322fe90-093b-40fd-a35e-ec1d1a2a11ce@group-7A0C27A67482:LeaderElection27] INFO  impl.RaftServerImpl (RaftServerImpl.java:setRole(174)) - 4322fe90-093b-40fd-a35e-ec1d1a2a11ce@group-7A0C27A67482: changes role from CANDIDATE to LEADER at term 1 for changeToLeader
2019-09-26 17:06:15,263 [Thread-2150] INFO  impl.RoleInfo (RoleInfo.java:updateAndGet(143)) - 9437d1e8-4abf-4f6e-893c-510a5e378f48: start LeaderElection
2019-09-26 17:06:15,263 [4322fe90-093b-40fd-a35e-ec1d1a2a11ce@group-7A0C27A67482:LeaderElection27] INFO  impl.RaftServerImpl (ServerState.java:setLeader(253)) - 4322fe90-093b-40fd-a35e-ec1d1a2a11ce@group-7A0C27A67482: change Leader from null to 4322fe90-093b-40fd-a35e-ec1d1a2a11ce at term 1 for becomeLeader, leader elected after 1166ms
2019-09-26 17:06:15,263 [4322fe90-093b-40fd-a35e-ec1d1a2a11ce@group-7A0C27A67482:LeaderElection27] INFO  server.RaftServerConfigKeys (ConfUtils.java:logGet(43)) - raft.server.staging.catchup.gap = 1000 (default)
2019-09-26 17:06:15,268 [4322fe90-093b-40fd-a35e-ec1d1a2a11ce@group-7A0C27A67482:LeaderElection27] INFO  server.RaftServerConfigKeys (ConfUtils.java:logGet(43)) - raft.server.rpc.sleep.time = 25ms (default)
2019-09-26 17:06:15,268 [4322fe90-093b-40fd-a35e-ec1d1a2a11ce@group-7A0C27A67482:LeaderElection27] INFO  server.RaftServerConfigKeys (ConfUtils.java:logGet(43)) - raft.server.write.element-limit = 4096 (default)
2019-09-26 17:06:15,268 [4322fe90-093b-40fd-a35e-ec1d1a2a11ce@group-7A0C27A67482:LeaderElection27] INFO  server.RaftServerConfigKeys (ConfUtils.java:logGet(43)) - raft.server.watch.timeout = 10s (default)
2019-09-26 17:06:15,268 [4322fe90-093b-40fd-a35e-ec1d1a2a11ce@group-7A0C27A67482:LeaderElection27] INFO  server.RaftServerConfigKeys (ConfUtils.java:logGet(43)) - raft.server.watch.timeout.denomination = 1s (default)
2019-09-26 17:06:15,268 [4322fe90-093b-40fd-a35e-ec1d1a2a11ce@group-7A0C27A67482:LeaderElection27] INFO  server.RaftServerConfigKeys (ConfUtils.java:logGet(43)) - raft.server.watch.element-limit = 65536 (default)
2019-09-26 17:06:15,271 [4322fe90-093b-40fd-a35e-ec1d1a2a11ce@group-7A0C27A67482:LeaderElection27] INFO  impl.RoleInfo (RoleInfo.java:updateAndGet(143)) - 4322fe90-093b-40fd-a35e-ec1d1a2a11ce: start LeaderState
2019-09-26 17:06:15,271 [4322fe90-093b-40fd-a35e-ec1d1a2a11ce@group-7A0C27A67482:LeaderElection27] INFO  segmented.SegmentedRaftLogWorker (SegmentedRaftLogWorker.java:startLogSegment(380)) - 4322fe90-093b-40fd-a35e-ec1d1a2a11ce@group-7A0C27A67482-SegmentedRaftLogWorker: Starting segment from index:0
2019-09-26 17:06:15,272 [4322fe90-093b-40fd-a35e-ec1d1a2a11ce@group-7A0C27A67482:LeaderElection27] INFO  impl.RaftServerImpl (ServerState.java:setRaftConf(354)) - 4322fe90-093b-40fd-a35e-ec1d1a2a11ce@group-7A0C27A67482: set configuration 0: [4322fe90-093b-40fd-a35e-ec1d1a2a11ce:192.168.157.234:39158], old=null at 0
2019-09-26 17:06:15,291 [336cf6fc-6ba9-4546-827a-be5bd2181032@group-88FDF81023E4-SegmentedRaftLogWorker] INFO  segmented.SegmentedRaftLogWorker (SegmentedRaftLogWorker.java:execute(569)) - 336cf6fc-6ba9-4546-827a-be5bd2181032@group-88FDF81023E4-SegmentedRaftLogWorker: created new log segment /workdir/hadoop-ozone/integration-test/target/test-dir/MiniOzoneClusterImpl-079ddb4d-8ae3-4b1a-b1c9-b03dd4a7ea74/datanode-0/data/ratis/892a80d2-015c-47cd-a263-88fdf81023e4/current/log_inprogress_0
2019-09-26 17:06:15,291 [9437d1e8-4abf-4f6e-893c-510a5e378f48@group-57BFCC75E169:LeaderElection28] INFO  impl.LeaderElection (LeaderElection.java:askForVotes(182)) - 9437d1e8-4abf-4f6e-893c-510a5e378f48@group-57BFCC75E169:LeaderElection28: begin an election at term 1 for -1: [9437d1e8-4abf-4f6e-893c-510a5e378f48:192.168.157.234:39788], old=null
2019-09-26 17:06:15,292 [9437d1e8-4abf-4f6e-893c-510a5e378f48@group-57BFCC75E169:LeaderElection28] INFO  impl.RoleInfo (RoleInfo.java:shutdownLeaderElection(134)) - 9437d1e8-4abf-4f6e-893c-510a5e378f48: shutdown LeaderElection
2019-09-26 17:06:15,292 [9437d1e8-4abf-4f6e-893c-510a5e378f48@group-57BFCC75E169:LeaderElection28] INFO  impl.RaftServerImpl (RaftServerImpl.java:setRole(174)) - 9437d1e8-4abf-4f6e-893c-510a5e378f48@group-57BFCC75E169: changes role from CANDIDATE to LEADER at term 1 for changeToLeader
2019-09-26 17:06:15,292 [9437d1e8-4abf-4f6e-893c-510a5e378f48@group-57BFCC75E169:LeaderElection28] INFO  impl.RaftServerImpl (ServerState.java:setLeader(253)) - 9437d1e8-4abf-4f6e-893c-510a5e378f48@group-57BFCC75E169: change Leader from null to 9437d1e8-4abf-4f6e-893c-510a5e378f48 at term 1 for becomeLeader, leader elected after 1138ms
2019-09-26 17:06:15,292 [9437d1e8-4abf-4f6e-893c-510a5e378f48@group-57BFCC75E169:LeaderElection28] INFO  server.RaftServerConfigKeys (ConfUtils.java:logGet(43)) - raft.server.staging.catchup.gap = 1000 (default)
2019-09-26 17:06:15,292 [9437d1e8-4abf-4f6e-893c-510a5e378f48@group-57BFCC75E169:LeaderElection28] INFO  server.RaftServerConfigKeys (ConfUtils.java:logGet(43)) - raft.server.rpc.sleep.time = 25ms (default)
2019-09-26 17:06:15,292 [9437d1e8-4abf-4f6e-893c-510a5e378f48@group-57BFCC75E169:LeaderElection28] INFO  server.RaftServerConfigKeys (ConfUtils.java:logGet(43)) - raft.server.write.element-limit = 4096 (default)
2019-09-26 17:06:15,292 [9437d1e8-4abf-4f6e-893c-510a5e378f48@group-57BFCC75E169:LeaderElection28] INFO  server.RaftServerConfigKeys (ConfUtils.java:logGet(43)) - raft.server.watch.timeout = 10s (default)
2019-09-26 17:06:15,293 [9437d1e8-4abf-4f6e-893c-510a5e378f48@group-57BFCC75E169:LeaderElection28] INFO  server.RaftServerConfigKeys (ConfUtils.java:logGet(43)) - raft.server.watch.timeout.denomination = 1s (default)
2019-09-26 17:06:15,293 [9437d1e8-4abf-4f6e-893c-510a5e378f48@group-57BFCC75E169:LeaderElection28] INFO  server.RaftServerConfigKeys (ConfUtils.java:logGet(43)) - raft.server.watch.element-limit = 65536 (default)
2019-09-26 17:06:15,295 [9437d1e8-4abf-4f6e-893c-510a5e378f48@group-57BFCC75E169:LeaderElection28] INFO  impl.RoleInfo (RoleInfo.java:updateAndGet(143)) - 9437d1e8-4abf-4f6e-893c-510a5e378f48: start LeaderState
2019-09-26 17:06:15,295 [9437d1e8-4abf-4f6e-893c-510a5e378f48@group-57BFCC75E169:LeaderElection28] INFO  segmented.SegmentedRaftLogWorker (SegmentedRaftLogWorker.java:startLogSegment(380)) - 9437d1e8-4abf-4f6e-893c-510a5e378f48@group-57BFCC75E169-SegmentedRaftLogWorker: Starting segment from index:0
2019-09-26 17:06:15,296 [9437d1e8-4abf-4f6e-893c-510a5e378f48@group-57BFCC75E169:LeaderElection28] INFO  impl.RaftServerImpl (ServerState.java:setRaftConf(354)) - 9437d1e8-4abf-4f6e-893c-510a5e378f48@group-57BFCC75E169: set configuration 0: [9437d1e8-4abf-4f6e-893c-510a5e378f48:192.168.157.234:39788], old=null at 0
2019-09-26 17:06:15,336 [Thread-2153] INFO  impl.FollowerState (FollowerState.java:run(106)) - 4322fe90-093b-40fd-a35e-ec1d1a2a11ce:group-41349C40DB6F changes to CANDIDATE, lastRpcTime:1102, electionTimeout:1078ms
2019-09-26 17:06:15,336 [4322fe90-093b-40fd-a35e-ec1d1a2a11ce@group-7A0C27A67482-SegmentedRaftLogWorker] INFO  segmented.SegmentedRaftLogWorker (SegmentedRaftLogWorker.java:execute(569)) - 4322fe90-093b-40fd-a35e-ec1d1a2a11ce@group-7A0C27A67482-SegmentedRaftLogWorker: created new log segment /workdir/hadoop-ozone/integration-test/target/test-dir/MiniOzoneClusterImpl-079ddb4d-8ae3-4b1a-b1c9-b03dd4a7ea74/datanode-1/data/ratis/40ecd036-51ab-42c6-95ea-7a0c27a67482/current/log_inprogress_0
2019-09-26 17:06:15,337 [main] INFO  ipc.Client (Client.java:handleConnectionFailure(948)) - Retrying connect to server: localhost/127.0.0.1:0. Already tried 0 time(s); retry policy is RetryUpToMaximumCountWithFixedSleep(maxRetries=10, sleepTime=1000 MILLISECONDS)
2019-09-26 17:06:15,337 [Thread-2153] INFO  impl.RoleInfo (RoleInfo.java:shutdownFollowerState(121)) - 4322fe90-093b-40fd-a35e-ec1d1a2a11ce: shutdown FollowerState
2019-09-26 17:06:15,338 [Thread-2153] INFO  impl.RaftServerImpl (RaftServerImpl.java:setRole(174)) - 4322fe90-093b-40fd-a35e-ec1d1a2a11ce@group-41349C40DB6F: changes role from  FOLLOWER to CANDIDATE at term 0 for changeToCandidate
2019-09-26 17:06:15,338 [Thread-2153] INFO  impl.RoleInfo (RoleInfo.java:updateAndGet(143)) - 4322fe90-093b-40fd-a35e-ec1d1a2a11ce: start LeaderElection
2019-09-26 17:06:15,349 [9437d1e8-4abf-4f6e-893c-510a5e378f48@group-57BFCC75E169-SegmentedRaftLogWorker] INFO  segmented.SegmentedRaftLogWorker (SegmentedRaftLogWorker.java:execute(569)) - 9437d1e8-4abf-4f6e-893c-510a5e378f48@group-57BFCC75E169-SegmentedRaftLogWorker: created new log segment /workdir/hadoop-ozone/integration-test/target/test-dir/MiniOzoneClusterImpl-079ddb4d-8ae3-4b1a-b1c9-b03dd4a7ea74/datanode-2/data/ratis/daa5689d-ee3b-40ec-9f8f-57bfcc75e169/current/log_inprogress_0
2019-09-26 17:06:15,349 [4322fe90-093b-40fd-a35e-ec1d1a2a11ce@group-41349C40DB6F:LeaderElection29] INFO  impl.LeaderElection (LeaderElection.java:askForVotes(182)) - 4322fe90-093b-40fd-a35e-ec1d1a2a11ce@group-41349C40DB6F:LeaderElection29: begin an election at term 1 for -1: [4322fe90-093b-40fd-a35e-ec1d1a2a11ce:192.168.157.234:39158, 336cf6fc-6ba9-4546-827a-be5bd2181032:192.168.157.234:38100, 9437d1e8-4abf-4f6e-893c-510a5e378f48:192.168.157.234:39788], old=null
2019-09-26 17:06:15,363 [Thread-2158] INFO  impl.FollowerState (FollowerState.java:run(106)) - 336cf6fc-6ba9-4546-827a-be5bd2181032:group-41349C40DB6F changes to CANDIDATE, lastRpcTime:1120, electionTimeout:1120ms
2019-09-26 17:06:15,364 [Thread-2158] INFO  impl.RoleInfo (RoleInfo.java:shutdownFollowerState(121)) - 336cf6fc-6ba9-4546-827a-be5bd2181032: shutdown FollowerState
2019-09-26 17:06:15,364 [Thread-2158] INFO  impl.RaftServerImpl (RaftServerImpl.java:setRole(174)) - 336cf6fc-6ba9-4546-827a-be5bd2181032@group-41349C40DB6F: changes role from  FOLLOWER to CANDIDATE at term 0 for changeToCandidate
2019-09-26 17:06:15,364 [Thread-2158] INFO  impl.RoleInfo (RoleInfo.java:updateAndGet(143)) - 336cf6fc-6ba9-4546-827a-be5bd2181032: start LeaderElection
2019-09-26 17:06:15,373 [grpc-default-executor-0] INFO  impl.RaftServerImpl (RaftServerImpl.java:setRole(174)) - 9437d1e8-4abf-4f6e-893c-510a5e378f48@group-41349C40DB6F: changes role from  FOLLOWER to FOLLOWER at term 1 for recognizeCandidate:4322fe90-093b-40fd-a35e-ec1d1a2a11ce
2019-09-26 17:06:15,373 [grpc-default-executor-0] INFO  impl.RoleInfo (RoleInfo.java:shutdownFollowerState(121)) - 9437d1e8-4abf-4f6e-893c-510a5e378f48: shutdown FollowerState
2019-09-26 17:06:15,373 [grpc-default-executor-0] INFO  impl.RoleInfo (RoleInfo.java:updateAndGet(143)) - 9437d1e8-4abf-4f6e-893c-510a5e378f48: start FollowerState
2019-09-26 17:06:15,374 [Thread-2157] INFO  impl.FollowerState (FollowerState.java:run(115)) - 9437d1e8-4abf-4f6e-893c-510a5e378f48: FollowerState was interrupted: java.lang.InterruptedException: sleep interrupted
2019-09-26 17:06:15,384 [336cf6fc-6ba9-4546-827a-be5bd2181032@group-41349C40DB6F:LeaderElection30] INFO  impl.LeaderElection (LeaderElection.java:askForVotes(182)) - 336cf6fc-6ba9-4546-827a-be5bd2181032@group-41349C40DB6F:LeaderElection30: begin an election at term 1 for -1: [4322fe90-093b-40fd-a35e-ec1d1a2a11ce:192.168.157.234:39158, 336cf6fc-6ba9-4546-827a-be5bd2181032:192.168.157.234:38100, 9437d1e8-4abf-4f6e-893c-510a5e378f48:192.168.157.234:39788], old=null
2019-09-26 17:06:15,390 [4322fe90-093b-40fd-a35e-ec1d1a2a11ce@group-41349C40DB6F:LeaderElection29] INFO  impl.LeaderElection (LeaderElection.java:logAndReturn(56)) - 4322fe90-093b-40fd-a35e-ec1d1a2a11ce@group-41349C40DB6F:LeaderElection29: Election PASSED; received 2 response(s) [4322fe90-093b-40fd-a35e-ec1d1a2a11ce<-336cf6fc-6ba9-4546-827a-be5bd2181032#0:FAIL-t1, 4322fe90-093b-40fd-a35e-ec1d1a2a11ce<-9437d1e8-4abf-4f6e-893c-510a5e378f48#0:OK-t1] and 0 exception(s); 4322fe90-093b-40fd-a35e-ec1d1a2a11ce@group-41349C40DB6F:t1, leader=null, voted=4322fe90-093b-40fd-a35e-ec1d1a2a11ce, raftlog=4322fe90-093b-40fd-a35e-ec1d1a2a11ce@group-41349C40DB6F-SegmentedRaftLog:OPENED:c-1,f-1,i0, conf=-1: [4322fe90-093b-40fd-a35e-ec1d1a2a11ce:192.168.157.234:39158, 336cf6fc-6ba9-4546-827a-be5bd2181032:192.168.157.234:38100, 9437d1e8-4abf-4f6e-893c-510a5e378f48:192.168.157.234:39788], old=null
2019-09-26 17:06:15,390 [4322fe90-093b-40fd-a35e-ec1d1a2a11ce@group-41349C40DB6F:LeaderElection29] INFO  impl.RoleInfo (RoleInfo.java:shutdownLeaderElection(134)) - 4322fe90-093b-40fd-a35e-ec1d1a2a11ce: shutdown LeaderElection
2019-09-26 17:06:15,393 [4322fe90-093b-40fd-a35e-ec1d1a2a11ce@group-41349C40DB6F:LeaderElection29] INFO  impl.RaftServerImpl (RaftServerImpl.java:setRole(174)) - 4322fe90-093b-40fd-a35e-ec1d1a2a11ce@group-41349C40DB6F: changes role from CANDIDATE to LEADER at term 1 for changeToLeader
2019-09-26 17:06:15,393 [4322fe90-093b-40fd-a35e-ec1d1a2a11ce@group-41349C40DB6F:LeaderElection29] INFO  impl.RaftServerImpl (ServerState.java:setLeader(253)) - 4322fe90-093b-40fd-a35e-ec1d1a2a11ce@group-41349C40DB6F: change Leader from null to 4322fe90-093b-40fd-a35e-ec1d1a2a11ce at term 1 for becomeLeader, leader elected after 1170ms
2019-09-26 17:06:15,393 [4322fe90-093b-40fd-a35e-ec1d1a2a11ce@group-41349C40DB6F:LeaderElection29] INFO  server.RaftServerConfigKeys (ConfUtils.java:logGet(43)) - raft.server.staging.catchup.gap = 1000 (default)
2019-09-26 17:06:15,393 [4322fe90-093b-40fd-a35e-ec1d1a2a11ce@group-41349C40DB6F:LeaderElection29] INFO  server.RaftServerConfigKeys (ConfUtils.java:logGet(43)) - raft.server.rpc.sleep.time = 25ms (default)
2019-09-26 17:06:15,393 [4322fe90-093b-40fd-a35e-ec1d1a2a11ce@group-41349C40DB6F:LeaderElection29] INFO  server.RaftServerConfigKeys (ConfUtils.java:logGet(43)) - raft.server.write.element-limit = 4096 (default)
2019-09-26 17:06:15,394 [4322fe90-093b-40fd-a35e-ec1d1a2a11ce@group-41349C40DB6F:LeaderElection29] INFO  server.RaftServerConfigKeys (ConfUtils.java:logGet(43)) - raft.server.watch.timeout = 10s (default)
2019-09-26 17:06:15,394 [4322fe90-093b-40fd-a35e-ec1d1a2a11ce@group-41349C40DB6F:LeaderElection29] INFO  server.RaftServerConfigKeys (ConfUtils.java:logGet(43)) - raft.server.watch.timeout.denomination = 1s (default)
2019-09-26 17:06:15,394 [4322fe90-093b-40fd-a35e-ec1d1a2a11ce@group-41349C40DB6F:LeaderElection29] INFO  server.RaftServerConfigKeys (ConfUtils.java:logGet(43)) - raft.server.watch.element-limit = 65536 (default)
2019-09-26 17:06:15,399 [4322fe90-093b-40fd-a35e-ec1d1a2a11ce@group-41349C40DB6F:LeaderElection29] INFO  server.RaftServerConfigKeys (ConfUtils.java:logGet(43)) - raft.server.log.appender.snapshot.chunk.size.max = 16MB (=16777216) (default)
2019-09-26 17:06:15,400 [4322fe90-093b-40fd-a35e-ec1d1a2a11ce@group-41349C40DB6F:LeaderElection29] INFO  server.RaftServerConfigKeys (ConfUtils.java:logGet(43)) - raft.server.log.appender.buffer.byte-limit = 33554432 (custom)
2019-09-26 17:06:15,400 [4322fe90-093b-40fd-a35e-ec1d1a2a11ce@group-41349C40DB6F:LeaderElection29] INFO  server.RaftServerConfigKeys (ConfUtils.java:logGet(43)) - raft.server.log.appender.buffer.element-limit = 1 (custom)
2019-09-26 17:06:15,400 [4322fe90-093b-40fd-a35e-ec1d1a2a11ce@group-41349C40DB6F:LeaderElection29] INFO  grpc.GrpcConfigKeys$Server (ConfUtils.java:logGet(43)) - raft.grpc.server.leader.outstanding.appends.max = 128 (default)
2019-09-26 17:06:15,400 [Thread-2163] INFO  impl.FollowerState (FollowerState.java:run(106)) - 921e6853-d044-4bfd-83e1-656547ff7c58:group-98C2BE9CFD51 changes to CANDIDATE, lastRpcTime:1068, electionTimeout:1068ms
2019-09-26 17:06:15,400 [4322fe90-093b-40fd-a35e-ec1d1a2a11ce@group-41349C40DB6F:LeaderElection29] INFO  server.RaftServerConfigKeys (ConfUtils.java:logGet(43)) - raft.server.rpc.request.timeout = 3000ms (default)
2019-09-26 17:06:15,403 [Thread-2163] INFO  impl.RoleInfo (RoleInfo.java:shutdownFollowerState(121)) - 921e6853-d044-4bfd-83e1-656547ff7c58: shutdown FollowerState
2019-09-26 17:06:15,403 [4322fe90-093b-40fd-a35e-ec1d1a2a11ce@group-41349C40DB6F:LeaderElection29] INFO  server.RaftServerConfigKeys (ConfUtils.java:logGet(43)) - raft.server.log.appender.install.snapshot.enabled = false (custom)
2019-09-26 17:06:15,403 [Thread-2163] INFO  impl.RaftServerImpl (RaftServerImpl.java:setRole(174)) - 921e6853-d044-4bfd-83e1-656547ff7c58@group-98C2BE9CFD51: changes role from  FOLLOWER to CANDIDATE at term 0 for changeToCandidate
2019-09-26 17:06:15,403 [4322fe90-093b-40fd-a35e-ec1d1a2a11ce@group-41349C40DB6F:LeaderElection29] INFO  server.RaftServerConfigKeys (ConfUtils.java:logGet(43)) - raft.server.log.appender.snapshot.chunk.size.max = 16MB (=16777216) (default)
2019-09-26 17:06:15,404 [Thread-2163] INFO  impl.RoleInfo (RoleInfo.java:updateAndGet(143)) - 921e6853-d044-4bfd-83e1-656547ff7c58: start LeaderElection
2019-09-26 17:06:15,404 [4322fe90-093b-40fd-a35e-ec1d1a2a11ce@group-41349C40DB6F:LeaderElection29] INFO  server.RaftServerConfigKeys (ConfUtils.java:logGet(43)) - raft.server.log.appender.buffer.byte-limit = 33554432 (custom)
2019-09-26 17:06:15,404 [4322fe90-093b-40fd-a35e-ec1d1a2a11ce@group-41349C40DB6F:LeaderElection29] INFO  server.RaftServerConfigKeys (ConfUtils.java:logGet(43)) - raft.server.log.appender.buffer.element-limit = 1 (custom)
2019-09-26 17:06:15,406 [4322fe90-093b-40fd-a35e-ec1d1a2a11ce@group-41349C40DB6F:LeaderElection29] INFO  grpc.GrpcConfigKeys$Server (ConfUtils.java:logGet(43)) - raft.grpc.server.leader.outstanding.appends.max = 128 (default)
2019-09-26 17:06:15,407 [4322fe90-093b-40fd-a35e-ec1d1a2a11ce@group-41349C40DB6F:LeaderElection29] INFO  server.RaftServerConfigKeys (ConfUtils.java:logGet(43)) - raft.server.rpc.request.timeout = 3000ms (default)
2019-09-26 17:06:15,407 [4322fe90-093b-40fd-a35e-ec1d1a2a11ce@group-41349C40DB6F:LeaderElection29] INFO  server.RaftServerConfigKeys (ConfUtils.java:logGet(43)) - raft.server.log.appender.install.snapshot.enabled = false (custom)
2019-09-26 17:06:15,407 [4322fe90-093b-40fd-a35e-ec1d1a2a11ce@group-41349C40DB6F:LeaderElection29] INFO  impl.RoleInfo (RoleInfo.java:updateAndGet(143)) - 4322fe90-093b-40fd-a35e-ec1d1a2a11ce: start LeaderState
2019-09-26 17:06:15,408 [4322fe90-093b-40fd-a35e-ec1d1a2a11ce@group-41349C40DB6F:LeaderElection29] INFO  segmented.SegmentedRaftLogWorker (SegmentedRaftLogWorker.java:startLogSegment(380)) - 4322fe90-093b-40fd-a35e-ec1d1a2a11ce@group-41349C40DB6F-SegmentedRaftLogWorker: Starting segment from index:0
2019-09-26 17:06:15,409 [4322fe90-093b-40fd-a35e-ec1d1a2a11ce@group-41349C40DB6F:LeaderElection29] INFO  impl.RaftServerImpl (ServerState.java:setRaftConf(354)) - 4322fe90-093b-40fd-a35e-ec1d1a2a11ce@group-41349C40DB6F: set configuration 0: [4322fe90-093b-40fd-a35e-ec1d1a2a11ce:192.168.157.234:39158, 336cf6fc-6ba9-4546-827a-be5bd2181032:192.168.157.234:38100, 9437d1e8-4abf-4f6e-893c-510a5e378f48:192.168.157.234:39788], old=null at 0
2019-09-26 17:06:15,447 [grpc-default-executor-2] INFO  impl.RaftServerImpl (RaftServerImpl.java:requestVote(758)) - 4322fe90-093b-40fd-a35e-ec1d1a2a11ce@group-41349C40DB6F-   LEADER: Withhold vote from candidate 336cf6fc-6ba9-4546-827a-be5bd2181032 with term 1. State: leader=4322fe90-093b-40fd-a35e-ec1d1a2a11ce, term=1, lastRpcElapsed=null
2019-09-26 17:06:15,447 [921e6853-d044-4bfd-83e1-656547ff7c58@group-98C2BE9CFD51:LeaderElection31] INFO  impl.LeaderElection (LeaderElection.java:askForVotes(182)) - 921e6853-d044-4bfd-83e1-656547ff7c58@group-98C2BE9CFD51:LeaderElection31: begin an election at term 1 for -1: [921e6853-d044-4bfd-83e1-656547ff7c58:192.168.157.234:38444], old=null
2019-09-26 17:06:15,448 [921e6853-d044-4bfd-83e1-656547ff7c58@group-98C2BE9CFD51:LeaderElection31] INFO  impl.RoleInfo (RoleInfo.java:shutdownLeaderElection(134)) - 921e6853-d044-4bfd-83e1-656547ff7c58: shutdown LeaderElection
2019-09-26 17:06:15,448 [921e6853-d044-4bfd-83e1-656547ff7c58@group-98C2BE9CFD51:LeaderElection31] INFO  impl.RaftServerImpl (RaftServerImpl.java:setRole(174)) - 921e6853-d044-4bfd-83e1-656547ff7c58@group-98C2BE9CFD51: changes role from CANDIDATE to LEADER at term 1 for changeToLeader
2019-09-26 17:06:15,448 [921e6853-d044-4bfd-83e1-656547ff7c58@group-98C2BE9CFD51:LeaderElection31] INFO  impl.RaftServerImpl (ServerState.java:setLeader(253)) - 921e6853-d044-4bfd-83e1-656547ff7c58@group-98C2BE9CFD51: change Leader from null to 921e6853-d044-4bfd-83e1-656547ff7c58 at term 1 for becomeLeader, leader elected after 1128ms
2019-09-26 17:06:15,448 [921e6853-d044-4bfd-83e1-656547ff7c58@group-98C2BE9CFD51:LeaderElection31] INFO  server.RaftServerConfigKeys (ConfUtils.java:logGet(43)) - raft.server.staging.catchup.gap = 1000 (default)
2019-09-26 17:06:15,448 [921e6853-d044-4bfd-83e1-656547ff7c58@group-98C2BE9CFD51:LeaderElection31] INFO  server.RaftServerConfigKeys (ConfUtils.java:logGet(43)) - raft.server.rpc.sleep.time = 25ms (default)
2019-09-26 17:06:15,451 [921e6853-d044-4bfd-83e1-656547ff7c58@group-98C2BE9CFD51:LeaderElection31] INFO  server.RaftServerConfigKeys (ConfUtils.java:logGet(43)) - raft.server.write.element-limit = 4096 (default)
2019-09-26 17:06:15,451 [921e6853-d044-4bfd-83e1-656547ff7c58@group-98C2BE9CFD51:LeaderElection31] INFO  server.RaftServerConfigKeys (ConfUtils.java:logGet(43)) - raft.server.watch.timeout = 10s (default)
2019-09-26 17:06:15,454 [336cf6fc-6ba9-4546-827a-be5bd2181032@group-41349C40DB6F:LeaderElection30] INFO  impl.LeaderElection (LeaderElection.java:logAndReturn(56)) - 336cf6fc-6ba9-4546-827a-be5bd2181032@group-41349C40DB6F:LeaderElection30: Election REJECTED; received 2 response(s) [336cf6fc-6ba9-4546-827a-be5bd2181032<-4322fe90-093b-40fd-a35e-ec1d1a2a11ce#0:FAIL-t1, 336cf6fc-6ba9-4546-827a-be5bd2181032<-9437d1e8-4abf-4f6e-893c-510a5e378f48#0:FAIL-t1] and 0 exception(s); 336cf6fc-6ba9-4546-827a-be5bd2181032@group-41349C40DB6F:t1, leader=null, voted=336cf6fc-6ba9-4546-827a-be5bd2181032, raftlog=336cf6fc-6ba9-4546-827a-be5bd2181032@group-41349C40DB6F-SegmentedRaftLog:OPENED:c-1,f-1,i0, conf=-1: [4322fe90-093b-40fd-a35e-ec1d1a2a11ce:192.168.157.234:39158, 336cf6fc-6ba9-4546-827a-be5bd2181032:192.168.157.234:38100, 9437d1e8-4abf-4f6e-893c-510a5e378f48:192.168.157.234:39788], old=null
2019-09-26 17:06:15,454 [grpc-default-executor-1] INFO  impl.RaftServerImpl (ServerState.java:setLeader(253)) - 9437d1e8-4abf-4f6e-893c-510a5e378f48@group-41349C40DB6F: change Leader from null to 4322fe90-093b-40fd-a35e-ec1d1a2a11ce at term 1 for appendEntries, leader elected after 1231ms
2019-09-26 17:06:15,454 [grpc-default-executor-2] INFO  impl.RaftServerImpl (RaftServerImpl.java:setRole(174)) - 336cf6fc-6ba9-4546-827a-be5bd2181032@group-41349C40DB6F: changes role from CANDIDATE to FOLLOWER at term 1 for appendEntries
2019-09-26 17:06:15,454 [921e6853-d044-4bfd-83e1-656547ff7c58@group-98C2BE9CFD51:LeaderElection31] INFO  server.RaftServerConfigKeys (ConfUtils.java:logGet(43)) - raft.server.watch.timeout.denomination = 1s (default)
2019-09-26 17:06:15,459 [grpc-default-executor-2] INFO  impl.RoleInfo (RoleInfo.java:shutdownLeaderElection(134)) - 336cf6fc-6ba9-4546-827a-be5bd2181032: shutdown LeaderElection
2019-09-26 17:06:15,459 [921e6853-d044-4bfd-83e1-656547ff7c58@group-98C2BE9CFD51:LeaderElection31] INFO  server.RaftServerConfigKeys (ConfUtils.java:logGet(43)) - raft.server.watch.element-limit = 65536 (default)
2019-09-26 17:06:15,460 [grpc-default-executor-2] INFO  impl.RoleInfo (RoleInfo.java:updateAndGet(143)) - 336cf6fc-6ba9-4546-827a-be5bd2181032: start FollowerState
2019-09-26 17:06:15,460 [4322fe90-093b-40fd-a35e-ec1d1a2a11ce@group-41349C40DB6F-SegmentedRaftLogWorker] INFO  segmented.SegmentedRaftLogWorker (SegmentedRaftLogWorker.java:execute(569)) - 4322fe90-093b-40fd-a35e-ec1d1a2a11ce@group-41349C40DB6F-SegmentedRaftLogWorker: created new log segment /workdir/hadoop-ozone/integration-test/target/test-dir/MiniOzoneClusterImpl-079ddb4d-8ae3-4b1a-b1c9-b03dd4a7ea74/datanode-1/data/ratis/58563336-d927-4065-9806-41349c40db6f/current/log_inprogress_0
2019-09-26 17:06:15,460 [grpc-default-executor-2] INFO  impl.RaftServerImpl (ServerState.java:setLeader(253)) - 336cf6fc-6ba9-4546-827a-be5bd2181032@group-41349C40DB6F: change Leader from null to 4322fe90-093b-40fd-a35e-ec1d1a2a11ce at term 1 for appendEntries, leader elected after 1238ms
2019-09-26 17:06:15,466 [grpc-default-executor-2] INFO  impl.RaftServerImpl (ServerState.java:setRaftConf(354)) - 9437d1e8-4abf-4f6e-893c-510a5e378f48@group-41349C40DB6F: set configuration 0: [4322fe90-093b-40fd-a35e-ec1d1a2a11ce:192.168.157.234:39158, 336cf6fc-6ba9-4546-827a-be5bd2181032:192.168.157.234:38100, 9437d1e8-4abf-4f6e-893c-510a5e378f48:192.168.157.234:39788], old=null at 0
2019-09-26 17:06:15,467 [grpc-default-executor-2] INFO  segmented.SegmentedRaftLogWorker (SegmentedRaftLogWorker.java:startLogSegment(380)) - 9437d1e8-4abf-4f6e-893c-510a5e378f48@group-41349C40DB6F-SegmentedRaftLogWorker: Starting segment from index:0
2019-09-26 17:06:15,468 [grpc-default-executor-2] INFO  impl.RaftServerImpl (ServerState.java:setRaftConf(354)) - 336cf6fc-6ba9-4546-827a-be5bd2181032@group-41349C40DB6F: set configuration 0: [4322fe90-093b-40fd-a35e-ec1d1a2a11ce:192.168.157.234:39158, 336cf6fc-6ba9-4546-827a-be5bd2181032:192.168.157.234:38100, 9437d1e8-4abf-4f6e-893c-510a5e378f48:192.168.157.234:39788], old=null at 0
2019-09-26 17:06:15,468 [grpc-default-executor-2] INFO  segmented.SegmentedRaftLogWorker (SegmentedRaftLogWorker.java:startLogSegment(380)) - 336cf6fc-6ba9-4546-827a-be5bd2181032@group-41349C40DB6F-SegmentedRaftLogWorker: Starting segment from index:0
2019-09-26 17:06:15,468 [921e6853-d044-4bfd-83e1-656547ff7c58@group-98C2BE9CFD51:LeaderElection31] INFO  impl.RoleInfo (RoleInfo.java:updateAndGet(143)) - 921e6853-d044-4bfd-83e1-656547ff7c58: start LeaderState
2019-09-26 17:06:15,468 [921e6853-d044-4bfd-83e1-656547ff7c58@group-98C2BE9CFD51:LeaderElection31] INFO  segmented.SegmentedRaftLogWorker (SegmentedRaftLogWorker.java:startLogSegment(380)) - 921e6853-d044-4bfd-83e1-656547ff7c58@group-98C2BE9CFD51-SegmentedRaftLogWorker: Starting segment from index:0
2019-09-26 17:06:15,469 [921e6853-d044-4bfd-83e1-656547ff7c58@group-98C2BE9CFD51:LeaderElection31] INFO  impl.RaftServerImpl (ServerState.java:setRaftConf(354)) - 921e6853-d044-4bfd-83e1-656547ff7c58@group-98C2BE9CFD51: set configuration 0: [921e6853-d044-4bfd-83e1-656547ff7c58:192.168.157.234:38444], old=null at 0
2019-09-26 17:06:15,526 [9437d1e8-4abf-4f6e-893c-510a5e378f48@group-41349C40DB6F-SegmentedRaftLogWorker] INFO  segmented.SegmentedRaftLogWorker (SegmentedRaftLogWorker.java:execute(569)) - 9437d1e8-4abf-4f6e-893c-510a5e378f48@group-41349C40DB6F-SegmentedRaftLogWorker: created new log segment /workdir/hadoop-ozone/integration-test/target/test-dir/MiniOzoneClusterImpl-079ddb4d-8ae3-4b1a-b1c9-b03dd4a7ea74/datanode-2/data/ratis/58563336-d927-4065-9806-41349c40db6f/current/log_inprogress_0
2019-09-26 17:06:15,526 [921e6853-d044-4bfd-83e1-656547ff7c58@group-98C2BE9CFD51-SegmentedRaftLogWorker] INFO  segmented.SegmentedRaftLogWorker (SegmentedRaftLogWorker.java:execute(569)) - 921e6853-d044-4bfd-83e1-656547ff7c58@group-98C2BE9CFD51-SegmentedRaftLogWorker: created new log segment /workdir/hadoop-ozone/integration-test/target/test-dir/MiniOzoneClusterImpl-079ddb4d-8ae3-4b1a-b1c9-b03dd4a7ea74/datanode-3/data/ratis/7286ef82-1c73-4061-b773-98c2be9cfd51/current/log_inprogress_0
2019-09-26 17:06:15,526 [336cf6fc-6ba9-4546-827a-be5bd2181032@group-41349C40DB6F-SegmentedRaftLogWorker] INFO  segmented.SegmentedRaftLogWorker (SegmentedRaftLogWorker.java:execute(569)) - 336cf6fc-6ba9-4546-827a-be5bd2181032@group-41349C40DB6F-SegmentedRaftLogWorker: created new log segment /workdir/hadoop-ozone/integration-test/target/test-dir/MiniOzoneClusterImpl-079ddb4d-8ae3-4b1a-b1c9-b03dd4a7ea74/datanode-0/data/ratis/58563336-d927-4065-9806-41349c40db6f/current/log_inprogress_0
2019-09-26 17:06:15,541 [Thread-2176] INFO  impl.FollowerState (FollowerState.java:run(106)) - 921e6853-d044-4bfd-83e1-656547ff7c58:group-AF1A230D53D4 changes to CANDIDATE, lastRpcTime:1020, electionTimeout:1020ms
2019-09-26 17:06:15,542 [Thread-2176] INFO  impl.RoleInfo (RoleInfo.java:shutdownFollowerState(121)) - 921e6853-d044-4bfd-83e1-656547ff7c58: shutdown FollowerState
2019-09-26 17:06:15,542 [Thread-2176] INFO  impl.RaftServerImpl (RaftServerImpl.java:setRole(174)) - 921e6853-d044-4bfd-83e1-656547ff7c58@group-AF1A230D53D4: changes role from  FOLLOWER to CANDIDATE at term 0 for changeToCandidate
2019-09-26 17:06:15,542 [Thread-2176] INFO  impl.RoleInfo (RoleInfo.java:updateAndGet(143)) - 921e6853-d044-4bfd-83e1-656547ff7c58: start LeaderElection
2019-09-26 17:06:15,557 [Thread-2166] INFO  impl.FollowerState (FollowerState.java:run(106)) - a1b912d9-a6d8-4f6c-b1f4-fdc5e71a64d4:group-7D4F1C940FEA changes to CANDIDATE, lastRpcTime:1170, electionTimeout:1170ms
2019-09-26 17:06:15,557 [Thread-2166] INFO  impl.RoleInfo (RoleInfo.java:shutdownFollowerState(121)) - a1b912d9-a6d8-4f6c-b1f4-fdc5e71a64d4: shutdown FollowerState
2019-09-26 17:06:15,557 [Thread-2166] INFO  impl.RaftServerImpl (RaftServerImpl.java:setRole(174)) - a1b912d9-a6d8-4f6c-b1f4-fdc5e71a64d4@group-7D4F1C940FEA: changes role from  FOLLOWER to CANDIDATE at term 0 for changeToCandidate
2019-09-26 17:06:15,557 [Thread-2166] INFO  impl.RoleInfo (RoleInfo.java:updateAndGet(143)) - a1b912d9-a6d8-4f6c-b1f4-fdc5e71a64d4: start LeaderElection
2019-09-26 17:06:15,561 [921e6853-d044-4bfd-83e1-656547ff7c58@group-AF1A230D53D4:LeaderElection32] INFO  impl.LeaderElection (LeaderElection.java:askForVotes(182)) - 921e6853-d044-4bfd-83e1-656547ff7c58@group-AF1A230D53D4:LeaderElection32: begin an election at term 1 for -1: [a1b912d9-a6d8-4f6c-b1f4-fdc5e71a64d4:192.168.157.234:33945, 741be72a-0e65-423d-848a-4c129baf2ff1:192.168.157.234:34297, 921e6853-d044-4bfd-83e1-656547ff7c58:192.168.157.234:38444], old=null
2019-09-26 17:06:15,566 [Thread-2177] INFO  impl.FollowerState (FollowerState.java:run(106)) - a1b912d9-a6d8-4f6c-b1f4-fdc5e71a64d4:group-AF1A230D53D4 changes to CANDIDATE, lastRpcTime:1045, electionTimeout:1044ms
2019-09-26 17:06:15,567 [Thread-2177] INFO  impl.RoleInfo (RoleInfo.java:shutdownFollowerState(121)) - a1b912d9-a6d8-4f6c-b1f4-fdc5e71a64d4: shutdown FollowerState
2019-09-26 17:06:15,567 [Thread-2177] INFO  impl.RaftServerImpl (RaftServerImpl.java:setRole(174)) - a1b912d9-a6d8-4f6c-b1f4-fdc5e71a64d4@group-AF1A230D53D4: changes role from  FOLLOWER to CANDIDATE at term 0 for changeToCandidate
2019-09-26 17:06:15,567 [Thread-2177] INFO  impl.RoleInfo (RoleInfo.java:updateAndGet(143)) - a1b912d9-a6d8-4f6c-b1f4-fdc5e71a64d4: start LeaderElection
2019-09-26 17:06:15,569 [grpc-default-executor-1] INFO  impl.RaftServerImpl (RaftServerImpl.java:setRole(174)) - 741be72a-0e65-423d-848a-4c129baf2ff1@group-AF1A230D53D4: changes role from  FOLLOWER to FOLLOWER at term 1 for recognizeCandidate:921e6853-d044-4bfd-83e1-656547ff7c58
2019-09-26 17:06:15,571 [grpc-default-executor-2] INFO  impl.RaftServerImpl (RaftServerImpl.java:setRole(174)) - a1b912d9-a6d8-4f6c-b1f4-fdc5e71a64d4@group-AF1A230D53D4: changes role from CANDIDATE to FOLLOWER at term 1 for recognizeCandidate:921e6853-d044-4bfd-83e1-656547ff7c58
2019-09-26 17:06:15,572 [grpc-default-executor-2] INFO  impl.RoleInfo (RoleInfo.java:shutdownLeaderElection(134)) - a1b912d9-a6d8-4f6c-b1f4-fdc5e71a64d4: shutdown LeaderElection
2019-09-26 17:06:15,572 [grpc-default-executor-2] INFO  impl.RoleInfo (RoleInfo.java:updateAndGet(143)) - a1b912d9-a6d8-4f6c-b1f4-fdc5e71a64d4: start FollowerState
2019-09-26 17:06:15,571 [grpc-default-executor-1] INFO  impl.RoleInfo (RoleInfo.java:shutdownFollowerState(121)) - 741be72a-0e65-423d-848a-4c129baf2ff1: shutdown FollowerState
2019-09-26 17:06:15,572 [grpc-default-executor-1] INFO  impl.RoleInfo (RoleInfo.java:updateAndGet(143)) - 741be72a-0e65-423d-848a-4c129baf2ff1: start FollowerState
2019-09-26 17:06:15,572 [Thread-2172] INFO  impl.FollowerState (FollowerState.java:run(115)) - 741be72a-0e65-423d-848a-4c129baf2ff1: FollowerState was interrupted: java.lang.InterruptedException: sleep interrupted
2019-09-26 17:06:15,575 [a1b912d9-a6d8-4f6c-b1f4-fdc5e71a64d4@group-7D4F1C940FEA:LeaderElection33] INFO  impl.LeaderElection (LeaderElection.java:askForVotes(182)) - a1b912d9-a6d8-4f6c-b1f4-fdc5e71a64d4@group-7D4F1C940FEA:LeaderElection33: begin an election at term 1 for -1: [a1b912d9-a6d8-4f6c-b1f4-fdc5e71a64d4:192.168.157.234:33945], old=null
2019-09-26 17:06:15,579 [a1b912d9-a6d8-4f6c-b1f4-fdc5e71a64d4@group-7D4F1C940FEA:LeaderElection33] INFO  impl.RoleInfo (RoleInfo.java:shutdownLeaderElection(134)) - a1b912d9-a6d8-4f6c-b1f4-fdc5e71a64d4: shutdown LeaderElection
2019-09-26 17:06:15,579 [a1b912d9-a6d8-4f6c-b1f4-fdc5e71a64d4@group-7D4F1C940FEA:LeaderElection33] INFO  impl.RaftServerImpl (RaftServerImpl.java:setRole(174)) - a1b912d9-a6d8-4f6c-b1f4-fdc5e71a64d4@group-7D4F1C940FEA: changes role from CANDIDATE to LEADER at term 1 for changeToLeader
2019-09-26 17:06:15,579 [a1b912d9-a6d8-4f6c-b1f4-fdc5e71a64d4@group-7D4F1C940FEA:LeaderElection33] INFO  impl.RaftServerImpl (ServerState.java:setLeader(253)) - a1b912d9-a6d8-4f6c-b1f4-fdc5e71a64d4@group-7D4F1C940FEA: change Leader from null to a1b912d9-a6d8-4f6c-b1f4-fdc5e71a64d4 at term 1 for becomeLeader, leader elected after 1201ms
2019-09-26 17:06:15,580 [a1b912d9-a6d8-4f6c-b1f4-fdc5e71a64d4@group-7D4F1C940FEA:LeaderElection33] INFO  server.RaftServerConfigKeys (ConfUtils.java:logGet(43)) - raft.server.staging.catchup.gap = 1000 (default)
2019-09-26 17:06:15,580 [a1b912d9-a6d8-4f6c-b1f4-fdc5e71a64d4@group-7D4F1C940FEA:LeaderElection33] INFO  server.RaftServerConfigKeys (ConfUtils.java:logGet(43)) - raft.server.rpc.sleep.time = 25ms (default)
2019-09-26 17:06:15,583 [a1b912d9-a6d8-4f6c-b1f4-fdc5e71a64d4@group-7D4F1C940FEA:LeaderElection33] INFO  server.RaftServerConfigKeys (ConfUtils.java:logGet(43)) - raft.server.write.element-limit = 4096 (default)
2019-09-26 17:06:15,584 [a1b912d9-a6d8-4f6c-b1f4-fdc5e71a64d4@group-7D4F1C940FEA:LeaderElection33] INFO  server.RaftServerConfigKeys (ConfUtils.java:logGet(43)) - raft.server.watch.timeout = 10s (default)
2019-09-26 17:06:15,584 [a1b912d9-a6d8-4f6c-b1f4-fdc5e71a64d4@group-7D4F1C940FEA:LeaderElection33] INFO  server.RaftServerConfigKeys (ConfUtils.java:logGet(43)) - raft.server.watch.timeout.denomination = 1s (default)
2019-09-26 17:06:15,584 [a1b912d9-a6d8-4f6c-b1f4-fdc5e71a64d4@group-7D4F1C940FEA:LeaderElection33] INFO  server.RaftServerConfigKeys (ConfUtils.java:logGet(43)) - raft.server.watch.element-limit = 65536 (default)
2019-09-26 17:06:15,586 [a1b912d9-a6d8-4f6c-b1f4-fdc5e71a64d4@group-7D4F1C940FEA:LeaderElection33] INFO  impl.RoleInfo (RoleInfo.java:updateAndGet(143)) - a1b912d9-a6d8-4f6c-b1f4-fdc5e71a64d4: start LeaderState
2019-09-26 17:06:15,587 [a1b912d9-a6d8-4f6c-b1f4-fdc5e71a64d4@group-7D4F1C940FEA:LeaderElection33] INFO  segmented.SegmentedRaftLogWorker (SegmentedRaftLogWorker.java:startLogSegment(380)) - a1b912d9-a6d8-4f6c-b1f4-fdc5e71a64d4@group-7D4F1C940FEA-SegmentedRaftLogWorker: Starting segment from index:0
2019-09-26 17:06:15,587 [a1b912d9-a6d8-4f6c-b1f4-fdc5e71a64d4@group-7D4F1C940FEA:LeaderElection33] INFO  impl.RaftServerImpl (ServerState.java:setRaftConf(354)) - a1b912d9-a6d8-4f6c-b1f4-fdc5e71a64d4@group-7D4F1C940FEA: set configuration 0: [a1b912d9-a6d8-4f6c-b1f4-fdc5e71a64d4:192.168.157.234:33945], old=null at 0
2019-09-26 17:06:15,621 [a1b912d9-a6d8-4f6c-b1f4-fdc5e71a64d4@group-AF1A230D53D4:LeaderElection34] INFO  impl.LeaderElection (LeaderElection.java:askForVotes(182)) - a1b912d9-a6d8-4f6c-b1f4-fdc5e71a64d4@group-AF1A230D53D4:LeaderElection34: begin an election at term 2 for -1: [a1b912d9-a6d8-4f6c-b1f4-fdc5e71a64d4:192.168.157.234:33945, 741be72a-0e65-423d-848a-4c129baf2ff1:192.168.157.234:34297, 921e6853-d044-4bfd-83e1-656547ff7c58:192.168.157.234:38444], old=null
2019-09-26 17:06:15,624 [a1b912d9-a6d8-4f6c-b1f4-fdc5e71a64d4@group-AF1A230D53D4:LeaderElection34] INFO  impl.LeaderElection (LeaderElection.java:logAndReturn(56)) - a1b912d9-a6d8-4f6c-b1f4-fdc5e71a64d4@group-AF1A230D53D4:LeaderElection34: Election REJECTED; received 0 response(s) [] and 0 exception(s); a1b912d9-a6d8-4f6c-b1f4-fdc5e71a64d4@group-AF1A230D53D4:t2, leader=null, voted=a1b912d9-a6d8-4f6c-b1f4-fdc5e71a64d4, raftlog=a1b912d9-a6d8-4f6c-b1f4-fdc5e71a64d4@group-AF1A230D53D4-SegmentedRaftLog:OPENED:c-1,f-1,i0, conf=-1: [a1b912d9-a6d8-4f6c-b1f4-fdc5e71a64d4:192.168.157.234:33945, 741be72a-0e65-423d-848a-4c129baf2ff1:192.168.157.234:34297, 921e6853-d044-4bfd-83e1-656547ff7c58:192.168.157.234:38444], old=null
2019-09-26 17:06:15,627 [921e6853-d044-4bfd-83e1-656547ff7c58@group-AF1A230D53D4:LeaderElection32] INFO  impl.LeaderElection (LeaderElection.java:logAndReturn(56)) - 921e6853-d044-4bfd-83e1-656547ff7c58@group-AF1A230D53D4:LeaderElection32: Election PASSED; received 2 response(s) [921e6853-d044-4bfd-83e1-656547ff7c58<-a1b912d9-a6d8-4f6c-b1f4-fdc5e71a64d4#0:FAIL-t1, 921e6853-d044-4bfd-83e1-656547ff7c58<-741be72a-0e65-423d-848a-4c129baf2ff1#0:OK-t1] and 0 exception(s); 921e6853-d044-4bfd-83e1-656547ff7c58@group-AF1A230D53D4:t1, leader=null, voted=921e6853-d044-4bfd-83e1-656547ff7c58, raftlog=921e6853-d044-4bfd-83e1-656547ff7c58@group-AF1A230D53D4-SegmentedRaftLog:OPENED:c-1,f-1,i0, conf=-1: [a1b912d9-a6d8-4f6c-b1f4-fdc5e71a64d4:192.168.157.234:33945, 741be72a-0e65-423d-848a-4c129baf2ff1:192.168.157.234:34297, 921e6853-d044-4bfd-83e1-656547ff7c58:192.168.157.234:38444], old=null
2019-09-26 17:06:15,627 [921e6853-d044-4bfd-83e1-656547ff7c58@group-AF1A230D53D4:LeaderElection32] INFO  impl.RoleInfo (RoleInfo.java:shutdownLeaderElection(134)) - 921e6853-d044-4bfd-83e1-656547ff7c58: shutdown LeaderElection
2019-09-26 17:06:15,629 [921e6853-d044-4bfd-83e1-656547ff7c58@group-AF1A230D53D4:LeaderElection32] INFO  impl.RaftServerImpl (RaftServerImpl.java:setRole(174)) - 921e6853-d044-4bfd-83e1-656547ff7c58@group-AF1A230D53D4: changes role from CANDIDATE to LEADER at term 1 for changeToLeader
2019-09-26 17:06:15,629 [921e6853-d044-4bfd-83e1-656547ff7c58@group-AF1A230D53D4:LeaderElection32] INFO  impl.RaftServerImpl (ServerState.java:setLeader(253)) - 921e6853-d044-4bfd-83e1-656547ff7c58@group-AF1A230D53D4: change Leader from null to 921e6853-d044-4bfd-83e1-656547ff7c58 at term 1 for becomeLeader, leader elected after 1125ms
2019-09-26 17:06:15,629 [921e6853-d044-4bfd-83e1-656547ff7c58@group-AF1A230D53D4:LeaderElection32] INFO  server.RaftServerConfigKeys (ConfUtils.java:logGet(43)) - raft.server.staging.catchup.gap = 1000 (default)
2019-09-26 17:06:15,629 [Thread-2169] INFO  impl.FollowerState (FollowerState.java:run(106)) - 741be72a-0e65-423d-848a-4c129baf2ff1:group-5531F75D5E31 changes to CANDIDATE, lastRpcTime:1182, electionTimeout:1182ms
2019-09-26 17:06:15,630 [921e6853-d044-4bfd-83e1-656547ff7c58@group-AF1A230D53D4:LeaderElection32] INFO  server.RaftServerConfigKeys (ConfUtils.java:logGet(43)) - raft.server.rpc.sleep.time = 25ms (default)
2019-09-26 17:06:15,632 [Thread-2169] INFO  impl.RoleInfo (RoleInfo.java:shutdownFollowerState(121)) - 741be72a-0e65-423d-848a-4c129baf2ff1: shutdown FollowerState
2019-09-26 17:06:15,632 [921e6853-d044-4bfd-83e1-656547ff7c58@group-AF1A230D53D4:LeaderElection32] INFO  server.RaftServerConfigKeys (ConfUtils.java:logGet(43)) - raft.server.write.element-limit = 4096 (default)
2019-09-26 17:06:15,632 [Thread-2169] INFO  impl.RaftServerImpl (RaftServerImpl.java:setRole(174)) - 741be72a-0e65-423d-848a-4c129baf2ff1@group-5531F75D5E31: changes role from  FOLLOWER to CANDIDATE at term 0 for changeToCandidate
2019-09-26 17:06:15,632 [921e6853-d044-4bfd-83e1-656547ff7c58@group-AF1A230D53D4:LeaderElection32] INFO  server.RaftServerConfigKeys (ConfUtils.java:logGet(43)) - raft.server.watch.timeout = 10s (default)
2019-09-26 17:06:15,632 [Thread-2169] INFO  impl.RoleInfo (RoleInfo.java:updateAndGet(143)) - 741be72a-0e65-423d-848a-4c129baf2ff1: start LeaderElection
2019-09-26 17:06:15,633 [921e6853-d044-4bfd-83e1-656547ff7c58@group-AF1A230D53D4:LeaderElection32] INFO  server.RaftServerConfigKeys (ConfUtils.java:logGet(43)) - raft.server.watch.timeout.denomination = 1s (default)
2019-09-26 17:06:15,633 [921e6853-d044-4bfd-83e1-656547ff7c58@group-AF1A230D53D4:LeaderElection32] INFO  server.RaftServerConfigKeys (ConfUtils.java:logGet(43)) - raft.server.watch.element-limit = 65536 (default)
2019-09-26 17:06:15,635 [a1b912d9-a6d8-4f6c-b1f4-fdc5e71a64d4@group-7D4F1C940FEA-SegmentedRaftLogWorker] INFO  segmented.SegmentedRaftLogWorker (SegmentedRaftLogWorker.java:execute(569)) - a1b912d9-a6d8-4f6c-b1f4-fdc5e71a64d4@group-7D4F1C940FEA-SegmentedRaftLogWorker: created new log segment /workdir/hadoop-ozone/integration-test/target/test-dir/MiniOzoneClusterImpl-079ddb4d-8ae3-4b1a-b1c9-b03dd4a7ea74/datanode-5/data/ratis/faa37c52-d102-4352-a3ce-7d4f1c940fea/current/log_inprogress_0
2019-09-26 17:06:15,641 [921e6853-d044-4bfd-83e1-656547ff7c58@group-AF1A230D53D4:LeaderElection32] INFO  server.RaftServerConfigKeys (ConfUtils.java:logGet(43)) - raft.server.log.appender.snapshot.chunk.size.max = 16MB (=16777216) (default)
2019-09-26 17:06:15,641 [921e6853-d044-4bfd-83e1-656547ff7c58@group-AF1A230D53D4:LeaderElection32] INFO  server.RaftServerConfigKeys (ConfUtils.java:logGet(43)) - raft.server.log.appender.buffer.byte-limit = 33554432 (custom)
2019-09-26 17:06:15,641 [921e6853-d044-4bfd-83e1-656547ff7c58@group-AF1A230D53D4:LeaderElection32] INFO  server.RaftServerConfigKeys (ConfUtils.java:logGet(43)) - raft.server.log.appender.buffer.element-limit = 1 (custom)
2019-09-26 17:06:15,645 [grpc-default-executor-2] INFO  impl.RaftServerImpl (RaftServerImpl.java:setRole(174)) - 741be72a-0e65-423d-848a-4c129baf2ff1@group-AF1A230D53D4: changes role from  FOLLOWER to FOLLOWER at term 2 for recognizeCandidate:a1b912d9-a6d8-4f6c-b1f4-fdc5e71a64d4
2019-09-26 17:06:15,645 [921e6853-d044-4bfd-83e1-656547ff7c58@group-AF1A230D53D4:LeaderElection32] INFO  grpc.GrpcConfigKeys$Server (ConfUtils.java:logGet(43)) - raft.grpc.server.leader.outstanding.appends.max = 128 (default)
2019-09-26 17:06:15,645 [grpc-default-executor-2] INFO  impl.RoleInfo (RoleInfo.java:shutdownFollowerState(121)) - 741be72a-0e65-423d-848a-4c129baf2ff1: shutdown FollowerState
2019-09-26 17:06:15,645 [921e6853-d044-4bfd-83e1-656547ff7c58@group-AF1A230D53D4:LeaderElection32] INFO  server.RaftServerConfigKeys (ConfUtils.java:logGet(43)) - raft.server.rpc.request.timeout = 3000ms (default)
2019-09-26 17:06:15,645 [grpc-default-executor-2] INFO  impl.RoleInfo (RoleInfo.java:updateAndGet(143)) - 741be72a-0e65-423d-848a-4c129baf2ff1: start FollowerState
2019-09-26 17:06:15,646 [921e6853-d044-4bfd-83e1-656547ff7c58@group-AF1A230D53D4:LeaderElection32] INFO  server.RaftServerConfigKeys (ConfUtils.java:logGet(43)) - raft.server.log.appender.install.snapshot.enabled = false (custom)
2019-09-26 17:06:15,646 [Thread-2211] INFO  impl.FollowerState (FollowerState.java:run(115)) - 741be72a-0e65-423d-848a-4c129baf2ff1: FollowerState was interrupted: java.lang.InterruptedException: sleep interrupted
2019-09-26 17:06:15,646 [921e6853-d044-4bfd-83e1-656547ff7c58@group-AF1A230D53D4:LeaderElection32] INFO  server.RaftServerConfigKeys (ConfUtils.java:logGet(43)) - raft.server.log.appender.snapshot.chunk.size.max = 16MB (=16777216) (default)
2019-09-26 17:06:15,648 [921e6853-d044-4bfd-83e1-656547ff7c58@group-AF1A230D53D4:LeaderElection32] INFO  server.RaftServerConfigKeys (ConfUtils.java:logGet(43)) - raft.server.log.appender.buffer.byte-limit = 33554432 (custom)
2019-09-26 17:06:15,648 [921e6853-d044-4bfd-83e1-656547ff7c58@group-AF1A230D53D4:LeaderElection32] INFO  server.RaftServerConfigKeys (ConfUtils.java:logGet(43)) - raft.server.log.appender.buffer.element-limit = 1 (custom)
2019-09-26 17:06:15,648 [921e6853-d044-4bfd-83e1-656547ff7c58@group-AF1A230D53D4:LeaderElection32] INFO  grpc.GrpcConfigKeys$Server (ConfUtils.java:logGet(43)) - raft.grpc.server.leader.outstanding.appends.max = 128 (default)
2019-09-26 17:06:15,649 [921e6853-d044-4bfd-83e1-656547ff7c58@group-AF1A230D53D4:LeaderElection32] INFO  server.RaftServerConfigKeys (ConfUtils.java:logGet(43)) - raft.server.rpc.request.timeout = 3000ms (default)
2019-09-26 17:06:15,649 [921e6853-d044-4bfd-83e1-656547ff7c58@group-AF1A230D53D4:LeaderElection32] INFO  server.RaftServerConfigKeys (ConfUtils.java:logGet(43)) - raft.server.log.appender.install.snapshot.enabled = false (custom)
2019-09-26 17:06:15,649 [921e6853-d044-4bfd-83e1-656547ff7c58@group-AF1A230D53D4:LeaderElection32] INFO  impl.RoleInfo (RoleInfo.java:updateAndGet(143)) - 921e6853-d044-4bfd-83e1-656547ff7c58: start LeaderState
2019-09-26 17:06:15,649 [921e6853-d044-4bfd-83e1-656547ff7c58@group-AF1A230D53D4:LeaderElection32] INFO  segmented.SegmentedRaftLogWorker (SegmentedRaftLogWorker.java:startLogSegment(380)) - 921e6853-d044-4bfd-83e1-656547ff7c58@group-AF1A230D53D4-SegmentedRaftLogWorker: Starting segment from index:0
2019-09-26 17:06:15,650 [921e6853-d044-4bfd-83e1-656547ff7c58@group-AF1A230D53D4:LeaderElection32] INFO  impl.RaftServerImpl (ServerState.java:setRaftConf(354)) - 921e6853-d044-4bfd-83e1-656547ff7c58@group-AF1A230D53D4: set configuration 0: [a1b912d9-a6d8-4f6c-b1f4-fdc5e71a64d4:192.168.157.234:33945, 741be72a-0e65-423d-848a-4c129baf2ff1:192.168.157.234:34297, 921e6853-d044-4bfd-83e1-656547ff7c58:192.168.157.234:38444], old=null at 0
2019-09-26 17:06:15,668 [grpc-default-executor-1] INFO  impl.RaftServerImpl (ServerState.java:setLeader(253)) - 921e6853-d044-4bfd-83e1-656547ff7c58@group-AF1A230D53D4: change Leader from 921e6853-d044-4bfd-83e1-656547ff7c58 to null at term 2 for updateCurrentTerm
2019-09-26 17:06:15,668 [grpc-default-executor-1] INFO  impl.RaftServerImpl (RaftServerImpl.java:setRole(174)) - 921e6853-d044-4bfd-83e1-656547ff7c58@group-AF1A230D53D4: changes role from    LEADER to FOLLOWER at term 2 for recognizeCandidate:a1b912d9-a6d8-4f6c-b1f4-fdc5e71a64d4
2019-09-26 17:06:15,668 [741be72a-0e65-423d-848a-4c129baf2ff1@group-5531F75D5E31:LeaderElection35] INFO  impl.LeaderElection (LeaderElection.java:askForVotes(182)) - 741be72a-0e65-423d-848a-4c129baf2ff1@group-5531F75D5E31:LeaderElection35: begin an election at term 1 for -1: [741be72a-0e65-423d-848a-4c129baf2ff1:192.168.157.234:34297], old=null
2019-09-26 17:06:15,669 [grpc-default-executor-1] INFO  impl.RoleInfo (RoleInfo.java:shutdownLeaderState(104)) - 921e6853-d044-4bfd-83e1-656547ff7c58: shutdown LeaderState
2019-09-26 17:06:15,669 [741be72a-0e65-423d-848a-4c129baf2ff1@group-5531F75D5E31:LeaderElection35] INFO  impl.RoleInfo (RoleInfo.java:shutdownLeaderElection(134)) - 741be72a-0e65-423d-848a-4c129baf2ff1: shutdown LeaderElection
2019-09-26 17:06:15,674 [org.apache.ratis.server.impl.LogAppender$AppenderDaemon$$Lambda$399/1884970949@3dd6e51d] WARN  server.GrpcLogAppender (GrpcLogAppender.java:mayWait(143)) - 921e6853-d044-4bfd-83e1-656547ff7c58@group-AF1A230D53D4->a1b912d9-a6d8-4f6c-b1f4-fdc5e71a64d4-GrpcLogAppender: Wait interrupted by java.lang.InterruptedException
2019-09-26 17:06:15,674 [org.apache.ratis.server.impl.LogAppender$AppenderDaemon$$Lambda$399/1884970949@2f10a133] WARN  server.GrpcLogAppender (GrpcLogAppender.java:mayWait(143)) - 921e6853-d044-4bfd-83e1-656547ff7c58@group-AF1A230D53D4->741be72a-0e65-423d-848a-4c129baf2ff1-GrpcLogAppender: Wait interrupted by java.lang.InterruptedException
2019-09-26 17:06:15,674 [741be72a-0e65-423d-848a-4c129baf2ff1@group-5531F75D5E31:LeaderElection35] INFO  impl.RaftServerImpl (RaftServerImpl.java:setRole(174)) - 741be72a-0e65-423d-848a-4c129baf2ff1@group-5531F75D5E31: changes role from CANDIDATE to LEADER at term 1 for changeToLeader
2019-09-26 17:06:15,682 [921e6853-d044-4bfd-83e1-656547ff7c58@group-AF1A230D53D4-SegmentedRaftLogWorker] INFO  segmented.SegmentedRaftLogWorker (SegmentedRaftLogWorker.java:execute(569)) - 921e6853-d044-4bfd-83e1-656547ff7c58@group-AF1A230D53D4-SegmentedRaftLogWorker: created new log segment /workdir/hadoop-ozone/integration-test/target/test-dir/MiniOzoneClusterImpl-079ddb4d-8ae3-4b1a-b1c9-b03dd4a7ea74/datanode-3/data/ratis/07c668dd-445b-4621-bc12-af1a230d53d4/current/log_inprogress_0
2019-09-26 17:06:15,682 [741be72a-0e65-423d-848a-4c129baf2ff1@group-5531F75D5E31:LeaderElection35] INFO  impl.RaftServerImpl (ServerState.java:setLeader(253)) - 741be72a-0e65-423d-848a-4c129baf2ff1@group-5531F75D5E31: change Leader from null to 741be72a-0e65-423d-848a-4c129baf2ff1 at term 1 for becomeLeader, leader elected after 1245ms
2019-09-26 17:06:15,682 [grpc-default-executor-0] INFO  server.GrpcServerProtocolService (GrpcServerProtocolService.java:onCompleted(113)) - a1b912d9-a6d8-4f6c-b1f4-fdc5e71a64d4: Completed APPEND_ENTRIES, lastRequest: 921e6853-d044-4bfd-83e1-656547ff7c58->a1b912d9-a6d8-4f6c-b1f4-fdc5e71a64d4#0-t1, previous=(t:0, i:0), leaderCommit=-1, initializing? false, entries: <empty>
2019-09-26 17:06:15,683 [741be72a-0e65-423d-848a-4c129baf2ff1@group-5531F75D5E31:LeaderElection35] INFO  server.RaftServerConfigKeys (ConfUtils.java:logGet(43)) - raft.server.staging.catchup.gap = 1000 (default)
2019-09-26 17:06:15,683 [grpc-default-executor-2] INFO  server.GrpcServerProtocolService (GrpcServerProtocolService.java:onCompleted(113)) - 741be72a-0e65-423d-848a-4c129baf2ff1: Completed APPEND_ENTRIES, lastRequest: 921e6853-d044-4bfd-83e1-656547ff7c58->741be72a-0e65-423d-848a-4c129baf2ff1#0-t1, previous=(t:0, i:0), leaderCommit=-1, initializing? false, entries: <empty>
2019-09-26 17:06:15,683 [741be72a-0e65-423d-848a-4c129baf2ff1@group-5531F75D5E31:LeaderElection35] INFO  server.RaftServerConfigKeys (ConfUtils.java:logGet(43)) - raft.server.rpc.sleep.time = 25ms (default)
2019-09-26 17:06:15,683 [grpc-default-executor-1] INFO  impl.PendingRequests (PendingRequests.java:sendNotLeaderResponses(202)) - 921e6853-d044-4bfd-83e1-656547ff7c58-PendingRequests: sendNotLeaderResponses
2019-09-26 17:06:15,683 [741be72a-0e65-423d-848a-4c129baf2ff1@group-5531F75D5E31:LeaderElection35] INFO  server.RaftServerConfigKeys (ConfUtils.java:logGet(43)) - raft.server.write.element-limit = 4096 (default)
2019-09-26 17:06:15,684 [grpc-default-executor-1] INFO  impl.RoleInfo (RoleInfo.java:updateAndGet(143)) - 921e6853-d044-4bfd-83e1-656547ff7c58: start FollowerState
2019-09-26 17:06:15,684 [741be72a-0e65-423d-848a-4c129baf2ff1@group-5531F75D5E31:LeaderElection35] INFO  server.RaftServerConfigKeys (ConfUtils.java:logGet(43)) - raft.server.watch.timeout = 10s (default)
2019-09-26 17:06:15,684 [741be72a-0e65-423d-848a-4c129baf2ff1@group-5531F75D5E31:LeaderElection35] INFO  server.RaftServerConfigKeys (ConfUtils.java:logGet(43)) - raft.server.watch.timeout.denomination = 1s (default)
2019-09-26 17:06:15,684 [741be72a-0e65-423d-848a-4c129baf2ff1@group-5531F75D5E31:LeaderElection35] INFO  server.RaftServerConfigKeys (ConfUtils.java:logGet(43)) - raft.server.watch.element-limit = 65536 (default)
2019-09-26 17:06:15,687 [741be72a-0e65-423d-848a-4c129baf2ff1@group-5531F75D5E31:LeaderElection35] INFO  impl.RoleInfo (RoleInfo.java:updateAndGet(143)) - 741be72a-0e65-423d-848a-4c129baf2ff1: start LeaderState
2019-09-26 17:06:15,687 [741be72a-0e65-423d-848a-4c129baf2ff1@group-5531F75D5E31:LeaderElection35] INFO  segmented.SegmentedRaftLogWorker (SegmentedRaftLogWorker.java:startLogSegment(380)) - 741be72a-0e65-423d-848a-4c129baf2ff1@group-5531F75D5E31-SegmentedRaftLogWorker: Starting segment from index:0
2019-09-26 17:06:15,688 [741be72a-0e65-423d-848a-4c129baf2ff1@group-5531F75D5E31:LeaderElection35] INFO  impl.RaftServerImpl (ServerState.java:setRaftConf(354)) - 741be72a-0e65-423d-848a-4c129baf2ff1@group-5531F75D5E31: set configuration 0: [741be72a-0e65-423d-848a-4c129baf2ff1:192.168.157.234:34297], old=null at 0
2019-09-26 17:06:15,723 [grpc-default-executor-3] INFO  server.GrpcLogAppender (GrpcLogAppender.java:onCompleted(293)) - 921e6853-d044-4bfd-83e1-656547ff7c58@group-AF1A230D53D4->741be72a-0e65-423d-848a-4c129baf2ff1-AppendLogResponseHandler: follower responses appendEntries COMPLETED
2019-09-26 17:06:15,723 [grpc-default-executor-4] INFO  server.GrpcLogAppender (GrpcLogAppender.java:onCompleted(293)) - 921e6853-d044-4bfd-83e1-656547ff7c58@group-AF1A230D53D4->a1b912d9-a6d8-4f6c-b1f4-fdc5e71a64d4-AppendLogResponseHandler: follower responses appendEntries COMPLETED
2019-09-26 17:06:15,740 [741be72a-0e65-423d-848a-4c129baf2ff1@group-5531F75D5E31-SegmentedRaftLogWorker] INFO  segmented.SegmentedRaftLogWorker (SegmentedRaftLogWorker.java:execute(569)) - 741be72a-0e65-423d-848a-4c129baf2ff1@group-5531F75D5E31-SegmentedRaftLogWorker: created new log segment /workdir/hadoop-ozone/integration-test/target/test-dir/MiniOzoneClusterImpl-079ddb4d-8ae3-4b1a-b1c9-b03dd4a7ea74/datanode-4/data/ratis/7f18ca41-2666-4545-bd5e-5531f75d5e31/current/log_inprogress_0
2019-09-26 17:06:15,743 [grpc-default-executor-4] INFO  impl.FollowerInfo (FollowerInfo.java:lambda$new$0(51)) - 921e6853-d044-4bfd-83e1-656547ff7c58@group-AF1A230D53D4->a1b912d9-a6d8-4f6c-b1f4-fdc5e71a64d4: nextIndex: updateUnconditionally 0 -> 0
2019-09-26 17:06:15,743 [grpc-default-executor-3] INFO  impl.FollowerInfo (FollowerInfo.java:lambda$new$0(51)) - 921e6853-d044-4bfd-83e1-656547ff7c58@group-AF1A230D53D4->741be72a-0e65-423d-848a-4c129baf2ff1: nextIndex: updateUnconditionally 0 -> 0
2019-09-26 17:06:16,338 [main] INFO  ipc.Client (Client.java:handleConnectionFailure(948)) - Retrying connect to server: localhost/127.0.0.1:0. Already tried 1 time(s); retry policy is RetryUpToMaximumCountWithFixedSleep(maxRetries=10, sleepTime=1000 MILLISECONDS)
2019-09-26 17:06:16,625 [Thread-2210] INFO  impl.FollowerState (FollowerState.java:run(106)) - a1b912d9-a6d8-4f6c-b1f4-fdc5e71a64d4:group-AF1A230D53D4 changes to CANDIDATE, lastRpcTime:1053, electionTimeout:1053ms
2019-09-26 17:06:16,626 [Thread-2210] INFO  impl.RoleInfo (RoleInfo.java:shutdownFollowerState(121)) - a1b912d9-a6d8-4f6c-b1f4-fdc5e71a64d4: shutdown FollowerState
2019-09-26 17:06:16,626 [Thread-2210] INFO  impl.RaftServerImpl (RaftServerImpl.java:setRole(174)) - a1b912d9-a6d8-4f6c-b1f4-fdc5e71a64d4@group-AF1A230D53D4: changes role from  FOLLOWER to CANDIDATE at term 2 for changeToCandidate
2019-09-26 17:06:16,626 [Thread-2210] INFO  impl.RoleInfo (RoleInfo.java:updateAndGet(143)) - a1b912d9-a6d8-4f6c-b1f4-fdc5e71a64d4: start LeaderElection
2019-09-26 17:06:16,644 [a1b912d9-a6d8-4f6c-b1f4-fdc5e71a64d4@group-AF1A230D53D4:LeaderElection36] INFO  impl.LeaderElection (LeaderElection.java:askForVotes(182)) - a1b912d9-a6d8-4f6c-b1f4-fdc5e71a64d4@group-AF1A230D53D4:LeaderElection36: begin an election at term 3 for -1: [a1b912d9-a6d8-4f6c-b1f4-fdc5e71a64d4:192.168.157.234:33945, 741be72a-0e65-423d-848a-4c129baf2ff1:192.168.157.234:34297, 921e6853-d044-4bfd-83e1-656547ff7c58:192.168.157.234:38444], old=null
2019-09-26 17:06:16,648 [grpc-default-executor-4] INFO  impl.RaftServerImpl (RaftServerImpl.java:setRole(174)) - 741be72a-0e65-423d-848a-4c129baf2ff1@group-AF1A230D53D4: changes role from  FOLLOWER to FOLLOWER at term 3 for recognizeCandidate:a1b912d9-a6d8-4f6c-b1f4-fdc5e71a64d4
2019-09-26 17:06:16,648 [grpc-default-executor-4] INFO  impl.RoleInfo (RoleInfo.java:shutdownFollowerState(121)) - 741be72a-0e65-423d-848a-4c129baf2ff1: shutdown FollowerState
2019-09-26 17:06:16,648 [grpc-default-executor-4] INFO  impl.RoleInfo (RoleInfo.java:updateAndGet(143)) - 741be72a-0e65-423d-848a-4c129baf2ff1: start FollowerState
2019-09-26 17:06:16,648 [grpc-default-executor-3] INFO  impl.RaftServerImpl (RaftServerImpl.java:setRole(174)) - 921e6853-d044-4bfd-83e1-656547ff7c58@group-AF1A230D53D4: changes role from  FOLLOWER to FOLLOWER at term 3 for recognizeCandidate:a1b912d9-a6d8-4f6c-b1f4-fdc5e71a64d4
2019-09-26 17:06:16,648 [Thread-2218] INFO  impl.FollowerState (FollowerState.java:run(115)) - 741be72a-0e65-423d-848a-4c129baf2ff1: FollowerState was interrupted: java.lang.InterruptedException: sleep interrupted
2019-09-26 17:06:16,649 [grpc-default-executor-3] INFO  impl.RoleInfo (RoleInfo.java:shutdownFollowerState(121)) - 921e6853-d044-4bfd-83e1-656547ff7c58: shutdown FollowerState
2019-09-26 17:06:16,659 [grpc-default-executor-3] INFO  impl.RoleInfo (RoleInfo.java:updateAndGet(143)) - 921e6853-d044-4bfd-83e1-656547ff7c58: start FollowerState
2019-09-26 17:06:16,659 [Thread-2223] INFO  impl.FollowerState (FollowerState.java:run(115)) - 921e6853-d044-4bfd-83e1-656547ff7c58: FollowerState was interrupted: java.lang.InterruptedException: sleep interrupted
2019-09-26 17:06:16,674 [a1b912d9-a6d8-4f6c-b1f4-fdc5e71a64d4@group-AF1A230D53D4:LeaderElection36] INFO  impl.LeaderElection (LeaderElection.java:logAndReturn(56)) - a1b912d9-a6d8-4f6c-b1f4-fdc5e71a64d4@group-AF1A230D53D4:LeaderElection36: Election PASSED; received 2 response(s) [a1b912d9-a6d8-4f6c-b1f4-fdc5e71a64d4<-741be72a-0e65-423d-848a-4c129baf2ff1#0:OK-t3, a1b912d9-a6d8-4f6c-b1f4-fdc5e71a64d4<-921e6853-d044-4bfd-83e1-656547ff7c58#0:FAIL-t3] and 0 exception(s); a1b912d9-a6d8-4f6c-b1f4-fdc5e71a64d4@group-AF1A230D53D4:t3, leader=null, voted=a1b912d9-a6d8-4f6c-b1f4-fdc5e71a64d4, raftlog=a1b912d9-a6d8-4f6c-b1f4-fdc5e71a64d4@group-AF1A230D53D4-SegmentedRaftLog:OPENED:c-1,f-1,i0, conf=-1: [a1b912d9-a6d8-4f6c-b1f4-fdc5e71a64d4:192.168.157.234:33945, 741be72a-0e65-423d-848a-4c129baf2ff1:192.168.157.234:34297, 921e6853-d044-4bfd-83e1-656547ff7c58:192.168.157.234:38444], old=null
2019-09-26 17:06:16,674 [a1b912d9-a6d8-4f6c-b1f4-fdc5e71a64d4@group-AF1A230D53D4:LeaderElection36] INFO  impl.RoleInfo (RoleInfo.java:shutdownLeaderElection(134)) - a1b912d9-a6d8-4f6c-b1f4-fdc5e71a64d4: shutdown LeaderElection
2019-09-26 17:06:16,684 [a1b912d9-a6d8-4f6c-b1f4-fdc5e71a64d4@group-AF1A230D53D4:LeaderElection36] INFO  impl.RaftServerImpl (RaftServerImpl.java:setRole(174)) - a1b912d9-a6d8-4f6c-b1f4-fdc5e71a64d4@group-AF1A230D53D4: changes role from CANDIDATE to LEADER at term 3 for changeToLeader
2019-09-26 17:06:16,684 [a1b912d9-a6d8-4f6c-b1f4-fdc5e71a64d4@group-AF1A230D53D4:LeaderElection36] INFO  impl.RaftServerImpl (ServerState.java:setLeader(253)) - a1b912d9-a6d8-4f6c-b1f4-fdc5e71a64d4@group-AF1A230D53D4: change Leader from null to a1b912d9-a6d8-4f6c-b1f4-fdc5e71a64d4 at term 3 for becomeLeader, leader elected after 2180ms
2019-09-26 17:06:16,684 [a1b912d9-a6d8-4f6c-b1f4-fdc5e71a64d4@group-AF1A230D53D4:LeaderElection36] INFO  server.RaftServerConfigKeys (ConfUtils.java:logGet(43)) - raft.server.staging.catchup.gap = 1000 (default)
2019-09-26 17:06:16,685 [a1b912d9-a6d8-4f6c-b1f4-fdc5e71a64d4@group-AF1A230D53D4:LeaderElection36] INFO  server.RaftServerConfigKeys (ConfUtils.java:logGet(43)) - raft.server.rpc.sleep.time = 25ms (default)
2019-09-26 17:06:16,685 [a1b912d9-a6d8-4f6c-b1f4-fdc5e71a64d4@group-AF1A230D53D4:LeaderElection36] INFO  server.RaftServerConfigKeys (ConfUtils.java:logGet(43)) - raft.server.write.element-limit = 4096 (default)
2019-09-26 17:06:16,685 [a1b912d9-a6d8-4f6c-b1f4-fdc5e71a64d4@group-AF1A230D53D4:LeaderElection36] INFO  server.RaftServerConfigKeys (ConfUtils.java:logGet(43)) - raft.server.watch.timeout = 10s (default)
2019-09-26 17:06:16,685 [a1b912d9-a6d8-4f6c-b1f4-fdc5e71a64d4@group-AF1A230D53D4:LeaderElection36] INFO  server.RaftServerConfigKeys (ConfUtils.java:logGet(43)) - raft.server.watch.timeout.denomination = 1s (default)
2019-09-26 17:06:16,685 [a1b912d9-a6d8-4f6c-b1f4-fdc5e71a64d4@group-AF1A230D53D4:LeaderElection36] INFO  server.RaftServerConfigKeys (ConfUtils.java:logGet(43)) - raft.server.watch.element-limit = 65536 (default)
2019-09-26 17:06:16,689 [a1b912d9-a6d8-4f6c-b1f4-fdc5e71a64d4@group-AF1A230D53D4:LeaderElection36] INFO  server.RaftServerConfigKeys (ConfUtils.java:logGet(43)) - raft.server.log.appender.snapshot.chunk.size.max = 16MB (=16777216) (default)
2019-09-26 17:06:16,690 [a1b912d9-a6d8-4f6c-b1f4-fdc5e71a64d4@group-AF1A230D53D4:LeaderElection36] INFO  server.RaftServerConfigKeys (ConfUtils.java:logGet(43)) - raft.server.log.appender.buffer.byte-limit = 33554432 (custom)
2019-09-26 17:06:16,690 [a1b912d9-a6d8-4f6c-b1f4-fdc5e71a64d4@group-AF1A230D53D4:LeaderElection36] INFO  server.RaftServerConfigKeys (ConfUtils.java:logGet(43)) - raft.server.log.appender.buffer.element-limit = 1 (custom)
2019-09-26 17:06:16,690 [a1b912d9-a6d8-4f6c-b1f4-fdc5e71a64d4@group-AF1A230D53D4:LeaderElection36] INFO  grpc.GrpcConfigKeys$Server (ConfUtils.java:logGet(43)) - raft.grpc.server.leader.outstanding.appends.max = 128 (default)
2019-09-26 17:06:16,690 [a1b912d9-a6d8-4f6c-b1f4-fdc5e71a64d4@group-AF1A230D53D4:LeaderElection36] INFO  server.RaftServerConfigKeys (ConfUtils.java:logGet(43)) - raft.server.rpc.request.timeout = 3000ms (default)
2019-09-26 17:06:16,691 [a1b912d9-a6d8-4f6c-b1f4-fdc5e71a64d4@group-AF1A230D53D4:LeaderElection36] INFO  server.RaftServerConfigKeys (ConfUtils.java:logGet(43)) - raft.server.log.appender.install.snapshot.enabled = false (custom)
2019-09-26 17:06:16,691 [a1b912d9-a6d8-4f6c-b1f4-fdc5e71a64d4@group-AF1A230D53D4:LeaderElection36] INFO  server.RaftServerConfigKeys (ConfUtils.java:logGet(43)) - raft.server.log.appender.snapshot.chunk.size.max = 16MB (=16777216) (default)
2019-09-26 17:06:16,691 [a1b912d9-a6d8-4f6c-b1f4-fdc5e71a64d4@group-AF1A230D53D4:LeaderElection36] INFO  server.RaftServerConfigKeys (ConfUtils.java:logGet(43)) - raft.server.log.appender.buffer.byte-limit = 33554432 (custom)
2019-09-26 17:06:16,691 [a1b912d9-a6d8-4f6c-b1f4-fdc5e71a64d4@group-AF1A230D53D4:LeaderElection36] INFO  server.RaftServerConfigKeys (ConfUtils.java:logGet(43)) - raft.server.log.appender.buffer.element-limit = 1 (custom)
2019-09-26 17:06:16,692 [a1b912d9-a6d8-4f6c-b1f4-fdc5e71a64d4@group-AF1A230D53D4:LeaderElection36] INFO  grpc.GrpcConfigKeys$Server (ConfUtils.java:logGet(43)) - raft.grpc.server.leader.outstanding.appends.max = 128 (default)
2019-09-26 17:06:16,692 [a1b912d9-a6d8-4f6c-b1f4-fdc5e71a64d4@group-AF1A230D53D4:LeaderElection36] INFO  server.RaftServerConfigKeys (ConfUtils.java:logGet(43)) - raft.server.rpc.request.timeout = 3000ms (default)
2019-09-26 17:06:16,692 [a1b912d9-a6d8-4f6c-b1f4-fdc5e71a64d4@group-AF1A230D53D4:LeaderElection36] INFO  server.RaftServerConfigKeys (ConfUtils.java:logGet(43)) - raft.server.log.appender.install.snapshot.enabled = false (custom)
2019-09-26 17:06:16,693 [a1b912d9-a6d8-4f6c-b1f4-fdc5e71a64d4@group-AF1A230D53D4:LeaderElection36] INFO  impl.RoleInfo (RoleInfo.java:updateAndGet(143)) - a1b912d9-a6d8-4f6c-b1f4-fdc5e71a64d4: start LeaderState
2019-09-26 17:06:16,693 [a1b912d9-a6d8-4f6c-b1f4-fdc5e71a64d4@group-AF1A230D53D4:LeaderElection36] INFO  segmented.SegmentedRaftLogWorker (SegmentedRaftLogWorker.java:startLogSegment(380)) - a1b912d9-a6d8-4f6c-b1f4-fdc5e71a64d4@group-AF1A230D53D4-SegmentedRaftLogWorker: Starting segment from index:0
2019-09-26 17:06:16,694 [a1b912d9-a6d8-4f6c-b1f4-fdc5e71a64d4@group-AF1A230D53D4:LeaderElection36] INFO  impl.RaftServerImpl (ServerState.java:setRaftConf(354)) - a1b912d9-a6d8-4f6c-b1f4-fdc5e71a64d4@group-AF1A230D53D4: set configuration 0: [a1b912d9-a6d8-4f6c-b1f4-fdc5e71a64d4:192.168.157.234:33945, 741be72a-0e65-423d-848a-4c129baf2ff1:192.168.157.234:34297, 921e6853-d044-4bfd-83e1-656547ff7c58:192.168.157.234:38444], old=null at 0
2019-09-26 17:06:16,696 [grpc-default-executor-4] INFO  impl.RaftServerImpl (ServerState.java:setLeader(253)) - 741be72a-0e65-423d-848a-4c129baf2ff1@group-AF1A230D53D4: change Leader from null to a1b912d9-a6d8-4f6c-b1f4-fdc5e71a64d4 at term 3 for appendEntries, leader elected after 2192ms
2019-09-26 17:06:16,729 [grpc-default-executor-3] INFO  impl.RaftServerImpl (ServerState.java:setLeader(253)) - 921e6853-d044-4bfd-83e1-656547ff7c58@group-AF1A230D53D4: change Leader from null to a1b912d9-a6d8-4f6c-b1f4-fdc5e71a64d4 at term 3 for appendEntries, leader elected after 1060ms
2019-09-26 17:06:16,731 [grpc-default-executor-3] INFO  impl.RaftServerImpl (ServerState.java:setRaftConf(354)) - 741be72a-0e65-423d-848a-4c129baf2ff1@group-AF1A230D53D4: set configuration 0: [a1b912d9-a6d8-4f6c-b1f4-fdc5e71a64d4:192.168.157.234:33945, 741be72a-0e65-423d-848a-4c129baf2ff1:192.168.157.234:34297, 921e6853-d044-4bfd-83e1-656547ff7c58:192.168.157.234:38444], old=null at 0
2019-09-26 17:06:16,731 [grpc-default-executor-3] INFO  segmented.SegmentedRaftLogWorker (SegmentedRaftLogWorker.java:startLogSegment(380)) - 741be72a-0e65-423d-848a-4c129baf2ff1@group-AF1A230D53D4-SegmentedRaftLogWorker: Starting segment from index:0
2019-09-26 17:06:16,732 [grpc-default-executor-4] INFO  impl.RaftServerImpl (ServerState.java:setRaftConf(354)) - 921e6853-d044-4bfd-83e1-656547ff7c58@group-AF1A230D53D4: set configuration 0: [a1b912d9-a6d8-4f6c-b1f4-fdc5e71a64d4:192.168.157.234:33945, 741be72a-0e65-423d-848a-4c129baf2ff1:192.168.157.234:34297, 921e6853-d044-4bfd-83e1-656547ff7c58:192.168.157.234:38444], old=null at 0
2019-09-26 17:06:16,736 [grpc-default-executor-4] INFO  segmented.SegmentedRaftLogWorker (SegmentedRaftLogWorker.java:truncate(396)) - 921e6853-d044-4bfd-83e1-656547ff7c58@group-AF1A230D53D4-SegmentedRaftLogWorker: Truncating segments toTruncate: null
  toDelete: [(0, 0) isOpen? true, length=0, newEndIndex=-1], start index 0
2019-09-26 17:06:16,737 [grpc-default-executor-4] INFO  segmented.SegmentedRaftLogWorker (SegmentedRaftLogWorker.java:startLogSegment(380)) - 921e6853-d044-4bfd-83e1-656547ff7c58@group-AF1A230D53D4-SegmentedRaftLogWorker: Starting segment from index:0
2019-09-26 17:06:16,739 [921e6853-d044-4bfd-83e1-656547ff7c58@group-AF1A230D53D4-SegmentedRaftLogWorker] INFO  segmented.SegmentedRaftLogWorker (SegmentedRaftLogWorker.java:execute(633)) - 921e6853-d044-4bfd-83e1-656547ff7c58@group-AF1A230D53D4-SegmentedRaftLogWorker: Deleted log file /workdir/hadoop-ozone/integration-test/target/test-dir/MiniOzoneClusterImpl-079ddb4d-8ae3-4b1a-b1c9-b03dd4a7ea74/datanode-3/data/ratis/07c668dd-445b-4621-bc12-af1a230d53d4/current/log_inprogress_0
2019-09-26 17:06:16,739 [921e6853-d044-4bfd-83e1-656547ff7c58@group-AF1A230D53D4-SegmentedRaftLogWorker] INFO  segmented.SegmentedRaftLogWorker (SegmentedRaftLogWorker.java:lambda$new$0(132)) - 921e6853-d044-4bfd-83e1-656547ff7c58@group-AF1A230D53D4-SegmentedRaftLogWorker: flushIndex: setUnconditionally 0 -> -1
2019-09-26 17:06:16,741 [a1b912d9-a6d8-4f6c-b1f4-fdc5e71a64d4@group-AF1A230D53D4-SegmentedRaftLogWorker] INFO  segmented.SegmentedRaftLogWorker (SegmentedRaftLogWorker.java:execute(569)) - a1b912d9-a6d8-4f6c-b1f4-fdc5e71a64d4@group-AF1A230D53D4-SegmentedRaftLogWorker: created new log segment /workdir/hadoop-ozone/integration-test/target/test-dir/MiniOzoneClusterImpl-079ddb4d-8ae3-4b1a-b1c9-b03dd4a7ea74/datanode-5/data/ratis/07c668dd-445b-4621-bc12-af1a230d53d4/current/log_inprogress_0
2019-09-26 17:06:16,783 [741be72a-0e65-423d-848a-4c129baf2ff1@group-AF1A230D53D4-SegmentedRaftLogWorker] INFO  segmented.SegmentedRaftLogWorker (SegmentedRaftLogWorker.java:execute(569)) - 741be72a-0e65-423d-848a-4c129baf2ff1@group-AF1A230D53D4-SegmentedRaftLogWorker: created new log segment /workdir/hadoop-ozone/integration-test/target/test-dir/MiniOzoneClusterImpl-079ddb4d-8ae3-4b1a-b1c9-b03dd4a7ea74/datanode-4/data/ratis/07c668dd-445b-4621-bc12-af1a230d53d4/current/log_inprogress_0
2019-09-26 17:06:16,785 [921e6853-d044-4bfd-83e1-656547ff7c58@group-AF1A230D53D4-SegmentedRaftLogWorker] INFO  segmented.SegmentedRaftLogWorker (SegmentedRaftLogWorker.java:execute(569)) - 921e6853-d044-4bfd-83e1-656547ff7c58@group-AF1A230D53D4-SegmentedRaftLogWorker: created new log segment /workdir/hadoop-ozone/integration-test/target/test-dir/MiniOzoneClusterImpl-079ddb4d-8ae3-4b1a-b1c9-b03dd4a7ea74/datanode-3/data/ratis/07c668dd-445b-4621-bc12-af1a230d53d4/current/log_inprogress_0
2019-09-26 17:06:16,974 [Thread-2142] INFO  container.ReplicationManager (ReplicationManager.java:start(162)) - Starting Replication Monitor Thread.
2019-09-26 17:06:16,977 [ReplicationMonitor] INFO  container.ReplicationManager (ReplicationManager.java:run(225)) - Replication Monitor Thread took 1 milliseconds for processing 0 containers.
2019-09-26 17:06:17,340 [main] INFO  ipc.Client (Client.java:handleConnectionFailure(948)) - Retrying connect to server: localhost/127.0.0.1:0. Already tried 2 time(s); retry policy is RetryUpToMaximumCountWithFixedSleep(maxRetries=10, sleepTime=1000 MILLISECONDS)
2019-09-26 17:06:18,341 [main] INFO  ipc.Client (Client.java:handleConnectionFailure(948)) - Retrying connect to server: localhost/127.0.0.1:0. Already tried 3 time(s); retry policy is RetryUpToMaximumCountWithFixedSleep(maxRetries=10, sleepTime=1000 MILLISECONDS)
2019-09-26 17:06:19,342 [main] INFO  ipc.Client (Client.java:handleConnectionFailure(948)) - Retrying connect to server: localhost/127.0.0.1:0. Already tried 4 time(s); retry policy is RetryUpToMaximumCountWithFixedSleep(maxRetries=10, sleepTime=1000 MILLISECONDS)
2019-09-26 17:06:20,344 [main] INFO  ipc.Client (Client.java:handleConnectionFailure(948)) - Retrying connect to server: localhost/127.0.0.1:0. Already tried 5 time(s); retry policy is RetryUpToMaximumCountWithFixedSleep(maxRetries=10, sleepTime=1000 MILLISECONDS)
2019-09-26 17:06:21,345 [main] INFO  ipc.Client (Client.java:handleConnectionFailure(948)) - Retrying connect to server: localhost/127.0.0.1:0. Already tried 6 time(s); retry policy is RetryUpToMaximumCountWithFixedSleep(maxRetries=10, sleepTime=1000 MILLISECONDS)
2019-09-26 17:06:22,346 [main] INFO  ipc.Client (Client.java:handleConnectionFailure(948)) - Retrying connect to server: localhost/127.0.0.1:0. Already tried 7 time(s); retry policy is RetryUpToMaximumCountWithFixedSleep(maxRetries=10, sleepTime=1000 MILLISECONDS)
2019-09-26 17:06:23,348 [main] INFO  ipc.Client (Client.java:handleConnectionFailure(948)) - Retrying connect to server: localhost/127.0.0.1:0. Already tried 8 time(s); retry policy is RetryUpToMaximumCountWithFixedSleep(maxRetries=10, sleepTime=1000 MILLISECONDS)
2019-09-26 17:06:24,349 [main] INFO  ipc.Client (Client.java:handleConnectionFailure(948)) - Retrying connect to server: localhost/127.0.0.1:0. Already tried 9 time(s); retry policy is RetryUpToMaximumCountWithFixedSleep(maxRetries=10, sleepTime=1000 MILLISECONDS)
2019-09-26 17:06:25,352 [main] INFO  ipc.Client (Client.java:handleConnectionFailure(948)) - Retrying connect to server: localhost/127.0.0.1:0. Already tried 0 time(s); retry policy is RetryUpToMaximumCountWithFixedSleep(maxRetries=10, sleepTime=1000 MILLISECONDS)
2019-09-26 17:06:26,354 [main] INFO  ipc.Client (Client.java:handleConnectionFailure(948)) - Retrying connect to server: localhost/127.0.0.1:0. Already tried 1 time(s); retry policy is RetryUpToMaximumCountWithFixedSleep(maxRetries=10, sleepTime=1000 MILLISECONDS)
2019-09-26 17:06:27,355 [main] INFO  ipc.Client (Client.java:handleConnectionFailure(948)) - Retrying connect to server: localhost/127.0.0.1:0. Already tried 2 time(s); retry policy is RetryUpToMaximumCountWithFixedSleep(maxRetries=10, sleepTime=1000 MILLISECONDS)
2019-09-26 17:06:28,356 [main] INFO  ipc.Client (Client.java:handleConnectionFailure(948)) - Retrying connect to server: localhost/127.0.0.1:0. Already tried 3 time(s); retry policy is RetryUpToMaximumCountWithFixedSleep(maxRetries=10, sleepTime=1000 MILLISECONDS)
2019-09-26 17:06:29,357 [main] INFO  ipc.Client (Client.java:handleConnectionFailure(948)) - Retrying connect to server: localhost/127.0.0.1:0. Already tried 4 time(s); retry policy is RetryUpToMaximumCountWithFixedSleep(maxRetries=10, sleepTime=1000 MILLISECONDS)
2019-09-26 17:06:30,359 [main] INFO  ipc.Client (Client.java:handleConnectionFailure(948)) - Retrying connect to server: localhost/127.0.0.1:0. Already tried 5 time(s); retry policy is RetryUpToMaximumCountWithFixedSleep(maxRetries=10, sleepTime=1000 MILLISECONDS)
2019-09-26 17:06:31,360 [main] INFO  ipc.Client (Client.java:handleConnectionFailure(948)) - Retrying connect to server: localhost/127.0.0.1:0. Already tried 6 time(s); retry policy is RetryUpToMaximumCountWithFixedSleep(maxRetries=10, sleepTime=1000 MILLISECONDS)
2019-09-26 17:06:32,362 [main] INFO  ipc.Client (Client.java:handleConnectionFailure(948)) - Retrying connect to server: localhost/127.0.0.1:0. Already tried 7 time(s); retry policy is RetryUpToMaximumCountWithFixedSleep(maxRetries=10, sleepTime=1000 MILLISECONDS)
2019-09-26 17:06:33,363 [main] INFO  ipc.Client (Client.java:handleConnectionFailure(948)) - Retrying connect to server: localhost/127.0.0.1:0. Already tried 8 time(s); retry policy is RetryUpToMaximumCountWithFixedSleep(maxRetries=10, sleepTime=1000 MILLISECONDS)
2019-09-26 17:06:34,364 [main] INFO  ipc.Client (Client.java:handleConnectionFailure(948)) - Retrying connect to server: localhost/127.0.0.1:0. Already tried 9 time(s); retry policy is RetryUpToMaximumCountWithFixedSleep(maxRetries=10, sleepTime=1000 MILLISECONDS)
2019-09-26 17:06:34,366 [main] INFO  retry.RetryInvocationHandler (RetryInvocationHandler.java:log(411)) - com.google.protobuf.ServiceException: java.net.ConnectException: Your endpoint configuration is wrong; For more details see:  http://wiki.apache.org/hadoop/UnsetHostnameOrPort, while invoking $Proxy35.submitRequest over nodeId=null,nodeAddress=127.0.0.1:0 after 1 failover attempts. Trying to failover immediately.
2019-09-26 17:06:35,367 [main] INFO  ipc.Client (Client.java:handleConnectionFailure(948)) - Retrying connect to server: localhost/127.0.0.1:0. Already tried 0 time(s); retry policy is RetryUpToMaximumCountWithFixedSleep(maxRetries=10, sleepTime=1000 MILLISECONDS)
2019-09-26 17:06:36,368 [main] INFO  ipc.Client (Client.java:handleConnectionFailure(948)) - Retrying connect to server: localhost/127.0.0.1:0. Already tried 1 time(s); retry policy is RetryUpToMaximumCountWithFixedSleep(maxRetries=10, sleepTime=1000 MILLISECONDS)
2019-09-26 17:06:37,370 [main] INFO  ipc.Client (Client.java:handleConnectionFailure(948)) - Retrying connect to server: localhost/127.0.0.1:0. Already tried 2 time(s); retry policy is RetryUpToMaximumCountWithFixedSleep(maxRetries=10, sleepTime=1000 MILLISECONDS)
2019-09-26 17:06:38,371 [main] INFO  ipc.Client (Client.java:handleConnectionFailure(948)) - Retrying connect to server: localhost/127.0.0.1:0. Already tried 3 time(s); retry policy is RetryUpToMaximumCountWithFixedSleep(maxRetries=10, sleepTime=1000 MILLISECONDS)
2019-09-26 17:06:39,372 [main] INFO  ipc.Client (Client.java:handleConnectionFailure(948)) - Retrying connect to server: localhost/127.0.0.1:0. Already tried 4 time(s); retry policy is RetryUpToMaximumCountWithFixedSleep(maxRetries=10, sleepTime=1000 MILLISECONDS)
2019-09-26 17:06:40,374 [main] INFO  ipc.Client (Client.java:handleConnectionFailure(948)) - Retrying connect to server: localhost/127.0.0.1:0. Already tried 5 time(s); retry policy is RetryUpToMaximumCountWithFixedSleep(maxRetries=10, sleepTime=1000 MILLISECONDS)
2019-09-26 17:06:41,375 [main] INFO  ipc.Client (Client.java:handleConnectionFailure(948)) - Retrying connect to server: localhost/127.0.0.1:0. Already tried 6 time(s); retry policy is RetryUpToMaximumCountWithFixedSleep(maxRetries=10, sleepTime=1000 MILLISECONDS)
2019-09-26 17:06:42,377 [main] INFO  ipc.Client (Client.java:handleConnectionFailure(948)) - Retrying connect to server: localhost/127.0.0.1:0. Already tried 7 time(s); retry policy is RetryUpToMaximumCountWithFixedSleep(maxRetries=10, sleepTime=1000 MILLISECONDS)
2019-09-26 17:06:43,379 [main] INFO  ipc.Client (Client.java:handleConnectionFailure(948)) - Retrying connect to server: localhost/127.0.0.1:0. Already tried 8 time(s); retry policy is RetryUpToMaximumCountWithFixedSleep(maxRetries=10, sleepTime=1000 MILLISECONDS)
2019-09-26 17:06:44,380 [main] INFO  ipc.Client (Client.java:handleConnectionFailure(948)) - Retrying connect to server: localhost/127.0.0.1:0. Already tried 9 time(s); retry policy is RetryUpToMaximumCountWithFixedSleep(maxRetries=10, sleepTime=1000 MILLISECONDS)
2019-09-26 17:06:44,382 [main] INFO  retry.RetryInvocationHandler (RetryInvocationHandler.java:log(411)) - com.google.protobuf.ServiceException: java.net.ConnectException: Your endpoint configuration is wrong; For more details see:  http://wiki.apache.org/hadoop/UnsetHostnameOrPort, while invoking $Proxy35.submitRequest over nodeId=null,nodeAddress=127.0.0.1:0 after 2 failover attempts. Trying to failover immediately.
2019-09-26 17:06:45,383 [main] INFO  ipc.Client (Client.java:handleConnectionFailure(948)) - Retrying connect to server: localhost/127.0.0.1:0. Already tried 0 time(s); retry policy is RetryUpToMaximumCountWithFixedSleep(maxRetries=10, sleepTime=1000 MILLISECONDS)
2019-09-26 17:06:46,385 [main] INFO  ipc.Client (Client.java:handleConnectionFailure(948)) - Retrying connect to server: localhost/127.0.0.1:0. Already tried 1 time(s); retry policy is RetryUpToMaximumCountWithFixedSleep(maxRetries=10, sleepTime=1000 MILLISECONDS)
2019-09-26 17:06:47,386 [main] INFO  ipc.Client (Client.java:handleConnectionFailure(948)) - Retrying connect to server: localhost/127.0.0.1:0. Already tried 2 time(s); retry policy is RetryUpToMaximumCountWithFixedSleep(maxRetries=10, sleepTime=1000 MILLISECONDS)
2019-09-26 17:06:48,387 [main] INFO  ipc.Client (Client.java:handleConnectionFailure(948)) - Retrying connect to server: localhost/127.0.0.1:0. Already tried 3 time(s); retry policy is RetryUpToMaximumCountWithFixedSleep(maxRetries=10, sleepTime=1000 MILLISECONDS)
2019-09-26 17:06:49,389 [main] INFO  ipc.Client (Client.java:handleConnectionFailure(948)) - Retrying connect to server: localhost/127.0.0.1:0. Already tried 4 time(s); retry policy is RetryUpToMaximumCountWithFixedSleep(maxRetries=10, sleepTime=1000 MILLISECONDS)
2019-09-26 17:06:50,390 [main] INFO  ipc.Client (Client.java:handleConnectionFailure(948)) - Retrying connect to server: localhost/127.0.0.1:0. Already tried 5 time(s); retry policy is RetryUpToMaximumCountWithFixedSleep(maxRetries=10, sleepTime=1000 MILLISECONDS)
2019-09-26 17:06:51,392 [main] INFO  ipc.Client (Client.java:handleConnectionFailure(948)) - Retrying connect to server: localhost/127.0.0.1:0. Already tried 6 time(s); retry policy is RetryUpToMaximumCountWithFixedSleep(maxRetries=10, sleepTime=1000 MILLISECONDS)
2019-09-26 17:06:52,393 [main] INFO  ipc.Client (Client.java:handleConnectionFailure(948)) - Retrying connect to server: localhost/127.0.0.1:0. Already tried 7 time(s); retry policy is RetryUpToMaximumCountWithFixedSleep(maxRetries=10, sleepTime=1000 MILLISECONDS)
2019-09-26 17:06:53,394 [main] INFO  ipc.Client (Client.java:handleConnectionFailure(948)) - Retrying connect to server: localhost/127.0.0.1:0. Already tried 8 time(s); retry policy is RetryUpToMaximumCountWithFixedSleep(maxRetries=10, sleepTime=1000 MILLISECONDS)
2019-09-26 17:06:54,396 [main] INFO  ipc.Client (Client.java:handleConnectionFailure(948)) - Retrying connect to server: localhost/127.0.0.1:0. Already tried 9 time(s); retry policy is RetryUpToMaximumCountWithFixedSleep(maxRetries=10, sleepTime=1000 MILLISECONDS)
2019-09-26 17:06:54,397 [main] INFO  retry.RetryInvocationHandler (RetryInvocationHandler.java:log(411)) - com.google.protobuf.ServiceException: java.net.ConnectException: Your endpoint configuration is wrong; For more details see:  http://wiki.apache.org/hadoop/UnsetHostnameOrPort, while invoking $Proxy35.submitRequest over nodeId=null,nodeAddress=127.0.0.1:0 after 3 failover attempts. Trying to failover immediately.
2019-09-26 17:06:55,400 [main] INFO  ipc.Client (Client.java:handleConnectionFailure(948)) - Retrying connect to server: localhost/127.0.0.1:0. Already tried 0 time(s); retry policy is RetryUpToMaximumCountWithFixedSleep(maxRetries=10, sleepTime=1000 MILLISECONDS)
2019-09-26 17:06:56,401 [main] INFO  ipc.Client (Client.java:handleConnectionFailure(948)) - Retrying connect to server: localhost/127.0.0.1:0. Already tried 1 time(s); retry policy is RetryUpToMaximumCountWithFixedSleep(maxRetries=10, sleepTime=1000 MILLISECONDS)
2019-09-26 17:06:57,402 [main] INFO  ipc.Client (Client.java:handleConnectionFailure(948)) - Retrying connect to server: localhost/127.0.0.1:0. Already tried 2 time(s); retry policy is RetryUpToMaximumCountWithFixedSleep(maxRetries=10, sleepTime=1000 MILLISECONDS)
2019-09-26 17:06:58,404 [main] INFO  ipc.Client (Client.java:handleConnectionFailure(948)) - Retrying connect to server: localhost/127.0.0.1:0. Already tried 3 time(s); retry policy is RetryUpToMaximumCountWithFixedSleep(maxRetries=10, sleepTime=1000 MILLISECONDS)
2019-09-26 17:06:59,405 [main] INFO  ipc.Client (Client.java:handleConnectionFailure(948)) - Retrying connect to server: localhost/127.0.0.1:0. Already tried 4 time(s); retry policy is RetryUpToMaximumCountWithFixedSleep(maxRetries=10, sleepTime=1000 MILLISECONDS)
2019-09-26 17:07:00,407 [main] INFO  ipc.Client (Client.java:handleConnectionFailure(948)) - Retrying connect to server: localhost/127.0.0.1:0. Already tried 5 time(s); retry policy is RetryUpToMaximumCountWithFixedSleep(maxRetries=10, sleepTime=1000 MILLISECONDS)
2019-09-26 17:07:01,409 [main] INFO  ipc.Client (Client.java:handleConnectionFailure(948)) - Retrying connect to server: localhost/127.0.0.1:0. Already tried 6 time(s); retry policy is RetryUpToMaximumCountWithFixedSleep(maxRetries=10, sleepTime=1000 MILLISECONDS)
2019-09-26 17:07:02,411 [main] INFO  ipc.Client (Client.java:handleConnectionFailure(948)) - Retrying connect to server: localhost/127.0.0.1:0. Already tried 7 time(s); retry policy is RetryUpToMaximumCountWithFixedSleep(maxRetries=10, sleepTime=1000 MILLISECONDS)
2019-09-26 17:07:03,412 [main] INFO  ipc.Client (Client.java:handleConnectionFailure(948)) - Retrying connect to server: localhost/127.0.0.1:0. Already tried 8 time(s); retry policy is RetryUpToMaximumCountWithFixedSleep(maxRetries=10, sleepTime=1000 MILLISECONDS)
2019-09-26 17:07:04,413 [main] INFO  ipc.Client (Client.java:handleConnectionFailure(948)) - Retrying connect to server: localhost/127.0.0.1:0. Already tried 9 time(s); retry policy is RetryUpToMaximumCountWithFixedSleep(maxRetries=10, sleepTime=1000 MILLISECONDS)
2019-09-26 17:07:04,416 [main] INFO  retry.RetryInvocationHandler (RetryInvocationHandler.java:log(411)) - com.google.protobuf.ServiceException: java.net.ConnectException: Your endpoint configuration is wrong; For more details see:  http://wiki.apache.org/hadoop/UnsetHostnameOrPort, while invoking $Proxy35.submitRequest over nodeId=null,nodeAddress=127.0.0.1:0 after 4 failover attempts. Trying to failover immediately.
2019-09-26 17:07:05,434 [main] INFO  ipc.Client (Client.java:handleConnectionFailure(948)) - Retrying connect to server: localhost/127.0.0.1:0. Already tried 0 time(s); retry policy is RetryUpToMaximumCountWithFixedSleep(maxRetries=10, sleepTime=1000 MILLISECONDS)
2019-09-26 17:07:06,435 [main] INFO  ipc.Client (Client.java:handleConnectionFailure(948)) - Retrying connect to server: localhost/127.0.0.1:0. Already tried 1 time(s); retry policy is RetryUpToMaximumCountWithFixedSleep(maxRetries=10, sleepTime=1000 MILLISECONDS)
2019-09-26 17:07:07,436 [main] INFO  ipc.Client (Client.java:handleConnectionFailure(948)) - Retrying connect to server: localhost/127.0.0.1:0. Already tried 2 time(s); retry policy is RetryUpToMaximumCountWithFixedSleep(maxRetries=10, sleepTime=1000 MILLISECONDS)
2019-09-26 17:07:08,438 [main] INFO  ipc.Client (Client.java:handleConnectionFailure(948)) - Retrying connect to server: localhost/127.0.0.1:0. Already tried 3 time(s); retry policy is RetryUpToMaximumCountWithFixedSleep(maxRetries=10, sleepTime=1000 MILLISECONDS)
2019-09-26 17:07:09,440 [main] INFO  ipc.Client (Client.java:handleConnectionFailure(948)) - Retrying connect to server: localhost/127.0.0.1:0. Already tried 4 time(s); retry policy is RetryUpToMaximumCountWithFixedSleep(maxRetries=10, sleepTime=1000 MILLISECONDS)
2019-09-26 17:07:10,442 [main] INFO  ipc.Client (Client.java:handleConnectionFailure(948)) - Retrying connect to server: localhost/127.0.0.1:0. Already tried 5 time(s); retry policy is RetryUpToMaximumCountWithFixedSleep(maxRetries=10, sleepTime=1000 MILLISECONDS)
2019-09-26 17:07:11,443 [main] INFO  ipc.Client (Client.java:handleConnectionFailure(948)) - Retrying connect to server: localhost/127.0.0.1:0. Already tried 6 time(s); retry policy is RetryUpToMaximumCountWithFixedSleep(maxRetries=10, sleepTime=1000 MILLISECONDS)
2019-09-26 17:07:12,444 [main] INFO  ipc.Client (Client.java:handleConnectionFailure(948)) - Retrying connect to server: localhost/127.0.0.1:0. Already tried 7 time(s); retry policy is RetryUpToMaximumCountWithFixedSleep(maxRetries=10, sleepTime=1000 MILLISECONDS)
2019-09-26 17:07:13,446 [main] INFO  ipc.Client (Client.java:handleConnectionFailure(948)) - Retrying connect to server: localhost/127.0.0.1:0. Already tried 8 time(s); retry policy is RetryUpToMaximumCountWithFixedSleep(maxRetries=10, sleepTime=1000 MILLISECONDS)
2019-09-26 17:07:14,447 [main] INFO  ipc.Client (Client.java:handleConnectionFailure(948)) - Retrying connect to server: localhost/127.0.0.1:0. Already tried 9 time(s); retry policy is RetryUpToMaximumCountWithFixedSleep(maxRetries=10, sleepTime=1000 MILLISECONDS)
2019-09-26 17:07:14,449 [main] INFO  retry.RetryInvocationHandler (RetryInvocationHandler.java:log(411)) - com.google.protobuf.ServiceException: java.net.ConnectException: Your endpoint configuration is wrong; For more details see:  http://wiki.apache.org/hadoop/UnsetHostnameOrPort, while invoking $Proxy35.submitRequest over nodeId=null,nodeAddress=127.0.0.1:0 after 5 failover attempts. Trying to failover immediately.
2019-09-26 17:07:15,450 [main] INFO  ipc.Client (Client.java:handleConnectionFailure(948)) - Retrying connect to server: localhost/127.0.0.1:0. Already tried 0 time(s); retry policy is RetryUpToMaximumCountWithFixedSleep(maxRetries=10, sleepTime=1000 MILLISECONDS)
2019-09-26 17:07:16,451 [main] INFO  ipc.Client (Client.java:handleConnectionFailure(948)) - Retrying connect to server: localhost/127.0.0.1:0. Already tried 1 time(s); retry policy is RetryUpToMaximumCountWithFixedSleep(maxRetries=10, sleepTime=1000 MILLISECONDS)
2019-09-26 17:07:17,452 [main] INFO  ipc.Client (Client.java:handleConnectionFailure(948)) - Retrying connect to server: localhost/127.0.0.1:0. Already tried 2 time(s); retry policy is RetryUpToMaximumCountWithFixedSleep(maxRetries=10, sleepTime=1000 MILLISECONDS)
2019-09-26 17:07:18,454 [main] INFO  ipc.Client (Client.java:handleConnectionFailure(948)) - Retrying connect to server: localhost/127.0.0.1:0. Already tried 3 time(s); retry policy is RetryUpToMaximumCountWithFixedSleep(maxRetries=10, sleepTime=1000 MILLISECONDS)
2019-09-26 17:07:19,455 [main] INFO  ipc.Client (Client.java:handleConnectionFailure(948)) - Retrying connect to server: localhost/127.0.0.1:0. Already tried 4 time(s); retry policy is RetryUpToMaximumCountWithFixedSleep(maxRetries=10, sleepTime=1000 MILLISECONDS)
2019-09-26 17:07:20,456 [main] INFO  ipc.Client (Client.java:handleConnectionFailure(948)) - Retrying connect to server: localhost/127.0.0.1:0. Already tried 5 time(s); retry policy is RetryUpToMaximumCountWithFixedSleep(maxRetries=10, sleepTime=1000 MILLISECONDS)
2019-09-26 17:07:21,458 [main] INFO  ipc.Client (Client.java:handleConnectionFailure(948)) - Retrying connect to server: localhost/127.0.0.1:0. Already tried 6 time(s); retry policy is RetryUpToMaximumCountWithFixedSleep(maxRetries=10, sleepTime=1000 MILLISECONDS)
2019-09-26 17:07:22,459 [main] INFO  ipc.Client (Client.java:handleConnectionFailure(948)) - Retrying connect to server: localhost/127.0.0.1:0. Already tried 7 time(s); retry policy is RetryUpToMaximumCountWithFixedSleep(maxRetries=10, sleepTime=1000 MILLISECONDS)
2019-09-26 17:07:23,460 [main] INFO  ipc.Client (Client.java:handleConnectionFailure(948)) - Retrying connect to server: localhost/127.0.0.1:0. Already tried 8 time(s); retry policy is RetryUpToMaximumCountWithFixedSleep(maxRetries=10, sleepTime=1000 MILLISECONDS)
2019-09-26 17:07:24,462 [main] INFO  ipc.Client (Client.java:handleConnectionFailure(948)) - Retrying connect to server: localhost/127.0.0.1:0. Already tried 9 time(s); retry policy is RetryUpToMaximumCountWithFixedSleep(maxRetries=10, sleepTime=1000 MILLISECONDS)
2019-09-26 17:07:24,471 [main] INFO  retry.RetryInvocationHandler (RetryInvocationHandler.java:log(411)) - com.google.protobuf.ServiceException: java.net.ConnectException: Your endpoint configuration is wrong; For more details see:  http://wiki.apache.org/hadoop/UnsetHostnameOrPort, while invoking $Proxy35.submitRequest over nodeId=null,nodeAddress=127.0.0.1:0 after 6 failover attempts. Trying to failover immediately.
2019-09-26 17:07:25,475 [main] INFO  ipc.Client (Client.java:handleConnectionFailure(948)) - Retrying connect to server: localhost/127.0.0.1:0. Already tried 0 time(s); retry policy is RetryUpToMaximumCountWithFixedSleep(maxRetries=10, sleepTime=1000 MILLISECONDS)
2019-09-26 17:07:26,476 [main] INFO  ipc.Client (Client.java:handleConnectionFailure(948)) - Retrying connect to server: localhost/127.0.0.1:0. Already tried 1 time(s); retry policy is RetryUpToMaximumCountWithFixedSleep(maxRetries=10, sleepTime=1000 MILLISECONDS)
2019-09-26 17:07:27,477 [main] INFO  ipc.Client (Client.java:handleConnectionFailure(948)) - Retrying connect to server: localhost/127.0.0.1:0. Already tried 2 time(s); retry policy is RetryUpToMaximumCountWithFixedSleep(maxRetries=10, sleepTime=1000 MILLISECONDS)
2019-09-26 17:07:28,479 [main] INFO  ipc.Client (Client.java:handleConnectionFailure(948)) - Retrying connect to server: localhost/127.0.0.1:0. Already tried 3 time(s); retry policy is RetryUpToMaximumCountWithFixedSleep(maxRetries=10, sleepTime=1000 MILLISECONDS)
2019-09-26 17:07:29,480 [main] INFO  ipc.Client (Client.java:handleConnectionFailure(948)) - Retrying connect to server: localhost/127.0.0.1:0. Already tried 4 time(s); retry policy is RetryUpToMaximumCountWithFixedSleep(maxRetries=10, sleepTime=1000 MILLISECONDS)
2019-09-26 17:07:30,481 [main] INFO  ipc.Client (Client.java:handleConnectionFailure(948)) - Retrying connect to server: localhost/127.0.0.1:0. Already tried 5 time(s); retry policy is RetryUpToMaximumCountWithFixedSleep(maxRetries=10, sleepTime=1000 MILLISECONDS)
2019-09-26 17:07:31,483 [main] INFO  ipc.Client (Client.java:handleConnectionFailure(948)) - Retrying connect to server: localhost/127.0.0.1:0. Already tried 6 time(s); retry policy is RetryUpToMaximumCountWithFixedSleep(maxRetries=10, sleepTime=1000 MILLISECONDS)
2019-09-26 17:07:32,484 [main] INFO  ipc.Client (Client.java:handleConnectionFailure(948)) - Retrying connect to server: localhost/127.0.0.1:0. Already tried 7 time(s); retry policy is RetryUpToMaximumCountWithFixedSleep(maxRetries=10, sleepTime=1000 MILLISECONDS)
2019-09-26 17:07:33,485 [main] INFO  ipc.Client (Client.java:handleConnectionFailure(948)) - Retrying connect to server: localhost/127.0.0.1:0. Already tried 8 time(s); retry policy is RetryUpToMaximumCountWithFixedSleep(maxRetries=10, sleepTime=1000 MILLISECONDS)
2019-09-26 17:07:34,487 [main] INFO  ipc.Client (Client.java:handleConnectionFailure(948)) - Retrying connect to server: localhost/127.0.0.1:0. Already tried 9 time(s); retry policy is RetryUpToMaximumCountWithFixedSleep(maxRetries=10, sleepTime=1000 MILLISECONDS)
2019-09-26 17:07:34,488 [main] INFO  retry.RetryInvocationHandler (RetryInvocationHandler.java:log(411)) - com.google.protobuf.ServiceException: java.net.ConnectException: Your endpoint configuration is wrong; For more details see:  http://wiki.apache.org/hadoop/UnsetHostnameOrPort, while invoking $Proxy35.submitRequest over nodeId=null,nodeAddress=127.0.0.1:0 after 7 failover attempts. Trying to failover immediately.
2019-09-26 17:07:35,489 [main] INFO  ipc.Client (Client.java:handleConnectionFailure(948)) - Retrying connect to server: localhost/127.0.0.1:0. Already tried 0 time(s); retry policy is RetryUpToMaximumCountWithFixedSleep(maxRetries=10, sleepTime=1000 MILLISECONDS)
2019-09-26 17:07:36,491 [main] INFO  ipc.Client (Client.java:handleConnectionFailure(948)) - Retrying connect to server: localhost/127.0.0.1:0. Already tried 1 time(s); retry policy is RetryUpToMaximumCountWithFixedSleep(maxRetries=10, sleepTime=1000 MILLISECONDS)
2019-09-26 17:07:37,492 [main] INFO  ipc.Client (Client.java:handleConnectionFailure(948)) - Retrying connect to server: localhost/127.0.0.1:0. Already tried 2 time(s); retry policy is RetryUpToMaximumCountWithFixedSleep(maxRetries=10, sleepTime=1000 MILLISECONDS)
2019-09-26 17:07:38,493 [main] INFO  ipc.Client (Client.java:handleConnectionFailure(948)) - Retrying connect to server: localhost/127.0.0.1:0. Already tried 3 time(s); retry policy is RetryUpToMaximumCountWithFixedSleep(maxRetries=10, sleepTime=1000 MILLISECONDS)
2019-09-26 17:07:39,494 [main] INFO  ipc.Client (Client.java:handleConnectionFailure(948)) - Retrying connect to server: localhost/127.0.0.1:0. Already tried 4 time(s); retry policy is RetryUpToMaximumCountWithFixedSleep(maxRetries=10, sleepTime=1000 MILLISECONDS)
2019-09-26 17:07:40,496 [main] INFO  ipc.Client (Client.java:handleConnectionFailure(948)) - Retrying connect to server: localhost/127.0.0.1:0. Already tried 5 time(s); retry policy is RetryUpToMaximumCountWithFixedSleep(maxRetries=10, sleepTime=1000 MILLISECONDS)
2019-09-26 17:07:41,497 [main] INFO  ipc.Client (Client.java:handleConnectionFailure(948)) - Retrying connect to server: localhost/127.0.0.1:0. Already tried 6 time(s); retry policy is RetryUpToMaximumCountWithFixedSleep(maxRetries=10, sleepTime=1000 MILLISECONDS)
2019-09-26 17:07:42,498 [main] INFO  ipc.Client (Client.java:handleConnectionFailure(948)) - Retrying connect to server: localhost/127.0.0.1:0. Already tried 7 time(s); retry policy is RetryUpToMaximumCountWithFixedSleep(maxRetries=10, sleepTime=1000 MILLISECONDS)
2019-09-26 17:07:43,500 [main] INFO  ipc.Client (Client.java:handleConnectionFailure(948)) - Retrying connect to server: localhost/127.0.0.1:0. Already tried 8 time(s); retry policy is RetryUpToMaximumCountWithFixedSleep(maxRetries=10, sleepTime=1000 MILLISECONDS)
2019-09-26 17:07:44,501 [main] INFO  ipc.Client (Client.java:handleConnectionFailure(948)) - Retrying connect to server: localhost/127.0.0.1:0. Already tried 9 time(s); retry policy is RetryUpToMaximumCountWithFixedSleep(maxRetries=10, sleepTime=1000 MILLISECONDS)
2019-09-26 17:07:44,503 [main] INFO  retry.RetryInvocationHandler (RetryInvocationHandler.java:log(411)) - com.google.protobuf.ServiceException: java.net.ConnectException: Your endpoint configuration is wrong; For more details see:  http://wiki.apache.org/hadoop/UnsetHostnameOrPort, while invoking $Proxy35.submitRequest over nodeId=null,nodeAddress=127.0.0.1:0 after 8 failover attempts. Trying to failover immediately.
2019-09-26 17:07:45,504 [main] INFO  ipc.Client (Client.java:handleConnectionFailure(948)) - Retrying connect to server: localhost/127.0.0.1:0. Already tried 0 time(s); retry policy is RetryUpToMaximumCountWithFixedSleep(maxRetries=10, sleepTime=1000 MILLISECONDS)
2019-09-26 17:07:46,505 [main] INFO  ipc.Client (Client.java:handleConnectionFailure(948)) - Retrying connect to server: localhost/127.0.0.1:0. Already tried 1 time(s); retry policy is RetryUpToMaximumCountWithFixedSleep(maxRetries=10, sleepTime=1000 MILLISECONDS)
2019-09-26 17:07:47,507 [main] INFO  ipc.Client (Client.java:handleConnectionFailure(948)) - Retrying connect to server: localhost/127.0.0.1:0. Already tried 2 time(s); retry policy is RetryUpToMaximumCountWithFixedSleep(maxRetries=10, sleepTime=1000 MILLISECONDS)
2019-09-26 17:07:48,508 [main] INFO  ipc.Client (Client.java:handleConnectionFailure(948)) - Retrying connect to server: localhost/127.0.0.1:0. Already tried 3 time(s); retry policy is RetryUpToMaximumCountWithFixedSleep(maxRetries=10, sleepTime=1000 MILLISECONDS)
2019-09-26 17:07:49,510 [main] INFO  ipc.Client (Client.java:handleConnectionFailure(948)) - Retrying connect to server: localhost/127.0.0.1:0. Already tried 4 time(s); retry policy is RetryUpToMaximumCountWithFixedSleep(maxRetries=10, sleepTime=1000 MILLISECONDS)
2019-09-26 17:07:50,511 [main] INFO  ipc.Client (Client.java:handleConnectionFailure(948)) - Retrying connect to server: localhost/127.0.0.1:0. Already tried 5 time(s); retry policy is RetryUpToMaximumCountWithFixedSleep(maxRetries=10, sleepTime=1000 MILLISECONDS)
2019-09-26 17:07:51,512 [main] INFO  ipc.Client (Client.java:handleConnectionFailure(948)) - Retrying connect to server: localhost/127.0.0.1:0. Already tried 6 time(s); retry policy is RetryUpToMaximumCountWithFixedSleep(maxRetries=10, sleepTime=1000 MILLISECONDS)
2019-09-26 17:07:52,514 [main] INFO  ipc.Client (Client.java:handleConnectionFailure(948)) - Retrying connect to server: localhost/127.0.0.1:0. Already tried 7 time(s); retry policy is RetryUpToMaximumCountWithFixedSleep(maxRetries=10, sleepTime=1000 MILLISECONDS)
2019-09-26 17:07:53,517 [main] INFO  ipc.Client (Client.java:handleConnectionFailure(948)) - Retrying connect to server: localhost/127.0.0.1:0. Already tried 8 time(s); retry policy is RetryUpToMaximumCountWithFixedSleep(maxRetries=10, sleepTime=1000 MILLISECONDS)
2019-09-26 17:07:54,518 [main] INFO  ipc.Client (Client.java:handleConnectionFailure(948)) - Retrying connect to server: localhost/127.0.0.1:0. Already tried 9 time(s); retry policy is RetryUpToMaximumCountWithFixedSleep(maxRetries=10, sleepTime=1000 MILLISECONDS)
2019-09-26 17:07:54,520 [main] INFO  retry.RetryInvocationHandler (RetryInvocationHandler.java:log(411)) - com.google.protobuf.ServiceException: java.net.ConnectException: Your endpoint configuration is wrong; For more details see:  http://wiki.apache.org/hadoop/UnsetHostnameOrPort, while invoking $Proxy35.submitRequest over nodeId=null,nodeAddress=127.0.0.1:0 after 9 failover attempts. Trying to failover immediately.
2019-09-26 17:07:55,522 [main] INFO  ipc.Client (Client.java:handleConnectionFailure(948)) - Retrying connect to server: localhost/127.0.0.1:0. Already tried 0 time(s); retry policy is RetryUpToMaximumCountWithFixedSleep(maxRetries=10, sleepTime=1000 MILLISECONDS)
2019-09-26 17:07:56,524 [main] INFO  ipc.Client (Client.java:handleConnectionFailure(948)) - Retrying connect to server: localhost/127.0.0.1:0. Already tried 1 time(s); retry policy is RetryUpToMaximumCountWithFixedSleep(maxRetries=10, sleepTime=1000 MILLISECONDS)
2019-09-26 17:07:57,525 [main] INFO  ipc.Client (Client.java:handleConnectionFailure(948)) - Retrying connect to server: localhost/127.0.0.1:0. Already tried 2 time(s); retry policy is RetryUpToMaximumCountWithFixedSleep(maxRetries=10, sleepTime=1000 MILLISECONDS)
2019-09-26 17:07:58,526 [main] INFO  ipc.Client (Client.java:handleConnectionFailure(948)) - Retrying connect to server: localhost/127.0.0.1:0. Already tried 3 time(s); retry policy is RetryUpToMaximumCountWithFixedSleep(maxRetries=10, sleepTime=1000 MILLISECONDS)
2019-09-26 17:07:59,527 [main] INFO  ipc.Client (Client.java:handleConnectionFailure(948)) - Retrying connect to server: localhost/127.0.0.1:0. Already tried 4 time(s); retry policy is RetryUpToMaximumCountWithFixedSleep(maxRetries=10, sleepTime=1000 MILLISECONDS)
2019-09-26 17:08:00,529 [main] INFO  ipc.Client (Client.java:handleConnectionFailure(948)) - Retrying connect to server: localhost/127.0.0.1:0. Already tried 5 time(s); retry policy is RetryUpToMaximumCountWithFixedSleep(maxRetries=10, sleepTime=1000 MILLISECONDS)
2019-09-26 17:08:01,530 [main] INFO  ipc.Client (Client.java:handleConnectionFailure(948)) - Retrying connect to server: localhost/127.0.0.1:0. Already tried 6 time(s); retry policy is RetryUpToMaximumCountWithFixedSleep(maxRetries=10, sleepTime=1000 MILLISECONDS)
2019-09-26 17:08:02,531 [main] INFO  ipc.Client (Client.java:handleConnectionFailure(948)) - Retrying connect to server: localhost/127.0.0.1:0. Already tried 7 time(s); retry policy is RetryUpToMaximumCountWithFixedSleep(maxRetries=10, sleepTime=1000 MILLISECONDS)
2019-09-26 17:08:03,533 [main] INFO  ipc.Client (Client.java:handleConnectionFailure(948)) - Retrying connect to server: localhost/127.0.0.1:0. Already tried 8 time(s); retry policy is RetryUpToMaximumCountWithFixedSleep(maxRetries=10, sleepTime=1000 MILLISECONDS)
2019-09-26 17:08:04,534 [main] INFO  ipc.Client (Client.java:handleConnectionFailure(948)) - Retrying connect to server: localhost/127.0.0.1:0. Already tried 9 time(s); retry policy is RetryUpToMaximumCountWithFixedSleep(maxRetries=10, sleepTime=1000 MILLISECONDS)
2019-09-26 17:08:04,535 [main] ERROR ha.OMFailoverProxyProvider (OzoneManagerProtocolClientSideTranslatorPB.java:getRetryAction(268)) - Failed to connect to OM. Attempted 10 retries and 10 failovers
2019-09-26 17:08:04,536 [main] ERROR client.OzoneClientFactory (OzoneClientFactory.java:getClientProtocol(259)) - Couldn't create RpcClient protocol exception: 
java.net.ConnectException: Your endpoint configuration is wrong; For more details see:  http://wiki.apache.org/hadoop/UnsetHostnameOrPort
	at sun.reflect.GeneratedConstructorAccessor41.newInstance(Unknown Source)
	at sun.reflect.DelegatingConstructorAccessorImpl.newInstance(DelegatingConstructorAccessorImpl.java:45)
	at java.lang.reflect.Constructor.newInstance(Constructor.java:423)
	at org.apache.hadoop.net.NetUtils.wrapWithMessage(NetUtils.java:831)
	at org.apache.hadoop.net.NetUtils.wrapException(NetUtils.java:751)
	at org.apache.hadoop.ipc.Client.getRpcResponse(Client.java:1515)
	at org.apache.hadoop.ipc.Client.call(Client.java:1457)
	at org.apache.hadoop.ipc.Client.call(Client.java:1367)
	at org.apache.hadoop.ipc.ProtobufRpcEngine$Invoker.invoke(ProtobufRpcEngine.java:228)
	at org.apache.hadoop.ipc.ProtobufRpcEngine$Invoker.invoke(ProtobufRpcEngine.java:116)
	at com.sun.proxy.$Proxy35.submitRequest(Unknown Source)
	at sun.reflect.GeneratedMethodAccessor37.invoke(Unknown Source)
	at sun.reflect.DelegatingMethodAccessorImpl.invoke(DelegatingMethodAccessorImpl.java:43)
	at java.lang.reflect.Method.invoke(Method.java:498)
	at org.apache.hadoop.io.retry.RetryInvocationHandler.invokeMethod(RetryInvocationHandler.java:422)
	at org.apache.hadoop.io.retry.RetryInvocationHandler$Call.invokeMethod(RetryInvocationHandler.java:165)
	at org.apache.hadoop.io.retry.RetryInvocationHandler$Call.invoke(RetryInvocationHandler.java:157)
	at org.apache.hadoop.io.retry.RetryInvocationHandler$Call.invokeOnce(RetryInvocationHandler.java:95)
	at org.apache.hadoop.io.retry.RetryInvocationHandler.invoke(RetryInvocationHandler.java:359)
	at com.sun.proxy.$Proxy35.submitRequest(Unknown Source)
	at org.apache.hadoop.ozone.om.protocolPB.OzoneManagerProtocolClientSideTranslatorPB.submitRequest(OzoneManagerProtocolClientSideTranslatorPB.java:338)
	at org.apache.hadoop.ozone.om.protocolPB.OzoneManagerProtocolClientSideTranslatorPB.getServiceInfo(OzoneManagerProtocolClientSideTranslatorPB.java:1223)
	at sun.reflect.NativeMethodAccessorImpl.invoke0(Native Method)
	at sun.reflect.NativeMethodAccessorImpl.invoke(NativeMethodAccessorImpl.java:62)
	at sun.reflect.DelegatingMethodAccessorImpl.invoke(DelegatingMethodAccessorImpl.java:43)
	at java.lang.reflect.Method.invoke(Method.java:498)
	at org.apache.hadoop.hdds.tracing.TraceAllMethod.invoke(TraceAllMethod.java:66)
	at com.sun.proxy.$Proxy36.getServiceInfo(Unknown Source)
	at org.apache.hadoop.ozone.client.rpc.RpcClient.<init>(RpcClient.java:154)
	at org.apache.hadoop.ozone.client.OzoneClientFactory.getClientProtocol(OzoneClientFactory.java:256)
	at org.apache.hadoop.ozone.client.OzoneClientFactory.getClientProtocol(OzoneClientFactory.java:239)
	at org.apache.hadoop.ozone.client.OzoneClientFactory.getClient(OzoneClientFactory.java:75)
	at org.apache.hadoop.ozone.client.rpc.TestMultiBlockWritesWithDnFailures.startCluster(TestMultiBlockWritesWithDnFailures.java:96)
	at org.apache.hadoop.ozone.client.rpc.TestMultiBlockWritesWithDnFailures.testMultiBlockWritesWithDnFailures(TestMultiBlockWritesWithDnFailures.java:117)
	at sun.reflect.NativeMethodAccessorImpl.invoke0(Native Method)
	at sun.reflect.NativeMethodAccessorImpl.invoke(NativeMethodAccessorImpl.java:62)
	at sun.reflect.DelegatingMethodAccessorImpl.invoke(DelegatingMethodAccessorImpl.java:43)
	at java.lang.reflect.Method.invoke(Method.java:498)
	at org.junit.runners.model.FrameworkMethod$1.runReflectiveCall(FrameworkMethod.java:47)
	at org.junit.internal.runners.model.ReflectiveCallable.run(ReflectiveCallable.java:12)
	at org.junit.runners.model.FrameworkMethod.invokeExplosively(FrameworkMethod.java:44)
	at org.junit.internal.runners.statements.InvokeMethod.evaluate(InvokeMethod.java:17)
	at org.junit.internal.runners.statements.RunAfters.evaluate(RunAfters.java:27)
	at org.junit.runners.ParentRunner.runLeaf(ParentRunner.java:271)
	at org.junit.runners.BlockJUnit4ClassRunner.runChild(BlockJUnit4ClassRunner.java:70)
	at org.junit.runners.BlockJUnit4ClassRunner.runChild(BlockJUnit4ClassRunner.java:50)
	at org.junit.runners.ParentRunner$3.run(ParentRunner.java:238)
	at org.junit.runners.ParentRunner$1.schedule(ParentRunner.java:63)
	at org.junit.runners.ParentRunner.runChildren(ParentRunner.java:236)
	at org.junit.runners.ParentRunner.access$000(ParentRunner.java:53)
	at org.junit.runners.ParentRunner$2.evaluate(ParentRunner.java:229)
	at org.junit.runners.ParentRunner.run(ParentRunner.java:309)
	at org.apache.maven.surefire.junit4.JUnit4Provider.execute(JUnit4Provider.java:365)
	at org.apache.maven.surefire.junit4.JUnit4Provider.executeWithRerun(JUnit4Provider.java:273)
	at org.apache.maven.surefire.junit4.JUnit4Provider.executeTestSet(JUnit4Provider.java:238)
	at org.apache.maven.surefire.junit4.JUnit4Provider.invoke(JUnit4Provider.java:159)
	at org.apache.maven.surefire.booter.ForkedBooter.invokeProviderInSameClassLoader(ForkedBooter.java:384)
	at org.apache.maven.surefire.booter.ForkedBooter.runSuitesInProcess(ForkedBooter.java:345)
	at org.apache.maven.surefire.booter.ForkedBooter.execute(ForkedBooter.java:126)
	at org.apache.maven.surefire.booter.ForkedBooter.main(ForkedBooter.java:418)
Caused by: java.net.ConnectException: Connection refused
	at sun.nio.ch.SocketChannelImpl.checkConnect(Native Method)
	at sun.nio.ch.SocketChannelImpl.finishConnect(SocketChannelImpl.java:717)
	at org.apache.hadoop.net.SocketIOWithTimeout.connect(SocketIOWithTimeout.java:206)
	at org.apache.hadoop.net.NetUtils.connect(NetUtils.java:531)
	at org.apache.hadoop.ipc.Client$Connection.setupConnection(Client.java:690)
	at org.apache.hadoop.ipc.Client$Connection.setupIOstreams(Client.java:794)
	at org.apache.hadoop.ipc.Client$Connection.access$3700(Client.java:411)
	at org.apache.hadoop.ipc.Client.getConnection(Client.java:1572)
	at org.apache.hadoop.ipc.Client.call(Client.java:1403)
	... 53 more
2019-09-26 17:08:04,538 [main] INFO  ozone.MiniOzoneClusterImpl (MiniOzoneClusterImpl.java:shutdown(314)) - Shutting down the Mini Ozone Cluster
2019-09-26 17:08:04,539 [main] INFO  ozone.MiniOzoneClusterImpl (MiniOzoneClusterImpl.java:stop(330)) - Stopping the Mini Ozone Cluster
2019-09-26 17:08:04,539 [main] INFO  ozone.MiniOzoneClusterImpl (MiniOzoneClusterImpl.java:stopOM(400)) - Stopping the OzoneManager
2019-09-26 17:08:04,539 [main] INFO  ipc.Server (Server.java:stop(3082)) - Stopping server on 39538
2019-09-26 17:08:04,567 [IPC Server listener on 39538] INFO  ipc.Server (Server.java:run(1185)) - Stopping IPC Server listener on 39538
2019-09-26 17:08:04,580 [IPC Server Responder] INFO  ipc.Server (Server.java:run(1319)) - Stopping IPC Server Responder
2019-09-26 17:08:04,574 [main] INFO  ratis.OzoneManagerDoubleBuffer (OzoneManagerDoubleBuffer.java:stop(248)) - Stopping OMDoubleBuffer flush thread
2019-09-26 17:08:04,604 [OMDoubleBufferFlushThread] INFO  ratis.OzoneManagerDoubleBuffer (OzoneManagerDoubleBuffer.java:flushTransactions(191)) - OMDoubleBuffer flush thread OMDoubleBufferFlushThread is interrupted and will exit. OMDoubleBufferFlushThread
2019-09-26 17:08:04,605 [main] INFO  utils.BackgroundService (BackgroundService.java:shutdown(148)) - Shutting down service KeyDeletingService
2019-09-26 17:08:04,608 [main] INFO  handler.ContextHandler (ContextHandler.java:doStop(910)) - Stopped o.e.j.w.WebAppContext@9efcd90{/,null,UNAVAILABLE}{/ozoneManager}
2019-09-26 17:08:04,609 [main] INFO  server.AbstractConnector (AbstractConnector.java:doStop(318)) - Stopped ServerConnector@7eb200ce{HTTP/1.1,[http/1.1]}{0.0.0.0:0}
2019-09-26 17:08:04,610 [main] INFO  handler.ContextHandler (ContextHandler.java:doStop(910)) - Stopped o.e.j.s.ServletContextHandler@4548d254{/static,file:///workdir/hadoop-ozone/integration-test/target/test-classes/webapps/static,UNAVAILABLE}
2019-09-26 17:08:04,611 [main] INFO  handler.ContextHandler (ContextHandler.java:doStop(910)) - Stopped o.e.j.s.ServletContextHandler@30893e08{/logs,file:///workdir/hadoop-ozone/integration-test/target/log,UNAVAILABLE}
2019-09-26 17:08:04,614 [main] INFO  ozone.MiniOzoneClusterImpl (MiniOzoneClusterImpl.java:stopDatanodes(377)) - Stopping the HddsDatanodes
2019-09-26 17:08:05,040 [Datanode State Machine Thread - 0] INFO  statemachine.DatanodeStateMachine (DatanodeStateMachine.java:lambda$startDaemon$0(350)) - Ozone container server started.
2019-09-26 17:08:05,178 [Datanode State Machine Thread - 0] INFO  statemachine.DatanodeStateMachine (DatanodeStateMachine.java:lambda$startDaemon$0(350)) - Ozone container server started.
2019-09-26 17:08:09,616 [ForkJoinPool.commonPool-worker-0] INFO  ozoneimpl.OzoneContainer (OzoneContainer.java:stop(231)) - Attempting to stop container services.
2019-09-26 17:08:09,616 [main] INFO  ozoneimpl.OzoneContainer (OzoneContainer.java:stop(231)) - Attempting to stop container services.
2019-09-26 17:08:09,616 [ForkJoinPool.commonPool-worker-0] INFO  impl.RaftServerProxy (RaftServerProxy.java:lambda$close$4(314)) - 4322fe90-093b-40fd-a35e-ec1d1a2a11ce: close
2019-09-26 17:08:09,617 [main] INFO  impl.RaftServerProxy (RaftServerProxy.java:lambda$close$4(314)) - 921e6853-d044-4bfd-83e1-656547ff7c58: close
2019-09-26 17:08:09,617 [ForkJoinPool.commonPool-worker-0] INFO  impl.RaftServerImpl (RaftServerImpl.java:lambda$shutdown$3(251)) - 4322fe90-093b-40fd-a35e-ec1d1a2a11ce@group-7A0C27A67482: shutdown
2019-09-26 17:08:09,617 [main] INFO  impl.RaftServerImpl (RaftServerImpl.java:lambda$shutdown$3(251)) - 921e6853-d044-4bfd-83e1-656547ff7c58@group-AF1A230D53D4: shutdown
2019-09-26 17:08:09,617 [ForkJoinPool.commonPool-worker-0] INFO  util.JmxRegister (JmxRegister.java:unregister(73)) - Successfully un-registered JMX Bean with object name Ratis:service=RaftServer,group=group-7A0C27A67482,id=4322fe90-093b-40fd-a35e-ec1d1a2a11ce
2019-09-26 17:08:09,618 [main] INFO  util.JmxRegister (JmxRegister.java:unregister(73)) - Successfully un-registered JMX Bean with object name Ratis:service=RaftServer,group=group-AF1A230D53D4,id=921e6853-d044-4bfd-83e1-656547ff7c58
2019-09-26 17:08:09,618 [ForkJoinPool.commonPool-worker-0] INFO  impl.RoleInfo (RoleInfo.java:shutdownLeaderState(104)) - 4322fe90-093b-40fd-a35e-ec1d1a2a11ce: shutdown LeaderState
2019-09-26 17:08:09,618 [main] INFO  impl.RoleInfo (RoleInfo.java:shutdownFollowerState(121)) - 921e6853-d044-4bfd-83e1-656547ff7c58: shutdown FollowerState
2019-09-26 17:08:09,619 [ForkJoinPool.commonPool-worker-0] INFO  impl.PendingRequests (PendingRequests.java:sendNotLeaderResponses(202)) - 4322fe90-093b-40fd-a35e-ec1d1a2a11ce-PendingRequests: sendNotLeaderResponses
2019-09-26 17:08:09,619 [main] INFO  impl.StateMachineUpdater (StateMachineUpdater.java:stopAndJoin(125)) - 921e6853-d044-4bfd-83e1-656547ff7c58@group-AF1A230D53D4-StateMachineUpdater: set stopIndex = 0
2019-09-26 17:08:09,619 [ForkJoinPool.commonPool-worker-0] INFO  impl.StateMachineUpdater (StateMachineUpdater.java:stopAndJoin(125)) - 4322fe90-093b-40fd-a35e-ec1d1a2a11ce@group-7A0C27A67482-StateMachineUpdater: set stopIndex = 0
2019-09-26 17:08:09,619 [Thread-2232] INFO  impl.FollowerState (FollowerState.java:run(115)) - 921e6853-d044-4bfd-83e1-656547ff7c58: FollowerState was interrupted: java.lang.InterruptedException: sleep interrupted
2019-09-26 17:08:09,620 [main] INFO  impl.RaftServerImpl (ServerState.java:close(385)) - 921e6853-d044-4bfd-83e1-656547ff7c58@group-AF1A230D53D4: closes. applyIndex: 0
2019-09-26 17:08:09,620 [ForkJoinPool.commonPool-worker-0] INFO  impl.RaftServerImpl (ServerState.java:close(385)) - 4322fe90-093b-40fd-a35e-ec1d1a2a11ce@group-7A0C27A67482: closes. applyIndex: 0
2019-09-26 17:08:09,623 [921e6853-d044-4bfd-83e1-656547ff7c58@group-AF1A230D53D4-SegmentedRaftLogWorker] INFO  segmented.SegmentedRaftLogWorker (SegmentedRaftLogWorker.java:run(313)) - 921e6853-d044-4bfd-83e1-656547ff7c58@group-AF1A230D53D4-SegmentedRaftLogWorker was interrupted, exiting. There are 0 tasks remaining in the queue.
2019-09-26 17:08:09,623 [4322fe90-093b-40fd-a35e-ec1d1a2a11ce@group-7A0C27A67482-SegmentedRaftLogWorker] INFO  segmented.SegmentedRaftLogWorker (SegmentedRaftLogWorker.java:run(313)) - 4322fe90-093b-40fd-a35e-ec1d1a2a11ce@group-7A0C27A67482-SegmentedRaftLogWorker was interrupted, exiting. There are 0 tasks remaining in the queue.
2019-09-26 17:08:09,627 [ForkJoinPool.commonPool-worker-0] INFO  segmented.SegmentedRaftLogWorker (SegmentedRaftLogWorker.java:close(228)) - 4322fe90-093b-40fd-a35e-ec1d1a2a11ce@group-7A0C27A67482-SegmentedRaftLogWorker close()
2019-09-26 17:08:09,627 [main] INFO  segmented.SegmentedRaftLogWorker (SegmentedRaftLogWorker.java:close(228)) - 921e6853-d044-4bfd-83e1-656547ff7c58@group-AF1A230D53D4-SegmentedRaftLogWorker close()
2019-09-26 17:08:09,639 [ForkJoinPool.commonPool-worker-0] INFO  impl.RaftServerImpl (RaftServerImpl.java:lambda$shutdown$3(251)) - 4322fe90-093b-40fd-a35e-ec1d1a2a11ce@group-41349C40DB6F: shutdown
2019-09-26 17:08:09,642 [main] INFO  impl.RaftServerImpl (RaftServerImpl.java:lambda$shutdown$3(251)) - 921e6853-d044-4bfd-83e1-656547ff7c58@group-98C2BE9CFD51: shutdown
2019-09-26 17:08:09,642 [ForkJoinPool.commonPool-worker-0] INFO  util.JmxRegister (JmxRegister.java:unregister(73)) - Successfully un-registered JMX Bean with object name Ratis:service=RaftServer,group=group-41349C40DB6F,id=4322fe90-093b-40fd-a35e-ec1d1a2a11ce
2019-09-26 17:08:09,642 [main] INFO  util.JmxRegister (JmxRegister.java:unregister(73)) - Successfully un-registered JMX Bean with object name Ratis:service=RaftServer,group=group-98C2BE9CFD51,id=921e6853-d044-4bfd-83e1-656547ff7c58
2019-09-26 17:08:09,642 [ForkJoinPool.commonPool-worker-0] INFO  impl.RoleInfo (RoleInfo.java:shutdownLeaderState(104)) - 4322fe90-093b-40fd-a35e-ec1d1a2a11ce: shutdown LeaderState
2019-09-26 17:08:09,643 [main] INFO  impl.RoleInfo (RoleInfo.java:shutdownLeaderState(104)) - 921e6853-d044-4bfd-83e1-656547ff7c58: shutdown LeaderState
2019-09-26 17:08:09,647 [org.apache.ratis.server.impl.LogAppender$AppenderDaemon$$Lambda$399/1884970949@63226382] WARN  server.GrpcLogAppender (GrpcLogAppender.java:mayWait(143)) - 4322fe90-093b-40fd-a35e-ec1d1a2a11ce@group-41349C40DB6F->336cf6fc-6ba9-4546-827a-be5bd2181032-GrpcLogAppender: Wait interrupted by java.lang.InterruptedException
2019-09-26 17:08:09,647 [org.apache.ratis.server.impl.LogAppender$AppenderDaemon$$Lambda$399/1884970949@b80b7a6] WARN  server.GrpcLogAppender (GrpcLogAppender.java:mayWait(143)) - 4322fe90-093b-40fd-a35e-ec1d1a2a11ce@group-41349C40DB6F->9437d1e8-4abf-4f6e-893c-510a5e378f48-GrpcLogAppender: Wait interrupted by java.lang.InterruptedException
2019-09-26 17:08:09,647 [ForkJoinPool.commonPool-worker-0] INFO  impl.PendingRequests (PendingRequests.java:sendNotLeaderResponses(202)) - 4322fe90-093b-40fd-a35e-ec1d1a2a11ce-PendingRequests: sendNotLeaderResponses
2019-09-26 17:08:09,647 [main] INFO  impl.PendingRequests (PendingRequests.java:sendNotLeaderResponses(202)) - 921e6853-d044-4bfd-83e1-656547ff7c58-PendingRequests: sendNotLeaderResponses
2019-09-26 17:08:09,648 [grpc-default-executor-4] INFO  server.GrpcServerProtocolService (GrpcServerProtocolService.java:onCompleted(113)) - 336cf6fc-6ba9-4546-827a-be5bd2181032: Completed APPEND_ENTRIES, lastRequest: 4322fe90-093b-40fd-a35e-ec1d1a2a11ce->336cf6fc-6ba9-4546-827a-be5bd2181032#228-t1, previous=(t:1, i:0), leaderCommit=0, initializing? false, entries: <empty>
2019-09-26 17:08:09,648 [ForkJoinPool.commonPool-worker-0] INFO  impl.StateMachineUpdater (StateMachineUpdater.java:stopAndJoin(125)) - 4322fe90-093b-40fd-a35e-ec1d1a2a11ce@group-41349C40DB6F-StateMachineUpdater: set stopIndex = 0
2019-09-26 17:08:09,648 [main] INFO  impl.StateMachineUpdater (StateMachineUpdater.java:stopAndJoin(125)) - 921e6853-d044-4bfd-83e1-656547ff7c58@group-98C2BE9CFD51-StateMachineUpdater: set stopIndex = 0
2019-09-26 17:08:09,648 [grpc-default-executor-3] INFO  server.GrpcServerProtocolService (GrpcServerProtocolService.java:onCompleted(113)) - 9437d1e8-4abf-4f6e-893c-510a5e378f48: Completed APPEND_ENTRIES, lastRequest: 4322fe90-093b-40fd-a35e-ec1d1a2a11ce->9437d1e8-4abf-4f6e-893c-510a5e378f48#228-t1, previous=(t:1, i:0), leaderCommit=0, initializing? false, entries: <empty>
2019-09-26 17:08:09,649 [main] INFO  impl.RaftServerImpl (ServerState.java:close(385)) - 921e6853-d044-4bfd-83e1-656547ff7c58@group-98C2BE9CFD51: closes. applyIndex: 0
2019-09-26 17:08:09,649 [ForkJoinPool.commonPool-worker-0] INFO  impl.RaftServerImpl (ServerState.java:close(385)) - 4322fe90-093b-40fd-a35e-ec1d1a2a11ce@group-41349C40DB6F: closes. applyIndex: 0
2019-09-26 17:08:09,650 [921e6853-d044-4bfd-83e1-656547ff7c58@group-98C2BE9CFD51-SegmentedRaftLogWorker] INFO  segmented.SegmentedRaftLogWorker (SegmentedRaftLogWorker.java:run(313)) - 921e6853-d044-4bfd-83e1-656547ff7c58@group-98C2BE9CFD51-SegmentedRaftLogWorker was interrupted, exiting. There are 0 tasks remaining in the queue.
2019-09-26 17:08:09,650 [grpc-default-executor-4] INFO  server.GrpcLogAppender (GrpcLogAppender.java:onCompleted(293)) - 4322fe90-093b-40fd-a35e-ec1d1a2a11ce@group-41349C40DB6F->9437d1e8-4abf-4f6e-893c-510a5e378f48-AppendLogResponseHandler: follower responses appendEntries COMPLETED
2019-09-26 17:08:09,653 [main] INFO  segmented.SegmentedRaftLogWorker (SegmentedRaftLogWorker.java:close(228)) - 921e6853-d044-4bfd-83e1-656547ff7c58@group-98C2BE9CFD51-SegmentedRaftLogWorker close()
2019-09-26 17:08:09,650 [grpc-default-executor-3] INFO  server.GrpcLogAppender (GrpcLogAppender.java:onCompleted(293)) - 4322fe90-093b-40fd-a35e-ec1d1a2a11ce@group-41349C40DB6F->336cf6fc-6ba9-4546-827a-be5bd2181032-AppendLogResponseHandler: follower responses appendEntries COMPLETED
2019-09-26 17:08:09,656 [grpc-default-executor-4] INFO  impl.FollowerInfo (FollowerInfo.java:lambda$new$0(51)) - 4322fe90-093b-40fd-a35e-ec1d1a2a11ce@group-41349C40DB6F->9437d1e8-4abf-4f6e-893c-510a5e378f48: nextIndex: updateUnconditionally 1 -> 0
2019-09-26 17:08:09,656 [main] INFO  server.GrpcService (GrpcService.java:closeImpl(164)) - 921e6853-d044-4bfd-83e1-656547ff7c58: shutdown server with port 38444 now
2019-09-26 17:08:09,650 [4322fe90-093b-40fd-a35e-ec1d1a2a11ce@group-41349C40DB6F-SegmentedRaftLogWorker] INFO  segmented.SegmentedRaftLogWorker (SegmentedRaftLogWorker.java:run(313)) - 4322fe90-093b-40fd-a35e-ec1d1a2a11ce@group-41349C40DB6F-SegmentedRaftLogWorker was interrupted, exiting. There are 0 tasks remaining in the queue.
2019-09-26 17:08:09,656 [grpc-default-executor-3] INFO  impl.FollowerInfo (FollowerInfo.java:lambda$new$0(51)) - 4322fe90-093b-40fd-a35e-ec1d1a2a11ce@group-41349C40DB6F->336cf6fc-6ba9-4546-827a-be5bd2181032: nextIndex: updateUnconditionally 1 -> 0
2019-09-26 17:08:09,659 [ForkJoinPool.commonPool-worker-0] INFO  segmented.SegmentedRaftLogWorker (SegmentedRaftLogWorker.java:close(228)) - 4322fe90-093b-40fd-a35e-ec1d1a2a11ce@group-41349C40DB6F-SegmentedRaftLogWorker close()
2019-09-26 17:08:09,661 [ForkJoinPool.commonPool-worker-0] INFO  server.GrpcService (GrpcService.java:closeImpl(164)) - 4322fe90-093b-40fd-a35e-ec1d1a2a11ce: shutdown server with port 39158 now
2019-09-26 17:08:09,661 [grpc-default-executor-4] WARN  server.GrpcServerProtocolService (LogUtils.java:warn(134)) - 921e6853-d044-4bfd-83e1-656547ff7c58: installSnapshot onError, lastRequest: a1b912d9-a6d8-4f6c-b1f4-fdc5e71a64d4->921e6853-d044-4bfd-83e1-656547ff7c58#225-t3, previous=(t:3, i:0), leaderCommit=0, initializing? false, entries: <empty>: org.apache.ratis.thirdparty.io.grpc.StatusRuntimeException: CANCELLED: cancelled before receiving half close
2019-09-26 17:08:09,662 [main] INFO  server.GrpcService (GrpcService.java:closeImpl(172)) - 921e6853-d044-4bfd-83e1-656547ff7c58: shutdown server with port 38444 successfully
2019-09-26 17:08:09,664 [ForkJoinPool.commonPool-worker-0] INFO  server.GrpcService (GrpcService.java:closeImpl(172)) - 4322fe90-093b-40fd-a35e-ec1d1a2a11ce: shutdown server with port 39158 successfully
2019-09-26 17:08:09,664 [grpc-default-executor-5] WARN  server.GrpcLogAppender (LogUtils.java:warn(134)) - a1b912d9-a6d8-4f6c-b1f4-fdc5e71a64d4@group-AF1A230D53D4->921e6853-d044-4bfd-83e1-656547ff7c58-AppendLogResponseHandler: Failed appendEntries: org.apache.ratis.thirdparty.io.grpc.StatusRuntimeException: CANCELLED: HTTP/2 error code: CANCEL
Received Rst Stream
2019-09-26 17:08:09,665 [grpc-default-executor-5] INFO  impl.FollowerInfo (FollowerInfo.java:lambda$new$0(51)) - a1b912d9-a6d8-4f6c-b1f4-fdc5e71a64d4@group-AF1A230D53D4->921e6853-d044-4bfd-83e1-656547ff7c58: nextIndex: updateUnconditionally 1 -> 0
2019-09-26 17:08:09,674 [refreshUsed-/workdir/hadoop-ozone/integration-test/target/test-dir/MiniOzoneClusterImpl-079ddb4d-8ae3-4b1a-b1c9-b03dd4a7ea74/datanode-3/data/containers] WARN  fs.CachingGetSpaceUsed (CachingGetSpaceUsed.java:run(183)) - Thread Interrupted waiting to refresh disk information: sleep interrupted
2019-09-26 17:08:09,674 [refreshUsed-/workdir/hadoop-ozone/integration-test/target/test-dir/MiniOzoneClusterImpl-079ddb4d-8ae3-4b1a-b1c9-b03dd4a7ea74/datanode-1/data/containers] WARN  fs.CachingGetSpaceUsed (CachingGetSpaceUsed.java:run(183)) - Thread Interrupted waiting to refresh disk information: sleep interrupted
2019-09-26 17:08:09,697 [ForkJoinPool.commonPool-worker-0] INFO  utils.BackgroundService (BackgroundService.java:shutdown(148)) - Shutting down service BlockDeletingService
2019-09-26 17:08:09,697 [main] INFO  utils.BackgroundService (BackgroundService.java:shutdown(148)) - Shutting down service BlockDeletingService
2019-09-26 17:08:09,707 [ForkJoinPool.commonPool-worker-0] INFO  statemachine.DatanodeStateMachine (DatanodeStateMachine.java:stopDaemon(395)) - Ozone container server stopped.
2019-09-26 17:08:09,708 [main] INFO  statemachine.DatanodeStateMachine (DatanodeStateMachine.java:stopDaemon(395)) - Ozone container server stopped.
2019-09-26 17:08:09,713 [ForkJoinPool.commonPool-worker-0] INFO  handler.ContextHandler (ContextHandler.java:doStop(910)) - Stopped o.e.j.w.WebAppContext@5b20706{/,null,UNAVAILABLE}{/hddsDatanode}
2019-09-26 17:08:09,713 [main] INFO  handler.ContextHandler (ContextHandler.java:doStop(910)) - Stopped o.e.j.w.WebAppContext@6fff46bf{/,null,UNAVAILABLE}{/hddsDatanode}
2019-09-26 17:08:09,714 [ForkJoinPool.commonPool-worker-0] INFO  server.AbstractConnector (AbstractConnector.java:doStop(318)) - Stopped ServerConnector@16aed49f{HTTP/1.1,[http/1.1]}{0.0.0.0:0}
2019-09-26 17:08:09,714 [main] INFO  server.AbstractConnector (AbstractConnector.java:doStop(318)) - Stopped ServerConnector@1835dc92{HTTP/1.1,[http/1.1]}{0.0.0.0:0}
2019-09-26 17:08:09,716 [ForkJoinPool.commonPool-worker-0] INFO  handler.ContextHandler (ContextHandler.java:doStop(910)) - Stopped o.e.j.s.ServletContextHandler@56dd6efa{/static,jar:file:/home/user/.m2/repository/org/apache/hadoop/hadoop-hdds-container-service/0.5.0-SNAPSHOT/hadoop-hdds-container-service-0.5.0-SNAPSHOT.jar!/webapps/static,UNAVAILABLE}
2019-09-26 17:08:09,716 [main] INFO  handler.ContextHandler (ContextHandler.java:doStop(910)) - Stopped o.e.j.s.ServletContextHandler@7ddd84b5{/static,jar:file:/home/user/.m2/repository/org/apache/hadoop/hadoop-hdds-container-service/0.5.0-SNAPSHOT/hadoop-hdds-container-service-0.5.0-SNAPSHOT.jar!/webapps/static,UNAVAILABLE}
2019-09-26 17:08:09,717 [ForkJoinPool.commonPool-worker-0] INFO  handler.ContextHandler (ContextHandler.java:doStop(910)) - Stopped o.e.j.s.ServletContextHandler@267cde2e{/logs,file:///workdir/hadoop-ozone/integration-test/target/log,UNAVAILABLE}
2019-09-26 17:08:09,718 [main] INFO  handler.ContextHandler (ContextHandler.java:doStop(910)) - Stopped o.e.j.s.ServletContextHandler@217bf99e{/logs,file:///workdir/hadoop-ozone/integration-test/target/log,UNAVAILABLE}
2019-09-26 17:08:09,788 [grpc-default-executor-4] WARN  server.GrpcLogAppender (LogUtils.java:warn(134)) - a1b912d9-a6d8-4f6c-b1f4-fdc5e71a64d4@group-AF1A230D53D4->921e6853-d044-4bfd-83e1-656547ff7c58-AppendLogResponseHandler: Failed appendEntries: org.apache.ratis.thirdparty.io.grpc.StatusRuntimeException: UNAVAILABLE: io exception
2019-09-26 17:08:09,789 [grpc-default-executor-4] INFO  impl.FollowerInfo (FollowerInfo.java:lambda$new$0(51)) - a1b912d9-a6d8-4f6c-b1f4-fdc5e71a64d4@group-AF1A230D53D4->921e6853-d044-4bfd-83e1-656547ff7c58: nextIndex: updateUnconditionally 0 -> 0
2019-09-26 17:08:10,103 [Datanode State Machine Thread - 0] INFO  statemachine.DatanodeStateMachine (DatanodeStateMachine.java:lambda$startDaemon$0(350)) - Ozone container server started.
2019-09-26 17:08:10,615 [Datanode State Machine Thread - 0] INFO  statemachine.DatanodeStateMachine (DatanodeStateMachine.java:lambda$startDaemon$0(350)) - Ozone container server started.
2019-09-26 17:08:10,625 [grpc-default-executor-3] WARN  server.GrpcLogAppender (LogUtils.java:warn(134)) - a1b912d9-a6d8-4f6c-b1f4-fdc5e71a64d4@group-AF1A230D53D4->921e6853-d044-4bfd-83e1-656547ff7c58-AppendLogResponseHandler: Failed appendEntries: org.apache.ratis.thirdparty.io.grpc.StatusRuntimeException: UNAVAILABLE: io exception
2019-09-26 17:08:10,630 [grpc-default-executor-3] INFO  impl.FollowerInfo (FollowerInfo.java:lambda$new$0(51)) - a1b912d9-a6d8-4f6c-b1f4-fdc5e71a64d4@group-AF1A230D53D4->921e6853-d044-4bfd-83e1-656547ff7c58: nextIndex: updateUnconditionally 0 -> 0
2019-09-26 17:08:11,119 [grpc-default-executor-5] WARN  server.GrpcLogAppender (LogUtils.java:warn(134)) - a1b912d9-a6d8-4f6c-b1f4-fdc5e71a64d4@group-AF1A230D53D4->921e6853-d044-4bfd-83e1-656547ff7c58-AppendLogResponseHandler: Failed appendEntries: org.apache.ratis.thirdparty.io.grpc.StatusRuntimeException: UNAVAILABLE: io exception
2019-09-26 17:08:11,119 [grpc-default-executor-5] INFO  impl.FollowerInfo (FollowerInfo.java:lambda$new$0(51)) - a1b912d9-a6d8-4f6c-b1f4-fdc5e71a64d4@group-AF1A230D53D4->921e6853-d044-4bfd-83e1-656547ff7c58: nextIndex: updateUnconditionally 0 -> 0
2019-09-26 17:08:11,620 [grpc-default-executor-4] WARN  server.GrpcLogAppender (LogUtils.java:warn(134)) - a1b912d9-a6d8-4f6c-b1f4-fdc5e71a64d4@group-AF1A230D53D4->921e6853-d044-4bfd-83e1-656547ff7c58-AppendLogResponseHandler: Failed appendEntries: org.apache.ratis.thirdparty.io.grpc.StatusRuntimeException: UNAVAILABLE: io exception
2019-09-26 17:08:11,621 [grpc-default-executor-4] INFO  impl.FollowerInfo (FollowerInfo.java:lambda$new$0(51)) - a1b912d9-a6d8-4f6c-b1f4-fdc5e71a64d4@group-AF1A230D53D4->921e6853-d044-4bfd-83e1-656547ff7c58: nextIndex: updateUnconditionally 0 -> 0
2019-09-26 17:08:11,749 [Thread-2201] INFO  impl.FollowerState (FollowerState.java:run(106)) - 336cf6fc-6ba9-4546-827a-be5bd2181032:group-41349C40DB6F changes to CANDIDATE, lastRpcTime:2204, electionTimeout:1145ms
2019-09-26 17:08:11,749 [Thread-2201] INFO  impl.RoleInfo (RoleInfo.java:shutdownFollowerState(121)) - 336cf6fc-6ba9-4546-827a-be5bd2181032: shutdown FollowerState
2019-09-26 17:08:11,750 [Thread-2201] INFO  impl.RaftServerImpl (RaftServerImpl.java:setRole(174)) - 336cf6fc-6ba9-4546-827a-be5bd2181032@group-41349C40DB6F: changes role from  FOLLOWER to CANDIDATE at term 1 for changeToCandidate
2019-09-26 17:08:11,750 [Thread-2201] INFO  impl.RoleInfo (RoleInfo.java:updateAndGet(143)) - 336cf6fc-6ba9-4546-827a-be5bd2181032: start LeaderElection
2019-09-26 17:08:11,751 [336cf6fc-6ba9-4546-827a-be5bd2181032@group-41349C40DB6F:LeaderElection37] INFO  impl.RaftServerImpl (ServerState.java:setLeader(253)) - 336cf6fc-6ba9-4546-827a-be5bd2181032@group-41349C40DB6F: change Leader from 4322fe90-093b-40fd-a35e-ec1d1a2a11ce to null at term 1 for initElection
2019-09-26 17:08:11,765 [336cf6fc-6ba9-4546-827a-be5bd2181032@group-41349C40DB6F:LeaderElection37] INFO  impl.LeaderElection (LeaderElection.java:askForVotes(182)) - 336cf6fc-6ba9-4546-827a-be5bd2181032@group-41349C40DB6F:LeaderElection37: begin an election at term 2 for 0: [4322fe90-093b-40fd-a35e-ec1d1a2a11ce:192.168.157.234:39158, 336cf6fc-6ba9-4546-827a-be5bd2181032:192.168.157.234:38100, 9437d1e8-4abf-4f6e-893c-510a5e378f48:192.168.157.234:39788], old=null
2019-09-26 17:08:11,769 [336cf6fc-6ba9-4546-827a-be5bd2181032@group-41349C40DB6F:LeaderElection37] INFO  impl.LeaderElection (LogUtils.java:infoOrTrace(149)) - 336cf6fc-6ba9-4546-827a-be5bd2181032@group-41349C40DB6F:LeaderElection37 got exception when requesting votes: {}
java.util.concurrent.ExecutionException: org.apache.ratis.thirdparty.io.grpc.StatusRuntimeException: UNAVAILABLE: io exception
	at java.util.concurrent.FutureTask.report(FutureTask.java:122)
	at java.util.concurrent.FutureTask.get(FutureTask.java:192)
	at org.apache.ratis.server.impl.LeaderElection.waitForResults(LeaderElection.java:263)
	at org.apache.ratis.server.impl.LeaderElection.askForVotes(LeaderElection.java:201)
	at org.apache.ratis.server.impl.LeaderElection.run(LeaderElection.java:133)
	at java.lang.Thread.run(Thread.java:748)
Caused by: org.apache.ratis.thirdparty.io.grpc.StatusRuntimeException: UNAVAILABLE: io exception
	at org.apache.ratis.thirdparty.io.grpc.stub.ClientCalls.toStatusRuntimeException(ClientCalls.java:233)
	at org.apache.ratis.thirdparty.io.grpc.stub.ClientCalls.getUnchecked(ClientCalls.java:214)
	at org.apache.ratis.thirdparty.io.grpc.stub.ClientCalls.blockingUnaryCall(ClientCalls.java:139)
	at org.apache.ratis.proto.grpc.RaftServerProtocolServiceGrpc$RaftServerProtocolServiceBlockingStub.requestVote(RaftServerProtocolServiceGrpc.java:265)
	at org.apache.ratis.grpc.server.GrpcServerProtocolClient.requestVote(GrpcServerProtocolClient.java:90)
	at org.apache.ratis.grpc.server.GrpcService.requestVote(GrpcService.java:204)
	at org.apache.ratis.server.impl.LeaderElection.lambda$submitRequests$1(LeaderElection.java:238)
	at java.util.concurrent.FutureTask.run(FutureTask.java:266)
	at java.util.concurrent.Executors$RunnableAdapter.call(Executors.java:511)
	at java.util.concurrent.FutureTask.run(FutureTask.java:266)
	at java.util.concurrent.ThreadPoolExecutor.runWorker(ThreadPoolExecutor.java:1149)
	at java.util.concurrent.ThreadPoolExecutor$Worker.run(ThreadPoolExecutor.java:624)
	... 1 more
Caused by: org.apache.ratis.thirdparty.io.netty.channel.AbstractChannel$AnnotatedConnectException: Connection refused: /192.168.157.234:39158
	at sun.nio.ch.SocketChannelImpl.checkConnect(Native Method)
	at sun.nio.ch.SocketChannelImpl.finishConnect(SocketChannelImpl.java:717)
	at org.apache.ratis.thirdparty.io.netty.channel.socket.nio.NioSocketChannel.doFinishConnect(NioSocketChannel.java:327)
	at org.apache.ratis.thirdparty.io.netty.channel.nio.AbstractNioChannel$AbstractNioUnsafe.finishConnect(AbstractNioChannel.java:340)
	at org.apache.ratis.thirdparty.io.netty.channel.nio.NioEventLoop.processSelectedKey(NioEventLoop.java:632)
	at org.apache.ratis.thirdparty.io.netty.channel.nio.NioEventLoop.processSelectedKeysOptimized(NioEventLoop.java:579)
	at org.apache.ratis.thirdparty.io.netty.channel.nio.NioEventLoop.processSelectedKeys(NioEventLoop.java:496)
	at org.apache.ratis.thirdparty.io.netty.channel.nio.NioEventLoop.run(NioEventLoop.java:458)
	at org.apache.ratis.thirdparty.io.netty.util.concurrent.SingleThreadEventExecutor$5.run(SingleThreadEventExecutor.java:897)
	at org.apache.ratis.thirdparty.io.netty.util.concurrent.FastThreadLocalRunnable.run(FastThreadLocalRunnable.java:30)
	... 1 more
Caused by: java.net.ConnectException: Connection refused
	... 11 more
2019-09-26 17:08:11,772 [grpc-default-executor-4] INFO  impl.RaftServerImpl (ServerState.java:setLeader(253)) - 9437d1e8-4abf-4f6e-893c-510a5e378f48@group-41349C40DB6F: change Leader from 4322fe90-093b-40fd-a35e-ec1d1a2a11ce to null at term 2 for updateCurrentTerm
2019-09-26 17:08:11,772 [grpc-default-executor-4] INFO  impl.RaftServerImpl (RaftServerImpl.java:setRole(174)) - 9437d1e8-4abf-4f6e-893c-510a5e378f48@group-41349C40DB6F: changes role from  FOLLOWER to FOLLOWER at term 2 for recognizeCandidate:336cf6fc-6ba9-4546-827a-be5bd2181032
2019-09-26 17:08:11,773 [grpc-default-executor-4] INFO  impl.RoleInfo (RoleInfo.java:shutdownFollowerState(121)) - 9437d1e8-4abf-4f6e-893c-510a5e378f48: shutdown FollowerState
2019-09-26 17:08:11,773 [grpc-default-executor-4] INFO  impl.RoleInfo (RoleInfo.java:updateAndGet(143)) - 9437d1e8-4abf-4f6e-893c-510a5e378f48: start FollowerState
2019-09-26 17:08:11,773 [Thread-2190] INFO  impl.FollowerState (FollowerState.java:run(115)) - 9437d1e8-4abf-4f6e-893c-510a5e378f48: FollowerState was interrupted: java.lang.InterruptedException: sleep interrupted
2019-09-26 17:08:11,788 [336cf6fc-6ba9-4546-827a-be5bd2181032@group-41349C40DB6F:LeaderElection37] INFO  impl.LeaderElection (LeaderElection.java:logAndReturn(56)) - 336cf6fc-6ba9-4546-827a-be5bd2181032@group-41349C40DB6F:LeaderElection37: Election PASSED; received 1 response(s) [336cf6fc-6ba9-4546-827a-be5bd2181032<-9437d1e8-4abf-4f6e-893c-510a5e378f48#0:OK-t2] and 1 exception(s); 336cf6fc-6ba9-4546-827a-be5bd2181032@group-41349C40DB6F:t2, leader=null, voted=336cf6fc-6ba9-4546-827a-be5bd2181032, raftlog=336cf6fc-6ba9-4546-827a-be5bd2181032@group-41349C40DB6F-SegmentedRaftLog:OPENED:c0,f0,i0, conf=0: [4322fe90-093b-40fd-a35e-ec1d1a2a11ce:192.168.157.234:39158, 336cf6fc-6ba9-4546-827a-be5bd2181032:192.168.157.234:38100, 9437d1e8-4abf-4f6e-893c-510a5e378f48:192.168.157.234:39788], old=null
2019-09-26 17:08:11,789 [336cf6fc-6ba9-4546-827a-be5bd2181032@group-41349C40DB6F:LeaderElection37] INFO  impl.LeaderElection (LogUtils.java:infoOrTrace(149)) -   Exception 0: {}
java.util.concurrent.ExecutionException: org.apache.ratis.thirdparty.io.grpc.StatusRuntimeException: UNAVAILABLE: io exception
	at java.util.concurrent.FutureTask.report(FutureTask.java:122)
	at java.util.concurrent.FutureTask.get(FutureTask.java:192)
	at org.apache.ratis.server.impl.LeaderElection.waitForResults(LeaderElection.java:263)
	at org.apache.ratis.server.impl.LeaderElection.askForVotes(LeaderElection.java:201)
	at org.apache.ratis.server.impl.LeaderElection.run(LeaderElection.java:133)
	at java.lang.Thread.run(Thread.java:748)
Caused by: org.apache.ratis.thirdparty.io.grpc.StatusRuntimeException: UNAVAILABLE: io exception
	at org.apache.ratis.thirdparty.io.grpc.stub.ClientCalls.toStatusRuntimeException(ClientCalls.java:233)
	at org.apache.ratis.thirdparty.io.grpc.stub.ClientCalls.getUnchecked(ClientCalls.java:214)
	at org.apache.ratis.thirdparty.io.grpc.stub.ClientCalls.blockingUnaryCall(ClientCalls.java:139)
	at org.apache.ratis.proto.grpc.RaftServerProtocolServiceGrpc$RaftServerProtocolServiceBlockingStub.requestVote(RaftServerProtocolServiceGrpc.java:265)
	at org.apache.ratis.grpc.server.GrpcServerProtocolClient.requestVote(GrpcServerProtocolClient.java:90)
	at org.apache.ratis.grpc.server.GrpcService.requestVote(GrpcService.java:204)
	at org.apache.ratis.server.impl.LeaderElection.lambda$submitRequests$1(LeaderElection.java:238)
	at java.util.concurrent.FutureTask.run(FutureTask.java:266)
	at java.util.concurrent.Executors$RunnableAdapter.call(Executors.java:511)
	at java.util.concurrent.FutureTask.run(FutureTask.java:266)
	at java.util.concurrent.ThreadPoolExecutor.runWorker(ThreadPoolExecutor.java:1149)
	at java.util.concurrent.ThreadPoolExecutor$Worker.run(ThreadPoolExecutor.java:624)
	... 1 more
Caused by: org.apache.ratis.thirdparty.io.netty.channel.AbstractChannel$AnnotatedConnectException: Connection refused: /192.168.157.234:39158
	at sun.nio.ch.SocketChannelImpl.checkConnect(Native Method)
	at sun.nio.ch.SocketChannelImpl.finishConnect(SocketChannelImpl.java:717)
	at org.apache.ratis.thirdparty.io.netty.channel.socket.nio.NioSocketChannel.doFinishConnect(NioSocketChannel.java:327)
	at org.apache.ratis.thirdparty.io.netty.channel.nio.AbstractNioChannel$AbstractNioUnsafe.finishConnect(AbstractNioChannel.java:340)
	at org.apache.ratis.thirdparty.io.netty.channel.nio.NioEventLoop.processSelectedKey(NioEventLoop.java:632)
	at org.apache.ratis.thirdparty.io.netty.channel.nio.NioEventLoop.processSelectedKeysOptimized(NioEventLoop.java:579)
	at org.apache.ratis.thirdparty.io.netty.channel.nio.NioEventLoop.processSelectedKeys(NioEventLoop.java:496)
	at org.apache.ratis.thirdparty.io.netty.channel.nio.NioEventLoop.run(NioEventLoop.java:458)
	at org.apache.ratis.thirdparty.io.netty.util.concurrent.SingleThreadEventExecutor$5.run(SingleThreadEventExecutor.java:897)
	at org.apache.ratis.thirdparty.io.netty.util.concurrent.FastThreadLocalRunnable.run(FastThreadLocalRunnable.java:30)
	... 1 more
Caused by: java.net.ConnectException: Connection refused
	... 11 more
2019-09-26 17:08:11,789 [336cf6fc-6ba9-4546-827a-be5bd2181032@group-41349C40DB6F:LeaderElection37] INFO  impl.RoleInfo (RoleInfo.java:shutdownLeaderElection(134)) - 336cf6fc-6ba9-4546-827a-be5bd2181032: shutdown LeaderElection
2019-09-26 17:08:11,789 [336cf6fc-6ba9-4546-827a-be5bd2181032@group-41349C40DB6F:LeaderElection37] INFO  impl.RaftServerImpl (RaftServerImpl.java:setRole(174)) - 336cf6fc-6ba9-4546-827a-be5bd2181032@group-41349C40DB6F: changes role from CANDIDATE to LEADER at term 2 for changeToLeader
2019-09-26 17:08:11,789 [336cf6fc-6ba9-4546-827a-be5bd2181032@group-41349C40DB6F:LeaderElection37] INFO  impl.RaftServerImpl (ServerState.java:setLeader(253)) - 336cf6fc-6ba9-4546-827a-be5bd2181032@group-41349C40DB6F: change Leader from null to 336cf6fc-6ba9-4546-827a-be5bd2181032 at term 2 for becomeLeader, leader elected after 38ms
2019-09-26 17:08:11,789 [336cf6fc-6ba9-4546-827a-be5bd2181032@group-41349C40DB6F:LeaderElection37] INFO  server.RaftServerConfigKeys (ConfUtils.java:logGet(43)) - raft.server.staging.catchup.gap = 1000 (default)
2019-09-26 17:08:11,790 [336cf6fc-6ba9-4546-827a-be5bd2181032@group-41349C40DB6F:LeaderElection37] INFO  server.RaftServerConfigKeys (ConfUtils.java:logGet(43)) - raft.server.rpc.sleep.time = 25ms (default)
2019-09-26 17:08:11,790 [336cf6fc-6ba9-4546-827a-be5bd2181032@group-41349C40DB6F:LeaderElection37] INFO  server.RaftServerConfigKeys (ConfUtils.java:logGet(43)) - raft.server.write.element-limit = 4096 (default)
2019-09-26 17:08:11,790 [336cf6fc-6ba9-4546-827a-be5bd2181032@group-41349C40DB6F:LeaderElection37] INFO  server.RaftServerConfigKeys (ConfUtils.java:logGet(43)) - raft.server.watch.timeout = 10s (default)
2019-09-26 17:08:11,790 [336cf6fc-6ba9-4546-827a-be5bd2181032@group-41349C40DB6F:LeaderElection37] INFO  server.RaftServerConfigKeys (ConfUtils.java:logGet(43)) - raft.server.watch.timeout.denomination = 1s (default)
2019-09-26 17:08:11,790 [336cf6fc-6ba9-4546-827a-be5bd2181032@group-41349C40DB6F:LeaderElection37] INFO  server.RaftServerConfigKeys (ConfUtils.java:logGet(43)) - raft.server.watch.element-limit = 65536 (default)
2019-09-26 17:08:11,794 [336cf6fc-6ba9-4546-827a-be5bd2181032@group-41349C40DB6F:LeaderElection37] INFO  server.RaftServerConfigKeys (ConfUtils.java:logGet(43)) - raft.server.log.appender.snapshot.chunk.size.max = 16MB (=16777216) (default)
2019-09-26 17:08:11,795 [336cf6fc-6ba9-4546-827a-be5bd2181032@group-41349C40DB6F:LeaderElection37] INFO  server.RaftServerConfigKeys (ConfUtils.java:logGet(43)) - raft.server.log.appender.buffer.byte-limit = 33554432 (custom)
2019-09-26 17:08:11,795 [336cf6fc-6ba9-4546-827a-be5bd2181032@group-41349C40DB6F:LeaderElection37] INFO  server.RaftServerConfigKeys (ConfUtils.java:logGet(43)) - raft.server.log.appender.buffer.element-limit = 1 (custom)
2019-09-26 17:08:11,795 [336cf6fc-6ba9-4546-827a-be5bd2181032@group-41349C40DB6F:LeaderElection37] INFO  grpc.GrpcConfigKeys$Server (ConfUtils.java:logGet(43)) - raft.grpc.server.leader.outstanding.appends.max = 128 (default)
2019-09-26 17:08:11,796 [336cf6fc-6ba9-4546-827a-be5bd2181032@group-41349C40DB6F:LeaderElection37] INFO  server.RaftServerConfigKeys (ConfUtils.java:logGet(43)) - raft.server.rpc.request.timeout = 3000ms (default)
2019-09-26 17:08:11,796 [336cf6fc-6ba9-4546-827a-be5bd2181032@group-41349C40DB6F:LeaderElection37] INFO  server.RaftServerConfigKeys (ConfUtils.java:logGet(43)) - raft.server.log.appender.install.snapshot.enabled = false (custom)
2019-09-26 17:08:11,796 [336cf6fc-6ba9-4546-827a-be5bd2181032@group-41349C40DB6F:LeaderElection37] INFO  server.RaftServerConfigKeys (ConfUtils.java:logGet(43)) - raft.server.log.appender.snapshot.chunk.size.max = 16MB (=16777216) (default)
2019-09-26 17:08:11,797 [336cf6fc-6ba9-4546-827a-be5bd2181032@group-41349C40DB6F:LeaderElection37] INFO  server.RaftServerConfigKeys (ConfUtils.java:logGet(43)) - raft.server.log.appender.buffer.byte-limit = 33554432 (custom)
2019-09-26 17:08:11,797 [336cf6fc-6ba9-4546-827a-be5bd2181032@group-41349C40DB6F:LeaderElection37] INFO  server.RaftServerConfigKeys (ConfUtils.java:logGet(43)) - raft.server.log.appender.buffer.element-limit = 1 (custom)
2019-09-26 17:08:11,797 [336cf6fc-6ba9-4546-827a-be5bd2181032@group-41349C40DB6F:LeaderElection37] INFO  grpc.GrpcConfigKeys$Server (ConfUtils.java:logGet(43)) - raft.grpc.server.leader.outstanding.appends.max = 128 (default)
2019-09-26 17:08:11,798 [336cf6fc-6ba9-4546-827a-be5bd2181032@group-41349C40DB6F:LeaderElection37] INFO  server.RaftServerConfigKeys (ConfUtils.java:logGet(43)) - raft.server.rpc.request.timeout = 3000ms (default)
2019-09-26 17:08:11,798 [336cf6fc-6ba9-4546-827a-be5bd2181032@group-41349C40DB6F:LeaderElection37] INFO  server.RaftServerConfigKeys (ConfUtils.java:logGet(43)) - raft.server.log.appender.install.snapshot.enabled = false (custom)
2019-09-26 17:08:11,798 [336cf6fc-6ba9-4546-827a-be5bd2181032@group-41349C40DB6F:LeaderElection37] INFO  impl.RoleInfo (RoleInfo.java:updateAndGet(143)) - 336cf6fc-6ba9-4546-827a-be5bd2181032: start LeaderState
2019-09-26 17:08:11,799 [336cf6fc-6ba9-4546-827a-be5bd2181032@group-41349C40DB6F:LeaderElection37] INFO  segmented.SegmentedRaftLogWorker (SegmentedRaftLogWorker.java:rollLogSegment(385)) - 336cf6fc-6ba9-4546-827a-be5bd2181032@group-41349C40DB6F-SegmentedRaftLogWorker: Rolling segment log-0_0 to index:0
2019-09-26 17:08:11,800 [336cf6fc-6ba9-4546-827a-be5bd2181032@group-41349C40DB6F-SegmentedRaftLogWorker] INFO  segmented.SegmentedRaftLogWorker (SegmentedRaftLogWorker.java:execute(526)) - 336cf6fc-6ba9-4546-827a-be5bd2181032@group-41349C40DB6F-SegmentedRaftLogWorker: Rolled log segment from /workdir/hadoop-ozone/integration-test/target/test-dir/MiniOzoneClusterImpl-079ddb4d-8ae3-4b1a-b1c9-b03dd4a7ea74/datanode-0/data/ratis/58563336-d927-4065-9806-41349c40db6f/current/log_inprogress_0 to /workdir/hadoop-ozone/integration-test/target/test-dir/MiniOzoneClusterImpl-079ddb4d-8ae3-4b1a-b1c9-b03dd4a7ea74/datanode-0/data/ratis/58563336-d927-4065-9806-41349c40db6f/current/log_0-0
2019-09-26 17:08:11,803 [336cf6fc-6ba9-4546-827a-be5bd2181032@group-41349C40DB6F:LeaderElection37] INFO  impl.RaftServerImpl (ServerState.java:setRaftConf(354)) - 336cf6fc-6ba9-4546-827a-be5bd2181032@group-41349C40DB6F: set configuration 1: [4322fe90-093b-40fd-a35e-ec1d1a2a11ce:192.168.157.234:39158, 336cf6fc-6ba9-4546-827a-be5bd2181032:192.168.157.234:38100, 9437d1e8-4abf-4f6e-893c-510a5e378f48:192.168.157.234:39788], old=null at 1
2019-09-26 17:08:11,803 [grpc-default-executor-4] WARN  server.GrpcLogAppender (LogUtils.java:warn(134)) - 336cf6fc-6ba9-4546-827a-be5bd2181032@group-41349C40DB6F->4322fe90-093b-40fd-a35e-ec1d1a2a11ce-AppendLogResponseHandler: Failed appendEntries: org.apache.ratis.thirdparty.io.grpc.StatusRuntimeException: UNAVAILABLE: io exception
2019-09-26 17:08:11,845 [grpc-default-executor-4] INFO  impl.FollowerInfo (FollowerInfo.java:lambda$new$0(51)) - 336cf6fc-6ba9-4546-827a-be5bd2181032@group-41349C40DB6F->4322fe90-093b-40fd-a35e-ec1d1a2a11ce: nextIndex: updateUnconditionally 1 -> 0
2019-09-26 17:08:11,846 [grpc-default-executor-5] INFO  impl.RaftServerImpl (ServerState.java:setLeader(253)) - 9437d1e8-4abf-4f6e-893c-510a5e378f48@group-41349C40DB6F: change Leader from null to 336cf6fc-6ba9-4546-827a-be5bd2181032 at term 2 for appendEntries, leader elected after 74ms
2019-09-26 17:08:11,849 [grpc-default-executor-5] INFO  impl.RaftServerImpl (ServerState.java:setRaftConf(354)) - 9437d1e8-4abf-4f6e-893c-510a5e378f48@group-41349C40DB6F: set configuration 1: [4322fe90-093b-40fd-a35e-ec1d1a2a11ce:192.168.157.234:39158, 336cf6fc-6ba9-4546-827a-be5bd2181032:192.168.157.234:38100, 9437d1e8-4abf-4f6e-893c-510a5e378f48:192.168.157.234:39788], old=null at 1
2019-09-26 17:08:11,850 [grpc-default-executor-5] INFO  segmented.SegmentedRaftLogWorker (SegmentedRaftLogWorker.java:rollLogSegment(385)) - 9437d1e8-4abf-4f6e-893c-510a5e378f48@group-41349C40DB6F-SegmentedRaftLogWorker: Rolling segment log-0_0 to index:0
2019-09-26 17:08:11,851 [9437d1e8-4abf-4f6e-893c-510a5e378f48@group-41349C40DB6F-SegmentedRaftLogWorker] INFO  segmented.SegmentedRaftLogWorker (SegmentedRaftLogWorker.java:execute(526)) - 9437d1e8-4abf-4f6e-893c-510a5e378f48@group-41349C40DB6F-SegmentedRaftLogWorker: Rolled log segment from /workdir/hadoop-ozone/integration-test/target/test-dir/MiniOzoneClusterImpl-079ddb4d-8ae3-4b1a-b1c9-b03dd4a7ea74/datanode-2/data/ratis/58563336-d927-4065-9806-41349c40db6f/current/log_inprogress_0 to /workdir/hadoop-ozone/integration-test/target/test-dir/MiniOzoneClusterImpl-079ddb4d-8ae3-4b1a-b1c9-b03dd4a7ea74/datanode-2/data/ratis/58563336-d927-4065-9806-41349c40db6f/current/log_0-0
2019-09-26 17:08:11,855 [336cf6fc-6ba9-4546-827a-be5bd2181032@group-41349C40DB6F-SegmentedRaftLogWorker] INFO  segmented.SegmentedRaftLogWorker (SegmentedRaftLogWorker.java:execute(569)) - 336cf6fc-6ba9-4546-827a-be5bd2181032@group-41349C40DB6F-SegmentedRaftLogWorker: created new log segment /workdir/hadoop-ozone/integration-test/target/test-dir/MiniOzoneClusterImpl-079ddb4d-8ae3-4b1a-b1c9-b03dd4a7ea74/datanode-0/data/ratis/58563336-d927-4065-9806-41349c40db6f/current/log_inprogress_1
2019-09-26 17:08:11,896 [9437d1e8-4abf-4f6e-893c-510a5e378f48@group-41349C40DB6F-SegmentedRaftLogWorker] INFO  segmented.SegmentedRaftLogWorker (SegmentedRaftLogWorker.java:execute(569)) - 9437d1e8-4abf-4f6e-893c-510a5e378f48@group-41349C40DB6F-SegmentedRaftLogWorker: created new log segment /workdir/hadoop-ozone/integration-test/target/test-dir/MiniOzoneClusterImpl-079ddb4d-8ae3-4b1a-b1c9-b03dd4a7ea74/datanode-2/data/ratis/58563336-d927-4065-9806-41349c40db6f/current/log_inprogress_1
2019-09-26 17:08:11,913 [grpc-default-executor-4] WARN  server.GrpcLogAppender (LogUtils.java:warn(134)) - 336cf6fc-6ba9-4546-827a-be5bd2181032@group-41349C40DB6F->4322fe90-093b-40fd-a35e-ec1d1a2a11ce-AppendLogResponseHandler: Failed appendEntries: org.apache.ratis.thirdparty.io.grpc.StatusRuntimeException: UNAVAILABLE: io exception
2019-09-26 17:08:11,913 [grpc-default-executor-4] INFO  impl.FollowerInfo (FollowerInfo.java:lambda$new$0(51)) - 336cf6fc-6ba9-4546-827a-be5bd2181032@group-41349C40DB6F->4322fe90-093b-40fd-a35e-ec1d1a2a11ce: nextIndex: updateUnconditionally 1 -> 0
2019-09-26 17:08:11,916 [grpc-default-executor-3] WARN  server.GrpcLogAppender (LogUtils.java:warn(134)) - 336cf6fc-6ba9-4546-827a-be5bd2181032@group-41349C40DB6F->4322fe90-093b-40fd-a35e-ec1d1a2a11ce-AppendLogResponseHandler: Failed appendEntries: org.apache.ratis.thirdparty.io.grpc.StatusRuntimeException: UNAVAILABLE: io exception
2019-09-26 17:08:11,916 [grpc-default-executor-3] INFO  impl.FollowerInfo (FollowerInfo.java:lambda$new$0(51)) - 336cf6fc-6ba9-4546-827a-be5bd2181032@group-41349C40DB6F->4322fe90-093b-40fd-a35e-ec1d1a2a11ce: nextIndex: updateUnconditionally 1 -> 0
2019-09-26 17:08:12,120 [grpc-default-executor-3] WARN  server.GrpcLogAppender (LogUtils.java:warn(134)) - a1b912d9-a6d8-4f6c-b1f4-fdc5e71a64d4@group-AF1A230D53D4->921e6853-d044-4bfd-83e1-656547ff7c58-AppendLogResponseHandler: Failed appendEntries: org.apache.ratis.thirdparty.io.grpc.StatusRuntimeException: UNAVAILABLE: io exception
2019-09-26 17:08:12,121 [grpc-default-executor-3] INFO  impl.FollowerInfo (FollowerInfo.java:lambda$new$0(51)) - a1b912d9-a6d8-4f6c-b1f4-fdc5e71a64d4@group-AF1A230D53D4->921e6853-d044-4bfd-83e1-656547ff7c58: nextIndex: updateUnconditionally 0 -> 0
2019-09-26 17:08:12,416 [grpc-default-executor-4] WARN  server.GrpcLogAppender (LogUtils.java:warn(134)) - 336cf6fc-6ba9-4546-827a-be5bd2181032@group-41349C40DB6F->4322fe90-093b-40fd-a35e-ec1d1a2a11ce-AppendLogResponseHandler: Failed appendEntries: org.apache.ratis.thirdparty.io.grpc.StatusRuntimeException: UNAVAILABLE: io exception
2019-09-26 17:08:12,417 [grpc-default-executor-4] INFO  impl.FollowerInfo (FollowerInfo.java:lambda$new$0(51)) - 336cf6fc-6ba9-4546-827a-be5bd2181032@group-41349C40DB6F->4322fe90-093b-40fd-a35e-ec1d1a2a11ce: nextIndex: updateUnconditionally 0 -> 0
2019-09-26 17:08:12,622 [grpc-default-executor-3] WARN  server.GrpcLogAppender (LogUtils.java:warn(134)) - a1b912d9-a6d8-4f6c-b1f4-fdc5e71a64d4@group-AF1A230D53D4->921e6853-d044-4bfd-83e1-656547ff7c58-AppendLogResponseHandler: Failed appendEntries: org.apache.ratis.thirdparty.io.grpc.StatusRuntimeException: UNAVAILABLE: io exception
2019-09-26 17:08:12,623 [grpc-default-executor-3] INFO  impl.FollowerInfo (FollowerInfo.java:lambda$new$0(51)) - a1b912d9-a6d8-4f6c-b1f4-fdc5e71a64d4@group-AF1A230D53D4->921e6853-d044-4bfd-83e1-656547ff7c58: nextIndex: updateUnconditionally 0 -> 0
2019-09-26 17:08:12,918 [grpc-default-executor-5] WARN  server.GrpcLogAppender (LogUtils.java:warn(134)) - 336cf6fc-6ba9-4546-827a-be5bd2181032@group-41349C40DB6F->4322fe90-093b-40fd-a35e-ec1d1a2a11ce-AppendLogResponseHandler: Failed appendEntries: org.apache.ratis.thirdparty.io.grpc.StatusRuntimeException: UNAVAILABLE: io exception
2019-09-26 17:08:12,919 [grpc-default-executor-5] INFO  impl.FollowerInfo (FollowerInfo.java:lambda$new$0(51)) - 336cf6fc-6ba9-4546-827a-be5bd2181032@group-41349C40DB6F->4322fe90-093b-40fd-a35e-ec1d1a2a11ce: nextIndex: updateUnconditionally 0 -> 0
2019-09-26 17:08:13,122 [grpc-default-executor-4] WARN  server.GrpcLogAppender (LogUtils.java:warn(134)) - a1b912d9-a6d8-4f6c-b1f4-fdc5e71a64d4@group-AF1A230D53D4->921e6853-d044-4bfd-83e1-656547ff7c58-AppendLogResponseHandler: Failed appendEntries: org.apache.ratis.thirdparty.io.grpc.StatusRuntimeException: UNAVAILABLE: io exception
2019-09-26 17:08:13,123 [grpc-default-executor-4] INFO  impl.FollowerInfo (FollowerInfo.java:lambda$new$0(51)) - a1b912d9-a6d8-4f6c-b1f4-fdc5e71a64d4@group-AF1A230D53D4->921e6853-d044-4bfd-83e1-656547ff7c58: nextIndex: updateUnconditionally 0 -> 0
2019-09-26 17:08:13,418 [grpc-default-executor-4] WARN  server.GrpcLogAppender (LogUtils.java:warn(134)) - 336cf6fc-6ba9-4546-827a-be5bd2181032@group-41349C40DB6F->4322fe90-093b-40fd-a35e-ec1d1a2a11ce-AppendLogResponseHandler: Failed appendEntries: org.apache.ratis.thirdparty.io.grpc.StatusRuntimeException: UNAVAILABLE: io exception
2019-09-26 17:08:13,419 [grpc-default-executor-4] INFO  impl.FollowerInfo (FollowerInfo.java:lambda$new$0(51)) - 336cf6fc-6ba9-4546-827a-be5bd2181032@group-41349C40DB6F->4322fe90-093b-40fd-a35e-ec1d1a2a11ce: nextIndex: updateUnconditionally 0 -> 0
2019-09-26 17:08:13,623 [grpc-default-executor-5] WARN  server.GrpcLogAppender (LogUtils.java:warn(134)) - a1b912d9-a6d8-4f6c-b1f4-fdc5e71a64d4@group-AF1A230D53D4->921e6853-d044-4bfd-83e1-656547ff7c58-AppendLogResponseHandler: Failed appendEntries: org.apache.ratis.thirdparty.io.grpc.StatusRuntimeException: UNAVAILABLE: io exception
2019-09-26 17:08:13,624 [grpc-default-executor-5] INFO  impl.FollowerInfo (FollowerInfo.java:lambda$new$0(51)) - a1b912d9-a6d8-4f6c-b1f4-fdc5e71a64d4@group-AF1A230D53D4->921e6853-d044-4bfd-83e1-656547ff7c58: nextIndex: updateUnconditionally 0 -> 0
2019-09-26 17:08:13,920 [grpc-default-executor-3] WARN  server.GrpcLogAppender (LogUtils.java:warn(134)) - 336cf6fc-6ba9-4546-827a-be5bd2181032@group-41349C40DB6F->4322fe90-093b-40fd-a35e-ec1d1a2a11ce-AppendLogResponseHandler: Failed appendEntries: org.apache.ratis.thirdparty.io.grpc.StatusRuntimeException: UNAVAILABLE: io exception
2019-09-26 17:08:13,921 [grpc-default-executor-3] INFO  impl.FollowerInfo (FollowerInfo.java:lambda$new$0(51)) - 336cf6fc-6ba9-4546-827a-be5bd2181032@group-41349C40DB6F->4322fe90-093b-40fd-a35e-ec1d1a2a11ce: nextIndex: updateUnconditionally 0 -> 0
2019-09-26 17:08:14,123 [grpc-default-executor-4] WARN  server.GrpcLogAppender (LogUtils.java:warn(134)) - a1b912d9-a6d8-4f6c-b1f4-fdc5e71a64d4@group-AF1A230D53D4->921e6853-d044-4bfd-83e1-656547ff7c58-AppendLogResponseHandler: Failed appendEntries: org.apache.ratis.thirdparty.io.grpc.StatusRuntimeException: UNAVAILABLE: io exception
2019-09-26 17:08:14,124 [grpc-default-executor-4] INFO  impl.FollowerInfo (FollowerInfo.java:lambda$new$0(51)) - a1b912d9-a6d8-4f6c-b1f4-fdc5e71a64d4@group-AF1A230D53D4->921e6853-d044-4bfd-83e1-656547ff7c58: nextIndex: updateUnconditionally 0 -> 0
2019-09-26 17:08:14,420 [grpc-default-executor-5] WARN  server.GrpcLogAppender (LogUtils.java:warn(134)) - 336cf6fc-6ba9-4546-827a-be5bd2181032@group-41349C40DB6F->4322fe90-093b-40fd-a35e-ec1d1a2a11ce-AppendLogResponseHandler: Failed appendEntries: org.apache.ratis.thirdparty.io.grpc.StatusRuntimeException: UNAVAILABLE: io exception
2019-09-26 17:08:14,420 [grpc-default-executor-5] INFO  impl.FollowerInfo (FollowerInfo.java:lambda$new$0(51)) - 336cf6fc-6ba9-4546-827a-be5bd2181032@group-41349C40DB6F->4322fe90-093b-40fd-a35e-ec1d1a2a11ce: nextIndex: updateUnconditionally 0 -> 0
2019-09-26 17:08:14,625 [grpc-default-executor-3] WARN  server.GrpcLogAppender (LogUtils.java:warn(134)) - a1b912d9-a6d8-4f6c-b1f4-fdc5e71a64d4@group-AF1A230D53D4->921e6853-d044-4bfd-83e1-656547ff7c58-AppendLogResponseHandler: Failed appendEntries: org.apache.ratis.thirdparty.io.grpc.StatusRuntimeException: UNAVAILABLE: io exception
2019-09-26 17:08:14,625 [grpc-default-executor-3] INFO  impl.FollowerInfo (FollowerInfo.java:lambda$new$0(51)) - a1b912d9-a6d8-4f6c-b1f4-fdc5e71a64d4@group-AF1A230D53D4->921e6853-d044-4bfd-83e1-656547ff7c58: nextIndex: updateUnconditionally 0 -> 0
2019-09-26 17:08:14,721 [ForkJoinPool.commonPool-worker-0] INFO  ozoneimpl.OzoneContainer (OzoneContainer.java:stop(231)) - Attempting to stop container services.
2019-09-26 17:08:14,721 [main] INFO  ozoneimpl.OzoneContainer (OzoneContainer.java:stop(231)) - Attempting to stop container services.
2019-09-26 17:08:14,721 [ForkJoinPool.commonPool-worker-0] INFO  impl.RaftServerProxy (RaftServerProxy.java:lambda$close$4(314)) - 9437d1e8-4abf-4f6e-893c-510a5e378f48: close
2019-09-26 17:08:14,722 [main] INFO  impl.RaftServerProxy (RaftServerProxy.java:lambda$close$4(314)) - a1b912d9-a6d8-4f6c-b1f4-fdc5e71a64d4: close
2019-09-26 17:08:14,722 [ForkJoinPool.commonPool-worker-0] INFO  impl.RaftServerImpl (RaftServerImpl.java:lambda$shutdown$3(251)) - 9437d1e8-4abf-4f6e-893c-510a5e378f48@group-57BFCC75E169: shutdown
2019-09-26 17:08:14,722 [main] INFO  impl.RaftServerImpl (RaftServerImpl.java:lambda$shutdown$3(251)) - a1b912d9-a6d8-4f6c-b1f4-fdc5e71a64d4@group-AF1A230D53D4: shutdown
2019-09-26 17:08:14,722 [ForkJoinPool.commonPool-worker-0] INFO  util.JmxRegister (JmxRegister.java:unregister(73)) - Successfully un-registered JMX Bean with object name Ratis:service=RaftServer,group=group-57BFCC75E169,id=9437d1e8-4abf-4f6e-893c-510a5e378f48
2019-09-26 17:08:14,723 [main] INFO  util.JmxRegister (JmxRegister.java:unregister(73)) - Successfully un-registered JMX Bean with object name Ratis:service=RaftServer,group=group-AF1A230D53D4,id=a1b912d9-a6d8-4f6c-b1f4-fdc5e71a64d4
2019-09-26 17:08:14,723 [ForkJoinPool.commonPool-worker-0] INFO  impl.RoleInfo (RoleInfo.java:shutdownLeaderState(104)) - 9437d1e8-4abf-4f6e-893c-510a5e378f48: shutdown LeaderState
2019-09-26 17:08:14,724 [main] INFO  impl.RoleInfo (RoleInfo.java:shutdownLeaderState(104)) - a1b912d9-a6d8-4f6c-b1f4-fdc5e71a64d4: shutdown LeaderState
2019-09-26 17:08:14,724 [ForkJoinPool.commonPool-worker-0] INFO  impl.PendingRequests (PendingRequests.java:sendNotLeaderResponses(202)) - 9437d1e8-4abf-4f6e-893c-510a5e378f48-PendingRequests: sendNotLeaderResponses
2019-09-26 17:08:14,729 [org.apache.ratis.server.impl.LogAppender$AppenderDaemon$$Lambda$399/1884970949@c80b419] WARN  server.GrpcLogAppender (GrpcLogAppender.java:mayWait(143)) - a1b912d9-a6d8-4f6c-b1f4-fdc5e71a64d4@group-AF1A230D53D4->741be72a-0e65-423d-848a-4c129baf2ff1-GrpcLogAppender: Wait interrupted by java.lang.InterruptedException
2019-09-26 17:08:14,729 [org.apache.ratis.server.impl.LogAppender$AppenderDaemon$$Lambda$399/1884970949@1d2a3e14] WARN  server.GrpcLogAppender (GrpcLogAppender.java:mayWait(143)) - a1b912d9-a6d8-4f6c-b1f4-fdc5e71a64d4@group-AF1A230D53D4->921e6853-d044-4bfd-83e1-656547ff7c58-GrpcLogAppender: Wait interrupted by java.lang.InterruptedException
2019-09-26 17:08:14,729 [main] INFO  impl.PendingRequests (PendingRequests.java:sendNotLeaderResponses(202)) - a1b912d9-a6d8-4f6c-b1f4-fdc5e71a64d4-PendingRequests: sendNotLeaderResponses
2019-09-26 17:08:14,730 [grpc-default-executor-3] INFO  server.GrpcServerProtocolService (GrpcServerProtocolService.java:onCompleted(113)) - 741be72a-0e65-423d-848a-4c129baf2ff1: Completed APPEND_ENTRIES, lastRequest: a1b912d9-a6d8-4f6c-b1f4-fdc5e71a64d4->741be72a-0e65-423d-848a-4c129baf2ff1#235-t3, previous=(t:3, i:0), leaderCommit=0, initializing? false, entries: <empty>
2019-09-26 17:08:14,729 [ForkJoinPool.commonPool-worker-0] INFO  impl.StateMachineUpdater (StateMachineUpdater.java:stopAndJoin(125)) - 9437d1e8-4abf-4f6e-893c-510a5e378f48@group-57BFCC75E169-StateMachineUpdater: set stopIndex = 0
2019-09-26 17:08:14,730 [main] INFO  impl.StateMachineUpdater (StateMachineUpdater.java:stopAndJoin(125)) - a1b912d9-a6d8-4f6c-b1f4-fdc5e71a64d4@group-AF1A230D53D4-StateMachineUpdater: set stopIndex = 0
2019-09-26 17:08:14,731 [grpc-default-executor-3] INFO  server.GrpcLogAppender (GrpcLogAppender.java:onCompleted(293)) - a1b912d9-a6d8-4f6c-b1f4-fdc5e71a64d4@group-AF1A230D53D4->741be72a-0e65-423d-848a-4c129baf2ff1-AppendLogResponseHandler: follower responses appendEntries COMPLETED
2019-09-26 17:08:14,731 [ForkJoinPool.commonPool-worker-0] INFO  impl.RaftServerImpl (ServerState.java:close(385)) - 9437d1e8-4abf-4f6e-893c-510a5e378f48@group-57BFCC75E169: closes. applyIndex: 0
2019-09-26 17:08:14,732 [grpc-default-executor-3] INFO  impl.FollowerInfo (FollowerInfo.java:lambda$new$0(51)) - a1b912d9-a6d8-4f6c-b1f4-fdc5e71a64d4@group-AF1A230D53D4->741be72a-0e65-423d-848a-4c129baf2ff1: nextIndex: updateUnconditionally 1 -> 0
2019-09-26 17:08:14,731 [main] INFO  impl.RaftServerImpl (ServerState.java:close(385)) - a1b912d9-a6d8-4f6c-b1f4-fdc5e71a64d4@group-AF1A230D53D4: closes. applyIndex: 0
2019-09-26 17:08:14,732 [9437d1e8-4abf-4f6e-893c-510a5e378f48@group-57BFCC75E169-SegmentedRaftLogWorker] INFO  segmented.SegmentedRaftLogWorker (SegmentedRaftLogWorker.java:run(313)) - 9437d1e8-4abf-4f6e-893c-510a5e378f48@group-57BFCC75E169-SegmentedRaftLogWorker was interrupted, exiting. There are 0 tasks remaining in the queue.
2019-09-26 17:08:14,732 [a1b912d9-a6d8-4f6c-b1f4-fdc5e71a64d4@group-AF1A230D53D4-SegmentedRaftLogWorker] INFO  segmented.SegmentedRaftLogWorker (SegmentedRaftLogWorker.java:run(313)) - a1b912d9-a6d8-4f6c-b1f4-fdc5e71a64d4@group-AF1A230D53D4-SegmentedRaftLogWorker was interrupted, exiting. There are 0 tasks remaining in the queue.
2019-09-26 17:08:14,737 [ForkJoinPool.commonPool-worker-0] INFO  segmented.SegmentedRaftLogWorker (SegmentedRaftLogWorker.java:close(228)) - 9437d1e8-4abf-4f6e-893c-510a5e378f48@group-57BFCC75E169-SegmentedRaftLogWorker close()
2019-09-26 17:08:14,737 [main] INFO  segmented.SegmentedRaftLogWorker (SegmentedRaftLogWorker.java:close(228)) - a1b912d9-a6d8-4f6c-b1f4-fdc5e71a64d4@group-AF1A230D53D4-SegmentedRaftLogWorker close()
2019-09-26 17:08:14,739 [ForkJoinPool.commonPool-worker-0] INFO  impl.RaftServerImpl (RaftServerImpl.java:lambda$shutdown$3(251)) - 9437d1e8-4abf-4f6e-893c-510a5e378f48@group-41349C40DB6F: shutdown
2019-09-26 17:08:14,741 [main] INFO  impl.RaftServerImpl (RaftServerImpl.java:lambda$shutdown$3(251)) - a1b912d9-a6d8-4f6c-b1f4-fdc5e71a64d4@group-7D4F1C940FEA: shutdown
2019-09-26 17:08:14,741 [ForkJoinPool.commonPool-worker-0] INFO  util.JmxRegister (JmxRegister.java:unregister(73)) - Successfully un-registered JMX Bean with object name Ratis:service=RaftServer,group=group-41349C40DB6F,id=9437d1e8-4abf-4f6e-893c-510a5e378f48
2019-09-26 17:08:14,742 [main] INFO  util.JmxRegister (JmxRegister.java:unregister(73)) - Successfully un-registered JMX Bean with object name Ratis:service=RaftServer,group=group-7D4F1C940FEA,id=a1b912d9-a6d8-4f6c-b1f4-fdc5e71a64d4
2019-09-26 17:08:14,742 [ForkJoinPool.commonPool-worker-0] INFO  impl.RoleInfo (RoleInfo.java:shutdownFollowerState(121)) - 9437d1e8-4abf-4f6e-893c-510a5e378f48: shutdown FollowerState
2019-09-26 17:08:14,742 [main] INFO  impl.RoleInfo (RoleInfo.java:shutdownLeaderState(104)) - a1b912d9-a6d8-4f6c-b1f4-fdc5e71a64d4: shutdown LeaderState
2019-09-26 17:08:14,743 [Thread-3165] INFO  impl.FollowerState (FollowerState.java:run(115)) - 9437d1e8-4abf-4f6e-893c-510a5e378f48: FollowerState was interrupted: java.lang.InterruptedException: sleep interrupted
2019-09-26 17:08:14,743 [ForkJoinPool.commonPool-worker-0] INFO  impl.StateMachineUpdater (StateMachineUpdater.java:stopAndJoin(125)) - 9437d1e8-4abf-4f6e-893c-510a5e378f48@group-41349C40DB6F-StateMachineUpdater: set stopIndex = 2
2019-09-26 17:08:14,745 [ForkJoinPool.commonPool-worker-0] INFO  impl.RaftServerImpl (ServerState.java:close(385)) - 9437d1e8-4abf-4f6e-893c-510a5e378f48@group-41349C40DB6F: closes. applyIndex: 2
2019-09-26 17:08:14,743 [main] INFO  impl.PendingRequests (PendingRequests.java:sendNotLeaderResponses(202)) - a1b912d9-a6d8-4f6c-b1f4-fdc5e71a64d4-PendingRequests: sendNotLeaderResponses
2019-09-26 17:08:14,745 [9437d1e8-4abf-4f6e-893c-510a5e378f48@group-41349C40DB6F-SegmentedRaftLogWorker] INFO  segmented.SegmentedRaftLogWorker (SegmentedRaftLogWorker.java:run(313)) - 9437d1e8-4abf-4f6e-893c-510a5e378f48@group-41349C40DB6F-SegmentedRaftLogWorker was interrupted, exiting. There are 0 tasks remaining in the queue.
2019-09-26 17:08:14,747 [main] INFO  impl.StateMachineUpdater (StateMachineUpdater.java:stopAndJoin(125)) - a1b912d9-a6d8-4f6c-b1f4-fdc5e71a64d4@group-7D4F1C940FEA-StateMachineUpdater: set stopIndex = 0
2019-09-26 17:08:14,748 [main] INFO  impl.RaftServerImpl (ServerState.java:close(385)) - a1b912d9-a6d8-4f6c-b1f4-fdc5e71a64d4@group-7D4F1C940FEA: closes. applyIndex: 0
2019-09-26 17:08:14,747 [ForkJoinPool.commonPool-worker-0] INFO  segmented.SegmentedRaftLogWorker (SegmentedRaftLogWorker.java:close(228)) - 9437d1e8-4abf-4f6e-893c-510a5e378f48@group-41349C40DB6F-SegmentedRaftLogWorker close()
2019-09-26 17:08:14,748 [a1b912d9-a6d8-4f6c-b1f4-fdc5e71a64d4@group-7D4F1C940FEA-SegmentedRaftLogWorker] INFO  segmented.SegmentedRaftLogWorker (SegmentedRaftLogWorker.java:run(313)) - a1b912d9-a6d8-4f6c-b1f4-fdc5e71a64d4@group-7D4F1C940FEA-SegmentedRaftLogWorker was interrupted, exiting. There are 0 tasks remaining in the queue.
2019-09-26 17:08:14,752 [ForkJoinPool.commonPool-worker-0] INFO  server.GrpcService (GrpcService.java:closeImpl(164)) - 9437d1e8-4abf-4f6e-893c-510a5e378f48: shutdown server with port 39788 now
2019-09-26 17:08:14,752 [main] INFO  segmented.SegmentedRaftLogWorker (SegmentedRaftLogWorker.java:close(228)) - a1b912d9-a6d8-4f6c-b1f4-fdc5e71a64d4@group-7D4F1C940FEA-SegmentedRaftLogWorker close()
2019-09-26 17:08:14,754 [main] INFO  server.GrpcService (GrpcService.java:closeImpl(164)) - a1b912d9-a6d8-4f6c-b1f4-fdc5e71a64d4: shutdown server with port 33945 now
2019-09-26 17:08:14,754 [grpc-default-executor-5] WARN  server.GrpcServerProtocolService (LogUtils.java:warn(134)) - 9437d1e8-4abf-4f6e-893c-510a5e378f48: installSnapshot onError, lastRequest: 336cf6fc-6ba9-4546-827a-be5bd2181032->9437d1e8-4abf-4f6e-893c-510a5e378f48#7-t2, previous=(t:2, i:2), leaderCommit=2, initializing? false, entries: <empty>: org.apache.ratis.thirdparty.io.grpc.StatusRuntimeException: CANCELLED: cancelled before receiving half close
2019-09-26 17:08:14,754 [main] INFO  server.GrpcService (GrpcService.java:closeImpl(172)) - a1b912d9-a6d8-4f6c-b1f4-fdc5e71a64d4: shutdown server with port 33945 successfully
2019-09-26 17:08:14,755 [grpc-default-executor-3] WARN  server.GrpcLogAppender (LogUtils.java:warn(134)) - 336cf6fc-6ba9-4546-827a-be5bd2181032@group-41349C40DB6F->9437d1e8-4abf-4f6e-893c-510a5e378f48-AppendLogResponseHandler: Failed appendEntries: org.apache.ratis.thirdparty.io.grpc.StatusRuntimeException: CANCELLED: HTTP/2 error code: CANCEL
Received Rst Stream
2019-09-26 17:08:14,754 [ForkJoinPool.commonPool-worker-0] INFO  server.GrpcService (GrpcService.java:closeImpl(172)) - 9437d1e8-4abf-4f6e-893c-510a5e378f48: shutdown server with port 39788 successfully
2019-09-26 17:08:14,755 [grpc-default-executor-3] INFO  impl.FollowerInfo (FollowerInfo.java:lambda$new$0(51)) - 336cf6fc-6ba9-4546-827a-be5bd2181032@group-41349C40DB6F->9437d1e8-4abf-4f6e-893c-510a5e378f48: nextIndex: updateUnconditionally 3 -> 2
2019-09-26 17:08:14,760 [refreshUsed-/workdir/hadoop-ozone/integration-test/target/test-dir/MiniOzoneClusterImpl-079ddb4d-8ae3-4b1a-b1c9-b03dd4a7ea74/datanode-5/data/containers] WARN  fs.CachingGetSpaceUsed (CachingGetSpaceUsed.java:run(183)) - Thread Interrupted waiting to refresh disk information: sleep interrupted
2019-09-26 17:08:14,760 [refreshUsed-/workdir/hadoop-ozone/integration-test/target/test-dir/MiniOzoneClusterImpl-079ddb4d-8ae3-4b1a-b1c9-b03dd4a7ea74/datanode-2/data/containers] WARN  fs.CachingGetSpaceUsed (CachingGetSpaceUsed.java:run(183)) - Thread Interrupted waiting to refresh disk information: sleep interrupted
2019-09-26 17:08:14,776 [main] INFO  utils.BackgroundService (BackgroundService.java:shutdown(148)) - Shutting down service BlockDeletingService
2019-09-26 17:08:14,781 [main] INFO  statemachine.DatanodeStateMachine (DatanodeStateMachine.java:stopDaemon(395)) - Ozone container server stopped.
2019-09-26 17:08:14,781 [ForkJoinPool.commonPool-worker-0] INFO  utils.BackgroundService (BackgroundService.java:shutdown(148)) - Shutting down service BlockDeletingService
2019-09-26 17:08:14,785 [ForkJoinPool.commonPool-worker-0] INFO  statemachine.DatanodeStateMachine (DatanodeStateMachine.java:stopDaemon(395)) - Ozone container server stopped.
2019-09-26 17:08:14,785 [main] INFO  handler.ContextHandler (ContextHandler.java:doStop(910)) - Stopped o.e.j.w.WebAppContext@60e3c26e{/,null,UNAVAILABLE}{/hddsDatanode}
2019-09-26 17:08:14,788 [main] INFO  server.AbstractConnector (AbstractConnector.java:doStop(318)) - Stopped ServerConnector@80b122b{HTTP/1.1,[http/1.1]}{0.0.0.0:0}
2019-09-26 17:08:14,789 [ForkJoinPool.commonPool-worker-0] INFO  handler.ContextHandler (ContextHandler.java:doStop(910)) - Stopped o.e.j.w.WebAppContext@3d20e575{/,null,UNAVAILABLE}{/hddsDatanode}
2019-09-26 17:08:14,789 [main] INFO  handler.ContextHandler (ContextHandler.java:doStop(910)) - Stopped o.e.j.s.ServletContextHandler@158ae284{/static,jar:file:/home/user/.m2/repository/org/apache/hadoop/hadoop-hdds-container-service/0.5.0-SNAPSHOT/hadoop-hdds-container-service-0.5.0-SNAPSHOT.jar!/webapps/static,UNAVAILABLE}
2019-09-26 17:08:14,790 [ForkJoinPool.commonPool-worker-0] INFO  server.AbstractConnector (AbstractConnector.java:doStop(318)) - Stopped ServerConnector@3252747e{HTTP/1.1,[http/1.1]}{0.0.0.0:0}
2019-09-26 17:08:14,790 [main] INFO  handler.ContextHandler (ContextHandler.java:doStop(910)) - Stopped o.e.j.s.ServletContextHandler@d48e998{/logs,file:///workdir/hadoop-ozone/integration-test/target/log,UNAVAILABLE}
2019-09-26 17:08:14,795 [ForkJoinPool.commonPool-worker-0] INFO  handler.ContextHandler (ContextHandler.java:doStop(910)) - Stopped o.e.j.s.ServletContextHandler@21b6c9c2{/static,jar:file:/home/user/.m2/repository/org/apache/hadoop/hadoop-hdds-container-service/0.5.0-SNAPSHOT/hadoop-hdds-container-service-0.5.0-SNAPSHOT.jar!/webapps/static,UNAVAILABLE}
2019-09-26 17:08:14,796 [ForkJoinPool.commonPool-worker-0] INFO  handler.ContextHandler (ContextHandler.java:doStop(910)) - Stopped o.e.j.s.ServletContextHandler@753fd7a1{/logs,file:///workdir/hadoop-ozone/integration-test/target/log,UNAVAILABLE}
2019-09-26 17:08:14,922 [grpc-default-executor-3] WARN  server.GrpcLogAppender (LogUtils.java:warn(134)) - 336cf6fc-6ba9-4546-827a-be5bd2181032@group-41349C40DB6F->4322fe90-093b-40fd-a35e-ec1d1a2a11ce-AppendLogResponseHandler: Failed appendEntries: org.apache.ratis.thirdparty.io.grpc.StatusRuntimeException: UNAVAILABLE: io exception
2019-09-26 17:08:14,922 [grpc-default-executor-3] INFO  impl.FollowerInfo (FollowerInfo.java:lambda$new$0(51)) - 336cf6fc-6ba9-4546-827a-be5bd2181032@group-41349C40DB6F->4322fe90-093b-40fd-a35e-ec1d1a2a11ce: nextIndex: updateUnconditionally 0 -> 0
2019-09-26 17:08:14,925 [grpc-default-executor-4] WARN  server.GrpcLogAppender (LogUtils.java:warn(134)) - 336cf6fc-6ba9-4546-827a-be5bd2181032@group-41349C40DB6F->9437d1e8-4abf-4f6e-893c-510a5e378f48-AppendLogResponseHandler: Failed appendEntries: org.apache.ratis.thirdparty.io.grpc.StatusRuntimeException: UNAVAILABLE: io exception
2019-09-26 17:08:14,925 [grpc-default-executor-4] INFO  impl.FollowerInfo (FollowerInfo.java:lambda$new$0(51)) - 336cf6fc-6ba9-4546-827a-be5bd2181032@group-41349C40DB6F->9437d1e8-4abf-4f6e-893c-510a5e378f48: nextIndex: updateUnconditionally 2 -> 1
2019-09-26 17:08:14,972 [Datanode State Machine Thread - 0] INFO  statemachine.DatanodeStateMachine (DatanodeStateMachine.java:lambda$startDaemon$0(350)) - Ozone container server started.
2019-09-26 17:08:15,252 [Datanode State Machine Thread - 0] INFO  statemachine.DatanodeStateMachine (DatanodeStateMachine.java:lambda$startDaemon$0(350)) - Ozone container server started.
2019-09-26 17:08:15,423 [grpc-default-executor-4] WARN  server.GrpcLogAppender (LogUtils.java:warn(134)) - 336cf6fc-6ba9-4546-827a-be5bd2181032@group-41349C40DB6F->4322fe90-093b-40fd-a35e-ec1d1a2a11ce-AppendLogResponseHandler: Failed appendEntries: org.apache.ratis.thirdparty.io.grpc.StatusRuntimeException: UNAVAILABLE: io exception
2019-09-26 17:08:15,424 [grpc-default-executor-4] INFO  impl.FollowerInfo (FollowerInfo.java:lambda$new$0(51)) - 336cf6fc-6ba9-4546-827a-be5bd2181032@group-41349C40DB6F->4322fe90-093b-40fd-a35e-ec1d1a2a11ce: nextIndex: updateUnconditionally 0 -> 0
2019-09-26 17:08:15,426 [grpc-default-executor-5] WARN  server.GrpcLogAppender (LogUtils.java:warn(134)) - 336cf6fc-6ba9-4546-827a-be5bd2181032@group-41349C40DB6F->9437d1e8-4abf-4f6e-893c-510a5e378f48-AppendLogResponseHandler: Failed appendEntries: org.apache.ratis.thirdparty.io.grpc.StatusRuntimeException: UNAVAILABLE: io exception
2019-09-26 17:08:15,426 [grpc-default-executor-5] INFO  impl.FollowerInfo (FollowerInfo.java:lambda$new$0(51)) - 336cf6fc-6ba9-4546-827a-be5bd2181032@group-41349C40DB6F->9437d1e8-4abf-4f6e-893c-510a5e378f48: nextIndex: updateUnconditionally 1 -> 0
2019-09-26 17:08:15,924 [grpc-default-executor-5] WARN  server.GrpcLogAppender (LogUtils.java:warn(134)) - 336cf6fc-6ba9-4546-827a-be5bd2181032@group-41349C40DB6F->4322fe90-093b-40fd-a35e-ec1d1a2a11ce-AppendLogResponseHandler: Failed appendEntries: org.apache.ratis.thirdparty.io.grpc.StatusRuntimeException: UNAVAILABLE: io exception
2019-09-26 17:08:15,925 [grpc-default-executor-5] INFO  impl.FollowerInfo (FollowerInfo.java:lambda$new$0(51)) - 336cf6fc-6ba9-4546-827a-be5bd2181032@group-41349C40DB6F->4322fe90-093b-40fd-a35e-ec1d1a2a11ce: nextIndex: updateUnconditionally 0 -> 0
2019-09-26 17:08:15,926 [grpc-default-executor-3] WARN  server.GrpcLogAppender (LogUtils.java:warn(134)) - 336cf6fc-6ba9-4546-827a-be5bd2181032@group-41349C40DB6F->9437d1e8-4abf-4f6e-893c-510a5e378f48-AppendLogResponseHandler: Failed appendEntries: org.apache.ratis.thirdparty.io.grpc.StatusRuntimeException: UNAVAILABLE: io exception
2019-09-26 17:08:15,927 [grpc-default-executor-3] INFO  impl.FollowerInfo (FollowerInfo.java:lambda$new$0(51)) - 336cf6fc-6ba9-4546-827a-be5bd2181032@group-41349C40DB6F->9437d1e8-4abf-4f6e-893c-510a5e378f48: nextIndex: updateUnconditionally 0 -> 0
2019-09-26 17:08:16,424 [grpc-default-executor-3] WARN  server.GrpcLogAppender (LogUtils.java:warn(134)) - 336cf6fc-6ba9-4546-827a-be5bd2181032@group-41349C40DB6F->4322fe90-093b-40fd-a35e-ec1d1a2a11ce-AppendLogResponseHandler: Failed appendEntries: org.apache.ratis.thirdparty.io.grpc.StatusRuntimeException: UNAVAILABLE: io exception
2019-09-26 17:08:16,424 [grpc-default-executor-3] INFO  impl.FollowerInfo (FollowerInfo.java:lambda$new$0(51)) - 336cf6fc-6ba9-4546-827a-be5bd2181032@group-41349C40DB6F->4322fe90-093b-40fd-a35e-ec1d1a2a11ce: nextIndex: updateUnconditionally 0 -> 0
2019-09-26 17:08:16,427 [grpc-default-executor-5] WARN  server.GrpcLogAppender (LogUtils.java:warn(134)) - 336cf6fc-6ba9-4546-827a-be5bd2181032@group-41349C40DB6F->9437d1e8-4abf-4f6e-893c-510a5e378f48-AppendLogResponseHandler: Failed appendEntries: org.apache.ratis.thirdparty.io.grpc.StatusRuntimeException: UNAVAILABLE: io exception
2019-09-26 17:08:16,427 [grpc-default-executor-5] INFO  impl.FollowerInfo (FollowerInfo.java:lambda$new$0(51)) - 336cf6fc-6ba9-4546-827a-be5bd2181032@group-41349C40DB6F->9437d1e8-4abf-4f6e-893c-510a5e378f48: nextIndex: updateUnconditionally 0 -> 0
2019-09-26 17:08:16,611 [Thread-2231] INFO  impl.FollowerState (FollowerState.java:run(106)) - 741be72a-0e65-423d-848a-4c129baf2ff1:group-AF1A230D53D4 changes to CANDIDATE, lastRpcTime:1981, electionTimeout:1099ms
2019-09-26 17:08:16,612 [Thread-2231] INFO  impl.RoleInfo (RoleInfo.java:shutdownFollowerState(121)) - 741be72a-0e65-423d-848a-4c129baf2ff1: shutdown FollowerState
2019-09-26 17:08:16,612 [Thread-2231] INFO  impl.RaftServerImpl (RaftServerImpl.java:setRole(174)) - 741be72a-0e65-423d-848a-4c129baf2ff1@group-AF1A230D53D4: changes role from  FOLLOWER to CANDIDATE at term 3 for changeToCandidate
2019-09-26 17:08:16,612 [Thread-2231] INFO  impl.RoleInfo (RoleInfo.java:updateAndGet(143)) - 741be72a-0e65-423d-848a-4c129baf2ff1: start LeaderElection
2019-09-26 17:08:16,613 [741be72a-0e65-423d-848a-4c129baf2ff1@group-AF1A230D53D4:LeaderElection38] INFO  impl.RaftServerImpl (ServerState.java:setLeader(253)) - 741be72a-0e65-423d-848a-4c129baf2ff1@group-AF1A230D53D4: change Leader from a1b912d9-a6d8-4f6c-b1f4-fdc5e71a64d4 to null at term 3 for initElection
2019-09-26 17:08:16,628 [741be72a-0e65-423d-848a-4c129baf2ff1@group-AF1A230D53D4:LeaderElection38] INFO  impl.LeaderElection (LeaderElection.java:askForVotes(182)) - 741be72a-0e65-423d-848a-4c129baf2ff1@group-AF1A230D53D4:LeaderElection38: begin an election at term 4 for 0: [a1b912d9-a6d8-4f6c-b1f4-fdc5e71a64d4:192.168.157.234:33945, 741be72a-0e65-423d-848a-4c129baf2ff1:192.168.157.234:34297, 921e6853-d044-4bfd-83e1-656547ff7c58:192.168.157.234:38444], old=null
2019-09-26 17:08:16,631 [741be72a-0e65-423d-848a-4c129baf2ff1@group-AF1A230D53D4:LeaderElection38] INFO  impl.LeaderElection (LogUtils.java:infoOrTrace(149)) - 741be72a-0e65-423d-848a-4c129baf2ff1@group-AF1A230D53D4:LeaderElection38 got exception when requesting votes: {}
java.util.concurrent.ExecutionException: org.apache.ratis.thirdparty.io.grpc.StatusRuntimeException: UNAVAILABLE: io exception
	at java.util.concurrent.FutureTask.report(FutureTask.java:122)
	at java.util.concurrent.FutureTask.get(FutureTask.java:192)
	at org.apache.ratis.server.impl.LeaderElection.waitForResults(LeaderElection.java:263)
	at org.apache.ratis.server.impl.LeaderElection.askForVotes(LeaderElection.java:201)
	at org.apache.ratis.server.impl.LeaderElection.run(LeaderElection.java:133)
	at java.lang.Thread.run(Thread.java:748)
Caused by: org.apache.ratis.thirdparty.io.grpc.StatusRuntimeException: UNAVAILABLE: io exception
	at org.apache.ratis.thirdparty.io.grpc.stub.ClientCalls.toStatusRuntimeException(ClientCalls.java:233)
	at org.apache.ratis.thirdparty.io.grpc.stub.ClientCalls.getUnchecked(ClientCalls.java:214)
	at org.apache.ratis.thirdparty.io.grpc.stub.ClientCalls.blockingUnaryCall(ClientCalls.java:139)
	at org.apache.ratis.proto.grpc.RaftServerProtocolServiceGrpc$RaftServerProtocolServiceBlockingStub.requestVote(RaftServerProtocolServiceGrpc.java:265)
	at org.apache.ratis.grpc.server.GrpcServerProtocolClient.requestVote(GrpcServerProtocolClient.java:90)
	at org.apache.ratis.grpc.server.GrpcService.requestVote(GrpcService.java:204)
	at org.apache.ratis.server.impl.LeaderElection.lambda$submitRequests$1(LeaderElection.java:238)
	at java.util.concurrent.FutureTask.run(FutureTask.java:266)
	at java.util.concurrent.Executors$RunnableAdapter.call(Executors.java:511)
	at java.util.concurrent.FutureTask.run(FutureTask.java:266)
	at java.util.concurrent.ThreadPoolExecutor.runWorker(ThreadPoolExecutor.java:1149)
	at java.util.concurrent.ThreadPoolExecutor$Worker.run(ThreadPoolExecutor.java:624)
	... 1 more
Caused by: org.apache.ratis.thirdparty.io.netty.channel.AbstractChannel$AnnotatedConnectException: Connection refused: /192.168.157.234:33945
	at sun.nio.ch.SocketChannelImpl.checkConnect(Native Method)
	at sun.nio.ch.SocketChannelImpl.finishConnect(SocketChannelImpl.java:717)
	at org.apache.ratis.thirdparty.io.netty.channel.socket.nio.NioSocketChannel.doFinishConnect(NioSocketChannel.java:327)
	at org.apache.ratis.thirdparty.io.netty.channel.nio.AbstractNioChannel$AbstractNioUnsafe.finishConnect(AbstractNioChannel.java:340)
	at org.apache.ratis.thirdparty.io.netty.channel.nio.NioEventLoop.processSelectedKey(NioEventLoop.java:632)
	at org.apache.ratis.thirdparty.io.netty.channel.nio.NioEventLoop.processSelectedKeysOptimized(NioEventLoop.java:579)
	at org.apache.ratis.thirdparty.io.netty.channel.nio.NioEventLoop.processSelectedKeys(NioEventLoop.java:496)
	at org.apache.ratis.thirdparty.io.netty.channel.nio.NioEventLoop.run(NioEventLoop.java:458)
	at org.apache.ratis.thirdparty.io.netty.util.concurrent.SingleThreadEventExecutor$5.run(SingleThreadEventExecutor.java:897)
	at org.apache.ratis.thirdparty.io.netty.util.concurrent.FastThreadLocalRunnable.run(FastThreadLocalRunnable.java:30)
	... 1 more
Caused by: java.net.ConnectException: Connection refused
	... 11 more
2019-09-26 17:08:16,634 [741be72a-0e65-423d-848a-4c129baf2ff1@group-AF1A230D53D4:LeaderElection38] INFO  impl.LeaderElection (LogUtils.java:infoOrTrace(149)) - 741be72a-0e65-423d-848a-4c129baf2ff1@group-AF1A230D53D4:LeaderElection38 got exception when requesting votes: {}
java.util.concurrent.ExecutionException: org.apache.ratis.thirdparty.io.grpc.StatusRuntimeException: UNAVAILABLE: io exception
	at java.util.concurrent.FutureTask.report(FutureTask.java:122)
	at java.util.concurrent.FutureTask.get(FutureTask.java:192)
	at org.apache.ratis.server.impl.LeaderElection.waitForResults(LeaderElection.java:263)
	at org.apache.ratis.server.impl.LeaderElection.askForVotes(LeaderElection.java:201)
	at org.apache.ratis.server.impl.LeaderElection.run(LeaderElection.java:133)
	at java.lang.Thread.run(Thread.java:748)
Caused by: org.apache.ratis.thirdparty.io.grpc.StatusRuntimeException: UNAVAILABLE: io exception
	at org.apache.ratis.thirdparty.io.grpc.stub.ClientCalls.toStatusRuntimeException(ClientCalls.java:233)
	at org.apache.ratis.thirdparty.io.grpc.stub.ClientCalls.getUnchecked(ClientCalls.java:214)
	at org.apache.ratis.thirdparty.io.grpc.stub.ClientCalls.blockingUnaryCall(ClientCalls.java:139)
	at org.apache.ratis.proto.grpc.RaftServerProtocolServiceGrpc$RaftServerProtocolServiceBlockingStub.requestVote(RaftServerProtocolServiceGrpc.java:265)
	at org.apache.ratis.grpc.server.GrpcServerProtocolClient.requestVote(GrpcServerProtocolClient.java:90)
	at org.apache.ratis.grpc.server.GrpcService.requestVote(GrpcService.java:204)
	at org.apache.ratis.server.impl.LeaderElection.lambda$submitRequests$1(LeaderElection.java:238)
	at java.util.concurrent.FutureTask.run(FutureTask.java:266)
	at java.util.concurrent.Executors$RunnableAdapter.call(Executors.java:511)
	at java.util.concurrent.FutureTask.run(FutureTask.java:266)
	at java.util.concurrent.ThreadPoolExecutor.runWorker(ThreadPoolExecutor.java:1149)
	at java.util.concurrent.ThreadPoolExecutor$Worker.run(ThreadPoolExecutor.java:624)
	... 1 more
Caused by: org.apache.ratis.thirdparty.io.netty.channel.AbstractChannel$AnnotatedConnectException: Connection refused: /192.168.157.234:38444
	at sun.nio.ch.SocketChannelImpl.checkConnect(Native Method)
	at sun.nio.ch.SocketChannelImpl.finishConnect(SocketChannelImpl.java:717)
	at org.apache.ratis.thirdparty.io.netty.channel.socket.nio.NioSocketChannel.doFinishConnect(NioSocketChannel.java:327)
	at org.apache.ratis.thirdparty.io.netty.channel.nio.AbstractNioChannel$AbstractNioUnsafe.finishConnect(AbstractNioChannel.java:340)
	at org.apache.ratis.thirdparty.io.netty.channel.nio.NioEventLoop.processSelectedKey(NioEventLoop.java:632)
	at org.apache.ratis.thirdparty.io.netty.channel.nio.NioEventLoop.processSelectedKeysOptimized(NioEventLoop.java:579)
	at org.apache.ratis.thirdparty.io.netty.channel.nio.NioEventLoop.processSelectedKeys(NioEventLoop.java:496)
	at org.apache.ratis.thirdparty.io.netty.channel.nio.NioEventLoop.run(NioEventLoop.java:458)
	at org.apache.ratis.thirdparty.io.netty.util.concurrent.SingleThreadEventExecutor$5.run(SingleThreadEventExecutor.java:897)
	at org.apache.ratis.thirdparty.io.netty.util.concurrent.FastThreadLocalRunnable.run(FastThreadLocalRunnable.java:30)
	... 1 more
Caused by: java.net.ConnectException: Connection refused
	... 11 more
2019-09-26 17:08:16,637 [741be72a-0e65-423d-848a-4c129baf2ff1@group-AF1A230D53D4:LeaderElection38] INFO  impl.LeaderElection (LeaderElection.java:logAndReturn(56)) - 741be72a-0e65-423d-848a-4c129baf2ff1@group-AF1A230D53D4:LeaderElection38: Election REJECTED; received 0 response(s) [] and 2 exception(s); 741be72a-0e65-423d-848a-4c129baf2ff1@group-AF1A230D53D4:t4, leader=null, voted=741be72a-0e65-423d-848a-4c129baf2ff1, raftlog=741be72a-0e65-423d-848a-4c129baf2ff1@group-AF1A230D53D4-SegmentedRaftLog:OPENED:c0,f0,i0, conf=0: [a1b912d9-a6d8-4f6c-b1f4-fdc5e71a64d4:192.168.157.234:33945, 741be72a-0e65-423d-848a-4c129baf2ff1:192.168.157.234:34297, 921e6853-d044-4bfd-83e1-656547ff7c58:192.168.157.234:38444], old=null
2019-09-26 17:08:16,637 [741be72a-0e65-423d-848a-4c129baf2ff1@group-AF1A230D53D4:LeaderElection38] INFO  impl.LeaderElection (LogUtils.java:infoOrTrace(149)) -   Exception 0: {}
java.util.concurrent.ExecutionException: org.apache.ratis.thirdparty.io.grpc.StatusRuntimeException: UNAVAILABLE: io exception
	at java.util.concurrent.FutureTask.report(FutureTask.java:122)
	at java.util.concurrent.FutureTask.get(FutureTask.java:192)
	at org.apache.ratis.server.impl.LeaderElection.waitForResults(LeaderElection.java:263)
	at org.apache.ratis.server.impl.LeaderElection.askForVotes(LeaderElection.java:201)
	at org.apache.ratis.server.impl.LeaderElection.run(LeaderElection.java:133)
	at java.lang.Thread.run(Thread.java:748)
Caused by: org.apache.ratis.thirdparty.io.grpc.StatusRuntimeException: UNAVAILABLE: io exception
	at org.apache.ratis.thirdparty.io.grpc.stub.ClientCalls.toStatusRuntimeException(ClientCalls.java:233)
	at org.apache.ratis.thirdparty.io.grpc.stub.ClientCalls.getUnchecked(ClientCalls.java:214)
	at org.apache.ratis.thirdparty.io.grpc.stub.ClientCalls.blockingUnaryCall(ClientCalls.java:139)
	at org.apache.ratis.proto.grpc.RaftServerProtocolServiceGrpc$RaftServerProtocolServiceBlockingStub.requestVote(RaftServerProtocolServiceGrpc.java:265)
	at org.apache.ratis.grpc.server.GrpcServerProtocolClient.requestVote(GrpcServerProtocolClient.java:90)
	at org.apache.ratis.grpc.server.GrpcService.requestVote(GrpcService.java:204)
	at org.apache.ratis.server.impl.LeaderElection.lambda$submitRequests$1(LeaderElection.java:238)
	at java.util.concurrent.FutureTask.run(FutureTask.java:266)
	at java.util.concurrent.Executors$RunnableAdapter.call(Executors.java:511)
	at java.util.concurrent.FutureTask.run(FutureTask.java:266)
	at java.util.concurrent.ThreadPoolExecutor.runWorker(ThreadPoolExecutor.java:1149)
	at java.util.concurrent.ThreadPoolExecutor$Worker.run(ThreadPoolExecutor.java:624)
	... 1 more
Caused by: org.apache.ratis.thirdparty.io.netty.channel.AbstractChannel$AnnotatedConnectException: Connection refused: /192.168.157.234:33945
	at sun.nio.ch.SocketChannelImpl.checkConnect(Native Method)
	at sun.nio.ch.SocketChannelImpl.finishConnect(SocketChannelImpl.java:717)
	at org.apache.ratis.thirdparty.io.netty.channel.socket.nio.NioSocketChannel.doFinishConnect(NioSocketChannel.java:327)
	at org.apache.ratis.thirdparty.io.netty.channel.nio.AbstractNioChannel$AbstractNioUnsafe.finishConnect(AbstractNioChannel.java:340)
	at org.apache.ratis.thirdparty.io.netty.channel.nio.NioEventLoop.processSelectedKey(NioEventLoop.java:632)
	at org.apache.ratis.thirdparty.io.netty.channel.nio.NioEventLoop.processSelectedKeysOptimized(NioEventLoop.java:579)
	at org.apache.ratis.thirdparty.io.netty.channel.nio.NioEventLoop.processSelectedKeys(NioEventLoop.java:496)
	at org.apache.ratis.thirdparty.io.netty.channel.nio.NioEventLoop.run(NioEventLoop.java:458)
	at org.apache.ratis.thirdparty.io.netty.util.concurrent.SingleThreadEventExecutor$5.run(SingleThreadEventExecutor.java:897)
	at org.apache.ratis.thirdparty.io.netty.util.concurrent.FastThreadLocalRunnable.run(FastThreadLocalRunnable.java:30)
	... 1 more
Caused by: java.net.ConnectException: Connection refused
	... 11 more
2019-09-26 17:08:16,637 [741be72a-0e65-423d-848a-4c129baf2ff1@group-AF1A230D53D4:LeaderElection38] INFO  impl.LeaderElection (LogUtils.java:infoOrTrace(149)) -   Exception 1: {}
java.util.concurrent.ExecutionException: org.apache.ratis.thirdparty.io.grpc.StatusRuntimeException: UNAVAILABLE: io exception
	at java.util.concurrent.FutureTask.report(FutureTask.java:122)
	at java.util.concurrent.FutureTask.get(FutureTask.java:192)
	at org.apache.ratis.server.impl.LeaderElection.waitForResults(LeaderElection.java:263)
	at org.apache.ratis.server.impl.LeaderElection.askForVotes(LeaderElection.java:201)
	at org.apache.ratis.server.impl.LeaderElection.run(LeaderElection.java:133)
	at java.lang.Thread.run(Thread.java:748)
Caused by: org.apache.ratis.thirdparty.io.grpc.StatusRuntimeException: UNAVAILABLE: io exception
	at org.apache.ratis.thirdparty.io.grpc.stub.ClientCalls.toStatusRuntimeException(ClientCalls.java:233)
	at org.apache.ratis.thirdparty.io.grpc.stub.ClientCalls.getUnchecked(ClientCalls.java:214)
	at org.apache.ratis.thirdparty.io.grpc.stub.ClientCalls.blockingUnaryCall(ClientCalls.java:139)
	at org.apache.ratis.proto.grpc.RaftServerProtocolServiceGrpc$RaftServerProtocolServiceBlockingStub.requestVote(RaftServerProtocolServiceGrpc.java:265)
	at org.apache.ratis.grpc.server.GrpcServerProtocolClient.requestVote(GrpcServerProtocolClient.java:90)
	at org.apache.ratis.grpc.server.GrpcService.requestVote(GrpcService.java:204)
	at org.apache.ratis.server.impl.LeaderElection.lambda$submitRequests$1(LeaderElection.java:238)
	at java.util.concurrent.FutureTask.run(FutureTask.java:266)
	at java.util.concurrent.Executors$RunnableAdapter.call(Executors.java:511)
	at java.util.concurrent.FutureTask.run(FutureTask.java:266)
	at java.util.concurrent.ThreadPoolExecutor.runWorker(ThreadPoolExecutor.java:1149)
	at java.util.concurrent.ThreadPoolExecutor$Worker.run(ThreadPoolExecutor.java:624)
	... 1 more
Caused by: org.apache.ratis.thirdparty.io.netty.channel.AbstractChannel$AnnotatedConnectException: Connection refused: /192.168.157.234:38444
	at sun.nio.ch.SocketChannelImpl.checkConnect(Native Method)
	at sun.nio.ch.SocketChannelImpl.finishConnect(SocketChannelImpl.java:717)
	at org.apache.ratis.thirdparty.io.netty.channel.socket.nio.NioSocketChannel.doFinishConnect(NioSocketChannel.java:327)
	at org.apache.ratis.thirdparty.io.netty.channel.nio.AbstractNioChannel$AbstractNioUnsafe.finishConnect(AbstractNioChannel.java:340)
	at org.apache.ratis.thirdparty.io.netty.channel.nio.NioEventLoop.processSelectedKey(NioEventLoop.java:632)
	at org.apache.ratis.thirdparty.io.netty.channel.nio.NioEventLoop.processSelectedKeysOptimized(NioEventLoop.java:579)
	at org.apache.ratis.thirdparty.io.netty.channel.nio.NioEventLoop.processSelectedKeys(NioEventLoop.java:496)
	at org.apache.ratis.thirdparty.io.netty.channel.nio.NioEventLoop.run(NioEventLoop.java:458)
	at org.apache.ratis.thirdparty.io.netty.util.concurrent.SingleThreadEventExecutor$5.run(SingleThreadEventExecutor.java:897)
	at org.apache.ratis.thirdparty.io.netty.util.concurrent.FastThreadLocalRunnable.run(FastThreadLocalRunnable.java:30)
	... 1 more
Caused by: java.net.ConnectException: Connection refused
	... 11 more
2019-09-26 17:08:16,638 [741be72a-0e65-423d-848a-4c129baf2ff1@group-AF1A230D53D4:LeaderElection38] INFO  impl.RaftServerImpl (RaftServerImpl.java:setRole(174)) - 741be72a-0e65-423d-848a-4c129baf2ff1@group-AF1A230D53D4: changes role from CANDIDATE to FOLLOWER at term 4 for DISCOVERED_A_NEW_TERM
2019-09-26 17:08:16,638 [741be72a-0e65-423d-848a-4c129baf2ff1@group-AF1A230D53D4:LeaderElection38] INFO  impl.RoleInfo (RoleInfo.java:shutdownLeaderElection(134)) - 741be72a-0e65-423d-848a-4c129baf2ff1: shutdown LeaderElection
2019-09-26 17:08:16,638 [741be72a-0e65-423d-848a-4c129baf2ff1@group-AF1A230D53D4:LeaderElection38] INFO  impl.RoleInfo (RoleInfo.java:updateAndGet(143)) - 741be72a-0e65-423d-848a-4c129baf2ff1: start FollowerState
2019-09-26 17:08:16,925 [grpc-default-executor-4] WARN  server.GrpcLogAppender (LogUtils.java:warn(134)) - 336cf6fc-6ba9-4546-827a-be5bd2181032@group-41349C40DB6F->4322fe90-093b-40fd-a35e-ec1d1a2a11ce-AppendLogResponseHandler: Failed appendEntries: org.apache.ratis.thirdparty.io.grpc.StatusRuntimeException: UNAVAILABLE: io exception
2019-09-26 17:08:16,926 [grpc-default-executor-4] INFO  impl.FollowerInfo (FollowerInfo.java:lambda$new$0(51)) - 336cf6fc-6ba9-4546-827a-be5bd2181032@group-41349C40DB6F->4322fe90-093b-40fd-a35e-ec1d1a2a11ce: nextIndex: updateUnconditionally 0 -> 0
2019-09-26 17:08:16,928 [grpc-default-executor-3] WARN  server.GrpcLogAppender (LogUtils.java:warn(134)) - 336cf6fc-6ba9-4546-827a-be5bd2181032@group-41349C40DB6F->9437d1e8-4abf-4f6e-893c-510a5e378f48-AppendLogResponseHandler: Failed appendEntries: org.apache.ratis.thirdparty.io.grpc.StatusRuntimeException: UNAVAILABLE: io exception
2019-09-26 17:08:16,929 [grpc-default-executor-3] INFO  impl.FollowerInfo (FollowerInfo.java:lambda$new$0(51)) - 336cf6fc-6ba9-4546-827a-be5bd2181032@group-41349C40DB6F->9437d1e8-4abf-4f6e-893c-510a5e378f48: nextIndex: updateUnconditionally 0 -> 0
2019-09-26 17:08:17,426 [grpc-default-executor-3] WARN  server.GrpcLogAppender (LogUtils.java:warn(134)) - 336cf6fc-6ba9-4546-827a-be5bd2181032@group-41349C40DB6F->4322fe90-093b-40fd-a35e-ec1d1a2a11ce-AppendLogResponseHandler: Failed appendEntries: org.apache.ratis.thirdparty.io.grpc.StatusRuntimeException: UNAVAILABLE: io exception
2019-09-26 17:08:17,427 [grpc-default-executor-3] INFO  impl.FollowerInfo (FollowerInfo.java:lambda$new$0(51)) - 336cf6fc-6ba9-4546-827a-be5bd2181032@group-41349C40DB6F->4322fe90-093b-40fd-a35e-ec1d1a2a11ce: nextIndex: updateUnconditionally 0 -> 0
2019-09-26 17:08:17,429 [grpc-default-executor-4] WARN  server.GrpcLogAppender (LogUtils.java:warn(134)) - 336cf6fc-6ba9-4546-827a-be5bd2181032@group-41349C40DB6F->9437d1e8-4abf-4f6e-893c-510a5e378f48-AppendLogResponseHandler: Failed appendEntries: org.apache.ratis.thirdparty.io.grpc.StatusRuntimeException: UNAVAILABLE: io exception
2019-09-26 17:08:17,429 [grpc-default-executor-4] INFO  impl.FollowerInfo (FollowerInfo.java:lambda$new$0(51)) - 336cf6fc-6ba9-4546-827a-be5bd2181032@group-41349C40DB6F->9437d1e8-4abf-4f6e-893c-510a5e378f48: nextIndex: updateUnconditionally 0 -> 0
2019-09-26 17:08:17,746 [Thread-3192] INFO  impl.FollowerState (FollowerState.java:run(106)) - 741be72a-0e65-423d-848a-4c129baf2ff1:group-AF1A230D53D4 changes to CANDIDATE, lastRpcTime:1107, electionTimeout:1107ms
2019-09-26 17:08:17,746 [Thread-3192] INFO  impl.RoleInfo (RoleInfo.java:shutdownFollowerState(121)) - 741be72a-0e65-423d-848a-4c129baf2ff1: shutdown FollowerState
2019-09-26 17:08:17,746 [Thread-3192] INFO  impl.RaftServerImpl (RaftServerImpl.java:setRole(174)) - 741be72a-0e65-423d-848a-4c129baf2ff1@group-AF1A230D53D4: changes role from  FOLLOWER to CANDIDATE at term 4 for changeToCandidate
2019-09-26 17:08:17,746 [Thread-3192] INFO  impl.RoleInfo (RoleInfo.java:updateAndGet(143)) - 741be72a-0e65-423d-848a-4c129baf2ff1: start LeaderElection
2019-09-26 17:08:17,772 [741be72a-0e65-423d-848a-4c129baf2ff1@group-AF1A230D53D4:LeaderElection39] INFO  impl.LeaderElection (LeaderElection.java:askForVotes(182)) - 741be72a-0e65-423d-848a-4c129baf2ff1@group-AF1A230D53D4:LeaderElection39: begin an election at term 5 for 0: [a1b912d9-a6d8-4f6c-b1f4-fdc5e71a64d4:192.168.157.234:33945, 741be72a-0e65-423d-848a-4c129baf2ff1:192.168.157.234:34297, 921e6853-d044-4bfd-83e1-656547ff7c58:192.168.157.234:38444], old=null
2019-09-26 17:08:17,775 [741be72a-0e65-423d-848a-4c129baf2ff1@group-AF1A230D53D4:LeaderElection39] INFO  impl.LeaderElection (LogUtils.java:infoOrTrace(149)) - 741be72a-0e65-423d-848a-4c129baf2ff1@group-AF1A230D53D4:LeaderElection39 got exception when requesting votes: {}
java.util.concurrent.ExecutionException: org.apache.ratis.thirdparty.io.grpc.StatusRuntimeException: UNAVAILABLE: io exception
	at java.util.concurrent.FutureTask.report(FutureTask.java:122)
	at java.util.concurrent.FutureTask.get(FutureTask.java:192)
	at org.apache.ratis.server.impl.LeaderElection.waitForResults(LeaderElection.java:263)
	at org.apache.ratis.server.impl.LeaderElection.askForVotes(LeaderElection.java:201)
	at org.apache.ratis.server.impl.LeaderElection.run(LeaderElection.java:133)
	at java.lang.Thread.run(Thread.java:748)
Caused by: org.apache.ratis.thirdparty.io.grpc.StatusRuntimeException: UNAVAILABLE: io exception
	at org.apache.ratis.thirdparty.io.grpc.stub.ClientCalls.toStatusRuntimeException(ClientCalls.java:233)
	at org.apache.ratis.thirdparty.io.grpc.stub.ClientCalls.getUnchecked(ClientCalls.java:214)
	at org.apache.ratis.thirdparty.io.grpc.stub.ClientCalls.blockingUnaryCall(ClientCalls.java:139)
	at org.apache.ratis.proto.grpc.RaftServerProtocolServiceGrpc$RaftServerProtocolServiceBlockingStub.requestVote(RaftServerProtocolServiceGrpc.java:265)
	at org.apache.ratis.grpc.server.GrpcServerProtocolClient.requestVote(GrpcServerProtocolClient.java:90)
	at org.apache.ratis.grpc.server.GrpcService.requestVote(GrpcService.java:204)
	at org.apache.ratis.server.impl.LeaderElection.lambda$submitRequests$1(LeaderElection.java:238)
	at java.util.concurrent.FutureTask.run(FutureTask.java:266)
	at java.util.concurrent.Executors$RunnableAdapter.call(Executors.java:511)
	at java.util.concurrent.FutureTask.run(FutureTask.java:266)
	at java.util.concurrent.ThreadPoolExecutor.runWorker(ThreadPoolExecutor.java:1149)
	at java.util.concurrent.ThreadPoolExecutor$Worker.run(ThreadPoolExecutor.java:624)
	... 1 more
Caused by: org.apache.ratis.thirdparty.io.netty.channel.AbstractChannel$AnnotatedConnectException: Connection refused: /192.168.157.234:33945
	at sun.nio.ch.SocketChannelImpl.checkConnect(Native Method)
	at sun.nio.ch.SocketChannelImpl.finishConnect(SocketChannelImpl.java:717)
	at org.apache.ratis.thirdparty.io.netty.channel.socket.nio.NioSocketChannel.doFinishConnect(NioSocketChannel.java:327)
	at org.apache.ratis.thirdparty.io.netty.channel.nio.AbstractNioChannel$AbstractNioUnsafe.finishConnect(AbstractNioChannel.java:340)
	at org.apache.ratis.thirdparty.io.netty.channel.nio.NioEventLoop.processSelectedKey(NioEventLoop.java:632)
	at org.apache.ratis.thirdparty.io.netty.channel.nio.NioEventLoop.processSelectedKeysOptimized(NioEventLoop.java:579)
	at org.apache.ratis.thirdparty.io.netty.channel.nio.NioEventLoop.processSelectedKeys(NioEventLoop.java:496)
	at org.apache.ratis.thirdparty.io.netty.channel.nio.NioEventLoop.run(NioEventLoop.java:458)
	at org.apache.ratis.thirdparty.io.netty.util.concurrent.SingleThreadEventExecutor$5.run(SingleThreadEventExecutor.java:897)
	at org.apache.ratis.thirdparty.io.netty.util.concurrent.FastThreadLocalRunnable.run(FastThreadLocalRunnable.java:30)
	... 1 more
Caused by: java.net.ConnectException: Connection refused
	... 11 more
2019-09-26 17:08:17,778 [741be72a-0e65-423d-848a-4c129baf2ff1@group-AF1A230D53D4:LeaderElection39] INFO  impl.LeaderElection (LogUtils.java:infoOrTrace(149)) - 741be72a-0e65-423d-848a-4c129baf2ff1@group-AF1A230D53D4:LeaderElection39 got exception when requesting votes: {}
java.util.concurrent.ExecutionException: org.apache.ratis.thirdparty.io.grpc.StatusRuntimeException: UNAVAILABLE: io exception
	at java.util.concurrent.FutureTask.report(FutureTask.java:122)
	at java.util.concurrent.FutureTask.get(FutureTask.java:192)
	at org.apache.ratis.server.impl.LeaderElection.waitForResults(LeaderElection.java:263)
	at org.apache.ratis.server.impl.LeaderElection.askForVotes(LeaderElection.java:201)
	at org.apache.ratis.server.impl.LeaderElection.run(LeaderElection.java:133)
	at java.lang.Thread.run(Thread.java:748)
Caused by: org.apache.ratis.thirdparty.io.grpc.StatusRuntimeException: UNAVAILABLE: io exception
	at org.apache.ratis.thirdparty.io.grpc.stub.ClientCalls.toStatusRuntimeException(ClientCalls.java:233)
	at org.apache.ratis.thirdparty.io.grpc.stub.ClientCalls.getUnchecked(ClientCalls.java:214)
	at org.apache.ratis.thirdparty.io.grpc.stub.ClientCalls.blockingUnaryCall(ClientCalls.java:139)
	at org.apache.ratis.proto.grpc.RaftServerProtocolServiceGrpc$RaftServerProtocolServiceBlockingStub.requestVote(RaftServerProtocolServiceGrpc.java:265)
	at org.apache.ratis.grpc.server.GrpcServerProtocolClient.requestVote(GrpcServerProtocolClient.java:90)
	at org.apache.ratis.grpc.server.GrpcService.requestVote(GrpcService.java:204)
	at org.apache.ratis.server.impl.LeaderElection.lambda$submitRequests$1(LeaderElection.java:238)
	at java.util.concurrent.FutureTask.run(FutureTask.java:266)
	at java.util.concurrent.Executors$RunnableAdapter.call(Executors.java:511)
	at java.util.concurrent.FutureTask.run(FutureTask.java:266)
	at java.util.concurrent.ThreadPoolExecutor.runWorker(ThreadPoolExecutor.java:1149)
	at java.util.concurrent.ThreadPoolExecutor$Worker.run(ThreadPoolExecutor.java:624)
	... 1 more
Caused by: org.apache.ratis.thirdparty.io.netty.channel.AbstractChannel$AnnotatedConnectException: Connection refused: /192.168.157.234:38444
	at sun.nio.ch.SocketChannelImpl.checkConnect(Native Method)
	at sun.nio.ch.SocketChannelImpl.finishConnect(SocketChannelImpl.java:717)
	at org.apache.ratis.thirdparty.io.netty.channel.socket.nio.NioSocketChannel.doFinishConnect(NioSocketChannel.java:327)
	at org.apache.ratis.thirdparty.io.netty.channel.nio.AbstractNioChannel$AbstractNioUnsafe.finishConnect(AbstractNioChannel.java:340)
	at org.apache.ratis.thirdparty.io.netty.channel.nio.NioEventLoop.processSelectedKey(NioEventLoop.java:632)
	at org.apache.ratis.thirdparty.io.netty.channel.nio.NioEventLoop.processSelectedKeysOptimized(NioEventLoop.java:579)
	at org.apache.ratis.thirdparty.io.netty.channel.nio.NioEventLoop.processSelectedKeys(NioEventLoop.java:496)
	at org.apache.ratis.thirdparty.io.netty.channel.nio.NioEventLoop.run(NioEventLoop.java:458)
	at org.apache.ratis.thirdparty.io.netty.util.concurrent.SingleThreadEventExecutor$5.run(SingleThreadEventExecutor.java:897)
	at org.apache.ratis.thirdparty.io.netty.util.concurrent.FastThreadLocalRunnable.run(FastThreadLocalRunnable.java:30)
	... 1 more
Caused by: java.net.ConnectException: Connection refused
	... 11 more
2019-09-26 17:08:17,780 [741be72a-0e65-423d-848a-4c129baf2ff1@group-AF1A230D53D4:LeaderElection39] INFO  impl.LeaderElection (LeaderElection.java:logAndReturn(56)) - 741be72a-0e65-423d-848a-4c129baf2ff1@group-AF1A230D53D4:LeaderElection39: Election REJECTED; received 0 response(s) [] and 2 exception(s); 741be72a-0e65-423d-848a-4c129baf2ff1@group-AF1A230D53D4:t5, leader=null, voted=741be72a-0e65-423d-848a-4c129baf2ff1, raftlog=741be72a-0e65-423d-848a-4c129baf2ff1@group-AF1A230D53D4-SegmentedRaftLog:OPENED:c0,f0,i0, conf=0: [a1b912d9-a6d8-4f6c-b1f4-fdc5e71a64d4:192.168.157.234:33945, 741be72a-0e65-423d-848a-4c129baf2ff1:192.168.157.234:34297, 921e6853-d044-4bfd-83e1-656547ff7c58:192.168.157.234:38444], old=null
2019-09-26 17:08:17,780 [741be72a-0e65-423d-848a-4c129baf2ff1@group-AF1A230D53D4:LeaderElection39] INFO  impl.LeaderElection (LogUtils.java:infoOrTrace(149)) -   Exception 0: {}
java.util.concurrent.ExecutionException: org.apache.ratis.thirdparty.io.grpc.StatusRuntimeException: UNAVAILABLE: io exception
	at java.util.concurrent.FutureTask.report(FutureTask.java:122)
	at java.util.concurrent.FutureTask.get(FutureTask.java:192)
	at org.apache.ratis.server.impl.LeaderElection.waitForResults(LeaderElection.java:263)
	at org.apache.ratis.server.impl.LeaderElection.askForVotes(LeaderElection.java:201)
	at org.apache.ratis.server.impl.LeaderElection.run(LeaderElection.java:133)
	at java.lang.Thread.run(Thread.java:748)
Caused by: org.apache.ratis.thirdparty.io.grpc.StatusRuntimeException: UNAVAILABLE: io exception
	at org.apache.ratis.thirdparty.io.grpc.stub.ClientCalls.toStatusRuntimeException(ClientCalls.java:233)
	at org.apache.ratis.thirdparty.io.grpc.stub.ClientCalls.getUnchecked(ClientCalls.java:214)
	at org.apache.ratis.thirdparty.io.grpc.stub.ClientCalls.blockingUnaryCall(ClientCalls.java:139)
	at org.apache.ratis.proto.grpc.RaftServerProtocolServiceGrpc$RaftServerProtocolServiceBlockingStub.requestVote(RaftServerProtocolServiceGrpc.java:265)
	at org.apache.ratis.grpc.server.GrpcServerProtocolClient.requestVote(GrpcServerProtocolClient.java:90)
	at org.apache.ratis.grpc.server.GrpcService.requestVote(GrpcService.java:204)
	at org.apache.ratis.server.impl.LeaderElection.lambda$submitRequests$1(LeaderElection.java:238)
	at java.util.concurrent.FutureTask.run(FutureTask.java:266)
	at java.util.concurrent.Executors$RunnableAdapter.call(Executors.java:511)
	at java.util.concurrent.FutureTask.run(FutureTask.java:266)
	at java.util.concurrent.ThreadPoolExecutor.runWorker(ThreadPoolExecutor.java:1149)
	at java.util.concurrent.ThreadPoolExecutor$Worker.run(ThreadPoolExecutor.java:624)
	... 1 more
Caused by: org.apache.ratis.thirdparty.io.netty.channel.AbstractChannel$AnnotatedConnectException: Connection refused: /192.168.157.234:33945
	at sun.nio.ch.SocketChannelImpl.checkConnect(Native Method)
	at sun.nio.ch.SocketChannelImpl.finishConnect(SocketChannelImpl.java:717)
	at org.apache.ratis.thirdparty.io.netty.channel.socket.nio.NioSocketChannel.doFinishConnect(NioSocketChannel.java:327)
	at org.apache.ratis.thirdparty.io.netty.channel.nio.AbstractNioChannel$AbstractNioUnsafe.finishConnect(AbstractNioChannel.java:340)
	at org.apache.ratis.thirdparty.io.netty.channel.nio.NioEventLoop.processSelectedKey(NioEventLoop.java:632)
	at org.apache.ratis.thirdparty.io.netty.channel.nio.NioEventLoop.processSelectedKeysOptimized(NioEventLoop.java:579)
	at org.apache.ratis.thirdparty.io.netty.channel.nio.NioEventLoop.processSelectedKeys(NioEventLoop.java:496)
	at org.apache.ratis.thirdparty.io.netty.channel.nio.NioEventLoop.run(NioEventLoop.java:458)
	at org.apache.ratis.thirdparty.io.netty.util.concurrent.SingleThreadEventExecutor$5.run(SingleThreadEventExecutor.java:897)
	at org.apache.ratis.thirdparty.io.netty.util.concurrent.FastThreadLocalRunnable.run(FastThreadLocalRunnable.java:30)
	... 1 more
Caused by: java.net.ConnectException: Connection refused
	... 11 more
2019-09-26 17:08:17,781 [741be72a-0e65-423d-848a-4c129baf2ff1@group-AF1A230D53D4:LeaderElection39] INFO  impl.LeaderElection (LogUtils.java:infoOrTrace(149)) -   Exception 1: {}
java.util.concurrent.ExecutionException: org.apache.ratis.thirdparty.io.grpc.StatusRuntimeException: UNAVAILABLE: io exception
	at java.util.concurrent.FutureTask.report(FutureTask.java:122)
	at java.util.concurrent.FutureTask.get(FutureTask.java:192)
	at org.apache.ratis.server.impl.LeaderElection.waitForResults(LeaderElection.java:263)
	at org.apache.ratis.server.impl.LeaderElection.askForVotes(LeaderElection.java:201)
	at org.apache.ratis.server.impl.LeaderElection.run(LeaderElection.java:133)
	at java.lang.Thread.run(Thread.java:748)
Caused by: org.apache.ratis.thirdparty.io.grpc.StatusRuntimeException: UNAVAILABLE: io exception
	at org.apache.ratis.thirdparty.io.grpc.stub.ClientCalls.toStatusRuntimeException(ClientCalls.java:233)
	at org.apache.ratis.thirdparty.io.grpc.stub.ClientCalls.getUnchecked(ClientCalls.java:214)
	at org.apache.ratis.thirdparty.io.grpc.stub.ClientCalls.blockingUnaryCall(ClientCalls.java:139)
	at org.apache.ratis.proto.grpc.RaftServerProtocolServiceGrpc$RaftServerProtocolServiceBlockingStub.requestVote(RaftServerProtocolServiceGrpc.java:265)
	at org.apache.ratis.grpc.server.GrpcServerProtocolClient.requestVote(GrpcServerProtocolClient.java:90)
	at org.apache.ratis.grpc.server.GrpcService.requestVote(GrpcService.java:204)
	at org.apache.ratis.server.impl.LeaderElection.lambda$submitRequests$1(LeaderElection.java:238)
	at java.util.concurrent.FutureTask.run(FutureTask.java:266)
	at java.util.concurrent.Executors$RunnableAdapter.call(Executors.java:511)
	at java.util.concurrent.FutureTask.run(FutureTask.java:266)
	at java.util.concurrent.ThreadPoolExecutor.runWorker(ThreadPoolExecutor.java:1149)
	at java.util.concurrent.ThreadPoolExecutor$Worker.run(ThreadPoolExecutor.java:624)
	... 1 more
Caused by: org.apache.ratis.thirdparty.io.netty.channel.AbstractChannel$AnnotatedConnectException: Connection refused: /192.168.157.234:38444
	at sun.nio.ch.SocketChannelImpl.checkConnect(Native Method)
	at sun.nio.ch.SocketChannelImpl.finishConnect(SocketChannelImpl.java:717)
	at org.apache.ratis.thirdparty.io.netty.channel.socket.nio.NioSocketChannel.doFinishConnect(NioSocketChannel.java:327)
	at org.apache.ratis.thirdparty.io.netty.channel.nio.AbstractNioChannel$AbstractNioUnsafe.finishConnect(AbstractNioChannel.java:340)
	at org.apache.ratis.thirdparty.io.netty.channel.nio.NioEventLoop.processSelectedKey(NioEventLoop.java:632)
	at org.apache.ratis.thirdparty.io.netty.channel.nio.NioEventLoop.processSelectedKeysOptimized(NioEventLoop.java:579)
	at org.apache.ratis.thirdparty.io.netty.channel.nio.NioEventLoop.processSelectedKeys(NioEventLoop.java:496)
	at org.apache.ratis.thirdparty.io.netty.channel.nio.NioEventLoop.run(NioEventLoop.java:458)
	at org.apache.ratis.thirdparty.io.netty.util.concurrent.SingleThreadEventExecutor$5.run(SingleThreadEventExecutor.java:897)
	at org.apache.ratis.thirdparty.io.netty.util.concurrent.FastThreadLocalRunnable.run(FastThreadLocalRunnable.java:30)
	... 1 more
Caused by: java.net.ConnectException: Connection refused
	... 11 more
2019-09-26 17:08:17,781 [741be72a-0e65-423d-848a-4c129baf2ff1@group-AF1A230D53D4:LeaderElection39] INFO  impl.RaftServerImpl (RaftServerImpl.java:setRole(174)) - 741be72a-0e65-423d-848a-4c129baf2ff1@group-AF1A230D53D4: changes role from CANDIDATE to FOLLOWER at term 5 for DISCOVERED_A_NEW_TERM
2019-09-26 17:08:17,782 [741be72a-0e65-423d-848a-4c129baf2ff1@group-AF1A230D53D4:LeaderElection39] INFO  impl.RoleInfo (RoleInfo.java:shutdownLeaderElection(134)) - 741be72a-0e65-423d-848a-4c129baf2ff1: shutdown LeaderElection
2019-09-26 17:08:17,782 [741be72a-0e65-423d-848a-4c129baf2ff1@group-AF1A230D53D4:LeaderElection39] INFO  impl.RoleInfo (RoleInfo.java:updateAndGet(143)) - 741be72a-0e65-423d-848a-4c129baf2ff1: start FollowerState
2019-09-26 17:08:17,928 [grpc-default-executor-4] WARN  server.GrpcLogAppender (LogUtils.java:warn(134)) - 336cf6fc-6ba9-4546-827a-be5bd2181032@group-41349C40DB6F->4322fe90-093b-40fd-a35e-ec1d1a2a11ce-AppendLogResponseHandler: Failed appendEntries: org.apache.ratis.thirdparty.io.grpc.StatusRuntimeException: UNAVAILABLE: io exception
2019-09-26 17:08:17,930 [grpc-default-executor-4] INFO  impl.FollowerInfo (FollowerInfo.java:lambda$new$0(51)) - 336cf6fc-6ba9-4546-827a-be5bd2181032@group-41349C40DB6F->4322fe90-093b-40fd-a35e-ec1d1a2a11ce: nextIndex: updateUnconditionally 0 -> 0
2019-09-26 17:08:17,931 [grpc-default-executor-3] WARN  server.GrpcLogAppender (LogUtils.java:warn(134)) - 336cf6fc-6ba9-4546-827a-be5bd2181032@group-41349C40DB6F->9437d1e8-4abf-4f6e-893c-510a5e378f48-AppendLogResponseHandler: Failed appendEntries: org.apache.ratis.thirdparty.io.grpc.StatusRuntimeException: UNAVAILABLE: io exception
2019-09-26 17:08:17,931 [grpc-default-executor-3] INFO  impl.FollowerInfo (FollowerInfo.java:lambda$new$0(51)) - 336cf6fc-6ba9-4546-827a-be5bd2181032@group-41349C40DB6F->9437d1e8-4abf-4f6e-893c-510a5e378f48: nextIndex: updateUnconditionally 0 -> 0
2019-09-26 17:08:18,428 [grpc-default-executor-3] WARN  server.GrpcLogAppender (LogUtils.java:warn(134)) - 336cf6fc-6ba9-4546-827a-be5bd2181032@group-41349C40DB6F->4322fe90-093b-40fd-a35e-ec1d1a2a11ce-AppendLogResponseHandler: Failed appendEntries: org.apache.ratis.thirdparty.io.grpc.StatusRuntimeException: UNAVAILABLE: io exception
2019-09-26 17:08:18,429 [grpc-default-executor-3] INFO  impl.FollowerInfo (FollowerInfo.java:lambda$new$0(51)) - 336cf6fc-6ba9-4546-827a-be5bd2181032@group-41349C40DB6F->4322fe90-093b-40fd-a35e-ec1d1a2a11ce: nextIndex: updateUnconditionally 0 -> 0
2019-09-26 17:08:18,431 [grpc-default-executor-5] WARN  server.GrpcLogAppender (LogUtils.java:warn(134)) - 336cf6fc-6ba9-4546-827a-be5bd2181032@group-41349C40DB6F->9437d1e8-4abf-4f6e-893c-510a5e378f48-AppendLogResponseHandler: Failed appendEntries: org.apache.ratis.thirdparty.io.grpc.StatusRuntimeException: UNAVAILABLE: io exception
2019-09-26 17:08:18,431 [grpc-default-executor-5] INFO  impl.FollowerInfo (FollowerInfo.java:lambda$new$0(51)) - 336cf6fc-6ba9-4546-827a-be5bd2181032@group-41349C40DB6F->9437d1e8-4abf-4f6e-893c-510a5e378f48: nextIndex: updateUnconditionally 0 -> 0
2019-09-26 17:08:18,859 [Thread-3196] INFO  impl.FollowerState (FollowerState.java:run(106)) - 741be72a-0e65-423d-848a-4c129baf2ff1:group-AF1A230D53D4 changes to CANDIDATE, lastRpcTime:1076, electionTimeout:1076ms
2019-09-26 17:08:18,859 [Thread-3196] INFO  impl.RoleInfo (RoleInfo.java:shutdownFollowerState(121)) - 741be72a-0e65-423d-848a-4c129baf2ff1: shutdown FollowerState
2019-09-26 17:08:18,859 [Thread-3196] INFO  impl.RaftServerImpl (RaftServerImpl.java:setRole(174)) - 741be72a-0e65-423d-848a-4c129baf2ff1@group-AF1A230D53D4: changes role from  FOLLOWER to CANDIDATE at term 5 for changeToCandidate
2019-09-26 17:08:18,860 [Thread-3196] INFO  impl.RoleInfo (RoleInfo.java:updateAndGet(143)) - 741be72a-0e65-423d-848a-4c129baf2ff1: start LeaderElection
2019-09-26 17:08:18,876 [741be72a-0e65-423d-848a-4c129baf2ff1@group-AF1A230D53D4:LeaderElection40] INFO  impl.LeaderElection (LeaderElection.java:askForVotes(182)) - 741be72a-0e65-423d-848a-4c129baf2ff1@group-AF1A230D53D4:LeaderElection40: begin an election at term 6 for 0: [a1b912d9-a6d8-4f6c-b1f4-fdc5e71a64d4:192.168.157.234:33945, 741be72a-0e65-423d-848a-4c129baf2ff1:192.168.157.234:34297, 921e6853-d044-4bfd-83e1-656547ff7c58:192.168.157.234:38444], old=null
2019-09-26 17:08:18,878 [741be72a-0e65-423d-848a-4c129baf2ff1@group-AF1A230D53D4:LeaderElection40] INFO  impl.LeaderElection (LogUtils.java:infoOrTrace(149)) - 741be72a-0e65-423d-848a-4c129baf2ff1@group-AF1A230D53D4:LeaderElection40 got exception when requesting votes: {}
java.util.concurrent.ExecutionException: org.apache.ratis.thirdparty.io.grpc.StatusRuntimeException: UNAVAILABLE: io exception
	at java.util.concurrent.FutureTask.report(FutureTask.java:122)
	at java.util.concurrent.FutureTask.get(FutureTask.java:192)
	at org.apache.ratis.server.impl.LeaderElection.waitForResults(LeaderElection.java:263)
	at org.apache.ratis.server.impl.LeaderElection.askForVotes(LeaderElection.java:201)
	at org.apache.ratis.server.impl.LeaderElection.run(LeaderElection.java:133)
	at java.lang.Thread.run(Thread.java:748)
Caused by: org.apache.ratis.thirdparty.io.grpc.StatusRuntimeException: UNAVAILABLE: io exception
	at org.apache.ratis.thirdparty.io.grpc.stub.ClientCalls.toStatusRuntimeException(ClientCalls.java:233)
	at org.apache.ratis.thirdparty.io.grpc.stub.ClientCalls.getUnchecked(ClientCalls.java:214)
	at org.apache.ratis.thirdparty.io.grpc.stub.ClientCalls.blockingUnaryCall(ClientCalls.java:139)
	at org.apache.ratis.proto.grpc.RaftServerProtocolServiceGrpc$RaftServerProtocolServiceBlockingStub.requestVote(RaftServerProtocolServiceGrpc.java:265)
	at org.apache.ratis.grpc.server.GrpcServerProtocolClient.requestVote(GrpcServerProtocolClient.java:90)
	at org.apache.ratis.grpc.server.GrpcService.requestVote(GrpcService.java:204)
	at org.apache.ratis.server.impl.LeaderElection.lambda$submitRequests$1(LeaderElection.java:238)
	at java.util.concurrent.FutureTask.run(FutureTask.java:266)
	at java.util.concurrent.Executors$RunnableAdapter.call(Executors.java:511)
	at java.util.concurrent.FutureTask.run(FutureTask.java:266)
	at java.util.concurrent.ThreadPoolExecutor.runWorker(ThreadPoolExecutor.java:1149)
	at java.util.concurrent.ThreadPoolExecutor$Worker.run(ThreadPoolExecutor.java:624)
	... 1 more
Caused by: org.apache.ratis.thirdparty.io.netty.channel.AbstractChannel$AnnotatedConnectException: Connection refused: /192.168.157.234:33945
	at sun.nio.ch.SocketChannelImpl.checkConnect(Native Method)
	at sun.nio.ch.SocketChannelImpl.finishConnect(SocketChannelImpl.java:717)
	at org.apache.ratis.thirdparty.io.netty.channel.socket.nio.NioSocketChannel.doFinishConnect(NioSocketChannel.java:327)
	at org.apache.ratis.thirdparty.io.netty.channel.nio.AbstractNioChannel$AbstractNioUnsafe.finishConnect(AbstractNioChannel.java:340)
	at org.apache.ratis.thirdparty.io.netty.channel.nio.NioEventLoop.processSelectedKey(NioEventLoop.java:632)
	at org.apache.ratis.thirdparty.io.netty.channel.nio.NioEventLoop.processSelectedKeysOptimized(NioEventLoop.java:579)
	at org.apache.ratis.thirdparty.io.netty.channel.nio.NioEventLoop.processSelectedKeys(NioEventLoop.java:496)
	at org.apache.ratis.thirdparty.io.netty.channel.nio.NioEventLoop.run(NioEventLoop.java:458)
	at org.apache.ratis.thirdparty.io.netty.util.concurrent.SingleThreadEventExecutor$5.run(SingleThreadEventExecutor.java:897)
	at org.apache.ratis.thirdparty.io.netty.util.concurrent.FastThreadLocalRunnable.run(FastThreadLocalRunnable.java:30)
	... 1 more
Caused by: java.net.ConnectException: Connection refused
	... 11 more
2019-09-26 17:08:18,880 [741be72a-0e65-423d-848a-4c129baf2ff1@group-AF1A230D53D4:LeaderElection40] INFO  impl.LeaderElection (LogUtils.java:infoOrTrace(149)) - 741be72a-0e65-423d-848a-4c129baf2ff1@group-AF1A230D53D4:LeaderElection40 got exception when requesting votes: {}
java.util.concurrent.ExecutionException: org.apache.ratis.thirdparty.io.grpc.StatusRuntimeException: UNAVAILABLE: io exception
	at java.util.concurrent.FutureTask.report(FutureTask.java:122)
	at java.util.concurrent.FutureTask.get(FutureTask.java:192)
	at org.apache.ratis.server.impl.LeaderElection.waitForResults(LeaderElection.java:263)
	at org.apache.ratis.server.impl.LeaderElection.askForVotes(LeaderElection.java:201)
	at org.apache.ratis.server.impl.LeaderElection.run(LeaderElection.java:133)
	at java.lang.Thread.run(Thread.java:748)
Caused by: org.apache.ratis.thirdparty.io.grpc.StatusRuntimeException: UNAVAILABLE: io exception
	at org.apache.ratis.thirdparty.io.grpc.stub.ClientCalls.toStatusRuntimeException(ClientCalls.java:233)
	at org.apache.ratis.thirdparty.io.grpc.stub.ClientCalls.getUnchecked(ClientCalls.java:214)
	at org.apache.ratis.thirdparty.io.grpc.stub.ClientCalls.blockingUnaryCall(ClientCalls.java:139)
	at org.apache.ratis.proto.grpc.RaftServerProtocolServiceGrpc$RaftServerProtocolServiceBlockingStub.requestVote(RaftServerProtocolServiceGrpc.java:265)
	at org.apache.ratis.grpc.server.GrpcServerProtocolClient.requestVote(GrpcServerProtocolClient.java:90)
	at org.apache.ratis.grpc.server.GrpcService.requestVote(GrpcService.java:204)
	at org.apache.ratis.server.impl.LeaderElection.lambda$submitRequests$1(LeaderElection.java:238)
	at java.util.concurrent.FutureTask.run(FutureTask.java:266)
	at java.util.concurrent.Executors$RunnableAdapter.call(Executors.java:511)
	at java.util.concurrent.FutureTask.run(FutureTask.java:266)
	at java.util.concurrent.ThreadPoolExecutor.runWorker(ThreadPoolExecutor.java:1149)
	at java.util.concurrent.ThreadPoolExecutor$Worker.run(ThreadPoolExecutor.java:624)
	... 1 more
Caused by: org.apache.ratis.thirdparty.io.netty.channel.AbstractChannel$AnnotatedConnectException: Connection refused: /192.168.157.234:38444
	at sun.nio.ch.SocketChannelImpl.checkConnect(Native Method)
	at sun.nio.ch.SocketChannelImpl.finishConnect(SocketChannelImpl.java:717)
	at org.apache.ratis.thirdparty.io.netty.channel.socket.nio.NioSocketChannel.doFinishConnect(NioSocketChannel.java:327)
	at org.apache.ratis.thirdparty.io.netty.channel.nio.AbstractNioChannel$AbstractNioUnsafe.finishConnect(AbstractNioChannel.java:340)
	at org.apache.ratis.thirdparty.io.netty.channel.nio.NioEventLoop.processSelectedKey(NioEventLoop.java:632)
	at org.apache.ratis.thirdparty.io.netty.channel.nio.NioEventLoop.processSelectedKeysOptimized(NioEventLoop.java:579)
	at org.apache.ratis.thirdparty.io.netty.channel.nio.NioEventLoop.processSelectedKeys(NioEventLoop.java:496)
	at org.apache.ratis.thirdparty.io.netty.channel.nio.NioEventLoop.run(NioEventLoop.java:458)
	at org.apache.ratis.thirdparty.io.netty.util.concurrent.SingleThreadEventExecutor$5.run(SingleThreadEventExecutor.java:897)
	at org.apache.ratis.thirdparty.io.netty.util.concurrent.FastThreadLocalRunnable.run(FastThreadLocalRunnable.java:30)
	... 1 more
Caused by: java.net.ConnectException: Connection refused
	... 11 more
2019-09-26 17:08:18,882 [741be72a-0e65-423d-848a-4c129baf2ff1@group-AF1A230D53D4:LeaderElection40] INFO  impl.LeaderElection (LeaderElection.java:logAndReturn(56)) - 741be72a-0e65-423d-848a-4c129baf2ff1@group-AF1A230D53D4:LeaderElection40: Election REJECTED; received 0 response(s) [] and 2 exception(s); 741be72a-0e65-423d-848a-4c129baf2ff1@group-AF1A230D53D4:t6, leader=null, voted=741be72a-0e65-423d-848a-4c129baf2ff1, raftlog=741be72a-0e65-423d-848a-4c129baf2ff1@group-AF1A230D53D4-SegmentedRaftLog:OPENED:c0,f0,i0, conf=0: [a1b912d9-a6d8-4f6c-b1f4-fdc5e71a64d4:192.168.157.234:33945, 741be72a-0e65-423d-848a-4c129baf2ff1:192.168.157.234:34297, 921e6853-d044-4bfd-83e1-656547ff7c58:192.168.157.234:38444], old=null
2019-09-26 17:08:18,882 [741be72a-0e65-423d-848a-4c129baf2ff1@group-AF1A230D53D4:LeaderElection40] INFO  impl.LeaderElection (LogUtils.java:infoOrTrace(149)) -   Exception 0: {}
java.util.concurrent.ExecutionException: org.apache.ratis.thirdparty.io.grpc.StatusRuntimeException: UNAVAILABLE: io exception
	at java.util.concurrent.FutureTask.report(FutureTask.java:122)
	at java.util.concurrent.FutureTask.get(FutureTask.java:192)
	at org.apache.ratis.server.impl.LeaderElection.waitForResults(LeaderElection.java:263)
	at org.apache.ratis.server.impl.LeaderElection.askForVotes(LeaderElection.java:201)
	at org.apache.ratis.server.impl.LeaderElection.run(LeaderElection.java:133)
	at java.lang.Thread.run(Thread.java:748)
Caused by: org.apache.ratis.thirdparty.io.grpc.StatusRuntimeException: UNAVAILABLE: io exception
	at org.apache.ratis.thirdparty.io.grpc.stub.ClientCalls.toStatusRuntimeException(ClientCalls.java:233)
	at org.apache.ratis.thirdparty.io.grpc.stub.ClientCalls.getUnchecked(ClientCalls.java:214)
	at org.apache.ratis.thirdparty.io.grpc.stub.ClientCalls.blockingUnaryCall(ClientCalls.java:139)
	at org.apache.ratis.proto.grpc.RaftServerProtocolServiceGrpc$RaftServerProtocolServiceBlockingStub.requestVote(RaftServerProtocolServiceGrpc.java:265)
	at org.apache.ratis.grpc.server.GrpcServerProtocolClient.requestVote(GrpcServerProtocolClient.java:90)
	at org.apache.ratis.grpc.server.GrpcService.requestVote(GrpcService.java:204)
	at org.apache.ratis.server.impl.LeaderElection.lambda$submitRequests$1(LeaderElection.java:238)
	at java.util.concurrent.FutureTask.run(FutureTask.java:266)
	at java.util.concurrent.Executors$RunnableAdapter.call(Executors.java:511)
	at java.util.concurrent.FutureTask.run(FutureTask.java:266)
	at java.util.concurrent.ThreadPoolExecutor.runWorker(ThreadPoolExecutor.java:1149)
	at java.util.concurrent.ThreadPoolExecutor$Worker.run(ThreadPoolExecutor.java:624)
	... 1 more
Caused by: org.apache.ratis.thirdparty.io.netty.channel.AbstractChannel$AnnotatedConnectException: Connection refused: /192.168.157.234:33945
	at sun.nio.ch.SocketChannelImpl.checkConnect(Native Method)
	at sun.nio.ch.SocketChannelImpl.finishConnect(SocketChannelImpl.java:717)
	at org.apache.ratis.thirdparty.io.netty.channel.socket.nio.NioSocketChannel.doFinishConnect(NioSocketChannel.java:327)
	at org.apache.ratis.thirdparty.io.netty.channel.nio.AbstractNioChannel$AbstractNioUnsafe.finishConnect(AbstractNioChannel.java:340)
	at org.apache.ratis.thirdparty.io.netty.channel.nio.NioEventLoop.processSelectedKey(NioEventLoop.java:632)
	at org.apache.ratis.thirdparty.io.netty.channel.nio.NioEventLoop.processSelectedKeysOptimized(NioEventLoop.java:579)
	at org.apache.ratis.thirdparty.io.netty.channel.nio.NioEventLoop.processSelectedKeys(NioEventLoop.java:496)
	at org.apache.ratis.thirdparty.io.netty.channel.nio.NioEventLoop.run(NioEventLoop.java:458)
	at org.apache.ratis.thirdparty.io.netty.util.concurrent.SingleThreadEventExecutor$5.run(SingleThreadEventExecutor.java:897)
	at org.apache.ratis.thirdparty.io.netty.util.concurrent.FastThreadLocalRunnable.run(FastThreadLocalRunnable.java:30)
	... 1 more
Caused by: java.net.ConnectException: Connection refused
	... 11 more
2019-09-26 17:08:18,883 [741be72a-0e65-423d-848a-4c129baf2ff1@group-AF1A230D53D4:LeaderElection40] INFO  impl.LeaderElection (LogUtils.java:infoOrTrace(149)) -   Exception 1: {}
java.util.concurrent.ExecutionException: org.apache.ratis.thirdparty.io.grpc.StatusRuntimeException: UNAVAILABLE: io exception
	at java.util.concurrent.FutureTask.report(FutureTask.java:122)
	at java.util.concurrent.FutureTask.get(FutureTask.java:192)
	at org.apache.ratis.server.impl.LeaderElection.waitForResults(LeaderElection.java:263)
	at org.apache.ratis.server.impl.LeaderElection.askForVotes(LeaderElection.java:201)
	at org.apache.ratis.server.impl.LeaderElection.run(LeaderElection.java:133)
	at java.lang.Thread.run(Thread.java:748)
Caused by: org.apache.ratis.thirdparty.io.grpc.StatusRuntimeException: UNAVAILABLE: io exception
	at org.apache.ratis.thirdparty.io.grpc.stub.ClientCalls.toStatusRuntimeException(ClientCalls.java:233)
	at org.apache.ratis.thirdparty.io.grpc.stub.ClientCalls.getUnchecked(ClientCalls.java:214)
	at org.apache.ratis.thirdparty.io.grpc.stub.ClientCalls.blockingUnaryCall(ClientCalls.java:139)
	at org.apache.ratis.proto.grpc.RaftServerProtocolServiceGrpc$RaftServerProtocolServiceBlockingStub.requestVote(RaftServerProtocolServiceGrpc.java:265)
	at org.apache.ratis.grpc.server.GrpcServerProtocolClient.requestVote(GrpcServerProtocolClient.java:90)
	at org.apache.ratis.grpc.server.GrpcService.requestVote(GrpcService.java:204)
	at org.apache.ratis.server.impl.LeaderElection.lambda$submitRequests$1(LeaderElection.java:238)
	at java.util.concurrent.FutureTask.run(FutureTask.java:266)
	at java.util.concurrent.Executors$RunnableAdapter.call(Executors.java:511)
	at java.util.concurrent.FutureTask.run(FutureTask.java:266)
	at java.util.concurrent.ThreadPoolExecutor.runWorker(ThreadPoolExecutor.java:1149)
	at java.util.concurrent.ThreadPoolExecutor$Worker.run(ThreadPoolExecutor.java:624)
	... 1 more
Caused by: org.apache.ratis.thirdparty.io.netty.channel.AbstractChannel$AnnotatedConnectException: Connection refused: /192.168.157.234:38444
	at sun.nio.ch.SocketChannelImpl.checkConnect(Native Method)
	at sun.nio.ch.SocketChannelImpl.finishConnect(SocketChannelImpl.java:717)
	at org.apache.ratis.thirdparty.io.netty.channel.socket.nio.NioSocketChannel.doFinishConnect(NioSocketChannel.java:327)
	at org.apache.ratis.thirdparty.io.netty.channel.nio.AbstractNioChannel$AbstractNioUnsafe.finishConnect(AbstractNioChannel.java:340)
	at org.apache.ratis.thirdparty.io.netty.channel.nio.NioEventLoop.processSelectedKey(NioEventLoop.java:632)
	at org.apache.ratis.thirdparty.io.netty.channel.nio.NioEventLoop.processSelectedKeysOptimized(NioEventLoop.java:579)
	at org.apache.ratis.thirdparty.io.netty.channel.nio.NioEventLoop.processSelectedKeys(NioEventLoop.java:496)
	at org.apache.ratis.thirdparty.io.netty.channel.nio.NioEventLoop.run(NioEventLoop.java:458)
	at org.apache.ratis.thirdparty.io.netty.util.concurrent.SingleThreadEventExecutor$5.run(SingleThreadEventExecutor.java:897)
	at org.apache.ratis.thirdparty.io.netty.util.concurrent.FastThreadLocalRunnable.run(FastThreadLocalRunnable.java:30)
	... 1 more
Caused by: java.net.ConnectException: Connection refused
	... 11 more
2019-09-26 17:08:18,883 [741be72a-0e65-423d-848a-4c129baf2ff1@group-AF1A230D53D4:LeaderElection40] INFO  impl.RaftServerImpl (RaftServerImpl.java:setRole(174)) - 741be72a-0e65-423d-848a-4c129baf2ff1@group-AF1A230D53D4: changes role from CANDIDATE to FOLLOWER at term 6 for DISCOVERED_A_NEW_TERM
2019-09-26 17:08:18,883 [741be72a-0e65-423d-848a-4c129baf2ff1@group-AF1A230D53D4:LeaderElection40] INFO  impl.RoleInfo (RoleInfo.java:shutdownLeaderElection(134)) - 741be72a-0e65-423d-848a-4c129baf2ff1: shutdown LeaderElection
2019-09-26 17:08:18,884 [741be72a-0e65-423d-848a-4c129baf2ff1@group-AF1A230D53D4:LeaderElection40] INFO  impl.RoleInfo (RoleInfo.java:updateAndGet(143)) - 741be72a-0e65-423d-848a-4c129baf2ff1: start FollowerState
2019-09-26 17:08:18,930 [grpc-default-executor-5] WARN  server.GrpcLogAppender (LogUtils.java:warn(134)) - 336cf6fc-6ba9-4546-827a-be5bd2181032@group-41349C40DB6F->4322fe90-093b-40fd-a35e-ec1d1a2a11ce-AppendLogResponseHandler: Failed appendEntries: org.apache.ratis.thirdparty.io.grpc.StatusRuntimeException: UNAVAILABLE: io exception
2019-09-26 17:08:18,931 [grpc-default-executor-5] INFO  impl.FollowerInfo (FollowerInfo.java:lambda$new$0(51)) - 336cf6fc-6ba9-4546-827a-be5bd2181032@group-41349C40DB6F->4322fe90-093b-40fd-a35e-ec1d1a2a11ce: nextIndex: updateUnconditionally 0 -> 0
2019-09-26 17:08:18,933 [grpc-default-executor-3] WARN  server.GrpcLogAppender (LogUtils.java:warn(134)) - 336cf6fc-6ba9-4546-827a-be5bd2181032@group-41349C40DB6F->9437d1e8-4abf-4f6e-893c-510a5e378f48-AppendLogResponseHandler: Failed appendEntries: org.apache.ratis.thirdparty.io.grpc.StatusRuntimeException: UNAVAILABLE: io exception
2019-09-26 17:08:18,933 [grpc-default-executor-3] INFO  impl.FollowerInfo (FollowerInfo.java:lambda$new$0(51)) - 336cf6fc-6ba9-4546-827a-be5bd2181032@group-41349C40DB6F->9437d1e8-4abf-4f6e-893c-510a5e378f48: nextIndex: updateUnconditionally 0 -> 0
2019-09-26 17:08:19,430 [grpc-default-executor-5] WARN  server.GrpcLogAppender (LogUtils.java:warn(134)) - 336cf6fc-6ba9-4546-827a-be5bd2181032@group-41349C40DB6F->4322fe90-093b-40fd-a35e-ec1d1a2a11ce-AppendLogResponseHandler: Failed appendEntries: org.apache.ratis.thirdparty.io.grpc.StatusRuntimeException: UNAVAILABLE: io exception
2019-09-26 17:08:19,431 [grpc-default-executor-5] INFO  impl.FollowerInfo (FollowerInfo.java:lambda$new$0(51)) - 336cf6fc-6ba9-4546-827a-be5bd2181032@group-41349C40DB6F->4322fe90-093b-40fd-a35e-ec1d1a2a11ce: nextIndex: updateUnconditionally 0 -> 0
2019-09-26 17:08:19,433 [grpc-default-executor-3] WARN  server.GrpcLogAppender (LogUtils.java:warn(134)) - 336cf6fc-6ba9-4546-827a-be5bd2181032@group-41349C40DB6F->9437d1e8-4abf-4f6e-893c-510a5e378f48-AppendLogResponseHandler: Failed appendEntries: org.apache.ratis.thirdparty.io.grpc.StatusRuntimeException: UNAVAILABLE: io exception
2019-09-26 17:08:19,434 [grpc-default-executor-3] INFO  impl.FollowerInfo (FollowerInfo.java:lambda$new$0(51)) - 336cf6fc-6ba9-4546-827a-be5bd2181032@group-41349C40DB6F->9437d1e8-4abf-4f6e-893c-510a5e378f48: nextIndex: updateUnconditionally 0 -> 0
2019-09-26 17:08:19,798 [ForkJoinPool.commonPool-worker-0] INFO  ozoneimpl.OzoneContainer (OzoneContainer.java:stop(231)) - Attempting to stop container services.
2019-09-26 17:08:19,798 [main] INFO  ozoneimpl.OzoneContainer (OzoneContainer.java:stop(231)) - Attempting to stop container services.
2019-09-26 17:08:19,798 [ForkJoinPool.commonPool-worker-0] INFO  impl.RaftServerProxy (RaftServerProxy.java:lambda$close$4(314)) - 336cf6fc-6ba9-4546-827a-be5bd2181032: close
2019-09-26 17:08:19,799 [main] INFO  impl.RaftServerProxy (RaftServerProxy.java:lambda$close$4(314)) - 741be72a-0e65-423d-848a-4c129baf2ff1: close
2019-09-26 17:08:19,799 [ForkJoinPool.commonPool-worker-0] INFO  impl.RaftServerImpl (RaftServerImpl.java:lambda$shutdown$3(251)) - 336cf6fc-6ba9-4546-827a-be5bd2181032@group-88FDF81023E4: shutdown
2019-09-26 17:08:19,799 [main] INFO  impl.RaftServerImpl (RaftServerImpl.java:lambda$shutdown$3(251)) - 741be72a-0e65-423d-848a-4c129baf2ff1@group-AF1A230D53D4: shutdown
2019-09-26 17:08:19,799 [ForkJoinPool.commonPool-worker-0] INFO  util.JmxRegister (JmxRegister.java:unregister(73)) - Successfully un-registered JMX Bean with object name Ratis:service=RaftServer,group=group-88FDF81023E4,id=336cf6fc-6ba9-4546-827a-be5bd2181032
2019-09-26 17:08:19,800 [main] INFO  util.JmxRegister (JmxRegister.java:unregister(73)) - Successfully un-registered JMX Bean with object name Ratis:service=RaftServer,group=group-AF1A230D53D4,id=741be72a-0e65-423d-848a-4c129baf2ff1
2019-09-26 17:08:19,800 [ForkJoinPool.commonPool-worker-0] INFO  impl.RoleInfo (RoleInfo.java:shutdownLeaderState(104)) - 336cf6fc-6ba9-4546-827a-be5bd2181032: shutdown LeaderState
2019-09-26 17:08:19,800 [main] INFO  impl.RoleInfo (RoleInfo.java:shutdownFollowerState(121)) - 741be72a-0e65-423d-848a-4c129baf2ff1: shutdown FollowerState
2019-09-26 17:08:19,801 [ForkJoinPool.commonPool-worker-0] INFO  impl.PendingRequests (PendingRequests.java:sendNotLeaderResponses(202)) - 336cf6fc-6ba9-4546-827a-be5bd2181032-PendingRequests: sendNotLeaderResponses
2019-09-26 17:08:19,801 [Thread-3200] INFO  impl.FollowerState (FollowerState.java:run(115)) - 741be72a-0e65-423d-848a-4c129baf2ff1: FollowerState was interrupted: java.lang.InterruptedException: sleep interrupted
2019-09-26 17:08:19,801 [main] INFO  impl.StateMachineUpdater (StateMachineUpdater.java:stopAndJoin(125)) - 741be72a-0e65-423d-848a-4c129baf2ff1@group-AF1A230D53D4-StateMachineUpdater: set stopIndex = 0
2019-09-26 17:08:19,804 [main] INFO  impl.RaftServerImpl (ServerState.java:close(385)) - 741be72a-0e65-423d-848a-4c129baf2ff1@group-AF1A230D53D4: closes. applyIndex: 0
2019-09-26 17:08:19,803 [ForkJoinPool.commonPool-worker-0] INFO  impl.StateMachineUpdater (StateMachineUpdater.java:stopAndJoin(125)) - 336cf6fc-6ba9-4546-827a-be5bd2181032@group-88FDF81023E4-StateMachineUpdater: set stopIndex = 0
2019-09-26 17:08:19,804 [ForkJoinPool.commonPool-worker-0] INFO  impl.RaftServerImpl (ServerState.java:close(385)) - 336cf6fc-6ba9-4546-827a-be5bd2181032@group-88FDF81023E4: closes. applyIndex: 0
2019-09-26 17:08:19,804 [741be72a-0e65-423d-848a-4c129baf2ff1@group-AF1A230D53D4-SegmentedRaftLogWorker] INFO  segmented.SegmentedRaftLogWorker (SegmentedRaftLogWorker.java:run(313)) - 741be72a-0e65-423d-848a-4c129baf2ff1@group-AF1A230D53D4-SegmentedRaftLogWorker was interrupted, exiting. There are 0 tasks remaining in the queue.
2019-09-26 17:08:19,805 [336cf6fc-6ba9-4546-827a-be5bd2181032@group-88FDF81023E4-SegmentedRaftLogWorker] INFO  segmented.SegmentedRaftLogWorker (SegmentedRaftLogWorker.java:run(313)) - 336cf6fc-6ba9-4546-827a-be5bd2181032@group-88FDF81023E4-SegmentedRaftLogWorker was interrupted, exiting. There are 0 tasks remaining in the queue.
2019-09-26 17:08:19,807 [main] INFO  segmented.SegmentedRaftLogWorker (SegmentedRaftLogWorker.java:close(228)) - 741be72a-0e65-423d-848a-4c129baf2ff1@group-AF1A230D53D4-SegmentedRaftLogWorker close()
2019-09-26 17:08:19,807 [ForkJoinPool.commonPool-worker-0] INFO  segmented.SegmentedRaftLogWorker (SegmentedRaftLogWorker.java:close(228)) - 336cf6fc-6ba9-4546-827a-be5bd2181032@group-88FDF81023E4-SegmentedRaftLogWorker close()
2019-09-26 17:08:19,808 [main] INFO  impl.RaftServerImpl (RaftServerImpl.java:lambda$shutdown$3(251)) - 741be72a-0e65-423d-848a-4c129baf2ff1@group-5531F75D5E31: shutdown
2019-09-26 17:08:19,815 [ForkJoinPool.commonPool-worker-0] INFO  impl.RaftServerImpl (RaftServerImpl.java:lambda$shutdown$3(251)) - 336cf6fc-6ba9-4546-827a-be5bd2181032@group-41349C40DB6F: shutdown
2019-09-26 17:08:19,815 [main] INFO  util.JmxRegister (JmxRegister.java:unregister(73)) - Successfully un-registered JMX Bean with object name Ratis:service=RaftServer,group=group-5531F75D5E31,id=741be72a-0e65-423d-848a-4c129baf2ff1
2019-09-26 17:08:19,815 [ForkJoinPool.commonPool-worker-0] INFO  util.JmxRegister (JmxRegister.java:unregister(73)) - Successfully un-registered JMX Bean with object name Ratis:service=RaftServer,group=group-41349C40DB6F,id=336cf6fc-6ba9-4546-827a-be5bd2181032
2019-09-26 17:08:19,816 [main] INFO  impl.RoleInfo (RoleInfo.java:shutdownLeaderState(104)) - 741be72a-0e65-423d-848a-4c129baf2ff1: shutdown LeaderState
2019-09-26 17:08:19,816 [ForkJoinPool.commonPool-worker-0] INFO  impl.RoleInfo (RoleInfo.java:shutdownLeaderState(104)) - 336cf6fc-6ba9-4546-827a-be5bd2181032: shutdown LeaderState
2019-09-26 17:08:19,816 [main] INFO  impl.PendingRequests (PendingRequests.java:sendNotLeaderResponses(202)) - 741be72a-0e65-423d-848a-4c129baf2ff1-PendingRequests: sendNotLeaderResponses
2019-09-26 17:08:19,820 [org.apache.ratis.server.impl.LogAppender$AppenderDaemon$$Lambda$399/1884970949@c7a8d82] WARN  server.GrpcLogAppender (GrpcLogAppender.java:mayWait(143)) - 336cf6fc-6ba9-4546-827a-be5bd2181032@group-41349C40DB6F->9437d1e8-4abf-4f6e-893c-510a5e378f48-GrpcLogAppender: Wait interrupted by java.lang.InterruptedException
2019-09-26 17:08:19,820 [org.apache.ratis.server.impl.LogAppender$AppenderDaemon$$Lambda$399/1884970949@5e58f728] WARN  server.GrpcLogAppender (GrpcLogAppender.java:mayWait(143)) - 336cf6fc-6ba9-4546-827a-be5bd2181032@group-41349C40DB6F->4322fe90-093b-40fd-a35e-ec1d1a2a11ce-GrpcLogAppender: Wait interrupted by java.lang.InterruptedException
2019-09-26 17:08:19,820 [ForkJoinPool.commonPool-worker-0] INFO  impl.PendingRequests (PendingRequests.java:sendNotLeaderResponses(202)) - 336cf6fc-6ba9-4546-827a-be5bd2181032-PendingRequests: sendNotLeaderResponses
2019-09-26 17:08:19,820 [main] INFO  impl.StateMachineUpdater (StateMachineUpdater.java:stopAndJoin(125)) - 741be72a-0e65-423d-848a-4c129baf2ff1@group-5531F75D5E31-StateMachineUpdater: set stopIndex = 0
2019-09-26 17:08:19,823 [ForkJoinPool.commonPool-worker-0] INFO  impl.StateMachineUpdater (StateMachineUpdater.java:stopAndJoin(125)) - 336cf6fc-6ba9-4546-827a-be5bd2181032@group-41349C40DB6F-StateMachineUpdater: set stopIndex = 2
2019-09-26 17:08:19,824 [main] INFO  impl.RaftServerImpl (ServerState.java:close(385)) - 741be72a-0e65-423d-848a-4c129baf2ff1@group-5531F75D5E31: closes. applyIndex: 0
2019-09-26 17:08:19,824 [ForkJoinPool.commonPool-worker-0] INFO  impl.RaftServerImpl (ServerState.java:close(385)) - 336cf6fc-6ba9-4546-827a-be5bd2181032@group-41349C40DB6F: closes. applyIndex: 2
2019-09-26 17:08:19,824 [741be72a-0e65-423d-848a-4c129baf2ff1@group-5531F75D5E31-SegmentedRaftLogWorker] INFO  segmented.SegmentedRaftLogWorker (SegmentedRaftLogWorker.java:run(313)) - 741be72a-0e65-423d-848a-4c129baf2ff1@group-5531F75D5E31-SegmentedRaftLogWorker was interrupted, exiting. There are 0 tasks remaining in the queue.
2019-09-26 17:08:19,825 [336cf6fc-6ba9-4546-827a-be5bd2181032@group-41349C40DB6F-SegmentedRaftLogWorker] INFO  segmented.SegmentedRaftLogWorker (SegmentedRaftLogWorker.java:run(313)) - 336cf6fc-6ba9-4546-827a-be5bd2181032@group-41349C40DB6F-SegmentedRaftLogWorker was interrupted, exiting. There are 0 tasks remaining in the queue.
2019-09-26 17:08:19,825 [main] INFO  segmented.SegmentedRaftLogWorker (SegmentedRaftLogWorker.java:close(228)) - 741be72a-0e65-423d-848a-4c129baf2ff1@group-5531F75D5E31-SegmentedRaftLogWorker close()
2019-09-26 17:08:19,825 [ForkJoinPool.commonPool-worker-0] INFO  segmented.SegmentedRaftLogWorker (SegmentedRaftLogWorker.java:close(228)) - 336cf6fc-6ba9-4546-827a-be5bd2181032@group-41349C40DB6F-SegmentedRaftLogWorker close()
2019-09-26 17:08:19,825 [main] INFO  server.GrpcService (GrpcService.java:closeImpl(164)) - 741be72a-0e65-423d-848a-4c129baf2ff1: shutdown server with port 34297 now
2019-09-26 17:08:19,825 [ForkJoinPool.commonPool-worker-0] INFO  server.GrpcService (GrpcService.java:closeImpl(164)) - 336cf6fc-6ba9-4546-827a-be5bd2181032: shutdown server with port 38100 now
2019-09-26 17:08:19,826 [main] INFO  server.GrpcService (GrpcService.java:closeImpl(172)) - 741be72a-0e65-423d-848a-4c129baf2ff1: shutdown server with port 34297 successfully
2019-09-26 17:08:19,826 [ForkJoinPool.commonPool-worker-0] INFO  server.GrpcService (GrpcService.java:closeImpl(172)) - 336cf6fc-6ba9-4546-827a-be5bd2181032: shutdown server with port 38100 successfully
2019-09-26 17:08:19,828 [refreshUsed-/workdir/hadoop-ozone/integration-test/target/test-dir/MiniOzoneClusterImpl-079ddb4d-8ae3-4b1a-b1c9-b03dd4a7ea74/datanode-0/data/containers] WARN  fs.CachingGetSpaceUsed (CachingGetSpaceUsed.java:run(183)) - Thread Interrupted waiting to refresh disk information: sleep interrupted
2019-09-26 17:08:19,831 [refreshUsed-/workdir/hadoop-ozone/integration-test/target/test-dir/MiniOzoneClusterImpl-079ddb4d-8ae3-4b1a-b1c9-b03dd4a7ea74/datanode-4/data/containers] WARN  fs.CachingGetSpaceUsed (CachingGetSpaceUsed.java:run(183)) - Thread Interrupted waiting to refresh disk information: sleep interrupted
2019-09-26 17:08:19,847 [ForkJoinPool.commonPool-worker-0] INFO  utils.BackgroundService (BackgroundService.java:shutdown(148)) - Shutting down service BlockDeletingService
2019-09-26 17:08:19,849 [ForkJoinPool.commonPool-worker-0] INFO  statemachine.DatanodeStateMachine (DatanodeStateMachine.java:stopDaemon(395)) - Ozone container server stopped.
2019-09-26 17:08:19,851 [main] INFO  utils.BackgroundService (BackgroundService.java:shutdown(148)) - Shutting down service BlockDeletingService
2019-09-26 17:08:19,852 [ForkJoinPool.commonPool-worker-0] INFO  handler.ContextHandler (ContextHandler.java:doStop(910)) - Stopped o.e.j.w.WebAppContext@2acdcce8{/,null,UNAVAILABLE}{/hddsDatanode}
2019-09-26 17:08:19,854 [main] INFO  statemachine.DatanodeStateMachine (DatanodeStateMachine.java:stopDaemon(395)) - Ozone container server stopped.
2019-09-26 17:08:19,854 [ForkJoinPool.commonPool-worker-0] INFO  server.AbstractConnector (AbstractConnector.java:doStop(318)) - Stopped ServerConnector@7102ac3e{HTTP/1.1,[http/1.1]}{0.0.0.0:0}
2019-09-26 17:08:19,855 [ForkJoinPool.commonPool-worker-0] INFO  handler.ContextHandler (ContextHandler.java:doStop(910)) - Stopped o.e.j.s.ServletContextHandler@7c1447b5{/static,jar:file:/home/user/.m2/repository/org/apache/hadoop/hadoop-hdds-container-service/0.5.0-SNAPSHOT/hadoop-hdds-container-service-0.5.0-SNAPSHOT.jar!/webapps/static,UNAVAILABLE}
2019-09-26 17:08:19,855 [main] INFO  handler.ContextHandler (ContextHandler.java:doStop(910)) - Stopped o.e.j.w.WebAppContext@3ba3d4b6{/,null,UNAVAILABLE}{/hddsDatanode}
2019-09-26 17:08:19,855 [ForkJoinPool.commonPool-worker-0] INFO  handler.ContextHandler (ContextHandler.java:doStop(910)) - Stopped o.e.j.s.ServletContextHandler@73c3cd09{/logs,file:///workdir/hadoop-ozone/integration-test/target/log,UNAVAILABLE}
2019-09-26 17:08:19,856 [main] INFO  server.AbstractConnector (AbstractConnector.java:doStop(318)) - Stopped ServerConnector@51b77cdf{HTTP/1.1,[http/1.1]}{0.0.0.0:0}
2019-09-26 17:08:19,856 [main] INFO  handler.ContextHandler (ContextHandler.java:doStop(910)) - Stopped o.e.j.s.ServletContextHandler@62a68bcb{/static,jar:file:/home/user/.m2/repository/org/apache/hadoop/hadoop-hdds-container-service/0.5.0-SNAPSHOT/hadoop-hdds-container-service-0.5.0-SNAPSHOT.jar!/webapps/static,UNAVAILABLE}
2019-09-26 17:08:19,857 [main] INFO  handler.ContextHandler (ContextHandler.java:doStop(910)) - Stopped o.e.j.s.ServletContextHandler@3ff54f3d{/logs,file:///workdir/hadoop-ozone/integration-test/target/log,UNAVAILABLE}
2019-09-26 17:08:19,858 [main] INFO  ozone.MiniOzoneClusterImpl (MiniOzoneClusterImpl.java:stopSCM(392)) - Stopping the StorageContainerManager
2019-09-26 17:08:19,858 [main] INFO  server.StorageContainerManager (StorageContainerManager.java:stop(808)) - Stopping Replication Manager Service.
2019-09-26 17:08:19,858 [main] INFO  container.ReplicationManager (ReplicationManager.java:stop(203)) - Stopping Replication Monitor Thread.
2019-09-26 17:08:19,858 [main] INFO  server.StorageContainerManager (StorageContainerManager.java:stop(815)) - Stopping Lease Manager of the command watchers
2019-09-26 17:08:19,858 [main] INFO  server.StorageContainerManager (StorageContainerManager.java:stop(822)) - Stopping datanode service RPC server
2019-09-26 17:08:19,859 [main] INFO  server.SCMDatanodeProtocolServer (SCMDatanodeProtocolServer.java:stop(367)) - Stopping the RPC server for DataNodes
2019-09-26 17:08:19,859 [main] INFO  ipc.Server (Server.java:stop(3082)) - Stopping server on 45997
2019-09-26 17:08:19,860 [IPC Server listener on 45997] INFO  ipc.Server (Server.java:run(1185)) - Stopping IPC Server listener on 45997
2019-09-26 17:08:19,862 [IPC Server Responder] INFO  ipc.Server (Server.java:run(1319)) - Stopping IPC Server Responder
2019-09-26 17:08:19,960 [SCM Heartbeat Processing Thread - 0] WARN  node.NodeStateManager (NodeStateManager.java:scheduleNextHealthCheck(646)) - Current Thread is interrupted, shutting down HB processing thread for Node Manager.
2019-09-26 17:08:19,961 [main] INFO  server.StorageContainerManager (StorageContainerManager.java:stop(830)) - Stopping block service RPC server
2019-09-26 17:08:19,961 [main] INFO  server.SCMBlockProtocolServer (SCMBlockProtocolServer.java:stop(155)) - Stopping the RPC server for Block Protocol
2019-09-26 17:08:19,961 [main] INFO  ipc.Server (Server.java:stop(3082)) - Stopping server on 42168
2019-09-26 17:08:19,964 [IPC Server listener on 42168] INFO  ipc.Server (Server.java:run(1185)) - Stopping IPC Server listener on 42168
2019-09-26 17:08:19,964 [main] INFO  server.StorageContainerManager (StorageContainerManager.java:stop(837)) - Stopping the StorageContainerLocationProtocol RPC server
2019-09-26 17:08:19,966 [main] INFO  server.SCMClientProtocolServer (SCMClientProtocolServer.java:stop(159)) - Stopping the RPC server for Client Protocol
2019-09-26 17:08:19,966 [IPC Server Responder] INFO  ipc.Server (Server.java:run(1319)) - Stopping IPC Server Responder
2019-09-26 17:08:19,966 [main] INFO  ipc.Server (Server.java:stop(3082)) - Stopping server on 46158
2019-09-26 17:08:19,970 [IPC Server listener on 46158] INFO  ipc.Server (Server.java:run(1185)) - Stopping IPC Server listener on 46158
2019-09-26 17:08:19,970 [main] INFO  server.StorageContainerManager (StorageContainerManager.java:stop(844)) - Stopping Storage Container Manager HTTP server.
2019-09-26 17:08:19,970 [IPC Server Responder] INFO  ipc.Server (Server.java:run(1319)) - Stopping IPC Server Responder
2019-09-26 17:08:19,972 [main] INFO  handler.ContextHandler (ContextHandler.java:doStop(910)) - Stopped o.e.j.w.WebAppContext@2e7157c7{/,null,UNAVAILABLE}{/scm}
2019-09-26 17:08:19,973 [main] INFO  server.AbstractConnector (AbstractConnector.java:doStop(318)) - Stopped ServerConnector@2a43e0ac{HTTP/1.1,[http/1.1]}{0.0.0.0:0}
2019-09-26 17:08:19,973 [main] INFO  handler.ContextHandler (ContextHandler.java:doStop(910)) - Stopped o.e.j.s.ServletContextHandler@12ad1b2a{/static,file:///workdir/hadoop-ozone/integration-test/target/test-classes/webapps/static,UNAVAILABLE}
2019-09-26 17:08:19,974 [main] INFO  handler.ContextHandler (ContextHandler.java:doStop(910)) - Stopped o.e.j.s.ServletContextHandler@5f631ca0{/logs,file:///workdir/hadoop-ozone/integration-test/target/log,UNAVAILABLE}
2019-09-26 17:08:19,975 [main] INFO  server.StorageContainerManager (StorageContainerManager.java:stop(855)) - Stopping Block Manager Service.
2019-09-26 17:08:19,975 [main] INFO  utils.BackgroundService (BackgroundService.java:shutdown(148)) - Shutting down service SCMBlockDeletingService
2019-09-26 17:08:19,975 [main] INFO  utils.BackgroundService (BackgroundService.java:shutdown(148)) - Shutting down service SCMBlockDeletingService
2019-09-26 17:08:19,976 [main] INFO  server.StorageContainerManager (StorageContainerManager.java:stop(877)) - Stopping SCM Event Queue.
2019-09-26 17:08:19,981 [main] INFO  impl.MetricsSystemImpl (MetricsSystemImpl.java:stop(210)) - Stopping HddsDatanode metrics system...
2019-09-26 17:08:19,996 [main] INFO  impl.MetricsSystemImpl (MetricsSystemImpl.java:stop(216)) - HddsDatanode metrics system stopped.
]]></system-out>
    <system-err><![CDATA[Sep 26, 2019 5:08:09 PM org.apache.ratis.thirdparty.io.grpc.internal.SerializingExecutor run
SEVERE: Exception while executing runnable org.apache.ratis.thirdparty.io.grpc.internal.ServerImpl$JumpToApplicationThreadServerStreamListener$1Closed@49cc466b
org.apache.ratis.thirdparty.io.grpc.StatusRuntimeException: CANCELLED: call already cancelled
	at org.apache.ratis.thirdparty.io.grpc.Status.asRuntimeException(Status.java:517)
	at org.apache.ratis.thirdparty.io.grpc.stub.ServerCalls$ServerCallStreamObserverImpl.onCompleted(ServerCalls.java:356)
	at org.apache.ratis.grpc.server.GrpcServerProtocolService$ServerRequestStreamObserver.onError(GrpcServerProtocolService.java:121)
	at org.apache.ratis.thirdparty.io.grpc.stub.ServerCalls$StreamingServerCallHandler$StreamingServerCallListener.onCancel(ServerCalls.java:269)
	at org.apache.ratis.thirdparty.io.grpc.internal.ServerCallImpl$ServerStreamListenerImpl.closed(ServerCallImpl.java:293)
	at org.apache.ratis.thirdparty.io.grpc.internal.ServerImpl$JumpToApplicationThreadServerStreamListener$1Closed.runInContext(ServerImpl.java:741)
	at org.apache.ratis.thirdparty.io.grpc.internal.ContextRunnable.run(ContextRunnable.java:37)
	at org.apache.ratis.thirdparty.io.grpc.internal.SerializingExecutor.run(SerializingExecutor.java:123)
	at java.util.concurrent.ThreadPoolExecutor.runWorker(ThreadPoolExecutor.java:1149)
	at java.util.concurrent.ThreadPoolExecutor$Worker.run(ThreadPoolExecutor.java:624)
	at java.lang.Thread.run(Thread.java:748)

Sep 26, 2019 5:08:14 PM org.apache.ratis.thirdparty.io.grpc.internal.SerializingExecutor run
SEVERE: Exception while executing runnable org.apache.ratis.thirdparty.io.grpc.internal.ServerImpl$JumpToApplicationThreadServerStreamListener$1Closed@1b1d294e
org.apache.ratis.thirdparty.io.grpc.StatusRuntimeException: CANCELLED: call already cancelled
	at org.apache.ratis.thirdparty.io.grpc.Status.asRuntimeException(Status.java:517)
	at org.apache.ratis.thirdparty.io.grpc.stub.ServerCalls$ServerCallStreamObserverImpl.onCompleted(ServerCalls.java:356)
	at org.apache.ratis.grpc.server.GrpcServerProtocolService$ServerRequestStreamObserver.onError(GrpcServerProtocolService.java:121)
	at org.apache.ratis.thirdparty.io.grpc.stub.ServerCalls$StreamingServerCallHandler$StreamingServerCallListener.onCancel(ServerCalls.java:269)
	at org.apache.ratis.thirdparty.io.grpc.internal.ServerCallImpl$ServerStreamListenerImpl.closed(ServerCallImpl.java:293)
	at org.apache.ratis.thirdparty.io.grpc.internal.ServerImpl$JumpToApplicationThreadServerStreamListener$1Closed.runInContext(ServerImpl.java:741)
	at org.apache.ratis.thirdparty.io.grpc.internal.ContextRunnable.run(ContextRunnable.java:37)
	at org.apache.ratis.thirdparty.io.grpc.internal.SerializingExecutor.run(SerializingExecutor.java:123)
	at java.util.concurrent.ThreadPoolExecutor.runWorker(ThreadPoolExecutor.java:1149)
	at java.util.concurrent.ThreadPoolExecutor$Worker.run(ThreadPoolExecutor.java:624)
	at java.lang.Thread.run(Thread.java:748)

]]></system-err>
  </testcase>
</testsuite>